<?xml version="1.0" encoding="UTF-8"?>
<testsuites name="Сверка с ПБЭ" time="4495.159" tests="1" failures="1" errors="0">
   <testsuite name="Сверка с ПБЭ" tests="1" failures="1" errors="0" time="4495.159" skipped="0" timestamp="15-11-2024T08:20:02" hostname="liazgina-di - UVV-WS904-D.ot.ru" id="Test Suites/Пн-Ср-Пт/Сверка с ПБЭ">
      <properties>
         <property name="deviceName" value=""/>
         <property name="devicePlatform"/>
         <property name="logFolder" value="C:\\Users\\LIAZGINA-DI\\git\\SPORU\\Reports\\20241115_081957\\\u041F\u043D-\u0421\u0440-\u041F\u0442\\\u0421\u0432\u0435\u0440\u043A\u0430 \u0441 \u041F\u0411\u042D\\20241115_081957"/>
         <property name="logFiles" value="C:\\Users\\LIAZGINA-DI\\git\\SPORU\\Reports\\20241115_081957\\\u041F\u043D-\u0421\u0440-\u041F\u0442\\\u0421\u0432\u0435\u0440\u043A\u0430 \u0441 \u041F\u0411\u042D\\20241115_081957\\execution0.log, C:\\Users\\LIAZGINA-DI\\git\\SPORU\\Reports\\20241115_081957\\\u041F\u043D-\u0421\u0440-\u041F\u0442\\\u0421\u0432\u0435\u0440\u043A\u0430 \u0441 \u041F\u0411\u042D\\20241115_081957\\execution1.log"/>
         <property name="attachments" value=""/>
         <property name="hostName" value="liazgina-di - UVV-WS904-D.ot.ru"/>
         <property name="os" value="Windows 10 64bit"/>
         <property name="katalonVersion" value="9.5.0.217"/>
         <property name="browser" value="Chrome 131.0.0.0"/>
         <property name="hostAddress" value="192.168.0.19"/>
         <property name="sessionId" value="fcf3c932c97d888143fdd2cbc41a2e3d"/>
         <property name="seleniumVersion" value="3.141.59"/>
         <property name="proxyInformation" value="ProxyInformation { proxyOption=NO_PROXY, proxyServerType=HTTP, username=, password=********, proxyServerAddress=, proxyServerPort=0, executionList=&quot;&quot;, isApplyToDesiredCapabilities=true }"/>
         <property name="platform" value="Windows 10"/>
      </properties>
      <testcase name="Test Cases/Выполнение бизнес-плана/Выполнение бизнес-плана Сверка ПАО Россети все филиалы" time="4494.922" classname="Test Cases/Выполнение бизнес-плана/Выполнение бизнес-плана Сверка ПАО Россети все филиалы" status="FAILED">
         <failure type="FAILED" message="Test Cases/Выполнение бизнес-плана/Выполнение бизнес-плана Сверка ПАО Россети все филиалы FAILED.&#xa;Reason:&#xa;com.kms.katalon.core.exception.StepFailedException: Unable to verify equal between actual object '6' and expected object '0' (Root cause: com.kms.katalon.core.exception.StepFailedException: Actual object '6' and expected object '0' are not equal&#xa;	at com.kms.katalon.core.keyword.builtin.VerifyEqualKeyword$_verifyEqual_closure1.doCall(VerifyEqualKeyword.groovy:58)&#xa;	at com.kms.katalon.core.keyword.builtin.VerifyEqualKeyword$_verifyEqual_closure1.call(VerifyEqualKeyword.groovy)&#xa;	at com.kms.katalon.core.keyword.internal.KeywordMain.runKeyword(KeywordMain.groovy:75)&#xa;	at com.kms.katalon.core.keyword.builtin.VerifyEqualKeyword.verifyEqual(VerifyEqualKeyword.groovy:63)&#xa;	at com.kms.katalon.core.keyword.builtin.VerifyEqualKeyword.execute(VerifyEqualKeyword.groovy:44)&#xa;	at com.kms.katalon.core.keyword.internal.KeywordExecutor.executeKeywordForPlatform(KeywordExecutor.groovy:74)&#xa;	at com.kms.katalon.core.keyword.BuiltinKeywords.verifyEqual(BuiltinKeywords.groovy:146)&#xa;	at java.base/jdk.internal.reflect.NativeMethodAccessorImpl.invoke0(Native Method)&#xa;	at java.base/jdk.internal.reflect.NativeMethodAccessorImpl.invoke(NativeMethodAccessorImpl.java:77)&#xa;	at java.base/jdk.internal.reflect.DelegatingMethodAccessorImpl.invoke(DelegatingMethodAccessorImpl.java:43)&#xa;	at Выполнение бизнес-плана Сверка ПАО Россети все филиалы.Numbers(Выполнение бизнес-плана Сверка ПАО Россети все филиалы:740)&#xa;	at Выполнение бизнес-плана Сверка ПАО Россети все филиалы.run(Выполнение бизнес-плана Сверка ПАО Россети все филиалы:189)&#xa;	at com.kms.katalon.core.main.ScriptEngine.run(ScriptEngine.java:194)&#xa;	at com.kms.katalon.core.main.ScriptEngine.runScriptAsRawText(ScriptEngine.java:119)&#xa;	at com.kms.katalon.core.main.TestCaseExecutor.runScript(TestCaseExecutor.java:448)&#xa;	at com.kms.katalon.core.main.TestCaseExecutor.doExecute(TestCaseExecutor.java:439)&#xa;	at com.kms.katalon.core.main.TestCaseExecutor.processExecutionPhase(TestCaseExecutor.java:418)&#xa;	at com.kms.katalon.core.main.TestCaseExecutor.accessMainPhase(TestCaseExecutor.java:410)&#xa;	at com.kms.katalon.core.main.TestCaseExecutor.execute(TestCaseExecutor.java:285)&#xa;	at com.kms.katalon.core.common.CommonExecutor.accessTestCaseMainPhase(CommonExecutor.java:65)&#xa;	at com.kms.katalon.core.main.TestSuiteExecutor.accessTestSuiteMainPhase(TestSuiteExecutor.java:150)&#xa;	at com.kms.katalon.core.main.TestSuiteExecutor.execute(TestSuiteExecutor.java:106)&#xa;	at com.kms.katalon.core.main.TestCaseMain.startTestSuite(TestCaseMain.java:180)&#xa;	at TempTestSuite1731647997681.run(TempTestSuite1731647997681.groovy:35)&#xa;	at java.base/jdk.internal.reflect.NativeMethodAccessorImpl.invoke0(Native Method)&#xa;	at java.base/jdk.internal.reflect.NativeMethodAccessorImpl.invoke(NativeMethodAccessorImpl.java:77)&#xa;	at java.base/jdk.internal.reflect.DelegatingMethodAccessorImpl.invoke(DelegatingMethodAccessorImpl.java:43)&#xa;)&#xa;	at com.kms.katalon.core.keyword.internal.KeywordMain.stepFailed(KeywordMain.groovy:39)&#xa;	at com.kms.katalon.core.keyword.internal.KeywordMain.stepFailed(KeywordMain.groovy)&#xa;	at com.kms.katalon.core.keyword.internal.KeywordMain.runKeyword(KeywordMain.groovy:77)&#xa;	at com.kms.katalon.core.keyword.builtin.VerifyEqualKeyword.verifyEqual(VerifyEqualKeyword.groovy:63)&#xa;	at com.kms.katalon.core.keyword.builtin.VerifyEqualKeyword.execute(VerifyEqualKeyword.groovy:44)&#xa;	at com.kms.katalon.core.keyword.internal.KeywordExecutor.executeKeywordForPlatform(KeywordExecutor.groovy:74)&#xa;	at com.kms.katalon.core.keyword.BuiltinKeywords.verifyEqual(BuiltinKeywords.groovy:146)&#xa;	at java.base/jdk.internal.reflect.NativeMethodAccessorImpl.invoke0(Native Method)&#xa;	at java.base/jdk.internal.reflect.NativeMethodAccessorImpl.invoke(NativeMethodAccessorImpl.java:77)&#xa;	at java.base/jdk.internal.reflect.DelegatingMethodAccessorImpl.invoke(DelegatingMethodAccessorImpl.java:43)&#xa;	at Выполнение бизнес-плана Сверка ПАО Россети все филиалы.Numbers(Выполнение бизнес-плана Сверка ПАО Россети все филиалы:740)&#xa;	at Выполнение бизнес-плана Сверка ПАО Россети все филиалы.run(Выполнение бизнес-плана Сверка ПАО Россети все филиалы:189)&#xa;	at com.kms.katalon.core.main.ScriptEngine.run(ScriptEngine.java:194)&#xa;	at com.kms.katalon.core.main.ScriptEngine.runScriptAsRawText(ScriptEngine.java:119)&#xa;	at com.kms.katalon.core.main.TestCaseExecutor.runScript(TestCaseExecutor.java:448)&#xa;	at com.kms.katalon.core.main.TestCaseExecutor.doExecute(TestCaseExecutor.java:439)&#xa;	at com.kms.katalon.core.main.TestCaseExecutor.processExecutionPhase(TestCaseExecutor.java:418)&#xa;	at com.kms.katalon.core.main.TestCaseExecutor.accessMainPhase(TestCaseExecutor.java:410)&#xa;	at com.kms.katalon.core.main.TestCaseExecutor.execute(TestCaseExecutor.java:285)&#xa;	at com.kms.katalon.core.common.CommonExecutor.accessTestCaseMainPhase(CommonExecutor.java:65)&#xa;	at com.kms.katalon.core.main.TestSuiteExecutor.accessTestSuiteMainPhase(TestSuiteExecutor.java:150)&#xa;	at com.kms.katalon.core.main.TestSuiteExecutor.execute(TestSuiteExecutor.java:106)&#xa;	at com.kms.katalon.core.main.TestCaseMain.startTestSuite(TestCaseMain.java:180)&#xa;	at TempTestSuite1731647997681.run(TempTestSuite1731647997681.groovy:35)&#xa;	at java.base/jdk.internal.reflect.NativeMethodAccessorImpl.invoke0(Native Method)&#xa;	at java.base/jdk.internal.reflect.NativeMethodAccessorImpl.invoke(NativeMethodAccessorImpl.java:77)&#xa;	at java.base/jdk.internal.reflect.DelegatingMethodAccessorImpl.invoke(DelegatingMethodAccessorImpl.java:43)&#xa;Caused by: com.kms.katalon.core.exception.StepFailedException: Actual object '6' and expected object '0' are not equal&#xa;	at com.kms.katalon.core.keyword.builtin.VerifyEqualKeyword$_verifyEqual_closure1.doCall(VerifyEqualKeyword.groovy:58)&#xa;	at com.kms.katalon.core.keyword.builtin.VerifyEqualKeyword$_verifyEqual_closure1.call(VerifyEqualKeyword.groovy)&#xa;	at com.kms.katalon.core.keyword.internal.KeywordMain.runKeyword(KeywordMain.groovy:75)&#xa;	... 24 more&#xa;"/>
         <system-out><![CDATA[15-11-2024T08:20:02 - [TEST_CASE][FAILED] - Test Cases/Выполнение бизнес-плана/Выполнение бизнес-плана Сверка ПАО Россети все филиалы: Test Cases/Выполнение бизнес-плана/Выполнение бизнес-плана Сверка ПАО Россети все филиалы FAILED.
Reason:
com.kms.katalon.core.exception.StepFailedException: Unable to verify equal between actual object '6' and expected object '0' (Root cause: com.kms.katalon.core.exception.StepFailedException: Actual object '6' and expected object '0' are not equal
	at com.kms.katalon.core.keyword.builtin.VerifyEqualKeyword$_verifyEqual_closure1.doCall(VerifyEqualKeyword.groovy:58)
	at com.kms.katalon.core.keyword.builtin.VerifyEqualKeyword$_verifyEqual_closure1.call(VerifyEqualKeyword.groovy)
	at com.kms.katalon.core.keyword.internal.KeywordMain.runKeyword(KeywordMain.groovy:75)
	at com.kms.katalon.core.keyword.builtin.VerifyEqualKeyword.verifyEqual(VerifyEqualKeyword.groovy:63)
	at com.kms.katalon.core.keyword.builtin.VerifyEqualKeyword.execute(VerifyEqualKeyword.groovy:44)
	at com.kms.katalon.core.keyword.internal.KeywordExecutor.executeKeywordForPlatform(KeywordExecutor.groovy:74)
	at com.kms.katalon.core.keyword.BuiltinKeywords.verifyEqual(BuiltinKeywords.groovy:146)
	at java.base/jdk.internal.reflect.NativeMethodAccessorImpl.invoke0(Native Method)
	at java.base/jdk.internal.reflect.NativeMethodAccessorImpl.invoke(NativeMethodAccessorImpl.java:77)
	at java.base/jdk.internal.reflect.DelegatingMethodAccessorImpl.invoke(DelegatingMethodAccessorImpl.java:43)
	at Выполнение бизнес-плана Сверка ПАО Россети все филиалы.Numbers(Выполнение бизнес-плана Сверка ПАО Россети все филиалы:740)
	at Выполнение бизнес-плана Сверка ПАО Россети все филиалы.run(Выполнение бизнес-плана Сверка ПАО Россети все филиалы:189)
	at com.kms.katalon.core.main.ScriptEngine.run(ScriptEngine.java:194)
	at com.kms.katalon.core.main.ScriptEngine.runScriptAsRawText(ScriptEngine.java:119)
	at com.kms.katalon.core.main.TestCaseExecutor.runScript(TestCaseExecutor.java:448)
	at com.kms.katalon.core.main.TestCaseExecutor.doExecute(TestCaseExecutor.java:439)
	at com.kms.katalon.core.main.TestCaseExecutor.processExecutionPhase(TestCaseExecutor.java:418)
	at com.kms.katalon.core.main.TestCaseExecutor.accessMainPhase(TestCaseExecutor.java:410)
	at com.kms.katalon.core.main.TestCaseExecutor.execute(TestCaseExecutor.java:285)
	at com.kms.katalon.core.common.CommonExecutor.accessTestCaseMainPhase(CommonExecutor.java:65)
	at com.kms.katalon.core.main.TestSuiteExecutor.accessTestSuiteMainPhase(TestSuiteExecutor.java:150)
	at com.kms.katalon.core.main.TestSuiteExecutor.execute(TestSuiteExecutor.java:106)
	at com.kms.katalon.core.main.TestCaseMain.startTestSuite(TestCaseMain.java:180)
	at TempTestSuite1731647997681.run(TempTestSuite1731647997681.groovy:35)
	at java.base/jdk.internal.reflect.NativeMethodAccessorImpl.invoke0(Native Method)
	at java.base/jdk.internal.reflect.NativeMethodAccessorImpl.invoke(NativeMethodAccessorImpl.java:77)
	at java.base/jdk.internal.reflect.DelegatingMethodAccessorImpl.invoke(DelegatingMethodAccessorImpl.java:43)
)
	at com.kms.katalon.core.keyword.internal.KeywordMain.stepFailed(KeywordMain.groovy:39)
	at com.kms.katalon.core.keyword.internal.KeywordMain.stepFailed(KeywordMain.groovy)
	at com.kms.katalon.core.keyword.internal.KeywordMain.runKeyword(KeywordMain.groovy:77)
	at com.kms.katalon.core.keyword.builtin.VerifyEqualKeyword.verifyEqual(VerifyEqualKeyword.groovy:63)
	at com.kms.katalon.core.keyword.builtin.VerifyEqualKeyword.execute(VerifyEqualKeyword.groovy:44)
	at com.kms.katalon.core.keyword.internal.KeywordExecutor.executeKeywordForPlatform(KeywordExecutor.groovy:74)
	at com.kms.katalon.core.keyword.BuiltinKeywords.verifyEqual(BuiltinKeywords.groovy:146)
	at java.base/jdk.internal.reflect.NativeMethodAccessorImpl.invoke0(Native Method)
	at java.base/jdk.internal.reflect.NativeMethodAccessorImpl.invoke(NativeMethodAccessorImpl.java:77)
	at java.base/jdk.internal.reflect.DelegatingMethodAccessorImpl.invoke(DelegatingMethodAccessorImpl.java:43)
	at Выполнение бизнес-плана Сверка ПАО Россети все филиалы.Numbers(Выполнение бизнес-плана Сверка ПАО Россети все филиалы:740)
	at Выполнение бизнес-плана Сверка ПАО Россети все филиалы.run(Выполнение бизнес-плана Сверка ПАО Россети все филиалы:189)
	at com.kms.katalon.core.main.ScriptEngine.run(ScriptEngine.java:194)
	at com.kms.katalon.core.main.ScriptEngine.runScriptAsRawText(ScriptEngine.java:119)
	at com.kms.katalon.core.main.TestCaseExecutor.runScript(TestCaseExecutor.java:448)
	at com.kms.katalon.core.main.TestCaseExecutor.doExecute(TestCaseExecutor.java:439)
	at com.kms.katalon.core.main.TestCaseExecutor.processExecutionPhase(TestCaseExecutor.java:418)
	at com.kms.katalon.core.main.TestCaseExecutor.accessMainPhase(TestCaseExecutor.java:410)
	at com.kms.katalon.core.main.TestCaseExecutor.execute(TestCaseExecutor.java:285)
	at com.kms.katalon.core.common.CommonExecutor.accessTestCaseMainPhase(CommonExecutor.java:65)
	at com.kms.katalon.core.main.TestSuiteExecutor.accessTestSuiteMainPhase(TestSuiteExecutor.java:150)
	at com.kms.katalon.core.main.TestSuiteExecutor.execute(TestSuiteExecutor.java:106)
	at com.kms.katalon.core.main.TestCaseMain.startTestSuite(TestCaseMain.java:180)
	at TempTestSuite1731647997681.run(TempTestSuite1731647997681.groovy:35)
	at java.base/jdk.internal.reflect.NativeMethodAccessorImpl.invoke0(Native Method)
	at java.base/jdk.internal.reflect.NativeMethodAccessorImpl.invoke(NativeMethodAccessorImpl.java:77)
	at java.base/jdk.internal.reflect.DelegatingMethodAccessorImpl.invoke(DelegatingMethodAccessorImpl.java:43)
Caused by: com.kms.katalon.core.exception.StepFailedException: Actual object '6' and expected object '0' are not equal
	at com.kms.katalon.core.keyword.builtin.VerifyEqualKeyword$_verifyEqual_closure1.doCall(VerifyEqualKeyword.groovy:58)
	at com.kms.katalon.core.keyword.builtin.VerifyEqualKeyword$_verifyEqual_closure1.call(VerifyEqualKeyword.groovy)
	at com.kms.katalon.core.keyword.internal.KeywordMain.runKeyword(KeywordMain.groovy:75)
	... 24 more


15-11-2024T08:20:03 - [TEST_STEP][PASSED] - openBrowser(""): Browser is opened with url: ''

15-11-2024T08:20:04 - [MESSAGE][INFO] - Starting 'Chrome' driver

15-11-2024T08:20:04 - [MESSAGE][INFO] - Action delay is set to 0 milliseconds

15-11-2024T08:20:06 - [MESSAGE][PASSED] - Browser is opened with url: ''

15-11-2024T08:20:06 - [TEST_STEP][PASSED] - date = new java.util.Date(): null

15-11-2024T08:20:06 - [TEST_STEP][PASSED] - todaysDate = date.format("dd.MM.yyyy"): null

15-11-2024T08:20:06 - [TEST_STEP][PASSED] - dZO = <not implemented yet for class: org.codehaus.groovy.ast.expr.EmptyExpression>: null

15-11-2024T08:20:06 - [TEST_STEP][PASSED] - a = <not implemented yet for class: org.codehaus.groovy.ast.expr.EmptyExpression>: null

15-11-2024T08:20:06 - [TEST_STEP][PASSED] - fileperc = <not implemented yet for class: org.codehaus.groovy.ast.expr.EmptyExpression>: null

15-11-2024T08:20:06 - [TEST_STEP][PASSED] - pageperc = <not implemented yet for class: org.codehaus.groovy.ast.expr.EmptyExpression>: null

15-11-2024T08:20:06 - [TEST_STEP][PASSED] - pageInt = <not implemented yet for class: org.codehaus.groovy.ast.expr.EmptyExpression>: null

15-11-2024T08:20:06 - [TEST_STEP][PASSED] - fileInt = <not implemented yet for class: org.codehaus.groovy.ast.expr.EmptyExpression>: null

15-11-2024T08:20:06 - [TEST_STEP][PASSED] - pageDouble = <not implemented yet for class: org.codehaus.groovy.ast.expr.EmptyExpression>: null

15-11-2024T08:20:06 - [TEST_STEP][PASSED] - fileDouble = <not implemented yet for class: org.codehaus.groovy.ast.expr.EmptyExpression>: null

15-11-2024T08:20:06 - [TEST_STEP][PASSED] - typeOfData = <not implemented yet for class: org.codehaus.groovy.ast.expr.EmptyExpression>: null

15-11-2024T08:20:06 - [TEST_STEP][PASSED] - dzoNum = 0: null

15-11-2024T08:20:06 - [TEST_STEP][PASSED] - filialNum = 0: null

15-11-2024T08:20:06 - [TEST_STEP][PASSED] - urlText = <not implemented yet for class: org.codehaus.groovy.ast.expr.EmptyExpression>: null

15-11-2024T08:20:06 - [TEST_STEP][PASSED] - searchWord = <not implemented yet for class: org.codehaus.groovy.ast.expr.EmptyExpression>: null

15-11-2024T08:20:06 - [TEST_STEP][PASSED] - i = <not implemented yet for class: org.codehaus.groovy.ast.expr.EmptyExpression>: null

15-11-2024T08:20:06 - [TEST_STEP][PASSED] - ii = <not implemented yet for class: org.codehaus.groovy.ast.expr.EmptyExpression>: null

15-11-2024T08:20:06 - [TEST_STEP][PASSED] - navigateToUrl(findTestData("PlanFact").getValue(10, 1)): Navigate to 'https://bi.rosseti.digital/viewer?dashboardGuid=d154a8eaf6824e2b9de1bb04dd061c18&sheetGuid=1305e8ce744049e1abdacea1ea397a26&fit=true' successfully

15-11-2024T08:20:12 - [MESSAGE][PASSED] - Navigate to 'https://bi.rosseti.digital/viewer?dashboardGuid=d154a8eaf6824e2b9de1bb04dd061c18&sheetGuid=1305e8ce744049e1abdacea1ea397a26&fit=true' successfully

15-11-2024T08:20:12 - [TEST_STEP][PASSED] - urlText = getText(findTestObject("Страница авторизации/Text")): Text of object 'Object Repository/Страница авторизации/Text' is: 'Вход'

15-11-2024T08:20:15 - [MESSAGE][PASSED] - Text of object 'Object Repository/Страница авторизации/Text' is: 'Вход'

15-11-2024T08:20:15 - [TEST_STEP][PASSED] - delay(20): Delayed 20 second(s)

15-11-2024T08:20:35 - [MESSAGE][PASSED] - Delayed 20 second(s)

15-11-2024T08:20:35 - [TEST_STEP][PASSED] - searchWord = "Вход": null

15-11-2024T08:20:35 - [TEST_STEP][PASSED] - if (urlText.contains(searchWord) == false): null

15-11-2024T08:20:35 - [TEST_STEP][PASSED] - setText(findTestObject("Страница авторизации/input__username"), findTestData("PlanFact").getValue(8, 1)): Text 'liazgina-di' is set on object 'Object Repository/Страница авторизации/input__username'

15-11-2024T08:20:36 - [MESSAGE][PASSED] - Text 'liazgina-di' is set on object 'Object Repository/Страница авторизации/input__username'

15-11-2024T08:20:36 - [TEST_STEP][PASSED] - setText(findTestObject("Страница авторизации/input__password"), findTestData("PlanFact").getValue(9, 1)): Text ')$%5srZ8o688Dm#q' is set on object 'Object Repository/Страница авторизации/input__password'

15-11-2024T08:20:37 - [MESSAGE][PASSED] - Text ')$%5srZ8o688Dm#q' is set on object 'Object Repository/Страница авторизации/input__password'

15-11-2024T08:20:37 - [TEST_STEP][PASSED] - click(findTestObject("Страница авторизации/button_")): Object: 'Object Repository/Страница авторизации/button_' is clicked on

15-11-2024T08:20:40 - [MESSAGE][PASSED] - Object: 'Object Repository/Страница авторизации/button_' is clicked on

15-11-2024T08:20:40 - [TEST_STEP][PASSED] - delay(50): Delayed 50 second(s)

15-11-2024T08:21:30 - [MESSAGE][PASSED] - Delayed 50 second(s)

15-11-2024T08:21:30 - [TEST_STEP][PASSED] - searchWord = "ДЗО": null

15-11-2024T08:21:30 - [TEST_STEP][PASSED] - urlText = getText(findTestObject("Страница авторизации/Text")): Text of object 'Object Repository/Страница авторизации/Text' is: 'ДЗО 
Все
Период
1, 2, 3 кв. 2024 года
Отклонения фактического уровня потерь от бизнес-плана, п.п.
-0.07
3.72
3.84
-0.05
0.09
-0.51
-0.25
АО «Тываэнерго»
АО «Чеченэнерго»
Россети Северный Кавказ
Россети Сибирь
Россети Тюмень
Россети Центр (ГК)
Россети Центр и Приволжье (ГК)
-1
0
1
2
3
4
5
6
7

Уровень потерь электроэнергии
АО «Тываэнерго»
АО «Чеченэнерго»
Россети Северный Кавказ
Россети Сибирь
Россети Тюмень
Россети Центр (ГК)
Россети Центр и Приволжье (ГК)
0
10
20
30
40
50
60
70
21.03
|
32.87
23.70
6.97
|
2.51
9.98
|
6.88
|
20.96
36.59
|
27.54
|
6.92
2.60
|
9.48
6.63
п.п.
0.05
Итого
0
0.02
0.04
0.06
%
5.29 5.29
5.26 5.26
План
Факт
1
100

● Бизнес-план выполнен● ●● Превышение бизнес-плана
Отклонения фактического уровня потерь от бизнес-плана за 3 месяца (нарастающим итогом), п.п.
0.10.1
3.73.7
3.83.8
-0.1-0.1
0.10.1
-0.5-0.5
-0.2-0.2
-0.0-0.0
4.14.1
4.04.0
-0.1-0.1
0.10.1
-0.4-0.4
-0.2-0.2
-0.1-0.1
3.73.7
3.83.8
-0.0-0.0
0.10.1
-0.5-0.5
-0.2-0.2
Россети ФСКЕЭС
АО«Тываэнерго»
АО«Чеченэнерго»
Россети Волга
РоссетиКубань
РоссетиЛенэнерго (ГК)
РоссетиМосковскийрегион
РоссетиСеверныйКавказ (ГК)
Россети Северо-Запад
Россети Сибирь(ГК)
Россети Томск
Россети Тюмень
Россети Урал(ГК)
Россети Центр
Россети Центр иПриволжье (ГК)
Россети Юг (Г…
РоссетиЯнтарь
0
-5
5
п.п.
Отклонения фактического уровня потерь от бизнес-плана за 3 месяца (нарастающим итогом)
-0.2-0.2
-0.4-0.4
0.10.1
-0.1-0.1
-0.3-0.3
4.14.1
-1.9-1.9
-0.2-0.2
-0.5-0.5
-0.1-0.1
0.40.4
-0.7-0.7
-0.4-0.4
7.97.9
0.10.1
13.113.1
-0.2-0.2
-0.3-0.3
-0.0-0.0
0.20.2
-0.1-0.1
4.24.2
-1.7-1.7
-0.1-0.1
-0.3-0.3
-0.1-0.1
0.30.3
-0.7-0.7
-0.4-0.4
8.48.4
0.20.2
13.213.2
-0.2-0.2
-0.3-0.3
-0.1-0.1
-0.5-0.5
-0.3-0.3
3.83.8
-1.8-1.8
-0.1-0.1
-0.3-0.3
-0.2-0.2
0.40.4
-0.7-0.7
-0.4-0.4
8.08.0
0.30.3
13.213.2
Итого по ФСК ЕЭС
Каббалкэнерго
Калмэнерго
Калугаэнерго
АО "Кинешемская электросеть"
АО "Тываэнерго"
АО «ВМЭС»
АО «Воронежская горэлектросеть»
АО «Тульские городские электрические сети»
АО «Чеченэнерго»
АО «Ярославская электросетевая компания»
АО ЕЭСК
Алтайэнерго
Архангельский филиал
Астраханьэнерго
Белгородэнерго
Брянскэнерго
Бурятэнерго
Владимирэнерго
Волгоградэнерго
Вологодский филиал
Воронежэнерго
Дагэнерго
Ивэнерго
Ингушэнерго
-5
15

Статус данных
Просьба обратить внимание
— все данные не занесены
Факт
План
Итого – Факт
Отпуск в сеть 192 247 697
Отпуск из сети 175 051 868
Потери 17 195 829
Итого – План
Отпуск в сеть 187 501 364
Отпуск из сети 171 438 674
Потери 16 062 691
Выполнение бизнес-плана в части показателя «Уровень потерь электроэнергии»
Показатели баланса электроэнергии по ДЗО – Факт 
572 217 3 034 612 17 367 779 46 928 172 39 079 081 44 371 600 40 894 236
452 291 1 924 288 12 584 601 43 678 766 38 062 639 40 166 359 38 182 923
119 926 1 110 325 4 783 177 3 249 406 1 016 442 4 205 240 2 711 313
Показатели баланса электроэнергии по ДЗО – План
544 127 2 822 152 16 300 204 44 875 501 40 452 567 43 055 315 39 451 497
429 681 1 894 447 12 437 092 41 746 891 39 436 282 38 756 246 36 738 034
114 446 927 705 3 863 112 3 128 610 1 016 285 4 299 069 2 713 463'

15-11-2024T08:22:01 - [MESSAGE][PASSED] - Text of object 'Object Repository/Страница авторизации/Text' is: 'ДЗО 
Все
Период
1, 2, 3 кв. 2024 года
Отклонения фактического уровня потерь от бизнес-плана, п.п.
-0.07
3.72
3.84
-0.05
0.09
-0.51
-0.25
АО «Тываэнерго»
АО «Чеченэнерго»
Россети Северный Кавказ
Россети Сибирь
Россети Тюмень
Россети Центр (ГК)
Россети Центр и Приволжье (ГК)
-1
0
1
2
3
4
5
6
7

Уровень потерь электроэнергии
АО «Тываэнерго»
АО «Чеченэнерго»
Россети Северный Кавказ
Россети Сибирь
Россети Тюмень
Россети Центр (ГК)
Россети Центр и Приволжье (ГК)
0
10
20
30
40
50
60
70
21.03
|
32.87
23.70
6.97
|
2.51
9.98
|
6.88
|
20.96
36.59
|
27.54
|
6.92
2.60
|
9.48
6.63
п.п.
0.05
Итого
0
0.02
0.04
0.06
%
5.29 5.29
5.26 5.26
План
Факт
1
100

● Бизнес-план выполнен● ●● Превышение бизнес-плана
Отклонения фактического уровня потерь от бизнес-плана за 3 месяца (нарастающим итогом), п.п.
0.10.1
3.73.7
3.83.8
-0.1-0.1
0.10.1
-0.5-0.5
-0.2-0.2
-0.0-0.0
4.14.1
4.04.0
-0.1-0.1
0.10.1
-0.4-0.4
-0.2-0.2
-0.1-0.1
3.73.7
3.83.8
-0.0-0.0
0.10.1
-0.5-0.5
-0.2-0.2
Россети ФСКЕЭС
АО«Тываэнерго»
АО«Чеченэнерго»
Россети Волга
РоссетиКубань
РоссетиЛенэнерго (ГК)
РоссетиМосковскийрегион
РоссетиСеверныйКавказ (ГК)
Россети Северо-Запад
Россети Сибирь(ГК)
Россети Томск
Россети Тюмень
Россети Урал(ГК)
Россети Центр
Россети Центр иПриволжье (ГК)
Россети Юг (Г…
РоссетиЯнтарь
0
-5
5
п.п.
Отклонения фактического уровня потерь от бизнес-плана за 3 месяца (нарастающим итогом)
-0.2-0.2
-0.4-0.4
0.10.1
-0.1-0.1
-0.3-0.3
4.14.1
-1.9-1.9
-0.2-0.2
-0.5-0.5
-0.1-0.1
0.40.4
-0.7-0.7
-0.4-0.4
7.97.9
0.10.1
13.113.1
-0.2-0.2
-0.3-0.3
-0.0-0.0
0.20.2
-0.1-0.1
4.24.2
-1.7-1.7
-0.1-0.1
-0.3-0.3
-0.1-0.1
0.30.3
-0.7-0.7
-0.4-0.4
8.48.4
0.20.2
13.213.2
-0.2-0.2
-0.3-0.3
-0.1-0.1
-0.5-0.5
-0.3-0.3
3.83.8
-1.8-1.8
-0.1-0.1
-0.3-0.3
-0.2-0.2
0.40.4
-0.7-0.7
-0.4-0.4
8.08.0
0.30.3
13.213.2
Итого по ФСК ЕЭС
Каббалкэнерго
Калмэнерго
Калугаэнерго
АО "Кинешемская электросеть"
АО "Тываэнерго"
АО «ВМЭС»
АО «Воронежская горэлектросеть»
АО «Тульские городские электрические сети»
АО «Чеченэнерго»
АО «Ярославская электросетевая компания»
АО ЕЭСК
Алтайэнерго
Архангельский филиал
Астраханьэнерго
Белгородэнерго
Брянскэнерго
Бурятэнерго
Владимирэнерго
Волгоградэнерго
Вологодский филиал
Воронежэнерго
Дагэнерго
Ивэнерго
Ингушэнерго
-5
15

Статус данных
Просьба обратить внимание
— все данные не занесены
Факт
План
Итого – Факт
Отпуск в сеть 192 247 697
Отпуск из сети 175 051 868
Потери 17 195 829
Итого – План
Отпуск в сеть 187 501 364
Отпуск из сети 171 438 674
Потери 16 062 691
Выполнение бизнес-плана в части показателя «Уровень потерь электроэнергии»
Показатели баланса электроэнергии по ДЗО – Факт 
572 217 3 034 612 17 367 779 46 928 172 39 079 081 44 371 600 40 894 236
452 291 1 924 288 12 584 601 43 678 766 38 062 639 40 166 359 38 182 923
119 926 1 110 325 4 783 177 3 249 406 1 016 442 4 205 240 2 711 313
Показатели баланса электроэнергии по ДЗО – План
544 127 2 822 152 16 300 204 44 875 501 40 452 567 43 055 315 39 451 497
429 681 1 894 447 12 437 092 41 746 891 39 436 282 38 756 246 36 738 034
114 446 927 705 3 863 112 3 128 610 1 016 285 4 299 069 2 713 463'

15-11-2024T08:22:01 - [TEST_STEP][PASSED] - if (urlText.contains("ошибка") || urlText.contains(searchWord) == false): null

15-11-2024T08:22:01 - [TEST_STEP][PASSED] - Script1718980020443.ZakrytOpoveshenie(): null

15-11-2024T08:22:01 - [TEST_STEP][PASSED] - delay(10): Delayed 10 second(s)

15-11-2024T08:22:11 - [MESSAGE][PASSED] - Delayed 10 second(s)

15-11-2024T08:22:11 - [TEST_STEP][PASSED] - opoveshenie = getText(findTestObject("Выполнение бизнес-плана/Просьба обратить внимание")): Text of object 'Object Repository/Выполнение бизнес-плана/Просьба обратить внимание' is: 'Просьба обратить внимание'

15-11-2024T08:22:41 - [MESSAGE][PASSED] - Text of object 'Object Repository/Выполнение бизнес-плана/Просьба обратить внимание' is: 'Просьба обратить внимание'

15-11-2024T08:22:41 - [TEST_STEP][PASSED] - println(opoveshenie): null

15-11-2024T08:22:41 - [TEST_STEP][PASSED] - if (opoveshenie == "Просьба обратить внимание"): Object: 'Object Repository/Выполнение бизнес-плана/Закрыть оповещение' is clicked on

15-11-2024T08:22:41 - [TEST_STEP][PASSED] - click(findTestObject("Выполнение бизнес-плана/Закрыть оповещение")): Object: 'Object Repository/Выполнение бизнес-плана/Закрыть оповещение' is clicked on

15-11-2024T08:23:11 - [MESSAGE][PASSED] - Object: 'Object Repository/Выполнение бизнес-плана/Закрыть оповещение' is clicked on

15-11-2024T08:23:11 - [TEST_STEP][PASSED] - click(findTestObject("Object Repository/Выполнение бизнес-плана/Фильтр Дата")): Object: 'Object Repository/Выполнение бизнес-плана/Фильтр Дата' is clicked on

15-11-2024T08:23:41 - [MESSAGE][PASSED] - Object: 'Object Repository/Выполнение бизнес-плана/Фильтр Дата' is clicked on

15-11-2024T08:23:41 - [TEST_STEP][PASSED] - click(findTestObject("Выполнение бизнес-плана/Снять выделение в фильтре Дата")): Object: 'Object Repository/Выполнение бизнес-плана/Снять выделение в фильтре Дата' is clicked on

15-11-2024T08:24:11 - [MESSAGE][PASSED] - Object: 'Object Repository/Выполнение бизнес-плана/Снять выделение в фильтре Дата' is clicked on

15-11-2024T08:24:11 - [TEST_STEP][PASSED] - click(findTestObject("Object Repository/Выполнение бизнес-плана/Применить в фильтре Дата")): Object: 'Object Repository/Выполнение бизнес-плана/Применить в фильтре Дата' is clicked on

15-11-2024T08:24:42 - [MESSAGE][PASSED] - Object: 'Object Repository/Выполнение бизнес-плана/Применить в фильтре Дата' is clicked on

15-11-2024T08:24:42 - [TEST_STEP][PASSED] - delay(50): Delayed 50 second(s)

15-11-2024T08:25:32 - [MESSAGE][PASSED] - Delayed 50 second(s)

15-11-2024T08:25:32 - [TEST_STEP][PASSED] - Script1718980020443.ZakrytOpoveshenie(): null

15-11-2024T08:25:32 - [TEST_STEP][PASSED] - delay(10): Delayed 10 second(s)

15-11-2024T08:25:42 - [MESSAGE][PASSED] - Delayed 10 second(s)

15-11-2024T08:25:42 - [TEST_STEP][PASSED] - opoveshenie = getText(findTestObject("Выполнение бизнес-плана/Просьба обратить внимание")): Text of object 'Object Repository/Выполнение бизнес-плана/Просьба обратить внимание' is: 'Просьба обратить внимание'

15-11-2024T08:26:12 - [MESSAGE][PASSED] - Text of object 'Object Repository/Выполнение бизнес-плана/Просьба обратить внимание' is: 'Просьба обратить внимание'

15-11-2024T08:26:12 - [TEST_STEP][PASSED] - println(opoveshenie): null

15-11-2024T08:26:12 - [TEST_STEP][PASSED] - if (opoveshenie == "Просьба обратить внимание"): Object: 'Object Repository/Выполнение бизнес-плана/Закрыть оповещение' is clicked on

15-11-2024T08:26:12 - [TEST_STEP][PASSED] - click(findTestObject("Выполнение бизнес-плана/Закрыть оповещение")): Object: 'Object Repository/Выполнение бизнес-плана/Закрыть оповещение' is clicked on

15-11-2024T08:26:42 - [MESSAGE][PASSED] - Object: 'Object Repository/Выполнение бизнес-плана/Закрыть оповещение' is clicked on

15-11-2024T08:26:42 - [TEST_STEP][PASSED] - click(findTestObject("Object Repository/Выполнение бизнес-плана/Фильтр Дата")): Object: 'Object Repository/Выполнение бизнес-плана/Фильтр Дата' is clicked on

15-11-2024T08:27:12 - [MESSAGE][PASSED] - Object: 'Object Repository/Выполнение бизнес-плана/Фильтр Дата' is clicked on

15-11-2024T08:27:12 - [TEST_STEP][PASSED] - scrollToElement(findTestObject("Выполнение бизнес-плана/2024 список"), 30): Scroll to object 'Object Repository/Выполнение бизнес-плана/2024 список' successfully

15-11-2024T08:27:43 - [MESSAGE][PASSED] - Scroll to object 'Object Repository/Выполнение бизнес-плана/2024 список' successfully

15-11-2024T08:27:43 - [TEST_STEP][PASSED] - click(findTestObject("Выполнение бизнес-плана/2024 список")): Object: 'Object Repository/Выполнение бизнес-плана/2024 список' is clicked on

15-11-2024T08:28:13 - [MESSAGE][PASSED] - Object: 'Object Repository/Выполнение бизнес-плана/2024 список' is clicked on

15-11-2024T08:28:13 - [TEST_STEP][PASSED] - scrollToElement(findTestObject("Выполнение бизнес-плана/1 квартал 2024 список"), 30): Scroll to object 'Object Repository/Выполнение бизнес-плана/1 квартал 2024 список' successfully

15-11-2024T08:28:43 - [MESSAGE][PASSED] - Scroll to object 'Object Repository/Выполнение бизнес-плана/1 квартал 2024 список' successfully

15-11-2024T08:28:43 - [TEST_STEP][PASSED] - click(findTestObject("Выполнение бизнес-плана/1 квартал 2024 список")): Object: 'Object Repository/Выполнение бизнес-плана/1 квартал 2024 список' is clicked on

15-11-2024T08:29:13 - [MESSAGE][PASSED] - Object: 'Object Repository/Выполнение бизнес-плана/1 квартал 2024 список' is clicked on

15-11-2024T08:29:13 - [TEST_STEP][PASSED] - click(findTestObject("Выполнение бизнес-плана/Январь 2024")): Object: 'Object Repository/Выполнение бизнес-плана/Январь 2024' is clicked on

15-11-2024T08:29:43 - [MESSAGE][PASSED] - Object: 'Object Repository/Выполнение бизнес-плана/Январь 2024' is clicked on

15-11-2024T08:29:43 - [TEST_STEP][PASSED] - click(findTestObject("Выполнение бизнес-плана/Февраль 2024")): Object: 'Object Repository/Выполнение бизнес-плана/Февраль 2024' is clicked on

15-11-2024T08:30:13 - [MESSAGE][PASSED] - Object: 'Object Repository/Выполнение бизнес-плана/Февраль 2024' is clicked on

15-11-2024T08:30:13 - [TEST_STEP][PASSED] - click(findTestObject("Выполнение бизнес-плана/Март 2024")): Object: 'Object Repository/Выполнение бизнес-плана/Март 2024' is clicked on

15-11-2024T08:30:43 - [MESSAGE][PASSED] - Object: 'Object Repository/Выполнение бизнес-плана/Март 2024' is clicked on

15-11-2024T08:30:43 - [TEST_STEP][PASSED] - scrollToElement(findTestObject("Выполнение бизнес-плана/2 квартал 2024"), 30): Scroll to object 'Object Repository/Выполнение бизнес-плана/2 квартал 2024' successfully

15-11-2024T08:31:13 - [MESSAGE][PASSED] - Scroll to object 'Object Repository/Выполнение бизнес-плана/2 квартал 2024' successfully

15-11-2024T08:31:13 - [TEST_STEP][PASSED] - click(findTestObject("Выполнение бизнес-плана/2 квартал 2024")): Object: 'Object Repository/Выполнение бизнес-плана/2 квартал 2024' is clicked on

15-11-2024T08:31:44 - [MESSAGE][PASSED] - Object: 'Object Repository/Выполнение бизнес-плана/2 квартал 2024' is clicked on

15-11-2024T08:31:44 - [TEST_STEP][PASSED] - scrollToElement(findTestObject("Выполнение бизнес-плана/3 квартал 2024 список"), 30): Scroll to object 'Object Repository/Выполнение бизнес-плана/3 квартал 2024 список' successfully

15-11-2024T08:32:14 - [MESSAGE][PASSED] - Scroll to object 'Object Repository/Выполнение бизнес-плана/3 квартал 2024 список' successfully

15-11-2024T08:32:14 - [TEST_STEP][PASSED] - click(findTestObject("Выполнение бизнес-плана/3 квартал 2024"), CONTINUE_ON_FAILURE): Object: 'Object Repository/Выполнение бизнес-плана/3 квартал 2024' is clicked on

15-11-2024T08:32:44 - [MESSAGE][PASSED] - Object: 'Object Repository/Выполнение бизнес-плана/3 квартал 2024' is clicked on

15-11-2024T08:32:44 - [TEST_STEP][PASSED] - scrollToElement(findTestObject("Выполнение бизнес-плана/Заголовок дашборда"), 30): Scroll to object 'Object Repository/Выполнение бизнес-плана/Заголовок дашборда' successfully

15-11-2024T08:33:14 - [MESSAGE][PASSED] - Scroll to object 'Object Repository/Выполнение бизнес-плана/Заголовок дашборда' successfully

15-11-2024T08:33:14 - [TEST_STEP][PASSED] - click(findTestObject("Object Repository/Выполнение бизнес-плана/Применить в фильтре Дата")): Object: 'Object Repository/Выполнение бизнес-плана/Применить в фильтре Дата' is clicked on

15-11-2024T08:33:44 - [MESSAGE][PASSED] - Object: 'Object Repository/Выполнение бизнес-плана/Применить в фильтре Дата' is clicked on

15-11-2024T08:33:44 - [TEST_STEP][PASSED] - delay(50): Delayed 50 second(s)

15-11-2024T08:34:34 - [MESSAGE][PASSED] - Delayed 50 second(s)

15-11-2024T08:34:34 - [TEST_STEP][PASSED] - Script1718980020443.ZakrytOpoveshenie(): null

15-11-2024T08:34:34 - [TEST_STEP][PASSED] - delay(10): Delayed 10 second(s)

15-11-2024T08:34:44 - [MESSAGE][PASSED] - Delayed 10 second(s)

15-11-2024T08:34:44 - [TEST_STEP][PASSED] - opoveshenie = getText(findTestObject("Выполнение бизнес-плана/Просьба обратить внимание")): Text of object 'Object Repository/Выполнение бизнес-плана/Просьба обратить внимание' is: 'Просьба обратить внимание'

15-11-2024T08:35:15 - [MESSAGE][PASSED] - Text of object 'Object Repository/Выполнение бизнес-плана/Просьба обратить внимание' is: 'Просьба обратить внимание'

15-11-2024T08:35:15 - [TEST_STEP][PASSED] - println(opoveshenie): null

15-11-2024T08:35:15 - [TEST_STEP][PASSED] - if (opoveshenie == "Просьба обратить внимание"): Object: 'Object Repository/Выполнение бизнес-плана/Закрыть оповещение' is clicked on

15-11-2024T08:35:15 - [TEST_STEP][PASSED] - click(findTestObject("Выполнение бизнес-плана/Закрыть оповещение")): Object: 'Object Repository/Выполнение бизнес-плана/Закрыть оповещение' is clicked on

15-11-2024T08:35:45 - [MESSAGE][PASSED] - Object: 'Object Repository/Выполнение бизнес-плана/Закрыть оповещение' is clicked on

15-11-2024T08:35:45 - [TEST_STEP][PASSED] - delay(30): Delayed 30 second(s)

15-11-2024T08:36:15 - [MESSAGE][PASSED] - Delayed 30 second(s)

15-11-2024T08:36:15 - [TEST_STEP][PASSED] - Script1718980020443.OpenFilter(): null

15-11-2024T08:36:15 - [TEST_STEP][PASSED] - click(findTestObject("Object Repository/Выполнение бизнес-плана/Фильтр ДЗО")): Object: 'Object Repository/Выполнение бизнес-плана/Фильтр ДЗО' is clicked on

15-11-2024T08:36:45 - [MESSAGE][PASSED] - Object: 'Object Repository/Выполнение бизнес-плана/Фильтр ДЗО' is clicked on

15-11-2024T08:36:45 - [TEST_STEP][PASSED] - click(findTestObject("Выполнение бизнес-плана/Снять выделение в фильтре ДЗО")): Object: 'Object Repository/Выполнение бизнес-плана/Снять выделение в фильтре ДЗО' is clicked on

15-11-2024T08:37:15 - [MESSAGE][PASSED] - Object: 'Object Repository/Выполнение бизнес-плана/Снять выделение в фильтре ДЗО' is clicked on

15-11-2024T08:37:15 - [TEST_STEP][PASSED] - click(findTestObject("Выполнение бизнес-плана/ПАО Россети")): Object: 'Object Repository/Выполнение бизнес-плана/ПАО Россети' is clicked on

15-11-2024T08:37:45 - [MESSAGE][PASSED] - Object: 'Object Repository/Выполнение бизнес-плана/ПАО Россети' is clicked on

15-11-2024T08:37:45 - [TEST_STEP][PASSED] - click(findTestObject("Object Repository/Выполнение бизнес-плана/Применить в фильтре ДЗО")): Object: 'Object Repository/Выполнение бизнес-плана/Применить в фильтре ДЗО' is clicked on

15-11-2024T08:38:16 - [MESSAGE][PASSED] - Object: 'Object Repository/Выполнение бизнес-плана/Применить в фильтре ДЗО' is clicked on

15-11-2024T08:38:16 - [TEST_STEP][PASSED] - delay(30): Delayed 30 second(s)

15-11-2024T08:38:46 - [MESSAGE][PASSED] - Delayed 30 second(s)

15-11-2024T08:38:46 - [TEST_STEP][PASSED] - x1 = getText(findTestObject("Выполнение бизнес-плана/Список ДЗО старый")): Text of object 'Object Repository/Выполнение бизнес-плана/Список ДЗО старый' is: 'АО «Тываэнерго»
АО «Чеченэнерго»
Россети Северный Кавказ
Россети Сибирь
Россети Тюмень
Россети Центр (ГК)
Россети Центр и Приволжье (ГК)
0
10
20
30
40
50
60
70'

15-11-2024T08:39:16 - [MESSAGE][PASSED] - Text of object 'Object Repository/Выполнение бизнес-плана/Список ДЗО старый' is: 'АО «Тываэнерго»
АО «Чеченэнерго»
Россети Северный Кавказ
Россети Сибирь
Россети Тюмень
Россети Центр (ГК)
Россети Центр и Приволжье (ГК)
0
10
20
30
40
50
60
70'

15-11-2024T08:39:16 - [TEST_STEP][PASSED] - dZO = "ПАО Россети": null

15-11-2024T08:39:16 - [TEST_STEP][PASSED] - a = 84: null

15-11-2024T08:39:16 - [TEST_STEP][PASSED] - Script1718980020443.Numbers(a, typeOfData, todaysDate, pageInt, fileInt, pageDouble, fileDouble, dZO, dzoNum, filialNum): null

15-11-2024T08:39:16 - [TEST_STEP][PASSED] - println(dzoNum): null

15-11-2024T08:39:16 - [TEST_STEP][PASSED] - planFact = <not implemented yet for class: org.codehaus.groovy.ast.expr.EmptyExpression>: null

15-11-2024T08:39:16 - [TEST_STEP][PASSED] - page = <not implemented yet for class: org.codehaus.groovy.ast.expr.EmptyExpression>: null

15-11-2024T08:39:16 - [TEST_STEP][PASSED] - page1 = <not implemented yet for class: org.codehaus.groovy.ast.expr.EmptyExpression>: null

15-11-2024T08:39:16 - [TEST_STEP][PASSED] - page2 = <not implemented yet for class: org.codehaus.groovy.ast.expr.EmptyExpression>: null

15-11-2024T08:39:16 - [TEST_STEP][PASSED] - filialNumberInRow = <not implemented yet for class: org.codehaus.groovy.ast.expr.EmptyExpression>: null

15-11-2024T08:39:16 - [TEST_STEP][PASSED] - filialsDzoNames = <not implemented yet for class: org.codehaus.groovy.ast.expr.EmptyExpression>: null

15-11-2024T08:39:16 - [TEST_STEP][PASSED] - numberOfFilials = <not implemented yet for class: org.codehaus.groovy.ast.expr.EmptyExpression>: null

15-11-2024T08:39:16 - [TEST_STEP][PASSED] - numberOfSpaces = <not implemented yet for class: org.codehaus.groovy.ast.expr.EmptyExpression>: null

15-11-2024T08:39:16 - [TEST_STEP][PASSED] - file = <not implemented yet for class: org.codehaus.groovy.ast.expr.EmptyExpression>: null

15-11-2024T08:39:16 - [TEST_STEP][PASSED] - otpusk = <not implemented yet for class: org.codehaus.groovy.ast.expr.EmptyExpression>: null

15-11-2024T08:39:16 - [TEST_STEP][PASSED] - poteri = <not implemented yet for class: org.codehaus.groovy.ast.expr.EmptyExpression>: null

15-11-2024T08:39:16 - [TEST_STEP][PASSED] - dataFolder = "Выполнение бизнес-плана/Значения со страницы Выполнение бизнес-плана/": null

15-11-2024T08:39:16 - [TEST_STEP][PASSED] - path = <not implemented yet for class: org.codehaus.groovy.ast.expr.EmptyExpression>: null

15-11-2024T08:39:16 - [TEST_STEP][PASSED] - typeOfDataMain = <not implemented yet for class: org.codehaus.groovy.ast.expr.EmptyExpression>: null

15-11-2024T08:39:16 - [TEST_STEP][PASSED] - fileOtpuskVSet = <not implemented yet for class: org.codehaus.groovy.ast.expr.EmptyExpression>: null

15-11-2024T08:39:16 - [TEST_STEP][PASSED] - pageOtpuskVSet = <not implemented yet for class: org.codehaus.groovy.ast.expr.EmptyExpression>: null

15-11-2024T08:39:16 - [TEST_STEP][PASSED] - filePoteri = <not implemented yet for class: org.codehaus.groovy.ast.expr.EmptyExpression>: null

15-11-2024T08:39:16 - [TEST_STEP][PASSED] - pagePoteri = <not implemented yet for class: org.codehaus.groovy.ast.expr.EmptyExpression>: null

15-11-2024T08:39:16 - [TEST_STEP][PASSED] - compare = <not implemented yet for class: org.codehaus.groovy.ast.expr.EmptyExpression>: null

15-11-2024T08:39:16 - [TEST_STEP][PASSED] - b = <not implemented yet for class: org.codehaus.groovy.ast.expr.EmptyExpression>: null

15-11-2024T08:39:16 - [TEST_STEP][PASSED] - i = <not implemented yet for class: org.codehaus.groovy.ast.expr.EmptyExpression>: null

15-11-2024T08:39:16 - [TEST_STEP][PASSED] - ii = <not implemented yet for class: org.codehaus.groovy.ast.expr.EmptyExpression>: null

15-11-2024T08:39:16 - [TEST_STEP][PASSED] - c = <not implemented yet for class: org.codehaus.groovy.ast.expr.EmptyExpression>: null

15-11-2024T08:39:16 - [TEST_STEP][PASSED] - numberOfErrors = 0: null

15-11-2024T08:39:16 - [TEST_STEP][PASSED] - if (a == 82): null

15-11-2024T08:39:16 - [TEST_STEP][PASSED] - b = findTestData("PlanFact").getValue(1, a): null

15-11-2024T08:39:16 - [TEST_STEP][PASSED] - i = b.indexOf(" (ГК)"): null

15-11-2024T08:39:16 - [TEST_STEP][PASSED] - if (i > -1): null

15-11-2024T08:39:16 - [TEST_STEP][PASSED] - i = b.indexOf("О ""): null

15-11-2024T08:39:16 - [TEST_STEP][PASSED] - if (i > -1): null

15-11-2024T08:39:16 - [TEST_STEP][PASSED] - i = b.indexOf("О «"): null

15-11-2024T08:39:16 - [TEST_STEP][PASSED] - if (i > -1): null

15-11-2024T08:39:16 - [TEST_STEP][PASSED] - i = b.indexOf("г. "): null

15-11-2024T08:39:16 - [TEST_STEP][PASSED] - if (i > -1): null

15-11-2024T08:39:16 - [TEST_STEP][PASSED] - println(b): null

15-11-2024T08:39:16 - [TEST_STEP][PASSED] - for ([planFact = 1, planFact < 3, (planFact++)]): null

15-11-2024T08:39:16 - [TEST_STEP][PASSED] - if (planFact == 1): null

15-11-2024T08:39:16 - [TEST_STEP][PASSED] - typeOfDataMain = "Факт": null

15-11-2024T08:39:16 - [TEST_STEP][PASSED] - otpusk = findTestData("PlanFact").getValue(5, a): null

15-11-2024T08:39:16 - [TEST_STEP][PASSED] - poteri = findTestData("PlanFact").getValue(6, a): null

15-11-2024T08:39:16 - [TEST_STEP][PASSED] - otpusk = otpusk.replaceAll("\s+", ""): null

15-11-2024T08:39:16 - [TEST_STEP][PASSED] - poteri = poteri.replaceAll("\s+", ""): null

15-11-2024T08:39:16 - [TEST_STEP][PASSED] - typeOfData = typeOfDataMain + " Отпуск в сеть": null

15-11-2024T08:39:16 - [TEST_STEP][PASSED] - if (a == 82): null

15-11-2024T08:39:16 - [TEST_STEP][PASSED] - else if (a == 84): null

15-11-2024T08:39:16 - [TEST_STEP][PASSED] - path = dataFolder + typeOfData + " за отчётный период " + "ПАО Россети": null

15-11-2024T08:39:16 - [TEST_STEP][PASSED] - println(path): null

15-11-2024T08:39:16 - [TEST_STEP][PASSED] - page = getText(findTestObject(path)): Text of object 'Object Repository/Выполнение бизнес-плана/Значения со страницы Выполнение бизнес-плана/Факт Отпуск в сеть за отчётный период ПАО Россети' is: '192 247 697'

15-11-2024T08:39:46 - [MESSAGE][PASSED] - Text of object 'Object Repository/Выполнение бизнес-плана/Значения со страницы Выполнение бизнес-плана/Факт Отпуск в сеть за отчётный период ПАО Россети' is: '192 247 697'

15-11-2024T08:39:46 - [TEST_STEP][PASSED] - page = page.replaceAll("\s+", ""): null

15-11-2024T08:39:46 - [TEST_STEP][PASSED] - fileOtpuskVSet = otpusk.toInteger(): null

15-11-2024T08:39:46 - [TEST_STEP][PASSED] - pageOtpuskVSet = page.toInteger(): null

15-11-2024T08:39:46 - [TEST_STEP][PASSED] - typeOfData = typeOfDataMain + " Потери": null

15-11-2024T08:39:46 - [TEST_STEP][PASSED] - if (a == 82): null

15-11-2024T08:39:46 - [TEST_STEP][PASSED] - else if (a == 84): null

15-11-2024T08:39:46 - [TEST_STEP][PASSED] - path = dataFolder + typeOfData + " за отчётный период " + "ПАО Россети": null

15-11-2024T08:39:46 - [TEST_STEP][PASSED] - page = getText(findTestObject(path)): Text of object 'Object Repository/Выполнение бизнес-плана/Значения со страницы Выполнение бизнес-плана/Факт Потери за отчётный период ПАО Россети' is: '17 195 829'

15-11-2024T08:40:16 - [MESSAGE][PASSED] - Text of object 'Object Repository/Выполнение бизнес-плана/Значения со страницы Выполнение бизнес-плана/Факт Потери за отчётный период ПАО Россети' is: '17 195 829'

15-11-2024T08:40:16 - [TEST_STEP][PASSED] - page = page.replaceAll("\s+", ""): null

15-11-2024T08:40:16 - [TEST_STEP][PASSED] - filePoteri = poteri.toInteger(): null

15-11-2024T08:40:16 - [TEST_STEP][PASSED] - pagePoteri = page.toInteger(): null

15-11-2024T08:40:16 - [TEST_STEP][PASSED] - compare = pageOtpuskVSet: null

15-11-2024T08:40:16 - [TEST_STEP][PASSED] - if (compare == fileOtpuskVSet): null

15-11-2024T08:40:16 - [TEST_STEP][PASSED] - else if (compare > fileOtpuskVSet): null

15-11-2024T08:40:16 - [TEST_STEP][PASSED] - else if (compare < fileOtpuskVSet): null

15-11-2024T08:40:16 - [TEST_STEP][PASSED] - compare = compare + 1: null

15-11-2024T08:40:16 - [TEST_STEP][PASSED] - if (compare == fileOtpuskVSet): null

15-11-2024T08:40:16 - [TEST_STEP][PASSED] - else: null

15-11-2024T08:40:16 - [TEST_STEP][PASSED] - numberOfErrors = numberOfErrors + 1: null

15-11-2024T08:40:16 - [TEST_STEP][PASSED] - pageInt = pageOtpuskVSet: null

15-11-2024T08:40:16 - [TEST_STEP][PASSED] - fileInt = fileOtpuskVSet: null

15-11-2024T08:40:16 - [TEST_STEP][PASSED] - typeOfData = typeOfDataMain + " Отпуск в сеть": null

15-11-2024T08:40:16 - [TEST_STEP][PASSED] - Script1718980020443.WriteToExcel(a, typeOfData, todaysDate, pageInt, fileInt, pageDouble, fileDouble, dZO): null

15-11-2024T08:40:16 - [TEST_STEP][PASSED] - sheetName = "Sheet1": null

15-11-2024T08:40:16 - [TEST_STEP][PASSED] - data = findTestData("PlanFact"): null

15-11-2024T08:40:17 - [TEST_STEP][PASSED] - n = data.getRowNumbers() + 1: null

15-11-2024T08:40:17 - [TEST_STEP][PASSED] - year = todaysDate.substring(todaysDate.length() - 4, todaysDate.length()): null

15-11-2024T08:40:17 - [TEST_STEP][PASSED] - y = year.toInteger(): null

15-11-2024T08:40:17 - [TEST_STEP][PASSED] - m = getText(findTestObject("Выполнение бизнес-плана/Период")): Text of object 'Object Repository/Выполнение бизнес-плана/Период' is: '1, 2, 3 кв. 2024 года'

15-11-2024T08:40:47 - [MESSAGE][PASSED] - Text of object 'Object Repository/Выполнение бизнес-плана/Период' is: '1, 2, 3 кв. 2024 года'

15-11-2024T08:40:47 - [TEST_STEP][PASSED] - m = m.substring(0, m.indexOf("2024")): null

15-11-2024T08:40:47 - [TEST_STEP][PASSED] - m = m.trim(): null

15-11-2024T08:40:47 - [TEST_STEP][PASSED] - dashboardName = "Выполнение бизнес-плана": null

15-11-2024T08:40:47 - [TEST_STEP][PASSED] - workbook01 = getWorkbook(excelFilePath): null

15-11-2024T08:40:47 - [TEST_STEP][PASSED] - sheet01 = getExcelSheet(workbook01, sheetName): null

15-11-2024T08:40:47 - [TEST_STEP][PASSED] - setValueToCellByIndex(sheet01, n, 0, dashboardName): null

15-11-2024T08:40:47 - [TEST_STEP][PASSED] - setValueToCellByIndex(sheet01, n, 1, dZO): null

15-11-2024T08:40:47 - [TEST_STEP][PASSED] - setValueToCellByIndex(sheet01, n, 2, typeOfData): null

15-11-2024T08:40:47 - [TEST_STEP][PASSED] - if (typeOfData == "Факт в процентах" || typeOfData == "План в процентах"): null

15-11-2024T08:40:47 - [TEST_STEP][PASSED] - else: null

15-11-2024T08:40:47 - [TEST_STEP][PASSED] - setValueToCellByIndex(sheet01, n, 3, fileInt): null

15-11-2024T08:40:47 - [TEST_STEP][PASSED] - setValueToCellByIndex(sheet01, n, 4, pageInt): null

15-11-2024T08:40:47 - [TEST_STEP][PASSED] - setValueToCellByIndex(sheet01, n, 5, m): null

15-11-2024T08:40:47 - [TEST_STEP][PASSED] - setValueToCellByIndex(sheet01, n, 6, y): null

15-11-2024T08:40:47 - [TEST_STEP][PASSED] - setValueToCellByIndex(sheet01, n, 7, todaysDate): null

15-11-2024T08:40:47 - [TEST_STEP][PASSED] - n = n + 1: null

15-11-2024T08:40:47 - [TEST_STEP][PASSED] - saveWorkbook(excelFilePath, workbook01): null

15-11-2024T08:40:47 - [TEST_STEP][PASSED] - compare = pagePoteri: null

15-11-2024T08:40:47 - [TEST_STEP][PASSED] - if (compare == filePoteri): null

15-11-2024T08:40:47 - [TEST_STEP][PASSED] - else if (compare > filePoteri): null

15-11-2024T08:40:47 - [TEST_STEP][PASSED] - else if (compare < filePoteri): null

15-11-2024T08:40:47 - [TEST_STEP][PASSED] - compare = compare + 1: null

15-11-2024T08:40:47 - [TEST_STEP][PASSED] - if (compare == filePoteri): null

15-11-2024T08:40:47 - [TEST_STEP][PASSED] - else: null

15-11-2024T08:40:47 - [TEST_STEP][PASSED] - numberOfErrors = numberOfErrors + 1: null

15-11-2024T08:40:47 - [TEST_STEP][PASSED] - pageInt = pagePoteri: null

15-11-2024T08:40:47 - [TEST_STEP][PASSED] - fileInt = filePoteri: null

15-11-2024T08:40:47 - [TEST_STEP][PASSED] - typeOfData = typeOfDataMain + " Потери": null

15-11-2024T08:40:47 - [TEST_STEP][PASSED] - Script1718980020443.WriteToExcel(a, typeOfData, todaysDate, pageInt, fileInt, pageDouble, fileDouble, dZO): null

15-11-2024T08:40:47 - [TEST_STEP][PASSED] - sheetName = "Sheet1": null

15-11-2024T08:40:47 - [TEST_STEP][PASSED] - data = findTestData("PlanFact"): null

15-11-2024T08:40:47 - [TEST_STEP][PASSED] - n = data.getRowNumbers() + 1: null

15-11-2024T08:40:47 - [TEST_STEP][PASSED] - year = todaysDate.substring(todaysDate.length() - 4, todaysDate.length()): null

15-11-2024T08:40:47 - [TEST_STEP][PASSED] - y = year.toInteger(): null

15-11-2024T08:40:47 - [TEST_STEP][PASSED] - m = getText(findTestObject("Выполнение бизнес-плана/Период")): Text of object 'Object Repository/Выполнение бизнес-плана/Период' is: '1, 2, 3 кв. 2024 года'

15-11-2024T08:41:17 - [MESSAGE][PASSED] - Text of object 'Object Repository/Выполнение бизнес-плана/Период' is: '1, 2, 3 кв. 2024 года'

15-11-2024T08:41:17 - [TEST_STEP][PASSED] - m = m.substring(0, m.indexOf("2024")): null

15-11-2024T08:41:17 - [TEST_STEP][PASSED] - m = m.trim(): null

15-11-2024T08:41:17 - [TEST_STEP][PASSED] - dashboardName = "Выполнение бизнес-плана": null

15-11-2024T08:41:17 - [TEST_STEP][PASSED] - workbook01 = getWorkbook(excelFilePath): null

15-11-2024T08:41:18 - [TEST_STEP][PASSED] - sheet01 = getExcelSheet(workbook01, sheetName): null

15-11-2024T08:41:18 - [TEST_STEP][PASSED] - setValueToCellByIndex(sheet01, n, 0, dashboardName): null

15-11-2024T08:41:18 - [TEST_STEP][PASSED] - setValueToCellByIndex(sheet01, n, 1, dZO): null

15-11-2024T08:41:18 - [TEST_STEP][PASSED] - setValueToCellByIndex(sheet01, n, 2, typeOfData): null

15-11-2024T08:41:18 - [TEST_STEP][PASSED] - if (typeOfData == "Факт в процентах" || typeOfData == "План в процентах"): null

15-11-2024T08:41:18 - [TEST_STEP][PASSED] - else: null

15-11-2024T08:41:18 - [TEST_STEP][PASSED] - setValueToCellByIndex(sheet01, n, 3, fileInt): null

15-11-2024T08:41:18 - [TEST_STEP][PASSED] - setValueToCellByIndex(sheet01, n, 4, pageInt): null

15-11-2024T08:41:18 - [TEST_STEP][PASSED] - setValueToCellByIndex(sheet01, n, 5, m): null

15-11-2024T08:41:18 - [TEST_STEP][PASSED] - setValueToCellByIndex(sheet01, n, 6, y): null

15-11-2024T08:41:18 - [TEST_STEP][PASSED] - setValueToCellByIndex(sheet01, n, 7, todaysDate): null

15-11-2024T08:41:18 - [TEST_STEP][PASSED] - n = n + 1: null

15-11-2024T08:41:18 - [TEST_STEP][PASSED] - saveWorkbook(excelFilePath, workbook01): null

15-11-2024T08:41:18 - [TEST_STEP][PASSED] - if (planFact == 2): null

15-11-2024T08:41:18 - [TEST_STEP][PASSED] - if (planFact == 1): null

15-11-2024T08:41:18 - [TEST_STEP][PASSED] - else if (planFact == 2): null

15-11-2024T08:41:18 - [TEST_STEP][PASSED] - click(findTestObject("Выполнение бизнес-плана/Кнопка План")): Object: 'Object Repository/Выполнение бизнес-плана/Кнопка План' is clicked on

15-11-2024T08:41:48 - [MESSAGE][PASSED] - Object: 'Object Repository/Выполнение бизнес-плана/Кнопка План' is clicked on

15-11-2024T08:41:48 - [TEST_STEP][PASSED] - typeOfDataMain = "План": null

15-11-2024T08:41:48 - [TEST_STEP][PASSED] - otpusk = findTestData("PlanFact").getValue(2, a): null

15-11-2024T08:41:48 - [TEST_STEP][PASSED] - poteri = findTestData("PlanFact").getValue(3, a): null

15-11-2024T08:41:48 - [TEST_STEP][PASSED] - otpusk = otpusk.replaceAll("\s+", ""): null

15-11-2024T08:41:48 - [TEST_STEP][PASSED] - poteri = poteri.replaceAll("\s+", ""): null

15-11-2024T08:41:48 - [TEST_STEP][PASSED] - typeOfData = typeOfDataMain + " Отпуск в сеть": null

15-11-2024T08:41:48 - [TEST_STEP][PASSED] - if (a == 82): null

15-11-2024T08:41:48 - [TEST_STEP][PASSED] - else if (a == 84): null

15-11-2024T08:41:48 - [TEST_STEP][PASSED] - path = dataFolder + typeOfData + " за отчётный период " + "ПАО Россети": null

15-11-2024T08:41:48 - [TEST_STEP][PASSED] - println(path): null

15-11-2024T08:41:48 - [TEST_STEP][PASSED] - page = getText(findTestObject(path)): Text of object 'Object Repository/Выполнение бизнес-плана/Значения со страницы Выполнение бизнес-плана/План Отпуск в сеть за отчётный период ПАО Россети' is: '187 501 364'

15-11-2024T08:42:18 - [MESSAGE][PASSED] - Text of object 'Object Repository/Выполнение бизнес-плана/Значения со страницы Выполнение бизнес-плана/План Отпуск в сеть за отчётный период ПАО Россети' is: '187 501 364'

15-11-2024T08:42:18 - [TEST_STEP][PASSED] - page = page.replaceAll("\s+", ""): null

15-11-2024T08:42:18 - [TEST_STEP][PASSED] - fileOtpuskVSet = otpusk.toInteger(): null

15-11-2024T08:42:18 - [TEST_STEP][PASSED] - pageOtpuskVSet = page.toInteger(): null

15-11-2024T08:42:18 - [TEST_STEP][PASSED] - typeOfData = typeOfDataMain + " Потери": null

15-11-2024T08:42:18 - [TEST_STEP][PASSED] - if (a == 82): null

15-11-2024T08:42:18 - [TEST_STEP][PASSED] - else if (a == 84): null

15-11-2024T08:42:18 - [TEST_STEP][PASSED] - path = dataFolder + typeOfData + " за отчётный период " + "ПАО Россети": null

15-11-2024T08:42:18 - [TEST_STEP][PASSED] - page = getText(findTestObject(path)): Text of object 'Object Repository/Выполнение бизнес-плана/Значения со страницы Выполнение бизнес-плана/План Потери за отчётный период ПАО Россети' is: '16 062 691'

15-11-2024T08:42:48 - [MESSAGE][PASSED] - Text of object 'Object Repository/Выполнение бизнес-плана/Значения со страницы Выполнение бизнес-плана/План Потери за отчётный период ПАО Россети' is: '16 062 691'

15-11-2024T08:42:48 - [TEST_STEP][PASSED] - page = page.replaceAll("\s+", ""): null

15-11-2024T08:42:48 - [TEST_STEP][PASSED] - filePoteri = poteri.toInteger(): null

15-11-2024T08:42:48 - [TEST_STEP][PASSED] - pagePoteri = page.toInteger(): null

15-11-2024T08:42:48 - [TEST_STEP][PASSED] - compare = pageOtpuskVSet: null

15-11-2024T08:42:48 - [TEST_STEP][PASSED] - if (compare == fileOtpuskVSet): null

15-11-2024T08:42:48 - [TEST_STEP][PASSED] - else if (compare > fileOtpuskVSet): null

15-11-2024T08:42:48 - [TEST_STEP][PASSED] - else if (compare < fileOtpuskVSet): null

15-11-2024T08:42:48 - [TEST_STEP][PASSED] - compare = compare + 1: null

15-11-2024T08:42:48 - [TEST_STEP][PASSED] - if (compare == fileOtpuskVSet): null

15-11-2024T08:42:48 - [TEST_STEP][PASSED] - else: null

15-11-2024T08:42:48 - [TEST_STEP][PASSED] - numberOfErrors = numberOfErrors + 1: null

15-11-2024T08:42:48 - [TEST_STEP][PASSED] - pageInt = pageOtpuskVSet: null

15-11-2024T08:42:48 - [TEST_STEP][PASSED] - fileInt = fileOtpuskVSet: null

15-11-2024T08:42:48 - [TEST_STEP][PASSED] - typeOfData = typeOfDataMain + " Отпуск в сеть": null

15-11-2024T08:42:48 - [TEST_STEP][PASSED] - Script1718980020443.WriteToExcel(a, typeOfData, todaysDate, pageInt, fileInt, pageDouble, fileDouble, dZO): null

15-11-2024T08:42:48 - [TEST_STEP][PASSED] - sheetName = "Sheet1": null

15-11-2024T08:42:48 - [TEST_STEP][PASSED] - data = findTestData("PlanFact"): null

15-11-2024T08:42:48 - [TEST_STEP][PASSED] - n = data.getRowNumbers() + 1: null

15-11-2024T08:42:48 - [TEST_STEP][PASSED] - year = todaysDate.substring(todaysDate.length() - 4, todaysDate.length()): null

15-11-2024T08:42:48 - [TEST_STEP][PASSED] - y = year.toInteger(): null

15-11-2024T08:42:48 - [TEST_STEP][PASSED] - m = getText(findTestObject("Выполнение бизнес-плана/Период")): Text of object 'Object Repository/Выполнение бизнес-плана/Период' is: '1, 2, 3 кв. 2024 года'

15-11-2024T08:43:18 - [MESSAGE][PASSED] - Text of object 'Object Repository/Выполнение бизнес-плана/Период' is: '1, 2, 3 кв. 2024 года'

15-11-2024T08:43:18 - [TEST_STEP][PASSED] - m = m.substring(0, m.indexOf("2024")): null

15-11-2024T08:43:18 - [TEST_STEP][PASSED] - m = m.trim(): null

15-11-2024T08:43:18 - [TEST_STEP][PASSED] - dashboardName = "Выполнение бизнес-плана": null

15-11-2024T08:43:18 - [TEST_STEP][PASSED] - workbook01 = getWorkbook(excelFilePath): null

15-11-2024T08:43:18 - [TEST_STEP][PASSED] - sheet01 = getExcelSheet(workbook01, sheetName): null

15-11-2024T08:43:18 - [TEST_STEP][PASSED] - setValueToCellByIndex(sheet01, n, 0, dashboardName): null

15-11-2024T08:43:18 - [TEST_STEP][PASSED] - setValueToCellByIndex(sheet01, n, 1, dZO): null

15-11-2024T08:43:18 - [TEST_STEP][PASSED] - setValueToCellByIndex(sheet01, n, 2, typeOfData): null

15-11-2024T08:43:18 - [TEST_STEP][PASSED] - if (typeOfData == "Факт в процентах" || typeOfData == "План в процентах"): null

15-11-2024T08:43:18 - [TEST_STEP][PASSED] - else: null

15-11-2024T08:43:18 - [TEST_STEP][PASSED] - setValueToCellByIndex(sheet01, n, 3, fileInt): null

15-11-2024T08:43:18 - [TEST_STEP][PASSED] - setValueToCellByIndex(sheet01, n, 4, pageInt): null

15-11-2024T08:43:18 - [TEST_STEP][PASSED] - setValueToCellByIndex(sheet01, n, 5, m): null

15-11-2024T08:43:18 - [TEST_STEP][PASSED] - setValueToCellByIndex(sheet01, n, 6, y): null

15-11-2024T08:43:18 - [TEST_STEP][PASSED] - setValueToCellByIndex(sheet01, n, 7, todaysDate): null

15-11-2024T08:43:18 - [TEST_STEP][PASSED] - n = n + 1: null

15-11-2024T08:43:18 - [TEST_STEP][PASSED] - saveWorkbook(excelFilePath, workbook01): null

15-11-2024T08:43:19 - [TEST_STEP][PASSED] - compare = pagePoteri: null

15-11-2024T08:43:19 - [TEST_STEP][PASSED] - if (compare == filePoteri): null

15-11-2024T08:43:19 - [TEST_STEP][PASSED] - else if (compare > filePoteri): null

15-11-2024T08:43:19 - [TEST_STEP][PASSED] - else if (compare < filePoteri): null

15-11-2024T08:43:19 - [TEST_STEP][PASSED] - compare = compare + 1: null

15-11-2024T08:43:19 - [TEST_STEP][PASSED] - if (compare == filePoteri): null

15-11-2024T08:43:19 - [TEST_STEP][PASSED] - else: null

15-11-2024T08:43:19 - [TEST_STEP][PASSED] - numberOfErrors = numberOfErrors + 1: null

15-11-2024T08:43:19 - [TEST_STEP][PASSED] - pageInt = pagePoteri: null

15-11-2024T08:43:19 - [TEST_STEP][PASSED] - fileInt = filePoteri: null

15-11-2024T08:43:19 - [TEST_STEP][PASSED] - typeOfData = typeOfDataMain + " Потери": null

15-11-2024T08:43:19 - [TEST_STEP][PASSED] - Script1718980020443.WriteToExcel(a, typeOfData, todaysDate, pageInt, fileInt, pageDouble, fileDouble, dZO): null

15-11-2024T08:43:19 - [TEST_STEP][PASSED] - sheetName = "Sheet1": null

15-11-2024T08:43:19 - [TEST_STEP][PASSED] - data = findTestData("PlanFact"): null

15-11-2024T08:43:19 - [TEST_STEP][PASSED] - n = data.getRowNumbers() + 1: null

15-11-2024T08:43:19 - [TEST_STEP][PASSED] - year = todaysDate.substring(todaysDate.length() - 4, todaysDate.length()): null

15-11-2024T08:43:19 - [TEST_STEP][PASSED] - y = year.toInteger(): null

15-11-2024T08:43:19 - [TEST_STEP][PASSED] - m = getText(findTestObject("Выполнение бизнес-плана/Период")): Text of object 'Object Repository/Выполнение бизнес-плана/Период' is: '1, 2, 3 кв. 2024 года'

15-11-2024T08:43:49 - [MESSAGE][PASSED] - Text of object 'Object Repository/Выполнение бизнес-плана/Период' is: '1, 2, 3 кв. 2024 года'

15-11-2024T08:43:49 - [TEST_STEP][PASSED] - m = m.substring(0, m.indexOf("2024")): null

15-11-2024T08:43:49 - [TEST_STEP][PASSED] - m = m.trim(): null

15-11-2024T08:43:49 - [TEST_STEP][PASSED] - dashboardName = "Выполнение бизнес-плана": null

15-11-2024T08:43:49 - [TEST_STEP][PASSED] - workbook01 = getWorkbook(excelFilePath): null

15-11-2024T08:43:49 - [TEST_STEP][PASSED] - sheet01 = getExcelSheet(workbook01, sheetName): null

15-11-2024T08:43:49 - [TEST_STEP][PASSED] - setValueToCellByIndex(sheet01, n, 0, dashboardName): null

15-11-2024T08:43:49 - [TEST_STEP][PASSED] - setValueToCellByIndex(sheet01, n, 1, dZO): null

15-11-2024T08:43:49 - [TEST_STEP][PASSED] - setValueToCellByIndex(sheet01, n, 2, typeOfData): null

15-11-2024T08:43:49 - [TEST_STEP][PASSED] - if (typeOfData == "Факт в процентах" || typeOfData == "План в процентах"): null

15-11-2024T08:43:49 - [TEST_STEP][PASSED] - else: null

15-11-2024T08:43:49 - [TEST_STEP][PASSED] - setValueToCellByIndex(sheet01, n, 3, fileInt): null

15-11-2024T08:43:49 - [TEST_STEP][PASSED] - setValueToCellByIndex(sheet01, n, 4, pageInt): null

15-11-2024T08:43:49 - [TEST_STEP][PASSED] - setValueToCellByIndex(sheet01, n, 5, m): null

15-11-2024T08:43:49 - [TEST_STEP][PASSED] - setValueToCellByIndex(sheet01, n, 6, y): null

15-11-2024T08:43:49 - [TEST_STEP][PASSED] - setValueToCellByIndex(sheet01, n, 7, todaysDate): null

15-11-2024T08:43:49 - [TEST_STEP][PASSED] - n = n + 1: null

15-11-2024T08:43:49 - [TEST_STEP][PASSED] - saveWorkbook(excelFilePath, workbook01): Object: 'Object Repository/Выполнение бизнес-плана/Кнопка Факт' is clicked on

15-11-2024T08:43:49 - [TEST_STEP][PASSED] - if (planFact == 2): Object: 'Object Repository/Выполнение бизнес-плана/Кнопка Факт' is clicked on

15-11-2024T08:43:49 - [TEST_STEP][PASSED] - click(findTestObject("Выполнение бизнес-плана/Кнопка Факт")): Object: 'Object Repository/Выполнение бизнес-плана/Кнопка Факт' is clicked on

15-11-2024T08:44:19 - [MESSAGE][PASSED] - Object: 'Object Repository/Выполнение бизнес-плана/Кнопка Факт' is clicked on

15-11-2024T08:44:19 - [TEST_STEP][PASSED] - if (a == 84 || a == 82): null

15-11-2024T08:44:19 - [TEST_STEP][PASSED] - page = getText(findTestObject("Выполнение бизнес-плана/textPlanFact")): Text of object 'Object Repository/Выполнение бизнес-плана/textPlanFact' is: '%
5.29 5.29
5.26 5.26
План
Факт
1
100'

15-11-2024T08:44:49 - [MESSAGE][PASSED] - Text of object 'Object Repository/Выполнение бизнес-плана/textPlanFact' is: '%
5.29 5.29
5.26 5.26
План
Факт
1
100'

15-11-2024T08:44:49 - [TEST_STEP][PASSED] - page = page.replaceAll("\n", "_"): null

15-11-2024T08:44:49 - [TEST_STEP][PASSED] - page = page.substring(page.indexOf("_") + 1, page.length()): null

15-11-2024T08:44:49 - [TEST_STEP][PASSED] - page1 = page.substring(0, page.indexOf("_")): null

15-11-2024T08:44:49 - [TEST_STEP][PASSED] - page1 = page.substring(0, page.indexOf(" ")): null

15-11-2024T08:44:49 - [TEST_STEP][PASSED] - page2 = page.substring(page.indexOf("_") + 1, page.length()): null

15-11-2024T08:44:49 - [TEST_STEP][PASSED] - page2 = page2.substring(0, page.indexOf("_")): null

15-11-2024T08:44:49 - [TEST_STEP][PASSED] - page2 = page2.substring(0, page.indexOf(" ")): null

15-11-2024T08:44:49 - [TEST_STEP][PASSED] - println("page1: " + page1): null

15-11-2024T08:44:49 - [TEST_STEP][PASSED] - println("page2: " + page2): null

15-11-2024T08:44:49 - [TEST_STEP][PASSED] - file = findTestData("PlanFact").getValue(4, a): null

15-11-2024T08:44:49 - [TEST_STEP][PASSED] - file = file.replace(",", "."): null

15-11-2024T08:44:49 - [TEST_STEP][PASSED] - println("file Plan: " + file): null

15-11-2024T08:44:49 - [TEST_STEP][PASSED] - typeOfData = "План в процентах": null

15-11-2024T08:44:49 - [TEST_STEP][PASSED] - fileDouble = file.toDouble(): null

15-11-2024T08:44:49 - [TEST_STEP][PASSED] - pageDouble = page1.toDouble(): null

15-11-2024T08:44:49 - [TEST_STEP][PASSED] - if (fileDouble != pageDouble): null

15-11-2024T08:44:49 - [TEST_STEP][PASSED] - numberOfErrors = numberOfErrors + 1: null

15-11-2024T08:44:49 - [TEST_STEP][PASSED] - Script1718980020443.WriteToExcel(a, typeOfData, todaysDate, pageInt, fileInt, pageDouble, fileDouble, dZO): null

15-11-2024T08:44:49 - [TEST_STEP][PASSED] - sheetName = "Sheet1": null

15-11-2024T08:44:49 - [TEST_STEP][PASSED] - data = findTestData("PlanFact"): null

15-11-2024T08:44:49 - [TEST_STEP][PASSED] - n = data.getRowNumbers() + 1: null

15-11-2024T08:44:49 - [TEST_STEP][PASSED] - year = todaysDate.substring(todaysDate.length() - 4, todaysDate.length()): null

15-11-2024T08:44:49 - [TEST_STEP][PASSED] - y = year.toInteger(): null

15-11-2024T08:44:49 - [TEST_STEP][PASSED] - m = getText(findTestObject("Выполнение бизнес-плана/Период")): Text of object 'Object Repository/Выполнение бизнес-плана/Период' is: '1, 2, 3 кв. 2024 года'

15-11-2024T08:45:20 - [MESSAGE][PASSED] - Text of object 'Object Repository/Выполнение бизнес-плана/Период' is: '1, 2, 3 кв. 2024 года'

15-11-2024T08:45:20 - [TEST_STEP][PASSED] - m = m.substring(0, m.indexOf("2024")): null

15-11-2024T08:45:20 - [TEST_STEP][PASSED] - m = m.trim(): null

15-11-2024T08:45:20 - [TEST_STEP][PASSED] - dashboardName = "Выполнение бизнес-плана": null

15-11-2024T08:45:20 - [TEST_STEP][PASSED] - workbook01 = getWorkbook(excelFilePath): null

15-11-2024T08:45:20 - [TEST_STEP][PASSED] - sheet01 = getExcelSheet(workbook01, sheetName): null

15-11-2024T08:45:20 - [TEST_STEP][PASSED] - setValueToCellByIndex(sheet01, n, 0, dashboardName): null

15-11-2024T08:45:20 - [TEST_STEP][PASSED] - setValueToCellByIndex(sheet01, n, 1, dZO): null

15-11-2024T08:45:20 - [TEST_STEP][PASSED] - setValueToCellByIndex(sheet01, n, 2, typeOfData): null

15-11-2024T08:45:20 - [TEST_STEP][PASSED] - if (typeOfData == "Факт в процентах" || typeOfData == "План в процентах"): null

15-11-2024T08:45:20 - [TEST_STEP][PASSED] - setValueToCellByIndex(sheet01, n, 3, fileDouble): null

15-11-2024T08:45:20 - [TEST_STEP][PASSED] - setValueToCellByIndex(sheet01, n, 4, pageDouble): null

15-11-2024T08:45:20 - [TEST_STEP][PASSED] - setValueToCellByIndex(sheet01, n, 5, m): null

15-11-2024T08:45:20 - [TEST_STEP][PASSED] - setValueToCellByIndex(sheet01, n, 6, y): null

15-11-2024T08:45:20 - [TEST_STEP][PASSED] - setValueToCellByIndex(sheet01, n, 7, todaysDate): null

15-11-2024T08:45:20 - [TEST_STEP][PASSED] - n = n + 1: null

15-11-2024T08:45:20 - [TEST_STEP][PASSED] - saveWorkbook(excelFilePath, workbook01): null

15-11-2024T08:45:20 - [TEST_STEP][PASSED] - file = findTestData("PlanFact").getValue(7, a): null

15-11-2024T08:45:20 - [TEST_STEP][PASSED] - file = file.replace(",", "."): null

15-11-2024T08:45:20 - [TEST_STEP][PASSED] - println("file Fact: " + file): null

15-11-2024T08:45:20 - [TEST_STEP][PASSED] - fileDouble = file.toDouble(): null

15-11-2024T08:45:20 - [TEST_STEP][PASSED] - typeOfData = "Факт в процентах": null

15-11-2024T08:45:20 - [TEST_STEP][PASSED] - fileDouble = file.toDouble(): null

15-11-2024T08:45:20 - [TEST_STEP][PASSED] - pageDouble = page2.toDouble(): null

15-11-2024T08:45:20 - [TEST_STEP][PASSED] - if (fileDouble != pageDouble): null

15-11-2024T08:45:20 - [TEST_STEP][PASSED] - numberOfErrors = numberOfErrors + 1: null

15-11-2024T08:45:20 - [TEST_STEP][PASSED] - Script1718980020443.WriteToExcel(a, typeOfData, todaysDate, pageInt, fileInt, pageDouble, fileDouble, dZO): null

15-11-2024T08:45:20 - [TEST_STEP][PASSED] - sheetName = "Sheet1": null

15-11-2024T08:45:20 - [TEST_STEP][PASSED] - data = findTestData("PlanFact"): null

15-11-2024T08:45:20 - [TEST_STEP][PASSED] - n = data.getRowNumbers() + 1: null

15-11-2024T08:45:20 - [TEST_STEP][PASSED] - year = todaysDate.substring(todaysDate.length() - 4, todaysDate.length()): null

15-11-2024T08:45:20 - [TEST_STEP][PASSED] - y = year.toInteger(): null

15-11-2024T08:45:20 - [TEST_STEP][PASSED] - m = getText(findTestObject("Выполнение бизнес-плана/Период")): Text of object 'Object Repository/Выполнение бизнес-плана/Период' is: '1, 2, 3 кв. 2024 года'

15-11-2024T08:45:50 - [MESSAGE][PASSED] - Text of object 'Object Repository/Выполнение бизнес-плана/Период' is: '1, 2, 3 кв. 2024 года'

15-11-2024T08:45:50 - [TEST_STEP][PASSED] - m = m.substring(0, m.indexOf("2024")): null

15-11-2024T08:45:50 - [TEST_STEP][PASSED] - m = m.trim(): null

15-11-2024T08:45:50 - [TEST_STEP][PASSED] - dashboardName = "Выполнение бизнес-плана": null

15-11-2024T08:45:50 - [TEST_STEP][PASSED] - workbook01 = getWorkbook(excelFilePath): null

15-11-2024T08:45:50 - [TEST_STEP][PASSED] - sheet01 = getExcelSheet(workbook01, sheetName): null

15-11-2024T08:45:50 - [TEST_STEP][PASSED] - setValueToCellByIndex(sheet01, n, 0, dashboardName): null

15-11-2024T08:45:50 - [TEST_STEP][PASSED] - setValueToCellByIndex(sheet01, n, 1, dZO): null

15-11-2024T08:45:50 - [TEST_STEP][PASSED] - setValueToCellByIndex(sheet01, n, 2, typeOfData): null

15-11-2024T08:45:50 - [TEST_STEP][PASSED] - if (typeOfData == "Факт в процентах" || typeOfData == "План в процентах"): null

15-11-2024T08:45:50 - [TEST_STEP][PASSED] - setValueToCellByIndex(sheet01, n, 3, fileDouble): null

15-11-2024T08:45:50 - [TEST_STEP][PASSED] - setValueToCellByIndex(sheet01, n, 4, pageDouble): null

15-11-2024T08:45:50 - [TEST_STEP][PASSED] - setValueToCellByIndex(sheet01, n, 5, m): null

15-11-2024T08:45:50 - [TEST_STEP][PASSED] - setValueToCellByIndex(sheet01, n, 6, y): null

15-11-2024T08:45:50 - [TEST_STEP][PASSED] - setValueToCellByIndex(sheet01, n, 7, todaysDate): null

15-11-2024T08:45:50 - [TEST_STEP][PASSED] - n = n + 1: null

15-11-2024T08:45:50 - [TEST_STEP][PASSED] - saveWorkbook(excelFilePath, workbook01): null

15-11-2024T08:45:50 - [TEST_STEP][FAILED] - if (verifyEqual(numberOfErrors, 0) == false): null

15-11-2024T08:45:50 - [MESSAGE][FAILED] - Unable to verify equal between actual object '6' and expected object '0' (Root cause: com.kms.katalon.core.exception.StepFailedException: Actual object '6' and expected object '0' are not equal
	at com.kms.katalon.core.keyword.builtin.VerifyEqualKeyword$_verifyEqual_closure1.doCall(VerifyEqualKeyword.groovy:58)
	at com.kms.katalon.core.keyword.builtin.VerifyEqualKeyword$_verifyEqual_closure1.call(VerifyEqualKeyword.groovy)
	at com.kms.katalon.core.keyword.internal.KeywordMain.runKeyword(KeywordMain.groovy:75)
	at com.kms.katalon.core.keyword.builtin.VerifyEqualKeyword.verifyEqual(VerifyEqualKeyword.groovy:63)
	at com.kms.katalon.core.keyword.builtin.VerifyEqualKeyword.execute(VerifyEqualKeyword.groovy:44)
	at com.kms.katalon.core.keyword.internal.KeywordExecutor.executeKeywordForPlatform(KeywordExecutor.groovy:74)
	at com.kms.katalon.core.keyword.BuiltinKeywords.verifyEqual(BuiltinKeywords.groovy:146)
	at java.base/jdk.internal.reflect.NativeMethodAccessorImpl.invoke0(Native Method)
	at java.base/jdk.internal.reflect.NativeMethodAccessorImpl.invoke(NativeMethodAccessorImpl.java:77)
	at java.base/jdk.internal.reflect.DelegatingMethodAccessorImpl.invoke(DelegatingMethodAccessorImpl.java:43)
	at Выполнение бизнес-плана Сверка ПАО Россети все филиалы.Numbers(Выполнение бизнес-плана Сверка ПАО Россети все филиалы:740)
	at Выполнение бизнес-плана Сверка ПАО Россети все филиалы.run(Выполнение бизнес-плана Сверка ПАО Россети все филиалы:189)
	at com.kms.katalon.core.main.ScriptEngine.run(ScriptEngine.java:194)
	at com.kms.katalon.core.main.ScriptEngine.runScriptAsRawText(ScriptEngine.java:119)
	at com.kms.katalon.core.main.TestCaseExecutor.runScript(TestCaseExecutor.java:448)
	at com.kms.katalon.core.main.TestCaseExecutor.doExecute(TestCaseExecutor.java:439)
	at com.kms.katalon.core.main.TestCaseExecutor.processExecutionPhase(TestCaseExecutor.java:418)
	at com.kms.katalon.core.main.TestCaseExecutor.accessMainPhase(TestCaseExecutor.java:410)
	at com.kms.katalon.core.main.TestCaseExecutor.execute(TestCaseExecutor.java:285)
	at com.kms.katalon.core.common.CommonExecutor.accessTestCaseMainPhase(CommonExecutor.java:65)
	at com.kms.katalon.core.main.TestSuiteExecutor.accessTestSuiteMainPhase(TestSuiteExecutor.java:150)
	at com.kms.katalon.core.main.TestSuiteExecutor.execute(TestSuiteExecutor.java:106)
	at com.kms.katalon.core.main.TestCaseMain.startTestSuite(TestCaseMain.java:180)
	at TempTestSuite1731647997681.run(TempTestSuite1731647997681.groovy:35)
	at java.base/jdk.internal.reflect.NativeMethodAccessorImpl.invoke0(Native Method)
	at java.base/jdk.internal.reflect.NativeMethodAccessorImpl.invoke(NativeMethodAccessorImpl.java:77)
	at java.base/jdk.internal.reflect.DelegatingMethodAccessorImpl.invoke(DelegatingMethodAccessorImpl.java:43)
)

15-11-2024T08:45:50 - [TEST_STEP][PASSED] - println(numberOfErrors): null

15-11-2024T08:45:50 - [TEST_STEP][PASSED] - if (a == 28 || a == 77 || a == 74 || a == 65 || a == 36 || a == 44 || a == 54 || a == 1 || a == 18 || a == 59): null

15-11-2024T08:45:50 - [TEST_STEP][PASSED] - if (a == 82): null

15-11-2024T08:45:50 - [TEST_STEP][PASSED] - dZO = "Россети ФСК ЕЭС": null

15-11-2024T08:45:50 - [TEST_STEP][PASSED] - a = 83: null

15-11-2024T08:45:50 - [TEST_STEP][PASSED] - if (x1.contains(dZO)): null

15-11-2024T08:45:50 - [TEST_STEP][PASSED] - else: null

15-11-2024T08:45:50 - [TEST_STEP][PASSED] - Script1718980020443.NoData(a, typeOfData, todaysDate, fileInt, fileDouble, dZO): null

15-11-2024T08:45:50 - [TEST_STEP][PASSED] - println(a): null

15-11-2024T08:45:50 - [TEST_STEP][PASSED] - println(todaysDate): null

15-11-2024T08:45:50 - [TEST_STEP][PASSED] - println(fileInt): null

15-11-2024T08:45:50 - [TEST_STEP][PASSED] - println(fileDouble): null

15-11-2024T08:45:50 - [TEST_STEP][PASSED] - println(dZO): null

15-11-2024T08:45:50 - [TEST_STEP][PASSED] - typeOfData = "Факт Отпуск в сеть": null

15-11-2024T08:45:50 - [TEST_STEP][PASSED] - fileInt = replaceAll("\s+", "").toInteger(): null

15-11-2024T08:45:50 - [TEST_STEP][PASSED] - Script1718980020443.WriteToExcelNoData(a, typeOfData, todaysDate, fileInt, fileDouble, dZO): null

15-11-2024T08:45:50 - [TEST_STEP][PASSED] - sheetName = "Sheet1": null

15-11-2024T08:45:50 - [TEST_STEP][PASSED] - data = findTestData("PlanFact"): null

15-11-2024T08:45:51 - [TEST_STEP][PASSED] - n = data.getRowNumbers() + 1: null

15-11-2024T08:45:51 - [TEST_STEP][PASSED] - year = todaysDate.substring(todaysDate.length() - 4, todaysDate.length()): null

15-11-2024T08:45:51 - [TEST_STEP][PASSED] - y = year.toInteger(): null

15-11-2024T08:45:51 - [TEST_STEP][PASSED] - m = getText(findTestObject("Выполнение бизнес-плана/Период")): Text of object 'Object Repository/Выполнение бизнес-плана/Период' is: '1, 2, 3 кв. 2024 года'

15-11-2024T08:46:21 - [MESSAGE][PASSED] - Text of object 'Object Repository/Выполнение бизнес-плана/Период' is: '1, 2, 3 кв. 2024 года'

15-11-2024T08:46:21 - [TEST_STEP][PASSED] - m = m.substring(0, m.indexOf("2024")): null

15-11-2024T08:46:21 - [TEST_STEP][PASSED] - m = m.trim(): null

15-11-2024T08:46:21 - [TEST_STEP][PASSED] - dashboardName = "Выполнение бизнес-плана": null

15-11-2024T08:46:21 - [TEST_STEP][PASSED] - workbook01 = getWorkbook(excelFilePath): null

15-11-2024T08:46:21 - [TEST_STEP][PASSED] - sheet01 = getExcelSheet(workbook01, sheetName): null

15-11-2024T08:46:21 - [TEST_STEP][PASSED] - setValueToCellByIndex(sheet01, n, 0, dashboardName): null

15-11-2024T08:46:21 - [TEST_STEP][PASSED] - setValueToCellByIndex(sheet01, n, 1, dZO): null

15-11-2024T08:46:21 - [TEST_STEP][PASSED] - setValueToCellByIndex(sheet01, n, 2, typeOfData): null

15-11-2024T08:46:21 - [TEST_STEP][PASSED] - if (typeOfData == "Факт в процентах" || typeOfData == "План в процентах"): null

15-11-2024T08:46:21 - [TEST_STEP][PASSED] - else: null

15-11-2024T08:46:21 - [TEST_STEP][PASSED] - setValueToCellByIndex(sheet01, n, 3, fileInt): null

15-11-2024T08:46:21 - [TEST_STEP][PASSED] - setValueToCellByIndex(sheet01, n, 4, "нет данных"): null

15-11-2024T08:46:21 - [TEST_STEP][PASSED] - setValueToCellByIndex(sheet01, n, 5, m): null

15-11-2024T08:46:21 - [TEST_STEP][PASSED] - setValueToCellByIndex(sheet01, n, 6, y): null

15-11-2024T08:46:21 - [TEST_STEP][PASSED] - setValueToCellByIndex(sheet01, n, 7, todaysDate): null

15-11-2024T08:46:21 - [TEST_STEP][PASSED] - n = n + 1: null

15-11-2024T08:46:21 - [TEST_STEP][PASSED] - saveWorkbook(excelFilePath, workbook01): null

15-11-2024T08:46:21 - [TEST_STEP][PASSED] - typeOfData = "Факт Потери": null

15-11-2024T08:46:21 - [TEST_STEP][PASSED] - fileInt = replaceAll("\s+", "").toInteger(): null

15-11-2024T08:46:21 - [TEST_STEP][PASSED] - Script1718980020443.WriteToExcelNoData(a, typeOfData, todaysDate, fileInt, fileDouble, dZO): null

15-11-2024T08:46:21 - [TEST_STEP][PASSED] - sheetName = "Sheet1": null

15-11-2024T08:46:21 - [TEST_STEP][PASSED] - data = findTestData("PlanFact"): null

15-11-2024T08:46:21 - [TEST_STEP][PASSED] - n = data.getRowNumbers() + 1: null

15-11-2024T08:46:21 - [TEST_STEP][PASSED] - year = todaysDate.substring(todaysDate.length() - 4, todaysDate.length()): null

15-11-2024T08:46:21 - [TEST_STEP][PASSED] - y = year.toInteger(): null

15-11-2024T08:46:21 - [TEST_STEP][PASSED] - m = getText(findTestObject("Выполнение бизнес-плана/Период")): Text of object 'Object Repository/Выполнение бизнес-плана/Период' is: '1, 2, 3 кв. 2024 года'

15-11-2024T08:46:51 - [MESSAGE][PASSED] - Text of object 'Object Repository/Выполнение бизнес-плана/Период' is: '1, 2, 3 кв. 2024 года'

15-11-2024T08:46:51 - [TEST_STEP][PASSED] - m = m.substring(0, m.indexOf("2024")): null

15-11-2024T08:46:51 - [TEST_STEP][PASSED] - m = m.trim(): null

15-11-2024T08:46:51 - [TEST_STEP][PASSED] - dashboardName = "Выполнение бизнес-плана": null

15-11-2024T08:46:51 - [TEST_STEP][PASSED] - workbook01 = getWorkbook(excelFilePath): null

15-11-2024T08:46:51 - [TEST_STEP][PASSED] - sheet01 = getExcelSheet(workbook01, sheetName): null

15-11-2024T08:46:51 - [TEST_STEP][PASSED] - setValueToCellByIndex(sheet01, n, 0, dashboardName): null

15-11-2024T08:46:51 - [TEST_STEP][PASSED] - setValueToCellByIndex(sheet01, n, 1, dZO): null

15-11-2024T08:46:51 - [TEST_STEP][PASSED] - setValueToCellByIndex(sheet01, n, 2, typeOfData): null

15-11-2024T08:46:51 - [TEST_STEP][PASSED] - if (typeOfData == "Факт в процентах" || typeOfData == "План в процентах"): null

15-11-2024T08:46:51 - [TEST_STEP][PASSED] - else: null

15-11-2024T08:46:51 - [TEST_STEP][PASSED] - setValueToCellByIndex(sheet01, n, 3, fileInt): null

15-11-2024T08:46:51 - [TEST_STEP][PASSED] - setValueToCellByIndex(sheet01, n, 4, "нет данных"): null

15-11-2024T08:46:51 - [TEST_STEP][PASSED] - setValueToCellByIndex(sheet01, n, 5, m): null

15-11-2024T08:46:51 - [TEST_STEP][PASSED] - setValueToCellByIndex(sheet01, n, 6, y): null

15-11-2024T08:46:51 - [TEST_STEP][PASSED] - setValueToCellByIndex(sheet01, n, 7, todaysDate): null

15-11-2024T08:46:51 - [TEST_STEP][PASSED] - n = n + 1: null

15-11-2024T08:46:51 - [TEST_STEP][PASSED] - saveWorkbook(excelFilePath, workbook01): null

15-11-2024T08:46:52 - [TEST_STEP][PASSED] - typeOfData = "План Отпуск в сеть": null

15-11-2024T08:46:52 - [TEST_STEP][PASSED] - fileInt = replaceAll("\s+", "").toInteger(): null

15-11-2024T08:46:52 - [TEST_STEP][PASSED] - Script1718980020443.WriteToExcelNoData(a, typeOfData, todaysDate, fileInt, fileDouble, dZO): null

15-11-2024T08:46:52 - [TEST_STEP][PASSED] - sheetName = "Sheet1": null

15-11-2024T08:46:52 - [TEST_STEP][PASSED] - data = findTestData("PlanFact"): null

15-11-2024T08:46:52 - [TEST_STEP][PASSED] - n = data.getRowNumbers() + 1: null

15-11-2024T08:46:52 - [TEST_STEP][PASSED] - year = todaysDate.substring(todaysDate.length() - 4, todaysDate.length()): null

15-11-2024T08:46:52 - [TEST_STEP][PASSED] - y = year.toInteger(): null

15-11-2024T08:46:52 - [TEST_STEP][PASSED] - m = getText(findTestObject("Выполнение бизнес-плана/Период")): Text of object 'Object Repository/Выполнение бизнес-плана/Период' is: '1, 2, 3 кв. 2024 года'

15-11-2024T08:47:22 - [MESSAGE][PASSED] - Text of object 'Object Repository/Выполнение бизнес-плана/Период' is: '1, 2, 3 кв. 2024 года'

15-11-2024T08:47:22 - [TEST_STEP][PASSED] - m = m.substring(0, m.indexOf("2024")): null

15-11-2024T08:47:22 - [TEST_STEP][PASSED] - m = m.trim(): null

15-11-2024T08:47:22 - [TEST_STEP][PASSED] - dashboardName = "Выполнение бизнес-плана": null

15-11-2024T08:47:22 - [TEST_STEP][PASSED] - workbook01 = getWorkbook(excelFilePath): null

15-11-2024T08:47:22 - [TEST_STEP][PASSED] - sheet01 = getExcelSheet(workbook01, sheetName): null

15-11-2024T08:47:22 - [TEST_STEP][PASSED] - setValueToCellByIndex(sheet01, n, 0, dashboardName): null

15-11-2024T08:47:22 - [TEST_STEP][PASSED] - setValueToCellByIndex(sheet01, n, 1, dZO): null

15-11-2024T08:47:22 - [TEST_STEP][PASSED] - setValueToCellByIndex(sheet01, n, 2, typeOfData): null

15-11-2024T08:47:22 - [TEST_STEP][PASSED] - if (typeOfData == "Факт в процентах" || typeOfData == "План в процентах"): null

15-11-2024T08:47:22 - [TEST_STEP][PASSED] - else: null

15-11-2024T08:47:22 - [TEST_STEP][PASSED] - setValueToCellByIndex(sheet01, n, 3, fileInt): null

15-11-2024T08:47:22 - [TEST_STEP][PASSED] - setValueToCellByIndex(sheet01, n, 4, "нет данных"): null

15-11-2024T08:47:22 - [TEST_STEP][PASSED] - setValueToCellByIndex(sheet01, n, 5, m): null

15-11-2024T08:47:22 - [TEST_STEP][PASSED] - setValueToCellByIndex(sheet01, n, 6, y): null

15-11-2024T08:47:22 - [TEST_STEP][PASSED] - setValueToCellByIndex(sheet01, n, 7, todaysDate): null

15-11-2024T08:47:22 - [TEST_STEP][PASSED] - n = n + 1: null

15-11-2024T08:47:22 - [TEST_STEP][PASSED] - saveWorkbook(excelFilePath, workbook01): null

15-11-2024T08:47:22 - [TEST_STEP][PASSED] - typeOfData = "План Потери": null

15-11-2024T08:47:22 - [TEST_STEP][PASSED] - fileInt = replaceAll("\s+", "").toInteger(): null

15-11-2024T08:47:22 - [TEST_STEP][PASSED] - Script1718980020443.WriteToExcelNoData(a, typeOfData, todaysDate, fileInt, fileDouble, dZO): null

15-11-2024T08:47:22 - [TEST_STEP][PASSED] - sheetName = "Sheet1": null

15-11-2024T08:47:22 - [TEST_STEP][PASSED] - data = findTestData("PlanFact"): null

15-11-2024T08:47:22 - [TEST_STEP][PASSED] - n = data.getRowNumbers() + 1: null

15-11-2024T08:47:22 - [TEST_STEP][PASSED] - year = todaysDate.substring(todaysDate.length() - 4, todaysDate.length()): null

15-11-2024T08:47:22 - [TEST_STEP][PASSED] - y = year.toInteger(): null

15-11-2024T08:47:22 - [TEST_STEP][PASSED] - m = getText(findTestObject("Выполнение бизнес-плана/Период")): Text of object 'Object Repository/Выполнение бизнес-плана/Период' is: '1, 2, 3 кв. 2024 года'

15-11-2024T08:47:52 - [MESSAGE][PASSED] - Text of object 'Object Repository/Выполнение бизнес-плана/Период' is: '1, 2, 3 кв. 2024 года'

15-11-2024T08:47:52 - [TEST_STEP][PASSED] - m = m.substring(0, m.indexOf("2024")): null

15-11-2024T08:47:52 - [TEST_STEP][PASSED] - m = m.trim(): null

15-11-2024T08:47:52 - [TEST_STEP][PASSED] - dashboardName = "Выполнение бизнес-плана": null

15-11-2024T08:47:52 - [TEST_STEP][PASSED] - workbook01 = getWorkbook(excelFilePath): null

15-11-2024T08:47:52 - [TEST_STEP][PASSED] - sheet01 = getExcelSheet(workbook01, sheetName): null

15-11-2024T08:47:52 - [TEST_STEP][PASSED] - setValueToCellByIndex(sheet01, n, 0, dashboardName): null

15-11-2024T08:47:52 - [TEST_STEP][PASSED] - setValueToCellByIndex(sheet01, n, 1, dZO): null

15-11-2024T08:47:52 - [TEST_STEP][PASSED] - setValueToCellByIndex(sheet01, n, 2, typeOfData): null

15-11-2024T08:47:52 - [TEST_STEP][PASSED] - if (typeOfData == "Факт в процентах" || typeOfData == "План в процентах"): null

15-11-2024T08:47:52 - [TEST_STEP][PASSED] - else: null

15-11-2024T08:47:52 - [TEST_STEP][PASSED] - setValueToCellByIndex(sheet01, n, 3, fileInt): null

15-11-2024T08:47:52 - [TEST_STEP][PASSED] - setValueToCellByIndex(sheet01, n, 4, "нет данных"): null

15-11-2024T08:47:52 - [TEST_STEP][PASSED] - setValueToCellByIndex(sheet01, n, 5, m): null

15-11-2024T08:47:52 - [TEST_STEP][PASSED] - setValueToCellByIndex(sheet01, n, 6, y): null

15-11-2024T08:47:52 - [TEST_STEP][PASSED] - setValueToCellByIndex(sheet01, n, 7, todaysDate): null

15-11-2024T08:47:52 - [TEST_STEP][PASSED] - n = n + 1: null

15-11-2024T08:47:52 - [TEST_STEP][PASSED] - saveWorkbook(excelFilePath, workbook01): null

15-11-2024T08:47:53 - [TEST_STEP][PASSED] - typeOfData = "План в процентах": null

15-11-2024T08:47:53 - [TEST_STEP][PASSED] - fileDouble = ").toDouble(): null

15-11-2024T08:47:53 - [TEST_STEP][PASSED] - Script1718980020443.WriteToExcelNoData(a, typeOfData, todaysDate, fileInt, fileDouble, dZO): null

15-11-2024T08:47:53 - [TEST_STEP][PASSED] - sheetName = "Sheet1": null

15-11-2024T08:47:53 - [TEST_STEP][PASSED] - data = findTestData("PlanFact"): null

15-11-2024T08:47:53 - [TEST_STEP][PASSED] - n = data.getRowNumbers() + 1: null

15-11-2024T08:47:53 - [TEST_STEP][PASSED] - year = todaysDate.substring(todaysDate.length() - 4, todaysDate.length()): null

15-11-2024T08:47:53 - [TEST_STEP][PASSED] - y = year.toInteger(): null

15-11-2024T08:47:53 - [TEST_STEP][PASSED] - m = getText(findTestObject("Выполнение бизнес-плана/Период")): Text of object 'Object Repository/Выполнение бизнес-плана/Период' is: '1, 2, 3 кв. 2024 года'

15-11-2024T08:48:23 - [MESSAGE][PASSED] - Text of object 'Object Repository/Выполнение бизнес-плана/Период' is: '1, 2, 3 кв. 2024 года'

15-11-2024T08:48:23 - [TEST_STEP][PASSED] - m = m.substring(0, m.indexOf("2024")): null

15-11-2024T08:48:23 - [TEST_STEP][PASSED] - m = m.trim(): null

15-11-2024T08:48:23 - [TEST_STEP][PASSED] - dashboardName = "Выполнение бизнес-плана": null

15-11-2024T08:48:23 - [TEST_STEP][PASSED] - workbook01 = getWorkbook(excelFilePath): null

15-11-2024T08:48:23 - [TEST_STEP][PASSED] - sheet01 = getExcelSheet(workbook01, sheetName): null

15-11-2024T08:48:23 - [TEST_STEP][PASSED] - setValueToCellByIndex(sheet01, n, 0, dashboardName): null

15-11-2024T08:48:23 - [TEST_STEP][PASSED] - setValueToCellByIndex(sheet01, n, 1, dZO): null

15-11-2024T08:48:23 - [TEST_STEP][PASSED] - setValueToCellByIndex(sheet01, n, 2, typeOfData): null

15-11-2024T08:48:23 - [TEST_STEP][PASSED] - if (typeOfData == "Факт в процентах" || typeOfData == "План в процентах"): null

15-11-2024T08:48:23 - [TEST_STEP][PASSED] - setValueToCellByIndex(sheet01, n, 3, fileDouble): null

15-11-2024T08:48:23 - [TEST_STEP][PASSED] - setValueToCellByIndex(sheet01, n, 4, "нет данных"): null

15-11-2024T08:48:23 - [TEST_STEP][PASSED] - setValueToCellByIndex(sheet01, n, 5, m): null

15-11-2024T08:48:23 - [TEST_STEP][PASSED] - setValueToCellByIndex(sheet01, n, 6, y): null

15-11-2024T08:48:23 - [TEST_STEP][PASSED] - setValueToCellByIndex(sheet01, n, 7, todaysDate): null

15-11-2024T08:48:23 - [TEST_STEP][PASSED] - n = n + 1: null

15-11-2024T08:48:23 - [TEST_STEP][PASSED] - saveWorkbook(excelFilePath, workbook01): null

15-11-2024T08:48:23 - [TEST_STEP][PASSED] - typeOfData = "Факт в процентах": null

15-11-2024T08:48:23 - [TEST_STEP][PASSED] - fileDouble = ").toDouble(): null

15-11-2024T08:48:23 - [TEST_STEP][PASSED] - Script1718980020443.WriteToExcelNoData(a, typeOfData, todaysDate, fileInt, fileDouble, dZO): null

15-11-2024T08:48:23 - [TEST_STEP][PASSED] - sheetName = "Sheet1": null

15-11-2024T08:48:23 - [TEST_STEP][PASSED] - data = findTestData("PlanFact"): null

15-11-2024T08:48:23 - [TEST_STEP][PASSED] - n = data.getRowNumbers() + 1: null

15-11-2024T08:48:23 - [TEST_STEP][PASSED] - year = todaysDate.substring(todaysDate.length() - 4, todaysDate.length()): null

15-11-2024T08:48:23 - [TEST_STEP][PASSED] - y = year.toInteger(): null

15-11-2024T08:48:23 - [TEST_STEP][PASSED] - m = getText(findTestObject("Выполнение бизнес-плана/Период")): Text of object 'Object Repository/Выполнение бизнес-плана/Период' is: '1, 2, 3 кв. 2024 года'

15-11-2024T08:48:53 - [MESSAGE][PASSED] - Text of object 'Object Repository/Выполнение бизнес-плана/Период' is: '1, 2, 3 кв. 2024 года'

15-11-2024T08:48:53 - [TEST_STEP][PASSED] - m = m.substring(0, m.indexOf("2024")): null

15-11-2024T08:48:53 - [TEST_STEP][PASSED] - m = m.trim(): null

15-11-2024T08:48:53 - [TEST_STEP][PASSED] - dashboardName = "Выполнение бизнес-плана": null

15-11-2024T08:48:53 - [TEST_STEP][PASSED] - workbook01 = getWorkbook(excelFilePath): null

15-11-2024T08:48:53 - [TEST_STEP][PASSED] - sheet01 = getExcelSheet(workbook01, sheetName): null

15-11-2024T08:48:53 - [TEST_STEP][PASSED] - setValueToCellByIndex(sheet01, n, 0, dashboardName): null

15-11-2024T08:48:53 - [TEST_STEP][PASSED] - setValueToCellByIndex(sheet01, n, 1, dZO): null

15-11-2024T08:48:53 - [TEST_STEP][PASSED] - setValueToCellByIndex(sheet01, n, 2, typeOfData): null

15-11-2024T08:48:53 - [TEST_STEP][PASSED] - if (typeOfData == "Факт в процентах" || typeOfData == "План в процентах"): null

15-11-2024T08:48:53 - [TEST_STEP][PASSED] - setValueToCellByIndex(sheet01, n, 3, fileDouble): null

15-11-2024T08:48:53 - [TEST_STEP][PASSED] - setValueToCellByIndex(sheet01, n, 4, "нет данных"): null

15-11-2024T08:48:53 - [TEST_STEP][PASSED] - setValueToCellByIndex(sheet01, n, 5, m): null

15-11-2024T08:48:53 - [TEST_STEP][PASSED] - setValueToCellByIndex(sheet01, n, 6, y): null

15-11-2024T08:48:53 - [TEST_STEP][PASSED] - setValueToCellByIndex(sheet01, n, 7, todaysDate): null

15-11-2024T08:48:53 - [TEST_STEP][PASSED] - n = n + 1: null

15-11-2024T08:48:53 - [TEST_STEP][PASSED] - saveWorkbook(excelFilePath, workbook01): null

15-11-2024T08:48:53 - [TEST_STEP][PASSED] - println(dzoNum): null

15-11-2024T08:48:53 - [TEST_STEP][PASSED] - dZO = "РаспредКомплекс": null

15-11-2024T08:48:53 - [TEST_STEP][PASSED] - a = 82: null

15-11-2024T08:48:53 - [TEST_STEP][PASSED] - Script1718980020443.Numbers(a, typeOfData, todaysDate, pageInt, fileInt, pageDouble, fileDouble, dZO, dzoNum, filialNum): null

15-11-2024T08:48:53 - [TEST_STEP][PASSED] - println(dzoNum): null

15-11-2024T08:48:53 - [TEST_STEP][PASSED] - planFact = <not implemented yet for class: org.codehaus.groovy.ast.expr.EmptyExpression>: null

15-11-2024T08:48:53 - [TEST_STEP][PASSED] - page = <not implemented yet for class: org.codehaus.groovy.ast.expr.EmptyExpression>: null

15-11-2024T08:48:53 - [TEST_STEP][PASSED] - page1 = <not implemented yet for class: org.codehaus.groovy.ast.expr.EmptyExpression>: null

15-11-2024T08:48:53 - [TEST_STEP][PASSED] - page2 = <not implemented yet for class: org.codehaus.groovy.ast.expr.EmptyExpression>: null

15-11-2024T08:48:53 - [TEST_STEP][PASSED] - filialNumberInRow = <not implemented yet for class: org.codehaus.groovy.ast.expr.EmptyExpression>: null

15-11-2024T08:48:53 - [TEST_STEP][PASSED] - filialsDzoNames = <not implemented yet for class: org.codehaus.groovy.ast.expr.EmptyExpression>: null

15-11-2024T08:48:53 - [TEST_STEP][PASSED] - numberOfFilials = <not implemented yet for class: org.codehaus.groovy.ast.expr.EmptyExpression>: null

15-11-2024T08:48:53 - [TEST_STEP][PASSED] - numberOfSpaces = <not implemented yet for class: org.codehaus.groovy.ast.expr.EmptyExpression>: null

15-11-2024T08:48:53 - [TEST_STEP][PASSED] - file = <not implemented yet for class: org.codehaus.groovy.ast.expr.EmptyExpression>: null

15-11-2024T08:48:53 - [TEST_STEP][PASSED] - otpusk = <not implemented yet for class: org.codehaus.groovy.ast.expr.EmptyExpression>: null

15-11-2024T08:48:53 - [TEST_STEP][PASSED] - poteri = <not implemented yet for class: org.codehaus.groovy.ast.expr.EmptyExpression>: null

15-11-2024T08:48:53 - [TEST_STEP][PASSED] - dataFolder = "Выполнение бизнес-плана/Значения со страницы Выполнение бизнес-плана/": null

15-11-2024T08:48:53 - [TEST_STEP][PASSED] - path = <not implemented yet for class: org.codehaus.groovy.ast.expr.EmptyExpression>: null

15-11-2024T08:48:53 - [TEST_STEP][PASSED] - typeOfDataMain = <not implemented yet for class: org.codehaus.groovy.ast.expr.EmptyExpression>: null

15-11-2024T08:48:53 - [TEST_STEP][PASSED] - fileOtpuskVSet = <not implemented yet for class: org.codehaus.groovy.ast.expr.EmptyExpression>: null

15-11-2024T08:48:53 - [TEST_STEP][PASSED] - pageOtpuskVSet = <not implemented yet for class: org.codehaus.groovy.ast.expr.EmptyExpression>: null

15-11-2024T08:48:53 - [TEST_STEP][PASSED] - filePoteri = <not implemented yet for class: org.codehaus.groovy.ast.expr.EmptyExpression>: null

15-11-2024T08:48:53 - [TEST_STEP][PASSED] - pagePoteri = <not implemented yet for class: org.codehaus.groovy.ast.expr.EmptyExpression>: null

15-11-2024T08:48:53 - [TEST_STEP][PASSED] - compare = <not implemented yet for class: org.codehaus.groovy.ast.expr.EmptyExpression>: null

15-11-2024T08:48:53 - [TEST_STEP][PASSED] - b = <not implemented yet for class: org.codehaus.groovy.ast.expr.EmptyExpression>: null

15-11-2024T08:48:53 - [TEST_STEP][PASSED] - i = <not implemented yet for class: org.codehaus.groovy.ast.expr.EmptyExpression>: null

15-11-2024T08:48:53 - [TEST_STEP][PASSED] - ii = <not implemented yet for class: org.codehaus.groovy.ast.expr.EmptyExpression>: null

15-11-2024T08:48:53 - [TEST_STEP][PASSED] - c = <not implemented yet for class: org.codehaus.groovy.ast.expr.EmptyExpression>: null

15-11-2024T08:48:53 - [TEST_STEP][PASSED] - numberOfErrors = 0: null

15-11-2024T08:48:53 - [TEST_STEP][PASSED] - if (a == 82): null

15-11-2024T08:48:53 - [TEST_STEP][PASSED] - Script1718980020443.OpenFilter(): null

15-11-2024T08:48:53 - [TEST_STEP][PASSED] - click(findTestObject("Object Repository/Выполнение бизнес-плана/Фильтр ДЗО")): Object: 'Object Repository/Выполнение бизнес-плана/Фильтр ДЗО' is clicked on

15-11-2024T08:49:24 - [MESSAGE][PASSED] - Object: 'Object Repository/Выполнение бизнес-плана/Фильтр ДЗО' is clicked on

15-11-2024T08:49:24 - [TEST_STEP][PASSED] - click(findTestObject("Выполнение бизнес-плана/Снять выделение в фильтре ДЗО")): null

15-11-2024T08:49:54 - [MESSAGE][PASSED] - Object: 'Object Repository/Выполнение бизнес-плана/Снять выделение в фильтре ДЗО' is clicked on

15-11-2024T08:49:54 - [TEST_STEP][PASSED] - click(findTestObject("Выполнение бизнес-плана/Раскрыть список ПАО Россети в фильтре ДЗО")): Object: 'Object Repository/Выполнение бизнес-плана/Раскрыть список ПАО Россети в фильтре ДЗО' is clicked on

15-11-2024T08:50:24 - [MESSAGE][PASSED] - Object: 'Object Repository/Выполнение бизнес-плана/Раскрыть список ПАО Россети в фильтре ДЗО' is clicked on

15-11-2024T08:50:24 - [TEST_STEP][PASSED] - click(findTestObject("Выполнение бизнес-плана/РаспредКомплекс")): Object: 'Object Repository/Выполнение бизнес-плана/РаспредКомплекс' is clicked on

15-11-2024T08:50:54 - [MESSAGE][PASSED] - Object: 'Object Repository/Выполнение бизнес-плана/РаспредКомплекс' is clicked on

15-11-2024T08:50:54 - [TEST_STEP][PASSED] - Script1718980020443.CloseFilter(): null

15-11-2024T08:50:54 - [TEST_STEP][PASSED] - scrollToElement(findTestObject("Выполнение бизнес-плана/Заголовок дашборда"), 30): Scroll to object 'Object Repository/Выполнение бизнес-плана/Заголовок дашборда' successfully

15-11-2024T08:51:24 - [MESSAGE][PASSED] - Scroll to object 'Object Repository/Выполнение бизнес-плана/Заголовок дашборда' successfully

15-11-2024T08:51:24 - [TEST_STEP][PASSED] - click(findTestObject("Object Repository/Выполнение бизнес-плана/Применить в фильтре ДЗО")): null

15-11-2024T08:51:55 - [MESSAGE][PASSED] - Object: 'Object Repository/Выполнение бизнес-плана/Применить в фильтре ДЗО' is clicked on

15-11-2024T08:51:55 - [TEST_STEP][PASSED] - delay(5): Delayed 5 second(s)

15-11-2024T08:52:00 - [MESSAGE][PASSED] - Delayed 5 second(s)

15-11-2024T08:52:00 - [TEST_STEP][PASSED] - b = findTestData("PlanFact").getValue(1, a): null

15-11-2024T08:52:00 - [TEST_STEP][PASSED] - i = b.indexOf(" (ГК)"): null

15-11-2024T08:52:00 - [TEST_STEP][PASSED] - if (i > -1): null

15-11-2024T08:52:00 - [TEST_STEP][PASSED] - i = b.indexOf("О ""): null

15-11-2024T08:52:00 - [TEST_STEP][PASSED] - if (i > -1): null

15-11-2024T08:52:00 - [TEST_STEP][PASSED] - i = b.indexOf("О «"): null

15-11-2024T08:52:00 - [TEST_STEP][PASSED] - if (i > -1): null

15-11-2024T08:52:00 - [TEST_STEP][PASSED] - i = b.indexOf("г. "): null

15-11-2024T08:52:00 - [TEST_STEP][PASSED] - if (i > -1): null

15-11-2024T08:52:00 - [TEST_STEP][PASSED] - println(b): null

15-11-2024T08:52:00 - [TEST_STEP][PASSED] - for ([planFact = 1, planFact < 3, (planFact++)]): null

15-11-2024T08:52:00 - [TEST_STEP][PASSED] - if (planFact == 1): null

15-11-2024T08:52:00 - [TEST_STEP][PASSED] - typeOfDataMain = "Факт": null

15-11-2024T08:52:00 - [TEST_STEP][PASSED] - otpusk = findTestData("PlanFact").getValue(5, a): null

15-11-2024T08:52:00 - [TEST_STEP][PASSED] - poteri = findTestData("PlanFact").getValue(6, a): null

15-11-2024T08:52:00 - [TEST_STEP][PASSED] - otpusk = otpusk.replaceAll("\s+", ""): null

15-11-2024T08:52:00 - [TEST_STEP][PASSED] - poteri = poteri.replaceAll("\s+", ""): null

15-11-2024T08:52:00 - [TEST_STEP][PASSED] - typeOfData = typeOfDataMain + " Отпуск в сеть": null

15-11-2024T08:52:00 - [TEST_STEP][PASSED] - if (a == 82): null

15-11-2024T08:52:00 - [TEST_STEP][PASSED] - path = dataFolder + typeOfData + " за отчётный период " + "РаспредКомплекс": null

15-11-2024T08:52:00 - [TEST_STEP][PASSED] - println(path): null

15-11-2024T08:52:00 - [TEST_STEP][PASSED] - page = getText(findTestObject(path)): Text of object 'Object Repository/Выполнение бизнес-плана/Значения со страницы Выполнение бизнес-плана/Факт Отпуск в сеть за отчётный период РаспредКомплекс' is: '192 247 697'

15-11-2024T08:52:30 - [MESSAGE][PASSED] - Text of object 'Object Repository/Выполнение бизнес-плана/Значения со страницы Выполнение бизнес-плана/Факт Отпуск в сеть за отчётный период РаспредКомплекс' is: '192 247 697'

15-11-2024T08:52:30 - [TEST_STEP][PASSED] - page = page.replaceAll("\s+", ""): null

15-11-2024T08:52:30 - [TEST_STEP][PASSED] - fileOtpuskVSet = otpusk.toInteger(): null

15-11-2024T08:52:30 - [TEST_STEP][PASSED] - pageOtpuskVSet = page.toInteger(): null

15-11-2024T08:52:30 - [TEST_STEP][PASSED] - typeOfData = typeOfDataMain + " Потери": null

15-11-2024T08:52:30 - [TEST_STEP][PASSED] - if (a == 82): null

15-11-2024T08:52:30 - [TEST_STEP][PASSED] - path = dataFolder + typeOfData + " за отчётный период " + "РаспредКомплекс": null

15-11-2024T08:52:30 - [TEST_STEP][PASSED] - page = getText(findTestObject(path)): Text of object 'Object Repository/Выполнение бизнес-плана/Значения со страницы Выполнение бизнес-плана/Факт Потери за отчётный период РаспредКомплекс' is: '17 195 829'

15-11-2024T08:53:00 - [MESSAGE][PASSED] - Text of object 'Object Repository/Выполнение бизнес-плана/Значения со страницы Выполнение бизнес-плана/Факт Потери за отчётный период РаспредКомплекс' is: '17 195 829'

15-11-2024T08:53:00 - [TEST_STEP][PASSED] - page = page.replaceAll("\s+", ""): null

15-11-2024T08:53:00 - [TEST_STEP][PASSED] - filePoteri = poteri.toInteger(): null

15-11-2024T08:53:00 - [TEST_STEP][PASSED] - pagePoteri = page.toInteger(): null

15-11-2024T08:53:00 - [TEST_STEP][PASSED] - compare = pageOtpuskVSet: null

15-11-2024T08:53:00 - [TEST_STEP][PASSED] - if (compare == fileOtpuskVSet): null

15-11-2024T08:53:00 - [TEST_STEP][PASSED] - else if (compare > fileOtpuskVSet): null

15-11-2024T08:53:00 - [TEST_STEP][PASSED] - else if (compare < fileOtpuskVSet): null

15-11-2024T08:53:00 - [TEST_STEP][PASSED] - compare = compare + 1: null

15-11-2024T08:53:00 - [TEST_STEP][PASSED] - if (compare == fileOtpuskVSet): null

15-11-2024T08:53:00 - [TEST_STEP][PASSED] - else: null

15-11-2024T08:53:00 - [TEST_STEP][PASSED] - numberOfErrors = numberOfErrors + 1: null

15-11-2024T08:53:00 - [TEST_STEP][PASSED] - pageInt = pageOtpuskVSet: null

15-11-2024T08:53:00 - [TEST_STEP][PASSED] - fileInt = fileOtpuskVSet: null

15-11-2024T08:53:00 - [TEST_STEP][PASSED] - typeOfData = typeOfDataMain + " Отпуск в сеть": null

15-11-2024T08:53:00 - [TEST_STEP][PASSED] - Script1718980020443.WriteToExcel(a, typeOfData, todaysDate, pageInt, fileInt, pageDouble, fileDouble, dZO): null

15-11-2024T08:53:00 - [TEST_STEP][PASSED] - sheetName = "Sheet1": null

15-11-2024T08:53:00 - [TEST_STEP][PASSED] - data = findTestData("PlanFact"): null

15-11-2024T08:53:00 - [TEST_STEP][PASSED] - n = data.getRowNumbers() + 1: null

15-11-2024T08:53:00 - [TEST_STEP][PASSED] - year = todaysDate.substring(todaysDate.length() - 4, todaysDate.length()): null

15-11-2024T08:53:00 - [TEST_STEP][PASSED] - y = year.toInteger(): null

15-11-2024T08:53:00 - [TEST_STEP][PASSED] - m = getText(findTestObject("Выполнение бизнес-плана/Период")): Text of object 'Object Repository/Выполнение бизнес-плана/Период' is: '1, 2, 3 кв. 2024 года'

15-11-2024T08:53:30 - [MESSAGE][PASSED] - Text of object 'Object Repository/Выполнение бизнес-плана/Период' is: '1, 2, 3 кв. 2024 года'

15-11-2024T08:53:30 - [TEST_STEP][PASSED] - m = m.substring(0, m.indexOf("2024")): null

15-11-2024T08:53:30 - [TEST_STEP][PASSED] - m = m.trim(): null

15-11-2024T08:53:30 - [TEST_STEP][PASSED] - dashboardName = "Выполнение бизнес-плана": null

15-11-2024T08:53:30 - [TEST_STEP][PASSED] - workbook01 = getWorkbook(excelFilePath): null

15-11-2024T08:53:30 - [TEST_STEP][PASSED] - sheet01 = getExcelSheet(workbook01, sheetName): null

15-11-2024T08:53:30 - [TEST_STEP][PASSED] - setValueToCellByIndex(sheet01, n, 0, dashboardName): null

15-11-2024T08:53:30 - [TEST_STEP][PASSED] - setValueToCellByIndex(sheet01, n, 1, dZO): null

15-11-2024T08:53:30 - [TEST_STEP][PASSED] - setValueToCellByIndex(sheet01, n, 2, typeOfData): null

15-11-2024T08:53:30 - [TEST_STEP][PASSED] - if (typeOfData == "Факт в процентах" || typeOfData == "План в процентах"): null

15-11-2024T08:53:30 - [TEST_STEP][PASSED] - else: null

15-11-2024T08:53:30 - [TEST_STEP][PASSED] - setValueToCellByIndex(sheet01, n, 3, fileInt): null

15-11-2024T08:53:30 - [TEST_STEP][PASSED] - setValueToCellByIndex(sheet01, n, 4, pageInt): null

15-11-2024T08:53:30 - [TEST_STEP][PASSED] - setValueToCellByIndex(sheet01, n, 5, m): null

15-11-2024T08:53:30 - [TEST_STEP][PASSED] - setValueToCellByIndex(sheet01, n, 6, y): null

15-11-2024T08:53:30 - [TEST_STEP][PASSED] - setValueToCellByIndex(sheet01, n, 7, todaysDate): null

15-11-2024T08:53:30 - [TEST_STEP][PASSED] - n = n + 1: null

15-11-2024T08:53:30 - [TEST_STEP][PASSED] - saveWorkbook(excelFilePath, workbook01): null

15-11-2024T08:53:31 - [TEST_STEP][PASSED] - compare = pagePoteri: null

15-11-2024T08:53:31 - [TEST_STEP][PASSED] - if (compare == filePoteri): null

15-11-2024T08:53:31 - [TEST_STEP][PASSED] - else if (compare > filePoteri): null

15-11-2024T08:53:31 - [TEST_STEP][PASSED] - else if (compare < filePoteri): null

15-11-2024T08:53:31 - [TEST_STEP][PASSED] - compare = compare + 1: null

15-11-2024T08:53:31 - [TEST_STEP][PASSED] - if (compare == filePoteri): null

15-11-2024T08:53:31 - [TEST_STEP][PASSED] - else: null

15-11-2024T08:53:31 - [TEST_STEP][PASSED] - numberOfErrors = numberOfErrors + 1: null

15-11-2024T08:53:31 - [TEST_STEP][PASSED] - pageInt = pagePoteri: null

15-11-2024T08:53:31 - [TEST_STEP][PASSED] - fileInt = filePoteri: null

15-11-2024T08:53:31 - [TEST_STEP][PASSED] - typeOfData = typeOfDataMain + " Потери": null

15-11-2024T08:53:31 - [TEST_STEP][PASSED] - Script1718980020443.WriteToExcel(a, typeOfData, todaysDate, pageInt, fileInt, pageDouble, fileDouble, dZO): null

15-11-2024T08:53:31 - [TEST_STEP][PASSED] - sheetName = "Sheet1": null

15-11-2024T08:53:31 - [TEST_STEP][PASSED] - data = findTestData("PlanFact"): null

15-11-2024T08:53:31 - [TEST_STEP][PASSED] - n = data.getRowNumbers() + 1: null

15-11-2024T08:53:31 - [TEST_STEP][PASSED] - year = todaysDate.substring(todaysDate.length() - 4, todaysDate.length()): null

15-11-2024T08:53:31 - [TEST_STEP][PASSED] - y = year.toInteger(): null

15-11-2024T08:53:31 - [TEST_STEP][PASSED] - m = getText(findTestObject("Выполнение бизнес-плана/Период")): Text of object 'Object Repository/Выполнение бизнес-плана/Период' is: '1, 2, 3 кв. 2024 года'

15-11-2024T08:54:01 - [MESSAGE][PASSED] - Text of object 'Object Repository/Выполнение бизнес-плана/Период' is: '1, 2, 3 кв. 2024 года'

15-11-2024T08:54:01 - [TEST_STEP][PASSED] - m = m.substring(0, m.indexOf("2024")): null

15-11-2024T08:54:01 - [TEST_STEP][PASSED] - m = m.trim(): null

15-11-2024T08:54:01 - [TEST_STEP][PASSED] - dashboardName = "Выполнение бизнес-плана": null

15-11-2024T08:54:01 - [TEST_STEP][PASSED] - workbook01 = getWorkbook(excelFilePath): null

15-11-2024T08:54:01 - [TEST_STEP][PASSED] - sheet01 = getExcelSheet(workbook01, sheetName): null

15-11-2024T08:54:01 - [TEST_STEP][PASSED] - setValueToCellByIndex(sheet01, n, 0, dashboardName): null

15-11-2024T08:54:01 - [TEST_STEP][PASSED] - setValueToCellByIndex(sheet01, n, 1, dZO): null

15-11-2024T08:54:01 - [TEST_STEP][PASSED] - setValueToCellByIndex(sheet01, n, 2, typeOfData): null

15-11-2024T08:54:01 - [TEST_STEP][PASSED] - if (typeOfData == "Факт в процентах" || typeOfData == "План в процентах"): null

15-11-2024T08:54:01 - [TEST_STEP][PASSED] - else: null

15-11-2024T08:54:01 - [TEST_STEP][PASSED] - setValueToCellByIndex(sheet01, n, 3, fileInt): null

15-11-2024T08:54:01 - [TEST_STEP][PASSED] - setValueToCellByIndex(sheet01, n, 4, pageInt): null

15-11-2024T08:54:01 - [TEST_STEP][PASSED] - setValueToCellByIndex(sheet01, n, 5, m): null

15-11-2024T08:54:01 - [TEST_STEP][PASSED] - setValueToCellByIndex(sheet01, n, 6, y): null

15-11-2024T08:54:01 - [TEST_STEP][PASSED] - setValueToCellByIndex(sheet01, n, 7, todaysDate): null

15-11-2024T08:54:01 - [TEST_STEP][PASSED] - n = n + 1: null

15-11-2024T08:54:01 - [TEST_STEP][PASSED] - saveWorkbook(excelFilePath, workbook01): null

15-11-2024T08:54:01 - [TEST_STEP][PASSED] - if (planFact == 2): null

15-11-2024T08:54:01 - [TEST_STEP][PASSED] - if (planFact == 1): null

15-11-2024T08:54:01 - [TEST_STEP][PASSED] - else if (planFact == 2): null

15-11-2024T08:54:01 - [TEST_STEP][PASSED] - click(findTestObject("Выполнение бизнес-плана/Кнопка План")): Object: 'Object Repository/Выполнение бизнес-плана/Кнопка План' is clicked on

15-11-2024T08:54:31 - [MESSAGE][PASSED] - Object: 'Object Repository/Выполнение бизнес-плана/Кнопка План' is clicked on

15-11-2024T08:54:31 - [TEST_STEP][PASSED] - typeOfDataMain = "План": null

15-11-2024T08:54:31 - [TEST_STEP][PASSED] - otpusk = findTestData("PlanFact").getValue(2, a): null

15-11-2024T08:54:31 - [TEST_STEP][PASSED] - poteri = findTestData("PlanFact").getValue(3, a): null

15-11-2024T08:54:31 - [TEST_STEP][PASSED] - otpusk = otpusk.replaceAll("\s+", ""): null

15-11-2024T08:54:31 - [TEST_STEP][PASSED] - poteri = poteri.replaceAll("\s+", ""): null

15-11-2024T08:54:31 - [TEST_STEP][PASSED] - typeOfData = typeOfDataMain + " Отпуск в сеть": null

15-11-2024T08:54:31 - [TEST_STEP][PASSED] - if (a == 82): null

15-11-2024T08:54:31 - [TEST_STEP][PASSED] - path = dataFolder + typeOfData + " за отчётный период " + "РаспредКомплекс": null

15-11-2024T08:54:31 - [TEST_STEP][PASSED] - println(path): null

15-11-2024T08:54:31 - [TEST_STEP][PASSED] - page = getText(findTestObject(path)): Text of object 'Object Repository/Выполнение бизнес-плана/Значения со страницы Выполнение бизнес-плана/План Отпуск в сеть за отчётный период РаспредКомплекс' is: '187 501 364'

15-11-2024T08:55:01 - [MESSAGE][PASSED] - Text of object 'Object Repository/Выполнение бизнес-плана/Значения со страницы Выполнение бизнес-плана/План Отпуск в сеть за отчётный период РаспредКомплекс' is: '187 501 364'

15-11-2024T08:55:01 - [TEST_STEP][PASSED] - page = page.replaceAll("\s+", ""): null

15-11-2024T08:55:01 - [TEST_STEP][PASSED] - fileOtpuskVSet = otpusk.toInteger(): null

15-11-2024T08:55:01 - [TEST_STEP][PASSED] - pageOtpuskVSet = page.toInteger(): null

15-11-2024T08:55:01 - [TEST_STEP][PASSED] - typeOfData = typeOfDataMain + " Потери": null

15-11-2024T08:55:01 - [TEST_STEP][PASSED] - if (a == 82): null

15-11-2024T08:55:01 - [TEST_STEP][PASSED] - path = dataFolder + typeOfData + " за отчётный период " + "РаспредКомплекс": null

15-11-2024T08:55:01 - [TEST_STEP][PASSED] - page = getText(findTestObject(path)): Text of object 'Object Repository/Выполнение бизнес-плана/Значения со страницы Выполнение бизнес-плана/План Потери за отчётный период РаспредКомплекс' is: '16 062 691'

15-11-2024T08:55:31 - [MESSAGE][PASSED] - Text of object 'Object Repository/Выполнение бизнес-плана/Значения со страницы Выполнение бизнес-плана/План Потери за отчётный период РаспредКомплекс' is: '16 062 691'

15-11-2024T08:55:31 - [TEST_STEP][PASSED] - page = page.replaceAll("\s+", ""): null

15-11-2024T08:55:31 - [TEST_STEP][PASSED] - filePoteri = poteri.toInteger(): null

15-11-2024T08:55:31 - [TEST_STEP][PASSED] - pagePoteri = page.toInteger(): null

15-11-2024T08:55:31 - [TEST_STEP][PASSED] - compare = pageOtpuskVSet: null

15-11-2024T08:55:31 - [TEST_STEP][PASSED] - if (compare == fileOtpuskVSet): null

15-11-2024T08:55:31 - [TEST_STEP][PASSED] - else if (compare > fileOtpuskVSet): null

15-11-2024T08:55:31 - [TEST_STEP][PASSED] - else if (compare < fileOtpuskVSet): null

15-11-2024T08:55:31 - [TEST_STEP][PASSED] - compare = compare + 1: null

15-11-2024T08:55:31 - [TEST_STEP][PASSED] - if (compare == fileOtpuskVSet): null

15-11-2024T08:55:31 - [TEST_STEP][PASSED] - else: null

15-11-2024T08:55:31 - [TEST_STEP][PASSED] - numberOfErrors = numberOfErrors + 1: null

15-11-2024T08:55:31 - [TEST_STEP][PASSED] - pageInt = pageOtpuskVSet: null

15-11-2024T08:55:31 - [TEST_STEP][PASSED] - fileInt = fileOtpuskVSet: null

15-11-2024T08:55:31 - [TEST_STEP][PASSED] - typeOfData = typeOfDataMain + " Отпуск в сеть": null

15-11-2024T08:55:31 - [TEST_STEP][PASSED] - Script1718980020443.WriteToExcel(a, typeOfData, todaysDate, pageInt, fileInt, pageDouble, fileDouble, dZO): null

15-11-2024T08:55:31 - [TEST_STEP][PASSED] - sheetName = "Sheet1": null

15-11-2024T08:55:31 - [TEST_STEP][PASSED] - data = findTestData("PlanFact"): null

15-11-2024T08:55:31 - [TEST_STEP][PASSED] - n = data.getRowNumbers() + 1: null

15-11-2024T08:55:31 - [TEST_STEP][PASSED] - year = todaysDate.substring(todaysDate.length() - 4, todaysDate.length()): null

15-11-2024T08:55:31 - [TEST_STEP][PASSED] - y = year.toInteger(): null

15-11-2024T08:55:31 - [TEST_STEP][PASSED] - m = getText(findTestObject("Выполнение бизнес-плана/Период")): Text of object 'Object Repository/Выполнение бизнес-плана/Период' is: '1, 2, 3 кв. 2024 года'

15-11-2024T08:56:01 - [MESSAGE][PASSED] - Text of object 'Object Repository/Выполнение бизнес-плана/Период' is: '1, 2, 3 кв. 2024 года'

15-11-2024T08:56:01 - [TEST_STEP][PASSED] - m = m.substring(0, m.indexOf("2024")): null

15-11-2024T08:56:01 - [TEST_STEP][PASSED] - m = m.trim(): null

15-11-2024T08:56:01 - [TEST_STEP][PASSED] - dashboardName = "Выполнение бизнес-плана": null

15-11-2024T08:56:01 - [TEST_STEP][PASSED] - workbook01 = getWorkbook(excelFilePath): null

15-11-2024T08:56:02 - [TEST_STEP][PASSED] - sheet01 = getExcelSheet(workbook01, sheetName): null

15-11-2024T08:56:02 - [TEST_STEP][PASSED] - setValueToCellByIndex(sheet01, n, 0, dashboardName): null

15-11-2024T08:56:02 - [TEST_STEP][PASSED] - setValueToCellByIndex(sheet01, n, 1, dZO): null

15-11-2024T08:56:02 - [TEST_STEP][PASSED] - setValueToCellByIndex(sheet01, n, 2, typeOfData): null

15-11-2024T08:56:02 - [TEST_STEP][PASSED] - if (typeOfData == "Факт в процентах" || typeOfData == "План в процентах"): null

15-11-2024T08:56:02 - [TEST_STEP][PASSED] - else: null

15-11-2024T08:56:02 - [TEST_STEP][PASSED] - setValueToCellByIndex(sheet01, n, 3, fileInt): null

15-11-2024T08:56:02 - [TEST_STEP][PASSED] - setValueToCellByIndex(sheet01, n, 4, pageInt): null

15-11-2024T08:56:02 - [TEST_STEP][PASSED] - setValueToCellByIndex(sheet01, n, 5, m): null

15-11-2024T08:56:02 - [TEST_STEP][PASSED] - setValueToCellByIndex(sheet01, n, 6, y): null

15-11-2024T08:56:02 - [TEST_STEP][PASSED] - setValueToCellByIndex(sheet01, n, 7, todaysDate): null

15-11-2024T08:56:02 - [TEST_STEP][PASSED] - n = n + 1: null

15-11-2024T08:56:02 - [TEST_STEP][PASSED] - saveWorkbook(excelFilePath, workbook01): null

15-11-2024T08:56:02 - [TEST_STEP][PASSED] - compare = pagePoteri: null

15-11-2024T08:56:02 - [TEST_STEP][PASSED] - if (compare == filePoteri): null

15-11-2024T08:56:02 - [TEST_STEP][PASSED] - else if (compare > filePoteri): null

15-11-2024T08:56:02 - [TEST_STEP][PASSED] - else if (compare < filePoteri): null

15-11-2024T08:56:02 - [TEST_STEP][PASSED] - compare = compare + 1: null

15-11-2024T08:56:02 - [TEST_STEP][PASSED] - if (compare == filePoteri): null

15-11-2024T08:56:02 - [TEST_STEP][PASSED] - else: null

15-11-2024T08:56:02 - [TEST_STEP][PASSED] - numberOfErrors = numberOfErrors + 1: null

15-11-2024T08:56:02 - [TEST_STEP][PASSED] - pageInt = pagePoteri: null

15-11-2024T08:56:02 - [TEST_STEP][PASSED] - fileInt = filePoteri: null

15-11-2024T08:56:02 - [TEST_STEP][PASSED] - typeOfData = typeOfDataMain + " Потери": null

15-11-2024T08:56:02 - [TEST_STEP][PASSED] - Script1718980020443.WriteToExcel(a, typeOfData, todaysDate, pageInt, fileInt, pageDouble, fileDouble, dZO): null

15-11-2024T08:56:02 - [TEST_STEP][PASSED] - sheetName = "Sheet1": null

15-11-2024T08:56:02 - [TEST_STEP][PASSED] - data = findTestData("PlanFact"): null

15-11-2024T08:56:02 - [TEST_STEP][PASSED] - n = data.getRowNumbers() + 1: null

15-11-2024T08:56:02 - [TEST_STEP][PASSED] - year = todaysDate.substring(todaysDate.length() - 4, todaysDate.length()): null

15-11-2024T08:56:02 - [TEST_STEP][PASSED] - y = year.toInteger(): null

15-11-2024T08:56:02 - [TEST_STEP][PASSED] - m = getText(findTestObject("Выполнение бизнес-плана/Период")): Text of object 'Object Repository/Выполнение бизнес-плана/Период' is: '1, 2, 3 кв. 2024 года'

15-11-2024T08:56:32 - [MESSAGE][PASSED] - Text of object 'Object Repository/Выполнение бизнес-плана/Период' is: '1, 2, 3 кв. 2024 года'

15-11-2024T08:56:32 - [TEST_STEP][PASSED] - m = m.substring(0, m.indexOf("2024")): null

15-11-2024T08:56:32 - [TEST_STEP][PASSED] - m = m.trim(): null

15-11-2024T08:56:32 - [TEST_STEP][PASSED] - dashboardName = "Выполнение бизнес-плана": null

15-11-2024T08:56:32 - [TEST_STEP][PASSED] - workbook01 = getWorkbook(excelFilePath): null

15-11-2024T08:56:32 - [TEST_STEP][PASSED] - sheet01 = getExcelSheet(workbook01, sheetName): null

15-11-2024T08:56:32 - [TEST_STEP][PASSED] - setValueToCellByIndex(sheet01, n, 0, dashboardName): null

15-11-2024T08:56:32 - [TEST_STEP][PASSED] - setValueToCellByIndex(sheet01, n, 1, dZO): null

15-11-2024T08:56:32 - [TEST_STEP][PASSED] - setValueToCellByIndex(sheet01, n, 2, typeOfData): null

15-11-2024T08:56:32 - [TEST_STEP][PASSED] - if (typeOfData == "Факт в процентах" || typeOfData == "План в процентах"): null

15-11-2024T08:56:32 - [TEST_STEP][PASSED] - else: null

15-11-2024T08:56:32 - [TEST_STEP][PASSED] - setValueToCellByIndex(sheet01, n, 3, fileInt): null

15-11-2024T08:56:32 - [TEST_STEP][PASSED] - setValueToCellByIndex(sheet01, n, 4, pageInt): null

15-11-2024T08:56:32 - [TEST_STEP][PASSED] - setValueToCellByIndex(sheet01, n, 5, m): null

15-11-2024T08:56:32 - [TEST_STEP][PASSED] - setValueToCellByIndex(sheet01, n, 6, y): null

15-11-2024T08:56:32 - [TEST_STEP][PASSED] - setValueToCellByIndex(sheet01, n, 7, todaysDate): null

15-11-2024T08:56:32 - [TEST_STEP][PASSED] - n = n + 1: null

15-11-2024T08:56:32 - [TEST_STEP][PASSED] - saveWorkbook(excelFilePath, workbook01): Object: 'Object Repository/Выполнение бизнес-плана/Кнопка Факт' is clicked on

15-11-2024T08:56:32 - [TEST_STEP][PASSED] - if (planFact == 2): Object: 'Object Repository/Выполнение бизнес-плана/Кнопка Факт' is clicked on

15-11-2024T08:56:32 - [TEST_STEP][PASSED] - click(findTestObject("Выполнение бизнес-плана/Кнопка Факт")): Object: 'Object Repository/Выполнение бизнес-плана/Кнопка Факт' is clicked on

15-11-2024T08:57:02 - [MESSAGE][PASSED] - Object: 'Object Repository/Выполнение бизнес-плана/Кнопка Факт' is clicked on

15-11-2024T08:57:02 - [TEST_STEP][PASSED] - if (a == 84 || a == 82): null

15-11-2024T08:57:02 - [TEST_STEP][PASSED] - page = getText(findTestObject("Выполнение бизнес-плана/textPlanFact")): Text of object 'Object Repository/Выполнение бизнес-плана/textPlanFact' is: '%
8.57 8.57
8.94 8.94
План
Факт
1
100'

15-11-2024T08:57:32 - [MESSAGE][PASSED] - Text of object 'Object Repository/Выполнение бизнес-плана/textPlanFact' is: '%
8.57 8.57
8.94 8.94
План
Факт
1
100'

15-11-2024T08:57:32 - [TEST_STEP][PASSED] - page = page.replaceAll("\n", "_"): null

15-11-2024T08:57:32 - [TEST_STEP][PASSED] - page = page.substring(page.indexOf("_") + 1, page.length()): null

15-11-2024T08:57:32 - [TEST_STEP][PASSED] - page1 = page.substring(0, page.indexOf("_")): null

15-11-2024T08:57:32 - [TEST_STEP][PASSED] - page1 = page.substring(0, page.indexOf(" ")): null

15-11-2024T08:57:32 - [TEST_STEP][PASSED] - page2 = page.substring(page.indexOf("_") + 1, page.length()): null

15-11-2024T08:57:32 - [TEST_STEP][PASSED] - page2 = page2.substring(0, page.indexOf("_")): null

15-11-2024T08:57:32 - [TEST_STEP][PASSED] - page2 = page2.substring(0, page.indexOf(" ")): null

15-11-2024T08:57:32 - [TEST_STEP][PASSED] - println("page1: " + page1): null

15-11-2024T08:57:32 - [TEST_STEP][PASSED] - println("page2: " + page2): null

15-11-2024T08:57:32 - [TEST_STEP][PASSED] - file = findTestData("PlanFact").getValue(4, a): null

15-11-2024T08:57:32 - [TEST_STEP][PASSED] - file = file.replace(",", "."): null

15-11-2024T08:57:32 - [TEST_STEP][PASSED] - println("file Plan: " + file): null

15-11-2024T08:57:32 - [TEST_STEP][PASSED] - typeOfData = "План в процентах": null

15-11-2024T08:57:32 - [TEST_STEP][PASSED] - fileDouble = file.toDouble(): null

15-11-2024T08:57:32 - [TEST_STEP][PASSED] - pageDouble = page1.toDouble(): null

15-11-2024T08:57:32 - [TEST_STEP][PASSED] - if (fileDouble != pageDouble): null

15-11-2024T08:57:32 - [TEST_STEP][PASSED] - numberOfErrors = numberOfErrors + 1: null

15-11-2024T08:57:32 - [TEST_STEP][PASSED] - Script1718980020443.WriteToExcel(a, typeOfData, todaysDate, pageInt, fileInt, pageDouble, fileDouble, dZO): null

15-11-2024T08:57:32 - [TEST_STEP][PASSED] - sheetName = "Sheet1": null

15-11-2024T08:57:32 - [TEST_STEP][PASSED] - data = findTestData("PlanFact"): null

15-11-2024T08:57:33 - [TEST_STEP][PASSED] - n = data.getRowNumbers() + 1: null

15-11-2024T08:57:33 - [TEST_STEP][PASSED] - year = todaysDate.substring(todaysDate.length() - 4, todaysDate.length()): null

15-11-2024T08:57:33 - [TEST_STEP][PASSED] - y = year.toInteger(): null

15-11-2024T08:57:33 - [TEST_STEP][PASSED] - m = getText(findTestObject("Выполнение бизнес-плана/Период")): Text of object 'Object Repository/Выполнение бизнес-плана/Период' is: '1, 2, 3 кв. 2024 года'

15-11-2024T08:58:03 - [MESSAGE][PASSED] - Text of object 'Object Repository/Выполнение бизнес-плана/Период' is: '1, 2, 3 кв. 2024 года'

15-11-2024T08:58:03 - [TEST_STEP][PASSED] - m = m.substring(0, m.indexOf("2024")): null

15-11-2024T08:58:03 - [TEST_STEP][PASSED] - m = m.trim(): null

15-11-2024T08:58:03 - [TEST_STEP][PASSED] - dashboardName = "Выполнение бизнес-плана": null

15-11-2024T08:58:03 - [TEST_STEP][PASSED] - workbook01 = getWorkbook(excelFilePath): null

15-11-2024T08:58:03 - [TEST_STEP][PASSED] - sheet01 = getExcelSheet(workbook01, sheetName): null

15-11-2024T08:58:03 - [TEST_STEP][PASSED] - setValueToCellByIndex(sheet01, n, 0, dashboardName): null

15-11-2024T08:58:03 - [TEST_STEP][PASSED] - setValueToCellByIndex(sheet01, n, 1, dZO): null

15-11-2024T08:58:03 - [TEST_STEP][PASSED] - setValueToCellByIndex(sheet01, n, 2, typeOfData): null

15-11-2024T08:58:03 - [TEST_STEP][PASSED] - if (typeOfData == "Факт в процентах" || typeOfData == "План в процентах"): null

15-11-2024T08:58:03 - [TEST_STEP][PASSED] - setValueToCellByIndex(sheet01, n, 3, fileDouble): null

15-11-2024T08:58:03 - [TEST_STEP][PASSED] - setValueToCellByIndex(sheet01, n, 4, pageDouble): null

15-11-2024T08:58:03 - [TEST_STEP][PASSED] - setValueToCellByIndex(sheet01, n, 5, m): null

15-11-2024T08:58:03 - [TEST_STEP][PASSED] - setValueToCellByIndex(sheet01, n, 6, y): null

15-11-2024T08:58:03 - [TEST_STEP][PASSED] - setValueToCellByIndex(sheet01, n, 7, todaysDate): null

15-11-2024T08:58:03 - [TEST_STEP][PASSED] - n = n + 1: null

15-11-2024T08:58:03 - [TEST_STEP][PASSED] - saveWorkbook(excelFilePath, workbook01): null

15-11-2024T08:58:03 - [TEST_STEP][PASSED] - file = findTestData("PlanFact").getValue(7, a): null

15-11-2024T08:58:03 - [TEST_STEP][PASSED] - file = file.replace(",", "."): null

15-11-2024T08:58:03 - [TEST_STEP][PASSED] - println("file Fact: " + file): null

15-11-2024T08:58:03 - [TEST_STEP][PASSED] - fileDouble = file.toDouble(): null

15-11-2024T08:58:03 - [TEST_STEP][PASSED] - typeOfData = "Факт в процентах": null

15-11-2024T08:58:03 - [TEST_STEP][PASSED] - fileDouble = file.toDouble(): null

15-11-2024T08:58:03 - [TEST_STEP][PASSED] - pageDouble = page2.toDouble(): null

15-11-2024T08:58:03 - [TEST_STEP][PASSED] - if (fileDouble != pageDouble): null

15-11-2024T08:58:03 - [TEST_STEP][PASSED] - numberOfErrors = numberOfErrors + 1: null

15-11-2024T08:58:03 - [TEST_STEP][PASSED] - Script1718980020443.WriteToExcel(a, typeOfData, todaysDate, pageInt, fileInt, pageDouble, fileDouble, dZO): null

15-11-2024T08:58:03 - [TEST_STEP][PASSED] - sheetName = "Sheet1": null

15-11-2024T08:58:03 - [TEST_STEP][PASSED] - data = findTestData("PlanFact"): null

15-11-2024T08:58:03 - [TEST_STEP][PASSED] - n = data.getRowNumbers() + 1: null

15-11-2024T08:58:03 - [TEST_STEP][PASSED] - year = todaysDate.substring(todaysDate.length() - 4, todaysDate.length()): null

15-11-2024T08:58:03 - [TEST_STEP][PASSED] - y = year.toInteger(): null

15-11-2024T08:58:03 - [TEST_STEP][PASSED] - m = getText(findTestObject("Выполнение бизнес-плана/Период")): Text of object 'Object Repository/Выполнение бизнес-плана/Период' is: '1, 2, 3 кв. 2024 года'

15-11-2024T08:58:33 - [MESSAGE][PASSED] - Text of object 'Object Repository/Выполнение бизнес-плана/Период' is: '1, 2, 3 кв. 2024 года'

15-11-2024T08:58:33 - [TEST_STEP][PASSED] - m = m.substring(0, m.indexOf("2024")): null

15-11-2024T08:58:33 - [TEST_STEP][PASSED] - m = m.trim(): null

15-11-2024T08:58:33 - [TEST_STEP][PASSED] - dashboardName = "Выполнение бизнес-плана": null

15-11-2024T08:58:33 - [TEST_STEP][PASSED] - workbook01 = getWorkbook(excelFilePath): null

15-11-2024T08:58:33 - [TEST_STEP][PASSED] - sheet01 = getExcelSheet(workbook01, sheetName): null

15-11-2024T08:58:33 - [TEST_STEP][PASSED] - setValueToCellByIndex(sheet01, n, 0, dashboardName): null

15-11-2024T08:58:33 - [TEST_STEP][PASSED] - setValueToCellByIndex(sheet01, n, 1, dZO): null

15-11-2024T08:58:33 - [TEST_STEP][PASSED] - setValueToCellByIndex(sheet01, n, 2, typeOfData): null

15-11-2024T08:58:33 - [TEST_STEP][PASSED] - if (typeOfData == "Факт в процентах" || typeOfData == "План в процентах"): null

15-11-2024T08:58:33 - [TEST_STEP][PASSED] - setValueToCellByIndex(sheet01, n, 3, fileDouble): null

15-11-2024T08:58:33 - [TEST_STEP][PASSED] - setValueToCellByIndex(sheet01, n, 4, pageDouble): null

15-11-2024T08:58:33 - [TEST_STEP][PASSED] - setValueToCellByIndex(sheet01, n, 5, m): null

15-11-2024T08:58:33 - [TEST_STEP][PASSED] - setValueToCellByIndex(sheet01, n, 6, y): null

15-11-2024T08:58:33 - [TEST_STEP][PASSED] - setValueToCellByIndex(sheet01, n, 7, todaysDate): null

15-11-2024T08:58:33 - [TEST_STEP][PASSED] - n = n + 1: null

15-11-2024T08:58:33 - [TEST_STEP][PASSED] - saveWorkbook(excelFilePath, workbook01): null

15-11-2024T08:58:33 - [TEST_STEP][FAILED] - if (verifyEqual(numberOfErrors, 0) == false): null

15-11-2024T08:58:33 - [MESSAGE][FAILED] - Unable to verify equal between actual object '6' and expected object '0' (Root cause: com.kms.katalon.core.exception.StepFailedException: Actual object '6' and expected object '0' are not equal
	at com.kms.katalon.core.keyword.builtin.VerifyEqualKeyword$_verifyEqual_closure1.doCall(VerifyEqualKeyword.groovy:58)
	at com.kms.katalon.core.keyword.builtin.VerifyEqualKeyword$_verifyEqual_closure1.call(VerifyEqualKeyword.groovy)
	at com.kms.katalon.core.keyword.internal.KeywordMain.runKeyword(KeywordMain.groovy:75)
	at com.kms.katalon.core.keyword.builtin.VerifyEqualKeyword.verifyEqual(VerifyEqualKeyword.groovy:63)
	at com.kms.katalon.core.keyword.builtin.VerifyEqualKeyword.execute(VerifyEqualKeyword.groovy:44)
	at com.kms.katalon.core.keyword.internal.KeywordExecutor.executeKeywordForPlatform(KeywordExecutor.groovy:74)
	at com.kms.katalon.core.keyword.BuiltinKeywords.verifyEqual(BuiltinKeywords.groovy:146)
	at java.base/jdk.internal.reflect.NativeMethodAccessorImpl.invoke0(Native Method)
	at java.base/jdk.internal.reflect.NativeMethodAccessorImpl.invoke(NativeMethodAccessorImpl.java:77)
	at java.base/jdk.internal.reflect.DelegatingMethodAccessorImpl.invoke(DelegatingMethodAccessorImpl.java:43)
	at Выполнение бизнес-плана Сверка ПАО Россети все филиалы.Numbers(Выполнение бизнес-плана Сверка ПАО Россети все филиалы:740)
	at Выполнение бизнес-плана Сверка ПАО Россети все филиалы.run(Выполнение бизнес-плана Сверка ПАО Россети все филиалы:211)
	at com.kms.katalon.core.main.ScriptEngine.run(ScriptEngine.java:194)
	at com.kms.katalon.core.main.ScriptEngine.runScriptAsRawText(ScriptEngine.java:119)
	at com.kms.katalon.core.main.TestCaseExecutor.runScript(TestCaseExecutor.java:448)
	at com.kms.katalon.core.main.TestCaseExecutor.doExecute(TestCaseExecutor.java:439)
	at com.kms.katalon.core.main.TestCaseExecutor.processExecutionPhase(TestCaseExecutor.java:418)
	at com.kms.katalon.core.main.TestCaseExecutor.accessMainPhase(TestCaseExecutor.java:410)
	at com.kms.katalon.core.main.TestCaseExecutor.execute(TestCaseExecutor.java:285)
	at com.kms.katalon.core.common.CommonExecutor.accessTestCaseMainPhase(CommonExecutor.java:65)
	at com.kms.katalon.core.main.TestSuiteExecutor.accessTestSuiteMainPhase(TestSuiteExecutor.java:150)
	at com.kms.katalon.core.main.TestSuiteExecutor.execute(TestSuiteExecutor.java:106)
	at com.kms.katalon.core.main.TestCaseMain.startTestSuite(TestCaseMain.java:180)
	at TempTestSuite1731647997681.run(TempTestSuite1731647997681.groovy:35)
	at java.base/jdk.internal.reflect.NativeMethodAccessorImpl.invoke0(Native Method)
	at java.base/jdk.internal.reflect.NativeMethodAccessorImpl.invoke(NativeMethodAccessorImpl.java:77)
	at java.base/jdk.internal.reflect.DelegatingMethodAccessorImpl.invoke(DelegatingMethodAccessorImpl.java:43)
)

15-11-2024T08:58:33 - [TEST_STEP][PASSED] - println(numberOfErrors): null

15-11-2024T08:58:33 - [TEST_STEP][PASSED] - if (a == 28 || a == 77 || a == 74 || a == 65 || a == 36 || a == 44 || a == 54 || a == 1 || a == 18 || a == 59): null

15-11-2024T08:58:33 - [TEST_STEP][PASSED] - if (a == 82): null

15-11-2024T08:58:33 - [TEST_STEP][PASSED] - Script1718980020443.OpenFilter(): null

15-11-2024T08:58:33 - [TEST_STEP][PASSED] - click(findTestObject("Object Repository/Выполнение бизнес-плана/Фильтр ДЗО")): Object: 'Object Repository/Выполнение бизнес-плана/Фильтр ДЗО' is clicked on

15-11-2024T08:59:04 - [MESSAGE][PASSED] - Object: 'Object Repository/Выполнение бизнес-плана/Фильтр ДЗО' is clicked on

15-11-2024T08:59:04 - [TEST_STEP][PASSED] - click(findTestObject("Выполнение бизнес-плана/Снять выделение в фильтре ДЗО")): null

15-11-2024T08:59:34 - [MESSAGE][PASSED] - Object: 'Object Repository/Выполнение бизнес-плана/Снять выделение в фильтре ДЗО' is clicked on

15-11-2024T08:59:34 - [TEST_STEP][PASSED] - Script1718980020443.CloseFilter(): null

15-11-2024T08:59:34 - [TEST_STEP][PASSED] - scrollToElement(findTestObject("Выполнение бизнес-плана/Заголовок дашборда"), 30): Scroll to object 'Object Repository/Выполнение бизнес-плана/Заголовок дашборда' successfully

15-11-2024T09:00:04 - [MESSAGE][PASSED] - Scroll to object 'Object Repository/Выполнение бизнес-плана/Заголовок дашборда' successfully

15-11-2024T09:00:04 - [TEST_STEP][PASSED] - click(findTestObject("Object Repository/Выполнение бизнес-плана/Применить в фильтре ДЗО")): null

15-11-2024T09:00:34 - [MESSAGE][PASSED] - Object: 'Object Repository/Выполнение бизнес-плана/Применить в фильтре ДЗО' is clicked on

15-11-2024T09:00:34 - [TEST_STEP][PASSED] - delay(20): Delayed 20 second(s)

15-11-2024T09:00:54 - [MESSAGE][PASSED] - Delayed 20 second(s)

15-11-2024T09:00:54 - [TEST_STEP][PASSED] - dZO = "АО «Тываэнерго»": null

15-11-2024T09:00:54 - [TEST_STEP][PASSED] - a = 52: null

15-11-2024T09:00:54 - [TEST_STEP][PASSED] - if (x1.contains(dZO)): null

15-11-2024T09:00:54 - [TEST_STEP][PASSED] - dzoNum = dzoNum + 1: null

15-11-2024T09:00:54 - [TEST_STEP][PASSED] - Script1718980020443.Numbers(a, typeOfData, todaysDate, pageInt, fileInt, pageDouble, fileDouble, dZO, dzoNum, filialNum): null

15-11-2024T09:00:54 - [TEST_STEP][PASSED] - println(dzoNum): null

15-11-2024T09:00:54 - [TEST_STEP][PASSED] - planFact = <not implemented yet for class: org.codehaus.groovy.ast.expr.EmptyExpression>: null

15-11-2024T09:00:54 - [TEST_STEP][PASSED] - page = <not implemented yet for class: org.codehaus.groovy.ast.expr.EmptyExpression>: null

15-11-2024T09:00:54 - [TEST_STEP][PASSED] - page1 = <not implemented yet for class: org.codehaus.groovy.ast.expr.EmptyExpression>: null

15-11-2024T09:00:54 - [TEST_STEP][PASSED] - page2 = <not implemented yet for class: org.codehaus.groovy.ast.expr.EmptyExpression>: null

15-11-2024T09:00:54 - [TEST_STEP][PASSED] - filialNumberInRow = <not implemented yet for class: org.codehaus.groovy.ast.expr.EmptyExpression>: null

15-11-2024T09:00:54 - [TEST_STEP][PASSED] - filialsDzoNames = <not implemented yet for class: org.codehaus.groovy.ast.expr.EmptyExpression>: null

15-11-2024T09:00:54 - [TEST_STEP][PASSED] - numberOfFilials = <not implemented yet for class: org.codehaus.groovy.ast.expr.EmptyExpression>: null

15-11-2024T09:00:54 - [TEST_STEP][PASSED] - numberOfSpaces = <not implemented yet for class: org.codehaus.groovy.ast.expr.EmptyExpression>: null

15-11-2024T09:00:54 - [TEST_STEP][PASSED] - file = <not implemented yet for class: org.codehaus.groovy.ast.expr.EmptyExpression>: null

15-11-2024T09:00:54 - [TEST_STEP][PASSED] - otpusk = <not implemented yet for class: org.codehaus.groovy.ast.expr.EmptyExpression>: null

15-11-2024T09:00:54 - [TEST_STEP][PASSED] - poteri = <not implemented yet for class: org.codehaus.groovy.ast.expr.EmptyExpression>: null

15-11-2024T09:00:54 - [TEST_STEP][PASSED] - dataFolder = "Выполнение бизнес-плана/Значения со страницы Выполнение бизнес-плана/": null

15-11-2024T09:00:54 - [TEST_STEP][PASSED] - path = <not implemented yet for class: org.codehaus.groovy.ast.expr.EmptyExpression>: null

15-11-2024T09:00:54 - [TEST_STEP][PASSED] - typeOfDataMain = <not implemented yet for class: org.codehaus.groovy.ast.expr.EmptyExpression>: null

15-11-2024T09:00:54 - [TEST_STEP][PASSED] - fileOtpuskVSet = <not implemented yet for class: org.codehaus.groovy.ast.expr.EmptyExpression>: null

15-11-2024T09:00:54 - [TEST_STEP][PASSED] - pageOtpuskVSet = <not implemented yet for class: org.codehaus.groovy.ast.expr.EmptyExpression>: null

15-11-2024T09:00:54 - [TEST_STEP][PASSED] - filePoteri = <not implemented yet for class: org.codehaus.groovy.ast.expr.EmptyExpression>: null

15-11-2024T09:00:54 - [TEST_STEP][PASSED] - pagePoteri = <not implemented yet for class: org.codehaus.groovy.ast.expr.EmptyExpression>: null

15-11-2024T09:00:54 - [TEST_STEP][PASSED] - compare = <not implemented yet for class: org.codehaus.groovy.ast.expr.EmptyExpression>: null

15-11-2024T09:00:54 - [TEST_STEP][PASSED] - b = <not implemented yet for class: org.codehaus.groovy.ast.expr.EmptyExpression>: null

15-11-2024T09:00:54 - [TEST_STEP][PASSED] - i = <not implemented yet for class: org.codehaus.groovy.ast.expr.EmptyExpression>: null

15-11-2024T09:00:54 - [TEST_STEP][PASSED] - ii = <not implemented yet for class: org.codehaus.groovy.ast.expr.EmptyExpression>: null

15-11-2024T09:00:54 - [TEST_STEP][PASSED] - c = <not implemented yet for class: org.codehaus.groovy.ast.expr.EmptyExpression>: null

15-11-2024T09:00:54 - [TEST_STEP][PASSED] - numberOfErrors = 0: null

15-11-2024T09:00:54 - [TEST_STEP][PASSED] - if (a == 82): null

15-11-2024T09:00:54 - [TEST_STEP][PASSED] - b = findTestData("PlanFact").getValue(1, a): null

15-11-2024T09:00:54 - [TEST_STEP][PASSED] - i = b.indexOf(" (ГК)"): null

15-11-2024T09:00:54 - [TEST_STEP][PASSED] - if (i > -1): null

15-11-2024T09:00:54 - [TEST_STEP][PASSED] - i = b.indexOf("О ""): null

15-11-2024T09:00:54 - [TEST_STEP][PASSED] - if (i > -1): null

15-11-2024T09:00:54 - [TEST_STEP][PASSED] - b = b.substring(i + 3, b.length()): null

15-11-2024T09:00:54 - [TEST_STEP][PASSED] - i = b.indexOf("""): null

15-11-2024T09:00:54 - [TEST_STEP][PASSED] - b = b.substring(0, i): null

15-11-2024T09:00:54 - [TEST_STEP][PASSED] - b = b.trim(): null

15-11-2024T09:00:54 - [TEST_STEP][PASSED] - i = b.indexOf("О «"): null

15-11-2024T09:00:54 - [TEST_STEP][PASSED] - if (i > -1): null

15-11-2024T09:00:54 - [TEST_STEP][PASSED] - i = b.indexOf("г. "): null

15-11-2024T09:00:54 - [TEST_STEP][PASSED] - if (i > -1): null

15-11-2024T09:00:54 - [TEST_STEP][PASSED] - println(b): null

15-11-2024T09:00:54 - [TEST_STEP][PASSED] - for ([planFact = 1, planFact < 3, (planFact++)]): Object: 'Object Repository/Выполнение бизнес-плана/Кнопка Факт' is clicked on

15-11-2024T09:00:54 - [TEST_STEP][PASSED] - if (planFact == 1): null

15-11-2024T09:00:54 - [TEST_STEP][PASSED] - typeOfDataMain = "Факт": null

15-11-2024T09:00:54 - [TEST_STEP][PASSED] - otpusk = findTestData("PlanFact").getValue(5, a): null

15-11-2024T09:00:54 - [TEST_STEP][PASSED] - poteri = findTestData("PlanFact").getValue(6, a): null

15-11-2024T09:00:55 - [TEST_STEP][PASSED] - otpusk = otpusk.replaceAll("\s+", ""): null

15-11-2024T09:00:55 - [TEST_STEP][PASSED] - poteri = poteri.replaceAll("\s+", ""): null

15-11-2024T09:00:55 - [TEST_STEP][PASSED] - typeOfData = typeOfDataMain + " Отпуск в сеть": null

15-11-2024T09:00:55 - [TEST_STEP][PASSED] - if (a == 82): null

15-11-2024T09:00:55 - [TEST_STEP][PASSED] - else if (a == 84): null

15-11-2024T09:00:55 - [TEST_STEP][PASSED] - else if (a == 52 || a == 72 || a == 28 || a == 73 || a == 77 || a == 74 || a == 65 || a == 36 || a == 44 || a == 53 || a == 80 || a == 54 || a == 1 || a == 18 || a == 59 || a == 81): null

15-11-2024T09:00:55 - [TEST_STEP][PASSED] - path = dataFolder + "Table Data/" + typeOfData + " за отчётный период " + dzoNum: null

15-11-2024T09:00:55 - [TEST_STEP][PASSED] - println(path): null

15-11-2024T09:00:55 - [TEST_STEP][PASSED] - page = getText(findTestObject(path)): Text of object 'Object Repository/Выполнение бизнес-плана/Значения со страницы Выполнение бизнес-плана/Table Data/Факт Отпуск в сеть за отчётный период 1' is: '572 217'

15-11-2024T09:01:25 - [MESSAGE][PASSED] - Text of object 'Object Repository/Выполнение бизнес-плана/Значения со страницы Выполнение бизнес-плана/Table Data/Факт Отпуск в сеть за отчётный период 1' is: '572 217'

15-11-2024T09:01:25 - [TEST_STEP][PASSED] - page = page.replaceAll("\s+", ""): null

15-11-2024T09:01:25 - [TEST_STEP][PASSED] - fileOtpuskVSet = otpusk.toInteger(): null

15-11-2024T09:01:25 - [TEST_STEP][PASSED] - pageOtpuskVSet = page.toInteger(): null

15-11-2024T09:01:25 - [TEST_STEP][PASSED] - typeOfData = typeOfDataMain + " Потери": null

15-11-2024T09:01:25 - [TEST_STEP][PASSED] - if (a == 82): null

15-11-2024T09:01:25 - [TEST_STEP][PASSED] - else if (a == 84): null

15-11-2024T09:01:25 - [TEST_STEP][PASSED] - else if (a == 52 || a == 72 || a == 28 || a == 73 || a == 77 || a == 74 || a == 65 || a == 36 || a == 44 || a == 53 || a == 80 || a == 54 || a == 1 || a == 18 || a == 59 || a == 81): null

15-11-2024T09:01:25 - [TEST_STEP][PASSED] - path = dataFolder + "Table Data/" + typeOfData + " за отчётный период " + dzoNum: null

15-11-2024T09:01:25 - [TEST_STEP][PASSED] - page = getText(findTestObject(path)): Text of object 'Object Repository/Выполнение бизнес-плана/Значения со страницы Выполнение бизнес-плана/Table Data/Факт Потери за отчётный период 1' is: '119 926'

15-11-2024T09:01:55 - [MESSAGE][PASSED] - Text of object 'Object Repository/Выполнение бизнес-плана/Значения со страницы Выполнение бизнес-плана/Table Data/Факт Потери за отчётный период 1' is: '119 926'

15-11-2024T09:01:55 - [TEST_STEP][PASSED] - page = page.replaceAll("\s+", ""): null

15-11-2024T09:01:55 - [TEST_STEP][PASSED] - filePoteri = poteri.toInteger(): null

15-11-2024T09:01:55 - [TEST_STEP][PASSED] - pagePoteri = page.toInteger(): null

15-11-2024T09:01:55 - [TEST_STEP][PASSED] - compare = pageOtpuskVSet: null

15-11-2024T09:01:55 - [TEST_STEP][PASSED] - if (compare == fileOtpuskVSet): null

15-11-2024T09:01:55 - [TEST_STEP][PASSED] - if (compare == fileOtpuskVSet): null

15-11-2024T09:01:55 - [TEST_STEP][PASSED] - compare = pagePoteri: null

15-11-2024T09:01:55 - [TEST_STEP][PASSED] - if (compare == filePoteri): null

15-11-2024T09:01:55 - [TEST_STEP][PASSED] - if (compare == filePoteri): null

15-11-2024T09:01:55 - [TEST_STEP][PASSED] - if (planFact == 2): null

15-11-2024T09:01:55 - [TEST_STEP][PASSED] - if (planFact == 1): null

15-11-2024T09:01:55 - [TEST_STEP][PASSED] - else if (planFact == 2): null

15-11-2024T09:01:55 - [TEST_STEP][PASSED] - click(findTestObject("Выполнение бизнес-плана/Кнопка План")): Object: 'Object Repository/Выполнение бизнес-плана/Кнопка План' is clicked on

15-11-2024T09:02:25 - [MESSAGE][PASSED] - Object: 'Object Repository/Выполнение бизнес-плана/Кнопка План' is clicked on

15-11-2024T09:02:25 - [TEST_STEP][PASSED] - typeOfDataMain = "План": null

15-11-2024T09:02:25 - [TEST_STEP][PASSED] - otpusk = findTestData("PlanFact").getValue(2, a): null

15-11-2024T09:02:25 - [TEST_STEP][PASSED] - poteri = findTestData("PlanFact").getValue(3, a): null

15-11-2024T09:02:25 - [TEST_STEP][PASSED] - otpusk = otpusk.replaceAll("\s+", ""): null

15-11-2024T09:02:25 - [TEST_STEP][PASSED] - poteri = poteri.replaceAll("\s+", ""): null

15-11-2024T09:02:25 - [TEST_STEP][PASSED] - typeOfData = typeOfDataMain + " Отпуск в сеть": null

15-11-2024T09:02:25 - [TEST_STEP][PASSED] - if (a == 82): null

15-11-2024T09:02:25 - [TEST_STEP][PASSED] - else if (a == 84): null

15-11-2024T09:02:25 - [TEST_STEP][PASSED] - else if (a == 52 || a == 72 || a == 28 || a == 73 || a == 77 || a == 74 || a == 65 || a == 36 || a == 44 || a == 53 || a == 80 || a == 54 || a == 1 || a == 18 || a == 59 || a == 81): null

15-11-2024T09:02:25 - [TEST_STEP][PASSED] - path = dataFolder + "Table Data/" + typeOfData + " за отчётный период " + dzoNum: null

15-11-2024T09:02:25 - [TEST_STEP][PASSED] - println(path): null

15-11-2024T09:02:25 - [TEST_STEP][PASSED] - page = getText(findTestObject(path)): Text of object 'Object Repository/Выполнение бизнес-плана/Значения со страницы Выполнение бизнес-плана/Table Data/План Отпуск в сеть за отчётный период 1' is: '544 127'

15-11-2024T09:02:55 - [MESSAGE][PASSED] - Text of object 'Object Repository/Выполнение бизнес-плана/Значения со страницы Выполнение бизнес-плана/Table Data/План Отпуск в сеть за отчётный период 1' is: '544 127'

15-11-2024T09:02:55 - [TEST_STEP][PASSED] - page = page.replaceAll("\s+", ""): null

15-11-2024T09:02:55 - [TEST_STEP][PASSED] - fileOtpuskVSet = otpusk.toInteger(): null

15-11-2024T09:02:55 - [TEST_STEP][PASSED] - pageOtpuskVSet = page.toInteger(): null

15-11-2024T09:02:55 - [TEST_STEP][PASSED] - typeOfData = typeOfDataMain + " Потери": null

15-11-2024T09:02:55 - [TEST_STEP][PASSED] - if (a == 82): null

15-11-2024T09:02:55 - [TEST_STEP][PASSED] - else if (a == 84): null

15-11-2024T09:02:55 - [TEST_STEP][PASSED] - else if (a == 52 || a == 72 || a == 28 || a == 73 || a == 77 || a == 74 || a == 65 || a == 36 || a == 44 || a == 53 || a == 80 || a == 54 || a == 1 || a == 18 || a == 59 || a == 81): null

15-11-2024T09:02:55 - [TEST_STEP][PASSED] - path = dataFolder + "Table Data/" + typeOfData + " за отчётный период " + dzoNum: null

15-11-2024T09:02:55 - [TEST_STEP][PASSED] - page = getText(findTestObject(path)): Text of object 'Object Repository/Выполнение бизнес-плана/Значения со страницы Выполнение бизнес-плана/Table Data/План Потери за отчётный период 1' is: '114 446'

15-11-2024T09:03:25 - [MESSAGE][PASSED] - Text of object 'Object Repository/Выполнение бизнес-плана/Значения со страницы Выполнение бизнес-плана/Table Data/План Потери за отчётный период 1' is: '114 446'

15-11-2024T09:03:25 - [TEST_STEP][PASSED] - page = page.replaceAll("\s+", ""): null

15-11-2024T09:03:25 - [TEST_STEP][PASSED] - filePoteri = poteri.toInteger(): null

15-11-2024T09:03:25 - [TEST_STEP][PASSED] - pagePoteri = page.toInteger(): null

15-11-2024T09:03:25 - [TEST_STEP][PASSED] - compare = pageOtpuskVSet: null

15-11-2024T09:03:25 - [TEST_STEP][PASSED] - if (compare == fileOtpuskVSet): null

15-11-2024T09:03:25 - [TEST_STEP][PASSED] - if (compare == fileOtpuskVSet): null

15-11-2024T09:03:25 - [TEST_STEP][PASSED] - compare = pagePoteri: null

15-11-2024T09:03:25 - [TEST_STEP][PASSED] - if (compare == filePoteri): null

15-11-2024T09:03:25 - [TEST_STEP][PASSED] - if (compare == filePoteri): null

15-11-2024T09:03:25 - [TEST_STEP][PASSED] - if (planFact == 2): Object: 'Object Repository/Выполнение бизнес-плана/Кнопка Факт' is clicked on

15-11-2024T09:03:25 - [TEST_STEP][PASSED] - click(findTestObject("Выполнение бизнес-плана/Кнопка Факт")): Object: 'Object Repository/Выполнение бизнес-плана/Кнопка Факт' is clicked on

15-11-2024T09:03:55 - [MESSAGE][PASSED] - Object: 'Object Repository/Выполнение бизнес-плана/Кнопка Факт' is clicked on

15-11-2024T09:03:55 - [TEST_STEP][PASSED] - if (a == 84 || a == 82): null

15-11-2024T09:03:55 - [TEST_STEP][PASSED] - else if (a == 52 || a == 72 || a == 28 || a == 73 || a == 77 || a == 74 || a == 65 || a == 36 || a == 44 || a == 53 || a == 80 || a == 54 || a == 1 || a == 18 || a == 59 || a == 81): null

15-11-2024T09:03:55 - [TEST_STEP][PASSED] - page1 = getText(findTestObject("Object Repository/Выполнение бизнес-плана/spanPlan" + dzoNum)): Text of object 'Object Repository/Выполнение бизнес-плана/spanPlan1' is: '21.03
|'

15-11-2024T09:04:25 - [MESSAGE][PASSED] - Text of object 'Object Repository/Выполнение бизнес-плана/spanPlan1' is: '21.03
|'

15-11-2024T09:04:25 - [TEST_STEP][PASSED] - page1 = page1.replace("|", ""): null

15-11-2024T09:04:25 - [TEST_STEP][PASSED] - page2 = getText(findTestObject("Object Repository/Выполнение бизнес-плана/spanFact" + dzoNum)): Text of object 'Object Repository/Выполнение бизнес-плана/spanFact1' is: '20.96'

15-11-2024T09:04:55 - [MESSAGE][PASSED] - Text of object 'Object Repository/Выполнение бизнес-плана/spanFact1' is: '20.96'

15-11-2024T09:04:55 - [TEST_STEP][PASSED] - page2 = page2.replace("|", ""): null

15-11-2024T09:04:55 - [TEST_STEP][PASSED] - println("page1: " + page1): null

15-11-2024T09:04:55 - [TEST_STEP][PASSED] - println("page2: " + page2): null

15-11-2024T09:04:55 - [TEST_STEP][PASSED] - file = findTestData("PlanFact").getValue(4, a): null

15-11-2024T09:04:55 - [TEST_STEP][PASSED] - file = file.replace(",", "."): null

15-11-2024T09:04:55 - [TEST_STEP][PASSED] - println("file Plan: " + file): null

15-11-2024T09:04:55 - [TEST_STEP][PASSED] - typeOfData = "План в процентах": null

15-11-2024T09:04:55 - [TEST_STEP][PASSED] - fileDouble = file.toDouble(): null

15-11-2024T09:04:55 - [TEST_STEP][PASSED] - pageDouble = page1.toDouble(): null

15-11-2024T09:04:55 - [TEST_STEP][PASSED] - if (fileDouble != pageDouble): null

15-11-2024T09:04:55 - [TEST_STEP][PASSED] - file = findTestData("PlanFact").getValue(7, a): null

15-11-2024T09:04:56 - [TEST_STEP][PASSED] - file = file.replace(",", "."): null

15-11-2024T09:04:56 - [TEST_STEP][PASSED] - println("file Fact: " + file): null

15-11-2024T09:04:56 - [TEST_STEP][PASSED] - fileDouble = file.toDouble(): null

15-11-2024T09:04:56 - [TEST_STEP][PASSED] - typeOfData = "Факт в процентах": null

15-11-2024T09:04:56 - [TEST_STEP][PASSED] - fileDouble = file.toDouble(): null

15-11-2024T09:04:56 - [TEST_STEP][PASSED] - pageDouble = page2.toDouble(): null

15-11-2024T09:04:56 - [TEST_STEP][PASSED] - if (fileDouble != pageDouble): null

15-11-2024T09:04:56 - [TEST_STEP][PASSED] - if (verifyEqual(numberOfErrors, 0) == false): Actual object '0' and expected object '0' are equal

15-11-2024T09:04:56 - [MESSAGE][PASSED] - Actual object '0' and expected object '0' are equal

15-11-2024T09:04:56 - [TEST_STEP][PASSED] - if (a == 82): null

15-11-2024T09:04:56 - [TEST_STEP][PASSED] - println(dzoNum): null

15-11-2024T09:04:56 - [TEST_STEP][PASSED] - dZO = "АО «Чеченэнерго»": null

15-11-2024T09:04:56 - [TEST_STEP][PASSED] - a = 72: null

15-11-2024T09:04:56 - [TEST_STEP][PASSED] - if (x1.contains(dZO)): null

15-11-2024T09:04:56 - [TEST_STEP][PASSED] - dzoNum = dzoNum + 1: null

15-11-2024T09:04:56 - [TEST_STEP][PASSED] - Script1718980020443.Numbers(a, typeOfData, todaysDate, pageInt, fileInt, pageDouble, fileDouble, dZO, dzoNum, filialNum): null

15-11-2024T09:04:56 - [TEST_STEP][PASSED] - println(dzoNum): null

15-11-2024T09:04:56 - [TEST_STEP][PASSED] - planFact = <not implemented yet for class: org.codehaus.groovy.ast.expr.EmptyExpression>: null

15-11-2024T09:04:56 - [TEST_STEP][PASSED] - page = <not implemented yet for class: org.codehaus.groovy.ast.expr.EmptyExpression>: null

15-11-2024T09:04:56 - [TEST_STEP][PASSED] - page1 = <not implemented yet for class: org.codehaus.groovy.ast.expr.EmptyExpression>: null

15-11-2024T09:04:56 - [TEST_STEP][PASSED] - page2 = <not implemented yet for class: org.codehaus.groovy.ast.expr.EmptyExpression>: null

15-11-2024T09:04:56 - [TEST_STEP][PASSED] - filialNumberInRow = <not implemented yet for class: org.codehaus.groovy.ast.expr.EmptyExpression>: null

15-11-2024T09:04:56 - [TEST_STEP][PASSED] - filialsDzoNames = <not implemented yet for class: org.codehaus.groovy.ast.expr.EmptyExpression>: null

15-11-2024T09:04:56 - [TEST_STEP][PASSED] - numberOfFilials = <not implemented yet for class: org.codehaus.groovy.ast.expr.EmptyExpression>: null

15-11-2024T09:04:56 - [TEST_STEP][PASSED] - numberOfSpaces = <not implemented yet for class: org.codehaus.groovy.ast.expr.EmptyExpression>: null

15-11-2024T09:04:56 - [TEST_STEP][PASSED] - file = <not implemented yet for class: org.codehaus.groovy.ast.expr.EmptyExpression>: null

15-11-2024T09:04:56 - [TEST_STEP][PASSED] - otpusk = <not implemented yet for class: org.codehaus.groovy.ast.expr.EmptyExpression>: null

15-11-2024T09:04:56 - [TEST_STEP][PASSED] - poteri = <not implemented yet for class: org.codehaus.groovy.ast.expr.EmptyExpression>: null

15-11-2024T09:04:56 - [TEST_STEP][PASSED] - dataFolder = "Выполнение бизнес-плана/Значения со страницы Выполнение бизнес-плана/": null

15-11-2024T09:04:56 - [TEST_STEP][PASSED] - path = <not implemented yet for class: org.codehaus.groovy.ast.expr.EmptyExpression>: null

15-11-2024T09:04:56 - [TEST_STEP][PASSED] - typeOfDataMain = <not implemented yet for class: org.codehaus.groovy.ast.expr.EmptyExpression>: null

15-11-2024T09:04:56 - [TEST_STEP][PASSED] - fileOtpuskVSet = <not implemented yet for class: org.codehaus.groovy.ast.expr.EmptyExpression>: null

15-11-2024T09:04:56 - [TEST_STEP][PASSED] - pageOtpuskVSet = <not implemented yet for class: org.codehaus.groovy.ast.expr.EmptyExpression>: null

15-11-2024T09:04:56 - [TEST_STEP][PASSED] - filePoteri = <not implemented yet for class: org.codehaus.groovy.ast.expr.EmptyExpression>: null

15-11-2024T09:04:56 - [TEST_STEP][PASSED] - pagePoteri = <not implemented yet for class: org.codehaus.groovy.ast.expr.EmptyExpression>: null

15-11-2024T09:04:56 - [TEST_STEP][PASSED] - compare = <not implemented yet for class: org.codehaus.groovy.ast.expr.EmptyExpression>: null

15-11-2024T09:04:56 - [TEST_STEP][PASSED] - b = <not implemented yet for class: org.codehaus.groovy.ast.expr.EmptyExpression>: null

15-11-2024T09:04:56 - [TEST_STEP][PASSED] - i = <not implemented yet for class: org.codehaus.groovy.ast.expr.EmptyExpression>: null

15-11-2024T09:04:56 - [TEST_STEP][PASSED] - ii = <not implemented yet for class: org.codehaus.groovy.ast.expr.EmptyExpression>: null

15-11-2024T09:04:56 - [TEST_STEP][PASSED] - c = <not implemented yet for class: org.codehaus.groovy.ast.expr.EmptyExpression>: null

15-11-2024T09:04:56 - [TEST_STEP][PASSED] - numberOfErrors = 0: null

15-11-2024T09:04:56 - [TEST_STEP][PASSED] - if (a == 82): null

15-11-2024T09:04:56 - [TEST_STEP][PASSED] - b = findTestData("PlanFact").getValue(1, a): null

15-11-2024T09:04:56 - [TEST_STEP][PASSED] - i = b.indexOf(" (ГК)"): null

15-11-2024T09:04:56 - [TEST_STEP][PASSED] - if (i > -1): null

15-11-2024T09:04:56 - [TEST_STEP][PASSED] - i = b.indexOf("О ""): null

15-11-2024T09:04:56 - [TEST_STEP][PASSED] - if (i > -1): null

15-11-2024T09:04:56 - [TEST_STEP][PASSED] - b = b.substring(i + 3, b.length()): null

15-11-2024T09:04:56 - [TEST_STEP][PASSED] - i = b.indexOf("""): null

15-11-2024T09:04:56 - [TEST_STEP][PASSED] - b = b.substring(0, i): null

15-11-2024T09:04:56 - [TEST_STEP][PASSED] - b = b.trim(): null

15-11-2024T09:04:56 - [TEST_STEP][PASSED] - i = b.indexOf("О «"): null

15-11-2024T09:04:56 - [TEST_STEP][PASSED] - if (i > -1): null

15-11-2024T09:04:56 - [TEST_STEP][PASSED] - i = b.indexOf("г. "): null

15-11-2024T09:04:56 - [TEST_STEP][PASSED] - if (i > -1): null

15-11-2024T09:04:56 - [TEST_STEP][PASSED] - println(b): null

15-11-2024T09:04:56 - [TEST_STEP][PASSED] - for ([planFact = 1, planFact < 3, (planFact++)]): null

15-11-2024T09:04:56 - [TEST_STEP][PASSED] - if (planFact == 1): null

15-11-2024T09:04:56 - [TEST_STEP][PASSED] - typeOfDataMain = "Факт": null

15-11-2024T09:04:56 - [TEST_STEP][PASSED] - otpusk = findTestData("PlanFact").getValue(5, a): null

15-11-2024T09:04:56 - [TEST_STEP][PASSED] - poteri = findTestData("PlanFact").getValue(6, a): null

15-11-2024T09:04:56 - [TEST_STEP][PASSED] - otpusk = otpusk.replaceAll("\s+", ""): null

15-11-2024T09:04:56 - [TEST_STEP][PASSED] - poteri = poteri.replaceAll("\s+", ""): null

15-11-2024T09:04:56 - [TEST_STEP][PASSED] - typeOfData = typeOfDataMain + " Отпуск в сеть": null

15-11-2024T09:04:56 - [TEST_STEP][PASSED] - if (a == 82): null

15-11-2024T09:04:56 - [TEST_STEP][PASSED] - else if (a == 84): null

15-11-2024T09:04:56 - [TEST_STEP][PASSED] - else if (a == 52 || a == 72 || a == 28 || a == 73 || a == 77 || a == 74 || a == 65 || a == 36 || a == 44 || a == 53 || a == 80 || a == 54 || a == 1 || a == 18 || a == 59 || a == 81): null

15-11-2024T09:04:56 - [TEST_STEP][PASSED] - path = dataFolder + "Table Data/" + typeOfData + " за отчётный период " + dzoNum: null

15-11-2024T09:04:56 - [TEST_STEP][PASSED] - println(path): null

15-11-2024T09:04:56 - [TEST_STEP][PASSED] - page = getText(findTestObject(path)): Text of object 'Object Repository/Выполнение бизнес-плана/Значения со страницы Выполнение бизнес-плана/Table Data/Факт Отпуск в сеть за отчётный период 2' is: '3 034 612'

15-11-2024T09:05:26 - [MESSAGE][PASSED] - Text of object 'Object Repository/Выполнение бизнес-плана/Значения со страницы Выполнение бизнес-плана/Table Data/Факт Отпуск в сеть за отчётный период 2' is: '3 034 612'

15-11-2024T09:05:26 - [TEST_STEP][PASSED] - page = page.replaceAll("\s+", ""): null

15-11-2024T09:05:26 - [TEST_STEP][PASSED] - fileOtpuskVSet = otpusk.toInteger(): null

15-11-2024T09:05:26 - [TEST_STEP][PASSED] - pageOtpuskVSet = page.toInteger(): null

15-11-2024T09:05:26 - [TEST_STEP][PASSED] - typeOfData = typeOfDataMain + " Потери": null

15-11-2024T09:05:26 - [TEST_STEP][PASSED] - if (a == 82): null

15-11-2024T09:05:26 - [TEST_STEP][PASSED] - else if (a == 84): null

15-11-2024T09:05:26 - [TEST_STEP][PASSED] - else if (a == 52 || a == 72 || a == 28 || a == 73 || a == 77 || a == 74 || a == 65 || a == 36 || a == 44 || a == 53 || a == 80 || a == 54 || a == 1 || a == 18 || a == 59 || a == 81): null

15-11-2024T09:05:26 - [TEST_STEP][PASSED] - path = dataFolder + "Table Data/" + typeOfData + " за отчётный период " + dzoNum: null

15-11-2024T09:05:26 - [TEST_STEP][PASSED] - page = getText(findTestObject(path)): Text of object 'Object Repository/Выполнение бизнес-плана/Значения со страницы Выполнение бизнес-плана/Table Data/Факт Потери за отчётный период 2' is: '1 110 325'

15-11-2024T09:05:56 - [MESSAGE][PASSED] - Text of object 'Object Repository/Выполнение бизнес-плана/Значения со страницы Выполнение бизнес-плана/Table Data/Факт Потери за отчётный период 2' is: '1 110 325'

15-11-2024T09:05:56 - [TEST_STEP][PASSED] - page = page.replaceAll("\s+", ""): null

15-11-2024T09:05:56 - [TEST_STEP][PASSED] - filePoteri = poteri.toInteger(): null

15-11-2024T09:05:56 - [TEST_STEP][PASSED] - pagePoteri = page.toInteger(): null

15-11-2024T09:05:56 - [TEST_STEP][PASSED] - compare = pageOtpuskVSet: null

15-11-2024T09:05:56 - [TEST_STEP][PASSED] - if (compare == fileOtpuskVSet): null

15-11-2024T09:05:56 - [TEST_STEP][PASSED] - else if (compare > fileOtpuskVSet): null

15-11-2024T09:05:56 - [TEST_STEP][PASSED] - compare = compare - 1: null

15-11-2024T09:05:56 - [TEST_STEP][PASSED] - if (compare == fileOtpuskVSet): null

15-11-2024T09:05:56 - [TEST_STEP][PASSED] - else: null

15-11-2024T09:05:56 - [TEST_STEP][PASSED] - numberOfErrors = numberOfErrors + 1: null

15-11-2024T09:05:56 - [TEST_STEP][PASSED] - pageInt = pageOtpuskVSet: null

15-11-2024T09:05:56 - [TEST_STEP][PASSED] - fileInt = fileOtpuskVSet: null

15-11-2024T09:05:56 - [TEST_STEP][PASSED] - typeOfData = typeOfDataMain + " Отпуск в сеть": null

15-11-2024T09:05:56 - [TEST_STEP][PASSED] - Script1718980020443.WriteToExcel(a, typeOfData, todaysDate, pageInt, fileInt, pageDouble, fileDouble, dZO): null

15-11-2024T09:05:56 - [TEST_STEP][PASSED] - sheetName = "Sheet1": null

15-11-2024T09:05:56 - [TEST_STEP][PASSED] - data = findTestData("PlanFact"): null

15-11-2024T09:05:56 - [TEST_STEP][PASSED] - n = data.getRowNumbers() + 1: null

15-11-2024T09:05:56 - [TEST_STEP][PASSED] - year = todaysDate.substring(todaysDate.length() - 4, todaysDate.length()): null

15-11-2024T09:05:56 - [TEST_STEP][PASSED] - y = year.toInteger(): null

15-11-2024T09:05:56 - [TEST_STEP][PASSED] - m = getText(findTestObject("Выполнение бизнес-плана/Период")): Text of object 'Object Repository/Выполнение бизнес-плана/Период' is: '1, 2, 3 кв. 2024 года'

15-11-2024T09:06:26 - [MESSAGE][PASSED] - Text of object 'Object Repository/Выполнение бизнес-плана/Период' is: '1, 2, 3 кв. 2024 года'

15-11-2024T09:06:26 - [TEST_STEP][PASSED] - m = m.substring(0, m.indexOf("2024")): null

15-11-2024T09:06:26 - [TEST_STEP][PASSED] - m = m.trim(): null

15-11-2024T09:06:26 - [TEST_STEP][PASSED] - dashboardName = "Выполнение бизнес-плана": null

15-11-2024T09:06:26 - [TEST_STEP][PASSED] - workbook01 = getWorkbook(excelFilePath): null

15-11-2024T09:06:26 - [TEST_STEP][PASSED] - sheet01 = getExcelSheet(workbook01, sheetName): null

15-11-2024T09:06:26 - [TEST_STEP][PASSED] - setValueToCellByIndex(sheet01, n, 0, dashboardName): null

15-11-2024T09:06:26 - [TEST_STEP][PASSED] - setValueToCellByIndex(sheet01, n, 1, dZO): null

15-11-2024T09:06:26 - [TEST_STEP][PASSED] - setValueToCellByIndex(sheet01, n, 2, typeOfData): null

15-11-2024T09:06:26 - [TEST_STEP][PASSED] - if (typeOfData == "Факт в процентах" || typeOfData == "План в процентах"): null

15-11-2024T09:06:26 - [TEST_STEP][PASSED] - else: null

15-11-2024T09:06:26 - [TEST_STEP][PASSED] - setValueToCellByIndex(sheet01, n, 3, fileInt): null

15-11-2024T09:06:26 - [TEST_STEP][PASSED] - setValueToCellByIndex(sheet01, n, 4, pageInt): null

15-11-2024T09:06:26 - [TEST_STEP][PASSED] - setValueToCellByIndex(sheet01, n, 5, m): null

15-11-2024T09:06:26 - [TEST_STEP][PASSED] - setValueToCellByIndex(sheet01, n, 6, y): null

15-11-2024T09:06:26 - [TEST_STEP][PASSED] - setValueToCellByIndex(sheet01, n, 7, todaysDate): null

15-11-2024T09:06:26 - [TEST_STEP][PASSED] - n = n + 1: null

15-11-2024T09:06:26 - [TEST_STEP][PASSED] - saveWorkbook(excelFilePath, workbook01): null

15-11-2024T09:06:26 - [TEST_STEP][PASSED] - compare = pagePoteri: null

15-11-2024T09:06:26 - [TEST_STEP][PASSED] - if (compare == filePoteri): null

15-11-2024T09:06:26 - [TEST_STEP][PASSED] - else if (compare > filePoteri): null

15-11-2024T09:06:26 - [TEST_STEP][PASSED] - compare = compare - 1: null

15-11-2024T09:06:26 - [TEST_STEP][PASSED] - if (compare == filePoteri): null

15-11-2024T09:06:26 - [TEST_STEP][PASSED] - else: null

15-11-2024T09:06:26 - [TEST_STEP][PASSED] - numberOfErrors = numberOfErrors + 1: null

15-11-2024T09:06:26 - [TEST_STEP][PASSED] - pageInt = pagePoteri: null

15-11-2024T09:06:26 - [TEST_STEP][PASSED] - fileInt = filePoteri: null

15-11-2024T09:06:26 - [TEST_STEP][PASSED] - typeOfData = typeOfDataMain + " Потери": null

15-11-2024T09:06:26 - [TEST_STEP][PASSED] - Script1718980020443.WriteToExcel(a, typeOfData, todaysDate, pageInt, fileInt, pageDouble, fileDouble, dZO): null

15-11-2024T09:06:26 - [TEST_STEP][PASSED] - sheetName = "Sheet1": null

15-11-2024T09:06:26 - [TEST_STEP][PASSED] - data = findTestData("PlanFact"): null

15-11-2024T09:06:26 - [TEST_STEP][PASSED] - n = data.getRowNumbers() + 1: null

15-11-2024T09:06:26 - [TEST_STEP][PASSED] - year = todaysDate.substring(todaysDate.length() - 4, todaysDate.length()): null

15-11-2024T09:06:26 - [TEST_STEP][PASSED] - y = year.toInteger(): null

15-11-2024T09:06:26 - [TEST_STEP][PASSED] - m = getText(findTestObject("Выполнение бизнес-плана/Период")): Text of object 'Object Repository/Выполнение бизнес-плана/Период' is: '1, 2, 3 кв. 2024 года'

15-11-2024T09:06:57 - [MESSAGE][PASSED] - Text of object 'Object Repository/Выполнение бизнес-плана/Период' is: '1, 2, 3 кв. 2024 года'

15-11-2024T09:06:57 - [TEST_STEP][PASSED] - m = m.substring(0, m.indexOf("2024")): null

15-11-2024T09:06:57 - [TEST_STEP][PASSED] - m = m.trim(): null

15-11-2024T09:06:57 - [TEST_STEP][PASSED] - dashboardName = "Выполнение бизнес-плана": null

15-11-2024T09:06:57 - [TEST_STEP][PASSED] - workbook01 = getWorkbook(excelFilePath): null

15-11-2024T09:06:57 - [TEST_STEP][PASSED] - sheet01 = getExcelSheet(workbook01, sheetName): null

15-11-2024T09:06:57 - [TEST_STEP][PASSED] - setValueToCellByIndex(sheet01, n, 0, dashboardName): null

15-11-2024T09:06:57 - [TEST_STEP][PASSED] - setValueToCellByIndex(sheet01, n, 1, dZO): null

15-11-2024T09:06:57 - [TEST_STEP][PASSED] - setValueToCellByIndex(sheet01, n, 2, typeOfData): null

15-11-2024T09:06:57 - [TEST_STEP][PASSED] - if (typeOfData == "Факт в процентах" || typeOfData == "План в процентах"): null

15-11-2024T09:06:57 - [TEST_STEP][PASSED] - else: null

15-11-2024T09:06:57 - [TEST_STEP][PASSED] - setValueToCellByIndex(sheet01, n, 3, fileInt): null

15-11-2024T09:06:57 - [TEST_STEP][PASSED] - setValueToCellByIndex(sheet01, n, 4, pageInt): null

15-11-2024T09:06:57 - [TEST_STEP][PASSED] - setValueToCellByIndex(sheet01, n, 5, m): null

15-11-2024T09:06:57 - [TEST_STEP][PASSED] - setValueToCellByIndex(sheet01, n, 6, y): null

15-11-2024T09:06:57 - [TEST_STEP][PASSED] - setValueToCellByIndex(sheet01, n, 7, todaysDate): null

15-11-2024T09:06:57 - [TEST_STEP][PASSED] - n = n + 1: null

15-11-2024T09:06:57 - [TEST_STEP][PASSED] - saveWorkbook(excelFilePath, workbook01): null

15-11-2024T09:06:57 - [TEST_STEP][PASSED] - if (planFact == 2): null

15-11-2024T09:06:57 - [TEST_STEP][PASSED] - if (planFact == 1): null

15-11-2024T09:06:57 - [TEST_STEP][PASSED] - else if (planFact == 2): null

15-11-2024T09:06:57 - [TEST_STEP][PASSED] - click(findTestObject("Выполнение бизнес-плана/Кнопка План")): Object: 'Object Repository/Выполнение бизнес-плана/Кнопка План' is clicked on

15-11-2024T09:07:27 - [MESSAGE][PASSED] - Object: 'Object Repository/Выполнение бизнес-плана/Кнопка План' is clicked on

15-11-2024T09:07:27 - [TEST_STEP][PASSED] - typeOfDataMain = "План": null

15-11-2024T09:07:27 - [TEST_STEP][PASSED] - otpusk = findTestData("PlanFact").getValue(2, a): null

15-11-2024T09:07:27 - [TEST_STEP][PASSED] - poteri = findTestData("PlanFact").getValue(3, a): null

15-11-2024T09:07:27 - [TEST_STEP][PASSED] - otpusk = otpusk.replaceAll("\s+", ""): null

15-11-2024T09:07:27 - [TEST_STEP][PASSED] - poteri = poteri.replaceAll("\s+", ""): null

15-11-2024T09:07:27 - [TEST_STEP][PASSED] - typeOfData = typeOfDataMain + " Отпуск в сеть": null

15-11-2024T09:07:27 - [TEST_STEP][PASSED] - if (a == 82): null

15-11-2024T09:07:27 - [TEST_STEP][PASSED] - else if (a == 84): null

15-11-2024T09:07:27 - [TEST_STEP][PASSED] - else if (a == 52 || a == 72 || a == 28 || a == 73 || a == 77 || a == 74 || a == 65 || a == 36 || a == 44 || a == 53 || a == 80 || a == 54 || a == 1 || a == 18 || a == 59 || a == 81): null

15-11-2024T09:07:27 - [TEST_STEP][PASSED] - path = dataFolder + "Table Data/" + typeOfData + " за отчётный период " + dzoNum: null

15-11-2024T09:07:27 - [TEST_STEP][PASSED] - println(path): null

15-11-2024T09:07:27 - [TEST_STEP][PASSED] - page = getText(findTestObject(path)): Text of object 'Object Repository/Выполнение бизнес-плана/Значения со страницы Выполнение бизнес-плана/Table Data/План Отпуск в сеть за отчётный период 2' is: '2 822 152'

15-11-2024T09:07:57 - [MESSAGE][PASSED] - Text of object 'Object Repository/Выполнение бизнес-плана/Значения со страницы Выполнение бизнес-плана/Table Data/План Отпуск в сеть за отчётный период 2' is: '2 822 152'

15-11-2024T09:07:57 - [TEST_STEP][PASSED] - page = page.replaceAll("\s+", ""): null

15-11-2024T09:07:57 - [TEST_STEP][PASSED] - fileOtpuskVSet = otpusk.toInteger(): null

15-11-2024T09:07:57 - [TEST_STEP][PASSED] - pageOtpuskVSet = page.toInteger(): null

15-11-2024T09:07:57 - [TEST_STEP][PASSED] - typeOfData = typeOfDataMain + " Потери": null

15-11-2024T09:07:57 - [TEST_STEP][PASSED] - if (a == 82): null

15-11-2024T09:07:57 - [TEST_STEP][PASSED] - else if (a == 84): null

15-11-2024T09:07:57 - [TEST_STEP][PASSED] - else if (a == 52 || a == 72 || a == 28 || a == 73 || a == 77 || a == 74 || a == 65 || a == 36 || a == 44 || a == 53 || a == 80 || a == 54 || a == 1 || a == 18 || a == 59 || a == 81): null

15-11-2024T09:07:57 - [TEST_STEP][PASSED] - path = dataFolder + "Table Data/" + typeOfData + " за отчётный период " + dzoNum: null

15-11-2024T09:07:57 - [TEST_STEP][PASSED] - page = getText(findTestObject(path)): Text of object 'Object Repository/Выполнение бизнес-плана/Значения со страницы Выполнение бизнес-плана/Table Data/План Потери за отчётный период 2' is: '927 705'

15-11-2024T09:08:27 - [MESSAGE][PASSED] - Text of object 'Object Repository/Выполнение бизнес-плана/Значения со страницы Выполнение бизнес-плана/Table Data/План Потери за отчётный период 2' is: '927 705'

15-11-2024T09:08:27 - [TEST_STEP][PASSED] - page = page.replaceAll("\s+", ""): null

15-11-2024T09:08:27 - [TEST_STEP][PASSED] - filePoteri = poteri.toInteger(): null

15-11-2024T09:08:27 - [TEST_STEP][PASSED] - pagePoteri = page.toInteger(): null

15-11-2024T09:08:27 - [TEST_STEP][PASSED] - compare = pageOtpuskVSet: null

15-11-2024T09:08:27 - [TEST_STEP][PASSED] - if (compare == fileOtpuskVSet): null

15-11-2024T09:08:27 - [TEST_STEP][PASSED] - else if (compare > fileOtpuskVSet): null

15-11-2024T09:08:27 - [TEST_STEP][PASSED] - compare = compare - 1: null

15-11-2024T09:08:27 - [TEST_STEP][PASSED] - if (compare == fileOtpuskVSet): null

15-11-2024T09:08:27 - [TEST_STEP][PASSED] - else: null

15-11-2024T09:08:27 - [TEST_STEP][PASSED] - numberOfErrors = numberOfErrors + 1: null

15-11-2024T09:08:27 - [TEST_STEP][PASSED] - pageInt = pageOtpuskVSet: null

15-11-2024T09:08:27 - [TEST_STEP][PASSED] - fileInt = fileOtpuskVSet: null

15-11-2024T09:08:27 - [TEST_STEP][PASSED] - typeOfData = typeOfDataMain + " Отпуск в сеть": null

15-11-2024T09:08:27 - [TEST_STEP][PASSED] - Script1718980020443.WriteToExcel(a, typeOfData, todaysDate, pageInt, fileInt, pageDouble, fileDouble, dZO): null

15-11-2024T09:08:27 - [TEST_STEP][PASSED] - sheetName = "Sheet1": null

15-11-2024T09:08:27 - [TEST_STEP][PASSED] - data = findTestData("PlanFact"): null

15-11-2024T09:08:27 - [TEST_STEP][PASSED] - n = data.getRowNumbers() + 1: null

15-11-2024T09:08:27 - [TEST_STEP][PASSED] - year = todaysDate.substring(todaysDate.length() - 4, todaysDate.length()): null

15-11-2024T09:08:27 - [TEST_STEP][PASSED] - y = year.toInteger(): null

15-11-2024T09:08:27 - [TEST_STEP][PASSED] - m = getText(findTestObject("Выполнение бизнес-плана/Период")): Text of object 'Object Repository/Выполнение бизнес-плана/Период' is: '1, 2, 3 кв. 2024 года'

15-11-2024T09:08:57 - [MESSAGE][PASSED] - Text of object 'Object Repository/Выполнение бизнес-плана/Период' is: '1, 2, 3 кв. 2024 года'

15-11-2024T09:08:57 - [TEST_STEP][PASSED] - m = m.substring(0, m.indexOf("2024")): null

15-11-2024T09:08:57 - [TEST_STEP][PASSED] - m = m.trim(): null

15-11-2024T09:08:57 - [TEST_STEP][PASSED] - dashboardName = "Выполнение бизнес-плана": null

15-11-2024T09:08:57 - [TEST_STEP][PASSED] - workbook01 = getWorkbook(excelFilePath): null

15-11-2024T09:08:57 - [TEST_STEP][PASSED] - sheet01 = getExcelSheet(workbook01, sheetName): null

15-11-2024T09:08:57 - [TEST_STEP][PASSED] - setValueToCellByIndex(sheet01, n, 0, dashboardName): null

15-11-2024T09:08:57 - [TEST_STEP][PASSED] - setValueToCellByIndex(sheet01, n, 1, dZO): null

15-11-2024T09:08:57 - [TEST_STEP][PASSED] - setValueToCellByIndex(sheet01, n, 2, typeOfData): null

15-11-2024T09:08:57 - [TEST_STEP][PASSED] - if (typeOfData == "Факт в процентах" || typeOfData == "План в процентах"): null

15-11-2024T09:08:57 - [TEST_STEP][PASSED] - else: null

15-11-2024T09:08:57 - [TEST_STEP][PASSED] - setValueToCellByIndex(sheet01, n, 3, fileInt): null

15-11-2024T09:08:57 - [TEST_STEP][PASSED] - setValueToCellByIndex(sheet01, n, 4, pageInt): null

15-11-2024T09:08:57 - [TEST_STEP][PASSED] - setValueToCellByIndex(sheet01, n, 5, m): null

15-11-2024T09:08:57 - [TEST_STEP][PASSED] - setValueToCellByIndex(sheet01, n, 6, y): null

15-11-2024T09:08:57 - [TEST_STEP][PASSED] - setValueToCellByIndex(sheet01, n, 7, todaysDate): null

15-11-2024T09:08:57 - [TEST_STEP][PASSED] - n = n + 1: null

15-11-2024T09:08:57 - [TEST_STEP][PASSED] - saveWorkbook(excelFilePath, workbook01): null

15-11-2024T09:08:58 - [TEST_STEP][PASSED] - compare = pagePoteri: null

15-11-2024T09:08:58 - [TEST_STEP][PASSED] - if (compare == filePoteri): null

15-11-2024T09:08:58 - [TEST_STEP][PASSED] - else if (compare > filePoteri): null

15-11-2024T09:08:58 - [TEST_STEP][PASSED] - compare = compare - 1: null

15-11-2024T09:08:58 - [TEST_STEP][PASSED] - if (compare == filePoteri): null

15-11-2024T09:08:58 - [TEST_STEP][PASSED] - else: null

15-11-2024T09:08:58 - [TEST_STEP][PASSED] - numberOfErrors = numberOfErrors + 1: null

15-11-2024T09:08:58 - [TEST_STEP][PASSED] - pageInt = pagePoteri: null

15-11-2024T09:08:58 - [TEST_STEP][PASSED] - fileInt = filePoteri: null

15-11-2024T09:08:58 - [TEST_STEP][PASSED] - typeOfData = typeOfDataMain + " Потери": null

15-11-2024T09:08:58 - [TEST_STEP][PASSED] - Script1718980020443.WriteToExcel(a, typeOfData, todaysDate, pageInt, fileInt, pageDouble, fileDouble, dZO): null

15-11-2024T09:08:58 - [TEST_STEP][PASSED] - sheetName = "Sheet1": null

15-11-2024T09:08:58 - [TEST_STEP][PASSED] - data = findTestData("PlanFact"): null

15-11-2024T09:08:58 - [TEST_STEP][PASSED] - n = data.getRowNumbers() + 1: null

15-11-2024T09:08:58 - [TEST_STEP][PASSED] - year = todaysDate.substring(todaysDate.length() - 4, todaysDate.length()): null

15-11-2024T09:08:58 - [TEST_STEP][PASSED] - y = year.toInteger(): null

15-11-2024T09:08:58 - [TEST_STEP][PASSED] - m = getText(findTestObject("Выполнение бизнес-плана/Период")): Text of object 'Object Repository/Выполнение бизнес-плана/Период' is: '1, 2, 3 кв. 2024 года'

15-11-2024T09:09:28 - [MESSAGE][PASSED] - Text of object 'Object Repository/Выполнение бизнес-плана/Период' is: '1, 2, 3 кв. 2024 года'

15-11-2024T09:09:28 - [TEST_STEP][PASSED] - m = m.substring(0, m.indexOf("2024")): null

15-11-2024T09:09:28 - [TEST_STEP][PASSED] - m = m.trim(): null

15-11-2024T09:09:28 - [TEST_STEP][PASSED] - dashboardName = "Выполнение бизнес-плана": null

15-11-2024T09:09:28 - [TEST_STEP][PASSED] - workbook01 = getWorkbook(excelFilePath): null

15-11-2024T09:09:28 - [TEST_STEP][PASSED] - sheet01 = getExcelSheet(workbook01, sheetName): null

15-11-2024T09:09:28 - [TEST_STEP][PASSED] - setValueToCellByIndex(sheet01, n, 0, dashboardName): null

15-11-2024T09:09:28 - [TEST_STEP][PASSED] - setValueToCellByIndex(sheet01, n, 1, dZO): null

15-11-2024T09:09:28 - [TEST_STEP][PASSED] - setValueToCellByIndex(sheet01, n, 2, typeOfData): null

15-11-2024T09:09:28 - [TEST_STEP][PASSED] - if (typeOfData == "Факт в процентах" || typeOfData == "План в процентах"): null

15-11-2024T09:09:28 - [TEST_STEP][PASSED] - else: null

15-11-2024T09:09:28 - [TEST_STEP][PASSED] - setValueToCellByIndex(sheet01, n, 3, fileInt): null

15-11-2024T09:09:28 - [TEST_STEP][PASSED] - setValueToCellByIndex(sheet01, n, 4, pageInt): null

15-11-2024T09:09:28 - [TEST_STEP][PASSED] - setValueToCellByIndex(sheet01, n, 5, m): null

15-11-2024T09:09:28 - [TEST_STEP][PASSED] - setValueToCellByIndex(sheet01, n, 6, y): null

15-11-2024T09:09:28 - [TEST_STEP][PASSED] - setValueToCellByIndex(sheet01, n, 7, todaysDate): null

15-11-2024T09:09:28 - [TEST_STEP][PASSED] - n = n + 1: null

15-11-2024T09:09:28 - [TEST_STEP][PASSED] - saveWorkbook(excelFilePath, workbook01): Object: 'Object Repository/Выполнение бизнес-плана/Кнопка Факт' is clicked on

15-11-2024T09:09:28 - [TEST_STEP][PASSED] - if (planFact == 2): Object: 'Object Repository/Выполнение бизнес-плана/Кнопка Факт' is clicked on

15-11-2024T09:09:28 - [TEST_STEP][PASSED] - click(findTestObject("Выполнение бизнес-плана/Кнопка Факт")): Object: 'Object Repository/Выполнение бизнес-плана/Кнопка Факт' is clicked on

15-11-2024T09:09:58 - [MESSAGE][PASSED] - Object: 'Object Repository/Выполнение бизнес-плана/Кнопка Факт' is clicked on

15-11-2024T09:09:58 - [TEST_STEP][PASSED] - if (a == 84 || a == 82): null

15-11-2024T09:09:58 - [TEST_STEP][PASSED] - else if (a == 52 || a == 72 || a == 28 || a == 73 || a == 77 || a == 74 || a == 65 || a == 36 || a == 44 || a == 53 || a == 80 || a == 54 || a == 1 || a == 18 || a == 59 || a == 81): null

15-11-2024T09:09:58 - [TEST_STEP][PASSED] - page1 = getText(findTestObject("Object Repository/Выполнение бизнес-плана/spanPlan" + dzoNum)): Text of object 'Object Repository/Выполнение бизнес-плана/spanPlan2' is: '32.87'

15-11-2024T09:10:28 - [MESSAGE][PASSED] - Text of object 'Object Repository/Выполнение бизнес-плана/spanPlan2' is: '32.87'

15-11-2024T09:10:28 - [TEST_STEP][PASSED] - page1 = page1.replace("|", ""): null

15-11-2024T09:10:28 - [TEST_STEP][PASSED] - page2 = getText(findTestObject("Object Repository/Выполнение бизнес-плана/spanFact" + dzoNum)): Text of object 'Object Repository/Выполнение бизнес-плана/spanFact2' is: '36.59
|'

15-11-2024T09:10:58 - [MESSAGE][PASSED] - Text of object 'Object Repository/Выполнение бизнес-плана/spanFact2' is: '36.59
|'

15-11-2024T09:10:58 - [TEST_STEP][PASSED] - page2 = page2.replace("|", ""): null

15-11-2024T09:10:58 - [TEST_STEP][PASSED] - println("page1: " + page1): null

15-11-2024T09:10:58 - [TEST_STEP][PASSED] - println("page2: " + page2): null

15-11-2024T09:10:58 - [TEST_STEP][PASSED] - file = findTestData("PlanFact").getValue(4, a): null

15-11-2024T09:10:58 - [TEST_STEP][PASSED] - file = file.replace(",", "."): null

15-11-2024T09:10:58 - [TEST_STEP][PASSED] - println("file Plan: " + file): null

15-11-2024T09:10:58 - [TEST_STEP][PASSED] - typeOfData = "План в процентах": null

15-11-2024T09:10:58 - [TEST_STEP][PASSED] - fileDouble = file.toDouble(): null

15-11-2024T09:10:58 - [TEST_STEP][PASSED] - pageDouble = page1.toDouble(): null

15-11-2024T09:10:58 - [TEST_STEP][PASSED] - if (fileDouble != pageDouble): null

15-11-2024T09:10:58 - [TEST_STEP][PASSED] - numberOfErrors = numberOfErrors + 1: null

15-11-2024T09:10:58 - [TEST_STEP][PASSED] - Script1718980020443.WriteToExcel(a, typeOfData, todaysDate, pageInt, fileInt, pageDouble, fileDouble, dZO): null

15-11-2024T09:10:58 - [TEST_STEP][PASSED] - sheetName = "Sheet1": null

15-11-2024T09:10:58 - [TEST_STEP][PASSED] - data = findTestData("PlanFact"): null

15-11-2024T09:10:58 - [TEST_STEP][PASSED] - n = data.getRowNumbers() + 1: null

15-11-2024T09:10:58 - [TEST_STEP][PASSED] - year = todaysDate.substring(todaysDate.length() - 4, todaysDate.length()): null

15-11-2024T09:10:58 - [TEST_STEP][PASSED] - y = year.toInteger(): null

15-11-2024T09:10:58 - [TEST_STEP][PASSED] - m = getText(findTestObject("Выполнение бизнес-плана/Период")): Text of object 'Object Repository/Выполнение бизнес-плана/Период' is: '1, 2, 3 кв. 2024 года'

15-11-2024T09:11:28 - [MESSAGE][PASSED] - Text of object 'Object Repository/Выполнение бизнес-плана/Период' is: '1, 2, 3 кв. 2024 года'

15-11-2024T09:11:28 - [TEST_STEP][PASSED] - m = m.substring(0, m.indexOf("2024")): null

15-11-2024T09:11:28 - [TEST_STEP][PASSED] - m = m.trim(): null

15-11-2024T09:11:28 - [TEST_STEP][PASSED] - dashboardName = "Выполнение бизнес-плана": null

15-11-2024T09:11:28 - [TEST_STEP][PASSED] - workbook01 = getWorkbook(excelFilePath): null

15-11-2024T09:11:29 - [TEST_STEP][PASSED] - sheet01 = getExcelSheet(workbook01, sheetName): null

15-11-2024T09:11:29 - [TEST_STEP][PASSED] - setValueToCellByIndex(sheet01, n, 0, dashboardName): null

15-11-2024T09:11:29 - [TEST_STEP][PASSED] - setValueToCellByIndex(sheet01, n, 1, dZO): null

15-11-2024T09:11:29 - [TEST_STEP][PASSED] - setValueToCellByIndex(sheet01, n, 2, typeOfData): null

15-11-2024T09:11:29 - [TEST_STEP][PASSED] - if (typeOfData == "Факт в процентах" || typeOfData == "План в процентах"): null

15-11-2024T09:11:29 - [TEST_STEP][PASSED] - setValueToCellByIndex(sheet01, n, 3, fileDouble): null

15-11-2024T09:11:29 - [TEST_STEP][PASSED] - setValueToCellByIndex(sheet01, n, 4, pageDouble): null

15-11-2024T09:11:29 - [TEST_STEP][PASSED] - setValueToCellByIndex(sheet01, n, 5, m): null

15-11-2024T09:11:29 - [TEST_STEP][PASSED] - setValueToCellByIndex(sheet01, n, 6, y): null

15-11-2024T09:11:29 - [TEST_STEP][PASSED] - setValueToCellByIndex(sheet01, n, 7, todaysDate): null

15-11-2024T09:11:29 - [TEST_STEP][PASSED] - n = n + 1: null

15-11-2024T09:11:29 - [TEST_STEP][PASSED] - saveWorkbook(excelFilePath, workbook01): null

15-11-2024T09:11:29 - [TEST_STEP][PASSED] - file = findTestData("PlanFact").getValue(7, a): null

15-11-2024T09:11:29 - [TEST_STEP][PASSED] - file = file.replace(",", "."): null

15-11-2024T09:11:29 - [TEST_STEP][PASSED] - println("file Fact: " + file): null

15-11-2024T09:11:29 - [TEST_STEP][PASSED] - fileDouble = file.toDouble(): null

15-11-2024T09:11:29 - [TEST_STEP][PASSED] - typeOfData = "Факт в процентах": null

15-11-2024T09:11:29 - [TEST_STEP][PASSED] - fileDouble = file.toDouble(): null

15-11-2024T09:11:29 - [TEST_STEP][PASSED] - pageDouble = page2.toDouble(): null

15-11-2024T09:11:29 - [TEST_STEP][PASSED] - if (fileDouble != pageDouble): null

15-11-2024T09:11:29 - [TEST_STEP][PASSED] - numberOfErrors = numberOfErrors + 1: null

15-11-2024T09:11:29 - [TEST_STEP][PASSED] - Script1718980020443.WriteToExcel(a, typeOfData, todaysDate, pageInt, fileInt, pageDouble, fileDouble, dZO): null

15-11-2024T09:11:29 - [TEST_STEP][PASSED] - sheetName = "Sheet1": null

15-11-2024T09:11:29 - [TEST_STEP][PASSED] - data = findTestData("PlanFact"): null

15-11-2024T09:11:29 - [TEST_STEP][PASSED] - n = data.getRowNumbers() + 1: null

15-11-2024T09:11:29 - [TEST_STEP][PASSED] - year = todaysDate.substring(todaysDate.length() - 4, todaysDate.length()): null

15-11-2024T09:11:29 - [TEST_STEP][PASSED] - y = year.toInteger(): null

15-11-2024T09:11:29 - [TEST_STEP][PASSED] - m = getText(findTestObject("Выполнение бизнес-плана/Период")): Text of object 'Object Repository/Выполнение бизнес-плана/Период' is: '1, 2, 3 кв. 2024 года'

15-11-2024T09:11:59 - [MESSAGE][PASSED] - Text of object 'Object Repository/Выполнение бизнес-плана/Период' is: '1, 2, 3 кв. 2024 года'

15-11-2024T09:11:59 - [TEST_STEP][PASSED] - m = m.substring(0, m.indexOf("2024")): null

15-11-2024T09:11:59 - [TEST_STEP][PASSED] - m = m.trim(): null

15-11-2024T09:11:59 - [TEST_STEP][PASSED] - dashboardName = "Выполнение бизнес-плана": null

15-11-2024T09:11:59 - [TEST_STEP][PASSED] - workbook01 = getWorkbook(excelFilePath): null

15-11-2024T09:11:59 - [TEST_STEP][PASSED] - sheet01 = getExcelSheet(workbook01, sheetName): null

15-11-2024T09:11:59 - [TEST_STEP][PASSED] - setValueToCellByIndex(sheet01, n, 0, dashboardName): null

15-11-2024T09:11:59 - [TEST_STEP][PASSED] - setValueToCellByIndex(sheet01, n, 1, dZO): null

15-11-2024T09:11:59 - [TEST_STEP][PASSED] - setValueToCellByIndex(sheet01, n, 2, typeOfData): null

15-11-2024T09:11:59 - [TEST_STEP][PASSED] - if (typeOfData == "Факт в процентах" || typeOfData == "План в процентах"): null

15-11-2024T09:11:59 - [TEST_STEP][PASSED] - setValueToCellByIndex(sheet01, n, 3, fileDouble): null

15-11-2024T09:11:59 - [TEST_STEP][PASSED] - setValueToCellByIndex(sheet01, n, 4, pageDouble): null

15-11-2024T09:11:59 - [TEST_STEP][PASSED] - setValueToCellByIndex(sheet01, n, 5, m): null

15-11-2024T09:11:59 - [TEST_STEP][PASSED] - setValueToCellByIndex(sheet01, n, 6, y): null

15-11-2024T09:11:59 - [TEST_STEP][PASSED] - setValueToCellByIndex(sheet01, n, 7, todaysDate): null

15-11-2024T09:11:59 - [TEST_STEP][PASSED] - n = n + 1: null

15-11-2024T09:11:59 - [TEST_STEP][PASSED] - saveWorkbook(excelFilePath, workbook01): null

15-11-2024T09:11:59 - [TEST_STEP][FAILED] - if (verifyEqual(numberOfErrors, 0) == false): null

15-11-2024T09:11:59 - [MESSAGE][FAILED] - Unable to verify equal between actual object '6' and expected object '0' (Root cause: com.kms.katalon.core.exception.StepFailedException: Actual object '6' and expected object '0' are not equal
	at com.kms.katalon.core.keyword.builtin.VerifyEqualKeyword$_verifyEqual_closure1.doCall(VerifyEqualKeyword.groovy:58)
	at com.kms.katalon.core.keyword.builtin.VerifyEqualKeyword$_verifyEqual_closure1.call(VerifyEqualKeyword.groovy)
	at com.kms.katalon.core.keyword.internal.KeywordMain.runKeyword(KeywordMain.groovy:75)
	at com.kms.katalon.core.keyword.builtin.VerifyEqualKeyword.verifyEqual(VerifyEqualKeyword.groovy:63)
	at com.kms.katalon.core.keyword.builtin.VerifyEqualKeyword.execute(VerifyEqualKeyword.groovy:44)
	at com.kms.katalon.core.keyword.internal.KeywordExecutor.executeKeywordForPlatform(KeywordExecutor.groovy:74)
	at com.kms.katalon.core.keyword.BuiltinKeywords.verifyEqual(BuiltinKeywords.groovy:146)
	at java.base/jdk.internal.reflect.NativeMethodAccessorImpl.invoke0(Native Method)
	at java.base/jdk.internal.reflect.NativeMethodAccessorImpl.invoke(NativeMethodAccessorImpl.java:77)
	at java.base/jdk.internal.reflect.DelegatingMethodAccessorImpl.invoke(DelegatingMethodAccessorImpl.java:43)
	at Выполнение бизнес-плана Сверка ПАО Россети все филиалы.Numbers(Выполнение бизнес-плана Сверка ПАО Россети все филиалы:740)
	at Выполнение бизнес-плана Сверка ПАО Россети все филиалы.run(Выполнение бизнес-плана Сверка ПАО Россети все филиалы:234)
	at com.kms.katalon.core.main.ScriptEngine.run(ScriptEngine.java:194)
	at com.kms.katalon.core.main.ScriptEngine.runScriptAsRawText(ScriptEngine.java:119)
	at com.kms.katalon.core.main.TestCaseExecutor.runScript(TestCaseExecutor.java:448)
	at com.kms.katalon.core.main.TestCaseExecutor.doExecute(TestCaseExecutor.java:439)
	at com.kms.katalon.core.main.TestCaseExecutor.processExecutionPhase(TestCaseExecutor.java:418)
	at com.kms.katalon.core.main.TestCaseExecutor.accessMainPhase(TestCaseExecutor.java:410)
	at com.kms.katalon.core.main.TestCaseExecutor.execute(TestCaseExecutor.java:285)
	at com.kms.katalon.core.common.CommonExecutor.accessTestCaseMainPhase(CommonExecutor.java:65)
	at com.kms.katalon.core.main.TestSuiteExecutor.accessTestSuiteMainPhase(TestSuiteExecutor.java:150)
	at com.kms.katalon.core.main.TestSuiteExecutor.execute(TestSuiteExecutor.java:106)
	at com.kms.katalon.core.main.TestCaseMain.startTestSuite(TestCaseMain.java:180)
	at TempTestSuite1731647997681.run(TempTestSuite1731647997681.groovy:35)
	at java.base/jdk.internal.reflect.NativeMethodAccessorImpl.invoke0(Native Method)
	at java.base/jdk.internal.reflect.NativeMethodAccessorImpl.invoke(NativeMethodAccessorImpl.java:77)
	at java.base/jdk.internal.reflect.DelegatingMethodAccessorImpl.invoke(DelegatingMethodAccessorImpl.java:43)
)

15-11-2024T09:11:59 - [TEST_STEP][PASSED] - println(numberOfErrors): null

15-11-2024T09:11:59 - [TEST_STEP][PASSED] - if (a == 28 || a == 77 || a == 74 || a == 65 || a == 36 || a == 44 || a == 54 || a == 1 || a == 18 || a == 59): null

15-11-2024T09:11:59 - [TEST_STEP][PASSED] - if (a == 82): null

15-11-2024T09:11:59 - [TEST_STEP][PASSED] - println(dzoNum): null

15-11-2024T09:11:59 - [TEST_STEP][PASSED] - a = 28: null

15-11-2024T09:11:59 - [TEST_STEP][PASSED] - dZO = "Россети Волга": null

15-11-2024T09:11:59 - [TEST_STEP][PASSED] - if (x1.contains(dZO)): null

15-11-2024T09:11:59 - [TEST_STEP][PASSED] - else: null

15-11-2024T09:11:59 - [TEST_STEP][PASSED] - Script1718980020443.NoData(a, typeOfData, todaysDate, fileInt, fileDouble, dZO): null

15-11-2024T09:11:59 - [TEST_STEP][PASSED] - println(a): null

15-11-2024T09:11:59 - [TEST_STEP][PASSED] - println(todaysDate): null

15-11-2024T09:11:59 - [TEST_STEP][PASSED] - println(fileInt): null

15-11-2024T09:11:59 - [TEST_STEP][PASSED] - println(fileDouble): null

15-11-2024T09:11:59 - [TEST_STEP][PASSED] - println(dZO): null

15-11-2024T09:11:59 - [TEST_STEP][PASSED] - typeOfData = "Факт Отпуск в сеть": null

15-11-2024T09:11:59 - [TEST_STEP][PASSED] - fileInt = replaceAll("\s+", "").toInteger(): null

15-11-2024T09:11:59 - [TEST_STEP][PASSED] - Script1718980020443.WriteToExcelNoData(a, typeOfData, todaysDate, fileInt, fileDouble, dZO): null

15-11-2024T09:11:59 - [TEST_STEP][PASSED] - sheetName = "Sheet1": null

15-11-2024T09:11:59 - [TEST_STEP][PASSED] - data = findTestData("PlanFact"): null

15-11-2024T09:11:59 - [TEST_STEP][PASSED] - n = data.getRowNumbers() + 1: null

15-11-2024T09:11:59 - [TEST_STEP][PASSED] - year = todaysDate.substring(todaysDate.length() - 4, todaysDate.length()): null

15-11-2024T09:11:59 - [TEST_STEP][PASSED] - y = year.toInteger(): null

15-11-2024T09:11:59 - [TEST_STEP][PASSED] - m = getText(findTestObject("Выполнение бизнес-плана/Период")): Text of object 'Object Repository/Выполнение бизнес-плана/Период' is: '1, 2, 3 кв. 2024 года'

15-11-2024T09:12:29 - [MESSAGE][PASSED] - Text of object 'Object Repository/Выполнение бизнес-плана/Период' is: '1, 2, 3 кв. 2024 года'

15-11-2024T09:12:29 - [TEST_STEP][PASSED] - m = m.substring(0, m.indexOf("2024")): null

15-11-2024T09:12:29 - [TEST_STEP][PASSED] - m = m.trim(): null

15-11-2024T09:12:29 - [TEST_STEP][PASSED] - dashboardName = "Выполнение бизнес-плана": null

15-11-2024T09:12:29 - [TEST_STEP][PASSED] - workbook01 = getWorkbook(excelFilePath): null

15-11-2024T09:12:29 - [TEST_STEP][PASSED] - sheet01 = getExcelSheet(workbook01, sheetName): null

15-11-2024T09:12:29 - [TEST_STEP][PASSED] - setValueToCellByIndex(sheet01, n, 0, dashboardName): null

15-11-2024T09:12:29 - [TEST_STEP][PASSED] - setValueToCellByIndex(sheet01, n, 1, dZO): null

15-11-2024T09:12:29 - [TEST_STEP][PASSED] - setValueToCellByIndex(sheet01, n, 2, typeOfData): null

15-11-2024T09:12:29 - [TEST_STEP][PASSED] - if (typeOfData == "Факт в процентах" || typeOfData == "План в процентах"): null

15-11-2024T09:12:29 - [TEST_STEP][PASSED] - else: null

15-11-2024T09:12:29 - [TEST_STEP][PASSED] - setValueToCellByIndex(sheet01, n, 3, fileInt): null

15-11-2024T09:12:29 - [TEST_STEP][PASSED] - setValueToCellByIndex(sheet01, n, 4, "нет данных"): null

15-11-2024T09:12:29 - [TEST_STEP][PASSED] - setValueToCellByIndex(sheet01, n, 5, m): null

15-11-2024T09:12:29 - [TEST_STEP][PASSED] - setValueToCellByIndex(sheet01, n, 6, y): null

15-11-2024T09:12:29 - [TEST_STEP][PASSED] - setValueToCellByIndex(sheet01, n, 7, todaysDate): null

15-11-2024T09:12:29 - [TEST_STEP][PASSED] - n = n + 1: null

15-11-2024T09:12:29 - [TEST_STEP][PASSED] - saveWorkbook(excelFilePath, workbook01): null

15-11-2024T09:12:30 - [TEST_STEP][PASSED] - typeOfData = "Факт Потери": null

15-11-2024T09:12:30 - [TEST_STEP][PASSED] - fileInt = replaceAll("\s+", "").toInteger(): null

15-11-2024T09:12:30 - [TEST_STEP][PASSED] - Script1718980020443.WriteToExcelNoData(a, typeOfData, todaysDate, fileInt, fileDouble, dZO): null

15-11-2024T09:12:30 - [TEST_STEP][PASSED] - sheetName = "Sheet1": null

15-11-2024T09:12:30 - [TEST_STEP][PASSED] - data = findTestData("PlanFact"): null

15-11-2024T09:12:30 - [TEST_STEP][PASSED] - n = data.getRowNumbers() + 1: null

15-11-2024T09:12:30 - [TEST_STEP][PASSED] - year = todaysDate.substring(todaysDate.length() - 4, todaysDate.length()): null

15-11-2024T09:12:30 - [TEST_STEP][PASSED] - y = year.toInteger(): null

15-11-2024T09:12:30 - [TEST_STEP][PASSED] - m = getText(findTestObject("Выполнение бизнес-плана/Период")): Text of object 'Object Repository/Выполнение бизнес-плана/Период' is: '1, 2, 3 кв. 2024 года'

15-11-2024T09:13:00 - [MESSAGE][PASSED] - Text of object 'Object Repository/Выполнение бизнес-плана/Период' is: '1, 2, 3 кв. 2024 года'

15-11-2024T09:13:00 - [TEST_STEP][PASSED] - m = m.substring(0, m.indexOf("2024")): null

15-11-2024T09:13:00 - [TEST_STEP][PASSED] - m = m.trim(): null

15-11-2024T09:13:00 - [TEST_STEP][PASSED] - dashboardName = "Выполнение бизнес-плана": null

15-11-2024T09:13:00 - [TEST_STEP][PASSED] - workbook01 = getWorkbook(excelFilePath): null

15-11-2024T09:13:00 - [TEST_STEP][PASSED] - sheet01 = getExcelSheet(workbook01, sheetName): null

15-11-2024T09:13:00 - [TEST_STEP][PASSED] - setValueToCellByIndex(sheet01, n, 0, dashboardName): null

15-11-2024T09:13:00 - [TEST_STEP][PASSED] - setValueToCellByIndex(sheet01, n, 1, dZO): null

15-11-2024T09:13:00 - [TEST_STEP][PASSED] - setValueToCellByIndex(sheet01, n, 2, typeOfData): null

15-11-2024T09:13:00 - [TEST_STEP][PASSED] - if (typeOfData == "Факт в процентах" || typeOfData == "План в процентах"): null

15-11-2024T09:13:00 - [TEST_STEP][PASSED] - else: null

15-11-2024T09:13:00 - [TEST_STEP][PASSED] - setValueToCellByIndex(sheet01, n, 3, fileInt): null

15-11-2024T09:13:00 - [TEST_STEP][PASSED] - setValueToCellByIndex(sheet01, n, 4, "нет данных"): null

15-11-2024T09:13:00 - [TEST_STEP][PASSED] - setValueToCellByIndex(sheet01, n, 5, m): null

15-11-2024T09:13:00 - [TEST_STEP][PASSED] - setValueToCellByIndex(sheet01, n, 6, y): null

15-11-2024T09:13:00 - [TEST_STEP][PASSED] - setValueToCellByIndex(sheet01, n, 7, todaysDate): null

15-11-2024T09:13:00 - [TEST_STEP][PASSED] - n = n + 1: null

15-11-2024T09:13:00 - [TEST_STEP][PASSED] - saveWorkbook(excelFilePath, workbook01): null

15-11-2024T09:13:00 - [TEST_STEP][PASSED] - typeOfData = "План Отпуск в сеть": null

15-11-2024T09:13:00 - [TEST_STEP][PASSED] - fileInt = replaceAll("\s+", "").toInteger(): null

15-11-2024T09:13:00 - [TEST_STEP][PASSED] - Script1718980020443.WriteToExcelNoData(a, typeOfData, todaysDate, fileInt, fileDouble, dZO): null

15-11-2024T09:13:00 - [TEST_STEP][PASSED] - sheetName = "Sheet1": null

15-11-2024T09:13:00 - [TEST_STEP][PASSED] - data = findTestData("PlanFact"): null

15-11-2024T09:13:00 - [TEST_STEP][PASSED] - n = data.getRowNumbers() + 1: null

15-11-2024T09:13:00 - [TEST_STEP][PASSED] - year = todaysDate.substring(todaysDate.length() - 4, todaysDate.length()): null

15-11-2024T09:13:00 - [TEST_STEP][PASSED] - y = year.toInteger(): null

15-11-2024T09:13:00 - [TEST_STEP][PASSED] - m = getText(findTestObject("Выполнение бизнес-плана/Период")): Text of object 'Object Repository/Выполнение бизнес-плана/Период' is: '1, 2, 3 кв. 2024 года'

15-11-2024T09:13:30 - [MESSAGE][PASSED] - Text of object 'Object Repository/Выполнение бизнес-плана/Период' is: '1, 2, 3 кв. 2024 года'

15-11-2024T09:13:30 - [TEST_STEP][PASSED] - m = m.substring(0, m.indexOf("2024")): null

15-11-2024T09:13:30 - [TEST_STEP][PASSED] - m = m.trim(): null

15-11-2024T09:13:30 - [TEST_STEP][PASSED] - dashboardName = "Выполнение бизнес-плана": null

15-11-2024T09:13:30 - [TEST_STEP][PASSED] - workbook01 = getWorkbook(excelFilePath): null

15-11-2024T09:13:30 - [TEST_STEP][PASSED] - sheet01 = getExcelSheet(workbook01, sheetName): null

15-11-2024T09:13:30 - [TEST_STEP][PASSED] - setValueToCellByIndex(sheet01, n, 0, dashboardName): null

15-11-2024T09:13:30 - [TEST_STEP][PASSED] - setValueToCellByIndex(sheet01, n, 1, dZO): null

15-11-2024T09:13:30 - [TEST_STEP][PASSED] - setValueToCellByIndex(sheet01, n, 2, typeOfData): null

15-11-2024T09:13:30 - [TEST_STEP][PASSED] - if (typeOfData == "Факт в процентах" || typeOfData == "План в процентах"): null

15-11-2024T09:13:30 - [TEST_STEP][PASSED] - else: null

15-11-2024T09:13:30 - [TEST_STEP][PASSED] - setValueToCellByIndex(sheet01, n, 3, fileInt): null

15-11-2024T09:13:30 - [TEST_STEP][PASSED] - setValueToCellByIndex(sheet01, n, 4, "нет данных"): null

15-11-2024T09:13:30 - [TEST_STEP][PASSED] - setValueToCellByIndex(sheet01, n, 5, m): null

15-11-2024T09:13:30 - [TEST_STEP][PASSED] - setValueToCellByIndex(sheet01, n, 6, y): null

15-11-2024T09:13:30 - [TEST_STEP][PASSED] - setValueToCellByIndex(sheet01, n, 7, todaysDate): null

15-11-2024T09:13:30 - [TEST_STEP][PASSED] - n = n + 1: null

15-11-2024T09:13:30 - [TEST_STEP][PASSED] - saveWorkbook(excelFilePath, workbook01): null

15-11-2024T09:13:31 - [TEST_STEP][PASSED] - typeOfData = "План Потери": null

15-11-2024T09:13:31 - [TEST_STEP][PASSED] - fileInt = replaceAll("\s+", "").toInteger(): null

15-11-2024T09:13:31 - [TEST_STEP][PASSED] - Script1718980020443.WriteToExcelNoData(a, typeOfData, todaysDate, fileInt, fileDouble, dZO): null

15-11-2024T09:13:31 - [TEST_STEP][PASSED] - sheetName = "Sheet1": null

15-11-2024T09:13:31 - [TEST_STEP][PASSED] - data = findTestData("PlanFact"): null

15-11-2024T09:13:31 - [TEST_STEP][PASSED] - n = data.getRowNumbers() + 1: null

15-11-2024T09:13:31 - [TEST_STEP][PASSED] - year = todaysDate.substring(todaysDate.length() - 4, todaysDate.length()): null

15-11-2024T09:13:31 - [TEST_STEP][PASSED] - y = year.toInteger(): null

15-11-2024T09:13:31 - [TEST_STEP][PASSED] - m = getText(findTestObject("Выполнение бизнес-плана/Период")): Text of object 'Object Repository/Выполнение бизнес-плана/Период' is: '1, 2, 3 кв. 2024 года'

15-11-2024T09:14:01 - [MESSAGE][PASSED] - Text of object 'Object Repository/Выполнение бизнес-плана/Период' is: '1, 2, 3 кв. 2024 года'

15-11-2024T09:14:01 - [TEST_STEP][PASSED] - m = m.substring(0, m.indexOf("2024")): null

15-11-2024T09:14:01 - [TEST_STEP][PASSED] - m = m.trim(): null

15-11-2024T09:14:01 - [TEST_STEP][PASSED] - dashboardName = "Выполнение бизнес-плана": null

15-11-2024T09:14:01 - [TEST_STEP][PASSED] - workbook01 = getWorkbook(excelFilePath): null

15-11-2024T09:14:01 - [TEST_STEP][PASSED] - sheet01 = getExcelSheet(workbook01, sheetName): null

15-11-2024T09:14:01 - [TEST_STEP][PASSED] - setValueToCellByIndex(sheet01, n, 0, dashboardName): null

15-11-2024T09:14:01 - [TEST_STEP][PASSED] - setValueToCellByIndex(sheet01, n, 1, dZO): null

15-11-2024T09:14:01 - [TEST_STEP][PASSED] - setValueToCellByIndex(sheet01, n, 2, typeOfData): null

15-11-2024T09:14:01 - [TEST_STEP][PASSED] - if (typeOfData == "Факт в процентах" || typeOfData == "План в процентах"): null

15-11-2024T09:14:01 - [TEST_STEP][PASSED] - else: null

15-11-2024T09:14:01 - [TEST_STEP][PASSED] - setValueToCellByIndex(sheet01, n, 3, fileInt): null

15-11-2024T09:14:01 - [TEST_STEP][PASSED] - setValueToCellByIndex(sheet01, n, 4, "нет данных"): null

15-11-2024T09:14:01 - [TEST_STEP][PASSED] - setValueToCellByIndex(sheet01, n, 5, m): null

15-11-2024T09:14:01 - [TEST_STEP][PASSED] - setValueToCellByIndex(sheet01, n, 6, y): null

15-11-2024T09:14:01 - [TEST_STEP][PASSED] - setValueToCellByIndex(sheet01, n, 7, todaysDate): null

15-11-2024T09:14:01 - [TEST_STEP][PASSED] - n = n + 1: null

15-11-2024T09:14:01 - [TEST_STEP][PASSED] - saveWorkbook(excelFilePath, workbook01): null

15-11-2024T09:14:01 - [TEST_STEP][PASSED] - typeOfData = "План в процентах": null

15-11-2024T09:14:01 - [TEST_STEP][PASSED] - fileDouble = ").toDouble(): null

15-11-2024T09:14:01 - [TEST_STEP][PASSED] - Script1718980020443.WriteToExcelNoData(a, typeOfData, todaysDate, fileInt, fileDouble, dZO): null

15-11-2024T09:14:01 - [TEST_STEP][PASSED] - sheetName = "Sheet1": null

15-11-2024T09:14:01 - [TEST_STEP][PASSED] - data = findTestData("PlanFact"): null

15-11-2024T09:14:01 - [TEST_STEP][PASSED] - n = data.getRowNumbers() + 1: null

15-11-2024T09:14:01 - [TEST_STEP][PASSED] - year = todaysDate.substring(todaysDate.length() - 4, todaysDate.length()): null

15-11-2024T09:14:01 - [TEST_STEP][PASSED] - y = year.toInteger(): null

15-11-2024T09:14:01 - [TEST_STEP][PASSED] - m = getText(findTestObject("Выполнение бизнес-плана/Период")): Text of object 'Object Repository/Выполнение бизнес-плана/Период' is: '1, 2, 3 кв. 2024 года'

15-11-2024T09:14:31 - [MESSAGE][PASSED] - Text of object 'Object Repository/Выполнение бизнес-плана/Период' is: '1, 2, 3 кв. 2024 года'

15-11-2024T09:14:31 - [TEST_STEP][PASSED] - m = m.substring(0, m.indexOf("2024")): null

15-11-2024T09:14:31 - [TEST_STEP][PASSED] - m = m.trim(): null

15-11-2024T09:14:31 - [TEST_STEP][PASSED] - dashboardName = "Выполнение бизнес-плана": null

15-11-2024T09:14:31 - [TEST_STEP][PASSED] - workbook01 = getWorkbook(excelFilePath): null

15-11-2024T09:14:31 - [TEST_STEP][PASSED] - sheet01 = getExcelSheet(workbook01, sheetName): null

15-11-2024T09:14:31 - [TEST_STEP][PASSED] - setValueToCellByIndex(sheet01, n, 0, dashboardName): null

15-11-2024T09:14:31 - [TEST_STEP][PASSED] - setValueToCellByIndex(sheet01, n, 1, dZO): null

15-11-2024T09:14:31 - [TEST_STEP][PASSED] - setValueToCellByIndex(sheet01, n, 2, typeOfData): null

15-11-2024T09:14:31 - [TEST_STEP][PASSED] - if (typeOfData == "Факт в процентах" || typeOfData == "План в процентах"): null

15-11-2024T09:14:31 - [TEST_STEP][PASSED] - setValueToCellByIndex(sheet01, n, 3, fileDouble): null

15-11-2024T09:14:31 - [TEST_STEP][PASSED] - setValueToCellByIndex(sheet01, n, 4, "нет данных"): null

15-11-2024T09:14:31 - [TEST_STEP][PASSED] - setValueToCellByIndex(sheet01, n, 5, m): null

15-11-2024T09:14:31 - [TEST_STEP][PASSED] - setValueToCellByIndex(sheet01, n, 6, y): null

15-11-2024T09:14:31 - [TEST_STEP][PASSED] - setValueToCellByIndex(sheet01, n, 7, todaysDate): null

15-11-2024T09:14:31 - [TEST_STEP][PASSED] - n = n + 1: null

15-11-2024T09:14:31 - [TEST_STEP][PASSED] - saveWorkbook(excelFilePath, workbook01): null

15-11-2024T09:14:32 - [TEST_STEP][PASSED] - typeOfData = "Факт в процентах": null

15-11-2024T09:14:32 - [TEST_STEP][PASSED] - fileDouble = ").toDouble(): null

15-11-2024T09:14:32 - [TEST_STEP][PASSED] - Script1718980020443.WriteToExcelNoData(a, typeOfData, todaysDate, fileInt, fileDouble, dZO): null

15-11-2024T09:14:32 - [TEST_STEP][PASSED] - sheetName = "Sheet1": null

15-11-2024T09:14:32 - [TEST_STEP][PASSED] - data = findTestData("PlanFact"): null

15-11-2024T09:14:32 - [TEST_STEP][PASSED] - n = data.getRowNumbers() + 1: null

15-11-2024T09:14:32 - [TEST_STEP][PASSED] - year = todaysDate.substring(todaysDate.length() - 4, todaysDate.length()): null

15-11-2024T09:14:32 - [TEST_STEP][PASSED] - y = year.toInteger(): null

15-11-2024T09:14:32 - [TEST_STEP][PASSED] - m = getText(findTestObject("Выполнение бизнес-плана/Период")): Text of object 'Object Repository/Выполнение бизнес-плана/Период' is: '1, 2, 3 кв. 2024 года'

15-11-2024T09:15:02 - [MESSAGE][PASSED] - Text of object 'Object Repository/Выполнение бизнес-плана/Период' is: '1, 2, 3 кв. 2024 года'

15-11-2024T09:15:02 - [TEST_STEP][PASSED] - m = m.substring(0, m.indexOf("2024")): null

15-11-2024T09:15:02 - [TEST_STEP][PASSED] - m = m.trim(): null

15-11-2024T09:15:02 - [TEST_STEP][PASSED] - dashboardName = "Выполнение бизнес-плана": null

15-11-2024T09:15:02 - [TEST_STEP][PASSED] - workbook01 = getWorkbook(excelFilePath): null

15-11-2024T09:15:02 - [TEST_STEP][PASSED] - sheet01 = getExcelSheet(workbook01, sheetName): null

15-11-2024T09:15:02 - [TEST_STEP][PASSED] - setValueToCellByIndex(sheet01, n, 0, dashboardName): null

15-11-2024T09:15:02 - [TEST_STEP][PASSED] - setValueToCellByIndex(sheet01, n, 1, dZO): null

15-11-2024T09:15:02 - [TEST_STEP][PASSED] - setValueToCellByIndex(sheet01, n, 2, typeOfData): null

15-11-2024T09:15:02 - [TEST_STEP][PASSED] - if (typeOfData == "Факт в процентах" || typeOfData == "План в процентах"): null

15-11-2024T09:15:02 - [TEST_STEP][PASSED] - setValueToCellByIndex(sheet01, n, 3, fileDouble): null

15-11-2024T09:15:02 - [TEST_STEP][PASSED] - setValueToCellByIndex(sheet01, n, 4, "нет данных"): null

15-11-2024T09:15:02 - [TEST_STEP][PASSED] - setValueToCellByIndex(sheet01, n, 5, m): null

15-11-2024T09:15:02 - [TEST_STEP][PASSED] - setValueToCellByIndex(sheet01, n, 6, y): null

15-11-2024T09:15:02 - [TEST_STEP][PASSED] - setValueToCellByIndex(sheet01, n, 7, todaysDate): null

15-11-2024T09:15:02 - [TEST_STEP][PASSED] - n = n + 1: null

15-11-2024T09:15:02 - [TEST_STEP][PASSED] - saveWorkbook(excelFilePath, workbook01): null

15-11-2024T09:15:02 - [TEST_STEP][PASSED] - println(dzoNum): null

15-11-2024T09:15:02 - [TEST_STEP][PASSED] - dZO = "Россети Кубань": null

15-11-2024T09:15:02 - [TEST_STEP][PASSED] - a = 73: null

15-11-2024T09:15:02 - [TEST_STEP][PASSED] - if (x1.contains(dZO)): null

15-11-2024T09:15:02 - [TEST_STEP][PASSED] - else: null

15-11-2024T09:15:02 - [TEST_STEP][PASSED] - Script1718980020443.NoData(a, typeOfData, todaysDate, fileInt, fileDouble, dZO): null

15-11-2024T09:15:02 - [TEST_STEP][PASSED] - println(a): null

15-11-2024T09:15:02 - [TEST_STEP][PASSED] - println(todaysDate): null

15-11-2024T09:15:02 - [TEST_STEP][PASSED] - println(fileInt): null

15-11-2024T09:15:02 - [TEST_STEP][PASSED] - println(fileDouble): null

15-11-2024T09:15:02 - [TEST_STEP][PASSED] - println(dZO): null

15-11-2024T09:15:02 - [TEST_STEP][PASSED] - typeOfData = "Факт Отпуск в сеть": null

15-11-2024T09:15:02 - [TEST_STEP][PASSED] - fileInt = replaceAll("\s+", "").toInteger(): null

15-11-2024T09:15:02 - [TEST_STEP][PASSED] - Script1718980020443.WriteToExcelNoData(a, typeOfData, todaysDate, fileInt, fileDouble, dZO): null

15-11-2024T09:15:02 - [TEST_STEP][PASSED] - sheetName = "Sheet1": null

15-11-2024T09:15:02 - [TEST_STEP][PASSED] - data = findTestData("PlanFact"): null

15-11-2024T09:15:02 - [TEST_STEP][PASSED] - n = data.getRowNumbers() + 1: null

15-11-2024T09:15:02 - [TEST_STEP][PASSED] - year = todaysDate.substring(todaysDate.length() - 4, todaysDate.length()): null

15-11-2024T09:15:02 - [TEST_STEP][PASSED] - y = year.toInteger(): null

15-11-2024T09:15:02 - [TEST_STEP][PASSED] - m = getText(findTestObject("Выполнение бизнес-плана/Период")): Text of object 'Object Repository/Выполнение бизнес-плана/Период' is: '1, 2, 3 кв. 2024 года'

15-11-2024T09:15:32 - [MESSAGE][PASSED] - Text of object 'Object Repository/Выполнение бизнес-плана/Период' is: '1, 2, 3 кв. 2024 года'

15-11-2024T09:15:32 - [TEST_STEP][PASSED] - m = m.substring(0, m.indexOf("2024")): null

15-11-2024T09:15:32 - [TEST_STEP][PASSED] - m = m.trim(): null

15-11-2024T09:15:32 - [TEST_STEP][PASSED] - dashboardName = "Выполнение бизнес-плана": null

15-11-2024T09:15:32 - [TEST_STEP][PASSED] - workbook01 = getWorkbook(excelFilePath): null

15-11-2024T09:15:32 - [TEST_STEP][PASSED] - sheet01 = getExcelSheet(workbook01, sheetName): null

15-11-2024T09:15:32 - [TEST_STEP][PASSED] - setValueToCellByIndex(sheet01, n, 0, dashboardName): null

15-11-2024T09:15:32 - [TEST_STEP][PASSED] - setValueToCellByIndex(sheet01, n, 1, dZO): null

15-11-2024T09:15:32 - [TEST_STEP][PASSED] - setValueToCellByIndex(sheet01, n, 2, typeOfData): null

15-11-2024T09:15:32 - [TEST_STEP][PASSED] - if (typeOfData == "Факт в процентах" || typeOfData == "План в процентах"): null

15-11-2024T09:15:32 - [TEST_STEP][PASSED] - else: null

15-11-2024T09:15:32 - [TEST_STEP][PASSED] - setValueToCellByIndex(sheet01, n, 3, fileInt): null

15-11-2024T09:15:32 - [TEST_STEP][PASSED] - setValueToCellByIndex(sheet01, n, 4, "нет данных"): null

15-11-2024T09:15:32 - [TEST_STEP][PASSED] - setValueToCellByIndex(sheet01, n, 5, m): null

15-11-2024T09:15:32 - [TEST_STEP][PASSED] - setValueToCellByIndex(sheet01, n, 6, y): null

15-11-2024T09:15:32 - [TEST_STEP][PASSED] - setValueToCellByIndex(sheet01, n, 7, todaysDate): null

15-11-2024T09:15:32 - [TEST_STEP][PASSED] - n = n + 1: null

15-11-2024T09:15:32 - [TEST_STEP][PASSED] - saveWorkbook(excelFilePath, workbook01): null

15-11-2024T09:15:32 - [TEST_STEP][PASSED] - typeOfData = "Факт Потери": null

15-11-2024T09:15:32 - [TEST_STEP][PASSED] - fileInt = replaceAll("\s+", "").toInteger(): null

15-11-2024T09:15:33 - [TEST_STEP][PASSED] - Script1718980020443.WriteToExcelNoData(a, typeOfData, todaysDate, fileInt, fileDouble, dZO): null

15-11-2024T09:15:33 - [TEST_STEP][PASSED] - sheetName = "Sheet1": null

15-11-2024T09:15:33 - [TEST_STEP][PASSED] - data = findTestData("PlanFact"): null

15-11-2024T09:15:33 - [TEST_STEP][PASSED] - n = data.getRowNumbers() + 1: null

15-11-2024T09:15:33 - [TEST_STEP][PASSED] - year = todaysDate.substring(todaysDate.length() - 4, todaysDate.length()): null

15-11-2024T09:15:33 - [TEST_STEP][PASSED] - y = year.toInteger(): null

15-11-2024T09:15:33 - [TEST_STEP][PASSED] - m = getText(findTestObject("Выполнение бизнес-плана/Период")): Text of object 'Object Repository/Выполнение бизнес-плана/Период' is: '1, 2, 3 кв. 2024 года'

15-11-2024T09:16:03 - [MESSAGE][PASSED] - Text of object 'Object Repository/Выполнение бизнес-плана/Период' is: '1, 2, 3 кв. 2024 года'

15-11-2024T09:16:03 - [TEST_STEP][PASSED] - m = m.substring(0, m.indexOf("2024")): null

15-11-2024T09:16:03 - [TEST_STEP][PASSED] - m = m.trim(): null

15-11-2024T09:16:03 - [TEST_STEP][PASSED] - dashboardName = "Выполнение бизнес-плана": null

15-11-2024T09:16:03 - [TEST_STEP][PASSED] - workbook01 = getWorkbook(excelFilePath): null

15-11-2024T09:16:03 - [TEST_STEP][PASSED] - sheet01 = getExcelSheet(workbook01, sheetName): null

15-11-2024T09:16:03 - [TEST_STEP][PASSED] - setValueToCellByIndex(sheet01, n, 0, dashboardName): null

15-11-2024T09:16:03 - [TEST_STEP][PASSED] - setValueToCellByIndex(sheet01, n, 1, dZO): null

15-11-2024T09:16:03 - [TEST_STEP][PASSED] - setValueToCellByIndex(sheet01, n, 2, typeOfData): null

15-11-2024T09:16:03 - [TEST_STEP][PASSED] - if (typeOfData == "Факт в процентах" || typeOfData == "План в процентах"): null

15-11-2024T09:16:03 - [TEST_STEP][PASSED] - else: null

15-11-2024T09:16:03 - [TEST_STEP][PASSED] - setValueToCellByIndex(sheet01, n, 3, fileInt): null

15-11-2024T09:16:03 - [TEST_STEP][PASSED] - setValueToCellByIndex(sheet01, n, 4, "нет данных"): null

15-11-2024T09:16:03 - [TEST_STEP][PASSED] - setValueToCellByIndex(sheet01, n, 5, m): null

15-11-2024T09:16:03 - [TEST_STEP][PASSED] - setValueToCellByIndex(sheet01, n, 6, y): null

15-11-2024T09:16:03 - [TEST_STEP][PASSED] - setValueToCellByIndex(sheet01, n, 7, todaysDate): null

15-11-2024T09:16:03 - [TEST_STEP][PASSED] - n = n + 1: null

15-11-2024T09:16:03 - [TEST_STEP][PASSED] - saveWorkbook(excelFilePath, workbook01): null

15-11-2024T09:16:03 - [TEST_STEP][PASSED] - typeOfData = "План Отпуск в сеть": null

15-11-2024T09:16:03 - [TEST_STEP][PASSED] - fileInt = replaceAll("\s+", "").toInteger(): null

15-11-2024T09:16:03 - [TEST_STEP][PASSED] - Script1718980020443.WriteToExcelNoData(a, typeOfData, todaysDate, fileInt, fileDouble, dZO): null

15-11-2024T09:16:03 - [TEST_STEP][PASSED] - sheetName = "Sheet1": null

15-11-2024T09:16:03 - [TEST_STEP][PASSED] - data = findTestData("PlanFact"): null

15-11-2024T09:16:03 - [TEST_STEP][PASSED] - n = data.getRowNumbers() + 1: null

15-11-2024T09:16:03 - [TEST_STEP][PASSED] - year = todaysDate.substring(todaysDate.length() - 4, todaysDate.length()): null

15-11-2024T09:16:03 - [TEST_STEP][PASSED] - y = year.toInteger(): null

15-11-2024T09:16:03 - [TEST_STEP][PASSED] - m = getText(findTestObject("Выполнение бизнес-плана/Период")): Text of object 'Object Repository/Выполнение бизнес-плана/Период' is: '1, 2, 3 кв. 2024 года'

15-11-2024T09:16:33 - [MESSAGE][PASSED] - Text of object 'Object Repository/Выполнение бизнес-плана/Период' is: '1, 2, 3 кв. 2024 года'

15-11-2024T09:16:33 - [TEST_STEP][PASSED] - m = m.substring(0, m.indexOf("2024")): null

15-11-2024T09:16:33 - [TEST_STEP][PASSED] - m = m.trim(): null

15-11-2024T09:16:33 - [TEST_STEP][PASSED] - dashboardName = "Выполнение бизнес-плана": null

15-11-2024T09:16:33 - [TEST_STEP][PASSED] - workbook01 = getWorkbook(excelFilePath): null

15-11-2024T09:16:33 - [TEST_STEP][PASSED] - sheet01 = getExcelSheet(workbook01, sheetName): null

15-11-2024T09:16:33 - [TEST_STEP][PASSED] - setValueToCellByIndex(sheet01, n, 0, dashboardName): null

15-11-2024T09:16:33 - [TEST_STEP][PASSED] - setValueToCellByIndex(sheet01, n, 1, dZO): null

15-11-2024T09:16:33 - [TEST_STEP][PASSED] - setValueToCellByIndex(sheet01, n, 2, typeOfData): null

15-11-2024T09:16:33 - [TEST_STEP][PASSED] - if (typeOfData == "Факт в процентах" || typeOfData == "План в процентах"): null

15-11-2024T09:16:33 - [TEST_STEP][PASSED] - else: null

15-11-2024T09:16:33 - [TEST_STEP][PASSED] - setValueToCellByIndex(sheet01, n, 3, fileInt): null

15-11-2024T09:16:33 - [TEST_STEP][PASSED] - setValueToCellByIndex(sheet01, n, 4, "нет данных"): null

15-11-2024T09:16:33 - [TEST_STEP][PASSED] - setValueToCellByIndex(sheet01, n, 5, m): null

15-11-2024T09:16:33 - [TEST_STEP][PASSED] - setValueToCellByIndex(sheet01, n, 6, y): null

15-11-2024T09:16:33 - [TEST_STEP][PASSED] - setValueToCellByIndex(sheet01, n, 7, todaysDate): null

15-11-2024T09:16:33 - [TEST_STEP][PASSED] - n = n + 1: null

15-11-2024T09:16:33 - [TEST_STEP][PASSED] - saveWorkbook(excelFilePath, workbook01): null

15-11-2024T09:16:33 - [TEST_STEP][PASSED] - typeOfData = "План Потери": null

15-11-2024T09:16:33 - [TEST_STEP][PASSED] - fileInt = replaceAll("\s+", "").toInteger(): null

15-11-2024T09:16:33 - [TEST_STEP][PASSED] - Script1718980020443.WriteToExcelNoData(a, typeOfData, todaysDate, fileInt, fileDouble, dZO): null

15-11-2024T09:16:33 - [TEST_STEP][PASSED] - sheetName = "Sheet1": null

15-11-2024T09:16:33 - [TEST_STEP][PASSED] - data = findTestData("PlanFact"): null

15-11-2024T09:16:34 - [TEST_STEP][PASSED] - n = data.getRowNumbers() + 1: null

15-11-2024T09:16:34 - [TEST_STEP][PASSED] - year = todaysDate.substring(todaysDate.length() - 4, todaysDate.length()): null

15-11-2024T09:16:34 - [TEST_STEP][PASSED] - y = year.toInteger(): null

15-11-2024T09:16:34 - [TEST_STEP][PASSED] - m = getText(findTestObject("Выполнение бизнес-плана/Период")): Text of object 'Object Repository/Выполнение бизнес-плана/Период' is: '1, 2, 3 кв. 2024 года'

15-11-2024T09:17:04 - [MESSAGE][PASSED] - Text of object 'Object Repository/Выполнение бизнес-плана/Период' is: '1, 2, 3 кв. 2024 года'

15-11-2024T09:17:04 - [TEST_STEP][PASSED] - m = m.substring(0, m.indexOf("2024")): null

15-11-2024T09:17:04 - [TEST_STEP][PASSED] - m = m.trim(): null

15-11-2024T09:17:04 - [TEST_STEP][PASSED] - dashboardName = "Выполнение бизнес-плана": null

15-11-2024T09:17:04 - [TEST_STEP][PASSED] - workbook01 = getWorkbook(excelFilePath): null

15-11-2024T09:17:04 - [TEST_STEP][PASSED] - sheet01 = getExcelSheet(workbook01, sheetName): null

15-11-2024T09:17:04 - [TEST_STEP][PASSED] - setValueToCellByIndex(sheet01, n, 0, dashboardName): null

15-11-2024T09:17:04 - [TEST_STEP][PASSED] - setValueToCellByIndex(sheet01, n, 1, dZO): null

15-11-2024T09:17:04 - [TEST_STEP][PASSED] - setValueToCellByIndex(sheet01, n, 2, typeOfData): null

15-11-2024T09:17:04 - [TEST_STEP][PASSED] - if (typeOfData == "Факт в процентах" || typeOfData == "План в процентах"): null

15-11-2024T09:17:04 - [TEST_STEP][PASSED] - else: null

15-11-2024T09:17:04 - [TEST_STEP][PASSED] - setValueToCellByIndex(sheet01, n, 3, fileInt): null

15-11-2024T09:17:04 - [TEST_STEP][PASSED] - setValueToCellByIndex(sheet01, n, 4, "нет данных"): null

15-11-2024T09:17:04 - [TEST_STEP][PASSED] - setValueToCellByIndex(sheet01, n, 5, m): null

15-11-2024T09:17:04 - [TEST_STEP][PASSED] - setValueToCellByIndex(sheet01, n, 6, y): null

15-11-2024T09:17:04 - [TEST_STEP][PASSED] - setValueToCellByIndex(sheet01, n, 7, todaysDate): null

15-11-2024T09:17:04 - [TEST_STEP][PASSED] - n = n + 1: null

15-11-2024T09:17:04 - [TEST_STEP][PASSED] - saveWorkbook(excelFilePath, workbook01): null

15-11-2024T09:17:04 - [TEST_STEP][PASSED] - typeOfData = "План в процентах": null

15-11-2024T09:17:04 - [TEST_STEP][PASSED] - fileDouble = ").toDouble(): null

15-11-2024T09:17:04 - [TEST_STEP][PASSED] - Script1718980020443.WriteToExcelNoData(a, typeOfData, todaysDate, fileInt, fileDouble, dZO): null

15-11-2024T09:17:04 - [TEST_STEP][PASSED] - sheetName = "Sheet1": null

15-11-2024T09:17:04 - [TEST_STEP][PASSED] - data = findTestData("PlanFact"): null

15-11-2024T09:17:04 - [TEST_STEP][PASSED] - n = data.getRowNumbers() + 1: null

15-11-2024T09:17:04 - [TEST_STEP][PASSED] - year = todaysDate.substring(todaysDate.length() - 4, todaysDate.length()): null

15-11-2024T09:17:04 - [TEST_STEP][PASSED] - y = year.toInteger(): null

15-11-2024T09:17:04 - [TEST_STEP][PASSED] - m = getText(findTestObject("Выполнение бизнес-плана/Период")): Text of object 'Object Repository/Выполнение бизнес-плана/Период' is: '1, 2, 3 кв. 2024 года'

15-11-2024T09:17:34 - [MESSAGE][PASSED] - Text of object 'Object Repository/Выполнение бизнес-плана/Период' is: '1, 2, 3 кв. 2024 года'

15-11-2024T09:17:34 - [TEST_STEP][PASSED] - m = m.substring(0, m.indexOf("2024")): null

15-11-2024T09:17:34 - [TEST_STEP][PASSED] - m = m.trim(): null

15-11-2024T09:17:34 - [TEST_STEP][PASSED] - dashboardName = "Выполнение бизнес-плана": null

15-11-2024T09:17:34 - [TEST_STEP][PASSED] - workbook01 = getWorkbook(excelFilePath): null

15-11-2024T09:17:34 - [TEST_STEP][PASSED] - sheet01 = getExcelSheet(workbook01, sheetName): null

15-11-2024T09:17:34 - [TEST_STEP][PASSED] - setValueToCellByIndex(sheet01, n, 0, dashboardName): null

15-11-2024T09:17:34 - [TEST_STEP][PASSED] - setValueToCellByIndex(sheet01, n, 1, dZO): null

15-11-2024T09:17:34 - [TEST_STEP][PASSED] - setValueToCellByIndex(sheet01, n, 2, typeOfData): null

15-11-2024T09:17:34 - [TEST_STEP][PASSED] - if (typeOfData == "Факт в процентах" || typeOfData == "План в процентах"): null

15-11-2024T09:17:34 - [TEST_STEP][PASSED] - setValueToCellByIndex(sheet01, n, 3, fileDouble): null

15-11-2024T09:17:34 - [TEST_STEP][PASSED] - setValueToCellByIndex(sheet01, n, 4, "нет данных"): null

15-11-2024T09:17:34 - [TEST_STEP][PASSED] - setValueToCellByIndex(sheet01, n, 5, m): null

15-11-2024T09:17:34 - [TEST_STEP][PASSED] - setValueToCellByIndex(sheet01, n, 6, y): null

15-11-2024T09:17:34 - [TEST_STEP][PASSED] - setValueToCellByIndex(sheet01, n, 7, todaysDate): null

15-11-2024T09:17:34 - [TEST_STEP][PASSED] - n = n + 1: null

15-11-2024T09:17:34 - [TEST_STEP][PASSED] - saveWorkbook(excelFilePath, workbook01): null

15-11-2024T09:17:34 - [TEST_STEP][PASSED] - typeOfData = "Факт в процентах": null

15-11-2024T09:17:34 - [TEST_STEP][PASSED] - fileDouble = ").toDouble(): null

15-11-2024T09:17:34 - [TEST_STEP][PASSED] - Script1718980020443.WriteToExcelNoData(a, typeOfData, todaysDate, fileInt, fileDouble, dZO): null

15-11-2024T09:17:34 - [TEST_STEP][PASSED] - sheetName = "Sheet1": null

15-11-2024T09:17:34 - [TEST_STEP][PASSED] - data = findTestData("PlanFact"): null

15-11-2024T09:17:34 - [TEST_STEP][PASSED] - n = data.getRowNumbers() + 1: null

15-11-2024T09:17:34 - [TEST_STEP][PASSED] - year = todaysDate.substring(todaysDate.length() - 4, todaysDate.length()): null

15-11-2024T09:17:34 - [TEST_STEP][PASSED] - y = year.toInteger(): null

15-11-2024T09:17:34 - [TEST_STEP][PASSED] - m = getText(findTestObject("Выполнение бизнес-плана/Период")): Text of object 'Object Repository/Выполнение бизнес-плана/Период' is: '1, 2, 3 кв. 2024 года'

15-11-2024T09:18:05 - [MESSAGE][PASSED] - Text of object 'Object Repository/Выполнение бизнес-плана/Период' is: '1, 2, 3 кв. 2024 года'

15-11-2024T09:18:05 - [TEST_STEP][PASSED] - m = m.substring(0, m.indexOf("2024")): null

15-11-2024T09:18:05 - [TEST_STEP][PASSED] - m = m.trim(): null

15-11-2024T09:18:05 - [TEST_STEP][PASSED] - dashboardName = "Выполнение бизнес-плана": null

15-11-2024T09:18:05 - [TEST_STEP][PASSED] - workbook01 = getWorkbook(excelFilePath): null

15-11-2024T09:18:05 - [TEST_STEP][PASSED] - sheet01 = getExcelSheet(workbook01, sheetName): null

15-11-2024T09:18:05 - [TEST_STEP][PASSED] - setValueToCellByIndex(sheet01, n, 0, dashboardName): null

15-11-2024T09:18:05 - [TEST_STEP][PASSED] - setValueToCellByIndex(sheet01, n, 1, dZO): null

15-11-2024T09:18:05 - [TEST_STEP][PASSED] - setValueToCellByIndex(sheet01, n, 2, typeOfData): null

15-11-2024T09:18:05 - [TEST_STEP][PASSED] - if (typeOfData == "Факт в процентах" || typeOfData == "План в процентах"): null

15-11-2024T09:18:05 - [TEST_STEP][PASSED] - setValueToCellByIndex(sheet01, n, 3, fileDouble): null

15-11-2024T09:18:05 - [TEST_STEP][PASSED] - setValueToCellByIndex(sheet01, n, 4, "нет данных"): null

15-11-2024T09:18:05 - [TEST_STEP][PASSED] - setValueToCellByIndex(sheet01, n, 5, m): null

15-11-2024T09:18:05 - [TEST_STEP][PASSED] - setValueToCellByIndex(sheet01, n, 6, y): null

15-11-2024T09:18:05 - [TEST_STEP][PASSED] - setValueToCellByIndex(sheet01, n, 7, todaysDate): null

15-11-2024T09:18:05 - [TEST_STEP][PASSED] - n = n + 1: null

15-11-2024T09:18:05 - [TEST_STEP][PASSED] - saveWorkbook(excelFilePath, workbook01): null

15-11-2024T09:18:05 - [TEST_STEP][PASSED] - println(dzoNum): null

15-11-2024T09:18:05 - [TEST_STEP][PASSED] - dZO = "Россети Ленэнерго": null

15-11-2024T09:18:05 - [TEST_STEP][PASSED] - a = 77: null

15-11-2024T09:18:05 - [TEST_STEP][PASSED] - if (x1.contains(dZO)): null

15-11-2024T09:18:05 - [TEST_STEP][PASSED] - else: null

15-11-2024T09:18:05 - [TEST_STEP][PASSED] - Script1718980020443.NoData(a, typeOfData, todaysDate, fileInt, fileDouble, dZO): null

15-11-2024T09:18:05 - [TEST_STEP][PASSED] - println(a): null

15-11-2024T09:18:05 - [TEST_STEP][PASSED] - println(todaysDate): null

15-11-2024T09:18:05 - [TEST_STEP][PASSED] - println(fileInt): null

15-11-2024T09:18:05 - [TEST_STEP][PASSED] - println(fileDouble): null

15-11-2024T09:18:05 - [TEST_STEP][PASSED] - println(dZO): null

15-11-2024T09:18:05 - [TEST_STEP][PASSED] - typeOfData = "Факт Отпуск в сеть": null

15-11-2024T09:18:05 - [TEST_STEP][PASSED] - fileInt = replaceAll("\s+", "").toInteger(): null

15-11-2024T09:18:05 - [TEST_STEP][PASSED] - Script1718980020443.WriteToExcelNoData(a, typeOfData, todaysDate, fileInt, fileDouble, dZO): null

15-11-2024T09:18:05 - [TEST_STEP][PASSED] - sheetName = "Sheet1": null

15-11-2024T09:18:05 - [TEST_STEP][PASSED] - data = findTestData("PlanFact"): null

15-11-2024T09:18:05 - [TEST_STEP][PASSED] - n = data.getRowNumbers() + 1: null

15-11-2024T09:18:05 - [TEST_STEP][PASSED] - year = todaysDate.substring(todaysDate.length() - 4, todaysDate.length()): null

15-11-2024T09:18:05 - [TEST_STEP][PASSED] - y = year.toInteger(): null

15-11-2024T09:18:05 - [TEST_STEP][PASSED] - m = getText(findTestObject("Выполнение бизнес-плана/Период")): Text of object 'Object Repository/Выполнение бизнес-плана/Период' is: '1, 2, 3 кв. 2024 года'

15-11-2024T09:18:35 - [MESSAGE][PASSED] - Text of object 'Object Repository/Выполнение бизнес-плана/Период' is: '1, 2, 3 кв. 2024 года'

15-11-2024T09:18:35 - [TEST_STEP][PASSED] - m = m.substring(0, m.indexOf("2024")): null

15-11-2024T09:18:35 - [TEST_STEP][PASSED] - m = m.trim(): null

15-11-2024T09:18:35 - [TEST_STEP][PASSED] - dashboardName = "Выполнение бизнес-плана": null

15-11-2024T09:18:35 - [TEST_STEP][PASSED] - workbook01 = getWorkbook(excelFilePath): null

15-11-2024T09:18:35 - [TEST_STEP][PASSED] - sheet01 = getExcelSheet(workbook01, sheetName): null

15-11-2024T09:18:35 - [TEST_STEP][PASSED] - setValueToCellByIndex(sheet01, n, 0, dashboardName): null

15-11-2024T09:18:35 - [TEST_STEP][PASSED] - setValueToCellByIndex(sheet01, n, 1, dZO): null

15-11-2024T09:18:35 - [TEST_STEP][PASSED] - setValueToCellByIndex(sheet01, n, 2, typeOfData): null

15-11-2024T09:18:35 - [TEST_STEP][PASSED] - if (typeOfData == "Факт в процентах" || typeOfData == "План в процентах"): null

15-11-2024T09:18:35 - [TEST_STEP][PASSED] - else: null

15-11-2024T09:18:35 - [TEST_STEP][PASSED] - setValueToCellByIndex(sheet01, n, 3, fileInt): null

15-11-2024T09:18:35 - [TEST_STEP][PASSED] - setValueToCellByIndex(sheet01, n, 4, "нет данных"): null

15-11-2024T09:18:35 - [TEST_STEP][PASSED] - setValueToCellByIndex(sheet01, n, 5, m): null

15-11-2024T09:18:35 - [TEST_STEP][PASSED] - setValueToCellByIndex(sheet01, n, 6, y): null

15-11-2024T09:18:35 - [TEST_STEP][PASSED] - setValueToCellByIndex(sheet01, n, 7, todaysDate): null

15-11-2024T09:18:35 - [TEST_STEP][PASSED] - n = n + 1: null

15-11-2024T09:18:35 - [TEST_STEP][PASSED] - saveWorkbook(excelFilePath, workbook01): null

15-11-2024T09:18:35 - [TEST_STEP][PASSED] - typeOfData = "Факт Потери": null

15-11-2024T09:18:35 - [TEST_STEP][PASSED] - fileInt = replaceAll("\s+", "").toInteger(): null

15-11-2024T09:18:35 - [TEST_STEP][PASSED] - Script1718980020443.WriteToExcelNoData(a, typeOfData, todaysDate, fileInt, fileDouble, dZO): null

15-11-2024T09:18:35 - [TEST_STEP][PASSED] - sheetName = "Sheet1": null

15-11-2024T09:18:35 - [TEST_STEP][PASSED] - data = findTestData("PlanFact"): null

15-11-2024T09:18:35 - [TEST_STEP][PASSED] - n = data.getRowNumbers() + 1: null

15-11-2024T09:18:35 - [TEST_STEP][PASSED] - year = todaysDate.substring(todaysDate.length() - 4, todaysDate.length()): null

15-11-2024T09:18:35 - [TEST_STEP][PASSED] - y = year.toInteger(): null

15-11-2024T09:18:35 - [TEST_STEP][PASSED] - m = getText(findTestObject("Выполнение бизнес-плана/Период")): Text of object 'Object Repository/Выполнение бизнес-плана/Период' is: '1, 2, 3 кв. 2024 года'

15-11-2024T09:19:05 - [MESSAGE][PASSED] - Text of object 'Object Repository/Выполнение бизнес-плана/Период' is: '1, 2, 3 кв. 2024 года'

15-11-2024T09:19:05 - [TEST_STEP][PASSED] - m = m.substring(0, m.indexOf("2024")): null

15-11-2024T09:19:05 - [TEST_STEP][PASSED] - m = m.trim(): null

15-11-2024T09:19:05 - [TEST_STEP][PASSED] - dashboardName = "Выполнение бизнес-плана": null

15-11-2024T09:19:05 - [TEST_STEP][PASSED] - workbook01 = getWorkbook(excelFilePath): null

15-11-2024T09:19:06 - [TEST_STEP][PASSED] - sheet01 = getExcelSheet(workbook01, sheetName): null

15-11-2024T09:19:06 - [TEST_STEP][PASSED] - setValueToCellByIndex(sheet01, n, 0, dashboardName): null

15-11-2024T09:19:06 - [TEST_STEP][PASSED] - setValueToCellByIndex(sheet01, n, 1, dZO): null

15-11-2024T09:19:06 - [TEST_STEP][PASSED] - setValueToCellByIndex(sheet01, n, 2, typeOfData): null

15-11-2024T09:19:06 - [TEST_STEP][PASSED] - if (typeOfData == "Факт в процентах" || typeOfData == "План в процентах"): null

15-11-2024T09:19:06 - [TEST_STEP][PASSED] - else: null

15-11-2024T09:19:06 - [TEST_STEP][PASSED] - setValueToCellByIndex(sheet01, n, 3, fileInt): null

15-11-2024T09:19:06 - [TEST_STEP][PASSED] - setValueToCellByIndex(sheet01, n, 4, "нет данных"): null

15-11-2024T09:19:06 - [TEST_STEP][PASSED] - setValueToCellByIndex(sheet01, n, 5, m): null

15-11-2024T09:19:06 - [TEST_STEP][PASSED] - setValueToCellByIndex(sheet01, n, 6, y): null

15-11-2024T09:19:06 - [TEST_STEP][PASSED] - setValueToCellByIndex(sheet01, n, 7, todaysDate): null

15-11-2024T09:19:06 - [TEST_STEP][PASSED] - n = n + 1: null

15-11-2024T09:19:06 - [TEST_STEP][PASSED] - saveWorkbook(excelFilePath, workbook01): null

15-11-2024T09:19:06 - [TEST_STEP][PASSED] - typeOfData = "План Отпуск в сеть": null

15-11-2024T09:19:06 - [TEST_STEP][PASSED] - fileInt = replaceAll("\s+", "").toInteger(): null

15-11-2024T09:19:06 - [TEST_STEP][PASSED] - Script1718980020443.WriteToExcelNoData(a, typeOfData, todaysDate, fileInt, fileDouble, dZO): null

15-11-2024T09:19:06 - [TEST_STEP][PASSED] - sheetName = "Sheet1": null

15-11-2024T09:19:06 - [TEST_STEP][PASSED] - data = findTestData("PlanFact"): null

15-11-2024T09:19:06 - [TEST_STEP][PASSED] - n = data.getRowNumbers() + 1: null

15-11-2024T09:19:06 - [TEST_STEP][PASSED] - year = todaysDate.substring(todaysDate.length() - 4, todaysDate.length()): null

15-11-2024T09:19:06 - [TEST_STEP][PASSED] - y = year.toInteger(): null

15-11-2024T09:19:06 - [TEST_STEP][PASSED] - m = getText(findTestObject("Выполнение бизнес-плана/Период")): Text of object 'Object Repository/Выполнение бизнес-плана/Период' is: '1, 2, 3 кв. 2024 года'

15-11-2024T09:19:36 - [MESSAGE][PASSED] - Text of object 'Object Repository/Выполнение бизнес-плана/Период' is: '1, 2, 3 кв. 2024 года'

15-11-2024T09:19:36 - [TEST_STEP][PASSED] - m = m.substring(0, m.indexOf("2024")): null

15-11-2024T09:19:36 - [TEST_STEP][PASSED] - m = m.trim(): null

15-11-2024T09:19:36 - [TEST_STEP][PASSED] - dashboardName = "Выполнение бизнес-плана": null

15-11-2024T09:19:36 - [TEST_STEP][PASSED] - workbook01 = getWorkbook(excelFilePath): null

15-11-2024T09:19:36 - [TEST_STEP][PASSED] - sheet01 = getExcelSheet(workbook01, sheetName): null

15-11-2024T09:19:36 - [TEST_STEP][PASSED] - setValueToCellByIndex(sheet01, n, 0, dashboardName): null

15-11-2024T09:19:36 - [TEST_STEP][PASSED] - setValueToCellByIndex(sheet01, n, 1, dZO): null

15-11-2024T09:19:36 - [TEST_STEP][PASSED] - setValueToCellByIndex(sheet01, n, 2, typeOfData): null

15-11-2024T09:19:36 - [TEST_STEP][PASSED] - if (typeOfData == "Факт в процентах" || typeOfData == "План в процентах"): null

15-11-2024T09:19:36 - [TEST_STEP][PASSED] - else: null

15-11-2024T09:19:36 - [TEST_STEP][PASSED] - setValueToCellByIndex(sheet01, n, 3, fileInt): null

15-11-2024T09:19:36 - [TEST_STEP][PASSED] - setValueToCellByIndex(sheet01, n, 4, "нет данных"): null

15-11-2024T09:19:36 - [TEST_STEP][PASSED] - setValueToCellByIndex(sheet01, n, 5, m): null

15-11-2024T09:19:36 - [TEST_STEP][PASSED] - setValueToCellByIndex(sheet01, n, 6, y): null

15-11-2024T09:19:36 - [TEST_STEP][PASSED] - setValueToCellByIndex(sheet01, n, 7, todaysDate): null

15-11-2024T09:19:36 - [TEST_STEP][PASSED] - n = n + 1: null

15-11-2024T09:19:36 - [TEST_STEP][PASSED] - saveWorkbook(excelFilePath, workbook01): null

15-11-2024T09:19:36 - [TEST_STEP][PASSED] - typeOfData = "План Потери": null

15-11-2024T09:19:36 - [TEST_STEP][PASSED] - fileInt = replaceAll("\s+", "").toInteger(): null

15-11-2024T09:19:36 - [TEST_STEP][PASSED] - Script1718980020443.WriteToExcelNoData(a, typeOfData, todaysDate, fileInt, fileDouble, dZO): null

15-11-2024T09:19:36 - [TEST_STEP][PASSED] - sheetName = "Sheet1": null

15-11-2024T09:19:36 - [TEST_STEP][PASSED] - data = findTestData("PlanFact"): null

15-11-2024T09:19:36 - [TEST_STEP][PASSED] - n = data.getRowNumbers() + 1: null

15-11-2024T09:19:36 - [TEST_STEP][PASSED] - year = todaysDate.substring(todaysDate.length() - 4, todaysDate.length()): null

15-11-2024T09:19:36 - [TEST_STEP][PASSED] - y = year.toInteger(): null

15-11-2024T09:19:36 - [TEST_STEP][PASSED] - m = getText(findTestObject("Выполнение бизнес-плана/Период")): Text of object 'Object Repository/Выполнение бизнес-плана/Период' is: '1, 2, 3 кв. 2024 года'

15-11-2024T09:20:06 - [MESSAGE][PASSED] - Text of object 'Object Repository/Выполнение бизнес-плана/Период' is: '1, 2, 3 кв. 2024 года'

15-11-2024T09:20:06 - [TEST_STEP][PASSED] - m = m.substring(0, m.indexOf("2024")): null

15-11-2024T09:20:06 - [TEST_STEP][PASSED] - m = m.trim(): null

15-11-2024T09:20:06 - [TEST_STEP][PASSED] - dashboardName = "Выполнение бизнес-плана": null

15-11-2024T09:20:06 - [TEST_STEP][PASSED] - workbook01 = getWorkbook(excelFilePath): null

15-11-2024T09:20:06 - [TEST_STEP][PASSED] - sheet01 = getExcelSheet(workbook01, sheetName): null

15-11-2024T09:20:06 - [TEST_STEP][PASSED] - setValueToCellByIndex(sheet01, n, 0, dashboardName): null

15-11-2024T09:20:06 - [TEST_STEP][PASSED] - setValueToCellByIndex(sheet01, n, 1, dZO): null

15-11-2024T09:20:06 - [TEST_STEP][PASSED] - setValueToCellByIndex(sheet01, n, 2, typeOfData): null

15-11-2024T09:20:06 - [TEST_STEP][PASSED] - if (typeOfData == "Факт в процентах" || typeOfData == "План в процентах"): null

15-11-2024T09:20:06 - [TEST_STEP][PASSED] - else: null

15-11-2024T09:20:06 - [TEST_STEP][PASSED] - setValueToCellByIndex(sheet01, n, 3, fileInt): null

15-11-2024T09:20:06 - [TEST_STEP][PASSED] - setValueToCellByIndex(sheet01, n, 4, "нет данных"): null

15-11-2024T09:20:06 - [TEST_STEP][PASSED] - setValueToCellByIndex(sheet01, n, 5, m): null

15-11-2024T09:20:06 - [TEST_STEP][PASSED] - setValueToCellByIndex(sheet01, n, 6, y): null

15-11-2024T09:20:06 - [TEST_STEP][PASSED] - setValueToCellByIndex(sheet01, n, 7, todaysDate): null

15-11-2024T09:20:06 - [TEST_STEP][PASSED] - n = n + 1: null

15-11-2024T09:20:06 - [TEST_STEP][PASSED] - saveWorkbook(excelFilePath, workbook01): null

15-11-2024T09:20:07 - [TEST_STEP][PASSED] - typeOfData = "План в процентах": null

15-11-2024T09:20:07 - [TEST_STEP][PASSED] - fileDouble = ").toDouble(): null

15-11-2024T09:20:07 - [TEST_STEP][PASSED] - Script1718980020443.WriteToExcelNoData(a, typeOfData, todaysDate, fileInt, fileDouble, dZO): null

15-11-2024T09:20:07 - [TEST_STEP][PASSED] - sheetName = "Sheet1": null

15-11-2024T09:20:07 - [TEST_STEP][PASSED] - data = findTestData("PlanFact"): null

15-11-2024T09:20:07 - [TEST_STEP][PASSED] - n = data.getRowNumbers() + 1: null

15-11-2024T09:20:07 - [TEST_STEP][PASSED] - year = todaysDate.substring(todaysDate.length() - 4, todaysDate.length()): null

15-11-2024T09:20:07 - [TEST_STEP][PASSED] - y = year.toInteger(): null

15-11-2024T09:20:07 - [TEST_STEP][PASSED] - m = getText(findTestObject("Выполнение бизнес-плана/Период")): Text of object 'Object Repository/Выполнение бизнес-плана/Период' is: '1, 2, 3 кв. 2024 года'

15-11-2024T09:20:37 - [MESSAGE][PASSED] - Text of object 'Object Repository/Выполнение бизнес-плана/Период' is: '1, 2, 3 кв. 2024 года'

15-11-2024T09:20:37 - [TEST_STEP][PASSED] - m = m.substring(0, m.indexOf("2024")): null

15-11-2024T09:20:37 - [TEST_STEP][PASSED] - m = m.trim(): null

15-11-2024T09:20:37 - [TEST_STEP][PASSED] - dashboardName = "Выполнение бизнес-плана": null

15-11-2024T09:20:37 - [TEST_STEP][PASSED] - workbook01 = getWorkbook(excelFilePath): null

15-11-2024T09:20:37 - [TEST_STEP][PASSED] - sheet01 = getExcelSheet(workbook01, sheetName): null

15-11-2024T09:20:37 - [TEST_STEP][PASSED] - setValueToCellByIndex(sheet01, n, 0, dashboardName): null

15-11-2024T09:20:37 - [TEST_STEP][PASSED] - setValueToCellByIndex(sheet01, n, 1, dZO): null

15-11-2024T09:20:37 - [TEST_STEP][PASSED] - setValueToCellByIndex(sheet01, n, 2, typeOfData): null

15-11-2024T09:20:37 - [TEST_STEP][PASSED] - if (typeOfData == "Факт в процентах" || typeOfData == "План в процентах"): null

15-11-2024T09:20:37 - [TEST_STEP][PASSED] - setValueToCellByIndex(sheet01, n, 3, fileDouble): null

15-11-2024T09:20:37 - [TEST_STEP][PASSED] - setValueToCellByIndex(sheet01, n, 4, "нет данных"): null

15-11-2024T09:20:37 - [TEST_STEP][PASSED] - setValueToCellByIndex(sheet01, n, 5, m): null

15-11-2024T09:20:37 - [TEST_STEP][PASSED] - setValueToCellByIndex(sheet01, n, 6, y): null

15-11-2024T09:20:37 - [TEST_STEP][PASSED] - setValueToCellByIndex(sheet01, n, 7, todaysDate): null

15-11-2024T09:20:37 - [TEST_STEP][PASSED] - n = n + 1: null

15-11-2024T09:20:37 - [TEST_STEP][PASSED] - saveWorkbook(excelFilePath, workbook01): null

15-11-2024T09:20:37 - [TEST_STEP][PASSED] - typeOfData = "Факт в процентах": null

15-11-2024T09:20:37 - [TEST_STEP][PASSED] - fileDouble = ").toDouble(): null

15-11-2024T09:20:37 - [TEST_STEP][PASSED] - Script1718980020443.WriteToExcelNoData(a, typeOfData, todaysDate, fileInt, fileDouble, dZO): null

15-11-2024T09:20:37 - [TEST_STEP][PASSED] - sheetName = "Sheet1": null

15-11-2024T09:20:37 - [TEST_STEP][PASSED] - data = findTestData("PlanFact"): null

15-11-2024T09:20:37 - [TEST_STEP][PASSED] - n = data.getRowNumbers() + 1: null

15-11-2024T09:20:37 - [TEST_STEP][PASSED] - year = todaysDate.substring(todaysDate.length() - 4, todaysDate.length()): null

15-11-2024T09:20:37 - [TEST_STEP][PASSED] - y = year.toInteger(): null

15-11-2024T09:20:37 - [TEST_STEP][PASSED] - m = getText(findTestObject("Выполнение бизнес-плана/Период")): Text of object 'Object Repository/Выполнение бизнес-плана/Период' is: '1, 2, 3 кв. 2024 года'

15-11-2024T09:20:58 - [MESSAGE][PASSED] - Text of object 'Object Repository/Выполнение бизнес-плана/Период' is: '1, 2, 3 кв. 2024 года'

15-11-2024T09:20:58 - [TEST_STEP][PASSED] - m = m.substring(0, m.indexOf("2024")): null

15-11-2024T09:20:58 - [TEST_STEP][PASSED] - m = m.trim(): null

15-11-2024T09:20:58 - [TEST_STEP][PASSED] - dashboardName = "Выполнение бизнес-плана": null

15-11-2024T09:20:58 - [TEST_STEP][PASSED] - workbook01 = getWorkbook(excelFilePath): null

15-11-2024T09:20:58 - [TEST_STEP][PASSED] - sheet01 = getExcelSheet(workbook01, sheetName): null

15-11-2024T09:20:58 - [TEST_STEP][PASSED] - setValueToCellByIndex(sheet01, n, 0, dashboardName): null

15-11-2024T09:20:58 - [TEST_STEP][PASSED] - setValueToCellByIndex(sheet01, n, 1, dZO): null

15-11-2024T09:20:58 - [TEST_STEP][PASSED] - setValueToCellByIndex(sheet01, n, 2, typeOfData): null

15-11-2024T09:20:58 - [TEST_STEP][PASSED] - if (typeOfData == "Факт в процентах" || typeOfData == "План в процентах"): null

15-11-2024T09:20:58 - [TEST_STEP][PASSED] - setValueToCellByIndex(sheet01, n, 3, fileDouble): null

15-11-2024T09:20:58 - [TEST_STEP][PASSED] - setValueToCellByIndex(sheet01, n, 4, "нет данных"): null

15-11-2024T09:20:58 - [TEST_STEP][PASSED] - setValueToCellByIndex(sheet01, n, 5, m): null

15-11-2024T09:20:58 - [TEST_STEP][PASSED] - setValueToCellByIndex(sheet01, n, 6, y): null

15-11-2024T09:20:58 - [TEST_STEP][PASSED] - setValueToCellByIndex(sheet01, n, 7, todaysDate): null

15-11-2024T09:20:58 - [TEST_STEP][PASSED] - n = n + 1: null

15-11-2024T09:20:58 - [TEST_STEP][PASSED] - saveWorkbook(excelFilePath, workbook01): null

15-11-2024T09:20:58 - [TEST_STEP][PASSED] - println(dzoNum): null

15-11-2024T09:20:58 - [TEST_STEP][PASSED] - dZO = "Россети Московский регион": null

15-11-2024T09:20:58 - [TEST_STEP][PASSED] - a = 74: null

15-11-2024T09:20:58 - [TEST_STEP][PASSED] - if (x1.contains(dZO)): null

15-11-2024T09:20:58 - [TEST_STEP][PASSED] - else: null

15-11-2024T09:20:58 - [TEST_STEP][PASSED] - Script1718980020443.NoData(a, typeOfData, todaysDate, fileInt, fileDouble, dZO): null

15-11-2024T09:20:58 - [TEST_STEP][PASSED] - println(a): null

15-11-2024T09:20:58 - [TEST_STEP][PASSED] - println(todaysDate): null

15-11-2024T09:20:58 - [TEST_STEP][PASSED] - println(fileInt): null

15-11-2024T09:20:58 - [TEST_STEP][PASSED] - println(fileDouble): null

15-11-2024T09:20:58 - [TEST_STEP][PASSED] - println(dZO): null

15-11-2024T09:20:58 - [TEST_STEP][PASSED] - typeOfData = "Факт Отпуск в сеть": null

15-11-2024T09:20:58 - [TEST_STEP][PASSED] - fileInt = replaceAll("\s+", "").toInteger(): null

15-11-2024T09:20:58 - [TEST_STEP][PASSED] - Script1718980020443.WriteToExcelNoData(a, typeOfData, todaysDate, fileInt, fileDouble, dZO): null

15-11-2024T09:20:58 - [TEST_STEP][PASSED] - sheetName = "Sheet1": null

15-11-2024T09:20:58 - [TEST_STEP][PASSED] - data = findTestData("PlanFact"): null

15-11-2024T09:20:58 - [TEST_STEP][PASSED] - n = data.getRowNumbers() + 1: null

15-11-2024T09:20:58 - [TEST_STEP][PASSED] - year = todaysDate.substring(todaysDate.length() - 4, todaysDate.length()): null

15-11-2024T09:20:58 - [TEST_STEP][PASSED] - y = year.toInteger(): null

15-11-2024T09:20:58 - [TEST_STEP][PASSED] - m = getText(findTestObject("Выполнение бизнес-плана/Период")): Text of object 'Object Repository/Выполнение бизнес-плана/Период' is: '1, 2, 3 кв. 2024 года'

15-11-2024T09:20:58 - [MESSAGE][PASSED] - Text of object 'Object Repository/Выполнение бизнес-плана/Период' is: '1, 2, 3 кв. 2024 года'

15-11-2024T09:20:58 - [TEST_STEP][PASSED] - m = m.substring(0, m.indexOf("2024")): null

15-11-2024T09:20:58 - [TEST_STEP][PASSED] - m = m.trim(): null

15-11-2024T09:20:58 - [TEST_STEP][PASSED] - dashboardName = "Выполнение бизнес-плана": null

15-11-2024T09:20:58 - [TEST_STEP][PASSED] - workbook01 = getWorkbook(excelFilePath): null

15-11-2024T09:20:58 - [TEST_STEP][PASSED] - sheet01 = getExcelSheet(workbook01, sheetName): null

15-11-2024T09:20:58 - [TEST_STEP][PASSED] - setValueToCellByIndex(sheet01, n, 0, dashboardName): null

15-11-2024T09:20:58 - [TEST_STEP][PASSED] - setValueToCellByIndex(sheet01, n, 1, dZO): null

15-11-2024T09:20:58 - [TEST_STEP][PASSED] - setValueToCellByIndex(sheet01, n, 2, typeOfData): null

15-11-2024T09:20:58 - [TEST_STEP][PASSED] - if (typeOfData == "Факт в процентах" || typeOfData == "План в процентах"): null

15-11-2024T09:20:58 - [TEST_STEP][PASSED] - else: null

15-11-2024T09:20:58 - [TEST_STEP][PASSED] - setValueToCellByIndex(sheet01, n, 3, fileInt): null

15-11-2024T09:20:58 - [TEST_STEP][PASSED] - setValueToCellByIndex(sheet01, n, 4, "нет данных"): null

15-11-2024T09:20:58 - [TEST_STEP][PASSED] - setValueToCellByIndex(sheet01, n, 5, m): null

15-11-2024T09:20:58 - [TEST_STEP][PASSED] - setValueToCellByIndex(sheet01, n, 6, y): null

15-11-2024T09:20:58 - [TEST_STEP][PASSED] - setValueToCellByIndex(sheet01, n, 7, todaysDate): null

15-11-2024T09:20:58 - [TEST_STEP][PASSED] - n = n + 1: null

15-11-2024T09:20:58 - [TEST_STEP][PASSED] - saveWorkbook(excelFilePath, workbook01): null

15-11-2024T09:20:59 - [TEST_STEP][PASSED] - typeOfData = "Факт Потери": null

15-11-2024T09:20:59 - [TEST_STEP][PASSED] - fileInt = replaceAll("\s+", "").toInteger(): null

15-11-2024T09:20:59 - [TEST_STEP][PASSED] - Script1718980020443.WriteToExcelNoData(a, typeOfData, todaysDate, fileInt, fileDouble, dZO): null

15-11-2024T09:20:59 - [TEST_STEP][PASSED] - sheetName = "Sheet1": null

15-11-2024T09:20:59 - [TEST_STEP][PASSED] - data = findTestData("PlanFact"): null

15-11-2024T09:20:59 - [TEST_STEP][PASSED] - n = data.getRowNumbers() + 1: null

15-11-2024T09:20:59 - [TEST_STEP][PASSED] - year = todaysDate.substring(todaysDate.length() - 4, todaysDate.length()): null

15-11-2024T09:20:59 - [TEST_STEP][PASSED] - y = year.toInteger(): null

15-11-2024T09:20:59 - [TEST_STEP][PASSED] - m = getText(findTestObject("Выполнение бизнес-плана/Период")): Text of object 'Object Repository/Выполнение бизнес-плана/Период' is: '1, 2, 3 кв. 2024 года'

15-11-2024T09:20:59 - [MESSAGE][PASSED] - Text of object 'Object Repository/Выполнение бизнес-плана/Период' is: '1, 2, 3 кв. 2024 года'

15-11-2024T09:20:59 - [TEST_STEP][PASSED] - m = m.substring(0, m.indexOf("2024")): null

15-11-2024T09:20:59 - [TEST_STEP][PASSED] - m = m.trim(): null

15-11-2024T09:20:59 - [TEST_STEP][PASSED] - dashboardName = "Выполнение бизнес-плана": null

15-11-2024T09:20:59 - [TEST_STEP][PASSED] - workbook01 = getWorkbook(excelFilePath): null

15-11-2024T09:20:59 - [TEST_STEP][PASSED] - sheet01 = getExcelSheet(workbook01, sheetName): null

15-11-2024T09:20:59 - [TEST_STEP][PASSED] - setValueToCellByIndex(sheet01, n, 0, dashboardName): null

15-11-2024T09:20:59 - [TEST_STEP][PASSED] - setValueToCellByIndex(sheet01, n, 1, dZO): null

15-11-2024T09:20:59 - [TEST_STEP][PASSED] - setValueToCellByIndex(sheet01, n, 2, typeOfData): null

15-11-2024T09:20:59 - [TEST_STEP][PASSED] - if (typeOfData == "Факт в процентах" || typeOfData == "План в процентах"): null

15-11-2024T09:20:59 - [TEST_STEP][PASSED] - else: null

15-11-2024T09:20:59 - [TEST_STEP][PASSED] - setValueToCellByIndex(sheet01, n, 3, fileInt): null

15-11-2024T09:20:59 - [TEST_STEP][PASSED] - setValueToCellByIndex(sheet01, n, 4, "нет данных"): null

15-11-2024T09:20:59 - [TEST_STEP][PASSED] - setValueToCellByIndex(sheet01, n, 5, m): null

15-11-2024T09:20:59 - [TEST_STEP][PASSED] - setValueToCellByIndex(sheet01, n, 6, y): null

15-11-2024T09:20:59 - [TEST_STEP][PASSED] - setValueToCellByIndex(sheet01, n, 7, todaysDate): null

15-11-2024T09:20:59 - [TEST_STEP][PASSED] - n = n + 1: null

15-11-2024T09:20:59 - [TEST_STEP][PASSED] - saveWorkbook(excelFilePath, workbook01): null

15-11-2024T09:20:59 - [TEST_STEP][PASSED] - typeOfData = "План Отпуск в сеть": null

15-11-2024T09:20:59 - [TEST_STEP][PASSED] - fileInt = replaceAll("\s+", "").toInteger(): null

15-11-2024T09:20:59 - [TEST_STEP][PASSED] - Script1718980020443.WriteToExcelNoData(a, typeOfData, todaysDate, fileInt, fileDouble, dZO): null

15-11-2024T09:20:59 - [TEST_STEP][PASSED] - sheetName = "Sheet1": null

15-11-2024T09:20:59 - [TEST_STEP][PASSED] - data = findTestData("PlanFact"): null

15-11-2024T09:20:59 - [TEST_STEP][PASSED] - n = data.getRowNumbers() + 1: null

15-11-2024T09:20:59 - [TEST_STEP][PASSED] - year = todaysDate.substring(todaysDate.length() - 4, todaysDate.length()): null

15-11-2024T09:20:59 - [TEST_STEP][PASSED] - y = year.toInteger(): null

15-11-2024T09:20:59 - [TEST_STEP][PASSED] - m = getText(findTestObject("Выполнение бизнес-плана/Период")): Text of object 'Object Repository/Выполнение бизнес-плана/Период' is: '1, 2, 3 кв. 2024 года'

15-11-2024T09:21:00 - [MESSAGE][PASSED] - Text of object 'Object Repository/Выполнение бизнес-плана/Период' is: '1, 2, 3 кв. 2024 года'

15-11-2024T09:21:00 - [TEST_STEP][PASSED] - m = m.substring(0, m.indexOf("2024")): null

15-11-2024T09:21:00 - [TEST_STEP][PASSED] - m = m.trim(): null

15-11-2024T09:21:00 - [TEST_STEP][PASSED] - dashboardName = "Выполнение бизнес-плана": null

15-11-2024T09:21:00 - [TEST_STEP][PASSED] - workbook01 = getWorkbook(excelFilePath): null

15-11-2024T09:21:00 - [TEST_STEP][PASSED] - sheet01 = getExcelSheet(workbook01, sheetName): null

15-11-2024T09:21:00 - [TEST_STEP][PASSED] - setValueToCellByIndex(sheet01, n, 0, dashboardName): null

15-11-2024T09:21:00 - [TEST_STEP][PASSED] - setValueToCellByIndex(sheet01, n, 1, dZO): null

15-11-2024T09:21:00 - [TEST_STEP][PASSED] - setValueToCellByIndex(sheet01, n, 2, typeOfData): null

15-11-2024T09:21:00 - [TEST_STEP][PASSED] - if (typeOfData == "Факт в процентах" || typeOfData == "План в процентах"): null

15-11-2024T09:21:00 - [TEST_STEP][PASSED] - else: null

15-11-2024T09:21:00 - [TEST_STEP][PASSED] - setValueToCellByIndex(sheet01, n, 3, fileInt): null

15-11-2024T09:21:00 - [TEST_STEP][PASSED] - setValueToCellByIndex(sheet01, n, 4, "нет данных"): null

15-11-2024T09:21:00 - [TEST_STEP][PASSED] - setValueToCellByIndex(sheet01, n, 5, m): null

15-11-2024T09:21:00 - [TEST_STEP][PASSED] - setValueToCellByIndex(sheet01, n, 6, y): null

15-11-2024T09:21:00 - [TEST_STEP][PASSED] - setValueToCellByIndex(sheet01, n, 7, todaysDate): null

15-11-2024T09:21:00 - [TEST_STEP][PASSED] - n = n + 1: null

15-11-2024T09:21:00 - [TEST_STEP][PASSED] - saveWorkbook(excelFilePath, workbook01): null

15-11-2024T09:21:00 - [TEST_STEP][PASSED] - typeOfData = "План Потери": null

15-11-2024T09:21:00 - [TEST_STEP][PASSED] - fileInt = replaceAll("\s+", "").toInteger(): null

15-11-2024T09:21:00 - [TEST_STEP][PASSED] - Script1718980020443.WriteToExcelNoData(a, typeOfData, todaysDate, fileInt, fileDouble, dZO): null

15-11-2024T09:21:00 - [TEST_STEP][PASSED] - sheetName = "Sheet1": null

15-11-2024T09:21:00 - [TEST_STEP][PASSED] - data = findTestData("PlanFact"): null

15-11-2024T09:21:00 - [TEST_STEP][PASSED] - n = data.getRowNumbers() + 1: null

15-11-2024T09:21:00 - [TEST_STEP][PASSED] - year = todaysDate.substring(todaysDate.length() - 4, todaysDate.length()): null

15-11-2024T09:21:00 - [TEST_STEP][PASSED] - y = year.toInteger(): null

15-11-2024T09:21:00 - [TEST_STEP][PASSED] - m = getText(findTestObject("Выполнение бизнес-плана/Период")): Text of object 'Object Repository/Выполнение бизнес-плана/Период' is: '1, 2, 3 кв. 2024 года'

15-11-2024T09:21:01 - [MESSAGE][PASSED] - Text of object 'Object Repository/Выполнение бизнес-плана/Период' is: '1, 2, 3 кв. 2024 года'

15-11-2024T09:21:01 - [TEST_STEP][PASSED] - m = m.substring(0, m.indexOf("2024")): null

15-11-2024T09:21:01 - [TEST_STEP][PASSED] - m = m.trim(): null

15-11-2024T09:21:01 - [TEST_STEP][PASSED] - dashboardName = "Выполнение бизнес-плана": null

15-11-2024T09:21:01 - [TEST_STEP][PASSED] - workbook01 = getWorkbook(excelFilePath): null

15-11-2024T09:21:01 - [TEST_STEP][PASSED] - sheet01 = getExcelSheet(workbook01, sheetName): null

15-11-2024T09:21:01 - [TEST_STEP][PASSED] - setValueToCellByIndex(sheet01, n, 0, dashboardName): null

15-11-2024T09:21:01 - [TEST_STEP][PASSED] - setValueToCellByIndex(sheet01, n, 1, dZO): null

15-11-2024T09:21:01 - [TEST_STEP][PASSED] - setValueToCellByIndex(sheet01, n, 2, typeOfData): null

15-11-2024T09:21:01 - [TEST_STEP][PASSED] - if (typeOfData == "Факт в процентах" || typeOfData == "План в процентах"): null

15-11-2024T09:21:01 - [TEST_STEP][PASSED] - else: null

15-11-2024T09:21:01 - [TEST_STEP][PASSED] - setValueToCellByIndex(sheet01, n, 3, fileInt): null

15-11-2024T09:21:01 - [TEST_STEP][PASSED] - setValueToCellByIndex(sheet01, n, 4, "нет данных"): null

15-11-2024T09:21:01 - [TEST_STEP][PASSED] - setValueToCellByIndex(sheet01, n, 5, m): null

15-11-2024T09:21:01 - [TEST_STEP][PASSED] - setValueToCellByIndex(sheet01, n, 6, y): null

15-11-2024T09:21:01 - [TEST_STEP][PASSED] - setValueToCellByIndex(sheet01, n, 7, todaysDate): null

15-11-2024T09:21:01 - [TEST_STEP][PASSED] - n = n + 1: null

15-11-2024T09:21:01 - [TEST_STEP][PASSED] - saveWorkbook(excelFilePath, workbook01): null

15-11-2024T09:21:01 - [TEST_STEP][PASSED] - typeOfData = "План в процентах": null

15-11-2024T09:21:01 - [TEST_STEP][PASSED] - fileDouble = ").toDouble(): null

15-11-2024T09:21:01 - [TEST_STEP][PASSED] - Script1718980020443.WriteToExcelNoData(a, typeOfData, todaysDate, fileInt, fileDouble, dZO): null

15-11-2024T09:21:01 - [TEST_STEP][PASSED] - sheetName = "Sheet1": null

15-11-2024T09:21:01 - [TEST_STEP][PASSED] - data = findTestData("PlanFact"): null

15-11-2024T09:21:01 - [TEST_STEP][PASSED] - n = data.getRowNumbers() + 1: null

15-11-2024T09:21:01 - [TEST_STEP][PASSED] - year = todaysDate.substring(todaysDate.length() - 4, todaysDate.length()): null

15-11-2024T09:21:01 - [TEST_STEP][PASSED] - y = year.toInteger(): null

15-11-2024T09:21:01 - [TEST_STEP][PASSED] - m = getText(findTestObject("Выполнение бизнес-плана/Период")): Text of object 'Object Repository/Выполнение бизнес-плана/Период' is: '1, 2, 3 кв. 2024 года'

15-11-2024T09:21:01 - [MESSAGE][PASSED] - Text of object 'Object Repository/Выполнение бизнес-плана/Период' is: '1, 2, 3 кв. 2024 года'

15-11-2024T09:21:01 - [TEST_STEP][PASSED] - m = m.substring(0, m.indexOf("2024")): null

15-11-2024T09:21:01 - [TEST_STEP][PASSED] - m = m.trim(): null

15-11-2024T09:21:01 - [TEST_STEP][PASSED] - dashboardName = "Выполнение бизнес-плана": null

15-11-2024T09:21:01 - [TEST_STEP][PASSED] - workbook01 = getWorkbook(excelFilePath): null

15-11-2024T09:21:01 - [TEST_STEP][PASSED] - sheet01 = getExcelSheet(workbook01, sheetName): null

15-11-2024T09:21:01 - [TEST_STEP][PASSED] - setValueToCellByIndex(sheet01, n, 0, dashboardName): null

15-11-2024T09:21:01 - [TEST_STEP][PASSED] - setValueToCellByIndex(sheet01, n, 1, dZO): null

15-11-2024T09:21:01 - [TEST_STEP][PASSED] - setValueToCellByIndex(sheet01, n, 2, typeOfData): null

15-11-2024T09:21:01 - [TEST_STEP][PASSED] - if (typeOfData == "Факт в процентах" || typeOfData == "План в процентах"): null

15-11-2024T09:21:01 - [TEST_STEP][PASSED] - setValueToCellByIndex(sheet01, n, 3, fileDouble): null

15-11-2024T09:21:01 - [TEST_STEP][PASSED] - setValueToCellByIndex(sheet01, n, 4, "нет данных"): null

15-11-2024T09:21:01 - [TEST_STEP][PASSED] - setValueToCellByIndex(sheet01, n, 5, m): null

15-11-2024T09:21:01 - [TEST_STEP][PASSED] - setValueToCellByIndex(sheet01, n, 6, y): null

15-11-2024T09:21:01 - [TEST_STEP][PASSED] - setValueToCellByIndex(sheet01, n, 7, todaysDate): null

15-11-2024T09:21:01 - [TEST_STEP][PASSED] - n = n + 1: null

15-11-2024T09:21:01 - [TEST_STEP][PASSED] - saveWorkbook(excelFilePath, workbook01): null

15-11-2024T09:21:02 - [TEST_STEP][PASSED] - typeOfData = "Факт в процентах": null

15-11-2024T09:21:02 - [TEST_STEP][PASSED] - fileDouble = ").toDouble(): null

15-11-2024T09:21:02 - [TEST_STEP][PASSED] - Script1718980020443.WriteToExcelNoData(a, typeOfData, todaysDate, fileInt, fileDouble, dZO): null

15-11-2024T09:21:02 - [TEST_STEP][PASSED] - sheetName = "Sheet1": null

15-11-2024T09:21:02 - [TEST_STEP][PASSED] - data = findTestData("PlanFact"): null

15-11-2024T09:21:02 - [TEST_STEP][PASSED] - n = data.getRowNumbers() + 1: null

15-11-2024T09:21:02 - [TEST_STEP][PASSED] - year = todaysDate.substring(todaysDate.length() - 4, todaysDate.length()): null

15-11-2024T09:21:02 - [TEST_STEP][PASSED] - y = year.toInteger(): null

15-11-2024T09:21:02 - [TEST_STEP][PASSED] - m = getText(findTestObject("Выполнение бизнес-плана/Период")): Text of object 'Object Repository/Выполнение бизнес-плана/Период' is: '1, 2, 3 кв. 2024 года'

15-11-2024T09:21:02 - [MESSAGE][PASSED] - Text of object 'Object Repository/Выполнение бизнес-плана/Период' is: '1, 2, 3 кв. 2024 года'

15-11-2024T09:21:02 - [TEST_STEP][PASSED] - m = m.substring(0, m.indexOf("2024")): null

15-11-2024T09:21:02 - [TEST_STEP][PASSED] - m = m.trim(): null

15-11-2024T09:21:02 - [TEST_STEP][PASSED] - dashboardName = "Выполнение бизнес-плана": null

15-11-2024T09:21:02 - [TEST_STEP][PASSED] - workbook01 = getWorkbook(excelFilePath): null

15-11-2024T09:21:02 - [TEST_STEP][PASSED] - sheet01 = getExcelSheet(workbook01, sheetName): null

15-11-2024T09:21:02 - [TEST_STEP][PASSED] - setValueToCellByIndex(sheet01, n, 0, dashboardName): null

15-11-2024T09:21:02 - [TEST_STEP][PASSED] - setValueToCellByIndex(sheet01, n, 1, dZO): null

15-11-2024T09:21:02 - [TEST_STEP][PASSED] - setValueToCellByIndex(sheet01, n, 2, typeOfData): null

15-11-2024T09:21:02 - [TEST_STEP][PASSED] - if (typeOfData == "Факт в процентах" || typeOfData == "План в процентах"): null

15-11-2024T09:21:02 - [TEST_STEP][PASSED] - setValueToCellByIndex(sheet01, n, 3, fileDouble): null

15-11-2024T09:21:02 - [TEST_STEP][PASSED] - setValueToCellByIndex(sheet01, n, 4, "нет данных"): null

15-11-2024T09:21:02 - [TEST_STEP][PASSED] - setValueToCellByIndex(sheet01, n, 5, m): null

15-11-2024T09:21:02 - [TEST_STEP][PASSED] - setValueToCellByIndex(sheet01, n, 6, y): null

15-11-2024T09:21:02 - [TEST_STEP][PASSED] - setValueToCellByIndex(sheet01, n, 7, todaysDate): null

15-11-2024T09:21:02 - [TEST_STEP][PASSED] - n = n + 1: null

15-11-2024T09:21:02 - [TEST_STEP][PASSED] - saveWorkbook(excelFilePath, workbook01): null

15-11-2024T09:21:02 - [TEST_STEP][PASSED] - println(dzoNum): null

15-11-2024T09:21:02 - [TEST_STEP][PASSED] - dZO = "Россети Северный Кавказ": null

15-11-2024T09:21:02 - [TEST_STEP][PASSED] - a = 65: null

15-11-2024T09:21:02 - [TEST_STEP][PASSED] - if (x1.contains(dZO)): null

15-11-2024T09:21:02 - [TEST_STEP][PASSED] - dzoNum = dzoNum + 1: null

15-11-2024T09:21:02 - [TEST_STEP][PASSED] - Script1718980020443.Numbers(a, typeOfData, todaysDate, pageInt, fileInt, pageDouble, fileDouble, dZO, dzoNum, filialNum): null

15-11-2024T09:21:02 - [TEST_STEP][PASSED] - println(dzoNum): null

15-11-2024T09:21:02 - [TEST_STEP][PASSED] - planFact = <not implemented yet for class: org.codehaus.groovy.ast.expr.EmptyExpression>: null

15-11-2024T09:21:02 - [TEST_STEP][PASSED] - page = <not implemented yet for class: org.codehaus.groovy.ast.expr.EmptyExpression>: null

15-11-2024T09:21:02 - [TEST_STEP][PASSED] - page1 = <not implemented yet for class: org.codehaus.groovy.ast.expr.EmptyExpression>: null

15-11-2024T09:21:02 - [TEST_STEP][PASSED] - page2 = <not implemented yet for class: org.codehaus.groovy.ast.expr.EmptyExpression>: null

15-11-2024T09:21:02 - [TEST_STEP][PASSED] - filialNumberInRow = <not implemented yet for class: org.codehaus.groovy.ast.expr.EmptyExpression>: null

15-11-2024T09:21:02 - [TEST_STEP][PASSED] - filialsDzoNames = <not implemented yet for class: org.codehaus.groovy.ast.expr.EmptyExpression>: null

15-11-2024T09:21:02 - [TEST_STEP][PASSED] - numberOfFilials = <not implemented yet for class: org.codehaus.groovy.ast.expr.EmptyExpression>: null

15-11-2024T09:21:02 - [TEST_STEP][PASSED] - numberOfSpaces = <not implemented yet for class: org.codehaus.groovy.ast.expr.EmptyExpression>: null

15-11-2024T09:21:02 - [TEST_STEP][PASSED] - file = <not implemented yet for class: org.codehaus.groovy.ast.expr.EmptyExpression>: null

15-11-2024T09:21:02 - [TEST_STEP][PASSED] - otpusk = <not implemented yet for class: org.codehaus.groovy.ast.expr.EmptyExpression>: null

15-11-2024T09:21:02 - [TEST_STEP][PASSED] - poteri = <not implemented yet for class: org.codehaus.groovy.ast.expr.EmptyExpression>: null

15-11-2024T09:21:02 - [TEST_STEP][PASSED] - dataFolder = "Выполнение бизнес-плана/Значения со страницы Выполнение бизнес-плана/": null

15-11-2024T09:21:02 - [TEST_STEP][PASSED] - path = <not implemented yet for class: org.codehaus.groovy.ast.expr.EmptyExpression>: null

15-11-2024T09:21:02 - [TEST_STEP][PASSED] - typeOfDataMain = <not implemented yet for class: org.codehaus.groovy.ast.expr.EmptyExpression>: null

15-11-2024T09:21:02 - [TEST_STEP][PASSED] - fileOtpuskVSet = <not implemented yet for class: org.codehaus.groovy.ast.expr.EmptyExpression>: null

15-11-2024T09:21:02 - [TEST_STEP][PASSED] - pageOtpuskVSet = <not implemented yet for class: org.codehaus.groovy.ast.expr.EmptyExpression>: null

15-11-2024T09:21:02 - [TEST_STEP][PASSED] - filePoteri = <not implemented yet for class: org.codehaus.groovy.ast.expr.EmptyExpression>: null

15-11-2024T09:21:02 - [TEST_STEP][PASSED] - pagePoteri = <not implemented yet for class: org.codehaus.groovy.ast.expr.EmptyExpression>: null

15-11-2024T09:21:02 - [TEST_STEP][PASSED] - compare = <not implemented yet for class: org.codehaus.groovy.ast.expr.EmptyExpression>: null

15-11-2024T09:21:02 - [TEST_STEP][PASSED] - b = <not implemented yet for class: org.codehaus.groovy.ast.expr.EmptyExpression>: null

15-11-2024T09:21:02 - [TEST_STEP][PASSED] - i = <not implemented yet for class: org.codehaus.groovy.ast.expr.EmptyExpression>: null

15-11-2024T09:21:02 - [TEST_STEP][PASSED] - ii = <not implemented yet for class: org.codehaus.groovy.ast.expr.EmptyExpression>: null

15-11-2024T09:21:02 - [TEST_STEP][PASSED] - c = <not implemented yet for class: org.codehaus.groovy.ast.expr.EmptyExpression>: null

15-11-2024T09:21:02 - [TEST_STEP][PASSED] - numberOfErrors = 0: null

15-11-2024T09:21:02 - [TEST_STEP][PASSED] - if (a == 82): null

15-11-2024T09:21:02 - [TEST_STEP][PASSED] - b = findTestData("PlanFact").getValue(1, a): null

15-11-2024T09:21:02 - [TEST_STEP][PASSED] - i = b.indexOf(" (ГК)"): null

15-11-2024T09:21:02 - [TEST_STEP][PASSED] - if (i > -1): null

15-11-2024T09:21:02 - [TEST_STEP][PASSED] - i = b.indexOf("О ""): null

15-11-2024T09:21:02 - [TEST_STEP][PASSED] - if (i > -1): null

15-11-2024T09:21:02 - [TEST_STEP][PASSED] - i = b.indexOf("О «"): null

15-11-2024T09:21:02 - [TEST_STEP][PASSED] - if (i > -1): null

15-11-2024T09:21:02 - [TEST_STEP][PASSED] - i = b.indexOf("г. "): null

15-11-2024T09:21:02 - [TEST_STEP][PASSED] - if (i > -1): null

15-11-2024T09:21:02 - [TEST_STEP][PASSED] - println(b): null

15-11-2024T09:21:02 - [TEST_STEP][PASSED] - for ([planFact = 1, planFact < 3, (planFact++)]): null

15-11-2024T09:21:02 - [TEST_STEP][PASSED] - if (planFact == 1): null

15-11-2024T09:21:02 - [TEST_STEP][PASSED] - typeOfDataMain = "Факт": null

15-11-2024T09:21:02 - [TEST_STEP][PASSED] - otpusk = findTestData("PlanFact").getValue(5, a): null

15-11-2024T09:21:02 - [TEST_STEP][PASSED] - poteri = findTestData("PlanFact").getValue(6, a): null

15-11-2024T09:21:02 - [TEST_STEP][PASSED] - otpusk = otpusk.replaceAll("\s+", ""): null

15-11-2024T09:21:02 - [TEST_STEP][PASSED] - poteri = poteri.replaceAll("\s+", ""): null

15-11-2024T09:21:02 - [TEST_STEP][PASSED] - typeOfData = typeOfDataMain + " Отпуск в сеть": null

15-11-2024T09:21:02 - [TEST_STEP][PASSED] - if (a == 82): null

15-11-2024T09:21:02 - [TEST_STEP][PASSED] - else if (a == 84): null

15-11-2024T09:21:02 - [TEST_STEP][PASSED] - else if (a == 52 || a == 72 || a == 28 || a == 73 || a == 77 || a == 74 || a == 65 || a == 36 || a == 44 || a == 53 || a == 80 || a == 54 || a == 1 || a == 18 || a == 59 || a == 81): null

15-11-2024T09:21:02 - [TEST_STEP][PASSED] - path = dataFolder + "Table Data/" + typeOfData + " за отчётный период " + dzoNum: null

15-11-2024T09:21:02 - [TEST_STEP][PASSED] - println(path): null

15-11-2024T09:21:02 - [TEST_STEP][PASSED] - page = getText(findTestObject(path)): Text of object 'Object Repository/Выполнение бизнес-плана/Значения со страницы Выполнение бизнес-плана/Table Data/Факт Отпуск в сеть за отчётный период 3' is: '17 367 779'

15-11-2024T09:21:03 - [MESSAGE][PASSED] - Text of object 'Object Repository/Выполнение бизнес-плана/Значения со страницы Выполнение бизнес-плана/Table Data/Факт Отпуск в сеть за отчётный период 3' is: '17 367 779'

15-11-2024T09:21:03 - [TEST_STEP][PASSED] - page = page.replaceAll("\s+", ""): null

15-11-2024T09:21:03 - [TEST_STEP][PASSED] - fileOtpuskVSet = otpusk.toInteger(): null

15-11-2024T09:21:03 - [TEST_STEP][PASSED] - pageOtpuskVSet = page.toInteger(): null

15-11-2024T09:21:03 - [TEST_STEP][PASSED] - typeOfData = typeOfDataMain + " Потери": null

15-11-2024T09:21:03 - [TEST_STEP][PASSED] - if (a == 82): null

15-11-2024T09:21:03 - [TEST_STEP][PASSED] - else if (a == 84): null

15-11-2024T09:21:03 - [TEST_STEP][PASSED] - else if (a == 52 || a == 72 || a == 28 || a == 73 || a == 77 || a == 74 || a == 65 || a == 36 || a == 44 || a == 53 || a == 80 || a == 54 || a == 1 || a == 18 || a == 59 || a == 81): null

15-11-2024T09:21:03 - [TEST_STEP][PASSED] - path = dataFolder + "Table Data/" + typeOfData + " за отчётный период " + dzoNum: null

15-11-2024T09:21:03 - [TEST_STEP][PASSED] - page = getText(findTestObject(path)): Text of object 'Object Repository/Выполнение бизнес-плана/Значения со страницы Выполнение бизнес-плана/Table Data/Факт Потери за отчётный период 3' is: '4 783 177'

15-11-2024T09:21:03 - [MESSAGE][PASSED] - Text of object 'Object Repository/Выполнение бизнес-плана/Значения со страницы Выполнение бизнес-плана/Table Data/Факт Потери за отчётный период 3' is: '4 783 177'

15-11-2024T09:21:03 - [TEST_STEP][PASSED] - page = page.replaceAll("\s+", ""): null

15-11-2024T09:21:03 - [TEST_STEP][PASSED] - filePoteri = poteri.toInteger(): null

15-11-2024T09:21:03 - [TEST_STEP][PASSED] - pagePoteri = page.toInteger(): null

15-11-2024T09:21:03 - [TEST_STEP][PASSED] - compare = pageOtpuskVSet: null

15-11-2024T09:21:03 - [TEST_STEP][PASSED] - if (compare == fileOtpuskVSet): null

15-11-2024T09:21:03 - [TEST_STEP][PASSED] - else if (compare > fileOtpuskVSet): null

15-11-2024T09:21:03 - [TEST_STEP][PASSED] - compare = compare - 1: null

15-11-2024T09:21:03 - [TEST_STEP][PASSED] - if (compare == fileOtpuskVSet): null

15-11-2024T09:21:03 - [TEST_STEP][PASSED] - else: null

15-11-2024T09:21:03 - [TEST_STEP][PASSED] - numberOfErrors = numberOfErrors + 1: null

15-11-2024T09:21:03 - [TEST_STEP][PASSED] - pageInt = pageOtpuskVSet: null

15-11-2024T09:21:03 - [TEST_STEP][PASSED] - fileInt = fileOtpuskVSet: null

15-11-2024T09:21:03 - [TEST_STEP][PASSED] - typeOfData = typeOfDataMain + " Отпуск в сеть": null

15-11-2024T09:21:03 - [TEST_STEP][PASSED] - Script1718980020443.WriteToExcel(a, typeOfData, todaysDate, pageInt, fileInt, pageDouble, fileDouble, dZO): null

15-11-2024T09:21:03 - [TEST_STEP][PASSED] - sheetName = "Sheet1": null

15-11-2024T09:21:03 - [TEST_STEP][PASSED] - data = findTestData("PlanFact"): null

15-11-2024T09:21:03 - [TEST_STEP][PASSED] - n = data.getRowNumbers() + 1: null

15-11-2024T09:21:03 - [TEST_STEP][PASSED] - year = todaysDate.substring(todaysDate.length() - 4, todaysDate.length()): null

15-11-2024T09:21:03 - [TEST_STEP][PASSED] - y = year.toInteger(): null

15-11-2024T09:21:03 - [TEST_STEP][PASSED] - m = getText(findTestObject("Выполнение бизнес-плана/Период")): Text of object 'Object Repository/Выполнение бизнес-плана/Период' is: '1, 2, 3 кв. 2024 года'

15-11-2024T09:21:03 - [MESSAGE][PASSED] - Text of object 'Object Repository/Выполнение бизнес-плана/Период' is: '1, 2, 3 кв. 2024 года'

15-11-2024T09:21:03 - [TEST_STEP][PASSED] - m = m.substring(0, m.indexOf("2024")): null

15-11-2024T09:21:03 - [TEST_STEP][PASSED] - m = m.trim(): null

15-11-2024T09:21:03 - [TEST_STEP][PASSED] - dashboardName = "Выполнение бизнес-плана": null

15-11-2024T09:21:03 - [TEST_STEP][PASSED] - workbook01 = getWorkbook(excelFilePath): null

15-11-2024T09:21:04 - [TEST_STEP][PASSED] - sheet01 = getExcelSheet(workbook01, sheetName): null

15-11-2024T09:21:04 - [TEST_STEP][PASSED] - setValueToCellByIndex(sheet01, n, 0, dashboardName): null

15-11-2024T09:21:04 - [TEST_STEP][PASSED] - setValueToCellByIndex(sheet01, n, 1, dZO): null

15-11-2024T09:21:04 - [TEST_STEP][PASSED] - setValueToCellByIndex(sheet01, n, 2, typeOfData): null

15-11-2024T09:21:04 - [TEST_STEP][PASSED] - if (typeOfData == "Факт в процентах" || typeOfData == "План в процентах"): null

15-11-2024T09:21:04 - [TEST_STEP][PASSED] - else: null

15-11-2024T09:21:04 - [TEST_STEP][PASSED] - setValueToCellByIndex(sheet01, n, 3, fileInt): null

15-11-2024T09:21:04 - [TEST_STEP][PASSED] - setValueToCellByIndex(sheet01, n, 4, pageInt): null

15-11-2024T09:21:04 - [TEST_STEP][PASSED] - setValueToCellByIndex(sheet01, n, 5, m): null

15-11-2024T09:21:04 - [TEST_STEP][PASSED] - setValueToCellByIndex(sheet01, n, 6, y): null

15-11-2024T09:21:04 - [TEST_STEP][PASSED] - setValueToCellByIndex(sheet01, n, 7, todaysDate): null

15-11-2024T09:21:04 - [TEST_STEP][PASSED] - n = n + 1: null

15-11-2024T09:21:04 - [TEST_STEP][PASSED] - saveWorkbook(excelFilePath, workbook01): null

15-11-2024T09:21:04 - [TEST_STEP][PASSED] - compare = pagePoteri: null

15-11-2024T09:21:04 - [TEST_STEP][PASSED] - if (compare == filePoteri): null

15-11-2024T09:21:04 - [TEST_STEP][PASSED] - else if (compare > filePoteri): null

15-11-2024T09:21:04 - [TEST_STEP][PASSED] - compare = compare - 1: null

15-11-2024T09:21:04 - [TEST_STEP][PASSED] - if (compare == filePoteri): null

15-11-2024T09:21:04 - [TEST_STEP][PASSED] - else: null

15-11-2024T09:21:04 - [TEST_STEP][PASSED] - numberOfErrors = numberOfErrors + 1: null

15-11-2024T09:21:04 - [TEST_STEP][PASSED] - pageInt = pagePoteri: null

15-11-2024T09:21:04 - [TEST_STEP][PASSED] - fileInt = filePoteri: null

15-11-2024T09:21:04 - [TEST_STEP][PASSED] - typeOfData = typeOfDataMain + " Потери": null

15-11-2024T09:21:04 - [TEST_STEP][PASSED] - Script1718980020443.WriteToExcel(a, typeOfData, todaysDate, pageInt, fileInt, pageDouble, fileDouble, dZO): null

15-11-2024T09:21:04 - [TEST_STEP][PASSED] - sheetName = "Sheet1": null

15-11-2024T09:21:04 - [TEST_STEP][PASSED] - data = findTestData("PlanFact"): null

15-11-2024T09:21:04 - [TEST_STEP][PASSED] - n = data.getRowNumbers() + 1: null

15-11-2024T09:21:04 - [TEST_STEP][PASSED] - year = todaysDate.substring(todaysDate.length() - 4, todaysDate.length()): null

15-11-2024T09:21:04 - [TEST_STEP][PASSED] - y = year.toInteger(): null

15-11-2024T09:21:04 - [TEST_STEP][PASSED] - m = getText(findTestObject("Выполнение бизнес-плана/Период")): Text of object 'Object Repository/Выполнение бизнес-плана/Период' is: '1, 2, 3 кв. 2024 года'

15-11-2024T09:21:04 - [MESSAGE][PASSED] - Text of object 'Object Repository/Выполнение бизнес-плана/Период' is: '1, 2, 3 кв. 2024 года'

15-11-2024T09:21:04 - [TEST_STEP][PASSED] - m = m.substring(0, m.indexOf("2024")): null

15-11-2024T09:21:04 - [TEST_STEP][PASSED] - m = m.trim(): null

15-11-2024T09:21:04 - [TEST_STEP][PASSED] - dashboardName = "Выполнение бизнес-плана": null

15-11-2024T09:21:04 - [TEST_STEP][PASSED] - workbook01 = getWorkbook(excelFilePath): null

15-11-2024T09:21:04 - [TEST_STEP][PASSED] - sheet01 = getExcelSheet(workbook01, sheetName): null

15-11-2024T09:21:04 - [TEST_STEP][PASSED] - setValueToCellByIndex(sheet01, n, 0, dashboardName): null

15-11-2024T09:21:04 - [TEST_STEP][PASSED] - setValueToCellByIndex(sheet01, n, 1, dZO): null

15-11-2024T09:21:04 - [TEST_STEP][PASSED] - setValueToCellByIndex(sheet01, n, 2, typeOfData): null

15-11-2024T09:21:04 - [TEST_STEP][PASSED] - if (typeOfData == "Факт в процентах" || typeOfData == "План в процентах"): null

15-11-2024T09:21:04 - [TEST_STEP][PASSED] - else: null

15-11-2024T09:21:04 - [TEST_STEP][PASSED] - setValueToCellByIndex(sheet01, n, 3, fileInt): null

15-11-2024T09:21:04 - [TEST_STEP][PASSED] - setValueToCellByIndex(sheet01, n, 4, pageInt): null

15-11-2024T09:21:04 - [TEST_STEP][PASSED] - setValueToCellByIndex(sheet01, n, 5, m): null

15-11-2024T09:21:04 - [TEST_STEP][PASSED] - setValueToCellByIndex(sheet01, n, 6, y): null

15-11-2024T09:21:04 - [TEST_STEP][PASSED] - setValueToCellByIndex(sheet01, n, 7, todaysDate): null

15-11-2024T09:21:04 - [TEST_STEP][PASSED] - n = n + 1: null

15-11-2024T09:21:04 - [TEST_STEP][PASSED] - saveWorkbook(excelFilePath, workbook01): null

15-11-2024T09:21:04 - [TEST_STEP][PASSED] - if (planFact == 2): null

15-11-2024T09:21:04 - [TEST_STEP][PASSED] - if (planFact == 1): null

15-11-2024T09:21:04 - [TEST_STEP][PASSED] - else if (planFact == 2): null

15-11-2024T09:21:04 - [TEST_STEP][PASSED] - click(findTestObject("Выполнение бизнес-плана/Кнопка План")): Object: 'Object Repository/Выполнение бизнес-плана/Кнопка План' is clicked on

15-11-2024T09:21:05 - [MESSAGE][PASSED] - Object: 'Object Repository/Выполнение бизнес-плана/Кнопка План' is clicked on

15-11-2024T09:21:05 - [TEST_STEP][PASSED] - typeOfDataMain = "План": null

15-11-2024T09:21:05 - [TEST_STEP][PASSED] - otpusk = findTestData("PlanFact").getValue(2, a): null

15-11-2024T09:21:05 - [TEST_STEP][PASSED] - poteri = findTestData("PlanFact").getValue(3, a): null

15-11-2024T09:21:05 - [TEST_STEP][PASSED] - otpusk = otpusk.replaceAll("\s+", ""): null

15-11-2024T09:21:05 - [TEST_STEP][PASSED] - poteri = poteri.replaceAll("\s+", ""): null

15-11-2024T09:21:05 - [TEST_STEP][PASSED] - typeOfData = typeOfDataMain + " Отпуск в сеть": null

15-11-2024T09:21:05 - [TEST_STEP][PASSED] - if (a == 82): null

15-11-2024T09:21:05 - [TEST_STEP][PASSED] - else if (a == 84): null

15-11-2024T09:21:05 - [TEST_STEP][PASSED] - else if (a == 52 || a == 72 || a == 28 || a == 73 || a == 77 || a == 74 || a == 65 || a == 36 || a == 44 || a == 53 || a == 80 || a == 54 || a == 1 || a == 18 || a == 59 || a == 81): null

15-11-2024T09:21:05 - [TEST_STEP][PASSED] - path = dataFolder + "Table Data/" + typeOfData + " за отчётный период " + dzoNum: null

15-11-2024T09:21:05 - [TEST_STEP][PASSED] - println(path): null

15-11-2024T09:21:05 - [TEST_STEP][PASSED] - page = getText(findTestObject(path)): Text of object 'Object Repository/Выполнение бизнес-плана/Значения со страницы Выполнение бизнес-плана/Table Data/План Отпуск в сеть за отчётный период 3' is: '16 300 204'

15-11-2024T09:21:05 - [MESSAGE][PASSED] - Text of object 'Object Repository/Выполнение бизнес-плана/Значения со страницы Выполнение бизнес-плана/Table Data/План Отпуск в сеть за отчётный период 3' is: '16 300 204'

15-11-2024T09:21:05 - [TEST_STEP][PASSED] - page = page.replaceAll("\s+", ""): null

15-11-2024T09:21:05 - [TEST_STEP][PASSED] - fileOtpuskVSet = otpusk.toInteger(): null

15-11-2024T09:21:05 - [TEST_STEP][PASSED] - pageOtpuskVSet = page.toInteger(): null

15-11-2024T09:21:05 - [TEST_STEP][PASSED] - typeOfData = typeOfDataMain + " Потери": null

15-11-2024T09:21:05 - [TEST_STEP][PASSED] - if (a == 82): null

15-11-2024T09:21:05 - [TEST_STEP][PASSED] - else if (a == 84): null

15-11-2024T09:21:05 - [TEST_STEP][PASSED] - else if (a == 52 || a == 72 || a == 28 || a == 73 || a == 77 || a == 74 || a == 65 || a == 36 || a == 44 || a == 53 || a == 80 || a == 54 || a == 1 || a == 18 || a == 59 || a == 81): null

15-11-2024T09:21:05 - [TEST_STEP][PASSED] - path = dataFolder + "Table Data/" + typeOfData + " за отчётный период " + dzoNum: null

15-11-2024T09:21:05 - [TEST_STEP][PASSED] - page = getText(findTestObject(path)): Text of object 'Object Repository/Выполнение бизнес-плана/Значения со страницы Выполнение бизнес-плана/Table Data/План Потери за отчётный период 3' is: '3 863 112'

15-11-2024T09:21:05 - [MESSAGE][PASSED] - Text of object 'Object Repository/Выполнение бизнес-плана/Значения со страницы Выполнение бизнес-плана/Table Data/План Потери за отчётный период 3' is: '3 863 112'

15-11-2024T09:21:05 - [TEST_STEP][PASSED] - page = page.replaceAll("\s+", ""): null

15-11-2024T09:21:05 - [TEST_STEP][PASSED] - filePoteri = poteri.toInteger(): null

15-11-2024T09:21:05 - [TEST_STEP][PASSED] - pagePoteri = page.toInteger(): null

15-11-2024T09:21:05 - [TEST_STEP][PASSED] - compare = pageOtpuskVSet: null

15-11-2024T09:21:05 - [TEST_STEP][PASSED] - if (compare == fileOtpuskVSet): null

15-11-2024T09:21:05 - [TEST_STEP][PASSED] - else if (compare > fileOtpuskVSet): null

15-11-2024T09:21:05 - [TEST_STEP][PASSED] - else if (compare < fileOtpuskVSet): null

15-11-2024T09:21:05 - [TEST_STEP][PASSED] - compare = compare + 1: null

15-11-2024T09:21:05 - [TEST_STEP][PASSED] - if (compare == fileOtpuskVSet): null

15-11-2024T09:21:05 - [TEST_STEP][PASSED] - else: null

15-11-2024T09:21:05 - [TEST_STEP][PASSED] - numberOfErrors = numberOfErrors + 1: null

15-11-2024T09:21:05 - [TEST_STEP][PASSED] - pageInt = pageOtpuskVSet: null

15-11-2024T09:21:05 - [TEST_STEP][PASSED] - fileInt = fileOtpuskVSet: null

15-11-2024T09:21:05 - [TEST_STEP][PASSED] - typeOfData = typeOfDataMain + " Отпуск в сеть": null

15-11-2024T09:21:05 - [TEST_STEP][PASSED] - Script1718980020443.WriteToExcel(a, typeOfData, todaysDate, pageInt, fileInt, pageDouble, fileDouble, dZO): null

15-11-2024T09:21:05 - [TEST_STEP][PASSED] - sheetName = "Sheet1": null

15-11-2024T09:21:05 - [TEST_STEP][PASSED] - data = findTestData("PlanFact"): null

15-11-2024T09:21:06 - [TEST_STEP][PASSED] - n = data.getRowNumbers() + 1: null

15-11-2024T09:21:06 - [TEST_STEP][PASSED] - year = todaysDate.substring(todaysDate.length() - 4, todaysDate.length()): null

15-11-2024T09:21:06 - [TEST_STEP][PASSED] - y = year.toInteger(): null

15-11-2024T09:21:06 - [TEST_STEP][PASSED] - m = getText(findTestObject("Выполнение бизнес-плана/Период")): Text of object 'Object Repository/Выполнение бизнес-плана/Период' is: '1, 2, 3 кв. 2024 года'

15-11-2024T09:21:06 - [MESSAGE][PASSED] - Text of object 'Object Repository/Выполнение бизнес-плана/Период' is: '1, 2, 3 кв. 2024 года'

15-11-2024T09:21:06 - [TEST_STEP][PASSED] - m = m.substring(0, m.indexOf("2024")): null

15-11-2024T09:21:06 - [TEST_STEP][PASSED] - m = m.trim(): null

15-11-2024T09:21:06 - [TEST_STEP][PASSED] - dashboardName = "Выполнение бизнес-плана": null

15-11-2024T09:21:06 - [TEST_STEP][PASSED] - workbook01 = getWorkbook(excelFilePath): null

15-11-2024T09:21:06 - [TEST_STEP][PASSED] - sheet01 = getExcelSheet(workbook01, sheetName): null

15-11-2024T09:21:06 - [TEST_STEP][PASSED] - setValueToCellByIndex(sheet01, n, 0, dashboardName): null

15-11-2024T09:21:06 - [TEST_STEP][PASSED] - setValueToCellByIndex(sheet01, n, 1, dZO): null

15-11-2024T09:21:06 - [TEST_STEP][PASSED] - setValueToCellByIndex(sheet01, n, 2, typeOfData): null

15-11-2024T09:21:06 - [TEST_STEP][PASSED] - if (typeOfData == "Факт в процентах" || typeOfData == "План в процентах"): null

15-11-2024T09:21:06 - [TEST_STEP][PASSED] - else: null

15-11-2024T09:21:06 - [TEST_STEP][PASSED] - setValueToCellByIndex(sheet01, n, 3, fileInt): null

15-11-2024T09:21:06 - [TEST_STEP][PASSED] - setValueToCellByIndex(sheet01, n, 4, pageInt): null

15-11-2024T09:21:06 - [TEST_STEP][PASSED] - setValueToCellByIndex(sheet01, n, 5, m): null

15-11-2024T09:21:06 - [TEST_STEP][PASSED] - setValueToCellByIndex(sheet01, n, 6, y): null

15-11-2024T09:21:06 - [TEST_STEP][PASSED] - setValueToCellByIndex(sheet01, n, 7, todaysDate): null

15-11-2024T09:21:06 - [TEST_STEP][PASSED] - n = n + 1: null

15-11-2024T09:21:06 - [TEST_STEP][PASSED] - saveWorkbook(excelFilePath, workbook01): null

15-11-2024T09:21:06 - [TEST_STEP][PASSED] - compare = pagePoteri: null

15-11-2024T09:21:06 - [TEST_STEP][PASSED] - if (compare == filePoteri): null

15-11-2024T09:21:06 - [TEST_STEP][PASSED] - else if (compare > filePoteri): null

15-11-2024T09:21:06 - [TEST_STEP][PASSED] - else if (compare < filePoteri): null

15-11-2024T09:21:06 - [TEST_STEP][PASSED] - compare = compare + 1: null

15-11-2024T09:21:06 - [TEST_STEP][PASSED] - if (compare == filePoteri): null

15-11-2024T09:21:06 - [TEST_STEP][PASSED] - else: null

15-11-2024T09:21:06 - [TEST_STEP][PASSED] - numberOfErrors = numberOfErrors + 1: null

15-11-2024T09:21:06 - [TEST_STEP][PASSED] - pageInt = pagePoteri: null

15-11-2024T09:21:06 - [TEST_STEP][PASSED] - fileInt = filePoteri: null

15-11-2024T09:21:06 - [TEST_STEP][PASSED] - typeOfData = typeOfDataMain + " Потери": null

15-11-2024T09:21:06 - [TEST_STEP][PASSED] - Script1718980020443.WriteToExcel(a, typeOfData, todaysDate, pageInt, fileInt, pageDouble, fileDouble, dZO): null

15-11-2024T09:21:06 - [TEST_STEP][PASSED] - sheetName = "Sheet1": null

15-11-2024T09:21:06 - [TEST_STEP][PASSED] - data = findTestData("PlanFact"): null

15-11-2024T09:21:06 - [TEST_STEP][PASSED] - n = data.getRowNumbers() + 1: null

15-11-2024T09:21:06 - [TEST_STEP][PASSED] - year = todaysDate.substring(todaysDate.length() - 4, todaysDate.length()): null

15-11-2024T09:21:06 - [TEST_STEP][PASSED] - y = year.toInteger(): null

15-11-2024T09:21:06 - [TEST_STEP][PASSED] - m = getText(findTestObject("Выполнение бизнес-плана/Период")): Text of object 'Object Repository/Выполнение бизнес-плана/Период' is: '1, 2, 3 кв. 2024 года'

15-11-2024T09:21:06 - [MESSAGE][PASSED] - Text of object 'Object Repository/Выполнение бизнес-плана/Период' is: '1, 2, 3 кв. 2024 года'

15-11-2024T09:21:06 - [TEST_STEP][PASSED] - m = m.substring(0, m.indexOf("2024")): null

15-11-2024T09:21:06 - [TEST_STEP][PASSED] - m = m.trim(): null

15-11-2024T09:21:06 - [TEST_STEP][PASSED] - dashboardName = "Выполнение бизнес-плана": null

15-11-2024T09:21:06 - [TEST_STEP][PASSED] - workbook01 = getWorkbook(excelFilePath): null

15-11-2024T09:21:07 - [TEST_STEP][PASSED] - sheet01 = getExcelSheet(workbook01, sheetName): null

15-11-2024T09:21:07 - [TEST_STEP][PASSED] - setValueToCellByIndex(sheet01, n, 0, dashboardName): null

15-11-2024T09:21:07 - [TEST_STEP][PASSED] - setValueToCellByIndex(sheet01, n, 1, dZO): null

15-11-2024T09:21:07 - [TEST_STEP][PASSED] - setValueToCellByIndex(sheet01, n, 2, typeOfData): null

15-11-2024T09:21:07 - [TEST_STEP][PASSED] - if (typeOfData == "Факт в процентах" || typeOfData == "План в процентах"): null

15-11-2024T09:21:07 - [TEST_STEP][PASSED] - else: null

15-11-2024T09:21:07 - [TEST_STEP][PASSED] - setValueToCellByIndex(sheet01, n, 3, fileInt): null

15-11-2024T09:21:07 - [TEST_STEP][PASSED] - setValueToCellByIndex(sheet01, n, 4, pageInt): null

15-11-2024T09:21:07 - [TEST_STEP][PASSED] - setValueToCellByIndex(sheet01, n, 5, m): null

15-11-2024T09:21:07 - [TEST_STEP][PASSED] - setValueToCellByIndex(sheet01, n, 6, y): null

15-11-2024T09:21:07 - [TEST_STEP][PASSED] - setValueToCellByIndex(sheet01, n, 7, todaysDate): null

15-11-2024T09:21:07 - [TEST_STEP][PASSED] - n = n + 1: null

15-11-2024T09:21:07 - [TEST_STEP][PASSED] - saveWorkbook(excelFilePath, workbook01): Object: 'Object Repository/Выполнение бизнес-плана/Кнопка Факт' is clicked on

15-11-2024T09:21:07 - [TEST_STEP][PASSED] - if (planFact == 2): Object: 'Object Repository/Выполнение бизнес-плана/Кнопка Факт' is clicked on

15-11-2024T09:21:07 - [TEST_STEP][PASSED] - click(findTestObject("Выполнение бизнес-плана/Кнопка Факт")): Object: 'Object Repository/Выполнение бизнес-плана/Кнопка Факт' is clicked on

15-11-2024T09:21:07 - [MESSAGE][PASSED] - Object: 'Object Repository/Выполнение бизнес-плана/Кнопка Факт' is clicked on

15-11-2024T09:21:07 - [TEST_STEP][PASSED] - if (a == 84 || a == 82): null

15-11-2024T09:21:07 - [TEST_STEP][PASSED] - else if (a == 52 || a == 72 || a == 28 || a == 73 || a == 77 || a == 74 || a == 65 || a == 36 || a == 44 || a == 53 || a == 80 || a == 54 || a == 1 || a == 18 || a == 59 || a == 81): null

15-11-2024T09:21:07 - [TEST_STEP][PASSED] - page1 = getText(findTestObject("Object Repository/Выполнение бизнес-плана/spanPlan" + dzoNum)): Text of object 'Object Repository/Выполнение бизнес-плана/spanPlan3' is: '23.70'

15-11-2024T09:21:07 - [MESSAGE][PASSED] - Text of object 'Object Repository/Выполнение бизнес-плана/spanPlan3' is: '23.70'

15-11-2024T09:21:07 - [TEST_STEP][PASSED] - page1 = page1.replace("|", ""): null

15-11-2024T09:21:07 - [TEST_STEP][PASSED] - page2 = getText(findTestObject("Object Repository/Выполнение бизнес-плана/spanFact" + dzoNum)): Text of object 'Object Repository/Выполнение бизнес-плана/spanFact3' is: '27.54
|'

15-11-2024T09:21:08 - [MESSAGE][PASSED] - Text of object 'Object Repository/Выполнение бизнес-плана/spanFact3' is: '27.54
|'

15-11-2024T09:21:08 - [TEST_STEP][PASSED] - page2 = page2.replace("|", ""): null

15-11-2024T09:21:08 - [TEST_STEP][PASSED] - println("page1: " + page1): null

15-11-2024T09:21:08 - [TEST_STEP][PASSED] - println("page2: " + page2): null

15-11-2024T09:21:08 - [TEST_STEP][PASSED] - file = findTestData("PlanFact").getValue(4, a): null

15-11-2024T09:21:08 - [TEST_STEP][PASSED] - file = file.replace(",", "."): null

15-11-2024T09:21:08 - [TEST_STEP][PASSED] - println("file Plan: " + file): null

15-11-2024T09:21:08 - [TEST_STEP][PASSED] - typeOfData = "План в процентах": null

15-11-2024T09:21:08 - [TEST_STEP][PASSED] - fileDouble = file.toDouble(): null

15-11-2024T09:21:08 - [TEST_STEP][PASSED] - pageDouble = page1.toDouble(): null

15-11-2024T09:21:08 - [TEST_STEP][PASSED] - if (fileDouble != pageDouble): null

15-11-2024T09:21:08 - [TEST_STEP][PASSED] - numberOfErrors = numberOfErrors + 1: null

15-11-2024T09:21:08 - [TEST_STEP][PASSED] - Script1718980020443.WriteToExcel(a, typeOfData, todaysDate, pageInt, fileInt, pageDouble, fileDouble, dZO): null

15-11-2024T09:21:08 - [TEST_STEP][PASSED] - sheetName = "Sheet1": null

15-11-2024T09:21:08 - [TEST_STEP][PASSED] - data = findTestData("PlanFact"): null

15-11-2024T09:21:08 - [TEST_STEP][PASSED] - n = data.getRowNumbers() + 1: null

15-11-2024T09:21:08 - [TEST_STEP][PASSED] - year = todaysDate.substring(todaysDate.length() - 4, todaysDate.length()): null

15-11-2024T09:21:08 - [TEST_STEP][PASSED] - y = year.toInteger(): null

15-11-2024T09:21:08 - [TEST_STEP][PASSED] - m = getText(findTestObject("Выполнение бизнес-плана/Период")): Text of object 'Object Repository/Выполнение бизнес-плана/Период' is: '1, 2, 3 кв. 2024 года'

15-11-2024T09:21:08 - [MESSAGE][PASSED] - Text of object 'Object Repository/Выполнение бизнес-плана/Период' is: '1, 2, 3 кв. 2024 года'

15-11-2024T09:21:08 - [TEST_STEP][PASSED] - m = m.substring(0, m.indexOf("2024")): null

15-11-2024T09:21:08 - [TEST_STEP][PASSED] - m = m.trim(): null

15-11-2024T09:21:08 - [TEST_STEP][PASSED] - dashboardName = "Выполнение бизнес-плана": null

15-11-2024T09:21:08 - [TEST_STEP][PASSED] - workbook01 = getWorkbook(excelFilePath): null

15-11-2024T09:21:08 - [TEST_STEP][PASSED] - sheet01 = getExcelSheet(workbook01, sheetName): null

15-11-2024T09:21:08 - [TEST_STEP][PASSED] - setValueToCellByIndex(sheet01, n, 0, dashboardName): null

15-11-2024T09:21:08 - [TEST_STEP][PASSED] - setValueToCellByIndex(sheet01, n, 1, dZO): null

15-11-2024T09:21:08 - [TEST_STEP][PASSED] - setValueToCellByIndex(sheet01, n, 2, typeOfData): null

15-11-2024T09:21:08 - [TEST_STEP][PASSED] - if (typeOfData == "Факт в процентах" || typeOfData == "План в процентах"): null

15-11-2024T09:21:08 - [TEST_STEP][PASSED] - setValueToCellByIndex(sheet01, n, 3, fileDouble): null

15-11-2024T09:21:08 - [TEST_STEP][PASSED] - setValueToCellByIndex(sheet01, n, 4, pageDouble): null

15-11-2024T09:21:08 - [TEST_STEP][PASSED] - setValueToCellByIndex(sheet01, n, 5, m): null

15-11-2024T09:21:08 - [TEST_STEP][PASSED] - setValueToCellByIndex(sheet01, n, 6, y): null

15-11-2024T09:21:08 - [TEST_STEP][PASSED] - setValueToCellByIndex(sheet01, n, 7, todaysDate): null

15-11-2024T09:21:08 - [TEST_STEP][PASSED] - n = n + 1: null

15-11-2024T09:21:08 - [TEST_STEP][PASSED] - saveWorkbook(excelFilePath, workbook01): null

15-11-2024T09:21:08 - [TEST_STEP][PASSED] - file = findTestData("PlanFact").getValue(7, a): null

15-11-2024T09:21:09 - [TEST_STEP][PASSED] - file = file.replace(",", "."): null

15-11-2024T09:21:09 - [TEST_STEP][PASSED] - println("file Fact: " + file): null

15-11-2024T09:21:09 - [TEST_STEP][PASSED] - fileDouble = file.toDouble(): null

15-11-2024T09:21:09 - [TEST_STEP][PASSED] - typeOfData = "Факт в процентах": null

15-11-2024T09:21:09 - [TEST_STEP][PASSED] - fileDouble = file.toDouble(): null

15-11-2024T09:21:09 - [TEST_STEP][PASSED] - pageDouble = page2.toDouble(): null

15-11-2024T09:21:09 - [TEST_STEP][PASSED] - if (fileDouble != pageDouble): null

15-11-2024T09:21:09 - [TEST_STEP][PASSED] - numberOfErrors = numberOfErrors + 1: null

15-11-2024T09:21:09 - [TEST_STEP][PASSED] - Script1718980020443.WriteToExcel(a, typeOfData, todaysDate, pageInt, fileInt, pageDouble, fileDouble, dZO): null

15-11-2024T09:21:09 - [TEST_STEP][PASSED] - sheetName = "Sheet1": null

15-11-2024T09:21:09 - [TEST_STEP][PASSED] - data = findTestData("PlanFact"): null

15-11-2024T09:21:09 - [TEST_STEP][PASSED] - n = data.getRowNumbers() + 1: null

15-11-2024T09:21:09 - [TEST_STEP][PASSED] - year = todaysDate.substring(todaysDate.length() - 4, todaysDate.length()): null

15-11-2024T09:21:09 - [TEST_STEP][PASSED] - y = year.toInteger(): null

15-11-2024T09:21:09 - [TEST_STEP][PASSED] - m = getText(findTestObject("Выполнение бизнес-плана/Период")): Text of object 'Object Repository/Выполнение бизнес-плана/Период' is: '1, 2, 3 кв. 2024 года'

15-11-2024T09:21:09 - [MESSAGE][PASSED] - Text of object 'Object Repository/Выполнение бизнес-плана/Период' is: '1, 2, 3 кв. 2024 года'

15-11-2024T09:21:09 - [TEST_STEP][PASSED] - m = m.substring(0, m.indexOf("2024")): null

15-11-2024T09:21:09 - [TEST_STEP][PASSED] - m = m.trim(): null

15-11-2024T09:21:09 - [TEST_STEP][PASSED] - dashboardName = "Выполнение бизнес-плана": null

15-11-2024T09:21:09 - [TEST_STEP][PASSED] - workbook01 = getWorkbook(excelFilePath): null

15-11-2024T09:21:09 - [TEST_STEP][PASSED] - sheet01 = getExcelSheet(workbook01, sheetName): null

15-11-2024T09:21:09 - [TEST_STEP][PASSED] - setValueToCellByIndex(sheet01, n, 0, dashboardName): null

15-11-2024T09:21:09 - [TEST_STEP][PASSED] - setValueToCellByIndex(sheet01, n, 1, dZO): null

15-11-2024T09:21:09 - [TEST_STEP][PASSED] - setValueToCellByIndex(sheet01, n, 2, typeOfData): null

15-11-2024T09:21:09 - [TEST_STEP][PASSED] - if (typeOfData == "Факт в процентах" || typeOfData == "План в процентах"): null

15-11-2024T09:21:09 - [TEST_STEP][PASSED] - setValueToCellByIndex(sheet01, n, 3, fileDouble): null

15-11-2024T09:21:09 - [TEST_STEP][PASSED] - setValueToCellByIndex(sheet01, n, 4, pageDouble): null

15-11-2024T09:21:09 - [TEST_STEP][PASSED] - setValueToCellByIndex(sheet01, n, 5, m): null

15-11-2024T09:21:09 - [TEST_STEP][PASSED] - setValueToCellByIndex(sheet01, n, 6, y): null

15-11-2024T09:21:09 - [TEST_STEP][PASSED] - setValueToCellByIndex(sheet01, n, 7, todaysDate): null

15-11-2024T09:21:09 - [TEST_STEP][PASSED] - n = n + 1: null

15-11-2024T09:21:09 - [TEST_STEP][PASSED] - saveWorkbook(excelFilePath, workbook01): null

15-11-2024T09:21:09 - [TEST_STEP][FAILED] - if (verifyEqual(numberOfErrors, 0) == false): null

15-11-2024T09:21:09 - [MESSAGE][FAILED] - Unable to verify equal between actual object '6' and expected object '0' (Root cause: com.kms.katalon.core.exception.StepFailedException: Actual object '6' and expected object '0' are not equal
	at com.kms.katalon.core.keyword.builtin.VerifyEqualKeyword$_verifyEqual_closure1.doCall(VerifyEqualKeyword.groovy:58)
	at com.kms.katalon.core.keyword.builtin.VerifyEqualKeyword$_verifyEqual_closure1.call(VerifyEqualKeyword.groovy)
	at com.kms.katalon.core.keyword.internal.KeywordMain.runKeyword(KeywordMain.groovy:75)
	at com.kms.katalon.core.keyword.builtin.VerifyEqualKeyword.verifyEqual(VerifyEqualKeyword.groovy:63)
	at com.kms.katalon.core.keyword.builtin.VerifyEqualKeyword.execute(VerifyEqualKeyword.groovy:44)
	at com.kms.katalon.core.keyword.internal.KeywordExecutor.executeKeywordForPlatform(KeywordExecutor.groovy:74)
	at com.kms.katalon.core.keyword.BuiltinKeywords.verifyEqual(BuiltinKeywords.groovy:146)
	at java.base/jdk.internal.reflect.NativeMethodAccessorImpl.invoke0(Native Method)
	at java.base/jdk.internal.reflect.NativeMethodAccessorImpl.invoke(NativeMethodAccessorImpl.java:77)
	at java.base/jdk.internal.reflect.DelegatingMethodAccessorImpl.invoke(DelegatingMethodAccessorImpl.java:43)
	at Выполнение бизнес-плана Сверка ПАО Россети все филиалы.Numbers(Выполнение бизнес-плана Сверка ПАО Россети все филиалы:740)
	at Выполнение бизнес-плана Сверка ПАО Россети все филиалы.run(Выполнение бизнес-плана Сверка ПАО Россети все филиалы:304)
	at com.kms.katalon.core.main.ScriptEngine.run(ScriptEngine.java:194)
	at com.kms.katalon.core.main.ScriptEngine.runScriptAsRawText(ScriptEngine.java:119)
	at com.kms.katalon.core.main.TestCaseExecutor.runScript(TestCaseExecutor.java:448)
	at com.kms.katalon.core.main.TestCaseExecutor.doExecute(TestCaseExecutor.java:439)
	at com.kms.katalon.core.main.TestCaseExecutor.processExecutionPhase(TestCaseExecutor.java:418)
	at com.kms.katalon.core.main.TestCaseExecutor.accessMainPhase(TestCaseExecutor.java:410)
	at com.kms.katalon.core.main.TestCaseExecutor.execute(TestCaseExecutor.java:285)
	at com.kms.katalon.core.common.CommonExecutor.accessTestCaseMainPhase(CommonExecutor.java:65)
	at com.kms.katalon.core.main.TestSuiteExecutor.accessTestSuiteMainPhase(TestSuiteExecutor.java:150)
	at com.kms.katalon.core.main.TestSuiteExecutor.execute(TestSuiteExecutor.java:106)
	at com.kms.katalon.core.main.TestCaseMain.startTestSuite(TestCaseMain.java:180)
	at TempTestSuite1731647997681.run(TempTestSuite1731647997681.groovy:35)
	at java.base/jdk.internal.reflect.NativeMethodAccessorImpl.invoke0(Native Method)
	at java.base/jdk.internal.reflect.NativeMethodAccessorImpl.invoke(NativeMethodAccessorImpl.java:77)
	at java.base/jdk.internal.reflect.DelegatingMethodAccessorImpl.invoke(DelegatingMethodAccessorImpl.java:43)
)

15-11-2024T09:21:09 - [TEST_STEP][PASSED] - println(numberOfErrors): null

15-11-2024T09:21:09 - [TEST_STEP][PASSED] - if (a == 28 || a == 77 || a == 74 || a == 65 || a == 36 || a == 44 || a == 54 || a == 1 || a == 18 || a == 59): null

15-11-2024T09:21:09 - [TEST_STEP][PASSED] - Script1718980020443.Filials(a, typeOfData, todaysDate, pageInt, fileInt, pageDouble, fileDouble, dZO, dzoNum, filialNum): null

15-11-2024T09:21:09 - [TEST_STEP][PASSED] - i = <not implemented yet for class: org.codehaus.groovy.ast.expr.EmptyExpression>: null

15-11-2024T09:21:09 - [TEST_STEP][PASSED] - c = <not implemented yet for class: org.codehaus.groovy.ast.expr.EmptyExpression>: null

15-11-2024T09:21:09 - [TEST_STEP][PASSED] - page = <not implemented yet for class: org.codehaus.groovy.ast.expr.EmptyExpression>: null

15-11-2024T09:21:09 - [TEST_STEP][PASSED] - println(dZO): null

15-11-2024T09:21:09 - [TEST_STEP][PASSED] - reducedDZO = <not implemented yet for class: org.codehaus.groovy.ast.expr.EmptyExpression>: null

15-11-2024T09:21:09 - [TEST_STEP][PASSED] - reducedDZO = dZO.substring(dZO.indexOf(" ") + 1, dZO.length()): null

15-11-2024T09:21:09 - [TEST_STEP][PASSED] - if (reducedDZO.contains(" ")): null

15-11-2024T09:21:09 - [TEST_STEP][PASSED] - reducedDZO = reducedDZO.substring(reducedDZO.indexOf(" ") + 1, reducedDZO.length()): null

15-11-2024T09:21:09 - [TEST_STEP][PASSED] - if (reducedDZO.contains(" ")): null

15-11-2024T09:21:09 - [TEST_STEP][PASSED] - println(reducedDZO): null

15-11-2024T09:21:09 - [TEST_STEP][PASSED] - dzoCut = <not implemented yet for class: org.codehaus.groovy.ast.expr.EmptyExpression>: null

15-11-2024T09:21:09 - [TEST_STEP][PASSED] - Script1718980020443.DZO(a): null

15-11-2024T09:21:09 - [TEST_STEP][PASSED] - Script1718980020443.OpenFilter(): null

15-11-2024T09:21:09 - [TEST_STEP][PASSED] - click(findTestObject("Object Repository/Выполнение бизнес-плана/Фильтр ДЗО")): Object: 'Object Repository/Выполнение бизнес-плана/Фильтр ДЗО' is clicked on

15-11-2024T09:21:10 - [MESSAGE][PASSED] - Object: 'Object Repository/Выполнение бизнес-плана/Фильтр ДЗО' is clicked on

15-11-2024T09:21:10 - [TEST_STEP][PASSED] - click(findTestObject("Выполнение бизнес-плана/Снять выделение в фильтре ДЗО")): Object: 'Object Repository/Выполнение бизнес-плана/Снять выделение в фильтре ДЗО' is clicked on

15-11-2024T09:21:10 - [MESSAGE][PASSED] - Object: 'Object Repository/Выполнение бизнес-плана/Снять выделение в фильтре ДЗО' is clicked on

15-11-2024T09:21:10 - [TEST_STEP][PASSED] - Script1718980020443.OpenRSK(): null

15-11-2024T09:21:10 - [TEST_STEP][PASSED] - click(findTestObject("Выполнение бизнес-плана/Раскрыть список ПАО Россети в фильтре ДЗО")): Object: 'Object Repository/Выполнение бизнес-плана/Раскрыть список ПАО Россети в фильтре ДЗО' is clicked on

15-11-2024T09:21:11 - [MESSAGE][PASSED] - Object: 'Object Repository/Выполнение бизнес-плана/Раскрыть список ПАО Россети в фильтре ДЗО' is clicked on

15-11-2024T09:21:11 - [TEST_STEP][PASSED] - click(findTestObject("Выполнение бизнес-плана/Раскрыть список РаспредКомплекс в фильтре ДЗО")): Object: 'Object Repository/Выполнение бизнес-плана/Раскрыть список РаспредКомплекс в фильтре ДЗО' is clicked on

15-11-2024T09:21:11 - [MESSAGE][PASSED] - Object: 'Object Repository/Выполнение бизнес-плана/Раскрыть список РаспредКомплекс в фильтре ДЗО' is clicked on

15-11-2024T09:21:11 - [TEST_STEP][PASSED] - if (a == 28): null

15-11-2024T09:21:11 - [TEST_STEP][PASSED] - if (a == 77): null

15-11-2024T09:21:11 - [TEST_STEP][PASSED] - if (a == 74): null

15-11-2024T09:21:11 - [TEST_STEP][PASSED] - if (a == 65): Object: 'Object Repository/Выполнение бизнес-плана/Россети Северный Кавказ' is clicked on

15-11-2024T09:21:11 - [TEST_STEP][PASSED] - scrollToElement(findTestObject("Общие объекты/Раскрыть список Россети Северный кавказ"), 30): Scroll to object 'Object Repository/Общие объекты/Раскрыть список Россети Северный кавказ' successfully

15-11-2024T09:21:11 - [MESSAGE][PASSED] - Scroll to object 'Object Repository/Общие объекты/Раскрыть список Россети Северный кавказ' successfully

15-11-2024T09:21:11 - [TEST_STEP][PASSED] - click(findTestObject("Выполнение бизнес-плана/Россети Северный Кавказ")): Object: 'Object Repository/Выполнение бизнес-плана/Россети Северный Кавказ' is clicked on

15-11-2024T09:21:12 - [MESSAGE][PASSED] - Object: 'Object Repository/Выполнение бизнес-плана/Россети Северный Кавказ' is clicked on

15-11-2024T09:21:12 - [TEST_STEP][PASSED] - if (a == 36): null

15-11-2024T09:21:12 - [TEST_STEP][PASSED] - if (a == 44): null

15-11-2024T09:21:12 - [TEST_STEP][PASSED] - if (a == 54): null

15-11-2024T09:21:12 - [TEST_STEP][PASSED] - if (a == 1): null

15-11-2024T09:21:12 - [TEST_STEP][PASSED] - if (a == 18): null

15-11-2024T09:21:12 - [TEST_STEP][PASSED] - if (a == 59): null

15-11-2024T09:21:12 - [TEST_STEP][PASSED] - Script1718980020443.CloseFilter(): null

15-11-2024T09:21:12 - [TEST_STEP][PASSED] - scrollToElement(findTestObject("Выполнение бизнес-плана/Заголовок дашборда"), 30): Scroll to object 'Object Repository/Выполнение бизнес-плана/Заголовок дашборда' successfully

15-11-2024T09:21:12 - [MESSAGE][PASSED] - Scroll to object 'Object Repository/Выполнение бизнес-плана/Заголовок дашборда' successfully

15-11-2024T09:21:12 - [TEST_STEP][PASSED] - click(findTestObject("Object Repository/Выполнение бизнес-плана/Применить в фильтре ДЗО")): Object: 'Object Repository/Выполнение бизнес-плана/Применить в фильтре ДЗО' is clicked on

15-11-2024T09:21:13 - [MESSAGE][PASSED] - Object: 'Object Repository/Выполнение бизнес-плана/Применить в фильтре ДЗО' is clicked on

15-11-2024T09:21:13 - [TEST_STEP][PASSED] - Script1718980020443.ZakrytOpoveshenie(): null

15-11-2024T09:21:13 - [TEST_STEP][PASSED] - delay(10): Delayed 10 second(s)

15-11-2024T09:21:23 - [MESSAGE][PASSED] - Delayed 10 second(s)

15-11-2024T09:21:23 - [TEST_STEP][PASSED] - opoveshenie = getText(findTestObject("Выполнение бизнес-плана/Просьба обратить внимание")): Text of object 'Object Repository/Выполнение бизнес-плана/Просьба обратить внимание' is: ''

15-11-2024T09:21:40 - [MESSAGE][PASSED] - Text of object 'Object Repository/Выполнение бизнес-плана/Просьба обратить внимание' is: ''

15-11-2024T09:21:40 - [TEST_STEP][PASSED] - println(opoveshenie): null

15-11-2024T09:21:40 - [TEST_STEP][PASSED] - if (opoveshenie == "Просьба обратить внимание"): null

15-11-2024T09:21:40 - [TEST_STEP][PASSED] - page = getText(findTestObject("Object Repository/Выполнение бизнес-плана/Filials")): Text of object 'Object Repository/Выполнение бизнес-плана/Filials' is: 'Россети Северный Кавказ
0
10
20
30
40
50
60
70'

15-11-2024T09:21:40 - [MESSAGE][PASSED] - Text of object 'Object Repository/Выполнение бизнес-плана/Filials' is: 'Россети Северный Кавказ
0
10
20
30
40
50
60
70'

15-11-2024T09:21:40 - [TEST_STEP][PASSED] - println(page): null

15-11-2024T09:21:40 - [TEST_STEP][PASSED] - c = page.indexOf(reducedDZO): null

15-11-2024T09:21:40 - [TEST_STEP][PASSED] - if (c > -1): null

15-11-2024T09:21:40 - [TEST_STEP][PASSED] - click(findTestObject("Выполнение бизнес-плана/список")): Object: 'Object Repository/Выполнение бизнес-плана/список' is clicked on

15-11-2024T09:21:40 - [MESSAGE][PASSED] - Object: 'Object Repository/Выполнение бизнес-плана/список' is clicked on

15-11-2024T09:21:40 - [TEST_STEP][PASSED] - delay(10): Delayed 10 second(s)

15-11-2024T09:21:50 - [MESSAGE][PASSED] - Delayed 10 second(s)

15-11-2024T09:21:50 - [TEST_STEP][PASSED] - click(findTestObject("Выполнение бизнес-плана/Раскрытие списка")): Object: 'Object Repository/Выполнение бизнес-плана/Раскрытие списка' is clicked on

15-11-2024T09:21:51 - [MESSAGE][PASSED] - Object: 'Object Repository/Выполнение бизнес-плана/Раскрытие списка' is clicked on

15-11-2024T09:21:51 - [TEST_STEP][PASSED] - delay(10): Delayed 10 second(s)

15-11-2024T09:22:01 - [MESSAGE][PASSED] - Delayed 10 second(s)

15-11-2024T09:22:01 - [TEST_STEP][PASSED] - page = getText(findTestObject("Object Repository/Выполнение бизнес-плана/Filials")): Text of object 'Object Repository/Выполнение бизнес-плана/Filials' is: 'Дагэнерго
Ингушэнерго
Каббалкэнерго
Карачаево-Черкесскэнерго
Севкавказэнерго
Ставропольэнерго
0
10
20
30
40
50
60
70'

15-11-2024T09:22:01 - [MESSAGE][PASSED] - Text of object 'Object Repository/Выполнение бизнес-плана/Filials' is: 'Дагэнерго
Ингушэнерго
Каббалкэнерго
Карачаево-Черкесскэнерго
Севкавказэнерго
Ставропольэнерго
0
10
20
30
40
50
60
70'

15-11-2024T09:22:01 - [TEST_STEP][PASSED] - println(page): null

15-11-2024T09:22:01 - [TEST_STEP][PASSED] - c = page.indexOf(reducedDZO): null

15-11-2024T09:22:01 - [TEST_STEP][PASSED] - x2 = getText(findTestObject("Выполнение бизнес-плана/Список ДЗО старый")): Text of object 'Object Repository/Выполнение бизнес-плана/Список ДЗО старый' is: 'Дагэнерго
Ингушэнерго
Каббалкэнерго
Карачаево-Черкесскэнерго
Севкавказэнерго
Ставропольэнерго
0
10
20
30
40
50
60
70'

15-11-2024T09:22:01 - [MESSAGE][PASSED] - Text of object 'Object Repository/Выполнение бизнес-плана/Список ДЗО старый' is: 'Дагэнерго
Ингушэнерго
Каббалкэнерго
Карачаево-Черкесскэнерго
Севкавказэнерго
Ставропольэнерго
0
10
20
30
40
50
60
70'

15-11-2024T09:22:01 - [TEST_STEP][PASSED] - if (a == 28): null

15-11-2024T09:22:01 - [TEST_STEP][PASSED] - if (a == 77): null

15-11-2024T09:22:01 - [TEST_STEP][PASSED] - if (a == 74): null

15-11-2024T09:22:01 - [TEST_STEP][PASSED] - if (a == 65): null

15-11-2024T09:22:01 - [TEST_STEP][PASSED] - dZO = "Дагэнерго": null

15-11-2024T09:22:01 - [TEST_STEP][PASSED] - a = 71: null

15-11-2024T09:22:01 - [TEST_STEP][PASSED] - if (x2.contains(dZO)): null

15-11-2024T09:22:01 - [TEST_STEP][PASSED] - filialNum = filialNum + 1: null

15-11-2024T09:22:01 - [TEST_STEP][PASSED] - Script1718980020443.Numbers(a, typeOfData, todaysDate, pageInt, fileInt, pageDouble, fileDouble, dZO, dzoNum, filialNum): null

15-11-2024T09:22:01 - [TEST_STEP][PASSED] - println(dzoNum): null

15-11-2024T09:22:01 - [TEST_STEP][PASSED] - planFact = <not implemented yet for class: org.codehaus.groovy.ast.expr.EmptyExpression>: null

15-11-2024T09:22:01 - [TEST_STEP][PASSED] - page = <not implemented yet for class: org.codehaus.groovy.ast.expr.EmptyExpression>: null

15-11-2024T09:22:01 - [TEST_STEP][PASSED] - page1 = <not implemented yet for class: org.codehaus.groovy.ast.expr.EmptyExpression>: null

15-11-2024T09:22:01 - [TEST_STEP][PASSED] - page2 = <not implemented yet for class: org.codehaus.groovy.ast.expr.EmptyExpression>: null

15-11-2024T09:22:01 - [TEST_STEP][PASSED] - filialNumberInRow = <not implemented yet for class: org.codehaus.groovy.ast.expr.EmptyExpression>: null

15-11-2024T09:22:01 - [TEST_STEP][PASSED] - filialsDzoNames = <not implemented yet for class: org.codehaus.groovy.ast.expr.EmptyExpression>: null

15-11-2024T09:22:01 - [TEST_STEP][PASSED] - numberOfFilials = <not implemented yet for class: org.codehaus.groovy.ast.expr.EmptyExpression>: null

15-11-2024T09:22:01 - [TEST_STEP][PASSED] - numberOfSpaces = <not implemented yet for class: org.codehaus.groovy.ast.expr.EmptyExpression>: null

15-11-2024T09:22:01 - [TEST_STEP][PASSED] - file = <not implemented yet for class: org.codehaus.groovy.ast.expr.EmptyExpression>: null

15-11-2024T09:22:01 - [TEST_STEP][PASSED] - otpusk = <not implemented yet for class: org.codehaus.groovy.ast.expr.EmptyExpression>: null

15-11-2024T09:22:01 - [TEST_STEP][PASSED] - poteri = <not implemented yet for class: org.codehaus.groovy.ast.expr.EmptyExpression>: null

15-11-2024T09:22:01 - [TEST_STEP][PASSED] - dataFolder = "Выполнение бизнес-плана/Значения со страницы Выполнение бизнес-плана/": null

15-11-2024T09:22:01 - [TEST_STEP][PASSED] - path = <not implemented yet for class: org.codehaus.groovy.ast.expr.EmptyExpression>: null

15-11-2024T09:22:01 - [TEST_STEP][PASSED] - typeOfDataMain = <not implemented yet for class: org.codehaus.groovy.ast.expr.EmptyExpression>: null

15-11-2024T09:22:01 - [TEST_STEP][PASSED] - fileOtpuskVSet = <not implemented yet for class: org.codehaus.groovy.ast.expr.EmptyExpression>: null

15-11-2024T09:22:02 - [TEST_STEP][PASSED] - pageOtpuskVSet = <not implemented yet for class: org.codehaus.groovy.ast.expr.EmptyExpression>: null

15-11-2024T09:22:02 - [TEST_STEP][PASSED] - filePoteri = <not implemented yet for class: org.codehaus.groovy.ast.expr.EmptyExpression>: null

15-11-2024T09:22:02 - [TEST_STEP][PASSED] - pagePoteri = <not implemented yet for class: org.codehaus.groovy.ast.expr.EmptyExpression>: null

15-11-2024T09:22:02 - [TEST_STEP][PASSED] - compare = <not implemented yet for class: org.codehaus.groovy.ast.expr.EmptyExpression>: null

15-11-2024T09:22:02 - [TEST_STEP][PASSED] - b = <not implemented yet for class: org.codehaus.groovy.ast.expr.EmptyExpression>: null

15-11-2024T09:22:02 - [TEST_STEP][PASSED] - i = <not implemented yet for class: org.codehaus.groovy.ast.expr.EmptyExpression>: null

15-11-2024T09:22:02 - [TEST_STEP][PASSED] - ii = <not implemented yet for class: org.codehaus.groovy.ast.expr.EmptyExpression>: null

15-11-2024T09:22:02 - [TEST_STEP][PASSED] - c = <not implemented yet for class: org.codehaus.groovy.ast.expr.EmptyExpression>: null

15-11-2024T09:22:02 - [TEST_STEP][PASSED] - numberOfErrors = 0: null

15-11-2024T09:22:02 - [TEST_STEP][PASSED] - if (a == 82): null

15-11-2024T09:22:02 - [TEST_STEP][PASSED] - b = findTestData("PlanFact").getValue(1, a): null

15-11-2024T09:22:02 - [TEST_STEP][PASSED] - i = b.indexOf(" (ГК)"): null

15-11-2024T09:22:02 - [TEST_STEP][PASSED] - if (i > -1): null

15-11-2024T09:22:02 - [TEST_STEP][PASSED] - i = b.indexOf("О ""): null

15-11-2024T09:22:02 - [TEST_STEP][PASSED] - if (i > -1): null

15-11-2024T09:22:02 - [TEST_STEP][PASSED] - i = b.indexOf("О «"): null

15-11-2024T09:22:02 - [TEST_STEP][PASSED] - if (i > -1): null

15-11-2024T09:22:02 - [TEST_STEP][PASSED] - i = b.indexOf("г. "): null

15-11-2024T09:22:02 - [TEST_STEP][PASSED] - if (i > -1): null

15-11-2024T09:22:02 - [TEST_STEP][PASSED] - println(b): null

15-11-2024T09:22:02 - [TEST_STEP][PASSED] - for ([planFact = 1, planFact < 3, (planFact++)]): null

15-11-2024T09:22:02 - [TEST_STEP][PASSED] - if (planFact == 1): null

15-11-2024T09:22:02 - [TEST_STEP][PASSED] - typeOfDataMain = "Факт": null

15-11-2024T09:22:02 - [TEST_STEP][PASSED] - otpusk = findTestData("PlanFact").getValue(5, a): null

15-11-2024T09:22:02 - [TEST_STEP][PASSED] - poteri = findTestData("PlanFact").getValue(6, a): null

15-11-2024T09:22:02 - [TEST_STEP][PASSED] - otpusk = otpusk.replaceAll("\s+", ""): null

15-11-2024T09:22:02 - [TEST_STEP][PASSED] - poteri = poteri.replaceAll("\s+", ""): null

15-11-2024T09:22:02 - [TEST_STEP][PASSED] - typeOfData = typeOfDataMain + " Отпуск в сеть": null

15-11-2024T09:22:02 - [TEST_STEP][PASSED] - if (a == 82): null

15-11-2024T09:22:02 - [TEST_STEP][PASSED] - else if (a == 84): null

15-11-2024T09:22:02 - [TEST_STEP][PASSED] - else if (a == 52 || a == 72 || a == 28 || a == 73 || a == 77 || a == 74 || a == 65 || a == 36 || a == 44 || a == 53 || a == 80 || a == 54 || a == 1 || a == 18 || a == 59 || a == 81): null

15-11-2024T09:22:02 - [TEST_STEP][PASSED] - else: null

15-11-2024T09:22:02 - [TEST_STEP][PASSED] - path = dataFolder + typeOfData + " за отчётный период " + b: null

15-11-2024T09:22:02 - [TEST_STEP][PASSED] - println(path): null

15-11-2024T09:22:02 - [TEST_STEP][PASSED] - page = getText(findTestObject(path)): Text of object 'Object Repository/Выполнение бизнес-плана/Значения со страницы Выполнение бизнес-плана/Факт Отпуск в сеть за отчётный период Дагэнерго' is: '6 610 196'

15-11-2024T09:22:02 - [MESSAGE][PASSED] - Text of object 'Object Repository/Выполнение бизнес-плана/Значения со страницы Выполнение бизнес-плана/Факт Отпуск в сеть за отчётный период Дагэнерго' is: '6 610 196'

15-11-2024T09:22:02 - [TEST_STEP][PASSED] - page = page.replaceAll("\s+", ""): null

15-11-2024T09:22:02 - [TEST_STEP][PASSED] - fileOtpuskVSet = otpusk.toInteger(): null

15-11-2024T09:22:02 - [TEST_STEP][PASSED] - pageOtpuskVSet = page.toInteger(): null

15-11-2024T09:22:02 - [TEST_STEP][PASSED] - typeOfData = typeOfDataMain + " Потери": null

15-11-2024T09:22:02 - [TEST_STEP][PASSED] - if (a == 82): null

15-11-2024T09:22:02 - [TEST_STEP][PASSED] - else if (a == 84): null

15-11-2024T09:22:02 - [TEST_STEP][PASSED] - else if (a == 52 || a == 72 || a == 28 || a == 73 || a == 77 || a == 74 || a == 65 || a == 36 || a == 44 || a == 53 || a == 80 || a == 54 || a == 1 || a == 18 || a == 59 || a == 81): null

15-11-2024T09:22:02 - [TEST_STEP][PASSED] - else: null

15-11-2024T09:22:02 - [TEST_STEP][PASSED] - path = dataFolder + typeOfData + " за отчётный период " + b: null

15-11-2024T09:22:02 - [TEST_STEP][PASSED] - page = getText(findTestObject(path)): Text of object 'Object Repository/Выполнение бизнес-плана/Значения со страницы Выполнение бизнес-плана/Факт Потери за отчётный период Дагэнерго' is: '3 159 035'

15-11-2024T09:22:02 - [MESSAGE][PASSED] - Text of object 'Object Repository/Выполнение бизнес-плана/Значения со страницы Выполнение бизнес-плана/Факт Потери за отчётный период Дагэнерго' is: '3 159 035'

15-11-2024T09:22:02 - [TEST_STEP][PASSED] - page = page.replaceAll("\s+", ""): null

15-11-2024T09:22:02 - [TEST_STEP][PASSED] - filePoteri = poteri.toInteger(): null

15-11-2024T09:22:02 - [TEST_STEP][PASSED] - pagePoteri = page.toInteger(): null

15-11-2024T09:22:02 - [TEST_STEP][PASSED] - compare = pageOtpuskVSet: null

15-11-2024T09:22:02 - [TEST_STEP][PASSED] - if (compare == fileOtpuskVSet): null

15-11-2024T09:22:02 - [TEST_STEP][PASSED] - else if (compare > fileOtpuskVSet): null

15-11-2024T09:22:02 - [TEST_STEP][PASSED] - compare = compare - 1: null

15-11-2024T09:22:02 - [TEST_STEP][PASSED] - if (compare == fileOtpuskVSet): null

15-11-2024T09:22:02 - [TEST_STEP][PASSED] - else: null

15-11-2024T09:22:02 - [TEST_STEP][PASSED] - numberOfErrors = numberOfErrors + 1: null

15-11-2024T09:22:02 - [TEST_STEP][PASSED] - pageInt = pageOtpuskVSet: null

15-11-2024T09:22:02 - [TEST_STEP][PASSED] - fileInt = fileOtpuskVSet: null

15-11-2024T09:22:02 - [TEST_STEP][PASSED] - typeOfData = typeOfDataMain + " Отпуск в сеть": null

15-11-2024T09:22:02 - [TEST_STEP][PASSED] - Script1718980020443.WriteToExcel(a, typeOfData, todaysDate, pageInt, fileInt, pageDouble, fileDouble, dZO): null

15-11-2024T09:22:02 - [TEST_STEP][PASSED] - sheetName = "Sheet1": null

15-11-2024T09:22:02 - [TEST_STEP][PASSED] - data = findTestData("PlanFact"): null

15-11-2024T09:22:02 - [TEST_STEP][PASSED] - n = data.getRowNumbers() + 1: null

15-11-2024T09:22:02 - [TEST_STEP][PASSED] - year = todaysDate.substring(todaysDate.length() - 4, todaysDate.length()): null

15-11-2024T09:22:02 - [TEST_STEP][PASSED] - y = year.toInteger(): null

15-11-2024T09:22:02 - [TEST_STEP][PASSED] - m = getText(findTestObject("Выполнение бизнес-плана/Период")): Text of object 'Object Repository/Выполнение бизнес-плана/Период' is: '1, 2, 3 кв. 2024 года'

15-11-2024T09:22:03 - [MESSAGE][PASSED] - Text of object 'Object Repository/Выполнение бизнес-плана/Период' is: '1, 2, 3 кв. 2024 года'

15-11-2024T09:22:03 - [TEST_STEP][PASSED] - m = m.substring(0, m.indexOf("2024")): null

15-11-2024T09:22:03 - [TEST_STEP][PASSED] - m = m.trim(): null

15-11-2024T09:22:03 - [TEST_STEP][PASSED] - dashboardName = "Выполнение бизнес-плана": null

15-11-2024T09:22:03 - [TEST_STEP][PASSED] - workbook01 = getWorkbook(excelFilePath): null

15-11-2024T09:22:03 - [TEST_STEP][PASSED] - sheet01 = getExcelSheet(workbook01, sheetName): null

15-11-2024T09:22:03 - [TEST_STEP][PASSED] - setValueToCellByIndex(sheet01, n, 0, dashboardName): null

15-11-2024T09:22:03 - [TEST_STEP][PASSED] - setValueToCellByIndex(sheet01, n, 1, dZO): null

15-11-2024T09:22:03 - [TEST_STEP][PASSED] - setValueToCellByIndex(sheet01, n, 2, typeOfData): null

15-11-2024T09:22:03 - [TEST_STEP][PASSED] - if (typeOfData == "Факт в процентах" || typeOfData == "План в процентах"): null

15-11-2024T09:22:03 - [TEST_STEP][PASSED] - else: null

15-11-2024T09:22:03 - [TEST_STEP][PASSED] - setValueToCellByIndex(sheet01, n, 3, fileInt): null

15-11-2024T09:22:03 - [TEST_STEP][PASSED] - setValueToCellByIndex(sheet01, n, 4, pageInt): null

15-11-2024T09:22:03 - [TEST_STEP][PASSED] - setValueToCellByIndex(sheet01, n, 5, m): null

15-11-2024T09:22:03 - [TEST_STEP][PASSED] - setValueToCellByIndex(sheet01, n, 6, y): null

15-11-2024T09:22:03 - [TEST_STEP][PASSED] - setValueToCellByIndex(sheet01, n, 7, todaysDate): null

15-11-2024T09:22:03 - [TEST_STEP][PASSED] - n = n + 1: null

15-11-2024T09:22:03 - [TEST_STEP][PASSED] - saveWorkbook(excelFilePath, workbook01): null

15-11-2024T09:22:03 - [TEST_STEP][PASSED] - compare = pagePoteri: null

15-11-2024T09:22:03 - [TEST_STEP][PASSED] - if (compare == filePoteri): null

15-11-2024T09:22:03 - [TEST_STEP][PASSED] - else if (compare > filePoteri): null

15-11-2024T09:22:03 - [TEST_STEP][PASSED] - compare = compare - 1: null

15-11-2024T09:22:03 - [TEST_STEP][PASSED] - if (compare == filePoteri): null

15-11-2024T09:22:03 - [TEST_STEP][PASSED] - else: null

15-11-2024T09:22:03 - [TEST_STEP][PASSED] - numberOfErrors = numberOfErrors + 1: null

15-11-2024T09:22:03 - [TEST_STEP][PASSED] - pageInt = pagePoteri: null

15-11-2024T09:22:03 - [TEST_STEP][PASSED] - fileInt = filePoteri: null

15-11-2024T09:22:03 - [TEST_STEP][PASSED] - typeOfData = typeOfDataMain + " Потери": null

15-11-2024T09:22:03 - [TEST_STEP][PASSED] - Script1718980020443.WriteToExcel(a, typeOfData, todaysDate, pageInt, fileInt, pageDouble, fileDouble, dZO): null

15-11-2024T09:22:03 - [TEST_STEP][PASSED] - sheetName = "Sheet1": null

15-11-2024T09:22:03 - [TEST_STEP][PASSED] - data = findTestData("PlanFact"): null

15-11-2024T09:22:03 - [TEST_STEP][PASSED] - n = data.getRowNumbers() + 1: null

15-11-2024T09:22:03 - [TEST_STEP][PASSED] - year = todaysDate.substring(todaysDate.length() - 4, todaysDate.length()): null

15-11-2024T09:22:03 - [TEST_STEP][PASSED] - y = year.toInteger(): null

15-11-2024T09:22:03 - [TEST_STEP][PASSED] - m = getText(findTestObject("Выполнение бизнес-плана/Период")): Text of object 'Object Repository/Выполнение бизнес-плана/Период' is: '1, 2, 3 кв. 2024 года'

15-11-2024T09:22:03 - [MESSAGE][PASSED] - Text of object 'Object Repository/Выполнение бизнес-плана/Период' is: '1, 2, 3 кв. 2024 года'

15-11-2024T09:22:03 - [TEST_STEP][PASSED] - m = m.substring(0, m.indexOf("2024")): null

15-11-2024T09:22:03 - [TEST_STEP][PASSED] - m = m.trim(): null

15-11-2024T09:22:03 - [TEST_STEP][PASSED] - dashboardName = "Выполнение бизнес-плана": null

15-11-2024T09:22:03 - [TEST_STEP][PASSED] - workbook01 = getWorkbook(excelFilePath): null

15-11-2024T09:22:03 - [TEST_STEP][PASSED] - sheet01 = getExcelSheet(workbook01, sheetName): null

15-11-2024T09:22:03 - [TEST_STEP][PASSED] - setValueToCellByIndex(sheet01, n, 0, dashboardName): null

15-11-2024T09:22:03 - [TEST_STEP][PASSED] - setValueToCellByIndex(sheet01, n, 1, dZO): null

15-11-2024T09:22:03 - [TEST_STEP][PASSED] - setValueToCellByIndex(sheet01, n, 2, typeOfData): null

15-11-2024T09:22:03 - [TEST_STEP][PASSED] - if (typeOfData == "Факт в процентах" || typeOfData == "План в процентах"): null

15-11-2024T09:22:03 - [TEST_STEP][PASSED] - else: null

15-11-2024T09:22:03 - [TEST_STEP][PASSED] - setValueToCellByIndex(sheet01, n, 3, fileInt): null

15-11-2024T09:22:03 - [TEST_STEP][PASSED] - setValueToCellByIndex(sheet01, n, 4, pageInt): null

15-11-2024T09:22:03 - [TEST_STEP][PASSED] - setValueToCellByIndex(sheet01, n, 5, m): null

15-11-2024T09:22:03 - [TEST_STEP][PASSED] - setValueToCellByIndex(sheet01, n, 6, y): null

15-11-2024T09:22:03 - [TEST_STEP][PASSED] - setValueToCellByIndex(sheet01, n, 7, todaysDate): null

15-11-2024T09:22:03 - [TEST_STEP][PASSED] - n = n + 1: null

15-11-2024T09:22:03 - [TEST_STEP][PASSED] - saveWorkbook(excelFilePath, workbook01): null

15-11-2024T09:22:04 - [TEST_STEP][PASSED] - if (planFact == 2): null

15-11-2024T09:22:04 - [TEST_STEP][PASSED] - if (planFact == 1): null

15-11-2024T09:22:04 - [TEST_STEP][PASSED] - else if (planFact == 2): null

15-11-2024T09:22:04 - [TEST_STEP][PASSED] - click(findTestObject("Выполнение бизнес-плана/Кнопка План")): Object: 'Object Repository/Выполнение бизнес-плана/Кнопка План' is clicked on

15-11-2024T09:22:04 - [MESSAGE][PASSED] - Object: 'Object Repository/Выполнение бизнес-плана/Кнопка План' is clicked on

15-11-2024T09:22:04 - [TEST_STEP][PASSED] - typeOfDataMain = "План": null

15-11-2024T09:22:04 - [TEST_STEP][PASSED] - otpusk = findTestData("PlanFact").getValue(2, a): null

15-11-2024T09:22:04 - [TEST_STEP][PASSED] - poteri = findTestData("PlanFact").getValue(3, a): null

15-11-2024T09:22:04 - [TEST_STEP][PASSED] - otpusk = otpusk.replaceAll("\s+", ""): null

15-11-2024T09:22:04 - [TEST_STEP][PASSED] - poteri = poteri.replaceAll("\s+", ""): null

15-11-2024T09:22:04 - [TEST_STEP][PASSED] - typeOfData = typeOfDataMain + " Отпуск в сеть": null

15-11-2024T09:22:04 - [TEST_STEP][PASSED] - if (a == 82): null

15-11-2024T09:22:04 - [TEST_STEP][PASSED] - else if (a == 84): null

15-11-2024T09:22:04 - [TEST_STEP][PASSED] - else if (a == 52 || a == 72 || a == 28 || a == 73 || a == 77 || a == 74 || a == 65 || a == 36 || a == 44 || a == 53 || a == 80 || a == 54 || a == 1 || a == 18 || a == 59 || a == 81): null

15-11-2024T09:22:04 - [TEST_STEP][PASSED] - else: null

15-11-2024T09:22:04 - [TEST_STEP][PASSED] - path = dataFolder + typeOfData + " за отчётный период " + b: null

15-11-2024T09:22:04 - [TEST_STEP][PASSED] - println(path): null

15-11-2024T09:22:04 - [TEST_STEP][PASSED] - page = getText(findTestObject(path)): Text of object 'Object Repository/Выполнение бизнес-плана/Значения со страницы Выполнение бизнес-плана/План Отпуск в сеть за отчётный период Дагэнерго' is: '6 186 218'

15-11-2024T09:22:05 - [MESSAGE][PASSED] - Text of object 'Object Repository/Выполнение бизнес-плана/Значения со страницы Выполнение бизнес-плана/План Отпуск в сеть за отчётный период Дагэнерго' is: '6 186 218'

15-11-2024T09:22:05 - [TEST_STEP][PASSED] - page = page.replaceAll("\s+", ""): null

15-11-2024T09:22:05 - [TEST_STEP][PASSED] - fileOtpuskVSet = otpusk.toInteger(): null

15-11-2024T09:22:05 - [TEST_STEP][PASSED] - pageOtpuskVSet = page.toInteger(): null

15-11-2024T09:22:05 - [TEST_STEP][PASSED] - typeOfData = typeOfDataMain + " Потери": null

15-11-2024T09:22:05 - [TEST_STEP][PASSED] - if (a == 82): null

15-11-2024T09:22:05 - [TEST_STEP][PASSED] - else if (a == 84): null

15-11-2024T09:22:05 - [TEST_STEP][PASSED] - else if (a == 52 || a == 72 || a == 28 || a == 73 || a == 77 || a == 74 || a == 65 || a == 36 || a == 44 || a == 53 || a == 80 || a == 54 || a == 1 || a == 18 || a == 59 || a == 81): null

15-11-2024T09:22:05 - [TEST_STEP][PASSED] - else: null

15-11-2024T09:22:05 - [TEST_STEP][PASSED] - path = dataFolder + typeOfData + " за отчётный период " + b: null

15-11-2024T09:22:05 - [TEST_STEP][PASSED] - page = getText(findTestObject(path)): Text of object 'Object Repository/Выполнение бизнес-плана/Значения со страницы Выполнение бизнес-плана/План Потери за отчётный период Дагэнерго' is: '2 458 608'

15-11-2024T09:22:05 - [MESSAGE][PASSED] - Text of object 'Object Repository/Выполнение бизнес-плана/Значения со страницы Выполнение бизнес-плана/План Потери за отчётный период Дагэнерго' is: '2 458 608'

15-11-2024T09:22:05 - [TEST_STEP][PASSED] - page = page.replaceAll("\s+", ""): null

15-11-2024T09:22:05 - [TEST_STEP][PASSED] - filePoteri = poteri.toInteger(): null

15-11-2024T09:22:05 - [TEST_STEP][PASSED] - pagePoteri = page.toInteger(): null

15-11-2024T09:22:05 - [TEST_STEP][PASSED] - compare = pageOtpuskVSet: null

15-11-2024T09:22:05 - [TEST_STEP][PASSED] - if (compare == fileOtpuskVSet): null

15-11-2024T09:22:05 - [TEST_STEP][PASSED] - else if (compare > fileOtpuskVSet): null

15-11-2024T09:22:05 - [TEST_STEP][PASSED] - else if (compare < fileOtpuskVSet): null

15-11-2024T09:22:05 - [TEST_STEP][PASSED] - compare = compare + 1: null

15-11-2024T09:22:05 - [TEST_STEP][PASSED] - if (compare == fileOtpuskVSet): null

15-11-2024T09:22:05 - [TEST_STEP][PASSED] - else: null

15-11-2024T09:22:05 - [TEST_STEP][PASSED] - numberOfErrors = numberOfErrors + 1: null

15-11-2024T09:22:05 - [TEST_STEP][PASSED] - pageInt = pageOtpuskVSet: null

15-11-2024T09:22:05 - [TEST_STEP][PASSED] - fileInt = fileOtpuskVSet: null

15-11-2024T09:22:05 - [TEST_STEP][PASSED] - typeOfData = typeOfDataMain + " Отпуск в сеть": null

15-11-2024T09:22:05 - [TEST_STEP][PASSED] - Script1718980020443.WriteToExcel(a, typeOfData, todaysDate, pageInt, fileInt, pageDouble, fileDouble, dZO): null

15-11-2024T09:22:05 - [TEST_STEP][PASSED] - sheetName = "Sheet1": null

15-11-2024T09:22:05 - [TEST_STEP][PASSED] - data = findTestData("PlanFact"): null

15-11-2024T09:22:05 - [TEST_STEP][PASSED] - n = data.getRowNumbers() + 1: null

15-11-2024T09:22:05 - [TEST_STEP][PASSED] - year = todaysDate.substring(todaysDate.length() - 4, todaysDate.length()): null

15-11-2024T09:22:05 - [TEST_STEP][PASSED] - y = year.toInteger(): null

15-11-2024T09:22:05 - [TEST_STEP][PASSED] - m = getText(findTestObject("Выполнение бизнес-плана/Период")): Text of object 'Object Repository/Выполнение бизнес-плана/Период' is: '1, 2, 3 кв. 2024 года'

15-11-2024T09:22:05 - [MESSAGE][PASSED] - Text of object 'Object Repository/Выполнение бизнес-плана/Период' is: '1, 2, 3 кв. 2024 года'

15-11-2024T09:22:05 - [TEST_STEP][PASSED] - m = m.substring(0, m.indexOf("2024")): null

15-11-2024T09:22:05 - [TEST_STEP][PASSED] - m = m.trim(): null

15-11-2024T09:22:05 - [TEST_STEP][PASSED] - dashboardName = "Выполнение бизнес-плана": null

15-11-2024T09:22:05 - [TEST_STEP][PASSED] - workbook01 = getWorkbook(excelFilePath): null

15-11-2024T09:22:05 - [TEST_STEP][PASSED] - sheet01 = getExcelSheet(workbook01, sheetName): null

15-11-2024T09:22:05 - [TEST_STEP][PASSED] - setValueToCellByIndex(sheet01, n, 0, dashboardName): null

15-11-2024T09:22:05 - [TEST_STEP][PASSED] - setValueToCellByIndex(sheet01, n, 1, dZO): null

15-11-2024T09:22:05 - [TEST_STEP][PASSED] - setValueToCellByIndex(sheet01, n, 2, typeOfData): null

15-11-2024T09:22:05 - [TEST_STEP][PASSED] - if (typeOfData == "Факт в процентах" || typeOfData == "План в процентах"): null

15-11-2024T09:22:05 - [TEST_STEP][PASSED] - else: null

15-11-2024T09:22:05 - [TEST_STEP][PASSED] - setValueToCellByIndex(sheet01, n, 3, fileInt): null

15-11-2024T09:22:05 - [TEST_STEP][PASSED] - setValueToCellByIndex(sheet01, n, 4, pageInt): null

15-11-2024T09:22:05 - [TEST_STEP][PASSED] - setValueToCellByIndex(sheet01, n, 5, m): null

15-11-2024T09:22:05 - [TEST_STEP][PASSED] - setValueToCellByIndex(sheet01, n, 6, y): null

15-11-2024T09:22:05 - [TEST_STEP][PASSED] - setValueToCellByIndex(sheet01, n, 7, todaysDate): null

15-11-2024T09:22:05 - [TEST_STEP][PASSED] - n = n + 1: null

15-11-2024T09:22:05 - [TEST_STEP][PASSED] - saveWorkbook(excelFilePath, workbook01): null

15-11-2024T09:22:06 - [TEST_STEP][PASSED] - compare = pagePoteri: null

15-11-2024T09:22:06 - [TEST_STEP][PASSED] - if (compare == filePoteri): null

15-11-2024T09:22:06 - [TEST_STEP][PASSED] - else if (compare > filePoteri): null

15-11-2024T09:22:06 - [TEST_STEP][PASSED] - else if (compare < filePoteri): null

15-11-2024T09:22:06 - [TEST_STEP][PASSED] - compare = compare + 1: null

15-11-2024T09:22:06 - [TEST_STEP][PASSED] - if (compare == filePoteri): null

15-11-2024T09:22:06 - [TEST_STEP][PASSED] - else: null

15-11-2024T09:22:06 - [TEST_STEP][PASSED] - numberOfErrors = numberOfErrors + 1: null

15-11-2024T09:22:06 - [TEST_STEP][PASSED] - pageInt = pagePoteri: null

15-11-2024T09:22:06 - [TEST_STEP][PASSED] - fileInt = filePoteri: null

15-11-2024T09:22:06 - [TEST_STEP][PASSED] - typeOfData = typeOfDataMain + " Потери": null

15-11-2024T09:22:06 - [TEST_STEP][PASSED] - Script1718980020443.WriteToExcel(a, typeOfData, todaysDate, pageInt, fileInt, pageDouble, fileDouble, dZO): null

15-11-2024T09:22:06 - [TEST_STEP][PASSED] - sheetName = "Sheet1": null

15-11-2024T09:22:06 - [TEST_STEP][PASSED] - data = findTestData("PlanFact"): null

15-11-2024T09:22:06 - [TEST_STEP][PASSED] - n = data.getRowNumbers() + 1: null

15-11-2024T09:22:06 - [TEST_STEP][PASSED] - year = todaysDate.substring(todaysDate.length() - 4, todaysDate.length()): null

15-11-2024T09:22:06 - [TEST_STEP][PASSED] - y = year.toInteger(): null

15-11-2024T09:22:06 - [TEST_STEP][PASSED] - m = getText(findTestObject("Выполнение бизнес-плана/Период")): Text of object 'Object Repository/Выполнение бизнес-плана/Период' is: '1, 2, 3 кв. 2024 года'

15-11-2024T09:22:06 - [MESSAGE][PASSED] - Text of object 'Object Repository/Выполнение бизнес-плана/Период' is: '1, 2, 3 кв. 2024 года'

15-11-2024T09:22:06 - [TEST_STEP][PASSED] - m = m.substring(0, m.indexOf("2024")): null

15-11-2024T09:22:06 - [TEST_STEP][PASSED] - m = m.trim(): null

15-11-2024T09:22:06 - [TEST_STEP][PASSED] - dashboardName = "Выполнение бизнес-плана": null

15-11-2024T09:22:06 - [TEST_STEP][PASSED] - workbook01 = getWorkbook(excelFilePath): null

15-11-2024T09:22:06 - [TEST_STEP][PASSED] - sheet01 = getExcelSheet(workbook01, sheetName): null

15-11-2024T09:22:06 - [TEST_STEP][PASSED] - setValueToCellByIndex(sheet01, n, 0, dashboardName): null

15-11-2024T09:22:06 - [TEST_STEP][PASSED] - setValueToCellByIndex(sheet01, n, 1, dZO): null

15-11-2024T09:22:06 - [TEST_STEP][PASSED] - setValueToCellByIndex(sheet01, n, 2, typeOfData): null

15-11-2024T09:22:06 - [TEST_STEP][PASSED] - if (typeOfData == "Факт в процентах" || typeOfData == "План в процентах"): null

15-11-2024T09:22:06 - [TEST_STEP][PASSED] - else: null

15-11-2024T09:22:06 - [TEST_STEP][PASSED] - setValueToCellByIndex(sheet01, n, 3, fileInt): null

15-11-2024T09:22:06 - [TEST_STEP][PASSED] - setValueToCellByIndex(sheet01, n, 4, pageInt): null

15-11-2024T09:22:06 - [TEST_STEP][PASSED] - setValueToCellByIndex(sheet01, n, 5, m): null

15-11-2024T09:22:06 - [TEST_STEP][PASSED] - setValueToCellByIndex(sheet01, n, 6, y): null

15-11-2024T09:22:06 - [TEST_STEP][PASSED] - setValueToCellByIndex(sheet01, n, 7, todaysDate): null

15-11-2024T09:22:06 - [TEST_STEP][PASSED] - n = n + 1: null

15-11-2024T09:22:06 - [TEST_STEP][PASSED] - saveWorkbook(excelFilePath, workbook01): Object: 'Object Repository/Выполнение бизнес-плана/Кнопка Факт' is clicked on

15-11-2024T09:22:06 - [TEST_STEP][PASSED] - if (planFact == 2): Object: 'Object Repository/Выполнение бизнес-плана/Кнопка Факт' is clicked on

15-11-2024T09:22:06 - [TEST_STEP][PASSED] - click(findTestObject("Выполнение бизнес-плана/Кнопка Факт")): Object: 'Object Repository/Выполнение бизнес-плана/Кнопка Факт' is clicked on

15-11-2024T09:22:07 - [MESSAGE][PASSED] - Object: 'Object Repository/Выполнение бизнес-плана/Кнопка Факт' is clicked on

15-11-2024T09:22:07 - [TEST_STEP][PASSED] - if (a == 84 || a == 82): null

15-11-2024T09:22:07 - [TEST_STEP][PASSED] - else if (a == 52 || a == 72 || a == 28 || a == 73 || a == 77 || a == 74 || a == 65 || a == 36 || a == 44 || a == 53 || a == 80 || a == 54 || a == 1 || a == 18 || a == 59 || a == 81): null

15-11-2024T09:22:07 - [TEST_STEP][PASSED] - else: null

15-11-2024T09:22:07 - [TEST_STEP][PASSED] - page1 = getText(findTestObject("Object Repository/Выполнение бизнес-плана/spanPlan" + filialNum)): Text of object 'Object Repository/Выполнение бизнес-плана/spanPlan1' is: '39.74
|'

15-11-2024T09:22:07 - [MESSAGE][PASSED] - Text of object 'Object Repository/Выполнение бизнес-плана/spanPlan1' is: '39.74
|'

15-11-2024T09:22:07 - [TEST_STEP][PASSED] - page1 = page1.replace("|", ""): null

15-11-2024T09:22:07 - [TEST_STEP][PASSED] - page2 = getText(findTestObject("Object Repository/Выполнение бизнес-плана/spanFact" + filialNum)): Text of object 'Object Repository/Выполнение бизнес-плана/spanFact1' is: '47.79
|'

15-11-2024T09:22:07 - [MESSAGE][PASSED] - Text of object 'Object Repository/Выполнение бизнес-плана/spanFact1' is: '47.79
|'

15-11-2024T09:22:07 - [TEST_STEP][PASSED] - page2 = page2.replace("|", ""): null

15-11-2024T09:22:07 - [TEST_STEP][PASSED] - println("page1: " + page1): null

15-11-2024T09:22:07 - [TEST_STEP][PASSED] - println("page2: " + page2): null

15-11-2024T09:22:07 - [TEST_STEP][PASSED] - file = findTestData("PlanFact").getValue(4, a): null

15-11-2024T09:22:07 - [TEST_STEP][PASSED] - file = file.replace(",", "."): null

15-11-2024T09:22:07 - [TEST_STEP][PASSED] - println("file Plan: " + file): null

15-11-2024T09:22:07 - [TEST_STEP][PASSED] - typeOfData = "План в процентах": null

15-11-2024T09:22:07 - [TEST_STEP][PASSED] - fileDouble = file.toDouble(): null

15-11-2024T09:22:07 - [TEST_STEP][PASSED] - pageDouble = page1.toDouble(): null

15-11-2024T09:22:07 - [TEST_STEP][PASSED] - if (fileDouble != pageDouble): null

15-11-2024T09:22:07 - [TEST_STEP][PASSED] - numberOfErrors = numberOfErrors + 1: null

15-11-2024T09:22:07 - [TEST_STEP][PASSED] - Script1718980020443.WriteToExcel(a, typeOfData, todaysDate, pageInt, fileInt, pageDouble, fileDouble, dZO): null

15-11-2024T09:22:07 - [TEST_STEP][PASSED] - sheetName = "Sheet1": null

15-11-2024T09:22:07 - [TEST_STEP][PASSED] - data = findTestData("PlanFact"): null

15-11-2024T09:22:07 - [TEST_STEP][PASSED] - n = data.getRowNumbers() + 1: null

15-11-2024T09:22:07 - [TEST_STEP][PASSED] - year = todaysDate.substring(todaysDate.length() - 4, todaysDate.length()): null

15-11-2024T09:22:07 - [TEST_STEP][PASSED] - y = year.toInteger(): null

15-11-2024T09:22:07 - [TEST_STEP][PASSED] - m = getText(findTestObject("Выполнение бизнес-плана/Период")): Text of object 'Object Repository/Выполнение бизнес-плана/Период' is: '1, 2, 3 кв. 2024 года'

15-11-2024T09:22:08 - [MESSAGE][PASSED] - Text of object 'Object Repository/Выполнение бизнес-плана/Период' is: '1, 2, 3 кв. 2024 года'

15-11-2024T09:22:08 - [TEST_STEP][PASSED] - m = m.substring(0, m.indexOf("2024")): null

15-11-2024T09:22:08 - [TEST_STEP][PASSED] - m = m.trim(): null

15-11-2024T09:22:08 - [TEST_STEP][PASSED] - dashboardName = "Выполнение бизнес-плана": null

15-11-2024T09:22:08 - [TEST_STEP][PASSED] - workbook01 = getWorkbook(excelFilePath): null

15-11-2024T09:22:08 - [TEST_STEP][PASSED] - sheet01 = getExcelSheet(workbook01, sheetName): null

15-11-2024T09:22:08 - [TEST_STEP][PASSED] - setValueToCellByIndex(sheet01, n, 0, dashboardName): null

15-11-2024T09:22:08 - [TEST_STEP][PASSED] - setValueToCellByIndex(sheet01, n, 1, dZO): null

15-11-2024T09:22:08 - [TEST_STEP][PASSED] - setValueToCellByIndex(sheet01, n, 2, typeOfData): null

15-11-2024T09:22:08 - [TEST_STEP][PASSED] - if (typeOfData == "Факт в процентах" || typeOfData == "План в процентах"): null

15-11-2024T09:22:08 - [TEST_STEP][PASSED] - setValueToCellByIndex(sheet01, n, 3, fileDouble): null

15-11-2024T09:22:08 - [TEST_STEP][PASSED] - setValueToCellByIndex(sheet01, n, 4, pageDouble): null

15-11-2024T09:22:08 - [TEST_STEP][PASSED] - setValueToCellByIndex(sheet01, n, 5, m): null

15-11-2024T09:22:08 - [TEST_STEP][PASSED] - setValueToCellByIndex(sheet01, n, 6, y): null

15-11-2024T09:22:08 - [TEST_STEP][PASSED] - setValueToCellByIndex(sheet01, n, 7, todaysDate): null

15-11-2024T09:22:08 - [TEST_STEP][PASSED] - n = n + 1: null

15-11-2024T09:22:08 - [TEST_STEP][PASSED] - saveWorkbook(excelFilePath, workbook01): null

15-11-2024T09:22:08 - [TEST_STEP][PASSED] - file = findTestData("PlanFact").getValue(7, a): null

15-11-2024T09:22:08 - [TEST_STEP][PASSED] - file = file.replace(",", "."): null

15-11-2024T09:22:08 - [TEST_STEP][PASSED] - println("file Fact: " + file): null

15-11-2024T09:22:08 - [TEST_STEP][PASSED] - fileDouble = file.toDouble(): null

15-11-2024T09:22:08 - [TEST_STEP][PASSED] - typeOfData = "Факт в процентах": null

15-11-2024T09:22:08 - [TEST_STEP][PASSED] - fileDouble = file.toDouble(): null

15-11-2024T09:22:08 - [TEST_STEP][PASSED] - pageDouble = page2.toDouble(): null

15-11-2024T09:22:08 - [TEST_STEP][PASSED] - if (fileDouble != pageDouble): null

15-11-2024T09:22:08 - [TEST_STEP][PASSED] - numberOfErrors = numberOfErrors + 1: null

15-11-2024T09:22:08 - [TEST_STEP][PASSED] - Script1718980020443.WriteToExcel(a, typeOfData, todaysDate, pageInt, fileInt, pageDouble, fileDouble, dZO): null

15-11-2024T09:22:08 - [TEST_STEP][PASSED] - sheetName = "Sheet1": null

15-11-2024T09:22:08 - [TEST_STEP][PASSED] - data = findTestData("PlanFact"): null

15-11-2024T09:22:08 - [TEST_STEP][PASSED] - n = data.getRowNumbers() + 1: null

15-11-2024T09:22:08 - [TEST_STEP][PASSED] - year = todaysDate.substring(todaysDate.length() - 4, todaysDate.length()): null

15-11-2024T09:22:08 - [TEST_STEP][PASSED] - y = year.toInteger(): null

15-11-2024T09:22:08 - [TEST_STEP][PASSED] - m = getText(findTestObject("Выполнение бизнес-плана/Период")): Text of object 'Object Repository/Выполнение бизнес-плана/Период' is: '1, 2, 3 кв. 2024 года'

15-11-2024T09:22:09 - [MESSAGE][PASSED] - Text of object 'Object Repository/Выполнение бизнес-плана/Период' is: '1, 2, 3 кв. 2024 года'

15-11-2024T09:22:09 - [TEST_STEP][PASSED] - m = m.substring(0, m.indexOf("2024")): null

15-11-2024T09:22:09 - [TEST_STEP][PASSED] - m = m.trim(): null

15-11-2024T09:22:09 - [TEST_STEP][PASSED] - dashboardName = "Выполнение бизнес-плана": null

15-11-2024T09:22:09 - [TEST_STEP][PASSED] - workbook01 = getWorkbook(excelFilePath): null

15-11-2024T09:22:09 - [TEST_STEP][PASSED] - sheet01 = getExcelSheet(workbook01, sheetName): null

15-11-2024T09:22:09 - [TEST_STEP][PASSED] - setValueToCellByIndex(sheet01, n, 0, dashboardName): null

15-11-2024T09:22:09 - [TEST_STEP][PASSED] - setValueToCellByIndex(sheet01, n, 1, dZO): null

15-11-2024T09:22:09 - [TEST_STEP][PASSED] - setValueToCellByIndex(sheet01, n, 2, typeOfData): null

15-11-2024T09:22:09 - [TEST_STEP][PASSED] - if (typeOfData == "Факт в процентах" || typeOfData == "План в процентах"): null

15-11-2024T09:22:09 - [TEST_STEP][PASSED] - setValueToCellByIndex(sheet01, n, 3, fileDouble): null

15-11-2024T09:22:09 - [TEST_STEP][PASSED] - setValueToCellByIndex(sheet01, n, 4, pageDouble): null

15-11-2024T09:22:09 - [TEST_STEP][PASSED] - setValueToCellByIndex(sheet01, n, 5, m): null

15-11-2024T09:22:09 - [TEST_STEP][PASSED] - setValueToCellByIndex(sheet01, n, 6, y): null

15-11-2024T09:22:09 - [TEST_STEP][PASSED] - setValueToCellByIndex(sheet01, n, 7, todaysDate): null

15-11-2024T09:22:09 - [TEST_STEP][PASSED] - n = n + 1: null

15-11-2024T09:22:09 - [TEST_STEP][PASSED] - saveWorkbook(excelFilePath, workbook01): null

15-11-2024T09:22:09 - [TEST_STEP][FAILED] - if (verifyEqual(numberOfErrors, 0) == false): null

15-11-2024T09:22:09 - [MESSAGE][FAILED] - Unable to verify equal between actual object '6' and expected object '0' (Root cause: com.kms.katalon.core.exception.StepFailedException: Actual object '6' and expected object '0' are not equal
	at com.kms.katalon.core.keyword.builtin.VerifyEqualKeyword$_verifyEqual_closure1.doCall(VerifyEqualKeyword.groovy:58)
	at com.kms.katalon.core.keyword.builtin.VerifyEqualKeyword$_verifyEqual_closure1.call(VerifyEqualKeyword.groovy)
	at com.kms.katalon.core.keyword.internal.KeywordMain.runKeyword(KeywordMain.groovy:75)
	at com.kms.katalon.core.keyword.builtin.VerifyEqualKeyword.verifyEqual(VerifyEqualKeyword.groovy:63)
	at com.kms.katalon.core.keyword.builtin.VerifyEqualKeyword.execute(VerifyEqualKeyword.groovy:44)
	at com.kms.katalon.core.keyword.internal.KeywordExecutor.executeKeywordForPlatform(KeywordExecutor.groovy:74)
	at com.kms.katalon.core.keyword.BuiltinKeywords.verifyEqual(BuiltinKeywords.groovy:146)
	at java.base/jdk.internal.reflect.NativeMethodAccessorImpl.invoke0(Native Method)
	at java.base/jdk.internal.reflect.NativeMethodAccessorImpl.invoke(NativeMethodAccessorImpl.java:77)
	at java.base/jdk.internal.reflect.DelegatingMethodAccessorImpl.invoke(DelegatingMethodAccessorImpl.java:43)
	at Выполнение бизнес-плана Сверка ПАО Россети все филиалы.Numbers(Выполнение бизнес-плана Сверка ПАО Россети все филиалы:740)
	at Выполнение бизнес-плана Сверка ПАО Россети все филиалы.Filials(Выполнение бизнес-плана Сверка ПАО Россети все филиалы:1075)
	at Выполнение бизнес-плана Сверка ПАО Россети все филиалы.Numbers(Выполнение бизнес-плана Сверка ПАО Россети все филиалы:745)
	at Выполнение бизнес-плана Сверка ПАО Россети все филиалы.run(Выполнение бизнес-плана Сверка ПАО Россети все филиалы:304)
	at com.kms.katalon.core.main.ScriptEngine.run(ScriptEngine.java:194)
	at com.kms.katalon.core.main.ScriptEngine.runScriptAsRawText(ScriptEngine.java:119)
	at com.kms.katalon.core.main.TestCaseExecutor.runScript(TestCaseExecutor.java:448)
	at com.kms.katalon.core.main.TestCaseExecutor.doExecute(TestCaseExecutor.java:439)
	at com.kms.katalon.core.main.TestCaseExecutor.processExecutionPhase(TestCaseExecutor.java:418)
	at com.kms.katalon.core.main.TestCaseExecutor.accessMainPhase(TestCaseExecutor.java:410)
	at com.kms.katalon.core.main.TestCaseExecutor.execute(TestCaseExecutor.java:285)
	at com.kms.katalon.core.common.CommonExecutor.accessTestCaseMainPhase(CommonExecutor.java:65)
	at com.kms.katalon.core.main.TestSuiteExecutor.accessTestSuiteMainPhase(TestSuiteExecutor.java:150)
	at com.kms.katalon.core.main.TestSuiteExecutor.execute(TestSuiteExecutor.java:106)
	at com.kms.katalon.core.main.TestCaseMain.startTestSuite(TestCaseMain.java:180)
	at TempTestSuite1731647997681.run(TempTestSuite1731647997681.groovy:35)
	at java.base/jdk.internal.reflect.NativeMethodAccessorImpl.invoke0(Native Method)
	at java.base/jdk.internal.reflect.NativeMethodAccessorImpl.invoke(NativeMethodAccessorImpl.java:77)
	at java.base/jdk.internal.reflect.DelegatingMethodAccessorImpl.invoke(DelegatingMethodAccessorImpl.java:43)
)

15-11-2024T09:22:09 - [TEST_STEP][PASSED] - println(numberOfErrors): null

15-11-2024T09:22:09 - [TEST_STEP][PASSED] - if (a == 28 || a == 77 || a == 74 || a == 65 || a == 36 || a == 44 || a == 54 || a == 1 || a == 18 || a == 59): null

15-11-2024T09:22:09 - [TEST_STEP][PASSED] - if (a == 82): null

15-11-2024T09:22:09 - [TEST_STEP][PASSED] - dZO = "Ингушэнерго": null

15-11-2024T09:22:09 - [TEST_STEP][PASSED] - a = 70: null

15-11-2024T09:22:09 - [TEST_STEP][PASSED] - if (x2.contains(dZO)): null

15-11-2024T09:22:09 - [TEST_STEP][PASSED] - filialNum = filialNum + 1: null

15-11-2024T09:22:09 - [TEST_STEP][PASSED] - Script1718980020443.Numbers(a, typeOfData, todaysDate, pageInt, fileInt, pageDouble, fileDouble, dZO, dzoNum, filialNum): null

15-11-2024T09:22:09 - [TEST_STEP][PASSED] - println(dzoNum): null

15-11-2024T09:22:09 - [TEST_STEP][PASSED] - planFact = <not implemented yet for class: org.codehaus.groovy.ast.expr.EmptyExpression>: null

15-11-2024T09:22:09 - [TEST_STEP][PASSED] - page = <not implemented yet for class: org.codehaus.groovy.ast.expr.EmptyExpression>: null

15-11-2024T09:22:09 - [TEST_STEP][PASSED] - page1 = <not implemented yet for class: org.codehaus.groovy.ast.expr.EmptyExpression>: null

15-11-2024T09:22:09 - [TEST_STEP][PASSED] - page2 = <not implemented yet for class: org.codehaus.groovy.ast.expr.EmptyExpression>: null

15-11-2024T09:22:09 - [TEST_STEP][PASSED] - filialNumberInRow = <not implemented yet for class: org.codehaus.groovy.ast.expr.EmptyExpression>: null

15-11-2024T09:22:09 - [TEST_STEP][PASSED] - filialsDzoNames = <not implemented yet for class: org.codehaus.groovy.ast.expr.EmptyExpression>: null

15-11-2024T09:22:09 - [TEST_STEP][PASSED] - numberOfFilials = <not implemented yet for class: org.codehaus.groovy.ast.expr.EmptyExpression>: null

15-11-2024T09:22:09 - [TEST_STEP][PASSED] - numberOfSpaces = <not implemented yet for class: org.codehaus.groovy.ast.expr.EmptyExpression>: null

15-11-2024T09:22:09 - [TEST_STEP][PASSED] - file = <not implemented yet for class: org.codehaus.groovy.ast.expr.EmptyExpression>: null

15-11-2024T09:22:09 - [TEST_STEP][PASSED] - otpusk = <not implemented yet for class: org.codehaus.groovy.ast.expr.EmptyExpression>: null

15-11-2024T09:22:09 - [TEST_STEP][PASSED] - poteri = <not implemented yet for class: org.codehaus.groovy.ast.expr.EmptyExpression>: null

15-11-2024T09:22:09 - [TEST_STEP][PASSED] - dataFolder = "Выполнение бизнес-плана/Значения со страницы Выполнение бизнес-плана/": null

15-11-2024T09:22:09 - [TEST_STEP][PASSED] - path = <not implemented yet for class: org.codehaus.groovy.ast.expr.EmptyExpression>: null

15-11-2024T09:22:09 - [TEST_STEP][PASSED] - typeOfDataMain = <not implemented yet for class: org.codehaus.groovy.ast.expr.EmptyExpression>: null

15-11-2024T09:22:09 - [TEST_STEP][PASSED] - fileOtpuskVSet = <not implemented yet for class: org.codehaus.groovy.ast.expr.EmptyExpression>: null

15-11-2024T09:22:09 - [TEST_STEP][PASSED] - pageOtpuskVSet = <not implemented yet for class: org.codehaus.groovy.ast.expr.EmptyExpression>: null

15-11-2024T09:22:09 - [TEST_STEP][PASSED] - filePoteri = <not implemented yet for class: org.codehaus.groovy.ast.expr.EmptyExpression>: null

15-11-2024T09:22:09 - [TEST_STEP][PASSED] - pagePoteri = <not implemented yet for class: org.codehaus.groovy.ast.expr.EmptyExpression>: null

15-11-2024T09:22:09 - [TEST_STEP][PASSED] - compare = <not implemented yet for class: org.codehaus.groovy.ast.expr.EmptyExpression>: null

15-11-2024T09:22:09 - [TEST_STEP][PASSED] - b = <not implemented yet for class: org.codehaus.groovy.ast.expr.EmptyExpression>: null

15-11-2024T09:22:09 - [TEST_STEP][PASSED] - i = <not implemented yet for class: org.codehaus.groovy.ast.expr.EmptyExpression>: null

15-11-2024T09:22:09 - [TEST_STEP][PASSED] - ii = <not implemented yet for class: org.codehaus.groovy.ast.expr.EmptyExpression>: null

15-11-2024T09:22:09 - [TEST_STEP][PASSED] - c = <not implemented yet for class: org.codehaus.groovy.ast.expr.EmptyExpression>: null

15-11-2024T09:22:09 - [TEST_STEP][PASSED] - numberOfErrors = 0: null

15-11-2024T09:22:09 - [TEST_STEP][PASSED] - if (a == 82): null

15-11-2024T09:22:09 - [TEST_STEP][PASSED] - b = findTestData("PlanFact").getValue(1, a): null

15-11-2024T09:22:09 - [TEST_STEP][PASSED] - i = b.indexOf(" (ГК)"): null

15-11-2024T09:22:09 - [TEST_STEP][PASSED] - if (i > -1): null

15-11-2024T09:22:09 - [TEST_STEP][PASSED] - i = b.indexOf("О ""): null

15-11-2024T09:22:09 - [TEST_STEP][PASSED] - if (i > -1): null

15-11-2024T09:22:09 - [TEST_STEP][PASSED] - i = b.indexOf("О «"): null

15-11-2024T09:22:09 - [TEST_STEP][PASSED] - if (i > -1): null

15-11-2024T09:22:09 - [TEST_STEP][PASSED] - i = b.indexOf("г. "): null

15-11-2024T09:22:09 - [TEST_STEP][PASSED] - if (i > -1): null

15-11-2024T09:22:09 - [TEST_STEP][PASSED] - println(b): null

15-11-2024T09:22:09 - [TEST_STEP][PASSED] - for ([planFact = 1, planFact < 3, (planFact++)]): null

15-11-2024T09:22:09 - [TEST_STEP][PASSED] - if (planFact == 1): null

15-11-2024T09:22:09 - [TEST_STEP][PASSED] - typeOfDataMain = "Факт": null

15-11-2024T09:22:09 - [TEST_STEP][PASSED] - otpusk = findTestData("PlanFact").getValue(5, a): null

15-11-2024T09:22:09 - [TEST_STEP][PASSED] - poteri = findTestData("PlanFact").getValue(6, a): null

15-11-2024T09:22:09 - [TEST_STEP][PASSED] - otpusk = otpusk.replaceAll("\s+", ""): null

15-11-2024T09:22:09 - [TEST_STEP][PASSED] - poteri = poteri.replaceAll("\s+", ""): null

15-11-2024T09:22:09 - [TEST_STEP][PASSED] - typeOfData = typeOfDataMain + " Отпуск в сеть": null

15-11-2024T09:22:09 - [TEST_STEP][PASSED] - if (a == 82): null

15-11-2024T09:22:09 - [TEST_STEP][PASSED] - else if (a == 84): null

15-11-2024T09:22:09 - [TEST_STEP][PASSED] - else if (a == 52 || a == 72 || a == 28 || a == 73 || a == 77 || a == 74 || a == 65 || a == 36 || a == 44 || a == 53 || a == 80 || a == 54 || a == 1 || a == 18 || a == 59 || a == 81): null

15-11-2024T09:22:09 - [TEST_STEP][PASSED] - else: null

15-11-2024T09:22:09 - [TEST_STEP][PASSED] - path = dataFolder + typeOfData + " за отчётный период " + b: null

15-11-2024T09:22:09 - [TEST_STEP][PASSED] - println(path): null

15-11-2024T09:22:09 - [TEST_STEP][PASSED] - page = getText(findTestObject(path)): Text of object 'Object Repository/Выполнение бизнес-плана/Значения со страницы Выполнение бизнес-плана/Факт Отпуск в сеть за отчётный период Ингушэнерго' is: '810 515'

15-11-2024T09:22:09 - [MESSAGE][PASSED] - Text of object 'Object Repository/Выполнение бизнес-плана/Значения со страницы Выполнение бизнес-плана/Факт Отпуск в сеть за отчётный период Ингушэнерго' is: '810 515'

15-11-2024T09:22:09 - [TEST_STEP][PASSED] - page = page.replaceAll("\s+", ""): null

15-11-2024T09:22:09 - [TEST_STEP][PASSED] - fileOtpuskVSet = otpusk.toInteger(): null

15-11-2024T09:22:09 - [TEST_STEP][PASSED] - pageOtpuskVSet = page.toInteger(): null

15-11-2024T09:22:09 - [TEST_STEP][PASSED] - typeOfData = typeOfDataMain + " Потери": null

15-11-2024T09:22:09 - [TEST_STEP][PASSED] - if (a == 82): null

15-11-2024T09:22:09 - [TEST_STEP][PASSED] - else if (a == 84): null

15-11-2024T09:22:09 - [TEST_STEP][PASSED] - else if (a == 52 || a == 72 || a == 28 || a == 73 || a == 77 || a == 74 || a == 65 || a == 36 || a == 44 || a == 53 || a == 80 || a == 54 || a == 1 || a == 18 || a == 59 || a == 81): null

15-11-2024T09:22:09 - [TEST_STEP][PASSED] - else: null

15-11-2024T09:22:09 - [TEST_STEP][PASSED] - path = dataFolder + typeOfData + " за отчётный период " + b: null

15-11-2024T09:22:09 - [TEST_STEP][PASSED] - page = getText(findTestObject(path)): Text of object 'Object Repository/Выполнение бизнес-плана/Значения со страницы Выполнение бизнес-плана/Факт Потери за отчётный период Ингушэнерго' is: '458 410'

15-11-2024T09:22:10 - [MESSAGE][PASSED] - Text of object 'Object Repository/Выполнение бизнес-плана/Значения со страницы Выполнение бизнес-плана/Факт Потери за отчётный период Ингушэнерго' is: '458 410'

15-11-2024T09:22:10 - [TEST_STEP][PASSED] - page = page.replaceAll("\s+", ""): null

15-11-2024T09:22:10 - [TEST_STEP][PASSED] - filePoteri = poteri.toInteger(): null

15-11-2024T09:22:10 - [TEST_STEP][PASSED] - pagePoteri = page.toInteger(): null

15-11-2024T09:22:10 - [TEST_STEP][PASSED] - compare = pageOtpuskVSet: null

15-11-2024T09:22:10 - [TEST_STEP][PASSED] - if (compare == fileOtpuskVSet): null

15-11-2024T09:22:10 - [TEST_STEP][PASSED] - else if (compare > fileOtpuskVSet): null

15-11-2024T09:22:10 - [TEST_STEP][PASSED] - compare = compare - 1: null

15-11-2024T09:22:10 - [TEST_STEP][PASSED] - if (compare == fileOtpuskVSet): null

15-11-2024T09:22:10 - [TEST_STEP][PASSED] - else: null

15-11-2024T09:22:10 - [TEST_STEP][PASSED] - numberOfErrors = numberOfErrors + 1: null

15-11-2024T09:22:10 - [TEST_STEP][PASSED] - pageInt = pageOtpuskVSet: null

15-11-2024T09:22:10 - [TEST_STEP][PASSED] - fileInt = fileOtpuskVSet: null

15-11-2024T09:22:10 - [TEST_STEP][PASSED] - typeOfData = typeOfDataMain + " Отпуск в сеть": null

15-11-2024T09:22:10 - [TEST_STEP][PASSED] - Script1718980020443.WriteToExcel(a, typeOfData, todaysDate, pageInt, fileInt, pageDouble, fileDouble, dZO): null

15-11-2024T09:22:10 - [TEST_STEP][PASSED] - sheetName = "Sheet1": null

15-11-2024T09:22:10 - [TEST_STEP][PASSED] - data = findTestData("PlanFact"): null

15-11-2024T09:22:10 - [TEST_STEP][PASSED] - n = data.getRowNumbers() + 1: null

15-11-2024T09:22:10 - [TEST_STEP][PASSED] - year = todaysDate.substring(todaysDate.length() - 4, todaysDate.length()): null

15-11-2024T09:22:10 - [TEST_STEP][PASSED] - y = year.toInteger(): null

15-11-2024T09:22:10 - [TEST_STEP][PASSED] - m = getText(findTestObject("Выполнение бизнес-плана/Период")): Text of object 'Object Repository/Выполнение бизнес-плана/Период' is: '1, 2, 3 кв. 2024 года'

15-11-2024T09:22:10 - [MESSAGE][PASSED] - Text of object 'Object Repository/Выполнение бизнес-плана/Период' is: '1, 2, 3 кв. 2024 года'

15-11-2024T09:22:10 - [TEST_STEP][PASSED] - m = m.substring(0, m.indexOf("2024")): null

15-11-2024T09:22:10 - [TEST_STEP][PASSED] - m = m.trim(): null

15-11-2024T09:22:10 - [TEST_STEP][PASSED] - dashboardName = "Выполнение бизнес-плана": null

15-11-2024T09:22:10 - [TEST_STEP][PASSED] - workbook01 = getWorkbook(excelFilePath): null

15-11-2024T09:22:10 - [TEST_STEP][PASSED] - sheet01 = getExcelSheet(workbook01, sheetName): null

15-11-2024T09:22:10 - [TEST_STEP][PASSED] - setValueToCellByIndex(sheet01, n, 0, dashboardName): null

15-11-2024T09:22:10 - [TEST_STEP][PASSED] - setValueToCellByIndex(sheet01, n, 1, dZO): null

15-11-2024T09:22:10 - [TEST_STEP][PASSED] - setValueToCellByIndex(sheet01, n, 2, typeOfData): null

15-11-2024T09:22:10 - [TEST_STEP][PASSED] - if (typeOfData == "Факт в процентах" || typeOfData == "План в процентах"): null

15-11-2024T09:22:10 - [TEST_STEP][PASSED] - else: null

15-11-2024T09:22:10 - [TEST_STEP][PASSED] - setValueToCellByIndex(sheet01, n, 3, fileInt): null

15-11-2024T09:22:10 - [TEST_STEP][PASSED] - setValueToCellByIndex(sheet01, n, 4, pageInt): null

15-11-2024T09:22:10 - [TEST_STEP][PASSED] - setValueToCellByIndex(sheet01, n, 5, m): null

15-11-2024T09:22:10 - [TEST_STEP][PASSED] - setValueToCellByIndex(sheet01, n, 6, y): null

15-11-2024T09:22:10 - [TEST_STEP][PASSED] - setValueToCellByIndex(sheet01, n, 7, todaysDate): null

15-11-2024T09:22:10 - [TEST_STEP][PASSED] - n = n + 1: null

15-11-2024T09:22:10 - [TEST_STEP][PASSED] - saveWorkbook(excelFilePath, workbook01): null

15-11-2024T09:22:11 - [TEST_STEP][PASSED] - compare = pagePoteri: null

15-11-2024T09:22:11 - [TEST_STEP][PASSED] - if (compare == filePoteri): null

15-11-2024T09:22:11 - [TEST_STEP][PASSED] - else if (compare > filePoteri): null

15-11-2024T09:22:11 - [TEST_STEP][PASSED] - compare = compare - 1: null

15-11-2024T09:22:11 - [TEST_STEP][PASSED] - if (compare == filePoteri): null

15-11-2024T09:22:11 - [TEST_STEP][PASSED] - else: null

15-11-2024T09:22:11 - [TEST_STEP][PASSED] - numberOfErrors = numberOfErrors + 1: null

15-11-2024T09:22:11 - [TEST_STEP][PASSED] - pageInt = pagePoteri: null

15-11-2024T09:22:11 - [TEST_STEP][PASSED] - fileInt = filePoteri: null

15-11-2024T09:22:11 - [TEST_STEP][PASSED] - typeOfData = typeOfDataMain + " Потери": null

15-11-2024T09:22:11 - [TEST_STEP][PASSED] - Script1718980020443.WriteToExcel(a, typeOfData, todaysDate, pageInt, fileInt, pageDouble, fileDouble, dZO): null

15-11-2024T09:22:11 - [TEST_STEP][PASSED] - sheetName = "Sheet1": null

15-11-2024T09:22:11 - [TEST_STEP][PASSED] - data = findTestData("PlanFact"): null

15-11-2024T09:22:11 - [TEST_STEP][PASSED] - n = data.getRowNumbers() + 1: null

15-11-2024T09:22:11 - [TEST_STEP][PASSED] - year = todaysDate.substring(todaysDate.length() - 4, todaysDate.length()): null

15-11-2024T09:22:11 - [TEST_STEP][PASSED] - y = year.toInteger(): null

15-11-2024T09:22:11 - [TEST_STEP][PASSED] - m = getText(findTestObject("Выполнение бизнес-плана/Период")): Text of object 'Object Repository/Выполнение бизнес-плана/Период' is: '1, 2, 3 кв. 2024 года'

15-11-2024T09:22:11 - [MESSAGE][PASSED] - Text of object 'Object Repository/Выполнение бизнес-плана/Период' is: '1, 2, 3 кв. 2024 года'

15-11-2024T09:22:11 - [TEST_STEP][PASSED] - m = m.substring(0, m.indexOf("2024")): null

15-11-2024T09:22:11 - [TEST_STEP][PASSED] - m = m.trim(): null

15-11-2024T09:22:11 - [TEST_STEP][PASSED] - dashboardName = "Выполнение бизнес-плана": null

15-11-2024T09:22:11 - [TEST_STEP][PASSED] - workbook01 = getWorkbook(excelFilePath): null

15-11-2024T09:22:11 - [TEST_STEP][PASSED] - sheet01 = getExcelSheet(workbook01, sheetName): null

15-11-2024T09:22:11 - [TEST_STEP][PASSED] - setValueToCellByIndex(sheet01, n, 0, dashboardName): null

15-11-2024T09:22:11 - [TEST_STEP][PASSED] - setValueToCellByIndex(sheet01, n, 1, dZO): null

15-11-2024T09:22:11 - [TEST_STEP][PASSED] - setValueToCellByIndex(sheet01, n, 2, typeOfData): null

15-11-2024T09:22:11 - [TEST_STEP][PASSED] - if (typeOfData == "Факт в процентах" || typeOfData == "План в процентах"): null

15-11-2024T09:22:11 - [TEST_STEP][PASSED] - else: null

15-11-2024T09:22:11 - [TEST_STEP][PASSED] - setValueToCellByIndex(sheet01, n, 3, fileInt): null

15-11-2024T09:22:11 - [TEST_STEP][PASSED] - setValueToCellByIndex(sheet01, n, 4, pageInt): null

15-11-2024T09:22:11 - [TEST_STEP][PASSED] - setValueToCellByIndex(sheet01, n, 5, m): null

15-11-2024T09:22:11 - [TEST_STEP][PASSED] - setValueToCellByIndex(sheet01, n, 6, y): null

15-11-2024T09:22:11 - [TEST_STEP][PASSED] - setValueToCellByIndex(sheet01, n, 7, todaysDate): null

15-11-2024T09:22:11 - [TEST_STEP][PASSED] - n = n + 1: null

15-11-2024T09:22:11 - [TEST_STEP][PASSED] - saveWorkbook(excelFilePath, workbook01): null

15-11-2024T09:22:11 - [TEST_STEP][PASSED] - if (planFact == 2): null

15-11-2024T09:22:11 - [TEST_STEP][PASSED] - if (planFact == 1): null

15-11-2024T09:22:11 - [TEST_STEP][PASSED] - else if (planFact == 2): null

15-11-2024T09:22:11 - [TEST_STEP][PASSED] - click(findTestObject("Выполнение бизнес-плана/Кнопка План")): Object: 'Object Repository/Выполнение бизнес-плана/Кнопка План' is clicked on

15-11-2024T09:22:12 - [MESSAGE][PASSED] - Object: 'Object Repository/Выполнение бизнес-плана/Кнопка План' is clicked on

15-11-2024T09:22:12 - [TEST_STEP][PASSED] - typeOfDataMain = "План": null

15-11-2024T09:22:12 - [TEST_STEP][PASSED] - otpusk = findTestData("PlanFact").getValue(2, a): null

15-11-2024T09:22:12 - [TEST_STEP][PASSED] - poteri = findTestData("PlanFact").getValue(3, a): null

15-11-2024T09:22:12 - [TEST_STEP][PASSED] - otpusk = otpusk.replaceAll("\s+", ""): null

15-11-2024T09:22:12 - [TEST_STEP][PASSED] - poteri = poteri.replaceAll("\s+", ""): null

15-11-2024T09:22:12 - [TEST_STEP][PASSED] - typeOfData = typeOfDataMain + " Отпуск в сеть": null

15-11-2024T09:22:12 - [TEST_STEP][PASSED] - if (a == 82): null

15-11-2024T09:22:12 - [TEST_STEP][PASSED] - else if (a == 84): null

15-11-2024T09:22:12 - [TEST_STEP][PASSED] - else if (a == 52 || a == 72 || a == 28 || a == 73 || a == 77 || a == 74 || a == 65 || a == 36 || a == 44 || a == 53 || a == 80 || a == 54 || a == 1 || a == 18 || a == 59 || a == 81): null

15-11-2024T09:22:12 - [TEST_STEP][PASSED] - else: null

15-11-2024T09:22:12 - [TEST_STEP][PASSED] - path = dataFolder + typeOfData + " за отчётный период " + b: null

15-11-2024T09:22:12 - [TEST_STEP][PASSED] - println(path): null

15-11-2024T09:22:12 - [TEST_STEP][PASSED] - page = getText(findTestObject(path)): Text of object 'Object Repository/Выполнение бизнес-плана/Значения со страницы Выполнение бизнес-плана/План Отпуск в сеть за отчётный период Ингушэнерго' is: '723 798'

15-11-2024T09:22:12 - [MESSAGE][PASSED] - Text of object 'Object Repository/Выполнение бизнес-плана/Значения со страницы Выполнение бизнес-плана/План Отпуск в сеть за отчётный период Ингушэнерго' is: '723 798'

15-11-2024T09:22:12 - [TEST_STEP][PASSED] - page = page.replaceAll("\s+", ""): null

15-11-2024T09:22:12 - [TEST_STEP][PASSED] - fileOtpuskVSet = otpusk.toInteger(): null

15-11-2024T09:22:12 - [TEST_STEP][PASSED] - pageOtpuskVSet = page.toInteger(): null

15-11-2024T09:22:12 - [TEST_STEP][PASSED] - typeOfData = typeOfDataMain + " Потери": null

15-11-2024T09:22:12 - [TEST_STEP][PASSED] - if (a == 82): null

15-11-2024T09:22:12 - [TEST_STEP][PASSED] - else if (a == 84): null

15-11-2024T09:22:12 - [TEST_STEP][PASSED] - else if (a == 52 || a == 72 || a == 28 || a == 73 || a == 77 || a == 74 || a == 65 || a == 36 || a == 44 || a == 53 || a == 80 || a == 54 || a == 1 || a == 18 || a == 59 || a == 81): null

15-11-2024T09:22:12 - [TEST_STEP][PASSED] - else: null

15-11-2024T09:22:12 - [TEST_STEP][PASSED] - path = dataFolder + typeOfData + " за отчётный период " + b: null

15-11-2024T09:22:12 - [TEST_STEP][PASSED] - page = getText(findTestObject(path)): Text of object 'Object Repository/Выполнение бизнес-плана/Значения со страницы Выполнение бизнес-плана/План Потери за отчётный период Ингушэнерго' is: '314 075'

15-11-2024T09:22:12 - [MESSAGE][PASSED] - Text of object 'Object Repository/Выполнение бизнес-плана/Значения со страницы Выполнение бизнес-плана/План Потери за отчётный период Ингушэнерго' is: '314 075'

15-11-2024T09:22:12 - [TEST_STEP][PASSED] - page = page.replaceAll("\s+", ""): null

15-11-2024T09:22:12 - [TEST_STEP][PASSED] - filePoteri = poteri.toInteger(): null

15-11-2024T09:22:12 - [TEST_STEP][PASSED] - pagePoteri = page.toInteger(): null

15-11-2024T09:22:12 - [TEST_STEP][PASSED] - compare = pageOtpuskVSet: null

15-11-2024T09:22:12 - [TEST_STEP][PASSED] - if (compare == fileOtpuskVSet): null

15-11-2024T09:22:12 - [TEST_STEP][PASSED] - else if (compare > fileOtpuskVSet): null

15-11-2024T09:22:12 - [TEST_STEP][PASSED] - else if (compare < fileOtpuskVSet): null

15-11-2024T09:22:12 - [TEST_STEP][PASSED] - compare = compare + 1: null

15-11-2024T09:22:12 - [TEST_STEP][PASSED] - if (compare == fileOtpuskVSet): null

15-11-2024T09:22:12 - [TEST_STEP][PASSED] - else: null

15-11-2024T09:22:12 - [TEST_STEP][PASSED] - numberOfErrors = numberOfErrors + 1: null

15-11-2024T09:22:12 - [TEST_STEP][PASSED] - pageInt = pageOtpuskVSet: null

15-11-2024T09:22:12 - [TEST_STEP][PASSED] - fileInt = fileOtpuskVSet: null

15-11-2024T09:22:12 - [TEST_STEP][PASSED] - typeOfData = typeOfDataMain + " Отпуск в сеть": null

15-11-2024T09:22:12 - [TEST_STEP][PASSED] - Script1718980020443.WriteToExcel(a, typeOfData, todaysDate, pageInt, fileInt, pageDouble, fileDouble, dZO): null

15-11-2024T09:22:12 - [TEST_STEP][PASSED] - sheetName = "Sheet1": null

15-11-2024T09:22:12 - [TEST_STEP][PASSED] - data = findTestData("PlanFact"): null

15-11-2024T09:22:12 - [TEST_STEP][PASSED] - n = data.getRowNumbers() + 1: null

15-11-2024T09:22:12 - [TEST_STEP][PASSED] - year = todaysDate.substring(todaysDate.length() - 4, todaysDate.length()): null

15-11-2024T09:22:12 - [TEST_STEP][PASSED] - y = year.toInteger(): null

15-11-2024T09:22:12 - [TEST_STEP][PASSED] - m = getText(findTestObject("Выполнение бизнес-плана/Период")): Text of object 'Object Repository/Выполнение бизнес-плана/Период' is: '1, 2, 3 кв. 2024 года'

15-11-2024T09:22:13 - [MESSAGE][PASSED] - Text of object 'Object Repository/Выполнение бизнес-плана/Период' is: '1, 2, 3 кв. 2024 года'

15-11-2024T09:22:13 - [TEST_STEP][PASSED] - m = m.substring(0, m.indexOf("2024")): null

15-11-2024T09:22:13 - [TEST_STEP][PASSED] - m = m.trim(): null

15-11-2024T09:22:13 - [TEST_STEP][PASSED] - dashboardName = "Выполнение бизнес-плана": null

15-11-2024T09:22:13 - [TEST_STEP][PASSED] - workbook01 = getWorkbook(excelFilePath): null

15-11-2024T09:22:13 - [TEST_STEP][PASSED] - sheet01 = getExcelSheet(workbook01, sheetName): null

15-11-2024T09:22:13 - [TEST_STEP][PASSED] - setValueToCellByIndex(sheet01, n, 0, dashboardName): null

15-11-2024T09:22:13 - [TEST_STEP][PASSED] - setValueToCellByIndex(sheet01, n, 1, dZO): null

15-11-2024T09:22:13 - [TEST_STEP][PASSED] - setValueToCellByIndex(sheet01, n, 2, typeOfData): null

15-11-2024T09:22:13 - [TEST_STEP][PASSED] - if (typeOfData == "Факт в процентах" || typeOfData == "План в процентах"): null

15-11-2024T09:22:13 - [TEST_STEP][PASSED] - else: null

15-11-2024T09:22:13 - [TEST_STEP][PASSED] - setValueToCellByIndex(sheet01, n, 3, fileInt): null

15-11-2024T09:22:13 - [TEST_STEP][PASSED] - setValueToCellByIndex(sheet01, n, 4, pageInt): null

15-11-2024T09:22:13 - [TEST_STEP][PASSED] - setValueToCellByIndex(sheet01, n, 5, m): null

15-11-2024T09:22:13 - [TEST_STEP][PASSED] - setValueToCellByIndex(sheet01, n, 6, y): null

15-11-2024T09:22:13 - [TEST_STEP][PASSED] - setValueToCellByIndex(sheet01, n, 7, todaysDate): null

15-11-2024T09:22:13 - [TEST_STEP][PASSED] - n = n + 1: null

15-11-2024T09:22:13 - [TEST_STEP][PASSED] - saveWorkbook(excelFilePath, workbook01): null

15-11-2024T09:22:13 - [TEST_STEP][PASSED] - compare = pagePoteri: null

15-11-2024T09:22:13 - [TEST_STEP][PASSED] - if (compare == filePoteri): null

15-11-2024T09:22:13 - [TEST_STEP][PASSED] - else if (compare > filePoteri): null

15-11-2024T09:22:13 - [TEST_STEP][PASSED] - else if (compare < filePoteri): null

15-11-2024T09:22:13 - [TEST_STEP][PASSED] - compare = compare + 1: null

15-11-2024T09:22:13 - [TEST_STEP][PASSED] - if (compare == filePoteri): null

15-11-2024T09:22:13 - [TEST_STEP][PASSED] - else: null

15-11-2024T09:22:13 - [TEST_STEP][PASSED] - numberOfErrors = numberOfErrors + 1: null

15-11-2024T09:22:13 - [TEST_STEP][PASSED] - pageInt = pagePoteri: null

15-11-2024T09:22:13 - [TEST_STEP][PASSED] - fileInt = filePoteri: null

15-11-2024T09:22:13 - [TEST_STEP][PASSED] - typeOfData = typeOfDataMain + " Потери": null

15-11-2024T09:22:13 - [TEST_STEP][PASSED] - Script1718980020443.WriteToExcel(a, typeOfData, todaysDate, pageInt, fileInt, pageDouble, fileDouble, dZO): null

15-11-2024T09:22:13 - [TEST_STEP][PASSED] - sheetName = "Sheet1": null

15-11-2024T09:22:13 - [TEST_STEP][PASSED] - data = findTestData("PlanFact"): null

15-11-2024T09:22:13 - [TEST_STEP][PASSED] - n = data.getRowNumbers() + 1: null

15-11-2024T09:22:13 - [TEST_STEP][PASSED] - year = todaysDate.substring(todaysDate.length() - 4, todaysDate.length()): null

15-11-2024T09:22:13 - [TEST_STEP][PASSED] - y = year.toInteger(): null

15-11-2024T09:22:13 - [TEST_STEP][PASSED] - m = getText(findTestObject("Выполнение бизнес-плана/Период")): Text of object 'Object Repository/Выполнение бизнес-плана/Период' is: '1, 2, 3 кв. 2024 года'

15-11-2024T09:22:14 - [MESSAGE][PASSED] - Text of object 'Object Repository/Выполнение бизнес-плана/Период' is: '1, 2, 3 кв. 2024 года'

15-11-2024T09:22:14 - [TEST_STEP][PASSED] - m = m.substring(0, m.indexOf("2024")): null

15-11-2024T09:22:14 - [TEST_STEP][PASSED] - m = m.trim(): null

15-11-2024T09:22:14 - [TEST_STEP][PASSED] - dashboardName = "Выполнение бизнес-плана": null

15-11-2024T09:22:14 - [TEST_STEP][PASSED] - workbook01 = getWorkbook(excelFilePath): null

15-11-2024T09:22:14 - [TEST_STEP][PASSED] - sheet01 = getExcelSheet(workbook01, sheetName): null

15-11-2024T09:22:14 - [TEST_STEP][PASSED] - setValueToCellByIndex(sheet01, n, 0, dashboardName): null

15-11-2024T09:22:14 - [TEST_STEP][PASSED] - setValueToCellByIndex(sheet01, n, 1, dZO): null

15-11-2024T09:22:14 - [TEST_STEP][PASSED] - setValueToCellByIndex(sheet01, n, 2, typeOfData): null

15-11-2024T09:22:14 - [TEST_STEP][PASSED] - if (typeOfData == "Факт в процентах" || typeOfData == "План в процентах"): null

15-11-2024T09:22:14 - [TEST_STEP][PASSED] - else: null

15-11-2024T09:22:14 - [TEST_STEP][PASSED] - setValueToCellByIndex(sheet01, n, 3, fileInt): null

15-11-2024T09:22:14 - [TEST_STEP][PASSED] - setValueToCellByIndex(sheet01, n, 4, pageInt): null

15-11-2024T09:22:14 - [TEST_STEP][PASSED] - setValueToCellByIndex(sheet01, n, 5, m): null

15-11-2024T09:22:14 - [TEST_STEP][PASSED] - setValueToCellByIndex(sheet01, n, 6, y): null

15-11-2024T09:22:14 - [TEST_STEP][PASSED] - setValueToCellByIndex(sheet01, n, 7, todaysDate): null

15-11-2024T09:22:14 - [TEST_STEP][PASSED] - n = n + 1: null

15-11-2024T09:22:14 - [TEST_STEP][PASSED] - saveWorkbook(excelFilePath, workbook01): Object: 'Object Repository/Выполнение бизнес-плана/Кнопка Факт' is clicked on

15-11-2024T09:22:14 - [TEST_STEP][PASSED] - if (planFact == 2): Object: 'Object Repository/Выполнение бизнес-плана/Кнопка Факт' is clicked on

15-11-2024T09:22:14 - [TEST_STEP][PASSED] - click(findTestObject("Выполнение бизнес-плана/Кнопка Факт")): Object: 'Object Repository/Выполнение бизнес-плана/Кнопка Факт' is clicked on

15-11-2024T09:22:14 - [MESSAGE][PASSED] - Object: 'Object Repository/Выполнение бизнес-плана/Кнопка Факт' is clicked on

15-11-2024T09:22:14 - [TEST_STEP][PASSED] - if (a == 84 || a == 82): null

15-11-2024T09:22:14 - [TEST_STEP][PASSED] - else if (a == 52 || a == 72 || a == 28 || a == 73 || a == 77 || a == 74 || a == 65 || a == 36 || a == 44 || a == 53 || a == 80 || a == 54 || a == 1 || a == 18 || a == 59 || a == 81): null

15-11-2024T09:22:14 - [TEST_STEP][PASSED] - else: null

15-11-2024T09:22:14 - [TEST_STEP][PASSED] - page1 = getText(findTestObject("Object Repository/Выполнение бизнес-плана/spanPlan" + filialNum)): Text of object 'Object Repository/Выполнение бизнес-плана/spanPlan2' is: '43.39
|'

15-11-2024T09:22:15 - [MESSAGE][PASSED] - Text of object 'Object Repository/Выполнение бизнес-плана/spanPlan2' is: '43.39
|'

15-11-2024T09:22:15 - [TEST_STEP][PASSED] - page1 = page1.replace("|", ""): null

15-11-2024T09:22:15 - [TEST_STEP][PASSED] - page2 = getText(findTestObject("Object Repository/Выполнение бизнес-плана/spanFact" + filialNum)): Text of object 'Object Repository/Выполнение бизнес-плана/spanFact2' is: '56.56
|'

15-11-2024T09:22:15 - [MESSAGE][PASSED] - Text of object 'Object Repository/Выполнение бизнес-плана/spanFact2' is: '56.56
|'

15-11-2024T09:22:15 - [TEST_STEP][PASSED] - page2 = page2.replace("|", ""): null

15-11-2024T09:22:15 - [TEST_STEP][PASSED] - println("page1: " + page1): null

15-11-2024T09:22:15 - [TEST_STEP][PASSED] - println("page2: " + page2): null

15-11-2024T09:22:15 - [TEST_STEP][PASSED] - file = findTestData("PlanFact").getValue(4, a): null

15-11-2024T09:22:15 - [TEST_STEP][PASSED] - file = file.replace(",", "."): null

15-11-2024T09:22:15 - [TEST_STEP][PASSED] - println("file Plan: " + file): null

15-11-2024T09:22:15 - [TEST_STEP][PASSED] - typeOfData = "План в процентах": null

15-11-2024T09:22:15 - [TEST_STEP][PASSED] - fileDouble = file.toDouble(): null

15-11-2024T09:22:15 - [TEST_STEP][PASSED] - pageDouble = page1.toDouble(): null

15-11-2024T09:22:15 - [TEST_STEP][PASSED] - if (fileDouble != pageDouble): null

15-11-2024T09:22:15 - [TEST_STEP][PASSED] - numberOfErrors = numberOfErrors + 1: null

15-11-2024T09:22:15 - [TEST_STEP][PASSED] - Script1718980020443.WriteToExcel(a, typeOfData, todaysDate, pageInt, fileInt, pageDouble, fileDouble, dZO): null

15-11-2024T09:22:15 - [TEST_STEP][PASSED] - sheetName = "Sheet1": null

15-11-2024T09:22:15 - [TEST_STEP][PASSED] - data = findTestData("PlanFact"): null

15-11-2024T09:22:15 - [TEST_STEP][PASSED] - n = data.getRowNumbers() + 1: null

15-11-2024T09:22:15 - [TEST_STEP][PASSED] - year = todaysDate.substring(todaysDate.length() - 4, todaysDate.length()): null

15-11-2024T09:22:15 - [TEST_STEP][PASSED] - y = year.toInteger(): null

15-11-2024T09:22:15 - [TEST_STEP][PASSED] - m = getText(findTestObject("Выполнение бизнес-плана/Период")): Text of object 'Object Repository/Выполнение бизнес-плана/Период' is: '1, 2, 3 кв. 2024 года'

15-11-2024T09:22:15 - [MESSAGE][PASSED] - Text of object 'Object Repository/Выполнение бизнес-плана/Период' is: '1, 2, 3 кв. 2024 года'

15-11-2024T09:22:15 - [TEST_STEP][PASSED] - m = m.substring(0, m.indexOf("2024")): null

15-11-2024T09:22:15 - [TEST_STEP][PASSED] - m = m.trim(): null

15-11-2024T09:22:15 - [TEST_STEP][PASSED] - dashboardName = "Выполнение бизнес-плана": null

15-11-2024T09:22:15 - [TEST_STEP][PASSED] - workbook01 = getWorkbook(excelFilePath): null

15-11-2024T09:22:15 - [TEST_STEP][PASSED] - sheet01 = getExcelSheet(workbook01, sheetName): null

15-11-2024T09:22:15 - [TEST_STEP][PASSED] - setValueToCellByIndex(sheet01, n, 0, dashboardName): null

15-11-2024T09:22:15 - [TEST_STEP][PASSED] - setValueToCellByIndex(sheet01, n, 1, dZO): null

15-11-2024T09:22:15 - [TEST_STEP][PASSED] - setValueToCellByIndex(sheet01, n, 2, typeOfData): null

15-11-2024T09:22:15 - [TEST_STEP][PASSED] - if (typeOfData == "Факт в процентах" || typeOfData == "План в процентах"): null

15-11-2024T09:22:15 - [TEST_STEP][PASSED] - setValueToCellByIndex(sheet01, n, 3, fileDouble): null

15-11-2024T09:22:15 - [TEST_STEP][PASSED] - setValueToCellByIndex(sheet01, n, 4, pageDouble): null

15-11-2024T09:22:15 - [TEST_STEP][PASSED] - setValueToCellByIndex(sheet01, n, 5, m): null

15-11-2024T09:22:15 - [TEST_STEP][PASSED] - setValueToCellByIndex(sheet01, n, 6, y): null

15-11-2024T09:22:15 - [TEST_STEP][PASSED] - setValueToCellByIndex(sheet01, n, 7, todaysDate): null

15-11-2024T09:22:15 - [TEST_STEP][PASSED] - n = n + 1: null

15-11-2024T09:22:15 - [TEST_STEP][PASSED] - saveWorkbook(excelFilePath, workbook01): null

15-11-2024T09:22:16 - [TEST_STEP][PASSED] - file = findTestData("PlanFact").getValue(7, a): null

15-11-2024T09:22:16 - [TEST_STEP][PASSED] - file = file.replace(",", "."): null

15-11-2024T09:22:16 - [TEST_STEP][PASSED] - println("file Fact: " + file): null

15-11-2024T09:22:16 - [TEST_STEP][PASSED] - fileDouble = file.toDouble(): null

15-11-2024T09:22:16 - [TEST_STEP][PASSED] - typeOfData = "Факт в процентах": null

15-11-2024T09:22:16 - [TEST_STEP][PASSED] - fileDouble = file.toDouble(): null

15-11-2024T09:22:16 - [TEST_STEP][PASSED] - pageDouble = page2.toDouble(): null

15-11-2024T09:22:16 - [TEST_STEP][PASSED] - if (fileDouble != pageDouble): null

15-11-2024T09:22:16 - [TEST_STEP][PASSED] - numberOfErrors = numberOfErrors + 1: null

15-11-2024T09:22:16 - [TEST_STEP][PASSED] - Script1718980020443.WriteToExcel(a, typeOfData, todaysDate, pageInt, fileInt, pageDouble, fileDouble, dZO): null

15-11-2024T09:22:16 - [TEST_STEP][PASSED] - sheetName = "Sheet1": null

15-11-2024T09:22:16 - [TEST_STEP][PASSED] - data = findTestData("PlanFact"): null

15-11-2024T09:22:16 - [TEST_STEP][PASSED] - n = data.getRowNumbers() + 1: null

15-11-2024T09:22:16 - [TEST_STEP][PASSED] - year = todaysDate.substring(todaysDate.length() - 4, todaysDate.length()): null

15-11-2024T09:22:16 - [TEST_STEP][PASSED] - y = year.toInteger(): null

15-11-2024T09:22:16 - [TEST_STEP][PASSED] - m = getText(findTestObject("Выполнение бизнес-плана/Период")): Text of object 'Object Repository/Выполнение бизнес-плана/Период' is: '1, 2, 3 кв. 2024 года'

15-11-2024T09:22:16 - [MESSAGE][PASSED] - Text of object 'Object Repository/Выполнение бизнес-плана/Период' is: '1, 2, 3 кв. 2024 года'

15-11-2024T09:22:16 - [TEST_STEP][PASSED] - m = m.substring(0, m.indexOf("2024")): null

15-11-2024T09:22:16 - [TEST_STEP][PASSED] - m = m.trim(): null

15-11-2024T09:22:16 - [TEST_STEP][PASSED] - dashboardName = "Выполнение бизнес-плана": null

15-11-2024T09:22:16 - [TEST_STEP][PASSED] - workbook01 = getWorkbook(excelFilePath): null

15-11-2024T09:22:16 - [TEST_STEP][PASSED] - sheet01 = getExcelSheet(workbook01, sheetName): null

15-11-2024T09:22:16 - [TEST_STEP][PASSED] - setValueToCellByIndex(sheet01, n, 0, dashboardName): null

15-11-2024T09:22:16 - [TEST_STEP][PASSED] - setValueToCellByIndex(sheet01, n, 1, dZO): null

15-11-2024T09:22:16 - [TEST_STEP][PASSED] - setValueToCellByIndex(sheet01, n, 2, typeOfData): null

15-11-2024T09:22:16 - [TEST_STEP][PASSED] - if (typeOfData == "Факт в процентах" || typeOfData == "План в процентах"): null

15-11-2024T09:22:16 - [TEST_STEP][PASSED] - setValueToCellByIndex(sheet01, n, 3, fileDouble): null

15-11-2024T09:22:16 - [TEST_STEP][PASSED] - setValueToCellByIndex(sheet01, n, 4, pageDouble): null

15-11-2024T09:22:16 - [TEST_STEP][PASSED] - setValueToCellByIndex(sheet01, n, 5, m): null

15-11-2024T09:22:16 - [TEST_STEP][PASSED] - setValueToCellByIndex(sheet01, n, 6, y): null

15-11-2024T09:22:16 - [TEST_STEP][PASSED] - setValueToCellByIndex(sheet01, n, 7, todaysDate): null

15-11-2024T09:22:16 - [TEST_STEP][PASSED] - n = n + 1: null

15-11-2024T09:22:16 - [TEST_STEP][PASSED] - saveWorkbook(excelFilePath, workbook01): null

15-11-2024T09:22:16 - [TEST_STEP][FAILED] - if (verifyEqual(numberOfErrors, 0) == false): null

15-11-2024T09:22:16 - [MESSAGE][FAILED] - Unable to verify equal between actual object '6' and expected object '0' (Root cause: com.kms.katalon.core.exception.StepFailedException: Actual object '6' and expected object '0' are not equal
	at com.kms.katalon.core.keyword.builtin.VerifyEqualKeyword$_verifyEqual_closure1.doCall(VerifyEqualKeyword.groovy:58)
	at com.kms.katalon.core.keyword.builtin.VerifyEqualKeyword$_verifyEqual_closure1.call(VerifyEqualKeyword.groovy)
	at com.kms.katalon.core.keyword.internal.KeywordMain.runKeyword(KeywordMain.groovy:75)
	at com.kms.katalon.core.keyword.builtin.VerifyEqualKeyword.verifyEqual(VerifyEqualKeyword.groovy:63)
	at com.kms.katalon.core.keyword.builtin.VerifyEqualKeyword.execute(VerifyEqualKeyword.groovy:44)
	at com.kms.katalon.core.keyword.internal.KeywordExecutor.executeKeywordForPlatform(KeywordExecutor.groovy:74)
	at com.kms.katalon.core.keyword.BuiltinKeywords.verifyEqual(BuiltinKeywords.groovy:146)
	at java.base/jdk.internal.reflect.NativeMethodAccessorImpl.invoke0(Native Method)
	at java.base/jdk.internal.reflect.NativeMethodAccessorImpl.invoke(NativeMethodAccessorImpl.java:77)
	at java.base/jdk.internal.reflect.DelegatingMethodAccessorImpl.invoke(DelegatingMethodAccessorImpl.java:43)
	at Выполнение бизнес-плана Сверка ПАО Россети все филиалы.Numbers(Выполнение бизнес-плана Сверка ПАО Россети все филиалы:740)
	at Выполнение бизнес-плана Сверка ПАО Россети все филиалы.Filials(Выполнение бизнес-плана Сверка ПАО Россети все филиалы:1087)
	at Выполнение бизнес-плана Сверка ПАО Россети все филиалы.Numbers(Выполнение бизнес-плана Сверка ПАО Россети все филиалы:745)
	at Выполнение бизнес-плана Сверка ПАО Россети все филиалы.run(Выполнение бизнес-плана Сверка ПАО Россети все филиалы:304)
	at com.kms.katalon.core.main.ScriptEngine.run(ScriptEngine.java:194)
	at com.kms.katalon.core.main.ScriptEngine.runScriptAsRawText(ScriptEngine.java:119)
	at com.kms.katalon.core.main.TestCaseExecutor.runScript(TestCaseExecutor.java:448)
	at com.kms.katalon.core.main.TestCaseExecutor.doExecute(TestCaseExecutor.java:439)
	at com.kms.katalon.core.main.TestCaseExecutor.processExecutionPhase(TestCaseExecutor.java:418)
	at com.kms.katalon.core.main.TestCaseExecutor.accessMainPhase(TestCaseExecutor.java:410)
	at com.kms.katalon.core.main.TestCaseExecutor.execute(TestCaseExecutor.java:285)
	at com.kms.katalon.core.common.CommonExecutor.accessTestCaseMainPhase(CommonExecutor.java:65)
	at com.kms.katalon.core.main.TestSuiteExecutor.accessTestSuiteMainPhase(TestSuiteExecutor.java:150)
	at com.kms.katalon.core.main.TestSuiteExecutor.execute(TestSuiteExecutor.java:106)
	at com.kms.katalon.core.main.TestCaseMain.startTestSuite(TestCaseMain.java:180)
	at TempTestSuite1731647997681.run(TempTestSuite1731647997681.groovy:35)
	at java.base/jdk.internal.reflect.NativeMethodAccessorImpl.invoke0(Native Method)
	at java.base/jdk.internal.reflect.NativeMethodAccessorImpl.invoke(NativeMethodAccessorImpl.java:77)
	at java.base/jdk.internal.reflect.DelegatingMethodAccessorImpl.invoke(DelegatingMethodAccessorImpl.java:43)
)

15-11-2024T09:22:16 - [TEST_STEP][PASSED] - println(numberOfErrors): null

15-11-2024T09:22:16 - [TEST_STEP][PASSED] - if (a == 28 || a == 77 || a == 74 || a == 65 || a == 36 || a == 44 || a == 54 || a == 1 || a == 18 || a == 59): null

15-11-2024T09:22:16 - [TEST_STEP][PASSED] - if (a == 82): null

15-11-2024T09:22:16 - [TEST_STEP][PASSED] - dZO = "Каббалкэнерго": null

15-11-2024T09:22:16 - [TEST_STEP][PASSED] - a = 66: null

15-11-2024T09:22:16 - [TEST_STEP][PASSED] - if (x2.contains(dZO)): null

15-11-2024T09:22:16 - [TEST_STEP][PASSED] - filialNum = filialNum + 1: null

15-11-2024T09:22:16 - [TEST_STEP][PASSED] - Script1718980020443.Numbers(a, typeOfData, todaysDate, pageInt, fileInt, pageDouble, fileDouble, dZO, dzoNum, filialNum): null

15-11-2024T09:22:16 - [TEST_STEP][PASSED] - println(dzoNum): null

15-11-2024T09:22:16 - [TEST_STEP][PASSED] - planFact = <not implemented yet for class: org.codehaus.groovy.ast.expr.EmptyExpression>: null

15-11-2024T09:22:16 - [TEST_STEP][PASSED] - page = <not implemented yet for class: org.codehaus.groovy.ast.expr.EmptyExpression>: null

15-11-2024T09:22:16 - [TEST_STEP][PASSED] - page1 = <not implemented yet for class: org.codehaus.groovy.ast.expr.EmptyExpression>: null

15-11-2024T09:22:16 - [TEST_STEP][PASSED] - page2 = <not implemented yet for class: org.codehaus.groovy.ast.expr.EmptyExpression>: null

15-11-2024T09:22:16 - [TEST_STEP][PASSED] - filialNumberInRow = <not implemented yet for class: org.codehaus.groovy.ast.expr.EmptyExpression>: null

15-11-2024T09:22:16 - [TEST_STEP][PASSED] - filialsDzoNames = <not implemented yet for class: org.codehaus.groovy.ast.expr.EmptyExpression>: null

15-11-2024T09:22:16 - [TEST_STEP][PASSED] - numberOfFilials = <not implemented yet for class: org.codehaus.groovy.ast.expr.EmptyExpression>: null

15-11-2024T09:22:16 - [TEST_STEP][PASSED] - numberOfSpaces = <not implemented yet for class: org.codehaus.groovy.ast.expr.EmptyExpression>: null

15-11-2024T09:22:16 - [TEST_STEP][PASSED] - file = <not implemented yet for class: org.codehaus.groovy.ast.expr.EmptyExpression>: null

15-11-2024T09:22:16 - [TEST_STEP][PASSED] - otpusk = <not implemented yet for class: org.codehaus.groovy.ast.expr.EmptyExpression>: null

15-11-2024T09:22:16 - [TEST_STEP][PASSED] - poteri = <not implemented yet for class: org.codehaus.groovy.ast.expr.EmptyExpression>: null

15-11-2024T09:22:16 - [TEST_STEP][PASSED] - dataFolder = "Выполнение бизнес-плана/Значения со страницы Выполнение бизнес-плана/": null

15-11-2024T09:22:16 - [TEST_STEP][PASSED] - path = <not implemented yet for class: org.codehaus.groovy.ast.expr.EmptyExpression>: null

15-11-2024T09:22:16 - [TEST_STEP][PASSED] - typeOfDataMain = <not implemented yet for class: org.codehaus.groovy.ast.expr.EmptyExpression>: null

15-11-2024T09:22:16 - [TEST_STEP][PASSED] - fileOtpuskVSet = <not implemented yet for class: org.codehaus.groovy.ast.expr.EmptyExpression>: null

15-11-2024T09:22:16 - [TEST_STEP][PASSED] - pageOtpuskVSet = <not implemented yet for class: org.codehaus.groovy.ast.expr.EmptyExpression>: null

15-11-2024T09:22:16 - [TEST_STEP][PASSED] - filePoteri = <not implemented yet for class: org.codehaus.groovy.ast.expr.EmptyExpression>: null

15-11-2024T09:22:16 - [TEST_STEP][PASSED] - pagePoteri = <not implemented yet for class: org.codehaus.groovy.ast.expr.EmptyExpression>: null

15-11-2024T09:22:16 - [TEST_STEP][PASSED] - compare = <not implemented yet for class: org.codehaus.groovy.ast.expr.EmptyExpression>: null

15-11-2024T09:22:16 - [TEST_STEP][PASSED] - b = <not implemented yet for class: org.codehaus.groovy.ast.expr.EmptyExpression>: null

15-11-2024T09:22:16 - [TEST_STEP][PASSED] - i = <not implemented yet for class: org.codehaus.groovy.ast.expr.EmptyExpression>: null

15-11-2024T09:22:16 - [TEST_STEP][PASSED] - ii = <not implemented yet for class: org.codehaus.groovy.ast.expr.EmptyExpression>: null

15-11-2024T09:22:16 - [TEST_STEP][PASSED] - c = <not implemented yet for class: org.codehaus.groovy.ast.expr.EmptyExpression>: null

15-11-2024T09:22:16 - [TEST_STEP][PASSED] - numberOfErrors = 0: null

15-11-2024T09:22:16 - [TEST_STEP][PASSED] - if (a == 82): null

15-11-2024T09:22:16 - [TEST_STEP][PASSED] - b = findTestData("PlanFact").getValue(1, a): null

15-11-2024T09:22:16 - [TEST_STEP][PASSED] - i = b.indexOf(" (ГК)"): null

15-11-2024T09:22:16 - [TEST_STEP][PASSED] - if (i > -1): null

15-11-2024T09:22:16 - [TEST_STEP][PASSED] - i = b.indexOf("О ""): null

15-11-2024T09:22:16 - [TEST_STEP][PASSED] - if (i > -1): null

15-11-2024T09:22:16 - [TEST_STEP][PASSED] - i = b.indexOf("О «"): null

15-11-2024T09:22:16 - [TEST_STEP][PASSED] - if (i > -1): null

15-11-2024T09:22:16 - [TEST_STEP][PASSED] - i = b.indexOf("г. "): null

15-11-2024T09:22:16 - [TEST_STEP][PASSED] - if (i > -1): null

15-11-2024T09:22:16 - [TEST_STEP][PASSED] - println(b): null

15-11-2024T09:22:16 - [TEST_STEP][PASSED] - for ([planFact = 1, planFact < 3, (planFact++)]): null

15-11-2024T09:22:16 - [TEST_STEP][PASSED] - if (planFact == 1): null

15-11-2024T09:22:16 - [TEST_STEP][PASSED] - typeOfDataMain = "Факт": null

15-11-2024T09:22:16 - [TEST_STEP][PASSED] - otpusk = findTestData("PlanFact").getValue(5, a): null

15-11-2024T09:22:17 - [TEST_STEP][PASSED] - poteri = findTestData("PlanFact").getValue(6, a): null

15-11-2024T09:22:17 - [TEST_STEP][PASSED] - otpusk = otpusk.replaceAll("\s+", ""): null

15-11-2024T09:22:17 - [TEST_STEP][PASSED] - poteri = poteri.replaceAll("\s+", ""): null

15-11-2024T09:22:17 - [TEST_STEP][PASSED] - typeOfData = typeOfDataMain + " Отпуск в сеть": null

15-11-2024T09:22:17 - [TEST_STEP][PASSED] - if (a == 82): null

15-11-2024T09:22:17 - [TEST_STEP][PASSED] - else if (a == 84): null

15-11-2024T09:22:17 - [TEST_STEP][PASSED] - else if (a == 52 || a == 72 || a == 28 || a == 73 || a == 77 || a == 74 || a == 65 || a == 36 || a == 44 || a == 53 || a == 80 || a == 54 || a == 1 || a == 18 || a == 59 || a == 81): null

15-11-2024T09:22:17 - [TEST_STEP][PASSED] - else: null

15-11-2024T09:22:17 - [TEST_STEP][PASSED] - path = dataFolder + typeOfData + " за отчётный период " + b: null

15-11-2024T09:22:17 - [TEST_STEP][PASSED] - println(path): null

15-11-2024T09:22:17 - [TEST_STEP][PASSED] - page = getText(findTestObject(path)): Text of object 'Object Repository/Выполнение бизнес-плана/Значения со страницы Выполнение бизнес-плана/Факт Отпуск в сеть за отчётный период Каббалкэнерго' is: '1 413 519'

15-11-2024T09:22:17 - [MESSAGE][PASSED] - Text of object 'Object Repository/Выполнение бизнес-плана/Значения со страницы Выполнение бизнес-плана/Факт Отпуск в сеть за отчётный период Каббалкэнерго' is: '1 413 519'

15-11-2024T09:22:17 - [TEST_STEP][PASSED] - page = page.replaceAll("\s+", ""): null

15-11-2024T09:22:17 - [TEST_STEP][PASSED] - fileOtpuskVSet = otpusk.toInteger(): null

15-11-2024T09:22:17 - [TEST_STEP][PASSED] - pageOtpuskVSet = page.toInteger(): null

15-11-2024T09:22:17 - [TEST_STEP][PASSED] - typeOfData = typeOfDataMain + " Потери": null

15-11-2024T09:22:17 - [TEST_STEP][PASSED] - if (a == 82): null

15-11-2024T09:22:17 - [TEST_STEP][PASSED] - else if (a == 84): null

15-11-2024T09:22:17 - [TEST_STEP][PASSED] - else if (a == 52 || a == 72 || a == 28 || a == 73 || a == 77 || a == 74 || a == 65 || a == 36 || a == 44 || a == 53 || a == 80 || a == 54 || a == 1 || a == 18 || a == 59 || a == 81): null

15-11-2024T09:22:17 - [TEST_STEP][PASSED] - else: null

15-11-2024T09:22:17 - [TEST_STEP][PASSED] - path = dataFolder + typeOfData + " за отчётный период " + b: null

15-11-2024T09:22:17 - [TEST_STEP][PASSED] - page = getText(findTestObject(path)): Text of object 'Object Repository/Выполнение бизнес-плана/Значения со страницы Выполнение бизнес-плана/Факт Потери за отчётный период Каббалкэнерго' is: '276 509'

15-11-2024T09:22:17 - [MESSAGE][PASSED] - Text of object 'Object Repository/Выполнение бизнес-плана/Значения со страницы Выполнение бизнес-плана/Факт Потери за отчётный период Каббалкэнерго' is: '276 509'

15-11-2024T09:22:17 - [TEST_STEP][PASSED] - page = page.replaceAll("\s+", ""): null

15-11-2024T09:22:17 - [TEST_STEP][PASSED] - filePoteri = poteri.toInteger(): null

15-11-2024T09:22:17 - [TEST_STEP][PASSED] - pagePoteri = page.toInteger(): null

15-11-2024T09:22:17 - [TEST_STEP][PASSED] - compare = pageOtpuskVSet: null

15-11-2024T09:22:17 - [TEST_STEP][PASSED] - if (compare == fileOtpuskVSet): null

15-11-2024T09:22:17 - [TEST_STEP][PASSED] - else if (compare > fileOtpuskVSet): null

15-11-2024T09:22:17 - [TEST_STEP][PASSED] - compare = compare - 1: null

15-11-2024T09:22:17 - [TEST_STEP][PASSED] - if (compare == fileOtpuskVSet): null

15-11-2024T09:22:17 - [TEST_STEP][PASSED] - else: null

15-11-2024T09:22:17 - [TEST_STEP][PASSED] - numberOfErrors = numberOfErrors + 1: null

15-11-2024T09:22:17 - [TEST_STEP][PASSED] - pageInt = pageOtpuskVSet: null

15-11-2024T09:22:17 - [TEST_STEP][PASSED] - fileInt = fileOtpuskVSet: null

15-11-2024T09:22:17 - [TEST_STEP][PASSED] - typeOfData = typeOfDataMain + " Отпуск в сеть": null

15-11-2024T09:22:17 - [TEST_STEP][PASSED] - Script1718980020443.WriteToExcel(a, typeOfData, todaysDate, pageInt, fileInt, pageDouble, fileDouble, dZO): null

15-11-2024T09:22:17 - [TEST_STEP][PASSED] - sheetName = "Sheet1": null

15-11-2024T09:22:17 - [TEST_STEP][PASSED] - data = findTestData("PlanFact"): null

15-11-2024T09:22:17 - [TEST_STEP][PASSED] - n = data.getRowNumbers() + 1: null

15-11-2024T09:22:17 - [TEST_STEP][PASSED] - year = todaysDate.substring(todaysDate.length() - 4, todaysDate.length()): null

15-11-2024T09:22:17 - [TEST_STEP][PASSED] - y = year.toInteger(): null

15-11-2024T09:22:17 - [TEST_STEP][PASSED] - m = getText(findTestObject("Выполнение бизнес-плана/Период")): Text of object 'Object Repository/Выполнение бизнес-плана/Период' is: '1, 2, 3 кв. 2024 года'

15-11-2024T09:22:18 - [MESSAGE][PASSED] - Text of object 'Object Repository/Выполнение бизнес-плана/Период' is: '1, 2, 3 кв. 2024 года'

15-11-2024T09:22:18 - [TEST_STEP][PASSED] - m = m.substring(0, m.indexOf("2024")): null

15-11-2024T09:22:18 - [TEST_STEP][PASSED] - m = m.trim(): null

15-11-2024T09:22:18 - [TEST_STEP][PASSED] - dashboardName = "Выполнение бизнес-плана": null

15-11-2024T09:22:18 - [TEST_STEP][PASSED] - workbook01 = getWorkbook(excelFilePath): null

15-11-2024T09:22:18 - [TEST_STEP][PASSED] - sheet01 = getExcelSheet(workbook01, sheetName): null

15-11-2024T09:22:18 - [TEST_STEP][PASSED] - setValueToCellByIndex(sheet01, n, 0, dashboardName): null

15-11-2024T09:22:18 - [TEST_STEP][PASSED] - setValueToCellByIndex(sheet01, n, 1, dZO): null

15-11-2024T09:22:18 - [TEST_STEP][PASSED] - setValueToCellByIndex(sheet01, n, 2, typeOfData): null

15-11-2024T09:22:18 - [TEST_STEP][PASSED] - if (typeOfData == "Факт в процентах" || typeOfData == "План в процентах"): null

15-11-2024T09:22:18 - [TEST_STEP][PASSED] - else: null

15-11-2024T09:22:18 - [TEST_STEP][PASSED] - setValueToCellByIndex(sheet01, n, 3, fileInt): null

15-11-2024T09:22:18 - [TEST_STEP][PASSED] - setValueToCellByIndex(sheet01, n, 4, pageInt): null

15-11-2024T09:22:18 - [TEST_STEP][PASSED] - setValueToCellByIndex(sheet01, n, 5, m): null

15-11-2024T09:22:18 - [TEST_STEP][PASSED] - setValueToCellByIndex(sheet01, n, 6, y): null

15-11-2024T09:22:18 - [TEST_STEP][PASSED] - setValueToCellByIndex(sheet01, n, 7, todaysDate): null

15-11-2024T09:22:18 - [TEST_STEP][PASSED] - n = n + 1: null

15-11-2024T09:22:18 - [TEST_STEP][PASSED] - saveWorkbook(excelFilePath, workbook01): null

15-11-2024T09:22:18 - [TEST_STEP][PASSED] - compare = pagePoteri: null

15-11-2024T09:22:18 - [TEST_STEP][PASSED] - if (compare == filePoteri): null

15-11-2024T09:22:18 - [TEST_STEP][PASSED] - else if (compare > filePoteri): null

15-11-2024T09:22:18 - [TEST_STEP][PASSED] - compare = compare - 1: null

15-11-2024T09:22:18 - [TEST_STEP][PASSED] - if (compare == filePoteri): null

15-11-2024T09:22:18 - [TEST_STEP][PASSED] - else: null

15-11-2024T09:22:18 - [TEST_STEP][PASSED] - numberOfErrors = numberOfErrors + 1: null

15-11-2024T09:22:18 - [TEST_STEP][PASSED] - pageInt = pagePoteri: null

15-11-2024T09:22:18 - [TEST_STEP][PASSED] - fileInt = filePoteri: null

15-11-2024T09:22:18 - [TEST_STEP][PASSED] - typeOfData = typeOfDataMain + " Потери": null

15-11-2024T09:22:18 - [TEST_STEP][PASSED] - Script1718980020443.WriteToExcel(a, typeOfData, todaysDate, pageInt, fileInt, pageDouble, fileDouble, dZO): null

15-11-2024T09:22:18 - [TEST_STEP][PASSED] - sheetName = "Sheet1": null

15-11-2024T09:22:18 - [TEST_STEP][PASSED] - data = findTestData("PlanFact"): null

15-11-2024T09:22:18 - [TEST_STEP][PASSED] - n = data.getRowNumbers() + 1: null

15-11-2024T09:22:18 - [TEST_STEP][PASSED] - year = todaysDate.substring(todaysDate.length() - 4, todaysDate.length()): null

15-11-2024T09:22:18 - [TEST_STEP][PASSED] - y = year.toInteger(): null

15-11-2024T09:22:18 - [TEST_STEP][PASSED] - m = getText(findTestObject("Выполнение бизнес-плана/Период")): Text of object 'Object Repository/Выполнение бизнес-плана/Период' is: '1, 2, 3 кв. 2024 года'

15-11-2024T09:22:18 - [MESSAGE][PASSED] - Text of object 'Object Repository/Выполнение бизнес-плана/Период' is: '1, 2, 3 кв. 2024 года'

15-11-2024T09:22:18 - [TEST_STEP][PASSED] - m = m.substring(0, m.indexOf("2024")): null

15-11-2024T09:22:18 - [TEST_STEP][PASSED] - m = m.trim(): null

15-11-2024T09:22:18 - [TEST_STEP][PASSED] - dashboardName = "Выполнение бизнес-плана": null

15-11-2024T09:22:18 - [TEST_STEP][PASSED] - workbook01 = getWorkbook(excelFilePath): null

15-11-2024T09:22:18 - [TEST_STEP][PASSED] - sheet01 = getExcelSheet(workbook01, sheetName): null

15-11-2024T09:22:18 - [TEST_STEP][PASSED] - setValueToCellByIndex(sheet01, n, 0, dashboardName): null

15-11-2024T09:22:18 - [TEST_STEP][PASSED] - setValueToCellByIndex(sheet01, n, 1, dZO): null

15-11-2024T09:22:18 - [TEST_STEP][PASSED] - setValueToCellByIndex(sheet01, n, 2, typeOfData): null

15-11-2024T09:22:18 - [TEST_STEP][PASSED] - if (typeOfData == "Факт в процентах" || typeOfData == "План в процентах"): null

15-11-2024T09:22:18 - [TEST_STEP][PASSED] - else: null

15-11-2024T09:22:18 - [TEST_STEP][PASSED] - setValueToCellByIndex(sheet01, n, 3, fileInt): null

15-11-2024T09:22:18 - [TEST_STEP][PASSED] - setValueToCellByIndex(sheet01, n, 4, pageInt): null

15-11-2024T09:22:18 - [TEST_STEP][PASSED] - setValueToCellByIndex(sheet01, n, 5, m): null

15-11-2024T09:22:18 - [TEST_STEP][PASSED] - setValueToCellByIndex(sheet01, n, 6, y): null

15-11-2024T09:22:18 - [TEST_STEP][PASSED] - setValueToCellByIndex(sheet01, n, 7, todaysDate): null

15-11-2024T09:22:18 - [TEST_STEP][PASSED] - n = n + 1: null

15-11-2024T09:22:18 - [TEST_STEP][PASSED] - saveWorkbook(excelFilePath, workbook01): null

15-11-2024T09:22:19 - [TEST_STEP][PASSED] - if (planFact == 2): null

15-11-2024T09:22:19 - [TEST_STEP][PASSED] - if (planFact == 1): null

15-11-2024T09:22:19 - [TEST_STEP][PASSED] - else if (planFact == 2): null

15-11-2024T09:22:19 - [TEST_STEP][PASSED] - click(findTestObject("Выполнение бизнес-плана/Кнопка План")): Object: 'Object Repository/Выполнение бизнес-плана/Кнопка План' is clicked on

15-11-2024T09:22:19 - [MESSAGE][PASSED] - Object: 'Object Repository/Выполнение бизнес-плана/Кнопка План' is clicked on

15-11-2024T09:22:19 - [TEST_STEP][PASSED] - typeOfDataMain = "План": null

15-11-2024T09:22:19 - [TEST_STEP][PASSED] - otpusk = findTestData("PlanFact").getValue(2, a): null

15-11-2024T09:22:19 - [TEST_STEP][PASSED] - poteri = findTestData("PlanFact").getValue(3, a): null

15-11-2024T09:22:19 - [TEST_STEP][PASSED] - otpusk = otpusk.replaceAll("\s+", ""): null

15-11-2024T09:22:19 - [TEST_STEP][PASSED] - poteri = poteri.replaceAll("\s+", ""): null

15-11-2024T09:22:19 - [TEST_STEP][PASSED] - typeOfData = typeOfDataMain + " Отпуск в сеть": null

15-11-2024T09:22:19 - [TEST_STEP][PASSED] - if (a == 82): null

15-11-2024T09:22:19 - [TEST_STEP][PASSED] - else if (a == 84): null

15-11-2024T09:22:19 - [TEST_STEP][PASSED] - else if (a == 52 || a == 72 || a == 28 || a == 73 || a == 77 || a == 74 || a == 65 || a == 36 || a == 44 || a == 53 || a == 80 || a == 54 || a == 1 || a == 18 || a == 59 || a == 81): null

15-11-2024T09:22:19 - [TEST_STEP][PASSED] - else: null

15-11-2024T09:22:19 - [TEST_STEP][PASSED] - path = dataFolder + typeOfData + " за отчётный период " + b: null

15-11-2024T09:22:19 - [TEST_STEP][PASSED] - println(path): null

15-11-2024T09:22:19 - [TEST_STEP][PASSED] - page = getText(findTestObject(path)): Text of object 'Object Repository/Выполнение бизнес-плана/Значения со страницы Выполнение бизнес-плана/План Отпуск в сеть за отчётный период Каббалкэнерго' is: '1 299 774'

15-11-2024T09:22:20 - [MESSAGE][PASSED] - Text of object 'Object Repository/Выполнение бизнес-плана/Значения со страницы Выполнение бизнес-плана/План Отпуск в сеть за отчётный период Каббалкэнерго' is: '1 299 774'

15-11-2024T09:22:20 - [TEST_STEP][PASSED] - page = page.replaceAll("\s+", ""): null

15-11-2024T09:22:20 - [TEST_STEP][PASSED] - fileOtpuskVSet = otpusk.toInteger(): null

15-11-2024T09:22:20 - [TEST_STEP][PASSED] - pageOtpuskVSet = page.toInteger(): null

15-11-2024T09:22:20 - [TEST_STEP][PASSED] - typeOfData = typeOfDataMain + " Потери": null

15-11-2024T09:22:20 - [TEST_STEP][PASSED] - if (a == 82): null

15-11-2024T09:22:20 - [TEST_STEP][PASSED] - else if (a == 84): null

15-11-2024T09:22:20 - [TEST_STEP][PASSED] - else if (a == 52 || a == 72 || a == 28 || a == 73 || a == 77 || a == 74 || a == 65 || a == 36 || a == 44 || a == 53 || a == 80 || a == 54 || a == 1 || a == 18 || a == 59 || a == 81): null

15-11-2024T09:22:20 - [TEST_STEP][PASSED] - else: null

15-11-2024T09:22:20 - [TEST_STEP][PASSED] - path = dataFolder + typeOfData + " за отчётный период " + b: null

15-11-2024T09:22:20 - [TEST_STEP][PASSED] - page = getText(findTestObject(path)): Text of object 'Object Repository/Выполнение бизнес-плана/Значения со страницы Выполнение бизнес-плана/План Потери за отчётный период Каббалкэнерго' is: '257 408'

15-11-2024T09:22:20 - [MESSAGE][PASSED] - Text of object 'Object Repository/Выполнение бизнес-плана/Значения со страницы Выполнение бизнес-плана/План Потери за отчётный период Каббалкэнерго' is: '257 408'

15-11-2024T09:22:20 - [TEST_STEP][PASSED] - page = page.replaceAll("\s+", ""): null

15-11-2024T09:22:20 - [TEST_STEP][PASSED] - filePoteri = poteri.toInteger(): null

15-11-2024T09:22:20 - [TEST_STEP][PASSED] - pagePoteri = page.toInteger(): null

15-11-2024T09:22:20 - [TEST_STEP][PASSED] - compare = pageOtpuskVSet: null

15-11-2024T09:22:20 - [TEST_STEP][PASSED] - if (compare == fileOtpuskVSet): null

15-11-2024T09:22:20 - [TEST_STEP][PASSED] - else if (compare > fileOtpuskVSet): null

15-11-2024T09:22:20 - [TEST_STEP][PASSED] - else if (compare < fileOtpuskVSet): null

15-11-2024T09:22:20 - [TEST_STEP][PASSED] - compare = compare + 1: null

15-11-2024T09:22:20 - [TEST_STEP][PASSED] - if (compare == fileOtpuskVSet): null

15-11-2024T09:22:20 - [TEST_STEP][PASSED] - else: null

15-11-2024T09:22:20 - [TEST_STEP][PASSED] - numberOfErrors = numberOfErrors + 1: null

15-11-2024T09:22:20 - [TEST_STEP][PASSED] - pageInt = pageOtpuskVSet: null

15-11-2024T09:22:20 - [TEST_STEP][PASSED] - fileInt = fileOtpuskVSet: null

15-11-2024T09:22:20 - [TEST_STEP][PASSED] - typeOfData = typeOfDataMain + " Отпуск в сеть": null

15-11-2024T09:22:20 - [TEST_STEP][PASSED] - Script1718980020443.WriteToExcel(a, typeOfData, todaysDate, pageInt, fileInt, pageDouble, fileDouble, dZO): null

15-11-2024T09:22:20 - [TEST_STEP][PASSED] - sheetName = "Sheet1": null

15-11-2024T09:22:20 - [TEST_STEP][PASSED] - data = findTestData("PlanFact"): null

15-11-2024T09:22:20 - [TEST_STEP][PASSED] - n = data.getRowNumbers() + 1: null

15-11-2024T09:22:20 - [TEST_STEP][PASSED] - year = todaysDate.substring(todaysDate.length() - 4, todaysDate.length()): null

15-11-2024T09:22:20 - [TEST_STEP][PASSED] - y = year.toInteger(): null

15-11-2024T09:22:20 - [TEST_STEP][PASSED] - m = getText(findTestObject("Выполнение бизнес-плана/Период")): Text of object 'Object Repository/Выполнение бизнес-плана/Период' is: '1, 2, 3 кв. 2024 года'

15-11-2024T09:22:20 - [MESSAGE][PASSED] - Text of object 'Object Repository/Выполнение бизнес-плана/Период' is: '1, 2, 3 кв. 2024 года'

15-11-2024T09:22:20 - [TEST_STEP][PASSED] - m = m.substring(0, m.indexOf("2024")): null

15-11-2024T09:22:20 - [TEST_STEP][PASSED] - m = m.trim(): null

15-11-2024T09:22:20 - [TEST_STEP][PASSED] - dashboardName = "Выполнение бизнес-плана": null

15-11-2024T09:22:20 - [TEST_STEP][PASSED] - workbook01 = getWorkbook(excelFilePath): null

15-11-2024T09:22:20 - [TEST_STEP][PASSED] - sheet01 = getExcelSheet(workbook01, sheetName): null

15-11-2024T09:22:20 - [TEST_STEP][PASSED] - setValueToCellByIndex(sheet01, n, 0, dashboardName): null

15-11-2024T09:22:20 - [TEST_STEP][PASSED] - setValueToCellByIndex(sheet01, n, 1, dZO): null

15-11-2024T09:22:20 - [TEST_STEP][PASSED] - setValueToCellByIndex(sheet01, n, 2, typeOfData): null

15-11-2024T09:22:20 - [TEST_STEP][PASSED] - if (typeOfData == "Факт в процентах" || typeOfData == "План в процентах"): null

15-11-2024T09:22:20 - [TEST_STEP][PASSED] - else: null

15-11-2024T09:22:20 - [TEST_STEP][PASSED] - setValueToCellByIndex(sheet01, n, 3, fileInt): null

15-11-2024T09:22:20 - [TEST_STEP][PASSED] - setValueToCellByIndex(sheet01, n, 4, pageInt): null

15-11-2024T09:22:20 - [TEST_STEP][PASSED] - setValueToCellByIndex(sheet01, n, 5, m): null

15-11-2024T09:22:20 - [TEST_STEP][PASSED] - setValueToCellByIndex(sheet01, n, 6, y): null

15-11-2024T09:22:20 - [TEST_STEP][PASSED] - setValueToCellByIndex(sheet01, n, 7, todaysDate): null

15-11-2024T09:22:20 - [TEST_STEP][PASSED] - n = n + 1: null

15-11-2024T09:22:20 - [TEST_STEP][PASSED] - saveWorkbook(excelFilePath, workbook01): null

15-11-2024T09:22:21 - [TEST_STEP][PASSED] - compare = pagePoteri: null

15-11-2024T09:22:21 - [TEST_STEP][PASSED] - if (compare == filePoteri): null

15-11-2024T09:22:21 - [TEST_STEP][PASSED] - else if (compare > filePoteri): null

15-11-2024T09:22:21 - [TEST_STEP][PASSED] - else if (compare < filePoteri): null

15-11-2024T09:22:21 - [TEST_STEP][PASSED] - compare = compare + 1: null

15-11-2024T09:22:21 - [TEST_STEP][PASSED] - if (compare == filePoteri): null

15-11-2024T09:22:21 - [TEST_STEP][PASSED] - else: null

15-11-2024T09:22:21 - [TEST_STEP][PASSED] - numberOfErrors = numberOfErrors + 1: null

15-11-2024T09:22:21 - [TEST_STEP][PASSED] - pageInt = pagePoteri: null

15-11-2024T09:22:21 - [TEST_STEP][PASSED] - fileInt = filePoteri: null

15-11-2024T09:22:21 - [TEST_STEP][PASSED] - typeOfData = typeOfDataMain + " Потери": null

15-11-2024T09:22:21 - [TEST_STEP][PASSED] - Script1718980020443.WriteToExcel(a, typeOfData, todaysDate, pageInt, fileInt, pageDouble, fileDouble, dZO): null

15-11-2024T09:22:21 - [TEST_STEP][PASSED] - sheetName = "Sheet1": null

15-11-2024T09:22:21 - [TEST_STEP][PASSED] - data = findTestData("PlanFact"): null

15-11-2024T09:22:21 - [TEST_STEP][PASSED] - n = data.getRowNumbers() + 1: null

15-11-2024T09:22:21 - [TEST_STEP][PASSED] - year = todaysDate.substring(todaysDate.length() - 4, todaysDate.length()): null

15-11-2024T09:22:21 - [TEST_STEP][PASSED] - y = year.toInteger(): null

15-11-2024T09:22:21 - [TEST_STEP][PASSED] - m = getText(findTestObject("Выполнение бизнес-плана/Период")): Text of object 'Object Repository/Выполнение бизнес-плана/Период' is: '1, 2, 3 кв. 2024 года'

15-11-2024T09:22:21 - [MESSAGE][PASSED] - Text of object 'Object Repository/Выполнение бизнес-плана/Период' is: '1, 2, 3 кв. 2024 года'

15-11-2024T09:22:21 - [TEST_STEP][PASSED] - m = m.substring(0, m.indexOf("2024")): null

15-11-2024T09:22:21 - [TEST_STEP][PASSED] - m = m.trim(): null

15-11-2024T09:22:21 - [TEST_STEP][PASSED] - dashboardName = "Выполнение бизнес-плана": null

15-11-2024T09:22:21 - [TEST_STEP][PASSED] - workbook01 = getWorkbook(excelFilePath): null

15-11-2024T09:22:21 - [TEST_STEP][PASSED] - sheet01 = getExcelSheet(workbook01, sheetName): null

15-11-2024T09:22:21 - [TEST_STEP][PASSED] - setValueToCellByIndex(sheet01, n, 0, dashboardName): null

15-11-2024T09:22:21 - [TEST_STEP][PASSED] - setValueToCellByIndex(sheet01, n, 1, dZO): null

15-11-2024T09:22:21 - [TEST_STEP][PASSED] - setValueToCellByIndex(sheet01, n, 2, typeOfData): null

15-11-2024T09:22:21 - [TEST_STEP][PASSED] - if (typeOfData == "Факт в процентах" || typeOfData == "План в процентах"): null

15-11-2024T09:22:21 - [TEST_STEP][PASSED] - else: null

15-11-2024T09:22:21 - [TEST_STEP][PASSED] - setValueToCellByIndex(sheet01, n, 3, fileInt): null

15-11-2024T09:22:21 - [TEST_STEP][PASSED] - setValueToCellByIndex(sheet01, n, 4, pageInt): null

15-11-2024T09:22:21 - [TEST_STEP][PASSED] - setValueToCellByIndex(sheet01, n, 5, m): null

15-11-2024T09:22:21 - [TEST_STEP][PASSED] - setValueToCellByIndex(sheet01, n, 6, y): null

15-11-2024T09:22:21 - [TEST_STEP][PASSED] - setValueToCellByIndex(sheet01, n, 7, todaysDate): null

15-11-2024T09:22:21 - [TEST_STEP][PASSED] - n = n + 1: null

15-11-2024T09:22:21 - [TEST_STEP][PASSED] - saveWorkbook(excelFilePath, workbook01): Object: 'Object Repository/Выполнение бизнес-плана/Кнопка Факт' is clicked on

15-11-2024T09:22:21 - [TEST_STEP][PASSED] - if (planFact == 2): Object: 'Object Repository/Выполнение бизнес-плана/Кнопка Факт' is clicked on

15-11-2024T09:22:21 - [TEST_STEP][PASSED] - click(findTestObject("Выполнение бизнес-плана/Кнопка Факт")): Object: 'Object Repository/Выполнение бизнес-плана/Кнопка Факт' is clicked on

15-11-2024T09:22:22 - [MESSAGE][PASSED] - Object: 'Object Repository/Выполнение бизнес-плана/Кнопка Факт' is clicked on

15-11-2024T09:22:22 - [TEST_STEP][PASSED] - if (a == 84 || a == 82): null

15-11-2024T09:22:22 - [TEST_STEP][PASSED] - else if (a == 52 || a == 72 || a == 28 || a == 73 || a == 77 || a == 74 || a == 65 || a == 36 || a == 44 || a == 53 || a == 80 || a == 54 || a == 1 || a == 18 || a == 59 || a == 81): null

15-11-2024T09:22:22 - [TEST_STEP][PASSED] - else: null

15-11-2024T09:22:22 - [TEST_STEP][PASSED] - page1 = getText(findTestObject("Object Repository/Выполнение бизнес-плана/spanPlan" + filialNum)): Text of object 'Object Repository/Выполнение бизнес-плана/spanPlan3' is: '19.80
|'

15-11-2024T09:22:22 - [MESSAGE][PASSED] - Text of object 'Object Repository/Выполнение бизнес-плана/spanPlan3' is: '19.80
|'

15-11-2024T09:22:22 - [TEST_STEP][PASSED] - page1 = page1.replace("|", ""): null

15-11-2024T09:22:22 - [TEST_STEP][PASSED] - page2 = getText(findTestObject("Object Repository/Выполнение бизнес-плана/spanFact" + filialNum)): Text of object 'Object Repository/Выполнение бизнес-плана/spanFact3' is: '19.56
|'

15-11-2024T09:22:22 - [MESSAGE][PASSED] - Text of object 'Object Repository/Выполнение бизнес-плана/spanFact3' is: '19.56
|'

15-11-2024T09:22:22 - [TEST_STEP][PASSED] - page2 = page2.replace("|", ""): null

15-11-2024T09:22:22 - [TEST_STEP][PASSED] - println("page1: " + page1): null

15-11-2024T09:22:22 - [TEST_STEP][PASSED] - println("page2: " + page2): null

15-11-2024T09:22:22 - [TEST_STEP][PASSED] - file = findTestData("PlanFact").getValue(4, a): null

15-11-2024T09:22:22 - [TEST_STEP][PASSED] - file = file.replace(",", "."): null

15-11-2024T09:22:22 - [TEST_STEP][PASSED] - println("file Plan: " + file): null

15-11-2024T09:22:22 - [TEST_STEP][PASSED] - typeOfData = "План в процентах": null

15-11-2024T09:22:22 - [TEST_STEP][PASSED] - fileDouble = file.toDouble(): null

15-11-2024T09:22:22 - [TEST_STEP][PASSED] - pageDouble = page1.toDouble(): null

15-11-2024T09:22:22 - [TEST_STEP][PASSED] - if (fileDouble != pageDouble): null

15-11-2024T09:22:22 - [TEST_STEP][PASSED] - numberOfErrors = numberOfErrors + 1: null

15-11-2024T09:22:22 - [TEST_STEP][PASSED] - Script1718980020443.WriteToExcel(a, typeOfData, todaysDate, pageInt, fileInt, pageDouble, fileDouble, dZO): null

15-11-2024T09:22:22 - [TEST_STEP][PASSED] - sheetName = "Sheet1": null

15-11-2024T09:22:22 - [TEST_STEP][PASSED] - data = findTestData("PlanFact"): null

15-11-2024T09:22:22 - [TEST_STEP][PASSED] - n = data.getRowNumbers() + 1: null

15-11-2024T09:22:22 - [TEST_STEP][PASSED] - year = todaysDate.substring(todaysDate.length() - 4, todaysDate.length()): null

15-11-2024T09:22:22 - [TEST_STEP][PASSED] - y = year.toInteger(): null

15-11-2024T09:22:22 - [TEST_STEP][PASSED] - m = getText(findTestObject("Выполнение бизнес-плана/Период")): Text of object 'Object Repository/Выполнение бизнес-плана/Период' is: '1, 2, 3 кв. 2024 года'

15-11-2024T09:22:23 - [MESSAGE][PASSED] - Text of object 'Object Repository/Выполнение бизнес-плана/Период' is: '1, 2, 3 кв. 2024 года'

15-11-2024T09:22:23 - [TEST_STEP][PASSED] - m = m.substring(0, m.indexOf("2024")): null

15-11-2024T09:22:23 - [TEST_STEP][PASSED] - m = m.trim(): null

15-11-2024T09:22:23 - [TEST_STEP][PASSED] - dashboardName = "Выполнение бизнес-плана": null

15-11-2024T09:22:23 - [TEST_STEP][PASSED] - workbook01 = getWorkbook(excelFilePath): null

15-11-2024T09:22:23 - [TEST_STEP][PASSED] - sheet01 = getExcelSheet(workbook01, sheetName): null

15-11-2024T09:22:23 - [TEST_STEP][PASSED] - setValueToCellByIndex(sheet01, n, 0, dashboardName): null

15-11-2024T09:22:23 - [TEST_STEP][PASSED] - setValueToCellByIndex(sheet01, n, 1, dZO): null

15-11-2024T09:22:23 - [TEST_STEP][PASSED] - setValueToCellByIndex(sheet01, n, 2, typeOfData): null

15-11-2024T09:22:23 - [TEST_STEP][PASSED] - if (typeOfData == "Факт в процентах" || typeOfData == "План в процентах"): null

15-11-2024T09:22:23 - [TEST_STEP][PASSED] - setValueToCellByIndex(sheet01, n, 3, fileDouble): null

15-11-2024T09:22:23 - [TEST_STEP][PASSED] - setValueToCellByIndex(sheet01, n, 4, pageDouble): null

15-11-2024T09:22:23 - [TEST_STEP][PASSED] - setValueToCellByIndex(sheet01, n, 5, m): null

15-11-2024T09:22:23 - [TEST_STEP][PASSED] - setValueToCellByIndex(sheet01, n, 6, y): null

15-11-2024T09:22:23 - [TEST_STEP][PASSED] - setValueToCellByIndex(sheet01, n, 7, todaysDate): null

15-11-2024T09:22:23 - [TEST_STEP][PASSED] - n = n + 1: null

15-11-2024T09:22:23 - [TEST_STEP][PASSED] - saveWorkbook(excelFilePath, workbook01): null

15-11-2024T09:22:23 - [TEST_STEP][PASSED] - file = findTestData("PlanFact").getValue(7, a): null

15-11-2024T09:22:23 - [TEST_STEP][PASSED] - file = file.replace(",", "."): null

15-11-2024T09:22:23 - [TEST_STEP][PASSED] - println("file Fact: " + file): null

15-11-2024T09:22:23 - [TEST_STEP][PASSED] - fileDouble = file.toDouble(): null

15-11-2024T09:22:23 - [TEST_STEP][PASSED] - typeOfData = "Факт в процентах": null

15-11-2024T09:22:23 - [TEST_STEP][PASSED] - fileDouble = file.toDouble(): null

15-11-2024T09:22:23 - [TEST_STEP][PASSED] - pageDouble = page2.toDouble(): null

15-11-2024T09:22:23 - [TEST_STEP][PASSED] - if (fileDouble != pageDouble): null

15-11-2024T09:22:23 - [TEST_STEP][PASSED] - numberOfErrors = numberOfErrors + 1: null

15-11-2024T09:22:23 - [TEST_STEP][PASSED] - Script1718980020443.WriteToExcel(a, typeOfData, todaysDate, pageInt, fileInt, pageDouble, fileDouble, dZO): null

15-11-2024T09:22:23 - [TEST_STEP][PASSED] - sheetName = "Sheet1": null

15-11-2024T09:22:23 - [TEST_STEP][PASSED] - data = findTestData("PlanFact"): null

15-11-2024T09:22:23 - [TEST_STEP][PASSED] - n = data.getRowNumbers() + 1: null

15-11-2024T09:22:23 - [TEST_STEP][PASSED] - year = todaysDate.substring(todaysDate.length() - 4, todaysDate.length()): null

15-11-2024T09:22:23 - [TEST_STEP][PASSED] - y = year.toInteger(): null

15-11-2024T09:22:23 - [TEST_STEP][PASSED] - m = getText(findTestObject("Выполнение бизнес-плана/Период")): Text of object 'Object Repository/Выполнение бизнес-плана/Период' is: '1, 2, 3 кв. 2024 года'

15-11-2024T09:22:24 - [MESSAGE][PASSED] - Text of object 'Object Repository/Выполнение бизнес-плана/Период' is: '1, 2, 3 кв. 2024 года'

15-11-2024T09:22:24 - [TEST_STEP][PASSED] - m = m.substring(0, m.indexOf("2024")): null

15-11-2024T09:22:24 - [TEST_STEP][PASSED] - m = m.trim(): null

15-11-2024T09:22:24 - [TEST_STEP][PASSED] - dashboardName = "Выполнение бизнес-плана": null

15-11-2024T09:22:24 - [TEST_STEP][PASSED] - workbook01 = getWorkbook(excelFilePath): null

15-11-2024T09:22:24 - [TEST_STEP][PASSED] - sheet01 = getExcelSheet(workbook01, sheetName): null

15-11-2024T09:22:24 - [TEST_STEP][PASSED] - setValueToCellByIndex(sheet01, n, 0, dashboardName): null

15-11-2024T09:22:24 - [TEST_STEP][PASSED] - setValueToCellByIndex(sheet01, n, 1, dZO): null

15-11-2024T09:22:24 - [TEST_STEP][PASSED] - setValueToCellByIndex(sheet01, n, 2, typeOfData): null

15-11-2024T09:22:24 - [TEST_STEP][PASSED] - if (typeOfData == "Факт в процентах" || typeOfData == "План в процентах"): null

15-11-2024T09:22:24 - [TEST_STEP][PASSED] - setValueToCellByIndex(sheet01, n, 3, fileDouble): null

15-11-2024T09:22:24 - [TEST_STEP][PASSED] - setValueToCellByIndex(sheet01, n, 4, pageDouble): null

15-11-2024T09:22:24 - [TEST_STEP][PASSED] - setValueToCellByIndex(sheet01, n, 5, m): null

15-11-2024T09:22:24 - [TEST_STEP][PASSED] - setValueToCellByIndex(sheet01, n, 6, y): null

15-11-2024T09:22:24 - [TEST_STEP][PASSED] - setValueToCellByIndex(sheet01, n, 7, todaysDate): null

15-11-2024T09:22:24 - [TEST_STEP][PASSED] - n = n + 1: null

15-11-2024T09:22:24 - [TEST_STEP][PASSED] - saveWorkbook(excelFilePath, workbook01): null

15-11-2024T09:22:24 - [TEST_STEP][FAILED] - if (verifyEqual(numberOfErrors, 0) == false): null

15-11-2024T09:22:24 - [MESSAGE][FAILED] - Unable to verify equal between actual object '6' and expected object '0' (Root cause: com.kms.katalon.core.exception.StepFailedException: Actual object '6' and expected object '0' are not equal
	at com.kms.katalon.core.keyword.builtin.VerifyEqualKeyword$_verifyEqual_closure1.doCall(VerifyEqualKeyword.groovy:58)
	at com.kms.katalon.core.keyword.builtin.VerifyEqualKeyword$_verifyEqual_closure1.call(VerifyEqualKeyword.groovy)
	at com.kms.katalon.core.keyword.internal.KeywordMain.runKeyword(KeywordMain.groovy:75)
	at com.kms.katalon.core.keyword.builtin.VerifyEqualKeyword.verifyEqual(VerifyEqualKeyword.groovy:63)
	at com.kms.katalon.core.keyword.builtin.VerifyEqualKeyword.execute(VerifyEqualKeyword.groovy:44)
	at com.kms.katalon.core.keyword.internal.KeywordExecutor.executeKeywordForPlatform(KeywordExecutor.groovy:74)
	at com.kms.katalon.core.keyword.BuiltinKeywords.verifyEqual(BuiltinKeywords.groovy:146)
	at java.base/jdk.internal.reflect.NativeMethodAccessorImpl.invoke0(Native Method)
	at java.base/jdk.internal.reflect.NativeMethodAccessorImpl.invoke(NativeMethodAccessorImpl.java:77)
	at java.base/jdk.internal.reflect.DelegatingMethodAccessorImpl.invoke(DelegatingMethodAccessorImpl.java:43)
	at Выполнение бизнес-плана Сверка ПАО Россети все филиалы.Numbers(Выполнение бизнес-плана Сверка ПАО Россети все филиалы:740)
	at Выполнение бизнес-плана Сверка ПАО Россети все филиалы.Filials(Выполнение бизнес-плана Сверка ПАО Россети все филиалы:1099)
	at Выполнение бизнес-плана Сверка ПАО Россети все филиалы.Numbers(Выполнение бизнес-плана Сверка ПАО Россети все филиалы:745)
	at Выполнение бизнес-плана Сверка ПАО Россети все филиалы.run(Выполнение бизнес-плана Сверка ПАО Россети все филиалы:304)
	at com.kms.katalon.core.main.ScriptEngine.run(ScriptEngine.java:194)
	at com.kms.katalon.core.main.ScriptEngine.runScriptAsRawText(ScriptEngine.java:119)
	at com.kms.katalon.core.main.TestCaseExecutor.runScript(TestCaseExecutor.java:448)
	at com.kms.katalon.core.main.TestCaseExecutor.doExecute(TestCaseExecutor.java:439)
	at com.kms.katalon.core.main.TestCaseExecutor.processExecutionPhase(TestCaseExecutor.java:418)
	at com.kms.katalon.core.main.TestCaseExecutor.accessMainPhase(TestCaseExecutor.java:410)
	at com.kms.katalon.core.main.TestCaseExecutor.execute(TestCaseExecutor.java:285)
	at com.kms.katalon.core.common.CommonExecutor.accessTestCaseMainPhase(CommonExecutor.java:65)
	at com.kms.katalon.core.main.TestSuiteExecutor.accessTestSuiteMainPhase(TestSuiteExecutor.java:150)
	at com.kms.katalon.core.main.TestSuiteExecutor.execute(TestSuiteExecutor.java:106)
	at com.kms.katalon.core.main.TestCaseMain.startTestSuite(TestCaseMain.java:180)
	at TempTestSuite1731647997681.run(TempTestSuite1731647997681.groovy:35)
	at java.base/jdk.internal.reflect.NativeMethodAccessorImpl.invoke0(Native Method)
	at java.base/jdk.internal.reflect.NativeMethodAccessorImpl.invoke(NativeMethodAccessorImpl.java:77)
	at java.base/jdk.internal.reflect.DelegatingMethodAccessorImpl.invoke(DelegatingMethodAccessorImpl.java:43)
)

15-11-2024T09:22:24 - [TEST_STEP][PASSED] - println(numberOfErrors): null

15-11-2024T09:22:24 - [TEST_STEP][PASSED] - if (a == 28 || a == 77 || a == 74 || a == 65 || a == 36 || a == 44 || a == 54 || a == 1 || a == 18 || a == 59): null

15-11-2024T09:22:24 - [TEST_STEP][PASSED] - if (a == 82): null

15-11-2024T09:22:24 - [TEST_STEP][PASSED] - dZO = "Карачаево-Черкесскэнерго": null

15-11-2024T09:22:24 - [TEST_STEP][PASSED] - a = 67: null

15-11-2024T09:22:24 - [TEST_STEP][PASSED] - if (x2.contains(dZO)): null

15-11-2024T09:22:24 - [TEST_STEP][PASSED] - filialNum = filialNum + 1: null

15-11-2024T09:22:24 - [TEST_STEP][PASSED] - Script1718980020443.Numbers(a, typeOfData, todaysDate, pageInt, fileInt, pageDouble, fileDouble, dZO, dzoNum, filialNum): null

15-11-2024T09:22:24 - [TEST_STEP][PASSED] - println(dzoNum): null

15-11-2024T09:22:24 - [TEST_STEP][PASSED] - planFact = <not implemented yet for class: org.codehaus.groovy.ast.expr.EmptyExpression>: null

15-11-2024T09:22:24 - [TEST_STEP][PASSED] - page = <not implemented yet for class: org.codehaus.groovy.ast.expr.EmptyExpression>: null

15-11-2024T09:22:24 - [TEST_STEP][PASSED] - page1 = <not implemented yet for class: org.codehaus.groovy.ast.expr.EmptyExpression>: null

15-11-2024T09:22:24 - [TEST_STEP][PASSED] - page2 = <not implemented yet for class: org.codehaus.groovy.ast.expr.EmptyExpression>: null

15-11-2024T09:22:24 - [TEST_STEP][PASSED] - filialNumberInRow = <not implemented yet for class: org.codehaus.groovy.ast.expr.EmptyExpression>: null

15-11-2024T09:22:24 - [TEST_STEP][PASSED] - filialsDzoNames = <not implemented yet for class: org.codehaus.groovy.ast.expr.EmptyExpression>: null

15-11-2024T09:22:24 - [TEST_STEP][PASSED] - numberOfFilials = <not implemented yet for class: org.codehaus.groovy.ast.expr.EmptyExpression>: null

15-11-2024T09:22:24 - [TEST_STEP][PASSED] - numberOfSpaces = <not implemented yet for class: org.codehaus.groovy.ast.expr.EmptyExpression>: null

15-11-2024T09:22:24 - [TEST_STEP][PASSED] - file = <not implemented yet for class: org.codehaus.groovy.ast.expr.EmptyExpression>: null

15-11-2024T09:22:24 - [TEST_STEP][PASSED] - otpusk = <not implemented yet for class: org.codehaus.groovy.ast.expr.EmptyExpression>: null

15-11-2024T09:22:24 - [TEST_STEP][PASSED] - poteri = <not implemented yet for class: org.codehaus.groovy.ast.expr.EmptyExpression>: null

15-11-2024T09:22:24 - [TEST_STEP][PASSED] - dataFolder = "Выполнение бизнес-плана/Значения со страницы Выполнение бизнес-плана/": null

15-11-2024T09:22:24 - [TEST_STEP][PASSED] - path = <not implemented yet for class: org.codehaus.groovy.ast.expr.EmptyExpression>: null

15-11-2024T09:22:24 - [TEST_STEP][PASSED] - typeOfDataMain = <not implemented yet for class: org.codehaus.groovy.ast.expr.EmptyExpression>: null

15-11-2024T09:22:24 - [TEST_STEP][PASSED] - fileOtpuskVSet = <not implemented yet for class: org.codehaus.groovy.ast.expr.EmptyExpression>: null

15-11-2024T09:22:24 - [TEST_STEP][PASSED] - pageOtpuskVSet = <not implemented yet for class: org.codehaus.groovy.ast.expr.EmptyExpression>: null

15-11-2024T09:22:24 - [TEST_STEP][PASSED] - filePoteri = <not implemented yet for class: org.codehaus.groovy.ast.expr.EmptyExpression>: null

15-11-2024T09:22:24 - [TEST_STEP][PASSED] - pagePoteri = <not implemented yet for class: org.codehaus.groovy.ast.expr.EmptyExpression>: null

15-11-2024T09:22:24 - [TEST_STEP][PASSED] - compare = <not implemented yet for class: org.codehaus.groovy.ast.expr.EmptyExpression>: null

15-11-2024T09:22:24 - [TEST_STEP][PASSED] - b = <not implemented yet for class: org.codehaus.groovy.ast.expr.EmptyExpression>: null

15-11-2024T09:22:24 - [TEST_STEP][PASSED] - i = <not implemented yet for class: org.codehaus.groovy.ast.expr.EmptyExpression>: null

15-11-2024T09:22:24 - [TEST_STEP][PASSED] - ii = <not implemented yet for class: org.codehaus.groovy.ast.expr.EmptyExpression>: null

15-11-2024T09:22:24 - [TEST_STEP][PASSED] - c = <not implemented yet for class: org.codehaus.groovy.ast.expr.EmptyExpression>: null

15-11-2024T09:22:24 - [TEST_STEP][PASSED] - numberOfErrors = 0: null

15-11-2024T09:22:24 - [TEST_STEP][PASSED] - if (a == 82): null

15-11-2024T09:22:24 - [TEST_STEP][PASSED] - b = findTestData("PlanFact").getValue(1, a): null

15-11-2024T09:22:24 - [TEST_STEP][PASSED] - i = b.indexOf(" (ГК)"): null

15-11-2024T09:22:24 - [TEST_STEP][PASSED] - if (i > -1): null

15-11-2024T09:22:24 - [TEST_STEP][PASSED] - i = b.indexOf("О ""): null

15-11-2024T09:22:24 - [TEST_STEP][PASSED] - if (i > -1): null

15-11-2024T09:22:24 - [TEST_STEP][PASSED] - i = b.indexOf("О «"): null

15-11-2024T09:22:24 - [TEST_STEP][PASSED] - if (i > -1): null

15-11-2024T09:22:24 - [TEST_STEP][PASSED] - i = b.indexOf("г. "): null

15-11-2024T09:22:24 - [TEST_STEP][PASSED] - if (i > -1): null

15-11-2024T09:22:24 - [TEST_STEP][PASSED] - println(b): null

15-11-2024T09:22:24 - [TEST_STEP][PASSED] - for ([planFact = 1, planFact < 3, (planFact++)]): null

15-11-2024T09:22:24 - [TEST_STEP][PASSED] - if (planFact == 1): null

15-11-2024T09:22:24 - [TEST_STEP][PASSED] - typeOfDataMain = "Факт": null

15-11-2024T09:22:24 - [TEST_STEP][PASSED] - otpusk = findTestData("PlanFact").getValue(5, a): null

15-11-2024T09:22:24 - [TEST_STEP][PASSED] - poteri = findTestData("PlanFact").getValue(6, a): null

15-11-2024T09:22:24 - [TEST_STEP][PASSED] - otpusk = otpusk.replaceAll("\s+", ""): null

15-11-2024T09:22:24 - [TEST_STEP][PASSED] - poteri = poteri.replaceAll("\s+", ""): null

15-11-2024T09:22:24 - [TEST_STEP][PASSED] - typeOfData = typeOfDataMain + " Отпуск в сеть": null

15-11-2024T09:22:24 - [TEST_STEP][PASSED] - if (a == 82): null

15-11-2024T09:22:24 - [TEST_STEP][PASSED] - else if (a == 84): null

15-11-2024T09:22:24 - [TEST_STEP][PASSED] - else if (a == 52 || a == 72 || a == 28 || a == 73 || a == 77 || a == 74 || a == 65 || a == 36 || a == 44 || a == 53 || a == 80 || a == 54 || a == 1 || a == 18 || a == 59 || a == 81): null

15-11-2024T09:22:24 - [TEST_STEP][PASSED] - else: null

15-11-2024T09:22:24 - [TEST_STEP][PASSED] - path = dataFolder + typeOfData + " за отчётный период " + b: null

15-11-2024T09:22:24 - [TEST_STEP][PASSED] - println(path): null

15-11-2024T09:22:24 - [TEST_STEP][PASSED] - page = getText(findTestObject(path)): Text of object 'Object Repository/Выполнение бизнес-плана/Значения со страницы Выполнение бизнес-плана/Факт Отпуск в сеть за отчётный период Карачаево-Черкесскэнерго' is: '1 013 182'

15-11-2024T09:22:24 - [MESSAGE][PASSED] - Text of object 'Object Repository/Выполнение бизнес-плана/Значения со страницы Выполнение бизнес-плана/Факт Отпуск в сеть за отчётный период Карачаево-Черкесскэнерго' is: '1 013 182'

15-11-2024T09:22:24 - [TEST_STEP][PASSED] - page = page.replaceAll("\s+", ""): null

15-11-2024T09:22:24 - [TEST_STEP][PASSED] - fileOtpuskVSet = otpusk.toInteger(): null

15-11-2024T09:22:24 - [TEST_STEP][PASSED] - pageOtpuskVSet = page.toInteger(): null

15-11-2024T09:22:24 - [TEST_STEP][PASSED] - typeOfData = typeOfDataMain + " Потери": null

15-11-2024T09:22:24 - [TEST_STEP][PASSED] - if (a == 82): null

15-11-2024T09:22:24 - [TEST_STEP][PASSED] - else if (a == 84): null

15-11-2024T09:22:24 - [TEST_STEP][PASSED] - else if (a == 52 || a == 72 || a == 28 || a == 73 || a == 77 || a == 74 || a == 65 || a == 36 || a == 44 || a == 53 || a == 80 || a == 54 || a == 1 || a == 18 || a == 59 || a == 81): null

15-11-2024T09:22:24 - [TEST_STEP][PASSED] - else: null

15-11-2024T09:22:24 - [TEST_STEP][PASSED] - path = dataFolder + typeOfData + " за отчётный период " + b: null

15-11-2024T09:22:24 - [TEST_STEP][PASSED] - page = getText(findTestObject(path)): Text of object 'Object Repository/Выполнение бизнес-плана/Значения со страницы Выполнение бизнес-плана/Факт Потери за отчётный период Карачаево-Черкесскэнерго' is: '146 000'

15-11-2024T09:22:25 - [MESSAGE][PASSED] - Text of object 'Object Repository/Выполнение бизнес-плана/Значения со страницы Выполнение бизнес-плана/Факт Потери за отчётный период Карачаево-Черкесскэнерго' is: '146 000'

15-11-2024T09:22:25 - [TEST_STEP][PASSED] - page = page.replaceAll("\s+", ""): null

15-11-2024T09:22:25 - [TEST_STEP][PASSED] - filePoteri = poteri.toInteger(): null

15-11-2024T09:22:25 - [TEST_STEP][PASSED] - pagePoteri = page.toInteger(): null

15-11-2024T09:22:25 - [TEST_STEP][PASSED] - compare = pageOtpuskVSet: null

15-11-2024T09:22:25 - [TEST_STEP][PASSED] - if (compare == fileOtpuskVSet): null

15-11-2024T09:22:25 - [TEST_STEP][PASSED] - else if (compare > fileOtpuskVSet): null

15-11-2024T09:22:25 - [TEST_STEP][PASSED] - compare = compare - 1: null

15-11-2024T09:22:25 - [TEST_STEP][PASSED] - if (compare == fileOtpuskVSet): null

15-11-2024T09:22:25 - [TEST_STEP][PASSED] - else: null

15-11-2024T09:22:25 - [TEST_STEP][PASSED] - numberOfErrors = numberOfErrors + 1: null

15-11-2024T09:22:25 - [TEST_STEP][PASSED] - pageInt = pageOtpuskVSet: null

15-11-2024T09:22:25 - [TEST_STEP][PASSED] - fileInt = fileOtpuskVSet: null

15-11-2024T09:22:25 - [TEST_STEP][PASSED] - typeOfData = typeOfDataMain + " Отпуск в сеть": null

15-11-2024T09:22:25 - [TEST_STEP][PASSED] - Script1718980020443.WriteToExcel(a, typeOfData, todaysDate, pageInt, fileInt, pageDouble, fileDouble, dZO): null

15-11-2024T09:22:25 - [TEST_STEP][PASSED] - sheetName = "Sheet1": null

15-11-2024T09:22:25 - [TEST_STEP][PASSED] - data = findTestData("PlanFact"): null

15-11-2024T09:22:25 - [TEST_STEP][PASSED] - n = data.getRowNumbers() + 1: null

15-11-2024T09:22:25 - [TEST_STEP][PASSED] - year = todaysDate.substring(todaysDate.length() - 4, todaysDate.length()): null

15-11-2024T09:22:25 - [TEST_STEP][PASSED] - y = year.toInteger(): null

15-11-2024T09:22:25 - [TEST_STEP][PASSED] - m = getText(findTestObject("Выполнение бизнес-плана/Период")): Text of object 'Object Repository/Выполнение бизнес-плана/Период' is: '1, 2, 3 кв. 2024 года'

15-11-2024T09:22:25 - [MESSAGE][PASSED] - Text of object 'Object Repository/Выполнение бизнес-плана/Период' is: '1, 2, 3 кв. 2024 года'

15-11-2024T09:22:25 - [TEST_STEP][PASSED] - m = m.substring(0, m.indexOf("2024")): null

15-11-2024T09:22:25 - [TEST_STEP][PASSED] - m = m.trim(): null

15-11-2024T09:22:25 - [TEST_STEP][PASSED] - dashboardName = "Выполнение бизнес-плана": null

15-11-2024T09:22:25 - [TEST_STEP][PASSED] - workbook01 = getWorkbook(excelFilePath): null

15-11-2024T09:22:25 - [TEST_STEP][PASSED] - sheet01 = getExcelSheet(workbook01, sheetName): null

15-11-2024T09:22:25 - [TEST_STEP][PASSED] - setValueToCellByIndex(sheet01, n, 0, dashboardName): null

15-11-2024T09:22:25 - [TEST_STEP][PASSED] - setValueToCellByIndex(sheet01, n, 1, dZO): null

15-11-2024T09:22:25 - [TEST_STEP][PASSED] - setValueToCellByIndex(sheet01, n, 2, typeOfData): null

15-11-2024T09:22:25 - [TEST_STEP][PASSED] - if (typeOfData == "Факт в процентах" || typeOfData == "План в процентах"): null

15-11-2024T09:22:25 - [TEST_STEP][PASSED] - else: null

15-11-2024T09:22:25 - [TEST_STEP][PASSED] - setValueToCellByIndex(sheet01, n, 3, fileInt): null

15-11-2024T09:22:25 - [TEST_STEP][PASSED] - setValueToCellByIndex(sheet01, n, 4, pageInt): null

15-11-2024T09:22:25 - [TEST_STEP][PASSED] - setValueToCellByIndex(sheet01, n, 5, m): null

15-11-2024T09:22:25 - [TEST_STEP][PASSED] - setValueToCellByIndex(sheet01, n, 6, y): null

15-11-2024T09:22:25 - [TEST_STEP][PASSED] - setValueToCellByIndex(sheet01, n, 7, todaysDate): null

15-11-2024T09:22:25 - [TEST_STEP][PASSED] - n = n + 1: null

15-11-2024T09:22:25 - [TEST_STEP][PASSED] - saveWorkbook(excelFilePath, workbook01): null

15-11-2024T09:22:25 - [TEST_STEP][PASSED] - compare = pagePoteri: null

15-11-2024T09:22:25 - [TEST_STEP][PASSED] - if (compare == filePoteri): null

15-11-2024T09:22:25 - [TEST_STEP][PASSED] - else if (compare > filePoteri): null

15-11-2024T09:22:25 - [TEST_STEP][PASSED] - compare = compare - 1: null

15-11-2024T09:22:25 - [TEST_STEP][PASSED] - if (compare == filePoteri): null

15-11-2024T09:22:25 - [TEST_STEP][PASSED] - else: null

15-11-2024T09:22:25 - [TEST_STEP][PASSED] - numberOfErrors = numberOfErrors + 1: null

15-11-2024T09:22:25 - [TEST_STEP][PASSED] - pageInt = pagePoteri: null

15-11-2024T09:22:25 - [TEST_STEP][PASSED] - fileInt = filePoteri: null

15-11-2024T09:22:25 - [TEST_STEP][PASSED] - typeOfData = typeOfDataMain + " Потери": null

15-11-2024T09:22:25 - [TEST_STEP][PASSED] - Script1718980020443.WriteToExcel(a, typeOfData, todaysDate, pageInt, fileInt, pageDouble, fileDouble, dZO): null

15-11-2024T09:22:25 - [TEST_STEP][PASSED] - sheetName = "Sheet1": null

15-11-2024T09:22:25 - [TEST_STEP][PASSED] - data = findTestData("PlanFact"): null

15-11-2024T09:22:26 - [TEST_STEP][PASSED] - n = data.getRowNumbers() + 1: null

15-11-2024T09:22:26 - [TEST_STEP][PASSED] - year = todaysDate.substring(todaysDate.length() - 4, todaysDate.length()): null

15-11-2024T09:22:26 - [TEST_STEP][PASSED] - y = year.toInteger(): null

15-11-2024T09:22:26 - [TEST_STEP][PASSED] - m = getText(findTestObject("Выполнение бизнес-плана/Период")): Text of object 'Object Repository/Выполнение бизнес-плана/Период' is: '1, 2, 3 кв. 2024 года'

15-11-2024T09:22:26 - [MESSAGE][PASSED] - Text of object 'Object Repository/Выполнение бизнес-плана/Период' is: '1, 2, 3 кв. 2024 года'

15-11-2024T09:22:26 - [TEST_STEP][PASSED] - m = m.substring(0, m.indexOf("2024")): null

15-11-2024T09:22:26 - [TEST_STEP][PASSED] - m = m.trim(): null

15-11-2024T09:22:26 - [TEST_STEP][PASSED] - dashboardName = "Выполнение бизнес-плана": null

15-11-2024T09:22:26 - [TEST_STEP][PASSED] - workbook01 = getWorkbook(excelFilePath): null

15-11-2024T09:22:26 - [TEST_STEP][PASSED] - sheet01 = getExcelSheet(workbook01, sheetName): null

15-11-2024T09:22:26 - [TEST_STEP][PASSED] - setValueToCellByIndex(sheet01, n, 0, dashboardName): null

15-11-2024T09:22:26 - [TEST_STEP][PASSED] - setValueToCellByIndex(sheet01, n, 1, dZO): null

15-11-2024T09:22:26 - [TEST_STEP][PASSED] - setValueToCellByIndex(sheet01, n, 2, typeOfData): null

15-11-2024T09:22:26 - [TEST_STEP][PASSED] - if (typeOfData == "Факт в процентах" || typeOfData == "План в процентах"): null

15-11-2024T09:22:26 - [TEST_STEP][PASSED] - else: null

15-11-2024T09:22:26 - [TEST_STEP][PASSED] - setValueToCellByIndex(sheet01, n, 3, fileInt): null

15-11-2024T09:22:26 - [TEST_STEP][PASSED] - setValueToCellByIndex(sheet01, n, 4, pageInt): null

15-11-2024T09:22:26 - [TEST_STEP][PASSED] - setValueToCellByIndex(sheet01, n, 5, m): null

15-11-2024T09:22:26 - [TEST_STEP][PASSED] - setValueToCellByIndex(sheet01, n, 6, y): null

15-11-2024T09:22:26 - [TEST_STEP][PASSED] - setValueToCellByIndex(sheet01, n, 7, todaysDate): null

15-11-2024T09:22:26 - [TEST_STEP][PASSED] - n = n + 1: null

15-11-2024T09:22:26 - [TEST_STEP][PASSED] - saveWorkbook(excelFilePath, workbook01): null

15-11-2024T09:22:26 - [TEST_STEP][PASSED] - if (planFact == 2): null

15-11-2024T09:22:26 - [TEST_STEP][PASSED] - if (planFact == 1): null

15-11-2024T09:22:26 - [TEST_STEP][PASSED] - else if (planFact == 2): null

15-11-2024T09:22:26 - [TEST_STEP][PASSED] - click(findTestObject("Выполнение бизнес-плана/Кнопка План")): Object: 'Object Repository/Выполнение бизнес-плана/Кнопка План' is clicked on

15-11-2024T09:22:27 - [MESSAGE][PASSED] - Object: 'Object Repository/Выполнение бизнес-плана/Кнопка План' is clicked on

15-11-2024T09:22:27 - [TEST_STEP][PASSED] - typeOfDataMain = "План": null

15-11-2024T09:22:27 - [TEST_STEP][PASSED] - otpusk = findTestData("PlanFact").getValue(2, a): null

15-11-2024T09:22:27 - [TEST_STEP][PASSED] - poteri = findTestData("PlanFact").getValue(3, a): null

15-11-2024T09:22:27 - [TEST_STEP][PASSED] - otpusk = otpusk.replaceAll("\s+", ""): null

15-11-2024T09:22:27 - [TEST_STEP][PASSED] - poteri = poteri.replaceAll("\s+", ""): null

15-11-2024T09:22:27 - [TEST_STEP][PASSED] - typeOfData = typeOfDataMain + " Отпуск в сеть": null

15-11-2024T09:22:27 - [TEST_STEP][PASSED] - if (a == 82): null

15-11-2024T09:22:27 - [TEST_STEP][PASSED] - else if (a == 84): null

15-11-2024T09:22:27 - [TEST_STEP][PASSED] - else if (a == 52 || a == 72 || a == 28 || a == 73 || a == 77 || a == 74 || a == 65 || a == 36 || a == 44 || a == 53 || a == 80 || a == 54 || a == 1 || a == 18 || a == 59 || a == 81): null

15-11-2024T09:22:27 - [TEST_STEP][PASSED] - else: null

15-11-2024T09:22:27 - [TEST_STEP][PASSED] - path = dataFolder + typeOfData + " за отчётный период " + b: null

15-11-2024T09:22:27 - [TEST_STEP][PASSED] - println(path): null

15-11-2024T09:22:27 - [TEST_STEP][PASSED] - page = getText(findTestObject(path)): Text of object 'Object Repository/Выполнение бизнес-плана/Значения со страницы Выполнение бизнес-плана/План Отпуск в сеть за отчётный период Карачаево-Черкесскэнерго' is: '938 915'

15-11-2024T09:22:27 - [MESSAGE][PASSED] - Text of object 'Object Repository/Выполнение бизнес-плана/Значения со страницы Выполнение бизнес-плана/План Отпуск в сеть за отчётный период Карачаево-Черкесскэнерго' is: '938 915'

15-11-2024T09:22:27 - [TEST_STEP][PASSED] - page = page.replaceAll("\s+", ""): null

15-11-2024T09:22:27 - [TEST_STEP][PASSED] - fileOtpuskVSet = otpusk.toInteger(): null

15-11-2024T09:22:27 - [TEST_STEP][PASSED] - pageOtpuskVSet = page.toInteger(): null

15-11-2024T09:22:27 - [TEST_STEP][PASSED] - typeOfData = typeOfDataMain + " Потери": null

15-11-2024T09:22:27 - [TEST_STEP][PASSED] - if (a == 82): null

15-11-2024T09:22:27 - [TEST_STEP][PASSED] - else if (a == 84): null

15-11-2024T09:22:27 - [TEST_STEP][PASSED] - else if (a == 52 || a == 72 || a == 28 || a == 73 || a == 77 || a == 74 || a == 65 || a == 36 || a == 44 || a == 53 || a == 80 || a == 54 || a == 1 || a == 18 || a == 59 || a == 81): null

15-11-2024T09:22:27 - [TEST_STEP][PASSED] - else: null

15-11-2024T09:22:27 - [TEST_STEP][PASSED] - path = dataFolder + typeOfData + " за отчётный период " + b: null

15-11-2024T09:22:27 - [TEST_STEP][PASSED] - page = getText(findTestObject(path)): Text of object 'Object Repository/Выполнение бизнес-плана/Значения со страницы Выполнение бизнес-плана/План Потери за отчётный период Карачаево-Черкесскэнерго' is: '126 591'

15-11-2024T09:22:27 - [MESSAGE][PASSED] - Text of object 'Object Repository/Выполнение бизнес-плана/Значения со страницы Выполнение бизнес-плана/План Потери за отчётный период Карачаево-Черкесскэнерго' is: '126 591'

15-11-2024T09:22:27 - [TEST_STEP][PASSED] - page = page.replaceAll("\s+", ""): null

15-11-2024T09:22:27 - [TEST_STEP][PASSED] - filePoteri = poteri.toInteger(): null

15-11-2024T09:22:27 - [TEST_STEP][PASSED] - pagePoteri = page.toInteger(): null

15-11-2024T09:22:27 - [TEST_STEP][PASSED] - compare = pageOtpuskVSet: null

15-11-2024T09:22:27 - [TEST_STEP][PASSED] - if (compare == fileOtpuskVSet): null

15-11-2024T09:22:27 - [TEST_STEP][PASSED] - else if (compare > fileOtpuskVSet): null

15-11-2024T09:22:27 - [TEST_STEP][PASSED] - else if (compare < fileOtpuskVSet): null

15-11-2024T09:22:27 - [TEST_STEP][PASSED] - compare = compare + 1: null

15-11-2024T09:22:27 - [TEST_STEP][PASSED] - if (compare == fileOtpuskVSet): null

15-11-2024T09:22:27 - [TEST_STEP][PASSED] - else: null

15-11-2024T09:22:27 - [TEST_STEP][PASSED] - numberOfErrors = numberOfErrors + 1: null

15-11-2024T09:22:27 - [TEST_STEP][PASSED] - pageInt = pageOtpuskVSet: null

15-11-2024T09:22:27 - [TEST_STEP][PASSED] - fileInt = fileOtpuskVSet: null

15-11-2024T09:22:27 - [TEST_STEP][PASSED] - typeOfData = typeOfDataMain + " Отпуск в сеть": null

15-11-2024T09:22:27 - [TEST_STEP][PASSED] - Script1718980020443.WriteToExcel(a, typeOfData, todaysDate, pageInt, fileInt, pageDouble, fileDouble, dZO): null

15-11-2024T09:22:27 - [TEST_STEP][PASSED] - sheetName = "Sheet1": null

15-11-2024T09:22:27 - [TEST_STEP][PASSED] - data = findTestData("PlanFact"): null

15-11-2024T09:22:27 - [TEST_STEP][PASSED] - n = data.getRowNumbers() + 1: null

15-11-2024T09:22:27 - [TEST_STEP][PASSED] - year = todaysDate.substring(todaysDate.length() - 4, todaysDate.length()): null

15-11-2024T09:22:27 - [TEST_STEP][PASSED] - y = year.toInteger(): null

15-11-2024T09:22:27 - [TEST_STEP][PASSED] - m = getText(findTestObject("Выполнение бизнес-плана/Период")): Text of object 'Object Repository/Выполнение бизнес-плана/Период' is: '1, 2, 3 кв. 2024 года'

15-11-2024T09:22:28 - [MESSAGE][PASSED] - Text of object 'Object Repository/Выполнение бизнес-плана/Период' is: '1, 2, 3 кв. 2024 года'

15-11-2024T09:22:28 - [TEST_STEP][PASSED] - m = m.substring(0, m.indexOf("2024")): null

15-11-2024T09:22:28 - [TEST_STEP][PASSED] - m = m.trim(): null

15-11-2024T09:22:28 - [TEST_STEP][PASSED] - dashboardName = "Выполнение бизнес-плана": null

15-11-2024T09:22:28 - [TEST_STEP][PASSED] - workbook01 = getWorkbook(excelFilePath): null

15-11-2024T09:22:28 - [TEST_STEP][PASSED] - sheet01 = getExcelSheet(workbook01, sheetName): null

15-11-2024T09:22:28 - [TEST_STEP][PASSED] - setValueToCellByIndex(sheet01, n, 0, dashboardName): null

15-11-2024T09:22:28 - [TEST_STEP][PASSED] - setValueToCellByIndex(sheet01, n, 1, dZO): null

15-11-2024T09:22:28 - [TEST_STEP][PASSED] - setValueToCellByIndex(sheet01, n, 2, typeOfData): null

15-11-2024T09:22:28 - [TEST_STEP][PASSED] - if (typeOfData == "Факт в процентах" || typeOfData == "План в процентах"): null

15-11-2024T09:22:28 - [TEST_STEP][PASSED] - else: null

15-11-2024T09:22:28 - [TEST_STEP][PASSED] - setValueToCellByIndex(sheet01, n, 3, fileInt): null

15-11-2024T09:22:28 - [TEST_STEP][PASSED] - setValueToCellByIndex(sheet01, n, 4, pageInt): null

15-11-2024T09:22:28 - [TEST_STEP][PASSED] - setValueToCellByIndex(sheet01, n, 5, m): null

15-11-2024T09:22:28 - [TEST_STEP][PASSED] - setValueToCellByIndex(sheet01, n, 6, y): null

15-11-2024T09:22:28 - [TEST_STEP][PASSED] - setValueToCellByIndex(sheet01, n, 7, todaysDate): null

15-11-2024T09:22:28 - [TEST_STEP][PASSED] - n = n + 1: null

15-11-2024T09:22:28 - [TEST_STEP][PASSED] - saveWorkbook(excelFilePath, workbook01): null

15-11-2024T09:22:28 - [TEST_STEP][PASSED] - compare = pagePoteri: null

15-11-2024T09:22:28 - [TEST_STEP][PASSED] - if (compare == filePoteri): null

15-11-2024T09:22:28 - [TEST_STEP][PASSED] - else if (compare > filePoteri): null

15-11-2024T09:22:28 - [TEST_STEP][PASSED] - else if (compare < filePoteri): null

15-11-2024T09:22:28 - [TEST_STEP][PASSED] - compare = compare + 1: null

15-11-2024T09:22:28 - [TEST_STEP][PASSED] - if (compare == filePoteri): null

15-11-2024T09:22:28 - [TEST_STEP][PASSED] - else: null

15-11-2024T09:22:28 - [TEST_STEP][PASSED] - numberOfErrors = numberOfErrors + 1: null

15-11-2024T09:22:28 - [TEST_STEP][PASSED] - pageInt = pagePoteri: null

15-11-2024T09:22:28 - [TEST_STEP][PASSED] - fileInt = filePoteri: null

15-11-2024T09:22:28 - [TEST_STEP][PASSED] - typeOfData = typeOfDataMain + " Потери": null

15-11-2024T09:22:28 - [TEST_STEP][PASSED] - Script1718980020443.WriteToExcel(a, typeOfData, todaysDate, pageInt, fileInt, pageDouble, fileDouble, dZO): null

15-11-2024T09:22:28 - [TEST_STEP][PASSED] - sheetName = "Sheet1": null

15-11-2024T09:22:28 - [TEST_STEP][PASSED] - data = findTestData("PlanFact"): null

15-11-2024T09:22:28 - [TEST_STEP][PASSED] - n = data.getRowNumbers() + 1: null

15-11-2024T09:22:28 - [TEST_STEP][PASSED] - year = todaysDate.substring(todaysDate.length() - 4, todaysDate.length()): null

15-11-2024T09:22:28 - [TEST_STEP][PASSED] - y = year.toInteger(): null

15-11-2024T09:22:28 - [TEST_STEP][PASSED] - m = getText(findTestObject("Выполнение бизнес-плана/Период")): Text of object 'Object Repository/Выполнение бизнес-плана/Период' is: '1, 2, 3 кв. 2024 года'

15-11-2024T09:22:28 - [MESSAGE][PASSED] - Text of object 'Object Repository/Выполнение бизнес-плана/Период' is: '1, 2, 3 кв. 2024 года'

15-11-2024T09:22:28 - [TEST_STEP][PASSED] - m = m.substring(0, m.indexOf("2024")): null

15-11-2024T09:22:28 - [TEST_STEP][PASSED] - m = m.trim(): null

15-11-2024T09:22:28 - [TEST_STEP][PASSED] - dashboardName = "Выполнение бизнес-плана": null

15-11-2024T09:22:28 - [TEST_STEP][PASSED] - workbook01 = getWorkbook(excelFilePath): null

15-11-2024T09:22:28 - [TEST_STEP][PASSED] - sheet01 = getExcelSheet(workbook01, sheetName): null

15-11-2024T09:22:28 - [TEST_STEP][PASSED] - setValueToCellByIndex(sheet01, n, 0, dashboardName): null

15-11-2024T09:22:28 - [TEST_STEP][PASSED] - setValueToCellByIndex(sheet01, n, 1, dZO): null

15-11-2024T09:22:28 - [TEST_STEP][PASSED] - setValueToCellByIndex(sheet01, n, 2, typeOfData): null

15-11-2024T09:22:28 - [TEST_STEP][PASSED] - if (typeOfData == "Факт в процентах" || typeOfData == "План в процентах"): null

15-11-2024T09:22:28 - [TEST_STEP][PASSED] - else: null

15-11-2024T09:22:28 - [TEST_STEP][PASSED] - setValueToCellByIndex(sheet01, n, 3, fileInt): null

15-11-2024T09:22:28 - [TEST_STEP][PASSED] - setValueToCellByIndex(sheet01, n, 4, pageInt): null

15-11-2024T09:22:28 - [TEST_STEP][PASSED] - setValueToCellByIndex(sheet01, n, 5, m): null

15-11-2024T09:22:28 - [TEST_STEP][PASSED] - setValueToCellByIndex(sheet01, n, 6, y): null

15-11-2024T09:22:28 - [TEST_STEP][PASSED] - setValueToCellByIndex(sheet01, n, 7, todaysDate): null

15-11-2024T09:22:28 - [TEST_STEP][PASSED] - n = n + 1: null

15-11-2024T09:22:28 - [TEST_STEP][PASSED] - saveWorkbook(excelFilePath, workbook01): Object: 'Object Repository/Выполнение бизнес-плана/Кнопка Факт' is clicked on

15-11-2024T09:22:29 - [TEST_STEP][PASSED] - if (planFact == 2): Object: 'Object Repository/Выполнение бизнес-плана/Кнопка Факт' is clicked on

15-11-2024T09:22:29 - [TEST_STEP][PASSED] - click(findTestObject("Выполнение бизнес-плана/Кнопка Факт")): Object: 'Object Repository/Выполнение бизнес-плана/Кнопка Факт' is clicked on

15-11-2024T09:22:29 - [MESSAGE][PASSED] - Object: 'Object Repository/Выполнение бизнес-плана/Кнопка Факт' is clicked on

15-11-2024T09:22:29 - [TEST_STEP][PASSED] - if (a == 84 || a == 82): null

15-11-2024T09:22:29 - [TEST_STEP][PASSED] - else if (a == 52 || a == 72 || a == 28 || a == 73 || a == 77 || a == 74 || a == 65 || a == 36 || a == 44 || a == 53 || a == 80 || a == 54 || a == 1 || a == 18 || a == 59 || a == 81): null

15-11-2024T09:22:29 - [TEST_STEP][PASSED] - else: null

15-11-2024T09:22:29 - [TEST_STEP][PASSED] - page1 = getText(findTestObject("Object Repository/Выполнение бизнес-плана/spanPlan" + filialNum)): Text of object 'Object Repository/Выполнение бизнес-плана/spanPlan4' is: '13.48
|'

15-11-2024T09:22:29 - [MESSAGE][PASSED] - Text of object 'Object Repository/Выполнение бизнес-плана/spanPlan4' is: '13.48
|'

15-11-2024T09:22:29 - [TEST_STEP][PASSED] - page1 = page1.replace("|", ""): null

15-11-2024T09:22:29 - [TEST_STEP][PASSED] - page2 = getText(findTestObject("Object Repository/Выполнение бизнес-плана/spanFact" + filialNum)): Text of object 'Object Repository/Выполнение бизнес-плана/spanFact4' is: '14.41
|'

15-11-2024T09:22:30 - [MESSAGE][PASSED] - Text of object 'Object Repository/Выполнение бизнес-плана/spanFact4' is: '14.41
|'

15-11-2024T09:22:30 - [TEST_STEP][PASSED] - page2 = page2.replace("|", ""): null

15-11-2024T09:22:30 - [TEST_STEP][PASSED] - println("page1: " + page1): null

15-11-2024T09:22:30 - [TEST_STEP][PASSED] - println("page2: " + page2): null

15-11-2024T09:22:30 - [TEST_STEP][PASSED] - file = findTestData("PlanFact").getValue(4, a): null

15-11-2024T09:22:30 - [TEST_STEP][PASSED] - file = file.replace(",", "."): null

15-11-2024T09:22:30 - [TEST_STEP][PASSED] - println("file Plan: " + file): null

15-11-2024T09:22:30 - [TEST_STEP][PASSED] - typeOfData = "План в процентах": null

15-11-2024T09:22:30 - [TEST_STEP][PASSED] - fileDouble = file.toDouble(): null

15-11-2024T09:22:30 - [TEST_STEP][PASSED] - pageDouble = page1.toDouble(): null

15-11-2024T09:22:30 - [TEST_STEP][PASSED] - if (fileDouble != pageDouble): null

15-11-2024T09:22:30 - [TEST_STEP][PASSED] - file = findTestData("PlanFact").getValue(7, a): null

15-11-2024T09:22:30 - [TEST_STEP][PASSED] - file = file.replace(",", "."): null

15-11-2024T09:22:30 - [TEST_STEP][PASSED] - println("file Fact: " + file): null

15-11-2024T09:22:30 - [TEST_STEP][PASSED] - fileDouble = file.toDouble(): null

15-11-2024T09:22:30 - [TEST_STEP][PASSED] - typeOfData = "Факт в процентах": null

15-11-2024T09:22:30 - [TEST_STEP][PASSED] - fileDouble = file.toDouble(): null

15-11-2024T09:22:30 - [TEST_STEP][PASSED] - pageDouble = page2.toDouble(): null

15-11-2024T09:22:30 - [TEST_STEP][PASSED] - if (fileDouble != pageDouble): null

15-11-2024T09:22:30 - [TEST_STEP][PASSED] - numberOfErrors = numberOfErrors + 1: null

15-11-2024T09:22:30 - [TEST_STEP][PASSED] - Script1718980020443.WriteToExcel(a, typeOfData, todaysDate, pageInt, fileInt, pageDouble, fileDouble, dZO): null

15-11-2024T09:22:30 - [TEST_STEP][PASSED] - sheetName = "Sheet1": null

15-11-2024T09:22:30 - [TEST_STEP][PASSED] - data = findTestData("PlanFact"): null

15-11-2024T09:22:30 - [TEST_STEP][PASSED] - n = data.getRowNumbers() + 1: null

15-11-2024T09:22:30 - [TEST_STEP][PASSED] - year = todaysDate.substring(todaysDate.length() - 4, todaysDate.length()): null

15-11-2024T09:22:30 - [TEST_STEP][PASSED] - y = year.toInteger(): null

15-11-2024T09:22:30 - [TEST_STEP][PASSED] - m = getText(findTestObject("Выполнение бизнес-плана/Период")): Text of object 'Object Repository/Выполнение бизнес-плана/Период' is: '1, 2, 3 кв. 2024 года'

15-11-2024T09:22:30 - [MESSAGE][PASSED] - Text of object 'Object Repository/Выполнение бизнес-плана/Период' is: '1, 2, 3 кв. 2024 года'

15-11-2024T09:22:30 - [TEST_STEP][PASSED] - m = m.substring(0, m.indexOf("2024")): null

15-11-2024T09:22:30 - [TEST_STEP][PASSED] - m = m.trim(): null

15-11-2024T09:22:30 - [TEST_STEP][PASSED] - dashboardName = "Выполнение бизнес-плана": null

15-11-2024T09:22:30 - [TEST_STEP][PASSED] - workbook01 = getWorkbook(excelFilePath): null

15-11-2024T09:22:30 - [TEST_STEP][PASSED] - sheet01 = getExcelSheet(workbook01, sheetName): null

15-11-2024T09:22:30 - [TEST_STEP][PASSED] - setValueToCellByIndex(sheet01, n, 0, dashboardName): null

15-11-2024T09:22:30 - [TEST_STEP][PASSED] - setValueToCellByIndex(sheet01, n, 1, dZO): null

15-11-2024T09:22:30 - [TEST_STEP][PASSED] - setValueToCellByIndex(sheet01, n, 2, typeOfData): null

15-11-2024T09:22:30 - [TEST_STEP][PASSED] - if (typeOfData == "Факт в процентах" || typeOfData == "План в процентах"): null

15-11-2024T09:22:30 - [TEST_STEP][PASSED] - setValueToCellByIndex(sheet01, n, 3, fileDouble): null

15-11-2024T09:22:30 - [TEST_STEP][PASSED] - setValueToCellByIndex(sheet01, n, 4, pageDouble): null

15-11-2024T09:22:30 - [TEST_STEP][PASSED] - setValueToCellByIndex(sheet01, n, 5, m): null

15-11-2024T09:22:30 - [TEST_STEP][PASSED] - setValueToCellByIndex(sheet01, n, 6, y): null

15-11-2024T09:22:30 - [TEST_STEP][PASSED] - setValueToCellByIndex(sheet01, n, 7, todaysDate): null

15-11-2024T09:22:30 - [TEST_STEP][PASSED] - n = n + 1: null

15-11-2024T09:22:30 - [TEST_STEP][PASSED] - saveWorkbook(excelFilePath, workbook01): null

15-11-2024T09:22:31 - [TEST_STEP][FAILED] - if (verifyEqual(numberOfErrors, 0) == false): null

15-11-2024T09:22:31 - [MESSAGE][FAILED] - Unable to verify equal between actual object '5' and expected object '0' (Root cause: com.kms.katalon.core.exception.StepFailedException: Actual object '5' and expected object '0' are not equal
	at com.kms.katalon.core.keyword.builtin.VerifyEqualKeyword$_verifyEqual_closure1.doCall(VerifyEqualKeyword.groovy:58)
	at com.kms.katalon.core.keyword.builtin.VerifyEqualKeyword$_verifyEqual_closure1.call(VerifyEqualKeyword.groovy)
	at com.kms.katalon.core.keyword.internal.KeywordMain.runKeyword(KeywordMain.groovy:75)
	at com.kms.katalon.core.keyword.builtin.VerifyEqualKeyword.verifyEqual(VerifyEqualKeyword.groovy:63)
	at com.kms.katalon.core.keyword.builtin.VerifyEqualKeyword.execute(VerifyEqualKeyword.groovy:44)
	at com.kms.katalon.core.keyword.internal.KeywordExecutor.executeKeywordForPlatform(KeywordExecutor.groovy:74)
	at com.kms.katalon.core.keyword.BuiltinKeywords.verifyEqual(BuiltinKeywords.groovy:146)
	at java.base/jdk.internal.reflect.NativeMethodAccessorImpl.invoke0(Native Method)
	at java.base/jdk.internal.reflect.NativeMethodAccessorImpl.invoke(NativeMethodAccessorImpl.java:77)
	at java.base/jdk.internal.reflect.DelegatingMethodAccessorImpl.invoke(DelegatingMethodAccessorImpl.java:43)
	at Выполнение бизнес-плана Сверка ПАО Россети все филиалы.Numbers(Выполнение бизнес-плана Сверка ПАО Россети все филиалы:740)
	at Выполнение бизнес-плана Сверка ПАО Россети все филиалы.Filials(Выполнение бизнес-плана Сверка ПАО Россети все филиалы:1111)
	at Выполнение бизнес-плана Сверка ПАО Россети все филиалы.Numbers(Выполнение бизнес-плана Сверка ПАО Россети все филиалы:745)
	at Выполнение бизнес-плана Сверка ПАО Россети все филиалы.run(Выполнение бизнес-плана Сверка ПАО Россети все филиалы:304)
	at com.kms.katalon.core.main.ScriptEngine.run(ScriptEngine.java:194)
	at com.kms.katalon.core.main.ScriptEngine.runScriptAsRawText(ScriptEngine.java:119)
	at com.kms.katalon.core.main.TestCaseExecutor.runScript(TestCaseExecutor.java:448)
	at com.kms.katalon.core.main.TestCaseExecutor.doExecute(TestCaseExecutor.java:439)
	at com.kms.katalon.core.main.TestCaseExecutor.processExecutionPhase(TestCaseExecutor.java:418)
	at com.kms.katalon.core.main.TestCaseExecutor.accessMainPhase(TestCaseExecutor.java:410)
	at com.kms.katalon.core.main.TestCaseExecutor.execute(TestCaseExecutor.java:285)
	at com.kms.katalon.core.common.CommonExecutor.accessTestCaseMainPhase(CommonExecutor.java:65)
	at com.kms.katalon.core.main.TestSuiteExecutor.accessTestSuiteMainPhase(TestSuiteExecutor.java:150)
	at com.kms.katalon.core.main.TestSuiteExecutor.execute(TestSuiteExecutor.java:106)
	at com.kms.katalon.core.main.TestCaseMain.startTestSuite(TestCaseMain.java:180)
	at TempTestSuite1731647997681.run(TempTestSuite1731647997681.groovy:35)
	at java.base/jdk.internal.reflect.NativeMethodAccessorImpl.invoke0(Native Method)
	at java.base/jdk.internal.reflect.NativeMethodAccessorImpl.invoke(NativeMethodAccessorImpl.java:77)
	at java.base/jdk.internal.reflect.DelegatingMethodAccessorImpl.invoke(DelegatingMethodAccessorImpl.java:43)
)

15-11-2024T09:22:31 - [TEST_STEP][PASSED] - println(numberOfErrors): null

15-11-2024T09:22:31 - [TEST_STEP][PASSED] - if (a == 28 || a == 77 || a == 74 || a == 65 || a == 36 || a == 44 || a == 54 || a == 1 || a == 18 || a == 59): null

15-11-2024T09:22:31 - [TEST_STEP][PASSED] - if (a == 82): null

15-11-2024T09:22:31 - [TEST_STEP][PASSED] - dZO = "Севкавказэнерго": null

15-11-2024T09:22:31 - [TEST_STEP][PASSED] - a = 68: null

15-11-2024T09:22:31 - [TEST_STEP][PASSED] - if (x2.contains(dZO)): null

15-11-2024T09:22:31 - [TEST_STEP][PASSED] - filialNum = filialNum + 1: null

15-11-2024T09:22:31 - [TEST_STEP][PASSED] - Script1718980020443.Numbers(a, typeOfData, todaysDate, pageInt, fileInt, pageDouble, fileDouble, dZO, dzoNum, filialNum): null

15-11-2024T09:22:31 - [TEST_STEP][PASSED] - println(dzoNum): null

15-11-2024T09:22:31 - [TEST_STEP][PASSED] - planFact = <not implemented yet for class: org.codehaus.groovy.ast.expr.EmptyExpression>: null

15-11-2024T09:22:31 - [TEST_STEP][PASSED] - page = <not implemented yet for class: org.codehaus.groovy.ast.expr.EmptyExpression>: null

15-11-2024T09:22:31 - [TEST_STEP][PASSED] - page1 = <not implemented yet for class: org.codehaus.groovy.ast.expr.EmptyExpression>: null

15-11-2024T09:22:31 - [TEST_STEP][PASSED] - page2 = <not implemented yet for class: org.codehaus.groovy.ast.expr.EmptyExpression>: null

15-11-2024T09:22:31 - [TEST_STEP][PASSED] - filialNumberInRow = <not implemented yet for class: org.codehaus.groovy.ast.expr.EmptyExpression>: null

15-11-2024T09:22:31 - [TEST_STEP][PASSED] - filialsDzoNames = <not implemented yet for class: org.codehaus.groovy.ast.expr.EmptyExpression>: null

15-11-2024T09:22:31 - [TEST_STEP][PASSED] - numberOfFilials = <not implemented yet for class: org.codehaus.groovy.ast.expr.EmptyExpression>: null

15-11-2024T09:22:31 - [TEST_STEP][PASSED] - numberOfSpaces = <not implemented yet for class: org.codehaus.groovy.ast.expr.EmptyExpression>: null

15-11-2024T09:22:31 - [TEST_STEP][PASSED] - file = <not implemented yet for class: org.codehaus.groovy.ast.expr.EmptyExpression>: null

15-11-2024T09:22:31 - [TEST_STEP][PASSED] - otpusk = <not implemented yet for class: org.codehaus.groovy.ast.expr.EmptyExpression>: null

15-11-2024T09:22:31 - [TEST_STEP][PASSED] - poteri = <not implemented yet for class: org.codehaus.groovy.ast.expr.EmptyExpression>: null

15-11-2024T09:22:31 - [TEST_STEP][PASSED] - dataFolder = "Выполнение бизнес-плана/Значения со страницы Выполнение бизнес-плана/": null

15-11-2024T09:22:31 - [TEST_STEP][PASSED] - path = <not implemented yet for class: org.codehaus.groovy.ast.expr.EmptyExpression>: null

15-11-2024T09:22:31 - [TEST_STEP][PASSED] - typeOfDataMain = <not implemented yet for class: org.codehaus.groovy.ast.expr.EmptyExpression>: null

15-11-2024T09:22:31 - [TEST_STEP][PASSED] - fileOtpuskVSet = <not implemented yet for class: org.codehaus.groovy.ast.expr.EmptyExpression>: null

15-11-2024T09:22:31 - [TEST_STEP][PASSED] - pageOtpuskVSet = <not implemented yet for class: org.codehaus.groovy.ast.expr.EmptyExpression>: null

15-11-2024T09:22:31 - [TEST_STEP][PASSED] - filePoteri = <not implemented yet for class: org.codehaus.groovy.ast.expr.EmptyExpression>: null

15-11-2024T09:22:31 - [TEST_STEP][PASSED] - pagePoteri = <not implemented yet for class: org.codehaus.groovy.ast.expr.EmptyExpression>: null

15-11-2024T09:22:31 - [TEST_STEP][PASSED] - compare = <not implemented yet for class: org.codehaus.groovy.ast.expr.EmptyExpression>: null

15-11-2024T09:22:31 - [TEST_STEP][PASSED] - b = <not implemented yet for class: org.codehaus.groovy.ast.expr.EmptyExpression>: null

15-11-2024T09:22:31 - [TEST_STEP][PASSED] - i = <not implemented yet for class: org.codehaus.groovy.ast.expr.EmptyExpression>: null

15-11-2024T09:22:31 - [TEST_STEP][PASSED] - ii = <not implemented yet for class: org.codehaus.groovy.ast.expr.EmptyExpression>: null

15-11-2024T09:22:31 - [TEST_STEP][PASSED] - c = <not implemented yet for class: org.codehaus.groovy.ast.expr.EmptyExpression>: null

15-11-2024T09:22:31 - [TEST_STEP][PASSED] - numberOfErrors = 0: null

15-11-2024T09:22:31 - [TEST_STEP][PASSED] - if (a == 82): null

15-11-2024T09:22:31 - [TEST_STEP][PASSED] - b = findTestData("PlanFact").getValue(1, a): null

15-11-2024T09:22:31 - [TEST_STEP][PASSED] - i = b.indexOf(" (ГК)"): null

15-11-2024T09:22:31 - [TEST_STEP][PASSED] - if (i > -1): null

15-11-2024T09:22:31 - [TEST_STEP][PASSED] - i = b.indexOf("О ""): null

15-11-2024T09:22:31 - [TEST_STEP][PASSED] - if (i > -1): null

15-11-2024T09:22:31 - [TEST_STEP][PASSED] - i = b.indexOf("О «"): null

15-11-2024T09:22:31 - [TEST_STEP][PASSED] - if (i > -1): null

15-11-2024T09:22:31 - [TEST_STEP][PASSED] - i = b.indexOf("г. "): null

15-11-2024T09:22:31 - [TEST_STEP][PASSED] - if (i > -1): null

15-11-2024T09:22:31 - [TEST_STEP][PASSED] - println(b): null

15-11-2024T09:22:31 - [TEST_STEP][PASSED] - for ([planFact = 1, planFact < 3, (planFact++)]): null

15-11-2024T09:22:31 - [TEST_STEP][PASSED] - if (planFact == 1): null

15-11-2024T09:22:31 - [TEST_STEP][PASSED] - typeOfDataMain = "Факт": null

15-11-2024T09:22:31 - [TEST_STEP][PASSED] - otpusk = findTestData("PlanFact").getValue(5, a): null

15-11-2024T09:22:31 - [TEST_STEP][PASSED] - poteri = findTestData("PlanFact").getValue(6, a): null

15-11-2024T09:22:31 - [TEST_STEP][PASSED] - otpusk = otpusk.replaceAll("\s+", ""): null

15-11-2024T09:22:31 - [TEST_STEP][PASSED] - poteri = poteri.replaceAll("\s+", ""): null

15-11-2024T09:22:31 - [TEST_STEP][PASSED] - typeOfData = typeOfDataMain + " Отпуск в сеть": null

15-11-2024T09:22:31 - [TEST_STEP][PASSED] - if (a == 82): null

15-11-2024T09:22:31 - [TEST_STEP][PASSED] - else if (a == 84): null

15-11-2024T09:22:31 - [TEST_STEP][PASSED] - else if (a == 52 || a == 72 || a == 28 || a == 73 || a == 77 || a == 74 || a == 65 || a == 36 || a == 44 || a == 53 || a == 80 || a == 54 || a == 1 || a == 18 || a == 59 || a == 81): null

15-11-2024T09:22:31 - [TEST_STEP][PASSED] - else: null

15-11-2024T09:22:31 - [TEST_STEP][PASSED] - path = dataFolder + typeOfData + " за отчётный период " + b: null

15-11-2024T09:22:31 - [TEST_STEP][PASSED] - println(path): null

15-11-2024T09:22:31 - [TEST_STEP][PASSED] - page = getText(findTestObject(path)): Text of object 'Object Repository/Выполнение бизнес-плана/Значения со страницы Выполнение бизнес-плана/Факт Отпуск в сеть за отчётный период Севкавказэнерго' is: '1 263 745'

15-11-2024T09:22:31 - [MESSAGE][PASSED] - Text of object 'Object Repository/Выполнение бизнес-плана/Значения со страницы Выполнение бизнес-плана/Факт Отпуск в сеть за отчётный период Севкавказэнерго' is: '1 263 745'

15-11-2024T09:22:31 - [TEST_STEP][PASSED] - page = page.replaceAll("\s+", ""): null

15-11-2024T09:22:31 - [TEST_STEP][PASSED] - fileOtpuskVSet = otpusk.toInteger(): null

15-11-2024T09:22:31 - [TEST_STEP][PASSED] - pageOtpuskVSet = page.toInteger(): null

15-11-2024T09:22:31 - [TEST_STEP][PASSED] - typeOfData = typeOfDataMain + " Потери": null

15-11-2024T09:22:31 - [TEST_STEP][PASSED] - if (a == 82): null

15-11-2024T09:22:31 - [TEST_STEP][PASSED] - else if (a == 84): null

15-11-2024T09:22:31 - [TEST_STEP][PASSED] - else if (a == 52 || a == 72 || a == 28 || a == 73 || a == 77 || a == 74 || a == 65 || a == 36 || a == 44 || a == 53 || a == 80 || a == 54 || a == 1 || a == 18 || a == 59 || a == 81): null

15-11-2024T09:22:31 - [TEST_STEP][PASSED] - else: null

15-11-2024T09:22:31 - [TEST_STEP][PASSED] - path = dataFolder + typeOfData + " за отчётный период " + b: null

15-11-2024T09:22:31 - [TEST_STEP][PASSED] - page = getText(findTestObject(path)): Text of object 'Object Repository/Выполнение бизнес-плана/Значения со страницы Выполнение бизнес-плана/Факт Потери за отчётный период Севкавказэнерго' is: '216 844'

15-11-2024T09:22:31 - [MESSAGE][PASSED] - Text of object 'Object Repository/Выполнение бизнес-плана/Значения со страницы Выполнение бизнес-плана/Факт Потери за отчётный период Севкавказэнерго' is: '216 844'

15-11-2024T09:22:31 - [TEST_STEP][PASSED] - page = page.replaceAll("\s+", ""): null

15-11-2024T09:22:31 - [TEST_STEP][PASSED] - filePoteri = poteri.toInteger(): null

15-11-2024T09:22:31 - [TEST_STEP][PASSED] - pagePoteri = page.toInteger(): null

15-11-2024T09:22:31 - [TEST_STEP][PASSED] - compare = pageOtpuskVSet: null

15-11-2024T09:22:31 - [TEST_STEP][PASSED] - if (compare == fileOtpuskVSet): null

15-11-2024T09:22:31 - [TEST_STEP][PASSED] - else if (compare > fileOtpuskVSet): null

15-11-2024T09:22:31 - [TEST_STEP][PASSED] - compare = compare - 1: null

15-11-2024T09:22:31 - [TEST_STEP][PASSED] - if (compare == fileOtpuskVSet): null

15-11-2024T09:22:31 - [TEST_STEP][PASSED] - else: null

15-11-2024T09:22:31 - [TEST_STEP][PASSED] - numberOfErrors = numberOfErrors + 1: null

15-11-2024T09:22:31 - [TEST_STEP][PASSED] - pageInt = pageOtpuskVSet: null

15-11-2024T09:22:31 - [TEST_STEP][PASSED] - fileInt = fileOtpuskVSet: null

15-11-2024T09:22:31 - [TEST_STEP][PASSED] - typeOfData = typeOfDataMain + " Отпуск в сеть": null

15-11-2024T09:22:31 - [TEST_STEP][PASSED] - Script1718980020443.WriteToExcel(a, typeOfData, todaysDate, pageInt, fileInt, pageDouble, fileDouble, dZO): null

15-11-2024T09:22:31 - [TEST_STEP][PASSED] - sheetName = "Sheet1": null

15-11-2024T09:22:31 - [TEST_STEP][PASSED] - data = findTestData("PlanFact"): null

15-11-2024T09:22:31 - [TEST_STEP][PASSED] - n = data.getRowNumbers() + 1: null

15-11-2024T09:22:31 - [TEST_STEP][PASSED] - year = todaysDate.substring(todaysDate.length() - 4, todaysDate.length()): null

15-11-2024T09:22:31 - [TEST_STEP][PASSED] - y = year.toInteger(): null

15-11-2024T09:22:31 - [TEST_STEP][PASSED] - m = getText(findTestObject("Выполнение бизнес-плана/Период")): Text of object 'Object Repository/Выполнение бизнес-плана/Период' is: '1, 2, 3 кв. 2024 года'

15-11-2024T09:22:32 - [MESSAGE][PASSED] - Text of object 'Object Repository/Выполнение бизнес-плана/Период' is: '1, 2, 3 кв. 2024 года'

15-11-2024T09:22:32 - [TEST_STEP][PASSED] - m = m.substring(0, m.indexOf("2024")): null

15-11-2024T09:22:32 - [TEST_STEP][PASSED] - m = m.trim(): null

15-11-2024T09:22:32 - [TEST_STEP][PASSED] - dashboardName = "Выполнение бизнес-плана": null

15-11-2024T09:22:32 - [TEST_STEP][PASSED] - workbook01 = getWorkbook(excelFilePath): null

15-11-2024T09:22:32 - [TEST_STEP][PASSED] - sheet01 = getExcelSheet(workbook01, sheetName): null

15-11-2024T09:22:32 - [TEST_STEP][PASSED] - setValueToCellByIndex(sheet01, n, 0, dashboardName): null

15-11-2024T09:22:32 - [TEST_STEP][PASSED] - setValueToCellByIndex(sheet01, n, 1, dZO): null

15-11-2024T09:22:32 - [TEST_STEP][PASSED] - setValueToCellByIndex(sheet01, n, 2, typeOfData): null

15-11-2024T09:22:32 - [TEST_STEP][PASSED] - if (typeOfData == "Факт в процентах" || typeOfData == "План в процентах"): null

15-11-2024T09:22:32 - [TEST_STEP][PASSED] - else: null

15-11-2024T09:22:32 - [TEST_STEP][PASSED] - setValueToCellByIndex(sheet01, n, 3, fileInt): null

15-11-2024T09:22:32 - [TEST_STEP][PASSED] - setValueToCellByIndex(sheet01, n, 4, pageInt): null

15-11-2024T09:22:32 - [TEST_STEP][PASSED] - setValueToCellByIndex(sheet01, n, 5, m): null

15-11-2024T09:22:32 - [TEST_STEP][PASSED] - setValueToCellByIndex(sheet01, n, 6, y): null

15-11-2024T09:22:32 - [TEST_STEP][PASSED] - setValueToCellByIndex(sheet01, n, 7, todaysDate): null

15-11-2024T09:22:32 - [TEST_STEP][PASSED] - n = n + 1: null

15-11-2024T09:22:32 - [TEST_STEP][PASSED] - saveWorkbook(excelFilePath, workbook01): null

15-11-2024T09:22:32 - [TEST_STEP][PASSED] - compare = pagePoteri: null

15-11-2024T09:22:32 - [TEST_STEP][PASSED] - if (compare == filePoteri): null

15-11-2024T09:22:32 - [TEST_STEP][PASSED] - else if (compare > filePoteri): null

15-11-2024T09:22:32 - [TEST_STEP][PASSED] - compare = compare - 1: null

15-11-2024T09:22:32 - [TEST_STEP][PASSED] - if (compare == filePoteri): null

15-11-2024T09:22:32 - [TEST_STEP][PASSED] - else: null

15-11-2024T09:22:32 - [TEST_STEP][PASSED] - numberOfErrors = numberOfErrors + 1: null

15-11-2024T09:22:32 - [TEST_STEP][PASSED] - pageInt = pagePoteri: null

15-11-2024T09:22:32 - [TEST_STEP][PASSED] - fileInt = filePoteri: null

15-11-2024T09:22:32 - [TEST_STEP][PASSED] - typeOfData = typeOfDataMain + " Потери": null

15-11-2024T09:22:32 - [TEST_STEP][PASSED] - Script1718980020443.WriteToExcel(a, typeOfData, todaysDate, pageInt, fileInt, pageDouble, fileDouble, dZO): null

15-11-2024T09:22:32 - [TEST_STEP][PASSED] - sheetName = "Sheet1": null

15-11-2024T09:22:32 - [TEST_STEP][PASSED] - data = findTestData("PlanFact"): null

15-11-2024T09:22:32 - [TEST_STEP][PASSED] - n = data.getRowNumbers() + 1: null

15-11-2024T09:22:32 - [TEST_STEP][PASSED] - year = todaysDate.substring(todaysDate.length() - 4, todaysDate.length()): null

15-11-2024T09:22:32 - [TEST_STEP][PASSED] - y = year.toInteger(): null

15-11-2024T09:22:32 - [TEST_STEP][PASSED] - m = getText(findTestObject("Выполнение бизнес-плана/Период")): Text of object 'Object Repository/Выполнение бизнес-плана/Период' is: '1, 2, 3 кв. 2024 года'

15-11-2024T09:22:32 - [MESSAGE][PASSED] - Text of object 'Object Repository/Выполнение бизнес-плана/Период' is: '1, 2, 3 кв. 2024 года'

15-11-2024T09:22:32 - [TEST_STEP][PASSED] - m = m.substring(0, m.indexOf("2024")): null

15-11-2024T09:22:32 - [TEST_STEP][PASSED] - m = m.trim(): null

15-11-2024T09:22:32 - [TEST_STEP][PASSED] - dashboardName = "Выполнение бизнес-плана": null

15-11-2024T09:22:32 - [TEST_STEP][PASSED] - workbook01 = getWorkbook(excelFilePath): null

15-11-2024T09:22:33 - [TEST_STEP][PASSED] - sheet01 = getExcelSheet(workbook01, sheetName): null

15-11-2024T09:22:33 - [TEST_STEP][PASSED] - setValueToCellByIndex(sheet01, n, 0, dashboardName): null

15-11-2024T09:22:33 - [TEST_STEP][PASSED] - setValueToCellByIndex(sheet01, n, 1, dZO): null

15-11-2024T09:22:33 - [TEST_STEP][PASSED] - setValueToCellByIndex(sheet01, n, 2, typeOfData): null

15-11-2024T09:22:33 - [TEST_STEP][PASSED] - if (typeOfData == "Факт в процентах" || typeOfData == "План в процентах"): null

15-11-2024T09:22:33 - [TEST_STEP][PASSED] - else: null

15-11-2024T09:22:33 - [TEST_STEP][PASSED] - setValueToCellByIndex(sheet01, n, 3, fileInt): null

15-11-2024T09:22:33 - [TEST_STEP][PASSED] - setValueToCellByIndex(sheet01, n, 4, pageInt): null

15-11-2024T09:22:33 - [TEST_STEP][PASSED] - setValueToCellByIndex(sheet01, n, 5, m): null

15-11-2024T09:22:33 - [TEST_STEP][PASSED] - setValueToCellByIndex(sheet01, n, 6, y): null

15-11-2024T09:22:33 - [TEST_STEP][PASSED] - setValueToCellByIndex(sheet01, n, 7, todaysDate): null

15-11-2024T09:22:33 - [TEST_STEP][PASSED] - n = n + 1: null

15-11-2024T09:22:33 - [TEST_STEP][PASSED] - saveWorkbook(excelFilePath, workbook01): null

15-11-2024T09:22:33 - [TEST_STEP][PASSED] - if (planFact == 2): null

15-11-2024T09:22:33 - [TEST_STEP][PASSED] - if (planFact == 1): null

15-11-2024T09:22:33 - [TEST_STEP][PASSED] - else if (planFact == 2): null

15-11-2024T09:22:33 - [TEST_STEP][PASSED] - click(findTestObject("Выполнение бизнес-плана/Кнопка План")): Object: 'Object Repository/Выполнение бизнес-плана/Кнопка План' is clicked on

15-11-2024T09:22:33 - [MESSAGE][PASSED] - Object: 'Object Repository/Выполнение бизнес-плана/Кнопка План' is clicked on

15-11-2024T09:22:33 - [TEST_STEP][PASSED] - typeOfDataMain = "План": null

15-11-2024T09:22:33 - [TEST_STEP][PASSED] - otpusk = findTestData("PlanFact").getValue(2, a): null

15-11-2024T09:22:33 - [TEST_STEP][PASSED] - poteri = findTestData("PlanFact").getValue(3, a): null

15-11-2024T09:22:33 - [TEST_STEP][PASSED] - otpusk = otpusk.replaceAll("\s+", ""): null

15-11-2024T09:22:33 - [TEST_STEP][PASSED] - poteri = poteri.replaceAll("\s+", ""): null

15-11-2024T09:22:33 - [TEST_STEP][PASSED] - typeOfData = typeOfDataMain + " Отпуск в сеть": null

15-11-2024T09:22:33 - [TEST_STEP][PASSED] - if (a == 82): null

15-11-2024T09:22:33 - [TEST_STEP][PASSED] - else if (a == 84): null

15-11-2024T09:22:33 - [TEST_STEP][PASSED] - else if (a == 52 || a == 72 || a == 28 || a == 73 || a == 77 || a == 74 || a == 65 || a == 36 || a == 44 || a == 53 || a == 80 || a == 54 || a == 1 || a == 18 || a == 59 || a == 81): null

15-11-2024T09:22:33 - [TEST_STEP][PASSED] - else: null

15-11-2024T09:22:33 - [TEST_STEP][PASSED] - path = dataFolder + typeOfData + " за отчётный период " + b: null

15-11-2024T09:22:33 - [TEST_STEP][PASSED] - println(path): null

15-11-2024T09:22:33 - [TEST_STEP][PASSED] - page = getText(findTestObject(path)): Text of object 'Object Repository/Выполнение бизнес-плана/Значения со страницы Выполнение бизнес-плана/План Отпуск в сеть за отчётный период Севкавказэнерго' is: '1 225 365'

15-11-2024T09:22:34 - [MESSAGE][PASSED] - Text of object 'Object Repository/Выполнение бизнес-плана/Значения со страницы Выполнение бизнес-плана/План Отпуск в сеть за отчётный период Севкавказэнерго' is: '1 225 365'

15-11-2024T09:22:34 - [TEST_STEP][PASSED] - page = page.replaceAll("\s+", ""): null

15-11-2024T09:22:34 - [TEST_STEP][PASSED] - fileOtpuskVSet = otpusk.toInteger(): null

15-11-2024T09:22:34 - [TEST_STEP][PASSED] - pageOtpuskVSet = page.toInteger(): null

15-11-2024T09:22:34 - [TEST_STEP][PASSED] - typeOfData = typeOfDataMain + " Потери": null

15-11-2024T09:22:34 - [TEST_STEP][PASSED] - if (a == 82): null

15-11-2024T09:22:34 - [TEST_STEP][PASSED] - else if (a == 84): null

15-11-2024T09:22:34 - [TEST_STEP][PASSED] - else if (a == 52 || a == 72 || a == 28 || a == 73 || a == 77 || a == 74 || a == 65 || a == 36 || a == 44 || a == 53 || a == 80 || a == 54 || a == 1 || a == 18 || a == 59 || a == 81): null

15-11-2024T09:22:34 - [TEST_STEP][PASSED] - else: null

15-11-2024T09:22:34 - [TEST_STEP][PASSED] - path = dataFolder + typeOfData + " за отчётный период " + b: null

15-11-2024T09:22:34 - [TEST_STEP][PASSED] - page = getText(findTestObject(path)): Text of object 'Object Repository/Выполнение бизнес-плана/Значения со страницы Выполнение бизнес-плана/План Потери за отчётный период Севкавказэнерго' is: '208 743'

15-11-2024T09:22:34 - [MESSAGE][PASSED] - Text of object 'Object Repository/Выполнение бизнес-плана/Значения со страницы Выполнение бизнес-плана/План Потери за отчётный период Севкавказэнерго' is: '208 743'

15-11-2024T09:22:34 - [TEST_STEP][PASSED] - page = page.replaceAll("\s+", ""): null

15-11-2024T09:22:34 - [TEST_STEP][PASSED] - filePoteri = poteri.toInteger(): null

15-11-2024T09:22:34 - [TEST_STEP][PASSED] - pagePoteri = page.toInteger(): null

15-11-2024T09:22:34 - [TEST_STEP][PASSED] - compare = pageOtpuskVSet: null

15-11-2024T09:22:34 - [TEST_STEP][PASSED] - if (compare == fileOtpuskVSet): null

15-11-2024T09:22:34 - [TEST_STEP][PASSED] - else if (compare > fileOtpuskVSet): null

15-11-2024T09:22:34 - [TEST_STEP][PASSED] - else if (compare < fileOtpuskVSet): null

15-11-2024T09:22:34 - [TEST_STEP][PASSED] - compare = compare + 1: null

15-11-2024T09:22:34 - [TEST_STEP][PASSED] - if (compare == fileOtpuskVSet): null

15-11-2024T09:22:34 - [TEST_STEP][PASSED] - else: null

15-11-2024T09:22:34 - [TEST_STEP][PASSED] - numberOfErrors = numberOfErrors + 1: null

15-11-2024T09:22:34 - [TEST_STEP][PASSED] - pageInt = pageOtpuskVSet: null

15-11-2024T09:22:34 - [TEST_STEP][PASSED] - fileInt = fileOtpuskVSet: null

15-11-2024T09:22:34 - [TEST_STEP][PASSED] - typeOfData = typeOfDataMain + " Отпуск в сеть": null

15-11-2024T09:22:34 - [TEST_STEP][PASSED] - Script1718980020443.WriteToExcel(a, typeOfData, todaysDate, pageInt, fileInt, pageDouble, fileDouble, dZO): null

15-11-2024T09:22:34 - [TEST_STEP][PASSED] - sheetName = "Sheet1": null

15-11-2024T09:22:34 - [TEST_STEP][PASSED] - data = findTestData("PlanFact"): null

15-11-2024T09:22:34 - [TEST_STEP][PASSED] - n = data.getRowNumbers() + 1: null

15-11-2024T09:22:34 - [TEST_STEP][PASSED] - year = todaysDate.substring(todaysDate.length() - 4, todaysDate.length()): null

15-11-2024T09:22:34 - [TEST_STEP][PASSED] - y = year.toInteger(): null

15-11-2024T09:22:34 - [TEST_STEP][PASSED] - m = getText(findTestObject("Выполнение бизнес-плана/Период")): Text of object 'Object Repository/Выполнение бизнес-плана/Период' is: '1, 2, 3 кв. 2024 года'

15-11-2024T09:22:34 - [MESSAGE][PASSED] - Text of object 'Object Repository/Выполнение бизнес-плана/Период' is: '1, 2, 3 кв. 2024 года'

15-11-2024T09:22:34 - [TEST_STEP][PASSED] - m = m.substring(0, m.indexOf("2024")): null

15-11-2024T09:22:34 - [TEST_STEP][PASSED] - m = m.trim(): null

15-11-2024T09:22:34 - [TEST_STEP][PASSED] - dashboardName = "Выполнение бизнес-плана": null

15-11-2024T09:22:34 - [TEST_STEP][PASSED] - workbook01 = getWorkbook(excelFilePath): null

15-11-2024T09:22:34 - [TEST_STEP][PASSED] - sheet01 = getExcelSheet(workbook01, sheetName): null

15-11-2024T09:22:34 - [TEST_STEP][PASSED] - setValueToCellByIndex(sheet01, n, 0, dashboardName): null

15-11-2024T09:22:34 - [TEST_STEP][PASSED] - setValueToCellByIndex(sheet01, n, 1, dZO): null

15-11-2024T09:22:34 - [TEST_STEP][PASSED] - setValueToCellByIndex(sheet01, n, 2, typeOfData): null

15-11-2024T09:22:34 - [TEST_STEP][PASSED] - if (typeOfData == "Факт в процентах" || typeOfData == "План в процентах"): null

15-11-2024T09:22:34 - [TEST_STEP][PASSED] - else: null

15-11-2024T09:22:34 - [TEST_STEP][PASSED] - setValueToCellByIndex(sheet01, n, 3, fileInt): null

15-11-2024T09:22:34 - [TEST_STEP][PASSED] - setValueToCellByIndex(sheet01, n, 4, pageInt): null

15-11-2024T09:22:34 - [TEST_STEP][PASSED] - setValueToCellByIndex(sheet01, n, 5, m): null

15-11-2024T09:22:34 - [TEST_STEP][PASSED] - setValueToCellByIndex(sheet01, n, 6, y): null

15-11-2024T09:22:34 - [TEST_STEP][PASSED] - setValueToCellByIndex(sheet01, n, 7, todaysDate): null

15-11-2024T09:22:34 - [TEST_STEP][PASSED] - n = n + 1: null

15-11-2024T09:22:34 - [TEST_STEP][PASSED] - saveWorkbook(excelFilePath, workbook01): null

15-11-2024T09:22:35 - [TEST_STEP][PASSED] - compare = pagePoteri: null

15-11-2024T09:22:35 - [TEST_STEP][PASSED] - if (compare == filePoteri): null

15-11-2024T09:22:35 - [TEST_STEP][PASSED] - else if (compare > filePoteri): null

15-11-2024T09:22:35 - [TEST_STEP][PASSED] - else if (compare < filePoteri): null

15-11-2024T09:22:35 - [TEST_STEP][PASSED] - compare = compare + 1: null

15-11-2024T09:22:35 - [TEST_STEP][PASSED] - if (compare == filePoteri): null

15-11-2024T09:22:35 - [TEST_STEP][PASSED] - else: null

15-11-2024T09:22:35 - [TEST_STEP][PASSED] - numberOfErrors = numberOfErrors + 1: null

15-11-2024T09:22:35 - [TEST_STEP][PASSED] - pageInt = pagePoteri: null

15-11-2024T09:22:35 - [TEST_STEP][PASSED] - fileInt = filePoteri: null

15-11-2024T09:22:35 - [TEST_STEP][PASSED] - typeOfData = typeOfDataMain + " Потери": null

15-11-2024T09:22:35 - [TEST_STEP][PASSED] - Script1718980020443.WriteToExcel(a, typeOfData, todaysDate, pageInt, fileInt, pageDouble, fileDouble, dZO): null

15-11-2024T09:22:35 - [TEST_STEP][PASSED] - sheetName = "Sheet1": null

15-11-2024T09:22:35 - [TEST_STEP][PASSED] - data = findTestData("PlanFact"): null

15-11-2024T09:22:35 - [TEST_STEP][PASSED] - n = data.getRowNumbers() + 1: null

15-11-2024T09:22:35 - [TEST_STEP][PASSED] - year = todaysDate.substring(todaysDate.length() - 4, todaysDate.length()): null

15-11-2024T09:22:35 - [TEST_STEP][PASSED] - y = year.toInteger(): null

15-11-2024T09:22:35 - [TEST_STEP][PASSED] - m = getText(findTestObject("Выполнение бизнес-плана/Период")): Text of object 'Object Repository/Выполнение бизнес-плана/Период' is: '1, 2, 3 кв. 2024 года'

15-11-2024T09:22:35 - [MESSAGE][PASSED] - Text of object 'Object Repository/Выполнение бизнес-плана/Период' is: '1, 2, 3 кв. 2024 года'

15-11-2024T09:22:35 - [TEST_STEP][PASSED] - m = m.substring(0, m.indexOf("2024")): null

15-11-2024T09:22:35 - [TEST_STEP][PASSED] - m = m.trim(): null

15-11-2024T09:22:35 - [TEST_STEP][PASSED] - dashboardName = "Выполнение бизнес-плана": null

15-11-2024T09:22:35 - [TEST_STEP][PASSED] - workbook01 = getWorkbook(excelFilePath): null

15-11-2024T09:22:35 - [TEST_STEP][PASSED] - sheet01 = getExcelSheet(workbook01, sheetName): null

15-11-2024T09:22:35 - [TEST_STEP][PASSED] - setValueToCellByIndex(sheet01, n, 0, dashboardName): null

15-11-2024T09:22:35 - [TEST_STEP][PASSED] - setValueToCellByIndex(sheet01, n, 1, dZO): null

15-11-2024T09:22:35 - [TEST_STEP][PASSED] - setValueToCellByIndex(sheet01, n, 2, typeOfData): null

15-11-2024T09:22:35 - [TEST_STEP][PASSED] - if (typeOfData == "Факт в процентах" || typeOfData == "План в процентах"): null

15-11-2024T09:22:35 - [TEST_STEP][PASSED] - else: null

15-11-2024T09:22:35 - [TEST_STEP][PASSED] - setValueToCellByIndex(sheet01, n, 3, fileInt): null

15-11-2024T09:22:35 - [TEST_STEP][PASSED] - setValueToCellByIndex(sheet01, n, 4, pageInt): null

15-11-2024T09:22:35 - [TEST_STEP][PASSED] - setValueToCellByIndex(sheet01, n, 5, m): null

15-11-2024T09:22:35 - [TEST_STEP][PASSED] - setValueToCellByIndex(sheet01, n, 6, y): null

15-11-2024T09:22:35 - [TEST_STEP][PASSED] - setValueToCellByIndex(sheet01, n, 7, todaysDate): null

15-11-2024T09:22:35 - [TEST_STEP][PASSED] - n = n + 1: null

15-11-2024T09:22:35 - [TEST_STEP][PASSED] - saveWorkbook(excelFilePath, workbook01): Object: 'Object Repository/Выполнение бизнес-плана/Кнопка Факт' is clicked on

15-11-2024T09:22:35 - [TEST_STEP][PASSED] - if (planFact == 2): Object: 'Object Repository/Выполнение бизнес-плана/Кнопка Факт' is clicked on

15-11-2024T09:22:35 - [TEST_STEP][PASSED] - click(findTestObject("Выполнение бизнес-плана/Кнопка Факт")): Object: 'Object Repository/Выполнение бизнес-плана/Кнопка Факт' is clicked on

15-11-2024T09:22:36 - [MESSAGE][PASSED] - Object: 'Object Repository/Выполнение бизнес-плана/Кнопка Факт' is clicked on

15-11-2024T09:22:36 - [TEST_STEP][PASSED] - if (a == 84 || a == 82): null

15-11-2024T09:22:36 - [TEST_STEP][PASSED] - else if (a == 52 || a == 72 || a == 28 || a == 73 || a == 77 || a == 74 || a == 65 || a == 36 || a == 44 || a == 53 || a == 80 || a == 54 || a == 1 || a == 18 || a == 59 || a == 81): null

15-11-2024T09:22:36 - [TEST_STEP][PASSED] - else: null

15-11-2024T09:22:36 - [TEST_STEP][PASSED] - page1 = getText(findTestObject("Object Repository/Выполнение бизнес-плана/spanPlan" + filialNum)): Text of object 'Object Repository/Выполнение бизнес-плана/spanPlan5' is: '17.04
|'

15-11-2024T09:22:36 - [MESSAGE][PASSED] - Text of object 'Object Repository/Выполнение бизнес-плана/spanPlan5' is: '17.04
|'

15-11-2024T09:22:36 - [TEST_STEP][PASSED] - page1 = page1.replace("|", ""): null

15-11-2024T09:22:36 - [TEST_STEP][PASSED] - page2 = getText(findTestObject("Object Repository/Выполнение бизнес-плана/spanFact" + filialNum)): Text of object 'Object Repository/Выполнение бизнес-плана/spanFact5' is: '17.16
|'

15-11-2024T09:22:36 - [MESSAGE][PASSED] - Text of object 'Object Repository/Выполнение бизнес-плана/spanFact5' is: '17.16
|'

15-11-2024T09:22:36 - [TEST_STEP][PASSED] - page2 = page2.replace("|", ""): null

15-11-2024T09:22:36 - [TEST_STEP][PASSED] - println("page1: " + page1): null

15-11-2024T09:22:36 - [TEST_STEP][PASSED] - println("page2: " + page2): null

15-11-2024T09:22:36 - [TEST_STEP][PASSED] - file = findTestData("PlanFact").getValue(4, a): null

15-11-2024T09:22:36 - [TEST_STEP][PASSED] - file = file.replace(",", "."): null

15-11-2024T09:22:36 - [TEST_STEP][PASSED] - println("file Plan: " + file): null

15-11-2024T09:22:36 - [TEST_STEP][PASSED] - typeOfData = "План в процентах": null

15-11-2024T09:22:36 - [TEST_STEP][PASSED] - fileDouble = file.toDouble(): null

15-11-2024T09:22:36 - [TEST_STEP][PASSED] - pageDouble = page1.toDouble(): null

15-11-2024T09:22:36 - [TEST_STEP][PASSED] - if (fileDouble != pageDouble): null

15-11-2024T09:22:36 - [TEST_STEP][PASSED] - numberOfErrors = numberOfErrors + 1: null

15-11-2024T09:22:36 - [TEST_STEP][PASSED] - Script1718980020443.WriteToExcel(a, typeOfData, todaysDate, pageInt, fileInt, pageDouble, fileDouble, dZO): null

15-11-2024T09:22:36 - [TEST_STEP][PASSED] - sheetName = "Sheet1": null

15-11-2024T09:22:36 - [TEST_STEP][PASSED] - data = findTestData("PlanFact"): null

15-11-2024T09:22:37 - [TEST_STEP][PASSED] - n = data.getRowNumbers() + 1: null

15-11-2024T09:22:37 - [TEST_STEP][PASSED] - year = todaysDate.substring(todaysDate.length() - 4, todaysDate.length()): null

15-11-2024T09:22:37 - [TEST_STEP][PASSED] - y = year.toInteger(): null

15-11-2024T09:22:37 - [TEST_STEP][PASSED] - m = getText(findTestObject("Выполнение бизнес-плана/Период")): Text of object 'Object Repository/Выполнение бизнес-плана/Период' is: '1, 2, 3 кв. 2024 года'

15-11-2024T09:22:37 - [MESSAGE][PASSED] - Text of object 'Object Repository/Выполнение бизнес-плана/Период' is: '1, 2, 3 кв. 2024 года'

15-11-2024T09:22:37 - [TEST_STEP][PASSED] - m = m.substring(0, m.indexOf("2024")): null

15-11-2024T09:22:37 - [TEST_STEP][PASSED] - m = m.trim(): null

15-11-2024T09:22:37 - [TEST_STEP][PASSED] - dashboardName = "Выполнение бизнес-плана": null

15-11-2024T09:22:37 - [TEST_STEP][PASSED] - workbook01 = getWorkbook(excelFilePath): null

15-11-2024T09:22:37 - [TEST_STEP][PASSED] - sheet01 = getExcelSheet(workbook01, sheetName): null

15-11-2024T09:22:37 - [TEST_STEP][PASSED] - setValueToCellByIndex(sheet01, n, 0, dashboardName): null

15-11-2024T09:22:37 - [TEST_STEP][PASSED] - setValueToCellByIndex(sheet01, n, 1, dZO): null

15-11-2024T09:22:37 - [TEST_STEP][PASSED] - setValueToCellByIndex(sheet01, n, 2, typeOfData): null

15-11-2024T09:22:37 - [TEST_STEP][PASSED] - if (typeOfData == "Факт в процентах" || typeOfData == "План в процентах"): null

15-11-2024T09:22:37 - [TEST_STEP][PASSED] - setValueToCellByIndex(sheet01, n, 3, fileDouble): null

15-11-2024T09:22:37 - [TEST_STEP][PASSED] - setValueToCellByIndex(sheet01, n, 4, pageDouble): null

15-11-2024T09:22:37 - [TEST_STEP][PASSED] - setValueToCellByIndex(sheet01, n, 5, m): null

15-11-2024T09:22:37 - [TEST_STEP][PASSED] - setValueToCellByIndex(sheet01, n, 6, y): null

15-11-2024T09:22:37 - [TEST_STEP][PASSED] - setValueToCellByIndex(sheet01, n, 7, todaysDate): null

15-11-2024T09:22:37 - [TEST_STEP][PASSED] - n = n + 1: null

15-11-2024T09:22:37 - [TEST_STEP][PASSED] - saveWorkbook(excelFilePath, workbook01): null

15-11-2024T09:22:37 - [TEST_STEP][PASSED] - file = findTestData("PlanFact").getValue(7, a): null

15-11-2024T09:22:37 - [TEST_STEP][PASSED] - file = file.replace(",", "."): null

15-11-2024T09:22:37 - [TEST_STEP][PASSED] - println("file Fact: " + file): null

15-11-2024T09:22:37 - [TEST_STEP][PASSED] - fileDouble = file.toDouble(): null

15-11-2024T09:22:37 - [TEST_STEP][PASSED] - typeOfData = "Факт в процентах": null

15-11-2024T09:22:37 - [TEST_STEP][PASSED] - fileDouble = file.toDouble(): null

15-11-2024T09:22:37 - [TEST_STEP][PASSED] - pageDouble = page2.toDouble(): null

15-11-2024T09:22:37 - [TEST_STEP][PASSED] - if (fileDouble != pageDouble): null

15-11-2024T09:22:37 - [TEST_STEP][PASSED] - numberOfErrors = numberOfErrors + 1: null

15-11-2024T09:22:37 - [TEST_STEP][PASSED] - Script1718980020443.WriteToExcel(a, typeOfData, todaysDate, pageInt, fileInt, pageDouble, fileDouble, dZO): null

15-11-2024T09:22:37 - [TEST_STEP][PASSED] - sheetName = "Sheet1": null

15-11-2024T09:22:37 - [TEST_STEP][PASSED] - data = findTestData("PlanFact"): null

15-11-2024T09:22:37 - [TEST_STEP][PASSED] - n = data.getRowNumbers() + 1: null

15-11-2024T09:22:37 - [TEST_STEP][PASSED] - year = todaysDate.substring(todaysDate.length() - 4, todaysDate.length()): null

15-11-2024T09:22:37 - [TEST_STEP][PASSED] - y = year.toInteger(): null

15-11-2024T09:22:37 - [TEST_STEP][PASSED] - m = getText(findTestObject("Выполнение бизнес-плана/Период")): Text of object 'Object Repository/Выполнение бизнес-плана/Период' is: '1, 2, 3 кв. 2024 года'

15-11-2024T09:22:38 - [MESSAGE][PASSED] - Text of object 'Object Repository/Выполнение бизнес-плана/Период' is: '1, 2, 3 кв. 2024 года'

15-11-2024T09:22:38 - [TEST_STEP][PASSED] - m = m.substring(0, m.indexOf("2024")): null

15-11-2024T09:22:38 - [TEST_STEP][PASSED] - m = m.trim(): null

15-11-2024T09:22:38 - [TEST_STEP][PASSED] - dashboardName = "Выполнение бизнес-плана": null

15-11-2024T09:22:38 - [TEST_STEP][PASSED] - workbook01 = getWorkbook(excelFilePath): null

15-11-2024T09:22:38 - [TEST_STEP][PASSED] - sheet01 = getExcelSheet(workbook01, sheetName): null

15-11-2024T09:22:38 - [TEST_STEP][PASSED] - setValueToCellByIndex(sheet01, n, 0, dashboardName): null

15-11-2024T09:22:38 - [TEST_STEP][PASSED] - setValueToCellByIndex(sheet01, n, 1, dZO): null

15-11-2024T09:22:38 - [TEST_STEP][PASSED] - setValueToCellByIndex(sheet01, n, 2, typeOfData): null

15-11-2024T09:22:38 - [TEST_STEP][PASSED] - if (typeOfData == "Факт в процентах" || typeOfData == "План в процентах"): null

15-11-2024T09:22:38 - [TEST_STEP][PASSED] - setValueToCellByIndex(sheet01, n, 3, fileDouble): null

15-11-2024T09:22:38 - [TEST_STEP][PASSED] - setValueToCellByIndex(sheet01, n, 4, pageDouble): null

15-11-2024T09:22:38 - [TEST_STEP][PASSED] - setValueToCellByIndex(sheet01, n, 5, m): null

15-11-2024T09:22:38 - [TEST_STEP][PASSED] - setValueToCellByIndex(sheet01, n, 6, y): null

15-11-2024T09:22:38 - [TEST_STEP][PASSED] - setValueToCellByIndex(sheet01, n, 7, todaysDate): null

15-11-2024T09:22:38 - [TEST_STEP][PASSED] - n = n + 1: null

15-11-2024T09:22:38 - [TEST_STEP][PASSED] - saveWorkbook(excelFilePath, workbook01): null

15-11-2024T09:22:38 - [TEST_STEP][FAILED] - if (verifyEqual(numberOfErrors, 0) == false): null

15-11-2024T09:22:38 - [MESSAGE][FAILED] - Unable to verify equal between actual object '6' and expected object '0' (Root cause: com.kms.katalon.core.exception.StepFailedException: Actual object '6' and expected object '0' are not equal
	at com.kms.katalon.core.keyword.builtin.VerifyEqualKeyword$_verifyEqual_closure1.doCall(VerifyEqualKeyword.groovy:58)
	at com.kms.katalon.core.keyword.builtin.VerifyEqualKeyword$_verifyEqual_closure1.call(VerifyEqualKeyword.groovy)
	at com.kms.katalon.core.keyword.internal.KeywordMain.runKeyword(KeywordMain.groovy:75)
	at com.kms.katalon.core.keyword.builtin.VerifyEqualKeyword.verifyEqual(VerifyEqualKeyword.groovy:63)
	at com.kms.katalon.core.keyword.builtin.VerifyEqualKeyword.execute(VerifyEqualKeyword.groovy:44)
	at com.kms.katalon.core.keyword.internal.KeywordExecutor.executeKeywordForPlatform(KeywordExecutor.groovy:74)
	at com.kms.katalon.core.keyword.BuiltinKeywords.verifyEqual(BuiltinKeywords.groovy:146)
	at java.base/jdk.internal.reflect.NativeMethodAccessorImpl.invoke0(Native Method)
	at java.base/jdk.internal.reflect.NativeMethodAccessorImpl.invoke(NativeMethodAccessorImpl.java:77)
	at java.base/jdk.internal.reflect.DelegatingMethodAccessorImpl.invoke(DelegatingMethodAccessorImpl.java:43)
	at Выполнение бизнес-плана Сверка ПАО Россети все филиалы.Numbers(Выполнение бизнес-плана Сверка ПАО Россети все филиалы:740)
	at Выполнение бизнес-плана Сверка ПАО Россети все филиалы.Filials(Выполнение бизнес-плана Сверка ПАО Россети все филиалы:1123)
	at Выполнение бизнес-плана Сверка ПАО Россети все филиалы.Numbers(Выполнение бизнес-плана Сверка ПАО Россети все филиалы:745)
	at Выполнение бизнес-плана Сверка ПАО Россети все филиалы.run(Выполнение бизнес-плана Сверка ПАО Россети все филиалы:304)
	at com.kms.katalon.core.main.ScriptEngine.run(ScriptEngine.java:194)
	at com.kms.katalon.core.main.ScriptEngine.runScriptAsRawText(ScriptEngine.java:119)
	at com.kms.katalon.core.main.TestCaseExecutor.runScript(TestCaseExecutor.java:448)
	at com.kms.katalon.core.main.TestCaseExecutor.doExecute(TestCaseExecutor.java:439)
	at com.kms.katalon.core.main.TestCaseExecutor.processExecutionPhase(TestCaseExecutor.java:418)
	at com.kms.katalon.core.main.TestCaseExecutor.accessMainPhase(TestCaseExecutor.java:410)
	at com.kms.katalon.core.main.TestCaseExecutor.execute(TestCaseExecutor.java:285)
	at com.kms.katalon.core.common.CommonExecutor.accessTestCaseMainPhase(CommonExecutor.java:65)
	at com.kms.katalon.core.main.TestSuiteExecutor.accessTestSuiteMainPhase(TestSuiteExecutor.java:150)
	at com.kms.katalon.core.main.TestSuiteExecutor.execute(TestSuiteExecutor.java:106)
	at com.kms.katalon.core.main.TestCaseMain.startTestSuite(TestCaseMain.java:180)
	at TempTestSuite1731647997681.run(TempTestSuite1731647997681.groovy:35)
	at java.base/jdk.internal.reflect.NativeMethodAccessorImpl.invoke0(Native Method)
	at java.base/jdk.internal.reflect.NativeMethodAccessorImpl.invoke(NativeMethodAccessorImpl.java:77)
	at java.base/jdk.internal.reflect.DelegatingMethodAccessorImpl.invoke(DelegatingMethodAccessorImpl.java:43)
)

15-11-2024T09:22:38 - [TEST_STEP][PASSED] - println(numberOfErrors): null

15-11-2024T09:22:38 - [TEST_STEP][PASSED] - if (a == 28 || a == 77 || a == 74 || a == 65 || a == 36 || a == 44 || a == 54 || a == 1 || a == 18 || a == 59): null

15-11-2024T09:22:38 - [TEST_STEP][PASSED] - if (a == 82): null

15-11-2024T09:22:38 - [TEST_STEP][PASSED] - dZO = "Ставропольэнерго": null

15-11-2024T09:22:38 - [TEST_STEP][PASSED] - a = 69: null

15-11-2024T09:22:38 - [TEST_STEP][PASSED] - if (x2.contains(dZO)): null

15-11-2024T09:22:38 - [TEST_STEP][PASSED] - filialNum = filialNum + 1: null

15-11-2024T09:22:38 - [TEST_STEP][PASSED] - Script1718980020443.Numbers(a, typeOfData, todaysDate, pageInt, fileInt, pageDouble, fileDouble, dZO, dzoNum, filialNum): null

15-11-2024T09:22:38 - [TEST_STEP][PASSED] - println(dzoNum): null

15-11-2024T09:22:38 - [TEST_STEP][PASSED] - planFact = <not implemented yet for class: org.codehaus.groovy.ast.expr.EmptyExpression>: null

15-11-2024T09:22:38 - [TEST_STEP][PASSED] - page = <not implemented yet for class: org.codehaus.groovy.ast.expr.EmptyExpression>: null

15-11-2024T09:22:38 - [TEST_STEP][PASSED] - page1 = <not implemented yet for class: org.codehaus.groovy.ast.expr.EmptyExpression>: null

15-11-2024T09:22:38 - [TEST_STEP][PASSED] - page2 = <not implemented yet for class: org.codehaus.groovy.ast.expr.EmptyExpression>: null

15-11-2024T09:22:38 - [TEST_STEP][PASSED] - filialNumberInRow = <not implemented yet for class: org.codehaus.groovy.ast.expr.EmptyExpression>: null

15-11-2024T09:22:38 - [TEST_STEP][PASSED] - filialsDzoNames = <not implemented yet for class: org.codehaus.groovy.ast.expr.EmptyExpression>: null

15-11-2024T09:22:38 - [TEST_STEP][PASSED] - numberOfFilials = <not implemented yet for class: org.codehaus.groovy.ast.expr.EmptyExpression>: null

15-11-2024T09:22:38 - [TEST_STEP][PASSED] - numberOfSpaces = <not implemented yet for class: org.codehaus.groovy.ast.expr.EmptyExpression>: null

15-11-2024T09:22:38 - [TEST_STEP][PASSED] - file = <not implemented yet for class: org.codehaus.groovy.ast.expr.EmptyExpression>: null

15-11-2024T09:22:38 - [TEST_STEP][PASSED] - otpusk = <not implemented yet for class: org.codehaus.groovy.ast.expr.EmptyExpression>: null

15-11-2024T09:22:38 - [TEST_STEP][PASSED] - poteri = <not implemented yet for class: org.codehaus.groovy.ast.expr.EmptyExpression>: null

15-11-2024T09:22:38 - [TEST_STEP][PASSED] - dataFolder = "Выполнение бизнес-плана/Значения со страницы Выполнение бизнес-плана/": null

15-11-2024T09:22:38 - [TEST_STEP][PASSED] - path = <not implemented yet for class: org.codehaus.groovy.ast.expr.EmptyExpression>: null

15-11-2024T09:22:38 - [TEST_STEP][PASSED] - typeOfDataMain = <not implemented yet for class: org.codehaus.groovy.ast.expr.EmptyExpression>: null

15-11-2024T09:22:38 - [TEST_STEP][PASSED] - fileOtpuskVSet = <not implemented yet for class: org.codehaus.groovy.ast.expr.EmptyExpression>: null

15-11-2024T09:22:38 - [TEST_STEP][PASSED] - pageOtpuskVSet = <not implemented yet for class: org.codehaus.groovy.ast.expr.EmptyExpression>: null

15-11-2024T09:22:38 - [TEST_STEP][PASSED] - filePoteri = <not implemented yet for class: org.codehaus.groovy.ast.expr.EmptyExpression>: null

15-11-2024T09:22:38 - [TEST_STEP][PASSED] - pagePoteri = <not implemented yet for class: org.codehaus.groovy.ast.expr.EmptyExpression>: null

15-11-2024T09:22:38 - [TEST_STEP][PASSED] - compare = <not implemented yet for class: org.codehaus.groovy.ast.expr.EmptyExpression>: null

15-11-2024T09:22:38 - [TEST_STEP][PASSED] - b = <not implemented yet for class: org.codehaus.groovy.ast.expr.EmptyExpression>: null

15-11-2024T09:22:38 - [TEST_STEP][PASSED] - i = <not implemented yet for class: org.codehaus.groovy.ast.expr.EmptyExpression>: null

15-11-2024T09:22:38 - [TEST_STEP][PASSED] - ii = <not implemented yet for class: org.codehaus.groovy.ast.expr.EmptyExpression>: null

15-11-2024T09:22:38 - [TEST_STEP][PASSED] - c = <not implemented yet for class: org.codehaus.groovy.ast.expr.EmptyExpression>: null

15-11-2024T09:22:38 - [TEST_STEP][PASSED] - numberOfErrors = 0: null

15-11-2024T09:22:38 - [TEST_STEP][PASSED] - if (a == 82): null

15-11-2024T09:22:38 - [TEST_STEP][PASSED] - b = findTestData("PlanFact").getValue(1, a): null

15-11-2024T09:22:38 - [TEST_STEP][PASSED] - i = b.indexOf(" (ГК)"): null

15-11-2024T09:22:38 - [TEST_STEP][PASSED] - if (i > -1): null

15-11-2024T09:22:38 - [TEST_STEP][PASSED] - i = b.indexOf("О ""): null

15-11-2024T09:22:38 - [TEST_STEP][PASSED] - if (i > -1): null

15-11-2024T09:22:38 - [TEST_STEP][PASSED] - i = b.indexOf("О «"): null

15-11-2024T09:22:38 - [TEST_STEP][PASSED] - if (i > -1): null

15-11-2024T09:22:38 - [TEST_STEP][PASSED] - i = b.indexOf("г. "): null

15-11-2024T09:22:38 - [TEST_STEP][PASSED] - if (i > -1): null

15-11-2024T09:22:38 - [TEST_STEP][PASSED] - println(b): null

15-11-2024T09:22:38 - [TEST_STEP][PASSED] - for ([planFact = 1, planFact < 3, (planFact++)]): null

15-11-2024T09:22:38 - [TEST_STEP][PASSED] - if (planFact == 1): null

15-11-2024T09:22:38 - [TEST_STEP][PASSED] - typeOfDataMain = "Факт": null

15-11-2024T09:22:38 - [TEST_STEP][PASSED] - otpusk = findTestData("PlanFact").getValue(5, a): null

15-11-2024T09:22:38 - [TEST_STEP][PASSED] - poteri = findTestData("PlanFact").getValue(6, a): null

15-11-2024T09:22:38 - [TEST_STEP][PASSED] - otpusk = otpusk.replaceAll("\s+", ""): null

15-11-2024T09:22:38 - [TEST_STEP][PASSED] - poteri = poteri.replaceAll("\s+", ""): null

15-11-2024T09:22:38 - [TEST_STEP][PASSED] - typeOfData = typeOfDataMain + " Отпуск в сеть": null

15-11-2024T09:22:38 - [TEST_STEP][PASSED] - if (a == 82): null

15-11-2024T09:22:38 - [TEST_STEP][PASSED] - else if (a == 84): null

15-11-2024T09:22:38 - [TEST_STEP][PASSED] - else if (a == 52 || a == 72 || a == 28 || a == 73 || a == 77 || a == 74 || a == 65 || a == 36 || a == 44 || a == 53 || a == 80 || a == 54 || a == 1 || a == 18 || a == 59 || a == 81): null

15-11-2024T09:22:38 - [TEST_STEP][PASSED] - else: null

15-11-2024T09:22:38 - [TEST_STEP][PASSED] - path = dataFolder + typeOfData + " за отчётный период " + b: null

15-11-2024T09:22:38 - [TEST_STEP][PASSED] - println(path): null

15-11-2024T09:22:38 - [TEST_STEP][PASSED] - page = getText(findTestObject(path)): Text of object 'Object Repository/Выполнение бизнес-плана/Значения со страницы Выполнение бизнес-плана/Факт Отпуск в сеть за отчётный период Ставропольэнерго' is: '6 256 622'

15-11-2024T09:22:39 - [MESSAGE][PASSED] - Text of object 'Object Repository/Выполнение бизнес-плана/Значения со страницы Выполнение бизнес-плана/Факт Отпуск в сеть за отчётный период Ставропольэнерго' is: '6 256 622'

15-11-2024T09:22:39 - [TEST_STEP][PASSED] - page = page.replaceAll("\s+", ""): null

15-11-2024T09:22:39 - [TEST_STEP][PASSED] - fileOtpuskVSet = otpusk.toInteger(): null

15-11-2024T09:22:39 - [TEST_STEP][PASSED] - pageOtpuskVSet = page.toInteger(): null

15-11-2024T09:22:39 - [TEST_STEP][PASSED] - typeOfData = typeOfDataMain + " Потери": null

15-11-2024T09:22:39 - [TEST_STEP][PASSED] - if (a == 82): null

15-11-2024T09:22:39 - [TEST_STEP][PASSED] - else if (a == 84): null

15-11-2024T09:22:39 - [TEST_STEP][PASSED] - else if (a == 52 || a == 72 || a == 28 || a == 73 || a == 77 || a == 74 || a == 65 || a == 36 || a == 44 || a == 53 || a == 80 || a == 54 || a == 1 || a == 18 || a == 59 || a == 81): null

15-11-2024T09:22:39 - [TEST_STEP][PASSED] - else: null

15-11-2024T09:22:39 - [TEST_STEP][PASSED] - path = dataFolder + typeOfData + " за отчётный период " + b: null

15-11-2024T09:22:39 - [TEST_STEP][PASSED] - page = getText(findTestObject(path)): Text of object 'Object Repository/Выполнение бизнес-плана/Значения со страницы Выполнение бизнес-плана/Факт Потери за отчётный период Ставропольэнерго' is: '526 379'

15-11-2024T09:22:39 - [MESSAGE][PASSED] - Text of object 'Object Repository/Выполнение бизнес-плана/Значения со страницы Выполнение бизнес-плана/Факт Потери за отчётный период Ставропольэнерго' is: '526 379'

15-11-2024T09:22:39 - [TEST_STEP][PASSED] - page = page.replaceAll("\s+", ""): null

15-11-2024T09:22:39 - [TEST_STEP][PASSED] - filePoteri = poteri.toInteger(): null

15-11-2024T09:22:39 - [TEST_STEP][PASSED] - pagePoteri = page.toInteger(): null

15-11-2024T09:22:39 - [TEST_STEP][PASSED] - compare = pageOtpuskVSet: null

15-11-2024T09:22:39 - [TEST_STEP][PASSED] - if (compare == fileOtpuskVSet): null

15-11-2024T09:22:39 - [TEST_STEP][PASSED] - else if (compare > fileOtpuskVSet): null

15-11-2024T09:22:39 - [TEST_STEP][PASSED] - compare = compare - 1: null

15-11-2024T09:22:39 - [TEST_STEP][PASSED] - if (compare == fileOtpuskVSet): null

15-11-2024T09:22:39 - [TEST_STEP][PASSED] - else: null

15-11-2024T09:22:39 - [TEST_STEP][PASSED] - numberOfErrors = numberOfErrors + 1: null

15-11-2024T09:22:39 - [TEST_STEP][PASSED] - pageInt = pageOtpuskVSet: null

15-11-2024T09:22:39 - [TEST_STEP][PASSED] - fileInt = fileOtpuskVSet: null

15-11-2024T09:22:39 - [TEST_STEP][PASSED] - typeOfData = typeOfDataMain + " Отпуск в сеть": null

15-11-2024T09:22:39 - [TEST_STEP][PASSED] - Script1718980020443.WriteToExcel(a, typeOfData, todaysDate, pageInt, fileInt, pageDouble, fileDouble, dZO): null

15-11-2024T09:22:39 - [TEST_STEP][PASSED] - sheetName = "Sheet1": null

15-11-2024T09:22:39 - [TEST_STEP][PASSED] - data = findTestData("PlanFact"): null

15-11-2024T09:22:39 - [TEST_STEP][PASSED] - n = data.getRowNumbers() + 1: null

15-11-2024T09:22:39 - [TEST_STEP][PASSED] - year = todaysDate.substring(todaysDate.length() - 4, todaysDate.length()): null

15-11-2024T09:22:39 - [TEST_STEP][PASSED] - y = year.toInteger(): null

15-11-2024T09:22:39 - [TEST_STEP][PASSED] - m = getText(findTestObject("Выполнение бизнес-плана/Период")): Text of object 'Object Repository/Выполнение бизнес-плана/Период' is: '1, 2, 3 кв. 2024 года'

15-11-2024T09:22:39 - [MESSAGE][PASSED] - Text of object 'Object Repository/Выполнение бизнес-плана/Период' is: '1, 2, 3 кв. 2024 года'

15-11-2024T09:22:39 - [TEST_STEP][PASSED] - m = m.substring(0, m.indexOf("2024")): null

15-11-2024T09:22:39 - [TEST_STEP][PASSED] - m = m.trim(): null

15-11-2024T09:22:39 - [TEST_STEP][PASSED] - dashboardName = "Выполнение бизнес-плана": null

15-11-2024T09:22:39 - [TEST_STEP][PASSED] - workbook01 = getWorkbook(excelFilePath): null

15-11-2024T09:22:39 - [TEST_STEP][PASSED] - sheet01 = getExcelSheet(workbook01, sheetName): null

15-11-2024T09:22:39 - [TEST_STEP][PASSED] - setValueToCellByIndex(sheet01, n, 0, dashboardName): null

15-11-2024T09:22:39 - [TEST_STEP][PASSED] - setValueToCellByIndex(sheet01, n, 1, dZO): null

15-11-2024T09:22:39 - [TEST_STEP][PASSED] - setValueToCellByIndex(sheet01, n, 2, typeOfData): null

15-11-2024T09:22:39 - [TEST_STEP][PASSED] - if (typeOfData == "Факт в процентах" || typeOfData == "План в процентах"): null

15-11-2024T09:22:39 - [TEST_STEP][PASSED] - else: null

15-11-2024T09:22:39 - [TEST_STEP][PASSED] - setValueToCellByIndex(sheet01, n, 3, fileInt): null

15-11-2024T09:22:39 - [TEST_STEP][PASSED] - setValueToCellByIndex(sheet01, n, 4, pageInt): null

15-11-2024T09:22:39 - [TEST_STEP][PASSED] - setValueToCellByIndex(sheet01, n, 5, m): null

15-11-2024T09:22:39 - [TEST_STEP][PASSED] - setValueToCellByIndex(sheet01, n, 6, y): null

15-11-2024T09:22:39 - [TEST_STEP][PASSED] - setValueToCellByIndex(sheet01, n, 7, todaysDate): null

15-11-2024T09:22:39 - [TEST_STEP][PASSED] - n = n + 1: null

15-11-2024T09:22:39 - [TEST_STEP][PASSED] - saveWorkbook(excelFilePath, workbook01): null

15-11-2024T09:22:40 - [TEST_STEP][PASSED] - compare = pagePoteri: null

15-11-2024T09:22:40 - [TEST_STEP][PASSED] - if (compare == filePoteri): null

15-11-2024T09:22:40 - [TEST_STEP][PASSED] - else if (compare > filePoteri): null

15-11-2024T09:22:40 - [TEST_STEP][PASSED] - compare = compare - 1: null

15-11-2024T09:22:40 - [TEST_STEP][PASSED] - if (compare == filePoteri): null

15-11-2024T09:22:40 - [TEST_STEP][PASSED] - else: null

15-11-2024T09:22:40 - [TEST_STEP][PASSED] - numberOfErrors = numberOfErrors + 1: null

15-11-2024T09:22:40 - [TEST_STEP][PASSED] - pageInt = pagePoteri: null

15-11-2024T09:22:40 - [TEST_STEP][PASSED] - fileInt = filePoteri: null

15-11-2024T09:22:40 - [TEST_STEP][PASSED] - typeOfData = typeOfDataMain + " Потери": null

15-11-2024T09:22:40 - [TEST_STEP][PASSED] - Script1718980020443.WriteToExcel(a, typeOfData, todaysDate, pageInt, fileInt, pageDouble, fileDouble, dZO): null

15-11-2024T09:22:40 - [TEST_STEP][PASSED] - sheetName = "Sheet1": null

15-11-2024T09:22:40 - [TEST_STEP][PASSED] - data = findTestData("PlanFact"): null

15-11-2024T09:22:40 - [TEST_STEP][PASSED] - n = data.getRowNumbers() + 1: null

15-11-2024T09:22:40 - [TEST_STEP][PASSED] - year = todaysDate.substring(todaysDate.length() - 4, todaysDate.length()): null

15-11-2024T09:22:40 - [TEST_STEP][PASSED] - y = year.toInteger(): null

15-11-2024T09:22:40 - [TEST_STEP][PASSED] - m = getText(findTestObject("Выполнение бизнес-плана/Период")): Text of object 'Object Repository/Выполнение бизнес-плана/Период' is: '1, 2, 3 кв. 2024 года'

15-11-2024T09:22:40 - [MESSAGE][PASSED] - Text of object 'Object Repository/Выполнение бизнес-плана/Период' is: '1, 2, 3 кв. 2024 года'

15-11-2024T09:22:40 - [TEST_STEP][PASSED] - m = m.substring(0, m.indexOf("2024")): null

15-11-2024T09:22:40 - [TEST_STEP][PASSED] - m = m.trim(): null

15-11-2024T09:22:40 - [TEST_STEP][PASSED] - dashboardName = "Выполнение бизнес-плана": null

15-11-2024T09:22:40 - [TEST_STEP][PASSED] - workbook01 = getWorkbook(excelFilePath): null

15-11-2024T09:22:40 - [TEST_STEP][PASSED] - sheet01 = getExcelSheet(workbook01, sheetName): null

15-11-2024T09:22:40 - [TEST_STEP][PASSED] - setValueToCellByIndex(sheet01, n, 0, dashboardName): null

15-11-2024T09:22:40 - [TEST_STEP][PASSED] - setValueToCellByIndex(sheet01, n, 1, dZO): null

15-11-2024T09:22:40 - [TEST_STEP][PASSED] - setValueToCellByIndex(sheet01, n, 2, typeOfData): null

15-11-2024T09:22:40 - [TEST_STEP][PASSED] - if (typeOfData == "Факт в процентах" || typeOfData == "План в процентах"): null

15-11-2024T09:22:40 - [TEST_STEP][PASSED] - else: null

15-11-2024T09:22:40 - [TEST_STEP][PASSED] - setValueToCellByIndex(sheet01, n, 3, fileInt): null

15-11-2024T09:22:40 - [TEST_STEP][PASSED] - setValueToCellByIndex(sheet01, n, 4, pageInt): null

15-11-2024T09:22:40 - [TEST_STEP][PASSED] - setValueToCellByIndex(sheet01, n, 5, m): null

15-11-2024T09:22:40 - [TEST_STEP][PASSED] - setValueToCellByIndex(sheet01, n, 6, y): null

15-11-2024T09:22:40 - [TEST_STEP][PASSED] - setValueToCellByIndex(sheet01, n, 7, todaysDate): null

15-11-2024T09:22:40 - [TEST_STEP][PASSED] - n = n + 1: null

15-11-2024T09:22:40 - [TEST_STEP][PASSED] - saveWorkbook(excelFilePath, workbook01): null

15-11-2024T09:22:40 - [TEST_STEP][PASSED] - if (planFact == 2): null

15-11-2024T09:22:40 - [TEST_STEP][PASSED] - if (planFact == 1): null

15-11-2024T09:22:40 - [TEST_STEP][PASSED] - else if (planFact == 2): null

15-11-2024T09:22:40 - [TEST_STEP][PASSED] - click(findTestObject("Выполнение бизнес-плана/Кнопка План")): Object: 'Object Repository/Выполнение бизнес-плана/Кнопка План' is clicked on

15-11-2024T09:22:41 - [MESSAGE][PASSED] - Object: 'Object Repository/Выполнение бизнес-плана/Кнопка План' is clicked on

15-11-2024T09:22:41 - [TEST_STEP][PASSED] - typeOfDataMain = "План": null

15-11-2024T09:22:41 - [TEST_STEP][PASSED] - otpusk = findTestData("PlanFact").getValue(2, a): null

15-11-2024T09:22:41 - [TEST_STEP][PASSED] - poteri = findTestData("PlanFact").getValue(3, a): null

15-11-2024T09:22:41 - [TEST_STEP][PASSED] - otpusk = otpusk.replaceAll("\s+", ""): null

15-11-2024T09:22:41 - [TEST_STEP][PASSED] - poteri = poteri.replaceAll("\s+", ""): null

15-11-2024T09:22:41 - [TEST_STEP][PASSED] - typeOfData = typeOfDataMain + " Отпуск в сеть": null

15-11-2024T09:22:41 - [TEST_STEP][PASSED] - if (a == 82): null

15-11-2024T09:22:41 - [TEST_STEP][PASSED] - else if (a == 84): null

15-11-2024T09:22:41 - [TEST_STEP][PASSED] - else if (a == 52 || a == 72 || a == 28 || a == 73 || a == 77 || a == 74 || a == 65 || a == 36 || a == 44 || a == 53 || a == 80 || a == 54 || a == 1 || a == 18 || a == 59 || a == 81): null

15-11-2024T09:22:41 - [TEST_STEP][PASSED] - else: null

15-11-2024T09:22:41 - [TEST_STEP][PASSED] - path = dataFolder + typeOfData + " за отчётный период " + b: null

15-11-2024T09:22:41 - [TEST_STEP][PASSED] - println(path): null

15-11-2024T09:22:41 - [TEST_STEP][PASSED] - page = getText(findTestObject(path)): Text of object 'Object Repository/Выполнение бизнес-плана/Значения со страницы Выполнение бизнес-плана/План Отпуск в сеть за отчётный период Ставропольэнерго' is: '5 926 135'

15-11-2024T09:22:41 - [MESSAGE][PASSED] - Text of object 'Object Repository/Выполнение бизнес-плана/Значения со страницы Выполнение бизнес-плана/План Отпуск в сеть за отчётный период Ставропольэнерго' is: '5 926 135'

15-11-2024T09:22:41 - [TEST_STEP][PASSED] - page = page.replaceAll("\s+", ""): null

15-11-2024T09:22:41 - [TEST_STEP][PASSED] - fileOtpuskVSet = otpusk.toInteger(): null

15-11-2024T09:22:41 - [TEST_STEP][PASSED] - pageOtpuskVSet = page.toInteger(): null

15-11-2024T09:22:41 - [TEST_STEP][PASSED] - typeOfData = typeOfDataMain + " Потери": null

15-11-2024T09:22:41 - [TEST_STEP][PASSED] - if (a == 82): null

15-11-2024T09:22:41 - [TEST_STEP][PASSED] - else if (a == 84): null

15-11-2024T09:22:41 - [TEST_STEP][PASSED] - else if (a == 52 || a == 72 || a == 28 || a == 73 || a == 77 || a == 74 || a == 65 || a == 36 || a == 44 || a == 53 || a == 80 || a == 54 || a == 1 || a == 18 || a == 59 || a == 81): null

15-11-2024T09:22:41 - [TEST_STEP][PASSED] - else: null

15-11-2024T09:22:41 - [TEST_STEP][PASSED] - path = dataFolder + typeOfData + " за отчётный период " + b: null

15-11-2024T09:22:41 - [TEST_STEP][PASSED] - page = getText(findTestObject(path)): Text of object 'Object Repository/Выполнение бизнес-плана/Значения со страницы Выполнение бизнес-плана/План Потери за отчётный период Ставропольэнерго' is: '497 688'

15-11-2024T09:22:41 - [MESSAGE][PASSED] - Text of object 'Object Repository/Выполнение бизнес-плана/Значения со страницы Выполнение бизнес-плана/План Потери за отчётный период Ставропольэнерго' is: '497 688'

15-11-2024T09:22:41 - [TEST_STEP][PASSED] - page = page.replaceAll("\s+", ""): null

15-11-2024T09:22:41 - [TEST_STEP][PASSED] - filePoteri = poteri.toInteger(): null

15-11-2024T09:22:41 - [TEST_STEP][PASSED] - pagePoteri = page.toInteger(): null

15-11-2024T09:22:41 - [TEST_STEP][PASSED] - compare = pageOtpuskVSet: null

15-11-2024T09:22:41 - [TEST_STEP][PASSED] - if (compare == fileOtpuskVSet): null

15-11-2024T09:22:41 - [TEST_STEP][PASSED] - else if (compare > fileOtpuskVSet): null

15-11-2024T09:22:41 - [TEST_STEP][PASSED] - else if (compare < fileOtpuskVSet): null

15-11-2024T09:22:41 - [TEST_STEP][PASSED] - compare = compare + 1: null

15-11-2024T09:22:41 - [TEST_STEP][PASSED] - if (compare == fileOtpuskVSet): null

15-11-2024T09:22:41 - [TEST_STEP][PASSED] - else: null

15-11-2024T09:22:41 - [TEST_STEP][PASSED] - numberOfErrors = numberOfErrors + 1: null

15-11-2024T09:22:41 - [TEST_STEP][PASSED] - pageInt = pageOtpuskVSet: null

15-11-2024T09:22:41 - [TEST_STEP][PASSED] - fileInt = fileOtpuskVSet: null

15-11-2024T09:22:41 - [TEST_STEP][PASSED] - typeOfData = typeOfDataMain + " Отпуск в сеть": null

15-11-2024T09:22:41 - [TEST_STEP][PASSED] - Script1718980020443.WriteToExcel(a, typeOfData, todaysDate, pageInt, fileInt, pageDouble, fileDouble, dZO): null

15-11-2024T09:22:41 - [TEST_STEP][PASSED] - sheetName = "Sheet1": null

15-11-2024T09:22:41 - [TEST_STEP][PASSED] - data = findTestData("PlanFact"): null

15-11-2024T09:22:41 - [TEST_STEP][PASSED] - n = data.getRowNumbers() + 1: null

15-11-2024T09:22:41 - [TEST_STEP][PASSED] - year = todaysDate.substring(todaysDate.length() - 4, todaysDate.length()): null

15-11-2024T09:22:41 - [TEST_STEP][PASSED] - y = year.toInteger(): null

15-11-2024T09:22:41 - [TEST_STEP][PASSED] - m = getText(findTestObject("Выполнение бизнес-плана/Период")): Text of object 'Object Repository/Выполнение бизнес-плана/Период' is: '1, 2, 3 кв. 2024 года'

15-11-2024T09:22:42 - [MESSAGE][PASSED] - Text of object 'Object Repository/Выполнение бизнес-плана/Период' is: '1, 2, 3 кв. 2024 года'

15-11-2024T09:22:42 - [TEST_STEP][PASSED] - m = m.substring(0, m.indexOf("2024")): null

15-11-2024T09:22:42 - [TEST_STEP][PASSED] - m = m.trim(): null

15-11-2024T09:22:42 - [TEST_STEP][PASSED] - dashboardName = "Выполнение бизнес-плана": null

15-11-2024T09:22:42 - [TEST_STEP][PASSED] - workbook01 = getWorkbook(excelFilePath): null

15-11-2024T09:22:42 - [TEST_STEP][PASSED] - sheet01 = getExcelSheet(workbook01, sheetName): null

15-11-2024T09:22:42 - [TEST_STEP][PASSED] - setValueToCellByIndex(sheet01, n, 0, dashboardName): null

15-11-2024T09:22:42 - [TEST_STEP][PASSED] - setValueToCellByIndex(sheet01, n, 1, dZO): null

15-11-2024T09:22:42 - [TEST_STEP][PASSED] - setValueToCellByIndex(sheet01, n, 2, typeOfData): null

15-11-2024T09:22:42 - [TEST_STEP][PASSED] - if (typeOfData == "Факт в процентах" || typeOfData == "План в процентах"): null

15-11-2024T09:22:42 - [TEST_STEP][PASSED] - else: null

15-11-2024T09:22:42 - [TEST_STEP][PASSED] - setValueToCellByIndex(sheet01, n, 3, fileInt): null

15-11-2024T09:22:42 - [TEST_STEP][PASSED] - setValueToCellByIndex(sheet01, n, 4, pageInt): null

15-11-2024T09:22:42 - [TEST_STEP][PASSED] - setValueToCellByIndex(sheet01, n, 5, m): null

15-11-2024T09:22:42 - [TEST_STEP][PASSED] - setValueToCellByIndex(sheet01, n, 6, y): null

15-11-2024T09:22:42 - [TEST_STEP][PASSED] - setValueToCellByIndex(sheet01, n, 7, todaysDate): null

15-11-2024T09:22:42 - [TEST_STEP][PASSED] - n = n + 1: null

15-11-2024T09:22:42 - [TEST_STEP][PASSED] - saveWorkbook(excelFilePath, workbook01): null

15-11-2024T09:22:42 - [TEST_STEP][PASSED] - compare = pagePoteri: null

15-11-2024T09:22:42 - [TEST_STEP][PASSED] - if (compare == filePoteri): null

15-11-2024T09:22:42 - [TEST_STEP][PASSED] - else if (compare > filePoteri): null

15-11-2024T09:22:42 - [TEST_STEP][PASSED] - else if (compare < filePoteri): null

15-11-2024T09:22:42 - [TEST_STEP][PASSED] - compare = compare + 1: null

15-11-2024T09:22:42 - [TEST_STEP][PASSED] - if (compare == filePoteri): null

15-11-2024T09:22:42 - [TEST_STEP][PASSED] - else: null

15-11-2024T09:22:42 - [TEST_STEP][PASSED] - numberOfErrors = numberOfErrors + 1: null

15-11-2024T09:22:42 - [TEST_STEP][PASSED] - pageInt = pagePoteri: null

15-11-2024T09:22:42 - [TEST_STEP][PASSED] - fileInt = filePoteri: null

15-11-2024T09:22:42 - [TEST_STEP][PASSED] - typeOfData = typeOfDataMain + " Потери": null

15-11-2024T09:22:42 - [TEST_STEP][PASSED] - Script1718980020443.WriteToExcel(a, typeOfData, todaysDate, pageInt, fileInt, pageDouble, fileDouble, dZO): null

15-11-2024T09:22:42 - [TEST_STEP][PASSED] - sheetName = "Sheet1": null

15-11-2024T09:22:42 - [TEST_STEP][PASSED] - data = findTestData("PlanFact"): null

15-11-2024T09:22:42 - [TEST_STEP][PASSED] - n = data.getRowNumbers() + 1: null

15-11-2024T09:22:42 - [TEST_STEP][PASSED] - year = todaysDate.substring(todaysDate.length() - 4, todaysDate.length()): null

15-11-2024T09:22:42 - [TEST_STEP][PASSED] - y = year.toInteger(): null

15-11-2024T09:22:42 - [TEST_STEP][PASSED] - m = getText(findTestObject("Выполнение бизнес-плана/Период")): Text of object 'Object Repository/Выполнение бизнес-плана/Период' is: '1, 2, 3 кв. 2024 года'

15-11-2024T09:22:42 - [MESSAGE][PASSED] - Text of object 'Object Repository/Выполнение бизнес-плана/Период' is: '1, 2, 3 кв. 2024 года'

15-11-2024T09:22:42 - [TEST_STEP][PASSED] - m = m.substring(0, m.indexOf("2024")): null

15-11-2024T09:22:42 - [TEST_STEP][PASSED] - m = m.trim(): null

15-11-2024T09:22:42 - [TEST_STEP][PASSED] - dashboardName = "Выполнение бизнес-плана": null

15-11-2024T09:22:42 - [TEST_STEP][PASSED] - workbook01 = getWorkbook(excelFilePath): null

15-11-2024T09:22:43 - [TEST_STEP][PASSED] - sheet01 = getExcelSheet(workbook01, sheetName): null

15-11-2024T09:22:43 - [TEST_STEP][PASSED] - setValueToCellByIndex(sheet01, n, 0, dashboardName): null

15-11-2024T09:22:43 - [TEST_STEP][PASSED] - setValueToCellByIndex(sheet01, n, 1, dZO): null

15-11-2024T09:22:43 - [TEST_STEP][PASSED] - setValueToCellByIndex(sheet01, n, 2, typeOfData): null

15-11-2024T09:22:43 - [TEST_STEP][PASSED] - if (typeOfData == "Факт в процентах" || typeOfData == "План в процентах"): null

15-11-2024T09:22:43 - [TEST_STEP][PASSED] - else: null

15-11-2024T09:22:43 - [TEST_STEP][PASSED] - setValueToCellByIndex(sheet01, n, 3, fileInt): null

15-11-2024T09:22:43 - [TEST_STEP][PASSED] - setValueToCellByIndex(sheet01, n, 4, pageInt): null

15-11-2024T09:22:43 - [TEST_STEP][PASSED] - setValueToCellByIndex(sheet01, n, 5, m): null

15-11-2024T09:22:43 - [TEST_STEP][PASSED] - setValueToCellByIndex(sheet01, n, 6, y): null

15-11-2024T09:22:43 - [TEST_STEP][PASSED] - setValueToCellByIndex(sheet01, n, 7, todaysDate): null

15-11-2024T09:22:43 - [TEST_STEP][PASSED] - n = n + 1: null

15-11-2024T09:22:43 - [TEST_STEP][PASSED] - saveWorkbook(excelFilePath, workbook01): Object: 'Object Repository/Выполнение бизнес-плана/Кнопка Факт' is clicked on

15-11-2024T09:22:43 - [TEST_STEP][PASSED] - if (planFact == 2): Object: 'Object Repository/Выполнение бизнес-плана/Кнопка Факт' is clicked on

15-11-2024T09:22:43 - [TEST_STEP][PASSED] - click(findTestObject("Выполнение бизнес-плана/Кнопка Факт")): Object: 'Object Repository/Выполнение бизнес-плана/Кнопка Факт' is clicked on

15-11-2024T09:22:43 - [MESSAGE][PASSED] - Object: 'Object Repository/Выполнение бизнес-плана/Кнопка Факт' is clicked on

15-11-2024T09:22:43 - [TEST_STEP][PASSED] - if (a == 84 || a == 82): null

15-11-2024T09:22:43 - [TEST_STEP][PASSED] - else if (a == 52 || a == 72 || a == 28 || a == 73 || a == 77 || a == 74 || a == 65 || a == 36 || a == 44 || a == 53 || a == 80 || a == 54 || a == 1 || a == 18 || a == 59 || a == 81): null

15-11-2024T09:22:43 - [TEST_STEP][PASSED] - else: null

15-11-2024T09:22:43 - [TEST_STEP][PASSED] - page1 = getText(findTestObject("Object Repository/Выполнение бизнес-плана/spanPlan" + filialNum)): Text of object 'Object Repository/Выполнение бизнес-плана/spanPlan6' is: '8.40
|'

15-11-2024T09:22:43 - [MESSAGE][PASSED] - Text of object 'Object Repository/Выполнение бизнес-плана/spanPlan6' is: '8.40
|'

15-11-2024T09:22:43 - [TEST_STEP][PASSED] - page1 = page1.replace("|", ""): null

15-11-2024T09:22:43 - [TEST_STEP][PASSED] - page2 = getText(findTestObject("Object Repository/Выполнение бизнес-плана/spanFact" + filialNum)): Text of object 'Object Repository/Выполнение бизнес-плана/spanFact6' is: '8.41
|'

15-11-2024T09:22:44 - [MESSAGE][PASSED] - Text of object 'Object Repository/Выполнение бизнес-плана/spanFact6' is: '8.41
|'

15-11-2024T09:22:44 - [TEST_STEP][PASSED] - page2 = page2.replace("|", ""): null

15-11-2024T09:22:44 - [TEST_STEP][PASSED] - println("page1: " + page1): null

15-11-2024T09:22:44 - [TEST_STEP][PASSED] - println("page2: " + page2): null

15-11-2024T09:22:44 - [TEST_STEP][PASSED] - file = findTestData("PlanFact").getValue(4, a): null

15-11-2024T09:22:44 - [TEST_STEP][PASSED] - file = file.replace(",", "."): null

15-11-2024T09:22:44 - [TEST_STEP][PASSED] - println("file Plan: " + file): null

15-11-2024T09:22:44 - [TEST_STEP][PASSED] - typeOfData = "План в процентах": null

15-11-2024T09:22:44 - [TEST_STEP][PASSED] - fileDouble = file.toDouble(): null

15-11-2024T09:22:44 - [TEST_STEP][PASSED] - pageDouble = page1.toDouble(): null

15-11-2024T09:22:44 - [TEST_STEP][PASSED] - if (fileDouble != pageDouble): null

15-11-2024T09:22:44 - [TEST_STEP][PASSED] - file = findTestData("PlanFact").getValue(7, a): null

15-11-2024T09:22:44 - [TEST_STEP][PASSED] - file = file.replace(",", "."): null

15-11-2024T09:22:44 - [TEST_STEP][PASSED] - println("file Fact: " + file): null

15-11-2024T09:22:44 - [TEST_STEP][PASSED] - fileDouble = file.toDouble(): null

15-11-2024T09:22:44 - [TEST_STEP][PASSED] - typeOfData = "Факт в процентах": null

15-11-2024T09:22:44 - [TEST_STEP][PASSED] - fileDouble = file.toDouble(): null

15-11-2024T09:22:44 - [TEST_STEP][PASSED] - pageDouble = page2.toDouble(): null

15-11-2024T09:22:44 - [TEST_STEP][PASSED] - if (fileDouble != pageDouble): null

15-11-2024T09:22:44 - [TEST_STEP][PASSED] - numberOfErrors = numberOfErrors + 1: null

15-11-2024T09:22:44 - [TEST_STEP][PASSED] - Script1718980020443.WriteToExcel(a, typeOfData, todaysDate, pageInt, fileInt, pageDouble, fileDouble, dZO): null

15-11-2024T09:22:44 - [TEST_STEP][PASSED] - sheetName = "Sheet1": null

15-11-2024T09:22:44 - [TEST_STEP][PASSED] - data = findTestData("PlanFact"): null

15-11-2024T09:22:44 - [TEST_STEP][PASSED] - n = data.getRowNumbers() + 1: null

15-11-2024T09:22:44 - [TEST_STEP][PASSED] - year = todaysDate.substring(todaysDate.length() - 4, todaysDate.length()): null

15-11-2024T09:22:44 - [TEST_STEP][PASSED] - y = year.toInteger(): null

15-11-2024T09:22:44 - [TEST_STEP][PASSED] - m = getText(findTestObject("Выполнение бизнес-плана/Период")): Text of object 'Object Repository/Выполнение бизнес-плана/Период' is: '1, 2, 3 кв. 2024 года'

15-11-2024T09:22:44 - [MESSAGE][PASSED] - Text of object 'Object Repository/Выполнение бизнес-плана/Период' is: '1, 2, 3 кв. 2024 года'

15-11-2024T09:22:44 - [TEST_STEP][PASSED] - m = m.substring(0, m.indexOf("2024")): null

15-11-2024T09:22:44 - [TEST_STEP][PASSED] - m = m.trim(): null

15-11-2024T09:22:44 - [TEST_STEP][PASSED] - dashboardName = "Выполнение бизнес-плана": null

15-11-2024T09:22:44 - [TEST_STEP][PASSED] - workbook01 = getWorkbook(excelFilePath): null

15-11-2024T09:22:44 - [TEST_STEP][PASSED] - sheet01 = getExcelSheet(workbook01, sheetName): null

15-11-2024T09:22:44 - [TEST_STEP][PASSED] - setValueToCellByIndex(sheet01, n, 0, dashboardName): null

15-11-2024T09:22:44 - [TEST_STEP][PASSED] - setValueToCellByIndex(sheet01, n, 1, dZO): null

15-11-2024T09:22:44 - [TEST_STEP][PASSED] - setValueToCellByIndex(sheet01, n, 2, typeOfData): null

15-11-2024T09:22:44 - [TEST_STEP][PASSED] - if (typeOfData == "Факт в процентах" || typeOfData == "План в процентах"): null

15-11-2024T09:22:44 - [TEST_STEP][PASSED] - setValueToCellByIndex(sheet01, n, 3, fileDouble): null

15-11-2024T09:22:44 - [TEST_STEP][PASSED] - setValueToCellByIndex(sheet01, n, 4, pageDouble): null

15-11-2024T09:22:44 - [TEST_STEP][PASSED] - setValueToCellByIndex(sheet01, n, 5, m): null

15-11-2024T09:22:44 - [TEST_STEP][PASSED] - setValueToCellByIndex(sheet01, n, 6, y): null

15-11-2024T09:22:44 - [TEST_STEP][PASSED] - setValueToCellByIndex(sheet01, n, 7, todaysDate): null

15-11-2024T09:22:44 - [TEST_STEP][PASSED] - n = n + 1: null

15-11-2024T09:22:44 - [TEST_STEP][PASSED] - saveWorkbook(excelFilePath, workbook01): null

15-11-2024T09:22:44 - [TEST_STEP][FAILED] - if (verifyEqual(numberOfErrors, 0) == false): null

15-11-2024T09:22:44 - [MESSAGE][FAILED] - Unable to verify equal between actual object '5' and expected object '0' (Root cause: com.kms.katalon.core.exception.StepFailedException: Actual object '5' and expected object '0' are not equal
	at com.kms.katalon.core.keyword.builtin.VerifyEqualKeyword$_verifyEqual_closure1.doCall(VerifyEqualKeyword.groovy:58)
	at com.kms.katalon.core.keyword.builtin.VerifyEqualKeyword$_verifyEqual_closure1.call(VerifyEqualKeyword.groovy)
	at com.kms.katalon.core.keyword.internal.KeywordMain.runKeyword(KeywordMain.groovy:75)
	at com.kms.katalon.core.keyword.builtin.VerifyEqualKeyword.verifyEqual(VerifyEqualKeyword.groovy:63)
	at com.kms.katalon.core.keyword.builtin.VerifyEqualKeyword.execute(VerifyEqualKeyword.groovy:44)
	at com.kms.katalon.core.keyword.internal.KeywordExecutor.executeKeywordForPlatform(KeywordExecutor.groovy:74)
	at com.kms.katalon.core.keyword.BuiltinKeywords.verifyEqual(BuiltinKeywords.groovy:146)
	at java.base/jdk.internal.reflect.NativeMethodAccessorImpl.invoke0(Native Method)
	at java.base/jdk.internal.reflect.NativeMethodAccessorImpl.invoke(NativeMethodAccessorImpl.java:77)
	at java.base/jdk.internal.reflect.DelegatingMethodAccessorImpl.invoke(DelegatingMethodAccessorImpl.java:43)
	at Выполнение бизнес-плана Сверка ПАО Россети все филиалы.Numbers(Выполнение бизнес-плана Сверка ПАО Россети все филиалы:740)
	at Выполнение бизнес-плана Сверка ПАО Россети все филиалы.Filials(Выполнение бизнес-плана Сверка ПАО Россети все филиалы:1135)
	at Выполнение бизнес-плана Сверка ПАО Россети все филиалы.Numbers(Выполнение бизнес-плана Сверка ПАО Россети все филиалы:745)
	at Выполнение бизнес-плана Сверка ПАО Россети все филиалы.run(Выполнение бизнес-плана Сверка ПАО Россети все филиалы:304)
	at com.kms.katalon.core.main.ScriptEngine.run(ScriptEngine.java:194)
	at com.kms.katalon.core.main.ScriptEngine.runScriptAsRawText(ScriptEngine.java:119)
	at com.kms.katalon.core.main.TestCaseExecutor.runScript(TestCaseExecutor.java:448)
	at com.kms.katalon.core.main.TestCaseExecutor.doExecute(TestCaseExecutor.java:439)
	at com.kms.katalon.core.main.TestCaseExecutor.processExecutionPhase(TestCaseExecutor.java:418)
	at com.kms.katalon.core.main.TestCaseExecutor.accessMainPhase(TestCaseExecutor.java:410)
	at com.kms.katalon.core.main.TestCaseExecutor.execute(TestCaseExecutor.java:285)
	at com.kms.katalon.core.common.CommonExecutor.accessTestCaseMainPhase(CommonExecutor.java:65)
	at com.kms.katalon.core.main.TestSuiteExecutor.accessTestSuiteMainPhase(TestSuiteExecutor.java:150)
	at com.kms.katalon.core.main.TestSuiteExecutor.execute(TestSuiteExecutor.java:106)
	at com.kms.katalon.core.main.TestCaseMain.startTestSuite(TestCaseMain.java:180)
	at TempTestSuite1731647997681.run(TempTestSuite1731647997681.groovy:35)
	at java.base/jdk.internal.reflect.NativeMethodAccessorImpl.invoke0(Native Method)
	at java.base/jdk.internal.reflect.NativeMethodAccessorImpl.invoke(NativeMethodAccessorImpl.java:77)
	at java.base/jdk.internal.reflect.DelegatingMethodAccessorImpl.invoke(DelegatingMethodAccessorImpl.java:43)
)

15-11-2024T09:22:44 - [TEST_STEP][PASSED] - println(numberOfErrors): null

15-11-2024T09:22:44 - [TEST_STEP][PASSED] - if (a == 28 || a == 77 || a == 74 || a == 65 || a == 36 || a == 44 || a == 54 || a == 1 || a == 18 || a == 59): null

15-11-2024T09:22:44 - [TEST_STEP][PASSED] - if (a == 82): null

15-11-2024T09:22:44 - [TEST_STEP][PASSED] - filialNum = 0: null

15-11-2024T09:22:44 - [TEST_STEP][PASSED] - if (a == 1): null

15-11-2024T09:22:44 - [TEST_STEP][PASSED] - if (a == 18): null

15-11-2024T09:22:44 - [TEST_STEP][PASSED] - if (a == 36): null

15-11-2024T09:22:44 - [TEST_STEP][PASSED] - if (a == 44): null

15-11-2024T09:22:44 - [TEST_STEP][PASSED] - if (a == 54): null

15-11-2024T09:22:44 - [TEST_STEP][PASSED] - if (a == 59): null

15-11-2024T09:22:44 - [TEST_STEP][PASSED] - Script1718980020443.OpenFilter(): null

15-11-2024T09:22:44 - [TEST_STEP][PASSED] - click(findTestObject("Object Repository/Выполнение бизнес-плана/Фильтр ДЗО")): Object: 'Object Repository/Выполнение бизнес-плана/Фильтр ДЗО' is clicked on

15-11-2024T09:22:45 - [MESSAGE][PASSED] - Object: 'Object Repository/Выполнение бизнес-плана/Фильтр ДЗО' is clicked on

15-11-2024T09:22:45 - [TEST_STEP][PASSED] - click(findTestObject("Выполнение бизнес-плана/Снять выделение в фильтре ДЗО")): Object: 'Object Repository/Выполнение бизнес-плана/Снять выделение в фильтре ДЗО' is clicked on

15-11-2024T09:22:45 - [MESSAGE][PASSED] - Object: 'Object Repository/Выполнение бизнес-плана/Снять выделение в фильтре ДЗО' is clicked on

15-11-2024T09:22:45 - [TEST_STEP][PASSED] - Script1718980020443.CloseFilter(): null

15-11-2024T09:22:45 - [TEST_STEP][PASSED] - scrollToElement(findTestObject("Выполнение бизнес-плана/Заголовок дашборда"), 30): Scroll to object 'Object Repository/Выполнение бизнес-плана/Заголовок дашборда' successfully

15-11-2024T09:22:46 - [MESSAGE][PASSED] - Scroll to object 'Object Repository/Выполнение бизнес-плана/Заголовок дашборда' successfully

15-11-2024T09:22:46 - [TEST_STEP][PASSED] - click(findTestObject("Object Repository/Выполнение бизнес-плана/Применить в фильтре ДЗО")): Object: 'Object Repository/Выполнение бизнес-плана/Применить в фильтре ДЗО' is clicked on

15-11-2024T09:22:47 - [MESSAGE][PASSED] - Object: 'Object Repository/Выполнение бизнес-плана/Применить в фильтре ДЗО' is clicked on

15-11-2024T09:22:47 - [TEST_STEP][PASSED] - if (a == 82): null

15-11-2024T09:22:47 - [TEST_STEP][PASSED] - println(dzoNum): null

15-11-2024T09:22:47 - [TEST_STEP][PASSED] - dZO = "Россети Северо-Запад": null

15-11-2024T09:22:47 - [TEST_STEP][PASSED] - a = 36: null

15-11-2024T09:22:47 - [TEST_STEP][PASSED] - if (x1.contains(dZO)): null

15-11-2024T09:22:47 - [TEST_STEP][PASSED] - else: null

15-11-2024T09:22:47 - [TEST_STEP][PASSED] - Script1718980020443.NoData(a, typeOfData, todaysDate, fileInt, fileDouble, dZO): null

15-11-2024T09:22:47 - [TEST_STEP][PASSED] - println(a): null

15-11-2024T09:22:47 - [TEST_STEP][PASSED] - println(todaysDate): null

15-11-2024T09:22:47 - [TEST_STEP][PASSED] - println(fileInt): null

15-11-2024T09:22:47 - [TEST_STEP][PASSED] - println(fileDouble): null

15-11-2024T09:22:47 - [TEST_STEP][PASSED] - println(dZO): null

15-11-2024T09:22:47 - [TEST_STEP][PASSED] - typeOfData = "Факт Отпуск в сеть": null

15-11-2024T09:22:47 - [TEST_STEP][PASSED] - fileInt = replaceAll("\s+", "").toInteger(): null

15-11-2024T09:22:47 - [TEST_STEP][PASSED] - Script1718980020443.WriteToExcelNoData(a, typeOfData, todaysDate, fileInt, fileDouble, dZO): null

15-11-2024T09:22:47 - [TEST_STEP][PASSED] - sheetName = "Sheet1": null

15-11-2024T09:22:47 - [TEST_STEP][PASSED] - data = findTestData("PlanFact"): null

15-11-2024T09:22:47 - [TEST_STEP][PASSED] - n = data.getRowNumbers() + 1: null

15-11-2024T09:22:47 - [TEST_STEP][PASSED] - year = todaysDate.substring(todaysDate.length() - 4, todaysDate.length()): null

15-11-2024T09:22:47 - [TEST_STEP][PASSED] - y = year.toInteger(): null

15-11-2024T09:22:47 - [TEST_STEP][PASSED] - m = getText(findTestObject("Выполнение бизнес-плана/Период")): Text of object 'Object Repository/Выполнение бизнес-плана/Период' is: '1, 2, 3 кв. 2024 года'

15-11-2024T09:23:06 - [MESSAGE][PASSED] - Text of object 'Object Repository/Выполнение бизнес-плана/Период' is: '1, 2, 3 кв. 2024 года'

15-11-2024T09:23:06 - [TEST_STEP][PASSED] - m = m.substring(0, m.indexOf("2024")): null

15-11-2024T09:23:06 - [TEST_STEP][PASSED] - m = m.trim(): null

15-11-2024T09:23:06 - [TEST_STEP][PASSED] - dashboardName = "Выполнение бизнес-плана": null

15-11-2024T09:23:06 - [TEST_STEP][PASSED] - workbook01 = getWorkbook(excelFilePath): null

15-11-2024T09:23:06 - [TEST_STEP][PASSED] - sheet01 = getExcelSheet(workbook01, sheetName): null

15-11-2024T09:23:06 - [TEST_STEP][PASSED] - setValueToCellByIndex(sheet01, n, 0, dashboardName): null

15-11-2024T09:23:06 - [TEST_STEP][PASSED] - setValueToCellByIndex(sheet01, n, 1, dZO): null

15-11-2024T09:23:06 - [TEST_STEP][PASSED] - setValueToCellByIndex(sheet01, n, 2, typeOfData): null

15-11-2024T09:23:06 - [TEST_STEP][PASSED] - if (typeOfData == "Факт в процентах" || typeOfData == "План в процентах"): null

15-11-2024T09:23:06 - [TEST_STEP][PASSED] - else: null

15-11-2024T09:23:06 - [TEST_STEP][PASSED] - setValueToCellByIndex(sheet01, n, 3, fileInt): null

15-11-2024T09:23:06 - [TEST_STEP][PASSED] - setValueToCellByIndex(sheet01, n, 4, "нет данных"): null

15-11-2024T09:23:06 - [TEST_STEP][PASSED] - setValueToCellByIndex(sheet01, n, 5, m): null

15-11-2024T09:23:06 - [TEST_STEP][PASSED] - setValueToCellByIndex(sheet01, n, 6, y): null

15-11-2024T09:23:06 - [TEST_STEP][PASSED] - setValueToCellByIndex(sheet01, n, 7, todaysDate): null

15-11-2024T09:23:06 - [TEST_STEP][PASSED] - n = n + 1: null

15-11-2024T09:23:06 - [TEST_STEP][PASSED] - saveWorkbook(excelFilePath, workbook01): null

15-11-2024T09:23:07 - [TEST_STEP][PASSED] - typeOfData = "Факт Потери": null

15-11-2024T09:23:07 - [TEST_STEP][PASSED] - fileInt = replaceAll("\s+", "").toInteger(): null

15-11-2024T09:23:07 - [TEST_STEP][PASSED] - Script1718980020443.WriteToExcelNoData(a, typeOfData, todaysDate, fileInt, fileDouble, dZO): null

15-11-2024T09:23:07 - [TEST_STEP][PASSED] - sheetName = "Sheet1": null

15-11-2024T09:23:07 - [TEST_STEP][PASSED] - data = findTestData("PlanFact"): null

15-11-2024T09:23:07 - [TEST_STEP][PASSED] - n = data.getRowNumbers() + 1: null

15-11-2024T09:23:07 - [TEST_STEP][PASSED] - year = todaysDate.substring(todaysDate.length() - 4, todaysDate.length()): null

15-11-2024T09:23:07 - [TEST_STEP][PASSED] - y = year.toInteger(): null

15-11-2024T09:23:07 - [TEST_STEP][PASSED] - m = getText(findTestObject("Выполнение бизнес-плана/Период")): Text of object 'Object Repository/Выполнение бизнес-плана/Период' is: '1, 2, 3 кв. 2024 года'

15-11-2024T09:23:07 - [MESSAGE][PASSED] - Text of object 'Object Repository/Выполнение бизнес-плана/Период' is: '1, 2, 3 кв. 2024 года'

15-11-2024T09:23:07 - [TEST_STEP][PASSED] - m = m.substring(0, m.indexOf("2024")): null

15-11-2024T09:23:07 - [TEST_STEP][PASSED] - m = m.trim(): null

15-11-2024T09:23:07 - [TEST_STEP][PASSED] - dashboardName = "Выполнение бизнес-плана": null

15-11-2024T09:23:07 - [TEST_STEP][PASSED] - workbook01 = getWorkbook(excelFilePath): null

15-11-2024T09:23:07 - [TEST_STEP][PASSED] - sheet01 = getExcelSheet(workbook01, sheetName): null

15-11-2024T09:23:07 - [TEST_STEP][PASSED] - setValueToCellByIndex(sheet01, n, 0, dashboardName): null

15-11-2024T09:23:07 - [TEST_STEP][PASSED] - setValueToCellByIndex(sheet01, n, 1, dZO): null

15-11-2024T09:23:07 - [TEST_STEP][PASSED] - setValueToCellByIndex(sheet01, n, 2, typeOfData): null

15-11-2024T09:23:07 - [TEST_STEP][PASSED] - if (typeOfData == "Факт в процентах" || typeOfData == "План в процентах"): null

15-11-2024T09:23:07 - [TEST_STEP][PASSED] - else: null

15-11-2024T09:23:07 - [TEST_STEP][PASSED] - setValueToCellByIndex(sheet01, n, 3, fileInt): null

15-11-2024T09:23:07 - [TEST_STEP][PASSED] - setValueToCellByIndex(sheet01, n, 4, "нет данных"): null

15-11-2024T09:23:07 - [TEST_STEP][PASSED] - setValueToCellByIndex(sheet01, n, 5, m): null

15-11-2024T09:23:07 - [TEST_STEP][PASSED] - setValueToCellByIndex(sheet01, n, 6, y): null

15-11-2024T09:23:07 - [TEST_STEP][PASSED] - setValueToCellByIndex(sheet01, n, 7, todaysDate): null

15-11-2024T09:23:07 - [TEST_STEP][PASSED] - n = n + 1: null

15-11-2024T09:23:07 - [TEST_STEP][PASSED] - saveWorkbook(excelFilePath, workbook01): null

15-11-2024T09:23:07 - [TEST_STEP][PASSED] - typeOfData = "План Отпуск в сеть": null

15-11-2024T09:23:07 - [TEST_STEP][PASSED] - fileInt = replaceAll("\s+", "").toInteger(): null

15-11-2024T09:23:07 - [TEST_STEP][PASSED] - Script1718980020443.WriteToExcelNoData(a, typeOfData, todaysDate, fileInt, fileDouble, dZO): null

15-11-2024T09:23:07 - [TEST_STEP][PASSED] - sheetName = "Sheet1": null

15-11-2024T09:23:07 - [TEST_STEP][PASSED] - data = findTestData("PlanFact"): null

15-11-2024T09:23:07 - [TEST_STEP][PASSED] - n = data.getRowNumbers() + 1: null

15-11-2024T09:23:07 - [TEST_STEP][PASSED] - year = todaysDate.substring(todaysDate.length() - 4, todaysDate.length()): null

15-11-2024T09:23:07 - [TEST_STEP][PASSED] - y = year.toInteger(): null

15-11-2024T09:23:07 - [TEST_STEP][PASSED] - m = getText(findTestObject("Выполнение бизнес-плана/Период")): Text of object 'Object Repository/Выполнение бизнес-плана/Период' is: '1, 2, 3 кв. 2024 года'

15-11-2024T09:23:08 - [MESSAGE][PASSED] - Text of object 'Object Repository/Выполнение бизнес-плана/Период' is: '1, 2, 3 кв. 2024 года'

15-11-2024T09:23:08 - [TEST_STEP][PASSED] - m = m.substring(0, m.indexOf("2024")): null

15-11-2024T09:23:08 - [TEST_STEP][PASSED] - m = m.trim(): null

15-11-2024T09:23:08 - [TEST_STEP][PASSED] - dashboardName = "Выполнение бизнес-плана": null

15-11-2024T09:23:08 - [TEST_STEP][PASSED] - workbook01 = getWorkbook(excelFilePath): null

15-11-2024T09:23:08 - [TEST_STEP][PASSED] - sheet01 = getExcelSheet(workbook01, sheetName): null

15-11-2024T09:23:08 - [TEST_STEP][PASSED] - setValueToCellByIndex(sheet01, n, 0, dashboardName): null

15-11-2024T09:23:08 - [TEST_STEP][PASSED] - setValueToCellByIndex(sheet01, n, 1, dZO): null

15-11-2024T09:23:08 - [TEST_STEP][PASSED] - setValueToCellByIndex(sheet01, n, 2, typeOfData): null

15-11-2024T09:23:08 - [TEST_STEP][PASSED] - if (typeOfData == "Факт в процентах" || typeOfData == "План в процентах"): null

15-11-2024T09:23:08 - [TEST_STEP][PASSED] - else: null

15-11-2024T09:23:08 - [TEST_STEP][PASSED] - setValueToCellByIndex(sheet01, n, 3, fileInt): null

15-11-2024T09:23:08 - [TEST_STEP][PASSED] - setValueToCellByIndex(sheet01, n, 4, "нет данных"): null

15-11-2024T09:23:08 - [TEST_STEP][PASSED] - setValueToCellByIndex(sheet01, n, 5, m): null

15-11-2024T09:23:08 - [TEST_STEP][PASSED] - setValueToCellByIndex(sheet01, n, 6, y): null

15-11-2024T09:23:08 - [TEST_STEP][PASSED] - setValueToCellByIndex(sheet01, n, 7, todaysDate): null

15-11-2024T09:23:08 - [TEST_STEP][PASSED] - n = n + 1: null

15-11-2024T09:23:08 - [TEST_STEP][PASSED] - saveWorkbook(excelFilePath, workbook01): null

15-11-2024T09:23:08 - [TEST_STEP][PASSED] - typeOfData = "План Потери": null

15-11-2024T09:23:08 - [TEST_STEP][PASSED] - fileInt = replaceAll("\s+", "").toInteger(): null

15-11-2024T09:23:08 - [TEST_STEP][PASSED] - Script1718980020443.WriteToExcelNoData(a, typeOfData, todaysDate, fileInt, fileDouble, dZO): null

15-11-2024T09:23:08 - [TEST_STEP][PASSED] - sheetName = "Sheet1": null

15-11-2024T09:23:08 - [TEST_STEP][PASSED] - data = findTestData("PlanFact"): null

15-11-2024T09:23:08 - [TEST_STEP][PASSED] - n = data.getRowNumbers() + 1: null

15-11-2024T09:23:08 - [TEST_STEP][PASSED] - year = todaysDate.substring(todaysDate.length() - 4, todaysDate.length()): null

15-11-2024T09:23:08 - [TEST_STEP][PASSED] - y = year.toInteger(): null

15-11-2024T09:23:08 - [TEST_STEP][PASSED] - m = getText(findTestObject("Выполнение бизнес-плана/Период")): Text of object 'Object Repository/Выполнение бизнес-плана/Период' is: '1, 2, 3 кв. 2024 года'

15-11-2024T09:23:08 - [MESSAGE][PASSED] - Text of object 'Object Repository/Выполнение бизнес-плана/Период' is: '1, 2, 3 кв. 2024 года'

15-11-2024T09:23:08 - [TEST_STEP][PASSED] - m = m.substring(0, m.indexOf("2024")): null

15-11-2024T09:23:08 - [TEST_STEP][PASSED] - m = m.trim(): null

15-11-2024T09:23:08 - [TEST_STEP][PASSED] - dashboardName = "Выполнение бизнес-плана": null

15-11-2024T09:23:08 - [TEST_STEP][PASSED] - workbook01 = getWorkbook(excelFilePath): null

15-11-2024T09:23:08 - [TEST_STEP][PASSED] - sheet01 = getExcelSheet(workbook01, sheetName): null

15-11-2024T09:23:08 - [TEST_STEP][PASSED] - setValueToCellByIndex(sheet01, n, 0, dashboardName): null

15-11-2024T09:23:08 - [TEST_STEP][PASSED] - setValueToCellByIndex(sheet01, n, 1, dZO): null

15-11-2024T09:23:08 - [TEST_STEP][PASSED] - setValueToCellByIndex(sheet01, n, 2, typeOfData): null

15-11-2024T09:23:08 - [TEST_STEP][PASSED] - if (typeOfData == "Факт в процентах" || typeOfData == "План в процентах"): null

15-11-2024T09:23:08 - [TEST_STEP][PASSED] - else: null

15-11-2024T09:23:08 - [TEST_STEP][PASSED] - setValueToCellByIndex(sheet01, n, 3, fileInt): null

15-11-2024T09:23:08 - [TEST_STEP][PASSED] - setValueToCellByIndex(sheet01, n, 4, "нет данных"): null

15-11-2024T09:23:08 - [TEST_STEP][PASSED] - setValueToCellByIndex(sheet01, n, 5, m): null

15-11-2024T09:23:08 - [TEST_STEP][PASSED] - setValueToCellByIndex(sheet01, n, 6, y): null

15-11-2024T09:23:08 - [TEST_STEP][PASSED] - setValueToCellByIndex(sheet01, n, 7, todaysDate): null

15-11-2024T09:23:08 - [TEST_STEP][PASSED] - n = n + 1: null

15-11-2024T09:23:08 - [TEST_STEP][PASSED] - saveWorkbook(excelFilePath, workbook01): null

15-11-2024T09:23:09 - [TEST_STEP][PASSED] - typeOfData = "План в процентах": null

15-11-2024T09:23:09 - [TEST_STEP][PASSED] - fileDouble = ").toDouble(): null

15-11-2024T09:23:09 - [TEST_STEP][PASSED] - Script1718980020443.WriteToExcelNoData(a, typeOfData, todaysDate, fileInt, fileDouble, dZO): null

15-11-2024T09:23:09 - [TEST_STEP][PASSED] - sheetName = "Sheet1": null

15-11-2024T09:23:09 - [TEST_STEP][PASSED] - data = findTestData("PlanFact"): null

15-11-2024T09:23:09 - [TEST_STEP][PASSED] - n = data.getRowNumbers() + 1: null

15-11-2024T09:23:09 - [TEST_STEP][PASSED] - year = todaysDate.substring(todaysDate.length() - 4, todaysDate.length()): null

15-11-2024T09:23:09 - [TEST_STEP][PASSED] - y = year.toInteger(): null

15-11-2024T09:23:09 - [TEST_STEP][PASSED] - m = getText(findTestObject("Выполнение бизнес-плана/Период")): Text of object 'Object Repository/Выполнение бизнес-плана/Период' is: '1, 2, 3 кв. 2024 года'

15-11-2024T09:23:09 - [MESSAGE][PASSED] - Text of object 'Object Repository/Выполнение бизнес-плана/Период' is: '1, 2, 3 кв. 2024 года'

15-11-2024T09:23:09 - [TEST_STEP][PASSED] - m = m.substring(0, m.indexOf("2024")): null

15-11-2024T09:23:09 - [TEST_STEP][PASSED] - m = m.trim(): null

15-11-2024T09:23:09 - [TEST_STEP][PASSED] - dashboardName = "Выполнение бизнес-плана": null

15-11-2024T09:23:09 - [TEST_STEP][PASSED] - workbook01 = getWorkbook(excelFilePath): null

15-11-2024T09:23:09 - [TEST_STEP][PASSED] - sheet01 = getExcelSheet(workbook01, sheetName): null

15-11-2024T09:23:09 - [TEST_STEP][PASSED] - setValueToCellByIndex(sheet01, n, 0, dashboardName): null

15-11-2024T09:23:09 - [TEST_STEP][PASSED] - setValueToCellByIndex(sheet01, n, 1, dZO): null

15-11-2024T09:23:09 - [TEST_STEP][PASSED] - setValueToCellByIndex(sheet01, n, 2, typeOfData): null

15-11-2024T09:23:09 - [TEST_STEP][PASSED] - if (typeOfData == "Факт в процентах" || typeOfData == "План в процентах"): null

15-11-2024T09:23:09 - [TEST_STEP][PASSED] - setValueToCellByIndex(sheet01, n, 3, fileDouble): null

15-11-2024T09:23:09 - [TEST_STEP][PASSED] - setValueToCellByIndex(sheet01, n, 4, "нет данных"): null

15-11-2024T09:23:09 - [TEST_STEP][PASSED] - setValueToCellByIndex(sheet01, n, 5, m): null

15-11-2024T09:23:09 - [TEST_STEP][PASSED] - setValueToCellByIndex(sheet01, n, 6, y): null

15-11-2024T09:23:09 - [TEST_STEP][PASSED] - setValueToCellByIndex(sheet01, n, 7, todaysDate): null

15-11-2024T09:23:09 - [TEST_STEP][PASSED] - n = n + 1: null

15-11-2024T09:23:09 - [TEST_STEP][PASSED] - saveWorkbook(excelFilePath, workbook01): null

15-11-2024T09:23:09 - [TEST_STEP][PASSED] - typeOfData = "Факт в процентах": null

15-11-2024T09:23:09 - [TEST_STEP][PASSED] - fileDouble = ").toDouble(): null

15-11-2024T09:23:09 - [TEST_STEP][PASSED] - Script1718980020443.WriteToExcelNoData(a, typeOfData, todaysDate, fileInt, fileDouble, dZO): null

15-11-2024T09:23:09 - [TEST_STEP][PASSED] - sheetName = "Sheet1": null

15-11-2024T09:23:09 - [TEST_STEP][PASSED] - data = findTestData("PlanFact"): null

15-11-2024T09:23:09 - [TEST_STEP][PASSED] - n = data.getRowNumbers() + 1: null

15-11-2024T09:23:09 - [TEST_STEP][PASSED] - year = todaysDate.substring(todaysDate.length() - 4, todaysDate.length()): null

15-11-2024T09:23:09 - [TEST_STEP][PASSED] - y = year.toInteger(): null

15-11-2024T09:23:09 - [TEST_STEP][PASSED] - m = getText(findTestObject("Выполнение бизнес-плана/Период")): Text of object 'Object Repository/Выполнение бизнес-плана/Период' is: '1, 2, 3 кв. 2024 года'

15-11-2024T09:23:10 - [MESSAGE][PASSED] - Text of object 'Object Repository/Выполнение бизнес-плана/Период' is: '1, 2, 3 кв. 2024 года'

15-11-2024T09:23:10 - [TEST_STEP][PASSED] - m = m.substring(0, m.indexOf("2024")): null

15-11-2024T09:23:10 - [TEST_STEP][PASSED] - m = m.trim(): null

15-11-2024T09:23:10 - [TEST_STEP][PASSED] - dashboardName = "Выполнение бизнес-плана": null

15-11-2024T09:23:10 - [TEST_STEP][PASSED] - workbook01 = getWorkbook(excelFilePath): null

15-11-2024T09:23:10 - [TEST_STEP][PASSED] - sheet01 = getExcelSheet(workbook01, sheetName): null

15-11-2024T09:23:10 - [TEST_STEP][PASSED] - setValueToCellByIndex(sheet01, n, 0, dashboardName): null

15-11-2024T09:23:10 - [TEST_STEP][PASSED] - setValueToCellByIndex(sheet01, n, 1, dZO): null

15-11-2024T09:23:10 - [TEST_STEP][PASSED] - setValueToCellByIndex(sheet01, n, 2, typeOfData): null

15-11-2024T09:23:10 - [TEST_STEP][PASSED] - if (typeOfData == "Факт в процентах" || typeOfData == "План в процентах"): null

15-11-2024T09:23:10 - [TEST_STEP][PASSED] - setValueToCellByIndex(sheet01, n, 3, fileDouble): null

15-11-2024T09:23:10 - [TEST_STEP][PASSED] - setValueToCellByIndex(sheet01, n, 4, "нет данных"): null

15-11-2024T09:23:10 - [TEST_STEP][PASSED] - setValueToCellByIndex(sheet01, n, 5, m): null

15-11-2024T09:23:10 - [TEST_STEP][PASSED] - setValueToCellByIndex(sheet01, n, 6, y): null

15-11-2024T09:23:10 - [TEST_STEP][PASSED] - setValueToCellByIndex(sheet01, n, 7, todaysDate): null

15-11-2024T09:23:10 - [TEST_STEP][PASSED] - n = n + 1: null

15-11-2024T09:23:10 - [TEST_STEP][PASSED] - saveWorkbook(excelFilePath, workbook01): null

15-11-2024T09:23:10 - [TEST_STEP][PASSED] - println(dzoNum): null

15-11-2024T09:23:10 - [TEST_STEP][PASSED] - dZO = "Россети Сибирь": null

15-11-2024T09:23:10 - [TEST_STEP][PASSED] - a = 44: null

15-11-2024T09:23:10 - [TEST_STEP][PASSED] - if (x1.contains(dZO)): null

15-11-2024T09:23:10 - [TEST_STEP][PASSED] - dzoNum = dzoNum + 1: null

15-11-2024T09:23:10 - [TEST_STEP][PASSED] - Script1718980020443.Numbers(a, typeOfData, todaysDate, pageInt, fileInt, pageDouble, fileDouble, dZO, dzoNum, filialNum): null

15-11-2024T09:23:10 - [TEST_STEP][PASSED] - println(dzoNum): null

15-11-2024T09:23:10 - [TEST_STEP][PASSED] - planFact = <not implemented yet for class: org.codehaus.groovy.ast.expr.EmptyExpression>: null

15-11-2024T09:23:10 - [TEST_STEP][PASSED] - page = <not implemented yet for class: org.codehaus.groovy.ast.expr.EmptyExpression>: null

15-11-2024T09:23:10 - [TEST_STEP][PASSED] - page1 = <not implemented yet for class: org.codehaus.groovy.ast.expr.EmptyExpression>: null

15-11-2024T09:23:10 - [TEST_STEP][PASSED] - page2 = <not implemented yet for class: org.codehaus.groovy.ast.expr.EmptyExpression>: null

15-11-2024T09:23:10 - [TEST_STEP][PASSED] - filialNumberInRow = <not implemented yet for class: org.codehaus.groovy.ast.expr.EmptyExpression>: null

15-11-2024T09:23:10 - [TEST_STEP][PASSED] - filialsDzoNames = <not implemented yet for class: org.codehaus.groovy.ast.expr.EmptyExpression>: null

15-11-2024T09:23:10 - [TEST_STEP][PASSED] - numberOfFilials = <not implemented yet for class: org.codehaus.groovy.ast.expr.EmptyExpression>: null

15-11-2024T09:23:10 - [TEST_STEP][PASSED] - numberOfSpaces = <not implemented yet for class: org.codehaus.groovy.ast.expr.EmptyExpression>: null

15-11-2024T09:23:10 - [TEST_STEP][PASSED] - file = <not implemented yet for class: org.codehaus.groovy.ast.expr.EmptyExpression>: null

15-11-2024T09:23:10 - [TEST_STEP][PASSED] - otpusk = <not implemented yet for class: org.codehaus.groovy.ast.expr.EmptyExpression>: null

15-11-2024T09:23:10 - [TEST_STEP][PASSED] - poteri = <not implemented yet for class: org.codehaus.groovy.ast.expr.EmptyExpression>: null

15-11-2024T09:23:10 - [TEST_STEP][PASSED] - dataFolder = "Выполнение бизнес-плана/Значения со страницы Выполнение бизнес-плана/": null

15-11-2024T09:23:10 - [TEST_STEP][PASSED] - path = <not implemented yet for class: org.codehaus.groovy.ast.expr.EmptyExpression>: null

15-11-2024T09:23:10 - [TEST_STEP][PASSED] - typeOfDataMain = <not implemented yet for class: org.codehaus.groovy.ast.expr.EmptyExpression>: null

15-11-2024T09:23:10 - [TEST_STEP][PASSED] - fileOtpuskVSet = <not implemented yet for class: org.codehaus.groovy.ast.expr.EmptyExpression>: null

15-11-2024T09:23:10 - [TEST_STEP][PASSED] - pageOtpuskVSet = <not implemented yet for class: org.codehaus.groovy.ast.expr.EmptyExpression>: null

15-11-2024T09:23:10 - [TEST_STEP][PASSED] - filePoteri = <not implemented yet for class: org.codehaus.groovy.ast.expr.EmptyExpression>: null

15-11-2024T09:23:10 - [TEST_STEP][PASSED] - pagePoteri = <not implemented yet for class: org.codehaus.groovy.ast.expr.EmptyExpression>: null

15-11-2024T09:23:10 - [TEST_STEP][PASSED] - compare = <not implemented yet for class: org.codehaus.groovy.ast.expr.EmptyExpression>: null

15-11-2024T09:23:10 - [TEST_STEP][PASSED] - b = <not implemented yet for class: org.codehaus.groovy.ast.expr.EmptyExpression>: null

15-11-2024T09:23:10 - [TEST_STEP][PASSED] - i = <not implemented yet for class: org.codehaus.groovy.ast.expr.EmptyExpression>: null

15-11-2024T09:23:10 - [TEST_STEP][PASSED] - ii = <not implemented yet for class: org.codehaus.groovy.ast.expr.EmptyExpression>: null

15-11-2024T09:23:10 - [TEST_STEP][PASSED] - c = <not implemented yet for class: org.codehaus.groovy.ast.expr.EmptyExpression>: null

15-11-2024T09:23:10 - [TEST_STEP][PASSED] - numberOfErrors = 0: null

15-11-2024T09:23:10 - [TEST_STEP][PASSED] - if (a == 82): null

15-11-2024T09:23:10 - [TEST_STEP][PASSED] - b = findTestData("PlanFact").getValue(1, a): null

15-11-2024T09:23:10 - [TEST_STEP][PASSED] - i = b.indexOf(" (ГК)"): null

15-11-2024T09:23:10 - [TEST_STEP][PASSED] - if (i > -1): null

15-11-2024T09:23:10 - [TEST_STEP][PASSED] - i = b.indexOf("О ""): null

15-11-2024T09:23:10 - [TEST_STEP][PASSED] - if (i > -1): null

15-11-2024T09:23:10 - [TEST_STEP][PASSED] - i = b.indexOf("О «"): null

15-11-2024T09:23:10 - [TEST_STEP][PASSED] - if (i > -1): null

15-11-2024T09:23:10 - [TEST_STEP][PASSED] - i = b.indexOf("г. "): null

15-11-2024T09:23:10 - [TEST_STEP][PASSED] - if (i > -1): null

15-11-2024T09:23:10 - [TEST_STEP][PASSED] - println(b): null

15-11-2024T09:23:10 - [TEST_STEP][PASSED] - for ([planFact = 1, planFact < 3, (planFact++)]): null

15-11-2024T09:23:10 - [TEST_STEP][PASSED] - if (planFact == 1): null

15-11-2024T09:23:10 - [TEST_STEP][PASSED] - typeOfDataMain = "Факт": null

15-11-2024T09:23:10 - [TEST_STEP][PASSED] - otpusk = findTestData("PlanFact").getValue(5, a): null

15-11-2024T09:23:10 - [TEST_STEP][PASSED] - poteri = findTestData("PlanFact").getValue(6, a): null

15-11-2024T09:23:10 - [TEST_STEP][PASSED] - otpusk = otpusk.replaceAll("\s+", ""): null

15-11-2024T09:23:10 - [TEST_STEP][PASSED] - poteri = poteri.replaceAll("\s+", ""): null

15-11-2024T09:23:10 - [TEST_STEP][PASSED] - typeOfData = typeOfDataMain + " Отпуск в сеть": null

15-11-2024T09:23:10 - [TEST_STEP][PASSED] - if (a == 82): null

15-11-2024T09:23:10 - [TEST_STEP][PASSED] - else if (a == 84): null

15-11-2024T09:23:10 - [TEST_STEP][PASSED] - else if (a == 52 || a == 72 || a == 28 || a == 73 || a == 77 || a == 74 || a == 65 || a == 36 || a == 44 || a == 53 || a == 80 || a == 54 || a == 1 || a == 18 || a == 59 || a == 81): null

15-11-2024T09:23:10 - [TEST_STEP][PASSED] - path = dataFolder + "Table Data/" + typeOfData + " за отчётный период " + dzoNum: null

15-11-2024T09:23:10 - [TEST_STEP][PASSED] - println(path): null

15-11-2024T09:23:10 - [TEST_STEP][PASSED] - page = getText(findTestObject(path)): Text of object 'Object Repository/Выполнение бизнес-плана/Значения со страницы Выполнение бизнес-плана/Table Data/Факт Отпуск в сеть за отчётный период 4' is: '46 928 172'

15-11-2024T09:23:10 - [MESSAGE][PASSED] - Text of object 'Object Repository/Выполнение бизнес-плана/Значения со страницы Выполнение бизнес-плана/Table Data/Факт Отпуск в сеть за отчётный период 4' is: '46 928 172'

15-11-2024T09:23:10 - [TEST_STEP][PASSED] - page = page.replaceAll("\s+", ""): null

15-11-2024T09:23:10 - [TEST_STEP][PASSED] - fileOtpuskVSet = otpusk.toInteger(): null

15-11-2024T09:23:10 - [TEST_STEP][PASSED] - pageOtpuskVSet = page.toInteger(): null

15-11-2024T09:23:10 - [TEST_STEP][PASSED] - typeOfData = typeOfDataMain + " Потери": null

15-11-2024T09:23:10 - [TEST_STEP][PASSED] - if (a == 82): null

15-11-2024T09:23:10 - [TEST_STEP][PASSED] - else if (a == 84): null

15-11-2024T09:23:10 - [TEST_STEP][PASSED] - else if (a == 52 || a == 72 || a == 28 || a == 73 || a == 77 || a == 74 || a == 65 || a == 36 || a == 44 || a == 53 || a == 80 || a == 54 || a == 1 || a == 18 || a == 59 || a == 81): null

15-11-2024T09:23:10 - [TEST_STEP][PASSED] - path = dataFolder + "Table Data/" + typeOfData + " за отчётный период " + dzoNum: null

15-11-2024T09:23:10 - [TEST_STEP][PASSED] - page = getText(findTestObject(path)): Text of object 'Object Repository/Выполнение бизнес-плана/Значения со страницы Выполнение бизнес-плана/Table Data/Факт Потери за отчётный период 4' is: '3 249 406'

15-11-2024T09:23:11 - [MESSAGE][PASSED] - Text of object 'Object Repository/Выполнение бизнес-плана/Значения со страницы Выполнение бизнес-плана/Table Data/Факт Потери за отчётный период 4' is: '3 249 406'

15-11-2024T09:23:11 - [TEST_STEP][PASSED] - page = page.replaceAll("\s+", ""): null

15-11-2024T09:23:11 - [TEST_STEP][PASSED] - filePoteri = poteri.toInteger(): null

15-11-2024T09:23:11 - [TEST_STEP][PASSED] - pagePoteri = page.toInteger(): null

15-11-2024T09:23:11 - [TEST_STEP][PASSED] - compare = pageOtpuskVSet: null

15-11-2024T09:23:11 - [TEST_STEP][PASSED] - if (compare == fileOtpuskVSet): null

15-11-2024T09:23:11 - [TEST_STEP][PASSED] - else if (compare > fileOtpuskVSet): null

15-11-2024T09:23:11 - [TEST_STEP][PASSED] - compare = compare - 1: null

15-11-2024T09:23:11 - [TEST_STEP][PASSED] - if (compare == fileOtpuskVSet): null

15-11-2024T09:23:11 - [TEST_STEP][PASSED] - else: null

15-11-2024T09:23:11 - [TEST_STEP][PASSED] - numberOfErrors = numberOfErrors + 1: null

15-11-2024T09:23:11 - [TEST_STEP][PASSED] - pageInt = pageOtpuskVSet: null

15-11-2024T09:23:11 - [TEST_STEP][PASSED] - fileInt = fileOtpuskVSet: null

15-11-2024T09:23:11 - [TEST_STEP][PASSED] - typeOfData = typeOfDataMain + " Отпуск в сеть": null

15-11-2024T09:23:11 - [TEST_STEP][PASSED] - Script1718980020443.WriteToExcel(a, typeOfData, todaysDate, pageInt, fileInt, pageDouble, fileDouble, dZO): null

15-11-2024T09:23:11 - [TEST_STEP][PASSED] - sheetName = "Sheet1": null

15-11-2024T09:23:11 - [TEST_STEP][PASSED] - data = findTestData("PlanFact"): null

15-11-2024T09:23:11 - [TEST_STEP][PASSED] - n = data.getRowNumbers() + 1: null

15-11-2024T09:23:11 - [TEST_STEP][PASSED] - year = todaysDate.substring(todaysDate.length() - 4, todaysDate.length()): null

15-11-2024T09:23:11 - [TEST_STEP][PASSED] - y = year.toInteger(): null

15-11-2024T09:23:11 - [TEST_STEP][PASSED] - m = getText(findTestObject("Выполнение бизнес-плана/Период")): Text of object 'Object Repository/Выполнение бизнес-плана/Период' is: '1, 2, 3 кв. 2024 года'

15-11-2024T09:23:11 - [MESSAGE][PASSED] - Text of object 'Object Repository/Выполнение бизнес-плана/Период' is: '1, 2, 3 кв. 2024 года'

15-11-2024T09:23:11 - [TEST_STEP][PASSED] - m = m.substring(0, m.indexOf("2024")): null

15-11-2024T09:23:11 - [TEST_STEP][PASSED] - m = m.trim(): null

15-11-2024T09:23:11 - [TEST_STEP][PASSED] - dashboardName = "Выполнение бизнес-плана": null

15-11-2024T09:23:11 - [TEST_STEP][PASSED] - workbook01 = getWorkbook(excelFilePath): null

15-11-2024T09:23:11 - [TEST_STEP][PASSED] - sheet01 = getExcelSheet(workbook01, sheetName): null

15-11-2024T09:23:11 - [TEST_STEP][PASSED] - setValueToCellByIndex(sheet01, n, 0, dashboardName): null

15-11-2024T09:23:11 - [TEST_STEP][PASSED] - setValueToCellByIndex(sheet01, n, 1, dZO): null

15-11-2024T09:23:11 - [TEST_STEP][PASSED] - setValueToCellByIndex(sheet01, n, 2, typeOfData): null

15-11-2024T09:23:11 - [TEST_STEP][PASSED] - if (typeOfData == "Факт в процентах" || typeOfData == "План в процентах"): null

15-11-2024T09:23:11 - [TEST_STEP][PASSED] - else: null

15-11-2024T09:23:11 - [TEST_STEP][PASSED] - setValueToCellByIndex(sheet01, n, 3, fileInt): null

15-11-2024T09:23:11 - [TEST_STEP][PASSED] - setValueToCellByIndex(sheet01, n, 4, pageInt): null

15-11-2024T09:23:11 - [TEST_STEP][PASSED] - setValueToCellByIndex(sheet01, n, 5, m): null

15-11-2024T09:23:11 - [TEST_STEP][PASSED] - setValueToCellByIndex(sheet01, n, 6, y): null

15-11-2024T09:23:11 - [TEST_STEP][PASSED] - setValueToCellByIndex(sheet01, n, 7, todaysDate): null

15-11-2024T09:23:11 - [TEST_STEP][PASSED] - n = n + 1: null

15-11-2024T09:23:11 - [TEST_STEP][PASSED] - saveWorkbook(excelFilePath, workbook01): null

15-11-2024T09:23:11 - [TEST_STEP][PASSED] - compare = pagePoteri: null

15-11-2024T09:23:11 - [TEST_STEP][PASSED] - if (compare == filePoteri): null

15-11-2024T09:23:11 - [TEST_STEP][PASSED] - else if (compare > filePoteri): null

15-11-2024T09:23:11 - [TEST_STEP][PASSED] - compare = compare - 1: null

15-11-2024T09:23:11 - [TEST_STEP][PASSED] - if (compare == filePoteri): null

15-11-2024T09:23:11 - [TEST_STEP][PASSED] - else: null

15-11-2024T09:23:11 - [TEST_STEP][PASSED] - numberOfErrors = numberOfErrors + 1: null

15-11-2024T09:23:11 - [TEST_STEP][PASSED] - pageInt = pagePoteri: null

15-11-2024T09:23:11 - [TEST_STEP][PASSED] - fileInt = filePoteri: null

15-11-2024T09:23:11 - [TEST_STEP][PASSED] - typeOfData = typeOfDataMain + " Потери": null

15-11-2024T09:23:11 - [TEST_STEP][PASSED] - Script1718980020443.WriteToExcel(a, typeOfData, todaysDate, pageInt, fileInt, pageDouble, fileDouble, dZO): null

15-11-2024T09:23:11 - [TEST_STEP][PASSED] - sheetName = "Sheet1": null

15-11-2024T09:23:11 - [TEST_STEP][PASSED] - data = findTestData("PlanFact"): null

15-11-2024T09:23:11 - [TEST_STEP][PASSED] - n = data.getRowNumbers() + 1: null

15-11-2024T09:23:11 - [TEST_STEP][PASSED] - year = todaysDate.substring(todaysDate.length() - 4, todaysDate.length()): null

15-11-2024T09:23:11 - [TEST_STEP][PASSED] - y = year.toInteger(): null

15-11-2024T09:23:11 - [TEST_STEP][PASSED] - m = getText(findTestObject("Выполнение бизнес-плана/Период")): Text of object 'Object Repository/Выполнение бизнес-плана/Период' is: '1, 2, 3 кв. 2024 года'

15-11-2024T09:23:12 - [MESSAGE][PASSED] - Text of object 'Object Repository/Выполнение бизнес-плана/Период' is: '1, 2, 3 кв. 2024 года'

15-11-2024T09:23:12 - [TEST_STEP][PASSED] - m = m.substring(0, m.indexOf("2024")): null

15-11-2024T09:23:12 - [TEST_STEP][PASSED] - m = m.trim(): null

15-11-2024T09:23:12 - [TEST_STEP][PASSED] - dashboardName = "Выполнение бизнес-плана": null

15-11-2024T09:23:12 - [TEST_STEP][PASSED] - workbook01 = getWorkbook(excelFilePath): null

15-11-2024T09:23:12 - [TEST_STEP][PASSED] - sheet01 = getExcelSheet(workbook01, sheetName): null

15-11-2024T09:23:12 - [TEST_STEP][PASSED] - setValueToCellByIndex(sheet01, n, 0, dashboardName): null

15-11-2024T09:23:12 - [TEST_STEP][PASSED] - setValueToCellByIndex(sheet01, n, 1, dZO): null

15-11-2024T09:23:12 - [TEST_STEP][PASSED] - setValueToCellByIndex(sheet01, n, 2, typeOfData): null

15-11-2024T09:23:12 - [TEST_STEP][PASSED] - if (typeOfData == "Факт в процентах" || typeOfData == "План в процентах"): null

15-11-2024T09:23:12 - [TEST_STEP][PASSED] - else: null

15-11-2024T09:23:12 - [TEST_STEP][PASSED] - setValueToCellByIndex(sheet01, n, 3, fileInt): null

15-11-2024T09:23:12 - [TEST_STEP][PASSED] - setValueToCellByIndex(sheet01, n, 4, pageInt): null

15-11-2024T09:23:12 - [TEST_STEP][PASSED] - setValueToCellByIndex(sheet01, n, 5, m): null

15-11-2024T09:23:12 - [TEST_STEP][PASSED] - setValueToCellByIndex(sheet01, n, 6, y): null

15-11-2024T09:23:12 - [TEST_STEP][PASSED] - setValueToCellByIndex(sheet01, n, 7, todaysDate): null

15-11-2024T09:23:12 - [TEST_STEP][PASSED] - n = n + 1: null

15-11-2024T09:23:12 - [TEST_STEP][PASSED] - saveWorkbook(excelFilePath, workbook01): null

15-11-2024T09:23:12 - [TEST_STEP][PASSED] - if (planFact == 2): null

15-11-2024T09:23:12 - [TEST_STEP][PASSED] - if (planFact == 1): null

15-11-2024T09:23:12 - [TEST_STEP][PASSED] - else if (planFact == 2): null

15-11-2024T09:23:12 - [TEST_STEP][PASSED] - click(findTestObject("Выполнение бизнес-плана/Кнопка План")): Object: 'Object Repository/Выполнение бизнес-плана/Кнопка План' is clicked on

15-11-2024T09:23:12 - [MESSAGE][PASSED] - Object: 'Object Repository/Выполнение бизнес-плана/Кнопка План' is clicked on

15-11-2024T09:23:12 - [TEST_STEP][PASSED] - typeOfDataMain = "План": null

15-11-2024T09:23:12 - [TEST_STEP][PASSED] - otpusk = findTestData("PlanFact").getValue(2, a): null

15-11-2024T09:23:12 - [TEST_STEP][PASSED] - poteri = findTestData("PlanFact").getValue(3, a): null

15-11-2024T09:23:12 - [TEST_STEP][PASSED] - otpusk = otpusk.replaceAll("\s+", ""): null

15-11-2024T09:23:12 - [TEST_STEP][PASSED] - poteri = poteri.replaceAll("\s+", ""): null

15-11-2024T09:23:12 - [TEST_STEP][PASSED] - typeOfData = typeOfDataMain + " Отпуск в сеть": null

15-11-2024T09:23:12 - [TEST_STEP][PASSED] - if (a == 82): null

15-11-2024T09:23:12 - [TEST_STEP][PASSED] - else if (a == 84): null

15-11-2024T09:23:12 - [TEST_STEP][PASSED] - else if (a == 52 || a == 72 || a == 28 || a == 73 || a == 77 || a == 74 || a == 65 || a == 36 || a == 44 || a == 53 || a == 80 || a == 54 || a == 1 || a == 18 || a == 59 || a == 81): null

15-11-2024T09:23:12 - [TEST_STEP][PASSED] - path = dataFolder + "Table Data/" + typeOfData + " за отчётный период " + dzoNum: null

15-11-2024T09:23:12 - [TEST_STEP][PASSED] - println(path): null

15-11-2024T09:23:12 - [TEST_STEP][PASSED] - page = getText(findTestObject(path)): Text of object 'Object Repository/Выполнение бизнес-плана/Значения со страницы Выполнение бизнес-плана/Table Data/План Отпуск в сеть за отчётный период 4' is: '44 875 501'

15-11-2024T09:23:13 - [MESSAGE][PASSED] - Text of object 'Object Repository/Выполнение бизнес-плана/Значения со страницы Выполнение бизнес-плана/Table Data/План Отпуск в сеть за отчётный период 4' is: '44 875 501'

15-11-2024T09:23:13 - [TEST_STEP][PASSED] - page = page.replaceAll("\s+", ""): null

15-11-2024T09:23:13 - [TEST_STEP][PASSED] - fileOtpuskVSet = otpusk.toInteger(): null

15-11-2024T09:23:13 - [TEST_STEP][PASSED] - pageOtpuskVSet = page.toInteger(): null

15-11-2024T09:23:13 - [TEST_STEP][PASSED] - typeOfData = typeOfDataMain + " Потери": null

15-11-2024T09:23:13 - [TEST_STEP][PASSED] - if (a == 82): null

15-11-2024T09:23:13 - [TEST_STEP][PASSED] - else if (a == 84): null

15-11-2024T09:23:13 - [TEST_STEP][PASSED] - else if (a == 52 || a == 72 || a == 28 || a == 73 || a == 77 || a == 74 || a == 65 || a == 36 || a == 44 || a == 53 || a == 80 || a == 54 || a == 1 || a == 18 || a == 59 || a == 81): null

15-11-2024T09:23:13 - [TEST_STEP][PASSED] - path = dataFolder + "Table Data/" + typeOfData + " за отчётный период " + dzoNum: null

15-11-2024T09:23:13 - [TEST_STEP][PASSED] - page = getText(findTestObject(path)): Text of object 'Object Repository/Выполнение бизнес-плана/Значения со страницы Выполнение бизнес-плана/Table Data/План Потери за отчётный период 4' is: '3 128 610'

15-11-2024T09:23:13 - [MESSAGE][PASSED] - Text of object 'Object Repository/Выполнение бизнес-плана/Значения со страницы Выполнение бизнес-плана/Table Data/План Потери за отчётный период 4' is: '3 128 610'

15-11-2024T09:23:13 - [TEST_STEP][PASSED] - page = page.replaceAll("\s+", ""): null

15-11-2024T09:23:13 - [TEST_STEP][PASSED] - filePoteri = poteri.toInteger(): null

15-11-2024T09:23:13 - [TEST_STEP][PASSED] - pagePoteri = page.toInteger(): null

15-11-2024T09:23:13 - [TEST_STEP][PASSED] - compare = pageOtpuskVSet: null

15-11-2024T09:23:13 - [TEST_STEP][PASSED] - if (compare == fileOtpuskVSet): null

15-11-2024T09:23:13 - [TEST_STEP][PASSED] - else if (compare > fileOtpuskVSet): null

15-11-2024T09:23:13 - [TEST_STEP][PASSED] - compare = compare - 1: null

15-11-2024T09:23:13 - [TEST_STEP][PASSED] - if (compare == fileOtpuskVSet): null

15-11-2024T09:23:13 - [TEST_STEP][PASSED] - else: null

15-11-2024T09:23:13 - [TEST_STEP][PASSED] - numberOfErrors = numberOfErrors + 1: null

15-11-2024T09:23:13 - [TEST_STEP][PASSED] - pageInt = pageOtpuskVSet: null

15-11-2024T09:23:13 - [TEST_STEP][PASSED] - fileInt = fileOtpuskVSet: null

15-11-2024T09:23:13 - [TEST_STEP][PASSED] - typeOfData = typeOfDataMain + " Отпуск в сеть": null

15-11-2024T09:23:13 - [TEST_STEP][PASSED] - Script1718980020443.WriteToExcel(a, typeOfData, todaysDate, pageInt, fileInt, pageDouble, fileDouble, dZO): null

15-11-2024T09:23:13 - [TEST_STEP][PASSED] - sheetName = "Sheet1": null

15-11-2024T09:23:13 - [TEST_STEP][PASSED] - data = findTestData("PlanFact"): null

15-11-2024T09:23:13 - [TEST_STEP][PASSED] - n = data.getRowNumbers() + 1: null

15-11-2024T09:23:13 - [TEST_STEP][PASSED] - year = todaysDate.substring(todaysDate.length() - 4, todaysDate.length()): null

15-11-2024T09:23:13 - [TEST_STEP][PASSED] - y = year.toInteger(): null

15-11-2024T09:23:13 - [TEST_STEP][PASSED] - m = getText(findTestObject("Выполнение бизнес-плана/Период")): Text of object 'Object Repository/Выполнение бизнес-плана/Период' is: '1, 2, 3 кв. 2024 года'

15-11-2024T09:23:13 - [MESSAGE][PASSED] - Text of object 'Object Repository/Выполнение бизнес-плана/Период' is: '1, 2, 3 кв. 2024 года'

15-11-2024T09:23:13 - [TEST_STEP][PASSED] - m = m.substring(0, m.indexOf("2024")): null

15-11-2024T09:23:13 - [TEST_STEP][PASSED] - m = m.trim(): null

15-11-2024T09:23:13 - [TEST_STEP][PASSED] - dashboardName = "Выполнение бизнес-плана": null

15-11-2024T09:23:13 - [TEST_STEP][PASSED] - workbook01 = getWorkbook(excelFilePath): null

15-11-2024T09:23:13 - [TEST_STEP][PASSED] - sheet01 = getExcelSheet(workbook01, sheetName): null

15-11-2024T09:23:13 - [TEST_STEP][PASSED] - setValueToCellByIndex(sheet01, n, 0, dashboardName): null

15-11-2024T09:23:13 - [TEST_STEP][PASSED] - setValueToCellByIndex(sheet01, n, 1, dZO): null

15-11-2024T09:23:13 - [TEST_STEP][PASSED] - setValueToCellByIndex(sheet01, n, 2, typeOfData): null

15-11-2024T09:23:13 - [TEST_STEP][PASSED] - if (typeOfData == "Факт в процентах" || typeOfData == "План в процентах"): null

15-11-2024T09:23:13 - [TEST_STEP][PASSED] - else: null

15-11-2024T09:23:13 - [TEST_STEP][PASSED] - setValueToCellByIndex(sheet01, n, 3, fileInt): null

15-11-2024T09:23:13 - [TEST_STEP][PASSED] - setValueToCellByIndex(sheet01, n, 4, pageInt): null

15-11-2024T09:23:13 - [TEST_STEP][PASSED] - setValueToCellByIndex(sheet01, n, 5, m): null

15-11-2024T09:23:13 - [TEST_STEP][PASSED] - setValueToCellByIndex(sheet01, n, 6, y): null

15-11-2024T09:23:13 - [TEST_STEP][PASSED] - setValueToCellByIndex(sheet01, n, 7, todaysDate): null

15-11-2024T09:23:13 - [TEST_STEP][PASSED] - n = n + 1: null

15-11-2024T09:23:13 - [TEST_STEP][PASSED] - saveWorkbook(excelFilePath, workbook01): null

15-11-2024T09:23:14 - [TEST_STEP][PASSED] - compare = pagePoteri: null

15-11-2024T09:23:14 - [TEST_STEP][PASSED] - if (compare == filePoteri): null

15-11-2024T09:23:14 - [TEST_STEP][PASSED] - else if (compare > filePoteri): null

15-11-2024T09:23:14 - [TEST_STEP][PASSED] - compare = compare - 1: null

15-11-2024T09:23:14 - [TEST_STEP][PASSED] - if (compare == filePoteri): null

15-11-2024T09:23:14 - [TEST_STEP][PASSED] - else: null

15-11-2024T09:23:14 - [TEST_STEP][PASSED] - numberOfErrors = numberOfErrors + 1: null

15-11-2024T09:23:14 - [TEST_STEP][PASSED] - pageInt = pagePoteri: null

15-11-2024T09:23:14 - [TEST_STEP][PASSED] - fileInt = filePoteri: null

15-11-2024T09:23:14 - [TEST_STEP][PASSED] - typeOfData = typeOfDataMain + " Потери": null

15-11-2024T09:23:14 - [TEST_STEP][PASSED] - Script1718980020443.WriteToExcel(a, typeOfData, todaysDate, pageInt, fileInt, pageDouble, fileDouble, dZO): null

15-11-2024T09:23:14 - [TEST_STEP][PASSED] - sheetName = "Sheet1": null

15-11-2024T09:23:14 - [TEST_STEP][PASSED] - data = findTestData("PlanFact"): null

15-11-2024T09:23:14 - [TEST_STEP][PASSED] - n = data.getRowNumbers() + 1: null

15-11-2024T09:23:14 - [TEST_STEP][PASSED] - year = todaysDate.substring(todaysDate.length() - 4, todaysDate.length()): null

15-11-2024T09:23:14 - [TEST_STEP][PASSED] - y = year.toInteger(): null

15-11-2024T09:23:14 - [TEST_STEP][PASSED] - m = getText(findTestObject("Выполнение бизнес-плана/Период")): Text of object 'Object Repository/Выполнение бизнес-плана/Период' is: '1, 2, 3 кв. 2024 года'

15-11-2024T09:23:14 - [MESSAGE][PASSED] - Text of object 'Object Repository/Выполнение бизнес-плана/Период' is: '1, 2, 3 кв. 2024 года'

15-11-2024T09:23:14 - [TEST_STEP][PASSED] - m = m.substring(0, m.indexOf("2024")): null

15-11-2024T09:23:14 - [TEST_STEP][PASSED] - m = m.trim(): null

15-11-2024T09:23:14 - [TEST_STEP][PASSED] - dashboardName = "Выполнение бизнес-плана": null

15-11-2024T09:23:14 - [TEST_STEP][PASSED] - workbook01 = getWorkbook(excelFilePath): null

15-11-2024T09:23:14 - [TEST_STEP][PASSED] - sheet01 = getExcelSheet(workbook01, sheetName): null

15-11-2024T09:23:14 - [TEST_STEP][PASSED] - setValueToCellByIndex(sheet01, n, 0, dashboardName): null

15-11-2024T09:23:14 - [TEST_STEP][PASSED] - setValueToCellByIndex(sheet01, n, 1, dZO): null

15-11-2024T09:23:14 - [TEST_STEP][PASSED] - setValueToCellByIndex(sheet01, n, 2, typeOfData): null

15-11-2024T09:23:14 - [TEST_STEP][PASSED] - if (typeOfData == "Факт в процентах" || typeOfData == "План в процентах"): null

15-11-2024T09:23:14 - [TEST_STEP][PASSED] - else: null

15-11-2024T09:23:14 - [TEST_STEP][PASSED] - setValueToCellByIndex(sheet01, n, 3, fileInt): null

15-11-2024T09:23:14 - [TEST_STEP][PASSED] - setValueToCellByIndex(sheet01, n, 4, pageInt): null

15-11-2024T09:23:14 - [TEST_STEP][PASSED] - setValueToCellByIndex(sheet01, n, 5, m): null

15-11-2024T09:23:14 - [TEST_STEP][PASSED] - setValueToCellByIndex(sheet01, n, 6, y): null

15-11-2024T09:23:14 - [TEST_STEP][PASSED] - setValueToCellByIndex(sheet01, n, 7, todaysDate): null

15-11-2024T09:23:14 - [TEST_STEP][PASSED] - n = n + 1: null

15-11-2024T09:23:14 - [TEST_STEP][PASSED] - saveWorkbook(excelFilePath, workbook01): Object: 'Object Repository/Выполнение бизнес-плана/Кнопка Факт' is clicked on

15-11-2024T09:23:14 - [TEST_STEP][PASSED] - if (planFact == 2): Object: 'Object Repository/Выполнение бизнес-плана/Кнопка Факт' is clicked on

15-11-2024T09:23:14 - [TEST_STEP][PASSED] - click(findTestObject("Выполнение бизнес-плана/Кнопка Факт")): Object: 'Object Repository/Выполнение бизнес-плана/Кнопка Факт' is clicked on

15-11-2024T09:23:15 - [MESSAGE][PASSED] - Object: 'Object Repository/Выполнение бизнес-плана/Кнопка Факт' is clicked on

15-11-2024T09:23:15 - [TEST_STEP][PASSED] - if (a == 84 || a == 82): null

15-11-2024T09:23:15 - [TEST_STEP][PASSED] - else if (a == 52 || a == 72 || a == 28 || a == 73 || a == 77 || a == 74 || a == 65 || a == 36 || a == 44 || a == 53 || a == 80 || a == 54 || a == 1 || a == 18 || a == 59 || a == 81): null

15-11-2024T09:23:15 - [TEST_STEP][PASSED] - page1 = getText(findTestObject("Object Repository/Выполнение бизнес-плана/spanPlan" + dzoNum)): Text of object 'Object Repository/Выполнение бизнес-плана/spanPlan4' is: '6.97
|'

15-11-2024T09:23:15 - [MESSAGE][PASSED] - Text of object 'Object Repository/Выполнение бизнес-плана/spanPlan4' is: '6.97
|'

15-11-2024T09:23:15 - [TEST_STEP][PASSED] - page1 = page1.replace("|", ""): null

15-11-2024T09:23:15 - [TEST_STEP][PASSED] - page2 = getText(findTestObject("Object Repository/Выполнение бизнес-плана/spanFact" + dzoNum)): Text of object 'Object Repository/Выполнение бизнес-плана/spanFact4' is: '6.92'

15-11-2024T09:23:15 - [MESSAGE][PASSED] - Text of object 'Object Repository/Выполнение бизнес-плана/spanFact4' is: '6.92'

15-11-2024T09:23:15 - [TEST_STEP][PASSED] - page2 = page2.replace("|", ""): null

15-11-2024T09:23:15 - [TEST_STEP][PASSED] - println("page1: " + page1): null

15-11-2024T09:23:15 - [TEST_STEP][PASSED] - println("page2: " + page2): null

15-11-2024T09:23:15 - [TEST_STEP][PASSED] - file = findTestData("PlanFact").getValue(4, a): null

15-11-2024T09:23:15 - [TEST_STEP][PASSED] - file = file.replace(",", "."): null

15-11-2024T09:23:15 - [TEST_STEP][PASSED] - println("file Plan: " + file): null

15-11-2024T09:23:15 - [TEST_STEP][PASSED] - typeOfData = "План в процентах": null

15-11-2024T09:23:15 - [TEST_STEP][PASSED] - fileDouble = file.toDouble(): null

15-11-2024T09:23:15 - [TEST_STEP][PASSED] - pageDouble = page1.toDouble(): null

15-11-2024T09:23:15 - [TEST_STEP][PASSED] - if (fileDouble != pageDouble): null

15-11-2024T09:23:15 - [TEST_STEP][PASSED] - numberOfErrors = numberOfErrors + 1: null

15-11-2024T09:23:15 - [TEST_STEP][PASSED] - Script1718980020443.WriteToExcel(a, typeOfData, todaysDate, pageInt, fileInt, pageDouble, fileDouble, dZO): null

15-11-2024T09:23:15 - [TEST_STEP][PASSED] - sheetName = "Sheet1": null

15-11-2024T09:23:15 - [TEST_STEP][PASSED] - data = findTestData("PlanFact"): null

15-11-2024T09:23:15 - [TEST_STEP][PASSED] - n = data.getRowNumbers() + 1: null

15-11-2024T09:23:15 - [TEST_STEP][PASSED] - year = todaysDate.substring(todaysDate.length() - 4, todaysDate.length()): null

15-11-2024T09:23:15 - [TEST_STEP][PASSED] - y = year.toInteger(): null

15-11-2024T09:23:15 - [TEST_STEP][PASSED] - m = getText(findTestObject("Выполнение бизнес-плана/Период")): Text of object 'Object Repository/Выполнение бизнес-плана/Период' is: '1, 2, 3 кв. 2024 года'

15-11-2024T09:23:15 - [MESSAGE][PASSED] - Text of object 'Object Repository/Выполнение бизнес-плана/Период' is: '1, 2, 3 кв. 2024 года'

15-11-2024T09:23:15 - [TEST_STEP][PASSED] - m = m.substring(0, m.indexOf("2024")): null

15-11-2024T09:23:15 - [TEST_STEP][PASSED] - m = m.trim(): null

15-11-2024T09:23:15 - [TEST_STEP][PASSED] - dashboardName = "Выполнение бизнес-плана": null

15-11-2024T09:23:15 - [TEST_STEP][PASSED] - workbook01 = getWorkbook(excelFilePath): null

15-11-2024T09:23:16 - [TEST_STEP][PASSED] - sheet01 = getExcelSheet(workbook01, sheetName): null

15-11-2024T09:23:16 - [TEST_STEP][PASSED] - setValueToCellByIndex(sheet01, n, 0, dashboardName): null

15-11-2024T09:23:16 - [TEST_STEP][PASSED] - setValueToCellByIndex(sheet01, n, 1, dZO): null

15-11-2024T09:23:16 - [TEST_STEP][PASSED] - setValueToCellByIndex(sheet01, n, 2, typeOfData): null

15-11-2024T09:23:16 - [TEST_STEP][PASSED] - if (typeOfData == "Факт в процентах" || typeOfData == "План в процентах"): null

15-11-2024T09:23:16 - [TEST_STEP][PASSED] - setValueToCellByIndex(sheet01, n, 3, fileDouble): null

15-11-2024T09:23:16 - [TEST_STEP][PASSED] - setValueToCellByIndex(sheet01, n, 4, pageDouble): null

15-11-2024T09:23:16 - [TEST_STEP][PASSED] - setValueToCellByIndex(sheet01, n, 5, m): null

15-11-2024T09:23:16 - [TEST_STEP][PASSED] - setValueToCellByIndex(sheet01, n, 6, y): null

15-11-2024T09:23:16 - [TEST_STEP][PASSED] - setValueToCellByIndex(sheet01, n, 7, todaysDate): null

15-11-2024T09:23:16 - [TEST_STEP][PASSED] - n = n + 1: null

15-11-2024T09:23:16 - [TEST_STEP][PASSED] - saveWorkbook(excelFilePath, workbook01): null

15-11-2024T09:23:16 - [TEST_STEP][PASSED] - file = findTestData("PlanFact").getValue(7, a): null

15-11-2024T09:23:16 - [TEST_STEP][PASSED] - file = file.replace(",", "."): null

15-11-2024T09:23:16 - [TEST_STEP][PASSED] - println("file Fact: " + file): null

15-11-2024T09:23:16 - [TEST_STEP][PASSED] - fileDouble = file.toDouble(): null

15-11-2024T09:23:16 - [TEST_STEP][PASSED] - typeOfData = "Факт в процентах": null

15-11-2024T09:23:16 - [TEST_STEP][PASSED] - fileDouble = file.toDouble(): null

15-11-2024T09:23:16 - [TEST_STEP][PASSED] - pageDouble = page2.toDouble(): null

15-11-2024T09:23:16 - [TEST_STEP][PASSED] - if (fileDouble != pageDouble): null

15-11-2024T09:23:16 - [TEST_STEP][PASSED] - numberOfErrors = numberOfErrors + 1: null

15-11-2024T09:23:16 - [TEST_STEP][PASSED] - Script1718980020443.WriteToExcel(a, typeOfData, todaysDate, pageInt, fileInt, pageDouble, fileDouble, dZO): null

15-11-2024T09:23:16 - [TEST_STEP][PASSED] - sheetName = "Sheet1": null

15-11-2024T09:23:16 - [TEST_STEP][PASSED] - data = findTestData("PlanFact"): null

15-11-2024T09:23:16 - [TEST_STEP][PASSED] - n = data.getRowNumbers() + 1: null

15-11-2024T09:23:16 - [TEST_STEP][PASSED] - year = todaysDate.substring(todaysDate.length() - 4, todaysDate.length()): null

15-11-2024T09:23:16 - [TEST_STEP][PASSED] - y = year.toInteger(): null

15-11-2024T09:23:16 - [TEST_STEP][PASSED] - m = getText(findTestObject("Выполнение бизнес-плана/Период")): Text of object 'Object Repository/Выполнение бизнес-плана/Период' is: '1, 2, 3 кв. 2024 года'

15-11-2024T09:23:16 - [MESSAGE][PASSED] - Text of object 'Object Repository/Выполнение бизнес-плана/Период' is: '1, 2, 3 кв. 2024 года'

15-11-2024T09:23:16 - [TEST_STEP][PASSED] - m = m.substring(0, m.indexOf("2024")): null

15-11-2024T09:23:16 - [TEST_STEP][PASSED] - m = m.trim(): null

15-11-2024T09:23:16 - [TEST_STEP][PASSED] - dashboardName = "Выполнение бизнес-плана": null

15-11-2024T09:23:16 - [TEST_STEP][PASSED] - workbook01 = getWorkbook(excelFilePath): null

15-11-2024T09:23:16 - [TEST_STEP][PASSED] - sheet01 = getExcelSheet(workbook01, sheetName): null

15-11-2024T09:23:16 - [TEST_STEP][PASSED] - setValueToCellByIndex(sheet01, n, 0, dashboardName): null

15-11-2024T09:23:16 - [TEST_STEP][PASSED] - setValueToCellByIndex(sheet01, n, 1, dZO): null

15-11-2024T09:23:16 - [TEST_STEP][PASSED] - setValueToCellByIndex(sheet01, n, 2, typeOfData): null

15-11-2024T09:23:16 - [TEST_STEP][PASSED] - if (typeOfData == "Факт в процентах" || typeOfData == "План в процентах"): null

15-11-2024T09:23:16 - [TEST_STEP][PASSED] - setValueToCellByIndex(sheet01, n, 3, fileDouble): null

15-11-2024T09:23:16 - [TEST_STEP][PASSED] - setValueToCellByIndex(sheet01, n, 4, pageDouble): null

15-11-2024T09:23:16 - [TEST_STEP][PASSED] - setValueToCellByIndex(sheet01, n, 5, m): null

15-11-2024T09:23:16 - [TEST_STEP][PASSED] - setValueToCellByIndex(sheet01, n, 6, y): null

15-11-2024T09:23:16 - [TEST_STEP][PASSED] - setValueToCellByIndex(sheet01, n, 7, todaysDate): null

15-11-2024T09:23:16 - [TEST_STEP][PASSED] - n = n + 1: null

15-11-2024T09:23:16 - [TEST_STEP][PASSED] - saveWorkbook(excelFilePath, workbook01): null

15-11-2024T09:23:16 - [TEST_STEP][FAILED] - if (verifyEqual(numberOfErrors, 0) == false): null

15-11-2024T09:23:16 - [MESSAGE][FAILED] - Unable to verify equal between actual object '6' and expected object '0' (Root cause: com.kms.katalon.core.exception.StepFailedException: Actual object '6' and expected object '0' are not equal
	at com.kms.katalon.core.keyword.builtin.VerifyEqualKeyword$_verifyEqual_closure1.doCall(VerifyEqualKeyword.groovy:58)
	at com.kms.katalon.core.keyword.builtin.VerifyEqualKeyword$_verifyEqual_closure1.call(VerifyEqualKeyword.groovy)
	at com.kms.katalon.core.keyword.internal.KeywordMain.runKeyword(KeywordMain.groovy:75)
	at com.kms.katalon.core.keyword.builtin.VerifyEqualKeyword.verifyEqual(VerifyEqualKeyword.groovy:63)
	at com.kms.katalon.core.keyword.builtin.VerifyEqualKeyword.execute(VerifyEqualKeyword.groovy:44)
	at com.kms.katalon.core.keyword.internal.KeywordExecutor.executeKeywordForPlatform(KeywordExecutor.groovy:74)
	at com.kms.katalon.core.keyword.BuiltinKeywords.verifyEqual(BuiltinKeywords.groovy:146)
	at java.base/jdk.internal.reflect.NativeMethodAccessorImpl.invoke0(Native Method)
	at java.base/jdk.internal.reflect.NativeMethodAccessorImpl.invoke(NativeMethodAccessorImpl.java:77)
	at java.base/jdk.internal.reflect.DelegatingMethodAccessorImpl.invoke(DelegatingMethodAccessorImpl.java:43)
	at Выполнение бизнес-плана Сверка ПАО Россети все филиалы.Numbers(Выполнение бизнес-плана Сверка ПАО Россети все филиалы:740)
	at Выполнение бизнес-плана Сверка ПАО Россети все филиалы.run(Выполнение бизнес-плана Сверка ПАО Россети все филиалы:332)
	at com.kms.katalon.core.main.ScriptEngine.run(ScriptEngine.java:194)
	at com.kms.katalon.core.main.ScriptEngine.runScriptAsRawText(ScriptEngine.java:119)
	at com.kms.katalon.core.main.TestCaseExecutor.runScript(TestCaseExecutor.java:448)
	at com.kms.katalon.core.main.TestCaseExecutor.doExecute(TestCaseExecutor.java:439)
	at com.kms.katalon.core.main.TestCaseExecutor.processExecutionPhase(TestCaseExecutor.java:418)
	at com.kms.katalon.core.main.TestCaseExecutor.accessMainPhase(TestCaseExecutor.java:410)
	at com.kms.katalon.core.main.TestCaseExecutor.execute(TestCaseExecutor.java:285)
	at com.kms.katalon.core.common.CommonExecutor.accessTestCaseMainPhase(CommonExecutor.java:65)
	at com.kms.katalon.core.main.TestSuiteExecutor.accessTestSuiteMainPhase(TestSuiteExecutor.java:150)
	at com.kms.katalon.core.main.TestSuiteExecutor.execute(TestSuiteExecutor.java:106)
	at com.kms.katalon.core.main.TestCaseMain.startTestSuite(TestCaseMain.java:180)
	at TempTestSuite1731647997681.run(TempTestSuite1731647997681.groovy:35)
	at java.base/jdk.internal.reflect.NativeMethodAccessorImpl.invoke0(Native Method)
	at java.base/jdk.internal.reflect.NativeMethodAccessorImpl.invoke(NativeMethodAccessorImpl.java:77)
	at java.base/jdk.internal.reflect.DelegatingMethodAccessorImpl.invoke(DelegatingMethodAccessorImpl.java:43)
)

15-11-2024T09:23:16 - [TEST_STEP][PASSED] - println(numberOfErrors): null

15-11-2024T09:23:16 - [TEST_STEP][PASSED] - if (a == 28 || a == 77 || a == 74 || a == 65 || a == 36 || a == 44 || a == 54 || a == 1 || a == 18 || a == 59): null

15-11-2024T09:23:16 - [TEST_STEP][PASSED] - Script1718980020443.Filials(a, typeOfData, todaysDate, pageInt, fileInt, pageDouble, fileDouble, dZO, dzoNum, filialNum): null

15-11-2024T09:23:16 - [TEST_STEP][PASSED] - i = <not implemented yet for class: org.codehaus.groovy.ast.expr.EmptyExpression>: null

15-11-2024T09:23:16 - [TEST_STEP][PASSED] - c = <not implemented yet for class: org.codehaus.groovy.ast.expr.EmptyExpression>: null

15-11-2024T09:23:16 - [TEST_STEP][PASSED] - page = <not implemented yet for class: org.codehaus.groovy.ast.expr.EmptyExpression>: null

15-11-2024T09:23:16 - [TEST_STEP][PASSED] - println(dZO): null

15-11-2024T09:23:16 - [TEST_STEP][PASSED] - reducedDZO = <not implemented yet for class: org.codehaus.groovy.ast.expr.EmptyExpression>: null

15-11-2024T09:23:16 - [TEST_STEP][PASSED] - reducedDZO = dZO.substring(dZO.indexOf(" ") + 1, dZO.length()): null

15-11-2024T09:23:16 - [TEST_STEP][PASSED] - if (reducedDZO.contains(" ")): null

15-11-2024T09:23:16 - [TEST_STEP][PASSED] - println(reducedDZO): null

15-11-2024T09:23:16 - [TEST_STEP][PASSED] - dzoCut = <not implemented yet for class: org.codehaus.groovy.ast.expr.EmptyExpression>: null

15-11-2024T09:23:16 - [TEST_STEP][PASSED] - Script1718980020443.DZO(a): null

15-11-2024T09:23:16 - [TEST_STEP][PASSED] - Script1718980020443.OpenFilter(): null

15-11-2024T09:23:16 - [TEST_STEP][PASSED] - click(findTestObject("Object Repository/Выполнение бизнес-плана/Фильтр ДЗО")): Object: 'Object Repository/Выполнение бизнес-плана/Фильтр ДЗО' is clicked on

15-11-2024T09:23:17 - [MESSAGE][PASSED] - Object: 'Object Repository/Выполнение бизнес-плана/Фильтр ДЗО' is clicked on

15-11-2024T09:23:17 - [TEST_STEP][PASSED] - click(findTestObject("Выполнение бизнес-плана/Снять выделение в фильтре ДЗО")): Object: 'Object Repository/Выполнение бизнес-плана/Снять выделение в фильтре ДЗО' is clicked on

15-11-2024T09:23:17 - [MESSAGE][PASSED] - Object: 'Object Repository/Выполнение бизнес-плана/Снять выделение в фильтре ДЗО' is clicked on

15-11-2024T09:23:17 - [TEST_STEP][PASSED] - Script1718980020443.OpenRSK(): null

15-11-2024T09:23:17 - [TEST_STEP][PASSED] - click(findTestObject("Выполнение бизнес-плана/Раскрыть список ПАО Россети в фильтре ДЗО")): Object: 'Object Repository/Выполнение бизнес-плана/Раскрыть список ПАО Россети в фильтре ДЗО' is clicked on

15-11-2024T09:23:18 - [MESSAGE][PASSED] - Object: 'Object Repository/Выполнение бизнес-плана/Раскрыть список ПАО Россети в фильтре ДЗО' is clicked on

15-11-2024T09:23:18 - [TEST_STEP][PASSED] - click(findTestObject("Выполнение бизнес-плана/Раскрыть список РаспредКомплекс в фильтре ДЗО")): Object: 'Object Repository/Выполнение бизнес-плана/Раскрыть список РаспредКомплекс в фильтре ДЗО' is clicked on

15-11-2024T09:23:18 - [MESSAGE][PASSED] - Object: 'Object Repository/Выполнение бизнес-плана/Раскрыть список РаспредКомплекс в фильтре ДЗО' is clicked on

15-11-2024T09:23:18 - [TEST_STEP][PASSED] - if (a == 28): null

15-11-2024T09:23:18 - [TEST_STEP][PASSED] - if (a == 77): null

15-11-2024T09:23:18 - [TEST_STEP][PASSED] - if (a == 74): null

15-11-2024T09:23:18 - [TEST_STEP][PASSED] - if (a == 65): null

15-11-2024T09:23:18 - [TEST_STEP][PASSED] - if (a == 36): null

15-11-2024T09:23:18 - [TEST_STEP][PASSED] - if (a == 44): Object: 'Object Repository/Выполнение бизнес-плана/Россети Сибирь' is clicked on

15-11-2024T09:23:18 - [TEST_STEP][PASSED] - scrollToElement(findTestObject("Общие объекты/Раскрыть список Россети Сибирь"), 30): Scroll to object 'Object Repository/Общие объекты/Раскрыть список Россети Сибирь' successfully

15-11-2024T09:23:18 - [MESSAGE][PASSED] - Scroll to object 'Object Repository/Общие объекты/Раскрыть список Россети Сибирь' successfully

15-11-2024T09:23:18 - [TEST_STEP][PASSED] - click(findTestObject("Выполнение бизнес-плана/Россети Сибирь")): Object: 'Object Repository/Выполнение бизнес-плана/Россети Сибирь' is clicked on

15-11-2024T09:23:19 - [MESSAGE][PASSED] - Object: 'Object Repository/Выполнение бизнес-плана/Россети Сибирь' is clicked on

15-11-2024T09:23:19 - [TEST_STEP][PASSED] - if (a == 54): null

15-11-2024T09:23:19 - [TEST_STEP][PASSED] - if (a == 1): null

15-11-2024T09:23:19 - [TEST_STEP][PASSED] - if (a == 18): null

15-11-2024T09:23:19 - [TEST_STEP][PASSED] - if (a == 59): null

15-11-2024T09:23:19 - [TEST_STEP][PASSED] - Script1718980020443.CloseFilter(): null

15-11-2024T09:23:19 - [TEST_STEP][PASSED] - scrollToElement(findTestObject("Выполнение бизнес-плана/Заголовок дашборда"), 30): Scroll to object 'Object Repository/Выполнение бизнес-плана/Заголовок дашборда' successfully

15-11-2024T09:23:19 - [MESSAGE][PASSED] - Scroll to object 'Object Repository/Выполнение бизнес-плана/Заголовок дашборда' successfully

15-11-2024T09:23:19 - [TEST_STEP][PASSED] - click(findTestObject("Object Repository/Выполнение бизнес-плана/Применить в фильтре ДЗО")): Object: 'Object Repository/Выполнение бизнес-плана/Применить в фильтре ДЗО' is clicked on

15-11-2024T09:23:20 - [MESSAGE][PASSED] - Object: 'Object Repository/Выполнение бизнес-плана/Применить в фильтре ДЗО' is clicked on

15-11-2024T09:23:20 - [TEST_STEP][PASSED] - Script1718980020443.ZakrytOpoveshenie(): null

15-11-2024T09:23:20 - [TEST_STEP][PASSED] - delay(10): Delayed 10 second(s)

15-11-2024T09:23:30 - [MESSAGE][PASSED] - Delayed 10 second(s)

15-11-2024T09:23:30 - [TEST_STEP][PASSED] - opoveshenie = getText(findTestObject("Выполнение бизнес-плана/Просьба обратить внимание")): Text of object 'Object Repository/Выполнение бизнес-плана/Просьба обратить внимание' is: ''

15-11-2024T09:23:49 - [MESSAGE][PASSED] - Text of object 'Object Repository/Выполнение бизнес-плана/Просьба обратить внимание' is: ''

15-11-2024T09:23:49 - [TEST_STEP][PASSED] - println(opoveshenie): null

15-11-2024T09:23:49 - [TEST_STEP][PASSED] - if (opoveshenie == "Просьба обратить внимание"): null

15-11-2024T09:23:49 - [TEST_STEP][PASSED] - page = getText(findTestObject("Object Repository/Выполнение бизнес-плана/Filials")): Text of object 'Object Repository/Выполнение бизнес-плана/Filials' is: 'Россети Сибирь
0
10
20
30
40
50
60
70'

15-11-2024T09:23:50 - [MESSAGE][PASSED] - Text of object 'Object Repository/Выполнение бизнес-плана/Filials' is: 'Россети Сибирь
0
10
20
30
40
50
60
70'

15-11-2024T09:23:50 - [TEST_STEP][PASSED] - println(page): null

15-11-2024T09:23:50 - [TEST_STEP][PASSED] - c = page.indexOf(reducedDZO): null

15-11-2024T09:23:50 - [TEST_STEP][PASSED] - if (c > -1): null

15-11-2024T09:23:50 - [TEST_STEP][PASSED] - click(findTestObject("Выполнение бизнес-плана/список")): Object: 'Object Repository/Выполнение бизнес-плана/список' is clicked on

15-11-2024T09:23:50 - [MESSAGE][PASSED] - Object: 'Object Repository/Выполнение бизнес-плана/список' is clicked on

15-11-2024T09:23:50 - [TEST_STEP][PASSED] - delay(10): Delayed 10 second(s)

15-11-2024T09:24:00 - [MESSAGE][PASSED] - Delayed 10 second(s)

15-11-2024T09:24:00 - [TEST_STEP][PASSED] - click(findTestObject("Выполнение бизнес-плана/Раскрытие списка")): Object: 'Object Repository/Выполнение бизнес-плана/Раскрытие списка' is clicked on

15-11-2024T09:24:03 - [MESSAGE][PASSED] - Object: 'Object Repository/Выполнение бизнес-плана/Раскрытие списка' is clicked on

15-11-2024T09:24:03 - [TEST_STEP][PASSED] - delay(10): Delayed 10 second(s)

15-11-2024T09:24:13 - [MESSAGE][PASSED] - Delayed 10 second(s)

15-11-2024T09:24:13 - [TEST_STEP][PASSED] - page = getText(findTestObject("Object Repository/Выполнение бизнес-плана/Filials")): Text of object 'Object Repository/Выполнение бизнес-плана/Filials' is: 'Алтайэнерго
Бурятэнерго
Красноярскэнерго
Кузбассэнерго-РЭС
Омскэнерго
Хакасэнерго
Читаэнерго
0
10
20
30
40
50
60
70'

15-11-2024T09:24:13 - [MESSAGE][PASSED] - Text of object 'Object Repository/Выполнение бизнес-плана/Filials' is: 'Алтайэнерго
Бурятэнерго
Красноярскэнерго
Кузбассэнерго-РЭС
Омскэнерго
Хакасэнерго
Читаэнерго
0
10
20
30
40
50
60
70'

15-11-2024T09:24:13 - [TEST_STEP][PASSED] - println(page): null

15-11-2024T09:24:13 - [TEST_STEP][PASSED] - c = page.indexOf(reducedDZO): null

15-11-2024T09:24:13 - [TEST_STEP][PASSED] - x2 = getText(findTestObject("Выполнение бизнес-плана/Список ДЗО старый")): Text of object 'Object Repository/Выполнение бизнес-плана/Список ДЗО старый' is: 'Алтайэнерго
Бурятэнерго
Красноярскэнерго
Кузбассэнерго-РЭС
Омскэнерго
Хакасэнерго
Читаэнерго
0
10
20
30
40
50
60
70'

15-11-2024T09:24:14 - [MESSAGE][PASSED] - Text of object 'Object Repository/Выполнение бизнес-плана/Список ДЗО старый' is: 'Алтайэнерго
Бурятэнерго
Красноярскэнерго
Кузбассэнерго-РЭС
Омскэнерго
Хакасэнерго
Читаэнерго
0
10
20
30
40
50
60
70'

15-11-2024T09:24:14 - [TEST_STEP][PASSED] - if (a == 28): null

15-11-2024T09:24:14 - [TEST_STEP][PASSED] - if (a == 77): null

15-11-2024T09:24:14 - [TEST_STEP][PASSED] - if (a == 74): null

15-11-2024T09:24:14 - [TEST_STEP][PASSED] - if (a == 65): null

15-11-2024T09:24:14 - [TEST_STEP][PASSED] - if (a == 1): null

15-11-2024T09:24:14 - [TEST_STEP][PASSED] - if (a == 18): null

15-11-2024T09:24:14 - [TEST_STEP][PASSED] - if (a == 36): null

15-11-2024T09:24:14 - [TEST_STEP][PASSED] - if (a == 44): null

15-11-2024T09:24:14 - [TEST_STEP][PASSED] - dZO = "Алтайэнерго": null

15-11-2024T09:24:14 - [TEST_STEP][PASSED] - a = 45: null

15-11-2024T09:24:14 - [TEST_STEP][PASSED] - if (x2.contains(dZO)): null

15-11-2024T09:24:14 - [TEST_STEP][PASSED] - filialNum = filialNum + 1: null

15-11-2024T09:24:14 - [TEST_STEP][PASSED] - Script1718980020443.Numbers(a, typeOfData, todaysDate, pageInt, fileInt, pageDouble, fileDouble, dZO, dzoNum, filialNum): null

15-11-2024T09:24:14 - [TEST_STEP][PASSED] - println(dzoNum): null

15-11-2024T09:24:14 - [TEST_STEP][PASSED] - planFact = <not implemented yet for class: org.codehaus.groovy.ast.expr.EmptyExpression>: null

15-11-2024T09:24:14 - [TEST_STEP][PASSED] - page = <not implemented yet for class: org.codehaus.groovy.ast.expr.EmptyExpression>: null

15-11-2024T09:24:14 - [TEST_STEP][PASSED] - page1 = <not implemented yet for class: org.codehaus.groovy.ast.expr.EmptyExpression>: null

15-11-2024T09:24:14 - [TEST_STEP][PASSED] - page2 = <not implemented yet for class: org.codehaus.groovy.ast.expr.EmptyExpression>: null

15-11-2024T09:24:14 - [TEST_STEP][PASSED] - filialNumberInRow = <not implemented yet for class: org.codehaus.groovy.ast.expr.EmptyExpression>: null

15-11-2024T09:24:14 - [TEST_STEP][PASSED] - filialsDzoNames = <not implemented yet for class: org.codehaus.groovy.ast.expr.EmptyExpression>: null

15-11-2024T09:24:14 - [TEST_STEP][PASSED] - numberOfFilials = <not implemented yet for class: org.codehaus.groovy.ast.expr.EmptyExpression>: null

15-11-2024T09:24:14 - [TEST_STEP][PASSED] - numberOfSpaces = <not implemented yet for class: org.codehaus.groovy.ast.expr.EmptyExpression>: null

15-11-2024T09:24:14 - [TEST_STEP][PASSED] - file = <not implemented yet for class: org.codehaus.groovy.ast.expr.EmptyExpression>: null

15-11-2024T09:24:14 - [TEST_STEP][PASSED] - otpusk = <not implemented yet for class: org.codehaus.groovy.ast.expr.EmptyExpression>: null

15-11-2024T09:24:14 - [TEST_STEP][PASSED] - poteri = <not implemented yet for class: org.codehaus.groovy.ast.expr.EmptyExpression>: null

15-11-2024T09:24:14 - [TEST_STEP][PASSED] - dataFolder = "Выполнение бизнес-плана/Значения со страницы Выполнение бизнес-плана/": null

15-11-2024T09:24:14 - [TEST_STEP][PASSED] - path = <not implemented yet for class: org.codehaus.groovy.ast.expr.EmptyExpression>: null

15-11-2024T09:24:14 - [TEST_STEP][PASSED] - typeOfDataMain = <not implemented yet for class: org.codehaus.groovy.ast.expr.EmptyExpression>: null

15-11-2024T09:24:14 - [TEST_STEP][PASSED] - fileOtpuskVSet = <not implemented yet for class: org.codehaus.groovy.ast.expr.EmptyExpression>: null

15-11-2024T09:24:14 - [TEST_STEP][PASSED] - pageOtpuskVSet = <not implemented yet for class: org.codehaus.groovy.ast.expr.EmptyExpression>: null

15-11-2024T09:24:14 - [TEST_STEP][PASSED] - filePoteri = <not implemented yet for class: org.codehaus.groovy.ast.expr.EmptyExpression>: null

15-11-2024T09:24:14 - [TEST_STEP][PASSED] - pagePoteri = <not implemented yet for class: org.codehaus.groovy.ast.expr.EmptyExpression>: null

15-11-2024T09:24:14 - [TEST_STEP][PASSED] - compare = <not implemented yet for class: org.codehaus.groovy.ast.expr.EmptyExpression>: null

15-11-2024T09:24:14 - [TEST_STEP][PASSED] - b = <not implemented yet for class: org.codehaus.groovy.ast.expr.EmptyExpression>: null

15-11-2024T09:24:14 - [TEST_STEP][PASSED] - i = <not implemented yet for class: org.codehaus.groovy.ast.expr.EmptyExpression>: null

15-11-2024T09:24:14 - [TEST_STEP][PASSED] - ii = <not implemented yet for class: org.codehaus.groovy.ast.expr.EmptyExpression>: null

15-11-2024T09:24:14 - [TEST_STEP][PASSED] - c = <not implemented yet for class: org.codehaus.groovy.ast.expr.EmptyExpression>: null

15-11-2024T09:24:14 - [TEST_STEP][PASSED] - numberOfErrors = 0: null

15-11-2024T09:24:14 - [TEST_STEP][PASSED] - if (a == 82): null

15-11-2024T09:24:14 - [TEST_STEP][PASSED] - b = findTestData("PlanFact").getValue(1, a): null

15-11-2024T09:24:14 - [TEST_STEP][PASSED] - i = b.indexOf(" (ГК)"): null

15-11-2024T09:24:14 - [TEST_STEP][PASSED] - if (i > -1): null

15-11-2024T09:24:14 - [TEST_STEP][PASSED] - i = b.indexOf("О ""): null

15-11-2024T09:24:14 - [TEST_STEP][PASSED] - if (i > -1): null

15-11-2024T09:24:14 - [TEST_STEP][PASSED] - i = b.indexOf("О «"): null

15-11-2024T09:24:14 - [TEST_STEP][PASSED] - if (i > -1): null

15-11-2024T09:24:14 - [TEST_STEP][PASSED] - i = b.indexOf("г. "): null

15-11-2024T09:24:14 - [TEST_STEP][PASSED] - if (i > -1): null

15-11-2024T09:24:14 - [TEST_STEP][PASSED] - println(b): null

15-11-2024T09:24:14 - [TEST_STEP][PASSED] - for ([planFact = 1, planFact < 3, (planFact++)]): Object: 'Object Repository/Выполнение бизнес-плана/Кнопка Факт' is clicked on

15-11-2024T09:24:14 - [TEST_STEP][PASSED] - if (planFact == 1): null

15-11-2024T09:24:14 - [TEST_STEP][PASSED] - typeOfDataMain = "Факт": null

15-11-2024T09:24:14 - [TEST_STEP][PASSED] - otpusk = findTestData("PlanFact").getValue(5, a): null

15-11-2024T09:24:14 - [TEST_STEP][PASSED] - poteri = findTestData("PlanFact").getValue(6, a): null

15-11-2024T09:24:14 - [TEST_STEP][PASSED] - otpusk = otpusk.replaceAll("\s+", ""): null

15-11-2024T09:24:14 - [TEST_STEP][PASSED] - poteri = poteri.replaceAll("\s+", ""): null

15-11-2024T09:24:14 - [TEST_STEP][PASSED] - typeOfData = typeOfDataMain + " Отпуск в сеть": null

15-11-2024T09:24:14 - [TEST_STEP][PASSED] - if (a == 82): null

15-11-2024T09:24:14 - [TEST_STEP][PASSED] - else if (a == 84): null

15-11-2024T09:24:14 - [TEST_STEP][PASSED] - else if (a == 52 || a == 72 || a == 28 || a == 73 || a == 77 || a == 74 || a == 65 || a == 36 || a == 44 || a == 53 || a == 80 || a == 54 || a == 1 || a == 18 || a == 59 || a == 81): null

15-11-2024T09:24:14 - [TEST_STEP][PASSED] - else: null

15-11-2024T09:24:14 - [TEST_STEP][PASSED] - path = dataFolder + typeOfData + " за отчётный период " + b: null

15-11-2024T09:24:14 - [TEST_STEP][PASSED] - println(path): null

15-11-2024T09:24:14 - [TEST_STEP][PASSED] - page = getText(findTestObject(path)): Text of object 'Object Repository/Выполнение бизнес-плана/Значения со страницы Выполнение бизнес-плана/Факт Отпуск в сеть за отчётный период Алтайэнерго' is: '6 470 567'

15-11-2024T09:24:14 - [MESSAGE][PASSED] - Text of object 'Object Repository/Выполнение бизнес-плана/Значения со страницы Выполнение бизнес-плана/Факт Отпуск в сеть за отчётный период Алтайэнерго' is: '6 470 567'

15-11-2024T09:24:14 - [TEST_STEP][PASSED] - page = page.replaceAll("\s+", ""): null

15-11-2024T09:24:14 - [TEST_STEP][PASSED] - fileOtpuskVSet = otpusk.toInteger(): null

15-11-2024T09:24:14 - [TEST_STEP][PASSED] - pageOtpuskVSet = page.toInteger(): null

15-11-2024T09:24:14 - [TEST_STEP][PASSED] - typeOfData = typeOfDataMain + " Потери": null

15-11-2024T09:24:14 - [TEST_STEP][PASSED] - if (a == 82): null

15-11-2024T09:24:14 - [TEST_STEP][PASSED] - else if (a == 84): null

15-11-2024T09:24:14 - [TEST_STEP][PASSED] - else if (a == 52 || a == 72 || a == 28 || a == 73 || a == 77 || a == 74 || a == 65 || a == 36 || a == 44 || a == 53 || a == 80 || a == 54 || a == 1 || a == 18 || a == 59 || a == 81): null

15-11-2024T09:24:14 - [TEST_STEP][PASSED] - else: null

15-11-2024T09:24:14 - [TEST_STEP][PASSED] - path = dataFolder + typeOfData + " за отчётный период " + b: null

15-11-2024T09:24:14 - [TEST_STEP][PASSED] - page = getText(findTestObject(path)): Text of object 'Object Repository/Выполнение бизнес-плана/Значения со страницы Выполнение бизнес-плана/Факт Потери за отчётный период Алтайэнерго' is: '426 419'

15-11-2024T09:24:14 - [MESSAGE][PASSED] - Text of object 'Object Repository/Выполнение бизнес-плана/Значения со страницы Выполнение бизнес-плана/Факт Потери за отчётный период Алтайэнерго' is: '426 419'

15-11-2024T09:24:14 - [TEST_STEP][PASSED] - page = page.replaceAll("\s+", ""): null

15-11-2024T09:24:14 - [TEST_STEP][PASSED] - filePoteri = poteri.toInteger(): null

15-11-2024T09:24:14 - [TEST_STEP][PASSED] - pagePoteri = page.toInteger(): null

15-11-2024T09:24:14 - [TEST_STEP][PASSED] - compare = pageOtpuskVSet: null

15-11-2024T09:24:14 - [TEST_STEP][PASSED] - if (compare == fileOtpuskVSet): null

15-11-2024T09:24:14 - [TEST_STEP][PASSED] - if (compare == fileOtpuskVSet): null

15-11-2024T09:24:14 - [TEST_STEP][PASSED] - compare = pagePoteri: null

15-11-2024T09:24:14 - [TEST_STEP][PASSED] - if (compare == filePoteri): null

15-11-2024T09:24:14 - [TEST_STEP][PASSED] - if (compare == filePoteri): null

15-11-2024T09:24:14 - [TEST_STEP][PASSED] - if (planFact == 2): null

15-11-2024T09:24:14 - [TEST_STEP][PASSED] - if (planFact == 1): null

15-11-2024T09:24:14 - [TEST_STEP][PASSED] - else if (planFact == 2): null

15-11-2024T09:24:14 - [TEST_STEP][PASSED] - click(findTestObject("Выполнение бизнес-плана/Кнопка План")): Object: 'Object Repository/Выполнение бизнес-плана/Кнопка План' is clicked on

15-11-2024T09:24:15 - [MESSAGE][PASSED] - Object: 'Object Repository/Выполнение бизнес-плана/Кнопка План' is clicked on

15-11-2024T09:24:15 - [TEST_STEP][PASSED] - typeOfDataMain = "План": null

15-11-2024T09:24:15 - [TEST_STEP][PASSED] - otpusk = findTestData("PlanFact").getValue(2, a): null

15-11-2024T09:24:15 - [TEST_STEP][PASSED] - poteri = findTestData("PlanFact").getValue(3, a): null

15-11-2024T09:24:15 - [TEST_STEP][PASSED] - otpusk = otpusk.replaceAll("\s+", ""): null

15-11-2024T09:24:15 - [TEST_STEP][PASSED] - poteri = poteri.replaceAll("\s+", ""): null

15-11-2024T09:24:15 - [TEST_STEP][PASSED] - typeOfData = typeOfDataMain + " Отпуск в сеть": null

15-11-2024T09:24:15 - [TEST_STEP][PASSED] - if (a == 82): null

15-11-2024T09:24:15 - [TEST_STEP][PASSED] - else if (a == 84): null

15-11-2024T09:24:15 - [TEST_STEP][PASSED] - else if (a == 52 || a == 72 || a == 28 || a == 73 || a == 77 || a == 74 || a == 65 || a == 36 || a == 44 || a == 53 || a == 80 || a == 54 || a == 1 || a == 18 || a == 59 || a == 81): null

15-11-2024T09:24:15 - [TEST_STEP][PASSED] - else: null

15-11-2024T09:24:15 - [TEST_STEP][PASSED] - path = dataFolder + typeOfData + " за отчётный период " + b: null

15-11-2024T09:24:15 - [TEST_STEP][PASSED] - println(path): null

15-11-2024T09:24:15 - [TEST_STEP][PASSED] - page = getText(findTestObject(path)): Text of object 'Object Repository/Выполнение бизнес-плана/Значения со страницы Выполнение бизнес-плана/План Отпуск в сеть за отчётный период Алтайэнерго' is: '6 173 023'

15-11-2024T09:24:15 - [MESSAGE][PASSED] - Text of object 'Object Repository/Выполнение бизнес-плана/Значения со страницы Выполнение бизнес-плана/План Отпуск в сеть за отчётный период Алтайэнерго' is: '6 173 023'

15-11-2024T09:24:15 - [TEST_STEP][PASSED] - page = page.replaceAll("\s+", ""): null

15-11-2024T09:24:15 - [TEST_STEP][PASSED] - fileOtpuskVSet = otpusk.toInteger(): null

15-11-2024T09:24:15 - [TEST_STEP][PASSED] - pageOtpuskVSet = page.toInteger(): null

15-11-2024T09:24:15 - [TEST_STEP][PASSED] - typeOfData = typeOfDataMain + " Потери": null

15-11-2024T09:24:15 - [TEST_STEP][PASSED] - if (a == 82): null

15-11-2024T09:24:15 - [TEST_STEP][PASSED] - else if (a == 84): null

15-11-2024T09:24:15 - [TEST_STEP][PASSED] - else if (a == 52 || a == 72 || a == 28 || a == 73 || a == 77 || a == 74 || a == 65 || a == 36 || a == 44 || a == 53 || a == 80 || a == 54 || a == 1 || a == 18 || a == 59 || a == 81): null

15-11-2024T09:24:15 - [TEST_STEP][PASSED] - else: null

15-11-2024T09:24:15 - [TEST_STEP][PASSED] - path = dataFolder + typeOfData + " за отчётный период " + b: null

15-11-2024T09:24:15 - [TEST_STEP][PASSED] - page = getText(findTestObject(path)): Text of object 'Object Repository/Выполнение бизнес-плана/Значения со страницы Выполнение бизнес-плана/План Потери за отчётный период Алтайэнерго' is: '410 152'

15-11-2024T09:24:15 - [MESSAGE][PASSED] - Text of object 'Object Repository/Выполнение бизнес-плана/Значения со страницы Выполнение бизнес-плана/План Потери за отчётный период Алтайэнерго' is: '410 152'

15-11-2024T09:24:15 - [TEST_STEP][PASSED] - page = page.replaceAll("\s+", ""): null

15-11-2024T09:24:15 - [TEST_STEP][PASSED] - filePoteri = poteri.toInteger(): null

15-11-2024T09:24:15 - [TEST_STEP][PASSED] - pagePoteri = page.toInteger(): null

15-11-2024T09:24:15 - [TEST_STEP][PASSED] - compare = pageOtpuskVSet: null

15-11-2024T09:24:15 - [TEST_STEP][PASSED] - if (compare == fileOtpuskVSet): null

15-11-2024T09:24:15 - [TEST_STEP][PASSED] - if (compare == fileOtpuskVSet): null

15-11-2024T09:24:15 - [TEST_STEP][PASSED] - compare = pagePoteri: null

15-11-2024T09:24:15 - [TEST_STEP][PASSED] - if (compare == filePoteri): null

15-11-2024T09:24:15 - [TEST_STEP][PASSED] - if (compare == filePoteri): null

15-11-2024T09:24:15 - [TEST_STEP][PASSED] - if (planFact == 2): Object: 'Object Repository/Выполнение бизнес-плана/Кнопка Факт' is clicked on

15-11-2024T09:24:15 - [TEST_STEP][PASSED] - click(findTestObject("Выполнение бизнес-плана/Кнопка Факт")): Object: 'Object Repository/Выполнение бизнес-плана/Кнопка Факт' is clicked on

15-11-2024T09:24:16 - [MESSAGE][PASSED] - Object: 'Object Repository/Выполнение бизнес-плана/Кнопка Факт' is clicked on

15-11-2024T09:24:16 - [TEST_STEP][PASSED] - if (a == 84 || a == 82): null

15-11-2024T09:24:16 - [TEST_STEP][PASSED] - else if (a == 52 || a == 72 || a == 28 || a == 73 || a == 77 || a == 74 || a == 65 || a == 36 || a == 44 || a == 53 || a == 80 || a == 54 || a == 1 || a == 18 || a == 59 || a == 81): null

15-11-2024T09:24:16 - [TEST_STEP][PASSED] - else: null

15-11-2024T09:24:16 - [TEST_STEP][PASSED] - page1 = getText(findTestObject("Object Repository/Выполнение бизнес-плана/spanPlan" + filialNum)): Text of object 'Object Repository/Выполнение бизнес-плана/spanPlan1' is: '6.64
|'

15-11-2024T09:24:16 - [MESSAGE][PASSED] - Text of object 'Object Repository/Выполнение бизнес-плана/spanPlan1' is: '6.64
|'

15-11-2024T09:24:16 - [TEST_STEP][PASSED] - page1 = page1.replace("|", ""): null

15-11-2024T09:24:16 - [TEST_STEP][PASSED] - page2 = getText(findTestObject("Object Repository/Выполнение бизнес-плана/spanFact" + filialNum)): Text of object 'Object Repository/Выполнение бизнес-плана/spanFact1' is: '6.59
|'

15-11-2024T09:24:16 - [MESSAGE][PASSED] - Text of object 'Object Repository/Выполнение бизнес-плана/spanFact1' is: '6.59
|'

15-11-2024T09:24:16 - [TEST_STEP][PASSED] - page2 = page2.replace("|", ""): null

15-11-2024T09:24:16 - [TEST_STEP][PASSED] - println("page1: " + page1): null

15-11-2024T09:24:16 - [TEST_STEP][PASSED] - println("page2: " + page2): null

15-11-2024T09:24:16 - [TEST_STEP][PASSED] - file = findTestData("PlanFact").getValue(4, a): null

15-11-2024T09:24:16 - [TEST_STEP][PASSED] - file = file.replace(",", "."): null

15-11-2024T09:24:16 - [TEST_STEP][PASSED] - println("file Plan: " + file): null

15-11-2024T09:24:16 - [TEST_STEP][PASSED] - typeOfData = "План в процентах": null

15-11-2024T09:24:16 - [TEST_STEP][PASSED] - fileDouble = file.toDouble(): null

15-11-2024T09:24:16 - [TEST_STEP][PASSED] - pageDouble = page1.toDouble(): null

15-11-2024T09:24:16 - [TEST_STEP][PASSED] - if (fileDouble != pageDouble): null

15-11-2024T09:24:16 - [TEST_STEP][PASSED] - file = findTestData("PlanFact").getValue(7, a): null

15-11-2024T09:24:16 - [TEST_STEP][PASSED] - file = file.replace(",", "."): null

15-11-2024T09:24:16 - [TEST_STEP][PASSED] - println("file Fact: " + file): null

15-11-2024T09:24:16 - [TEST_STEP][PASSED] - fileDouble = file.toDouble(): null

15-11-2024T09:24:16 - [TEST_STEP][PASSED] - typeOfData = "Факт в процентах": null

15-11-2024T09:24:16 - [TEST_STEP][PASSED] - fileDouble = file.toDouble(): null

15-11-2024T09:24:16 - [TEST_STEP][PASSED] - pageDouble = page2.toDouble(): null

15-11-2024T09:24:16 - [TEST_STEP][PASSED] - if (fileDouble != pageDouble): null

15-11-2024T09:24:16 - [TEST_STEP][PASSED] - if (verifyEqual(numberOfErrors, 0) == false): Actual object '0' and expected object '0' are equal

15-11-2024T09:24:16 - [MESSAGE][PASSED] - Actual object '0' and expected object '0' are equal

15-11-2024T09:24:16 - [TEST_STEP][PASSED] - if (a == 82): null

15-11-2024T09:24:16 - [TEST_STEP][PASSED] - dZO = "Бурятэнерго": null

15-11-2024T09:24:16 - [TEST_STEP][PASSED] - a = 46: null

15-11-2024T09:24:16 - [TEST_STEP][PASSED] - if (x2.contains(dZO)): null

15-11-2024T09:24:16 - [TEST_STEP][PASSED] - filialNum = filialNum + 1: null

15-11-2024T09:24:16 - [TEST_STEP][PASSED] - Script1718980020443.Numbers(a, typeOfData, todaysDate, pageInt, fileInt, pageDouble, fileDouble, dZO, dzoNum, filialNum): null

15-11-2024T09:24:16 - [TEST_STEP][PASSED] - println(dzoNum): null

15-11-2024T09:24:16 - [TEST_STEP][PASSED] - planFact = <not implemented yet for class: org.codehaus.groovy.ast.expr.EmptyExpression>: null

15-11-2024T09:24:16 - [TEST_STEP][PASSED] - page = <not implemented yet for class: org.codehaus.groovy.ast.expr.EmptyExpression>: null

15-11-2024T09:24:16 - [TEST_STEP][PASSED] - page1 = <not implemented yet for class: org.codehaus.groovy.ast.expr.EmptyExpression>: null

15-11-2024T09:24:16 - [TEST_STEP][PASSED] - page2 = <not implemented yet for class: org.codehaus.groovy.ast.expr.EmptyExpression>: null

15-11-2024T09:24:16 - [TEST_STEP][PASSED] - filialNumberInRow = <not implemented yet for class: org.codehaus.groovy.ast.expr.EmptyExpression>: null

15-11-2024T09:24:16 - [TEST_STEP][PASSED] - filialsDzoNames = <not implemented yet for class: org.codehaus.groovy.ast.expr.EmptyExpression>: null

15-11-2024T09:24:16 - [TEST_STEP][PASSED] - numberOfFilials = <not implemented yet for class: org.codehaus.groovy.ast.expr.EmptyExpression>: null

15-11-2024T09:24:16 - [TEST_STEP][PASSED] - numberOfSpaces = <not implemented yet for class: org.codehaus.groovy.ast.expr.EmptyExpression>: null

15-11-2024T09:24:16 - [TEST_STEP][PASSED] - file = <not implemented yet for class: org.codehaus.groovy.ast.expr.EmptyExpression>: null

15-11-2024T09:24:16 - [TEST_STEP][PASSED] - otpusk = <not implemented yet for class: org.codehaus.groovy.ast.expr.EmptyExpression>: null

15-11-2024T09:24:16 - [TEST_STEP][PASSED] - poteri = <not implemented yet for class: org.codehaus.groovy.ast.expr.EmptyExpression>: null

15-11-2024T09:24:16 - [TEST_STEP][PASSED] - dataFolder = "Выполнение бизнес-плана/Значения со страницы Выполнение бизнес-плана/": null

15-11-2024T09:24:16 - [TEST_STEP][PASSED] - path = <not implemented yet for class: org.codehaus.groovy.ast.expr.EmptyExpression>: null

15-11-2024T09:24:16 - [TEST_STEP][PASSED] - typeOfDataMain = <not implemented yet for class: org.codehaus.groovy.ast.expr.EmptyExpression>: null

15-11-2024T09:24:16 - [TEST_STEP][PASSED] - fileOtpuskVSet = <not implemented yet for class: org.codehaus.groovy.ast.expr.EmptyExpression>: null

15-11-2024T09:24:16 - [TEST_STEP][PASSED] - pageOtpuskVSet = <not implemented yet for class: org.codehaus.groovy.ast.expr.EmptyExpression>: null

15-11-2024T09:24:16 - [TEST_STEP][PASSED] - filePoteri = <not implemented yet for class: org.codehaus.groovy.ast.expr.EmptyExpression>: null

15-11-2024T09:24:16 - [TEST_STEP][PASSED] - pagePoteri = <not implemented yet for class: org.codehaus.groovy.ast.expr.EmptyExpression>: null

15-11-2024T09:24:16 - [TEST_STEP][PASSED] - compare = <not implemented yet for class: org.codehaus.groovy.ast.expr.EmptyExpression>: null

15-11-2024T09:24:16 - [TEST_STEP][PASSED] - b = <not implemented yet for class: org.codehaus.groovy.ast.expr.EmptyExpression>: null

15-11-2024T09:24:16 - [TEST_STEP][PASSED] - i = <not implemented yet for class: org.codehaus.groovy.ast.expr.EmptyExpression>: null

15-11-2024T09:24:16 - [TEST_STEP][PASSED] - ii = <not implemented yet for class: org.codehaus.groovy.ast.expr.EmptyExpression>: null

15-11-2024T09:24:16 - [TEST_STEP][PASSED] - c = <not implemented yet for class: org.codehaus.groovy.ast.expr.EmptyExpression>: null

15-11-2024T09:24:16 - [TEST_STEP][PASSED] - numberOfErrors = 0: null

15-11-2024T09:24:16 - [TEST_STEP][PASSED] - if (a == 82): null

15-11-2024T09:24:16 - [TEST_STEP][PASSED] - b = findTestData("PlanFact").getValue(1, a): null

15-11-2024T09:24:17 - [TEST_STEP][PASSED] - i = b.indexOf(" (ГК)"): null

15-11-2024T09:24:17 - [TEST_STEP][PASSED] - if (i > -1): null

15-11-2024T09:24:17 - [TEST_STEP][PASSED] - i = b.indexOf("О ""): null

15-11-2024T09:24:17 - [TEST_STEP][PASSED] - if (i > -1): null

15-11-2024T09:24:17 - [TEST_STEP][PASSED] - i = b.indexOf("О «"): null

15-11-2024T09:24:17 - [TEST_STEP][PASSED] - if (i > -1): null

15-11-2024T09:24:17 - [TEST_STEP][PASSED] - i = b.indexOf("г. "): null

15-11-2024T09:24:17 - [TEST_STEP][PASSED] - if (i > -1): null

15-11-2024T09:24:17 - [TEST_STEP][PASSED] - println(b): null

15-11-2024T09:24:17 - [TEST_STEP][PASSED] - for ([planFact = 1, planFact < 3, (planFact++)]): Object: 'Object Repository/Выполнение бизнес-плана/Кнопка Факт' is clicked on

15-11-2024T09:24:17 - [TEST_STEP][PASSED] - if (planFact == 1): null

15-11-2024T09:24:17 - [TEST_STEP][PASSED] - typeOfDataMain = "Факт": null

15-11-2024T09:24:17 - [TEST_STEP][PASSED] - otpusk = findTestData("PlanFact").getValue(5, a): null

15-11-2024T09:24:17 - [TEST_STEP][PASSED] - poteri = findTestData("PlanFact").getValue(6, a): null

15-11-2024T09:24:17 - [TEST_STEP][PASSED] - otpusk = otpusk.replaceAll("\s+", ""): null

15-11-2024T09:24:17 - [TEST_STEP][PASSED] - poteri = poteri.replaceAll("\s+", ""): null

15-11-2024T09:24:17 - [TEST_STEP][PASSED] - typeOfData = typeOfDataMain + " Отпуск в сеть": null

15-11-2024T09:24:17 - [TEST_STEP][PASSED] - if (a == 82): null

15-11-2024T09:24:17 - [TEST_STEP][PASSED] - else if (a == 84): null

15-11-2024T09:24:17 - [TEST_STEP][PASSED] - else if (a == 52 || a == 72 || a == 28 || a == 73 || a == 77 || a == 74 || a == 65 || a == 36 || a == 44 || a == 53 || a == 80 || a == 54 || a == 1 || a == 18 || a == 59 || a == 81): null

15-11-2024T09:24:17 - [TEST_STEP][PASSED] - else: null

15-11-2024T09:24:17 - [TEST_STEP][PASSED] - path = dataFolder + typeOfData + " за отчётный период " + b: null

15-11-2024T09:24:17 - [TEST_STEP][PASSED] - println(path): null

15-11-2024T09:24:17 - [TEST_STEP][PASSED] - page = getText(findTestObject(path)): Text of object 'Object Repository/Выполнение бизнес-плана/Значения со страницы Выполнение бизнес-плана/Факт Отпуск в сеть за отчётный период Бурятэнерго' is: '3 766 037'

15-11-2024T09:24:17 - [MESSAGE][PASSED] - Text of object 'Object Repository/Выполнение бизнес-плана/Значения со страницы Выполнение бизнес-плана/Факт Отпуск в сеть за отчётный период Бурятэнерго' is: '3 766 037'

15-11-2024T09:24:17 - [TEST_STEP][PASSED] - page = page.replaceAll("\s+", ""): null

15-11-2024T09:24:17 - [TEST_STEP][PASSED] - fileOtpuskVSet = otpusk.toInteger(): null

15-11-2024T09:24:17 - [TEST_STEP][PASSED] - pageOtpuskVSet = page.toInteger(): null

15-11-2024T09:24:17 - [TEST_STEP][PASSED] - typeOfData = typeOfDataMain + " Потери": null

15-11-2024T09:24:17 - [TEST_STEP][PASSED] - if (a == 82): null

15-11-2024T09:24:17 - [TEST_STEP][PASSED] - else if (a == 84): null

15-11-2024T09:24:17 - [TEST_STEP][PASSED] - else if (a == 52 || a == 72 || a == 28 || a == 73 || a == 77 || a == 74 || a == 65 || a == 36 || a == 44 || a == 53 || a == 80 || a == 54 || a == 1 || a == 18 || a == 59 || a == 81): null

15-11-2024T09:24:17 - [TEST_STEP][PASSED] - else: null

15-11-2024T09:24:17 - [TEST_STEP][PASSED] - path = dataFolder + typeOfData + " за отчётный период " + b: null

15-11-2024T09:24:17 - [TEST_STEP][PASSED] - page = getText(findTestObject(path)): Text of object 'Object Repository/Выполнение бизнес-плана/Значения со страницы Выполнение бизнес-плана/Факт Потери за отчётный период Бурятэнерго' is: '403 447'

15-11-2024T09:24:17 - [MESSAGE][PASSED] - Text of object 'Object Repository/Выполнение бизнес-плана/Значения со страницы Выполнение бизнес-плана/Факт Потери за отчётный период Бурятэнерго' is: '403 447'

15-11-2024T09:24:17 - [TEST_STEP][PASSED] - page = page.replaceAll("\s+", ""): null

15-11-2024T09:24:17 - [TEST_STEP][PASSED] - filePoteri = poteri.toInteger(): null

15-11-2024T09:24:17 - [TEST_STEP][PASSED] - pagePoteri = page.toInteger(): null

15-11-2024T09:24:17 - [TEST_STEP][PASSED] - compare = pageOtpuskVSet: null

15-11-2024T09:24:17 - [TEST_STEP][PASSED] - if (compare == fileOtpuskVSet): null

15-11-2024T09:24:17 - [TEST_STEP][PASSED] - if (compare == fileOtpuskVSet): null

15-11-2024T09:24:17 - [TEST_STEP][PASSED] - compare = pagePoteri: null

15-11-2024T09:24:17 - [TEST_STEP][PASSED] - if (compare == filePoteri): null

15-11-2024T09:24:17 - [TEST_STEP][PASSED] - if (compare == filePoteri): null

15-11-2024T09:24:17 - [TEST_STEP][PASSED] - if (planFact == 2): null

15-11-2024T09:24:17 - [TEST_STEP][PASSED] - if (planFact == 1): null

15-11-2024T09:24:17 - [TEST_STEP][PASSED] - else if (planFact == 2): null

15-11-2024T09:24:17 - [TEST_STEP][PASSED] - click(findTestObject("Выполнение бизнес-плана/Кнопка План")): Object: 'Object Repository/Выполнение бизнес-плана/Кнопка План' is clicked on

15-11-2024T09:24:18 - [MESSAGE][PASSED] - Object: 'Object Repository/Выполнение бизнес-плана/Кнопка План' is clicked on

15-11-2024T09:24:18 - [TEST_STEP][PASSED] - typeOfDataMain = "План": null

15-11-2024T09:24:18 - [TEST_STEP][PASSED] - otpusk = findTestData("PlanFact").getValue(2, a): null

15-11-2024T09:24:18 - [TEST_STEP][PASSED] - poteri = findTestData("PlanFact").getValue(3, a): null

15-11-2024T09:24:18 - [TEST_STEP][PASSED] - otpusk = otpusk.replaceAll("\s+", ""): null

15-11-2024T09:24:18 - [TEST_STEP][PASSED] - poteri = poteri.replaceAll("\s+", ""): null

15-11-2024T09:24:18 - [TEST_STEP][PASSED] - typeOfData = typeOfDataMain + " Отпуск в сеть": null

15-11-2024T09:24:18 - [TEST_STEP][PASSED] - if (a == 82): null

15-11-2024T09:24:18 - [TEST_STEP][PASSED] - else if (a == 84): null

15-11-2024T09:24:18 - [TEST_STEP][PASSED] - else if (a == 52 || a == 72 || a == 28 || a == 73 || a == 77 || a == 74 || a == 65 || a == 36 || a == 44 || a == 53 || a == 80 || a == 54 || a == 1 || a == 18 || a == 59 || a == 81): null

15-11-2024T09:24:18 - [TEST_STEP][PASSED] - else: null

15-11-2024T09:24:18 - [TEST_STEP][PASSED] - path = dataFolder + typeOfData + " за отчётный период " + b: null

15-11-2024T09:24:18 - [TEST_STEP][PASSED] - println(path): null

15-11-2024T09:24:18 - [TEST_STEP][PASSED] - page = getText(findTestObject(path)): Text of object 'Object Repository/Выполнение бизнес-плана/Значения со страницы Выполнение бизнес-плана/План Отпуск в сеть за отчётный период Бурятэнерго' is: '3 621 111'

15-11-2024T09:24:18 - [MESSAGE][PASSED] - Text of object 'Object Repository/Выполнение бизнес-плана/Значения со страницы Выполнение бизнес-плана/План Отпуск в сеть за отчётный период Бурятэнерго' is: '3 621 111'

15-11-2024T09:24:18 - [TEST_STEP][PASSED] - page = page.replaceAll("\s+", ""): null

15-11-2024T09:24:18 - [TEST_STEP][PASSED] - fileOtpuskVSet = otpusk.toInteger(): null

15-11-2024T09:24:18 - [TEST_STEP][PASSED] - pageOtpuskVSet = page.toInteger(): null

15-11-2024T09:24:18 - [TEST_STEP][PASSED] - typeOfData = typeOfDataMain + " Потери": null

15-11-2024T09:24:18 - [TEST_STEP][PASSED] - if (a == 82): null

15-11-2024T09:24:18 - [TEST_STEP][PASSED] - else if (a == 84): null

15-11-2024T09:24:18 - [TEST_STEP][PASSED] - else if (a == 52 || a == 72 || a == 28 || a == 73 || a == 77 || a == 74 || a == 65 || a == 36 || a == 44 || a == 53 || a == 80 || a == 54 || a == 1 || a == 18 || a == 59 || a == 81): null

15-11-2024T09:24:18 - [TEST_STEP][PASSED] - else: null

15-11-2024T09:24:18 - [TEST_STEP][PASSED] - path = dataFolder + typeOfData + " за отчётный период " + b: null

15-11-2024T09:24:18 - [TEST_STEP][PASSED] - page = getText(findTestObject(path)): Text of object 'Object Repository/Выполнение бизнес-плана/Значения со страницы Выполнение бизнес-плана/План Потери за отчётный период Бурятэнерго' is: '373 445'

15-11-2024T09:24:18 - [MESSAGE][PASSED] - Text of object 'Object Repository/Выполнение бизнес-плана/Значения со страницы Выполнение бизнес-плана/План Потери за отчётный период Бурятэнерго' is: '373 445'

15-11-2024T09:24:18 - [TEST_STEP][PASSED] - page = page.replaceAll("\s+", ""): null

15-11-2024T09:24:18 - [TEST_STEP][PASSED] - filePoteri = poteri.toInteger(): null

15-11-2024T09:24:18 - [TEST_STEP][PASSED] - pagePoteri = page.toInteger(): null

15-11-2024T09:24:18 - [TEST_STEP][PASSED] - compare = pageOtpuskVSet: null

15-11-2024T09:24:18 - [TEST_STEP][PASSED] - if (compare == fileOtpuskVSet): null

15-11-2024T09:24:18 - [TEST_STEP][PASSED] - if (compare == fileOtpuskVSet): null

15-11-2024T09:24:18 - [TEST_STEP][PASSED] - compare = pagePoteri: null

15-11-2024T09:24:18 - [TEST_STEP][PASSED] - if (compare == filePoteri): null

15-11-2024T09:24:18 - [TEST_STEP][PASSED] - if (compare == filePoteri): null

15-11-2024T09:24:18 - [TEST_STEP][PASSED] - if (planFact == 2): Object: 'Object Repository/Выполнение бизнес-плана/Кнопка Факт' is clicked on

15-11-2024T09:24:18 - [TEST_STEP][PASSED] - click(findTestObject("Выполнение бизнес-плана/Кнопка Факт")): Object: 'Object Repository/Выполнение бизнес-плана/Кнопка Факт' is clicked on

15-11-2024T09:24:19 - [MESSAGE][PASSED] - Object: 'Object Repository/Выполнение бизнес-плана/Кнопка Факт' is clicked on

15-11-2024T09:24:19 - [TEST_STEP][PASSED] - if (a == 84 || a == 82): null

15-11-2024T09:24:19 - [TEST_STEP][PASSED] - else if (a == 52 || a == 72 || a == 28 || a == 73 || a == 77 || a == 74 || a == 65 || a == 36 || a == 44 || a == 53 || a == 80 || a == 54 || a == 1 || a == 18 || a == 59 || a == 81): null

15-11-2024T09:24:19 - [TEST_STEP][PASSED] - else: null

15-11-2024T09:24:19 - [TEST_STEP][PASSED] - page1 = getText(findTestObject("Object Repository/Выполнение бизнес-плана/spanPlan" + filialNum)): Text of object 'Object Repository/Выполнение бизнес-плана/spanPlan2' is: '10.31
|'

15-11-2024T09:24:19 - [MESSAGE][PASSED] - Text of object 'Object Repository/Выполнение бизнес-плана/spanPlan2' is: '10.31
|'

15-11-2024T09:24:19 - [TEST_STEP][PASSED] - page1 = page1.replace("|", ""): null

15-11-2024T09:24:19 - [TEST_STEP][PASSED] - page2 = getText(findTestObject("Object Repository/Выполнение бизнес-плана/spanFact" + filialNum)): Text of object 'Object Repository/Выполнение бизнес-плана/spanFact2' is: '10.71
|'

15-11-2024T09:24:19 - [MESSAGE][PASSED] - Text of object 'Object Repository/Выполнение бизнес-плана/spanFact2' is: '10.71
|'

15-11-2024T09:24:19 - [TEST_STEP][PASSED] - page2 = page2.replace("|", ""): null

15-11-2024T09:24:19 - [TEST_STEP][PASSED] - println("page1: " + page1): null

15-11-2024T09:24:19 - [TEST_STEP][PASSED] - println("page2: " + page2): null

15-11-2024T09:24:19 - [TEST_STEP][PASSED] - file = findTestData("PlanFact").getValue(4, a): null

15-11-2024T09:24:19 - [TEST_STEP][PASSED] - file = file.replace(",", "."): null

15-11-2024T09:24:19 - [TEST_STEP][PASSED] - println("file Plan: " + file): null

15-11-2024T09:24:19 - [TEST_STEP][PASSED] - typeOfData = "План в процентах": null

15-11-2024T09:24:19 - [TEST_STEP][PASSED] - fileDouble = file.toDouble(): null

15-11-2024T09:24:19 - [TEST_STEP][PASSED] - pageDouble = page1.toDouble(): null

15-11-2024T09:24:19 - [TEST_STEP][PASSED] - if (fileDouble != pageDouble): null

15-11-2024T09:24:19 - [TEST_STEP][PASSED] - file = findTestData("PlanFact").getValue(7, a): null

15-11-2024T09:24:19 - [TEST_STEP][PASSED] - file = file.replace(",", "."): null

15-11-2024T09:24:19 - [TEST_STEP][PASSED] - println("file Fact: " + file): null

15-11-2024T09:24:19 - [TEST_STEP][PASSED] - fileDouble = file.toDouble(): null

15-11-2024T09:24:19 - [TEST_STEP][PASSED] - typeOfData = "Факт в процентах": null

15-11-2024T09:24:19 - [TEST_STEP][PASSED] - fileDouble = file.toDouble(): null

15-11-2024T09:24:19 - [TEST_STEP][PASSED] - pageDouble = page2.toDouble(): null

15-11-2024T09:24:19 - [TEST_STEP][PASSED] - if (fileDouble != pageDouble): null

15-11-2024T09:24:19 - [TEST_STEP][PASSED] - if (verifyEqual(numberOfErrors, 0) == false): Actual object '0' and expected object '0' are equal

15-11-2024T09:24:19 - [MESSAGE][PASSED] - Actual object '0' and expected object '0' are equal

15-11-2024T09:24:19 - [TEST_STEP][PASSED] - if (a == 82): null

15-11-2024T09:24:19 - [TEST_STEP][PASSED] - dZO = "Красноярскэнерго": null

15-11-2024T09:24:19 - [TEST_STEP][PASSED] - a = 47: null

15-11-2024T09:24:19 - [TEST_STEP][PASSED] - if (x2.contains(dZO)): null

15-11-2024T09:24:19 - [TEST_STEP][PASSED] - filialNum = filialNum + 1: null

15-11-2024T09:24:19 - [TEST_STEP][PASSED] - Script1718980020443.Numbers(a, typeOfData, todaysDate, pageInt, fileInt, pageDouble, fileDouble, dZO, dzoNum, filialNum): null

15-11-2024T09:24:19 - [TEST_STEP][PASSED] - println(dzoNum): null

15-11-2024T09:24:19 - [TEST_STEP][PASSED] - planFact = <not implemented yet for class: org.codehaus.groovy.ast.expr.EmptyExpression>: null

15-11-2024T09:24:19 - [TEST_STEP][PASSED] - page = <not implemented yet for class: org.codehaus.groovy.ast.expr.EmptyExpression>: null

15-11-2024T09:24:19 - [TEST_STEP][PASSED] - page1 = <not implemented yet for class: org.codehaus.groovy.ast.expr.EmptyExpression>: null

15-11-2024T09:24:19 - [TEST_STEP][PASSED] - page2 = <not implemented yet for class: org.codehaus.groovy.ast.expr.EmptyExpression>: null

15-11-2024T09:24:19 - [TEST_STEP][PASSED] - filialNumberInRow = <not implemented yet for class: org.codehaus.groovy.ast.expr.EmptyExpression>: null

15-11-2024T09:24:19 - [TEST_STEP][PASSED] - filialsDzoNames = <not implemented yet for class: org.codehaus.groovy.ast.expr.EmptyExpression>: null

15-11-2024T09:24:19 - [TEST_STEP][PASSED] - numberOfFilials = <not implemented yet for class: org.codehaus.groovy.ast.expr.EmptyExpression>: null

15-11-2024T09:24:19 - [TEST_STEP][PASSED] - numberOfSpaces = <not implemented yet for class: org.codehaus.groovy.ast.expr.EmptyExpression>: null

15-11-2024T09:24:19 - [TEST_STEP][PASSED] - file = <not implemented yet for class: org.codehaus.groovy.ast.expr.EmptyExpression>: null

15-11-2024T09:24:19 - [TEST_STEP][PASSED] - otpusk = <not implemented yet for class: org.codehaus.groovy.ast.expr.EmptyExpression>: null

15-11-2024T09:24:19 - [TEST_STEP][PASSED] - poteri = <not implemented yet for class: org.codehaus.groovy.ast.expr.EmptyExpression>: null

15-11-2024T09:24:19 - [TEST_STEP][PASSED] - dataFolder = "Выполнение бизнес-плана/Значения со страницы Выполнение бизнес-плана/": null

15-11-2024T09:24:19 - [TEST_STEP][PASSED] - path = <not implemented yet for class: org.codehaus.groovy.ast.expr.EmptyExpression>: null

15-11-2024T09:24:19 - [TEST_STEP][PASSED] - typeOfDataMain = <not implemented yet for class: org.codehaus.groovy.ast.expr.EmptyExpression>: null

15-11-2024T09:24:19 - [TEST_STEP][PASSED] - fileOtpuskVSet = <not implemented yet for class: org.codehaus.groovy.ast.expr.EmptyExpression>: null

15-11-2024T09:24:19 - [TEST_STEP][PASSED] - pageOtpuskVSet = <not implemented yet for class: org.codehaus.groovy.ast.expr.EmptyExpression>: null

15-11-2024T09:24:19 - [TEST_STEP][PASSED] - filePoteri = <not implemented yet for class: org.codehaus.groovy.ast.expr.EmptyExpression>: null

15-11-2024T09:24:19 - [TEST_STEP][PASSED] - pagePoteri = <not implemented yet for class: org.codehaus.groovy.ast.expr.EmptyExpression>: null

15-11-2024T09:24:19 - [TEST_STEP][PASSED] - compare = <not implemented yet for class: org.codehaus.groovy.ast.expr.EmptyExpression>: null

15-11-2024T09:24:19 - [TEST_STEP][PASSED] - b = <not implemented yet for class: org.codehaus.groovy.ast.expr.EmptyExpression>: null

15-11-2024T09:24:19 - [TEST_STEP][PASSED] - i = <not implemented yet for class: org.codehaus.groovy.ast.expr.EmptyExpression>: null

15-11-2024T09:24:19 - [TEST_STEP][PASSED] - ii = <not implemented yet for class: org.codehaus.groovy.ast.expr.EmptyExpression>: null

15-11-2024T09:24:19 - [TEST_STEP][PASSED] - c = <not implemented yet for class: org.codehaus.groovy.ast.expr.EmptyExpression>: null

15-11-2024T09:24:19 - [TEST_STEP][PASSED] - numberOfErrors = 0: null

15-11-2024T09:24:19 - [TEST_STEP][PASSED] - if (a == 82): null

15-11-2024T09:24:19 - [TEST_STEP][PASSED] - b = findTestData("PlanFact").getValue(1, a): null

15-11-2024T09:24:19 - [TEST_STEP][PASSED] - i = b.indexOf(" (ГК)"): null

15-11-2024T09:24:19 - [TEST_STEP][PASSED] - if (i > -1): null

15-11-2024T09:24:19 - [TEST_STEP][PASSED] - i = b.indexOf("О ""): null

15-11-2024T09:24:19 - [TEST_STEP][PASSED] - if (i > -1): null

15-11-2024T09:24:19 - [TEST_STEP][PASSED] - i = b.indexOf("О «"): null

15-11-2024T09:24:19 - [TEST_STEP][PASSED] - if (i > -1): null

15-11-2024T09:24:19 - [TEST_STEP][PASSED] - i = b.indexOf("г. "): null

15-11-2024T09:24:19 - [TEST_STEP][PASSED] - if (i > -1): null

15-11-2024T09:24:19 - [TEST_STEP][PASSED] - println(b): null

15-11-2024T09:24:19 - [TEST_STEP][PASSED] - for ([planFact = 1, planFact < 3, (planFact++)]): Object: 'Object Repository/Выполнение бизнес-плана/Кнопка Факт' is clicked on

15-11-2024T09:24:19 - [TEST_STEP][PASSED] - if (planFact == 1): null

15-11-2024T09:24:19 - [TEST_STEP][PASSED] - typeOfDataMain = "Факт": null

15-11-2024T09:24:19 - [TEST_STEP][PASSED] - otpusk = findTestData("PlanFact").getValue(5, a): null

15-11-2024T09:24:20 - [TEST_STEP][PASSED] - poteri = findTestData("PlanFact").getValue(6, a): null

15-11-2024T09:24:20 - [TEST_STEP][PASSED] - otpusk = otpusk.replaceAll("\s+", ""): null

15-11-2024T09:24:20 - [TEST_STEP][PASSED] - poteri = poteri.replaceAll("\s+", ""): null

15-11-2024T09:24:20 - [TEST_STEP][PASSED] - typeOfData = typeOfDataMain + " Отпуск в сеть": null

15-11-2024T09:24:20 - [TEST_STEP][PASSED] - if (a == 82): null

15-11-2024T09:24:20 - [TEST_STEP][PASSED] - else if (a == 84): null

15-11-2024T09:24:20 - [TEST_STEP][PASSED] - else if (a == 52 || a == 72 || a == 28 || a == 73 || a == 77 || a == 74 || a == 65 || a == 36 || a == 44 || a == 53 || a == 80 || a == 54 || a == 1 || a == 18 || a == 59 || a == 81): null

15-11-2024T09:24:20 - [TEST_STEP][PASSED] - else: null

15-11-2024T09:24:20 - [TEST_STEP][PASSED] - path = dataFolder + typeOfData + " за отчётный период " + b: null

15-11-2024T09:24:20 - [TEST_STEP][PASSED] - println(path): null

15-11-2024T09:24:20 - [TEST_STEP][PASSED] - page = getText(findTestObject(path)): Text of object 'Object Repository/Выполнение бизнес-плана/Значения со страницы Выполнение бизнес-плана/Факт Отпуск в сеть за отчётный период Красноярскэнерго' is: '10 907 615'

15-11-2024T09:24:20 - [MESSAGE][PASSED] - Text of object 'Object Repository/Выполнение бизнес-плана/Значения со страницы Выполнение бизнес-плана/Факт Отпуск в сеть за отчётный период Красноярскэнерго' is: '10 907 615'

15-11-2024T09:24:20 - [TEST_STEP][PASSED] - page = page.replaceAll("\s+", ""): null

15-11-2024T09:24:20 - [TEST_STEP][PASSED] - fileOtpuskVSet = otpusk.toInteger(): null

15-11-2024T09:24:20 - [TEST_STEP][PASSED] - pageOtpuskVSet = page.toInteger(): null

15-11-2024T09:24:20 - [TEST_STEP][PASSED] - typeOfData = typeOfDataMain + " Потери": null

15-11-2024T09:24:20 - [TEST_STEP][PASSED] - if (a == 82): null

15-11-2024T09:24:20 - [TEST_STEP][PASSED] - else if (a == 84): null

15-11-2024T09:24:20 - [TEST_STEP][PASSED] - else if (a == 52 || a == 72 || a == 28 || a == 73 || a == 77 || a == 74 || a == 65 || a == 36 || a == 44 || a == 53 || a == 80 || a == 54 || a == 1 || a == 18 || a == 59 || a == 81): null

15-11-2024T09:24:20 - [TEST_STEP][PASSED] - else: null

15-11-2024T09:24:20 - [TEST_STEP][PASSED] - path = dataFolder + typeOfData + " за отчётный период " + b: null

15-11-2024T09:24:20 - [TEST_STEP][PASSED] - page = getText(findTestObject(path)): Text of object 'Object Repository/Выполнение бизнес-плана/Значения со страницы Выполнение бизнес-плана/Факт Потери за отчётный период Красноярскэнерго' is: '1 002 042'

15-11-2024T09:24:20 - [MESSAGE][PASSED] - Text of object 'Object Repository/Выполнение бизнес-плана/Значения со страницы Выполнение бизнес-плана/Факт Потери за отчётный период Красноярскэнерго' is: '1 002 042'

15-11-2024T09:24:20 - [TEST_STEP][PASSED] - page = page.replaceAll("\s+", ""): null

15-11-2024T09:24:20 - [TEST_STEP][PASSED] - filePoteri = poteri.toInteger(): null

15-11-2024T09:24:20 - [TEST_STEP][PASSED] - pagePoteri = page.toInteger(): null

15-11-2024T09:24:20 - [TEST_STEP][PASSED] - compare = pageOtpuskVSet: null

15-11-2024T09:24:20 - [TEST_STEP][PASSED] - if (compare == fileOtpuskVSet): null

15-11-2024T09:24:20 - [TEST_STEP][PASSED] - if (compare == fileOtpuskVSet): null

15-11-2024T09:24:20 - [TEST_STEP][PASSED] - compare = pagePoteri: null

15-11-2024T09:24:20 - [TEST_STEP][PASSED] - if (compare == filePoteri): null

15-11-2024T09:24:20 - [TEST_STEP][PASSED] - if (compare == filePoteri): null

15-11-2024T09:24:20 - [TEST_STEP][PASSED] - if (planFact == 2): null

15-11-2024T09:24:20 - [TEST_STEP][PASSED] - if (planFact == 1): null

15-11-2024T09:24:20 - [TEST_STEP][PASSED] - else if (planFact == 2): null

15-11-2024T09:24:20 - [TEST_STEP][PASSED] - click(findTestObject("Выполнение бизнес-плана/Кнопка План")): Object: 'Object Repository/Выполнение бизнес-плана/Кнопка План' is clicked on

15-11-2024T09:24:21 - [MESSAGE][PASSED] - Object: 'Object Repository/Выполнение бизнес-плана/Кнопка План' is clicked on

15-11-2024T09:24:21 - [TEST_STEP][PASSED] - typeOfDataMain = "План": null

15-11-2024T09:24:21 - [TEST_STEP][PASSED] - otpusk = findTestData("PlanFact").getValue(2, a): null

15-11-2024T09:24:21 - [TEST_STEP][PASSED] - poteri = findTestData("PlanFact").getValue(3, a): null

15-11-2024T09:24:21 - [TEST_STEP][PASSED] - otpusk = otpusk.replaceAll("\s+", ""): null

15-11-2024T09:24:21 - [TEST_STEP][PASSED] - poteri = poteri.replaceAll("\s+", ""): null

15-11-2024T09:24:21 - [TEST_STEP][PASSED] - typeOfData = typeOfDataMain + " Отпуск в сеть": null

15-11-2024T09:24:21 - [TEST_STEP][PASSED] - if (a == 82): null

15-11-2024T09:24:21 - [TEST_STEP][PASSED] - else if (a == 84): null

15-11-2024T09:24:21 - [TEST_STEP][PASSED] - else if (a == 52 || a == 72 || a == 28 || a == 73 || a == 77 || a == 74 || a == 65 || a == 36 || a == 44 || a == 53 || a == 80 || a == 54 || a == 1 || a == 18 || a == 59 || a == 81): null

15-11-2024T09:24:21 - [TEST_STEP][PASSED] - else: null

15-11-2024T09:24:21 - [TEST_STEP][PASSED] - path = dataFolder + typeOfData + " за отчётный период " + b: null

15-11-2024T09:24:21 - [TEST_STEP][PASSED] - println(path): null

15-11-2024T09:24:21 - [TEST_STEP][PASSED] - page = getText(findTestObject(path)): Text of object 'Object Repository/Выполнение бизнес-плана/Значения со страницы Выполнение бизнес-плана/План Отпуск в сеть за отчётный период Красноярскэнерго' is: '10 242 874'

15-11-2024T09:24:21 - [MESSAGE][PASSED] - Text of object 'Object Repository/Выполнение бизнес-плана/Значения со страницы Выполнение бизнес-плана/План Отпуск в сеть за отчётный период Красноярскэнерго' is: '10 242 874'

15-11-2024T09:24:21 - [TEST_STEP][PASSED] - page = page.replaceAll("\s+", ""): null

15-11-2024T09:24:21 - [TEST_STEP][PASSED] - fileOtpuskVSet = otpusk.toInteger(): null

15-11-2024T09:24:21 - [TEST_STEP][PASSED] - pageOtpuskVSet = page.toInteger(): null

15-11-2024T09:24:21 - [TEST_STEP][PASSED] - typeOfData = typeOfDataMain + " Потери": null

15-11-2024T09:24:21 - [TEST_STEP][PASSED] - if (a == 82): null

15-11-2024T09:24:21 - [TEST_STEP][PASSED] - else if (a == 84): null

15-11-2024T09:24:21 - [TEST_STEP][PASSED] - else if (a == 52 || a == 72 || a == 28 || a == 73 || a == 77 || a == 74 || a == 65 || a == 36 || a == 44 || a == 53 || a == 80 || a == 54 || a == 1 || a == 18 || a == 59 || a == 81): null

15-11-2024T09:24:21 - [TEST_STEP][PASSED] - else: null

15-11-2024T09:24:21 - [TEST_STEP][PASSED] - path = dataFolder + typeOfData + " за отчётный период " + b: null

15-11-2024T09:24:21 - [TEST_STEP][PASSED] - page = getText(findTestObject(path)): Text of object 'Object Repository/Выполнение бизнес-плана/Значения со страницы Выполнение бизнес-плана/План Потери за отчётный период Красноярскэнерго' is: '952 570'

15-11-2024T09:24:21 - [MESSAGE][PASSED] - Text of object 'Object Repository/Выполнение бизнес-плана/Значения со страницы Выполнение бизнес-плана/План Потери за отчётный период Красноярскэнерго' is: '952 570'

15-11-2024T09:24:21 - [TEST_STEP][PASSED] - page = page.replaceAll("\s+", ""): null

15-11-2024T09:24:21 - [TEST_STEP][PASSED] - filePoteri = poteri.toInteger(): null

15-11-2024T09:24:21 - [TEST_STEP][PASSED] - pagePoteri = page.toInteger(): null

15-11-2024T09:24:21 - [TEST_STEP][PASSED] - compare = pageOtpuskVSet: null

15-11-2024T09:24:21 - [TEST_STEP][PASSED] - if (compare == fileOtpuskVSet): null

15-11-2024T09:24:21 - [TEST_STEP][PASSED] - if (compare == fileOtpuskVSet): null

15-11-2024T09:24:21 - [TEST_STEP][PASSED] - compare = pagePoteri: null

15-11-2024T09:24:21 - [TEST_STEP][PASSED] - if (compare == filePoteri): null

15-11-2024T09:24:21 - [TEST_STEP][PASSED] - if (compare == filePoteri): null

15-11-2024T09:24:21 - [TEST_STEP][PASSED] - if (planFact == 2): Object: 'Object Repository/Выполнение бизнес-плана/Кнопка Факт' is clicked on

15-11-2024T09:24:21 - [TEST_STEP][PASSED] - click(findTestObject("Выполнение бизнес-плана/Кнопка Факт")): Object: 'Object Repository/Выполнение бизнес-плана/Кнопка Факт' is clicked on

15-11-2024T09:24:22 - [MESSAGE][PASSED] - Object: 'Object Repository/Выполнение бизнес-плана/Кнопка Факт' is clicked on

15-11-2024T09:24:22 - [TEST_STEP][PASSED] - if (a == 84 || a == 82): null

15-11-2024T09:24:22 - [TEST_STEP][PASSED] - else if (a == 52 || a == 72 || a == 28 || a == 73 || a == 77 || a == 74 || a == 65 || a == 36 || a == 44 || a == 53 || a == 80 || a == 54 || a == 1 || a == 18 || a == 59 || a == 81): null

15-11-2024T09:24:22 - [TEST_STEP][PASSED] - else: null

15-11-2024T09:24:22 - [TEST_STEP][PASSED] - page1 = getText(findTestObject("Object Repository/Выполнение бизнес-плана/spanPlan" + filialNum)): Text of object 'Object Repository/Выполнение бизнес-плана/spanPlan3' is: '9.30
|'

15-11-2024T09:24:22 - [MESSAGE][PASSED] - Text of object 'Object Repository/Выполнение бизнес-плана/spanPlan3' is: '9.30
|'

15-11-2024T09:24:22 - [TEST_STEP][PASSED] - page1 = page1.replace("|", ""): null

15-11-2024T09:24:22 - [TEST_STEP][PASSED] - page2 = getText(findTestObject("Object Repository/Выполнение бизнес-плана/spanFact" + filialNum)): Text of object 'Object Repository/Выполнение бизнес-плана/spanFact3' is: '9.19
|'

15-11-2024T09:24:22 - [MESSAGE][PASSED] - Text of object 'Object Repository/Выполнение бизнес-плана/spanFact3' is: '9.19
|'

15-11-2024T09:24:22 - [TEST_STEP][PASSED] - page2 = page2.replace("|", ""): null

15-11-2024T09:24:22 - [TEST_STEP][PASSED] - println("page1: " + page1): null

15-11-2024T09:24:22 - [TEST_STEP][PASSED] - println("page2: " + page2): null

15-11-2024T09:24:22 - [TEST_STEP][PASSED] - file = findTestData("PlanFact").getValue(4, a): null

15-11-2024T09:24:22 - [TEST_STEP][PASSED] - file = file.replace(",", "."): null

15-11-2024T09:24:22 - [TEST_STEP][PASSED] - println("file Plan: " + file): null

15-11-2024T09:24:22 - [TEST_STEP][PASSED] - typeOfData = "План в процентах": null

15-11-2024T09:24:22 - [TEST_STEP][PASSED] - fileDouble = file.toDouble(): null

15-11-2024T09:24:22 - [TEST_STEP][PASSED] - pageDouble = page1.toDouble(): null

15-11-2024T09:24:22 - [TEST_STEP][PASSED] - if (fileDouble != pageDouble): null

15-11-2024T09:24:22 - [TEST_STEP][PASSED] - file = findTestData("PlanFact").getValue(7, a): null

15-11-2024T09:24:22 - [TEST_STEP][PASSED] - file = file.replace(",", "."): null

15-11-2024T09:24:22 - [TEST_STEP][PASSED] - println("file Fact: " + file): null

15-11-2024T09:24:22 - [TEST_STEP][PASSED] - fileDouble = file.toDouble(): null

15-11-2024T09:24:22 - [TEST_STEP][PASSED] - typeOfData = "Факт в процентах": null

15-11-2024T09:24:22 - [TEST_STEP][PASSED] - fileDouble = file.toDouble(): null

15-11-2024T09:24:22 - [TEST_STEP][PASSED] - pageDouble = page2.toDouble(): null

15-11-2024T09:24:22 - [TEST_STEP][PASSED] - if (fileDouble != pageDouble): null

15-11-2024T09:24:22 - [TEST_STEP][PASSED] - if (verifyEqual(numberOfErrors, 0) == false): Actual object '0' and expected object '0' are equal

15-11-2024T09:24:22 - [MESSAGE][PASSED] - Actual object '0' and expected object '0' are equal

15-11-2024T09:24:22 - [TEST_STEP][PASSED] - if (a == 82): null

15-11-2024T09:24:22 - [TEST_STEP][PASSED] - dZO = "Кузбассэнерго-РЭС": null

15-11-2024T09:24:22 - [TEST_STEP][PASSED] - a = 48: null

15-11-2024T09:24:22 - [TEST_STEP][PASSED] - if (x2.contains(dZO)): null

15-11-2024T09:24:22 - [TEST_STEP][PASSED] - filialNum = filialNum + 1: null

15-11-2024T09:24:22 - [TEST_STEP][PASSED] - Script1718980020443.Numbers(a, typeOfData, todaysDate, pageInt, fileInt, pageDouble, fileDouble, dZO, dzoNum, filialNum): null

15-11-2024T09:24:22 - [TEST_STEP][PASSED] - println(dzoNum): null

15-11-2024T09:24:22 - [TEST_STEP][PASSED] - planFact = <not implemented yet for class: org.codehaus.groovy.ast.expr.EmptyExpression>: null

15-11-2024T09:24:22 - [TEST_STEP][PASSED] - page = <not implemented yet for class: org.codehaus.groovy.ast.expr.EmptyExpression>: null

15-11-2024T09:24:22 - [TEST_STEP][PASSED] - page1 = <not implemented yet for class: org.codehaus.groovy.ast.expr.EmptyExpression>: null

15-11-2024T09:24:22 - [TEST_STEP][PASSED] - page2 = <not implemented yet for class: org.codehaus.groovy.ast.expr.EmptyExpression>: null

15-11-2024T09:24:22 - [TEST_STEP][PASSED] - filialNumberInRow = <not implemented yet for class: org.codehaus.groovy.ast.expr.EmptyExpression>: null

15-11-2024T09:24:22 - [TEST_STEP][PASSED] - filialsDzoNames = <not implemented yet for class: org.codehaus.groovy.ast.expr.EmptyExpression>: null

15-11-2024T09:24:22 - [TEST_STEP][PASSED] - numberOfFilials = <not implemented yet for class: org.codehaus.groovy.ast.expr.EmptyExpression>: null

15-11-2024T09:24:22 - [TEST_STEP][PASSED] - numberOfSpaces = <not implemented yet for class: org.codehaus.groovy.ast.expr.EmptyExpression>: null

15-11-2024T09:24:22 - [TEST_STEP][PASSED] - file = <not implemented yet for class: org.codehaus.groovy.ast.expr.EmptyExpression>: null

15-11-2024T09:24:22 - [TEST_STEP][PASSED] - otpusk = <not implemented yet for class: org.codehaus.groovy.ast.expr.EmptyExpression>: null

15-11-2024T09:24:22 - [TEST_STEP][PASSED] - poteri = <not implemented yet for class: org.codehaus.groovy.ast.expr.EmptyExpression>: null

15-11-2024T09:24:22 - [TEST_STEP][PASSED] - dataFolder = "Выполнение бизнес-плана/Значения со страницы Выполнение бизнес-плана/": null

15-11-2024T09:24:22 - [TEST_STEP][PASSED] - path = <not implemented yet for class: org.codehaus.groovy.ast.expr.EmptyExpression>: null

15-11-2024T09:24:22 - [TEST_STEP][PASSED] - typeOfDataMain = <not implemented yet for class: org.codehaus.groovy.ast.expr.EmptyExpression>: null

15-11-2024T09:24:22 - [TEST_STEP][PASSED] - fileOtpuskVSet = <not implemented yet for class: org.codehaus.groovy.ast.expr.EmptyExpression>: null

15-11-2024T09:24:22 - [TEST_STEP][PASSED] - pageOtpuskVSet = <not implemented yet for class: org.codehaus.groovy.ast.expr.EmptyExpression>: null

15-11-2024T09:24:22 - [TEST_STEP][PASSED] - filePoteri = <not implemented yet for class: org.codehaus.groovy.ast.expr.EmptyExpression>: null

15-11-2024T09:24:22 - [TEST_STEP][PASSED] - pagePoteri = <not implemented yet for class: org.codehaus.groovy.ast.expr.EmptyExpression>: null

15-11-2024T09:24:22 - [TEST_STEP][PASSED] - compare = <not implemented yet for class: org.codehaus.groovy.ast.expr.EmptyExpression>: null

15-11-2024T09:24:22 - [TEST_STEP][PASSED] - b = <not implemented yet for class: org.codehaus.groovy.ast.expr.EmptyExpression>: null

15-11-2024T09:24:22 - [TEST_STEP][PASSED] - i = <not implemented yet for class: org.codehaus.groovy.ast.expr.EmptyExpression>: null

15-11-2024T09:24:22 - [TEST_STEP][PASSED] - ii = <not implemented yet for class: org.codehaus.groovy.ast.expr.EmptyExpression>: null

15-11-2024T09:24:22 - [TEST_STEP][PASSED] - c = <not implemented yet for class: org.codehaus.groovy.ast.expr.EmptyExpression>: null

15-11-2024T09:24:22 - [TEST_STEP][PASSED] - numberOfErrors = 0: null

15-11-2024T09:24:22 - [TEST_STEP][PASSED] - if (a == 82): null

15-11-2024T09:24:22 - [TEST_STEP][PASSED] - b = findTestData("PlanFact").getValue(1, a): null

15-11-2024T09:24:22 - [TEST_STEP][PASSED] - i = b.indexOf(" (ГК)"): null

15-11-2024T09:24:22 - [TEST_STEP][PASSED] - if (i > -1): null

15-11-2024T09:24:22 - [TEST_STEP][PASSED] - i = b.indexOf("О ""): null

15-11-2024T09:24:22 - [TEST_STEP][PASSED] - if (i > -1): null

15-11-2024T09:24:22 - [TEST_STEP][PASSED] - i = b.indexOf("О «"): null

15-11-2024T09:24:22 - [TEST_STEP][PASSED] - if (i > -1): null

15-11-2024T09:24:22 - [TEST_STEP][PASSED] - i = b.indexOf("г. "): null

15-11-2024T09:24:22 - [TEST_STEP][PASSED] - if (i > -1): null

15-11-2024T09:24:22 - [TEST_STEP][PASSED] - println(b): null

15-11-2024T09:24:22 - [TEST_STEP][PASSED] - for ([planFact = 1, planFact < 3, (planFact++)]): Object: 'Object Repository/Выполнение бизнес-плана/Кнопка Факт' is clicked on

15-11-2024T09:24:22 - [TEST_STEP][PASSED] - if (planFact == 1): null

15-11-2024T09:24:22 - [TEST_STEP][PASSED] - typeOfDataMain = "Факт": null

15-11-2024T09:24:22 - [TEST_STEP][PASSED] - otpusk = findTestData("PlanFact").getValue(5, a): null

15-11-2024T09:24:22 - [TEST_STEP][PASSED] - poteri = findTestData("PlanFact").getValue(6, a): null

15-11-2024T09:24:22 - [TEST_STEP][PASSED] - otpusk = otpusk.replaceAll("\s+", ""): null

15-11-2024T09:24:22 - [TEST_STEP][PASSED] - poteri = poteri.replaceAll("\s+", ""): null

15-11-2024T09:24:22 - [TEST_STEP][PASSED] - typeOfData = typeOfDataMain + " Отпуск в сеть": null

15-11-2024T09:24:22 - [TEST_STEP][PASSED] - if (a == 82): null

15-11-2024T09:24:22 - [TEST_STEP][PASSED] - else if (a == 84): null

15-11-2024T09:24:22 - [TEST_STEP][PASSED] - else if (a == 52 || a == 72 || a == 28 || a == 73 || a == 77 || a == 74 || a == 65 || a == 36 || a == 44 || a == 53 || a == 80 || a == 54 || a == 1 || a == 18 || a == 59 || a == 81): null

15-11-2024T09:24:22 - [TEST_STEP][PASSED] - else: null

15-11-2024T09:24:22 - [TEST_STEP][PASSED] - path = dataFolder + typeOfData + " за отчётный период " + b: null

15-11-2024T09:24:22 - [TEST_STEP][PASSED] - println(path): null

15-11-2024T09:24:22 - [TEST_STEP][PASSED] - page = getText(findTestObject(path)): Text of object 'Object Repository/Выполнение бизнес-плана/Значения со страницы Выполнение бизнес-плана/Факт Отпуск в сеть за отчётный период Кузбассэнерго-РЭС' is: '11 080 481'

15-11-2024T09:24:23 - [MESSAGE][PASSED] - Text of object 'Object Repository/Выполнение бизнес-плана/Значения со страницы Выполнение бизнес-плана/Факт Отпуск в сеть за отчётный период Кузбассэнерго-РЭС' is: '11 080 481'

15-11-2024T09:24:23 - [TEST_STEP][PASSED] - page = page.replaceAll("\s+", ""): null

15-11-2024T09:24:23 - [TEST_STEP][PASSED] - fileOtpuskVSet = otpusk.toInteger(): null

15-11-2024T09:24:23 - [TEST_STEP][PASSED] - pageOtpuskVSet = page.toInteger(): null

15-11-2024T09:24:23 - [TEST_STEP][PASSED] - typeOfData = typeOfDataMain + " Потери": null

15-11-2024T09:24:23 - [TEST_STEP][PASSED] - if (a == 82): null

15-11-2024T09:24:23 - [TEST_STEP][PASSED] - else if (a == 84): null

15-11-2024T09:24:23 - [TEST_STEP][PASSED] - else if (a == 52 || a == 72 || a == 28 || a == 73 || a == 77 || a == 74 || a == 65 || a == 36 || a == 44 || a == 53 || a == 80 || a == 54 || a == 1 || a == 18 || a == 59 || a == 81): null

15-11-2024T09:24:23 - [TEST_STEP][PASSED] - else: null

15-11-2024T09:24:23 - [TEST_STEP][PASSED] - path = dataFolder + typeOfData + " за отчётный период " + b: null

15-11-2024T09:24:23 - [TEST_STEP][PASSED] - page = getText(findTestObject(path)): Text of object 'Object Repository/Выполнение бизнес-плана/Значения со страницы Выполнение бизнес-плана/Факт Потери за отчётный период Кузбассэнерго-РЭС' is: '400 475'

15-11-2024T09:24:23 - [MESSAGE][PASSED] - Text of object 'Object Repository/Выполнение бизнес-плана/Значения со страницы Выполнение бизнес-плана/Факт Потери за отчётный период Кузбассэнерго-РЭС' is: '400 475'

15-11-2024T09:24:23 - [TEST_STEP][PASSED] - page = page.replaceAll("\s+", ""): null

15-11-2024T09:24:23 - [TEST_STEP][PASSED] - filePoteri = poteri.toInteger(): null

15-11-2024T09:24:23 - [TEST_STEP][PASSED] - pagePoteri = page.toInteger(): null

15-11-2024T09:24:23 - [TEST_STEP][PASSED] - compare = pageOtpuskVSet: null

15-11-2024T09:24:23 - [TEST_STEP][PASSED] - if (compare == fileOtpuskVSet): null

15-11-2024T09:24:23 - [TEST_STEP][PASSED] - if (compare == fileOtpuskVSet): null

15-11-2024T09:24:23 - [TEST_STEP][PASSED] - compare = pagePoteri: null

15-11-2024T09:24:23 - [TEST_STEP][PASSED] - if (compare == filePoteri): null

15-11-2024T09:24:23 - [TEST_STEP][PASSED] - if (compare == filePoteri): null

15-11-2024T09:24:23 - [TEST_STEP][PASSED] - if (planFact == 2): null

15-11-2024T09:24:23 - [TEST_STEP][PASSED] - if (planFact == 1): null

15-11-2024T09:24:23 - [TEST_STEP][PASSED] - else if (planFact == 2): null

15-11-2024T09:24:23 - [TEST_STEP][PASSED] - click(findTestObject("Выполнение бизнес-плана/Кнопка План")): Object: 'Object Repository/Выполнение бизнес-плана/Кнопка План' is clicked on

15-11-2024T09:24:23 - [MESSAGE][PASSED] - Object: 'Object Repository/Выполнение бизнес-плана/Кнопка План' is clicked on

15-11-2024T09:24:23 - [TEST_STEP][PASSED] - typeOfDataMain = "План": null

15-11-2024T09:24:23 - [TEST_STEP][PASSED] - otpusk = findTestData("PlanFact").getValue(2, a): null

15-11-2024T09:24:23 - [TEST_STEP][PASSED] - poteri = findTestData("PlanFact").getValue(3, a): null

15-11-2024T09:24:23 - [TEST_STEP][PASSED] - otpusk = otpusk.replaceAll("\s+", ""): null

15-11-2024T09:24:23 - [TEST_STEP][PASSED] - poteri = poteri.replaceAll("\s+", ""): null

15-11-2024T09:24:23 - [TEST_STEP][PASSED] - typeOfData = typeOfDataMain + " Отпуск в сеть": null

15-11-2024T09:24:23 - [TEST_STEP][PASSED] - if (a == 82): null

15-11-2024T09:24:23 - [TEST_STEP][PASSED] - else if (a == 84): null

15-11-2024T09:24:23 - [TEST_STEP][PASSED] - else if (a == 52 || a == 72 || a == 28 || a == 73 || a == 77 || a == 74 || a == 65 || a == 36 || a == 44 || a == 53 || a == 80 || a == 54 || a == 1 || a == 18 || a == 59 || a == 81): null

15-11-2024T09:24:23 - [TEST_STEP][PASSED] - else: null

15-11-2024T09:24:23 - [TEST_STEP][PASSED] - path = dataFolder + typeOfData + " за отчётный период " + b: null

15-11-2024T09:24:23 - [TEST_STEP][PASSED] - println(path): null

15-11-2024T09:24:23 - [TEST_STEP][PASSED] - page = getText(findTestObject(path)): Text of object 'Object Repository/Выполнение бизнес-плана/Значения со страницы Выполнение бизнес-плана/План Отпуск в сеть за отчётный период Кузбассэнерго-РЭС' is: '10 617 905'

15-11-2024T09:24:24 - [MESSAGE][PASSED] - Text of object 'Object Repository/Выполнение бизнес-плана/Значения со страницы Выполнение бизнес-плана/План Отпуск в сеть за отчётный период Кузбассэнерго-РЭС' is: '10 617 905'

15-11-2024T09:24:24 - [TEST_STEP][PASSED] - page = page.replaceAll("\s+", ""): null

15-11-2024T09:24:24 - [TEST_STEP][PASSED] - fileOtpuskVSet = otpusk.toInteger(): null

15-11-2024T09:24:24 - [TEST_STEP][PASSED] - pageOtpuskVSet = page.toInteger(): null

15-11-2024T09:24:24 - [TEST_STEP][PASSED] - typeOfData = typeOfDataMain + " Потери": null

15-11-2024T09:24:24 - [TEST_STEP][PASSED] - if (a == 82): null

15-11-2024T09:24:24 - [TEST_STEP][PASSED] - else if (a == 84): null

15-11-2024T09:24:24 - [TEST_STEP][PASSED] - else if (a == 52 || a == 72 || a == 28 || a == 73 || a == 77 || a == 74 || a == 65 || a == 36 || a == 44 || a == 53 || a == 80 || a == 54 || a == 1 || a == 18 || a == 59 || a == 81): null

15-11-2024T09:24:24 - [TEST_STEP][PASSED] - else: null

15-11-2024T09:24:24 - [TEST_STEP][PASSED] - path = dataFolder + typeOfData + " за отчётный период " + b: null

15-11-2024T09:24:24 - [TEST_STEP][PASSED] - page = getText(findTestObject(path)): Text of object 'Object Repository/Выполнение бизнес-плана/Значения со страницы Выполнение бизнес-плана/План Потери за отчётный период Кузбассэнерго-РЭС' is: '407 547'

15-11-2024T09:24:24 - [MESSAGE][PASSED] - Text of object 'Object Repository/Выполнение бизнес-плана/Значения со страницы Выполнение бизнес-плана/План Потери за отчётный период Кузбассэнерго-РЭС' is: '407 547'

15-11-2024T09:24:24 - [TEST_STEP][PASSED] - page = page.replaceAll("\s+", ""): null

15-11-2024T09:24:24 - [TEST_STEP][PASSED] - filePoteri = poteri.toInteger(): null

15-11-2024T09:24:24 - [TEST_STEP][PASSED] - pagePoteri = page.toInteger(): null

15-11-2024T09:24:24 - [TEST_STEP][PASSED] - compare = pageOtpuskVSet: null

15-11-2024T09:24:24 - [TEST_STEP][PASSED] - if (compare == fileOtpuskVSet): null

15-11-2024T09:24:24 - [TEST_STEP][PASSED] - if (compare == fileOtpuskVSet): null

15-11-2024T09:24:24 - [TEST_STEP][PASSED] - compare = pagePoteri: null

15-11-2024T09:24:24 - [TEST_STEP][PASSED] - if (compare == filePoteri): null

15-11-2024T09:24:24 - [TEST_STEP][PASSED] - if (compare == filePoteri): null

15-11-2024T09:24:24 - [TEST_STEP][PASSED] - if (planFact == 2): Object: 'Object Repository/Выполнение бизнес-плана/Кнопка Факт' is clicked on

15-11-2024T09:24:24 - [TEST_STEP][PASSED] - click(findTestObject("Выполнение бизнес-плана/Кнопка Факт")): Object: 'Object Repository/Выполнение бизнес-плана/Кнопка Факт' is clicked on

15-11-2024T09:24:24 - [MESSAGE][PASSED] - Object: 'Object Repository/Выполнение бизнес-плана/Кнопка Факт' is clicked on

15-11-2024T09:24:24 - [TEST_STEP][PASSED] - if (a == 84 || a == 82): null

15-11-2024T09:24:24 - [TEST_STEP][PASSED] - else if (a == 52 || a == 72 || a == 28 || a == 73 || a == 77 || a == 74 || a == 65 || a == 36 || a == 44 || a == 53 || a == 80 || a == 54 || a == 1 || a == 18 || a == 59 || a == 81): null

15-11-2024T09:24:24 - [TEST_STEP][PASSED] - else: null

15-11-2024T09:24:24 - [TEST_STEP][PASSED] - page1 = getText(findTestObject("Object Repository/Выполнение бизнес-плана/spanPlan" + filialNum)): Text of object 'Object Repository/Выполнение бизнес-плана/spanPlan4' is: '3.84
|'

15-11-2024T09:24:25 - [MESSAGE][PASSED] - Text of object 'Object Repository/Выполнение бизнес-плана/spanPlan4' is: '3.84
|'

15-11-2024T09:24:25 - [TEST_STEP][PASSED] - page1 = page1.replace("|", ""): null

15-11-2024T09:24:25 - [TEST_STEP][PASSED] - page2 = getText(findTestObject("Object Repository/Выполнение бизнес-плана/spanFact" + filialNum)): Text of object 'Object Repository/Выполнение бизнес-плана/spanFact4' is: '3.61
|'

15-11-2024T09:24:25 - [MESSAGE][PASSED] - Text of object 'Object Repository/Выполнение бизнес-плана/spanFact4' is: '3.61
|'

15-11-2024T09:24:25 - [TEST_STEP][PASSED] - page2 = page2.replace("|", ""): null

15-11-2024T09:24:25 - [TEST_STEP][PASSED] - println("page1: " + page1): null

15-11-2024T09:24:25 - [TEST_STEP][PASSED] - println("page2: " + page2): null

15-11-2024T09:24:25 - [TEST_STEP][PASSED] - file = findTestData("PlanFact").getValue(4, a): null

15-11-2024T09:24:25 - [TEST_STEP][PASSED] - file = file.replace(",", "."): null

15-11-2024T09:24:25 - [TEST_STEP][PASSED] - println("file Plan: " + file): null

15-11-2024T09:24:25 - [TEST_STEP][PASSED] - typeOfData = "План в процентах": null

15-11-2024T09:24:25 - [TEST_STEP][PASSED] - fileDouble = file.toDouble(): null

15-11-2024T09:24:25 - [TEST_STEP][PASSED] - pageDouble = page1.toDouble(): null

15-11-2024T09:24:25 - [TEST_STEP][PASSED] - if (fileDouble != pageDouble): null

15-11-2024T09:24:25 - [TEST_STEP][PASSED] - file = findTestData("PlanFact").getValue(7, a): null

15-11-2024T09:24:25 - [TEST_STEP][PASSED] - file = file.replace(",", "."): null

15-11-2024T09:24:25 - [TEST_STEP][PASSED] - println("file Fact: " + file): null

15-11-2024T09:24:25 - [TEST_STEP][PASSED] - fileDouble = file.toDouble(): null

15-11-2024T09:24:25 - [TEST_STEP][PASSED] - typeOfData = "Факт в процентах": null

15-11-2024T09:24:25 - [TEST_STEP][PASSED] - fileDouble = file.toDouble(): null

15-11-2024T09:24:25 - [TEST_STEP][PASSED] - pageDouble = page2.toDouble(): null

15-11-2024T09:24:25 - [TEST_STEP][PASSED] - if (fileDouble != pageDouble): null

15-11-2024T09:24:25 - [TEST_STEP][PASSED] - if (verifyEqual(numberOfErrors, 0) == false): Actual object '0' and expected object '0' are equal

15-11-2024T09:24:25 - [MESSAGE][PASSED] - Actual object '0' and expected object '0' are equal

15-11-2024T09:24:25 - [TEST_STEP][PASSED] - if (a == 82): null

15-11-2024T09:24:25 - [TEST_STEP][PASSED] - dZO = "Омскэнерго": null

15-11-2024T09:24:25 - [TEST_STEP][PASSED] - a = 49: null

15-11-2024T09:24:25 - [TEST_STEP][PASSED] - if (x2.contains(dZO)): null

15-11-2024T09:24:25 - [TEST_STEP][PASSED] - filialNum = filialNum + 1: null

15-11-2024T09:24:25 - [TEST_STEP][PASSED] - Script1718980020443.Numbers(a, typeOfData, todaysDate, pageInt, fileInt, pageDouble, fileDouble, dZO, dzoNum, filialNum): null

15-11-2024T09:24:25 - [TEST_STEP][PASSED] - println(dzoNum): null

15-11-2024T09:24:25 - [TEST_STEP][PASSED] - planFact = <not implemented yet for class: org.codehaus.groovy.ast.expr.EmptyExpression>: null

15-11-2024T09:24:25 - [TEST_STEP][PASSED] - page = <not implemented yet for class: org.codehaus.groovy.ast.expr.EmptyExpression>: null

15-11-2024T09:24:25 - [TEST_STEP][PASSED] - page1 = <not implemented yet for class: org.codehaus.groovy.ast.expr.EmptyExpression>: null

15-11-2024T09:24:25 - [TEST_STEP][PASSED] - page2 = <not implemented yet for class: org.codehaus.groovy.ast.expr.EmptyExpression>: null

15-11-2024T09:24:25 - [TEST_STEP][PASSED] - filialNumberInRow = <not implemented yet for class: org.codehaus.groovy.ast.expr.EmptyExpression>: null

15-11-2024T09:24:25 - [TEST_STEP][PASSED] - filialsDzoNames = <not implemented yet for class: org.codehaus.groovy.ast.expr.EmptyExpression>: null

15-11-2024T09:24:25 - [TEST_STEP][PASSED] - numberOfFilials = <not implemented yet for class: org.codehaus.groovy.ast.expr.EmptyExpression>: null

15-11-2024T09:24:25 - [TEST_STEP][PASSED] - numberOfSpaces = <not implemented yet for class: org.codehaus.groovy.ast.expr.EmptyExpression>: null

15-11-2024T09:24:25 - [TEST_STEP][PASSED] - file = <not implemented yet for class: org.codehaus.groovy.ast.expr.EmptyExpression>: null

15-11-2024T09:24:25 - [TEST_STEP][PASSED] - otpusk = <not implemented yet for class: org.codehaus.groovy.ast.expr.EmptyExpression>: null

15-11-2024T09:24:25 - [TEST_STEP][PASSED] - poteri = <not implemented yet for class: org.codehaus.groovy.ast.expr.EmptyExpression>: null

15-11-2024T09:24:25 - [TEST_STEP][PASSED] - dataFolder = "Выполнение бизнес-плана/Значения со страницы Выполнение бизнес-плана/": null

15-11-2024T09:24:25 - [TEST_STEP][PASSED] - path = <not implemented yet for class: org.codehaus.groovy.ast.expr.EmptyExpression>: null

15-11-2024T09:24:25 - [TEST_STEP][PASSED] - typeOfDataMain = <not implemented yet for class: org.codehaus.groovy.ast.expr.EmptyExpression>: null

15-11-2024T09:24:25 - [TEST_STEP][PASSED] - fileOtpuskVSet = <not implemented yet for class: org.codehaus.groovy.ast.expr.EmptyExpression>: null

15-11-2024T09:24:25 - [TEST_STEP][PASSED] - pageOtpuskVSet = <not implemented yet for class: org.codehaus.groovy.ast.expr.EmptyExpression>: null

15-11-2024T09:24:25 - [TEST_STEP][PASSED] - filePoteri = <not implemented yet for class: org.codehaus.groovy.ast.expr.EmptyExpression>: null

15-11-2024T09:24:25 - [TEST_STEP][PASSED] - pagePoteri = <not implemented yet for class: org.codehaus.groovy.ast.expr.EmptyExpression>: null

15-11-2024T09:24:25 - [TEST_STEP][PASSED] - compare = <not implemented yet for class: org.codehaus.groovy.ast.expr.EmptyExpression>: null

15-11-2024T09:24:25 - [TEST_STEP][PASSED] - b = <not implemented yet for class: org.codehaus.groovy.ast.expr.EmptyExpression>: null

15-11-2024T09:24:25 - [TEST_STEP][PASSED] - i = <not implemented yet for class: org.codehaus.groovy.ast.expr.EmptyExpression>: null

15-11-2024T09:24:25 - [TEST_STEP][PASSED] - ii = <not implemented yet for class: org.codehaus.groovy.ast.expr.EmptyExpression>: null

15-11-2024T09:24:25 - [TEST_STEP][PASSED] - c = <not implemented yet for class: org.codehaus.groovy.ast.expr.EmptyExpression>: null

15-11-2024T09:24:25 - [TEST_STEP][PASSED] - numberOfErrors = 0: null

15-11-2024T09:24:25 - [TEST_STEP][PASSED] - if (a == 82): null

15-11-2024T09:24:25 - [TEST_STEP][PASSED] - b = findTestData("PlanFact").getValue(1, a): null

15-11-2024T09:24:25 - [TEST_STEP][PASSED] - i = b.indexOf(" (ГК)"): null

15-11-2024T09:24:25 - [TEST_STEP][PASSED] - if (i > -1): null

15-11-2024T09:24:25 - [TEST_STEP][PASSED] - i = b.indexOf("О ""): null

15-11-2024T09:24:25 - [TEST_STEP][PASSED] - if (i > -1): null

15-11-2024T09:24:25 - [TEST_STEP][PASSED] - i = b.indexOf("О «"): null

15-11-2024T09:24:25 - [TEST_STEP][PASSED] - if (i > -1): null

15-11-2024T09:24:25 - [TEST_STEP][PASSED] - i = b.indexOf("г. "): null

15-11-2024T09:24:25 - [TEST_STEP][PASSED] - if (i > -1): null

15-11-2024T09:24:25 - [TEST_STEP][PASSED] - println(b): null

15-11-2024T09:24:25 - [TEST_STEP][PASSED] - for ([planFact = 1, planFact < 3, (planFact++)]): Object: 'Object Repository/Выполнение бизнес-плана/Кнопка Факт' is clicked on

15-11-2024T09:24:25 - [TEST_STEP][PASSED] - if (planFact == 1): null

15-11-2024T09:24:25 - [TEST_STEP][PASSED] - typeOfDataMain = "Факт": null

15-11-2024T09:24:25 - [TEST_STEP][PASSED] - otpusk = findTestData("PlanFact").getValue(5, a): null

15-11-2024T09:24:25 - [TEST_STEP][PASSED] - poteri = findTestData("PlanFact").getValue(6, a): null

15-11-2024T09:24:25 - [TEST_STEP][PASSED] - otpusk = otpusk.replaceAll("\s+", ""): null

15-11-2024T09:24:25 - [TEST_STEP][PASSED] - poteri = poteri.replaceAll("\s+", ""): null

15-11-2024T09:24:25 - [TEST_STEP][PASSED] - typeOfData = typeOfDataMain + " Отпуск в сеть": null

15-11-2024T09:24:25 - [TEST_STEP][PASSED] - if (a == 82): null

15-11-2024T09:24:25 - [TEST_STEP][PASSED] - else if (a == 84): null

15-11-2024T09:24:25 - [TEST_STEP][PASSED] - else if (a == 52 || a == 72 || a == 28 || a == 73 || a == 77 || a == 74 || a == 65 || a == 36 || a == 44 || a == 53 || a == 80 || a == 54 || a == 1 || a == 18 || a == 59 || a == 81): null

15-11-2024T09:24:25 - [TEST_STEP][PASSED] - else: null

15-11-2024T09:24:25 - [TEST_STEP][PASSED] - path = dataFolder + typeOfData + " за отчётный период " + b: null

15-11-2024T09:24:25 - [TEST_STEP][PASSED] - println(path): null

15-11-2024T09:24:25 - [TEST_STEP][PASSED] - page = getText(findTestObject(path)): Text of object 'Object Repository/Выполнение бизнес-плана/Значения со страницы Выполнение бизнес-плана/Факт Отпуск в сеть за отчётный период Омскэнерго' is: '6 702 408'

15-11-2024T09:24:26 - [MESSAGE][PASSED] - Text of object 'Object Repository/Выполнение бизнес-плана/Значения со страницы Выполнение бизнес-плана/Факт Отпуск в сеть за отчётный период Омскэнерго' is: '6 702 408'

15-11-2024T09:24:26 - [TEST_STEP][PASSED] - page = page.replaceAll("\s+", ""): null

15-11-2024T09:24:26 - [TEST_STEP][PASSED] - fileOtpuskVSet = otpusk.toInteger(): null

15-11-2024T09:24:26 - [TEST_STEP][PASSED] - pageOtpuskVSet = page.toInteger(): null

15-11-2024T09:24:26 - [TEST_STEP][PASSED] - typeOfData = typeOfDataMain + " Потери": null

15-11-2024T09:24:26 - [TEST_STEP][PASSED] - if (a == 82): null

15-11-2024T09:24:26 - [TEST_STEP][PASSED] - else if (a == 84): null

15-11-2024T09:24:26 - [TEST_STEP][PASSED] - else if (a == 52 || a == 72 || a == 28 || a == 73 || a == 77 || a == 74 || a == 65 || a == 36 || a == 44 || a == 53 || a == 80 || a == 54 || a == 1 || a == 18 || a == 59 || a == 81): null

15-11-2024T09:24:26 - [TEST_STEP][PASSED] - else: null

15-11-2024T09:24:26 - [TEST_STEP][PASSED] - path = dataFolder + typeOfData + " за отчётный период " + b: null

15-11-2024T09:24:26 - [TEST_STEP][PASSED] - page = getText(findTestObject(path)): Text of object 'Object Repository/Выполнение бизнес-плана/Значения со страницы Выполнение бизнес-плана/Факт Потери за отчётный период Омскэнерго' is: '405 419'

15-11-2024T09:24:26 - [MESSAGE][PASSED] - Text of object 'Object Repository/Выполнение бизнес-плана/Значения со страницы Выполнение бизнес-плана/Факт Потери за отчётный период Омскэнерго' is: '405 419'

15-11-2024T09:24:26 - [TEST_STEP][PASSED] - page = page.replaceAll("\s+", ""): null

15-11-2024T09:24:26 - [TEST_STEP][PASSED] - filePoteri = poteri.toInteger(): null

15-11-2024T09:24:26 - [TEST_STEP][PASSED] - pagePoteri = page.toInteger(): null

15-11-2024T09:24:26 - [TEST_STEP][PASSED] - compare = pageOtpuskVSet: null

15-11-2024T09:24:26 - [TEST_STEP][PASSED] - if (compare == fileOtpuskVSet): null

15-11-2024T09:24:26 - [TEST_STEP][PASSED] - if (compare == fileOtpuskVSet): null

15-11-2024T09:24:26 - [TEST_STEP][PASSED] - compare = pagePoteri: null

15-11-2024T09:24:26 - [TEST_STEP][PASSED] - if (compare == filePoteri): null

15-11-2024T09:24:26 - [TEST_STEP][PASSED] - if (compare == filePoteri): null

15-11-2024T09:24:26 - [TEST_STEP][PASSED] - if (planFact == 2): null

15-11-2024T09:24:26 - [TEST_STEP][PASSED] - if (planFact == 1): null

15-11-2024T09:24:26 - [TEST_STEP][PASSED] - else if (planFact == 2): null

15-11-2024T09:24:26 - [TEST_STEP][PASSED] - click(findTestObject("Выполнение бизнес-плана/Кнопка План")): Object: 'Object Repository/Выполнение бизнес-плана/Кнопка План' is clicked on

15-11-2024T09:24:26 - [MESSAGE][PASSED] - Object: 'Object Repository/Выполнение бизнес-плана/Кнопка План' is clicked on

15-11-2024T09:24:26 - [TEST_STEP][PASSED] - typeOfDataMain = "План": null

15-11-2024T09:24:26 - [TEST_STEP][PASSED] - otpusk = findTestData("PlanFact").getValue(2, a): null

15-11-2024T09:24:26 - [TEST_STEP][PASSED] - poteri = findTestData("PlanFact").getValue(3, a): null

15-11-2024T09:24:26 - [TEST_STEP][PASSED] - otpusk = otpusk.replaceAll("\s+", ""): null

15-11-2024T09:24:26 - [TEST_STEP][PASSED] - poteri = poteri.replaceAll("\s+", ""): null

15-11-2024T09:24:26 - [TEST_STEP][PASSED] - typeOfData = typeOfDataMain + " Отпуск в сеть": null

15-11-2024T09:24:26 - [TEST_STEP][PASSED] - if (a == 82): null

15-11-2024T09:24:26 - [TEST_STEP][PASSED] - else if (a == 84): null

15-11-2024T09:24:26 - [TEST_STEP][PASSED] - else if (a == 52 || a == 72 || a == 28 || a == 73 || a == 77 || a == 74 || a == 65 || a == 36 || a == 44 || a == 53 || a == 80 || a == 54 || a == 1 || a == 18 || a == 59 || a == 81): null

15-11-2024T09:24:26 - [TEST_STEP][PASSED] - else: null

15-11-2024T09:24:26 - [TEST_STEP][PASSED] - path = dataFolder + typeOfData + " за отчётный период " + b: null

15-11-2024T09:24:26 - [TEST_STEP][PASSED] - println(path): null

15-11-2024T09:24:26 - [TEST_STEP][PASSED] - page = getText(findTestObject(path)): Text of object 'Object Repository/Выполнение бизнес-плана/Значения со страницы Выполнение бизнес-плана/План Отпуск в сеть за отчётный период Омскэнерго' is: '6 495 201'

15-11-2024T09:24:27 - [MESSAGE][PASSED] - Text of object 'Object Repository/Выполнение бизнес-плана/Значения со страницы Выполнение бизнес-плана/План Отпуск в сеть за отчётный период Омскэнерго' is: '6 495 201'

15-11-2024T09:24:27 - [TEST_STEP][PASSED] - page = page.replaceAll("\s+", ""): null

15-11-2024T09:24:27 - [TEST_STEP][PASSED] - fileOtpuskVSet = otpusk.toInteger(): null

15-11-2024T09:24:27 - [TEST_STEP][PASSED] - pageOtpuskVSet = page.toInteger(): null

15-11-2024T09:24:27 - [TEST_STEP][PASSED] - typeOfData = typeOfDataMain + " Потери": null

15-11-2024T09:24:27 - [TEST_STEP][PASSED] - if (a == 82): null

15-11-2024T09:24:27 - [TEST_STEP][PASSED] - else if (a == 84): null

15-11-2024T09:24:27 - [TEST_STEP][PASSED] - else if (a == 52 || a == 72 || a == 28 || a == 73 || a == 77 || a == 74 || a == 65 || a == 36 || a == 44 || a == 53 || a == 80 || a == 54 || a == 1 || a == 18 || a == 59 || a == 81): null

15-11-2024T09:24:27 - [TEST_STEP][PASSED] - else: null

15-11-2024T09:24:27 - [TEST_STEP][PASSED] - path = dataFolder + typeOfData + " за отчётный период " + b: null

15-11-2024T09:24:27 - [TEST_STEP][PASSED] - page = getText(findTestObject(path)): Text of object 'Object Repository/Выполнение бизнес-плана/Значения со страницы Выполнение бизнес-плана/План Потери за отчётный период Омскэнерго' is: '393 394'

15-11-2024T09:24:27 - [MESSAGE][PASSED] - Text of object 'Object Repository/Выполнение бизнес-плана/Значения со страницы Выполнение бизнес-плана/План Потери за отчётный период Омскэнерго' is: '393 394'

15-11-2024T09:24:27 - [TEST_STEP][PASSED] - page = page.replaceAll("\s+", ""): null

15-11-2024T09:24:27 - [TEST_STEP][PASSED] - filePoteri = poteri.toInteger(): null

15-11-2024T09:24:27 - [TEST_STEP][PASSED] - pagePoteri = page.toInteger(): null

15-11-2024T09:24:27 - [TEST_STEP][PASSED] - compare = pageOtpuskVSet: null

15-11-2024T09:24:27 - [TEST_STEP][PASSED] - if (compare == fileOtpuskVSet): null

15-11-2024T09:24:27 - [TEST_STEP][PASSED] - if (compare == fileOtpuskVSet): null

15-11-2024T09:24:27 - [TEST_STEP][PASSED] - compare = pagePoteri: null

15-11-2024T09:24:27 - [TEST_STEP][PASSED] - if (compare == filePoteri): null

15-11-2024T09:24:27 - [TEST_STEP][PASSED] - if (compare == filePoteri): null

15-11-2024T09:24:27 - [TEST_STEP][PASSED] - if (planFact == 2): Object: 'Object Repository/Выполнение бизнес-плана/Кнопка Факт' is clicked on

15-11-2024T09:24:27 - [TEST_STEP][PASSED] - click(findTestObject("Выполнение бизнес-плана/Кнопка Факт")): Object: 'Object Repository/Выполнение бизнес-плана/Кнопка Факт' is clicked on

15-11-2024T09:24:27 - [MESSAGE][PASSED] - Object: 'Object Repository/Выполнение бизнес-плана/Кнопка Факт' is clicked on

15-11-2024T09:24:27 - [TEST_STEP][PASSED] - if (a == 84 || a == 82): null

15-11-2024T09:24:27 - [TEST_STEP][PASSED] - else if (a == 52 || a == 72 || a == 28 || a == 73 || a == 77 || a == 74 || a == 65 || a == 36 || a == 44 || a == 53 || a == 80 || a == 54 || a == 1 || a == 18 || a == 59 || a == 81): null

15-11-2024T09:24:27 - [TEST_STEP][PASSED] - else: null

15-11-2024T09:24:27 - [TEST_STEP][PASSED] - page1 = getText(findTestObject("Object Repository/Выполнение бизнес-плана/spanPlan" + filialNum)): Text of object 'Object Repository/Выполнение бизнес-плана/spanPlan5' is: '6.06
|'

15-11-2024T09:24:28 - [MESSAGE][PASSED] - Text of object 'Object Repository/Выполнение бизнес-плана/spanPlan5' is: '6.06
|'

15-11-2024T09:24:28 - [TEST_STEP][PASSED] - page1 = page1.replace("|", ""): null

15-11-2024T09:24:28 - [TEST_STEP][PASSED] - page2 = getText(findTestObject("Object Repository/Выполнение бизнес-плана/spanFact" + filialNum)): Text of object 'Object Repository/Выполнение бизнес-плана/spanFact5' is: '6.05
|'

15-11-2024T09:24:28 - [MESSAGE][PASSED] - Text of object 'Object Repository/Выполнение бизнес-плана/spanFact5' is: '6.05
|'

15-11-2024T09:24:28 - [TEST_STEP][PASSED] - page2 = page2.replace("|", ""): null

15-11-2024T09:24:28 - [TEST_STEP][PASSED] - println("page1: " + page1): null

15-11-2024T09:24:28 - [TEST_STEP][PASSED] - println("page2: " + page2): null

15-11-2024T09:24:28 - [TEST_STEP][PASSED] - file = findTestData("PlanFact").getValue(4, a): null

15-11-2024T09:24:28 - [TEST_STEP][PASSED] - file = file.replace(",", "."): null

15-11-2024T09:24:28 - [TEST_STEP][PASSED] - println("file Plan: " + file): null

15-11-2024T09:24:28 - [TEST_STEP][PASSED] - typeOfData = "План в процентах": null

15-11-2024T09:24:28 - [TEST_STEP][PASSED] - fileDouble = file.toDouble(): null

15-11-2024T09:24:28 - [TEST_STEP][PASSED] - pageDouble = page1.toDouble(): null

15-11-2024T09:24:28 - [TEST_STEP][PASSED] - if (fileDouble != pageDouble): null

15-11-2024T09:24:28 - [TEST_STEP][PASSED] - file = findTestData("PlanFact").getValue(7, a): null

15-11-2024T09:24:28 - [TEST_STEP][PASSED] - file = file.replace(",", "."): null

15-11-2024T09:24:28 - [TEST_STEP][PASSED] - println("file Fact: " + file): null

15-11-2024T09:24:28 - [TEST_STEP][PASSED] - fileDouble = file.toDouble(): null

15-11-2024T09:24:28 - [TEST_STEP][PASSED] - typeOfData = "Факт в процентах": null

15-11-2024T09:24:28 - [TEST_STEP][PASSED] - fileDouble = file.toDouble(): null

15-11-2024T09:24:28 - [TEST_STEP][PASSED] - pageDouble = page2.toDouble(): null

15-11-2024T09:24:28 - [TEST_STEP][PASSED] - if (fileDouble != pageDouble): null

15-11-2024T09:24:28 - [TEST_STEP][PASSED] - if (verifyEqual(numberOfErrors, 0) == false): Actual object '0' and expected object '0' are equal

15-11-2024T09:24:28 - [MESSAGE][PASSED] - Actual object '0' and expected object '0' are equal

15-11-2024T09:24:28 - [TEST_STEP][PASSED] - if (a == 82): null

15-11-2024T09:24:28 - [TEST_STEP][PASSED] - dZO = "Хакасэнерго": null

15-11-2024T09:24:28 - [TEST_STEP][PASSED] - a = 50: null

15-11-2024T09:24:28 - [TEST_STEP][PASSED] - if (x2.contains(dZO)): null

15-11-2024T09:24:28 - [TEST_STEP][PASSED] - filialNum = filialNum + 1: null

15-11-2024T09:24:28 - [TEST_STEP][PASSED] - Script1718980020443.Numbers(a, typeOfData, todaysDate, pageInt, fileInt, pageDouble, fileDouble, dZO, dzoNum, filialNum): null

15-11-2024T09:24:28 - [TEST_STEP][PASSED] - println(dzoNum): null

15-11-2024T09:24:28 - [TEST_STEP][PASSED] - planFact = <not implemented yet for class: org.codehaus.groovy.ast.expr.EmptyExpression>: null

15-11-2024T09:24:28 - [TEST_STEP][PASSED] - page = <not implemented yet for class: org.codehaus.groovy.ast.expr.EmptyExpression>: null

15-11-2024T09:24:28 - [TEST_STEP][PASSED] - page1 = <not implemented yet for class: org.codehaus.groovy.ast.expr.EmptyExpression>: null

15-11-2024T09:24:28 - [TEST_STEP][PASSED] - page2 = <not implemented yet for class: org.codehaus.groovy.ast.expr.EmptyExpression>: null

15-11-2024T09:24:28 - [TEST_STEP][PASSED] - filialNumberInRow = <not implemented yet for class: org.codehaus.groovy.ast.expr.EmptyExpression>: null

15-11-2024T09:24:28 - [TEST_STEP][PASSED] - filialsDzoNames = <not implemented yet for class: org.codehaus.groovy.ast.expr.EmptyExpression>: null

15-11-2024T09:24:28 - [TEST_STEP][PASSED] - numberOfFilials = <not implemented yet for class: org.codehaus.groovy.ast.expr.EmptyExpression>: null

15-11-2024T09:24:28 - [TEST_STEP][PASSED] - numberOfSpaces = <not implemented yet for class: org.codehaus.groovy.ast.expr.EmptyExpression>: null

15-11-2024T09:24:28 - [TEST_STEP][PASSED] - file = <not implemented yet for class: org.codehaus.groovy.ast.expr.EmptyExpression>: null

15-11-2024T09:24:28 - [TEST_STEP][PASSED] - otpusk = <not implemented yet for class: org.codehaus.groovy.ast.expr.EmptyExpression>: null

15-11-2024T09:24:28 - [TEST_STEP][PASSED] - poteri = <not implemented yet for class: org.codehaus.groovy.ast.expr.EmptyExpression>: null

15-11-2024T09:24:28 - [TEST_STEP][PASSED] - dataFolder = "Выполнение бизнес-плана/Значения со страницы Выполнение бизнес-плана/": null

15-11-2024T09:24:28 - [TEST_STEP][PASSED] - path = <not implemented yet for class: org.codehaus.groovy.ast.expr.EmptyExpression>: null

15-11-2024T09:24:28 - [TEST_STEP][PASSED] - typeOfDataMain = <not implemented yet for class: org.codehaus.groovy.ast.expr.EmptyExpression>: null

15-11-2024T09:24:28 - [TEST_STEP][PASSED] - fileOtpuskVSet = <not implemented yet for class: org.codehaus.groovy.ast.expr.EmptyExpression>: null

15-11-2024T09:24:28 - [TEST_STEP][PASSED] - pageOtpuskVSet = <not implemented yet for class: org.codehaus.groovy.ast.expr.EmptyExpression>: null

15-11-2024T09:24:28 - [TEST_STEP][PASSED] - filePoteri = <not implemented yet for class: org.codehaus.groovy.ast.expr.EmptyExpression>: null

15-11-2024T09:24:28 - [TEST_STEP][PASSED] - pagePoteri = <not implemented yet for class: org.codehaus.groovy.ast.expr.EmptyExpression>: null

15-11-2024T09:24:28 - [TEST_STEP][PASSED] - compare = <not implemented yet for class: org.codehaus.groovy.ast.expr.EmptyExpression>: null

15-11-2024T09:24:28 - [TEST_STEP][PASSED] - b = <not implemented yet for class: org.codehaus.groovy.ast.expr.EmptyExpression>: null

15-11-2024T09:24:28 - [TEST_STEP][PASSED] - i = <not implemented yet for class: org.codehaus.groovy.ast.expr.EmptyExpression>: null

15-11-2024T09:24:28 - [TEST_STEP][PASSED] - ii = <not implemented yet for class: org.codehaus.groovy.ast.expr.EmptyExpression>: null

15-11-2024T09:24:28 - [TEST_STEP][PASSED] - c = <not implemented yet for class: org.codehaus.groovy.ast.expr.EmptyExpression>: null

15-11-2024T09:24:28 - [TEST_STEP][PASSED] - numberOfErrors = 0: null

15-11-2024T09:24:28 - [TEST_STEP][PASSED] - if (a == 82): null

15-11-2024T09:24:28 - [TEST_STEP][PASSED] - b = findTestData("PlanFact").getValue(1, a): null

15-11-2024T09:24:28 - [TEST_STEP][PASSED] - i = b.indexOf(" (ГК)"): null

15-11-2024T09:24:28 - [TEST_STEP][PASSED] - if (i > -1): null

15-11-2024T09:24:28 - [TEST_STEP][PASSED] - i = b.indexOf("О ""): null

15-11-2024T09:24:28 - [TEST_STEP][PASSED] - if (i > -1): null

15-11-2024T09:24:28 - [TEST_STEP][PASSED] - i = b.indexOf("О «"): null

15-11-2024T09:24:28 - [TEST_STEP][PASSED] - if (i > -1): null

15-11-2024T09:24:28 - [TEST_STEP][PASSED] - i = b.indexOf("г. "): null

15-11-2024T09:24:28 - [TEST_STEP][PASSED] - if (i > -1): null

15-11-2024T09:24:28 - [TEST_STEP][PASSED] - println(b): null

15-11-2024T09:24:28 - [TEST_STEP][PASSED] - for ([planFact = 1, planFact < 3, (planFact++)]): Object: 'Object Repository/Выполнение бизнес-плана/Кнопка Факт' is clicked on

15-11-2024T09:24:28 - [TEST_STEP][PASSED] - if (planFact == 1): null

15-11-2024T09:24:28 - [TEST_STEP][PASSED] - typeOfDataMain = "Факт": null

15-11-2024T09:24:28 - [TEST_STEP][PASSED] - otpusk = findTestData("PlanFact").getValue(5, a): null

15-11-2024T09:24:28 - [TEST_STEP][PASSED] - poteri = findTestData("PlanFact").getValue(6, a): null

15-11-2024T09:24:28 - [TEST_STEP][PASSED] - otpusk = otpusk.replaceAll("\s+", ""): null

15-11-2024T09:24:28 - [TEST_STEP][PASSED] - poteri = poteri.replaceAll("\s+", ""): null

15-11-2024T09:24:28 - [TEST_STEP][PASSED] - typeOfData = typeOfDataMain + " Отпуск в сеть": null

15-11-2024T09:24:28 - [TEST_STEP][PASSED] - if (a == 82): null

15-11-2024T09:24:28 - [TEST_STEP][PASSED] - else if (a == 84): null

15-11-2024T09:24:28 - [TEST_STEP][PASSED] - else if (a == 52 || a == 72 || a == 28 || a == 73 || a == 77 || a == 74 || a == 65 || a == 36 || a == 44 || a == 53 || a == 80 || a == 54 || a == 1 || a == 18 || a == 59 || a == 81): null

15-11-2024T09:24:28 - [TEST_STEP][PASSED] - else: null

15-11-2024T09:24:28 - [TEST_STEP][PASSED] - path = dataFolder + typeOfData + " за отчётный период " + b: null

15-11-2024T09:24:28 - [TEST_STEP][PASSED] - println(path): null

15-11-2024T09:24:28 - [TEST_STEP][PASSED] - page = getText(findTestObject(path)): Text of object 'Object Repository/Выполнение бизнес-плана/Значения со страницы Выполнение бизнес-плана/Факт Отпуск в сеть за отчётный период Хакасэнерго' is: '2 569 596'

15-11-2024T09:24:28 - [MESSAGE][PASSED] - Text of object 'Object Repository/Выполнение бизнес-плана/Значения со страницы Выполнение бизнес-плана/Факт Отпуск в сеть за отчётный период Хакасэнерго' is: '2 569 596'

15-11-2024T09:24:28 - [TEST_STEP][PASSED] - page = page.replaceAll("\s+", ""): null

15-11-2024T09:24:28 - [TEST_STEP][PASSED] - fileOtpuskVSet = otpusk.toInteger(): null

15-11-2024T09:24:28 - [TEST_STEP][PASSED] - pageOtpuskVSet = page.toInteger(): null

15-11-2024T09:24:28 - [TEST_STEP][PASSED] - typeOfData = typeOfDataMain + " Потери": null

15-11-2024T09:24:28 - [TEST_STEP][PASSED] - if (a == 82): null

15-11-2024T09:24:28 - [TEST_STEP][PASSED] - else if (a == 84): null

15-11-2024T09:24:28 - [TEST_STEP][PASSED] - else if (a == 52 || a == 72 || a == 28 || a == 73 || a == 77 || a == 74 || a == 65 || a == 36 || a == 44 || a == 53 || a == 80 || a == 54 || a == 1 || a == 18 || a == 59 || a == 81): null

15-11-2024T09:24:28 - [TEST_STEP][PASSED] - else: null

15-11-2024T09:24:28 - [TEST_STEP][PASSED] - path = dataFolder + typeOfData + " за отчётный период " + b: null

15-11-2024T09:24:28 - [TEST_STEP][PASSED] - page = getText(findTestObject(path)): Text of object 'Object Repository/Выполнение бизнес-плана/Значения со страницы Выполнение бизнес-плана/Факт Потери за отчётный период Хакасэнерго' is: '192 309'

15-11-2024T09:24:29 - [MESSAGE][PASSED] - Text of object 'Object Repository/Выполнение бизнес-плана/Значения со страницы Выполнение бизнес-плана/Факт Потери за отчётный период Хакасэнерго' is: '192 309'

15-11-2024T09:24:29 - [TEST_STEP][PASSED] - page = page.replaceAll("\s+", ""): null

15-11-2024T09:24:29 - [TEST_STEP][PASSED] - filePoteri = poteri.toInteger(): null

15-11-2024T09:24:29 - [TEST_STEP][PASSED] - pagePoteri = page.toInteger(): null

15-11-2024T09:24:29 - [TEST_STEP][PASSED] - compare = pageOtpuskVSet: null

15-11-2024T09:24:29 - [TEST_STEP][PASSED] - if (compare == fileOtpuskVSet): null

15-11-2024T09:24:29 - [TEST_STEP][PASSED] - if (compare == fileOtpuskVSet): null

15-11-2024T09:24:29 - [TEST_STEP][PASSED] - compare = pagePoteri: null

15-11-2024T09:24:29 - [TEST_STEP][PASSED] - if (compare == filePoteri): null

15-11-2024T09:24:29 - [TEST_STEP][PASSED] - if (compare == filePoteri): null

15-11-2024T09:24:29 - [TEST_STEP][PASSED] - if (planFact == 2): null

15-11-2024T09:24:29 - [TEST_STEP][PASSED] - if (planFact == 1): null

15-11-2024T09:24:29 - [TEST_STEP][PASSED] - else if (planFact == 2): null

15-11-2024T09:24:29 - [TEST_STEP][PASSED] - click(findTestObject("Выполнение бизнес-плана/Кнопка План")): Object: 'Object Repository/Выполнение бизнес-плана/Кнопка План' is clicked on

15-11-2024T09:24:29 - [MESSAGE][PASSED] - Object: 'Object Repository/Выполнение бизнес-плана/Кнопка План' is clicked on

15-11-2024T09:24:29 - [TEST_STEP][PASSED] - typeOfDataMain = "План": null

15-11-2024T09:24:29 - [TEST_STEP][PASSED] - otpusk = findTestData("PlanFact").getValue(2, a): null

15-11-2024T09:24:29 - [TEST_STEP][PASSED] - poteri = findTestData("PlanFact").getValue(3, a): null

15-11-2024T09:24:29 - [TEST_STEP][PASSED] - otpusk = otpusk.replaceAll("\s+", ""): null

15-11-2024T09:24:29 - [TEST_STEP][PASSED] - poteri = poteri.replaceAll("\s+", ""): null

15-11-2024T09:24:29 - [TEST_STEP][PASSED] - typeOfData = typeOfDataMain + " Отпуск в сеть": null

15-11-2024T09:24:29 - [TEST_STEP][PASSED] - if (a == 82): null

15-11-2024T09:24:29 - [TEST_STEP][PASSED] - else if (a == 84): null

15-11-2024T09:24:29 - [TEST_STEP][PASSED] - else if (a == 52 || a == 72 || a == 28 || a == 73 || a == 77 || a == 74 || a == 65 || a == 36 || a == 44 || a == 53 || a == 80 || a == 54 || a == 1 || a == 18 || a == 59 || a == 81): null

15-11-2024T09:24:29 - [TEST_STEP][PASSED] - else: null

15-11-2024T09:24:29 - [TEST_STEP][PASSED] - path = dataFolder + typeOfData + " за отчётный период " + b: null

15-11-2024T09:24:29 - [TEST_STEP][PASSED] - println(path): null

15-11-2024T09:24:29 - [TEST_STEP][PASSED] - page = getText(findTestObject(path)): Text of object 'Object Repository/Выполнение бизнес-плана/Значения со страницы Выполнение бизнес-плана/План Отпуск в сеть за отчётный период Хакасэнерго' is: '2 265 562'

15-11-2024T09:24:30 - [MESSAGE][PASSED] - Text of object 'Object Repository/Выполнение бизнес-плана/Значения со страницы Выполнение бизнес-плана/План Отпуск в сеть за отчётный период Хакасэнерго' is: '2 265 562'

15-11-2024T09:24:30 - [TEST_STEP][PASSED] - page = page.replaceAll("\s+", ""): null

15-11-2024T09:24:30 - [TEST_STEP][PASSED] - fileOtpuskVSet = otpusk.toInteger(): null

15-11-2024T09:24:30 - [TEST_STEP][PASSED] - pageOtpuskVSet = page.toInteger(): null

15-11-2024T09:24:30 - [TEST_STEP][PASSED] - typeOfData = typeOfDataMain + " Потери": null

15-11-2024T09:24:30 - [TEST_STEP][PASSED] - if (a == 82): null

15-11-2024T09:24:30 - [TEST_STEP][PASSED] - else if (a == 84): null

15-11-2024T09:24:30 - [TEST_STEP][PASSED] - else if (a == 52 || a == 72 || a == 28 || a == 73 || a == 77 || a == 74 || a == 65 || a == 36 || a == 44 || a == 53 || a == 80 || a == 54 || a == 1 || a == 18 || a == 59 || a == 81): null

15-11-2024T09:24:30 - [TEST_STEP][PASSED] - else: null

15-11-2024T09:24:30 - [TEST_STEP][PASSED] - path = dataFolder + typeOfData + " за отчётный период " + b: null

15-11-2024T09:24:30 - [TEST_STEP][PASSED] - page = getText(findTestObject(path)): Text of object 'Object Repository/Выполнение бизнес-плана/Значения со страницы Выполнение бизнес-плана/План Потери за отчётный период Хакасэнерго' is: '169 570'

15-11-2024T09:24:30 - [MESSAGE][PASSED] - Text of object 'Object Repository/Выполнение бизнес-плана/Значения со страницы Выполнение бизнес-плана/План Потери за отчётный период Хакасэнерго' is: '169 570'

15-11-2024T09:24:30 - [TEST_STEP][PASSED] - page = page.replaceAll("\s+", ""): null

15-11-2024T09:24:30 - [TEST_STEP][PASSED] - filePoteri = poteri.toInteger(): null

15-11-2024T09:24:30 - [TEST_STEP][PASSED] - pagePoteri = page.toInteger(): null

15-11-2024T09:24:30 - [TEST_STEP][PASSED] - compare = pageOtpuskVSet: null

15-11-2024T09:24:30 - [TEST_STEP][PASSED] - if (compare == fileOtpuskVSet): null

15-11-2024T09:24:30 - [TEST_STEP][PASSED] - if (compare == fileOtpuskVSet): null

15-11-2024T09:24:30 - [TEST_STEP][PASSED] - compare = pagePoteri: null

15-11-2024T09:24:30 - [TEST_STEP][PASSED] - if (compare == filePoteri): null

15-11-2024T09:24:30 - [TEST_STEP][PASSED] - if (compare == filePoteri): null

15-11-2024T09:24:30 - [TEST_STEP][PASSED] - if (planFact == 2): Object: 'Object Repository/Выполнение бизнес-плана/Кнопка Факт' is clicked on

15-11-2024T09:24:30 - [TEST_STEP][PASSED] - click(findTestObject("Выполнение бизнес-плана/Кнопка Факт")): Object: 'Object Repository/Выполнение бизнес-плана/Кнопка Факт' is clicked on

15-11-2024T09:24:30 - [MESSAGE][PASSED] - Object: 'Object Repository/Выполнение бизнес-плана/Кнопка Факт' is clicked on

15-11-2024T09:24:30 - [TEST_STEP][PASSED] - if (a == 84 || a == 82): null

15-11-2024T09:24:30 - [TEST_STEP][PASSED] - else if (a == 52 || a == 72 || a == 28 || a == 73 || a == 77 || a == 74 || a == 65 || a == 36 || a == 44 || a == 53 || a == 80 || a == 54 || a == 1 || a == 18 || a == 59 || a == 81): null

15-11-2024T09:24:30 - [TEST_STEP][PASSED] - else: null

15-11-2024T09:24:30 - [TEST_STEP][PASSED] - page1 = getText(findTestObject("Object Repository/Выполнение бизнес-плана/spanPlan" + filialNum)): Text of object 'Object Repository/Выполнение бизнес-плана/spanPlan6' is: '7.48
|'

15-11-2024T09:24:30 - [MESSAGE][PASSED] - Text of object 'Object Repository/Выполнение бизнес-плана/spanPlan6' is: '7.48
|'

15-11-2024T09:24:30 - [TEST_STEP][PASSED] - page1 = page1.replace("|", ""): null

15-11-2024T09:24:30 - [TEST_STEP][PASSED] - page2 = getText(findTestObject("Object Repository/Выполнение бизнес-плана/spanFact" + filialNum)): Text of object 'Object Repository/Выполнение бизнес-плана/spanFact6' is: '7.48
|'

15-11-2024T09:24:31 - [MESSAGE][PASSED] - Text of object 'Object Repository/Выполнение бизнес-плана/spanFact6' is: '7.48
|'

15-11-2024T09:24:31 - [TEST_STEP][PASSED] - page2 = page2.replace("|", ""): null

15-11-2024T09:24:31 - [TEST_STEP][PASSED] - println("page1: " + page1): null

15-11-2024T09:24:31 - [TEST_STEP][PASSED] - println("page2: " + page2): null

15-11-2024T09:24:31 - [TEST_STEP][PASSED] - file = findTestData("PlanFact").getValue(4, a): null

15-11-2024T09:24:31 - [TEST_STEP][PASSED] - file = file.replace(",", "."): null

15-11-2024T09:24:31 - [TEST_STEP][PASSED] - println("file Plan: " + file): null

15-11-2024T09:24:31 - [TEST_STEP][PASSED] - typeOfData = "План в процентах": null

15-11-2024T09:24:31 - [TEST_STEP][PASSED] - fileDouble = file.toDouble(): null

15-11-2024T09:24:31 - [TEST_STEP][PASSED] - pageDouble = page1.toDouble(): null

15-11-2024T09:24:31 - [TEST_STEP][PASSED] - if (fileDouble != pageDouble): null

15-11-2024T09:24:31 - [TEST_STEP][PASSED] - file = findTestData("PlanFact").getValue(7, a): null

15-11-2024T09:24:31 - [TEST_STEP][PASSED] - file = file.replace(",", "."): null

15-11-2024T09:24:31 - [TEST_STEP][PASSED] - println("file Fact: " + file): null

15-11-2024T09:24:31 - [TEST_STEP][PASSED] - fileDouble = file.toDouble(): null

15-11-2024T09:24:31 - [TEST_STEP][PASSED] - typeOfData = "Факт в процентах": null

15-11-2024T09:24:31 - [TEST_STEP][PASSED] - fileDouble = file.toDouble(): null

15-11-2024T09:24:31 - [TEST_STEP][PASSED] - pageDouble = page2.toDouble(): null

15-11-2024T09:24:31 - [TEST_STEP][PASSED] - if (fileDouble != pageDouble): null

15-11-2024T09:24:31 - [TEST_STEP][PASSED] - if (verifyEqual(numberOfErrors, 0) == false): Actual object '0' and expected object '0' are equal

15-11-2024T09:24:31 - [MESSAGE][PASSED] - Actual object '0' and expected object '0' are equal

15-11-2024T09:24:31 - [TEST_STEP][PASSED] - if (a == 82): null

15-11-2024T09:24:31 - [TEST_STEP][PASSED] - dZO = "Читаэнерго": null

15-11-2024T09:24:31 - [TEST_STEP][PASSED] - a = 51: null

15-11-2024T09:24:31 - [TEST_STEP][PASSED] - if (x2.contains(dZO)): null

15-11-2024T09:24:31 - [TEST_STEP][PASSED] - filialNum = filialNum + 1: null

15-11-2024T09:24:31 - [TEST_STEP][PASSED] - Script1718980020443.Numbers(a, typeOfData, todaysDate, pageInt, fileInt, pageDouble, fileDouble, dZO, dzoNum, filialNum): null

15-11-2024T09:24:31 - [TEST_STEP][PASSED] - println(dzoNum): null

15-11-2024T09:24:31 - [TEST_STEP][PASSED] - planFact = <not implemented yet for class: org.codehaus.groovy.ast.expr.EmptyExpression>: null

15-11-2024T09:24:31 - [TEST_STEP][PASSED] - page = <not implemented yet for class: org.codehaus.groovy.ast.expr.EmptyExpression>: null

15-11-2024T09:24:31 - [TEST_STEP][PASSED] - page1 = <not implemented yet for class: org.codehaus.groovy.ast.expr.EmptyExpression>: null

15-11-2024T09:24:31 - [TEST_STEP][PASSED] - page2 = <not implemented yet for class: org.codehaus.groovy.ast.expr.EmptyExpression>: null

15-11-2024T09:24:31 - [TEST_STEP][PASSED] - filialNumberInRow = <not implemented yet for class: org.codehaus.groovy.ast.expr.EmptyExpression>: null

15-11-2024T09:24:31 - [TEST_STEP][PASSED] - filialsDzoNames = <not implemented yet for class: org.codehaus.groovy.ast.expr.EmptyExpression>: null

15-11-2024T09:24:31 - [TEST_STEP][PASSED] - numberOfFilials = <not implemented yet for class: org.codehaus.groovy.ast.expr.EmptyExpression>: null

15-11-2024T09:24:31 - [TEST_STEP][PASSED] - numberOfSpaces = <not implemented yet for class: org.codehaus.groovy.ast.expr.EmptyExpression>: null

15-11-2024T09:24:31 - [TEST_STEP][PASSED] - file = <not implemented yet for class: org.codehaus.groovy.ast.expr.EmptyExpression>: null

15-11-2024T09:24:31 - [TEST_STEP][PASSED] - otpusk = <not implemented yet for class: org.codehaus.groovy.ast.expr.EmptyExpression>: null

15-11-2024T09:24:31 - [TEST_STEP][PASSED] - poteri = <not implemented yet for class: org.codehaus.groovy.ast.expr.EmptyExpression>: null

15-11-2024T09:24:31 - [TEST_STEP][PASSED] - dataFolder = "Выполнение бизнес-плана/Значения со страницы Выполнение бизнес-плана/": null

15-11-2024T09:24:31 - [TEST_STEP][PASSED] - path = <not implemented yet for class: org.codehaus.groovy.ast.expr.EmptyExpression>: null

15-11-2024T09:24:31 - [TEST_STEP][PASSED] - typeOfDataMain = <not implemented yet for class: org.codehaus.groovy.ast.expr.EmptyExpression>: null

15-11-2024T09:24:31 - [TEST_STEP][PASSED] - fileOtpuskVSet = <not implemented yet for class: org.codehaus.groovy.ast.expr.EmptyExpression>: null

15-11-2024T09:24:31 - [TEST_STEP][PASSED] - pageOtpuskVSet = <not implemented yet for class: org.codehaus.groovy.ast.expr.EmptyExpression>: null

15-11-2024T09:24:31 - [TEST_STEP][PASSED] - filePoteri = <not implemented yet for class: org.codehaus.groovy.ast.expr.EmptyExpression>: null

15-11-2024T09:24:31 - [TEST_STEP][PASSED] - pagePoteri = <not implemented yet for class: org.codehaus.groovy.ast.expr.EmptyExpression>: null

15-11-2024T09:24:31 - [TEST_STEP][PASSED] - compare = <not implemented yet for class: org.codehaus.groovy.ast.expr.EmptyExpression>: null

15-11-2024T09:24:31 - [TEST_STEP][PASSED] - b = <not implemented yet for class: org.codehaus.groovy.ast.expr.EmptyExpression>: null

15-11-2024T09:24:31 - [TEST_STEP][PASSED] - i = <not implemented yet for class: org.codehaus.groovy.ast.expr.EmptyExpression>: null

15-11-2024T09:24:31 - [TEST_STEP][PASSED] - ii = <not implemented yet for class: org.codehaus.groovy.ast.expr.EmptyExpression>: null

15-11-2024T09:24:31 - [TEST_STEP][PASSED] - c = <not implemented yet for class: org.codehaus.groovy.ast.expr.EmptyExpression>: null

15-11-2024T09:24:31 - [TEST_STEP][PASSED] - numberOfErrors = 0: null

15-11-2024T09:24:31 - [TEST_STEP][PASSED] - if (a == 82): null

15-11-2024T09:24:31 - [TEST_STEP][PASSED] - b = findTestData("PlanFact").getValue(1, a): null

15-11-2024T09:24:31 - [TEST_STEP][PASSED] - i = b.indexOf(" (ГК)"): null

15-11-2024T09:24:31 - [TEST_STEP][PASSED] - if (i > -1): null

15-11-2024T09:24:31 - [TEST_STEP][PASSED] - i = b.indexOf("О ""): null

15-11-2024T09:24:31 - [TEST_STEP][PASSED] - if (i > -1): null

15-11-2024T09:24:31 - [TEST_STEP][PASSED] - i = b.indexOf("О «"): null

15-11-2024T09:24:31 - [TEST_STEP][PASSED] - if (i > -1): null

15-11-2024T09:24:31 - [TEST_STEP][PASSED] - i = b.indexOf("г. "): null

15-11-2024T09:24:31 - [TEST_STEP][PASSED] - if (i > -1): null

15-11-2024T09:24:31 - [TEST_STEP][PASSED] - println(b): null

15-11-2024T09:24:31 - [TEST_STEP][PASSED] - for ([planFact = 1, planFact < 3, (planFact++)]): null

15-11-2024T09:24:31 - [TEST_STEP][PASSED] - if (planFact == 1): null

15-11-2024T09:24:31 - [TEST_STEP][PASSED] - typeOfDataMain = "Факт": null

15-11-2024T09:24:31 - [TEST_STEP][PASSED] - otpusk = findTestData("PlanFact").getValue(5, a): null

15-11-2024T09:24:31 - [TEST_STEP][PASSED] - poteri = findTestData("PlanFact").getValue(6, a): null

15-11-2024T09:24:31 - [TEST_STEP][PASSED] - otpusk = otpusk.replaceAll("\s+", ""): null

15-11-2024T09:24:31 - [TEST_STEP][PASSED] - poteri = poteri.replaceAll("\s+", ""): null

15-11-2024T09:24:31 - [TEST_STEP][PASSED] - typeOfData = typeOfDataMain + " Отпуск в сеть": null

15-11-2024T09:24:31 - [TEST_STEP][PASSED] - if (a == 82): null

15-11-2024T09:24:31 - [TEST_STEP][PASSED] - else if (a == 84): null

15-11-2024T09:24:31 - [TEST_STEP][PASSED] - else if (a == 52 || a == 72 || a == 28 || a == 73 || a == 77 || a == 74 || a == 65 || a == 36 || a == 44 || a == 53 || a == 80 || a == 54 || a == 1 || a == 18 || a == 59 || a == 81): null

15-11-2024T09:24:31 - [TEST_STEP][PASSED] - else: null

15-11-2024T09:24:31 - [TEST_STEP][PASSED] - path = dataFolder + typeOfData + " за отчётный период " + b: null

15-11-2024T09:24:31 - [TEST_STEP][PASSED] - println(path): null

15-11-2024T09:24:31 - [TEST_STEP][PASSED] - page = getText(findTestObject(path)): Text of object 'Object Repository/Выполнение бизнес-плана/Значения со страницы Выполнение бизнес-плана/Факт Отпуск в сеть за отчётный период Читаэнерго' is: '5 431 468'

15-11-2024T09:24:31 - [MESSAGE][PASSED] - Text of object 'Object Repository/Выполнение бизнес-плана/Значения со страницы Выполнение бизнес-плана/Факт Отпуск в сеть за отчётный период Читаэнерго' is: '5 431 468'

15-11-2024T09:24:31 - [TEST_STEP][PASSED] - page = page.replaceAll("\s+", ""): null

15-11-2024T09:24:31 - [TEST_STEP][PASSED] - fileOtpuskVSet = otpusk.toInteger(): null

15-11-2024T09:24:31 - [TEST_STEP][PASSED] - pageOtpuskVSet = page.toInteger(): null

15-11-2024T09:24:31 - [TEST_STEP][PASSED] - typeOfData = typeOfDataMain + " Потери": null

15-11-2024T09:24:31 - [TEST_STEP][PASSED] - if (a == 82): null

15-11-2024T09:24:31 - [TEST_STEP][PASSED] - else if (a == 84): null

15-11-2024T09:24:31 - [TEST_STEP][PASSED] - else if (a == 52 || a == 72 || a == 28 || a == 73 || a == 77 || a == 74 || a == 65 || a == 36 || a == 44 || a == 53 || a == 80 || a == 54 || a == 1 || a == 18 || a == 59 || a == 81): null

15-11-2024T09:24:31 - [TEST_STEP][PASSED] - else: null

15-11-2024T09:24:31 - [TEST_STEP][PASSED] - path = dataFolder + typeOfData + " за отчётный период " + b: null

15-11-2024T09:24:31 - [TEST_STEP][PASSED] - page = getText(findTestObject(path)): Text of object 'Object Repository/Выполнение бизнес-плана/Значения со страницы Выполнение бизнес-плана/Факт Потери за отчётный период Читаэнерго' is: '419 296'

15-11-2024T09:24:32 - [MESSAGE][PASSED] - Text of object 'Object Repository/Выполнение бизнес-плана/Значения со страницы Выполнение бизнес-плана/Факт Потери за отчётный период Читаэнерго' is: '419 296'

15-11-2024T09:24:32 - [TEST_STEP][PASSED] - page = page.replaceAll("\s+", ""): null

15-11-2024T09:24:32 - [TEST_STEP][PASSED] - filePoteri = poteri.toInteger(): null

15-11-2024T09:24:32 - [TEST_STEP][PASSED] - pagePoteri = page.toInteger(): null

15-11-2024T09:24:32 - [TEST_STEP][PASSED] - compare = pageOtpuskVSet: null

15-11-2024T09:24:32 - [TEST_STEP][PASSED] - if (compare == fileOtpuskVSet): null

15-11-2024T09:24:32 - [TEST_STEP][PASSED] - else if (compare > fileOtpuskVSet): null

15-11-2024T09:24:32 - [TEST_STEP][PASSED] - compare = compare - 1: null

15-11-2024T09:24:32 - [TEST_STEP][PASSED] - if (compare == fileOtpuskVSet): null

15-11-2024T09:24:32 - [TEST_STEP][PASSED] - else: null

15-11-2024T09:24:32 - [TEST_STEP][PASSED] - numberOfErrors = numberOfErrors + 1: null

15-11-2024T09:24:32 - [TEST_STEP][PASSED] - pageInt = pageOtpuskVSet: null

15-11-2024T09:24:32 - [TEST_STEP][PASSED] - fileInt = fileOtpuskVSet: null

15-11-2024T09:24:32 - [TEST_STEP][PASSED] - typeOfData = typeOfDataMain + " Отпуск в сеть": null

15-11-2024T09:24:32 - [TEST_STEP][PASSED] - Script1718980020443.WriteToExcel(a, typeOfData, todaysDate, pageInt, fileInt, pageDouble, fileDouble, dZO): null

15-11-2024T09:24:32 - [TEST_STEP][PASSED] - sheetName = "Sheet1": null

15-11-2024T09:24:32 - [TEST_STEP][PASSED] - data = findTestData("PlanFact"): null

15-11-2024T09:24:32 - [TEST_STEP][PASSED] - n = data.getRowNumbers() + 1: null

15-11-2024T09:24:32 - [TEST_STEP][PASSED] - year = todaysDate.substring(todaysDate.length() - 4, todaysDate.length()): null

15-11-2024T09:24:32 - [TEST_STEP][PASSED] - y = year.toInteger(): null

15-11-2024T09:24:32 - [TEST_STEP][PASSED] - m = getText(findTestObject("Выполнение бизнес-плана/Период")): Text of object 'Object Repository/Выполнение бизнес-плана/Период' is: '1, 2, 3 кв. 2024 года'

15-11-2024T09:24:32 - [MESSAGE][PASSED] - Text of object 'Object Repository/Выполнение бизнес-плана/Период' is: '1, 2, 3 кв. 2024 года'

15-11-2024T09:24:32 - [TEST_STEP][PASSED] - m = m.substring(0, m.indexOf("2024")): null

15-11-2024T09:24:32 - [TEST_STEP][PASSED] - m = m.trim(): null

15-11-2024T09:24:32 - [TEST_STEP][PASSED] - dashboardName = "Выполнение бизнес-плана": null

15-11-2024T09:24:32 - [TEST_STEP][PASSED] - workbook01 = getWorkbook(excelFilePath): null

15-11-2024T09:24:32 - [TEST_STEP][PASSED] - sheet01 = getExcelSheet(workbook01, sheetName): null

15-11-2024T09:24:32 - [TEST_STEP][PASSED] - setValueToCellByIndex(sheet01, n, 0, dashboardName): null

15-11-2024T09:24:32 - [TEST_STEP][PASSED] - setValueToCellByIndex(sheet01, n, 1, dZO): null

15-11-2024T09:24:32 - [TEST_STEP][PASSED] - setValueToCellByIndex(sheet01, n, 2, typeOfData): null

15-11-2024T09:24:32 - [TEST_STEP][PASSED] - if (typeOfData == "Факт в процентах" || typeOfData == "План в процентах"): null

15-11-2024T09:24:32 - [TEST_STEP][PASSED] - else: null

15-11-2024T09:24:32 - [TEST_STEP][PASSED] - setValueToCellByIndex(sheet01, n, 3, fileInt): null

15-11-2024T09:24:32 - [TEST_STEP][PASSED] - setValueToCellByIndex(sheet01, n, 4, pageInt): null

15-11-2024T09:24:32 - [TEST_STEP][PASSED] - setValueToCellByIndex(sheet01, n, 5, m): null

15-11-2024T09:24:32 - [TEST_STEP][PASSED] - setValueToCellByIndex(sheet01, n, 6, y): null

15-11-2024T09:24:32 - [TEST_STEP][PASSED] - setValueToCellByIndex(sheet01, n, 7, todaysDate): null

15-11-2024T09:24:32 - [TEST_STEP][PASSED] - n = n + 1: null

15-11-2024T09:24:32 - [TEST_STEP][PASSED] - saveWorkbook(excelFilePath, workbook01): null

15-11-2024T09:24:32 - [TEST_STEP][PASSED] - compare = pagePoteri: null

15-11-2024T09:24:32 - [TEST_STEP][PASSED] - if (compare == filePoteri): null

15-11-2024T09:24:32 - [TEST_STEP][PASSED] - else if (compare > filePoteri): null

15-11-2024T09:24:32 - [TEST_STEP][PASSED] - compare = compare - 1: null

15-11-2024T09:24:32 - [TEST_STEP][PASSED] - if (compare == filePoteri): null

15-11-2024T09:24:32 - [TEST_STEP][PASSED] - else: null

15-11-2024T09:24:32 - [TEST_STEP][PASSED] - numberOfErrors = numberOfErrors + 1: null

15-11-2024T09:24:32 - [TEST_STEP][PASSED] - pageInt = pagePoteri: null

15-11-2024T09:24:32 - [TEST_STEP][PASSED] - fileInt = filePoteri: null

15-11-2024T09:24:32 - [TEST_STEP][PASSED] - typeOfData = typeOfDataMain + " Потери": null

15-11-2024T09:24:32 - [TEST_STEP][PASSED] - Script1718980020443.WriteToExcel(a, typeOfData, todaysDate, pageInt, fileInt, pageDouble, fileDouble, dZO): null

15-11-2024T09:24:32 - [TEST_STEP][PASSED] - sheetName = "Sheet1": null

15-11-2024T09:24:32 - [TEST_STEP][PASSED] - data = findTestData("PlanFact"): null

15-11-2024T09:24:32 - [TEST_STEP][PASSED] - n = data.getRowNumbers() + 1: null

15-11-2024T09:24:32 - [TEST_STEP][PASSED] - year = todaysDate.substring(todaysDate.length() - 4, todaysDate.length()): null

15-11-2024T09:24:32 - [TEST_STEP][PASSED] - y = year.toInteger(): null

15-11-2024T09:24:32 - [TEST_STEP][PASSED] - m = getText(findTestObject("Выполнение бизнес-плана/Период")): Text of object 'Object Repository/Выполнение бизнес-плана/Период' is: '1, 2, 3 кв. 2024 года'

15-11-2024T09:24:33 - [MESSAGE][PASSED] - Text of object 'Object Repository/Выполнение бизнес-плана/Период' is: '1, 2, 3 кв. 2024 года'

15-11-2024T09:24:33 - [TEST_STEP][PASSED] - m = m.substring(0, m.indexOf("2024")): null

15-11-2024T09:24:33 - [TEST_STEP][PASSED] - m = m.trim(): null

15-11-2024T09:24:33 - [TEST_STEP][PASSED] - dashboardName = "Выполнение бизнес-плана": null

15-11-2024T09:24:33 - [TEST_STEP][PASSED] - workbook01 = getWorkbook(excelFilePath): null

15-11-2024T09:24:33 - [TEST_STEP][PASSED] - sheet01 = getExcelSheet(workbook01, sheetName): null

15-11-2024T09:24:33 - [TEST_STEP][PASSED] - setValueToCellByIndex(sheet01, n, 0, dashboardName): null

15-11-2024T09:24:33 - [TEST_STEP][PASSED] - setValueToCellByIndex(sheet01, n, 1, dZO): null

15-11-2024T09:24:33 - [TEST_STEP][PASSED] - setValueToCellByIndex(sheet01, n, 2, typeOfData): null

15-11-2024T09:24:33 - [TEST_STEP][PASSED] - if (typeOfData == "Факт в процентах" || typeOfData == "План в процентах"): null

15-11-2024T09:24:33 - [TEST_STEP][PASSED] - else: null

15-11-2024T09:24:33 - [TEST_STEP][PASSED] - setValueToCellByIndex(sheet01, n, 3, fileInt): null

15-11-2024T09:24:33 - [TEST_STEP][PASSED] - setValueToCellByIndex(sheet01, n, 4, pageInt): null

15-11-2024T09:24:33 - [TEST_STEP][PASSED] - setValueToCellByIndex(sheet01, n, 5, m): null

15-11-2024T09:24:33 - [TEST_STEP][PASSED] - setValueToCellByIndex(sheet01, n, 6, y): null

15-11-2024T09:24:33 - [TEST_STEP][PASSED] - setValueToCellByIndex(sheet01, n, 7, todaysDate): null

15-11-2024T09:24:33 - [TEST_STEP][PASSED] - n = n + 1: null

15-11-2024T09:24:33 - [TEST_STEP][PASSED] - saveWorkbook(excelFilePath, workbook01): null

15-11-2024T09:24:33 - [TEST_STEP][PASSED] - if (planFact == 2): null

15-11-2024T09:24:33 - [TEST_STEP][PASSED] - if (planFact == 1): null

15-11-2024T09:24:33 - [TEST_STEP][PASSED] - else if (planFact == 2): null

15-11-2024T09:24:33 - [TEST_STEP][PASSED] - click(findTestObject("Выполнение бизнес-плана/Кнопка План")): Object: 'Object Repository/Выполнение бизнес-плана/Кнопка План' is clicked on

15-11-2024T09:24:33 - [MESSAGE][PASSED] - Object: 'Object Repository/Выполнение бизнес-плана/Кнопка План' is clicked on

15-11-2024T09:24:33 - [TEST_STEP][PASSED] - typeOfDataMain = "План": null

15-11-2024T09:24:33 - [TEST_STEP][PASSED] - otpusk = findTestData("PlanFact").getValue(2, a): null

15-11-2024T09:24:33 - [TEST_STEP][PASSED] - poteri = findTestData("PlanFact").getValue(3, a): null

15-11-2024T09:24:33 - [TEST_STEP][PASSED] - otpusk = otpusk.replaceAll("\s+", ""): null

15-11-2024T09:24:33 - [TEST_STEP][PASSED] - poteri = poteri.replaceAll("\s+", ""): null

15-11-2024T09:24:33 - [TEST_STEP][PASSED] - typeOfData = typeOfDataMain + " Отпуск в сеть": null

15-11-2024T09:24:33 - [TEST_STEP][PASSED] - if (a == 82): null

15-11-2024T09:24:33 - [TEST_STEP][PASSED] - else if (a == 84): null

15-11-2024T09:24:33 - [TEST_STEP][PASSED] - else if (a == 52 || a == 72 || a == 28 || a == 73 || a == 77 || a == 74 || a == 65 || a == 36 || a == 44 || a == 53 || a == 80 || a == 54 || a == 1 || a == 18 || a == 59 || a == 81): null

15-11-2024T09:24:33 - [TEST_STEP][PASSED] - else: null

15-11-2024T09:24:33 - [TEST_STEP][PASSED] - path = dataFolder + typeOfData + " за отчётный период " + b: null

15-11-2024T09:24:33 - [TEST_STEP][PASSED] - println(path): null

15-11-2024T09:24:33 - [TEST_STEP][PASSED] - page = getText(findTestObject(path)): Text of object 'Object Repository/Выполнение бизнес-плана/Значения со страницы Выполнение бизнес-плана/План Отпуск в сеть за отчётный период Читаэнерго' is: '5 459 825'

15-11-2024T09:24:34 - [MESSAGE][PASSED] - Text of object 'Object Repository/Выполнение бизнес-плана/Значения со страницы Выполнение бизнес-плана/План Отпуск в сеть за отчётный период Читаэнерго' is: '5 459 825'

15-11-2024T09:24:34 - [TEST_STEP][PASSED] - page = page.replaceAll("\s+", ""): null

15-11-2024T09:24:34 - [TEST_STEP][PASSED] - fileOtpuskVSet = otpusk.toInteger(): null

15-11-2024T09:24:34 - [TEST_STEP][PASSED] - pageOtpuskVSet = page.toInteger(): null

15-11-2024T09:24:34 - [TEST_STEP][PASSED] - typeOfData = typeOfDataMain + " Потери": null

15-11-2024T09:24:34 - [TEST_STEP][PASSED] - if (a == 82): null

15-11-2024T09:24:34 - [TEST_STEP][PASSED] - else if (a == 84): null

15-11-2024T09:24:34 - [TEST_STEP][PASSED] - else if (a == 52 || a == 72 || a == 28 || a == 73 || a == 77 || a == 74 || a == 65 || a == 36 || a == 44 || a == 53 || a == 80 || a == 54 || a == 1 || a == 18 || a == 59 || a == 81): null

15-11-2024T09:24:34 - [TEST_STEP][PASSED] - else: null

15-11-2024T09:24:34 - [TEST_STEP][PASSED] - path = dataFolder + typeOfData + " за отчётный период " + b: null

15-11-2024T09:24:34 - [TEST_STEP][PASSED] - page = getText(findTestObject(path)): Text of object 'Object Repository/Выполнение бизнес-плана/Значения со страницы Выполнение бизнес-плана/План Потери за отчётный период Читаэнерго' is: '421 932'

15-11-2024T09:24:34 - [MESSAGE][PASSED] - Text of object 'Object Repository/Выполнение бизнес-плана/Значения со страницы Выполнение бизнес-плана/План Потери за отчётный период Читаэнерго' is: '421 932'

15-11-2024T09:24:34 - [TEST_STEP][PASSED] - page = page.replaceAll("\s+", ""): null

15-11-2024T09:24:34 - [TEST_STEP][PASSED] - filePoteri = poteri.toInteger(): null

15-11-2024T09:24:34 - [TEST_STEP][PASSED] - pagePoteri = page.toInteger(): null

15-11-2024T09:24:34 - [TEST_STEP][PASSED] - compare = pageOtpuskVSet: null

15-11-2024T09:24:34 - [TEST_STEP][PASSED] - if (compare == fileOtpuskVSet): null

15-11-2024T09:24:34 - [TEST_STEP][PASSED] - else if (compare > fileOtpuskVSet): null

15-11-2024T09:24:34 - [TEST_STEP][PASSED] - compare = compare - 1: null

15-11-2024T09:24:34 - [TEST_STEP][PASSED] - if (compare == fileOtpuskVSet): null

15-11-2024T09:24:34 - [TEST_STEP][PASSED] - else: null

15-11-2024T09:24:34 - [TEST_STEP][PASSED] - numberOfErrors = numberOfErrors + 1: null

15-11-2024T09:24:34 - [TEST_STEP][PASSED] - pageInt = pageOtpuskVSet: null

15-11-2024T09:24:34 - [TEST_STEP][PASSED] - fileInt = fileOtpuskVSet: null

15-11-2024T09:24:34 - [TEST_STEP][PASSED] - typeOfData = typeOfDataMain + " Отпуск в сеть": null

15-11-2024T09:24:34 - [TEST_STEP][PASSED] - Script1718980020443.WriteToExcel(a, typeOfData, todaysDate, pageInt, fileInt, pageDouble, fileDouble, dZO): null

15-11-2024T09:24:34 - [TEST_STEP][PASSED] - sheetName = "Sheet1": null

15-11-2024T09:24:34 - [TEST_STEP][PASSED] - data = findTestData("PlanFact"): null

15-11-2024T09:24:34 - [TEST_STEP][PASSED] - n = data.getRowNumbers() + 1: null

15-11-2024T09:24:34 - [TEST_STEP][PASSED] - year = todaysDate.substring(todaysDate.length() - 4, todaysDate.length()): null

15-11-2024T09:24:34 - [TEST_STEP][PASSED] - y = year.toInteger(): null

15-11-2024T09:24:34 - [TEST_STEP][PASSED] - m = getText(findTestObject("Выполнение бизнес-плана/Период")): Text of object 'Object Repository/Выполнение бизнес-плана/Период' is: '1, 2, 3 кв. 2024 года'

15-11-2024T09:24:34 - [MESSAGE][PASSED] - Text of object 'Object Repository/Выполнение бизнес-плана/Период' is: '1, 2, 3 кв. 2024 года'

15-11-2024T09:24:34 - [TEST_STEP][PASSED] - m = m.substring(0, m.indexOf("2024")): null

15-11-2024T09:24:34 - [TEST_STEP][PASSED] - m = m.trim(): null

15-11-2024T09:24:34 - [TEST_STEP][PASSED] - dashboardName = "Выполнение бизнес-плана": null

15-11-2024T09:24:34 - [TEST_STEP][PASSED] - workbook01 = getWorkbook(excelFilePath): null

15-11-2024T09:24:34 - [TEST_STEP][PASSED] - sheet01 = getExcelSheet(workbook01, sheetName): null

15-11-2024T09:24:34 - [TEST_STEP][PASSED] - setValueToCellByIndex(sheet01, n, 0, dashboardName): null

15-11-2024T09:24:34 - [TEST_STEP][PASSED] - setValueToCellByIndex(sheet01, n, 1, dZO): null

15-11-2024T09:24:34 - [TEST_STEP][PASSED] - setValueToCellByIndex(sheet01, n, 2, typeOfData): null

15-11-2024T09:24:34 - [TEST_STEP][PASSED] - if (typeOfData == "Факт в процентах" || typeOfData == "План в процентах"): null

15-11-2024T09:24:34 - [TEST_STEP][PASSED] - else: null

15-11-2024T09:24:34 - [TEST_STEP][PASSED] - setValueToCellByIndex(sheet01, n, 3, fileInt): null

15-11-2024T09:24:34 - [TEST_STEP][PASSED] - setValueToCellByIndex(sheet01, n, 4, pageInt): null

15-11-2024T09:24:34 - [TEST_STEP][PASSED] - setValueToCellByIndex(sheet01, n, 5, m): null

15-11-2024T09:24:34 - [TEST_STEP][PASSED] - setValueToCellByIndex(sheet01, n, 6, y): null

15-11-2024T09:24:34 - [TEST_STEP][PASSED] - setValueToCellByIndex(sheet01, n, 7, todaysDate): null

15-11-2024T09:24:34 - [TEST_STEP][PASSED] - n = n + 1: null

15-11-2024T09:24:34 - [TEST_STEP][PASSED] - saveWorkbook(excelFilePath, workbook01): null

15-11-2024T09:24:35 - [TEST_STEP][PASSED] - compare = pagePoteri: null

15-11-2024T09:24:35 - [TEST_STEP][PASSED] - if (compare == filePoteri): null

15-11-2024T09:24:35 - [TEST_STEP][PASSED] - else if (compare > filePoteri): null

15-11-2024T09:24:35 - [TEST_STEP][PASSED] - compare = compare - 1: null

15-11-2024T09:24:35 - [TEST_STEP][PASSED] - if (compare == filePoteri): null

15-11-2024T09:24:35 - [TEST_STEP][PASSED] - else: null

15-11-2024T09:24:35 - [TEST_STEP][PASSED] - numberOfErrors = numberOfErrors + 1: null

15-11-2024T09:24:35 - [TEST_STEP][PASSED] - pageInt = pagePoteri: null

15-11-2024T09:24:35 - [TEST_STEP][PASSED] - fileInt = filePoteri: null

15-11-2024T09:24:35 - [TEST_STEP][PASSED] - typeOfData = typeOfDataMain + " Потери": null

15-11-2024T09:24:35 - [TEST_STEP][PASSED] - Script1718980020443.WriteToExcel(a, typeOfData, todaysDate, pageInt, fileInt, pageDouble, fileDouble, dZO): null

15-11-2024T09:24:35 - [TEST_STEP][PASSED] - sheetName = "Sheet1": null

15-11-2024T09:24:35 - [TEST_STEP][PASSED] - data = findTestData("PlanFact"): null

15-11-2024T09:24:35 - [TEST_STEP][PASSED] - n = data.getRowNumbers() + 1: null

15-11-2024T09:24:35 - [TEST_STEP][PASSED] - year = todaysDate.substring(todaysDate.length() - 4, todaysDate.length()): null

15-11-2024T09:24:35 - [TEST_STEP][PASSED] - y = year.toInteger(): null

15-11-2024T09:24:35 - [TEST_STEP][PASSED] - m = getText(findTestObject("Выполнение бизнес-плана/Период")): Text of object 'Object Repository/Выполнение бизнес-плана/Период' is: '1, 2, 3 кв. 2024 года'

15-11-2024T09:24:35 - [MESSAGE][PASSED] - Text of object 'Object Repository/Выполнение бизнес-плана/Период' is: '1, 2, 3 кв. 2024 года'

15-11-2024T09:24:35 - [TEST_STEP][PASSED] - m = m.substring(0, m.indexOf("2024")): null

15-11-2024T09:24:35 - [TEST_STEP][PASSED] - m = m.trim(): null

15-11-2024T09:24:35 - [TEST_STEP][PASSED] - dashboardName = "Выполнение бизнес-плана": null

15-11-2024T09:24:35 - [TEST_STEP][PASSED] - workbook01 = getWorkbook(excelFilePath): null

15-11-2024T09:24:35 - [TEST_STEP][PASSED] - sheet01 = getExcelSheet(workbook01, sheetName): null

15-11-2024T09:24:35 - [TEST_STEP][PASSED] - setValueToCellByIndex(sheet01, n, 0, dashboardName): null

15-11-2024T09:24:35 - [TEST_STEP][PASSED] - setValueToCellByIndex(sheet01, n, 1, dZO): null

15-11-2024T09:24:35 - [TEST_STEP][PASSED] - setValueToCellByIndex(sheet01, n, 2, typeOfData): null

15-11-2024T09:24:35 - [TEST_STEP][PASSED] - if (typeOfData == "Факт в процентах" || typeOfData == "План в процентах"): null

15-11-2024T09:24:35 - [TEST_STEP][PASSED] - else: null

15-11-2024T09:24:35 - [TEST_STEP][PASSED] - setValueToCellByIndex(sheet01, n, 3, fileInt): null

15-11-2024T09:24:35 - [TEST_STEP][PASSED] - setValueToCellByIndex(sheet01, n, 4, pageInt): null

15-11-2024T09:24:35 - [TEST_STEP][PASSED] - setValueToCellByIndex(sheet01, n, 5, m): null

15-11-2024T09:24:35 - [TEST_STEP][PASSED] - setValueToCellByIndex(sheet01, n, 6, y): null

15-11-2024T09:24:35 - [TEST_STEP][PASSED] - setValueToCellByIndex(sheet01, n, 7, todaysDate): null

15-11-2024T09:24:35 - [TEST_STEP][PASSED] - n = n + 1: null

15-11-2024T09:24:35 - [TEST_STEP][PASSED] - saveWorkbook(excelFilePath, workbook01): Object: 'Object Repository/Выполнение бизнес-плана/Кнопка Факт' is clicked on

15-11-2024T09:24:35 - [TEST_STEP][PASSED] - if (planFact == 2): Object: 'Object Repository/Выполнение бизнес-плана/Кнопка Факт' is clicked on

15-11-2024T09:24:35 - [TEST_STEP][PASSED] - click(findTestObject("Выполнение бизнес-плана/Кнопка Факт")): Object: 'Object Repository/Выполнение бизнес-плана/Кнопка Факт' is clicked on

15-11-2024T09:24:36 - [MESSAGE][PASSED] - Object: 'Object Repository/Выполнение бизнес-плана/Кнопка Факт' is clicked on

15-11-2024T09:24:36 - [TEST_STEP][PASSED] - if (a == 84 || a == 82): null

15-11-2024T09:24:36 - [TEST_STEP][PASSED] - else if (a == 52 || a == 72 || a == 28 || a == 73 || a == 77 || a == 74 || a == 65 || a == 36 || a == 44 || a == 53 || a == 80 || a == 54 || a == 1 || a == 18 || a == 59 || a == 81): null

15-11-2024T09:24:36 - [TEST_STEP][PASSED] - else: null

15-11-2024T09:24:36 - [TEST_STEP][PASSED] - page1 = getText(findTestObject("Object Repository/Выполнение бизнес-плана/spanPlan" + filialNum)): Text of object 'Object Repository/Выполнение бизнес-плана/spanPlan7' is: '7.73
|'

15-11-2024T09:24:36 - [MESSAGE][PASSED] - Text of object 'Object Repository/Выполнение бизнес-плана/spanPlan7' is: '7.73
|'

15-11-2024T09:24:36 - [TEST_STEP][PASSED] - page1 = page1.replace("|", ""): null

15-11-2024T09:24:36 - [TEST_STEP][PASSED] - page2 = getText(findTestObject("Object Repository/Выполнение бизнес-плана/spanFact" + filialNum)): Text of object 'Object Repository/Выполнение бизнес-плана/spanFact7' is: '7.72
|'

15-11-2024T09:24:36 - [MESSAGE][PASSED] - Text of object 'Object Repository/Выполнение бизнес-плана/spanFact7' is: '7.72
|'

15-11-2024T09:24:36 - [TEST_STEP][PASSED] - page2 = page2.replace("|", ""): null

15-11-2024T09:24:36 - [TEST_STEP][PASSED] - println("page1: " + page1): null

15-11-2024T09:24:36 - [TEST_STEP][PASSED] - println("page2: " + page2): null

15-11-2024T09:24:36 - [TEST_STEP][PASSED] - file = findTestData("PlanFact").getValue(4, a): null

15-11-2024T09:24:36 - [TEST_STEP][PASSED] - file = file.replace(",", "."): null

15-11-2024T09:24:36 - [TEST_STEP][PASSED] - println("file Plan: " + file): null

15-11-2024T09:24:36 - [TEST_STEP][PASSED] - typeOfData = "План в процентах": null

15-11-2024T09:24:36 - [TEST_STEP][PASSED] - fileDouble = file.toDouble(): null

15-11-2024T09:24:36 - [TEST_STEP][PASSED] - pageDouble = page1.toDouble(): null

15-11-2024T09:24:36 - [TEST_STEP][PASSED] - if (fileDouble != pageDouble): null

15-11-2024T09:24:36 - [TEST_STEP][PASSED] - numberOfErrors = numberOfErrors + 1: null

15-11-2024T09:24:36 - [TEST_STEP][PASSED] - Script1718980020443.WriteToExcel(a, typeOfData, todaysDate, pageInt, fileInt, pageDouble, fileDouble, dZO): null

15-11-2024T09:24:36 - [TEST_STEP][PASSED] - sheetName = "Sheet1": null

15-11-2024T09:24:36 - [TEST_STEP][PASSED] - data = findTestData("PlanFact"): null

15-11-2024T09:24:36 - [TEST_STEP][PASSED] - n = data.getRowNumbers() + 1: null

15-11-2024T09:24:36 - [TEST_STEP][PASSED] - year = todaysDate.substring(todaysDate.length() - 4, todaysDate.length()): null

15-11-2024T09:24:36 - [TEST_STEP][PASSED] - y = year.toInteger(): null

15-11-2024T09:24:36 - [TEST_STEP][PASSED] - m = getText(findTestObject("Выполнение бизнес-плана/Период")): Text of object 'Object Repository/Выполнение бизнес-плана/Период' is: '1, 2, 3 кв. 2024 года'

15-11-2024T09:24:37 - [MESSAGE][PASSED] - Text of object 'Object Repository/Выполнение бизнес-плана/Период' is: '1, 2, 3 кв. 2024 года'

15-11-2024T09:24:37 - [TEST_STEP][PASSED] - m = m.substring(0, m.indexOf("2024")): null

15-11-2024T09:24:37 - [TEST_STEP][PASSED] - m = m.trim(): null

15-11-2024T09:24:37 - [TEST_STEP][PASSED] - dashboardName = "Выполнение бизнес-плана": null

15-11-2024T09:24:37 - [TEST_STEP][PASSED] - workbook01 = getWorkbook(excelFilePath): null

15-11-2024T09:24:37 - [TEST_STEP][PASSED] - sheet01 = getExcelSheet(workbook01, sheetName): null

15-11-2024T09:24:37 - [TEST_STEP][PASSED] - setValueToCellByIndex(sheet01, n, 0, dashboardName): null

15-11-2024T09:24:37 - [TEST_STEP][PASSED] - setValueToCellByIndex(sheet01, n, 1, dZO): null

15-11-2024T09:24:37 - [TEST_STEP][PASSED] - setValueToCellByIndex(sheet01, n, 2, typeOfData): null

15-11-2024T09:24:37 - [TEST_STEP][PASSED] - if (typeOfData == "Факт в процентах" || typeOfData == "План в процентах"): null

15-11-2024T09:24:37 - [TEST_STEP][PASSED] - setValueToCellByIndex(sheet01, n, 3, fileDouble): null

15-11-2024T09:24:37 - [TEST_STEP][PASSED] - setValueToCellByIndex(sheet01, n, 4, pageDouble): null

15-11-2024T09:24:37 - [TEST_STEP][PASSED] - setValueToCellByIndex(sheet01, n, 5, m): null

15-11-2024T09:24:37 - [TEST_STEP][PASSED] - setValueToCellByIndex(sheet01, n, 6, y): null

15-11-2024T09:24:37 - [TEST_STEP][PASSED] - setValueToCellByIndex(sheet01, n, 7, todaysDate): null

15-11-2024T09:24:37 - [TEST_STEP][PASSED] - n = n + 1: null

15-11-2024T09:24:37 - [TEST_STEP][PASSED] - saveWorkbook(excelFilePath, workbook01): null

15-11-2024T09:24:37 - [TEST_STEP][PASSED] - file = findTestData("PlanFact").getValue(7, a): null

15-11-2024T09:24:37 - [TEST_STEP][PASSED] - file = file.replace(",", "."): null

15-11-2024T09:24:37 - [TEST_STEP][PASSED] - println("file Fact: " + file): null

15-11-2024T09:24:37 - [TEST_STEP][PASSED] - fileDouble = file.toDouble(): null

15-11-2024T09:24:37 - [TEST_STEP][PASSED] - typeOfData = "Факт в процентах": null

15-11-2024T09:24:37 - [TEST_STEP][PASSED] - fileDouble = file.toDouble(): null

15-11-2024T09:24:37 - [TEST_STEP][PASSED] - pageDouble = page2.toDouble(): null

15-11-2024T09:24:37 - [TEST_STEP][PASSED] - if (fileDouble != pageDouble): null

15-11-2024T09:24:37 - [TEST_STEP][PASSED] - numberOfErrors = numberOfErrors + 1: null

15-11-2024T09:24:37 - [TEST_STEP][PASSED] - Script1718980020443.WriteToExcel(a, typeOfData, todaysDate, pageInt, fileInt, pageDouble, fileDouble, dZO): null

15-11-2024T09:24:37 - [TEST_STEP][PASSED] - sheetName = "Sheet1": null

15-11-2024T09:24:37 - [TEST_STEP][PASSED] - data = findTestData("PlanFact"): null

15-11-2024T09:24:37 - [TEST_STEP][PASSED] - n = data.getRowNumbers() + 1: null

15-11-2024T09:24:37 - [TEST_STEP][PASSED] - year = todaysDate.substring(todaysDate.length() - 4, todaysDate.length()): null

15-11-2024T09:24:37 - [TEST_STEP][PASSED] - y = year.toInteger(): null

15-11-2024T09:24:37 - [TEST_STEP][PASSED] - m = getText(findTestObject("Выполнение бизнес-плана/Период")): Text of object 'Object Repository/Выполнение бизнес-плана/Период' is: '1, 2, 3 кв. 2024 года'

15-11-2024T09:24:37 - [MESSAGE][PASSED] - Text of object 'Object Repository/Выполнение бизнес-плана/Период' is: '1, 2, 3 кв. 2024 года'

15-11-2024T09:24:37 - [TEST_STEP][PASSED] - m = m.substring(0, m.indexOf("2024")): null

15-11-2024T09:24:37 - [TEST_STEP][PASSED] - m = m.trim(): null

15-11-2024T09:24:37 - [TEST_STEP][PASSED] - dashboardName = "Выполнение бизнес-плана": null

15-11-2024T09:24:37 - [TEST_STEP][PASSED] - workbook01 = getWorkbook(excelFilePath): null

15-11-2024T09:24:37 - [TEST_STEP][PASSED] - sheet01 = getExcelSheet(workbook01, sheetName): null

15-11-2024T09:24:37 - [TEST_STEP][PASSED] - setValueToCellByIndex(sheet01, n, 0, dashboardName): null

15-11-2024T09:24:37 - [TEST_STEP][PASSED] - setValueToCellByIndex(sheet01, n, 1, dZO): null

15-11-2024T09:24:37 - [TEST_STEP][PASSED] - setValueToCellByIndex(sheet01, n, 2, typeOfData): null

15-11-2024T09:24:37 - [TEST_STEP][PASSED] - if (typeOfData == "Факт в процентах" || typeOfData == "План в процентах"): null

15-11-2024T09:24:37 - [TEST_STEP][PASSED] - setValueToCellByIndex(sheet01, n, 3, fileDouble): null

15-11-2024T09:24:37 - [TEST_STEP][PASSED] - setValueToCellByIndex(sheet01, n, 4, pageDouble): null

15-11-2024T09:24:37 - [TEST_STEP][PASSED] - setValueToCellByIndex(sheet01, n, 5, m): null

15-11-2024T09:24:37 - [TEST_STEP][PASSED] - setValueToCellByIndex(sheet01, n, 6, y): null

15-11-2024T09:24:37 - [TEST_STEP][PASSED] - setValueToCellByIndex(sheet01, n, 7, todaysDate): null

15-11-2024T09:24:37 - [TEST_STEP][PASSED] - n = n + 1: null

15-11-2024T09:24:37 - [TEST_STEP][PASSED] - saveWorkbook(excelFilePath, workbook01): null

15-11-2024T09:24:38 - [TEST_STEP][FAILED] - if (verifyEqual(numberOfErrors, 0) == false): null

15-11-2024T09:24:38 - [MESSAGE][FAILED] - Unable to verify equal between actual object '6' and expected object '0' (Root cause: com.kms.katalon.core.exception.StepFailedException: Actual object '6' and expected object '0' are not equal
	at com.kms.katalon.core.keyword.builtin.VerifyEqualKeyword$_verifyEqual_closure1.doCall(VerifyEqualKeyword.groovy:58)
	at com.kms.katalon.core.keyword.builtin.VerifyEqualKeyword$_verifyEqual_closure1.call(VerifyEqualKeyword.groovy)
	at com.kms.katalon.core.keyword.internal.KeywordMain.runKeyword(KeywordMain.groovy:75)
	at com.kms.katalon.core.keyword.builtin.VerifyEqualKeyword.verifyEqual(VerifyEqualKeyword.groovy:63)
	at com.kms.katalon.core.keyword.builtin.VerifyEqualKeyword.execute(VerifyEqualKeyword.groovy:44)
	at com.kms.katalon.core.keyword.internal.KeywordExecutor.executeKeywordForPlatform(KeywordExecutor.groovy:74)
	at com.kms.katalon.core.keyword.BuiltinKeywords.verifyEqual(BuiltinKeywords.groovy:146)
	at jdk.internal.reflect.GeneratedMethodAccessor25.invoke(Unknown Source)
	at java.base/jdk.internal.reflect.DelegatingMethodAccessorImpl.invoke(DelegatingMethodAccessorImpl.java:43)
	at Выполнение бизнес-плана Сверка ПАО Россети все филиалы.Numbers(Выполнение бизнес-плана Сверка ПАО Россети все филиалы:740)
	at Выполнение бизнес-плана Сверка ПАО Россети все филиалы.Filials(Выполнение бизнес-плана Сверка ПАО Россети все филиалы:1633)
	at Выполнение бизнес-плана Сверка ПАО Россети все филиалы.Numbers(Выполнение бизнес-плана Сверка ПАО Россети все филиалы:745)
	at Выполнение бизнес-плана Сверка ПАО Россети все филиалы.run(Выполнение бизнес-плана Сверка ПАО Россети все филиалы:332)
	at com.kms.katalon.core.main.ScriptEngine.run(ScriptEngine.java:194)
	at com.kms.katalon.core.main.ScriptEngine.runScriptAsRawText(ScriptEngine.java:119)
	at com.kms.katalon.core.main.TestCaseExecutor.runScript(TestCaseExecutor.java:448)
	at com.kms.katalon.core.main.TestCaseExecutor.doExecute(TestCaseExecutor.java:439)
	at com.kms.katalon.core.main.TestCaseExecutor.processExecutionPhase(TestCaseExecutor.java:418)
	at com.kms.katalon.core.main.TestCaseExecutor.accessMainPhase(TestCaseExecutor.java:410)
	at com.kms.katalon.core.main.TestCaseExecutor.execute(TestCaseExecutor.java:285)
	at com.kms.katalon.core.common.CommonExecutor.accessTestCaseMainPhase(CommonExecutor.java:65)
	at com.kms.katalon.core.main.TestSuiteExecutor.accessTestSuiteMainPhase(TestSuiteExecutor.java:150)
	at com.kms.katalon.core.main.TestSuiteExecutor.execute(TestSuiteExecutor.java:106)
	at com.kms.katalon.core.main.TestCaseMain.startTestSuite(TestCaseMain.java:180)
	at TempTestSuite1731647997681.run(TempTestSuite1731647997681.groovy:35)
	at java.base/jdk.internal.reflect.NativeMethodAccessorImpl.invoke0(Native Method)
	at java.base/jdk.internal.reflect.NativeMethodAccessorImpl.invoke(NativeMethodAccessorImpl.java:77)
	at java.base/jdk.internal.reflect.DelegatingMethodAccessorImpl.invoke(DelegatingMethodAccessorImpl.java:43)
)

15-11-2024T09:24:38 - [TEST_STEP][PASSED] - println(numberOfErrors): null

15-11-2024T09:24:38 - [TEST_STEP][PASSED] - if (a == 28 || a == 77 || a == 74 || a == 65 || a == 36 || a == 44 || a == 54 || a == 1 || a == 18 || a == 59): null

15-11-2024T09:24:38 - [TEST_STEP][PASSED] - if (a == 82): null

15-11-2024T09:24:38 - [TEST_STEP][PASSED] - filialNum = 0: null

15-11-2024T09:24:38 - [TEST_STEP][PASSED] - if (a == 54): null

15-11-2024T09:24:38 - [TEST_STEP][PASSED] - if (a == 59): null

15-11-2024T09:24:38 - [TEST_STEP][PASSED] - Script1718980020443.OpenFilter(): null

15-11-2024T09:24:38 - [TEST_STEP][PASSED] - click(findTestObject("Object Repository/Выполнение бизнес-плана/Фильтр ДЗО")): Object: 'Object Repository/Выполнение бизнес-плана/Фильтр ДЗО' is clicked on

15-11-2024T09:24:38 - [MESSAGE][PASSED] - Object: 'Object Repository/Выполнение бизнес-плана/Фильтр ДЗО' is clicked on

15-11-2024T09:24:38 - [TEST_STEP][PASSED] - click(findTestObject("Выполнение бизнес-плана/Снять выделение в фильтре ДЗО")): Object: 'Object Repository/Выполнение бизнес-плана/Снять выделение в фильтре ДЗО' is clicked on

15-11-2024T09:24:39 - [MESSAGE][PASSED] - Object: 'Object Repository/Выполнение бизнес-плана/Снять выделение в фильтре ДЗО' is clicked on

15-11-2024T09:24:39 - [TEST_STEP][PASSED] - Script1718980020443.CloseFilter(): null

15-11-2024T09:24:39 - [TEST_STEP][PASSED] - scrollToElement(findTestObject("Выполнение бизнес-плана/Заголовок дашборда"), 30): Scroll to object 'Object Repository/Выполнение бизнес-плана/Заголовок дашборда' successfully

15-11-2024T09:24:39 - [MESSAGE][PASSED] - Scroll to object 'Object Repository/Выполнение бизнес-плана/Заголовок дашборда' successfully

15-11-2024T09:24:39 - [TEST_STEP][PASSED] - click(findTestObject("Object Repository/Выполнение бизнес-плана/Применить в фильтре ДЗО")): Object: 'Object Repository/Выполнение бизнес-плана/Применить в фильтре ДЗО' is clicked on

15-11-2024T09:24:40 - [MESSAGE][PASSED] - Object: 'Object Repository/Выполнение бизнес-плана/Применить в фильтре ДЗО' is clicked on

15-11-2024T09:24:40 - [TEST_STEP][PASSED] - if (a == 82): null

15-11-2024T09:24:40 - [TEST_STEP][PASSED] - println(dzoNum): null

15-11-2024T09:24:40 - [TEST_STEP][PASSED] - dZO = "Россети Томск": null

15-11-2024T09:24:40 - [TEST_STEP][PASSED] - a = 53: null

15-11-2024T09:24:40 - [TEST_STEP][PASSED] - if (x1.contains(dZO)): null

15-11-2024T09:24:40 - [TEST_STEP][PASSED] - else: null

15-11-2024T09:24:40 - [TEST_STEP][PASSED] - Script1718980020443.NoData(a, typeOfData, todaysDate, fileInt, fileDouble, dZO): null

15-11-2024T09:24:40 - [TEST_STEP][PASSED] - println(a): null

15-11-2024T09:24:40 - [TEST_STEP][PASSED] - println(todaysDate): null

15-11-2024T09:24:40 - [TEST_STEP][PASSED] - println(fileInt): null

15-11-2024T09:24:40 - [TEST_STEP][PASSED] - println(fileDouble): null

15-11-2024T09:24:40 - [TEST_STEP][PASSED] - println(dZO): null

15-11-2024T09:24:40 - [TEST_STEP][PASSED] - typeOfData = "Факт Отпуск в сеть": null

15-11-2024T09:24:40 - [TEST_STEP][PASSED] - fileInt = replaceAll("\s+", "").toInteger(): null

15-11-2024T09:24:40 - [TEST_STEP][PASSED] - Script1718980020443.WriteToExcelNoData(a, typeOfData, todaysDate, fileInt, fileDouble, dZO): null

15-11-2024T09:24:40 - [TEST_STEP][PASSED] - sheetName = "Sheet1": null

15-11-2024T09:24:40 - [TEST_STEP][PASSED] - data = findTestData("PlanFact"): null

15-11-2024T09:24:40 - [TEST_STEP][PASSED] - n = data.getRowNumbers() + 1: null

15-11-2024T09:24:40 - [TEST_STEP][PASSED] - year = todaysDate.substring(todaysDate.length() - 4, todaysDate.length()): null

15-11-2024T09:24:40 - [TEST_STEP][PASSED] - y = year.toInteger(): null

15-11-2024T09:24:40 - [TEST_STEP][PASSED] - m = getText(findTestObject("Выполнение бизнес-плана/Период")): Text of object 'Object Repository/Выполнение бизнес-плана/Период' is: '1, 2, 3 кв. 2024 года'

15-11-2024T09:25:00 - [MESSAGE][PASSED] - Text of object 'Object Repository/Выполнение бизнес-плана/Период' is: '1, 2, 3 кв. 2024 года'

15-11-2024T09:25:00 - [TEST_STEP][PASSED] - m = m.substring(0, m.indexOf("2024")): null

15-11-2024T09:25:00 - [TEST_STEP][PASSED] - m = m.trim(): null

15-11-2024T09:25:00 - [TEST_STEP][PASSED] - dashboardName = "Выполнение бизнес-плана": null

15-11-2024T09:25:00 - [TEST_STEP][PASSED] - workbook01 = getWorkbook(excelFilePath): null

15-11-2024T09:25:00 - [TEST_STEP][PASSED] - sheet01 = getExcelSheet(workbook01, sheetName): null

15-11-2024T09:25:00 - [TEST_STEP][PASSED] - setValueToCellByIndex(sheet01, n, 0, dashboardName): null

15-11-2024T09:25:00 - [TEST_STEP][PASSED] - setValueToCellByIndex(sheet01, n, 1, dZO): null

15-11-2024T09:25:00 - [TEST_STEP][PASSED] - setValueToCellByIndex(sheet01, n, 2, typeOfData): null

15-11-2024T09:25:00 - [TEST_STEP][PASSED] - if (typeOfData == "Факт в процентах" || typeOfData == "План в процентах"): null

15-11-2024T09:25:00 - [TEST_STEP][PASSED] - else: null

15-11-2024T09:25:00 - [TEST_STEP][PASSED] - setValueToCellByIndex(sheet01, n, 3, fileInt): null

15-11-2024T09:25:00 - [TEST_STEP][PASSED] - setValueToCellByIndex(sheet01, n, 4, "нет данных"): null

15-11-2024T09:25:00 - [TEST_STEP][PASSED] - setValueToCellByIndex(sheet01, n, 5, m): null

15-11-2024T09:25:00 - [TEST_STEP][PASSED] - setValueToCellByIndex(sheet01, n, 6, y): null

15-11-2024T09:25:00 - [TEST_STEP][PASSED] - setValueToCellByIndex(sheet01, n, 7, todaysDate): null

15-11-2024T09:25:00 - [TEST_STEP][PASSED] - n = n + 1: null

15-11-2024T09:25:00 - [TEST_STEP][PASSED] - saveWorkbook(excelFilePath, workbook01): null

15-11-2024T09:25:00 - [TEST_STEP][PASSED] - typeOfData = "Факт Потери": null

15-11-2024T09:25:00 - [TEST_STEP][PASSED] - fileInt = replaceAll("\s+", "").toInteger(): null

15-11-2024T09:25:00 - [TEST_STEP][PASSED] - Script1718980020443.WriteToExcelNoData(a, typeOfData, todaysDate, fileInt, fileDouble, dZO): null

15-11-2024T09:25:00 - [TEST_STEP][PASSED] - sheetName = "Sheet1": null

15-11-2024T09:25:00 - [TEST_STEP][PASSED] - data = findTestData("PlanFact"): null

15-11-2024T09:25:00 - [TEST_STEP][PASSED] - n = data.getRowNumbers() + 1: null

15-11-2024T09:25:00 - [TEST_STEP][PASSED] - year = todaysDate.substring(todaysDate.length() - 4, todaysDate.length()): null

15-11-2024T09:25:00 - [TEST_STEP][PASSED] - y = year.toInteger(): null

15-11-2024T09:25:00 - [TEST_STEP][PASSED] - m = getText(findTestObject("Выполнение бизнес-плана/Период")): Text of object 'Object Repository/Выполнение бизнес-плана/Период' is: '1, 2, 3 кв. 2024 года'

15-11-2024T09:25:01 - [MESSAGE][PASSED] - Text of object 'Object Repository/Выполнение бизнес-плана/Период' is: '1, 2, 3 кв. 2024 года'

15-11-2024T09:25:01 - [TEST_STEP][PASSED] - m = m.substring(0, m.indexOf("2024")): null

15-11-2024T09:25:01 - [TEST_STEP][PASSED] - m = m.trim(): null

15-11-2024T09:25:01 - [TEST_STEP][PASSED] - dashboardName = "Выполнение бизнес-плана": null

15-11-2024T09:25:01 - [TEST_STEP][PASSED] - workbook01 = getWorkbook(excelFilePath): null

15-11-2024T09:25:01 - [TEST_STEP][PASSED] - sheet01 = getExcelSheet(workbook01, sheetName): null

15-11-2024T09:25:01 - [TEST_STEP][PASSED] - setValueToCellByIndex(sheet01, n, 0, dashboardName): null

15-11-2024T09:25:01 - [TEST_STEP][PASSED] - setValueToCellByIndex(sheet01, n, 1, dZO): null

15-11-2024T09:25:01 - [TEST_STEP][PASSED] - setValueToCellByIndex(sheet01, n, 2, typeOfData): null

15-11-2024T09:25:01 - [TEST_STEP][PASSED] - if (typeOfData == "Факт в процентах" || typeOfData == "План в процентах"): null

15-11-2024T09:25:01 - [TEST_STEP][PASSED] - else: null

15-11-2024T09:25:01 - [TEST_STEP][PASSED] - setValueToCellByIndex(sheet01, n, 3, fileInt): null

15-11-2024T09:25:01 - [TEST_STEP][PASSED] - setValueToCellByIndex(sheet01, n, 4, "нет данных"): null

15-11-2024T09:25:01 - [TEST_STEP][PASSED] - setValueToCellByIndex(sheet01, n, 5, m): null

15-11-2024T09:25:01 - [TEST_STEP][PASSED] - setValueToCellByIndex(sheet01, n, 6, y): null

15-11-2024T09:25:01 - [TEST_STEP][PASSED] - setValueToCellByIndex(sheet01, n, 7, todaysDate): null

15-11-2024T09:25:01 - [TEST_STEP][PASSED] - n = n + 1: null

15-11-2024T09:25:01 - [TEST_STEP][PASSED] - saveWorkbook(excelFilePath, workbook01): null

15-11-2024T09:25:01 - [TEST_STEP][PASSED] - typeOfData = "План Отпуск в сеть": null

15-11-2024T09:25:01 - [TEST_STEP][PASSED] - fileInt = replaceAll("\s+", "").toInteger(): null

15-11-2024T09:25:01 - [TEST_STEP][PASSED] - Script1718980020443.WriteToExcelNoData(a, typeOfData, todaysDate, fileInt, fileDouble, dZO): null

15-11-2024T09:25:01 - [TEST_STEP][PASSED] - sheetName = "Sheet1": null

15-11-2024T09:25:01 - [TEST_STEP][PASSED] - data = findTestData("PlanFact"): null

15-11-2024T09:25:01 - [TEST_STEP][PASSED] - n = data.getRowNumbers() + 1: null

15-11-2024T09:25:01 - [TEST_STEP][PASSED] - year = todaysDate.substring(todaysDate.length() - 4, todaysDate.length()): null

15-11-2024T09:25:01 - [TEST_STEP][PASSED] - y = year.toInteger(): null

15-11-2024T09:25:01 - [TEST_STEP][PASSED] - m = getText(findTestObject("Выполнение бизнес-плана/Период")): Text of object 'Object Repository/Выполнение бизнес-плана/Период' is: '1, 2, 3 кв. 2024 года'

15-11-2024T09:25:01 - [MESSAGE][PASSED] - Text of object 'Object Repository/Выполнение бизнес-плана/Период' is: '1, 2, 3 кв. 2024 года'

15-11-2024T09:25:01 - [TEST_STEP][PASSED] - m = m.substring(0, m.indexOf("2024")): null

15-11-2024T09:25:01 - [TEST_STEP][PASSED] - m = m.trim(): null

15-11-2024T09:25:01 - [TEST_STEP][PASSED] - dashboardName = "Выполнение бизнес-плана": null

15-11-2024T09:25:01 - [TEST_STEP][PASSED] - workbook01 = getWorkbook(excelFilePath): null

15-11-2024T09:25:01 - [TEST_STEP][PASSED] - sheet01 = getExcelSheet(workbook01, sheetName): null

15-11-2024T09:25:01 - [TEST_STEP][PASSED] - setValueToCellByIndex(sheet01, n, 0, dashboardName): null

15-11-2024T09:25:01 - [TEST_STEP][PASSED] - setValueToCellByIndex(sheet01, n, 1, dZO): null

15-11-2024T09:25:01 - [TEST_STEP][PASSED] - setValueToCellByIndex(sheet01, n, 2, typeOfData): null

15-11-2024T09:25:01 - [TEST_STEP][PASSED] - if (typeOfData == "Факт в процентах" || typeOfData == "План в процентах"): null

15-11-2024T09:25:01 - [TEST_STEP][PASSED] - else: null

15-11-2024T09:25:01 - [TEST_STEP][PASSED] - setValueToCellByIndex(sheet01, n, 3, fileInt): null

15-11-2024T09:25:01 - [TEST_STEP][PASSED] - setValueToCellByIndex(sheet01, n, 4, "нет данных"): null

15-11-2024T09:25:01 - [TEST_STEP][PASSED] - setValueToCellByIndex(sheet01, n, 5, m): null

15-11-2024T09:25:01 - [TEST_STEP][PASSED] - setValueToCellByIndex(sheet01, n, 6, y): null

15-11-2024T09:25:01 - [TEST_STEP][PASSED] - setValueToCellByIndex(sheet01, n, 7, todaysDate): null

15-11-2024T09:25:01 - [TEST_STEP][PASSED] - n = n + 1: null

15-11-2024T09:25:01 - [TEST_STEP][PASSED] - saveWorkbook(excelFilePath, workbook01): null

15-11-2024T09:25:02 - [TEST_STEP][PASSED] - typeOfData = "План Потери": null

15-11-2024T09:25:02 - [TEST_STEP][PASSED] - fileInt = replaceAll("\s+", "").toInteger(): null

15-11-2024T09:25:02 - [TEST_STEP][PASSED] - Script1718980020443.WriteToExcelNoData(a, typeOfData, todaysDate, fileInt, fileDouble, dZO): null

15-11-2024T09:25:02 - [TEST_STEP][PASSED] - sheetName = "Sheet1": null

15-11-2024T09:25:02 - [TEST_STEP][PASSED] - data = findTestData("PlanFact"): null

15-11-2024T09:25:02 - [TEST_STEP][PASSED] - n = data.getRowNumbers() + 1: null

15-11-2024T09:25:02 - [TEST_STEP][PASSED] - year = todaysDate.substring(todaysDate.length() - 4, todaysDate.length()): null

15-11-2024T09:25:02 - [TEST_STEP][PASSED] - y = year.toInteger(): null

15-11-2024T09:25:02 - [TEST_STEP][PASSED] - m = getText(findTestObject("Выполнение бизнес-плана/Период")): Text of object 'Object Repository/Выполнение бизнес-плана/Период' is: '1, 2, 3 кв. 2024 года'

15-11-2024T09:25:02 - [MESSAGE][PASSED] - Text of object 'Object Repository/Выполнение бизнес-плана/Период' is: '1, 2, 3 кв. 2024 года'

15-11-2024T09:25:02 - [TEST_STEP][PASSED] - m = m.substring(0, m.indexOf("2024")): null

15-11-2024T09:25:02 - [TEST_STEP][PASSED] - m = m.trim(): null

15-11-2024T09:25:02 - [TEST_STEP][PASSED] - dashboardName = "Выполнение бизнес-плана": null

15-11-2024T09:25:02 - [TEST_STEP][PASSED] - workbook01 = getWorkbook(excelFilePath): null

15-11-2024T09:25:02 - [TEST_STEP][PASSED] - sheet01 = getExcelSheet(workbook01, sheetName): null

15-11-2024T09:25:02 - [TEST_STEP][PASSED] - setValueToCellByIndex(sheet01, n, 0, dashboardName): null

15-11-2024T09:25:02 - [TEST_STEP][PASSED] - setValueToCellByIndex(sheet01, n, 1, dZO): null

15-11-2024T09:25:02 - [TEST_STEP][PASSED] - setValueToCellByIndex(sheet01, n, 2, typeOfData): null

15-11-2024T09:25:02 - [TEST_STEP][PASSED] - if (typeOfData == "Факт в процентах" || typeOfData == "План в процентах"): null

15-11-2024T09:25:02 - [TEST_STEP][PASSED] - else: null

15-11-2024T09:25:02 - [TEST_STEP][PASSED] - setValueToCellByIndex(sheet01, n, 3, fileInt): null

15-11-2024T09:25:02 - [TEST_STEP][PASSED] - setValueToCellByIndex(sheet01, n, 4, "нет данных"): null

15-11-2024T09:25:02 - [TEST_STEP][PASSED] - setValueToCellByIndex(sheet01, n, 5, m): null

15-11-2024T09:25:02 - [TEST_STEP][PASSED] - setValueToCellByIndex(sheet01, n, 6, y): null

15-11-2024T09:25:02 - [TEST_STEP][PASSED] - setValueToCellByIndex(sheet01, n, 7, todaysDate): null

15-11-2024T09:25:02 - [TEST_STEP][PASSED] - n = n + 1: null

15-11-2024T09:25:02 - [TEST_STEP][PASSED] - saveWorkbook(excelFilePath, workbook01): null

15-11-2024T09:25:02 - [TEST_STEP][PASSED] - typeOfData = "План в процентах": null

15-11-2024T09:25:02 - [TEST_STEP][PASSED] - fileDouble = ").toDouble(): null

15-11-2024T09:25:02 - [TEST_STEP][PASSED] - Script1718980020443.WriteToExcelNoData(a, typeOfData, todaysDate, fileInt, fileDouble, dZO): null

15-11-2024T09:25:02 - [TEST_STEP][PASSED] - sheetName = "Sheet1": null

15-11-2024T09:25:02 - [TEST_STEP][PASSED] - data = findTestData("PlanFact"): null

15-11-2024T09:25:02 - [TEST_STEP][PASSED] - n = data.getRowNumbers() + 1: null

15-11-2024T09:25:02 - [TEST_STEP][PASSED] - year = todaysDate.substring(todaysDate.length() - 4, todaysDate.length()): null

15-11-2024T09:25:02 - [TEST_STEP][PASSED] - y = year.toInteger(): null

15-11-2024T09:25:02 - [TEST_STEP][PASSED] - m = getText(findTestObject("Выполнение бизнес-плана/Период")): Text of object 'Object Repository/Выполнение бизнес-плана/Период' is: '1, 2, 3 кв. 2024 года'

15-11-2024T09:25:03 - [MESSAGE][PASSED] - Text of object 'Object Repository/Выполнение бизнес-плана/Период' is: '1, 2, 3 кв. 2024 года'

15-11-2024T09:25:03 - [TEST_STEP][PASSED] - m = m.substring(0, m.indexOf("2024")): null

15-11-2024T09:25:03 - [TEST_STEP][PASSED] - m = m.trim(): null

15-11-2024T09:25:03 - [TEST_STEP][PASSED] - dashboardName = "Выполнение бизнес-плана": null

15-11-2024T09:25:03 - [TEST_STEP][PASSED] - workbook01 = getWorkbook(excelFilePath): null

15-11-2024T09:25:03 - [TEST_STEP][PASSED] - sheet01 = getExcelSheet(workbook01, sheetName): null

15-11-2024T09:25:03 - [TEST_STEP][PASSED] - setValueToCellByIndex(sheet01, n, 0, dashboardName): null

15-11-2024T09:25:03 - [TEST_STEP][PASSED] - setValueToCellByIndex(sheet01, n, 1, dZO): null

15-11-2024T09:25:03 - [TEST_STEP][PASSED] - setValueToCellByIndex(sheet01, n, 2, typeOfData): null

15-11-2024T09:25:03 - [TEST_STEP][PASSED] - if (typeOfData == "Факт в процентах" || typeOfData == "План в процентах"): null

15-11-2024T09:25:03 - [TEST_STEP][PASSED] - setValueToCellByIndex(sheet01, n, 3, fileDouble): null

15-11-2024T09:25:03 - [TEST_STEP][PASSED] - setValueToCellByIndex(sheet01, n, 4, "нет данных"): null

15-11-2024T09:25:03 - [TEST_STEP][PASSED] - setValueToCellByIndex(sheet01, n, 5, m): null

15-11-2024T09:25:03 - [TEST_STEP][PASSED] - setValueToCellByIndex(sheet01, n, 6, y): null

15-11-2024T09:25:03 - [TEST_STEP][PASSED] - setValueToCellByIndex(sheet01, n, 7, todaysDate): null

15-11-2024T09:25:03 - [TEST_STEP][PASSED] - n = n + 1: null

15-11-2024T09:25:03 - [TEST_STEP][PASSED] - saveWorkbook(excelFilePath, workbook01): null

15-11-2024T09:25:03 - [TEST_STEP][PASSED] - typeOfData = "Факт в процентах": null

15-11-2024T09:25:03 - [TEST_STEP][PASSED] - fileDouble = ").toDouble(): null

15-11-2024T09:25:03 - [TEST_STEP][PASSED] - Script1718980020443.WriteToExcelNoData(a, typeOfData, todaysDate, fileInt, fileDouble, dZO): null

15-11-2024T09:25:03 - [TEST_STEP][PASSED] - sheetName = "Sheet1": null

15-11-2024T09:25:03 - [TEST_STEP][PASSED] - data = findTestData("PlanFact"): null

15-11-2024T09:25:03 - [TEST_STEP][PASSED] - n = data.getRowNumbers() + 1: null

15-11-2024T09:25:03 - [TEST_STEP][PASSED] - year = todaysDate.substring(todaysDate.length() - 4, todaysDate.length()): null

15-11-2024T09:25:03 - [TEST_STEP][PASSED] - y = year.toInteger(): null

15-11-2024T09:25:03 - [TEST_STEP][PASSED] - m = getText(findTestObject("Выполнение бизнес-плана/Период")): Text of object 'Object Repository/Выполнение бизнес-плана/Период' is: '1, 2, 3 кв. 2024 года'

15-11-2024T09:25:03 - [MESSAGE][PASSED] - Text of object 'Object Repository/Выполнение бизнес-плана/Период' is: '1, 2, 3 кв. 2024 года'

15-11-2024T09:25:03 - [TEST_STEP][PASSED] - m = m.substring(0, m.indexOf("2024")): null

15-11-2024T09:25:03 - [TEST_STEP][PASSED] - m = m.trim(): null

15-11-2024T09:25:03 - [TEST_STEP][PASSED] - dashboardName = "Выполнение бизнес-плана": null

15-11-2024T09:25:03 - [TEST_STEP][PASSED] - workbook01 = getWorkbook(excelFilePath): null

15-11-2024T09:25:03 - [TEST_STEP][PASSED] - sheet01 = getExcelSheet(workbook01, sheetName): null

15-11-2024T09:25:03 - [TEST_STEP][PASSED] - setValueToCellByIndex(sheet01, n, 0, dashboardName): null

15-11-2024T09:25:03 - [TEST_STEP][PASSED] - setValueToCellByIndex(sheet01, n, 1, dZO): null

15-11-2024T09:25:03 - [TEST_STEP][PASSED] - setValueToCellByIndex(sheet01, n, 2, typeOfData): null

15-11-2024T09:25:03 - [TEST_STEP][PASSED] - if (typeOfData == "Факт в процентах" || typeOfData == "План в процентах"): null

15-11-2024T09:25:03 - [TEST_STEP][PASSED] - setValueToCellByIndex(sheet01, n, 3, fileDouble): null

15-11-2024T09:25:03 - [TEST_STEP][PASSED] - setValueToCellByIndex(sheet01, n, 4, "нет данных"): null

15-11-2024T09:25:03 - [TEST_STEP][PASSED] - setValueToCellByIndex(sheet01, n, 5, m): null

15-11-2024T09:25:03 - [TEST_STEP][PASSED] - setValueToCellByIndex(sheet01, n, 6, y): null

15-11-2024T09:25:03 - [TEST_STEP][PASSED] - setValueToCellByIndex(sheet01, n, 7, todaysDate): null

15-11-2024T09:25:03 - [TEST_STEP][PASSED] - n = n + 1: null

15-11-2024T09:25:03 - [TEST_STEP][PASSED] - saveWorkbook(excelFilePath, workbook01): null

15-11-2024T09:25:04 - [TEST_STEP][PASSED] - println(dzoNum): null

15-11-2024T09:25:04 - [TEST_STEP][PASSED] - dZO = "Россети Тюмень": null

15-11-2024T09:25:04 - [TEST_STEP][PASSED] - a = 80: null

15-11-2024T09:25:04 - [TEST_STEP][PASSED] - if (x1.contains(dZO)): null

15-11-2024T09:25:04 - [TEST_STEP][PASSED] - dzoNum = dzoNum + 1: null

15-11-2024T09:25:04 - [TEST_STEP][PASSED] - Script1718980020443.Numbers(a, typeOfData, todaysDate, pageInt, fileInt, pageDouble, fileDouble, dZO, dzoNum, filialNum): null

15-11-2024T09:25:04 - [TEST_STEP][PASSED] - println(dzoNum): null

15-11-2024T09:25:04 - [TEST_STEP][PASSED] - planFact = <not implemented yet for class: org.codehaus.groovy.ast.expr.EmptyExpression>: null

15-11-2024T09:25:04 - [TEST_STEP][PASSED] - page = <not implemented yet for class: org.codehaus.groovy.ast.expr.EmptyExpression>: null

15-11-2024T09:25:04 - [TEST_STEP][PASSED] - page1 = <not implemented yet for class: org.codehaus.groovy.ast.expr.EmptyExpression>: null

15-11-2024T09:25:04 - [TEST_STEP][PASSED] - page2 = <not implemented yet for class: org.codehaus.groovy.ast.expr.EmptyExpression>: null

15-11-2024T09:25:04 - [TEST_STEP][PASSED] - filialNumberInRow = <not implemented yet for class: org.codehaus.groovy.ast.expr.EmptyExpression>: null

15-11-2024T09:25:04 - [TEST_STEP][PASSED] - filialsDzoNames = <not implemented yet for class: org.codehaus.groovy.ast.expr.EmptyExpression>: null

15-11-2024T09:25:04 - [TEST_STEP][PASSED] - numberOfFilials = <not implemented yet for class: org.codehaus.groovy.ast.expr.EmptyExpression>: null

15-11-2024T09:25:04 - [TEST_STEP][PASSED] - numberOfSpaces = <not implemented yet for class: org.codehaus.groovy.ast.expr.EmptyExpression>: null

15-11-2024T09:25:04 - [TEST_STEP][PASSED] - file = <not implemented yet for class: org.codehaus.groovy.ast.expr.EmptyExpression>: null

15-11-2024T09:25:04 - [TEST_STEP][PASSED] - otpusk = <not implemented yet for class: org.codehaus.groovy.ast.expr.EmptyExpression>: null

15-11-2024T09:25:04 - [TEST_STEP][PASSED] - poteri = <not implemented yet for class: org.codehaus.groovy.ast.expr.EmptyExpression>: null

15-11-2024T09:25:04 - [TEST_STEP][PASSED] - dataFolder = "Выполнение бизнес-плана/Значения со страницы Выполнение бизнес-плана/": null

15-11-2024T09:25:04 - [TEST_STEP][PASSED] - path = <not implemented yet for class: org.codehaus.groovy.ast.expr.EmptyExpression>: null

15-11-2024T09:25:04 - [TEST_STEP][PASSED] - typeOfDataMain = <not implemented yet for class: org.codehaus.groovy.ast.expr.EmptyExpression>: null

15-11-2024T09:25:04 - [TEST_STEP][PASSED] - fileOtpuskVSet = <not implemented yet for class: org.codehaus.groovy.ast.expr.EmptyExpression>: null

15-11-2024T09:25:04 - [TEST_STEP][PASSED] - pageOtpuskVSet = <not implemented yet for class: org.codehaus.groovy.ast.expr.EmptyExpression>: null

15-11-2024T09:25:04 - [TEST_STEP][PASSED] - filePoteri = <not implemented yet for class: org.codehaus.groovy.ast.expr.EmptyExpression>: null

15-11-2024T09:25:04 - [TEST_STEP][PASSED] - pagePoteri = <not implemented yet for class: org.codehaus.groovy.ast.expr.EmptyExpression>: null

15-11-2024T09:25:04 - [TEST_STEP][PASSED] - compare = <not implemented yet for class: org.codehaus.groovy.ast.expr.EmptyExpression>: null

15-11-2024T09:25:04 - [TEST_STEP][PASSED] - b = <not implemented yet for class: org.codehaus.groovy.ast.expr.EmptyExpression>: null

15-11-2024T09:25:04 - [TEST_STEP][PASSED] - i = <not implemented yet for class: org.codehaus.groovy.ast.expr.EmptyExpression>: null

15-11-2024T09:25:04 - [TEST_STEP][PASSED] - ii = <not implemented yet for class: org.codehaus.groovy.ast.expr.EmptyExpression>: null

15-11-2024T09:25:04 - [TEST_STEP][PASSED] - c = <not implemented yet for class: org.codehaus.groovy.ast.expr.EmptyExpression>: null

15-11-2024T09:25:04 - [TEST_STEP][PASSED] - numberOfErrors = 0: null

15-11-2024T09:25:04 - [TEST_STEP][PASSED] - if (a == 82): null

15-11-2024T09:25:04 - [TEST_STEP][PASSED] - b = findTestData("PlanFact").getValue(1, a): null

15-11-2024T09:25:04 - [TEST_STEP][PASSED] - i = b.indexOf(" (ГК)"): null

15-11-2024T09:25:04 - [TEST_STEP][PASSED] - if (i > -1): null

15-11-2024T09:25:04 - [TEST_STEP][PASSED] - i = b.indexOf("О ""): null

15-11-2024T09:25:04 - [TEST_STEP][PASSED] - if (i > -1): null

15-11-2024T09:25:04 - [TEST_STEP][PASSED] - i = b.indexOf("О «"): null

15-11-2024T09:25:04 - [TEST_STEP][PASSED] - if (i > -1): null

15-11-2024T09:25:04 - [TEST_STEP][PASSED] - i = b.indexOf("г. "): null

15-11-2024T09:25:04 - [TEST_STEP][PASSED] - if (i > -1): null

15-11-2024T09:25:04 - [TEST_STEP][PASSED] - println(b): null

15-11-2024T09:25:04 - [TEST_STEP][PASSED] - for ([planFact = 1, planFact < 3, (planFact++)]): Object: 'Object Repository/Выполнение бизнес-плана/Кнопка Факт' is clicked on

15-11-2024T09:25:04 - [TEST_STEP][PASSED] - if (planFact == 1): null

15-11-2024T09:25:04 - [TEST_STEP][PASSED] - typeOfDataMain = "Факт": null

15-11-2024T09:25:04 - [TEST_STEP][PASSED] - otpusk = findTestData("PlanFact").getValue(5, a): null

15-11-2024T09:25:04 - [TEST_STEP][PASSED] - poteri = findTestData("PlanFact").getValue(6, a): null

15-11-2024T09:25:04 - [TEST_STEP][PASSED] - otpusk = otpusk.replaceAll("\s+", ""): null

15-11-2024T09:25:04 - [TEST_STEP][PASSED] - poteri = poteri.replaceAll("\s+", ""): null

15-11-2024T09:25:04 - [TEST_STEP][PASSED] - typeOfData = typeOfDataMain + " Отпуск в сеть": null

15-11-2024T09:25:04 - [TEST_STEP][PASSED] - if (a == 82): null

15-11-2024T09:25:04 - [TEST_STEP][PASSED] - else if (a == 84): null

15-11-2024T09:25:04 - [TEST_STEP][PASSED] - else if (a == 52 || a == 72 || a == 28 || a == 73 || a == 77 || a == 74 || a == 65 || a == 36 || a == 44 || a == 53 || a == 80 || a == 54 || a == 1 || a == 18 || a == 59 || a == 81): null

15-11-2024T09:25:04 - [TEST_STEP][PASSED] - path = dataFolder + "Table Data/" + typeOfData + " за отчётный период " + dzoNum: null

15-11-2024T09:25:04 - [TEST_STEP][PASSED] - println(path): null

15-11-2024T09:25:04 - [TEST_STEP][PASSED] - page = getText(findTestObject(path)): Text of object 'Object Repository/Выполнение бизнес-плана/Значения со страницы Выполнение бизнес-плана/Table Data/Факт Отпуск в сеть за отчётный период 5' is: '39 079 081'

15-11-2024T09:25:04 - [MESSAGE][PASSED] - Text of object 'Object Repository/Выполнение бизнес-плана/Значения со страницы Выполнение бизнес-плана/Table Data/Факт Отпуск в сеть за отчётный период 5' is: '39 079 081'

15-11-2024T09:25:04 - [TEST_STEP][PASSED] - page = page.replaceAll("\s+", ""): null

15-11-2024T09:25:04 - [TEST_STEP][PASSED] - fileOtpuskVSet = otpusk.toInteger(): null

15-11-2024T09:25:04 - [TEST_STEP][PASSED] - pageOtpuskVSet = page.toInteger(): null

15-11-2024T09:25:04 - [TEST_STEP][PASSED] - typeOfData = typeOfDataMain + " Потери": null

15-11-2024T09:25:04 - [TEST_STEP][PASSED] - if (a == 82): null

15-11-2024T09:25:04 - [TEST_STEP][PASSED] - else if (a == 84): null

15-11-2024T09:25:04 - [TEST_STEP][PASSED] - else if (a == 52 || a == 72 || a == 28 || a == 73 || a == 77 || a == 74 || a == 65 || a == 36 || a == 44 || a == 53 || a == 80 || a == 54 || a == 1 || a == 18 || a == 59 || a == 81): null

15-11-2024T09:25:04 - [TEST_STEP][PASSED] - path = dataFolder + "Table Data/" + typeOfData + " за отчётный период " + dzoNum: null

15-11-2024T09:25:04 - [TEST_STEP][PASSED] - page = getText(findTestObject(path)): Text of object 'Object Repository/Выполнение бизнес-плана/Значения со страницы Выполнение бизнес-плана/Table Data/Факт Потери за отчётный период 5' is: '1 016 442'

15-11-2024T09:25:04 - [MESSAGE][PASSED] - Text of object 'Object Repository/Выполнение бизнес-плана/Значения со страницы Выполнение бизнес-плана/Table Data/Факт Потери за отчётный период 5' is: '1 016 442'

15-11-2024T09:25:04 - [TEST_STEP][PASSED] - page = page.replaceAll("\s+", ""): null

15-11-2024T09:25:04 - [TEST_STEP][PASSED] - filePoteri = poteri.toInteger(): null

15-11-2024T09:25:04 - [TEST_STEP][PASSED] - pagePoteri = page.toInteger(): null

15-11-2024T09:25:04 - [TEST_STEP][PASSED] - compare = pageOtpuskVSet: null

15-11-2024T09:25:04 - [TEST_STEP][PASSED] - if (compare == fileOtpuskVSet): null

15-11-2024T09:25:04 - [TEST_STEP][PASSED] - if (compare == fileOtpuskVSet): null

15-11-2024T09:25:04 - [TEST_STEP][PASSED] - compare = pagePoteri: null

15-11-2024T09:25:04 - [TEST_STEP][PASSED] - if (compare == filePoteri): null

15-11-2024T09:25:04 - [TEST_STEP][PASSED] - if (compare == filePoteri): null

15-11-2024T09:25:04 - [TEST_STEP][PASSED] - if (planFact == 2): null

15-11-2024T09:25:04 - [TEST_STEP][PASSED] - if (planFact == 1): null

15-11-2024T09:25:04 - [TEST_STEP][PASSED] - else if (planFact == 2): null

15-11-2024T09:25:04 - [TEST_STEP][PASSED] - click(findTestObject("Выполнение бизнес-плана/Кнопка План")): Object: 'Object Repository/Выполнение бизнес-плана/Кнопка План' is clicked on

15-11-2024T09:25:05 - [MESSAGE][PASSED] - Object: 'Object Repository/Выполнение бизнес-плана/Кнопка План' is clicked on

15-11-2024T09:25:05 - [TEST_STEP][PASSED] - typeOfDataMain = "План": null

15-11-2024T09:25:05 - [TEST_STEP][PASSED] - otpusk = findTestData("PlanFact").getValue(2, a): null

15-11-2024T09:25:05 - [TEST_STEP][PASSED] - poteri = findTestData("PlanFact").getValue(3, a): null

15-11-2024T09:25:05 - [TEST_STEP][PASSED] - otpusk = otpusk.replaceAll("\s+", ""): null

15-11-2024T09:25:05 - [TEST_STEP][PASSED] - poteri = poteri.replaceAll("\s+", ""): null

15-11-2024T09:25:05 - [TEST_STEP][PASSED] - typeOfData = typeOfDataMain + " Отпуск в сеть": null

15-11-2024T09:25:05 - [TEST_STEP][PASSED] - if (a == 82): null

15-11-2024T09:25:05 - [TEST_STEP][PASSED] - else if (a == 84): null

15-11-2024T09:25:05 - [TEST_STEP][PASSED] - else if (a == 52 || a == 72 || a == 28 || a == 73 || a == 77 || a == 74 || a == 65 || a == 36 || a == 44 || a == 53 || a == 80 || a == 54 || a == 1 || a == 18 || a == 59 || a == 81): null

15-11-2024T09:25:05 - [TEST_STEP][PASSED] - path = dataFolder + "Table Data/" + typeOfData + " за отчётный период " + dzoNum: null

15-11-2024T09:25:05 - [TEST_STEP][PASSED] - println(path): null

15-11-2024T09:25:05 - [TEST_STEP][PASSED] - page = getText(findTestObject(path)): Text of object 'Object Repository/Выполнение бизнес-плана/Значения со страницы Выполнение бизнес-плана/Table Data/План Отпуск в сеть за отчётный период 5' is: '40 452 567'

15-11-2024T09:25:05 - [MESSAGE][PASSED] - Text of object 'Object Repository/Выполнение бизнес-плана/Значения со страницы Выполнение бизнес-плана/Table Data/План Отпуск в сеть за отчётный период 5' is: '40 452 567'

15-11-2024T09:25:05 - [TEST_STEP][PASSED] - page = page.replaceAll("\s+", ""): null

15-11-2024T09:25:05 - [TEST_STEP][PASSED] - fileOtpuskVSet = otpusk.toInteger(): null

15-11-2024T09:25:05 - [TEST_STEP][PASSED] - pageOtpuskVSet = page.toInteger(): null

15-11-2024T09:25:05 - [TEST_STEP][PASSED] - typeOfData = typeOfDataMain + " Потери": null

15-11-2024T09:25:05 - [TEST_STEP][PASSED] - if (a == 82): null

15-11-2024T09:25:05 - [TEST_STEP][PASSED] - else if (a == 84): null

15-11-2024T09:25:05 - [TEST_STEP][PASSED] - else if (a == 52 || a == 72 || a == 28 || a == 73 || a == 77 || a == 74 || a == 65 || a == 36 || a == 44 || a == 53 || a == 80 || a == 54 || a == 1 || a == 18 || a == 59 || a == 81): null

15-11-2024T09:25:05 - [TEST_STEP][PASSED] - path = dataFolder + "Table Data/" + typeOfData + " за отчётный период " + dzoNum: null

15-11-2024T09:25:05 - [TEST_STEP][PASSED] - page = getText(findTestObject(path)): Text of object 'Object Repository/Выполнение бизнес-плана/Значения со страницы Выполнение бизнес-плана/Table Data/План Потери за отчётный период 5' is: '1 016 285'

15-11-2024T09:25:06 - [MESSAGE][PASSED] - Text of object 'Object Repository/Выполнение бизнес-плана/Значения со страницы Выполнение бизнес-плана/Table Data/План Потери за отчётный период 5' is: '1 016 285'

15-11-2024T09:25:06 - [TEST_STEP][PASSED] - page = page.replaceAll("\s+", ""): null

15-11-2024T09:25:06 - [TEST_STEP][PASSED] - filePoteri = poteri.toInteger(): null

15-11-2024T09:25:06 - [TEST_STEP][PASSED] - pagePoteri = page.toInteger(): null

15-11-2024T09:25:06 - [TEST_STEP][PASSED] - compare = pageOtpuskVSet: null

15-11-2024T09:25:06 - [TEST_STEP][PASSED] - if (compare == fileOtpuskVSet): null

15-11-2024T09:25:06 - [TEST_STEP][PASSED] - if (compare == fileOtpuskVSet): null

15-11-2024T09:25:06 - [TEST_STEP][PASSED] - compare = pagePoteri: null

15-11-2024T09:25:06 - [TEST_STEP][PASSED] - if (compare == filePoteri): null

15-11-2024T09:25:06 - [TEST_STEP][PASSED] - if (compare == filePoteri): null

15-11-2024T09:25:06 - [TEST_STEP][PASSED] - if (planFact == 2): Object: 'Object Repository/Выполнение бизнес-плана/Кнопка Факт' is clicked on

15-11-2024T09:25:06 - [TEST_STEP][PASSED] - click(findTestObject("Выполнение бизнес-плана/Кнопка Факт")): Object: 'Object Repository/Выполнение бизнес-плана/Кнопка Факт' is clicked on

15-11-2024T09:25:06 - [MESSAGE][PASSED] - Object: 'Object Repository/Выполнение бизнес-плана/Кнопка Факт' is clicked on

15-11-2024T09:25:06 - [TEST_STEP][PASSED] - if (a == 84 || a == 82): null

15-11-2024T09:25:06 - [TEST_STEP][PASSED] - else if (a == 52 || a == 72 || a == 28 || a == 73 || a == 77 || a == 74 || a == 65 || a == 36 || a == 44 || a == 53 || a == 80 || a == 54 || a == 1 || a == 18 || a == 59 || a == 81): null

15-11-2024T09:25:06 - [TEST_STEP][PASSED] - page1 = getText(findTestObject("Object Repository/Выполнение бизнес-плана/spanPlan" + dzoNum)): Text of object 'Object Repository/Выполнение бизнес-плана/spanPlan5' is: '2.51'

15-11-2024T09:25:06 - [MESSAGE][PASSED] - Text of object 'Object Repository/Выполнение бизнес-плана/spanPlan5' is: '2.51'

15-11-2024T09:25:06 - [TEST_STEP][PASSED] - page1 = page1.replace("|", ""): null

15-11-2024T09:25:06 - [TEST_STEP][PASSED] - page2 = getText(findTestObject("Object Repository/Выполнение бизнес-плана/spanFact" + dzoNum)): Text of object 'Object Repository/Выполнение бизнес-плана/spanFact5' is: '2.60
|'

15-11-2024T09:25:06 - [MESSAGE][PASSED] - Text of object 'Object Repository/Выполнение бизнес-плана/spanFact5' is: '2.60
|'

15-11-2024T09:25:06 - [TEST_STEP][PASSED] - page2 = page2.replace("|", ""): null

15-11-2024T09:25:06 - [TEST_STEP][PASSED] - println("page1: " + page1): null

15-11-2024T09:25:06 - [TEST_STEP][PASSED] - println("page2: " + page2): null

15-11-2024T09:25:06 - [TEST_STEP][PASSED] - file = findTestData("PlanFact").getValue(4, a): null

15-11-2024T09:25:06 - [TEST_STEP][PASSED] - file = file.replace(",", "."): null

15-11-2024T09:25:06 - [TEST_STEP][PASSED] - println("file Plan: " + file): null

15-11-2024T09:25:06 - [TEST_STEP][PASSED] - typeOfData = "План в процентах": null

15-11-2024T09:25:06 - [TEST_STEP][PASSED] - fileDouble = file.toDouble(): null

15-11-2024T09:25:06 - [TEST_STEP][PASSED] - pageDouble = page1.toDouble(): null

15-11-2024T09:25:06 - [TEST_STEP][PASSED] - if (fileDouble != pageDouble): null

15-11-2024T09:25:06 - [TEST_STEP][PASSED] - file = findTestData("PlanFact").getValue(7, a): null

15-11-2024T09:25:07 - [TEST_STEP][PASSED] - file = file.replace(",", "."): null

15-11-2024T09:25:07 - [TEST_STEP][PASSED] - println("file Fact: " + file): null

15-11-2024T09:25:07 - [TEST_STEP][PASSED] - fileDouble = file.toDouble(): null

15-11-2024T09:25:07 - [TEST_STEP][PASSED] - typeOfData = "Факт в процентах": null

15-11-2024T09:25:07 - [TEST_STEP][PASSED] - fileDouble = file.toDouble(): null

15-11-2024T09:25:07 - [TEST_STEP][PASSED] - pageDouble = page2.toDouble(): null

15-11-2024T09:25:07 - [TEST_STEP][PASSED] - if (fileDouble != pageDouble): null

15-11-2024T09:25:07 - [TEST_STEP][PASSED] - if (verifyEqual(numberOfErrors, 0) == false): Actual object '0' and expected object '0' are equal

15-11-2024T09:25:07 - [MESSAGE][PASSED] - Actual object '0' and expected object '0' are equal

15-11-2024T09:25:07 - [TEST_STEP][PASSED] - if (a == 82): null

15-11-2024T09:25:07 - [TEST_STEP][PASSED] - println(dzoNum): null

15-11-2024T09:25:07 - [TEST_STEP][PASSED] - dZO = "Россети Урал (ГК)": null

15-11-2024T09:25:07 - [TEST_STEP][PASSED] - a = 54: null

15-11-2024T09:25:07 - [TEST_STEP][PASSED] - if (x1.contains(dZO)): null

15-11-2024T09:25:07 - [TEST_STEP][PASSED] - else: null

15-11-2024T09:25:07 - [TEST_STEP][PASSED] - Script1718980020443.NoData(a, typeOfData, todaysDate, fileInt, fileDouble, dZO): null

15-11-2024T09:25:07 - [TEST_STEP][PASSED] - println(a): null

15-11-2024T09:25:07 - [TEST_STEP][PASSED] - println(todaysDate): null

15-11-2024T09:25:07 - [TEST_STEP][PASSED] - println(fileInt): null

15-11-2024T09:25:07 - [TEST_STEP][PASSED] - println(fileDouble): null

15-11-2024T09:25:07 - [TEST_STEP][PASSED] - println(dZO): null

15-11-2024T09:25:07 - [TEST_STEP][PASSED] - typeOfData = "Факт Отпуск в сеть": null

15-11-2024T09:25:07 - [TEST_STEP][PASSED] - fileInt = replaceAll("\s+", "").toInteger(): null

15-11-2024T09:25:07 - [TEST_STEP][PASSED] - Script1718980020443.WriteToExcelNoData(a, typeOfData, todaysDate, fileInt, fileDouble, dZO): null

15-11-2024T09:25:07 - [TEST_STEP][PASSED] - sheetName = "Sheet1": null

15-11-2024T09:25:07 - [TEST_STEP][PASSED] - data = findTestData("PlanFact"): null

15-11-2024T09:25:07 - [TEST_STEP][PASSED] - n = data.getRowNumbers() + 1: null

15-11-2024T09:25:07 - [TEST_STEP][PASSED] - year = todaysDate.substring(todaysDate.length() - 4, todaysDate.length()): null

15-11-2024T09:25:07 - [TEST_STEP][PASSED] - y = year.toInteger(): null

15-11-2024T09:25:07 - [TEST_STEP][PASSED] - m = getText(findTestObject("Выполнение бизнес-плана/Период")): Text of object 'Object Repository/Выполнение бизнес-плана/Период' is: '1, 2, 3 кв. 2024 года'

15-11-2024T09:25:07 - [MESSAGE][PASSED] - Text of object 'Object Repository/Выполнение бизнес-плана/Период' is: '1, 2, 3 кв. 2024 года'

15-11-2024T09:25:07 - [TEST_STEP][PASSED] - m = m.substring(0, m.indexOf("2024")): null

15-11-2024T09:25:07 - [TEST_STEP][PASSED] - m = m.trim(): null

15-11-2024T09:25:07 - [TEST_STEP][PASSED] - dashboardName = "Выполнение бизнес-плана": null

15-11-2024T09:25:07 - [TEST_STEP][PASSED] - workbook01 = getWorkbook(excelFilePath): null

15-11-2024T09:25:07 - [TEST_STEP][PASSED] - sheet01 = getExcelSheet(workbook01, sheetName): null

15-11-2024T09:25:07 - [TEST_STEP][PASSED] - setValueToCellByIndex(sheet01, n, 0, dashboardName): null

15-11-2024T09:25:07 - [TEST_STEP][PASSED] - setValueToCellByIndex(sheet01, n, 1, dZO): null

15-11-2024T09:25:07 - [TEST_STEP][PASSED] - setValueToCellByIndex(sheet01, n, 2, typeOfData): null

15-11-2024T09:25:07 - [TEST_STEP][PASSED] - if (typeOfData == "Факт в процентах" || typeOfData == "План в процентах"): null

15-11-2024T09:25:07 - [TEST_STEP][PASSED] - else: null

15-11-2024T09:25:07 - [TEST_STEP][PASSED] - setValueToCellByIndex(sheet01, n, 3, fileInt): null

15-11-2024T09:25:07 - [TEST_STEP][PASSED] - setValueToCellByIndex(sheet01, n, 4, "нет данных"): null

15-11-2024T09:25:07 - [TEST_STEP][PASSED] - setValueToCellByIndex(sheet01, n, 5, m): null

15-11-2024T09:25:07 - [TEST_STEP][PASSED] - setValueToCellByIndex(sheet01, n, 6, y): null

15-11-2024T09:25:07 - [TEST_STEP][PASSED] - setValueToCellByIndex(sheet01, n, 7, todaysDate): null

15-11-2024T09:25:07 - [TEST_STEP][PASSED] - n = n + 1: null

15-11-2024T09:25:07 - [TEST_STEP][PASSED] - saveWorkbook(excelFilePath, workbook01): null

15-11-2024T09:25:07 - [TEST_STEP][PASSED] - typeOfData = "Факт Потери": null

15-11-2024T09:25:07 - [TEST_STEP][PASSED] - fileInt = replaceAll("\s+", "").toInteger(): null

15-11-2024T09:25:07 - [TEST_STEP][PASSED] - Script1718980020443.WriteToExcelNoData(a, typeOfData, todaysDate, fileInt, fileDouble, dZO): null

15-11-2024T09:25:07 - [TEST_STEP][PASSED] - sheetName = "Sheet1": null

15-11-2024T09:25:07 - [TEST_STEP][PASSED] - data = findTestData("PlanFact"): null

15-11-2024T09:25:07 - [TEST_STEP][PASSED] - n = data.getRowNumbers() + 1: null

15-11-2024T09:25:07 - [TEST_STEP][PASSED] - year = todaysDate.substring(todaysDate.length() - 4, todaysDate.length()): null

15-11-2024T09:25:07 - [TEST_STEP][PASSED] - y = year.toInteger(): null

15-11-2024T09:25:07 - [TEST_STEP][PASSED] - m = getText(findTestObject("Выполнение бизнес-плана/Период")): Text of object 'Object Repository/Выполнение бизнес-плана/Период' is: '1, 2, 3 кв. 2024 года'

15-11-2024T09:25:08 - [MESSAGE][PASSED] - Text of object 'Object Repository/Выполнение бизнес-плана/Период' is: '1, 2, 3 кв. 2024 года'

15-11-2024T09:25:08 - [TEST_STEP][PASSED] - m = m.substring(0, m.indexOf("2024")): null

15-11-2024T09:25:08 - [TEST_STEP][PASSED] - m = m.trim(): null

15-11-2024T09:25:08 - [TEST_STEP][PASSED] - dashboardName = "Выполнение бизнес-плана": null

15-11-2024T09:25:08 - [TEST_STEP][PASSED] - workbook01 = getWorkbook(excelFilePath): null

15-11-2024T09:25:08 - [TEST_STEP][PASSED] - sheet01 = getExcelSheet(workbook01, sheetName): null

15-11-2024T09:25:08 - [TEST_STEP][PASSED] - setValueToCellByIndex(sheet01, n, 0, dashboardName): null

15-11-2024T09:25:08 - [TEST_STEP][PASSED] - setValueToCellByIndex(sheet01, n, 1, dZO): null

15-11-2024T09:25:08 - [TEST_STEP][PASSED] - setValueToCellByIndex(sheet01, n, 2, typeOfData): null

15-11-2024T09:25:08 - [TEST_STEP][PASSED] - if (typeOfData == "Факт в процентах" || typeOfData == "План в процентах"): null

15-11-2024T09:25:08 - [TEST_STEP][PASSED] - else: null

15-11-2024T09:25:08 - [TEST_STEP][PASSED] - setValueToCellByIndex(sheet01, n, 3, fileInt): null

15-11-2024T09:25:08 - [TEST_STEP][PASSED] - setValueToCellByIndex(sheet01, n, 4, "нет данных"): null

15-11-2024T09:25:08 - [TEST_STEP][PASSED] - setValueToCellByIndex(sheet01, n, 5, m): null

15-11-2024T09:25:08 - [TEST_STEP][PASSED] - setValueToCellByIndex(sheet01, n, 6, y): null

15-11-2024T09:25:08 - [TEST_STEP][PASSED] - setValueToCellByIndex(sheet01, n, 7, todaysDate): null

15-11-2024T09:25:08 - [TEST_STEP][PASSED] - n = n + 1: null

15-11-2024T09:25:08 - [TEST_STEP][PASSED] - saveWorkbook(excelFilePath, workbook01): null

15-11-2024T09:25:08 - [TEST_STEP][PASSED] - typeOfData = "План Отпуск в сеть": null

15-11-2024T09:25:08 - [TEST_STEP][PASSED] - fileInt = replaceAll("\s+", "").toInteger(): null

15-11-2024T09:25:08 - [TEST_STEP][PASSED] - Script1718980020443.WriteToExcelNoData(a, typeOfData, todaysDate, fileInt, fileDouble, dZO): null

15-11-2024T09:25:08 - [TEST_STEP][PASSED] - sheetName = "Sheet1": null

15-11-2024T09:25:08 - [TEST_STEP][PASSED] - data = findTestData("PlanFact"): null

15-11-2024T09:25:08 - [TEST_STEP][PASSED] - n = data.getRowNumbers() + 1: null

15-11-2024T09:25:08 - [TEST_STEP][PASSED] - year = todaysDate.substring(todaysDate.length() - 4, todaysDate.length()): null

15-11-2024T09:25:08 - [TEST_STEP][PASSED] - y = year.toInteger(): null

15-11-2024T09:25:08 - [TEST_STEP][PASSED] - m = getText(findTestObject("Выполнение бизнес-плана/Период")): Text of object 'Object Repository/Выполнение бизнес-плана/Период' is: '1, 2, 3 кв. 2024 года'

15-11-2024T09:25:08 - [MESSAGE][PASSED] - Text of object 'Object Repository/Выполнение бизнес-плана/Период' is: '1, 2, 3 кв. 2024 года'

15-11-2024T09:25:08 - [TEST_STEP][PASSED] - m = m.substring(0, m.indexOf("2024")): null

15-11-2024T09:25:08 - [TEST_STEP][PASSED] - m = m.trim(): null

15-11-2024T09:25:08 - [TEST_STEP][PASSED] - dashboardName = "Выполнение бизнес-плана": null

15-11-2024T09:25:08 - [TEST_STEP][PASSED] - workbook01 = getWorkbook(excelFilePath): null

15-11-2024T09:25:08 - [TEST_STEP][PASSED] - sheet01 = getExcelSheet(workbook01, sheetName): null

15-11-2024T09:25:08 - [TEST_STEP][PASSED] - setValueToCellByIndex(sheet01, n, 0, dashboardName): null

15-11-2024T09:25:08 - [TEST_STEP][PASSED] - setValueToCellByIndex(sheet01, n, 1, dZO): null

15-11-2024T09:25:08 - [TEST_STEP][PASSED] - setValueToCellByIndex(sheet01, n, 2, typeOfData): null

15-11-2024T09:25:08 - [TEST_STEP][PASSED] - if (typeOfData == "Факт в процентах" || typeOfData == "План в процентах"): null

15-11-2024T09:25:08 - [TEST_STEP][PASSED] - else: null

15-11-2024T09:25:08 - [TEST_STEP][PASSED] - setValueToCellByIndex(sheet01, n, 3, fileInt): null

15-11-2024T09:25:08 - [TEST_STEP][PASSED] - setValueToCellByIndex(sheet01, n, 4, "нет данных"): null

15-11-2024T09:25:08 - [TEST_STEP][PASSED] - setValueToCellByIndex(sheet01, n, 5, m): null

15-11-2024T09:25:08 - [TEST_STEP][PASSED] - setValueToCellByIndex(sheet01, n, 6, y): null

15-11-2024T09:25:08 - [TEST_STEP][PASSED] - setValueToCellByIndex(sheet01, n, 7, todaysDate): null

15-11-2024T09:25:08 - [TEST_STEP][PASSED] - n = n + 1: null

15-11-2024T09:25:08 - [TEST_STEP][PASSED] - saveWorkbook(excelFilePath, workbook01): null

15-11-2024T09:25:09 - [TEST_STEP][PASSED] - typeOfData = "План Потери": null

15-11-2024T09:25:09 - [TEST_STEP][PASSED] - fileInt = replaceAll("\s+", "").toInteger(): null

15-11-2024T09:25:09 - [TEST_STEP][PASSED] - Script1718980020443.WriteToExcelNoData(a, typeOfData, todaysDate, fileInt, fileDouble, dZO): null

15-11-2024T09:25:09 - [TEST_STEP][PASSED] - sheetName = "Sheet1": null

15-11-2024T09:25:09 - [TEST_STEP][PASSED] - data = findTestData("PlanFact"): null

15-11-2024T09:25:09 - [TEST_STEP][PASSED] - n = data.getRowNumbers() + 1: null

15-11-2024T09:25:09 - [TEST_STEP][PASSED] - year = todaysDate.substring(todaysDate.length() - 4, todaysDate.length()): null

15-11-2024T09:25:09 - [TEST_STEP][PASSED] - y = year.toInteger(): null

15-11-2024T09:25:09 - [TEST_STEP][PASSED] - m = getText(findTestObject("Выполнение бизнес-плана/Период")): Text of object 'Object Repository/Выполнение бизнес-плана/Период' is: '1, 2, 3 кв. 2024 года'

15-11-2024T09:25:09 - [MESSAGE][PASSED] - Text of object 'Object Repository/Выполнение бизнес-плана/Период' is: '1, 2, 3 кв. 2024 года'

15-11-2024T09:25:09 - [TEST_STEP][PASSED] - m = m.substring(0, m.indexOf("2024")): null

15-11-2024T09:25:09 - [TEST_STEP][PASSED] - m = m.trim(): null

15-11-2024T09:25:09 - [TEST_STEP][PASSED] - dashboardName = "Выполнение бизнес-плана": null

15-11-2024T09:25:09 - [TEST_STEP][PASSED] - workbook01 = getWorkbook(excelFilePath): null

15-11-2024T09:25:09 - [TEST_STEP][PASSED] - sheet01 = getExcelSheet(workbook01, sheetName): null

15-11-2024T09:25:09 - [TEST_STEP][PASSED] - setValueToCellByIndex(sheet01, n, 0, dashboardName): null

15-11-2024T09:25:09 - [TEST_STEP][PASSED] - setValueToCellByIndex(sheet01, n, 1, dZO): null

15-11-2024T09:25:09 - [TEST_STEP][PASSED] - setValueToCellByIndex(sheet01, n, 2, typeOfData): null

15-11-2024T09:25:09 - [TEST_STEP][PASSED] - if (typeOfData == "Факт в процентах" || typeOfData == "План в процентах"): null

15-11-2024T09:25:09 - [TEST_STEP][PASSED] - else: null

15-11-2024T09:25:09 - [TEST_STEP][PASSED] - setValueToCellByIndex(sheet01, n, 3, fileInt): null

15-11-2024T09:25:09 - [TEST_STEP][PASSED] - setValueToCellByIndex(sheet01, n, 4, "нет данных"): null

15-11-2024T09:25:09 - [TEST_STEP][PASSED] - setValueToCellByIndex(sheet01, n, 5, m): null

15-11-2024T09:25:09 - [TEST_STEP][PASSED] - setValueToCellByIndex(sheet01, n, 6, y): null

15-11-2024T09:25:09 - [TEST_STEP][PASSED] - setValueToCellByIndex(sheet01, n, 7, todaysDate): null

15-11-2024T09:25:09 - [TEST_STEP][PASSED] - n = n + 1: null

15-11-2024T09:25:09 - [TEST_STEP][PASSED] - saveWorkbook(excelFilePath, workbook01): null

15-11-2024T09:25:09 - [TEST_STEP][PASSED] - typeOfData = "План в процентах": null

15-11-2024T09:25:09 - [TEST_STEP][PASSED] - fileDouble = ").toDouble(): null

15-11-2024T09:25:09 - [TEST_STEP][PASSED] - Script1718980020443.WriteToExcelNoData(a, typeOfData, todaysDate, fileInt, fileDouble, dZO): null

15-11-2024T09:25:09 - [TEST_STEP][PASSED] - sheetName = "Sheet1": null

15-11-2024T09:25:09 - [TEST_STEP][PASSED] - data = findTestData("PlanFact"): null

15-11-2024T09:25:09 - [TEST_STEP][PASSED] - n = data.getRowNumbers() + 1: null

15-11-2024T09:25:09 - [TEST_STEP][PASSED] - year = todaysDate.substring(todaysDate.length() - 4, todaysDate.length()): null

15-11-2024T09:25:09 - [TEST_STEP][PASSED] - y = year.toInteger(): null

15-11-2024T09:25:09 - [TEST_STEP][PASSED] - m = getText(findTestObject("Выполнение бизнес-плана/Период")): Text of object 'Object Repository/Выполнение бизнес-плана/Период' is: '1, 2, 3 кв. 2024 года'

15-11-2024T09:25:10 - [MESSAGE][PASSED] - Text of object 'Object Repository/Выполнение бизнес-плана/Период' is: '1, 2, 3 кв. 2024 года'

15-11-2024T09:25:10 - [TEST_STEP][PASSED] - m = m.substring(0, m.indexOf("2024")): null

15-11-2024T09:25:10 - [TEST_STEP][PASSED] - m = m.trim(): null

15-11-2024T09:25:10 - [TEST_STEP][PASSED] - dashboardName = "Выполнение бизнес-плана": null

15-11-2024T09:25:10 - [TEST_STEP][PASSED] - workbook01 = getWorkbook(excelFilePath): null

15-11-2024T09:25:10 - [TEST_STEP][PASSED] - sheet01 = getExcelSheet(workbook01, sheetName): null

15-11-2024T09:25:10 - [TEST_STEP][PASSED] - setValueToCellByIndex(sheet01, n, 0, dashboardName): null

15-11-2024T09:25:10 - [TEST_STEP][PASSED] - setValueToCellByIndex(sheet01, n, 1, dZO): null

15-11-2024T09:25:10 - [TEST_STEP][PASSED] - setValueToCellByIndex(sheet01, n, 2, typeOfData): null

15-11-2024T09:25:10 - [TEST_STEP][PASSED] - if (typeOfData == "Факт в процентах" || typeOfData == "План в процентах"): null

15-11-2024T09:25:10 - [TEST_STEP][PASSED] - setValueToCellByIndex(sheet01, n, 3, fileDouble): null

15-11-2024T09:25:10 - [TEST_STEP][PASSED] - setValueToCellByIndex(sheet01, n, 4, "нет данных"): null

15-11-2024T09:25:10 - [TEST_STEP][PASSED] - setValueToCellByIndex(sheet01, n, 5, m): null

15-11-2024T09:25:10 - [TEST_STEP][PASSED] - setValueToCellByIndex(sheet01, n, 6, y): null

15-11-2024T09:25:10 - [TEST_STEP][PASSED] - setValueToCellByIndex(sheet01, n, 7, todaysDate): null

15-11-2024T09:25:10 - [TEST_STEP][PASSED] - n = n + 1: null

15-11-2024T09:25:10 - [TEST_STEP][PASSED] - saveWorkbook(excelFilePath, workbook01): null

15-11-2024T09:25:10 - [TEST_STEP][PASSED] - typeOfData = "Факт в процентах": null

15-11-2024T09:25:10 - [TEST_STEP][PASSED] - fileDouble = ").toDouble(): null

15-11-2024T09:25:10 - [TEST_STEP][PASSED] - Script1718980020443.WriteToExcelNoData(a, typeOfData, todaysDate, fileInt, fileDouble, dZO): null

15-11-2024T09:25:10 - [TEST_STEP][PASSED] - sheetName = "Sheet1": null

15-11-2024T09:25:10 - [TEST_STEP][PASSED] - data = findTestData("PlanFact"): null

15-11-2024T09:25:10 - [TEST_STEP][PASSED] - n = data.getRowNumbers() + 1: null

15-11-2024T09:25:10 - [TEST_STEP][PASSED] - year = todaysDate.substring(todaysDate.length() - 4, todaysDate.length()): null

15-11-2024T09:25:10 - [TEST_STEP][PASSED] - y = year.toInteger(): null

15-11-2024T09:25:10 - [TEST_STEP][PASSED] - m = getText(findTestObject("Выполнение бизнес-плана/Период")): Text of object 'Object Repository/Выполнение бизнес-плана/Период' is: '1, 2, 3 кв. 2024 года'

15-11-2024T09:25:10 - [MESSAGE][PASSED] - Text of object 'Object Repository/Выполнение бизнес-плана/Период' is: '1, 2, 3 кв. 2024 года'

15-11-2024T09:25:10 - [TEST_STEP][PASSED] - m = m.substring(0, m.indexOf("2024")): null

15-11-2024T09:25:10 - [TEST_STEP][PASSED] - m = m.trim(): null

15-11-2024T09:25:10 - [TEST_STEP][PASSED] - dashboardName = "Выполнение бизнес-плана": null

15-11-2024T09:25:10 - [TEST_STEP][PASSED] - workbook01 = getWorkbook(excelFilePath): null

15-11-2024T09:25:10 - [TEST_STEP][PASSED] - sheet01 = getExcelSheet(workbook01, sheetName): null

15-11-2024T09:25:10 - [TEST_STEP][PASSED] - setValueToCellByIndex(sheet01, n, 0, dashboardName): null

15-11-2024T09:25:10 - [TEST_STEP][PASSED] - setValueToCellByIndex(sheet01, n, 1, dZO): null

15-11-2024T09:25:10 - [TEST_STEP][PASSED] - setValueToCellByIndex(sheet01, n, 2, typeOfData): null

15-11-2024T09:25:10 - [TEST_STEP][PASSED] - if (typeOfData == "Факт в процентах" || typeOfData == "План в процентах"): null

15-11-2024T09:25:10 - [TEST_STEP][PASSED] - setValueToCellByIndex(sheet01, n, 3, fileDouble): null

15-11-2024T09:25:10 - [TEST_STEP][PASSED] - setValueToCellByIndex(sheet01, n, 4, "нет данных"): null

15-11-2024T09:25:10 - [TEST_STEP][PASSED] - setValueToCellByIndex(sheet01, n, 5, m): null

15-11-2024T09:25:10 - [TEST_STEP][PASSED] - setValueToCellByIndex(sheet01, n, 6, y): null

15-11-2024T09:25:10 - [TEST_STEP][PASSED] - setValueToCellByIndex(sheet01, n, 7, todaysDate): null

15-11-2024T09:25:10 - [TEST_STEP][PASSED] - n = n + 1: null

15-11-2024T09:25:10 - [TEST_STEP][PASSED] - saveWorkbook(excelFilePath, workbook01): null

15-11-2024T09:25:11 - [TEST_STEP][PASSED] - println(dzoNum): null

15-11-2024T09:25:11 - [TEST_STEP][PASSED] - dZO = "Россети Центр (ГК)": null

15-11-2024T09:25:11 - [TEST_STEP][PASSED] - a = 1: null

15-11-2024T09:25:11 - [TEST_STEP][PASSED] - if (x1.contains(dZO)): null

15-11-2024T09:25:11 - [TEST_STEP][PASSED] - dzoNum = dzoNum + 1: null

15-11-2024T09:25:11 - [TEST_STEP][PASSED] - Script1718980020443.Numbers(a, typeOfData, todaysDate, pageInt, fileInt, pageDouble, fileDouble, dZO, dzoNum, filialNum): null

15-11-2024T09:25:11 - [TEST_STEP][PASSED] - println(dzoNum): null

15-11-2024T09:25:11 - [TEST_STEP][PASSED] - planFact = <not implemented yet for class: org.codehaus.groovy.ast.expr.EmptyExpression>: null

15-11-2024T09:25:11 - [TEST_STEP][PASSED] - page = <not implemented yet for class: org.codehaus.groovy.ast.expr.EmptyExpression>: null

15-11-2024T09:25:11 - [TEST_STEP][PASSED] - page1 = <not implemented yet for class: org.codehaus.groovy.ast.expr.EmptyExpression>: null

15-11-2024T09:25:11 - [TEST_STEP][PASSED] - page2 = <not implemented yet for class: org.codehaus.groovy.ast.expr.EmptyExpression>: null

15-11-2024T09:25:11 - [TEST_STEP][PASSED] - filialNumberInRow = <not implemented yet for class: org.codehaus.groovy.ast.expr.EmptyExpression>: null

15-11-2024T09:25:11 - [TEST_STEP][PASSED] - filialsDzoNames = <not implemented yet for class: org.codehaus.groovy.ast.expr.EmptyExpression>: null

15-11-2024T09:25:11 - [TEST_STEP][PASSED] - numberOfFilials = <not implemented yet for class: org.codehaus.groovy.ast.expr.EmptyExpression>: null

15-11-2024T09:25:11 - [TEST_STEP][PASSED] - numberOfSpaces = <not implemented yet for class: org.codehaus.groovy.ast.expr.EmptyExpression>: null

15-11-2024T09:25:11 - [TEST_STEP][PASSED] - file = <not implemented yet for class: org.codehaus.groovy.ast.expr.EmptyExpression>: null

15-11-2024T09:25:11 - [TEST_STEP][PASSED] - otpusk = <not implemented yet for class: org.codehaus.groovy.ast.expr.EmptyExpression>: null

15-11-2024T09:25:11 - [TEST_STEP][PASSED] - poteri = <not implemented yet for class: org.codehaus.groovy.ast.expr.EmptyExpression>: null

15-11-2024T09:25:11 - [TEST_STEP][PASSED] - dataFolder = "Выполнение бизнес-плана/Значения со страницы Выполнение бизнес-плана/": null

15-11-2024T09:25:11 - [TEST_STEP][PASSED] - path = <not implemented yet for class: org.codehaus.groovy.ast.expr.EmptyExpression>: null

15-11-2024T09:25:11 - [TEST_STEP][PASSED] - typeOfDataMain = <not implemented yet for class: org.codehaus.groovy.ast.expr.EmptyExpression>: null

15-11-2024T09:25:11 - [TEST_STEP][PASSED] - fileOtpuskVSet = <not implemented yet for class: org.codehaus.groovy.ast.expr.EmptyExpression>: null

15-11-2024T09:25:11 - [TEST_STEP][PASSED] - pageOtpuskVSet = <not implemented yet for class: org.codehaus.groovy.ast.expr.EmptyExpression>: null

15-11-2024T09:25:11 - [TEST_STEP][PASSED] - filePoteri = <not implemented yet for class: org.codehaus.groovy.ast.expr.EmptyExpression>: null

15-11-2024T09:25:11 - [TEST_STEP][PASSED] - pagePoteri = <not implemented yet for class: org.codehaus.groovy.ast.expr.EmptyExpression>: null

15-11-2024T09:25:11 - [TEST_STEP][PASSED] - compare = <not implemented yet for class: org.codehaus.groovy.ast.expr.EmptyExpression>: null

15-11-2024T09:25:11 - [TEST_STEP][PASSED] - b = <not implemented yet for class: org.codehaus.groovy.ast.expr.EmptyExpression>: null

15-11-2024T09:25:11 - [TEST_STEP][PASSED] - i = <not implemented yet for class: org.codehaus.groovy.ast.expr.EmptyExpression>: null

15-11-2024T09:25:11 - [TEST_STEP][PASSED] - ii = <not implemented yet for class: org.codehaus.groovy.ast.expr.EmptyExpression>: null

15-11-2024T09:25:11 - [TEST_STEP][PASSED] - c = <not implemented yet for class: org.codehaus.groovy.ast.expr.EmptyExpression>: null

15-11-2024T09:25:11 - [TEST_STEP][PASSED] - numberOfErrors = 0: null

15-11-2024T09:25:11 - [TEST_STEP][PASSED] - if (a == 82): null

15-11-2024T09:25:11 - [TEST_STEP][PASSED] - b = findTestData("PlanFact").getValue(1, a): null

15-11-2024T09:25:11 - [TEST_STEP][PASSED] - i = b.indexOf(" (ГК)"): null

15-11-2024T09:25:11 - [TEST_STEP][PASSED] - if (i > -1): null

15-11-2024T09:25:11 - [TEST_STEP][PASSED] - b = b.substring(0, i): null

15-11-2024T09:25:11 - [TEST_STEP][PASSED] - b = b.trim(): null

15-11-2024T09:25:11 - [TEST_STEP][PASSED] - i = b.indexOf("О ""): null

15-11-2024T09:25:11 - [TEST_STEP][PASSED] - if (i > -1): null

15-11-2024T09:25:11 - [TEST_STEP][PASSED] - i = b.indexOf("О «"): null

15-11-2024T09:25:11 - [TEST_STEP][PASSED] - if (i > -1): null

15-11-2024T09:25:11 - [TEST_STEP][PASSED] - i = b.indexOf("г. "): null

15-11-2024T09:25:11 - [TEST_STEP][PASSED] - if (i > -1): null

15-11-2024T09:25:11 - [TEST_STEP][PASSED] - println(b): null

15-11-2024T09:25:11 - [TEST_STEP][PASSED] - for ([planFact = 1, planFact < 3, (planFact++)]): null

15-11-2024T09:25:11 - [TEST_STEP][PASSED] - if (planFact == 1): null

15-11-2024T09:25:11 - [TEST_STEP][PASSED] - typeOfDataMain = "Факт": null

15-11-2024T09:25:11 - [TEST_STEP][PASSED] - otpusk = findTestData("PlanFact").getValue(5, a): null

15-11-2024T09:25:11 - [TEST_STEP][PASSED] - poteri = findTestData("PlanFact").getValue(6, a): null

15-11-2024T09:25:11 - [TEST_STEP][PASSED] - otpusk = otpusk.replaceAll("\s+", ""): null

15-11-2024T09:25:11 - [TEST_STEP][PASSED] - poteri = poteri.replaceAll("\s+", ""): null

15-11-2024T09:25:11 - [TEST_STEP][PASSED] - typeOfData = typeOfDataMain + " Отпуск в сеть": null

15-11-2024T09:25:11 - [TEST_STEP][PASSED] - if (a == 82): null

15-11-2024T09:25:11 - [TEST_STEP][PASSED] - else if (a == 84): null

15-11-2024T09:25:11 - [TEST_STEP][PASSED] - else if (a == 52 || a == 72 || a == 28 || a == 73 || a == 77 || a == 74 || a == 65 || a == 36 || a == 44 || a == 53 || a == 80 || a == 54 || a == 1 || a == 18 || a == 59 || a == 81): null

15-11-2024T09:25:11 - [TEST_STEP][PASSED] - path = dataFolder + "Table Data/" + typeOfData + " за отчётный период " + dzoNum: null

15-11-2024T09:25:11 - [TEST_STEP][PASSED] - println(path): null

15-11-2024T09:25:11 - [TEST_STEP][PASSED] - page = getText(findTestObject(path)): Text of object 'Object Repository/Выполнение бизнес-плана/Значения со страницы Выполнение бизнес-плана/Table Data/Факт Отпуск в сеть за отчётный период 6' is: '44 371 600'

15-11-2024T09:25:11 - [MESSAGE][PASSED] - Text of object 'Object Repository/Выполнение бизнес-плана/Значения со страницы Выполнение бизнес-плана/Table Data/Факт Отпуск в сеть за отчётный период 6' is: '44 371 600'

15-11-2024T09:25:11 - [TEST_STEP][PASSED] - page = page.replaceAll("\s+", ""): null

15-11-2024T09:25:11 - [TEST_STEP][PASSED] - fileOtpuskVSet = otpusk.toInteger(): null

15-11-2024T09:25:11 - [TEST_STEP][PASSED] - pageOtpuskVSet = page.toInteger(): null

15-11-2024T09:25:11 - [TEST_STEP][PASSED] - typeOfData = typeOfDataMain + " Потери": null

15-11-2024T09:25:11 - [TEST_STEP][PASSED] - if (a == 82): null

15-11-2024T09:25:11 - [TEST_STEP][PASSED] - else if (a == 84): null

15-11-2024T09:25:11 - [TEST_STEP][PASSED] - else if (a == 52 || a == 72 || a == 28 || a == 73 || a == 77 || a == 74 || a == 65 || a == 36 || a == 44 || a == 53 || a == 80 || a == 54 || a == 1 || a == 18 || a == 59 || a == 81): null

15-11-2024T09:25:11 - [TEST_STEP][PASSED] - path = dataFolder + "Table Data/" + typeOfData + " за отчётный период " + dzoNum: null

15-11-2024T09:25:11 - [TEST_STEP][PASSED] - page = getText(findTestObject(path)): Text of object 'Object Repository/Выполнение бизнес-плана/Значения со страницы Выполнение бизнес-плана/Table Data/Факт Потери за отчётный период 6' is: '4 205 240'

15-11-2024T09:25:11 - [MESSAGE][PASSED] - Text of object 'Object Repository/Выполнение бизнес-плана/Значения со страницы Выполнение бизнес-плана/Table Data/Факт Потери за отчётный период 6' is: '4 205 240'

15-11-2024T09:25:11 - [TEST_STEP][PASSED] - page = page.replaceAll("\s+", ""): null

15-11-2024T09:25:11 - [TEST_STEP][PASSED] - filePoteri = poteri.toInteger(): null

15-11-2024T09:25:11 - [TEST_STEP][PASSED] - pagePoteri = page.toInteger(): null

15-11-2024T09:25:11 - [TEST_STEP][PASSED] - compare = pageOtpuskVSet: null

15-11-2024T09:25:11 - [TEST_STEP][PASSED] - if (compare == fileOtpuskVSet): null

15-11-2024T09:25:11 - [TEST_STEP][PASSED] - else if (compare > fileOtpuskVSet): null

15-11-2024T09:25:11 - [TEST_STEP][PASSED] - else if (compare < fileOtpuskVSet): null

15-11-2024T09:25:11 - [TEST_STEP][PASSED] - compare = compare + 1: null

15-11-2024T09:25:11 - [TEST_STEP][PASSED] - if (compare == fileOtpuskVSet): null

15-11-2024T09:25:11 - [TEST_STEP][PASSED] - else: null

15-11-2024T09:25:11 - [TEST_STEP][PASSED] - numberOfErrors = numberOfErrors + 1: null

15-11-2024T09:25:11 - [TEST_STEP][PASSED] - pageInt = pageOtpuskVSet: null

15-11-2024T09:25:11 - [TEST_STEP][PASSED] - fileInt = fileOtpuskVSet: null

15-11-2024T09:25:11 - [TEST_STEP][PASSED] - typeOfData = typeOfDataMain + " Отпуск в сеть": null

15-11-2024T09:25:11 - [TEST_STEP][PASSED] - Script1718980020443.WriteToExcel(a, typeOfData, todaysDate, pageInt, fileInt, pageDouble, fileDouble, dZO): null

15-11-2024T09:25:11 - [TEST_STEP][PASSED] - sheetName = "Sheet1": null

15-11-2024T09:25:11 - [TEST_STEP][PASSED] - data = findTestData("PlanFact"): null

15-11-2024T09:25:11 - [TEST_STEP][PASSED] - n = data.getRowNumbers() + 1: null

15-11-2024T09:25:11 - [TEST_STEP][PASSED] - year = todaysDate.substring(todaysDate.length() - 4, todaysDate.length()): null

15-11-2024T09:25:11 - [TEST_STEP][PASSED] - y = year.toInteger(): null

15-11-2024T09:25:11 - [TEST_STEP][PASSED] - m = getText(findTestObject("Выполнение бизнес-плана/Период")): Text of object 'Object Repository/Выполнение бизнес-плана/Период' is: '1, 2, 3 кв. 2024 года'

15-11-2024T09:25:12 - [MESSAGE][PASSED] - Text of object 'Object Repository/Выполнение бизнес-плана/Период' is: '1, 2, 3 кв. 2024 года'

15-11-2024T09:25:12 - [TEST_STEP][PASSED] - m = m.substring(0, m.indexOf("2024")): null

15-11-2024T09:25:12 - [TEST_STEP][PASSED] - m = m.trim(): null

15-11-2024T09:25:12 - [TEST_STEP][PASSED] - dashboardName = "Выполнение бизнес-плана": null

15-11-2024T09:25:12 - [TEST_STEP][PASSED] - workbook01 = getWorkbook(excelFilePath): null

15-11-2024T09:25:12 - [TEST_STEP][PASSED] - sheet01 = getExcelSheet(workbook01, sheetName): null

15-11-2024T09:25:12 - [TEST_STEP][PASSED] - setValueToCellByIndex(sheet01, n, 0, dashboardName): null

15-11-2024T09:25:12 - [TEST_STEP][PASSED] - setValueToCellByIndex(sheet01, n, 1, dZO): null

15-11-2024T09:25:12 - [TEST_STEP][PASSED] - setValueToCellByIndex(sheet01, n, 2, typeOfData): null

15-11-2024T09:25:12 - [TEST_STEP][PASSED] - if (typeOfData == "Факт в процентах" || typeOfData == "План в процентах"): null

15-11-2024T09:25:12 - [TEST_STEP][PASSED] - else: null

15-11-2024T09:25:12 - [TEST_STEP][PASSED] - setValueToCellByIndex(sheet01, n, 3, fileInt): null

15-11-2024T09:25:12 - [TEST_STEP][PASSED] - setValueToCellByIndex(sheet01, n, 4, pageInt): null

15-11-2024T09:25:12 - [TEST_STEP][PASSED] - setValueToCellByIndex(sheet01, n, 5, m): null

15-11-2024T09:25:12 - [TEST_STEP][PASSED] - setValueToCellByIndex(sheet01, n, 6, y): null

15-11-2024T09:25:12 - [TEST_STEP][PASSED] - setValueToCellByIndex(sheet01, n, 7, todaysDate): null

15-11-2024T09:25:12 - [TEST_STEP][PASSED] - n = n + 1: null

15-11-2024T09:25:12 - [TEST_STEP][PASSED] - saveWorkbook(excelFilePath, workbook01): null

15-11-2024T09:25:12 - [TEST_STEP][PASSED] - compare = pagePoteri: null

15-11-2024T09:25:12 - [TEST_STEP][PASSED] - if (compare == filePoteri): null

15-11-2024T09:25:12 - [TEST_STEP][PASSED] - else if (compare > filePoteri): null

15-11-2024T09:25:12 - [TEST_STEP][PASSED] - else if (compare < filePoteri): null

15-11-2024T09:25:12 - [TEST_STEP][PASSED] - compare = compare + 1: null

15-11-2024T09:25:12 - [TEST_STEP][PASSED] - if (compare == filePoteri): null

15-11-2024T09:25:12 - [TEST_STEP][PASSED] - else: null

15-11-2024T09:25:12 - [TEST_STEP][PASSED] - numberOfErrors = numberOfErrors + 1: null

15-11-2024T09:25:12 - [TEST_STEP][PASSED] - pageInt = pagePoteri: null

15-11-2024T09:25:12 - [TEST_STEP][PASSED] - fileInt = filePoteri: null

15-11-2024T09:25:12 - [TEST_STEP][PASSED] - typeOfData = typeOfDataMain + " Потери": null

15-11-2024T09:25:12 - [TEST_STEP][PASSED] - Script1718980020443.WriteToExcel(a, typeOfData, todaysDate, pageInt, fileInt, pageDouble, fileDouble, dZO): null

15-11-2024T09:25:12 - [TEST_STEP][PASSED] - sheetName = "Sheet1": null

15-11-2024T09:25:12 - [TEST_STEP][PASSED] - data = findTestData("PlanFact"): null

15-11-2024T09:25:12 - [TEST_STEP][PASSED] - n = data.getRowNumbers() + 1: null

15-11-2024T09:25:12 - [TEST_STEP][PASSED] - year = todaysDate.substring(todaysDate.length() - 4, todaysDate.length()): null

15-11-2024T09:25:12 - [TEST_STEP][PASSED] - y = year.toInteger(): null

15-11-2024T09:25:12 - [TEST_STEP][PASSED] - m = getText(findTestObject("Выполнение бизнес-плана/Период")): Text of object 'Object Repository/Выполнение бизнес-плана/Период' is: '1, 2, 3 кв. 2024 года'

15-11-2024T09:25:12 - [MESSAGE][PASSED] - Text of object 'Object Repository/Выполнение бизнес-плана/Период' is: '1, 2, 3 кв. 2024 года'

15-11-2024T09:25:12 - [TEST_STEP][PASSED] - m = m.substring(0, m.indexOf("2024")): null

15-11-2024T09:25:12 - [TEST_STEP][PASSED] - m = m.trim(): null

15-11-2024T09:25:12 - [TEST_STEP][PASSED] - dashboardName = "Выполнение бизнес-плана": null

15-11-2024T09:25:12 - [TEST_STEP][PASSED] - workbook01 = getWorkbook(excelFilePath): null

15-11-2024T09:25:12 - [TEST_STEP][PASSED] - sheet01 = getExcelSheet(workbook01, sheetName): null

15-11-2024T09:25:12 - [TEST_STEP][PASSED] - setValueToCellByIndex(sheet01, n, 0, dashboardName): null

15-11-2024T09:25:12 - [TEST_STEP][PASSED] - setValueToCellByIndex(sheet01, n, 1, dZO): null

15-11-2024T09:25:12 - [TEST_STEP][PASSED] - setValueToCellByIndex(sheet01, n, 2, typeOfData): null

15-11-2024T09:25:12 - [TEST_STEP][PASSED] - if (typeOfData == "Факт в процентах" || typeOfData == "План в процентах"): null

15-11-2024T09:25:12 - [TEST_STEP][PASSED] - else: null

15-11-2024T09:25:12 - [TEST_STEP][PASSED] - setValueToCellByIndex(sheet01, n, 3, fileInt): null

15-11-2024T09:25:12 - [TEST_STEP][PASSED] - setValueToCellByIndex(sheet01, n, 4, pageInt): null

15-11-2024T09:25:12 - [TEST_STEP][PASSED] - setValueToCellByIndex(sheet01, n, 5, m): null

15-11-2024T09:25:12 - [TEST_STEP][PASSED] - setValueToCellByIndex(sheet01, n, 6, y): null

15-11-2024T09:25:12 - [TEST_STEP][PASSED] - setValueToCellByIndex(sheet01, n, 7, todaysDate): null

15-11-2024T09:25:12 - [TEST_STEP][PASSED] - n = n + 1: null

15-11-2024T09:25:12 - [TEST_STEP][PASSED] - saveWorkbook(excelFilePath, workbook01): null

15-11-2024T09:25:13 - [TEST_STEP][PASSED] - if (planFact == 2): null

15-11-2024T09:25:13 - [TEST_STEP][PASSED] - if (planFact == 1): null

15-11-2024T09:25:13 - [TEST_STEP][PASSED] - else if (planFact == 2): null

15-11-2024T09:25:13 - [TEST_STEP][PASSED] - click(findTestObject("Выполнение бизнес-плана/Кнопка План")): Object: 'Object Repository/Выполнение бизнес-плана/Кнопка План' is clicked on

15-11-2024T09:25:13 - [MESSAGE][PASSED] - Object: 'Object Repository/Выполнение бизнес-плана/Кнопка План' is clicked on

15-11-2024T09:25:13 - [TEST_STEP][PASSED] - typeOfDataMain = "План": null

15-11-2024T09:25:13 - [TEST_STEP][PASSED] - otpusk = findTestData("PlanFact").getValue(2, a): null

15-11-2024T09:25:13 - [TEST_STEP][PASSED] - poteri = findTestData("PlanFact").getValue(3, a): null

15-11-2024T09:25:13 - [TEST_STEP][PASSED] - otpusk = otpusk.replaceAll("\s+", ""): null

15-11-2024T09:25:13 - [TEST_STEP][PASSED] - poteri = poteri.replaceAll("\s+", ""): null

15-11-2024T09:25:13 - [TEST_STEP][PASSED] - typeOfData = typeOfDataMain + " Отпуск в сеть": null

15-11-2024T09:25:13 - [TEST_STEP][PASSED] - if (a == 82): null

15-11-2024T09:25:13 - [TEST_STEP][PASSED] - else if (a == 84): null

15-11-2024T09:25:13 - [TEST_STEP][PASSED] - else if (a == 52 || a == 72 || a == 28 || a == 73 || a == 77 || a == 74 || a == 65 || a == 36 || a == 44 || a == 53 || a == 80 || a == 54 || a == 1 || a == 18 || a == 59 || a == 81): null

15-11-2024T09:25:13 - [TEST_STEP][PASSED] - path = dataFolder + "Table Data/" + typeOfData + " за отчётный период " + dzoNum: null

15-11-2024T09:25:13 - [TEST_STEP][PASSED] - println(path): null

15-11-2024T09:25:13 - [TEST_STEP][PASSED] - page = getText(findTestObject(path)): Text of object 'Object Repository/Выполнение бизнес-плана/Значения со страницы Выполнение бизнес-плана/Table Data/План Отпуск в сеть за отчётный период 6' is: '43 055 315'

15-11-2024T09:25:13 - [MESSAGE][PASSED] - Text of object 'Object Repository/Выполнение бизнес-плана/Значения со страницы Выполнение бизнес-плана/Table Data/План Отпуск в сеть за отчётный период 6' is: '43 055 315'

15-11-2024T09:25:13 - [TEST_STEP][PASSED] - page = page.replaceAll("\s+", ""): null

15-11-2024T09:25:13 - [TEST_STEP][PASSED] - fileOtpuskVSet = otpusk.toInteger(): null

15-11-2024T09:25:13 - [TEST_STEP][PASSED] - pageOtpuskVSet = page.toInteger(): null

15-11-2024T09:25:13 - [TEST_STEP][PASSED] - typeOfData = typeOfDataMain + " Потери": null

15-11-2024T09:25:13 - [TEST_STEP][PASSED] - if (a == 82): null

15-11-2024T09:25:13 - [TEST_STEP][PASSED] - else if (a == 84): null

15-11-2024T09:25:13 - [TEST_STEP][PASSED] - else if (a == 52 || a == 72 || a == 28 || a == 73 || a == 77 || a == 74 || a == 65 || a == 36 || a == 44 || a == 53 || a == 80 || a == 54 || a == 1 || a == 18 || a == 59 || a == 81): null

15-11-2024T09:25:13 - [TEST_STEP][PASSED] - path = dataFolder + "Table Data/" + typeOfData + " за отчётный период " + dzoNum: null

15-11-2024T09:25:13 - [TEST_STEP][PASSED] - page = getText(findTestObject(path)): Text of object 'Object Repository/Выполнение бизнес-плана/Значения со страницы Выполнение бизнес-плана/Table Data/План Потери за отчётный период 6' is: '4 299 069'

15-11-2024T09:25:14 - [MESSAGE][PASSED] - Text of object 'Object Repository/Выполнение бизнес-плана/Значения со страницы Выполнение бизнес-плана/Table Data/План Потери за отчётный период 6' is: '4 299 069'

15-11-2024T09:25:14 - [TEST_STEP][PASSED] - page = page.replaceAll("\s+", ""): null

15-11-2024T09:25:14 - [TEST_STEP][PASSED] - filePoteri = poteri.toInteger(): null

15-11-2024T09:25:14 - [TEST_STEP][PASSED] - pagePoteri = page.toInteger(): null

15-11-2024T09:25:14 - [TEST_STEP][PASSED] - compare = pageOtpuskVSet: null

15-11-2024T09:25:14 - [TEST_STEP][PASSED] - if (compare == fileOtpuskVSet): null

15-11-2024T09:25:14 - [TEST_STEP][PASSED] - else if (compare > fileOtpuskVSet): null

15-11-2024T09:25:14 - [TEST_STEP][PASSED] - else if (compare < fileOtpuskVSet): null

15-11-2024T09:25:14 - [TEST_STEP][PASSED] - compare = compare + 1: null

15-11-2024T09:25:14 - [TEST_STEP][PASSED] - if (compare == fileOtpuskVSet): null

15-11-2024T09:25:14 - [TEST_STEP][PASSED] - else: null

15-11-2024T09:25:14 - [TEST_STEP][PASSED] - numberOfErrors = numberOfErrors + 1: null

15-11-2024T09:25:14 - [TEST_STEP][PASSED] - pageInt = pageOtpuskVSet: null

15-11-2024T09:25:14 - [TEST_STEP][PASSED] - fileInt = fileOtpuskVSet: null

15-11-2024T09:25:14 - [TEST_STEP][PASSED] - typeOfData = typeOfDataMain + " Отпуск в сеть": null

15-11-2024T09:25:14 - [TEST_STEP][PASSED] - Script1718980020443.WriteToExcel(a, typeOfData, todaysDate, pageInt, fileInt, pageDouble, fileDouble, dZO): null

15-11-2024T09:25:14 - [TEST_STEP][PASSED] - sheetName = "Sheet1": null

15-11-2024T09:25:14 - [TEST_STEP][PASSED] - data = findTestData("PlanFact"): null

15-11-2024T09:25:14 - [TEST_STEP][PASSED] - n = data.getRowNumbers() + 1: null

15-11-2024T09:25:14 - [TEST_STEP][PASSED] - year = todaysDate.substring(todaysDate.length() - 4, todaysDate.length()): null

15-11-2024T09:25:14 - [TEST_STEP][PASSED] - y = year.toInteger(): null

15-11-2024T09:25:14 - [TEST_STEP][PASSED] - m = getText(findTestObject("Выполнение бизнес-плана/Период")): Text of object 'Object Repository/Выполнение бизнес-плана/Период' is: '1, 2, 3 кв. 2024 года'

15-11-2024T09:25:14 - [MESSAGE][PASSED] - Text of object 'Object Repository/Выполнение бизнес-плана/Период' is: '1, 2, 3 кв. 2024 года'

15-11-2024T09:25:14 - [TEST_STEP][PASSED] - m = m.substring(0, m.indexOf("2024")): null

15-11-2024T09:25:14 - [TEST_STEP][PASSED] - m = m.trim(): null

15-11-2024T09:25:14 - [TEST_STEP][PASSED] - dashboardName = "Выполнение бизнес-плана": null

15-11-2024T09:25:14 - [TEST_STEP][PASSED] - workbook01 = getWorkbook(excelFilePath): null

15-11-2024T09:25:14 - [TEST_STEP][PASSED] - sheet01 = getExcelSheet(workbook01, sheetName): null

15-11-2024T09:25:14 - [TEST_STEP][PASSED] - setValueToCellByIndex(sheet01, n, 0, dashboardName): null

15-11-2024T09:25:14 - [TEST_STEP][PASSED] - setValueToCellByIndex(sheet01, n, 1, dZO): null

15-11-2024T09:25:14 - [TEST_STEP][PASSED] - setValueToCellByIndex(sheet01, n, 2, typeOfData): null

15-11-2024T09:25:14 - [TEST_STEP][PASSED] - if (typeOfData == "Факт в процентах" || typeOfData == "План в процентах"): null

15-11-2024T09:25:14 - [TEST_STEP][PASSED] - else: null

15-11-2024T09:25:14 - [TEST_STEP][PASSED] - setValueToCellByIndex(sheet01, n, 3, fileInt): null

15-11-2024T09:25:14 - [TEST_STEP][PASSED] - setValueToCellByIndex(sheet01, n, 4, pageInt): null

15-11-2024T09:25:14 - [TEST_STEP][PASSED] - setValueToCellByIndex(sheet01, n, 5, m): null

15-11-2024T09:25:14 - [TEST_STEP][PASSED] - setValueToCellByIndex(sheet01, n, 6, y): null

15-11-2024T09:25:14 - [TEST_STEP][PASSED] - setValueToCellByIndex(sheet01, n, 7, todaysDate): null

15-11-2024T09:25:14 - [TEST_STEP][PASSED] - n = n + 1: null

15-11-2024T09:25:14 - [TEST_STEP][PASSED] - saveWorkbook(excelFilePath, workbook01): null

15-11-2024T09:25:14 - [TEST_STEP][PASSED] - compare = pagePoteri: null

15-11-2024T09:25:14 - [TEST_STEP][PASSED] - if (compare == filePoteri): null

15-11-2024T09:25:14 - [TEST_STEP][PASSED] - else if (compare > filePoteri): null

15-11-2024T09:25:14 - [TEST_STEP][PASSED] - else if (compare < filePoteri): null

15-11-2024T09:25:14 - [TEST_STEP][PASSED] - compare = compare + 1: null

15-11-2024T09:25:14 - [TEST_STEP][PASSED] - if (compare == filePoteri): null

15-11-2024T09:25:14 - [TEST_STEP][PASSED] - else: null

15-11-2024T09:25:14 - [TEST_STEP][PASSED] - numberOfErrors = numberOfErrors + 1: null

15-11-2024T09:25:14 - [TEST_STEP][PASSED] - pageInt = pagePoteri: null

15-11-2024T09:25:14 - [TEST_STEP][PASSED] - fileInt = filePoteri: null

15-11-2024T09:25:14 - [TEST_STEP][PASSED] - typeOfData = typeOfDataMain + " Потери": null

15-11-2024T09:25:14 - [TEST_STEP][PASSED] - Script1718980020443.WriteToExcel(a, typeOfData, todaysDate, pageInt, fileInt, pageDouble, fileDouble, dZO): null

15-11-2024T09:25:14 - [TEST_STEP][PASSED] - sheetName = "Sheet1": null

15-11-2024T09:25:14 - [TEST_STEP][PASSED] - data = findTestData("PlanFact"): null

15-11-2024T09:25:14 - [TEST_STEP][PASSED] - n = data.getRowNumbers() + 1: null

15-11-2024T09:25:14 - [TEST_STEP][PASSED] - year = todaysDate.substring(todaysDate.length() - 4, todaysDate.length()): null

15-11-2024T09:25:14 - [TEST_STEP][PASSED] - y = year.toInteger(): null

15-11-2024T09:25:14 - [TEST_STEP][PASSED] - m = getText(findTestObject("Выполнение бизнес-плана/Период")): Text of object 'Object Repository/Выполнение бизнес-плана/Период' is: '1, 2, 3 кв. 2024 года'

15-11-2024T09:25:15 - [MESSAGE][PASSED] - Text of object 'Object Repository/Выполнение бизнес-плана/Период' is: '1, 2, 3 кв. 2024 года'

15-11-2024T09:25:15 - [TEST_STEP][PASSED] - m = m.substring(0, m.indexOf("2024")): null

15-11-2024T09:25:15 - [TEST_STEP][PASSED] - m = m.trim(): null

15-11-2024T09:25:15 - [TEST_STEP][PASSED] - dashboardName = "Выполнение бизнес-плана": null

15-11-2024T09:25:15 - [TEST_STEP][PASSED] - workbook01 = getWorkbook(excelFilePath): null

15-11-2024T09:25:15 - [TEST_STEP][PASSED] - sheet01 = getExcelSheet(workbook01, sheetName): null

15-11-2024T09:25:15 - [TEST_STEP][PASSED] - setValueToCellByIndex(sheet01, n, 0, dashboardName): null

15-11-2024T09:25:15 - [TEST_STEP][PASSED] - setValueToCellByIndex(sheet01, n, 1, dZO): null

15-11-2024T09:25:15 - [TEST_STEP][PASSED] - setValueToCellByIndex(sheet01, n, 2, typeOfData): null

15-11-2024T09:25:15 - [TEST_STEP][PASSED] - if (typeOfData == "Факт в процентах" || typeOfData == "План в процентах"): null

15-11-2024T09:25:15 - [TEST_STEP][PASSED] - else: null

15-11-2024T09:25:15 - [TEST_STEP][PASSED] - setValueToCellByIndex(sheet01, n, 3, fileInt): null

15-11-2024T09:25:15 - [TEST_STEP][PASSED] - setValueToCellByIndex(sheet01, n, 4, pageInt): null

15-11-2024T09:25:15 - [TEST_STEP][PASSED] - setValueToCellByIndex(sheet01, n, 5, m): null

15-11-2024T09:25:15 - [TEST_STEP][PASSED] - setValueToCellByIndex(sheet01, n, 6, y): null

15-11-2024T09:25:15 - [TEST_STEP][PASSED] - setValueToCellByIndex(sheet01, n, 7, todaysDate): null

15-11-2024T09:25:15 - [TEST_STEP][PASSED] - n = n + 1: null

15-11-2024T09:25:15 - [TEST_STEP][PASSED] - saveWorkbook(excelFilePath, workbook01): Object: 'Object Repository/Выполнение бизнес-плана/Кнопка Факт' is clicked on

15-11-2024T09:25:15 - [TEST_STEP][PASSED] - if (planFact == 2): Object: 'Object Repository/Выполнение бизнес-плана/Кнопка Факт' is clicked on

15-11-2024T09:25:15 - [TEST_STEP][PASSED] - click(findTestObject("Выполнение бизнес-плана/Кнопка Факт")): Object: 'Object Repository/Выполнение бизнес-плана/Кнопка Факт' is clicked on

15-11-2024T09:25:15 - [MESSAGE][PASSED] - Object: 'Object Repository/Выполнение бизнес-плана/Кнопка Факт' is clicked on

15-11-2024T09:25:15 - [TEST_STEP][PASSED] - if (a == 84 || a == 82): null

15-11-2024T09:25:15 - [TEST_STEP][PASSED] - else if (a == 52 || a == 72 || a == 28 || a == 73 || a == 77 || a == 74 || a == 65 || a == 36 || a == 44 || a == 53 || a == 80 || a == 54 || a == 1 || a == 18 || a == 59 || a == 81): null

15-11-2024T09:25:15 - [TEST_STEP][PASSED] - page1 = getText(findTestObject("Object Repository/Выполнение бизнес-плана/spanPlan" + dzoNum)): Text of object 'Object Repository/Выполнение бизнес-плана/spanPlan6' is: '9.98
|'

15-11-2024T09:25:16 - [MESSAGE][PASSED] - Text of object 'Object Repository/Выполнение бизнес-плана/spanPlan6' is: '9.98
|'

15-11-2024T09:25:16 - [TEST_STEP][PASSED] - page1 = page1.replace("|", ""): null

15-11-2024T09:25:16 - [TEST_STEP][PASSED] - page2 = getText(findTestObject("Object Repository/Выполнение бизнес-плана/spanFact" + dzoNum)): Text of object 'Object Repository/Выполнение бизнес-плана/spanFact6' is: '9.48'

15-11-2024T09:25:16 - [MESSAGE][PASSED] - Text of object 'Object Repository/Выполнение бизнес-плана/spanFact6' is: '9.48'

15-11-2024T09:25:16 - [TEST_STEP][PASSED] - page2 = page2.replace("|", ""): null

15-11-2024T09:25:16 - [TEST_STEP][PASSED] - println("page1: " + page1): null

15-11-2024T09:25:16 - [TEST_STEP][PASSED] - println("page2: " + page2): null

15-11-2024T09:25:16 - [TEST_STEP][PASSED] - file = findTestData("PlanFact").getValue(4, a): null

15-11-2024T09:25:16 - [TEST_STEP][PASSED] - file = file.replace(",", "."): null

15-11-2024T09:25:16 - [TEST_STEP][PASSED] - println("file Plan: " + file): null

15-11-2024T09:25:16 - [TEST_STEP][PASSED] - typeOfData = "План в процентах": null

15-11-2024T09:25:16 - [TEST_STEP][PASSED] - fileDouble = file.toDouble(): null

15-11-2024T09:25:16 - [TEST_STEP][PASSED] - pageDouble = page1.toDouble(): null

15-11-2024T09:25:16 - [TEST_STEP][PASSED] - if (fileDouble != pageDouble): null

15-11-2024T09:25:16 - [TEST_STEP][PASSED] - numberOfErrors = numberOfErrors + 1: null

15-11-2024T09:25:16 - [TEST_STEP][PASSED] - Script1718980020443.WriteToExcel(a, typeOfData, todaysDate, pageInt, fileInt, pageDouble, fileDouble, dZO): null

15-11-2024T09:25:16 - [TEST_STEP][PASSED] - sheetName = "Sheet1": null

15-11-2024T09:25:16 - [TEST_STEP][PASSED] - data = findTestData("PlanFact"): null

15-11-2024T09:25:16 - [TEST_STEP][PASSED] - n = data.getRowNumbers() + 1: null

15-11-2024T09:25:16 - [TEST_STEP][PASSED] - year = todaysDate.substring(todaysDate.length() - 4, todaysDate.length()): null

15-11-2024T09:25:16 - [TEST_STEP][PASSED] - y = year.toInteger(): null

15-11-2024T09:25:16 - [TEST_STEP][PASSED] - m = getText(findTestObject("Выполнение бизнес-плана/Период")): Text of object 'Object Repository/Выполнение бизнес-плана/Период' is: '1, 2, 3 кв. 2024 года'

15-11-2024T09:25:16 - [MESSAGE][PASSED] - Text of object 'Object Repository/Выполнение бизнес-плана/Период' is: '1, 2, 3 кв. 2024 года'

15-11-2024T09:25:16 - [TEST_STEP][PASSED] - m = m.substring(0, m.indexOf("2024")): null

15-11-2024T09:25:16 - [TEST_STEP][PASSED] - m = m.trim(): null

15-11-2024T09:25:16 - [TEST_STEP][PASSED] - dashboardName = "Выполнение бизнес-плана": null

15-11-2024T09:25:16 - [TEST_STEP][PASSED] - workbook01 = getWorkbook(excelFilePath): null

15-11-2024T09:25:16 - [TEST_STEP][PASSED] - sheet01 = getExcelSheet(workbook01, sheetName): null

15-11-2024T09:25:16 - [TEST_STEP][PASSED] - setValueToCellByIndex(sheet01, n, 0, dashboardName): null

15-11-2024T09:25:16 - [TEST_STEP][PASSED] - setValueToCellByIndex(sheet01, n, 1, dZO): null

15-11-2024T09:25:16 - [TEST_STEP][PASSED] - setValueToCellByIndex(sheet01, n, 2, typeOfData): null

15-11-2024T09:25:16 - [TEST_STEP][PASSED] - if (typeOfData == "Факт в процентах" || typeOfData == "План в процентах"): null

15-11-2024T09:25:16 - [TEST_STEP][PASSED] - setValueToCellByIndex(sheet01, n, 3, fileDouble): null

15-11-2024T09:25:16 - [TEST_STEP][PASSED] - setValueToCellByIndex(sheet01, n, 4, pageDouble): null

15-11-2024T09:25:16 - [TEST_STEP][PASSED] - setValueToCellByIndex(sheet01, n, 5, m): null

15-11-2024T09:25:16 - [TEST_STEP][PASSED] - setValueToCellByIndex(sheet01, n, 6, y): null

15-11-2024T09:25:16 - [TEST_STEP][PASSED] - setValueToCellByIndex(sheet01, n, 7, todaysDate): null

15-11-2024T09:25:16 - [TEST_STEP][PASSED] - n = n + 1: null

15-11-2024T09:25:16 - [TEST_STEP][PASSED] - saveWorkbook(excelFilePath, workbook01): null

15-11-2024T09:25:16 - [TEST_STEP][PASSED] - file = findTestData("PlanFact").getValue(7, a): null

15-11-2024T09:25:17 - [TEST_STEP][PASSED] - file = file.replace(",", "."): null

15-11-2024T09:25:17 - [TEST_STEP][PASSED] - println("file Fact: " + file): null

15-11-2024T09:25:17 - [TEST_STEP][PASSED] - fileDouble = file.toDouble(): null

15-11-2024T09:25:17 - [TEST_STEP][PASSED] - typeOfData = "Факт в процентах": null

15-11-2024T09:25:17 - [TEST_STEP][PASSED] - fileDouble = file.toDouble(): null

15-11-2024T09:25:17 - [TEST_STEP][PASSED] - pageDouble = page2.toDouble(): null

15-11-2024T09:25:17 - [TEST_STEP][PASSED] - if (fileDouble != pageDouble): null

15-11-2024T09:25:17 - [TEST_STEP][PASSED] - numberOfErrors = numberOfErrors + 1: null

15-11-2024T09:25:17 - [TEST_STEP][PASSED] - Script1718980020443.WriteToExcel(a, typeOfData, todaysDate, pageInt, fileInt, pageDouble, fileDouble, dZO): null

15-11-2024T09:25:17 - [TEST_STEP][PASSED] - sheetName = "Sheet1": null

15-11-2024T09:25:17 - [TEST_STEP][PASSED] - data = findTestData("PlanFact"): null

15-11-2024T09:25:17 - [TEST_STEP][PASSED] - n = data.getRowNumbers() + 1: null

15-11-2024T09:25:17 - [TEST_STEP][PASSED] - year = todaysDate.substring(todaysDate.length() - 4, todaysDate.length()): null

15-11-2024T09:25:17 - [TEST_STEP][PASSED] - y = year.toInteger(): null

15-11-2024T09:25:17 - [TEST_STEP][PASSED] - m = getText(findTestObject("Выполнение бизнес-плана/Период")): Text of object 'Object Repository/Выполнение бизнес-плана/Период' is: '1, 2, 3 кв. 2024 года'

15-11-2024T09:25:17 - [MESSAGE][PASSED] - Text of object 'Object Repository/Выполнение бизнес-плана/Период' is: '1, 2, 3 кв. 2024 года'

15-11-2024T09:25:17 - [TEST_STEP][PASSED] - m = m.substring(0, m.indexOf("2024")): null

15-11-2024T09:25:17 - [TEST_STEP][PASSED] - m = m.trim(): null

15-11-2024T09:25:17 - [TEST_STEP][PASSED] - dashboardName = "Выполнение бизнес-плана": null

15-11-2024T09:25:17 - [TEST_STEP][PASSED] - workbook01 = getWorkbook(excelFilePath): null

15-11-2024T09:25:17 - [TEST_STEP][PASSED] - sheet01 = getExcelSheet(workbook01, sheetName): null

15-11-2024T09:25:17 - [TEST_STEP][PASSED] - setValueToCellByIndex(sheet01, n, 0, dashboardName): null

15-11-2024T09:25:17 - [TEST_STEP][PASSED] - setValueToCellByIndex(sheet01, n, 1, dZO): null

15-11-2024T09:25:17 - [TEST_STEP][PASSED] - setValueToCellByIndex(sheet01, n, 2, typeOfData): null

15-11-2024T09:25:17 - [TEST_STEP][PASSED] - if (typeOfData == "Факт в процентах" || typeOfData == "План в процентах"): null

15-11-2024T09:25:17 - [TEST_STEP][PASSED] - setValueToCellByIndex(sheet01, n, 3, fileDouble): null

15-11-2024T09:25:17 - [TEST_STEP][PASSED] - setValueToCellByIndex(sheet01, n, 4, pageDouble): null

15-11-2024T09:25:17 - [TEST_STEP][PASSED] - setValueToCellByIndex(sheet01, n, 5, m): null

15-11-2024T09:25:17 - [TEST_STEP][PASSED] - setValueToCellByIndex(sheet01, n, 6, y): null

15-11-2024T09:25:17 - [TEST_STEP][PASSED] - setValueToCellByIndex(sheet01, n, 7, todaysDate): null

15-11-2024T09:25:17 - [TEST_STEP][PASSED] - n = n + 1: null

15-11-2024T09:25:17 - [TEST_STEP][PASSED] - saveWorkbook(excelFilePath, workbook01): null

15-11-2024T09:25:17 - [TEST_STEP][FAILED] - if (verifyEqual(numberOfErrors, 0) == false): null

15-11-2024T09:25:17 - [MESSAGE][FAILED] - Unable to verify equal between actual object '6' and expected object '0' (Root cause: com.kms.katalon.core.exception.StepFailedException: Actual object '6' and expected object '0' are not equal
	at com.kms.katalon.core.keyword.builtin.VerifyEqualKeyword$_verifyEqual_closure1.doCall(VerifyEqualKeyword.groovy:58)
	at com.kms.katalon.core.keyword.builtin.VerifyEqualKeyword$_verifyEqual_closure1.call(VerifyEqualKeyword.groovy)
	at com.kms.katalon.core.keyword.internal.KeywordMain.runKeyword(KeywordMain.groovy:75)
	at com.kms.katalon.core.keyword.builtin.VerifyEqualKeyword.verifyEqual(VerifyEqualKeyword.groovy:63)
	at com.kms.katalon.core.keyword.builtin.VerifyEqualKeyword.execute(VerifyEqualKeyword.groovy:44)
	at com.kms.katalon.core.keyword.internal.KeywordExecutor.executeKeywordForPlatform(KeywordExecutor.groovy:74)
	at com.kms.katalon.core.keyword.BuiltinKeywords.verifyEqual(BuiltinKeywords.groovy:146)
	at jdk.internal.reflect.GeneratedMethodAccessor25.invoke(Unknown Source)
	at java.base/jdk.internal.reflect.DelegatingMethodAccessorImpl.invoke(DelegatingMethodAccessorImpl.java:43)
	at Выполнение бизнес-плана Сверка ПАО Россети все филиалы.Numbers(Выполнение бизнес-плана Сверка ПАО Россети все филиалы:740)
	at Выполнение бизнес-плана Сверка ПАО Россети все филиалы.run(Выполнение бизнес-плана Сверка ПАО Россети все филиалы:388)
	at com.kms.katalon.core.main.ScriptEngine.run(ScriptEngine.java:194)
	at com.kms.katalon.core.main.ScriptEngine.runScriptAsRawText(ScriptEngine.java:119)
	at com.kms.katalon.core.main.TestCaseExecutor.runScript(TestCaseExecutor.java:448)
	at com.kms.katalon.core.main.TestCaseExecutor.doExecute(TestCaseExecutor.java:439)
	at com.kms.katalon.core.main.TestCaseExecutor.processExecutionPhase(TestCaseExecutor.java:418)
	at com.kms.katalon.core.main.TestCaseExecutor.accessMainPhase(TestCaseExecutor.java:410)
	at com.kms.katalon.core.main.TestCaseExecutor.execute(TestCaseExecutor.java:285)
	at com.kms.katalon.core.common.CommonExecutor.accessTestCaseMainPhase(CommonExecutor.java:65)
	at com.kms.katalon.core.main.TestSuiteExecutor.accessTestSuiteMainPhase(TestSuiteExecutor.java:150)
	at com.kms.katalon.core.main.TestSuiteExecutor.execute(TestSuiteExecutor.java:106)
	at com.kms.katalon.core.main.TestCaseMain.startTestSuite(TestCaseMain.java:180)
	at TempTestSuite1731647997681.run(TempTestSuite1731647997681.groovy:35)
	at java.base/jdk.internal.reflect.NativeMethodAccessorImpl.invoke0(Native Method)
	at java.base/jdk.internal.reflect.NativeMethodAccessorImpl.invoke(NativeMethodAccessorImpl.java:77)
	at java.base/jdk.internal.reflect.DelegatingMethodAccessorImpl.invoke(DelegatingMethodAccessorImpl.java:43)
)

15-11-2024T09:25:17 - [TEST_STEP][PASSED] - println(numberOfErrors): null

15-11-2024T09:25:17 - [TEST_STEP][PASSED] - if (a == 28 || a == 77 || a == 74 || a == 65 || a == 36 || a == 44 || a == 54 || a == 1 || a == 18 || a == 59): null

15-11-2024T09:25:17 - [TEST_STEP][PASSED] - Script1718980020443.Filials(a, typeOfData, todaysDate, pageInt, fileInt, pageDouble, fileDouble, dZO, dzoNum, filialNum): null

15-11-2024T09:25:17 - [TEST_STEP][PASSED] - i = <not implemented yet for class: org.codehaus.groovy.ast.expr.EmptyExpression>: null

15-11-2024T09:25:17 - [TEST_STEP][PASSED] - c = <not implemented yet for class: org.codehaus.groovy.ast.expr.EmptyExpression>: null

15-11-2024T09:25:17 - [TEST_STEP][PASSED] - page = <not implemented yet for class: org.codehaus.groovy.ast.expr.EmptyExpression>: null

15-11-2024T09:25:17 - [TEST_STEP][PASSED] - println(dZO): null

15-11-2024T09:25:17 - [TEST_STEP][PASSED] - reducedDZO = <not implemented yet for class: org.codehaus.groovy.ast.expr.EmptyExpression>: null

15-11-2024T09:25:17 - [TEST_STEP][PASSED] - reducedDZO = dZO.substring(dZO.indexOf(" ") + 1, dZO.length()): null

15-11-2024T09:25:17 - [TEST_STEP][PASSED] - if (reducedDZO.contains(" ")): null

15-11-2024T09:25:17 - [TEST_STEP][PASSED] - reducedDZO = reducedDZO.substring(reducedDZO.indexOf(" ") + 1, reducedDZO.length()): null

15-11-2024T09:25:17 - [TEST_STEP][PASSED] - if (reducedDZO.contains(" ")): null

15-11-2024T09:25:17 - [TEST_STEP][PASSED] - println(reducedDZO): null

15-11-2024T09:25:17 - [TEST_STEP][PASSED] - dzoCut = <not implemented yet for class: org.codehaus.groovy.ast.expr.EmptyExpression>: null

15-11-2024T09:25:17 - [TEST_STEP][PASSED] - Script1718980020443.DZO(a): null

15-11-2024T09:25:17 - [TEST_STEP][PASSED] - Script1718980020443.OpenFilter(): null

15-11-2024T09:25:17 - [TEST_STEP][PASSED] - click(findTestObject("Object Repository/Выполнение бизнес-плана/Фильтр ДЗО")): Object: 'Object Repository/Выполнение бизнес-плана/Фильтр ДЗО' is clicked on

15-11-2024T09:25:18 - [MESSAGE][PASSED] - Object: 'Object Repository/Выполнение бизнес-плана/Фильтр ДЗО' is clicked on

15-11-2024T09:25:18 - [TEST_STEP][PASSED] - click(findTestObject("Выполнение бизнес-плана/Снять выделение в фильтре ДЗО")): Object: 'Object Repository/Выполнение бизнес-плана/Снять выделение в фильтре ДЗО' is clicked on

15-11-2024T09:25:18 - [MESSAGE][PASSED] - Object: 'Object Repository/Выполнение бизнес-плана/Снять выделение в фильтре ДЗО' is clicked on

15-11-2024T09:25:18 - [TEST_STEP][PASSED] - Script1718980020443.OpenRSK(): null

15-11-2024T09:25:18 - [TEST_STEP][PASSED] - click(findTestObject("Выполнение бизнес-плана/Раскрыть список ПАО Россети в фильтре ДЗО")): Object: 'Object Repository/Выполнение бизнес-плана/Раскрыть список ПАО Россети в фильтре ДЗО' is clicked on

15-11-2024T09:25:18 - [MESSAGE][PASSED] - Object: 'Object Repository/Выполнение бизнес-плана/Раскрыть список ПАО Россети в фильтре ДЗО' is clicked on

15-11-2024T09:25:18 - [TEST_STEP][PASSED] - click(findTestObject("Выполнение бизнес-плана/Раскрыть список РаспредКомплекс в фильтре ДЗО")): Object: 'Object Repository/Выполнение бизнес-плана/Раскрыть список РаспредКомплекс в фильтре ДЗО' is clicked on

15-11-2024T09:25:19 - [MESSAGE][PASSED] - Object: 'Object Repository/Выполнение бизнес-плана/Раскрыть список РаспредКомплекс в фильтре ДЗО' is clicked on

15-11-2024T09:25:19 - [TEST_STEP][PASSED] - if (a == 28): null

15-11-2024T09:25:19 - [TEST_STEP][PASSED] - if (a == 77): null

15-11-2024T09:25:19 - [TEST_STEP][PASSED] - if (a == 74): null

15-11-2024T09:25:19 - [TEST_STEP][PASSED] - if (a == 65): null

15-11-2024T09:25:19 - [TEST_STEP][PASSED] - if (a == 36): null

15-11-2024T09:25:19 - [TEST_STEP][PASSED] - if (a == 44): null

15-11-2024T09:25:19 - [TEST_STEP][PASSED] - if (a == 54): null

15-11-2024T09:25:19 - [TEST_STEP][PASSED] - if (a == 1): Object: 'Object Repository/Выполнение бизнес-плана/Россети Центр' is clicked on

15-11-2024T09:25:19 - [TEST_STEP][PASSED] - scrollToElement(findTestObject("Общие объекты/Раскрыть список Россети Центр"), 30): Scroll to object 'Object Repository/Общие объекты/Раскрыть список Россети Центр' successfully

15-11-2024T09:25:19 - [MESSAGE][PASSED] - Scroll to object 'Object Repository/Общие объекты/Раскрыть список Россети Центр' successfully

15-11-2024T09:25:19 - [TEST_STEP][PASSED] - click(findTestObject("Выполнение бизнес-плана/Россети Центр")): Object: 'Object Repository/Выполнение бизнес-плана/Россети Центр' is clicked on

15-11-2024T09:25:19 - [MESSAGE][PASSED] - Object: 'Object Repository/Выполнение бизнес-плана/Россети Центр' is clicked on

15-11-2024T09:25:19 - [TEST_STEP][PASSED] - if (a == 18): null

15-11-2024T09:25:19 - [TEST_STEP][PASSED] - if (a == 59): null

15-11-2024T09:25:19 - [TEST_STEP][PASSED] - Script1718980020443.CloseFilter(): null

15-11-2024T09:25:19 - [TEST_STEP][PASSED] - scrollToElement(findTestObject("Выполнение бизнес-плана/Заголовок дашборда"), 30): Scroll to object 'Object Repository/Выполнение бизнес-плана/Заголовок дашборда' successfully

15-11-2024T09:25:20 - [MESSAGE][PASSED] - Scroll to object 'Object Repository/Выполнение бизнес-плана/Заголовок дашборда' successfully

15-11-2024T09:25:20 - [TEST_STEP][PASSED] - click(findTestObject("Object Repository/Выполнение бизнес-плана/Применить в фильтре ДЗО")): Object: 'Object Repository/Выполнение бизнес-плана/Применить в фильтре ДЗО' is clicked on

15-11-2024T09:25:21 - [MESSAGE][PASSED] - Object: 'Object Repository/Выполнение бизнес-плана/Применить в фильтре ДЗО' is clicked on

15-11-2024T09:25:21 - [TEST_STEP][PASSED] - Script1718980020443.ZakrytOpoveshenie(): null

15-11-2024T09:25:21 - [TEST_STEP][PASSED] - delay(10): Delayed 10 second(s)

15-11-2024T09:25:31 - [MESSAGE][PASSED] - Delayed 10 second(s)

15-11-2024T09:25:31 - [TEST_STEP][PASSED] - opoveshenie = getText(findTestObject("Выполнение бизнес-плана/Просьба обратить внимание")): Text of object 'Object Repository/Выполнение бизнес-плана/Просьба обратить внимание' is: ''

15-11-2024T09:25:43 - [MESSAGE][PASSED] - Text of object 'Object Repository/Выполнение бизнес-плана/Просьба обратить внимание' is: ''

15-11-2024T09:25:43 - [TEST_STEP][PASSED] - println(opoveshenie): null

15-11-2024T09:25:43 - [TEST_STEP][PASSED] - if (opoveshenie == "Просьба обратить внимание"): null

15-11-2024T09:25:43 - [TEST_STEP][PASSED] - page = getText(findTestObject("Object Repository/Выполнение бизнес-плана/Filials")): Text of object 'Object Repository/Выполнение бизнес-плана/Filials' is: 'Россети Центр (ГК)
0
10
20
30
40
50
60
70'

15-11-2024T09:25:43 - [MESSAGE][PASSED] - Text of object 'Object Repository/Выполнение бизнес-плана/Filials' is: 'Россети Центр (ГК)
0
10
20
30
40
50
60
70'

15-11-2024T09:25:43 - [TEST_STEP][PASSED] - println(page): null

15-11-2024T09:25:43 - [TEST_STEP][PASSED] - c = page.indexOf(reducedDZO): null

15-11-2024T09:25:43 - [TEST_STEP][PASSED] - if (c > -1): null

15-11-2024T09:25:43 - [TEST_STEP][PASSED] - click(findTestObject("Выполнение бизнес-плана/список")): Object: 'Object Repository/Выполнение бизнес-плана/список' is clicked on

15-11-2024T09:25:44 - [MESSAGE][PASSED] - Object: 'Object Repository/Выполнение бизнес-плана/список' is clicked on

15-11-2024T09:25:44 - [TEST_STEP][PASSED] - delay(10): Delayed 10 second(s)

15-11-2024T09:25:54 - [MESSAGE][PASSED] - Delayed 10 second(s)

15-11-2024T09:25:54 - [TEST_STEP][PASSED] - click(findTestObject("Выполнение бизнес-плана/Раскрытие списка")): Object: 'Object Repository/Выполнение бизнес-плана/Раскрытие списка' is clicked on

15-11-2024T09:25:54 - [MESSAGE][PASSED] - Object: 'Object Repository/Выполнение бизнес-плана/Раскрытие списка' is clicked on

15-11-2024T09:25:54 - [TEST_STEP][PASSED] - delay(10): Delayed 10 second(s)

15-11-2024T09:26:04 - [MESSAGE][PASSED] - Delayed 10 second(s)

15-11-2024T09:26:04 - [TEST_STEP][PASSED] - page = getText(findTestObject("Object Repository/Выполнение бизнес-плана/Filials")): Text of object 'Object Repository/Выполнение бизнес-плана/Filials' is: 'АО«Воронежскаягорэлектросеть»
АО «Тульскиегородскиеэлектрическиесети»
АО«Ярославскаяэлектросетеваякомпания»
Белгородэнерго
Брянскэнерго
Воронежэнерго
Костромаэнерго
Курскэнерго
Липецкэнерго
ООО «БрянскЭ…
Орелэнерго
Смоленскэнерго
Тамбовэнерго
Тверьэнерго
Ярэнерго
0
20
40
60
10
30
50
70'

15-11-2024T09:26:05 - [MESSAGE][PASSED] - Text of object 'Object Repository/Выполнение бизнес-плана/Filials' is: 'АО«Воронежскаягорэлектросеть»
АО «Тульскиегородскиеэлектрическиесети»
АО«Ярославскаяэлектросетеваякомпания»
Белгородэнерго
Брянскэнерго
Воронежэнерго
Костромаэнерго
Курскэнерго
Липецкэнерго
ООО «БрянскЭ…
Орелэнерго
Смоленскэнерго
Тамбовэнерго
Тверьэнерго
Ярэнерго
0
20
40
60
10
30
50
70'

15-11-2024T09:26:05 - [TEST_STEP][PASSED] - println(page): null

15-11-2024T09:26:05 - [TEST_STEP][PASSED] - c = page.indexOf(reducedDZO): null

15-11-2024T09:26:05 - [TEST_STEP][PASSED] - x2 = getText(findTestObject("Выполнение бизнес-плана/Список ДЗО старый")): Text of object 'Object Repository/Выполнение бизнес-плана/Список ДЗО старый' is: 'АО«Воронежскаягорэлектросеть»
АО «Тульскиегородскиеэлектрическиесети»
АО«Ярославскаяэлектросетеваякомпания»
Белгородэнерго
Брянскэнерго
Воронежэнерго
Костромаэнерго
Курскэнерго
Липецкэнерго
ООО «БрянскЭ…
Орелэнерго
Смоленскэнерго
Тамбовэнерго
Тверьэнерго
Ярэнерго
0
20
40
60
10
30
50
70'

15-11-2024T09:26:05 - [MESSAGE][PASSED] - Text of object 'Object Repository/Выполнение бизнес-плана/Список ДЗО старый' is: 'АО«Воронежскаягорэлектросеть»
АО «Тульскиегородскиеэлектрическиесети»
АО«Ярославскаяэлектросетеваякомпания»
Белгородэнерго
Брянскэнерго
Воронежэнерго
Костромаэнерго
Курскэнерго
Липецкэнерго
ООО «БрянскЭ…
Орелэнерго
Смоленскэнерго
Тамбовэнерго
Тверьэнерго
Ярэнерго
0
20
40
60
10
30
50
70'

15-11-2024T09:26:05 - [TEST_STEP][PASSED] - if (a == 28): null

15-11-2024T09:26:05 - [TEST_STEP][PASSED] - if (a == 77): null

15-11-2024T09:26:05 - [TEST_STEP][PASSED] - if (a == 74): null

15-11-2024T09:26:05 - [TEST_STEP][PASSED] - if (a == 65): null

15-11-2024T09:26:05 - [TEST_STEP][PASSED] - if (a == 1): null

15-11-2024T09:26:05 - [TEST_STEP][PASSED] - dZO = "АО «Воронежская горэлектросеть»": null

15-11-2024T09:26:05 - [TEST_STEP][PASSED] - a = 14: null

15-11-2024T09:26:05 - [TEST_STEP][PASSED] - i = dZO.length() - 1: null

15-11-2024T09:26:05 - [TEST_STEP][PASSED] - dzoCut = substring(4, i).replaceAll("\s+", ""): null

15-11-2024T09:26:05 - [TEST_STEP][PASSED] - if (x2.contains(dzoCut)): null

15-11-2024T09:26:05 - [TEST_STEP][PASSED] - filialNum = filialNum + 1: null

15-11-2024T09:26:05 - [TEST_STEP][PASSED] - Script1718980020443.Numbers(a, typeOfData, todaysDate, pageInt, fileInt, pageDouble, fileDouble, dZO, dzoNum, filialNum): null

15-11-2024T09:26:05 - [TEST_STEP][PASSED] - println(dzoNum): null

15-11-2024T09:26:05 - [TEST_STEP][PASSED] - planFact = <not implemented yet for class: org.codehaus.groovy.ast.expr.EmptyExpression>: null

15-11-2024T09:26:05 - [TEST_STEP][PASSED] - page = <not implemented yet for class: org.codehaus.groovy.ast.expr.EmptyExpression>: null

15-11-2024T09:26:05 - [TEST_STEP][PASSED] - page1 = <not implemented yet for class: org.codehaus.groovy.ast.expr.EmptyExpression>: null

15-11-2024T09:26:05 - [TEST_STEP][PASSED] - page2 = <not implemented yet for class: org.codehaus.groovy.ast.expr.EmptyExpression>: null

15-11-2024T09:26:05 - [TEST_STEP][PASSED] - filialNumberInRow = <not implemented yet for class: org.codehaus.groovy.ast.expr.EmptyExpression>: null

15-11-2024T09:26:05 - [TEST_STEP][PASSED] - filialsDzoNames = <not implemented yet for class: org.codehaus.groovy.ast.expr.EmptyExpression>: null

15-11-2024T09:26:05 - [TEST_STEP][PASSED] - numberOfFilials = <not implemented yet for class: org.codehaus.groovy.ast.expr.EmptyExpression>: null

15-11-2024T09:26:05 - [TEST_STEP][PASSED] - numberOfSpaces = <not implemented yet for class: org.codehaus.groovy.ast.expr.EmptyExpression>: null

15-11-2024T09:26:05 - [TEST_STEP][PASSED] - file = <not implemented yet for class: org.codehaus.groovy.ast.expr.EmptyExpression>: null

15-11-2024T09:26:05 - [TEST_STEP][PASSED] - otpusk = <not implemented yet for class: org.codehaus.groovy.ast.expr.EmptyExpression>: null

15-11-2024T09:26:05 - [TEST_STEP][PASSED] - poteri = <not implemented yet for class: org.codehaus.groovy.ast.expr.EmptyExpression>: null

15-11-2024T09:26:05 - [TEST_STEP][PASSED] - dataFolder = "Выполнение бизнес-плана/Значения со страницы Выполнение бизнес-плана/": null

15-11-2024T09:26:05 - [TEST_STEP][PASSED] - path = <not implemented yet for class: org.codehaus.groovy.ast.expr.EmptyExpression>: null

15-11-2024T09:26:05 - [TEST_STEP][PASSED] - typeOfDataMain = <not implemented yet for class: org.codehaus.groovy.ast.expr.EmptyExpression>: null

15-11-2024T09:26:05 - [TEST_STEP][PASSED] - fileOtpuskVSet = <not implemented yet for class: org.codehaus.groovy.ast.expr.EmptyExpression>: null

15-11-2024T09:26:05 - [TEST_STEP][PASSED] - pageOtpuskVSet = <not implemented yet for class: org.codehaus.groovy.ast.expr.EmptyExpression>: null

15-11-2024T09:26:05 - [TEST_STEP][PASSED] - filePoteri = <not implemented yet for class: org.codehaus.groovy.ast.expr.EmptyExpression>: null

15-11-2024T09:26:05 - [TEST_STEP][PASSED] - pagePoteri = <not implemented yet for class: org.codehaus.groovy.ast.expr.EmptyExpression>: null

15-11-2024T09:26:05 - [TEST_STEP][PASSED] - compare = <not implemented yet for class: org.codehaus.groovy.ast.expr.EmptyExpression>: null

15-11-2024T09:26:05 - [TEST_STEP][PASSED] - b = <not implemented yet for class: org.codehaus.groovy.ast.expr.EmptyExpression>: null

15-11-2024T09:26:05 - [TEST_STEP][PASSED] - i = <not implemented yet for class: org.codehaus.groovy.ast.expr.EmptyExpression>: null

15-11-2024T09:26:05 - [TEST_STEP][PASSED] - ii = <not implemented yet for class: org.codehaus.groovy.ast.expr.EmptyExpression>: null

15-11-2024T09:26:05 - [TEST_STEP][PASSED] - c = <not implemented yet for class: org.codehaus.groovy.ast.expr.EmptyExpression>: null

15-11-2024T09:26:05 - [TEST_STEP][PASSED] - numberOfErrors = 0: null

15-11-2024T09:26:05 - [TEST_STEP][PASSED] - if (a == 82): null

15-11-2024T09:26:05 - [TEST_STEP][PASSED] - b = findTestData("PlanFact").getValue(1, a): null

15-11-2024T09:26:05 - [TEST_STEP][PASSED] - i = b.indexOf(" (ГК)"): null

15-11-2024T09:26:05 - [TEST_STEP][PASSED] - if (i > -1): null

15-11-2024T09:26:05 - [TEST_STEP][PASSED] - i = b.indexOf("О ""): null

15-11-2024T09:26:05 - [TEST_STEP][PASSED] - if (i > -1): null

15-11-2024T09:26:05 - [TEST_STEP][PASSED] - i = b.indexOf("О «"): null

15-11-2024T09:26:05 - [TEST_STEP][PASSED] - if (i > -1): null

15-11-2024T09:26:05 - [TEST_STEP][PASSED] - b = b.substring(i + 3, b.length()): null

15-11-2024T09:26:05 - [TEST_STEP][PASSED] - i = b.indexOf("»"): null

15-11-2024T09:26:05 - [TEST_STEP][PASSED] - b = b.substring(0, i): null

15-11-2024T09:26:05 - [TEST_STEP][PASSED] - b = b.trim(): null

15-11-2024T09:26:05 - [TEST_STEP][PASSED] - i = b.indexOf("г. "): null

15-11-2024T09:26:05 - [TEST_STEP][PASSED] - if (i > -1): null

15-11-2024T09:26:05 - [TEST_STEP][PASSED] - println(b): null

15-11-2024T09:26:05 - [TEST_STEP][PASSED] - for ([planFact = 1, planFact < 3, (planFact++)]): Object: 'Object Repository/Выполнение бизнес-плана/Кнопка Факт' is clicked on

15-11-2024T09:26:05 - [TEST_STEP][PASSED] - if (planFact == 1): null

15-11-2024T09:26:05 - [TEST_STEP][PASSED] - typeOfDataMain = "Факт": null

15-11-2024T09:26:05 - [TEST_STEP][PASSED] - otpusk = findTestData("PlanFact").getValue(5, a): null

15-11-2024T09:26:05 - [TEST_STEP][PASSED] - poteri = findTestData("PlanFact").getValue(6, a): null

15-11-2024T09:26:05 - [TEST_STEP][PASSED] - otpusk = otpusk.replaceAll("\s+", ""): null

15-11-2024T09:26:05 - [TEST_STEP][PASSED] - poteri = poteri.replaceAll("\s+", ""): null

15-11-2024T09:26:05 - [TEST_STEP][PASSED] - typeOfData = typeOfDataMain + " Отпуск в сеть": null

15-11-2024T09:26:05 - [TEST_STEP][PASSED] - if (a == 82): null

15-11-2024T09:26:05 - [TEST_STEP][PASSED] - else if (a == 84): null

15-11-2024T09:26:05 - [TEST_STEP][PASSED] - else if (a == 52 || a == 72 || a == 28 || a == 73 || a == 77 || a == 74 || a == 65 || a == 36 || a == 44 || a == 53 || a == 80 || a == 54 || a == 1 || a == 18 || a == 59 || a == 81): null

15-11-2024T09:26:05 - [TEST_STEP][PASSED] - else: null

15-11-2024T09:26:05 - [TEST_STEP][PASSED] - path = dataFolder + typeOfData + " за отчётный период " + b: null

15-11-2024T09:26:05 - [TEST_STEP][PASSED] - println(path): null

15-11-2024T09:26:05 - [TEST_STEP][PASSED] - page = getText(findTestObject(path)): Text of object 'Object Repository/Выполнение бизнес-плана/Значения со страницы Выполнение бизнес-плана/Факт Отпуск в сеть за отчётный период Воронежская горэлектросеть' is: '1 478 675'

15-11-2024T09:26:05 - [MESSAGE][PASSED] - Text of object 'Object Repository/Выполнение бизнес-плана/Значения со страницы Выполнение бизнес-плана/Факт Отпуск в сеть за отчётный период Воронежская горэлектросеть' is: '1 478 675'

15-11-2024T09:26:05 - [TEST_STEP][PASSED] - page = page.replaceAll("\s+", ""): null

15-11-2024T09:26:05 - [TEST_STEP][PASSED] - fileOtpuskVSet = otpusk.toInteger(): null

15-11-2024T09:26:05 - [TEST_STEP][PASSED] - pageOtpuskVSet = page.toInteger(): null

15-11-2024T09:26:05 - [TEST_STEP][PASSED] - typeOfData = typeOfDataMain + " Потери": null

15-11-2024T09:26:05 - [TEST_STEP][PASSED] - if (a == 82): null

15-11-2024T09:26:05 - [TEST_STEP][PASSED] - else if (a == 84): null

15-11-2024T09:26:05 - [TEST_STEP][PASSED] - else if (a == 52 || a == 72 || a == 28 || a == 73 || a == 77 || a == 74 || a == 65 || a == 36 || a == 44 || a == 53 || a == 80 || a == 54 || a == 1 || a == 18 || a == 59 || a == 81): null

15-11-2024T09:26:05 - [TEST_STEP][PASSED] - else: null

15-11-2024T09:26:05 - [TEST_STEP][PASSED] - path = dataFolder + typeOfData + " за отчётный период " + b: null

15-11-2024T09:26:05 - [TEST_STEP][PASSED] - page = getText(findTestObject(path)): Text of object 'Object Repository/Выполнение бизнес-плана/Значения со страницы Выполнение бизнес-плана/Факт Потери за отчётный период Воронежская горэлектросеть' is: '179 644'

15-11-2024T09:26:06 - [MESSAGE][PASSED] - Text of object 'Object Repository/Выполнение бизнес-плана/Значения со страницы Выполнение бизнес-плана/Факт Потери за отчётный период Воронежская горэлектросеть' is: '179 644'

15-11-2024T09:26:06 - [TEST_STEP][PASSED] - page = page.replaceAll("\s+", ""): null

15-11-2024T09:26:06 - [TEST_STEP][PASSED] - filePoteri = poteri.toInteger(): null

15-11-2024T09:26:06 - [TEST_STEP][PASSED] - pagePoteri = page.toInteger(): null

15-11-2024T09:26:06 - [TEST_STEP][PASSED] - compare = pageOtpuskVSet: null

15-11-2024T09:26:06 - [TEST_STEP][PASSED] - if (compare == fileOtpuskVSet): null

15-11-2024T09:26:06 - [TEST_STEP][PASSED] - if (compare == fileOtpuskVSet): null

15-11-2024T09:26:06 - [TEST_STEP][PASSED] - compare = pagePoteri: null

15-11-2024T09:26:06 - [TEST_STEP][PASSED] - if (compare == filePoteri): null

15-11-2024T09:26:06 - [TEST_STEP][PASSED] - if (compare == filePoteri): null

15-11-2024T09:26:06 - [TEST_STEP][PASSED] - if (planFact == 2): null

15-11-2024T09:26:06 - [TEST_STEP][PASSED] - if (planFact == 1): null

15-11-2024T09:26:06 - [TEST_STEP][PASSED] - else if (planFact == 2): null

15-11-2024T09:26:06 - [TEST_STEP][PASSED] - click(findTestObject("Выполнение бизнес-плана/Кнопка План")): Object: 'Object Repository/Выполнение бизнес-плана/Кнопка План' is clicked on

15-11-2024T09:26:06 - [MESSAGE][PASSED] - Object: 'Object Repository/Выполнение бизнес-плана/Кнопка План' is clicked on

15-11-2024T09:26:06 - [TEST_STEP][PASSED] - typeOfDataMain = "План": null

15-11-2024T09:26:06 - [TEST_STEP][PASSED] - otpusk = findTestData("PlanFact").getValue(2, a): null

15-11-2024T09:26:06 - [TEST_STEP][PASSED] - poteri = findTestData("PlanFact").getValue(3, a): null

15-11-2024T09:26:06 - [TEST_STEP][PASSED] - otpusk = otpusk.replaceAll("\s+", ""): null

15-11-2024T09:26:06 - [TEST_STEP][PASSED] - poteri = poteri.replaceAll("\s+", ""): null

15-11-2024T09:26:06 - [TEST_STEP][PASSED] - typeOfData = typeOfDataMain + " Отпуск в сеть": null

15-11-2024T09:26:06 - [TEST_STEP][PASSED] - if (a == 82): null

15-11-2024T09:26:06 - [TEST_STEP][PASSED] - else if (a == 84): null

15-11-2024T09:26:06 - [TEST_STEP][PASSED] - else if (a == 52 || a == 72 || a == 28 || a == 73 || a == 77 || a == 74 || a == 65 || a == 36 || a == 44 || a == 53 || a == 80 || a == 54 || a == 1 || a == 18 || a == 59 || a == 81): null

15-11-2024T09:26:06 - [TEST_STEP][PASSED] - else: null

15-11-2024T09:26:06 - [TEST_STEP][PASSED] - path = dataFolder + typeOfData + " за отчётный период " + b: null

15-11-2024T09:26:06 - [TEST_STEP][PASSED] - println(path): null

15-11-2024T09:26:06 - [TEST_STEP][PASSED] - page = getText(findTestObject(path)): Text of object 'Object Repository/Выполнение бизнес-плана/Значения со страницы Выполнение бизнес-плана/План Отпуск в сеть за отчётный период Воронежская горэлектросеть' is: '1 417 252'

15-11-2024T09:26:07 - [MESSAGE][PASSED] - Text of object 'Object Repository/Выполнение бизнес-плана/Значения со страницы Выполнение бизнес-плана/План Отпуск в сеть за отчётный период Воронежская горэлектросеть' is: '1 417 252'

15-11-2024T09:26:07 - [TEST_STEP][PASSED] - page = page.replaceAll("\s+", ""): null

15-11-2024T09:26:07 - [TEST_STEP][PASSED] - fileOtpuskVSet = otpusk.toInteger(): null

15-11-2024T09:26:07 - [TEST_STEP][PASSED] - pageOtpuskVSet = page.toInteger(): null

15-11-2024T09:26:07 - [TEST_STEP][PASSED] - typeOfData = typeOfDataMain + " Потери": null

15-11-2024T09:26:07 - [TEST_STEP][PASSED] - if (a == 82): null

15-11-2024T09:26:07 - [TEST_STEP][PASSED] - else if (a == 84): null

15-11-2024T09:26:07 - [TEST_STEP][PASSED] - else if (a == 52 || a == 72 || a == 28 || a == 73 || a == 77 || a == 74 || a == 65 || a == 36 || a == 44 || a == 53 || a == 80 || a == 54 || a == 1 || a == 18 || a == 59 || a == 81): null

15-11-2024T09:26:07 - [TEST_STEP][PASSED] - else: null

15-11-2024T09:26:07 - [TEST_STEP][PASSED] - path = dataFolder + typeOfData + " за отчётный период " + b: null

15-11-2024T09:26:07 - [TEST_STEP][PASSED] - page = getText(findTestObject(path)): Text of object 'Object Repository/Выполнение бизнес-плана/Значения со страницы Выполнение бизнес-плана/План Потери за отчётный период Воронежская горэлектросеть' is: '178 746'

15-11-2024T09:26:07 - [MESSAGE][PASSED] - Text of object 'Object Repository/Выполнение бизнес-плана/Значения со страницы Выполнение бизнес-плана/План Потери за отчётный период Воронежская горэлектросеть' is: '178 746'

15-11-2024T09:26:07 - [TEST_STEP][PASSED] - page = page.replaceAll("\s+", ""): null

15-11-2024T09:26:07 - [TEST_STEP][PASSED] - filePoteri = poteri.toInteger(): null

15-11-2024T09:26:07 - [TEST_STEP][PASSED] - pagePoteri = page.toInteger(): null

15-11-2024T09:26:07 - [TEST_STEP][PASSED] - compare = pageOtpuskVSet: null

15-11-2024T09:26:07 - [TEST_STEP][PASSED] - if (compare == fileOtpuskVSet): null

15-11-2024T09:26:07 - [TEST_STEP][PASSED] - if (compare == fileOtpuskVSet): null

15-11-2024T09:26:07 - [TEST_STEP][PASSED] - compare = pagePoteri: null

15-11-2024T09:26:07 - [TEST_STEP][PASSED] - if (compare == filePoteri): null

15-11-2024T09:26:07 - [TEST_STEP][PASSED] - if (compare == filePoteri): null

15-11-2024T09:26:07 - [TEST_STEP][PASSED] - if (planFact == 2): Object: 'Object Repository/Выполнение бизнес-плана/Кнопка Факт' is clicked on

15-11-2024T09:26:07 - [TEST_STEP][PASSED] - click(findTestObject("Выполнение бизнес-плана/Кнопка Факт")): Object: 'Object Repository/Выполнение бизнес-плана/Кнопка Факт' is clicked on

15-11-2024T09:26:07 - [MESSAGE][PASSED] - Object: 'Object Repository/Выполнение бизнес-плана/Кнопка Факт' is clicked on

15-11-2024T09:26:07 - [TEST_STEP][PASSED] - if (a == 84 || a == 82): null

15-11-2024T09:26:07 - [TEST_STEP][PASSED] - else if (a == 52 || a == 72 || a == 28 || a == 73 || a == 77 || a == 74 || a == 65 || a == 36 || a == 44 || a == 53 || a == 80 || a == 54 || a == 1 || a == 18 || a == 59 || a == 81): null

15-11-2024T09:26:07 - [TEST_STEP][PASSED] - else: null

15-11-2024T09:26:07 - [TEST_STEP][PASSED] - page1 = getText(findTestObject("Object Repository/Выполнение бизнес-плана/spanPlan" + filialNum)): Text of object 'Object Repository/Выполнение бизнес-плана/spanPlan1' is: '12.61
|'

15-11-2024T09:26:07 - [MESSAGE][PASSED] - Text of object 'Object Repository/Выполнение бизнес-плана/spanPlan1' is: '12.61
|'

15-11-2024T09:26:07 - [TEST_STEP][PASSED] - page1 = page1.replace("|", ""): null

15-11-2024T09:26:07 - [TEST_STEP][PASSED] - page2 = getText(findTestObject("Object Repository/Выполнение бизнес-плана/spanFact" + filialNum)): Text of object 'Object Repository/Выполнение бизнес-плана/spanFact1' is: '12.15
|'

15-11-2024T09:26:08 - [MESSAGE][PASSED] - Text of object 'Object Repository/Выполнение бизнес-плана/spanFact1' is: '12.15
|'

15-11-2024T09:26:08 - [TEST_STEP][PASSED] - page2 = page2.replace("|", ""): null

15-11-2024T09:26:08 - [TEST_STEP][PASSED] - println("page1: " + page1): null

15-11-2024T09:26:08 - [TEST_STEP][PASSED] - println("page2: " + page2): null

15-11-2024T09:26:08 - [TEST_STEP][PASSED] - file = findTestData("PlanFact").getValue(4, a): null

15-11-2024T09:26:08 - [TEST_STEP][PASSED] - file = file.replace(",", "."): null

15-11-2024T09:26:08 - [TEST_STEP][PASSED] - println("file Plan: " + file): null

15-11-2024T09:26:08 - [TEST_STEP][PASSED] - typeOfData = "План в процентах": null

15-11-2024T09:26:08 - [TEST_STEP][PASSED] - fileDouble = file.toDouble(): null

15-11-2024T09:26:08 - [TEST_STEP][PASSED] - pageDouble = page1.toDouble(): null

15-11-2024T09:26:08 - [TEST_STEP][PASSED] - if (fileDouble != pageDouble): null

15-11-2024T09:26:08 - [TEST_STEP][PASSED] - file = findTestData("PlanFact").getValue(7, a): null

15-11-2024T09:26:08 - [TEST_STEP][PASSED] - file = file.replace(",", "."): null

15-11-2024T09:26:08 - [TEST_STEP][PASSED] - println("file Fact: " + file): null

15-11-2024T09:26:08 - [TEST_STEP][PASSED] - fileDouble = file.toDouble(): null

15-11-2024T09:26:08 - [TEST_STEP][PASSED] - typeOfData = "Факт в процентах": null

15-11-2024T09:26:08 - [TEST_STEP][PASSED] - fileDouble = file.toDouble(): null

15-11-2024T09:26:08 - [TEST_STEP][PASSED] - pageDouble = page2.toDouble(): null

15-11-2024T09:26:08 - [TEST_STEP][PASSED] - if (fileDouble != pageDouble): null

15-11-2024T09:26:08 - [TEST_STEP][PASSED] - if (verifyEqual(numberOfErrors, 0) == false): Actual object '0' and expected object '0' are equal

15-11-2024T09:26:08 - [MESSAGE][PASSED] - Actual object '0' and expected object '0' are equal

15-11-2024T09:26:08 - [TEST_STEP][PASSED] - if (a == 82): null

15-11-2024T09:26:08 - [TEST_STEP][PASSED] - dZO = "АО «Тульские городские электрические сети»": null

15-11-2024T09:26:08 - [TEST_STEP][PASSED] - a = 16: null

15-11-2024T09:26:08 - [TEST_STEP][PASSED] - i = dZO.length() - 1: null

15-11-2024T09:26:08 - [TEST_STEP][PASSED] - dzoCut = substring(4, i).replaceAll("\s+", ""): null

15-11-2024T09:26:08 - [TEST_STEP][PASSED] - if (x2.contains(dzoCut)): null

15-11-2024T09:26:08 - [TEST_STEP][PASSED] - filialNum = filialNum + 1: null

15-11-2024T09:26:08 - [TEST_STEP][PASSED] - Script1718980020443.Numbers(a, typeOfData, todaysDate, pageInt, fileInt, pageDouble, fileDouble, dZO, dzoNum, filialNum): null

15-11-2024T09:26:08 - [TEST_STEP][PASSED] - println(dzoNum): null

15-11-2024T09:26:08 - [TEST_STEP][PASSED] - planFact = <not implemented yet for class: org.codehaus.groovy.ast.expr.EmptyExpression>: null

15-11-2024T09:26:08 - [TEST_STEP][PASSED] - page = <not implemented yet for class: org.codehaus.groovy.ast.expr.EmptyExpression>: null

15-11-2024T09:26:08 - [TEST_STEP][PASSED] - page1 = <not implemented yet for class: org.codehaus.groovy.ast.expr.EmptyExpression>: null

15-11-2024T09:26:08 - [TEST_STEP][PASSED] - page2 = <not implemented yet for class: org.codehaus.groovy.ast.expr.EmptyExpression>: null

15-11-2024T09:26:08 - [TEST_STEP][PASSED] - filialNumberInRow = <not implemented yet for class: org.codehaus.groovy.ast.expr.EmptyExpression>: null

15-11-2024T09:26:08 - [TEST_STEP][PASSED] - filialsDzoNames = <not implemented yet for class: org.codehaus.groovy.ast.expr.EmptyExpression>: null

15-11-2024T09:26:08 - [TEST_STEP][PASSED] - numberOfFilials = <not implemented yet for class: org.codehaus.groovy.ast.expr.EmptyExpression>: null

15-11-2024T09:26:08 - [TEST_STEP][PASSED] - numberOfSpaces = <not implemented yet for class: org.codehaus.groovy.ast.expr.EmptyExpression>: null

15-11-2024T09:26:08 - [TEST_STEP][PASSED] - file = <not implemented yet for class: org.codehaus.groovy.ast.expr.EmptyExpression>: null

15-11-2024T09:26:08 - [TEST_STEP][PASSED] - otpusk = <not implemented yet for class: org.codehaus.groovy.ast.expr.EmptyExpression>: null

15-11-2024T09:26:08 - [TEST_STEP][PASSED] - poteri = <not implemented yet for class: org.codehaus.groovy.ast.expr.EmptyExpression>: null

15-11-2024T09:26:08 - [TEST_STEP][PASSED] - dataFolder = "Выполнение бизнес-плана/Значения со страницы Выполнение бизнес-плана/": null

15-11-2024T09:26:08 - [TEST_STEP][PASSED] - path = <not implemented yet for class: org.codehaus.groovy.ast.expr.EmptyExpression>: null

15-11-2024T09:26:08 - [TEST_STEP][PASSED] - typeOfDataMain = <not implemented yet for class: org.codehaus.groovy.ast.expr.EmptyExpression>: null

15-11-2024T09:26:08 - [TEST_STEP][PASSED] - fileOtpuskVSet = <not implemented yet for class: org.codehaus.groovy.ast.expr.EmptyExpression>: null

15-11-2024T09:26:08 - [TEST_STEP][PASSED] - pageOtpuskVSet = <not implemented yet for class: org.codehaus.groovy.ast.expr.EmptyExpression>: null

15-11-2024T09:26:08 - [TEST_STEP][PASSED] - filePoteri = <not implemented yet for class: org.codehaus.groovy.ast.expr.EmptyExpression>: null

15-11-2024T09:26:08 - [TEST_STEP][PASSED] - pagePoteri = <not implemented yet for class: org.codehaus.groovy.ast.expr.EmptyExpression>: null

15-11-2024T09:26:08 - [TEST_STEP][PASSED] - compare = <not implemented yet for class: org.codehaus.groovy.ast.expr.EmptyExpression>: null

15-11-2024T09:26:08 - [TEST_STEP][PASSED] - b = <not implemented yet for class: org.codehaus.groovy.ast.expr.EmptyExpression>: null

15-11-2024T09:26:08 - [TEST_STEP][PASSED] - i = <not implemented yet for class: org.codehaus.groovy.ast.expr.EmptyExpression>: null

15-11-2024T09:26:08 - [TEST_STEP][PASSED] - ii = <not implemented yet for class: org.codehaus.groovy.ast.expr.EmptyExpression>: null

15-11-2024T09:26:08 - [TEST_STEP][PASSED] - c = <not implemented yet for class: org.codehaus.groovy.ast.expr.EmptyExpression>: null

15-11-2024T09:26:08 - [TEST_STEP][PASSED] - numberOfErrors = 0: null

15-11-2024T09:26:08 - [TEST_STEP][PASSED] - if (a == 82): null

15-11-2024T09:26:08 - [TEST_STEP][PASSED] - b = findTestData("PlanFact").getValue(1, a): null

15-11-2024T09:26:08 - [TEST_STEP][PASSED] - i = b.indexOf(" (ГК)"): null

15-11-2024T09:26:08 - [TEST_STEP][PASSED] - if (i > -1): null

15-11-2024T09:26:08 - [TEST_STEP][PASSED] - i = b.indexOf("О ""): null

15-11-2024T09:26:08 - [TEST_STEP][PASSED] - if (i > -1): null

15-11-2024T09:26:08 - [TEST_STEP][PASSED] - i = b.indexOf("О «"): null

15-11-2024T09:26:08 - [TEST_STEP][PASSED] - if (i > -1): null

15-11-2024T09:26:08 - [TEST_STEP][PASSED] - b = b.substring(i + 3, b.length()): null

15-11-2024T09:26:08 - [TEST_STEP][PASSED] - i = b.indexOf("»"): null

15-11-2024T09:26:08 - [TEST_STEP][PASSED] - b = b.substring(0, i): null

15-11-2024T09:26:08 - [TEST_STEP][PASSED] - b = b.trim(): null

15-11-2024T09:26:08 - [TEST_STEP][PASSED] - i = b.indexOf("г. "): null

15-11-2024T09:26:08 - [TEST_STEP][PASSED] - if (i > -1): null

15-11-2024T09:26:08 - [TEST_STEP][PASSED] - println(b): null

15-11-2024T09:26:08 - [TEST_STEP][PASSED] - for ([planFact = 1, planFact < 3, (planFact++)]): Object: 'Object Repository/Выполнение бизнес-плана/Кнопка Факт' is clicked on

15-11-2024T09:26:08 - [TEST_STEP][PASSED] - if (planFact == 1): null

15-11-2024T09:26:08 - [TEST_STEP][PASSED] - typeOfDataMain = "Факт": null

15-11-2024T09:26:08 - [TEST_STEP][PASSED] - otpusk = findTestData("PlanFact").getValue(5, a): null

15-11-2024T09:26:08 - [TEST_STEP][PASSED] - poteri = findTestData("PlanFact").getValue(6, a): null

15-11-2024T09:26:08 - [TEST_STEP][PASSED] - otpusk = otpusk.replaceAll("\s+", ""): null

15-11-2024T09:26:08 - [TEST_STEP][PASSED] - poteri = poteri.replaceAll("\s+", ""): null

15-11-2024T09:26:08 - [TEST_STEP][PASSED] - typeOfData = typeOfDataMain + " Отпуск в сеть": null

15-11-2024T09:26:08 - [TEST_STEP][PASSED] - if (a == 82): null

15-11-2024T09:26:08 - [TEST_STEP][PASSED] - else if (a == 84): null

15-11-2024T09:26:08 - [TEST_STEP][PASSED] - else if (a == 52 || a == 72 || a == 28 || a == 73 || a == 77 || a == 74 || a == 65 || a == 36 || a == 44 || a == 53 || a == 80 || a == 54 || a == 1 || a == 18 || a == 59 || a == 81): null

15-11-2024T09:26:08 - [TEST_STEP][PASSED] - else: null

15-11-2024T09:26:08 - [TEST_STEP][PASSED] - path = dataFolder + typeOfData + " за отчётный период " + b: null

15-11-2024T09:26:08 - [TEST_STEP][PASSED] - println(path): null

15-11-2024T09:26:08 - [TEST_STEP][PASSED] - page = getText(findTestObject(path)): Text of object 'Object Repository/Выполнение бизнес-плана/Значения со страницы Выполнение бизнес-плана/Факт Отпуск в сеть за отчётный период Тульские городские электрические сети' is: '863 423'

15-11-2024T09:26:08 - [MESSAGE][PASSED] - Text of object 'Object Repository/Выполнение бизнес-плана/Значения со страницы Выполнение бизнес-плана/Факт Отпуск в сеть за отчётный период Тульские городские электрические сети' is: '863 423'

15-11-2024T09:26:08 - [TEST_STEP][PASSED] - page = page.replaceAll("\s+", ""): null

15-11-2024T09:26:08 - [TEST_STEP][PASSED] - fileOtpuskVSet = otpusk.toInteger(): null

15-11-2024T09:26:08 - [TEST_STEP][PASSED] - pageOtpuskVSet = page.toInteger(): null

15-11-2024T09:26:08 - [TEST_STEP][PASSED] - typeOfData = typeOfDataMain + " Потери": null

15-11-2024T09:26:08 - [TEST_STEP][PASSED] - if (a == 82): null

15-11-2024T09:26:08 - [TEST_STEP][PASSED] - else if (a == 84): null

15-11-2024T09:26:08 - [TEST_STEP][PASSED] - else if (a == 52 || a == 72 || a == 28 || a == 73 || a == 77 || a == 74 || a == 65 || a == 36 || a == 44 || a == 53 || a == 80 || a == 54 || a == 1 || a == 18 || a == 59 || a == 81): null

15-11-2024T09:26:08 - [TEST_STEP][PASSED] - else: null

15-11-2024T09:26:08 - [TEST_STEP][PASSED] - path = dataFolder + typeOfData + " за отчётный период " + b: null

15-11-2024T09:26:08 - [TEST_STEP][PASSED] - page = getText(findTestObject(path)): Text of object 'Object Repository/Выполнение бизнес-плана/Значения со страницы Выполнение бизнес-плана/Факт Потери за отчётный период Тульские городские электрические сети' is: '85 098'

15-11-2024T09:26:09 - [MESSAGE][PASSED] - Text of object 'Object Repository/Выполнение бизнес-плана/Значения со страницы Выполнение бизнес-плана/Факт Потери за отчётный период Тульские городские электрические сети' is: '85 098'

15-11-2024T09:26:09 - [TEST_STEP][PASSED] - page = page.replaceAll("\s+", ""): null

15-11-2024T09:26:09 - [TEST_STEP][PASSED] - filePoteri = poteri.toInteger(): null

15-11-2024T09:26:09 - [TEST_STEP][PASSED] - pagePoteri = page.toInteger(): null

15-11-2024T09:26:09 - [TEST_STEP][PASSED] - compare = pageOtpuskVSet: null

15-11-2024T09:26:09 - [TEST_STEP][PASSED] - if (compare == fileOtpuskVSet): null

15-11-2024T09:26:09 - [TEST_STEP][PASSED] - if (compare == fileOtpuskVSet): null

15-11-2024T09:26:09 - [TEST_STEP][PASSED] - compare = pagePoteri: null

15-11-2024T09:26:09 - [TEST_STEP][PASSED] - if (compare == filePoteri): null

15-11-2024T09:26:09 - [TEST_STEP][PASSED] - if (compare == filePoteri): null

15-11-2024T09:26:09 - [TEST_STEP][PASSED] - if (planFact == 2): null

15-11-2024T09:26:09 - [TEST_STEP][PASSED] - if (planFact == 1): null

15-11-2024T09:26:09 - [TEST_STEP][PASSED] - else if (planFact == 2): null

15-11-2024T09:26:09 - [TEST_STEP][PASSED] - click(findTestObject("Выполнение бизнес-плана/Кнопка План")): Object: 'Object Repository/Выполнение бизнес-плана/Кнопка План' is clicked on

15-11-2024T09:26:09 - [MESSAGE][PASSED] - Object: 'Object Repository/Выполнение бизнес-плана/Кнопка План' is clicked on

15-11-2024T09:26:09 - [TEST_STEP][PASSED] - typeOfDataMain = "План": null

15-11-2024T09:26:09 - [TEST_STEP][PASSED] - otpusk = findTestData("PlanFact").getValue(2, a): null

15-11-2024T09:26:09 - [TEST_STEP][PASSED] - poteri = findTestData("PlanFact").getValue(3, a): null

15-11-2024T09:26:09 - [TEST_STEP][PASSED] - otpusk = otpusk.replaceAll("\s+", ""): null

15-11-2024T09:26:09 - [TEST_STEP][PASSED] - poteri = poteri.replaceAll("\s+", ""): null

15-11-2024T09:26:09 - [TEST_STEP][PASSED] - typeOfData = typeOfDataMain + " Отпуск в сеть": null

15-11-2024T09:26:09 - [TEST_STEP][PASSED] - if (a == 82): null

15-11-2024T09:26:09 - [TEST_STEP][PASSED] - else if (a == 84): null

15-11-2024T09:26:09 - [TEST_STEP][PASSED] - else if (a == 52 || a == 72 || a == 28 || a == 73 || a == 77 || a == 74 || a == 65 || a == 36 || a == 44 || a == 53 || a == 80 || a == 54 || a == 1 || a == 18 || a == 59 || a == 81): null

15-11-2024T09:26:09 - [TEST_STEP][PASSED] - else: null

15-11-2024T09:26:09 - [TEST_STEP][PASSED] - path = dataFolder + typeOfData + " за отчётный период " + b: null

15-11-2024T09:26:09 - [TEST_STEP][PASSED] - println(path): null

15-11-2024T09:26:09 - [TEST_STEP][PASSED] - page = getText(findTestObject(path)): Text of object 'Object Repository/Выполнение бизнес-плана/Значения со страницы Выполнение бизнес-плана/План Отпуск в сеть за отчётный период Тульские городские электрические сети' is: '842 341'

15-11-2024T09:26:09 - [MESSAGE][PASSED] - Text of object 'Object Repository/Выполнение бизнес-плана/Значения со страницы Выполнение бизнес-плана/План Отпуск в сеть за отчётный период Тульские городские электрические сети' is: '842 341'

15-11-2024T09:26:09 - [TEST_STEP][PASSED] - page = page.replaceAll("\s+", ""): null

15-11-2024T09:26:09 - [TEST_STEP][PASSED] - fileOtpuskVSet = otpusk.toInteger(): null

15-11-2024T09:26:09 - [TEST_STEP][PASSED] - pageOtpuskVSet = page.toInteger(): null

15-11-2024T09:26:09 - [TEST_STEP][PASSED] - typeOfData = typeOfDataMain + " Потери": null

15-11-2024T09:26:09 - [TEST_STEP][PASSED] - if (a == 82): null

15-11-2024T09:26:09 - [TEST_STEP][PASSED] - else if (a == 84): null

15-11-2024T09:26:09 - [TEST_STEP][PASSED] - else if (a == 52 || a == 72 || a == 28 || a == 73 || a == 77 || a == 74 || a == 65 || a == 36 || a == 44 || a == 53 || a == 80 || a == 54 || a == 1 || a == 18 || a == 59 || a == 81): null

15-11-2024T09:26:09 - [TEST_STEP][PASSED] - else: null

15-11-2024T09:26:09 - [TEST_STEP][PASSED] - path = dataFolder + typeOfData + " за отчётный период " + b: null

15-11-2024T09:26:09 - [TEST_STEP][PASSED] - page = getText(findTestObject(path)): Text of object 'Object Repository/Выполнение бизнес-плана/Значения со страницы Выполнение бизнес-плана/План Потери за отчётный период Тульские городские электрические сети' is: '85 646'

15-11-2024T09:26:10 - [MESSAGE][PASSED] - Text of object 'Object Repository/Выполнение бизнес-плана/Значения со страницы Выполнение бизнес-плана/План Потери за отчётный период Тульские городские электрические сети' is: '85 646'

15-11-2024T09:26:10 - [TEST_STEP][PASSED] - page = page.replaceAll("\s+", ""): null

15-11-2024T09:26:10 - [TEST_STEP][PASSED] - filePoteri = poteri.toInteger(): null

15-11-2024T09:26:10 - [TEST_STEP][PASSED] - pagePoteri = page.toInteger(): null

15-11-2024T09:26:10 - [TEST_STEP][PASSED] - compare = pageOtpuskVSet: null

15-11-2024T09:26:10 - [TEST_STEP][PASSED] - if (compare == fileOtpuskVSet): null

15-11-2024T09:26:10 - [TEST_STEP][PASSED] - if (compare == fileOtpuskVSet): null

15-11-2024T09:26:10 - [TEST_STEP][PASSED] - compare = pagePoteri: null

15-11-2024T09:26:10 - [TEST_STEP][PASSED] - if (compare == filePoteri): null

15-11-2024T09:26:10 - [TEST_STEP][PASSED] - if (compare == filePoteri): null

15-11-2024T09:26:10 - [TEST_STEP][PASSED] - if (planFact == 2): Object: 'Object Repository/Выполнение бизнес-плана/Кнопка Факт' is clicked on

15-11-2024T09:26:10 - [TEST_STEP][PASSED] - click(findTestObject("Выполнение бизнес-плана/Кнопка Факт")): Object: 'Object Repository/Выполнение бизнес-плана/Кнопка Факт' is clicked on

15-11-2024T09:26:10 - [MESSAGE][PASSED] - Object: 'Object Repository/Выполнение бизнес-плана/Кнопка Факт' is clicked on

15-11-2024T09:26:10 - [TEST_STEP][PASSED] - if (a == 84 || a == 82): null

15-11-2024T09:26:10 - [TEST_STEP][PASSED] - else if (a == 52 || a == 72 || a == 28 || a == 73 || a == 77 || a == 74 || a == 65 || a == 36 || a == 44 || a == 53 || a == 80 || a == 54 || a == 1 || a == 18 || a == 59 || a == 81): null

15-11-2024T09:26:10 - [TEST_STEP][PASSED] - else: null

15-11-2024T09:26:10 - [TEST_STEP][PASSED] - page1 = getText(findTestObject("Object Repository/Выполнение бизнес-плана/spanPlan" + filialNum)): Text of object 'Object Repository/Выполнение бизнес-плана/spanPlan2' is: '10.17
|'

15-11-2024T09:26:10 - [MESSAGE][PASSED] - Text of object 'Object Repository/Выполнение бизнес-плана/spanPlan2' is: '10.17
|'

15-11-2024T09:26:10 - [TEST_STEP][PASSED] - page1 = page1.replace("|", ""): null

15-11-2024T09:26:10 - [TEST_STEP][PASSED] - page2 = getText(findTestObject("Object Repository/Выполнение бизнес-плана/spanFact" + filialNum)): Text of object 'Object Repository/Выполнение бизнес-плана/spanFact2' is: '9.86
|'

15-11-2024T09:26:11 - [MESSAGE][PASSED] - Text of object 'Object Repository/Выполнение бизнес-плана/spanFact2' is: '9.86
|'

15-11-2024T09:26:11 - [TEST_STEP][PASSED] - page2 = page2.replace("|", ""): null

15-11-2024T09:26:11 - [TEST_STEP][PASSED] - println("page1: " + page1): null

15-11-2024T09:26:11 - [TEST_STEP][PASSED] - println("page2: " + page2): null

15-11-2024T09:26:11 - [TEST_STEP][PASSED] - file = findTestData("PlanFact").getValue(4, a): null

15-11-2024T09:26:11 - [TEST_STEP][PASSED] - file = file.replace(",", "."): null

15-11-2024T09:26:11 - [TEST_STEP][PASSED] - println("file Plan: " + file): null

15-11-2024T09:26:11 - [TEST_STEP][PASSED] - typeOfData = "План в процентах": null

15-11-2024T09:26:11 - [TEST_STEP][PASSED] - fileDouble = file.toDouble(): null

15-11-2024T09:26:11 - [TEST_STEP][PASSED] - pageDouble = page1.toDouble(): null

15-11-2024T09:26:11 - [TEST_STEP][PASSED] - if (fileDouble != pageDouble): null

15-11-2024T09:26:11 - [TEST_STEP][PASSED] - file = findTestData("PlanFact").getValue(7, a): null

15-11-2024T09:26:11 - [TEST_STEP][PASSED] - file = file.replace(",", "."): null

15-11-2024T09:26:11 - [TEST_STEP][PASSED] - println("file Fact: " + file): null

15-11-2024T09:26:11 - [TEST_STEP][PASSED] - fileDouble = file.toDouble(): null

15-11-2024T09:26:11 - [TEST_STEP][PASSED] - typeOfData = "Факт в процентах": null

15-11-2024T09:26:11 - [TEST_STEP][PASSED] - fileDouble = file.toDouble(): null

15-11-2024T09:26:11 - [TEST_STEP][PASSED] - pageDouble = page2.toDouble(): null

15-11-2024T09:26:11 - [TEST_STEP][PASSED] - if (fileDouble != pageDouble): null

15-11-2024T09:26:11 - [TEST_STEP][PASSED] - if (verifyEqual(numberOfErrors, 0) == false): Actual object '0' and expected object '0' are equal

15-11-2024T09:26:11 - [MESSAGE][PASSED] - Actual object '0' and expected object '0' are equal

15-11-2024T09:26:11 - [TEST_STEP][PASSED] - if (a == 82): null

15-11-2024T09:26:11 - [TEST_STEP][PASSED] - dZO = "АО «Ярославская электросетевая компания»": null

15-11-2024T09:26:11 - [TEST_STEP][PASSED] - a = 17: null

15-11-2024T09:26:11 - [TEST_STEP][PASSED] - i = dZO.length() - 1: null

15-11-2024T09:26:11 - [TEST_STEP][PASSED] - dzoCut = substring(4, i).replaceAll("\s+", ""): null

15-11-2024T09:26:11 - [TEST_STEP][PASSED] - if (x2.contains(dzoCut)): null

15-11-2024T09:26:11 - [TEST_STEP][PASSED] - filialNum = filialNum + 1: null

15-11-2024T09:26:11 - [TEST_STEP][PASSED] - Script1718980020443.Numbers(a, typeOfData, todaysDate, pageInt, fileInt, pageDouble, fileDouble, dZO, dzoNum, filialNum): null

15-11-2024T09:26:11 - [TEST_STEP][PASSED] - println(dzoNum): null

15-11-2024T09:26:11 - [TEST_STEP][PASSED] - planFact = <not implemented yet for class: org.codehaus.groovy.ast.expr.EmptyExpression>: null

15-11-2024T09:26:11 - [TEST_STEP][PASSED] - page = <not implemented yet for class: org.codehaus.groovy.ast.expr.EmptyExpression>: null

15-11-2024T09:26:11 - [TEST_STEP][PASSED] - page1 = <not implemented yet for class: org.codehaus.groovy.ast.expr.EmptyExpression>: null

15-11-2024T09:26:11 - [TEST_STEP][PASSED] - page2 = <not implemented yet for class: org.codehaus.groovy.ast.expr.EmptyExpression>: null

15-11-2024T09:26:11 - [TEST_STEP][PASSED] - filialNumberInRow = <not implemented yet for class: org.codehaus.groovy.ast.expr.EmptyExpression>: null

15-11-2024T09:26:11 - [TEST_STEP][PASSED] - filialsDzoNames = <not implemented yet for class: org.codehaus.groovy.ast.expr.EmptyExpression>: null

15-11-2024T09:26:11 - [TEST_STEP][PASSED] - numberOfFilials = <not implemented yet for class: org.codehaus.groovy.ast.expr.EmptyExpression>: null

15-11-2024T09:26:11 - [TEST_STEP][PASSED] - numberOfSpaces = <not implemented yet for class: org.codehaus.groovy.ast.expr.EmptyExpression>: null

15-11-2024T09:26:11 - [TEST_STEP][PASSED] - file = <not implemented yet for class: org.codehaus.groovy.ast.expr.EmptyExpression>: null

15-11-2024T09:26:11 - [TEST_STEP][PASSED] - otpusk = <not implemented yet for class: org.codehaus.groovy.ast.expr.EmptyExpression>: null

15-11-2024T09:26:11 - [TEST_STEP][PASSED] - poteri = <not implemented yet for class: org.codehaus.groovy.ast.expr.EmptyExpression>: null

15-11-2024T09:26:11 - [TEST_STEP][PASSED] - dataFolder = "Выполнение бизнес-плана/Значения со страницы Выполнение бизнес-плана/": null

15-11-2024T09:26:11 - [TEST_STEP][PASSED] - path = <not implemented yet for class: org.codehaus.groovy.ast.expr.EmptyExpression>: null

15-11-2024T09:26:11 - [TEST_STEP][PASSED] - typeOfDataMain = <not implemented yet for class: org.codehaus.groovy.ast.expr.EmptyExpression>: null

15-11-2024T09:26:11 - [TEST_STEP][PASSED] - fileOtpuskVSet = <not implemented yet for class: org.codehaus.groovy.ast.expr.EmptyExpression>: null

15-11-2024T09:26:11 - [TEST_STEP][PASSED] - pageOtpuskVSet = <not implemented yet for class: org.codehaus.groovy.ast.expr.EmptyExpression>: null

15-11-2024T09:26:11 - [TEST_STEP][PASSED] - filePoteri = <not implemented yet for class: org.codehaus.groovy.ast.expr.EmptyExpression>: null

15-11-2024T09:26:11 - [TEST_STEP][PASSED] - pagePoteri = <not implemented yet for class: org.codehaus.groovy.ast.expr.EmptyExpression>: null

15-11-2024T09:26:11 - [TEST_STEP][PASSED] - compare = <not implemented yet for class: org.codehaus.groovy.ast.expr.EmptyExpression>: null

15-11-2024T09:26:11 - [TEST_STEP][PASSED] - b = <not implemented yet for class: org.codehaus.groovy.ast.expr.EmptyExpression>: null

15-11-2024T09:26:11 - [TEST_STEP][PASSED] - i = <not implemented yet for class: org.codehaus.groovy.ast.expr.EmptyExpression>: null

15-11-2024T09:26:11 - [TEST_STEP][PASSED] - ii = <not implemented yet for class: org.codehaus.groovy.ast.expr.EmptyExpression>: null

15-11-2024T09:26:11 - [TEST_STEP][PASSED] - c = <not implemented yet for class: org.codehaus.groovy.ast.expr.EmptyExpression>: null

15-11-2024T09:26:11 - [TEST_STEP][PASSED] - numberOfErrors = 0: null

15-11-2024T09:26:11 - [TEST_STEP][PASSED] - if (a == 82): null

15-11-2024T09:26:11 - [TEST_STEP][PASSED] - b = findTestData("PlanFact").getValue(1, a): null

15-11-2024T09:26:11 - [TEST_STEP][PASSED] - i = b.indexOf(" (ГК)"): null

15-11-2024T09:26:11 - [TEST_STEP][PASSED] - if (i > -1): null

15-11-2024T09:26:11 - [TEST_STEP][PASSED] - i = b.indexOf("О ""): null

15-11-2024T09:26:11 - [TEST_STEP][PASSED] - if (i > -1): null

15-11-2024T09:26:11 - [TEST_STEP][PASSED] - i = b.indexOf("О «"): null

15-11-2024T09:26:11 - [TEST_STEP][PASSED] - if (i > -1): null

15-11-2024T09:26:11 - [TEST_STEP][PASSED] - b = b.substring(i + 3, b.length()): null

15-11-2024T09:26:11 - [TEST_STEP][PASSED] - i = b.indexOf("»"): null

15-11-2024T09:26:11 - [TEST_STEP][PASSED] - b = b.substring(0, i): null

15-11-2024T09:26:11 - [TEST_STEP][PASSED] - b = b.trim(): null

15-11-2024T09:26:11 - [TEST_STEP][PASSED] - i = b.indexOf("г. "): null

15-11-2024T09:26:11 - [TEST_STEP][PASSED] - if (i > -1): null

15-11-2024T09:26:11 - [TEST_STEP][PASSED] - println(b): null

15-11-2024T09:26:11 - [TEST_STEP][PASSED] - for ([planFact = 1, planFact < 3, (planFact++)]): Object: 'Object Repository/Выполнение бизнес-плана/Кнопка Факт' is clicked on

15-11-2024T09:26:11 - [TEST_STEP][PASSED] - if (planFact == 1): null

15-11-2024T09:26:11 - [TEST_STEP][PASSED] - typeOfDataMain = "Факт": null

15-11-2024T09:26:11 - [TEST_STEP][PASSED] - otpusk = findTestData("PlanFact").getValue(5, a): null

15-11-2024T09:26:11 - [TEST_STEP][PASSED] - poteri = findTestData("PlanFact").getValue(6, a): null

15-11-2024T09:26:11 - [TEST_STEP][PASSED] - otpusk = otpusk.replaceAll("\s+", ""): null

15-11-2024T09:26:11 - [TEST_STEP][PASSED] - poteri = poteri.replaceAll("\s+", ""): null

15-11-2024T09:26:11 - [TEST_STEP][PASSED] - typeOfData = typeOfDataMain + " Отпуск в сеть": null

15-11-2024T09:26:11 - [TEST_STEP][PASSED] - if (a == 82): null

15-11-2024T09:26:11 - [TEST_STEP][PASSED] - else if (a == 84): null

15-11-2024T09:26:11 - [TEST_STEP][PASSED] - else if (a == 52 || a == 72 || a == 28 || a == 73 || a == 77 || a == 74 || a == 65 || a == 36 || a == 44 || a == 53 || a == 80 || a == 54 || a == 1 || a == 18 || a == 59 || a == 81): null

15-11-2024T09:26:11 - [TEST_STEP][PASSED] - else: null

15-11-2024T09:26:11 - [TEST_STEP][PASSED] - path = dataFolder + typeOfData + " за отчётный период " + b: null

15-11-2024T09:26:11 - [TEST_STEP][PASSED] - println(path): null

15-11-2024T09:26:11 - [TEST_STEP][PASSED] - page = getText(findTestObject(path)): Text of object 'Object Repository/Выполнение бизнес-плана/Значения со страницы Выполнение бизнес-плана/Факт Отпуск в сеть за отчётный период Ярославская электросетевая компания' is: '189 146'

15-11-2024T09:26:11 - [MESSAGE][PASSED] - Text of object 'Object Repository/Выполнение бизнес-плана/Значения со страницы Выполнение бизнес-плана/Факт Отпуск в сеть за отчётный период Ярославская электросетевая компания' is: '189 146'

15-11-2024T09:26:11 - [TEST_STEP][PASSED] - page = page.replaceAll("\s+", ""): null

15-11-2024T09:26:11 - [TEST_STEP][PASSED] - fileOtpuskVSet = otpusk.toInteger(): null

15-11-2024T09:26:11 - [TEST_STEP][PASSED] - pageOtpuskVSet = page.toInteger(): null

15-11-2024T09:26:11 - [TEST_STEP][PASSED] - typeOfData = typeOfDataMain + " Потери": null

15-11-2024T09:26:11 - [TEST_STEP][PASSED] - if (a == 82): null

15-11-2024T09:26:11 - [TEST_STEP][PASSED] - else if (a == 84): null

15-11-2024T09:26:11 - [TEST_STEP][PASSED] - else if (a == 52 || a == 72 || a == 28 || a == 73 || a == 77 || a == 74 || a == 65 || a == 36 || a == 44 || a == 53 || a == 80 || a == 54 || a == 1 || a == 18 || a == 59 || a == 81): null

15-11-2024T09:26:11 - [TEST_STEP][PASSED] - else: null

15-11-2024T09:26:11 - [TEST_STEP][PASSED] - path = dataFolder + typeOfData + " за отчётный период " + b: null

15-11-2024T09:26:11 - [TEST_STEP][PASSED] - page = getText(findTestObject(path)): Text of object 'Object Repository/Выполнение бизнес-плана/Значения со страницы Выполнение бизнес-плана/Факт Потери за отчётный период Ярославская электросетевая компания' is: '15 551'

15-11-2024T09:26:12 - [MESSAGE][PASSED] - Text of object 'Object Repository/Выполнение бизнес-плана/Значения со страницы Выполнение бизнес-плана/Факт Потери за отчётный период Ярославская электросетевая компания' is: '15 551'

15-11-2024T09:26:12 - [TEST_STEP][PASSED] - page = page.replaceAll("\s+", ""): null

15-11-2024T09:26:12 - [TEST_STEP][PASSED] - filePoteri = poteri.toInteger(): null

15-11-2024T09:26:12 - [TEST_STEP][PASSED] - pagePoteri = page.toInteger(): null

15-11-2024T09:26:12 - [TEST_STEP][PASSED] - compare = pageOtpuskVSet: null

15-11-2024T09:26:12 - [TEST_STEP][PASSED] - if (compare == fileOtpuskVSet): null

15-11-2024T09:26:12 - [TEST_STEP][PASSED] - if (compare == fileOtpuskVSet): null

15-11-2024T09:26:12 - [TEST_STEP][PASSED] - compare = pagePoteri: null

15-11-2024T09:26:12 - [TEST_STEP][PASSED] - if (compare == filePoteri): null

15-11-2024T09:26:12 - [TEST_STEP][PASSED] - if (compare == filePoteri): null

15-11-2024T09:26:12 - [TEST_STEP][PASSED] - if (planFact == 2): null

15-11-2024T09:26:12 - [TEST_STEP][PASSED] - if (planFact == 1): null

15-11-2024T09:26:12 - [TEST_STEP][PASSED] - else if (planFact == 2): null

15-11-2024T09:26:12 - [TEST_STEP][PASSED] - click(findTestObject("Выполнение бизнес-плана/Кнопка План")): Object: 'Object Repository/Выполнение бизнес-плана/Кнопка План' is clicked on

15-11-2024T09:26:12 - [MESSAGE][PASSED] - Object: 'Object Repository/Выполнение бизнес-плана/Кнопка План' is clicked on

15-11-2024T09:26:12 - [TEST_STEP][PASSED] - typeOfDataMain = "План": null

15-11-2024T09:26:12 - [TEST_STEP][PASSED] - otpusk = findTestData("PlanFact").getValue(2, a): null

15-11-2024T09:26:12 - [TEST_STEP][PASSED] - poteri = findTestData("PlanFact").getValue(3, a): null

15-11-2024T09:26:12 - [TEST_STEP][PASSED] - otpusk = otpusk.replaceAll("\s+", ""): null

15-11-2024T09:26:12 - [TEST_STEP][PASSED] - poteri = poteri.replaceAll("\s+", ""): null

15-11-2024T09:26:12 - [TEST_STEP][PASSED] - typeOfData = typeOfDataMain + " Отпуск в сеть": null

15-11-2024T09:26:12 - [TEST_STEP][PASSED] - if (a == 82): null

15-11-2024T09:26:12 - [TEST_STEP][PASSED] - else if (a == 84): null

15-11-2024T09:26:12 - [TEST_STEP][PASSED] - else if (a == 52 || a == 72 || a == 28 || a == 73 || a == 77 || a == 74 || a == 65 || a == 36 || a == 44 || a == 53 || a == 80 || a == 54 || a == 1 || a == 18 || a == 59 || a == 81): null

15-11-2024T09:26:12 - [TEST_STEP][PASSED] - else: null

15-11-2024T09:26:12 - [TEST_STEP][PASSED] - path = dataFolder + typeOfData + " за отчётный период " + b: null

15-11-2024T09:26:12 - [TEST_STEP][PASSED] - println(path): null

15-11-2024T09:26:12 - [TEST_STEP][PASSED] - page = getText(findTestObject(path)): Text of object 'Object Repository/Выполнение бизнес-плана/Значения со страницы Выполнение бизнес-плана/План Отпуск в сеть за отчётный период Ярославская электросетевая компания' is: '185 497'

15-11-2024T09:26:12 - [MESSAGE][PASSED] - Text of object 'Object Repository/Выполнение бизнес-плана/Значения со страницы Выполнение бизнес-плана/План Отпуск в сеть за отчётный период Ярославская электросетевая компания' is: '185 497'

15-11-2024T09:26:12 - [TEST_STEP][PASSED] - page = page.replaceAll("\s+", ""): null

15-11-2024T09:26:12 - [TEST_STEP][PASSED] - fileOtpuskVSet = otpusk.toInteger(): null

15-11-2024T09:26:12 - [TEST_STEP][PASSED] - pageOtpuskVSet = page.toInteger(): null

15-11-2024T09:26:12 - [TEST_STEP][PASSED] - typeOfData = typeOfDataMain + " Потери": null

15-11-2024T09:26:12 - [TEST_STEP][PASSED] - if (a == 82): null

15-11-2024T09:26:12 - [TEST_STEP][PASSED] - else if (a == 84): null

15-11-2024T09:26:12 - [TEST_STEP][PASSED] - else if (a == 52 || a == 72 || a == 28 || a == 73 || a == 77 || a == 74 || a == 65 || a == 36 || a == 44 || a == 53 || a == 80 || a == 54 || a == 1 || a == 18 || a == 59 || a == 81): null

15-11-2024T09:26:12 - [TEST_STEP][PASSED] - else: null

15-11-2024T09:26:12 - [TEST_STEP][PASSED] - path = dataFolder + typeOfData + " за отчётный период " + b: null

15-11-2024T09:26:12 - [TEST_STEP][PASSED] - page = getText(findTestObject(path)): Text of object 'Object Repository/Выполнение бизнес-плана/Значения со страницы Выполнение бизнес-плана/План Потери за отчётный период Ярославская электросетевая компания' is: '18 525'

15-11-2024T09:26:13 - [MESSAGE][PASSED] - Text of object 'Object Repository/Выполнение бизнес-плана/Значения со страницы Выполнение бизнес-плана/План Потери за отчётный период Ярославская электросетевая компания' is: '18 525'

15-11-2024T09:26:13 - [TEST_STEP][PASSED] - page = page.replaceAll("\s+", ""): null

15-11-2024T09:26:13 - [TEST_STEP][PASSED] - filePoteri = poteri.toInteger(): null

15-11-2024T09:26:13 - [TEST_STEP][PASSED] - pagePoteri = page.toInteger(): null

15-11-2024T09:26:13 - [TEST_STEP][PASSED] - compare = pageOtpuskVSet: null

15-11-2024T09:26:13 - [TEST_STEP][PASSED] - if (compare == fileOtpuskVSet): null

15-11-2024T09:26:13 - [TEST_STEP][PASSED] - if (compare == fileOtpuskVSet): null

15-11-2024T09:26:13 - [TEST_STEP][PASSED] - compare = pagePoteri: null

15-11-2024T09:26:13 - [TEST_STEP][PASSED] - if (compare == filePoteri): null

15-11-2024T09:26:13 - [TEST_STEP][PASSED] - if (compare == filePoteri): null

15-11-2024T09:26:13 - [TEST_STEP][PASSED] - if (planFact == 2): Object: 'Object Repository/Выполнение бизнес-плана/Кнопка Факт' is clicked on

15-11-2024T09:26:13 - [TEST_STEP][PASSED] - click(findTestObject("Выполнение бизнес-плана/Кнопка Факт")): Object: 'Object Repository/Выполнение бизнес-плана/Кнопка Факт' is clicked on

15-11-2024T09:26:13 - [MESSAGE][PASSED] - Object: 'Object Repository/Выполнение бизнес-плана/Кнопка Факт' is clicked on

15-11-2024T09:26:13 - [TEST_STEP][PASSED] - if (a == 84 || a == 82): null

15-11-2024T09:26:13 - [TEST_STEP][PASSED] - else if (a == 52 || a == 72 || a == 28 || a == 73 || a == 77 || a == 74 || a == 65 || a == 36 || a == 44 || a == 53 || a == 80 || a == 54 || a == 1 || a == 18 || a == 59 || a == 81): null

15-11-2024T09:26:13 - [TEST_STEP][PASSED] - else: null

15-11-2024T09:26:13 - [TEST_STEP][PASSED] - page1 = getText(findTestObject("Object Repository/Выполнение бизнес-плана/spanPlan" + filialNum)): Text of object 'Object Repository/Выполнение бизнес-плана/spanPlan3' is: '9.99
|'

15-11-2024T09:26:13 - [MESSAGE][PASSED] - Text of object 'Object Repository/Выполнение бизнес-плана/spanPlan3' is: '9.99
|'

15-11-2024T09:26:13 - [TEST_STEP][PASSED] - page1 = page1.replace("|", ""): null

15-11-2024T09:26:13 - [TEST_STEP][PASSED] - page2 = getText(findTestObject("Object Repository/Выполнение бизнес-плана/spanFact" + filialNum)): Text of object 'Object Repository/Выполнение бизнес-плана/spanFact3' is: '8.22
|'

15-11-2024T09:26:14 - [MESSAGE][PASSED] - Text of object 'Object Repository/Выполнение бизнес-плана/spanFact3' is: '8.22
|'

15-11-2024T09:26:14 - [TEST_STEP][PASSED] - page2 = page2.replace("|", ""): null

15-11-2024T09:26:14 - [TEST_STEP][PASSED] - println("page1: " + page1): null

15-11-2024T09:26:14 - [TEST_STEP][PASSED] - println("page2: " + page2): null

15-11-2024T09:26:14 - [TEST_STEP][PASSED] - file = findTestData("PlanFact").getValue(4, a): null

15-11-2024T09:26:14 - [TEST_STEP][PASSED] - file = file.replace(",", "."): null

15-11-2024T09:26:14 - [TEST_STEP][PASSED] - println("file Plan: " + file): null

15-11-2024T09:26:14 - [TEST_STEP][PASSED] - typeOfData = "План в процентах": null

15-11-2024T09:26:14 - [TEST_STEP][PASSED] - fileDouble = file.toDouble(): null

15-11-2024T09:26:14 - [TEST_STEP][PASSED] - pageDouble = page1.toDouble(): null

15-11-2024T09:26:14 - [TEST_STEP][PASSED] - if (fileDouble != pageDouble): null

15-11-2024T09:26:14 - [TEST_STEP][PASSED] - file = findTestData("PlanFact").getValue(7, a): null

15-11-2024T09:26:14 - [TEST_STEP][PASSED] - file = file.replace(",", "."): null

15-11-2024T09:26:14 - [TEST_STEP][PASSED] - println("file Fact: " + file): null

15-11-2024T09:26:14 - [TEST_STEP][PASSED] - fileDouble = file.toDouble(): null

15-11-2024T09:26:14 - [TEST_STEP][PASSED] - typeOfData = "Факт в процентах": null

15-11-2024T09:26:14 - [TEST_STEP][PASSED] - fileDouble = file.toDouble(): null

15-11-2024T09:26:14 - [TEST_STEP][PASSED] - pageDouble = page2.toDouble(): null

15-11-2024T09:26:14 - [TEST_STEP][PASSED] - if (fileDouble != pageDouble): null

15-11-2024T09:26:14 - [TEST_STEP][PASSED] - if (verifyEqual(numberOfErrors, 0) == false): Actual object '0' and expected object '0' are equal

15-11-2024T09:26:14 - [MESSAGE][PASSED] - Actual object '0' and expected object '0' are equal

15-11-2024T09:26:14 - [TEST_STEP][PASSED] - if (a == 82): null

15-11-2024T09:26:14 - [TEST_STEP][PASSED] - dZO = "Белгородэнерго": null

15-11-2024T09:26:14 - [TEST_STEP][PASSED] - a = 2: null

15-11-2024T09:26:14 - [TEST_STEP][PASSED] - if (x2.contains(dZO)): null

15-11-2024T09:26:14 - [TEST_STEP][PASSED] - filialNum = filialNum + 1: null

15-11-2024T09:26:14 - [TEST_STEP][PASSED] - Script1718980020443.Numbers(a, typeOfData, todaysDate, pageInt, fileInt, pageDouble, fileDouble, dZO, dzoNum, filialNum): null

15-11-2024T09:26:14 - [TEST_STEP][PASSED] - println(dzoNum): null

15-11-2024T09:26:14 - [TEST_STEP][PASSED] - planFact = <not implemented yet for class: org.codehaus.groovy.ast.expr.EmptyExpression>: null

15-11-2024T09:26:14 - [TEST_STEP][PASSED] - page = <not implemented yet for class: org.codehaus.groovy.ast.expr.EmptyExpression>: null

15-11-2024T09:26:14 - [TEST_STEP][PASSED] - page1 = <not implemented yet for class: org.codehaus.groovy.ast.expr.EmptyExpression>: null

15-11-2024T09:26:14 - [TEST_STEP][PASSED] - page2 = <not implemented yet for class: org.codehaus.groovy.ast.expr.EmptyExpression>: null

15-11-2024T09:26:14 - [TEST_STEP][PASSED] - filialNumberInRow = <not implemented yet for class: org.codehaus.groovy.ast.expr.EmptyExpression>: null

15-11-2024T09:26:14 - [TEST_STEP][PASSED] - filialsDzoNames = <not implemented yet for class: org.codehaus.groovy.ast.expr.EmptyExpression>: null

15-11-2024T09:26:14 - [TEST_STEP][PASSED] - numberOfFilials = <not implemented yet for class: org.codehaus.groovy.ast.expr.EmptyExpression>: null

15-11-2024T09:26:14 - [TEST_STEP][PASSED] - numberOfSpaces = <not implemented yet for class: org.codehaus.groovy.ast.expr.EmptyExpression>: null

15-11-2024T09:26:14 - [TEST_STEP][PASSED] - file = <not implemented yet for class: org.codehaus.groovy.ast.expr.EmptyExpression>: null

15-11-2024T09:26:14 - [TEST_STEP][PASSED] - otpusk = <not implemented yet for class: org.codehaus.groovy.ast.expr.EmptyExpression>: null

15-11-2024T09:26:14 - [TEST_STEP][PASSED] - poteri = <not implemented yet for class: org.codehaus.groovy.ast.expr.EmptyExpression>: null

15-11-2024T09:26:14 - [TEST_STEP][PASSED] - dataFolder = "Выполнение бизнес-плана/Значения со страницы Выполнение бизнес-плана/": null

15-11-2024T09:26:14 - [TEST_STEP][PASSED] - path = <not implemented yet for class: org.codehaus.groovy.ast.expr.EmptyExpression>: null

15-11-2024T09:26:14 - [TEST_STEP][PASSED] - typeOfDataMain = <not implemented yet for class: org.codehaus.groovy.ast.expr.EmptyExpression>: null

15-11-2024T09:26:14 - [TEST_STEP][PASSED] - fileOtpuskVSet = <not implemented yet for class: org.codehaus.groovy.ast.expr.EmptyExpression>: null

15-11-2024T09:26:14 - [TEST_STEP][PASSED] - pageOtpuskVSet = <not implemented yet for class: org.codehaus.groovy.ast.expr.EmptyExpression>: null

15-11-2024T09:26:14 - [TEST_STEP][PASSED] - filePoteri = <not implemented yet for class: org.codehaus.groovy.ast.expr.EmptyExpression>: null

15-11-2024T09:26:14 - [TEST_STEP][PASSED] - pagePoteri = <not implemented yet for class: org.codehaus.groovy.ast.expr.EmptyExpression>: null

15-11-2024T09:26:14 - [TEST_STEP][PASSED] - compare = <not implemented yet for class: org.codehaus.groovy.ast.expr.EmptyExpression>: null

15-11-2024T09:26:14 - [TEST_STEP][PASSED] - b = <not implemented yet for class: org.codehaus.groovy.ast.expr.EmptyExpression>: null

15-11-2024T09:26:14 - [TEST_STEP][PASSED] - i = <not implemented yet for class: org.codehaus.groovy.ast.expr.EmptyExpression>: null

15-11-2024T09:26:14 - [TEST_STEP][PASSED] - ii = <not implemented yet for class: org.codehaus.groovy.ast.expr.EmptyExpression>: null

15-11-2024T09:26:14 - [TEST_STEP][PASSED] - c = <not implemented yet for class: org.codehaus.groovy.ast.expr.EmptyExpression>: null

15-11-2024T09:26:14 - [TEST_STEP][PASSED] - numberOfErrors = 0: null

15-11-2024T09:26:14 - [TEST_STEP][PASSED] - if (a == 82): null

15-11-2024T09:26:14 - [TEST_STEP][PASSED] - b = findTestData("PlanFact").getValue(1, a): null

15-11-2024T09:26:14 - [TEST_STEP][PASSED] - i = b.indexOf(" (ГК)"): null

15-11-2024T09:26:14 - [TEST_STEP][PASSED] - if (i > -1): null

15-11-2024T09:26:14 - [TEST_STEP][PASSED] - i = b.indexOf("О ""): null

15-11-2024T09:26:14 - [TEST_STEP][PASSED] - if (i > -1): null

15-11-2024T09:26:14 - [TEST_STEP][PASSED] - i = b.indexOf("О «"): null

15-11-2024T09:26:14 - [TEST_STEP][PASSED] - if (i > -1): null

15-11-2024T09:26:14 - [TEST_STEP][PASSED] - i = b.indexOf("г. "): null

15-11-2024T09:26:14 - [TEST_STEP][PASSED] - if (i > -1): null

15-11-2024T09:26:14 - [TEST_STEP][PASSED] - println(b): null

15-11-2024T09:26:14 - [TEST_STEP][PASSED] - for ([planFact = 1, planFact < 3, (planFact++)]): Object: 'Object Repository/Выполнение бизнес-плана/Кнопка Факт' is clicked on

15-11-2024T09:26:14 - [TEST_STEP][PASSED] - if (planFact == 1): null

15-11-2024T09:26:14 - [TEST_STEP][PASSED] - typeOfDataMain = "Факт": null

15-11-2024T09:26:14 - [TEST_STEP][PASSED] - otpusk = findTestData("PlanFact").getValue(5, a): null

15-11-2024T09:26:14 - [TEST_STEP][PASSED] - poteri = findTestData("PlanFact").getValue(6, a): null

15-11-2024T09:26:14 - [TEST_STEP][PASSED] - otpusk = otpusk.replaceAll("\s+", ""): null

15-11-2024T09:26:14 - [TEST_STEP][PASSED] - poteri = poteri.replaceAll("\s+", ""): null

15-11-2024T09:26:14 - [TEST_STEP][PASSED] - typeOfData = typeOfDataMain + " Отпуск в сеть": null

15-11-2024T09:26:14 - [TEST_STEP][PASSED] - if (a == 82): null

15-11-2024T09:26:14 - [TEST_STEP][PASSED] - else if (a == 84): null

15-11-2024T09:26:14 - [TEST_STEP][PASSED] - else if (a == 52 || a == 72 || a == 28 || a == 73 || a == 77 || a == 74 || a == 65 || a == 36 || a == 44 || a == 53 || a == 80 || a == 54 || a == 1 || a == 18 || a == 59 || a == 81): null

15-11-2024T09:26:14 - [TEST_STEP][PASSED] - else: null

15-11-2024T09:26:14 - [TEST_STEP][PASSED] - path = dataFolder + typeOfData + " за отчётный период " + b: null

15-11-2024T09:26:14 - [TEST_STEP][PASSED] - println(path): null

15-11-2024T09:26:14 - [TEST_STEP][PASSED] - page = getText(findTestObject(path)): Text of object 'Object Repository/Выполнение бизнес-плана/Значения со страницы Выполнение бизнес-плана/Факт Отпуск в сеть за отчётный период Белгородэнерго' is: '5 170 937'

15-11-2024T09:26:14 - [MESSAGE][PASSED] - Text of object 'Object Repository/Выполнение бизнес-плана/Значения со страницы Выполнение бизнес-плана/Факт Отпуск в сеть за отчётный период Белгородэнерго' is: '5 170 937'

15-11-2024T09:26:14 - [TEST_STEP][PASSED] - page = page.replaceAll("\s+", ""): null

15-11-2024T09:26:14 - [TEST_STEP][PASSED] - fileOtpuskVSet = otpusk.toInteger(): null

15-11-2024T09:26:14 - [TEST_STEP][PASSED] - pageOtpuskVSet = page.toInteger(): null

15-11-2024T09:26:14 - [TEST_STEP][PASSED] - typeOfData = typeOfDataMain + " Потери": null

15-11-2024T09:26:14 - [TEST_STEP][PASSED] - if (a == 82): null

15-11-2024T09:26:14 - [TEST_STEP][PASSED] - else if (a == 84): null

15-11-2024T09:26:14 - [TEST_STEP][PASSED] - else if (a == 52 || a == 72 || a == 28 || a == 73 || a == 77 || a == 74 || a == 65 || a == 36 || a == 44 || a == 53 || a == 80 || a == 54 || a == 1 || a == 18 || a == 59 || a == 81): null

15-11-2024T09:26:14 - [TEST_STEP][PASSED] - else: null

15-11-2024T09:26:14 - [TEST_STEP][PASSED] - path = dataFolder + typeOfData + " за отчётный период " + b: null

15-11-2024T09:26:14 - [TEST_STEP][PASSED] - page = getText(findTestObject(path)): Text of object 'Object Repository/Выполнение бизнес-плана/Значения со страницы Выполнение бизнес-плана/Факт Потери за отчётный период Белгородэнерго' is: '485 649'

15-11-2024T09:26:14 - [MESSAGE][PASSED] - Text of object 'Object Repository/Выполнение бизнес-плана/Значения со страницы Выполнение бизнес-плана/Факт Потери за отчётный период Белгородэнерго' is: '485 649'

15-11-2024T09:26:14 - [TEST_STEP][PASSED] - page = page.replaceAll("\s+", ""): null

15-11-2024T09:26:14 - [TEST_STEP][PASSED] - filePoteri = poteri.toInteger(): null

15-11-2024T09:26:14 - [TEST_STEP][PASSED] - pagePoteri = page.toInteger(): null

15-11-2024T09:26:14 - [TEST_STEP][PASSED] - compare = pageOtpuskVSet: null

15-11-2024T09:26:14 - [TEST_STEP][PASSED] - if (compare == fileOtpuskVSet): null

15-11-2024T09:26:14 - [TEST_STEP][PASSED] - if (compare == fileOtpuskVSet): null

15-11-2024T09:26:14 - [TEST_STEP][PASSED] - compare = pagePoteri: null

15-11-2024T09:26:14 - [TEST_STEP][PASSED] - if (compare == filePoteri): null

15-11-2024T09:26:14 - [TEST_STEP][PASSED] - if (compare == filePoteri): null

15-11-2024T09:26:14 - [TEST_STEP][PASSED] - if (planFact == 2): null

15-11-2024T09:26:14 - [TEST_STEP][PASSED] - if (planFact == 1): null

15-11-2024T09:26:14 - [TEST_STEP][PASSED] - else if (planFact == 2): null

15-11-2024T09:26:14 - [TEST_STEP][PASSED] - click(findTestObject("Выполнение бизнес-плана/Кнопка План")): Object: 'Object Repository/Выполнение бизнес-плана/Кнопка План' is clicked on

15-11-2024T09:26:15 - [MESSAGE][PASSED] - Object: 'Object Repository/Выполнение бизнес-плана/Кнопка План' is clicked on

15-11-2024T09:26:15 - [TEST_STEP][PASSED] - typeOfDataMain = "План": null

15-11-2024T09:26:15 - [TEST_STEP][PASSED] - otpusk = findTestData("PlanFact").getValue(2, a): null

15-11-2024T09:26:15 - [TEST_STEP][PASSED] - poteri = findTestData("PlanFact").getValue(3, a): null

15-11-2024T09:26:15 - [TEST_STEP][PASSED] - otpusk = otpusk.replaceAll("\s+", ""): null

15-11-2024T09:26:15 - [TEST_STEP][PASSED] - poteri = poteri.replaceAll("\s+", ""): null

15-11-2024T09:26:15 - [TEST_STEP][PASSED] - typeOfData = typeOfDataMain + " Отпуск в сеть": null

15-11-2024T09:26:15 - [TEST_STEP][PASSED] - if (a == 82): null

15-11-2024T09:26:15 - [TEST_STEP][PASSED] - else if (a == 84): null

15-11-2024T09:26:15 - [TEST_STEP][PASSED] - else if (a == 52 || a == 72 || a == 28 || a == 73 || a == 77 || a == 74 || a == 65 || a == 36 || a == 44 || a == 53 || a == 80 || a == 54 || a == 1 || a == 18 || a == 59 || a == 81): null

15-11-2024T09:26:15 - [TEST_STEP][PASSED] - else: null

15-11-2024T09:26:15 - [TEST_STEP][PASSED] - path = dataFolder + typeOfData + " за отчётный период " + b: null

15-11-2024T09:26:15 - [TEST_STEP][PASSED] - println(path): null

15-11-2024T09:26:15 - [TEST_STEP][PASSED] - page = getText(findTestObject(path)): Text of object 'Object Repository/Выполнение бизнес-плана/Значения со страницы Выполнение бизнес-плана/План Отпуск в сеть за отчётный период Белгородэнерго' is: '5 036 799'

15-11-2024T09:26:15 - [MESSAGE][PASSED] - Text of object 'Object Repository/Выполнение бизнес-плана/Значения со страницы Выполнение бизнес-плана/План Отпуск в сеть за отчётный период Белгородэнерго' is: '5 036 799'

15-11-2024T09:26:15 - [TEST_STEP][PASSED] - page = page.replaceAll("\s+", ""): null

15-11-2024T09:26:15 - [TEST_STEP][PASSED] - fileOtpuskVSet = otpusk.toInteger(): null

15-11-2024T09:26:15 - [TEST_STEP][PASSED] - pageOtpuskVSet = page.toInteger(): null

15-11-2024T09:26:15 - [TEST_STEP][PASSED] - typeOfData = typeOfDataMain + " Потери": null

15-11-2024T09:26:15 - [TEST_STEP][PASSED] - if (a == 82): null

15-11-2024T09:26:15 - [TEST_STEP][PASSED] - else if (a == 84): null

15-11-2024T09:26:15 - [TEST_STEP][PASSED] - else if (a == 52 || a == 72 || a == 28 || a == 73 || a == 77 || a == 74 || a == 65 || a == 36 || a == 44 || a == 53 || a == 80 || a == 54 || a == 1 || a == 18 || a == 59 || a == 81): null

15-11-2024T09:26:15 - [TEST_STEP][PASSED] - else: null

15-11-2024T09:26:15 - [TEST_STEP][PASSED] - path = dataFolder + typeOfData + " за отчётный период " + b: null

15-11-2024T09:26:15 - [TEST_STEP][PASSED] - page = getText(findTestObject(path)): Text of object 'Object Repository/Выполнение бизнес-плана/Значения со страницы Выполнение бизнес-плана/План Потери за отчётный период Белгородэнерго' is: '488 869'

15-11-2024T09:26:16 - [MESSAGE][PASSED] - Text of object 'Object Repository/Выполнение бизнес-плана/Значения со страницы Выполнение бизнес-плана/План Потери за отчётный период Белгородэнерго' is: '488 869'

15-11-2024T09:26:16 - [TEST_STEP][PASSED] - page = page.replaceAll("\s+", ""): null

15-11-2024T09:26:16 - [TEST_STEP][PASSED] - filePoteri = poteri.toInteger(): null

15-11-2024T09:26:16 - [TEST_STEP][PASSED] - pagePoteri = page.toInteger(): null

15-11-2024T09:26:16 - [TEST_STEP][PASSED] - compare = pageOtpuskVSet: null

15-11-2024T09:26:16 - [TEST_STEP][PASSED] - if (compare == fileOtpuskVSet): null

15-11-2024T09:26:16 - [TEST_STEP][PASSED] - if (compare == fileOtpuskVSet): null

15-11-2024T09:26:16 - [TEST_STEP][PASSED] - compare = pagePoteri: null

15-11-2024T09:26:16 - [TEST_STEP][PASSED] - if (compare == filePoteri): null

15-11-2024T09:26:16 - [TEST_STEP][PASSED] - if (compare == filePoteri): null

15-11-2024T09:26:16 - [TEST_STEP][PASSED] - if (planFact == 2): Object: 'Object Repository/Выполнение бизнес-плана/Кнопка Факт' is clicked on

15-11-2024T09:26:16 - [TEST_STEP][PASSED] - click(findTestObject("Выполнение бизнес-плана/Кнопка Факт")): Object: 'Object Repository/Выполнение бизнес-плана/Кнопка Факт' is clicked on

15-11-2024T09:26:16 - [MESSAGE][PASSED] - Object: 'Object Repository/Выполнение бизнес-плана/Кнопка Факт' is clicked on

15-11-2024T09:26:16 - [TEST_STEP][PASSED] - if (a == 84 || a == 82): null

15-11-2024T09:26:16 - [TEST_STEP][PASSED] - else if (a == 52 || a == 72 || a == 28 || a == 73 || a == 77 || a == 74 || a == 65 || a == 36 || a == 44 || a == 53 || a == 80 || a == 54 || a == 1 || a == 18 || a == 59 || a == 81): null

15-11-2024T09:26:16 - [TEST_STEP][PASSED] - else: null

15-11-2024T09:26:16 - [TEST_STEP][PASSED] - page1 = getText(findTestObject("Object Repository/Выполнение бизнес-плана/spanPlan" + filialNum)): Text of object 'Object Repository/Выполнение бизнес-плана/spanPlan4' is: '9.71
|'

15-11-2024T09:26:16 - [MESSAGE][PASSED] - Text of object 'Object Repository/Выполнение бизнес-плана/spanPlan4' is: '9.71
|'

15-11-2024T09:26:16 - [TEST_STEP][PASSED] - page1 = page1.replace("|", ""): null

15-11-2024T09:26:16 - [TEST_STEP][PASSED] - page2 = getText(findTestObject("Object Repository/Выполнение бизнес-плана/spanFact" + filialNum)): Text of object 'Object Repository/Выполнение бизнес-плана/spanFact4' is: '9.39
|'

15-11-2024T09:26:16 - [MESSAGE][PASSED] - Text of object 'Object Repository/Выполнение бизнес-плана/spanFact4' is: '9.39
|'

15-11-2024T09:26:16 - [TEST_STEP][PASSED] - page2 = page2.replace("|", ""): null

15-11-2024T09:26:16 - [TEST_STEP][PASSED] - println("page1: " + page1): null

15-11-2024T09:26:16 - [TEST_STEP][PASSED] - println("page2: " + page2): null

15-11-2024T09:26:16 - [TEST_STEP][PASSED] - file = findTestData("PlanFact").getValue(4, a): null

15-11-2024T09:26:16 - [TEST_STEP][PASSED] - file = file.replace(",", "."): null

15-11-2024T09:26:16 - [TEST_STEP][PASSED] - println("file Plan: " + file): null

15-11-2024T09:26:16 - [TEST_STEP][PASSED] - typeOfData = "План в процентах": null

15-11-2024T09:26:16 - [TEST_STEP][PASSED] - fileDouble = file.toDouble(): null

15-11-2024T09:26:16 - [TEST_STEP][PASSED] - pageDouble = page1.toDouble(): null

15-11-2024T09:26:16 - [TEST_STEP][PASSED] - if (fileDouble != pageDouble): null

15-11-2024T09:26:16 - [TEST_STEP][PASSED] - file = findTestData("PlanFact").getValue(7, a): null

15-11-2024T09:26:17 - [TEST_STEP][PASSED] - file = file.replace(",", "."): null

15-11-2024T09:26:17 - [TEST_STEP][PASSED] - println("file Fact: " + file): null

15-11-2024T09:26:17 - [TEST_STEP][PASSED] - fileDouble = file.toDouble(): null

15-11-2024T09:26:17 - [TEST_STEP][PASSED] - typeOfData = "Факт в процентах": null

15-11-2024T09:26:17 - [TEST_STEP][PASSED] - fileDouble = file.toDouble(): null

15-11-2024T09:26:17 - [TEST_STEP][PASSED] - pageDouble = page2.toDouble(): null

15-11-2024T09:26:17 - [TEST_STEP][PASSED] - if (fileDouble != pageDouble): null

15-11-2024T09:26:17 - [TEST_STEP][PASSED] - if (verifyEqual(numberOfErrors, 0) == false): Actual object '0' and expected object '0' are equal

15-11-2024T09:26:17 - [MESSAGE][PASSED] - Actual object '0' and expected object '0' are equal

15-11-2024T09:26:17 - [TEST_STEP][PASSED] - if (a == 82): null

15-11-2024T09:26:17 - [TEST_STEP][PASSED] - dZO = "Брянскэнерго": null

15-11-2024T09:26:17 - [TEST_STEP][PASSED] - a = 3: null

15-11-2024T09:26:17 - [TEST_STEP][PASSED] - if (x2.contains(dZO)): null

15-11-2024T09:26:17 - [TEST_STEP][PASSED] - filialNum = filialNum + 1: null

15-11-2024T09:26:17 - [TEST_STEP][PASSED] - Script1718980020443.Numbers(a, typeOfData, todaysDate, pageInt, fileInt, pageDouble, fileDouble, dZO, dzoNum, filialNum): null

15-11-2024T09:26:17 - [TEST_STEP][PASSED] - println(dzoNum): null

15-11-2024T09:26:17 - [TEST_STEP][PASSED] - planFact = <not implemented yet for class: org.codehaus.groovy.ast.expr.EmptyExpression>: null

15-11-2024T09:26:17 - [TEST_STEP][PASSED] - page = <not implemented yet for class: org.codehaus.groovy.ast.expr.EmptyExpression>: null

15-11-2024T09:26:17 - [TEST_STEP][PASSED] - page1 = <not implemented yet for class: org.codehaus.groovy.ast.expr.EmptyExpression>: null

15-11-2024T09:26:17 - [TEST_STEP][PASSED] - page2 = <not implemented yet for class: org.codehaus.groovy.ast.expr.EmptyExpression>: null

15-11-2024T09:26:17 - [TEST_STEP][PASSED] - filialNumberInRow = <not implemented yet for class: org.codehaus.groovy.ast.expr.EmptyExpression>: null

15-11-2024T09:26:17 - [TEST_STEP][PASSED] - filialsDzoNames = <not implemented yet for class: org.codehaus.groovy.ast.expr.EmptyExpression>: null

15-11-2024T09:26:17 - [TEST_STEP][PASSED] - numberOfFilials = <not implemented yet for class: org.codehaus.groovy.ast.expr.EmptyExpression>: null

15-11-2024T09:26:17 - [TEST_STEP][PASSED] - numberOfSpaces = <not implemented yet for class: org.codehaus.groovy.ast.expr.EmptyExpression>: null

15-11-2024T09:26:17 - [TEST_STEP][PASSED] - file = <not implemented yet for class: org.codehaus.groovy.ast.expr.EmptyExpression>: null

15-11-2024T09:26:17 - [TEST_STEP][PASSED] - otpusk = <not implemented yet for class: org.codehaus.groovy.ast.expr.EmptyExpression>: null

15-11-2024T09:26:17 - [TEST_STEP][PASSED] - poteri = <not implemented yet for class: org.codehaus.groovy.ast.expr.EmptyExpression>: null

15-11-2024T09:26:17 - [TEST_STEP][PASSED] - dataFolder = "Выполнение бизнес-плана/Значения со страницы Выполнение бизнес-плана/": null

15-11-2024T09:26:17 - [TEST_STEP][PASSED] - path = <not implemented yet for class: org.codehaus.groovy.ast.expr.EmptyExpression>: null

15-11-2024T09:26:17 - [TEST_STEP][PASSED] - typeOfDataMain = <not implemented yet for class: org.codehaus.groovy.ast.expr.EmptyExpression>: null

15-11-2024T09:26:17 - [TEST_STEP][PASSED] - fileOtpuskVSet = <not implemented yet for class: org.codehaus.groovy.ast.expr.EmptyExpression>: null

15-11-2024T09:26:17 - [TEST_STEP][PASSED] - pageOtpuskVSet = <not implemented yet for class: org.codehaus.groovy.ast.expr.EmptyExpression>: null

15-11-2024T09:26:17 - [TEST_STEP][PASSED] - filePoteri = <not implemented yet for class: org.codehaus.groovy.ast.expr.EmptyExpression>: null

15-11-2024T09:26:17 - [TEST_STEP][PASSED] - pagePoteri = <not implemented yet for class: org.codehaus.groovy.ast.expr.EmptyExpression>: null

15-11-2024T09:26:17 - [TEST_STEP][PASSED] - compare = <not implemented yet for class: org.codehaus.groovy.ast.expr.EmptyExpression>: null

15-11-2024T09:26:17 - [TEST_STEP][PASSED] - b = <not implemented yet for class: org.codehaus.groovy.ast.expr.EmptyExpression>: null

15-11-2024T09:26:17 - [TEST_STEP][PASSED] - i = <not implemented yet for class: org.codehaus.groovy.ast.expr.EmptyExpression>: null

15-11-2024T09:26:17 - [TEST_STEP][PASSED] - ii = <not implemented yet for class: org.codehaus.groovy.ast.expr.EmptyExpression>: null

15-11-2024T09:26:17 - [TEST_STEP][PASSED] - c = <not implemented yet for class: org.codehaus.groovy.ast.expr.EmptyExpression>: null

15-11-2024T09:26:17 - [TEST_STEP][PASSED] - numberOfErrors = 0: null

15-11-2024T09:26:17 - [TEST_STEP][PASSED] - if (a == 82): null

15-11-2024T09:26:17 - [TEST_STEP][PASSED] - b = findTestData("PlanFact").getValue(1, a): null

15-11-2024T09:26:17 - [TEST_STEP][PASSED] - i = b.indexOf(" (ГК)"): null

15-11-2024T09:26:17 - [TEST_STEP][PASSED] - if (i > -1): null

15-11-2024T09:26:17 - [TEST_STEP][PASSED] - i = b.indexOf("О ""): null

15-11-2024T09:26:17 - [TEST_STEP][PASSED] - if (i > -1): null

15-11-2024T09:26:17 - [TEST_STEP][PASSED] - i = b.indexOf("О «"): null

15-11-2024T09:26:17 - [TEST_STEP][PASSED] - if (i > -1): null

15-11-2024T09:26:17 - [TEST_STEP][PASSED] - i = b.indexOf("г. "): null

15-11-2024T09:26:17 - [TEST_STEP][PASSED] - if (i > -1): null

15-11-2024T09:26:17 - [TEST_STEP][PASSED] - println(b): null

15-11-2024T09:26:17 - [TEST_STEP][PASSED] - for ([planFact = 1, planFact < 3, (planFact++)]): Object: 'Object Repository/Выполнение бизнес-плана/Кнопка Факт' is clicked on

15-11-2024T09:26:17 - [TEST_STEP][PASSED] - if (planFact == 1): null

15-11-2024T09:26:17 - [TEST_STEP][PASSED] - typeOfDataMain = "Факт": null

15-11-2024T09:26:17 - [TEST_STEP][PASSED] - otpusk = findTestData("PlanFact").getValue(5, a): null

15-11-2024T09:26:17 - [TEST_STEP][PASSED] - poteri = findTestData("PlanFact").getValue(6, a): null

15-11-2024T09:26:17 - [TEST_STEP][PASSED] - otpusk = otpusk.replaceAll("\s+", ""): null

15-11-2024T09:26:17 - [TEST_STEP][PASSED] - poteri = poteri.replaceAll("\s+", ""): null

15-11-2024T09:26:17 - [TEST_STEP][PASSED] - typeOfData = typeOfDataMain + " Отпуск в сеть": null

15-11-2024T09:26:17 - [TEST_STEP][PASSED] - if (a == 82): null

15-11-2024T09:26:17 - [TEST_STEP][PASSED] - else if (a == 84): null

15-11-2024T09:26:17 - [TEST_STEP][PASSED] - else if (a == 52 || a == 72 || a == 28 || a == 73 || a == 77 || a == 74 || a == 65 || a == 36 || a == 44 || a == 53 || a == 80 || a == 54 || a == 1 || a == 18 || a == 59 || a == 81): null

15-11-2024T09:26:17 - [TEST_STEP][PASSED] - else: null

15-11-2024T09:26:17 - [TEST_STEP][PASSED] - path = dataFolder + typeOfData + " за отчётный период " + b: null

15-11-2024T09:26:17 - [TEST_STEP][PASSED] - println(path): null

15-11-2024T09:26:17 - [TEST_STEP][PASSED] - page = getText(findTestObject(path)): Text of object 'Object Repository/Выполнение бизнес-плана/Значения со страницы Выполнение бизнес-плана/Факт Отпуск в сеть за отчётный период Брянскэнерго' is: '2 679 742'

15-11-2024T09:26:17 - [MESSAGE][PASSED] - Text of object 'Object Repository/Выполнение бизнес-плана/Значения со страницы Выполнение бизнес-плана/Факт Отпуск в сеть за отчётный период Брянскэнерго' is: '2 679 742'

15-11-2024T09:26:17 - [TEST_STEP][PASSED] - page = page.replaceAll("\s+", ""): null

15-11-2024T09:26:17 - [TEST_STEP][PASSED] - fileOtpuskVSet = otpusk.toInteger(): null

15-11-2024T09:26:17 - [TEST_STEP][PASSED] - pageOtpuskVSet = page.toInteger(): null

15-11-2024T09:26:17 - [TEST_STEP][PASSED] - typeOfData = typeOfDataMain + " Потери": null

15-11-2024T09:26:17 - [TEST_STEP][PASSED] - if (a == 82): null

15-11-2024T09:26:17 - [TEST_STEP][PASSED] - else if (a == 84): null

15-11-2024T09:26:17 - [TEST_STEP][PASSED] - else if (a == 52 || a == 72 || a == 28 || a == 73 || a == 77 || a == 74 || a == 65 || a == 36 || a == 44 || a == 53 || a == 80 || a == 54 || a == 1 || a == 18 || a == 59 || a == 81): null

15-11-2024T09:26:17 - [TEST_STEP][PASSED] - else: null

15-11-2024T09:26:17 - [TEST_STEP][PASSED] - path = dataFolder + typeOfData + " за отчётный период " + b: null

15-11-2024T09:26:17 - [TEST_STEP][PASSED] - page = getText(findTestObject(path)): Text of object 'Object Repository/Выполнение бизнес-плана/Значения со страницы Выполнение бизнес-плана/Факт Потери за отчётный период Брянскэнерго' is: '133 373'

15-11-2024T09:26:17 - [MESSAGE][PASSED] - Text of object 'Object Repository/Выполнение бизнес-плана/Значения со страницы Выполнение бизнес-плана/Факт Потери за отчётный период Брянскэнерго' is: '133 373'

15-11-2024T09:26:17 - [TEST_STEP][PASSED] - page = page.replaceAll("\s+", ""): null

15-11-2024T09:26:17 - [TEST_STEP][PASSED] - filePoteri = poteri.toInteger(): null

15-11-2024T09:26:17 - [TEST_STEP][PASSED] - pagePoteri = page.toInteger(): null

15-11-2024T09:26:17 - [TEST_STEP][PASSED] - compare = pageOtpuskVSet: null

15-11-2024T09:26:17 - [TEST_STEP][PASSED] - if (compare == fileOtpuskVSet): null

15-11-2024T09:26:17 - [TEST_STEP][PASSED] - if (compare == fileOtpuskVSet): null

15-11-2024T09:26:17 - [TEST_STEP][PASSED] - compare = pagePoteri: null

15-11-2024T09:26:17 - [TEST_STEP][PASSED] - if (compare == filePoteri): null

15-11-2024T09:26:17 - [TEST_STEP][PASSED] - if (compare == filePoteri): null

15-11-2024T09:26:17 - [TEST_STEP][PASSED] - if (planFact == 2): null

15-11-2024T09:26:17 - [TEST_STEP][PASSED] - if (planFact == 1): null

15-11-2024T09:26:17 - [TEST_STEP][PASSED] - else if (planFact == 2): null

15-11-2024T09:26:17 - [TEST_STEP][PASSED] - click(findTestObject("Выполнение бизнес-плана/Кнопка План")): Object: 'Object Repository/Выполнение бизнес-плана/Кнопка План' is clicked on

15-11-2024T09:26:18 - [MESSAGE][PASSED] - Object: 'Object Repository/Выполнение бизнес-плана/Кнопка План' is clicked on

15-11-2024T09:26:18 - [TEST_STEP][PASSED] - typeOfDataMain = "План": null

15-11-2024T09:26:18 - [TEST_STEP][PASSED] - otpusk = findTestData("PlanFact").getValue(2, a): null

15-11-2024T09:26:18 - [TEST_STEP][PASSED] - poteri = findTestData("PlanFact").getValue(3, a): null

15-11-2024T09:26:18 - [TEST_STEP][PASSED] - otpusk = otpusk.replaceAll("\s+", ""): null

15-11-2024T09:26:18 - [TEST_STEP][PASSED] - poteri = poteri.replaceAll("\s+", ""): null

15-11-2024T09:26:18 - [TEST_STEP][PASSED] - typeOfData = typeOfDataMain + " Отпуск в сеть": null

15-11-2024T09:26:18 - [TEST_STEP][PASSED] - if (a == 82): null

15-11-2024T09:26:18 - [TEST_STEP][PASSED] - else if (a == 84): null

15-11-2024T09:26:18 - [TEST_STEP][PASSED] - else if (a == 52 || a == 72 || a == 28 || a == 73 || a == 77 || a == 74 || a == 65 || a == 36 || a == 44 || a == 53 || a == 80 || a == 54 || a == 1 || a == 18 || a == 59 || a == 81): null

15-11-2024T09:26:18 - [TEST_STEP][PASSED] - else: null

15-11-2024T09:26:18 - [TEST_STEP][PASSED] - path = dataFolder + typeOfData + " за отчётный период " + b: null

15-11-2024T09:26:18 - [TEST_STEP][PASSED] - println(path): null

15-11-2024T09:26:18 - [TEST_STEP][PASSED] - page = getText(findTestObject(path)): Text of object 'Object Repository/Выполнение бизнес-плана/Значения со страницы Выполнение бизнес-плана/План Отпуск в сеть за отчётный период Брянскэнерго' is: '2 648 295'

15-11-2024T09:26:18 - [MESSAGE][PASSED] - Text of object 'Object Repository/Выполнение бизнес-плана/Значения со страницы Выполнение бизнес-плана/План Отпуск в сеть за отчётный период Брянскэнерго' is: '2 648 295'

15-11-2024T09:26:18 - [TEST_STEP][PASSED] - page = page.replaceAll("\s+", ""): null

15-11-2024T09:26:18 - [TEST_STEP][PASSED] - fileOtpuskVSet = otpusk.toInteger(): null

15-11-2024T09:26:18 - [TEST_STEP][PASSED] - pageOtpuskVSet = page.toInteger(): null

15-11-2024T09:26:18 - [TEST_STEP][PASSED] - typeOfData = typeOfDataMain + " Потери": null

15-11-2024T09:26:18 - [TEST_STEP][PASSED] - if (a == 82): null

15-11-2024T09:26:18 - [TEST_STEP][PASSED] - else if (a == 84): null

15-11-2024T09:26:18 - [TEST_STEP][PASSED] - else if (a == 52 || a == 72 || a == 28 || a == 73 || a == 77 || a == 74 || a == 65 || a == 36 || a == 44 || a == 53 || a == 80 || a == 54 || a == 1 || a == 18 || a == 59 || a == 81): null

15-11-2024T09:26:18 - [TEST_STEP][PASSED] - else: null

15-11-2024T09:26:18 - [TEST_STEP][PASSED] - path = dataFolder + typeOfData + " за отчётный период " + b: null

15-11-2024T09:26:18 - [TEST_STEP][PASSED] - page = getText(findTestObject(path)): Text of object 'Object Repository/Выполнение бизнес-плана/Значения со страницы Выполнение бизнес-плана/План Потери за отчётный период Брянскэнерго' is: '136 726'

15-11-2024T09:26:18 - [MESSAGE][PASSED] - Text of object 'Object Repository/Выполнение бизнес-плана/Значения со страницы Выполнение бизнес-плана/План Потери за отчётный период Брянскэнерго' is: '136 726'

15-11-2024T09:26:18 - [TEST_STEP][PASSED] - page = page.replaceAll("\s+", ""): null

15-11-2024T09:26:18 - [TEST_STEP][PASSED] - filePoteri = poteri.toInteger(): null

15-11-2024T09:26:18 - [TEST_STEP][PASSED] - pagePoteri = page.toInteger(): null

15-11-2024T09:26:18 - [TEST_STEP][PASSED] - compare = pageOtpuskVSet: null

15-11-2024T09:26:18 - [TEST_STEP][PASSED] - if (compare == fileOtpuskVSet): null

15-11-2024T09:26:18 - [TEST_STEP][PASSED] - else if (compare > fileOtpuskVSet): null

15-11-2024T09:26:18 - [TEST_STEP][PASSED] - compare = compare - 1: null

15-11-2024T09:26:18 - [TEST_STEP][PASSED] - if (compare == fileOtpuskVSet): null

15-11-2024T09:26:18 - [TEST_STEP][PASSED] - compare = pagePoteri: null

15-11-2024T09:26:18 - [TEST_STEP][PASSED] - if (compare == filePoteri): null

15-11-2024T09:26:18 - [TEST_STEP][PASSED] - if (compare == filePoteri): null

15-11-2024T09:26:18 - [TEST_STEP][PASSED] - if (planFact == 2): Object: 'Object Repository/Выполнение бизнес-плана/Кнопка Факт' is clicked on

15-11-2024T09:26:18 - [TEST_STEP][PASSED] - click(findTestObject("Выполнение бизнес-плана/Кнопка Факт")): Object: 'Object Repository/Выполнение бизнес-плана/Кнопка Факт' is clicked on

15-11-2024T09:26:19 - [MESSAGE][PASSED] - Object: 'Object Repository/Выполнение бизнес-плана/Кнопка Факт' is clicked on

15-11-2024T09:26:19 - [TEST_STEP][PASSED] - if (a == 84 || a == 82): null

15-11-2024T09:26:19 - [TEST_STEP][PASSED] - else if (a == 52 || a == 72 || a == 28 || a == 73 || a == 77 || a == 74 || a == 65 || a == 36 || a == 44 || a == 53 || a == 80 || a == 54 || a == 1 || a == 18 || a == 59 || a == 81): null

15-11-2024T09:26:19 - [TEST_STEP][PASSED] - else: null

15-11-2024T09:26:19 - [TEST_STEP][PASSED] - page1 = getText(findTestObject("Object Repository/Выполнение бизнес-плана/spanPlan" + filialNum)): Text of object 'Object Repository/Выполнение бизнес-плана/spanPlan5' is: '5.16
|'

15-11-2024T09:26:19 - [MESSAGE][PASSED] - Text of object 'Object Repository/Выполнение бизнес-плана/spanPlan5' is: '5.16
|'

15-11-2024T09:26:19 - [TEST_STEP][PASSED] - page1 = page1.replace("|", ""): null

15-11-2024T09:26:19 - [TEST_STEP][PASSED] - page2 = getText(findTestObject("Object Repository/Выполнение бизнес-плана/spanFact" + filialNum)): Text of object 'Object Repository/Выполнение бизнес-плана/spanFact5' is: '4.98
|'

15-11-2024T09:26:19 - [MESSAGE][PASSED] - Text of object 'Object Repository/Выполнение бизнес-плана/spanFact5' is: '4.98
|'

15-11-2024T09:26:19 - [TEST_STEP][PASSED] - page2 = page2.replace("|", ""): null

15-11-2024T09:26:19 - [TEST_STEP][PASSED] - println("page1: " + page1): null

15-11-2024T09:26:19 - [TEST_STEP][PASSED] - println("page2: " + page2): null

15-11-2024T09:26:19 - [TEST_STEP][PASSED] - file = findTestData("PlanFact").getValue(4, a): null

15-11-2024T09:26:19 - [TEST_STEP][PASSED] - file = file.replace(",", "."): null

15-11-2024T09:26:19 - [TEST_STEP][PASSED] - println("file Plan: " + file): null

15-11-2024T09:26:19 - [TEST_STEP][PASSED] - typeOfData = "План в процентах": null

15-11-2024T09:26:19 - [TEST_STEP][PASSED] - fileDouble = file.toDouble(): null

15-11-2024T09:26:19 - [TEST_STEP][PASSED] - pageDouble = page1.toDouble(): null

15-11-2024T09:26:19 - [TEST_STEP][PASSED] - if (fileDouble != pageDouble): null

15-11-2024T09:26:19 - [TEST_STEP][PASSED] - file = findTestData("PlanFact").getValue(7, a): null

15-11-2024T09:26:19 - [TEST_STEP][PASSED] - file = file.replace(",", "."): null

15-11-2024T09:26:19 - [TEST_STEP][PASSED] - println("file Fact: " + file): null

15-11-2024T09:26:19 - [TEST_STEP][PASSED] - fileDouble = file.toDouble(): null

15-11-2024T09:26:19 - [TEST_STEP][PASSED] - typeOfData = "Факт в процентах": null

15-11-2024T09:26:19 - [TEST_STEP][PASSED] - fileDouble = file.toDouble(): null

15-11-2024T09:26:19 - [TEST_STEP][PASSED] - pageDouble = page2.toDouble(): null

15-11-2024T09:26:19 - [TEST_STEP][PASSED] - if (fileDouble != pageDouble): null

15-11-2024T09:26:19 - [TEST_STEP][PASSED] - if (verifyEqual(numberOfErrors, 0) == false): Actual object '0' and expected object '0' are equal

15-11-2024T09:26:19 - [MESSAGE][PASSED] - Actual object '0' and expected object '0' are equal

15-11-2024T09:26:19 - [TEST_STEP][PASSED] - if (a == 82): null

15-11-2024T09:26:19 - [TEST_STEP][PASSED] - dZO = "Воронежэнерго": null

15-11-2024T09:26:19 - [TEST_STEP][PASSED] - a = 4: null

15-11-2024T09:26:19 - [TEST_STEP][PASSED] - if (x2.contains(dZO)): null

15-11-2024T09:26:19 - [TEST_STEP][PASSED] - filialNum = filialNum + 1: null

15-11-2024T09:26:19 - [TEST_STEP][PASSED] - Script1718980020443.Numbers(a, typeOfData, todaysDate, pageInt, fileInt, pageDouble, fileDouble, dZO, dzoNum, filialNum): null

15-11-2024T09:26:19 - [TEST_STEP][PASSED] - println(dzoNum): null

15-11-2024T09:26:19 - [TEST_STEP][PASSED] - planFact = <not implemented yet for class: org.codehaus.groovy.ast.expr.EmptyExpression>: null

15-11-2024T09:26:19 - [TEST_STEP][PASSED] - page = <not implemented yet for class: org.codehaus.groovy.ast.expr.EmptyExpression>: null

15-11-2024T09:26:19 - [TEST_STEP][PASSED] - page1 = <not implemented yet for class: org.codehaus.groovy.ast.expr.EmptyExpression>: null

15-11-2024T09:26:19 - [TEST_STEP][PASSED] - page2 = <not implemented yet for class: org.codehaus.groovy.ast.expr.EmptyExpression>: null

15-11-2024T09:26:19 - [TEST_STEP][PASSED] - filialNumberInRow = <not implemented yet for class: org.codehaus.groovy.ast.expr.EmptyExpression>: null

15-11-2024T09:26:19 - [TEST_STEP][PASSED] - filialsDzoNames = <not implemented yet for class: org.codehaus.groovy.ast.expr.EmptyExpression>: null

15-11-2024T09:26:19 - [TEST_STEP][PASSED] - numberOfFilials = <not implemented yet for class: org.codehaus.groovy.ast.expr.EmptyExpression>: null

15-11-2024T09:26:19 - [TEST_STEP][PASSED] - numberOfSpaces = <not implemented yet for class: org.codehaus.groovy.ast.expr.EmptyExpression>: null

15-11-2024T09:26:19 - [TEST_STEP][PASSED] - file = <not implemented yet for class: org.codehaus.groovy.ast.expr.EmptyExpression>: null

15-11-2024T09:26:19 - [TEST_STEP][PASSED] - otpusk = <not implemented yet for class: org.codehaus.groovy.ast.expr.EmptyExpression>: null

15-11-2024T09:26:19 - [TEST_STEP][PASSED] - poteri = <not implemented yet for class: org.codehaus.groovy.ast.expr.EmptyExpression>: null

15-11-2024T09:26:19 - [TEST_STEP][PASSED] - dataFolder = "Выполнение бизнес-плана/Значения со страницы Выполнение бизнес-плана/": null

15-11-2024T09:26:19 - [TEST_STEP][PASSED] - path = <not implemented yet for class: org.codehaus.groovy.ast.expr.EmptyExpression>: null

15-11-2024T09:26:19 - [TEST_STEP][PASSED] - typeOfDataMain = <not implemented yet for class: org.codehaus.groovy.ast.expr.EmptyExpression>: null

15-11-2024T09:26:19 - [TEST_STEP][PASSED] - fileOtpuskVSet = <not implemented yet for class: org.codehaus.groovy.ast.expr.EmptyExpression>: null

15-11-2024T09:26:19 - [TEST_STEP][PASSED] - pageOtpuskVSet = <not implemented yet for class: org.codehaus.groovy.ast.expr.EmptyExpression>: null

15-11-2024T09:26:19 - [TEST_STEP][PASSED] - filePoteri = <not implemented yet for class: org.codehaus.groovy.ast.expr.EmptyExpression>: null

15-11-2024T09:26:19 - [TEST_STEP][PASSED] - pagePoteri = <not implemented yet for class: org.codehaus.groovy.ast.expr.EmptyExpression>: null

15-11-2024T09:26:19 - [TEST_STEP][PASSED] - compare = <not implemented yet for class: org.codehaus.groovy.ast.expr.EmptyExpression>: null

15-11-2024T09:26:19 - [TEST_STEP][PASSED] - b = <not implemented yet for class: org.codehaus.groovy.ast.expr.EmptyExpression>: null

15-11-2024T09:26:19 - [TEST_STEP][PASSED] - i = <not implemented yet for class: org.codehaus.groovy.ast.expr.EmptyExpression>: null

15-11-2024T09:26:19 - [TEST_STEP][PASSED] - ii = <not implemented yet for class: org.codehaus.groovy.ast.expr.EmptyExpression>: null

15-11-2024T09:26:19 - [TEST_STEP][PASSED] - c = <not implemented yet for class: org.codehaus.groovy.ast.expr.EmptyExpression>: null

15-11-2024T09:26:19 - [TEST_STEP][PASSED] - numberOfErrors = 0: null

15-11-2024T09:26:19 - [TEST_STEP][PASSED] - if (a == 82): null

15-11-2024T09:26:19 - [TEST_STEP][PASSED] - b = findTestData("PlanFact").getValue(1, a): null

15-11-2024T09:26:19 - [TEST_STEP][PASSED] - i = b.indexOf(" (ГК)"): null

15-11-2024T09:26:19 - [TEST_STEP][PASSED] - if (i > -1): null

15-11-2024T09:26:19 - [TEST_STEP][PASSED] - i = b.indexOf("О ""): null

15-11-2024T09:26:19 - [TEST_STEP][PASSED] - if (i > -1): null

15-11-2024T09:26:19 - [TEST_STEP][PASSED] - i = b.indexOf("О «"): null

15-11-2024T09:26:19 - [TEST_STEP][PASSED] - if (i > -1): null

15-11-2024T09:26:20 - [TEST_STEP][PASSED] - i = b.indexOf("г. "): null

15-11-2024T09:26:20 - [TEST_STEP][PASSED] - if (i > -1): null

15-11-2024T09:26:20 - [TEST_STEP][PASSED] - println(b): null

15-11-2024T09:26:20 - [TEST_STEP][PASSED] - for ([planFact = 1, planFact < 3, (planFact++)]): Object: 'Object Repository/Выполнение бизнес-плана/Кнопка Факт' is clicked on

15-11-2024T09:26:20 - [TEST_STEP][PASSED] - if (planFact == 1): null

15-11-2024T09:26:20 - [TEST_STEP][PASSED] - typeOfDataMain = "Факт": null

15-11-2024T09:26:20 - [TEST_STEP][PASSED] - otpusk = findTestData("PlanFact").getValue(5, a): null

15-11-2024T09:26:20 - [TEST_STEP][PASSED] - poteri = findTestData("PlanFact").getValue(6, a): null

15-11-2024T09:26:20 - [TEST_STEP][PASSED] - otpusk = otpusk.replaceAll("\s+", ""): null

15-11-2024T09:26:20 - [TEST_STEP][PASSED] - poteri = poteri.replaceAll("\s+", ""): null

15-11-2024T09:26:20 - [TEST_STEP][PASSED] - typeOfData = typeOfDataMain + " Отпуск в сеть": null

15-11-2024T09:26:20 - [TEST_STEP][PASSED] - if (a == 82): null

15-11-2024T09:26:20 - [TEST_STEP][PASSED] - else if (a == 84): null

15-11-2024T09:26:20 - [TEST_STEP][PASSED] - else if (a == 52 || a == 72 || a == 28 || a == 73 || a == 77 || a == 74 || a == 65 || a == 36 || a == 44 || a == 53 || a == 80 || a == 54 || a == 1 || a == 18 || a == 59 || a == 81): null

15-11-2024T09:26:20 - [TEST_STEP][PASSED] - else: null

15-11-2024T09:26:20 - [TEST_STEP][PASSED] - path = dataFolder + typeOfData + " за отчётный период " + b: null

15-11-2024T09:26:20 - [TEST_STEP][PASSED] - println(path): null

15-11-2024T09:26:20 - [TEST_STEP][PASSED] - page = getText(findTestObject(path)): Text of object 'Object Repository/Выполнение бизнес-плана/Значения со страницы Выполнение бизнес-плана/Факт Отпуск в сеть за отчётный период Воронежэнерго' is: '7 471 092'

15-11-2024T09:26:20 - [MESSAGE][PASSED] - Text of object 'Object Repository/Выполнение бизнес-плана/Значения со страницы Выполнение бизнес-плана/Факт Отпуск в сеть за отчётный период Воронежэнерго' is: '7 471 092'

15-11-2024T09:26:20 - [TEST_STEP][PASSED] - page = page.replaceAll("\s+", ""): null

15-11-2024T09:26:20 - [TEST_STEP][PASSED] - fileOtpuskVSet = otpusk.toInteger(): null

15-11-2024T09:26:20 - [TEST_STEP][PASSED] - pageOtpuskVSet = page.toInteger(): null

15-11-2024T09:26:20 - [TEST_STEP][PASSED] - typeOfData = typeOfDataMain + " Потери": null

15-11-2024T09:26:20 - [TEST_STEP][PASSED] - if (a == 82): null

15-11-2024T09:26:20 - [TEST_STEP][PASSED] - else if (a == 84): null

15-11-2024T09:26:20 - [TEST_STEP][PASSED] - else if (a == 52 || a == 72 || a == 28 || a == 73 || a == 77 || a == 74 || a == 65 || a == 36 || a == 44 || a == 53 || a == 80 || a == 54 || a == 1 || a == 18 || a == 59 || a == 81): null

15-11-2024T09:26:20 - [TEST_STEP][PASSED] - else: null

15-11-2024T09:26:20 - [TEST_STEP][PASSED] - path = dataFolder + typeOfData + " за отчётный период " + b: null

15-11-2024T09:26:20 - [TEST_STEP][PASSED] - page = getText(findTestObject(path)): Text of object 'Object Repository/Выполнение бизнес-плана/Значения со страницы Выполнение бизнес-плана/Факт Потери за отчётный период Воронежэнерго' is: '540 279'

15-11-2024T09:26:20 - [MESSAGE][PASSED] - Text of object 'Object Repository/Выполнение бизнес-плана/Значения со страницы Выполнение бизнес-плана/Факт Потери за отчётный период Воронежэнерго' is: '540 279'

15-11-2024T09:26:20 - [TEST_STEP][PASSED] - page = page.replaceAll("\s+", ""): null

15-11-2024T09:26:20 - [TEST_STEP][PASSED] - filePoteri = poteri.toInteger(): null

15-11-2024T09:26:20 - [TEST_STEP][PASSED] - pagePoteri = page.toInteger(): null

15-11-2024T09:26:20 - [TEST_STEP][PASSED] - compare = pageOtpuskVSet: null

15-11-2024T09:26:20 - [TEST_STEP][PASSED] - if (compare == fileOtpuskVSet): null

15-11-2024T09:26:20 - [TEST_STEP][PASSED] - if (compare == fileOtpuskVSet): null

15-11-2024T09:26:20 - [TEST_STEP][PASSED] - compare = pagePoteri: null

15-11-2024T09:26:20 - [TEST_STEP][PASSED] - if (compare == filePoteri): null

15-11-2024T09:26:20 - [TEST_STEP][PASSED] - if (compare == filePoteri): null

15-11-2024T09:26:20 - [TEST_STEP][PASSED] - if (planFact == 2): null

15-11-2024T09:26:20 - [TEST_STEP][PASSED] - if (planFact == 1): null

15-11-2024T09:26:20 - [TEST_STEP][PASSED] - else if (planFact == 2): null

15-11-2024T09:26:20 - [TEST_STEP][PASSED] - click(findTestObject("Выполнение бизнес-плана/Кнопка План")): Object: 'Object Repository/Выполнение бизнес-плана/Кнопка План' is clicked on

15-11-2024T09:26:21 - [MESSAGE][PASSED] - Object: 'Object Repository/Выполнение бизнес-плана/Кнопка План' is clicked on

15-11-2024T09:26:21 - [TEST_STEP][PASSED] - typeOfDataMain = "План": null

15-11-2024T09:26:21 - [TEST_STEP][PASSED] - otpusk = findTestData("PlanFact").getValue(2, a): null

15-11-2024T09:26:21 - [TEST_STEP][PASSED] - poteri = findTestData("PlanFact").getValue(3, a): null

15-11-2024T09:26:21 - [TEST_STEP][PASSED] - otpusk = otpusk.replaceAll("\s+", ""): null

15-11-2024T09:26:21 - [TEST_STEP][PASSED] - poteri = poteri.replaceAll("\s+", ""): null

15-11-2024T09:26:21 - [TEST_STEP][PASSED] - typeOfData = typeOfDataMain + " Отпуск в сеть": null

15-11-2024T09:26:21 - [TEST_STEP][PASSED] - if (a == 82): null

15-11-2024T09:26:21 - [TEST_STEP][PASSED] - else if (a == 84): null

15-11-2024T09:26:21 - [TEST_STEP][PASSED] - else if (a == 52 || a == 72 || a == 28 || a == 73 || a == 77 || a == 74 || a == 65 || a == 36 || a == 44 || a == 53 || a == 80 || a == 54 || a == 1 || a == 18 || a == 59 || a == 81): null

15-11-2024T09:26:21 - [TEST_STEP][PASSED] - else: null

15-11-2024T09:26:21 - [TEST_STEP][PASSED] - path = dataFolder + typeOfData + " за отчётный период " + b: null

15-11-2024T09:26:21 - [TEST_STEP][PASSED] - println(path): null

15-11-2024T09:26:21 - [TEST_STEP][PASSED] - page = getText(findTestObject(path)): Text of object 'Object Repository/Выполнение бизнес-плана/Значения со страницы Выполнение бизнес-плана/План Отпуск в сеть за отчётный период Воронежэнерго' is: '7 229 505'

15-11-2024T09:26:21 - [MESSAGE][PASSED] - Text of object 'Object Repository/Выполнение бизнес-плана/Значения со страницы Выполнение бизнес-плана/План Отпуск в сеть за отчётный период Воронежэнерго' is: '7 229 505'

15-11-2024T09:26:21 - [TEST_STEP][PASSED] - page = page.replaceAll("\s+", ""): null

15-11-2024T09:26:21 - [TEST_STEP][PASSED] - fileOtpuskVSet = otpusk.toInteger(): null

15-11-2024T09:26:21 - [TEST_STEP][PASSED] - pageOtpuskVSet = page.toInteger(): null

15-11-2024T09:26:21 - [TEST_STEP][PASSED] - typeOfData = typeOfDataMain + " Потери": null

15-11-2024T09:26:21 - [TEST_STEP][PASSED] - if (a == 82): null

15-11-2024T09:26:21 - [TEST_STEP][PASSED] - else if (a == 84): null

15-11-2024T09:26:21 - [TEST_STEP][PASSED] - else if (a == 52 || a == 72 || a == 28 || a == 73 || a == 77 || a == 74 || a == 65 || a == 36 || a == 44 || a == 53 || a == 80 || a == 54 || a == 1 || a == 18 || a == 59 || a == 81): null

15-11-2024T09:26:21 - [TEST_STEP][PASSED] - else: null

15-11-2024T09:26:21 - [TEST_STEP][PASSED] - path = dataFolder + typeOfData + " за отчётный период " + b: null

15-11-2024T09:26:21 - [TEST_STEP][PASSED] - page = getText(findTestObject(path)): Text of object 'Object Repository/Выполнение бизнес-плана/Значения со страницы Выполнение бизнес-плана/План Потери за отчётный период Воронежэнерго' is: '555 290'

15-11-2024T09:26:21 - [MESSAGE][PASSED] - Text of object 'Object Repository/Выполнение бизнес-плана/Значения со страницы Выполнение бизнес-плана/План Потери за отчётный период Воронежэнерго' is: '555 290'

15-11-2024T09:26:21 - [TEST_STEP][PASSED] - page = page.replaceAll("\s+", ""): null

15-11-2024T09:26:21 - [TEST_STEP][PASSED] - filePoteri = poteri.toInteger(): null

15-11-2024T09:26:21 - [TEST_STEP][PASSED] - pagePoteri = page.toInteger(): null

15-11-2024T09:26:21 - [TEST_STEP][PASSED] - compare = pageOtpuskVSet: null

15-11-2024T09:26:21 - [TEST_STEP][PASSED] - if (compare == fileOtpuskVSet): null

15-11-2024T09:26:21 - [TEST_STEP][PASSED] - if (compare == fileOtpuskVSet): null

15-11-2024T09:26:21 - [TEST_STEP][PASSED] - compare = pagePoteri: null

15-11-2024T09:26:21 - [TEST_STEP][PASSED] - if (compare == filePoteri): null

15-11-2024T09:26:21 - [TEST_STEP][PASSED] - if (compare == filePoteri): null

15-11-2024T09:26:21 - [TEST_STEP][PASSED] - if (planFact == 2): Object: 'Object Repository/Выполнение бизнес-плана/Кнопка Факт' is clicked on

15-11-2024T09:26:21 - [TEST_STEP][PASSED] - click(findTestObject("Выполнение бизнес-плана/Кнопка Факт")): Object: 'Object Repository/Выполнение бизнес-плана/Кнопка Факт' is clicked on

15-11-2024T09:26:22 - [MESSAGE][PASSED] - Object: 'Object Repository/Выполнение бизнес-плана/Кнопка Факт' is clicked on

15-11-2024T09:26:22 - [TEST_STEP][PASSED] - if (a == 84 || a == 82): null

15-11-2024T09:26:22 - [TEST_STEP][PASSED] - else if (a == 52 || a == 72 || a == 28 || a == 73 || a == 77 || a == 74 || a == 65 || a == 36 || a == 44 || a == 53 || a == 80 || a == 54 || a == 1 || a == 18 || a == 59 || a == 81): null

15-11-2024T09:26:22 - [TEST_STEP][PASSED] - else: null

15-11-2024T09:26:22 - [TEST_STEP][PASSED] - page1 = getText(findTestObject("Object Repository/Выполнение бизнес-плана/spanPlan" + filialNum)): Text of object 'Object Repository/Выполнение бизнес-плана/spanPlan6' is: '7.68
|'

15-11-2024T09:26:22 - [MESSAGE][PASSED] - Text of object 'Object Repository/Выполнение бизнес-плана/spanPlan6' is: '7.68
|'

15-11-2024T09:26:22 - [TEST_STEP][PASSED] - page1 = page1.replace("|", ""): null

15-11-2024T09:26:22 - [TEST_STEP][PASSED] - page2 = getText(findTestObject("Object Repository/Выполнение бизнес-плана/spanFact" + filialNum)): Text of object 'Object Repository/Выполнение бизнес-плана/spanFact6' is: '7.23
|'

15-11-2024T09:26:22 - [MESSAGE][PASSED] - Text of object 'Object Repository/Выполнение бизнес-плана/spanFact6' is: '7.23
|'

15-11-2024T09:26:22 - [TEST_STEP][PASSED] - page2 = page2.replace("|", ""): null

15-11-2024T09:26:22 - [TEST_STEP][PASSED] - println("page1: " + page1): null

15-11-2024T09:26:22 - [TEST_STEP][PASSED] - println("page2: " + page2): null

15-11-2024T09:26:22 - [TEST_STEP][PASSED] - file = findTestData("PlanFact").getValue(4, a): null

15-11-2024T09:26:22 - [TEST_STEP][PASSED] - file = file.replace(",", "."): null

15-11-2024T09:26:22 - [TEST_STEP][PASSED] - println("file Plan: " + file): null

15-11-2024T09:26:22 - [TEST_STEP][PASSED] - typeOfData = "План в процентах": null

15-11-2024T09:26:22 - [TEST_STEP][PASSED] - fileDouble = file.toDouble(): null

15-11-2024T09:26:22 - [TEST_STEP][PASSED] - pageDouble = page1.toDouble(): null

15-11-2024T09:26:22 - [TEST_STEP][PASSED] - if (fileDouble != pageDouble): null

15-11-2024T09:26:22 - [TEST_STEP][PASSED] - file = findTestData("PlanFact").getValue(7, a): null

15-11-2024T09:26:22 - [TEST_STEP][PASSED] - file = file.replace(",", "."): null

15-11-2024T09:26:22 - [TEST_STEP][PASSED] - println("file Fact: " + file): null

15-11-2024T09:26:22 - [TEST_STEP][PASSED] - fileDouble = file.toDouble(): null

15-11-2024T09:26:22 - [TEST_STEP][PASSED] - typeOfData = "Факт в процентах": null

15-11-2024T09:26:22 - [TEST_STEP][PASSED] - fileDouble = file.toDouble(): null

15-11-2024T09:26:22 - [TEST_STEP][PASSED] - pageDouble = page2.toDouble(): null

15-11-2024T09:26:22 - [TEST_STEP][PASSED] - if (fileDouble != pageDouble): null

15-11-2024T09:26:22 - [TEST_STEP][PASSED] - if (verifyEqual(numberOfErrors, 0) == false): Actual object '0' and expected object '0' are equal

15-11-2024T09:26:22 - [MESSAGE][PASSED] - Actual object '0' and expected object '0' are equal

15-11-2024T09:26:22 - [TEST_STEP][PASSED] - if (a == 82): null

15-11-2024T09:26:22 - [TEST_STEP][PASSED] - dZO = "Костромаэнерго": null

15-11-2024T09:26:22 - [TEST_STEP][PASSED] - a = 5: null

15-11-2024T09:26:22 - [TEST_STEP][PASSED] - if (x2.contains(dZO)): null

15-11-2024T09:26:22 - [TEST_STEP][PASSED] - filialNum = filialNum + 1: null

15-11-2024T09:26:22 - [TEST_STEP][PASSED] - Script1718980020443.Numbers(a, typeOfData, todaysDate, pageInt, fileInt, pageDouble, fileDouble, dZO, dzoNum, filialNum): null

15-11-2024T09:26:22 - [TEST_STEP][PASSED] - println(dzoNum): null

15-11-2024T09:26:22 - [TEST_STEP][PASSED] - planFact = <not implemented yet for class: org.codehaus.groovy.ast.expr.EmptyExpression>: null

15-11-2024T09:26:22 - [TEST_STEP][PASSED] - page = <not implemented yet for class: org.codehaus.groovy.ast.expr.EmptyExpression>: null

15-11-2024T09:26:22 - [TEST_STEP][PASSED] - page1 = <not implemented yet for class: org.codehaus.groovy.ast.expr.EmptyExpression>: null

15-11-2024T09:26:22 - [TEST_STEP][PASSED] - page2 = <not implemented yet for class: org.codehaus.groovy.ast.expr.EmptyExpression>: null

15-11-2024T09:26:22 - [TEST_STEP][PASSED] - filialNumberInRow = <not implemented yet for class: org.codehaus.groovy.ast.expr.EmptyExpression>: null

15-11-2024T09:26:22 - [TEST_STEP][PASSED] - filialsDzoNames = <not implemented yet for class: org.codehaus.groovy.ast.expr.EmptyExpression>: null

15-11-2024T09:26:22 - [TEST_STEP][PASSED] - numberOfFilials = <not implemented yet for class: org.codehaus.groovy.ast.expr.EmptyExpression>: null

15-11-2024T09:26:22 - [TEST_STEP][PASSED] - numberOfSpaces = <not implemented yet for class: org.codehaus.groovy.ast.expr.EmptyExpression>: null

15-11-2024T09:26:22 - [TEST_STEP][PASSED] - file = <not implemented yet for class: org.codehaus.groovy.ast.expr.EmptyExpression>: null

15-11-2024T09:26:22 - [TEST_STEP][PASSED] - otpusk = <not implemented yet for class: org.codehaus.groovy.ast.expr.EmptyExpression>: null

15-11-2024T09:26:22 - [TEST_STEP][PASSED] - poteri = <not implemented yet for class: org.codehaus.groovy.ast.expr.EmptyExpression>: null

15-11-2024T09:26:22 - [TEST_STEP][PASSED] - dataFolder = "Выполнение бизнес-плана/Значения со страницы Выполнение бизнес-плана/": null

15-11-2024T09:26:22 - [TEST_STEP][PASSED] - path = <not implemented yet for class: org.codehaus.groovy.ast.expr.EmptyExpression>: null

15-11-2024T09:26:22 - [TEST_STEP][PASSED] - typeOfDataMain = <not implemented yet for class: org.codehaus.groovy.ast.expr.EmptyExpression>: null

15-11-2024T09:26:22 - [TEST_STEP][PASSED] - fileOtpuskVSet = <not implemented yet for class: org.codehaus.groovy.ast.expr.EmptyExpression>: null

15-11-2024T09:26:22 - [TEST_STEP][PASSED] - pageOtpuskVSet = <not implemented yet for class: org.codehaus.groovy.ast.expr.EmptyExpression>: null

15-11-2024T09:26:22 - [TEST_STEP][PASSED] - filePoteri = <not implemented yet for class: org.codehaus.groovy.ast.expr.EmptyExpression>: null

15-11-2024T09:26:22 - [TEST_STEP][PASSED] - pagePoteri = <not implemented yet for class: org.codehaus.groovy.ast.expr.EmptyExpression>: null

15-11-2024T09:26:22 - [TEST_STEP][PASSED] - compare = <not implemented yet for class: org.codehaus.groovy.ast.expr.EmptyExpression>: null

15-11-2024T09:26:22 - [TEST_STEP][PASSED] - b = <not implemented yet for class: org.codehaus.groovy.ast.expr.EmptyExpression>: null

15-11-2024T09:26:22 - [TEST_STEP][PASSED] - i = <not implemented yet for class: org.codehaus.groovy.ast.expr.EmptyExpression>: null

15-11-2024T09:26:22 - [TEST_STEP][PASSED] - ii = <not implemented yet for class: org.codehaus.groovy.ast.expr.EmptyExpression>: null

15-11-2024T09:26:22 - [TEST_STEP][PASSED] - c = <not implemented yet for class: org.codehaus.groovy.ast.expr.EmptyExpression>: null

15-11-2024T09:26:22 - [TEST_STEP][PASSED] - numberOfErrors = 0: null

15-11-2024T09:26:22 - [TEST_STEP][PASSED] - if (a == 82): null

15-11-2024T09:26:22 - [TEST_STEP][PASSED] - b = findTestData("PlanFact").getValue(1, a): null

15-11-2024T09:26:22 - [TEST_STEP][PASSED] - i = b.indexOf(" (ГК)"): null

15-11-2024T09:26:22 - [TEST_STEP][PASSED] - if (i > -1): null

15-11-2024T09:26:22 - [TEST_STEP][PASSED] - i = b.indexOf("О ""): null

15-11-2024T09:26:22 - [TEST_STEP][PASSED] - if (i > -1): null

15-11-2024T09:26:22 - [TEST_STEP][PASSED] - i = b.indexOf("О «"): null

15-11-2024T09:26:22 - [TEST_STEP][PASSED] - if (i > -1): null

15-11-2024T09:26:22 - [TEST_STEP][PASSED] - i = b.indexOf("г. "): null

15-11-2024T09:26:22 - [TEST_STEP][PASSED] - if (i > -1): null

15-11-2024T09:26:22 - [TEST_STEP][PASSED] - println(b): null

15-11-2024T09:26:22 - [TEST_STEP][PASSED] - for ([planFact = 1, planFact < 3, (planFact++)]): null

15-11-2024T09:26:22 - [TEST_STEP][PASSED] - if (planFact == 1): null

15-11-2024T09:26:22 - [TEST_STEP][PASSED] - typeOfDataMain = "Факт": null

15-11-2024T09:26:22 - [TEST_STEP][PASSED] - otpusk = findTestData("PlanFact").getValue(5, a): null

15-11-2024T09:26:22 - [TEST_STEP][PASSED] - poteri = findTestData("PlanFact").getValue(6, a): null

15-11-2024T09:26:22 - [TEST_STEP][PASSED] - otpusk = otpusk.replaceAll("\s+", ""): null

15-11-2024T09:26:22 - [TEST_STEP][PASSED] - poteri = poteri.replaceAll("\s+", ""): null

15-11-2024T09:26:22 - [TEST_STEP][PASSED] - typeOfData = typeOfDataMain + " Отпуск в сеть": null

15-11-2024T09:26:22 - [TEST_STEP][PASSED] - if (a == 82): null

15-11-2024T09:26:22 - [TEST_STEP][PASSED] - else if (a == 84): null

15-11-2024T09:26:22 - [TEST_STEP][PASSED] - else if (a == 52 || a == 72 || a == 28 || a == 73 || a == 77 || a == 74 || a == 65 || a == 36 || a == 44 || a == 53 || a == 80 || a == 54 || a == 1 || a == 18 || a == 59 || a == 81): null

15-11-2024T09:26:22 - [TEST_STEP][PASSED] - else: null

15-11-2024T09:26:22 - [TEST_STEP][PASSED] - path = dataFolder + typeOfData + " за отчётный период " + b: null

15-11-2024T09:26:22 - [TEST_STEP][PASSED] - println(path): null

15-11-2024T09:26:22 - [TEST_STEP][PASSED] - page = getText(findTestObject(path)): Text of object 'Object Repository/Выполнение бизнес-плана/Значения со страницы Выполнение бизнес-плана/Факт Отпуск в сеть за отчётный период Костромаэнерго' is: '2 101 668'

15-11-2024T09:26:23 - [MESSAGE][PASSED] - Text of object 'Object Repository/Выполнение бизнес-плана/Значения со страницы Выполнение бизнес-плана/Факт Отпуск в сеть за отчётный период Костромаэнерго' is: '2 101 668'

15-11-2024T09:26:23 - [TEST_STEP][PASSED] - page = page.replaceAll("\s+", ""): null

15-11-2024T09:26:23 - [TEST_STEP][PASSED] - fileOtpuskVSet = otpusk.toInteger(): null

15-11-2024T09:26:23 - [TEST_STEP][PASSED] - pageOtpuskVSet = page.toInteger(): null

15-11-2024T09:26:23 - [TEST_STEP][PASSED] - typeOfData = typeOfDataMain + " Потери": null

15-11-2024T09:26:23 - [TEST_STEP][PASSED] - if (a == 82): null

15-11-2024T09:26:23 - [TEST_STEP][PASSED] - else if (a == 84): null

15-11-2024T09:26:23 - [TEST_STEP][PASSED] - else if (a == 52 || a == 72 || a == 28 || a == 73 || a == 77 || a == 74 || a == 65 || a == 36 || a == 44 || a == 53 || a == 80 || a == 54 || a == 1 || a == 18 || a == 59 || a == 81): null

15-11-2024T09:26:23 - [TEST_STEP][PASSED] - else: null

15-11-2024T09:26:23 - [TEST_STEP][PASSED] - path = dataFolder + typeOfData + " за отчётный период " + b: null

15-11-2024T09:26:23 - [TEST_STEP][PASSED] - page = getText(findTestObject(path)): Text of object 'Object Repository/Выполнение бизнес-плана/Значения со страницы Выполнение бизнес-плана/Факт Потери за отчётный период Костромаэнерго' is: '196 726'

15-11-2024T09:26:23 - [MESSAGE][PASSED] - Text of object 'Object Repository/Выполнение бизнес-плана/Значения со страницы Выполнение бизнес-плана/Факт Потери за отчётный период Костромаэнерго' is: '196 726'

15-11-2024T09:26:23 - [TEST_STEP][PASSED] - page = page.replaceAll("\s+", ""): null

15-11-2024T09:26:23 - [TEST_STEP][PASSED] - filePoteri = poteri.toInteger(): null

15-11-2024T09:26:23 - [TEST_STEP][PASSED] - pagePoteri = page.toInteger(): null

15-11-2024T09:26:23 - [TEST_STEP][PASSED] - compare = pageOtpuskVSet: null

15-11-2024T09:26:23 - [TEST_STEP][PASSED] - if (compare == fileOtpuskVSet): null

15-11-2024T09:26:23 - [TEST_STEP][PASSED] - else if (compare > fileOtpuskVSet): null

15-11-2024T09:26:23 - [TEST_STEP][PASSED] - compare = compare - 1: null

15-11-2024T09:26:23 - [TEST_STEP][PASSED] - if (compare == fileOtpuskVSet): null

15-11-2024T09:26:23 - [TEST_STEP][PASSED] - else: null

15-11-2024T09:26:23 - [TEST_STEP][PASSED] - numberOfErrors = numberOfErrors + 1: null

15-11-2024T09:26:23 - [TEST_STEP][PASSED] - pageInt = pageOtpuskVSet: null

15-11-2024T09:26:23 - [TEST_STEP][PASSED] - fileInt = fileOtpuskVSet: null

15-11-2024T09:26:23 - [TEST_STEP][PASSED] - typeOfData = typeOfDataMain + " Отпуск в сеть": null

15-11-2024T09:26:23 - [TEST_STEP][PASSED] - Script1718980020443.WriteToExcel(a, typeOfData, todaysDate, pageInt, fileInt, pageDouble, fileDouble, dZO): null

15-11-2024T09:26:23 - [TEST_STEP][PASSED] - sheetName = "Sheet1": null

15-11-2024T09:26:23 - [TEST_STEP][PASSED] - data = findTestData("PlanFact"): null

15-11-2024T09:26:23 - [TEST_STEP][PASSED] - n = data.getRowNumbers() + 1: null

15-11-2024T09:26:23 - [TEST_STEP][PASSED] - year = todaysDate.substring(todaysDate.length() - 4, todaysDate.length()): null

15-11-2024T09:26:23 - [TEST_STEP][PASSED] - y = year.toInteger(): null

15-11-2024T09:26:23 - [TEST_STEP][PASSED] - m = getText(findTestObject("Выполнение бизнес-плана/Период")): Text of object 'Object Repository/Выполнение бизнес-плана/Период' is: '1, 2, 3 кв. 2024 года'

15-11-2024T09:26:23 - [MESSAGE][PASSED] - Text of object 'Object Repository/Выполнение бизнес-плана/Период' is: '1, 2, 3 кв. 2024 года'

15-11-2024T09:26:23 - [TEST_STEP][PASSED] - m = m.substring(0, m.indexOf("2024")): null

15-11-2024T09:26:23 - [TEST_STEP][PASSED] - m = m.trim(): null

15-11-2024T09:26:23 - [TEST_STEP][PASSED] - dashboardName = "Выполнение бизнес-плана": null

15-11-2024T09:26:23 - [TEST_STEP][PASSED] - workbook01 = getWorkbook(excelFilePath): null

15-11-2024T09:26:24 - [TEST_STEP][PASSED] - sheet01 = getExcelSheet(workbook01, sheetName): null

15-11-2024T09:26:24 - [TEST_STEP][PASSED] - setValueToCellByIndex(sheet01, n, 0, dashboardName): null

15-11-2024T09:26:24 - [TEST_STEP][PASSED] - setValueToCellByIndex(sheet01, n, 1, dZO): null

15-11-2024T09:26:24 - [TEST_STEP][PASSED] - setValueToCellByIndex(sheet01, n, 2, typeOfData): null

15-11-2024T09:26:24 - [TEST_STEP][PASSED] - if (typeOfData == "Факт в процентах" || typeOfData == "План в процентах"): null

15-11-2024T09:26:24 - [TEST_STEP][PASSED] - else: null

15-11-2024T09:26:24 - [TEST_STEP][PASSED] - setValueToCellByIndex(sheet01, n, 3, fileInt): null

15-11-2024T09:26:24 - [TEST_STEP][PASSED] - setValueToCellByIndex(sheet01, n, 4, pageInt): null

15-11-2024T09:26:24 - [TEST_STEP][PASSED] - setValueToCellByIndex(sheet01, n, 5, m): null

15-11-2024T09:26:24 - [TEST_STEP][PASSED] - setValueToCellByIndex(sheet01, n, 6, y): null

15-11-2024T09:26:24 - [TEST_STEP][PASSED] - setValueToCellByIndex(sheet01, n, 7, todaysDate): null

15-11-2024T09:26:24 - [TEST_STEP][PASSED] - n = n + 1: null

15-11-2024T09:26:24 - [TEST_STEP][PASSED] - saveWorkbook(excelFilePath, workbook01): null

15-11-2024T09:26:24 - [TEST_STEP][PASSED] - compare = pagePoteri: null

15-11-2024T09:26:24 - [TEST_STEP][PASSED] - if (compare == filePoteri): null

15-11-2024T09:26:24 - [TEST_STEP][PASSED] - else if (compare > filePoteri): null

15-11-2024T09:26:24 - [TEST_STEP][PASSED] - compare = compare - 1: null

15-11-2024T09:26:24 - [TEST_STEP][PASSED] - if (compare == filePoteri): null

15-11-2024T09:26:24 - [TEST_STEP][PASSED] - else: null

15-11-2024T09:26:24 - [TEST_STEP][PASSED] - numberOfErrors = numberOfErrors + 1: null

15-11-2024T09:26:24 - [TEST_STEP][PASSED] - pageInt = pagePoteri: null

15-11-2024T09:26:24 - [TEST_STEP][PASSED] - fileInt = filePoteri: null

15-11-2024T09:26:24 - [TEST_STEP][PASSED] - typeOfData = typeOfDataMain + " Потери": null

15-11-2024T09:26:24 - [TEST_STEP][PASSED] - Script1718980020443.WriteToExcel(a, typeOfData, todaysDate, pageInt, fileInt, pageDouble, fileDouble, dZO): null

15-11-2024T09:26:24 - [TEST_STEP][PASSED] - sheetName = "Sheet1": null

15-11-2024T09:26:24 - [TEST_STEP][PASSED] - data = findTestData("PlanFact"): null

15-11-2024T09:26:24 - [TEST_STEP][PASSED] - n = data.getRowNumbers() + 1: null

15-11-2024T09:26:24 - [TEST_STEP][PASSED] - year = todaysDate.substring(todaysDate.length() - 4, todaysDate.length()): null

15-11-2024T09:26:24 - [TEST_STEP][PASSED] - y = year.toInteger(): null

15-11-2024T09:26:24 - [TEST_STEP][PASSED] - m = getText(findTestObject("Выполнение бизнес-плана/Период")): Text of object 'Object Repository/Выполнение бизнес-плана/Период' is: '1, 2, 3 кв. 2024 года'

15-11-2024T09:26:24 - [MESSAGE][PASSED] - Text of object 'Object Repository/Выполнение бизнес-плана/Период' is: '1, 2, 3 кв. 2024 года'

15-11-2024T09:26:24 - [TEST_STEP][PASSED] - m = m.substring(0, m.indexOf("2024")): null

15-11-2024T09:26:24 - [TEST_STEP][PASSED] - m = m.trim(): null

15-11-2024T09:26:24 - [TEST_STEP][PASSED] - dashboardName = "Выполнение бизнес-плана": null

15-11-2024T09:26:24 - [TEST_STEP][PASSED] - workbook01 = getWorkbook(excelFilePath): null

15-11-2024T09:26:24 - [TEST_STEP][PASSED] - sheet01 = getExcelSheet(workbook01, sheetName): null

15-11-2024T09:26:24 - [TEST_STEP][PASSED] - setValueToCellByIndex(sheet01, n, 0, dashboardName): null

15-11-2024T09:26:24 - [TEST_STEP][PASSED] - setValueToCellByIndex(sheet01, n, 1, dZO): null

15-11-2024T09:26:24 - [TEST_STEP][PASSED] - setValueToCellByIndex(sheet01, n, 2, typeOfData): null

15-11-2024T09:26:24 - [TEST_STEP][PASSED] - if (typeOfData == "Факт в процентах" || typeOfData == "План в процентах"): null

15-11-2024T09:26:24 - [TEST_STEP][PASSED] - else: null

15-11-2024T09:26:24 - [TEST_STEP][PASSED] - setValueToCellByIndex(sheet01, n, 3, fileInt): null

15-11-2024T09:26:24 - [TEST_STEP][PASSED] - setValueToCellByIndex(sheet01, n, 4, pageInt): null

15-11-2024T09:26:24 - [TEST_STEP][PASSED] - setValueToCellByIndex(sheet01, n, 5, m): null

15-11-2024T09:26:24 - [TEST_STEP][PASSED] - setValueToCellByIndex(sheet01, n, 6, y): null

15-11-2024T09:26:24 - [TEST_STEP][PASSED] - setValueToCellByIndex(sheet01, n, 7, todaysDate): null

15-11-2024T09:26:24 - [TEST_STEP][PASSED] - n = n + 1: null

15-11-2024T09:26:24 - [TEST_STEP][PASSED] - saveWorkbook(excelFilePath, workbook01): null

15-11-2024T09:26:24 - [TEST_STEP][PASSED] - if (planFact == 2): null

15-11-2024T09:26:24 - [TEST_STEP][PASSED] - if (planFact == 1): null

15-11-2024T09:26:24 - [TEST_STEP][PASSED] - else if (planFact == 2): null

15-11-2024T09:26:24 - [TEST_STEP][PASSED] - click(findTestObject("Выполнение бизнес-плана/Кнопка План")): Object: 'Object Repository/Выполнение бизнес-плана/Кнопка План' is clicked on

15-11-2024T09:26:25 - [MESSAGE][PASSED] - Object: 'Object Repository/Выполнение бизнес-плана/Кнопка План' is clicked on

15-11-2024T09:26:25 - [TEST_STEP][PASSED] - typeOfDataMain = "План": null

15-11-2024T09:26:25 - [TEST_STEP][PASSED] - otpusk = findTestData("PlanFact").getValue(2, a): null

15-11-2024T09:26:25 - [TEST_STEP][PASSED] - poteri = findTestData("PlanFact").getValue(3, a): null

15-11-2024T09:26:25 - [TEST_STEP][PASSED] - otpusk = otpusk.replaceAll("\s+", ""): null

15-11-2024T09:26:25 - [TEST_STEP][PASSED] - poteri = poteri.replaceAll("\s+", ""): null

15-11-2024T09:26:25 - [TEST_STEP][PASSED] - typeOfData = typeOfDataMain + " Отпуск в сеть": null

15-11-2024T09:26:25 - [TEST_STEP][PASSED] - if (a == 82): null

15-11-2024T09:26:25 - [TEST_STEP][PASSED] - else if (a == 84): null

15-11-2024T09:26:25 - [TEST_STEP][PASSED] - else if (a == 52 || a == 72 || a == 28 || a == 73 || a == 77 || a == 74 || a == 65 || a == 36 || a == 44 || a == 53 || a == 80 || a == 54 || a == 1 || a == 18 || a == 59 || a == 81): null

15-11-2024T09:26:25 - [TEST_STEP][PASSED] - else: null

15-11-2024T09:26:25 - [TEST_STEP][PASSED] - path = dataFolder + typeOfData + " за отчётный период " + b: null

15-11-2024T09:26:25 - [TEST_STEP][PASSED] - println(path): null

15-11-2024T09:26:25 - [TEST_STEP][PASSED] - page = getText(findTestObject(path)): Text of object 'Object Repository/Выполнение бизнес-плана/Значения со страницы Выполнение бизнес-плана/План Отпуск в сеть за отчётный период Костромаэнерго' is: '2 068 166'

15-11-2024T09:26:25 - [MESSAGE][PASSED] - Text of object 'Object Repository/Выполнение бизнес-плана/Значения со страницы Выполнение бизнес-плана/План Отпуск в сеть за отчётный период Костромаэнерго' is: '2 068 166'

15-11-2024T09:26:25 - [TEST_STEP][PASSED] - page = page.replaceAll("\s+", ""): null

15-11-2024T09:26:25 - [TEST_STEP][PASSED] - fileOtpuskVSet = otpusk.toInteger(): null

15-11-2024T09:26:25 - [TEST_STEP][PASSED] - pageOtpuskVSet = page.toInteger(): null

15-11-2024T09:26:25 - [TEST_STEP][PASSED] - typeOfData = typeOfDataMain + " Потери": null

15-11-2024T09:26:25 - [TEST_STEP][PASSED] - if (a == 82): null

15-11-2024T09:26:25 - [TEST_STEP][PASSED] - else if (a == 84): null

15-11-2024T09:26:25 - [TEST_STEP][PASSED] - else if (a == 52 || a == 72 || a == 28 || a == 73 || a == 77 || a == 74 || a == 65 || a == 36 || a == 44 || a == 53 || a == 80 || a == 54 || a == 1 || a == 18 || a == 59 || a == 81): null

15-11-2024T09:26:25 - [TEST_STEP][PASSED] - else: null

15-11-2024T09:26:25 - [TEST_STEP][PASSED] - path = dataFolder + typeOfData + " за отчётный период " + b: null

15-11-2024T09:26:25 - [TEST_STEP][PASSED] - page = getText(findTestObject(path)): Text of object 'Object Repository/Выполнение бизнес-плана/Значения со страницы Выполнение бизнес-плана/План Потери за отчётный период Костромаэнерго' is: '193 363'

15-11-2024T09:26:25 - [MESSAGE][PASSED] - Text of object 'Object Repository/Выполнение бизнес-плана/Значения со страницы Выполнение бизнес-плана/План Потери за отчётный период Костромаэнерго' is: '193 363'

15-11-2024T09:26:25 - [TEST_STEP][PASSED] - page = page.replaceAll("\s+", ""): null

15-11-2024T09:26:25 - [TEST_STEP][PASSED] - filePoteri = poteri.toInteger(): null

15-11-2024T09:26:25 - [TEST_STEP][PASSED] - pagePoteri = page.toInteger(): null

15-11-2024T09:26:25 - [TEST_STEP][PASSED] - compare = pageOtpuskVSet: null

15-11-2024T09:26:25 - [TEST_STEP][PASSED] - if (compare == fileOtpuskVSet): null

15-11-2024T09:26:25 - [TEST_STEP][PASSED] - else if (compare > fileOtpuskVSet): null

15-11-2024T09:26:25 - [TEST_STEP][PASSED] - compare = compare - 1: null

15-11-2024T09:26:25 - [TEST_STEP][PASSED] - if (compare == fileOtpuskVSet): null

15-11-2024T09:26:25 - [TEST_STEP][PASSED] - else: null

15-11-2024T09:26:25 - [TEST_STEP][PASSED] - numberOfErrors = numberOfErrors + 1: null

15-11-2024T09:26:25 - [TEST_STEP][PASSED] - pageInt = pageOtpuskVSet: null

15-11-2024T09:26:25 - [TEST_STEP][PASSED] - fileInt = fileOtpuskVSet: null

15-11-2024T09:26:25 - [TEST_STEP][PASSED] - typeOfData = typeOfDataMain + " Отпуск в сеть": null

15-11-2024T09:26:25 - [TEST_STEP][PASSED] - Script1718980020443.WriteToExcel(a, typeOfData, todaysDate, pageInt, fileInt, pageDouble, fileDouble, dZO): null

15-11-2024T09:26:25 - [TEST_STEP][PASSED] - sheetName = "Sheet1": null

15-11-2024T09:26:25 - [TEST_STEP][PASSED] - data = findTestData("PlanFact"): null

15-11-2024T09:26:26 - [TEST_STEP][PASSED] - n = data.getRowNumbers() + 1: null

15-11-2024T09:26:26 - [TEST_STEP][PASSED] - year = todaysDate.substring(todaysDate.length() - 4, todaysDate.length()): null

15-11-2024T09:26:26 - [TEST_STEP][PASSED] - y = year.toInteger(): null

15-11-2024T09:26:26 - [TEST_STEP][PASSED] - m = getText(findTestObject("Выполнение бизнес-плана/Период")): Text of object 'Object Repository/Выполнение бизнес-плана/Период' is: '1, 2, 3 кв. 2024 года'

15-11-2024T09:26:26 - [MESSAGE][PASSED] - Text of object 'Object Repository/Выполнение бизнес-плана/Период' is: '1, 2, 3 кв. 2024 года'

15-11-2024T09:26:26 - [TEST_STEP][PASSED] - m = m.substring(0, m.indexOf("2024")): null

15-11-2024T09:26:26 - [TEST_STEP][PASSED] - m = m.trim(): null

15-11-2024T09:26:26 - [TEST_STEP][PASSED] - dashboardName = "Выполнение бизнес-плана": null

15-11-2024T09:26:26 - [TEST_STEP][PASSED] - workbook01 = getWorkbook(excelFilePath): null

15-11-2024T09:26:26 - [TEST_STEP][PASSED] - sheet01 = getExcelSheet(workbook01, sheetName): null

15-11-2024T09:26:26 - [TEST_STEP][PASSED] - setValueToCellByIndex(sheet01, n, 0, dashboardName): null

15-11-2024T09:26:26 - [TEST_STEP][PASSED] - setValueToCellByIndex(sheet01, n, 1, dZO): null

15-11-2024T09:26:26 - [TEST_STEP][PASSED] - setValueToCellByIndex(sheet01, n, 2, typeOfData): null

15-11-2024T09:26:26 - [TEST_STEP][PASSED] - if (typeOfData == "Факт в процентах" || typeOfData == "План в процентах"): null

15-11-2024T09:26:26 - [TEST_STEP][PASSED] - else: null

15-11-2024T09:26:26 - [TEST_STEP][PASSED] - setValueToCellByIndex(sheet01, n, 3, fileInt): null

15-11-2024T09:26:26 - [TEST_STEP][PASSED] - setValueToCellByIndex(sheet01, n, 4, pageInt): null

15-11-2024T09:26:26 - [TEST_STEP][PASSED] - setValueToCellByIndex(sheet01, n, 5, m): null

15-11-2024T09:26:26 - [TEST_STEP][PASSED] - setValueToCellByIndex(sheet01, n, 6, y): null

15-11-2024T09:26:26 - [TEST_STEP][PASSED] - setValueToCellByIndex(sheet01, n, 7, todaysDate): null

15-11-2024T09:26:26 - [TEST_STEP][PASSED] - n = n + 1: null

15-11-2024T09:26:26 - [TEST_STEP][PASSED] - saveWorkbook(excelFilePath, workbook01): null

15-11-2024T09:26:26 - [TEST_STEP][PASSED] - compare = pagePoteri: null

15-11-2024T09:26:26 - [TEST_STEP][PASSED] - if (compare == filePoteri): null

15-11-2024T09:26:26 - [TEST_STEP][PASSED] - else if (compare > filePoteri): null

15-11-2024T09:26:26 - [TEST_STEP][PASSED] - compare = compare - 1: null

15-11-2024T09:26:26 - [TEST_STEP][PASSED] - if (compare == filePoteri): null

15-11-2024T09:26:26 - [TEST_STEP][PASSED] - else: null

15-11-2024T09:26:26 - [TEST_STEP][PASSED] - numberOfErrors = numberOfErrors + 1: null

15-11-2024T09:26:26 - [TEST_STEP][PASSED] - pageInt = pagePoteri: null

15-11-2024T09:26:26 - [TEST_STEP][PASSED] - fileInt = filePoteri: null

15-11-2024T09:26:26 - [TEST_STEP][PASSED] - typeOfData = typeOfDataMain + " Потери": null

15-11-2024T09:26:26 - [TEST_STEP][PASSED] - Script1718980020443.WriteToExcel(a, typeOfData, todaysDate, pageInt, fileInt, pageDouble, fileDouble, dZO): null

15-11-2024T09:26:26 - [TEST_STEP][PASSED] - sheetName = "Sheet1": null

15-11-2024T09:26:26 - [TEST_STEP][PASSED] - data = findTestData("PlanFact"): null

15-11-2024T09:26:26 - [TEST_STEP][PASSED] - n = data.getRowNumbers() + 1: null

15-11-2024T09:26:26 - [TEST_STEP][PASSED] - year = todaysDate.substring(todaysDate.length() - 4, todaysDate.length()): null

15-11-2024T09:26:26 - [TEST_STEP][PASSED] - y = year.toInteger(): null

15-11-2024T09:26:26 - [TEST_STEP][PASSED] - m = getText(findTestObject("Выполнение бизнес-плана/Период")): Text of object 'Object Repository/Выполнение бизнес-плана/Период' is: '1, 2, 3 кв. 2024 года'

15-11-2024T09:26:27 - [MESSAGE][PASSED] - Text of object 'Object Repository/Выполнение бизнес-плана/Период' is: '1, 2, 3 кв. 2024 года'

15-11-2024T09:26:27 - [TEST_STEP][PASSED] - m = m.substring(0, m.indexOf("2024")): null

15-11-2024T09:26:27 - [TEST_STEP][PASSED] - m = m.trim(): null

15-11-2024T09:26:27 - [TEST_STEP][PASSED] - dashboardName = "Выполнение бизнес-плана": null

15-11-2024T09:26:27 - [TEST_STEP][PASSED] - workbook01 = getWorkbook(excelFilePath): null

15-11-2024T09:26:27 - [TEST_STEP][PASSED] - sheet01 = getExcelSheet(workbook01, sheetName): null

15-11-2024T09:26:27 - [TEST_STEP][PASSED] - setValueToCellByIndex(sheet01, n, 0, dashboardName): null

15-11-2024T09:26:27 - [TEST_STEP][PASSED] - setValueToCellByIndex(sheet01, n, 1, dZO): null

15-11-2024T09:26:27 - [TEST_STEP][PASSED] - setValueToCellByIndex(sheet01, n, 2, typeOfData): null

15-11-2024T09:26:27 - [TEST_STEP][PASSED] - if (typeOfData == "Факт в процентах" || typeOfData == "План в процентах"): null

15-11-2024T09:26:27 - [TEST_STEP][PASSED] - else: null

15-11-2024T09:26:27 - [TEST_STEP][PASSED] - setValueToCellByIndex(sheet01, n, 3, fileInt): null

15-11-2024T09:26:27 - [TEST_STEP][PASSED] - setValueToCellByIndex(sheet01, n, 4, pageInt): null

15-11-2024T09:26:27 - [TEST_STEP][PASSED] - setValueToCellByIndex(sheet01, n, 5, m): null

15-11-2024T09:26:27 - [TEST_STEP][PASSED] - setValueToCellByIndex(sheet01, n, 6, y): null

15-11-2024T09:26:27 - [TEST_STEP][PASSED] - setValueToCellByIndex(sheet01, n, 7, todaysDate): null

15-11-2024T09:26:27 - [TEST_STEP][PASSED] - n = n + 1: null

15-11-2024T09:26:27 - [TEST_STEP][PASSED] - saveWorkbook(excelFilePath, workbook01): Object: 'Object Repository/Выполнение бизнес-плана/Кнопка Факт' is clicked on

15-11-2024T09:26:27 - [TEST_STEP][PASSED] - if (planFact == 2): Object: 'Object Repository/Выполнение бизнес-плана/Кнопка Факт' is clicked on

15-11-2024T09:26:27 - [TEST_STEP][PASSED] - click(findTestObject("Выполнение бизнес-плана/Кнопка Факт")): Object: 'Object Repository/Выполнение бизнес-плана/Кнопка Факт' is clicked on

15-11-2024T09:26:27 - [MESSAGE][PASSED] - Object: 'Object Repository/Выполнение бизнес-плана/Кнопка Факт' is clicked on

15-11-2024T09:26:27 - [TEST_STEP][PASSED] - if (a == 84 || a == 82): null

15-11-2024T09:26:27 - [TEST_STEP][PASSED] - else if (a == 52 || a == 72 || a == 28 || a == 73 || a == 77 || a == 74 || a == 65 || a == 36 || a == 44 || a == 53 || a == 80 || a == 54 || a == 1 || a == 18 || a == 59 || a == 81): null

15-11-2024T09:26:27 - [TEST_STEP][PASSED] - else: null

15-11-2024T09:26:27 - [TEST_STEP][PASSED] - page1 = getText(findTestObject("Object Repository/Выполнение бизнес-плана/spanPlan" + filialNum)): Text of object 'Object Repository/Выполнение бизнес-плана/spanPlan7' is: '9.35
|'

15-11-2024T09:26:27 - [MESSAGE][PASSED] - Text of object 'Object Repository/Выполнение бизнес-плана/spanPlan7' is: '9.35
|'

15-11-2024T09:26:27 - [TEST_STEP][PASSED] - page1 = page1.replace("|", ""): null

15-11-2024T09:26:27 - [TEST_STEP][PASSED] - page2 = getText(findTestObject("Object Repository/Выполнение бизнес-плана/spanFact" + filialNum)): Text of object 'Object Repository/Выполнение бизнес-плана/spanFact7' is: '9.36
|'

15-11-2024T09:26:28 - [MESSAGE][PASSED] - Text of object 'Object Repository/Выполнение бизнес-плана/spanFact7' is: '9.36
|'

15-11-2024T09:26:28 - [TEST_STEP][PASSED] - page2 = page2.replace("|", ""): null

15-11-2024T09:26:28 - [TEST_STEP][PASSED] - println("page1: " + page1): null

15-11-2024T09:26:28 - [TEST_STEP][PASSED] - println("page2: " + page2): null

15-11-2024T09:26:28 - [TEST_STEP][PASSED] - file = findTestData("PlanFact").getValue(4, a): null

15-11-2024T09:26:28 - [TEST_STEP][PASSED] - file = file.replace(",", "."): null

15-11-2024T09:26:28 - [TEST_STEP][PASSED] - println("file Plan: " + file): null

15-11-2024T09:26:28 - [TEST_STEP][PASSED] - typeOfData = "План в процентах": null

15-11-2024T09:26:28 - [TEST_STEP][PASSED] - fileDouble = file.toDouble(): null

15-11-2024T09:26:28 - [TEST_STEP][PASSED] - pageDouble = page1.toDouble(): null

15-11-2024T09:26:28 - [TEST_STEP][PASSED] - if (fileDouble != pageDouble): null

15-11-2024T09:26:28 - [TEST_STEP][PASSED] - numberOfErrors = numberOfErrors + 1: null

15-11-2024T09:26:28 - [TEST_STEP][PASSED] - Script1718980020443.WriteToExcel(a, typeOfData, todaysDate, pageInt, fileInt, pageDouble, fileDouble, dZO): null

15-11-2024T09:26:28 - [TEST_STEP][PASSED] - sheetName = "Sheet1": null

15-11-2024T09:26:28 - [TEST_STEP][PASSED] - data = findTestData("PlanFact"): null

15-11-2024T09:26:28 - [TEST_STEP][PASSED] - n = data.getRowNumbers() + 1: null

15-11-2024T09:26:28 - [TEST_STEP][PASSED] - year = todaysDate.substring(todaysDate.length() - 4, todaysDate.length()): null

15-11-2024T09:26:28 - [TEST_STEP][PASSED] - y = year.toInteger(): null

15-11-2024T09:26:28 - [TEST_STEP][PASSED] - m = getText(findTestObject("Выполнение бизнес-плана/Период")): Text of object 'Object Repository/Выполнение бизнес-плана/Период' is: '1, 2, 3 кв. 2024 года'

15-11-2024T09:26:28 - [MESSAGE][PASSED] - Text of object 'Object Repository/Выполнение бизнес-плана/Период' is: '1, 2, 3 кв. 2024 года'

15-11-2024T09:26:28 - [TEST_STEP][PASSED] - m = m.substring(0, m.indexOf("2024")): null

15-11-2024T09:26:28 - [TEST_STEP][PASSED] - m = m.trim(): null

15-11-2024T09:26:28 - [TEST_STEP][PASSED] - dashboardName = "Выполнение бизнес-плана": null

15-11-2024T09:26:28 - [TEST_STEP][PASSED] - workbook01 = getWorkbook(excelFilePath): null

15-11-2024T09:26:28 - [TEST_STEP][PASSED] - sheet01 = getExcelSheet(workbook01, sheetName): null

15-11-2024T09:26:28 - [TEST_STEP][PASSED] - setValueToCellByIndex(sheet01, n, 0, dashboardName): null

15-11-2024T09:26:28 - [TEST_STEP][PASSED] - setValueToCellByIndex(sheet01, n, 1, dZO): null

15-11-2024T09:26:28 - [TEST_STEP][PASSED] - setValueToCellByIndex(sheet01, n, 2, typeOfData): null

15-11-2024T09:26:28 - [TEST_STEP][PASSED] - if (typeOfData == "Факт в процентах" || typeOfData == "План в процентах"): null

15-11-2024T09:26:28 - [TEST_STEP][PASSED] - setValueToCellByIndex(sheet01, n, 3, fileDouble): null

15-11-2024T09:26:28 - [TEST_STEP][PASSED] - setValueToCellByIndex(sheet01, n, 4, pageDouble): null

15-11-2024T09:26:28 - [TEST_STEP][PASSED] - setValueToCellByIndex(sheet01, n, 5, m): null

15-11-2024T09:26:28 - [TEST_STEP][PASSED] - setValueToCellByIndex(sheet01, n, 6, y): null

15-11-2024T09:26:28 - [TEST_STEP][PASSED] - setValueToCellByIndex(sheet01, n, 7, todaysDate): null

15-11-2024T09:26:28 - [TEST_STEP][PASSED] - n = n + 1: null

15-11-2024T09:26:28 - [TEST_STEP][PASSED] - saveWorkbook(excelFilePath, workbook01): null

15-11-2024T09:26:29 - [TEST_STEP][PASSED] - file = findTestData("PlanFact").getValue(7, a): null

15-11-2024T09:26:29 - [TEST_STEP][PASSED] - file = file.replace(",", "."): null

15-11-2024T09:26:29 - [TEST_STEP][PASSED] - println("file Fact: " + file): null

15-11-2024T09:26:29 - [TEST_STEP][PASSED] - fileDouble = file.toDouble(): null

15-11-2024T09:26:29 - [TEST_STEP][PASSED] - typeOfData = "Факт в процентах": null

15-11-2024T09:26:29 - [TEST_STEP][PASSED] - fileDouble = file.toDouble(): null

15-11-2024T09:26:29 - [TEST_STEP][PASSED] - pageDouble = page2.toDouble(): null

15-11-2024T09:26:29 - [TEST_STEP][PASSED] - if (fileDouble != pageDouble): null

15-11-2024T09:26:29 - [TEST_STEP][PASSED] - numberOfErrors = numberOfErrors + 1: null

15-11-2024T09:26:29 - [TEST_STEP][PASSED] - Script1718980020443.WriteToExcel(a, typeOfData, todaysDate, pageInt, fileInt, pageDouble, fileDouble, dZO): null

15-11-2024T09:26:29 - [TEST_STEP][PASSED] - sheetName = "Sheet1": null

15-11-2024T09:26:29 - [TEST_STEP][PASSED] - data = findTestData("PlanFact"): null

15-11-2024T09:26:29 - [TEST_STEP][PASSED] - n = data.getRowNumbers() + 1: null

15-11-2024T09:26:29 - [TEST_STEP][PASSED] - year = todaysDate.substring(todaysDate.length() - 4, todaysDate.length()): null

15-11-2024T09:26:29 - [TEST_STEP][PASSED] - y = year.toInteger(): null

15-11-2024T09:26:29 - [TEST_STEP][PASSED] - m = getText(findTestObject("Выполнение бизнес-плана/Период")): Text of object 'Object Repository/Выполнение бизнес-плана/Период' is: '1, 2, 3 кв. 2024 года'

15-11-2024T09:26:29 - [MESSAGE][PASSED] - Text of object 'Object Repository/Выполнение бизнес-плана/Период' is: '1, 2, 3 кв. 2024 года'

15-11-2024T09:26:29 - [TEST_STEP][PASSED] - m = m.substring(0, m.indexOf("2024")): null

15-11-2024T09:26:29 - [TEST_STEP][PASSED] - m = m.trim(): null

15-11-2024T09:26:29 - [TEST_STEP][PASSED] - dashboardName = "Выполнение бизнес-плана": null

15-11-2024T09:26:29 - [TEST_STEP][PASSED] - workbook01 = getWorkbook(excelFilePath): null

15-11-2024T09:26:29 - [TEST_STEP][PASSED] - sheet01 = getExcelSheet(workbook01, sheetName): null

15-11-2024T09:26:29 - [TEST_STEP][PASSED] - setValueToCellByIndex(sheet01, n, 0, dashboardName): null

15-11-2024T09:26:29 - [TEST_STEP][PASSED] - setValueToCellByIndex(sheet01, n, 1, dZO): null

15-11-2024T09:26:29 - [TEST_STEP][PASSED] - setValueToCellByIndex(sheet01, n, 2, typeOfData): null

15-11-2024T09:26:29 - [TEST_STEP][PASSED] - if (typeOfData == "Факт в процентах" || typeOfData == "План в процентах"): null

15-11-2024T09:26:29 - [TEST_STEP][PASSED] - setValueToCellByIndex(sheet01, n, 3, fileDouble): null

15-11-2024T09:26:29 - [TEST_STEP][PASSED] - setValueToCellByIndex(sheet01, n, 4, pageDouble): null

15-11-2024T09:26:29 - [TEST_STEP][PASSED] - setValueToCellByIndex(sheet01, n, 5, m): null

15-11-2024T09:26:29 - [TEST_STEP][PASSED] - setValueToCellByIndex(sheet01, n, 6, y): null

15-11-2024T09:26:29 - [TEST_STEP][PASSED] - setValueToCellByIndex(sheet01, n, 7, todaysDate): null

15-11-2024T09:26:29 - [TEST_STEP][PASSED] - n = n + 1: null

15-11-2024T09:26:29 - [TEST_STEP][PASSED] - saveWorkbook(excelFilePath, workbook01): null

15-11-2024T09:26:29 - [TEST_STEP][FAILED] - if (verifyEqual(numberOfErrors, 0) == false): null

15-11-2024T09:26:29 - [MESSAGE][FAILED] - Unable to verify equal between actual object '6' and expected object '0' (Root cause: com.kms.katalon.core.exception.StepFailedException: Actual object '6' and expected object '0' are not equal
	at com.kms.katalon.core.keyword.builtin.VerifyEqualKeyword$_verifyEqual_closure1.doCall(VerifyEqualKeyword.groovy:58)
	at com.kms.katalon.core.keyword.builtin.VerifyEqualKeyword$_verifyEqual_closure1.call(VerifyEqualKeyword.groovy)
	at com.kms.katalon.core.keyword.internal.KeywordMain.runKeyword(KeywordMain.groovy:75)
	at com.kms.katalon.core.keyword.builtin.VerifyEqualKeyword.verifyEqual(VerifyEqualKeyword.groovy:63)
	at com.kms.katalon.core.keyword.builtin.VerifyEqualKeyword.execute(VerifyEqualKeyword.groovy:44)
	at com.kms.katalon.core.keyword.internal.KeywordExecutor.executeKeywordForPlatform(KeywordExecutor.groovy:74)
	at com.kms.katalon.core.keyword.BuiltinKeywords.verifyEqual(BuiltinKeywords.groovy:146)
	at jdk.internal.reflect.GeneratedMethodAccessor25.invoke(Unknown Source)
	at java.base/jdk.internal.reflect.DelegatingMethodAccessorImpl.invoke(DelegatingMethodAccessorImpl.java:43)
	at Выполнение бизнес-плана Сверка ПАО Россети все филиалы.Numbers(Выполнение бизнес-плана Сверка ПАО Россети все филиалы:740)
	at Выполнение бизнес-плана Сверка ПАО Россети все филиалы.Filials(Выполнение бизнес-плана Сверка ПАО Россети все филиалы:1235)
	at Выполнение бизнес-плана Сверка ПАО Россети все филиалы.Numbers(Выполнение бизнес-плана Сверка ПАО Россети все филиалы:745)
	at Выполнение бизнес-плана Сверка ПАО Россети все филиалы.run(Выполнение бизнес-плана Сверка ПАО Россети все филиалы:388)
	at com.kms.katalon.core.main.ScriptEngine.run(ScriptEngine.java:194)
	at com.kms.katalon.core.main.ScriptEngine.runScriptAsRawText(ScriptEngine.java:119)
	at com.kms.katalon.core.main.TestCaseExecutor.runScript(TestCaseExecutor.java:448)
	at com.kms.katalon.core.main.TestCaseExecutor.doExecute(TestCaseExecutor.java:439)
	at com.kms.katalon.core.main.TestCaseExecutor.processExecutionPhase(TestCaseExecutor.java:418)
	at com.kms.katalon.core.main.TestCaseExecutor.accessMainPhase(TestCaseExecutor.java:410)
	at com.kms.katalon.core.main.TestCaseExecutor.execute(TestCaseExecutor.java:285)
	at com.kms.katalon.core.common.CommonExecutor.accessTestCaseMainPhase(CommonExecutor.java:65)
	at com.kms.katalon.core.main.TestSuiteExecutor.accessTestSuiteMainPhase(TestSuiteExecutor.java:150)
	at com.kms.katalon.core.main.TestSuiteExecutor.execute(TestSuiteExecutor.java:106)
	at com.kms.katalon.core.main.TestCaseMain.startTestSuite(TestCaseMain.java:180)
	at TempTestSuite1731647997681.run(TempTestSuite1731647997681.groovy:35)
	at java.base/jdk.internal.reflect.NativeMethodAccessorImpl.invoke0(Native Method)
	at java.base/jdk.internal.reflect.NativeMethodAccessorImpl.invoke(NativeMethodAccessorImpl.java:77)
	at java.base/jdk.internal.reflect.DelegatingMethodAccessorImpl.invoke(DelegatingMethodAccessorImpl.java:43)
)

15-11-2024T09:26:29 - [TEST_STEP][PASSED] - println(numberOfErrors): null

15-11-2024T09:26:29 - [TEST_STEP][PASSED] - if (a == 28 || a == 77 || a == 74 || a == 65 || a == 36 || a == 44 || a == 54 || a == 1 || a == 18 || a == 59): null

15-11-2024T09:26:29 - [TEST_STEP][PASSED] - if (a == 82): null

15-11-2024T09:26:29 - [TEST_STEP][PASSED] - dZO = "Курскэнерго": null

15-11-2024T09:26:29 - [TEST_STEP][PASSED] - a = 6: null

15-11-2024T09:26:29 - [TEST_STEP][PASSED] - if (x2.contains(dZO)): null

15-11-2024T09:26:29 - [TEST_STEP][PASSED] - filialNum = filialNum + 1: null

15-11-2024T09:26:29 - [TEST_STEP][PASSED] - Script1718980020443.Numbers(a, typeOfData, todaysDate, pageInt, fileInt, pageDouble, fileDouble, dZO, dzoNum, filialNum): null

15-11-2024T09:26:29 - [TEST_STEP][PASSED] - println(dzoNum): null

15-11-2024T09:26:29 - [TEST_STEP][PASSED] - planFact = <not implemented yet for class: org.codehaus.groovy.ast.expr.EmptyExpression>: null

15-11-2024T09:26:29 - [TEST_STEP][PASSED] - page = <not implemented yet for class: org.codehaus.groovy.ast.expr.EmptyExpression>: null

15-11-2024T09:26:29 - [TEST_STEP][PASSED] - page1 = <not implemented yet for class: org.codehaus.groovy.ast.expr.EmptyExpression>: null

15-11-2024T09:26:29 - [TEST_STEP][PASSED] - page2 = <not implemented yet for class: org.codehaus.groovy.ast.expr.EmptyExpression>: null

15-11-2024T09:26:29 - [TEST_STEP][PASSED] - filialNumberInRow = <not implemented yet for class: org.codehaus.groovy.ast.expr.EmptyExpression>: null

15-11-2024T09:26:29 - [TEST_STEP][PASSED] - filialsDzoNames = <not implemented yet for class: org.codehaus.groovy.ast.expr.EmptyExpression>: null

15-11-2024T09:26:29 - [TEST_STEP][PASSED] - numberOfFilials = <not implemented yet for class: org.codehaus.groovy.ast.expr.EmptyExpression>: null

15-11-2024T09:26:29 - [TEST_STEP][PASSED] - numberOfSpaces = <not implemented yet for class: org.codehaus.groovy.ast.expr.EmptyExpression>: null

15-11-2024T09:26:29 - [TEST_STEP][PASSED] - file = <not implemented yet for class: org.codehaus.groovy.ast.expr.EmptyExpression>: null

15-11-2024T09:26:29 - [TEST_STEP][PASSED] - otpusk = <not implemented yet for class: org.codehaus.groovy.ast.expr.EmptyExpression>: null

15-11-2024T09:26:29 - [TEST_STEP][PASSED] - poteri = <not implemented yet for class: org.codehaus.groovy.ast.expr.EmptyExpression>: null

15-11-2024T09:26:29 - [TEST_STEP][PASSED] - dataFolder = "Выполнение бизнес-плана/Значения со страницы Выполнение бизнес-плана/": null

15-11-2024T09:26:29 - [TEST_STEP][PASSED] - path = <not implemented yet for class: org.codehaus.groovy.ast.expr.EmptyExpression>: null

15-11-2024T09:26:29 - [TEST_STEP][PASSED] - typeOfDataMain = <not implemented yet for class: org.codehaus.groovy.ast.expr.EmptyExpression>: null

15-11-2024T09:26:29 - [TEST_STEP][PASSED] - fileOtpuskVSet = <not implemented yet for class: org.codehaus.groovy.ast.expr.EmptyExpression>: null

15-11-2024T09:26:29 - [TEST_STEP][PASSED] - pageOtpuskVSet = <not implemented yet for class: org.codehaus.groovy.ast.expr.EmptyExpression>: null

15-11-2024T09:26:29 - [TEST_STEP][PASSED] - filePoteri = <not implemented yet for class: org.codehaus.groovy.ast.expr.EmptyExpression>: null

15-11-2024T09:26:29 - [TEST_STEP][PASSED] - pagePoteri = <not implemented yet for class: org.codehaus.groovy.ast.expr.EmptyExpression>: null

15-11-2024T09:26:29 - [TEST_STEP][PASSED] - compare = <not implemented yet for class: org.codehaus.groovy.ast.expr.EmptyExpression>: null

15-11-2024T09:26:29 - [TEST_STEP][PASSED] - b = <not implemented yet for class: org.codehaus.groovy.ast.expr.EmptyExpression>: null

15-11-2024T09:26:29 - [TEST_STEP][PASSED] - i = <not implemented yet for class: org.codehaus.groovy.ast.expr.EmptyExpression>: null

15-11-2024T09:26:29 - [TEST_STEP][PASSED] - ii = <not implemented yet for class: org.codehaus.groovy.ast.expr.EmptyExpression>: null

15-11-2024T09:26:29 - [TEST_STEP][PASSED] - c = <not implemented yet for class: org.codehaus.groovy.ast.expr.EmptyExpression>: null

15-11-2024T09:26:29 - [TEST_STEP][PASSED] - numberOfErrors = 0: null

15-11-2024T09:26:29 - [TEST_STEP][PASSED] - if (a == 82): null

15-11-2024T09:26:29 - [TEST_STEP][PASSED] - b = findTestData("PlanFact").getValue(1, a): null

15-11-2024T09:26:29 - [TEST_STEP][PASSED] - i = b.indexOf(" (ГК)"): null

15-11-2024T09:26:29 - [TEST_STEP][PASSED] - if (i > -1): null

15-11-2024T09:26:29 - [TEST_STEP][PASSED] - i = b.indexOf("О ""): null

15-11-2024T09:26:29 - [TEST_STEP][PASSED] - if (i > -1): null

15-11-2024T09:26:29 - [TEST_STEP][PASSED] - i = b.indexOf("О «"): null

15-11-2024T09:26:29 - [TEST_STEP][PASSED] - if (i > -1): null

15-11-2024T09:26:29 - [TEST_STEP][PASSED] - i = b.indexOf("г. "): null

15-11-2024T09:26:29 - [TEST_STEP][PASSED] - if (i > -1): null

15-11-2024T09:26:29 - [TEST_STEP][PASSED] - println(b): null

15-11-2024T09:26:29 - [TEST_STEP][PASSED] - for ([planFact = 1, planFact < 3, (planFact++)]): Object: 'Object Repository/Выполнение бизнес-плана/Кнопка Факт' is clicked on

15-11-2024T09:26:29 - [TEST_STEP][PASSED] - if (planFact == 1): null

15-11-2024T09:26:29 - [TEST_STEP][PASSED] - typeOfDataMain = "Факт": null

15-11-2024T09:26:29 - [TEST_STEP][PASSED] - otpusk = findTestData("PlanFact").getValue(5, a): null

15-11-2024T09:26:30 - [TEST_STEP][PASSED] - poteri = findTestData("PlanFact").getValue(6, a): null

15-11-2024T09:26:30 - [TEST_STEP][PASSED] - otpusk = otpusk.replaceAll("\s+", ""): null

15-11-2024T09:26:30 - [TEST_STEP][PASSED] - poteri = poteri.replaceAll("\s+", ""): null

15-11-2024T09:26:30 - [TEST_STEP][PASSED] - typeOfData = typeOfDataMain + " Отпуск в сеть": null

15-11-2024T09:26:30 - [TEST_STEP][PASSED] - if (a == 82): null

15-11-2024T09:26:30 - [TEST_STEP][PASSED] - else if (a == 84): null

15-11-2024T09:26:30 - [TEST_STEP][PASSED] - else if (a == 52 || a == 72 || a == 28 || a == 73 || a == 77 || a == 74 || a == 65 || a == 36 || a == 44 || a == 53 || a == 80 || a == 54 || a == 1 || a == 18 || a == 59 || a == 81): null

15-11-2024T09:26:30 - [TEST_STEP][PASSED] - else: null

15-11-2024T09:26:30 - [TEST_STEP][PASSED] - path = dataFolder + typeOfData + " за отчётный период " + b: null

15-11-2024T09:26:30 - [TEST_STEP][PASSED] - println(path): null

15-11-2024T09:26:30 - [TEST_STEP][PASSED] - page = getText(findTestObject(path)): Text of object 'Object Repository/Выполнение бизнес-плана/Значения со страницы Выполнение бизнес-плана/Факт Отпуск в сеть за отчётный период Курскэнерго' is: '2 718 509'

15-11-2024T09:26:30 - [MESSAGE][PASSED] - Text of object 'Object Repository/Выполнение бизнес-плана/Значения со страницы Выполнение бизнес-плана/Факт Отпуск в сеть за отчётный период Курскэнерго' is: '2 718 509'

15-11-2024T09:26:30 - [TEST_STEP][PASSED] - page = page.replaceAll("\s+", ""): null

15-11-2024T09:26:30 - [TEST_STEP][PASSED] - fileOtpuskVSet = otpusk.toInteger(): null

15-11-2024T09:26:30 - [TEST_STEP][PASSED] - pageOtpuskVSet = page.toInteger(): null

15-11-2024T09:26:30 - [TEST_STEP][PASSED] - typeOfData = typeOfDataMain + " Потери": null

15-11-2024T09:26:30 - [TEST_STEP][PASSED] - if (a == 82): null

15-11-2024T09:26:30 - [TEST_STEP][PASSED] - else if (a == 84): null

15-11-2024T09:26:30 - [TEST_STEP][PASSED] - else if (a == 52 || a == 72 || a == 28 || a == 73 || a == 77 || a == 74 || a == 65 || a == 36 || a == 44 || a == 53 || a == 80 || a == 54 || a == 1 || a == 18 || a == 59 || a == 81): null

15-11-2024T09:26:30 - [TEST_STEP][PASSED] - else: null

15-11-2024T09:26:30 - [TEST_STEP][PASSED] - path = dataFolder + typeOfData + " за отчётный период " + b: null

15-11-2024T09:26:30 - [TEST_STEP][PASSED] - page = getText(findTestObject(path)): Text of object 'Object Repository/Выполнение бизнес-плана/Значения со страницы Выполнение бизнес-плана/Факт Потери за отчётный период Курскэнерго' is: '261 582'

15-11-2024T09:26:30 - [MESSAGE][PASSED] - Text of object 'Object Repository/Выполнение бизнес-плана/Значения со страницы Выполнение бизнес-плана/Факт Потери за отчётный период Курскэнерго' is: '261 582'

15-11-2024T09:26:30 - [TEST_STEP][PASSED] - page = page.replaceAll("\s+", ""): null

15-11-2024T09:26:30 - [TEST_STEP][PASSED] - filePoteri = poteri.toInteger(): null

15-11-2024T09:26:30 - [TEST_STEP][PASSED] - pagePoteri = page.toInteger(): null

15-11-2024T09:26:30 - [TEST_STEP][PASSED] - compare = pageOtpuskVSet: null

15-11-2024T09:26:30 - [TEST_STEP][PASSED] - if (compare == fileOtpuskVSet): null

15-11-2024T09:26:30 - [TEST_STEP][PASSED] - if (compare == fileOtpuskVSet): null

15-11-2024T09:26:30 - [TEST_STEP][PASSED] - compare = pagePoteri: null

15-11-2024T09:26:30 - [TEST_STEP][PASSED] - if (compare == filePoteri): null

15-11-2024T09:26:30 - [TEST_STEP][PASSED] - if (compare == filePoteri): null

15-11-2024T09:26:30 - [TEST_STEP][PASSED] - if (planFact == 2): null

15-11-2024T09:26:30 - [TEST_STEP][PASSED] - if (planFact == 1): null

15-11-2024T09:26:30 - [TEST_STEP][PASSED] - else if (planFact == 2): null

15-11-2024T09:26:30 - [TEST_STEP][PASSED] - click(findTestObject("Выполнение бизнес-плана/Кнопка План")): Object: 'Object Repository/Выполнение бизнес-плана/Кнопка План' is clicked on

15-11-2024T09:26:31 - [MESSAGE][PASSED] - Object: 'Object Repository/Выполнение бизнес-плана/Кнопка План' is clicked on

15-11-2024T09:26:31 - [TEST_STEP][PASSED] - typeOfDataMain = "План": null

15-11-2024T09:26:31 - [TEST_STEP][PASSED] - otpusk = findTestData("PlanFact").getValue(2, a): null

15-11-2024T09:26:31 - [TEST_STEP][PASSED] - poteri = findTestData("PlanFact").getValue(3, a): null

15-11-2024T09:26:31 - [TEST_STEP][PASSED] - otpusk = otpusk.replaceAll("\s+", ""): null

15-11-2024T09:26:31 - [TEST_STEP][PASSED] - poteri = poteri.replaceAll("\s+", ""): null

15-11-2024T09:26:31 - [TEST_STEP][PASSED] - typeOfData = typeOfDataMain + " Отпуск в сеть": null

15-11-2024T09:26:31 - [TEST_STEP][PASSED] - if (a == 82): null

15-11-2024T09:26:31 - [TEST_STEP][PASSED] - else if (a == 84): null

15-11-2024T09:26:31 - [TEST_STEP][PASSED] - else if (a == 52 || a == 72 || a == 28 || a == 73 || a == 77 || a == 74 || a == 65 || a == 36 || a == 44 || a == 53 || a == 80 || a == 54 || a == 1 || a == 18 || a == 59 || a == 81): null

15-11-2024T09:26:31 - [TEST_STEP][PASSED] - else: null

15-11-2024T09:26:31 - [TEST_STEP][PASSED] - path = dataFolder + typeOfData + " за отчётный период " + b: null

15-11-2024T09:26:31 - [TEST_STEP][PASSED] - println(path): null

15-11-2024T09:26:31 - [TEST_STEP][PASSED] - page = getText(findTestObject(path)): Text of object 'Object Repository/Выполнение бизнес-плана/Значения со страницы Выполнение бизнес-плана/План Отпуск в сеть за отчётный период Курскэнерго' is: '2 733 186'

15-11-2024T09:26:31 - [MESSAGE][PASSED] - Text of object 'Object Repository/Выполнение бизнес-плана/Значения со страницы Выполнение бизнес-плана/План Отпуск в сеть за отчётный период Курскэнерго' is: '2 733 186'

15-11-2024T09:26:31 - [TEST_STEP][PASSED] - page = page.replaceAll("\s+", ""): null

15-11-2024T09:26:31 - [TEST_STEP][PASSED] - fileOtpuskVSet = otpusk.toInteger(): null

15-11-2024T09:26:31 - [TEST_STEP][PASSED] - pageOtpuskVSet = page.toInteger(): null

15-11-2024T09:26:31 - [TEST_STEP][PASSED] - typeOfData = typeOfDataMain + " Потери": null

15-11-2024T09:26:31 - [TEST_STEP][PASSED] - if (a == 82): null

15-11-2024T09:26:31 - [TEST_STEP][PASSED] - else if (a == 84): null

15-11-2024T09:26:31 - [TEST_STEP][PASSED] - else if (a == 52 || a == 72 || a == 28 || a == 73 || a == 77 || a == 74 || a == 65 || a == 36 || a == 44 || a == 53 || a == 80 || a == 54 || a == 1 || a == 18 || a == 59 || a == 81): null

15-11-2024T09:26:31 - [TEST_STEP][PASSED] - else: null

15-11-2024T09:26:31 - [TEST_STEP][PASSED] - path = dataFolder + typeOfData + " за отчётный период " + b: null

15-11-2024T09:26:31 - [TEST_STEP][PASSED] - page = getText(findTestObject(path)): Text of object 'Object Repository/Выполнение бизнес-плана/Значения со страницы Выполнение бизнес-плана/План Потери за отчётный период Курскэнерго' is: '292 749'

15-11-2024T09:26:31 - [MESSAGE][PASSED] - Text of object 'Object Repository/Выполнение бизнес-плана/Значения со страницы Выполнение бизнес-плана/План Потери за отчётный период Курскэнерго' is: '292 749'

15-11-2024T09:26:31 - [TEST_STEP][PASSED] - page = page.replaceAll("\s+", ""): null

15-11-2024T09:26:31 - [TEST_STEP][PASSED] - filePoteri = poteri.toInteger(): null

15-11-2024T09:26:31 - [TEST_STEP][PASSED] - pagePoteri = page.toInteger(): null

15-11-2024T09:26:31 - [TEST_STEP][PASSED] - compare = pageOtpuskVSet: null

15-11-2024T09:26:31 - [TEST_STEP][PASSED] - if (compare == fileOtpuskVSet): null

15-11-2024T09:26:31 - [TEST_STEP][PASSED] - if (compare == fileOtpuskVSet): null

15-11-2024T09:26:31 - [TEST_STEP][PASSED] - compare = pagePoteri: null

15-11-2024T09:26:31 - [TEST_STEP][PASSED] - if (compare == filePoteri): null

15-11-2024T09:26:31 - [TEST_STEP][PASSED] - if (compare == filePoteri): null

15-11-2024T09:26:31 - [TEST_STEP][PASSED] - if (planFact == 2): Object: 'Object Repository/Выполнение бизнес-плана/Кнопка Факт' is clicked on

15-11-2024T09:26:31 - [TEST_STEP][PASSED] - click(findTestObject("Выполнение бизнес-плана/Кнопка Факт")): Object: 'Object Repository/Выполнение бизнес-плана/Кнопка Факт' is clicked on

15-11-2024T09:26:32 - [MESSAGE][PASSED] - Object: 'Object Repository/Выполнение бизнес-плана/Кнопка Факт' is clicked on

15-11-2024T09:26:32 - [TEST_STEP][PASSED] - if (a == 84 || a == 82): null

15-11-2024T09:26:32 - [TEST_STEP][PASSED] - else if (a == 52 || a == 72 || a == 28 || a == 73 || a == 77 || a == 74 || a == 65 || a == 36 || a == 44 || a == 53 || a == 80 || a == 54 || a == 1 || a == 18 || a == 59 || a == 81): null

15-11-2024T09:26:32 - [TEST_STEP][PASSED] - else: null

15-11-2024T09:26:32 - [TEST_STEP][PASSED] - page1 = getText(findTestObject("Object Repository/Выполнение бизнес-плана/spanPlan" + filialNum)): Text of object 'Object Repository/Выполнение бизнес-плана/spanPlan8' is: '10.71
|'

15-11-2024T09:26:32 - [MESSAGE][PASSED] - Text of object 'Object Repository/Выполнение бизнес-плана/spanPlan8' is: '10.71
|'

15-11-2024T09:26:32 - [TEST_STEP][PASSED] - page1 = page1.replace("|", ""): null

15-11-2024T09:26:32 - [TEST_STEP][PASSED] - page2 = getText(findTestObject("Object Repository/Выполнение бизнес-плана/spanFact" + filialNum)): Text of object 'Object Repository/Выполнение бизнес-плана/spanFact8' is: '9.62
|'

15-11-2024T09:26:32 - [MESSAGE][PASSED] - Text of object 'Object Repository/Выполнение бизнес-плана/spanFact8' is: '9.62
|'

15-11-2024T09:26:32 - [TEST_STEP][PASSED] - page2 = page2.replace("|", ""): null

15-11-2024T09:26:32 - [TEST_STEP][PASSED] - println("page1: " + page1): null

15-11-2024T09:26:32 - [TEST_STEP][PASSED] - println("page2: " + page2): null

15-11-2024T09:26:32 - [TEST_STEP][PASSED] - file = findTestData("PlanFact").getValue(4, a): null

15-11-2024T09:26:32 - [TEST_STEP][PASSED] - file = file.replace(",", "."): null

15-11-2024T09:26:32 - [TEST_STEP][PASSED] - println("file Plan: " + file): null

15-11-2024T09:26:32 - [TEST_STEP][PASSED] - typeOfData = "План в процентах": null

15-11-2024T09:26:32 - [TEST_STEP][PASSED] - fileDouble = file.toDouble(): null

15-11-2024T09:26:32 - [TEST_STEP][PASSED] - pageDouble = page1.toDouble(): null

15-11-2024T09:26:32 - [TEST_STEP][PASSED] - if (fileDouble != pageDouble): null

15-11-2024T09:26:32 - [TEST_STEP][PASSED] - file = findTestData("PlanFact").getValue(7, a): null

15-11-2024T09:26:32 - [TEST_STEP][PASSED] - file = file.replace(",", "."): null

15-11-2024T09:26:32 - [TEST_STEP][PASSED] - println("file Fact: " + file): null

15-11-2024T09:26:32 - [TEST_STEP][PASSED] - fileDouble = file.toDouble(): null

15-11-2024T09:26:32 - [TEST_STEP][PASSED] - typeOfData = "Факт в процентах": null

15-11-2024T09:26:32 - [TEST_STEP][PASSED] - fileDouble = file.toDouble(): null

15-11-2024T09:26:32 - [TEST_STEP][PASSED] - pageDouble = page2.toDouble(): null

15-11-2024T09:26:32 - [TEST_STEP][PASSED] - if (fileDouble != pageDouble): null

15-11-2024T09:26:32 - [TEST_STEP][PASSED] - if (verifyEqual(numberOfErrors, 0) == false): Actual object '0' and expected object '0' are equal

15-11-2024T09:26:32 - [MESSAGE][PASSED] - Actual object '0' and expected object '0' are equal

15-11-2024T09:26:32 - [TEST_STEP][PASSED] - if (a == 82): null

15-11-2024T09:26:32 - [TEST_STEP][PASSED] - dZO = "Липецкэнерго": null

15-11-2024T09:26:32 - [TEST_STEP][PASSED] - a = 7: null

15-11-2024T09:26:32 - [TEST_STEP][PASSED] - if (x2.contains(dZO)): null

15-11-2024T09:26:32 - [TEST_STEP][PASSED] - filialNum = filialNum + 1: null

15-11-2024T09:26:32 - [TEST_STEP][PASSED] - Script1718980020443.Numbers(a, typeOfData, todaysDate, pageInt, fileInt, pageDouble, fileDouble, dZO, dzoNum, filialNum): null

15-11-2024T09:26:32 - [TEST_STEP][PASSED] - println(dzoNum): null

15-11-2024T09:26:32 - [TEST_STEP][PASSED] - planFact = <not implemented yet for class: org.codehaus.groovy.ast.expr.EmptyExpression>: null

15-11-2024T09:26:32 - [TEST_STEP][PASSED] - page = <not implemented yet for class: org.codehaus.groovy.ast.expr.EmptyExpression>: null

15-11-2024T09:26:32 - [TEST_STEP][PASSED] - page1 = <not implemented yet for class: org.codehaus.groovy.ast.expr.EmptyExpression>: null

15-11-2024T09:26:32 - [TEST_STEP][PASSED] - page2 = <not implemented yet for class: org.codehaus.groovy.ast.expr.EmptyExpression>: null

15-11-2024T09:26:32 - [TEST_STEP][PASSED] - filialNumberInRow = <not implemented yet for class: org.codehaus.groovy.ast.expr.EmptyExpression>: null

15-11-2024T09:26:32 - [TEST_STEP][PASSED] - filialsDzoNames = <not implemented yet for class: org.codehaus.groovy.ast.expr.EmptyExpression>: null

15-11-2024T09:26:32 - [TEST_STEP][PASSED] - numberOfFilials = <not implemented yet for class: org.codehaus.groovy.ast.expr.EmptyExpression>: null

15-11-2024T09:26:32 - [TEST_STEP][PASSED] - numberOfSpaces = <not implemented yet for class: org.codehaus.groovy.ast.expr.EmptyExpression>: null

15-11-2024T09:26:32 - [TEST_STEP][PASSED] - file = <not implemented yet for class: org.codehaus.groovy.ast.expr.EmptyExpression>: null

15-11-2024T09:26:32 - [TEST_STEP][PASSED] - otpusk = <not implemented yet for class: org.codehaus.groovy.ast.expr.EmptyExpression>: null

15-11-2024T09:26:32 - [TEST_STEP][PASSED] - poteri = <not implemented yet for class: org.codehaus.groovy.ast.expr.EmptyExpression>: null

15-11-2024T09:26:32 - [TEST_STEP][PASSED] - dataFolder = "Выполнение бизнес-плана/Значения со страницы Выполнение бизнес-плана/": null

15-11-2024T09:26:32 - [TEST_STEP][PASSED] - path = <not implemented yet for class: org.codehaus.groovy.ast.expr.EmptyExpression>: null

15-11-2024T09:26:32 - [TEST_STEP][PASSED] - typeOfDataMain = <not implemented yet for class: org.codehaus.groovy.ast.expr.EmptyExpression>: null

15-11-2024T09:26:32 - [TEST_STEP][PASSED] - fileOtpuskVSet = <not implemented yet for class: org.codehaus.groovy.ast.expr.EmptyExpression>: null

15-11-2024T09:26:32 - [TEST_STEP][PASSED] - pageOtpuskVSet = <not implemented yet for class: org.codehaus.groovy.ast.expr.EmptyExpression>: null

15-11-2024T09:26:32 - [TEST_STEP][PASSED] - filePoteri = <not implemented yet for class: org.codehaus.groovy.ast.expr.EmptyExpression>: null

15-11-2024T09:26:32 - [TEST_STEP][PASSED] - pagePoteri = <not implemented yet for class: org.codehaus.groovy.ast.expr.EmptyExpression>: null

15-11-2024T09:26:32 - [TEST_STEP][PASSED] - compare = <not implemented yet for class: org.codehaus.groovy.ast.expr.EmptyExpression>: null

15-11-2024T09:26:32 - [TEST_STEP][PASSED] - b = <not implemented yet for class: org.codehaus.groovy.ast.expr.EmptyExpression>: null

15-11-2024T09:26:32 - [TEST_STEP][PASSED] - i = <not implemented yet for class: org.codehaus.groovy.ast.expr.EmptyExpression>: null

15-11-2024T09:26:32 - [TEST_STEP][PASSED] - ii = <not implemented yet for class: org.codehaus.groovy.ast.expr.EmptyExpression>: null

15-11-2024T09:26:32 - [TEST_STEP][PASSED] - c = <not implemented yet for class: org.codehaus.groovy.ast.expr.EmptyExpression>: null

15-11-2024T09:26:32 - [TEST_STEP][PASSED] - numberOfErrors = 0: null

15-11-2024T09:26:32 - [TEST_STEP][PASSED] - if (a == 82): null

15-11-2024T09:26:32 - [TEST_STEP][PASSED] - b = findTestData("PlanFact").getValue(1, a): null

15-11-2024T09:26:32 - [TEST_STEP][PASSED] - i = b.indexOf(" (ГК)"): null

15-11-2024T09:26:32 - [TEST_STEP][PASSED] - if (i > -1): null

15-11-2024T09:26:32 - [TEST_STEP][PASSED] - i = b.indexOf("О ""): null

15-11-2024T09:26:32 - [TEST_STEP][PASSED] - if (i > -1): null

15-11-2024T09:26:32 - [TEST_STEP][PASSED] - i = b.indexOf("О «"): null

15-11-2024T09:26:32 - [TEST_STEP][PASSED] - if (i > -1): null

15-11-2024T09:26:32 - [TEST_STEP][PASSED] - i = b.indexOf("г. "): null

15-11-2024T09:26:32 - [TEST_STEP][PASSED] - if (i > -1): null

15-11-2024T09:26:32 - [TEST_STEP][PASSED] - println(b): null

15-11-2024T09:26:32 - [TEST_STEP][PASSED] - for ([planFact = 1, planFact < 3, (planFact++)]): Object: 'Object Repository/Выполнение бизнес-плана/Кнопка Факт' is clicked on

15-11-2024T09:26:32 - [TEST_STEP][PASSED] - if (planFact == 1): null

15-11-2024T09:26:32 - [TEST_STEP][PASSED] - typeOfDataMain = "Факт": null

15-11-2024T09:26:32 - [TEST_STEP][PASSED] - otpusk = findTestData("PlanFact").getValue(5, a): null

15-11-2024T09:26:32 - [TEST_STEP][PASSED] - poteri = findTestData("PlanFact").getValue(6, a): null

15-11-2024T09:26:32 - [TEST_STEP][PASSED] - otpusk = otpusk.replaceAll("\s+", ""): null

15-11-2024T09:26:32 - [TEST_STEP][PASSED] - poteri = poteri.replaceAll("\s+", ""): null

15-11-2024T09:26:32 - [TEST_STEP][PASSED] - typeOfData = typeOfDataMain + " Отпуск в сеть": null

15-11-2024T09:26:32 - [TEST_STEP][PASSED] - if (a == 82): null

15-11-2024T09:26:32 - [TEST_STEP][PASSED] - else if (a == 84): null

15-11-2024T09:26:32 - [TEST_STEP][PASSED] - else if (a == 52 || a == 72 || a == 28 || a == 73 || a == 77 || a == 74 || a == 65 || a == 36 || a == 44 || a == 53 || a == 80 || a == 54 || a == 1 || a == 18 || a == 59 || a == 81): null

15-11-2024T09:26:32 - [TEST_STEP][PASSED] - else: null

15-11-2024T09:26:32 - [TEST_STEP][PASSED] - path = dataFolder + typeOfData + " за отчётный период " + b: null

15-11-2024T09:26:32 - [TEST_STEP][PASSED] - println(path): null

15-11-2024T09:26:32 - [TEST_STEP][PASSED] - page = getText(findTestObject(path)): Text of object 'Object Repository/Выполнение бизнес-плана/Значения со страницы Выполнение бизнес-плана/Факт Отпуск в сеть за отчётный период Липецкэнерго' is: '4 025 919'

15-11-2024T09:26:33 - [MESSAGE][PASSED] - Text of object 'Object Repository/Выполнение бизнес-плана/Значения со страницы Выполнение бизнес-плана/Факт Отпуск в сеть за отчётный период Липецкэнерго' is: '4 025 919'

15-11-2024T09:26:33 - [TEST_STEP][PASSED] - page = page.replaceAll("\s+", ""): null

15-11-2024T09:26:33 - [TEST_STEP][PASSED] - fileOtpuskVSet = otpusk.toInteger(): null

15-11-2024T09:26:33 - [TEST_STEP][PASSED] - pageOtpuskVSet = page.toInteger(): null

15-11-2024T09:26:33 - [TEST_STEP][PASSED] - typeOfData = typeOfDataMain + " Потери": null

15-11-2024T09:26:33 - [TEST_STEP][PASSED] - if (a == 82): null

15-11-2024T09:26:33 - [TEST_STEP][PASSED] - else if (a == 84): null

15-11-2024T09:26:33 - [TEST_STEP][PASSED] - else if (a == 52 || a == 72 || a == 28 || a == 73 || a == 77 || a == 74 || a == 65 || a == 36 || a == 44 || a == 53 || a == 80 || a == 54 || a == 1 || a == 18 || a == 59 || a == 81): null

15-11-2024T09:26:33 - [TEST_STEP][PASSED] - else: null

15-11-2024T09:26:33 - [TEST_STEP][PASSED] - path = dataFolder + typeOfData + " за отчётный период " + b: null

15-11-2024T09:26:33 - [TEST_STEP][PASSED] - page = getText(findTestObject(path)): Text of object 'Object Repository/Выполнение бизнес-плана/Значения со страницы Выполнение бизнес-плана/Факт Потери за отчётный период Липецкэнерго' is: '547 375'

15-11-2024T09:26:33 - [MESSAGE][PASSED] - Text of object 'Object Repository/Выполнение бизнес-плана/Значения со страницы Выполнение бизнес-плана/Факт Потери за отчётный период Липецкэнерго' is: '547 375'

15-11-2024T09:26:33 - [TEST_STEP][PASSED] - page = page.replaceAll("\s+", ""): null

15-11-2024T09:26:33 - [TEST_STEP][PASSED] - filePoteri = poteri.toInteger(): null

15-11-2024T09:26:33 - [TEST_STEP][PASSED] - pagePoteri = page.toInteger(): null

15-11-2024T09:26:33 - [TEST_STEP][PASSED] - compare = pageOtpuskVSet: null

15-11-2024T09:26:33 - [TEST_STEP][PASSED] - if (compare == fileOtpuskVSet): null

15-11-2024T09:26:33 - [TEST_STEP][PASSED] - if (compare == fileOtpuskVSet): null

15-11-2024T09:26:33 - [TEST_STEP][PASSED] - compare = pagePoteri: null

15-11-2024T09:26:33 - [TEST_STEP][PASSED] - if (compare == filePoteri): null

15-11-2024T09:26:33 - [TEST_STEP][PASSED] - if (compare == filePoteri): null

15-11-2024T09:26:33 - [TEST_STEP][PASSED] - if (planFact == 2): null

15-11-2024T09:26:33 - [TEST_STEP][PASSED] - if (planFact == 1): null

15-11-2024T09:26:33 - [TEST_STEP][PASSED] - else if (planFact == 2): null

15-11-2024T09:26:33 - [TEST_STEP][PASSED] - click(findTestObject("Выполнение бизнес-плана/Кнопка План")): Object: 'Object Repository/Выполнение бизнес-плана/Кнопка План' is clicked on

15-11-2024T09:26:33 - [MESSAGE][PASSED] - Object: 'Object Repository/Выполнение бизнес-плана/Кнопка План' is clicked on

15-11-2024T09:26:33 - [TEST_STEP][PASSED] - typeOfDataMain = "План": null

15-11-2024T09:26:33 - [TEST_STEP][PASSED] - otpusk = findTestData("PlanFact").getValue(2, a): null

15-11-2024T09:26:33 - [TEST_STEP][PASSED] - poteri = findTestData("PlanFact").getValue(3, a): null

15-11-2024T09:26:34 - [TEST_STEP][PASSED] - otpusk = otpusk.replaceAll("\s+", ""): null

15-11-2024T09:26:34 - [TEST_STEP][PASSED] - poteri = poteri.replaceAll("\s+", ""): null

15-11-2024T09:26:34 - [TEST_STEP][PASSED] - typeOfData = typeOfDataMain + " Отпуск в сеть": null

15-11-2024T09:26:34 - [TEST_STEP][PASSED] - if (a == 82): null

15-11-2024T09:26:34 - [TEST_STEP][PASSED] - else if (a == 84): null

15-11-2024T09:26:34 - [TEST_STEP][PASSED] - else if (a == 52 || a == 72 || a == 28 || a == 73 || a == 77 || a == 74 || a == 65 || a == 36 || a == 44 || a == 53 || a == 80 || a == 54 || a == 1 || a == 18 || a == 59 || a == 81): null

15-11-2024T09:26:34 - [TEST_STEP][PASSED] - else: null

15-11-2024T09:26:34 - [TEST_STEP][PASSED] - path = dataFolder + typeOfData + " за отчётный период " + b: null

15-11-2024T09:26:34 - [TEST_STEP][PASSED] - println(path): null

15-11-2024T09:26:34 - [TEST_STEP][PASSED] - page = getText(findTestObject(path)): Text of object 'Object Repository/Выполнение бизнес-плана/Значения со страницы Выполнение бизнес-плана/План Отпуск в сеть за отчётный период Липецкэнерго' is: '3 764 247'

15-11-2024T09:26:34 - [MESSAGE][PASSED] - Text of object 'Object Repository/Выполнение бизнес-плана/Значения со страницы Выполнение бизнес-плана/План Отпуск в сеть за отчётный период Липецкэнерго' is: '3 764 247'

15-11-2024T09:26:34 - [TEST_STEP][PASSED] - page = page.replaceAll("\s+", ""): null

15-11-2024T09:26:34 - [TEST_STEP][PASSED] - fileOtpuskVSet = otpusk.toInteger(): null

15-11-2024T09:26:34 - [TEST_STEP][PASSED] - pageOtpuskVSet = page.toInteger(): null

15-11-2024T09:26:34 - [TEST_STEP][PASSED] - typeOfData = typeOfDataMain + " Потери": null

15-11-2024T09:26:34 - [TEST_STEP][PASSED] - if (a == 82): null

15-11-2024T09:26:34 - [TEST_STEP][PASSED] - else if (a == 84): null

15-11-2024T09:26:34 - [TEST_STEP][PASSED] - else if (a == 52 || a == 72 || a == 28 || a == 73 || a == 77 || a == 74 || a == 65 || a == 36 || a == 44 || a == 53 || a == 80 || a == 54 || a == 1 || a == 18 || a == 59 || a == 81): null

15-11-2024T09:26:34 - [TEST_STEP][PASSED] - else: null

15-11-2024T09:26:34 - [TEST_STEP][PASSED] - path = dataFolder + typeOfData + " за отчётный период " + b: null

15-11-2024T09:26:34 - [TEST_STEP][PASSED] - page = getText(findTestObject(path)): Text of object 'Object Repository/Выполнение бизнес-плана/Значения со страницы Выполнение бизнес-плана/План Потери за отчётный период Липецкэнерго' is: '572 526'

15-11-2024T09:26:34 - [MESSAGE][PASSED] - Text of object 'Object Repository/Выполнение бизнес-плана/Значения со страницы Выполнение бизнес-плана/План Потери за отчётный период Липецкэнерго' is: '572 526'

15-11-2024T09:26:34 - [TEST_STEP][PASSED] - page = page.replaceAll("\s+", ""): null

15-11-2024T09:26:34 - [TEST_STEP][PASSED] - filePoteri = poteri.toInteger(): null

15-11-2024T09:26:34 - [TEST_STEP][PASSED] - pagePoteri = page.toInteger(): null

15-11-2024T09:26:34 - [TEST_STEP][PASSED] - compare = pageOtpuskVSet: null

15-11-2024T09:26:34 - [TEST_STEP][PASSED] - if (compare == fileOtpuskVSet): null

15-11-2024T09:26:34 - [TEST_STEP][PASSED] - if (compare == fileOtpuskVSet): null

15-11-2024T09:26:34 - [TEST_STEP][PASSED] - compare = pagePoteri: null

15-11-2024T09:26:34 - [TEST_STEP][PASSED] - if (compare == filePoteri): null

15-11-2024T09:26:34 - [TEST_STEP][PASSED] - if (compare == filePoteri): null

15-11-2024T09:26:34 - [TEST_STEP][PASSED] - if (planFact == 2): Object: 'Object Repository/Выполнение бизнес-плана/Кнопка Факт' is clicked on

15-11-2024T09:26:34 - [TEST_STEP][PASSED] - click(findTestObject("Выполнение бизнес-плана/Кнопка Факт")): Object: 'Object Repository/Выполнение бизнес-плана/Кнопка Факт' is clicked on

15-11-2024T09:26:35 - [MESSAGE][PASSED] - Object: 'Object Repository/Выполнение бизнес-плана/Кнопка Факт' is clicked on

15-11-2024T09:26:35 - [TEST_STEP][PASSED] - if (a == 84 || a == 82): null

15-11-2024T09:26:35 - [TEST_STEP][PASSED] - else if (a == 52 || a == 72 || a == 28 || a == 73 || a == 77 || a == 74 || a == 65 || a == 36 || a == 44 || a == 53 || a == 80 || a == 54 || a == 1 || a == 18 || a == 59 || a == 81): null

15-11-2024T09:26:35 - [TEST_STEP][PASSED] - else: null

15-11-2024T09:26:35 - [TEST_STEP][PASSED] - page1 = getText(findTestObject("Object Repository/Выполнение бизнес-плана/spanPlan" + filialNum)): Text of object 'Object Repository/Выполнение бизнес-плана/spanPlan9' is: '15.21
|'

15-11-2024T09:26:35 - [MESSAGE][PASSED] - Text of object 'Object Repository/Выполнение бизнес-плана/spanPlan9' is: '15.21
|'

15-11-2024T09:26:35 - [TEST_STEP][PASSED] - page1 = page1.replace("|", ""): null

15-11-2024T09:26:35 - [TEST_STEP][PASSED] - page2 = getText(findTestObject("Object Repository/Выполнение бизнес-плана/spanFact" + filialNum)): Text of object 'Object Repository/Выполнение бизнес-плана/spanFact9' is: '13.60
|'

15-11-2024T09:26:35 - [MESSAGE][PASSED] - Text of object 'Object Repository/Выполнение бизнес-плана/spanFact9' is: '13.60
|'

15-11-2024T09:26:35 - [TEST_STEP][PASSED] - page2 = page2.replace("|", ""): null

15-11-2024T09:26:35 - [TEST_STEP][PASSED] - println("page1: " + page1): null

15-11-2024T09:26:35 - [TEST_STEP][PASSED] - println("page2: " + page2): null

15-11-2024T09:26:35 - [TEST_STEP][PASSED] - file = findTestData("PlanFact").getValue(4, a): null

15-11-2024T09:26:35 - [TEST_STEP][PASSED] - file = file.replace(",", "."): null

15-11-2024T09:26:35 - [TEST_STEP][PASSED] - println("file Plan: " + file): null

15-11-2024T09:26:35 - [TEST_STEP][PASSED] - typeOfData = "План в процентах": null

15-11-2024T09:26:35 - [TEST_STEP][PASSED] - fileDouble = file.toDouble(): null

15-11-2024T09:26:35 - [TEST_STEP][PASSED] - pageDouble = page1.toDouble(): null

15-11-2024T09:26:35 - [TEST_STEP][PASSED] - if (fileDouble != pageDouble): null

15-11-2024T09:26:35 - [TEST_STEP][PASSED] - file = findTestData("PlanFact").getValue(7, a): null

15-11-2024T09:26:35 - [TEST_STEP][PASSED] - file = file.replace(",", "."): null

15-11-2024T09:26:35 - [TEST_STEP][PASSED] - println("file Fact: " + file): null

15-11-2024T09:26:35 - [TEST_STEP][PASSED] - fileDouble = file.toDouble(): null

15-11-2024T09:26:35 - [TEST_STEP][PASSED] - typeOfData = "Факт в процентах": null

15-11-2024T09:26:35 - [TEST_STEP][PASSED] - fileDouble = file.toDouble(): null

15-11-2024T09:26:35 - [TEST_STEP][PASSED] - pageDouble = page2.toDouble(): null

15-11-2024T09:26:35 - [TEST_STEP][PASSED] - if (fileDouble != pageDouble): null

15-11-2024T09:26:35 - [TEST_STEP][PASSED] - if (verifyEqual(numberOfErrors, 0) == false): Actual object '0' and expected object '0' are equal

15-11-2024T09:26:35 - [MESSAGE][PASSED] - Actual object '0' and expected object '0' are equal

15-11-2024T09:26:35 - [TEST_STEP][PASSED] - if (a == 82): null

15-11-2024T09:26:35 - [TEST_STEP][PASSED] - dZO = "ООО «БрянскЭлектро»": null

15-11-2024T09:26:35 - [TEST_STEP][PASSED] - a = 13: null

15-11-2024T09:26:35 - [TEST_STEP][PASSED] - dzoCut = dZO.substring(5, 12): null

15-11-2024T09:26:35 - [TEST_STEP][PASSED] - if (x2.contains(dzoCut)): null

15-11-2024T09:26:35 - [TEST_STEP][PASSED] - filialNum = filialNum + 1: null

15-11-2024T09:26:35 - [TEST_STEP][PASSED] - Script1718980020443.Numbers(a, typeOfData, todaysDate, pageInt, fileInt, pageDouble, fileDouble, dZO, dzoNum, filialNum): null

15-11-2024T09:26:35 - [TEST_STEP][PASSED] - println(dzoNum): null

15-11-2024T09:26:35 - [TEST_STEP][PASSED] - planFact = <not implemented yet for class: org.codehaus.groovy.ast.expr.EmptyExpression>: null

15-11-2024T09:26:35 - [TEST_STEP][PASSED] - page = <not implemented yet for class: org.codehaus.groovy.ast.expr.EmptyExpression>: null

15-11-2024T09:26:35 - [TEST_STEP][PASSED] - page1 = <not implemented yet for class: org.codehaus.groovy.ast.expr.EmptyExpression>: null

15-11-2024T09:26:35 - [TEST_STEP][PASSED] - page2 = <not implemented yet for class: org.codehaus.groovy.ast.expr.EmptyExpression>: null

15-11-2024T09:26:35 - [TEST_STEP][PASSED] - filialNumberInRow = <not implemented yet for class: org.codehaus.groovy.ast.expr.EmptyExpression>: null

15-11-2024T09:26:35 - [TEST_STEP][PASSED] - filialsDzoNames = <not implemented yet for class: org.codehaus.groovy.ast.expr.EmptyExpression>: null

15-11-2024T09:26:35 - [TEST_STEP][PASSED] - numberOfFilials = <not implemented yet for class: org.codehaus.groovy.ast.expr.EmptyExpression>: null

15-11-2024T09:26:35 - [TEST_STEP][PASSED] - numberOfSpaces = <not implemented yet for class: org.codehaus.groovy.ast.expr.EmptyExpression>: null

15-11-2024T09:26:35 - [TEST_STEP][PASSED] - file = <not implemented yet for class: org.codehaus.groovy.ast.expr.EmptyExpression>: null

15-11-2024T09:26:35 - [TEST_STEP][PASSED] - otpusk = <not implemented yet for class: org.codehaus.groovy.ast.expr.EmptyExpression>: null

15-11-2024T09:26:35 - [TEST_STEP][PASSED] - poteri = <not implemented yet for class: org.codehaus.groovy.ast.expr.EmptyExpression>: null

15-11-2024T09:26:35 - [TEST_STEP][PASSED] - dataFolder = "Выполнение бизнес-плана/Значения со страницы Выполнение бизнес-плана/": null

15-11-2024T09:26:35 - [TEST_STEP][PASSED] - path = <not implemented yet for class: org.codehaus.groovy.ast.expr.EmptyExpression>: null

15-11-2024T09:26:35 - [TEST_STEP][PASSED] - typeOfDataMain = <not implemented yet for class: org.codehaus.groovy.ast.expr.EmptyExpression>: null

15-11-2024T09:26:35 - [TEST_STEP][PASSED] - fileOtpuskVSet = <not implemented yet for class: org.codehaus.groovy.ast.expr.EmptyExpression>: null

15-11-2024T09:26:35 - [TEST_STEP][PASSED] - pageOtpuskVSet = <not implemented yet for class: org.codehaus.groovy.ast.expr.EmptyExpression>: null

15-11-2024T09:26:35 - [TEST_STEP][PASSED] - filePoteri = <not implemented yet for class: org.codehaus.groovy.ast.expr.EmptyExpression>: null

15-11-2024T09:26:35 - [TEST_STEP][PASSED] - pagePoteri = <not implemented yet for class: org.codehaus.groovy.ast.expr.EmptyExpression>: null

15-11-2024T09:26:35 - [TEST_STEP][PASSED] - compare = <not implemented yet for class: org.codehaus.groovy.ast.expr.EmptyExpression>: null

15-11-2024T09:26:35 - [TEST_STEP][PASSED] - b = <not implemented yet for class: org.codehaus.groovy.ast.expr.EmptyExpression>: null

15-11-2024T09:26:35 - [TEST_STEP][PASSED] - i = <not implemented yet for class: org.codehaus.groovy.ast.expr.EmptyExpression>: null

15-11-2024T09:26:35 - [TEST_STEP][PASSED] - ii = <not implemented yet for class: org.codehaus.groovy.ast.expr.EmptyExpression>: null

15-11-2024T09:26:35 - [TEST_STEP][PASSED] - c = <not implemented yet for class: org.codehaus.groovy.ast.expr.EmptyExpression>: null

15-11-2024T09:26:35 - [TEST_STEP][PASSED] - numberOfErrors = 0: null

15-11-2024T09:26:35 - [TEST_STEP][PASSED] - if (a == 82): null

15-11-2024T09:26:35 - [TEST_STEP][PASSED] - b = findTestData("PlanFact").getValue(1, a): null

15-11-2024T09:26:35 - [TEST_STEP][PASSED] - i = b.indexOf(" (ГК)"): null

15-11-2024T09:26:35 - [TEST_STEP][PASSED] - if (i > -1): null

15-11-2024T09:26:35 - [TEST_STEP][PASSED] - i = b.indexOf("О ""): null

15-11-2024T09:26:35 - [TEST_STEP][PASSED] - if (i > -1): null

15-11-2024T09:26:35 - [TEST_STEP][PASSED] - i = b.indexOf("О «"): null

15-11-2024T09:26:35 - [TEST_STEP][PASSED] - if (i > -1): null

15-11-2024T09:26:35 - [TEST_STEP][PASSED] - b = b.substring(i + 3, b.length()): null

15-11-2024T09:26:35 - [TEST_STEP][PASSED] - i = b.indexOf("»"): null

15-11-2024T09:26:35 - [TEST_STEP][PASSED] - b = b.substring(0, i): null

15-11-2024T09:26:35 - [TEST_STEP][PASSED] - b = b.trim(): null

15-11-2024T09:26:35 - [TEST_STEP][PASSED] - i = b.indexOf("г. "): null

15-11-2024T09:26:35 - [TEST_STEP][PASSED] - if (i > -1): null

15-11-2024T09:26:35 - [TEST_STEP][PASSED] - println(b): null

15-11-2024T09:26:35 - [TEST_STEP][PASSED] - for ([planFact = 1, planFact < 3, (planFact++)]): Object: 'Object Repository/Выполнение бизнес-плана/Кнопка Факт' is clicked on

15-11-2024T09:26:35 - [TEST_STEP][PASSED] - if (planFact == 1): null

15-11-2024T09:26:35 - [TEST_STEP][PASSED] - typeOfDataMain = "Факт": null

15-11-2024T09:26:35 - [TEST_STEP][PASSED] - otpusk = findTestData("PlanFact").getValue(5, a): null

15-11-2024T09:26:35 - [TEST_STEP][PASSED] - poteri = findTestData("PlanFact").getValue(6, a): null

15-11-2024T09:26:35 - [TEST_STEP][PASSED] - otpusk = otpusk.replaceAll("\s+", ""): null

15-11-2024T09:26:35 - [TEST_STEP][PASSED] - poteri = poteri.replaceAll("\s+", ""): null

15-11-2024T09:26:35 - [TEST_STEP][PASSED] - typeOfData = typeOfDataMain + " Отпуск в сеть": null

15-11-2024T09:26:35 - [TEST_STEP][PASSED] - if (a == 82): null

15-11-2024T09:26:35 - [TEST_STEP][PASSED] - else if (a == 84): null

15-11-2024T09:26:35 - [TEST_STEP][PASSED] - else if (a == 52 || a == 72 || a == 28 || a == 73 || a == 77 || a == 74 || a == 65 || a == 36 || a == 44 || a == 53 || a == 80 || a == 54 || a == 1 || a == 18 || a == 59 || a == 81): null

15-11-2024T09:26:35 - [TEST_STEP][PASSED] - else: null

15-11-2024T09:26:35 - [TEST_STEP][PASSED] - path = dataFolder + typeOfData + " за отчётный период " + b: null

15-11-2024T09:26:35 - [TEST_STEP][PASSED] - println(path): null

15-11-2024T09:26:35 - [TEST_STEP][PASSED] - page = getText(findTestObject(path)): Text of object 'Object Repository/Выполнение бизнес-плана/Значения со страницы Выполнение бизнес-плана/Факт Отпуск в сеть за отчётный период БрянскЭлектро' is: '1 602 993'

15-11-2024T09:26:36 - [MESSAGE][PASSED] - Text of object 'Object Repository/Выполнение бизнес-плана/Значения со страницы Выполнение бизнес-плана/Факт Отпуск в сеть за отчётный период БрянскЭлектро' is: '1 602 993'

15-11-2024T09:26:36 - [TEST_STEP][PASSED] - page = page.replaceAll("\s+", ""): null

15-11-2024T09:26:36 - [TEST_STEP][PASSED] - fileOtpuskVSet = otpusk.toInteger(): null

15-11-2024T09:26:36 - [TEST_STEP][PASSED] - pageOtpuskVSet = page.toInteger(): null

15-11-2024T09:26:36 - [TEST_STEP][PASSED] - typeOfData = typeOfDataMain + " Потери": null

15-11-2024T09:26:36 - [TEST_STEP][PASSED] - if (a == 82): null

15-11-2024T09:26:36 - [TEST_STEP][PASSED] - else if (a == 84): null

15-11-2024T09:26:36 - [TEST_STEP][PASSED] - else if (a == 52 || a == 72 || a == 28 || a == 73 || a == 77 || a == 74 || a == 65 || a == 36 || a == 44 || a == 53 || a == 80 || a == 54 || a == 1 || a == 18 || a == 59 || a == 81): null

15-11-2024T09:26:36 - [TEST_STEP][PASSED] - else: null

15-11-2024T09:26:36 - [TEST_STEP][PASSED] - path = dataFolder + typeOfData + " за отчётный период " + b: null

15-11-2024T09:26:36 - [TEST_STEP][PASSED] - page = getText(findTestObject(path)): Text of object 'Object Repository/Выполнение бизнес-плана/Значения со страницы Выполнение бизнес-плана/Факт Потери за отчётный период БрянскЭлектро' is: '153 860'

15-11-2024T09:26:36 - [MESSAGE][PASSED] - Text of object 'Object Repository/Выполнение бизнес-плана/Значения со страницы Выполнение бизнес-плана/Факт Потери за отчётный период БрянскЭлектро' is: '153 860'

15-11-2024T09:26:36 - [TEST_STEP][PASSED] - page = page.replaceAll("\s+", ""): null

15-11-2024T09:26:36 - [TEST_STEP][PASSED] - filePoteri = poteri.toInteger(): null

15-11-2024T09:26:36 - [TEST_STEP][PASSED] - pagePoteri = page.toInteger(): null

15-11-2024T09:26:36 - [TEST_STEP][PASSED] - compare = pageOtpuskVSet: null

15-11-2024T09:26:36 - [TEST_STEP][PASSED] - if (compare == fileOtpuskVSet): null

15-11-2024T09:26:36 - [TEST_STEP][PASSED] - if (compare == fileOtpuskVSet): null

15-11-2024T09:26:36 - [TEST_STEP][PASSED] - compare = pagePoteri: null

15-11-2024T09:26:36 - [TEST_STEP][PASSED] - if (compare == filePoteri): null

15-11-2024T09:26:36 - [TEST_STEP][PASSED] - if (compare == filePoteri): null

15-11-2024T09:26:36 - [TEST_STEP][PASSED] - if (planFact == 2): null

15-11-2024T09:26:36 - [TEST_STEP][PASSED] - if (planFact == 1): null

15-11-2024T09:26:36 - [TEST_STEP][PASSED] - else if (planFact == 2): null

15-11-2024T09:26:36 - [TEST_STEP][PASSED] - click(findTestObject("Выполнение бизнес-плана/Кнопка План")): Object: 'Object Repository/Выполнение бизнес-плана/Кнопка План' is clicked on

15-11-2024T09:26:36 - [MESSAGE][PASSED] - Object: 'Object Repository/Выполнение бизнес-плана/Кнопка План' is clicked on

15-11-2024T09:26:36 - [TEST_STEP][PASSED] - typeOfDataMain = "План": null

15-11-2024T09:26:36 - [TEST_STEP][PASSED] - otpusk = findTestData("PlanFact").getValue(2, a): null

15-11-2024T09:26:36 - [TEST_STEP][PASSED] - poteri = findTestData("PlanFact").getValue(3, a): null

15-11-2024T09:26:36 - [TEST_STEP][PASSED] - otpusk = otpusk.replaceAll("\s+", ""): null

15-11-2024T09:26:36 - [TEST_STEP][PASSED] - poteri = poteri.replaceAll("\s+", ""): null

15-11-2024T09:26:36 - [TEST_STEP][PASSED] - typeOfData = typeOfDataMain + " Отпуск в сеть": null

15-11-2024T09:26:36 - [TEST_STEP][PASSED] - if (a == 82): null

15-11-2024T09:26:36 - [TEST_STEP][PASSED] - else if (a == 84): null

15-11-2024T09:26:36 - [TEST_STEP][PASSED] - else if (a == 52 || a == 72 || a == 28 || a == 73 || a == 77 || a == 74 || a == 65 || a == 36 || a == 44 || a == 53 || a == 80 || a == 54 || a == 1 || a == 18 || a == 59 || a == 81): null

15-11-2024T09:26:36 - [TEST_STEP][PASSED] - else: null

15-11-2024T09:26:36 - [TEST_STEP][PASSED] - path = dataFolder + typeOfData + " за отчётный период " + b: null

15-11-2024T09:26:36 - [TEST_STEP][PASSED] - println(path): null

15-11-2024T09:26:36 - [TEST_STEP][PASSED] - page = getText(findTestObject(path)): Text of object 'Object Repository/Выполнение бизнес-плана/Значения со страницы Выполнение бизнес-плана/План Отпуск в сеть за отчётный период БрянскЭлектро' is: '1 592 893'

15-11-2024T09:26:37 - [MESSAGE][PASSED] - Text of object 'Object Repository/Выполнение бизнес-плана/Значения со страницы Выполнение бизнес-плана/План Отпуск в сеть за отчётный период БрянскЭлектро' is: '1 592 893'

15-11-2024T09:26:37 - [TEST_STEP][PASSED] - page = page.replaceAll("\s+", ""): null

15-11-2024T09:26:37 - [TEST_STEP][PASSED] - fileOtpuskVSet = otpusk.toInteger(): null

15-11-2024T09:26:37 - [TEST_STEP][PASSED] - pageOtpuskVSet = page.toInteger(): null

15-11-2024T09:26:37 - [TEST_STEP][PASSED] - typeOfData = typeOfDataMain + " Потери": null

15-11-2024T09:26:37 - [TEST_STEP][PASSED] - if (a == 82): null

15-11-2024T09:26:37 - [TEST_STEP][PASSED] - else if (a == 84): null

15-11-2024T09:26:37 - [TEST_STEP][PASSED] - else if (a == 52 || a == 72 || a == 28 || a == 73 || a == 77 || a == 74 || a == 65 || a == 36 || a == 44 || a == 53 || a == 80 || a == 54 || a == 1 || a == 18 || a == 59 || a == 81): null

15-11-2024T09:26:37 - [TEST_STEP][PASSED] - else: null

15-11-2024T09:26:37 - [TEST_STEP][PASSED] - path = dataFolder + typeOfData + " за отчётный период " + b: null

15-11-2024T09:26:37 - [TEST_STEP][PASSED] - page = getText(findTestObject(path)): Text of object 'Object Repository/Выполнение бизнес-плана/Значения со страницы Выполнение бизнес-плана/План Потери за отчётный период БрянскЭлектро' is: '159 867'

15-11-2024T09:26:37 - [MESSAGE][PASSED] - Text of object 'Object Repository/Выполнение бизнес-плана/Значения со страницы Выполнение бизнес-плана/План Потери за отчётный период БрянскЭлектро' is: '159 867'

15-11-2024T09:26:37 - [TEST_STEP][PASSED] - page = page.replaceAll("\s+", ""): null

15-11-2024T09:26:37 - [TEST_STEP][PASSED] - filePoteri = poteri.toInteger(): null

15-11-2024T09:26:37 - [TEST_STEP][PASSED] - pagePoteri = page.toInteger(): null

15-11-2024T09:26:37 - [TEST_STEP][PASSED] - compare = pageOtpuskVSet: null

15-11-2024T09:26:37 - [TEST_STEP][PASSED] - if (compare == fileOtpuskVSet): null

15-11-2024T09:26:37 - [TEST_STEP][PASSED] - if (compare == fileOtpuskVSet): null

15-11-2024T09:26:37 - [TEST_STEP][PASSED] - compare = pagePoteri: null

15-11-2024T09:26:37 - [TEST_STEP][PASSED] - if (compare == filePoteri): null

15-11-2024T09:26:37 - [TEST_STEP][PASSED] - if (compare == filePoteri): null

15-11-2024T09:26:37 - [TEST_STEP][PASSED] - if (planFact == 2): Object: 'Object Repository/Выполнение бизнес-плана/Кнопка Факт' is clicked on

15-11-2024T09:26:37 - [TEST_STEP][PASSED] - click(findTestObject("Выполнение бизнес-плана/Кнопка Факт")): Object: 'Object Repository/Выполнение бизнес-плана/Кнопка Факт' is clicked on

15-11-2024T09:26:37 - [MESSAGE][PASSED] - Object: 'Object Repository/Выполнение бизнес-плана/Кнопка Факт' is clicked on

15-11-2024T09:26:37 - [TEST_STEP][PASSED] - if (a == 84 || a == 82): null

15-11-2024T09:26:37 - [TEST_STEP][PASSED] - else if (a == 52 || a == 72 || a == 28 || a == 73 || a == 77 || a == 74 || a == 65 || a == 36 || a == 44 || a == 53 || a == 80 || a == 54 || a == 1 || a == 18 || a == 59 || a == 81): null

15-11-2024T09:26:37 - [TEST_STEP][PASSED] - else: null

15-11-2024T09:26:37 - [TEST_STEP][PASSED] - page1 = getText(findTestObject("Object Repository/Выполнение бизнес-плана/spanPlan" + filialNum)): Text of object 'Object Repository/Выполнение бизнес-плана/spanPlan10' is: '10.04
|'

15-11-2024T09:26:38 - [MESSAGE][PASSED] - Text of object 'Object Repository/Выполнение бизнес-плана/spanPlan10' is: '10.04
|'

15-11-2024T09:26:38 - [TEST_STEP][PASSED] - page1 = page1.replace("|", ""): null

15-11-2024T09:26:38 - [TEST_STEP][PASSED] - page2 = getText(findTestObject("Object Repository/Выполнение бизнес-плана/spanFact" + filialNum)): Text of object 'Object Repository/Выполнение бизнес-плана/spanFact10' is: '9.60
|'

15-11-2024T09:26:38 - [MESSAGE][PASSED] - Text of object 'Object Repository/Выполнение бизнес-плана/spanFact10' is: '9.60
|'

15-11-2024T09:26:38 - [TEST_STEP][PASSED] - page2 = page2.replace("|", ""): null

15-11-2024T09:26:38 - [TEST_STEP][PASSED] - println("page1: " + page1): null

15-11-2024T09:26:38 - [TEST_STEP][PASSED] - println("page2: " + page2): null

15-11-2024T09:26:38 - [TEST_STEP][PASSED] - file = findTestData("PlanFact").getValue(4, a): null

15-11-2024T09:26:38 - [TEST_STEP][PASSED] - file = file.replace(",", "."): null

15-11-2024T09:26:38 - [TEST_STEP][PASSED] - println("file Plan: " + file): null

15-11-2024T09:26:38 - [TEST_STEP][PASSED] - typeOfData = "План в процентах": null

15-11-2024T09:26:38 - [TEST_STEP][PASSED] - fileDouble = file.toDouble(): null

15-11-2024T09:26:38 - [TEST_STEP][PASSED] - pageDouble = page1.toDouble(): null

15-11-2024T09:26:38 - [TEST_STEP][PASSED] - if (fileDouble != pageDouble): null

15-11-2024T09:26:38 - [TEST_STEP][PASSED] - file = findTestData("PlanFact").getValue(7, a): null

15-11-2024T09:26:38 - [TEST_STEP][PASSED] - file = file.replace(",", "."): null

15-11-2024T09:26:38 - [TEST_STEP][PASSED] - println("file Fact: " + file): null

15-11-2024T09:26:38 - [TEST_STEP][PASSED] - fileDouble = file.toDouble(): null

15-11-2024T09:26:38 - [TEST_STEP][PASSED] - typeOfData = "Факт в процентах": null

15-11-2024T09:26:38 - [TEST_STEP][PASSED] - fileDouble = file.toDouble(): null

15-11-2024T09:26:38 - [TEST_STEP][PASSED] - pageDouble = page2.toDouble(): null

15-11-2024T09:26:38 - [TEST_STEP][PASSED] - if (fileDouble != pageDouble): null

15-11-2024T09:26:38 - [TEST_STEP][PASSED] - if (verifyEqual(numberOfErrors, 0) == false): Actual object '0' and expected object '0' are equal

15-11-2024T09:26:38 - [MESSAGE][PASSED] - Actual object '0' and expected object '0' are equal

15-11-2024T09:26:38 - [TEST_STEP][PASSED] - if (a == 82): null

15-11-2024T09:26:38 - [TEST_STEP][PASSED] - dZO = "Орелэнерго": null

15-11-2024T09:26:38 - [TEST_STEP][PASSED] - a = 8: null

15-11-2024T09:26:38 - [TEST_STEP][PASSED] - if (x2.contains(dZO)): null

15-11-2024T09:26:38 - [TEST_STEP][PASSED] - filialNum = filialNum + 1: null

15-11-2024T09:26:38 - [TEST_STEP][PASSED] - Script1718980020443.Numbers(a, typeOfData, todaysDate, pageInt, fileInt, pageDouble, fileDouble, dZO, dzoNum, filialNum): null

15-11-2024T09:26:38 - [TEST_STEP][PASSED] - println(dzoNum): null

15-11-2024T09:26:38 - [TEST_STEP][PASSED] - planFact = <not implemented yet for class: org.codehaus.groovy.ast.expr.EmptyExpression>: null

15-11-2024T09:26:38 - [TEST_STEP][PASSED] - page = <not implemented yet for class: org.codehaus.groovy.ast.expr.EmptyExpression>: null

15-11-2024T09:26:38 - [TEST_STEP][PASSED] - page1 = <not implemented yet for class: org.codehaus.groovy.ast.expr.EmptyExpression>: null

15-11-2024T09:26:38 - [TEST_STEP][PASSED] - page2 = <not implemented yet for class: org.codehaus.groovy.ast.expr.EmptyExpression>: null

15-11-2024T09:26:38 - [TEST_STEP][PASSED] - filialNumberInRow = <not implemented yet for class: org.codehaus.groovy.ast.expr.EmptyExpression>: null

15-11-2024T09:26:38 - [TEST_STEP][PASSED] - filialsDzoNames = <not implemented yet for class: org.codehaus.groovy.ast.expr.EmptyExpression>: null

15-11-2024T09:26:38 - [TEST_STEP][PASSED] - numberOfFilials = <not implemented yet for class: org.codehaus.groovy.ast.expr.EmptyExpression>: null

15-11-2024T09:26:38 - [TEST_STEP][PASSED] - numberOfSpaces = <not implemented yet for class: org.codehaus.groovy.ast.expr.EmptyExpression>: null

15-11-2024T09:26:38 - [TEST_STEP][PASSED] - file = <not implemented yet for class: org.codehaus.groovy.ast.expr.EmptyExpression>: null

15-11-2024T09:26:38 - [TEST_STEP][PASSED] - otpusk = <not implemented yet for class: org.codehaus.groovy.ast.expr.EmptyExpression>: null

15-11-2024T09:26:38 - [TEST_STEP][PASSED] - poteri = <not implemented yet for class: org.codehaus.groovy.ast.expr.EmptyExpression>: null

15-11-2024T09:26:38 - [TEST_STEP][PASSED] - dataFolder = "Выполнение бизнес-плана/Значения со страницы Выполнение бизнес-плана/": null

15-11-2024T09:26:38 - [TEST_STEP][PASSED] - path = <not implemented yet for class: org.codehaus.groovy.ast.expr.EmptyExpression>: null

15-11-2024T09:26:38 - [TEST_STEP][PASSED] - typeOfDataMain = <not implemented yet for class: org.codehaus.groovy.ast.expr.EmptyExpression>: null

15-11-2024T09:26:38 - [TEST_STEP][PASSED] - fileOtpuskVSet = <not implemented yet for class: org.codehaus.groovy.ast.expr.EmptyExpression>: null

15-11-2024T09:26:38 - [TEST_STEP][PASSED] - pageOtpuskVSet = <not implemented yet for class: org.codehaus.groovy.ast.expr.EmptyExpression>: null

15-11-2024T09:26:38 - [TEST_STEP][PASSED] - filePoteri = <not implemented yet for class: org.codehaus.groovy.ast.expr.EmptyExpression>: null

15-11-2024T09:26:38 - [TEST_STEP][PASSED] - pagePoteri = <not implemented yet for class: org.codehaus.groovy.ast.expr.EmptyExpression>: null

15-11-2024T09:26:38 - [TEST_STEP][PASSED] - compare = <not implemented yet for class: org.codehaus.groovy.ast.expr.EmptyExpression>: null

15-11-2024T09:26:38 - [TEST_STEP][PASSED] - b = <not implemented yet for class: org.codehaus.groovy.ast.expr.EmptyExpression>: null

15-11-2024T09:26:38 - [TEST_STEP][PASSED] - i = <not implemented yet for class: org.codehaus.groovy.ast.expr.EmptyExpression>: null

15-11-2024T09:26:38 - [TEST_STEP][PASSED] - ii = <not implemented yet for class: org.codehaus.groovy.ast.expr.EmptyExpression>: null

15-11-2024T09:26:38 - [TEST_STEP][PASSED] - c = <not implemented yet for class: org.codehaus.groovy.ast.expr.EmptyExpression>: null

15-11-2024T09:26:38 - [TEST_STEP][PASSED] - numberOfErrors = 0: null

15-11-2024T09:26:38 - [TEST_STEP][PASSED] - if (a == 82): null

15-11-2024T09:26:38 - [TEST_STEP][PASSED] - b = findTestData("PlanFact").getValue(1, a): null

15-11-2024T09:26:38 - [TEST_STEP][PASSED] - i = b.indexOf(" (ГК)"): null

15-11-2024T09:26:38 - [TEST_STEP][PASSED] - if (i > -1): null

15-11-2024T09:26:38 - [TEST_STEP][PASSED] - i = b.indexOf("О ""): null

15-11-2024T09:26:38 - [TEST_STEP][PASSED] - if (i > -1): null

15-11-2024T09:26:38 - [TEST_STEP][PASSED] - i = b.indexOf("О «"): null

15-11-2024T09:26:38 - [TEST_STEP][PASSED] - if (i > -1): null

15-11-2024T09:26:38 - [TEST_STEP][PASSED] - i = b.indexOf("г. "): null

15-11-2024T09:26:38 - [TEST_STEP][PASSED] - if (i > -1): null

15-11-2024T09:26:38 - [TEST_STEP][PASSED] - println(b): null

15-11-2024T09:26:38 - [TEST_STEP][PASSED] - for ([planFact = 1, planFact < 3, (planFact++)]): Object: 'Object Repository/Выполнение бизнес-плана/Кнопка Факт' is clicked on

15-11-2024T09:26:38 - [TEST_STEP][PASSED] - if (planFact == 1): null

15-11-2024T09:26:38 - [TEST_STEP][PASSED] - typeOfDataMain = "Факт": null

15-11-2024T09:26:38 - [TEST_STEP][PASSED] - otpusk = findTestData("PlanFact").getValue(5, a): null

15-11-2024T09:26:38 - [TEST_STEP][PASSED] - poteri = findTestData("PlanFact").getValue(6, a): null

15-11-2024T09:26:38 - [TEST_STEP][PASSED] - otpusk = otpusk.replaceAll("\s+", ""): null

15-11-2024T09:26:38 - [TEST_STEP][PASSED] - poteri = poteri.replaceAll("\s+", ""): null

15-11-2024T09:26:38 - [TEST_STEP][PASSED] - typeOfData = typeOfDataMain + " Отпуск в сеть": null

15-11-2024T09:26:38 - [TEST_STEP][PASSED] - if (a == 82): null

15-11-2024T09:26:38 - [TEST_STEP][PASSED] - else if (a == 84): null

15-11-2024T09:26:38 - [TEST_STEP][PASSED] - else if (a == 52 || a == 72 || a == 28 || a == 73 || a == 77 || a == 74 || a == 65 || a == 36 || a == 44 || a == 53 || a == 80 || a == 54 || a == 1 || a == 18 || a == 59 || a == 81): null

15-11-2024T09:26:38 - [TEST_STEP][PASSED] - else: null

15-11-2024T09:26:38 - [TEST_STEP][PASSED] - path = dataFolder + typeOfData + " за отчётный период " + b: null

15-11-2024T09:26:38 - [TEST_STEP][PASSED] - println(path): null

15-11-2024T09:26:38 - [TEST_STEP][PASSED] - page = getText(findTestObject(path)): Text of object 'Object Repository/Выполнение бизнес-плана/Значения со страницы Выполнение бизнес-плана/Факт Отпуск в сеть за отчётный период Орелэнерго' is: '1 788 018'

15-11-2024T09:26:39 - [MESSAGE][PASSED] - Text of object 'Object Repository/Выполнение бизнес-плана/Значения со страницы Выполнение бизнес-плана/Факт Отпуск в сеть за отчётный период Орелэнерго' is: '1 788 018'

15-11-2024T09:26:39 - [TEST_STEP][PASSED] - page = page.replaceAll("\s+", ""): null

15-11-2024T09:26:39 - [TEST_STEP][PASSED] - fileOtpuskVSet = otpusk.toInteger(): null

15-11-2024T09:26:39 - [TEST_STEP][PASSED] - pageOtpuskVSet = page.toInteger(): null

15-11-2024T09:26:39 - [TEST_STEP][PASSED] - typeOfData = typeOfDataMain + " Потери": null

15-11-2024T09:26:39 - [TEST_STEP][PASSED] - if (a == 82): null

15-11-2024T09:26:39 - [TEST_STEP][PASSED] - else if (a == 84): null

15-11-2024T09:26:39 - [TEST_STEP][PASSED] - else if (a == 52 || a == 72 || a == 28 || a == 73 || a == 77 || a == 74 || a == 65 || a == 36 || a == 44 || a == 53 || a == 80 || a == 54 || a == 1 || a == 18 || a == 59 || a == 81): null

15-11-2024T09:26:39 - [TEST_STEP][PASSED] - else: null

15-11-2024T09:26:39 - [TEST_STEP][PASSED] - path = dataFolder + typeOfData + " за отчётный период " + b: null

15-11-2024T09:26:39 - [TEST_STEP][PASSED] - page = getText(findTestObject(path)): Text of object 'Object Repository/Выполнение бизнес-плана/Значения со страницы Выполнение бизнес-плана/Факт Потери за отчётный период Орелэнерго' is: '153 685'

15-11-2024T09:26:39 - [MESSAGE][PASSED] - Text of object 'Object Repository/Выполнение бизнес-плана/Значения со страницы Выполнение бизнес-плана/Факт Потери за отчётный период Орелэнерго' is: '153 685'

15-11-2024T09:26:39 - [TEST_STEP][PASSED] - page = page.replaceAll("\s+", ""): null

15-11-2024T09:26:39 - [TEST_STEP][PASSED] - filePoteri = poteri.toInteger(): null

15-11-2024T09:26:39 - [TEST_STEP][PASSED] - pagePoteri = page.toInteger(): null

15-11-2024T09:26:39 - [TEST_STEP][PASSED] - compare = pageOtpuskVSet: null

15-11-2024T09:26:39 - [TEST_STEP][PASSED] - if (compare == fileOtpuskVSet): null

15-11-2024T09:26:39 - [TEST_STEP][PASSED] - if (compare == fileOtpuskVSet): null

15-11-2024T09:26:39 - [TEST_STEP][PASSED] - compare = pagePoteri: null

15-11-2024T09:26:39 - [TEST_STEP][PASSED] - if (compare == filePoteri): null

15-11-2024T09:26:39 - [TEST_STEP][PASSED] - if (compare == filePoteri): null

15-11-2024T09:26:39 - [TEST_STEP][PASSED] - if (planFact == 2): null

15-11-2024T09:26:39 - [TEST_STEP][PASSED] - if (planFact == 1): null

15-11-2024T09:26:39 - [TEST_STEP][PASSED] - else if (planFact == 2): null

15-11-2024T09:26:39 - [TEST_STEP][PASSED] - click(findTestObject("Выполнение бизнес-плана/Кнопка План")): Object: 'Object Repository/Выполнение бизнес-плана/Кнопка План' is clicked on

15-11-2024T09:26:39 - [MESSAGE][PASSED] - Object: 'Object Repository/Выполнение бизнес-плана/Кнопка План' is clicked on

15-11-2024T09:26:39 - [TEST_STEP][PASSED] - typeOfDataMain = "План": null

15-11-2024T09:26:39 - [TEST_STEP][PASSED] - otpusk = findTestData("PlanFact").getValue(2, a): null

15-11-2024T09:26:39 - [TEST_STEP][PASSED] - poteri = findTestData("PlanFact").getValue(3, a): null

15-11-2024T09:26:39 - [TEST_STEP][PASSED] - otpusk = otpusk.replaceAll("\s+", ""): null

15-11-2024T09:26:39 - [TEST_STEP][PASSED] - poteri = poteri.replaceAll("\s+", ""): null

15-11-2024T09:26:39 - [TEST_STEP][PASSED] - typeOfData = typeOfDataMain + " Отпуск в сеть": null

15-11-2024T09:26:39 - [TEST_STEP][PASSED] - if (a == 82): null

15-11-2024T09:26:39 - [TEST_STEP][PASSED] - else if (a == 84): null

15-11-2024T09:26:39 - [TEST_STEP][PASSED] - else if (a == 52 || a == 72 || a == 28 || a == 73 || a == 77 || a == 74 || a == 65 || a == 36 || a == 44 || a == 53 || a == 80 || a == 54 || a == 1 || a == 18 || a == 59 || a == 81): null

15-11-2024T09:26:39 - [TEST_STEP][PASSED] - else: null

15-11-2024T09:26:39 - [TEST_STEP][PASSED] - path = dataFolder + typeOfData + " за отчётный период " + b: null

15-11-2024T09:26:39 - [TEST_STEP][PASSED] - println(path): null

15-11-2024T09:26:39 - [TEST_STEP][PASSED] - page = getText(findTestObject(path)): Text of object 'Object Repository/Выполнение бизнес-плана/Значения со страницы Выполнение бизнес-плана/План Отпуск в сеть за отчётный период Орелэнерго' is: '1 748 788'

15-11-2024T09:26:40 - [MESSAGE][PASSED] - Text of object 'Object Repository/Выполнение бизнес-плана/Значения со страницы Выполнение бизнес-плана/План Отпуск в сеть за отчётный период Орелэнерго' is: '1 748 788'

15-11-2024T09:26:40 - [TEST_STEP][PASSED] - page = page.replaceAll("\s+", ""): null

15-11-2024T09:26:40 - [TEST_STEP][PASSED] - fileOtpuskVSet = otpusk.toInteger(): null

15-11-2024T09:26:40 - [TEST_STEP][PASSED] - pageOtpuskVSet = page.toInteger(): null

15-11-2024T09:26:40 - [TEST_STEP][PASSED] - typeOfData = typeOfDataMain + " Потери": null

15-11-2024T09:26:40 - [TEST_STEP][PASSED] - if (a == 82): null

15-11-2024T09:26:40 - [TEST_STEP][PASSED] - else if (a == 84): null

15-11-2024T09:26:40 - [TEST_STEP][PASSED] - else if (a == 52 || a == 72 || a == 28 || a == 73 || a == 77 || a == 74 || a == 65 || a == 36 || a == 44 || a == 53 || a == 80 || a == 54 || a == 1 || a == 18 || a == 59 || a == 81): null

15-11-2024T09:26:40 - [TEST_STEP][PASSED] - else: null

15-11-2024T09:26:40 - [TEST_STEP][PASSED] - path = dataFolder + typeOfData + " за отчётный период " + b: null

15-11-2024T09:26:40 - [TEST_STEP][PASSED] - page = getText(findTestObject(path)): Text of object 'Object Repository/Выполнение бизнес-плана/Значения со страницы Выполнение бизнес-плана/План Потери за отчётный период Орелэнерго' is: '158 669'

15-11-2024T09:26:40 - [MESSAGE][PASSED] - Text of object 'Object Repository/Выполнение бизнес-плана/Значения со страницы Выполнение бизнес-плана/План Потери за отчётный период Орелэнерго' is: '158 669'

15-11-2024T09:26:40 - [TEST_STEP][PASSED] - page = page.replaceAll("\s+", ""): null

15-11-2024T09:26:40 - [TEST_STEP][PASSED] - filePoteri = poteri.toInteger(): null

15-11-2024T09:26:40 - [TEST_STEP][PASSED] - pagePoteri = page.toInteger(): null

15-11-2024T09:26:40 - [TEST_STEP][PASSED] - compare = pageOtpuskVSet: null

15-11-2024T09:26:40 - [TEST_STEP][PASSED] - if (compare == fileOtpuskVSet): null

15-11-2024T09:26:40 - [TEST_STEP][PASSED] - if (compare == fileOtpuskVSet): null

15-11-2024T09:26:40 - [TEST_STEP][PASSED] - compare = pagePoteri: null

15-11-2024T09:26:40 - [TEST_STEP][PASSED] - if (compare == filePoteri): null

15-11-2024T09:26:40 - [TEST_STEP][PASSED] - if (compare == filePoteri): null

15-11-2024T09:26:40 - [TEST_STEP][PASSED] - if (planFact == 2): Object: 'Object Repository/Выполнение бизнес-плана/Кнопка Факт' is clicked on

15-11-2024T09:26:40 - [TEST_STEP][PASSED] - click(findTestObject("Выполнение бизнес-плана/Кнопка Факт")): Object: 'Object Repository/Выполнение бизнес-плана/Кнопка Факт' is clicked on

15-11-2024T09:26:40 - [MESSAGE][PASSED] - Object: 'Object Repository/Выполнение бизнес-плана/Кнопка Факт' is clicked on

15-11-2024T09:26:40 - [TEST_STEP][PASSED] - if (a == 84 || a == 82): null

15-11-2024T09:26:40 - [TEST_STEP][PASSED] - else if (a == 52 || a == 72 || a == 28 || a == 73 || a == 77 || a == 74 || a == 65 || a == 36 || a == 44 || a == 53 || a == 80 || a == 54 || a == 1 || a == 18 || a == 59 || a == 81): null

15-11-2024T09:26:40 - [TEST_STEP][PASSED] - else: null

15-11-2024T09:26:40 - [TEST_STEP][PASSED] - page1 = getText(findTestObject("Object Repository/Выполнение бизнес-плана/spanPlan" + filialNum)): Text of object 'Object Repository/Выполнение бизнес-плана/spanPlan11' is: '9.07
|'

15-11-2024T09:26:41 - [MESSAGE][PASSED] - Text of object 'Object Repository/Выполнение бизнес-плана/spanPlan11' is: '9.07
|'

15-11-2024T09:26:41 - [TEST_STEP][PASSED] - page1 = page1.replace("|", ""): null

15-11-2024T09:26:41 - [TEST_STEP][PASSED] - page2 = getText(findTestObject("Object Repository/Выполнение бизнес-плана/spanFact" + filialNum)): Text of object 'Object Repository/Выполнение бизнес-плана/spanFact11' is: '8.60
|'

15-11-2024T09:26:41 - [MESSAGE][PASSED] - Text of object 'Object Repository/Выполнение бизнес-плана/spanFact11' is: '8.60
|'

15-11-2024T09:26:41 - [TEST_STEP][PASSED] - page2 = page2.replace("|", ""): null

15-11-2024T09:26:41 - [TEST_STEP][PASSED] - println("page1: " + page1): null

15-11-2024T09:26:41 - [TEST_STEP][PASSED] - println("page2: " + page2): null

15-11-2024T09:26:41 - [TEST_STEP][PASSED] - file = findTestData("PlanFact").getValue(4, a): null

15-11-2024T09:26:41 - [TEST_STEP][PASSED] - file = file.replace(",", "."): null

15-11-2024T09:26:41 - [TEST_STEP][PASSED] - println("file Plan: " + file): null

15-11-2024T09:26:41 - [TEST_STEP][PASSED] - typeOfData = "План в процентах": null

15-11-2024T09:26:41 - [TEST_STEP][PASSED] - fileDouble = file.toDouble(): null

15-11-2024T09:26:41 - [TEST_STEP][PASSED] - pageDouble = page1.toDouble(): null

15-11-2024T09:26:41 - [TEST_STEP][PASSED] - if (fileDouble != pageDouble): null

15-11-2024T09:26:41 - [TEST_STEP][PASSED] - file = findTestData("PlanFact").getValue(7, a): null

15-11-2024T09:26:41 - [TEST_STEP][PASSED] - file = file.replace(",", "."): null

15-11-2024T09:26:41 - [TEST_STEP][PASSED] - println("file Fact: " + file): null

15-11-2024T09:26:41 - [TEST_STEP][PASSED] - fileDouble = file.toDouble(): null

15-11-2024T09:26:41 - [TEST_STEP][PASSED] - typeOfData = "Факт в процентах": null

15-11-2024T09:26:41 - [TEST_STEP][PASSED] - fileDouble = file.toDouble(): null

15-11-2024T09:26:41 - [TEST_STEP][PASSED] - pageDouble = page2.toDouble(): null

15-11-2024T09:26:41 - [TEST_STEP][PASSED] - if (fileDouble != pageDouble): null

15-11-2024T09:26:41 - [TEST_STEP][PASSED] - if (verifyEqual(numberOfErrors, 0) == false): Actual object '0' and expected object '0' are equal

15-11-2024T09:26:41 - [MESSAGE][PASSED] - Actual object '0' and expected object '0' are equal

15-11-2024T09:26:41 - [TEST_STEP][PASSED] - if (a == 82): null

15-11-2024T09:26:41 - [TEST_STEP][PASSED] - dZO = "Смоленскэнерго": null

15-11-2024T09:26:41 - [TEST_STEP][PASSED] - a = 9: null

15-11-2024T09:26:41 - [TEST_STEP][PASSED] - if (x2.contains(dZO)): null

15-11-2024T09:26:41 - [TEST_STEP][PASSED] - filialNum = filialNum + 1: null

15-11-2024T09:26:41 - [TEST_STEP][PASSED] - Script1718980020443.Numbers(a, typeOfData, todaysDate, pageInt, fileInt, pageDouble, fileDouble, dZO, dzoNum, filialNum): null

15-11-2024T09:26:41 - [TEST_STEP][PASSED] - println(dzoNum): null

15-11-2024T09:26:41 - [TEST_STEP][PASSED] - planFact = <not implemented yet for class: org.codehaus.groovy.ast.expr.EmptyExpression>: null

15-11-2024T09:26:41 - [TEST_STEP][PASSED] - page = <not implemented yet for class: org.codehaus.groovy.ast.expr.EmptyExpression>: null

15-11-2024T09:26:41 - [TEST_STEP][PASSED] - page1 = <not implemented yet for class: org.codehaus.groovy.ast.expr.EmptyExpression>: null

15-11-2024T09:26:41 - [TEST_STEP][PASSED] - page2 = <not implemented yet for class: org.codehaus.groovy.ast.expr.EmptyExpression>: null

15-11-2024T09:26:41 - [TEST_STEP][PASSED] - filialNumberInRow = <not implemented yet for class: org.codehaus.groovy.ast.expr.EmptyExpression>: null

15-11-2024T09:26:41 - [TEST_STEP][PASSED] - filialsDzoNames = <not implemented yet for class: org.codehaus.groovy.ast.expr.EmptyExpression>: null

15-11-2024T09:26:41 - [TEST_STEP][PASSED] - numberOfFilials = <not implemented yet for class: org.codehaus.groovy.ast.expr.EmptyExpression>: null

15-11-2024T09:26:41 - [TEST_STEP][PASSED] - numberOfSpaces = <not implemented yet for class: org.codehaus.groovy.ast.expr.EmptyExpression>: null

15-11-2024T09:26:41 - [TEST_STEP][PASSED] - file = <not implemented yet for class: org.codehaus.groovy.ast.expr.EmptyExpression>: null

15-11-2024T09:26:41 - [TEST_STEP][PASSED] - otpusk = <not implemented yet for class: org.codehaus.groovy.ast.expr.EmptyExpression>: null

15-11-2024T09:26:41 - [TEST_STEP][PASSED] - poteri = <not implemented yet for class: org.codehaus.groovy.ast.expr.EmptyExpression>: null

15-11-2024T09:26:41 - [TEST_STEP][PASSED] - dataFolder = "Выполнение бизнес-плана/Значения со страницы Выполнение бизнес-плана/": null

15-11-2024T09:26:41 - [TEST_STEP][PASSED] - path = <not implemented yet for class: org.codehaus.groovy.ast.expr.EmptyExpression>: null

15-11-2024T09:26:41 - [TEST_STEP][PASSED] - typeOfDataMain = <not implemented yet for class: org.codehaus.groovy.ast.expr.EmptyExpression>: null

15-11-2024T09:26:41 - [TEST_STEP][PASSED] - fileOtpuskVSet = <not implemented yet for class: org.codehaus.groovy.ast.expr.EmptyExpression>: null

15-11-2024T09:26:41 - [TEST_STEP][PASSED] - pageOtpuskVSet = <not implemented yet for class: org.codehaus.groovy.ast.expr.EmptyExpression>: null

15-11-2024T09:26:41 - [TEST_STEP][PASSED] - filePoteri = <not implemented yet for class: org.codehaus.groovy.ast.expr.EmptyExpression>: null

15-11-2024T09:26:41 - [TEST_STEP][PASSED] - pagePoteri = <not implemented yet for class: org.codehaus.groovy.ast.expr.EmptyExpression>: null

15-11-2024T09:26:41 - [TEST_STEP][PASSED] - compare = <not implemented yet for class: org.codehaus.groovy.ast.expr.EmptyExpression>: null

15-11-2024T09:26:41 - [TEST_STEP][PASSED] - b = <not implemented yet for class: org.codehaus.groovy.ast.expr.EmptyExpression>: null

15-11-2024T09:26:41 - [TEST_STEP][PASSED] - i = <not implemented yet for class: org.codehaus.groovy.ast.expr.EmptyExpression>: null

15-11-2024T09:26:41 - [TEST_STEP][PASSED] - ii = <not implemented yet for class: org.codehaus.groovy.ast.expr.EmptyExpression>: null

15-11-2024T09:26:41 - [TEST_STEP][PASSED] - c = <not implemented yet for class: org.codehaus.groovy.ast.expr.EmptyExpression>: null

15-11-2024T09:26:41 - [TEST_STEP][PASSED] - numberOfErrors = 0: null

15-11-2024T09:26:41 - [TEST_STEP][PASSED] - if (a == 82): null

15-11-2024T09:26:41 - [TEST_STEP][PASSED] - b = findTestData("PlanFact").getValue(1, a): null

15-11-2024T09:26:41 - [TEST_STEP][PASSED] - i = b.indexOf(" (ГК)"): null

15-11-2024T09:26:41 - [TEST_STEP][PASSED] - if (i > -1): null

15-11-2024T09:26:41 - [TEST_STEP][PASSED] - i = b.indexOf("О ""): null

15-11-2024T09:26:41 - [TEST_STEP][PASSED] - if (i > -1): null

15-11-2024T09:26:41 - [TEST_STEP][PASSED] - i = b.indexOf("О «"): null

15-11-2024T09:26:41 - [TEST_STEP][PASSED] - if (i > -1): null

15-11-2024T09:26:41 - [TEST_STEP][PASSED] - i = b.indexOf("г. "): null

15-11-2024T09:26:41 - [TEST_STEP][PASSED] - if (i > -1): null

15-11-2024T09:26:41 - [TEST_STEP][PASSED] - println(b): null

15-11-2024T09:26:41 - [TEST_STEP][PASSED] - for ([planFact = 1, planFact < 3, (planFact++)]): Object: 'Object Repository/Выполнение бизнес-плана/Кнопка Факт' is clicked on

15-11-2024T09:26:41 - [TEST_STEP][PASSED] - if (planFact == 1): null

15-11-2024T09:26:41 - [TEST_STEP][PASSED] - typeOfDataMain = "Факт": null

15-11-2024T09:26:41 - [TEST_STEP][PASSED] - otpusk = findTestData("PlanFact").getValue(5, a): null

15-11-2024T09:26:41 - [TEST_STEP][PASSED] - poteri = findTestData("PlanFact").getValue(6, a): null

15-11-2024T09:26:41 - [TEST_STEP][PASSED] - otpusk = otpusk.replaceAll("\s+", ""): null

15-11-2024T09:26:41 - [TEST_STEP][PASSED] - poteri = poteri.replaceAll("\s+", ""): null

15-11-2024T09:26:41 - [TEST_STEP][PASSED] - typeOfData = typeOfDataMain + " Отпуск в сеть": null

15-11-2024T09:26:41 - [TEST_STEP][PASSED] - if (a == 82): null

15-11-2024T09:26:41 - [TEST_STEP][PASSED] - else if (a == 84): null

15-11-2024T09:26:41 - [TEST_STEP][PASSED] - else if (a == 52 || a == 72 || a == 28 || a == 73 || a == 77 || a == 74 || a == 65 || a == 36 || a == 44 || a == 53 || a == 80 || a == 54 || a == 1 || a == 18 || a == 59 || a == 81): null

15-11-2024T09:26:41 - [TEST_STEP][PASSED] - else: null

15-11-2024T09:26:41 - [TEST_STEP][PASSED] - path = dataFolder + typeOfData + " за отчётный период " + b: null

15-11-2024T09:26:41 - [TEST_STEP][PASSED] - println(path): null

15-11-2024T09:26:41 - [TEST_STEP][PASSED] - page = getText(findTestObject(path)): Text of object 'Object Repository/Выполнение бизнес-плана/Значения со страницы Выполнение бизнес-плана/Факт Отпуск в сеть за отчётный период Смоленскэнерго' is: '2 877 695'

15-11-2024T09:26:42 - [MESSAGE][PASSED] - Text of object 'Object Repository/Выполнение бизнес-плана/Значения со страницы Выполнение бизнес-плана/Факт Отпуск в сеть за отчётный период Смоленскэнерго' is: '2 877 695'

15-11-2024T09:26:42 - [TEST_STEP][PASSED] - page = page.replaceAll("\s+", ""): null

15-11-2024T09:26:42 - [TEST_STEP][PASSED] - fileOtpuskVSet = otpusk.toInteger(): null

15-11-2024T09:26:42 - [TEST_STEP][PASSED] - pageOtpuskVSet = page.toInteger(): null

15-11-2024T09:26:42 - [TEST_STEP][PASSED] - typeOfData = typeOfDataMain + " Потери": null

15-11-2024T09:26:42 - [TEST_STEP][PASSED] - if (a == 82): null

15-11-2024T09:26:42 - [TEST_STEP][PASSED] - else if (a == 84): null

15-11-2024T09:26:42 - [TEST_STEP][PASSED] - else if (a == 52 || a == 72 || a == 28 || a == 73 || a == 77 || a == 74 || a == 65 || a == 36 || a == 44 || a == 53 || a == 80 || a == 54 || a == 1 || a == 18 || a == 59 || a == 81): null

15-11-2024T09:26:42 - [TEST_STEP][PASSED] - else: null

15-11-2024T09:26:42 - [TEST_STEP][PASSED] - path = dataFolder + typeOfData + " за отчётный период " + b: null

15-11-2024T09:26:42 - [TEST_STEP][PASSED] - page = getText(findTestObject(path)): Text of object 'Object Repository/Выполнение бизнес-плана/Значения со страницы Выполнение бизнес-плана/Факт Потери за отчётный период Смоленскэнерго' is: '338 207'

15-11-2024T09:26:42 - [MESSAGE][PASSED] - Text of object 'Object Repository/Выполнение бизнес-плана/Значения со страницы Выполнение бизнес-плана/Факт Потери за отчётный период Смоленскэнерго' is: '338 207'

15-11-2024T09:26:42 - [TEST_STEP][PASSED] - page = page.replaceAll("\s+", ""): null

15-11-2024T09:26:42 - [TEST_STEP][PASSED] - filePoteri = poteri.toInteger(): null

15-11-2024T09:26:42 - [TEST_STEP][PASSED] - pagePoteri = page.toInteger(): null

15-11-2024T09:26:42 - [TEST_STEP][PASSED] - compare = pageOtpuskVSet: null

15-11-2024T09:26:42 - [TEST_STEP][PASSED] - if (compare == fileOtpuskVSet): null

15-11-2024T09:26:42 - [TEST_STEP][PASSED] - if (compare == fileOtpuskVSet): null

15-11-2024T09:26:42 - [TEST_STEP][PASSED] - compare = pagePoteri: null

15-11-2024T09:26:42 - [TEST_STEP][PASSED] - if (compare == filePoteri): null

15-11-2024T09:26:42 - [TEST_STEP][PASSED] - if (compare == filePoteri): null

15-11-2024T09:26:42 - [TEST_STEP][PASSED] - if (planFact == 2): null

15-11-2024T09:26:42 - [TEST_STEP][PASSED] - if (planFact == 1): null

15-11-2024T09:26:42 - [TEST_STEP][PASSED] - else if (planFact == 2): null

15-11-2024T09:26:42 - [TEST_STEP][PASSED] - click(findTestObject("Выполнение бизнес-плана/Кнопка План")): Object: 'Object Repository/Выполнение бизнес-плана/Кнопка План' is clicked on

15-11-2024T09:26:42 - [MESSAGE][PASSED] - Object: 'Object Repository/Выполнение бизнес-плана/Кнопка План' is clicked on

15-11-2024T09:26:42 - [TEST_STEP][PASSED] - typeOfDataMain = "План": null

15-11-2024T09:26:42 - [TEST_STEP][PASSED] - otpusk = findTestData("PlanFact").getValue(2, a): null

15-11-2024T09:26:42 - [TEST_STEP][PASSED] - poteri = findTestData("PlanFact").getValue(3, a): null

15-11-2024T09:26:42 - [TEST_STEP][PASSED] - otpusk = otpusk.replaceAll("\s+", ""): null

15-11-2024T09:26:42 - [TEST_STEP][PASSED] - poteri = poteri.replaceAll("\s+", ""): null

15-11-2024T09:26:42 - [TEST_STEP][PASSED] - typeOfData = typeOfDataMain + " Отпуск в сеть": null

15-11-2024T09:26:42 - [TEST_STEP][PASSED] - if (a == 82): null

15-11-2024T09:26:42 - [TEST_STEP][PASSED] - else if (a == 84): null

15-11-2024T09:26:42 - [TEST_STEP][PASSED] - else if (a == 52 || a == 72 || a == 28 || a == 73 || a == 77 || a == 74 || a == 65 || a == 36 || a == 44 || a == 53 || a == 80 || a == 54 || a == 1 || a == 18 || a == 59 || a == 81): null

15-11-2024T09:26:42 - [TEST_STEP][PASSED] - else: null

15-11-2024T09:26:42 - [TEST_STEP][PASSED] - path = dataFolder + typeOfData + " за отчётный период " + b: null

15-11-2024T09:26:42 - [TEST_STEP][PASSED] - println(path): null

15-11-2024T09:26:42 - [TEST_STEP][PASSED] - page = getText(findTestObject(path)): Text of object 'Object Repository/Выполнение бизнес-плана/Значения со страницы Выполнение бизнес-плана/План Отпуск в сеть за отчётный период Смоленскэнерго' is: '2 861 590'

15-11-2024T09:26:43 - [MESSAGE][PASSED] - Text of object 'Object Repository/Выполнение бизнес-плана/Значения со страницы Выполнение бизнес-плана/План Отпуск в сеть за отчётный период Смоленскэнерго' is: '2 861 590'

15-11-2024T09:26:43 - [TEST_STEP][PASSED] - page = page.replaceAll("\s+", ""): null

15-11-2024T09:26:43 - [TEST_STEP][PASSED] - fileOtpuskVSet = otpusk.toInteger(): null

15-11-2024T09:26:43 - [TEST_STEP][PASSED] - pageOtpuskVSet = page.toInteger(): null

15-11-2024T09:26:43 - [TEST_STEP][PASSED] - typeOfData = typeOfDataMain + " Потери": null

15-11-2024T09:26:43 - [TEST_STEP][PASSED] - if (a == 82): null

15-11-2024T09:26:43 - [TEST_STEP][PASSED] - else if (a == 84): null

15-11-2024T09:26:43 - [TEST_STEP][PASSED] - else if (a == 52 || a == 72 || a == 28 || a == 73 || a == 77 || a == 74 || a == 65 || a == 36 || a == 44 || a == 53 || a == 80 || a == 54 || a == 1 || a == 18 || a == 59 || a == 81): null

15-11-2024T09:26:43 - [TEST_STEP][PASSED] - else: null

15-11-2024T09:26:43 - [TEST_STEP][PASSED] - path = dataFolder + typeOfData + " за отчётный период " + b: null

15-11-2024T09:26:43 - [TEST_STEP][PASSED] - page = getText(findTestObject(path)): Text of object 'Object Repository/Выполнение бизнес-плана/Значения со страницы Выполнение бизнес-плана/План Потери за отчётный период Смоленскэнерго' is: '339 390'

15-11-2024T09:26:43 - [MESSAGE][PASSED] - Text of object 'Object Repository/Выполнение бизнес-плана/Значения со страницы Выполнение бизнес-плана/План Потери за отчётный период Смоленскэнерго' is: '339 390'

15-11-2024T09:26:43 - [TEST_STEP][PASSED] - page = page.replaceAll("\s+", ""): null

15-11-2024T09:26:43 - [TEST_STEP][PASSED] - filePoteri = poteri.toInteger(): null

15-11-2024T09:26:43 - [TEST_STEP][PASSED] - pagePoteri = page.toInteger(): null

15-11-2024T09:26:43 - [TEST_STEP][PASSED] - compare = pageOtpuskVSet: null

15-11-2024T09:26:43 - [TEST_STEP][PASSED] - if (compare == fileOtpuskVSet): null

15-11-2024T09:26:43 - [TEST_STEP][PASSED] - if (compare == fileOtpuskVSet): null

15-11-2024T09:26:43 - [TEST_STEP][PASSED] - compare = pagePoteri: null

15-11-2024T09:26:43 - [TEST_STEP][PASSED] - if (compare == filePoteri): null

15-11-2024T09:26:43 - [TEST_STEP][PASSED] - if (compare == filePoteri): null

15-11-2024T09:26:43 - [TEST_STEP][PASSED] - if (planFact == 2): Object: 'Object Repository/Выполнение бизнес-плана/Кнопка Факт' is clicked on

15-11-2024T09:26:43 - [TEST_STEP][PASSED] - click(findTestObject("Выполнение бизнес-плана/Кнопка Факт")): Object: 'Object Repository/Выполнение бизнес-плана/Кнопка Факт' is clicked on

15-11-2024T09:26:43 - [MESSAGE][PASSED] - Object: 'Object Repository/Выполнение бизнес-плана/Кнопка Факт' is clicked on

15-11-2024T09:26:43 - [TEST_STEP][PASSED] - if (a == 84 || a == 82): null

15-11-2024T09:26:43 - [TEST_STEP][PASSED] - else if (a == 52 || a == 72 || a == 28 || a == 73 || a == 77 || a == 74 || a == 65 || a == 36 || a == 44 || a == 53 || a == 80 || a == 54 || a == 1 || a == 18 || a == 59 || a == 81): null

15-11-2024T09:26:43 - [TEST_STEP][PASSED] - else: null

15-11-2024T09:26:43 - [TEST_STEP][PASSED] - page1 = getText(findTestObject("Object Repository/Выполнение бизнес-плана/spanPlan" + filialNum)): Text of object 'Object Repository/Выполнение бизнес-плана/spanPlan12' is: '11.86
|'

15-11-2024T09:26:44 - [MESSAGE][PASSED] - Text of object 'Object Repository/Выполнение бизнес-плана/spanPlan12' is: '11.86
|'

15-11-2024T09:26:44 - [TEST_STEP][PASSED] - page1 = page1.replace("|", ""): null

15-11-2024T09:26:44 - [TEST_STEP][PASSED] - page2 = getText(findTestObject("Object Repository/Выполнение бизнес-плана/spanFact" + filialNum)): Text of object 'Object Repository/Выполнение бизнес-плана/spanFact12' is: '11.75
|'

15-11-2024T09:26:44 - [MESSAGE][PASSED] - Text of object 'Object Repository/Выполнение бизнес-плана/spanFact12' is: '11.75
|'

15-11-2024T09:26:44 - [TEST_STEP][PASSED] - page2 = page2.replace("|", ""): null

15-11-2024T09:26:44 - [TEST_STEP][PASSED] - println("page1: " + page1): null

15-11-2024T09:26:44 - [TEST_STEP][PASSED] - println("page2: " + page2): null

15-11-2024T09:26:44 - [TEST_STEP][PASSED] - file = findTestData("PlanFact").getValue(4, a): null

15-11-2024T09:26:44 - [TEST_STEP][PASSED] - file = file.replace(",", "."): null

15-11-2024T09:26:44 - [TEST_STEP][PASSED] - println("file Plan: " + file): null

15-11-2024T09:26:44 - [TEST_STEP][PASSED] - typeOfData = "План в процентах": null

15-11-2024T09:26:44 - [TEST_STEP][PASSED] - fileDouble = file.toDouble(): null

15-11-2024T09:26:44 - [TEST_STEP][PASSED] - pageDouble = page1.toDouble(): null

15-11-2024T09:26:44 - [TEST_STEP][PASSED] - if (fileDouble != pageDouble): null

15-11-2024T09:26:44 - [TEST_STEP][PASSED] - file = findTestData("PlanFact").getValue(7, a): null

15-11-2024T09:26:44 - [TEST_STEP][PASSED] - file = file.replace(",", "."): null

15-11-2024T09:26:44 - [TEST_STEP][PASSED] - println("file Fact: " + file): null

15-11-2024T09:26:44 - [TEST_STEP][PASSED] - fileDouble = file.toDouble(): null

15-11-2024T09:26:44 - [TEST_STEP][PASSED] - typeOfData = "Факт в процентах": null

15-11-2024T09:26:44 - [TEST_STEP][PASSED] - fileDouble = file.toDouble(): null

15-11-2024T09:26:44 - [TEST_STEP][PASSED] - pageDouble = page2.toDouble(): null

15-11-2024T09:26:44 - [TEST_STEP][PASSED] - if (fileDouble != pageDouble): null

15-11-2024T09:26:44 - [TEST_STEP][PASSED] - if (verifyEqual(numberOfErrors, 0) == false): Actual object '0' and expected object '0' are equal

15-11-2024T09:26:44 - [MESSAGE][PASSED] - Actual object '0' and expected object '0' are equal

15-11-2024T09:26:44 - [TEST_STEP][PASSED] - if (a == 82): null

15-11-2024T09:26:44 - [TEST_STEP][PASSED] - dZO = "Тамбовэнерго": null

15-11-2024T09:26:44 - [TEST_STEP][PASSED] - a = 10: null

15-11-2024T09:26:44 - [TEST_STEP][PASSED] - if (x2.contains(dZO)): null

15-11-2024T09:26:44 - [TEST_STEP][PASSED] - filialNum = filialNum + 1: null

15-11-2024T09:26:44 - [TEST_STEP][PASSED] - Script1718980020443.Numbers(a, typeOfData, todaysDate, pageInt, fileInt, pageDouble, fileDouble, dZO, dzoNum, filialNum): null

15-11-2024T09:26:44 - [TEST_STEP][PASSED] - println(dzoNum): null

15-11-2024T09:26:44 - [TEST_STEP][PASSED] - planFact = <not implemented yet for class: org.codehaus.groovy.ast.expr.EmptyExpression>: null

15-11-2024T09:26:44 - [TEST_STEP][PASSED] - page = <not implemented yet for class: org.codehaus.groovy.ast.expr.EmptyExpression>: null

15-11-2024T09:26:44 - [TEST_STEP][PASSED] - page1 = <not implemented yet for class: org.codehaus.groovy.ast.expr.EmptyExpression>: null

15-11-2024T09:26:44 - [TEST_STEP][PASSED] - page2 = <not implemented yet for class: org.codehaus.groovy.ast.expr.EmptyExpression>: null

15-11-2024T09:26:44 - [TEST_STEP][PASSED] - filialNumberInRow = <not implemented yet for class: org.codehaus.groovy.ast.expr.EmptyExpression>: null

15-11-2024T09:26:44 - [TEST_STEP][PASSED] - filialsDzoNames = <not implemented yet for class: org.codehaus.groovy.ast.expr.EmptyExpression>: null

15-11-2024T09:26:44 - [TEST_STEP][PASSED] - numberOfFilials = <not implemented yet for class: org.codehaus.groovy.ast.expr.EmptyExpression>: null

15-11-2024T09:26:44 - [TEST_STEP][PASSED] - numberOfSpaces = <not implemented yet for class: org.codehaus.groovy.ast.expr.EmptyExpression>: null

15-11-2024T09:26:44 - [TEST_STEP][PASSED] - file = <not implemented yet for class: org.codehaus.groovy.ast.expr.EmptyExpression>: null

15-11-2024T09:26:44 - [TEST_STEP][PASSED] - otpusk = <not implemented yet for class: org.codehaus.groovy.ast.expr.EmptyExpression>: null

15-11-2024T09:26:44 - [TEST_STEP][PASSED] - poteri = <not implemented yet for class: org.codehaus.groovy.ast.expr.EmptyExpression>: null

15-11-2024T09:26:44 - [TEST_STEP][PASSED] - dataFolder = "Выполнение бизнес-плана/Значения со страницы Выполнение бизнес-плана/": null

15-11-2024T09:26:44 - [TEST_STEP][PASSED] - path = <not implemented yet for class: org.codehaus.groovy.ast.expr.EmptyExpression>: null

15-11-2024T09:26:44 - [TEST_STEP][PASSED] - typeOfDataMain = <not implemented yet for class: org.codehaus.groovy.ast.expr.EmptyExpression>: null

15-11-2024T09:26:44 - [TEST_STEP][PASSED] - fileOtpuskVSet = <not implemented yet for class: org.codehaus.groovy.ast.expr.EmptyExpression>: null

15-11-2024T09:26:44 - [TEST_STEP][PASSED] - pageOtpuskVSet = <not implemented yet for class: org.codehaus.groovy.ast.expr.EmptyExpression>: null

15-11-2024T09:26:44 - [TEST_STEP][PASSED] - filePoteri = <not implemented yet for class: org.codehaus.groovy.ast.expr.EmptyExpression>: null

15-11-2024T09:26:44 - [TEST_STEP][PASSED] - pagePoteri = <not implemented yet for class: org.codehaus.groovy.ast.expr.EmptyExpression>: null

15-11-2024T09:26:44 - [TEST_STEP][PASSED] - compare = <not implemented yet for class: org.codehaus.groovy.ast.expr.EmptyExpression>: null

15-11-2024T09:26:44 - [TEST_STEP][PASSED] - b = <not implemented yet for class: org.codehaus.groovy.ast.expr.EmptyExpression>: null

15-11-2024T09:26:44 - [TEST_STEP][PASSED] - i = <not implemented yet for class: org.codehaus.groovy.ast.expr.EmptyExpression>: null

15-11-2024T09:26:44 - [TEST_STEP][PASSED] - ii = <not implemented yet for class: org.codehaus.groovy.ast.expr.EmptyExpression>: null

15-11-2024T09:26:44 - [TEST_STEP][PASSED] - c = <not implemented yet for class: org.codehaus.groovy.ast.expr.EmptyExpression>: null

15-11-2024T09:26:44 - [TEST_STEP][PASSED] - numberOfErrors = 0: null

15-11-2024T09:26:44 - [TEST_STEP][PASSED] - if (a == 82): null

15-11-2024T09:26:44 - [TEST_STEP][PASSED] - b = findTestData("PlanFact").getValue(1, a): null

15-11-2024T09:26:44 - [TEST_STEP][PASSED] - i = b.indexOf(" (ГК)"): null

15-11-2024T09:26:44 - [TEST_STEP][PASSED] - if (i > -1): null

15-11-2024T09:26:44 - [TEST_STEP][PASSED] - i = b.indexOf("О ""): null

15-11-2024T09:26:44 - [TEST_STEP][PASSED] - if (i > -1): null

15-11-2024T09:26:44 - [TEST_STEP][PASSED] - i = b.indexOf("О «"): null

15-11-2024T09:26:44 - [TEST_STEP][PASSED] - if (i > -1): null

15-11-2024T09:26:44 - [TEST_STEP][PASSED] - i = b.indexOf("г. "): null

15-11-2024T09:26:44 - [TEST_STEP][PASSED] - if (i > -1): null

15-11-2024T09:26:44 - [TEST_STEP][PASSED] - println(b): null

15-11-2024T09:26:44 - [TEST_STEP][PASSED] - for ([planFact = 1, planFact < 3, (planFact++)]): Object: 'Object Repository/Выполнение бизнес-плана/Кнопка Факт' is clicked on

15-11-2024T09:26:44 - [TEST_STEP][PASSED] - if (planFact == 1): null

15-11-2024T09:26:44 - [TEST_STEP][PASSED] - typeOfDataMain = "Факт": null

15-11-2024T09:26:44 - [TEST_STEP][PASSED] - otpusk = findTestData("PlanFact").getValue(5, a): null

15-11-2024T09:26:44 - [TEST_STEP][PASSED] - poteri = findTestData("PlanFact").getValue(6, a): null

15-11-2024T09:26:44 - [TEST_STEP][PASSED] - otpusk = otpusk.replaceAll("\s+", ""): null

15-11-2024T09:26:44 - [TEST_STEP][PASSED] - poteri = poteri.replaceAll("\s+", ""): null

15-11-2024T09:26:44 - [TEST_STEP][PASSED] - typeOfData = typeOfDataMain + " Отпуск в сеть": null

15-11-2024T09:26:44 - [TEST_STEP][PASSED] - if (a == 82): null

15-11-2024T09:26:44 - [TEST_STEP][PASSED] - else if (a == 84): null

15-11-2024T09:26:44 - [TEST_STEP][PASSED] - else if (a == 52 || a == 72 || a == 28 || a == 73 || a == 77 || a == 74 || a == 65 || a == 36 || a == 44 || a == 53 || a == 80 || a == 54 || a == 1 || a == 18 || a == 59 || a == 81): null

15-11-2024T09:26:44 - [TEST_STEP][PASSED] - else: null

15-11-2024T09:26:44 - [TEST_STEP][PASSED] - path = dataFolder + typeOfData + " за отчётный период " + b: null

15-11-2024T09:26:44 - [TEST_STEP][PASSED] - println(path): null

15-11-2024T09:26:44 - [TEST_STEP][PASSED] - page = getText(findTestObject(path)): Text of object 'Object Repository/Выполнение бизнес-плана/Значения со страницы Выполнение бизнес-плана/Факт Отпуск в сеть за отчётный период Тамбовэнерго' is: '2 262 998'

15-11-2024T09:26:44 - [MESSAGE][PASSED] - Text of object 'Object Repository/Выполнение бизнес-плана/Значения со страницы Выполнение бизнес-плана/Факт Отпуск в сеть за отчётный период Тамбовэнерго' is: '2 262 998'

15-11-2024T09:26:44 - [TEST_STEP][PASSED] - page = page.replaceAll("\s+", ""): null

15-11-2024T09:26:44 - [TEST_STEP][PASSED] - fileOtpuskVSet = otpusk.toInteger(): null

15-11-2024T09:26:44 - [TEST_STEP][PASSED] - pageOtpuskVSet = page.toInteger(): null

15-11-2024T09:26:44 - [TEST_STEP][PASSED] - typeOfData = typeOfDataMain + " Потери": null

15-11-2024T09:26:44 - [TEST_STEP][PASSED] - if (a == 82): null

15-11-2024T09:26:44 - [TEST_STEP][PASSED] - else if (a == 84): null

15-11-2024T09:26:44 - [TEST_STEP][PASSED] - else if (a == 52 || a == 72 || a == 28 || a == 73 || a == 77 || a == 74 || a == 65 || a == 36 || a == 44 || a == 53 || a == 80 || a == 54 || a == 1 || a == 18 || a == 59 || a == 81): null

15-11-2024T09:26:44 - [TEST_STEP][PASSED] - else: null

15-11-2024T09:26:44 - [TEST_STEP][PASSED] - path = dataFolder + typeOfData + " за отчётный период " + b: null

15-11-2024T09:26:44 - [TEST_STEP][PASSED] - page = getText(findTestObject(path)): Text of object 'Object Repository/Выполнение бизнес-плана/Значения со страницы Выполнение бизнес-плана/Факт Потери за отчётный период Тамбовэнерго' is: '185 079'

15-11-2024T09:26:45 - [MESSAGE][PASSED] - Text of object 'Object Repository/Выполнение бизнес-плана/Значения со страницы Выполнение бизнес-плана/Факт Потери за отчётный период Тамбовэнерго' is: '185 079'

15-11-2024T09:26:45 - [TEST_STEP][PASSED] - page = page.replaceAll("\s+", ""): null

15-11-2024T09:26:45 - [TEST_STEP][PASSED] - filePoteri = poteri.toInteger(): null

15-11-2024T09:26:45 - [TEST_STEP][PASSED] - pagePoteri = page.toInteger(): null

15-11-2024T09:26:45 - [TEST_STEP][PASSED] - compare = pageOtpuskVSet: null

15-11-2024T09:26:45 - [TEST_STEP][PASSED] - if (compare == fileOtpuskVSet): null

15-11-2024T09:26:45 - [TEST_STEP][PASSED] - if (compare == fileOtpuskVSet): null

15-11-2024T09:26:45 - [TEST_STEP][PASSED] - compare = pagePoteri: null

15-11-2024T09:26:45 - [TEST_STEP][PASSED] - if (compare == filePoteri): null

15-11-2024T09:26:45 - [TEST_STEP][PASSED] - if (compare == filePoteri): null

15-11-2024T09:26:45 - [TEST_STEP][PASSED] - if (planFact == 2): null

15-11-2024T09:26:45 - [TEST_STEP][PASSED] - if (planFact == 1): null

15-11-2024T09:26:45 - [TEST_STEP][PASSED] - else if (planFact == 2): null

15-11-2024T09:26:45 - [TEST_STEP][PASSED] - click(findTestObject("Выполнение бизнес-плана/Кнопка План")): Object: 'Object Repository/Выполнение бизнес-плана/Кнопка План' is clicked on

15-11-2024T09:26:45 - [MESSAGE][PASSED] - Object: 'Object Repository/Выполнение бизнес-плана/Кнопка План' is clicked on

15-11-2024T09:26:45 - [TEST_STEP][PASSED] - typeOfDataMain = "План": null

15-11-2024T09:26:45 - [TEST_STEP][PASSED] - otpusk = findTestData("PlanFact").getValue(2, a): null

15-11-2024T09:26:45 - [TEST_STEP][PASSED] - poteri = findTestData("PlanFact").getValue(3, a): null

15-11-2024T09:26:45 - [TEST_STEP][PASSED] - otpusk = otpusk.replaceAll("\s+", ""): null

15-11-2024T09:26:45 - [TEST_STEP][PASSED] - poteri = poteri.replaceAll("\s+", ""): null

15-11-2024T09:26:45 - [TEST_STEP][PASSED] - typeOfData = typeOfDataMain + " Отпуск в сеть": null

15-11-2024T09:26:45 - [TEST_STEP][PASSED] - if (a == 82): null

15-11-2024T09:26:45 - [TEST_STEP][PASSED] - else if (a == 84): null

15-11-2024T09:26:45 - [TEST_STEP][PASSED] - else if (a == 52 || a == 72 || a == 28 || a == 73 || a == 77 || a == 74 || a == 65 || a == 36 || a == 44 || a == 53 || a == 80 || a == 54 || a == 1 || a == 18 || a == 59 || a == 81): null

15-11-2024T09:26:45 - [TEST_STEP][PASSED] - else: null

15-11-2024T09:26:45 - [TEST_STEP][PASSED] - path = dataFolder + typeOfData + " за отчётный период " + b: null

15-11-2024T09:26:45 - [TEST_STEP][PASSED] - println(path): null

15-11-2024T09:26:45 - [TEST_STEP][PASSED] - page = getText(findTestObject(path)): Text of object 'Object Repository/Выполнение бизнес-плана/Значения со страницы Выполнение бизнес-плана/План Отпуск в сеть за отчётный период Тамбовэнерго' is: '2 195 554'

15-11-2024T09:26:45 - [MESSAGE][PASSED] - Text of object 'Object Repository/Выполнение бизнес-плана/Значения со страницы Выполнение бизнес-плана/План Отпуск в сеть за отчётный период Тамбовэнерго' is: '2 195 554'

15-11-2024T09:26:45 - [TEST_STEP][PASSED] - page = page.replaceAll("\s+", ""): null

15-11-2024T09:26:45 - [TEST_STEP][PASSED] - fileOtpuskVSet = otpusk.toInteger(): null

15-11-2024T09:26:45 - [TEST_STEP][PASSED] - pageOtpuskVSet = page.toInteger(): null

15-11-2024T09:26:45 - [TEST_STEP][PASSED] - typeOfData = typeOfDataMain + " Потери": null

15-11-2024T09:26:45 - [TEST_STEP][PASSED] - if (a == 82): null

15-11-2024T09:26:45 - [TEST_STEP][PASSED] - else if (a == 84): null

15-11-2024T09:26:45 - [TEST_STEP][PASSED] - else if (a == 52 || a == 72 || a == 28 || a == 73 || a == 77 || a == 74 || a == 65 || a == 36 || a == 44 || a == 53 || a == 80 || a == 54 || a == 1 || a == 18 || a == 59 || a == 81): null

15-11-2024T09:26:45 - [TEST_STEP][PASSED] - else: null

15-11-2024T09:26:45 - [TEST_STEP][PASSED] - path = dataFolder + typeOfData + " за отчётный период " + b: null

15-11-2024T09:26:45 - [TEST_STEP][PASSED] - page = getText(findTestObject(path)): Text of object 'Object Repository/Выполнение бизнес-плана/Значения со страницы Выполнение бизнес-плана/План Потери за отчётный период Тамбовэнерго' is: '191 492'

15-11-2024T09:26:46 - [MESSAGE][PASSED] - Text of object 'Object Repository/Выполнение бизнес-плана/Значения со страницы Выполнение бизнес-плана/План Потери за отчётный период Тамбовэнерго' is: '191 492'

15-11-2024T09:26:46 - [TEST_STEP][PASSED] - page = page.replaceAll("\s+", ""): null

15-11-2024T09:26:46 - [TEST_STEP][PASSED] - filePoteri = poteri.toInteger(): null

15-11-2024T09:26:46 - [TEST_STEP][PASSED] - pagePoteri = page.toInteger(): null

15-11-2024T09:26:46 - [TEST_STEP][PASSED] - compare = pageOtpuskVSet: null

15-11-2024T09:26:46 - [TEST_STEP][PASSED] - if (compare == fileOtpuskVSet): null

15-11-2024T09:26:46 - [TEST_STEP][PASSED] - if (compare == fileOtpuskVSet): null

15-11-2024T09:26:46 - [TEST_STEP][PASSED] - compare = pagePoteri: null

15-11-2024T09:26:46 - [TEST_STEP][PASSED] - if (compare == filePoteri): null

15-11-2024T09:26:46 - [TEST_STEP][PASSED] - if (compare == filePoteri): null

15-11-2024T09:26:46 - [TEST_STEP][PASSED] - if (planFact == 2): Object: 'Object Repository/Выполнение бизнес-плана/Кнопка Факт' is clicked on

15-11-2024T09:26:46 - [TEST_STEP][PASSED] - click(findTestObject("Выполнение бизнес-плана/Кнопка Факт")): Object: 'Object Repository/Выполнение бизнес-плана/Кнопка Факт' is clicked on

15-11-2024T09:26:46 - [MESSAGE][PASSED] - Object: 'Object Repository/Выполнение бизнес-плана/Кнопка Факт' is clicked on

15-11-2024T09:26:46 - [TEST_STEP][PASSED] - if (a == 84 || a == 82): null

15-11-2024T09:26:46 - [TEST_STEP][PASSED] - else if (a == 52 || a == 72 || a == 28 || a == 73 || a == 77 || a == 74 || a == 65 || a == 36 || a == 44 || a == 53 || a == 80 || a == 54 || a == 1 || a == 18 || a == 59 || a == 81): null

15-11-2024T09:26:46 - [TEST_STEP][PASSED] - else: null

15-11-2024T09:26:46 - [TEST_STEP][PASSED] - page1 = getText(findTestObject("Object Repository/Выполнение бизнес-плана/spanPlan" + filialNum)): Text of object 'Object Repository/Выполнение бизнес-плана/spanPlan13' is: '8.72
|'

15-11-2024T09:26:46 - [MESSAGE][PASSED] - Text of object 'Object Repository/Выполнение бизнес-плана/spanPlan13' is: '8.72
|'

15-11-2024T09:26:46 - [TEST_STEP][PASSED] - page1 = page1.replace("|", ""): null

15-11-2024T09:26:46 - [TEST_STEP][PASSED] - page2 = getText(findTestObject("Object Repository/Выполнение бизнес-плана/spanFact" + filialNum)): Text of object 'Object Repository/Выполнение бизнес-плана/spanFact13' is: '8.18
|'

15-11-2024T09:26:47 - [MESSAGE][PASSED] - Text of object 'Object Repository/Выполнение бизнес-плана/spanFact13' is: '8.18
|'

15-11-2024T09:26:47 - [TEST_STEP][PASSED] - page2 = page2.replace("|", ""): null

15-11-2024T09:26:47 - [TEST_STEP][PASSED] - println("page1: " + page1): null

15-11-2024T09:26:47 - [TEST_STEP][PASSED] - println("page2: " + page2): null

15-11-2024T09:26:47 - [TEST_STEP][PASSED] - file = findTestData("PlanFact").getValue(4, a): null

15-11-2024T09:26:47 - [TEST_STEP][PASSED] - file = file.replace(",", "."): null

15-11-2024T09:26:47 - [TEST_STEP][PASSED] - println("file Plan: " + file): null

15-11-2024T09:26:47 - [TEST_STEP][PASSED] - typeOfData = "План в процентах": null

15-11-2024T09:26:47 - [TEST_STEP][PASSED] - fileDouble = file.toDouble(): null

15-11-2024T09:26:47 - [TEST_STEP][PASSED] - pageDouble = page1.toDouble(): null

15-11-2024T09:26:47 - [TEST_STEP][PASSED] - if (fileDouble != pageDouble): null

15-11-2024T09:26:47 - [TEST_STEP][PASSED] - file = findTestData("PlanFact").getValue(7, a): null

15-11-2024T09:26:47 - [TEST_STEP][PASSED] - file = file.replace(",", "."): null

15-11-2024T09:26:47 - [TEST_STEP][PASSED] - println("file Fact: " + file): null

15-11-2024T09:26:47 - [TEST_STEP][PASSED] - fileDouble = file.toDouble(): null

15-11-2024T09:26:47 - [TEST_STEP][PASSED] - typeOfData = "Факт в процентах": null

15-11-2024T09:26:47 - [TEST_STEP][PASSED] - fileDouble = file.toDouble(): null

15-11-2024T09:26:47 - [TEST_STEP][PASSED] - pageDouble = page2.toDouble(): null

15-11-2024T09:26:47 - [TEST_STEP][PASSED] - if (fileDouble != pageDouble): null

15-11-2024T09:26:47 - [TEST_STEP][PASSED] - if (verifyEqual(numberOfErrors, 0) == false): Actual object '0' and expected object '0' are equal

15-11-2024T09:26:47 - [MESSAGE][PASSED] - Actual object '0' and expected object '0' are equal

15-11-2024T09:26:47 - [TEST_STEP][PASSED] - if (a == 82): null

15-11-2024T09:26:47 - [TEST_STEP][PASSED] - dZO = "Тверьэнерго": null

15-11-2024T09:26:47 - [TEST_STEP][PASSED] - a = 11: null

15-11-2024T09:26:47 - [TEST_STEP][PASSED] - if (x2.contains(dZO)): null

15-11-2024T09:26:47 - [TEST_STEP][PASSED] - filialNum = filialNum + 1: null

15-11-2024T09:26:47 - [TEST_STEP][PASSED] - Script1718980020443.Numbers(a, typeOfData, todaysDate, pageInt, fileInt, pageDouble, fileDouble, dZO, dzoNum, filialNum): null

15-11-2024T09:26:47 - [TEST_STEP][PASSED] - println(dzoNum): null

15-11-2024T09:26:47 - [TEST_STEP][PASSED] - planFact = <not implemented yet for class: org.codehaus.groovy.ast.expr.EmptyExpression>: null

15-11-2024T09:26:47 - [TEST_STEP][PASSED] - page = <not implemented yet for class: org.codehaus.groovy.ast.expr.EmptyExpression>: null

15-11-2024T09:26:47 - [TEST_STEP][PASSED] - page1 = <not implemented yet for class: org.codehaus.groovy.ast.expr.EmptyExpression>: null

15-11-2024T09:26:47 - [TEST_STEP][PASSED] - page2 = <not implemented yet for class: org.codehaus.groovy.ast.expr.EmptyExpression>: null

15-11-2024T09:26:47 - [TEST_STEP][PASSED] - filialNumberInRow = <not implemented yet for class: org.codehaus.groovy.ast.expr.EmptyExpression>: null

15-11-2024T09:26:47 - [TEST_STEP][PASSED] - filialsDzoNames = <not implemented yet for class: org.codehaus.groovy.ast.expr.EmptyExpression>: null

15-11-2024T09:26:47 - [TEST_STEP][PASSED] - numberOfFilials = <not implemented yet for class: org.codehaus.groovy.ast.expr.EmptyExpression>: null

15-11-2024T09:26:47 - [TEST_STEP][PASSED] - numberOfSpaces = <not implemented yet for class: org.codehaus.groovy.ast.expr.EmptyExpression>: null

15-11-2024T09:26:47 - [TEST_STEP][PASSED] - file = <not implemented yet for class: org.codehaus.groovy.ast.expr.EmptyExpression>: null

15-11-2024T09:26:47 - [TEST_STEP][PASSED] - otpusk = <not implemented yet for class: org.codehaus.groovy.ast.expr.EmptyExpression>: null

15-11-2024T09:26:47 - [TEST_STEP][PASSED] - poteri = <not implemented yet for class: org.codehaus.groovy.ast.expr.EmptyExpression>: null

15-11-2024T09:26:47 - [TEST_STEP][PASSED] - dataFolder = "Выполнение бизнес-плана/Значения со страницы Выполнение бизнес-плана/": null

15-11-2024T09:26:47 - [TEST_STEP][PASSED] - path = <not implemented yet for class: org.codehaus.groovy.ast.expr.EmptyExpression>: null

15-11-2024T09:26:47 - [TEST_STEP][PASSED] - typeOfDataMain = <not implemented yet for class: org.codehaus.groovy.ast.expr.EmptyExpression>: null

15-11-2024T09:26:47 - [TEST_STEP][PASSED] - fileOtpuskVSet = <not implemented yet for class: org.codehaus.groovy.ast.expr.EmptyExpression>: null

15-11-2024T09:26:47 - [TEST_STEP][PASSED] - pageOtpuskVSet = <not implemented yet for class: org.codehaus.groovy.ast.expr.EmptyExpression>: null

15-11-2024T09:26:47 - [TEST_STEP][PASSED] - filePoteri = <not implemented yet for class: org.codehaus.groovy.ast.expr.EmptyExpression>: null

15-11-2024T09:26:47 - [TEST_STEP][PASSED] - pagePoteri = <not implemented yet for class: org.codehaus.groovy.ast.expr.EmptyExpression>: null

15-11-2024T09:26:47 - [TEST_STEP][PASSED] - compare = <not implemented yet for class: org.codehaus.groovy.ast.expr.EmptyExpression>: null

15-11-2024T09:26:47 - [TEST_STEP][PASSED] - b = <not implemented yet for class: org.codehaus.groovy.ast.expr.EmptyExpression>: null

15-11-2024T09:26:47 - [TEST_STEP][PASSED] - i = <not implemented yet for class: org.codehaus.groovy.ast.expr.EmptyExpression>: null

15-11-2024T09:26:47 - [TEST_STEP][PASSED] - ii = <not implemented yet for class: org.codehaus.groovy.ast.expr.EmptyExpression>: null

15-11-2024T09:26:47 - [TEST_STEP][PASSED] - c = <not implemented yet for class: org.codehaus.groovy.ast.expr.EmptyExpression>: null

15-11-2024T09:26:47 - [TEST_STEP][PASSED] - numberOfErrors = 0: null

15-11-2024T09:26:47 - [TEST_STEP][PASSED] - if (a == 82): null

15-11-2024T09:26:47 - [TEST_STEP][PASSED] - b = findTestData("PlanFact").getValue(1, a): null

15-11-2024T09:26:47 - [TEST_STEP][PASSED] - i = b.indexOf(" (ГК)"): null

15-11-2024T09:26:47 - [TEST_STEP][PASSED] - if (i > -1): null

15-11-2024T09:26:47 - [TEST_STEP][PASSED] - i = b.indexOf("О ""): null

15-11-2024T09:26:47 - [TEST_STEP][PASSED] - if (i > -1): null

15-11-2024T09:26:47 - [TEST_STEP][PASSED] - i = b.indexOf("О «"): null

15-11-2024T09:26:47 - [TEST_STEP][PASSED] - if (i > -1): null

15-11-2024T09:26:47 - [TEST_STEP][PASSED] - i = b.indexOf("г. "): null

15-11-2024T09:26:47 - [TEST_STEP][PASSED] - if (i > -1): null

15-11-2024T09:26:47 - [TEST_STEP][PASSED] - println(b): null

15-11-2024T09:26:47 - [TEST_STEP][PASSED] - for ([planFact = 1, planFact < 3, (planFact++)]): null

15-11-2024T09:26:47 - [TEST_STEP][PASSED] - if (planFact == 1): null

15-11-2024T09:26:47 - [TEST_STEP][PASSED] - typeOfDataMain = "Факт": null

15-11-2024T09:26:47 - [TEST_STEP][PASSED] - otpusk = findTestData("PlanFact").getValue(5, a): null

15-11-2024T09:26:47 - [TEST_STEP][PASSED] - poteri = findTestData("PlanFact").getValue(6, a): null

15-11-2024T09:26:47 - [TEST_STEP][PASSED] - otpusk = otpusk.replaceAll("\s+", ""): null

15-11-2024T09:26:47 - [TEST_STEP][PASSED] - poteri = poteri.replaceAll("\s+", ""): null

15-11-2024T09:26:47 - [TEST_STEP][PASSED] - typeOfData = typeOfDataMain + " Отпуск в сеть": null

15-11-2024T09:26:47 - [TEST_STEP][PASSED] - if (a == 82): null

15-11-2024T09:26:47 - [TEST_STEP][PASSED] - else if (a == 84): null

15-11-2024T09:26:47 - [TEST_STEP][PASSED] - else if (a == 52 || a == 72 || a == 28 || a == 73 || a == 77 || a == 74 || a == 65 || a == 36 || a == 44 || a == 53 || a == 80 || a == 54 || a == 1 || a == 18 || a == 59 || a == 81): null

15-11-2024T09:26:47 - [TEST_STEP][PASSED] - else: null

15-11-2024T09:26:47 - [TEST_STEP][PASSED] - path = dataFolder + typeOfData + " за отчётный период " + b: null

15-11-2024T09:26:47 - [TEST_STEP][PASSED] - println(path): null

15-11-2024T09:26:47 - [TEST_STEP][PASSED] - page = getText(findTestObject(path)): Text of object 'Object Repository/Выполнение бизнес-плана/Значения со страницы Выполнение бизнес-плана/Факт Отпуск в сеть за отчётный период Тверьэнерго' is: '3 880 878'

15-11-2024T09:26:47 - [MESSAGE][PASSED] - Text of object 'Object Repository/Выполнение бизнес-плана/Значения со страницы Выполнение бизнес-плана/Факт Отпуск в сеть за отчётный период Тверьэнерго' is: '3 880 878'

15-11-2024T09:26:47 - [TEST_STEP][PASSED] - page = page.replaceAll("\s+", ""): null

15-11-2024T09:26:47 - [TEST_STEP][PASSED] - fileOtpuskVSet = otpusk.toInteger(): null

15-11-2024T09:26:47 - [TEST_STEP][PASSED] - pageOtpuskVSet = page.toInteger(): null

15-11-2024T09:26:47 - [TEST_STEP][PASSED] - typeOfData = typeOfDataMain + " Потери": null

15-11-2024T09:26:47 - [TEST_STEP][PASSED] - if (a == 82): null

15-11-2024T09:26:47 - [TEST_STEP][PASSED] - else if (a == 84): null

15-11-2024T09:26:47 - [TEST_STEP][PASSED] - else if (a == 52 || a == 72 || a == 28 || a == 73 || a == 77 || a == 74 || a == 65 || a == 36 || a == 44 || a == 53 || a == 80 || a == 54 || a == 1 || a == 18 || a == 59 || a == 81): null

15-11-2024T09:26:47 - [TEST_STEP][PASSED] - else: null

15-11-2024T09:26:47 - [TEST_STEP][PASSED] - path = dataFolder + typeOfData + " за отчётный период " + b: null

15-11-2024T09:26:47 - [TEST_STEP][PASSED] - page = getText(findTestObject(path)): Text of object 'Object Repository/Выполнение бизнес-плана/Значения со страницы Выполнение бизнес-плана/Факт Потери за отчётный период Тверьэнерго' is: '500 811'

15-11-2024T09:26:48 - [MESSAGE][PASSED] - Text of object 'Object Repository/Выполнение бизнес-плана/Значения со страницы Выполнение бизнес-плана/Факт Потери за отчётный период Тверьэнерго' is: '500 811'

15-11-2024T09:26:48 - [TEST_STEP][PASSED] - page = page.replaceAll("\s+", ""): null

15-11-2024T09:26:48 - [TEST_STEP][PASSED] - filePoteri = poteri.toInteger(): null

15-11-2024T09:26:48 - [TEST_STEP][PASSED] - pagePoteri = page.toInteger(): null

15-11-2024T09:26:48 - [TEST_STEP][PASSED] - compare = pageOtpuskVSet: null

15-11-2024T09:26:48 - [TEST_STEP][PASSED] - if (compare == fileOtpuskVSet): null

15-11-2024T09:26:48 - [TEST_STEP][PASSED] - else if (compare > fileOtpuskVSet): null

15-11-2024T09:26:48 - [TEST_STEP][PASSED] - else if (compare < fileOtpuskVSet): null

15-11-2024T09:26:48 - [TEST_STEP][PASSED] - compare = compare + 1: null

15-11-2024T09:26:48 - [TEST_STEP][PASSED] - if (compare == fileOtpuskVSet): null

15-11-2024T09:26:48 - [TEST_STEP][PASSED] - else: null

15-11-2024T09:26:48 - [TEST_STEP][PASSED] - numberOfErrors = numberOfErrors + 1: null

15-11-2024T09:26:48 - [TEST_STEP][PASSED] - pageInt = pageOtpuskVSet: null

15-11-2024T09:26:48 - [TEST_STEP][PASSED] - fileInt = fileOtpuskVSet: null

15-11-2024T09:26:48 - [TEST_STEP][PASSED] - typeOfData = typeOfDataMain + " Отпуск в сеть": null

15-11-2024T09:26:48 - [TEST_STEP][PASSED] - Script1718980020443.WriteToExcel(a, typeOfData, todaysDate, pageInt, fileInt, pageDouble, fileDouble, dZO): null

15-11-2024T09:26:48 - [TEST_STEP][PASSED] - sheetName = "Sheet1": null

15-11-2024T09:26:48 - [TEST_STEP][PASSED] - data = findTestData("PlanFact"): null

15-11-2024T09:26:48 - [TEST_STEP][PASSED] - n = data.getRowNumbers() + 1: null

15-11-2024T09:26:48 - [TEST_STEP][PASSED] - year = todaysDate.substring(todaysDate.length() - 4, todaysDate.length()): null

15-11-2024T09:26:48 - [TEST_STEP][PASSED] - y = year.toInteger(): null

15-11-2024T09:26:48 - [TEST_STEP][PASSED] - m = getText(findTestObject("Выполнение бизнес-плана/Период")): Text of object 'Object Repository/Выполнение бизнес-плана/Период' is: '1, 2, 3 кв. 2024 года'

15-11-2024T09:26:48 - [MESSAGE][PASSED] - Text of object 'Object Repository/Выполнение бизнес-плана/Период' is: '1, 2, 3 кв. 2024 года'

15-11-2024T09:26:48 - [TEST_STEP][PASSED] - m = m.substring(0, m.indexOf("2024")): null

15-11-2024T09:26:48 - [TEST_STEP][PASSED] - m = m.trim(): null

15-11-2024T09:26:48 - [TEST_STEP][PASSED] - dashboardName = "Выполнение бизнес-плана": null

15-11-2024T09:26:48 - [TEST_STEP][PASSED] - workbook01 = getWorkbook(excelFilePath): null

15-11-2024T09:26:48 - [TEST_STEP][PASSED] - sheet01 = getExcelSheet(workbook01, sheetName): null

15-11-2024T09:26:48 - [TEST_STEP][PASSED] - setValueToCellByIndex(sheet01, n, 0, dashboardName): null

15-11-2024T09:26:48 - [TEST_STEP][PASSED] - setValueToCellByIndex(sheet01, n, 1, dZO): null

15-11-2024T09:26:48 - [TEST_STEP][PASSED] - setValueToCellByIndex(sheet01, n, 2, typeOfData): null

15-11-2024T09:26:48 - [TEST_STEP][PASSED] - if (typeOfData == "Факт в процентах" || typeOfData == "План в процентах"): null

15-11-2024T09:26:48 - [TEST_STEP][PASSED] - else: null

15-11-2024T09:26:48 - [TEST_STEP][PASSED] - setValueToCellByIndex(sheet01, n, 3, fileInt): null

15-11-2024T09:26:48 - [TEST_STEP][PASSED] - setValueToCellByIndex(sheet01, n, 4, pageInt): null

15-11-2024T09:26:48 - [TEST_STEP][PASSED] - setValueToCellByIndex(sheet01, n, 5, m): null

15-11-2024T09:26:48 - [TEST_STEP][PASSED] - setValueToCellByIndex(sheet01, n, 6, y): null

15-11-2024T09:26:48 - [TEST_STEP][PASSED] - setValueToCellByIndex(sheet01, n, 7, todaysDate): null

15-11-2024T09:26:48 - [TEST_STEP][PASSED] - n = n + 1: null

15-11-2024T09:26:48 - [TEST_STEP][PASSED] - saveWorkbook(excelFilePath, workbook01): null

15-11-2024T09:26:48 - [TEST_STEP][PASSED] - compare = pagePoteri: null

15-11-2024T09:26:48 - [TEST_STEP][PASSED] - if (compare == filePoteri): null

15-11-2024T09:26:48 - [TEST_STEP][PASSED] - else if (compare > filePoteri): null

15-11-2024T09:26:48 - [TEST_STEP][PASSED] - else if (compare < filePoteri): null

15-11-2024T09:26:48 - [TEST_STEP][PASSED] - compare = compare + 1: null

15-11-2024T09:26:48 - [TEST_STEP][PASSED] - if (compare == filePoteri): null

15-11-2024T09:26:48 - [TEST_STEP][PASSED] - else: null

15-11-2024T09:26:48 - [TEST_STEP][PASSED] - numberOfErrors = numberOfErrors + 1: null

15-11-2024T09:26:48 - [TEST_STEP][PASSED] - pageInt = pagePoteri: null

15-11-2024T09:26:48 - [TEST_STEP][PASSED] - fileInt = filePoteri: null

15-11-2024T09:26:48 - [TEST_STEP][PASSED] - typeOfData = typeOfDataMain + " Потери": null

15-11-2024T09:26:48 - [TEST_STEP][PASSED] - Script1718980020443.WriteToExcel(a, typeOfData, todaysDate, pageInt, fileInt, pageDouble, fileDouble, dZO): null

15-11-2024T09:26:48 - [TEST_STEP][PASSED] - sheetName = "Sheet1": null

15-11-2024T09:26:48 - [TEST_STEP][PASSED] - data = findTestData("PlanFact"): null

15-11-2024T09:26:48 - [TEST_STEP][PASSED] - n = data.getRowNumbers() + 1: null

15-11-2024T09:26:48 - [TEST_STEP][PASSED] - year = todaysDate.substring(todaysDate.length() - 4, todaysDate.length()): null

15-11-2024T09:26:48 - [TEST_STEP][PASSED] - y = year.toInteger(): null

15-11-2024T09:26:48 - [TEST_STEP][PASSED] - m = getText(findTestObject("Выполнение бизнес-плана/Период")): Text of object 'Object Repository/Выполнение бизнес-плана/Период' is: '1, 2, 3 кв. 2024 года'

15-11-2024T09:26:49 - [MESSAGE][PASSED] - Text of object 'Object Repository/Выполнение бизнес-плана/Период' is: '1, 2, 3 кв. 2024 года'

15-11-2024T09:26:49 - [TEST_STEP][PASSED] - m = m.substring(0, m.indexOf("2024")): null

15-11-2024T09:26:49 - [TEST_STEP][PASSED] - m = m.trim(): null

15-11-2024T09:26:49 - [TEST_STEP][PASSED] - dashboardName = "Выполнение бизнес-плана": null

15-11-2024T09:26:49 - [TEST_STEP][PASSED] - workbook01 = getWorkbook(excelFilePath): null

15-11-2024T09:26:49 - [TEST_STEP][PASSED] - sheet01 = getExcelSheet(workbook01, sheetName): null

15-11-2024T09:26:49 - [TEST_STEP][PASSED] - setValueToCellByIndex(sheet01, n, 0, dashboardName): null

15-11-2024T09:26:49 - [TEST_STEP][PASSED] - setValueToCellByIndex(sheet01, n, 1, dZO): null

15-11-2024T09:26:49 - [TEST_STEP][PASSED] - setValueToCellByIndex(sheet01, n, 2, typeOfData): null

15-11-2024T09:26:49 - [TEST_STEP][PASSED] - if (typeOfData == "Факт в процентах" || typeOfData == "План в процентах"): null

15-11-2024T09:26:49 - [TEST_STEP][PASSED] - else: null

15-11-2024T09:26:49 - [TEST_STEP][PASSED] - setValueToCellByIndex(sheet01, n, 3, fileInt): null

15-11-2024T09:26:49 - [TEST_STEP][PASSED] - setValueToCellByIndex(sheet01, n, 4, pageInt): null

15-11-2024T09:26:49 - [TEST_STEP][PASSED] - setValueToCellByIndex(sheet01, n, 5, m): null

15-11-2024T09:26:49 - [TEST_STEP][PASSED] - setValueToCellByIndex(sheet01, n, 6, y): null

15-11-2024T09:26:49 - [TEST_STEP][PASSED] - setValueToCellByIndex(sheet01, n, 7, todaysDate): null

15-11-2024T09:26:49 - [TEST_STEP][PASSED] - n = n + 1: null

15-11-2024T09:26:49 - [TEST_STEP][PASSED] - saveWorkbook(excelFilePath, workbook01): null

15-11-2024T09:26:49 - [TEST_STEP][PASSED] - if (planFact == 2): null

15-11-2024T09:26:49 - [TEST_STEP][PASSED] - if (planFact == 1): null

15-11-2024T09:26:49 - [TEST_STEP][PASSED] - else if (planFact == 2): null

15-11-2024T09:26:49 - [TEST_STEP][PASSED] - click(findTestObject("Выполнение бизнес-плана/Кнопка План")): Object: 'Object Repository/Выполнение бизнес-плана/Кнопка План' is clicked on

15-11-2024T09:26:49 - [MESSAGE][PASSED] - Object: 'Object Repository/Выполнение бизнес-плана/Кнопка План' is clicked on

15-11-2024T09:26:49 - [TEST_STEP][PASSED] - typeOfDataMain = "План": null

15-11-2024T09:26:49 - [TEST_STEP][PASSED] - otpusk = findTestData("PlanFact").getValue(2, a): null

15-11-2024T09:26:49 - [TEST_STEP][PASSED] - poteri = findTestData("PlanFact").getValue(3, a): null

15-11-2024T09:26:49 - [TEST_STEP][PASSED] - otpusk = otpusk.replaceAll("\s+", ""): null

15-11-2024T09:26:49 - [TEST_STEP][PASSED] - poteri = poteri.replaceAll("\s+", ""): null

15-11-2024T09:26:49 - [TEST_STEP][PASSED] - typeOfData = typeOfDataMain + " Отпуск в сеть": null

15-11-2024T09:26:49 - [TEST_STEP][PASSED] - if (a == 82): null

15-11-2024T09:26:49 - [TEST_STEP][PASSED] - else if (a == 84): null

15-11-2024T09:26:49 - [TEST_STEP][PASSED] - else if (a == 52 || a == 72 || a == 28 || a == 73 || a == 77 || a == 74 || a == 65 || a == 36 || a == 44 || a == 53 || a == 80 || a == 54 || a == 1 || a == 18 || a == 59 || a == 81): null

15-11-2024T09:26:49 - [TEST_STEP][PASSED] - else: null

15-11-2024T09:26:49 - [TEST_STEP][PASSED] - path = dataFolder + typeOfData + " за отчётный период " + b: null

15-11-2024T09:26:49 - [TEST_STEP][PASSED] - println(path): null

15-11-2024T09:26:49 - [TEST_STEP][PASSED] - page = getText(findTestObject(path)): Text of object 'Object Repository/Выполнение бизнес-плана/Значения со страницы Выполнение бизнес-плана/План Отпуск в сеть за отчётный период Тверьэнерго' is: '3 756 188'

15-11-2024T09:26:50 - [MESSAGE][PASSED] - Text of object 'Object Repository/Выполнение бизнес-плана/Значения со страницы Выполнение бизнес-плана/План Отпуск в сеть за отчётный период Тверьэнерго' is: '3 756 188'

15-11-2024T09:26:50 - [TEST_STEP][PASSED] - page = page.replaceAll("\s+", ""): null

15-11-2024T09:26:50 - [TEST_STEP][PASSED] - fileOtpuskVSet = otpusk.toInteger(): null

15-11-2024T09:26:50 - [TEST_STEP][PASSED] - pageOtpuskVSet = page.toInteger(): null

15-11-2024T09:26:50 - [TEST_STEP][PASSED] - typeOfData = typeOfDataMain + " Потери": null

15-11-2024T09:26:50 - [TEST_STEP][PASSED] - if (a == 82): null

15-11-2024T09:26:50 - [TEST_STEP][PASSED] - else if (a == 84): null

15-11-2024T09:26:50 - [TEST_STEP][PASSED] - else if (a == 52 || a == 72 || a == 28 || a == 73 || a == 77 || a == 74 || a == 65 || a == 36 || a == 44 || a == 53 || a == 80 || a == 54 || a == 1 || a == 18 || a == 59 || a == 81): null

15-11-2024T09:26:50 - [TEST_STEP][PASSED] - else: null

15-11-2024T09:26:50 - [TEST_STEP][PASSED] - path = dataFolder + typeOfData + " за отчётный период " + b: null

15-11-2024T09:26:50 - [TEST_STEP][PASSED] - page = getText(findTestObject(path)): Text of object 'Object Repository/Выполнение бизнес-плана/Значения со страницы Выполнение бизнес-плана/План Потери за отчётный период Тверьэнерго' is: '496 983'

15-11-2024T09:26:50 - [MESSAGE][PASSED] - Text of object 'Object Repository/Выполнение бизнес-плана/Значения со страницы Выполнение бизнес-плана/План Потери за отчётный период Тверьэнерго' is: '496 983'

15-11-2024T09:26:50 - [TEST_STEP][PASSED] - page = page.replaceAll("\s+", ""): null

15-11-2024T09:26:50 - [TEST_STEP][PASSED] - filePoteri = poteri.toInteger(): null

15-11-2024T09:26:50 - [TEST_STEP][PASSED] - pagePoteri = page.toInteger(): null

15-11-2024T09:26:50 - [TEST_STEP][PASSED] - compare = pageOtpuskVSet: null

15-11-2024T09:26:50 - [TEST_STEP][PASSED] - if (compare == fileOtpuskVSet): null

15-11-2024T09:26:50 - [TEST_STEP][PASSED] - else if (compare > fileOtpuskVSet): null

15-11-2024T09:26:50 - [TEST_STEP][PASSED] - else if (compare < fileOtpuskVSet): null

15-11-2024T09:26:50 - [TEST_STEP][PASSED] - compare = compare + 1: null

15-11-2024T09:26:50 - [TEST_STEP][PASSED] - if (compare == fileOtpuskVSet): null

15-11-2024T09:26:50 - [TEST_STEP][PASSED] - else: null

15-11-2024T09:26:50 - [TEST_STEP][PASSED] - numberOfErrors = numberOfErrors + 1: null

15-11-2024T09:26:50 - [TEST_STEP][PASSED] - pageInt = pageOtpuskVSet: null

15-11-2024T09:26:50 - [TEST_STEP][PASSED] - fileInt = fileOtpuskVSet: null

15-11-2024T09:26:50 - [TEST_STEP][PASSED] - typeOfData = typeOfDataMain + " Отпуск в сеть": null

15-11-2024T09:26:50 - [TEST_STEP][PASSED] - Script1718980020443.WriteToExcel(a, typeOfData, todaysDate, pageInt, fileInt, pageDouble, fileDouble, dZO): null

15-11-2024T09:26:50 - [TEST_STEP][PASSED] - sheetName = "Sheet1": null

15-11-2024T09:26:50 - [TEST_STEP][PASSED] - data = findTestData("PlanFact"): null

15-11-2024T09:26:50 - [TEST_STEP][PASSED] - n = data.getRowNumbers() + 1: null

15-11-2024T09:26:50 - [TEST_STEP][PASSED] - year = todaysDate.substring(todaysDate.length() - 4, todaysDate.length()): null

15-11-2024T09:26:50 - [TEST_STEP][PASSED] - y = year.toInteger(): null

15-11-2024T09:26:50 - [TEST_STEP][PASSED] - m = getText(findTestObject("Выполнение бизнес-плана/Период")): Text of object 'Object Repository/Выполнение бизнес-плана/Период' is: '1, 2, 3 кв. 2024 года'

15-11-2024T09:26:50 - [MESSAGE][PASSED] - Text of object 'Object Repository/Выполнение бизнес-плана/Период' is: '1, 2, 3 кв. 2024 года'

15-11-2024T09:26:50 - [TEST_STEP][PASSED] - m = m.substring(0, m.indexOf("2024")): null

15-11-2024T09:26:50 - [TEST_STEP][PASSED] - m = m.trim(): null

15-11-2024T09:26:50 - [TEST_STEP][PASSED] - dashboardName = "Выполнение бизнес-плана": null

15-11-2024T09:26:50 - [TEST_STEP][PASSED] - workbook01 = getWorkbook(excelFilePath): null

15-11-2024T09:26:50 - [TEST_STEP][PASSED] - sheet01 = getExcelSheet(workbook01, sheetName): null

15-11-2024T09:26:50 - [TEST_STEP][PASSED] - setValueToCellByIndex(sheet01, n, 0, dashboardName): null

15-11-2024T09:26:50 - [TEST_STEP][PASSED] - setValueToCellByIndex(sheet01, n, 1, dZO): null

15-11-2024T09:26:50 - [TEST_STEP][PASSED] - setValueToCellByIndex(sheet01, n, 2, typeOfData): null

15-11-2024T09:26:50 - [TEST_STEP][PASSED] - if (typeOfData == "Факт в процентах" || typeOfData == "План в процентах"): null

15-11-2024T09:26:50 - [TEST_STEP][PASSED] - else: null

15-11-2024T09:26:50 - [TEST_STEP][PASSED] - setValueToCellByIndex(sheet01, n, 3, fileInt): null

15-11-2024T09:26:50 - [TEST_STEP][PASSED] - setValueToCellByIndex(sheet01, n, 4, pageInt): null

15-11-2024T09:26:50 - [TEST_STEP][PASSED] - setValueToCellByIndex(sheet01, n, 5, m): null

15-11-2024T09:26:50 - [TEST_STEP][PASSED] - setValueToCellByIndex(sheet01, n, 6, y): null

15-11-2024T09:26:50 - [TEST_STEP][PASSED] - setValueToCellByIndex(sheet01, n, 7, todaysDate): null

15-11-2024T09:26:50 - [TEST_STEP][PASSED] - n = n + 1: null

15-11-2024T09:26:50 - [TEST_STEP][PASSED] - saveWorkbook(excelFilePath, workbook01): null

15-11-2024T09:26:51 - [TEST_STEP][PASSED] - compare = pagePoteri: null

15-11-2024T09:26:51 - [TEST_STEP][PASSED] - if (compare == filePoteri): null

15-11-2024T09:26:51 - [TEST_STEP][PASSED] - else if (compare > filePoteri): null

15-11-2024T09:26:51 - [TEST_STEP][PASSED] - else if (compare < filePoteri): null

15-11-2024T09:26:51 - [TEST_STEP][PASSED] - compare = compare + 1: null

15-11-2024T09:26:51 - [TEST_STEP][PASSED] - if (compare == filePoteri): null

15-11-2024T09:26:51 - [TEST_STEP][PASSED] - else: null

15-11-2024T09:26:51 - [TEST_STEP][PASSED] - numberOfErrors = numberOfErrors + 1: null

15-11-2024T09:26:51 - [TEST_STEP][PASSED] - pageInt = pagePoteri: null

15-11-2024T09:26:51 - [TEST_STEP][PASSED] - fileInt = filePoteri: null

15-11-2024T09:26:51 - [TEST_STEP][PASSED] - typeOfData = typeOfDataMain + " Потери": null

15-11-2024T09:26:51 - [TEST_STEP][PASSED] - Script1718980020443.WriteToExcel(a, typeOfData, todaysDate, pageInt, fileInt, pageDouble, fileDouble, dZO): null

15-11-2024T09:26:51 - [TEST_STEP][PASSED] - sheetName = "Sheet1": null

15-11-2024T09:26:51 - [TEST_STEP][PASSED] - data = findTestData("PlanFact"): null

15-11-2024T09:26:51 - [TEST_STEP][PASSED] - n = data.getRowNumbers() + 1: null

15-11-2024T09:26:51 - [TEST_STEP][PASSED] - year = todaysDate.substring(todaysDate.length() - 4, todaysDate.length()): null

15-11-2024T09:26:51 - [TEST_STEP][PASSED] - y = year.toInteger(): null

15-11-2024T09:26:51 - [TEST_STEP][PASSED] - m = getText(findTestObject("Выполнение бизнес-плана/Период")): Text of object 'Object Repository/Выполнение бизнес-плана/Период' is: '1, 2, 3 кв. 2024 года'

15-11-2024T09:26:51 - [MESSAGE][PASSED] - Text of object 'Object Repository/Выполнение бизнес-плана/Период' is: '1, 2, 3 кв. 2024 года'

15-11-2024T09:26:51 - [TEST_STEP][PASSED] - m = m.substring(0, m.indexOf("2024")): null

15-11-2024T09:26:51 - [TEST_STEP][PASSED] - m = m.trim(): null

15-11-2024T09:26:51 - [TEST_STEP][PASSED] - dashboardName = "Выполнение бизнес-плана": null

15-11-2024T09:26:51 - [TEST_STEP][PASSED] - workbook01 = getWorkbook(excelFilePath): null

15-11-2024T09:26:51 - [TEST_STEP][PASSED] - sheet01 = getExcelSheet(workbook01, sheetName): null

15-11-2024T09:26:51 - [TEST_STEP][PASSED] - setValueToCellByIndex(sheet01, n, 0, dashboardName): null

15-11-2024T09:26:51 - [TEST_STEP][PASSED] - setValueToCellByIndex(sheet01, n, 1, dZO): null

15-11-2024T09:26:51 - [TEST_STEP][PASSED] - setValueToCellByIndex(sheet01, n, 2, typeOfData): null

15-11-2024T09:26:51 - [TEST_STEP][PASSED] - if (typeOfData == "Факт в процентах" || typeOfData == "План в процентах"): null

15-11-2024T09:26:51 - [TEST_STEP][PASSED] - else: null

15-11-2024T09:26:51 - [TEST_STEP][PASSED] - setValueToCellByIndex(sheet01, n, 3, fileInt): null

15-11-2024T09:26:51 - [TEST_STEP][PASSED] - setValueToCellByIndex(sheet01, n, 4, pageInt): null

15-11-2024T09:26:51 - [TEST_STEP][PASSED] - setValueToCellByIndex(sheet01, n, 5, m): null

15-11-2024T09:26:51 - [TEST_STEP][PASSED] - setValueToCellByIndex(sheet01, n, 6, y): null

15-11-2024T09:26:51 - [TEST_STEP][PASSED] - setValueToCellByIndex(sheet01, n, 7, todaysDate): null

15-11-2024T09:26:51 - [TEST_STEP][PASSED] - n = n + 1: null

15-11-2024T09:26:51 - [TEST_STEP][PASSED] - saveWorkbook(excelFilePath, workbook01): Object: 'Object Repository/Выполнение бизнес-плана/Кнопка Факт' is clicked on

15-11-2024T09:26:51 - [TEST_STEP][PASSED] - if (planFact == 2): Object: 'Object Repository/Выполнение бизнес-плана/Кнопка Факт' is clicked on

15-11-2024T09:26:51 - [TEST_STEP][PASSED] - click(findTestObject("Выполнение бизнес-плана/Кнопка Факт")): Object: 'Object Repository/Выполнение бизнес-плана/Кнопка Факт' is clicked on

15-11-2024T09:26:52 - [MESSAGE][PASSED] - Object: 'Object Repository/Выполнение бизнес-плана/Кнопка Факт' is clicked on

15-11-2024T09:26:52 - [TEST_STEP][PASSED] - if (a == 84 || a == 82): null

15-11-2024T09:26:52 - [TEST_STEP][PASSED] - else if (a == 52 || a == 72 || a == 28 || a == 73 || a == 77 || a == 74 || a == 65 || a == 36 || a == 44 || a == 53 || a == 80 || a == 54 || a == 1 || a == 18 || a == 59 || a == 81): null

15-11-2024T09:26:52 - [TEST_STEP][PASSED] - else: null

15-11-2024T09:26:52 - [TEST_STEP][PASSED] - page1 = getText(findTestObject("Object Repository/Выполнение бизнес-плана/spanPlan" + filialNum)): Text of object 'Object Repository/Выполнение бизнес-плана/spanPlan14' is: '13.23
|'

15-11-2024T09:26:52 - [MESSAGE][PASSED] - Text of object 'Object Repository/Выполнение бизнес-плана/spanPlan14' is: '13.23
|'

15-11-2024T09:26:52 - [TEST_STEP][PASSED] - page1 = page1.replace("|", ""): null

15-11-2024T09:26:52 - [TEST_STEP][PASSED] - page2 = getText(findTestObject("Object Repository/Выполнение бизнес-плана/spanFact" + filialNum)): Text of object 'Object Repository/Выполнение бизнес-плана/spanFact14' is: '12.90
|'

15-11-2024T09:26:52 - [MESSAGE][PASSED] - Text of object 'Object Repository/Выполнение бизнес-плана/spanFact14' is: '12.90
|'

15-11-2024T09:26:52 - [TEST_STEP][PASSED] - page2 = page2.replace("|", ""): null

15-11-2024T09:26:52 - [TEST_STEP][PASSED] - println("page1: " + page1): null

15-11-2024T09:26:52 - [TEST_STEP][PASSED] - println("page2: " + page2): null

15-11-2024T09:26:52 - [TEST_STEP][PASSED] - file = findTestData("PlanFact").getValue(4, a): null

15-11-2024T09:26:52 - [TEST_STEP][PASSED] - file = file.replace(",", "."): null

15-11-2024T09:26:52 - [TEST_STEP][PASSED] - println("file Plan: " + file): null

15-11-2024T09:26:52 - [TEST_STEP][PASSED] - typeOfData = "План в процентах": null

15-11-2024T09:26:52 - [TEST_STEP][PASSED] - fileDouble = file.toDouble(): null

15-11-2024T09:26:52 - [TEST_STEP][PASSED] - pageDouble = page1.toDouble(): null

15-11-2024T09:26:52 - [TEST_STEP][PASSED] - if (fileDouble != pageDouble): null

15-11-2024T09:26:52 - [TEST_STEP][PASSED] - numberOfErrors = numberOfErrors + 1: null

15-11-2024T09:26:52 - [TEST_STEP][PASSED] - Script1718980020443.WriteToExcel(a, typeOfData, todaysDate, pageInt, fileInt, pageDouble, fileDouble, dZO): null

15-11-2024T09:26:52 - [TEST_STEP][PASSED] - sheetName = "Sheet1": null

15-11-2024T09:26:52 - [TEST_STEP][PASSED] - data = findTestData("PlanFact"): null

15-11-2024T09:26:52 - [TEST_STEP][PASSED] - n = data.getRowNumbers() + 1: null

15-11-2024T09:26:52 - [TEST_STEP][PASSED] - year = todaysDate.substring(todaysDate.length() - 4, todaysDate.length()): null

15-11-2024T09:26:52 - [TEST_STEP][PASSED] - y = year.toInteger(): null

15-11-2024T09:26:52 - [TEST_STEP][PASSED] - m = getText(findTestObject("Выполнение бизнес-плана/Период")): Text of object 'Object Repository/Выполнение бизнес-плана/Период' is: '1, 2, 3 кв. 2024 года'

15-11-2024T09:26:53 - [MESSAGE][PASSED] - Text of object 'Object Repository/Выполнение бизнес-плана/Период' is: '1, 2, 3 кв. 2024 года'

15-11-2024T09:26:53 - [TEST_STEP][PASSED] - m = m.substring(0, m.indexOf("2024")): null

15-11-2024T09:26:53 - [TEST_STEP][PASSED] - m = m.trim(): null

15-11-2024T09:26:53 - [TEST_STEP][PASSED] - dashboardName = "Выполнение бизнес-плана": null

15-11-2024T09:26:53 - [TEST_STEP][PASSED] - workbook01 = getWorkbook(excelFilePath): null

15-11-2024T09:26:53 - [TEST_STEP][PASSED] - sheet01 = getExcelSheet(workbook01, sheetName): null

15-11-2024T09:26:53 - [TEST_STEP][PASSED] - setValueToCellByIndex(sheet01, n, 0, dashboardName): null

15-11-2024T09:26:53 - [TEST_STEP][PASSED] - setValueToCellByIndex(sheet01, n, 1, dZO): null

15-11-2024T09:26:53 - [TEST_STEP][PASSED] - setValueToCellByIndex(sheet01, n, 2, typeOfData): null

15-11-2024T09:26:53 - [TEST_STEP][PASSED] - if (typeOfData == "Факт в процентах" || typeOfData == "План в процентах"): null

15-11-2024T09:26:53 - [TEST_STEP][PASSED] - setValueToCellByIndex(sheet01, n, 3, fileDouble): null

15-11-2024T09:26:53 - [TEST_STEP][PASSED] - setValueToCellByIndex(sheet01, n, 4, pageDouble): null

15-11-2024T09:26:53 - [TEST_STEP][PASSED] - setValueToCellByIndex(sheet01, n, 5, m): null

15-11-2024T09:26:53 - [TEST_STEP][PASSED] - setValueToCellByIndex(sheet01, n, 6, y): null

15-11-2024T09:26:53 - [TEST_STEP][PASSED] - setValueToCellByIndex(sheet01, n, 7, todaysDate): null

15-11-2024T09:26:53 - [TEST_STEP][PASSED] - n = n + 1: null

15-11-2024T09:26:53 - [TEST_STEP][PASSED] - saveWorkbook(excelFilePath, workbook01): null

15-11-2024T09:26:53 - [TEST_STEP][PASSED] - file = findTestData("PlanFact").getValue(7, a): null

15-11-2024T09:26:53 - [TEST_STEP][PASSED] - file = file.replace(",", "."): null

15-11-2024T09:26:53 - [TEST_STEP][PASSED] - println("file Fact: " + file): null

15-11-2024T09:26:53 - [TEST_STEP][PASSED] - fileDouble = file.toDouble(): null

15-11-2024T09:26:53 - [TEST_STEP][PASSED] - typeOfData = "Факт в процентах": null

15-11-2024T09:26:53 - [TEST_STEP][PASSED] - fileDouble = file.toDouble(): null

15-11-2024T09:26:53 - [TEST_STEP][PASSED] - pageDouble = page2.toDouble(): null

15-11-2024T09:26:53 - [TEST_STEP][PASSED] - if (fileDouble != pageDouble): null

15-11-2024T09:26:53 - [TEST_STEP][PASSED] - numberOfErrors = numberOfErrors + 1: null

15-11-2024T09:26:53 - [TEST_STEP][PASSED] - Script1718980020443.WriteToExcel(a, typeOfData, todaysDate, pageInt, fileInt, pageDouble, fileDouble, dZO): null

15-11-2024T09:26:53 - [TEST_STEP][PASSED] - sheetName = "Sheet1": null

15-11-2024T09:26:53 - [TEST_STEP][PASSED] - data = findTestData("PlanFact"): null

15-11-2024T09:26:53 - [TEST_STEP][PASSED] - n = data.getRowNumbers() + 1: null

15-11-2024T09:26:53 - [TEST_STEP][PASSED] - year = todaysDate.substring(todaysDate.length() - 4, todaysDate.length()): null

15-11-2024T09:26:53 - [TEST_STEP][PASSED] - y = year.toInteger(): null

15-11-2024T09:26:53 - [TEST_STEP][PASSED] - m = getText(findTestObject("Выполнение бизнес-плана/Период")): Text of object 'Object Repository/Выполнение бизнес-плана/Период' is: '1, 2, 3 кв. 2024 года'

15-11-2024T09:26:53 - [MESSAGE][PASSED] - Text of object 'Object Repository/Выполнение бизнес-плана/Период' is: '1, 2, 3 кв. 2024 года'

15-11-2024T09:26:53 - [TEST_STEP][PASSED] - m = m.substring(0, m.indexOf("2024")): null

15-11-2024T09:26:53 - [TEST_STEP][PASSED] - m = m.trim(): null

15-11-2024T09:26:53 - [TEST_STEP][PASSED] - dashboardName = "Выполнение бизнес-плана": null

15-11-2024T09:26:53 - [TEST_STEP][PASSED] - workbook01 = getWorkbook(excelFilePath): null

15-11-2024T09:26:53 - [TEST_STEP][PASSED] - sheet01 = getExcelSheet(workbook01, sheetName): null

15-11-2024T09:26:53 - [TEST_STEP][PASSED] - setValueToCellByIndex(sheet01, n, 0, dashboardName): null

15-11-2024T09:26:53 - [TEST_STEP][PASSED] - setValueToCellByIndex(sheet01, n, 1, dZO): null

15-11-2024T09:26:53 - [TEST_STEP][PASSED] - setValueToCellByIndex(sheet01, n, 2, typeOfData): null

15-11-2024T09:26:53 - [TEST_STEP][PASSED] - if (typeOfData == "Факт в процентах" || typeOfData == "План в процентах"): null

15-11-2024T09:26:53 - [TEST_STEP][PASSED] - setValueToCellByIndex(sheet01, n, 3, fileDouble): null

15-11-2024T09:26:53 - [TEST_STEP][PASSED] - setValueToCellByIndex(sheet01, n, 4, pageDouble): null

15-11-2024T09:26:53 - [TEST_STEP][PASSED] - setValueToCellByIndex(sheet01, n, 5, m): null

15-11-2024T09:26:53 - [TEST_STEP][PASSED] - setValueToCellByIndex(sheet01, n, 6, y): null

15-11-2024T09:26:53 - [TEST_STEP][PASSED] - setValueToCellByIndex(sheet01, n, 7, todaysDate): null

15-11-2024T09:26:53 - [TEST_STEP][PASSED] - n = n + 1: null

15-11-2024T09:26:53 - [TEST_STEP][PASSED] - saveWorkbook(excelFilePath, workbook01): null

15-11-2024T09:26:54 - [TEST_STEP][FAILED] - if (verifyEqual(numberOfErrors, 0) == false): null

15-11-2024T09:26:54 - [MESSAGE][FAILED] - Unable to verify equal between actual object '6' and expected object '0' (Root cause: com.kms.katalon.core.exception.StepFailedException: Actual object '6' and expected object '0' are not equal
	at com.kms.katalon.core.keyword.builtin.VerifyEqualKeyword$_verifyEqual_closure1.doCall(VerifyEqualKeyword.groovy:58)
	at com.kms.katalon.core.keyword.builtin.VerifyEqualKeyword$_verifyEqual_closure1.call(VerifyEqualKeyword.groovy)
	at com.kms.katalon.core.keyword.internal.KeywordMain.runKeyword(KeywordMain.groovy:75)
	at com.kms.katalon.core.keyword.builtin.VerifyEqualKeyword.verifyEqual(VerifyEqualKeyword.groovy:63)
	at com.kms.katalon.core.keyword.builtin.VerifyEqualKeyword.execute(VerifyEqualKeyword.groovy:44)
	at com.kms.katalon.core.keyword.internal.KeywordExecutor.executeKeywordForPlatform(KeywordExecutor.groovy:74)
	at com.kms.katalon.core.keyword.BuiltinKeywords.verifyEqual(BuiltinKeywords.groovy:146)
	at jdk.internal.reflect.GeneratedMethodAccessor25.invoke(Unknown Source)
	at java.base/jdk.internal.reflect.DelegatingMethodAccessorImpl.invoke(DelegatingMethodAccessorImpl.java:43)
	at Выполнение бизнес-плана Сверка ПАО Россети все филиалы.Numbers(Выполнение бизнес-плана Сверка ПАО Россети все филиалы:740)
	at Выполнение бизнес-плана Сверка ПАО Россети все филиалы.Filials(Выполнение бизнес-плана Сверка ПАО Россети все филиалы:1321)
	at Выполнение бизнес-плана Сверка ПАО Россети все филиалы.Numbers(Выполнение бизнес-плана Сверка ПАО Россети все филиалы:745)
	at Выполнение бизнес-плана Сверка ПАО Россети все филиалы.run(Выполнение бизнес-плана Сверка ПАО Россети все филиалы:388)
	at com.kms.katalon.core.main.ScriptEngine.run(ScriptEngine.java:194)
	at com.kms.katalon.core.main.ScriptEngine.runScriptAsRawText(ScriptEngine.java:119)
	at com.kms.katalon.core.main.TestCaseExecutor.runScript(TestCaseExecutor.java:448)
	at com.kms.katalon.core.main.TestCaseExecutor.doExecute(TestCaseExecutor.java:439)
	at com.kms.katalon.core.main.TestCaseExecutor.processExecutionPhase(TestCaseExecutor.java:418)
	at com.kms.katalon.core.main.TestCaseExecutor.accessMainPhase(TestCaseExecutor.java:410)
	at com.kms.katalon.core.main.TestCaseExecutor.execute(TestCaseExecutor.java:285)
	at com.kms.katalon.core.common.CommonExecutor.accessTestCaseMainPhase(CommonExecutor.java:65)
	at com.kms.katalon.core.main.TestSuiteExecutor.accessTestSuiteMainPhase(TestSuiteExecutor.java:150)
	at com.kms.katalon.core.main.TestSuiteExecutor.execute(TestSuiteExecutor.java:106)
	at com.kms.katalon.core.main.TestCaseMain.startTestSuite(TestCaseMain.java:180)
	at TempTestSuite1731647997681.run(TempTestSuite1731647997681.groovy:35)
	at java.base/jdk.internal.reflect.NativeMethodAccessorImpl.invoke0(Native Method)
	at java.base/jdk.internal.reflect.NativeMethodAccessorImpl.invoke(NativeMethodAccessorImpl.java:77)
	at java.base/jdk.internal.reflect.DelegatingMethodAccessorImpl.invoke(DelegatingMethodAccessorImpl.java:43)
)

15-11-2024T09:26:54 - [TEST_STEP][PASSED] - println(numberOfErrors): null

15-11-2024T09:26:54 - [TEST_STEP][PASSED] - if (a == 28 || a == 77 || a == 74 || a == 65 || a == 36 || a == 44 || a == 54 || a == 1 || a == 18 || a == 59): null

15-11-2024T09:26:54 - [TEST_STEP][PASSED] - if (a == 82): null

15-11-2024T09:26:54 - [TEST_STEP][PASSED] - dZO = "Ярэнерго": null

15-11-2024T09:26:54 - [TEST_STEP][PASSED] - a = 12: null

15-11-2024T09:26:54 - [TEST_STEP][PASSED] - if (x2.contains(dZO)): null

15-11-2024T09:26:54 - [TEST_STEP][PASSED] - filialNum = filialNum + 1: null

15-11-2024T09:26:54 - [TEST_STEP][PASSED] - Script1718980020443.Numbers(a, typeOfData, todaysDate, pageInt, fileInt, pageDouble, fileDouble, dZO, dzoNum, filialNum): null

15-11-2024T09:26:54 - [TEST_STEP][PASSED] - println(dzoNum): null

15-11-2024T09:26:54 - [TEST_STEP][PASSED] - planFact = <not implemented yet for class: org.codehaus.groovy.ast.expr.EmptyExpression>: null

15-11-2024T09:26:54 - [TEST_STEP][PASSED] - page = <not implemented yet for class: org.codehaus.groovy.ast.expr.EmptyExpression>: null

15-11-2024T09:26:54 - [TEST_STEP][PASSED] - page1 = <not implemented yet for class: org.codehaus.groovy.ast.expr.EmptyExpression>: null

15-11-2024T09:26:54 - [TEST_STEP][PASSED] - page2 = <not implemented yet for class: org.codehaus.groovy.ast.expr.EmptyExpression>: null

15-11-2024T09:26:54 - [TEST_STEP][PASSED] - filialNumberInRow = <not implemented yet for class: org.codehaus.groovy.ast.expr.EmptyExpression>: null

15-11-2024T09:26:54 - [TEST_STEP][PASSED] - filialsDzoNames = <not implemented yet for class: org.codehaus.groovy.ast.expr.EmptyExpression>: null

15-11-2024T09:26:54 - [TEST_STEP][PASSED] - numberOfFilials = <not implemented yet for class: org.codehaus.groovy.ast.expr.EmptyExpression>: null

15-11-2024T09:26:54 - [TEST_STEP][PASSED] - numberOfSpaces = <not implemented yet for class: org.codehaus.groovy.ast.expr.EmptyExpression>: null

15-11-2024T09:26:54 - [TEST_STEP][PASSED] - file = <not implemented yet for class: org.codehaus.groovy.ast.expr.EmptyExpression>: null

15-11-2024T09:26:54 - [TEST_STEP][PASSED] - otpusk = <not implemented yet for class: org.codehaus.groovy.ast.expr.EmptyExpression>: null

15-11-2024T09:26:54 - [TEST_STEP][PASSED] - poteri = <not implemented yet for class: org.codehaus.groovy.ast.expr.EmptyExpression>: null

15-11-2024T09:26:54 - [TEST_STEP][PASSED] - dataFolder = "Выполнение бизнес-плана/Значения со страницы Выполнение бизнес-плана/": null

15-11-2024T09:26:54 - [TEST_STEP][PASSED] - path = <not implemented yet for class: org.codehaus.groovy.ast.expr.EmptyExpression>: null

15-11-2024T09:26:54 - [TEST_STEP][PASSED] - typeOfDataMain = <not implemented yet for class: org.codehaus.groovy.ast.expr.EmptyExpression>: null

15-11-2024T09:26:54 - [TEST_STEP][PASSED] - fileOtpuskVSet = <not implemented yet for class: org.codehaus.groovy.ast.expr.EmptyExpression>: null

15-11-2024T09:26:54 - [TEST_STEP][PASSED] - pageOtpuskVSet = <not implemented yet for class: org.codehaus.groovy.ast.expr.EmptyExpression>: null

15-11-2024T09:26:54 - [TEST_STEP][PASSED] - filePoteri = <not implemented yet for class: org.codehaus.groovy.ast.expr.EmptyExpression>: null

15-11-2024T09:26:54 - [TEST_STEP][PASSED] - pagePoteri = <not implemented yet for class: org.codehaus.groovy.ast.expr.EmptyExpression>: null

15-11-2024T09:26:54 - [TEST_STEP][PASSED] - compare = <not implemented yet for class: org.codehaus.groovy.ast.expr.EmptyExpression>: null

15-11-2024T09:26:54 - [TEST_STEP][PASSED] - b = <not implemented yet for class: org.codehaus.groovy.ast.expr.EmptyExpression>: null

15-11-2024T09:26:54 - [TEST_STEP][PASSED] - i = <not implemented yet for class: org.codehaus.groovy.ast.expr.EmptyExpression>: null

15-11-2024T09:26:54 - [TEST_STEP][PASSED] - ii = <not implemented yet for class: org.codehaus.groovy.ast.expr.EmptyExpression>: null

15-11-2024T09:26:54 - [TEST_STEP][PASSED] - c = <not implemented yet for class: org.codehaus.groovy.ast.expr.EmptyExpression>: null

15-11-2024T09:26:54 - [TEST_STEP][PASSED] - numberOfErrors = 0: null

15-11-2024T09:26:54 - [TEST_STEP][PASSED] - if (a == 82): null

15-11-2024T09:26:54 - [TEST_STEP][PASSED] - b = findTestData("PlanFact").getValue(1, a): null

15-11-2024T09:26:54 - [TEST_STEP][PASSED] - i = b.indexOf(" (ГК)"): null

15-11-2024T09:26:54 - [TEST_STEP][PASSED] - if (i > -1): null

15-11-2024T09:26:54 - [TEST_STEP][PASSED] - i = b.indexOf("О ""): null

15-11-2024T09:26:54 - [TEST_STEP][PASSED] - if (i > -1): null

15-11-2024T09:26:54 - [TEST_STEP][PASSED] - i = b.indexOf("О «"): null

15-11-2024T09:26:54 - [TEST_STEP][PASSED] - if (i > -1): null

15-11-2024T09:26:54 - [TEST_STEP][PASSED] - i = b.indexOf("г. "): null

15-11-2024T09:26:54 - [TEST_STEP][PASSED] - if (i > -1): null

15-11-2024T09:26:54 - [TEST_STEP][PASSED] - println(b): null

15-11-2024T09:26:54 - [TEST_STEP][PASSED] - for ([planFact = 1, planFact < 3, (planFact++)]): Object: 'Object Repository/Выполнение бизнес-плана/Кнопка Факт' is clicked on

15-11-2024T09:26:54 - [TEST_STEP][PASSED] - if (planFact == 1): null

15-11-2024T09:26:54 - [TEST_STEP][PASSED] - typeOfDataMain = "Факт": null

15-11-2024T09:26:54 - [TEST_STEP][PASSED] - otpusk = findTestData("PlanFact").getValue(5, a): null

15-11-2024T09:26:54 - [TEST_STEP][PASSED] - poteri = findTestData("PlanFact").getValue(6, a): null

15-11-2024T09:26:54 - [TEST_STEP][PASSED] - otpusk = otpusk.replaceAll("\s+", ""): null

15-11-2024T09:26:54 - [TEST_STEP][PASSED] - poteri = poteri.replaceAll("\s+", ""): null

15-11-2024T09:26:54 - [TEST_STEP][PASSED] - typeOfData = typeOfDataMain + " Отпуск в сеть": null

15-11-2024T09:26:54 - [TEST_STEP][PASSED] - if (a == 82): null

15-11-2024T09:26:54 - [TEST_STEP][PASSED] - else if (a == 84): null

15-11-2024T09:26:54 - [TEST_STEP][PASSED] - else if (a == 52 || a == 72 || a == 28 || a == 73 || a == 77 || a == 74 || a == 65 || a == 36 || a == 44 || a == 53 || a == 80 || a == 54 || a == 1 || a == 18 || a == 59 || a == 81): null

15-11-2024T09:26:54 - [TEST_STEP][PASSED] - else: null

15-11-2024T09:26:54 - [TEST_STEP][PASSED] - path = dataFolder + typeOfData + " за отчётный период " + b: null

15-11-2024T09:26:54 - [TEST_STEP][PASSED] - println(path): null

15-11-2024T09:26:54 - [TEST_STEP][PASSED] - page = getText(findTestObject(path)): Text of object 'Object Repository/Выполнение бизнес-плана/Значения со страницы Выполнение бизнес-плана/Факт Отпуск в сеть за отчётный период Ярэнерго' is: '5 259 905'

15-11-2024T09:26:54 - [MESSAGE][PASSED] - Text of object 'Object Repository/Выполнение бизнес-плана/Значения со страницы Выполнение бизнес-плана/Факт Отпуск в сеть за отчётный период Ярэнерго' is: '5 259 905'

15-11-2024T09:26:54 - [TEST_STEP][PASSED] - page = page.replaceAll("\s+", ""): null

15-11-2024T09:26:54 - [TEST_STEP][PASSED] - fileOtpuskVSet = otpusk.toInteger(): null

15-11-2024T09:26:54 - [TEST_STEP][PASSED] - pageOtpuskVSet = page.toInteger(): null

15-11-2024T09:26:54 - [TEST_STEP][PASSED] - typeOfData = typeOfDataMain + " Потери": null

15-11-2024T09:26:54 - [TEST_STEP][PASSED] - if (a == 82): null

15-11-2024T09:26:54 - [TEST_STEP][PASSED] - else if (a == 84): null

15-11-2024T09:26:54 - [TEST_STEP][PASSED] - else if (a == 52 || a == 72 || a == 28 || a == 73 || a == 77 || a == 74 || a == 65 || a == 36 || a == 44 || a == 53 || a == 80 || a == 54 || a == 1 || a == 18 || a == 59 || a == 81): null

15-11-2024T09:26:54 - [TEST_STEP][PASSED] - else: null

15-11-2024T09:26:54 - [TEST_STEP][PASSED] - path = dataFolder + typeOfData + " за отчётный период " + b: null

15-11-2024T09:26:54 - [TEST_STEP][PASSED] - page = getText(findTestObject(path)): Text of object 'Object Repository/Выполнение бизнес-плана/Значения со страницы Выполнение бизнес-плана/Факт Потери за отчётный период Ярэнерго' is: '428 321'

15-11-2024T09:26:55 - [MESSAGE][PASSED] - Text of object 'Object Repository/Выполнение бизнес-плана/Значения со страницы Выполнение бизнес-плана/Факт Потери за отчётный период Ярэнерго' is: '428 321'

15-11-2024T09:26:55 - [TEST_STEP][PASSED] - page = page.replaceAll("\s+", ""): null

15-11-2024T09:26:55 - [TEST_STEP][PASSED] - filePoteri = poteri.toInteger(): null

15-11-2024T09:26:55 - [TEST_STEP][PASSED] - pagePoteri = page.toInteger(): null

15-11-2024T09:26:55 - [TEST_STEP][PASSED] - compare = pageOtpuskVSet: null

15-11-2024T09:26:55 - [TEST_STEP][PASSED] - if (compare == fileOtpuskVSet): null

15-11-2024T09:26:55 - [TEST_STEP][PASSED] - if (compare == fileOtpuskVSet): null

15-11-2024T09:26:55 - [TEST_STEP][PASSED] - compare = pagePoteri: null

15-11-2024T09:26:55 - [TEST_STEP][PASSED] - if (compare == filePoteri): null

15-11-2024T09:26:55 - [TEST_STEP][PASSED] - if (compare == filePoteri): null

15-11-2024T09:26:55 - [TEST_STEP][PASSED] - if (planFact == 2): null

15-11-2024T09:26:55 - [TEST_STEP][PASSED] - if (planFact == 1): null

15-11-2024T09:26:55 - [TEST_STEP][PASSED] - else if (planFact == 2): null

15-11-2024T09:26:55 - [TEST_STEP][PASSED] - click(findTestObject("Выполнение бизнес-плана/Кнопка План")): Object: 'Object Repository/Выполнение бизнес-плана/Кнопка План' is clicked on

15-11-2024T09:26:55 - [MESSAGE][PASSED] - Object: 'Object Repository/Выполнение бизнес-плана/Кнопка План' is clicked on

15-11-2024T09:26:55 - [TEST_STEP][PASSED] - typeOfDataMain = "План": null

15-11-2024T09:26:55 - [TEST_STEP][PASSED] - otpusk = findTestData("PlanFact").getValue(2, a): null

15-11-2024T09:26:55 - [TEST_STEP][PASSED] - poteri = findTestData("PlanFact").getValue(3, a): null

15-11-2024T09:26:55 - [TEST_STEP][PASSED] - otpusk = otpusk.replaceAll("\s+", ""): null

15-11-2024T09:26:55 - [TEST_STEP][PASSED] - poteri = poteri.replaceAll("\s+", ""): null

15-11-2024T09:26:55 - [TEST_STEP][PASSED] - typeOfData = typeOfDataMain + " Отпуск в сеть": null

15-11-2024T09:26:55 - [TEST_STEP][PASSED] - if (a == 82): null

15-11-2024T09:26:55 - [TEST_STEP][PASSED] - else if (a == 84): null

15-11-2024T09:26:55 - [TEST_STEP][PASSED] - else if (a == 52 || a == 72 || a == 28 || a == 73 || a == 77 || a == 74 || a == 65 || a == 36 || a == 44 || a == 53 || a == 80 || a == 54 || a == 1 || a == 18 || a == 59 || a == 81): null

15-11-2024T09:26:55 - [TEST_STEP][PASSED] - else: null

15-11-2024T09:26:55 - [TEST_STEP][PASSED] - path = dataFolder + typeOfData + " за отчётный период " + b: null

15-11-2024T09:26:55 - [TEST_STEP][PASSED] - println(path): null

15-11-2024T09:26:55 - [TEST_STEP][PASSED] - page = getText(findTestObject(path)): Text of object 'Object Repository/Выполнение бизнес-плана/Значения со страницы Выполнение бизнес-плана/План Отпуск в сеть за отчётный период Ярэнерго' is: '4 975 014'

15-11-2024T09:26:55 - [MESSAGE][PASSED] - Text of object 'Object Repository/Выполнение бизнес-плана/Значения со страницы Выполнение бизнес-плана/План Отпуск в сеть за отчётный период Ярэнерго' is: '4 975 014'

15-11-2024T09:26:55 - [TEST_STEP][PASSED] - page = page.replaceAll("\s+", ""): null

15-11-2024T09:26:55 - [TEST_STEP][PASSED] - fileOtpuskVSet = otpusk.toInteger(): null

15-11-2024T09:26:55 - [TEST_STEP][PASSED] - pageOtpuskVSet = page.toInteger(): null

15-11-2024T09:26:55 - [TEST_STEP][PASSED] - typeOfData = typeOfDataMain + " Потери": null

15-11-2024T09:26:55 - [TEST_STEP][PASSED] - if (a == 82): null

15-11-2024T09:26:55 - [TEST_STEP][PASSED] - else if (a == 84): null

15-11-2024T09:26:55 - [TEST_STEP][PASSED] - else if (a == 52 || a == 72 || a == 28 || a == 73 || a == 77 || a == 74 || a == 65 || a == 36 || a == 44 || a == 53 || a == 80 || a == 54 || a == 1 || a == 18 || a == 59 || a == 81): null

15-11-2024T09:26:55 - [TEST_STEP][PASSED] - else: null

15-11-2024T09:26:55 - [TEST_STEP][PASSED] - path = dataFolder + typeOfData + " за отчётный период " + b: null

15-11-2024T09:26:55 - [TEST_STEP][PASSED] - page = getText(findTestObject(path)): Text of object 'Object Repository/Выполнение бизнес-плана/Значения со страницы Выполнение бизнес-плана/План Потери за отчётный период Ярэнерго' is: '430 228'

15-11-2024T09:26:56 - [MESSAGE][PASSED] - Text of object 'Object Repository/Выполнение бизнес-плана/Значения со страницы Выполнение бизнес-плана/План Потери за отчётный период Ярэнерго' is: '430 228'

15-11-2024T09:26:56 - [TEST_STEP][PASSED] - page = page.replaceAll("\s+", ""): null

15-11-2024T09:26:56 - [TEST_STEP][PASSED] - filePoteri = poteri.toInteger(): null

15-11-2024T09:26:56 - [TEST_STEP][PASSED] - pagePoteri = page.toInteger(): null

15-11-2024T09:26:56 - [TEST_STEP][PASSED] - compare = pageOtpuskVSet: null

15-11-2024T09:26:56 - [TEST_STEP][PASSED] - if (compare == fileOtpuskVSet): null

15-11-2024T09:26:56 - [TEST_STEP][PASSED] - if (compare == fileOtpuskVSet): null

15-11-2024T09:26:56 - [TEST_STEP][PASSED] - compare = pagePoteri: null

15-11-2024T09:26:56 - [TEST_STEP][PASSED] - if (compare == filePoteri): null

15-11-2024T09:26:56 - [TEST_STEP][PASSED] - if (compare == filePoteri): null

15-11-2024T09:26:56 - [TEST_STEP][PASSED] - if (planFact == 2): Object: 'Object Repository/Выполнение бизнес-плана/Кнопка Факт' is clicked on

15-11-2024T09:26:56 - [TEST_STEP][PASSED] - click(findTestObject("Выполнение бизнес-плана/Кнопка Факт")): Object: 'Object Repository/Выполнение бизнес-плана/Кнопка Факт' is clicked on

15-11-2024T09:26:56 - [MESSAGE][PASSED] - Object: 'Object Repository/Выполнение бизнес-плана/Кнопка Факт' is clicked on

15-11-2024T09:26:56 - [TEST_STEP][PASSED] - if (a == 84 || a == 82): null

15-11-2024T09:26:56 - [TEST_STEP][PASSED] - else if (a == 52 || a == 72 || a == 28 || a == 73 || a == 77 || a == 74 || a == 65 || a == 36 || a == 44 || a == 53 || a == 80 || a == 54 || a == 1 || a == 18 || a == 59 || a == 81): null

15-11-2024T09:26:56 - [TEST_STEP][PASSED] - else: null

15-11-2024T09:26:56 - [TEST_STEP][PASSED] - page1 = getText(findTestObject("Object Repository/Выполнение бизнес-плана/spanPlan" + filialNum)): Text of object 'Object Repository/Выполнение бизнес-плана/spanPlan15' is: '8.65
|'

15-11-2024T09:26:56 - [MESSAGE][PASSED] - Text of object 'Object Repository/Выполнение бизнес-плана/spanPlan15' is: '8.65
|'

15-11-2024T09:26:56 - [TEST_STEP][PASSED] - page1 = page1.replace("|", ""): null

15-11-2024T09:26:56 - [TEST_STEP][PASSED] - page2 = getText(findTestObject("Object Repository/Выполнение бизнес-плана/spanFact" + filialNum)): Text of object 'Object Repository/Выполнение бизнес-плана/spanFact15' is: '8.14
|'

15-11-2024T09:26:57 - [MESSAGE][PASSED] - Text of object 'Object Repository/Выполнение бизнес-плана/spanFact15' is: '8.14
|'

15-11-2024T09:26:57 - [TEST_STEP][PASSED] - page2 = page2.replace("|", ""): null

15-11-2024T09:26:57 - [TEST_STEP][PASSED] - println("page1: " + page1): null

15-11-2024T09:26:57 - [TEST_STEP][PASSED] - println("page2: " + page2): null

15-11-2024T09:26:57 - [TEST_STEP][PASSED] - file = findTestData("PlanFact").getValue(4, a): null

15-11-2024T09:26:57 - [TEST_STEP][PASSED] - file = file.replace(",", "."): null

15-11-2024T09:26:57 - [TEST_STEP][PASSED] - println("file Plan: " + file): null

15-11-2024T09:26:57 - [TEST_STEP][PASSED] - typeOfData = "План в процентах": null

15-11-2024T09:26:57 - [TEST_STEP][PASSED] - fileDouble = file.toDouble(): null

15-11-2024T09:26:57 - [TEST_STEP][PASSED] - pageDouble = page1.toDouble(): null

15-11-2024T09:26:57 - [TEST_STEP][PASSED] - if (fileDouble != pageDouble): null

15-11-2024T09:26:57 - [TEST_STEP][PASSED] - file = findTestData("PlanFact").getValue(7, a): null

15-11-2024T09:26:57 - [TEST_STEP][PASSED] - file = file.replace(",", "."): null

15-11-2024T09:26:57 - [TEST_STEP][PASSED] - println("file Fact: " + file): null

15-11-2024T09:26:57 - [TEST_STEP][PASSED] - fileDouble = file.toDouble(): null

15-11-2024T09:26:57 - [TEST_STEP][PASSED] - typeOfData = "Факт в процентах": null

15-11-2024T09:26:57 - [TEST_STEP][PASSED] - fileDouble = file.toDouble(): null

15-11-2024T09:26:57 - [TEST_STEP][PASSED] - pageDouble = page2.toDouble(): null

15-11-2024T09:26:57 - [TEST_STEP][PASSED] - if (fileDouble != pageDouble): null

15-11-2024T09:26:57 - [TEST_STEP][PASSED] - if (verifyEqual(numberOfErrors, 0) == false): Actual object '0' and expected object '0' are equal

15-11-2024T09:26:57 - [MESSAGE][PASSED] - Actual object '0' and expected object '0' are equal

15-11-2024T09:26:57 - [TEST_STEP][PASSED] - if (a == 82): null

15-11-2024T09:26:57 - [TEST_STEP][PASSED] - filialNum = 0: null

15-11-2024T09:26:57 - [TEST_STEP][PASSED] - if (a == 18): null

15-11-2024T09:26:57 - [TEST_STEP][PASSED] - if (a == 36): null

15-11-2024T09:26:57 - [TEST_STEP][PASSED] - if (a == 44): null

15-11-2024T09:26:57 - [TEST_STEP][PASSED] - if (a == 54): null

15-11-2024T09:26:57 - [TEST_STEP][PASSED] - if (a == 59): null

15-11-2024T09:26:57 - [TEST_STEP][PASSED] - Script1718980020443.OpenFilter(): null

15-11-2024T09:26:57 - [TEST_STEP][PASSED] - click(findTestObject("Object Repository/Выполнение бизнес-плана/Фильтр ДЗО")): Object: 'Object Repository/Выполнение бизнес-плана/Фильтр ДЗО' is clicked on

15-11-2024T09:26:57 - [MESSAGE][PASSED] - Object: 'Object Repository/Выполнение бизнес-плана/Фильтр ДЗО' is clicked on

15-11-2024T09:26:57 - [TEST_STEP][PASSED] - click(findTestObject("Выполнение бизнес-плана/Снять выделение в фильтре ДЗО")): Object: 'Object Repository/Выполнение бизнес-плана/Снять выделение в фильтре ДЗО' is clicked on

15-11-2024T09:26:58 - [MESSAGE][PASSED] - Object: 'Object Repository/Выполнение бизнес-плана/Снять выделение в фильтре ДЗО' is clicked on

15-11-2024T09:26:58 - [TEST_STEP][PASSED] - Script1718980020443.CloseFilter(): null

15-11-2024T09:26:58 - [TEST_STEP][PASSED] - scrollToElement(findTestObject("Выполнение бизнес-плана/Заголовок дашборда"), 30): Scroll to object 'Object Repository/Выполнение бизнес-плана/Заголовок дашборда' successfully

15-11-2024T09:26:58 - [MESSAGE][PASSED] - Scroll to object 'Object Repository/Выполнение бизнес-плана/Заголовок дашборда' successfully

15-11-2024T09:26:58 - [TEST_STEP][PASSED] - click(findTestObject("Object Repository/Выполнение бизнес-плана/Применить в фильтре ДЗО")): Object: 'Object Repository/Выполнение бизнес-плана/Применить в фильтре ДЗО' is clicked on

15-11-2024T09:26:59 - [MESSAGE][PASSED] - Object: 'Object Repository/Выполнение бизнес-плана/Применить в фильтре ДЗО' is clicked on

15-11-2024T09:26:59 - [TEST_STEP][PASSED] - if (a == 82): null

15-11-2024T09:26:59 - [TEST_STEP][PASSED] - println(dzoNum): null

15-11-2024T09:26:59 - [TEST_STEP][PASSED] - dZO = "Россети Центр и Приволжье (ГК)": null

15-11-2024T09:26:59 - [TEST_STEP][PASSED] - a = 18: null

15-11-2024T09:26:59 - [TEST_STEP][PASSED] - if (x1.contains(dZO)): null

15-11-2024T09:26:59 - [TEST_STEP][PASSED] - dzoNum = dzoNum + 1: null

15-11-2024T09:26:59 - [TEST_STEP][PASSED] - Script1718980020443.Numbers(a, typeOfData, todaysDate, pageInt, fileInt, pageDouble, fileDouble, dZO, dzoNum, filialNum): null

15-11-2024T09:26:59 - [TEST_STEP][PASSED] - println(dzoNum): null

15-11-2024T09:26:59 - [TEST_STEP][PASSED] - planFact = <not implemented yet for class: org.codehaus.groovy.ast.expr.EmptyExpression>: null

15-11-2024T09:26:59 - [TEST_STEP][PASSED] - page = <not implemented yet for class: org.codehaus.groovy.ast.expr.EmptyExpression>: null

15-11-2024T09:26:59 - [TEST_STEP][PASSED] - page1 = <not implemented yet for class: org.codehaus.groovy.ast.expr.EmptyExpression>: null

15-11-2024T09:26:59 - [TEST_STEP][PASSED] - page2 = <not implemented yet for class: org.codehaus.groovy.ast.expr.EmptyExpression>: null

15-11-2024T09:26:59 - [TEST_STEP][PASSED] - filialNumberInRow = <not implemented yet for class: org.codehaus.groovy.ast.expr.EmptyExpression>: null

15-11-2024T09:26:59 - [TEST_STEP][PASSED] - filialsDzoNames = <not implemented yet for class: org.codehaus.groovy.ast.expr.EmptyExpression>: null

15-11-2024T09:26:59 - [TEST_STEP][PASSED] - numberOfFilials = <not implemented yet for class: org.codehaus.groovy.ast.expr.EmptyExpression>: null

15-11-2024T09:26:59 - [TEST_STEP][PASSED] - numberOfSpaces = <not implemented yet for class: org.codehaus.groovy.ast.expr.EmptyExpression>: null

15-11-2024T09:26:59 - [TEST_STEP][PASSED] - file = <not implemented yet for class: org.codehaus.groovy.ast.expr.EmptyExpression>: null

15-11-2024T09:26:59 - [TEST_STEP][PASSED] - otpusk = <not implemented yet for class: org.codehaus.groovy.ast.expr.EmptyExpression>: null

15-11-2024T09:26:59 - [TEST_STEP][PASSED] - poteri = <not implemented yet for class: org.codehaus.groovy.ast.expr.EmptyExpression>: null

15-11-2024T09:26:59 - [TEST_STEP][PASSED] - dataFolder = "Выполнение бизнес-плана/Значения со страницы Выполнение бизнес-плана/": null

15-11-2024T09:26:59 - [TEST_STEP][PASSED] - path = <not implemented yet for class: org.codehaus.groovy.ast.expr.EmptyExpression>: null

15-11-2024T09:26:59 - [TEST_STEP][PASSED] - typeOfDataMain = <not implemented yet for class: org.codehaus.groovy.ast.expr.EmptyExpression>: null

15-11-2024T09:26:59 - [TEST_STEP][PASSED] - fileOtpuskVSet = <not implemented yet for class: org.codehaus.groovy.ast.expr.EmptyExpression>: null

15-11-2024T09:26:59 - [TEST_STEP][PASSED] - pageOtpuskVSet = <not implemented yet for class: org.codehaus.groovy.ast.expr.EmptyExpression>: null

15-11-2024T09:26:59 - [TEST_STEP][PASSED] - filePoteri = <not implemented yet for class: org.codehaus.groovy.ast.expr.EmptyExpression>: null

15-11-2024T09:26:59 - [TEST_STEP][PASSED] - pagePoteri = <not implemented yet for class: org.codehaus.groovy.ast.expr.EmptyExpression>: null

15-11-2024T09:26:59 - [TEST_STEP][PASSED] - compare = <not implemented yet for class: org.codehaus.groovy.ast.expr.EmptyExpression>: null

15-11-2024T09:26:59 - [TEST_STEP][PASSED] - b = <not implemented yet for class: org.codehaus.groovy.ast.expr.EmptyExpression>: null

15-11-2024T09:26:59 - [TEST_STEP][PASSED] - i = <not implemented yet for class: org.codehaus.groovy.ast.expr.EmptyExpression>: null

15-11-2024T09:26:59 - [TEST_STEP][PASSED] - ii = <not implemented yet for class: org.codehaus.groovy.ast.expr.EmptyExpression>: null

15-11-2024T09:26:59 - [TEST_STEP][PASSED] - c = <not implemented yet for class: org.codehaus.groovy.ast.expr.EmptyExpression>: null

15-11-2024T09:26:59 - [TEST_STEP][PASSED] - numberOfErrors = 0: null

15-11-2024T09:26:59 - [TEST_STEP][PASSED] - if (a == 82): null

15-11-2024T09:26:59 - [TEST_STEP][PASSED] - b = findTestData("PlanFact").getValue(1, a): null

15-11-2024T09:26:59 - [TEST_STEP][PASSED] - i = b.indexOf(" (ГК)"): null

15-11-2024T09:26:59 - [TEST_STEP][PASSED] - if (i > -1): null

15-11-2024T09:26:59 - [TEST_STEP][PASSED] - b = b.substring(0, i): null

15-11-2024T09:26:59 - [TEST_STEP][PASSED] - b = b.trim(): null

15-11-2024T09:26:59 - [TEST_STEP][PASSED] - i = b.indexOf("О ""): null

15-11-2024T09:26:59 - [TEST_STEP][PASSED] - if (i > -1): null

15-11-2024T09:26:59 - [TEST_STEP][PASSED] - i = b.indexOf("О «"): null

15-11-2024T09:26:59 - [TEST_STEP][PASSED] - if (i > -1): null

15-11-2024T09:26:59 - [TEST_STEP][PASSED] - i = b.indexOf("г. "): null

15-11-2024T09:26:59 - [TEST_STEP][PASSED] - if (i > -1): null

15-11-2024T09:26:59 - [TEST_STEP][PASSED] - println(b): null

15-11-2024T09:26:59 - [TEST_STEP][PASSED] - for ([planFact = 1, planFact < 3, (planFact++)]): null

15-11-2024T09:26:59 - [TEST_STEP][PASSED] - if (planFact == 1): null

15-11-2024T09:26:59 - [TEST_STEP][PASSED] - typeOfDataMain = "Факт": null

15-11-2024T09:26:59 - [TEST_STEP][PASSED] - otpusk = findTestData("PlanFact").getValue(5, a): null

15-11-2024T09:26:59 - [TEST_STEP][PASSED] - poteri = findTestData("PlanFact").getValue(6, a): null

15-11-2024T09:26:59 - [TEST_STEP][PASSED] - otpusk = otpusk.replaceAll("\s+", ""): null

15-11-2024T09:26:59 - [TEST_STEP][PASSED] - poteri = poteri.replaceAll("\s+", ""): null

15-11-2024T09:26:59 - [TEST_STEP][PASSED] - typeOfData = typeOfDataMain + " Отпуск в сеть": null

15-11-2024T09:26:59 - [TEST_STEP][PASSED] - if (a == 82): null

15-11-2024T09:26:59 - [TEST_STEP][PASSED] - else if (a == 84): null

15-11-2024T09:26:59 - [TEST_STEP][PASSED] - else if (a == 52 || a == 72 || a == 28 || a == 73 || a == 77 || a == 74 || a == 65 || a == 36 || a == 44 || a == 53 || a == 80 || a == 54 || a == 1 || a == 18 || a == 59 || a == 81): null

15-11-2024T09:26:59 - [TEST_STEP][PASSED] - path = dataFolder + "Table Data/" + typeOfData + " за отчётный период " + dzoNum: null

15-11-2024T09:26:59 - [TEST_STEP][PASSED] - println(path): null

15-11-2024T09:26:59 - [TEST_STEP][PASSED] - page = getText(findTestObject(path)): Text of object 'Object Repository/Выполнение бизнес-плана/Значения со страницы Выполнение бизнес-плана/Table Data/Факт Отпуск в сеть за отчётный период 7' is: '40 894 236'

15-11-2024T09:27:19 - [MESSAGE][PASSED] - Text of object 'Object Repository/Выполнение бизнес-плана/Значения со страницы Выполнение бизнес-плана/Table Data/Факт Отпуск в сеть за отчётный период 7' is: '40 894 236'

15-11-2024T09:27:19 - [TEST_STEP][PASSED] - page = page.replaceAll("\s+", ""): null

15-11-2024T09:27:19 - [TEST_STEP][PASSED] - fileOtpuskVSet = otpusk.toInteger(): null

15-11-2024T09:27:19 - [TEST_STEP][PASSED] - pageOtpuskVSet = page.toInteger(): null

15-11-2024T09:27:19 - [TEST_STEP][PASSED] - typeOfData = typeOfDataMain + " Потери": null

15-11-2024T09:27:19 - [TEST_STEP][PASSED] - if (a == 82): null

15-11-2024T09:27:19 - [TEST_STEP][PASSED] - else if (a == 84): null

15-11-2024T09:27:19 - [TEST_STEP][PASSED] - else if (a == 52 || a == 72 || a == 28 || a == 73 || a == 77 || a == 74 || a == 65 || a == 36 || a == 44 || a == 53 || a == 80 || a == 54 || a == 1 || a == 18 || a == 59 || a == 81): null

15-11-2024T09:27:19 - [TEST_STEP][PASSED] - path = dataFolder + "Table Data/" + typeOfData + " за отчётный период " + dzoNum: null

15-11-2024T09:27:19 - [TEST_STEP][PASSED] - page = getText(findTestObject(path)): Text of object 'Object Repository/Выполнение бизнес-плана/Значения со страницы Выполнение бизнес-плана/Table Data/Факт Потери за отчётный период 7' is: '2 711 313'

15-11-2024T09:27:19 - [MESSAGE][PASSED] - Text of object 'Object Repository/Выполнение бизнес-плана/Значения со страницы Выполнение бизнес-плана/Table Data/Факт Потери за отчётный период 7' is: '2 711 313'

15-11-2024T09:27:19 - [TEST_STEP][PASSED] - page = page.replaceAll("\s+", ""): null

15-11-2024T09:27:19 - [TEST_STEP][PASSED] - filePoteri = poteri.toInteger(): null

15-11-2024T09:27:19 - [TEST_STEP][PASSED] - pagePoteri = page.toInteger(): null

15-11-2024T09:27:19 - [TEST_STEP][PASSED] - compare = pageOtpuskVSet: null

15-11-2024T09:27:19 - [TEST_STEP][PASSED] - if (compare == fileOtpuskVSet): null

15-11-2024T09:27:19 - [TEST_STEP][PASSED] - else if (compare > fileOtpuskVSet): null

15-11-2024T09:27:19 - [TEST_STEP][PASSED] - else if (compare < fileOtpuskVSet): null

15-11-2024T09:27:19 - [TEST_STEP][PASSED] - compare = compare + 1: null

15-11-2024T09:27:19 - [TEST_STEP][PASSED] - if (compare == fileOtpuskVSet): null

15-11-2024T09:27:19 - [TEST_STEP][PASSED] - else: null

15-11-2024T09:27:19 - [TEST_STEP][PASSED] - numberOfErrors = numberOfErrors + 1: null

15-11-2024T09:27:19 - [TEST_STEP][PASSED] - pageInt = pageOtpuskVSet: null

15-11-2024T09:27:19 - [TEST_STEP][PASSED] - fileInt = fileOtpuskVSet: null

15-11-2024T09:27:19 - [TEST_STEP][PASSED] - typeOfData = typeOfDataMain + " Отпуск в сеть": null

15-11-2024T09:27:19 - [TEST_STEP][PASSED] - Script1718980020443.WriteToExcel(a, typeOfData, todaysDate, pageInt, fileInt, pageDouble, fileDouble, dZO): null

15-11-2024T09:27:19 - [TEST_STEP][PASSED] - sheetName = "Sheet1": null

15-11-2024T09:27:19 - [TEST_STEP][PASSED] - data = findTestData("PlanFact"): null

15-11-2024T09:27:19 - [TEST_STEP][PASSED] - n = data.getRowNumbers() + 1: null

15-11-2024T09:27:19 - [TEST_STEP][PASSED] - year = todaysDate.substring(todaysDate.length() - 4, todaysDate.length()): null

15-11-2024T09:27:19 - [TEST_STEP][PASSED] - y = year.toInteger(): null

15-11-2024T09:27:19 - [TEST_STEP][PASSED] - m = getText(findTestObject("Выполнение бизнес-плана/Период")): Text of object 'Object Repository/Выполнение бизнес-плана/Период' is: '1, 2, 3 кв. 2024 года'

15-11-2024T09:27:20 - [MESSAGE][PASSED] - Text of object 'Object Repository/Выполнение бизнес-плана/Период' is: '1, 2, 3 кв. 2024 года'

15-11-2024T09:27:20 - [TEST_STEP][PASSED] - m = m.substring(0, m.indexOf("2024")): null

15-11-2024T09:27:20 - [TEST_STEP][PASSED] - m = m.trim(): null

15-11-2024T09:27:20 - [TEST_STEP][PASSED] - dashboardName = "Выполнение бизнес-плана": null

15-11-2024T09:27:20 - [TEST_STEP][PASSED] - workbook01 = getWorkbook(excelFilePath): null

15-11-2024T09:27:20 - [TEST_STEP][PASSED] - sheet01 = getExcelSheet(workbook01, sheetName): null

15-11-2024T09:27:20 - [TEST_STEP][PASSED] - setValueToCellByIndex(sheet01, n, 0, dashboardName): null

15-11-2024T09:27:20 - [TEST_STEP][PASSED] - setValueToCellByIndex(sheet01, n, 1, dZO): null

15-11-2024T09:27:20 - [TEST_STEP][PASSED] - setValueToCellByIndex(sheet01, n, 2, typeOfData): null

15-11-2024T09:27:20 - [TEST_STEP][PASSED] - if (typeOfData == "Факт в процентах" || typeOfData == "План в процентах"): null

15-11-2024T09:27:20 - [TEST_STEP][PASSED] - else: null

15-11-2024T09:27:20 - [TEST_STEP][PASSED] - setValueToCellByIndex(sheet01, n, 3, fileInt): null

15-11-2024T09:27:20 - [TEST_STEP][PASSED] - setValueToCellByIndex(sheet01, n, 4, pageInt): null

15-11-2024T09:27:20 - [TEST_STEP][PASSED] - setValueToCellByIndex(sheet01, n, 5, m): null

15-11-2024T09:27:20 - [TEST_STEP][PASSED] - setValueToCellByIndex(sheet01, n, 6, y): null

15-11-2024T09:27:20 - [TEST_STEP][PASSED] - setValueToCellByIndex(sheet01, n, 7, todaysDate): null

15-11-2024T09:27:20 - [TEST_STEP][PASSED] - n = n + 1: null

15-11-2024T09:27:20 - [TEST_STEP][PASSED] - saveWorkbook(excelFilePath, workbook01): null

15-11-2024T09:27:20 - [TEST_STEP][PASSED] - compare = pagePoteri: null

15-11-2024T09:27:20 - [TEST_STEP][PASSED] - if (compare == filePoteri): null

15-11-2024T09:27:20 - [TEST_STEP][PASSED] - else if (compare > filePoteri): null

15-11-2024T09:27:20 - [TEST_STEP][PASSED] - else if (compare < filePoteri): null

15-11-2024T09:27:20 - [TEST_STEP][PASSED] - compare = compare + 1: null

15-11-2024T09:27:20 - [TEST_STEP][PASSED] - if (compare == filePoteri): null

15-11-2024T09:27:20 - [TEST_STEP][PASSED] - else: null

15-11-2024T09:27:20 - [TEST_STEP][PASSED] - numberOfErrors = numberOfErrors + 1: null

15-11-2024T09:27:20 - [TEST_STEP][PASSED] - pageInt = pagePoteri: null

15-11-2024T09:27:20 - [TEST_STEP][PASSED] - fileInt = filePoteri: null

15-11-2024T09:27:20 - [TEST_STEP][PASSED] - typeOfData = typeOfDataMain + " Потери": null

15-11-2024T09:27:20 - [TEST_STEP][PASSED] - Script1718980020443.WriteToExcel(a, typeOfData, todaysDate, pageInt, fileInt, pageDouble, fileDouble, dZO): null

15-11-2024T09:27:20 - [TEST_STEP][PASSED] - sheetName = "Sheet1": null

15-11-2024T09:27:20 - [TEST_STEP][PASSED] - data = findTestData("PlanFact"): null

15-11-2024T09:27:20 - [TEST_STEP][PASSED] - n = data.getRowNumbers() + 1: null

15-11-2024T09:27:20 - [TEST_STEP][PASSED] - year = todaysDate.substring(todaysDate.length() - 4, todaysDate.length()): null

15-11-2024T09:27:20 - [TEST_STEP][PASSED] - y = year.toInteger(): null

15-11-2024T09:27:20 - [TEST_STEP][PASSED] - m = getText(findTestObject("Выполнение бизнес-плана/Период")): Text of object 'Object Repository/Выполнение бизнес-плана/Период' is: '1, 2, 3 кв. 2024 года'

15-11-2024T09:27:20 - [MESSAGE][PASSED] - Text of object 'Object Repository/Выполнение бизнес-плана/Период' is: '1, 2, 3 кв. 2024 года'

15-11-2024T09:27:20 - [TEST_STEP][PASSED] - m = m.substring(0, m.indexOf("2024")): null

15-11-2024T09:27:20 - [TEST_STEP][PASSED] - m = m.trim(): null

15-11-2024T09:27:20 - [TEST_STEP][PASSED] - dashboardName = "Выполнение бизнес-плана": null

15-11-2024T09:27:20 - [TEST_STEP][PASSED] - workbook01 = getWorkbook(excelFilePath): null

15-11-2024T09:27:20 - [TEST_STEP][PASSED] - sheet01 = getExcelSheet(workbook01, sheetName): null

15-11-2024T09:27:20 - [TEST_STEP][PASSED] - setValueToCellByIndex(sheet01, n, 0, dashboardName): null

15-11-2024T09:27:20 - [TEST_STEP][PASSED] - setValueToCellByIndex(sheet01, n, 1, dZO): null

15-11-2024T09:27:20 - [TEST_STEP][PASSED] - setValueToCellByIndex(sheet01, n, 2, typeOfData): null

15-11-2024T09:27:20 - [TEST_STEP][PASSED] - if (typeOfData == "Факт в процентах" || typeOfData == "План в процентах"): null

15-11-2024T09:27:20 - [TEST_STEP][PASSED] - else: null

15-11-2024T09:27:20 - [TEST_STEP][PASSED] - setValueToCellByIndex(sheet01, n, 3, fileInt): null

15-11-2024T09:27:20 - [TEST_STEP][PASSED] - setValueToCellByIndex(sheet01, n, 4, pageInt): null

15-11-2024T09:27:20 - [TEST_STEP][PASSED] - setValueToCellByIndex(sheet01, n, 5, m): null

15-11-2024T09:27:20 - [TEST_STEP][PASSED] - setValueToCellByIndex(sheet01, n, 6, y): null

15-11-2024T09:27:20 - [TEST_STEP][PASSED] - setValueToCellByIndex(sheet01, n, 7, todaysDate): null

15-11-2024T09:27:20 - [TEST_STEP][PASSED] - n = n + 1: null

15-11-2024T09:27:20 - [TEST_STEP][PASSED] - saveWorkbook(excelFilePath, workbook01): Object: 'Object Repository/Выполнение бизнес-плана/Кнопка Факт' is clicked on

15-11-2024T09:27:21 - [TEST_STEP][PASSED] - if (planFact == 2): null

15-11-2024T09:27:21 - [TEST_STEP][PASSED] - if (planFact == 1): null

15-11-2024T09:27:21 - [TEST_STEP][PASSED] - else if (planFact == 2): null

15-11-2024T09:27:21 - [TEST_STEP][PASSED] - click(findTestObject("Выполнение бизнес-плана/Кнопка План")): Object: 'Object Repository/Выполнение бизнес-плана/Кнопка План' is clicked on

15-11-2024T09:27:21 - [MESSAGE][PASSED] - Object: 'Object Repository/Выполнение бизнес-плана/Кнопка План' is clicked on

15-11-2024T09:27:21 - [TEST_STEP][PASSED] - typeOfDataMain = "План": null

15-11-2024T09:27:21 - [TEST_STEP][PASSED] - otpusk = findTestData("PlanFact").getValue(2, a): null

15-11-2024T09:27:21 - [TEST_STEP][PASSED] - poteri = findTestData("PlanFact").getValue(3, a): null

15-11-2024T09:27:21 - [TEST_STEP][PASSED] - otpusk = otpusk.replaceAll("\s+", ""): null

15-11-2024T09:27:21 - [TEST_STEP][PASSED] - poteri = poteri.replaceAll("\s+", ""): null

15-11-2024T09:27:21 - [TEST_STEP][PASSED] - typeOfData = typeOfDataMain + " Отпуск в сеть": null

15-11-2024T09:27:21 - [TEST_STEP][PASSED] - if (a == 82): null

15-11-2024T09:27:21 - [TEST_STEP][PASSED] - else if (a == 84): null

15-11-2024T09:27:21 - [TEST_STEP][PASSED] - else if (a == 52 || a == 72 || a == 28 || a == 73 || a == 77 || a == 74 || a == 65 || a == 36 || a == 44 || a == 53 || a == 80 || a == 54 || a == 1 || a == 18 || a == 59 || a == 81): null

15-11-2024T09:27:21 - [TEST_STEP][PASSED] - path = dataFolder + "Table Data/" + typeOfData + " за отчётный период " + dzoNum: null

15-11-2024T09:27:21 - [TEST_STEP][PASSED] - println(path): null

15-11-2024T09:27:21 - [TEST_STEP][PASSED] - page = getText(findTestObject(path)): Text of object 'Object Repository/Выполнение бизнес-плана/Значения со страницы Выполнение бизнес-плана/Table Data/План Отпуск в сеть за отчётный период 7' is: '39 451 497'

15-11-2024T09:27:21 - [MESSAGE][PASSED] - Text of object 'Object Repository/Выполнение бизнес-плана/Значения со страницы Выполнение бизнес-плана/Table Data/План Отпуск в сеть за отчётный период 7' is: '39 451 497'

15-11-2024T09:27:21 - [TEST_STEP][PASSED] - page = page.replaceAll("\s+", ""): null

15-11-2024T09:27:21 - [TEST_STEP][PASSED] - fileOtpuskVSet = otpusk.toInteger(): null

15-11-2024T09:27:21 - [TEST_STEP][PASSED] - pageOtpuskVSet = page.toInteger(): null

15-11-2024T09:27:21 - [TEST_STEP][PASSED] - typeOfData = typeOfDataMain + " Потери": null

15-11-2024T09:27:21 - [TEST_STEP][PASSED] - if (a == 82): null

15-11-2024T09:27:21 - [TEST_STEP][PASSED] - else if (a == 84): null

15-11-2024T09:27:21 - [TEST_STEP][PASSED] - else if (a == 52 || a == 72 || a == 28 || a == 73 || a == 77 || a == 74 || a == 65 || a == 36 || a == 44 || a == 53 || a == 80 || a == 54 || a == 1 || a == 18 || a == 59 || a == 81): null

15-11-2024T09:27:21 - [TEST_STEP][PASSED] - path = dataFolder + "Table Data/" + typeOfData + " за отчётный период " + dzoNum: null

15-11-2024T09:27:21 - [TEST_STEP][PASSED] - page = getText(findTestObject(path)): Text of object 'Object Repository/Выполнение бизнес-плана/Значения со страницы Выполнение бизнес-плана/Table Data/План Потери за отчётный период 7' is: '2 713 463'

15-11-2024T09:27:22 - [MESSAGE][PASSED] - Text of object 'Object Repository/Выполнение бизнес-плана/Значения со страницы Выполнение бизнес-плана/Table Data/План Потери за отчётный период 7' is: '2 713 463'

15-11-2024T09:27:22 - [TEST_STEP][PASSED] - page = page.replaceAll("\s+", ""): null

15-11-2024T09:27:22 - [TEST_STEP][PASSED] - filePoteri = poteri.toInteger(): null

15-11-2024T09:27:22 - [TEST_STEP][PASSED] - pagePoteri = page.toInteger(): null

15-11-2024T09:27:22 - [TEST_STEP][PASSED] - compare = pageOtpuskVSet: null

15-11-2024T09:27:22 - [TEST_STEP][PASSED] - if (compare == fileOtpuskVSet): null

15-11-2024T09:27:22 - [TEST_STEP][PASSED] - if (compare == fileOtpuskVSet): null

15-11-2024T09:27:22 - [TEST_STEP][PASSED] - compare = pagePoteri: null

15-11-2024T09:27:22 - [TEST_STEP][PASSED] - if (compare == filePoteri): null

15-11-2024T09:27:22 - [TEST_STEP][PASSED] - if (compare == filePoteri): null

15-11-2024T09:27:22 - [TEST_STEP][PASSED] - if (planFact == 2): Object: 'Object Repository/Выполнение бизнес-плана/Кнопка Факт' is clicked on

15-11-2024T09:27:22 - [TEST_STEP][PASSED] - click(findTestObject("Выполнение бизнес-плана/Кнопка Факт")): Object: 'Object Repository/Выполнение бизнес-плана/Кнопка Факт' is clicked on

15-11-2024T09:27:22 - [MESSAGE][PASSED] - Object: 'Object Repository/Выполнение бизнес-плана/Кнопка Факт' is clicked on

15-11-2024T09:27:22 - [TEST_STEP][PASSED] - if (a == 84 || a == 82): null

15-11-2024T09:27:22 - [TEST_STEP][PASSED] - else if (a == 52 || a == 72 || a == 28 || a == 73 || a == 77 || a == 74 || a == 65 || a == 36 || a == 44 || a == 53 || a == 80 || a == 54 || a == 1 || a == 18 || a == 59 || a == 81): null

15-11-2024T09:27:22 - [TEST_STEP][PASSED] - page1 = getText(findTestObject("Object Repository/Выполнение бизнес-плана/spanPlan" + dzoNum)): Text of object 'Object Repository/Выполнение бизнес-плана/spanPlan7' is: '6.88
|'

15-11-2024T09:27:22 - [MESSAGE][PASSED] - Text of object 'Object Repository/Выполнение бизнес-плана/spanPlan7' is: '6.88
|'

15-11-2024T09:27:22 - [TEST_STEP][PASSED] - page1 = page1.replace("|", ""): null

15-11-2024T09:27:22 - [TEST_STEP][PASSED] - page2 = getText(findTestObject("Object Repository/Выполнение бизнес-плана/spanFact" + dzoNum)): Text of object 'Object Repository/Выполнение бизнес-плана/spanFact7' is: '6.63'

15-11-2024T09:27:23 - [MESSAGE][PASSED] - Text of object 'Object Repository/Выполнение бизнес-плана/spanFact7' is: '6.63'

15-11-2024T09:27:23 - [TEST_STEP][PASSED] - page2 = page2.replace("|", ""): null

15-11-2024T09:27:23 - [TEST_STEP][PASSED] - println("page1: " + page1): null

15-11-2024T09:27:23 - [TEST_STEP][PASSED] - println("page2: " + page2): null

15-11-2024T09:27:23 - [TEST_STEP][PASSED] - file = findTestData("PlanFact").getValue(4, a): null

15-11-2024T09:27:23 - [TEST_STEP][PASSED] - file = file.replace(",", "."): null

15-11-2024T09:27:23 - [TEST_STEP][PASSED] - println("file Plan: " + file): null

15-11-2024T09:27:23 - [TEST_STEP][PASSED] - typeOfData = "План в процентах": null

15-11-2024T09:27:23 - [TEST_STEP][PASSED] - fileDouble = file.toDouble(): null

15-11-2024T09:27:23 - [TEST_STEP][PASSED] - pageDouble = page1.toDouble(): null

15-11-2024T09:27:23 - [TEST_STEP][PASSED] - if (fileDouble != pageDouble): null

15-11-2024T09:27:23 - [TEST_STEP][PASSED] - file = findTestData("PlanFact").getValue(7, a): null

15-11-2024T09:27:23 - [TEST_STEP][PASSED] - file = file.replace(",", "."): null

15-11-2024T09:27:23 - [TEST_STEP][PASSED] - println("file Fact: " + file): null

15-11-2024T09:27:23 - [TEST_STEP][PASSED] - fileDouble = file.toDouble(): null

15-11-2024T09:27:23 - [TEST_STEP][PASSED] - typeOfData = "Факт в процентах": null

15-11-2024T09:27:23 - [TEST_STEP][PASSED] - fileDouble = file.toDouble(): null

15-11-2024T09:27:23 - [TEST_STEP][PASSED] - pageDouble = page2.toDouble(): null

15-11-2024T09:27:23 - [TEST_STEP][PASSED] - if (fileDouble != pageDouble): null

15-11-2024T09:27:23 - [TEST_STEP][PASSED] - numberOfErrors = numberOfErrors + 1: null

15-11-2024T09:27:23 - [TEST_STEP][PASSED] - Script1718980020443.WriteToExcel(a, typeOfData, todaysDate, pageInt, fileInt, pageDouble, fileDouble, dZO): null

15-11-2024T09:27:23 - [TEST_STEP][PASSED] - sheetName = "Sheet1": null

15-11-2024T09:27:23 - [TEST_STEP][PASSED] - data = findTestData("PlanFact"): null

15-11-2024T09:27:23 - [TEST_STEP][PASSED] - n = data.getRowNumbers() + 1: null

15-11-2024T09:27:23 - [TEST_STEP][PASSED] - year = todaysDate.substring(todaysDate.length() - 4, todaysDate.length()): null

15-11-2024T09:27:23 - [TEST_STEP][PASSED] - y = year.toInteger(): null

15-11-2024T09:27:23 - [TEST_STEP][PASSED] - m = getText(findTestObject("Выполнение бизнес-плана/Период")): Text of object 'Object Repository/Выполнение бизнес-плана/Период' is: '1, 2, 3 кв. 2024 года'

15-11-2024T09:27:23 - [MESSAGE][PASSED] - Text of object 'Object Repository/Выполнение бизнес-плана/Период' is: '1, 2, 3 кв. 2024 года'

15-11-2024T09:27:23 - [TEST_STEP][PASSED] - m = m.substring(0, m.indexOf("2024")): null

15-11-2024T09:27:23 - [TEST_STEP][PASSED] - m = m.trim(): null

15-11-2024T09:27:23 - [TEST_STEP][PASSED] - dashboardName = "Выполнение бизнес-плана": null

15-11-2024T09:27:23 - [TEST_STEP][PASSED] - workbook01 = getWorkbook(excelFilePath): null

15-11-2024T09:27:23 - [TEST_STEP][PASSED] - sheet01 = getExcelSheet(workbook01, sheetName): null

15-11-2024T09:27:23 - [TEST_STEP][PASSED] - setValueToCellByIndex(sheet01, n, 0, dashboardName): null

15-11-2024T09:27:23 - [TEST_STEP][PASSED] - setValueToCellByIndex(sheet01, n, 1, dZO): null

15-11-2024T09:27:23 - [TEST_STEP][PASSED] - setValueToCellByIndex(sheet01, n, 2, typeOfData): null

15-11-2024T09:27:23 - [TEST_STEP][PASSED] - if (typeOfData == "Факт в процентах" || typeOfData == "План в процентах"): null

15-11-2024T09:27:23 - [TEST_STEP][PASSED] - setValueToCellByIndex(sheet01, n, 3, fileDouble): null

15-11-2024T09:27:23 - [TEST_STEP][PASSED] - setValueToCellByIndex(sheet01, n, 4, pageDouble): null

15-11-2024T09:27:23 - [TEST_STEP][PASSED] - setValueToCellByIndex(sheet01, n, 5, m): null

15-11-2024T09:27:23 - [TEST_STEP][PASSED] - setValueToCellByIndex(sheet01, n, 6, y): null

15-11-2024T09:27:23 - [TEST_STEP][PASSED] - setValueToCellByIndex(sheet01, n, 7, todaysDate): null

15-11-2024T09:27:23 - [TEST_STEP][PASSED] - n = n + 1: null

15-11-2024T09:27:23 - [TEST_STEP][PASSED] - saveWorkbook(excelFilePath, workbook01): null

15-11-2024T09:27:23 - [TEST_STEP][FAILED] - if (verifyEqual(numberOfErrors, 0) == false): null

15-11-2024T09:27:23 - [MESSAGE][FAILED] - Unable to verify equal between actual object '3' and expected object '0' (Root cause: com.kms.katalon.core.exception.StepFailedException: Actual object '3' and expected object '0' are not equal
	at com.kms.katalon.core.keyword.builtin.VerifyEqualKeyword$_verifyEqual_closure1.doCall(VerifyEqualKeyword.groovy:58)
	at com.kms.katalon.core.keyword.builtin.VerifyEqualKeyword$_verifyEqual_closure1.call(VerifyEqualKeyword.groovy)
	at com.kms.katalon.core.keyword.internal.KeywordMain.runKeyword(KeywordMain.groovy:75)
	at com.kms.katalon.core.keyword.builtin.VerifyEqualKeyword.verifyEqual(VerifyEqualKeyword.groovy:63)
	at com.kms.katalon.core.keyword.builtin.VerifyEqualKeyword.execute(VerifyEqualKeyword.groovy:44)
	at com.kms.katalon.core.keyword.internal.KeywordExecutor.executeKeywordForPlatform(KeywordExecutor.groovy:74)
	at com.kms.katalon.core.keyword.BuiltinKeywords.verifyEqual(BuiltinKeywords.groovy:146)
	at jdk.internal.reflect.GeneratedMethodAccessor25.invoke(Unknown Source)
	at java.base/jdk.internal.reflect.DelegatingMethodAccessorImpl.invoke(DelegatingMethodAccessorImpl.java:43)
	at Выполнение бизнес-плана Сверка ПАО Россети все филиалы.Numbers(Выполнение бизнес-плана Сверка ПАО Россети все филиалы:740)
	at Выполнение бизнес-плана Сверка ПАО Россети все филиалы.run(Выполнение бизнес-плана Сверка ПАО Россети все филиалы:402)
	at com.kms.katalon.core.main.ScriptEngine.run(ScriptEngine.java:194)
	at com.kms.katalon.core.main.ScriptEngine.runScriptAsRawText(ScriptEngine.java:119)
	at com.kms.katalon.core.main.TestCaseExecutor.runScript(TestCaseExecutor.java:448)
	at com.kms.katalon.core.main.TestCaseExecutor.doExecute(TestCaseExecutor.java:439)
	at com.kms.katalon.core.main.TestCaseExecutor.processExecutionPhase(TestCaseExecutor.java:418)
	at com.kms.katalon.core.main.TestCaseExecutor.accessMainPhase(TestCaseExecutor.java:410)
	at com.kms.katalon.core.main.TestCaseExecutor.execute(TestCaseExecutor.java:285)
	at com.kms.katalon.core.common.CommonExecutor.accessTestCaseMainPhase(CommonExecutor.java:65)
	at com.kms.katalon.core.main.TestSuiteExecutor.accessTestSuiteMainPhase(TestSuiteExecutor.java:150)
	at com.kms.katalon.core.main.TestSuiteExecutor.execute(TestSuiteExecutor.java:106)
	at com.kms.katalon.core.main.TestCaseMain.startTestSuite(TestCaseMain.java:180)
	at TempTestSuite1731647997681.run(TempTestSuite1731647997681.groovy:35)
	at java.base/jdk.internal.reflect.NativeMethodAccessorImpl.invoke0(Native Method)
	at java.base/jdk.internal.reflect.NativeMethodAccessorImpl.invoke(NativeMethodAccessorImpl.java:77)
	at java.base/jdk.internal.reflect.DelegatingMethodAccessorImpl.invoke(DelegatingMethodAccessorImpl.java:43)
)

15-11-2024T09:27:23 - [TEST_STEP][PASSED] - println(numberOfErrors): null

15-11-2024T09:27:23 - [TEST_STEP][PASSED] - if (a == 28 || a == 77 || a == 74 || a == 65 || a == 36 || a == 44 || a == 54 || a == 1 || a == 18 || a == 59): null

15-11-2024T09:27:23 - [TEST_STEP][PASSED] - Script1718980020443.Filials(a, typeOfData, todaysDate, pageInt, fileInt, pageDouble, fileDouble, dZO, dzoNum, filialNum): null

15-11-2024T09:27:23 - [TEST_STEP][PASSED] - i = <not implemented yet for class: org.codehaus.groovy.ast.expr.EmptyExpression>: null

15-11-2024T09:27:23 - [TEST_STEP][PASSED] - c = <not implemented yet for class: org.codehaus.groovy.ast.expr.EmptyExpression>: null

15-11-2024T09:27:23 - [TEST_STEP][PASSED] - page = <not implemented yet for class: org.codehaus.groovy.ast.expr.EmptyExpression>: null

15-11-2024T09:27:23 - [TEST_STEP][PASSED] - println(dZO): null

15-11-2024T09:27:23 - [TEST_STEP][PASSED] - reducedDZO = <not implemented yet for class: org.codehaus.groovy.ast.expr.EmptyExpression>: null

15-11-2024T09:27:23 - [TEST_STEP][PASSED] - reducedDZO = dZO.substring(dZO.indexOf(" ") + 1, dZO.length()): null

15-11-2024T09:27:23 - [TEST_STEP][PASSED] - if (reducedDZO.contains(" ")): null

15-11-2024T09:27:23 - [TEST_STEP][PASSED] - reducedDZO = reducedDZO.substring(reducedDZO.indexOf(" ") + 1, reducedDZO.length()): null

15-11-2024T09:27:23 - [TEST_STEP][PASSED] - if (reducedDZO.contains(" ")): null

15-11-2024T09:27:23 - [TEST_STEP][PASSED] - reducedDZO = reducedDZO.substring(reducedDZO.indexOf(" ") + 1, reducedDZO.length()): null

15-11-2024T09:27:23 - [TEST_STEP][PASSED] - println(reducedDZO): null

15-11-2024T09:27:23 - [TEST_STEP][PASSED] - dzoCut = <not implemented yet for class: org.codehaus.groovy.ast.expr.EmptyExpression>: null

15-11-2024T09:27:23 - [TEST_STEP][PASSED] - Script1718980020443.DZO(a): null

15-11-2024T09:27:23 - [TEST_STEP][PASSED] - Script1718980020443.OpenFilter(): null

15-11-2024T09:27:23 - [TEST_STEP][PASSED] - click(findTestObject("Object Repository/Выполнение бизнес-плана/Фильтр ДЗО")): Object: 'Object Repository/Выполнение бизнес-плана/Фильтр ДЗО' is clicked on

15-11-2024T09:27:24 - [MESSAGE][PASSED] - Object: 'Object Repository/Выполнение бизнес-плана/Фильтр ДЗО' is clicked on

15-11-2024T09:27:24 - [TEST_STEP][PASSED] - click(findTestObject("Выполнение бизнес-плана/Снять выделение в фильтре ДЗО")): Object: 'Object Repository/Выполнение бизнес-плана/Снять выделение в фильтре ДЗО' is clicked on

15-11-2024T09:27:24 - [MESSAGE][PASSED] - Object: 'Object Repository/Выполнение бизнес-плана/Снять выделение в фильтре ДЗО' is clicked on

15-11-2024T09:27:24 - [TEST_STEP][PASSED] - Script1718980020443.OpenRSK(): null

15-11-2024T09:27:24 - [TEST_STEP][PASSED] - click(findTestObject("Выполнение бизнес-плана/Раскрыть список ПАО Россети в фильтре ДЗО")): Object: 'Object Repository/Выполнение бизнес-плана/Раскрыть список ПАО Россети в фильтре ДЗО' is clicked on

15-11-2024T09:27:25 - [MESSAGE][PASSED] - Object: 'Object Repository/Выполнение бизнес-плана/Раскрыть список ПАО Россети в фильтре ДЗО' is clicked on

15-11-2024T09:27:25 - [TEST_STEP][PASSED] - click(findTestObject("Выполнение бизнес-плана/Раскрыть список РаспредКомплекс в фильтре ДЗО")): Object: 'Object Repository/Выполнение бизнес-плана/Раскрыть список РаспредКомплекс в фильтре ДЗО' is clicked on

15-11-2024T09:27:25 - [MESSAGE][PASSED] - Object: 'Object Repository/Выполнение бизнес-плана/Раскрыть список РаспредКомплекс в фильтре ДЗО' is clicked on

15-11-2024T09:27:25 - [TEST_STEP][PASSED] - if (a == 28): null

15-11-2024T09:27:25 - [TEST_STEP][PASSED] - if (a == 77): null

15-11-2024T09:27:25 - [TEST_STEP][PASSED] - if (a == 74): null

15-11-2024T09:27:25 - [TEST_STEP][PASSED] - if (a == 65): null

15-11-2024T09:27:25 - [TEST_STEP][PASSED] - if (a == 36): null

15-11-2024T09:27:25 - [TEST_STEP][PASSED] - if (a == 44): null

15-11-2024T09:27:25 - [TEST_STEP][PASSED] - if (a == 54): null

15-11-2024T09:27:25 - [TEST_STEP][PASSED] - if (a == 1): null

15-11-2024T09:27:25 - [TEST_STEP][PASSED] - if (a == 18): Object: 'Object Repository/Выполнение бизнес-плана/Россети Центр и Приволжье' is clicked on

15-11-2024T09:27:25 - [TEST_STEP][PASSED] - scrollToElement(findTestObject("Выполнение бизнес-плана/Россети Центр и Приволжье"), 30): Scroll to object 'Object Repository/Выполнение бизнес-плана/Россети Центр и Приволжье' successfully

15-11-2024T09:27:25 - [MESSAGE][PASSED] - Scroll to object 'Object Repository/Выполнение бизнес-плана/Россети Центр и Приволжье' successfully

15-11-2024T09:27:25 - [TEST_STEP][PASSED] - click(findTestObject("Выполнение бизнес-плана/Россети Центр и Приволжье")): Object: 'Object Repository/Выполнение бизнес-плана/Россети Центр и Приволжье' is clicked on

15-11-2024T09:27:26 - [MESSAGE][PASSED] - Object: 'Object Repository/Выполнение бизнес-плана/Россети Центр и Приволжье' is clicked on

15-11-2024T09:27:26 - [TEST_STEP][PASSED] - if (a == 59): null

15-11-2024T09:27:26 - [TEST_STEP][PASSED] - Script1718980020443.CloseFilter(): null

15-11-2024T09:27:26 - [TEST_STEP][PASSED] - scrollToElement(findTestObject("Выполнение бизнес-плана/Заголовок дашборда"), 30): Scroll to object 'Object Repository/Выполнение бизнес-плана/Заголовок дашборда' successfully

15-11-2024T09:27:26 - [MESSAGE][PASSED] - Scroll to object 'Object Repository/Выполнение бизнес-плана/Заголовок дашборда' successfully

15-11-2024T09:27:26 - [TEST_STEP][PASSED] - click(findTestObject("Object Repository/Выполнение бизнес-плана/Применить в фильтре ДЗО")): Object: 'Object Repository/Выполнение бизнес-плана/Применить в фильтре ДЗО' is clicked on

15-11-2024T09:27:27 - [MESSAGE][PASSED] - Object: 'Object Repository/Выполнение бизнес-плана/Применить в фильтре ДЗО' is clicked on

15-11-2024T09:27:27 - [TEST_STEP][PASSED] - Script1718980020443.ZakrytOpoveshenie(): null

15-11-2024T09:27:27 - [TEST_STEP][PASSED] - delay(10): Delayed 10 second(s)

15-11-2024T09:27:37 - [MESSAGE][PASSED] - Delayed 10 second(s)

15-11-2024T09:27:37 - [TEST_STEP][PASSED] - opoveshenie = getText(findTestObject("Выполнение бизнес-плана/Просьба обратить внимание")): Text of object 'Object Repository/Выполнение бизнес-плана/Просьба обратить внимание' is: ''

15-11-2024T09:27:47 - [MESSAGE][PASSED] - Text of object 'Object Repository/Выполнение бизнес-плана/Просьба обратить внимание' is: ''

15-11-2024T09:27:47 - [TEST_STEP][PASSED] - println(opoveshenie): null

15-11-2024T09:27:47 - [TEST_STEP][PASSED] - if (opoveshenie == "Просьба обратить внимание"): null

15-11-2024T09:27:47 - [TEST_STEP][PASSED] - page = getText(findTestObject("Object Repository/Выполнение бизнес-плана/Filials")): Text of object 'Object Repository/Выполнение бизнес-плана/Filials' is: 'Россети Центр и Приволжье (ГК)
0
10
20
30
40
50
60
70'

15-11-2024T09:27:48 - [MESSAGE][PASSED] - Text of object 'Object Repository/Выполнение бизнес-плана/Filials' is: 'Россети Центр и Приволжье (ГК)
0
10
20
30
40
50
60
70'

15-11-2024T09:27:48 - [TEST_STEP][PASSED] - println(page): null

15-11-2024T09:27:48 - [TEST_STEP][PASSED] - c = page.indexOf(reducedDZO): null

15-11-2024T09:27:48 - [TEST_STEP][PASSED] - if (c > -1): null

15-11-2024T09:27:48 - [TEST_STEP][PASSED] - click(findTestObject("Выполнение бизнес-плана/список")): Object: 'Object Repository/Выполнение бизнес-плана/список' is clicked on

15-11-2024T09:27:48 - [MESSAGE][PASSED] - Object: 'Object Repository/Выполнение бизнес-плана/список' is clicked on

15-11-2024T09:27:48 - [TEST_STEP][PASSED] - delay(10): Delayed 10 second(s)

15-11-2024T09:27:58 - [MESSAGE][PASSED] - Delayed 10 second(s)

15-11-2024T09:27:58 - [TEST_STEP][PASSED] - click(findTestObject("Выполнение бизнес-плана/Раскрытие списка")): Object: 'Object Repository/Выполнение бизнес-плана/Раскрытие списка' is clicked on

15-11-2024T09:27:59 - [MESSAGE][PASSED] - Object: 'Object Repository/Выполнение бизнес-плана/Раскрытие списка' is clicked on

15-11-2024T09:27:59 - [TEST_STEP][PASSED] - delay(10): Delayed 10 second(s)

15-11-2024T09:28:09 - [MESSAGE][PASSED] - Delayed 10 second(s)

15-11-2024T09:28:09 - [TEST_STEP][PASSED] - page = getText(findTestObject("Object Repository/Выполнение бизнес-плана/Filials")): Text of object 'Object Repository/Выполнение бизнес-плана/Filials' is: 'Владимирэнерго
Ивэнерго
Калугаэнерго
Кировэнерго
Мариэнерго
Нижновэнерго
Рязаньэнерго
Тулэнерго
Удмуртэнерго
0
10
20
30
40
50
60
70'

15-11-2024T09:28:09 - [MESSAGE][PASSED] - Text of object 'Object Repository/Выполнение бизнес-плана/Filials' is: 'Владимирэнерго
Ивэнерго
Калугаэнерго
Кировэнерго
Мариэнерго
Нижновэнерго
Рязаньэнерго
Тулэнерго
Удмуртэнерго
0
10
20
30
40
50
60
70'

15-11-2024T09:28:09 - [TEST_STEP][PASSED] - println(page): null

15-11-2024T09:28:09 - [TEST_STEP][PASSED] - c = page.indexOf(reducedDZO): null

15-11-2024T09:28:09 - [TEST_STEP][PASSED] - x2 = getText(findTestObject("Выполнение бизнес-плана/Список ДЗО старый")): Text of object 'Object Repository/Выполнение бизнес-плана/Список ДЗО старый' is: 'Владимирэнерго
Ивэнерго
Калугаэнерго
Кировэнерго
Мариэнерго
Нижновэнерго
Рязаньэнерго
Тулэнерго
Удмуртэнерго
0
10
20
30
40
50
60
70'

15-11-2024T09:28:09 - [MESSAGE][PASSED] - Text of object 'Object Repository/Выполнение бизнес-плана/Список ДЗО старый' is: 'Владимирэнерго
Ивэнерго
Калугаэнерго
Кировэнерго
Мариэнерго
Нижновэнерго
Рязаньэнерго
Тулэнерго
Удмуртэнерго
0
10
20
30
40
50
60
70'

15-11-2024T09:28:09 - [TEST_STEP][PASSED] - if (a == 28): null

15-11-2024T09:28:09 - [TEST_STEP][PASSED] - if (a == 77): null

15-11-2024T09:28:09 - [TEST_STEP][PASSED] - if (a == 74): null

15-11-2024T09:28:09 - [TEST_STEP][PASSED] - if (a == 65): null

15-11-2024T09:28:09 - [TEST_STEP][PASSED] - if (a == 1): null

15-11-2024T09:28:09 - [TEST_STEP][PASSED] - if (a == 18): null

15-11-2024T09:28:09 - [TEST_STEP][PASSED] - dZO = "Владимирэнерго": null

15-11-2024T09:28:09 - [TEST_STEP][PASSED] - a = 19: null

15-11-2024T09:28:09 - [TEST_STEP][PASSED] - if (x2.contains(dZO)): null

15-11-2024T09:28:09 - [TEST_STEP][PASSED] - filialNum = filialNum + 1: null

15-11-2024T09:28:09 - [TEST_STEP][PASSED] - Script1718980020443.Numbers(a, typeOfData, todaysDate, pageInt, fileInt, pageDouble, fileDouble, dZO, dzoNum, filialNum): null

15-11-2024T09:28:09 - [TEST_STEP][PASSED] - println(dzoNum): null

15-11-2024T09:28:09 - [TEST_STEP][PASSED] - planFact = <not implemented yet for class: org.codehaus.groovy.ast.expr.EmptyExpression>: null

15-11-2024T09:28:09 - [TEST_STEP][PASSED] - page = <not implemented yet for class: org.codehaus.groovy.ast.expr.EmptyExpression>: null

15-11-2024T09:28:09 - [TEST_STEP][PASSED] - page1 = <not implemented yet for class: org.codehaus.groovy.ast.expr.EmptyExpression>: null

15-11-2024T09:28:09 - [TEST_STEP][PASSED] - page2 = <not implemented yet for class: org.codehaus.groovy.ast.expr.EmptyExpression>: null

15-11-2024T09:28:09 - [TEST_STEP][PASSED] - filialNumberInRow = <not implemented yet for class: org.codehaus.groovy.ast.expr.EmptyExpression>: null

15-11-2024T09:28:09 - [TEST_STEP][PASSED] - filialsDzoNames = <not implemented yet for class: org.codehaus.groovy.ast.expr.EmptyExpression>: null

15-11-2024T09:28:09 - [TEST_STEP][PASSED] - numberOfFilials = <not implemented yet for class: org.codehaus.groovy.ast.expr.EmptyExpression>: null

15-11-2024T09:28:09 - [TEST_STEP][PASSED] - numberOfSpaces = <not implemented yet for class: org.codehaus.groovy.ast.expr.EmptyExpression>: null

15-11-2024T09:28:09 - [TEST_STEP][PASSED] - file = <not implemented yet for class: org.codehaus.groovy.ast.expr.EmptyExpression>: null

15-11-2024T09:28:09 - [TEST_STEP][PASSED] - otpusk = <not implemented yet for class: org.codehaus.groovy.ast.expr.EmptyExpression>: null

15-11-2024T09:28:09 - [TEST_STEP][PASSED] - poteri = <not implemented yet for class: org.codehaus.groovy.ast.expr.EmptyExpression>: null

15-11-2024T09:28:09 - [TEST_STEP][PASSED] - dataFolder = "Выполнение бизнес-плана/Значения со страницы Выполнение бизнес-плана/": null

15-11-2024T09:28:09 - [TEST_STEP][PASSED] - path = <not implemented yet for class: org.codehaus.groovy.ast.expr.EmptyExpression>: null

15-11-2024T09:28:09 - [TEST_STEP][PASSED] - typeOfDataMain = <not implemented yet for class: org.codehaus.groovy.ast.expr.EmptyExpression>: null

15-11-2024T09:28:09 - [TEST_STEP][PASSED] - fileOtpuskVSet = <not implemented yet for class: org.codehaus.groovy.ast.expr.EmptyExpression>: null

15-11-2024T09:28:09 - [TEST_STEP][PASSED] - pageOtpuskVSet = <not implemented yet for class: org.codehaus.groovy.ast.expr.EmptyExpression>: null

15-11-2024T09:28:09 - [TEST_STEP][PASSED] - filePoteri = <not implemented yet for class: org.codehaus.groovy.ast.expr.EmptyExpression>: null

15-11-2024T09:28:09 - [TEST_STEP][PASSED] - pagePoteri = <not implemented yet for class: org.codehaus.groovy.ast.expr.EmptyExpression>: null

15-11-2024T09:28:09 - [TEST_STEP][PASSED] - compare = <not implemented yet for class: org.codehaus.groovy.ast.expr.EmptyExpression>: null

15-11-2024T09:28:09 - [TEST_STEP][PASSED] - b = <not implemented yet for class: org.codehaus.groovy.ast.expr.EmptyExpression>: null

15-11-2024T09:28:09 - [TEST_STEP][PASSED] - i = <not implemented yet for class: org.codehaus.groovy.ast.expr.EmptyExpression>: null

15-11-2024T09:28:09 - [TEST_STEP][PASSED] - ii = <not implemented yet for class: org.codehaus.groovy.ast.expr.EmptyExpression>: null

15-11-2024T09:28:09 - [TEST_STEP][PASSED] - c = <not implemented yet for class: org.codehaus.groovy.ast.expr.EmptyExpression>: null

15-11-2024T09:28:09 - [TEST_STEP][PASSED] - numberOfErrors = 0: null

15-11-2024T09:28:09 - [TEST_STEP][PASSED] - if (a == 82): null

15-11-2024T09:28:09 - [TEST_STEP][PASSED] - b = findTestData("PlanFact").getValue(1, a): null

15-11-2024T09:28:09 - [TEST_STEP][PASSED] - i = b.indexOf(" (ГК)"): null

15-11-2024T09:28:09 - [TEST_STEP][PASSED] - if (i > -1): null

15-11-2024T09:28:09 - [TEST_STEP][PASSED] - i = b.indexOf("О ""): null

15-11-2024T09:28:09 - [TEST_STEP][PASSED] - if (i > -1): null

15-11-2024T09:28:09 - [TEST_STEP][PASSED] - i = b.indexOf("О «"): null

15-11-2024T09:28:09 - [TEST_STEP][PASSED] - if (i > -1): null

15-11-2024T09:28:09 - [TEST_STEP][PASSED] - i = b.indexOf("г. "): null

15-11-2024T09:28:09 - [TEST_STEP][PASSED] - if (i > -1): null

15-11-2024T09:28:09 - [TEST_STEP][PASSED] - println(b): null

15-11-2024T09:28:09 - [TEST_STEP][PASSED] - for ([planFact = 1, planFact < 3, (planFact++)]): null

15-11-2024T09:28:09 - [TEST_STEP][PASSED] - if (planFact == 1): null

15-11-2024T09:28:09 - [TEST_STEP][PASSED] - typeOfDataMain = "Факт": null

15-11-2024T09:28:09 - [TEST_STEP][PASSED] - otpusk = findTestData("PlanFact").getValue(5, a): null

15-11-2024T09:28:09 - [TEST_STEP][PASSED] - poteri = findTestData("PlanFact").getValue(6, a): null

15-11-2024T09:28:10 - [TEST_STEP][PASSED] - otpusk = otpusk.replaceAll("\s+", ""): null

15-11-2024T09:28:10 - [TEST_STEP][PASSED] - poteri = poteri.replaceAll("\s+", ""): null

15-11-2024T09:28:10 - [TEST_STEP][PASSED] - typeOfData = typeOfDataMain + " Отпуск в сеть": null

15-11-2024T09:28:10 - [TEST_STEP][PASSED] - if (a == 82): null

15-11-2024T09:28:10 - [TEST_STEP][PASSED] - else if (a == 84): null

15-11-2024T09:28:10 - [TEST_STEP][PASSED] - else if (a == 52 || a == 72 || a == 28 || a == 73 || a == 77 || a == 74 || a == 65 || a == 36 || a == 44 || a == 53 || a == 80 || a == 54 || a == 1 || a == 18 || a == 59 || a == 81): null

15-11-2024T09:28:10 - [TEST_STEP][PASSED] - else: null

15-11-2024T09:28:10 - [TEST_STEP][PASSED] - path = dataFolder + typeOfData + " за отчётный период " + b: null

15-11-2024T09:28:10 - [TEST_STEP][PASSED] - println(path): null

15-11-2024T09:28:10 - [TEST_STEP][PASSED] - page = getText(findTestObject(path)): Text of object 'Object Repository/Выполнение бизнес-плана/Значения со страницы Выполнение бизнес-плана/Факт Отпуск в сеть за отчётный период Владимирэнерго' is: '6 610 196'

15-11-2024T09:28:10 - [MESSAGE][PASSED] - Text of object 'Object Repository/Выполнение бизнес-плана/Значения со страницы Выполнение бизнес-плана/Факт Отпуск в сеть за отчётный период Владимирэнерго' is: '6 610 196'

15-11-2024T09:28:10 - [TEST_STEP][PASSED] - page = page.replaceAll("\s+", ""): null

15-11-2024T09:28:10 - [TEST_STEP][PASSED] - fileOtpuskVSet = otpusk.toInteger(): null

15-11-2024T09:28:10 - [TEST_STEP][PASSED] - pageOtpuskVSet = page.toInteger(): null

15-11-2024T09:28:10 - [TEST_STEP][PASSED] - typeOfData = typeOfDataMain + " Потери": null

15-11-2024T09:28:10 - [TEST_STEP][PASSED] - if (a == 82): null

15-11-2024T09:28:10 - [TEST_STEP][PASSED] - else if (a == 84): null

15-11-2024T09:28:10 - [TEST_STEP][PASSED] - else if (a == 52 || a == 72 || a == 28 || a == 73 || a == 77 || a == 74 || a == 65 || a == 36 || a == 44 || a == 53 || a == 80 || a == 54 || a == 1 || a == 18 || a == 59 || a == 81): null

15-11-2024T09:28:10 - [TEST_STEP][PASSED] - else: null

15-11-2024T09:28:10 - [TEST_STEP][PASSED] - path = dataFolder + typeOfData + " за отчётный период " + b: null

15-11-2024T09:28:10 - [TEST_STEP][PASSED] - page = getText(findTestObject(path)): Text of object 'Object Repository/Выполнение бизнес-плана/Значения со страницы Выполнение бизнес-плана/Факт Потери за отчётный период Владимирэнерго' is: '4 177 670'

15-11-2024T09:28:10 - [MESSAGE][PASSED] - Text of object 'Object Repository/Выполнение бизнес-плана/Значения со страницы Выполнение бизнес-плана/Факт Потери за отчётный период Владимирэнерго' is: '4 177 670'

15-11-2024T09:28:10 - [TEST_STEP][PASSED] - page = page.replaceAll("\s+", ""): null

15-11-2024T09:28:10 - [TEST_STEP][PASSED] - filePoteri = poteri.toInteger(): null

15-11-2024T09:28:10 - [TEST_STEP][PASSED] - pagePoteri = page.toInteger(): null

15-11-2024T09:28:10 - [TEST_STEP][PASSED] - compare = pageOtpuskVSet: null

15-11-2024T09:28:10 - [TEST_STEP][PASSED] - if (compare == fileOtpuskVSet): null

15-11-2024T09:28:10 - [TEST_STEP][PASSED] - else if (compare > fileOtpuskVSet): null

15-11-2024T09:28:10 - [TEST_STEP][PASSED] - compare = compare - 1: null

15-11-2024T09:28:10 - [TEST_STEP][PASSED] - if (compare == fileOtpuskVSet): null

15-11-2024T09:28:10 - [TEST_STEP][PASSED] - else: null

15-11-2024T09:28:10 - [TEST_STEP][PASSED] - numberOfErrors = numberOfErrors + 1: null

15-11-2024T09:28:10 - [TEST_STEP][PASSED] - pageInt = pageOtpuskVSet: null

15-11-2024T09:28:10 - [TEST_STEP][PASSED] - fileInt = fileOtpuskVSet: null

15-11-2024T09:28:10 - [TEST_STEP][PASSED] - typeOfData = typeOfDataMain + " Отпуск в сеть": null

15-11-2024T09:28:10 - [TEST_STEP][PASSED] - Script1718980020443.WriteToExcel(a, typeOfData, todaysDate, pageInt, fileInt, pageDouble, fileDouble, dZO): null

15-11-2024T09:28:10 - [TEST_STEP][PASSED] - sheetName = "Sheet1": null

15-11-2024T09:28:10 - [TEST_STEP][PASSED] - data = findTestData("PlanFact"): null

15-11-2024T09:28:10 - [TEST_STEP][PASSED] - n = data.getRowNumbers() + 1: null

15-11-2024T09:28:10 - [TEST_STEP][PASSED] - year = todaysDate.substring(todaysDate.length() - 4, todaysDate.length()): null

15-11-2024T09:28:10 - [TEST_STEP][PASSED] - y = year.toInteger(): null

15-11-2024T09:28:10 - [TEST_STEP][PASSED] - m = getText(findTestObject("Выполнение бизнес-плана/Период")): Text of object 'Object Repository/Выполнение бизнес-плана/Период' is: '1, 2, 3 кв. 2024 года'

15-11-2024T09:28:11 - [MESSAGE][PASSED] - Text of object 'Object Repository/Выполнение бизнес-плана/Период' is: '1, 2, 3 кв. 2024 года'

15-11-2024T09:28:11 - [TEST_STEP][PASSED] - m = m.substring(0, m.indexOf("2024")): null

15-11-2024T09:28:11 - [TEST_STEP][PASSED] - m = m.trim(): null

15-11-2024T09:28:11 - [TEST_STEP][PASSED] - dashboardName = "Выполнение бизнес-плана": null

15-11-2024T09:28:11 - [TEST_STEP][PASSED] - workbook01 = getWorkbook(excelFilePath): null

15-11-2024T09:28:11 - [TEST_STEP][PASSED] - sheet01 = getExcelSheet(workbook01, sheetName): null

15-11-2024T09:28:11 - [TEST_STEP][PASSED] - setValueToCellByIndex(sheet01, n, 0, dashboardName): null

15-11-2024T09:28:11 - [TEST_STEP][PASSED] - setValueToCellByIndex(sheet01, n, 1, dZO): null

15-11-2024T09:28:11 - [TEST_STEP][PASSED] - setValueToCellByIndex(sheet01, n, 2, typeOfData): null

15-11-2024T09:28:11 - [TEST_STEP][PASSED] - if (typeOfData == "Факт в процентах" || typeOfData == "План в процентах"): null

15-11-2024T09:28:11 - [TEST_STEP][PASSED] - else: null

15-11-2024T09:28:11 - [TEST_STEP][PASSED] - setValueToCellByIndex(sheet01, n, 3, fileInt): null

15-11-2024T09:28:11 - [TEST_STEP][PASSED] - setValueToCellByIndex(sheet01, n, 4, pageInt): null

15-11-2024T09:28:11 - [TEST_STEP][PASSED] - setValueToCellByIndex(sheet01, n, 5, m): null

15-11-2024T09:28:11 - [TEST_STEP][PASSED] - setValueToCellByIndex(sheet01, n, 6, y): null

15-11-2024T09:28:11 - [TEST_STEP][PASSED] - setValueToCellByIndex(sheet01, n, 7, todaysDate): null

15-11-2024T09:28:11 - [TEST_STEP][PASSED] - n = n + 1: null

15-11-2024T09:28:11 - [TEST_STEP][PASSED] - saveWorkbook(excelFilePath, workbook01): null

15-11-2024T09:28:11 - [TEST_STEP][PASSED] - compare = pagePoteri: null

15-11-2024T09:28:11 - [TEST_STEP][PASSED] - if (compare == filePoteri): null

15-11-2024T09:28:11 - [TEST_STEP][PASSED] - else if (compare > filePoteri): null

15-11-2024T09:28:11 - [TEST_STEP][PASSED] - compare = compare - 1: null

15-11-2024T09:28:11 - [TEST_STEP][PASSED] - if (compare == filePoteri): null

15-11-2024T09:28:11 - [TEST_STEP][PASSED] - else: null

15-11-2024T09:28:11 - [TEST_STEP][PASSED] - numberOfErrors = numberOfErrors + 1: null

15-11-2024T09:28:11 - [TEST_STEP][PASSED] - pageInt = pagePoteri: null

15-11-2024T09:28:11 - [TEST_STEP][PASSED] - fileInt = filePoteri: null

15-11-2024T09:28:11 - [TEST_STEP][PASSED] - typeOfData = typeOfDataMain + " Потери": null

15-11-2024T09:28:11 - [TEST_STEP][PASSED] - Script1718980020443.WriteToExcel(a, typeOfData, todaysDate, pageInt, fileInt, pageDouble, fileDouble, dZO): null

15-11-2024T09:28:11 - [TEST_STEP][PASSED] - sheetName = "Sheet1": null

15-11-2024T09:28:11 - [TEST_STEP][PASSED] - data = findTestData("PlanFact"): null

15-11-2024T09:28:11 - [TEST_STEP][PASSED] - n = data.getRowNumbers() + 1: null

15-11-2024T09:28:11 - [TEST_STEP][PASSED] - year = todaysDate.substring(todaysDate.length() - 4, todaysDate.length()): null

15-11-2024T09:28:11 - [TEST_STEP][PASSED] - y = year.toInteger(): null

15-11-2024T09:28:11 - [TEST_STEP][PASSED] - m = getText(findTestObject("Выполнение бизнес-плана/Период")): Text of object 'Object Repository/Выполнение бизнес-плана/Период' is: '1, 2, 3 кв. 2024 года'

15-11-2024T09:28:11 - [MESSAGE][PASSED] - Text of object 'Object Repository/Выполнение бизнес-плана/Период' is: '1, 2, 3 кв. 2024 года'

15-11-2024T09:28:11 - [TEST_STEP][PASSED] - m = m.substring(0, m.indexOf("2024")): null

15-11-2024T09:28:11 - [TEST_STEP][PASSED] - m = m.trim(): null

15-11-2024T09:28:11 - [TEST_STEP][PASSED] - dashboardName = "Выполнение бизнес-плана": null

15-11-2024T09:28:11 - [TEST_STEP][PASSED] - workbook01 = getWorkbook(excelFilePath): null

15-11-2024T09:28:11 - [TEST_STEP][PASSED] - sheet01 = getExcelSheet(workbook01, sheetName): null

15-11-2024T09:28:11 - [TEST_STEP][PASSED] - setValueToCellByIndex(sheet01, n, 0, dashboardName): null

15-11-2024T09:28:11 - [TEST_STEP][PASSED] - setValueToCellByIndex(sheet01, n, 1, dZO): null

15-11-2024T09:28:11 - [TEST_STEP][PASSED] - setValueToCellByIndex(sheet01, n, 2, typeOfData): null

15-11-2024T09:28:11 - [TEST_STEP][PASSED] - if (typeOfData == "Факт в процентах" || typeOfData == "План в процентах"): null

15-11-2024T09:28:11 - [TEST_STEP][PASSED] - else: null

15-11-2024T09:28:11 - [TEST_STEP][PASSED] - setValueToCellByIndex(sheet01, n, 3, fileInt): null

15-11-2024T09:28:11 - [TEST_STEP][PASSED] - setValueToCellByIndex(sheet01, n, 4, pageInt): null

15-11-2024T09:28:11 - [TEST_STEP][PASSED] - setValueToCellByIndex(sheet01, n, 5, m): null

15-11-2024T09:28:11 - [TEST_STEP][PASSED] - setValueToCellByIndex(sheet01, n, 6, y): null

15-11-2024T09:28:11 - [TEST_STEP][PASSED] - setValueToCellByIndex(sheet01, n, 7, todaysDate): null

15-11-2024T09:28:11 - [TEST_STEP][PASSED] - n = n + 1: null

15-11-2024T09:28:11 - [TEST_STEP][PASSED] - saveWorkbook(excelFilePath, workbook01): Object: 'Object Repository/Выполнение бизнес-плана/Кнопка Факт' is clicked on

15-11-2024T09:28:12 - [TEST_STEP][PASSED] - if (planFact == 2): null

15-11-2024T09:28:12 - [TEST_STEP][PASSED] - if (planFact == 1): null

15-11-2024T09:28:12 - [TEST_STEP][PASSED] - else if (planFact == 2): null

15-11-2024T09:28:12 - [TEST_STEP][PASSED] - click(findTestObject("Выполнение бизнес-плана/Кнопка План")): Object: 'Object Repository/Выполнение бизнес-плана/Кнопка План' is clicked on

15-11-2024T09:28:12 - [MESSAGE][PASSED] - Object: 'Object Repository/Выполнение бизнес-плана/Кнопка План' is clicked on

15-11-2024T09:28:12 - [TEST_STEP][PASSED] - typeOfDataMain = "План": null

15-11-2024T09:28:12 - [TEST_STEP][PASSED] - otpusk = findTestData("PlanFact").getValue(2, a): null

15-11-2024T09:28:12 - [TEST_STEP][PASSED] - poteri = findTestData("PlanFact").getValue(3, a): null

15-11-2024T09:28:12 - [TEST_STEP][PASSED] - otpusk = otpusk.replaceAll("\s+", ""): null

15-11-2024T09:28:12 - [TEST_STEP][PASSED] - poteri = poteri.replaceAll("\s+", ""): null

15-11-2024T09:28:12 - [TEST_STEP][PASSED] - typeOfData = typeOfDataMain + " Отпуск в сеть": null

15-11-2024T09:28:12 - [TEST_STEP][PASSED] - if (a == 82): null

15-11-2024T09:28:12 - [TEST_STEP][PASSED] - else if (a == 84): null

15-11-2024T09:28:12 - [TEST_STEP][PASSED] - else if (a == 52 || a == 72 || a == 28 || a == 73 || a == 77 || a == 74 || a == 65 || a == 36 || a == 44 || a == 53 || a == 80 || a == 54 || a == 1 || a == 18 || a == 59 || a == 81): null

15-11-2024T09:28:12 - [TEST_STEP][PASSED] - else: null

15-11-2024T09:28:12 - [TEST_STEP][PASSED] - path = dataFolder + typeOfData + " за отчётный период " + b: null

15-11-2024T09:28:12 - [TEST_STEP][PASSED] - println(path): null

15-11-2024T09:28:12 - [TEST_STEP][PASSED] - page = getText(findTestObject(path)): Text of object 'Object Repository/Выполнение бизнес-плана/Значения со страницы Выполнение бизнес-плана/План Отпуск в сеть за отчётный период Владимирэнерго' is: '4 404 966'

15-11-2024T09:28:12 - [MESSAGE][PASSED] - Text of object 'Object Repository/Выполнение бизнес-плана/Значения со страницы Выполнение бизнес-плана/План Отпуск в сеть за отчётный период Владимирэнерго' is: '4 404 966'

15-11-2024T09:28:12 - [TEST_STEP][PASSED] - page = page.replaceAll("\s+", ""): null

15-11-2024T09:28:12 - [TEST_STEP][PASSED] - fileOtpuskVSet = otpusk.toInteger(): null

15-11-2024T09:28:12 - [TEST_STEP][PASSED] - pageOtpuskVSet = page.toInteger(): null

15-11-2024T09:28:12 - [TEST_STEP][PASSED] - typeOfData = typeOfDataMain + " Потери": null

15-11-2024T09:28:12 - [TEST_STEP][PASSED] - if (a == 82): null

15-11-2024T09:28:12 - [TEST_STEP][PASSED] - else if (a == 84): null

15-11-2024T09:28:12 - [TEST_STEP][PASSED] - else if (a == 52 || a == 72 || a == 28 || a == 73 || a == 77 || a == 74 || a == 65 || a == 36 || a == 44 || a == 53 || a == 80 || a == 54 || a == 1 || a == 18 || a == 59 || a == 81): null

15-11-2024T09:28:12 - [TEST_STEP][PASSED] - else: null

15-11-2024T09:28:12 - [TEST_STEP][PASSED] - path = dataFolder + typeOfData + " за отчётный период " + b: null

15-11-2024T09:28:12 - [TEST_STEP][PASSED] - page = getText(findTestObject(path)): Text of object 'Object Repository/Выполнение бизнес-плана/Значения со страницы Выполнение бизнес-плана/План Потери за отчётный период Владимирэнерго' is: '276 917'

15-11-2024T09:28:13 - [MESSAGE][PASSED] - Text of object 'Object Repository/Выполнение бизнес-плана/Значения со страницы Выполнение бизнес-плана/План Потери за отчётный период Владимирэнерго' is: '276 917'

15-11-2024T09:28:13 - [TEST_STEP][PASSED] - page = page.replaceAll("\s+", ""): null

15-11-2024T09:28:13 - [TEST_STEP][PASSED] - filePoteri = poteri.toInteger(): null

15-11-2024T09:28:13 - [TEST_STEP][PASSED] - pagePoteri = page.toInteger(): null

15-11-2024T09:28:13 - [TEST_STEP][PASSED] - compare = pageOtpuskVSet: null

15-11-2024T09:28:13 - [TEST_STEP][PASSED] - if (compare == fileOtpuskVSet): null

15-11-2024T09:28:13 - [TEST_STEP][PASSED] - if (compare == fileOtpuskVSet): null

15-11-2024T09:28:13 - [TEST_STEP][PASSED] - compare = pagePoteri: null

15-11-2024T09:28:13 - [TEST_STEP][PASSED] - if (compare == filePoteri): null

15-11-2024T09:28:13 - [TEST_STEP][PASSED] - if (compare == filePoteri): null

15-11-2024T09:28:13 - [TEST_STEP][PASSED] - if (planFact == 2): Object: 'Object Repository/Выполнение бизнес-плана/Кнопка Факт' is clicked on

15-11-2024T09:28:13 - [TEST_STEP][PASSED] - click(findTestObject("Выполнение бизнес-плана/Кнопка Факт")): Object: 'Object Repository/Выполнение бизнес-плана/Кнопка Факт' is clicked on

15-11-2024T09:28:13 - [MESSAGE][PASSED] - Object: 'Object Repository/Выполнение бизнес-плана/Кнопка Факт' is clicked on

15-11-2024T09:28:13 - [TEST_STEP][PASSED] - if (a == 84 || a == 82): null

15-11-2024T09:28:13 - [TEST_STEP][PASSED] - else if (a == 52 || a == 72 || a == 28 || a == 73 || a == 77 || a == 74 || a == 65 || a == 36 || a == 44 || a == 53 || a == 80 || a == 54 || a == 1 || a == 18 || a == 59 || a == 81): null

15-11-2024T09:28:13 - [TEST_STEP][PASSED] - else: null

15-11-2024T09:28:13 - [TEST_STEP][PASSED] - page1 = getText(findTestObject("Object Repository/Выполнение бизнес-плана/spanPlan" + filialNum)): Text of object 'Object Repository/Выполнение бизнес-плана/spanPlan1' is: '6.29
|'

15-11-2024T09:28:13 - [MESSAGE][PASSED] - Text of object 'Object Repository/Выполнение бизнес-плана/spanPlan1' is: '6.29
|'

15-11-2024T09:28:13 - [TEST_STEP][PASSED] - page1 = page1.replace("|", ""): null

15-11-2024T09:28:13 - [TEST_STEP][PASSED] - page2 = getText(findTestObject("Object Repository/Выполнение бизнес-плана/spanFact" + filialNum)): Text of object 'Object Repository/Выполнение бизнес-плана/spanFact1' is: '5.57
|'

15-11-2024T09:28:14 - [MESSAGE][PASSED] - Text of object 'Object Repository/Выполнение бизнес-плана/spanFact1' is: '5.57
|'

15-11-2024T09:28:14 - [TEST_STEP][PASSED] - page2 = page2.replace("|", ""): null

15-11-2024T09:28:14 - [TEST_STEP][PASSED] - println("page1: " + page1): null

15-11-2024T09:28:14 - [TEST_STEP][PASSED] - println("page2: " + page2): null

15-11-2024T09:28:14 - [TEST_STEP][PASSED] - file = findTestData("PlanFact").getValue(4, a): null

15-11-2024T09:28:14 - [TEST_STEP][PASSED] - file = file.replace(",", "."): null

15-11-2024T09:28:14 - [TEST_STEP][PASSED] - println("file Plan: " + file): null

15-11-2024T09:28:14 - [TEST_STEP][PASSED] - typeOfData = "План в процентах": null

15-11-2024T09:28:14 - [TEST_STEP][PASSED] - fileDouble = file.toDouble(): null

15-11-2024T09:28:14 - [TEST_STEP][PASSED] - pageDouble = page1.toDouble(): null

15-11-2024T09:28:14 - [TEST_STEP][PASSED] - if (fileDouble != pageDouble): null

15-11-2024T09:28:14 - [TEST_STEP][PASSED] - file = findTestData("PlanFact").getValue(7, a): null

15-11-2024T09:28:14 - [TEST_STEP][PASSED] - file = file.replace(",", "."): null

15-11-2024T09:28:14 - [TEST_STEP][PASSED] - println("file Fact: " + file): null

15-11-2024T09:28:14 - [TEST_STEP][PASSED] - fileDouble = file.toDouble(): null

15-11-2024T09:28:14 - [TEST_STEP][PASSED] - typeOfData = "Факт в процентах": null

15-11-2024T09:28:14 - [TEST_STEP][PASSED] - fileDouble = file.toDouble(): null

15-11-2024T09:28:14 - [TEST_STEP][PASSED] - pageDouble = page2.toDouble(): null

15-11-2024T09:28:14 - [TEST_STEP][PASSED] - if (fileDouble != pageDouble): null

15-11-2024T09:28:14 - [TEST_STEP][FAILED] - if (verifyEqual(numberOfErrors, 0) == false): null

15-11-2024T09:28:14 - [MESSAGE][FAILED] - Unable to verify equal between actual object '2' and expected object '0' (Root cause: com.kms.katalon.core.exception.StepFailedException: Actual object '2' and expected object '0' are not equal
	at com.kms.katalon.core.keyword.builtin.VerifyEqualKeyword$_verifyEqual_closure1.doCall(VerifyEqualKeyword.groovy:58)
	at com.kms.katalon.core.keyword.builtin.VerifyEqualKeyword$_verifyEqual_closure1.call(VerifyEqualKeyword.groovy)
	at com.kms.katalon.core.keyword.internal.KeywordMain.runKeyword(KeywordMain.groovy:75)
	at com.kms.katalon.core.keyword.builtin.VerifyEqualKeyword.verifyEqual(VerifyEqualKeyword.groovy:63)
	at com.kms.katalon.core.keyword.builtin.VerifyEqualKeyword.execute(VerifyEqualKeyword.groovy:44)
	at com.kms.katalon.core.keyword.internal.KeywordExecutor.executeKeywordForPlatform(KeywordExecutor.groovy:74)
	at com.kms.katalon.core.keyword.BuiltinKeywords.verifyEqual(BuiltinKeywords.groovy:146)
	at jdk.internal.reflect.GeneratedMethodAccessor25.invoke(Unknown Source)
	at java.base/jdk.internal.reflect.DelegatingMethodAccessorImpl.invoke(DelegatingMethodAccessorImpl.java:43)
	at Выполнение бизнес-плана Сверка ПАО Россети все филиалы.Numbers(Выполнение бизнес-плана Сверка ПАО Россети все филиалы:740)
	at Выполнение бизнес-плана Сверка ПАО Россети все филиалы.Filials(Выполнение бизнес-плана Сверка ПАО Россети все филиалы:1349)
	at Выполнение бизнес-плана Сверка ПАО Россети все филиалы.Numbers(Выполнение бизнес-плана Сверка ПАО Россети все филиалы:745)
	at Выполнение бизнес-плана Сверка ПАО Россети все филиалы.run(Выполнение бизнес-плана Сверка ПАО Россети все филиалы:402)
	at com.kms.katalon.core.main.ScriptEngine.run(ScriptEngine.java:194)
	at com.kms.katalon.core.main.ScriptEngine.runScriptAsRawText(ScriptEngine.java:119)
	at com.kms.katalon.core.main.TestCaseExecutor.runScript(TestCaseExecutor.java:448)
	at com.kms.katalon.core.main.TestCaseExecutor.doExecute(TestCaseExecutor.java:439)
	at com.kms.katalon.core.main.TestCaseExecutor.processExecutionPhase(TestCaseExecutor.java:418)
	at com.kms.katalon.core.main.TestCaseExecutor.accessMainPhase(TestCaseExecutor.java:410)
	at com.kms.katalon.core.main.TestCaseExecutor.execute(TestCaseExecutor.java:285)
	at com.kms.katalon.core.common.CommonExecutor.accessTestCaseMainPhase(CommonExecutor.java:65)
	at com.kms.katalon.core.main.TestSuiteExecutor.accessTestSuiteMainPhase(TestSuiteExecutor.java:150)
	at com.kms.katalon.core.main.TestSuiteExecutor.execute(TestSuiteExecutor.java:106)
	at com.kms.katalon.core.main.TestCaseMain.startTestSuite(TestCaseMain.java:180)
	at TempTestSuite1731647997681.run(TempTestSuite1731647997681.groovy:35)
	at java.base/jdk.internal.reflect.NativeMethodAccessorImpl.invoke0(Native Method)
	at java.base/jdk.internal.reflect.NativeMethodAccessorImpl.invoke(NativeMethodAccessorImpl.java:77)
	at java.base/jdk.internal.reflect.DelegatingMethodAccessorImpl.invoke(DelegatingMethodAccessorImpl.java:43)
)

15-11-2024T09:28:14 - [TEST_STEP][PASSED] - println(numberOfErrors): null

15-11-2024T09:28:14 - [TEST_STEP][PASSED] - if (a == 28 || a == 77 || a == 74 || a == 65 || a == 36 || a == 44 || a == 54 || a == 1 || a == 18 || a == 59): null

15-11-2024T09:28:14 - [TEST_STEP][PASSED] - if (a == 82): null

15-11-2024T09:28:14 - [TEST_STEP][PASSED] - dZO = "Ивэнерго": null

15-11-2024T09:28:14 - [TEST_STEP][PASSED] - a = 20: null

15-11-2024T09:28:14 - [TEST_STEP][PASSED] - if (x2.contains(dZO)): null

15-11-2024T09:28:14 - [TEST_STEP][PASSED] - filialNum = filialNum + 1: null

15-11-2024T09:28:14 - [TEST_STEP][PASSED] - Script1718980020443.Numbers(a, typeOfData, todaysDate, pageInt, fileInt, pageDouble, fileDouble, dZO, dzoNum, filialNum): null

15-11-2024T09:28:14 - [TEST_STEP][PASSED] - println(dzoNum): null

15-11-2024T09:28:14 - [TEST_STEP][PASSED] - planFact = <not implemented yet for class: org.codehaus.groovy.ast.expr.EmptyExpression>: null

15-11-2024T09:28:14 - [TEST_STEP][PASSED] - page = <not implemented yet for class: org.codehaus.groovy.ast.expr.EmptyExpression>: null

15-11-2024T09:28:14 - [TEST_STEP][PASSED] - page1 = <not implemented yet for class: org.codehaus.groovy.ast.expr.EmptyExpression>: null

15-11-2024T09:28:14 - [TEST_STEP][PASSED] - page2 = <not implemented yet for class: org.codehaus.groovy.ast.expr.EmptyExpression>: null

15-11-2024T09:28:14 - [TEST_STEP][PASSED] - filialNumberInRow = <not implemented yet for class: org.codehaus.groovy.ast.expr.EmptyExpression>: null

15-11-2024T09:28:14 - [TEST_STEP][PASSED] - filialsDzoNames = <not implemented yet for class: org.codehaus.groovy.ast.expr.EmptyExpression>: null

15-11-2024T09:28:14 - [TEST_STEP][PASSED] - numberOfFilials = <not implemented yet for class: org.codehaus.groovy.ast.expr.EmptyExpression>: null

15-11-2024T09:28:14 - [TEST_STEP][PASSED] - numberOfSpaces = <not implemented yet for class: org.codehaus.groovy.ast.expr.EmptyExpression>: null

15-11-2024T09:28:14 - [TEST_STEP][PASSED] - file = <not implemented yet for class: org.codehaus.groovy.ast.expr.EmptyExpression>: null

15-11-2024T09:28:14 - [TEST_STEP][PASSED] - otpusk = <not implemented yet for class: org.codehaus.groovy.ast.expr.EmptyExpression>: null

15-11-2024T09:28:14 - [TEST_STEP][PASSED] - poteri = <not implemented yet for class: org.codehaus.groovy.ast.expr.EmptyExpression>: null

15-11-2024T09:28:14 - [TEST_STEP][PASSED] - dataFolder = "Выполнение бизнес-плана/Значения со страницы Выполнение бизнес-плана/": null

15-11-2024T09:28:14 - [TEST_STEP][PASSED] - path = <not implemented yet for class: org.codehaus.groovy.ast.expr.EmptyExpression>: null

15-11-2024T09:28:14 - [TEST_STEP][PASSED] - typeOfDataMain = <not implemented yet for class: org.codehaus.groovy.ast.expr.EmptyExpression>: null

15-11-2024T09:28:14 - [TEST_STEP][PASSED] - fileOtpuskVSet = <not implemented yet for class: org.codehaus.groovy.ast.expr.EmptyExpression>: null

15-11-2024T09:28:14 - [TEST_STEP][PASSED] - pageOtpuskVSet = <not implemented yet for class: org.codehaus.groovy.ast.expr.EmptyExpression>: null

15-11-2024T09:28:14 - [TEST_STEP][PASSED] - filePoteri = <not implemented yet for class: org.codehaus.groovy.ast.expr.EmptyExpression>: null

15-11-2024T09:28:14 - [TEST_STEP][PASSED] - pagePoteri = <not implemented yet for class: org.codehaus.groovy.ast.expr.EmptyExpression>: null

15-11-2024T09:28:14 - [TEST_STEP][PASSED] - compare = <not implemented yet for class: org.codehaus.groovy.ast.expr.EmptyExpression>: null

15-11-2024T09:28:14 - [TEST_STEP][PASSED] - b = <not implemented yet for class: org.codehaus.groovy.ast.expr.EmptyExpression>: null

15-11-2024T09:28:14 - [TEST_STEP][PASSED] - i = <not implemented yet for class: org.codehaus.groovy.ast.expr.EmptyExpression>: null

15-11-2024T09:28:14 - [TEST_STEP][PASSED] - ii = <not implemented yet for class: org.codehaus.groovy.ast.expr.EmptyExpression>: null

15-11-2024T09:28:14 - [TEST_STEP][PASSED] - c = <not implemented yet for class: org.codehaus.groovy.ast.expr.EmptyExpression>: null

15-11-2024T09:28:14 - [TEST_STEP][PASSED] - numberOfErrors = 0: null

15-11-2024T09:28:14 - [TEST_STEP][PASSED] - if (a == 82): null

15-11-2024T09:28:14 - [TEST_STEP][PASSED] - b = findTestData("PlanFact").getValue(1, a): null

15-11-2024T09:28:14 - [TEST_STEP][PASSED] - i = b.indexOf(" (ГК)"): null

15-11-2024T09:28:14 - [TEST_STEP][PASSED] - if (i > -1): null

15-11-2024T09:28:14 - [TEST_STEP][PASSED] - i = b.indexOf("О ""): null

15-11-2024T09:28:14 - [TEST_STEP][PASSED] - if (i > -1): null

15-11-2024T09:28:14 - [TEST_STEP][PASSED] - i = b.indexOf("О «"): null

15-11-2024T09:28:14 - [TEST_STEP][PASSED] - if (i > -1): null

15-11-2024T09:28:14 - [TEST_STEP][PASSED] - i = b.indexOf("г. "): null

15-11-2024T09:28:14 - [TEST_STEP][PASSED] - if (i > -1): null

15-11-2024T09:28:14 - [TEST_STEP][PASSED] - println(b): null

15-11-2024T09:28:14 - [TEST_STEP][PASSED] - for ([planFact = 1, planFact < 3, (planFact++)]): null

15-11-2024T09:28:14 - [TEST_STEP][PASSED] - if (planFact == 1): null

15-11-2024T09:28:14 - [TEST_STEP][PASSED] - typeOfDataMain = "Факт": null

15-11-2024T09:28:14 - [TEST_STEP][PASSED] - otpusk = findTestData("PlanFact").getValue(5, a): null

15-11-2024T09:28:14 - [TEST_STEP][PASSED] - poteri = findTestData("PlanFact").getValue(6, a): null

15-11-2024T09:28:14 - [TEST_STEP][PASSED] - otpusk = otpusk.replaceAll("\s+", ""): null

15-11-2024T09:28:14 - [TEST_STEP][PASSED] - poteri = poteri.replaceAll("\s+", ""): null

15-11-2024T09:28:14 - [TEST_STEP][PASSED] - typeOfData = typeOfDataMain + " Отпуск в сеть": null

15-11-2024T09:28:14 - [TEST_STEP][PASSED] - if (a == 82): null

15-11-2024T09:28:14 - [TEST_STEP][PASSED] - else if (a == 84): null

15-11-2024T09:28:14 - [TEST_STEP][PASSED] - else if (a == 52 || a == 72 || a == 28 || a == 73 || a == 77 || a == 74 || a == 65 || a == 36 || a == 44 || a == 53 || a == 80 || a == 54 || a == 1 || a == 18 || a == 59 || a == 81): null

15-11-2024T09:28:14 - [TEST_STEP][PASSED] - else: null

15-11-2024T09:28:14 - [TEST_STEP][PASSED] - path = dataFolder + typeOfData + " за отчётный период " + b: null

15-11-2024T09:28:14 - [TEST_STEP][PASSED] - println(path): null

15-11-2024T09:28:14 - [TEST_STEP][PASSED] - page = getText(findTestObject(path)): Text of object 'Object Repository/Выполнение бизнес-плана/Значения со страницы Выполнение бизнес-плана/Факт Отпуск в сеть за отчётный период Ивэнерго' is: '810 515'

15-11-2024T09:28:14 - [MESSAGE][PASSED] - Text of object 'Object Repository/Выполнение бизнес-плана/Значения со страницы Выполнение бизнес-плана/Факт Отпуск в сеть за отчётный период Ивэнерго' is: '810 515'

15-11-2024T09:28:14 - [TEST_STEP][PASSED] - page = page.replaceAll("\s+", ""): null

15-11-2024T09:28:14 - [TEST_STEP][PASSED] - fileOtpuskVSet = otpusk.toInteger(): null

15-11-2024T09:28:14 - [TEST_STEP][PASSED] - pageOtpuskVSet = page.toInteger(): null

15-11-2024T09:28:14 - [TEST_STEP][PASSED] - typeOfData = typeOfDataMain + " Потери": null

15-11-2024T09:28:14 - [TEST_STEP][PASSED] - if (a == 82): null

15-11-2024T09:28:14 - [TEST_STEP][PASSED] - else if (a == 84): null

15-11-2024T09:28:14 - [TEST_STEP][PASSED] - else if (a == 52 || a == 72 || a == 28 || a == 73 || a == 77 || a == 74 || a == 65 || a == 36 || a == 44 || a == 53 || a == 80 || a == 54 || a == 1 || a == 18 || a == 59 || a == 81): null

15-11-2024T09:28:14 - [TEST_STEP][PASSED] - else: null

15-11-2024T09:28:14 - [TEST_STEP][PASSED] - path = dataFolder + typeOfData + " за отчётный период " + b: null

15-11-2024T09:28:14 - [TEST_STEP][PASSED] - page = getText(findTestObject(path)): Text of object 'Object Repository/Выполнение бизнес-плана/Значения со страницы Выполнение бизнес-плана/Факт Потери за отчётный период Ивэнерго' is: '4 164 243'

15-11-2024T09:28:14 - [MESSAGE][PASSED] - Text of object 'Object Repository/Выполнение бизнес-плана/Значения со страницы Выполнение бизнес-плана/Факт Потери за отчётный период Ивэнерго' is: '4 164 243'

15-11-2024T09:28:14 - [TEST_STEP][PASSED] - page = page.replaceAll("\s+", ""): null

15-11-2024T09:28:14 - [TEST_STEP][PASSED] - filePoteri = poteri.toInteger(): null

15-11-2024T09:28:14 - [TEST_STEP][PASSED] - pagePoteri = page.toInteger(): null

15-11-2024T09:28:14 - [TEST_STEP][PASSED] - compare = pageOtpuskVSet: null

15-11-2024T09:28:14 - [TEST_STEP][PASSED] - if (compare == fileOtpuskVSet): null

15-11-2024T09:28:14 - [TEST_STEP][PASSED] - else if (compare > fileOtpuskVSet): null

15-11-2024T09:28:14 - [TEST_STEP][PASSED] - else if (compare < fileOtpuskVSet): null

15-11-2024T09:28:14 - [TEST_STEP][PASSED] - compare = compare + 1: null

15-11-2024T09:28:14 - [TEST_STEP][PASSED] - if (compare == fileOtpuskVSet): null

15-11-2024T09:28:14 - [TEST_STEP][PASSED] - else: null

15-11-2024T09:28:14 - [TEST_STEP][PASSED] - numberOfErrors = numberOfErrors + 1: null

15-11-2024T09:28:14 - [TEST_STEP][PASSED] - pageInt = pageOtpuskVSet: null

15-11-2024T09:28:14 - [TEST_STEP][PASSED] - fileInt = fileOtpuskVSet: null

15-11-2024T09:28:14 - [TEST_STEP][PASSED] - typeOfData = typeOfDataMain + " Отпуск в сеть": null

15-11-2024T09:28:14 - [TEST_STEP][PASSED] - Script1718980020443.WriteToExcel(a, typeOfData, todaysDate, pageInt, fileInt, pageDouble, fileDouble, dZO): null

15-11-2024T09:28:14 - [TEST_STEP][PASSED] - sheetName = "Sheet1": null

15-11-2024T09:28:14 - [TEST_STEP][PASSED] - data = findTestData("PlanFact"): null

15-11-2024T09:28:15 - [TEST_STEP][PASSED] - n = data.getRowNumbers() + 1: null

15-11-2024T09:28:15 - [TEST_STEP][PASSED] - year = todaysDate.substring(todaysDate.length() - 4, todaysDate.length()): null

15-11-2024T09:28:15 - [TEST_STEP][PASSED] - y = year.toInteger(): null

15-11-2024T09:28:15 - [TEST_STEP][PASSED] - m = getText(findTestObject("Выполнение бизнес-плана/Период")): Text of object 'Object Repository/Выполнение бизнес-плана/Период' is: '1, 2, 3 кв. 2024 года'

15-11-2024T09:28:15 - [MESSAGE][PASSED] - Text of object 'Object Repository/Выполнение бизнес-плана/Период' is: '1, 2, 3 кв. 2024 года'

15-11-2024T09:28:15 - [TEST_STEP][PASSED] - m = m.substring(0, m.indexOf("2024")): null

15-11-2024T09:28:15 - [TEST_STEP][PASSED] - m = m.trim(): null

15-11-2024T09:28:15 - [TEST_STEP][PASSED] - dashboardName = "Выполнение бизнес-плана": null

15-11-2024T09:28:15 - [TEST_STEP][PASSED] - workbook01 = getWorkbook(excelFilePath): null

15-11-2024T09:28:15 - [TEST_STEP][PASSED] - sheet01 = getExcelSheet(workbook01, sheetName): null

15-11-2024T09:28:15 - [TEST_STEP][PASSED] - setValueToCellByIndex(sheet01, n, 0, dashboardName): null

15-11-2024T09:28:15 - [TEST_STEP][PASSED] - setValueToCellByIndex(sheet01, n, 1, dZO): null

15-11-2024T09:28:15 - [TEST_STEP][PASSED] - setValueToCellByIndex(sheet01, n, 2, typeOfData): null

15-11-2024T09:28:15 - [TEST_STEP][PASSED] - if (typeOfData == "Факт в процентах" || typeOfData == "План в процентах"): null

15-11-2024T09:28:15 - [TEST_STEP][PASSED] - else: null

15-11-2024T09:28:15 - [TEST_STEP][PASSED] - setValueToCellByIndex(sheet01, n, 3, fileInt): null

15-11-2024T09:28:15 - [TEST_STEP][PASSED] - setValueToCellByIndex(sheet01, n, 4, pageInt): null

15-11-2024T09:28:15 - [TEST_STEP][PASSED] - setValueToCellByIndex(sheet01, n, 5, m): null

15-11-2024T09:28:15 - [TEST_STEP][PASSED] - setValueToCellByIndex(sheet01, n, 6, y): null

15-11-2024T09:28:15 - [TEST_STEP][PASSED] - setValueToCellByIndex(sheet01, n, 7, todaysDate): null

15-11-2024T09:28:15 - [TEST_STEP][PASSED] - n = n + 1: null

15-11-2024T09:28:15 - [TEST_STEP][PASSED] - saveWorkbook(excelFilePath, workbook01): null

15-11-2024T09:28:15 - [TEST_STEP][PASSED] - compare = pagePoteri: null

15-11-2024T09:28:15 - [TEST_STEP][PASSED] - if (compare == filePoteri): null

15-11-2024T09:28:15 - [TEST_STEP][PASSED] - else if (compare > filePoteri): null

15-11-2024T09:28:15 - [TEST_STEP][PASSED] - compare = compare - 1: null

15-11-2024T09:28:15 - [TEST_STEP][PASSED] - if (compare == filePoteri): null

15-11-2024T09:28:15 - [TEST_STEP][PASSED] - else: null

15-11-2024T09:28:15 - [TEST_STEP][PASSED] - numberOfErrors = numberOfErrors + 1: null

15-11-2024T09:28:15 - [TEST_STEP][PASSED] - pageInt = pagePoteri: null

15-11-2024T09:28:15 - [TEST_STEP][PASSED] - fileInt = filePoteri: null

15-11-2024T09:28:15 - [TEST_STEP][PASSED] - typeOfData = typeOfDataMain + " Потери": null

15-11-2024T09:28:15 - [TEST_STEP][PASSED] - Script1718980020443.WriteToExcel(a, typeOfData, todaysDate, pageInt, fileInt, pageDouble, fileDouble, dZO): null

15-11-2024T09:28:15 - [TEST_STEP][PASSED] - sheetName = "Sheet1": null

15-11-2024T09:28:15 - [TEST_STEP][PASSED] - data = findTestData("PlanFact"): null

15-11-2024T09:28:15 - [TEST_STEP][PASSED] - n = data.getRowNumbers() + 1: null

15-11-2024T09:28:15 - [TEST_STEP][PASSED] - year = todaysDate.substring(todaysDate.length() - 4, todaysDate.length()): null

15-11-2024T09:28:15 - [TEST_STEP][PASSED] - y = year.toInteger(): null

15-11-2024T09:28:15 - [TEST_STEP][PASSED] - m = getText(findTestObject("Выполнение бизнес-плана/Период")): Text of object 'Object Repository/Выполнение бизнес-плана/Период' is: '1, 2, 3 кв. 2024 года'

15-11-2024T09:28:15 - [MESSAGE][PASSED] - Text of object 'Object Repository/Выполнение бизнес-плана/Период' is: '1, 2, 3 кв. 2024 года'

15-11-2024T09:28:15 - [TEST_STEP][PASSED] - m = m.substring(0, m.indexOf("2024")): null

15-11-2024T09:28:15 - [TEST_STEP][PASSED] - m = m.trim(): null

15-11-2024T09:28:15 - [TEST_STEP][PASSED] - dashboardName = "Выполнение бизнес-плана": null

15-11-2024T09:28:15 - [TEST_STEP][PASSED] - workbook01 = getWorkbook(excelFilePath): null

15-11-2024T09:28:16 - [TEST_STEP][PASSED] - sheet01 = getExcelSheet(workbook01, sheetName): null

15-11-2024T09:28:16 - [TEST_STEP][PASSED] - setValueToCellByIndex(sheet01, n, 0, dashboardName): null

15-11-2024T09:28:16 - [TEST_STEP][PASSED] - setValueToCellByIndex(sheet01, n, 1, dZO): null

15-11-2024T09:28:16 - [TEST_STEP][PASSED] - setValueToCellByIndex(sheet01, n, 2, typeOfData): null

15-11-2024T09:28:16 - [TEST_STEP][PASSED] - if (typeOfData == "Факт в процентах" || typeOfData == "План в процентах"): null

15-11-2024T09:28:16 - [TEST_STEP][PASSED] - else: null

15-11-2024T09:28:16 - [TEST_STEP][PASSED] - setValueToCellByIndex(sheet01, n, 3, fileInt): null

15-11-2024T09:28:16 - [TEST_STEP][PASSED] - setValueToCellByIndex(sheet01, n, 4, pageInt): null

15-11-2024T09:28:16 - [TEST_STEP][PASSED] - setValueToCellByIndex(sheet01, n, 5, m): null

15-11-2024T09:28:16 - [TEST_STEP][PASSED] - setValueToCellByIndex(sheet01, n, 6, y): null

15-11-2024T09:28:16 - [TEST_STEP][PASSED] - setValueToCellByIndex(sheet01, n, 7, todaysDate): null

15-11-2024T09:28:16 - [TEST_STEP][PASSED] - n = n + 1: null

15-11-2024T09:28:16 - [TEST_STEP][PASSED] - saveWorkbook(excelFilePath, workbook01): Object: 'Object Repository/Выполнение бизнес-плана/Кнопка Факт' is clicked on

15-11-2024T09:28:16 - [TEST_STEP][PASSED] - if (planFact == 2): null

15-11-2024T09:28:16 - [TEST_STEP][PASSED] - if (planFact == 1): null

15-11-2024T09:28:16 - [TEST_STEP][PASSED] - else if (planFact == 2): null

15-11-2024T09:28:16 - [TEST_STEP][PASSED] - click(findTestObject("Выполнение бизнес-плана/Кнопка План")): Object: 'Object Repository/Выполнение бизнес-плана/Кнопка План' is clicked on

15-11-2024T09:28:16 - [MESSAGE][PASSED] - Object: 'Object Repository/Выполнение бизнес-плана/Кнопка План' is clicked on

15-11-2024T09:28:16 - [TEST_STEP][PASSED] - typeOfDataMain = "План": null

15-11-2024T09:28:16 - [TEST_STEP][PASSED] - otpusk = findTestData("PlanFact").getValue(2, a): null

15-11-2024T09:28:16 - [TEST_STEP][PASSED] - poteri = findTestData("PlanFact").getValue(3, a): null

15-11-2024T09:28:16 - [TEST_STEP][PASSED] - otpusk = otpusk.replaceAll("\s+", ""): null

15-11-2024T09:28:16 - [TEST_STEP][PASSED] - poteri = poteri.replaceAll("\s+", ""): null

15-11-2024T09:28:16 - [TEST_STEP][PASSED] - typeOfData = typeOfDataMain + " Отпуск в сеть": null

15-11-2024T09:28:16 - [TEST_STEP][PASSED] - if (a == 82): null

15-11-2024T09:28:16 - [TEST_STEP][PASSED] - else if (a == 84): null

15-11-2024T09:28:16 - [TEST_STEP][PASSED] - else if (a == 52 || a == 72 || a == 28 || a == 73 || a == 77 || a == 74 || a == 65 || a == 36 || a == 44 || a == 53 || a == 80 || a == 54 || a == 1 || a == 18 || a == 59 || a == 81): null

15-11-2024T09:28:16 - [TEST_STEP][PASSED] - else: null

15-11-2024T09:28:16 - [TEST_STEP][PASSED] - path = dataFolder + typeOfData + " за отчётный период " + b: null

15-11-2024T09:28:16 - [TEST_STEP][PASSED] - println(path): null

15-11-2024T09:28:16 - [TEST_STEP][PASSED] - page = getText(findTestObject(path)): Text of object 'Object Repository/Выполнение бизнес-плана/Значения со страницы Выполнение бизнес-плана/План Отпуск в сеть за отчётный период Ивэнерго' is: '2 196 097'

15-11-2024T09:28:17 - [MESSAGE][PASSED] - Text of object 'Object Repository/Выполнение бизнес-плана/Значения со страницы Выполнение бизнес-плана/План Отпуск в сеть за отчётный период Ивэнерго' is: '2 196 097'

15-11-2024T09:28:17 - [TEST_STEP][PASSED] - page = page.replaceAll("\s+", ""): null

15-11-2024T09:28:17 - [TEST_STEP][PASSED] - fileOtpuskVSet = otpusk.toInteger(): null

15-11-2024T09:28:17 - [TEST_STEP][PASSED] - pageOtpuskVSet = page.toInteger(): null

15-11-2024T09:28:17 - [TEST_STEP][PASSED] - typeOfData = typeOfDataMain + " Потери": null

15-11-2024T09:28:17 - [TEST_STEP][PASSED] - if (a == 82): null

15-11-2024T09:28:17 - [TEST_STEP][PASSED] - else if (a == 84): null

15-11-2024T09:28:17 - [TEST_STEP][PASSED] - else if (a == 52 || a == 72 || a == 28 || a == 73 || a == 77 || a == 74 || a == 65 || a == 36 || a == 44 || a == 53 || a == 80 || a == 54 || a == 1 || a == 18 || a == 59 || a == 81): null

15-11-2024T09:28:17 - [TEST_STEP][PASSED] - else: null

15-11-2024T09:28:17 - [TEST_STEP][PASSED] - path = dataFolder + typeOfData + " за отчётный период " + b: null

15-11-2024T09:28:17 - [TEST_STEP][PASSED] - page = getText(findTestObject(path)): Text of object 'Object Repository/Выполнение бизнес-плана/Значения со страницы Выполнение бизнес-плана/План Потери за отчётный период Ивэнерго' is: '178 853'

15-11-2024T09:28:17 - [MESSAGE][PASSED] - Text of object 'Object Repository/Выполнение бизнес-плана/Значения со страницы Выполнение бизнес-плана/План Потери за отчётный период Ивэнерго' is: '178 853'

15-11-2024T09:28:17 - [TEST_STEP][PASSED] - page = page.replaceAll("\s+", ""): null

15-11-2024T09:28:17 - [TEST_STEP][PASSED] - filePoteri = poteri.toInteger(): null

15-11-2024T09:28:17 - [TEST_STEP][PASSED] - pagePoteri = page.toInteger(): null

15-11-2024T09:28:17 - [TEST_STEP][PASSED] - compare = pageOtpuskVSet: null

15-11-2024T09:28:17 - [TEST_STEP][PASSED] - if (compare == fileOtpuskVSet): null

15-11-2024T09:28:17 - [TEST_STEP][PASSED] - if (compare == fileOtpuskVSet): null

15-11-2024T09:28:17 - [TEST_STEP][PASSED] - compare = pagePoteri: null

15-11-2024T09:28:17 - [TEST_STEP][PASSED] - if (compare == filePoteri): null

15-11-2024T09:28:17 - [TEST_STEP][PASSED] - if (compare == filePoteri): null

15-11-2024T09:28:17 - [TEST_STEP][PASSED] - if (planFact == 2): Object: 'Object Repository/Выполнение бизнес-плана/Кнопка Факт' is clicked on

15-11-2024T09:28:17 - [TEST_STEP][PASSED] - click(findTestObject("Выполнение бизнес-плана/Кнопка Факт")): Object: 'Object Repository/Выполнение бизнес-плана/Кнопка Факт' is clicked on

15-11-2024T09:28:17 - [MESSAGE][PASSED] - Object: 'Object Repository/Выполнение бизнес-плана/Кнопка Факт' is clicked on

15-11-2024T09:28:17 - [TEST_STEP][PASSED] - if (a == 84 || a == 82): null

15-11-2024T09:28:17 - [TEST_STEP][PASSED] - else if (a == 52 || a == 72 || a == 28 || a == 73 || a == 77 || a == 74 || a == 65 || a == 36 || a == 44 || a == 53 || a == 80 || a == 54 || a == 1 || a == 18 || a == 59 || a == 81): null

15-11-2024T09:28:17 - [TEST_STEP][PASSED] - else: null

15-11-2024T09:28:17 - [TEST_STEP][PASSED] - page1 = getText(findTestObject("Object Repository/Выполнение бизнес-плана/spanPlan" + filialNum)): Text of object 'Object Repository/Выполнение бизнес-плана/spanPlan2' is: '8.14
|'

15-11-2024T09:28:18 - [MESSAGE][PASSED] - Text of object 'Object Repository/Выполнение бизнес-плана/spanPlan2' is: '8.14
|'

15-11-2024T09:28:18 - [TEST_STEP][PASSED] - page1 = page1.replace("|", ""): null

15-11-2024T09:28:18 - [TEST_STEP][PASSED] - page2 = getText(findTestObject("Object Repository/Выполнение бизнес-плана/spanFact" + filialNum)): Text of object 'Object Repository/Выполнение бизнес-плана/spanFact2' is: '8.41
|'

15-11-2024T09:28:18 - [MESSAGE][PASSED] - Text of object 'Object Repository/Выполнение бизнес-плана/spanFact2' is: '8.41
|'

15-11-2024T09:28:18 - [TEST_STEP][PASSED] - page2 = page2.replace("|", ""): null

15-11-2024T09:28:18 - [TEST_STEP][PASSED] - println("page1: " + page1): null

15-11-2024T09:28:18 - [TEST_STEP][PASSED] - println("page2: " + page2): null

15-11-2024T09:28:18 - [TEST_STEP][PASSED] - file = findTestData("PlanFact").getValue(4, a): null

15-11-2024T09:28:18 - [TEST_STEP][PASSED] - file = file.replace(",", "."): null

15-11-2024T09:28:18 - [TEST_STEP][PASSED] - println("file Plan: " + file): null

15-11-2024T09:28:18 - [TEST_STEP][PASSED] - typeOfData = "План в процентах": null

15-11-2024T09:28:18 - [TEST_STEP][PASSED] - fileDouble = file.toDouble(): null

15-11-2024T09:28:18 - [TEST_STEP][PASSED] - pageDouble = page1.toDouble(): null

15-11-2024T09:28:18 - [TEST_STEP][PASSED] - if (fileDouble != pageDouble): null

15-11-2024T09:28:18 - [TEST_STEP][PASSED] - file = findTestData("PlanFact").getValue(7, a): null

15-11-2024T09:28:18 - [TEST_STEP][PASSED] - file = file.replace(",", "."): null

15-11-2024T09:28:18 - [TEST_STEP][PASSED] - println("file Fact: " + file): null

15-11-2024T09:28:18 - [TEST_STEP][PASSED] - fileDouble = file.toDouble(): null

15-11-2024T09:28:18 - [TEST_STEP][PASSED] - typeOfData = "Факт в процентах": null

15-11-2024T09:28:18 - [TEST_STEP][PASSED] - fileDouble = file.toDouble(): null

15-11-2024T09:28:18 - [TEST_STEP][PASSED] - pageDouble = page2.toDouble(): null

15-11-2024T09:28:18 - [TEST_STEP][PASSED] - if (fileDouble != pageDouble): null

15-11-2024T09:28:18 - [TEST_STEP][FAILED] - if (verifyEqual(numberOfErrors, 0) == false): null

15-11-2024T09:28:18 - [MESSAGE][FAILED] - Unable to verify equal between actual object '2' and expected object '0' (Root cause: com.kms.katalon.core.exception.StepFailedException: Actual object '2' and expected object '0' are not equal
	at com.kms.katalon.core.keyword.builtin.VerifyEqualKeyword$_verifyEqual_closure1.doCall(VerifyEqualKeyword.groovy:58)
	at com.kms.katalon.core.keyword.builtin.VerifyEqualKeyword$_verifyEqual_closure1.call(VerifyEqualKeyword.groovy)
	at com.kms.katalon.core.keyword.internal.KeywordMain.runKeyword(KeywordMain.groovy:75)
	at com.kms.katalon.core.keyword.builtin.VerifyEqualKeyword.verifyEqual(VerifyEqualKeyword.groovy:63)
	at com.kms.katalon.core.keyword.builtin.VerifyEqualKeyword.execute(VerifyEqualKeyword.groovy:44)
	at com.kms.katalon.core.keyword.internal.KeywordExecutor.executeKeywordForPlatform(KeywordExecutor.groovy:74)
	at com.kms.katalon.core.keyword.BuiltinKeywords.verifyEqual(BuiltinKeywords.groovy:146)
	at jdk.internal.reflect.GeneratedMethodAccessor25.invoke(Unknown Source)
	at java.base/jdk.internal.reflect.DelegatingMethodAccessorImpl.invoke(DelegatingMethodAccessorImpl.java:43)
	at Выполнение бизнес-плана Сверка ПАО Россети все филиалы.Numbers(Выполнение бизнес-плана Сверка ПАО Россети все филиалы:740)
	at Выполнение бизнес-плана Сверка ПАО Россети все филиалы.Filials(Выполнение бизнес-плана Сверка ПАО Россети все филиалы:1361)
	at Выполнение бизнес-плана Сверка ПАО Россети все филиалы.Numbers(Выполнение бизнес-плана Сверка ПАО Россети все филиалы:745)
	at Выполнение бизнес-плана Сверка ПАО Россети все филиалы.run(Выполнение бизнес-плана Сверка ПАО Россети все филиалы:402)
	at com.kms.katalon.core.main.ScriptEngine.run(ScriptEngine.java:194)
	at com.kms.katalon.core.main.ScriptEngine.runScriptAsRawText(ScriptEngine.java:119)
	at com.kms.katalon.core.main.TestCaseExecutor.runScript(TestCaseExecutor.java:448)
	at com.kms.katalon.core.main.TestCaseExecutor.doExecute(TestCaseExecutor.java:439)
	at com.kms.katalon.core.main.TestCaseExecutor.processExecutionPhase(TestCaseExecutor.java:418)
	at com.kms.katalon.core.main.TestCaseExecutor.accessMainPhase(TestCaseExecutor.java:410)
	at com.kms.katalon.core.main.TestCaseExecutor.execute(TestCaseExecutor.java:285)
	at com.kms.katalon.core.common.CommonExecutor.accessTestCaseMainPhase(CommonExecutor.java:65)
	at com.kms.katalon.core.main.TestSuiteExecutor.accessTestSuiteMainPhase(TestSuiteExecutor.java:150)
	at com.kms.katalon.core.main.TestSuiteExecutor.execute(TestSuiteExecutor.java:106)
	at com.kms.katalon.core.main.TestCaseMain.startTestSuite(TestCaseMain.java:180)
	at TempTestSuite1731647997681.run(TempTestSuite1731647997681.groovy:35)
	at java.base/jdk.internal.reflect.NativeMethodAccessorImpl.invoke0(Native Method)
	at java.base/jdk.internal.reflect.NativeMethodAccessorImpl.invoke(NativeMethodAccessorImpl.java:77)
	at java.base/jdk.internal.reflect.DelegatingMethodAccessorImpl.invoke(DelegatingMethodAccessorImpl.java:43)
)

15-11-2024T09:28:18 - [TEST_STEP][PASSED] - println(numberOfErrors): null

15-11-2024T09:28:18 - [TEST_STEP][PASSED] - if (a == 28 || a == 77 || a == 74 || a == 65 || a == 36 || a == 44 || a == 54 || a == 1 || a == 18 || a == 59): null

15-11-2024T09:28:18 - [TEST_STEP][PASSED] - if (a == 82): null

15-11-2024T09:28:18 - [TEST_STEP][PASSED] - dZO = "Калугаэнерго": null

15-11-2024T09:28:18 - [TEST_STEP][PASSED] - a = 21: null

15-11-2024T09:28:18 - [TEST_STEP][PASSED] - if (x2.contains(dZO)): null

15-11-2024T09:28:18 - [TEST_STEP][PASSED] - filialNum = filialNum + 1: null

15-11-2024T09:28:18 - [TEST_STEP][PASSED] - Script1718980020443.Numbers(a, typeOfData, todaysDate, pageInt, fileInt, pageDouble, fileDouble, dZO, dzoNum, filialNum): null

15-11-2024T09:28:18 - [TEST_STEP][PASSED] - println(dzoNum): null

15-11-2024T09:28:18 - [TEST_STEP][PASSED] - planFact = <not implemented yet for class: org.codehaus.groovy.ast.expr.EmptyExpression>: null

15-11-2024T09:28:18 - [TEST_STEP][PASSED] - page = <not implemented yet for class: org.codehaus.groovy.ast.expr.EmptyExpression>: null

15-11-2024T09:28:18 - [TEST_STEP][PASSED] - page1 = <not implemented yet for class: org.codehaus.groovy.ast.expr.EmptyExpression>: null

15-11-2024T09:28:18 - [TEST_STEP][PASSED] - page2 = <not implemented yet for class: org.codehaus.groovy.ast.expr.EmptyExpression>: null

15-11-2024T09:28:18 - [TEST_STEP][PASSED] - filialNumberInRow = <not implemented yet for class: org.codehaus.groovy.ast.expr.EmptyExpression>: null

15-11-2024T09:28:18 - [TEST_STEP][PASSED] - filialsDzoNames = <not implemented yet for class: org.codehaus.groovy.ast.expr.EmptyExpression>: null

15-11-2024T09:28:18 - [TEST_STEP][PASSED] - numberOfFilials = <not implemented yet for class: org.codehaus.groovy.ast.expr.EmptyExpression>: null

15-11-2024T09:28:18 - [TEST_STEP][PASSED] - numberOfSpaces = <not implemented yet for class: org.codehaus.groovy.ast.expr.EmptyExpression>: null

15-11-2024T09:28:18 - [TEST_STEP][PASSED] - file = <not implemented yet for class: org.codehaus.groovy.ast.expr.EmptyExpression>: null

15-11-2024T09:28:18 - [TEST_STEP][PASSED] - otpusk = <not implemented yet for class: org.codehaus.groovy.ast.expr.EmptyExpression>: null

15-11-2024T09:28:18 - [TEST_STEP][PASSED] - poteri = <not implemented yet for class: org.codehaus.groovy.ast.expr.EmptyExpression>: null

15-11-2024T09:28:18 - [TEST_STEP][PASSED] - dataFolder = "Выполнение бизнес-плана/Значения со страницы Выполнение бизнес-плана/": null

15-11-2024T09:28:18 - [TEST_STEP][PASSED] - path = <not implemented yet for class: org.codehaus.groovy.ast.expr.EmptyExpression>: null

15-11-2024T09:28:18 - [TEST_STEP][PASSED] - typeOfDataMain = <not implemented yet for class: org.codehaus.groovy.ast.expr.EmptyExpression>: null

15-11-2024T09:28:18 - [TEST_STEP][PASSED] - fileOtpuskVSet = <not implemented yet for class: org.codehaus.groovy.ast.expr.EmptyExpression>: null

15-11-2024T09:28:18 - [TEST_STEP][PASSED] - pageOtpuskVSet = <not implemented yet for class: org.codehaus.groovy.ast.expr.EmptyExpression>: null

15-11-2024T09:28:18 - [TEST_STEP][PASSED] - filePoteri = <not implemented yet for class: org.codehaus.groovy.ast.expr.EmptyExpression>: null

15-11-2024T09:28:18 - [TEST_STEP][PASSED] - pagePoteri = <not implemented yet for class: org.codehaus.groovy.ast.expr.EmptyExpression>: null

15-11-2024T09:28:18 - [TEST_STEP][PASSED] - compare = <not implemented yet for class: org.codehaus.groovy.ast.expr.EmptyExpression>: null

15-11-2024T09:28:18 - [TEST_STEP][PASSED] - b = <not implemented yet for class: org.codehaus.groovy.ast.expr.EmptyExpression>: null

15-11-2024T09:28:18 - [TEST_STEP][PASSED] - i = <not implemented yet for class: org.codehaus.groovy.ast.expr.EmptyExpression>: null

15-11-2024T09:28:18 - [TEST_STEP][PASSED] - ii = <not implemented yet for class: org.codehaus.groovy.ast.expr.EmptyExpression>: null

15-11-2024T09:28:18 - [TEST_STEP][PASSED] - c = <not implemented yet for class: org.codehaus.groovy.ast.expr.EmptyExpression>: null

15-11-2024T09:28:18 - [TEST_STEP][PASSED] - numberOfErrors = 0: null

15-11-2024T09:28:18 - [TEST_STEP][PASSED] - if (a == 82): null

15-11-2024T09:28:18 - [TEST_STEP][PASSED] - b = findTestData("PlanFact").getValue(1, a): null

15-11-2024T09:28:18 - [TEST_STEP][PASSED] - i = b.indexOf(" (ГК)"): null

15-11-2024T09:28:18 - [TEST_STEP][PASSED] - if (i > -1): null

15-11-2024T09:28:18 - [TEST_STEP][PASSED] - i = b.indexOf("О ""): null

15-11-2024T09:28:18 - [TEST_STEP][PASSED] - if (i > -1): null

15-11-2024T09:28:18 - [TEST_STEP][PASSED] - i = b.indexOf("О «"): null

15-11-2024T09:28:18 - [TEST_STEP][PASSED] - if (i > -1): null

15-11-2024T09:28:18 - [TEST_STEP][PASSED] - i = b.indexOf("г. "): null

15-11-2024T09:28:18 - [TEST_STEP][PASSED] - if (i > -1): null

15-11-2024T09:28:18 - [TEST_STEP][PASSED] - println(b): null

15-11-2024T09:28:18 - [TEST_STEP][PASSED] - for ([planFact = 1, planFact < 3, (planFact++)]): null

15-11-2024T09:28:18 - [TEST_STEP][PASSED] - if (planFact == 1): null

15-11-2024T09:28:18 - [TEST_STEP][PASSED] - typeOfDataMain = "Факт": null

15-11-2024T09:28:18 - [TEST_STEP][PASSED] - otpusk = findTestData("PlanFact").getValue(5, a): null

15-11-2024T09:28:18 - [TEST_STEP][PASSED] - poteri = findTestData("PlanFact").getValue(6, a): null

15-11-2024T09:28:18 - [TEST_STEP][PASSED] - otpusk = otpusk.replaceAll("\s+", ""): null

15-11-2024T09:28:18 - [TEST_STEP][PASSED] - poteri = poteri.replaceAll("\s+", ""): null

15-11-2024T09:28:18 - [TEST_STEP][PASSED] - typeOfData = typeOfDataMain + " Отпуск в сеть": null

15-11-2024T09:28:18 - [TEST_STEP][PASSED] - if (a == 82): null

15-11-2024T09:28:18 - [TEST_STEP][PASSED] - else if (a == 84): null

15-11-2024T09:28:18 - [TEST_STEP][PASSED] - else if (a == 52 || a == 72 || a == 28 || a == 73 || a == 77 || a == 74 || a == 65 || a == 36 || a == 44 || a == 53 || a == 80 || a == 54 || a == 1 || a == 18 || a == 59 || a == 81): null

15-11-2024T09:28:18 - [TEST_STEP][PASSED] - else: null

15-11-2024T09:28:18 - [TEST_STEP][PASSED] - path = dataFolder + typeOfData + " за отчётный период " + b: null

15-11-2024T09:28:18 - [TEST_STEP][PASSED] - println(path): null

15-11-2024T09:28:18 - [TEST_STEP][PASSED] - page = getText(findTestObject(path)): Text of object 'Object Repository/Выполнение бизнес-плана/Значения со страницы Выполнение бизнес-плана/Факт Отпуск в сеть за отчётный период Калугаэнерго' is: '1 413 519'

15-11-2024T09:28:19 - [MESSAGE][PASSED] - Text of object 'Object Repository/Выполнение бизнес-плана/Значения со страницы Выполнение бизнес-плана/Факт Отпуск в сеть за отчётный период Калугаэнерго' is: '1 413 519'

15-11-2024T09:28:19 - [TEST_STEP][PASSED] - page = page.replaceAll("\s+", ""): null

15-11-2024T09:28:19 - [TEST_STEP][PASSED] - fileOtpuskVSet = otpusk.toInteger(): null

15-11-2024T09:28:19 - [TEST_STEP][PASSED] - pageOtpuskVSet = page.toInteger(): null

15-11-2024T09:28:19 - [TEST_STEP][PASSED] - typeOfData = typeOfDataMain + " Потери": null

15-11-2024T09:28:19 - [TEST_STEP][PASSED] - if (a == 82): null

15-11-2024T09:28:19 - [TEST_STEP][PASSED] - else if (a == 84): null

15-11-2024T09:28:19 - [TEST_STEP][PASSED] - else if (a == 52 || a == 72 || a == 28 || a == 73 || a == 77 || a == 74 || a == 65 || a == 36 || a == 44 || a == 53 || a == 80 || a == 54 || a == 1 || a == 18 || a == 59 || a == 81): null

15-11-2024T09:28:19 - [TEST_STEP][PASSED] - else: null

15-11-2024T09:28:19 - [TEST_STEP][PASSED] - path = dataFolder + typeOfData + " за отчётный период " + b: null

15-11-2024T09:28:19 - [TEST_STEP][PASSED] - page = getText(findTestObject(path)): Text of object 'Object Repository/Выполнение бизнес-плана/Значения со страницы Выполнение бизнес-плана/Факт Потери за отчётный период Калугаэнерго' is: '1 464 353'

15-11-2024T09:28:19 - [MESSAGE][PASSED] - Text of object 'Object Repository/Выполнение бизнес-плана/Значения со страницы Выполнение бизнес-плана/Факт Потери за отчётный период Калугаэнерго' is: '1 464 353'

15-11-2024T09:28:19 - [TEST_STEP][PASSED] - page = page.replaceAll("\s+", ""): null

15-11-2024T09:28:19 - [TEST_STEP][PASSED] - filePoteri = poteri.toInteger(): null

15-11-2024T09:28:19 - [TEST_STEP][PASSED] - pagePoteri = page.toInteger(): null

15-11-2024T09:28:19 - [TEST_STEP][PASSED] - compare = pageOtpuskVSet: null

15-11-2024T09:28:19 - [TEST_STEP][PASSED] - if (compare == fileOtpuskVSet): null

15-11-2024T09:28:19 - [TEST_STEP][PASSED] - else if (compare > fileOtpuskVSet): null

15-11-2024T09:28:19 - [TEST_STEP][PASSED] - else if (compare < fileOtpuskVSet): null

15-11-2024T09:28:19 - [TEST_STEP][PASSED] - compare = compare + 1: null

15-11-2024T09:28:19 - [TEST_STEP][PASSED] - if (compare == fileOtpuskVSet): null

15-11-2024T09:28:19 - [TEST_STEP][PASSED] - else: null

15-11-2024T09:28:19 - [TEST_STEP][PASSED] - numberOfErrors = numberOfErrors + 1: null

15-11-2024T09:28:19 - [TEST_STEP][PASSED] - pageInt = pageOtpuskVSet: null

15-11-2024T09:28:19 - [TEST_STEP][PASSED] - fileInt = fileOtpuskVSet: null

15-11-2024T09:28:19 - [TEST_STEP][PASSED] - typeOfData = typeOfDataMain + " Отпуск в сеть": null

15-11-2024T09:28:19 - [TEST_STEP][PASSED] - Script1718980020443.WriteToExcel(a, typeOfData, todaysDate, pageInt, fileInt, pageDouble, fileDouble, dZO): null

15-11-2024T09:28:19 - [TEST_STEP][PASSED] - sheetName = "Sheet1": null

15-11-2024T09:28:19 - [TEST_STEP][PASSED] - data = findTestData("PlanFact"): null

15-11-2024T09:28:19 - [TEST_STEP][PASSED] - n = data.getRowNumbers() + 1: null

15-11-2024T09:28:19 - [TEST_STEP][PASSED] - year = todaysDate.substring(todaysDate.length() - 4, todaysDate.length()): null

15-11-2024T09:28:19 - [TEST_STEP][PASSED] - y = year.toInteger(): null

15-11-2024T09:28:19 - [TEST_STEP][PASSED] - m = getText(findTestObject("Выполнение бизнес-плана/Период")): Text of object 'Object Repository/Выполнение бизнес-плана/Период' is: '1, 2, 3 кв. 2024 года'

15-11-2024T09:28:19 - [MESSAGE][PASSED] - Text of object 'Object Repository/Выполнение бизнес-плана/Период' is: '1, 2, 3 кв. 2024 года'

15-11-2024T09:28:19 - [TEST_STEP][PASSED] - m = m.substring(0, m.indexOf("2024")): null

15-11-2024T09:28:19 - [TEST_STEP][PASSED] - m = m.trim(): null

15-11-2024T09:28:19 - [TEST_STEP][PASSED] - dashboardName = "Выполнение бизнес-плана": null

15-11-2024T09:28:19 - [TEST_STEP][PASSED] - workbook01 = getWorkbook(excelFilePath): null

15-11-2024T09:28:19 - [TEST_STEP][PASSED] - sheet01 = getExcelSheet(workbook01, sheetName): null

15-11-2024T09:28:19 - [TEST_STEP][PASSED] - setValueToCellByIndex(sheet01, n, 0, dashboardName): null

15-11-2024T09:28:19 - [TEST_STEP][PASSED] - setValueToCellByIndex(sheet01, n, 1, dZO): null

15-11-2024T09:28:19 - [TEST_STEP][PASSED] - setValueToCellByIndex(sheet01, n, 2, typeOfData): null

15-11-2024T09:28:19 - [TEST_STEP][PASSED] - if (typeOfData == "Факт в процентах" || typeOfData == "План в процентах"): null

15-11-2024T09:28:19 - [TEST_STEP][PASSED] - else: null

15-11-2024T09:28:19 - [TEST_STEP][PASSED] - setValueToCellByIndex(sheet01, n, 3, fileInt): null

15-11-2024T09:28:19 - [TEST_STEP][PASSED] - setValueToCellByIndex(sheet01, n, 4, pageInt): null

15-11-2024T09:28:19 - [TEST_STEP][PASSED] - setValueToCellByIndex(sheet01, n, 5, m): null

15-11-2024T09:28:19 - [TEST_STEP][PASSED] - setValueToCellByIndex(sheet01, n, 6, y): null

15-11-2024T09:28:19 - [TEST_STEP][PASSED] - setValueToCellByIndex(sheet01, n, 7, todaysDate): null

15-11-2024T09:28:19 - [TEST_STEP][PASSED] - n = n + 1: null

15-11-2024T09:28:19 - [TEST_STEP][PASSED] - saveWorkbook(excelFilePath, workbook01): null

15-11-2024T09:28:19 - [TEST_STEP][PASSED] - compare = pagePoteri: null

15-11-2024T09:28:19 - [TEST_STEP][PASSED] - if (compare == filePoteri): null

15-11-2024T09:28:19 - [TEST_STEP][PASSED] - else if (compare > filePoteri): null

15-11-2024T09:28:19 - [TEST_STEP][PASSED] - compare = compare - 1: null

15-11-2024T09:28:19 - [TEST_STEP][PASSED] - if (compare == filePoteri): null

15-11-2024T09:28:19 - [TEST_STEP][PASSED] - else: null

15-11-2024T09:28:19 - [TEST_STEP][PASSED] - numberOfErrors = numberOfErrors + 1: null

15-11-2024T09:28:19 - [TEST_STEP][PASSED] - pageInt = pagePoteri: null

15-11-2024T09:28:19 - [TEST_STEP][PASSED] - fileInt = filePoteri: null

15-11-2024T09:28:19 - [TEST_STEP][PASSED] - typeOfData = typeOfDataMain + " Потери": null

15-11-2024T09:28:19 - [TEST_STEP][PASSED] - Script1718980020443.WriteToExcel(a, typeOfData, todaysDate, pageInt, fileInt, pageDouble, fileDouble, dZO): null

15-11-2024T09:28:19 - [TEST_STEP][PASSED] - sheetName = "Sheet1": null

15-11-2024T09:28:19 - [TEST_STEP][PASSED] - data = findTestData("PlanFact"): null

15-11-2024T09:28:20 - [TEST_STEP][PASSED] - n = data.getRowNumbers() + 1: null

15-11-2024T09:28:20 - [TEST_STEP][PASSED] - year = todaysDate.substring(todaysDate.length() - 4, todaysDate.length()): null

15-11-2024T09:28:20 - [TEST_STEP][PASSED] - y = year.toInteger(): null

15-11-2024T09:28:20 - [TEST_STEP][PASSED] - m = getText(findTestObject("Выполнение бизнес-плана/Период")): Text of object 'Object Repository/Выполнение бизнес-плана/Период' is: '1, 2, 3 кв. 2024 года'

15-11-2024T09:28:20 - [MESSAGE][PASSED] - Text of object 'Object Repository/Выполнение бизнес-плана/Период' is: '1, 2, 3 кв. 2024 года'

15-11-2024T09:28:20 - [TEST_STEP][PASSED] - m = m.substring(0, m.indexOf("2024")): null

15-11-2024T09:28:20 - [TEST_STEP][PASSED] - m = m.trim(): null

15-11-2024T09:28:20 - [TEST_STEP][PASSED] - dashboardName = "Выполнение бизнес-плана": null

15-11-2024T09:28:20 - [TEST_STEP][PASSED] - workbook01 = getWorkbook(excelFilePath): null

15-11-2024T09:28:20 - [TEST_STEP][PASSED] - sheet01 = getExcelSheet(workbook01, sheetName): null

15-11-2024T09:28:20 - [TEST_STEP][PASSED] - setValueToCellByIndex(sheet01, n, 0, dashboardName): null

15-11-2024T09:28:20 - [TEST_STEP][PASSED] - setValueToCellByIndex(sheet01, n, 1, dZO): null

15-11-2024T09:28:20 - [TEST_STEP][PASSED] - setValueToCellByIndex(sheet01, n, 2, typeOfData): null

15-11-2024T09:28:20 - [TEST_STEP][PASSED] - if (typeOfData == "Факт в процентах" || typeOfData == "План в процентах"): null

15-11-2024T09:28:20 - [TEST_STEP][PASSED] - else: null

15-11-2024T09:28:20 - [TEST_STEP][PASSED] - setValueToCellByIndex(sheet01, n, 3, fileInt): null

15-11-2024T09:28:20 - [TEST_STEP][PASSED] - setValueToCellByIndex(sheet01, n, 4, pageInt): null

15-11-2024T09:28:20 - [TEST_STEP][PASSED] - setValueToCellByIndex(sheet01, n, 5, m): null

15-11-2024T09:28:20 - [TEST_STEP][PASSED] - setValueToCellByIndex(sheet01, n, 6, y): null

15-11-2024T09:28:20 - [TEST_STEP][PASSED] - setValueToCellByIndex(sheet01, n, 7, todaysDate): null

15-11-2024T09:28:20 - [TEST_STEP][PASSED] - n = n + 1: null

15-11-2024T09:28:20 - [TEST_STEP][PASSED] - saveWorkbook(excelFilePath, workbook01): Object: 'Object Repository/Выполнение бизнес-плана/Кнопка Факт' is clicked on

15-11-2024T09:28:20 - [TEST_STEP][PASSED] - if (planFact == 2): null

15-11-2024T09:28:20 - [TEST_STEP][PASSED] - if (planFact == 1): null

15-11-2024T09:28:20 - [TEST_STEP][PASSED] - else if (planFact == 2): null

15-11-2024T09:28:20 - [TEST_STEP][PASSED] - click(findTestObject("Выполнение бизнес-плана/Кнопка План")): Object: 'Object Repository/Выполнение бизнес-плана/Кнопка План' is clicked on

15-11-2024T09:28:21 - [MESSAGE][PASSED] - Object: 'Object Repository/Выполнение бизнес-плана/Кнопка План' is clicked on

15-11-2024T09:28:21 - [TEST_STEP][PASSED] - typeOfDataMain = "План": null

15-11-2024T09:28:21 - [TEST_STEP][PASSED] - otpusk = findTestData("PlanFact").getValue(2, a): null

15-11-2024T09:28:21 - [TEST_STEP][PASSED] - poteri = findTestData("PlanFact").getValue(3, a): null

15-11-2024T09:28:21 - [TEST_STEP][PASSED] - otpusk = otpusk.replaceAll("\s+", ""): null

15-11-2024T09:28:21 - [TEST_STEP][PASSED] - poteri = poteri.replaceAll("\s+", ""): null

15-11-2024T09:28:21 - [TEST_STEP][PASSED] - typeOfData = typeOfDataMain + " Отпуск в сеть": null

15-11-2024T09:28:21 - [TEST_STEP][PASSED] - if (a == 82): null

15-11-2024T09:28:21 - [TEST_STEP][PASSED] - else if (a == 84): null

15-11-2024T09:28:21 - [TEST_STEP][PASSED] - else if (a == 52 || a == 72 || a == 28 || a == 73 || a == 77 || a == 74 || a == 65 || a == 36 || a == 44 || a == 53 || a == 80 || a == 54 || a == 1 || a == 18 || a == 59 || a == 81): null

15-11-2024T09:28:21 - [TEST_STEP][PASSED] - else: null

15-11-2024T09:28:21 - [TEST_STEP][PASSED] - path = dataFolder + typeOfData + " за отчётный период " + b: null

15-11-2024T09:28:21 - [TEST_STEP][PASSED] - println(path): null

15-11-2024T09:28:21 - [TEST_STEP][PASSED] - page = getText(findTestObject(path)): Text of object 'Object Repository/Выполнение бизнес-плана/Значения со страницы Выполнение бизнес-плана/План Отпуск в сеть за отчётный период Калугаэнерго' is: '3 975 291'

15-11-2024T09:28:21 - [MESSAGE][PASSED] - Text of object 'Object Repository/Выполнение бизнес-плана/Значения со страницы Выполнение бизнес-плана/План Отпуск в сеть за отчётный период Калугаэнерго' is: '3 975 291'

15-11-2024T09:28:21 - [TEST_STEP][PASSED] - page = page.replaceAll("\s+", ""): null

15-11-2024T09:28:21 - [TEST_STEP][PASSED] - fileOtpuskVSet = otpusk.toInteger(): null

15-11-2024T09:28:21 - [TEST_STEP][PASSED] - pageOtpuskVSet = page.toInteger(): null

15-11-2024T09:28:21 - [TEST_STEP][PASSED] - typeOfData = typeOfDataMain + " Потери": null

15-11-2024T09:28:21 - [TEST_STEP][PASSED] - if (a == 82): null

15-11-2024T09:28:21 - [TEST_STEP][PASSED] - else if (a == 84): null

15-11-2024T09:28:21 - [TEST_STEP][PASSED] - else if (a == 52 || a == 72 || a == 28 || a == 73 || a == 77 || a == 74 || a == 65 || a == 36 || a == 44 || a == 53 || a == 80 || a == 54 || a == 1 || a == 18 || a == 59 || a == 81): null

15-11-2024T09:28:21 - [TEST_STEP][PASSED] - else: null

15-11-2024T09:28:21 - [TEST_STEP][PASSED] - path = dataFolder + typeOfData + " за отчётный период " + b: null

15-11-2024T09:28:21 - [TEST_STEP][PASSED] - page = getText(findTestObject(path)): Text of object 'Object Repository/Выполнение бизнес-плана/Значения со страницы Выполнение бизнес-плана/План Потери за отчётный период Калугаэнерго' is: '330 104'

15-11-2024T09:28:21 - [MESSAGE][PASSED] - Text of object 'Object Repository/Выполнение бизнес-плана/Значения со страницы Выполнение бизнес-плана/План Потери за отчётный период Калугаэнерго' is: '330 104'

15-11-2024T09:28:21 - [TEST_STEP][PASSED] - page = page.replaceAll("\s+", ""): null

15-11-2024T09:28:21 - [TEST_STEP][PASSED] - filePoteri = poteri.toInteger(): null

15-11-2024T09:28:21 - [TEST_STEP][PASSED] - pagePoteri = page.toInteger(): null

15-11-2024T09:28:21 - [TEST_STEP][PASSED] - compare = pageOtpuskVSet: null

15-11-2024T09:28:21 - [TEST_STEP][PASSED] - if (compare == fileOtpuskVSet): null

15-11-2024T09:28:21 - [TEST_STEP][PASSED] - if (compare == fileOtpuskVSet): null

15-11-2024T09:28:21 - [TEST_STEP][PASSED] - compare = pagePoteri: null

15-11-2024T09:28:21 - [TEST_STEP][PASSED] - if (compare == filePoteri): null

15-11-2024T09:28:21 - [TEST_STEP][PASSED] - if (compare == filePoteri): null

15-11-2024T09:28:21 - [TEST_STEP][PASSED] - if (planFact == 2): Object: 'Object Repository/Выполнение бизнес-плана/Кнопка Факт' is clicked on

15-11-2024T09:28:21 - [TEST_STEP][PASSED] - click(findTestObject("Выполнение бизнес-плана/Кнопка Факт")): Object: 'Object Repository/Выполнение бизнес-плана/Кнопка Факт' is clicked on

15-11-2024T09:28:22 - [MESSAGE][PASSED] - Object: 'Object Repository/Выполнение бизнес-плана/Кнопка Факт' is clicked on

15-11-2024T09:28:22 - [TEST_STEP][PASSED] - if (a == 84 || a == 82): null

15-11-2024T09:28:22 - [TEST_STEP][PASSED] - else if (a == 52 || a == 72 || a == 28 || a == 73 || a == 77 || a == 74 || a == 65 || a == 36 || a == 44 || a == 53 || a == 80 || a == 54 || a == 1 || a == 18 || a == 59 || a == 81): null

15-11-2024T09:28:22 - [TEST_STEP][PASSED] - else: null

15-11-2024T09:28:22 - [TEST_STEP][PASSED] - page1 = getText(findTestObject("Object Repository/Выполнение бизнес-плана/spanPlan" + filialNum)): Text of object 'Object Repository/Выполнение бизнес-плана/spanPlan3' is: '8.30
|'

15-11-2024T09:28:22 - [MESSAGE][PASSED] - Text of object 'Object Repository/Выполнение бизнес-плана/spanPlan3' is: '8.30
|'

15-11-2024T09:28:22 - [TEST_STEP][PASSED] - page1 = page1.replace("|", ""): null

15-11-2024T09:28:22 - [TEST_STEP][PASSED] - page2 = getText(findTestObject("Object Repository/Выполнение бизнес-плана/spanFact" + filialNum)): Text of object 'Object Repository/Выполнение бизнес-плана/spanFact3' is: '8.02
|'

15-11-2024T09:28:22 - [MESSAGE][PASSED] - Text of object 'Object Repository/Выполнение бизнес-плана/spanFact3' is: '8.02
|'

15-11-2024T09:28:22 - [TEST_STEP][PASSED] - page2 = page2.replace("|", ""): null

15-11-2024T09:28:22 - [TEST_STEP][PASSED] - println("page1: " + page1): null

15-11-2024T09:28:22 - [TEST_STEP][PASSED] - println("page2: " + page2): null

15-11-2024T09:28:22 - [TEST_STEP][PASSED] - file = findTestData("PlanFact").getValue(4, a): null

15-11-2024T09:28:22 - [TEST_STEP][PASSED] - file = file.replace(",", "."): null

15-11-2024T09:28:22 - [TEST_STEP][PASSED] - println("file Plan: " + file): null

15-11-2024T09:28:22 - [TEST_STEP][PASSED] - typeOfData = "План в процентах": null

15-11-2024T09:28:22 - [TEST_STEP][PASSED] - fileDouble = file.toDouble(): null

15-11-2024T09:28:22 - [TEST_STEP][PASSED] - pageDouble = page1.toDouble(): null

15-11-2024T09:28:22 - [TEST_STEP][PASSED] - if (fileDouble != pageDouble): null

15-11-2024T09:28:22 - [TEST_STEP][PASSED] - file = findTestData("PlanFact").getValue(7, a): null

15-11-2024T09:28:22 - [TEST_STEP][PASSED] - file = file.replace(",", "."): null

15-11-2024T09:28:22 - [TEST_STEP][PASSED] - println("file Fact: " + file): null

15-11-2024T09:28:22 - [TEST_STEP][PASSED] - fileDouble = file.toDouble(): null

15-11-2024T09:28:22 - [TEST_STEP][PASSED] - typeOfData = "Факт в процентах": null

15-11-2024T09:28:22 - [TEST_STEP][PASSED] - fileDouble = file.toDouble(): null

15-11-2024T09:28:22 - [TEST_STEP][PASSED] - pageDouble = page2.toDouble(): null

15-11-2024T09:28:22 - [TEST_STEP][PASSED] - if (fileDouble != pageDouble): null

15-11-2024T09:28:22 - [TEST_STEP][FAILED] - if (verifyEqual(numberOfErrors, 0) == false): null

15-11-2024T09:28:22 - [MESSAGE][FAILED] - Unable to verify equal between actual object '2' and expected object '0' (Root cause: com.kms.katalon.core.exception.StepFailedException: Actual object '2' and expected object '0' are not equal
	at com.kms.katalon.core.keyword.builtin.VerifyEqualKeyword$_verifyEqual_closure1.doCall(VerifyEqualKeyword.groovy:58)
	at com.kms.katalon.core.keyword.builtin.VerifyEqualKeyword$_verifyEqual_closure1.call(VerifyEqualKeyword.groovy)
	at com.kms.katalon.core.keyword.internal.KeywordMain.runKeyword(KeywordMain.groovy:75)
	at com.kms.katalon.core.keyword.builtin.VerifyEqualKeyword.verifyEqual(VerifyEqualKeyword.groovy:63)
	at com.kms.katalon.core.keyword.builtin.VerifyEqualKeyword.execute(VerifyEqualKeyword.groovy:44)
	at com.kms.katalon.core.keyword.internal.KeywordExecutor.executeKeywordForPlatform(KeywordExecutor.groovy:74)
	at com.kms.katalon.core.keyword.BuiltinKeywords.verifyEqual(BuiltinKeywords.groovy:146)
	at jdk.internal.reflect.GeneratedMethodAccessor25.invoke(Unknown Source)
	at java.base/jdk.internal.reflect.DelegatingMethodAccessorImpl.invoke(DelegatingMethodAccessorImpl.java:43)
	at Выполнение бизнес-плана Сверка ПАО Россети все филиалы.Numbers(Выполнение бизнес-плана Сверка ПАО Россети все филиалы:740)
	at Выполнение бизнес-плана Сверка ПАО Россети все филиалы.Filials(Выполнение бизнес-плана Сверка ПАО Россети все филиалы:1373)
	at Выполнение бизнес-плана Сверка ПАО Россети все филиалы.Numbers(Выполнение бизнес-плана Сверка ПАО Россети все филиалы:745)
	at Выполнение бизнес-плана Сверка ПАО Россети все филиалы.run(Выполнение бизнес-плана Сверка ПАО Россети все филиалы:402)
	at com.kms.katalon.core.main.ScriptEngine.run(ScriptEngine.java:194)
	at com.kms.katalon.core.main.ScriptEngine.runScriptAsRawText(ScriptEngine.java:119)
	at com.kms.katalon.core.main.TestCaseExecutor.runScript(TestCaseExecutor.java:448)
	at com.kms.katalon.core.main.TestCaseExecutor.doExecute(TestCaseExecutor.java:439)
	at com.kms.katalon.core.main.TestCaseExecutor.processExecutionPhase(TestCaseExecutor.java:418)
	at com.kms.katalon.core.main.TestCaseExecutor.accessMainPhase(TestCaseExecutor.java:410)
	at com.kms.katalon.core.main.TestCaseExecutor.execute(TestCaseExecutor.java:285)
	at com.kms.katalon.core.common.CommonExecutor.accessTestCaseMainPhase(CommonExecutor.java:65)
	at com.kms.katalon.core.main.TestSuiteExecutor.accessTestSuiteMainPhase(TestSuiteExecutor.java:150)
	at com.kms.katalon.core.main.TestSuiteExecutor.execute(TestSuiteExecutor.java:106)
	at com.kms.katalon.core.main.TestCaseMain.startTestSuite(TestCaseMain.java:180)
	at TempTestSuite1731647997681.run(TempTestSuite1731647997681.groovy:35)
	at java.base/jdk.internal.reflect.NativeMethodAccessorImpl.invoke0(Native Method)
	at java.base/jdk.internal.reflect.NativeMethodAccessorImpl.invoke(NativeMethodAccessorImpl.java:77)
	at java.base/jdk.internal.reflect.DelegatingMethodAccessorImpl.invoke(DelegatingMethodAccessorImpl.java:43)
)

15-11-2024T09:28:22 - [TEST_STEP][PASSED] - println(numberOfErrors): null

15-11-2024T09:28:22 - [TEST_STEP][PASSED] - if (a == 28 || a == 77 || a == 74 || a == 65 || a == 36 || a == 44 || a == 54 || a == 1 || a == 18 || a == 59): null

15-11-2024T09:28:22 - [TEST_STEP][PASSED] - if (a == 82): null

15-11-2024T09:28:22 - [TEST_STEP][PASSED] - dZO = "Кировэнерго": null

15-11-2024T09:28:22 - [TEST_STEP][PASSED] - a = 22: null

15-11-2024T09:28:22 - [TEST_STEP][PASSED] - if (x2.contains(dZO)): null

15-11-2024T09:28:22 - [TEST_STEP][PASSED] - filialNum = filialNum + 1: null

15-11-2024T09:28:22 - [TEST_STEP][PASSED] - Script1718980020443.Numbers(a, typeOfData, todaysDate, pageInt, fileInt, pageDouble, fileDouble, dZO, dzoNum, filialNum): null

15-11-2024T09:28:22 - [TEST_STEP][PASSED] - println(dzoNum): null

15-11-2024T09:28:22 - [TEST_STEP][PASSED] - planFact = <not implemented yet for class: org.codehaus.groovy.ast.expr.EmptyExpression>: null

15-11-2024T09:28:22 - [TEST_STEP][PASSED] - page = <not implemented yet for class: org.codehaus.groovy.ast.expr.EmptyExpression>: null

15-11-2024T09:28:22 - [TEST_STEP][PASSED] - page1 = <not implemented yet for class: org.codehaus.groovy.ast.expr.EmptyExpression>: null

15-11-2024T09:28:22 - [TEST_STEP][PASSED] - page2 = <not implemented yet for class: org.codehaus.groovy.ast.expr.EmptyExpression>: null

15-11-2024T09:28:22 - [TEST_STEP][PASSED] - filialNumberInRow = <not implemented yet for class: org.codehaus.groovy.ast.expr.EmptyExpression>: null

15-11-2024T09:28:22 - [TEST_STEP][PASSED] - filialsDzoNames = <not implemented yet for class: org.codehaus.groovy.ast.expr.EmptyExpression>: null

15-11-2024T09:28:22 - [TEST_STEP][PASSED] - numberOfFilials = <not implemented yet for class: org.codehaus.groovy.ast.expr.EmptyExpression>: null

15-11-2024T09:28:22 - [TEST_STEP][PASSED] - numberOfSpaces = <not implemented yet for class: org.codehaus.groovy.ast.expr.EmptyExpression>: null

15-11-2024T09:28:22 - [TEST_STEP][PASSED] - file = <not implemented yet for class: org.codehaus.groovy.ast.expr.EmptyExpression>: null

15-11-2024T09:28:22 - [TEST_STEP][PASSED] - otpusk = <not implemented yet for class: org.codehaus.groovy.ast.expr.EmptyExpression>: null

15-11-2024T09:28:22 - [TEST_STEP][PASSED] - poteri = <not implemented yet for class: org.codehaus.groovy.ast.expr.EmptyExpression>: null

15-11-2024T09:28:22 - [TEST_STEP][PASSED] - dataFolder = "Выполнение бизнес-плана/Значения со страницы Выполнение бизнес-плана/": null

15-11-2024T09:28:22 - [TEST_STEP][PASSED] - path = <not implemented yet for class: org.codehaus.groovy.ast.expr.EmptyExpression>: null

15-11-2024T09:28:22 - [TEST_STEP][PASSED] - typeOfDataMain = <not implemented yet for class: org.codehaus.groovy.ast.expr.EmptyExpression>: null

15-11-2024T09:28:22 - [TEST_STEP][PASSED] - fileOtpuskVSet = <not implemented yet for class: org.codehaus.groovy.ast.expr.EmptyExpression>: null

15-11-2024T09:28:22 - [TEST_STEP][PASSED] - pageOtpuskVSet = <not implemented yet for class: org.codehaus.groovy.ast.expr.EmptyExpression>: null

15-11-2024T09:28:22 - [TEST_STEP][PASSED] - filePoteri = <not implemented yet for class: org.codehaus.groovy.ast.expr.EmptyExpression>: null

15-11-2024T09:28:22 - [TEST_STEP][PASSED] - pagePoteri = <not implemented yet for class: org.codehaus.groovy.ast.expr.EmptyExpression>: null

15-11-2024T09:28:22 - [TEST_STEP][PASSED] - compare = <not implemented yet for class: org.codehaus.groovy.ast.expr.EmptyExpression>: null

15-11-2024T09:28:22 - [TEST_STEP][PASSED] - b = <not implemented yet for class: org.codehaus.groovy.ast.expr.EmptyExpression>: null

15-11-2024T09:28:22 - [TEST_STEP][PASSED] - i = <not implemented yet for class: org.codehaus.groovy.ast.expr.EmptyExpression>: null

15-11-2024T09:28:22 - [TEST_STEP][PASSED] - ii = <not implemented yet for class: org.codehaus.groovy.ast.expr.EmptyExpression>: null

15-11-2024T09:28:22 - [TEST_STEP][PASSED] - c = <not implemented yet for class: org.codehaus.groovy.ast.expr.EmptyExpression>: null

15-11-2024T09:28:22 - [TEST_STEP][PASSED] - numberOfErrors = 0: null

15-11-2024T09:28:22 - [TEST_STEP][PASSED] - if (a == 82): null

15-11-2024T09:28:22 - [TEST_STEP][PASSED] - b = findTestData("PlanFact").getValue(1, a): null

15-11-2024T09:28:22 - [TEST_STEP][PASSED] - i = b.indexOf(" (ГК)"): null

15-11-2024T09:28:22 - [TEST_STEP][PASSED] - if (i > -1): null

15-11-2024T09:28:22 - [TEST_STEP][PASSED] - i = b.indexOf("О ""): null

15-11-2024T09:28:22 - [TEST_STEP][PASSED] - if (i > -1): null

15-11-2024T09:28:22 - [TEST_STEP][PASSED] - i = b.indexOf("О «"): null

15-11-2024T09:28:22 - [TEST_STEP][PASSED] - if (i > -1): null

15-11-2024T09:28:22 - [TEST_STEP][PASSED] - i = b.indexOf("г. "): null

15-11-2024T09:28:22 - [TEST_STEP][PASSED] - if (i > -1): null

15-11-2024T09:28:22 - [TEST_STEP][PASSED] - println(b): null

15-11-2024T09:28:22 - [TEST_STEP][PASSED] - for ([planFact = 1, planFact < 3, (planFact++)]): null

15-11-2024T09:28:22 - [TEST_STEP][PASSED] - if (planFact == 1): null

15-11-2024T09:28:22 - [TEST_STEP][PASSED] - typeOfDataMain = "Факт": null

15-11-2024T09:28:22 - [TEST_STEP][PASSED] - otpusk = findTestData("PlanFact").getValue(5, a): null

15-11-2024T09:28:22 - [TEST_STEP][PASSED] - poteri = findTestData("PlanFact").getValue(6, a): null

15-11-2024T09:28:23 - [TEST_STEP][PASSED] - otpusk = otpusk.replaceAll("\s+", ""): null

15-11-2024T09:28:23 - [TEST_STEP][PASSED] - poteri = poteri.replaceAll("\s+", ""): null

15-11-2024T09:28:23 - [TEST_STEP][PASSED] - typeOfData = typeOfDataMain + " Отпуск в сеть": null

15-11-2024T09:28:23 - [TEST_STEP][PASSED] - if (a == 82): null

15-11-2024T09:28:23 - [TEST_STEP][PASSED] - else if (a == 84): null

15-11-2024T09:28:23 - [TEST_STEP][PASSED] - else if (a == 52 || a == 72 || a == 28 || a == 73 || a == 77 || a == 74 || a == 65 || a == 36 || a == 44 || a == 53 || a == 80 || a == 54 || a == 1 || a == 18 || a == 59 || a == 81): null

15-11-2024T09:28:23 - [TEST_STEP][PASSED] - else: null

15-11-2024T09:28:23 - [TEST_STEP][PASSED] - path = dataFolder + typeOfData + " за отчётный период " + b: null

15-11-2024T09:28:23 - [TEST_STEP][PASSED] - println(path): null

15-11-2024T09:28:23 - [TEST_STEP][PASSED] - page = getText(findTestObject(path)): Text of object 'Object Repository/Выполнение бизнес-плана/Значения со страницы Выполнение бизнес-плана/Факт Отпуск в сеть за отчётный период Кировэнерго' is: '1 013 182'

15-11-2024T09:28:23 - [MESSAGE][PASSED] - Text of object 'Object Repository/Выполнение бизнес-плана/Значения со страницы Выполнение бизнес-плана/Факт Отпуск в сеть за отчётный период Кировэнерго' is: '1 013 182'

15-11-2024T09:28:23 - [TEST_STEP][PASSED] - page = page.replaceAll("\s+", ""): null

15-11-2024T09:28:23 - [TEST_STEP][PASSED] - fileOtpuskVSet = otpusk.toInteger(): null

15-11-2024T09:28:23 - [TEST_STEP][PASSED] - pageOtpuskVSet = page.toInteger(): null

15-11-2024T09:28:23 - [TEST_STEP][PASSED] - typeOfData = typeOfDataMain + " Потери": null

15-11-2024T09:28:23 - [TEST_STEP][PASSED] - if (a == 82): null

15-11-2024T09:28:23 - [TEST_STEP][PASSED] - else if (a == 84): null

15-11-2024T09:28:23 - [TEST_STEP][PASSED] - else if (a == 52 || a == 72 || a == 28 || a == 73 || a == 77 || a == 74 || a == 65 || a == 36 || a == 44 || a == 53 || a == 80 || a == 54 || a == 1 || a == 18 || a == 59 || a == 81): null

15-11-2024T09:28:23 - [TEST_STEP][PASSED] - else: null

15-11-2024T09:28:23 - [TEST_STEP][PASSED] - path = dataFolder + typeOfData + " за отчётный период " + b: null

15-11-2024T09:28:23 - [TEST_STEP][PASSED] - page = getText(findTestObject(path)): Text of object 'Object Repository/Выполнение бизнес-плана/Значения со страницы Выполнение бизнес-плана/Факт Потери за отчётный период Кировэнерго' is: '9 396 960'

15-11-2024T09:28:23 - [MESSAGE][PASSED] - Text of object 'Object Repository/Выполнение бизнес-плана/Значения со страницы Выполнение бизнес-плана/Факт Потери за отчётный период Кировэнерго' is: '9 396 960'

15-11-2024T09:28:23 - [TEST_STEP][PASSED] - page = page.replaceAll("\s+", ""): null

15-11-2024T09:28:23 - [TEST_STEP][PASSED] - filePoteri = poteri.toInteger(): null

15-11-2024T09:28:23 - [TEST_STEP][PASSED] - pagePoteri = page.toInteger(): null

15-11-2024T09:28:23 - [TEST_STEP][PASSED] - compare = pageOtpuskVSet: null

15-11-2024T09:28:23 - [TEST_STEP][PASSED] - if (compare == fileOtpuskVSet): null

15-11-2024T09:28:23 - [TEST_STEP][PASSED] - else if (compare > fileOtpuskVSet): null

15-11-2024T09:28:23 - [TEST_STEP][PASSED] - else if (compare < fileOtpuskVSet): null

15-11-2024T09:28:23 - [TEST_STEP][PASSED] - compare = compare + 1: null

15-11-2024T09:28:23 - [TEST_STEP][PASSED] - if (compare == fileOtpuskVSet): null

15-11-2024T09:28:23 - [TEST_STEP][PASSED] - else: null

15-11-2024T09:28:23 - [TEST_STEP][PASSED] - numberOfErrors = numberOfErrors + 1: null

15-11-2024T09:28:23 - [TEST_STEP][PASSED] - pageInt = pageOtpuskVSet: null

15-11-2024T09:28:23 - [TEST_STEP][PASSED] - fileInt = fileOtpuskVSet: null

15-11-2024T09:28:23 - [TEST_STEP][PASSED] - typeOfData = typeOfDataMain + " Отпуск в сеть": null

15-11-2024T09:28:23 - [TEST_STEP][PASSED] - Script1718980020443.WriteToExcel(a, typeOfData, todaysDate, pageInt, fileInt, pageDouble, fileDouble, dZO): null

15-11-2024T09:28:23 - [TEST_STEP][PASSED] - sheetName = "Sheet1": null

15-11-2024T09:28:23 - [TEST_STEP][PASSED] - data = findTestData("PlanFact"): null

15-11-2024T09:28:23 - [TEST_STEP][PASSED] - n = data.getRowNumbers() + 1: null

15-11-2024T09:28:23 - [TEST_STEP][PASSED] - year = todaysDate.substring(todaysDate.length() - 4, todaysDate.length()): null

15-11-2024T09:28:23 - [TEST_STEP][PASSED] - y = year.toInteger(): null

15-11-2024T09:28:23 - [TEST_STEP][PASSED] - m = getText(findTestObject("Выполнение бизнес-плана/Период")): Text of object 'Object Repository/Выполнение бизнес-плана/Период' is: '1, 2, 3 кв. 2024 года'

15-11-2024T09:28:23 - [MESSAGE][PASSED] - Text of object 'Object Repository/Выполнение бизнес-плана/Период' is: '1, 2, 3 кв. 2024 года'

15-11-2024T09:28:23 - [TEST_STEP][PASSED] - m = m.substring(0, m.indexOf("2024")): null

15-11-2024T09:28:23 - [TEST_STEP][PASSED] - m = m.trim(): null

15-11-2024T09:28:23 - [TEST_STEP][PASSED] - dashboardName = "Выполнение бизнес-плана": null

15-11-2024T09:28:23 - [TEST_STEP][PASSED] - workbook01 = getWorkbook(excelFilePath): null

15-11-2024T09:28:24 - [TEST_STEP][PASSED] - sheet01 = getExcelSheet(workbook01, sheetName): null

15-11-2024T09:28:24 - [TEST_STEP][PASSED] - setValueToCellByIndex(sheet01, n, 0, dashboardName): null

15-11-2024T09:28:24 - [TEST_STEP][PASSED] - setValueToCellByIndex(sheet01, n, 1, dZO): null

15-11-2024T09:28:24 - [TEST_STEP][PASSED] - setValueToCellByIndex(sheet01, n, 2, typeOfData): null

15-11-2024T09:28:24 - [TEST_STEP][PASSED] - if (typeOfData == "Факт в процентах" || typeOfData == "План в процентах"): null

15-11-2024T09:28:24 - [TEST_STEP][PASSED] - else: null

15-11-2024T09:28:24 - [TEST_STEP][PASSED] - setValueToCellByIndex(sheet01, n, 3, fileInt): null

15-11-2024T09:28:24 - [TEST_STEP][PASSED] - setValueToCellByIndex(sheet01, n, 4, pageInt): null

15-11-2024T09:28:24 - [TEST_STEP][PASSED] - setValueToCellByIndex(sheet01, n, 5, m): null

15-11-2024T09:28:24 - [TEST_STEP][PASSED] - setValueToCellByIndex(sheet01, n, 6, y): null

15-11-2024T09:28:24 - [TEST_STEP][PASSED] - setValueToCellByIndex(sheet01, n, 7, todaysDate): null

15-11-2024T09:28:24 - [TEST_STEP][PASSED] - n = n + 1: null

15-11-2024T09:28:24 - [TEST_STEP][PASSED] - saveWorkbook(excelFilePath, workbook01): null

15-11-2024T09:28:24 - [TEST_STEP][PASSED] - compare = pagePoteri: null

15-11-2024T09:28:24 - [TEST_STEP][PASSED] - if (compare == filePoteri): null

15-11-2024T09:28:24 - [TEST_STEP][PASSED] - else if (compare > filePoteri): null

15-11-2024T09:28:24 - [TEST_STEP][PASSED] - compare = compare - 1: null

15-11-2024T09:28:24 - [TEST_STEP][PASSED] - if (compare == filePoteri): null

15-11-2024T09:28:24 - [TEST_STEP][PASSED] - else: null

15-11-2024T09:28:24 - [TEST_STEP][PASSED] - numberOfErrors = numberOfErrors + 1: null

15-11-2024T09:28:24 - [TEST_STEP][PASSED] - pageInt = pagePoteri: null

15-11-2024T09:28:24 - [TEST_STEP][PASSED] - fileInt = filePoteri: null

15-11-2024T09:28:24 - [TEST_STEP][PASSED] - typeOfData = typeOfDataMain + " Потери": null

15-11-2024T09:28:24 - [TEST_STEP][PASSED] - Script1718980020443.WriteToExcel(a, typeOfData, todaysDate, pageInt, fileInt, pageDouble, fileDouble, dZO): null

15-11-2024T09:28:24 - [TEST_STEP][PASSED] - sheetName = "Sheet1": null

15-11-2024T09:28:24 - [TEST_STEP][PASSED] - data = findTestData("PlanFact"): null

15-11-2024T09:28:24 - [TEST_STEP][PASSED] - n = data.getRowNumbers() + 1: null

15-11-2024T09:28:24 - [TEST_STEP][PASSED] - year = todaysDate.substring(todaysDate.length() - 4, todaysDate.length()): null

15-11-2024T09:28:24 - [TEST_STEP][PASSED] - y = year.toInteger(): null

15-11-2024T09:28:24 - [TEST_STEP][PASSED] - m = getText(findTestObject("Выполнение бизнес-плана/Период")): Text of object 'Object Repository/Выполнение бизнес-плана/Период' is: '1, 2, 3 кв. 2024 года'

15-11-2024T09:28:24 - [MESSAGE][PASSED] - Text of object 'Object Repository/Выполнение бизнес-плана/Период' is: '1, 2, 3 кв. 2024 года'

15-11-2024T09:28:24 - [TEST_STEP][PASSED] - m = m.substring(0, m.indexOf("2024")): null

15-11-2024T09:28:24 - [TEST_STEP][PASSED] - m = m.trim(): null

15-11-2024T09:28:24 - [TEST_STEP][PASSED] - dashboardName = "Выполнение бизнес-плана": null

15-11-2024T09:28:24 - [TEST_STEP][PASSED] - workbook01 = getWorkbook(excelFilePath): null

15-11-2024T09:28:24 - [TEST_STEP][PASSED] - sheet01 = getExcelSheet(workbook01, sheetName): null

15-11-2024T09:28:24 - [TEST_STEP][PASSED] - setValueToCellByIndex(sheet01, n, 0, dashboardName): null

15-11-2024T09:28:24 - [TEST_STEP][PASSED] - setValueToCellByIndex(sheet01, n, 1, dZO): null

15-11-2024T09:28:24 - [TEST_STEP][PASSED] - setValueToCellByIndex(sheet01, n, 2, typeOfData): null

15-11-2024T09:28:24 - [TEST_STEP][PASSED] - if (typeOfData == "Факт в процентах" || typeOfData == "План в процентах"): null

15-11-2024T09:28:24 - [TEST_STEP][PASSED] - else: null

15-11-2024T09:28:24 - [TEST_STEP][PASSED] - setValueToCellByIndex(sheet01, n, 3, fileInt): null

15-11-2024T09:28:24 - [TEST_STEP][PASSED] - setValueToCellByIndex(sheet01, n, 4, pageInt): null

15-11-2024T09:28:24 - [TEST_STEP][PASSED] - setValueToCellByIndex(sheet01, n, 5, m): null

15-11-2024T09:28:24 - [TEST_STEP][PASSED] - setValueToCellByIndex(sheet01, n, 6, y): null

15-11-2024T09:28:24 - [TEST_STEP][PASSED] - setValueToCellByIndex(sheet01, n, 7, todaysDate): null

15-11-2024T09:28:24 - [TEST_STEP][PASSED] - n = n + 1: null

15-11-2024T09:28:24 - [TEST_STEP][PASSED] - saveWorkbook(excelFilePath, workbook01): Object: 'Object Repository/Выполнение бизнес-плана/Кнопка Факт' is clicked on

15-11-2024T09:28:25 - [TEST_STEP][PASSED] - if (planFact == 2): null

15-11-2024T09:28:25 - [TEST_STEP][PASSED] - if (planFact == 1): null

15-11-2024T09:28:25 - [TEST_STEP][PASSED] - else if (planFact == 2): null

15-11-2024T09:28:25 - [TEST_STEP][PASSED] - click(findTestObject("Выполнение бизнес-плана/Кнопка План")): Object: 'Object Repository/Выполнение бизнес-плана/Кнопка План' is clicked on

15-11-2024T09:28:25 - [MESSAGE][PASSED] - Object: 'Object Repository/Выполнение бизнес-плана/Кнопка План' is clicked on

15-11-2024T09:28:25 - [TEST_STEP][PASSED] - typeOfDataMain = "План": null

15-11-2024T09:28:25 - [TEST_STEP][PASSED] - otpusk = findTestData("PlanFact").getValue(2, a): null

15-11-2024T09:28:25 - [TEST_STEP][PASSED] - poteri = findTestData("PlanFact").getValue(3, a): null

15-11-2024T09:28:25 - [TEST_STEP][PASSED] - otpusk = otpusk.replaceAll("\s+", ""): null

15-11-2024T09:28:25 - [TEST_STEP][PASSED] - poteri = poteri.replaceAll("\s+", ""): null

15-11-2024T09:28:25 - [TEST_STEP][PASSED] - typeOfData = typeOfDataMain + " Отпуск в сеть": null

15-11-2024T09:28:25 - [TEST_STEP][PASSED] - if (a == 82): null

15-11-2024T09:28:25 - [TEST_STEP][PASSED] - else if (a == 84): null

15-11-2024T09:28:25 - [TEST_STEP][PASSED] - else if (a == 52 || a == 72 || a == 28 || a == 73 || a == 77 || a == 74 || a == 65 || a == 36 || a == 44 || a == 53 || a == 80 || a == 54 || a == 1 || a == 18 || a == 59 || a == 81): null

15-11-2024T09:28:25 - [TEST_STEP][PASSED] - else: null

15-11-2024T09:28:25 - [TEST_STEP][PASSED] - path = dataFolder + typeOfData + " за отчётный период " + b: null

15-11-2024T09:28:25 - [TEST_STEP][PASSED] - println(path): null

15-11-2024T09:28:25 - [TEST_STEP][PASSED] - page = getText(findTestObject(path)): Text of object 'Object Repository/Выполнение бизнес-плана/Значения со страницы Выполнение бизнес-плана/План Отпуск в сеть за отчётный период Кировэнерго' is: '3 988 007'

15-11-2024T09:28:25 - [MESSAGE][PASSED] - Text of object 'Object Repository/Выполнение бизнес-плана/Значения со страницы Выполнение бизнес-плана/План Отпуск в сеть за отчётный период Кировэнерго' is: '3 988 007'

15-11-2024T09:28:25 - [TEST_STEP][PASSED] - page = page.replaceAll("\s+", ""): null

15-11-2024T09:28:25 - [TEST_STEP][PASSED] - fileOtpuskVSet = otpusk.toInteger(): null

15-11-2024T09:28:25 - [TEST_STEP][PASSED] - pageOtpuskVSet = page.toInteger(): null

15-11-2024T09:28:25 - [TEST_STEP][PASSED] - typeOfData = typeOfDataMain + " Потери": null

15-11-2024T09:28:25 - [TEST_STEP][PASSED] - if (a == 82): null

15-11-2024T09:28:25 - [TEST_STEP][PASSED] - else if (a == 84): null

15-11-2024T09:28:25 - [TEST_STEP][PASSED] - else if (a == 52 || a == 72 || a == 28 || a == 73 || a == 77 || a == 74 || a == 65 || a == 36 || a == 44 || a == 53 || a == 80 || a == 54 || a == 1 || a == 18 || a == 59 || a == 81): null

15-11-2024T09:28:25 - [TEST_STEP][PASSED] - else: null

15-11-2024T09:28:25 - [TEST_STEP][PASSED] - path = dataFolder + typeOfData + " за отчётный период " + b: null

15-11-2024T09:28:25 - [TEST_STEP][PASSED] - page = getText(findTestObject(path)): Text of object 'Object Repository/Выполнение бизнес-плана/Значения со страницы Выполнение бизнес-плана/План Потери за отчётный период Кировэнерго' is: '163 583'

15-11-2024T09:28:26 - [MESSAGE][PASSED] - Text of object 'Object Repository/Выполнение бизнес-плана/Значения со страницы Выполнение бизнес-плана/План Потери за отчётный период Кировэнерго' is: '163 583'

15-11-2024T09:28:26 - [TEST_STEP][PASSED] - page = page.replaceAll("\s+", ""): null

15-11-2024T09:28:26 - [TEST_STEP][PASSED] - filePoteri = poteri.toInteger(): null

15-11-2024T09:28:26 - [TEST_STEP][PASSED] - pagePoteri = page.toInteger(): null

15-11-2024T09:28:26 - [TEST_STEP][PASSED] - compare = pageOtpuskVSet: null

15-11-2024T09:28:26 - [TEST_STEP][PASSED] - if (compare == fileOtpuskVSet): null

15-11-2024T09:28:26 - [TEST_STEP][PASSED] - if (compare == fileOtpuskVSet): null

15-11-2024T09:28:26 - [TEST_STEP][PASSED] - compare = pagePoteri: null

15-11-2024T09:28:26 - [TEST_STEP][PASSED] - if (compare == filePoteri): null

15-11-2024T09:28:26 - [TEST_STEP][PASSED] - if (compare == filePoteri): null

15-11-2024T09:28:26 - [TEST_STEP][PASSED] - if (planFact == 2): Object: 'Object Repository/Выполнение бизнес-плана/Кнопка Факт' is clicked on

15-11-2024T09:28:26 - [TEST_STEP][PASSED] - click(findTestObject("Выполнение бизнес-плана/Кнопка Факт")): Object: 'Object Repository/Выполнение бизнес-плана/Кнопка Факт' is clicked on

15-11-2024T09:28:26 - [MESSAGE][PASSED] - Object: 'Object Repository/Выполнение бизнес-плана/Кнопка Факт' is clicked on

15-11-2024T09:28:26 - [TEST_STEP][PASSED] - if (a == 84 || a == 82): null

15-11-2024T09:28:26 - [TEST_STEP][PASSED] - else if (a == 52 || a == 72 || a == 28 || a == 73 || a == 77 || a == 74 || a == 65 || a == 36 || a == 44 || a == 53 || a == 80 || a == 54 || a == 1 || a == 18 || a == 59 || a == 81): null

15-11-2024T09:28:26 - [TEST_STEP][PASSED] - else: null

15-11-2024T09:28:26 - [TEST_STEP][PASSED] - page1 = getText(findTestObject("Object Repository/Выполнение бизнес-плана/spanPlan" + filialNum)): Text of object 'Object Repository/Выполнение бизнес-плана/spanPlan4' is: '4.10
|'

15-11-2024T09:28:26 - [MESSAGE][PASSED] - Text of object 'Object Repository/Выполнение бизнес-плана/spanPlan4' is: '4.10
|'

15-11-2024T09:28:26 - [TEST_STEP][PASSED] - page1 = page1.replace("|", ""): null

15-11-2024T09:28:26 - [TEST_STEP][PASSED] - page2 = getText(findTestObject("Object Repository/Выполнение бизнес-плана/spanFact" + filialNum)): Text of object 'Object Repository/Выполнение бизнес-плана/spanFact4' is: '3.50
|'

15-11-2024T09:28:27 - [MESSAGE][PASSED] - Text of object 'Object Repository/Выполнение бизнес-плана/spanFact4' is: '3.50
|'

15-11-2024T09:28:27 - [TEST_STEP][PASSED] - page2 = page2.replace("|", ""): null

15-11-2024T09:28:27 - [TEST_STEP][PASSED] - println("page1: " + page1): null

15-11-2024T09:28:27 - [TEST_STEP][PASSED] - println("page2: " + page2): null

15-11-2024T09:28:27 - [TEST_STEP][PASSED] - file = findTestData("PlanFact").getValue(4, a): null

15-11-2024T09:28:27 - [TEST_STEP][PASSED] - file = file.replace(",", "."): null

15-11-2024T09:28:27 - [TEST_STEP][PASSED] - println("file Plan: " + file): null

15-11-2024T09:28:27 - [TEST_STEP][PASSED] - typeOfData = "План в процентах": null

15-11-2024T09:28:27 - [TEST_STEP][PASSED] - fileDouble = file.toDouble(): null

15-11-2024T09:28:27 - [TEST_STEP][PASSED] - pageDouble = page1.toDouble(): null

15-11-2024T09:28:27 - [TEST_STEP][PASSED] - if (fileDouble != pageDouble): null

15-11-2024T09:28:27 - [TEST_STEP][PASSED] - file = findTestData("PlanFact").getValue(7, a): null

15-11-2024T09:28:27 - [TEST_STEP][PASSED] - file = file.replace(",", "."): null

15-11-2024T09:28:27 - [TEST_STEP][PASSED] - println("file Fact: " + file): null

15-11-2024T09:28:27 - [TEST_STEP][PASSED] - fileDouble = file.toDouble(): null

15-11-2024T09:28:27 - [TEST_STEP][PASSED] - typeOfData = "Факт в процентах": null

15-11-2024T09:28:27 - [TEST_STEP][PASSED] - fileDouble = file.toDouble(): null

15-11-2024T09:28:27 - [TEST_STEP][PASSED] - pageDouble = page2.toDouble(): null

15-11-2024T09:28:27 - [TEST_STEP][PASSED] - if (fileDouble != pageDouble): null

15-11-2024T09:28:27 - [TEST_STEP][FAILED] - if (verifyEqual(numberOfErrors, 0) == false): null

15-11-2024T09:28:27 - [MESSAGE][FAILED] - Unable to verify equal between actual object '2' and expected object '0' (Root cause: com.kms.katalon.core.exception.StepFailedException: Actual object '2' and expected object '0' are not equal
	at com.kms.katalon.core.keyword.builtin.VerifyEqualKeyword$_verifyEqual_closure1.doCall(VerifyEqualKeyword.groovy:58)
	at com.kms.katalon.core.keyword.builtin.VerifyEqualKeyword$_verifyEqual_closure1.call(VerifyEqualKeyword.groovy)
	at com.kms.katalon.core.keyword.internal.KeywordMain.runKeyword(KeywordMain.groovy:75)
	at com.kms.katalon.core.keyword.builtin.VerifyEqualKeyword.verifyEqual(VerifyEqualKeyword.groovy:63)
	at com.kms.katalon.core.keyword.builtin.VerifyEqualKeyword.execute(VerifyEqualKeyword.groovy:44)
	at com.kms.katalon.core.keyword.internal.KeywordExecutor.executeKeywordForPlatform(KeywordExecutor.groovy:74)
	at com.kms.katalon.core.keyword.BuiltinKeywords.verifyEqual(BuiltinKeywords.groovy:146)
	at jdk.internal.reflect.GeneratedMethodAccessor25.invoke(Unknown Source)
	at java.base/jdk.internal.reflect.DelegatingMethodAccessorImpl.invoke(DelegatingMethodAccessorImpl.java:43)
	at Выполнение бизнес-плана Сверка ПАО Россети все филиалы.Numbers(Выполнение бизнес-плана Сверка ПАО Россети все филиалы:740)
	at Выполнение бизнес-плана Сверка ПАО Россети все филиалы.Filials(Выполнение бизнес-плана Сверка ПАО Россети все филиалы:1385)
	at Выполнение бизнес-плана Сверка ПАО Россети все филиалы.Numbers(Выполнение бизнес-плана Сверка ПАО Россети все филиалы:745)
	at Выполнение бизнес-плана Сверка ПАО Россети все филиалы.run(Выполнение бизнес-плана Сверка ПАО Россети все филиалы:402)
	at com.kms.katalon.core.main.ScriptEngine.run(ScriptEngine.java:194)
	at com.kms.katalon.core.main.ScriptEngine.runScriptAsRawText(ScriptEngine.java:119)
	at com.kms.katalon.core.main.TestCaseExecutor.runScript(TestCaseExecutor.java:448)
	at com.kms.katalon.core.main.TestCaseExecutor.doExecute(TestCaseExecutor.java:439)
	at com.kms.katalon.core.main.TestCaseExecutor.processExecutionPhase(TestCaseExecutor.java:418)
	at com.kms.katalon.core.main.TestCaseExecutor.accessMainPhase(TestCaseExecutor.java:410)
	at com.kms.katalon.core.main.TestCaseExecutor.execute(TestCaseExecutor.java:285)
	at com.kms.katalon.core.common.CommonExecutor.accessTestCaseMainPhase(CommonExecutor.java:65)
	at com.kms.katalon.core.main.TestSuiteExecutor.accessTestSuiteMainPhase(TestSuiteExecutor.java:150)
	at com.kms.katalon.core.main.TestSuiteExecutor.execute(TestSuiteExecutor.java:106)
	at com.kms.katalon.core.main.TestCaseMain.startTestSuite(TestCaseMain.java:180)
	at TempTestSuite1731647997681.run(TempTestSuite1731647997681.groovy:35)
	at java.base/jdk.internal.reflect.NativeMethodAccessorImpl.invoke0(Native Method)
	at java.base/jdk.internal.reflect.NativeMethodAccessorImpl.invoke(NativeMethodAccessorImpl.java:77)
	at java.base/jdk.internal.reflect.DelegatingMethodAccessorImpl.invoke(DelegatingMethodAccessorImpl.java:43)
)

15-11-2024T09:28:27 - [TEST_STEP][PASSED] - println(numberOfErrors): null

15-11-2024T09:28:27 - [TEST_STEP][PASSED] - if (a == 28 || a == 77 || a == 74 || a == 65 || a == 36 || a == 44 || a == 54 || a == 1 || a == 18 || a == 59): null

15-11-2024T09:28:27 - [TEST_STEP][PASSED] - if (a == 82): null

15-11-2024T09:28:27 - [TEST_STEP][PASSED] - dZO = "Мариэнерго": null

15-11-2024T09:28:27 - [TEST_STEP][PASSED] - a = 23: null

15-11-2024T09:28:27 - [TEST_STEP][PASSED] - if (x2.contains(dZO)): null

15-11-2024T09:28:27 - [TEST_STEP][PASSED] - filialNum = filialNum + 1: null

15-11-2024T09:28:27 - [TEST_STEP][PASSED] - Script1718980020443.Numbers(a, typeOfData, todaysDate, pageInt, fileInt, pageDouble, fileDouble, dZO, dzoNum, filialNum): null

15-11-2024T09:28:27 - [TEST_STEP][PASSED] - println(dzoNum): null

15-11-2024T09:28:27 - [TEST_STEP][PASSED] - planFact = <not implemented yet for class: org.codehaus.groovy.ast.expr.EmptyExpression>: null

15-11-2024T09:28:27 - [TEST_STEP][PASSED] - page = <not implemented yet for class: org.codehaus.groovy.ast.expr.EmptyExpression>: null

15-11-2024T09:28:27 - [TEST_STEP][PASSED] - page1 = <not implemented yet for class: org.codehaus.groovy.ast.expr.EmptyExpression>: null

15-11-2024T09:28:27 - [TEST_STEP][PASSED] - page2 = <not implemented yet for class: org.codehaus.groovy.ast.expr.EmptyExpression>: null

15-11-2024T09:28:27 - [TEST_STEP][PASSED] - filialNumberInRow = <not implemented yet for class: org.codehaus.groovy.ast.expr.EmptyExpression>: null

15-11-2024T09:28:27 - [TEST_STEP][PASSED] - filialsDzoNames = <not implemented yet for class: org.codehaus.groovy.ast.expr.EmptyExpression>: null

15-11-2024T09:28:27 - [TEST_STEP][PASSED] - numberOfFilials = <not implemented yet for class: org.codehaus.groovy.ast.expr.EmptyExpression>: null

15-11-2024T09:28:27 - [TEST_STEP][PASSED] - numberOfSpaces = <not implemented yet for class: org.codehaus.groovy.ast.expr.EmptyExpression>: null

15-11-2024T09:28:27 - [TEST_STEP][PASSED] - file = <not implemented yet for class: org.codehaus.groovy.ast.expr.EmptyExpression>: null

15-11-2024T09:28:27 - [TEST_STEP][PASSED] - otpusk = <not implemented yet for class: org.codehaus.groovy.ast.expr.EmptyExpression>: null

15-11-2024T09:28:27 - [TEST_STEP][PASSED] - poteri = <not implemented yet for class: org.codehaus.groovy.ast.expr.EmptyExpression>: null

15-11-2024T09:28:27 - [TEST_STEP][PASSED] - dataFolder = "Выполнение бизнес-плана/Значения со страницы Выполнение бизнес-плана/": null

15-11-2024T09:28:27 - [TEST_STEP][PASSED] - path = <not implemented yet for class: org.codehaus.groovy.ast.expr.EmptyExpression>: null

15-11-2024T09:28:27 - [TEST_STEP][PASSED] - typeOfDataMain = <not implemented yet for class: org.codehaus.groovy.ast.expr.EmptyExpression>: null

15-11-2024T09:28:27 - [TEST_STEP][PASSED] - fileOtpuskVSet = <not implemented yet for class: org.codehaus.groovy.ast.expr.EmptyExpression>: null

15-11-2024T09:28:27 - [TEST_STEP][PASSED] - pageOtpuskVSet = <not implemented yet for class: org.codehaus.groovy.ast.expr.EmptyExpression>: null

15-11-2024T09:28:27 - [TEST_STEP][PASSED] - filePoteri = <not implemented yet for class: org.codehaus.groovy.ast.expr.EmptyExpression>: null

15-11-2024T09:28:27 - [TEST_STEP][PASSED] - pagePoteri = <not implemented yet for class: org.codehaus.groovy.ast.expr.EmptyExpression>: null

15-11-2024T09:28:27 - [TEST_STEP][PASSED] - compare = <not implemented yet for class: org.codehaus.groovy.ast.expr.EmptyExpression>: null

15-11-2024T09:28:27 - [TEST_STEP][PASSED] - b = <not implemented yet for class: org.codehaus.groovy.ast.expr.EmptyExpression>: null

15-11-2024T09:28:27 - [TEST_STEP][PASSED] - i = <not implemented yet for class: org.codehaus.groovy.ast.expr.EmptyExpression>: null

15-11-2024T09:28:27 - [TEST_STEP][PASSED] - ii = <not implemented yet for class: org.codehaus.groovy.ast.expr.EmptyExpression>: null

15-11-2024T09:28:27 - [TEST_STEP][PASSED] - c = <not implemented yet for class: org.codehaus.groovy.ast.expr.EmptyExpression>: null

15-11-2024T09:28:27 - [TEST_STEP][PASSED] - numberOfErrors = 0: null

15-11-2024T09:28:27 - [TEST_STEP][PASSED] - if (a == 82): null

15-11-2024T09:28:27 - [TEST_STEP][PASSED] - b = findTestData("PlanFact").getValue(1, a): null

15-11-2024T09:28:27 - [TEST_STEP][PASSED] - i = b.indexOf(" (ГК)"): null

15-11-2024T09:28:27 - [TEST_STEP][PASSED] - if (i > -1): null

15-11-2024T09:28:27 - [TEST_STEP][PASSED] - i = b.indexOf("О ""): null

15-11-2024T09:28:27 - [TEST_STEP][PASSED] - if (i > -1): null

15-11-2024T09:28:27 - [TEST_STEP][PASSED] - i = b.indexOf("О «"): null

15-11-2024T09:28:27 - [TEST_STEP][PASSED] - if (i > -1): null

15-11-2024T09:28:27 - [TEST_STEP][PASSED] - i = b.indexOf("г. "): null

15-11-2024T09:28:27 - [TEST_STEP][PASSED] - if (i > -1): null

15-11-2024T09:28:27 - [TEST_STEP][PASSED] - println(b): null

15-11-2024T09:28:27 - [TEST_STEP][PASSED] - for ([planFact = 1, planFact < 3, (planFact++)]): null

15-11-2024T09:28:27 - [TEST_STEP][PASSED] - if (planFact == 1): null

15-11-2024T09:28:27 - [TEST_STEP][PASSED] - typeOfDataMain = "Факт": null

15-11-2024T09:28:27 - [TEST_STEP][PASSED] - otpusk = findTestData("PlanFact").getValue(5, a): null

15-11-2024T09:28:27 - [TEST_STEP][PASSED] - poteri = findTestData("PlanFact").getValue(6, a): null

15-11-2024T09:28:27 - [TEST_STEP][PASSED] - otpusk = otpusk.replaceAll("\s+", ""): null

15-11-2024T09:28:27 - [TEST_STEP][PASSED] - poteri = poteri.replaceAll("\s+", ""): null

15-11-2024T09:28:27 - [TEST_STEP][PASSED] - typeOfData = typeOfDataMain + " Отпуск в сеть": null

15-11-2024T09:28:27 - [TEST_STEP][PASSED] - if (a == 82): null

15-11-2024T09:28:27 - [TEST_STEP][PASSED] - else if (a == 84): null

15-11-2024T09:28:27 - [TEST_STEP][PASSED] - else if (a == 52 || a == 72 || a == 28 || a == 73 || a == 77 || a == 74 || a == 65 || a == 36 || a == 44 || a == 53 || a == 80 || a == 54 || a == 1 || a == 18 || a == 59 || a == 81): null

15-11-2024T09:28:27 - [TEST_STEP][PASSED] - else: null

15-11-2024T09:28:27 - [TEST_STEP][PASSED] - path = dataFolder + typeOfData + " за отчётный период " + b: null

15-11-2024T09:28:27 - [TEST_STEP][PASSED] - println(path): null

15-11-2024T09:28:27 - [TEST_STEP][PASSED] - page = getText(findTestObject(path)): Text of object 'Object Repository/Выполнение бизнес-плана/Значения со страницы Выполнение бизнес-плана/Факт Отпуск в сеть за отчётный период Мариэнерго' is: '1 263 745'

15-11-2024T09:28:27 - [MESSAGE][PASSED] - Text of object 'Object Repository/Выполнение бизнес-плана/Значения со страницы Выполнение бизнес-плана/Факт Отпуск в сеть за отчётный период Мариэнерго' is: '1 263 745'

15-11-2024T09:28:27 - [TEST_STEP][PASSED] - page = page.replaceAll("\s+", ""): null

15-11-2024T09:28:27 - [TEST_STEP][PASSED] - fileOtpuskVSet = otpusk.toInteger(): null

15-11-2024T09:28:27 - [TEST_STEP][PASSED] - pageOtpuskVSet = page.toInteger(): null

15-11-2024T09:28:27 - [TEST_STEP][PASSED] - typeOfData = typeOfDataMain + " Потери": null

15-11-2024T09:28:27 - [TEST_STEP][PASSED] - if (a == 82): null

15-11-2024T09:28:27 - [TEST_STEP][PASSED] - else if (a == 84): null

15-11-2024T09:28:27 - [TEST_STEP][PASSED] - else if (a == 52 || a == 72 || a == 28 || a == 73 || a == 77 || a == 74 || a == 65 || a == 36 || a == 44 || a == 53 || a == 80 || a == 54 || a == 1 || a == 18 || a == 59 || a == 81): null

15-11-2024T09:28:27 - [TEST_STEP][PASSED] - else: null

15-11-2024T09:28:27 - [TEST_STEP][PASSED] - path = dataFolder + typeOfData + " за отчётный период " + b: null

15-11-2024T09:28:27 - [TEST_STEP][PASSED] - page = getText(findTestObject(path)): Text of object 'Object Repository/Выполнение бизнес-плана/Значения со страницы Выполнение бизнес-плана/Факт Потери за отчётный период Мариэнерго' is: '4 163 601'

15-11-2024T09:28:27 - [MESSAGE][PASSED] - Text of object 'Object Repository/Выполнение бизнес-плана/Значения со страницы Выполнение бизнес-плана/Факт Потери за отчётный период Мариэнерго' is: '4 163 601'

15-11-2024T09:28:27 - [TEST_STEP][PASSED] - page = page.replaceAll("\s+", ""): null

15-11-2024T09:28:27 - [TEST_STEP][PASSED] - filePoteri = poteri.toInteger(): null

15-11-2024T09:28:27 - [TEST_STEP][PASSED] - pagePoteri = page.toInteger(): null

15-11-2024T09:28:27 - [TEST_STEP][PASSED] - compare = pageOtpuskVSet: null

15-11-2024T09:28:27 - [TEST_STEP][PASSED] - if (compare == fileOtpuskVSet): null

15-11-2024T09:28:27 - [TEST_STEP][PASSED] - else if (compare > fileOtpuskVSet): null

15-11-2024T09:28:27 - [TEST_STEP][PASSED] - else if (compare < fileOtpuskVSet): null

15-11-2024T09:28:27 - [TEST_STEP][PASSED] - compare = compare + 1: null

15-11-2024T09:28:27 - [TEST_STEP][PASSED] - if (compare == fileOtpuskVSet): null

15-11-2024T09:28:27 - [TEST_STEP][PASSED] - else: null

15-11-2024T09:28:27 - [TEST_STEP][PASSED] - numberOfErrors = numberOfErrors + 1: null

15-11-2024T09:28:27 - [TEST_STEP][PASSED] - pageInt = pageOtpuskVSet: null

15-11-2024T09:28:27 - [TEST_STEP][PASSED] - fileInt = fileOtpuskVSet: null

15-11-2024T09:28:27 - [TEST_STEP][PASSED] - typeOfData = typeOfDataMain + " Отпуск в сеть": null

15-11-2024T09:28:27 - [TEST_STEP][PASSED] - Script1718980020443.WriteToExcel(a, typeOfData, todaysDate, pageInt, fileInt, pageDouble, fileDouble, dZO): null

15-11-2024T09:28:27 - [TEST_STEP][PASSED] - sheetName = "Sheet1": null

15-11-2024T09:28:27 - [TEST_STEP][PASSED] - data = findTestData("PlanFact"): null

15-11-2024T09:28:28 - [TEST_STEP][PASSED] - n = data.getRowNumbers() + 1: null

15-11-2024T09:28:28 - [TEST_STEP][PASSED] - year = todaysDate.substring(todaysDate.length() - 4, todaysDate.length()): null

15-11-2024T09:28:28 - [TEST_STEP][PASSED] - y = year.toInteger(): null

15-11-2024T09:28:28 - [TEST_STEP][PASSED] - m = getText(findTestObject("Выполнение бизнес-плана/Период")): Text of object 'Object Repository/Выполнение бизнес-плана/Период' is: '1, 2, 3 кв. 2024 года'

15-11-2024T09:28:28 - [MESSAGE][PASSED] - Text of object 'Object Repository/Выполнение бизнес-плана/Период' is: '1, 2, 3 кв. 2024 года'

15-11-2024T09:28:28 - [TEST_STEP][PASSED] - m = m.substring(0, m.indexOf("2024")): null

15-11-2024T09:28:28 - [TEST_STEP][PASSED] - m = m.trim(): null

15-11-2024T09:28:28 - [TEST_STEP][PASSED] - dashboardName = "Выполнение бизнес-плана": null

15-11-2024T09:28:28 - [TEST_STEP][PASSED] - workbook01 = getWorkbook(excelFilePath): null

15-11-2024T09:28:28 - [TEST_STEP][PASSED] - sheet01 = getExcelSheet(workbook01, sheetName): null

15-11-2024T09:28:28 - [TEST_STEP][PASSED] - setValueToCellByIndex(sheet01, n, 0, dashboardName): null

15-11-2024T09:28:28 - [TEST_STEP][PASSED] - setValueToCellByIndex(sheet01, n, 1, dZO): null

15-11-2024T09:28:28 - [TEST_STEP][PASSED] - setValueToCellByIndex(sheet01, n, 2, typeOfData): null

15-11-2024T09:28:28 - [TEST_STEP][PASSED] - if (typeOfData == "Факт в процентах" || typeOfData == "План в процентах"): null

15-11-2024T09:28:28 - [TEST_STEP][PASSED] - else: null

15-11-2024T09:28:28 - [TEST_STEP][PASSED] - setValueToCellByIndex(sheet01, n, 3, fileInt): null

15-11-2024T09:28:28 - [TEST_STEP][PASSED] - setValueToCellByIndex(sheet01, n, 4, pageInt): null

15-11-2024T09:28:28 - [TEST_STEP][PASSED] - setValueToCellByIndex(sheet01, n, 5, m): null

15-11-2024T09:28:28 - [TEST_STEP][PASSED] - setValueToCellByIndex(sheet01, n, 6, y): null

15-11-2024T09:28:28 - [TEST_STEP][PASSED] - setValueToCellByIndex(sheet01, n, 7, todaysDate): null

15-11-2024T09:28:28 - [TEST_STEP][PASSED] - n = n + 1: null

15-11-2024T09:28:28 - [TEST_STEP][PASSED] - saveWorkbook(excelFilePath, workbook01): null

15-11-2024T09:28:28 - [TEST_STEP][PASSED] - compare = pagePoteri: null

15-11-2024T09:28:28 - [TEST_STEP][PASSED] - if (compare == filePoteri): null

15-11-2024T09:28:28 - [TEST_STEP][PASSED] - else if (compare > filePoteri): null

15-11-2024T09:28:28 - [TEST_STEP][PASSED] - compare = compare - 1: null

15-11-2024T09:28:28 - [TEST_STEP][PASSED] - if (compare == filePoteri): null

15-11-2024T09:28:28 - [TEST_STEP][PASSED] - else: null

15-11-2024T09:28:28 - [TEST_STEP][PASSED] - numberOfErrors = numberOfErrors + 1: null

15-11-2024T09:28:28 - [TEST_STEP][PASSED] - pageInt = pagePoteri: null

15-11-2024T09:28:28 - [TEST_STEP][PASSED] - fileInt = filePoteri: null

15-11-2024T09:28:28 - [TEST_STEP][PASSED] - typeOfData = typeOfDataMain + " Потери": null

15-11-2024T09:28:28 - [TEST_STEP][PASSED] - Script1718980020443.WriteToExcel(a, typeOfData, todaysDate, pageInt, fileInt, pageDouble, fileDouble, dZO): null

15-11-2024T09:28:28 - [TEST_STEP][PASSED] - sheetName = "Sheet1": null

15-11-2024T09:28:28 - [TEST_STEP][PASSED] - data = findTestData("PlanFact"): null

15-11-2024T09:28:28 - [TEST_STEP][PASSED] - n = data.getRowNumbers() + 1: null

15-11-2024T09:28:28 - [TEST_STEP][PASSED] - year = todaysDate.substring(todaysDate.length() - 4, todaysDate.length()): null

15-11-2024T09:28:28 - [TEST_STEP][PASSED] - y = year.toInteger(): null

15-11-2024T09:28:28 - [TEST_STEP][PASSED] - m = getText(findTestObject("Выполнение бизнес-плана/Период")): Text of object 'Object Repository/Выполнение бизнес-плана/Период' is: '1, 2, 3 кв. 2024 года'

15-11-2024T09:28:28 - [MESSAGE][PASSED] - Text of object 'Object Repository/Выполнение бизнес-плана/Период' is: '1, 2, 3 кв. 2024 года'

15-11-2024T09:28:28 - [TEST_STEP][PASSED] - m = m.substring(0, m.indexOf("2024")): null

15-11-2024T09:28:28 - [TEST_STEP][PASSED] - m = m.trim(): null

15-11-2024T09:28:28 - [TEST_STEP][PASSED] - dashboardName = "Выполнение бизнес-плана": null

15-11-2024T09:28:28 - [TEST_STEP][PASSED] - workbook01 = getWorkbook(excelFilePath): null

15-11-2024T09:28:29 - [TEST_STEP][PASSED] - sheet01 = getExcelSheet(workbook01, sheetName): null

15-11-2024T09:28:29 - [TEST_STEP][PASSED] - setValueToCellByIndex(sheet01, n, 0, dashboardName): null

15-11-2024T09:28:29 - [TEST_STEP][PASSED] - setValueToCellByIndex(sheet01, n, 1, dZO): null

15-11-2024T09:28:29 - [TEST_STEP][PASSED] - setValueToCellByIndex(sheet01, n, 2, typeOfData): null

15-11-2024T09:28:29 - [TEST_STEP][PASSED] - if (typeOfData == "Факт в процентах" || typeOfData == "План в процентах"): null

15-11-2024T09:28:29 - [TEST_STEP][PASSED] - else: null

15-11-2024T09:28:29 - [TEST_STEP][PASSED] - setValueToCellByIndex(sheet01, n, 3, fileInt): null

15-11-2024T09:28:29 - [TEST_STEP][PASSED] - setValueToCellByIndex(sheet01, n, 4, pageInt): null

15-11-2024T09:28:29 - [TEST_STEP][PASSED] - setValueToCellByIndex(sheet01, n, 5, m): null

15-11-2024T09:28:29 - [TEST_STEP][PASSED] - setValueToCellByIndex(sheet01, n, 6, y): null

15-11-2024T09:28:29 - [TEST_STEP][PASSED] - setValueToCellByIndex(sheet01, n, 7, todaysDate): null

15-11-2024T09:28:29 - [TEST_STEP][PASSED] - n = n + 1: null

15-11-2024T09:28:29 - [TEST_STEP][PASSED] - saveWorkbook(excelFilePath, workbook01): Object: 'Object Repository/Выполнение бизнес-плана/Кнопка Факт' is clicked on

15-11-2024T09:28:29 - [TEST_STEP][PASSED] - if (planFact == 2): null

15-11-2024T09:28:29 - [TEST_STEP][PASSED] - if (planFact == 1): null

15-11-2024T09:28:29 - [TEST_STEP][PASSED] - else if (planFact == 2): null

15-11-2024T09:28:29 - [TEST_STEP][PASSED] - click(findTestObject("Выполнение бизнес-плана/Кнопка План")): Object: 'Object Repository/Выполнение бизнес-плана/Кнопка План' is clicked on

15-11-2024T09:28:29 - [MESSAGE][PASSED] - Object: 'Object Repository/Выполнение бизнес-плана/Кнопка План' is clicked on

15-11-2024T09:28:29 - [TEST_STEP][PASSED] - typeOfDataMain = "План": null

15-11-2024T09:28:29 - [TEST_STEP][PASSED] - otpusk = findTestData("PlanFact").getValue(2, a): null

15-11-2024T09:28:29 - [TEST_STEP][PASSED] - poteri = findTestData("PlanFact").getValue(3, a): null

15-11-2024T09:28:29 - [TEST_STEP][PASSED] - otpusk = otpusk.replaceAll("\s+", ""): null

15-11-2024T09:28:29 - [TEST_STEP][PASSED] - poteri = poteri.replaceAll("\s+", ""): null

15-11-2024T09:28:29 - [TEST_STEP][PASSED] - typeOfData = typeOfDataMain + " Отпуск в сеть": null

15-11-2024T09:28:29 - [TEST_STEP][PASSED] - if (a == 82): null

15-11-2024T09:28:29 - [TEST_STEP][PASSED] - else if (a == 84): null

15-11-2024T09:28:29 - [TEST_STEP][PASSED] - else if (a == 52 || a == 72 || a == 28 || a == 73 || a == 77 || a == 74 || a == 65 || a == 36 || a == 44 || a == 53 || a == 80 || a == 54 || a == 1 || a == 18 || a == 59 || a == 81): null

15-11-2024T09:28:29 - [TEST_STEP][PASSED] - else: null

15-11-2024T09:28:29 - [TEST_STEP][PASSED] - path = dataFolder + typeOfData + " за отчётный период " + b: null

15-11-2024T09:28:29 - [TEST_STEP][PASSED] - println(path): null

15-11-2024T09:28:29 - [TEST_STEP][PASSED] - page = getText(findTestObject(path)): Text of object 'Object Repository/Выполнение бизнес-плана/Значения со страницы Выполнение бизнес-плана/План Отпуск в сеть за отчётный период Мариэнерго' is: '1 417 451'

15-11-2024T09:28:30 - [MESSAGE][PASSED] - Text of object 'Object Repository/Выполнение бизнес-плана/Значения со страницы Выполнение бизнес-плана/План Отпуск в сеть за отчётный период Мариэнерго' is: '1 417 451'

15-11-2024T09:28:30 - [TEST_STEP][PASSED] - page = page.replaceAll("\s+", ""): null

15-11-2024T09:28:30 - [TEST_STEP][PASSED] - fileOtpuskVSet = otpusk.toInteger(): null

15-11-2024T09:28:30 - [TEST_STEP][PASSED] - pageOtpuskVSet = page.toInteger(): null

15-11-2024T09:28:30 - [TEST_STEP][PASSED] - typeOfData = typeOfDataMain + " Потери": null

15-11-2024T09:28:30 - [TEST_STEP][PASSED] - if (a == 82): null

15-11-2024T09:28:30 - [TEST_STEP][PASSED] - else if (a == 84): null

15-11-2024T09:28:30 - [TEST_STEP][PASSED] - else if (a == 52 || a == 72 || a == 28 || a == 73 || a == 77 || a == 74 || a == 65 || a == 36 || a == 44 || a == 53 || a == 80 || a == 54 || a == 1 || a == 18 || a == 59 || a == 81): null

15-11-2024T09:28:30 - [TEST_STEP][PASSED] - else: null

15-11-2024T09:28:30 - [TEST_STEP][PASSED] - path = dataFolder + typeOfData + " за отчётный период " + b: null

15-11-2024T09:28:30 - [TEST_STEP][PASSED] - page = getText(findTestObject(path)): Text of object 'Object Repository/Выполнение бизнес-плана/Значения со страницы Выполнение бизнес-плана/План Потери за отчётный период Мариэнерго' is: '114 726'

15-11-2024T09:28:30 - [MESSAGE][PASSED] - Text of object 'Object Repository/Выполнение бизнес-плана/Значения со страницы Выполнение бизнес-плана/План Потери за отчётный период Мариэнерго' is: '114 726'

15-11-2024T09:28:30 - [TEST_STEP][PASSED] - page = page.replaceAll("\s+", ""): null

15-11-2024T09:28:30 - [TEST_STEP][PASSED] - filePoteri = poteri.toInteger(): null

15-11-2024T09:28:30 - [TEST_STEP][PASSED] - pagePoteri = page.toInteger(): null

15-11-2024T09:28:30 - [TEST_STEP][PASSED] - compare = pageOtpuskVSet: null

15-11-2024T09:28:30 - [TEST_STEP][PASSED] - if (compare == fileOtpuskVSet): null

15-11-2024T09:28:30 - [TEST_STEP][PASSED] - if (compare == fileOtpuskVSet): null

15-11-2024T09:28:30 - [TEST_STEP][PASSED] - compare = pagePoteri: null

15-11-2024T09:28:30 - [TEST_STEP][PASSED] - if (compare == filePoteri): null

15-11-2024T09:28:30 - [TEST_STEP][PASSED] - if (compare == filePoteri): null

15-11-2024T09:28:30 - [TEST_STEP][PASSED] - if (planFact == 2): Object: 'Object Repository/Выполнение бизнес-плана/Кнопка Факт' is clicked on

15-11-2024T09:28:30 - [TEST_STEP][PASSED] - click(findTestObject("Выполнение бизнес-плана/Кнопка Факт")): Object: 'Object Repository/Выполнение бизнес-плана/Кнопка Факт' is clicked on

15-11-2024T09:28:30 - [MESSAGE][PASSED] - Object: 'Object Repository/Выполнение бизнес-плана/Кнопка Факт' is clicked on

15-11-2024T09:28:30 - [TEST_STEP][PASSED] - if (a == 84 || a == 82): null

15-11-2024T09:28:30 - [TEST_STEP][PASSED] - else if (a == 52 || a == 72 || a == 28 || a == 73 || a == 77 || a == 74 || a == 65 || a == 36 || a == 44 || a == 53 || a == 80 || a == 54 || a == 1 || a == 18 || a == 59 || a == 81): null

15-11-2024T09:28:30 - [TEST_STEP][PASSED] - else: null

15-11-2024T09:28:30 - [TEST_STEP][PASSED] - page1 = getText(findTestObject("Object Repository/Выполнение бизнес-плана/spanPlan" + filialNum)): Text of object 'Object Repository/Выполнение бизнес-плана/spanPlan5' is: '8.09
|'

15-11-2024T09:28:30 - [MESSAGE][PASSED] - Text of object 'Object Repository/Выполнение бизнес-плана/spanPlan5' is: '8.09
|'

15-11-2024T09:28:30 - [TEST_STEP][PASSED] - page1 = page1.replace("|", ""): null

15-11-2024T09:28:30 - [TEST_STEP][PASSED] - page2 = getText(findTestObject("Object Repository/Выполнение бизнес-плана/spanFact" + filialNum)): Text of object 'Object Repository/Выполнение бизнес-плана/spanFact5' is: '7.79
|'

15-11-2024T09:28:31 - [MESSAGE][PASSED] - Text of object 'Object Repository/Выполнение бизнес-плана/spanFact5' is: '7.79
|'

15-11-2024T09:28:31 - [TEST_STEP][PASSED] - page2 = page2.replace("|", ""): null

15-11-2024T09:28:31 - [TEST_STEP][PASSED] - println("page1: " + page1): null

15-11-2024T09:28:31 - [TEST_STEP][PASSED] - println("page2: " + page2): null

15-11-2024T09:28:31 - [TEST_STEP][PASSED] - file = findTestData("PlanFact").getValue(4, a): null

15-11-2024T09:28:31 - [TEST_STEP][PASSED] - file = file.replace(",", "."): null

15-11-2024T09:28:31 - [TEST_STEP][PASSED] - println("file Plan: " + file): null

15-11-2024T09:28:31 - [TEST_STEP][PASSED] - typeOfData = "План в процентах": null

15-11-2024T09:28:31 - [TEST_STEP][PASSED] - fileDouble = file.toDouble(): null

15-11-2024T09:28:31 - [TEST_STEP][PASSED] - pageDouble = page1.toDouble(): null

15-11-2024T09:28:31 - [TEST_STEP][PASSED] - if (fileDouble != pageDouble): null

15-11-2024T09:28:31 - [TEST_STEP][PASSED] - file = findTestData("PlanFact").getValue(7, a): null

15-11-2024T09:28:31 - [TEST_STEP][PASSED] - file = file.replace(",", "."): null

15-11-2024T09:28:31 - [TEST_STEP][PASSED] - println("file Fact: " + file): null

15-11-2024T09:28:31 - [TEST_STEP][PASSED] - fileDouble = file.toDouble(): null

15-11-2024T09:28:31 - [TEST_STEP][PASSED] - typeOfData = "Факт в процентах": null

15-11-2024T09:28:31 - [TEST_STEP][PASSED] - fileDouble = file.toDouble(): null

15-11-2024T09:28:31 - [TEST_STEP][PASSED] - pageDouble = page2.toDouble(): null

15-11-2024T09:28:31 - [TEST_STEP][PASSED] - if (fileDouble != pageDouble): null

15-11-2024T09:28:31 - [TEST_STEP][FAILED] - if (verifyEqual(numberOfErrors, 0) == false): null

15-11-2024T09:28:31 - [MESSAGE][FAILED] - Unable to verify equal between actual object '2' and expected object '0' (Root cause: com.kms.katalon.core.exception.StepFailedException: Actual object '2' and expected object '0' are not equal
	at com.kms.katalon.core.keyword.builtin.VerifyEqualKeyword$_verifyEqual_closure1.doCall(VerifyEqualKeyword.groovy:58)
	at com.kms.katalon.core.keyword.builtin.VerifyEqualKeyword$_verifyEqual_closure1.call(VerifyEqualKeyword.groovy)
	at com.kms.katalon.core.keyword.internal.KeywordMain.runKeyword(KeywordMain.groovy:75)
	at com.kms.katalon.core.keyword.builtin.VerifyEqualKeyword.verifyEqual(VerifyEqualKeyword.groovy:63)
	at com.kms.katalon.core.keyword.builtin.VerifyEqualKeyword.execute(VerifyEqualKeyword.groovy:44)
	at com.kms.katalon.core.keyword.internal.KeywordExecutor.executeKeywordForPlatform(KeywordExecutor.groovy:74)
	at com.kms.katalon.core.keyword.BuiltinKeywords.verifyEqual(BuiltinKeywords.groovy:146)
	at jdk.internal.reflect.GeneratedMethodAccessor25.invoke(Unknown Source)
	at java.base/jdk.internal.reflect.DelegatingMethodAccessorImpl.invoke(DelegatingMethodAccessorImpl.java:43)
	at Выполнение бизнес-плана Сверка ПАО Россети все филиалы.Numbers(Выполнение бизнес-плана Сверка ПАО Россети все филиалы:740)
	at Выполнение бизнес-плана Сверка ПАО Россети все филиалы.Filials(Выполнение бизнес-плана Сверка ПАО Россети все филиалы:1397)
	at Выполнение бизнес-плана Сверка ПАО Россети все филиалы.Numbers(Выполнение бизнес-плана Сверка ПАО Россети все филиалы:745)
	at Выполнение бизнес-плана Сверка ПАО Россети все филиалы.run(Выполнение бизнес-плана Сверка ПАО Россети все филиалы:402)
	at com.kms.katalon.core.main.ScriptEngine.run(ScriptEngine.java:194)
	at com.kms.katalon.core.main.ScriptEngine.runScriptAsRawText(ScriptEngine.java:119)
	at com.kms.katalon.core.main.TestCaseExecutor.runScript(TestCaseExecutor.java:448)
	at com.kms.katalon.core.main.TestCaseExecutor.doExecute(TestCaseExecutor.java:439)
	at com.kms.katalon.core.main.TestCaseExecutor.processExecutionPhase(TestCaseExecutor.java:418)
	at com.kms.katalon.core.main.TestCaseExecutor.accessMainPhase(TestCaseExecutor.java:410)
	at com.kms.katalon.core.main.TestCaseExecutor.execute(TestCaseExecutor.java:285)
	at com.kms.katalon.core.common.CommonExecutor.accessTestCaseMainPhase(CommonExecutor.java:65)
	at com.kms.katalon.core.main.TestSuiteExecutor.accessTestSuiteMainPhase(TestSuiteExecutor.java:150)
	at com.kms.katalon.core.main.TestSuiteExecutor.execute(TestSuiteExecutor.java:106)
	at com.kms.katalon.core.main.TestCaseMain.startTestSuite(TestCaseMain.java:180)
	at TempTestSuite1731647997681.run(TempTestSuite1731647997681.groovy:35)
	at java.base/jdk.internal.reflect.NativeMethodAccessorImpl.invoke0(Native Method)
	at java.base/jdk.internal.reflect.NativeMethodAccessorImpl.invoke(NativeMethodAccessorImpl.java:77)
	at java.base/jdk.internal.reflect.DelegatingMethodAccessorImpl.invoke(DelegatingMethodAccessorImpl.java:43)
)

15-11-2024T09:28:31 - [TEST_STEP][PASSED] - println(numberOfErrors): null

15-11-2024T09:28:31 - [TEST_STEP][PASSED] - if (a == 28 || a == 77 || a == 74 || a == 65 || a == 36 || a == 44 || a == 54 || a == 1 || a == 18 || a == 59): null

15-11-2024T09:28:31 - [TEST_STEP][PASSED] - if (a == 82): null

15-11-2024T09:28:31 - [TEST_STEP][PASSED] - dZO = "Нижновэнерго": null

15-11-2024T09:28:31 - [TEST_STEP][PASSED] - a = 24: null

15-11-2024T09:28:31 - [TEST_STEP][PASSED] - if (x2.contains(dZO)): null

15-11-2024T09:28:31 - [TEST_STEP][PASSED] - filialNum = filialNum + 1: null

15-11-2024T09:28:31 - [TEST_STEP][PASSED] - Script1718980020443.Numbers(a, typeOfData, todaysDate, pageInt, fileInt, pageDouble, fileDouble, dZO, dzoNum, filialNum): null

15-11-2024T09:28:31 - [TEST_STEP][PASSED] - println(dzoNum): null

15-11-2024T09:28:31 - [TEST_STEP][PASSED] - planFact = <not implemented yet for class: org.codehaus.groovy.ast.expr.EmptyExpression>: null

15-11-2024T09:28:31 - [TEST_STEP][PASSED] - page = <not implemented yet for class: org.codehaus.groovy.ast.expr.EmptyExpression>: null

15-11-2024T09:28:31 - [TEST_STEP][PASSED] - page1 = <not implemented yet for class: org.codehaus.groovy.ast.expr.EmptyExpression>: null

15-11-2024T09:28:31 - [TEST_STEP][PASSED] - page2 = <not implemented yet for class: org.codehaus.groovy.ast.expr.EmptyExpression>: null

15-11-2024T09:28:31 - [TEST_STEP][PASSED] - filialNumberInRow = <not implemented yet for class: org.codehaus.groovy.ast.expr.EmptyExpression>: null

15-11-2024T09:28:31 - [TEST_STEP][PASSED] - filialsDzoNames = <not implemented yet for class: org.codehaus.groovy.ast.expr.EmptyExpression>: null

15-11-2024T09:28:31 - [TEST_STEP][PASSED] - numberOfFilials = <not implemented yet for class: org.codehaus.groovy.ast.expr.EmptyExpression>: null

15-11-2024T09:28:31 - [TEST_STEP][PASSED] - numberOfSpaces = <not implemented yet for class: org.codehaus.groovy.ast.expr.EmptyExpression>: null

15-11-2024T09:28:31 - [TEST_STEP][PASSED] - file = <not implemented yet for class: org.codehaus.groovy.ast.expr.EmptyExpression>: null

15-11-2024T09:28:31 - [TEST_STEP][PASSED] - otpusk = <not implemented yet for class: org.codehaus.groovy.ast.expr.EmptyExpression>: null

15-11-2024T09:28:31 - [TEST_STEP][PASSED] - poteri = <not implemented yet for class: org.codehaus.groovy.ast.expr.EmptyExpression>: null

15-11-2024T09:28:31 - [TEST_STEP][PASSED] - dataFolder = "Выполнение бизнес-плана/Значения со страницы Выполнение бизнес-плана/": null

15-11-2024T09:28:31 - [TEST_STEP][PASSED] - path = <not implemented yet for class: org.codehaus.groovy.ast.expr.EmptyExpression>: null

15-11-2024T09:28:31 - [TEST_STEP][PASSED] - typeOfDataMain = <not implemented yet for class: org.codehaus.groovy.ast.expr.EmptyExpression>: null

15-11-2024T09:28:31 - [TEST_STEP][PASSED] - fileOtpuskVSet = <not implemented yet for class: org.codehaus.groovy.ast.expr.EmptyExpression>: null

15-11-2024T09:28:31 - [TEST_STEP][PASSED] - pageOtpuskVSet = <not implemented yet for class: org.codehaus.groovy.ast.expr.EmptyExpression>: null

15-11-2024T09:28:31 - [TEST_STEP][PASSED] - filePoteri = <not implemented yet for class: org.codehaus.groovy.ast.expr.EmptyExpression>: null

15-11-2024T09:28:31 - [TEST_STEP][PASSED] - pagePoteri = <not implemented yet for class: org.codehaus.groovy.ast.expr.EmptyExpression>: null

15-11-2024T09:28:31 - [TEST_STEP][PASSED] - compare = <not implemented yet for class: org.codehaus.groovy.ast.expr.EmptyExpression>: null

15-11-2024T09:28:31 - [TEST_STEP][PASSED] - b = <not implemented yet for class: org.codehaus.groovy.ast.expr.EmptyExpression>: null

15-11-2024T09:28:31 - [TEST_STEP][PASSED] - i = <not implemented yet for class: org.codehaus.groovy.ast.expr.EmptyExpression>: null

15-11-2024T09:28:31 - [TEST_STEP][PASSED] - ii = <not implemented yet for class: org.codehaus.groovy.ast.expr.EmptyExpression>: null

15-11-2024T09:28:31 - [TEST_STEP][PASSED] - c = <not implemented yet for class: org.codehaus.groovy.ast.expr.EmptyExpression>: null

15-11-2024T09:28:31 - [TEST_STEP][PASSED] - numberOfErrors = 0: null

15-11-2024T09:28:31 - [TEST_STEP][PASSED] - if (a == 82): null

15-11-2024T09:28:31 - [TEST_STEP][PASSED] - b = findTestData("PlanFact").getValue(1, a): null

15-11-2024T09:28:31 - [TEST_STEP][PASSED] - i = b.indexOf(" (ГК)"): null

15-11-2024T09:28:31 - [TEST_STEP][PASSED] - if (i > -1): null

15-11-2024T09:28:31 - [TEST_STEP][PASSED] - i = b.indexOf("О ""): null

15-11-2024T09:28:31 - [TEST_STEP][PASSED] - if (i > -1): null

15-11-2024T09:28:31 - [TEST_STEP][PASSED] - i = b.indexOf("О «"): null

15-11-2024T09:28:31 - [TEST_STEP][PASSED] - if (i > -1): null

15-11-2024T09:28:31 - [TEST_STEP][PASSED] - i = b.indexOf("г. "): null

15-11-2024T09:28:31 - [TEST_STEP][PASSED] - if (i > -1): null

15-11-2024T09:28:31 - [TEST_STEP][PASSED] - println(b): null

15-11-2024T09:28:31 - [TEST_STEP][PASSED] - for ([planFact = 1, planFact < 3, (planFact++)]): null

15-11-2024T09:28:31 - [TEST_STEP][PASSED] - if (planFact == 1): null

15-11-2024T09:28:31 - [TEST_STEP][PASSED] - typeOfDataMain = "Факт": null

15-11-2024T09:28:31 - [TEST_STEP][PASSED] - otpusk = findTestData("PlanFact").getValue(5, a): null

15-11-2024T09:28:31 - [TEST_STEP][PASSED] - poteri = findTestData("PlanFact").getValue(6, a): null

15-11-2024T09:28:31 - [TEST_STEP][PASSED] - otpusk = otpusk.replaceAll("\s+", ""): null

15-11-2024T09:28:31 - [TEST_STEP][PASSED] - poteri = poteri.replaceAll("\s+", ""): null

15-11-2024T09:28:31 - [TEST_STEP][PASSED] - typeOfData = typeOfDataMain + " Отпуск в сеть": null

15-11-2024T09:28:31 - [TEST_STEP][PASSED] - if (a == 82): null

15-11-2024T09:28:31 - [TEST_STEP][PASSED] - else if (a == 84): null

15-11-2024T09:28:31 - [TEST_STEP][PASSED] - else if (a == 52 || a == 72 || a == 28 || a == 73 || a == 77 || a == 74 || a == 65 || a == 36 || a == 44 || a == 53 || a == 80 || a == 54 || a == 1 || a == 18 || a == 59 || a == 81): null

15-11-2024T09:28:31 - [TEST_STEP][PASSED] - else: null

15-11-2024T09:28:31 - [TEST_STEP][PASSED] - path = dataFolder + typeOfData + " за отчётный период " + b: null

15-11-2024T09:28:31 - [TEST_STEP][PASSED] - println(path): null

15-11-2024T09:28:31 - [TEST_STEP][PASSED] - page = getText(findTestObject(path)): Text of object 'Object Repository/Выполнение бизнес-плана/Значения со страницы Выполнение бизнес-плана/Факт Отпуск в сеть за отчётный период Нижновэнерго' is: '6 256 622'

15-11-2024T09:28:31 - [MESSAGE][PASSED] - Text of object 'Object Repository/Выполнение бизнес-плана/Значения со страницы Выполнение бизнес-плана/Факт Отпуск в сеть за отчётный период Нижновэнерго' is: '6 256 622'

15-11-2024T09:28:31 - [TEST_STEP][PASSED] - page = page.replaceAll("\s+", ""): null

15-11-2024T09:28:31 - [TEST_STEP][PASSED] - fileOtpuskVSet = otpusk.toInteger(): null

15-11-2024T09:28:31 - [TEST_STEP][PASSED] - pageOtpuskVSet = page.toInteger(): null

15-11-2024T09:28:31 - [TEST_STEP][PASSED] - typeOfData = typeOfDataMain + " Потери": null

15-11-2024T09:28:31 - [TEST_STEP][PASSED] - if (a == 82): null

15-11-2024T09:28:31 - [TEST_STEP][PASSED] - else if (a == 84): null

15-11-2024T09:28:31 - [TEST_STEP][PASSED] - else if (a == 52 || a == 72 || a == 28 || a == 73 || a == 77 || a == 74 || a == 65 || a == 36 || a == 44 || a == 53 || a == 80 || a == 54 || a == 1 || a == 18 || a == 59 || a == 81): null

15-11-2024T09:28:31 - [TEST_STEP][PASSED] - else: null

15-11-2024T09:28:31 - [TEST_STEP][PASSED] - path = dataFolder + typeOfData + " за отчётный период " + b: null

15-11-2024T09:28:31 - [TEST_STEP][PASSED] - page = getText(findTestObject(path)): Text of object 'Object Repository/Выполнение бизнес-плана/Значения со страницы Выполнение бизнес-плана/Факт Потери за отчётный период Нижновэнерго' is: '4 849 854'

15-11-2024T09:28:32 - [MESSAGE][PASSED] - Text of object 'Object Repository/Выполнение бизнес-плана/Значения со страницы Выполнение бизнес-плана/Факт Потери за отчётный период Нижновэнерго' is: '4 849 854'

15-11-2024T09:28:32 - [TEST_STEP][PASSED] - page = page.replaceAll("\s+", ""): null

15-11-2024T09:28:32 - [TEST_STEP][PASSED] - filePoteri = poteri.toInteger(): null

15-11-2024T09:28:32 - [TEST_STEP][PASSED] - pagePoteri = page.toInteger(): null

15-11-2024T09:28:32 - [TEST_STEP][PASSED] - compare = pageOtpuskVSet: null

15-11-2024T09:28:32 - [TEST_STEP][PASSED] - if (compare == fileOtpuskVSet): null

15-11-2024T09:28:32 - [TEST_STEP][PASSED] - else if (compare > fileOtpuskVSet): null

15-11-2024T09:28:32 - [TEST_STEP][PASSED] - else if (compare < fileOtpuskVSet): null

15-11-2024T09:28:32 - [TEST_STEP][PASSED] - compare = compare + 1: null

15-11-2024T09:28:32 - [TEST_STEP][PASSED] - if (compare == fileOtpuskVSet): null

15-11-2024T09:28:32 - [TEST_STEP][PASSED] - else: null

15-11-2024T09:28:32 - [TEST_STEP][PASSED] - numberOfErrors = numberOfErrors + 1: null

15-11-2024T09:28:32 - [TEST_STEP][PASSED] - pageInt = pageOtpuskVSet: null

15-11-2024T09:28:32 - [TEST_STEP][PASSED] - fileInt = fileOtpuskVSet: null

15-11-2024T09:28:32 - [TEST_STEP][PASSED] - typeOfData = typeOfDataMain + " Отпуск в сеть": null

15-11-2024T09:28:32 - [TEST_STEP][PASSED] - Script1718980020443.WriteToExcel(a, typeOfData, todaysDate, pageInt, fileInt, pageDouble, fileDouble, dZO): null

15-11-2024T09:28:32 - [TEST_STEP][PASSED] - sheetName = "Sheet1": null

15-11-2024T09:28:32 - [TEST_STEP][PASSED] - data = findTestData("PlanFact"): null

15-11-2024T09:28:32 - [TEST_STEP][PASSED] - n = data.getRowNumbers() + 1: null

15-11-2024T09:28:32 - [TEST_STEP][PASSED] - year = todaysDate.substring(todaysDate.length() - 4, todaysDate.length()): null

15-11-2024T09:28:32 - [TEST_STEP][PASSED] - y = year.toInteger(): null

15-11-2024T09:28:32 - [TEST_STEP][PASSED] - m = getText(findTestObject("Выполнение бизнес-плана/Период")): Text of object 'Object Repository/Выполнение бизнес-плана/Период' is: '1, 2, 3 кв. 2024 года'

15-11-2024T09:28:32 - [MESSAGE][PASSED] - Text of object 'Object Repository/Выполнение бизнес-плана/Период' is: '1, 2, 3 кв. 2024 года'

15-11-2024T09:28:32 - [TEST_STEP][PASSED] - m = m.substring(0, m.indexOf("2024")): null

15-11-2024T09:28:32 - [TEST_STEP][PASSED] - m = m.trim(): null

15-11-2024T09:28:32 - [TEST_STEP][PASSED] - dashboardName = "Выполнение бизнес-плана": null

15-11-2024T09:28:32 - [TEST_STEP][PASSED] - workbook01 = getWorkbook(excelFilePath): null

15-11-2024T09:28:32 - [TEST_STEP][PASSED] - sheet01 = getExcelSheet(workbook01, sheetName): null

15-11-2024T09:28:32 - [TEST_STEP][PASSED] - setValueToCellByIndex(sheet01, n, 0, dashboardName): null

15-11-2024T09:28:32 - [TEST_STEP][PASSED] - setValueToCellByIndex(sheet01, n, 1, dZO): null

15-11-2024T09:28:32 - [TEST_STEP][PASSED] - setValueToCellByIndex(sheet01, n, 2, typeOfData): null

15-11-2024T09:28:32 - [TEST_STEP][PASSED] - if (typeOfData == "Факт в процентах" || typeOfData == "План в процентах"): null

15-11-2024T09:28:32 - [TEST_STEP][PASSED] - else: null

15-11-2024T09:28:32 - [TEST_STEP][PASSED] - setValueToCellByIndex(sheet01, n, 3, fileInt): null

15-11-2024T09:28:32 - [TEST_STEP][PASSED] - setValueToCellByIndex(sheet01, n, 4, pageInt): null

15-11-2024T09:28:32 - [TEST_STEP][PASSED] - setValueToCellByIndex(sheet01, n, 5, m): null

15-11-2024T09:28:32 - [TEST_STEP][PASSED] - setValueToCellByIndex(sheet01, n, 6, y): null

15-11-2024T09:28:32 - [TEST_STEP][PASSED] - setValueToCellByIndex(sheet01, n, 7, todaysDate): null

15-11-2024T09:28:32 - [TEST_STEP][PASSED] - n = n + 1: null

15-11-2024T09:28:32 - [TEST_STEP][PASSED] - saveWorkbook(excelFilePath, workbook01): null

15-11-2024T09:28:32 - [TEST_STEP][PASSED] - compare = pagePoteri: null

15-11-2024T09:28:32 - [TEST_STEP][PASSED] - if (compare == filePoteri): null

15-11-2024T09:28:32 - [TEST_STEP][PASSED] - else if (compare > filePoteri): null

15-11-2024T09:28:32 - [TEST_STEP][PASSED] - compare = compare - 1: null

15-11-2024T09:28:32 - [TEST_STEP][PASSED] - if (compare == filePoteri): null

15-11-2024T09:28:32 - [TEST_STEP][PASSED] - else: null

15-11-2024T09:28:32 - [TEST_STEP][PASSED] - numberOfErrors = numberOfErrors + 1: null

15-11-2024T09:28:32 - [TEST_STEP][PASSED] - pageInt = pagePoteri: null

15-11-2024T09:28:32 - [TEST_STEP][PASSED] - fileInt = filePoteri: null

15-11-2024T09:28:32 - [TEST_STEP][PASSED] - typeOfData = typeOfDataMain + " Потери": null

15-11-2024T09:28:32 - [TEST_STEP][PASSED] - Script1718980020443.WriteToExcel(a, typeOfData, todaysDate, pageInt, fileInt, pageDouble, fileDouble, dZO): null

15-11-2024T09:28:32 - [TEST_STEP][PASSED] - sheetName = "Sheet1": null

15-11-2024T09:28:32 - [TEST_STEP][PASSED] - data = findTestData("PlanFact"): null

15-11-2024T09:28:32 - [TEST_STEP][PASSED] - n = data.getRowNumbers() + 1: null

15-11-2024T09:28:32 - [TEST_STEP][PASSED] - year = todaysDate.substring(todaysDate.length() - 4, todaysDate.length()): null

15-11-2024T09:28:32 - [TEST_STEP][PASSED] - y = year.toInteger(): null

15-11-2024T09:28:32 - [TEST_STEP][PASSED] - m = getText(findTestObject("Выполнение бизнес-плана/Период")): Text of object 'Object Repository/Выполнение бизнес-плана/Период' is: '1, 2, 3 кв. 2024 года'

15-11-2024T09:28:33 - [MESSAGE][PASSED] - Text of object 'Object Repository/Выполнение бизнес-плана/Период' is: '1, 2, 3 кв. 2024 года'

15-11-2024T09:28:33 - [TEST_STEP][PASSED] - m = m.substring(0, m.indexOf("2024")): null

15-11-2024T09:28:33 - [TEST_STEP][PASSED] - m = m.trim(): null

15-11-2024T09:28:33 - [TEST_STEP][PASSED] - dashboardName = "Выполнение бизнес-плана": null

15-11-2024T09:28:33 - [TEST_STEP][PASSED] - workbook01 = getWorkbook(excelFilePath): null

15-11-2024T09:28:33 - [TEST_STEP][PASSED] - sheet01 = getExcelSheet(workbook01, sheetName): null

15-11-2024T09:28:33 - [TEST_STEP][PASSED] - setValueToCellByIndex(sheet01, n, 0, dashboardName): null

15-11-2024T09:28:33 - [TEST_STEP][PASSED] - setValueToCellByIndex(sheet01, n, 1, dZO): null

15-11-2024T09:28:33 - [TEST_STEP][PASSED] - setValueToCellByIndex(sheet01, n, 2, typeOfData): null

15-11-2024T09:28:33 - [TEST_STEP][PASSED] - if (typeOfData == "Факт в процентах" || typeOfData == "План в процентах"): null

15-11-2024T09:28:33 - [TEST_STEP][PASSED] - else: null

15-11-2024T09:28:33 - [TEST_STEP][PASSED] - setValueToCellByIndex(sheet01, n, 3, fileInt): null

15-11-2024T09:28:33 - [TEST_STEP][PASSED] - setValueToCellByIndex(sheet01, n, 4, pageInt): null

15-11-2024T09:28:33 - [TEST_STEP][PASSED] - setValueToCellByIndex(sheet01, n, 5, m): null

15-11-2024T09:28:33 - [TEST_STEP][PASSED] - setValueToCellByIndex(sheet01, n, 6, y): null

15-11-2024T09:28:33 - [TEST_STEP][PASSED] - setValueToCellByIndex(sheet01, n, 7, todaysDate): null

15-11-2024T09:28:33 - [TEST_STEP][PASSED] - n = n + 1: null

15-11-2024T09:28:33 - [TEST_STEP][PASSED] - saveWorkbook(excelFilePath, workbook01): Object: 'Object Repository/Выполнение бизнес-плана/Кнопка Факт' is clicked on

15-11-2024T09:28:33 - [TEST_STEP][PASSED] - if (planFact == 2): null

15-11-2024T09:28:33 - [TEST_STEP][PASSED] - if (planFact == 1): null

15-11-2024T09:28:33 - [TEST_STEP][PASSED] - else if (planFact == 2): null

15-11-2024T09:28:33 - [TEST_STEP][PASSED] - click(findTestObject("Выполнение бизнес-плана/Кнопка План")): Object: 'Object Repository/Выполнение бизнес-плана/Кнопка План' is clicked on

15-11-2024T09:28:33 - [MESSAGE][PASSED] - Object: 'Object Repository/Выполнение бизнес-плана/Кнопка План' is clicked on

15-11-2024T09:28:33 - [TEST_STEP][PASSED] - typeOfDataMain = "План": null

15-11-2024T09:28:33 - [TEST_STEP][PASSED] - otpusk = findTestData("PlanFact").getValue(2, a): null

15-11-2024T09:28:33 - [TEST_STEP][PASSED] - poteri = findTestData("PlanFact").getValue(3, a): null

15-11-2024T09:28:34 - [TEST_STEP][PASSED] - otpusk = otpusk.replaceAll("\s+", ""): null

15-11-2024T09:28:34 - [TEST_STEP][PASSED] - poteri = poteri.replaceAll("\s+", ""): null

15-11-2024T09:28:34 - [TEST_STEP][PASSED] - typeOfData = typeOfDataMain + " Отпуск в сеть": null

15-11-2024T09:28:34 - [TEST_STEP][PASSED] - if (a == 82): null

15-11-2024T09:28:34 - [TEST_STEP][PASSED] - else if (a == 84): null

15-11-2024T09:28:34 - [TEST_STEP][PASSED] - else if (a == 52 || a == 72 || a == 28 || a == 73 || a == 77 || a == 74 || a == 65 || a == 36 || a == 44 || a == 53 || a == 80 || a == 54 || a == 1 || a == 18 || a == 59 || a == 81): null

15-11-2024T09:28:34 - [TEST_STEP][PASSED] - else: null

15-11-2024T09:28:34 - [TEST_STEP][PASSED] - path = dataFolder + typeOfData + " за отчётный период " + b: null

15-11-2024T09:28:34 - [TEST_STEP][PASSED] - println(path): null

15-11-2024T09:28:34 - [TEST_STEP][PASSED] - page = getText(findTestObject(path)): Text of object 'Object Repository/Выполнение бизнес-плана/Значения со страницы Выполнение бизнес-плана/План Отпуск в сеть за отчётный период Нижновэнерго' is: '9 157 487'

15-11-2024T09:28:34 - [MESSAGE][PASSED] - Text of object 'Object Repository/Выполнение бизнес-плана/Значения со страницы Выполнение бизнес-плана/План Отпуск в сеть за отчётный период Нижновэнерго' is: '9 157 487'

15-11-2024T09:28:34 - [TEST_STEP][PASSED] - page = page.replaceAll("\s+", ""): null

15-11-2024T09:28:34 - [TEST_STEP][PASSED] - fileOtpuskVSet = otpusk.toInteger(): null

15-11-2024T09:28:34 - [TEST_STEP][PASSED] - pageOtpuskVSet = page.toInteger(): null

15-11-2024T09:28:34 - [TEST_STEP][PASSED] - typeOfData = typeOfDataMain + " Потери": null

15-11-2024T09:28:34 - [TEST_STEP][PASSED] - if (a == 82): null

15-11-2024T09:28:34 - [TEST_STEP][PASSED] - else if (a == 84): null

15-11-2024T09:28:34 - [TEST_STEP][PASSED] - else if (a == 52 || a == 72 || a == 28 || a == 73 || a == 77 || a == 74 || a == 65 || a == 36 || a == 44 || a == 53 || a == 80 || a == 54 || a == 1 || a == 18 || a == 59 || a == 81): null

15-11-2024T09:28:34 - [TEST_STEP][PASSED] - else: null

15-11-2024T09:28:34 - [TEST_STEP][PASSED] - path = dataFolder + typeOfData + " за отчётный период " + b: null

15-11-2024T09:28:34 - [TEST_STEP][PASSED] - page = getText(findTestObject(path)): Text of object 'Object Repository/Выполнение бизнес-плана/Значения со страницы Выполнение бизнес-плана/План Потери за отчётный период Нижновэнерго' is: '751 132'

15-11-2024T09:28:34 - [MESSAGE][PASSED] - Text of object 'Object Repository/Выполнение бизнес-плана/Значения со страницы Выполнение бизнес-плана/План Потери за отчётный период Нижновэнерго' is: '751 132'

15-11-2024T09:28:34 - [TEST_STEP][PASSED] - page = page.replaceAll("\s+", ""): null

15-11-2024T09:28:34 - [TEST_STEP][PASSED] - filePoteri = poteri.toInteger(): null

15-11-2024T09:28:34 - [TEST_STEP][PASSED] - pagePoteri = page.toInteger(): null

15-11-2024T09:28:34 - [TEST_STEP][PASSED] - compare = pageOtpuskVSet: null

15-11-2024T09:28:34 - [TEST_STEP][PASSED] - if (compare == fileOtpuskVSet): null

15-11-2024T09:28:34 - [TEST_STEP][PASSED] - if (compare == fileOtpuskVSet): null

15-11-2024T09:28:34 - [TEST_STEP][PASSED] - compare = pagePoteri: null

15-11-2024T09:28:34 - [TEST_STEP][PASSED] - if (compare == filePoteri): null

15-11-2024T09:28:34 - [TEST_STEP][PASSED] - if (compare == filePoteri): null

15-11-2024T09:28:34 - [TEST_STEP][PASSED] - if (planFact == 2): Object: 'Object Repository/Выполнение бизнес-плана/Кнопка Факт' is clicked on

15-11-2024T09:28:34 - [TEST_STEP][PASSED] - click(findTestObject("Выполнение бизнес-плана/Кнопка Факт")): Object: 'Object Repository/Выполнение бизнес-плана/Кнопка Факт' is clicked on

15-11-2024T09:28:34 - [MESSAGE][PASSED] - Object: 'Object Repository/Выполнение бизнес-плана/Кнопка Факт' is clicked on

15-11-2024T09:28:34 - [TEST_STEP][PASSED] - if (a == 84 || a == 82): null

15-11-2024T09:28:34 - [TEST_STEP][PASSED] - else if (a == 52 || a == 72 || a == 28 || a == 73 || a == 77 || a == 74 || a == 65 || a == 36 || a == 44 || a == 53 || a == 80 || a == 54 || a == 1 || a == 18 || a == 59 || a == 81): null

15-11-2024T09:28:34 - [TEST_STEP][PASSED] - else: null

15-11-2024T09:28:34 - [TEST_STEP][PASSED] - page1 = getText(findTestObject("Object Repository/Выполнение бизнес-плана/spanPlan" + filialNum)): Text of object 'Object Repository/Выполнение бизнес-плана/spanPlan6' is: '8.20
|'

15-11-2024T09:28:35 - [MESSAGE][PASSED] - Text of object 'Object Repository/Выполнение бизнес-плана/spanPlan6' is: '8.20
|'

15-11-2024T09:28:35 - [TEST_STEP][PASSED] - page1 = page1.replace("|", ""): null

15-11-2024T09:28:35 - [TEST_STEP][PASSED] - page2 = getText(findTestObject("Object Repository/Выполнение бизнес-плана/spanFact" + filialNum)): Text of object 'Object Repository/Выполнение бизнес-плана/spanFact6' is: '8.34
|'

15-11-2024T09:28:35 - [MESSAGE][PASSED] - Text of object 'Object Repository/Выполнение бизнес-плана/spanFact6' is: '8.34
|'

15-11-2024T09:28:35 - [TEST_STEP][PASSED] - page2 = page2.replace("|", ""): null

15-11-2024T09:28:35 - [TEST_STEP][PASSED] - println("page1: " + page1): null

15-11-2024T09:28:35 - [TEST_STEP][PASSED] - println("page2: " + page2): null

15-11-2024T09:28:35 - [TEST_STEP][PASSED] - file = findTestData("PlanFact").getValue(4, a): null

15-11-2024T09:28:35 - [TEST_STEP][PASSED] - file = file.replace(",", "."): null

15-11-2024T09:28:35 - [TEST_STEP][PASSED] - println("file Plan: " + file): null

15-11-2024T09:28:35 - [TEST_STEP][PASSED] - typeOfData = "План в процентах": null

15-11-2024T09:28:35 - [TEST_STEP][PASSED] - fileDouble = file.toDouble(): null

15-11-2024T09:28:35 - [TEST_STEP][PASSED] - pageDouble = page1.toDouble(): null

15-11-2024T09:28:35 - [TEST_STEP][PASSED] - if (fileDouble != pageDouble): null

15-11-2024T09:28:35 - [TEST_STEP][PASSED] - file = findTestData("PlanFact").getValue(7, a): null

15-11-2024T09:28:35 - [TEST_STEP][PASSED] - file = file.replace(",", "."): null

15-11-2024T09:28:35 - [TEST_STEP][PASSED] - println("file Fact: " + file): null

15-11-2024T09:28:35 - [TEST_STEP][PASSED] - fileDouble = file.toDouble(): null

15-11-2024T09:28:35 - [TEST_STEP][PASSED] - typeOfData = "Факт в процентах": null

15-11-2024T09:28:35 - [TEST_STEP][PASSED] - fileDouble = file.toDouble(): null

15-11-2024T09:28:35 - [TEST_STEP][PASSED] - pageDouble = page2.toDouble(): null

15-11-2024T09:28:35 - [TEST_STEP][PASSED] - if (fileDouble != pageDouble): null

15-11-2024T09:28:35 - [TEST_STEP][FAILED] - if (verifyEqual(numberOfErrors, 0) == false): null

15-11-2024T09:28:35 - [MESSAGE][FAILED] - Unable to verify equal between actual object '2' and expected object '0' (Root cause: com.kms.katalon.core.exception.StepFailedException: Actual object '2' and expected object '0' are not equal
	at com.kms.katalon.core.keyword.builtin.VerifyEqualKeyword$_verifyEqual_closure1.doCall(VerifyEqualKeyword.groovy:58)
	at com.kms.katalon.core.keyword.builtin.VerifyEqualKeyword$_verifyEqual_closure1.call(VerifyEqualKeyword.groovy)
	at com.kms.katalon.core.keyword.internal.KeywordMain.runKeyword(KeywordMain.groovy:75)
	at com.kms.katalon.core.keyword.builtin.VerifyEqualKeyword.verifyEqual(VerifyEqualKeyword.groovy:63)
	at com.kms.katalon.core.keyword.builtin.VerifyEqualKeyword.execute(VerifyEqualKeyword.groovy:44)
	at com.kms.katalon.core.keyword.internal.KeywordExecutor.executeKeywordForPlatform(KeywordExecutor.groovy:74)
	at com.kms.katalon.core.keyword.BuiltinKeywords.verifyEqual(BuiltinKeywords.groovy:146)
	at jdk.internal.reflect.GeneratedMethodAccessor25.invoke(Unknown Source)
	at java.base/jdk.internal.reflect.DelegatingMethodAccessorImpl.invoke(DelegatingMethodAccessorImpl.java:43)
	at Выполнение бизнес-плана Сверка ПАО Россети все филиалы.Numbers(Выполнение бизнес-плана Сверка ПАО Россети все филиалы:740)
	at Выполнение бизнес-плана Сверка ПАО Россети все филиалы.Filials(Выполнение бизнес-плана Сверка ПАО Россети все филиалы:1409)
	at Выполнение бизнес-плана Сверка ПАО Россети все филиалы.Numbers(Выполнение бизнес-плана Сверка ПАО Россети все филиалы:745)
	at Выполнение бизнес-плана Сверка ПАО Россети все филиалы.run(Выполнение бизнес-плана Сверка ПАО Россети все филиалы:402)
	at com.kms.katalon.core.main.ScriptEngine.run(ScriptEngine.java:194)
	at com.kms.katalon.core.main.ScriptEngine.runScriptAsRawText(ScriptEngine.java:119)
	at com.kms.katalon.core.main.TestCaseExecutor.runScript(TestCaseExecutor.java:448)
	at com.kms.katalon.core.main.TestCaseExecutor.doExecute(TestCaseExecutor.java:439)
	at com.kms.katalon.core.main.TestCaseExecutor.processExecutionPhase(TestCaseExecutor.java:418)
	at com.kms.katalon.core.main.TestCaseExecutor.accessMainPhase(TestCaseExecutor.java:410)
	at com.kms.katalon.core.main.TestCaseExecutor.execute(TestCaseExecutor.java:285)
	at com.kms.katalon.core.common.CommonExecutor.accessTestCaseMainPhase(CommonExecutor.java:65)
	at com.kms.katalon.core.main.TestSuiteExecutor.accessTestSuiteMainPhase(TestSuiteExecutor.java:150)
	at com.kms.katalon.core.main.TestSuiteExecutor.execute(TestSuiteExecutor.java:106)
	at com.kms.katalon.core.main.TestCaseMain.startTestSuite(TestCaseMain.java:180)
	at TempTestSuite1731647997681.run(TempTestSuite1731647997681.groovy:35)
	at java.base/jdk.internal.reflect.NativeMethodAccessorImpl.invoke0(Native Method)
	at java.base/jdk.internal.reflect.NativeMethodAccessorImpl.invoke(NativeMethodAccessorImpl.java:77)
	at java.base/jdk.internal.reflect.DelegatingMethodAccessorImpl.invoke(DelegatingMethodAccessorImpl.java:43)
)

15-11-2024T09:28:35 - [TEST_STEP][PASSED] - println(numberOfErrors): null

15-11-2024T09:28:35 - [TEST_STEP][PASSED] - if (a == 28 || a == 77 || a == 74 || a == 65 || a == 36 || a == 44 || a == 54 || a == 1 || a == 18 || a == 59): null

15-11-2024T09:28:35 - [TEST_STEP][PASSED] - if (a == 82): null

15-11-2024T09:28:35 - [TEST_STEP][PASSED] - dZO = "Рязаньэнерго": null

15-11-2024T09:28:35 - [TEST_STEP][PASSED] - a = 25: null

15-11-2024T09:28:35 - [TEST_STEP][PASSED] - if (x2.contains(dZO)): null

15-11-2024T09:28:35 - [TEST_STEP][PASSED] - filialNum = filialNum + 1: null

15-11-2024T09:28:35 - [TEST_STEP][PASSED] - Script1718980020443.Numbers(a, typeOfData, todaysDate, pageInt, fileInt, pageDouble, fileDouble, dZO, dzoNum, filialNum): null

15-11-2024T09:28:35 - [TEST_STEP][PASSED] - println(dzoNum): null

15-11-2024T09:28:35 - [TEST_STEP][PASSED] - planFact = <not implemented yet for class: org.codehaus.groovy.ast.expr.EmptyExpression>: null

15-11-2024T09:28:35 - [TEST_STEP][PASSED] - page = <not implemented yet for class: org.codehaus.groovy.ast.expr.EmptyExpression>: null

15-11-2024T09:28:35 - [TEST_STEP][PASSED] - page1 = <not implemented yet for class: org.codehaus.groovy.ast.expr.EmptyExpression>: null

15-11-2024T09:28:35 - [TEST_STEP][PASSED] - page2 = <not implemented yet for class: org.codehaus.groovy.ast.expr.EmptyExpression>: null

15-11-2024T09:28:35 - [TEST_STEP][PASSED] - filialNumberInRow = <not implemented yet for class: org.codehaus.groovy.ast.expr.EmptyExpression>: null

15-11-2024T09:28:35 - [TEST_STEP][PASSED] - filialsDzoNames = <not implemented yet for class: org.codehaus.groovy.ast.expr.EmptyExpression>: null

15-11-2024T09:28:35 - [TEST_STEP][PASSED] - numberOfFilials = <not implemented yet for class: org.codehaus.groovy.ast.expr.EmptyExpression>: null

15-11-2024T09:28:35 - [TEST_STEP][PASSED] - numberOfSpaces = <not implemented yet for class: org.codehaus.groovy.ast.expr.EmptyExpression>: null

15-11-2024T09:28:35 - [TEST_STEP][PASSED] - file = <not implemented yet for class: org.codehaus.groovy.ast.expr.EmptyExpression>: null

15-11-2024T09:28:35 - [TEST_STEP][PASSED] - otpusk = <not implemented yet for class: org.codehaus.groovy.ast.expr.EmptyExpression>: null

15-11-2024T09:28:35 - [TEST_STEP][PASSED] - poteri = <not implemented yet for class: org.codehaus.groovy.ast.expr.EmptyExpression>: null

15-11-2024T09:28:35 - [TEST_STEP][PASSED] - dataFolder = "Выполнение бизнес-плана/Значения со страницы Выполнение бизнес-плана/": null

15-11-2024T09:28:35 - [TEST_STEP][PASSED] - path = <not implemented yet for class: org.codehaus.groovy.ast.expr.EmptyExpression>: null

15-11-2024T09:28:35 - [TEST_STEP][PASSED] - typeOfDataMain = <not implemented yet for class: org.codehaus.groovy.ast.expr.EmptyExpression>: null

15-11-2024T09:28:35 - [TEST_STEP][PASSED] - fileOtpuskVSet = <not implemented yet for class: org.codehaus.groovy.ast.expr.EmptyExpression>: null

15-11-2024T09:28:35 - [TEST_STEP][PASSED] - pageOtpuskVSet = <not implemented yet for class: org.codehaus.groovy.ast.expr.EmptyExpression>: null

15-11-2024T09:28:35 - [TEST_STEP][PASSED] - filePoteri = <not implemented yet for class: org.codehaus.groovy.ast.expr.EmptyExpression>: null

15-11-2024T09:28:35 - [TEST_STEP][PASSED] - pagePoteri = <not implemented yet for class: org.codehaus.groovy.ast.expr.EmptyExpression>: null

15-11-2024T09:28:35 - [TEST_STEP][PASSED] - compare = <not implemented yet for class: org.codehaus.groovy.ast.expr.EmptyExpression>: null

15-11-2024T09:28:35 - [TEST_STEP][PASSED] - b = <not implemented yet for class: org.codehaus.groovy.ast.expr.EmptyExpression>: null

15-11-2024T09:28:35 - [TEST_STEP][PASSED] - i = <not implemented yet for class: org.codehaus.groovy.ast.expr.EmptyExpression>: null

15-11-2024T09:28:35 - [TEST_STEP][PASSED] - ii = <not implemented yet for class: org.codehaus.groovy.ast.expr.EmptyExpression>: null

15-11-2024T09:28:35 - [TEST_STEP][PASSED] - c = <not implemented yet for class: org.codehaus.groovy.ast.expr.EmptyExpression>: null

15-11-2024T09:28:35 - [TEST_STEP][PASSED] - numberOfErrors = 0: null

15-11-2024T09:28:35 - [TEST_STEP][PASSED] - if (a == 82): null

15-11-2024T09:28:35 - [TEST_STEP][PASSED] - b = findTestData("PlanFact").getValue(1, a): null

15-11-2024T09:28:35 - [TEST_STEP][PASSED] - i = b.indexOf(" (ГК)"): null

15-11-2024T09:28:35 - [TEST_STEP][PASSED] - if (i > -1): null

15-11-2024T09:28:35 - [TEST_STEP][PASSED] - i = b.indexOf("О ""): null

15-11-2024T09:28:35 - [TEST_STEP][PASSED] - if (i > -1): null

15-11-2024T09:28:35 - [TEST_STEP][PASSED] - i = b.indexOf("О «"): null

15-11-2024T09:28:35 - [TEST_STEP][PASSED] - if (i > -1): null

15-11-2024T09:28:35 - [TEST_STEP][PASSED] - i = b.indexOf("г. "): null

15-11-2024T09:28:35 - [TEST_STEP][PASSED] - if (i > -1): null

15-11-2024T09:28:35 - [TEST_STEP][PASSED] - println(b): null

15-11-2024T09:28:35 - [TEST_STEP][PASSED] - for ([planFact = 1, planFact < 3, (planFact++)]): null

15-11-2024T09:28:35 - [TEST_STEP][PASSED] - if (planFact == 1): null

15-11-2024T09:28:35 - [TEST_STEP][PASSED] - typeOfDataMain = "Факт": null

15-11-2024T09:28:35 - [TEST_STEP][PASSED] - otpusk = findTestData("PlanFact").getValue(5, a): null

15-11-2024T09:28:35 - [TEST_STEP][PASSED] - poteri = findTestData("PlanFact").getValue(6, a): null

15-11-2024T09:28:35 - [TEST_STEP][PASSED] - otpusk = otpusk.replaceAll("\s+", ""): null

15-11-2024T09:28:35 - [TEST_STEP][PASSED] - poteri = poteri.replaceAll("\s+", ""): null

15-11-2024T09:28:35 - [TEST_STEP][PASSED] - typeOfData = typeOfDataMain + " Отпуск в сеть": null

15-11-2024T09:28:35 - [TEST_STEP][PASSED] - if (a == 82): null

15-11-2024T09:28:35 - [TEST_STEP][PASSED] - else if (a == 84): null

15-11-2024T09:28:35 - [TEST_STEP][PASSED] - else if (a == 52 || a == 72 || a == 28 || a == 73 || a == 77 || a == 74 || a == 65 || a == 36 || a == 44 || a == 53 || a == 80 || a == 54 || a == 1 || a == 18 || a == 59 || a == 81): null

15-11-2024T09:28:35 - [TEST_STEP][PASSED] - else: null

15-11-2024T09:28:35 - [TEST_STEP][PASSED] - path = dataFolder + typeOfData + " за отчётный период " + b: null

15-11-2024T09:28:35 - [TEST_STEP][PASSED] - println(path): null

15-11-2024T09:28:35 - [TEST_STEP][PASSED] - page = getText(findTestObject(path)): Text of object 'Object Repository/Выполнение бизнес-плана/Значения со страницы Выполнение бизнес-плана/Факт Отпуск в сеть за отчётный период Рязаньэнерго' is: '3 034 612'

15-11-2024T09:28:36 - [MESSAGE][PASSED] - Text of object 'Object Repository/Выполнение бизнес-плана/Значения со страницы Выполнение бизнес-плана/Факт Отпуск в сеть за отчётный период Рязаньэнерго' is: '3 034 612'

15-11-2024T09:28:36 - [TEST_STEP][PASSED] - page = page.replaceAll("\s+", ""): null

15-11-2024T09:28:36 - [TEST_STEP][PASSED] - fileOtpuskVSet = otpusk.toInteger(): null

15-11-2024T09:28:36 - [TEST_STEP][PASSED] - pageOtpuskVSet = page.toInteger(): null

15-11-2024T09:28:36 - [TEST_STEP][PASSED] - typeOfData = typeOfDataMain + " Потери": null

15-11-2024T09:28:36 - [TEST_STEP][PASSED] - if (a == 82): null

15-11-2024T09:28:36 - [TEST_STEP][PASSED] - else if (a == 84): null

15-11-2024T09:28:36 - [TEST_STEP][PASSED] - else if (a == 52 || a == 72 || a == 28 || a == 73 || a == 77 || a == 74 || a == 65 || a == 36 || a == 44 || a == 53 || a == 80 || a == 54 || a == 1 || a == 18 || a == 59 || a == 81): null

15-11-2024T09:28:36 - [TEST_STEP][PASSED] - else: null

15-11-2024T09:28:36 - [TEST_STEP][PASSED] - path = dataFolder + typeOfData + " за отчётный период " + b: null

15-11-2024T09:28:36 - [TEST_STEP][PASSED] - page = getText(findTestObject(path)): Text of object 'Object Repository/Выполнение бизнес-плана/Значения со страницы Выполнение бизнес-плана/Факт Потери за отчётный период Рязаньэнерго' is: '5 818 614'

15-11-2024T09:28:36 - [MESSAGE][PASSED] - Text of object 'Object Repository/Выполнение бизнес-плана/Значения со страницы Выполнение бизнес-плана/Факт Потери за отчётный период Рязаньэнерго' is: '5 818 614'

15-11-2024T09:28:36 - [TEST_STEP][PASSED] - page = page.replaceAll("\s+", ""): null

15-11-2024T09:28:36 - [TEST_STEP][PASSED] - filePoteri = poteri.toInteger(): null

15-11-2024T09:28:36 - [TEST_STEP][PASSED] - pagePoteri = page.toInteger(): null

15-11-2024T09:28:36 - [TEST_STEP][PASSED] - compare = pageOtpuskVSet: null

15-11-2024T09:28:36 - [TEST_STEP][PASSED] - if (compare == fileOtpuskVSet): null

15-11-2024T09:28:36 - [TEST_STEP][PASSED] - else if (compare > fileOtpuskVSet): null

15-11-2024T09:28:36 - [TEST_STEP][PASSED] - else if (compare < fileOtpuskVSet): null

15-11-2024T09:28:36 - [TEST_STEP][PASSED] - compare = compare + 1: null

15-11-2024T09:28:36 - [TEST_STEP][PASSED] - if (compare == fileOtpuskVSet): null

15-11-2024T09:28:36 - [TEST_STEP][PASSED] - else: null

15-11-2024T09:28:36 - [TEST_STEP][PASSED] - numberOfErrors = numberOfErrors + 1: null

15-11-2024T09:28:36 - [TEST_STEP][PASSED] - pageInt = pageOtpuskVSet: null

15-11-2024T09:28:36 - [TEST_STEP][PASSED] - fileInt = fileOtpuskVSet: null

15-11-2024T09:28:36 - [TEST_STEP][PASSED] - typeOfData = typeOfDataMain + " Отпуск в сеть": null

15-11-2024T09:28:36 - [TEST_STEP][PASSED] - Script1718980020443.WriteToExcel(a, typeOfData, todaysDate, pageInt, fileInt, pageDouble, fileDouble, dZO): null

15-11-2024T09:28:36 - [TEST_STEP][PASSED] - sheetName = "Sheet1": null

15-11-2024T09:28:36 - [TEST_STEP][PASSED] - data = findTestData("PlanFact"): null

15-11-2024T09:28:36 - [TEST_STEP][PASSED] - n = data.getRowNumbers() + 1: null

15-11-2024T09:28:36 - [TEST_STEP][PASSED] - year = todaysDate.substring(todaysDate.length() - 4, todaysDate.length()): null

15-11-2024T09:28:36 - [TEST_STEP][PASSED] - y = year.toInteger(): null

15-11-2024T09:28:36 - [TEST_STEP][PASSED] - m = getText(findTestObject("Выполнение бизнес-плана/Период")): Text of object 'Object Repository/Выполнение бизнес-плана/Период' is: '1, 2, 3 кв. 2024 года'

15-11-2024T09:28:36 - [MESSAGE][PASSED] - Text of object 'Object Repository/Выполнение бизнес-плана/Период' is: '1, 2, 3 кв. 2024 года'

15-11-2024T09:28:36 - [TEST_STEP][PASSED] - m = m.substring(0, m.indexOf("2024")): null

15-11-2024T09:28:36 - [TEST_STEP][PASSED] - m = m.trim(): null

15-11-2024T09:28:36 - [TEST_STEP][PASSED] - dashboardName = "Выполнение бизнес-плана": null

15-11-2024T09:28:36 - [TEST_STEP][PASSED] - workbook01 = getWorkbook(excelFilePath): null

15-11-2024T09:28:36 - [TEST_STEP][PASSED] - sheet01 = getExcelSheet(workbook01, sheetName): null

15-11-2024T09:28:36 - [TEST_STEP][PASSED] - setValueToCellByIndex(sheet01, n, 0, dashboardName): null

15-11-2024T09:28:36 - [TEST_STEP][PASSED] - setValueToCellByIndex(sheet01, n, 1, dZO): null

15-11-2024T09:28:36 - [TEST_STEP][PASSED] - setValueToCellByIndex(sheet01, n, 2, typeOfData): null

15-11-2024T09:28:36 - [TEST_STEP][PASSED] - if (typeOfData == "Факт в процентах" || typeOfData == "План в процентах"): null

15-11-2024T09:28:36 - [TEST_STEP][PASSED] - else: null

15-11-2024T09:28:36 - [TEST_STEP][PASSED] - setValueToCellByIndex(sheet01, n, 3, fileInt): null

15-11-2024T09:28:36 - [TEST_STEP][PASSED] - setValueToCellByIndex(sheet01, n, 4, pageInt): null

15-11-2024T09:28:36 - [TEST_STEP][PASSED] - setValueToCellByIndex(sheet01, n, 5, m): null

15-11-2024T09:28:36 - [TEST_STEP][PASSED] - setValueToCellByIndex(sheet01, n, 6, y): null

15-11-2024T09:28:36 - [TEST_STEP][PASSED] - setValueToCellByIndex(sheet01, n, 7, todaysDate): null

15-11-2024T09:28:36 - [TEST_STEP][PASSED] - n = n + 1: null

15-11-2024T09:28:36 - [TEST_STEP][PASSED] - saveWorkbook(excelFilePath, workbook01): null

15-11-2024T09:28:37 - [TEST_STEP][PASSED] - compare = pagePoteri: null

15-11-2024T09:28:37 - [TEST_STEP][PASSED] - if (compare == filePoteri): null

15-11-2024T09:28:37 - [TEST_STEP][PASSED] - else if (compare > filePoteri): null

15-11-2024T09:28:37 - [TEST_STEP][PASSED] - compare = compare - 1: null

15-11-2024T09:28:37 - [TEST_STEP][PASSED] - if (compare == filePoteri): null

15-11-2024T09:28:37 - [TEST_STEP][PASSED] - else: null

15-11-2024T09:28:37 - [TEST_STEP][PASSED] - numberOfErrors = numberOfErrors + 1: null

15-11-2024T09:28:37 - [TEST_STEP][PASSED] - pageInt = pagePoteri: null

15-11-2024T09:28:37 - [TEST_STEP][PASSED] - fileInt = filePoteri: null

15-11-2024T09:28:37 - [TEST_STEP][PASSED] - typeOfData = typeOfDataMain + " Потери": null

15-11-2024T09:28:37 - [TEST_STEP][PASSED] - Script1718980020443.WriteToExcel(a, typeOfData, todaysDate, pageInt, fileInt, pageDouble, fileDouble, dZO): null

15-11-2024T09:28:37 - [TEST_STEP][PASSED] - sheetName = "Sheet1": null

15-11-2024T09:28:37 - [TEST_STEP][PASSED] - data = findTestData("PlanFact"): null

15-11-2024T09:28:37 - [TEST_STEP][PASSED] - n = data.getRowNumbers() + 1: null

15-11-2024T09:28:37 - [TEST_STEP][PASSED] - year = todaysDate.substring(todaysDate.length() - 4, todaysDate.length()): null

15-11-2024T09:28:37 - [TEST_STEP][PASSED] - y = year.toInteger(): null

15-11-2024T09:28:37 - [TEST_STEP][PASSED] - m = getText(findTestObject("Выполнение бизнес-плана/Период")): Text of object 'Object Repository/Выполнение бизнес-плана/Период' is: '1, 2, 3 кв. 2024 года'

15-11-2024T09:28:37 - [MESSAGE][PASSED] - Text of object 'Object Repository/Выполнение бизнес-плана/Период' is: '1, 2, 3 кв. 2024 года'

15-11-2024T09:28:37 - [TEST_STEP][PASSED] - m = m.substring(0, m.indexOf("2024")): null

15-11-2024T09:28:37 - [TEST_STEP][PASSED] - m = m.trim(): null

15-11-2024T09:28:37 - [TEST_STEP][PASSED] - dashboardName = "Выполнение бизнес-плана": null

15-11-2024T09:28:37 - [TEST_STEP][PASSED] - workbook01 = getWorkbook(excelFilePath): null

15-11-2024T09:28:37 - [TEST_STEP][PASSED] - sheet01 = getExcelSheet(workbook01, sheetName): null

15-11-2024T09:28:37 - [TEST_STEP][PASSED] - setValueToCellByIndex(sheet01, n, 0, dashboardName): null

15-11-2024T09:28:37 - [TEST_STEP][PASSED] - setValueToCellByIndex(sheet01, n, 1, dZO): null

15-11-2024T09:28:37 - [TEST_STEP][PASSED] - setValueToCellByIndex(sheet01, n, 2, typeOfData): null

15-11-2024T09:28:37 - [TEST_STEP][PASSED] - if (typeOfData == "Факт в процентах" || typeOfData == "План в процентах"): null

15-11-2024T09:28:37 - [TEST_STEP][PASSED] - else: null

15-11-2024T09:28:37 - [TEST_STEP][PASSED] - setValueToCellByIndex(sheet01, n, 3, fileInt): null

15-11-2024T09:28:37 - [TEST_STEP][PASSED] - setValueToCellByIndex(sheet01, n, 4, pageInt): null

15-11-2024T09:28:37 - [TEST_STEP][PASSED] - setValueToCellByIndex(sheet01, n, 5, m): null

15-11-2024T09:28:37 - [TEST_STEP][PASSED] - setValueToCellByIndex(sheet01, n, 6, y): null

15-11-2024T09:28:37 - [TEST_STEP][PASSED] - setValueToCellByIndex(sheet01, n, 7, todaysDate): null

15-11-2024T09:28:37 - [TEST_STEP][PASSED] - n = n + 1: null

15-11-2024T09:28:37 - [TEST_STEP][PASSED] - saveWorkbook(excelFilePath, workbook01): Object: 'Object Repository/Выполнение бизнес-плана/Кнопка Факт' is clicked on

15-11-2024T09:28:37 - [TEST_STEP][PASSED] - if (planFact == 2): null

15-11-2024T09:28:37 - [TEST_STEP][PASSED] - if (planFact == 1): null

15-11-2024T09:28:37 - [TEST_STEP][PASSED] - else if (planFact == 2): null

15-11-2024T09:28:37 - [TEST_STEP][PASSED] - click(findTestObject("Выполнение бизнес-плана/Кнопка План")): Object: 'Object Repository/Выполнение бизнес-плана/Кнопка План' is clicked on

15-11-2024T09:28:38 - [MESSAGE][PASSED] - Object: 'Object Repository/Выполнение бизнес-плана/Кнопка План' is clicked on

15-11-2024T09:28:38 - [TEST_STEP][PASSED] - typeOfDataMain = "План": null

15-11-2024T09:28:38 - [TEST_STEP][PASSED] - otpusk = findTestData("PlanFact").getValue(2, a): null

15-11-2024T09:28:38 - [TEST_STEP][PASSED] - poteri = findTestData("PlanFact").getValue(3, a): null

15-11-2024T09:28:38 - [TEST_STEP][PASSED] - otpusk = otpusk.replaceAll("\s+", ""): null

15-11-2024T09:28:38 - [TEST_STEP][PASSED] - poteri = poteri.replaceAll("\s+", ""): null

15-11-2024T09:28:38 - [TEST_STEP][PASSED] - typeOfData = typeOfDataMain + " Отпуск в сеть": null

15-11-2024T09:28:38 - [TEST_STEP][PASSED] - if (a == 82): null

15-11-2024T09:28:38 - [TEST_STEP][PASSED] - else if (a == 84): null

15-11-2024T09:28:38 - [TEST_STEP][PASSED] - else if (a == 52 || a == 72 || a == 28 || a == 73 || a == 77 || a == 74 || a == 65 || a == 36 || a == 44 || a == 53 || a == 80 || a == 54 || a == 1 || a == 18 || a == 59 || a == 81): null

15-11-2024T09:28:38 - [TEST_STEP][PASSED] - else: null

15-11-2024T09:28:38 - [TEST_STEP][PASSED] - path = dataFolder + typeOfData + " за отчётный период " + b: null

15-11-2024T09:28:38 - [TEST_STEP][PASSED] - println(path): null

15-11-2024T09:28:38 - [TEST_STEP][PASSED] - page = getText(findTestObject(path)): Text of object 'Object Repository/Выполнение бизнес-плана/Значения со страницы Выполнение бизнес-плана/План Отпуск в сеть за отчётный период Рязаньэнерго' is: '4 037 286'

15-11-2024T09:28:38 - [MESSAGE][PASSED] - Text of object 'Object Repository/Выполнение бизнес-плана/Значения со страницы Выполнение бизнес-плана/План Отпуск в сеть за отчётный период Рязаньэнерго' is: '4 037 286'

15-11-2024T09:28:38 - [TEST_STEP][PASSED] - page = page.replaceAll("\s+", ""): null

15-11-2024T09:28:38 - [TEST_STEP][PASSED] - fileOtpuskVSet = otpusk.toInteger(): null

15-11-2024T09:28:38 - [TEST_STEP][PASSED] - pageOtpuskVSet = page.toInteger(): null

15-11-2024T09:28:38 - [TEST_STEP][PASSED] - typeOfData = typeOfDataMain + " Потери": null

15-11-2024T09:28:38 - [TEST_STEP][PASSED] - if (a == 82): null

15-11-2024T09:28:38 - [TEST_STEP][PASSED] - else if (a == 84): null

15-11-2024T09:28:38 - [TEST_STEP][PASSED] - else if (a == 52 || a == 72 || a == 28 || a == 73 || a == 77 || a == 74 || a == 65 || a == 36 || a == 44 || a == 53 || a == 80 || a == 54 || a == 1 || a == 18 || a == 59 || a == 81): null

15-11-2024T09:28:38 - [TEST_STEP][PASSED] - else: null

15-11-2024T09:28:38 - [TEST_STEP][PASSED] - path = dataFolder + typeOfData + " за отчётный период " + b: null

15-11-2024T09:28:38 - [TEST_STEP][PASSED] - page = getText(findTestObject(path)): Text of object 'Object Repository/Выполнение бизнес-плана/Значения со страницы Выполнение бизнес-плана/План Потери за отчётный период Рязаньэнерго' is: '180 720'

15-11-2024T09:28:38 - [MESSAGE][PASSED] - Text of object 'Object Repository/Выполнение бизнес-плана/Значения со страницы Выполнение бизнес-плана/План Потери за отчётный период Рязаньэнерго' is: '180 720'

15-11-2024T09:28:38 - [TEST_STEP][PASSED] - page = page.replaceAll("\s+", ""): null

15-11-2024T09:28:38 - [TEST_STEP][PASSED] - filePoteri = poteri.toInteger(): null

15-11-2024T09:28:38 - [TEST_STEP][PASSED] - pagePoteri = page.toInteger(): null

15-11-2024T09:28:38 - [TEST_STEP][PASSED] - compare = pageOtpuskVSet: null

15-11-2024T09:28:38 - [TEST_STEP][PASSED] - if (compare == fileOtpuskVSet): null

15-11-2024T09:28:38 - [TEST_STEP][PASSED] - if (compare == fileOtpuskVSet): null

15-11-2024T09:28:38 - [TEST_STEP][PASSED] - compare = pagePoteri: null

15-11-2024T09:28:38 - [TEST_STEP][PASSED] - if (compare == filePoteri): null

15-11-2024T09:28:38 - [TEST_STEP][PASSED] - if (compare == filePoteri): null

15-11-2024T09:28:38 - [TEST_STEP][PASSED] - if (planFact == 2): Object: 'Object Repository/Выполнение бизнес-плана/Кнопка Факт' is clicked on

15-11-2024T09:28:38 - [TEST_STEP][PASSED] - click(findTestObject("Выполнение бизнес-плана/Кнопка Факт")): Object: 'Object Repository/Выполнение бизнес-плана/Кнопка Факт' is clicked on

15-11-2024T09:28:39 - [MESSAGE][PASSED] - Object: 'Object Repository/Выполнение бизнес-плана/Кнопка Факт' is clicked on

15-11-2024T09:28:39 - [TEST_STEP][PASSED] - if (a == 84 || a == 82): null

15-11-2024T09:28:39 - [TEST_STEP][PASSED] - else if (a == 52 || a == 72 || a == 28 || a == 73 || a == 77 || a == 74 || a == 65 || a == 36 || a == 44 || a == 53 || a == 80 || a == 54 || a == 1 || a == 18 || a == 59 || a == 81): null

15-11-2024T09:28:39 - [TEST_STEP][PASSED] - else: null

15-11-2024T09:28:39 - [TEST_STEP][PASSED] - page1 = getText(findTestObject("Object Repository/Выполнение бизнес-плана/spanPlan" + filialNum)): Text of object 'Object Repository/Выполнение бизнес-плана/spanPlan7' is: '4.48
|'

15-11-2024T09:28:39 - [MESSAGE][PASSED] - Text of object 'Object Repository/Выполнение бизнес-плана/spanPlan7' is: '4.48
|'

15-11-2024T09:28:39 - [TEST_STEP][PASSED] - page1 = page1.replace("|", ""): null

15-11-2024T09:28:39 - [TEST_STEP][PASSED] - page2 = getText(findTestObject("Object Repository/Выполнение бизнес-плана/spanFact" + filialNum)): Text of object 'Object Repository/Выполнение бизнес-плана/spanFact7' is: '4.47
|'

15-11-2024T09:28:39 - [MESSAGE][PASSED] - Text of object 'Object Repository/Выполнение бизнес-плана/spanFact7' is: '4.47
|'

15-11-2024T09:28:39 - [TEST_STEP][PASSED] - page2 = page2.replace("|", ""): null

15-11-2024T09:28:39 - [TEST_STEP][PASSED] - println("page1: " + page1): null

15-11-2024T09:28:39 - [TEST_STEP][PASSED] - println("page2: " + page2): null

15-11-2024T09:28:39 - [TEST_STEP][PASSED] - file = findTestData("PlanFact").getValue(4, a): null

15-11-2024T09:28:39 - [TEST_STEP][PASSED] - file = file.replace(",", "."): null

15-11-2024T09:28:39 - [TEST_STEP][PASSED] - println("file Plan: " + file): null

15-11-2024T09:28:39 - [TEST_STEP][PASSED] - typeOfData = "План в процентах": null

15-11-2024T09:28:39 - [TEST_STEP][PASSED] - fileDouble = file.toDouble(): null

15-11-2024T09:28:39 - [TEST_STEP][PASSED] - pageDouble = page1.toDouble(): null

15-11-2024T09:28:39 - [TEST_STEP][PASSED] - if (fileDouble != pageDouble): null

15-11-2024T09:28:39 - [TEST_STEP][PASSED] - file = findTestData("PlanFact").getValue(7, a): null

15-11-2024T09:28:40 - [TEST_STEP][PASSED] - file = file.replace(",", "."): null

15-11-2024T09:28:40 - [TEST_STEP][PASSED] - println("file Fact: " + file): null

15-11-2024T09:28:40 - [TEST_STEP][PASSED] - fileDouble = file.toDouble(): null

15-11-2024T09:28:40 - [TEST_STEP][PASSED] - typeOfData = "Факт в процентах": null

15-11-2024T09:28:40 - [TEST_STEP][PASSED] - fileDouble = file.toDouble(): null

15-11-2024T09:28:40 - [TEST_STEP][PASSED] - pageDouble = page2.toDouble(): null

15-11-2024T09:28:40 - [TEST_STEP][PASSED] - if (fileDouble != pageDouble): null

15-11-2024T09:28:40 - [TEST_STEP][FAILED] - if (verifyEqual(numberOfErrors, 0) == false): null

15-11-2024T09:28:40 - [MESSAGE][FAILED] - Unable to verify equal between actual object '2' and expected object '0' (Root cause: com.kms.katalon.core.exception.StepFailedException: Actual object '2' and expected object '0' are not equal
	at com.kms.katalon.core.keyword.builtin.VerifyEqualKeyword$_verifyEqual_closure1.doCall(VerifyEqualKeyword.groovy:58)
	at com.kms.katalon.core.keyword.builtin.VerifyEqualKeyword$_verifyEqual_closure1.call(VerifyEqualKeyword.groovy)
	at com.kms.katalon.core.keyword.internal.KeywordMain.runKeyword(KeywordMain.groovy:75)
	at com.kms.katalon.core.keyword.builtin.VerifyEqualKeyword.verifyEqual(VerifyEqualKeyword.groovy:63)
	at com.kms.katalon.core.keyword.builtin.VerifyEqualKeyword.execute(VerifyEqualKeyword.groovy:44)
	at com.kms.katalon.core.keyword.internal.KeywordExecutor.executeKeywordForPlatform(KeywordExecutor.groovy:74)
	at com.kms.katalon.core.keyword.BuiltinKeywords.verifyEqual(BuiltinKeywords.groovy:146)
	at jdk.internal.reflect.GeneratedMethodAccessor25.invoke(Unknown Source)
	at java.base/jdk.internal.reflect.DelegatingMethodAccessorImpl.invoke(DelegatingMethodAccessorImpl.java:43)
	at Выполнение бизнес-плана Сверка ПАО Россети все филиалы.Numbers(Выполнение бизнес-плана Сверка ПАО Россети все филиалы:740)
	at Выполнение бизнес-плана Сверка ПАО Россети все филиалы.Filials(Выполнение бизнес-плана Сверка ПАО Россети все филиалы:1421)
	at Выполнение бизнес-плана Сверка ПАО Россети все филиалы.Numbers(Выполнение бизнес-плана Сверка ПАО Россети все филиалы:745)
	at Выполнение бизнес-плана Сверка ПАО Россети все филиалы.run(Выполнение бизнес-плана Сверка ПАО Россети все филиалы:402)
	at com.kms.katalon.core.main.ScriptEngine.run(ScriptEngine.java:194)
	at com.kms.katalon.core.main.ScriptEngine.runScriptAsRawText(ScriptEngine.java:119)
	at com.kms.katalon.core.main.TestCaseExecutor.runScript(TestCaseExecutor.java:448)
	at com.kms.katalon.core.main.TestCaseExecutor.doExecute(TestCaseExecutor.java:439)
	at com.kms.katalon.core.main.TestCaseExecutor.processExecutionPhase(TestCaseExecutor.java:418)
	at com.kms.katalon.core.main.TestCaseExecutor.accessMainPhase(TestCaseExecutor.java:410)
	at com.kms.katalon.core.main.TestCaseExecutor.execute(TestCaseExecutor.java:285)
	at com.kms.katalon.core.common.CommonExecutor.accessTestCaseMainPhase(CommonExecutor.java:65)
	at com.kms.katalon.core.main.TestSuiteExecutor.accessTestSuiteMainPhase(TestSuiteExecutor.java:150)
	at com.kms.katalon.core.main.TestSuiteExecutor.execute(TestSuiteExecutor.java:106)
	at com.kms.katalon.core.main.TestCaseMain.startTestSuite(TestCaseMain.java:180)
	at TempTestSuite1731647997681.run(TempTestSuite1731647997681.groovy:35)
	at java.base/jdk.internal.reflect.NativeMethodAccessorImpl.invoke0(Native Method)
	at java.base/jdk.internal.reflect.NativeMethodAccessorImpl.invoke(NativeMethodAccessorImpl.java:77)
	at java.base/jdk.internal.reflect.DelegatingMethodAccessorImpl.invoke(DelegatingMethodAccessorImpl.java:43)
)

15-11-2024T09:28:40 - [TEST_STEP][PASSED] - println(numberOfErrors): null

15-11-2024T09:28:40 - [TEST_STEP][PASSED] - if (a == 28 || a == 77 || a == 74 || a == 65 || a == 36 || a == 44 || a == 54 || a == 1 || a == 18 || a == 59): null

15-11-2024T09:28:40 - [TEST_STEP][PASSED] - if (a == 82): null

15-11-2024T09:28:40 - [TEST_STEP][PASSED] - dZO = "Тулэнерго": null

15-11-2024T09:28:40 - [TEST_STEP][PASSED] - a = 26: null

15-11-2024T09:28:40 - [TEST_STEP][PASSED] - if (x2.contains(dZO)): null

15-11-2024T09:28:40 - [TEST_STEP][PASSED] - filialNum = filialNum + 1: null

15-11-2024T09:28:40 - [TEST_STEP][PASSED] - Script1718980020443.Numbers(a, typeOfData, todaysDate, pageInt, fileInt, pageDouble, fileDouble, dZO, dzoNum, filialNum): null

15-11-2024T09:28:40 - [TEST_STEP][PASSED] - println(dzoNum): null

15-11-2024T09:28:40 - [TEST_STEP][PASSED] - planFact = <not implemented yet for class: org.codehaus.groovy.ast.expr.EmptyExpression>: null

15-11-2024T09:28:40 - [TEST_STEP][PASSED] - page = <not implemented yet for class: org.codehaus.groovy.ast.expr.EmptyExpression>: null

15-11-2024T09:28:40 - [TEST_STEP][PASSED] - page1 = <not implemented yet for class: org.codehaus.groovy.ast.expr.EmptyExpression>: null

15-11-2024T09:28:40 - [TEST_STEP][PASSED] - page2 = <not implemented yet for class: org.codehaus.groovy.ast.expr.EmptyExpression>: null

15-11-2024T09:28:40 - [TEST_STEP][PASSED] - filialNumberInRow = <not implemented yet for class: org.codehaus.groovy.ast.expr.EmptyExpression>: null

15-11-2024T09:28:40 - [TEST_STEP][PASSED] - filialsDzoNames = <not implemented yet for class: org.codehaus.groovy.ast.expr.EmptyExpression>: null

15-11-2024T09:28:40 - [TEST_STEP][PASSED] - numberOfFilials = <not implemented yet for class: org.codehaus.groovy.ast.expr.EmptyExpression>: null

15-11-2024T09:28:40 - [TEST_STEP][PASSED] - numberOfSpaces = <not implemented yet for class: org.codehaus.groovy.ast.expr.EmptyExpression>: null

15-11-2024T09:28:40 - [TEST_STEP][PASSED] - file = <not implemented yet for class: org.codehaus.groovy.ast.expr.EmptyExpression>: null

15-11-2024T09:28:40 - [TEST_STEP][PASSED] - otpusk = <not implemented yet for class: org.codehaus.groovy.ast.expr.EmptyExpression>: null

15-11-2024T09:28:40 - [TEST_STEP][PASSED] - poteri = <not implemented yet for class: org.codehaus.groovy.ast.expr.EmptyExpression>: null

15-11-2024T09:28:40 - [TEST_STEP][PASSED] - dataFolder = "Выполнение бизнес-плана/Значения со страницы Выполнение бизнес-плана/": null

15-11-2024T09:28:40 - [TEST_STEP][PASSED] - path = <not implemented yet for class: org.codehaus.groovy.ast.expr.EmptyExpression>: null

15-11-2024T09:28:40 - [TEST_STEP][PASSED] - typeOfDataMain = <not implemented yet for class: org.codehaus.groovy.ast.expr.EmptyExpression>: null

15-11-2024T09:28:40 - [TEST_STEP][PASSED] - fileOtpuskVSet = <not implemented yet for class: org.codehaus.groovy.ast.expr.EmptyExpression>: null

15-11-2024T09:28:40 - [TEST_STEP][PASSED] - pageOtpuskVSet = <not implemented yet for class: org.codehaus.groovy.ast.expr.EmptyExpression>: null

15-11-2024T09:28:40 - [TEST_STEP][PASSED] - filePoteri = <not implemented yet for class: org.codehaus.groovy.ast.expr.EmptyExpression>: null

15-11-2024T09:28:40 - [TEST_STEP][PASSED] - pagePoteri = <not implemented yet for class: org.codehaus.groovy.ast.expr.EmptyExpression>: null

15-11-2024T09:28:40 - [TEST_STEP][PASSED] - compare = <not implemented yet for class: org.codehaus.groovy.ast.expr.EmptyExpression>: null

15-11-2024T09:28:40 - [TEST_STEP][PASSED] - b = <not implemented yet for class: org.codehaus.groovy.ast.expr.EmptyExpression>: null

15-11-2024T09:28:40 - [TEST_STEP][PASSED] - i = <not implemented yet for class: org.codehaus.groovy.ast.expr.EmptyExpression>: null

15-11-2024T09:28:40 - [TEST_STEP][PASSED] - ii = <not implemented yet for class: org.codehaus.groovy.ast.expr.EmptyExpression>: null

15-11-2024T09:28:40 - [TEST_STEP][PASSED] - c = <not implemented yet for class: org.codehaus.groovy.ast.expr.EmptyExpression>: null

15-11-2024T09:28:40 - [TEST_STEP][PASSED] - numberOfErrors = 0: null

15-11-2024T09:28:40 - [TEST_STEP][PASSED] - if (a == 82): null

15-11-2024T09:28:40 - [TEST_STEP][PASSED] - b = findTestData("PlanFact").getValue(1, a): null

15-11-2024T09:28:40 - [TEST_STEP][PASSED] - i = b.indexOf(" (ГК)"): null

15-11-2024T09:28:40 - [TEST_STEP][PASSED] - if (i > -1): null

15-11-2024T09:28:40 - [TEST_STEP][PASSED] - i = b.indexOf("О ""): null

15-11-2024T09:28:40 - [TEST_STEP][PASSED] - if (i > -1): null

15-11-2024T09:28:40 - [TEST_STEP][PASSED] - i = b.indexOf("О «"): null

15-11-2024T09:28:40 - [TEST_STEP][PASSED] - if (i > -1): null

15-11-2024T09:28:40 - [TEST_STEP][PASSED] - i = b.indexOf("г. "): null

15-11-2024T09:28:40 - [TEST_STEP][PASSED] - if (i > -1): null

15-11-2024T09:28:40 - [TEST_STEP][PASSED] - println(b): null

15-11-2024T09:28:40 - [TEST_STEP][PASSED] - for ([planFact = 1, planFact < 3, (planFact++)]): null

15-11-2024T09:28:40 - [TEST_STEP][PASSED] - if (planFact == 1): null

15-11-2024T09:28:40 - [TEST_STEP][PASSED] - typeOfDataMain = "Факт": null

15-11-2024T09:28:40 - [TEST_STEP][PASSED] - otpusk = findTestData("PlanFact").getValue(5, a): null

15-11-2024T09:28:40 - [TEST_STEP][PASSED] - poteri = findTestData("PlanFact").getValue(6, a): null

15-11-2024T09:28:40 - [TEST_STEP][PASSED] - otpusk = otpusk.replaceAll("\s+", ""): null

15-11-2024T09:28:40 - [TEST_STEP][PASSED] - poteri = poteri.replaceAll("\s+", ""): null

15-11-2024T09:28:40 - [TEST_STEP][PASSED] - typeOfData = typeOfDataMain + " Отпуск в сеть": null

15-11-2024T09:28:40 - [TEST_STEP][PASSED] - if (a == 82): null

15-11-2024T09:28:40 - [TEST_STEP][PASSED] - else if (a == 84): null

15-11-2024T09:28:40 - [TEST_STEP][PASSED] - else if (a == 52 || a == 72 || a == 28 || a == 73 || a == 77 || a == 74 || a == 65 || a == 36 || a == 44 || a == 53 || a == 80 || a == 54 || a == 1 || a == 18 || a == 59 || a == 81): null

15-11-2024T09:28:40 - [TEST_STEP][PASSED] - else: null

15-11-2024T09:28:40 - [TEST_STEP][PASSED] - path = dataFolder + typeOfData + " за отчётный период " + b: null

15-11-2024T09:28:40 - [TEST_STEP][PASSED] - println(path): null

15-11-2024T09:28:40 - [TEST_STEP][PASSED] - page = getText(findTestObject(path)): Text of object 'Object Repository/Выполнение бизнес-плана/Значения со страницы Выполнение бизнес-плана/Факт Отпуск в сеть за отчётный период Тулэнерго' is: '572 217'

15-11-2024T09:28:40 - [MESSAGE][PASSED] - Text of object 'Object Repository/Выполнение бизнес-плана/Значения со страницы Выполнение бизнес-плана/Факт Отпуск в сеть за отчётный период Тулэнерго' is: '572 217'

15-11-2024T09:28:40 - [TEST_STEP][PASSED] - page = page.replaceAll("\s+", ""): null

15-11-2024T09:28:40 - [TEST_STEP][PASSED] - fileOtpuskVSet = otpusk.toInteger(): null

15-11-2024T09:28:40 - [TEST_STEP][PASSED] - pageOtpuskVSet = page.toInteger(): null

15-11-2024T09:28:40 - [TEST_STEP][PASSED] - typeOfData = typeOfDataMain + " Потери": null

15-11-2024T09:28:40 - [TEST_STEP][PASSED] - if (a == 82): null

15-11-2024T09:28:40 - [TEST_STEP][PASSED] - else if (a == 84): null

15-11-2024T09:28:40 - [TEST_STEP][PASSED] - else if (a == 52 || a == 72 || a == 28 || a == 73 || a == 77 || a == 74 || a == 65 || a == 36 || a == 44 || a == 53 || a == 80 || a == 54 || a == 1 || a == 18 || a == 59 || a == 81): null

15-11-2024T09:28:40 - [TEST_STEP][PASSED] - else: null

15-11-2024T09:28:40 - [TEST_STEP][PASSED] - path = dataFolder + typeOfData + " за отчётный период " + b: null

15-11-2024T09:28:40 - [TEST_STEP][PASSED] - page = getText(findTestObject(path)): Text of object 'Object Repository/Выполнение бизнес-плана/Значения со страницы Выполнение бизнес-плана/Факт Потери за отчётный период Тулэнерго' is: '1 478 675'

15-11-2024T09:28:40 - [MESSAGE][PASSED] - Text of object 'Object Repository/Выполнение бизнес-плана/Значения со страницы Выполнение бизнес-плана/Факт Потери за отчётный период Тулэнерго' is: '1 478 675'

15-11-2024T09:28:40 - [TEST_STEP][PASSED] - page = page.replaceAll("\s+", ""): null

15-11-2024T09:28:40 - [TEST_STEP][PASSED] - filePoteri = poteri.toInteger(): null

15-11-2024T09:28:40 - [TEST_STEP][PASSED] - pagePoteri = page.toInteger(): null

15-11-2024T09:28:40 - [TEST_STEP][PASSED] - compare = pageOtpuskVSet: null

15-11-2024T09:28:40 - [TEST_STEP][PASSED] - if (compare == fileOtpuskVSet): null

15-11-2024T09:28:40 - [TEST_STEP][PASSED] - else if (compare > fileOtpuskVSet): null

15-11-2024T09:28:40 - [TEST_STEP][PASSED] - else if (compare < fileOtpuskVSet): null

15-11-2024T09:28:40 - [TEST_STEP][PASSED] - compare = compare + 1: null

15-11-2024T09:28:40 - [TEST_STEP][PASSED] - if (compare == fileOtpuskVSet): null

15-11-2024T09:28:40 - [TEST_STEP][PASSED] - else: null

15-11-2024T09:28:40 - [TEST_STEP][PASSED] - numberOfErrors = numberOfErrors + 1: null

15-11-2024T09:28:40 - [TEST_STEP][PASSED] - pageInt = pageOtpuskVSet: null

15-11-2024T09:28:40 - [TEST_STEP][PASSED] - fileInt = fileOtpuskVSet: null

15-11-2024T09:28:40 - [TEST_STEP][PASSED] - typeOfData = typeOfDataMain + " Отпуск в сеть": null

15-11-2024T09:28:40 - [TEST_STEP][PASSED] - Script1718980020443.WriteToExcel(a, typeOfData, todaysDate, pageInt, fileInt, pageDouble, fileDouble, dZO): null

15-11-2024T09:28:40 - [TEST_STEP][PASSED] - sheetName = "Sheet1": null

15-11-2024T09:28:40 - [TEST_STEP][PASSED] - data = findTestData("PlanFact"): null

15-11-2024T09:28:40 - [TEST_STEP][PASSED] - n = data.getRowNumbers() + 1: null

15-11-2024T09:28:40 - [TEST_STEP][PASSED] - year = todaysDate.substring(todaysDate.length() - 4, todaysDate.length()): null

15-11-2024T09:28:40 - [TEST_STEP][PASSED] - y = year.toInteger(): null

15-11-2024T09:28:40 - [TEST_STEP][PASSED] - m = getText(findTestObject("Выполнение бизнес-плана/Период")): Text of object 'Object Repository/Выполнение бизнес-плана/Период' is: '1, 2, 3 кв. 2024 года'

15-11-2024T09:28:41 - [MESSAGE][PASSED] - Text of object 'Object Repository/Выполнение бизнес-плана/Период' is: '1, 2, 3 кв. 2024 года'

15-11-2024T09:28:41 - [TEST_STEP][PASSED] - m = m.substring(0, m.indexOf("2024")): null

15-11-2024T09:28:41 - [TEST_STEP][PASSED] - m = m.trim(): null

15-11-2024T09:28:41 - [TEST_STEP][PASSED] - dashboardName = "Выполнение бизнес-плана": null

15-11-2024T09:28:41 - [TEST_STEP][PASSED] - workbook01 = getWorkbook(excelFilePath): null

15-11-2024T09:28:41 - [TEST_STEP][PASSED] - sheet01 = getExcelSheet(workbook01, sheetName): null

15-11-2024T09:28:41 - [TEST_STEP][PASSED] - setValueToCellByIndex(sheet01, n, 0, dashboardName): null

15-11-2024T09:28:41 - [TEST_STEP][PASSED] - setValueToCellByIndex(sheet01, n, 1, dZO): null

15-11-2024T09:28:41 - [TEST_STEP][PASSED] - setValueToCellByIndex(sheet01, n, 2, typeOfData): null

15-11-2024T09:28:41 - [TEST_STEP][PASSED] - if (typeOfData == "Факт в процентах" || typeOfData == "План в процентах"): null

15-11-2024T09:28:41 - [TEST_STEP][PASSED] - else: null

15-11-2024T09:28:41 - [TEST_STEP][PASSED] - setValueToCellByIndex(sheet01, n, 3, fileInt): null

15-11-2024T09:28:41 - [TEST_STEP][PASSED] - setValueToCellByIndex(sheet01, n, 4, pageInt): null

15-11-2024T09:28:41 - [TEST_STEP][PASSED] - setValueToCellByIndex(sheet01, n, 5, m): null

15-11-2024T09:28:41 - [TEST_STEP][PASSED] - setValueToCellByIndex(sheet01, n, 6, y): null

15-11-2024T09:28:41 - [TEST_STEP][PASSED] - setValueToCellByIndex(sheet01, n, 7, todaysDate): null

15-11-2024T09:28:41 - [TEST_STEP][PASSED] - n = n + 1: null

15-11-2024T09:28:41 - [TEST_STEP][PASSED] - saveWorkbook(excelFilePath, workbook01): null

15-11-2024T09:28:41 - [TEST_STEP][PASSED] - compare = pagePoteri: null

15-11-2024T09:28:41 - [TEST_STEP][PASSED] - if (compare == filePoteri): null

15-11-2024T09:28:41 - [TEST_STEP][PASSED] - else if (compare > filePoteri): null

15-11-2024T09:28:41 - [TEST_STEP][PASSED] - compare = compare - 1: null

15-11-2024T09:28:41 - [TEST_STEP][PASSED] - if (compare == filePoteri): null

15-11-2024T09:28:41 - [TEST_STEP][PASSED] - else: null

15-11-2024T09:28:41 - [TEST_STEP][PASSED] - numberOfErrors = numberOfErrors + 1: null

15-11-2024T09:28:41 - [TEST_STEP][PASSED] - pageInt = pagePoteri: null

15-11-2024T09:28:41 - [TEST_STEP][PASSED] - fileInt = filePoteri: null

15-11-2024T09:28:41 - [TEST_STEP][PASSED] - typeOfData = typeOfDataMain + " Потери": null

15-11-2024T09:28:41 - [TEST_STEP][PASSED] - Script1718980020443.WriteToExcel(a, typeOfData, todaysDate, pageInt, fileInt, pageDouble, fileDouble, dZO): null

15-11-2024T09:28:41 - [TEST_STEP][PASSED] - sheetName = "Sheet1": null

15-11-2024T09:28:41 - [TEST_STEP][PASSED] - data = findTestData("PlanFact"): null

15-11-2024T09:28:41 - [TEST_STEP][PASSED] - n = data.getRowNumbers() + 1: null

15-11-2024T09:28:41 - [TEST_STEP][PASSED] - year = todaysDate.substring(todaysDate.length() - 4, todaysDate.length()): null

15-11-2024T09:28:41 - [TEST_STEP][PASSED] - y = year.toInteger(): null

15-11-2024T09:28:41 - [TEST_STEP][PASSED] - m = getText(findTestObject("Выполнение бизнес-плана/Период")): Text of object 'Object Repository/Выполнение бизнес-плана/Период' is: '1, 2, 3 кв. 2024 года'

15-11-2024T09:28:41 - [MESSAGE][PASSED] - Text of object 'Object Repository/Выполнение бизнес-плана/Период' is: '1, 2, 3 кв. 2024 года'

15-11-2024T09:28:41 - [TEST_STEP][PASSED] - m = m.substring(0, m.indexOf("2024")): null

15-11-2024T09:28:41 - [TEST_STEP][PASSED] - m = m.trim(): null

15-11-2024T09:28:41 - [TEST_STEP][PASSED] - dashboardName = "Выполнение бизнес-плана": null

15-11-2024T09:28:41 - [TEST_STEP][PASSED] - workbook01 = getWorkbook(excelFilePath): null

15-11-2024T09:28:41 - [TEST_STEP][PASSED] - sheet01 = getExcelSheet(workbook01, sheetName): null

15-11-2024T09:28:41 - [TEST_STEP][PASSED] - setValueToCellByIndex(sheet01, n, 0, dashboardName): null

15-11-2024T09:28:41 - [TEST_STEP][PASSED] - setValueToCellByIndex(sheet01, n, 1, dZO): null

15-11-2024T09:28:41 - [TEST_STEP][PASSED] - setValueToCellByIndex(sheet01, n, 2, typeOfData): null

15-11-2024T09:28:41 - [TEST_STEP][PASSED] - if (typeOfData == "Факт в процентах" || typeOfData == "План в процентах"): null

15-11-2024T09:28:41 - [TEST_STEP][PASSED] - else: null

15-11-2024T09:28:41 - [TEST_STEP][PASSED] - setValueToCellByIndex(sheet01, n, 3, fileInt): null

15-11-2024T09:28:41 - [TEST_STEP][PASSED] - setValueToCellByIndex(sheet01, n, 4, pageInt): null

15-11-2024T09:28:41 - [TEST_STEP][PASSED] - setValueToCellByIndex(sheet01, n, 5, m): null

15-11-2024T09:28:41 - [TEST_STEP][PASSED] - setValueToCellByIndex(sheet01, n, 6, y): null

15-11-2024T09:28:41 - [TEST_STEP][PASSED] - setValueToCellByIndex(sheet01, n, 7, todaysDate): null

15-11-2024T09:28:41 - [TEST_STEP][PASSED] - n = n + 1: null

15-11-2024T09:28:41 - [TEST_STEP][PASSED] - saveWorkbook(excelFilePath, workbook01): Object: 'Object Repository/Выполнение бизнес-плана/Кнопка Факт' is clicked on

15-11-2024T09:28:42 - [TEST_STEP][PASSED] - if (planFact == 2): null

15-11-2024T09:28:42 - [TEST_STEP][PASSED] - if (planFact == 1): null

15-11-2024T09:28:42 - [TEST_STEP][PASSED] - else if (planFact == 2): null

15-11-2024T09:28:42 - [TEST_STEP][PASSED] - click(findTestObject("Выполнение бизнес-плана/Кнопка План")): Object: 'Object Repository/Выполнение бизнес-плана/Кнопка План' is clicked on

15-11-2024T09:28:42 - [MESSAGE][PASSED] - Object: 'Object Repository/Выполнение бизнес-плана/Кнопка План' is clicked on

15-11-2024T09:28:42 - [TEST_STEP][PASSED] - typeOfDataMain = "План": null

15-11-2024T09:28:42 - [TEST_STEP][PASSED] - otpusk = findTestData("PlanFact").getValue(2, a): null

15-11-2024T09:28:42 - [TEST_STEP][PASSED] - poteri = findTestData("PlanFact").getValue(3, a): null

15-11-2024T09:28:42 - [TEST_STEP][PASSED] - otpusk = otpusk.replaceAll("\s+", ""): null

15-11-2024T09:28:42 - [TEST_STEP][PASSED] - poteri = poteri.replaceAll("\s+", ""): null

15-11-2024T09:28:42 - [TEST_STEP][PASSED] - typeOfData = typeOfDataMain + " Отпуск в сеть": null

15-11-2024T09:28:42 - [TEST_STEP][PASSED] - if (a == 82): null

15-11-2024T09:28:42 - [TEST_STEP][PASSED] - else if (a == 84): null

15-11-2024T09:28:42 - [TEST_STEP][PASSED] - else if (a == 52 || a == 72 || a == 28 || a == 73 || a == 77 || a == 74 || a == 65 || a == 36 || a == 44 || a == 53 || a == 80 || a == 54 || a == 1 || a == 18 || a == 59 || a == 81): null

15-11-2024T09:28:42 - [TEST_STEP][PASSED] - else: null

15-11-2024T09:28:42 - [TEST_STEP][PASSED] - path = dataFolder + typeOfData + " за отчётный период " + b: null

15-11-2024T09:28:42 - [TEST_STEP][PASSED] - println(path): null

15-11-2024T09:28:42 - [TEST_STEP][PASSED] - page = getText(findTestObject(path)): Text of object 'Object Repository/Выполнение бизнес-плана/Значения со страницы Выполнение бизнес-плана/План Отпуск в сеть за отчётный период Тулэнерго' is: '4 646 129'

15-11-2024T09:28:43 - [MESSAGE][PASSED] - Text of object 'Object Repository/Выполнение бизнес-плана/Значения со страницы Выполнение бизнес-плана/План Отпуск в сеть за отчётный период Тулэнерго' is: '4 646 129'

15-11-2024T09:28:43 - [TEST_STEP][PASSED] - page = page.replaceAll("\s+", ""): null

15-11-2024T09:28:43 - [TEST_STEP][PASSED] - fileOtpuskVSet = otpusk.toInteger(): null

15-11-2024T09:28:43 - [TEST_STEP][PASSED] - pageOtpuskVSet = page.toInteger(): null

15-11-2024T09:28:43 - [TEST_STEP][PASSED] - typeOfData = typeOfDataMain + " Потери": null

15-11-2024T09:28:43 - [TEST_STEP][PASSED] - if (a == 82): null

15-11-2024T09:28:43 - [TEST_STEP][PASSED] - else if (a == 84): null

15-11-2024T09:28:43 - [TEST_STEP][PASSED] - else if (a == 52 || a == 72 || a == 28 || a == 73 || a == 77 || a == 74 || a == 65 || a == 36 || a == 44 || a == 53 || a == 80 || a == 54 || a == 1 || a == 18 || a == 59 || a == 81): null

15-11-2024T09:28:43 - [TEST_STEP][PASSED] - else: null

15-11-2024T09:28:43 - [TEST_STEP][PASSED] - path = dataFolder + typeOfData + " за отчётный период " + b: null

15-11-2024T09:28:43 - [TEST_STEP][PASSED] - page = getText(findTestObject(path)): Text of object 'Object Repository/Выполнение бизнес-плана/Значения со страницы Выполнение бизнес-плана/План Потери за отчётный период Тулэнерго' is: '369 626'

15-11-2024T09:28:43 - [MESSAGE][PASSED] - Text of object 'Object Repository/Выполнение бизнес-плана/Значения со страницы Выполнение бизнес-плана/План Потери за отчётный период Тулэнерго' is: '369 626'

15-11-2024T09:28:43 - [TEST_STEP][PASSED] - page = page.replaceAll("\s+", ""): null

15-11-2024T09:28:43 - [TEST_STEP][PASSED] - filePoteri = poteri.toInteger(): null

15-11-2024T09:28:43 - [TEST_STEP][PASSED] - pagePoteri = page.toInteger(): null

15-11-2024T09:28:43 - [TEST_STEP][PASSED] - compare = pageOtpuskVSet: null

15-11-2024T09:28:43 - [TEST_STEP][PASSED] - if (compare == fileOtpuskVSet): null

15-11-2024T09:28:43 - [TEST_STEP][PASSED] - if (compare == fileOtpuskVSet): null

15-11-2024T09:28:43 - [TEST_STEP][PASSED] - compare = pagePoteri: null

15-11-2024T09:28:43 - [TEST_STEP][PASSED] - if (compare == filePoteri): null

15-11-2024T09:28:43 - [TEST_STEP][PASSED] - if (compare == filePoteri): null

15-11-2024T09:28:43 - [TEST_STEP][PASSED] - if (planFact == 2): Object: 'Object Repository/Выполнение бизнес-плана/Кнопка Факт' is clicked on

15-11-2024T09:28:43 - [TEST_STEP][PASSED] - click(findTestObject("Выполнение бизнес-плана/Кнопка Факт")): Object: 'Object Repository/Выполнение бизнес-плана/Кнопка Факт' is clicked on

15-11-2024T09:28:43 - [MESSAGE][PASSED] - Object: 'Object Repository/Выполнение бизнес-плана/Кнопка Факт' is clicked on

15-11-2024T09:28:43 - [TEST_STEP][PASSED] - if (a == 84 || a == 82): null

15-11-2024T09:28:43 - [TEST_STEP][PASSED] - else if (a == 52 || a == 72 || a == 28 || a == 73 || a == 77 || a == 74 || a == 65 || a == 36 || a == 44 || a == 53 || a == 80 || a == 54 || a == 1 || a == 18 || a == 59 || a == 81): null

15-11-2024T09:28:43 - [TEST_STEP][PASSED] - else: null

15-11-2024T09:28:43 - [TEST_STEP][PASSED] - page1 = getText(findTestObject("Object Repository/Выполнение бизнес-плана/spanPlan" + filialNum)): Text of object 'Object Repository/Выполнение бизнес-плана/spanPlan8' is: '7.96
|'

15-11-2024T09:28:43 - [MESSAGE][PASSED] - Text of object 'Object Repository/Выполнение бизнес-плана/spanPlan8' is: '7.96
|'

15-11-2024T09:28:43 - [TEST_STEP][PASSED] - page1 = page1.replace("|", ""): null

15-11-2024T09:28:43 - [TEST_STEP][PASSED] - page2 = getText(findTestObject("Object Repository/Выполнение бизнес-плана/spanFact" + filialNum)): Text of object 'Object Repository/Выполнение бизнес-плана/spanFact8' is: '7.17
|'

15-11-2024T09:28:44 - [MESSAGE][PASSED] - Text of object 'Object Repository/Выполнение бизнес-плана/spanFact8' is: '7.17
|'

15-11-2024T09:28:44 - [TEST_STEP][PASSED] - page2 = page2.replace("|", ""): null

15-11-2024T09:28:44 - [TEST_STEP][PASSED] - println("page1: " + page1): null

15-11-2024T09:28:44 - [TEST_STEP][PASSED] - println("page2: " + page2): null

15-11-2024T09:28:44 - [TEST_STEP][PASSED] - file = findTestData("PlanFact").getValue(4, a): null

15-11-2024T09:28:44 - [TEST_STEP][PASSED] - file = file.replace(",", "."): null

15-11-2024T09:28:44 - [TEST_STEP][PASSED] - println("file Plan: " + file): null

15-11-2024T09:28:44 - [TEST_STEP][PASSED] - typeOfData = "План в процентах": null

15-11-2024T09:28:44 - [TEST_STEP][PASSED] - fileDouble = file.toDouble(): null

15-11-2024T09:28:44 - [TEST_STEP][PASSED] - pageDouble = page1.toDouble(): null

15-11-2024T09:28:44 - [TEST_STEP][PASSED] - if (fileDouble != pageDouble): null

15-11-2024T09:28:44 - [TEST_STEP][PASSED] - file = findTestData("PlanFact").getValue(7, a): null

15-11-2024T09:28:44 - [TEST_STEP][PASSED] - file = file.replace(",", "."): null

15-11-2024T09:28:44 - [TEST_STEP][PASSED] - println("file Fact: " + file): null

15-11-2024T09:28:44 - [TEST_STEP][PASSED] - fileDouble = file.toDouble(): null

15-11-2024T09:28:44 - [TEST_STEP][PASSED] - typeOfData = "Факт в процентах": null

15-11-2024T09:28:44 - [TEST_STEP][PASSED] - fileDouble = file.toDouble(): null

15-11-2024T09:28:44 - [TEST_STEP][PASSED] - pageDouble = page2.toDouble(): null

15-11-2024T09:28:44 - [TEST_STEP][PASSED] - if (fileDouble != pageDouble): null

15-11-2024T09:28:44 - [TEST_STEP][FAILED] - if (verifyEqual(numberOfErrors, 0) == false): null

15-11-2024T09:28:44 - [MESSAGE][FAILED] - Unable to verify equal between actual object '2' and expected object '0' (Root cause: com.kms.katalon.core.exception.StepFailedException: Actual object '2' and expected object '0' are not equal
	at com.kms.katalon.core.keyword.builtin.VerifyEqualKeyword$_verifyEqual_closure1.doCall(VerifyEqualKeyword.groovy:58)
	at com.kms.katalon.core.keyword.builtin.VerifyEqualKeyword$_verifyEqual_closure1.call(VerifyEqualKeyword.groovy)
	at com.kms.katalon.core.keyword.internal.KeywordMain.runKeyword(KeywordMain.groovy:75)
	at com.kms.katalon.core.keyword.builtin.VerifyEqualKeyword.verifyEqual(VerifyEqualKeyword.groovy:63)
	at com.kms.katalon.core.keyword.builtin.VerifyEqualKeyword.execute(VerifyEqualKeyword.groovy:44)
	at com.kms.katalon.core.keyword.internal.KeywordExecutor.executeKeywordForPlatform(KeywordExecutor.groovy:74)
	at com.kms.katalon.core.keyword.BuiltinKeywords.verifyEqual(BuiltinKeywords.groovy:146)
	at jdk.internal.reflect.GeneratedMethodAccessor25.invoke(Unknown Source)
	at java.base/jdk.internal.reflect.DelegatingMethodAccessorImpl.invoke(DelegatingMethodAccessorImpl.java:43)
	at Выполнение бизнес-плана Сверка ПАО Россети все филиалы.Numbers(Выполнение бизнес-плана Сверка ПАО Россети все филиалы:740)
	at Выполнение бизнес-плана Сверка ПАО Россети все филиалы.Filials(Выполнение бизнес-плана Сверка ПАО Россети все филиалы:1433)
	at Выполнение бизнес-плана Сверка ПАО Россети все филиалы.Numbers(Выполнение бизнес-плана Сверка ПАО Россети все филиалы:745)
	at Выполнение бизнес-плана Сверка ПАО Россети все филиалы.run(Выполнение бизнес-плана Сверка ПАО Россети все филиалы:402)
	at com.kms.katalon.core.main.ScriptEngine.run(ScriptEngine.java:194)
	at com.kms.katalon.core.main.ScriptEngine.runScriptAsRawText(ScriptEngine.java:119)
	at com.kms.katalon.core.main.TestCaseExecutor.runScript(TestCaseExecutor.java:448)
	at com.kms.katalon.core.main.TestCaseExecutor.doExecute(TestCaseExecutor.java:439)
	at com.kms.katalon.core.main.TestCaseExecutor.processExecutionPhase(TestCaseExecutor.java:418)
	at com.kms.katalon.core.main.TestCaseExecutor.accessMainPhase(TestCaseExecutor.java:410)
	at com.kms.katalon.core.main.TestCaseExecutor.execute(TestCaseExecutor.java:285)
	at com.kms.katalon.core.common.CommonExecutor.accessTestCaseMainPhase(CommonExecutor.java:65)
	at com.kms.katalon.core.main.TestSuiteExecutor.accessTestSuiteMainPhase(TestSuiteExecutor.java:150)
	at com.kms.katalon.core.main.TestSuiteExecutor.execute(TestSuiteExecutor.java:106)
	at com.kms.katalon.core.main.TestCaseMain.startTestSuite(TestCaseMain.java:180)
	at TempTestSuite1731647997681.run(TempTestSuite1731647997681.groovy:35)
	at java.base/jdk.internal.reflect.NativeMethodAccessorImpl.invoke0(Native Method)
	at java.base/jdk.internal.reflect.NativeMethodAccessorImpl.invoke(NativeMethodAccessorImpl.java:77)
	at java.base/jdk.internal.reflect.DelegatingMethodAccessorImpl.invoke(DelegatingMethodAccessorImpl.java:43)
)

15-11-2024T09:28:44 - [TEST_STEP][PASSED] - println(numberOfErrors): null

15-11-2024T09:28:44 - [TEST_STEP][PASSED] - if (a == 28 || a == 77 || a == 74 || a == 65 || a == 36 || a == 44 || a == 54 || a == 1 || a == 18 || a == 59): null

15-11-2024T09:28:44 - [TEST_STEP][PASSED] - if (a == 82): null

15-11-2024T09:28:44 - [TEST_STEP][PASSED] - dZO = "Удмуртэнерго": null

15-11-2024T09:28:44 - [TEST_STEP][PASSED] - a = 27: null

15-11-2024T09:28:44 - [TEST_STEP][PASSED] - if (x2.contains(dZO)): null

15-11-2024T09:28:44 - [TEST_STEP][PASSED] - filialNum = filialNum + 1: null

15-11-2024T09:28:44 - [TEST_STEP][PASSED] - Script1718980020443.Numbers(a, typeOfData, todaysDate, pageInt, fileInt, pageDouble, fileDouble, dZO, dzoNum, filialNum): null

15-11-2024T09:28:44 - [TEST_STEP][PASSED] - println(dzoNum): null

15-11-2024T09:28:44 - [TEST_STEP][PASSED] - planFact = <not implemented yet for class: org.codehaus.groovy.ast.expr.EmptyExpression>: null

15-11-2024T09:28:44 - [TEST_STEP][PASSED] - page = <not implemented yet for class: org.codehaus.groovy.ast.expr.EmptyExpression>: null

15-11-2024T09:28:44 - [TEST_STEP][PASSED] - page1 = <not implemented yet for class: org.codehaus.groovy.ast.expr.EmptyExpression>: null

15-11-2024T09:28:44 - [TEST_STEP][PASSED] - page2 = <not implemented yet for class: org.codehaus.groovy.ast.expr.EmptyExpression>: null

15-11-2024T09:28:44 - [TEST_STEP][PASSED] - filialNumberInRow = <not implemented yet for class: org.codehaus.groovy.ast.expr.EmptyExpression>: null

15-11-2024T09:28:44 - [TEST_STEP][PASSED] - filialsDzoNames = <not implemented yet for class: org.codehaus.groovy.ast.expr.EmptyExpression>: null

15-11-2024T09:28:44 - [TEST_STEP][PASSED] - numberOfFilials = <not implemented yet for class: org.codehaus.groovy.ast.expr.EmptyExpression>: null

15-11-2024T09:28:44 - [TEST_STEP][PASSED] - numberOfSpaces = <not implemented yet for class: org.codehaus.groovy.ast.expr.EmptyExpression>: null

15-11-2024T09:28:44 - [TEST_STEP][PASSED] - file = <not implemented yet for class: org.codehaus.groovy.ast.expr.EmptyExpression>: null

15-11-2024T09:28:44 - [TEST_STEP][PASSED] - otpusk = <not implemented yet for class: org.codehaus.groovy.ast.expr.EmptyExpression>: null

15-11-2024T09:28:44 - [TEST_STEP][PASSED] - poteri = <not implemented yet for class: org.codehaus.groovy.ast.expr.EmptyExpression>: null

15-11-2024T09:28:44 - [TEST_STEP][PASSED] - dataFolder = "Выполнение бизнес-плана/Значения со страницы Выполнение бизнес-плана/": null

15-11-2024T09:28:44 - [TEST_STEP][PASSED] - path = <not implemented yet for class: org.codehaus.groovy.ast.expr.EmptyExpression>: null

15-11-2024T09:28:44 - [TEST_STEP][PASSED] - typeOfDataMain = <not implemented yet for class: org.codehaus.groovy.ast.expr.EmptyExpression>: null

15-11-2024T09:28:44 - [TEST_STEP][PASSED] - fileOtpuskVSet = <not implemented yet for class: org.codehaus.groovy.ast.expr.EmptyExpression>: null

15-11-2024T09:28:44 - [TEST_STEP][PASSED] - pageOtpuskVSet = <not implemented yet for class: org.codehaus.groovy.ast.expr.EmptyExpression>: null

15-11-2024T09:28:44 - [TEST_STEP][PASSED] - filePoteri = <not implemented yet for class: org.codehaus.groovy.ast.expr.EmptyExpression>: null

15-11-2024T09:28:44 - [TEST_STEP][PASSED] - pagePoteri = <not implemented yet for class: org.codehaus.groovy.ast.expr.EmptyExpression>: null

15-11-2024T09:28:44 - [TEST_STEP][PASSED] - compare = <not implemented yet for class: org.codehaus.groovy.ast.expr.EmptyExpression>: null

15-11-2024T09:28:44 - [TEST_STEP][PASSED] - b = <not implemented yet for class: org.codehaus.groovy.ast.expr.EmptyExpression>: null

15-11-2024T09:28:44 - [TEST_STEP][PASSED] - i = <not implemented yet for class: org.codehaus.groovy.ast.expr.EmptyExpression>: null

15-11-2024T09:28:44 - [TEST_STEP][PASSED] - ii = <not implemented yet for class: org.codehaus.groovy.ast.expr.EmptyExpression>: null

15-11-2024T09:28:44 - [TEST_STEP][PASSED] - c = <not implemented yet for class: org.codehaus.groovy.ast.expr.EmptyExpression>: null

15-11-2024T09:28:44 - [TEST_STEP][PASSED] - numberOfErrors = 0: null

15-11-2024T09:28:44 - [TEST_STEP][PASSED] - if (a == 82): null

15-11-2024T09:28:44 - [TEST_STEP][PASSED] - b = findTestData("PlanFact").getValue(1, a): null

15-11-2024T09:28:44 - [TEST_STEP][PASSED] - i = b.indexOf(" (ГК)"): null

15-11-2024T09:28:44 - [TEST_STEP][PASSED] - if (i > -1): null

15-11-2024T09:28:44 - [TEST_STEP][PASSED] - i = b.indexOf("О ""): null

15-11-2024T09:28:44 - [TEST_STEP][PASSED] - if (i > -1): null

15-11-2024T09:28:44 - [TEST_STEP][PASSED] - i = b.indexOf("О «"): null

15-11-2024T09:28:44 - [TEST_STEP][PASSED] - if (i > -1): null

15-11-2024T09:28:44 - [TEST_STEP][PASSED] - i = b.indexOf("г. "): null

15-11-2024T09:28:44 - [TEST_STEP][PASSED] - if (i > -1): null

15-11-2024T09:28:44 - [TEST_STEP][PASSED] - println(b): null

15-11-2024T09:28:44 - [TEST_STEP][PASSED] - for ([planFact = 1, planFact < 3, (planFact++)]): null

15-11-2024T09:28:44 - [TEST_STEP][PASSED] - if (planFact == 1): null

15-11-2024T09:28:44 - [TEST_STEP][PASSED] - typeOfDataMain = "Факт": null

15-11-2024T09:28:44 - [TEST_STEP][PASSED] - otpusk = findTestData("PlanFact").getValue(5, a): null

15-11-2024T09:28:44 - [TEST_STEP][PASSED] - poteri = findTestData("PlanFact").getValue(6, a): null

15-11-2024T09:28:44 - [TEST_STEP][PASSED] - otpusk = otpusk.replaceAll("\s+", ""): null

15-11-2024T09:28:44 - [TEST_STEP][PASSED] - poteri = poteri.replaceAll("\s+", ""): null

15-11-2024T09:28:44 - [TEST_STEP][PASSED] - typeOfData = typeOfDataMain + " Отпуск в сеть": null

15-11-2024T09:28:44 - [TEST_STEP][PASSED] - if (a == 82): null

15-11-2024T09:28:44 - [TEST_STEP][PASSED] - else if (a == 84): null

15-11-2024T09:28:44 - [TEST_STEP][PASSED] - else if (a == 52 || a == 72 || a == 28 || a == 73 || a == 77 || a == 74 || a == 65 || a == 36 || a == 44 || a == 53 || a == 80 || a == 54 || a == 1 || a == 18 || a == 59 || a == 81): null

15-11-2024T09:28:44 - [TEST_STEP][PASSED] - else: null

15-11-2024T09:28:44 - [TEST_STEP][PASSED] - path = dataFolder + typeOfData + " за отчётный период " + b: null

15-11-2024T09:28:44 - [TEST_STEP][PASSED] - println(path): null

15-11-2024T09:28:44 - [TEST_STEP][PASSED] - page = getText(findTestObject(path)): Text of object 'Object Repository/Выполнение бизнес-плана/Значения со страницы Выполнение бизнес-плана/Факт Отпуск в сеть за отчётный период Удмуртэнерго' is: '6 470 567'

15-11-2024T09:28:44 - [MESSAGE][PASSED] - Text of object 'Object Repository/Выполнение бизнес-плана/Значения со страницы Выполнение бизнес-плана/Факт Отпуск в сеть за отчётный период Удмуртэнерго' is: '6 470 567'

15-11-2024T09:28:44 - [TEST_STEP][PASSED] - page = page.replaceAll("\s+", ""): null

15-11-2024T09:28:44 - [TEST_STEP][PASSED] - fileOtpuskVSet = otpusk.toInteger(): null

15-11-2024T09:28:44 - [TEST_STEP][PASSED] - pageOtpuskVSet = page.toInteger(): null

15-11-2024T09:28:44 - [TEST_STEP][PASSED] - typeOfData = typeOfDataMain + " Потери": null

15-11-2024T09:28:44 - [TEST_STEP][PASSED] - if (a == 82): null

15-11-2024T09:28:44 - [TEST_STEP][PASSED] - else if (a == 84): null

15-11-2024T09:28:44 - [TEST_STEP][PASSED] - else if (a == 52 || a == 72 || a == 28 || a == 73 || a == 77 || a == 74 || a == 65 || a == 36 || a == 44 || a == 53 || a == 80 || a == 54 || a == 1 || a == 18 || a == 59 || a == 81): null

15-11-2024T09:28:44 - [TEST_STEP][PASSED] - else: null

15-11-2024T09:28:44 - [TEST_STEP][PASSED] - path = dataFolder + typeOfData + " за отчётный период " + b: null

15-11-2024T09:28:44 - [TEST_STEP][PASSED] - page = getText(findTestObject(path)): Text of object 'Object Repository/Выполнение бизнес-плана/Значения со страницы Выполнение бизнес-плана/Факт Потери за отчётный период Удмуртэнерго' is: '863 423'

15-11-2024T09:28:45 - [MESSAGE][PASSED] - Text of object 'Object Repository/Выполнение бизнес-плана/Значения со страницы Выполнение бизнес-плана/Факт Потери за отчётный период Удмуртэнерго' is: '863 423'

15-11-2024T09:28:45 - [TEST_STEP][PASSED] - page = page.replaceAll("\s+", ""): null

15-11-2024T09:28:45 - [TEST_STEP][PASSED] - filePoteri = poteri.toInteger(): null

15-11-2024T09:28:45 - [TEST_STEP][PASSED] - pagePoteri = page.toInteger(): null

15-11-2024T09:28:45 - [TEST_STEP][PASSED] - compare = pageOtpuskVSet: null

15-11-2024T09:28:45 - [TEST_STEP][PASSED] - if (compare == fileOtpuskVSet): null

15-11-2024T09:28:45 - [TEST_STEP][PASSED] - else if (compare > fileOtpuskVSet): null

15-11-2024T09:28:45 - [TEST_STEP][PASSED] - compare = compare - 1: null

15-11-2024T09:28:45 - [TEST_STEP][PASSED] - if (compare == fileOtpuskVSet): null

15-11-2024T09:28:45 - [TEST_STEP][PASSED] - else: null

15-11-2024T09:28:45 - [TEST_STEP][PASSED] - numberOfErrors = numberOfErrors + 1: null

15-11-2024T09:28:45 - [TEST_STEP][PASSED] - pageInt = pageOtpuskVSet: null

15-11-2024T09:28:45 - [TEST_STEP][PASSED] - fileInt = fileOtpuskVSet: null

15-11-2024T09:28:45 - [TEST_STEP][PASSED] - typeOfData = typeOfDataMain + " Отпуск в сеть": null

15-11-2024T09:28:45 - [TEST_STEP][PASSED] - Script1718980020443.WriteToExcel(a, typeOfData, todaysDate, pageInt, fileInt, pageDouble, fileDouble, dZO): null

15-11-2024T09:28:45 - [TEST_STEP][PASSED] - sheetName = "Sheet1": null

15-11-2024T09:28:45 - [TEST_STEP][PASSED] - data = findTestData("PlanFact"): null

15-11-2024T09:28:45 - [TEST_STEP][PASSED] - n = data.getRowNumbers() + 1: null

15-11-2024T09:28:45 - [TEST_STEP][PASSED] - year = todaysDate.substring(todaysDate.length() - 4, todaysDate.length()): null

15-11-2024T09:28:45 - [TEST_STEP][PASSED] - y = year.toInteger(): null

15-11-2024T09:28:45 - [TEST_STEP][PASSED] - m = getText(findTestObject("Выполнение бизнес-плана/Период")): Text of object 'Object Repository/Выполнение бизнес-плана/Период' is: '1, 2, 3 кв. 2024 года'

15-11-2024T09:28:45 - [MESSAGE][PASSED] - Text of object 'Object Repository/Выполнение бизнес-плана/Период' is: '1, 2, 3 кв. 2024 года'

15-11-2024T09:28:45 - [TEST_STEP][PASSED] - m = m.substring(0, m.indexOf("2024")): null

15-11-2024T09:28:45 - [TEST_STEP][PASSED] - m = m.trim(): null

15-11-2024T09:28:45 - [TEST_STEP][PASSED] - dashboardName = "Выполнение бизнес-плана": null

15-11-2024T09:28:45 - [TEST_STEP][PASSED] - workbook01 = getWorkbook(excelFilePath): null

15-11-2024T09:28:45 - [TEST_STEP][PASSED] - sheet01 = getExcelSheet(workbook01, sheetName): null

15-11-2024T09:28:45 - [TEST_STEP][PASSED] - setValueToCellByIndex(sheet01, n, 0, dashboardName): null

15-11-2024T09:28:45 - [TEST_STEP][PASSED] - setValueToCellByIndex(sheet01, n, 1, dZO): null

15-11-2024T09:28:45 - [TEST_STEP][PASSED] - setValueToCellByIndex(sheet01, n, 2, typeOfData): null

15-11-2024T09:28:45 - [TEST_STEP][PASSED] - if (typeOfData == "Факт в процентах" || typeOfData == "План в процентах"): null

15-11-2024T09:28:45 - [TEST_STEP][PASSED] - else: null

15-11-2024T09:28:45 - [TEST_STEP][PASSED] - setValueToCellByIndex(sheet01, n, 3, fileInt): null

15-11-2024T09:28:45 - [TEST_STEP][PASSED] - setValueToCellByIndex(sheet01, n, 4, pageInt): null

15-11-2024T09:28:45 - [TEST_STEP][PASSED] - setValueToCellByIndex(sheet01, n, 5, m): null

15-11-2024T09:28:45 - [TEST_STEP][PASSED] - setValueToCellByIndex(sheet01, n, 6, y): null

15-11-2024T09:28:45 - [TEST_STEP][PASSED] - setValueToCellByIndex(sheet01, n, 7, todaysDate): null

15-11-2024T09:28:45 - [TEST_STEP][PASSED] - n = n + 1: null

15-11-2024T09:28:45 - [TEST_STEP][PASSED] - saveWorkbook(excelFilePath, workbook01): null

15-11-2024T09:28:45 - [TEST_STEP][PASSED] - compare = pagePoteri: null

15-11-2024T09:28:45 - [TEST_STEP][PASSED] - if (compare == filePoteri): null

15-11-2024T09:28:45 - [TEST_STEP][PASSED] - else if (compare > filePoteri): null

15-11-2024T09:28:45 - [TEST_STEP][PASSED] - compare = compare - 1: null

15-11-2024T09:28:45 - [TEST_STEP][PASSED] - if (compare == filePoteri): null

15-11-2024T09:28:45 - [TEST_STEP][PASSED] - else: null

15-11-2024T09:28:45 - [TEST_STEP][PASSED] - numberOfErrors = numberOfErrors + 1: null

15-11-2024T09:28:45 - [TEST_STEP][PASSED] - pageInt = pagePoteri: null

15-11-2024T09:28:45 - [TEST_STEP][PASSED] - fileInt = filePoteri: null

15-11-2024T09:28:45 - [TEST_STEP][PASSED] - typeOfData = typeOfDataMain + " Потери": null

15-11-2024T09:28:45 - [TEST_STEP][PASSED] - Script1718980020443.WriteToExcel(a, typeOfData, todaysDate, pageInt, fileInt, pageDouble, fileDouble, dZO): null

15-11-2024T09:28:45 - [TEST_STEP][PASSED] - sheetName = "Sheet1": null

15-11-2024T09:28:45 - [TEST_STEP][PASSED] - data = findTestData("PlanFact"): null

15-11-2024T09:28:45 - [TEST_STEP][PASSED] - n = data.getRowNumbers() + 1: null

15-11-2024T09:28:45 - [TEST_STEP][PASSED] - year = todaysDate.substring(todaysDate.length() - 4, todaysDate.length()): null

15-11-2024T09:28:45 - [TEST_STEP][PASSED] - y = year.toInteger(): null

15-11-2024T09:28:45 - [TEST_STEP][PASSED] - m = getText(findTestObject("Выполнение бизнес-плана/Период")): Text of object 'Object Repository/Выполнение бизнес-плана/Период' is: '1, 2, 3 кв. 2024 года'

15-11-2024T09:28:46 - [MESSAGE][PASSED] - Text of object 'Object Repository/Выполнение бизнес-плана/Период' is: '1, 2, 3 кв. 2024 года'

15-11-2024T09:28:46 - [TEST_STEP][PASSED] - m = m.substring(0, m.indexOf("2024")): null

15-11-2024T09:28:46 - [TEST_STEP][PASSED] - m = m.trim(): null

15-11-2024T09:28:46 - [TEST_STEP][PASSED] - dashboardName = "Выполнение бизнес-плана": null

15-11-2024T09:28:46 - [TEST_STEP][PASSED] - workbook01 = getWorkbook(excelFilePath): null

15-11-2024T09:28:46 - [TEST_STEP][PASSED] - sheet01 = getExcelSheet(workbook01, sheetName): null

15-11-2024T09:28:46 - [TEST_STEP][PASSED] - setValueToCellByIndex(sheet01, n, 0, dashboardName): null

15-11-2024T09:28:46 - [TEST_STEP][PASSED] - setValueToCellByIndex(sheet01, n, 1, dZO): null

15-11-2024T09:28:46 - [TEST_STEP][PASSED] - setValueToCellByIndex(sheet01, n, 2, typeOfData): null

15-11-2024T09:28:46 - [TEST_STEP][PASSED] - if (typeOfData == "Факт в процентах" || typeOfData == "План в процентах"): null

15-11-2024T09:28:46 - [TEST_STEP][PASSED] - else: null

15-11-2024T09:28:46 - [TEST_STEP][PASSED] - setValueToCellByIndex(sheet01, n, 3, fileInt): null

15-11-2024T09:28:46 - [TEST_STEP][PASSED] - setValueToCellByIndex(sheet01, n, 4, pageInt): null

15-11-2024T09:28:46 - [TEST_STEP][PASSED] - setValueToCellByIndex(sheet01, n, 5, m): null

15-11-2024T09:28:46 - [TEST_STEP][PASSED] - setValueToCellByIndex(sheet01, n, 6, y): null

15-11-2024T09:28:46 - [TEST_STEP][PASSED] - setValueToCellByIndex(sheet01, n, 7, todaysDate): null

15-11-2024T09:28:46 - [TEST_STEP][PASSED] - n = n + 1: null

15-11-2024T09:28:46 - [TEST_STEP][PASSED] - saveWorkbook(excelFilePath, workbook01): Object: 'Object Repository/Выполнение бизнес-плана/Кнопка Факт' is clicked on

15-11-2024T09:28:46 - [TEST_STEP][PASSED] - if (planFact == 2): null

15-11-2024T09:28:46 - [TEST_STEP][PASSED] - if (planFact == 1): null

15-11-2024T09:28:46 - [TEST_STEP][PASSED] - else if (planFact == 2): null

15-11-2024T09:28:46 - [TEST_STEP][PASSED] - click(findTestObject("Выполнение бизнес-плана/Кнопка План")): Object: 'Object Repository/Выполнение бизнес-плана/Кнопка План' is clicked on

15-11-2024T09:28:46 - [MESSAGE][PASSED] - Object: 'Object Repository/Выполнение бизнес-плана/Кнопка План' is clicked on

15-11-2024T09:28:46 - [TEST_STEP][PASSED] - typeOfDataMain = "План": null

15-11-2024T09:28:46 - [TEST_STEP][PASSED] - otpusk = findTestData("PlanFact").getValue(2, a): null

15-11-2024T09:28:47 - [TEST_STEP][PASSED] - poteri = findTestData("PlanFact").getValue(3, a): null

15-11-2024T09:28:47 - [TEST_STEP][PASSED] - otpusk = otpusk.replaceAll("\s+", ""): null

15-11-2024T09:28:47 - [TEST_STEP][PASSED] - poteri = poteri.replaceAll("\s+", ""): null

15-11-2024T09:28:47 - [TEST_STEP][PASSED] - typeOfData = typeOfDataMain + " Отпуск в сеть": null

15-11-2024T09:28:47 - [TEST_STEP][PASSED] - if (a == 82): null

15-11-2024T09:28:47 - [TEST_STEP][PASSED] - else if (a == 84): null

15-11-2024T09:28:47 - [TEST_STEP][PASSED] - else if (a == 52 || a == 72 || a == 28 || a == 73 || a == 77 || a == 74 || a == 65 || a == 36 || a == 44 || a == 53 || a == 80 || a == 54 || a == 1 || a == 18 || a == 59 || a == 81): null

15-11-2024T09:28:47 - [TEST_STEP][PASSED] - else: null

15-11-2024T09:28:47 - [TEST_STEP][PASSED] - path = dataFolder + typeOfData + " за отчётный период " + b: null

15-11-2024T09:28:47 - [TEST_STEP][PASSED] - println(path): null

15-11-2024T09:28:47 - [TEST_STEP][PASSED] - page = getText(findTestObject(path)): Text of object 'Object Repository/Выполнение бизнес-плана/Значения со страницы Выполнение бизнес-плана/План Отпуск в сеть за отчётный период Удмуртэнерго' is: '5 628 783'

15-11-2024T09:28:47 - [MESSAGE][PASSED] - Text of object 'Object Repository/Выполнение бизнес-плана/Значения со страницы Выполнение бизнес-плана/План Отпуск в сеть за отчётный период Удмуртэнерго' is: '5 628 783'

15-11-2024T09:28:47 - [TEST_STEP][PASSED] - page = page.replaceAll("\s+", ""): null

15-11-2024T09:28:47 - [TEST_STEP][PASSED] - fileOtpuskVSet = otpusk.toInteger(): null

15-11-2024T09:28:47 - [TEST_STEP][PASSED] - pageOtpuskVSet = page.toInteger(): null

15-11-2024T09:28:47 - [TEST_STEP][PASSED] - typeOfData = typeOfDataMain + " Потери": null

15-11-2024T09:28:47 - [TEST_STEP][PASSED] - if (a == 82): null

15-11-2024T09:28:47 - [TEST_STEP][PASSED] - else if (a == 84): null

15-11-2024T09:28:47 - [TEST_STEP][PASSED] - else if (a == 52 || a == 72 || a == 28 || a == 73 || a == 77 || a == 74 || a == 65 || a == 36 || a == 44 || a == 53 || a == 80 || a == 54 || a == 1 || a == 18 || a == 59 || a == 81): null

15-11-2024T09:28:47 - [TEST_STEP][PASSED] - else: null

15-11-2024T09:28:47 - [TEST_STEP][PASSED] - path = dataFolder + typeOfData + " за отчётный период " + b: null

15-11-2024T09:28:47 - [TEST_STEP][PASSED] - page = getText(findTestObject(path)): Text of object 'Object Repository/Выполнение бизнес-плана/Значения со страницы Выполнение бизнес-плана/План Потери за отчётный период Удмуртэнерго' is: '347 803'

15-11-2024T09:28:47 - [MESSAGE][PASSED] - Text of object 'Object Repository/Выполнение бизнес-плана/Значения со страницы Выполнение бизнес-плана/План Потери за отчётный период Удмуртэнерго' is: '347 803'

15-11-2024T09:28:47 - [TEST_STEP][PASSED] - page = page.replaceAll("\s+", ""): null

15-11-2024T09:28:47 - [TEST_STEP][PASSED] - filePoteri = poteri.toInteger(): null

15-11-2024T09:28:47 - [TEST_STEP][PASSED] - pagePoteri = page.toInteger(): null

15-11-2024T09:28:47 - [TEST_STEP][PASSED] - compare = pageOtpuskVSet: null

15-11-2024T09:28:47 - [TEST_STEP][PASSED] - if (compare == fileOtpuskVSet): null

15-11-2024T09:28:47 - [TEST_STEP][PASSED] - if (compare == fileOtpuskVSet): null

15-11-2024T09:28:47 - [TEST_STEP][PASSED] - compare = pagePoteri: null

15-11-2024T09:28:47 - [TEST_STEP][PASSED] - if (compare == filePoteri): null

15-11-2024T09:28:47 - [TEST_STEP][PASSED] - if (compare == filePoteri): null

15-11-2024T09:28:47 - [TEST_STEP][PASSED] - if (planFact == 2): Object: 'Object Repository/Выполнение бизнес-плана/Кнопка Факт' is clicked on

15-11-2024T09:28:47 - [TEST_STEP][PASSED] - click(findTestObject("Выполнение бизнес-плана/Кнопка Факт")): Object: 'Object Repository/Выполнение бизнес-плана/Кнопка Факт' is clicked on

15-11-2024T09:28:48 - [MESSAGE][PASSED] - Object: 'Object Repository/Выполнение бизнес-плана/Кнопка Факт' is clicked on

15-11-2024T09:28:48 - [TEST_STEP][PASSED] - if (a == 84 || a == 82): null

15-11-2024T09:28:48 - [TEST_STEP][PASSED] - else if (a == 52 || a == 72 || a == 28 || a == 73 || a == 77 || a == 74 || a == 65 || a == 36 || a == 44 || a == 53 || a == 80 || a == 54 || a == 1 || a == 18 || a == 59 || a == 81): null

15-11-2024T09:28:48 - [TEST_STEP][PASSED] - else: null

15-11-2024T09:28:48 - [TEST_STEP][PASSED] - page1 = getText(findTestObject("Object Repository/Выполнение бизнес-плана/spanPlan" + filialNum)): Text of object 'Object Repository/Выполнение бизнес-плана/spanPlan9' is: '6.18
|'

15-11-2024T09:28:48 - [MESSAGE][PASSED] - Text of object 'Object Repository/Выполнение бизнес-плана/spanPlan9' is: '6.18
|'

15-11-2024T09:28:48 - [TEST_STEP][PASSED] - page1 = page1.replace("|", ""): null

15-11-2024T09:28:48 - [TEST_STEP][PASSED] - page2 = getText(findTestObject("Object Repository/Выполнение бизнес-плана/spanFact" + filialNum)): Text of object 'Object Repository/Выполнение бизнес-плана/spanFact9' is: '6.05
|'

15-11-2024T09:28:48 - [MESSAGE][PASSED] - Text of object 'Object Repository/Выполнение бизнес-плана/spanFact9' is: '6.05
|'

15-11-2024T09:28:48 - [TEST_STEP][PASSED] - page2 = page2.replace("|", ""): null

15-11-2024T09:28:48 - [TEST_STEP][PASSED] - println("page1: " + page1): null

15-11-2024T09:28:48 - [TEST_STEP][PASSED] - println("page2: " + page2): null

15-11-2024T09:28:48 - [TEST_STEP][PASSED] - file = findTestData("PlanFact").getValue(4, a): null

15-11-2024T09:28:48 - [TEST_STEP][PASSED] - file = file.replace(",", "."): null

15-11-2024T09:28:48 - [TEST_STEP][PASSED] - println("file Plan: " + file): null

15-11-2024T09:28:48 - [TEST_STEP][PASSED] - typeOfData = "План в процентах": null

15-11-2024T09:28:48 - [TEST_STEP][PASSED] - fileDouble = file.toDouble(): null

15-11-2024T09:28:48 - [TEST_STEP][PASSED] - pageDouble = page1.toDouble(): null

15-11-2024T09:28:48 - [TEST_STEP][PASSED] - if (fileDouble != pageDouble): null

15-11-2024T09:28:48 - [TEST_STEP][PASSED] - file = findTestData("PlanFact").getValue(7, a): null

15-11-2024T09:28:48 - [TEST_STEP][PASSED] - file = file.replace(",", "."): null

15-11-2024T09:28:48 - [TEST_STEP][PASSED] - println("file Fact: " + file): null

15-11-2024T09:28:48 - [TEST_STEP][PASSED] - fileDouble = file.toDouble(): null

15-11-2024T09:28:48 - [TEST_STEP][PASSED] - typeOfData = "Факт в процентах": null

15-11-2024T09:28:48 - [TEST_STEP][PASSED] - fileDouble = file.toDouble(): null

15-11-2024T09:28:48 - [TEST_STEP][PASSED] - pageDouble = page2.toDouble(): null

15-11-2024T09:28:48 - [TEST_STEP][PASSED] - if (fileDouble != pageDouble): null

15-11-2024T09:28:48 - [TEST_STEP][FAILED] - if (verifyEqual(numberOfErrors, 0) == false): null

15-11-2024T09:28:48 - [MESSAGE][FAILED] - Unable to verify equal between actual object '2' and expected object '0' (Root cause: com.kms.katalon.core.exception.StepFailedException: Actual object '2' and expected object '0' are not equal
	at com.kms.katalon.core.keyword.builtin.VerifyEqualKeyword$_verifyEqual_closure1.doCall(VerifyEqualKeyword.groovy:58)
	at com.kms.katalon.core.keyword.builtin.VerifyEqualKeyword$_verifyEqual_closure1.call(VerifyEqualKeyword.groovy)
	at com.kms.katalon.core.keyword.internal.KeywordMain.runKeyword(KeywordMain.groovy:75)
	at com.kms.katalon.core.keyword.builtin.VerifyEqualKeyword.verifyEqual(VerifyEqualKeyword.groovy:63)
	at com.kms.katalon.core.keyword.builtin.VerifyEqualKeyword.execute(VerifyEqualKeyword.groovy:44)
	at com.kms.katalon.core.keyword.internal.KeywordExecutor.executeKeywordForPlatform(KeywordExecutor.groovy:74)
	at com.kms.katalon.core.keyword.BuiltinKeywords.verifyEqual(BuiltinKeywords.groovy:146)
	at jdk.internal.reflect.GeneratedMethodAccessor25.invoke(Unknown Source)
	at java.base/jdk.internal.reflect.DelegatingMethodAccessorImpl.invoke(DelegatingMethodAccessorImpl.java:43)
	at Выполнение бизнес-плана Сверка ПАО Россети все филиалы.Numbers(Выполнение бизнес-плана Сверка ПАО Россети все филиалы:740)
	at Выполнение бизнес-плана Сверка ПАО Россети все филиалы.Filials(Выполнение бизнес-плана Сверка ПАО Россети все филиалы:1445)
	at Выполнение бизнес-плана Сверка ПАО Россети все филиалы.Numbers(Выполнение бизнес-плана Сверка ПАО Россети все филиалы:745)
	at Выполнение бизнес-плана Сверка ПАО Россети все филиалы.run(Выполнение бизнес-плана Сверка ПАО Россети все филиалы:402)
	at com.kms.katalon.core.main.ScriptEngine.run(ScriptEngine.java:194)
	at com.kms.katalon.core.main.ScriptEngine.runScriptAsRawText(ScriptEngine.java:119)
	at com.kms.katalon.core.main.TestCaseExecutor.runScript(TestCaseExecutor.java:448)
	at com.kms.katalon.core.main.TestCaseExecutor.doExecute(TestCaseExecutor.java:439)
	at com.kms.katalon.core.main.TestCaseExecutor.processExecutionPhase(TestCaseExecutor.java:418)
	at com.kms.katalon.core.main.TestCaseExecutor.accessMainPhase(TestCaseExecutor.java:410)
	at com.kms.katalon.core.main.TestCaseExecutor.execute(TestCaseExecutor.java:285)
	at com.kms.katalon.core.common.CommonExecutor.accessTestCaseMainPhase(CommonExecutor.java:65)
	at com.kms.katalon.core.main.TestSuiteExecutor.accessTestSuiteMainPhase(TestSuiteExecutor.java:150)
	at com.kms.katalon.core.main.TestSuiteExecutor.execute(TestSuiteExecutor.java:106)
	at com.kms.katalon.core.main.TestCaseMain.startTestSuite(TestCaseMain.java:180)
	at TempTestSuite1731647997681.run(TempTestSuite1731647997681.groovy:35)
	at java.base/jdk.internal.reflect.NativeMethodAccessorImpl.invoke0(Native Method)
	at java.base/jdk.internal.reflect.NativeMethodAccessorImpl.invoke(NativeMethodAccessorImpl.java:77)
	at java.base/jdk.internal.reflect.DelegatingMethodAccessorImpl.invoke(DelegatingMethodAccessorImpl.java:43)
)

15-11-2024T09:28:48 - [TEST_STEP][PASSED] - println(numberOfErrors): null

15-11-2024T09:28:48 - [TEST_STEP][PASSED] - if (a == 28 || a == 77 || a == 74 || a == 65 || a == 36 || a == 44 || a == 54 || a == 1 || a == 18 || a == 59): null

15-11-2024T09:28:48 - [TEST_STEP][PASSED] - if (a == 82): null

15-11-2024T09:28:48 - [TEST_STEP][PASSED] - filialNum = 0: null

15-11-2024T09:28:48 - [TEST_STEP][PASSED] - if (a == 36): null

15-11-2024T09:28:48 - [TEST_STEP][PASSED] - if (a == 44): null

15-11-2024T09:28:48 - [TEST_STEP][PASSED] - if (a == 54): null

15-11-2024T09:28:48 - [TEST_STEP][PASSED] - if (a == 59): null

15-11-2024T09:28:48 - [TEST_STEP][PASSED] - Script1718980020443.OpenFilter(): null

15-11-2024T09:28:48 - [TEST_STEP][PASSED] - click(findTestObject("Object Repository/Выполнение бизнес-плана/Фильтр ДЗО")): Object: 'Object Repository/Выполнение бизнес-плана/Фильтр ДЗО' is clicked on

15-11-2024T09:28:49 - [MESSAGE][PASSED] - Object: 'Object Repository/Выполнение бизнес-плана/Фильтр ДЗО' is clicked on

15-11-2024T09:28:49 - [TEST_STEP][PASSED] - click(findTestObject("Выполнение бизнес-плана/Снять выделение в фильтре ДЗО")): Object: 'Object Repository/Выполнение бизнес-плана/Снять выделение в фильтре ДЗО' is clicked on

15-11-2024T09:28:49 - [MESSAGE][PASSED] - Object: 'Object Repository/Выполнение бизнес-плана/Снять выделение в фильтре ДЗО' is clicked on

15-11-2024T09:28:49 - [TEST_STEP][PASSED] - Script1718980020443.CloseFilter(): null

15-11-2024T09:28:49 - [TEST_STEP][PASSED] - scrollToElement(findTestObject("Выполнение бизнес-плана/Заголовок дашборда"), 30): Scroll to object 'Object Repository/Выполнение бизнес-плана/Заголовок дашборда' successfully

15-11-2024T09:28:50 - [MESSAGE][PASSED] - Scroll to object 'Object Repository/Выполнение бизнес-плана/Заголовок дашборда' successfully

15-11-2024T09:28:50 - [TEST_STEP][PASSED] - click(findTestObject("Object Repository/Выполнение бизнес-плана/Применить в фильтре ДЗО")): Object: 'Object Repository/Выполнение бизнес-плана/Применить в фильтре ДЗО' is clicked on

15-11-2024T09:28:51 - [MESSAGE][PASSED] - Object: 'Object Repository/Выполнение бизнес-плана/Применить в фильтре ДЗО' is clicked on

15-11-2024T09:28:51 - [TEST_STEP][PASSED] - if (a == 82): null

15-11-2024T09:28:51 - [TEST_STEP][PASSED] - println(dzoNum): null

15-11-2024T09:28:51 - [TEST_STEP][PASSED] - dZO = "Россети Юг": null

15-11-2024T09:28:51 - [TEST_STEP][PASSED] - a = 59: null

15-11-2024T09:28:51 - [TEST_STEP][PASSED] - if (x1.contains(dZO)): null

15-11-2024T09:28:51 - [TEST_STEP][PASSED] - else: null

15-11-2024T09:28:51 - [TEST_STEP][PASSED] - Script1718980020443.NoData(a, typeOfData, todaysDate, fileInt, fileDouble, dZO): null

15-11-2024T09:28:51 - [TEST_STEP][PASSED] - println(a): null

15-11-2024T09:28:51 - [TEST_STEP][PASSED] - println(todaysDate): null

15-11-2024T09:28:51 - [TEST_STEP][PASSED] - println(fileInt): null

15-11-2024T09:28:51 - [TEST_STEP][PASSED] - println(fileDouble): null

15-11-2024T09:28:51 - [TEST_STEP][PASSED] - println(dZO): null

15-11-2024T09:28:51 - [TEST_STEP][PASSED] - typeOfData = "Факт Отпуск в сеть": null

15-11-2024T09:28:51 - [TEST_STEP][PASSED] - fileInt = replaceAll("\s+", "").toInteger(): null

15-11-2024T09:28:51 - [TEST_STEP][PASSED] - Script1718980020443.WriteToExcelNoData(a, typeOfData, todaysDate, fileInt, fileDouble, dZO): null

15-11-2024T09:28:51 - [TEST_STEP][PASSED] - sheetName = "Sheet1": null

15-11-2024T09:28:51 - [TEST_STEP][PASSED] - data = findTestData("PlanFact"): null

15-11-2024T09:28:51 - [TEST_STEP][PASSED] - n = data.getRowNumbers() + 1: null

15-11-2024T09:28:51 - [TEST_STEP][PASSED] - year = todaysDate.substring(todaysDate.length() - 4, todaysDate.length()): null

15-11-2024T09:28:51 - [TEST_STEP][PASSED] - y = year.toInteger(): null

15-11-2024T09:28:51 - [TEST_STEP][PASSED] - m = getText(findTestObject("Выполнение бизнес-плана/Период")): Text of object 'Object Repository/Выполнение бизнес-плана/Период' is: '1, 2, 3 кв. 2024 года'

15-11-2024T09:29:21 - [MESSAGE][PASSED] - Text of object 'Object Repository/Выполнение бизнес-плана/Период' is: '1, 2, 3 кв. 2024 года'

15-11-2024T09:29:21 - [TEST_STEP][PASSED] - m = m.substring(0, m.indexOf("2024")): null

15-11-2024T09:29:21 - [TEST_STEP][PASSED] - m = m.trim(): null

15-11-2024T09:29:21 - [TEST_STEP][PASSED] - dashboardName = "Выполнение бизнес-плана": null

15-11-2024T09:29:21 - [TEST_STEP][PASSED] - workbook01 = getWorkbook(excelFilePath): null

15-11-2024T09:29:21 - [TEST_STEP][PASSED] - sheet01 = getExcelSheet(workbook01, sheetName): null

15-11-2024T09:29:21 - [TEST_STEP][PASSED] - setValueToCellByIndex(sheet01, n, 0, dashboardName): null

15-11-2024T09:29:21 - [TEST_STEP][PASSED] - setValueToCellByIndex(sheet01, n, 1, dZO): null

15-11-2024T09:29:21 - [TEST_STEP][PASSED] - setValueToCellByIndex(sheet01, n, 2, typeOfData): null

15-11-2024T09:29:21 - [TEST_STEP][PASSED] - if (typeOfData == "Факт в процентах" || typeOfData == "План в процентах"): null

15-11-2024T09:29:21 - [TEST_STEP][PASSED] - else: null

15-11-2024T09:29:21 - [TEST_STEP][PASSED] - setValueToCellByIndex(sheet01, n, 3, fileInt): null

15-11-2024T09:29:21 - [TEST_STEP][PASSED] - setValueToCellByIndex(sheet01, n, 4, "нет данных"): null

15-11-2024T09:29:21 - [TEST_STEP][PASSED] - setValueToCellByIndex(sheet01, n, 5, m): null

15-11-2024T09:29:21 - [TEST_STEP][PASSED] - setValueToCellByIndex(sheet01, n, 6, y): null

15-11-2024T09:29:21 - [TEST_STEP][PASSED] - setValueToCellByIndex(sheet01, n, 7, todaysDate): null

15-11-2024T09:29:21 - [TEST_STEP][PASSED] - n = n + 1: null

15-11-2024T09:29:21 - [TEST_STEP][PASSED] - saveWorkbook(excelFilePath, workbook01): null

15-11-2024T09:29:21 - [TEST_STEP][PASSED] - typeOfData = "Факт Потери": null

15-11-2024T09:29:21 - [TEST_STEP][PASSED] - fileInt = replaceAll("\s+", "").toInteger(): null

15-11-2024T09:29:21 - [TEST_STEP][PASSED] - Script1718980020443.WriteToExcelNoData(a, typeOfData, todaysDate, fileInt, fileDouble, dZO): null

15-11-2024T09:29:21 - [TEST_STEP][PASSED] - sheetName = "Sheet1": null

15-11-2024T09:29:21 - [TEST_STEP][PASSED] - data = findTestData("PlanFact"): null

15-11-2024T09:29:22 - [TEST_STEP][PASSED] - n = data.getRowNumbers() + 1: null

15-11-2024T09:29:22 - [TEST_STEP][PASSED] - year = todaysDate.substring(todaysDate.length() - 4, todaysDate.length()): null

15-11-2024T09:29:22 - [TEST_STEP][PASSED] - y = year.toInteger(): null

15-11-2024T09:29:22 - [TEST_STEP][PASSED] - m = getText(findTestObject("Выполнение бизнес-плана/Период")): Text of object 'Object Repository/Выполнение бизнес-плана/Период' is: '1, 2, 3 кв. 2024 года'

15-11-2024T09:29:52 - [MESSAGE][PASSED] - Text of object 'Object Repository/Выполнение бизнес-плана/Период' is: '1, 2, 3 кв. 2024 года'

15-11-2024T09:29:52 - [TEST_STEP][PASSED] - m = m.substring(0, m.indexOf("2024")): null

15-11-2024T09:29:52 - [TEST_STEP][PASSED] - m = m.trim(): null

15-11-2024T09:29:52 - [TEST_STEP][PASSED] - dashboardName = "Выполнение бизнес-плана": null

15-11-2024T09:29:52 - [TEST_STEP][PASSED] - workbook01 = getWorkbook(excelFilePath): null

15-11-2024T09:29:52 - [TEST_STEP][PASSED] - sheet01 = getExcelSheet(workbook01, sheetName): null

15-11-2024T09:29:52 - [TEST_STEP][PASSED] - setValueToCellByIndex(sheet01, n, 0, dashboardName): null

15-11-2024T09:29:52 - [TEST_STEP][PASSED] - setValueToCellByIndex(sheet01, n, 1, dZO): null

15-11-2024T09:29:52 - [TEST_STEP][PASSED] - setValueToCellByIndex(sheet01, n, 2, typeOfData): null

15-11-2024T09:29:52 - [TEST_STEP][PASSED] - if (typeOfData == "Факт в процентах" || typeOfData == "План в процентах"): null

15-11-2024T09:29:52 - [TEST_STEP][PASSED] - else: null

15-11-2024T09:29:52 - [TEST_STEP][PASSED] - setValueToCellByIndex(sheet01, n, 3, fileInt): null

15-11-2024T09:29:52 - [TEST_STEP][PASSED] - setValueToCellByIndex(sheet01, n, 4, "нет данных"): null

15-11-2024T09:29:52 - [TEST_STEP][PASSED] - setValueToCellByIndex(sheet01, n, 5, m): null

15-11-2024T09:29:52 - [TEST_STEP][PASSED] - setValueToCellByIndex(sheet01, n, 6, y): null

15-11-2024T09:29:52 - [TEST_STEP][PASSED] - setValueToCellByIndex(sheet01, n, 7, todaysDate): null

15-11-2024T09:29:52 - [TEST_STEP][PASSED] - n = n + 1: null

15-11-2024T09:29:52 - [TEST_STEP][PASSED] - saveWorkbook(excelFilePath, workbook01): null

15-11-2024T09:29:52 - [TEST_STEP][PASSED] - typeOfData = "План Отпуск в сеть": null

15-11-2024T09:29:52 - [TEST_STEP][PASSED] - fileInt = replaceAll("\s+", "").toInteger(): null

15-11-2024T09:29:52 - [TEST_STEP][PASSED] - Script1718980020443.WriteToExcelNoData(a, typeOfData, todaysDate, fileInt, fileDouble, dZO): null

15-11-2024T09:29:52 - [TEST_STEP][PASSED] - sheetName = "Sheet1": null

15-11-2024T09:29:52 - [TEST_STEP][PASSED] - data = findTestData("PlanFact"): null

15-11-2024T09:29:52 - [TEST_STEP][PASSED] - n = data.getRowNumbers() + 1: null

15-11-2024T09:29:52 - [TEST_STEP][PASSED] - year = todaysDate.substring(todaysDate.length() - 4, todaysDate.length()): null

15-11-2024T09:29:52 - [TEST_STEP][PASSED] - y = year.toInteger(): null

15-11-2024T09:29:52 - [TEST_STEP][PASSED] - m = getText(findTestObject("Выполнение бизнес-плана/Период")): Text of object 'Object Repository/Выполнение бизнес-плана/Период' is: '1, 2, 3 кв. 2024 года'

15-11-2024T09:30:22 - [MESSAGE][PASSED] - Text of object 'Object Repository/Выполнение бизнес-плана/Период' is: '1, 2, 3 кв. 2024 года'

15-11-2024T09:30:22 - [TEST_STEP][PASSED] - m = m.substring(0, m.indexOf("2024")): null

15-11-2024T09:30:22 - [TEST_STEP][PASSED] - m = m.trim(): null

15-11-2024T09:30:22 - [TEST_STEP][PASSED] - dashboardName = "Выполнение бизнес-плана": null

15-11-2024T09:30:22 - [TEST_STEP][PASSED] - workbook01 = getWorkbook(excelFilePath): null

15-11-2024T09:30:22 - [TEST_STEP][PASSED] - sheet01 = getExcelSheet(workbook01, sheetName): null

15-11-2024T09:30:22 - [TEST_STEP][PASSED] - setValueToCellByIndex(sheet01, n, 0, dashboardName): null

15-11-2024T09:30:22 - [TEST_STEP][PASSED] - setValueToCellByIndex(sheet01, n, 1, dZO): null

15-11-2024T09:30:22 - [TEST_STEP][PASSED] - setValueToCellByIndex(sheet01, n, 2, typeOfData): null

15-11-2024T09:30:22 - [TEST_STEP][PASSED] - if (typeOfData == "Факт в процентах" || typeOfData == "План в процентах"): null

15-11-2024T09:30:22 - [TEST_STEP][PASSED] - else: null

15-11-2024T09:30:22 - [TEST_STEP][PASSED] - setValueToCellByIndex(sheet01, n, 3, fileInt): null

15-11-2024T09:30:22 - [TEST_STEP][PASSED] - setValueToCellByIndex(sheet01, n, 4, "нет данных"): null

15-11-2024T09:30:22 - [TEST_STEP][PASSED] - setValueToCellByIndex(sheet01, n, 5, m): null

15-11-2024T09:30:22 - [TEST_STEP][PASSED] - setValueToCellByIndex(sheet01, n, 6, y): null

15-11-2024T09:30:22 - [TEST_STEP][PASSED] - setValueToCellByIndex(sheet01, n, 7, todaysDate): null

15-11-2024T09:30:22 - [TEST_STEP][PASSED] - n = n + 1: null

15-11-2024T09:30:22 - [TEST_STEP][PASSED] - saveWorkbook(excelFilePath, workbook01): null

15-11-2024T09:30:22 - [TEST_STEP][PASSED] - typeOfData = "План Потери": null

15-11-2024T09:30:22 - [TEST_STEP][PASSED] - fileInt = replaceAll("\s+", "").toInteger(): null

15-11-2024T09:30:22 - [TEST_STEP][PASSED] - Script1718980020443.WriteToExcelNoData(a, typeOfData, todaysDate, fileInt, fileDouble, dZO): null

15-11-2024T09:30:22 - [TEST_STEP][PASSED] - sheetName = "Sheet1": null

15-11-2024T09:30:22 - [TEST_STEP][PASSED] - data = findTestData("PlanFact"): null

15-11-2024T09:30:23 - [TEST_STEP][PASSED] - n = data.getRowNumbers() + 1: null

15-11-2024T09:30:23 - [TEST_STEP][PASSED] - year = todaysDate.substring(todaysDate.length() - 4, todaysDate.length()): null

15-11-2024T09:30:23 - [TEST_STEP][PASSED] - y = year.toInteger(): null

15-11-2024T09:30:23 - [TEST_STEP][PASSED] - m = getText(findTestObject("Выполнение бизнес-плана/Период")): Text of object 'Object Repository/Выполнение бизнес-плана/Период' is: '1, 2, 3 кв. 2024 года'

15-11-2024T09:30:53 - [MESSAGE][PASSED] - Text of object 'Object Repository/Выполнение бизнес-плана/Период' is: '1, 2, 3 кв. 2024 года'

15-11-2024T09:30:53 - [TEST_STEP][PASSED] - m = m.substring(0, m.indexOf("2024")): null

15-11-2024T09:30:53 - [TEST_STEP][PASSED] - m = m.trim(): null

15-11-2024T09:30:53 - [TEST_STEP][PASSED] - dashboardName = "Выполнение бизнес-плана": null

15-11-2024T09:30:53 - [TEST_STEP][PASSED] - workbook01 = getWorkbook(excelFilePath): null

15-11-2024T09:30:53 - [TEST_STEP][PASSED] - sheet01 = getExcelSheet(workbook01, sheetName): null

15-11-2024T09:30:53 - [TEST_STEP][PASSED] - setValueToCellByIndex(sheet01, n, 0, dashboardName): null

15-11-2024T09:30:53 - [TEST_STEP][PASSED] - setValueToCellByIndex(sheet01, n, 1, dZO): null

15-11-2024T09:30:53 - [TEST_STEP][PASSED] - setValueToCellByIndex(sheet01, n, 2, typeOfData): null

15-11-2024T09:30:53 - [TEST_STEP][PASSED] - if (typeOfData == "Факт в процентах" || typeOfData == "План в процентах"): null

15-11-2024T09:30:53 - [TEST_STEP][PASSED] - else: null

15-11-2024T09:30:53 - [TEST_STEP][PASSED] - setValueToCellByIndex(sheet01, n, 3, fileInt): null

15-11-2024T09:30:53 - [TEST_STEP][PASSED] - setValueToCellByIndex(sheet01, n, 4, "нет данных"): null

15-11-2024T09:30:53 - [TEST_STEP][PASSED] - setValueToCellByIndex(sheet01, n, 5, m): null

15-11-2024T09:30:53 - [TEST_STEP][PASSED] - setValueToCellByIndex(sheet01, n, 6, y): null

15-11-2024T09:30:53 - [TEST_STEP][PASSED] - setValueToCellByIndex(sheet01, n, 7, todaysDate): null

15-11-2024T09:30:53 - [TEST_STEP][PASSED] - n = n + 1: null

15-11-2024T09:30:53 - [TEST_STEP][PASSED] - saveWorkbook(excelFilePath, workbook01): null

15-11-2024T09:30:53 - [TEST_STEP][PASSED] - typeOfData = "План в процентах": null

15-11-2024T09:30:53 - [TEST_STEP][PASSED] - fileDouble = ").toDouble(): null

15-11-2024T09:30:53 - [TEST_STEP][PASSED] - Script1718980020443.WriteToExcelNoData(a, typeOfData, todaysDate, fileInt, fileDouble, dZO): null

15-11-2024T09:30:53 - [TEST_STEP][PASSED] - sheetName = "Sheet1": null

15-11-2024T09:30:53 - [TEST_STEP][PASSED] - data = findTestData("PlanFact"): null

15-11-2024T09:30:53 - [TEST_STEP][PASSED] - n = data.getRowNumbers() + 1: null

15-11-2024T09:30:53 - [TEST_STEP][PASSED] - year = todaysDate.substring(todaysDate.length() - 4, todaysDate.length()): null

15-11-2024T09:30:53 - [TEST_STEP][PASSED] - y = year.toInteger(): null

15-11-2024T09:30:53 - [TEST_STEP][PASSED] - m = getText(findTestObject("Выполнение бизнес-плана/Период")): Text of object 'Object Repository/Выполнение бизнес-плана/Период' is: '1, 2, 3 кв. 2024 года'

15-11-2024T09:31:23 - [MESSAGE][PASSED] - Text of object 'Object Repository/Выполнение бизнес-плана/Период' is: '1, 2, 3 кв. 2024 года'

15-11-2024T09:31:23 - [TEST_STEP][PASSED] - m = m.substring(0, m.indexOf("2024")): null

15-11-2024T09:31:23 - [TEST_STEP][PASSED] - m = m.trim(): null

15-11-2024T09:31:23 - [TEST_STEP][PASSED] - dashboardName = "Выполнение бизнес-плана": null

15-11-2024T09:31:23 - [TEST_STEP][PASSED] - workbook01 = getWorkbook(excelFilePath): null

15-11-2024T09:31:23 - [TEST_STEP][PASSED] - sheet01 = getExcelSheet(workbook01, sheetName): null

15-11-2024T09:31:23 - [TEST_STEP][PASSED] - setValueToCellByIndex(sheet01, n, 0, dashboardName): null

15-11-2024T09:31:23 - [TEST_STEP][PASSED] - setValueToCellByIndex(sheet01, n, 1, dZO): null

15-11-2024T09:31:23 - [TEST_STEP][PASSED] - setValueToCellByIndex(sheet01, n, 2, typeOfData): null

15-11-2024T09:31:23 - [TEST_STEP][PASSED] - if (typeOfData == "Факт в процентах" || typeOfData == "План в процентах"): null

15-11-2024T09:31:23 - [TEST_STEP][PASSED] - setValueToCellByIndex(sheet01, n, 3, fileDouble): null

15-11-2024T09:31:23 - [TEST_STEP][PASSED] - setValueToCellByIndex(sheet01, n, 4, "нет данных"): null

15-11-2024T09:31:23 - [TEST_STEP][PASSED] - setValueToCellByIndex(sheet01, n, 5, m): null

15-11-2024T09:31:23 - [TEST_STEP][PASSED] - setValueToCellByIndex(sheet01, n, 6, y): null

15-11-2024T09:31:23 - [TEST_STEP][PASSED] - setValueToCellByIndex(sheet01, n, 7, todaysDate): null

15-11-2024T09:31:23 - [TEST_STEP][PASSED] - n = n + 1: null

15-11-2024T09:31:23 - [TEST_STEP][PASSED] - saveWorkbook(excelFilePath, workbook01): null

15-11-2024T09:31:23 - [TEST_STEP][PASSED] - typeOfData = "Факт в процентах": null

15-11-2024T09:31:23 - [TEST_STEP][PASSED] - fileDouble = ").toDouble(): null

15-11-2024T09:31:23 - [TEST_STEP][PASSED] - Script1718980020443.WriteToExcelNoData(a, typeOfData, todaysDate, fileInt, fileDouble, dZO): null

15-11-2024T09:31:23 - [TEST_STEP][PASSED] - sheetName = "Sheet1": null

15-11-2024T09:31:23 - [TEST_STEP][PASSED] - data = findTestData("PlanFact"): null

15-11-2024T09:31:24 - [TEST_STEP][PASSED] - n = data.getRowNumbers() + 1: null

15-11-2024T09:31:24 - [TEST_STEP][PASSED] - year = todaysDate.substring(todaysDate.length() - 4, todaysDate.length()): null

15-11-2024T09:31:24 - [TEST_STEP][PASSED] - y = year.toInteger(): null

15-11-2024T09:31:24 - [TEST_STEP][PASSED] - m = getText(findTestObject("Выполнение бизнес-плана/Период")): Text of object 'Object Repository/Выполнение бизнес-плана/Период' is: '1, 2, 3 кв. 2024 года'

15-11-2024T09:31:54 - [MESSAGE][PASSED] - Text of object 'Object Repository/Выполнение бизнес-плана/Период' is: '1, 2, 3 кв. 2024 года'

15-11-2024T09:31:54 - [TEST_STEP][PASSED] - m = m.substring(0, m.indexOf("2024")): null

15-11-2024T09:31:54 - [TEST_STEP][PASSED] - m = m.trim(): null

15-11-2024T09:31:54 - [TEST_STEP][PASSED] - dashboardName = "Выполнение бизнес-плана": null

15-11-2024T09:31:54 - [TEST_STEP][PASSED] - workbook01 = getWorkbook(excelFilePath): null

15-11-2024T09:31:54 - [TEST_STEP][PASSED] - sheet01 = getExcelSheet(workbook01, sheetName): null

15-11-2024T09:31:54 - [TEST_STEP][PASSED] - setValueToCellByIndex(sheet01, n, 0, dashboardName): null

15-11-2024T09:31:54 - [TEST_STEP][PASSED] - setValueToCellByIndex(sheet01, n, 1, dZO): null

15-11-2024T09:31:54 - [TEST_STEP][PASSED] - setValueToCellByIndex(sheet01, n, 2, typeOfData): null

15-11-2024T09:31:54 - [TEST_STEP][PASSED] - if (typeOfData == "Факт в процентах" || typeOfData == "План в процентах"): null

15-11-2024T09:31:54 - [TEST_STEP][PASSED] - setValueToCellByIndex(sheet01, n, 3, fileDouble): null

15-11-2024T09:31:54 - [TEST_STEP][PASSED] - setValueToCellByIndex(sheet01, n, 4, "нет данных"): null

15-11-2024T09:31:54 - [TEST_STEP][PASSED] - setValueToCellByIndex(sheet01, n, 5, m): null

15-11-2024T09:31:54 - [TEST_STEP][PASSED] - setValueToCellByIndex(sheet01, n, 6, y): null

15-11-2024T09:31:54 - [TEST_STEP][PASSED] - setValueToCellByIndex(sheet01, n, 7, todaysDate): null

15-11-2024T09:31:54 - [TEST_STEP][PASSED] - n = n + 1: null

15-11-2024T09:31:54 - [TEST_STEP][PASSED] - saveWorkbook(excelFilePath, workbook01): null

15-11-2024T09:31:54 - [TEST_STEP][PASSED] - println(dzoNum): null

15-11-2024T09:31:54 - [TEST_STEP][PASSED] - dZO = "Россети Янтарь": null

15-11-2024T09:31:54 - [TEST_STEP][PASSED] - a = 81: null

15-11-2024T09:31:54 - [TEST_STEP][PASSED] - if (x1.contains(dZO)): null

15-11-2024T09:31:54 - [TEST_STEP][PASSED] - else: null

15-11-2024T09:31:54 - [TEST_STEP][PASSED] - Script1718980020443.NoData(a, typeOfData, todaysDate, fileInt, fileDouble, dZO): null

15-11-2024T09:31:54 - [TEST_STEP][PASSED] - println(a): null

15-11-2024T09:31:54 - [TEST_STEP][PASSED] - println(todaysDate): null

15-11-2024T09:31:54 - [TEST_STEP][PASSED] - println(fileInt): null

15-11-2024T09:31:54 - [TEST_STEP][PASSED] - println(fileDouble): null

15-11-2024T09:31:54 - [TEST_STEP][PASSED] - println(dZO): null

15-11-2024T09:31:54 - [TEST_STEP][PASSED] - typeOfData = "Факт Отпуск в сеть": null

15-11-2024T09:31:54 - [TEST_STEP][PASSED] - fileInt = replaceAll("\s+", "").toInteger(): null

15-11-2024T09:31:54 - [TEST_STEP][PASSED] - Script1718980020443.WriteToExcelNoData(a, typeOfData, todaysDate, fileInt, fileDouble, dZO): null

15-11-2024T09:31:54 - [TEST_STEP][PASSED] - sheetName = "Sheet1": null

15-11-2024T09:31:54 - [TEST_STEP][PASSED] - data = findTestData("PlanFact"): null

15-11-2024T09:31:54 - [TEST_STEP][PASSED] - n = data.getRowNumbers() + 1: null

15-11-2024T09:31:54 - [TEST_STEP][PASSED] - year = todaysDate.substring(todaysDate.length() - 4, todaysDate.length()): null

15-11-2024T09:31:54 - [TEST_STEP][PASSED] - y = year.toInteger(): null

15-11-2024T09:31:54 - [TEST_STEP][PASSED] - m = getText(findTestObject("Выполнение бизнес-плана/Период")): Text of object 'Object Repository/Выполнение бизнес-плана/Период' is: '1, 2, 3 кв. 2024 года'

15-11-2024T09:32:24 - [MESSAGE][PASSED] - Text of object 'Object Repository/Выполнение бизнес-плана/Период' is: '1, 2, 3 кв. 2024 года'

15-11-2024T09:32:24 - [TEST_STEP][PASSED] - m = m.substring(0, m.indexOf("2024")): null

15-11-2024T09:32:24 - [TEST_STEP][PASSED] - m = m.trim(): null

15-11-2024T09:32:24 - [TEST_STEP][PASSED] - dashboardName = "Выполнение бизнес-плана": null

15-11-2024T09:32:24 - [TEST_STEP][PASSED] - workbook01 = getWorkbook(excelFilePath): null

15-11-2024T09:32:24 - [TEST_STEP][PASSED] - sheet01 = getExcelSheet(workbook01, sheetName): null

15-11-2024T09:32:24 - [TEST_STEP][PASSED] - setValueToCellByIndex(sheet01, n, 0, dashboardName): null

15-11-2024T09:32:24 - [TEST_STEP][PASSED] - setValueToCellByIndex(sheet01, n, 1, dZO): null

15-11-2024T09:32:24 - [TEST_STEP][PASSED] - setValueToCellByIndex(sheet01, n, 2, typeOfData): null

15-11-2024T09:32:24 - [TEST_STEP][PASSED] - if (typeOfData == "Факт в процентах" || typeOfData == "План в процентах"): null

15-11-2024T09:32:24 - [TEST_STEP][PASSED] - else: null

15-11-2024T09:32:24 - [TEST_STEP][PASSED] - setValueToCellByIndex(sheet01, n, 3, fileInt): null

15-11-2024T09:32:24 - [TEST_STEP][PASSED] - setValueToCellByIndex(sheet01, n, 4, "нет данных"): null

15-11-2024T09:32:24 - [TEST_STEP][PASSED] - setValueToCellByIndex(sheet01, n, 5, m): null

15-11-2024T09:32:24 - [TEST_STEP][PASSED] - setValueToCellByIndex(sheet01, n, 6, y): null

15-11-2024T09:32:24 - [TEST_STEP][PASSED] - setValueToCellByIndex(sheet01, n, 7, todaysDate): null

15-11-2024T09:32:24 - [TEST_STEP][PASSED] - n = n + 1: null

15-11-2024T09:32:24 - [TEST_STEP][PASSED] - saveWorkbook(excelFilePath, workbook01): null

15-11-2024T09:32:24 - [TEST_STEP][PASSED] - typeOfData = "Факт Потери": null

15-11-2024T09:32:24 - [TEST_STEP][PASSED] - fileInt = replaceAll("\s+", "").toInteger(): null

15-11-2024T09:32:24 - [TEST_STEP][PASSED] - Script1718980020443.WriteToExcelNoData(a, typeOfData, todaysDate, fileInt, fileDouble, dZO): null

15-11-2024T09:32:24 - [TEST_STEP][PASSED] - sheetName = "Sheet1": null

15-11-2024T09:32:24 - [TEST_STEP][PASSED] - data = findTestData("PlanFact"): null

15-11-2024T09:32:25 - [TEST_STEP][PASSED] - n = data.getRowNumbers() + 1: null

15-11-2024T09:32:25 - [TEST_STEP][PASSED] - year = todaysDate.substring(todaysDate.length() - 4, todaysDate.length()): null

15-11-2024T09:32:25 - [TEST_STEP][PASSED] - y = year.toInteger(): null

15-11-2024T09:32:25 - [TEST_STEP][PASSED] - m = getText(findTestObject("Выполнение бизнес-плана/Период")): Text of object 'Object Repository/Выполнение бизнес-плана/Период' is: '1, 2, 3 кв. 2024 года'

15-11-2024T09:32:55 - [MESSAGE][PASSED] - Text of object 'Object Repository/Выполнение бизнес-плана/Период' is: '1, 2, 3 кв. 2024 года'

15-11-2024T09:32:55 - [TEST_STEP][PASSED] - m = m.substring(0, m.indexOf("2024")): null

15-11-2024T09:32:55 - [TEST_STEP][PASSED] - m = m.trim(): null

15-11-2024T09:32:55 - [TEST_STEP][PASSED] - dashboardName = "Выполнение бизнес-плана": null

15-11-2024T09:32:55 - [TEST_STEP][PASSED] - workbook01 = getWorkbook(excelFilePath): null

15-11-2024T09:32:55 - [TEST_STEP][PASSED] - sheet01 = getExcelSheet(workbook01, sheetName): null

15-11-2024T09:32:55 - [TEST_STEP][PASSED] - setValueToCellByIndex(sheet01, n, 0, dashboardName): null

15-11-2024T09:32:55 - [TEST_STEP][PASSED] - setValueToCellByIndex(sheet01, n, 1, dZO): null

15-11-2024T09:32:55 - [TEST_STEP][PASSED] - setValueToCellByIndex(sheet01, n, 2, typeOfData): null

15-11-2024T09:32:55 - [TEST_STEP][PASSED] - if (typeOfData == "Факт в процентах" || typeOfData == "План в процентах"): null

15-11-2024T09:32:55 - [TEST_STEP][PASSED] - else: null

15-11-2024T09:32:55 - [TEST_STEP][PASSED] - setValueToCellByIndex(sheet01, n, 3, fileInt): null

15-11-2024T09:32:55 - [TEST_STEP][PASSED] - setValueToCellByIndex(sheet01, n, 4, "нет данных"): null

15-11-2024T09:32:55 - [TEST_STEP][PASSED] - setValueToCellByIndex(sheet01, n, 5, m): null

15-11-2024T09:32:55 - [TEST_STEP][PASSED] - setValueToCellByIndex(sheet01, n, 6, y): null

15-11-2024T09:32:55 - [TEST_STEP][PASSED] - setValueToCellByIndex(sheet01, n, 7, todaysDate): null

15-11-2024T09:32:55 - [TEST_STEP][PASSED] - n = n + 1: null

15-11-2024T09:32:55 - [TEST_STEP][PASSED] - saveWorkbook(excelFilePath, workbook01): null

15-11-2024T09:32:55 - [TEST_STEP][PASSED] - typeOfData = "План Отпуск в сеть": null

15-11-2024T09:32:55 - [TEST_STEP][PASSED] - fileInt = replaceAll("\s+", "").toInteger(): null

15-11-2024T09:32:55 - [TEST_STEP][PASSED] - Script1718980020443.WriteToExcelNoData(a, typeOfData, todaysDate, fileInt, fileDouble, dZO): null

15-11-2024T09:32:55 - [TEST_STEP][PASSED] - sheetName = "Sheet1": null

15-11-2024T09:32:55 - [TEST_STEP][PASSED] - data = findTestData("PlanFact"): null

15-11-2024T09:32:55 - [TEST_STEP][PASSED] - n = data.getRowNumbers() + 1: null

15-11-2024T09:32:55 - [TEST_STEP][PASSED] - year = todaysDate.substring(todaysDate.length() - 4, todaysDate.length()): null

15-11-2024T09:32:55 - [TEST_STEP][PASSED] - y = year.toInteger(): null

15-11-2024T09:32:55 - [TEST_STEP][PASSED] - m = getText(findTestObject("Выполнение бизнес-плана/Период")): Text of object 'Object Repository/Выполнение бизнес-плана/Период' is: '1, 2, 3 кв. 2024 года'

15-11-2024T09:33:25 - [MESSAGE][PASSED] - Text of object 'Object Repository/Выполнение бизнес-плана/Период' is: '1, 2, 3 кв. 2024 года'

15-11-2024T09:33:25 - [TEST_STEP][PASSED] - m = m.substring(0, m.indexOf("2024")): null

15-11-2024T09:33:25 - [TEST_STEP][PASSED] - m = m.trim(): null

15-11-2024T09:33:25 - [TEST_STEP][PASSED] - dashboardName = "Выполнение бизнес-плана": null

15-11-2024T09:33:25 - [TEST_STEP][PASSED] - workbook01 = getWorkbook(excelFilePath): null

15-11-2024T09:33:25 - [TEST_STEP][PASSED] - sheet01 = getExcelSheet(workbook01, sheetName): null

15-11-2024T09:33:25 - [TEST_STEP][PASSED] - setValueToCellByIndex(sheet01, n, 0, dashboardName): null

15-11-2024T09:33:25 - [TEST_STEP][PASSED] - setValueToCellByIndex(sheet01, n, 1, dZO): null

15-11-2024T09:33:25 - [TEST_STEP][PASSED] - setValueToCellByIndex(sheet01, n, 2, typeOfData): null

15-11-2024T09:33:25 - [TEST_STEP][PASSED] - if (typeOfData == "Факт в процентах" || typeOfData == "План в процентах"): null

15-11-2024T09:33:25 - [TEST_STEP][PASSED] - else: null

15-11-2024T09:33:25 - [TEST_STEP][PASSED] - setValueToCellByIndex(sheet01, n, 3, fileInt): null

15-11-2024T09:33:25 - [TEST_STEP][PASSED] - setValueToCellByIndex(sheet01, n, 4, "нет данных"): null

15-11-2024T09:33:25 - [TEST_STEP][PASSED] - setValueToCellByIndex(sheet01, n, 5, m): null

15-11-2024T09:33:25 - [TEST_STEP][PASSED] - setValueToCellByIndex(sheet01, n, 6, y): null

15-11-2024T09:33:25 - [TEST_STEP][PASSED] - setValueToCellByIndex(sheet01, n, 7, todaysDate): null

15-11-2024T09:33:25 - [TEST_STEP][PASSED] - n = n + 1: null

15-11-2024T09:33:25 - [TEST_STEP][PASSED] - saveWorkbook(excelFilePath, workbook01): null

15-11-2024T09:33:25 - [TEST_STEP][PASSED] - typeOfData = "План Потери": null

15-11-2024T09:33:25 - [TEST_STEP][PASSED] - fileInt = replaceAll("\s+", "").toInteger(): null

15-11-2024T09:33:25 - [TEST_STEP][PASSED] - Script1718980020443.WriteToExcelNoData(a, typeOfData, todaysDate, fileInt, fileDouble, dZO): null

15-11-2024T09:33:25 - [TEST_STEP][PASSED] - sheetName = "Sheet1": null

15-11-2024T09:33:25 - [TEST_STEP][PASSED] - data = findTestData("PlanFact"): null

15-11-2024T09:33:25 - [TEST_STEP][PASSED] - n = data.getRowNumbers() + 1: null

15-11-2024T09:33:25 - [TEST_STEP][PASSED] - year = todaysDate.substring(todaysDate.length() - 4, todaysDate.length()): null

15-11-2024T09:33:25 - [TEST_STEP][PASSED] - y = year.toInteger(): null

15-11-2024T09:33:25 - [TEST_STEP][PASSED] - m = getText(findTestObject("Выполнение бизнес-плана/Период")): Text of object 'Object Repository/Выполнение бизнес-плана/Период' is: '1, 2, 3 кв. 2024 года'

15-11-2024T09:33:55 - [MESSAGE][PASSED] - Text of object 'Object Repository/Выполнение бизнес-плана/Период' is: '1, 2, 3 кв. 2024 года'

15-11-2024T09:33:55 - [TEST_STEP][PASSED] - m = m.substring(0, m.indexOf("2024")): null

15-11-2024T09:33:55 - [TEST_STEP][PASSED] - m = m.trim(): null

15-11-2024T09:33:55 - [TEST_STEP][PASSED] - dashboardName = "Выполнение бизнес-плана": null

15-11-2024T09:33:55 - [TEST_STEP][PASSED] - workbook01 = getWorkbook(excelFilePath): null

15-11-2024T09:33:56 - [TEST_STEP][PASSED] - sheet01 = getExcelSheet(workbook01, sheetName): null

15-11-2024T09:33:56 - [TEST_STEP][PASSED] - setValueToCellByIndex(sheet01, n, 0, dashboardName): null

15-11-2024T09:33:56 - [TEST_STEP][PASSED] - setValueToCellByIndex(sheet01, n, 1, dZO): null

15-11-2024T09:33:56 - [TEST_STEP][PASSED] - setValueToCellByIndex(sheet01, n, 2, typeOfData): null

15-11-2024T09:33:56 - [TEST_STEP][PASSED] - if (typeOfData == "Факт в процентах" || typeOfData == "План в процентах"): null

15-11-2024T09:33:56 - [TEST_STEP][PASSED] - else: null

15-11-2024T09:33:56 - [TEST_STEP][PASSED] - setValueToCellByIndex(sheet01, n, 3, fileInt): null

15-11-2024T09:33:56 - [TEST_STEP][PASSED] - setValueToCellByIndex(sheet01, n, 4, "нет данных"): null

15-11-2024T09:33:56 - [TEST_STEP][PASSED] - setValueToCellByIndex(sheet01, n, 5, m): null

15-11-2024T09:33:56 - [TEST_STEP][PASSED] - setValueToCellByIndex(sheet01, n, 6, y): null

15-11-2024T09:33:56 - [TEST_STEP][PASSED] - setValueToCellByIndex(sheet01, n, 7, todaysDate): null

15-11-2024T09:33:56 - [TEST_STEP][PASSED] - n = n + 1: null

15-11-2024T09:33:56 - [TEST_STEP][PASSED] - saveWorkbook(excelFilePath, workbook01): null

15-11-2024T09:33:56 - [TEST_STEP][PASSED] - typeOfData = "План в процентах": null

15-11-2024T09:33:56 - [TEST_STEP][PASSED] - fileDouble = ").toDouble(): null

15-11-2024T09:33:56 - [TEST_STEP][PASSED] - Script1718980020443.WriteToExcelNoData(a, typeOfData, todaysDate, fileInt, fileDouble, dZO): null

15-11-2024T09:33:56 - [TEST_STEP][PASSED] - sheetName = "Sheet1": null

15-11-2024T09:33:56 - [TEST_STEP][PASSED] - data = findTestData("PlanFact"): null

15-11-2024T09:33:56 - [TEST_STEP][PASSED] - n = data.getRowNumbers() + 1: null

15-11-2024T09:33:56 - [TEST_STEP][PASSED] - year = todaysDate.substring(todaysDate.length() - 4, todaysDate.length()): null

15-11-2024T09:33:56 - [TEST_STEP][PASSED] - y = year.toInteger(): null

15-11-2024T09:33:56 - [TEST_STEP][PASSED] - m = getText(findTestObject("Выполнение бизнес-плана/Период")): Text of object 'Object Repository/Выполнение бизнес-плана/Период' is: '1, 2, 3 кв. 2024 года'

15-11-2024T09:34:26 - [MESSAGE][PASSED] - Text of object 'Object Repository/Выполнение бизнес-плана/Период' is: '1, 2, 3 кв. 2024 года'

15-11-2024T09:34:26 - [TEST_STEP][PASSED] - m = m.substring(0, m.indexOf("2024")): null

15-11-2024T09:34:26 - [TEST_STEP][PASSED] - m = m.trim(): null

15-11-2024T09:34:26 - [TEST_STEP][PASSED] - dashboardName = "Выполнение бизнес-плана": null

15-11-2024T09:34:26 - [TEST_STEP][PASSED] - workbook01 = getWorkbook(excelFilePath): null

15-11-2024T09:34:26 - [TEST_STEP][PASSED] - sheet01 = getExcelSheet(workbook01, sheetName): null

15-11-2024T09:34:26 - [TEST_STEP][PASSED] - setValueToCellByIndex(sheet01, n, 0, dashboardName): null

15-11-2024T09:34:26 - [TEST_STEP][PASSED] - setValueToCellByIndex(sheet01, n, 1, dZO): null

15-11-2024T09:34:26 - [TEST_STEP][PASSED] - setValueToCellByIndex(sheet01, n, 2, typeOfData): null

15-11-2024T09:34:26 - [TEST_STEP][PASSED] - if (typeOfData == "Факт в процентах" || typeOfData == "План в процентах"): null

15-11-2024T09:34:26 - [TEST_STEP][PASSED] - setValueToCellByIndex(sheet01, n, 3, fileDouble): null

15-11-2024T09:34:26 - [TEST_STEP][PASSED] - setValueToCellByIndex(sheet01, n, 4, "нет данных"): null

15-11-2024T09:34:26 - [TEST_STEP][PASSED] - setValueToCellByIndex(sheet01, n, 5, m): null

15-11-2024T09:34:26 - [TEST_STEP][PASSED] - setValueToCellByIndex(sheet01, n, 6, y): null

15-11-2024T09:34:26 - [TEST_STEP][PASSED] - setValueToCellByIndex(sheet01, n, 7, todaysDate): null

15-11-2024T09:34:26 - [TEST_STEP][PASSED] - n = n + 1: null

15-11-2024T09:34:26 - [TEST_STEP][PASSED] - saveWorkbook(excelFilePath, workbook01): null

15-11-2024T09:34:26 - [TEST_STEP][PASSED] - typeOfData = "Факт в процентах": null

15-11-2024T09:34:26 - [TEST_STEP][PASSED] - fileDouble = ").toDouble(): null

15-11-2024T09:34:26 - [TEST_STEP][PASSED] - Script1718980020443.WriteToExcelNoData(a, typeOfData, todaysDate, fileInt, fileDouble, dZO): null

15-11-2024T09:34:26 - [TEST_STEP][PASSED] - sheetName = "Sheet1": null

15-11-2024T09:34:26 - [TEST_STEP][PASSED] - data = findTestData("PlanFact"): null

15-11-2024T09:34:26 - [TEST_STEP][PASSED] - n = data.getRowNumbers() + 1: null

15-11-2024T09:34:26 - [TEST_STEP][PASSED] - year = todaysDate.substring(todaysDate.length() - 4, todaysDate.length()): null

15-11-2024T09:34:26 - [TEST_STEP][PASSED] - y = year.toInteger(): null

15-11-2024T09:34:26 - [TEST_STEP][PASSED] - m = getText(findTestObject("Выполнение бизнес-плана/Период")): Text of object 'Object Repository/Выполнение бизнес-плана/Период' is: '1, 2, 3 кв. 2024 года'

15-11-2024T09:34:56 - [MESSAGE][PASSED] - Text of object 'Object Repository/Выполнение бизнес-плана/Период' is: '1, 2, 3 кв. 2024 года'

15-11-2024T09:34:56 - [TEST_STEP][PASSED] - m = m.substring(0, m.indexOf("2024")): null

15-11-2024T09:34:56 - [TEST_STEP][PASSED] - m = m.trim(): null

15-11-2024T09:34:56 - [TEST_STEP][PASSED] - dashboardName = "Выполнение бизнес-плана": null

15-11-2024T09:34:56 - [TEST_STEP][PASSED] - workbook01 = getWorkbook(excelFilePath): null

15-11-2024T09:34:56 - [TEST_STEP][PASSED] - sheet01 = getExcelSheet(workbook01, sheetName): null

15-11-2024T09:34:56 - [TEST_STEP][PASSED] - setValueToCellByIndex(sheet01, n, 0, dashboardName): null

15-11-2024T09:34:56 - [TEST_STEP][PASSED] - setValueToCellByIndex(sheet01, n, 1, dZO): null

15-11-2024T09:34:56 - [TEST_STEP][PASSED] - setValueToCellByIndex(sheet01, n, 2, typeOfData): null

15-11-2024T09:34:56 - [TEST_STEP][PASSED] - if (typeOfData == "Факт в процентах" || typeOfData == "План в процентах"): null

15-11-2024T09:34:56 - [TEST_STEP][PASSED] - setValueToCellByIndex(sheet01, n, 3, fileDouble): null

15-11-2024T09:34:56 - [TEST_STEP][PASSED] - setValueToCellByIndex(sheet01, n, 4, "нет данных"): null

15-11-2024T09:34:56 - [TEST_STEP][PASSED] - setValueToCellByIndex(sheet01, n, 5, m): null

15-11-2024T09:34:56 - [TEST_STEP][PASSED] - setValueToCellByIndex(sheet01, n, 6, y): null

15-11-2024T09:34:56 - [TEST_STEP][PASSED] - setValueToCellByIndex(sheet01, n, 7, todaysDate): null

15-11-2024T09:34:56 - [TEST_STEP][PASSED] - n = n + 1: null

15-11-2024T09:34:56 - [TEST_STEP][PASSED] - saveWorkbook(excelFilePath, workbook01): null

15-11-2024T09:34:57 - [TEST_STEP][PASSED] - println(dzoNum): null

15-11-2024T09:34:57 - [TEST_STEP][PASSED] - closeBrowser(): Browser is closed

15-11-2024T09:34:57 - [MESSAGE][PASSED] - Browser is closed]]></system-out>
         <system-err><![CDATA[15-11-2024T08:20:02 - [TEST_CASE][FAILED] - Test Cases/Выполнение бизнес-плана/Выполнение бизнес-плана Сверка ПАО Россети все филиалы: Test Cases/Выполнение бизнес-плана/Выполнение бизнес-плана Сверка ПАО Россети все филиалы FAILED.
Reason:
com.kms.katalon.core.exception.StepFailedException: Unable to verify equal between actual object '6' and expected object '0' (Root cause: com.kms.katalon.core.exception.StepFailedException: Actual object '6' and expected object '0' are not equal
	at com.kms.katalon.core.keyword.builtin.VerifyEqualKeyword$_verifyEqual_closure1.doCall(VerifyEqualKeyword.groovy:58)
	at com.kms.katalon.core.keyword.builtin.VerifyEqualKeyword$_verifyEqual_closure1.call(VerifyEqualKeyword.groovy)
	at com.kms.katalon.core.keyword.internal.KeywordMain.runKeyword(KeywordMain.groovy:75)
	at com.kms.katalon.core.keyword.builtin.VerifyEqualKeyword.verifyEqual(VerifyEqualKeyword.groovy:63)
	at com.kms.katalon.core.keyword.builtin.VerifyEqualKeyword.execute(VerifyEqualKeyword.groovy:44)
	at com.kms.katalon.core.keyword.internal.KeywordExecutor.executeKeywordForPlatform(KeywordExecutor.groovy:74)
	at com.kms.katalon.core.keyword.BuiltinKeywords.verifyEqual(BuiltinKeywords.groovy:146)
	at java.base/jdk.internal.reflect.NativeMethodAccessorImpl.invoke0(Native Method)
	at java.base/jdk.internal.reflect.NativeMethodAccessorImpl.invoke(NativeMethodAccessorImpl.java:77)
	at java.base/jdk.internal.reflect.DelegatingMethodAccessorImpl.invoke(DelegatingMethodAccessorImpl.java:43)
	at Выполнение бизнес-плана Сверка ПАО Россети все филиалы.Numbers(Выполнение бизнес-плана Сверка ПАО Россети все филиалы:740)
	at Выполнение бизнес-плана Сверка ПАО Россети все филиалы.run(Выполнение бизнес-плана Сверка ПАО Россети все филиалы:189)
	at com.kms.katalon.core.main.ScriptEngine.run(ScriptEngine.java:194)
	at com.kms.katalon.core.main.ScriptEngine.runScriptAsRawText(ScriptEngine.java:119)
	at com.kms.katalon.core.main.TestCaseExecutor.runScript(TestCaseExecutor.java:448)
	at com.kms.katalon.core.main.TestCaseExecutor.doExecute(TestCaseExecutor.java:439)
	at com.kms.katalon.core.main.TestCaseExecutor.processExecutionPhase(TestCaseExecutor.java:418)
	at com.kms.katalon.core.main.TestCaseExecutor.accessMainPhase(TestCaseExecutor.java:410)
	at com.kms.katalon.core.main.TestCaseExecutor.execute(TestCaseExecutor.java:285)
	at com.kms.katalon.core.common.CommonExecutor.accessTestCaseMainPhase(CommonExecutor.java:65)
	at com.kms.katalon.core.main.TestSuiteExecutor.accessTestSuiteMainPhase(TestSuiteExecutor.java:150)
	at com.kms.katalon.core.main.TestSuiteExecutor.execute(TestSuiteExecutor.java:106)
	at com.kms.katalon.core.main.TestCaseMain.startTestSuite(TestCaseMain.java:180)
	at TempTestSuite1731647997681.run(TempTestSuite1731647997681.groovy:35)
	at java.base/jdk.internal.reflect.NativeMethodAccessorImpl.invoke0(Native Method)
	at java.base/jdk.internal.reflect.NativeMethodAccessorImpl.invoke(NativeMethodAccessorImpl.java:77)
	at java.base/jdk.internal.reflect.DelegatingMethodAccessorImpl.invoke(DelegatingMethodAccessorImpl.java:43)
)
	at com.kms.katalon.core.keyword.internal.KeywordMain.stepFailed(KeywordMain.groovy:39)
	at com.kms.katalon.core.keyword.internal.KeywordMain.stepFailed(KeywordMain.groovy)
	at com.kms.katalon.core.keyword.internal.KeywordMain.runKeyword(KeywordMain.groovy:77)
	at com.kms.katalon.core.keyword.builtin.VerifyEqualKeyword.verifyEqual(VerifyEqualKeyword.groovy:63)
	at com.kms.katalon.core.keyword.builtin.VerifyEqualKeyword.execute(VerifyEqualKeyword.groovy:44)
	at com.kms.katalon.core.keyword.internal.KeywordExecutor.executeKeywordForPlatform(KeywordExecutor.groovy:74)
	at com.kms.katalon.core.keyword.BuiltinKeywords.verifyEqual(BuiltinKeywords.groovy:146)
	at java.base/jdk.internal.reflect.NativeMethodAccessorImpl.invoke0(Native Method)
	at java.base/jdk.internal.reflect.NativeMethodAccessorImpl.invoke(NativeMethodAccessorImpl.java:77)
	at java.base/jdk.internal.reflect.DelegatingMethodAccessorImpl.invoke(DelegatingMethodAccessorImpl.java:43)
	at Выполнение бизнес-плана Сверка ПАО Россети все филиалы.Numbers(Выполнение бизнес-плана Сверка ПАО Россети все филиалы:740)
	at Выполнение бизнес-плана Сверка ПАО Россети все филиалы.run(Выполнение бизнес-плана Сверка ПАО Россети все филиалы:189)
	at com.kms.katalon.core.main.ScriptEngine.run(ScriptEngine.java:194)
	at com.kms.katalon.core.main.ScriptEngine.runScriptAsRawText(ScriptEngine.java:119)
	at com.kms.katalon.core.main.TestCaseExecutor.runScript(TestCaseExecutor.java:448)
	at com.kms.katalon.core.main.TestCaseExecutor.doExecute(TestCaseExecutor.java:439)
	at com.kms.katalon.core.main.TestCaseExecutor.processExecutionPhase(TestCaseExecutor.java:418)
	at com.kms.katalon.core.main.TestCaseExecutor.accessMainPhase(TestCaseExecutor.java:410)
	at com.kms.katalon.core.main.TestCaseExecutor.execute(TestCaseExecutor.java:285)
	at com.kms.katalon.core.common.CommonExecutor.accessTestCaseMainPhase(CommonExecutor.java:65)
	at com.kms.katalon.core.main.TestSuiteExecutor.accessTestSuiteMainPhase(TestSuiteExecutor.java:150)
	at com.kms.katalon.core.main.TestSuiteExecutor.execute(TestSuiteExecutor.java:106)
	at com.kms.katalon.core.main.TestCaseMain.startTestSuite(TestCaseMain.java:180)
	at TempTestSuite1731647997681.run(TempTestSuite1731647997681.groovy:35)
	at java.base/jdk.internal.reflect.NativeMethodAccessorImpl.invoke0(Native Method)
	at java.base/jdk.internal.reflect.NativeMethodAccessorImpl.invoke(NativeMethodAccessorImpl.java:77)
	at java.base/jdk.internal.reflect.DelegatingMethodAccessorImpl.invoke(DelegatingMethodAccessorImpl.java:43)
Caused by: com.kms.katalon.core.exception.StepFailedException: Actual object '6' and expected object '0' are not equal
	at com.kms.katalon.core.keyword.builtin.VerifyEqualKeyword$_verifyEqual_closure1.doCall(VerifyEqualKeyword.groovy:58)
	at com.kms.katalon.core.keyword.builtin.VerifyEqualKeyword$_verifyEqual_closure1.call(VerifyEqualKeyword.groovy)
	at com.kms.katalon.core.keyword.internal.KeywordMain.runKeyword(KeywordMain.groovy:75)
	... 24 more]]></system-err>
      </testcase>
      <system-out><![CDATA[15-11-2024T08:20:02 - [TEST_SUITE][FAILED] - Сверка с ПБЭ: Test Cases/Выполнение бизнес-плана/Выполнение бизнес-плана Сверка ПАО Россети все филиалы FAILED.
Reason:
com.kms.katalon.core.exception.StepFailedException: Unable to verify equal between actual object '6' and expected object '0' (Root cause: com.kms.katalon.core.exception.StepFailedException: Actual object '6' and expected object '0' are not equal
	at com.kms.katalon.core.keyword.builtin.VerifyEqualKeyword$_verifyEqual_closure1.doCall(VerifyEqualKeyword.groovy:58)
	at com.kms.katalon.core.keyword.builtin.VerifyEqualKeyword$_verifyEqual_closure1.call(VerifyEqualKeyword.groovy)
	at com.kms.katalon.core.keyword.internal.KeywordMain.runKeyword(KeywordMain.groovy:75)
	at com.kms.katalon.core.keyword.builtin.VerifyEqualKeyword.verifyEqual(VerifyEqualKeyword.groovy:63)
	at com.kms.katalon.core.keyword.builtin.VerifyEqualKeyword.execute(VerifyEqualKeyword.groovy:44)
	at com.kms.katalon.core.keyword.internal.KeywordExecutor.executeKeywordForPlatform(KeywordExecutor.groovy:74)
	at com.kms.katalon.core.keyword.BuiltinKeywords.verifyEqual(BuiltinKeywords.groovy:146)
	at java.base/jdk.internal.reflect.NativeMethodAccessorImpl.invoke0(Native Method)
	at java.base/jdk.internal.reflect.NativeMethodAccessorImpl.invoke(NativeMethodAccessorImpl.java:77)
	at java.base/jdk.internal.reflect.DelegatingMethodAccessorImpl.invoke(DelegatingMethodAccessorImpl.java:43)
	at Выполнение бизнес-плана Сверка ПАО Россети все филиалы.Numbers(Выполнение бизнес-плана Сверка ПАО Россети все филиалы:740)
	at Выполнение бизнес-плана Сверка ПАО Россети все филиалы.run(Выполнение бизнес-плана Сверка ПАО Россети все филиалы:189)
	at com.kms.katalon.core.main.ScriptEngine.run(ScriptEngine.java:194)
	at com.kms.katalon.core.main.ScriptEngine.runScriptAsRawText(ScriptEngine.java:119)
	at com.kms.katalon.core.main.TestCaseExecutor.runScript(TestCaseExecutor.java:448)
	at com.kms.katalon.core.main.TestCaseExecutor.doExecute(TestCaseExecutor.java:439)
	at com.kms.katalon.core.main.TestCaseExecutor.processExecutionPhase(TestCaseExecutor.java:418)
	at com.kms.katalon.core.main.TestCaseExecutor.accessMainPhase(TestCaseExecutor.java:410)
	at com.kms.katalon.core.main.TestCaseExecutor.execute(TestCaseExecutor.java:285)
	at com.kms.katalon.core.common.CommonExecutor.accessTestCaseMainPhase(CommonExecutor.java:65)
	at com.kms.katalon.core.main.TestSuiteExecutor.accessTestSuiteMainPhase(TestSuiteExecutor.java:150)
	at com.kms.katalon.core.main.TestSuiteExecutor.execute(TestSuiteExecutor.java:106)
	at com.kms.katalon.core.main.TestCaseMain.startTestSuite(TestCaseMain.java:180)
	at TempTestSuite1731647997681.run(TempTestSuite1731647997681.groovy:35)
	at java.base/jdk.internal.reflect.NativeMethodAccessorImpl.invoke0(Native Method)
	at java.base/jdk.internal.reflect.NativeMethodAccessorImpl.invoke(NativeMethodAccessorImpl.java:77)
	at java.base/jdk.internal.reflect.DelegatingMethodAccessorImpl.invoke(DelegatingMethodAccessorImpl.java:43)
)
	at com.kms.katalon.core.keyword.internal.KeywordMain.stepFailed(KeywordMain.groovy:39)
	at com.kms.katalon.core.keyword.internal.KeywordMain.stepFailed(KeywordMain.groovy)
	at com.kms.katalon.core.keyword.internal.KeywordMain.runKeyword(KeywordMain.groovy:77)
	at com.kms.katalon.core.keyword.builtin.VerifyEqualKeyword.verifyEqual(VerifyEqualKeyword.groovy:63)
	at com.kms.katalon.core.keyword.builtin.VerifyEqualKeyword.execute(VerifyEqualKeyword.groovy:44)
	at com.kms.katalon.core.keyword.internal.KeywordExecutor.executeKeywordForPlatform(KeywordExecutor.groovy:74)
	at com.kms.katalon.core.keyword.BuiltinKeywords.verifyEqual(BuiltinKeywords.groovy:146)
	at java.base/jdk.internal.reflect.NativeMethodAccessorImpl.invoke0(Native Method)
	at java.base/jdk.internal.reflect.NativeMethodAccessorImpl.invoke(NativeMethodAccessorImpl.java:77)
	at java.base/jdk.internal.reflect.DelegatingMethodAccessorImpl.invoke(DelegatingMethodAccessorImpl.java:43)
	at Выполнение бизнес-плана Сверка ПАО Россети все филиалы.Numbers(Выполнение бизнес-плана Сверка ПАО Россети все филиалы:740)
	at Выполнение бизнес-плана Сверка ПАО Россети все филиалы.run(Выполнение бизнес-плана Сверка ПАО Россети все филиалы:189)
	at com.kms.katalon.core.main.ScriptEngine.run(ScriptEngine.java:194)
	at com.kms.katalon.core.main.ScriptEngine.runScriptAsRawText(ScriptEngine.java:119)
	at com.kms.katalon.core.main.TestCaseExecutor.runScript(TestCaseExecutor.java:448)
	at com.kms.katalon.core.main.TestCaseExecutor.doExecute(TestCaseExecutor.java:439)
	at com.kms.katalon.core.main.TestCaseExecutor.processExecutionPhase(TestCaseExecutor.java:418)
	at com.kms.katalon.core.main.TestCaseExecutor.accessMainPhase(TestCaseExecutor.java:410)
	at com.kms.katalon.core.main.TestCaseExecutor.execute(TestCaseExecutor.java:285)
	at com.kms.katalon.core.common.CommonExecutor.accessTestCaseMainPhase(CommonExecutor.java:65)
	at com.kms.katalon.core.main.TestSuiteExecutor.accessTestSuiteMainPhase(TestSuiteExecutor.java:150)
	at com.kms.katalon.core.main.TestSuiteExecutor.execute(TestSuiteExecutor.java:106)
	at com.kms.katalon.core.main.TestCaseMain.startTestSuite(TestCaseMain.java:180)
	at TempTestSuite1731647997681.run(TempTestSuite1731647997681.groovy:35)
	at java.base/jdk.internal.reflect.NativeMethodAccessorImpl.invoke0(Native Method)
	at java.base/jdk.internal.reflect.NativeMethodAccessorImpl.invoke(NativeMethodAccessorImpl.java:77)
	at java.base/jdk.internal.reflect.DelegatingMethodAccessorImpl.invoke(DelegatingMethodAccessorImpl.java:43)
Caused by: com.kms.katalon.core.exception.StepFailedException: Actual object '6' and expected object '0' are not equal
	at com.kms.katalon.core.keyword.builtin.VerifyEqualKeyword$_verifyEqual_closure1.doCall(VerifyEqualKeyword.groovy:58)
	at com.kms.katalon.core.keyword.builtin.VerifyEqualKeyword$_verifyEqual_closure1.call(VerifyEqualKeyword.groovy)
	at com.kms.katalon.core.keyword.internal.KeywordMain.runKeyword(KeywordMain.groovy:75)
	... 24 more]]></system-out>
      <system-err><![CDATA[15-11-2024T08:20:02 - [TEST_SUITE][FAILED] - Сверка с ПБЭ: Test Cases/Выполнение бизнес-плана/Выполнение бизнес-плана Сверка ПАО Россети все филиалы FAILED.
Reason:
com.kms.katalon.core.exception.StepFailedException: Unable to verify equal between actual object '6' and expected object '0' (Root cause: com.kms.katalon.core.exception.StepFailedException: Actual object '6' and expected object '0' are not equal
	at com.kms.katalon.core.keyword.builtin.VerifyEqualKeyword$_verifyEqual_closure1.doCall(VerifyEqualKeyword.groovy:58)
	at com.kms.katalon.core.keyword.builtin.VerifyEqualKeyword$_verifyEqual_closure1.call(VerifyEqualKeyword.groovy)
	at com.kms.katalon.core.keyword.internal.KeywordMain.runKeyword(KeywordMain.groovy:75)
	at com.kms.katalon.core.keyword.builtin.VerifyEqualKeyword.verifyEqual(VerifyEqualKeyword.groovy:63)
	at com.kms.katalon.core.keyword.builtin.VerifyEqualKeyword.execute(VerifyEqualKeyword.groovy:44)
	at com.kms.katalon.core.keyword.internal.KeywordExecutor.executeKeywordForPlatform(KeywordExecutor.groovy:74)
	at com.kms.katalon.core.keyword.BuiltinKeywords.verifyEqual(BuiltinKeywords.groovy:146)
	at java.base/jdk.internal.reflect.NativeMethodAccessorImpl.invoke0(Native Method)
	at java.base/jdk.internal.reflect.NativeMethodAccessorImpl.invoke(NativeMethodAccessorImpl.java:77)
	at java.base/jdk.internal.reflect.DelegatingMethodAccessorImpl.invoke(DelegatingMethodAccessorImpl.java:43)
	at Выполнение бизнес-плана Сверка ПАО Россети все филиалы.Numbers(Выполнение бизнес-плана Сверка ПАО Россети все филиалы:740)
	at Выполнение бизнес-плана Сверка ПАО Россети все филиалы.run(Выполнение бизнес-плана Сверка ПАО Россети все филиалы:189)
	at com.kms.katalon.core.main.ScriptEngine.run(ScriptEngine.java:194)
	at com.kms.katalon.core.main.ScriptEngine.runScriptAsRawText(ScriptEngine.java:119)
	at com.kms.katalon.core.main.TestCaseExecutor.runScript(TestCaseExecutor.java:448)
	at com.kms.katalon.core.main.TestCaseExecutor.doExecute(TestCaseExecutor.java:439)
	at com.kms.katalon.core.main.TestCaseExecutor.processExecutionPhase(TestCaseExecutor.java:418)
	at com.kms.katalon.core.main.TestCaseExecutor.accessMainPhase(TestCaseExecutor.java:410)
	at com.kms.katalon.core.main.TestCaseExecutor.execute(TestCaseExecutor.java:285)
	at com.kms.katalon.core.common.CommonExecutor.accessTestCaseMainPhase(CommonExecutor.java:65)
	at com.kms.katalon.core.main.TestSuiteExecutor.accessTestSuiteMainPhase(TestSuiteExecutor.java:150)
	at com.kms.katalon.core.main.TestSuiteExecutor.execute(TestSuiteExecutor.java:106)
	at com.kms.katalon.core.main.TestCaseMain.startTestSuite(TestCaseMain.java:180)
	at TempTestSuite1731647997681.run(TempTestSuite1731647997681.groovy:35)
	at java.base/jdk.internal.reflect.NativeMethodAccessorImpl.invoke0(Native Method)
	at java.base/jdk.internal.reflect.NativeMethodAccessorImpl.invoke(NativeMethodAccessorImpl.java:77)
	at java.base/jdk.internal.reflect.DelegatingMethodAccessorImpl.invoke(DelegatingMethodAccessorImpl.java:43)
)
	at com.kms.katalon.core.keyword.internal.KeywordMain.stepFailed(KeywordMain.groovy:39)
	at com.kms.katalon.core.keyword.internal.KeywordMain.stepFailed(KeywordMain.groovy)
	at com.kms.katalon.core.keyword.internal.KeywordMain.runKeyword(KeywordMain.groovy:77)
	at com.kms.katalon.core.keyword.builtin.VerifyEqualKeyword.verifyEqual(VerifyEqualKeyword.groovy:63)
	at com.kms.katalon.core.keyword.builtin.VerifyEqualKeyword.execute(VerifyEqualKeyword.groovy:44)
	at com.kms.katalon.core.keyword.internal.KeywordExecutor.executeKeywordForPlatform(KeywordExecutor.groovy:74)
	at com.kms.katalon.core.keyword.BuiltinKeywords.verifyEqual(BuiltinKeywords.groovy:146)
	at java.base/jdk.internal.reflect.NativeMethodAccessorImpl.invoke0(Native Method)
	at java.base/jdk.internal.reflect.NativeMethodAccessorImpl.invoke(NativeMethodAccessorImpl.java:77)
	at java.base/jdk.internal.reflect.DelegatingMethodAccessorImpl.invoke(DelegatingMethodAccessorImpl.java:43)
	at Выполнение бизнес-плана Сверка ПАО Россети все филиалы.Numbers(Выполнение бизнес-плана Сверка ПАО Россети все филиалы:740)
	at Выполнение бизнес-плана Сверка ПАО Россети все филиалы.run(Выполнение бизнес-плана Сверка ПАО Россети все филиалы:189)
	at com.kms.katalon.core.main.ScriptEngine.run(ScriptEngine.java:194)
	at com.kms.katalon.core.main.ScriptEngine.runScriptAsRawText(ScriptEngine.java:119)
	at com.kms.katalon.core.main.TestCaseExecutor.runScript(TestCaseExecutor.java:448)
	at com.kms.katalon.core.main.TestCaseExecutor.doExecute(TestCaseExecutor.java:439)
	at com.kms.katalon.core.main.TestCaseExecutor.processExecutionPhase(TestCaseExecutor.java:418)
	at com.kms.katalon.core.main.TestCaseExecutor.accessMainPhase(TestCaseExecutor.java:410)
	at com.kms.katalon.core.main.TestCaseExecutor.execute(TestCaseExecutor.java:285)
	at com.kms.katalon.core.common.CommonExecutor.accessTestCaseMainPhase(CommonExecutor.java:65)
	at com.kms.katalon.core.main.TestSuiteExecutor.accessTestSuiteMainPhase(TestSuiteExecutor.java:150)
	at com.kms.katalon.core.main.TestSuiteExecutor.execute(TestSuiteExecutor.java:106)
	at com.kms.katalon.core.main.TestCaseMain.startTestSuite(TestCaseMain.java:180)
	at TempTestSuite1731647997681.run(TempTestSuite1731647997681.groovy:35)
	at java.base/jdk.internal.reflect.NativeMethodAccessorImpl.invoke0(Native Method)
	at java.base/jdk.internal.reflect.NativeMethodAccessorImpl.invoke(NativeMethodAccessorImpl.java:77)
	at java.base/jdk.internal.reflect.DelegatingMethodAccessorImpl.invoke(DelegatingMethodAccessorImpl.java:43)
Caused by: com.kms.katalon.core.exception.StepFailedException: Actual object '6' and expected object '0' are not equal
	at com.kms.katalon.core.keyword.builtin.VerifyEqualKeyword$_verifyEqual_closure1.doCall(VerifyEqualKeyword.groovy:58)
	at com.kms.katalon.core.keyword.builtin.VerifyEqualKeyword$_verifyEqual_closure1.call(VerifyEqualKeyword.groovy)
	at com.kms.katalon.core.keyword.internal.KeywordMain.runKeyword(KeywordMain.groovy:75)
	... 24 more]]></system-err>
   </testsuite>
</testsuites>
