<?xml version="1.0" encoding="UTF-8"?>
<testsuites name="Сверка с ПБЭ" time="1000.139" tests="1" failures="1" errors="0">
   <testsuite name="Сверка с ПБЭ" tests="1" failures="1" errors="0" time="1000.139" skipped="0" timestamp="11-12-2024T07:53:49" hostname="liazgina-di - UVV-WS904-D.ot.ru" id="Test Suites/Пн-Ср-Пт/Сверка с ПБЭ">
      <properties>
         <property name="deviceName" value=""/>
         <property name="devicePlatform"/>
         <property name="logFolder" value="C:\\Users\\LIAZGINA-DI\\git\\SPORU\\Reports\\20241211_075345\\\u041F\u043D-\u0421\u0440-\u041F\u0442\\\u0421\u0432\u0435\u0440\u043A\u0430 \u0441 \u041F\u0411\u042D\\20241211_075345"/>
         <property name="logFiles" value="C:\\Users\\LIAZGINA-DI\\git\\SPORU\\Reports\\20241211_075345\\\u041F\u043D-\u0421\u0440-\u041F\u0442\\\u0421\u0432\u0435\u0440\u043A\u0430 \u0441 \u041F\u0411\u042D\\20241211_075345\\execution0.log, C:\\Users\\LIAZGINA-DI\\git\\SPORU\\Reports\\20241211_075345\\\u041F\u043D-\u0421\u0440-\u041F\u0442\\\u0421\u0432\u0435\u0440\u043A\u0430 \u0441 \u041F\u0411\u042D\\20241211_075345\\execution1.log"/>
         <property name="attachments" value=""/>
         <property name="hostName" value="liazgina-di - UVV-WS904-D.ot.ru"/>
         <property name="os" value="Windows 10 64bit"/>
         <property name="katalonVersion" value="9.5.0.217"/>
         <property name="browser" value="Chrome 131.0.0.0"/>
         <property name="hostAddress" value="192.168.0.19"/>
         <property name="sessionId" value="4074f53ac269281ade000cde7b8a03d9"/>
         <property name="seleniumVersion" value="3.141.59"/>
         <property name="proxyInformation" value="ProxyInformation { proxyOption=NO_PROXY, proxyServerType=HTTP, username=, password=********, proxyServerAddress=, proxyServerPort=0, executionList=&quot;&quot;, isApplyToDesiredCapabilities=true }"/>
         <property name="platform" value="Windows 10"/>
      </properties>
      <testcase name="Test Cases/Выполнение бизнес-плана/Выполнение бизнес-плана Сверка ПАО Россети все филиалы" time="999.95" classname="Test Cases/Выполнение бизнес-плана/Выполнение бизнес-плана Сверка ПАО Россети все филиалы" status="FAILED">
         <failure type="FAILED" message="Test Cases/Выполнение бизнес-плана/Выполнение бизнес-плана Сверка ПАО Россети все филиалы FAILED.&#xa;Reason:&#xa;com.kms.katalon.core.exception.StepFailedException: Unable to verify equal between actual object '6' and expected object '0' (Root cause: com.kms.katalon.core.exception.StepFailedException: Actual object '6' and expected object '0' are not equal&#xa;	at com.kms.katalon.core.keyword.builtin.VerifyEqualKeyword$_verifyEqual_closure1.doCall(VerifyEqualKeyword.groovy:58)&#xa;	at com.kms.katalon.core.keyword.builtin.VerifyEqualKeyword$_verifyEqual_closure1.call(VerifyEqualKeyword.groovy)&#xa;	at com.kms.katalon.core.keyword.internal.KeywordMain.runKeyword(KeywordMain.groovy:75)&#xa;	at com.kms.katalon.core.keyword.builtin.VerifyEqualKeyword.verifyEqual(VerifyEqualKeyword.groovy:63)&#xa;	at com.kms.katalon.core.keyword.builtin.VerifyEqualKeyword.execute(VerifyEqualKeyword.groovy:44)&#xa;	at com.kms.katalon.core.keyword.internal.KeywordExecutor.executeKeywordForPlatform(KeywordExecutor.groovy:74)&#xa;	at com.kms.katalon.core.keyword.BuiltinKeywords.verifyEqual(BuiltinKeywords.groovy:146)&#xa;	at java.base/jdk.internal.reflect.NativeMethodAccessorImpl.invoke0(Native Method)&#xa;	at java.base/jdk.internal.reflect.NativeMethodAccessorImpl.invoke(NativeMethodAccessorImpl.java:77)&#xa;	at java.base/jdk.internal.reflect.DelegatingMethodAccessorImpl.invoke(DelegatingMethodAccessorImpl.java:43)&#xa;	at Выполнение бизнес-плана Сверка ПАО Россети все филиалы.Numbers(Выполнение бизнес-плана Сверка ПАО Россети все филиалы:752)&#xa;	at Выполнение бизнес-плана Сверка ПАО Россети все филиалы.run(Выполнение бизнес-плана Сверка ПАО Россети все филиалы:201)&#xa;	at com.kms.katalon.core.main.ScriptEngine.run(ScriptEngine.java:194)&#xa;	at com.kms.katalon.core.main.ScriptEngine.runScriptAsRawText(ScriptEngine.java:119)&#xa;	at com.kms.katalon.core.main.TestCaseExecutor.runScript(TestCaseExecutor.java:448)&#xa;	at com.kms.katalon.core.main.TestCaseExecutor.doExecute(TestCaseExecutor.java:439)&#xa;	at com.kms.katalon.core.main.TestCaseExecutor.processExecutionPhase(TestCaseExecutor.java:418)&#xa;	at com.kms.katalon.core.main.TestCaseExecutor.accessMainPhase(TestCaseExecutor.java:410)&#xa;	at com.kms.katalon.core.main.TestCaseExecutor.execute(TestCaseExecutor.java:285)&#xa;	at com.kms.katalon.core.common.CommonExecutor.accessTestCaseMainPhase(CommonExecutor.java:65)&#xa;	at com.kms.katalon.core.main.TestSuiteExecutor.accessTestSuiteMainPhase(TestSuiteExecutor.java:150)&#xa;	at com.kms.katalon.core.main.TestSuiteExecutor.execute(TestSuiteExecutor.java:106)&#xa;	at com.kms.katalon.core.main.TestCaseMain.startTestSuite(TestCaseMain.java:180)&#xa;	at TempTestSuite1733892825375.run(TempTestSuite1733892825375.groovy:35)&#xa;	at java.base/jdk.internal.reflect.NativeMethodAccessorImpl.invoke0(Native Method)&#xa;	at java.base/jdk.internal.reflect.NativeMethodAccessorImpl.invoke(NativeMethodAccessorImpl.java:77)&#xa;	at java.base/jdk.internal.reflect.DelegatingMethodAccessorImpl.invoke(DelegatingMethodAccessorImpl.java:43)&#xa;)&#xa;	at com.kms.katalon.core.keyword.internal.KeywordMain.stepFailed(KeywordMain.groovy:39)&#xa;	at com.kms.katalon.core.keyword.internal.KeywordMain.stepFailed(KeywordMain.groovy)&#xa;	at com.kms.katalon.core.keyword.internal.KeywordMain.runKeyword(KeywordMain.groovy:77)&#xa;	at com.kms.katalon.core.keyword.builtin.VerifyEqualKeyword.verifyEqual(VerifyEqualKeyword.groovy:63)&#xa;	at com.kms.katalon.core.keyword.builtin.VerifyEqualKeyword.execute(VerifyEqualKeyword.groovy:44)&#xa;	at com.kms.katalon.core.keyword.internal.KeywordExecutor.executeKeywordForPlatform(KeywordExecutor.groovy:74)&#xa;	at com.kms.katalon.core.keyword.BuiltinKeywords.verifyEqual(BuiltinKeywords.groovy:146)&#xa;	at java.base/jdk.internal.reflect.NativeMethodAccessorImpl.invoke0(Native Method)&#xa;	at java.base/jdk.internal.reflect.NativeMethodAccessorImpl.invoke(NativeMethodAccessorImpl.java:77)&#xa;	at java.base/jdk.internal.reflect.DelegatingMethodAccessorImpl.invoke(DelegatingMethodAccessorImpl.java:43)&#xa;	at Выполнение бизнес-плана Сверка ПАО Россети все филиалы.Numbers(Выполнение бизнес-плана Сверка ПАО Россети все филиалы:752)&#xa;	at Выполнение бизнес-плана Сверка ПАО Россети все филиалы.run(Выполнение бизнес-плана Сверка ПАО Россети все филиалы:201)&#xa;	at com.kms.katalon.core.main.ScriptEngine.run(ScriptEngine.java:194)&#xa;	at com.kms.katalon.core.main.ScriptEngine.runScriptAsRawText(ScriptEngine.java:119)&#xa;	at com.kms.katalon.core.main.TestCaseExecutor.runScript(TestCaseExecutor.java:448)&#xa;	at com.kms.katalon.core.main.TestCaseExecutor.doExecute(TestCaseExecutor.java:439)&#xa;	at com.kms.katalon.core.main.TestCaseExecutor.processExecutionPhase(TestCaseExecutor.java:418)&#xa;	at com.kms.katalon.core.main.TestCaseExecutor.accessMainPhase(TestCaseExecutor.java:410)&#xa;	at com.kms.katalon.core.main.TestCaseExecutor.execute(TestCaseExecutor.java:285)&#xa;	at com.kms.katalon.core.common.CommonExecutor.accessTestCaseMainPhase(CommonExecutor.java:65)&#xa;	at com.kms.katalon.core.main.TestSuiteExecutor.accessTestSuiteMainPhase(TestSuiteExecutor.java:150)&#xa;	at com.kms.katalon.core.main.TestSuiteExecutor.execute(TestSuiteExecutor.java:106)&#xa;	at com.kms.katalon.core.main.TestCaseMain.startTestSuite(TestCaseMain.java:180)&#xa;	at TempTestSuite1733892825375.run(TempTestSuite1733892825375.groovy:35)&#xa;	at java.base/jdk.internal.reflect.NativeMethodAccessorImpl.invoke0(Native Method)&#xa;	at java.base/jdk.internal.reflect.NativeMethodAccessorImpl.invoke(NativeMethodAccessorImpl.java:77)&#xa;	at java.base/jdk.internal.reflect.DelegatingMethodAccessorImpl.invoke(DelegatingMethodAccessorImpl.java:43)&#xa;Caused by: com.kms.katalon.core.exception.StepFailedException: Actual object '6' and expected object '0' are not equal&#xa;	at com.kms.katalon.core.keyword.builtin.VerifyEqualKeyword$_verifyEqual_closure1.doCall(VerifyEqualKeyword.groovy:58)&#xa;	at com.kms.katalon.core.keyword.builtin.VerifyEqualKeyword$_verifyEqual_closure1.call(VerifyEqualKeyword.groovy)&#xa;	at com.kms.katalon.core.keyword.internal.KeywordMain.runKeyword(KeywordMain.groovy:75)&#xa;	... 24 more&#xa;"/>
         <system-out><![CDATA[11-12-2024T07:53:50 - [TEST_CASE][FAILED] - Test Cases/Выполнение бизнес-плана/Выполнение бизнес-плана Сверка ПАО Россети все филиалы: Test Cases/Выполнение бизнес-плана/Выполнение бизнес-плана Сверка ПАО Россети все филиалы FAILED.
Reason:
com.kms.katalon.core.exception.StepFailedException: Unable to verify equal between actual object '6' and expected object '0' (Root cause: com.kms.katalon.core.exception.StepFailedException: Actual object '6' and expected object '0' are not equal
	at com.kms.katalon.core.keyword.builtin.VerifyEqualKeyword$_verifyEqual_closure1.doCall(VerifyEqualKeyword.groovy:58)
	at com.kms.katalon.core.keyword.builtin.VerifyEqualKeyword$_verifyEqual_closure1.call(VerifyEqualKeyword.groovy)
	at com.kms.katalon.core.keyword.internal.KeywordMain.runKeyword(KeywordMain.groovy:75)
	at com.kms.katalon.core.keyword.builtin.VerifyEqualKeyword.verifyEqual(VerifyEqualKeyword.groovy:63)
	at com.kms.katalon.core.keyword.builtin.VerifyEqualKeyword.execute(VerifyEqualKeyword.groovy:44)
	at com.kms.katalon.core.keyword.internal.KeywordExecutor.executeKeywordForPlatform(KeywordExecutor.groovy:74)
	at com.kms.katalon.core.keyword.BuiltinKeywords.verifyEqual(BuiltinKeywords.groovy:146)
	at java.base/jdk.internal.reflect.NativeMethodAccessorImpl.invoke0(Native Method)
	at java.base/jdk.internal.reflect.NativeMethodAccessorImpl.invoke(NativeMethodAccessorImpl.java:77)
	at java.base/jdk.internal.reflect.DelegatingMethodAccessorImpl.invoke(DelegatingMethodAccessorImpl.java:43)
	at Выполнение бизнес-плана Сверка ПАО Россети все филиалы.Numbers(Выполнение бизнес-плана Сверка ПАО Россети все филиалы:752)
	at Выполнение бизнес-плана Сверка ПАО Россети все филиалы.run(Выполнение бизнес-плана Сверка ПАО Россети все филиалы:201)
	at com.kms.katalon.core.main.ScriptEngine.run(ScriptEngine.java:194)
	at com.kms.katalon.core.main.ScriptEngine.runScriptAsRawText(ScriptEngine.java:119)
	at com.kms.katalon.core.main.TestCaseExecutor.runScript(TestCaseExecutor.java:448)
	at com.kms.katalon.core.main.TestCaseExecutor.doExecute(TestCaseExecutor.java:439)
	at com.kms.katalon.core.main.TestCaseExecutor.processExecutionPhase(TestCaseExecutor.java:418)
	at com.kms.katalon.core.main.TestCaseExecutor.accessMainPhase(TestCaseExecutor.java:410)
	at com.kms.katalon.core.main.TestCaseExecutor.execute(TestCaseExecutor.java:285)
	at com.kms.katalon.core.common.CommonExecutor.accessTestCaseMainPhase(CommonExecutor.java:65)
	at com.kms.katalon.core.main.TestSuiteExecutor.accessTestSuiteMainPhase(TestSuiteExecutor.java:150)
	at com.kms.katalon.core.main.TestSuiteExecutor.execute(TestSuiteExecutor.java:106)
	at com.kms.katalon.core.main.TestCaseMain.startTestSuite(TestCaseMain.java:180)
	at TempTestSuite1733892825375.run(TempTestSuite1733892825375.groovy:35)
	at java.base/jdk.internal.reflect.NativeMethodAccessorImpl.invoke0(Native Method)
	at java.base/jdk.internal.reflect.NativeMethodAccessorImpl.invoke(NativeMethodAccessorImpl.java:77)
	at java.base/jdk.internal.reflect.DelegatingMethodAccessorImpl.invoke(DelegatingMethodAccessorImpl.java:43)
)
	at com.kms.katalon.core.keyword.internal.KeywordMain.stepFailed(KeywordMain.groovy:39)
	at com.kms.katalon.core.keyword.internal.KeywordMain.stepFailed(KeywordMain.groovy)
	at com.kms.katalon.core.keyword.internal.KeywordMain.runKeyword(KeywordMain.groovy:77)
	at com.kms.katalon.core.keyword.builtin.VerifyEqualKeyword.verifyEqual(VerifyEqualKeyword.groovy:63)
	at com.kms.katalon.core.keyword.builtin.VerifyEqualKeyword.execute(VerifyEqualKeyword.groovy:44)
	at com.kms.katalon.core.keyword.internal.KeywordExecutor.executeKeywordForPlatform(KeywordExecutor.groovy:74)
	at com.kms.katalon.core.keyword.BuiltinKeywords.verifyEqual(BuiltinKeywords.groovy:146)
	at java.base/jdk.internal.reflect.NativeMethodAccessorImpl.invoke0(Native Method)
	at java.base/jdk.internal.reflect.NativeMethodAccessorImpl.invoke(NativeMethodAccessorImpl.java:77)
	at java.base/jdk.internal.reflect.DelegatingMethodAccessorImpl.invoke(DelegatingMethodAccessorImpl.java:43)
	at Выполнение бизнес-плана Сверка ПАО Россети все филиалы.Numbers(Выполнение бизнес-плана Сверка ПАО Россети все филиалы:752)
	at Выполнение бизнес-плана Сверка ПАО Россети все филиалы.run(Выполнение бизнес-плана Сверка ПАО Россети все филиалы:201)
	at com.kms.katalon.core.main.ScriptEngine.run(ScriptEngine.java:194)
	at com.kms.katalon.core.main.ScriptEngine.runScriptAsRawText(ScriptEngine.java:119)
	at com.kms.katalon.core.main.TestCaseExecutor.runScript(TestCaseExecutor.java:448)
	at com.kms.katalon.core.main.TestCaseExecutor.doExecute(TestCaseExecutor.java:439)
	at com.kms.katalon.core.main.TestCaseExecutor.processExecutionPhase(TestCaseExecutor.java:418)
	at com.kms.katalon.core.main.TestCaseExecutor.accessMainPhase(TestCaseExecutor.java:410)
	at com.kms.katalon.core.main.TestCaseExecutor.execute(TestCaseExecutor.java:285)
	at com.kms.katalon.core.common.CommonExecutor.accessTestCaseMainPhase(CommonExecutor.java:65)
	at com.kms.katalon.core.main.TestSuiteExecutor.accessTestSuiteMainPhase(TestSuiteExecutor.java:150)
	at com.kms.katalon.core.main.TestSuiteExecutor.execute(TestSuiteExecutor.java:106)
	at com.kms.katalon.core.main.TestCaseMain.startTestSuite(TestCaseMain.java:180)
	at TempTestSuite1733892825375.run(TempTestSuite1733892825375.groovy:35)
	at java.base/jdk.internal.reflect.NativeMethodAccessorImpl.invoke0(Native Method)
	at java.base/jdk.internal.reflect.NativeMethodAccessorImpl.invoke(NativeMethodAccessorImpl.java:77)
	at java.base/jdk.internal.reflect.DelegatingMethodAccessorImpl.invoke(DelegatingMethodAccessorImpl.java:43)
Caused by: com.kms.katalon.core.exception.StepFailedException: Actual object '6' and expected object '0' are not equal
	at com.kms.katalon.core.keyword.builtin.VerifyEqualKeyword$_verifyEqual_closure1.doCall(VerifyEqualKeyword.groovy:58)
	at com.kms.katalon.core.keyword.builtin.VerifyEqualKeyword$_verifyEqual_closure1.call(VerifyEqualKeyword.groovy)
	at com.kms.katalon.core.keyword.internal.KeywordMain.runKeyword(KeywordMain.groovy:75)
	... 24 more


11-12-2024T07:53:51 - [TEST_STEP][PASSED] - openBrowser(""): Browser is opened with url: ''

11-12-2024T07:53:51 - [MESSAGE][INFO] - Starting 'Chrome' driver

11-12-2024T07:53:51 - [MESSAGE][INFO] - Action delay is set to 0 milliseconds

11-12-2024T07:53:53 - [MESSAGE][PASSED] - Browser is opened with url: ''

11-12-2024T07:53:53 - [TEST_STEP][PASSED] - date = new java.util.Date(): null

11-12-2024T07:53:53 - [TEST_STEP][PASSED] - todaysDate = date.format("dd.MM.yyyy"): null

11-12-2024T07:53:53 - [TEST_STEP][PASSED] - dZO = <not implemented yet for class: org.codehaus.groovy.ast.expr.EmptyExpression>: null

11-12-2024T07:53:53 - [TEST_STEP][PASSED] - a = <not implemented yet for class: org.codehaus.groovy.ast.expr.EmptyExpression>: null

11-12-2024T07:53:53 - [TEST_STEP][PASSED] - fileperc = <not implemented yet for class: org.codehaus.groovy.ast.expr.EmptyExpression>: null

11-12-2024T07:53:53 - [TEST_STEP][PASSED] - pageperc = <not implemented yet for class: org.codehaus.groovy.ast.expr.EmptyExpression>: null

11-12-2024T07:53:53 - [TEST_STEP][PASSED] - pageInt = <not implemented yet for class: org.codehaus.groovy.ast.expr.EmptyExpression>: null

11-12-2024T07:53:53 - [TEST_STEP][PASSED] - fileInt = <not implemented yet for class: org.codehaus.groovy.ast.expr.EmptyExpression>: null

11-12-2024T07:53:53 - [TEST_STEP][PASSED] - pageDouble = <not implemented yet for class: org.codehaus.groovy.ast.expr.EmptyExpression>: null

11-12-2024T07:53:53 - [TEST_STEP][PASSED] - fileDouble = <not implemented yet for class: org.codehaus.groovy.ast.expr.EmptyExpression>: null

11-12-2024T07:53:53 - [TEST_STEP][PASSED] - typeOfData = <not implemented yet for class: org.codehaus.groovy.ast.expr.EmptyExpression>: null

11-12-2024T07:53:53 - [TEST_STEP][PASSED] - dzoNum = 0: null

11-12-2024T07:53:53 - [TEST_STEP][PASSED] - filialNum = 0: null

11-12-2024T07:53:53 - [TEST_STEP][PASSED] - urlText = <not implemented yet for class: org.codehaus.groovy.ast.expr.EmptyExpression>: null

11-12-2024T07:53:53 - [TEST_STEP][PASSED] - searchWord = <not implemented yet for class: org.codehaus.groovy.ast.expr.EmptyExpression>: null

11-12-2024T07:53:53 - [TEST_STEP][PASSED] - i = <not implemented yet for class: org.codehaus.groovy.ast.expr.EmptyExpression>: null

11-12-2024T07:53:53 - [TEST_STEP][PASSED] - ii = <not implemented yet for class: org.codehaus.groovy.ast.expr.EmptyExpression>: null

11-12-2024T07:53:53 - [TEST_STEP][PASSED] - navigateToUrl(findTestData("PlanFact").getValue(10, 1)): Navigate to 'https://bi.rosseti.digital/viewer?dashboardGuid=d154a8eaf6824e2b9de1bb04dd061c18&sheetGuid=1305e8ce744049e1abdacea1ea397a26&fit=true' successfully

11-12-2024T07:53:59 - [MESSAGE][PASSED] - Navigate to 'https://bi.rosseti.digital/viewer?dashboardGuid=d154a8eaf6824e2b9de1bb04dd061c18&sheetGuid=1305e8ce744049e1abdacea1ea397a26&fit=true' successfully

11-12-2024T07:53:59 - [TEST_STEP][PASSED] - urlText = getText(findTestObject("Страница авторизации/Text")): Text of object 'Object Repository/Страница авторизации/Text' is: 'Вход'

11-12-2024T07:54:02 - [MESSAGE][PASSED] - Text of object 'Object Repository/Страница авторизации/Text' is: 'Вход'

11-12-2024T07:54:02 - [TEST_STEP][PASSED] - delay(20): Delayed 20 second(s)

11-12-2024T07:54:22 - [MESSAGE][PASSED] - Delayed 20 second(s)

11-12-2024T07:54:22 - [TEST_STEP][PASSED] - searchWord = "Вход": null

11-12-2024T07:54:22 - [TEST_STEP][PASSED] - if (urlText.contains(searchWord) == false): null

11-12-2024T07:54:22 - [TEST_STEP][PASSED] - setText(findTestObject("Страница авторизации/input__username"), findTestData("PlanFact").getValue(8, 1)): Text 'liazgina-di' is set on object 'Object Repository/Страница авторизации/input__username'

11-12-2024T07:54:23 - [MESSAGE][PASSED] - Text 'liazgina-di' is set on object 'Object Repository/Страница авторизации/input__username'

11-12-2024T07:54:23 - [TEST_STEP][PASSED] - setText(findTestObject("Страница авторизации/input__password"), findTestData("PlanFact").getValue(9, 1)): Text ')$%5srZ8o688Dm#q' is set on object 'Object Repository/Страница авторизации/input__password'

11-12-2024T07:54:24 - [MESSAGE][PASSED] - Text ')$%5srZ8o688Dm#q' is set on object 'Object Repository/Страница авторизации/input__password'

11-12-2024T07:54:24 - [TEST_STEP][PASSED] - click(findTestObject("Страница авторизации/button_")): Object: 'Object Repository/Страница авторизации/button_' is clicked on

11-12-2024T07:54:26 - [MESSAGE][PASSED] - Object: 'Object Repository/Страница авторизации/button_' is clicked on

11-12-2024T07:54:26 - [TEST_STEP][PASSED] - delay(50): Delayed 50 second(s)

11-12-2024T07:55:16 - [MESSAGE][PASSED] - Delayed 50 second(s)

11-12-2024T07:55:16 - [TEST_STEP][PASSED] - searchWord = "ДЗО": null

11-12-2024T07:55:16 - [TEST_STEP][PASSED] - urlText = getText(findTestObject("Страница авторизации/Text")): Text of object 'Object Repository/Страница авторизации/Text' is: 'ДЗО 
Все
Период
1, 2, 3 кв., Октябрь 2024 года
Отклонения фактического уровня потерь от бизнес-плана, п.п.
-0.07
3.72
3.84
-0.05
0.15
-0.50
-0.27
АО «Тываэнерго»
АО «Чеченэнерго»
Россети Северный Кавказ
Россети Сибирь
Россети Тюмень
Россети Центр (ГК)
Россети Центр и Приволжье (ГК)
-1
0
1
2
3
4
5
6
7

Уровень потерь электроэнергии
АО «Тываэнерго»
АО «Чеченэнерго»
Россети Северный Кавказ
Россети Сибирь
Россети Тюмень
Россети Центр (ГК)
Россети Центр и Приволжье (ГК)
0
10
20
30
40
50
60
70
21.24
|
32.87
23.70
7.14
|
2.50
10.14
|
7.04
|
21.17
36.59
|
27.54
|
7.09
2.65
|
9.64
6.77
п.п.
0.04
Итого
0
0.02
0.04
0.06
%
5.39 5.39
5.35 5.35
План
Факт
1
100

● Бизнес-план выполнен● ●● Превышение бизнес-плана
Отклонения фактического уровня потерь от бизнес-плана за 3 месяца (нарастающим итогом), п.п.
-0.0-0.0
4.14.1
4.04.0
-0.1-0.1
0.10.1
-0.4-0.4
-0.2-0.2
-0.1-0.1
3.73.7
3.83.8
-0.0-0.0
0.10.1
-0.5-0.5
-0.2-0.2
-0.1-0.1
3.73.7
3.83.8
-0.0-0.0
0.10.1
-0.5-0.5
-0.3-0.3
Россети ФСКЕЭС
АО«Тываэнерго»
АО«Чеченэнерго»
Россети Волга
РоссетиКубань
РоссетиЛенэнерго (ГК)
РоссетиМосковскийрегион
РоссетиСеверныйКавказ (ГК)
Россети Северо-Запад
Россети Сибирь(ГК)
Россети Томск
Россети Тюмень
Россети Урал(ГК)
Россети Центр
Россети Центр иПриволжье (ГК)
Россети Юг (Г…
РоссетиЯнтарь
0
-5
5
п.п.
Отклонения фактического уровня потерь от бизнес-плана за 3 месяца (нарастающим итогом)
-0.2-0.2
-0.0-0.0
0.20.2
-0.1-0.1
4.24.2
-1.7-1.7
-0.1-0.1
-0.3-0.3
-0.1-0.1
0.30.3
-0.7-0.7
-0.4-0.4
8.48.4
0.20.2
13.213.2
-0.2-0.2
-0.1-0.1
-0.5-0.5
-0.3-0.3
3.83.8
-1.8-1.8
-0.1-0.1
-0.3-0.3
-0.2-0.2
0.40.4
-0.7-0.7
-0.4-0.4
8.08.0
0.30.3
13.213.2
-0.1-0.1
-0.2-0.2
-0.3-0.3
-1.8-1.8
-0.1-0.1
-0.3-0.3
-0.2-0.2
0.40.4
-0.7-0.7
-0.5-0.5
0.40.4
Итого по ФСК ЕЭС
Каббалкэнерго
Калмэнерго
Калугаэнерго
АО "Кинешемская электросеть"
АО "Тываэнерго"
АО «ВМЭС»
АО «Воронежская горэлектросеть»
АО «Тульские городские электрические сети»
АО «Чеченэнерго»
АО «Ярославская электросетевая компания»
АО ЕЭСК
Алтайэнерго
Архангельский филиал
Астраханьэнерго
Белгородэнерго
Брянскэнерго
Бурятэнерго
Владимирэнерго
Волгоградэнерго
Вологодский филиал
Воронежэнерго
Дагэнерго
Ивэнерго
Ингушэнерго
-5
15

Статус данных
Просьба обратить внимание
— все данные не занесены
Факт
План
Итого – Факт
Отпуск в сеть 211 719 944
Отпуск из сети 192 987 366
Потери 18 732 578
Итого – План
Отпуск в сеть 206 707 707
Отпуск из сети 189 135 798
Потери 17 571 909
Выполнение бизнес-плана в части показателя «Уровень потерь электроэнергии»
Показатели баланса электроэнергии по ДЗО – Факт 
642 168 3 034 612 17 367 779 52 412 668 43 413 766 49 425 284 45 596 339
506 218 1 924 288 12 584 601 48 697 705 42 264 622 44 662 142 42 504 429
135 950 1 110 325 4 783 177 3 714 964 1 149 143 4 763 141 3 091 910
Показатели баланса электроэнергии по ДЗО – План
608 287 2 822 152 16 300 204 50 003 068 45 056 130 48 037 333 44 041 851
479 095 1 894 447 12 437 092 46 434 624 43 930 370 43 167 677 40 938 806
129 192 927 705 3 863 112 3 568 444 1 125 760 4 869 656 3 103 045'

11-12-2024T07:55:42 - [MESSAGE][PASSED] - Text of object 'Object Repository/Страница авторизации/Text' is: 'ДЗО 
Все
Период
1, 2, 3 кв., Октябрь 2024 года
Отклонения фактического уровня потерь от бизнес-плана, п.п.
-0.07
3.72
3.84
-0.05
0.15
-0.50
-0.27
АО «Тываэнерго»
АО «Чеченэнерго»
Россети Северный Кавказ
Россети Сибирь
Россети Тюмень
Россети Центр (ГК)
Россети Центр и Приволжье (ГК)
-1
0
1
2
3
4
5
6
7

Уровень потерь электроэнергии
АО «Тываэнерго»
АО «Чеченэнерго»
Россети Северный Кавказ
Россети Сибирь
Россети Тюмень
Россети Центр (ГК)
Россети Центр и Приволжье (ГК)
0
10
20
30
40
50
60
70
21.24
|
32.87
23.70
7.14
|
2.50
10.14
|
7.04
|
21.17
36.59
|
27.54
|
7.09
2.65
|
9.64
6.77
п.п.
0.04
Итого
0
0.02
0.04
0.06
%
5.39 5.39
5.35 5.35
План
Факт
1
100

● Бизнес-план выполнен● ●● Превышение бизнес-плана
Отклонения фактического уровня потерь от бизнес-плана за 3 месяца (нарастающим итогом), п.п.
-0.0-0.0
4.14.1
4.04.0
-0.1-0.1
0.10.1
-0.4-0.4
-0.2-0.2
-0.1-0.1
3.73.7
3.83.8
-0.0-0.0
0.10.1
-0.5-0.5
-0.2-0.2
-0.1-0.1
3.73.7
3.83.8
-0.0-0.0
0.10.1
-0.5-0.5
-0.3-0.3
Россети ФСКЕЭС
АО«Тываэнерго»
АО«Чеченэнерго»
Россети Волга
РоссетиКубань
РоссетиЛенэнерго (ГК)
РоссетиМосковскийрегион
РоссетиСеверныйКавказ (ГК)
Россети Северо-Запад
Россети Сибирь(ГК)
Россети Томск
Россети Тюмень
Россети Урал(ГК)
Россети Центр
Россети Центр иПриволжье (ГК)
Россети Юг (Г…
РоссетиЯнтарь
0
-5
5
п.п.
Отклонения фактического уровня потерь от бизнес-плана за 3 месяца (нарастающим итогом)
-0.2-0.2
-0.0-0.0
0.20.2
-0.1-0.1
4.24.2
-1.7-1.7
-0.1-0.1
-0.3-0.3
-0.1-0.1
0.30.3
-0.7-0.7
-0.4-0.4
8.48.4
0.20.2
13.213.2
-0.2-0.2
-0.1-0.1
-0.5-0.5
-0.3-0.3
3.83.8
-1.8-1.8
-0.1-0.1
-0.3-0.3
-0.2-0.2
0.40.4
-0.7-0.7
-0.4-0.4
8.08.0
0.30.3
13.213.2
-0.1-0.1
-0.2-0.2
-0.3-0.3
-1.8-1.8
-0.1-0.1
-0.3-0.3
-0.2-0.2
0.40.4
-0.7-0.7
-0.5-0.5
0.40.4
Итого по ФСК ЕЭС
Каббалкэнерго
Калмэнерго
Калугаэнерго
АО "Кинешемская электросеть"
АО "Тываэнерго"
АО «ВМЭС»
АО «Воронежская горэлектросеть»
АО «Тульские городские электрические сети»
АО «Чеченэнерго»
АО «Ярославская электросетевая компания»
АО ЕЭСК
Алтайэнерго
Архангельский филиал
Астраханьэнерго
Белгородэнерго
Брянскэнерго
Бурятэнерго
Владимирэнерго
Волгоградэнерго
Вологодский филиал
Воронежэнерго
Дагэнерго
Ивэнерго
Ингушэнерго
-5
15

Статус данных
Просьба обратить внимание
— все данные не занесены
Факт
План
Итого – Факт
Отпуск в сеть 211 719 944
Отпуск из сети 192 987 366
Потери 18 732 578
Итого – План
Отпуск в сеть 206 707 707
Отпуск из сети 189 135 798
Потери 17 571 909
Выполнение бизнес-плана в части показателя «Уровень потерь электроэнергии»
Показатели баланса электроэнергии по ДЗО – Факт 
642 168 3 034 612 17 367 779 52 412 668 43 413 766 49 425 284 45 596 339
506 218 1 924 288 12 584 601 48 697 705 42 264 622 44 662 142 42 504 429
135 950 1 110 325 4 783 177 3 714 964 1 149 143 4 763 141 3 091 910
Показатели баланса электроэнергии по ДЗО – План
608 287 2 822 152 16 300 204 50 003 068 45 056 130 48 037 333 44 041 851
479 095 1 894 447 12 437 092 46 434 624 43 930 370 43 167 677 40 938 806
129 192 927 705 3 863 112 3 568 444 1 125 760 4 869 656 3 103 045'

11-12-2024T07:55:42 - [TEST_STEP][PASSED] - if (urlText.contains("ошибка") || urlText.contains(searchWord) == false): null

11-12-2024T07:55:42 - [TEST_STEP][PASSED] - Script1718980020443.ZakrytOpoveshenie(): null

11-12-2024T07:55:42 - [TEST_STEP][PASSED] - delay(10): Delayed 10 second(s)

11-12-2024T07:55:52 - [MESSAGE][PASSED] - Delayed 10 second(s)

11-12-2024T07:55:52 - [TEST_STEP][PASSED] - opoveshenie = getText(findTestObject("Выполнение бизнес-плана/Просьба обратить внимание")): Text of object 'Object Repository/Выполнение бизнес-плана/Просьба обратить внимание' is: 'Просьба обратить внимание'

11-12-2024T07:55:52 - [MESSAGE][PASSED] - Text of object 'Object Repository/Выполнение бизнес-плана/Просьба обратить внимание' is: 'Просьба обратить внимание'

11-12-2024T07:55:52 - [TEST_STEP][PASSED] - println(opoveshenie): null

11-12-2024T07:55:52 - [TEST_STEP][PASSED] - if (opoveshenie == "Просьба обратить внимание"): Object: 'Object Repository/Выполнение бизнес-плана/Закрыть оповещение' is clicked on

11-12-2024T07:55:52 - [TEST_STEP][PASSED] - click(findTestObject("Выполнение бизнес-плана/Закрыть оповещение")): Object: 'Object Repository/Выполнение бизнес-плана/Закрыть оповещение' is clicked on

11-12-2024T07:55:52 - [MESSAGE][PASSED] - Object: 'Object Repository/Выполнение бизнес-плана/Закрыть оповещение' is clicked on

11-12-2024T07:55:52 - [TEST_STEP][PASSED] - click(findTestObject("Object Repository/Выполнение бизнес-плана/Фильтр Дата")): Object: 'Object Repository/Выполнение бизнес-плана/Фильтр Дата' is clicked on

11-12-2024T07:55:53 - [MESSAGE][PASSED] - Object: 'Object Repository/Выполнение бизнес-плана/Фильтр Дата' is clicked on

11-12-2024T07:55:53 - [TEST_STEP][PASSED] - click(findTestObject("Выполнение бизнес-плана/Снять выделение в фильтре Дата")): Object: 'Object Repository/Выполнение бизнес-плана/Снять выделение в фильтре Дата' is clicked on

11-12-2024T07:55:53 - [MESSAGE][PASSED] - Object: 'Object Repository/Выполнение бизнес-плана/Снять выделение в фильтре Дата' is clicked on

11-12-2024T07:55:53 - [TEST_STEP][PASSED] - click(findTestObject("Object Repository/Выполнение бизнес-плана/Применить в фильтре Дата")): Object: 'Object Repository/Выполнение бизнес-плана/Применить в фильтре Дата' is clicked on

11-12-2024T07:55:54 - [MESSAGE][PASSED] - Object: 'Object Repository/Выполнение бизнес-плана/Применить в фильтре Дата' is clicked on

11-12-2024T07:55:54 - [TEST_STEP][PASSED] - delay(50): Delayed 50 second(s)

11-12-2024T07:56:44 - [MESSAGE][PASSED] - Delayed 50 second(s)

11-12-2024T07:56:44 - [TEST_STEP][PASSED] - Script1718980020443.ZakrytOpoveshenie(): null

11-12-2024T07:56:44 - [TEST_STEP][PASSED] - delay(10): Delayed 10 second(s)

11-12-2024T07:56:54 - [MESSAGE][PASSED] - Delayed 10 second(s)

11-12-2024T07:56:54 - [TEST_STEP][PASSED] - opoveshenie = getText(findTestObject("Выполнение бизнес-плана/Просьба обратить внимание")): Text of object 'Object Repository/Выполнение бизнес-плана/Просьба обратить внимание' is: 'Просьба обратить внимание'

11-12-2024T07:56:55 - [MESSAGE][PASSED] - Text of object 'Object Repository/Выполнение бизнес-плана/Просьба обратить внимание' is: 'Просьба обратить внимание'

11-12-2024T07:56:55 - [TEST_STEP][PASSED] - println(opoveshenie): null

11-12-2024T07:56:55 - [TEST_STEP][PASSED] - if (opoveshenie == "Просьба обратить внимание"): Object: 'Object Repository/Выполнение бизнес-плана/Закрыть оповещение' is clicked on

11-12-2024T07:56:55 - [TEST_STEP][PASSED] - click(findTestObject("Выполнение бизнес-плана/Закрыть оповещение")): Object: 'Object Repository/Выполнение бизнес-плана/Закрыть оповещение' is clicked on

11-12-2024T07:56:55 - [MESSAGE][PASSED] - Object: 'Object Repository/Выполнение бизнес-плана/Закрыть оповещение' is clicked on

11-12-2024T07:56:55 - [TEST_STEP][PASSED] - click(findTestObject("Object Repository/Выполнение бизнес-плана/Фильтр Дата")): Object: 'Object Repository/Выполнение бизнес-плана/Фильтр Дата' is clicked on

11-12-2024T07:56:55 - [MESSAGE][PASSED] - Object: 'Object Repository/Выполнение бизнес-плана/Фильтр Дата' is clicked on

11-12-2024T07:56:55 - [TEST_STEP][PASSED] - scrollToElement(findTestObject("Выполнение бизнес-плана/2024 список"), 30): Scroll to object 'Object Repository/Выполнение бизнес-плана/2024 список' successfully

11-12-2024T07:56:56 - [MESSAGE][PASSED] - Scroll to object 'Object Repository/Выполнение бизнес-плана/2024 список' successfully

11-12-2024T07:56:56 - [TEST_STEP][PASSED] - click(findTestObject("Выполнение бизнес-плана/2024 список")): Object: 'Object Repository/Выполнение бизнес-плана/2024 список' is clicked on

11-12-2024T07:56:56 - [MESSAGE][PASSED] - Object: 'Object Repository/Выполнение бизнес-плана/2024 список' is clicked on

11-12-2024T07:56:56 - [TEST_STEP][PASSED] - scrollToElement(findTestObject("Выполнение бизнес-плана/1 квартал 2024 список"), 30): Scroll to object 'Object Repository/Выполнение бизнес-плана/1 квартал 2024 список' successfully

11-12-2024T07:56:57 - [MESSAGE][PASSED] - Scroll to object 'Object Repository/Выполнение бизнес-плана/1 квартал 2024 список' successfully

11-12-2024T07:56:57 - [TEST_STEP][PASSED] - click(findTestObject("Выполнение бизнес-плана/1 квартал 2024 список")): Object: 'Object Repository/Выполнение бизнес-плана/1 квартал 2024 список' is clicked on

11-12-2024T07:56:57 - [MESSAGE][PASSED] - Object: 'Object Repository/Выполнение бизнес-плана/1 квартал 2024 список' is clicked on

11-12-2024T07:56:57 - [TEST_STEP][PASSED] - click(findTestObject("Выполнение бизнес-плана/Январь 2024")): Object: 'Object Repository/Выполнение бизнес-плана/Январь 2024' is clicked on

11-12-2024T07:56:57 - [MESSAGE][PASSED] - Object: 'Object Repository/Выполнение бизнес-плана/Январь 2024' is clicked on

11-12-2024T07:56:57 - [TEST_STEP][PASSED] - click(findTestObject("Выполнение бизнес-плана/Февраль 2024")): Object: 'Object Repository/Выполнение бизнес-плана/Февраль 2024' is clicked on

11-12-2024T07:56:58 - [MESSAGE][PASSED] - Object: 'Object Repository/Выполнение бизнес-плана/Февраль 2024' is clicked on

11-12-2024T07:56:58 - [TEST_STEP][PASSED] - click(findTestObject("Выполнение бизнес-плана/Март 2024")): Object: 'Object Repository/Выполнение бизнес-плана/Март 2024' is clicked on

11-12-2024T07:56:58 - [MESSAGE][PASSED] - Object: 'Object Repository/Выполнение бизнес-плана/Март 2024' is clicked on

11-12-2024T07:56:58 - [TEST_STEP][PASSED] - scrollToElement(findTestObject("Выполнение бизнес-плана/2 квартал 2024"), 30): Scroll to object 'Object Repository/Выполнение бизнес-плана/2 квартал 2024' successfully

11-12-2024T07:56:59 - [MESSAGE][PASSED] - Scroll to object 'Object Repository/Выполнение бизнес-плана/2 квартал 2024' successfully

11-12-2024T07:56:59 - [TEST_STEP][PASSED] - click(findTestObject("Выполнение бизнес-плана/2 квартал 2024")): Object: 'Object Repository/Выполнение бизнес-плана/2 квартал 2024' is clicked on

11-12-2024T07:56:59 - [MESSAGE][PASSED] - Object: 'Object Repository/Выполнение бизнес-плана/2 квартал 2024' is clicked on

11-12-2024T07:56:59 - [TEST_STEP][PASSED] - scrollToElement(findTestObject("Выполнение бизнес-плана/3 квартал 2024 список"), 30): Scroll to object 'Object Repository/Выполнение бизнес-плана/3 квартал 2024 список' successfully

11-12-2024T07:57:00 - [MESSAGE][PASSED] - Scroll to object 'Object Repository/Выполнение бизнес-плана/3 квартал 2024 список' successfully

11-12-2024T07:57:00 - [TEST_STEP][PASSED] - click(findTestObject("Выполнение бизнес-плана/3 квартал 2024"), CONTINUE_ON_FAILURE): Object: 'Object Repository/Выполнение бизнес-плана/3 квартал 2024' is clicked on

11-12-2024T07:57:00 - [MESSAGE][PASSED] - Object: 'Object Repository/Выполнение бизнес-плана/3 квартал 2024' is clicked on

11-12-2024T07:57:00 - [TEST_STEP][PASSED] - scrollToElement(findTestObject("Выполнение бизнес-плана/4 квартал 2024 список"), 30): Scroll to object 'Object Repository/Выполнение бизнес-плана/4 квартал 2024 список' successfully

11-12-2024T07:57:01 - [MESSAGE][PASSED] - Scroll to object 'Object Repository/Выполнение бизнес-плана/4 квартал 2024 список' successfully

11-12-2024T07:57:01 - [TEST_STEP][PASSED] - click(findTestObject("Выполнение бизнес-плана/4 квартал 2024 список"), CONTINUE_ON_FAILURE): Object: 'Object Repository/Выполнение бизнес-плана/4 квартал 2024 список' is clicked on

11-12-2024T07:57:01 - [MESSAGE][PASSED] - Object: 'Object Repository/Выполнение бизнес-плана/4 квартал 2024 список' is clicked on

11-12-2024T07:57:01 - [TEST_STEP][PASSED] - scrollToElement(findTestObject("Выполнение бизнес-плана/Октябрь 2024"), 30): Scroll to object 'Object Repository/Выполнение бизнес-плана/Октябрь 2024' successfully

11-12-2024T07:57:01 - [MESSAGE][PASSED] - Scroll to object 'Object Repository/Выполнение бизнес-плана/Октябрь 2024' successfully

11-12-2024T07:57:01 - [TEST_STEP][PASSED] - click(findTestObject("Выполнение бизнес-плана/Октябрь 2024"), CONTINUE_ON_FAILURE): Object: 'Object Repository/Выполнение бизнес-плана/Октябрь 2024' is clicked on

11-12-2024T07:57:02 - [MESSAGE][PASSED] - Object: 'Object Repository/Выполнение бизнес-плана/Октябрь 2024' is clicked on

11-12-2024T07:57:02 - [TEST_STEP][PASSED] - scrollToElement(findTestObject("Выполнение бизнес-плана/Заголовок дашборда"), 30): Scroll to object 'Object Repository/Выполнение бизнес-плана/Заголовок дашборда' successfully

11-12-2024T07:57:02 - [MESSAGE][PASSED] - Scroll to object 'Object Repository/Выполнение бизнес-плана/Заголовок дашборда' successfully

11-12-2024T07:57:02 - [TEST_STEP][PASSED] - click(findTestObject("Object Repository/Выполнение бизнес-плана/Применить в фильтре Дата")): Object: 'Object Repository/Выполнение бизнес-плана/Применить в фильтре Дата' is clicked on

11-12-2024T07:57:03 - [MESSAGE][PASSED] - Object: 'Object Repository/Выполнение бизнес-плана/Применить в фильтре Дата' is clicked on

11-12-2024T07:57:03 - [TEST_STEP][PASSED] - delay(50): Delayed 50 second(s)

11-12-2024T07:57:53 - [MESSAGE][PASSED] - Delayed 50 second(s)

11-12-2024T07:57:53 - [TEST_STEP][PASSED] - Script1718980020443.ZakrytOpoveshenie(): null

11-12-2024T07:57:53 - [TEST_STEP][PASSED] - delay(10): Delayed 10 second(s)

11-12-2024T07:58:03 - [MESSAGE][PASSED] - Delayed 10 second(s)

11-12-2024T07:58:03 - [TEST_STEP][PASSED] - opoveshenie = getText(findTestObject("Выполнение бизнес-плана/Просьба обратить внимание")): Text of object 'Object Repository/Выполнение бизнес-плана/Просьба обратить внимание' is: 'Просьба обратить внимание'

11-12-2024T07:58:03 - [MESSAGE][PASSED] - Text of object 'Object Repository/Выполнение бизнес-плана/Просьба обратить внимание' is: 'Просьба обратить внимание'

11-12-2024T07:58:03 - [TEST_STEP][PASSED] - println(opoveshenie): null

11-12-2024T07:58:03 - [TEST_STEP][PASSED] - if (opoveshenie == "Просьба обратить внимание"): Object: 'Object Repository/Выполнение бизнес-плана/Закрыть оповещение' is clicked on

11-12-2024T07:58:03 - [TEST_STEP][PASSED] - click(findTestObject("Выполнение бизнес-плана/Закрыть оповещение")): Object: 'Object Repository/Выполнение бизнес-плана/Закрыть оповещение' is clicked on

11-12-2024T07:58:04 - [MESSAGE][PASSED] - Object: 'Object Repository/Выполнение бизнес-плана/Закрыть оповещение' is clicked on

11-12-2024T07:58:04 - [TEST_STEP][PASSED] - delay(30): Delayed 30 second(s)

11-12-2024T07:58:34 - [MESSAGE][PASSED] - Delayed 30 second(s)

11-12-2024T07:58:34 - [TEST_STEP][PASSED] - Script1718980020443.OpenFilter(): null

11-12-2024T07:58:34 - [TEST_STEP][PASSED] - click(findTestObject("Object Repository/Выполнение бизнес-плана/Фильтр ДЗО")): Object: 'Object Repository/Выполнение бизнес-плана/Фильтр ДЗО' is clicked on

11-12-2024T07:58:34 - [MESSAGE][PASSED] - Object: 'Object Repository/Выполнение бизнес-плана/Фильтр ДЗО' is clicked on

11-12-2024T07:58:34 - [TEST_STEP][PASSED] - click(findTestObject("Выполнение бизнес-плана/Снять выделение в фильтре ДЗО")): Object: 'Object Repository/Выполнение бизнес-плана/Снять выделение в фильтре ДЗО' is clicked on

11-12-2024T07:58:35 - [MESSAGE][PASSED] - Object: 'Object Repository/Выполнение бизнес-плана/Снять выделение в фильтре ДЗО' is clicked on

11-12-2024T07:58:35 - [TEST_STEP][PASSED] - click(findTestObject("Выполнение бизнес-плана/ПАО Россети")): Object: 'Object Repository/Выполнение бизнес-плана/ПАО Россети' is clicked on

11-12-2024T07:58:35 - [MESSAGE][PASSED] - Object: 'Object Repository/Выполнение бизнес-плана/ПАО Россети' is clicked on

11-12-2024T07:58:35 - [TEST_STEP][PASSED] - click(findTestObject("Object Repository/Выполнение бизнес-плана/Применить в фильтре ДЗО")): Object: 'Object Repository/Выполнение бизнес-плана/Применить в фильтре ДЗО' is clicked on

11-12-2024T07:58:36 - [MESSAGE][PASSED] - Object: 'Object Repository/Выполнение бизнес-плана/Применить в фильтре ДЗО' is clicked on

11-12-2024T07:58:36 - [TEST_STEP][PASSED] - delay(30): Delayed 30 second(s)

11-12-2024T07:59:06 - [MESSAGE][PASSED] - Delayed 30 second(s)

11-12-2024T07:59:06 - [TEST_STEP][PASSED] - x1 = getText(findTestObject("Выполнение бизнес-плана/Список ДЗО старый")): Text of object 'Object Repository/Выполнение бизнес-плана/Список ДЗО старый' is: 'АО «Тываэнерго»
АО «Чеченэнерго»
Россети Северный Кавказ
Россети Сибирь
Россети Тюмень
Россети Центр (ГК)
Россети Центр и Приволжье (ГК)
0
10
20
30
40
50
60
70'

11-12-2024T07:59:06 - [MESSAGE][PASSED] - Text of object 'Object Repository/Выполнение бизнес-плана/Список ДЗО старый' is: 'АО «Тываэнерго»
АО «Чеченэнерго»
Россети Северный Кавказ
Россети Сибирь
Россети Тюмень
Россети Центр (ГК)
Россети Центр и Приволжье (ГК)
0
10
20
30
40
50
60
70'

11-12-2024T07:59:06 - [TEST_STEP][PASSED] - dZO = "ПАО Россети": null

11-12-2024T07:59:06 - [TEST_STEP][PASSED] - a = 84: null

11-12-2024T07:59:06 - [TEST_STEP][PASSED] - Script1718980020443.Numbers(a, typeOfData, todaysDate, pageInt, fileInt, pageDouble, fileDouble, dZO, dzoNum, filialNum): null

11-12-2024T07:59:06 - [TEST_STEP][PASSED] - println(dzoNum): null

11-12-2024T07:59:06 - [TEST_STEP][PASSED] - planFact = <not implemented yet for class: org.codehaus.groovy.ast.expr.EmptyExpression>: null

11-12-2024T07:59:06 - [TEST_STEP][PASSED] - page = <not implemented yet for class: org.codehaus.groovy.ast.expr.EmptyExpression>: null

11-12-2024T07:59:06 - [TEST_STEP][PASSED] - page1 = <not implemented yet for class: org.codehaus.groovy.ast.expr.EmptyExpression>: null

11-12-2024T07:59:06 - [TEST_STEP][PASSED] - page2 = <not implemented yet for class: org.codehaus.groovy.ast.expr.EmptyExpression>: null

11-12-2024T07:59:06 - [TEST_STEP][PASSED] - filialNumberInRow = <not implemented yet for class: org.codehaus.groovy.ast.expr.EmptyExpression>: null

11-12-2024T07:59:06 - [TEST_STEP][PASSED] - filialsDzoNames = <not implemented yet for class: org.codehaus.groovy.ast.expr.EmptyExpression>: null

11-12-2024T07:59:06 - [TEST_STEP][PASSED] - numberOfFilials = <not implemented yet for class: org.codehaus.groovy.ast.expr.EmptyExpression>: null

11-12-2024T07:59:06 - [TEST_STEP][PASSED] - numberOfSpaces = <not implemented yet for class: org.codehaus.groovy.ast.expr.EmptyExpression>: null

11-12-2024T07:59:06 - [TEST_STEP][PASSED] - file = <not implemented yet for class: org.codehaus.groovy.ast.expr.EmptyExpression>: null

11-12-2024T07:59:06 - [TEST_STEP][PASSED] - otpusk = <not implemented yet for class: org.codehaus.groovy.ast.expr.EmptyExpression>: null

11-12-2024T07:59:06 - [TEST_STEP][PASSED] - poteri = <not implemented yet for class: org.codehaus.groovy.ast.expr.EmptyExpression>: null

11-12-2024T07:59:06 - [TEST_STEP][PASSED] - dataFolder = "Выполнение бизнес-плана/Значения со страницы Выполнение бизнес-плана/": null

11-12-2024T07:59:06 - [TEST_STEP][PASSED] - path = <not implemented yet for class: org.codehaus.groovy.ast.expr.EmptyExpression>: null

11-12-2024T07:59:06 - [TEST_STEP][PASSED] - typeOfDataMain = <not implemented yet for class: org.codehaus.groovy.ast.expr.EmptyExpression>: null

11-12-2024T07:59:06 - [TEST_STEP][PASSED] - fileOtpuskVSet = <not implemented yet for class: org.codehaus.groovy.ast.expr.EmptyExpression>: null

11-12-2024T07:59:06 - [TEST_STEP][PASSED] - pageOtpuskVSet = <not implemented yet for class: org.codehaus.groovy.ast.expr.EmptyExpression>: null

11-12-2024T07:59:06 - [TEST_STEP][PASSED] - filePoteri = <not implemented yet for class: org.codehaus.groovy.ast.expr.EmptyExpression>: null

11-12-2024T07:59:06 - [TEST_STEP][PASSED] - pagePoteri = <not implemented yet for class: org.codehaus.groovy.ast.expr.EmptyExpression>: null

11-12-2024T07:59:06 - [TEST_STEP][PASSED] - compare = <not implemented yet for class: org.codehaus.groovy.ast.expr.EmptyExpression>: null

11-12-2024T07:59:06 - [TEST_STEP][PASSED] - b = <not implemented yet for class: org.codehaus.groovy.ast.expr.EmptyExpression>: null

11-12-2024T07:59:06 - [TEST_STEP][PASSED] - i = <not implemented yet for class: org.codehaus.groovy.ast.expr.EmptyExpression>: null

11-12-2024T07:59:06 - [TEST_STEP][PASSED] - ii = <not implemented yet for class: org.codehaus.groovy.ast.expr.EmptyExpression>: null

11-12-2024T07:59:06 - [TEST_STEP][PASSED] - c = <not implemented yet for class: org.codehaus.groovy.ast.expr.EmptyExpression>: null

11-12-2024T07:59:06 - [TEST_STEP][PASSED] - numberOfErrors = 0: null

11-12-2024T07:59:06 - [TEST_STEP][PASSED] - if (a == 82): null

11-12-2024T07:59:06 - [TEST_STEP][PASSED] - b = findTestData("PlanFact").getValue(1, a): null

11-12-2024T07:59:06 - [TEST_STEP][PASSED] - i = b.indexOf(" (ГК)"): null

11-12-2024T07:59:06 - [TEST_STEP][PASSED] - if (i > -1): null

11-12-2024T07:59:06 - [TEST_STEP][PASSED] - i = b.indexOf("О ""): null

11-12-2024T07:59:06 - [TEST_STEP][PASSED] - if (i > -1): null

11-12-2024T07:59:06 - [TEST_STEP][PASSED] - i = b.indexOf("О «"): null

11-12-2024T07:59:07 - [TEST_STEP][PASSED] - if (i > -1): null

11-12-2024T07:59:07 - [TEST_STEP][PASSED] - i = b.indexOf("г. "): null

11-12-2024T07:59:07 - [TEST_STEP][PASSED] - if (i > -1): null

11-12-2024T07:59:07 - [TEST_STEP][PASSED] - println(b): null

11-12-2024T07:59:07 - [TEST_STEP][PASSED] - for ([planFact = 1, planFact < 3, (planFact++)]): null

11-12-2024T07:59:07 - [TEST_STEP][PASSED] - if (planFact == 1): null

11-12-2024T07:59:07 - [TEST_STEP][PASSED] - typeOfDataMain = "Факт": null

11-12-2024T07:59:07 - [TEST_STEP][PASSED] - otpusk = findTestData("PlanFact").getValue(5, a): null

11-12-2024T07:59:07 - [TEST_STEP][PASSED] - poteri = findTestData("PlanFact").getValue(6, a): null

11-12-2024T07:59:07 - [TEST_STEP][PASSED] - otpusk = otpusk.replaceAll("\s+", ""): null

11-12-2024T07:59:07 - [TEST_STEP][PASSED] - poteri = poteri.replaceAll("\s+", ""): null

11-12-2024T07:59:07 - [TEST_STEP][PASSED] - typeOfData = typeOfDataMain + " Отпуск в сеть": null

11-12-2024T07:59:07 - [TEST_STEP][PASSED] - if (a == 82): null

11-12-2024T07:59:07 - [TEST_STEP][PASSED] - else if (a == 84): null

11-12-2024T07:59:07 - [TEST_STEP][PASSED] - path = dataFolder + typeOfData + " за отчётный период " + "ПАО Россети": null

11-12-2024T07:59:07 - [TEST_STEP][PASSED] - println(path): null

11-12-2024T07:59:07 - [TEST_STEP][PASSED] - page = getText(findTestObject(path)): Text of object 'Object Repository/Выполнение бизнес-плана/Значения со страницы Выполнение бизнес-плана/Факт Отпуск в сеть за отчётный период ПАО Россети' is: '211 719 944'

11-12-2024T07:59:07 - [MESSAGE][PASSED] - Text of object 'Object Repository/Выполнение бизнес-плана/Значения со страницы Выполнение бизнес-плана/Факт Отпуск в сеть за отчётный период ПАО Россети' is: '211 719 944'

11-12-2024T07:59:07 - [TEST_STEP][PASSED] - page = page.replaceAll("\s+", ""): null

11-12-2024T07:59:07 - [TEST_STEP][PASSED] - fileOtpuskVSet = otpusk.toInteger(): null

11-12-2024T07:59:07 - [TEST_STEP][PASSED] - pageOtpuskVSet = page.toInteger(): null

11-12-2024T07:59:07 - [TEST_STEP][PASSED] - typeOfData = typeOfDataMain + " Потери": null

11-12-2024T07:59:07 - [TEST_STEP][PASSED] - if (a == 82): null

11-12-2024T07:59:07 - [TEST_STEP][PASSED] - else if (a == 84): null

11-12-2024T07:59:07 - [TEST_STEP][PASSED] - path = dataFolder + typeOfData + " за отчётный период " + "ПАО Россети": null

11-12-2024T07:59:07 - [TEST_STEP][PASSED] - page = getText(findTestObject(path)): Text of object 'Object Repository/Выполнение бизнес-плана/Значения со страницы Выполнение бизнес-плана/Факт Потери за отчётный период ПАО Россети' is: '18 732 578'

11-12-2024T07:59:07 - [MESSAGE][PASSED] - Text of object 'Object Repository/Выполнение бизнес-плана/Значения со страницы Выполнение бизнес-плана/Факт Потери за отчётный период ПАО Россети' is: '18 732 578'

11-12-2024T07:59:07 - [TEST_STEP][PASSED] - page = page.replaceAll("\s+", ""): null

11-12-2024T07:59:07 - [TEST_STEP][PASSED] - filePoteri = poteri.toInteger(): null

11-12-2024T07:59:07 - [TEST_STEP][PASSED] - pagePoteri = page.toInteger(): null

11-12-2024T07:59:07 - [TEST_STEP][PASSED] - compare = pageOtpuskVSet: null

11-12-2024T07:59:07 - [TEST_STEP][PASSED] - if (compare == fileOtpuskVSet): null

11-12-2024T07:59:07 - [TEST_STEP][PASSED] - else if (compare > fileOtpuskVSet): null

11-12-2024T07:59:07 - [TEST_STEP][PASSED] - else if (compare < fileOtpuskVSet): null

11-12-2024T07:59:07 - [TEST_STEP][PASSED] - compare = compare + 1: null

11-12-2024T07:59:07 - [TEST_STEP][PASSED] - if (compare == fileOtpuskVSet): null

11-12-2024T07:59:07 - [TEST_STEP][PASSED] - else: null

11-12-2024T07:59:07 - [TEST_STEP][PASSED] - numberOfErrors = numberOfErrors + 1: null

11-12-2024T07:59:07 - [TEST_STEP][PASSED] - pageInt = pageOtpuskVSet: null

11-12-2024T07:59:07 - [TEST_STEP][PASSED] - fileInt = fileOtpuskVSet: null

11-12-2024T07:59:07 - [TEST_STEP][PASSED] - typeOfData = typeOfDataMain + " Отпуск в сеть": null

11-12-2024T07:59:07 - [TEST_STEP][PASSED] - Script1718980020443.WriteToExcel(a, typeOfData, todaysDate, pageInt, fileInt, pageDouble, fileDouble, dZO): null

11-12-2024T07:59:08 - [TEST_STEP][PASSED] - sheetName = "Sheet1": null

11-12-2024T07:59:08 - [TEST_STEP][PASSED] - data = findTestData("PlanFact"): null

11-12-2024T07:59:08 - [TEST_STEP][PASSED] - n = data.getRowNumbers() + 1: null

11-12-2024T07:59:08 - [TEST_STEP][PASSED] - year = todaysDate.substring(todaysDate.length() - 4, todaysDate.length()): null

11-12-2024T07:59:08 - [TEST_STEP][PASSED] - y = year.toInteger(): null

11-12-2024T07:59:08 - [TEST_STEP][PASSED] - m = getText(findTestObject("Выполнение бизнес-плана/Период")): Text of object 'Object Repository/Выполнение бизнес-плана/Период' is: '1, 2, 3 кв., Октябрь 2024 года'

11-12-2024T07:59:08 - [MESSAGE][PASSED] - Text of object 'Object Repository/Выполнение бизнес-плана/Период' is: '1, 2, 3 кв., Октябрь 2024 года'

11-12-2024T07:59:08 - [TEST_STEP][PASSED] - m = m.substring(0, m.indexOf("2024")): null

11-12-2024T07:59:08 - [TEST_STEP][PASSED] - m = m.trim(): null

11-12-2024T07:59:08 - [TEST_STEP][PASSED] - dashboardName = "Выполнение бизнес-плана": null

11-12-2024T07:59:08 - [TEST_STEP][PASSED] - workbook01 = getWorkbook(excelFilePath): null

11-12-2024T07:59:08 - [TEST_STEP][PASSED] - sheet01 = getExcelSheet(workbook01, sheetName): null

11-12-2024T07:59:08 - [TEST_STEP][PASSED] - setValueToCellByIndex(sheet01, n, 0, dashboardName): null

11-12-2024T07:59:08 - [TEST_STEP][PASSED] - setValueToCellByIndex(sheet01, n, 1, dZO): null

11-12-2024T07:59:08 - [TEST_STEP][PASSED] - setValueToCellByIndex(sheet01, n, 2, typeOfData): null

11-12-2024T07:59:08 - [TEST_STEP][PASSED] - if (typeOfData == "Факт в процентах" || typeOfData == "План в процентах"): null

11-12-2024T07:59:08 - [TEST_STEP][PASSED] - else: null

11-12-2024T07:59:08 - [TEST_STEP][PASSED] - setValueToCellByIndex(sheet01, n, 3, fileInt): null

11-12-2024T07:59:08 - [TEST_STEP][PASSED] - setValueToCellByIndex(sheet01, n, 4, pageInt): null

11-12-2024T07:59:08 - [TEST_STEP][PASSED] - setValueToCellByIndex(sheet01, n, 5, m): null

11-12-2024T07:59:08 - [TEST_STEP][PASSED] - setValueToCellByIndex(sheet01, n, 6, y): null

11-12-2024T07:59:08 - [TEST_STEP][PASSED] - setValueToCellByIndex(sheet01, n, 7, todaysDate): null

11-12-2024T07:59:08 - [TEST_STEP][PASSED] - n = n + 1: null

11-12-2024T07:59:08 - [TEST_STEP][PASSED] - saveWorkbook(excelFilePath, workbook01): null

11-12-2024T07:59:09 - [TEST_STEP][PASSED] - compare = pagePoteri: null

11-12-2024T07:59:09 - [TEST_STEP][PASSED] - if (compare == filePoteri): null

11-12-2024T07:59:09 - [TEST_STEP][PASSED] - else if (compare > filePoteri): null

11-12-2024T07:59:09 - [TEST_STEP][PASSED] - else if (compare < filePoteri): null

11-12-2024T07:59:09 - [TEST_STEP][PASSED] - compare = compare + 1: null

11-12-2024T07:59:09 - [TEST_STEP][PASSED] - if (compare == filePoteri): null

11-12-2024T07:59:09 - [TEST_STEP][PASSED] - else: null

11-12-2024T07:59:09 - [TEST_STEP][PASSED] - numberOfErrors = numberOfErrors + 1: null

11-12-2024T07:59:09 - [TEST_STEP][PASSED] - pageInt = pagePoteri: null

11-12-2024T07:59:09 - [TEST_STEP][PASSED] - fileInt = filePoteri: null

11-12-2024T07:59:09 - [TEST_STEP][PASSED] - typeOfData = typeOfDataMain + " Потери": null

11-12-2024T07:59:09 - [TEST_STEP][PASSED] - Script1718980020443.WriteToExcel(a, typeOfData, todaysDate, pageInt, fileInt, pageDouble, fileDouble, dZO): null

11-12-2024T07:59:09 - [TEST_STEP][PASSED] - sheetName = "Sheet1": null

11-12-2024T07:59:09 - [TEST_STEP][PASSED] - data = findTestData("PlanFact"): null

11-12-2024T07:59:09 - [TEST_STEP][PASSED] - n = data.getRowNumbers() + 1: null

11-12-2024T07:59:09 - [TEST_STEP][PASSED] - year = todaysDate.substring(todaysDate.length() - 4, todaysDate.length()): null

11-12-2024T07:59:09 - [TEST_STEP][PASSED] - y = year.toInteger(): null

11-12-2024T07:59:09 - [TEST_STEP][PASSED] - m = getText(findTestObject("Выполнение бизнес-плана/Период")): Text of object 'Object Repository/Выполнение бизнес-плана/Период' is: '1, 2, 3 кв., Октябрь 2024 года'

11-12-2024T07:59:09 - [MESSAGE][PASSED] - Text of object 'Object Repository/Выполнение бизнес-плана/Период' is: '1, 2, 3 кв., Октябрь 2024 года'

11-12-2024T07:59:09 - [TEST_STEP][PASSED] - m = m.substring(0, m.indexOf("2024")): null

11-12-2024T07:59:09 - [TEST_STEP][PASSED] - m = m.trim(): null

11-12-2024T07:59:09 - [TEST_STEP][PASSED] - dashboardName = "Выполнение бизнес-плана": null

11-12-2024T07:59:09 - [TEST_STEP][PASSED] - workbook01 = getWorkbook(excelFilePath): null

11-12-2024T07:59:09 - [TEST_STEP][PASSED] - sheet01 = getExcelSheet(workbook01, sheetName): null

11-12-2024T07:59:09 - [TEST_STEP][PASSED] - setValueToCellByIndex(sheet01, n, 0, dashboardName): null

11-12-2024T07:59:09 - [TEST_STEP][PASSED] - setValueToCellByIndex(sheet01, n, 1, dZO): null

11-12-2024T07:59:09 - [TEST_STEP][PASSED] - setValueToCellByIndex(sheet01, n, 2, typeOfData): null

11-12-2024T07:59:09 - [TEST_STEP][PASSED] - if (typeOfData == "Факт в процентах" || typeOfData == "План в процентах"): null

11-12-2024T07:59:09 - [TEST_STEP][PASSED] - else: null

11-12-2024T07:59:09 - [TEST_STEP][PASSED] - setValueToCellByIndex(sheet01, n, 3, fileInt): null

11-12-2024T07:59:09 - [TEST_STEP][PASSED] - setValueToCellByIndex(sheet01, n, 4, pageInt): null

11-12-2024T07:59:09 - [TEST_STEP][PASSED] - setValueToCellByIndex(sheet01, n, 5, m): null

11-12-2024T07:59:09 - [TEST_STEP][PASSED] - setValueToCellByIndex(sheet01, n, 6, y): null

11-12-2024T07:59:09 - [TEST_STEP][PASSED] - setValueToCellByIndex(sheet01, n, 7, todaysDate): null

11-12-2024T07:59:09 - [TEST_STEP][PASSED] - n = n + 1: null

11-12-2024T07:59:09 - [TEST_STEP][PASSED] - saveWorkbook(excelFilePath, workbook01): null

11-12-2024T07:59:10 - [TEST_STEP][PASSED] - if (planFact == 2): null

11-12-2024T07:59:10 - [TEST_STEP][PASSED] - if (planFact == 1): null

11-12-2024T07:59:10 - [TEST_STEP][PASSED] - else if (planFact == 2): null

11-12-2024T07:59:10 - [TEST_STEP][PASSED] - click(findTestObject("Выполнение бизнес-плана/Кнопка План")): Object: 'Object Repository/Выполнение бизнес-плана/Кнопка План' is clicked on

11-12-2024T07:59:10 - [MESSAGE][PASSED] - Object: 'Object Repository/Выполнение бизнес-плана/Кнопка План' is clicked on

11-12-2024T07:59:10 - [TEST_STEP][PASSED] - typeOfDataMain = "План": null

11-12-2024T07:59:10 - [TEST_STEP][PASSED] - otpusk = findTestData("PlanFact").getValue(2, a): null

11-12-2024T07:59:10 - [TEST_STEP][PASSED] - poteri = findTestData("PlanFact").getValue(3, a): null

11-12-2024T07:59:10 - [TEST_STEP][PASSED] - otpusk = otpusk.replaceAll("\s+", ""): null

11-12-2024T07:59:10 - [TEST_STEP][PASSED] - poteri = poteri.replaceAll("\s+", ""): null

11-12-2024T07:59:10 - [TEST_STEP][PASSED] - typeOfData = typeOfDataMain + " Отпуск в сеть": null

11-12-2024T07:59:10 - [TEST_STEP][PASSED] - if (a == 82): null

11-12-2024T07:59:10 - [TEST_STEP][PASSED] - else if (a == 84): null

11-12-2024T07:59:10 - [TEST_STEP][PASSED] - path = dataFolder + typeOfData + " за отчётный период " + "ПАО Россети": null

11-12-2024T07:59:10 - [TEST_STEP][PASSED] - println(path): null

11-12-2024T07:59:10 - [TEST_STEP][PASSED] - page = getText(findTestObject(path)): Text of object 'Object Repository/Выполнение бизнес-плана/Значения со страницы Выполнение бизнес-плана/План Отпуск в сеть за отчётный период ПАО Россети' is: '206 707 707'

11-12-2024T07:59:10 - [MESSAGE][PASSED] - Text of object 'Object Repository/Выполнение бизнес-плана/Значения со страницы Выполнение бизнес-плана/План Отпуск в сеть за отчётный период ПАО Россети' is: '206 707 707'

11-12-2024T07:59:10 - [TEST_STEP][PASSED] - page = page.replaceAll("\s+", ""): null

11-12-2024T07:59:10 - [TEST_STEP][PASSED] - fileOtpuskVSet = otpusk.toInteger(): null

11-12-2024T07:59:10 - [TEST_STEP][PASSED] - pageOtpuskVSet = page.toInteger(): null

11-12-2024T07:59:10 - [TEST_STEP][PASSED] - typeOfData = typeOfDataMain + " Потери": null

11-12-2024T07:59:10 - [TEST_STEP][PASSED] - if (a == 82): null

11-12-2024T07:59:10 - [TEST_STEP][PASSED] - else if (a == 84): null

11-12-2024T07:59:10 - [TEST_STEP][PASSED] - path = dataFolder + typeOfData + " за отчётный период " + "ПАО Россети": null

11-12-2024T07:59:10 - [TEST_STEP][PASSED] - page = getText(findTestObject(path)): Text of object 'Object Repository/Выполнение бизнес-плана/Значения со страницы Выполнение бизнес-плана/План Потери за отчётный период ПАО Россети' is: '17 571 909'

11-12-2024T07:59:11 - [MESSAGE][PASSED] - Text of object 'Object Repository/Выполнение бизнес-плана/Значения со страницы Выполнение бизнес-плана/План Потери за отчётный период ПАО Россети' is: '17 571 909'

11-12-2024T07:59:11 - [TEST_STEP][PASSED] - page = page.replaceAll("\s+", ""): null

11-12-2024T07:59:11 - [TEST_STEP][PASSED] - filePoteri = poteri.toInteger(): null

11-12-2024T07:59:11 - [TEST_STEP][PASSED] - pagePoteri = page.toInteger(): null

11-12-2024T07:59:11 - [TEST_STEP][PASSED] - compare = pageOtpuskVSet: null

11-12-2024T07:59:11 - [TEST_STEP][PASSED] - if (compare == fileOtpuskVSet): null

11-12-2024T07:59:11 - [TEST_STEP][PASSED] - else if (compare > fileOtpuskVSet): null

11-12-2024T07:59:11 - [TEST_STEP][PASSED] - else if (compare < fileOtpuskVSet): null

11-12-2024T07:59:11 - [TEST_STEP][PASSED] - compare = compare + 1: null

11-12-2024T07:59:11 - [TEST_STEP][PASSED] - if (compare == fileOtpuskVSet): null

11-12-2024T07:59:11 - [TEST_STEP][PASSED] - else: null

11-12-2024T07:59:11 - [TEST_STEP][PASSED] - numberOfErrors = numberOfErrors + 1: null

11-12-2024T07:59:11 - [TEST_STEP][PASSED] - pageInt = pageOtpuskVSet: null

11-12-2024T07:59:11 - [TEST_STEP][PASSED] - fileInt = fileOtpuskVSet: null

11-12-2024T07:59:11 - [TEST_STEP][PASSED] - typeOfData = typeOfDataMain + " Отпуск в сеть": null

11-12-2024T07:59:11 - [TEST_STEP][PASSED] - Script1718980020443.WriteToExcel(a, typeOfData, todaysDate, pageInt, fileInt, pageDouble, fileDouble, dZO): null

11-12-2024T07:59:11 - [TEST_STEP][PASSED] - sheetName = "Sheet1": null

11-12-2024T07:59:11 - [TEST_STEP][PASSED] - data = findTestData("PlanFact"): null

11-12-2024T07:59:11 - [TEST_STEP][PASSED] - n = data.getRowNumbers() + 1: null

11-12-2024T07:59:11 - [TEST_STEP][PASSED] - year = todaysDate.substring(todaysDate.length() - 4, todaysDate.length()): null

11-12-2024T07:59:11 - [TEST_STEP][PASSED] - y = year.toInteger(): null

11-12-2024T07:59:11 - [TEST_STEP][PASSED] - m = getText(findTestObject("Выполнение бизнес-плана/Период")): Text of object 'Object Repository/Выполнение бизнес-плана/Период' is: '1, 2, 3 кв., Октябрь 2024 года'

11-12-2024T07:59:11 - [MESSAGE][PASSED] - Text of object 'Object Repository/Выполнение бизнес-плана/Период' is: '1, 2, 3 кв., Октябрь 2024 года'

11-12-2024T07:59:11 - [TEST_STEP][PASSED] - m = m.substring(0, m.indexOf("2024")): null

11-12-2024T07:59:11 - [TEST_STEP][PASSED] - m = m.trim(): null

11-12-2024T07:59:11 - [TEST_STEP][PASSED] - dashboardName = "Выполнение бизнес-плана": null

11-12-2024T07:59:11 - [TEST_STEP][PASSED] - workbook01 = getWorkbook(excelFilePath): null

11-12-2024T07:59:11 - [TEST_STEP][PASSED] - sheet01 = getExcelSheet(workbook01, sheetName): null

11-12-2024T07:59:11 - [TEST_STEP][PASSED] - setValueToCellByIndex(sheet01, n, 0, dashboardName): null

11-12-2024T07:59:11 - [TEST_STEP][PASSED] - setValueToCellByIndex(sheet01, n, 1, dZO): null

11-12-2024T07:59:11 - [TEST_STEP][PASSED] - setValueToCellByIndex(sheet01, n, 2, typeOfData): null

11-12-2024T07:59:11 - [TEST_STEP][PASSED] - if (typeOfData == "Факт в процентах" || typeOfData == "План в процентах"): null

11-12-2024T07:59:11 - [TEST_STEP][PASSED] - else: null

11-12-2024T07:59:11 - [TEST_STEP][PASSED] - setValueToCellByIndex(sheet01, n, 3, fileInt): null

11-12-2024T07:59:11 - [TEST_STEP][PASSED] - setValueToCellByIndex(sheet01, n, 4, pageInt): null

11-12-2024T07:59:11 - [TEST_STEP][PASSED] - setValueToCellByIndex(sheet01, n, 5, m): null

11-12-2024T07:59:11 - [TEST_STEP][PASSED] - setValueToCellByIndex(sheet01, n, 6, y): null

11-12-2024T07:59:11 - [TEST_STEP][PASSED] - setValueToCellByIndex(sheet01, n, 7, todaysDate): null

11-12-2024T07:59:11 - [TEST_STEP][PASSED] - n = n + 1: null

11-12-2024T07:59:11 - [TEST_STEP][PASSED] - saveWorkbook(excelFilePath, workbook01): null

11-12-2024T07:59:11 - [TEST_STEP][PASSED] - compare = pagePoteri: null

11-12-2024T07:59:11 - [TEST_STEP][PASSED] - if (compare == filePoteri): null

11-12-2024T07:59:11 - [TEST_STEP][PASSED] - else if (compare > filePoteri): null

11-12-2024T07:59:11 - [TEST_STEP][PASSED] - else if (compare < filePoteri): null

11-12-2024T07:59:11 - [TEST_STEP][PASSED] - compare = compare + 1: null

11-12-2024T07:59:11 - [TEST_STEP][PASSED] - if (compare == filePoteri): null

11-12-2024T07:59:11 - [TEST_STEP][PASSED] - else: null

11-12-2024T07:59:11 - [TEST_STEP][PASSED] - numberOfErrors = numberOfErrors + 1: null

11-12-2024T07:59:11 - [TEST_STEP][PASSED] - pageInt = pagePoteri: null

11-12-2024T07:59:11 - [TEST_STEP][PASSED] - fileInt = filePoteri: null

11-12-2024T07:59:11 - [TEST_STEP][PASSED] - typeOfData = typeOfDataMain + " Потери": null

11-12-2024T07:59:11 - [TEST_STEP][PASSED] - Script1718980020443.WriteToExcel(a, typeOfData, todaysDate, pageInt, fileInt, pageDouble, fileDouble, dZO): null

11-12-2024T07:59:11 - [TEST_STEP][PASSED] - sheetName = "Sheet1": null

11-12-2024T07:59:11 - [TEST_STEP][PASSED] - data = findTestData("PlanFact"): null

11-12-2024T07:59:11 - [TEST_STEP][PASSED] - n = data.getRowNumbers() + 1: null

11-12-2024T07:59:11 - [TEST_STEP][PASSED] - year = todaysDate.substring(todaysDate.length() - 4, todaysDate.length()): null

11-12-2024T07:59:11 - [TEST_STEP][PASSED] - y = year.toInteger(): null

11-12-2024T07:59:11 - [TEST_STEP][PASSED] - m = getText(findTestObject("Выполнение бизнес-плана/Период")): Text of object 'Object Repository/Выполнение бизнес-плана/Период' is: '1, 2, 3 кв., Октябрь 2024 года'

11-12-2024T07:59:12 - [MESSAGE][PASSED] - Text of object 'Object Repository/Выполнение бизнес-плана/Период' is: '1, 2, 3 кв., Октябрь 2024 года'

11-12-2024T07:59:12 - [TEST_STEP][PASSED] - m = m.substring(0, m.indexOf("2024")): null

11-12-2024T07:59:12 - [TEST_STEP][PASSED] - m = m.trim(): null

11-12-2024T07:59:12 - [TEST_STEP][PASSED] - dashboardName = "Выполнение бизнес-плана": null

11-12-2024T07:59:12 - [TEST_STEP][PASSED] - workbook01 = getWorkbook(excelFilePath): null

11-12-2024T07:59:12 - [TEST_STEP][PASSED] - sheet01 = getExcelSheet(workbook01, sheetName): null

11-12-2024T07:59:12 - [TEST_STEP][PASSED] - setValueToCellByIndex(sheet01, n, 0, dashboardName): null

11-12-2024T07:59:12 - [TEST_STEP][PASSED] - setValueToCellByIndex(sheet01, n, 1, dZO): null

11-12-2024T07:59:12 - [TEST_STEP][PASSED] - setValueToCellByIndex(sheet01, n, 2, typeOfData): null

11-12-2024T07:59:12 - [TEST_STEP][PASSED] - if (typeOfData == "Факт в процентах" || typeOfData == "План в процентах"): null

11-12-2024T07:59:12 - [TEST_STEP][PASSED] - else: null

11-12-2024T07:59:12 - [TEST_STEP][PASSED] - setValueToCellByIndex(sheet01, n, 3, fileInt): null

11-12-2024T07:59:12 - [TEST_STEP][PASSED] - setValueToCellByIndex(sheet01, n, 4, pageInt): null

11-12-2024T07:59:12 - [TEST_STEP][PASSED] - setValueToCellByIndex(sheet01, n, 5, m): null

11-12-2024T07:59:12 - [TEST_STEP][PASSED] - setValueToCellByIndex(sheet01, n, 6, y): null

11-12-2024T07:59:12 - [TEST_STEP][PASSED] - setValueToCellByIndex(sheet01, n, 7, todaysDate): null

11-12-2024T07:59:12 - [TEST_STEP][PASSED] - n = n + 1: null

11-12-2024T07:59:12 - [TEST_STEP][PASSED] - saveWorkbook(excelFilePath, workbook01): Object: 'Object Repository/Выполнение бизнес-плана/Кнопка Факт' is clicked on

11-12-2024T07:59:12 - [TEST_STEP][PASSED] - if (planFact == 2): Object: 'Object Repository/Выполнение бизнес-плана/Кнопка Факт' is clicked on

11-12-2024T07:59:12 - [TEST_STEP][PASSED] - click(findTestObject("Выполнение бизнес-плана/Кнопка Факт")): Object: 'Object Repository/Выполнение бизнес-плана/Кнопка Факт' is clicked on

11-12-2024T07:59:12 - [MESSAGE][PASSED] - Object: 'Object Repository/Выполнение бизнес-плана/Кнопка Факт' is clicked on

11-12-2024T07:59:12 - [TEST_STEP][PASSED] - if (a == 84 || a == 82): null

11-12-2024T07:59:12 - [TEST_STEP][PASSED] - page = getText(findTestObject("Выполнение бизнес-плана/textPlanFact")): Text of object 'Object Repository/Выполнение бизнес-плана/textPlanFact' is: '%
5.39 5.39
5.35 5.35
План
Факт
1
100'

11-12-2024T07:59:13 - [MESSAGE][PASSED] - Text of object 'Object Repository/Выполнение бизнес-плана/textPlanFact' is: '%
5.39 5.39
5.35 5.35
План
Факт
1
100'

11-12-2024T07:59:13 - [TEST_STEP][PASSED] - page = page.replaceAll("\n", "_"): null

11-12-2024T07:59:13 - [TEST_STEP][PASSED] - page = page.substring(page.indexOf("_") + 1, page.length()): null

11-12-2024T07:59:13 - [TEST_STEP][PASSED] - page1 = page.substring(0, page.indexOf("_")): null

11-12-2024T07:59:13 - [TEST_STEP][PASSED] - page1 = page.substring(0, page.indexOf(" ")): null

11-12-2024T07:59:13 - [TEST_STEP][PASSED] - page2 = page.substring(page.indexOf("_") + 1, page.length()): null

11-12-2024T07:59:13 - [TEST_STEP][PASSED] - page2 = page2.substring(0, page.indexOf("_")): null

11-12-2024T07:59:13 - [TEST_STEP][PASSED] - page2 = page2.substring(0, page.indexOf(" ")): null

11-12-2024T07:59:13 - [TEST_STEP][PASSED] - println("page1: " + page1): null

11-12-2024T07:59:13 - [TEST_STEP][PASSED] - println("page2: " + page2): null

11-12-2024T07:59:13 - [TEST_STEP][PASSED] - file = findTestData("PlanFact").getValue(4, a): null

11-12-2024T07:59:13 - [TEST_STEP][PASSED] - file = file.replace(",", "."): null

11-12-2024T07:59:13 - [TEST_STEP][PASSED] - println("file Plan: " + file): null

11-12-2024T07:59:13 - [TEST_STEP][PASSED] - typeOfData = "План в процентах": null

11-12-2024T07:59:13 - [TEST_STEP][PASSED] - fileDouble = file.toDouble(): null

11-12-2024T07:59:13 - [TEST_STEP][PASSED] - pageDouble = page1.toDouble(): null

11-12-2024T07:59:13 - [TEST_STEP][PASSED] - if (fileDouble != pageDouble): null

11-12-2024T07:59:13 - [TEST_STEP][PASSED] - numberOfErrors = numberOfErrors + 1: null

11-12-2024T07:59:13 - [TEST_STEP][PASSED] - Script1718980020443.WriteToExcel(a, typeOfData, todaysDate, pageInt, fileInt, pageDouble, fileDouble, dZO): null

11-12-2024T07:59:13 - [TEST_STEP][PASSED] - sheetName = "Sheet1": null

11-12-2024T07:59:13 - [TEST_STEP][PASSED] - data = findTestData("PlanFact"): null

11-12-2024T07:59:13 - [TEST_STEP][PASSED] - n = data.getRowNumbers() + 1: null

11-12-2024T07:59:13 - [TEST_STEP][PASSED] - year = todaysDate.substring(todaysDate.length() - 4, todaysDate.length()): null

11-12-2024T07:59:13 - [TEST_STEP][PASSED] - y = year.toInteger(): null

11-12-2024T07:59:13 - [TEST_STEP][PASSED] - m = getText(findTestObject("Выполнение бизнес-плана/Период")): Text of object 'Object Repository/Выполнение бизнес-плана/Период' is: '1, 2, 3 кв., Октябрь 2024 года'

11-12-2024T07:59:13 - [MESSAGE][PASSED] - Text of object 'Object Repository/Выполнение бизнес-плана/Период' is: '1, 2, 3 кв., Октябрь 2024 года'

11-12-2024T07:59:13 - [TEST_STEP][PASSED] - m = m.substring(0, m.indexOf("2024")): null

11-12-2024T07:59:13 - [TEST_STEP][PASSED] - m = m.trim(): null

11-12-2024T07:59:13 - [TEST_STEP][PASSED] - dashboardName = "Выполнение бизнес-плана": null

11-12-2024T07:59:13 - [TEST_STEP][PASSED] - workbook01 = getWorkbook(excelFilePath): null

11-12-2024T07:59:13 - [TEST_STEP][PASSED] - sheet01 = getExcelSheet(workbook01, sheetName): null

11-12-2024T07:59:13 - [TEST_STEP][PASSED] - setValueToCellByIndex(sheet01, n, 0, dashboardName): null

11-12-2024T07:59:13 - [TEST_STEP][PASSED] - setValueToCellByIndex(sheet01, n, 1, dZO): null

11-12-2024T07:59:13 - [TEST_STEP][PASSED] - setValueToCellByIndex(sheet01, n, 2, typeOfData): null

11-12-2024T07:59:13 - [TEST_STEP][PASSED] - if (typeOfData == "Факт в процентах" || typeOfData == "План в процентах"): null

11-12-2024T07:59:13 - [TEST_STEP][PASSED] - setValueToCellByIndex(sheet01, n, 3, fileDouble): null

11-12-2024T07:59:13 - [TEST_STEP][PASSED] - setValueToCellByIndex(sheet01, n, 4, pageDouble): null

11-12-2024T07:59:13 - [TEST_STEP][PASSED] - setValueToCellByIndex(sheet01, n, 5, m): null

11-12-2024T07:59:13 - [TEST_STEP][PASSED] - setValueToCellByIndex(sheet01, n, 6, y): null

11-12-2024T07:59:13 - [TEST_STEP][PASSED] - setValueToCellByIndex(sheet01, n, 7, todaysDate): null

11-12-2024T07:59:13 - [TEST_STEP][PASSED] - n = n + 1: null

11-12-2024T07:59:13 - [TEST_STEP][PASSED] - saveWorkbook(excelFilePath, workbook01): null

11-12-2024T07:59:13 - [TEST_STEP][PASSED] - file = findTestData("PlanFact").getValue(7, a): null

11-12-2024T07:59:14 - [TEST_STEP][PASSED] - file = file.replace(",", "."): null

11-12-2024T07:59:14 - [TEST_STEP][PASSED] - println("file Fact: " + file): null

11-12-2024T07:59:14 - [TEST_STEP][PASSED] - fileDouble = file.toDouble(): null

11-12-2024T07:59:14 - [TEST_STEP][PASSED] - typeOfData = "Факт в процентах": null

11-12-2024T07:59:14 - [TEST_STEP][PASSED] - fileDouble = file.toDouble(): null

11-12-2024T07:59:14 - [TEST_STEP][PASSED] - pageDouble = page2.toDouble(): null

11-12-2024T07:59:14 - [TEST_STEP][PASSED] - if (fileDouble != pageDouble): null

11-12-2024T07:59:14 - [TEST_STEP][PASSED] - numberOfErrors = numberOfErrors + 1: null

11-12-2024T07:59:14 - [TEST_STEP][PASSED] - Script1718980020443.WriteToExcel(a, typeOfData, todaysDate, pageInt, fileInt, pageDouble, fileDouble, dZO): null

11-12-2024T07:59:14 - [TEST_STEP][PASSED] - sheetName = "Sheet1": null

11-12-2024T07:59:14 - [TEST_STEP][PASSED] - data = findTestData("PlanFact"): null

11-12-2024T07:59:14 - [TEST_STEP][PASSED] - n = data.getRowNumbers() + 1: null

11-12-2024T07:59:14 - [TEST_STEP][PASSED] - year = todaysDate.substring(todaysDate.length() - 4, todaysDate.length()): null

11-12-2024T07:59:14 - [TEST_STEP][PASSED] - y = year.toInteger(): null

11-12-2024T07:59:14 - [TEST_STEP][PASSED] - m = getText(findTestObject("Выполнение бизнес-плана/Период")): Text of object 'Object Repository/Выполнение бизнес-плана/Период' is: '1, 2, 3 кв., Октябрь 2024 года'

11-12-2024T07:59:14 - [MESSAGE][PASSED] - Text of object 'Object Repository/Выполнение бизнес-плана/Период' is: '1, 2, 3 кв., Октябрь 2024 года'

11-12-2024T07:59:14 - [TEST_STEP][PASSED] - m = m.substring(0, m.indexOf("2024")): null

11-12-2024T07:59:14 - [TEST_STEP][PASSED] - m = m.trim(): null

11-12-2024T07:59:14 - [TEST_STEP][PASSED] - dashboardName = "Выполнение бизнес-плана": null

11-12-2024T07:59:14 - [TEST_STEP][PASSED] - workbook01 = getWorkbook(excelFilePath): null

11-12-2024T07:59:14 - [TEST_STEP][PASSED] - sheet01 = getExcelSheet(workbook01, sheetName): null

11-12-2024T07:59:14 - [TEST_STEP][PASSED] - setValueToCellByIndex(sheet01, n, 0, dashboardName): null

11-12-2024T07:59:14 - [TEST_STEP][PASSED] - setValueToCellByIndex(sheet01, n, 1, dZO): null

11-12-2024T07:59:14 - [TEST_STEP][PASSED] - setValueToCellByIndex(sheet01, n, 2, typeOfData): null

11-12-2024T07:59:14 - [TEST_STEP][PASSED] - if (typeOfData == "Факт в процентах" || typeOfData == "План в процентах"): null

11-12-2024T07:59:14 - [TEST_STEP][PASSED] - setValueToCellByIndex(sheet01, n, 3, fileDouble): null

11-12-2024T07:59:14 - [TEST_STEP][PASSED] - setValueToCellByIndex(sheet01, n, 4, pageDouble): null

11-12-2024T07:59:14 - [TEST_STEP][PASSED] - setValueToCellByIndex(sheet01, n, 5, m): null

11-12-2024T07:59:14 - [TEST_STEP][PASSED] - setValueToCellByIndex(sheet01, n, 6, y): null

11-12-2024T07:59:14 - [TEST_STEP][PASSED] - setValueToCellByIndex(sheet01, n, 7, todaysDate): null

11-12-2024T07:59:14 - [TEST_STEP][PASSED] - n = n + 1: null

11-12-2024T07:59:14 - [TEST_STEP][PASSED] - saveWorkbook(excelFilePath, workbook01): null

11-12-2024T07:59:14 - [TEST_STEP][FAILED] - if (verifyEqual(numberOfErrors, 0) == false): null

11-12-2024T07:59:14 - [MESSAGE][FAILED] - Unable to verify equal between actual object '6' and expected object '0' (Root cause: com.kms.katalon.core.exception.StepFailedException: Actual object '6' and expected object '0' are not equal
	at com.kms.katalon.core.keyword.builtin.VerifyEqualKeyword$_verifyEqual_closure1.doCall(VerifyEqualKeyword.groovy:58)
	at com.kms.katalon.core.keyword.builtin.VerifyEqualKeyword$_verifyEqual_closure1.call(VerifyEqualKeyword.groovy)
	at com.kms.katalon.core.keyword.internal.KeywordMain.runKeyword(KeywordMain.groovy:75)
	at com.kms.katalon.core.keyword.builtin.VerifyEqualKeyword.verifyEqual(VerifyEqualKeyword.groovy:63)
	at com.kms.katalon.core.keyword.builtin.VerifyEqualKeyword.execute(VerifyEqualKeyword.groovy:44)
	at com.kms.katalon.core.keyword.internal.KeywordExecutor.executeKeywordForPlatform(KeywordExecutor.groovy:74)
	at com.kms.katalon.core.keyword.BuiltinKeywords.verifyEqual(BuiltinKeywords.groovy:146)
	at java.base/jdk.internal.reflect.NativeMethodAccessorImpl.invoke0(Native Method)
	at java.base/jdk.internal.reflect.NativeMethodAccessorImpl.invoke(NativeMethodAccessorImpl.java:77)
	at java.base/jdk.internal.reflect.DelegatingMethodAccessorImpl.invoke(DelegatingMethodAccessorImpl.java:43)
	at Выполнение бизнес-плана Сверка ПАО Россети все филиалы.Numbers(Выполнение бизнес-плана Сверка ПАО Россети все филиалы:752)
	at Выполнение бизнес-плана Сверка ПАО Россети все филиалы.run(Выполнение бизнес-плана Сверка ПАО Россети все филиалы:201)
	at com.kms.katalon.core.main.ScriptEngine.run(ScriptEngine.java:194)
	at com.kms.katalon.core.main.ScriptEngine.runScriptAsRawText(ScriptEngine.java:119)
	at com.kms.katalon.core.main.TestCaseExecutor.runScript(TestCaseExecutor.java:448)
	at com.kms.katalon.core.main.TestCaseExecutor.doExecute(TestCaseExecutor.java:439)
	at com.kms.katalon.core.main.TestCaseExecutor.processExecutionPhase(TestCaseExecutor.java:418)
	at com.kms.katalon.core.main.TestCaseExecutor.accessMainPhase(TestCaseExecutor.java:410)
	at com.kms.katalon.core.main.TestCaseExecutor.execute(TestCaseExecutor.java:285)
	at com.kms.katalon.core.common.CommonExecutor.accessTestCaseMainPhase(CommonExecutor.java:65)
	at com.kms.katalon.core.main.TestSuiteExecutor.accessTestSuiteMainPhase(TestSuiteExecutor.java:150)
	at com.kms.katalon.core.main.TestSuiteExecutor.execute(TestSuiteExecutor.java:106)
	at com.kms.katalon.core.main.TestCaseMain.startTestSuite(TestCaseMain.java:180)
	at TempTestSuite1733892825375.run(TempTestSuite1733892825375.groovy:35)
	at java.base/jdk.internal.reflect.NativeMethodAccessorImpl.invoke0(Native Method)
	at java.base/jdk.internal.reflect.NativeMethodAccessorImpl.invoke(NativeMethodAccessorImpl.java:77)
	at java.base/jdk.internal.reflect.DelegatingMethodAccessorImpl.invoke(DelegatingMethodAccessorImpl.java:43)
)

11-12-2024T07:59:14 - [TEST_STEP][PASSED] - println(numberOfErrors): null

11-12-2024T07:59:14 - [TEST_STEP][PASSED] - if (a == 28 || a == 77 || a == 74 || a == 65 || a == 36 || a == 44 || a == 54 || a == 1 || a == 18 || a == 59): null

11-12-2024T07:59:14 - [TEST_STEP][PASSED] - if (a == 82): null

11-12-2024T07:59:14 - [TEST_STEP][PASSED] - dZO = "Россети ФСК ЕЭС": null

11-12-2024T07:59:14 - [TEST_STEP][PASSED] - a = 83: null

11-12-2024T07:59:14 - [TEST_STEP][PASSED] - if (x1.contains(dZO)): null

11-12-2024T07:59:14 - [TEST_STEP][PASSED] - else: null

11-12-2024T07:59:14 - [TEST_STEP][PASSED] - Script1718980020443.NoData(a, typeOfData, todaysDate, fileInt, fileDouble, dZO): null

11-12-2024T07:59:14 - [TEST_STEP][PASSED] - println(a): null

11-12-2024T07:59:14 - [TEST_STEP][PASSED] - println(todaysDate): null

11-12-2024T07:59:14 - [TEST_STEP][PASSED] - println(fileInt): null

11-12-2024T07:59:14 - [TEST_STEP][PASSED] - println(fileDouble): null

11-12-2024T07:59:14 - [TEST_STEP][PASSED] - println(dZO): null

11-12-2024T07:59:14 - [TEST_STEP][PASSED] - typeOfData = "Факт Отпуск в сеть": null

11-12-2024T07:59:14 - [TEST_STEP][PASSED] - fileInt = replaceAll("\s+", "").toInteger(): null

11-12-2024T07:59:14 - [TEST_STEP][PASSED] - Script1718980020443.WriteToExcelNoData(a, typeOfData, todaysDate, fileInt, fileDouble, dZO): null

11-12-2024T07:59:14 - [TEST_STEP][PASSED] - sheetName = "Sheet1": null

11-12-2024T07:59:14 - [TEST_STEP][PASSED] - data = findTestData("PlanFact"): null

11-12-2024T07:59:14 - [TEST_STEP][PASSED] - n = data.getRowNumbers() + 1: null

11-12-2024T07:59:14 - [TEST_STEP][PASSED] - year = todaysDate.substring(todaysDate.length() - 4, todaysDate.length()): null

11-12-2024T07:59:14 - [TEST_STEP][PASSED] - y = year.toInteger(): null

11-12-2024T07:59:14 - [TEST_STEP][PASSED] - m = getText(findTestObject("Выполнение бизнес-плана/Период")): Text of object 'Object Repository/Выполнение бизнес-плана/Период' is: '1, 2, 3 кв., Октябрь 2024 года'

11-12-2024T07:59:15 - [MESSAGE][PASSED] - Text of object 'Object Repository/Выполнение бизнес-плана/Период' is: '1, 2, 3 кв., Октябрь 2024 года'

11-12-2024T07:59:15 - [TEST_STEP][PASSED] - m = m.substring(0, m.indexOf("2024")): null

11-12-2024T07:59:15 - [TEST_STEP][PASSED] - m = m.trim(): null

11-12-2024T07:59:15 - [TEST_STEP][PASSED] - dashboardName = "Выполнение бизнес-плана": null

11-12-2024T07:59:15 - [TEST_STEP][PASSED] - workbook01 = getWorkbook(excelFilePath): null

11-12-2024T07:59:15 - [TEST_STEP][PASSED] - sheet01 = getExcelSheet(workbook01, sheetName): null

11-12-2024T07:59:15 - [TEST_STEP][PASSED] - setValueToCellByIndex(sheet01, n, 0, dashboardName): null

11-12-2024T07:59:15 - [TEST_STEP][PASSED] - setValueToCellByIndex(sheet01, n, 1, dZO): null

11-12-2024T07:59:15 - [TEST_STEP][PASSED] - setValueToCellByIndex(sheet01, n, 2, typeOfData): null

11-12-2024T07:59:15 - [TEST_STEP][PASSED] - if (typeOfData == "Факт в процентах" || typeOfData == "План в процентах"): null

11-12-2024T07:59:15 - [TEST_STEP][PASSED] - else: null

11-12-2024T07:59:15 - [TEST_STEP][PASSED] - setValueToCellByIndex(sheet01, n, 3, fileInt): null

11-12-2024T07:59:15 - [TEST_STEP][PASSED] - setValueToCellByIndex(sheet01, n, 4, "нет данных"): null

11-12-2024T07:59:15 - [TEST_STEP][PASSED] - setValueToCellByIndex(sheet01, n, 5, m): null

11-12-2024T07:59:15 - [TEST_STEP][PASSED] - setValueToCellByIndex(sheet01, n, 6, y): null

11-12-2024T07:59:15 - [TEST_STEP][PASSED] - setValueToCellByIndex(sheet01, n, 7, todaysDate): null

11-12-2024T07:59:15 - [TEST_STEP][PASSED] - n = n + 1: null

11-12-2024T07:59:15 - [TEST_STEP][PASSED] - saveWorkbook(excelFilePath, workbook01): null

11-12-2024T07:59:15 - [TEST_STEP][PASSED] - typeOfData = "Факт Потери": null

11-12-2024T07:59:15 - [TEST_STEP][PASSED] - fileInt = replaceAll("\s+", "").toInteger(): null

11-12-2024T07:59:15 - [TEST_STEP][PASSED] - Script1718980020443.WriteToExcelNoData(a, typeOfData, todaysDate, fileInt, fileDouble, dZO): null

11-12-2024T07:59:15 - [TEST_STEP][PASSED] - sheetName = "Sheet1": null

11-12-2024T07:59:15 - [TEST_STEP][PASSED] - data = findTestData("PlanFact"): null

11-12-2024T07:59:15 - [TEST_STEP][PASSED] - n = data.getRowNumbers() + 1: null

11-12-2024T07:59:15 - [TEST_STEP][PASSED] - year = todaysDate.substring(todaysDate.length() - 4, todaysDate.length()): null

11-12-2024T07:59:15 - [TEST_STEP][PASSED] - y = year.toInteger(): null

11-12-2024T07:59:15 - [TEST_STEP][PASSED] - m = getText(findTestObject("Выполнение бизнес-плана/Период")): Text of object 'Object Repository/Выполнение бизнес-плана/Период' is: '1, 2, 3 кв., Октябрь 2024 года'

11-12-2024T07:59:15 - [MESSAGE][PASSED] - Text of object 'Object Repository/Выполнение бизнес-плана/Период' is: '1, 2, 3 кв., Октябрь 2024 года'

11-12-2024T07:59:15 - [TEST_STEP][PASSED] - m = m.substring(0, m.indexOf("2024")): null

11-12-2024T07:59:15 - [TEST_STEP][PASSED] - m = m.trim(): null

11-12-2024T07:59:15 - [TEST_STEP][PASSED] - dashboardName = "Выполнение бизнес-плана": null

11-12-2024T07:59:15 - [TEST_STEP][PASSED] - workbook01 = getWorkbook(excelFilePath): null

11-12-2024T07:59:15 - [TEST_STEP][PASSED] - sheet01 = getExcelSheet(workbook01, sheetName): null

11-12-2024T07:59:15 - [TEST_STEP][PASSED] - setValueToCellByIndex(sheet01, n, 0, dashboardName): null

11-12-2024T07:59:15 - [TEST_STEP][PASSED] - setValueToCellByIndex(sheet01, n, 1, dZO): null

11-12-2024T07:59:15 - [TEST_STEP][PASSED] - setValueToCellByIndex(sheet01, n, 2, typeOfData): null

11-12-2024T07:59:15 - [TEST_STEP][PASSED] - if (typeOfData == "Факт в процентах" || typeOfData == "План в процентах"): null

11-12-2024T07:59:15 - [TEST_STEP][PASSED] - else: null

11-12-2024T07:59:15 - [TEST_STEP][PASSED] - setValueToCellByIndex(sheet01, n, 3, fileInt): null

11-12-2024T07:59:15 - [TEST_STEP][PASSED] - setValueToCellByIndex(sheet01, n, 4, "нет данных"): null

11-12-2024T07:59:15 - [TEST_STEP][PASSED] - setValueToCellByIndex(sheet01, n, 5, m): null

11-12-2024T07:59:15 - [TEST_STEP][PASSED] - setValueToCellByIndex(sheet01, n, 6, y): null

11-12-2024T07:59:15 - [TEST_STEP][PASSED] - setValueToCellByIndex(sheet01, n, 7, todaysDate): null

11-12-2024T07:59:15 - [TEST_STEP][PASSED] - n = n + 1: null

11-12-2024T07:59:15 - [TEST_STEP][PASSED] - saveWorkbook(excelFilePath, workbook01): null

11-12-2024T07:59:16 - [TEST_STEP][PASSED] - typeOfData = "План Отпуск в сеть": null

11-12-2024T07:59:16 - [TEST_STEP][PASSED] - fileInt = replaceAll("\s+", "").toInteger(): null

11-12-2024T07:59:16 - [TEST_STEP][PASSED] - Script1718980020443.WriteToExcelNoData(a, typeOfData, todaysDate, fileInt, fileDouble, dZO): null

11-12-2024T07:59:16 - [TEST_STEP][PASSED] - sheetName = "Sheet1": null

11-12-2024T07:59:16 - [TEST_STEP][PASSED] - data = findTestData("PlanFact"): null

11-12-2024T07:59:16 - [TEST_STEP][PASSED] - n = data.getRowNumbers() + 1: null

11-12-2024T07:59:16 - [TEST_STEP][PASSED] - year = todaysDate.substring(todaysDate.length() - 4, todaysDate.length()): null

11-12-2024T07:59:16 - [TEST_STEP][PASSED] - y = year.toInteger(): null

11-12-2024T07:59:16 - [TEST_STEP][PASSED] - m = getText(findTestObject("Выполнение бизнес-плана/Период")): Text of object 'Object Repository/Выполнение бизнес-плана/Период' is: '1, 2, 3 кв., Октябрь 2024 года'

11-12-2024T07:59:16 - [MESSAGE][PASSED] - Text of object 'Object Repository/Выполнение бизнес-плана/Период' is: '1, 2, 3 кв., Октябрь 2024 года'

11-12-2024T07:59:16 - [TEST_STEP][PASSED] - m = m.substring(0, m.indexOf("2024")): null

11-12-2024T07:59:16 - [TEST_STEP][PASSED] - m = m.trim(): null

11-12-2024T07:59:16 - [TEST_STEP][PASSED] - dashboardName = "Выполнение бизнес-плана": null

11-12-2024T07:59:16 - [TEST_STEP][PASSED] - workbook01 = getWorkbook(excelFilePath): null

11-12-2024T07:59:16 - [TEST_STEP][PASSED] - sheet01 = getExcelSheet(workbook01, sheetName): null

11-12-2024T07:59:16 - [TEST_STEP][PASSED] - setValueToCellByIndex(sheet01, n, 0, dashboardName): null

11-12-2024T07:59:16 - [TEST_STEP][PASSED] - setValueToCellByIndex(sheet01, n, 1, dZO): null

11-12-2024T07:59:16 - [TEST_STEP][PASSED] - setValueToCellByIndex(sheet01, n, 2, typeOfData): null

11-12-2024T07:59:16 - [TEST_STEP][PASSED] - if (typeOfData == "Факт в процентах" || typeOfData == "План в процентах"): null

11-12-2024T07:59:16 - [TEST_STEP][PASSED] - else: null

11-12-2024T07:59:16 - [TEST_STEP][PASSED] - setValueToCellByIndex(sheet01, n, 3, fileInt): null

11-12-2024T07:59:16 - [TEST_STEP][PASSED] - setValueToCellByIndex(sheet01, n, 4, "нет данных"): null

11-12-2024T07:59:16 - [TEST_STEP][PASSED] - setValueToCellByIndex(sheet01, n, 5, m): null

11-12-2024T07:59:16 - [TEST_STEP][PASSED] - setValueToCellByIndex(sheet01, n, 6, y): null

11-12-2024T07:59:16 - [TEST_STEP][PASSED] - setValueToCellByIndex(sheet01, n, 7, todaysDate): null

11-12-2024T07:59:16 - [TEST_STEP][PASSED] - n = n + 1: null

11-12-2024T07:59:16 - [TEST_STEP][PASSED] - saveWorkbook(excelFilePath, workbook01): null

11-12-2024T07:59:16 - [TEST_STEP][PASSED] - typeOfData = "План Потери": null

11-12-2024T07:59:16 - [TEST_STEP][PASSED] - fileInt = replaceAll("\s+", "").toInteger(): null

11-12-2024T07:59:16 - [TEST_STEP][PASSED] - Script1718980020443.WriteToExcelNoData(a, typeOfData, todaysDate, fileInt, fileDouble, dZO): null

11-12-2024T07:59:16 - [TEST_STEP][PASSED] - sheetName = "Sheet1": null

11-12-2024T07:59:16 - [TEST_STEP][PASSED] - data = findTestData("PlanFact"): null

11-12-2024T07:59:17 - [TEST_STEP][PASSED] - n = data.getRowNumbers() + 1: null

11-12-2024T07:59:17 - [TEST_STEP][PASSED] - year = todaysDate.substring(todaysDate.length() - 4, todaysDate.length()): null

11-12-2024T07:59:17 - [TEST_STEP][PASSED] - y = year.toInteger(): null

11-12-2024T07:59:17 - [TEST_STEP][PASSED] - m = getText(findTestObject("Выполнение бизнес-плана/Период")): Text of object 'Object Repository/Выполнение бизнес-плана/Период' is: '1, 2, 3 кв., Октябрь 2024 года'

11-12-2024T07:59:17 - [MESSAGE][PASSED] - Text of object 'Object Repository/Выполнение бизнес-плана/Период' is: '1, 2, 3 кв., Октябрь 2024 года'

11-12-2024T07:59:17 - [TEST_STEP][PASSED] - m = m.substring(0, m.indexOf("2024")): null

11-12-2024T07:59:17 - [TEST_STEP][PASSED] - m = m.trim(): null

11-12-2024T07:59:17 - [TEST_STEP][PASSED] - dashboardName = "Выполнение бизнес-плана": null

11-12-2024T07:59:17 - [TEST_STEP][PASSED] - workbook01 = getWorkbook(excelFilePath): null

11-12-2024T07:59:17 - [TEST_STEP][PASSED] - sheet01 = getExcelSheet(workbook01, sheetName): null

11-12-2024T07:59:17 - [TEST_STEP][PASSED] - setValueToCellByIndex(sheet01, n, 0, dashboardName): null

11-12-2024T07:59:17 - [TEST_STEP][PASSED] - setValueToCellByIndex(sheet01, n, 1, dZO): null

11-12-2024T07:59:17 - [TEST_STEP][PASSED] - setValueToCellByIndex(sheet01, n, 2, typeOfData): null

11-12-2024T07:59:17 - [TEST_STEP][PASSED] - if (typeOfData == "Факт в процентах" || typeOfData == "План в процентах"): null

11-12-2024T07:59:17 - [TEST_STEP][PASSED] - else: null

11-12-2024T07:59:17 - [TEST_STEP][PASSED] - setValueToCellByIndex(sheet01, n, 3, fileInt): null

11-12-2024T07:59:17 - [TEST_STEP][PASSED] - setValueToCellByIndex(sheet01, n, 4, "нет данных"): null

11-12-2024T07:59:17 - [TEST_STEP][PASSED] - setValueToCellByIndex(sheet01, n, 5, m): null

11-12-2024T07:59:17 - [TEST_STEP][PASSED] - setValueToCellByIndex(sheet01, n, 6, y): null

11-12-2024T07:59:17 - [TEST_STEP][PASSED] - setValueToCellByIndex(sheet01, n, 7, todaysDate): null

11-12-2024T07:59:17 - [TEST_STEP][PASSED] - n = n + 1: null

11-12-2024T07:59:17 - [TEST_STEP][PASSED] - saveWorkbook(excelFilePath, workbook01): null

11-12-2024T07:59:17 - [TEST_STEP][PASSED] - typeOfData = "План в процентах": null

11-12-2024T07:59:17 - [TEST_STEP][PASSED] - fileDouble = ").toDouble(): null

11-12-2024T07:59:17 - [TEST_STEP][PASSED] - Script1718980020443.WriteToExcelNoData(a, typeOfData, todaysDate, fileInt, fileDouble, dZO): null

11-12-2024T07:59:17 - [TEST_STEP][PASSED] - sheetName = "Sheet1": null

11-12-2024T07:59:17 - [TEST_STEP][PASSED] - data = findTestData("PlanFact"): null

11-12-2024T07:59:17 - [TEST_STEP][PASSED] - n = data.getRowNumbers() + 1: null

11-12-2024T07:59:17 - [TEST_STEP][PASSED] - year = todaysDate.substring(todaysDate.length() - 4, todaysDate.length()): null

11-12-2024T07:59:17 - [TEST_STEP][PASSED] - y = year.toInteger(): null

11-12-2024T07:59:17 - [TEST_STEP][PASSED] - m = getText(findTestObject("Выполнение бизнес-плана/Период")): Text of object 'Object Repository/Выполнение бизнес-плана/Период' is: '1, 2, 3 кв., Октябрь 2024 года'

11-12-2024T07:59:18 - [MESSAGE][PASSED] - Text of object 'Object Repository/Выполнение бизнес-плана/Период' is: '1, 2, 3 кв., Октябрь 2024 года'

11-12-2024T07:59:18 - [TEST_STEP][PASSED] - m = m.substring(0, m.indexOf("2024")): null

11-12-2024T07:59:18 - [TEST_STEP][PASSED] - m = m.trim(): null

11-12-2024T07:59:18 - [TEST_STEP][PASSED] - dashboardName = "Выполнение бизнес-плана": null

11-12-2024T07:59:18 - [TEST_STEP][PASSED] - workbook01 = getWorkbook(excelFilePath): null

11-12-2024T07:59:18 - [TEST_STEP][PASSED] - sheet01 = getExcelSheet(workbook01, sheetName): null

11-12-2024T07:59:18 - [TEST_STEP][PASSED] - setValueToCellByIndex(sheet01, n, 0, dashboardName): null

11-12-2024T07:59:18 - [TEST_STEP][PASSED] - setValueToCellByIndex(sheet01, n, 1, dZO): null

11-12-2024T07:59:18 - [TEST_STEP][PASSED] - setValueToCellByIndex(sheet01, n, 2, typeOfData): null

11-12-2024T07:59:18 - [TEST_STEP][PASSED] - if (typeOfData == "Факт в процентах" || typeOfData == "План в процентах"): null

11-12-2024T07:59:18 - [TEST_STEP][PASSED] - setValueToCellByIndex(sheet01, n, 3, fileDouble): null

11-12-2024T07:59:18 - [TEST_STEP][PASSED] - setValueToCellByIndex(sheet01, n, 4, "нет данных"): null

11-12-2024T07:59:18 - [TEST_STEP][PASSED] - setValueToCellByIndex(sheet01, n, 5, m): null

11-12-2024T07:59:18 - [TEST_STEP][PASSED] - setValueToCellByIndex(sheet01, n, 6, y): null

11-12-2024T07:59:18 - [TEST_STEP][PASSED] - setValueToCellByIndex(sheet01, n, 7, todaysDate): null

11-12-2024T07:59:18 - [TEST_STEP][PASSED] - n = n + 1: null

11-12-2024T07:59:18 - [TEST_STEP][PASSED] - saveWorkbook(excelFilePath, workbook01): null

11-12-2024T07:59:18 - [TEST_STEP][PASSED] - typeOfData = "Факт в процентах": null

11-12-2024T07:59:18 - [TEST_STEP][PASSED] - fileDouble = ").toDouble(): null

11-12-2024T07:59:18 - [TEST_STEP][PASSED] - Script1718980020443.WriteToExcelNoData(a, typeOfData, todaysDate, fileInt, fileDouble, dZO): null

11-12-2024T07:59:18 - [TEST_STEP][PASSED] - sheetName = "Sheet1": null

11-12-2024T07:59:18 - [TEST_STEP][PASSED] - data = findTestData("PlanFact"): null

11-12-2024T07:59:18 - [TEST_STEP][PASSED] - n = data.getRowNumbers() + 1: null

11-12-2024T07:59:18 - [TEST_STEP][PASSED] - year = todaysDate.substring(todaysDate.length() - 4, todaysDate.length()): null

11-12-2024T07:59:18 - [TEST_STEP][PASSED] - y = year.toInteger(): null

11-12-2024T07:59:18 - [TEST_STEP][PASSED] - m = getText(findTestObject("Выполнение бизнес-плана/Период")): Text of object 'Object Repository/Выполнение бизнес-плана/Период' is: '1, 2, 3 кв., Октябрь 2024 года'

11-12-2024T07:59:18 - [MESSAGE][PASSED] - Text of object 'Object Repository/Выполнение бизнес-плана/Период' is: '1, 2, 3 кв., Октябрь 2024 года'

11-12-2024T07:59:18 - [TEST_STEP][PASSED] - m = m.substring(0, m.indexOf("2024")): null

11-12-2024T07:59:18 - [TEST_STEP][PASSED] - m = m.trim(): null

11-12-2024T07:59:18 - [TEST_STEP][PASSED] - dashboardName = "Выполнение бизнес-плана": null

11-12-2024T07:59:18 - [TEST_STEP][PASSED] - workbook01 = getWorkbook(excelFilePath): null

11-12-2024T07:59:18 - [TEST_STEP][PASSED] - sheet01 = getExcelSheet(workbook01, sheetName): null

11-12-2024T07:59:18 - [TEST_STEP][PASSED] - setValueToCellByIndex(sheet01, n, 0, dashboardName): null

11-12-2024T07:59:18 - [TEST_STEP][PASSED] - setValueToCellByIndex(sheet01, n, 1, dZO): null

11-12-2024T07:59:18 - [TEST_STEP][PASSED] - setValueToCellByIndex(sheet01, n, 2, typeOfData): null

11-12-2024T07:59:18 - [TEST_STEP][PASSED] - if (typeOfData == "Факт в процентах" || typeOfData == "План в процентах"): null

11-12-2024T07:59:18 - [TEST_STEP][PASSED] - setValueToCellByIndex(sheet01, n, 3, fileDouble): null

11-12-2024T07:59:18 - [TEST_STEP][PASSED] - setValueToCellByIndex(sheet01, n, 4, "нет данных"): null

11-12-2024T07:59:18 - [TEST_STEP][PASSED] - setValueToCellByIndex(sheet01, n, 5, m): null

11-12-2024T07:59:18 - [TEST_STEP][PASSED] - setValueToCellByIndex(sheet01, n, 6, y): null

11-12-2024T07:59:18 - [TEST_STEP][PASSED] - setValueToCellByIndex(sheet01, n, 7, todaysDate): null

11-12-2024T07:59:18 - [TEST_STEP][PASSED] - n = n + 1: null

11-12-2024T07:59:18 - [TEST_STEP][PASSED] - saveWorkbook(excelFilePath, workbook01): null

11-12-2024T07:59:19 - [TEST_STEP][PASSED] - println(dzoNum): null

11-12-2024T07:59:19 - [TEST_STEP][PASSED] - dZO = "РаспредКомплекс": null

11-12-2024T07:59:19 - [TEST_STEP][PASSED] - a = 82: null

11-12-2024T07:59:19 - [TEST_STEP][PASSED] - Script1718980020443.Numbers(a, typeOfData, todaysDate, pageInt, fileInt, pageDouble, fileDouble, dZO, dzoNum, filialNum): null

11-12-2024T07:59:19 - [TEST_STEP][PASSED] - println(dzoNum): null

11-12-2024T07:59:19 - [TEST_STEP][PASSED] - planFact = <not implemented yet for class: org.codehaus.groovy.ast.expr.EmptyExpression>: null

11-12-2024T07:59:19 - [TEST_STEP][PASSED] - page = <not implemented yet for class: org.codehaus.groovy.ast.expr.EmptyExpression>: null

11-12-2024T07:59:19 - [TEST_STEP][PASSED] - page1 = <not implemented yet for class: org.codehaus.groovy.ast.expr.EmptyExpression>: null

11-12-2024T07:59:19 - [TEST_STEP][PASSED] - page2 = <not implemented yet for class: org.codehaus.groovy.ast.expr.EmptyExpression>: null

11-12-2024T07:59:19 - [TEST_STEP][PASSED] - filialNumberInRow = <not implemented yet for class: org.codehaus.groovy.ast.expr.EmptyExpression>: null

11-12-2024T07:59:19 - [TEST_STEP][PASSED] - filialsDzoNames = <not implemented yet for class: org.codehaus.groovy.ast.expr.EmptyExpression>: null

11-12-2024T07:59:19 - [TEST_STEP][PASSED] - numberOfFilials = <not implemented yet for class: org.codehaus.groovy.ast.expr.EmptyExpression>: null

11-12-2024T07:59:19 - [TEST_STEP][PASSED] - numberOfSpaces = <not implemented yet for class: org.codehaus.groovy.ast.expr.EmptyExpression>: null

11-12-2024T07:59:19 - [TEST_STEP][PASSED] - file = <not implemented yet for class: org.codehaus.groovy.ast.expr.EmptyExpression>: null

11-12-2024T07:59:19 - [TEST_STEP][PASSED] - otpusk = <not implemented yet for class: org.codehaus.groovy.ast.expr.EmptyExpression>: null

11-12-2024T07:59:19 - [TEST_STEP][PASSED] - poteri = <not implemented yet for class: org.codehaus.groovy.ast.expr.EmptyExpression>: null

11-12-2024T07:59:19 - [TEST_STEP][PASSED] - dataFolder = "Выполнение бизнес-плана/Значения со страницы Выполнение бизнес-плана/": null

11-12-2024T07:59:19 - [TEST_STEP][PASSED] - path = <not implemented yet for class: org.codehaus.groovy.ast.expr.EmptyExpression>: null

11-12-2024T07:59:19 - [TEST_STEP][PASSED] - typeOfDataMain = <not implemented yet for class: org.codehaus.groovy.ast.expr.EmptyExpression>: null

11-12-2024T07:59:19 - [TEST_STEP][PASSED] - fileOtpuskVSet = <not implemented yet for class: org.codehaus.groovy.ast.expr.EmptyExpression>: null

11-12-2024T07:59:19 - [TEST_STEP][PASSED] - pageOtpuskVSet = <not implemented yet for class: org.codehaus.groovy.ast.expr.EmptyExpression>: null

11-12-2024T07:59:19 - [TEST_STEP][PASSED] - filePoteri = <not implemented yet for class: org.codehaus.groovy.ast.expr.EmptyExpression>: null

11-12-2024T07:59:19 - [TEST_STEP][PASSED] - pagePoteri = <not implemented yet for class: org.codehaus.groovy.ast.expr.EmptyExpression>: null

11-12-2024T07:59:19 - [TEST_STEP][PASSED] - compare = <not implemented yet for class: org.codehaus.groovy.ast.expr.EmptyExpression>: null

11-12-2024T07:59:19 - [TEST_STEP][PASSED] - b = <not implemented yet for class: org.codehaus.groovy.ast.expr.EmptyExpression>: null

11-12-2024T07:59:19 - [TEST_STEP][PASSED] - i = <not implemented yet for class: org.codehaus.groovy.ast.expr.EmptyExpression>: null

11-12-2024T07:59:19 - [TEST_STEP][PASSED] - ii = <not implemented yet for class: org.codehaus.groovy.ast.expr.EmptyExpression>: null

11-12-2024T07:59:19 - [TEST_STEP][PASSED] - c = <not implemented yet for class: org.codehaus.groovy.ast.expr.EmptyExpression>: null

11-12-2024T07:59:19 - [TEST_STEP][PASSED] - numberOfErrors = 0: null

11-12-2024T07:59:19 - [TEST_STEP][PASSED] - if (a == 82): null

11-12-2024T07:59:19 - [TEST_STEP][PASSED] - Script1718980020443.OpenFilter(): null

11-12-2024T07:59:19 - [TEST_STEP][PASSED] - click(findTestObject("Object Repository/Выполнение бизнес-плана/Фильтр ДЗО")): Object: 'Object Repository/Выполнение бизнес-плана/Фильтр ДЗО' is clicked on

11-12-2024T07:59:19 - [MESSAGE][PASSED] - Object: 'Object Repository/Выполнение бизнес-плана/Фильтр ДЗО' is clicked on

11-12-2024T07:59:19 - [TEST_STEP][PASSED] - click(findTestObject("Выполнение бизнес-плана/Снять выделение в фильтре ДЗО")): null

11-12-2024T07:59:20 - [MESSAGE][PASSED] - Object: 'Object Repository/Выполнение бизнес-плана/Снять выделение в фильтре ДЗО' is clicked on

11-12-2024T07:59:20 - [TEST_STEP][PASSED] - click(findTestObject("Выполнение бизнес-плана/Раскрыть список ПАО Россети в фильтре ДЗО")): Object: 'Object Repository/Выполнение бизнес-плана/Раскрыть список ПАО Россети в фильтре ДЗО' is clicked on

11-12-2024T07:59:20 - [MESSAGE][PASSED] - Object: 'Object Repository/Выполнение бизнес-плана/Раскрыть список ПАО Россети в фильтре ДЗО' is clicked on

11-12-2024T07:59:20 - [TEST_STEP][PASSED] - click(findTestObject("Выполнение бизнес-плана/РаспредКомплекс")): Object: 'Object Repository/Выполнение бизнес-плана/РаспредКомплекс' is clicked on

11-12-2024T07:59:20 - [MESSAGE][PASSED] - Object: 'Object Repository/Выполнение бизнес-плана/РаспредКомплекс' is clicked on

11-12-2024T07:59:20 - [TEST_STEP][PASSED] - Script1718980020443.CloseFilter(): null

11-12-2024T07:59:20 - [TEST_STEP][PASSED] - scrollToElement(findTestObject("Выполнение бизнес-плана/Заголовок дашборда"), 30): Scroll to object 'Object Repository/Выполнение бизнес-плана/Заголовок дашборда' successfully

11-12-2024T07:59:21 - [MESSAGE][PASSED] - Scroll to object 'Object Repository/Выполнение бизнес-плана/Заголовок дашборда' successfully

11-12-2024T07:59:21 - [TEST_STEP][PASSED] - click(findTestObject("Object Repository/Выполнение бизнес-плана/Применить в фильтре ДЗО")): null

11-12-2024T07:59:22 - [MESSAGE][PASSED] - Object: 'Object Repository/Выполнение бизнес-плана/Применить в фильтре ДЗО' is clicked on

11-12-2024T07:59:22 - [TEST_STEP][PASSED] - delay(5): Delayed 5 second(s)

11-12-2024T07:59:27 - [MESSAGE][PASSED] - Delayed 5 second(s)

11-12-2024T07:59:27 - [TEST_STEP][PASSED] - b = findTestData("PlanFact").getValue(1, a): null

11-12-2024T07:59:27 - [TEST_STEP][PASSED] - i = b.indexOf(" (ГК)"): null

11-12-2024T07:59:27 - [TEST_STEP][PASSED] - if (i > -1): null

11-12-2024T07:59:27 - [TEST_STEP][PASSED] - i = b.indexOf("О ""): null

11-12-2024T07:59:27 - [TEST_STEP][PASSED] - if (i > -1): null

11-12-2024T07:59:27 - [TEST_STEP][PASSED] - i = b.indexOf("О «"): null

11-12-2024T07:59:27 - [TEST_STEP][PASSED] - if (i > -1): null

11-12-2024T07:59:27 - [TEST_STEP][PASSED] - i = b.indexOf("г. "): null

11-12-2024T07:59:27 - [TEST_STEP][PASSED] - if (i > -1): null

11-12-2024T07:59:27 - [TEST_STEP][PASSED] - println(b): null

11-12-2024T07:59:27 - [TEST_STEP][PASSED] - for ([planFact = 1, planFact < 3, (planFact++)]): null

11-12-2024T07:59:27 - [TEST_STEP][PASSED] - if (planFact == 1): null

11-12-2024T07:59:27 - [TEST_STEP][PASSED] - typeOfDataMain = "Факт": null

11-12-2024T07:59:27 - [TEST_STEP][PASSED] - otpusk = findTestData("PlanFact").getValue(5, a): null

11-12-2024T07:59:27 - [TEST_STEP][PASSED] - poteri = findTestData("PlanFact").getValue(6, a): null

11-12-2024T07:59:27 - [TEST_STEP][PASSED] - otpusk = otpusk.replaceAll("\s+", ""): null

11-12-2024T07:59:27 - [TEST_STEP][PASSED] - poteri = poteri.replaceAll("\s+", ""): null

11-12-2024T07:59:27 - [TEST_STEP][PASSED] - typeOfData = typeOfDataMain + " Отпуск в сеть": null

11-12-2024T07:59:27 - [TEST_STEP][PASSED] - if (a == 82): null

11-12-2024T07:59:27 - [TEST_STEP][PASSED] - path = dataFolder + typeOfData + " за отчётный период " + "РаспредКомплекс": null

11-12-2024T07:59:27 - [TEST_STEP][PASSED] - println(path): null

11-12-2024T07:59:27 - [TEST_STEP][PASSED] - page = getText(findTestObject(path)): Text of object 'Object Repository/Выполнение бизнес-плана/Значения со страницы Выполнение бизнес-плана/Факт Отпуск в сеть за отчётный период РаспредКомплекс' is: '211 719 944'

11-12-2024T07:59:57 - [MESSAGE][PASSED] - Text of object 'Object Repository/Выполнение бизнес-плана/Значения со страницы Выполнение бизнес-плана/Факт Отпуск в сеть за отчётный период РаспредКомплекс' is: '211 719 944'

11-12-2024T07:59:57 - [TEST_STEP][PASSED] - page = page.replaceAll("\s+", ""): null

11-12-2024T07:59:57 - [TEST_STEP][PASSED] - fileOtpuskVSet = otpusk.toInteger(): null

11-12-2024T07:59:57 - [TEST_STEP][PASSED] - pageOtpuskVSet = page.toInteger(): null

11-12-2024T07:59:57 - [TEST_STEP][PASSED] - typeOfData = typeOfDataMain + " Потери": null

11-12-2024T07:59:57 - [TEST_STEP][PASSED] - if (a == 82): null

11-12-2024T07:59:57 - [TEST_STEP][PASSED] - path = dataFolder + typeOfData + " за отчётный период " + "РаспредКомплекс": null

11-12-2024T07:59:57 - [TEST_STEP][PASSED] - page = getText(findTestObject(path)): Text of object 'Object Repository/Выполнение бизнес-плана/Значения со страницы Выполнение бизнес-плана/Факт Потери за отчётный период РаспредКомплекс' is: '18 732 578'

11-12-2024T08:00:01 - [MESSAGE][PASSED] - Text of object 'Object Repository/Выполнение бизнес-плана/Значения со страницы Выполнение бизнес-плана/Факт Потери за отчётный период РаспредКомплекс' is: '18 732 578'

11-12-2024T08:00:01 - [TEST_STEP][PASSED] - page = page.replaceAll("\s+", ""): null

11-12-2024T08:00:01 - [TEST_STEP][PASSED] - filePoteri = poteri.toInteger(): null

11-12-2024T08:00:01 - [TEST_STEP][PASSED] - pagePoteri = page.toInteger(): null

11-12-2024T08:00:01 - [TEST_STEP][PASSED] - compare = pageOtpuskVSet: null

11-12-2024T08:00:01 - [TEST_STEP][PASSED] - if (compare == fileOtpuskVSet): null

11-12-2024T08:00:01 - [TEST_STEP][PASSED] - else if (compare > fileOtpuskVSet): null

11-12-2024T08:00:01 - [TEST_STEP][PASSED] - else if (compare < fileOtpuskVSet): null

11-12-2024T08:00:01 - [TEST_STEP][PASSED] - compare = compare + 1: null

11-12-2024T08:00:01 - [TEST_STEP][PASSED] - if (compare == fileOtpuskVSet): null

11-12-2024T08:00:01 - [TEST_STEP][PASSED] - else: null

11-12-2024T08:00:01 - [TEST_STEP][PASSED] - numberOfErrors = numberOfErrors + 1: null

11-12-2024T08:00:01 - [TEST_STEP][PASSED] - pageInt = pageOtpuskVSet: null

11-12-2024T08:00:01 - [TEST_STEP][PASSED] - fileInt = fileOtpuskVSet: null

11-12-2024T08:00:01 - [TEST_STEP][PASSED] - typeOfData = typeOfDataMain + " Отпуск в сеть": null

11-12-2024T08:00:01 - [TEST_STEP][PASSED] - Script1718980020443.WriteToExcel(a, typeOfData, todaysDate, pageInt, fileInt, pageDouble, fileDouble, dZO): null

11-12-2024T08:00:01 - [TEST_STEP][PASSED] - sheetName = "Sheet1": null

11-12-2024T08:00:01 - [TEST_STEP][PASSED] - data = findTestData("PlanFact"): null

11-12-2024T08:00:01 - [TEST_STEP][PASSED] - n = data.getRowNumbers() + 1: null

11-12-2024T08:00:01 - [TEST_STEP][PASSED] - year = todaysDate.substring(todaysDate.length() - 4, todaysDate.length()): null

11-12-2024T08:00:01 - [TEST_STEP][PASSED] - y = year.toInteger(): null

11-12-2024T08:00:01 - [TEST_STEP][PASSED] - m = getText(findTestObject("Выполнение бизнес-плана/Период")): Text of object 'Object Repository/Выполнение бизнес-плана/Период' is: '1, 2, 3 кв., Октябрь 2024 года'

11-12-2024T08:00:01 - [MESSAGE][PASSED] - Text of object 'Object Repository/Выполнение бизнес-плана/Период' is: '1, 2, 3 кв., Октябрь 2024 года'

11-12-2024T08:00:01 - [TEST_STEP][PASSED] - m = m.substring(0, m.indexOf("2024")): null

11-12-2024T08:00:01 - [TEST_STEP][PASSED] - m = m.trim(): null

11-12-2024T08:00:01 - [TEST_STEP][PASSED] - dashboardName = "Выполнение бизнес-плана": null

11-12-2024T08:00:01 - [TEST_STEP][PASSED] - workbook01 = getWorkbook(excelFilePath): null

11-12-2024T08:00:02 - [TEST_STEP][PASSED] - sheet01 = getExcelSheet(workbook01, sheetName): null

11-12-2024T08:00:02 - [TEST_STEP][PASSED] - setValueToCellByIndex(sheet01, n, 0, dashboardName): null

11-12-2024T08:00:02 - [TEST_STEP][PASSED] - setValueToCellByIndex(sheet01, n, 1, dZO): null

11-12-2024T08:00:02 - [TEST_STEP][PASSED] - setValueToCellByIndex(sheet01, n, 2, typeOfData): null

11-12-2024T08:00:02 - [TEST_STEP][PASSED] - if (typeOfData == "Факт в процентах" || typeOfData == "План в процентах"): null

11-12-2024T08:00:02 - [TEST_STEP][PASSED] - else: null

11-12-2024T08:00:02 - [TEST_STEP][PASSED] - setValueToCellByIndex(sheet01, n, 3, fileInt): null

11-12-2024T08:00:02 - [TEST_STEP][PASSED] - setValueToCellByIndex(sheet01, n, 4, pageInt): null

11-12-2024T08:00:02 - [TEST_STEP][PASSED] - setValueToCellByIndex(sheet01, n, 5, m): null

11-12-2024T08:00:02 - [TEST_STEP][PASSED] - setValueToCellByIndex(sheet01, n, 6, y): null

11-12-2024T08:00:02 - [TEST_STEP][PASSED] - setValueToCellByIndex(sheet01, n, 7, todaysDate): null

11-12-2024T08:00:02 - [TEST_STEP][PASSED] - n = n + 1: null

11-12-2024T08:00:02 - [TEST_STEP][PASSED] - saveWorkbook(excelFilePath, workbook01): null

11-12-2024T08:00:02 - [TEST_STEP][PASSED] - compare = pagePoteri: null

11-12-2024T08:00:02 - [TEST_STEP][PASSED] - if (compare == filePoteri): null

11-12-2024T08:00:02 - [TEST_STEP][PASSED] - else if (compare > filePoteri): null

11-12-2024T08:00:02 - [TEST_STEP][PASSED] - else if (compare < filePoteri): null

11-12-2024T08:00:02 - [TEST_STEP][PASSED] - compare = compare + 1: null

11-12-2024T08:00:02 - [TEST_STEP][PASSED] - if (compare == filePoteri): null

11-12-2024T08:00:02 - [TEST_STEP][PASSED] - else: null

11-12-2024T08:00:02 - [TEST_STEP][PASSED] - numberOfErrors = numberOfErrors + 1: null

11-12-2024T08:00:02 - [TEST_STEP][PASSED] - pageInt = pagePoteri: null

11-12-2024T08:00:02 - [TEST_STEP][PASSED] - fileInt = filePoteri: null

11-12-2024T08:00:02 - [TEST_STEP][PASSED] - typeOfData = typeOfDataMain + " Потери": null

11-12-2024T08:00:02 - [TEST_STEP][PASSED] - Script1718980020443.WriteToExcel(a, typeOfData, todaysDate, pageInt, fileInt, pageDouble, fileDouble, dZO): null

11-12-2024T08:00:02 - [TEST_STEP][PASSED] - sheetName = "Sheet1": null

11-12-2024T08:00:02 - [TEST_STEP][PASSED] - data = findTestData("PlanFact"): null

11-12-2024T08:00:02 - [TEST_STEP][PASSED] - n = data.getRowNumbers() + 1: null

11-12-2024T08:00:02 - [TEST_STEP][PASSED] - year = todaysDate.substring(todaysDate.length() - 4, todaysDate.length()): null

11-12-2024T08:00:02 - [TEST_STEP][PASSED] - y = year.toInteger(): null

11-12-2024T08:00:02 - [TEST_STEP][PASSED] - m = getText(findTestObject("Выполнение бизнес-плана/Период")): Text of object 'Object Repository/Выполнение бизнес-плана/Период' is: '1, 2, 3 кв., Октябрь 2024 года'

11-12-2024T08:00:02 - [MESSAGE][PASSED] - Text of object 'Object Repository/Выполнение бизнес-плана/Период' is: '1, 2, 3 кв., Октябрь 2024 года'

11-12-2024T08:00:02 - [TEST_STEP][PASSED] - m = m.substring(0, m.indexOf("2024")): null

11-12-2024T08:00:02 - [TEST_STEP][PASSED] - m = m.trim(): null

11-12-2024T08:00:02 - [TEST_STEP][PASSED] - dashboardName = "Выполнение бизнес-плана": null

11-12-2024T08:00:02 - [TEST_STEP][PASSED] - workbook01 = getWorkbook(excelFilePath): null

11-12-2024T08:00:02 - [TEST_STEP][PASSED] - sheet01 = getExcelSheet(workbook01, sheetName): null

11-12-2024T08:00:02 - [TEST_STEP][PASSED] - setValueToCellByIndex(sheet01, n, 0, dashboardName): null

11-12-2024T08:00:02 - [TEST_STEP][PASSED] - setValueToCellByIndex(sheet01, n, 1, dZO): null

11-12-2024T08:00:02 - [TEST_STEP][PASSED] - setValueToCellByIndex(sheet01, n, 2, typeOfData): null

11-12-2024T08:00:02 - [TEST_STEP][PASSED] - if (typeOfData == "Факт в процентах" || typeOfData == "План в процентах"): null

11-12-2024T08:00:02 - [TEST_STEP][PASSED] - else: null

11-12-2024T08:00:02 - [TEST_STEP][PASSED] - setValueToCellByIndex(sheet01, n, 3, fileInt): null

11-12-2024T08:00:02 - [TEST_STEP][PASSED] - setValueToCellByIndex(sheet01, n, 4, pageInt): null

11-12-2024T08:00:02 - [TEST_STEP][PASSED] - setValueToCellByIndex(sheet01, n, 5, m): null

11-12-2024T08:00:02 - [TEST_STEP][PASSED] - setValueToCellByIndex(sheet01, n, 6, y): null

11-12-2024T08:00:02 - [TEST_STEP][PASSED] - setValueToCellByIndex(sheet01, n, 7, todaysDate): null

11-12-2024T08:00:02 - [TEST_STEP][PASSED] - n = n + 1: null

11-12-2024T08:00:02 - [TEST_STEP][PASSED] - saveWorkbook(excelFilePath, workbook01): null

11-12-2024T08:00:02 - [TEST_STEP][PASSED] - if (planFact == 2): null

11-12-2024T08:00:02 - [TEST_STEP][PASSED] - if (planFact == 1): null

11-12-2024T08:00:02 - [TEST_STEP][PASSED] - else if (planFact == 2): null

11-12-2024T08:00:02 - [TEST_STEP][PASSED] - click(findTestObject("Выполнение бизнес-плана/Кнопка План")): Object: 'Object Repository/Выполнение бизнес-плана/Кнопка План' is clicked on

11-12-2024T08:00:03 - [MESSAGE][PASSED] - Object: 'Object Repository/Выполнение бизнес-плана/Кнопка План' is clicked on

11-12-2024T08:00:03 - [TEST_STEP][PASSED] - typeOfDataMain = "План": null

11-12-2024T08:00:03 - [TEST_STEP][PASSED] - otpusk = findTestData("PlanFact").getValue(2, a): null

11-12-2024T08:00:03 - [TEST_STEP][PASSED] - poteri = findTestData("PlanFact").getValue(3, a): null

11-12-2024T08:00:03 - [TEST_STEP][PASSED] - otpusk = otpusk.replaceAll("\s+", ""): null

11-12-2024T08:00:03 - [TEST_STEP][PASSED] - poteri = poteri.replaceAll("\s+", ""): null

11-12-2024T08:00:03 - [TEST_STEP][PASSED] - typeOfData = typeOfDataMain + " Отпуск в сеть": null

11-12-2024T08:00:03 - [TEST_STEP][PASSED] - if (a == 82): null

11-12-2024T08:00:03 - [TEST_STEP][PASSED] - path = dataFolder + typeOfData + " за отчётный период " + "РаспредКомплекс": null

11-12-2024T08:00:03 - [TEST_STEP][PASSED] - println(path): null

11-12-2024T08:00:03 - [TEST_STEP][PASSED] - page = getText(findTestObject(path)): Text of object 'Object Repository/Выполнение бизнес-плана/Значения со страницы Выполнение бизнес-плана/План Отпуск в сеть за отчётный период РаспредКомплекс' is: '206 707 707'

11-12-2024T08:00:03 - [MESSAGE][PASSED] - Text of object 'Object Repository/Выполнение бизнес-плана/Значения со страницы Выполнение бизнес-плана/План Отпуск в сеть за отчётный период РаспредКомплекс' is: '206 707 707'

11-12-2024T08:00:03 - [TEST_STEP][PASSED] - page = page.replaceAll("\s+", ""): null

11-12-2024T08:00:03 - [TEST_STEP][PASSED] - fileOtpuskVSet = otpusk.toInteger(): null

11-12-2024T08:00:03 - [TEST_STEP][PASSED] - pageOtpuskVSet = page.toInteger(): null

11-12-2024T08:00:03 - [TEST_STEP][PASSED] - typeOfData = typeOfDataMain + " Потери": null

11-12-2024T08:00:03 - [TEST_STEP][PASSED] - if (a == 82): null

11-12-2024T08:00:03 - [TEST_STEP][PASSED] - path = dataFolder + typeOfData + " за отчётный период " + "РаспредКомплекс": null

11-12-2024T08:00:03 - [TEST_STEP][PASSED] - page = getText(findTestObject(path)): Text of object 'Object Repository/Выполнение бизнес-плана/Значения со страницы Выполнение бизнес-плана/План Потери за отчётный период РаспредКомплекс' is: '17 571 909'

11-12-2024T08:00:04 - [MESSAGE][PASSED] - Text of object 'Object Repository/Выполнение бизнес-плана/Значения со страницы Выполнение бизнес-плана/План Потери за отчётный период РаспредКомплекс' is: '17 571 909'

11-12-2024T08:00:04 - [TEST_STEP][PASSED] - page = page.replaceAll("\s+", ""): null

11-12-2024T08:00:04 - [TEST_STEP][PASSED] - filePoteri = poteri.toInteger(): null

11-12-2024T08:00:04 - [TEST_STEP][PASSED] - pagePoteri = page.toInteger(): null

11-12-2024T08:00:04 - [TEST_STEP][PASSED] - compare = pageOtpuskVSet: null

11-12-2024T08:00:04 - [TEST_STEP][PASSED] - if (compare == fileOtpuskVSet): null

11-12-2024T08:00:04 - [TEST_STEP][PASSED] - else if (compare > fileOtpuskVSet): null

11-12-2024T08:00:04 - [TEST_STEP][PASSED] - else if (compare < fileOtpuskVSet): null

11-12-2024T08:00:04 - [TEST_STEP][PASSED] - compare = compare + 1: null

11-12-2024T08:00:04 - [TEST_STEP][PASSED] - if (compare == fileOtpuskVSet): null

11-12-2024T08:00:04 - [TEST_STEP][PASSED] - else: null

11-12-2024T08:00:04 - [TEST_STEP][PASSED] - numberOfErrors = numberOfErrors + 1: null

11-12-2024T08:00:04 - [TEST_STEP][PASSED] - pageInt = pageOtpuskVSet: null

11-12-2024T08:00:04 - [TEST_STEP][PASSED] - fileInt = fileOtpuskVSet: null

11-12-2024T08:00:04 - [TEST_STEP][PASSED] - typeOfData = typeOfDataMain + " Отпуск в сеть": null

11-12-2024T08:00:04 - [TEST_STEP][PASSED] - Script1718980020443.WriteToExcel(a, typeOfData, todaysDate, pageInt, fileInt, pageDouble, fileDouble, dZO): null

11-12-2024T08:00:04 - [TEST_STEP][PASSED] - sheetName = "Sheet1": null

11-12-2024T08:00:04 - [TEST_STEP][PASSED] - data = findTestData("PlanFact"): null

11-12-2024T08:00:04 - [TEST_STEP][PASSED] - n = data.getRowNumbers() + 1: null

11-12-2024T08:00:04 - [TEST_STEP][PASSED] - year = todaysDate.substring(todaysDate.length() - 4, todaysDate.length()): null

11-12-2024T08:00:04 - [TEST_STEP][PASSED] - y = year.toInteger(): null

11-12-2024T08:00:04 - [TEST_STEP][PASSED] - m = getText(findTestObject("Выполнение бизнес-плана/Период")): Text of object 'Object Repository/Выполнение бизнес-плана/Период' is: '1, 2, 3 кв., Октябрь 2024 года'

11-12-2024T08:00:04 - [MESSAGE][PASSED] - Text of object 'Object Repository/Выполнение бизнес-плана/Период' is: '1, 2, 3 кв., Октябрь 2024 года'

11-12-2024T08:00:04 - [TEST_STEP][PASSED] - m = m.substring(0, m.indexOf("2024")): null

11-12-2024T08:00:04 - [TEST_STEP][PASSED] - m = m.trim(): null

11-12-2024T08:00:04 - [TEST_STEP][PASSED] - dashboardName = "Выполнение бизнес-плана": null

11-12-2024T08:00:04 - [TEST_STEP][PASSED] - workbook01 = getWorkbook(excelFilePath): null

11-12-2024T08:00:04 - [TEST_STEP][PASSED] - sheet01 = getExcelSheet(workbook01, sheetName): null

11-12-2024T08:00:04 - [TEST_STEP][PASSED] - setValueToCellByIndex(sheet01, n, 0, dashboardName): null

11-12-2024T08:00:04 - [TEST_STEP][PASSED] - setValueToCellByIndex(sheet01, n, 1, dZO): null

11-12-2024T08:00:04 - [TEST_STEP][PASSED] - setValueToCellByIndex(sheet01, n, 2, typeOfData): null

11-12-2024T08:00:04 - [TEST_STEP][PASSED] - if (typeOfData == "Факт в процентах" || typeOfData == "План в процентах"): null

11-12-2024T08:00:04 - [TEST_STEP][PASSED] - else: null

11-12-2024T08:00:04 - [TEST_STEP][PASSED] - setValueToCellByIndex(sheet01, n, 3, fileInt): null

11-12-2024T08:00:04 - [TEST_STEP][PASSED] - setValueToCellByIndex(sheet01, n, 4, pageInt): null

11-12-2024T08:00:04 - [TEST_STEP][PASSED] - setValueToCellByIndex(sheet01, n, 5, m): null

11-12-2024T08:00:04 - [TEST_STEP][PASSED] - setValueToCellByIndex(sheet01, n, 6, y): null

11-12-2024T08:00:04 - [TEST_STEP][PASSED] - setValueToCellByIndex(sheet01, n, 7, todaysDate): null

11-12-2024T08:00:04 - [TEST_STEP][PASSED] - n = n + 1: null

11-12-2024T08:00:04 - [TEST_STEP][PASSED] - saveWorkbook(excelFilePath, workbook01): null

11-12-2024T08:00:04 - [TEST_STEP][PASSED] - compare = pagePoteri: null

11-12-2024T08:00:04 - [TEST_STEP][PASSED] - if (compare == filePoteri): null

11-12-2024T08:00:04 - [TEST_STEP][PASSED] - else if (compare > filePoteri): null

11-12-2024T08:00:04 - [TEST_STEP][PASSED] - else if (compare < filePoteri): null

11-12-2024T08:00:04 - [TEST_STEP][PASSED] - compare = compare + 1: null

11-12-2024T08:00:04 - [TEST_STEP][PASSED] - if (compare == filePoteri): null

11-12-2024T08:00:04 - [TEST_STEP][PASSED] - else: null

11-12-2024T08:00:04 - [TEST_STEP][PASSED] - numberOfErrors = numberOfErrors + 1: null

11-12-2024T08:00:04 - [TEST_STEP][PASSED] - pageInt = pagePoteri: null

11-12-2024T08:00:04 - [TEST_STEP][PASSED] - fileInt = filePoteri: null

11-12-2024T08:00:04 - [TEST_STEP][PASSED] - typeOfData = typeOfDataMain + " Потери": null

11-12-2024T08:00:04 - [TEST_STEP][PASSED] - Script1718980020443.WriteToExcel(a, typeOfData, todaysDate, pageInt, fileInt, pageDouble, fileDouble, dZO): null

11-12-2024T08:00:04 - [TEST_STEP][PASSED] - sheetName = "Sheet1": null

11-12-2024T08:00:04 - [TEST_STEP][PASSED] - data = findTestData("PlanFact"): null

11-12-2024T08:00:04 - [TEST_STEP][PASSED] - n = data.getRowNumbers() + 1: null

11-12-2024T08:00:04 - [TEST_STEP][PASSED] - year = todaysDate.substring(todaysDate.length() - 4, todaysDate.length()): null

11-12-2024T08:00:04 - [TEST_STEP][PASSED] - y = year.toInteger(): null

11-12-2024T08:00:04 - [TEST_STEP][PASSED] - m = getText(findTestObject("Выполнение бизнес-плана/Период")): Text of object 'Object Repository/Выполнение бизнес-плана/Период' is: '1, 2, 3 кв., Октябрь 2024 года'

11-12-2024T08:00:04 - [MESSAGE][PASSED] - Text of object 'Object Repository/Выполнение бизнес-плана/Период' is: '1, 2, 3 кв., Октябрь 2024 года'

11-12-2024T08:00:04 - [TEST_STEP][PASSED] - m = m.substring(0, m.indexOf("2024")): null

11-12-2024T08:00:04 - [TEST_STEP][PASSED] - m = m.trim(): null

11-12-2024T08:00:04 - [TEST_STEP][PASSED] - dashboardName = "Выполнение бизнес-плана": null

11-12-2024T08:00:04 - [TEST_STEP][PASSED] - workbook01 = getWorkbook(excelFilePath): null

11-12-2024T08:00:05 - [TEST_STEP][PASSED] - sheet01 = getExcelSheet(workbook01, sheetName): null

11-12-2024T08:00:05 - [TEST_STEP][PASSED] - setValueToCellByIndex(sheet01, n, 0, dashboardName): null

11-12-2024T08:00:05 - [TEST_STEP][PASSED] - setValueToCellByIndex(sheet01, n, 1, dZO): null

11-12-2024T08:00:05 - [TEST_STEP][PASSED] - setValueToCellByIndex(sheet01, n, 2, typeOfData): null

11-12-2024T08:00:05 - [TEST_STEP][PASSED] - if (typeOfData == "Факт в процентах" || typeOfData == "План в процентах"): null

11-12-2024T08:00:05 - [TEST_STEP][PASSED] - else: null

11-12-2024T08:00:05 - [TEST_STEP][PASSED] - setValueToCellByIndex(sheet01, n, 3, fileInt): null

11-12-2024T08:00:05 - [TEST_STEP][PASSED] - setValueToCellByIndex(sheet01, n, 4, pageInt): null

11-12-2024T08:00:05 - [TEST_STEP][PASSED] - setValueToCellByIndex(sheet01, n, 5, m): null

11-12-2024T08:00:05 - [TEST_STEP][PASSED] - setValueToCellByIndex(sheet01, n, 6, y): null

11-12-2024T08:00:05 - [TEST_STEP][PASSED] - setValueToCellByIndex(sheet01, n, 7, todaysDate): null

11-12-2024T08:00:05 - [TEST_STEP][PASSED] - n = n + 1: null

11-12-2024T08:00:05 - [TEST_STEP][PASSED] - saveWorkbook(excelFilePath, workbook01): Object: 'Object Repository/Выполнение бизнес-плана/Кнопка Факт' is clicked on

11-12-2024T08:00:05 - [TEST_STEP][PASSED] - if (planFact == 2): Object: 'Object Repository/Выполнение бизнес-плана/Кнопка Факт' is clicked on

11-12-2024T08:00:05 - [TEST_STEP][PASSED] - click(findTestObject("Выполнение бизнес-плана/Кнопка Факт")): Object: 'Object Repository/Выполнение бизнес-плана/Кнопка Факт' is clicked on

11-12-2024T08:00:05 - [MESSAGE][PASSED] - Object: 'Object Repository/Выполнение бизнес-плана/Кнопка Факт' is clicked on

11-12-2024T08:00:05 - [TEST_STEP][PASSED] - if (a == 84 || a == 82): null

11-12-2024T08:00:05 - [TEST_STEP][PASSED] - page = getText(findTestObject("Выполнение бизнес-плана/textPlanFact")): Text of object 'Object Repository/Выполнение бизнес-плана/textPlanFact' is: '%
8.50 8.50
8.84 8.84
План
Факт
1
100'

11-12-2024T08:00:05 - [MESSAGE][PASSED] - Text of object 'Object Repository/Выполнение бизнес-плана/textPlanFact' is: '%
8.50 8.50
8.84 8.84
План
Факт
1
100'

11-12-2024T08:00:05 - [TEST_STEP][PASSED] - page = page.replaceAll("\n", "_"): null

11-12-2024T08:00:05 - [TEST_STEP][PASSED] - page = page.substring(page.indexOf("_") + 1, page.length()): null

11-12-2024T08:00:05 - [TEST_STEP][PASSED] - page1 = page.substring(0, page.indexOf("_")): null

11-12-2024T08:00:05 - [TEST_STEP][PASSED] - page1 = page.substring(0, page.indexOf(" ")): null

11-12-2024T08:00:05 - [TEST_STEP][PASSED] - page2 = page.substring(page.indexOf("_") + 1, page.length()): null

11-12-2024T08:00:05 - [TEST_STEP][PASSED] - page2 = page2.substring(0, page.indexOf("_")): null

11-12-2024T08:00:05 - [TEST_STEP][PASSED] - page2 = page2.substring(0, page.indexOf(" ")): null

11-12-2024T08:00:05 - [TEST_STEP][PASSED] - println("page1: " + page1): null

11-12-2024T08:00:05 - [TEST_STEP][PASSED] - println("page2: " + page2): null

11-12-2024T08:00:05 - [TEST_STEP][PASSED] - file = findTestData("PlanFact").getValue(4, a): null

11-12-2024T08:00:06 - [TEST_STEP][PASSED] - file = file.replace(",", "."): null

11-12-2024T08:00:06 - [TEST_STEP][PASSED] - println("file Plan: " + file): null

11-12-2024T08:00:06 - [TEST_STEP][PASSED] - typeOfData = "План в процентах": null

11-12-2024T08:00:06 - [TEST_STEP][PASSED] - fileDouble = file.toDouble(): null

11-12-2024T08:00:06 - [TEST_STEP][PASSED] - pageDouble = page1.toDouble(): null

11-12-2024T08:00:06 - [TEST_STEP][PASSED] - if (fileDouble != pageDouble): null

11-12-2024T08:00:06 - [TEST_STEP][PASSED] - numberOfErrors = numberOfErrors + 1: null

11-12-2024T08:00:06 - [TEST_STEP][PASSED] - Script1718980020443.WriteToExcel(a, typeOfData, todaysDate, pageInt, fileInt, pageDouble, fileDouble, dZO): null

11-12-2024T08:00:06 - [TEST_STEP][PASSED] - sheetName = "Sheet1": null

11-12-2024T08:00:06 - [TEST_STEP][PASSED] - data = findTestData("PlanFact"): null

11-12-2024T08:00:06 - [TEST_STEP][PASSED] - n = data.getRowNumbers() + 1: null

11-12-2024T08:00:06 - [TEST_STEP][PASSED] - year = todaysDate.substring(todaysDate.length() - 4, todaysDate.length()): null

11-12-2024T08:00:06 - [TEST_STEP][PASSED] - y = year.toInteger(): null

11-12-2024T08:00:06 - [TEST_STEP][PASSED] - m = getText(findTestObject("Выполнение бизнес-плана/Период")): Text of object 'Object Repository/Выполнение бизнес-плана/Период' is: '1, 2, 3 кв., Октябрь 2024 года'

11-12-2024T08:00:06 - [MESSAGE][PASSED] - Text of object 'Object Repository/Выполнение бизнес-плана/Период' is: '1, 2, 3 кв., Октябрь 2024 года'

11-12-2024T08:00:06 - [TEST_STEP][PASSED] - m = m.substring(0, m.indexOf("2024")): null

11-12-2024T08:00:06 - [TEST_STEP][PASSED] - m = m.trim(): null

11-12-2024T08:00:06 - [TEST_STEP][PASSED] - dashboardName = "Выполнение бизнес-плана": null

11-12-2024T08:00:06 - [TEST_STEP][PASSED] - workbook01 = getWorkbook(excelFilePath): null

11-12-2024T08:00:06 - [TEST_STEP][PASSED] - sheet01 = getExcelSheet(workbook01, sheetName): null

11-12-2024T08:00:06 - [TEST_STEP][PASSED] - setValueToCellByIndex(sheet01, n, 0, dashboardName): null

11-12-2024T08:00:06 - [TEST_STEP][PASSED] - setValueToCellByIndex(sheet01, n, 1, dZO): null

11-12-2024T08:00:06 - [TEST_STEP][PASSED] - setValueToCellByIndex(sheet01, n, 2, typeOfData): null

11-12-2024T08:00:06 - [TEST_STEP][PASSED] - if (typeOfData == "Факт в процентах" || typeOfData == "План в процентах"): null

11-12-2024T08:00:06 - [TEST_STEP][PASSED] - setValueToCellByIndex(sheet01, n, 3, fileDouble): null

11-12-2024T08:00:06 - [TEST_STEP][PASSED] - setValueToCellByIndex(sheet01, n, 4, pageDouble): null

11-12-2024T08:00:06 - [TEST_STEP][PASSED] - setValueToCellByIndex(sheet01, n, 5, m): null

11-12-2024T08:00:06 - [TEST_STEP][PASSED] - setValueToCellByIndex(sheet01, n, 6, y): null

11-12-2024T08:00:06 - [TEST_STEP][PASSED] - setValueToCellByIndex(sheet01, n, 7, todaysDate): null

11-12-2024T08:00:06 - [TEST_STEP][PASSED] - n = n + 1: null

11-12-2024T08:00:06 - [TEST_STEP][PASSED] - saveWorkbook(excelFilePath, workbook01): null

11-12-2024T08:00:06 - [TEST_STEP][PASSED] - file = findTestData("PlanFact").getValue(7, a): null

11-12-2024T08:00:06 - [TEST_STEP][PASSED] - file = file.replace(",", "."): null

11-12-2024T08:00:06 - [TEST_STEP][PASSED] - println("file Fact: " + file): null

11-12-2024T08:00:06 - [TEST_STEP][PASSED] - fileDouble = file.toDouble(): null

11-12-2024T08:00:06 - [TEST_STEP][PASSED] - typeOfData = "Факт в процентах": null

11-12-2024T08:00:06 - [TEST_STEP][PASSED] - fileDouble = file.toDouble(): null

11-12-2024T08:00:06 - [TEST_STEP][PASSED] - pageDouble = page2.toDouble(): null

11-12-2024T08:00:06 - [TEST_STEP][PASSED] - if (fileDouble != pageDouble): null

11-12-2024T08:00:06 - [TEST_STEP][PASSED] - numberOfErrors = numberOfErrors + 1: null

11-12-2024T08:00:06 - [TEST_STEP][PASSED] - Script1718980020443.WriteToExcel(a, typeOfData, todaysDate, pageInt, fileInt, pageDouble, fileDouble, dZO): null

11-12-2024T08:00:06 - [TEST_STEP][PASSED] - sheetName = "Sheet1": null

11-12-2024T08:00:06 - [TEST_STEP][PASSED] - data = findTestData("PlanFact"): null

11-12-2024T08:00:06 - [TEST_STEP][PASSED] - n = data.getRowNumbers() + 1: null

11-12-2024T08:00:06 - [TEST_STEP][PASSED] - year = todaysDate.substring(todaysDate.length() - 4, todaysDate.length()): null

11-12-2024T08:00:06 - [TEST_STEP][PASSED] - y = year.toInteger(): null

11-12-2024T08:00:06 - [TEST_STEP][PASSED] - m = getText(findTestObject("Выполнение бизнес-плана/Период")): Text of object 'Object Repository/Выполнение бизнес-плана/Период' is: '1, 2, 3 кв., Октябрь 2024 года'

11-12-2024T08:00:07 - [MESSAGE][PASSED] - Text of object 'Object Repository/Выполнение бизнес-плана/Период' is: '1, 2, 3 кв., Октябрь 2024 года'

11-12-2024T08:00:07 - [TEST_STEP][PASSED] - m = m.substring(0, m.indexOf("2024")): null

11-12-2024T08:00:07 - [TEST_STEP][PASSED] - m = m.trim(): null

11-12-2024T08:00:07 - [TEST_STEP][PASSED] - dashboardName = "Выполнение бизнес-плана": null

11-12-2024T08:00:07 - [TEST_STEP][PASSED] - workbook01 = getWorkbook(excelFilePath): null

11-12-2024T08:00:07 - [TEST_STEP][PASSED] - sheet01 = getExcelSheet(workbook01, sheetName): null

11-12-2024T08:00:07 - [TEST_STEP][PASSED] - setValueToCellByIndex(sheet01, n, 0, dashboardName): null

11-12-2024T08:00:07 - [TEST_STEP][PASSED] - setValueToCellByIndex(sheet01, n, 1, dZO): null

11-12-2024T08:00:07 - [TEST_STEP][PASSED] - setValueToCellByIndex(sheet01, n, 2, typeOfData): null

11-12-2024T08:00:07 - [TEST_STEP][PASSED] - if (typeOfData == "Факт в процентах" || typeOfData == "План в процентах"): null

11-12-2024T08:00:07 - [TEST_STEP][PASSED] - setValueToCellByIndex(sheet01, n, 3, fileDouble): null

11-12-2024T08:00:07 - [TEST_STEP][PASSED] - setValueToCellByIndex(sheet01, n, 4, pageDouble): null

11-12-2024T08:00:07 - [TEST_STEP][PASSED] - setValueToCellByIndex(sheet01, n, 5, m): null

11-12-2024T08:00:07 - [TEST_STEP][PASSED] - setValueToCellByIndex(sheet01, n, 6, y): null

11-12-2024T08:00:07 - [TEST_STEP][PASSED] - setValueToCellByIndex(sheet01, n, 7, todaysDate): null

11-12-2024T08:00:07 - [TEST_STEP][PASSED] - n = n + 1: null

11-12-2024T08:00:07 - [TEST_STEP][PASSED] - saveWorkbook(excelFilePath, workbook01): null

11-12-2024T08:00:07 - [TEST_STEP][FAILED] - if (verifyEqual(numberOfErrors, 0) == false): null

11-12-2024T08:00:07 - [MESSAGE][FAILED] - Unable to verify equal between actual object '6' and expected object '0' (Root cause: com.kms.katalon.core.exception.StepFailedException: Actual object '6' and expected object '0' are not equal
	at com.kms.katalon.core.keyword.builtin.VerifyEqualKeyword$_verifyEqual_closure1.doCall(VerifyEqualKeyword.groovy:58)
	at com.kms.katalon.core.keyword.builtin.VerifyEqualKeyword$_verifyEqual_closure1.call(VerifyEqualKeyword.groovy)
	at com.kms.katalon.core.keyword.internal.KeywordMain.runKeyword(KeywordMain.groovy:75)
	at com.kms.katalon.core.keyword.builtin.VerifyEqualKeyword.verifyEqual(VerifyEqualKeyword.groovy:63)
	at com.kms.katalon.core.keyword.builtin.VerifyEqualKeyword.execute(VerifyEqualKeyword.groovy:44)
	at com.kms.katalon.core.keyword.internal.KeywordExecutor.executeKeywordForPlatform(KeywordExecutor.groovy:74)
	at com.kms.katalon.core.keyword.BuiltinKeywords.verifyEqual(BuiltinKeywords.groovy:146)
	at java.base/jdk.internal.reflect.NativeMethodAccessorImpl.invoke0(Native Method)
	at java.base/jdk.internal.reflect.NativeMethodAccessorImpl.invoke(NativeMethodAccessorImpl.java:77)
	at java.base/jdk.internal.reflect.DelegatingMethodAccessorImpl.invoke(DelegatingMethodAccessorImpl.java:43)
	at Выполнение бизнес-плана Сверка ПАО Россети все филиалы.Numbers(Выполнение бизнес-плана Сверка ПАО Россети все филиалы:752)
	at Выполнение бизнес-плана Сверка ПАО Россети все филиалы.run(Выполнение бизнес-плана Сверка ПАО Россети все филиалы:223)
	at com.kms.katalon.core.main.ScriptEngine.run(ScriptEngine.java:194)
	at com.kms.katalon.core.main.ScriptEngine.runScriptAsRawText(ScriptEngine.java:119)
	at com.kms.katalon.core.main.TestCaseExecutor.runScript(TestCaseExecutor.java:448)
	at com.kms.katalon.core.main.TestCaseExecutor.doExecute(TestCaseExecutor.java:439)
	at com.kms.katalon.core.main.TestCaseExecutor.processExecutionPhase(TestCaseExecutor.java:418)
	at com.kms.katalon.core.main.TestCaseExecutor.accessMainPhase(TestCaseExecutor.java:410)
	at com.kms.katalon.core.main.TestCaseExecutor.execute(TestCaseExecutor.java:285)
	at com.kms.katalon.core.common.CommonExecutor.accessTestCaseMainPhase(CommonExecutor.java:65)
	at com.kms.katalon.core.main.TestSuiteExecutor.accessTestSuiteMainPhase(TestSuiteExecutor.java:150)
	at com.kms.katalon.core.main.TestSuiteExecutor.execute(TestSuiteExecutor.java:106)
	at com.kms.katalon.core.main.TestCaseMain.startTestSuite(TestCaseMain.java:180)
	at TempTestSuite1733892825375.run(TempTestSuite1733892825375.groovy:35)
	at java.base/jdk.internal.reflect.NativeMethodAccessorImpl.invoke0(Native Method)
	at java.base/jdk.internal.reflect.NativeMethodAccessorImpl.invoke(NativeMethodAccessorImpl.java:77)
	at java.base/jdk.internal.reflect.DelegatingMethodAccessorImpl.invoke(DelegatingMethodAccessorImpl.java:43)
)

11-12-2024T08:00:07 - [TEST_STEP][PASSED] - println(numberOfErrors): null

11-12-2024T08:00:07 - [TEST_STEP][PASSED] - if (a == 28 || a == 77 || a == 74 || a == 65 || a == 36 || a == 44 || a == 54 || a == 1 || a == 18 || a == 59): null

11-12-2024T08:00:07 - [TEST_STEP][PASSED] - if (a == 82): null

11-12-2024T08:00:07 - [TEST_STEP][PASSED] - Script1718980020443.OpenFilter(): null

11-12-2024T08:00:07 - [TEST_STEP][PASSED] - click(findTestObject("Object Repository/Выполнение бизнес-плана/Фильтр ДЗО")): Object: 'Object Repository/Выполнение бизнес-плана/Фильтр ДЗО' is clicked on

11-12-2024T08:00:07 - [MESSAGE][PASSED] - Object: 'Object Repository/Выполнение бизнес-плана/Фильтр ДЗО' is clicked on

11-12-2024T08:00:07 - [TEST_STEP][PASSED] - click(findTestObject("Выполнение бизнес-плана/Снять выделение в фильтре ДЗО")): null

11-12-2024T08:00:08 - [MESSAGE][PASSED] - Object: 'Object Repository/Выполнение бизнес-плана/Снять выделение в фильтре ДЗО' is clicked on

11-12-2024T08:00:08 - [TEST_STEP][PASSED] - Script1718980020443.CloseFilter(): null

11-12-2024T08:00:08 - [TEST_STEP][PASSED] - scrollToElement(findTestObject("Выполнение бизнес-плана/Заголовок дашборда"), 30): Scroll to object 'Object Repository/Выполнение бизнес-плана/Заголовок дашборда' successfully

11-12-2024T08:00:08 - [MESSAGE][PASSED] - Scroll to object 'Object Repository/Выполнение бизнес-плана/Заголовок дашборда' successfully

11-12-2024T08:00:08 - [TEST_STEP][PASSED] - click(findTestObject("Object Repository/Выполнение бизнес-плана/Применить в фильтре ДЗО")): null

11-12-2024T08:00:09 - [MESSAGE][PASSED] - Object: 'Object Repository/Выполнение бизнес-плана/Применить в фильтре ДЗО' is clicked on

11-12-2024T08:00:09 - [TEST_STEP][PASSED] - delay(20): Delayed 20 second(s)

11-12-2024T08:00:29 - [MESSAGE][PASSED] - Delayed 20 second(s)

11-12-2024T08:00:29 - [TEST_STEP][PASSED] - dZO = "АО «Тываэнерго»": null

11-12-2024T08:00:29 - [TEST_STEP][PASSED] - a = 52: null

11-12-2024T08:00:29 - [TEST_STEP][PASSED] - if (x1.contains(dZO)): null

11-12-2024T08:00:29 - [TEST_STEP][PASSED] - dzoNum = dzoNum + 1: null

11-12-2024T08:00:29 - [TEST_STEP][PASSED] - Script1718980020443.Numbers(a, typeOfData, todaysDate, pageInt, fileInt, pageDouble, fileDouble, dZO, dzoNum, filialNum): null

11-12-2024T08:00:29 - [TEST_STEP][PASSED] - println(dzoNum): null

11-12-2024T08:00:29 - [TEST_STEP][PASSED] - planFact = <not implemented yet for class: org.codehaus.groovy.ast.expr.EmptyExpression>: null

11-12-2024T08:00:29 - [TEST_STEP][PASSED] - page = <not implemented yet for class: org.codehaus.groovy.ast.expr.EmptyExpression>: null

11-12-2024T08:00:29 - [TEST_STEP][PASSED] - page1 = <not implemented yet for class: org.codehaus.groovy.ast.expr.EmptyExpression>: null

11-12-2024T08:00:29 - [TEST_STEP][PASSED] - page2 = <not implemented yet for class: org.codehaus.groovy.ast.expr.EmptyExpression>: null

11-12-2024T08:00:29 - [TEST_STEP][PASSED] - filialNumberInRow = <not implemented yet for class: org.codehaus.groovy.ast.expr.EmptyExpression>: null

11-12-2024T08:00:29 - [TEST_STEP][PASSED] - filialsDzoNames = <not implemented yet for class: org.codehaus.groovy.ast.expr.EmptyExpression>: null

11-12-2024T08:00:29 - [TEST_STEP][PASSED] - numberOfFilials = <not implemented yet for class: org.codehaus.groovy.ast.expr.EmptyExpression>: null

11-12-2024T08:00:29 - [TEST_STEP][PASSED] - numberOfSpaces = <not implemented yet for class: org.codehaus.groovy.ast.expr.EmptyExpression>: null

11-12-2024T08:00:29 - [TEST_STEP][PASSED] - file = <not implemented yet for class: org.codehaus.groovy.ast.expr.EmptyExpression>: null

11-12-2024T08:00:29 - [TEST_STEP][PASSED] - otpusk = <not implemented yet for class: org.codehaus.groovy.ast.expr.EmptyExpression>: null

11-12-2024T08:00:29 - [TEST_STEP][PASSED] - poteri = <not implemented yet for class: org.codehaus.groovy.ast.expr.EmptyExpression>: null

11-12-2024T08:00:29 - [TEST_STEP][PASSED] - dataFolder = "Выполнение бизнес-плана/Значения со страницы Выполнение бизнес-плана/": null

11-12-2024T08:00:29 - [TEST_STEP][PASSED] - path = <not implemented yet for class: org.codehaus.groovy.ast.expr.EmptyExpression>: null

11-12-2024T08:00:29 - [TEST_STEP][PASSED] - typeOfDataMain = <not implemented yet for class: org.codehaus.groovy.ast.expr.EmptyExpression>: null

11-12-2024T08:00:29 - [TEST_STEP][PASSED] - fileOtpuskVSet = <not implemented yet for class: org.codehaus.groovy.ast.expr.EmptyExpression>: null

11-12-2024T08:00:29 - [TEST_STEP][PASSED] - pageOtpuskVSet = <not implemented yet for class: org.codehaus.groovy.ast.expr.EmptyExpression>: null

11-12-2024T08:00:29 - [TEST_STEP][PASSED] - filePoteri = <not implemented yet for class: org.codehaus.groovy.ast.expr.EmptyExpression>: null

11-12-2024T08:00:29 - [TEST_STEP][PASSED] - pagePoteri = <not implemented yet for class: org.codehaus.groovy.ast.expr.EmptyExpression>: null

11-12-2024T08:00:29 - [TEST_STEP][PASSED] - compare = <not implemented yet for class: org.codehaus.groovy.ast.expr.EmptyExpression>: null

11-12-2024T08:00:29 - [TEST_STEP][PASSED] - b = <not implemented yet for class: org.codehaus.groovy.ast.expr.EmptyExpression>: null

11-12-2024T08:00:29 - [TEST_STEP][PASSED] - i = <not implemented yet for class: org.codehaus.groovy.ast.expr.EmptyExpression>: null

11-12-2024T08:00:29 - [TEST_STEP][PASSED] - ii = <not implemented yet for class: org.codehaus.groovy.ast.expr.EmptyExpression>: null

11-12-2024T08:00:29 - [TEST_STEP][PASSED] - c = <not implemented yet for class: org.codehaus.groovy.ast.expr.EmptyExpression>: null

11-12-2024T08:00:29 - [TEST_STEP][PASSED] - numberOfErrors = 0: null

11-12-2024T08:00:29 - [TEST_STEP][PASSED] - if (a == 82): null

11-12-2024T08:00:29 - [TEST_STEP][PASSED] - b = findTestData("PlanFact").getValue(1, a): null

11-12-2024T08:00:29 - [TEST_STEP][PASSED] - i = b.indexOf(" (ГК)"): null

11-12-2024T08:00:29 - [TEST_STEP][PASSED] - if (i > -1): null

11-12-2024T08:00:29 - [TEST_STEP][PASSED] - i = b.indexOf("О ""): null

11-12-2024T08:00:29 - [TEST_STEP][PASSED] - if (i > -1): null

11-12-2024T08:00:29 - [TEST_STEP][PASSED] - b = b.substring(i + 3, b.length()): null

11-12-2024T08:00:29 - [TEST_STEP][PASSED] - i = b.indexOf("""): null

11-12-2024T08:00:29 - [TEST_STEP][PASSED] - b = b.substring(0, i): null

11-12-2024T08:00:29 - [TEST_STEP][PASSED] - b = b.trim(): null

11-12-2024T08:00:29 - [TEST_STEP][PASSED] - i = b.indexOf("О «"): null

11-12-2024T08:00:29 - [TEST_STEP][PASSED] - if (i > -1): null

11-12-2024T08:00:29 - [TEST_STEP][PASSED] - i = b.indexOf("г. "): null

11-12-2024T08:00:29 - [TEST_STEP][PASSED] - if (i > -1): null

11-12-2024T08:00:29 - [TEST_STEP][PASSED] - println(b): null

11-12-2024T08:00:29 - [TEST_STEP][PASSED] - for ([planFact = 1, planFact < 3, (planFact++)]): Object: 'Object Repository/Выполнение бизнес-плана/Кнопка Факт' is clicked on

11-12-2024T08:00:29 - [TEST_STEP][PASSED] - if (planFact == 1): null

11-12-2024T08:00:29 - [TEST_STEP][PASSED] - typeOfDataMain = "Факт": null

11-12-2024T08:00:29 - [TEST_STEP][PASSED] - otpusk = findTestData("PlanFact").getValue(5, a): null

11-12-2024T08:00:29 - [TEST_STEP][PASSED] - poteri = findTestData("PlanFact").getValue(6, a): null

11-12-2024T08:00:29 - [TEST_STEP][PASSED] - otpusk = otpusk.replaceAll("\s+", ""): null

11-12-2024T08:00:29 - [TEST_STEP][PASSED] - poteri = poteri.replaceAll("\s+", ""): null

11-12-2024T08:00:29 - [TEST_STEP][PASSED] - typeOfData = typeOfDataMain + " Отпуск в сеть": null

11-12-2024T08:00:29 - [TEST_STEP][PASSED] - if (a == 82): null

11-12-2024T08:00:29 - [TEST_STEP][PASSED] - else if (a == 84): null

11-12-2024T08:00:29 - [TEST_STEP][PASSED] - else if (a == 52 || a == 72 || a == 28 || a == 73 || a == 77 || a == 74 || a == 65 || a == 36 || a == 44 || a == 53 || a == 80 || a == 54 || a == 1 || a == 18 || a == 59 || a == 81): null

11-12-2024T08:00:29 - [TEST_STEP][PASSED] - path = dataFolder + "Table Data/" + typeOfData + " за отчётный период " + dzoNum: null

11-12-2024T08:00:29 - [TEST_STEP][PASSED] - println(path): null

11-12-2024T08:00:29 - [TEST_STEP][PASSED] - page = getText(findTestObject(path)): Text of object 'Object Repository/Выполнение бизнес-плана/Значения со страницы Выполнение бизнес-плана/Table Data/Факт Отпуск в сеть за отчётный период 1' is: '642 168'

11-12-2024T08:00:36 - [MESSAGE][PASSED] - Text of object 'Object Repository/Выполнение бизнес-плана/Значения со страницы Выполнение бизнес-плана/Table Data/Факт Отпуск в сеть за отчётный период 1' is: '642 168'

11-12-2024T08:00:36 - [TEST_STEP][PASSED] - page = page.replaceAll("\s+", ""): null

11-12-2024T08:00:36 - [TEST_STEP][PASSED] - fileOtpuskVSet = otpusk.toInteger(): null

11-12-2024T08:00:36 - [TEST_STEP][PASSED] - pageOtpuskVSet = page.toInteger(): null

11-12-2024T08:00:36 - [TEST_STEP][PASSED] - typeOfData = typeOfDataMain + " Потери": null

11-12-2024T08:00:36 - [TEST_STEP][PASSED] - if (a == 82): null

11-12-2024T08:00:36 - [TEST_STEP][PASSED] - else if (a == 84): null

11-12-2024T08:00:36 - [TEST_STEP][PASSED] - else if (a == 52 || a == 72 || a == 28 || a == 73 || a == 77 || a == 74 || a == 65 || a == 36 || a == 44 || a == 53 || a == 80 || a == 54 || a == 1 || a == 18 || a == 59 || a == 81): null

11-12-2024T08:00:36 - [TEST_STEP][PASSED] - path = dataFolder + "Table Data/" + typeOfData + " за отчётный период " + dzoNum: null

11-12-2024T08:00:36 - [TEST_STEP][PASSED] - page = getText(findTestObject(path)): Text of object 'Object Repository/Выполнение бизнес-плана/Значения со страницы Выполнение бизнес-плана/Table Data/Факт Потери за отчётный период 1' is: '135 950'

11-12-2024T08:00:36 - [MESSAGE][PASSED] - Text of object 'Object Repository/Выполнение бизнес-плана/Значения со страницы Выполнение бизнес-плана/Table Data/Факт Потери за отчётный период 1' is: '135 950'

11-12-2024T08:00:36 - [TEST_STEP][PASSED] - page = page.replaceAll("\s+", ""): null

11-12-2024T08:00:36 - [TEST_STEP][PASSED] - filePoteri = poteri.toInteger(): null

11-12-2024T08:00:36 - [TEST_STEP][PASSED] - pagePoteri = page.toInteger(): null

11-12-2024T08:00:36 - [TEST_STEP][PASSED] - compare = pageOtpuskVSet: null

11-12-2024T08:00:36 - [TEST_STEP][PASSED] - if (compare == fileOtpuskVSet): null

11-12-2024T08:00:36 - [TEST_STEP][PASSED] - if (compare == fileOtpuskVSet): null

11-12-2024T08:00:36 - [TEST_STEP][PASSED] - compare = pagePoteri: null

11-12-2024T08:00:36 - [TEST_STEP][PASSED] - if (compare == filePoteri): null

11-12-2024T08:00:36 - [TEST_STEP][PASSED] - if (compare == filePoteri): null

11-12-2024T08:00:36 - [TEST_STEP][PASSED] - if (planFact == 2): null

11-12-2024T08:00:36 - [TEST_STEP][PASSED] - if (planFact == 1): null

11-12-2024T08:00:36 - [TEST_STEP][PASSED] - else if (planFact == 2): null

11-12-2024T08:00:36 - [TEST_STEP][PASSED] - click(findTestObject("Выполнение бизнес-плана/Кнопка План")): Object: 'Object Repository/Выполнение бизнес-плана/Кнопка План' is clicked on

11-12-2024T08:00:37 - [MESSAGE][PASSED] - Object: 'Object Repository/Выполнение бизнес-плана/Кнопка План' is clicked on

11-12-2024T08:00:37 - [TEST_STEP][PASSED] - typeOfDataMain = "План": null

11-12-2024T08:00:37 - [TEST_STEP][PASSED] - otpusk = findTestData("PlanFact").getValue(2, a): null

11-12-2024T08:00:37 - [TEST_STEP][PASSED] - poteri = findTestData("PlanFact").getValue(3, a): null

11-12-2024T08:00:37 - [TEST_STEP][PASSED] - otpusk = otpusk.replaceAll("\s+", ""): null

11-12-2024T08:00:37 - [TEST_STEP][PASSED] - poteri = poteri.replaceAll("\s+", ""): null

11-12-2024T08:00:37 - [TEST_STEP][PASSED] - typeOfData = typeOfDataMain + " Отпуск в сеть": null

11-12-2024T08:00:37 - [TEST_STEP][PASSED] - if (a == 82): null

11-12-2024T08:00:37 - [TEST_STEP][PASSED] - else if (a == 84): null

11-12-2024T08:00:37 - [TEST_STEP][PASSED] - else if (a == 52 || a == 72 || a == 28 || a == 73 || a == 77 || a == 74 || a == 65 || a == 36 || a == 44 || a == 53 || a == 80 || a == 54 || a == 1 || a == 18 || a == 59 || a == 81): null

11-12-2024T08:00:37 - [TEST_STEP][PASSED] - path = dataFolder + "Table Data/" + typeOfData + " за отчётный период " + dzoNum: null

11-12-2024T08:00:37 - [TEST_STEP][PASSED] - println(path): null

11-12-2024T08:00:37 - [TEST_STEP][PASSED] - page = getText(findTestObject(path)): Text of object 'Object Repository/Выполнение бизнес-плана/Значения со страницы Выполнение бизнес-плана/Table Data/План Отпуск в сеть за отчётный период 1' is: '608 287'

11-12-2024T08:00:37 - [MESSAGE][PASSED] - Text of object 'Object Repository/Выполнение бизнес-плана/Значения со страницы Выполнение бизнес-плана/Table Data/План Отпуск в сеть за отчётный период 1' is: '608 287'

11-12-2024T08:00:37 - [TEST_STEP][PASSED] - page = page.replaceAll("\s+", ""): null

11-12-2024T08:00:37 - [TEST_STEP][PASSED] - fileOtpuskVSet = otpusk.toInteger(): null

11-12-2024T08:00:37 - [TEST_STEP][PASSED] - pageOtpuskVSet = page.toInteger(): null

11-12-2024T08:00:37 - [TEST_STEP][PASSED] - typeOfData = typeOfDataMain + " Потери": null

11-12-2024T08:00:37 - [TEST_STEP][PASSED] - if (a == 82): null

11-12-2024T08:00:37 - [TEST_STEP][PASSED] - else if (a == 84): null

11-12-2024T08:00:37 - [TEST_STEP][PASSED] - else if (a == 52 || a == 72 || a == 28 || a == 73 || a == 77 || a == 74 || a == 65 || a == 36 || a == 44 || a == 53 || a == 80 || a == 54 || a == 1 || a == 18 || a == 59 || a == 81): null

11-12-2024T08:00:37 - [TEST_STEP][PASSED] - path = dataFolder + "Table Data/" + typeOfData + " за отчётный период " + dzoNum: null

11-12-2024T08:00:37 - [TEST_STEP][PASSED] - page = getText(findTestObject(path)): Text of object 'Object Repository/Выполнение бизнес-плана/Значения со страницы Выполнение бизнес-плана/Table Data/План Потери за отчётный период 1' is: '129 192'

11-12-2024T08:00:38 - [MESSAGE][PASSED] - Text of object 'Object Repository/Выполнение бизнес-плана/Значения со страницы Выполнение бизнес-плана/Table Data/План Потери за отчётный период 1' is: '129 192'

11-12-2024T08:00:38 - [TEST_STEP][PASSED] - page = page.replaceAll("\s+", ""): null

11-12-2024T08:00:38 - [TEST_STEP][PASSED] - filePoteri = poteri.toInteger(): null

11-12-2024T08:00:38 - [TEST_STEP][PASSED] - pagePoteri = page.toInteger(): null

11-12-2024T08:00:38 - [TEST_STEP][PASSED] - compare = pageOtpuskVSet: null

11-12-2024T08:00:38 - [TEST_STEP][PASSED] - if (compare == fileOtpuskVSet): null

11-12-2024T08:00:38 - [TEST_STEP][PASSED] - if (compare == fileOtpuskVSet): null

11-12-2024T08:00:38 - [TEST_STEP][PASSED] - compare = pagePoteri: null

11-12-2024T08:00:38 - [TEST_STEP][PASSED] - if (compare == filePoteri): null

11-12-2024T08:00:38 - [TEST_STEP][PASSED] - if (compare == filePoteri): null

11-12-2024T08:00:38 - [TEST_STEP][PASSED] - if (planFact == 2): Object: 'Object Repository/Выполнение бизнес-плана/Кнопка Факт' is clicked on

11-12-2024T08:00:38 - [TEST_STEP][PASSED] - click(findTestObject("Выполнение бизнес-плана/Кнопка Факт")): Object: 'Object Repository/Выполнение бизнес-плана/Кнопка Факт' is clicked on

11-12-2024T08:00:38 - [MESSAGE][PASSED] - Object: 'Object Repository/Выполнение бизнес-плана/Кнопка Факт' is clicked on

11-12-2024T08:00:38 - [TEST_STEP][PASSED] - if (a == 84 || a == 82): null

11-12-2024T08:00:38 - [TEST_STEP][PASSED] - else if (a == 52 || a == 72 || a == 28 || a == 73 || a == 77 || a == 74 || a == 65 || a == 36 || a == 44 || a == 53 || a == 80 || a == 54 || a == 1 || a == 18 || a == 59 || a == 81): null

11-12-2024T08:00:38 - [TEST_STEP][PASSED] - page1 = getText(findTestObject("Object Repository/Выполнение бизнес-плана/spanPlan" + dzoNum)): Text of object 'Object Repository/Выполнение бизнес-плана/spanPlan1' is: '21.24
|'

11-12-2024T08:00:38 - [MESSAGE][PASSED] - Text of object 'Object Repository/Выполнение бизнес-плана/spanPlan1' is: '21.24
|'

11-12-2024T08:00:38 - [TEST_STEP][PASSED] - page1 = page1.replace("|", ""): null

11-12-2024T08:00:38 - [TEST_STEP][PASSED] - page2 = getText(findTestObject("Object Repository/Выполнение бизнес-плана/spanFact" + dzoNum)): Text of object 'Object Repository/Выполнение бизнес-плана/spanFact1' is: '21.17'

11-12-2024T08:00:39 - [MESSAGE][PASSED] - Text of object 'Object Repository/Выполнение бизнес-плана/spanFact1' is: '21.17'

11-12-2024T08:00:39 - [TEST_STEP][PASSED] - page2 = page2.replace("|", ""): null

11-12-2024T08:00:39 - [TEST_STEP][PASSED] - println("page1: " + page1): null

11-12-2024T08:00:39 - [TEST_STEP][PASSED] - println("page2: " + page2): null

11-12-2024T08:00:39 - [TEST_STEP][PASSED] - file = findTestData("PlanFact").getValue(4, a): null

11-12-2024T08:00:39 - [TEST_STEP][PASSED] - file = file.replace(",", "."): null

11-12-2024T08:00:39 - [TEST_STEP][PASSED] - println("file Plan: " + file): null

11-12-2024T08:00:39 - [TEST_STEP][PASSED] - typeOfData = "План в процентах": null

11-12-2024T08:00:39 - [TEST_STEP][PASSED] - fileDouble = file.toDouble(): null

11-12-2024T08:00:39 - [TEST_STEP][PASSED] - pageDouble = page1.toDouble(): null

11-12-2024T08:00:39 - [TEST_STEP][PASSED] - if (fileDouble != pageDouble): null

11-12-2024T08:00:39 - [TEST_STEP][PASSED] - file = findTestData("PlanFact").getValue(7, a): null

11-12-2024T08:00:39 - [TEST_STEP][PASSED] - file = file.replace(",", "."): null

11-12-2024T08:00:39 - [TEST_STEP][PASSED] - println("file Fact: " + file): null

11-12-2024T08:00:39 - [TEST_STEP][PASSED] - fileDouble = file.toDouble(): null

11-12-2024T08:00:39 - [TEST_STEP][PASSED] - typeOfData = "Факт в процентах": null

11-12-2024T08:00:39 - [TEST_STEP][PASSED] - fileDouble = file.toDouble(): null

11-12-2024T08:00:39 - [TEST_STEP][PASSED] - pageDouble = page2.toDouble(): null

11-12-2024T08:00:39 - [TEST_STEP][PASSED] - if (fileDouble != pageDouble): null

11-12-2024T08:00:39 - [TEST_STEP][PASSED] - if (verifyEqual(numberOfErrors, 0) == false): Actual object '0' and expected object '0' are equal

11-12-2024T08:00:39 - [MESSAGE][PASSED] - Actual object '0' and expected object '0' are equal

11-12-2024T08:00:39 - [TEST_STEP][PASSED] - if (a == 82): null

11-12-2024T08:00:39 - [TEST_STEP][PASSED] - println(dzoNum): null

11-12-2024T08:00:39 - [TEST_STEP][PASSED] - dZO = "АО «Чеченэнерго»": null

11-12-2024T08:00:39 - [TEST_STEP][PASSED] - a = 72: null

11-12-2024T08:00:39 - [TEST_STEP][PASSED] - if (x1.contains(dZO)): null

11-12-2024T08:00:39 - [TEST_STEP][PASSED] - dzoNum = dzoNum + 1: null

11-12-2024T08:00:39 - [TEST_STEP][PASSED] - Script1718980020443.Numbers(a, typeOfData, todaysDate, pageInt, fileInt, pageDouble, fileDouble, dZO, dzoNum, filialNum): null

11-12-2024T08:00:39 - [TEST_STEP][PASSED] - println(dzoNum): null

11-12-2024T08:00:39 - [TEST_STEP][PASSED] - planFact = <not implemented yet for class: org.codehaus.groovy.ast.expr.EmptyExpression>: null

11-12-2024T08:00:39 - [TEST_STEP][PASSED] - page = <not implemented yet for class: org.codehaus.groovy.ast.expr.EmptyExpression>: null

11-12-2024T08:00:39 - [TEST_STEP][PASSED] - page1 = <not implemented yet for class: org.codehaus.groovy.ast.expr.EmptyExpression>: null

11-12-2024T08:00:39 - [TEST_STEP][PASSED] - page2 = <not implemented yet for class: org.codehaus.groovy.ast.expr.EmptyExpression>: null

11-12-2024T08:00:39 - [TEST_STEP][PASSED] - filialNumberInRow = <not implemented yet for class: org.codehaus.groovy.ast.expr.EmptyExpression>: null

11-12-2024T08:00:39 - [TEST_STEP][PASSED] - filialsDzoNames = <not implemented yet for class: org.codehaus.groovy.ast.expr.EmptyExpression>: null

11-12-2024T08:00:39 - [TEST_STEP][PASSED] - numberOfFilials = <not implemented yet for class: org.codehaus.groovy.ast.expr.EmptyExpression>: null

11-12-2024T08:00:39 - [TEST_STEP][PASSED] - numberOfSpaces = <not implemented yet for class: org.codehaus.groovy.ast.expr.EmptyExpression>: null

11-12-2024T08:00:39 - [TEST_STEP][PASSED] - file = <not implemented yet for class: org.codehaus.groovy.ast.expr.EmptyExpression>: null

11-12-2024T08:00:39 - [TEST_STEP][PASSED] - otpusk = <not implemented yet for class: org.codehaus.groovy.ast.expr.EmptyExpression>: null

11-12-2024T08:00:39 - [TEST_STEP][PASSED] - poteri = <not implemented yet for class: org.codehaus.groovy.ast.expr.EmptyExpression>: null

11-12-2024T08:00:39 - [TEST_STEP][PASSED] - dataFolder = "Выполнение бизнес-плана/Значения со страницы Выполнение бизнес-плана/": null

11-12-2024T08:00:39 - [TEST_STEP][PASSED] - path = <not implemented yet for class: org.codehaus.groovy.ast.expr.EmptyExpression>: null

11-12-2024T08:00:39 - [TEST_STEP][PASSED] - typeOfDataMain = <not implemented yet for class: org.codehaus.groovy.ast.expr.EmptyExpression>: null

11-12-2024T08:00:39 - [TEST_STEP][PASSED] - fileOtpuskVSet = <not implemented yet for class: org.codehaus.groovy.ast.expr.EmptyExpression>: null

11-12-2024T08:00:39 - [TEST_STEP][PASSED] - pageOtpuskVSet = <not implemented yet for class: org.codehaus.groovy.ast.expr.EmptyExpression>: null

11-12-2024T08:00:39 - [TEST_STEP][PASSED] - filePoteri = <not implemented yet for class: org.codehaus.groovy.ast.expr.EmptyExpression>: null

11-12-2024T08:00:39 - [TEST_STEP][PASSED] - pagePoteri = <not implemented yet for class: org.codehaus.groovy.ast.expr.EmptyExpression>: null

11-12-2024T08:00:39 - [TEST_STEP][PASSED] - compare = <not implemented yet for class: org.codehaus.groovy.ast.expr.EmptyExpression>: null

11-12-2024T08:00:39 - [TEST_STEP][PASSED] - b = <not implemented yet for class: org.codehaus.groovy.ast.expr.EmptyExpression>: null

11-12-2024T08:00:39 - [TEST_STEP][PASSED] - i = <not implemented yet for class: org.codehaus.groovy.ast.expr.EmptyExpression>: null

11-12-2024T08:00:39 - [TEST_STEP][PASSED] - ii = <not implemented yet for class: org.codehaus.groovy.ast.expr.EmptyExpression>: null

11-12-2024T08:00:39 - [TEST_STEP][PASSED] - c = <not implemented yet for class: org.codehaus.groovy.ast.expr.EmptyExpression>: null

11-12-2024T08:00:39 - [TEST_STEP][PASSED] - numberOfErrors = 0: null

11-12-2024T08:00:39 - [TEST_STEP][PASSED] - if (a == 82): null

11-12-2024T08:00:39 - [TEST_STEP][PASSED] - b = findTestData("PlanFact").getValue(1, a): null

11-12-2024T08:00:39 - [TEST_STEP][PASSED] - i = b.indexOf(" (ГК)"): null

11-12-2024T08:00:39 - [TEST_STEP][PASSED] - if (i > -1): null

11-12-2024T08:00:39 - [TEST_STEP][PASSED] - i = b.indexOf("О ""): null

11-12-2024T08:00:39 - [TEST_STEP][PASSED] - if (i > -1): null

11-12-2024T08:00:39 - [TEST_STEP][PASSED] - b = b.substring(i + 3, b.length()): null

11-12-2024T08:00:39 - [TEST_STEP][PASSED] - i = b.indexOf("""): null

11-12-2024T08:00:39 - [TEST_STEP][PASSED] - b = b.substring(0, i): null

11-12-2024T08:00:39 - [TEST_STEP][PASSED] - b = b.trim(): null

11-12-2024T08:00:39 - [TEST_STEP][PASSED] - i = b.indexOf("О «"): null

11-12-2024T08:00:39 - [TEST_STEP][PASSED] - if (i > -1): null

11-12-2024T08:00:39 - [TEST_STEP][PASSED] - i = b.indexOf("г. "): null

11-12-2024T08:00:39 - [TEST_STEP][PASSED] - if (i > -1): null

11-12-2024T08:00:39 - [TEST_STEP][PASSED] - println(b): null

11-12-2024T08:00:39 - [TEST_STEP][PASSED] - for ([planFact = 1, planFact < 3, (planFact++)]): null

11-12-2024T08:00:39 - [TEST_STEP][PASSED] - if (planFact == 1): null

11-12-2024T08:00:39 - [TEST_STEP][PASSED] - typeOfDataMain = "Факт": null

11-12-2024T08:00:39 - [TEST_STEP][PASSED] - otpusk = findTestData("PlanFact").getValue(5, a): null

11-12-2024T08:00:39 - [TEST_STEP][PASSED] - poteri = findTestData("PlanFact").getValue(6, a): null

11-12-2024T08:00:39 - [TEST_STEP][PASSED] - otpusk = otpusk.replaceAll("\s+", ""): null

11-12-2024T08:00:39 - [TEST_STEP][PASSED] - poteri = poteri.replaceAll("\s+", ""): null

11-12-2024T08:00:39 - [TEST_STEP][PASSED] - typeOfData = typeOfDataMain + " Отпуск в сеть": null

11-12-2024T08:00:39 - [TEST_STEP][PASSED] - if (a == 82): null

11-12-2024T08:00:39 - [TEST_STEP][PASSED] - else if (a == 84): null

11-12-2024T08:00:39 - [TEST_STEP][PASSED] - else if (a == 52 || a == 72 || a == 28 || a == 73 || a == 77 || a == 74 || a == 65 || a == 36 || a == 44 || a == 53 || a == 80 || a == 54 || a == 1 || a == 18 || a == 59 || a == 81): null

11-12-2024T08:00:39 - [TEST_STEP][PASSED] - path = dataFolder + "Table Data/" + typeOfData + " за отчётный период " + dzoNum: null

11-12-2024T08:00:39 - [TEST_STEP][PASSED] - println(path): null

11-12-2024T08:00:39 - [TEST_STEP][PASSED] - page = getText(findTestObject(path)): Text of object 'Object Repository/Выполнение бизнес-плана/Значения со страницы Выполнение бизнес-плана/Table Data/Факт Отпуск в сеть за отчётный период 2' is: '3 034 612'

11-12-2024T08:00:39 - [MESSAGE][PASSED] - Text of object 'Object Repository/Выполнение бизнес-плана/Значения со страницы Выполнение бизнес-плана/Table Data/Факт Отпуск в сеть за отчётный период 2' is: '3 034 612'

11-12-2024T08:00:39 - [TEST_STEP][PASSED] - page = page.replaceAll("\s+", ""): null

11-12-2024T08:00:39 - [TEST_STEP][PASSED] - fileOtpuskVSet = otpusk.toInteger(): null

11-12-2024T08:00:39 - [TEST_STEP][PASSED] - pageOtpuskVSet = page.toInteger(): null

11-12-2024T08:00:39 - [TEST_STEP][PASSED] - typeOfData = typeOfDataMain + " Потери": null

11-12-2024T08:00:39 - [TEST_STEP][PASSED] - if (a == 82): null

11-12-2024T08:00:39 - [TEST_STEP][PASSED] - else if (a == 84): null

11-12-2024T08:00:39 - [TEST_STEP][PASSED] - else if (a == 52 || a == 72 || a == 28 || a == 73 || a == 77 || a == 74 || a == 65 || a == 36 || a == 44 || a == 53 || a == 80 || a == 54 || a == 1 || a == 18 || a == 59 || a == 81): null

11-12-2024T08:00:39 - [TEST_STEP][PASSED] - path = dataFolder + "Table Data/" + typeOfData + " за отчётный период " + dzoNum: null

11-12-2024T08:00:39 - [TEST_STEP][PASSED] - page = getText(findTestObject(path)): Text of object 'Object Repository/Выполнение бизнес-плана/Значения со страницы Выполнение бизнес-плана/Table Data/Факт Потери за отчётный период 2' is: '1 110 325'

11-12-2024T08:00:40 - [MESSAGE][PASSED] - Text of object 'Object Repository/Выполнение бизнес-плана/Значения со страницы Выполнение бизнес-плана/Table Data/Факт Потери за отчётный период 2' is: '1 110 325'

11-12-2024T08:00:40 - [TEST_STEP][PASSED] - page = page.replaceAll("\s+", ""): null

11-12-2024T08:00:40 - [TEST_STEP][PASSED] - filePoteri = poteri.toInteger(): null

11-12-2024T08:00:40 - [TEST_STEP][PASSED] - pagePoteri = page.toInteger(): null

11-12-2024T08:00:40 - [TEST_STEP][PASSED] - compare = pageOtpuskVSet: null

11-12-2024T08:00:40 - [TEST_STEP][PASSED] - if (compare == fileOtpuskVSet): null

11-12-2024T08:00:40 - [TEST_STEP][PASSED] - else if (compare > fileOtpuskVSet): null

11-12-2024T08:00:40 - [TEST_STEP][PASSED] - compare = compare - 1: null

11-12-2024T08:00:40 - [TEST_STEP][PASSED] - if (compare == fileOtpuskVSet): null

11-12-2024T08:00:40 - [TEST_STEP][PASSED] - else: null

11-12-2024T08:00:40 - [TEST_STEP][PASSED] - numberOfErrors = numberOfErrors + 1: null

11-12-2024T08:00:40 - [TEST_STEP][PASSED] - pageInt = pageOtpuskVSet: null

11-12-2024T08:00:40 - [TEST_STEP][PASSED] - fileInt = fileOtpuskVSet: null

11-12-2024T08:00:40 - [TEST_STEP][PASSED] - typeOfData = typeOfDataMain + " Отпуск в сеть": null

11-12-2024T08:00:40 - [TEST_STEP][PASSED] - Script1718980020443.WriteToExcel(a, typeOfData, todaysDate, pageInt, fileInt, pageDouble, fileDouble, dZO): null

11-12-2024T08:00:40 - [TEST_STEP][PASSED] - sheetName = "Sheet1": null

11-12-2024T08:00:40 - [TEST_STEP][PASSED] - data = findTestData("PlanFact"): null

11-12-2024T08:00:40 - [TEST_STEP][PASSED] - n = data.getRowNumbers() + 1: null

11-12-2024T08:00:40 - [TEST_STEP][PASSED] - year = todaysDate.substring(todaysDate.length() - 4, todaysDate.length()): null

11-12-2024T08:00:40 - [TEST_STEP][PASSED] - y = year.toInteger(): null

11-12-2024T08:00:40 - [TEST_STEP][PASSED] - m = getText(findTestObject("Выполнение бизнес-плана/Период")): Text of object 'Object Repository/Выполнение бизнес-плана/Период' is: '1, 2, 3 кв., Октябрь 2024 года'

11-12-2024T08:00:40 - [MESSAGE][PASSED] - Text of object 'Object Repository/Выполнение бизнес-плана/Период' is: '1, 2, 3 кв., Октябрь 2024 года'

11-12-2024T08:00:40 - [TEST_STEP][PASSED] - m = m.substring(0, m.indexOf("2024")): null

11-12-2024T08:00:40 - [TEST_STEP][PASSED] - m = m.trim(): null

11-12-2024T08:00:40 - [TEST_STEP][PASSED] - dashboardName = "Выполнение бизнес-плана": null

11-12-2024T08:00:40 - [TEST_STEP][PASSED] - workbook01 = getWorkbook(excelFilePath): null

11-12-2024T08:00:40 - [TEST_STEP][PASSED] - sheet01 = getExcelSheet(workbook01, sheetName): null

11-12-2024T08:00:40 - [TEST_STEP][PASSED] - setValueToCellByIndex(sheet01, n, 0, dashboardName): null

11-12-2024T08:00:40 - [TEST_STEP][PASSED] - setValueToCellByIndex(sheet01, n, 1, dZO): null

11-12-2024T08:00:40 - [TEST_STEP][PASSED] - setValueToCellByIndex(sheet01, n, 2, typeOfData): null

11-12-2024T08:00:40 - [TEST_STEP][PASSED] - if (typeOfData == "Факт в процентах" || typeOfData == "План в процентах"): null

11-12-2024T08:00:40 - [TEST_STEP][PASSED] - else: null

11-12-2024T08:00:40 - [TEST_STEP][PASSED] - setValueToCellByIndex(sheet01, n, 3, fileInt): null

11-12-2024T08:00:40 - [TEST_STEP][PASSED] - setValueToCellByIndex(sheet01, n, 4, pageInt): null

11-12-2024T08:00:40 - [TEST_STEP][PASSED] - setValueToCellByIndex(sheet01, n, 5, m): null

11-12-2024T08:00:40 - [TEST_STEP][PASSED] - setValueToCellByIndex(sheet01, n, 6, y): null

11-12-2024T08:00:40 - [TEST_STEP][PASSED] - setValueToCellByIndex(sheet01, n, 7, todaysDate): null

11-12-2024T08:00:40 - [TEST_STEP][PASSED] - n = n + 1: null

11-12-2024T08:00:40 - [TEST_STEP][PASSED] - saveWorkbook(excelFilePath, workbook01): null

11-12-2024T08:00:40 - [TEST_STEP][PASSED] - compare = pagePoteri: null

11-12-2024T08:00:40 - [TEST_STEP][PASSED] - if (compare == filePoteri): null

11-12-2024T08:00:40 - [TEST_STEP][PASSED] - else if (compare > filePoteri): null

11-12-2024T08:00:40 - [TEST_STEP][PASSED] - compare = compare - 1: null

11-12-2024T08:00:40 - [TEST_STEP][PASSED] - if (compare == filePoteri): null

11-12-2024T08:00:40 - [TEST_STEP][PASSED] - else: null

11-12-2024T08:00:40 - [TEST_STEP][PASSED] - numberOfErrors = numberOfErrors + 1: null

11-12-2024T08:00:40 - [TEST_STEP][PASSED] - pageInt = pagePoteri: null

11-12-2024T08:00:40 - [TEST_STEP][PASSED] - fileInt = filePoteri: null

11-12-2024T08:00:40 - [TEST_STEP][PASSED] - typeOfData = typeOfDataMain + " Потери": null

11-12-2024T08:00:40 - [TEST_STEP][PASSED] - Script1718980020443.WriteToExcel(a, typeOfData, todaysDate, pageInt, fileInt, pageDouble, fileDouble, dZO): null

11-12-2024T08:00:40 - [TEST_STEP][PASSED] - sheetName = "Sheet1": null

11-12-2024T08:00:40 - [TEST_STEP][PASSED] - data = findTestData("PlanFact"): null

11-12-2024T08:00:40 - [TEST_STEP][PASSED] - n = data.getRowNumbers() + 1: null

11-12-2024T08:00:40 - [TEST_STEP][PASSED] - year = todaysDate.substring(todaysDate.length() - 4, todaysDate.length()): null

11-12-2024T08:00:40 - [TEST_STEP][PASSED] - y = year.toInteger(): null

11-12-2024T08:00:40 - [TEST_STEP][PASSED] - m = getText(findTestObject("Выполнение бизнес-плана/Период")): Text of object 'Object Repository/Выполнение бизнес-плана/Период' is: '1, 2, 3 кв., Октябрь 2024 года'

11-12-2024T08:00:41 - [MESSAGE][PASSED] - Text of object 'Object Repository/Выполнение бизнес-плана/Период' is: '1, 2, 3 кв., Октябрь 2024 года'

11-12-2024T08:00:41 - [TEST_STEP][PASSED] - m = m.substring(0, m.indexOf("2024")): null

11-12-2024T08:00:41 - [TEST_STEP][PASSED] - m = m.trim(): null

11-12-2024T08:00:41 - [TEST_STEP][PASSED] - dashboardName = "Выполнение бизнес-плана": null

11-12-2024T08:00:41 - [TEST_STEP][PASSED] - workbook01 = getWorkbook(excelFilePath): null

11-12-2024T08:00:41 - [TEST_STEP][PASSED] - sheet01 = getExcelSheet(workbook01, sheetName): null

11-12-2024T08:00:41 - [TEST_STEP][PASSED] - setValueToCellByIndex(sheet01, n, 0, dashboardName): null

11-12-2024T08:00:41 - [TEST_STEP][PASSED] - setValueToCellByIndex(sheet01, n, 1, dZO): null

11-12-2024T08:00:41 - [TEST_STEP][PASSED] - setValueToCellByIndex(sheet01, n, 2, typeOfData): null

11-12-2024T08:00:41 - [TEST_STEP][PASSED] - if (typeOfData == "Факт в процентах" || typeOfData == "План в процентах"): null

11-12-2024T08:00:41 - [TEST_STEP][PASSED] - else: null

11-12-2024T08:00:41 - [TEST_STEP][PASSED] - setValueToCellByIndex(sheet01, n, 3, fileInt): null

11-12-2024T08:00:41 - [TEST_STEP][PASSED] - setValueToCellByIndex(sheet01, n, 4, pageInt): null

11-12-2024T08:00:41 - [TEST_STEP][PASSED] - setValueToCellByIndex(sheet01, n, 5, m): null

11-12-2024T08:00:41 - [TEST_STEP][PASSED] - setValueToCellByIndex(sheet01, n, 6, y): null

11-12-2024T08:00:41 - [TEST_STEP][PASSED] - setValueToCellByIndex(sheet01, n, 7, todaysDate): null

11-12-2024T08:00:41 - [TEST_STEP][PASSED] - n = n + 1: null

11-12-2024T08:00:41 - [TEST_STEP][PASSED] - saveWorkbook(excelFilePath, workbook01): null

11-12-2024T08:00:41 - [TEST_STEP][PASSED] - if (planFact == 2): null

11-12-2024T08:00:41 - [TEST_STEP][PASSED] - if (planFact == 1): null

11-12-2024T08:00:41 - [TEST_STEP][PASSED] - else if (planFact == 2): null

11-12-2024T08:00:41 - [TEST_STEP][PASSED] - click(findTestObject("Выполнение бизнес-плана/Кнопка План")): Object: 'Object Repository/Выполнение бизнес-плана/Кнопка План' is clicked on

11-12-2024T08:00:41 - [MESSAGE][PASSED] - Object: 'Object Repository/Выполнение бизнес-плана/Кнопка План' is clicked on

11-12-2024T08:00:41 - [TEST_STEP][PASSED] - typeOfDataMain = "План": null

11-12-2024T08:00:41 - [TEST_STEP][PASSED] - otpusk = findTestData("PlanFact").getValue(2, a): null

11-12-2024T08:00:41 - [TEST_STEP][PASSED] - poteri = findTestData("PlanFact").getValue(3, a): null

11-12-2024T08:00:41 - [TEST_STEP][PASSED] - otpusk = otpusk.replaceAll("\s+", ""): null

11-12-2024T08:00:41 - [TEST_STEP][PASSED] - poteri = poteri.replaceAll("\s+", ""): null

11-12-2024T08:00:41 - [TEST_STEP][PASSED] - typeOfData = typeOfDataMain + " Отпуск в сеть": null

11-12-2024T08:00:41 - [TEST_STEP][PASSED] - if (a == 82): null

11-12-2024T08:00:41 - [TEST_STEP][PASSED] - else if (a == 84): null

11-12-2024T08:00:41 - [TEST_STEP][PASSED] - else if (a == 52 || a == 72 || a == 28 || a == 73 || a == 77 || a == 74 || a == 65 || a == 36 || a == 44 || a == 53 || a == 80 || a == 54 || a == 1 || a == 18 || a == 59 || a == 81): null

11-12-2024T08:00:41 - [TEST_STEP][PASSED] - path = dataFolder + "Table Data/" + typeOfData + " за отчётный период " + dzoNum: null

11-12-2024T08:00:41 - [TEST_STEP][PASSED] - println(path): null

11-12-2024T08:00:41 - [TEST_STEP][PASSED] - page = getText(findTestObject(path)): Text of object 'Object Repository/Выполнение бизнес-плана/Значения со страницы Выполнение бизнес-плана/Table Data/План Отпуск в сеть за отчётный период 2' is: '2 822 152'

11-12-2024T08:00:42 - [MESSAGE][PASSED] - Text of object 'Object Repository/Выполнение бизнес-плана/Значения со страницы Выполнение бизнес-плана/Table Data/План Отпуск в сеть за отчётный период 2' is: '2 822 152'

11-12-2024T08:00:42 - [TEST_STEP][PASSED] - page = page.replaceAll("\s+", ""): null

11-12-2024T08:00:42 - [TEST_STEP][PASSED] - fileOtpuskVSet = otpusk.toInteger(): null

11-12-2024T08:00:42 - [TEST_STEP][PASSED] - pageOtpuskVSet = page.toInteger(): null

11-12-2024T08:00:42 - [TEST_STEP][PASSED] - typeOfData = typeOfDataMain + " Потери": null

11-12-2024T08:00:42 - [TEST_STEP][PASSED] - if (a == 82): null

11-12-2024T08:00:42 - [TEST_STEP][PASSED] - else if (a == 84): null

11-12-2024T08:00:42 - [TEST_STEP][PASSED] - else if (a == 52 || a == 72 || a == 28 || a == 73 || a == 77 || a == 74 || a == 65 || a == 36 || a == 44 || a == 53 || a == 80 || a == 54 || a == 1 || a == 18 || a == 59 || a == 81): null

11-12-2024T08:00:42 - [TEST_STEP][PASSED] - path = dataFolder + "Table Data/" + typeOfData + " за отчётный период " + dzoNum: null

11-12-2024T08:00:42 - [TEST_STEP][PASSED] - page = getText(findTestObject(path)): Text of object 'Object Repository/Выполнение бизнес-плана/Значения со страницы Выполнение бизнес-плана/Table Data/План Потери за отчётный период 2' is: '927 705'

11-12-2024T08:00:42 - [MESSAGE][PASSED] - Text of object 'Object Repository/Выполнение бизнес-плана/Значения со страницы Выполнение бизнес-плана/Table Data/План Потери за отчётный период 2' is: '927 705'

11-12-2024T08:00:42 - [TEST_STEP][PASSED] - page = page.replaceAll("\s+", ""): null

11-12-2024T08:00:42 - [TEST_STEP][PASSED] - filePoteri = poteri.toInteger(): null

11-12-2024T08:00:42 - [TEST_STEP][PASSED] - pagePoteri = page.toInteger(): null

11-12-2024T08:00:42 - [TEST_STEP][PASSED] - compare = pageOtpuskVSet: null

11-12-2024T08:00:42 - [TEST_STEP][PASSED] - if (compare == fileOtpuskVSet): null

11-12-2024T08:00:42 - [TEST_STEP][PASSED] - else if (compare > fileOtpuskVSet): null

11-12-2024T08:00:42 - [TEST_STEP][PASSED] - compare = compare - 1: null

11-12-2024T08:00:42 - [TEST_STEP][PASSED] - if (compare == fileOtpuskVSet): null

11-12-2024T08:00:42 - [TEST_STEP][PASSED] - else: null

11-12-2024T08:00:42 - [TEST_STEP][PASSED] - numberOfErrors = numberOfErrors + 1: null

11-12-2024T08:00:42 - [TEST_STEP][PASSED] - pageInt = pageOtpuskVSet: null

11-12-2024T08:00:42 - [TEST_STEP][PASSED] - fileInt = fileOtpuskVSet: null

11-12-2024T08:00:42 - [TEST_STEP][PASSED] - typeOfData = typeOfDataMain + " Отпуск в сеть": null

11-12-2024T08:00:42 - [TEST_STEP][PASSED] - Script1718980020443.WriteToExcel(a, typeOfData, todaysDate, pageInt, fileInt, pageDouble, fileDouble, dZO): null

11-12-2024T08:00:42 - [TEST_STEP][PASSED] - sheetName = "Sheet1": null

11-12-2024T08:00:42 - [TEST_STEP][PASSED] - data = findTestData("PlanFact"): null

11-12-2024T08:00:42 - [TEST_STEP][PASSED] - n = data.getRowNumbers() + 1: null

11-12-2024T08:00:42 - [TEST_STEP][PASSED] - year = todaysDate.substring(todaysDate.length() - 4, todaysDate.length()): null

11-12-2024T08:00:42 - [TEST_STEP][PASSED] - y = year.toInteger(): null

11-12-2024T08:00:42 - [TEST_STEP][PASSED] - m = getText(findTestObject("Выполнение бизнес-плана/Период")): Text of object 'Object Repository/Выполнение бизнес-плана/Период' is: '1, 2, 3 кв., Октябрь 2024 года'

11-12-2024T08:00:42 - [MESSAGE][PASSED] - Text of object 'Object Repository/Выполнение бизнес-плана/Период' is: '1, 2, 3 кв., Октябрь 2024 года'

11-12-2024T08:00:42 - [TEST_STEP][PASSED] - m = m.substring(0, m.indexOf("2024")): null

11-12-2024T08:00:42 - [TEST_STEP][PASSED] - m = m.trim(): null

11-12-2024T08:00:42 - [TEST_STEP][PASSED] - dashboardName = "Выполнение бизнес-плана": null

11-12-2024T08:00:42 - [TEST_STEP][PASSED] - workbook01 = getWorkbook(excelFilePath): null

11-12-2024T08:00:43 - [TEST_STEP][PASSED] - sheet01 = getExcelSheet(workbook01, sheetName): null

11-12-2024T08:00:43 - [TEST_STEP][PASSED] - setValueToCellByIndex(sheet01, n, 0, dashboardName): null

11-12-2024T08:00:43 - [TEST_STEP][PASSED] - setValueToCellByIndex(sheet01, n, 1, dZO): null

11-12-2024T08:00:43 - [TEST_STEP][PASSED] - setValueToCellByIndex(sheet01, n, 2, typeOfData): null

11-12-2024T08:00:43 - [TEST_STEP][PASSED] - if (typeOfData == "Факт в процентах" || typeOfData == "План в процентах"): null

11-12-2024T08:00:43 - [TEST_STEP][PASSED] - else: null

11-12-2024T08:00:43 - [TEST_STEP][PASSED] - setValueToCellByIndex(sheet01, n, 3, fileInt): null

11-12-2024T08:00:43 - [TEST_STEP][PASSED] - setValueToCellByIndex(sheet01, n, 4, pageInt): null

11-12-2024T08:00:43 - [TEST_STEP][PASSED] - setValueToCellByIndex(sheet01, n, 5, m): null

11-12-2024T08:00:43 - [TEST_STEP][PASSED] - setValueToCellByIndex(sheet01, n, 6, y): null

11-12-2024T08:00:43 - [TEST_STEP][PASSED] - setValueToCellByIndex(sheet01, n, 7, todaysDate): null

11-12-2024T08:00:43 - [TEST_STEP][PASSED] - n = n + 1: null

11-12-2024T08:00:43 - [TEST_STEP][PASSED] - saveWorkbook(excelFilePath, workbook01): null

11-12-2024T08:00:43 - [TEST_STEP][PASSED] - compare = pagePoteri: null

11-12-2024T08:00:43 - [TEST_STEP][PASSED] - if (compare == filePoteri): null

11-12-2024T08:00:43 - [TEST_STEP][PASSED] - else if (compare > filePoteri): null

11-12-2024T08:00:43 - [TEST_STEP][PASSED] - compare = compare - 1: null

11-12-2024T08:00:43 - [TEST_STEP][PASSED] - if (compare == filePoteri): null

11-12-2024T08:00:43 - [TEST_STEP][PASSED] - else: null

11-12-2024T08:00:43 - [TEST_STEP][PASSED] - numberOfErrors = numberOfErrors + 1: null

11-12-2024T08:00:43 - [TEST_STEP][PASSED] - pageInt = pagePoteri: null

11-12-2024T08:00:43 - [TEST_STEP][PASSED] - fileInt = filePoteri: null

11-12-2024T08:00:43 - [TEST_STEP][PASSED] - typeOfData = typeOfDataMain + " Потери": null

11-12-2024T08:00:43 - [TEST_STEP][PASSED] - Script1718980020443.WriteToExcel(a, typeOfData, todaysDate, pageInt, fileInt, pageDouble, fileDouble, dZO): null

11-12-2024T08:00:43 - [TEST_STEP][PASSED] - sheetName = "Sheet1": null

11-12-2024T08:00:43 - [TEST_STEP][PASSED] - data = findTestData("PlanFact"): null

11-12-2024T08:00:43 - [TEST_STEP][PASSED] - n = data.getRowNumbers() + 1: null

11-12-2024T08:00:43 - [TEST_STEP][PASSED] - year = todaysDate.substring(todaysDate.length() - 4, todaysDate.length()): null

11-12-2024T08:00:43 - [TEST_STEP][PASSED] - y = year.toInteger(): null

11-12-2024T08:00:43 - [TEST_STEP][PASSED] - m = getText(findTestObject("Выполнение бизнес-плана/Период")): Text of object 'Object Repository/Выполнение бизнес-плана/Период' is: '1, 2, 3 кв., Октябрь 2024 года'

11-12-2024T08:00:43 - [MESSAGE][PASSED] - Text of object 'Object Repository/Выполнение бизнес-плана/Период' is: '1, 2, 3 кв., Октябрь 2024 года'

11-12-2024T08:00:43 - [TEST_STEP][PASSED] - m = m.substring(0, m.indexOf("2024")): null

11-12-2024T08:00:43 - [TEST_STEP][PASSED] - m = m.trim(): null

11-12-2024T08:00:43 - [TEST_STEP][PASSED] - dashboardName = "Выполнение бизнес-плана": null

11-12-2024T08:00:43 - [TEST_STEP][PASSED] - workbook01 = getWorkbook(excelFilePath): null

11-12-2024T08:00:43 - [TEST_STEP][PASSED] - sheet01 = getExcelSheet(workbook01, sheetName): null

11-12-2024T08:00:43 - [TEST_STEP][PASSED] - setValueToCellByIndex(sheet01, n, 0, dashboardName): null

11-12-2024T08:00:43 - [TEST_STEP][PASSED] - setValueToCellByIndex(sheet01, n, 1, dZO): null

11-12-2024T08:00:43 - [TEST_STEP][PASSED] - setValueToCellByIndex(sheet01, n, 2, typeOfData): null

11-12-2024T08:00:43 - [TEST_STEP][PASSED] - if (typeOfData == "Факт в процентах" || typeOfData == "План в процентах"): null

11-12-2024T08:00:43 - [TEST_STEP][PASSED] - else: null

11-12-2024T08:00:43 - [TEST_STEP][PASSED] - setValueToCellByIndex(sheet01, n, 3, fileInt): null

11-12-2024T08:00:43 - [TEST_STEP][PASSED] - setValueToCellByIndex(sheet01, n, 4, pageInt): null

11-12-2024T08:00:43 - [TEST_STEP][PASSED] - setValueToCellByIndex(sheet01, n, 5, m): null

11-12-2024T08:00:43 - [TEST_STEP][PASSED] - setValueToCellByIndex(sheet01, n, 6, y): null

11-12-2024T08:00:43 - [TEST_STEP][PASSED] - setValueToCellByIndex(sheet01, n, 7, todaysDate): null

11-12-2024T08:00:43 - [TEST_STEP][PASSED] - n = n + 1: null

11-12-2024T08:00:43 - [TEST_STEP][PASSED] - saveWorkbook(excelFilePath, workbook01): Object: 'Object Repository/Выполнение бизнес-плана/Кнопка Факт' is clicked on

11-12-2024T08:00:43 - [TEST_STEP][PASSED] - if (planFact == 2): Object: 'Object Repository/Выполнение бизнес-плана/Кнопка Факт' is clicked on

11-12-2024T08:00:43 - [TEST_STEP][PASSED] - click(findTestObject("Выполнение бизнес-плана/Кнопка Факт")): Object: 'Object Repository/Выполнение бизнес-плана/Кнопка Факт' is clicked on

11-12-2024T08:00:44 - [MESSAGE][PASSED] - Object: 'Object Repository/Выполнение бизнес-плана/Кнопка Факт' is clicked on

11-12-2024T08:00:44 - [TEST_STEP][PASSED] - if (a == 84 || a == 82): null

11-12-2024T08:00:44 - [TEST_STEP][PASSED] - else if (a == 52 || a == 72 || a == 28 || a == 73 || a == 77 || a == 74 || a == 65 || a == 36 || a == 44 || a == 53 || a == 80 || a == 54 || a == 1 || a == 18 || a == 59 || a == 81): null

11-12-2024T08:00:44 - [TEST_STEP][PASSED] - page1 = getText(findTestObject("Object Repository/Выполнение бизнес-плана/spanPlan" + dzoNum)): Text of object 'Object Repository/Выполнение бизнес-плана/spanPlan2' is: '32.87'

11-12-2024T08:00:44 - [MESSAGE][PASSED] - Text of object 'Object Repository/Выполнение бизнес-плана/spanPlan2' is: '32.87'

11-12-2024T08:00:44 - [TEST_STEP][PASSED] - page1 = page1.replace("|", ""): null

11-12-2024T08:00:44 - [TEST_STEP][PASSED] - page2 = getText(findTestObject("Object Repository/Выполнение бизнес-плана/spanFact" + dzoNum)): Text of object 'Object Repository/Выполнение бизнес-плана/spanFact2' is: '36.59
|'

11-12-2024T08:00:44 - [MESSAGE][PASSED] - Text of object 'Object Repository/Выполнение бизнес-плана/spanFact2' is: '36.59
|'

11-12-2024T08:00:44 - [TEST_STEP][PASSED] - page2 = page2.replace("|", ""): null

11-12-2024T08:00:44 - [TEST_STEP][PASSED] - println("page1: " + page1): null

11-12-2024T08:00:44 - [TEST_STEP][PASSED] - println("page2: " + page2): null

11-12-2024T08:00:44 - [TEST_STEP][PASSED] - file = findTestData("PlanFact").getValue(4, a): null

11-12-2024T08:00:44 - [TEST_STEP][PASSED] - file = file.replace(",", "."): null

11-12-2024T08:00:44 - [TEST_STEP][PASSED] - println("file Plan: " + file): null

11-12-2024T08:00:44 - [TEST_STEP][PASSED] - typeOfData = "План в процентах": null

11-12-2024T08:00:44 - [TEST_STEP][PASSED] - fileDouble = file.toDouble(): null

11-12-2024T08:00:44 - [TEST_STEP][PASSED] - pageDouble = page1.toDouble(): null

11-12-2024T08:00:44 - [TEST_STEP][PASSED] - if (fileDouble != pageDouble): null

11-12-2024T08:00:44 - [TEST_STEP][PASSED] - numberOfErrors = numberOfErrors + 1: null

11-12-2024T08:00:44 - [TEST_STEP][PASSED] - Script1718980020443.WriteToExcel(a, typeOfData, todaysDate, pageInt, fileInt, pageDouble, fileDouble, dZO): null

11-12-2024T08:00:44 - [TEST_STEP][PASSED] - sheetName = "Sheet1": null

11-12-2024T08:00:44 - [TEST_STEP][PASSED] - data = findTestData("PlanFact"): null

11-12-2024T08:00:44 - [TEST_STEP][PASSED] - n = data.getRowNumbers() + 1: null

11-12-2024T08:00:44 - [TEST_STEP][PASSED] - year = todaysDate.substring(todaysDate.length() - 4, todaysDate.length()): null

11-12-2024T08:00:44 - [TEST_STEP][PASSED] - y = year.toInteger(): null

11-12-2024T08:00:44 - [TEST_STEP][PASSED] - m = getText(findTestObject("Выполнение бизнес-плана/Период")): Text of object 'Object Repository/Выполнение бизнес-плана/Период' is: '1, 2, 3 кв., Октябрь 2024 года'

11-12-2024T08:00:45 - [MESSAGE][PASSED] - Text of object 'Object Repository/Выполнение бизнес-плана/Период' is: '1, 2, 3 кв., Октябрь 2024 года'

11-12-2024T08:00:45 - [TEST_STEP][PASSED] - m = m.substring(0, m.indexOf("2024")): null

11-12-2024T08:00:45 - [TEST_STEP][PASSED] - m = m.trim(): null

11-12-2024T08:00:45 - [TEST_STEP][PASSED] - dashboardName = "Выполнение бизнес-плана": null

11-12-2024T08:00:45 - [TEST_STEP][PASSED] - workbook01 = getWorkbook(excelFilePath): null

11-12-2024T08:00:45 - [TEST_STEP][PASSED] - sheet01 = getExcelSheet(workbook01, sheetName): null

11-12-2024T08:00:45 - [TEST_STEP][PASSED] - setValueToCellByIndex(sheet01, n, 0, dashboardName): null

11-12-2024T08:00:45 - [TEST_STEP][PASSED] - setValueToCellByIndex(sheet01, n, 1, dZO): null

11-12-2024T08:00:45 - [TEST_STEP][PASSED] - setValueToCellByIndex(sheet01, n, 2, typeOfData): null

11-12-2024T08:00:45 - [TEST_STEP][PASSED] - if (typeOfData == "Факт в процентах" || typeOfData == "План в процентах"): null

11-12-2024T08:00:45 - [TEST_STEP][PASSED] - setValueToCellByIndex(sheet01, n, 3, fileDouble): null

11-12-2024T08:00:45 - [TEST_STEP][PASSED] - setValueToCellByIndex(sheet01, n, 4, pageDouble): null

11-12-2024T08:00:45 - [TEST_STEP][PASSED] - setValueToCellByIndex(sheet01, n, 5, m): null

11-12-2024T08:00:45 - [TEST_STEP][PASSED] - setValueToCellByIndex(sheet01, n, 6, y): null

11-12-2024T08:00:45 - [TEST_STEP][PASSED] - setValueToCellByIndex(sheet01, n, 7, todaysDate): null

11-12-2024T08:00:45 - [TEST_STEP][PASSED] - n = n + 1: null

11-12-2024T08:00:45 - [TEST_STEP][PASSED] - saveWorkbook(excelFilePath, workbook01): null

11-12-2024T08:00:45 - [TEST_STEP][PASSED] - file = findTestData("PlanFact").getValue(7, a): null

11-12-2024T08:00:45 - [TEST_STEP][PASSED] - file = file.replace(",", "."): null

11-12-2024T08:00:45 - [TEST_STEP][PASSED] - println("file Fact: " + file): null

11-12-2024T08:00:45 - [TEST_STEP][PASSED] - fileDouble = file.toDouble(): null

11-12-2024T08:00:45 - [TEST_STEP][PASSED] - typeOfData = "Факт в процентах": null

11-12-2024T08:00:45 - [TEST_STEP][PASSED] - fileDouble = file.toDouble(): null

11-12-2024T08:00:45 - [TEST_STEP][PASSED] - pageDouble = page2.toDouble(): null

11-12-2024T08:00:45 - [TEST_STEP][PASSED] - if (fileDouble != pageDouble): null

11-12-2024T08:00:45 - [TEST_STEP][PASSED] - numberOfErrors = numberOfErrors + 1: null

11-12-2024T08:00:45 - [TEST_STEP][PASSED] - Script1718980020443.WriteToExcel(a, typeOfData, todaysDate, pageInt, fileInt, pageDouble, fileDouble, dZO): null

11-12-2024T08:00:45 - [TEST_STEP][PASSED] - sheetName = "Sheet1": null

11-12-2024T08:00:45 - [TEST_STEP][PASSED] - data = findTestData("PlanFact"): null

11-12-2024T08:00:45 - [TEST_STEP][PASSED] - n = data.getRowNumbers() + 1: null

11-12-2024T08:00:45 - [TEST_STEP][PASSED] - year = todaysDate.substring(todaysDate.length() - 4, todaysDate.length()): null

11-12-2024T08:00:45 - [TEST_STEP][PASSED] - y = year.toInteger(): null

11-12-2024T08:00:45 - [TEST_STEP][PASSED] - m = getText(findTestObject("Выполнение бизнес-плана/Период")): Text of object 'Object Repository/Выполнение бизнес-плана/Период' is: '1, 2, 3 кв., Октябрь 2024 года'

11-12-2024T08:00:45 - [MESSAGE][PASSED] - Text of object 'Object Repository/Выполнение бизнес-плана/Период' is: '1, 2, 3 кв., Октябрь 2024 года'

11-12-2024T08:00:45 - [TEST_STEP][PASSED] - m = m.substring(0, m.indexOf("2024")): null

11-12-2024T08:00:45 - [TEST_STEP][PASSED] - m = m.trim(): null

11-12-2024T08:00:45 - [TEST_STEP][PASSED] - dashboardName = "Выполнение бизнес-плана": null

11-12-2024T08:00:45 - [TEST_STEP][PASSED] - workbook01 = getWorkbook(excelFilePath): null

11-12-2024T08:00:46 - [TEST_STEP][PASSED] - sheet01 = getExcelSheet(workbook01, sheetName): null

11-12-2024T08:00:46 - [TEST_STEP][PASSED] - setValueToCellByIndex(sheet01, n, 0, dashboardName): null

11-12-2024T08:00:46 - [TEST_STEP][PASSED] - setValueToCellByIndex(sheet01, n, 1, dZO): null

11-12-2024T08:00:46 - [TEST_STEP][PASSED] - setValueToCellByIndex(sheet01, n, 2, typeOfData): null

11-12-2024T08:00:46 - [TEST_STEP][PASSED] - if (typeOfData == "Факт в процентах" || typeOfData == "План в процентах"): null

11-12-2024T08:00:46 - [TEST_STEP][PASSED] - setValueToCellByIndex(sheet01, n, 3, fileDouble): null

11-12-2024T08:00:46 - [TEST_STEP][PASSED] - setValueToCellByIndex(sheet01, n, 4, pageDouble): null

11-12-2024T08:00:46 - [TEST_STEP][PASSED] - setValueToCellByIndex(sheet01, n, 5, m): null

11-12-2024T08:00:46 - [TEST_STEP][PASSED] - setValueToCellByIndex(sheet01, n, 6, y): null

11-12-2024T08:00:46 - [TEST_STEP][PASSED] - setValueToCellByIndex(sheet01, n, 7, todaysDate): null

11-12-2024T08:00:46 - [TEST_STEP][PASSED] - n = n + 1: null

11-12-2024T08:00:46 - [TEST_STEP][PASSED] - saveWorkbook(excelFilePath, workbook01): null

11-12-2024T08:00:46 - [TEST_STEP][FAILED] - if (verifyEqual(numberOfErrors, 0) == false): null

11-12-2024T08:00:46 - [MESSAGE][FAILED] - Unable to verify equal between actual object '6' and expected object '0' (Root cause: com.kms.katalon.core.exception.StepFailedException: Actual object '6' and expected object '0' are not equal
	at com.kms.katalon.core.keyword.builtin.VerifyEqualKeyword$_verifyEqual_closure1.doCall(VerifyEqualKeyword.groovy:58)
	at com.kms.katalon.core.keyword.builtin.VerifyEqualKeyword$_verifyEqual_closure1.call(VerifyEqualKeyword.groovy)
	at com.kms.katalon.core.keyword.internal.KeywordMain.runKeyword(KeywordMain.groovy:75)
	at com.kms.katalon.core.keyword.builtin.VerifyEqualKeyword.verifyEqual(VerifyEqualKeyword.groovy:63)
	at com.kms.katalon.core.keyword.builtin.VerifyEqualKeyword.execute(VerifyEqualKeyword.groovy:44)
	at com.kms.katalon.core.keyword.internal.KeywordExecutor.executeKeywordForPlatform(KeywordExecutor.groovy:74)
	at com.kms.katalon.core.keyword.BuiltinKeywords.verifyEqual(BuiltinKeywords.groovy:146)
	at java.base/jdk.internal.reflect.NativeMethodAccessorImpl.invoke0(Native Method)
	at java.base/jdk.internal.reflect.NativeMethodAccessorImpl.invoke(NativeMethodAccessorImpl.java:77)
	at java.base/jdk.internal.reflect.DelegatingMethodAccessorImpl.invoke(DelegatingMethodAccessorImpl.java:43)
	at Выполнение бизнес-плана Сверка ПАО Россети все филиалы.Numbers(Выполнение бизнес-плана Сверка ПАО Россети все филиалы:752)
	at Выполнение бизнес-плана Сверка ПАО Россети все филиалы.run(Выполнение бизнес-плана Сверка ПАО Россети все филиалы:246)
	at com.kms.katalon.core.main.ScriptEngine.run(ScriptEngine.java:194)
	at com.kms.katalon.core.main.ScriptEngine.runScriptAsRawText(ScriptEngine.java:119)
	at com.kms.katalon.core.main.TestCaseExecutor.runScript(TestCaseExecutor.java:448)
	at com.kms.katalon.core.main.TestCaseExecutor.doExecute(TestCaseExecutor.java:439)
	at com.kms.katalon.core.main.TestCaseExecutor.processExecutionPhase(TestCaseExecutor.java:418)
	at com.kms.katalon.core.main.TestCaseExecutor.accessMainPhase(TestCaseExecutor.java:410)
	at com.kms.katalon.core.main.TestCaseExecutor.execute(TestCaseExecutor.java:285)
	at com.kms.katalon.core.common.CommonExecutor.accessTestCaseMainPhase(CommonExecutor.java:65)
	at com.kms.katalon.core.main.TestSuiteExecutor.accessTestSuiteMainPhase(TestSuiteExecutor.java:150)
	at com.kms.katalon.core.main.TestSuiteExecutor.execute(TestSuiteExecutor.java:106)
	at com.kms.katalon.core.main.TestCaseMain.startTestSuite(TestCaseMain.java:180)
	at TempTestSuite1733892825375.run(TempTestSuite1733892825375.groovy:35)
	at java.base/jdk.internal.reflect.NativeMethodAccessorImpl.invoke0(Native Method)
	at java.base/jdk.internal.reflect.NativeMethodAccessorImpl.invoke(NativeMethodAccessorImpl.java:77)
	at java.base/jdk.internal.reflect.DelegatingMethodAccessorImpl.invoke(DelegatingMethodAccessorImpl.java:43)
)

11-12-2024T08:00:46 - [TEST_STEP][PASSED] - println(numberOfErrors): null

11-12-2024T08:00:46 - [TEST_STEP][PASSED] - if (a == 28 || a == 77 || a == 74 || a == 65 || a == 36 || a == 44 || a == 54 || a == 1 || a == 18 || a == 59): null

11-12-2024T08:00:46 - [TEST_STEP][PASSED] - if (a == 82): null

11-12-2024T08:00:46 - [TEST_STEP][PASSED] - println(dzoNum): null

11-12-2024T08:00:46 - [TEST_STEP][PASSED] - a = 28: null

11-12-2024T08:00:46 - [TEST_STEP][PASSED] - dZO = "Россети Волга": null

11-12-2024T08:00:46 - [TEST_STEP][PASSED] - if (x1.contains(dZO)): null

11-12-2024T08:00:46 - [TEST_STEP][PASSED] - else: null

11-12-2024T08:00:46 - [TEST_STEP][PASSED] - Script1718980020443.NoData(a, typeOfData, todaysDate, fileInt, fileDouble, dZO): null

11-12-2024T08:00:46 - [TEST_STEP][PASSED] - println(a): null

11-12-2024T08:00:46 - [TEST_STEP][PASSED] - println(todaysDate): null

11-12-2024T08:00:46 - [TEST_STEP][PASSED] - println(fileInt): null

11-12-2024T08:00:46 - [TEST_STEP][PASSED] - println(fileDouble): null

11-12-2024T08:00:46 - [TEST_STEP][PASSED] - println(dZO): null

11-12-2024T08:00:46 - [TEST_STEP][PASSED] - typeOfData = "Факт Отпуск в сеть": null

11-12-2024T08:00:46 - [TEST_STEP][PASSED] - fileInt = replaceAll("\s+", "").toInteger(): null

11-12-2024T08:00:46 - [TEST_STEP][PASSED] - Script1718980020443.WriteToExcelNoData(a, typeOfData, todaysDate, fileInt, fileDouble, dZO): null

11-12-2024T08:00:46 - [TEST_STEP][PASSED] - sheetName = "Sheet1": null

11-12-2024T08:00:46 - [TEST_STEP][PASSED] - data = findTestData("PlanFact"): null

11-12-2024T08:00:46 - [TEST_STEP][PASSED] - n = data.getRowNumbers() + 1: null

11-12-2024T08:00:46 - [TEST_STEP][PASSED] - year = todaysDate.substring(todaysDate.length() - 4, todaysDate.length()): null

11-12-2024T08:00:46 - [TEST_STEP][PASSED] - y = year.toInteger(): null

11-12-2024T08:00:46 - [TEST_STEP][PASSED] - m = getText(findTestObject("Выполнение бизнес-плана/Период")): Text of object 'Object Repository/Выполнение бизнес-плана/Период' is: '1, 2, 3 кв., Октябрь 2024 года'

11-12-2024T08:00:46 - [MESSAGE][PASSED] - Text of object 'Object Repository/Выполнение бизнес-плана/Период' is: '1, 2, 3 кв., Октябрь 2024 года'

11-12-2024T08:00:46 - [TEST_STEP][PASSED] - m = m.substring(0, m.indexOf("2024")): null

11-12-2024T08:00:46 - [TEST_STEP][PASSED] - m = m.trim(): null

11-12-2024T08:00:46 - [TEST_STEP][PASSED] - dashboardName = "Выполнение бизнес-плана": null

11-12-2024T08:00:46 - [TEST_STEP][PASSED] - workbook01 = getWorkbook(excelFilePath): null

11-12-2024T08:00:46 - [TEST_STEP][PASSED] - sheet01 = getExcelSheet(workbook01, sheetName): null

11-12-2024T08:00:46 - [TEST_STEP][PASSED] - setValueToCellByIndex(sheet01, n, 0, dashboardName): null

11-12-2024T08:00:46 - [TEST_STEP][PASSED] - setValueToCellByIndex(sheet01, n, 1, dZO): null

11-12-2024T08:00:46 - [TEST_STEP][PASSED] - setValueToCellByIndex(sheet01, n, 2, typeOfData): null

11-12-2024T08:00:46 - [TEST_STEP][PASSED] - if (typeOfData == "Факт в процентах" || typeOfData == "План в процентах"): null

11-12-2024T08:00:46 - [TEST_STEP][PASSED] - else: null

11-12-2024T08:00:46 - [TEST_STEP][PASSED] - setValueToCellByIndex(sheet01, n, 3, fileInt): null

11-12-2024T08:00:46 - [TEST_STEP][PASSED] - setValueToCellByIndex(sheet01, n, 4, "нет данных"): null

11-12-2024T08:00:46 - [TEST_STEP][PASSED] - setValueToCellByIndex(sheet01, n, 5, m): null

11-12-2024T08:00:46 - [TEST_STEP][PASSED] - setValueToCellByIndex(sheet01, n, 6, y): null

11-12-2024T08:00:46 - [TEST_STEP][PASSED] - setValueToCellByIndex(sheet01, n, 7, todaysDate): null

11-12-2024T08:00:46 - [TEST_STEP][PASSED] - n = n + 1: null

11-12-2024T08:00:46 - [TEST_STEP][PASSED] - saveWorkbook(excelFilePath, workbook01): null

11-12-2024T08:00:47 - [TEST_STEP][PASSED] - typeOfData = "Факт Потери": null

11-12-2024T08:00:47 - [TEST_STEP][PASSED] - fileInt = replaceAll("\s+", "").toInteger(): null

11-12-2024T08:00:47 - [TEST_STEP][PASSED] - Script1718980020443.WriteToExcelNoData(a, typeOfData, todaysDate, fileInt, fileDouble, dZO): null

11-12-2024T08:00:47 - [TEST_STEP][PASSED] - sheetName = "Sheet1": null

11-12-2024T08:00:47 - [TEST_STEP][PASSED] - data = findTestData("PlanFact"): null

11-12-2024T08:00:47 - [TEST_STEP][PASSED] - n = data.getRowNumbers() + 1: null

11-12-2024T08:00:47 - [TEST_STEP][PASSED] - year = todaysDate.substring(todaysDate.length() - 4, todaysDate.length()): null

11-12-2024T08:00:47 - [TEST_STEP][PASSED] - y = year.toInteger(): null

11-12-2024T08:00:47 - [TEST_STEP][PASSED] - m = getText(findTestObject("Выполнение бизнес-плана/Период")): Text of object 'Object Repository/Выполнение бизнес-плана/Период' is: '1, 2, 3 кв., Октябрь 2024 года'

11-12-2024T08:00:47 - [MESSAGE][PASSED] - Text of object 'Object Repository/Выполнение бизнес-плана/Период' is: '1, 2, 3 кв., Октябрь 2024 года'

11-12-2024T08:00:47 - [TEST_STEP][PASSED] - m = m.substring(0, m.indexOf("2024")): null

11-12-2024T08:00:47 - [TEST_STEP][PASSED] - m = m.trim(): null

11-12-2024T08:00:47 - [TEST_STEP][PASSED] - dashboardName = "Выполнение бизнес-плана": null

11-12-2024T08:00:47 - [TEST_STEP][PASSED] - workbook01 = getWorkbook(excelFilePath): null

11-12-2024T08:00:47 - [TEST_STEP][PASSED] - sheet01 = getExcelSheet(workbook01, sheetName): null

11-12-2024T08:00:47 - [TEST_STEP][PASSED] - setValueToCellByIndex(sheet01, n, 0, dashboardName): null

11-12-2024T08:00:47 - [TEST_STEP][PASSED] - setValueToCellByIndex(sheet01, n, 1, dZO): null

11-12-2024T08:00:47 - [TEST_STEP][PASSED] - setValueToCellByIndex(sheet01, n, 2, typeOfData): null

11-12-2024T08:00:47 - [TEST_STEP][PASSED] - if (typeOfData == "Факт в процентах" || typeOfData == "План в процентах"): null

11-12-2024T08:00:47 - [TEST_STEP][PASSED] - else: null

11-12-2024T08:00:47 - [TEST_STEP][PASSED] - setValueToCellByIndex(sheet01, n, 3, fileInt): null

11-12-2024T08:00:47 - [TEST_STEP][PASSED] - setValueToCellByIndex(sheet01, n, 4, "нет данных"): null

11-12-2024T08:00:47 - [TEST_STEP][PASSED] - setValueToCellByIndex(sheet01, n, 5, m): null

11-12-2024T08:00:47 - [TEST_STEP][PASSED] - setValueToCellByIndex(sheet01, n, 6, y): null

11-12-2024T08:00:47 - [TEST_STEP][PASSED] - setValueToCellByIndex(sheet01, n, 7, todaysDate): null

11-12-2024T08:00:47 - [TEST_STEP][PASSED] - n = n + 1: null

11-12-2024T08:00:47 - [TEST_STEP][PASSED] - saveWorkbook(excelFilePath, workbook01): null

11-12-2024T08:00:47 - [TEST_STEP][PASSED] - typeOfData = "План Отпуск в сеть": null

11-12-2024T08:00:47 - [TEST_STEP][PASSED] - fileInt = replaceAll("\s+", "").toInteger(): null

11-12-2024T08:00:47 - [TEST_STEP][PASSED] - Script1718980020443.WriteToExcelNoData(a, typeOfData, todaysDate, fileInt, fileDouble, dZO): null

11-12-2024T08:00:47 - [TEST_STEP][PASSED] - sheetName = "Sheet1": null

11-12-2024T08:00:47 - [TEST_STEP][PASSED] - data = findTestData("PlanFact"): null

11-12-2024T08:00:47 - [TEST_STEP][PASSED] - n = data.getRowNumbers() + 1: null

11-12-2024T08:00:47 - [TEST_STEP][PASSED] - year = todaysDate.substring(todaysDate.length() - 4, todaysDate.length()): null

11-12-2024T08:00:47 - [TEST_STEP][PASSED] - y = year.toInteger(): null

11-12-2024T08:00:47 - [TEST_STEP][PASSED] - m = getText(findTestObject("Выполнение бизнес-плана/Период")): Text of object 'Object Repository/Выполнение бизнес-плана/Период' is: '1, 2, 3 кв., Октябрь 2024 года'

11-12-2024T08:00:48 - [MESSAGE][PASSED] - Text of object 'Object Repository/Выполнение бизнес-плана/Период' is: '1, 2, 3 кв., Октябрь 2024 года'

11-12-2024T08:00:48 - [TEST_STEP][PASSED] - m = m.substring(0, m.indexOf("2024")): null

11-12-2024T08:00:48 - [TEST_STEP][PASSED] - m = m.trim(): null

11-12-2024T08:00:48 - [TEST_STEP][PASSED] - dashboardName = "Выполнение бизнес-плана": null

11-12-2024T08:00:48 - [TEST_STEP][PASSED] - workbook01 = getWorkbook(excelFilePath): null

11-12-2024T08:00:48 - [TEST_STEP][PASSED] - sheet01 = getExcelSheet(workbook01, sheetName): null

11-12-2024T08:00:48 - [TEST_STEP][PASSED] - setValueToCellByIndex(sheet01, n, 0, dashboardName): null

11-12-2024T08:00:48 - [TEST_STEP][PASSED] - setValueToCellByIndex(sheet01, n, 1, dZO): null

11-12-2024T08:00:48 - [TEST_STEP][PASSED] - setValueToCellByIndex(sheet01, n, 2, typeOfData): null

11-12-2024T08:00:48 - [TEST_STEP][PASSED] - if (typeOfData == "Факт в процентах" || typeOfData == "План в процентах"): null

11-12-2024T08:00:48 - [TEST_STEP][PASSED] - else: null

11-12-2024T08:00:48 - [TEST_STEP][PASSED] - setValueToCellByIndex(sheet01, n, 3, fileInt): null

11-12-2024T08:00:48 - [TEST_STEP][PASSED] - setValueToCellByIndex(sheet01, n, 4, "нет данных"): null

11-12-2024T08:00:48 - [TEST_STEP][PASSED] - setValueToCellByIndex(sheet01, n, 5, m): null

11-12-2024T08:00:48 - [TEST_STEP][PASSED] - setValueToCellByIndex(sheet01, n, 6, y): null

11-12-2024T08:00:48 - [TEST_STEP][PASSED] - setValueToCellByIndex(sheet01, n, 7, todaysDate): null

11-12-2024T08:00:48 - [TEST_STEP][PASSED] - n = n + 1: null

11-12-2024T08:00:48 - [TEST_STEP][PASSED] - saveWorkbook(excelFilePath, workbook01): null

11-12-2024T08:00:48 - [TEST_STEP][PASSED] - typeOfData = "План Потери": null

11-12-2024T08:00:48 - [TEST_STEP][PASSED] - fileInt = replaceAll("\s+", "").toInteger(): null

11-12-2024T08:00:48 - [TEST_STEP][PASSED] - Script1718980020443.WriteToExcelNoData(a, typeOfData, todaysDate, fileInt, fileDouble, dZO): null

11-12-2024T08:00:48 - [TEST_STEP][PASSED] - sheetName = "Sheet1": null

11-12-2024T08:00:48 - [TEST_STEP][PASSED] - data = findTestData("PlanFact"): null

11-12-2024T08:00:48 - [TEST_STEP][PASSED] - n = data.getRowNumbers() + 1: null

11-12-2024T08:00:48 - [TEST_STEP][PASSED] - year = todaysDate.substring(todaysDate.length() - 4, todaysDate.length()): null

11-12-2024T08:00:48 - [TEST_STEP][PASSED] - y = year.toInteger(): null

11-12-2024T08:00:48 - [TEST_STEP][PASSED] - m = getText(findTestObject("Выполнение бизнес-плана/Период")): Text of object 'Object Repository/Выполнение бизнес-плана/Период' is: '1, 2, 3 кв., Октябрь 2024 года'

11-12-2024T08:00:48 - [MESSAGE][PASSED] - Text of object 'Object Repository/Выполнение бизнес-плана/Период' is: '1, 2, 3 кв., Октябрь 2024 года'

11-12-2024T08:00:48 - [TEST_STEP][PASSED] - m = m.substring(0, m.indexOf("2024")): null

11-12-2024T08:00:48 - [TEST_STEP][PASSED] - m = m.trim(): null

11-12-2024T08:00:48 - [TEST_STEP][PASSED] - dashboardName = "Выполнение бизнес-плана": null

11-12-2024T08:00:48 - [TEST_STEP][PASSED] - workbook01 = getWorkbook(excelFilePath): null

11-12-2024T08:00:49 - [TEST_STEP][PASSED] - sheet01 = getExcelSheet(workbook01, sheetName): null

11-12-2024T08:00:49 - [TEST_STEP][PASSED] - setValueToCellByIndex(sheet01, n, 0, dashboardName): null

11-12-2024T08:00:49 - [TEST_STEP][PASSED] - setValueToCellByIndex(sheet01, n, 1, dZO): null

11-12-2024T08:00:49 - [TEST_STEP][PASSED] - setValueToCellByIndex(sheet01, n, 2, typeOfData): null

11-12-2024T08:00:49 - [TEST_STEP][PASSED] - if (typeOfData == "Факт в процентах" || typeOfData == "План в процентах"): null

11-12-2024T08:00:49 - [TEST_STEP][PASSED] - else: null

11-12-2024T08:00:49 - [TEST_STEP][PASSED] - setValueToCellByIndex(sheet01, n, 3, fileInt): null

11-12-2024T08:00:49 - [TEST_STEP][PASSED] - setValueToCellByIndex(sheet01, n, 4, "нет данных"): null

11-12-2024T08:00:49 - [TEST_STEP][PASSED] - setValueToCellByIndex(sheet01, n, 5, m): null

11-12-2024T08:00:49 - [TEST_STEP][PASSED] - setValueToCellByIndex(sheet01, n, 6, y): null

11-12-2024T08:00:49 - [TEST_STEP][PASSED] - setValueToCellByIndex(sheet01, n, 7, todaysDate): null

11-12-2024T08:00:49 - [TEST_STEP][PASSED] - n = n + 1: null

11-12-2024T08:00:49 - [TEST_STEP][PASSED] - saveWorkbook(excelFilePath, workbook01): null

11-12-2024T08:00:49 - [TEST_STEP][PASSED] - typeOfData = "План в процентах": null

11-12-2024T08:00:49 - [TEST_STEP][PASSED] - fileDouble = ").toDouble(): null

11-12-2024T08:00:49 - [TEST_STEP][PASSED] - Script1718980020443.WriteToExcelNoData(a, typeOfData, todaysDate, fileInt, fileDouble, dZO): null

11-12-2024T08:00:49 - [TEST_STEP][PASSED] - sheetName = "Sheet1": null

11-12-2024T08:00:49 - [TEST_STEP][PASSED] - data = findTestData("PlanFact"): null

11-12-2024T08:00:49 - [TEST_STEP][PASSED] - n = data.getRowNumbers() + 1: null

11-12-2024T08:00:49 - [TEST_STEP][PASSED] - year = todaysDate.substring(todaysDate.length() - 4, todaysDate.length()): null

11-12-2024T08:00:49 - [TEST_STEP][PASSED] - y = year.toInteger(): null

11-12-2024T08:00:49 - [TEST_STEP][PASSED] - m = getText(findTestObject("Выполнение бизнес-плана/Период")): Text of object 'Object Repository/Выполнение бизнес-плана/Период' is: '1, 2, 3 кв., Октябрь 2024 года'

11-12-2024T08:00:49 - [MESSAGE][PASSED] - Text of object 'Object Repository/Выполнение бизнес-плана/Период' is: '1, 2, 3 кв., Октябрь 2024 года'

11-12-2024T08:00:49 - [TEST_STEP][PASSED] - m = m.substring(0, m.indexOf("2024")): null

11-12-2024T08:00:49 - [TEST_STEP][PASSED] - m = m.trim(): null

11-12-2024T08:00:49 - [TEST_STEP][PASSED] - dashboardName = "Выполнение бизнес-плана": null

11-12-2024T08:00:49 - [TEST_STEP][PASSED] - workbook01 = getWorkbook(excelFilePath): null

11-12-2024T08:00:49 - [TEST_STEP][PASSED] - sheet01 = getExcelSheet(workbook01, sheetName): null

11-12-2024T08:00:49 - [TEST_STEP][PASSED] - setValueToCellByIndex(sheet01, n, 0, dashboardName): null

11-12-2024T08:00:49 - [TEST_STEP][PASSED] - setValueToCellByIndex(sheet01, n, 1, dZO): null

11-12-2024T08:00:49 - [TEST_STEP][PASSED] - setValueToCellByIndex(sheet01, n, 2, typeOfData): null

11-12-2024T08:00:49 - [TEST_STEP][PASSED] - if (typeOfData == "Факт в процентах" || typeOfData == "План в процентах"): null

11-12-2024T08:00:49 - [TEST_STEP][PASSED] - setValueToCellByIndex(sheet01, n, 3, fileDouble): null

11-12-2024T08:00:49 - [TEST_STEP][PASSED] - setValueToCellByIndex(sheet01, n, 4, "нет данных"): null

11-12-2024T08:00:49 - [TEST_STEP][PASSED] - setValueToCellByIndex(sheet01, n, 5, m): null

11-12-2024T08:00:49 - [TEST_STEP][PASSED] - setValueToCellByIndex(sheet01, n, 6, y): null

11-12-2024T08:00:49 - [TEST_STEP][PASSED] - setValueToCellByIndex(sheet01, n, 7, todaysDate): null

11-12-2024T08:00:49 - [TEST_STEP][PASSED] - n = n + 1: null

11-12-2024T08:00:49 - [TEST_STEP][PASSED] - saveWorkbook(excelFilePath, workbook01): null

11-12-2024T08:00:50 - [TEST_STEP][PASSED] - typeOfData = "Факт в процентах": null

11-12-2024T08:00:50 - [TEST_STEP][PASSED] - fileDouble = ").toDouble(): null

11-12-2024T08:00:50 - [TEST_STEP][PASSED] - Script1718980020443.WriteToExcelNoData(a, typeOfData, todaysDate, fileInt, fileDouble, dZO): null

11-12-2024T08:00:50 - [TEST_STEP][PASSED] - sheetName = "Sheet1": null

11-12-2024T08:00:50 - [TEST_STEP][PASSED] - data = findTestData("PlanFact"): null

11-12-2024T08:00:50 - [TEST_STEP][PASSED] - n = data.getRowNumbers() + 1: null

11-12-2024T08:00:50 - [TEST_STEP][PASSED] - year = todaysDate.substring(todaysDate.length() - 4, todaysDate.length()): null

11-12-2024T08:00:50 - [TEST_STEP][PASSED] - y = year.toInteger(): null

11-12-2024T08:00:50 - [TEST_STEP][PASSED] - m = getText(findTestObject("Выполнение бизнес-плана/Период")): Text of object 'Object Repository/Выполнение бизнес-плана/Период' is: '1, 2, 3 кв., Октябрь 2024 года'

11-12-2024T08:00:50 - [MESSAGE][PASSED] - Text of object 'Object Repository/Выполнение бизнес-плана/Период' is: '1, 2, 3 кв., Октябрь 2024 года'

11-12-2024T08:00:50 - [TEST_STEP][PASSED] - m = m.substring(0, m.indexOf("2024")): null

11-12-2024T08:00:50 - [TEST_STEP][PASSED] - m = m.trim(): null

11-12-2024T08:00:50 - [TEST_STEP][PASSED] - dashboardName = "Выполнение бизнес-плана": null

11-12-2024T08:00:50 - [TEST_STEP][PASSED] - workbook01 = getWorkbook(excelFilePath): null

11-12-2024T08:00:50 - [TEST_STEP][PASSED] - sheet01 = getExcelSheet(workbook01, sheetName): null

11-12-2024T08:00:50 - [TEST_STEP][PASSED] - setValueToCellByIndex(sheet01, n, 0, dashboardName): null

11-12-2024T08:00:50 - [TEST_STEP][PASSED] - setValueToCellByIndex(sheet01, n, 1, dZO): null

11-12-2024T08:00:50 - [TEST_STEP][PASSED] - setValueToCellByIndex(sheet01, n, 2, typeOfData): null

11-12-2024T08:00:50 - [TEST_STEP][PASSED] - if (typeOfData == "Факт в процентах" || typeOfData == "План в процентах"): null

11-12-2024T08:00:50 - [TEST_STEP][PASSED] - setValueToCellByIndex(sheet01, n, 3, fileDouble): null

11-12-2024T08:00:50 - [TEST_STEP][PASSED] - setValueToCellByIndex(sheet01, n, 4, "нет данных"): null

11-12-2024T08:00:50 - [TEST_STEP][PASSED] - setValueToCellByIndex(sheet01, n, 5, m): null

11-12-2024T08:00:50 - [TEST_STEP][PASSED] - setValueToCellByIndex(sheet01, n, 6, y): null

11-12-2024T08:00:50 - [TEST_STEP][PASSED] - setValueToCellByIndex(sheet01, n, 7, todaysDate): null

11-12-2024T08:00:50 - [TEST_STEP][PASSED] - n = n + 1: null

11-12-2024T08:00:50 - [TEST_STEP][PASSED] - saveWorkbook(excelFilePath, workbook01): null

11-12-2024T08:00:50 - [TEST_STEP][PASSED] - println(dzoNum): null

11-12-2024T08:00:50 - [TEST_STEP][PASSED] - dZO = "Россети Кубань": null

11-12-2024T08:00:50 - [TEST_STEP][PASSED] - a = 73: null

11-12-2024T08:00:50 - [TEST_STEP][PASSED] - if (x1.contains(dZO)): null

11-12-2024T08:00:50 - [TEST_STEP][PASSED] - else: null

11-12-2024T08:00:50 - [TEST_STEP][PASSED] - Script1718980020443.NoData(a, typeOfData, todaysDate, fileInt, fileDouble, dZO): null

11-12-2024T08:00:50 - [TEST_STEP][PASSED] - println(a): null

11-12-2024T08:00:50 - [TEST_STEP][PASSED] - println(todaysDate): null

11-12-2024T08:00:50 - [TEST_STEP][PASSED] - println(fileInt): null

11-12-2024T08:00:50 - [TEST_STEP][PASSED] - println(fileDouble): null

11-12-2024T08:00:50 - [TEST_STEP][PASSED] - println(dZO): null

11-12-2024T08:00:50 - [TEST_STEP][PASSED] - typeOfData = "Факт Отпуск в сеть": null

11-12-2024T08:00:50 - [TEST_STEP][PASSED] - fileInt = replaceAll("\s+", "").toInteger(): null

11-12-2024T08:00:50 - [TEST_STEP][PASSED] - Script1718980020443.WriteToExcelNoData(a, typeOfData, todaysDate, fileInt, fileDouble, dZO): null

11-12-2024T08:00:50 - [TEST_STEP][PASSED] - sheetName = "Sheet1": null

11-12-2024T08:00:50 - [TEST_STEP][PASSED] - data = findTestData("PlanFact"): null

11-12-2024T08:00:50 - [TEST_STEP][PASSED] - n = data.getRowNumbers() + 1: null

11-12-2024T08:00:50 - [TEST_STEP][PASSED] - year = todaysDate.substring(todaysDate.length() - 4, todaysDate.length()): null

11-12-2024T08:00:50 - [TEST_STEP][PASSED] - y = year.toInteger(): null

11-12-2024T08:00:50 - [TEST_STEP][PASSED] - m = getText(findTestObject("Выполнение бизнес-плана/Период")): Text of object 'Object Repository/Выполнение бизнес-плана/Период' is: '1, 2, 3 кв., Октябрь 2024 года'

11-12-2024T08:00:51 - [MESSAGE][PASSED] - Text of object 'Object Repository/Выполнение бизнес-плана/Период' is: '1, 2, 3 кв., Октябрь 2024 года'

11-12-2024T08:00:51 - [TEST_STEP][PASSED] - m = m.substring(0, m.indexOf("2024")): null

11-12-2024T08:00:51 - [TEST_STEP][PASSED] - m = m.trim(): null

11-12-2024T08:00:51 - [TEST_STEP][PASSED] - dashboardName = "Выполнение бизнес-плана": null

11-12-2024T08:00:51 - [TEST_STEP][PASSED] - workbook01 = getWorkbook(excelFilePath): null

11-12-2024T08:00:51 - [TEST_STEP][PASSED] - sheet01 = getExcelSheet(workbook01, sheetName): null

11-12-2024T08:00:51 - [TEST_STEP][PASSED] - setValueToCellByIndex(sheet01, n, 0, dashboardName): null

11-12-2024T08:00:51 - [TEST_STEP][PASSED] - setValueToCellByIndex(sheet01, n, 1, dZO): null

11-12-2024T08:00:51 - [TEST_STEP][PASSED] - setValueToCellByIndex(sheet01, n, 2, typeOfData): null

11-12-2024T08:00:51 - [TEST_STEP][PASSED] - if (typeOfData == "Факт в процентах" || typeOfData == "План в процентах"): null

11-12-2024T08:00:51 - [TEST_STEP][PASSED] - else: null

11-12-2024T08:00:51 - [TEST_STEP][PASSED] - setValueToCellByIndex(sheet01, n, 3, fileInt): null

11-12-2024T08:00:51 - [TEST_STEP][PASSED] - setValueToCellByIndex(sheet01, n, 4, "нет данных"): null

11-12-2024T08:00:51 - [TEST_STEP][PASSED] - setValueToCellByIndex(sheet01, n, 5, m): null

11-12-2024T08:00:51 - [TEST_STEP][PASSED] - setValueToCellByIndex(sheet01, n, 6, y): null

11-12-2024T08:00:51 - [TEST_STEP][PASSED] - setValueToCellByIndex(sheet01, n, 7, todaysDate): null

11-12-2024T08:00:51 - [TEST_STEP][PASSED] - n = n + 1: null

11-12-2024T08:00:51 - [TEST_STEP][PASSED] - saveWorkbook(excelFilePath, workbook01): null

11-12-2024T08:00:51 - [TEST_STEP][PASSED] - typeOfData = "Факт Потери": null

11-12-2024T08:00:51 - [TEST_STEP][PASSED] - fileInt = replaceAll("\s+", "").toInteger(): null

11-12-2024T08:00:51 - [TEST_STEP][PASSED] - Script1718980020443.WriteToExcelNoData(a, typeOfData, todaysDate, fileInt, fileDouble, dZO): null

11-12-2024T08:00:51 - [TEST_STEP][PASSED] - sheetName = "Sheet1": null

11-12-2024T08:00:51 - [TEST_STEP][PASSED] - data = findTestData("PlanFact"): null

11-12-2024T08:00:51 - [TEST_STEP][PASSED] - n = data.getRowNumbers() + 1: null

11-12-2024T08:00:51 - [TEST_STEP][PASSED] - year = todaysDate.substring(todaysDate.length() - 4, todaysDate.length()): null

11-12-2024T08:00:51 - [TEST_STEP][PASSED] - y = year.toInteger(): null

11-12-2024T08:00:51 - [TEST_STEP][PASSED] - m = getText(findTestObject("Выполнение бизнес-плана/Период")): Text of object 'Object Repository/Выполнение бизнес-плана/Период' is: '1, 2, 3 кв., Октябрь 2024 года'

11-12-2024T08:00:51 - [MESSAGE][PASSED] - Text of object 'Object Repository/Выполнение бизнес-плана/Период' is: '1, 2, 3 кв., Октябрь 2024 года'

11-12-2024T08:00:51 - [TEST_STEP][PASSED] - m = m.substring(0, m.indexOf("2024")): null

11-12-2024T08:00:51 - [TEST_STEP][PASSED] - m = m.trim(): null

11-12-2024T08:00:51 - [TEST_STEP][PASSED] - dashboardName = "Выполнение бизнес-плана": null

11-12-2024T08:00:51 - [TEST_STEP][PASSED] - workbook01 = getWorkbook(excelFilePath): null

11-12-2024T08:00:51 - [TEST_STEP][PASSED] - sheet01 = getExcelSheet(workbook01, sheetName): null

11-12-2024T08:00:51 - [TEST_STEP][PASSED] - setValueToCellByIndex(sheet01, n, 0, dashboardName): null

11-12-2024T08:00:51 - [TEST_STEP][PASSED] - setValueToCellByIndex(sheet01, n, 1, dZO): null

11-12-2024T08:00:51 - [TEST_STEP][PASSED] - setValueToCellByIndex(sheet01, n, 2, typeOfData): null

11-12-2024T08:00:51 - [TEST_STEP][PASSED] - if (typeOfData == "Факт в процентах" || typeOfData == "План в процентах"): null

11-12-2024T08:00:51 - [TEST_STEP][PASSED] - else: null

11-12-2024T08:00:51 - [TEST_STEP][PASSED] - setValueToCellByIndex(sheet01, n, 3, fileInt): null

11-12-2024T08:00:51 - [TEST_STEP][PASSED] - setValueToCellByIndex(sheet01, n, 4, "нет данных"): null

11-12-2024T08:00:51 - [TEST_STEP][PASSED] - setValueToCellByIndex(sheet01, n, 5, m): null

11-12-2024T08:00:51 - [TEST_STEP][PASSED] - setValueToCellByIndex(sheet01, n, 6, y): null

11-12-2024T08:00:51 - [TEST_STEP][PASSED] - setValueToCellByIndex(sheet01, n, 7, todaysDate): null

11-12-2024T08:00:51 - [TEST_STEP][PASSED] - n = n + 1: null

11-12-2024T08:00:51 - [TEST_STEP][PASSED] - saveWorkbook(excelFilePath, workbook01): null

11-12-2024T08:00:52 - [TEST_STEP][PASSED] - typeOfData = "План Отпуск в сеть": null

11-12-2024T08:00:52 - [TEST_STEP][PASSED] - fileInt = replaceAll("\s+", "").toInteger(): null

11-12-2024T08:00:52 - [TEST_STEP][PASSED] - Script1718980020443.WriteToExcelNoData(a, typeOfData, todaysDate, fileInt, fileDouble, dZO): null

11-12-2024T08:00:52 - [TEST_STEP][PASSED] - sheetName = "Sheet1": null

11-12-2024T08:00:52 - [TEST_STEP][PASSED] - data = findTestData("PlanFact"): null

11-12-2024T08:00:52 - [TEST_STEP][PASSED] - n = data.getRowNumbers() + 1: null

11-12-2024T08:00:52 - [TEST_STEP][PASSED] - year = todaysDate.substring(todaysDate.length() - 4, todaysDate.length()): null

11-12-2024T08:00:52 - [TEST_STEP][PASSED] - y = year.toInteger(): null

11-12-2024T08:00:52 - [TEST_STEP][PASSED] - m = getText(findTestObject("Выполнение бизнес-плана/Период")): Text of object 'Object Repository/Выполнение бизнес-плана/Период' is: '1, 2, 3 кв., Октябрь 2024 года'

11-12-2024T08:00:52 - [MESSAGE][PASSED] - Text of object 'Object Repository/Выполнение бизнес-плана/Период' is: '1, 2, 3 кв., Октябрь 2024 года'

11-12-2024T08:00:52 - [TEST_STEP][PASSED] - m = m.substring(0, m.indexOf("2024")): null

11-12-2024T08:00:52 - [TEST_STEP][PASSED] - m = m.trim(): null

11-12-2024T08:00:52 - [TEST_STEP][PASSED] - dashboardName = "Выполнение бизнес-плана": null

11-12-2024T08:00:52 - [TEST_STEP][PASSED] - workbook01 = getWorkbook(excelFilePath): null

11-12-2024T08:00:52 - [TEST_STEP][PASSED] - sheet01 = getExcelSheet(workbook01, sheetName): null

11-12-2024T08:00:52 - [TEST_STEP][PASSED] - setValueToCellByIndex(sheet01, n, 0, dashboardName): null

11-12-2024T08:00:52 - [TEST_STEP][PASSED] - setValueToCellByIndex(sheet01, n, 1, dZO): null

11-12-2024T08:00:52 - [TEST_STEP][PASSED] - setValueToCellByIndex(sheet01, n, 2, typeOfData): null

11-12-2024T08:00:52 - [TEST_STEP][PASSED] - if (typeOfData == "Факт в процентах" || typeOfData == "План в процентах"): null

11-12-2024T08:00:52 - [TEST_STEP][PASSED] - else: null

11-12-2024T08:00:52 - [TEST_STEP][PASSED] - setValueToCellByIndex(sheet01, n, 3, fileInt): null

11-12-2024T08:00:52 - [TEST_STEP][PASSED] - setValueToCellByIndex(sheet01, n, 4, "нет данных"): null

11-12-2024T08:00:52 - [TEST_STEP][PASSED] - setValueToCellByIndex(sheet01, n, 5, m): null

11-12-2024T08:00:52 - [TEST_STEP][PASSED] - setValueToCellByIndex(sheet01, n, 6, y): null

11-12-2024T08:00:52 - [TEST_STEP][PASSED] - setValueToCellByIndex(sheet01, n, 7, todaysDate): null

11-12-2024T08:00:52 - [TEST_STEP][PASSED] - n = n + 1: null

11-12-2024T08:00:52 - [TEST_STEP][PASSED] - saveWorkbook(excelFilePath, workbook01): null

11-12-2024T08:00:52 - [TEST_STEP][PASSED] - typeOfData = "План Потери": null

11-12-2024T08:00:52 - [TEST_STEP][PASSED] - fileInt = replaceAll("\s+", "").toInteger(): null

11-12-2024T08:00:52 - [TEST_STEP][PASSED] - Script1718980020443.WriteToExcelNoData(a, typeOfData, todaysDate, fileInt, fileDouble, dZO): null

11-12-2024T08:00:52 - [TEST_STEP][PASSED] - sheetName = "Sheet1": null

11-12-2024T08:00:52 - [TEST_STEP][PASSED] - data = findTestData("PlanFact"): null

11-12-2024T08:00:53 - [TEST_STEP][PASSED] - n = data.getRowNumbers() + 1: null

11-12-2024T08:00:53 - [TEST_STEP][PASSED] - year = todaysDate.substring(todaysDate.length() - 4, todaysDate.length()): null

11-12-2024T08:00:53 - [TEST_STEP][PASSED] - y = year.toInteger(): null

11-12-2024T08:00:53 - [TEST_STEP][PASSED] - m = getText(findTestObject("Выполнение бизнес-плана/Период")): Text of object 'Object Repository/Выполнение бизнес-плана/Период' is: '1, 2, 3 кв., Октябрь 2024 года'

11-12-2024T08:00:53 - [MESSAGE][PASSED] - Text of object 'Object Repository/Выполнение бизнес-плана/Период' is: '1, 2, 3 кв., Октябрь 2024 года'

11-12-2024T08:00:53 - [TEST_STEP][PASSED] - m = m.substring(0, m.indexOf("2024")): null

11-12-2024T08:00:53 - [TEST_STEP][PASSED] - m = m.trim(): null

11-12-2024T08:00:53 - [TEST_STEP][PASSED] - dashboardName = "Выполнение бизнес-плана": null

11-12-2024T08:00:53 - [TEST_STEP][PASSED] - workbook01 = getWorkbook(excelFilePath): null

11-12-2024T08:00:53 - [TEST_STEP][PASSED] - sheet01 = getExcelSheet(workbook01, sheetName): null

11-12-2024T08:00:53 - [TEST_STEP][PASSED] - setValueToCellByIndex(sheet01, n, 0, dashboardName): null

11-12-2024T08:00:53 - [TEST_STEP][PASSED] - setValueToCellByIndex(sheet01, n, 1, dZO): null

11-12-2024T08:00:53 - [TEST_STEP][PASSED] - setValueToCellByIndex(sheet01, n, 2, typeOfData): null

11-12-2024T08:00:53 - [TEST_STEP][PASSED] - if (typeOfData == "Факт в процентах" || typeOfData == "План в процентах"): null

11-12-2024T08:00:53 - [TEST_STEP][PASSED] - else: null

11-12-2024T08:00:53 - [TEST_STEP][PASSED] - setValueToCellByIndex(sheet01, n, 3, fileInt): null

11-12-2024T08:00:53 - [TEST_STEP][PASSED] - setValueToCellByIndex(sheet01, n, 4, "нет данных"): null

11-12-2024T08:00:53 - [TEST_STEP][PASSED] - setValueToCellByIndex(sheet01, n, 5, m): null

11-12-2024T08:00:53 - [TEST_STEP][PASSED] - setValueToCellByIndex(sheet01, n, 6, y): null

11-12-2024T08:00:53 - [TEST_STEP][PASSED] - setValueToCellByIndex(sheet01, n, 7, todaysDate): null

11-12-2024T08:00:53 - [TEST_STEP][PASSED] - n = n + 1: null

11-12-2024T08:00:53 - [TEST_STEP][PASSED] - saveWorkbook(excelFilePath, workbook01): null

11-12-2024T08:00:53 - [TEST_STEP][PASSED] - typeOfData = "План в процентах": null

11-12-2024T08:00:53 - [TEST_STEP][PASSED] - fileDouble = ").toDouble(): null

11-12-2024T08:00:53 - [TEST_STEP][PASSED] - Script1718980020443.WriteToExcelNoData(a, typeOfData, todaysDate, fileInt, fileDouble, dZO): null

11-12-2024T08:00:53 - [TEST_STEP][PASSED] - sheetName = "Sheet1": null

11-12-2024T08:00:53 - [TEST_STEP][PASSED] - data = findTestData("PlanFact"): null

11-12-2024T08:00:53 - [TEST_STEP][PASSED] - n = data.getRowNumbers() + 1: null

11-12-2024T08:00:53 - [TEST_STEP][PASSED] - year = todaysDate.substring(todaysDate.length() - 4, todaysDate.length()): null

11-12-2024T08:00:53 - [TEST_STEP][PASSED] - y = year.toInteger(): null

11-12-2024T08:00:53 - [TEST_STEP][PASSED] - m = getText(findTestObject("Выполнение бизнес-плана/Период")): Text of object 'Object Repository/Выполнение бизнес-плана/Период' is: '1, 2, 3 кв., Октябрь 2024 года'

11-12-2024T08:00:54 - [MESSAGE][PASSED] - Text of object 'Object Repository/Выполнение бизнес-плана/Период' is: '1, 2, 3 кв., Октябрь 2024 года'

11-12-2024T08:00:54 - [TEST_STEP][PASSED] - m = m.substring(0, m.indexOf("2024")): null

11-12-2024T08:00:54 - [TEST_STEP][PASSED] - m = m.trim(): null

11-12-2024T08:00:54 - [TEST_STEP][PASSED] - dashboardName = "Выполнение бизнес-плана": null

11-12-2024T08:00:54 - [TEST_STEP][PASSED] - workbook01 = getWorkbook(excelFilePath): null

11-12-2024T08:00:54 - [TEST_STEP][PASSED] - sheet01 = getExcelSheet(workbook01, sheetName): null

11-12-2024T08:00:54 - [TEST_STEP][PASSED] - setValueToCellByIndex(sheet01, n, 0, dashboardName): null

11-12-2024T08:00:54 - [TEST_STEP][PASSED] - setValueToCellByIndex(sheet01, n, 1, dZO): null

11-12-2024T08:00:54 - [TEST_STEP][PASSED] - setValueToCellByIndex(sheet01, n, 2, typeOfData): null

11-12-2024T08:00:54 - [TEST_STEP][PASSED] - if (typeOfData == "Факт в процентах" || typeOfData == "План в процентах"): null

11-12-2024T08:00:54 - [TEST_STEP][PASSED] - setValueToCellByIndex(sheet01, n, 3, fileDouble): null

11-12-2024T08:00:54 - [TEST_STEP][PASSED] - setValueToCellByIndex(sheet01, n, 4, "нет данных"): null

11-12-2024T08:00:54 - [TEST_STEP][PASSED] - setValueToCellByIndex(sheet01, n, 5, m): null

11-12-2024T08:00:54 - [TEST_STEP][PASSED] - setValueToCellByIndex(sheet01, n, 6, y): null

11-12-2024T08:00:54 - [TEST_STEP][PASSED] - setValueToCellByIndex(sheet01, n, 7, todaysDate): null

11-12-2024T08:00:54 - [TEST_STEP][PASSED] - n = n + 1: null

11-12-2024T08:00:54 - [TEST_STEP][PASSED] - saveWorkbook(excelFilePath, workbook01): null

11-12-2024T08:00:54 - [TEST_STEP][PASSED] - typeOfData = "Факт в процентах": null

11-12-2024T08:00:54 - [TEST_STEP][PASSED] - fileDouble = ").toDouble(): null

11-12-2024T08:00:54 - [TEST_STEP][PASSED] - Script1718980020443.WriteToExcelNoData(a, typeOfData, todaysDate, fileInt, fileDouble, dZO): null

11-12-2024T08:00:54 - [TEST_STEP][PASSED] - sheetName = "Sheet1": null

11-12-2024T08:00:54 - [TEST_STEP][PASSED] - data = findTestData("PlanFact"): null

11-12-2024T08:00:54 - [TEST_STEP][PASSED] - n = data.getRowNumbers() + 1: null

11-12-2024T08:00:54 - [TEST_STEP][PASSED] - year = todaysDate.substring(todaysDate.length() - 4, todaysDate.length()): null

11-12-2024T08:00:54 - [TEST_STEP][PASSED] - y = year.toInteger(): null

11-12-2024T08:00:54 - [TEST_STEP][PASSED] - m = getText(findTestObject("Выполнение бизнес-плана/Период")): Text of object 'Object Repository/Выполнение бизнес-плана/Период' is: '1, 2, 3 кв., Октябрь 2024 года'

11-12-2024T08:00:54 - [MESSAGE][PASSED] - Text of object 'Object Repository/Выполнение бизнес-плана/Период' is: '1, 2, 3 кв., Октябрь 2024 года'

11-12-2024T08:00:54 - [TEST_STEP][PASSED] - m = m.substring(0, m.indexOf("2024")): null

11-12-2024T08:00:54 - [TEST_STEP][PASSED] - m = m.trim(): null

11-12-2024T08:00:54 - [TEST_STEP][PASSED] - dashboardName = "Выполнение бизнес-плана": null

11-12-2024T08:00:54 - [TEST_STEP][PASSED] - workbook01 = getWorkbook(excelFilePath): null

11-12-2024T08:00:54 - [TEST_STEP][PASSED] - sheet01 = getExcelSheet(workbook01, sheetName): null

11-12-2024T08:00:54 - [TEST_STEP][PASSED] - setValueToCellByIndex(sheet01, n, 0, dashboardName): null

11-12-2024T08:00:54 - [TEST_STEP][PASSED] - setValueToCellByIndex(sheet01, n, 1, dZO): null

11-12-2024T08:00:54 - [TEST_STEP][PASSED] - setValueToCellByIndex(sheet01, n, 2, typeOfData): null

11-12-2024T08:00:54 - [TEST_STEP][PASSED] - if (typeOfData == "Факт в процентах" || typeOfData == "План в процентах"): null

11-12-2024T08:00:54 - [TEST_STEP][PASSED] - setValueToCellByIndex(sheet01, n, 3, fileDouble): null

11-12-2024T08:00:54 - [TEST_STEP][PASSED] - setValueToCellByIndex(sheet01, n, 4, "нет данных"): null

11-12-2024T08:00:54 - [TEST_STEP][PASSED] - setValueToCellByIndex(sheet01, n, 5, m): null

11-12-2024T08:00:54 - [TEST_STEP][PASSED] - setValueToCellByIndex(sheet01, n, 6, y): null

11-12-2024T08:00:54 - [TEST_STEP][PASSED] - setValueToCellByIndex(sheet01, n, 7, todaysDate): null

11-12-2024T08:00:54 - [TEST_STEP][PASSED] - n = n + 1: null

11-12-2024T08:00:54 - [TEST_STEP][PASSED] - saveWorkbook(excelFilePath, workbook01): null

11-12-2024T08:00:55 - [TEST_STEP][PASSED] - println(dzoNum): null

11-12-2024T08:00:55 - [TEST_STEP][PASSED] - dZO = "Россети Ленэнерго": null

11-12-2024T08:00:55 - [TEST_STEP][PASSED] - a = 77: null

11-12-2024T08:00:55 - [TEST_STEP][PASSED] - if (x1.contains(dZO)): null

11-12-2024T08:00:55 - [TEST_STEP][PASSED] - else: null

11-12-2024T08:00:55 - [TEST_STEP][PASSED] - Script1718980020443.NoData(a, typeOfData, todaysDate, fileInt, fileDouble, dZO): null

11-12-2024T08:00:55 - [TEST_STEP][PASSED] - println(a): null

11-12-2024T08:00:55 - [TEST_STEP][PASSED] - println(todaysDate): null

11-12-2024T08:00:55 - [TEST_STEP][PASSED] - println(fileInt): null

11-12-2024T08:00:55 - [TEST_STEP][PASSED] - println(fileDouble): null

11-12-2024T08:00:55 - [TEST_STEP][PASSED] - println(dZO): null

11-12-2024T08:00:55 - [TEST_STEP][PASSED] - typeOfData = "Факт Отпуск в сеть": null

11-12-2024T08:00:55 - [TEST_STEP][PASSED] - fileInt = replaceAll("\s+", "").toInteger(): null

11-12-2024T08:00:55 - [TEST_STEP][PASSED] - Script1718980020443.WriteToExcelNoData(a, typeOfData, todaysDate, fileInt, fileDouble, dZO): null

11-12-2024T08:00:55 - [TEST_STEP][PASSED] - sheetName = "Sheet1": null

11-12-2024T08:00:55 - [TEST_STEP][PASSED] - data = findTestData("PlanFact"): null

11-12-2024T08:00:55 - [TEST_STEP][PASSED] - n = data.getRowNumbers() + 1: null

11-12-2024T08:00:55 - [TEST_STEP][PASSED] - year = todaysDate.substring(todaysDate.length() - 4, todaysDate.length()): null

11-12-2024T08:00:55 - [TEST_STEP][PASSED] - y = year.toInteger(): null

11-12-2024T08:00:55 - [TEST_STEP][PASSED] - m = getText(findTestObject("Выполнение бизнес-плана/Период")): Text of object 'Object Repository/Выполнение бизнес-плана/Период' is: '1, 2, 3 кв., Октябрь 2024 года'

11-12-2024T08:00:55 - [MESSAGE][PASSED] - Text of object 'Object Repository/Выполнение бизнес-плана/Период' is: '1, 2, 3 кв., Октябрь 2024 года'

11-12-2024T08:00:55 - [TEST_STEP][PASSED] - m = m.substring(0, m.indexOf("2024")): null

11-12-2024T08:00:55 - [TEST_STEP][PASSED] - m = m.trim(): null

11-12-2024T08:00:55 - [TEST_STEP][PASSED] - dashboardName = "Выполнение бизнес-плана": null

11-12-2024T08:00:55 - [TEST_STEP][PASSED] - workbook01 = getWorkbook(excelFilePath): null

11-12-2024T08:00:55 - [TEST_STEP][PASSED] - sheet01 = getExcelSheet(workbook01, sheetName): null

11-12-2024T08:00:55 - [TEST_STEP][PASSED] - setValueToCellByIndex(sheet01, n, 0, dashboardName): null

11-12-2024T08:00:55 - [TEST_STEP][PASSED] - setValueToCellByIndex(sheet01, n, 1, dZO): null

11-12-2024T08:00:55 - [TEST_STEP][PASSED] - setValueToCellByIndex(sheet01, n, 2, typeOfData): null

11-12-2024T08:00:55 - [TEST_STEP][PASSED] - if (typeOfData == "Факт в процентах" || typeOfData == "План в процентах"): null

11-12-2024T08:00:55 - [TEST_STEP][PASSED] - else: null

11-12-2024T08:00:55 - [TEST_STEP][PASSED] - setValueToCellByIndex(sheet01, n, 3, fileInt): null

11-12-2024T08:00:55 - [TEST_STEP][PASSED] - setValueToCellByIndex(sheet01, n, 4, "нет данных"): null

11-12-2024T08:00:55 - [TEST_STEP][PASSED] - setValueToCellByIndex(sheet01, n, 5, m): null

11-12-2024T08:00:55 - [TEST_STEP][PASSED] - setValueToCellByIndex(sheet01, n, 6, y): null

11-12-2024T08:00:55 - [TEST_STEP][PASSED] - setValueToCellByIndex(sheet01, n, 7, todaysDate): null

11-12-2024T08:00:55 - [TEST_STEP][PASSED] - n = n + 1: null

11-12-2024T08:00:55 - [TEST_STEP][PASSED] - saveWorkbook(excelFilePath, workbook01): null

11-12-2024T08:00:55 - [TEST_STEP][PASSED] - typeOfData = "Факт Потери": null

11-12-2024T08:00:55 - [TEST_STEP][PASSED] - fileInt = replaceAll("\s+", "").toInteger(): null

11-12-2024T08:00:55 - [TEST_STEP][PASSED] - Script1718980020443.WriteToExcelNoData(a, typeOfData, todaysDate, fileInt, fileDouble, dZO): null

11-12-2024T08:00:55 - [TEST_STEP][PASSED] - sheetName = "Sheet1": null

11-12-2024T08:00:55 - [TEST_STEP][PASSED] - data = findTestData("PlanFact"): null

11-12-2024T08:00:55 - [TEST_STEP][PASSED] - n = data.getRowNumbers() + 1: null

11-12-2024T08:00:55 - [TEST_STEP][PASSED] - year = todaysDate.substring(todaysDate.length() - 4, todaysDate.length()): null

11-12-2024T08:00:55 - [TEST_STEP][PASSED] - y = year.toInteger(): null

11-12-2024T08:00:55 - [TEST_STEP][PASSED] - m = getText(findTestObject("Выполнение бизнес-плана/Период")): Text of object 'Object Repository/Выполнение бизнес-плана/Период' is: '1, 2, 3 кв., Октябрь 2024 года'

11-12-2024T08:00:56 - [MESSAGE][PASSED] - Text of object 'Object Repository/Выполнение бизнес-плана/Период' is: '1, 2, 3 кв., Октябрь 2024 года'

11-12-2024T08:00:56 - [TEST_STEP][PASSED] - m = m.substring(0, m.indexOf("2024")): null

11-12-2024T08:00:56 - [TEST_STEP][PASSED] - m = m.trim(): null

11-12-2024T08:00:56 - [TEST_STEP][PASSED] - dashboardName = "Выполнение бизнес-плана": null

11-12-2024T08:00:56 - [TEST_STEP][PASSED] - workbook01 = getWorkbook(excelFilePath): null

11-12-2024T08:00:56 - [TEST_STEP][PASSED] - sheet01 = getExcelSheet(workbook01, sheetName): null

11-12-2024T08:00:56 - [TEST_STEP][PASSED] - setValueToCellByIndex(sheet01, n, 0, dashboardName): null

11-12-2024T08:00:56 - [TEST_STEP][PASSED] - setValueToCellByIndex(sheet01, n, 1, dZO): null

11-12-2024T08:00:56 - [TEST_STEP][PASSED] - setValueToCellByIndex(sheet01, n, 2, typeOfData): null

11-12-2024T08:00:56 - [TEST_STEP][PASSED] - if (typeOfData == "Факт в процентах" || typeOfData == "План в процентах"): null

11-12-2024T08:00:56 - [TEST_STEP][PASSED] - else: null

11-12-2024T08:00:56 - [TEST_STEP][PASSED] - setValueToCellByIndex(sheet01, n, 3, fileInt): null

11-12-2024T08:00:56 - [TEST_STEP][PASSED] - setValueToCellByIndex(sheet01, n, 4, "нет данных"): null

11-12-2024T08:00:56 - [TEST_STEP][PASSED] - setValueToCellByIndex(sheet01, n, 5, m): null

11-12-2024T08:00:56 - [TEST_STEP][PASSED] - setValueToCellByIndex(sheet01, n, 6, y): null

11-12-2024T08:00:56 - [TEST_STEP][PASSED] - setValueToCellByIndex(sheet01, n, 7, todaysDate): null

11-12-2024T08:00:56 - [TEST_STEP][PASSED] - n = n + 1: null

11-12-2024T08:00:56 - [TEST_STEP][PASSED] - saveWorkbook(excelFilePath, workbook01): null

11-12-2024T08:00:56 - [TEST_STEP][PASSED] - typeOfData = "План Отпуск в сеть": null

11-12-2024T08:00:56 - [TEST_STEP][PASSED] - fileInt = replaceAll("\s+", "").toInteger(): null

11-12-2024T08:00:56 - [TEST_STEP][PASSED] - Script1718980020443.WriteToExcelNoData(a, typeOfData, todaysDate, fileInt, fileDouble, dZO): null

11-12-2024T08:00:56 - [TEST_STEP][PASSED] - sheetName = "Sheet1": null

11-12-2024T08:00:56 - [TEST_STEP][PASSED] - data = findTestData("PlanFact"): null

11-12-2024T08:00:56 - [TEST_STEP][PASSED] - n = data.getRowNumbers() + 1: null

11-12-2024T08:00:56 - [TEST_STEP][PASSED] - year = todaysDate.substring(todaysDate.length() - 4, todaysDate.length()): null

11-12-2024T08:00:56 - [TEST_STEP][PASSED] - y = year.toInteger(): null

11-12-2024T08:00:56 - [TEST_STEP][PASSED] - m = getText(findTestObject("Выполнение бизнес-плана/Период")): Text of object 'Object Repository/Выполнение бизнес-плана/Период' is: '1, 2, 3 кв., Октябрь 2024 года'

11-12-2024T08:00:56 - [MESSAGE][PASSED] - Text of object 'Object Repository/Выполнение бизнес-плана/Период' is: '1, 2, 3 кв., Октябрь 2024 года'

11-12-2024T08:00:56 - [TEST_STEP][PASSED] - m = m.substring(0, m.indexOf("2024")): null

11-12-2024T08:00:56 - [TEST_STEP][PASSED] - m = m.trim(): null

11-12-2024T08:00:56 - [TEST_STEP][PASSED] - dashboardName = "Выполнение бизнес-плана": null

11-12-2024T08:00:56 - [TEST_STEP][PASSED] - workbook01 = getWorkbook(excelFilePath): null

11-12-2024T08:00:56 - [TEST_STEP][PASSED] - sheet01 = getExcelSheet(workbook01, sheetName): null

11-12-2024T08:00:56 - [TEST_STEP][PASSED] - setValueToCellByIndex(sheet01, n, 0, dashboardName): null

11-12-2024T08:00:56 - [TEST_STEP][PASSED] - setValueToCellByIndex(sheet01, n, 1, dZO): null

11-12-2024T08:00:56 - [TEST_STEP][PASSED] - setValueToCellByIndex(sheet01, n, 2, typeOfData): null

11-12-2024T08:00:56 - [TEST_STEP][PASSED] - if (typeOfData == "Факт в процентах" || typeOfData == "План в процентах"): null

11-12-2024T08:00:56 - [TEST_STEP][PASSED] - else: null

11-12-2024T08:00:56 - [TEST_STEP][PASSED] - setValueToCellByIndex(sheet01, n, 3, fileInt): null

11-12-2024T08:00:56 - [TEST_STEP][PASSED] - setValueToCellByIndex(sheet01, n, 4, "нет данных"): null

11-12-2024T08:00:56 - [TEST_STEP][PASSED] - setValueToCellByIndex(sheet01, n, 5, m): null

11-12-2024T08:00:56 - [TEST_STEP][PASSED] - setValueToCellByIndex(sheet01, n, 6, y): null

11-12-2024T08:00:56 - [TEST_STEP][PASSED] - setValueToCellByIndex(sheet01, n, 7, todaysDate): null

11-12-2024T08:00:56 - [TEST_STEP][PASSED] - n = n + 1: null

11-12-2024T08:00:56 - [TEST_STEP][PASSED] - saveWorkbook(excelFilePath, workbook01): null

11-12-2024T08:00:57 - [TEST_STEP][PASSED] - typeOfData = "План Потери": null

11-12-2024T08:00:57 - [TEST_STEP][PASSED] - fileInt = replaceAll("\s+", "").toInteger(): null

11-12-2024T08:00:57 - [TEST_STEP][PASSED] - Script1718980020443.WriteToExcelNoData(a, typeOfData, todaysDate, fileInt, fileDouble, dZO): null

11-12-2024T08:00:57 - [TEST_STEP][PASSED] - sheetName = "Sheet1": null

11-12-2024T08:00:57 - [TEST_STEP][PASSED] - data = findTestData("PlanFact"): null

11-12-2024T08:00:57 - [TEST_STEP][PASSED] - n = data.getRowNumbers() + 1: null

11-12-2024T08:00:57 - [TEST_STEP][PASSED] - year = todaysDate.substring(todaysDate.length() - 4, todaysDate.length()): null

11-12-2024T08:00:57 - [TEST_STEP][PASSED] - y = year.toInteger(): null

11-12-2024T08:00:57 - [TEST_STEP][PASSED] - m = getText(findTestObject("Выполнение бизнес-плана/Период")): Text of object 'Object Repository/Выполнение бизнес-плана/Период' is: '1, 2, 3 кв., Октябрь 2024 года'

11-12-2024T08:00:57 - [MESSAGE][PASSED] - Text of object 'Object Repository/Выполнение бизнес-плана/Период' is: '1, 2, 3 кв., Октябрь 2024 года'

11-12-2024T08:00:57 - [TEST_STEP][PASSED] - m = m.substring(0, m.indexOf("2024")): null

11-12-2024T08:00:57 - [TEST_STEP][PASSED] - m = m.trim(): null

11-12-2024T08:00:57 - [TEST_STEP][PASSED] - dashboardName = "Выполнение бизнес-плана": null

11-12-2024T08:00:57 - [TEST_STEP][PASSED] - workbook01 = getWorkbook(excelFilePath): null

11-12-2024T08:00:57 - [TEST_STEP][PASSED] - sheet01 = getExcelSheet(workbook01, sheetName): null

11-12-2024T08:00:57 - [TEST_STEP][PASSED] - setValueToCellByIndex(sheet01, n, 0, dashboardName): null

11-12-2024T08:00:57 - [TEST_STEP][PASSED] - setValueToCellByIndex(sheet01, n, 1, dZO): null

11-12-2024T08:00:57 - [TEST_STEP][PASSED] - setValueToCellByIndex(sheet01, n, 2, typeOfData): null

11-12-2024T08:00:57 - [TEST_STEP][PASSED] - if (typeOfData == "Факт в процентах" || typeOfData == "План в процентах"): null

11-12-2024T08:00:57 - [TEST_STEP][PASSED] - else: null

11-12-2024T08:00:57 - [TEST_STEP][PASSED] - setValueToCellByIndex(sheet01, n, 3, fileInt): null

11-12-2024T08:00:57 - [TEST_STEP][PASSED] - setValueToCellByIndex(sheet01, n, 4, "нет данных"): null

11-12-2024T08:00:57 - [TEST_STEP][PASSED] - setValueToCellByIndex(sheet01, n, 5, m): null

11-12-2024T08:00:57 - [TEST_STEP][PASSED] - setValueToCellByIndex(sheet01, n, 6, y): null

11-12-2024T08:00:57 - [TEST_STEP][PASSED] - setValueToCellByIndex(sheet01, n, 7, todaysDate): null

11-12-2024T08:00:57 - [TEST_STEP][PASSED] - n = n + 1: null

11-12-2024T08:00:57 - [TEST_STEP][PASSED] - saveWorkbook(excelFilePath, workbook01): null

11-12-2024T08:00:57 - [TEST_STEP][PASSED] - typeOfData = "План в процентах": null

11-12-2024T08:00:57 - [TEST_STEP][PASSED] - fileDouble = ").toDouble(): null

11-12-2024T08:00:57 - [TEST_STEP][PASSED] - Script1718980020443.WriteToExcelNoData(a, typeOfData, todaysDate, fileInt, fileDouble, dZO): null

11-12-2024T08:00:57 - [TEST_STEP][PASSED] - sheetName = "Sheet1": null

11-12-2024T08:00:57 - [TEST_STEP][PASSED] - data = findTestData("PlanFact"): null

11-12-2024T08:00:58 - [TEST_STEP][PASSED] - n = data.getRowNumbers() + 1: null

11-12-2024T08:00:58 - [TEST_STEP][PASSED] - year = todaysDate.substring(todaysDate.length() - 4, todaysDate.length()): null

11-12-2024T08:00:58 - [TEST_STEP][PASSED] - y = year.toInteger(): null

11-12-2024T08:00:58 - [TEST_STEP][PASSED] - m = getText(findTestObject("Выполнение бизнес-плана/Период")): Text of object 'Object Repository/Выполнение бизнес-плана/Период' is: '1, 2, 3 кв., Октябрь 2024 года'

11-12-2024T08:00:58 - [MESSAGE][PASSED] - Text of object 'Object Repository/Выполнение бизнес-плана/Период' is: '1, 2, 3 кв., Октябрь 2024 года'

11-12-2024T08:00:58 - [TEST_STEP][PASSED] - m = m.substring(0, m.indexOf("2024")): null

11-12-2024T08:00:58 - [TEST_STEP][PASSED] - m = m.trim(): null

11-12-2024T08:00:58 - [TEST_STEP][PASSED] - dashboardName = "Выполнение бизнес-плана": null

11-12-2024T08:00:58 - [TEST_STEP][PASSED] - workbook01 = getWorkbook(excelFilePath): null

11-12-2024T08:00:58 - [TEST_STEP][PASSED] - sheet01 = getExcelSheet(workbook01, sheetName): null

11-12-2024T08:00:58 - [TEST_STEP][PASSED] - setValueToCellByIndex(sheet01, n, 0, dashboardName): null

11-12-2024T08:00:58 - [TEST_STEP][PASSED] - setValueToCellByIndex(sheet01, n, 1, dZO): null

11-12-2024T08:00:58 - [TEST_STEP][PASSED] - setValueToCellByIndex(sheet01, n, 2, typeOfData): null

11-12-2024T08:00:58 - [TEST_STEP][PASSED] - if (typeOfData == "Факт в процентах" || typeOfData == "План в процентах"): null

11-12-2024T08:00:58 - [TEST_STEP][PASSED] - setValueToCellByIndex(sheet01, n, 3, fileDouble): null

11-12-2024T08:00:58 - [TEST_STEP][PASSED] - setValueToCellByIndex(sheet01, n, 4, "нет данных"): null

11-12-2024T08:00:58 - [TEST_STEP][PASSED] - setValueToCellByIndex(sheet01, n, 5, m): null

11-12-2024T08:00:58 - [TEST_STEP][PASSED] - setValueToCellByIndex(sheet01, n, 6, y): null

11-12-2024T08:00:58 - [TEST_STEP][PASSED] - setValueToCellByIndex(sheet01, n, 7, todaysDate): null

11-12-2024T08:00:58 - [TEST_STEP][PASSED] - n = n + 1: null

11-12-2024T08:00:58 - [TEST_STEP][PASSED] - saveWorkbook(excelFilePath, workbook01): null

11-12-2024T08:00:58 - [TEST_STEP][PASSED] - typeOfData = "Факт в процентах": null

11-12-2024T08:00:58 - [TEST_STEP][PASSED] - fileDouble = ").toDouble(): null

11-12-2024T08:00:58 - [TEST_STEP][PASSED] - Script1718980020443.WriteToExcelNoData(a, typeOfData, todaysDate, fileInt, fileDouble, dZO): null

11-12-2024T08:00:58 - [TEST_STEP][PASSED] - sheetName = "Sheet1": null

11-12-2024T08:00:58 - [TEST_STEP][PASSED] - data = findTestData("PlanFact"): null

11-12-2024T08:00:58 - [TEST_STEP][PASSED] - n = data.getRowNumbers() + 1: null

11-12-2024T08:00:58 - [TEST_STEP][PASSED] - year = todaysDate.substring(todaysDate.length() - 4, todaysDate.length()): null

11-12-2024T08:00:58 - [TEST_STEP][PASSED] - y = year.toInteger(): null

11-12-2024T08:00:58 - [TEST_STEP][PASSED] - m = getText(findTestObject("Выполнение бизнес-плана/Период")): Text of object 'Object Repository/Выполнение бизнес-плана/Период' is: '1, 2, 3 кв., Октябрь 2024 года'

11-12-2024T08:00:59 - [MESSAGE][PASSED] - Text of object 'Object Repository/Выполнение бизнес-плана/Период' is: '1, 2, 3 кв., Октябрь 2024 года'

11-12-2024T08:00:59 - [TEST_STEP][PASSED] - m = m.substring(0, m.indexOf("2024")): null

11-12-2024T08:00:59 - [TEST_STEP][PASSED] - m = m.trim(): null

11-12-2024T08:00:59 - [TEST_STEP][PASSED] - dashboardName = "Выполнение бизнес-плана": null

11-12-2024T08:00:59 - [TEST_STEP][PASSED] - workbook01 = getWorkbook(excelFilePath): null

11-12-2024T08:00:59 - [TEST_STEP][PASSED] - sheet01 = getExcelSheet(workbook01, sheetName): null

11-12-2024T08:00:59 - [TEST_STEP][PASSED] - setValueToCellByIndex(sheet01, n, 0, dashboardName): null

11-12-2024T08:00:59 - [TEST_STEP][PASSED] - setValueToCellByIndex(sheet01, n, 1, dZO): null

11-12-2024T08:00:59 - [TEST_STEP][PASSED] - setValueToCellByIndex(sheet01, n, 2, typeOfData): null

11-12-2024T08:00:59 - [TEST_STEP][PASSED] - if (typeOfData == "Факт в процентах" || typeOfData == "План в процентах"): null

11-12-2024T08:00:59 - [TEST_STEP][PASSED] - setValueToCellByIndex(sheet01, n, 3, fileDouble): null

11-12-2024T08:00:59 - [TEST_STEP][PASSED] - setValueToCellByIndex(sheet01, n, 4, "нет данных"): null

11-12-2024T08:00:59 - [TEST_STEP][PASSED] - setValueToCellByIndex(sheet01, n, 5, m): null

11-12-2024T08:00:59 - [TEST_STEP][PASSED] - setValueToCellByIndex(sheet01, n, 6, y): null

11-12-2024T08:00:59 - [TEST_STEP][PASSED] - setValueToCellByIndex(sheet01, n, 7, todaysDate): null

11-12-2024T08:00:59 - [TEST_STEP][PASSED] - n = n + 1: null

11-12-2024T08:00:59 - [TEST_STEP][PASSED] - saveWorkbook(excelFilePath, workbook01): null

11-12-2024T08:00:59 - [TEST_STEP][PASSED] - println(dzoNum): null

11-12-2024T08:00:59 - [TEST_STEP][PASSED] - dZO = "Россети Московский регион": null

11-12-2024T08:00:59 - [TEST_STEP][PASSED] - a = 74: null

11-12-2024T08:00:59 - [TEST_STEP][PASSED] - if (x1.contains(dZO)): null

11-12-2024T08:00:59 - [TEST_STEP][PASSED] - else: null

11-12-2024T08:00:59 - [TEST_STEP][PASSED] - Script1718980020443.NoData(a, typeOfData, todaysDate, fileInt, fileDouble, dZO): null

11-12-2024T08:00:59 - [TEST_STEP][PASSED] - println(a): null

11-12-2024T08:00:59 - [TEST_STEP][PASSED] - println(todaysDate): null

11-12-2024T08:00:59 - [TEST_STEP][PASSED] - println(fileInt): null

11-12-2024T08:00:59 - [TEST_STEP][PASSED] - println(fileDouble): null

11-12-2024T08:00:59 - [TEST_STEP][PASSED] - println(dZO): null

11-12-2024T08:00:59 - [TEST_STEP][PASSED] - typeOfData = "Факт Отпуск в сеть": null

11-12-2024T08:00:59 - [TEST_STEP][PASSED] - fileInt = replaceAll("\s+", "").toInteger(): null

11-12-2024T08:00:59 - [TEST_STEP][PASSED] - Script1718980020443.WriteToExcelNoData(a, typeOfData, todaysDate, fileInt, fileDouble, dZO): null

11-12-2024T08:00:59 - [TEST_STEP][PASSED] - sheetName = "Sheet1": null

11-12-2024T08:00:59 - [TEST_STEP][PASSED] - data = findTestData("PlanFact"): null

11-12-2024T08:00:59 - [TEST_STEP][PASSED] - n = data.getRowNumbers() + 1: null

11-12-2024T08:00:59 - [TEST_STEP][PASSED] - year = todaysDate.substring(todaysDate.length() - 4, todaysDate.length()): null

11-12-2024T08:00:59 - [TEST_STEP][PASSED] - y = year.toInteger(): null

11-12-2024T08:00:59 - [TEST_STEP][PASSED] - m = getText(findTestObject("Выполнение бизнес-плана/Период")): Text of object 'Object Repository/Выполнение бизнес-плана/Период' is: '1, 2, 3 кв., Октябрь 2024 года'

11-12-2024T08:00:59 - [MESSAGE][PASSED] - Text of object 'Object Repository/Выполнение бизнес-плана/Период' is: '1, 2, 3 кв., Октябрь 2024 года'

11-12-2024T08:00:59 - [TEST_STEP][PASSED] - m = m.substring(0, m.indexOf("2024")): null

11-12-2024T08:00:59 - [TEST_STEP][PASSED] - m = m.trim(): null

11-12-2024T08:00:59 - [TEST_STEP][PASSED] - dashboardName = "Выполнение бизнес-плана": null

11-12-2024T08:00:59 - [TEST_STEP][PASSED] - workbook01 = getWorkbook(excelFilePath): null

11-12-2024T08:00:59 - [TEST_STEP][PASSED] - sheet01 = getExcelSheet(workbook01, sheetName): null

11-12-2024T08:00:59 - [TEST_STEP][PASSED] - setValueToCellByIndex(sheet01, n, 0, dashboardName): null

11-12-2024T08:00:59 - [TEST_STEP][PASSED] - setValueToCellByIndex(sheet01, n, 1, dZO): null

11-12-2024T08:00:59 - [TEST_STEP][PASSED] - setValueToCellByIndex(sheet01, n, 2, typeOfData): null

11-12-2024T08:00:59 - [TEST_STEP][PASSED] - if (typeOfData == "Факт в процентах" || typeOfData == "План в процентах"): null

11-12-2024T08:00:59 - [TEST_STEP][PASSED] - else: null

11-12-2024T08:00:59 - [TEST_STEP][PASSED] - setValueToCellByIndex(sheet01, n, 3, fileInt): null

11-12-2024T08:00:59 - [TEST_STEP][PASSED] - setValueToCellByIndex(sheet01, n, 4, "нет данных"): null

11-12-2024T08:00:59 - [TEST_STEP][PASSED] - setValueToCellByIndex(sheet01, n, 5, m): null

11-12-2024T08:00:59 - [TEST_STEP][PASSED] - setValueToCellByIndex(sheet01, n, 6, y): null

11-12-2024T08:00:59 - [TEST_STEP][PASSED] - setValueToCellByIndex(sheet01, n, 7, todaysDate): null

11-12-2024T08:00:59 - [TEST_STEP][PASSED] - n = n + 1: null

11-12-2024T08:00:59 - [TEST_STEP][PASSED] - saveWorkbook(excelFilePath, workbook01): null

11-12-2024T08:01:00 - [TEST_STEP][PASSED] - typeOfData = "Факт Потери": null

11-12-2024T08:01:00 - [TEST_STEP][PASSED] - fileInt = replaceAll("\s+", "").toInteger(): null

11-12-2024T08:01:00 - [TEST_STEP][PASSED] - Script1718980020443.WriteToExcelNoData(a, typeOfData, todaysDate, fileInt, fileDouble, dZO): null

11-12-2024T08:01:00 - [TEST_STEP][PASSED] - sheetName = "Sheet1": null

11-12-2024T08:01:00 - [TEST_STEP][PASSED] - data = findTestData("PlanFact"): null

11-12-2024T08:01:00 - [TEST_STEP][PASSED] - n = data.getRowNumbers() + 1: null

11-12-2024T08:01:00 - [TEST_STEP][PASSED] - year = todaysDate.substring(todaysDate.length() - 4, todaysDate.length()): null

11-12-2024T08:01:00 - [TEST_STEP][PASSED] - y = year.toInteger(): null

11-12-2024T08:01:00 - [TEST_STEP][PASSED] - m = getText(findTestObject("Выполнение бизнес-плана/Период")): Text of object 'Object Repository/Выполнение бизнес-плана/Период' is: '1, 2, 3 кв., Октябрь 2024 года'

11-12-2024T08:01:00 - [MESSAGE][PASSED] - Text of object 'Object Repository/Выполнение бизнес-плана/Период' is: '1, 2, 3 кв., Октябрь 2024 года'

11-12-2024T08:01:00 - [TEST_STEP][PASSED] - m = m.substring(0, m.indexOf("2024")): null

11-12-2024T08:01:00 - [TEST_STEP][PASSED] - m = m.trim(): null

11-12-2024T08:01:00 - [TEST_STEP][PASSED] - dashboardName = "Выполнение бизнес-плана": null

11-12-2024T08:01:00 - [TEST_STEP][PASSED] - workbook01 = getWorkbook(excelFilePath): null

11-12-2024T08:01:00 - [TEST_STEP][PASSED] - sheet01 = getExcelSheet(workbook01, sheetName): null

11-12-2024T08:01:00 - [TEST_STEP][PASSED] - setValueToCellByIndex(sheet01, n, 0, dashboardName): null

11-12-2024T08:01:00 - [TEST_STEP][PASSED] - setValueToCellByIndex(sheet01, n, 1, dZO): null

11-12-2024T08:01:00 - [TEST_STEP][PASSED] - setValueToCellByIndex(sheet01, n, 2, typeOfData): null

11-12-2024T08:01:00 - [TEST_STEP][PASSED] - if (typeOfData == "Факт в процентах" || typeOfData == "План в процентах"): null

11-12-2024T08:01:00 - [TEST_STEP][PASSED] - else: null

11-12-2024T08:01:00 - [TEST_STEP][PASSED] - setValueToCellByIndex(sheet01, n, 3, fileInt): null

11-12-2024T08:01:00 - [TEST_STEP][PASSED] - setValueToCellByIndex(sheet01, n, 4, "нет данных"): null

11-12-2024T08:01:00 - [TEST_STEP][PASSED] - setValueToCellByIndex(sheet01, n, 5, m): null

11-12-2024T08:01:00 - [TEST_STEP][PASSED] - setValueToCellByIndex(sheet01, n, 6, y): null

11-12-2024T08:01:00 - [TEST_STEP][PASSED] - setValueToCellByIndex(sheet01, n, 7, todaysDate): null

11-12-2024T08:01:00 - [TEST_STEP][PASSED] - n = n + 1: null

11-12-2024T08:01:00 - [TEST_STEP][PASSED] - saveWorkbook(excelFilePath, workbook01): null

11-12-2024T08:01:00 - [TEST_STEP][PASSED] - typeOfData = "План Отпуск в сеть": null

11-12-2024T08:01:00 - [TEST_STEP][PASSED] - fileInt = replaceAll("\s+", "").toInteger(): null

11-12-2024T08:01:00 - [TEST_STEP][PASSED] - Script1718980020443.WriteToExcelNoData(a, typeOfData, todaysDate, fileInt, fileDouble, dZO): null

11-12-2024T08:01:00 - [TEST_STEP][PASSED] - sheetName = "Sheet1": null

11-12-2024T08:01:00 - [TEST_STEP][PASSED] - data = findTestData("PlanFact"): null

11-12-2024T08:01:00 - [TEST_STEP][PASSED] - n = data.getRowNumbers() + 1: null

11-12-2024T08:01:00 - [TEST_STEP][PASSED] - year = todaysDate.substring(todaysDate.length() - 4, todaysDate.length()): null

11-12-2024T08:01:00 - [TEST_STEP][PASSED] - y = year.toInteger(): null

11-12-2024T08:01:00 - [TEST_STEP][PASSED] - m = getText(findTestObject("Выполнение бизнес-плана/Период")): Text of object 'Object Repository/Выполнение бизнес-плана/Период' is: '1, 2, 3 кв., Октябрь 2024 года'

11-12-2024T08:01:01 - [MESSAGE][PASSED] - Text of object 'Object Repository/Выполнение бизнес-плана/Период' is: '1, 2, 3 кв., Октябрь 2024 года'

11-12-2024T08:01:01 - [TEST_STEP][PASSED] - m = m.substring(0, m.indexOf("2024")): null

11-12-2024T08:01:01 - [TEST_STEP][PASSED] - m = m.trim(): null

11-12-2024T08:01:01 - [TEST_STEP][PASSED] - dashboardName = "Выполнение бизнес-плана": null

11-12-2024T08:01:01 - [TEST_STEP][PASSED] - workbook01 = getWorkbook(excelFilePath): null

11-12-2024T08:01:01 - [TEST_STEP][PASSED] - sheet01 = getExcelSheet(workbook01, sheetName): null

11-12-2024T08:01:01 - [TEST_STEP][PASSED] - setValueToCellByIndex(sheet01, n, 0, dashboardName): null

11-12-2024T08:01:01 - [TEST_STEP][PASSED] - setValueToCellByIndex(sheet01, n, 1, dZO): null

11-12-2024T08:01:01 - [TEST_STEP][PASSED] - setValueToCellByIndex(sheet01, n, 2, typeOfData): null

11-12-2024T08:01:01 - [TEST_STEP][PASSED] - if (typeOfData == "Факт в процентах" || typeOfData == "План в процентах"): null

11-12-2024T08:01:01 - [TEST_STEP][PASSED] - else: null

11-12-2024T08:01:01 - [TEST_STEP][PASSED] - setValueToCellByIndex(sheet01, n, 3, fileInt): null

11-12-2024T08:01:01 - [TEST_STEP][PASSED] - setValueToCellByIndex(sheet01, n, 4, "нет данных"): null

11-12-2024T08:01:01 - [TEST_STEP][PASSED] - setValueToCellByIndex(sheet01, n, 5, m): null

11-12-2024T08:01:01 - [TEST_STEP][PASSED] - setValueToCellByIndex(sheet01, n, 6, y): null

11-12-2024T08:01:01 - [TEST_STEP][PASSED] - setValueToCellByIndex(sheet01, n, 7, todaysDate): null

11-12-2024T08:01:01 - [TEST_STEP][PASSED] - n = n + 1: null

11-12-2024T08:01:01 - [TEST_STEP][PASSED] - saveWorkbook(excelFilePath, workbook01): null

11-12-2024T08:01:01 - [TEST_STEP][PASSED] - typeOfData = "План Потери": null

11-12-2024T08:01:01 - [TEST_STEP][PASSED] - fileInt = replaceAll("\s+", "").toInteger(): null

11-12-2024T08:01:01 - [TEST_STEP][PASSED] - Script1718980020443.WriteToExcelNoData(a, typeOfData, todaysDate, fileInt, fileDouble, dZO): null

11-12-2024T08:01:01 - [TEST_STEP][PASSED] - sheetName = "Sheet1": null

11-12-2024T08:01:01 - [TEST_STEP][PASSED] - data = findTestData("PlanFact"): null

11-12-2024T08:01:01 - [TEST_STEP][PASSED] - n = data.getRowNumbers() + 1: null

11-12-2024T08:01:01 - [TEST_STEP][PASSED] - year = todaysDate.substring(todaysDate.length() - 4, todaysDate.length()): null

11-12-2024T08:01:01 - [TEST_STEP][PASSED] - y = year.toInteger(): null

11-12-2024T08:01:01 - [TEST_STEP][PASSED] - m = getText(findTestObject("Выполнение бизнес-плана/Период")): Text of object 'Object Repository/Выполнение бизнес-плана/Период' is: '1, 2, 3 кв., Октябрь 2024 года'

11-12-2024T08:01:01 - [MESSAGE][PASSED] - Text of object 'Object Repository/Выполнение бизнес-плана/Период' is: '1, 2, 3 кв., Октябрь 2024 года'

11-12-2024T08:01:01 - [TEST_STEP][PASSED] - m = m.substring(0, m.indexOf("2024")): null

11-12-2024T08:01:01 - [TEST_STEP][PASSED] - m = m.trim(): null

11-12-2024T08:01:01 - [TEST_STEP][PASSED] - dashboardName = "Выполнение бизнес-плана": null

11-12-2024T08:01:01 - [TEST_STEP][PASSED] - workbook01 = getWorkbook(excelFilePath): null

11-12-2024T08:01:01 - [TEST_STEP][PASSED] - sheet01 = getExcelSheet(workbook01, sheetName): null

11-12-2024T08:01:01 - [TEST_STEP][PASSED] - setValueToCellByIndex(sheet01, n, 0, dashboardName): null

11-12-2024T08:01:01 - [TEST_STEP][PASSED] - setValueToCellByIndex(sheet01, n, 1, dZO): null

11-12-2024T08:01:01 - [TEST_STEP][PASSED] - setValueToCellByIndex(sheet01, n, 2, typeOfData): null

11-12-2024T08:01:01 - [TEST_STEP][PASSED] - if (typeOfData == "Факт в процентах" || typeOfData == "План в процентах"): null

11-12-2024T08:01:01 - [TEST_STEP][PASSED] - else: null

11-12-2024T08:01:01 - [TEST_STEP][PASSED] - setValueToCellByIndex(sheet01, n, 3, fileInt): null

11-12-2024T08:01:01 - [TEST_STEP][PASSED] - setValueToCellByIndex(sheet01, n, 4, "нет данных"): null

11-12-2024T08:01:01 - [TEST_STEP][PASSED] - setValueToCellByIndex(sheet01, n, 5, m): null

11-12-2024T08:01:01 - [TEST_STEP][PASSED] - setValueToCellByIndex(sheet01, n, 6, y): null

11-12-2024T08:01:01 - [TEST_STEP][PASSED] - setValueToCellByIndex(sheet01, n, 7, todaysDate): null

11-12-2024T08:01:01 - [TEST_STEP][PASSED] - n = n + 1: null

11-12-2024T08:01:01 - [TEST_STEP][PASSED] - saveWorkbook(excelFilePath, workbook01): null

11-12-2024T08:01:02 - [TEST_STEP][PASSED] - typeOfData = "План в процентах": null

11-12-2024T08:01:02 - [TEST_STEP][PASSED] - fileDouble = ").toDouble(): null

11-12-2024T08:01:02 - [TEST_STEP][PASSED] - Script1718980020443.WriteToExcelNoData(a, typeOfData, todaysDate, fileInt, fileDouble, dZO): null

11-12-2024T08:01:02 - [TEST_STEP][PASSED] - sheetName = "Sheet1": null

11-12-2024T08:01:02 - [TEST_STEP][PASSED] - data = findTestData("PlanFact"): null

11-12-2024T08:01:02 - [TEST_STEP][PASSED] - n = data.getRowNumbers() + 1: null

11-12-2024T08:01:02 - [TEST_STEP][PASSED] - year = todaysDate.substring(todaysDate.length() - 4, todaysDate.length()): null

11-12-2024T08:01:02 - [TEST_STEP][PASSED] - y = year.toInteger(): null

11-12-2024T08:01:02 - [TEST_STEP][PASSED] - m = getText(findTestObject("Выполнение бизнес-плана/Период")): Text of object 'Object Repository/Выполнение бизнес-плана/Период' is: '1, 2, 3 кв., Октябрь 2024 года'

11-12-2024T08:01:02 - [MESSAGE][PASSED] - Text of object 'Object Repository/Выполнение бизнес-плана/Период' is: '1, 2, 3 кв., Октябрь 2024 года'

11-12-2024T08:01:02 - [TEST_STEP][PASSED] - m = m.substring(0, m.indexOf("2024")): null

11-12-2024T08:01:02 - [TEST_STEP][PASSED] - m = m.trim(): null

11-12-2024T08:01:02 - [TEST_STEP][PASSED] - dashboardName = "Выполнение бизнес-плана": null

11-12-2024T08:01:02 - [TEST_STEP][PASSED] - workbook01 = getWorkbook(excelFilePath): null

11-12-2024T08:01:02 - [TEST_STEP][PASSED] - sheet01 = getExcelSheet(workbook01, sheetName): null

11-12-2024T08:01:02 - [TEST_STEP][PASSED] - setValueToCellByIndex(sheet01, n, 0, dashboardName): null

11-12-2024T08:01:02 - [TEST_STEP][PASSED] - setValueToCellByIndex(sheet01, n, 1, dZO): null

11-12-2024T08:01:02 - [TEST_STEP][PASSED] - setValueToCellByIndex(sheet01, n, 2, typeOfData): null

11-12-2024T08:01:02 - [TEST_STEP][PASSED] - if (typeOfData == "Факт в процентах" || typeOfData == "План в процентах"): null

11-12-2024T08:01:02 - [TEST_STEP][PASSED] - setValueToCellByIndex(sheet01, n, 3, fileDouble): null

11-12-2024T08:01:02 - [TEST_STEP][PASSED] - setValueToCellByIndex(sheet01, n, 4, "нет данных"): null

11-12-2024T08:01:02 - [TEST_STEP][PASSED] - setValueToCellByIndex(sheet01, n, 5, m): null

11-12-2024T08:01:02 - [TEST_STEP][PASSED] - setValueToCellByIndex(sheet01, n, 6, y): null

11-12-2024T08:01:02 - [TEST_STEP][PASSED] - setValueToCellByIndex(sheet01, n, 7, todaysDate): null

11-12-2024T08:01:02 - [TEST_STEP][PASSED] - n = n + 1: null

11-12-2024T08:01:02 - [TEST_STEP][PASSED] - saveWorkbook(excelFilePath, workbook01): null

11-12-2024T08:01:02 - [TEST_STEP][PASSED] - typeOfData = "Факт в процентах": null

11-12-2024T08:01:02 - [TEST_STEP][PASSED] - fileDouble = ").toDouble(): null

11-12-2024T08:01:02 - [TEST_STEP][PASSED] - Script1718980020443.WriteToExcelNoData(a, typeOfData, todaysDate, fileInt, fileDouble, dZO): null

11-12-2024T08:01:02 - [TEST_STEP][PASSED] - sheetName = "Sheet1": null

11-12-2024T08:01:02 - [TEST_STEP][PASSED] - data = findTestData("PlanFact"): null

11-12-2024T08:01:03 - [TEST_STEP][PASSED] - n = data.getRowNumbers() + 1: null

11-12-2024T08:01:03 - [TEST_STEP][PASSED] - year = todaysDate.substring(todaysDate.length() - 4, todaysDate.length()): null

11-12-2024T08:01:03 - [TEST_STEP][PASSED] - y = year.toInteger(): null

11-12-2024T08:01:03 - [TEST_STEP][PASSED] - m = getText(findTestObject("Выполнение бизнес-плана/Период")): Text of object 'Object Repository/Выполнение бизнес-плана/Период' is: '1, 2, 3 кв., Октябрь 2024 года'

11-12-2024T08:01:03 - [MESSAGE][PASSED] - Text of object 'Object Repository/Выполнение бизнес-плана/Период' is: '1, 2, 3 кв., Октябрь 2024 года'

11-12-2024T08:01:03 - [TEST_STEP][PASSED] - m = m.substring(0, m.indexOf("2024")): null

11-12-2024T08:01:03 - [TEST_STEP][PASSED] - m = m.trim(): null

11-12-2024T08:01:03 - [TEST_STEP][PASSED] - dashboardName = "Выполнение бизнес-плана": null

11-12-2024T08:01:03 - [TEST_STEP][PASSED] - workbook01 = getWorkbook(excelFilePath): null

11-12-2024T08:01:03 - [TEST_STEP][PASSED] - sheet01 = getExcelSheet(workbook01, sheetName): null

11-12-2024T08:01:03 - [TEST_STEP][PASSED] - setValueToCellByIndex(sheet01, n, 0, dashboardName): null

11-12-2024T08:01:03 - [TEST_STEP][PASSED] - setValueToCellByIndex(sheet01, n, 1, dZO): null

11-12-2024T08:01:03 - [TEST_STEP][PASSED] - setValueToCellByIndex(sheet01, n, 2, typeOfData): null

11-12-2024T08:01:03 - [TEST_STEP][PASSED] - if (typeOfData == "Факт в процентах" || typeOfData == "План в процентах"): null

11-12-2024T08:01:03 - [TEST_STEP][PASSED] - setValueToCellByIndex(sheet01, n, 3, fileDouble): null

11-12-2024T08:01:03 - [TEST_STEP][PASSED] - setValueToCellByIndex(sheet01, n, 4, "нет данных"): null

11-12-2024T08:01:03 - [TEST_STEP][PASSED] - setValueToCellByIndex(sheet01, n, 5, m): null

11-12-2024T08:01:03 - [TEST_STEP][PASSED] - setValueToCellByIndex(sheet01, n, 6, y): null

11-12-2024T08:01:03 - [TEST_STEP][PASSED] - setValueToCellByIndex(sheet01, n, 7, todaysDate): null

11-12-2024T08:01:03 - [TEST_STEP][PASSED] - n = n + 1: null

11-12-2024T08:01:03 - [TEST_STEP][PASSED] - saveWorkbook(excelFilePath, workbook01): null

11-12-2024T08:01:03 - [TEST_STEP][PASSED] - println(dzoNum): null

11-12-2024T08:01:03 - [TEST_STEP][PASSED] - dZO = "Россети Северный Кавказ": null

11-12-2024T08:01:03 - [TEST_STEP][PASSED] - a = 65: null

11-12-2024T08:01:03 - [TEST_STEP][PASSED] - if (x1.contains(dZO)): null

11-12-2024T08:01:03 - [TEST_STEP][PASSED] - dzoNum = dzoNum + 1: null

11-12-2024T08:01:03 - [TEST_STEP][PASSED] - Script1718980020443.Numbers(a, typeOfData, todaysDate, pageInt, fileInt, pageDouble, fileDouble, dZO, dzoNum, filialNum): null

11-12-2024T08:01:03 - [TEST_STEP][PASSED] - println(dzoNum): null

11-12-2024T08:01:03 - [TEST_STEP][PASSED] - planFact = <not implemented yet for class: org.codehaus.groovy.ast.expr.EmptyExpression>: null

11-12-2024T08:01:03 - [TEST_STEP][PASSED] - page = <not implemented yet for class: org.codehaus.groovy.ast.expr.EmptyExpression>: null

11-12-2024T08:01:03 - [TEST_STEP][PASSED] - page1 = <not implemented yet for class: org.codehaus.groovy.ast.expr.EmptyExpression>: null

11-12-2024T08:01:03 - [TEST_STEP][PASSED] - page2 = <not implemented yet for class: org.codehaus.groovy.ast.expr.EmptyExpression>: null

11-12-2024T08:01:03 - [TEST_STEP][PASSED] - filialNumberInRow = <not implemented yet for class: org.codehaus.groovy.ast.expr.EmptyExpression>: null

11-12-2024T08:01:03 - [TEST_STEP][PASSED] - filialsDzoNames = <not implemented yet for class: org.codehaus.groovy.ast.expr.EmptyExpression>: null

11-12-2024T08:01:03 - [TEST_STEP][PASSED] - numberOfFilials = <not implemented yet for class: org.codehaus.groovy.ast.expr.EmptyExpression>: null

11-12-2024T08:01:03 - [TEST_STEP][PASSED] - numberOfSpaces = <not implemented yet for class: org.codehaus.groovy.ast.expr.EmptyExpression>: null

11-12-2024T08:01:03 - [TEST_STEP][PASSED] - file = <not implemented yet for class: org.codehaus.groovy.ast.expr.EmptyExpression>: null

11-12-2024T08:01:03 - [TEST_STEP][PASSED] - otpusk = <not implemented yet for class: org.codehaus.groovy.ast.expr.EmptyExpression>: null

11-12-2024T08:01:03 - [TEST_STEP][PASSED] - poteri = <not implemented yet for class: org.codehaus.groovy.ast.expr.EmptyExpression>: null

11-12-2024T08:01:03 - [TEST_STEP][PASSED] - dataFolder = "Выполнение бизнес-плана/Значения со страницы Выполнение бизнес-плана/": null

11-12-2024T08:01:03 - [TEST_STEP][PASSED] - path = <not implemented yet for class: org.codehaus.groovy.ast.expr.EmptyExpression>: null

11-12-2024T08:01:03 - [TEST_STEP][PASSED] - typeOfDataMain = <not implemented yet for class: org.codehaus.groovy.ast.expr.EmptyExpression>: null

11-12-2024T08:01:03 - [TEST_STEP][PASSED] - fileOtpuskVSet = <not implemented yet for class: org.codehaus.groovy.ast.expr.EmptyExpression>: null

11-12-2024T08:01:03 - [TEST_STEP][PASSED] - pageOtpuskVSet = <not implemented yet for class: org.codehaus.groovy.ast.expr.EmptyExpression>: null

11-12-2024T08:01:03 - [TEST_STEP][PASSED] - filePoteri = <not implemented yet for class: org.codehaus.groovy.ast.expr.EmptyExpression>: null

11-12-2024T08:01:03 - [TEST_STEP][PASSED] - pagePoteri = <not implemented yet for class: org.codehaus.groovy.ast.expr.EmptyExpression>: null

11-12-2024T08:01:03 - [TEST_STEP][PASSED] - compare = <not implemented yet for class: org.codehaus.groovy.ast.expr.EmptyExpression>: null

11-12-2024T08:01:03 - [TEST_STEP][PASSED] - b = <not implemented yet for class: org.codehaus.groovy.ast.expr.EmptyExpression>: null

11-12-2024T08:01:03 - [TEST_STEP][PASSED] - i = <not implemented yet for class: org.codehaus.groovy.ast.expr.EmptyExpression>: null

11-12-2024T08:01:03 - [TEST_STEP][PASSED] - ii = <not implemented yet for class: org.codehaus.groovy.ast.expr.EmptyExpression>: null

11-12-2024T08:01:03 - [TEST_STEP][PASSED] - c = <not implemented yet for class: org.codehaus.groovy.ast.expr.EmptyExpression>: null

11-12-2024T08:01:03 - [TEST_STEP][PASSED] - numberOfErrors = 0: null

11-12-2024T08:01:03 - [TEST_STEP][PASSED] - if (a == 82): null

11-12-2024T08:01:03 - [TEST_STEP][PASSED] - b = findTestData("PlanFact").getValue(1, a): null

11-12-2024T08:01:03 - [TEST_STEP][PASSED] - i = b.indexOf(" (ГК)"): null

11-12-2024T08:01:03 - [TEST_STEP][PASSED] - if (i > -1): null

11-12-2024T08:01:03 - [TEST_STEP][PASSED] - i = b.indexOf("О ""): null

11-12-2024T08:01:03 - [TEST_STEP][PASSED] - if (i > -1): null

11-12-2024T08:01:03 - [TEST_STEP][PASSED] - i = b.indexOf("О «"): null

11-12-2024T08:01:03 - [TEST_STEP][PASSED] - if (i > -1): null

11-12-2024T08:01:03 - [TEST_STEP][PASSED] - i = b.indexOf("г. "): null

11-12-2024T08:01:03 - [TEST_STEP][PASSED] - if (i > -1): null

11-12-2024T08:01:03 - [TEST_STEP][PASSED] - println(b): null

11-12-2024T08:01:03 - [TEST_STEP][PASSED] - for ([planFact = 1, planFact < 3, (planFact++)]): null

11-12-2024T08:01:03 - [TEST_STEP][PASSED] - if (planFact == 1): null

11-12-2024T08:01:03 - [TEST_STEP][PASSED] - typeOfDataMain = "Факт": null

11-12-2024T08:01:03 - [TEST_STEP][PASSED] - otpusk = findTestData("PlanFact").getValue(5, a): null

11-12-2024T08:01:03 - [TEST_STEP][PASSED] - poteri = findTestData("PlanFact").getValue(6, a): null

11-12-2024T08:01:03 - [TEST_STEP][PASSED] - otpusk = otpusk.replaceAll("\s+", ""): null

11-12-2024T08:01:03 - [TEST_STEP][PASSED] - poteri = poteri.replaceAll("\s+", ""): null

11-12-2024T08:01:03 - [TEST_STEP][PASSED] - typeOfData = typeOfDataMain + " Отпуск в сеть": null

11-12-2024T08:01:03 - [TEST_STEP][PASSED] - if (a == 82): null

11-12-2024T08:01:03 - [TEST_STEP][PASSED] - else if (a == 84): null

11-12-2024T08:01:03 - [TEST_STEP][PASSED] - else if (a == 52 || a == 72 || a == 28 || a == 73 || a == 77 || a == 74 || a == 65 || a == 36 || a == 44 || a == 53 || a == 80 || a == 54 || a == 1 || a == 18 || a == 59 || a == 81): null

11-12-2024T08:01:03 - [TEST_STEP][PASSED] - path = dataFolder + "Table Data/" + typeOfData + " за отчётный период " + dzoNum: null

11-12-2024T08:01:03 - [TEST_STEP][PASSED] - println(path): null

11-12-2024T08:01:03 - [TEST_STEP][PASSED] - page = getText(findTestObject(path)): Text of object 'Object Repository/Выполнение бизнес-плана/Значения со страницы Выполнение бизнес-плана/Table Data/Факт Отпуск в сеть за отчётный период 3' is: '17 367 779'

11-12-2024T08:01:04 - [MESSAGE][PASSED] - Text of object 'Object Repository/Выполнение бизнес-плана/Значения со страницы Выполнение бизнес-плана/Table Data/Факт Отпуск в сеть за отчётный период 3' is: '17 367 779'

11-12-2024T08:01:04 - [TEST_STEP][PASSED] - page = page.replaceAll("\s+", ""): null

11-12-2024T08:01:04 - [TEST_STEP][PASSED] - fileOtpuskVSet = otpusk.toInteger(): null

11-12-2024T08:01:04 - [TEST_STEP][PASSED] - pageOtpuskVSet = page.toInteger(): null

11-12-2024T08:01:04 - [TEST_STEP][PASSED] - typeOfData = typeOfDataMain + " Потери": null

11-12-2024T08:01:04 - [TEST_STEP][PASSED] - if (a == 82): null

11-12-2024T08:01:04 - [TEST_STEP][PASSED] - else if (a == 84): null

11-12-2024T08:01:04 - [TEST_STEP][PASSED] - else if (a == 52 || a == 72 || a == 28 || a == 73 || a == 77 || a == 74 || a == 65 || a == 36 || a == 44 || a == 53 || a == 80 || a == 54 || a == 1 || a == 18 || a == 59 || a == 81): null

11-12-2024T08:01:04 - [TEST_STEP][PASSED] - path = dataFolder + "Table Data/" + typeOfData + " за отчётный период " + dzoNum: null

11-12-2024T08:01:04 - [TEST_STEP][PASSED] - page = getText(findTestObject(path)): Text of object 'Object Repository/Выполнение бизнес-плана/Значения со страницы Выполнение бизнес-плана/Table Data/Факт Потери за отчётный период 3' is: '4 783 177'

11-12-2024T08:01:04 - [MESSAGE][PASSED] - Text of object 'Object Repository/Выполнение бизнес-плана/Значения со страницы Выполнение бизнес-плана/Table Data/Факт Потери за отчётный период 3' is: '4 783 177'

11-12-2024T08:01:04 - [TEST_STEP][PASSED] - page = page.replaceAll("\s+", ""): null

11-12-2024T08:01:04 - [TEST_STEP][PASSED] - filePoteri = poteri.toInteger(): null

11-12-2024T08:01:04 - [TEST_STEP][PASSED] - pagePoteri = page.toInteger(): null

11-12-2024T08:01:04 - [TEST_STEP][PASSED] - compare = pageOtpuskVSet: null

11-12-2024T08:01:04 - [TEST_STEP][PASSED] - if (compare == fileOtpuskVSet): null

11-12-2024T08:01:04 - [TEST_STEP][PASSED] - else if (compare > fileOtpuskVSet): null

11-12-2024T08:01:04 - [TEST_STEP][PASSED] - else if (compare < fileOtpuskVSet): null

11-12-2024T08:01:04 - [TEST_STEP][PASSED] - compare = compare + 1: null

11-12-2024T08:01:04 - [TEST_STEP][PASSED] - if (compare == fileOtpuskVSet): null

11-12-2024T08:01:04 - [TEST_STEP][PASSED] - else: null

11-12-2024T08:01:04 - [TEST_STEP][PASSED] - numberOfErrors = numberOfErrors + 1: null

11-12-2024T08:01:04 - [TEST_STEP][PASSED] - pageInt = pageOtpuskVSet: null

11-12-2024T08:01:04 - [TEST_STEP][PASSED] - fileInt = fileOtpuskVSet: null

11-12-2024T08:01:04 - [TEST_STEP][PASSED] - typeOfData = typeOfDataMain + " Отпуск в сеть": null

11-12-2024T08:01:04 - [TEST_STEP][PASSED] - Script1718980020443.WriteToExcel(a, typeOfData, todaysDate, pageInt, fileInt, pageDouble, fileDouble, dZO): null

11-12-2024T08:01:04 - [TEST_STEP][PASSED] - sheetName = "Sheet1": null

11-12-2024T08:01:04 - [TEST_STEP][PASSED] - data = findTestData("PlanFact"): null

11-12-2024T08:01:04 - [TEST_STEP][PASSED] - n = data.getRowNumbers() + 1: null

11-12-2024T08:01:04 - [TEST_STEP][PASSED] - year = todaysDate.substring(todaysDate.length() - 4, todaysDate.length()): null

11-12-2024T08:01:04 - [TEST_STEP][PASSED] - y = year.toInteger(): null

11-12-2024T08:01:04 - [TEST_STEP][PASSED] - m = getText(findTestObject("Выполнение бизнес-плана/Период")): Text of object 'Object Repository/Выполнение бизнес-плана/Период' is: '1, 2, 3 кв., Октябрь 2024 года'

11-12-2024T08:01:04 - [MESSAGE][PASSED] - Text of object 'Object Repository/Выполнение бизнес-плана/Период' is: '1, 2, 3 кв., Октябрь 2024 года'

11-12-2024T08:01:04 - [TEST_STEP][PASSED] - m = m.substring(0, m.indexOf("2024")): null

11-12-2024T08:01:04 - [TEST_STEP][PASSED] - m = m.trim(): null

11-12-2024T08:01:04 - [TEST_STEP][PASSED] - dashboardName = "Выполнение бизнес-плана": null

11-12-2024T08:01:04 - [TEST_STEP][PASSED] - workbook01 = getWorkbook(excelFilePath): null

11-12-2024T08:01:04 - [TEST_STEP][PASSED] - sheet01 = getExcelSheet(workbook01, sheetName): null

11-12-2024T08:01:04 - [TEST_STEP][PASSED] - setValueToCellByIndex(sheet01, n, 0, dashboardName): null

11-12-2024T08:01:04 - [TEST_STEP][PASSED] - setValueToCellByIndex(sheet01, n, 1, dZO): null

11-12-2024T08:01:04 - [TEST_STEP][PASSED] - setValueToCellByIndex(sheet01, n, 2, typeOfData): null

11-12-2024T08:01:04 - [TEST_STEP][PASSED] - if (typeOfData == "Факт в процентах" || typeOfData == "План в процентах"): null

11-12-2024T08:01:04 - [TEST_STEP][PASSED] - else: null

11-12-2024T08:01:04 - [TEST_STEP][PASSED] - setValueToCellByIndex(sheet01, n, 3, fileInt): null

11-12-2024T08:01:04 - [TEST_STEP][PASSED] - setValueToCellByIndex(sheet01, n, 4, pageInt): null

11-12-2024T08:01:04 - [TEST_STEP][PASSED] - setValueToCellByIndex(sheet01, n, 5, m): null

11-12-2024T08:01:04 - [TEST_STEP][PASSED] - setValueToCellByIndex(sheet01, n, 6, y): null

11-12-2024T08:01:04 - [TEST_STEP][PASSED] - setValueToCellByIndex(sheet01, n, 7, todaysDate): null

11-12-2024T08:01:04 - [TEST_STEP][PASSED] - n = n + 1: null

11-12-2024T08:01:04 - [TEST_STEP][PASSED] - saveWorkbook(excelFilePath, workbook01): null

11-12-2024T08:01:05 - [TEST_STEP][PASSED] - compare = pagePoteri: null

11-12-2024T08:01:05 - [TEST_STEP][PASSED] - if (compare == filePoteri): null

11-12-2024T08:01:05 - [TEST_STEP][PASSED] - else if (compare > filePoteri): null

11-12-2024T08:01:05 - [TEST_STEP][PASSED] - else if (compare < filePoteri): null

11-12-2024T08:01:05 - [TEST_STEP][PASSED] - compare = compare + 1: null

11-12-2024T08:01:05 - [TEST_STEP][PASSED] - if (compare == filePoteri): null

11-12-2024T08:01:05 - [TEST_STEP][PASSED] - else: null

11-12-2024T08:01:05 - [TEST_STEP][PASSED] - numberOfErrors = numberOfErrors + 1: null

11-12-2024T08:01:05 - [TEST_STEP][PASSED] - pageInt = pagePoteri: null

11-12-2024T08:01:05 - [TEST_STEP][PASSED] - fileInt = filePoteri: null

11-12-2024T08:01:05 - [TEST_STEP][PASSED] - typeOfData = typeOfDataMain + " Потери": null

11-12-2024T08:01:05 - [TEST_STEP][PASSED] - Script1718980020443.WriteToExcel(a, typeOfData, todaysDate, pageInt, fileInt, pageDouble, fileDouble, dZO): null

11-12-2024T08:01:05 - [TEST_STEP][PASSED] - sheetName = "Sheet1": null

11-12-2024T08:01:05 - [TEST_STEP][PASSED] - data = findTestData("PlanFact"): null

11-12-2024T08:01:05 - [TEST_STEP][PASSED] - n = data.getRowNumbers() + 1: null

11-12-2024T08:01:05 - [TEST_STEP][PASSED] - year = todaysDate.substring(todaysDate.length() - 4, todaysDate.length()): null

11-12-2024T08:01:05 - [TEST_STEP][PASSED] - y = year.toInteger(): null

11-12-2024T08:01:05 - [TEST_STEP][PASSED] - m = getText(findTestObject("Выполнение бизнес-плана/Период")): Text of object 'Object Repository/Выполнение бизнес-плана/Период' is: '1, 2, 3 кв., Октябрь 2024 года'

11-12-2024T08:01:05 - [MESSAGE][PASSED] - Text of object 'Object Repository/Выполнение бизнес-плана/Период' is: '1, 2, 3 кв., Октябрь 2024 года'

11-12-2024T08:01:05 - [TEST_STEP][PASSED] - m = m.substring(0, m.indexOf("2024")): null

11-12-2024T08:01:05 - [TEST_STEP][PASSED] - m = m.trim(): null

11-12-2024T08:01:05 - [TEST_STEP][PASSED] - dashboardName = "Выполнение бизнес-плана": null

11-12-2024T08:01:05 - [TEST_STEP][PASSED] - workbook01 = getWorkbook(excelFilePath): null

11-12-2024T08:01:05 - [TEST_STEP][PASSED] - sheet01 = getExcelSheet(workbook01, sheetName): null

11-12-2024T08:01:05 - [TEST_STEP][PASSED] - setValueToCellByIndex(sheet01, n, 0, dashboardName): null

11-12-2024T08:01:05 - [TEST_STEP][PASSED] - setValueToCellByIndex(sheet01, n, 1, dZO): null

11-12-2024T08:01:05 - [TEST_STEP][PASSED] - setValueToCellByIndex(sheet01, n, 2, typeOfData): null

11-12-2024T08:01:05 - [TEST_STEP][PASSED] - if (typeOfData == "Факт в процентах" || typeOfData == "План в процентах"): null

11-12-2024T08:01:05 - [TEST_STEP][PASSED] - else: null

11-12-2024T08:01:05 - [TEST_STEP][PASSED] - setValueToCellByIndex(sheet01, n, 3, fileInt): null

11-12-2024T08:01:05 - [TEST_STEP][PASSED] - setValueToCellByIndex(sheet01, n, 4, pageInt): null

11-12-2024T08:01:05 - [TEST_STEP][PASSED] - setValueToCellByIndex(sheet01, n, 5, m): null

11-12-2024T08:01:05 - [TEST_STEP][PASSED] - setValueToCellByIndex(sheet01, n, 6, y): null

11-12-2024T08:01:05 - [TEST_STEP][PASSED] - setValueToCellByIndex(sheet01, n, 7, todaysDate): null

11-12-2024T08:01:05 - [TEST_STEP][PASSED] - n = n + 1: null

11-12-2024T08:01:05 - [TEST_STEP][PASSED] - saveWorkbook(excelFilePath, workbook01): null

11-12-2024T08:01:05 - [TEST_STEP][PASSED] - if (planFact == 2): null

11-12-2024T08:01:05 - [TEST_STEP][PASSED] - if (planFact == 1): null

11-12-2024T08:01:05 - [TEST_STEP][PASSED] - else if (planFact == 2): null

11-12-2024T08:01:05 - [TEST_STEP][PASSED] - click(findTestObject("Выполнение бизнес-плана/Кнопка План")): Object: 'Object Repository/Выполнение бизнес-плана/Кнопка План' is clicked on

11-12-2024T08:01:06 - [MESSAGE][PASSED] - Object: 'Object Repository/Выполнение бизнес-плана/Кнопка План' is clicked on

11-12-2024T08:01:06 - [TEST_STEP][PASSED] - typeOfDataMain = "План": null

11-12-2024T08:01:06 - [TEST_STEP][PASSED] - otpusk = findTestData("PlanFact").getValue(2, a): null

11-12-2024T08:01:06 - [TEST_STEP][PASSED] - poteri = findTestData("PlanFact").getValue(3, a): null

11-12-2024T08:01:06 - [TEST_STEP][PASSED] - otpusk = otpusk.replaceAll("\s+", ""): null

11-12-2024T08:01:06 - [TEST_STEP][PASSED] - poteri = poteri.replaceAll("\s+", ""): null

11-12-2024T08:01:06 - [TEST_STEP][PASSED] - typeOfData = typeOfDataMain + " Отпуск в сеть": null

11-12-2024T08:01:06 - [TEST_STEP][PASSED] - if (a == 82): null

11-12-2024T08:01:06 - [TEST_STEP][PASSED] - else if (a == 84): null

11-12-2024T08:01:06 - [TEST_STEP][PASSED] - else if (a == 52 || a == 72 || a == 28 || a == 73 || a == 77 || a == 74 || a == 65 || a == 36 || a == 44 || a == 53 || a == 80 || a == 54 || a == 1 || a == 18 || a == 59 || a == 81): null

11-12-2024T08:01:06 - [TEST_STEP][PASSED] - path = dataFolder + "Table Data/" + typeOfData + " за отчётный период " + dzoNum: null

11-12-2024T08:01:06 - [TEST_STEP][PASSED] - println(path): null

11-12-2024T08:01:06 - [TEST_STEP][PASSED] - page = getText(findTestObject(path)): Text of object 'Object Repository/Выполнение бизнес-плана/Значения со страницы Выполнение бизнес-плана/Table Data/План Отпуск в сеть за отчётный период 3' is: '16 300 204'

11-12-2024T08:01:06 - [MESSAGE][PASSED] - Text of object 'Object Repository/Выполнение бизнес-плана/Значения со страницы Выполнение бизнес-плана/Table Data/План Отпуск в сеть за отчётный период 3' is: '16 300 204'

11-12-2024T08:01:06 - [TEST_STEP][PASSED] - page = page.replaceAll("\s+", ""): null

11-12-2024T08:01:06 - [TEST_STEP][PASSED] - fileOtpuskVSet = otpusk.toInteger(): null

11-12-2024T08:01:06 - [TEST_STEP][PASSED] - pageOtpuskVSet = page.toInteger(): null

11-12-2024T08:01:06 - [TEST_STEP][PASSED] - typeOfData = typeOfDataMain + " Потери": null

11-12-2024T08:01:06 - [TEST_STEP][PASSED] - if (a == 82): null

11-12-2024T08:01:06 - [TEST_STEP][PASSED] - else if (a == 84): null

11-12-2024T08:01:06 - [TEST_STEP][PASSED] - else if (a == 52 || a == 72 || a == 28 || a == 73 || a == 77 || a == 74 || a == 65 || a == 36 || a == 44 || a == 53 || a == 80 || a == 54 || a == 1 || a == 18 || a == 59 || a == 81): null

11-12-2024T08:01:06 - [TEST_STEP][PASSED] - path = dataFolder + "Table Data/" + typeOfData + " за отчётный период " + dzoNum: null

11-12-2024T08:01:06 - [TEST_STEP][PASSED] - page = getText(findTestObject(path)): Text of object 'Object Repository/Выполнение бизнес-плана/Значения со страницы Выполнение бизнес-плана/Table Data/План Потери за отчётный период 3' is: '3 863 112'

11-12-2024T08:01:07 - [MESSAGE][PASSED] - Text of object 'Object Repository/Выполнение бизнес-плана/Значения со страницы Выполнение бизнес-плана/Table Data/План Потери за отчётный период 3' is: '3 863 112'

11-12-2024T08:01:07 - [TEST_STEP][PASSED] - page = page.replaceAll("\s+", ""): null

11-12-2024T08:01:07 - [TEST_STEP][PASSED] - filePoteri = poteri.toInteger(): null

11-12-2024T08:01:07 - [TEST_STEP][PASSED] - pagePoteri = page.toInteger(): null

11-12-2024T08:01:07 - [TEST_STEP][PASSED] - compare = pageOtpuskVSet: null

11-12-2024T08:01:07 - [TEST_STEP][PASSED] - if (compare == fileOtpuskVSet): null

11-12-2024T08:01:07 - [TEST_STEP][PASSED] - else if (compare > fileOtpuskVSet): null

11-12-2024T08:01:07 - [TEST_STEP][PASSED] - else if (compare < fileOtpuskVSet): null

11-12-2024T08:01:07 - [TEST_STEP][PASSED] - compare = compare + 1: null

11-12-2024T08:01:07 - [TEST_STEP][PASSED] - if (compare == fileOtpuskVSet): null

11-12-2024T08:01:07 - [TEST_STEP][PASSED] - else: null

11-12-2024T08:01:07 - [TEST_STEP][PASSED] - numberOfErrors = numberOfErrors + 1: null

11-12-2024T08:01:07 - [TEST_STEP][PASSED] - pageInt = pageOtpuskVSet: null

11-12-2024T08:01:07 - [TEST_STEP][PASSED] - fileInt = fileOtpuskVSet: null

11-12-2024T08:01:07 - [TEST_STEP][PASSED] - typeOfData = typeOfDataMain + " Отпуск в сеть": null

11-12-2024T08:01:07 - [TEST_STEP][PASSED] - Script1718980020443.WriteToExcel(a, typeOfData, todaysDate, pageInt, fileInt, pageDouble, fileDouble, dZO): null

11-12-2024T08:01:07 - [TEST_STEP][PASSED] - sheetName = "Sheet1": null

11-12-2024T08:01:07 - [TEST_STEP][PASSED] - data = findTestData("PlanFact"): null

11-12-2024T08:01:07 - [TEST_STEP][PASSED] - n = data.getRowNumbers() + 1: null

11-12-2024T08:01:07 - [TEST_STEP][PASSED] - year = todaysDate.substring(todaysDate.length() - 4, todaysDate.length()): null

11-12-2024T08:01:07 - [TEST_STEP][PASSED] - y = year.toInteger(): null

11-12-2024T08:01:07 - [TEST_STEP][PASSED] - m = getText(findTestObject("Выполнение бизнес-плана/Период")): Text of object 'Object Repository/Выполнение бизнес-плана/Период' is: '1, 2, 3 кв., Октябрь 2024 года'

11-12-2024T08:01:07 - [MESSAGE][PASSED] - Text of object 'Object Repository/Выполнение бизнес-плана/Период' is: '1, 2, 3 кв., Октябрь 2024 года'

11-12-2024T08:01:07 - [TEST_STEP][PASSED] - m = m.substring(0, m.indexOf("2024")): null

11-12-2024T08:01:07 - [TEST_STEP][PASSED] - m = m.trim(): null

11-12-2024T08:01:07 - [TEST_STEP][PASSED] - dashboardName = "Выполнение бизнес-плана": null

11-12-2024T08:01:07 - [TEST_STEP][PASSED] - workbook01 = getWorkbook(excelFilePath): null

11-12-2024T08:01:07 - [TEST_STEP][PASSED] - sheet01 = getExcelSheet(workbook01, sheetName): null

11-12-2024T08:01:07 - [TEST_STEP][PASSED] - setValueToCellByIndex(sheet01, n, 0, dashboardName): null

11-12-2024T08:01:07 - [TEST_STEP][PASSED] - setValueToCellByIndex(sheet01, n, 1, dZO): null

11-12-2024T08:01:07 - [TEST_STEP][PASSED] - setValueToCellByIndex(sheet01, n, 2, typeOfData): null

11-12-2024T08:01:07 - [TEST_STEP][PASSED] - if (typeOfData == "Факт в процентах" || typeOfData == "План в процентах"): null

11-12-2024T08:01:07 - [TEST_STEP][PASSED] - else: null

11-12-2024T08:01:07 - [TEST_STEP][PASSED] - setValueToCellByIndex(sheet01, n, 3, fileInt): null

11-12-2024T08:01:07 - [TEST_STEP][PASSED] - setValueToCellByIndex(sheet01, n, 4, pageInt): null

11-12-2024T08:01:07 - [TEST_STEP][PASSED] - setValueToCellByIndex(sheet01, n, 5, m): null

11-12-2024T08:01:07 - [TEST_STEP][PASSED] - setValueToCellByIndex(sheet01, n, 6, y): null

11-12-2024T08:01:07 - [TEST_STEP][PASSED] - setValueToCellByIndex(sheet01, n, 7, todaysDate): null

11-12-2024T08:01:07 - [TEST_STEP][PASSED] - n = n + 1: null

11-12-2024T08:01:07 - [TEST_STEP][PASSED] - saveWorkbook(excelFilePath, workbook01): null

11-12-2024T08:01:08 - [TEST_STEP][PASSED] - compare = pagePoteri: null

11-12-2024T08:01:08 - [TEST_STEP][PASSED] - if (compare == filePoteri): null

11-12-2024T08:01:08 - [TEST_STEP][PASSED] - else if (compare > filePoteri): null

11-12-2024T08:01:08 - [TEST_STEP][PASSED] - else if (compare < filePoteri): null

11-12-2024T08:01:08 - [TEST_STEP][PASSED] - compare = compare + 1: null

11-12-2024T08:01:08 - [TEST_STEP][PASSED] - if (compare == filePoteri): null

11-12-2024T08:01:08 - [TEST_STEP][PASSED] - else: null

11-12-2024T08:01:08 - [TEST_STEP][PASSED] - numberOfErrors = numberOfErrors + 1: null

11-12-2024T08:01:08 - [TEST_STEP][PASSED] - pageInt = pagePoteri: null

11-12-2024T08:01:08 - [TEST_STEP][PASSED] - fileInt = filePoteri: null

11-12-2024T08:01:08 - [TEST_STEP][PASSED] - typeOfData = typeOfDataMain + " Потери": null

11-12-2024T08:01:08 - [TEST_STEP][PASSED] - Script1718980020443.WriteToExcel(a, typeOfData, todaysDate, pageInt, fileInt, pageDouble, fileDouble, dZO): null

11-12-2024T08:01:08 - [TEST_STEP][PASSED] - sheetName = "Sheet1": null

11-12-2024T08:01:08 - [TEST_STEP][PASSED] - data = findTestData("PlanFact"): null

11-12-2024T08:01:08 - [TEST_STEP][PASSED] - n = data.getRowNumbers() + 1: null

11-12-2024T08:01:08 - [TEST_STEP][PASSED] - year = todaysDate.substring(todaysDate.length() - 4, todaysDate.length()): null

11-12-2024T08:01:08 - [TEST_STEP][PASSED] - y = year.toInteger(): null

11-12-2024T08:01:08 - [TEST_STEP][PASSED] - m = getText(findTestObject("Выполнение бизнес-плана/Период")): Text of object 'Object Repository/Выполнение бизнес-плана/Период' is: '1, 2, 3 кв., Октябрь 2024 года'

11-12-2024T08:01:09 - [MESSAGE][PASSED] - Text of object 'Object Repository/Выполнение бизнес-плана/Период' is: '1, 2, 3 кв., Октябрь 2024 года'

11-12-2024T08:01:09 - [TEST_STEP][PASSED] - m = m.substring(0, m.indexOf("2024")): null

11-12-2024T08:01:09 - [TEST_STEP][PASSED] - m = m.trim(): null

11-12-2024T08:01:09 - [TEST_STEP][PASSED] - dashboardName = "Выполнение бизнес-плана": null

11-12-2024T08:01:09 - [TEST_STEP][PASSED] - workbook01 = getWorkbook(excelFilePath): null

11-12-2024T08:01:09 - [TEST_STEP][PASSED] - sheet01 = getExcelSheet(workbook01, sheetName): null

11-12-2024T08:01:09 - [TEST_STEP][PASSED] - setValueToCellByIndex(sheet01, n, 0, dashboardName): null

11-12-2024T08:01:09 - [TEST_STEP][PASSED] - setValueToCellByIndex(sheet01, n, 1, dZO): null

11-12-2024T08:01:09 - [TEST_STEP][PASSED] - setValueToCellByIndex(sheet01, n, 2, typeOfData): null

11-12-2024T08:01:09 - [TEST_STEP][PASSED] - if (typeOfData == "Факт в процентах" || typeOfData == "План в процентах"): null

11-12-2024T08:01:09 - [TEST_STEP][PASSED] - else: null

11-12-2024T08:01:09 - [TEST_STEP][PASSED] - setValueToCellByIndex(sheet01, n, 3, fileInt): null

11-12-2024T08:01:09 - [TEST_STEP][PASSED] - setValueToCellByIndex(sheet01, n, 4, pageInt): null

11-12-2024T08:01:09 - [TEST_STEP][PASSED] - setValueToCellByIndex(sheet01, n, 5, m): null

11-12-2024T08:01:09 - [TEST_STEP][PASSED] - setValueToCellByIndex(sheet01, n, 6, y): null

11-12-2024T08:01:09 - [TEST_STEP][PASSED] - setValueToCellByIndex(sheet01, n, 7, todaysDate): null

11-12-2024T08:01:09 - [TEST_STEP][PASSED] - n = n + 1: null

11-12-2024T08:01:09 - [TEST_STEP][PASSED] - saveWorkbook(excelFilePath, workbook01): Object: 'Object Repository/Выполнение бизнес-плана/Кнопка Факт' is clicked on

11-12-2024T08:01:09 - [TEST_STEP][PASSED] - if (planFact == 2): Object: 'Object Repository/Выполнение бизнес-плана/Кнопка Факт' is clicked on

11-12-2024T08:01:09 - [TEST_STEP][PASSED] - click(findTestObject("Выполнение бизнес-плана/Кнопка Факт")): Object: 'Object Repository/Выполнение бизнес-плана/Кнопка Факт' is clicked on

11-12-2024T08:01:10 - [MESSAGE][PASSED] - Object: 'Object Repository/Выполнение бизнес-плана/Кнопка Факт' is clicked on

11-12-2024T08:01:10 - [TEST_STEP][PASSED] - if (a == 84 || a == 82): null

11-12-2024T08:01:10 - [TEST_STEP][PASSED] - else if (a == 52 || a == 72 || a == 28 || a == 73 || a == 77 || a == 74 || a == 65 || a == 36 || a == 44 || a == 53 || a == 80 || a == 54 || a == 1 || a == 18 || a == 59 || a == 81): null

11-12-2024T08:01:10 - [TEST_STEP][PASSED] - page1 = getText(findTestObject("Object Repository/Выполнение бизнес-плана/spanPlan" + dzoNum)): Text of object 'Object Repository/Выполнение бизнес-плана/spanPlan3' is: '23.70'

11-12-2024T08:01:10 - [MESSAGE][PASSED] - Text of object 'Object Repository/Выполнение бизнес-плана/spanPlan3' is: '23.70'

11-12-2024T08:01:10 - [TEST_STEP][PASSED] - page1 = page1.replace("|", ""): null

11-12-2024T08:01:10 - [TEST_STEP][PASSED] - page2 = getText(findTestObject("Object Repository/Выполнение бизнес-плана/spanFact" + dzoNum)): Text of object 'Object Repository/Выполнение бизнес-плана/spanFact3' is: '27.54
|'

11-12-2024T08:01:11 - [MESSAGE][PASSED] - Text of object 'Object Repository/Выполнение бизнес-плана/spanFact3' is: '27.54
|'

11-12-2024T08:01:11 - [TEST_STEP][PASSED] - page2 = page2.replace("|", ""): null

11-12-2024T08:01:11 - [TEST_STEP][PASSED] - println("page1: " + page1): null

11-12-2024T08:01:11 - [TEST_STEP][PASSED] - println("page2: " + page2): null

11-12-2024T08:01:11 - [TEST_STEP][PASSED] - file = findTestData("PlanFact").getValue(4, a): null

11-12-2024T08:01:11 - [TEST_STEP][PASSED] - file = file.replace(",", "."): null

11-12-2024T08:01:11 - [TEST_STEP][PASSED] - println("file Plan: " + file): null

11-12-2024T08:01:11 - [TEST_STEP][PASSED] - typeOfData = "План в процентах": null

11-12-2024T08:01:11 - [TEST_STEP][PASSED] - fileDouble = file.toDouble(): null

11-12-2024T08:01:11 - [TEST_STEP][PASSED] - pageDouble = page1.toDouble(): null

11-12-2024T08:01:11 - [TEST_STEP][PASSED] - if (fileDouble != pageDouble): null

11-12-2024T08:01:11 - [TEST_STEP][PASSED] - numberOfErrors = numberOfErrors + 1: null

11-12-2024T08:01:11 - [TEST_STEP][PASSED] - Script1718980020443.WriteToExcel(a, typeOfData, todaysDate, pageInt, fileInt, pageDouble, fileDouble, dZO): null

11-12-2024T08:01:11 - [TEST_STEP][PASSED] - sheetName = "Sheet1": null

11-12-2024T08:01:11 - [TEST_STEP][PASSED] - data = findTestData("PlanFact"): null

11-12-2024T08:01:11 - [TEST_STEP][PASSED] - n = data.getRowNumbers() + 1: null

11-12-2024T08:01:11 - [TEST_STEP][PASSED] - year = todaysDate.substring(todaysDate.length() - 4, todaysDate.length()): null

11-12-2024T08:01:11 - [TEST_STEP][PASSED] - y = year.toInteger(): null

11-12-2024T08:01:11 - [TEST_STEP][PASSED] - m = getText(findTestObject("Выполнение бизнес-плана/Период")): Text of object 'Object Repository/Выполнение бизнес-плана/Период' is: '1, 2, 3 кв., Октябрь 2024 года'

11-12-2024T08:01:11 - [MESSAGE][PASSED] - Text of object 'Object Repository/Выполнение бизнес-плана/Период' is: '1, 2, 3 кв., Октябрь 2024 года'

11-12-2024T08:01:11 - [TEST_STEP][PASSED] - m = m.substring(0, m.indexOf("2024")): null

11-12-2024T08:01:11 - [TEST_STEP][PASSED] - m = m.trim(): null

11-12-2024T08:01:11 - [TEST_STEP][PASSED] - dashboardName = "Выполнение бизнес-плана": null

11-12-2024T08:01:11 - [TEST_STEP][PASSED] - workbook01 = getWorkbook(excelFilePath): null

11-12-2024T08:01:11 - [TEST_STEP][PASSED] - sheet01 = getExcelSheet(workbook01, sheetName): null

11-12-2024T08:01:11 - [TEST_STEP][PASSED] - setValueToCellByIndex(sheet01, n, 0, dashboardName): null

11-12-2024T08:01:11 - [TEST_STEP][PASSED] - setValueToCellByIndex(sheet01, n, 1, dZO): null

11-12-2024T08:01:11 - [TEST_STEP][PASSED] - setValueToCellByIndex(sheet01, n, 2, typeOfData): null

11-12-2024T08:01:11 - [TEST_STEP][PASSED] - if (typeOfData == "Факт в процентах" || typeOfData == "План в процентах"): null

11-12-2024T08:01:11 - [TEST_STEP][PASSED] - setValueToCellByIndex(sheet01, n, 3, fileDouble): null

11-12-2024T08:01:11 - [TEST_STEP][PASSED] - setValueToCellByIndex(sheet01, n, 4, pageDouble): null

11-12-2024T08:01:11 - [TEST_STEP][PASSED] - setValueToCellByIndex(sheet01, n, 5, m): null

11-12-2024T08:01:11 - [TEST_STEP][PASSED] - setValueToCellByIndex(sheet01, n, 6, y): null

11-12-2024T08:01:11 - [TEST_STEP][PASSED] - setValueToCellByIndex(sheet01, n, 7, todaysDate): null

11-12-2024T08:01:11 - [TEST_STEP][PASSED] - n = n + 1: null

11-12-2024T08:01:11 - [TEST_STEP][PASSED] - saveWorkbook(excelFilePath, workbook01): null

11-12-2024T08:01:12 - [TEST_STEP][PASSED] - file = findTestData("PlanFact").getValue(7, a): null

11-12-2024T08:01:12 - [TEST_STEP][PASSED] - file = file.replace(",", "."): null

11-12-2024T08:01:12 - [TEST_STEP][PASSED] - println("file Fact: " + file): null

11-12-2024T08:01:12 - [TEST_STEP][PASSED] - fileDouble = file.toDouble(): null

11-12-2024T08:01:12 - [TEST_STEP][PASSED] - typeOfData = "Факт в процентах": null

11-12-2024T08:01:12 - [TEST_STEP][PASSED] - fileDouble = file.toDouble(): null

11-12-2024T08:01:12 - [TEST_STEP][PASSED] - pageDouble = page2.toDouble(): null

11-12-2024T08:01:12 - [TEST_STEP][PASSED] - if (fileDouble != pageDouble): null

11-12-2024T08:01:12 - [TEST_STEP][PASSED] - numberOfErrors = numberOfErrors + 1: null

11-12-2024T08:01:12 - [TEST_STEP][PASSED] - Script1718980020443.WriteToExcel(a, typeOfData, todaysDate, pageInt, fileInt, pageDouble, fileDouble, dZO): null

11-12-2024T08:01:12 - [TEST_STEP][PASSED] - sheetName = "Sheet1": null

11-12-2024T08:01:12 - [TEST_STEP][PASSED] - data = findTestData("PlanFact"): null

11-12-2024T08:01:12 - [TEST_STEP][PASSED] - n = data.getRowNumbers() + 1: null

11-12-2024T08:01:12 - [TEST_STEP][PASSED] - year = todaysDate.substring(todaysDate.length() - 4, todaysDate.length()): null

11-12-2024T08:01:12 - [TEST_STEP][PASSED] - y = year.toInteger(): null

11-12-2024T08:01:12 - [TEST_STEP][PASSED] - m = getText(findTestObject("Выполнение бизнес-плана/Период")): Text of object 'Object Repository/Выполнение бизнес-плана/Период' is: '1, 2, 3 кв., Октябрь 2024 года'

11-12-2024T08:01:12 - [MESSAGE][PASSED] - Text of object 'Object Repository/Выполнение бизнес-плана/Период' is: '1, 2, 3 кв., Октябрь 2024 года'

11-12-2024T08:01:12 - [TEST_STEP][PASSED] - m = m.substring(0, m.indexOf("2024")): null

11-12-2024T08:01:12 - [TEST_STEP][PASSED] - m = m.trim(): null

11-12-2024T08:01:12 - [TEST_STEP][PASSED] - dashboardName = "Выполнение бизнес-плана": null

11-12-2024T08:01:12 - [TEST_STEP][PASSED] - workbook01 = getWorkbook(excelFilePath): null

11-12-2024T08:01:12 - [TEST_STEP][PASSED] - sheet01 = getExcelSheet(workbook01, sheetName): null

11-12-2024T08:01:12 - [TEST_STEP][PASSED] - setValueToCellByIndex(sheet01, n, 0, dashboardName): null

11-12-2024T08:01:12 - [TEST_STEP][PASSED] - setValueToCellByIndex(sheet01, n, 1, dZO): null

11-12-2024T08:01:12 - [TEST_STEP][PASSED] - setValueToCellByIndex(sheet01, n, 2, typeOfData): null

11-12-2024T08:01:12 - [TEST_STEP][PASSED] - if (typeOfData == "Факт в процентах" || typeOfData == "План в процентах"): null

11-12-2024T08:01:12 - [TEST_STEP][PASSED] - setValueToCellByIndex(sheet01, n, 3, fileDouble): null

11-12-2024T08:01:12 - [TEST_STEP][PASSED] - setValueToCellByIndex(sheet01, n, 4, pageDouble): null

11-12-2024T08:01:12 - [TEST_STEP][PASSED] - setValueToCellByIndex(sheet01, n, 5, m): null

11-12-2024T08:01:12 - [TEST_STEP][PASSED] - setValueToCellByIndex(sheet01, n, 6, y): null

11-12-2024T08:01:12 - [TEST_STEP][PASSED] - setValueToCellByIndex(sheet01, n, 7, todaysDate): null

11-12-2024T08:01:12 - [TEST_STEP][PASSED] - n = n + 1: null

11-12-2024T08:01:12 - [TEST_STEP][PASSED] - saveWorkbook(excelFilePath, workbook01): null

11-12-2024T08:01:13 - [TEST_STEP][FAILED] - if (verifyEqual(numberOfErrors, 0) == false): null

11-12-2024T08:01:13 - [MESSAGE][FAILED] - Unable to verify equal between actual object '6' and expected object '0' (Root cause: com.kms.katalon.core.exception.StepFailedException: Actual object '6' and expected object '0' are not equal
	at com.kms.katalon.core.keyword.builtin.VerifyEqualKeyword$_verifyEqual_closure1.doCall(VerifyEqualKeyword.groovy:58)
	at com.kms.katalon.core.keyword.builtin.VerifyEqualKeyword$_verifyEqual_closure1.call(VerifyEqualKeyword.groovy)
	at com.kms.katalon.core.keyword.internal.KeywordMain.runKeyword(KeywordMain.groovy:75)
	at com.kms.katalon.core.keyword.builtin.VerifyEqualKeyword.verifyEqual(VerifyEqualKeyword.groovy:63)
	at com.kms.katalon.core.keyword.builtin.VerifyEqualKeyword.execute(VerifyEqualKeyword.groovy:44)
	at com.kms.katalon.core.keyword.internal.KeywordExecutor.executeKeywordForPlatform(KeywordExecutor.groovy:74)
	at com.kms.katalon.core.keyword.BuiltinKeywords.verifyEqual(BuiltinKeywords.groovy:146)
	at java.base/jdk.internal.reflect.NativeMethodAccessorImpl.invoke0(Native Method)
	at java.base/jdk.internal.reflect.NativeMethodAccessorImpl.invoke(NativeMethodAccessorImpl.java:77)
	at java.base/jdk.internal.reflect.DelegatingMethodAccessorImpl.invoke(DelegatingMethodAccessorImpl.java:43)
	at Выполнение бизнес-плана Сверка ПАО Россети все филиалы.Numbers(Выполнение бизнес-плана Сверка ПАО Россети все филиалы:752)
	at Выполнение бизнес-плана Сверка ПАО Россети все филиалы.run(Выполнение бизнес-плана Сверка ПАО Россети все филиалы:316)
	at com.kms.katalon.core.main.ScriptEngine.run(ScriptEngine.java:194)
	at com.kms.katalon.core.main.ScriptEngine.runScriptAsRawText(ScriptEngine.java:119)
	at com.kms.katalon.core.main.TestCaseExecutor.runScript(TestCaseExecutor.java:448)
	at com.kms.katalon.core.main.TestCaseExecutor.doExecute(TestCaseExecutor.java:439)
	at com.kms.katalon.core.main.TestCaseExecutor.processExecutionPhase(TestCaseExecutor.java:418)
	at com.kms.katalon.core.main.TestCaseExecutor.accessMainPhase(TestCaseExecutor.java:410)
	at com.kms.katalon.core.main.TestCaseExecutor.execute(TestCaseExecutor.java:285)
	at com.kms.katalon.core.common.CommonExecutor.accessTestCaseMainPhase(CommonExecutor.java:65)
	at com.kms.katalon.core.main.TestSuiteExecutor.accessTestSuiteMainPhase(TestSuiteExecutor.java:150)
	at com.kms.katalon.core.main.TestSuiteExecutor.execute(TestSuiteExecutor.java:106)
	at com.kms.katalon.core.main.TestCaseMain.startTestSuite(TestCaseMain.java:180)
	at TempTestSuite1733892825375.run(TempTestSuite1733892825375.groovy:35)
	at java.base/jdk.internal.reflect.NativeMethodAccessorImpl.invoke0(Native Method)
	at java.base/jdk.internal.reflect.NativeMethodAccessorImpl.invoke(NativeMethodAccessorImpl.java:77)
	at java.base/jdk.internal.reflect.DelegatingMethodAccessorImpl.invoke(DelegatingMethodAccessorImpl.java:43)
)

11-12-2024T08:01:13 - [TEST_STEP][PASSED] - println(numberOfErrors): null

11-12-2024T08:01:13 - [TEST_STEP][PASSED] - if (a == 28 || a == 77 || a == 74 || a == 65 || a == 36 || a == 44 || a == 54 || a == 1 || a == 18 || a == 59): null

11-12-2024T08:01:13 - [TEST_STEP][PASSED] - Script1718980020443.Filials(a, typeOfData, todaysDate, pageInt, fileInt, pageDouble, fileDouble, dZO, dzoNum, filialNum): null

11-12-2024T08:01:13 - [TEST_STEP][PASSED] - i = <not implemented yet for class: org.codehaus.groovy.ast.expr.EmptyExpression>: null

11-12-2024T08:01:13 - [TEST_STEP][PASSED] - c = <not implemented yet for class: org.codehaus.groovy.ast.expr.EmptyExpression>: null

11-12-2024T08:01:13 - [TEST_STEP][PASSED] - page = <not implemented yet for class: org.codehaus.groovy.ast.expr.EmptyExpression>: null

11-12-2024T08:01:13 - [TEST_STEP][PASSED] - println(dZO): null

11-12-2024T08:01:13 - [TEST_STEP][PASSED] - reducedDZO = <not implemented yet for class: org.codehaus.groovy.ast.expr.EmptyExpression>: null

11-12-2024T08:01:13 - [TEST_STEP][PASSED] - reducedDZO = dZO.substring(dZO.indexOf(" ") + 1, dZO.length()): null

11-12-2024T08:01:13 - [TEST_STEP][PASSED] - if (reducedDZO.contains(" ")): null

11-12-2024T08:01:13 - [TEST_STEP][PASSED] - reducedDZO = reducedDZO.substring(reducedDZO.indexOf(" ") + 1, reducedDZO.length()): null

11-12-2024T08:01:13 - [TEST_STEP][PASSED] - if (reducedDZO.contains(" ")): null

11-12-2024T08:01:13 - [TEST_STEP][PASSED] - println(reducedDZO): null

11-12-2024T08:01:13 - [TEST_STEP][PASSED] - dzoCut = <not implemented yet for class: org.codehaus.groovy.ast.expr.EmptyExpression>: null

11-12-2024T08:01:13 - [TEST_STEP][PASSED] - Script1718980020443.DZO(a): null

11-12-2024T08:01:13 - [TEST_STEP][PASSED] - Script1718980020443.OpenFilter(): null

11-12-2024T08:01:13 - [TEST_STEP][PASSED] - click(findTestObject("Object Repository/Выполнение бизнес-плана/Фильтр ДЗО")): Object: 'Object Repository/Выполнение бизнес-плана/Фильтр ДЗО' is clicked on

11-12-2024T08:01:13 - [MESSAGE][PASSED] - Object: 'Object Repository/Выполнение бизнес-плана/Фильтр ДЗО' is clicked on

11-12-2024T08:01:13 - [TEST_STEP][PASSED] - click(findTestObject("Выполнение бизнес-плана/Снять выделение в фильтре ДЗО")): Object: 'Object Repository/Выполнение бизнес-плана/Снять выделение в фильтре ДЗО' is clicked on

11-12-2024T08:01:14 - [MESSAGE][PASSED] - Object: 'Object Repository/Выполнение бизнес-плана/Снять выделение в фильтре ДЗО' is clicked on

11-12-2024T08:01:14 - [TEST_STEP][PASSED] - Script1718980020443.OpenRSK(): null

11-12-2024T08:01:14 - [TEST_STEP][PASSED] - click(findTestObject("Выполнение бизнес-плана/Раскрыть список ПАО Россети в фильтре ДЗО")): Object: 'Object Repository/Выполнение бизнес-плана/Раскрыть список ПАО Россети в фильтре ДЗО' is clicked on

11-12-2024T08:01:14 - [MESSAGE][PASSED] - Object: 'Object Repository/Выполнение бизнес-плана/Раскрыть список ПАО Россети в фильтре ДЗО' is clicked on

11-12-2024T08:01:14 - [TEST_STEP][PASSED] - click(findTestObject("Выполнение бизнес-плана/Раскрыть список РаспредКомплекс в фильтре ДЗО")): Object: 'Object Repository/Выполнение бизнес-плана/Раскрыть список РаспредКомплекс в фильтре ДЗО' is clicked on

11-12-2024T08:01:15 - [MESSAGE][PASSED] - Object: 'Object Repository/Выполнение бизнес-плана/Раскрыть список РаспредКомплекс в фильтре ДЗО' is clicked on

11-12-2024T08:01:15 - [TEST_STEP][PASSED] - if (a == 28): null

11-12-2024T08:01:15 - [TEST_STEP][PASSED] - if (a == 77): null

11-12-2024T08:01:15 - [TEST_STEP][PASSED] - if (a == 74): null

11-12-2024T08:01:15 - [TEST_STEP][PASSED] - if (a == 65): Object: 'Object Repository/Выполнение бизнес-плана/Россети Северный Кавказ' is clicked on

11-12-2024T08:01:15 - [TEST_STEP][PASSED] - scrollToElement(findTestObject("Общие объекты/Раскрыть список Россети Северный кавказ"), 30): Scroll to object 'Object Repository/Общие объекты/Раскрыть список Россети Северный кавказ' successfully

11-12-2024T08:01:15 - [MESSAGE][PASSED] - Scroll to object 'Object Repository/Общие объекты/Раскрыть список Россети Северный кавказ' successfully

11-12-2024T08:01:15 - [TEST_STEP][PASSED] - click(findTestObject("Выполнение бизнес-плана/Россети Северный Кавказ")): Object: 'Object Repository/Выполнение бизнес-плана/Россети Северный Кавказ' is clicked on

11-12-2024T08:01:15 - [MESSAGE][PASSED] - Object: 'Object Repository/Выполнение бизнес-плана/Россети Северный Кавказ' is clicked on

11-12-2024T08:01:15 - [TEST_STEP][PASSED] - if (a == 36): null

11-12-2024T08:01:15 - [TEST_STEP][PASSED] - if (a == 44): null

11-12-2024T08:01:15 - [TEST_STEP][PASSED] - if (a == 54): null

11-12-2024T08:01:15 - [TEST_STEP][PASSED] - if (a == 1): null

11-12-2024T08:01:15 - [TEST_STEP][PASSED] - if (a == 18): null

11-12-2024T08:01:15 - [TEST_STEP][PASSED] - if (a == 59): null

11-12-2024T08:01:15 - [TEST_STEP][PASSED] - Script1718980020443.CloseFilter(): null

11-12-2024T08:01:15 - [TEST_STEP][PASSED] - scrollToElement(findTestObject("Выполнение бизнес-плана/Заголовок дашборда"), 30): Scroll to object 'Object Repository/Выполнение бизнес-плана/Заголовок дашборда' successfully

11-12-2024T08:01:16 - [MESSAGE][PASSED] - Scroll to object 'Object Repository/Выполнение бизнес-плана/Заголовок дашборда' successfully

11-12-2024T08:01:16 - [TEST_STEP][PASSED] - click(findTestObject("Object Repository/Выполнение бизнес-плана/Применить в фильтре ДЗО")): Object: 'Object Repository/Выполнение бизнес-плана/Применить в фильтре ДЗО' is clicked on

11-12-2024T08:01:17 - [MESSAGE][PASSED] - Object: 'Object Repository/Выполнение бизнес-плана/Применить в фильтре ДЗО' is clicked on

11-12-2024T08:01:17 - [TEST_STEP][PASSED] - Script1718980020443.ZakrytOpoveshenie(): null

11-12-2024T08:01:17 - [TEST_STEP][PASSED] - delay(10): Delayed 10 second(s)

11-12-2024T08:01:27 - [MESSAGE][PASSED] - Delayed 10 second(s)

11-12-2024T08:01:27 - [TEST_STEP][PASSED] - opoveshenie = getText(findTestObject("Выполнение бизнес-плана/Просьба обратить внимание")): Text of object 'Object Repository/Выполнение бизнес-плана/Просьба обратить внимание' is: ''

11-12-2024T08:01:57 - [MESSAGE][PASSED] - Text of object 'Object Repository/Выполнение бизнес-плана/Просьба обратить внимание' is: ''

11-12-2024T08:01:57 - [TEST_STEP][PASSED] - println(opoveshenie): null

11-12-2024T08:01:57 - [TEST_STEP][PASSED] - if (opoveshenie == "Просьба обратить внимание"): null

11-12-2024T08:01:57 - [TEST_STEP][PASSED] - page = getText(findTestObject("Object Repository/Выполнение бизнес-плана/Filials")): Text of object 'Object Repository/Выполнение бизнес-плана/Filials' is: 'Россети Северный Кавказ
0
10
20
30
40
50
60
70'

11-12-2024T08:01:57 - [MESSAGE][PASSED] - Text of object 'Object Repository/Выполнение бизнес-плана/Filials' is: 'Россети Северный Кавказ
0
10
20
30
40
50
60
70'

11-12-2024T08:01:57 - [TEST_STEP][PASSED] - println(page): null

11-12-2024T08:01:57 - [TEST_STEP][PASSED] - c = page.indexOf(reducedDZO): null

11-12-2024T08:01:57 - [TEST_STEP][PASSED] - if (c > -1): null

11-12-2024T08:01:57 - [TEST_STEP][PASSED] - click(findTestObject("Выполнение бизнес-плана/список")): Object: 'Object Repository/Выполнение бизнес-плана/список' is clicked on

11-12-2024T08:01:58 - [MESSAGE][PASSED] - Object: 'Object Repository/Выполнение бизнес-плана/список' is clicked on

11-12-2024T08:01:58 - [TEST_STEP][PASSED] - delay(10): Delayed 10 second(s)

11-12-2024T08:02:08 - [MESSAGE][PASSED] - Delayed 10 second(s)

11-12-2024T08:02:08 - [TEST_STEP][PASSED] - click(findTestObject("Выполнение бизнес-плана/Раскрытие списка")): Object: 'Object Repository/Выполнение бизнес-плана/Раскрытие списка' is clicked on

11-12-2024T08:02:08 - [MESSAGE][PASSED] - Object: 'Object Repository/Выполнение бизнес-плана/Раскрытие списка' is clicked on

11-12-2024T08:02:08 - [TEST_STEP][PASSED] - delay(10): Delayed 10 second(s)

11-12-2024T08:02:18 - [MESSAGE][PASSED] - Delayed 10 second(s)

11-12-2024T08:02:18 - [TEST_STEP][PASSED] - page = getText(findTestObject("Object Repository/Выполнение бизнес-плана/Filials")): Text of object 'Object Repository/Выполнение бизнес-плана/Filials' is: 'Дагэнерго
Ингушэнерго
Каббалкэнерго
Карачаево-Черкесскэнерго
Севкавказэнерго
Ставропольэнерго
0
10
20
30
40
50
60
70'

11-12-2024T08:02:20 - [MESSAGE][PASSED] - Text of object 'Object Repository/Выполнение бизнес-плана/Filials' is: 'Дагэнерго
Ингушэнерго
Каббалкэнерго
Карачаево-Черкесскэнерго
Севкавказэнерго
Ставропольэнерго
0
10
20
30
40
50
60
70'

11-12-2024T08:02:20 - [TEST_STEP][PASSED] - println(page): null

11-12-2024T08:02:20 - [TEST_STEP][PASSED] - c = page.indexOf(reducedDZO): null

11-12-2024T08:02:20 - [TEST_STEP][PASSED] - x2 = getText(findTestObject("Выполнение бизнес-плана/Список ДЗО старый")): Text of object 'Object Repository/Выполнение бизнес-плана/Список ДЗО старый' is: 'Дагэнерго
Ингушэнерго
Каббалкэнерго
Карачаево-Черкесскэнерго
Севкавказэнерго
Ставропольэнерго
0
10
20
30
40
50
60
70'

11-12-2024T08:02:20 - [MESSAGE][PASSED] - Text of object 'Object Repository/Выполнение бизнес-плана/Список ДЗО старый' is: 'Дагэнерго
Ингушэнерго
Каббалкэнерго
Карачаево-Черкесскэнерго
Севкавказэнерго
Ставропольэнерго
0
10
20
30
40
50
60
70'

11-12-2024T08:02:20 - [TEST_STEP][PASSED] - if (a == 28): null

11-12-2024T08:02:20 - [TEST_STEP][PASSED] - if (a == 77): null

11-12-2024T08:02:20 - [TEST_STEP][PASSED] - if (a == 74): null

11-12-2024T08:02:20 - [TEST_STEP][PASSED] - if (a == 65): null

11-12-2024T08:02:20 - [TEST_STEP][PASSED] - dZO = "Дагэнерго": null

11-12-2024T08:02:20 - [TEST_STEP][PASSED] - a = 71: null

11-12-2024T08:02:20 - [TEST_STEP][PASSED] - if (x2.contains(dZO)): null

11-12-2024T08:02:20 - [TEST_STEP][PASSED] - filialNum = filialNum + 1: null

11-12-2024T08:02:20 - [TEST_STEP][PASSED] - Script1718980020443.Numbers(a, typeOfData, todaysDate, pageInt, fileInt, pageDouble, fileDouble, dZO, dzoNum, filialNum): null

11-12-2024T08:02:20 - [TEST_STEP][PASSED] - println(dzoNum): null

11-12-2024T08:02:20 - [TEST_STEP][PASSED] - planFact = <not implemented yet for class: org.codehaus.groovy.ast.expr.EmptyExpression>: null

11-12-2024T08:02:20 - [TEST_STEP][PASSED] - page = <not implemented yet for class: org.codehaus.groovy.ast.expr.EmptyExpression>: null

11-12-2024T08:02:20 - [TEST_STEP][PASSED] - page1 = <not implemented yet for class: org.codehaus.groovy.ast.expr.EmptyExpression>: null

11-12-2024T08:02:20 - [TEST_STEP][PASSED] - page2 = <not implemented yet for class: org.codehaus.groovy.ast.expr.EmptyExpression>: null

11-12-2024T08:02:20 - [TEST_STEP][PASSED] - filialNumberInRow = <not implemented yet for class: org.codehaus.groovy.ast.expr.EmptyExpression>: null

11-12-2024T08:02:20 - [TEST_STEP][PASSED] - filialsDzoNames = <not implemented yet for class: org.codehaus.groovy.ast.expr.EmptyExpression>: null

11-12-2024T08:02:20 - [TEST_STEP][PASSED] - numberOfFilials = <not implemented yet for class: org.codehaus.groovy.ast.expr.EmptyExpression>: null

11-12-2024T08:02:20 - [TEST_STEP][PASSED] - numberOfSpaces = <not implemented yet for class: org.codehaus.groovy.ast.expr.EmptyExpression>: null

11-12-2024T08:02:20 - [TEST_STEP][PASSED] - file = <not implemented yet for class: org.codehaus.groovy.ast.expr.EmptyExpression>: null

11-12-2024T08:02:20 - [TEST_STEP][PASSED] - otpusk = <not implemented yet for class: org.codehaus.groovy.ast.expr.EmptyExpression>: null

11-12-2024T08:02:20 - [TEST_STEP][PASSED] - poteri = <not implemented yet for class: org.codehaus.groovy.ast.expr.EmptyExpression>: null

11-12-2024T08:02:20 - [TEST_STEP][PASSED] - dataFolder = "Выполнение бизнес-плана/Значения со страницы Выполнение бизнес-плана/": null

11-12-2024T08:02:20 - [TEST_STEP][PASSED] - path = <not implemented yet for class: org.codehaus.groovy.ast.expr.EmptyExpression>: null

11-12-2024T08:02:20 - [TEST_STEP][PASSED] - typeOfDataMain = <not implemented yet for class: org.codehaus.groovy.ast.expr.EmptyExpression>: null

11-12-2024T08:02:20 - [TEST_STEP][PASSED] - fileOtpuskVSet = <not implemented yet for class: org.codehaus.groovy.ast.expr.EmptyExpression>: null

11-12-2024T08:02:20 - [TEST_STEP][PASSED] - pageOtpuskVSet = <not implemented yet for class: org.codehaus.groovy.ast.expr.EmptyExpression>: null

11-12-2024T08:02:20 - [TEST_STEP][PASSED] - filePoteri = <not implemented yet for class: org.codehaus.groovy.ast.expr.EmptyExpression>: null

11-12-2024T08:02:20 - [TEST_STEP][PASSED] - pagePoteri = <not implemented yet for class: org.codehaus.groovy.ast.expr.EmptyExpression>: null

11-12-2024T08:02:20 - [TEST_STEP][PASSED] - compare = <not implemented yet for class: org.codehaus.groovy.ast.expr.EmptyExpression>: null

11-12-2024T08:02:20 - [TEST_STEP][PASSED] - b = <not implemented yet for class: org.codehaus.groovy.ast.expr.EmptyExpression>: null

11-12-2024T08:02:20 - [TEST_STEP][PASSED] - i = <not implemented yet for class: org.codehaus.groovy.ast.expr.EmptyExpression>: null

11-12-2024T08:02:20 - [TEST_STEP][PASSED] - ii = <not implemented yet for class: org.codehaus.groovy.ast.expr.EmptyExpression>: null

11-12-2024T08:02:20 - [TEST_STEP][PASSED] - c = <not implemented yet for class: org.codehaus.groovy.ast.expr.EmptyExpression>: null

11-12-2024T08:02:20 - [TEST_STEP][PASSED] - numberOfErrors = 0: null

11-12-2024T08:02:20 - [TEST_STEP][PASSED] - if (a == 82): null

11-12-2024T08:02:20 - [TEST_STEP][PASSED] - b = findTestData("PlanFact").getValue(1, a): null

11-12-2024T08:02:21 - [TEST_STEP][PASSED] - i = b.indexOf(" (ГК)"): null

11-12-2024T08:02:21 - [TEST_STEP][PASSED] - if (i > -1): null

11-12-2024T08:02:21 - [TEST_STEP][PASSED] - i = b.indexOf("О ""): null

11-12-2024T08:02:21 - [TEST_STEP][PASSED] - if (i > -1): null

11-12-2024T08:02:21 - [TEST_STEP][PASSED] - i = b.indexOf("О «"): null

11-12-2024T08:02:21 - [TEST_STEP][PASSED] - if (i > -1): null

11-12-2024T08:02:21 - [TEST_STEP][PASSED] - i = b.indexOf("г. "): null

11-12-2024T08:02:21 - [TEST_STEP][PASSED] - if (i > -1): null

11-12-2024T08:02:21 - [TEST_STEP][PASSED] - println(b): null

11-12-2024T08:02:21 - [TEST_STEP][PASSED] - for ([planFact = 1, planFact < 3, (planFact++)]): null

11-12-2024T08:02:21 - [TEST_STEP][PASSED] - if (planFact == 1): null

11-12-2024T08:02:21 - [TEST_STEP][PASSED] - typeOfDataMain = "Факт": null

11-12-2024T08:02:21 - [TEST_STEP][PASSED] - otpusk = findTestData("PlanFact").getValue(5, a): null

11-12-2024T08:02:21 - [TEST_STEP][PASSED] - poteri = findTestData("PlanFact").getValue(6, a): null

11-12-2024T08:02:21 - [TEST_STEP][PASSED] - otpusk = otpusk.replaceAll("\s+", ""): null

11-12-2024T08:02:21 - [TEST_STEP][PASSED] - poteri = poteri.replaceAll("\s+", ""): null

11-12-2024T08:02:21 - [TEST_STEP][PASSED] - typeOfData = typeOfDataMain + " Отпуск в сеть": null

11-12-2024T08:02:21 - [TEST_STEP][PASSED] - if (a == 82): null

11-12-2024T08:02:21 - [TEST_STEP][PASSED] - else if (a == 84): null

11-12-2024T08:02:21 - [TEST_STEP][PASSED] - else if (a == 52 || a == 72 || a == 28 || a == 73 || a == 77 || a == 74 || a == 65 || a == 36 || a == 44 || a == 53 || a == 80 || a == 54 || a == 1 || a == 18 || a == 59 || a == 81): null

11-12-2024T08:02:21 - [TEST_STEP][PASSED] - else: null

11-12-2024T08:02:21 - [TEST_STEP][PASSED] - path = dataFolder + typeOfData + " за отчётный период " + b: null

11-12-2024T08:02:21 - [TEST_STEP][PASSED] - println(path): null

11-12-2024T08:02:21 - [TEST_STEP][PASSED] - page = getText(findTestObject(path)): Text of object 'Object Repository/Выполнение бизнес-плана/Значения со страницы Выполнение бизнес-плана/Факт Отпуск в сеть за отчётный период Дагэнерго' is: '6 610 196'

11-12-2024T08:02:21 - [MESSAGE][PASSED] - Text of object 'Object Repository/Выполнение бизнес-плана/Значения со страницы Выполнение бизнес-плана/Факт Отпуск в сеть за отчётный период Дагэнерго' is: '6 610 196'

11-12-2024T08:02:21 - [TEST_STEP][PASSED] - page = page.replaceAll("\s+", ""): null

11-12-2024T08:02:21 - [TEST_STEP][PASSED] - fileOtpuskVSet = otpusk.toInteger(): null

11-12-2024T08:02:21 - [TEST_STEP][PASSED] - pageOtpuskVSet = page.toInteger(): null

11-12-2024T08:02:21 - [TEST_STEP][PASSED] - typeOfData = typeOfDataMain + " Потери": null

11-12-2024T08:02:21 - [TEST_STEP][PASSED] - if (a == 82): null

11-12-2024T08:02:21 - [TEST_STEP][PASSED] - else if (a == 84): null

11-12-2024T08:02:21 - [TEST_STEP][PASSED] - else if (a == 52 || a == 72 || a == 28 || a == 73 || a == 77 || a == 74 || a == 65 || a == 36 || a == 44 || a == 53 || a == 80 || a == 54 || a == 1 || a == 18 || a == 59 || a == 81): null

11-12-2024T08:02:21 - [TEST_STEP][PASSED] - else: null

11-12-2024T08:02:21 - [TEST_STEP][PASSED] - path = dataFolder + typeOfData + " за отчётный период " + b: null

11-12-2024T08:02:21 - [TEST_STEP][PASSED] - page = getText(findTestObject(path)): Text of object 'Object Repository/Выполнение бизнес-плана/Значения со страницы Выполнение бизнес-плана/Факт Потери за отчётный период Дагэнерго' is: '3 159 035'

11-12-2024T08:02:21 - [MESSAGE][PASSED] - Text of object 'Object Repository/Выполнение бизнес-плана/Значения со страницы Выполнение бизнес-плана/Факт Потери за отчётный период Дагэнерго' is: '3 159 035'

11-12-2024T08:02:21 - [TEST_STEP][PASSED] - page = page.replaceAll("\s+", ""): null

11-12-2024T08:02:21 - [TEST_STEP][PASSED] - filePoteri = poteri.toInteger(): null

11-12-2024T08:02:21 - [TEST_STEP][PASSED] - pagePoteri = page.toInteger(): null

11-12-2024T08:02:21 - [TEST_STEP][PASSED] - compare = pageOtpuskVSet: null

11-12-2024T08:02:21 - [TEST_STEP][PASSED] - if (compare == fileOtpuskVSet): null

11-12-2024T08:02:21 - [TEST_STEP][PASSED] - else if (compare > fileOtpuskVSet): null

11-12-2024T08:02:21 - [TEST_STEP][PASSED] - else if (compare < fileOtpuskVSet): null

11-12-2024T08:02:21 - [TEST_STEP][PASSED] - compare = compare + 1: null

11-12-2024T08:02:21 - [TEST_STEP][PASSED] - if (compare == fileOtpuskVSet): null

11-12-2024T08:02:21 - [TEST_STEP][PASSED] - else: null

11-12-2024T08:02:21 - [TEST_STEP][PASSED] - numberOfErrors = numberOfErrors + 1: null

11-12-2024T08:02:21 - [TEST_STEP][PASSED] - pageInt = pageOtpuskVSet: null

11-12-2024T08:02:21 - [TEST_STEP][PASSED] - fileInt = fileOtpuskVSet: null

11-12-2024T08:02:21 - [TEST_STEP][PASSED] - typeOfData = typeOfDataMain + " Отпуск в сеть": null

11-12-2024T08:02:21 - [TEST_STEP][PASSED] - Script1718980020443.WriteToExcel(a, typeOfData, todaysDate, pageInt, fileInt, pageDouble, fileDouble, dZO): null

11-12-2024T08:02:21 - [TEST_STEP][PASSED] - sheetName = "Sheet1": null

11-12-2024T08:02:21 - [TEST_STEP][PASSED] - data = findTestData("PlanFact"): null

11-12-2024T08:02:22 - [TEST_STEP][PASSED] - n = data.getRowNumbers() + 1: null

11-12-2024T08:02:22 - [TEST_STEP][PASSED] - year = todaysDate.substring(todaysDate.length() - 4, todaysDate.length()): null

11-12-2024T08:02:22 - [TEST_STEP][PASSED] - y = year.toInteger(): null

11-12-2024T08:02:22 - [TEST_STEP][PASSED] - m = getText(findTestObject("Выполнение бизнес-плана/Период")): Text of object 'Object Repository/Выполнение бизнес-плана/Период' is: '1, 2, 3 кв., Октябрь 2024 года'

11-12-2024T08:02:22 - [MESSAGE][PASSED] - Text of object 'Object Repository/Выполнение бизнес-плана/Период' is: '1, 2, 3 кв., Октябрь 2024 года'

11-12-2024T08:02:22 - [TEST_STEP][PASSED] - m = m.substring(0, m.indexOf("2024")): null

11-12-2024T08:02:22 - [TEST_STEP][PASSED] - m = m.trim(): null

11-12-2024T08:02:22 - [TEST_STEP][PASSED] - dashboardName = "Выполнение бизнес-плана": null

11-12-2024T08:02:22 - [TEST_STEP][PASSED] - workbook01 = getWorkbook(excelFilePath): null

11-12-2024T08:02:22 - [TEST_STEP][PASSED] - sheet01 = getExcelSheet(workbook01, sheetName): null

11-12-2024T08:02:22 - [TEST_STEP][PASSED] - setValueToCellByIndex(sheet01, n, 0, dashboardName): null

11-12-2024T08:02:22 - [TEST_STEP][PASSED] - setValueToCellByIndex(sheet01, n, 1, dZO): null

11-12-2024T08:02:22 - [TEST_STEP][PASSED] - setValueToCellByIndex(sheet01, n, 2, typeOfData): null

11-12-2024T08:02:22 - [TEST_STEP][PASSED] - if (typeOfData == "Факт в процентах" || typeOfData == "План в процентах"): null

11-12-2024T08:02:22 - [TEST_STEP][PASSED] - else: null

11-12-2024T08:02:22 - [TEST_STEP][PASSED] - setValueToCellByIndex(sheet01, n, 3, fileInt): null

11-12-2024T08:02:22 - [TEST_STEP][PASSED] - setValueToCellByIndex(sheet01, n, 4, pageInt): null

11-12-2024T08:02:22 - [TEST_STEP][PASSED] - setValueToCellByIndex(sheet01, n, 5, m): null

11-12-2024T08:02:22 - [TEST_STEP][PASSED] - setValueToCellByIndex(sheet01, n, 6, y): null

11-12-2024T08:02:22 - [TEST_STEP][PASSED] - setValueToCellByIndex(sheet01, n, 7, todaysDate): null

11-12-2024T08:02:22 - [TEST_STEP][PASSED] - n = n + 1: null

11-12-2024T08:02:22 - [TEST_STEP][PASSED] - saveWorkbook(excelFilePath, workbook01): null

11-12-2024T08:02:22 - [TEST_STEP][PASSED] - compare = pagePoteri: null

11-12-2024T08:02:22 - [TEST_STEP][PASSED] - if (compare == filePoteri): null

11-12-2024T08:02:22 - [TEST_STEP][PASSED] - else if (compare > filePoteri): null

11-12-2024T08:02:22 - [TEST_STEP][PASSED] - else if (compare < filePoteri): null

11-12-2024T08:02:22 - [TEST_STEP][PASSED] - compare = compare + 1: null

11-12-2024T08:02:22 - [TEST_STEP][PASSED] - if (compare == filePoteri): null

11-12-2024T08:02:22 - [TEST_STEP][PASSED] - else: null

11-12-2024T08:02:22 - [TEST_STEP][PASSED] - numberOfErrors = numberOfErrors + 1: null

11-12-2024T08:02:22 - [TEST_STEP][PASSED] - pageInt = pagePoteri: null

11-12-2024T08:02:22 - [TEST_STEP][PASSED] - fileInt = filePoteri: null

11-12-2024T08:02:22 - [TEST_STEP][PASSED] - typeOfData = typeOfDataMain + " Потери": null

11-12-2024T08:02:22 - [TEST_STEP][PASSED] - Script1718980020443.WriteToExcel(a, typeOfData, todaysDate, pageInt, fileInt, pageDouble, fileDouble, dZO): null

11-12-2024T08:02:22 - [TEST_STEP][PASSED] - sheetName = "Sheet1": null

11-12-2024T08:02:22 - [TEST_STEP][PASSED] - data = findTestData("PlanFact"): null

11-12-2024T08:02:22 - [TEST_STEP][PASSED] - n = data.getRowNumbers() + 1: null

11-12-2024T08:02:22 - [TEST_STEP][PASSED] - year = todaysDate.substring(todaysDate.length() - 4, todaysDate.length()): null

11-12-2024T08:02:22 - [TEST_STEP][PASSED] - y = year.toInteger(): null

11-12-2024T08:02:22 - [TEST_STEP][PASSED] - m = getText(findTestObject("Выполнение бизнес-плана/Период")): Text of object 'Object Repository/Выполнение бизнес-плана/Период' is: '1, 2, 3 кв., Октябрь 2024 года'

11-12-2024T08:02:23 - [MESSAGE][PASSED] - Text of object 'Object Repository/Выполнение бизнес-плана/Период' is: '1, 2, 3 кв., Октябрь 2024 года'

11-12-2024T08:02:23 - [TEST_STEP][PASSED] - m = m.substring(0, m.indexOf("2024")): null

11-12-2024T08:02:23 - [TEST_STEP][PASSED] - m = m.trim(): null

11-12-2024T08:02:23 - [TEST_STEP][PASSED] - dashboardName = "Выполнение бизнес-плана": null

11-12-2024T08:02:23 - [TEST_STEP][PASSED] - workbook01 = getWorkbook(excelFilePath): null

11-12-2024T08:02:23 - [TEST_STEP][PASSED] - sheet01 = getExcelSheet(workbook01, sheetName): null

11-12-2024T08:02:23 - [TEST_STEP][PASSED] - setValueToCellByIndex(sheet01, n, 0, dashboardName): null

11-12-2024T08:02:23 - [TEST_STEP][PASSED] - setValueToCellByIndex(sheet01, n, 1, dZO): null

11-12-2024T08:02:23 - [TEST_STEP][PASSED] - setValueToCellByIndex(sheet01, n, 2, typeOfData): null

11-12-2024T08:02:23 - [TEST_STEP][PASSED] - if (typeOfData == "Факт в процентах" || typeOfData == "План в процентах"): null

11-12-2024T08:02:23 - [TEST_STEP][PASSED] - else: null

11-12-2024T08:02:23 - [TEST_STEP][PASSED] - setValueToCellByIndex(sheet01, n, 3, fileInt): null

11-12-2024T08:02:23 - [TEST_STEP][PASSED] - setValueToCellByIndex(sheet01, n, 4, pageInt): null

11-12-2024T08:02:23 - [TEST_STEP][PASSED] - setValueToCellByIndex(sheet01, n, 5, m): null

11-12-2024T08:02:23 - [TEST_STEP][PASSED] - setValueToCellByIndex(sheet01, n, 6, y): null

11-12-2024T08:02:23 - [TEST_STEP][PASSED] - setValueToCellByIndex(sheet01, n, 7, todaysDate): null

11-12-2024T08:02:23 - [TEST_STEP][PASSED] - n = n + 1: null

11-12-2024T08:02:23 - [TEST_STEP][PASSED] - saveWorkbook(excelFilePath, workbook01): null

11-12-2024T08:02:23 - [TEST_STEP][PASSED] - if (planFact == 2): null

11-12-2024T08:02:23 - [TEST_STEP][PASSED] - if (planFact == 1): null

11-12-2024T08:02:23 - [TEST_STEP][PASSED] - else if (planFact == 2): null

11-12-2024T08:02:23 - [TEST_STEP][PASSED] - click(findTestObject("Выполнение бизнес-плана/Кнопка План")): Object: 'Object Repository/Выполнение бизнес-плана/Кнопка План' is clicked on

11-12-2024T08:02:23 - [MESSAGE][PASSED] - Object: 'Object Repository/Выполнение бизнес-плана/Кнопка План' is clicked on

11-12-2024T08:02:23 - [TEST_STEP][PASSED] - typeOfDataMain = "План": null

11-12-2024T08:02:23 - [TEST_STEP][PASSED] - otpusk = findTestData("PlanFact").getValue(2, a): null

11-12-2024T08:02:24 - [TEST_STEP][PASSED] - poteri = findTestData("PlanFact").getValue(3, a): null

11-12-2024T08:02:24 - [TEST_STEP][PASSED] - otpusk = otpusk.replaceAll("\s+", ""): null

11-12-2024T08:02:24 - [TEST_STEP][PASSED] - poteri = poteri.replaceAll("\s+", ""): null

11-12-2024T08:02:24 - [TEST_STEP][PASSED] - typeOfData = typeOfDataMain + " Отпуск в сеть": null

11-12-2024T08:02:24 - [TEST_STEP][PASSED] - if (a == 82): null

11-12-2024T08:02:24 - [TEST_STEP][PASSED] - else if (a == 84): null

11-12-2024T08:02:24 - [TEST_STEP][PASSED] - else if (a == 52 || a == 72 || a == 28 || a == 73 || a == 77 || a == 74 || a == 65 || a == 36 || a == 44 || a == 53 || a == 80 || a == 54 || a == 1 || a == 18 || a == 59 || a == 81): null

11-12-2024T08:02:24 - [TEST_STEP][PASSED] - else: null

11-12-2024T08:02:24 - [TEST_STEP][PASSED] - path = dataFolder + typeOfData + " за отчётный период " + b: null

11-12-2024T08:02:24 - [TEST_STEP][PASSED] - println(path): null

11-12-2024T08:02:24 - [TEST_STEP][PASSED] - page = getText(findTestObject(path)): Text of object 'Object Repository/Выполнение бизнес-плана/Значения со страницы Выполнение бизнес-плана/План Отпуск в сеть за отчётный период Дагэнерго' is: '6 186 218'

11-12-2024T08:02:24 - [MESSAGE][PASSED] - Text of object 'Object Repository/Выполнение бизнес-плана/Значения со страницы Выполнение бизнес-плана/План Отпуск в сеть за отчётный период Дагэнерго' is: '6 186 218'

11-12-2024T08:02:24 - [TEST_STEP][PASSED] - page = page.replaceAll("\s+", ""): null

11-12-2024T08:02:24 - [TEST_STEP][PASSED] - fileOtpuskVSet = otpusk.toInteger(): null

11-12-2024T08:02:24 - [TEST_STEP][PASSED] - pageOtpuskVSet = page.toInteger(): null

11-12-2024T08:02:24 - [TEST_STEP][PASSED] - typeOfData = typeOfDataMain + " Потери": null

11-12-2024T08:02:24 - [TEST_STEP][PASSED] - if (a == 82): null

11-12-2024T08:02:24 - [TEST_STEP][PASSED] - else if (a == 84): null

11-12-2024T08:02:24 - [TEST_STEP][PASSED] - else if (a == 52 || a == 72 || a == 28 || a == 73 || a == 77 || a == 74 || a == 65 || a == 36 || a == 44 || a == 53 || a == 80 || a == 54 || a == 1 || a == 18 || a == 59 || a == 81): null

11-12-2024T08:02:24 - [TEST_STEP][PASSED] - else: null

11-12-2024T08:02:24 - [TEST_STEP][PASSED] - path = dataFolder + typeOfData + " за отчётный период " + b: null

11-12-2024T08:02:24 - [TEST_STEP][PASSED] - page = getText(findTestObject(path)): Text of object 'Object Repository/Выполнение бизнес-плана/Значения со страницы Выполнение бизнес-плана/План Потери за отчётный период Дагэнерго' is: '2 458 608'

11-12-2024T08:02:24 - [MESSAGE][PASSED] - Text of object 'Object Repository/Выполнение бизнес-плана/Значения со страницы Выполнение бизнес-плана/План Потери за отчётный период Дагэнерго' is: '2 458 608'

11-12-2024T08:02:24 - [TEST_STEP][PASSED] - page = page.replaceAll("\s+", ""): null

11-12-2024T08:02:24 - [TEST_STEP][PASSED] - filePoteri = poteri.toInteger(): null

11-12-2024T08:02:24 - [TEST_STEP][PASSED] - pagePoteri = page.toInteger(): null

11-12-2024T08:02:24 - [TEST_STEP][PASSED] - compare = pageOtpuskVSet: null

11-12-2024T08:02:24 - [TEST_STEP][PASSED] - if (compare == fileOtpuskVSet): null

11-12-2024T08:02:24 - [TEST_STEP][PASSED] - else if (compare > fileOtpuskVSet): null

11-12-2024T08:02:24 - [TEST_STEP][PASSED] - else if (compare < fileOtpuskVSet): null

11-12-2024T08:02:24 - [TEST_STEP][PASSED] - compare = compare + 1: null

11-12-2024T08:02:24 - [TEST_STEP][PASSED] - if (compare == fileOtpuskVSet): null

11-12-2024T08:02:24 - [TEST_STEP][PASSED] - else: null

11-12-2024T08:02:24 - [TEST_STEP][PASSED] - numberOfErrors = numberOfErrors + 1: null

11-12-2024T08:02:24 - [TEST_STEP][PASSED] - pageInt = pageOtpuskVSet: null

11-12-2024T08:02:24 - [TEST_STEP][PASSED] - fileInt = fileOtpuskVSet: null

11-12-2024T08:02:24 - [TEST_STEP][PASSED] - typeOfData = typeOfDataMain + " Отпуск в сеть": null

11-12-2024T08:02:24 - [TEST_STEP][PASSED] - Script1718980020443.WriteToExcel(a, typeOfData, todaysDate, pageInt, fileInt, pageDouble, fileDouble, dZO): null

11-12-2024T08:02:24 - [TEST_STEP][PASSED] - sheetName = "Sheet1": null

11-12-2024T08:02:24 - [TEST_STEP][PASSED] - data = findTestData("PlanFact"): null

11-12-2024T08:02:24 - [TEST_STEP][PASSED] - n = data.getRowNumbers() + 1: null

11-12-2024T08:02:24 - [TEST_STEP][PASSED] - year = todaysDate.substring(todaysDate.length() - 4, todaysDate.length()): null

11-12-2024T08:02:24 - [TEST_STEP][PASSED] - y = year.toInteger(): null

11-12-2024T08:02:24 - [TEST_STEP][PASSED] - m = getText(findTestObject("Выполнение бизнес-плана/Период")): Text of object 'Object Repository/Выполнение бизнес-плана/Период' is: '1, 2, 3 кв., Октябрь 2024 года'

11-12-2024T08:02:25 - [MESSAGE][PASSED] - Text of object 'Object Repository/Выполнение бизнес-плана/Период' is: '1, 2, 3 кв., Октябрь 2024 года'

11-12-2024T08:02:25 - [TEST_STEP][PASSED] - m = m.substring(0, m.indexOf("2024")): null

11-12-2024T08:02:25 - [TEST_STEP][PASSED] - m = m.trim(): null

11-12-2024T08:02:25 - [TEST_STEP][PASSED] - dashboardName = "Выполнение бизнес-плана": null

11-12-2024T08:02:25 - [TEST_STEP][PASSED] - workbook01 = getWorkbook(excelFilePath): null

11-12-2024T08:02:25 - [TEST_STEP][PASSED] - sheet01 = getExcelSheet(workbook01, sheetName): null

11-12-2024T08:02:25 - [TEST_STEP][PASSED] - setValueToCellByIndex(sheet01, n, 0, dashboardName): null

11-12-2024T08:02:25 - [TEST_STEP][PASSED] - setValueToCellByIndex(sheet01, n, 1, dZO): null

11-12-2024T08:02:25 - [TEST_STEP][PASSED] - setValueToCellByIndex(sheet01, n, 2, typeOfData): null

11-12-2024T08:02:25 - [TEST_STEP][PASSED] - if (typeOfData == "Факт в процентах" || typeOfData == "План в процентах"): null

11-12-2024T08:02:25 - [TEST_STEP][PASSED] - else: null

11-12-2024T08:02:25 - [TEST_STEP][PASSED] - setValueToCellByIndex(sheet01, n, 3, fileInt): null

11-12-2024T08:02:25 - [TEST_STEP][PASSED] - setValueToCellByIndex(sheet01, n, 4, pageInt): null

11-12-2024T08:02:25 - [TEST_STEP][PASSED] - setValueToCellByIndex(sheet01, n, 5, m): null

11-12-2024T08:02:25 - [TEST_STEP][PASSED] - setValueToCellByIndex(sheet01, n, 6, y): null

11-12-2024T08:02:25 - [TEST_STEP][PASSED] - setValueToCellByIndex(sheet01, n, 7, todaysDate): null

11-12-2024T08:02:25 - [TEST_STEP][PASSED] - n = n + 1: null

11-12-2024T08:02:25 - [TEST_STEP][PASSED] - saveWorkbook(excelFilePath, workbook01): null

11-12-2024T08:02:25 - [TEST_STEP][PASSED] - compare = pagePoteri: null

11-12-2024T08:02:25 - [TEST_STEP][PASSED] - if (compare == filePoteri): null

11-12-2024T08:02:25 - [TEST_STEP][PASSED] - else if (compare > filePoteri): null

11-12-2024T08:02:25 - [TEST_STEP][PASSED] - else if (compare < filePoteri): null

11-12-2024T08:02:25 - [TEST_STEP][PASSED] - compare = compare + 1: null

11-12-2024T08:02:25 - [TEST_STEP][PASSED] - if (compare == filePoteri): null

11-12-2024T08:02:25 - [TEST_STEP][PASSED] - else: null

11-12-2024T08:02:25 - [TEST_STEP][PASSED] - numberOfErrors = numberOfErrors + 1: null

11-12-2024T08:02:25 - [TEST_STEP][PASSED] - pageInt = pagePoteri: null

11-12-2024T08:02:25 - [TEST_STEP][PASSED] - fileInt = filePoteri: null

11-12-2024T08:02:25 - [TEST_STEP][PASSED] - typeOfData = typeOfDataMain + " Потери": null

11-12-2024T08:02:25 - [TEST_STEP][PASSED] - Script1718980020443.WriteToExcel(a, typeOfData, todaysDate, pageInt, fileInt, pageDouble, fileDouble, dZO): null

11-12-2024T08:02:25 - [TEST_STEP][PASSED] - sheetName = "Sheet1": null

11-12-2024T08:02:25 - [TEST_STEP][PASSED] - data = findTestData("PlanFact"): null

11-12-2024T08:02:25 - [TEST_STEP][PASSED] - n = data.getRowNumbers() + 1: null

11-12-2024T08:02:25 - [TEST_STEP][PASSED] - year = todaysDate.substring(todaysDate.length() - 4, todaysDate.length()): null

11-12-2024T08:02:25 - [TEST_STEP][PASSED] - y = year.toInteger(): null

11-12-2024T08:02:25 - [TEST_STEP][PASSED] - m = getText(findTestObject("Выполнение бизнес-плана/Период")): Text of object 'Object Repository/Выполнение бизнес-плана/Период' is: '1, 2, 3 кв., Октябрь 2024 года'

11-12-2024T08:02:26 - [MESSAGE][PASSED] - Text of object 'Object Repository/Выполнение бизнес-плана/Период' is: '1, 2, 3 кв., Октябрь 2024 года'

11-12-2024T08:02:26 - [TEST_STEP][PASSED] - m = m.substring(0, m.indexOf("2024")): null

11-12-2024T08:02:26 - [TEST_STEP][PASSED] - m = m.trim(): null

11-12-2024T08:02:26 - [TEST_STEP][PASSED] - dashboardName = "Выполнение бизнес-плана": null

11-12-2024T08:02:26 - [TEST_STEP][PASSED] - workbook01 = getWorkbook(excelFilePath): null

11-12-2024T08:02:26 - [TEST_STEP][PASSED] - sheet01 = getExcelSheet(workbook01, sheetName): null

11-12-2024T08:02:26 - [TEST_STEP][PASSED] - setValueToCellByIndex(sheet01, n, 0, dashboardName): null

11-12-2024T08:02:26 - [TEST_STEP][PASSED] - setValueToCellByIndex(sheet01, n, 1, dZO): null

11-12-2024T08:02:26 - [TEST_STEP][PASSED] - setValueToCellByIndex(sheet01, n, 2, typeOfData): null

11-12-2024T08:02:26 - [TEST_STEP][PASSED] - if (typeOfData == "Факт в процентах" || typeOfData == "План в процентах"): null

11-12-2024T08:02:26 - [TEST_STEP][PASSED] - else: null

11-12-2024T08:02:26 - [TEST_STEP][PASSED] - setValueToCellByIndex(sheet01, n, 3, fileInt): null

11-12-2024T08:02:26 - [TEST_STEP][PASSED] - setValueToCellByIndex(sheet01, n, 4, pageInt): null

11-12-2024T08:02:26 - [TEST_STEP][PASSED] - setValueToCellByIndex(sheet01, n, 5, m): null

11-12-2024T08:02:26 - [TEST_STEP][PASSED] - setValueToCellByIndex(sheet01, n, 6, y): null

11-12-2024T08:02:26 - [TEST_STEP][PASSED] - setValueToCellByIndex(sheet01, n, 7, todaysDate): null

11-12-2024T08:02:26 - [TEST_STEP][PASSED] - n = n + 1: null

11-12-2024T08:02:26 - [TEST_STEP][PASSED] - saveWorkbook(excelFilePath, workbook01): Object: 'Object Repository/Выполнение бизнес-плана/Кнопка Факт' is clicked on

11-12-2024T08:02:26 - [TEST_STEP][PASSED] - if (planFact == 2): Object: 'Object Repository/Выполнение бизнес-плана/Кнопка Факт' is clicked on

11-12-2024T08:02:26 - [TEST_STEP][PASSED] - click(findTestObject("Выполнение бизнес-плана/Кнопка Факт")): Object: 'Object Repository/Выполнение бизнес-плана/Кнопка Факт' is clicked on

11-12-2024T08:02:26 - [MESSAGE][PASSED] - Object: 'Object Repository/Выполнение бизнес-плана/Кнопка Факт' is clicked on

11-12-2024T08:02:26 - [TEST_STEP][PASSED] - if (a == 84 || a == 82): null

11-12-2024T08:02:26 - [TEST_STEP][PASSED] - else if (a == 52 || a == 72 || a == 28 || a == 73 || a == 77 || a == 74 || a == 65 || a == 36 || a == 44 || a == 53 || a == 80 || a == 54 || a == 1 || a == 18 || a == 59 || a == 81): null

11-12-2024T08:02:26 - [TEST_STEP][PASSED] - else: null

11-12-2024T08:02:26 - [TEST_STEP][PASSED] - page1 = getText(findTestObject("Object Repository/Выполнение бизнес-плана/spanPlan" + filialNum)): Text of object 'Object Repository/Выполнение бизнес-плана/spanPlan1' is: '39.74
|'

11-12-2024T08:02:27 - [MESSAGE][PASSED] - Text of object 'Object Repository/Выполнение бизнес-плана/spanPlan1' is: '39.74
|'

11-12-2024T08:02:27 - [TEST_STEP][PASSED] - page1 = page1.replace("|", ""): null

11-12-2024T08:02:27 - [TEST_STEP][PASSED] - page2 = getText(findTestObject("Object Repository/Выполнение бизнес-плана/spanFact" + filialNum)): Text of object 'Object Repository/Выполнение бизнес-плана/spanFact1' is: '47.79
|'

11-12-2024T08:02:27 - [MESSAGE][PASSED] - Text of object 'Object Repository/Выполнение бизнес-плана/spanFact1' is: '47.79
|'

11-12-2024T08:02:27 - [TEST_STEP][PASSED] - page2 = page2.replace("|", ""): null

11-12-2024T08:02:27 - [TEST_STEP][PASSED] - println("page1: " + page1): null

11-12-2024T08:02:27 - [TEST_STEP][PASSED] - println("page2: " + page2): null

11-12-2024T08:02:27 - [TEST_STEP][PASSED] - file = findTestData("PlanFact").getValue(4, a): null

11-12-2024T08:02:27 - [TEST_STEP][PASSED] - file = file.replace(",", "."): null

11-12-2024T08:02:27 - [TEST_STEP][PASSED] - println("file Plan: " + file): null

11-12-2024T08:02:27 - [TEST_STEP][PASSED] - typeOfData = "План в процентах": null

11-12-2024T08:02:27 - [TEST_STEP][PASSED] - fileDouble = file.toDouble(): null

11-12-2024T08:02:27 - [TEST_STEP][PASSED] - pageDouble = page1.toDouble(): null

11-12-2024T08:02:27 - [TEST_STEP][PASSED] - if (fileDouble != pageDouble): null

11-12-2024T08:02:27 - [TEST_STEP][PASSED] - numberOfErrors = numberOfErrors + 1: null

11-12-2024T08:02:27 - [TEST_STEP][PASSED] - Script1718980020443.WriteToExcel(a, typeOfData, todaysDate, pageInt, fileInt, pageDouble, fileDouble, dZO): null

11-12-2024T08:02:27 - [TEST_STEP][PASSED] - sheetName = "Sheet1": null

11-12-2024T08:02:27 - [TEST_STEP][PASSED] - data = findTestData("PlanFact"): null

11-12-2024T08:02:27 - [TEST_STEP][PASSED] - n = data.getRowNumbers() + 1: null

11-12-2024T08:02:27 - [TEST_STEP][PASSED] - year = todaysDate.substring(todaysDate.length() - 4, todaysDate.length()): null

11-12-2024T08:02:27 - [TEST_STEP][PASSED] - y = year.toInteger(): null

11-12-2024T08:02:27 - [TEST_STEP][PASSED] - m = getText(findTestObject("Выполнение бизнес-плана/Период")): Text of object 'Object Repository/Выполнение бизнес-плана/Период' is: '1, 2, 3 кв., Октябрь 2024 года'

11-12-2024T08:02:28 - [MESSAGE][PASSED] - Text of object 'Object Repository/Выполнение бизнес-плана/Период' is: '1, 2, 3 кв., Октябрь 2024 года'

11-12-2024T08:02:28 - [TEST_STEP][PASSED] - m = m.substring(0, m.indexOf("2024")): null

11-12-2024T08:02:28 - [TEST_STEP][PASSED] - m = m.trim(): null

11-12-2024T08:02:28 - [TEST_STEP][PASSED] - dashboardName = "Выполнение бизнес-плана": null

11-12-2024T08:02:28 - [TEST_STEP][PASSED] - workbook01 = getWorkbook(excelFilePath): null

11-12-2024T08:02:28 - [TEST_STEP][PASSED] - sheet01 = getExcelSheet(workbook01, sheetName): null

11-12-2024T08:02:28 - [TEST_STEP][PASSED] - setValueToCellByIndex(sheet01, n, 0, dashboardName): null

11-12-2024T08:02:28 - [TEST_STEP][PASSED] - setValueToCellByIndex(sheet01, n, 1, dZO): null

11-12-2024T08:02:28 - [TEST_STEP][PASSED] - setValueToCellByIndex(sheet01, n, 2, typeOfData): null

11-12-2024T08:02:28 - [TEST_STEP][PASSED] - if (typeOfData == "Факт в процентах" || typeOfData == "План в процентах"): null

11-12-2024T08:02:28 - [TEST_STEP][PASSED] - setValueToCellByIndex(sheet01, n, 3, fileDouble): null

11-12-2024T08:02:28 - [TEST_STEP][PASSED] - setValueToCellByIndex(sheet01, n, 4, pageDouble): null

11-12-2024T08:02:28 - [TEST_STEP][PASSED] - setValueToCellByIndex(sheet01, n, 5, m): null

11-12-2024T08:02:28 - [TEST_STEP][PASSED] - setValueToCellByIndex(sheet01, n, 6, y): null

11-12-2024T08:02:28 - [TEST_STEP][PASSED] - setValueToCellByIndex(sheet01, n, 7, todaysDate): null

11-12-2024T08:02:28 - [TEST_STEP][PASSED] - n = n + 1: null

11-12-2024T08:02:28 - [TEST_STEP][PASSED] - saveWorkbook(excelFilePath, workbook01): null

11-12-2024T08:02:28 - [TEST_STEP][PASSED] - file = findTestData("PlanFact").getValue(7, a): null

11-12-2024T08:02:28 - [TEST_STEP][PASSED] - file = file.replace(",", "."): null

11-12-2024T08:02:28 - [TEST_STEP][PASSED] - println("file Fact: " + file): null

11-12-2024T08:02:28 - [TEST_STEP][PASSED] - fileDouble = file.toDouble(): null

11-12-2024T08:02:28 - [TEST_STEP][PASSED] - typeOfData = "Факт в процентах": null

11-12-2024T08:02:28 - [TEST_STEP][PASSED] - fileDouble = file.toDouble(): null

11-12-2024T08:02:28 - [TEST_STEP][PASSED] - pageDouble = page2.toDouble(): null

11-12-2024T08:02:28 - [TEST_STEP][PASSED] - if (fileDouble != pageDouble): null

11-12-2024T08:02:28 - [TEST_STEP][PASSED] - numberOfErrors = numberOfErrors + 1: null

11-12-2024T08:02:28 - [TEST_STEP][PASSED] - Script1718980020443.WriteToExcel(a, typeOfData, todaysDate, pageInt, fileInt, pageDouble, fileDouble, dZO): null

11-12-2024T08:02:28 - [TEST_STEP][PASSED] - sheetName = "Sheet1": null

11-12-2024T08:02:28 - [TEST_STEP][PASSED] - data = findTestData("PlanFact"): null

11-12-2024T08:02:28 - [TEST_STEP][PASSED] - n = data.getRowNumbers() + 1: null

11-12-2024T08:02:28 - [TEST_STEP][PASSED] - year = todaysDate.substring(todaysDate.length() - 4, todaysDate.length()): null

11-12-2024T08:02:28 - [TEST_STEP][PASSED] - y = year.toInteger(): null

11-12-2024T08:02:28 - [TEST_STEP][PASSED] - m = getText(findTestObject("Выполнение бизнес-плана/Период")): Text of object 'Object Repository/Выполнение бизнес-плана/Период' is: '1, 2, 3 кв., Октябрь 2024 года'

11-12-2024T08:02:28 - [MESSAGE][PASSED] - Text of object 'Object Repository/Выполнение бизнес-плана/Период' is: '1, 2, 3 кв., Октябрь 2024 года'

11-12-2024T08:02:28 - [TEST_STEP][PASSED] - m = m.substring(0, m.indexOf("2024")): null

11-12-2024T08:02:28 - [TEST_STEP][PASSED] - m = m.trim(): null

11-12-2024T08:02:28 - [TEST_STEP][PASSED] - dashboardName = "Выполнение бизнес-плана": null

11-12-2024T08:02:28 - [TEST_STEP][PASSED] - workbook01 = getWorkbook(excelFilePath): null

11-12-2024T08:02:28 - [TEST_STEP][PASSED] - sheet01 = getExcelSheet(workbook01, sheetName): null

11-12-2024T08:02:28 - [TEST_STEP][PASSED] - setValueToCellByIndex(sheet01, n, 0, dashboardName): null

11-12-2024T08:02:28 - [TEST_STEP][PASSED] - setValueToCellByIndex(sheet01, n, 1, dZO): null

11-12-2024T08:02:28 - [TEST_STEP][PASSED] - setValueToCellByIndex(sheet01, n, 2, typeOfData): null

11-12-2024T08:02:28 - [TEST_STEP][PASSED] - if (typeOfData == "Факт в процентах" || typeOfData == "План в процентах"): null

11-12-2024T08:02:28 - [TEST_STEP][PASSED] - setValueToCellByIndex(sheet01, n, 3, fileDouble): null

11-12-2024T08:02:28 - [TEST_STEP][PASSED] - setValueToCellByIndex(sheet01, n, 4, pageDouble): null

11-12-2024T08:02:28 - [TEST_STEP][PASSED] - setValueToCellByIndex(sheet01, n, 5, m): null

11-12-2024T08:02:28 - [TEST_STEP][PASSED] - setValueToCellByIndex(sheet01, n, 6, y): null

11-12-2024T08:02:28 - [TEST_STEP][PASSED] - setValueToCellByIndex(sheet01, n, 7, todaysDate): null

11-12-2024T08:02:28 - [TEST_STEP][PASSED] - n = n + 1: null

11-12-2024T08:02:28 - [TEST_STEP][PASSED] - saveWorkbook(excelFilePath, workbook01): null

11-12-2024T08:02:29 - [TEST_STEP][FAILED] - if (verifyEqual(numberOfErrors, 0) == false): null

11-12-2024T08:02:29 - [MESSAGE][FAILED] - Unable to verify equal between actual object '6' and expected object '0' (Root cause: com.kms.katalon.core.exception.StepFailedException: Actual object '6' and expected object '0' are not equal
	at com.kms.katalon.core.keyword.builtin.VerifyEqualKeyword$_verifyEqual_closure1.doCall(VerifyEqualKeyword.groovy:58)
	at com.kms.katalon.core.keyword.builtin.VerifyEqualKeyword$_verifyEqual_closure1.call(VerifyEqualKeyword.groovy)
	at com.kms.katalon.core.keyword.internal.KeywordMain.runKeyword(KeywordMain.groovy:75)
	at com.kms.katalon.core.keyword.builtin.VerifyEqualKeyword.verifyEqual(VerifyEqualKeyword.groovy:63)
	at com.kms.katalon.core.keyword.builtin.VerifyEqualKeyword.execute(VerifyEqualKeyword.groovy:44)
	at com.kms.katalon.core.keyword.internal.KeywordExecutor.executeKeywordForPlatform(KeywordExecutor.groovy:74)
	at com.kms.katalon.core.keyword.BuiltinKeywords.verifyEqual(BuiltinKeywords.groovy:146)
	at java.base/jdk.internal.reflect.NativeMethodAccessorImpl.invoke0(Native Method)
	at java.base/jdk.internal.reflect.NativeMethodAccessorImpl.invoke(NativeMethodAccessorImpl.java:77)
	at java.base/jdk.internal.reflect.DelegatingMethodAccessorImpl.invoke(DelegatingMethodAccessorImpl.java:43)
	at Выполнение бизнес-плана Сверка ПАО Россети все филиалы.Numbers(Выполнение бизнес-плана Сверка ПАО Россети все филиалы:752)
	at Выполнение бизнес-плана Сверка ПАО Россети все филиалы.Filials(Выполнение бизнес-плана Сверка ПАО Россети все филиалы:1087)
	at Выполнение бизнес-плана Сверка ПАО Россети все филиалы.Numbers(Выполнение бизнес-плана Сверка ПАО Россети все филиалы:757)
	at Выполнение бизнес-плана Сверка ПАО Россети все филиалы.run(Выполнение бизнес-плана Сверка ПАО Россети все филиалы:316)
	at com.kms.katalon.core.main.ScriptEngine.run(ScriptEngine.java:194)
	at com.kms.katalon.core.main.ScriptEngine.runScriptAsRawText(ScriptEngine.java:119)
	at com.kms.katalon.core.main.TestCaseExecutor.runScript(TestCaseExecutor.java:448)
	at com.kms.katalon.core.main.TestCaseExecutor.doExecute(TestCaseExecutor.java:439)
	at com.kms.katalon.core.main.TestCaseExecutor.processExecutionPhase(TestCaseExecutor.java:418)
	at com.kms.katalon.core.main.TestCaseExecutor.accessMainPhase(TestCaseExecutor.java:410)
	at com.kms.katalon.core.main.TestCaseExecutor.execute(TestCaseExecutor.java:285)
	at com.kms.katalon.core.common.CommonExecutor.accessTestCaseMainPhase(CommonExecutor.java:65)
	at com.kms.katalon.core.main.TestSuiteExecutor.accessTestSuiteMainPhase(TestSuiteExecutor.java:150)
	at com.kms.katalon.core.main.TestSuiteExecutor.execute(TestSuiteExecutor.java:106)
	at com.kms.katalon.core.main.TestCaseMain.startTestSuite(TestCaseMain.java:180)
	at TempTestSuite1733892825375.run(TempTestSuite1733892825375.groovy:35)
	at java.base/jdk.internal.reflect.NativeMethodAccessorImpl.invoke0(Native Method)
	at java.base/jdk.internal.reflect.NativeMethodAccessorImpl.invoke(NativeMethodAccessorImpl.java:77)
	at java.base/jdk.internal.reflect.DelegatingMethodAccessorImpl.invoke(DelegatingMethodAccessorImpl.java:43)
)

11-12-2024T08:02:29 - [TEST_STEP][PASSED] - println(numberOfErrors): null

11-12-2024T08:02:29 - [TEST_STEP][PASSED] - if (a == 28 || a == 77 || a == 74 || a == 65 || a == 36 || a == 44 || a == 54 || a == 1 || a == 18 || a == 59): null

11-12-2024T08:02:29 - [TEST_STEP][PASSED] - if (a == 82): null

11-12-2024T08:02:29 - [TEST_STEP][PASSED] - dZO = "Ингушэнерго": null

11-12-2024T08:02:29 - [TEST_STEP][PASSED] - a = 70: null

11-12-2024T08:02:29 - [TEST_STEP][PASSED] - if (x2.contains(dZO)): null

11-12-2024T08:02:29 - [TEST_STEP][PASSED] - filialNum = filialNum + 1: null

11-12-2024T08:02:29 - [TEST_STEP][PASSED] - Script1718980020443.Numbers(a, typeOfData, todaysDate, pageInt, fileInt, pageDouble, fileDouble, dZO, dzoNum, filialNum): null

11-12-2024T08:02:29 - [TEST_STEP][PASSED] - println(dzoNum): null

11-12-2024T08:02:29 - [TEST_STEP][PASSED] - planFact = <not implemented yet for class: org.codehaus.groovy.ast.expr.EmptyExpression>: null

11-12-2024T08:02:29 - [TEST_STEP][PASSED] - page = <not implemented yet for class: org.codehaus.groovy.ast.expr.EmptyExpression>: null

11-12-2024T08:02:29 - [TEST_STEP][PASSED] - page1 = <not implemented yet for class: org.codehaus.groovy.ast.expr.EmptyExpression>: null

11-12-2024T08:02:29 - [TEST_STEP][PASSED] - page2 = <not implemented yet for class: org.codehaus.groovy.ast.expr.EmptyExpression>: null

11-12-2024T08:02:29 - [TEST_STEP][PASSED] - filialNumberInRow = <not implemented yet for class: org.codehaus.groovy.ast.expr.EmptyExpression>: null

11-12-2024T08:02:29 - [TEST_STEP][PASSED] - filialsDzoNames = <not implemented yet for class: org.codehaus.groovy.ast.expr.EmptyExpression>: null

11-12-2024T08:02:29 - [TEST_STEP][PASSED] - numberOfFilials = <not implemented yet for class: org.codehaus.groovy.ast.expr.EmptyExpression>: null

11-12-2024T08:02:29 - [TEST_STEP][PASSED] - numberOfSpaces = <not implemented yet for class: org.codehaus.groovy.ast.expr.EmptyExpression>: null

11-12-2024T08:02:29 - [TEST_STEP][PASSED] - file = <not implemented yet for class: org.codehaus.groovy.ast.expr.EmptyExpression>: null

11-12-2024T08:02:29 - [TEST_STEP][PASSED] - otpusk = <not implemented yet for class: org.codehaus.groovy.ast.expr.EmptyExpression>: null

11-12-2024T08:02:29 - [TEST_STEP][PASSED] - poteri = <not implemented yet for class: org.codehaus.groovy.ast.expr.EmptyExpression>: null

11-12-2024T08:02:29 - [TEST_STEP][PASSED] - dataFolder = "Выполнение бизнес-плана/Значения со страницы Выполнение бизнес-плана/": null

11-12-2024T08:02:29 - [TEST_STEP][PASSED] - path = <not implemented yet for class: org.codehaus.groovy.ast.expr.EmptyExpression>: null

11-12-2024T08:02:29 - [TEST_STEP][PASSED] - typeOfDataMain = <not implemented yet for class: org.codehaus.groovy.ast.expr.EmptyExpression>: null

11-12-2024T08:02:29 - [TEST_STEP][PASSED] - fileOtpuskVSet = <not implemented yet for class: org.codehaus.groovy.ast.expr.EmptyExpression>: null

11-12-2024T08:02:29 - [TEST_STEP][PASSED] - pageOtpuskVSet = <not implemented yet for class: org.codehaus.groovy.ast.expr.EmptyExpression>: null

11-12-2024T08:02:29 - [TEST_STEP][PASSED] - filePoteri = <not implemented yet for class: org.codehaus.groovy.ast.expr.EmptyExpression>: null

11-12-2024T08:02:29 - [TEST_STEP][PASSED] - pagePoteri = <not implemented yet for class: org.codehaus.groovy.ast.expr.EmptyExpression>: null

11-12-2024T08:02:29 - [TEST_STEP][PASSED] - compare = <not implemented yet for class: org.codehaus.groovy.ast.expr.EmptyExpression>: null

11-12-2024T08:02:29 - [TEST_STEP][PASSED] - b = <not implemented yet for class: org.codehaus.groovy.ast.expr.EmptyExpression>: null

11-12-2024T08:02:29 - [TEST_STEP][PASSED] - i = <not implemented yet for class: org.codehaus.groovy.ast.expr.EmptyExpression>: null

11-12-2024T08:02:29 - [TEST_STEP][PASSED] - ii = <not implemented yet for class: org.codehaus.groovy.ast.expr.EmptyExpression>: null

11-12-2024T08:02:29 - [TEST_STEP][PASSED] - c = <not implemented yet for class: org.codehaus.groovy.ast.expr.EmptyExpression>: null

11-12-2024T08:02:29 - [TEST_STEP][PASSED] - numberOfErrors = 0: null

11-12-2024T08:02:29 - [TEST_STEP][PASSED] - if (a == 82): null

11-12-2024T08:02:29 - [TEST_STEP][PASSED] - b = findTestData("PlanFact").getValue(1, a): null

11-12-2024T08:02:29 - [TEST_STEP][PASSED] - i = b.indexOf(" (ГК)"): null

11-12-2024T08:02:29 - [TEST_STEP][PASSED] - if (i > -1): null

11-12-2024T08:02:29 - [TEST_STEP][PASSED] - i = b.indexOf("О ""): null

11-12-2024T08:02:29 - [TEST_STEP][PASSED] - if (i > -1): null

11-12-2024T08:02:29 - [TEST_STEP][PASSED] - i = b.indexOf("О «"): null

11-12-2024T08:02:29 - [TEST_STEP][PASSED] - if (i > -1): null

11-12-2024T08:02:29 - [TEST_STEP][PASSED] - i = b.indexOf("г. "): null

11-12-2024T08:02:29 - [TEST_STEP][PASSED] - if (i > -1): null

11-12-2024T08:02:29 - [TEST_STEP][PASSED] - println(b): null

11-12-2024T08:02:29 - [TEST_STEP][PASSED] - for ([planFact = 1, planFact < 3, (planFact++)]): null

11-12-2024T08:02:29 - [TEST_STEP][PASSED] - if (planFact == 1): null

11-12-2024T08:02:29 - [TEST_STEP][PASSED] - typeOfDataMain = "Факт": null

11-12-2024T08:02:29 - [TEST_STEP][PASSED] - otpusk = findTestData("PlanFact").getValue(5, a): null

11-12-2024T08:02:29 - [TEST_STEP][PASSED] - poteri = findTestData("PlanFact").getValue(6, a): null

11-12-2024T08:02:29 - [TEST_STEP][PASSED] - otpusk = otpusk.replaceAll("\s+", ""): null

11-12-2024T08:02:29 - [TEST_STEP][PASSED] - poteri = poteri.replaceAll("\s+", ""): null

11-12-2024T08:02:29 - [TEST_STEP][PASSED] - typeOfData = typeOfDataMain + " Отпуск в сеть": null

11-12-2024T08:02:29 - [TEST_STEP][PASSED] - if (a == 82): null

11-12-2024T08:02:29 - [TEST_STEP][PASSED] - else if (a == 84): null

11-12-2024T08:02:29 - [TEST_STEP][PASSED] - else if (a == 52 || a == 72 || a == 28 || a == 73 || a == 77 || a == 74 || a == 65 || a == 36 || a == 44 || a == 53 || a == 80 || a == 54 || a == 1 || a == 18 || a == 59 || a == 81): null

11-12-2024T08:02:29 - [TEST_STEP][PASSED] - else: null

11-12-2024T08:02:29 - [TEST_STEP][PASSED] - path = dataFolder + typeOfData + " за отчётный период " + b: null

11-12-2024T08:02:29 - [TEST_STEP][PASSED] - println(path): null

11-12-2024T08:02:29 - [TEST_STEP][PASSED] - page = getText(findTestObject(path)): Text of object 'Object Repository/Выполнение бизнес-плана/Значения со страницы Выполнение бизнес-плана/Факт Отпуск в сеть за отчётный период Ингушэнерго' is: '810 515'

11-12-2024T08:02:29 - [MESSAGE][PASSED] - Text of object 'Object Repository/Выполнение бизнес-плана/Значения со страницы Выполнение бизнес-плана/Факт Отпуск в сеть за отчётный период Ингушэнерго' is: '810 515'

11-12-2024T08:02:29 - [TEST_STEP][PASSED] - page = page.replaceAll("\s+", ""): null

11-12-2024T08:02:29 - [TEST_STEP][PASSED] - fileOtpuskVSet = otpusk.toInteger(): null

11-12-2024T08:02:29 - [TEST_STEP][PASSED] - pageOtpuskVSet = page.toInteger(): null

11-12-2024T08:02:29 - [TEST_STEP][PASSED] - typeOfData = typeOfDataMain + " Потери": null

11-12-2024T08:02:29 - [TEST_STEP][PASSED] - if (a == 82): null

11-12-2024T08:02:29 - [TEST_STEP][PASSED] - else if (a == 84): null

11-12-2024T08:02:29 - [TEST_STEP][PASSED] - else if (a == 52 || a == 72 || a == 28 || a == 73 || a == 77 || a == 74 || a == 65 || a == 36 || a == 44 || a == 53 || a == 80 || a == 54 || a == 1 || a == 18 || a == 59 || a == 81): null

11-12-2024T08:02:29 - [TEST_STEP][PASSED] - else: null

11-12-2024T08:02:29 - [TEST_STEP][PASSED] - path = dataFolder + typeOfData + " за отчётный период " + b: null

11-12-2024T08:02:29 - [TEST_STEP][PASSED] - page = getText(findTestObject(path)): Text of object 'Object Repository/Выполнение бизнес-плана/Значения со страницы Выполнение бизнес-плана/Факт Потери за отчётный период Ингушэнерго' is: '458 410'

11-12-2024T08:02:30 - [MESSAGE][PASSED] - Text of object 'Object Repository/Выполнение бизнес-плана/Значения со страницы Выполнение бизнес-плана/Факт Потери за отчётный период Ингушэнерго' is: '458 410'

11-12-2024T08:02:30 - [TEST_STEP][PASSED] - page = page.replaceAll("\s+", ""): null

11-12-2024T08:02:30 - [TEST_STEP][PASSED] - filePoteri = poteri.toInteger(): null

11-12-2024T08:02:30 - [TEST_STEP][PASSED] - pagePoteri = page.toInteger(): null

11-12-2024T08:02:30 - [TEST_STEP][PASSED] - compare = pageOtpuskVSet: null

11-12-2024T08:02:30 - [TEST_STEP][PASSED] - if (compare == fileOtpuskVSet): null

11-12-2024T08:02:30 - [TEST_STEP][PASSED] - else if (compare > fileOtpuskVSet): null

11-12-2024T08:02:30 - [TEST_STEP][PASSED] - else if (compare < fileOtpuskVSet): null

11-12-2024T08:02:30 - [TEST_STEP][PASSED] - compare = compare + 1: null

11-12-2024T08:02:30 - [TEST_STEP][PASSED] - if (compare == fileOtpuskVSet): null

11-12-2024T08:02:30 - [TEST_STEP][PASSED] - else: null

11-12-2024T08:02:30 - [TEST_STEP][PASSED] - numberOfErrors = numberOfErrors + 1: null

11-12-2024T08:02:30 - [TEST_STEP][PASSED] - pageInt = pageOtpuskVSet: null

11-12-2024T08:02:30 - [TEST_STEP][PASSED] - fileInt = fileOtpuskVSet: null

11-12-2024T08:02:30 - [TEST_STEP][PASSED] - typeOfData = typeOfDataMain + " Отпуск в сеть": null

11-12-2024T08:02:30 - [TEST_STEP][PASSED] - Script1718980020443.WriteToExcel(a, typeOfData, todaysDate, pageInt, fileInt, pageDouble, fileDouble, dZO): null

11-12-2024T08:02:30 - [TEST_STEP][PASSED] - sheetName = "Sheet1": null

11-12-2024T08:02:30 - [TEST_STEP][PASSED] - data = findTestData("PlanFact"): null

11-12-2024T08:02:30 - [TEST_STEP][PASSED] - n = data.getRowNumbers() + 1: null

11-12-2024T08:02:30 - [TEST_STEP][PASSED] - year = todaysDate.substring(todaysDate.length() - 4, todaysDate.length()): null

11-12-2024T08:02:30 - [TEST_STEP][PASSED] - y = year.toInteger(): null

11-12-2024T08:02:30 - [TEST_STEP][PASSED] - m = getText(findTestObject("Выполнение бизнес-плана/Период")): Text of object 'Object Repository/Выполнение бизнес-плана/Период' is: '1, 2, 3 кв., Октябрь 2024 года'

11-12-2024T08:02:30 - [MESSAGE][PASSED] - Text of object 'Object Repository/Выполнение бизнес-плана/Период' is: '1, 2, 3 кв., Октябрь 2024 года'

11-12-2024T08:02:30 - [TEST_STEP][PASSED] - m = m.substring(0, m.indexOf("2024")): null

11-12-2024T08:02:30 - [TEST_STEP][PASSED] - m = m.trim(): null

11-12-2024T08:02:30 - [TEST_STEP][PASSED] - dashboardName = "Выполнение бизнес-плана": null

11-12-2024T08:02:30 - [TEST_STEP][PASSED] - workbook01 = getWorkbook(excelFilePath): null

11-12-2024T08:02:30 - [TEST_STEP][PASSED] - sheet01 = getExcelSheet(workbook01, sheetName): null

11-12-2024T08:02:30 - [TEST_STEP][PASSED] - setValueToCellByIndex(sheet01, n, 0, dashboardName): null

11-12-2024T08:02:30 - [TEST_STEP][PASSED] - setValueToCellByIndex(sheet01, n, 1, dZO): null

11-12-2024T08:02:30 - [TEST_STEP][PASSED] - setValueToCellByIndex(sheet01, n, 2, typeOfData): null

11-12-2024T08:02:30 - [TEST_STEP][PASSED] - if (typeOfData == "Факт в процентах" || typeOfData == "План в процентах"): null

11-12-2024T08:02:30 - [TEST_STEP][PASSED] - else: null

11-12-2024T08:02:30 - [TEST_STEP][PASSED] - setValueToCellByIndex(sheet01, n, 3, fileInt): null

11-12-2024T08:02:30 - [TEST_STEP][PASSED] - setValueToCellByIndex(sheet01, n, 4, pageInt): null

11-12-2024T08:02:30 - [TEST_STEP][PASSED] - setValueToCellByIndex(sheet01, n, 5, m): null

11-12-2024T08:02:30 - [TEST_STEP][PASSED] - setValueToCellByIndex(sheet01, n, 6, y): null

11-12-2024T08:02:30 - [TEST_STEP][PASSED] - setValueToCellByIndex(sheet01, n, 7, todaysDate): null

11-12-2024T08:02:30 - [TEST_STEP][PASSED] - n = n + 1: null

11-12-2024T08:02:30 - [TEST_STEP][PASSED] - saveWorkbook(excelFilePath, workbook01): null

11-12-2024T08:02:31 - [TEST_STEP][PASSED] - compare = pagePoteri: null

11-12-2024T08:02:31 - [TEST_STEP][PASSED] - if (compare == filePoteri): null

11-12-2024T08:02:31 - [TEST_STEP][PASSED] - else if (compare > filePoteri): null

11-12-2024T08:02:31 - [TEST_STEP][PASSED] - else if (compare < filePoteri): null

11-12-2024T08:02:31 - [TEST_STEP][PASSED] - compare = compare + 1: null

11-12-2024T08:02:31 - [TEST_STEP][PASSED] - if (compare == filePoteri): null

11-12-2024T08:02:31 - [TEST_STEP][PASSED] - else: null

11-12-2024T08:02:31 - [TEST_STEP][PASSED] - numberOfErrors = numberOfErrors + 1: null

11-12-2024T08:02:31 - [TEST_STEP][PASSED] - pageInt = pagePoteri: null

11-12-2024T08:02:31 - [TEST_STEP][PASSED] - fileInt = filePoteri: null

11-12-2024T08:02:31 - [TEST_STEP][PASSED] - typeOfData = typeOfDataMain + " Потери": null

11-12-2024T08:02:31 - [TEST_STEP][PASSED] - Script1718980020443.WriteToExcel(a, typeOfData, todaysDate, pageInt, fileInt, pageDouble, fileDouble, dZO): null

11-12-2024T08:02:31 - [TEST_STEP][PASSED] - sheetName = "Sheet1": null

11-12-2024T08:02:31 - [TEST_STEP][PASSED] - data = findTestData("PlanFact"): null

11-12-2024T08:02:31 - [TEST_STEP][PASSED] - n = data.getRowNumbers() + 1: null

11-12-2024T08:02:31 - [TEST_STEP][PASSED] - year = todaysDate.substring(todaysDate.length() - 4, todaysDate.length()): null

11-12-2024T08:02:31 - [TEST_STEP][PASSED] - y = year.toInteger(): null

11-12-2024T08:02:31 - [TEST_STEP][PASSED] - m = getText(findTestObject("Выполнение бизнес-плана/Период")): Text of object 'Object Repository/Выполнение бизнес-плана/Период' is: '1, 2, 3 кв., Октябрь 2024 года'

11-12-2024T08:02:31 - [MESSAGE][PASSED] - Text of object 'Object Repository/Выполнение бизнес-плана/Период' is: '1, 2, 3 кв., Октябрь 2024 года'

11-12-2024T08:02:31 - [TEST_STEP][PASSED] - m = m.substring(0, m.indexOf("2024")): null

11-12-2024T08:02:31 - [TEST_STEP][PASSED] - m = m.trim(): null

11-12-2024T08:02:31 - [TEST_STEP][PASSED] - dashboardName = "Выполнение бизнес-плана": null

11-12-2024T08:02:31 - [TEST_STEP][PASSED] - workbook01 = getWorkbook(excelFilePath): null

11-12-2024T08:02:31 - [TEST_STEP][PASSED] - sheet01 = getExcelSheet(workbook01, sheetName): null

11-12-2024T08:02:31 - [TEST_STEP][PASSED] - setValueToCellByIndex(sheet01, n, 0, dashboardName): null

11-12-2024T08:02:31 - [TEST_STEP][PASSED] - setValueToCellByIndex(sheet01, n, 1, dZO): null

11-12-2024T08:02:31 - [TEST_STEP][PASSED] - setValueToCellByIndex(sheet01, n, 2, typeOfData): null

11-12-2024T08:02:31 - [TEST_STEP][PASSED] - if (typeOfData == "Факт в процентах" || typeOfData == "План в процентах"): null

11-12-2024T08:02:31 - [TEST_STEP][PASSED] - else: null

11-12-2024T08:02:31 - [TEST_STEP][PASSED] - setValueToCellByIndex(sheet01, n, 3, fileInt): null

11-12-2024T08:02:31 - [TEST_STEP][PASSED] - setValueToCellByIndex(sheet01, n, 4, pageInt): null

11-12-2024T08:02:31 - [TEST_STEP][PASSED] - setValueToCellByIndex(sheet01, n, 5, m): null

11-12-2024T08:02:31 - [TEST_STEP][PASSED] - setValueToCellByIndex(sheet01, n, 6, y): null

11-12-2024T08:02:31 - [TEST_STEP][PASSED] - setValueToCellByIndex(sheet01, n, 7, todaysDate): null

11-12-2024T08:02:31 - [TEST_STEP][PASSED] - n = n + 1: null

11-12-2024T08:02:31 - [TEST_STEP][PASSED] - saveWorkbook(excelFilePath, workbook01): null

11-12-2024T08:02:31 - [TEST_STEP][PASSED] - if (planFact == 2): null

11-12-2024T08:02:31 - [TEST_STEP][PASSED] - if (planFact == 1): null

11-12-2024T08:02:31 - [TEST_STEP][PASSED] - else if (planFact == 2): null

11-12-2024T08:02:31 - [TEST_STEP][PASSED] - click(findTestObject("Выполнение бизнес-плана/Кнопка План")): Object: 'Object Repository/Выполнение бизнес-плана/Кнопка План' is clicked on

11-12-2024T08:02:32 - [MESSAGE][PASSED] - Object: 'Object Repository/Выполнение бизнес-плана/Кнопка План' is clicked on

11-12-2024T08:02:32 - [TEST_STEP][PASSED] - typeOfDataMain = "План": null

11-12-2024T08:02:32 - [TEST_STEP][PASSED] - otpusk = findTestData("PlanFact").getValue(2, a): null

11-12-2024T08:02:32 - [TEST_STEP][PASSED] - poteri = findTestData("PlanFact").getValue(3, a): null

11-12-2024T08:02:32 - [TEST_STEP][PASSED] - otpusk = otpusk.replaceAll("\s+", ""): null

11-12-2024T08:02:32 - [TEST_STEP][PASSED] - poteri = poteri.replaceAll("\s+", ""): null

11-12-2024T08:02:32 - [TEST_STEP][PASSED] - typeOfData = typeOfDataMain + " Отпуск в сеть": null

11-12-2024T08:02:32 - [TEST_STEP][PASSED] - if (a == 82): null

11-12-2024T08:02:32 - [TEST_STEP][PASSED] - else if (a == 84): null

11-12-2024T08:02:32 - [TEST_STEP][PASSED] - else if (a == 52 || a == 72 || a == 28 || a == 73 || a == 77 || a == 74 || a == 65 || a == 36 || a == 44 || a == 53 || a == 80 || a == 54 || a == 1 || a == 18 || a == 59 || a == 81): null

11-12-2024T08:02:32 - [TEST_STEP][PASSED] - else: null

11-12-2024T08:02:32 - [TEST_STEP][PASSED] - path = dataFolder + typeOfData + " за отчётный период " + b: null

11-12-2024T08:02:32 - [TEST_STEP][PASSED] - println(path): null

11-12-2024T08:02:32 - [TEST_STEP][PASSED] - page = getText(findTestObject(path)): Text of object 'Object Repository/Выполнение бизнес-плана/Значения со страницы Выполнение бизнес-плана/План Отпуск в сеть за отчётный период Ингушэнерго' is: '723 798'

11-12-2024T08:02:32 - [MESSAGE][PASSED] - Text of object 'Object Repository/Выполнение бизнес-плана/Значения со страницы Выполнение бизнес-плана/План Отпуск в сеть за отчётный период Ингушэнерго' is: '723 798'

11-12-2024T08:02:32 - [TEST_STEP][PASSED] - page = page.replaceAll("\s+", ""): null

11-12-2024T08:02:32 - [TEST_STEP][PASSED] - fileOtpuskVSet = otpusk.toInteger(): null

11-12-2024T08:02:32 - [TEST_STEP][PASSED] - pageOtpuskVSet = page.toInteger(): null

11-12-2024T08:02:32 - [TEST_STEP][PASSED] - typeOfData = typeOfDataMain + " Потери": null

11-12-2024T08:02:32 - [TEST_STEP][PASSED] - if (a == 82): null

11-12-2024T08:02:32 - [TEST_STEP][PASSED] - else if (a == 84): null

11-12-2024T08:02:32 - [TEST_STEP][PASSED] - else if (a == 52 || a == 72 || a == 28 || a == 73 || a == 77 || a == 74 || a == 65 || a == 36 || a == 44 || a == 53 || a == 80 || a == 54 || a == 1 || a == 18 || a == 59 || a == 81): null

11-12-2024T08:02:32 - [TEST_STEP][PASSED] - else: null

11-12-2024T08:02:32 - [TEST_STEP][PASSED] - path = dataFolder + typeOfData + " за отчётный период " + b: null

11-12-2024T08:02:32 - [TEST_STEP][PASSED] - page = getText(findTestObject(path)): Text of object 'Object Repository/Выполнение бизнес-плана/Значения со страницы Выполнение бизнес-плана/План Потери за отчётный период Ингушэнерго' is: '314 075'

11-12-2024T08:02:33 - [MESSAGE][PASSED] - Text of object 'Object Repository/Выполнение бизнес-плана/Значения со страницы Выполнение бизнес-плана/План Потери за отчётный период Ингушэнерго' is: '314 075'

11-12-2024T08:02:33 - [TEST_STEP][PASSED] - page = page.replaceAll("\s+", ""): null

11-12-2024T08:02:33 - [TEST_STEP][PASSED] - filePoteri = poteri.toInteger(): null

11-12-2024T08:02:33 - [TEST_STEP][PASSED] - pagePoteri = page.toInteger(): null

11-12-2024T08:02:33 - [TEST_STEP][PASSED] - compare = pageOtpuskVSet: null

11-12-2024T08:02:33 - [TEST_STEP][PASSED] - if (compare == fileOtpuskVSet): null

11-12-2024T08:02:33 - [TEST_STEP][PASSED] - else if (compare > fileOtpuskVSet): null

11-12-2024T08:02:33 - [TEST_STEP][PASSED] - else if (compare < fileOtpuskVSet): null

11-12-2024T08:02:33 - [TEST_STEP][PASSED] - compare = compare + 1: null

11-12-2024T08:02:33 - [TEST_STEP][PASSED] - if (compare == fileOtpuskVSet): null

11-12-2024T08:02:33 - [TEST_STEP][PASSED] - else: null

11-12-2024T08:02:33 - [TEST_STEP][PASSED] - numberOfErrors = numberOfErrors + 1: null

11-12-2024T08:02:33 - [TEST_STEP][PASSED] - pageInt = pageOtpuskVSet: null

11-12-2024T08:02:33 - [TEST_STEP][PASSED] - fileInt = fileOtpuskVSet: null

11-12-2024T08:02:33 - [TEST_STEP][PASSED] - typeOfData = typeOfDataMain + " Отпуск в сеть": null

11-12-2024T08:02:33 - [TEST_STEP][PASSED] - Script1718980020443.WriteToExcel(a, typeOfData, todaysDate, pageInt, fileInt, pageDouble, fileDouble, dZO): null

11-12-2024T08:02:33 - [TEST_STEP][PASSED] - sheetName = "Sheet1": null

11-12-2024T08:02:33 - [TEST_STEP][PASSED] - data = findTestData("PlanFact"): null

11-12-2024T08:02:33 - [TEST_STEP][PASSED] - n = data.getRowNumbers() + 1: null

11-12-2024T08:02:33 - [TEST_STEP][PASSED] - year = todaysDate.substring(todaysDate.length() - 4, todaysDate.length()): null

11-12-2024T08:02:33 - [TEST_STEP][PASSED] - y = year.toInteger(): null

11-12-2024T08:02:33 - [TEST_STEP][PASSED] - m = getText(findTestObject("Выполнение бизнес-плана/Период")): Text of object 'Object Repository/Выполнение бизнес-плана/Период' is: '1, 2, 3 кв., Октябрь 2024 года'

11-12-2024T08:02:33 - [MESSAGE][PASSED] - Text of object 'Object Repository/Выполнение бизнес-плана/Период' is: '1, 2, 3 кв., Октябрь 2024 года'

11-12-2024T08:02:33 - [TEST_STEP][PASSED] - m = m.substring(0, m.indexOf("2024")): null

11-12-2024T08:02:33 - [TEST_STEP][PASSED] - m = m.trim(): null

11-12-2024T08:02:33 - [TEST_STEP][PASSED] - dashboardName = "Выполнение бизнес-плана": null

11-12-2024T08:02:33 - [TEST_STEP][PASSED] - workbook01 = getWorkbook(excelFilePath): null

11-12-2024T08:02:33 - [TEST_STEP][PASSED] - sheet01 = getExcelSheet(workbook01, sheetName): null

11-12-2024T08:02:33 - [TEST_STEP][PASSED] - setValueToCellByIndex(sheet01, n, 0, dashboardName): null

11-12-2024T08:02:33 - [TEST_STEP][PASSED] - setValueToCellByIndex(sheet01, n, 1, dZO): null

11-12-2024T08:02:33 - [TEST_STEP][PASSED] - setValueToCellByIndex(sheet01, n, 2, typeOfData): null

11-12-2024T08:02:33 - [TEST_STEP][PASSED] - if (typeOfData == "Факт в процентах" || typeOfData == "План в процентах"): null

11-12-2024T08:02:33 - [TEST_STEP][PASSED] - else: null

11-12-2024T08:02:33 - [TEST_STEP][PASSED] - setValueToCellByIndex(sheet01, n, 3, fileInt): null

11-12-2024T08:02:33 - [TEST_STEP][PASSED] - setValueToCellByIndex(sheet01, n, 4, pageInt): null

11-12-2024T08:02:33 - [TEST_STEP][PASSED] - setValueToCellByIndex(sheet01, n, 5, m): null

11-12-2024T08:02:33 - [TEST_STEP][PASSED] - setValueToCellByIndex(sheet01, n, 6, y): null

11-12-2024T08:02:33 - [TEST_STEP][PASSED] - setValueToCellByIndex(sheet01, n, 7, todaysDate): null

11-12-2024T08:02:33 - [TEST_STEP][PASSED] - n = n + 1: null

11-12-2024T08:02:33 - [TEST_STEP][PASSED] - saveWorkbook(excelFilePath, workbook01): null

11-12-2024T08:02:33 - [TEST_STEP][PASSED] - compare = pagePoteri: null

11-12-2024T08:02:33 - [TEST_STEP][PASSED] - if (compare == filePoteri): null

11-12-2024T08:02:33 - [TEST_STEP][PASSED] - else if (compare > filePoteri): null

11-12-2024T08:02:33 - [TEST_STEP][PASSED] - else if (compare < filePoteri): null

11-12-2024T08:02:33 - [TEST_STEP][PASSED] - compare = compare + 1: null

11-12-2024T08:02:33 - [TEST_STEP][PASSED] - if (compare == filePoteri): null

11-12-2024T08:02:33 - [TEST_STEP][PASSED] - else: null

11-12-2024T08:02:33 - [TEST_STEP][PASSED] - numberOfErrors = numberOfErrors + 1: null

11-12-2024T08:02:33 - [TEST_STEP][PASSED] - pageInt = pagePoteri: null

11-12-2024T08:02:33 - [TEST_STEP][PASSED] - fileInt = filePoteri: null

11-12-2024T08:02:33 - [TEST_STEP][PASSED] - typeOfData = typeOfDataMain + " Потери": null

11-12-2024T08:02:33 - [TEST_STEP][PASSED] - Script1718980020443.WriteToExcel(a, typeOfData, todaysDate, pageInt, fileInt, pageDouble, fileDouble, dZO): null

11-12-2024T08:02:33 - [TEST_STEP][PASSED] - sheetName = "Sheet1": null

11-12-2024T08:02:33 - [TEST_STEP][PASSED] - data = findTestData("PlanFact"): null

11-12-2024T08:02:33 - [TEST_STEP][PASSED] - n = data.getRowNumbers() + 1: null

11-12-2024T08:02:33 - [TEST_STEP][PASSED] - year = todaysDate.substring(todaysDate.length() - 4, todaysDate.length()): null

11-12-2024T08:02:33 - [TEST_STEP][PASSED] - y = year.toInteger(): null

11-12-2024T08:02:33 - [TEST_STEP][PASSED] - m = getText(findTestObject("Выполнение бизнес-плана/Период")): Text of object 'Object Repository/Выполнение бизнес-плана/Период' is: '1, 2, 3 кв., Октябрь 2024 года'

11-12-2024T08:02:34 - [MESSAGE][PASSED] - Text of object 'Object Repository/Выполнение бизнес-плана/Период' is: '1, 2, 3 кв., Октябрь 2024 года'

11-12-2024T08:02:34 - [TEST_STEP][PASSED] - m = m.substring(0, m.indexOf("2024")): null

11-12-2024T08:02:34 - [TEST_STEP][PASSED] - m = m.trim(): null

11-12-2024T08:02:34 - [TEST_STEP][PASSED] - dashboardName = "Выполнение бизнес-плана": null

11-12-2024T08:02:34 - [TEST_STEP][PASSED] - workbook01 = getWorkbook(excelFilePath): null

11-12-2024T08:02:34 - [TEST_STEP][PASSED] - sheet01 = getExcelSheet(workbook01, sheetName): null

11-12-2024T08:02:34 - [TEST_STEP][PASSED] - setValueToCellByIndex(sheet01, n, 0, dashboardName): null

11-12-2024T08:02:34 - [TEST_STEP][PASSED] - setValueToCellByIndex(sheet01, n, 1, dZO): null

11-12-2024T08:02:34 - [TEST_STEP][PASSED] - setValueToCellByIndex(sheet01, n, 2, typeOfData): null

11-12-2024T08:02:34 - [TEST_STEP][PASSED] - if (typeOfData == "Факт в процентах" || typeOfData == "План в процентах"): null

11-12-2024T08:02:34 - [TEST_STEP][PASSED] - else: null

11-12-2024T08:02:34 - [TEST_STEP][PASSED] - setValueToCellByIndex(sheet01, n, 3, fileInt): null

11-12-2024T08:02:34 - [TEST_STEP][PASSED] - setValueToCellByIndex(sheet01, n, 4, pageInt): null

11-12-2024T08:02:34 - [TEST_STEP][PASSED] - setValueToCellByIndex(sheet01, n, 5, m): null

11-12-2024T08:02:34 - [TEST_STEP][PASSED] - setValueToCellByIndex(sheet01, n, 6, y): null

11-12-2024T08:02:34 - [TEST_STEP][PASSED] - setValueToCellByIndex(sheet01, n, 7, todaysDate): null

11-12-2024T08:02:34 - [TEST_STEP][PASSED] - n = n + 1: null

11-12-2024T08:02:34 - [TEST_STEP][PASSED] - saveWorkbook(excelFilePath, workbook01): Object: 'Object Repository/Выполнение бизнес-плана/Кнопка Факт' is clicked on

11-12-2024T08:02:34 - [TEST_STEP][PASSED] - if (planFact == 2): Object: 'Object Repository/Выполнение бизнес-плана/Кнопка Факт' is clicked on

11-12-2024T08:02:34 - [TEST_STEP][PASSED] - click(findTestObject("Выполнение бизнес-плана/Кнопка Факт")): Object: 'Object Repository/Выполнение бизнес-плана/Кнопка Факт' is clicked on

11-12-2024T08:02:34 - [MESSAGE][PASSED] - Object: 'Object Repository/Выполнение бизнес-плана/Кнопка Факт' is clicked on

11-12-2024T08:02:34 - [TEST_STEP][PASSED] - if (a == 84 || a == 82): null

11-12-2024T08:02:34 - [TEST_STEP][PASSED] - else if (a == 52 || a == 72 || a == 28 || a == 73 || a == 77 || a == 74 || a == 65 || a == 36 || a == 44 || a == 53 || a == 80 || a == 54 || a == 1 || a == 18 || a == 59 || a == 81): null

11-12-2024T08:02:34 - [TEST_STEP][PASSED] - else: null

11-12-2024T08:02:34 - [TEST_STEP][PASSED] - page1 = getText(findTestObject("Object Repository/Выполнение бизнес-плана/spanPlan" + filialNum)): Text of object 'Object Repository/Выполнение бизнес-плана/spanPlan2' is: '43.39
|'

11-12-2024T08:02:35 - [MESSAGE][PASSED] - Text of object 'Object Repository/Выполнение бизнес-плана/spanPlan2' is: '43.39
|'

11-12-2024T08:02:35 - [TEST_STEP][PASSED] - page1 = page1.replace("|", ""): null

11-12-2024T08:02:35 - [TEST_STEP][PASSED] - page2 = getText(findTestObject("Object Repository/Выполнение бизнес-плана/spanFact" + filialNum)): Text of object 'Object Repository/Выполнение бизнес-плана/spanFact2' is: '56.56
|'

11-12-2024T08:02:35 - [MESSAGE][PASSED] - Text of object 'Object Repository/Выполнение бизнес-плана/spanFact2' is: '56.56
|'

11-12-2024T08:02:35 - [TEST_STEP][PASSED] - page2 = page2.replace("|", ""): null

11-12-2024T08:02:35 - [TEST_STEP][PASSED] - println("page1: " + page1): null

11-12-2024T08:02:35 - [TEST_STEP][PASSED] - println("page2: " + page2): null

11-12-2024T08:02:35 - [TEST_STEP][PASSED] - file = findTestData("PlanFact").getValue(4, a): null

11-12-2024T08:02:35 - [TEST_STEP][PASSED] - file = file.replace(",", "."): null

11-12-2024T08:02:35 - [TEST_STEP][PASSED] - println("file Plan: " + file): null

11-12-2024T08:02:35 - [TEST_STEP][PASSED] - typeOfData = "План в процентах": null

11-12-2024T08:02:35 - [TEST_STEP][PASSED] - fileDouble = file.toDouble(): null

11-12-2024T08:02:35 - [TEST_STEP][PASSED] - pageDouble = page1.toDouble(): null

11-12-2024T08:02:35 - [TEST_STEP][PASSED] - if (fileDouble != pageDouble): null

11-12-2024T08:02:35 - [TEST_STEP][PASSED] - numberOfErrors = numberOfErrors + 1: null

11-12-2024T08:02:35 - [TEST_STEP][PASSED] - Script1718980020443.WriteToExcel(a, typeOfData, todaysDate, pageInt, fileInt, pageDouble, fileDouble, dZO): null

11-12-2024T08:02:35 - [TEST_STEP][PASSED] - sheetName = "Sheet1": null

11-12-2024T08:02:35 - [TEST_STEP][PASSED] - data = findTestData("PlanFact"): null

11-12-2024T08:02:35 - [TEST_STEP][PASSED] - n = data.getRowNumbers() + 1: null

11-12-2024T08:02:35 - [TEST_STEP][PASSED] - year = todaysDate.substring(todaysDate.length() - 4, todaysDate.length()): null

11-12-2024T08:02:35 - [TEST_STEP][PASSED] - y = year.toInteger(): null

11-12-2024T08:02:35 - [TEST_STEP][PASSED] - m = getText(findTestObject("Выполнение бизнес-плана/Период")): Text of object 'Object Repository/Выполнение бизнес-плана/Период' is: '1, 2, 3 кв., Октябрь 2024 года'

11-12-2024T08:02:35 - [MESSAGE][PASSED] - Text of object 'Object Repository/Выполнение бизнес-плана/Период' is: '1, 2, 3 кв., Октябрь 2024 года'

11-12-2024T08:02:35 - [TEST_STEP][PASSED] - m = m.substring(0, m.indexOf("2024")): null

11-12-2024T08:02:35 - [TEST_STEP][PASSED] - m = m.trim(): null

11-12-2024T08:02:35 - [TEST_STEP][PASSED] - dashboardName = "Выполнение бизнес-плана": null

11-12-2024T08:02:35 - [TEST_STEP][PASSED] - workbook01 = getWorkbook(excelFilePath): null

11-12-2024T08:02:36 - [TEST_STEP][PASSED] - sheet01 = getExcelSheet(workbook01, sheetName): null

11-12-2024T08:02:36 - [TEST_STEP][PASSED] - setValueToCellByIndex(sheet01, n, 0, dashboardName): null

11-12-2024T08:02:36 - [TEST_STEP][PASSED] - setValueToCellByIndex(sheet01, n, 1, dZO): null

11-12-2024T08:02:36 - [TEST_STEP][PASSED] - setValueToCellByIndex(sheet01, n, 2, typeOfData): null

11-12-2024T08:02:36 - [TEST_STEP][PASSED] - if (typeOfData == "Факт в процентах" || typeOfData == "План в процентах"): null

11-12-2024T08:02:36 - [TEST_STEP][PASSED] - setValueToCellByIndex(sheet01, n, 3, fileDouble): null

11-12-2024T08:02:36 - [TEST_STEP][PASSED] - setValueToCellByIndex(sheet01, n, 4, pageDouble): null

11-12-2024T08:02:36 - [TEST_STEP][PASSED] - setValueToCellByIndex(sheet01, n, 5, m): null

11-12-2024T08:02:36 - [TEST_STEP][PASSED] - setValueToCellByIndex(sheet01, n, 6, y): null

11-12-2024T08:02:36 - [TEST_STEP][PASSED] - setValueToCellByIndex(sheet01, n, 7, todaysDate): null

11-12-2024T08:02:36 - [TEST_STEP][PASSED] - n = n + 1: null

11-12-2024T08:02:36 - [TEST_STEP][PASSED] - saveWorkbook(excelFilePath, workbook01): null

11-12-2024T08:02:36 - [TEST_STEP][PASSED] - file = findTestData("PlanFact").getValue(7, a): null

11-12-2024T08:02:36 - [TEST_STEP][PASSED] - file = file.replace(",", "."): null

11-12-2024T08:02:36 - [TEST_STEP][PASSED] - println("file Fact: " + file): null

11-12-2024T08:02:36 - [TEST_STEP][PASSED] - fileDouble = file.toDouble(): null

11-12-2024T08:02:36 - [TEST_STEP][PASSED] - typeOfData = "Факт в процентах": null

11-12-2024T08:02:36 - [TEST_STEP][PASSED] - fileDouble = file.toDouble(): null

11-12-2024T08:02:36 - [TEST_STEP][PASSED] - pageDouble = page2.toDouble(): null

11-12-2024T08:02:36 - [TEST_STEP][PASSED] - if (fileDouble != pageDouble): null

11-12-2024T08:02:36 - [TEST_STEP][PASSED] - numberOfErrors = numberOfErrors + 1: null

11-12-2024T08:02:36 - [TEST_STEP][PASSED] - Script1718980020443.WriteToExcel(a, typeOfData, todaysDate, pageInt, fileInt, pageDouble, fileDouble, dZO): null

11-12-2024T08:02:36 - [TEST_STEP][PASSED] - sheetName = "Sheet1": null

11-12-2024T08:02:36 - [TEST_STEP][PASSED] - data = findTestData("PlanFact"): null

11-12-2024T08:02:36 - [TEST_STEP][PASSED] - n = data.getRowNumbers() + 1: null

11-12-2024T08:02:36 - [TEST_STEP][PASSED] - year = todaysDate.substring(todaysDate.length() - 4, todaysDate.length()): null

11-12-2024T08:02:36 - [TEST_STEP][PASSED] - y = year.toInteger(): null

11-12-2024T08:02:36 - [TEST_STEP][PASSED] - m = getText(findTestObject("Выполнение бизнес-плана/Период")): Text of object 'Object Repository/Выполнение бизнес-плана/Период' is: '1, 2, 3 кв., Октябрь 2024 года'

11-12-2024T08:02:36 - [MESSAGE][PASSED] - Text of object 'Object Repository/Выполнение бизнес-плана/Период' is: '1, 2, 3 кв., Октябрь 2024 года'

11-12-2024T08:02:36 - [TEST_STEP][PASSED] - m = m.substring(0, m.indexOf("2024")): null

11-12-2024T08:02:36 - [TEST_STEP][PASSED] - m = m.trim(): null

11-12-2024T08:02:36 - [TEST_STEP][PASSED] - dashboardName = "Выполнение бизнес-плана": null

11-12-2024T08:02:36 - [TEST_STEP][PASSED] - workbook01 = getWorkbook(excelFilePath): null

11-12-2024T08:02:36 - [TEST_STEP][PASSED] - sheet01 = getExcelSheet(workbook01, sheetName): null

11-12-2024T08:02:36 - [TEST_STEP][PASSED] - setValueToCellByIndex(sheet01, n, 0, dashboardName): null

11-12-2024T08:02:36 - [TEST_STEP][PASSED] - setValueToCellByIndex(sheet01, n, 1, dZO): null

11-12-2024T08:02:36 - [TEST_STEP][PASSED] - setValueToCellByIndex(sheet01, n, 2, typeOfData): null

11-12-2024T08:02:36 - [TEST_STEP][PASSED] - if (typeOfData == "Факт в процентах" || typeOfData == "План в процентах"): null

11-12-2024T08:02:36 - [TEST_STEP][PASSED] - setValueToCellByIndex(sheet01, n, 3, fileDouble): null

11-12-2024T08:02:36 - [TEST_STEP][PASSED] - setValueToCellByIndex(sheet01, n, 4, pageDouble): null

11-12-2024T08:02:36 - [TEST_STEP][PASSED] - setValueToCellByIndex(sheet01, n, 5, m): null

11-12-2024T08:02:36 - [TEST_STEP][PASSED] - setValueToCellByIndex(sheet01, n, 6, y): null

11-12-2024T08:02:36 - [TEST_STEP][PASSED] - setValueToCellByIndex(sheet01, n, 7, todaysDate): null

11-12-2024T08:02:36 - [TEST_STEP][PASSED] - n = n + 1: null

11-12-2024T08:02:36 - [TEST_STEP][PASSED] - saveWorkbook(excelFilePath, workbook01): null

11-12-2024T08:02:37 - [TEST_STEP][FAILED] - if (verifyEqual(numberOfErrors, 0) == false): null

11-12-2024T08:02:37 - [MESSAGE][FAILED] - Unable to verify equal between actual object '6' and expected object '0' (Root cause: com.kms.katalon.core.exception.StepFailedException: Actual object '6' and expected object '0' are not equal
	at com.kms.katalon.core.keyword.builtin.VerifyEqualKeyword$_verifyEqual_closure1.doCall(VerifyEqualKeyword.groovy:58)
	at com.kms.katalon.core.keyword.builtin.VerifyEqualKeyword$_verifyEqual_closure1.call(VerifyEqualKeyword.groovy)
	at com.kms.katalon.core.keyword.internal.KeywordMain.runKeyword(KeywordMain.groovy:75)
	at com.kms.katalon.core.keyword.builtin.VerifyEqualKeyword.verifyEqual(VerifyEqualKeyword.groovy:63)
	at com.kms.katalon.core.keyword.builtin.VerifyEqualKeyword.execute(VerifyEqualKeyword.groovy:44)
	at com.kms.katalon.core.keyword.internal.KeywordExecutor.executeKeywordForPlatform(KeywordExecutor.groovy:74)
	at com.kms.katalon.core.keyword.BuiltinKeywords.verifyEqual(BuiltinKeywords.groovy:146)
	at java.base/jdk.internal.reflect.NativeMethodAccessorImpl.invoke0(Native Method)
	at java.base/jdk.internal.reflect.NativeMethodAccessorImpl.invoke(NativeMethodAccessorImpl.java:77)
	at java.base/jdk.internal.reflect.DelegatingMethodAccessorImpl.invoke(DelegatingMethodAccessorImpl.java:43)
	at Выполнение бизнес-плана Сверка ПАО Россети все филиалы.Numbers(Выполнение бизнес-плана Сверка ПАО Россети все филиалы:752)
	at Выполнение бизнес-плана Сверка ПАО Россети все филиалы.Filials(Выполнение бизнес-плана Сверка ПАО Россети все филиалы:1099)
	at Выполнение бизнес-плана Сверка ПАО Россети все филиалы.Numbers(Выполнение бизнес-плана Сверка ПАО Россети все филиалы:757)
	at Выполнение бизнес-плана Сверка ПАО Россети все филиалы.run(Выполнение бизнес-плана Сверка ПАО Россети все филиалы:316)
	at com.kms.katalon.core.main.ScriptEngine.run(ScriptEngine.java:194)
	at com.kms.katalon.core.main.ScriptEngine.runScriptAsRawText(ScriptEngine.java:119)
	at com.kms.katalon.core.main.TestCaseExecutor.runScript(TestCaseExecutor.java:448)
	at com.kms.katalon.core.main.TestCaseExecutor.doExecute(TestCaseExecutor.java:439)
	at com.kms.katalon.core.main.TestCaseExecutor.processExecutionPhase(TestCaseExecutor.java:418)
	at com.kms.katalon.core.main.TestCaseExecutor.accessMainPhase(TestCaseExecutor.java:410)
	at com.kms.katalon.core.main.TestCaseExecutor.execute(TestCaseExecutor.java:285)
	at com.kms.katalon.core.common.CommonExecutor.accessTestCaseMainPhase(CommonExecutor.java:65)
	at com.kms.katalon.core.main.TestSuiteExecutor.accessTestSuiteMainPhase(TestSuiteExecutor.java:150)
	at com.kms.katalon.core.main.TestSuiteExecutor.execute(TestSuiteExecutor.java:106)
	at com.kms.katalon.core.main.TestCaseMain.startTestSuite(TestCaseMain.java:180)
	at TempTestSuite1733892825375.run(TempTestSuite1733892825375.groovy:35)
	at java.base/jdk.internal.reflect.NativeMethodAccessorImpl.invoke0(Native Method)
	at java.base/jdk.internal.reflect.NativeMethodAccessorImpl.invoke(NativeMethodAccessorImpl.java:77)
	at java.base/jdk.internal.reflect.DelegatingMethodAccessorImpl.invoke(DelegatingMethodAccessorImpl.java:43)
)

11-12-2024T08:02:37 - [TEST_STEP][PASSED] - println(numberOfErrors): null

11-12-2024T08:02:37 - [TEST_STEP][PASSED] - if (a == 28 || a == 77 || a == 74 || a == 65 || a == 36 || a == 44 || a == 54 || a == 1 || a == 18 || a == 59): null

11-12-2024T08:02:37 - [TEST_STEP][PASSED] - if (a == 82): null

11-12-2024T08:02:37 - [TEST_STEP][PASSED] - dZO = "Каббалкэнерго": null

11-12-2024T08:02:37 - [TEST_STEP][PASSED] - a = 66: null

11-12-2024T08:02:37 - [TEST_STEP][PASSED] - if (x2.contains(dZO)): null

11-12-2024T08:02:37 - [TEST_STEP][PASSED] - filialNum = filialNum + 1: null

11-12-2024T08:02:37 - [TEST_STEP][PASSED] - Script1718980020443.Numbers(a, typeOfData, todaysDate, pageInt, fileInt, pageDouble, fileDouble, dZO, dzoNum, filialNum): null

11-12-2024T08:02:37 - [TEST_STEP][PASSED] - println(dzoNum): null

11-12-2024T08:02:37 - [TEST_STEP][PASSED] - planFact = <not implemented yet for class: org.codehaus.groovy.ast.expr.EmptyExpression>: null

11-12-2024T08:02:37 - [TEST_STEP][PASSED] - page = <not implemented yet for class: org.codehaus.groovy.ast.expr.EmptyExpression>: null

11-12-2024T08:02:37 - [TEST_STEP][PASSED] - page1 = <not implemented yet for class: org.codehaus.groovy.ast.expr.EmptyExpression>: null

11-12-2024T08:02:37 - [TEST_STEP][PASSED] - page2 = <not implemented yet for class: org.codehaus.groovy.ast.expr.EmptyExpression>: null

11-12-2024T08:02:37 - [TEST_STEP][PASSED] - filialNumberInRow = <not implemented yet for class: org.codehaus.groovy.ast.expr.EmptyExpression>: null

11-12-2024T08:02:37 - [TEST_STEP][PASSED] - filialsDzoNames = <not implemented yet for class: org.codehaus.groovy.ast.expr.EmptyExpression>: null

11-12-2024T08:02:37 - [TEST_STEP][PASSED] - numberOfFilials = <not implemented yet for class: org.codehaus.groovy.ast.expr.EmptyExpression>: null

11-12-2024T08:02:37 - [TEST_STEP][PASSED] - numberOfSpaces = <not implemented yet for class: org.codehaus.groovy.ast.expr.EmptyExpression>: null

11-12-2024T08:02:37 - [TEST_STEP][PASSED] - file = <not implemented yet for class: org.codehaus.groovy.ast.expr.EmptyExpression>: null

11-12-2024T08:02:37 - [TEST_STEP][PASSED] - otpusk = <not implemented yet for class: org.codehaus.groovy.ast.expr.EmptyExpression>: null

11-12-2024T08:02:37 - [TEST_STEP][PASSED] - poteri = <not implemented yet for class: org.codehaus.groovy.ast.expr.EmptyExpression>: null

11-12-2024T08:02:37 - [TEST_STEP][PASSED] - dataFolder = "Выполнение бизнес-плана/Значения со страницы Выполнение бизнес-плана/": null

11-12-2024T08:02:37 - [TEST_STEP][PASSED] - path = <not implemented yet for class: org.codehaus.groovy.ast.expr.EmptyExpression>: null

11-12-2024T08:02:37 - [TEST_STEP][PASSED] - typeOfDataMain = <not implemented yet for class: org.codehaus.groovy.ast.expr.EmptyExpression>: null

11-12-2024T08:02:37 - [TEST_STEP][PASSED] - fileOtpuskVSet = <not implemented yet for class: org.codehaus.groovy.ast.expr.EmptyExpression>: null

11-12-2024T08:02:37 - [TEST_STEP][PASSED] - pageOtpuskVSet = <not implemented yet for class: org.codehaus.groovy.ast.expr.EmptyExpression>: null

11-12-2024T08:02:37 - [TEST_STEP][PASSED] - filePoteri = <not implemented yet for class: org.codehaus.groovy.ast.expr.EmptyExpression>: null

11-12-2024T08:02:37 - [TEST_STEP][PASSED] - pagePoteri = <not implemented yet for class: org.codehaus.groovy.ast.expr.EmptyExpression>: null

11-12-2024T08:02:37 - [TEST_STEP][PASSED] - compare = <not implemented yet for class: org.codehaus.groovy.ast.expr.EmptyExpression>: null

11-12-2024T08:02:37 - [TEST_STEP][PASSED] - b = <not implemented yet for class: org.codehaus.groovy.ast.expr.EmptyExpression>: null

11-12-2024T08:02:37 - [TEST_STEP][PASSED] - i = <not implemented yet for class: org.codehaus.groovy.ast.expr.EmptyExpression>: null

11-12-2024T08:02:37 - [TEST_STEP][PASSED] - ii = <not implemented yet for class: org.codehaus.groovy.ast.expr.EmptyExpression>: null

11-12-2024T08:02:37 - [TEST_STEP][PASSED] - c = <not implemented yet for class: org.codehaus.groovy.ast.expr.EmptyExpression>: null

11-12-2024T08:02:37 - [TEST_STEP][PASSED] - numberOfErrors = 0: null

11-12-2024T08:02:37 - [TEST_STEP][PASSED] - if (a == 82): null

11-12-2024T08:02:37 - [TEST_STEP][PASSED] - b = findTestData("PlanFact").getValue(1, a): null

11-12-2024T08:02:37 - [TEST_STEP][PASSED] - i = b.indexOf(" (ГК)"): null

11-12-2024T08:02:37 - [TEST_STEP][PASSED] - if (i > -1): null

11-12-2024T08:02:37 - [TEST_STEP][PASSED] - i = b.indexOf("О ""): null

11-12-2024T08:02:37 - [TEST_STEP][PASSED] - if (i > -1): null

11-12-2024T08:02:37 - [TEST_STEP][PASSED] - i = b.indexOf("О «"): null

11-12-2024T08:02:37 - [TEST_STEP][PASSED] - if (i > -1): null

11-12-2024T08:02:37 - [TEST_STEP][PASSED] - i = b.indexOf("г. "): null

11-12-2024T08:02:37 - [TEST_STEP][PASSED] - if (i > -1): null

11-12-2024T08:02:37 - [TEST_STEP][PASSED] - println(b): null

11-12-2024T08:02:37 - [TEST_STEP][PASSED] - for ([planFact = 1, planFact < 3, (planFact++)]): null

11-12-2024T08:02:37 - [TEST_STEP][PASSED] - if (planFact == 1): null

11-12-2024T08:02:37 - [TEST_STEP][PASSED] - typeOfDataMain = "Факт": null

11-12-2024T08:02:37 - [TEST_STEP][PASSED] - otpusk = findTestData("PlanFact").getValue(5, a): null

11-12-2024T08:02:37 - [TEST_STEP][PASSED] - poteri = findTestData("PlanFact").getValue(6, a): null

11-12-2024T08:02:37 - [TEST_STEP][PASSED] - otpusk = otpusk.replaceAll("\s+", ""): null

11-12-2024T08:02:37 - [TEST_STEP][PASSED] - poteri = poteri.replaceAll("\s+", ""): null

11-12-2024T08:02:37 - [TEST_STEP][PASSED] - typeOfData = typeOfDataMain + " Отпуск в сеть": null

11-12-2024T08:02:37 - [TEST_STEP][PASSED] - if (a == 82): null

11-12-2024T08:02:37 - [TEST_STEP][PASSED] - else if (a == 84): null

11-12-2024T08:02:37 - [TEST_STEP][PASSED] - else if (a == 52 || a == 72 || a == 28 || a == 73 || a == 77 || a == 74 || a == 65 || a == 36 || a == 44 || a == 53 || a == 80 || a == 54 || a == 1 || a == 18 || a == 59 || a == 81): null

11-12-2024T08:02:37 - [TEST_STEP][PASSED] - else: null

11-12-2024T08:02:37 - [TEST_STEP][PASSED] - path = dataFolder + typeOfData + " за отчётный период " + b: null

11-12-2024T08:02:37 - [TEST_STEP][PASSED] - println(path): null

11-12-2024T08:02:37 - [TEST_STEP][PASSED] - page = getText(findTestObject(path)): Text of object 'Object Repository/Выполнение бизнес-плана/Значения со страницы Выполнение бизнес-плана/Факт Отпуск в сеть за отчётный период Каббалкэнерго' is: '1 413 519'

11-12-2024T08:02:37 - [MESSAGE][PASSED] - Text of object 'Object Repository/Выполнение бизнес-плана/Значения со страницы Выполнение бизнес-плана/Факт Отпуск в сеть за отчётный период Каббалкэнерго' is: '1 413 519'

11-12-2024T08:02:37 - [TEST_STEP][PASSED] - page = page.replaceAll("\s+", ""): null

11-12-2024T08:02:37 - [TEST_STEP][PASSED] - fileOtpuskVSet = otpusk.toInteger(): null

11-12-2024T08:02:37 - [TEST_STEP][PASSED] - pageOtpuskVSet = page.toInteger(): null

11-12-2024T08:02:37 - [TEST_STEP][PASSED] - typeOfData = typeOfDataMain + " Потери": null

11-12-2024T08:02:37 - [TEST_STEP][PASSED] - if (a == 82): null

11-12-2024T08:02:37 - [TEST_STEP][PASSED] - else if (a == 84): null

11-12-2024T08:02:37 - [TEST_STEP][PASSED] - else if (a == 52 || a == 72 || a == 28 || a == 73 || a == 77 || a == 74 || a == 65 || a == 36 || a == 44 || a == 53 || a == 80 || a == 54 || a == 1 || a == 18 || a == 59 || a == 81): null

11-12-2024T08:02:37 - [TEST_STEP][PASSED] - else: null

11-12-2024T08:02:37 - [TEST_STEP][PASSED] - path = dataFolder + typeOfData + " за отчётный период " + b: null

11-12-2024T08:02:37 - [TEST_STEP][PASSED] - page = getText(findTestObject(path)): Text of object 'Object Repository/Выполнение бизнес-плана/Значения со страницы Выполнение бизнес-плана/Факт Потери за отчётный период Каббалкэнерго' is: '276 509'

11-12-2024T08:02:38 - [MESSAGE][PASSED] - Text of object 'Object Repository/Выполнение бизнес-плана/Значения со страницы Выполнение бизнес-плана/Факт Потери за отчётный период Каббалкэнерго' is: '276 509'

11-12-2024T08:02:38 - [TEST_STEP][PASSED] - page = page.replaceAll("\s+", ""): null

11-12-2024T08:02:38 - [TEST_STEP][PASSED] - filePoteri = poteri.toInteger(): null

11-12-2024T08:02:38 - [TEST_STEP][PASSED] - pagePoteri = page.toInteger(): null

11-12-2024T08:02:38 - [TEST_STEP][PASSED] - compare = pageOtpuskVSet: null

11-12-2024T08:02:38 - [TEST_STEP][PASSED] - if (compare == fileOtpuskVSet): null

11-12-2024T08:02:38 - [TEST_STEP][PASSED] - else if (compare > fileOtpuskVSet): null

11-12-2024T08:02:38 - [TEST_STEP][PASSED] - else if (compare < fileOtpuskVSet): null

11-12-2024T08:02:38 - [TEST_STEP][PASSED] - compare = compare + 1: null

11-12-2024T08:02:38 - [TEST_STEP][PASSED] - if (compare == fileOtpuskVSet): null

11-12-2024T08:02:38 - [TEST_STEP][PASSED] - else: null

11-12-2024T08:02:38 - [TEST_STEP][PASSED] - numberOfErrors = numberOfErrors + 1: null

11-12-2024T08:02:38 - [TEST_STEP][PASSED] - pageInt = pageOtpuskVSet: null

11-12-2024T08:02:38 - [TEST_STEP][PASSED] - fileInt = fileOtpuskVSet: null

11-12-2024T08:02:38 - [TEST_STEP][PASSED] - typeOfData = typeOfDataMain + " Отпуск в сеть": null

11-12-2024T08:02:38 - [TEST_STEP][PASSED] - Script1718980020443.WriteToExcel(a, typeOfData, todaysDate, pageInt, fileInt, pageDouble, fileDouble, dZO): null

11-12-2024T08:02:38 - [TEST_STEP][PASSED] - sheetName = "Sheet1": null

11-12-2024T08:02:38 - [TEST_STEP][PASSED] - data = findTestData("PlanFact"): null

11-12-2024T08:02:38 - [TEST_STEP][PASSED] - n = data.getRowNumbers() + 1: null

11-12-2024T08:02:38 - [TEST_STEP][PASSED] - year = todaysDate.substring(todaysDate.length() - 4, todaysDate.length()): null

11-12-2024T08:02:38 - [TEST_STEP][PASSED] - y = year.toInteger(): null

11-12-2024T08:02:38 - [TEST_STEP][PASSED] - m = getText(findTestObject("Выполнение бизнес-плана/Период")): Text of object 'Object Repository/Выполнение бизнес-плана/Период' is: '1, 2, 3 кв., Октябрь 2024 года'

11-12-2024T08:02:38 - [MESSAGE][PASSED] - Text of object 'Object Repository/Выполнение бизнес-плана/Период' is: '1, 2, 3 кв., Октябрь 2024 года'

11-12-2024T08:02:38 - [TEST_STEP][PASSED] - m = m.substring(0, m.indexOf("2024")): null

11-12-2024T08:02:38 - [TEST_STEP][PASSED] - m = m.trim(): null

11-12-2024T08:02:38 - [TEST_STEP][PASSED] - dashboardName = "Выполнение бизнес-плана": null

11-12-2024T08:02:38 - [TEST_STEP][PASSED] - workbook01 = getWorkbook(excelFilePath): null

11-12-2024T08:02:38 - [TEST_STEP][PASSED] - sheet01 = getExcelSheet(workbook01, sheetName): null

11-12-2024T08:02:38 - [TEST_STEP][PASSED] - setValueToCellByIndex(sheet01, n, 0, dashboardName): null

11-12-2024T08:02:38 - [TEST_STEP][PASSED] - setValueToCellByIndex(sheet01, n, 1, dZO): null

11-12-2024T08:02:38 - [TEST_STEP][PASSED] - setValueToCellByIndex(sheet01, n, 2, typeOfData): null

11-12-2024T08:02:38 - [TEST_STEP][PASSED] - if (typeOfData == "Факт в процентах" || typeOfData == "План в процентах"): null

11-12-2024T08:02:38 - [TEST_STEP][PASSED] - else: null

11-12-2024T08:02:38 - [TEST_STEP][PASSED] - setValueToCellByIndex(sheet01, n, 3, fileInt): null

11-12-2024T08:02:38 - [TEST_STEP][PASSED] - setValueToCellByIndex(sheet01, n, 4, pageInt): null

11-12-2024T08:02:38 - [TEST_STEP][PASSED] - setValueToCellByIndex(sheet01, n, 5, m): null

11-12-2024T08:02:38 - [TEST_STEP][PASSED] - setValueToCellByIndex(sheet01, n, 6, y): null

11-12-2024T08:02:38 - [TEST_STEP][PASSED] - setValueToCellByIndex(sheet01, n, 7, todaysDate): null

11-12-2024T08:02:38 - [TEST_STEP][PASSED] - n = n + 1: null

11-12-2024T08:02:38 - [TEST_STEP][PASSED] - saveWorkbook(excelFilePath, workbook01): null

11-12-2024T08:02:38 - [TEST_STEP][PASSED] - compare = pagePoteri: null

11-12-2024T08:02:38 - [TEST_STEP][PASSED] - if (compare == filePoteri): null

11-12-2024T08:02:38 - [TEST_STEP][PASSED] - else if (compare > filePoteri): null

11-12-2024T08:02:38 - [TEST_STEP][PASSED] - else if (compare < filePoteri): null

11-12-2024T08:02:38 - [TEST_STEP][PASSED] - compare = compare + 1: null

11-12-2024T08:02:38 - [TEST_STEP][PASSED] - if (compare == filePoteri): null

11-12-2024T08:02:38 - [TEST_STEP][PASSED] - else: null

11-12-2024T08:02:38 - [TEST_STEP][PASSED] - numberOfErrors = numberOfErrors + 1: null

11-12-2024T08:02:38 - [TEST_STEP][PASSED] - pageInt = pagePoteri: null

11-12-2024T08:02:38 - [TEST_STEP][PASSED] - fileInt = filePoteri: null

11-12-2024T08:02:38 - [TEST_STEP][PASSED] - typeOfData = typeOfDataMain + " Потери": null

11-12-2024T08:02:38 - [TEST_STEP][PASSED] - Script1718980020443.WriteToExcel(a, typeOfData, todaysDate, pageInt, fileInt, pageDouble, fileDouble, dZO): null

11-12-2024T08:02:38 - [TEST_STEP][PASSED] - sheetName = "Sheet1": null

11-12-2024T08:02:38 - [TEST_STEP][PASSED] - data = findTestData("PlanFact"): null

11-12-2024T08:02:38 - [TEST_STEP][PASSED] - n = data.getRowNumbers() + 1: null

11-12-2024T08:02:38 - [TEST_STEP][PASSED] - year = todaysDate.substring(todaysDate.length() - 4, todaysDate.length()): null

11-12-2024T08:02:38 - [TEST_STEP][PASSED] - y = year.toInteger(): null

11-12-2024T08:02:38 - [TEST_STEP][PASSED] - m = getText(findTestObject("Выполнение бизнес-плана/Период")): Text of object 'Object Repository/Выполнение бизнес-плана/Период' is: '1, 2, 3 кв., Октябрь 2024 года'

11-12-2024T08:02:39 - [MESSAGE][PASSED] - Text of object 'Object Repository/Выполнение бизнес-плана/Период' is: '1, 2, 3 кв., Октябрь 2024 года'

11-12-2024T08:02:39 - [TEST_STEP][PASSED] - m = m.substring(0, m.indexOf("2024")): null

11-12-2024T08:02:39 - [TEST_STEP][PASSED] - m = m.trim(): null

11-12-2024T08:02:39 - [TEST_STEP][PASSED] - dashboardName = "Выполнение бизнес-плана": null

11-12-2024T08:02:39 - [TEST_STEP][PASSED] - workbook01 = getWorkbook(excelFilePath): null

11-12-2024T08:02:39 - [TEST_STEP][PASSED] - sheet01 = getExcelSheet(workbook01, sheetName): null

11-12-2024T08:02:39 - [TEST_STEP][PASSED] - setValueToCellByIndex(sheet01, n, 0, dashboardName): null

11-12-2024T08:02:39 - [TEST_STEP][PASSED] - setValueToCellByIndex(sheet01, n, 1, dZO): null

11-12-2024T08:02:39 - [TEST_STEP][PASSED] - setValueToCellByIndex(sheet01, n, 2, typeOfData): null

11-12-2024T08:02:39 - [TEST_STEP][PASSED] - if (typeOfData == "Факт в процентах" || typeOfData == "План в процентах"): null

11-12-2024T08:02:39 - [TEST_STEP][PASSED] - else: null

11-12-2024T08:02:39 - [TEST_STEP][PASSED] - setValueToCellByIndex(sheet01, n, 3, fileInt): null

11-12-2024T08:02:39 - [TEST_STEP][PASSED] - setValueToCellByIndex(sheet01, n, 4, pageInt): null

11-12-2024T08:02:39 - [TEST_STEP][PASSED] - setValueToCellByIndex(sheet01, n, 5, m): null

11-12-2024T08:02:39 - [TEST_STEP][PASSED] - setValueToCellByIndex(sheet01, n, 6, y): null

11-12-2024T08:02:39 - [TEST_STEP][PASSED] - setValueToCellByIndex(sheet01, n, 7, todaysDate): null

11-12-2024T08:02:39 - [TEST_STEP][PASSED] - n = n + 1: null

11-12-2024T08:02:39 - [TEST_STEP][PASSED] - saveWorkbook(excelFilePath, workbook01): null

11-12-2024T08:02:39 - [TEST_STEP][PASSED] - if (planFact == 2): null

11-12-2024T08:02:39 - [TEST_STEP][PASSED] - if (planFact == 1): null

11-12-2024T08:02:39 - [TEST_STEP][PASSED] - else if (planFact == 2): null

11-12-2024T08:02:39 - [TEST_STEP][PASSED] - click(findTestObject("Выполнение бизнес-плана/Кнопка План")): Object: 'Object Repository/Выполнение бизнес-плана/Кнопка План' is clicked on

11-12-2024T08:02:39 - [MESSAGE][PASSED] - Object: 'Object Repository/Выполнение бизнес-плана/Кнопка План' is clicked on

11-12-2024T08:02:39 - [TEST_STEP][PASSED] - typeOfDataMain = "План": null

11-12-2024T08:02:39 - [TEST_STEP][PASSED] - otpusk = findTestData("PlanFact").getValue(2, a): null

11-12-2024T08:02:40 - [TEST_STEP][PASSED] - poteri = findTestData("PlanFact").getValue(3, a): null

11-12-2024T08:02:40 - [TEST_STEP][PASSED] - otpusk = otpusk.replaceAll("\s+", ""): null

11-12-2024T08:02:40 - [TEST_STEP][PASSED] - poteri = poteri.replaceAll("\s+", ""): null

11-12-2024T08:02:40 - [TEST_STEP][PASSED] - typeOfData = typeOfDataMain + " Отпуск в сеть": null

11-12-2024T08:02:40 - [TEST_STEP][PASSED] - if (a == 82): null

11-12-2024T08:02:40 - [TEST_STEP][PASSED] - else if (a == 84): null

11-12-2024T08:02:40 - [TEST_STEP][PASSED] - else if (a == 52 || a == 72 || a == 28 || a == 73 || a == 77 || a == 74 || a == 65 || a == 36 || a == 44 || a == 53 || a == 80 || a == 54 || a == 1 || a == 18 || a == 59 || a == 81): null

11-12-2024T08:02:40 - [TEST_STEP][PASSED] - else: null

11-12-2024T08:02:40 - [TEST_STEP][PASSED] - path = dataFolder + typeOfData + " за отчётный период " + b: null

11-12-2024T08:02:40 - [TEST_STEP][PASSED] - println(path): null

11-12-2024T08:02:40 - [TEST_STEP][PASSED] - page = getText(findTestObject(path)): Text of object 'Object Repository/Выполнение бизнес-плана/Значения со страницы Выполнение бизнес-плана/План Отпуск в сеть за отчётный период Каббалкэнерго' is: '1 299 774'

11-12-2024T08:02:40 - [MESSAGE][PASSED] - Text of object 'Object Repository/Выполнение бизнес-плана/Значения со страницы Выполнение бизнес-плана/План Отпуск в сеть за отчётный период Каббалкэнерго' is: '1 299 774'

11-12-2024T08:02:40 - [TEST_STEP][PASSED] - page = page.replaceAll("\s+", ""): null

11-12-2024T08:02:40 - [TEST_STEP][PASSED] - fileOtpuskVSet = otpusk.toInteger(): null

11-12-2024T08:02:40 - [TEST_STEP][PASSED] - pageOtpuskVSet = page.toInteger(): null

11-12-2024T08:02:40 - [TEST_STEP][PASSED] - typeOfData = typeOfDataMain + " Потери": null

11-12-2024T08:02:40 - [TEST_STEP][PASSED] - if (a == 82): null

11-12-2024T08:02:40 - [TEST_STEP][PASSED] - else if (a == 84): null

11-12-2024T08:02:40 - [TEST_STEP][PASSED] - else if (a == 52 || a == 72 || a == 28 || a == 73 || a == 77 || a == 74 || a == 65 || a == 36 || a == 44 || a == 53 || a == 80 || a == 54 || a == 1 || a == 18 || a == 59 || a == 81): null

11-12-2024T08:02:40 - [TEST_STEP][PASSED] - else: null

11-12-2024T08:02:40 - [TEST_STEP][PASSED] - path = dataFolder + typeOfData + " за отчётный период " + b: null

11-12-2024T08:02:40 - [TEST_STEP][PASSED] - page = getText(findTestObject(path)): Text of object 'Object Repository/Выполнение бизнес-плана/Значения со страницы Выполнение бизнес-плана/План Потери за отчётный период Каббалкэнерго' is: '257 408'

11-12-2024T08:02:40 - [MESSAGE][PASSED] - Text of object 'Object Repository/Выполнение бизнес-плана/Значения со страницы Выполнение бизнес-плана/План Потери за отчётный период Каббалкэнерго' is: '257 408'

11-12-2024T08:02:40 - [TEST_STEP][PASSED] - page = page.replaceAll("\s+", ""): null

11-12-2024T08:02:40 - [TEST_STEP][PASSED] - filePoteri = poteri.toInteger(): null

11-12-2024T08:02:40 - [TEST_STEP][PASSED] - pagePoteri = page.toInteger(): null

11-12-2024T08:02:40 - [TEST_STEP][PASSED] - compare = pageOtpuskVSet: null

11-12-2024T08:02:40 - [TEST_STEP][PASSED] - if (compare == fileOtpuskVSet): null

11-12-2024T08:02:40 - [TEST_STEP][PASSED] - else if (compare > fileOtpuskVSet): null

11-12-2024T08:02:40 - [TEST_STEP][PASSED] - else if (compare < fileOtpuskVSet): null

11-12-2024T08:02:40 - [TEST_STEP][PASSED] - compare = compare + 1: null

11-12-2024T08:02:40 - [TEST_STEP][PASSED] - if (compare == fileOtpuskVSet): null

11-12-2024T08:02:40 - [TEST_STEP][PASSED] - else: null

11-12-2024T08:02:40 - [TEST_STEP][PASSED] - numberOfErrors = numberOfErrors + 1: null

11-12-2024T08:02:40 - [TEST_STEP][PASSED] - pageInt = pageOtpuskVSet: null

11-12-2024T08:02:40 - [TEST_STEP][PASSED] - fileInt = fileOtpuskVSet: null

11-12-2024T08:02:40 - [TEST_STEP][PASSED] - typeOfData = typeOfDataMain + " Отпуск в сеть": null

11-12-2024T08:02:40 - [TEST_STEP][PASSED] - Script1718980020443.WriteToExcel(a, typeOfData, todaysDate, pageInt, fileInt, pageDouble, fileDouble, dZO): null

11-12-2024T08:02:40 - [TEST_STEP][PASSED] - sheetName = "Sheet1": null

11-12-2024T08:02:40 - [TEST_STEP][PASSED] - data = findTestData("PlanFact"): null

11-12-2024T08:02:40 - [TEST_STEP][PASSED] - n = data.getRowNumbers() + 1: null

11-12-2024T08:02:40 - [TEST_STEP][PASSED] - year = todaysDate.substring(todaysDate.length() - 4, todaysDate.length()): null

11-12-2024T08:02:40 - [TEST_STEP][PASSED] - y = year.toInteger(): null

11-12-2024T08:02:40 - [TEST_STEP][PASSED] - m = getText(findTestObject("Выполнение бизнес-плана/Период")): Text of object 'Object Repository/Выполнение бизнес-плана/Период' is: '1, 2, 3 кв., Октябрь 2024 года'

11-12-2024T08:02:41 - [MESSAGE][PASSED] - Text of object 'Object Repository/Выполнение бизнес-плана/Период' is: '1, 2, 3 кв., Октябрь 2024 года'

11-12-2024T08:02:41 - [TEST_STEP][PASSED] - m = m.substring(0, m.indexOf("2024")): null

11-12-2024T08:02:41 - [TEST_STEP][PASSED] - m = m.trim(): null

11-12-2024T08:02:41 - [TEST_STEP][PASSED] - dashboardName = "Выполнение бизнес-плана": null

11-12-2024T08:02:41 - [TEST_STEP][PASSED] - workbook01 = getWorkbook(excelFilePath): null

11-12-2024T08:02:41 - [TEST_STEP][PASSED] - sheet01 = getExcelSheet(workbook01, sheetName): null

11-12-2024T08:02:41 - [TEST_STEP][PASSED] - setValueToCellByIndex(sheet01, n, 0, dashboardName): null

11-12-2024T08:02:41 - [TEST_STEP][PASSED] - setValueToCellByIndex(sheet01, n, 1, dZO): null

11-12-2024T08:02:41 - [TEST_STEP][PASSED] - setValueToCellByIndex(sheet01, n, 2, typeOfData): null

11-12-2024T08:02:41 - [TEST_STEP][PASSED] - if (typeOfData == "Факт в процентах" || typeOfData == "План в процентах"): null

11-12-2024T08:02:41 - [TEST_STEP][PASSED] - else: null

11-12-2024T08:02:41 - [TEST_STEP][PASSED] - setValueToCellByIndex(sheet01, n, 3, fileInt): null

11-12-2024T08:02:41 - [TEST_STEP][PASSED] - setValueToCellByIndex(sheet01, n, 4, pageInt): null

11-12-2024T08:02:41 - [TEST_STEP][PASSED] - setValueToCellByIndex(sheet01, n, 5, m): null

11-12-2024T08:02:41 - [TEST_STEP][PASSED] - setValueToCellByIndex(sheet01, n, 6, y): null

11-12-2024T08:02:41 - [TEST_STEP][PASSED] - setValueToCellByIndex(sheet01, n, 7, todaysDate): null

11-12-2024T08:02:41 - [TEST_STEP][PASSED] - n = n + 1: null

11-12-2024T08:02:41 - [TEST_STEP][PASSED] - saveWorkbook(excelFilePath, workbook01): null

11-12-2024T08:02:41 - [TEST_STEP][PASSED] - compare = pagePoteri: null

11-12-2024T08:02:41 - [TEST_STEP][PASSED] - if (compare == filePoteri): null

11-12-2024T08:02:41 - [TEST_STEP][PASSED] - else if (compare > filePoteri): null

11-12-2024T08:02:41 - [TEST_STEP][PASSED] - else if (compare < filePoteri): null

11-12-2024T08:02:41 - [TEST_STEP][PASSED] - compare = compare + 1: null

11-12-2024T08:02:41 - [TEST_STEP][PASSED] - if (compare == filePoteri): null

11-12-2024T08:02:41 - [TEST_STEP][PASSED] - else: null

11-12-2024T08:02:41 - [TEST_STEP][PASSED] - numberOfErrors = numberOfErrors + 1: null

11-12-2024T08:02:41 - [TEST_STEP][PASSED] - pageInt = pagePoteri: null

11-12-2024T08:02:41 - [TEST_STEP][PASSED] - fileInt = filePoteri: null

11-12-2024T08:02:41 - [TEST_STEP][PASSED] - typeOfData = typeOfDataMain + " Потери": null

11-12-2024T08:02:41 - [TEST_STEP][PASSED] - Script1718980020443.WriteToExcel(a, typeOfData, todaysDate, pageInt, fileInt, pageDouble, fileDouble, dZO): null

11-12-2024T08:02:41 - [TEST_STEP][PASSED] - sheetName = "Sheet1": null

11-12-2024T08:02:41 - [TEST_STEP][PASSED] - data = findTestData("PlanFact"): null

11-12-2024T08:02:41 - [TEST_STEP][PASSED] - n = data.getRowNumbers() + 1: null

11-12-2024T08:02:41 - [TEST_STEP][PASSED] - year = todaysDate.substring(todaysDate.length() - 4, todaysDate.length()): null

11-12-2024T08:02:41 - [TEST_STEP][PASSED] - y = year.toInteger(): null

11-12-2024T08:02:41 - [TEST_STEP][PASSED] - m = getText(findTestObject("Выполнение бизнес-плана/Период")): Text of object 'Object Repository/Выполнение бизнес-плана/Период' is: '1, 2, 3 кв., Октябрь 2024 года'

11-12-2024T08:02:41 - [MESSAGE][PASSED] - Text of object 'Object Repository/Выполнение бизнес-плана/Период' is: '1, 2, 3 кв., Октябрь 2024 года'

11-12-2024T08:02:41 - [TEST_STEP][PASSED] - m = m.substring(0, m.indexOf("2024")): null

11-12-2024T08:02:41 - [TEST_STEP][PASSED] - m = m.trim(): null

11-12-2024T08:02:41 - [TEST_STEP][PASSED] - dashboardName = "Выполнение бизнес-плана": null

11-12-2024T08:02:41 - [TEST_STEP][PASSED] - workbook01 = getWorkbook(excelFilePath): null

11-12-2024T08:02:41 - [TEST_STEP][PASSED] - sheet01 = getExcelSheet(workbook01, sheetName): null

11-12-2024T08:02:41 - [TEST_STEP][PASSED] - setValueToCellByIndex(sheet01, n, 0, dashboardName): null

11-12-2024T08:02:41 - [TEST_STEP][PASSED] - setValueToCellByIndex(sheet01, n, 1, dZO): null

11-12-2024T08:02:41 - [TEST_STEP][PASSED] - setValueToCellByIndex(sheet01, n, 2, typeOfData): null

11-12-2024T08:02:41 - [TEST_STEP][PASSED] - if (typeOfData == "Факт в процентах" || typeOfData == "План в процентах"): null

11-12-2024T08:02:41 - [TEST_STEP][PASSED] - else: null

11-12-2024T08:02:41 - [TEST_STEP][PASSED] - setValueToCellByIndex(sheet01, n, 3, fileInt): null

11-12-2024T08:02:41 - [TEST_STEP][PASSED] - setValueToCellByIndex(sheet01, n, 4, pageInt): null

11-12-2024T08:02:41 - [TEST_STEP][PASSED] - setValueToCellByIndex(sheet01, n, 5, m): null

11-12-2024T08:02:41 - [TEST_STEP][PASSED] - setValueToCellByIndex(sheet01, n, 6, y): null

11-12-2024T08:02:41 - [TEST_STEP][PASSED] - setValueToCellByIndex(sheet01, n, 7, todaysDate): null

11-12-2024T08:02:41 - [TEST_STEP][PASSED] - n = n + 1: null

11-12-2024T08:02:41 - [TEST_STEP][PASSED] - saveWorkbook(excelFilePath, workbook01): Object: 'Object Repository/Выполнение бизнес-плана/Кнопка Факт' is clicked on

11-12-2024T08:02:42 - [TEST_STEP][PASSED] - if (planFact == 2): Object: 'Object Repository/Выполнение бизнес-плана/Кнопка Факт' is clicked on

11-12-2024T08:02:42 - [TEST_STEP][PASSED] - click(findTestObject("Выполнение бизнес-плана/Кнопка Факт")): Object: 'Object Repository/Выполнение бизнес-плана/Кнопка Факт' is clicked on

11-12-2024T08:02:42 - [MESSAGE][PASSED] - Object: 'Object Repository/Выполнение бизнес-плана/Кнопка Факт' is clicked on

11-12-2024T08:02:42 - [TEST_STEP][PASSED] - if (a == 84 || a == 82): null

11-12-2024T08:02:42 - [TEST_STEP][PASSED] - else if (a == 52 || a == 72 || a == 28 || a == 73 || a == 77 || a == 74 || a == 65 || a == 36 || a == 44 || a == 53 || a == 80 || a == 54 || a == 1 || a == 18 || a == 59 || a == 81): null

11-12-2024T08:02:42 - [TEST_STEP][PASSED] - else: null

11-12-2024T08:02:42 - [TEST_STEP][PASSED] - page1 = getText(findTestObject("Object Repository/Выполнение бизнес-плана/spanPlan" + filialNum)): Text of object 'Object Repository/Выполнение бизнес-плана/spanPlan3' is: '19.80
|'

11-12-2024T08:02:43 - [MESSAGE][PASSED] - Text of object 'Object Repository/Выполнение бизнес-плана/spanPlan3' is: '19.80
|'

11-12-2024T08:02:43 - [TEST_STEP][PASSED] - page1 = page1.replace("|", ""): null

11-12-2024T08:02:43 - [TEST_STEP][PASSED] - page2 = getText(findTestObject("Object Repository/Выполнение бизнес-плана/spanFact" + filialNum)): Text of object 'Object Repository/Выполнение бизнес-плана/spanFact3' is: '19.56
|'

11-12-2024T08:02:43 - [MESSAGE][PASSED] - Text of object 'Object Repository/Выполнение бизнес-плана/spanFact3' is: '19.56
|'

11-12-2024T08:02:43 - [TEST_STEP][PASSED] - page2 = page2.replace("|", ""): null

11-12-2024T08:02:43 - [TEST_STEP][PASSED] - println("page1: " + page1): null

11-12-2024T08:02:43 - [TEST_STEP][PASSED] - println("page2: " + page2): null

11-12-2024T08:02:43 - [TEST_STEP][PASSED] - file = findTestData("PlanFact").getValue(4, a): null

11-12-2024T08:02:43 - [TEST_STEP][PASSED] - file = file.replace(",", "."): null

11-12-2024T08:02:43 - [TEST_STEP][PASSED] - println("file Plan: " + file): null

11-12-2024T08:02:43 - [TEST_STEP][PASSED] - typeOfData = "План в процентах": null

11-12-2024T08:02:43 - [TEST_STEP][PASSED] - fileDouble = file.toDouble(): null

11-12-2024T08:02:43 - [TEST_STEP][PASSED] - pageDouble = page1.toDouble(): null

11-12-2024T08:02:43 - [TEST_STEP][PASSED] - if (fileDouble != pageDouble): null

11-12-2024T08:02:43 - [TEST_STEP][PASSED] - numberOfErrors = numberOfErrors + 1: null

11-12-2024T08:02:43 - [TEST_STEP][PASSED] - Script1718980020443.WriteToExcel(a, typeOfData, todaysDate, pageInt, fileInt, pageDouble, fileDouble, dZO): null

11-12-2024T08:02:43 - [TEST_STEP][PASSED] - sheetName = "Sheet1": null

11-12-2024T08:02:43 - [TEST_STEP][PASSED] - data = findTestData("PlanFact"): null

11-12-2024T08:02:43 - [TEST_STEP][PASSED] - n = data.getRowNumbers() + 1: null

11-12-2024T08:02:43 - [TEST_STEP][PASSED] - year = todaysDate.substring(todaysDate.length() - 4, todaysDate.length()): null

11-12-2024T08:02:43 - [TEST_STEP][PASSED] - y = year.toInteger(): null

11-12-2024T08:02:43 - [TEST_STEP][PASSED] - m = getText(findTestObject("Выполнение бизнес-плана/Период")): Text of object 'Object Repository/Выполнение бизнес-плана/Период' is: '1, 2, 3 кв., Октябрь 2024 года'

11-12-2024T08:02:43 - [MESSAGE][PASSED] - Text of object 'Object Repository/Выполнение бизнес-плана/Период' is: '1, 2, 3 кв., Октябрь 2024 года'

11-12-2024T08:02:43 - [TEST_STEP][PASSED] - m = m.substring(0, m.indexOf("2024")): null

11-12-2024T08:02:43 - [TEST_STEP][PASSED] - m = m.trim(): null

11-12-2024T08:02:43 - [TEST_STEP][PASSED] - dashboardName = "Выполнение бизнес-плана": null

11-12-2024T08:02:43 - [TEST_STEP][PASSED] - workbook01 = getWorkbook(excelFilePath): null

11-12-2024T08:02:43 - [TEST_STEP][PASSED] - sheet01 = getExcelSheet(workbook01, sheetName): null

11-12-2024T08:02:43 - [TEST_STEP][PASSED] - setValueToCellByIndex(sheet01, n, 0, dashboardName): null

11-12-2024T08:02:43 - [TEST_STEP][PASSED] - setValueToCellByIndex(sheet01, n, 1, dZO): null

11-12-2024T08:02:43 - [TEST_STEP][PASSED] - setValueToCellByIndex(sheet01, n, 2, typeOfData): null

11-12-2024T08:02:43 - [TEST_STEP][PASSED] - if (typeOfData == "Факт в процентах" || typeOfData == "План в процентах"): null

11-12-2024T08:02:43 - [TEST_STEP][PASSED] - setValueToCellByIndex(sheet01, n, 3, fileDouble): null

11-12-2024T08:02:43 - [TEST_STEP][PASSED] - setValueToCellByIndex(sheet01, n, 4, pageDouble): null

11-12-2024T08:02:43 - [TEST_STEP][PASSED] - setValueToCellByIndex(sheet01, n, 5, m): null

11-12-2024T08:02:43 - [TEST_STEP][PASSED] - setValueToCellByIndex(sheet01, n, 6, y): null

11-12-2024T08:02:43 - [TEST_STEP][PASSED] - setValueToCellByIndex(sheet01, n, 7, todaysDate): null

11-12-2024T08:02:43 - [TEST_STEP][PASSED] - n = n + 1: null

11-12-2024T08:02:43 - [TEST_STEP][PASSED] - saveWorkbook(excelFilePath, workbook01): null

11-12-2024T08:02:44 - [TEST_STEP][PASSED] - file = findTestData("PlanFact").getValue(7, a): null

11-12-2024T08:02:44 - [TEST_STEP][PASSED] - file = file.replace(",", "."): null

11-12-2024T08:02:44 - [TEST_STEP][PASSED] - println("file Fact: " + file): null

11-12-2024T08:02:44 - [TEST_STEP][PASSED] - fileDouble = file.toDouble(): null

11-12-2024T08:02:44 - [TEST_STEP][PASSED] - typeOfData = "Факт в процентах": null

11-12-2024T08:02:44 - [TEST_STEP][PASSED] - fileDouble = file.toDouble(): null

11-12-2024T08:02:44 - [TEST_STEP][PASSED] - pageDouble = page2.toDouble(): null

11-12-2024T08:02:44 - [TEST_STEP][PASSED] - if (fileDouble != pageDouble): null

11-12-2024T08:02:44 - [TEST_STEP][PASSED] - numberOfErrors = numberOfErrors + 1: null

11-12-2024T08:02:44 - [TEST_STEP][PASSED] - Script1718980020443.WriteToExcel(a, typeOfData, todaysDate, pageInt, fileInt, pageDouble, fileDouble, dZO): null

11-12-2024T08:02:44 - [TEST_STEP][PASSED] - sheetName = "Sheet1": null

11-12-2024T08:02:44 - [TEST_STEP][PASSED] - data = findTestData("PlanFact"): null

11-12-2024T08:02:44 - [TEST_STEP][PASSED] - n = data.getRowNumbers() + 1: null

11-12-2024T08:02:44 - [TEST_STEP][PASSED] - year = todaysDate.substring(todaysDate.length() - 4, todaysDate.length()): null

11-12-2024T08:02:44 - [TEST_STEP][PASSED] - y = year.toInteger(): null

11-12-2024T08:02:44 - [TEST_STEP][PASSED] - m = getText(findTestObject("Выполнение бизнес-плана/Период")): Text of object 'Object Repository/Выполнение бизнес-плана/Период' is: '1, 2, 3 кв., Октябрь 2024 года'

11-12-2024T08:02:44 - [MESSAGE][PASSED] - Text of object 'Object Repository/Выполнение бизнес-плана/Период' is: '1, 2, 3 кв., Октябрь 2024 года'

11-12-2024T08:02:44 - [TEST_STEP][PASSED] - m = m.substring(0, m.indexOf("2024")): null

11-12-2024T08:02:44 - [TEST_STEP][PASSED] - m = m.trim(): null

11-12-2024T08:02:44 - [TEST_STEP][PASSED] - dashboardName = "Выполнение бизнес-плана": null

11-12-2024T08:02:44 - [TEST_STEP][PASSED] - workbook01 = getWorkbook(excelFilePath): null

11-12-2024T08:02:44 - [TEST_STEP][PASSED] - sheet01 = getExcelSheet(workbook01, sheetName): null

11-12-2024T08:02:44 - [TEST_STEP][PASSED] - setValueToCellByIndex(sheet01, n, 0, dashboardName): null

11-12-2024T08:02:44 - [TEST_STEP][PASSED] - setValueToCellByIndex(sheet01, n, 1, dZO): null

11-12-2024T08:02:44 - [TEST_STEP][PASSED] - setValueToCellByIndex(sheet01, n, 2, typeOfData): null

11-12-2024T08:02:44 - [TEST_STEP][PASSED] - if (typeOfData == "Факт в процентах" || typeOfData == "План в процентах"): null

11-12-2024T08:02:44 - [TEST_STEP][PASSED] - setValueToCellByIndex(sheet01, n, 3, fileDouble): null

11-12-2024T08:02:44 - [TEST_STEP][PASSED] - setValueToCellByIndex(sheet01, n, 4, pageDouble): null

11-12-2024T08:02:44 - [TEST_STEP][PASSED] - setValueToCellByIndex(sheet01, n, 5, m): null

11-12-2024T08:02:44 - [TEST_STEP][PASSED] - setValueToCellByIndex(sheet01, n, 6, y): null

11-12-2024T08:02:44 - [TEST_STEP][PASSED] - setValueToCellByIndex(sheet01, n, 7, todaysDate): null

11-12-2024T08:02:44 - [TEST_STEP][PASSED] - n = n + 1: null

11-12-2024T08:02:44 - [TEST_STEP][PASSED] - saveWorkbook(excelFilePath, workbook01): null

11-12-2024T08:02:45 - [TEST_STEP][FAILED] - if (verifyEqual(numberOfErrors, 0) == false): null

11-12-2024T08:02:45 - [MESSAGE][FAILED] - Unable to verify equal between actual object '6' and expected object '0' (Root cause: com.kms.katalon.core.exception.StepFailedException: Actual object '6' and expected object '0' are not equal
	at com.kms.katalon.core.keyword.builtin.VerifyEqualKeyword$_verifyEqual_closure1.doCall(VerifyEqualKeyword.groovy:58)
	at com.kms.katalon.core.keyword.builtin.VerifyEqualKeyword$_verifyEqual_closure1.call(VerifyEqualKeyword.groovy)
	at com.kms.katalon.core.keyword.internal.KeywordMain.runKeyword(KeywordMain.groovy:75)
	at com.kms.katalon.core.keyword.builtin.VerifyEqualKeyword.verifyEqual(VerifyEqualKeyword.groovy:63)
	at com.kms.katalon.core.keyword.builtin.VerifyEqualKeyword.execute(VerifyEqualKeyword.groovy:44)
	at com.kms.katalon.core.keyword.internal.KeywordExecutor.executeKeywordForPlatform(KeywordExecutor.groovy:74)
	at com.kms.katalon.core.keyword.BuiltinKeywords.verifyEqual(BuiltinKeywords.groovy:146)
	at java.base/jdk.internal.reflect.NativeMethodAccessorImpl.invoke0(Native Method)
	at java.base/jdk.internal.reflect.NativeMethodAccessorImpl.invoke(NativeMethodAccessorImpl.java:77)
	at java.base/jdk.internal.reflect.DelegatingMethodAccessorImpl.invoke(DelegatingMethodAccessorImpl.java:43)
	at Выполнение бизнес-плана Сверка ПАО Россети все филиалы.Numbers(Выполнение бизнес-плана Сверка ПАО Россети все филиалы:752)
	at Выполнение бизнес-плана Сверка ПАО Россети все филиалы.Filials(Выполнение бизнес-плана Сверка ПАО Россети все филиалы:1111)
	at Выполнение бизнес-плана Сверка ПАО Россети все филиалы.Numbers(Выполнение бизнес-плана Сверка ПАО Россети все филиалы:757)
	at Выполнение бизнес-плана Сверка ПАО Россети все филиалы.run(Выполнение бизнес-плана Сверка ПАО Россети все филиалы:316)
	at com.kms.katalon.core.main.ScriptEngine.run(ScriptEngine.java:194)
	at com.kms.katalon.core.main.ScriptEngine.runScriptAsRawText(ScriptEngine.java:119)
	at com.kms.katalon.core.main.TestCaseExecutor.runScript(TestCaseExecutor.java:448)
	at com.kms.katalon.core.main.TestCaseExecutor.doExecute(TestCaseExecutor.java:439)
	at com.kms.katalon.core.main.TestCaseExecutor.processExecutionPhase(TestCaseExecutor.java:418)
	at com.kms.katalon.core.main.TestCaseExecutor.accessMainPhase(TestCaseExecutor.java:410)
	at com.kms.katalon.core.main.TestCaseExecutor.execute(TestCaseExecutor.java:285)
	at com.kms.katalon.core.common.CommonExecutor.accessTestCaseMainPhase(CommonExecutor.java:65)
	at com.kms.katalon.core.main.TestSuiteExecutor.accessTestSuiteMainPhase(TestSuiteExecutor.java:150)
	at com.kms.katalon.core.main.TestSuiteExecutor.execute(TestSuiteExecutor.java:106)
	at com.kms.katalon.core.main.TestCaseMain.startTestSuite(TestCaseMain.java:180)
	at TempTestSuite1733892825375.run(TempTestSuite1733892825375.groovy:35)
	at java.base/jdk.internal.reflect.NativeMethodAccessorImpl.invoke0(Native Method)
	at java.base/jdk.internal.reflect.NativeMethodAccessorImpl.invoke(NativeMethodAccessorImpl.java:77)
	at java.base/jdk.internal.reflect.DelegatingMethodAccessorImpl.invoke(DelegatingMethodAccessorImpl.java:43)
)

11-12-2024T08:02:45 - [TEST_STEP][PASSED] - println(numberOfErrors): null

11-12-2024T08:02:45 - [TEST_STEP][PASSED] - if (a == 28 || a == 77 || a == 74 || a == 65 || a == 36 || a == 44 || a == 54 || a == 1 || a == 18 || a == 59): null

11-12-2024T08:02:45 - [TEST_STEP][PASSED] - if (a == 82): null

11-12-2024T08:02:45 - [TEST_STEP][PASSED] - dZO = "Карачаево-Черкесскэнерго": null

11-12-2024T08:02:45 - [TEST_STEP][PASSED] - a = 67: null

11-12-2024T08:02:45 - [TEST_STEP][PASSED] - if (x2.contains(dZO)): null

11-12-2024T08:02:45 - [TEST_STEP][PASSED] - filialNum = filialNum + 1: null

11-12-2024T08:02:45 - [TEST_STEP][PASSED] - Script1718980020443.Numbers(a, typeOfData, todaysDate, pageInt, fileInt, pageDouble, fileDouble, dZO, dzoNum, filialNum): null

11-12-2024T08:02:45 - [TEST_STEP][PASSED] - println(dzoNum): null

11-12-2024T08:02:45 - [TEST_STEP][PASSED] - planFact = <not implemented yet for class: org.codehaus.groovy.ast.expr.EmptyExpression>: null

11-12-2024T08:02:45 - [TEST_STEP][PASSED] - page = <not implemented yet for class: org.codehaus.groovy.ast.expr.EmptyExpression>: null

11-12-2024T08:02:45 - [TEST_STEP][PASSED] - page1 = <not implemented yet for class: org.codehaus.groovy.ast.expr.EmptyExpression>: null

11-12-2024T08:02:45 - [TEST_STEP][PASSED] - page2 = <not implemented yet for class: org.codehaus.groovy.ast.expr.EmptyExpression>: null

11-12-2024T08:02:45 - [TEST_STEP][PASSED] - filialNumberInRow = <not implemented yet for class: org.codehaus.groovy.ast.expr.EmptyExpression>: null

11-12-2024T08:02:45 - [TEST_STEP][PASSED] - filialsDzoNames = <not implemented yet for class: org.codehaus.groovy.ast.expr.EmptyExpression>: null

11-12-2024T08:02:45 - [TEST_STEP][PASSED] - numberOfFilials = <not implemented yet for class: org.codehaus.groovy.ast.expr.EmptyExpression>: null

11-12-2024T08:02:45 - [TEST_STEP][PASSED] - numberOfSpaces = <not implemented yet for class: org.codehaus.groovy.ast.expr.EmptyExpression>: null

11-12-2024T08:02:45 - [TEST_STEP][PASSED] - file = <not implemented yet for class: org.codehaus.groovy.ast.expr.EmptyExpression>: null

11-12-2024T08:02:45 - [TEST_STEP][PASSED] - otpusk = <not implemented yet for class: org.codehaus.groovy.ast.expr.EmptyExpression>: null

11-12-2024T08:02:45 - [TEST_STEP][PASSED] - poteri = <not implemented yet for class: org.codehaus.groovy.ast.expr.EmptyExpression>: null

11-12-2024T08:02:45 - [TEST_STEP][PASSED] - dataFolder = "Выполнение бизнес-плана/Значения со страницы Выполнение бизнес-плана/": null

11-12-2024T08:02:45 - [TEST_STEP][PASSED] - path = <not implemented yet for class: org.codehaus.groovy.ast.expr.EmptyExpression>: null

11-12-2024T08:02:45 - [TEST_STEP][PASSED] - typeOfDataMain = <not implemented yet for class: org.codehaus.groovy.ast.expr.EmptyExpression>: null

11-12-2024T08:02:45 - [TEST_STEP][PASSED] - fileOtpuskVSet = <not implemented yet for class: org.codehaus.groovy.ast.expr.EmptyExpression>: null

11-12-2024T08:02:45 - [TEST_STEP][PASSED] - pageOtpuskVSet = <not implemented yet for class: org.codehaus.groovy.ast.expr.EmptyExpression>: null

11-12-2024T08:02:45 - [TEST_STEP][PASSED] - filePoteri = <not implemented yet for class: org.codehaus.groovy.ast.expr.EmptyExpression>: null

11-12-2024T08:02:45 - [TEST_STEP][PASSED] - pagePoteri = <not implemented yet for class: org.codehaus.groovy.ast.expr.EmptyExpression>: null

11-12-2024T08:02:45 - [TEST_STEP][PASSED] - compare = <not implemented yet for class: org.codehaus.groovy.ast.expr.EmptyExpression>: null

11-12-2024T08:02:45 - [TEST_STEP][PASSED] - b = <not implemented yet for class: org.codehaus.groovy.ast.expr.EmptyExpression>: null

11-12-2024T08:02:45 - [TEST_STEP][PASSED] - i = <not implemented yet for class: org.codehaus.groovy.ast.expr.EmptyExpression>: null

11-12-2024T08:02:45 - [TEST_STEP][PASSED] - ii = <not implemented yet for class: org.codehaus.groovy.ast.expr.EmptyExpression>: null

11-12-2024T08:02:45 - [TEST_STEP][PASSED] - c = <not implemented yet for class: org.codehaus.groovy.ast.expr.EmptyExpression>: null

11-12-2024T08:02:45 - [TEST_STEP][PASSED] - numberOfErrors = 0: null

11-12-2024T08:02:45 - [TEST_STEP][PASSED] - if (a == 82): null

11-12-2024T08:02:45 - [TEST_STEP][PASSED] - b = findTestData("PlanFact").getValue(1, a): null

11-12-2024T08:02:45 - [TEST_STEP][PASSED] - i = b.indexOf(" (ГК)"): null

11-12-2024T08:02:45 - [TEST_STEP][PASSED] - if (i > -1): null

11-12-2024T08:02:45 - [TEST_STEP][PASSED] - i = b.indexOf("О ""): null

11-12-2024T08:02:45 - [TEST_STEP][PASSED] - if (i > -1): null

11-12-2024T08:02:45 - [TEST_STEP][PASSED] - i = b.indexOf("О «"): null

11-12-2024T08:02:45 - [TEST_STEP][PASSED] - if (i > -1): null

11-12-2024T08:02:45 - [TEST_STEP][PASSED] - i = b.indexOf("г. "): null

11-12-2024T08:02:45 - [TEST_STEP][PASSED] - if (i > -1): null

11-12-2024T08:02:45 - [TEST_STEP][PASSED] - println(b): null

11-12-2024T08:02:45 - [TEST_STEP][PASSED] - for ([planFact = 1, planFact < 3, (planFact++)]): null

11-12-2024T08:02:45 - [TEST_STEP][PASSED] - if (planFact == 1): null

11-12-2024T08:02:45 - [TEST_STEP][PASSED] - typeOfDataMain = "Факт": null

11-12-2024T08:02:45 - [TEST_STEP][PASSED] - otpusk = findTestData("PlanFact").getValue(5, a): null

11-12-2024T08:02:45 - [TEST_STEP][PASSED] - poteri = findTestData("PlanFact").getValue(6, a): null

11-12-2024T08:02:45 - [TEST_STEP][PASSED] - otpusk = otpusk.replaceAll("\s+", ""): null

11-12-2024T08:02:45 - [TEST_STEP][PASSED] - poteri = poteri.replaceAll("\s+", ""): null

11-12-2024T08:02:45 - [TEST_STEP][PASSED] - typeOfData = typeOfDataMain + " Отпуск в сеть": null

11-12-2024T08:02:45 - [TEST_STEP][PASSED] - if (a == 82): null

11-12-2024T08:02:45 - [TEST_STEP][PASSED] - else if (a == 84): null

11-12-2024T08:02:45 - [TEST_STEP][PASSED] - else if (a == 52 || a == 72 || a == 28 || a == 73 || a == 77 || a == 74 || a == 65 || a == 36 || a == 44 || a == 53 || a == 80 || a == 54 || a == 1 || a == 18 || a == 59 || a == 81): null

11-12-2024T08:02:45 - [TEST_STEP][PASSED] - else: null

11-12-2024T08:02:45 - [TEST_STEP][PASSED] - path = dataFolder + typeOfData + " за отчётный период " + b: null

11-12-2024T08:02:45 - [TEST_STEP][PASSED] - println(path): null

11-12-2024T08:02:45 - [TEST_STEP][PASSED] - page = getText(findTestObject(path)): Text of object 'Object Repository/Выполнение бизнес-плана/Значения со страницы Выполнение бизнес-плана/Факт Отпуск в сеть за отчётный период Карачаево-Черкесскэнерго' is: '1 013 182'

11-12-2024T08:02:45 - [MESSAGE][PASSED] - Text of object 'Object Repository/Выполнение бизнес-плана/Значения со страницы Выполнение бизнес-плана/Факт Отпуск в сеть за отчётный период Карачаево-Черкесскэнерго' is: '1 013 182'

11-12-2024T08:02:45 - [TEST_STEP][PASSED] - page = page.replaceAll("\s+", ""): null

11-12-2024T08:02:45 - [TEST_STEP][PASSED] - fileOtpuskVSet = otpusk.toInteger(): null

11-12-2024T08:02:45 - [TEST_STEP][PASSED] - pageOtpuskVSet = page.toInteger(): null

11-12-2024T08:02:45 - [TEST_STEP][PASSED] - typeOfData = typeOfDataMain + " Потери": null

11-12-2024T08:02:45 - [TEST_STEP][PASSED] - if (a == 82): null

11-12-2024T08:02:45 - [TEST_STEP][PASSED] - else if (a == 84): null

11-12-2024T08:02:45 - [TEST_STEP][PASSED] - else if (a == 52 || a == 72 || a == 28 || a == 73 || a == 77 || a == 74 || a == 65 || a == 36 || a == 44 || a == 53 || a == 80 || a == 54 || a == 1 || a == 18 || a == 59 || a == 81): null

11-12-2024T08:02:45 - [TEST_STEP][PASSED] - else: null

11-12-2024T08:02:45 - [TEST_STEP][PASSED] - path = dataFolder + typeOfData + " за отчётный период " + b: null

11-12-2024T08:02:45 - [TEST_STEP][PASSED] - page = getText(findTestObject(path)): Text of object 'Object Repository/Выполнение бизнес-плана/Значения со страницы Выполнение бизнес-плана/Факт Потери за отчётный период Карачаево-Черкесскэнерго' is: '146 000'

11-12-2024T08:02:46 - [MESSAGE][PASSED] - Text of object 'Object Repository/Выполнение бизнес-плана/Значения со страницы Выполнение бизнес-плана/Факт Потери за отчётный период Карачаево-Черкесскэнерго' is: '146 000'

11-12-2024T08:02:46 - [TEST_STEP][PASSED] - page = page.replaceAll("\s+", ""): null

11-12-2024T08:02:46 - [TEST_STEP][PASSED] - filePoteri = poteri.toInteger(): null

11-12-2024T08:02:46 - [TEST_STEP][PASSED] - pagePoteri = page.toInteger(): null

11-12-2024T08:02:46 - [TEST_STEP][PASSED] - compare = pageOtpuskVSet: null

11-12-2024T08:02:46 - [TEST_STEP][PASSED] - if (compare == fileOtpuskVSet): null

11-12-2024T08:02:46 - [TEST_STEP][PASSED] - else if (compare > fileOtpuskVSet): null

11-12-2024T08:02:46 - [TEST_STEP][PASSED] - else if (compare < fileOtpuskVSet): null

11-12-2024T08:02:46 - [TEST_STEP][PASSED] - compare = compare + 1: null

11-12-2024T08:02:46 - [TEST_STEP][PASSED] - if (compare == fileOtpuskVSet): null

11-12-2024T08:02:46 - [TEST_STEP][PASSED] - else: null

11-12-2024T08:02:46 - [TEST_STEP][PASSED] - numberOfErrors = numberOfErrors + 1: null

11-12-2024T08:02:46 - [TEST_STEP][PASSED] - pageInt = pageOtpuskVSet: null

11-12-2024T08:02:46 - [TEST_STEP][PASSED] - fileInt = fileOtpuskVSet: null

11-12-2024T08:02:46 - [TEST_STEP][PASSED] - typeOfData = typeOfDataMain + " Отпуск в сеть": null

11-12-2024T08:02:46 - [TEST_STEP][PASSED] - Script1718980020443.WriteToExcel(a, typeOfData, todaysDate, pageInt, fileInt, pageDouble, fileDouble, dZO): null

11-12-2024T08:02:46 - [TEST_STEP][PASSED] - sheetName = "Sheet1": null

11-12-2024T08:02:46 - [TEST_STEP][PASSED] - data = findTestData("PlanFact"): null

11-12-2024T08:02:46 - [TEST_STEP][PASSED] - n = data.getRowNumbers() + 1: null

11-12-2024T08:02:46 - [TEST_STEP][PASSED] - year = todaysDate.substring(todaysDate.length() - 4, todaysDate.length()): null

11-12-2024T08:02:46 - [TEST_STEP][PASSED] - y = year.toInteger(): null

11-12-2024T08:02:46 - [TEST_STEP][PASSED] - m = getText(findTestObject("Выполнение бизнес-плана/Период")): Text of object 'Object Repository/Выполнение бизнес-плана/Период' is: '1, 2, 3 кв., Октябрь 2024 года'

11-12-2024T08:02:46 - [MESSAGE][PASSED] - Text of object 'Object Repository/Выполнение бизнес-плана/Период' is: '1, 2, 3 кв., Октябрь 2024 года'

11-12-2024T08:02:46 - [TEST_STEP][PASSED] - m = m.substring(0, m.indexOf("2024")): null

11-12-2024T08:02:46 - [TEST_STEP][PASSED] - m = m.trim(): null

11-12-2024T08:02:46 - [TEST_STEP][PASSED] - dashboardName = "Выполнение бизнес-плана": null

11-12-2024T08:02:46 - [TEST_STEP][PASSED] - workbook01 = getWorkbook(excelFilePath): null

11-12-2024T08:02:46 - [TEST_STEP][PASSED] - sheet01 = getExcelSheet(workbook01, sheetName): null

11-12-2024T08:02:46 - [TEST_STEP][PASSED] - setValueToCellByIndex(sheet01, n, 0, dashboardName): null

11-12-2024T08:02:46 - [TEST_STEP][PASSED] - setValueToCellByIndex(sheet01, n, 1, dZO): null

11-12-2024T08:02:46 - [TEST_STEP][PASSED] - setValueToCellByIndex(sheet01, n, 2, typeOfData): null

11-12-2024T08:02:46 - [TEST_STEP][PASSED] - if (typeOfData == "Факт в процентах" || typeOfData == "План в процентах"): null

11-12-2024T08:02:46 - [TEST_STEP][PASSED] - else: null

11-12-2024T08:02:46 - [TEST_STEP][PASSED] - setValueToCellByIndex(sheet01, n, 3, fileInt): null

11-12-2024T08:02:46 - [TEST_STEP][PASSED] - setValueToCellByIndex(sheet01, n, 4, pageInt): null

11-12-2024T08:02:46 - [TEST_STEP][PASSED] - setValueToCellByIndex(sheet01, n, 5, m): null

11-12-2024T08:02:46 - [TEST_STEP][PASSED] - setValueToCellByIndex(sheet01, n, 6, y): null

11-12-2024T08:02:46 - [TEST_STEP][PASSED] - setValueToCellByIndex(sheet01, n, 7, todaysDate): null

11-12-2024T08:02:46 - [TEST_STEP][PASSED] - n = n + 1: null

11-12-2024T08:02:46 - [TEST_STEP][PASSED] - saveWorkbook(excelFilePath, workbook01): null

11-12-2024T08:02:46 - [TEST_STEP][PASSED] - compare = pagePoteri: null

11-12-2024T08:02:46 - [TEST_STEP][PASSED] - if (compare == filePoteri): null

11-12-2024T08:02:46 - [TEST_STEP][PASSED] - else if (compare > filePoteri): null

11-12-2024T08:02:46 - [TEST_STEP][PASSED] - else if (compare < filePoteri): null

11-12-2024T08:02:46 - [TEST_STEP][PASSED] - compare = compare + 1: null

11-12-2024T08:02:46 - [TEST_STEP][PASSED] - if (compare == filePoteri): null

11-12-2024T08:02:46 - [TEST_STEP][PASSED] - else: null

11-12-2024T08:02:46 - [TEST_STEP][PASSED] - numberOfErrors = numberOfErrors + 1: null

11-12-2024T08:02:46 - [TEST_STEP][PASSED] - pageInt = pagePoteri: null

11-12-2024T08:02:46 - [TEST_STEP][PASSED] - fileInt = filePoteri: null

11-12-2024T08:02:46 - [TEST_STEP][PASSED] - typeOfData = typeOfDataMain + " Потери": null

11-12-2024T08:02:46 - [TEST_STEP][PASSED] - Script1718980020443.WriteToExcel(a, typeOfData, todaysDate, pageInt, fileInt, pageDouble, fileDouble, dZO): null

11-12-2024T08:02:46 - [TEST_STEP][PASSED] - sheetName = "Sheet1": null

11-12-2024T08:02:46 - [TEST_STEP][PASSED] - data = findTestData("PlanFact"): null

11-12-2024T08:02:46 - [TEST_STEP][PASSED] - n = data.getRowNumbers() + 1: null

11-12-2024T08:02:46 - [TEST_STEP][PASSED] - year = todaysDate.substring(todaysDate.length() - 4, todaysDate.length()): null

11-12-2024T08:02:46 - [TEST_STEP][PASSED] - y = year.toInteger(): null

11-12-2024T08:02:46 - [TEST_STEP][PASSED] - m = getText(findTestObject("Выполнение бизнес-плана/Период")): Text of object 'Object Repository/Выполнение бизнес-плана/Период' is: '1, 2, 3 кв., Октябрь 2024 года'

11-12-2024T08:02:47 - [MESSAGE][PASSED] - Text of object 'Object Repository/Выполнение бизнес-плана/Период' is: '1, 2, 3 кв., Октябрь 2024 года'

11-12-2024T08:02:47 - [TEST_STEP][PASSED] - m = m.substring(0, m.indexOf("2024")): null

11-12-2024T08:02:47 - [TEST_STEP][PASSED] - m = m.trim(): null

11-12-2024T08:02:47 - [TEST_STEP][PASSED] - dashboardName = "Выполнение бизнес-плана": null

11-12-2024T08:02:47 - [TEST_STEP][PASSED] - workbook01 = getWorkbook(excelFilePath): null

11-12-2024T08:02:47 - [TEST_STEP][PASSED] - sheet01 = getExcelSheet(workbook01, sheetName): null

11-12-2024T08:02:47 - [TEST_STEP][PASSED] - setValueToCellByIndex(sheet01, n, 0, dashboardName): null

11-12-2024T08:02:47 - [TEST_STEP][PASSED] - setValueToCellByIndex(sheet01, n, 1, dZO): null

11-12-2024T08:02:47 - [TEST_STEP][PASSED] - setValueToCellByIndex(sheet01, n, 2, typeOfData): null

11-12-2024T08:02:47 - [TEST_STEP][PASSED] - if (typeOfData == "Факт в процентах" || typeOfData == "План в процентах"): null

11-12-2024T08:02:47 - [TEST_STEP][PASSED] - else: null

11-12-2024T08:02:47 - [TEST_STEP][PASSED] - setValueToCellByIndex(sheet01, n, 3, fileInt): null

11-12-2024T08:02:47 - [TEST_STEP][PASSED] - setValueToCellByIndex(sheet01, n, 4, pageInt): null

11-12-2024T08:02:47 - [TEST_STEP][PASSED] - setValueToCellByIndex(sheet01, n, 5, m): null

11-12-2024T08:02:47 - [TEST_STEP][PASSED] - setValueToCellByIndex(sheet01, n, 6, y): null

11-12-2024T08:02:47 - [TEST_STEP][PASSED] - setValueToCellByIndex(sheet01, n, 7, todaysDate): null

11-12-2024T08:02:47 - [TEST_STEP][PASSED] - n = n + 1: null

11-12-2024T08:02:47 - [TEST_STEP][PASSED] - saveWorkbook(excelFilePath, workbook01): null

11-12-2024T08:02:47 - [TEST_STEP][PASSED] - if (planFact == 2): null

11-12-2024T08:02:47 - [TEST_STEP][PASSED] - if (planFact == 1): null

11-12-2024T08:02:47 - [TEST_STEP][PASSED] - else if (planFact == 2): null

11-12-2024T08:02:47 - [TEST_STEP][PASSED] - click(findTestObject("Выполнение бизнес-плана/Кнопка План")): Object: 'Object Repository/Выполнение бизнес-плана/Кнопка План' is clicked on

11-12-2024T08:02:47 - [MESSAGE][PASSED] - Object: 'Object Repository/Выполнение бизнес-плана/Кнопка План' is clicked on

11-12-2024T08:02:47 - [TEST_STEP][PASSED] - typeOfDataMain = "План": null

11-12-2024T08:02:47 - [TEST_STEP][PASSED] - otpusk = findTestData("PlanFact").getValue(2, a): null

11-12-2024T08:02:48 - [TEST_STEP][PASSED] - poteri = findTestData("PlanFact").getValue(3, a): null

11-12-2024T08:02:48 - [TEST_STEP][PASSED] - otpusk = otpusk.replaceAll("\s+", ""): null

11-12-2024T08:02:48 - [TEST_STEP][PASSED] - poteri = poteri.replaceAll("\s+", ""): null

11-12-2024T08:02:48 - [TEST_STEP][PASSED] - typeOfData = typeOfDataMain + " Отпуск в сеть": null

11-12-2024T08:02:48 - [TEST_STEP][PASSED] - if (a == 82): null

11-12-2024T08:02:48 - [TEST_STEP][PASSED] - else if (a == 84): null

11-12-2024T08:02:48 - [TEST_STEP][PASSED] - else if (a == 52 || a == 72 || a == 28 || a == 73 || a == 77 || a == 74 || a == 65 || a == 36 || a == 44 || a == 53 || a == 80 || a == 54 || a == 1 || a == 18 || a == 59 || a == 81): null

11-12-2024T08:02:48 - [TEST_STEP][PASSED] - else: null

11-12-2024T08:02:48 - [TEST_STEP][PASSED] - path = dataFolder + typeOfData + " за отчётный период " + b: null

11-12-2024T08:02:48 - [TEST_STEP][PASSED] - println(path): null

11-12-2024T08:02:48 - [TEST_STEP][PASSED] - page = getText(findTestObject(path)): Text of object 'Object Repository/Выполнение бизнес-плана/Значения со страницы Выполнение бизнес-плана/План Отпуск в сеть за отчётный период Карачаево-Черкесскэнерго' is: '938 915'

11-12-2024T08:02:48 - [MESSAGE][PASSED] - Text of object 'Object Repository/Выполнение бизнес-плана/Значения со страницы Выполнение бизнес-плана/План Отпуск в сеть за отчётный период Карачаево-Черкесскэнерго' is: '938 915'

11-12-2024T08:02:48 - [TEST_STEP][PASSED] - page = page.replaceAll("\s+", ""): null

11-12-2024T08:02:48 - [TEST_STEP][PASSED] - fileOtpuskVSet = otpusk.toInteger(): null

11-12-2024T08:02:48 - [TEST_STEP][PASSED] - pageOtpuskVSet = page.toInteger(): null

11-12-2024T08:02:48 - [TEST_STEP][PASSED] - typeOfData = typeOfDataMain + " Потери": null

11-12-2024T08:02:48 - [TEST_STEP][PASSED] - if (a == 82): null

11-12-2024T08:02:48 - [TEST_STEP][PASSED] - else if (a == 84): null

11-12-2024T08:02:48 - [TEST_STEP][PASSED] - else if (a == 52 || a == 72 || a == 28 || a == 73 || a == 77 || a == 74 || a == 65 || a == 36 || a == 44 || a == 53 || a == 80 || a == 54 || a == 1 || a == 18 || a == 59 || a == 81): null

11-12-2024T08:02:48 - [TEST_STEP][PASSED] - else: null

11-12-2024T08:02:48 - [TEST_STEP][PASSED] - path = dataFolder + typeOfData + " за отчётный период " + b: null

11-12-2024T08:02:48 - [TEST_STEP][PASSED] - page = getText(findTestObject(path)): Text of object 'Object Repository/Выполнение бизнес-плана/Значения со страницы Выполнение бизнес-плана/План Потери за отчётный период Карачаево-Черкесскэнерго' is: '126 591'

11-12-2024T08:02:48 - [MESSAGE][PASSED] - Text of object 'Object Repository/Выполнение бизнес-плана/Значения со страницы Выполнение бизнес-плана/План Потери за отчётный период Карачаево-Черкесскэнерго' is: '126 591'

11-12-2024T08:02:48 - [TEST_STEP][PASSED] - page = page.replaceAll("\s+", ""): null

11-12-2024T08:02:48 - [TEST_STEP][PASSED] - filePoteri = poteri.toInteger(): null

11-12-2024T08:02:48 - [TEST_STEP][PASSED] - pagePoteri = page.toInteger(): null

11-12-2024T08:02:48 - [TEST_STEP][PASSED] - compare = pageOtpuskVSet: null

11-12-2024T08:02:48 - [TEST_STEP][PASSED] - if (compare == fileOtpuskVSet): null

11-12-2024T08:02:48 - [TEST_STEP][PASSED] - else if (compare > fileOtpuskVSet): null

11-12-2024T08:02:48 - [TEST_STEP][PASSED] - else if (compare < fileOtpuskVSet): null

11-12-2024T08:02:48 - [TEST_STEP][PASSED] - compare = compare + 1: null

11-12-2024T08:02:48 - [TEST_STEP][PASSED] - if (compare == fileOtpuskVSet): null

11-12-2024T08:02:48 - [TEST_STEP][PASSED] - else: null

11-12-2024T08:02:48 - [TEST_STEP][PASSED] - numberOfErrors = numberOfErrors + 1: null

11-12-2024T08:02:48 - [TEST_STEP][PASSED] - pageInt = pageOtpuskVSet: null

11-12-2024T08:02:48 - [TEST_STEP][PASSED] - fileInt = fileOtpuskVSet: null

11-12-2024T08:02:48 - [TEST_STEP][PASSED] - typeOfData = typeOfDataMain + " Отпуск в сеть": null

11-12-2024T08:02:48 - [TEST_STEP][PASSED] - Script1718980020443.WriteToExcel(a, typeOfData, todaysDate, pageInt, fileInt, pageDouble, fileDouble, dZO): null

11-12-2024T08:02:48 - [TEST_STEP][PASSED] - sheetName = "Sheet1": null

11-12-2024T08:02:48 - [TEST_STEP][PASSED] - data = findTestData("PlanFact"): null

11-12-2024T08:02:48 - [TEST_STEP][PASSED] - n = data.getRowNumbers() + 1: null

11-12-2024T08:02:48 - [TEST_STEP][PASSED] - year = todaysDate.substring(todaysDate.length() - 4, todaysDate.length()): null

11-12-2024T08:02:48 - [TEST_STEP][PASSED] - y = year.toInteger(): null

11-12-2024T08:02:48 - [TEST_STEP][PASSED] - m = getText(findTestObject("Выполнение бизнес-плана/Период")): Text of object 'Object Repository/Выполнение бизнес-плана/Период' is: '1, 2, 3 кв., Октябрь 2024 года'

11-12-2024T08:02:49 - [MESSAGE][PASSED] - Text of object 'Object Repository/Выполнение бизнес-плана/Период' is: '1, 2, 3 кв., Октябрь 2024 года'

11-12-2024T08:02:49 - [TEST_STEP][PASSED] - m = m.substring(0, m.indexOf("2024")): null

11-12-2024T08:02:49 - [TEST_STEP][PASSED] - m = m.trim(): null

11-12-2024T08:02:49 - [TEST_STEP][PASSED] - dashboardName = "Выполнение бизнес-плана": null

11-12-2024T08:02:49 - [TEST_STEP][PASSED] - workbook01 = getWorkbook(excelFilePath): null

11-12-2024T08:02:49 - [TEST_STEP][PASSED] - sheet01 = getExcelSheet(workbook01, sheetName): null

11-12-2024T08:02:49 - [TEST_STEP][PASSED] - setValueToCellByIndex(sheet01, n, 0, dashboardName): null

11-12-2024T08:02:49 - [TEST_STEP][PASSED] - setValueToCellByIndex(sheet01, n, 1, dZO): null

11-12-2024T08:02:49 - [TEST_STEP][PASSED] - setValueToCellByIndex(sheet01, n, 2, typeOfData): null

11-12-2024T08:02:49 - [TEST_STEP][PASSED] - if (typeOfData == "Факт в процентах" || typeOfData == "План в процентах"): null

11-12-2024T08:02:49 - [TEST_STEP][PASSED] - else: null

11-12-2024T08:02:49 - [TEST_STEP][PASSED] - setValueToCellByIndex(sheet01, n, 3, fileInt): null

11-12-2024T08:02:49 - [TEST_STEP][PASSED] - setValueToCellByIndex(sheet01, n, 4, pageInt): null

11-12-2024T08:02:49 - [TEST_STEP][PASSED] - setValueToCellByIndex(sheet01, n, 5, m): null

11-12-2024T08:02:49 - [TEST_STEP][PASSED] - setValueToCellByIndex(sheet01, n, 6, y): null

11-12-2024T08:02:49 - [TEST_STEP][PASSED] - setValueToCellByIndex(sheet01, n, 7, todaysDate): null

11-12-2024T08:02:49 - [TEST_STEP][PASSED] - n = n + 1: null

11-12-2024T08:02:49 - [TEST_STEP][PASSED] - saveWorkbook(excelFilePath, workbook01): null

11-12-2024T08:02:49 - [TEST_STEP][PASSED] - compare = pagePoteri: null

11-12-2024T08:02:49 - [TEST_STEP][PASSED] - if (compare == filePoteri): null

11-12-2024T08:02:49 - [TEST_STEP][PASSED] - else if (compare > filePoteri): null

11-12-2024T08:02:49 - [TEST_STEP][PASSED] - else if (compare < filePoteri): null

11-12-2024T08:02:49 - [TEST_STEP][PASSED] - compare = compare + 1: null

11-12-2024T08:02:49 - [TEST_STEP][PASSED] - if (compare == filePoteri): null

11-12-2024T08:02:49 - [TEST_STEP][PASSED] - else: null

11-12-2024T08:02:49 - [TEST_STEP][PASSED] - numberOfErrors = numberOfErrors + 1: null

11-12-2024T08:02:49 - [TEST_STEP][PASSED] - pageInt = pagePoteri: null

11-12-2024T08:02:49 - [TEST_STEP][PASSED] - fileInt = filePoteri: null

11-12-2024T08:02:49 - [TEST_STEP][PASSED] - typeOfData = typeOfDataMain + " Потери": null

11-12-2024T08:02:49 - [TEST_STEP][PASSED] - Script1718980020443.WriteToExcel(a, typeOfData, todaysDate, pageInt, fileInt, pageDouble, fileDouble, dZO): null

11-12-2024T08:02:49 - [TEST_STEP][PASSED] - sheetName = "Sheet1": null

11-12-2024T08:02:49 - [TEST_STEP][PASSED] - data = findTestData("PlanFact"): null

11-12-2024T08:02:49 - [TEST_STEP][PASSED] - n = data.getRowNumbers() + 1: null

11-12-2024T08:02:49 - [TEST_STEP][PASSED] - year = todaysDate.substring(todaysDate.length() - 4, todaysDate.length()): null

11-12-2024T08:02:49 - [TEST_STEP][PASSED] - y = year.toInteger(): null

11-12-2024T08:02:49 - [TEST_STEP][PASSED] - m = getText(findTestObject("Выполнение бизнес-плана/Период")): Text of object 'Object Repository/Выполнение бизнес-плана/Период' is: '1, 2, 3 кв., Октябрь 2024 года'

11-12-2024T08:02:49 - [MESSAGE][PASSED] - Text of object 'Object Repository/Выполнение бизнес-плана/Период' is: '1, 2, 3 кв., Октябрь 2024 года'

11-12-2024T08:02:49 - [TEST_STEP][PASSED] - m = m.substring(0, m.indexOf("2024")): null

11-12-2024T08:02:49 - [TEST_STEP][PASSED] - m = m.trim(): null

11-12-2024T08:02:49 - [TEST_STEP][PASSED] - dashboardName = "Выполнение бизнес-плана": null

11-12-2024T08:02:49 - [TEST_STEP][PASSED] - workbook01 = getWorkbook(excelFilePath): null

11-12-2024T08:02:49 - [TEST_STEP][PASSED] - sheet01 = getExcelSheet(workbook01, sheetName): null

11-12-2024T08:02:49 - [TEST_STEP][PASSED] - setValueToCellByIndex(sheet01, n, 0, dashboardName): null

11-12-2024T08:02:49 - [TEST_STEP][PASSED] - setValueToCellByIndex(sheet01, n, 1, dZO): null

11-12-2024T08:02:49 - [TEST_STEP][PASSED] - setValueToCellByIndex(sheet01, n, 2, typeOfData): null

11-12-2024T08:02:49 - [TEST_STEP][PASSED] - if (typeOfData == "Факт в процентах" || typeOfData == "План в процентах"): null

11-12-2024T08:02:49 - [TEST_STEP][PASSED] - else: null

11-12-2024T08:02:49 - [TEST_STEP][PASSED] - setValueToCellByIndex(sheet01, n, 3, fileInt): null

11-12-2024T08:02:49 - [TEST_STEP][PASSED] - setValueToCellByIndex(sheet01, n, 4, pageInt): null

11-12-2024T08:02:49 - [TEST_STEP][PASSED] - setValueToCellByIndex(sheet01, n, 5, m): null

11-12-2024T08:02:49 - [TEST_STEP][PASSED] - setValueToCellByIndex(sheet01, n, 6, y): null

11-12-2024T08:02:49 - [TEST_STEP][PASSED] - setValueToCellByIndex(sheet01, n, 7, todaysDate): null

11-12-2024T08:02:49 - [TEST_STEP][PASSED] - n = n + 1: null

11-12-2024T08:02:49 - [TEST_STEP][PASSED] - saveWorkbook(excelFilePath, workbook01): Object: 'Object Repository/Выполнение бизнес-плана/Кнопка Факт' is clicked on

11-12-2024T08:02:50 - [TEST_STEP][PASSED] - if (planFact == 2): Object: 'Object Repository/Выполнение бизнес-плана/Кнопка Факт' is clicked on

11-12-2024T08:02:50 - [TEST_STEP][PASSED] - click(findTestObject("Выполнение бизнес-плана/Кнопка Факт")): Object: 'Object Repository/Выполнение бизнес-плана/Кнопка Факт' is clicked on

11-12-2024T08:02:50 - [MESSAGE][PASSED] - Object: 'Object Repository/Выполнение бизнес-плана/Кнопка Факт' is clicked on

11-12-2024T08:02:50 - [TEST_STEP][PASSED] - if (a == 84 || a == 82): null

11-12-2024T08:02:50 - [TEST_STEP][PASSED] - else if (a == 52 || a == 72 || a == 28 || a == 73 || a == 77 || a == 74 || a == 65 || a == 36 || a == 44 || a == 53 || a == 80 || a == 54 || a == 1 || a == 18 || a == 59 || a == 81): null

11-12-2024T08:02:50 - [TEST_STEP][PASSED] - else: null

11-12-2024T08:02:50 - [TEST_STEP][PASSED] - page1 = getText(findTestObject("Object Repository/Выполнение бизнес-плана/spanPlan" + filialNum)): Text of object 'Object Repository/Выполнение бизнес-плана/spanPlan4' is: '13.48
|'

11-12-2024T08:02:51 - [MESSAGE][PASSED] - Text of object 'Object Repository/Выполнение бизнес-плана/spanPlan4' is: '13.48
|'

11-12-2024T08:02:51 - [TEST_STEP][PASSED] - page1 = page1.replace("|", ""): null

11-12-2024T08:02:51 - [TEST_STEP][PASSED] - page2 = getText(findTestObject("Object Repository/Выполнение бизнес-плана/spanFact" + filialNum)): Text of object 'Object Repository/Выполнение бизнес-плана/spanFact4' is: '14.41
|'

11-12-2024T08:02:51 - [MESSAGE][PASSED] - Text of object 'Object Repository/Выполнение бизнес-плана/spanFact4' is: '14.41
|'

11-12-2024T08:02:51 - [TEST_STEP][PASSED] - page2 = page2.replace("|", ""): null

11-12-2024T08:02:51 - [TEST_STEP][PASSED] - println("page1: " + page1): null

11-12-2024T08:02:51 - [TEST_STEP][PASSED] - println("page2: " + page2): null

11-12-2024T08:02:51 - [TEST_STEP][PASSED] - file = findTestData("PlanFact").getValue(4, a): null

11-12-2024T08:02:51 - [TEST_STEP][PASSED] - file = file.replace(",", "."): null

11-12-2024T08:02:51 - [TEST_STEP][PASSED] - println("file Plan: " + file): null

11-12-2024T08:02:51 - [TEST_STEP][PASSED] - typeOfData = "План в процентах": null

11-12-2024T08:02:51 - [TEST_STEP][PASSED] - fileDouble = file.toDouble(): null

11-12-2024T08:02:51 - [TEST_STEP][PASSED] - pageDouble = page1.toDouble(): null

11-12-2024T08:02:51 - [TEST_STEP][PASSED] - if (fileDouble != pageDouble): null

11-12-2024T08:02:51 - [TEST_STEP][PASSED] - numberOfErrors = numberOfErrors + 1: null

11-12-2024T08:02:51 - [TEST_STEP][PASSED] - Script1718980020443.WriteToExcel(a, typeOfData, todaysDate, pageInt, fileInt, pageDouble, fileDouble, dZO): null

11-12-2024T08:02:51 - [TEST_STEP][PASSED] - sheetName = "Sheet1": null

11-12-2024T08:02:51 - [TEST_STEP][PASSED] - data = findTestData("PlanFact"): null

11-12-2024T08:02:51 - [TEST_STEP][PASSED] - n = data.getRowNumbers() + 1: null

11-12-2024T08:02:51 - [TEST_STEP][PASSED] - year = todaysDate.substring(todaysDate.length() - 4, todaysDate.length()): null

11-12-2024T08:02:51 - [TEST_STEP][PASSED] - y = year.toInteger(): null

11-12-2024T08:02:51 - [TEST_STEP][PASSED] - m = getText(findTestObject("Выполнение бизнес-плана/Период")): Text of object 'Object Repository/Выполнение бизнес-плана/Период' is: '1, 2, 3 кв., Октябрь 2024 года'

11-12-2024T08:02:51 - [MESSAGE][PASSED] - Text of object 'Object Repository/Выполнение бизнес-плана/Период' is: '1, 2, 3 кв., Октябрь 2024 года'

11-12-2024T08:02:51 - [TEST_STEP][PASSED] - m = m.substring(0, m.indexOf("2024")): null

11-12-2024T08:02:51 - [TEST_STEP][PASSED] - m = m.trim(): null

11-12-2024T08:02:51 - [TEST_STEP][PASSED] - dashboardName = "Выполнение бизнес-плана": null

11-12-2024T08:02:51 - [TEST_STEP][PASSED] - workbook01 = getWorkbook(excelFilePath): null

11-12-2024T08:02:51 - [TEST_STEP][PASSED] - sheet01 = getExcelSheet(workbook01, sheetName): null

11-12-2024T08:02:51 - [TEST_STEP][PASSED] - setValueToCellByIndex(sheet01, n, 0, dashboardName): null

11-12-2024T08:02:51 - [TEST_STEP][PASSED] - setValueToCellByIndex(sheet01, n, 1, dZO): null

11-12-2024T08:02:51 - [TEST_STEP][PASSED] - setValueToCellByIndex(sheet01, n, 2, typeOfData): null

11-12-2024T08:02:51 - [TEST_STEP][PASSED] - if (typeOfData == "Факт в процентах" || typeOfData == "План в процентах"): null

11-12-2024T08:02:51 - [TEST_STEP][PASSED] - setValueToCellByIndex(sheet01, n, 3, fileDouble): null

11-12-2024T08:02:51 - [TEST_STEP][PASSED] - setValueToCellByIndex(sheet01, n, 4, pageDouble): null

11-12-2024T08:02:51 - [TEST_STEP][PASSED] - setValueToCellByIndex(sheet01, n, 5, m): null

11-12-2024T08:02:51 - [TEST_STEP][PASSED] - setValueToCellByIndex(sheet01, n, 6, y): null

11-12-2024T08:02:51 - [TEST_STEP][PASSED] - setValueToCellByIndex(sheet01, n, 7, todaysDate): null

11-12-2024T08:02:51 - [TEST_STEP][PASSED] - n = n + 1: null

11-12-2024T08:02:51 - [TEST_STEP][PASSED] - saveWorkbook(excelFilePath, workbook01): null

11-12-2024T08:02:52 - [TEST_STEP][PASSED] - file = findTestData("PlanFact").getValue(7, a): null

11-12-2024T08:02:53 - [TEST_STEP][PASSED] - file = file.replace(",", "."): null

11-12-2024T08:02:53 - [TEST_STEP][PASSED] - println("file Fact: " + file): null

11-12-2024T08:02:53 - [TEST_STEP][PASSED] - fileDouble = file.toDouble(): null

11-12-2024T08:02:53 - [TEST_STEP][PASSED] - typeOfData = "Факт в процентах": null

11-12-2024T08:02:53 - [TEST_STEP][PASSED] - fileDouble = file.toDouble(): null

11-12-2024T08:02:53 - [TEST_STEP][PASSED] - pageDouble = page2.toDouble(): null

11-12-2024T08:02:53 - [TEST_STEP][PASSED] - if (fileDouble != pageDouble): null

11-12-2024T08:02:53 - [TEST_STEP][PASSED] - numberOfErrors = numberOfErrors + 1: null

11-12-2024T08:02:53 - [TEST_STEP][PASSED] - Script1718980020443.WriteToExcel(a, typeOfData, todaysDate, pageInt, fileInt, pageDouble, fileDouble, dZO): null

11-12-2024T08:02:53 - [TEST_STEP][PASSED] - sheetName = "Sheet1": null

11-12-2024T08:02:53 - [TEST_STEP][PASSED] - data = findTestData("PlanFact"): null

11-12-2024T08:02:53 - [TEST_STEP][PASSED] - n = data.getRowNumbers() + 1: null

11-12-2024T08:02:53 - [TEST_STEP][PASSED] - year = todaysDate.substring(todaysDate.length() - 4, todaysDate.length()): null

11-12-2024T08:02:53 - [TEST_STEP][PASSED] - y = year.toInteger(): null

11-12-2024T08:02:53 - [TEST_STEP][PASSED] - m = getText(findTestObject("Выполнение бизнес-плана/Период")): Text of object 'Object Repository/Выполнение бизнес-плана/Период' is: '1, 2, 3 кв., Октябрь 2024 года'

11-12-2024T08:02:53 - [MESSAGE][PASSED] - Text of object 'Object Repository/Выполнение бизнес-плана/Период' is: '1, 2, 3 кв., Октябрь 2024 года'

11-12-2024T08:02:53 - [TEST_STEP][PASSED] - m = m.substring(0, m.indexOf("2024")): null

11-12-2024T08:02:53 - [TEST_STEP][PASSED] - m = m.trim(): null

11-12-2024T08:02:53 - [TEST_STEP][PASSED] - dashboardName = "Выполнение бизнес-плана": null

11-12-2024T08:02:53 - [TEST_STEP][PASSED] - workbook01 = getWorkbook(excelFilePath): null

11-12-2024T08:02:53 - [TEST_STEP][PASSED] - sheet01 = getExcelSheet(workbook01, sheetName): null

11-12-2024T08:02:53 - [TEST_STEP][PASSED] - setValueToCellByIndex(sheet01, n, 0, dashboardName): null

11-12-2024T08:02:53 - [TEST_STEP][PASSED] - setValueToCellByIndex(sheet01, n, 1, dZO): null

11-12-2024T08:02:53 - [TEST_STEP][PASSED] - setValueToCellByIndex(sheet01, n, 2, typeOfData): null

11-12-2024T08:02:53 - [TEST_STEP][PASSED] - if (typeOfData == "Факт в процентах" || typeOfData == "План в процентах"): null

11-12-2024T08:02:53 - [TEST_STEP][PASSED] - setValueToCellByIndex(sheet01, n, 3, fileDouble): null

11-12-2024T08:02:53 - [TEST_STEP][PASSED] - setValueToCellByIndex(sheet01, n, 4, pageDouble): null

11-12-2024T08:02:53 - [TEST_STEP][PASSED] - setValueToCellByIndex(sheet01, n, 5, m): null

11-12-2024T08:02:53 - [TEST_STEP][PASSED] - setValueToCellByIndex(sheet01, n, 6, y): null

11-12-2024T08:02:53 - [TEST_STEP][PASSED] - setValueToCellByIndex(sheet01, n, 7, todaysDate): null

11-12-2024T08:02:53 - [TEST_STEP][PASSED] - n = n + 1: null

11-12-2024T08:02:53 - [TEST_STEP][PASSED] - saveWorkbook(excelFilePath, workbook01): null

11-12-2024T08:02:54 - [TEST_STEP][FAILED] - if (verifyEqual(numberOfErrors, 0) == false): null

11-12-2024T08:02:54 - [MESSAGE][FAILED] - Unable to verify equal between actual object '6' and expected object '0' (Root cause: com.kms.katalon.core.exception.StepFailedException: Actual object '6' and expected object '0' are not equal
	at com.kms.katalon.core.keyword.builtin.VerifyEqualKeyword$_verifyEqual_closure1.doCall(VerifyEqualKeyword.groovy:58)
	at com.kms.katalon.core.keyword.builtin.VerifyEqualKeyword$_verifyEqual_closure1.call(VerifyEqualKeyword.groovy)
	at com.kms.katalon.core.keyword.internal.KeywordMain.runKeyword(KeywordMain.groovy:75)
	at com.kms.katalon.core.keyword.builtin.VerifyEqualKeyword.verifyEqual(VerifyEqualKeyword.groovy:63)
	at com.kms.katalon.core.keyword.builtin.VerifyEqualKeyword.execute(VerifyEqualKeyword.groovy:44)
	at com.kms.katalon.core.keyword.internal.KeywordExecutor.executeKeywordForPlatform(KeywordExecutor.groovy:74)
	at com.kms.katalon.core.keyword.BuiltinKeywords.verifyEqual(BuiltinKeywords.groovy:146)
	at java.base/jdk.internal.reflect.NativeMethodAccessorImpl.invoke0(Native Method)
	at java.base/jdk.internal.reflect.NativeMethodAccessorImpl.invoke(NativeMethodAccessorImpl.java:77)
	at java.base/jdk.internal.reflect.DelegatingMethodAccessorImpl.invoke(DelegatingMethodAccessorImpl.java:43)
	at Выполнение бизнес-плана Сверка ПАО Россети все филиалы.Numbers(Выполнение бизнес-плана Сверка ПАО Россети все филиалы:752)
	at Выполнение бизнес-плана Сверка ПАО Россети все филиалы.Filials(Выполнение бизнес-плана Сверка ПАО Россети все филиалы:1123)
	at Выполнение бизнес-плана Сверка ПАО Россети все филиалы.Numbers(Выполнение бизнес-плана Сверка ПАО Россети все филиалы:757)
	at Выполнение бизнес-плана Сверка ПАО Россети все филиалы.run(Выполнение бизнес-плана Сверка ПАО Россети все филиалы:316)
	at com.kms.katalon.core.main.ScriptEngine.run(ScriptEngine.java:194)
	at com.kms.katalon.core.main.ScriptEngine.runScriptAsRawText(ScriptEngine.java:119)
	at com.kms.katalon.core.main.TestCaseExecutor.runScript(TestCaseExecutor.java:448)
	at com.kms.katalon.core.main.TestCaseExecutor.doExecute(TestCaseExecutor.java:439)
	at com.kms.katalon.core.main.TestCaseExecutor.processExecutionPhase(TestCaseExecutor.java:418)
	at com.kms.katalon.core.main.TestCaseExecutor.accessMainPhase(TestCaseExecutor.java:410)
	at com.kms.katalon.core.main.TestCaseExecutor.execute(TestCaseExecutor.java:285)
	at com.kms.katalon.core.common.CommonExecutor.accessTestCaseMainPhase(CommonExecutor.java:65)
	at com.kms.katalon.core.main.TestSuiteExecutor.accessTestSuiteMainPhase(TestSuiteExecutor.java:150)
	at com.kms.katalon.core.main.TestSuiteExecutor.execute(TestSuiteExecutor.java:106)
	at com.kms.katalon.core.main.TestCaseMain.startTestSuite(TestCaseMain.java:180)
	at TempTestSuite1733892825375.run(TempTestSuite1733892825375.groovy:35)
	at java.base/jdk.internal.reflect.NativeMethodAccessorImpl.invoke0(Native Method)
	at java.base/jdk.internal.reflect.NativeMethodAccessorImpl.invoke(NativeMethodAccessorImpl.java:77)
	at java.base/jdk.internal.reflect.DelegatingMethodAccessorImpl.invoke(DelegatingMethodAccessorImpl.java:43)
)

11-12-2024T08:02:54 - [TEST_STEP][PASSED] - println(numberOfErrors): null

11-12-2024T08:02:54 - [TEST_STEP][PASSED] - if (a == 28 || a == 77 || a == 74 || a == 65 || a == 36 || a == 44 || a == 54 || a == 1 || a == 18 || a == 59): null

11-12-2024T08:02:54 - [TEST_STEP][PASSED] - if (a == 82): null

11-12-2024T08:02:54 - [TEST_STEP][PASSED] - dZO = "Севкавказэнерго": null

11-12-2024T08:02:54 - [TEST_STEP][PASSED] - a = 68: null

11-12-2024T08:02:54 - [TEST_STEP][PASSED] - if (x2.contains(dZO)): null

11-12-2024T08:02:54 - [TEST_STEP][PASSED] - filialNum = filialNum + 1: null

11-12-2024T08:02:54 - [TEST_STEP][PASSED] - Script1718980020443.Numbers(a, typeOfData, todaysDate, pageInt, fileInt, pageDouble, fileDouble, dZO, dzoNum, filialNum): null

11-12-2024T08:02:54 - [TEST_STEP][PASSED] - println(dzoNum): null

11-12-2024T08:02:54 - [TEST_STEP][PASSED] - planFact = <not implemented yet for class: org.codehaus.groovy.ast.expr.EmptyExpression>: null

11-12-2024T08:02:54 - [TEST_STEP][PASSED] - page = <not implemented yet for class: org.codehaus.groovy.ast.expr.EmptyExpression>: null

11-12-2024T08:02:54 - [TEST_STEP][PASSED] - page1 = <not implemented yet for class: org.codehaus.groovy.ast.expr.EmptyExpression>: null

11-12-2024T08:02:54 - [TEST_STEP][PASSED] - page2 = <not implemented yet for class: org.codehaus.groovy.ast.expr.EmptyExpression>: null

11-12-2024T08:02:54 - [TEST_STEP][PASSED] - filialNumberInRow = <not implemented yet for class: org.codehaus.groovy.ast.expr.EmptyExpression>: null

11-12-2024T08:02:54 - [TEST_STEP][PASSED] - filialsDzoNames = <not implemented yet for class: org.codehaus.groovy.ast.expr.EmptyExpression>: null

11-12-2024T08:02:54 - [TEST_STEP][PASSED] - numberOfFilials = <not implemented yet for class: org.codehaus.groovy.ast.expr.EmptyExpression>: null

11-12-2024T08:02:54 - [TEST_STEP][PASSED] - numberOfSpaces = <not implemented yet for class: org.codehaus.groovy.ast.expr.EmptyExpression>: null

11-12-2024T08:02:54 - [TEST_STEP][PASSED] - file = <not implemented yet for class: org.codehaus.groovy.ast.expr.EmptyExpression>: null

11-12-2024T08:02:54 - [TEST_STEP][PASSED] - otpusk = <not implemented yet for class: org.codehaus.groovy.ast.expr.EmptyExpression>: null

11-12-2024T08:02:54 - [TEST_STEP][PASSED] - poteri = <not implemented yet for class: org.codehaus.groovy.ast.expr.EmptyExpression>: null

11-12-2024T08:02:54 - [TEST_STEP][PASSED] - dataFolder = "Выполнение бизнес-плана/Значения со страницы Выполнение бизнес-плана/": null

11-12-2024T08:02:54 - [TEST_STEP][PASSED] - path = <not implemented yet for class: org.codehaus.groovy.ast.expr.EmptyExpression>: null

11-12-2024T08:02:54 - [TEST_STEP][PASSED] - typeOfDataMain = <not implemented yet for class: org.codehaus.groovy.ast.expr.EmptyExpression>: null

11-12-2024T08:02:54 - [TEST_STEP][PASSED] - fileOtpuskVSet = <not implemented yet for class: org.codehaus.groovy.ast.expr.EmptyExpression>: null

11-12-2024T08:02:54 - [TEST_STEP][PASSED] - pageOtpuskVSet = <not implemented yet for class: org.codehaus.groovy.ast.expr.EmptyExpression>: null

11-12-2024T08:02:54 - [TEST_STEP][PASSED] - filePoteri = <not implemented yet for class: org.codehaus.groovy.ast.expr.EmptyExpression>: null

11-12-2024T08:02:54 - [TEST_STEP][PASSED] - pagePoteri = <not implemented yet for class: org.codehaus.groovy.ast.expr.EmptyExpression>: null

11-12-2024T08:02:54 - [TEST_STEP][PASSED] - compare = <not implemented yet for class: org.codehaus.groovy.ast.expr.EmptyExpression>: null

11-12-2024T08:02:54 - [TEST_STEP][PASSED] - b = <not implemented yet for class: org.codehaus.groovy.ast.expr.EmptyExpression>: null

11-12-2024T08:02:54 - [TEST_STEP][PASSED] - i = <not implemented yet for class: org.codehaus.groovy.ast.expr.EmptyExpression>: null

11-12-2024T08:02:54 - [TEST_STEP][PASSED] - ii = <not implemented yet for class: org.codehaus.groovy.ast.expr.EmptyExpression>: null

11-12-2024T08:02:54 - [TEST_STEP][PASSED] - c = <not implemented yet for class: org.codehaus.groovy.ast.expr.EmptyExpression>: null

11-12-2024T08:02:54 - [TEST_STEP][PASSED] - numberOfErrors = 0: null

11-12-2024T08:02:54 - [TEST_STEP][PASSED] - if (a == 82): null

11-12-2024T08:02:54 - [TEST_STEP][PASSED] - b = findTestData("PlanFact").getValue(1, a): null

11-12-2024T08:02:55 - [TEST_STEP][PASSED] - i = b.indexOf(" (ГК)"): null

11-12-2024T08:02:55 - [TEST_STEP][PASSED] - if (i > -1): null

11-12-2024T08:02:55 - [TEST_STEP][PASSED] - i = b.indexOf("О ""): null

11-12-2024T08:02:55 - [TEST_STEP][PASSED] - if (i > -1): null

11-12-2024T08:02:55 - [TEST_STEP][PASSED] - i = b.indexOf("О «"): null

11-12-2024T08:02:55 - [TEST_STEP][PASSED] - if (i > -1): null

11-12-2024T08:02:55 - [TEST_STEP][PASSED] - i = b.indexOf("г. "): null

11-12-2024T08:02:55 - [TEST_STEP][PASSED] - if (i > -1): null

11-12-2024T08:02:55 - [TEST_STEP][PASSED] - println(b): null

11-12-2024T08:02:55 - [TEST_STEP][PASSED] - for ([planFact = 1, planFact < 3, (planFact++)]): null

11-12-2024T08:02:55 - [TEST_STEP][PASSED] - if (planFact == 1): null

11-12-2024T08:02:55 - [TEST_STEP][PASSED] - typeOfDataMain = "Факт": null

11-12-2024T08:02:55 - [TEST_STEP][PASSED] - otpusk = findTestData("PlanFact").getValue(5, a): null

11-12-2024T08:02:55 - [TEST_STEP][PASSED] - poteri = findTestData("PlanFact").getValue(6, a): null

11-12-2024T08:02:55 - [TEST_STEP][PASSED] - otpusk = otpusk.replaceAll("\s+", ""): null

11-12-2024T08:02:55 - [TEST_STEP][PASSED] - poteri = poteri.replaceAll("\s+", ""): null

11-12-2024T08:02:55 - [TEST_STEP][PASSED] - typeOfData = typeOfDataMain + " Отпуск в сеть": null

11-12-2024T08:02:55 - [TEST_STEP][PASSED] - if (a == 82): null

11-12-2024T08:02:55 - [TEST_STEP][PASSED] - else if (a == 84): null

11-12-2024T08:02:55 - [TEST_STEP][PASSED] - else if (a == 52 || a == 72 || a == 28 || a == 73 || a == 77 || a == 74 || a == 65 || a == 36 || a == 44 || a == 53 || a == 80 || a == 54 || a == 1 || a == 18 || a == 59 || a == 81): null

11-12-2024T08:02:55 - [TEST_STEP][PASSED] - else: null

11-12-2024T08:02:55 - [TEST_STEP][PASSED] - path = dataFolder + typeOfData + " за отчётный период " + b: null

11-12-2024T08:02:55 - [TEST_STEP][PASSED] - println(path): null

11-12-2024T08:02:55 - [TEST_STEP][PASSED] - page = getText(findTestObject(path)): Text of object 'Object Repository/Выполнение бизнес-плана/Значения со страницы Выполнение бизнес-плана/Факт Отпуск в сеть за отчётный период Севкавказэнерго' is: '1 263 745'

11-12-2024T08:02:56 - [MESSAGE][PASSED] - Text of object 'Object Repository/Выполнение бизнес-плана/Значения со страницы Выполнение бизнес-плана/Факт Отпуск в сеть за отчётный период Севкавказэнерго' is: '1 263 745'

11-12-2024T08:02:56 - [TEST_STEP][PASSED] - page = page.replaceAll("\s+", ""): null

11-12-2024T08:02:56 - [TEST_STEP][PASSED] - fileOtpuskVSet = otpusk.toInteger(): null

11-12-2024T08:02:56 - [TEST_STEP][PASSED] - pageOtpuskVSet = page.toInteger(): null

11-12-2024T08:02:56 - [TEST_STEP][PASSED] - typeOfData = typeOfDataMain + " Потери": null

11-12-2024T08:02:56 - [TEST_STEP][PASSED] - if (a == 82): null

11-12-2024T08:02:56 - [TEST_STEP][PASSED] - else if (a == 84): null

11-12-2024T08:02:56 - [TEST_STEP][PASSED] - else if (a == 52 || a == 72 || a == 28 || a == 73 || a == 77 || a == 74 || a == 65 || a == 36 || a == 44 || a == 53 || a == 80 || a == 54 || a == 1 || a == 18 || a == 59 || a == 81): null

11-12-2024T08:02:56 - [TEST_STEP][PASSED] - else: null

11-12-2024T08:02:56 - [TEST_STEP][PASSED] - path = dataFolder + typeOfData + " за отчётный период " + b: null

11-12-2024T08:02:56 - [TEST_STEP][PASSED] - page = getText(findTestObject(path)): Text of object 'Object Repository/Выполнение бизнес-плана/Значения со страницы Выполнение бизнес-плана/Факт Потери за отчётный период Севкавказэнерго' is: '216 844'

11-12-2024T08:02:56 - [MESSAGE][PASSED] - Text of object 'Object Repository/Выполнение бизнес-плана/Значения со страницы Выполнение бизнес-плана/Факт Потери за отчётный период Севкавказэнерго' is: '216 844'

11-12-2024T08:02:56 - [TEST_STEP][PASSED] - page = page.replaceAll("\s+", ""): null

11-12-2024T08:02:56 - [TEST_STEP][PASSED] - filePoteri = poteri.toInteger(): null

11-12-2024T08:02:56 - [TEST_STEP][PASSED] - pagePoteri = page.toInteger(): null

11-12-2024T08:02:56 - [TEST_STEP][PASSED] - compare = pageOtpuskVSet: null

11-12-2024T08:02:56 - [TEST_STEP][PASSED] - if (compare == fileOtpuskVSet): null

11-12-2024T08:02:56 - [TEST_STEP][PASSED] - else if (compare > fileOtpuskVSet): null

11-12-2024T08:02:56 - [TEST_STEP][PASSED] - else if (compare < fileOtpuskVSet): null

11-12-2024T08:02:56 - [TEST_STEP][PASSED] - compare = compare + 1: null

11-12-2024T08:02:56 - [TEST_STEP][PASSED] - if (compare == fileOtpuskVSet): null

11-12-2024T08:02:56 - [TEST_STEP][PASSED] - else: null

11-12-2024T08:02:56 - [TEST_STEP][PASSED] - numberOfErrors = numberOfErrors + 1: null

11-12-2024T08:02:56 - [TEST_STEP][PASSED] - pageInt = pageOtpuskVSet: null

11-12-2024T08:02:56 - [TEST_STEP][PASSED] - fileInt = fileOtpuskVSet: null

11-12-2024T08:02:56 - [TEST_STEP][PASSED] - typeOfData = typeOfDataMain + " Отпуск в сеть": null

11-12-2024T08:02:56 - [TEST_STEP][PASSED] - Script1718980020443.WriteToExcel(a, typeOfData, todaysDate, pageInt, fileInt, pageDouble, fileDouble, dZO): null

11-12-2024T08:02:56 - [TEST_STEP][PASSED] - sheetName = "Sheet1": null

11-12-2024T08:02:56 - [TEST_STEP][PASSED] - data = findTestData("PlanFact"): null

11-12-2024T08:02:56 - [TEST_STEP][PASSED] - n = data.getRowNumbers() + 1: null

11-12-2024T08:02:56 - [TEST_STEP][PASSED] - year = todaysDate.substring(todaysDate.length() - 4, todaysDate.length()): null

11-12-2024T08:02:56 - [TEST_STEP][PASSED] - y = year.toInteger(): null

11-12-2024T08:02:56 - [TEST_STEP][PASSED] - m = getText(findTestObject("Выполнение бизнес-плана/Период")): Text of object 'Object Repository/Выполнение бизнес-плана/Период' is: '1, 2, 3 кв., Октябрь 2024 года'

11-12-2024T08:02:56 - [MESSAGE][PASSED] - Text of object 'Object Repository/Выполнение бизнес-плана/Период' is: '1, 2, 3 кв., Октябрь 2024 года'

11-12-2024T08:02:56 - [TEST_STEP][PASSED] - m = m.substring(0, m.indexOf("2024")): null

11-12-2024T08:02:56 - [TEST_STEP][PASSED] - m = m.trim(): null

11-12-2024T08:02:56 - [TEST_STEP][PASSED] - dashboardName = "Выполнение бизнес-плана": null

11-12-2024T08:02:56 - [TEST_STEP][PASSED] - workbook01 = getWorkbook(excelFilePath): null

11-12-2024T08:02:56 - [TEST_STEP][PASSED] - sheet01 = getExcelSheet(workbook01, sheetName): null

11-12-2024T08:02:56 - [TEST_STEP][PASSED] - setValueToCellByIndex(sheet01, n, 0, dashboardName): null

11-12-2024T08:02:56 - [TEST_STEP][PASSED] - setValueToCellByIndex(sheet01, n, 1, dZO): null

11-12-2024T08:02:56 - [TEST_STEP][PASSED] - setValueToCellByIndex(sheet01, n, 2, typeOfData): null

11-12-2024T08:02:56 - [TEST_STEP][PASSED] - if (typeOfData == "Факт в процентах" || typeOfData == "План в процентах"): null

11-12-2024T08:02:56 - [TEST_STEP][PASSED] - else: null

11-12-2024T08:02:56 - [TEST_STEP][PASSED] - setValueToCellByIndex(sheet01, n, 3, fileInt): null

11-12-2024T08:02:56 - [TEST_STEP][PASSED] - setValueToCellByIndex(sheet01, n, 4, pageInt): null

11-12-2024T08:02:56 - [TEST_STEP][PASSED] - setValueToCellByIndex(sheet01, n, 5, m): null

11-12-2024T08:02:56 - [TEST_STEP][PASSED] - setValueToCellByIndex(sheet01, n, 6, y): null

11-12-2024T08:02:56 - [TEST_STEP][PASSED] - setValueToCellByIndex(sheet01, n, 7, todaysDate): null

11-12-2024T08:02:56 - [TEST_STEP][PASSED] - n = n + 1: null

11-12-2024T08:02:56 - [TEST_STEP][PASSED] - saveWorkbook(excelFilePath, workbook01): null

11-12-2024T08:02:57 - [TEST_STEP][PASSED] - compare = pagePoteri: null

11-12-2024T08:02:57 - [TEST_STEP][PASSED] - if (compare == filePoteri): null

11-12-2024T08:02:57 - [TEST_STEP][PASSED] - else if (compare > filePoteri): null

11-12-2024T08:02:57 - [TEST_STEP][PASSED] - else if (compare < filePoteri): null

11-12-2024T08:02:57 - [TEST_STEP][PASSED] - compare = compare + 1: null

11-12-2024T08:02:57 - [TEST_STEP][PASSED] - if (compare == filePoteri): null

11-12-2024T08:02:57 - [TEST_STEP][PASSED] - else: null

11-12-2024T08:02:57 - [TEST_STEP][PASSED] - numberOfErrors = numberOfErrors + 1: null

11-12-2024T08:02:57 - [TEST_STEP][PASSED] - pageInt = pagePoteri: null

11-12-2024T08:02:57 - [TEST_STEP][PASSED] - fileInt = filePoteri: null

11-12-2024T08:02:57 - [TEST_STEP][PASSED] - typeOfData = typeOfDataMain + " Потери": null

11-12-2024T08:02:57 - [TEST_STEP][PASSED] - Script1718980020443.WriteToExcel(a, typeOfData, todaysDate, pageInt, fileInt, pageDouble, fileDouble, dZO): null

11-12-2024T08:02:57 - [TEST_STEP][PASSED] - sheetName = "Sheet1": null

11-12-2024T08:02:57 - [TEST_STEP][PASSED] - data = findTestData("PlanFact"): null

11-12-2024T08:02:57 - [TEST_STEP][PASSED] - n = data.getRowNumbers() + 1: null

11-12-2024T08:02:57 - [TEST_STEP][PASSED] - year = todaysDate.substring(todaysDate.length() - 4, todaysDate.length()): null

11-12-2024T08:02:57 - [TEST_STEP][PASSED] - y = year.toInteger(): null

11-12-2024T08:02:57 - [TEST_STEP][PASSED] - m = getText(findTestObject("Выполнение бизнес-плана/Период")): Text of object 'Object Repository/Выполнение бизнес-плана/Период' is: '1, 2, 3 кв., Октябрь 2024 года'

11-12-2024T08:02:57 - [MESSAGE][PASSED] - Text of object 'Object Repository/Выполнение бизнес-плана/Период' is: '1, 2, 3 кв., Октябрь 2024 года'

11-12-2024T08:02:57 - [TEST_STEP][PASSED] - m = m.substring(0, m.indexOf("2024")): null

11-12-2024T08:02:57 - [TEST_STEP][PASSED] - m = m.trim(): null

11-12-2024T08:02:57 - [TEST_STEP][PASSED] - dashboardName = "Выполнение бизнес-плана": null

11-12-2024T08:02:57 - [TEST_STEP][PASSED] - workbook01 = getWorkbook(excelFilePath): null

11-12-2024T08:02:57 - [TEST_STEP][PASSED] - sheet01 = getExcelSheet(workbook01, sheetName): null

11-12-2024T08:02:57 - [TEST_STEP][PASSED] - setValueToCellByIndex(sheet01, n, 0, dashboardName): null

11-12-2024T08:02:57 - [TEST_STEP][PASSED] - setValueToCellByIndex(sheet01, n, 1, dZO): null

11-12-2024T08:02:57 - [TEST_STEP][PASSED] - setValueToCellByIndex(sheet01, n, 2, typeOfData): null

11-12-2024T08:02:57 - [TEST_STEP][PASSED] - if (typeOfData == "Факт в процентах" || typeOfData == "План в процентах"): null

11-12-2024T08:02:57 - [TEST_STEP][PASSED] - else: null

11-12-2024T08:02:57 - [TEST_STEP][PASSED] - setValueToCellByIndex(sheet01, n, 3, fileInt): null

11-12-2024T08:02:57 - [TEST_STEP][PASSED] - setValueToCellByIndex(sheet01, n, 4, pageInt): null

11-12-2024T08:02:57 - [TEST_STEP][PASSED] - setValueToCellByIndex(sheet01, n, 5, m): null

11-12-2024T08:02:57 - [TEST_STEP][PASSED] - setValueToCellByIndex(sheet01, n, 6, y): null

11-12-2024T08:02:57 - [TEST_STEP][PASSED] - setValueToCellByIndex(sheet01, n, 7, todaysDate): null

11-12-2024T08:02:57 - [TEST_STEP][PASSED] - n = n + 1: null

11-12-2024T08:02:57 - [TEST_STEP][PASSED] - saveWorkbook(excelFilePath, workbook01): null

11-12-2024T08:02:58 - [TEST_STEP][PASSED] - if (planFact == 2): null

11-12-2024T08:02:58 - [TEST_STEP][PASSED] - if (planFact == 1): null

11-12-2024T08:02:58 - [TEST_STEP][PASSED] - else if (planFact == 2): null

11-12-2024T08:02:58 - [TEST_STEP][PASSED] - click(findTestObject("Выполнение бизнес-плана/Кнопка План")): Object: 'Object Repository/Выполнение бизнес-плана/Кнопка План' is clicked on

11-12-2024T08:02:58 - [MESSAGE][PASSED] - Object: 'Object Repository/Выполнение бизнес-плана/Кнопка План' is clicked on

11-12-2024T08:02:58 - [TEST_STEP][PASSED] - typeOfDataMain = "План": null

11-12-2024T08:02:58 - [TEST_STEP][PASSED] - otpusk = findTestData("PlanFact").getValue(2, a): null

11-12-2024T08:02:58 - [TEST_STEP][PASSED] - poteri = findTestData("PlanFact").getValue(3, a): null

11-12-2024T08:02:58 - [TEST_STEP][PASSED] - otpusk = otpusk.replaceAll("\s+", ""): null

11-12-2024T08:02:58 - [TEST_STEP][PASSED] - poteri = poteri.replaceAll("\s+", ""): null

11-12-2024T08:02:58 - [TEST_STEP][PASSED] - typeOfData = typeOfDataMain + " Отпуск в сеть": null

11-12-2024T08:02:58 - [TEST_STEP][PASSED] - if (a == 82): null

11-12-2024T08:02:58 - [TEST_STEP][PASSED] - else if (a == 84): null

11-12-2024T08:02:58 - [TEST_STEP][PASSED] - else if (a == 52 || a == 72 || a == 28 || a == 73 || a == 77 || a == 74 || a == 65 || a == 36 || a == 44 || a == 53 || a == 80 || a == 54 || a == 1 || a == 18 || a == 59 || a == 81): null

11-12-2024T08:02:58 - [TEST_STEP][PASSED] - else: null

11-12-2024T08:02:58 - [TEST_STEP][PASSED] - path = dataFolder + typeOfData + " за отчётный период " + b: null

11-12-2024T08:02:58 - [TEST_STEP][PASSED] - println(path): null

11-12-2024T08:02:58 - [TEST_STEP][PASSED] - page = getText(findTestObject(path)): Text of object 'Object Repository/Выполнение бизнес-плана/Значения со страницы Выполнение бизнес-плана/План Отпуск в сеть за отчётный период Севкавказэнерго' is: '1 225 365'

11-12-2024T08:02:58 - [MESSAGE][PASSED] - Text of object 'Object Repository/Выполнение бизнес-плана/Значения со страницы Выполнение бизнес-плана/План Отпуск в сеть за отчётный период Севкавказэнерго' is: '1 225 365'

11-12-2024T08:02:58 - [TEST_STEP][PASSED] - page = page.replaceAll("\s+", ""): null

11-12-2024T08:02:58 - [TEST_STEP][PASSED] - fileOtpuskVSet = otpusk.toInteger(): null

11-12-2024T08:02:58 - [TEST_STEP][PASSED] - pageOtpuskVSet = page.toInteger(): null

11-12-2024T08:02:58 - [TEST_STEP][PASSED] - typeOfData = typeOfDataMain + " Потери": null

11-12-2024T08:02:58 - [TEST_STEP][PASSED] - if (a == 82): null

11-12-2024T08:02:58 - [TEST_STEP][PASSED] - else if (a == 84): null

11-12-2024T08:02:58 - [TEST_STEP][PASSED] - else if (a == 52 || a == 72 || a == 28 || a == 73 || a == 77 || a == 74 || a == 65 || a == 36 || a == 44 || a == 53 || a == 80 || a == 54 || a == 1 || a == 18 || a == 59 || a == 81): null

11-12-2024T08:02:58 - [TEST_STEP][PASSED] - else: null

11-12-2024T08:02:58 - [TEST_STEP][PASSED] - path = dataFolder + typeOfData + " за отчётный период " + b: null

11-12-2024T08:02:58 - [TEST_STEP][PASSED] - page = getText(findTestObject(path)): Text of object 'Object Repository/Выполнение бизнес-плана/Значения со страницы Выполнение бизнес-плана/План Потери за отчётный период Севкавказэнерго' is: '208 743'

11-12-2024T08:02:59 - [MESSAGE][PASSED] - Text of object 'Object Repository/Выполнение бизнес-плана/Значения со страницы Выполнение бизнес-плана/План Потери за отчётный период Севкавказэнерго' is: '208 743'

11-12-2024T08:02:59 - [TEST_STEP][PASSED] - page = page.replaceAll("\s+", ""): null

11-12-2024T08:02:59 - [TEST_STEP][PASSED] - filePoteri = poteri.toInteger(): null

11-12-2024T08:02:59 - [TEST_STEP][PASSED] - pagePoteri = page.toInteger(): null

11-12-2024T08:02:59 - [TEST_STEP][PASSED] - compare = pageOtpuskVSet: null

11-12-2024T08:02:59 - [TEST_STEP][PASSED] - if (compare == fileOtpuskVSet): null

11-12-2024T08:02:59 - [TEST_STEP][PASSED] - else if (compare > fileOtpuskVSet): null

11-12-2024T08:02:59 - [TEST_STEP][PASSED] - else if (compare < fileOtpuskVSet): null

11-12-2024T08:02:59 - [TEST_STEP][PASSED] - compare = compare + 1: null

11-12-2024T08:02:59 - [TEST_STEP][PASSED] - if (compare == fileOtpuskVSet): null

11-12-2024T08:02:59 - [TEST_STEP][PASSED] - else: null

11-12-2024T08:02:59 - [TEST_STEP][PASSED] - numberOfErrors = numberOfErrors + 1: null

11-12-2024T08:02:59 - [TEST_STEP][PASSED] - pageInt = pageOtpuskVSet: null

11-12-2024T08:02:59 - [TEST_STEP][PASSED] - fileInt = fileOtpuskVSet: null

11-12-2024T08:02:59 - [TEST_STEP][PASSED] - typeOfData = typeOfDataMain + " Отпуск в сеть": null

11-12-2024T08:02:59 - [TEST_STEP][PASSED] - Script1718980020443.WriteToExcel(a, typeOfData, todaysDate, pageInt, fileInt, pageDouble, fileDouble, dZO): null

11-12-2024T08:02:59 - [TEST_STEP][PASSED] - sheetName = "Sheet1": null

11-12-2024T08:02:59 - [TEST_STEP][PASSED] - data = findTestData("PlanFact"): null

11-12-2024T08:02:59 - [TEST_STEP][PASSED] - n = data.getRowNumbers() + 1: null

11-12-2024T08:02:59 - [TEST_STEP][PASSED] - year = todaysDate.substring(todaysDate.length() - 4, todaysDate.length()): null

11-12-2024T08:02:59 - [TEST_STEP][PASSED] - y = year.toInteger(): null

11-12-2024T08:02:59 - [TEST_STEP][PASSED] - m = getText(findTestObject("Выполнение бизнес-плана/Период")): Text of object 'Object Repository/Выполнение бизнес-плана/Период' is: '1, 2, 3 кв., Октябрь 2024 года'

11-12-2024T08:02:59 - [MESSAGE][PASSED] - Text of object 'Object Repository/Выполнение бизнес-плана/Период' is: '1, 2, 3 кв., Октябрь 2024 года'

11-12-2024T08:02:59 - [TEST_STEP][PASSED] - m = m.substring(0, m.indexOf("2024")): null

11-12-2024T08:02:59 - [TEST_STEP][PASSED] - m = m.trim(): null

11-12-2024T08:02:59 - [TEST_STEP][PASSED] - dashboardName = "Выполнение бизнес-плана": null

11-12-2024T08:02:59 - [TEST_STEP][PASSED] - workbook01 = getWorkbook(excelFilePath): null

11-12-2024T08:02:59 - [TEST_STEP][PASSED] - sheet01 = getExcelSheet(workbook01, sheetName): null

11-12-2024T08:02:59 - [TEST_STEP][PASSED] - setValueToCellByIndex(sheet01, n, 0, dashboardName): null

11-12-2024T08:02:59 - [TEST_STEP][PASSED] - setValueToCellByIndex(sheet01, n, 1, dZO): null

11-12-2024T08:02:59 - [TEST_STEP][PASSED] - setValueToCellByIndex(sheet01, n, 2, typeOfData): null

11-12-2024T08:02:59 - [TEST_STEP][PASSED] - if (typeOfData == "Факт в процентах" || typeOfData == "План в процентах"): null

11-12-2024T08:02:59 - [TEST_STEP][PASSED] - else: null

11-12-2024T08:02:59 - [TEST_STEP][PASSED] - setValueToCellByIndex(sheet01, n, 3, fileInt): null

11-12-2024T08:02:59 - [TEST_STEP][PASSED] - setValueToCellByIndex(sheet01, n, 4, pageInt): null

11-12-2024T08:02:59 - [TEST_STEP][PASSED] - setValueToCellByIndex(sheet01, n, 5, m): null

11-12-2024T08:02:59 - [TEST_STEP][PASSED] - setValueToCellByIndex(sheet01, n, 6, y): null

11-12-2024T08:02:59 - [TEST_STEP][PASSED] - setValueToCellByIndex(sheet01, n, 7, todaysDate): null

11-12-2024T08:02:59 - [TEST_STEP][PASSED] - n = n + 1: null

11-12-2024T08:02:59 - [TEST_STEP][PASSED] - saveWorkbook(excelFilePath, workbook01): null

11-12-2024T08:03:00 - [TEST_STEP][PASSED] - compare = pagePoteri: null

11-12-2024T08:03:00 - [TEST_STEP][PASSED] - if (compare == filePoteri): null

11-12-2024T08:03:00 - [TEST_STEP][PASSED] - else if (compare > filePoteri): null

11-12-2024T08:03:00 - [TEST_STEP][PASSED] - else if (compare < filePoteri): null

11-12-2024T08:03:00 - [TEST_STEP][PASSED] - compare = compare + 1: null

11-12-2024T08:03:00 - [TEST_STEP][PASSED] - if (compare == filePoteri): null

11-12-2024T08:03:00 - [TEST_STEP][PASSED] - else: null

11-12-2024T08:03:00 - [TEST_STEP][PASSED] - numberOfErrors = numberOfErrors + 1: null

11-12-2024T08:03:00 - [TEST_STEP][PASSED] - pageInt = pagePoteri: null

11-12-2024T08:03:00 - [TEST_STEP][PASSED] - fileInt = filePoteri: null

11-12-2024T08:03:00 - [TEST_STEP][PASSED] - typeOfData = typeOfDataMain + " Потери": null

11-12-2024T08:03:00 - [TEST_STEP][PASSED] - Script1718980020443.WriteToExcel(a, typeOfData, todaysDate, pageInt, fileInt, pageDouble, fileDouble, dZO): null

11-12-2024T08:03:00 - [TEST_STEP][PASSED] - sheetName = "Sheet1": null

11-12-2024T08:03:00 - [TEST_STEP][PASSED] - data = findTestData("PlanFact"): null

11-12-2024T08:03:00 - [TEST_STEP][PASSED] - n = data.getRowNumbers() + 1: null

11-12-2024T08:03:00 - [TEST_STEP][PASSED] - year = todaysDate.substring(todaysDate.length() - 4, todaysDate.length()): null

11-12-2024T08:03:00 - [TEST_STEP][PASSED] - y = year.toInteger(): null

11-12-2024T08:03:00 - [TEST_STEP][PASSED] - m = getText(findTestObject("Выполнение бизнес-плана/Период")): Text of object 'Object Repository/Выполнение бизнес-плана/Период' is: '1, 2, 3 кв., Октябрь 2024 года'

11-12-2024T08:03:00 - [MESSAGE][PASSED] - Text of object 'Object Repository/Выполнение бизнес-плана/Период' is: '1, 2, 3 кв., Октябрь 2024 года'

11-12-2024T08:03:00 - [TEST_STEP][PASSED] - m = m.substring(0, m.indexOf("2024")): null

11-12-2024T08:03:00 - [TEST_STEP][PASSED] - m = m.trim(): null

11-12-2024T08:03:00 - [TEST_STEP][PASSED] - dashboardName = "Выполнение бизнес-плана": null

11-12-2024T08:03:00 - [TEST_STEP][PASSED] - workbook01 = getWorkbook(excelFilePath): null

11-12-2024T08:03:00 - [TEST_STEP][PASSED] - sheet01 = getExcelSheet(workbook01, sheetName): null

11-12-2024T08:03:00 - [TEST_STEP][PASSED] - setValueToCellByIndex(sheet01, n, 0, dashboardName): null

11-12-2024T08:03:00 - [TEST_STEP][PASSED] - setValueToCellByIndex(sheet01, n, 1, dZO): null

11-12-2024T08:03:00 - [TEST_STEP][PASSED] - setValueToCellByIndex(sheet01, n, 2, typeOfData): null

11-12-2024T08:03:00 - [TEST_STEP][PASSED] - if (typeOfData == "Факт в процентах" || typeOfData == "План в процентах"): null

11-12-2024T08:03:00 - [TEST_STEP][PASSED] - else: null

11-12-2024T08:03:00 - [TEST_STEP][PASSED] - setValueToCellByIndex(sheet01, n, 3, fileInt): null

11-12-2024T08:03:00 - [TEST_STEP][PASSED] - setValueToCellByIndex(sheet01, n, 4, pageInt): null

11-12-2024T08:03:00 - [TEST_STEP][PASSED] - setValueToCellByIndex(sheet01, n, 5, m): null

11-12-2024T08:03:00 - [TEST_STEP][PASSED] - setValueToCellByIndex(sheet01, n, 6, y): null

11-12-2024T08:03:00 - [TEST_STEP][PASSED] - setValueToCellByIndex(sheet01, n, 7, todaysDate): null

11-12-2024T08:03:00 - [TEST_STEP][PASSED] - n = n + 1: null

11-12-2024T08:03:00 - [TEST_STEP][PASSED] - saveWorkbook(excelFilePath, workbook01): Object: 'Object Repository/Выполнение бизнес-плана/Кнопка Факт' is clicked on

11-12-2024T08:03:00 - [TEST_STEP][PASSED] - if (planFact == 2): Object: 'Object Repository/Выполнение бизнес-плана/Кнопка Факт' is clicked on

11-12-2024T08:03:00 - [TEST_STEP][PASSED] - click(findTestObject("Выполнение бизнес-плана/Кнопка Факт")): Object: 'Object Repository/Выполнение бизнес-плана/Кнопка Факт' is clicked on

11-12-2024T08:03:01 - [MESSAGE][PASSED] - Object: 'Object Repository/Выполнение бизнес-плана/Кнопка Факт' is clicked on

11-12-2024T08:03:01 - [TEST_STEP][PASSED] - if (a == 84 || a == 82): null

11-12-2024T08:03:01 - [TEST_STEP][PASSED] - else if (a == 52 || a == 72 || a == 28 || a == 73 || a == 77 || a == 74 || a == 65 || a == 36 || a == 44 || a == 53 || a == 80 || a == 54 || a == 1 || a == 18 || a == 59 || a == 81): null

11-12-2024T08:03:01 - [TEST_STEP][PASSED] - else: null

11-12-2024T08:03:01 - [TEST_STEP][PASSED] - page1 = getText(findTestObject("Object Repository/Выполнение бизнес-плана/spanPlan" + filialNum)): Text of object 'Object Repository/Выполнение бизнес-плана/spanPlan5' is: '17.04
|'

11-12-2024T08:03:01 - [MESSAGE][PASSED] - Text of object 'Object Repository/Выполнение бизнес-плана/spanPlan5' is: '17.04
|'

11-12-2024T08:03:01 - [TEST_STEP][PASSED] - page1 = page1.replace("|", ""): null

11-12-2024T08:03:01 - [TEST_STEP][PASSED] - page2 = getText(findTestObject("Object Repository/Выполнение бизнес-плана/spanFact" + filialNum)): Text of object 'Object Repository/Выполнение бизнес-плана/spanFact5' is: '17.16
|'

11-12-2024T08:03:01 - [MESSAGE][PASSED] - Text of object 'Object Repository/Выполнение бизнес-плана/spanFact5' is: '17.16
|'

11-12-2024T08:03:01 - [TEST_STEP][PASSED] - page2 = page2.replace("|", ""): null

11-12-2024T08:03:01 - [TEST_STEP][PASSED] - println("page1: " + page1): null

11-12-2024T08:03:01 - [TEST_STEP][PASSED] - println("page2: " + page2): null

11-12-2024T08:03:01 - [TEST_STEP][PASSED] - file = findTestData("PlanFact").getValue(4, a): null

11-12-2024T08:03:01 - [TEST_STEP][PASSED] - file = file.replace(",", "."): null

11-12-2024T08:03:01 - [TEST_STEP][PASSED] - println("file Plan: " + file): null

11-12-2024T08:03:01 - [TEST_STEP][PASSED] - typeOfData = "План в процентах": null

11-12-2024T08:03:01 - [TEST_STEP][PASSED] - fileDouble = file.toDouble(): null

11-12-2024T08:03:01 - [TEST_STEP][PASSED] - pageDouble = page1.toDouble(): null

11-12-2024T08:03:01 - [TEST_STEP][PASSED] - if (fileDouble != pageDouble): null

11-12-2024T08:03:01 - [TEST_STEP][PASSED] - numberOfErrors = numberOfErrors + 1: null

11-12-2024T08:03:01 - [TEST_STEP][PASSED] - Script1718980020443.WriteToExcel(a, typeOfData, todaysDate, pageInt, fileInt, pageDouble, fileDouble, dZO): null

11-12-2024T08:03:01 - [TEST_STEP][PASSED] - sheetName = "Sheet1": null

11-12-2024T08:03:01 - [TEST_STEP][PASSED] - data = findTestData("PlanFact"): null

11-12-2024T08:03:01 - [TEST_STEP][PASSED] - n = data.getRowNumbers() + 1: null

11-12-2024T08:03:01 - [TEST_STEP][PASSED] - year = todaysDate.substring(todaysDate.length() - 4, todaysDate.length()): null

11-12-2024T08:03:01 - [TEST_STEP][PASSED] - y = year.toInteger(): null

11-12-2024T08:03:01 - [TEST_STEP][PASSED] - m = getText(findTestObject("Выполнение бизнес-плана/Период")): Text of object 'Object Repository/Выполнение бизнес-плана/Период' is: '1, 2, 3 кв., Октябрь 2024 года'

11-12-2024T08:03:02 - [MESSAGE][PASSED] - Text of object 'Object Repository/Выполнение бизнес-плана/Период' is: '1, 2, 3 кв., Октябрь 2024 года'

11-12-2024T08:03:02 - [TEST_STEP][PASSED] - m = m.substring(0, m.indexOf("2024")): null

11-12-2024T08:03:02 - [TEST_STEP][PASSED] - m = m.trim(): null

11-12-2024T08:03:02 - [TEST_STEP][PASSED] - dashboardName = "Выполнение бизнес-плана": null

11-12-2024T08:03:02 - [TEST_STEP][PASSED] - workbook01 = getWorkbook(excelFilePath): null

11-12-2024T08:03:02 - [TEST_STEP][PASSED] - sheet01 = getExcelSheet(workbook01, sheetName): null

11-12-2024T08:03:02 - [TEST_STEP][PASSED] - setValueToCellByIndex(sheet01, n, 0, dashboardName): null

11-12-2024T08:03:02 - [TEST_STEP][PASSED] - setValueToCellByIndex(sheet01, n, 1, dZO): null

11-12-2024T08:03:02 - [TEST_STEP][PASSED] - setValueToCellByIndex(sheet01, n, 2, typeOfData): null

11-12-2024T08:03:02 - [TEST_STEP][PASSED] - if (typeOfData == "Факт в процентах" || typeOfData == "План в процентах"): null

11-12-2024T08:03:02 - [TEST_STEP][PASSED] - setValueToCellByIndex(sheet01, n, 3, fileDouble): null

11-12-2024T08:03:02 - [TEST_STEP][PASSED] - setValueToCellByIndex(sheet01, n, 4, pageDouble): null

11-12-2024T08:03:02 - [TEST_STEP][PASSED] - setValueToCellByIndex(sheet01, n, 5, m): null

11-12-2024T08:03:02 - [TEST_STEP][PASSED] - setValueToCellByIndex(sheet01, n, 6, y): null

11-12-2024T08:03:02 - [TEST_STEP][PASSED] - setValueToCellByIndex(sheet01, n, 7, todaysDate): null

11-12-2024T08:03:02 - [TEST_STEP][PASSED] - n = n + 1: null

11-12-2024T08:03:02 - [TEST_STEP][PASSED] - saveWorkbook(excelFilePath, workbook01): null

11-12-2024T08:03:02 - [TEST_STEP][PASSED] - file = findTestData("PlanFact").getValue(7, a): null

11-12-2024T08:03:02 - [TEST_STEP][PASSED] - file = file.replace(",", "."): null

11-12-2024T08:03:02 - [TEST_STEP][PASSED] - println("file Fact: " + file): null

11-12-2024T08:03:02 - [TEST_STEP][PASSED] - fileDouble = file.toDouble(): null

11-12-2024T08:03:02 - [TEST_STEP][PASSED] - typeOfData = "Факт в процентах": null

11-12-2024T08:03:02 - [TEST_STEP][PASSED] - fileDouble = file.toDouble(): null

11-12-2024T08:03:02 - [TEST_STEP][PASSED] - pageDouble = page2.toDouble(): null

11-12-2024T08:03:02 - [TEST_STEP][PASSED] - if (fileDouble != pageDouble): null

11-12-2024T08:03:02 - [TEST_STEP][PASSED] - numberOfErrors = numberOfErrors + 1: null

11-12-2024T08:03:02 - [TEST_STEP][PASSED] - Script1718980020443.WriteToExcel(a, typeOfData, todaysDate, pageInt, fileInt, pageDouble, fileDouble, dZO): null

11-12-2024T08:03:02 - [TEST_STEP][PASSED] - sheetName = "Sheet1": null

11-12-2024T08:03:02 - [TEST_STEP][PASSED] - data = findTestData("PlanFact"): null

11-12-2024T08:03:02 - [TEST_STEP][PASSED] - n = data.getRowNumbers() + 1: null

11-12-2024T08:03:02 - [TEST_STEP][PASSED] - year = todaysDate.substring(todaysDate.length() - 4, todaysDate.length()): null

11-12-2024T08:03:02 - [TEST_STEP][PASSED] - y = year.toInteger(): null

11-12-2024T08:03:02 - [TEST_STEP][PASSED] - m = getText(findTestObject("Выполнение бизнес-плана/Период")): Text of object 'Object Repository/Выполнение бизнес-плана/Период' is: '1, 2, 3 кв., Октябрь 2024 года'

11-12-2024T08:03:03 - [MESSAGE][PASSED] - Text of object 'Object Repository/Выполнение бизнес-плана/Период' is: '1, 2, 3 кв., Октябрь 2024 года'

11-12-2024T08:03:03 - [TEST_STEP][PASSED] - m = m.substring(0, m.indexOf("2024")): null

11-12-2024T08:03:03 - [TEST_STEP][PASSED] - m = m.trim(): null

11-12-2024T08:03:03 - [TEST_STEP][PASSED] - dashboardName = "Выполнение бизнес-плана": null

11-12-2024T08:03:03 - [TEST_STEP][PASSED] - workbook01 = getWorkbook(excelFilePath): null

11-12-2024T08:03:03 - [TEST_STEP][PASSED] - sheet01 = getExcelSheet(workbook01, sheetName): null

11-12-2024T08:03:03 - [TEST_STEP][PASSED] - setValueToCellByIndex(sheet01, n, 0, dashboardName): null

11-12-2024T08:03:03 - [TEST_STEP][PASSED] - setValueToCellByIndex(sheet01, n, 1, dZO): null

11-12-2024T08:03:03 - [TEST_STEP][PASSED] - setValueToCellByIndex(sheet01, n, 2, typeOfData): null

11-12-2024T08:03:03 - [TEST_STEP][PASSED] - if (typeOfData == "Факт в процентах" || typeOfData == "План в процентах"): null

11-12-2024T08:03:03 - [TEST_STEP][PASSED] - setValueToCellByIndex(sheet01, n, 3, fileDouble): null

11-12-2024T08:03:03 - [TEST_STEP][PASSED] - setValueToCellByIndex(sheet01, n, 4, pageDouble): null

11-12-2024T08:03:03 - [TEST_STEP][PASSED] - setValueToCellByIndex(sheet01, n, 5, m): null

11-12-2024T08:03:03 - [TEST_STEP][PASSED] - setValueToCellByIndex(sheet01, n, 6, y): null

11-12-2024T08:03:03 - [TEST_STEP][PASSED] - setValueToCellByIndex(sheet01, n, 7, todaysDate): null

11-12-2024T08:03:03 - [TEST_STEP][PASSED] - n = n + 1: null

11-12-2024T08:03:03 - [TEST_STEP][PASSED] - saveWorkbook(excelFilePath, workbook01): null

11-12-2024T08:03:03 - [TEST_STEP][FAILED] - if (verifyEqual(numberOfErrors, 0) == false): null

11-12-2024T08:03:03 - [MESSAGE][FAILED] - Unable to verify equal between actual object '6' and expected object '0' (Root cause: com.kms.katalon.core.exception.StepFailedException: Actual object '6' and expected object '0' are not equal
	at com.kms.katalon.core.keyword.builtin.VerifyEqualKeyword$_verifyEqual_closure1.doCall(VerifyEqualKeyword.groovy:58)
	at com.kms.katalon.core.keyword.builtin.VerifyEqualKeyword$_verifyEqual_closure1.call(VerifyEqualKeyword.groovy)
	at com.kms.katalon.core.keyword.internal.KeywordMain.runKeyword(KeywordMain.groovy:75)
	at com.kms.katalon.core.keyword.builtin.VerifyEqualKeyword.verifyEqual(VerifyEqualKeyword.groovy:63)
	at com.kms.katalon.core.keyword.builtin.VerifyEqualKeyword.execute(VerifyEqualKeyword.groovy:44)
	at com.kms.katalon.core.keyword.internal.KeywordExecutor.executeKeywordForPlatform(KeywordExecutor.groovy:74)
	at com.kms.katalon.core.keyword.BuiltinKeywords.verifyEqual(BuiltinKeywords.groovy:146)
	at java.base/jdk.internal.reflect.NativeMethodAccessorImpl.invoke0(Native Method)
	at java.base/jdk.internal.reflect.NativeMethodAccessorImpl.invoke(NativeMethodAccessorImpl.java:77)
	at java.base/jdk.internal.reflect.DelegatingMethodAccessorImpl.invoke(DelegatingMethodAccessorImpl.java:43)
	at Выполнение бизнес-плана Сверка ПАО Россети все филиалы.Numbers(Выполнение бизнес-плана Сверка ПАО Россети все филиалы:752)
	at Выполнение бизнес-плана Сверка ПАО Россети все филиалы.Filials(Выполнение бизнес-плана Сверка ПАО Россети все филиалы:1135)
	at Выполнение бизнес-плана Сверка ПАО Россети все филиалы.Numbers(Выполнение бизнес-плана Сверка ПАО Россети все филиалы:757)
	at Выполнение бизнес-плана Сверка ПАО Россети все филиалы.run(Выполнение бизнес-плана Сверка ПАО Россети все филиалы:316)
	at com.kms.katalon.core.main.ScriptEngine.run(ScriptEngine.java:194)
	at com.kms.katalon.core.main.ScriptEngine.runScriptAsRawText(ScriptEngine.java:119)
	at com.kms.katalon.core.main.TestCaseExecutor.runScript(TestCaseExecutor.java:448)
	at com.kms.katalon.core.main.TestCaseExecutor.doExecute(TestCaseExecutor.java:439)
	at com.kms.katalon.core.main.TestCaseExecutor.processExecutionPhase(TestCaseExecutor.java:418)
	at com.kms.katalon.core.main.TestCaseExecutor.accessMainPhase(TestCaseExecutor.java:410)
	at com.kms.katalon.core.main.TestCaseExecutor.execute(TestCaseExecutor.java:285)
	at com.kms.katalon.core.common.CommonExecutor.accessTestCaseMainPhase(CommonExecutor.java:65)
	at com.kms.katalon.core.main.TestSuiteExecutor.accessTestSuiteMainPhase(TestSuiteExecutor.java:150)
	at com.kms.katalon.core.main.TestSuiteExecutor.execute(TestSuiteExecutor.java:106)
	at com.kms.katalon.core.main.TestCaseMain.startTestSuite(TestCaseMain.java:180)
	at TempTestSuite1733892825375.run(TempTestSuite1733892825375.groovy:35)
	at java.base/jdk.internal.reflect.NativeMethodAccessorImpl.invoke0(Native Method)
	at java.base/jdk.internal.reflect.NativeMethodAccessorImpl.invoke(NativeMethodAccessorImpl.java:77)
	at java.base/jdk.internal.reflect.DelegatingMethodAccessorImpl.invoke(DelegatingMethodAccessorImpl.java:43)
)

11-12-2024T08:03:03 - [TEST_STEP][PASSED] - println(numberOfErrors): null

11-12-2024T08:03:03 - [TEST_STEP][PASSED] - if (a == 28 || a == 77 || a == 74 || a == 65 || a == 36 || a == 44 || a == 54 || a == 1 || a == 18 || a == 59): null

11-12-2024T08:03:03 - [TEST_STEP][PASSED] - if (a == 82): null

11-12-2024T08:03:03 - [TEST_STEP][PASSED] - dZO = "Ставропольэнерго": null

11-12-2024T08:03:03 - [TEST_STEP][PASSED] - a = 69: null

11-12-2024T08:03:03 - [TEST_STEP][PASSED] - if (x2.contains(dZO)): null

11-12-2024T08:03:03 - [TEST_STEP][PASSED] - filialNum = filialNum + 1: null

11-12-2024T08:03:03 - [TEST_STEP][PASSED] - Script1718980020443.Numbers(a, typeOfData, todaysDate, pageInt, fileInt, pageDouble, fileDouble, dZO, dzoNum, filialNum): null

11-12-2024T08:03:03 - [TEST_STEP][PASSED] - println(dzoNum): null

11-12-2024T08:03:03 - [TEST_STEP][PASSED] - planFact = <not implemented yet for class: org.codehaus.groovy.ast.expr.EmptyExpression>: null

11-12-2024T08:03:03 - [TEST_STEP][PASSED] - page = <not implemented yet for class: org.codehaus.groovy.ast.expr.EmptyExpression>: null

11-12-2024T08:03:03 - [TEST_STEP][PASSED] - page1 = <not implemented yet for class: org.codehaus.groovy.ast.expr.EmptyExpression>: null

11-12-2024T08:03:03 - [TEST_STEP][PASSED] - page2 = <not implemented yet for class: org.codehaus.groovy.ast.expr.EmptyExpression>: null

11-12-2024T08:03:03 - [TEST_STEP][PASSED] - filialNumberInRow = <not implemented yet for class: org.codehaus.groovy.ast.expr.EmptyExpression>: null

11-12-2024T08:03:03 - [TEST_STEP][PASSED] - filialsDzoNames = <not implemented yet for class: org.codehaus.groovy.ast.expr.EmptyExpression>: null

11-12-2024T08:03:03 - [TEST_STEP][PASSED] - numberOfFilials = <not implemented yet for class: org.codehaus.groovy.ast.expr.EmptyExpression>: null

11-12-2024T08:03:03 - [TEST_STEP][PASSED] - numberOfSpaces = <not implemented yet for class: org.codehaus.groovy.ast.expr.EmptyExpression>: null

11-12-2024T08:03:03 - [TEST_STEP][PASSED] - file = <not implemented yet for class: org.codehaus.groovy.ast.expr.EmptyExpression>: null

11-12-2024T08:03:03 - [TEST_STEP][PASSED] - otpusk = <not implemented yet for class: org.codehaus.groovy.ast.expr.EmptyExpression>: null

11-12-2024T08:03:03 - [TEST_STEP][PASSED] - poteri = <not implemented yet for class: org.codehaus.groovy.ast.expr.EmptyExpression>: null

11-12-2024T08:03:03 - [TEST_STEP][PASSED] - dataFolder = "Выполнение бизнес-плана/Значения со страницы Выполнение бизнес-плана/": null

11-12-2024T08:03:03 - [TEST_STEP][PASSED] - path = <not implemented yet for class: org.codehaus.groovy.ast.expr.EmptyExpression>: null

11-12-2024T08:03:03 - [TEST_STEP][PASSED] - typeOfDataMain = <not implemented yet for class: org.codehaus.groovy.ast.expr.EmptyExpression>: null

11-12-2024T08:03:03 - [TEST_STEP][PASSED] - fileOtpuskVSet = <not implemented yet for class: org.codehaus.groovy.ast.expr.EmptyExpression>: null

11-12-2024T08:03:03 - [TEST_STEP][PASSED] - pageOtpuskVSet = <not implemented yet for class: org.codehaus.groovy.ast.expr.EmptyExpression>: null

11-12-2024T08:03:03 - [TEST_STEP][PASSED] - filePoteri = <not implemented yet for class: org.codehaus.groovy.ast.expr.EmptyExpression>: null

11-12-2024T08:03:03 - [TEST_STEP][PASSED] - pagePoteri = <not implemented yet for class: org.codehaus.groovy.ast.expr.EmptyExpression>: null

11-12-2024T08:03:03 - [TEST_STEP][PASSED] - compare = <not implemented yet for class: org.codehaus.groovy.ast.expr.EmptyExpression>: null

11-12-2024T08:03:03 - [TEST_STEP][PASSED] - b = <not implemented yet for class: org.codehaus.groovy.ast.expr.EmptyExpression>: null

11-12-2024T08:03:03 - [TEST_STEP][PASSED] - i = <not implemented yet for class: org.codehaus.groovy.ast.expr.EmptyExpression>: null

11-12-2024T08:03:03 - [TEST_STEP][PASSED] - ii = <not implemented yet for class: org.codehaus.groovy.ast.expr.EmptyExpression>: null

11-12-2024T08:03:03 - [TEST_STEP][PASSED] - c = <not implemented yet for class: org.codehaus.groovy.ast.expr.EmptyExpression>: null

11-12-2024T08:03:03 - [TEST_STEP][PASSED] - numberOfErrors = 0: null

11-12-2024T08:03:03 - [TEST_STEP][PASSED] - if (a == 82): null

11-12-2024T08:03:03 - [TEST_STEP][PASSED] - b = findTestData("PlanFact").getValue(1, a): null

11-12-2024T08:03:03 - [TEST_STEP][PASSED] - i = b.indexOf(" (ГК)"): null

11-12-2024T08:03:03 - [TEST_STEP][PASSED] - if (i > -1): null

11-12-2024T08:03:03 - [TEST_STEP][PASSED] - i = b.indexOf("О ""): null

11-12-2024T08:03:03 - [TEST_STEP][PASSED] - if (i > -1): null

11-12-2024T08:03:03 - [TEST_STEP][PASSED] - i = b.indexOf("О «"): null

11-12-2024T08:03:03 - [TEST_STEP][PASSED] - if (i > -1): null

11-12-2024T08:03:03 - [TEST_STEP][PASSED] - i = b.indexOf("г. "): null

11-12-2024T08:03:03 - [TEST_STEP][PASSED] - if (i > -1): null

11-12-2024T08:03:03 - [TEST_STEP][PASSED] - println(b): null

11-12-2024T08:03:03 - [TEST_STEP][PASSED] - for ([planFact = 1, planFact < 3, (planFact++)]): null

11-12-2024T08:03:03 - [TEST_STEP][PASSED] - if (planFact == 1): null

11-12-2024T08:03:03 - [TEST_STEP][PASSED] - typeOfDataMain = "Факт": null

11-12-2024T08:03:03 - [TEST_STEP][PASSED] - otpusk = findTestData("PlanFact").getValue(5, a): null

11-12-2024T08:03:03 - [TEST_STEP][PASSED] - poteri = findTestData("PlanFact").getValue(6, a): null

11-12-2024T08:03:03 - [TEST_STEP][PASSED] - otpusk = otpusk.replaceAll("\s+", ""): null

11-12-2024T08:03:03 - [TEST_STEP][PASSED] - poteri = poteri.replaceAll("\s+", ""): null

11-12-2024T08:03:03 - [TEST_STEP][PASSED] - typeOfData = typeOfDataMain + " Отпуск в сеть": null

11-12-2024T08:03:03 - [TEST_STEP][PASSED] - if (a == 82): null

11-12-2024T08:03:03 - [TEST_STEP][PASSED] - else if (a == 84): null

11-12-2024T08:03:03 - [TEST_STEP][PASSED] - else if (a == 52 || a == 72 || a == 28 || a == 73 || a == 77 || a == 74 || a == 65 || a == 36 || a == 44 || a == 53 || a == 80 || a == 54 || a == 1 || a == 18 || a == 59 || a == 81): null

11-12-2024T08:03:03 - [TEST_STEP][PASSED] - else: null

11-12-2024T08:03:03 - [TEST_STEP][PASSED] - path = dataFolder + typeOfData + " за отчётный период " + b: null

11-12-2024T08:03:03 - [TEST_STEP][PASSED] - println(path): null

11-12-2024T08:03:03 - [TEST_STEP][PASSED] - page = getText(findTestObject(path)): Text of object 'Object Repository/Выполнение бизнес-плана/Значения со страницы Выполнение бизнес-плана/Факт Отпуск в сеть за отчётный период Ставропольэнерго' is: '6 256 622'

11-12-2024T08:03:04 - [MESSAGE][PASSED] - Text of object 'Object Repository/Выполнение бизнес-плана/Значения со страницы Выполнение бизнес-плана/Факт Отпуск в сеть за отчётный период Ставропольэнерго' is: '6 256 622'

11-12-2024T08:03:04 - [TEST_STEP][PASSED] - page = page.replaceAll("\s+", ""): null

11-12-2024T08:03:04 - [TEST_STEP][PASSED] - fileOtpuskVSet = otpusk.toInteger(): null

11-12-2024T08:03:04 - [TEST_STEP][PASSED] - pageOtpuskVSet = page.toInteger(): null

11-12-2024T08:03:04 - [TEST_STEP][PASSED] - typeOfData = typeOfDataMain + " Потери": null

11-12-2024T08:03:04 - [TEST_STEP][PASSED] - if (a == 82): null

11-12-2024T08:03:04 - [TEST_STEP][PASSED] - else if (a == 84): null

11-12-2024T08:03:04 - [TEST_STEP][PASSED] - else if (a == 52 || a == 72 || a == 28 || a == 73 || a == 77 || a == 74 || a == 65 || a == 36 || a == 44 || a == 53 || a == 80 || a == 54 || a == 1 || a == 18 || a == 59 || a == 81): null

11-12-2024T08:03:04 - [TEST_STEP][PASSED] - else: null

11-12-2024T08:03:04 - [TEST_STEP][PASSED] - path = dataFolder + typeOfData + " за отчётный период " + b: null

11-12-2024T08:03:04 - [TEST_STEP][PASSED] - page = getText(findTestObject(path)): Text of object 'Object Repository/Выполнение бизнес-плана/Значения со страницы Выполнение бизнес-плана/Факт Потери за отчётный период Ставропольэнерго' is: '526 379'

11-12-2024T08:03:04 - [MESSAGE][PASSED] - Text of object 'Object Repository/Выполнение бизнес-плана/Значения со страницы Выполнение бизнес-плана/Факт Потери за отчётный период Ставропольэнерго' is: '526 379'

11-12-2024T08:03:04 - [TEST_STEP][PASSED] - page = page.replaceAll("\s+", ""): null

11-12-2024T08:03:04 - [TEST_STEP][PASSED] - filePoteri = poteri.toInteger(): null

11-12-2024T08:03:04 - [TEST_STEP][PASSED] - pagePoteri = page.toInteger(): null

11-12-2024T08:03:04 - [TEST_STEP][PASSED] - compare = pageOtpuskVSet: null

11-12-2024T08:03:04 - [TEST_STEP][PASSED] - if (compare == fileOtpuskVSet): null

11-12-2024T08:03:04 - [TEST_STEP][PASSED] - else if (compare > fileOtpuskVSet): null

11-12-2024T08:03:04 - [TEST_STEP][PASSED] - else if (compare < fileOtpuskVSet): null

11-12-2024T08:03:04 - [TEST_STEP][PASSED] - compare = compare + 1: null

11-12-2024T08:03:04 - [TEST_STEP][PASSED] - if (compare == fileOtpuskVSet): null

11-12-2024T08:03:04 - [TEST_STEP][PASSED] - else: null

11-12-2024T08:03:04 - [TEST_STEP][PASSED] - numberOfErrors = numberOfErrors + 1: null

11-12-2024T08:03:04 - [TEST_STEP][PASSED] - pageInt = pageOtpuskVSet: null

11-12-2024T08:03:04 - [TEST_STEP][PASSED] - fileInt = fileOtpuskVSet: null

11-12-2024T08:03:04 - [TEST_STEP][PASSED] - typeOfData = typeOfDataMain + " Отпуск в сеть": null

11-12-2024T08:03:04 - [TEST_STEP][PASSED] - Script1718980020443.WriteToExcel(a, typeOfData, todaysDate, pageInt, fileInt, pageDouble, fileDouble, dZO): null

11-12-2024T08:03:04 - [TEST_STEP][PASSED] - sheetName = "Sheet1": null

11-12-2024T08:03:04 - [TEST_STEP][PASSED] - data = findTestData("PlanFact"): null

11-12-2024T08:03:04 - [TEST_STEP][PASSED] - n = data.getRowNumbers() + 1: null

11-12-2024T08:03:04 - [TEST_STEP][PASSED] - year = todaysDate.substring(todaysDate.length() - 4, todaysDate.length()): null

11-12-2024T08:03:04 - [TEST_STEP][PASSED] - y = year.toInteger(): null

11-12-2024T08:03:04 - [TEST_STEP][PASSED] - m = getText(findTestObject("Выполнение бизнес-плана/Период")): Text of object 'Object Repository/Выполнение бизнес-плана/Период' is: '1, 2, 3 кв., Октябрь 2024 года'

11-12-2024T08:03:04 - [MESSAGE][PASSED] - Text of object 'Object Repository/Выполнение бизнес-плана/Период' is: '1, 2, 3 кв., Октябрь 2024 года'

11-12-2024T08:03:04 - [TEST_STEP][PASSED] - m = m.substring(0, m.indexOf("2024")): null

11-12-2024T08:03:04 - [TEST_STEP][PASSED] - m = m.trim(): null

11-12-2024T08:03:04 - [TEST_STEP][PASSED] - dashboardName = "Выполнение бизнес-плана": null

11-12-2024T08:03:04 - [TEST_STEP][PASSED] - workbook01 = getWorkbook(excelFilePath): null

11-12-2024T08:03:04 - [TEST_STEP][PASSED] - sheet01 = getExcelSheet(workbook01, sheetName): null

11-12-2024T08:03:04 - [TEST_STEP][PASSED] - setValueToCellByIndex(sheet01, n, 0, dashboardName): null

11-12-2024T08:03:04 - [TEST_STEP][PASSED] - setValueToCellByIndex(sheet01, n, 1, dZO): null

11-12-2024T08:03:04 - [TEST_STEP][PASSED] - setValueToCellByIndex(sheet01, n, 2, typeOfData): null

11-12-2024T08:03:04 - [TEST_STEP][PASSED] - if (typeOfData == "Факт в процентах" || typeOfData == "План в процентах"): null

11-12-2024T08:03:04 - [TEST_STEP][PASSED] - else: null

11-12-2024T08:03:04 - [TEST_STEP][PASSED] - setValueToCellByIndex(sheet01, n, 3, fileInt): null

11-12-2024T08:03:04 - [TEST_STEP][PASSED] - setValueToCellByIndex(sheet01, n, 4, pageInt): null

11-12-2024T08:03:04 - [TEST_STEP][PASSED] - setValueToCellByIndex(sheet01, n, 5, m): null

11-12-2024T08:03:04 - [TEST_STEP][PASSED] - setValueToCellByIndex(sheet01, n, 6, y): null

11-12-2024T08:03:04 - [TEST_STEP][PASSED] - setValueToCellByIndex(sheet01, n, 7, todaysDate): null

11-12-2024T08:03:04 - [TEST_STEP][PASSED] - n = n + 1: null

11-12-2024T08:03:04 - [TEST_STEP][PASSED] - saveWorkbook(excelFilePath, workbook01): null

11-12-2024T08:03:05 - [TEST_STEP][PASSED] - compare = pagePoteri: null

11-12-2024T08:03:05 - [TEST_STEP][PASSED] - if (compare == filePoteri): null

11-12-2024T08:03:05 - [TEST_STEP][PASSED] - else if (compare > filePoteri): null

11-12-2024T08:03:05 - [TEST_STEP][PASSED] - else if (compare < filePoteri): null

11-12-2024T08:03:05 - [TEST_STEP][PASSED] - compare = compare + 1: null

11-12-2024T08:03:05 - [TEST_STEP][PASSED] - if (compare == filePoteri): null

11-12-2024T08:03:05 - [TEST_STEP][PASSED] - else: null

11-12-2024T08:03:05 - [TEST_STEP][PASSED] - numberOfErrors = numberOfErrors + 1: null

11-12-2024T08:03:05 - [TEST_STEP][PASSED] - pageInt = pagePoteri: null

11-12-2024T08:03:05 - [TEST_STEP][PASSED] - fileInt = filePoteri: null

11-12-2024T08:03:05 - [TEST_STEP][PASSED] - typeOfData = typeOfDataMain + " Потери": null

11-12-2024T08:03:05 - [TEST_STEP][PASSED] - Script1718980020443.WriteToExcel(a, typeOfData, todaysDate, pageInt, fileInt, pageDouble, fileDouble, dZO): null

11-12-2024T08:03:05 - [TEST_STEP][PASSED] - sheetName = "Sheet1": null

11-12-2024T08:03:05 - [TEST_STEP][PASSED] - data = findTestData("PlanFact"): null

11-12-2024T08:03:05 - [TEST_STEP][PASSED] - n = data.getRowNumbers() + 1: null

11-12-2024T08:03:05 - [TEST_STEP][PASSED] - year = todaysDate.substring(todaysDate.length() - 4, todaysDate.length()): null

11-12-2024T08:03:05 - [TEST_STEP][PASSED] - y = year.toInteger(): null

11-12-2024T08:03:05 - [TEST_STEP][PASSED] - m = getText(findTestObject("Выполнение бизнес-плана/Период")): Text of object 'Object Repository/Выполнение бизнес-плана/Период' is: '1, 2, 3 кв., Октябрь 2024 года'

11-12-2024T08:03:05 - [MESSAGE][PASSED] - Text of object 'Object Repository/Выполнение бизнес-плана/Период' is: '1, 2, 3 кв., Октябрь 2024 года'

11-12-2024T08:03:05 - [TEST_STEP][PASSED] - m = m.substring(0, m.indexOf("2024")): null

11-12-2024T08:03:05 - [TEST_STEP][PASSED] - m = m.trim(): null

11-12-2024T08:03:05 - [TEST_STEP][PASSED] - dashboardName = "Выполнение бизнес-плана": null

11-12-2024T08:03:05 - [TEST_STEP][PASSED] - workbook01 = getWorkbook(excelFilePath): null

11-12-2024T08:03:05 - [TEST_STEP][PASSED] - sheet01 = getExcelSheet(workbook01, sheetName): null

11-12-2024T08:03:05 - [TEST_STEP][PASSED] - setValueToCellByIndex(sheet01, n, 0, dashboardName): null

11-12-2024T08:03:05 - [TEST_STEP][PASSED] - setValueToCellByIndex(sheet01, n, 1, dZO): null

11-12-2024T08:03:05 - [TEST_STEP][PASSED] - setValueToCellByIndex(sheet01, n, 2, typeOfData): null

11-12-2024T08:03:05 - [TEST_STEP][PASSED] - if (typeOfData == "Факт в процентах" || typeOfData == "План в процентах"): null

11-12-2024T08:03:05 - [TEST_STEP][PASSED] - else: null

11-12-2024T08:03:05 - [TEST_STEP][PASSED] - setValueToCellByIndex(sheet01, n, 3, fileInt): null

11-12-2024T08:03:05 - [TEST_STEP][PASSED] - setValueToCellByIndex(sheet01, n, 4, pageInt): null

11-12-2024T08:03:05 - [TEST_STEP][PASSED] - setValueToCellByIndex(sheet01, n, 5, m): null

11-12-2024T08:03:05 - [TEST_STEP][PASSED] - setValueToCellByIndex(sheet01, n, 6, y): null

11-12-2024T08:03:05 - [TEST_STEP][PASSED] - setValueToCellByIndex(sheet01, n, 7, todaysDate): null

11-12-2024T08:03:05 - [TEST_STEP][PASSED] - n = n + 1: null

11-12-2024T08:03:05 - [TEST_STEP][PASSED] - saveWorkbook(excelFilePath, workbook01): null

11-12-2024T08:03:06 - [TEST_STEP][PASSED] - if (planFact == 2): null

11-12-2024T08:03:06 - [TEST_STEP][PASSED] - if (planFact == 1): null

11-12-2024T08:03:06 - [TEST_STEP][PASSED] - else if (planFact == 2): null

11-12-2024T08:03:06 - [TEST_STEP][PASSED] - click(findTestObject("Выполнение бизнес-плана/Кнопка План")): Object: 'Object Repository/Выполнение бизнес-плана/Кнопка План' is clicked on

11-12-2024T08:03:06 - [MESSAGE][PASSED] - Object: 'Object Repository/Выполнение бизнес-плана/Кнопка План' is clicked on

11-12-2024T08:03:06 - [TEST_STEP][PASSED] - typeOfDataMain = "План": null

11-12-2024T08:03:06 - [TEST_STEP][PASSED] - otpusk = findTestData("PlanFact").getValue(2, a): null

11-12-2024T08:03:06 - [TEST_STEP][PASSED] - poteri = findTestData("PlanFact").getValue(3, a): null

11-12-2024T08:03:06 - [TEST_STEP][PASSED] - otpusk = otpusk.replaceAll("\s+", ""): null

11-12-2024T08:03:06 - [TEST_STEP][PASSED] - poteri = poteri.replaceAll("\s+", ""): null

11-12-2024T08:03:06 - [TEST_STEP][PASSED] - typeOfData = typeOfDataMain + " Отпуск в сеть": null

11-12-2024T08:03:06 - [TEST_STEP][PASSED] - if (a == 82): null

11-12-2024T08:03:06 - [TEST_STEP][PASSED] - else if (a == 84): null

11-12-2024T08:03:06 - [TEST_STEP][PASSED] - else if (a == 52 || a == 72 || a == 28 || a == 73 || a == 77 || a == 74 || a == 65 || a == 36 || a == 44 || a == 53 || a == 80 || a == 54 || a == 1 || a == 18 || a == 59 || a == 81): null

11-12-2024T08:03:06 - [TEST_STEP][PASSED] - else: null

11-12-2024T08:03:06 - [TEST_STEP][PASSED] - path = dataFolder + typeOfData + " за отчётный период " + b: null

11-12-2024T08:03:06 - [TEST_STEP][PASSED] - println(path): null

11-12-2024T08:03:06 - [TEST_STEP][PASSED] - page = getText(findTestObject(path)): Text of object 'Object Repository/Выполнение бизнес-плана/Значения со страницы Выполнение бизнес-плана/План Отпуск в сеть за отчётный период Ставропольэнерго' is: '5 926 135'

11-12-2024T08:03:06 - [MESSAGE][PASSED] - Text of object 'Object Repository/Выполнение бизнес-плана/Значения со страницы Выполнение бизнес-плана/План Отпуск в сеть за отчётный период Ставропольэнерго' is: '5 926 135'

11-12-2024T08:03:06 - [TEST_STEP][PASSED] - page = page.replaceAll("\s+", ""): null

11-12-2024T08:03:06 - [TEST_STEP][PASSED] - fileOtpuskVSet = otpusk.toInteger(): null

11-12-2024T08:03:06 - [TEST_STEP][PASSED] - pageOtpuskVSet = page.toInteger(): null

11-12-2024T08:03:06 - [TEST_STEP][PASSED] - typeOfData = typeOfDataMain + " Потери": null

11-12-2024T08:03:06 - [TEST_STEP][PASSED] - if (a == 82): null

11-12-2024T08:03:06 - [TEST_STEP][PASSED] - else if (a == 84): null

11-12-2024T08:03:06 - [TEST_STEP][PASSED] - else if (a == 52 || a == 72 || a == 28 || a == 73 || a == 77 || a == 74 || a == 65 || a == 36 || a == 44 || a == 53 || a == 80 || a == 54 || a == 1 || a == 18 || a == 59 || a == 81): null

11-12-2024T08:03:06 - [TEST_STEP][PASSED] - else: null

11-12-2024T08:03:06 - [TEST_STEP][PASSED] - path = dataFolder + typeOfData + " за отчётный период " + b: null

11-12-2024T08:03:06 - [TEST_STEP][PASSED] - page = getText(findTestObject(path)): Text of object 'Object Repository/Выполнение бизнес-плана/Значения со страницы Выполнение бизнес-плана/План Потери за отчётный период Ставропольэнерго' is: '497 688'

11-12-2024T08:03:07 - [MESSAGE][PASSED] - Text of object 'Object Repository/Выполнение бизнес-плана/Значения со страницы Выполнение бизнес-плана/План Потери за отчётный период Ставропольэнерго' is: '497 688'

11-12-2024T08:03:07 - [TEST_STEP][PASSED] - page = page.replaceAll("\s+", ""): null

11-12-2024T08:03:07 - [TEST_STEP][PASSED] - filePoteri = poteri.toInteger(): null

11-12-2024T08:03:07 - [TEST_STEP][PASSED] - pagePoteri = page.toInteger(): null

11-12-2024T08:03:07 - [TEST_STEP][PASSED] - compare = pageOtpuskVSet: null

11-12-2024T08:03:07 - [TEST_STEP][PASSED] - if (compare == fileOtpuskVSet): null

11-12-2024T08:03:07 - [TEST_STEP][PASSED] - else if (compare > fileOtpuskVSet): null

11-12-2024T08:03:07 - [TEST_STEP][PASSED] - else if (compare < fileOtpuskVSet): null

11-12-2024T08:03:07 - [TEST_STEP][PASSED] - compare = compare + 1: null

11-12-2024T08:03:07 - [TEST_STEP][PASSED] - if (compare == fileOtpuskVSet): null

11-12-2024T08:03:07 - [TEST_STEP][PASSED] - else: null

11-12-2024T08:03:07 - [TEST_STEP][PASSED] - numberOfErrors = numberOfErrors + 1: null

11-12-2024T08:03:07 - [TEST_STEP][PASSED] - pageInt = pageOtpuskVSet: null

11-12-2024T08:03:07 - [TEST_STEP][PASSED] - fileInt = fileOtpuskVSet: null

11-12-2024T08:03:07 - [TEST_STEP][PASSED] - typeOfData = typeOfDataMain + " Отпуск в сеть": null

11-12-2024T08:03:07 - [TEST_STEP][PASSED] - Script1718980020443.WriteToExcel(a, typeOfData, todaysDate, pageInt, fileInt, pageDouble, fileDouble, dZO): null

11-12-2024T08:03:07 - [TEST_STEP][PASSED] - sheetName = "Sheet1": null

11-12-2024T08:03:07 - [TEST_STEP][PASSED] - data = findTestData("PlanFact"): null

11-12-2024T08:03:07 - [TEST_STEP][PASSED] - n = data.getRowNumbers() + 1: null

11-12-2024T08:03:07 - [TEST_STEP][PASSED] - year = todaysDate.substring(todaysDate.length() - 4, todaysDate.length()): null

11-12-2024T08:03:07 - [TEST_STEP][PASSED] - y = year.toInteger(): null

11-12-2024T08:03:07 - [TEST_STEP][PASSED] - m = getText(findTestObject("Выполнение бизнес-плана/Период")): Text of object 'Object Repository/Выполнение бизнес-плана/Период' is: '1, 2, 3 кв., Октябрь 2024 года'

11-12-2024T08:03:07 - [MESSAGE][PASSED] - Text of object 'Object Repository/Выполнение бизнес-плана/Период' is: '1, 2, 3 кв., Октябрь 2024 года'

11-12-2024T08:03:07 - [TEST_STEP][PASSED] - m = m.substring(0, m.indexOf("2024")): null

11-12-2024T08:03:07 - [TEST_STEP][PASSED] - m = m.trim(): null

11-12-2024T08:03:07 - [TEST_STEP][PASSED] - dashboardName = "Выполнение бизнес-плана": null

11-12-2024T08:03:07 - [TEST_STEP][PASSED] - workbook01 = getWorkbook(excelFilePath): null

11-12-2024T08:03:07 - [TEST_STEP][PASSED] - sheet01 = getExcelSheet(workbook01, sheetName): null

11-12-2024T08:03:07 - [TEST_STEP][PASSED] - setValueToCellByIndex(sheet01, n, 0, dashboardName): null

11-12-2024T08:03:07 - [TEST_STEP][PASSED] - setValueToCellByIndex(sheet01, n, 1, dZO): null

11-12-2024T08:03:07 - [TEST_STEP][PASSED] - setValueToCellByIndex(sheet01, n, 2, typeOfData): null

11-12-2024T08:03:07 - [TEST_STEP][PASSED] - if (typeOfData == "Факт в процентах" || typeOfData == "План в процентах"): null

11-12-2024T08:03:07 - [TEST_STEP][PASSED] - else: null

11-12-2024T08:03:07 - [TEST_STEP][PASSED] - setValueToCellByIndex(sheet01, n, 3, fileInt): null

11-12-2024T08:03:07 - [TEST_STEP][PASSED] - setValueToCellByIndex(sheet01, n, 4, pageInt): null

11-12-2024T08:03:07 - [TEST_STEP][PASSED] - setValueToCellByIndex(sheet01, n, 5, m): null

11-12-2024T08:03:07 - [TEST_STEP][PASSED] - setValueToCellByIndex(sheet01, n, 6, y): null

11-12-2024T08:03:07 - [TEST_STEP][PASSED] - setValueToCellByIndex(sheet01, n, 7, todaysDate): null

11-12-2024T08:03:07 - [TEST_STEP][PASSED] - n = n + 1: null

11-12-2024T08:03:07 - [TEST_STEP][PASSED] - saveWorkbook(excelFilePath, workbook01): null

11-12-2024T08:03:08 - [TEST_STEP][PASSED] - compare = pagePoteri: null

11-12-2024T08:03:08 - [TEST_STEP][PASSED] - if (compare == filePoteri): null

11-12-2024T08:03:08 - [TEST_STEP][PASSED] - else if (compare > filePoteri): null

11-12-2024T08:03:08 - [TEST_STEP][PASSED] - else if (compare < filePoteri): null

11-12-2024T08:03:08 - [TEST_STEP][PASSED] - compare = compare + 1: null

11-12-2024T08:03:08 - [TEST_STEP][PASSED] - if (compare == filePoteri): null

11-12-2024T08:03:08 - [TEST_STEP][PASSED] - else: null

11-12-2024T08:03:08 - [TEST_STEP][PASSED] - numberOfErrors = numberOfErrors + 1: null

11-12-2024T08:03:08 - [TEST_STEP][PASSED] - pageInt = pagePoteri: null

11-12-2024T08:03:08 - [TEST_STEP][PASSED] - fileInt = filePoteri: null

11-12-2024T08:03:08 - [TEST_STEP][PASSED] - typeOfData = typeOfDataMain + " Потери": null

11-12-2024T08:03:08 - [TEST_STEP][PASSED] - Script1718980020443.WriteToExcel(a, typeOfData, todaysDate, pageInt, fileInt, pageDouble, fileDouble, dZO): null

11-12-2024T08:03:08 - [TEST_STEP][PASSED] - sheetName = "Sheet1": null

11-12-2024T08:03:08 - [TEST_STEP][PASSED] - data = findTestData("PlanFact"): null

11-12-2024T08:03:08 - [TEST_STEP][PASSED] - n = data.getRowNumbers() + 1: null

11-12-2024T08:03:08 - [TEST_STEP][PASSED] - year = todaysDate.substring(todaysDate.length() - 4, todaysDate.length()): null

11-12-2024T08:03:08 - [TEST_STEP][PASSED] - y = year.toInteger(): null

11-12-2024T08:03:08 - [TEST_STEP][PASSED] - m = getText(findTestObject("Выполнение бизнес-плана/Период")): Text of object 'Object Repository/Выполнение бизнес-плана/Период' is: '1, 2, 3 кв., Октябрь 2024 года'

11-12-2024T08:03:08 - [MESSAGE][PASSED] - Text of object 'Object Repository/Выполнение бизнес-плана/Период' is: '1, 2, 3 кв., Октябрь 2024 года'

11-12-2024T08:03:08 - [TEST_STEP][PASSED] - m = m.substring(0, m.indexOf("2024")): null

11-12-2024T08:03:08 - [TEST_STEP][PASSED] - m = m.trim(): null

11-12-2024T08:03:08 - [TEST_STEP][PASSED] - dashboardName = "Выполнение бизнес-плана": null

11-12-2024T08:03:08 - [TEST_STEP][PASSED] - workbook01 = getWorkbook(excelFilePath): null

11-12-2024T08:03:08 - [TEST_STEP][PASSED] - sheet01 = getExcelSheet(workbook01, sheetName): null

11-12-2024T08:03:08 - [TEST_STEP][PASSED] - setValueToCellByIndex(sheet01, n, 0, dashboardName): null

11-12-2024T08:03:08 - [TEST_STEP][PASSED] - setValueToCellByIndex(sheet01, n, 1, dZO): null

11-12-2024T08:03:08 - [TEST_STEP][PASSED] - setValueToCellByIndex(sheet01, n, 2, typeOfData): null

11-12-2024T08:03:08 - [TEST_STEP][PASSED] - if (typeOfData == "Факт в процентах" || typeOfData == "План в процентах"): null

11-12-2024T08:03:08 - [TEST_STEP][PASSED] - else: null

11-12-2024T08:03:08 - [TEST_STEP][PASSED] - setValueToCellByIndex(sheet01, n, 3, fileInt): null

11-12-2024T08:03:08 - [TEST_STEP][PASSED] - setValueToCellByIndex(sheet01, n, 4, pageInt): null

11-12-2024T08:03:08 - [TEST_STEP][PASSED] - setValueToCellByIndex(sheet01, n, 5, m): null

11-12-2024T08:03:08 - [TEST_STEP][PASSED] - setValueToCellByIndex(sheet01, n, 6, y): null

11-12-2024T08:03:08 - [TEST_STEP][PASSED] - setValueToCellByIndex(sheet01, n, 7, todaysDate): null

11-12-2024T08:03:08 - [TEST_STEP][PASSED] - n = n + 1: null

11-12-2024T08:03:08 - [TEST_STEP][PASSED] - saveWorkbook(excelFilePath, workbook01): Object: 'Object Repository/Выполнение бизнес-плана/Кнопка Факт' is clicked on

11-12-2024T08:03:08 - [TEST_STEP][PASSED] - if (planFact == 2): Object: 'Object Repository/Выполнение бизнес-плана/Кнопка Факт' is clicked on

11-12-2024T08:03:08 - [TEST_STEP][PASSED] - click(findTestObject("Выполнение бизнес-плана/Кнопка Факт")): Object: 'Object Repository/Выполнение бизнес-плана/Кнопка Факт' is clicked on

11-12-2024T08:03:09 - [MESSAGE][PASSED] - Object: 'Object Repository/Выполнение бизнес-плана/Кнопка Факт' is clicked on

11-12-2024T08:03:09 - [TEST_STEP][PASSED] - if (a == 84 || a == 82): null

11-12-2024T08:03:09 - [TEST_STEP][PASSED] - else if (a == 52 || a == 72 || a == 28 || a == 73 || a == 77 || a == 74 || a == 65 || a == 36 || a == 44 || a == 53 || a == 80 || a == 54 || a == 1 || a == 18 || a == 59 || a == 81): null

11-12-2024T08:03:09 - [TEST_STEP][PASSED] - else: null

11-12-2024T08:03:09 - [TEST_STEP][PASSED] - page1 = getText(findTestObject("Object Repository/Выполнение бизнес-плана/spanPlan" + filialNum)): Text of object 'Object Repository/Выполнение бизнес-плана/spanPlan6' is: '8.40
|'

11-12-2024T08:03:09 - [MESSAGE][PASSED] - Text of object 'Object Repository/Выполнение бизнес-плана/spanPlan6' is: '8.40
|'

11-12-2024T08:03:09 - [TEST_STEP][PASSED] - page1 = page1.replace("|", ""): null

11-12-2024T08:03:09 - [TEST_STEP][PASSED] - page2 = getText(findTestObject("Object Repository/Выполнение бизнес-плана/spanFact" + filialNum)): Text of object 'Object Repository/Выполнение бизнес-плана/spanFact6' is: '8.41
|'

11-12-2024T08:03:10 - [MESSAGE][PASSED] - Text of object 'Object Repository/Выполнение бизнес-плана/spanFact6' is: '8.41
|'

11-12-2024T08:03:10 - [TEST_STEP][PASSED] - page2 = page2.replace("|", ""): null

11-12-2024T08:03:10 - [TEST_STEP][PASSED] - println("page1: " + page1): null

11-12-2024T08:03:10 - [TEST_STEP][PASSED] - println("page2: " + page2): null

11-12-2024T08:03:10 - [TEST_STEP][PASSED] - file = findTestData("PlanFact").getValue(4, a): null

11-12-2024T08:03:10 - [TEST_STEP][PASSED] - file = file.replace(",", "."): null

11-12-2024T08:03:10 - [TEST_STEP][PASSED] - println("file Plan: " + file): null

11-12-2024T08:03:10 - [TEST_STEP][PASSED] - typeOfData = "План в процентах": null

11-12-2024T08:03:10 - [TEST_STEP][PASSED] - fileDouble = file.toDouble(): null

11-12-2024T08:03:10 - [TEST_STEP][PASSED] - pageDouble = page1.toDouble(): null

11-12-2024T08:03:10 - [TEST_STEP][PASSED] - if (fileDouble != pageDouble): null

11-12-2024T08:03:10 - [TEST_STEP][PASSED] - numberOfErrors = numberOfErrors + 1: null

11-12-2024T08:03:10 - [TEST_STEP][PASSED] - Script1718980020443.WriteToExcel(a, typeOfData, todaysDate, pageInt, fileInt, pageDouble, fileDouble, dZO): null

11-12-2024T08:03:10 - [TEST_STEP][PASSED] - sheetName = "Sheet1": null

11-12-2024T08:03:10 - [TEST_STEP][PASSED] - data = findTestData("PlanFact"): null

11-12-2024T08:03:10 - [TEST_STEP][PASSED] - n = data.getRowNumbers() + 1: null

11-12-2024T08:03:10 - [TEST_STEP][PASSED] - year = todaysDate.substring(todaysDate.length() - 4, todaysDate.length()): null

11-12-2024T08:03:10 - [TEST_STEP][PASSED] - y = year.toInteger(): null

11-12-2024T08:03:10 - [TEST_STEP][PASSED] - m = getText(findTestObject("Выполнение бизнес-плана/Период")): Text of object 'Object Repository/Выполнение бизнес-плана/Период' is: '1, 2, 3 кв., Октябрь 2024 года'

11-12-2024T08:03:10 - [MESSAGE][PASSED] - Text of object 'Object Repository/Выполнение бизнес-плана/Период' is: '1, 2, 3 кв., Октябрь 2024 года'

11-12-2024T08:03:10 - [TEST_STEP][PASSED] - m = m.substring(0, m.indexOf("2024")): null

11-12-2024T08:03:10 - [TEST_STEP][PASSED] - m = m.trim(): null

11-12-2024T08:03:10 - [TEST_STEP][PASSED] - dashboardName = "Выполнение бизнес-плана": null

11-12-2024T08:03:10 - [TEST_STEP][PASSED] - workbook01 = getWorkbook(excelFilePath): null

11-12-2024T08:03:10 - [TEST_STEP][PASSED] - sheet01 = getExcelSheet(workbook01, sheetName): null

11-12-2024T08:03:10 - [TEST_STEP][PASSED] - setValueToCellByIndex(sheet01, n, 0, dashboardName): null

11-12-2024T08:03:10 - [TEST_STEP][PASSED] - setValueToCellByIndex(sheet01, n, 1, dZO): null

11-12-2024T08:03:10 - [TEST_STEP][PASSED] - setValueToCellByIndex(sheet01, n, 2, typeOfData): null

11-12-2024T08:03:10 - [TEST_STEP][PASSED] - if (typeOfData == "Факт в процентах" || typeOfData == "План в процентах"): null

11-12-2024T08:03:10 - [TEST_STEP][PASSED] - setValueToCellByIndex(sheet01, n, 3, fileDouble): null

11-12-2024T08:03:10 - [TEST_STEP][PASSED] - setValueToCellByIndex(sheet01, n, 4, pageDouble): null

11-12-2024T08:03:10 - [TEST_STEP][PASSED] - setValueToCellByIndex(sheet01, n, 5, m): null

11-12-2024T08:03:10 - [TEST_STEP][PASSED] - setValueToCellByIndex(sheet01, n, 6, y): null

11-12-2024T08:03:10 - [TEST_STEP][PASSED] - setValueToCellByIndex(sheet01, n, 7, todaysDate): null

11-12-2024T08:03:10 - [TEST_STEP][PASSED] - n = n + 1: null

11-12-2024T08:03:10 - [TEST_STEP][PASSED] - saveWorkbook(excelFilePath, workbook01): null

11-12-2024T08:03:10 - [TEST_STEP][PASSED] - file = findTestData("PlanFact").getValue(7, a): null

11-12-2024T08:03:11 - [TEST_STEP][PASSED] - file = file.replace(",", "."): null

11-12-2024T08:03:11 - [TEST_STEP][PASSED] - println("file Fact: " + file): null

11-12-2024T08:03:11 - [TEST_STEP][PASSED] - fileDouble = file.toDouble(): null

11-12-2024T08:03:11 - [TEST_STEP][PASSED] - typeOfData = "Факт в процентах": null

11-12-2024T08:03:11 - [TEST_STEP][PASSED] - fileDouble = file.toDouble(): null

11-12-2024T08:03:11 - [TEST_STEP][PASSED] - pageDouble = page2.toDouble(): null

11-12-2024T08:03:11 - [TEST_STEP][PASSED] - if (fileDouble != pageDouble): null

11-12-2024T08:03:11 - [TEST_STEP][PASSED] - numberOfErrors = numberOfErrors + 1: null

11-12-2024T08:03:11 - [TEST_STEP][PASSED] - Script1718980020443.WriteToExcel(a, typeOfData, todaysDate, pageInt, fileInt, pageDouble, fileDouble, dZO): null

11-12-2024T08:03:11 - [TEST_STEP][PASSED] - sheetName = "Sheet1": null

11-12-2024T08:03:11 - [TEST_STEP][PASSED] - data = findTestData("PlanFact"): null

11-12-2024T08:03:11 - [TEST_STEP][PASSED] - n = data.getRowNumbers() + 1: null

11-12-2024T08:03:11 - [TEST_STEP][PASSED] - year = todaysDate.substring(todaysDate.length() - 4, todaysDate.length()): null

11-12-2024T08:03:11 - [TEST_STEP][PASSED] - y = year.toInteger(): null

11-12-2024T08:03:11 - [TEST_STEP][PASSED] - m = getText(findTestObject("Выполнение бизнес-плана/Период")): Text of object 'Object Repository/Выполнение бизнес-плана/Период' is: '1, 2, 3 кв., Октябрь 2024 года'

11-12-2024T08:03:11 - [MESSAGE][PASSED] - Text of object 'Object Repository/Выполнение бизнес-плана/Период' is: '1, 2, 3 кв., Октябрь 2024 года'

11-12-2024T08:03:11 - [TEST_STEP][PASSED] - m = m.substring(0, m.indexOf("2024")): null

11-12-2024T08:03:11 - [TEST_STEP][PASSED] - m = m.trim(): null

11-12-2024T08:03:11 - [TEST_STEP][PASSED] - dashboardName = "Выполнение бизнес-плана": null

11-12-2024T08:03:11 - [TEST_STEP][PASSED] - workbook01 = getWorkbook(excelFilePath): null

11-12-2024T08:03:11 - [TEST_STEP][PASSED] - sheet01 = getExcelSheet(workbook01, sheetName): null

11-12-2024T08:03:11 - [TEST_STEP][PASSED] - setValueToCellByIndex(sheet01, n, 0, dashboardName): null

11-12-2024T08:03:11 - [TEST_STEP][PASSED] - setValueToCellByIndex(sheet01, n, 1, dZO): null

11-12-2024T08:03:11 - [TEST_STEP][PASSED] - setValueToCellByIndex(sheet01, n, 2, typeOfData): null

11-12-2024T08:03:11 - [TEST_STEP][PASSED] - if (typeOfData == "Факт в процентах" || typeOfData == "План в процентах"): null

11-12-2024T08:03:11 - [TEST_STEP][PASSED] - setValueToCellByIndex(sheet01, n, 3, fileDouble): null

11-12-2024T08:03:11 - [TEST_STEP][PASSED] - setValueToCellByIndex(sheet01, n, 4, pageDouble): null

11-12-2024T08:03:11 - [TEST_STEP][PASSED] - setValueToCellByIndex(sheet01, n, 5, m): null

11-12-2024T08:03:11 - [TEST_STEP][PASSED] - setValueToCellByIndex(sheet01, n, 6, y): null

11-12-2024T08:03:11 - [TEST_STEP][PASSED] - setValueToCellByIndex(sheet01, n, 7, todaysDate): null

11-12-2024T08:03:11 - [TEST_STEP][PASSED] - n = n + 1: null

11-12-2024T08:03:11 - [TEST_STEP][PASSED] - saveWorkbook(excelFilePath, workbook01): null

11-12-2024T08:03:11 - [TEST_STEP][FAILED] - if (verifyEqual(numberOfErrors, 0) == false): null

11-12-2024T08:03:11 - [MESSAGE][FAILED] - Unable to verify equal between actual object '6' and expected object '0' (Root cause: com.kms.katalon.core.exception.StepFailedException: Actual object '6' and expected object '0' are not equal
	at com.kms.katalon.core.keyword.builtin.VerifyEqualKeyword$_verifyEqual_closure1.doCall(VerifyEqualKeyword.groovy:58)
	at com.kms.katalon.core.keyword.builtin.VerifyEqualKeyword$_verifyEqual_closure1.call(VerifyEqualKeyword.groovy)
	at com.kms.katalon.core.keyword.internal.KeywordMain.runKeyword(KeywordMain.groovy:75)
	at com.kms.katalon.core.keyword.builtin.VerifyEqualKeyword.verifyEqual(VerifyEqualKeyword.groovy:63)
	at com.kms.katalon.core.keyword.builtin.VerifyEqualKeyword.execute(VerifyEqualKeyword.groovy:44)
	at com.kms.katalon.core.keyword.internal.KeywordExecutor.executeKeywordForPlatform(KeywordExecutor.groovy:74)
	at com.kms.katalon.core.keyword.BuiltinKeywords.verifyEqual(BuiltinKeywords.groovy:146)
	at java.base/jdk.internal.reflect.NativeMethodAccessorImpl.invoke0(Native Method)
	at java.base/jdk.internal.reflect.NativeMethodAccessorImpl.invoke(NativeMethodAccessorImpl.java:77)
	at java.base/jdk.internal.reflect.DelegatingMethodAccessorImpl.invoke(DelegatingMethodAccessorImpl.java:43)
	at Выполнение бизнес-плана Сверка ПАО Россети все филиалы.Numbers(Выполнение бизнес-плана Сверка ПАО Россети все филиалы:752)
	at Выполнение бизнес-плана Сверка ПАО Россети все филиалы.Filials(Выполнение бизнес-плана Сверка ПАО Россети все филиалы:1147)
	at Выполнение бизнес-плана Сверка ПАО Россети все филиалы.Numbers(Выполнение бизнес-плана Сверка ПАО Россети все филиалы:757)
	at Выполнение бизнес-плана Сверка ПАО Россети все филиалы.run(Выполнение бизнес-плана Сверка ПАО Россети все филиалы:316)
	at com.kms.katalon.core.main.ScriptEngine.run(ScriptEngine.java:194)
	at com.kms.katalon.core.main.ScriptEngine.runScriptAsRawText(ScriptEngine.java:119)
	at com.kms.katalon.core.main.TestCaseExecutor.runScript(TestCaseExecutor.java:448)
	at com.kms.katalon.core.main.TestCaseExecutor.doExecute(TestCaseExecutor.java:439)
	at com.kms.katalon.core.main.TestCaseExecutor.processExecutionPhase(TestCaseExecutor.java:418)
	at com.kms.katalon.core.main.TestCaseExecutor.accessMainPhase(TestCaseExecutor.java:410)
	at com.kms.katalon.core.main.TestCaseExecutor.execute(TestCaseExecutor.java:285)
	at com.kms.katalon.core.common.CommonExecutor.accessTestCaseMainPhase(CommonExecutor.java:65)
	at com.kms.katalon.core.main.TestSuiteExecutor.accessTestSuiteMainPhase(TestSuiteExecutor.java:150)
	at com.kms.katalon.core.main.TestSuiteExecutor.execute(TestSuiteExecutor.java:106)
	at com.kms.katalon.core.main.TestCaseMain.startTestSuite(TestCaseMain.java:180)
	at TempTestSuite1733892825375.run(TempTestSuite1733892825375.groovy:35)
	at java.base/jdk.internal.reflect.NativeMethodAccessorImpl.invoke0(Native Method)
	at java.base/jdk.internal.reflect.NativeMethodAccessorImpl.invoke(NativeMethodAccessorImpl.java:77)
	at java.base/jdk.internal.reflect.DelegatingMethodAccessorImpl.invoke(DelegatingMethodAccessorImpl.java:43)
)

11-12-2024T08:03:11 - [TEST_STEP][PASSED] - println(numberOfErrors): null

11-12-2024T08:03:11 - [TEST_STEP][PASSED] - if (a == 28 || a == 77 || a == 74 || a == 65 || a == 36 || a == 44 || a == 54 || a == 1 || a == 18 || a == 59): null

11-12-2024T08:03:11 - [TEST_STEP][PASSED] - if (a == 82): null

11-12-2024T08:03:11 - [TEST_STEP][PASSED] - filialNum = 0: null

11-12-2024T08:03:11 - [TEST_STEP][PASSED] - if (a == 1): null

11-12-2024T08:03:11 - [TEST_STEP][PASSED] - if (a == 18): null

11-12-2024T08:03:11 - [TEST_STEP][PASSED] - if (a == 36): null

11-12-2024T08:03:11 - [TEST_STEP][PASSED] - if (a == 44): null

11-12-2024T08:03:11 - [TEST_STEP][PASSED] - if (a == 54): null

11-12-2024T08:03:11 - [TEST_STEP][PASSED] - if (a == 59): null

11-12-2024T08:03:11 - [TEST_STEP][PASSED] - Script1718980020443.OpenFilter(): null

11-12-2024T08:03:11 - [TEST_STEP][PASSED] - click(findTestObject("Object Repository/Выполнение бизнес-плана/Фильтр ДЗО")): Object: 'Object Repository/Выполнение бизнес-плана/Фильтр ДЗО' is clicked on

11-12-2024T08:03:12 - [MESSAGE][PASSED] - Object: 'Object Repository/Выполнение бизнес-плана/Фильтр ДЗО' is clicked on

11-12-2024T08:03:12 - [TEST_STEP][PASSED] - click(findTestObject("Выполнение бизнес-плана/Снять выделение в фильтре ДЗО")): Object: 'Object Repository/Выполнение бизнес-плана/Снять выделение в фильтре ДЗО' is clicked on

11-12-2024T08:03:12 - [MESSAGE][PASSED] - Object: 'Object Repository/Выполнение бизнес-плана/Снять выделение в фильтре ДЗО' is clicked on

11-12-2024T08:03:12 - [TEST_STEP][PASSED] - Script1718980020443.CloseFilter(): null

11-12-2024T08:03:12 - [TEST_STEP][PASSED] - scrollToElement(findTestObject("Выполнение бизнес-плана/Заголовок дашборда"), 30): Scroll to object 'Object Repository/Выполнение бизнес-плана/Заголовок дашборда' successfully

11-12-2024T08:03:13 - [MESSAGE][PASSED] - Scroll to object 'Object Repository/Выполнение бизнес-плана/Заголовок дашборда' successfully

11-12-2024T08:03:13 - [TEST_STEP][PASSED] - click(findTestObject("Object Repository/Выполнение бизнес-плана/Применить в фильтре ДЗО")): Object: 'Object Repository/Выполнение бизнес-плана/Применить в фильтре ДЗО' is clicked on

11-12-2024T08:03:14 - [MESSAGE][PASSED] - Object: 'Object Repository/Выполнение бизнес-плана/Применить в фильтре ДЗО' is clicked on

11-12-2024T08:03:14 - [TEST_STEP][PASSED] - if (a == 82): null

11-12-2024T08:03:14 - [TEST_STEP][PASSED] - println(dzoNum): null

11-12-2024T08:03:14 - [TEST_STEP][PASSED] - dZO = "Россети Северо-Запад": null

11-12-2024T08:03:14 - [TEST_STEP][PASSED] - a = 36: null

11-12-2024T08:03:14 - [TEST_STEP][PASSED] - if (x1.contains(dZO)): null

11-12-2024T08:03:14 - [TEST_STEP][PASSED] - else: null

11-12-2024T08:03:14 - [TEST_STEP][PASSED] - Script1718980020443.NoData(a, typeOfData, todaysDate, fileInt, fileDouble, dZO): null

11-12-2024T08:03:14 - [TEST_STEP][PASSED] - println(a): null

11-12-2024T08:03:14 - [TEST_STEP][PASSED] - println(todaysDate): null

11-12-2024T08:03:14 - [TEST_STEP][PASSED] - println(fileInt): null

11-12-2024T08:03:14 - [TEST_STEP][PASSED] - println(fileDouble): null

11-12-2024T08:03:14 - [TEST_STEP][PASSED] - println(dZO): null

11-12-2024T08:03:14 - [TEST_STEP][PASSED] - typeOfData = "Факт Отпуск в сеть": null

11-12-2024T08:03:14 - [TEST_STEP][PASSED] - fileInt = replaceAll("\s+", "").toInteger(): null

11-12-2024T08:03:14 - [TEST_STEP][PASSED] - Script1718980020443.WriteToExcelNoData(a, typeOfData, todaysDate, fileInt, fileDouble, dZO): null

11-12-2024T08:03:14 - [TEST_STEP][PASSED] - sheetName = "Sheet1": null

11-12-2024T08:03:14 - [TEST_STEP][PASSED] - data = findTestData("PlanFact"): null

11-12-2024T08:03:14 - [TEST_STEP][PASSED] - n = data.getRowNumbers() + 1: null

11-12-2024T08:03:14 - [TEST_STEP][PASSED] - year = todaysDate.substring(todaysDate.length() - 4, todaysDate.length()): null

11-12-2024T08:03:14 - [TEST_STEP][PASSED] - y = year.toInteger(): null

11-12-2024T08:03:14 - [TEST_STEP][PASSED] - m = getText(findTestObject("Выполнение бизнес-плана/Период")): Text of object 'Object Repository/Выполнение бизнес-плана/Период' is: '1, 2, 3 кв., Октябрь 2024 года'

11-12-2024T08:03:44 - [MESSAGE][PASSED] - Text of object 'Object Repository/Выполнение бизнес-плана/Период' is: '1, 2, 3 кв., Октябрь 2024 года'

11-12-2024T08:03:44 - [TEST_STEP][PASSED] - m = m.substring(0, m.indexOf("2024")): null

11-12-2024T08:03:44 - [TEST_STEP][PASSED] - m = m.trim(): null

11-12-2024T08:03:44 - [TEST_STEP][PASSED] - dashboardName = "Выполнение бизнес-плана": null

11-12-2024T08:03:44 - [TEST_STEP][PASSED] - workbook01 = getWorkbook(excelFilePath): null

11-12-2024T08:03:44 - [TEST_STEP][PASSED] - sheet01 = getExcelSheet(workbook01, sheetName): null

11-12-2024T08:03:44 - [TEST_STEP][PASSED] - setValueToCellByIndex(sheet01, n, 0, dashboardName): null

11-12-2024T08:03:44 - [TEST_STEP][PASSED] - setValueToCellByIndex(sheet01, n, 1, dZO): null

11-12-2024T08:03:44 - [TEST_STEP][PASSED] - setValueToCellByIndex(sheet01, n, 2, typeOfData): null

11-12-2024T08:03:44 - [TEST_STEP][PASSED] - if (typeOfData == "Факт в процентах" || typeOfData == "План в процентах"): null

11-12-2024T08:03:44 - [TEST_STEP][PASSED] - else: null

11-12-2024T08:03:44 - [TEST_STEP][PASSED] - setValueToCellByIndex(sheet01, n, 3, fileInt): null

11-12-2024T08:03:44 - [TEST_STEP][PASSED] - setValueToCellByIndex(sheet01, n, 4, "нет данных"): null

11-12-2024T08:03:44 - [TEST_STEP][PASSED] - setValueToCellByIndex(sheet01, n, 5, m): null

11-12-2024T08:03:44 - [TEST_STEP][PASSED] - setValueToCellByIndex(sheet01, n, 6, y): null

11-12-2024T08:03:44 - [TEST_STEP][PASSED] - setValueToCellByIndex(sheet01, n, 7, todaysDate): null

11-12-2024T08:03:44 - [TEST_STEP][PASSED] - n = n + 1: null

11-12-2024T08:03:44 - [TEST_STEP][PASSED] - saveWorkbook(excelFilePath, workbook01): null

11-12-2024T08:03:44 - [TEST_STEP][PASSED] - typeOfData = "Факт Потери": null

11-12-2024T08:03:44 - [TEST_STEP][PASSED] - fileInt = replaceAll("\s+", "").toInteger(): null

11-12-2024T08:03:44 - [TEST_STEP][PASSED] - Script1718980020443.WriteToExcelNoData(a, typeOfData, todaysDate, fileInt, fileDouble, dZO): null

11-12-2024T08:03:44 - [TEST_STEP][PASSED] - sheetName = "Sheet1": null

11-12-2024T08:03:44 - [TEST_STEP][PASSED] - data = findTestData("PlanFact"): null

11-12-2024T08:03:44 - [TEST_STEP][PASSED] - n = data.getRowNumbers() + 1: null

11-12-2024T08:03:44 - [TEST_STEP][PASSED] - year = todaysDate.substring(todaysDate.length() - 4, todaysDate.length()): null

11-12-2024T08:03:44 - [TEST_STEP][PASSED] - y = year.toInteger(): null

11-12-2024T08:03:44 - [TEST_STEP][PASSED] - m = getText(findTestObject("Выполнение бизнес-плана/Период")): Text of object 'Object Repository/Выполнение бизнес-плана/Период' is: '1, 2, 3 кв., Октябрь 2024 года'

11-12-2024T08:03:48 - [MESSAGE][PASSED] - Text of object 'Object Repository/Выполнение бизнес-плана/Период' is: '1, 2, 3 кв., Октябрь 2024 года'

11-12-2024T08:03:48 - [TEST_STEP][PASSED] - m = m.substring(0, m.indexOf("2024")): null

11-12-2024T08:03:48 - [TEST_STEP][PASSED] - m = m.trim(): null

11-12-2024T08:03:48 - [TEST_STEP][PASSED] - dashboardName = "Выполнение бизнес-плана": null

11-12-2024T08:03:48 - [TEST_STEP][PASSED] - workbook01 = getWorkbook(excelFilePath): null

11-12-2024T08:03:49 - [TEST_STEP][PASSED] - sheet01 = getExcelSheet(workbook01, sheetName): null

11-12-2024T08:03:49 - [TEST_STEP][PASSED] - setValueToCellByIndex(sheet01, n, 0, dashboardName): null

11-12-2024T08:03:49 - [TEST_STEP][PASSED] - setValueToCellByIndex(sheet01, n, 1, dZO): null

11-12-2024T08:03:49 - [TEST_STEP][PASSED] - setValueToCellByIndex(sheet01, n, 2, typeOfData): null

11-12-2024T08:03:49 - [TEST_STEP][PASSED] - if (typeOfData == "Факт в процентах" || typeOfData == "План в процентах"): null

11-12-2024T08:03:49 - [TEST_STEP][PASSED] - else: null

11-12-2024T08:03:49 - [TEST_STEP][PASSED] - setValueToCellByIndex(sheet01, n, 3, fileInt): null

11-12-2024T08:03:49 - [TEST_STEP][PASSED] - setValueToCellByIndex(sheet01, n, 4, "нет данных"): null

11-12-2024T08:03:49 - [TEST_STEP][PASSED] - setValueToCellByIndex(sheet01, n, 5, m): null

11-12-2024T08:03:49 - [TEST_STEP][PASSED] - setValueToCellByIndex(sheet01, n, 6, y): null

11-12-2024T08:03:49 - [TEST_STEP][PASSED] - setValueToCellByIndex(sheet01, n, 7, todaysDate): null

11-12-2024T08:03:49 - [TEST_STEP][PASSED] - n = n + 1: null

11-12-2024T08:03:49 - [TEST_STEP][PASSED] - saveWorkbook(excelFilePath, workbook01): null

11-12-2024T08:03:49 - [TEST_STEP][PASSED] - typeOfData = "План Отпуск в сеть": null

11-12-2024T08:03:49 - [TEST_STEP][PASSED] - fileInt = replaceAll("\s+", "").toInteger(): null

11-12-2024T08:03:49 - [TEST_STEP][PASSED] - Script1718980020443.WriteToExcelNoData(a, typeOfData, todaysDate, fileInt, fileDouble, dZO): null

11-12-2024T08:03:49 - [TEST_STEP][PASSED] - sheetName = "Sheet1": null

11-12-2024T08:03:49 - [TEST_STEP][PASSED] - data = findTestData("PlanFact"): null

11-12-2024T08:03:49 - [TEST_STEP][PASSED] - n = data.getRowNumbers() + 1: null

11-12-2024T08:03:49 - [TEST_STEP][PASSED] - year = todaysDate.substring(todaysDate.length() - 4, todaysDate.length()): null

11-12-2024T08:03:49 - [TEST_STEP][PASSED] - y = year.toInteger(): null

11-12-2024T08:03:49 - [TEST_STEP][PASSED] - m = getText(findTestObject("Выполнение бизнес-плана/Период")): Text of object 'Object Repository/Выполнение бизнес-плана/Период' is: '1, 2, 3 кв., Октябрь 2024 года'

11-12-2024T08:03:49 - [MESSAGE][PASSED] - Text of object 'Object Repository/Выполнение бизнес-плана/Период' is: '1, 2, 3 кв., Октябрь 2024 года'

11-12-2024T08:03:49 - [TEST_STEP][PASSED] - m = m.substring(0, m.indexOf("2024")): null

11-12-2024T08:03:49 - [TEST_STEP][PASSED] - m = m.trim(): null

11-12-2024T08:03:49 - [TEST_STEP][PASSED] - dashboardName = "Выполнение бизнес-плана": null

11-12-2024T08:03:49 - [TEST_STEP][PASSED] - workbook01 = getWorkbook(excelFilePath): null

11-12-2024T08:03:49 - [TEST_STEP][PASSED] - sheet01 = getExcelSheet(workbook01, sheetName): null

11-12-2024T08:03:49 - [TEST_STEP][PASSED] - setValueToCellByIndex(sheet01, n, 0, dashboardName): null

11-12-2024T08:03:49 - [TEST_STEP][PASSED] - setValueToCellByIndex(sheet01, n, 1, dZO): null

11-12-2024T08:03:49 - [TEST_STEP][PASSED] - setValueToCellByIndex(sheet01, n, 2, typeOfData): null

11-12-2024T08:03:49 - [TEST_STEP][PASSED] - if (typeOfData == "Факт в процентах" || typeOfData == "План в процентах"): null

11-12-2024T08:03:49 - [TEST_STEP][PASSED] - else: null

11-12-2024T08:03:49 - [TEST_STEP][PASSED] - setValueToCellByIndex(sheet01, n, 3, fileInt): null

11-12-2024T08:03:49 - [TEST_STEP][PASSED] - setValueToCellByIndex(sheet01, n, 4, "нет данных"): null

11-12-2024T08:03:49 - [TEST_STEP][PASSED] - setValueToCellByIndex(sheet01, n, 5, m): null

11-12-2024T08:03:49 - [TEST_STEP][PASSED] - setValueToCellByIndex(sheet01, n, 6, y): null

11-12-2024T08:03:49 - [TEST_STEP][PASSED] - setValueToCellByIndex(sheet01, n, 7, todaysDate): null

11-12-2024T08:03:49 - [TEST_STEP][PASSED] - n = n + 1: null

11-12-2024T08:03:49 - [TEST_STEP][PASSED] - saveWorkbook(excelFilePath, workbook01): null

11-12-2024T08:03:49 - [TEST_STEP][PASSED] - typeOfData = "План Потери": null

11-12-2024T08:03:49 - [TEST_STEP][PASSED] - fileInt = replaceAll("\s+", "").toInteger(): null

11-12-2024T08:03:49 - [TEST_STEP][PASSED] - Script1718980020443.WriteToExcelNoData(a, typeOfData, todaysDate, fileInt, fileDouble, dZO): null

11-12-2024T08:03:49 - [TEST_STEP][PASSED] - sheetName = "Sheet1": null

11-12-2024T08:03:49 - [TEST_STEP][PASSED] - data = findTestData("PlanFact"): null

11-12-2024T08:03:49 - [TEST_STEP][PASSED] - n = data.getRowNumbers() + 1: null

11-12-2024T08:03:49 - [TEST_STEP][PASSED] - year = todaysDate.substring(todaysDate.length() - 4, todaysDate.length()): null

11-12-2024T08:03:49 - [TEST_STEP][PASSED] - y = year.toInteger(): null

11-12-2024T08:03:49 - [TEST_STEP][PASSED] - m = getText(findTestObject("Выполнение бизнес-плана/Период")): Text of object 'Object Repository/Выполнение бизнес-плана/Период' is: '1, 2, 3 кв., Октябрь 2024 года'

11-12-2024T08:03:50 - [MESSAGE][PASSED] - Text of object 'Object Repository/Выполнение бизнес-плана/Период' is: '1, 2, 3 кв., Октябрь 2024 года'

11-12-2024T08:03:50 - [TEST_STEP][PASSED] - m = m.substring(0, m.indexOf("2024")): null

11-12-2024T08:03:50 - [TEST_STEP][PASSED] - m = m.trim(): null

11-12-2024T08:03:50 - [TEST_STEP][PASSED] - dashboardName = "Выполнение бизнес-плана": null

11-12-2024T08:03:50 - [TEST_STEP][PASSED] - workbook01 = getWorkbook(excelFilePath): null

11-12-2024T08:03:50 - [TEST_STEP][PASSED] - sheet01 = getExcelSheet(workbook01, sheetName): null

11-12-2024T08:03:50 - [TEST_STEP][PASSED] - setValueToCellByIndex(sheet01, n, 0, dashboardName): null

11-12-2024T08:03:50 - [TEST_STEP][PASSED] - setValueToCellByIndex(sheet01, n, 1, dZO): null

11-12-2024T08:03:50 - [TEST_STEP][PASSED] - setValueToCellByIndex(sheet01, n, 2, typeOfData): null

11-12-2024T08:03:50 - [TEST_STEP][PASSED] - if (typeOfData == "Факт в процентах" || typeOfData == "План в процентах"): null

11-12-2024T08:03:50 - [TEST_STEP][PASSED] - else: null

11-12-2024T08:03:50 - [TEST_STEP][PASSED] - setValueToCellByIndex(sheet01, n, 3, fileInt): null

11-12-2024T08:03:50 - [TEST_STEP][PASSED] - setValueToCellByIndex(sheet01, n, 4, "нет данных"): null

11-12-2024T08:03:50 - [TEST_STEP][PASSED] - setValueToCellByIndex(sheet01, n, 5, m): null

11-12-2024T08:03:50 - [TEST_STEP][PASSED] - setValueToCellByIndex(sheet01, n, 6, y): null

11-12-2024T08:03:50 - [TEST_STEP][PASSED] - setValueToCellByIndex(sheet01, n, 7, todaysDate): null

11-12-2024T08:03:50 - [TEST_STEP][PASSED] - n = n + 1: null

11-12-2024T08:03:50 - [TEST_STEP][PASSED] - saveWorkbook(excelFilePath, workbook01): null

11-12-2024T08:03:50 - [TEST_STEP][PASSED] - typeOfData = "План в процентах": null

11-12-2024T08:03:50 - [TEST_STEP][PASSED] - fileDouble = ").toDouble(): null

11-12-2024T08:03:50 - [TEST_STEP][PASSED] - Script1718980020443.WriteToExcelNoData(a, typeOfData, todaysDate, fileInt, fileDouble, dZO): null

11-12-2024T08:03:50 - [TEST_STEP][PASSED] - sheetName = "Sheet1": null

11-12-2024T08:03:50 - [TEST_STEP][PASSED] - data = findTestData("PlanFact"): null

11-12-2024T08:03:50 - [TEST_STEP][PASSED] - n = data.getRowNumbers() + 1: null

11-12-2024T08:03:50 - [TEST_STEP][PASSED] - year = todaysDate.substring(todaysDate.length() - 4, todaysDate.length()): null

11-12-2024T08:03:50 - [TEST_STEP][PASSED] - y = year.toInteger(): null

11-12-2024T08:03:50 - [TEST_STEP][PASSED] - m = getText(findTestObject("Выполнение бизнес-плана/Период")): Text of object 'Object Repository/Выполнение бизнес-плана/Период' is: '1, 2, 3 кв., Октябрь 2024 года'

11-12-2024T08:03:50 - [MESSAGE][PASSED] - Text of object 'Object Repository/Выполнение бизнес-плана/Период' is: '1, 2, 3 кв., Октябрь 2024 года'

11-12-2024T08:03:50 - [TEST_STEP][PASSED] - m = m.substring(0, m.indexOf("2024")): null

11-12-2024T08:03:50 - [TEST_STEP][PASSED] - m = m.trim(): null

11-12-2024T08:03:50 - [TEST_STEP][PASSED] - dashboardName = "Выполнение бизнес-плана": null

11-12-2024T08:03:50 - [TEST_STEP][PASSED] - workbook01 = getWorkbook(excelFilePath): null

11-12-2024T08:03:51 - [TEST_STEP][PASSED] - sheet01 = getExcelSheet(workbook01, sheetName): null

11-12-2024T08:03:51 - [TEST_STEP][PASSED] - setValueToCellByIndex(sheet01, n, 0, dashboardName): null

11-12-2024T08:03:51 - [TEST_STEP][PASSED] - setValueToCellByIndex(sheet01, n, 1, dZO): null

11-12-2024T08:03:51 - [TEST_STEP][PASSED] - setValueToCellByIndex(sheet01, n, 2, typeOfData): null

11-12-2024T08:03:51 - [TEST_STEP][PASSED] - if (typeOfData == "Факт в процентах" || typeOfData == "План в процентах"): null

11-12-2024T08:03:51 - [TEST_STEP][PASSED] - setValueToCellByIndex(sheet01, n, 3, fileDouble): null

11-12-2024T08:03:51 - [TEST_STEP][PASSED] - setValueToCellByIndex(sheet01, n, 4, "нет данных"): null

11-12-2024T08:03:51 - [TEST_STEP][PASSED] - setValueToCellByIndex(sheet01, n, 5, m): null

11-12-2024T08:03:51 - [TEST_STEP][PASSED] - setValueToCellByIndex(sheet01, n, 6, y): null

11-12-2024T08:03:51 - [TEST_STEP][PASSED] - setValueToCellByIndex(sheet01, n, 7, todaysDate): null

11-12-2024T08:03:51 - [TEST_STEP][PASSED] - n = n + 1: null

11-12-2024T08:03:51 - [TEST_STEP][PASSED] - saveWorkbook(excelFilePath, workbook01): null

11-12-2024T08:03:51 - [TEST_STEP][PASSED] - typeOfData = "Факт в процентах": null

11-12-2024T08:03:51 - [TEST_STEP][PASSED] - fileDouble = ").toDouble(): null

11-12-2024T08:03:51 - [TEST_STEP][PASSED] - Script1718980020443.WriteToExcelNoData(a, typeOfData, todaysDate, fileInt, fileDouble, dZO): null

11-12-2024T08:03:51 - [TEST_STEP][PASSED] - sheetName = "Sheet1": null

11-12-2024T08:03:51 - [TEST_STEP][PASSED] - data = findTestData("PlanFact"): null

11-12-2024T08:03:51 - [TEST_STEP][PASSED] - n = data.getRowNumbers() + 1: null

11-12-2024T08:03:51 - [TEST_STEP][PASSED] - year = todaysDate.substring(todaysDate.length() - 4, todaysDate.length()): null

11-12-2024T08:03:51 - [TEST_STEP][PASSED] - y = year.toInteger(): null

11-12-2024T08:03:51 - [TEST_STEP][PASSED] - m = getText(findTestObject("Выполнение бизнес-плана/Период")): Text of object 'Object Repository/Выполнение бизнес-плана/Период' is: '1, 2, 3 кв., Октябрь 2024 года'

11-12-2024T08:03:51 - [MESSAGE][PASSED] - Text of object 'Object Repository/Выполнение бизнес-плана/Период' is: '1, 2, 3 кв., Октябрь 2024 года'

11-12-2024T08:03:51 - [TEST_STEP][PASSED] - m = m.substring(0, m.indexOf("2024")): null

11-12-2024T08:03:51 - [TEST_STEP][PASSED] - m = m.trim(): null

11-12-2024T08:03:51 - [TEST_STEP][PASSED] - dashboardName = "Выполнение бизнес-плана": null

11-12-2024T08:03:51 - [TEST_STEP][PASSED] - workbook01 = getWorkbook(excelFilePath): null

11-12-2024T08:03:51 - [TEST_STEP][PASSED] - sheet01 = getExcelSheet(workbook01, sheetName): null

11-12-2024T08:03:51 - [TEST_STEP][PASSED] - setValueToCellByIndex(sheet01, n, 0, dashboardName): null

11-12-2024T08:03:51 - [TEST_STEP][PASSED] - setValueToCellByIndex(sheet01, n, 1, dZO): null

11-12-2024T08:03:51 - [TEST_STEP][PASSED] - setValueToCellByIndex(sheet01, n, 2, typeOfData): null

11-12-2024T08:03:51 - [TEST_STEP][PASSED] - if (typeOfData == "Факт в процентах" || typeOfData == "План в процентах"): null

11-12-2024T08:03:51 - [TEST_STEP][PASSED] - setValueToCellByIndex(sheet01, n, 3, fileDouble): null

11-12-2024T08:03:51 - [TEST_STEP][PASSED] - setValueToCellByIndex(sheet01, n, 4, "нет данных"): null

11-12-2024T08:03:51 - [TEST_STEP][PASSED] - setValueToCellByIndex(sheet01, n, 5, m): null

11-12-2024T08:03:51 - [TEST_STEP][PASSED] - setValueToCellByIndex(sheet01, n, 6, y): null

11-12-2024T08:03:51 - [TEST_STEP][PASSED] - setValueToCellByIndex(sheet01, n, 7, todaysDate): null

11-12-2024T08:03:51 - [TEST_STEP][PASSED] - n = n + 1: null

11-12-2024T08:03:51 - [TEST_STEP][PASSED] - saveWorkbook(excelFilePath, workbook01): null

11-12-2024T08:03:51 - [TEST_STEP][PASSED] - println(dzoNum): null

11-12-2024T08:03:51 - [TEST_STEP][PASSED] - dZO = "Россети Сибирь": null

11-12-2024T08:03:51 - [TEST_STEP][PASSED] - a = 44: null

11-12-2024T08:03:51 - [TEST_STEP][PASSED] - if (x1.contains(dZO)): null

11-12-2024T08:03:51 - [TEST_STEP][PASSED] - dzoNum = dzoNum + 1: null

11-12-2024T08:03:51 - [TEST_STEP][PASSED] - Script1718980020443.Numbers(a, typeOfData, todaysDate, pageInt, fileInt, pageDouble, fileDouble, dZO, dzoNum, filialNum): null

11-12-2024T08:03:51 - [TEST_STEP][PASSED] - println(dzoNum): null

11-12-2024T08:03:51 - [TEST_STEP][PASSED] - planFact = <not implemented yet for class: org.codehaus.groovy.ast.expr.EmptyExpression>: null

11-12-2024T08:03:51 - [TEST_STEP][PASSED] - page = <not implemented yet for class: org.codehaus.groovy.ast.expr.EmptyExpression>: null

11-12-2024T08:03:51 - [TEST_STEP][PASSED] - page1 = <not implemented yet for class: org.codehaus.groovy.ast.expr.EmptyExpression>: null

11-12-2024T08:03:51 - [TEST_STEP][PASSED] - page2 = <not implemented yet for class: org.codehaus.groovy.ast.expr.EmptyExpression>: null

11-12-2024T08:03:51 - [TEST_STEP][PASSED] - filialNumberInRow = <not implemented yet for class: org.codehaus.groovy.ast.expr.EmptyExpression>: null

11-12-2024T08:03:51 - [TEST_STEP][PASSED] - filialsDzoNames = <not implemented yet for class: org.codehaus.groovy.ast.expr.EmptyExpression>: null

11-12-2024T08:03:51 - [TEST_STEP][PASSED] - numberOfFilials = <not implemented yet for class: org.codehaus.groovy.ast.expr.EmptyExpression>: null

11-12-2024T08:03:51 - [TEST_STEP][PASSED] - numberOfSpaces = <not implemented yet for class: org.codehaus.groovy.ast.expr.EmptyExpression>: null

11-12-2024T08:03:51 - [TEST_STEP][PASSED] - file = <not implemented yet for class: org.codehaus.groovy.ast.expr.EmptyExpression>: null

11-12-2024T08:03:51 - [TEST_STEP][PASSED] - otpusk = <not implemented yet for class: org.codehaus.groovy.ast.expr.EmptyExpression>: null

11-12-2024T08:03:51 - [TEST_STEP][PASSED] - poteri = <not implemented yet for class: org.codehaus.groovy.ast.expr.EmptyExpression>: null

11-12-2024T08:03:51 - [TEST_STEP][PASSED] - dataFolder = "Выполнение бизнес-плана/Значения со страницы Выполнение бизнес-плана/": null

11-12-2024T08:03:51 - [TEST_STEP][PASSED] - path = <not implemented yet for class: org.codehaus.groovy.ast.expr.EmptyExpression>: null

11-12-2024T08:03:51 - [TEST_STEP][PASSED] - typeOfDataMain = <not implemented yet for class: org.codehaus.groovy.ast.expr.EmptyExpression>: null

11-12-2024T08:03:51 - [TEST_STEP][PASSED] - fileOtpuskVSet = <not implemented yet for class: org.codehaus.groovy.ast.expr.EmptyExpression>: null

11-12-2024T08:03:51 - [TEST_STEP][PASSED] - pageOtpuskVSet = <not implemented yet for class: org.codehaus.groovy.ast.expr.EmptyExpression>: null

11-12-2024T08:03:51 - [TEST_STEP][PASSED] - filePoteri = <not implemented yet for class: org.codehaus.groovy.ast.expr.EmptyExpression>: null

11-12-2024T08:03:51 - [TEST_STEP][PASSED] - pagePoteri = <not implemented yet for class: org.codehaus.groovy.ast.expr.EmptyExpression>: null

11-12-2024T08:03:51 - [TEST_STEP][PASSED] - compare = <not implemented yet for class: org.codehaus.groovy.ast.expr.EmptyExpression>: null

11-12-2024T08:03:51 - [TEST_STEP][PASSED] - b = <not implemented yet for class: org.codehaus.groovy.ast.expr.EmptyExpression>: null

11-12-2024T08:03:51 - [TEST_STEP][PASSED] - i = <not implemented yet for class: org.codehaus.groovy.ast.expr.EmptyExpression>: null

11-12-2024T08:03:51 - [TEST_STEP][PASSED] - ii = <not implemented yet for class: org.codehaus.groovy.ast.expr.EmptyExpression>: null

11-12-2024T08:03:51 - [TEST_STEP][PASSED] - c = <not implemented yet for class: org.codehaus.groovy.ast.expr.EmptyExpression>: null

11-12-2024T08:03:51 - [TEST_STEP][PASSED] - numberOfErrors = 0: null

11-12-2024T08:03:51 - [TEST_STEP][PASSED] - if (a == 82): null

11-12-2024T08:03:51 - [TEST_STEP][PASSED] - b = findTestData("PlanFact").getValue(1, a): null

11-12-2024T08:03:51 - [TEST_STEP][PASSED] - i = b.indexOf(" (ГК)"): null

11-12-2024T08:03:51 - [TEST_STEP][PASSED] - if (i > -1): null

11-12-2024T08:03:51 - [TEST_STEP][PASSED] - i = b.indexOf("О ""): null

11-12-2024T08:03:51 - [TEST_STEP][PASSED] - if (i > -1): null

11-12-2024T08:03:51 - [TEST_STEP][PASSED] - i = b.indexOf("О «"): null

11-12-2024T08:03:51 - [TEST_STEP][PASSED] - if (i > -1): null

11-12-2024T08:03:51 - [TEST_STEP][PASSED] - i = b.indexOf("г. "): null

11-12-2024T08:03:51 - [TEST_STEP][PASSED] - if (i > -1): null

11-12-2024T08:03:51 - [TEST_STEP][PASSED] - println(b): null

11-12-2024T08:03:51 - [TEST_STEP][PASSED] - for ([planFact = 1, planFact < 3, (planFact++)]): null

11-12-2024T08:03:51 - [TEST_STEP][PASSED] - if (planFact == 1): null

11-12-2024T08:03:51 - [TEST_STEP][PASSED] - typeOfDataMain = "Факт": null

11-12-2024T08:03:51 - [TEST_STEP][PASSED] - otpusk = findTestData("PlanFact").getValue(5, a): null

11-12-2024T08:03:51 - [TEST_STEP][PASSED] - poteri = findTestData("PlanFact").getValue(6, a): null

11-12-2024T08:03:52 - [TEST_STEP][PASSED] - otpusk = otpusk.replaceAll("\s+", ""): null

11-12-2024T08:03:52 - [TEST_STEP][PASSED] - poteri = poteri.replaceAll("\s+", ""): null

11-12-2024T08:03:52 - [TEST_STEP][PASSED] - typeOfData = typeOfDataMain + " Отпуск в сеть": null

11-12-2024T08:03:52 - [TEST_STEP][PASSED] - if (a == 82): null

11-12-2024T08:03:52 - [TEST_STEP][PASSED] - else if (a == 84): null

11-12-2024T08:03:52 - [TEST_STEP][PASSED] - else if (a == 52 || a == 72 || a == 28 || a == 73 || a == 77 || a == 74 || a == 65 || a == 36 || a == 44 || a == 53 || a == 80 || a == 54 || a == 1 || a == 18 || a == 59 || a == 81): null

11-12-2024T08:03:52 - [TEST_STEP][PASSED] - path = dataFolder + "Table Data/" + typeOfData + " за отчётный период " + dzoNum: null

11-12-2024T08:03:52 - [TEST_STEP][PASSED] - println(path): null

11-12-2024T08:03:52 - [TEST_STEP][PASSED] - page = getText(findTestObject(path)): Text of object 'Object Repository/Выполнение бизнес-плана/Значения со страницы Выполнение бизнес-плана/Table Data/Факт Отпуск в сеть за отчётный период 4' is: '52 412 668'

11-12-2024T08:03:52 - [MESSAGE][PASSED] - Text of object 'Object Repository/Выполнение бизнес-плана/Значения со страницы Выполнение бизнес-плана/Table Data/Факт Отпуск в сеть за отчётный период 4' is: '52 412 668'

11-12-2024T08:03:52 - [TEST_STEP][PASSED] - page = page.replaceAll("\s+", ""): null

11-12-2024T08:03:52 - [TEST_STEP][PASSED] - fileOtpuskVSet = otpusk.toInteger(): null

11-12-2024T08:03:52 - [TEST_STEP][PASSED] - pageOtpuskVSet = page.toInteger(): null

11-12-2024T08:03:52 - [TEST_STEP][PASSED] - typeOfData = typeOfDataMain + " Потери": null

11-12-2024T08:03:52 - [TEST_STEP][PASSED] - if (a == 82): null

11-12-2024T08:03:52 - [TEST_STEP][PASSED] - else if (a == 84): null

11-12-2024T08:03:52 - [TEST_STEP][PASSED] - else if (a == 52 || a == 72 || a == 28 || a == 73 || a == 77 || a == 74 || a == 65 || a == 36 || a == 44 || a == 53 || a == 80 || a == 54 || a == 1 || a == 18 || a == 59 || a == 81): null

11-12-2024T08:03:52 - [TEST_STEP][PASSED] - path = dataFolder + "Table Data/" + typeOfData + " за отчётный период " + dzoNum: null

11-12-2024T08:03:52 - [TEST_STEP][PASSED] - page = getText(findTestObject(path)): Text of object 'Object Repository/Выполнение бизнес-плана/Значения со страницы Выполнение бизнес-плана/Table Data/Факт Потери за отчётный период 4' is: '3 714 964'

11-12-2024T08:03:52 - [MESSAGE][PASSED] - Text of object 'Object Repository/Выполнение бизнес-плана/Значения со страницы Выполнение бизнес-плана/Table Data/Факт Потери за отчётный период 4' is: '3 714 964'

11-12-2024T08:03:52 - [TEST_STEP][PASSED] - page = page.replaceAll("\s+", ""): null

11-12-2024T08:03:52 - [TEST_STEP][PASSED] - filePoteri = poteri.toInteger(): null

11-12-2024T08:03:52 - [TEST_STEP][PASSED] - pagePoteri = page.toInteger(): null

11-12-2024T08:03:52 - [TEST_STEP][PASSED] - compare = pageOtpuskVSet: null

11-12-2024T08:03:52 - [TEST_STEP][PASSED] - if (compare == fileOtpuskVSet): null

11-12-2024T08:03:52 - [TEST_STEP][PASSED] - else if (compare > fileOtpuskVSet): null

11-12-2024T08:03:52 - [TEST_STEP][PASSED] - compare = compare - 1: null

11-12-2024T08:03:52 - [TEST_STEP][PASSED] - if (compare == fileOtpuskVSet): null

11-12-2024T08:03:52 - [TEST_STEP][PASSED] - else: null

11-12-2024T08:03:52 - [TEST_STEP][PASSED] - numberOfErrors = numberOfErrors + 1: null

11-12-2024T08:03:52 - [TEST_STEP][PASSED] - pageInt = pageOtpuskVSet: null

11-12-2024T08:03:52 - [TEST_STEP][PASSED] - fileInt = fileOtpuskVSet: null

11-12-2024T08:03:52 - [TEST_STEP][PASSED] - typeOfData = typeOfDataMain + " Отпуск в сеть": null

11-12-2024T08:03:52 - [TEST_STEP][PASSED] - Script1718980020443.WriteToExcel(a, typeOfData, todaysDate, pageInt, fileInt, pageDouble, fileDouble, dZO): null

11-12-2024T08:03:52 - [TEST_STEP][PASSED] - sheetName = "Sheet1": null

11-12-2024T08:03:52 - [TEST_STEP][PASSED] - data = findTestData("PlanFact"): null

11-12-2024T08:03:52 - [TEST_STEP][PASSED] - n = data.getRowNumbers() + 1: null

11-12-2024T08:03:52 - [TEST_STEP][PASSED] - year = todaysDate.substring(todaysDate.length() - 4, todaysDate.length()): null

11-12-2024T08:03:52 - [TEST_STEP][PASSED] - y = year.toInteger(): null

11-12-2024T08:03:52 - [TEST_STEP][PASSED] - m = getText(findTestObject("Выполнение бизнес-плана/Период")): Text of object 'Object Repository/Выполнение бизнес-плана/Период' is: '1, 2, 3 кв., Октябрь 2024 года'

11-12-2024T08:03:53 - [MESSAGE][PASSED] - Text of object 'Object Repository/Выполнение бизнес-плана/Период' is: '1, 2, 3 кв., Октябрь 2024 года'

11-12-2024T08:03:53 - [TEST_STEP][PASSED] - m = m.substring(0, m.indexOf("2024")): null

11-12-2024T08:03:53 - [TEST_STEP][PASSED] - m = m.trim(): null

11-12-2024T08:03:53 - [TEST_STEP][PASSED] - dashboardName = "Выполнение бизнес-плана": null

11-12-2024T08:03:53 - [TEST_STEP][PASSED] - workbook01 = getWorkbook(excelFilePath): null

11-12-2024T08:03:53 - [TEST_STEP][PASSED] - sheet01 = getExcelSheet(workbook01, sheetName): null

11-12-2024T08:03:53 - [TEST_STEP][PASSED] - setValueToCellByIndex(sheet01, n, 0, dashboardName): null

11-12-2024T08:03:53 - [TEST_STEP][PASSED] - setValueToCellByIndex(sheet01, n, 1, dZO): null

11-12-2024T08:03:53 - [TEST_STEP][PASSED] - setValueToCellByIndex(sheet01, n, 2, typeOfData): null

11-12-2024T08:03:53 - [TEST_STEP][PASSED] - if (typeOfData == "Факт в процентах" || typeOfData == "План в процентах"): null

11-12-2024T08:03:53 - [TEST_STEP][PASSED] - else: null

11-12-2024T08:03:53 - [TEST_STEP][PASSED] - setValueToCellByIndex(sheet01, n, 3, fileInt): null

11-12-2024T08:03:53 - [TEST_STEP][PASSED] - setValueToCellByIndex(sheet01, n, 4, pageInt): null

11-12-2024T08:03:53 - [TEST_STEP][PASSED] - setValueToCellByIndex(sheet01, n, 5, m): null

11-12-2024T08:03:53 - [TEST_STEP][PASSED] - setValueToCellByIndex(sheet01, n, 6, y): null

11-12-2024T08:03:53 - [TEST_STEP][PASSED] - setValueToCellByIndex(sheet01, n, 7, todaysDate): null

11-12-2024T08:03:53 - [TEST_STEP][PASSED] - n = n + 1: null

11-12-2024T08:03:53 - [TEST_STEP][PASSED] - saveWorkbook(excelFilePath, workbook01): null

11-12-2024T08:03:53 - [TEST_STEP][PASSED] - compare = pagePoteri: null

11-12-2024T08:03:53 - [TEST_STEP][PASSED] - if (compare == filePoteri): null

11-12-2024T08:03:53 - [TEST_STEP][PASSED] - else if (compare > filePoteri): null

11-12-2024T08:03:53 - [TEST_STEP][PASSED] - compare = compare - 1: null

11-12-2024T08:03:53 - [TEST_STEP][PASSED] - if (compare == filePoteri): null

11-12-2024T08:03:53 - [TEST_STEP][PASSED] - else: null

11-12-2024T08:03:53 - [TEST_STEP][PASSED] - numberOfErrors = numberOfErrors + 1: null

11-12-2024T08:03:53 - [TEST_STEP][PASSED] - pageInt = pagePoteri: null

11-12-2024T08:03:53 - [TEST_STEP][PASSED] - fileInt = filePoteri: null

11-12-2024T08:03:53 - [TEST_STEP][PASSED] - typeOfData = typeOfDataMain + " Потери": null

11-12-2024T08:03:53 - [TEST_STEP][PASSED] - Script1718980020443.WriteToExcel(a, typeOfData, todaysDate, pageInt, fileInt, pageDouble, fileDouble, dZO): null

11-12-2024T08:03:53 - [TEST_STEP][PASSED] - sheetName = "Sheet1": null

11-12-2024T08:03:53 - [TEST_STEP][PASSED] - data = findTestData("PlanFact"): null

11-12-2024T08:03:53 - [TEST_STEP][PASSED] - n = data.getRowNumbers() + 1: null

11-12-2024T08:03:53 - [TEST_STEP][PASSED] - year = todaysDate.substring(todaysDate.length() - 4, todaysDate.length()): null

11-12-2024T08:03:53 - [TEST_STEP][PASSED] - y = year.toInteger(): null

11-12-2024T08:03:53 - [TEST_STEP][PASSED] - m = getText(findTestObject("Выполнение бизнес-плана/Период")): Text of object 'Object Repository/Выполнение бизнес-плана/Период' is: '1, 2, 3 кв., Октябрь 2024 года'

11-12-2024T08:03:53 - [MESSAGE][PASSED] - Text of object 'Object Repository/Выполнение бизнес-плана/Период' is: '1, 2, 3 кв., Октябрь 2024 года'

11-12-2024T08:03:53 - [TEST_STEP][PASSED] - m = m.substring(0, m.indexOf("2024")): null

11-12-2024T08:03:53 - [TEST_STEP][PASSED] - m = m.trim(): null

11-12-2024T08:03:53 - [TEST_STEP][PASSED] - dashboardName = "Выполнение бизнес-плана": null

11-12-2024T08:03:53 - [TEST_STEP][PASSED] - workbook01 = getWorkbook(excelFilePath): null

11-12-2024T08:03:53 - [TEST_STEP][PASSED] - sheet01 = getExcelSheet(workbook01, sheetName): null

11-12-2024T08:03:53 - [TEST_STEP][PASSED] - setValueToCellByIndex(sheet01, n, 0, dashboardName): null

11-12-2024T08:03:53 - [TEST_STEP][PASSED] - setValueToCellByIndex(sheet01, n, 1, dZO): null

11-12-2024T08:03:53 - [TEST_STEP][PASSED] - setValueToCellByIndex(sheet01, n, 2, typeOfData): null

11-12-2024T08:03:53 - [TEST_STEP][PASSED] - if (typeOfData == "Факт в процентах" || typeOfData == "План в процентах"): null

11-12-2024T08:03:53 - [TEST_STEP][PASSED] - else: null

11-12-2024T08:03:53 - [TEST_STEP][PASSED] - setValueToCellByIndex(sheet01, n, 3, fileInt): null

11-12-2024T08:03:53 - [TEST_STEP][PASSED] - setValueToCellByIndex(sheet01, n, 4, pageInt): null

11-12-2024T08:03:53 - [TEST_STEP][PASSED] - setValueToCellByIndex(sheet01, n, 5, m): null

11-12-2024T08:03:53 - [TEST_STEP][PASSED] - setValueToCellByIndex(sheet01, n, 6, y): null

11-12-2024T08:03:53 - [TEST_STEP][PASSED] - setValueToCellByIndex(sheet01, n, 7, todaysDate): null

11-12-2024T08:03:53 - [TEST_STEP][PASSED] - n = n + 1: null

11-12-2024T08:03:53 - [TEST_STEP][PASSED] - saveWorkbook(excelFilePath, workbook01): null

11-12-2024T08:03:53 - [TEST_STEP][PASSED] - if (planFact == 2): null

11-12-2024T08:03:53 - [TEST_STEP][PASSED] - if (planFact == 1): null

11-12-2024T08:03:53 - [TEST_STEP][PASSED] - else if (planFact == 2): null

11-12-2024T08:03:53 - [TEST_STEP][PASSED] - click(findTestObject("Выполнение бизнес-плана/Кнопка План")): Object: 'Object Repository/Выполнение бизнес-плана/Кнопка План' is clicked on

11-12-2024T08:03:54 - [MESSAGE][PASSED] - Object: 'Object Repository/Выполнение бизнес-плана/Кнопка План' is clicked on

11-12-2024T08:03:54 - [TEST_STEP][PASSED] - typeOfDataMain = "План": null

11-12-2024T08:03:54 - [TEST_STEP][PASSED] - otpusk = findTestData("PlanFact").getValue(2, a): null

11-12-2024T08:03:54 - [TEST_STEP][PASSED] - poteri = findTestData("PlanFact").getValue(3, a): null

11-12-2024T08:03:54 - [TEST_STEP][PASSED] - otpusk = otpusk.replaceAll("\s+", ""): null

11-12-2024T08:03:54 - [TEST_STEP][PASSED] - poteri = poteri.replaceAll("\s+", ""): null

11-12-2024T08:03:54 - [TEST_STEP][PASSED] - typeOfData = typeOfDataMain + " Отпуск в сеть": null

11-12-2024T08:03:54 - [TEST_STEP][PASSED] - if (a == 82): null

11-12-2024T08:03:54 - [TEST_STEP][PASSED] - else if (a == 84): null

11-12-2024T08:03:54 - [TEST_STEP][PASSED] - else if (a == 52 || a == 72 || a == 28 || a == 73 || a == 77 || a == 74 || a == 65 || a == 36 || a == 44 || a == 53 || a == 80 || a == 54 || a == 1 || a == 18 || a == 59 || a == 81): null

11-12-2024T08:03:54 - [TEST_STEP][PASSED] - path = dataFolder + "Table Data/" + typeOfData + " за отчётный период " + dzoNum: null

11-12-2024T08:03:54 - [TEST_STEP][PASSED] - println(path): null

11-12-2024T08:03:54 - [TEST_STEP][PASSED] - page = getText(findTestObject(path)): Text of object 'Object Repository/Выполнение бизнес-плана/Значения со страницы Выполнение бизнес-плана/Table Data/План Отпуск в сеть за отчётный период 4' is: '50 003 068'

11-12-2024T08:03:54 - [MESSAGE][PASSED] - Text of object 'Object Repository/Выполнение бизнес-плана/Значения со страницы Выполнение бизнес-плана/Table Data/План Отпуск в сеть за отчётный период 4' is: '50 003 068'

11-12-2024T08:03:54 - [TEST_STEP][PASSED] - page = page.replaceAll("\s+", ""): null

11-12-2024T08:03:54 - [TEST_STEP][PASSED] - fileOtpuskVSet = otpusk.toInteger(): null

11-12-2024T08:03:54 - [TEST_STEP][PASSED] - pageOtpuskVSet = page.toInteger(): null

11-12-2024T08:03:54 - [TEST_STEP][PASSED] - typeOfData = typeOfDataMain + " Потери": null

11-12-2024T08:03:54 - [TEST_STEP][PASSED] - if (a == 82): null

11-12-2024T08:03:54 - [TEST_STEP][PASSED] - else if (a == 84): null

11-12-2024T08:03:54 - [TEST_STEP][PASSED] - else if (a == 52 || a == 72 || a == 28 || a == 73 || a == 77 || a == 74 || a == 65 || a == 36 || a == 44 || a == 53 || a == 80 || a == 54 || a == 1 || a == 18 || a == 59 || a == 81): null

11-12-2024T08:03:54 - [TEST_STEP][PASSED] - path = dataFolder + "Table Data/" + typeOfData + " за отчётный период " + dzoNum: null

11-12-2024T08:03:54 - [TEST_STEP][PASSED] - page = getText(findTestObject(path)): Text of object 'Object Repository/Выполнение бизнес-плана/Значения со страницы Выполнение бизнес-плана/Table Data/План Потери за отчётный период 4' is: '3 568 444'

11-12-2024T08:03:54 - [MESSAGE][PASSED] - Text of object 'Object Repository/Выполнение бизнес-плана/Значения со страницы Выполнение бизнес-плана/Table Data/План Потери за отчётный период 4' is: '3 568 444'

11-12-2024T08:03:54 - [TEST_STEP][PASSED] - page = page.replaceAll("\s+", ""): null

11-12-2024T08:03:54 - [TEST_STEP][PASSED] - filePoteri = poteri.toInteger(): null

11-12-2024T08:03:54 - [TEST_STEP][PASSED] - pagePoteri = page.toInteger(): null

11-12-2024T08:03:54 - [TEST_STEP][PASSED] - compare = pageOtpuskVSet: null

11-12-2024T08:03:54 - [TEST_STEP][PASSED] - if (compare == fileOtpuskVSet): null

11-12-2024T08:03:54 - [TEST_STEP][PASSED] - else if (compare > fileOtpuskVSet): null

11-12-2024T08:03:54 - [TEST_STEP][PASSED] - compare = compare - 1: null

11-12-2024T08:03:54 - [TEST_STEP][PASSED] - if (compare == fileOtpuskVSet): null

11-12-2024T08:03:54 - [TEST_STEP][PASSED] - else: null

11-12-2024T08:03:54 - [TEST_STEP][PASSED] - numberOfErrors = numberOfErrors + 1: null

11-12-2024T08:03:54 - [TEST_STEP][PASSED] - pageInt = pageOtpuskVSet: null

11-12-2024T08:03:54 - [TEST_STEP][PASSED] - fileInt = fileOtpuskVSet: null

11-12-2024T08:03:54 - [TEST_STEP][PASSED] - typeOfData = typeOfDataMain + " Отпуск в сеть": null

11-12-2024T08:03:54 - [TEST_STEP][PASSED] - Script1718980020443.WriteToExcel(a, typeOfData, todaysDate, pageInt, fileInt, pageDouble, fileDouble, dZO): null

11-12-2024T08:03:54 - [TEST_STEP][PASSED] - sheetName = "Sheet1": null

11-12-2024T08:03:54 - [TEST_STEP][PASSED] - data = findTestData("PlanFact"): null

11-12-2024T08:03:55 - [TEST_STEP][PASSED] - n = data.getRowNumbers() + 1: null

11-12-2024T08:03:55 - [TEST_STEP][PASSED] - year = todaysDate.substring(todaysDate.length() - 4, todaysDate.length()): null

11-12-2024T08:03:55 - [TEST_STEP][PASSED] - y = year.toInteger(): null

11-12-2024T08:03:55 - [TEST_STEP][PASSED] - m = getText(findTestObject("Выполнение бизнес-плана/Период")): Text of object 'Object Repository/Выполнение бизнес-плана/Период' is: '1, 2, 3 кв., Октябрь 2024 года'

11-12-2024T08:03:55 - [MESSAGE][PASSED] - Text of object 'Object Repository/Выполнение бизнес-плана/Период' is: '1, 2, 3 кв., Октябрь 2024 года'

11-12-2024T08:03:55 - [TEST_STEP][PASSED] - m = m.substring(0, m.indexOf("2024")): null

11-12-2024T08:03:55 - [TEST_STEP][PASSED] - m = m.trim(): null

11-12-2024T08:03:55 - [TEST_STEP][PASSED] - dashboardName = "Выполнение бизнес-плана": null

11-12-2024T08:03:55 - [TEST_STEP][PASSED] - workbook01 = getWorkbook(excelFilePath): null

11-12-2024T08:03:55 - [TEST_STEP][PASSED] - sheet01 = getExcelSheet(workbook01, sheetName): null

11-12-2024T08:03:55 - [TEST_STEP][PASSED] - setValueToCellByIndex(sheet01, n, 0, dashboardName): null

11-12-2024T08:03:55 - [TEST_STEP][PASSED] - setValueToCellByIndex(sheet01, n, 1, dZO): null

11-12-2024T08:03:55 - [TEST_STEP][PASSED] - setValueToCellByIndex(sheet01, n, 2, typeOfData): null

11-12-2024T08:03:55 - [TEST_STEP][PASSED] - if (typeOfData == "Факт в процентах" || typeOfData == "План в процентах"): null

11-12-2024T08:03:55 - [TEST_STEP][PASSED] - else: null

11-12-2024T08:03:55 - [TEST_STEP][PASSED] - setValueToCellByIndex(sheet01, n, 3, fileInt): null

11-12-2024T08:03:55 - [TEST_STEP][PASSED] - setValueToCellByIndex(sheet01, n, 4, pageInt): null

11-12-2024T08:03:55 - [TEST_STEP][PASSED] - setValueToCellByIndex(sheet01, n, 5, m): null

11-12-2024T08:03:55 - [TEST_STEP][PASSED] - setValueToCellByIndex(sheet01, n, 6, y): null

11-12-2024T08:03:55 - [TEST_STEP][PASSED] - setValueToCellByIndex(sheet01, n, 7, todaysDate): null

11-12-2024T08:03:55 - [TEST_STEP][PASSED] - n = n + 1: null

11-12-2024T08:03:55 - [TEST_STEP][PASSED] - saveWorkbook(excelFilePath, workbook01): null

11-12-2024T08:03:55 - [TEST_STEP][PASSED] - compare = pagePoteri: null

11-12-2024T08:03:55 - [TEST_STEP][PASSED] - if (compare == filePoteri): null

11-12-2024T08:03:55 - [TEST_STEP][PASSED] - else if (compare > filePoteri): null

11-12-2024T08:03:55 - [TEST_STEP][PASSED] - compare = compare - 1: null

11-12-2024T08:03:55 - [TEST_STEP][PASSED] - if (compare == filePoteri): null

11-12-2024T08:03:55 - [TEST_STEP][PASSED] - else: null

11-12-2024T08:03:55 - [TEST_STEP][PASSED] - numberOfErrors = numberOfErrors + 1: null

11-12-2024T08:03:55 - [TEST_STEP][PASSED] - pageInt = pagePoteri: null

11-12-2024T08:03:55 - [TEST_STEP][PASSED] - fileInt = filePoteri: null

11-12-2024T08:03:55 - [TEST_STEP][PASSED] - typeOfData = typeOfDataMain + " Потери": null

11-12-2024T08:03:55 - [TEST_STEP][PASSED] - Script1718980020443.WriteToExcel(a, typeOfData, todaysDate, pageInt, fileInt, pageDouble, fileDouble, dZO): null

11-12-2024T08:03:55 - [TEST_STEP][PASSED] - sheetName = "Sheet1": null

11-12-2024T08:03:55 - [TEST_STEP][PASSED] - data = findTestData("PlanFact"): null

11-12-2024T08:03:55 - [TEST_STEP][PASSED] - n = data.getRowNumbers() + 1: null

11-12-2024T08:03:55 - [TEST_STEP][PASSED] - year = todaysDate.substring(todaysDate.length() - 4, todaysDate.length()): null

11-12-2024T08:03:55 - [TEST_STEP][PASSED] - y = year.toInteger(): null

11-12-2024T08:03:55 - [TEST_STEP][PASSED] - m = getText(findTestObject("Выполнение бизнес-плана/Период")): Text of object 'Object Repository/Выполнение бизнес-плана/Период' is: '1, 2, 3 кв., Октябрь 2024 года'

11-12-2024T08:03:55 - [MESSAGE][PASSED] - Text of object 'Object Repository/Выполнение бизнес-плана/Период' is: '1, 2, 3 кв., Октябрь 2024 года'

11-12-2024T08:03:55 - [TEST_STEP][PASSED] - m = m.substring(0, m.indexOf("2024")): null

11-12-2024T08:03:55 - [TEST_STEP][PASSED] - m = m.trim(): null

11-12-2024T08:03:55 - [TEST_STEP][PASSED] - dashboardName = "Выполнение бизнес-плана": null

11-12-2024T08:03:55 - [TEST_STEP][PASSED] - workbook01 = getWorkbook(excelFilePath): null

11-12-2024T08:03:56 - [TEST_STEP][PASSED] - sheet01 = getExcelSheet(workbook01, sheetName): null

11-12-2024T08:03:56 - [TEST_STEP][PASSED] - setValueToCellByIndex(sheet01, n, 0, dashboardName): null

11-12-2024T08:03:56 - [TEST_STEP][PASSED] - setValueToCellByIndex(sheet01, n, 1, dZO): null

11-12-2024T08:03:56 - [TEST_STEP][PASSED] - setValueToCellByIndex(sheet01, n, 2, typeOfData): null

11-12-2024T08:03:56 - [TEST_STEP][PASSED] - if (typeOfData == "Факт в процентах" || typeOfData == "План в процентах"): null

11-12-2024T08:03:56 - [TEST_STEP][PASSED] - else: null

11-12-2024T08:03:56 - [TEST_STEP][PASSED] - setValueToCellByIndex(sheet01, n, 3, fileInt): null

11-12-2024T08:03:56 - [TEST_STEP][PASSED] - setValueToCellByIndex(sheet01, n, 4, pageInt): null

11-12-2024T08:03:56 - [TEST_STEP][PASSED] - setValueToCellByIndex(sheet01, n, 5, m): null

11-12-2024T08:03:56 - [TEST_STEP][PASSED] - setValueToCellByIndex(sheet01, n, 6, y): null

11-12-2024T08:03:56 - [TEST_STEP][PASSED] - setValueToCellByIndex(sheet01, n, 7, todaysDate): null

11-12-2024T08:03:56 - [TEST_STEP][PASSED] - n = n + 1: null

11-12-2024T08:03:56 - [TEST_STEP][PASSED] - saveWorkbook(excelFilePath, workbook01): Object: 'Object Repository/Выполнение бизнес-плана/Кнопка Факт' is clicked on

11-12-2024T08:03:56 - [TEST_STEP][PASSED] - if (planFact == 2): Object: 'Object Repository/Выполнение бизнес-плана/Кнопка Факт' is clicked on

11-12-2024T08:03:56 - [TEST_STEP][PASSED] - click(findTestObject("Выполнение бизнес-плана/Кнопка Факт")): Object: 'Object Repository/Выполнение бизнес-плана/Кнопка Факт' is clicked on

11-12-2024T08:03:56 - [MESSAGE][PASSED] - Object: 'Object Repository/Выполнение бизнес-плана/Кнопка Факт' is clicked on

11-12-2024T08:03:56 - [TEST_STEP][PASSED] - if (a == 84 || a == 82): null

11-12-2024T08:03:56 - [TEST_STEP][PASSED] - else if (a == 52 || a == 72 || a == 28 || a == 73 || a == 77 || a == 74 || a == 65 || a == 36 || a == 44 || a == 53 || a == 80 || a == 54 || a == 1 || a == 18 || a == 59 || a == 81): null

11-12-2024T08:03:56 - [TEST_STEP][PASSED] - page1 = getText(findTestObject("Object Repository/Выполнение бизнес-плана/spanPlan" + dzoNum)): Text of object 'Object Repository/Выполнение бизнес-плана/spanPlan4' is: '7.14
|'

11-12-2024T08:03:56 - [MESSAGE][PASSED] - Text of object 'Object Repository/Выполнение бизнес-плана/spanPlan4' is: '7.14
|'

11-12-2024T08:03:56 - [TEST_STEP][PASSED] - page1 = page1.replace("|", ""): null

11-12-2024T08:03:56 - [TEST_STEP][PASSED] - page2 = getText(findTestObject("Object Repository/Выполнение бизнес-плана/spanFact" + dzoNum)): Text of object 'Object Repository/Выполнение бизнес-плана/spanFact4' is: '7.09'

11-12-2024T08:03:57 - [MESSAGE][PASSED] - Text of object 'Object Repository/Выполнение бизнес-плана/spanFact4' is: '7.09'

11-12-2024T08:03:57 - [TEST_STEP][PASSED] - page2 = page2.replace("|", ""): null

11-12-2024T08:03:57 - [TEST_STEP][PASSED] - println("page1: " + page1): null

11-12-2024T08:03:57 - [TEST_STEP][PASSED] - println("page2: " + page2): null

11-12-2024T08:03:57 - [TEST_STEP][PASSED] - file = findTestData("PlanFact").getValue(4, a): null

11-12-2024T08:03:57 - [TEST_STEP][PASSED] - file = file.replace(",", "."): null

11-12-2024T08:03:57 - [TEST_STEP][PASSED] - println("file Plan: " + file): null

11-12-2024T08:03:57 - [TEST_STEP][PASSED] - typeOfData = "План в процентах": null

11-12-2024T08:03:57 - [TEST_STEP][PASSED] - fileDouble = file.toDouble(): null

11-12-2024T08:03:57 - [TEST_STEP][PASSED] - pageDouble = page1.toDouble(): null

11-12-2024T08:03:57 - [TEST_STEP][PASSED] - if (fileDouble != pageDouble): null

11-12-2024T08:03:57 - [TEST_STEP][PASSED] - numberOfErrors = numberOfErrors + 1: null

11-12-2024T08:03:57 - [TEST_STEP][PASSED] - Script1718980020443.WriteToExcel(a, typeOfData, todaysDate, pageInt, fileInt, pageDouble, fileDouble, dZO): null

11-12-2024T08:03:57 - [TEST_STEP][PASSED] - sheetName = "Sheet1": null

11-12-2024T08:03:57 - [TEST_STEP][PASSED] - data = findTestData("PlanFact"): null

11-12-2024T08:03:57 - [TEST_STEP][PASSED] - n = data.getRowNumbers() + 1: null

11-12-2024T08:03:57 - [TEST_STEP][PASSED] - year = todaysDate.substring(todaysDate.length() - 4, todaysDate.length()): null

11-12-2024T08:03:57 - [TEST_STEP][PASSED] - y = year.toInteger(): null

11-12-2024T08:03:57 - [TEST_STEP][PASSED] - m = getText(findTestObject("Выполнение бизнес-плана/Период")): Text of object 'Object Repository/Выполнение бизнес-плана/Период' is: '1, 2, 3 кв., Октябрь 2024 года'

11-12-2024T08:03:57 - [MESSAGE][PASSED] - Text of object 'Object Repository/Выполнение бизнес-плана/Период' is: '1, 2, 3 кв., Октябрь 2024 года'

11-12-2024T08:03:57 - [TEST_STEP][PASSED] - m = m.substring(0, m.indexOf("2024")): null

11-12-2024T08:03:57 - [TEST_STEP][PASSED] - m = m.trim(): null

11-12-2024T08:03:57 - [TEST_STEP][PASSED] - dashboardName = "Выполнение бизнес-плана": null

11-12-2024T08:03:57 - [TEST_STEP][PASSED] - workbook01 = getWorkbook(excelFilePath): null

11-12-2024T08:03:57 - [TEST_STEP][PASSED] - sheet01 = getExcelSheet(workbook01, sheetName): null

11-12-2024T08:03:57 - [TEST_STEP][PASSED] - setValueToCellByIndex(sheet01, n, 0, dashboardName): null

11-12-2024T08:03:57 - [TEST_STEP][PASSED] - setValueToCellByIndex(sheet01, n, 1, dZO): null

11-12-2024T08:03:57 - [TEST_STEP][PASSED] - setValueToCellByIndex(sheet01, n, 2, typeOfData): null

11-12-2024T08:03:57 - [TEST_STEP][PASSED] - if (typeOfData == "Факт в процентах" || typeOfData == "План в процентах"): null

11-12-2024T08:03:57 - [TEST_STEP][PASSED] - setValueToCellByIndex(sheet01, n, 3, fileDouble): null

11-12-2024T08:03:57 - [TEST_STEP][PASSED] - setValueToCellByIndex(sheet01, n, 4, pageDouble): null

11-12-2024T08:03:57 - [TEST_STEP][PASSED] - setValueToCellByIndex(sheet01, n, 5, m): null

11-12-2024T08:03:57 - [TEST_STEP][PASSED] - setValueToCellByIndex(sheet01, n, 6, y): null

11-12-2024T08:03:57 - [TEST_STEP][PASSED] - setValueToCellByIndex(sheet01, n, 7, todaysDate): null

11-12-2024T08:03:57 - [TEST_STEP][PASSED] - n = n + 1: null

11-12-2024T08:03:57 - [TEST_STEP][PASSED] - saveWorkbook(excelFilePath, workbook01): null

11-12-2024T08:03:57 - [TEST_STEP][PASSED] - file = findTestData("PlanFact").getValue(7, a): null

11-12-2024T08:03:57 - [TEST_STEP][PASSED] - file = file.replace(",", "."): null

11-12-2024T08:03:57 - [TEST_STEP][PASSED] - println("file Fact: " + file): null

11-12-2024T08:03:57 - [TEST_STEP][PASSED] - fileDouble = file.toDouble(): null

11-12-2024T08:03:57 - [TEST_STEP][PASSED] - typeOfData = "Факт в процентах": null

11-12-2024T08:03:57 - [TEST_STEP][PASSED] - fileDouble = file.toDouble(): null

11-12-2024T08:03:57 - [TEST_STEP][PASSED] - pageDouble = page2.toDouble(): null

11-12-2024T08:03:57 - [TEST_STEP][PASSED] - if (fileDouble != pageDouble): null

11-12-2024T08:03:57 - [TEST_STEP][PASSED] - numberOfErrors = numberOfErrors + 1: null

11-12-2024T08:03:57 - [TEST_STEP][PASSED] - Script1718980020443.WriteToExcel(a, typeOfData, todaysDate, pageInt, fileInt, pageDouble, fileDouble, dZO): null

11-12-2024T08:03:57 - [TEST_STEP][PASSED] - sheetName = "Sheet1": null

11-12-2024T08:03:57 - [TEST_STEP][PASSED] - data = findTestData("PlanFact"): null

11-12-2024T08:03:57 - [TEST_STEP][PASSED] - n = data.getRowNumbers() + 1: null

11-12-2024T08:03:57 - [TEST_STEP][PASSED] - year = todaysDate.substring(todaysDate.length() - 4, todaysDate.length()): null

11-12-2024T08:03:57 - [TEST_STEP][PASSED] - y = year.toInteger(): null

11-12-2024T08:03:57 - [TEST_STEP][PASSED] - m = getText(findTestObject("Выполнение бизнес-плана/Период")): Text of object 'Object Repository/Выполнение бизнес-плана/Период' is: '1, 2, 3 кв., Октябрь 2024 года'

11-12-2024T08:03:58 - [MESSAGE][PASSED] - Text of object 'Object Repository/Выполнение бизнес-плана/Период' is: '1, 2, 3 кв., Октябрь 2024 года'

11-12-2024T08:03:58 - [TEST_STEP][PASSED] - m = m.substring(0, m.indexOf("2024")): null

11-12-2024T08:03:58 - [TEST_STEP][PASSED] - m = m.trim(): null

11-12-2024T08:03:58 - [TEST_STEP][PASSED] - dashboardName = "Выполнение бизнес-плана": null

11-12-2024T08:03:58 - [TEST_STEP][PASSED] - workbook01 = getWorkbook(excelFilePath): null

11-12-2024T08:03:58 - [TEST_STEP][PASSED] - sheet01 = getExcelSheet(workbook01, sheetName): null

11-12-2024T08:03:58 - [TEST_STEP][PASSED] - setValueToCellByIndex(sheet01, n, 0, dashboardName): null

11-12-2024T08:03:58 - [TEST_STEP][PASSED] - setValueToCellByIndex(sheet01, n, 1, dZO): null

11-12-2024T08:03:58 - [TEST_STEP][PASSED] - setValueToCellByIndex(sheet01, n, 2, typeOfData): null

11-12-2024T08:03:58 - [TEST_STEP][PASSED] - if (typeOfData == "Факт в процентах" || typeOfData == "План в процентах"): null

11-12-2024T08:03:58 - [TEST_STEP][PASSED] - setValueToCellByIndex(sheet01, n, 3, fileDouble): null

11-12-2024T08:03:58 - [TEST_STEP][PASSED] - setValueToCellByIndex(sheet01, n, 4, pageDouble): null

11-12-2024T08:03:58 - [TEST_STEP][PASSED] - setValueToCellByIndex(sheet01, n, 5, m): null

11-12-2024T08:03:58 - [TEST_STEP][PASSED] - setValueToCellByIndex(sheet01, n, 6, y): null

11-12-2024T08:03:58 - [TEST_STEP][PASSED] - setValueToCellByIndex(sheet01, n, 7, todaysDate): null

11-12-2024T08:03:58 - [TEST_STEP][PASSED] - n = n + 1: null

11-12-2024T08:03:58 - [TEST_STEP][PASSED] - saveWorkbook(excelFilePath, workbook01): null

11-12-2024T08:03:58 - [TEST_STEP][FAILED] - if (verifyEqual(numberOfErrors, 0) == false): null

11-12-2024T08:03:58 - [MESSAGE][FAILED] - Unable to verify equal between actual object '6' and expected object '0' (Root cause: com.kms.katalon.core.exception.StepFailedException: Actual object '6' and expected object '0' are not equal
	at com.kms.katalon.core.keyword.builtin.VerifyEqualKeyword$_verifyEqual_closure1.doCall(VerifyEqualKeyword.groovy:58)
	at com.kms.katalon.core.keyword.builtin.VerifyEqualKeyword$_verifyEqual_closure1.call(VerifyEqualKeyword.groovy)
	at com.kms.katalon.core.keyword.internal.KeywordMain.runKeyword(KeywordMain.groovy:75)
	at com.kms.katalon.core.keyword.builtin.VerifyEqualKeyword.verifyEqual(VerifyEqualKeyword.groovy:63)
	at com.kms.katalon.core.keyword.builtin.VerifyEqualKeyword.execute(VerifyEqualKeyword.groovy:44)
	at com.kms.katalon.core.keyword.internal.KeywordExecutor.executeKeywordForPlatform(KeywordExecutor.groovy:74)
	at com.kms.katalon.core.keyword.BuiltinKeywords.verifyEqual(BuiltinKeywords.groovy:146)
	at java.base/jdk.internal.reflect.NativeMethodAccessorImpl.invoke0(Native Method)
	at java.base/jdk.internal.reflect.NativeMethodAccessorImpl.invoke(NativeMethodAccessorImpl.java:77)
	at java.base/jdk.internal.reflect.DelegatingMethodAccessorImpl.invoke(DelegatingMethodAccessorImpl.java:43)
	at Выполнение бизнес-плана Сверка ПАО Россети все филиалы.Numbers(Выполнение бизнес-плана Сверка ПАО Россети все филиалы:752)
	at Выполнение бизнес-плана Сверка ПАО Россети все филиалы.run(Выполнение бизнес-плана Сверка ПАО Россети все филиалы:344)
	at com.kms.katalon.core.main.ScriptEngine.run(ScriptEngine.java:194)
	at com.kms.katalon.core.main.ScriptEngine.runScriptAsRawText(ScriptEngine.java:119)
	at com.kms.katalon.core.main.TestCaseExecutor.runScript(TestCaseExecutor.java:448)
	at com.kms.katalon.core.main.TestCaseExecutor.doExecute(TestCaseExecutor.java:439)
	at com.kms.katalon.core.main.TestCaseExecutor.processExecutionPhase(TestCaseExecutor.java:418)
	at com.kms.katalon.core.main.TestCaseExecutor.accessMainPhase(TestCaseExecutor.java:410)
	at com.kms.katalon.core.main.TestCaseExecutor.execute(TestCaseExecutor.java:285)
	at com.kms.katalon.core.common.CommonExecutor.accessTestCaseMainPhase(CommonExecutor.java:65)
	at com.kms.katalon.core.main.TestSuiteExecutor.accessTestSuiteMainPhase(TestSuiteExecutor.java:150)
	at com.kms.katalon.core.main.TestSuiteExecutor.execute(TestSuiteExecutor.java:106)
	at com.kms.katalon.core.main.TestCaseMain.startTestSuite(TestCaseMain.java:180)
	at TempTestSuite1733892825375.run(TempTestSuite1733892825375.groovy:35)
	at java.base/jdk.internal.reflect.NativeMethodAccessorImpl.invoke0(Native Method)
	at java.base/jdk.internal.reflect.NativeMethodAccessorImpl.invoke(NativeMethodAccessorImpl.java:77)
	at java.base/jdk.internal.reflect.DelegatingMethodAccessorImpl.invoke(DelegatingMethodAccessorImpl.java:43)
)

11-12-2024T08:03:58 - [TEST_STEP][PASSED] - println(numberOfErrors): null

11-12-2024T08:03:58 - [TEST_STEP][PASSED] - if (a == 28 || a == 77 || a == 74 || a == 65 || a == 36 || a == 44 || a == 54 || a == 1 || a == 18 || a == 59): null

11-12-2024T08:03:58 - [TEST_STEP][PASSED] - Script1718980020443.Filials(a, typeOfData, todaysDate, pageInt, fileInt, pageDouble, fileDouble, dZO, dzoNum, filialNum): null

11-12-2024T08:03:58 - [TEST_STEP][PASSED] - i = <not implemented yet for class: org.codehaus.groovy.ast.expr.EmptyExpression>: null

11-12-2024T08:03:58 - [TEST_STEP][PASSED] - c = <not implemented yet for class: org.codehaus.groovy.ast.expr.EmptyExpression>: null

11-12-2024T08:03:58 - [TEST_STEP][PASSED] - page = <not implemented yet for class: org.codehaus.groovy.ast.expr.EmptyExpression>: null

11-12-2024T08:03:58 - [TEST_STEP][PASSED] - println(dZO): null

11-12-2024T08:03:58 - [TEST_STEP][PASSED] - reducedDZO = <not implemented yet for class: org.codehaus.groovy.ast.expr.EmptyExpression>: null

11-12-2024T08:03:58 - [TEST_STEP][PASSED] - reducedDZO = dZO.substring(dZO.indexOf(" ") + 1, dZO.length()): null

11-12-2024T08:03:58 - [TEST_STEP][PASSED] - if (reducedDZO.contains(" ")): null

11-12-2024T08:03:58 - [TEST_STEP][PASSED] - println(reducedDZO): null

11-12-2024T08:03:58 - [TEST_STEP][PASSED] - dzoCut = <not implemented yet for class: org.codehaus.groovy.ast.expr.EmptyExpression>: null

11-12-2024T08:03:58 - [TEST_STEP][PASSED] - Script1718980020443.DZO(a): null

11-12-2024T08:03:58 - [TEST_STEP][PASSED] - Script1718980020443.OpenFilter(): null

11-12-2024T08:03:58 - [TEST_STEP][PASSED] - click(findTestObject("Object Repository/Выполнение бизнес-плана/Фильтр ДЗО")): Object: 'Object Repository/Выполнение бизнес-плана/Фильтр ДЗО' is clicked on

11-12-2024T08:03:58 - [MESSAGE][PASSED] - Object: 'Object Repository/Выполнение бизнес-плана/Фильтр ДЗО' is clicked on

11-12-2024T08:03:58 - [TEST_STEP][PASSED] - click(findTestObject("Выполнение бизнес-плана/Снять выделение в фильтре ДЗО")): Object: 'Object Repository/Выполнение бизнес-плана/Снять выделение в фильтре ДЗО' is clicked on

11-12-2024T08:03:59 - [MESSAGE][PASSED] - Object: 'Object Repository/Выполнение бизнес-плана/Снять выделение в фильтре ДЗО' is clicked on

11-12-2024T08:03:59 - [TEST_STEP][PASSED] - Script1718980020443.OpenRSK(): null

11-12-2024T08:03:59 - [TEST_STEP][PASSED] - click(findTestObject("Выполнение бизнес-плана/Раскрыть список ПАО Россети в фильтре ДЗО")): Object: 'Object Repository/Выполнение бизнес-плана/Раскрыть список ПАО Россети в фильтре ДЗО' is clicked on

11-12-2024T08:03:59 - [MESSAGE][PASSED] - Object: 'Object Repository/Выполнение бизнес-плана/Раскрыть список ПАО Россети в фильтре ДЗО' is clicked on

11-12-2024T08:03:59 - [TEST_STEP][PASSED] - click(findTestObject("Выполнение бизнес-плана/Раскрыть список РаспредКомплекс в фильтре ДЗО")): Object: 'Object Repository/Выполнение бизнес-плана/Раскрыть список РаспредКомплекс в фильтре ДЗО' is clicked on

11-12-2024T08:04:00 - [MESSAGE][PASSED] - Object: 'Object Repository/Выполнение бизнес-плана/Раскрыть список РаспредКомплекс в фильтре ДЗО' is clicked on

11-12-2024T08:04:00 - [TEST_STEP][PASSED] - if (a == 28): null

11-12-2024T08:04:00 - [TEST_STEP][PASSED] - if (a == 77): null

11-12-2024T08:04:00 - [TEST_STEP][PASSED] - if (a == 74): null

11-12-2024T08:04:00 - [TEST_STEP][PASSED] - if (a == 65): null

11-12-2024T08:04:00 - [TEST_STEP][PASSED] - if (a == 36): null

11-12-2024T08:04:00 - [TEST_STEP][PASSED] - if (a == 44): Object: 'Object Repository/Выполнение бизнес-плана/Россети Сибирь' is clicked on

11-12-2024T08:04:00 - [TEST_STEP][PASSED] - scrollToElement(findTestObject("Общие объекты/Раскрыть список Россети Сибирь"), 30): Scroll to object 'Object Repository/Общие объекты/Раскрыть список Россети Сибирь' successfully

11-12-2024T08:04:00 - [MESSAGE][PASSED] - Scroll to object 'Object Repository/Общие объекты/Раскрыть список Россети Сибирь' successfully

11-12-2024T08:04:00 - [TEST_STEP][PASSED] - click(findTestObject("Выполнение бизнес-плана/Россети Сибирь")): Object: 'Object Repository/Выполнение бизнес-плана/Россети Сибирь' is clicked on

11-12-2024T08:04:00 - [MESSAGE][PASSED] - Object: 'Object Repository/Выполнение бизнес-плана/Россети Сибирь' is clicked on

11-12-2024T08:04:00 - [TEST_STEP][PASSED] - if (a == 54): null

11-12-2024T08:04:00 - [TEST_STEP][PASSED] - if (a == 1): null

11-12-2024T08:04:00 - [TEST_STEP][PASSED] - if (a == 18): null

11-12-2024T08:04:00 - [TEST_STEP][PASSED] - if (a == 59): null

11-12-2024T08:04:00 - [TEST_STEP][PASSED] - Script1718980020443.CloseFilter(): null

11-12-2024T08:04:00 - [TEST_STEP][PASSED] - scrollToElement(findTestObject("Выполнение бизнес-плана/Заголовок дашборда"), 30): Scroll to object 'Object Repository/Выполнение бизнес-плана/Заголовок дашборда' successfully

11-12-2024T08:04:01 - [MESSAGE][PASSED] - Scroll to object 'Object Repository/Выполнение бизнес-плана/Заголовок дашборда' successfully

11-12-2024T08:04:01 - [TEST_STEP][PASSED] - click(findTestObject("Object Repository/Выполнение бизнес-плана/Применить в фильтре ДЗО")): Object: 'Object Repository/Выполнение бизнес-плана/Применить в фильтре ДЗО' is clicked on

11-12-2024T08:04:02 - [MESSAGE][PASSED] - Object: 'Object Repository/Выполнение бизнес-плана/Применить в фильтре ДЗО' is clicked on

11-12-2024T08:04:02 - [TEST_STEP][PASSED] - Script1718980020443.ZakrytOpoveshenie(): null

11-12-2024T08:04:02 - [TEST_STEP][PASSED] - delay(10): Delayed 10 second(s)

11-12-2024T08:04:12 - [MESSAGE][PASSED] - Delayed 10 second(s)

11-12-2024T08:04:12 - [TEST_STEP][PASSED] - opoveshenie = getText(findTestObject("Выполнение бизнес-плана/Просьба обратить внимание")): Text of object 'Object Repository/Выполнение бизнес-плана/Просьба обратить внимание' is: ''

11-12-2024T08:04:29 - [MESSAGE][PASSED] - Text of object 'Object Repository/Выполнение бизнес-плана/Просьба обратить внимание' is: ''

11-12-2024T08:04:29 - [TEST_STEP][PASSED] - println(opoveshenie): null

11-12-2024T08:04:29 - [TEST_STEP][PASSED] - if (opoveshenie == "Просьба обратить внимание"): null

11-12-2024T08:04:29 - [TEST_STEP][PASSED] - page = getText(findTestObject("Object Repository/Выполнение бизнес-плана/Filials")): Text of object 'Object Repository/Выполнение бизнес-плана/Filials' is: 'Россети Сибирь
0
10
20
30
40
50
60
70'

11-12-2024T08:04:29 - [MESSAGE][PASSED] - Text of object 'Object Repository/Выполнение бизнес-плана/Filials' is: 'Россети Сибирь
0
10
20
30
40
50
60
70'

11-12-2024T08:04:29 - [TEST_STEP][PASSED] - println(page): null

11-12-2024T08:04:29 - [TEST_STEP][PASSED] - c = page.indexOf(reducedDZO): null

11-12-2024T08:04:29 - [TEST_STEP][PASSED] - if (c > -1): null

11-12-2024T08:04:29 - [TEST_STEP][PASSED] - click(findTestObject("Выполнение бизнес-плана/список")): Object: 'Object Repository/Выполнение бизнес-плана/список' is clicked on

11-12-2024T08:04:30 - [MESSAGE][PASSED] - Object: 'Object Repository/Выполнение бизнес-плана/список' is clicked on

11-12-2024T08:04:30 - [TEST_STEP][PASSED] - delay(10): Delayed 10 second(s)

11-12-2024T08:04:40 - [MESSAGE][PASSED] - Delayed 10 second(s)

11-12-2024T08:04:40 - [TEST_STEP][PASSED] - click(findTestObject("Выполнение бизнес-плана/Раскрытие списка")): Object: 'Object Repository/Выполнение бизнес-плана/Раскрытие списка' is clicked on

11-12-2024T08:04:40 - [MESSAGE][PASSED] - Object: 'Object Repository/Выполнение бизнес-плана/Раскрытие списка' is clicked on

11-12-2024T08:04:40 - [TEST_STEP][PASSED] - delay(10): Delayed 10 second(s)

11-12-2024T08:04:50 - [MESSAGE][PASSED] - Delayed 10 second(s)

11-12-2024T08:04:50 - [TEST_STEP][PASSED] - page = getText(findTestObject("Object Repository/Выполнение бизнес-плана/Filials")): Text of object 'Object Repository/Выполнение бизнес-плана/Filials' is: 'Алтайэнерго
Бурятэнерго
Красноярскэнерго
Кузбассэнерго-РЭС
Омскэнерго
Хакасэнерго
Читаэнерго
0
10
20
30
40
50
60
70'

11-12-2024T08:04:50 - [MESSAGE][PASSED] - Text of object 'Object Repository/Выполнение бизнес-плана/Filials' is: 'Алтайэнерго
Бурятэнерго
Красноярскэнерго
Кузбассэнерго-РЭС
Омскэнерго
Хакасэнерго
Читаэнерго
0
10
20
30
40
50
60
70'

11-12-2024T08:04:50 - [TEST_STEP][PASSED] - println(page): null

11-12-2024T08:04:50 - [TEST_STEP][PASSED] - c = page.indexOf(reducedDZO): null

11-12-2024T08:04:50 - [TEST_STEP][PASSED] - x2 = getText(findTestObject("Выполнение бизнес-плана/Список ДЗО старый")): Text of object 'Object Repository/Выполнение бизнес-плана/Список ДЗО старый' is: 'Алтайэнерго
Бурятэнерго
Красноярскэнерго
Кузбассэнерго-РЭС
Омскэнерго
Хакасэнерго
Читаэнерго
0
10
20
30
40
50
60
70'

11-12-2024T08:04:51 - [MESSAGE][PASSED] - Text of object 'Object Repository/Выполнение бизнес-плана/Список ДЗО старый' is: 'Алтайэнерго
Бурятэнерго
Красноярскэнерго
Кузбассэнерго-РЭС
Омскэнерго
Хакасэнерго
Читаэнерго
0
10
20
30
40
50
60
70'

11-12-2024T08:04:51 - [TEST_STEP][PASSED] - if (a == 28): null

11-12-2024T08:04:51 - [TEST_STEP][PASSED] - if (a == 77): null

11-12-2024T08:04:51 - [TEST_STEP][PASSED] - if (a == 74): null

11-12-2024T08:04:51 - [TEST_STEP][PASSED] - if (a == 65): null

11-12-2024T08:04:51 - [TEST_STEP][PASSED] - if (a == 1): null

11-12-2024T08:04:51 - [TEST_STEP][PASSED] - if (a == 18): null

11-12-2024T08:04:51 - [TEST_STEP][PASSED] - if (a == 36): null

11-12-2024T08:04:51 - [TEST_STEP][PASSED] - if (a == 44): null

11-12-2024T08:04:51 - [TEST_STEP][PASSED] - dZO = "Алтайэнерго": null

11-12-2024T08:04:51 - [TEST_STEP][PASSED] - a = 45: null

11-12-2024T08:04:51 - [TEST_STEP][PASSED] - if (x2.contains(dZO)): null

11-12-2024T08:04:51 - [TEST_STEP][PASSED] - filialNum = filialNum + 1: null

11-12-2024T08:04:51 - [TEST_STEP][PASSED] - Script1718980020443.Numbers(a, typeOfData, todaysDate, pageInt, fileInt, pageDouble, fileDouble, dZO, dzoNum, filialNum): null

11-12-2024T08:04:51 - [TEST_STEP][PASSED] - println(dzoNum): null

11-12-2024T08:04:51 - [TEST_STEP][PASSED] - planFact = <not implemented yet for class: org.codehaus.groovy.ast.expr.EmptyExpression>: null

11-12-2024T08:04:51 - [TEST_STEP][PASSED] - page = <not implemented yet for class: org.codehaus.groovy.ast.expr.EmptyExpression>: null

11-12-2024T08:04:51 - [TEST_STEP][PASSED] - page1 = <not implemented yet for class: org.codehaus.groovy.ast.expr.EmptyExpression>: null

11-12-2024T08:04:51 - [TEST_STEP][PASSED] - page2 = <not implemented yet for class: org.codehaus.groovy.ast.expr.EmptyExpression>: null

11-12-2024T08:04:51 - [TEST_STEP][PASSED] - filialNumberInRow = <not implemented yet for class: org.codehaus.groovy.ast.expr.EmptyExpression>: null

11-12-2024T08:04:51 - [TEST_STEP][PASSED] - filialsDzoNames = <not implemented yet for class: org.codehaus.groovy.ast.expr.EmptyExpression>: null

11-12-2024T08:04:51 - [TEST_STEP][PASSED] - numberOfFilials = <not implemented yet for class: org.codehaus.groovy.ast.expr.EmptyExpression>: null

11-12-2024T08:04:51 - [TEST_STEP][PASSED] - numberOfSpaces = <not implemented yet for class: org.codehaus.groovy.ast.expr.EmptyExpression>: null

11-12-2024T08:04:51 - [TEST_STEP][PASSED] - file = <not implemented yet for class: org.codehaus.groovy.ast.expr.EmptyExpression>: null

11-12-2024T08:04:51 - [TEST_STEP][PASSED] - otpusk = <not implemented yet for class: org.codehaus.groovy.ast.expr.EmptyExpression>: null

11-12-2024T08:04:51 - [TEST_STEP][PASSED] - poteri = <not implemented yet for class: org.codehaus.groovy.ast.expr.EmptyExpression>: null

11-12-2024T08:04:51 - [TEST_STEP][PASSED] - dataFolder = "Выполнение бизнес-плана/Значения со страницы Выполнение бизнес-плана/": null

11-12-2024T08:04:51 - [TEST_STEP][PASSED] - path = <not implemented yet for class: org.codehaus.groovy.ast.expr.EmptyExpression>: null

11-12-2024T08:04:51 - [TEST_STEP][PASSED] - typeOfDataMain = <not implemented yet for class: org.codehaus.groovy.ast.expr.EmptyExpression>: null

11-12-2024T08:04:51 - [TEST_STEP][PASSED] - fileOtpuskVSet = <not implemented yet for class: org.codehaus.groovy.ast.expr.EmptyExpression>: null

11-12-2024T08:04:51 - [TEST_STEP][PASSED] - pageOtpuskVSet = <not implemented yet for class: org.codehaus.groovy.ast.expr.EmptyExpression>: null

11-12-2024T08:04:51 - [TEST_STEP][PASSED] - filePoteri = <not implemented yet for class: org.codehaus.groovy.ast.expr.EmptyExpression>: null

11-12-2024T08:04:51 - [TEST_STEP][PASSED] - pagePoteri = <not implemented yet for class: org.codehaus.groovy.ast.expr.EmptyExpression>: null

11-12-2024T08:04:51 - [TEST_STEP][PASSED] - compare = <not implemented yet for class: org.codehaus.groovy.ast.expr.EmptyExpression>: null

11-12-2024T08:04:51 - [TEST_STEP][PASSED] - b = <not implemented yet for class: org.codehaus.groovy.ast.expr.EmptyExpression>: null

11-12-2024T08:04:51 - [TEST_STEP][PASSED] - i = <not implemented yet for class: org.codehaus.groovy.ast.expr.EmptyExpression>: null

11-12-2024T08:04:51 - [TEST_STEP][PASSED] - ii = <not implemented yet for class: org.codehaus.groovy.ast.expr.EmptyExpression>: null

11-12-2024T08:04:51 - [TEST_STEP][PASSED] - c = <not implemented yet for class: org.codehaus.groovy.ast.expr.EmptyExpression>: null

11-12-2024T08:04:51 - [TEST_STEP][PASSED] - numberOfErrors = 0: null

11-12-2024T08:04:51 - [TEST_STEP][PASSED] - if (a == 82): null

11-12-2024T08:04:51 - [TEST_STEP][PASSED] - b = findTestData("PlanFact").getValue(1, a): null

11-12-2024T08:04:51 - [TEST_STEP][PASSED] - i = b.indexOf(" (ГК)"): null

11-12-2024T08:04:51 - [TEST_STEP][PASSED] - if (i > -1): null

11-12-2024T08:04:51 - [TEST_STEP][PASSED] - i = b.indexOf("О ""): null

11-12-2024T08:04:51 - [TEST_STEP][PASSED] - if (i > -1): null

11-12-2024T08:04:51 - [TEST_STEP][PASSED] - i = b.indexOf("О «"): null

11-12-2024T08:04:51 - [TEST_STEP][PASSED] - if (i > -1): null

11-12-2024T08:04:51 - [TEST_STEP][PASSED] - i = b.indexOf("г. "): null

11-12-2024T08:04:51 - [TEST_STEP][PASSED] - if (i > -1): null

11-12-2024T08:04:51 - [TEST_STEP][PASSED] - println(b): null

11-12-2024T08:04:51 - [TEST_STEP][PASSED] - for ([planFact = 1, planFact < 3, (planFact++)]): Object: 'Object Repository/Выполнение бизнес-плана/Кнопка Факт' is clicked on

11-12-2024T08:04:51 - [TEST_STEP][PASSED] - if (planFact == 1): null

11-12-2024T08:04:51 - [TEST_STEP][PASSED] - typeOfDataMain = "Факт": null

11-12-2024T08:04:51 - [TEST_STEP][PASSED] - otpusk = findTestData("PlanFact").getValue(5, a): null

11-12-2024T08:04:51 - [TEST_STEP][PASSED] - poteri = findTestData("PlanFact").getValue(6, a): null

11-12-2024T08:04:51 - [TEST_STEP][PASSED] - otpusk = otpusk.replaceAll("\s+", ""): null

11-12-2024T08:04:51 - [TEST_STEP][PASSED] - poteri = poteri.replaceAll("\s+", ""): null

11-12-2024T08:04:51 - [TEST_STEP][PASSED] - typeOfData = typeOfDataMain + " Отпуск в сеть": null

11-12-2024T08:04:51 - [TEST_STEP][PASSED] - if (a == 82): null

11-12-2024T08:04:51 - [TEST_STEP][PASSED] - else if (a == 84): null

11-12-2024T08:04:51 - [TEST_STEP][PASSED] - else if (a == 52 || a == 72 || a == 28 || a == 73 || a == 77 || a == 74 || a == 65 || a == 36 || a == 44 || a == 53 || a == 80 || a == 54 || a == 1 || a == 18 || a == 59 || a == 81): null

11-12-2024T08:04:51 - [TEST_STEP][PASSED] - else: null

11-12-2024T08:04:51 - [TEST_STEP][PASSED] - path = dataFolder + typeOfData + " за отчётный период " + b: null

11-12-2024T08:04:51 - [TEST_STEP][PASSED] - println(path): null

11-12-2024T08:04:51 - [TEST_STEP][PASSED] - page = getText(findTestObject(path)): Text of object 'Object Repository/Выполнение бизнес-плана/Значения со страницы Выполнение бизнес-плана/Факт Отпуск в сеть за отчётный период Алтайэнерго' is: '7 241 014'

11-12-2024T08:04:51 - [MESSAGE][PASSED] - Text of object 'Object Repository/Выполнение бизнес-плана/Значения со страницы Выполнение бизнес-плана/Факт Отпуск в сеть за отчётный период Алтайэнерго' is: '7 241 014'

11-12-2024T08:04:51 - [TEST_STEP][PASSED] - page = page.replaceAll("\s+", ""): null

11-12-2024T08:04:51 - [TEST_STEP][PASSED] - fileOtpuskVSet = otpusk.toInteger(): null

11-12-2024T08:04:51 - [TEST_STEP][PASSED] - pageOtpuskVSet = page.toInteger(): null

11-12-2024T08:04:51 - [TEST_STEP][PASSED] - typeOfData = typeOfDataMain + " Потери": null

11-12-2024T08:04:51 - [TEST_STEP][PASSED] - if (a == 82): null

11-12-2024T08:04:51 - [TEST_STEP][PASSED] - else if (a == 84): null

11-12-2024T08:04:51 - [TEST_STEP][PASSED] - else if (a == 52 || a == 72 || a == 28 || a == 73 || a == 77 || a == 74 || a == 65 || a == 36 || a == 44 || a == 53 || a == 80 || a == 54 || a == 1 || a == 18 || a == 59 || a == 81): null

11-12-2024T08:04:51 - [TEST_STEP][PASSED] - else: null

11-12-2024T08:04:51 - [TEST_STEP][PASSED] - path = dataFolder + typeOfData + " за отчётный период " + b: null

11-12-2024T08:04:51 - [TEST_STEP][PASSED] - page = getText(findTestObject(path)): Text of object 'Object Repository/Выполнение бизнес-плана/Значения со страницы Выполнение бизнес-плана/Факт Потери за отчётный период Алтайэнерго' is: '482 290'

11-12-2024T08:04:51 - [MESSAGE][PASSED] - Text of object 'Object Repository/Выполнение бизнес-плана/Значения со страницы Выполнение бизнес-плана/Факт Потери за отчётный период Алтайэнерго' is: '482 290'

11-12-2024T08:04:51 - [TEST_STEP][PASSED] - page = page.replaceAll("\s+", ""): null

11-12-2024T08:04:51 - [TEST_STEP][PASSED] - filePoteri = poteri.toInteger(): null

11-12-2024T08:04:51 - [TEST_STEP][PASSED] - pagePoteri = page.toInteger(): null

11-12-2024T08:04:51 - [TEST_STEP][PASSED] - compare = pageOtpuskVSet: null

11-12-2024T08:04:51 - [TEST_STEP][PASSED] - if (compare == fileOtpuskVSet): null

11-12-2024T08:04:51 - [TEST_STEP][PASSED] - if (compare == fileOtpuskVSet): null

11-12-2024T08:04:51 - [TEST_STEP][PASSED] - compare = pagePoteri: null

11-12-2024T08:04:51 - [TEST_STEP][PASSED] - if (compare == filePoteri): null

11-12-2024T08:04:51 - [TEST_STEP][PASSED] - if (compare == filePoteri): null

11-12-2024T08:04:51 - [TEST_STEP][PASSED] - if (planFact == 2): null

11-12-2024T08:04:51 - [TEST_STEP][PASSED] - if (planFact == 1): null

11-12-2024T08:04:51 - [TEST_STEP][PASSED] - else if (planFact == 2): null

11-12-2024T08:04:51 - [TEST_STEP][PASSED] - click(findTestObject("Выполнение бизнес-плана/Кнопка План")): Object: 'Object Repository/Выполнение бизнес-плана/Кнопка План' is clicked on

11-12-2024T08:04:52 - [MESSAGE][PASSED] - Object: 'Object Repository/Выполнение бизнес-плана/Кнопка План' is clicked on

11-12-2024T08:04:52 - [TEST_STEP][PASSED] - typeOfDataMain = "План": null

11-12-2024T08:04:52 - [TEST_STEP][PASSED] - otpusk = findTestData("PlanFact").getValue(2, a): null

11-12-2024T08:04:52 - [TEST_STEP][PASSED] - poteri = findTestData("PlanFact").getValue(3, a): null

11-12-2024T08:04:52 - [TEST_STEP][PASSED] - otpusk = otpusk.replaceAll("\s+", ""): null

11-12-2024T08:04:52 - [TEST_STEP][PASSED] - poteri = poteri.replaceAll("\s+", ""): null

11-12-2024T08:04:52 - [TEST_STEP][PASSED] - typeOfData = typeOfDataMain + " Отпуск в сеть": null

11-12-2024T08:04:52 - [TEST_STEP][PASSED] - if (a == 82): null

11-12-2024T08:04:52 - [TEST_STEP][PASSED] - else if (a == 84): null

11-12-2024T08:04:52 - [TEST_STEP][PASSED] - else if (a == 52 || a == 72 || a == 28 || a == 73 || a == 77 || a == 74 || a == 65 || a == 36 || a == 44 || a == 53 || a == 80 || a == 54 || a == 1 || a == 18 || a == 59 || a == 81): null

11-12-2024T08:04:52 - [TEST_STEP][PASSED] - else: null

11-12-2024T08:04:52 - [TEST_STEP][PASSED] - path = dataFolder + typeOfData + " за отчётный период " + b: null

11-12-2024T08:04:52 - [TEST_STEP][PASSED] - println(path): null

11-12-2024T08:04:52 - [TEST_STEP][PASSED] - page = getText(findTestObject(path)): Text of object 'Object Repository/Выполнение бизнес-плана/Значения со страницы Выполнение бизнес-плана/План Отпуск в сеть за отчётный период Алтайэнерго' is: '6 902 046'

11-12-2024T08:04:52 - [MESSAGE][PASSED] - Text of object 'Object Repository/Выполнение бизнес-плана/Значения со страницы Выполнение бизнес-плана/План Отпуск в сеть за отчётный период Алтайэнерго' is: '6 902 046'

11-12-2024T08:04:52 - [TEST_STEP][PASSED] - page = page.replaceAll("\s+", ""): null

11-12-2024T08:04:52 - [TEST_STEP][PASSED] - fileOtpuskVSet = otpusk.toInteger(): null

11-12-2024T08:04:52 - [TEST_STEP][PASSED] - pageOtpuskVSet = page.toInteger(): null

11-12-2024T08:04:52 - [TEST_STEP][PASSED] - typeOfData = typeOfDataMain + " Потери": null

11-12-2024T08:04:52 - [TEST_STEP][PASSED] - if (a == 82): null

11-12-2024T08:04:52 - [TEST_STEP][PASSED] - else if (a == 84): null

11-12-2024T08:04:52 - [TEST_STEP][PASSED] - else if (a == 52 || a == 72 || a == 28 || a == 73 || a == 77 || a == 74 || a == 65 || a == 36 || a == 44 || a == 53 || a == 80 || a == 54 || a == 1 || a == 18 || a == 59 || a == 81): null

11-12-2024T08:04:52 - [TEST_STEP][PASSED] - else: null

11-12-2024T08:04:52 - [TEST_STEP][PASSED] - path = dataFolder + typeOfData + " за отчётный период " + b: null

11-12-2024T08:04:52 - [TEST_STEP][PASSED] - page = getText(findTestObject(path)): Text of object 'Object Repository/Выполнение бизнес-плана/Значения со страницы Выполнение бизнес-плана/План Потери за отчётный период Алтайэнерго' is: '463 510'

11-12-2024T08:04:53 - [MESSAGE][PASSED] - Text of object 'Object Repository/Выполнение бизнес-плана/Значения со страницы Выполнение бизнес-плана/План Потери за отчётный период Алтайэнерго' is: '463 510'

11-12-2024T08:04:53 - [TEST_STEP][PASSED] - page = page.replaceAll("\s+", ""): null

11-12-2024T08:04:53 - [TEST_STEP][PASSED] - filePoteri = poteri.toInteger(): null

11-12-2024T08:04:53 - [TEST_STEP][PASSED] - pagePoteri = page.toInteger(): null

11-12-2024T08:04:53 - [TEST_STEP][PASSED] - compare = pageOtpuskVSet: null

11-12-2024T08:04:53 - [TEST_STEP][PASSED] - if (compare == fileOtpuskVSet): null

11-12-2024T08:04:53 - [TEST_STEP][PASSED] - if (compare == fileOtpuskVSet): null

11-12-2024T08:04:53 - [TEST_STEP][PASSED] - compare = pagePoteri: null

11-12-2024T08:04:53 - [TEST_STEP][PASSED] - if (compare == filePoteri): null

11-12-2024T08:04:53 - [TEST_STEP][PASSED] - if (compare == filePoteri): null

11-12-2024T08:04:53 - [TEST_STEP][PASSED] - if (planFact == 2): Object: 'Object Repository/Выполнение бизнес-плана/Кнопка Факт' is clicked on

11-12-2024T08:04:53 - [TEST_STEP][PASSED] - click(findTestObject("Выполнение бизнес-плана/Кнопка Факт")): Object: 'Object Repository/Выполнение бизнес-плана/Кнопка Факт' is clicked on

11-12-2024T08:04:53 - [MESSAGE][PASSED] - Object: 'Object Repository/Выполнение бизнес-плана/Кнопка Факт' is clicked on

11-12-2024T08:04:53 - [TEST_STEP][PASSED] - if (a == 84 || a == 82): null

11-12-2024T08:04:53 - [TEST_STEP][PASSED] - else if (a == 52 || a == 72 || a == 28 || a == 73 || a == 77 || a == 74 || a == 65 || a == 36 || a == 44 || a == 53 || a == 80 || a == 54 || a == 1 || a == 18 || a == 59 || a == 81): null

11-12-2024T08:04:53 - [TEST_STEP][PASSED] - else: null

11-12-2024T08:04:53 - [TEST_STEP][PASSED] - page1 = getText(findTestObject("Object Repository/Выполнение бизнес-плана/spanPlan" + filialNum)): Text of object 'Object Repository/Выполнение бизнес-плана/spanPlan1' is: '6.72
|'

11-12-2024T08:04:53 - [MESSAGE][PASSED] - Text of object 'Object Repository/Выполнение бизнес-плана/spanPlan1' is: '6.72
|'

11-12-2024T08:04:53 - [TEST_STEP][PASSED] - page1 = page1.replace("|", ""): null

11-12-2024T08:04:53 - [TEST_STEP][PASSED] - page2 = getText(findTestObject("Object Repository/Выполнение бизнес-плана/spanFact" + filialNum)): Text of object 'Object Repository/Выполнение бизнес-плана/spanFact1' is: '6.66
|'

11-12-2024T08:04:53 - [MESSAGE][PASSED] - Text of object 'Object Repository/Выполнение бизнес-плана/spanFact1' is: '6.66
|'

11-12-2024T08:04:53 - [TEST_STEP][PASSED] - page2 = page2.replace("|", ""): null

11-12-2024T08:04:53 - [TEST_STEP][PASSED] - println("page1: " + page1): null

11-12-2024T08:04:53 - [TEST_STEP][PASSED] - println("page2: " + page2): null

11-12-2024T08:04:53 - [TEST_STEP][PASSED] - file = findTestData("PlanFact").getValue(4, a): null

11-12-2024T08:04:54 - [TEST_STEP][PASSED] - file = file.replace(",", "."): null

11-12-2024T08:04:54 - [TEST_STEP][PASSED] - println("file Plan: " + file): null

11-12-2024T08:04:54 - [TEST_STEP][PASSED] - typeOfData = "План в процентах": null

11-12-2024T08:04:54 - [TEST_STEP][PASSED] - fileDouble = file.toDouble(): null

11-12-2024T08:04:54 - [TEST_STEP][PASSED] - pageDouble = page1.toDouble(): null

11-12-2024T08:04:54 - [TEST_STEP][PASSED] - if (fileDouble != pageDouble): null

11-12-2024T08:04:54 - [TEST_STEP][PASSED] - file = findTestData("PlanFact").getValue(7, a): null

11-12-2024T08:04:54 - [TEST_STEP][PASSED] - file = file.replace(",", "."): null

11-12-2024T08:04:54 - [TEST_STEP][PASSED] - println("file Fact: " + file): null

11-12-2024T08:04:54 - [TEST_STEP][PASSED] - fileDouble = file.toDouble(): null

11-12-2024T08:04:54 - [TEST_STEP][PASSED] - typeOfData = "Факт в процентах": null

11-12-2024T08:04:54 - [TEST_STEP][PASSED] - fileDouble = file.toDouble(): null

11-12-2024T08:04:54 - [TEST_STEP][PASSED] - pageDouble = page2.toDouble(): null

11-12-2024T08:04:54 - [TEST_STEP][PASSED] - if (fileDouble != pageDouble): null

11-12-2024T08:04:54 - [TEST_STEP][PASSED] - if (verifyEqual(numberOfErrors, 0) == false): Actual object '0' and expected object '0' are equal

11-12-2024T08:04:54 - [MESSAGE][PASSED] - Actual object '0' and expected object '0' are equal

11-12-2024T08:04:54 - [TEST_STEP][PASSED] - if (a == 82): null

11-12-2024T08:04:54 - [TEST_STEP][PASSED] - dZO = "Бурятэнерго": null

11-12-2024T08:04:54 - [TEST_STEP][PASSED] - a = 46: null

11-12-2024T08:04:54 - [TEST_STEP][PASSED] - if (x2.contains(dZO)): null

11-12-2024T08:04:54 - [TEST_STEP][PASSED] - filialNum = filialNum + 1: null

11-12-2024T08:04:54 - [TEST_STEP][PASSED] - Script1718980020443.Numbers(a, typeOfData, todaysDate, pageInt, fileInt, pageDouble, fileDouble, dZO, dzoNum, filialNum): null

11-12-2024T08:04:54 - [TEST_STEP][PASSED] - println(dzoNum): null

11-12-2024T08:04:54 - [TEST_STEP][PASSED] - planFact = <not implemented yet for class: org.codehaus.groovy.ast.expr.EmptyExpression>: null

11-12-2024T08:04:54 - [TEST_STEP][PASSED] - page = <not implemented yet for class: org.codehaus.groovy.ast.expr.EmptyExpression>: null

11-12-2024T08:04:54 - [TEST_STEP][PASSED] - page1 = <not implemented yet for class: org.codehaus.groovy.ast.expr.EmptyExpression>: null

11-12-2024T08:04:54 - [TEST_STEP][PASSED] - page2 = <not implemented yet for class: org.codehaus.groovy.ast.expr.EmptyExpression>: null

11-12-2024T08:04:54 - [TEST_STEP][PASSED] - filialNumberInRow = <not implemented yet for class: org.codehaus.groovy.ast.expr.EmptyExpression>: null

11-12-2024T08:04:54 - [TEST_STEP][PASSED] - filialsDzoNames = <not implemented yet for class: org.codehaus.groovy.ast.expr.EmptyExpression>: null

11-12-2024T08:04:54 - [TEST_STEP][PASSED] - numberOfFilials = <not implemented yet for class: org.codehaus.groovy.ast.expr.EmptyExpression>: null

11-12-2024T08:04:54 - [TEST_STEP][PASSED] - numberOfSpaces = <not implemented yet for class: org.codehaus.groovy.ast.expr.EmptyExpression>: null

11-12-2024T08:04:54 - [TEST_STEP][PASSED] - file = <not implemented yet for class: org.codehaus.groovy.ast.expr.EmptyExpression>: null

11-12-2024T08:04:54 - [TEST_STEP][PASSED] - otpusk = <not implemented yet for class: org.codehaus.groovy.ast.expr.EmptyExpression>: null

11-12-2024T08:04:54 - [TEST_STEP][PASSED] - poteri = <not implemented yet for class: org.codehaus.groovy.ast.expr.EmptyExpression>: null

11-12-2024T08:04:54 - [TEST_STEP][PASSED] - dataFolder = "Выполнение бизнес-плана/Значения со страницы Выполнение бизнес-плана/": null

11-12-2024T08:04:54 - [TEST_STEP][PASSED] - path = <not implemented yet for class: org.codehaus.groovy.ast.expr.EmptyExpression>: null

11-12-2024T08:04:54 - [TEST_STEP][PASSED] - typeOfDataMain = <not implemented yet for class: org.codehaus.groovy.ast.expr.EmptyExpression>: null

11-12-2024T08:04:54 - [TEST_STEP][PASSED] - fileOtpuskVSet = <not implemented yet for class: org.codehaus.groovy.ast.expr.EmptyExpression>: null

11-12-2024T08:04:54 - [TEST_STEP][PASSED] - pageOtpuskVSet = <not implemented yet for class: org.codehaus.groovy.ast.expr.EmptyExpression>: null

11-12-2024T08:04:54 - [TEST_STEP][PASSED] - filePoteri = <not implemented yet for class: org.codehaus.groovy.ast.expr.EmptyExpression>: null

11-12-2024T08:04:54 - [TEST_STEP][PASSED] - pagePoteri = <not implemented yet for class: org.codehaus.groovy.ast.expr.EmptyExpression>: null

11-12-2024T08:04:54 - [TEST_STEP][PASSED] - compare = <not implemented yet for class: org.codehaus.groovy.ast.expr.EmptyExpression>: null

11-12-2024T08:04:54 - [TEST_STEP][PASSED] - b = <not implemented yet for class: org.codehaus.groovy.ast.expr.EmptyExpression>: null

11-12-2024T08:04:54 - [TEST_STEP][PASSED] - i = <not implemented yet for class: org.codehaus.groovy.ast.expr.EmptyExpression>: null

11-12-2024T08:04:54 - [TEST_STEP][PASSED] - ii = <not implemented yet for class: org.codehaus.groovy.ast.expr.EmptyExpression>: null

11-12-2024T08:04:54 - [TEST_STEP][PASSED] - c = <not implemented yet for class: org.codehaus.groovy.ast.expr.EmptyExpression>: null

11-12-2024T08:04:54 - [TEST_STEP][PASSED] - numberOfErrors = 0: null

11-12-2024T08:04:54 - [TEST_STEP][PASSED] - if (a == 82): null

11-12-2024T08:04:54 - [TEST_STEP][PASSED] - b = findTestData("PlanFact").getValue(1, a): null

11-12-2024T08:04:54 - [TEST_STEP][PASSED] - i = b.indexOf(" (ГК)"): null

11-12-2024T08:04:54 - [TEST_STEP][PASSED] - if (i > -1): null

11-12-2024T08:04:54 - [TEST_STEP][PASSED] - i = b.indexOf("О ""): null

11-12-2024T08:04:54 - [TEST_STEP][PASSED] - if (i > -1): null

11-12-2024T08:04:54 - [TEST_STEP][PASSED] - i = b.indexOf("О «"): null

11-12-2024T08:04:54 - [TEST_STEP][PASSED] - if (i > -1): null

11-12-2024T08:04:54 - [TEST_STEP][PASSED] - i = b.indexOf("г. "): null

11-12-2024T08:04:54 - [TEST_STEP][PASSED] - if (i > -1): null

11-12-2024T08:04:54 - [TEST_STEP][PASSED] - println(b): null

11-12-2024T08:04:54 - [TEST_STEP][PASSED] - for ([planFact = 1, planFact < 3, (planFact++)]): Object: 'Object Repository/Выполнение бизнес-плана/Кнопка Факт' is clicked on

11-12-2024T08:04:54 - [TEST_STEP][PASSED] - if (planFact == 1): null

11-12-2024T08:04:54 - [TEST_STEP][PASSED] - typeOfDataMain = "Факт": null

11-12-2024T08:04:54 - [TEST_STEP][PASSED] - otpusk = findTestData("PlanFact").getValue(5, a): null

11-12-2024T08:04:54 - [TEST_STEP][PASSED] - poteri = findTestData("PlanFact").getValue(6, a): null

11-12-2024T08:04:54 - [TEST_STEP][PASSED] - otpusk = otpusk.replaceAll("\s+", ""): null

11-12-2024T08:04:54 - [TEST_STEP][PASSED] - poteri = poteri.replaceAll("\s+", ""): null

11-12-2024T08:04:54 - [TEST_STEP][PASSED] - typeOfData = typeOfDataMain + " Отпуск в сеть": null

11-12-2024T08:04:54 - [TEST_STEP][PASSED] - if (a == 82): null

11-12-2024T08:04:54 - [TEST_STEP][PASSED] - else if (a == 84): null

11-12-2024T08:04:54 - [TEST_STEP][PASSED] - else if (a == 52 || a == 72 || a == 28 || a == 73 || a == 77 || a == 74 || a == 65 || a == 36 || a == 44 || a == 53 || a == 80 || a == 54 || a == 1 || a == 18 || a == 59 || a == 81): null

11-12-2024T08:04:54 - [TEST_STEP][PASSED] - else: null

11-12-2024T08:04:54 - [TEST_STEP][PASSED] - path = dataFolder + typeOfData + " за отчётный период " + b: null

11-12-2024T08:04:54 - [TEST_STEP][PASSED] - println(path): null

11-12-2024T08:04:54 - [TEST_STEP][PASSED] - page = getText(findTestObject(path)): Text of object 'Object Repository/Выполнение бизнес-плана/Значения со страницы Выполнение бизнес-плана/Факт Отпуск в сеть за отчётный период Бурятэнерго' is: '4 219 624'

11-12-2024T08:04:54 - [MESSAGE][PASSED] - Text of object 'Object Repository/Выполнение бизнес-плана/Значения со страницы Выполнение бизнес-плана/Факт Отпуск в сеть за отчётный период Бурятэнерго' is: '4 219 624'

11-12-2024T08:04:54 - [TEST_STEP][PASSED] - page = page.replaceAll("\s+", ""): null

11-12-2024T08:04:54 - [TEST_STEP][PASSED] - fileOtpuskVSet = otpusk.toInteger(): null

11-12-2024T08:04:54 - [TEST_STEP][PASSED] - pageOtpuskVSet = page.toInteger(): null

11-12-2024T08:04:54 - [TEST_STEP][PASSED] - typeOfData = typeOfDataMain + " Потери": null

11-12-2024T08:04:54 - [TEST_STEP][PASSED] - if (a == 82): null

11-12-2024T08:04:54 - [TEST_STEP][PASSED] - else if (a == 84): null

11-12-2024T08:04:54 - [TEST_STEP][PASSED] - else if (a == 52 || a == 72 || a == 28 || a == 73 || a == 77 || a == 74 || a == 65 || a == 36 || a == 44 || a == 53 || a == 80 || a == 54 || a == 1 || a == 18 || a == 59 || a == 81): null

11-12-2024T08:04:54 - [TEST_STEP][PASSED] - else: null

11-12-2024T08:04:54 - [TEST_STEP][PASSED] - path = dataFolder + typeOfData + " за отчётный период " + b: null

11-12-2024T08:04:54 - [TEST_STEP][PASSED] - page = getText(findTestObject(path)): Text of object 'Object Repository/Выполнение бизнес-плана/Значения со страницы Выполнение бизнес-плана/Факт Потери за отчётный период Бурятэнерго' is: '465 713'

11-12-2024T08:04:54 - [MESSAGE][PASSED] - Text of object 'Object Repository/Выполнение бизнес-плана/Значения со страницы Выполнение бизнес-плана/Факт Потери за отчётный период Бурятэнерго' is: '465 713'

11-12-2024T08:04:54 - [TEST_STEP][PASSED] - page = page.replaceAll("\s+", ""): null

11-12-2024T08:04:54 - [TEST_STEP][PASSED] - filePoteri = poteri.toInteger(): null

11-12-2024T08:04:54 - [TEST_STEP][PASSED] - pagePoteri = page.toInteger(): null

11-12-2024T08:04:54 - [TEST_STEP][PASSED] - compare = pageOtpuskVSet: null

11-12-2024T08:04:54 - [TEST_STEP][PASSED] - if (compare == fileOtpuskVSet): null

11-12-2024T08:04:54 - [TEST_STEP][PASSED] - if (compare == fileOtpuskVSet): null

11-12-2024T08:04:54 - [TEST_STEP][PASSED] - compare = pagePoteri: null

11-12-2024T08:04:54 - [TEST_STEP][PASSED] - if (compare == filePoteri): null

11-12-2024T08:04:54 - [TEST_STEP][PASSED] - if (compare == filePoteri): null

11-12-2024T08:04:54 - [TEST_STEP][PASSED] - if (planFact == 2): null

11-12-2024T08:04:54 - [TEST_STEP][PASSED] - if (planFact == 1): null

11-12-2024T08:04:54 - [TEST_STEP][PASSED] - else if (planFact == 2): null

11-12-2024T08:04:54 - [TEST_STEP][PASSED] - click(findTestObject("Выполнение бизнес-плана/Кнопка План")): Object: 'Object Repository/Выполнение бизнес-плана/Кнопка План' is clicked on

11-12-2024T08:04:55 - [MESSAGE][PASSED] - Object: 'Object Repository/Выполнение бизнес-плана/Кнопка План' is clicked on

11-12-2024T08:04:55 - [TEST_STEP][PASSED] - typeOfDataMain = "План": null

11-12-2024T08:04:55 - [TEST_STEP][PASSED] - otpusk = findTestData("PlanFact").getValue(2, a): null

11-12-2024T08:04:55 - [TEST_STEP][PASSED] - poteri = findTestData("PlanFact").getValue(3, a): null

11-12-2024T08:04:55 - [TEST_STEP][PASSED] - otpusk = otpusk.replaceAll("\s+", ""): null

11-12-2024T08:04:55 - [TEST_STEP][PASSED] - poteri = poteri.replaceAll("\s+", ""): null

11-12-2024T08:04:55 - [TEST_STEP][PASSED] - typeOfData = typeOfDataMain + " Отпуск в сеть": null

11-12-2024T08:04:55 - [TEST_STEP][PASSED] - if (a == 82): null

11-12-2024T08:04:55 - [TEST_STEP][PASSED] - else if (a == 84): null

11-12-2024T08:04:55 - [TEST_STEP][PASSED] - else if (a == 52 || a == 72 || a == 28 || a == 73 || a == 77 || a == 74 || a == 65 || a == 36 || a == 44 || a == 53 || a == 80 || a == 54 || a == 1 || a == 18 || a == 59 || a == 81): null

11-12-2024T08:04:55 - [TEST_STEP][PASSED] - else: null

11-12-2024T08:04:55 - [TEST_STEP][PASSED] - path = dataFolder + typeOfData + " за отчётный период " + b: null

11-12-2024T08:04:55 - [TEST_STEP][PASSED] - println(path): null

11-12-2024T08:04:55 - [TEST_STEP][PASSED] - page = getText(findTestObject(path)): Text of object 'Object Repository/Выполнение бизнес-плана/Значения со страницы Выполнение бизнес-плана/План Отпуск в сеть за отчётный период Бурятэнерго' is: '4 043 901'

11-12-2024T08:04:55 - [MESSAGE][PASSED] - Text of object 'Object Repository/Выполнение бизнес-плана/Значения со страницы Выполнение бизнес-плана/План Отпуск в сеть за отчётный период Бурятэнерго' is: '4 043 901'

11-12-2024T08:04:55 - [TEST_STEP][PASSED] - page = page.replaceAll("\s+", ""): null

11-12-2024T08:04:55 - [TEST_STEP][PASSED] - fileOtpuskVSet = otpusk.toInteger(): null

11-12-2024T08:04:55 - [TEST_STEP][PASSED] - pageOtpuskVSet = page.toInteger(): null

11-12-2024T08:04:55 - [TEST_STEP][PASSED] - typeOfData = typeOfDataMain + " Потери": null

11-12-2024T08:04:55 - [TEST_STEP][PASSED] - if (a == 82): null

11-12-2024T08:04:55 - [TEST_STEP][PASSED] - else if (a == 84): null

11-12-2024T08:04:55 - [TEST_STEP][PASSED] - else if (a == 52 || a == 72 || a == 28 || a == 73 || a == 77 || a == 74 || a == 65 || a == 36 || a == 44 || a == 53 || a == 80 || a == 54 || a == 1 || a == 18 || a == 59 || a == 81): null

11-12-2024T08:04:55 - [TEST_STEP][PASSED] - else: null

11-12-2024T08:04:55 - [TEST_STEP][PASSED] - path = dataFolder + typeOfData + " за отчётный период " + b: null

11-12-2024T08:04:55 - [TEST_STEP][PASSED] - page = getText(findTestObject(path)): Text of object 'Object Repository/Выполнение бизнес-плана/Значения со страницы Выполнение бизнес-плана/План Потери за отчётный период Бурятэнерго' is: '428 176'

11-12-2024T08:04:55 - [MESSAGE][PASSED] - Text of object 'Object Repository/Выполнение бизнес-плана/Значения со страницы Выполнение бизнес-плана/План Потери за отчётный период Бурятэнерго' is: '428 176'

11-12-2024T08:04:55 - [TEST_STEP][PASSED] - page = page.replaceAll("\s+", ""): null

11-12-2024T08:04:55 - [TEST_STEP][PASSED] - filePoteri = poteri.toInteger(): null

11-12-2024T08:04:55 - [TEST_STEP][PASSED] - pagePoteri = page.toInteger(): null

11-12-2024T08:04:55 - [TEST_STEP][PASSED] - compare = pageOtpuskVSet: null

11-12-2024T08:04:55 - [TEST_STEP][PASSED] - if (compare == fileOtpuskVSet): null

11-12-2024T08:04:55 - [TEST_STEP][PASSED] - if (compare == fileOtpuskVSet): null

11-12-2024T08:04:55 - [TEST_STEP][PASSED] - compare = pagePoteri: null

11-12-2024T08:04:55 - [TEST_STEP][PASSED] - if (compare == filePoteri): null

11-12-2024T08:04:55 - [TEST_STEP][PASSED] - if (compare == filePoteri): null

11-12-2024T08:04:55 - [TEST_STEP][PASSED] - if (planFact == 2): Object: 'Object Repository/Выполнение бизнес-плана/Кнопка Факт' is clicked on

11-12-2024T08:04:55 - [TEST_STEP][PASSED] - click(findTestObject("Выполнение бизнес-плана/Кнопка Факт")): Object: 'Object Repository/Выполнение бизнес-плана/Кнопка Факт' is clicked on

11-12-2024T08:04:56 - [MESSAGE][PASSED] - Object: 'Object Repository/Выполнение бизнес-плана/Кнопка Факт' is clicked on

11-12-2024T08:04:56 - [TEST_STEP][PASSED] - if (a == 84 || a == 82): null

11-12-2024T08:04:56 - [TEST_STEP][PASSED] - else if (a == 52 || a == 72 || a == 28 || a == 73 || a == 77 || a == 74 || a == 65 || a == 36 || a == 44 || a == 53 || a == 80 || a == 54 || a == 1 || a == 18 || a == 59 || a == 81): null

11-12-2024T08:04:56 - [TEST_STEP][PASSED] - else: null

11-12-2024T08:04:56 - [TEST_STEP][PASSED] - page1 = getText(findTestObject("Object Repository/Выполнение бизнес-плана/spanPlan" + filialNum)): Text of object 'Object Repository/Выполнение бизнес-плана/spanPlan2' is: '10.59
|'

11-12-2024T08:04:56 - [MESSAGE][PASSED] - Text of object 'Object Repository/Выполнение бизнес-плана/spanPlan2' is: '10.59
|'

11-12-2024T08:04:56 - [TEST_STEP][PASSED] - page1 = page1.replace("|", ""): null

11-12-2024T08:04:56 - [TEST_STEP][PASSED] - page2 = getText(findTestObject("Object Repository/Выполнение бизнес-плана/spanFact" + filialNum)): Text of object 'Object Repository/Выполнение бизнес-плана/spanFact2' is: '11.04
|'

11-12-2024T08:04:56 - [MESSAGE][PASSED] - Text of object 'Object Repository/Выполнение бизнес-плана/spanFact2' is: '11.04
|'

11-12-2024T08:04:56 - [TEST_STEP][PASSED] - page2 = page2.replace("|", ""): null

11-12-2024T08:04:56 - [TEST_STEP][PASSED] - println("page1: " + page1): null

11-12-2024T08:04:56 - [TEST_STEP][PASSED] - println("page2: " + page2): null

11-12-2024T08:04:56 - [TEST_STEP][PASSED] - file = findTestData("PlanFact").getValue(4, a): null

11-12-2024T08:04:56 - [TEST_STEP][PASSED] - file = file.replace(",", "."): null

11-12-2024T08:04:56 - [TEST_STEP][PASSED] - println("file Plan: " + file): null

11-12-2024T08:04:56 - [TEST_STEP][PASSED] - typeOfData = "План в процентах": null

11-12-2024T08:04:56 - [TEST_STEP][PASSED] - fileDouble = file.toDouble(): null

11-12-2024T08:04:56 - [TEST_STEP][PASSED] - pageDouble = page1.toDouble(): null

11-12-2024T08:04:56 - [TEST_STEP][PASSED] - if (fileDouble != pageDouble): null

11-12-2024T08:04:56 - [TEST_STEP][PASSED] - file = findTestData("PlanFact").getValue(7, a): null

11-12-2024T08:04:57 - [TEST_STEP][PASSED] - file = file.replace(",", "."): null

11-12-2024T08:04:57 - [TEST_STEP][PASSED] - println("file Fact: " + file): null

11-12-2024T08:04:57 - [TEST_STEP][PASSED] - fileDouble = file.toDouble(): null

11-12-2024T08:04:57 - [TEST_STEP][PASSED] - typeOfData = "Факт в процентах": null

11-12-2024T08:04:57 - [TEST_STEP][PASSED] - fileDouble = file.toDouble(): null

11-12-2024T08:04:57 - [TEST_STEP][PASSED] - pageDouble = page2.toDouble(): null

11-12-2024T08:04:57 - [TEST_STEP][PASSED] - if (fileDouble != pageDouble): null

11-12-2024T08:04:57 - [TEST_STEP][PASSED] - if (verifyEqual(numberOfErrors, 0) == false): Actual object '0' and expected object '0' are equal

11-12-2024T08:04:57 - [MESSAGE][PASSED] - Actual object '0' and expected object '0' are equal

11-12-2024T08:04:57 - [TEST_STEP][PASSED] - if (a == 82): null

11-12-2024T08:04:57 - [TEST_STEP][PASSED] - dZO = "Красноярскэнерго": null

11-12-2024T08:04:57 - [TEST_STEP][PASSED] - a = 47: null

11-12-2024T08:04:57 - [TEST_STEP][PASSED] - if (x2.contains(dZO)): null

11-12-2024T08:04:57 - [TEST_STEP][PASSED] - filialNum = filialNum + 1: null

11-12-2024T08:04:57 - [TEST_STEP][PASSED] - Script1718980020443.Numbers(a, typeOfData, todaysDate, pageInt, fileInt, pageDouble, fileDouble, dZO, dzoNum, filialNum): null

11-12-2024T08:04:57 - [TEST_STEP][PASSED] - println(dzoNum): null

11-12-2024T08:04:57 - [TEST_STEP][PASSED] - planFact = <not implemented yet for class: org.codehaus.groovy.ast.expr.EmptyExpression>: null

11-12-2024T08:04:57 - [TEST_STEP][PASSED] - page = <not implemented yet for class: org.codehaus.groovy.ast.expr.EmptyExpression>: null

11-12-2024T08:04:57 - [TEST_STEP][PASSED] - page1 = <not implemented yet for class: org.codehaus.groovy.ast.expr.EmptyExpression>: null

11-12-2024T08:04:57 - [TEST_STEP][PASSED] - page2 = <not implemented yet for class: org.codehaus.groovy.ast.expr.EmptyExpression>: null

11-12-2024T08:04:57 - [TEST_STEP][PASSED] - filialNumberInRow = <not implemented yet for class: org.codehaus.groovy.ast.expr.EmptyExpression>: null

11-12-2024T08:04:57 - [TEST_STEP][PASSED] - filialsDzoNames = <not implemented yet for class: org.codehaus.groovy.ast.expr.EmptyExpression>: null

11-12-2024T08:04:57 - [TEST_STEP][PASSED] - numberOfFilials = <not implemented yet for class: org.codehaus.groovy.ast.expr.EmptyExpression>: null

11-12-2024T08:04:57 - [TEST_STEP][PASSED] - numberOfSpaces = <not implemented yet for class: org.codehaus.groovy.ast.expr.EmptyExpression>: null

11-12-2024T08:04:57 - [TEST_STEP][PASSED] - file = <not implemented yet for class: org.codehaus.groovy.ast.expr.EmptyExpression>: null

11-12-2024T08:04:57 - [TEST_STEP][PASSED] - otpusk = <not implemented yet for class: org.codehaus.groovy.ast.expr.EmptyExpression>: null

11-12-2024T08:04:57 - [TEST_STEP][PASSED] - poteri = <not implemented yet for class: org.codehaus.groovy.ast.expr.EmptyExpression>: null

11-12-2024T08:04:57 - [TEST_STEP][PASSED] - dataFolder = "Выполнение бизнес-плана/Значения со страницы Выполнение бизнес-плана/": null

11-12-2024T08:04:57 - [TEST_STEP][PASSED] - path = <not implemented yet for class: org.codehaus.groovy.ast.expr.EmptyExpression>: null

11-12-2024T08:04:57 - [TEST_STEP][PASSED] - typeOfDataMain = <not implemented yet for class: org.codehaus.groovy.ast.expr.EmptyExpression>: null

11-12-2024T08:04:57 - [TEST_STEP][PASSED] - fileOtpuskVSet = <not implemented yet for class: org.codehaus.groovy.ast.expr.EmptyExpression>: null

11-12-2024T08:04:57 - [TEST_STEP][PASSED] - pageOtpuskVSet = <not implemented yet for class: org.codehaus.groovy.ast.expr.EmptyExpression>: null

11-12-2024T08:04:57 - [TEST_STEP][PASSED] - filePoteri = <not implemented yet for class: org.codehaus.groovy.ast.expr.EmptyExpression>: null

11-12-2024T08:04:57 - [TEST_STEP][PASSED] - pagePoteri = <not implemented yet for class: org.codehaus.groovy.ast.expr.EmptyExpression>: null

11-12-2024T08:04:57 - [TEST_STEP][PASSED] - compare = <not implemented yet for class: org.codehaus.groovy.ast.expr.EmptyExpression>: null

11-12-2024T08:04:57 - [TEST_STEP][PASSED] - b = <not implemented yet for class: org.codehaus.groovy.ast.expr.EmptyExpression>: null

11-12-2024T08:04:57 - [TEST_STEP][PASSED] - i = <not implemented yet for class: org.codehaus.groovy.ast.expr.EmptyExpression>: null

11-12-2024T08:04:57 - [TEST_STEP][PASSED] - ii = <not implemented yet for class: org.codehaus.groovy.ast.expr.EmptyExpression>: null

11-12-2024T08:04:57 - [TEST_STEP][PASSED] - c = <not implemented yet for class: org.codehaus.groovy.ast.expr.EmptyExpression>: null

11-12-2024T08:04:57 - [TEST_STEP][PASSED] - numberOfErrors = 0: null

11-12-2024T08:04:57 - [TEST_STEP][PASSED] - if (a == 82): null

11-12-2024T08:04:57 - [TEST_STEP][PASSED] - b = findTestData("PlanFact").getValue(1, a): null

11-12-2024T08:04:57 - [TEST_STEP][PASSED] - i = b.indexOf(" (ГК)"): null

11-12-2024T08:04:57 - [TEST_STEP][PASSED] - if (i > -1): null

11-12-2024T08:04:57 - [TEST_STEP][PASSED] - i = b.indexOf("О ""): null

11-12-2024T08:04:57 - [TEST_STEP][PASSED] - if (i > -1): null

11-12-2024T08:04:57 - [TEST_STEP][PASSED] - i = b.indexOf("О «"): null

11-12-2024T08:04:57 - [TEST_STEP][PASSED] - if (i > -1): null

11-12-2024T08:04:57 - [TEST_STEP][PASSED] - i = b.indexOf("г. "): null

11-12-2024T08:04:57 - [TEST_STEP][PASSED] - if (i > -1): null

11-12-2024T08:04:57 - [TEST_STEP][PASSED] - println(b): null

11-12-2024T08:04:57 - [TEST_STEP][PASSED] - for ([planFact = 1, planFact < 3, (planFact++)]): Object: 'Object Repository/Выполнение бизнес-плана/Кнопка Факт' is clicked on

11-12-2024T08:04:57 - [TEST_STEP][PASSED] - if (planFact == 1): null

11-12-2024T08:04:57 - [TEST_STEP][PASSED] - typeOfDataMain = "Факт": null

11-12-2024T08:04:57 - [TEST_STEP][PASSED] - otpusk = findTestData("PlanFact").getValue(5, a): null

11-12-2024T08:04:57 - [TEST_STEP][PASSED] - poteri = findTestData("PlanFact").getValue(6, a): null

11-12-2024T08:04:57 - [TEST_STEP][PASSED] - otpusk = otpusk.replaceAll("\s+", ""): null

11-12-2024T08:04:57 - [TEST_STEP][PASSED] - poteri = poteri.replaceAll("\s+", ""): null

11-12-2024T08:04:57 - [TEST_STEP][PASSED] - typeOfData = typeOfDataMain + " Отпуск в сеть": null

11-12-2024T08:04:57 - [TEST_STEP][PASSED] - if (a == 82): null

11-12-2024T08:04:57 - [TEST_STEP][PASSED] - else if (a == 84): null

11-12-2024T08:04:57 - [TEST_STEP][PASSED] - else if (a == 52 || a == 72 || a == 28 || a == 73 || a == 77 || a == 74 || a == 65 || a == 36 || a == 44 || a == 53 || a == 80 || a == 54 || a == 1 || a == 18 || a == 59 || a == 81): null

11-12-2024T08:04:57 - [TEST_STEP][PASSED] - else: null

11-12-2024T08:04:57 - [TEST_STEP][PASSED] - path = dataFolder + typeOfData + " за отчётный период " + b: null

11-12-2024T08:04:57 - [TEST_STEP][PASSED] - println(path): null

11-12-2024T08:04:57 - [TEST_STEP][PASSED] - page = getText(findTestObject(path)): Text of object 'Object Repository/Выполнение бизнес-плана/Значения со страницы Выполнение бизнес-плана/Факт Отпуск в сеть за отчётный период Красноярскэнерго' is: '12 214 897'

11-12-2024T08:04:57 - [MESSAGE][PASSED] - Text of object 'Object Repository/Выполнение бизнес-плана/Значения со страницы Выполнение бизнес-плана/Факт Отпуск в сеть за отчётный период Красноярскэнерго' is: '12 214 897'

11-12-2024T08:04:57 - [TEST_STEP][PASSED] - page = page.replaceAll("\s+", ""): null

11-12-2024T08:04:57 - [TEST_STEP][PASSED] - fileOtpuskVSet = otpusk.toInteger(): null

11-12-2024T08:04:57 - [TEST_STEP][PASSED] - pageOtpuskVSet = page.toInteger(): null

11-12-2024T08:04:57 - [TEST_STEP][PASSED] - typeOfData = typeOfDataMain + " Потери": null

11-12-2024T08:04:57 - [TEST_STEP][PASSED] - if (a == 82): null

11-12-2024T08:04:57 - [TEST_STEP][PASSED] - else if (a == 84): null

11-12-2024T08:04:57 - [TEST_STEP][PASSED] - else if (a == 52 || a == 72 || a == 28 || a == 73 || a == 77 || a == 74 || a == 65 || a == 36 || a == 44 || a == 53 || a == 80 || a == 54 || a == 1 || a == 18 || a == 59 || a == 81): null

11-12-2024T08:04:57 - [TEST_STEP][PASSED] - else: null

11-12-2024T08:04:57 - [TEST_STEP][PASSED] - path = dataFolder + typeOfData + " за отчётный период " + b: null

11-12-2024T08:04:57 - [TEST_STEP][PASSED] - page = getText(findTestObject(path)): Text of object 'Object Repository/Выполнение бизнес-плана/Значения со страницы Выполнение бизнес-плана/Факт Потери за отчётный период Красноярскэнерго' is: '1 153 246'

11-12-2024T08:04:57 - [MESSAGE][PASSED] - Text of object 'Object Repository/Выполнение бизнес-плана/Значения со страницы Выполнение бизнес-плана/Факт Потери за отчётный период Красноярскэнерго' is: '1 153 246'

11-12-2024T08:04:57 - [TEST_STEP][PASSED] - page = page.replaceAll("\s+", ""): null

11-12-2024T08:04:57 - [TEST_STEP][PASSED] - filePoteri = poteri.toInteger(): null

11-12-2024T08:04:57 - [TEST_STEP][PASSED] - pagePoteri = page.toInteger(): null

11-12-2024T08:04:57 - [TEST_STEP][PASSED] - compare = pageOtpuskVSet: null

11-12-2024T08:04:57 - [TEST_STEP][PASSED] - if (compare == fileOtpuskVSet): null

11-12-2024T08:04:57 - [TEST_STEP][PASSED] - if (compare == fileOtpuskVSet): null

11-12-2024T08:04:57 - [TEST_STEP][PASSED] - compare = pagePoteri: null

11-12-2024T08:04:57 - [TEST_STEP][PASSED] - if (compare == filePoteri): null

11-12-2024T08:04:57 - [TEST_STEP][PASSED] - if (compare == filePoteri): null

11-12-2024T08:04:57 - [TEST_STEP][PASSED] - if (planFact == 2): null

11-12-2024T08:04:57 - [TEST_STEP][PASSED] - if (planFact == 1): null

11-12-2024T08:04:57 - [TEST_STEP][PASSED] - else if (planFact == 2): null

11-12-2024T08:04:57 - [TEST_STEP][PASSED] - click(findTestObject("Выполнение бизнес-плана/Кнопка План")): Object: 'Object Repository/Выполнение бизнес-плана/Кнопка План' is clicked on

11-12-2024T08:04:58 - [MESSAGE][PASSED] - Object: 'Object Repository/Выполнение бизнес-плана/Кнопка План' is clicked on

11-12-2024T08:04:58 - [TEST_STEP][PASSED] - typeOfDataMain = "План": null

11-12-2024T08:04:58 - [TEST_STEP][PASSED] - otpusk = findTestData("PlanFact").getValue(2, a): null

11-12-2024T08:04:58 - [TEST_STEP][PASSED] - poteri = findTestData("PlanFact").getValue(3, a): null

11-12-2024T08:04:58 - [TEST_STEP][PASSED] - otpusk = otpusk.replaceAll("\s+", ""): null

11-12-2024T08:04:58 - [TEST_STEP][PASSED] - poteri = poteri.replaceAll("\s+", ""): null

11-12-2024T08:04:58 - [TEST_STEP][PASSED] - typeOfData = typeOfDataMain + " Отпуск в сеть": null

11-12-2024T08:04:58 - [TEST_STEP][PASSED] - if (a == 82): null

11-12-2024T08:04:58 - [TEST_STEP][PASSED] - else if (a == 84): null

11-12-2024T08:04:58 - [TEST_STEP][PASSED] - else if (a == 52 || a == 72 || a == 28 || a == 73 || a == 77 || a == 74 || a == 65 || a == 36 || a == 44 || a == 53 || a == 80 || a == 54 || a == 1 || a == 18 || a == 59 || a == 81): null

11-12-2024T08:04:58 - [TEST_STEP][PASSED] - else: null

11-12-2024T08:04:58 - [TEST_STEP][PASSED] - path = dataFolder + typeOfData + " за отчётный период " + b: null

11-12-2024T08:04:58 - [TEST_STEP][PASSED] - println(path): null

11-12-2024T08:04:58 - [TEST_STEP][PASSED] - page = getText(findTestObject(path)): Text of object 'Object Repository/Выполнение бизнес-плана/Значения со страницы Выполнение бизнес-плана/План Отпуск в сеть за отчётный период Красноярскэнерго' is: '11 443 034'

11-12-2024T08:04:58 - [MESSAGE][PASSED] - Text of object 'Object Repository/Выполнение бизнес-плана/Значения со страницы Выполнение бизнес-плана/План Отпуск в сеть за отчётный период Красноярскэнерго' is: '11 443 034'

11-12-2024T08:04:58 - [TEST_STEP][PASSED] - page = page.replaceAll("\s+", ""): null

11-12-2024T08:04:58 - [TEST_STEP][PASSED] - fileOtpuskVSet = otpusk.toInteger(): null

11-12-2024T08:04:58 - [TEST_STEP][PASSED] - pageOtpuskVSet = page.toInteger(): null

11-12-2024T08:04:58 - [TEST_STEP][PASSED] - typeOfData = typeOfDataMain + " Потери": null

11-12-2024T08:04:58 - [TEST_STEP][PASSED] - if (a == 82): null

11-12-2024T08:04:58 - [TEST_STEP][PASSED] - else if (a == 84): null

11-12-2024T08:04:58 - [TEST_STEP][PASSED] - else if (a == 52 || a == 72 || a == 28 || a == 73 || a == 77 || a == 74 || a == 65 || a == 36 || a == 44 || a == 53 || a == 80 || a == 54 || a == 1 || a == 18 || a == 59 || a == 81): null

11-12-2024T08:04:58 - [TEST_STEP][PASSED] - else: null

11-12-2024T08:04:58 - [TEST_STEP][PASSED] - path = dataFolder + typeOfData + " за отчётный период " + b: null

11-12-2024T08:04:58 - [TEST_STEP][PASSED] - page = getText(findTestObject(path)): Text of object 'Object Repository/Выполнение бизнес-плана/Значения со страницы Выполнение бизнес-плана/План Потери за отчётный период Красноярскэнерго' is: '1 098 076'

11-12-2024T08:04:58 - [MESSAGE][PASSED] - Text of object 'Object Repository/Выполнение бизнес-плана/Значения со страницы Выполнение бизнес-плана/План Потери за отчётный период Красноярскэнерго' is: '1 098 076'

11-12-2024T08:04:58 - [TEST_STEP][PASSED] - page = page.replaceAll("\s+", ""): null

11-12-2024T08:04:58 - [TEST_STEP][PASSED] - filePoteri = poteri.toInteger(): null

11-12-2024T08:04:58 - [TEST_STEP][PASSED] - pagePoteri = page.toInteger(): null

11-12-2024T08:04:58 - [TEST_STEP][PASSED] - compare = pageOtpuskVSet: null

11-12-2024T08:04:58 - [TEST_STEP][PASSED] - if (compare == fileOtpuskVSet): null

11-12-2024T08:04:58 - [TEST_STEP][PASSED] - if (compare == fileOtpuskVSet): null

11-12-2024T08:04:58 - [TEST_STEP][PASSED] - compare = pagePoteri: null

11-12-2024T08:04:58 - [TEST_STEP][PASSED] - if (compare == filePoteri): null

11-12-2024T08:04:58 - [TEST_STEP][PASSED] - if (compare == filePoteri): null

11-12-2024T08:04:58 - [TEST_STEP][PASSED] - if (planFact == 2): Object: 'Object Repository/Выполнение бизнес-плана/Кнопка Факт' is clicked on

11-12-2024T08:04:58 - [TEST_STEP][PASSED] - click(findTestObject("Выполнение бизнес-плана/Кнопка Факт")): Object: 'Object Repository/Выполнение бизнес-плана/Кнопка Факт' is clicked on

11-12-2024T08:04:59 - [MESSAGE][PASSED] - Object: 'Object Repository/Выполнение бизнес-плана/Кнопка Факт' is clicked on

11-12-2024T08:04:59 - [TEST_STEP][PASSED] - if (a == 84 || a == 82): null

11-12-2024T08:04:59 - [TEST_STEP][PASSED] - else if (a == 52 || a == 72 || a == 28 || a == 73 || a == 77 || a == 74 || a == 65 || a == 36 || a == 44 || a == 53 || a == 80 || a == 54 || a == 1 || a == 18 || a == 59 || a == 81): null

11-12-2024T08:04:59 - [TEST_STEP][PASSED] - else: null

11-12-2024T08:04:59 - [TEST_STEP][PASSED] - page1 = getText(findTestObject("Object Repository/Выполнение бизнес-плана/spanPlan" + filialNum)): Text of object 'Object Repository/Выполнение бизнес-плана/spanPlan3' is: '9.60
|'

11-12-2024T08:04:59 - [MESSAGE][PASSED] - Text of object 'Object Repository/Выполнение бизнес-плана/spanPlan3' is: '9.60
|'

11-12-2024T08:04:59 - [TEST_STEP][PASSED] - page1 = page1.replace("|", ""): null

11-12-2024T08:04:59 - [TEST_STEP][PASSED] - page2 = getText(findTestObject("Object Repository/Выполнение бизнес-плана/spanFact" + filialNum)): Text of object 'Object Repository/Выполнение бизнес-плана/spanFact3' is: '9.44
|'

11-12-2024T08:04:59 - [MESSAGE][PASSED] - Text of object 'Object Repository/Выполнение бизнес-плана/spanFact3' is: '9.44
|'

11-12-2024T08:04:59 - [TEST_STEP][PASSED] - page2 = page2.replace("|", ""): null

11-12-2024T08:04:59 - [TEST_STEP][PASSED] - println("page1: " + page1): null

11-12-2024T08:04:59 - [TEST_STEP][PASSED] - println("page2: " + page2): null

11-12-2024T08:04:59 - [TEST_STEP][PASSED] - file = findTestData("PlanFact").getValue(4, a): null

11-12-2024T08:04:59 - [TEST_STEP][PASSED] - file = file.replace(",", "."): null

11-12-2024T08:04:59 - [TEST_STEP][PASSED] - println("file Plan: " + file): null

11-12-2024T08:04:59 - [TEST_STEP][PASSED] - typeOfData = "План в процентах": null

11-12-2024T08:04:59 - [TEST_STEP][PASSED] - fileDouble = file.toDouble(): null

11-12-2024T08:04:59 - [TEST_STEP][PASSED] - pageDouble = page1.toDouble(): null

11-12-2024T08:04:59 - [TEST_STEP][PASSED] - if (fileDouble != pageDouble): null

11-12-2024T08:04:59 - [TEST_STEP][PASSED] - file = findTestData("PlanFact").getValue(7, a): null

11-12-2024T08:04:59 - [TEST_STEP][PASSED] - file = file.replace(",", "."): null

11-12-2024T08:04:59 - [TEST_STEP][PASSED] - println("file Fact: " + file): null

11-12-2024T08:04:59 - [TEST_STEP][PASSED] - fileDouble = file.toDouble(): null

11-12-2024T08:04:59 - [TEST_STEP][PASSED] - typeOfData = "Факт в процентах": null

11-12-2024T08:04:59 - [TEST_STEP][PASSED] - fileDouble = file.toDouble(): null

11-12-2024T08:04:59 - [TEST_STEP][PASSED] - pageDouble = page2.toDouble(): null

11-12-2024T08:04:59 - [TEST_STEP][PASSED] - if (fileDouble != pageDouble): null

11-12-2024T08:04:59 - [TEST_STEP][PASSED] - if (verifyEqual(numberOfErrors, 0) == false): Actual object '0' and expected object '0' are equal

11-12-2024T08:04:59 - [MESSAGE][PASSED] - Actual object '0' and expected object '0' are equal

11-12-2024T08:04:59 - [TEST_STEP][PASSED] - if (a == 82): null

11-12-2024T08:04:59 - [TEST_STEP][PASSED] - dZO = "Кузбассэнерго-РЭС": null

11-12-2024T08:04:59 - [TEST_STEP][PASSED] - a = 48: null

11-12-2024T08:04:59 - [TEST_STEP][PASSED] - if (x2.contains(dZO)): null

11-12-2024T08:04:59 - [TEST_STEP][PASSED] - filialNum = filialNum + 1: null

11-12-2024T08:04:59 - [TEST_STEP][PASSED] - Script1718980020443.Numbers(a, typeOfData, todaysDate, pageInt, fileInt, pageDouble, fileDouble, dZO, dzoNum, filialNum): null

11-12-2024T08:04:59 - [TEST_STEP][PASSED] - println(dzoNum): null

11-12-2024T08:04:59 - [TEST_STEP][PASSED] - planFact = <not implemented yet for class: org.codehaus.groovy.ast.expr.EmptyExpression>: null

11-12-2024T08:04:59 - [TEST_STEP][PASSED] - page = <not implemented yet for class: org.codehaus.groovy.ast.expr.EmptyExpression>: null

11-12-2024T08:04:59 - [TEST_STEP][PASSED] - page1 = <not implemented yet for class: org.codehaus.groovy.ast.expr.EmptyExpression>: null

11-12-2024T08:04:59 - [TEST_STEP][PASSED] - page2 = <not implemented yet for class: org.codehaus.groovy.ast.expr.EmptyExpression>: null

11-12-2024T08:04:59 - [TEST_STEP][PASSED] - filialNumberInRow = <not implemented yet for class: org.codehaus.groovy.ast.expr.EmptyExpression>: null

11-12-2024T08:04:59 - [TEST_STEP][PASSED] - filialsDzoNames = <not implemented yet for class: org.codehaus.groovy.ast.expr.EmptyExpression>: null

11-12-2024T08:04:59 - [TEST_STEP][PASSED] - numberOfFilials = <not implemented yet for class: org.codehaus.groovy.ast.expr.EmptyExpression>: null

11-12-2024T08:04:59 - [TEST_STEP][PASSED] - numberOfSpaces = <not implemented yet for class: org.codehaus.groovy.ast.expr.EmptyExpression>: null

11-12-2024T08:04:59 - [TEST_STEP][PASSED] - file = <not implemented yet for class: org.codehaus.groovy.ast.expr.EmptyExpression>: null

11-12-2024T08:04:59 - [TEST_STEP][PASSED] - otpusk = <not implemented yet for class: org.codehaus.groovy.ast.expr.EmptyExpression>: null

11-12-2024T08:04:59 - [TEST_STEP][PASSED] - poteri = <not implemented yet for class: org.codehaus.groovy.ast.expr.EmptyExpression>: null

11-12-2024T08:04:59 - [TEST_STEP][PASSED] - dataFolder = "Выполнение бизнес-плана/Значения со страницы Выполнение бизнес-плана/": null

11-12-2024T08:04:59 - [TEST_STEP][PASSED] - path = <not implemented yet for class: org.codehaus.groovy.ast.expr.EmptyExpression>: null

11-12-2024T08:04:59 - [TEST_STEP][PASSED] - typeOfDataMain = <not implemented yet for class: org.codehaus.groovy.ast.expr.EmptyExpression>: null

11-12-2024T08:04:59 - [TEST_STEP][PASSED] - fileOtpuskVSet = <not implemented yet for class: org.codehaus.groovy.ast.expr.EmptyExpression>: null

11-12-2024T08:04:59 - [TEST_STEP][PASSED] - pageOtpuskVSet = <not implemented yet for class: org.codehaus.groovy.ast.expr.EmptyExpression>: null

11-12-2024T08:04:59 - [TEST_STEP][PASSED] - filePoteri = <not implemented yet for class: org.codehaus.groovy.ast.expr.EmptyExpression>: null

11-12-2024T08:04:59 - [TEST_STEP][PASSED] - pagePoteri = <not implemented yet for class: org.codehaus.groovy.ast.expr.EmptyExpression>: null

11-12-2024T08:04:59 - [TEST_STEP][PASSED] - compare = <not implemented yet for class: org.codehaus.groovy.ast.expr.EmptyExpression>: null

11-12-2024T08:04:59 - [TEST_STEP][PASSED] - b = <not implemented yet for class: org.codehaus.groovy.ast.expr.EmptyExpression>: null

11-12-2024T08:04:59 - [TEST_STEP][PASSED] - i = <not implemented yet for class: org.codehaus.groovy.ast.expr.EmptyExpression>: null

11-12-2024T08:04:59 - [TEST_STEP][PASSED] - ii = <not implemented yet for class: org.codehaus.groovy.ast.expr.EmptyExpression>: null

11-12-2024T08:04:59 - [TEST_STEP][PASSED] - c = <not implemented yet for class: org.codehaus.groovy.ast.expr.EmptyExpression>: null

11-12-2024T08:04:59 - [TEST_STEP][PASSED] - numberOfErrors = 0: null

11-12-2024T08:04:59 - [TEST_STEP][PASSED] - if (a == 82): null

11-12-2024T08:04:59 - [TEST_STEP][PASSED] - b = findTestData("PlanFact").getValue(1, a): null

11-12-2024T08:04:59 - [TEST_STEP][PASSED] - i = b.indexOf(" (ГК)"): null

11-12-2024T08:04:59 - [TEST_STEP][PASSED] - if (i > -1): null

11-12-2024T08:04:59 - [TEST_STEP][PASSED] - i = b.indexOf("О ""): null

11-12-2024T08:04:59 - [TEST_STEP][PASSED] - if (i > -1): null

11-12-2024T08:04:59 - [TEST_STEP][PASSED] - i = b.indexOf("О «"): null

11-12-2024T08:04:59 - [TEST_STEP][PASSED] - if (i > -1): null

11-12-2024T08:04:59 - [TEST_STEP][PASSED] - i = b.indexOf("г. "): null

11-12-2024T08:04:59 - [TEST_STEP][PASSED] - if (i > -1): null

11-12-2024T08:04:59 - [TEST_STEP][PASSED] - println(b): null

11-12-2024T08:04:59 - [TEST_STEP][PASSED] - for ([planFact = 1, planFact < 3, (planFact++)]): Object: 'Object Repository/Выполнение бизнес-плана/Кнопка Факт' is clicked on

11-12-2024T08:04:59 - [TEST_STEP][PASSED] - if (planFact == 1): null

11-12-2024T08:04:59 - [TEST_STEP][PASSED] - typeOfDataMain = "Факт": null

11-12-2024T08:04:59 - [TEST_STEP][PASSED] - otpusk = findTestData("PlanFact").getValue(5, a): null

11-12-2024T08:05:00 - [TEST_STEP][PASSED] - poteri = findTestData("PlanFact").getValue(6, a): null

11-12-2024T08:05:00 - [TEST_STEP][PASSED] - otpusk = otpusk.replaceAll("\s+", ""): null

11-12-2024T08:05:00 - [TEST_STEP][PASSED] - poteri = poteri.replaceAll("\s+", ""): null

11-12-2024T08:05:00 - [TEST_STEP][PASSED] - typeOfData = typeOfDataMain + " Отпуск в сеть": null

11-12-2024T08:05:00 - [TEST_STEP][PASSED] - if (a == 82): null

11-12-2024T08:05:00 - [TEST_STEP][PASSED] - else if (a == 84): null

11-12-2024T08:05:00 - [TEST_STEP][PASSED] - else if (a == 52 || a == 72 || a == 28 || a == 73 || a == 77 || a == 74 || a == 65 || a == 36 || a == 44 || a == 53 || a == 80 || a == 54 || a == 1 || a == 18 || a == 59 || a == 81): null

11-12-2024T08:05:00 - [TEST_STEP][PASSED] - else: null

11-12-2024T08:05:00 - [TEST_STEP][PASSED] - path = dataFolder + typeOfData + " за отчётный период " + b: null

11-12-2024T08:05:00 - [TEST_STEP][PASSED] - println(path): null

11-12-2024T08:05:00 - [TEST_STEP][PASSED] - page = getText(findTestObject(path)): Text of object 'Object Repository/Выполнение бизнес-плана/Значения со страницы Выполнение бизнес-плана/Факт Отпуск в сеть за отчётный период Кузбассэнерго-РЭС' is: '12 364 247'

11-12-2024T08:05:00 - [MESSAGE][PASSED] - Text of object 'Object Repository/Выполнение бизнес-плана/Значения со страницы Выполнение бизнес-плана/Факт Отпуск в сеть за отчётный период Кузбассэнерго-РЭС' is: '12 364 247'

11-12-2024T08:05:00 - [TEST_STEP][PASSED] - page = page.replaceAll("\s+", ""): null

11-12-2024T08:05:00 - [TEST_STEP][PASSED] - fileOtpuskVSet = otpusk.toInteger(): null

11-12-2024T08:05:00 - [TEST_STEP][PASSED] - pageOtpuskVSet = page.toInteger(): null

11-12-2024T08:05:00 - [TEST_STEP][PASSED] - typeOfData = typeOfDataMain + " Потери": null

11-12-2024T08:05:00 - [TEST_STEP][PASSED] - if (a == 82): null

11-12-2024T08:05:00 - [TEST_STEP][PASSED] - else if (a == 84): null

11-12-2024T08:05:00 - [TEST_STEP][PASSED] - else if (a == 52 || a == 72 || a == 28 || a == 73 || a == 77 || a == 74 || a == 65 || a == 36 || a == 44 || a == 53 || a == 80 || a == 54 || a == 1 || a == 18 || a == 59 || a == 81): null

11-12-2024T08:05:00 - [TEST_STEP][PASSED] - else: null

11-12-2024T08:05:00 - [TEST_STEP][PASSED] - path = dataFolder + typeOfData + " за отчётный период " + b: null

11-12-2024T08:05:00 - [TEST_STEP][PASSED] - page = getText(findTestObject(path)): Text of object 'Object Repository/Выполнение бизнес-плана/Значения со страницы Выполнение бизнес-плана/Факт Потери за отчётный период Кузбассэнерго-РЭС' is: '450 851'

11-12-2024T08:05:00 - [MESSAGE][PASSED] - Text of object 'Object Repository/Выполнение бизнес-плана/Значения со страницы Выполнение бизнес-плана/Факт Потери за отчётный период Кузбассэнерго-РЭС' is: '450 851'

11-12-2024T08:05:00 - [TEST_STEP][PASSED] - page = page.replaceAll("\s+", ""): null

11-12-2024T08:05:00 - [TEST_STEP][PASSED] - filePoteri = poteri.toInteger(): null

11-12-2024T08:05:00 - [TEST_STEP][PASSED] - pagePoteri = page.toInteger(): null

11-12-2024T08:05:00 - [TEST_STEP][PASSED] - compare = pageOtpuskVSet: null

11-12-2024T08:05:00 - [TEST_STEP][PASSED] - if (compare == fileOtpuskVSet): null

11-12-2024T08:05:00 - [TEST_STEP][PASSED] - if (compare == fileOtpuskVSet): null

11-12-2024T08:05:00 - [TEST_STEP][PASSED] - compare = pagePoteri: null

11-12-2024T08:05:00 - [TEST_STEP][PASSED] - if (compare == filePoteri): null

11-12-2024T08:05:00 - [TEST_STEP][PASSED] - if (compare == filePoteri): null

11-12-2024T08:05:00 - [TEST_STEP][PASSED] - if (planFact == 2): null

11-12-2024T08:05:00 - [TEST_STEP][PASSED] - if (planFact == 1): null

11-12-2024T08:05:00 - [TEST_STEP][PASSED] - else if (planFact == 2): null

11-12-2024T08:05:00 - [TEST_STEP][PASSED] - click(findTestObject("Выполнение бизнес-плана/Кнопка План")): Object: 'Object Repository/Выполнение бизнес-плана/Кнопка План' is clicked on

11-12-2024T08:05:00 - [MESSAGE][PASSED] - Object: 'Object Repository/Выполнение бизнес-плана/Кнопка План' is clicked on

11-12-2024T08:05:00 - [TEST_STEP][PASSED] - typeOfDataMain = "План": null

11-12-2024T08:05:00 - [TEST_STEP][PASSED] - otpusk = findTestData("PlanFact").getValue(2, a): null

11-12-2024T08:05:01 - [TEST_STEP][PASSED] - poteri = findTestData("PlanFact").getValue(3, a): null

11-12-2024T08:05:01 - [TEST_STEP][PASSED] - otpusk = otpusk.replaceAll("\s+", ""): null

11-12-2024T08:05:01 - [TEST_STEP][PASSED] - poteri = poteri.replaceAll("\s+", ""): null

11-12-2024T08:05:01 - [TEST_STEP][PASSED] - typeOfData = typeOfDataMain + " Отпуск в сеть": null

11-12-2024T08:05:01 - [TEST_STEP][PASSED] - if (a == 82): null

11-12-2024T08:05:01 - [TEST_STEP][PASSED] - else if (a == 84): null

11-12-2024T08:05:01 - [TEST_STEP][PASSED] - else if (a == 52 || a == 72 || a == 28 || a == 73 || a == 77 || a == 74 || a == 65 || a == 36 || a == 44 || a == 53 || a == 80 || a == 54 || a == 1 || a == 18 || a == 59 || a == 81): null

11-12-2024T08:05:01 - [TEST_STEP][PASSED] - else: null

11-12-2024T08:05:01 - [TEST_STEP][PASSED] - path = dataFolder + typeOfData + " за отчётный период " + b: null

11-12-2024T08:05:01 - [TEST_STEP][PASSED] - println(path): null

11-12-2024T08:05:01 - [TEST_STEP][PASSED] - page = getText(findTestObject(path)): Text of object 'Object Repository/Выполнение бизнес-плана/Значения со страницы Выполнение бизнес-плана/План Отпуск в сеть за отчётный период Кузбассэнерго-РЭС' is: '11 835 481'

11-12-2024T08:05:01 - [MESSAGE][PASSED] - Text of object 'Object Repository/Выполнение бизнес-плана/Значения со страницы Выполнение бизнес-плана/План Отпуск в сеть за отчётный период Кузбассэнерго-РЭС' is: '11 835 481'

11-12-2024T08:05:01 - [TEST_STEP][PASSED] - page = page.replaceAll("\s+", ""): null

11-12-2024T08:05:01 - [TEST_STEP][PASSED] - fileOtpuskVSet = otpusk.toInteger(): null

11-12-2024T08:05:01 - [TEST_STEP][PASSED] - pageOtpuskVSet = page.toInteger(): null

11-12-2024T08:05:01 - [TEST_STEP][PASSED] - typeOfData = typeOfDataMain + " Потери": null

11-12-2024T08:05:01 - [TEST_STEP][PASSED] - if (a == 82): null

11-12-2024T08:05:01 - [TEST_STEP][PASSED] - else if (a == 84): null

11-12-2024T08:05:01 - [TEST_STEP][PASSED] - else if (a == 52 || a == 72 || a == 28 || a == 73 || a == 77 || a == 74 || a == 65 || a == 36 || a == 44 || a == 53 || a == 80 || a == 54 || a == 1 || a == 18 || a == 59 || a == 81): null

11-12-2024T08:05:01 - [TEST_STEP][PASSED] - else: null

11-12-2024T08:05:01 - [TEST_STEP][PASSED] - path = dataFolder + typeOfData + " за отчётный период " + b: null

11-12-2024T08:05:01 - [TEST_STEP][PASSED] - page = getText(findTestObject(path)): Text of object 'Object Repository/Выполнение бизнес-плана/Значения со страницы Выполнение бизнес-плана/План Потери за отчётный период Кузбассэнерго-РЭС' is: '458 838'

11-12-2024T08:05:01 - [MESSAGE][PASSED] - Text of object 'Object Repository/Выполнение бизнес-плана/Значения со страницы Выполнение бизнес-плана/План Потери за отчётный период Кузбассэнерго-РЭС' is: '458 838'

11-12-2024T08:05:01 - [TEST_STEP][PASSED] - page = page.replaceAll("\s+", ""): null

11-12-2024T08:05:01 - [TEST_STEP][PASSED] - filePoteri = poteri.toInteger(): null

11-12-2024T08:05:01 - [TEST_STEP][PASSED] - pagePoteri = page.toInteger(): null

11-12-2024T08:05:01 - [TEST_STEP][PASSED] - compare = pageOtpuskVSet: null

11-12-2024T08:05:01 - [TEST_STEP][PASSED] - if (compare == fileOtpuskVSet): null

11-12-2024T08:05:01 - [TEST_STEP][PASSED] - if (compare == fileOtpuskVSet): null

11-12-2024T08:05:01 - [TEST_STEP][PASSED] - compare = pagePoteri: null

11-12-2024T08:05:01 - [TEST_STEP][PASSED] - if (compare == filePoteri): null

11-12-2024T08:05:01 - [TEST_STEP][PASSED] - if (compare == filePoteri): null

11-12-2024T08:05:01 - [TEST_STEP][PASSED] - if (planFact == 2): Object: 'Object Repository/Выполнение бизнес-плана/Кнопка Факт' is clicked on

11-12-2024T08:05:01 - [TEST_STEP][PASSED] - click(findTestObject("Выполнение бизнес-плана/Кнопка Факт")): Object: 'Object Repository/Выполнение бизнес-плана/Кнопка Факт' is clicked on

11-12-2024T08:05:02 - [MESSAGE][PASSED] - Object: 'Object Repository/Выполнение бизнес-плана/Кнопка Факт' is clicked on

11-12-2024T08:05:02 - [TEST_STEP][PASSED] - if (a == 84 || a == 82): null

11-12-2024T08:05:02 - [TEST_STEP][PASSED] - else if (a == 52 || a == 72 || a == 28 || a == 73 || a == 77 || a == 74 || a == 65 || a == 36 || a == 44 || a == 53 || a == 80 || a == 54 || a == 1 || a == 18 || a == 59 || a == 81): null

11-12-2024T08:05:02 - [TEST_STEP][PASSED] - else: null

11-12-2024T08:05:02 - [TEST_STEP][PASSED] - page1 = getText(findTestObject("Object Repository/Выполнение бизнес-плана/spanPlan" + filialNum)): Text of object 'Object Repository/Выполнение бизнес-плана/spanPlan4' is: '3.88
|'

11-12-2024T08:05:02 - [MESSAGE][PASSED] - Text of object 'Object Repository/Выполнение бизнес-плана/spanPlan4' is: '3.88
|'

11-12-2024T08:05:02 - [TEST_STEP][PASSED] - page1 = page1.replace("|", ""): null

11-12-2024T08:05:02 - [TEST_STEP][PASSED] - page2 = getText(findTestObject("Object Repository/Выполнение бизнес-плана/spanFact" + filialNum)): Text of object 'Object Repository/Выполнение бизнес-плана/spanFact4' is: '3.65
|'

11-12-2024T08:05:02 - [MESSAGE][PASSED] - Text of object 'Object Repository/Выполнение бизнес-плана/spanFact4' is: '3.65
|'

11-12-2024T08:05:02 - [TEST_STEP][PASSED] - page2 = page2.replace("|", ""): null

11-12-2024T08:05:02 - [TEST_STEP][PASSED] - println("page1: " + page1): null

11-12-2024T08:05:02 - [TEST_STEP][PASSED] - println("page2: " + page2): null

11-12-2024T08:05:02 - [TEST_STEP][PASSED] - file = findTestData("PlanFact").getValue(4, a): null

11-12-2024T08:05:02 - [TEST_STEP][PASSED] - file = file.replace(",", "."): null

11-12-2024T08:05:02 - [TEST_STEP][PASSED] - println("file Plan: " + file): null

11-12-2024T08:05:02 - [TEST_STEP][PASSED] - typeOfData = "План в процентах": null

11-12-2024T08:05:02 - [TEST_STEP][PASSED] - fileDouble = file.toDouble(): null

11-12-2024T08:05:02 - [TEST_STEP][PASSED] - pageDouble = page1.toDouble(): null

11-12-2024T08:05:02 - [TEST_STEP][PASSED] - if (fileDouble != pageDouble): null

11-12-2024T08:05:02 - [TEST_STEP][PASSED] - file = findTestData("PlanFact").getValue(7, a): null

11-12-2024T08:05:02 - [TEST_STEP][PASSED] - file = file.replace(",", "."): null

11-12-2024T08:05:02 - [TEST_STEP][PASSED] - println("file Fact: " + file): null

11-12-2024T08:05:02 - [TEST_STEP][PASSED] - fileDouble = file.toDouble(): null

11-12-2024T08:05:02 - [TEST_STEP][PASSED] - typeOfData = "Факт в процентах": null

11-12-2024T08:05:02 - [TEST_STEP][PASSED] - fileDouble = file.toDouble(): null

11-12-2024T08:05:02 - [TEST_STEP][PASSED] - pageDouble = page2.toDouble(): null

11-12-2024T08:05:02 - [TEST_STEP][PASSED] - if (fileDouble != pageDouble): null

11-12-2024T08:05:02 - [TEST_STEP][PASSED] - if (verifyEqual(numberOfErrors, 0) == false): Actual object '0' and expected object '0' are equal

11-12-2024T08:05:02 - [MESSAGE][PASSED] - Actual object '0' and expected object '0' are equal

11-12-2024T08:05:02 - [TEST_STEP][PASSED] - if (a == 82): null

11-12-2024T08:05:02 - [TEST_STEP][PASSED] - dZO = "Омскэнерго": null

11-12-2024T08:05:02 - [TEST_STEP][PASSED] - a = 49: null

11-12-2024T08:05:02 - [TEST_STEP][PASSED] - if (x2.contains(dZO)): null

11-12-2024T08:05:02 - [TEST_STEP][PASSED] - filialNum = filialNum + 1: null

11-12-2024T08:05:02 - [TEST_STEP][PASSED] - Script1718980020443.Numbers(a, typeOfData, todaysDate, pageInt, fileInt, pageDouble, fileDouble, dZO, dzoNum, filialNum): null

11-12-2024T08:05:02 - [TEST_STEP][PASSED] - println(dzoNum): null

11-12-2024T08:05:02 - [TEST_STEP][PASSED] - planFact = <not implemented yet for class: org.codehaus.groovy.ast.expr.EmptyExpression>: null

11-12-2024T08:05:02 - [TEST_STEP][PASSED] - page = <not implemented yet for class: org.codehaus.groovy.ast.expr.EmptyExpression>: null

11-12-2024T08:05:02 - [TEST_STEP][PASSED] - page1 = <not implemented yet for class: org.codehaus.groovy.ast.expr.EmptyExpression>: null

11-12-2024T08:05:02 - [TEST_STEP][PASSED] - page2 = <not implemented yet for class: org.codehaus.groovy.ast.expr.EmptyExpression>: null

11-12-2024T08:05:02 - [TEST_STEP][PASSED] - filialNumberInRow = <not implemented yet for class: org.codehaus.groovy.ast.expr.EmptyExpression>: null

11-12-2024T08:05:02 - [TEST_STEP][PASSED] - filialsDzoNames = <not implemented yet for class: org.codehaus.groovy.ast.expr.EmptyExpression>: null

11-12-2024T08:05:02 - [TEST_STEP][PASSED] - numberOfFilials = <not implemented yet for class: org.codehaus.groovy.ast.expr.EmptyExpression>: null

11-12-2024T08:05:02 - [TEST_STEP][PASSED] - numberOfSpaces = <not implemented yet for class: org.codehaus.groovy.ast.expr.EmptyExpression>: null

11-12-2024T08:05:02 - [TEST_STEP][PASSED] - file = <not implemented yet for class: org.codehaus.groovy.ast.expr.EmptyExpression>: null

11-12-2024T08:05:02 - [TEST_STEP][PASSED] - otpusk = <not implemented yet for class: org.codehaus.groovy.ast.expr.EmptyExpression>: null

11-12-2024T08:05:02 - [TEST_STEP][PASSED] - poteri = <not implemented yet for class: org.codehaus.groovy.ast.expr.EmptyExpression>: null

11-12-2024T08:05:02 - [TEST_STEP][PASSED] - dataFolder = "Выполнение бизнес-плана/Значения со страницы Выполнение бизнес-плана/": null

11-12-2024T08:05:02 - [TEST_STEP][PASSED] - path = <not implemented yet for class: org.codehaus.groovy.ast.expr.EmptyExpression>: null

11-12-2024T08:05:02 - [TEST_STEP][PASSED] - typeOfDataMain = <not implemented yet for class: org.codehaus.groovy.ast.expr.EmptyExpression>: null

11-12-2024T08:05:02 - [TEST_STEP][PASSED] - fileOtpuskVSet = <not implemented yet for class: org.codehaus.groovy.ast.expr.EmptyExpression>: null

11-12-2024T08:05:02 - [TEST_STEP][PASSED] - pageOtpuskVSet = <not implemented yet for class: org.codehaus.groovy.ast.expr.EmptyExpression>: null

11-12-2024T08:05:02 - [TEST_STEP][PASSED] - filePoteri = <not implemented yet for class: org.codehaus.groovy.ast.expr.EmptyExpression>: null

11-12-2024T08:05:02 - [TEST_STEP][PASSED] - pagePoteri = <not implemented yet for class: org.codehaus.groovy.ast.expr.EmptyExpression>: null

11-12-2024T08:05:02 - [TEST_STEP][PASSED] - compare = <not implemented yet for class: org.codehaus.groovy.ast.expr.EmptyExpression>: null

11-12-2024T08:05:02 - [TEST_STEP][PASSED] - b = <not implemented yet for class: org.codehaus.groovy.ast.expr.EmptyExpression>: null

11-12-2024T08:05:02 - [TEST_STEP][PASSED] - i = <not implemented yet for class: org.codehaus.groovy.ast.expr.EmptyExpression>: null

11-12-2024T08:05:02 - [TEST_STEP][PASSED] - ii = <not implemented yet for class: org.codehaus.groovy.ast.expr.EmptyExpression>: null

11-12-2024T08:05:02 - [TEST_STEP][PASSED] - c = <not implemented yet for class: org.codehaus.groovy.ast.expr.EmptyExpression>: null

11-12-2024T08:05:02 - [TEST_STEP][PASSED] - numberOfErrors = 0: null

11-12-2024T08:05:02 - [TEST_STEP][PASSED] - if (a == 82): null

11-12-2024T08:05:02 - [TEST_STEP][PASSED] - b = findTestData("PlanFact").getValue(1, a): null

11-12-2024T08:05:02 - [TEST_STEP][PASSED] - i = b.indexOf(" (ГК)"): null

11-12-2024T08:05:02 - [TEST_STEP][PASSED] - if (i > -1): null

11-12-2024T08:05:02 - [TEST_STEP][PASSED] - i = b.indexOf("О ""): null

11-12-2024T08:05:02 - [TEST_STEP][PASSED] - if (i > -1): null

11-12-2024T08:05:02 - [TEST_STEP][PASSED] - i = b.indexOf("О «"): null

11-12-2024T08:05:02 - [TEST_STEP][PASSED] - if (i > -1): null

11-12-2024T08:05:02 - [TEST_STEP][PASSED] - i = b.indexOf("г. "): null

11-12-2024T08:05:02 - [TEST_STEP][PASSED] - if (i > -1): null

11-12-2024T08:05:02 - [TEST_STEP][PASSED] - println(b): null

11-12-2024T08:05:02 - [TEST_STEP][PASSED] - for ([planFact = 1, planFact < 3, (planFact++)]): Object: 'Object Repository/Выполнение бизнес-плана/Кнопка Факт' is clicked on

11-12-2024T08:05:02 - [TEST_STEP][PASSED] - if (planFact == 1): null

11-12-2024T08:05:02 - [TEST_STEP][PASSED] - typeOfDataMain = "Факт": null

11-12-2024T08:05:02 - [TEST_STEP][PASSED] - otpusk = findTestData("PlanFact").getValue(5, a): null

11-12-2024T08:05:03 - [TEST_STEP][PASSED] - poteri = findTestData("PlanFact").getValue(6, a): null

11-12-2024T08:05:03 - [TEST_STEP][PASSED] - otpusk = otpusk.replaceAll("\s+", ""): null

11-12-2024T08:05:03 - [TEST_STEP][PASSED] - poteri = poteri.replaceAll("\s+", ""): null

11-12-2024T08:05:03 - [TEST_STEP][PASSED] - typeOfData = typeOfDataMain + " Отпуск в сеть": null

11-12-2024T08:05:03 - [TEST_STEP][PASSED] - if (a == 82): null

11-12-2024T08:05:03 - [TEST_STEP][PASSED] - else if (a == 84): null

11-12-2024T08:05:03 - [TEST_STEP][PASSED] - else if (a == 52 || a == 72 || a == 28 || a == 73 || a == 77 || a == 74 || a == 65 || a == 36 || a == 44 || a == 53 || a == 80 || a == 54 || a == 1 || a == 18 || a == 59 || a == 81): null

11-12-2024T08:05:03 - [TEST_STEP][PASSED] - else: null

11-12-2024T08:05:03 - [TEST_STEP][PASSED] - path = dataFolder + typeOfData + " за отчётный период " + b: null

11-12-2024T08:05:03 - [TEST_STEP][PASSED] - println(path): null

11-12-2024T08:05:03 - [TEST_STEP][PASSED] - page = getText(findTestObject(path)): Text of object 'Object Repository/Выполнение бизнес-плана/Значения со страницы Выполнение бизнес-плана/Факт Отпуск в сеть за отчётный период Омскэнерго' is: '7 487 946'

11-12-2024T08:05:03 - [MESSAGE][PASSED] - Text of object 'Object Repository/Выполнение бизнес-плана/Значения со страницы Выполнение бизнес-плана/Факт Отпуск в сеть за отчётный период Омскэнерго' is: '7 487 946'

11-12-2024T08:05:03 - [TEST_STEP][PASSED] - page = page.replaceAll("\s+", ""): null

11-12-2024T08:05:03 - [TEST_STEP][PASSED] - fileOtpuskVSet = otpusk.toInteger(): null

11-12-2024T08:05:03 - [TEST_STEP][PASSED] - pageOtpuskVSet = page.toInteger(): null

11-12-2024T08:05:03 - [TEST_STEP][PASSED] - typeOfData = typeOfDataMain + " Потери": null

11-12-2024T08:05:03 - [TEST_STEP][PASSED] - if (a == 82): null

11-12-2024T08:05:03 - [TEST_STEP][PASSED] - else if (a == 84): null

11-12-2024T08:05:03 - [TEST_STEP][PASSED] - else if (a == 52 || a == 72 || a == 28 || a == 73 || a == 77 || a == 74 || a == 65 || a == 36 || a == 44 || a == 53 || a == 80 || a == 54 || a == 1 || a == 18 || a == 59 || a == 81): null

11-12-2024T08:05:03 - [TEST_STEP][PASSED] - else: null

11-12-2024T08:05:03 - [TEST_STEP][PASSED] - path = dataFolder + typeOfData + " за отчётный период " + b: null

11-12-2024T08:05:03 - [TEST_STEP][PASSED] - page = getText(findTestObject(path)): Text of object 'Object Repository/Выполнение бизнес-плана/Значения со страницы Выполнение бизнес-плана/Факт Потери за отчётный период Омскэнерго' is: '464 964'

11-12-2024T08:05:03 - [MESSAGE][PASSED] - Text of object 'Object Repository/Выполнение бизнес-плана/Значения со страницы Выполнение бизнес-плана/Факт Потери за отчётный период Омскэнерго' is: '464 964'

11-12-2024T08:05:03 - [TEST_STEP][PASSED] - page = page.replaceAll("\s+", ""): null

11-12-2024T08:05:03 - [TEST_STEP][PASSED] - filePoteri = poteri.toInteger(): null

11-12-2024T08:05:03 - [TEST_STEP][PASSED] - pagePoteri = page.toInteger(): null

11-12-2024T08:05:03 - [TEST_STEP][PASSED] - compare = pageOtpuskVSet: null

11-12-2024T08:05:03 - [TEST_STEP][PASSED] - if (compare == fileOtpuskVSet): null

11-12-2024T08:05:03 - [TEST_STEP][PASSED] - if (compare == fileOtpuskVSet): null

11-12-2024T08:05:03 - [TEST_STEP][PASSED] - compare = pagePoteri: null

11-12-2024T08:05:03 - [TEST_STEP][PASSED] - if (compare == filePoteri): null

11-12-2024T08:05:03 - [TEST_STEP][PASSED] - if (compare == filePoteri): null

11-12-2024T08:05:03 - [TEST_STEP][PASSED] - if (planFact == 2): null

11-12-2024T08:05:03 - [TEST_STEP][PASSED] - if (planFact == 1): null

11-12-2024T08:05:03 - [TEST_STEP][PASSED] - else if (planFact == 2): null

11-12-2024T08:05:03 - [TEST_STEP][PASSED] - click(findTestObject("Выполнение бизнес-плана/Кнопка План")): Object: 'Object Repository/Выполнение бизнес-плана/Кнопка План' is clicked on

11-12-2024T08:05:04 - [MESSAGE][PASSED] - Object: 'Object Repository/Выполнение бизнес-плана/Кнопка План' is clicked on

11-12-2024T08:05:04 - [TEST_STEP][PASSED] - typeOfDataMain = "План": null

11-12-2024T08:05:04 - [TEST_STEP][PASSED] - otpusk = findTestData("PlanFact").getValue(2, a): null

11-12-2024T08:05:04 - [TEST_STEP][PASSED] - poteri = findTestData("PlanFact").getValue(3, a): null

11-12-2024T08:05:04 - [TEST_STEP][PASSED] - otpusk = otpusk.replaceAll("\s+", ""): null

11-12-2024T08:05:04 - [TEST_STEP][PASSED] - poteri = poteri.replaceAll("\s+", ""): null

11-12-2024T08:05:04 - [TEST_STEP][PASSED] - typeOfData = typeOfDataMain + " Отпуск в сеть": null

11-12-2024T08:05:04 - [TEST_STEP][PASSED] - if (a == 82): null

11-12-2024T08:05:04 - [TEST_STEP][PASSED] - else if (a == 84): null

11-12-2024T08:05:04 - [TEST_STEP][PASSED] - else if (a == 52 || a == 72 || a == 28 || a == 73 || a == 77 || a == 74 || a == 65 || a == 36 || a == 44 || a == 53 || a == 80 || a == 54 || a == 1 || a == 18 || a == 59 || a == 81): null

11-12-2024T08:05:04 - [TEST_STEP][PASSED] - else: null

11-12-2024T08:05:04 - [TEST_STEP][PASSED] - path = dataFolder + typeOfData + " за отчётный период " + b: null

11-12-2024T08:05:04 - [TEST_STEP][PASSED] - println(path): null

11-12-2024T08:05:04 - [TEST_STEP][PASSED] - page = getText(findTestObject(path)): Text of object 'Object Repository/Выполнение бизнес-плана/Значения со страницы Выполнение бизнес-плана/План Отпуск в сеть за отчётный период Омскэнерго' is: '7 210 930'

11-12-2024T08:05:04 - [MESSAGE][PASSED] - Text of object 'Object Repository/Выполнение бизнес-плана/Значения со страницы Выполнение бизнес-плана/План Отпуск в сеть за отчётный период Омскэнерго' is: '7 210 930'

11-12-2024T08:05:04 - [TEST_STEP][PASSED] - page = page.replaceAll("\s+", ""): null

11-12-2024T08:05:04 - [TEST_STEP][PASSED] - fileOtpuskVSet = otpusk.toInteger(): null

11-12-2024T08:05:04 - [TEST_STEP][PASSED] - pageOtpuskVSet = page.toInteger(): null

11-12-2024T08:05:04 - [TEST_STEP][PASSED] - typeOfData = typeOfDataMain + " Потери": null

11-12-2024T08:05:04 - [TEST_STEP][PASSED] - if (a == 82): null

11-12-2024T08:05:04 - [TEST_STEP][PASSED] - else if (a == 84): null

11-12-2024T08:05:04 - [TEST_STEP][PASSED] - else if (a == 52 || a == 72 || a == 28 || a == 73 || a == 77 || a == 74 || a == 65 || a == 36 || a == 44 || a == 53 || a == 80 || a == 54 || a == 1 || a == 18 || a == 59 || a == 81): null

11-12-2024T08:05:04 - [TEST_STEP][PASSED] - else: null

11-12-2024T08:05:04 - [TEST_STEP][PASSED] - path = dataFolder + typeOfData + " за отчётный период " + b: null

11-12-2024T08:05:04 - [TEST_STEP][PASSED] - page = getText(findTestObject(path)): Text of object 'Object Repository/Выполнение бизнес-плана/Значения со страницы Выполнение бизнес-плана/План Потери за отчётный период Омскэнерго' is: '452 907'

11-12-2024T08:05:04 - [MESSAGE][PASSED] - Text of object 'Object Repository/Выполнение бизнес-плана/Значения со страницы Выполнение бизнес-плана/План Потери за отчётный период Омскэнерго' is: '452 907'

11-12-2024T08:05:04 - [TEST_STEP][PASSED] - page = page.replaceAll("\s+", ""): null

11-12-2024T08:05:04 - [TEST_STEP][PASSED] - filePoteri = poteri.toInteger(): null

11-12-2024T08:05:04 - [TEST_STEP][PASSED] - pagePoteri = page.toInteger(): null

11-12-2024T08:05:04 - [TEST_STEP][PASSED] - compare = pageOtpuskVSet: null

11-12-2024T08:05:04 - [TEST_STEP][PASSED] - if (compare == fileOtpuskVSet): null

11-12-2024T08:05:04 - [TEST_STEP][PASSED] - if (compare == fileOtpuskVSet): null

11-12-2024T08:05:04 - [TEST_STEP][PASSED] - compare = pagePoteri: null

11-12-2024T08:05:04 - [TEST_STEP][PASSED] - if (compare == filePoteri): null

11-12-2024T08:05:04 - [TEST_STEP][PASSED] - if (compare == filePoteri): null

11-12-2024T08:05:04 - [TEST_STEP][PASSED] - if (planFact == 2): Object: 'Object Repository/Выполнение бизнес-плана/Кнопка Факт' is clicked on

11-12-2024T08:05:04 - [TEST_STEP][PASSED] - click(findTestObject("Выполнение бизнес-плана/Кнопка Факт")): Object: 'Object Repository/Выполнение бизнес-плана/Кнопка Факт' is clicked on

11-12-2024T08:05:05 - [MESSAGE][PASSED] - Object: 'Object Repository/Выполнение бизнес-плана/Кнопка Факт' is clicked on

11-12-2024T08:05:05 - [TEST_STEP][PASSED] - if (a == 84 || a == 82): null

11-12-2024T08:05:05 - [TEST_STEP][PASSED] - else if (a == 52 || a == 72 || a == 28 || a == 73 || a == 77 || a == 74 || a == 65 || a == 36 || a == 44 || a == 53 || a == 80 || a == 54 || a == 1 || a == 18 || a == 59 || a == 81): null

11-12-2024T08:05:05 - [TEST_STEP][PASSED] - else: null

11-12-2024T08:05:05 - [TEST_STEP][PASSED] - page1 = getText(findTestObject("Object Repository/Выполнение бизнес-плана/spanPlan" + filialNum)): Text of object 'Object Repository/Выполнение бизнес-плана/spanPlan5' is: '6.28
|'

11-12-2024T08:05:05 - [MESSAGE][PASSED] - Text of object 'Object Repository/Выполнение бизнес-плана/spanPlan5' is: '6.28
|'

11-12-2024T08:05:05 - [TEST_STEP][PASSED] - page1 = page1.replace("|", ""): null

11-12-2024T08:05:05 - [TEST_STEP][PASSED] - page2 = getText(findTestObject("Object Repository/Выполнение бизнес-плана/spanFact" + filialNum)): Text of object 'Object Repository/Выполнение бизнес-плана/spanFact5' is: '6.21
|'

11-12-2024T08:05:05 - [MESSAGE][PASSED] - Text of object 'Object Repository/Выполнение бизнес-плана/spanFact5' is: '6.21
|'

11-12-2024T08:05:05 - [TEST_STEP][PASSED] - page2 = page2.replace("|", ""): null

11-12-2024T08:05:05 - [TEST_STEP][PASSED] - println("page1: " + page1): null

11-12-2024T08:05:05 - [TEST_STEP][PASSED] - println("page2: " + page2): null

11-12-2024T08:05:05 - [TEST_STEP][PASSED] - file = findTestData("PlanFact").getValue(4, a): null

11-12-2024T08:05:05 - [TEST_STEP][PASSED] - file = file.replace(",", "."): null

11-12-2024T08:05:05 - [TEST_STEP][PASSED] - println("file Plan: " + file): null

11-12-2024T08:05:05 - [TEST_STEP][PASSED] - typeOfData = "План в процентах": null

11-12-2024T08:05:05 - [TEST_STEP][PASSED] - fileDouble = file.toDouble(): null

11-12-2024T08:05:05 - [TEST_STEP][PASSED] - pageDouble = page1.toDouble(): null

11-12-2024T08:05:05 - [TEST_STEP][PASSED] - if (fileDouble != pageDouble): null

11-12-2024T08:05:05 - [TEST_STEP][PASSED] - file = findTestData("PlanFact").getValue(7, a): null

11-12-2024T08:05:05 - [TEST_STEP][PASSED] - file = file.replace(",", "."): null

11-12-2024T08:05:05 - [TEST_STEP][PASSED] - println("file Fact: " + file): null

11-12-2024T08:05:05 - [TEST_STEP][PASSED] - fileDouble = file.toDouble(): null

11-12-2024T08:05:05 - [TEST_STEP][PASSED] - typeOfData = "Факт в процентах": null

11-12-2024T08:05:05 - [TEST_STEP][PASSED] - fileDouble = file.toDouble(): null

11-12-2024T08:05:05 - [TEST_STEP][PASSED] - pageDouble = page2.toDouble(): null

11-12-2024T08:05:05 - [TEST_STEP][PASSED] - if (fileDouble != pageDouble): null

11-12-2024T08:05:05 - [TEST_STEP][PASSED] - if (verifyEqual(numberOfErrors, 0) == false): Actual object '0' and expected object '0' are equal

11-12-2024T08:05:05 - [MESSAGE][PASSED] - Actual object '0' and expected object '0' are equal

11-12-2024T08:05:05 - [TEST_STEP][PASSED] - if (a == 82): null

11-12-2024T08:05:05 - [TEST_STEP][PASSED] - dZO = "Хакасэнерго": null

11-12-2024T08:05:05 - [TEST_STEP][PASSED] - a = 50: null

11-12-2024T08:05:05 - [TEST_STEP][PASSED] - if (x2.contains(dZO)): null

11-12-2024T08:05:05 - [TEST_STEP][PASSED] - filialNum = filialNum + 1: null

11-12-2024T08:05:05 - [TEST_STEP][PASSED] - Script1718980020443.Numbers(a, typeOfData, todaysDate, pageInt, fileInt, pageDouble, fileDouble, dZO, dzoNum, filialNum): null

11-12-2024T08:05:05 - [TEST_STEP][PASSED] - println(dzoNum): null

11-12-2024T08:05:05 - [TEST_STEP][PASSED] - planFact = <not implemented yet for class: org.codehaus.groovy.ast.expr.EmptyExpression>: null

11-12-2024T08:05:05 - [TEST_STEP][PASSED] - page = <not implemented yet for class: org.codehaus.groovy.ast.expr.EmptyExpression>: null

11-12-2024T08:05:05 - [TEST_STEP][PASSED] - page1 = <not implemented yet for class: org.codehaus.groovy.ast.expr.EmptyExpression>: null

11-12-2024T08:05:05 - [TEST_STEP][PASSED] - page2 = <not implemented yet for class: org.codehaus.groovy.ast.expr.EmptyExpression>: null

11-12-2024T08:05:05 - [TEST_STEP][PASSED] - filialNumberInRow = <not implemented yet for class: org.codehaus.groovy.ast.expr.EmptyExpression>: null

11-12-2024T08:05:05 - [TEST_STEP][PASSED] - filialsDzoNames = <not implemented yet for class: org.codehaus.groovy.ast.expr.EmptyExpression>: null

11-12-2024T08:05:05 - [TEST_STEP][PASSED] - numberOfFilials = <not implemented yet for class: org.codehaus.groovy.ast.expr.EmptyExpression>: null

11-12-2024T08:05:05 - [TEST_STEP][PASSED] - numberOfSpaces = <not implemented yet for class: org.codehaus.groovy.ast.expr.EmptyExpression>: null

11-12-2024T08:05:05 - [TEST_STEP][PASSED] - file = <not implemented yet for class: org.codehaus.groovy.ast.expr.EmptyExpression>: null

11-12-2024T08:05:05 - [TEST_STEP][PASSED] - otpusk = <not implemented yet for class: org.codehaus.groovy.ast.expr.EmptyExpression>: null

11-12-2024T08:05:05 - [TEST_STEP][PASSED] - poteri = <not implemented yet for class: org.codehaus.groovy.ast.expr.EmptyExpression>: null

11-12-2024T08:05:05 - [TEST_STEP][PASSED] - dataFolder = "Выполнение бизнес-плана/Значения со страницы Выполнение бизнес-плана/": null

11-12-2024T08:05:05 - [TEST_STEP][PASSED] - path = <not implemented yet for class: org.codehaus.groovy.ast.expr.EmptyExpression>: null

11-12-2024T08:05:05 - [TEST_STEP][PASSED] - typeOfDataMain = <not implemented yet for class: org.codehaus.groovy.ast.expr.EmptyExpression>: null

11-12-2024T08:05:05 - [TEST_STEP][PASSED] - fileOtpuskVSet = <not implemented yet for class: org.codehaus.groovy.ast.expr.EmptyExpression>: null

11-12-2024T08:05:05 - [TEST_STEP][PASSED] - pageOtpuskVSet = <not implemented yet for class: org.codehaus.groovy.ast.expr.EmptyExpression>: null

11-12-2024T08:05:05 - [TEST_STEP][PASSED] - filePoteri = <not implemented yet for class: org.codehaus.groovy.ast.expr.EmptyExpression>: null

11-12-2024T08:05:05 - [TEST_STEP][PASSED] - pagePoteri = <not implemented yet for class: org.codehaus.groovy.ast.expr.EmptyExpression>: null

11-12-2024T08:05:05 - [TEST_STEP][PASSED] - compare = <not implemented yet for class: org.codehaus.groovy.ast.expr.EmptyExpression>: null

11-12-2024T08:05:05 - [TEST_STEP][PASSED] - b = <not implemented yet for class: org.codehaus.groovy.ast.expr.EmptyExpression>: null

11-12-2024T08:05:05 - [TEST_STEP][PASSED] - i = <not implemented yet for class: org.codehaus.groovy.ast.expr.EmptyExpression>: null

11-12-2024T08:05:05 - [TEST_STEP][PASSED] - ii = <not implemented yet for class: org.codehaus.groovy.ast.expr.EmptyExpression>: null

11-12-2024T08:05:05 - [TEST_STEP][PASSED] - c = <not implemented yet for class: org.codehaus.groovy.ast.expr.EmptyExpression>: null

11-12-2024T08:05:05 - [TEST_STEP][PASSED] - numberOfErrors = 0: null

11-12-2024T08:05:05 - [TEST_STEP][PASSED] - if (a == 82): null

11-12-2024T08:05:05 - [TEST_STEP][PASSED] - b = findTestData("PlanFact").getValue(1, a): null

11-12-2024T08:05:05 - [TEST_STEP][PASSED] - i = b.indexOf(" (ГК)"): null

11-12-2024T08:05:05 - [TEST_STEP][PASSED] - if (i > -1): null

11-12-2024T08:05:05 - [TEST_STEP][PASSED] - i = b.indexOf("О ""): null

11-12-2024T08:05:05 - [TEST_STEP][PASSED] - if (i > -1): null

11-12-2024T08:05:05 - [TEST_STEP][PASSED] - i = b.indexOf("О «"): null

11-12-2024T08:05:05 - [TEST_STEP][PASSED] - if (i > -1): null

11-12-2024T08:05:05 - [TEST_STEP][PASSED] - i = b.indexOf("г. "): null

11-12-2024T08:05:05 - [TEST_STEP][PASSED] - if (i > -1): null

11-12-2024T08:05:05 - [TEST_STEP][PASSED] - println(b): null

11-12-2024T08:05:05 - [TEST_STEP][PASSED] - for ([planFact = 1, planFact < 3, (planFact++)]): Object: 'Object Repository/Выполнение бизнес-плана/Кнопка Факт' is clicked on

11-12-2024T08:05:05 - [TEST_STEP][PASSED] - if (planFact == 1): null

11-12-2024T08:05:05 - [TEST_STEP][PASSED] - typeOfDataMain = "Факт": null

11-12-2024T08:05:05 - [TEST_STEP][PASSED] - otpusk = findTestData("PlanFact").getValue(5, a): null

11-12-2024T08:05:05 - [TEST_STEP][PASSED] - poteri = findTestData("PlanFact").getValue(6, a): null

11-12-2024T08:05:05 - [TEST_STEP][PASSED] - otpusk = otpusk.replaceAll("\s+", ""): null

11-12-2024T08:05:05 - [TEST_STEP][PASSED] - poteri = poteri.replaceAll("\s+", ""): null

11-12-2024T08:05:05 - [TEST_STEP][PASSED] - typeOfData = typeOfDataMain + " Отпуск в сеть": null

11-12-2024T08:05:05 - [TEST_STEP][PASSED] - if (a == 82): null

11-12-2024T08:05:05 - [TEST_STEP][PASSED] - else if (a == 84): null

11-12-2024T08:05:05 - [TEST_STEP][PASSED] - else if (a == 52 || a == 72 || a == 28 || a == 73 || a == 77 || a == 74 || a == 65 || a == 36 || a == 44 || a == 53 || a == 80 || a == 54 || a == 1 || a == 18 || a == 59 || a == 81): null

11-12-2024T08:05:05 - [TEST_STEP][PASSED] - else: null

11-12-2024T08:05:05 - [TEST_STEP][PASSED] - path = dataFolder + typeOfData + " за отчётный период " + b: null

11-12-2024T08:05:05 - [TEST_STEP][PASSED] - println(path): null

11-12-2024T08:05:05 - [TEST_STEP][PASSED] - page = getText(findTestObject(path)): Text of object 'Object Repository/Выполнение бизнес-плана/Значения со страницы Выполнение бизнес-плана/Факт Отпуск в сеть за отчётный период Хакасэнерго' is: '2 883 972'

11-12-2024T08:05:06 - [MESSAGE][PASSED] - Text of object 'Object Repository/Выполнение бизнес-плана/Значения со страницы Выполнение бизнес-плана/Факт Отпуск в сеть за отчётный период Хакасэнерго' is: '2 883 972'

11-12-2024T08:05:06 - [TEST_STEP][PASSED] - page = page.replaceAll("\s+", ""): null

11-12-2024T08:05:06 - [TEST_STEP][PASSED] - fileOtpuskVSet = otpusk.toInteger(): null

11-12-2024T08:05:06 - [TEST_STEP][PASSED] - pageOtpuskVSet = page.toInteger(): null

11-12-2024T08:05:06 - [TEST_STEP][PASSED] - typeOfData = typeOfDataMain + " Потери": null

11-12-2024T08:05:06 - [TEST_STEP][PASSED] - if (a == 82): null

11-12-2024T08:05:06 - [TEST_STEP][PASSED] - else if (a == 84): null

11-12-2024T08:05:06 - [TEST_STEP][PASSED] - else if (a == 52 || a == 72 || a == 28 || a == 73 || a == 77 || a == 74 || a == 65 || a == 36 || a == 44 || a == 53 || a == 80 || a == 54 || a == 1 || a == 18 || a == 59 || a == 81): null

11-12-2024T08:05:06 - [TEST_STEP][PASSED] - else: null

11-12-2024T08:05:06 - [TEST_STEP][PASSED] - path = dataFolder + typeOfData + " за отчётный период " + b: null

11-12-2024T08:05:06 - [TEST_STEP][PASSED] - page = getText(findTestObject(path)): Text of object 'Object Repository/Выполнение бизнес-плана/Значения со страницы Выполнение бизнес-плана/Факт Потери за отчётный период Хакасэнерго' is: '226 274'

11-12-2024T08:05:06 - [MESSAGE][PASSED] - Text of object 'Object Repository/Выполнение бизнес-плана/Значения со страницы Выполнение бизнес-плана/Факт Потери за отчётный период Хакасэнерго' is: '226 274'

11-12-2024T08:05:06 - [TEST_STEP][PASSED] - page = page.replaceAll("\s+", ""): null

11-12-2024T08:05:06 - [TEST_STEP][PASSED] - filePoteri = poteri.toInteger(): null

11-12-2024T08:05:06 - [TEST_STEP][PASSED] - pagePoteri = page.toInteger(): null

11-12-2024T08:05:06 - [TEST_STEP][PASSED] - compare = pageOtpuskVSet: null

11-12-2024T08:05:06 - [TEST_STEP][PASSED] - if (compare == fileOtpuskVSet): null

11-12-2024T08:05:06 - [TEST_STEP][PASSED] - if (compare == fileOtpuskVSet): null

11-12-2024T08:05:06 - [TEST_STEP][PASSED] - compare = pagePoteri: null

11-12-2024T08:05:06 - [TEST_STEP][PASSED] - if (compare == filePoteri): null

11-12-2024T08:05:06 - [TEST_STEP][PASSED] - if (compare == filePoteri): null

11-12-2024T08:05:06 - [TEST_STEP][PASSED] - if (planFact == 2): null

11-12-2024T08:05:06 - [TEST_STEP][PASSED] - if (planFact == 1): null

11-12-2024T08:05:06 - [TEST_STEP][PASSED] - else if (planFact == 2): null

11-12-2024T08:05:06 - [TEST_STEP][PASSED] - click(findTestObject("Выполнение бизнес-плана/Кнопка План")): Object: 'Object Repository/Выполнение бизнес-плана/Кнопка План' is clicked on

11-12-2024T08:05:06 - [MESSAGE][PASSED] - Object: 'Object Repository/Выполнение бизнес-плана/Кнопка План' is clicked on

11-12-2024T08:05:06 - [TEST_STEP][PASSED] - typeOfDataMain = "План": null

11-12-2024T08:05:06 - [TEST_STEP][PASSED] - otpusk = findTestData("PlanFact").getValue(2, a): null

11-12-2024T08:05:06 - [TEST_STEP][PASSED] - poteri = findTestData("PlanFact").getValue(3, a): null

11-12-2024T08:05:07 - [TEST_STEP][PASSED] - otpusk = otpusk.replaceAll("\s+", ""): null

11-12-2024T08:05:07 - [TEST_STEP][PASSED] - poteri = poteri.replaceAll("\s+", ""): null

11-12-2024T08:05:07 - [TEST_STEP][PASSED] - typeOfData = typeOfDataMain + " Отпуск в сеть": null

11-12-2024T08:05:07 - [TEST_STEP][PASSED] - if (a == 82): null

11-12-2024T08:05:07 - [TEST_STEP][PASSED] - else if (a == 84): null

11-12-2024T08:05:07 - [TEST_STEP][PASSED] - else if (a == 52 || a == 72 || a == 28 || a == 73 || a == 77 || a == 74 || a == 65 || a == 36 || a == 44 || a == 53 || a == 80 || a == 54 || a == 1 || a == 18 || a == 59 || a == 81): null

11-12-2024T08:05:07 - [TEST_STEP][PASSED] - else: null

11-12-2024T08:05:07 - [TEST_STEP][PASSED] - path = dataFolder + typeOfData + " за отчётный период " + b: null

11-12-2024T08:05:07 - [TEST_STEP][PASSED] - println(path): null

11-12-2024T08:05:07 - [TEST_STEP][PASSED] - page = getText(findTestObject(path)): Text of object 'Object Repository/Выполнение бизнес-плана/Значения со страницы Выполнение бизнес-плана/План Отпуск в сеть за отчётный период Хакасэнерго' is: '2 535 807'

11-12-2024T08:05:07 - [MESSAGE][PASSED] - Text of object 'Object Repository/Выполнение бизнес-плана/Значения со страницы Выполнение бизнес-плана/План Отпуск в сеть за отчётный период Хакасэнерго' is: '2 535 807'

11-12-2024T08:05:07 - [TEST_STEP][PASSED] - page = page.replaceAll("\s+", ""): null

11-12-2024T08:05:07 - [TEST_STEP][PASSED] - fileOtpuskVSet = otpusk.toInteger(): null

11-12-2024T08:05:07 - [TEST_STEP][PASSED] - pageOtpuskVSet = page.toInteger(): null

11-12-2024T08:05:07 - [TEST_STEP][PASSED] - typeOfData = typeOfDataMain + " Потери": null

11-12-2024T08:05:07 - [TEST_STEP][PASSED] - if (a == 82): null

11-12-2024T08:05:07 - [TEST_STEP][PASSED] - else if (a == 84): null

11-12-2024T08:05:07 - [TEST_STEP][PASSED] - else if (a == 52 || a == 72 || a == 28 || a == 73 || a == 77 || a == 74 || a == 65 || a == 36 || a == 44 || a == 53 || a == 80 || a == 54 || a == 1 || a == 18 || a == 59 || a == 81): null

11-12-2024T08:05:07 - [TEST_STEP][PASSED] - else: null

11-12-2024T08:05:07 - [TEST_STEP][PASSED] - path = dataFolder + typeOfData + " за отчётный период " + b: null

11-12-2024T08:05:07 - [TEST_STEP][PASSED] - page = getText(findTestObject(path)): Text of object 'Object Repository/Выполнение бизнес-плана/Значения со страницы Выполнение бизнес-плана/План Потери за отчётный период Хакасэнерго' is: '192 360'

11-12-2024T08:05:07 - [MESSAGE][PASSED] - Text of object 'Object Repository/Выполнение бизнес-плана/Значения со страницы Выполнение бизнес-плана/План Потери за отчётный период Хакасэнерго' is: '192 360'

11-12-2024T08:05:07 - [TEST_STEP][PASSED] - page = page.replaceAll("\s+", ""): null

11-12-2024T08:05:07 - [TEST_STEP][PASSED] - filePoteri = poteri.toInteger(): null

11-12-2024T08:05:07 - [TEST_STEP][PASSED] - pagePoteri = page.toInteger(): null

11-12-2024T08:05:07 - [TEST_STEP][PASSED] - compare = pageOtpuskVSet: null

11-12-2024T08:05:07 - [TEST_STEP][PASSED] - if (compare == fileOtpuskVSet): null

11-12-2024T08:05:07 - [TEST_STEP][PASSED] - if (compare == fileOtpuskVSet): null

11-12-2024T08:05:07 - [TEST_STEP][PASSED] - compare = pagePoteri: null

11-12-2024T08:05:07 - [TEST_STEP][PASSED] - if (compare == filePoteri): null

11-12-2024T08:05:07 - [TEST_STEP][PASSED] - if (compare == filePoteri): null

11-12-2024T08:05:07 - [TEST_STEP][PASSED] - if (planFact == 2): Object: 'Object Repository/Выполнение бизнес-плана/Кнопка Факт' is clicked on

11-12-2024T08:05:07 - [TEST_STEP][PASSED] - click(findTestObject("Выполнение бизнес-плана/Кнопка Факт")): Object: 'Object Repository/Выполнение бизнес-плана/Кнопка Факт' is clicked on

11-12-2024T08:05:07 - [MESSAGE][PASSED] - Object: 'Object Repository/Выполнение бизнес-плана/Кнопка Факт' is clicked on

11-12-2024T08:05:07 - [TEST_STEP][PASSED] - if (a == 84 || a == 82): null

11-12-2024T08:05:07 - [TEST_STEP][PASSED] - else if (a == 52 || a == 72 || a == 28 || a == 73 || a == 77 || a == 74 || a == 65 || a == 36 || a == 44 || a == 53 || a == 80 || a == 54 || a == 1 || a == 18 || a == 59 || a == 81): null

11-12-2024T08:05:07 - [TEST_STEP][PASSED] - else: null

11-12-2024T08:05:07 - [TEST_STEP][PASSED] - page1 = getText(findTestObject("Object Repository/Выполнение бизнес-плана/spanPlan" + filialNum)): Text of object 'Object Repository/Выполнение бизнес-плана/spanPlan6' is: '7.59
|'

11-12-2024T08:05:08 - [MESSAGE][PASSED] - Text of object 'Object Repository/Выполнение бизнес-плана/spanPlan6' is: '7.59
|'

11-12-2024T08:05:08 - [TEST_STEP][PASSED] - page1 = page1.replace("|", ""): null

11-12-2024T08:05:08 - [TEST_STEP][PASSED] - page2 = getText(findTestObject("Object Repository/Выполнение бизнес-плана/spanFact" + filialNum)): Text of object 'Object Repository/Выполнение бизнес-плана/spanFact6' is: '7.85
|'

11-12-2024T08:05:08 - [MESSAGE][PASSED] - Text of object 'Object Repository/Выполнение бизнес-плана/spanFact6' is: '7.85
|'

11-12-2024T08:05:08 - [TEST_STEP][PASSED] - page2 = page2.replace("|", ""): null

11-12-2024T08:05:08 - [TEST_STEP][PASSED] - println("page1: " + page1): null

11-12-2024T08:05:08 - [TEST_STEP][PASSED] - println("page2: " + page2): null

11-12-2024T08:05:08 - [TEST_STEP][PASSED] - file = findTestData("PlanFact").getValue(4, a): null

11-12-2024T08:05:08 - [TEST_STEP][PASSED] - file = file.replace(",", "."): null

11-12-2024T08:05:08 - [TEST_STEP][PASSED] - println("file Plan: " + file): null

11-12-2024T08:05:08 - [TEST_STEP][PASSED] - typeOfData = "План в процентах": null

11-12-2024T08:05:08 - [TEST_STEP][PASSED] - fileDouble = file.toDouble(): null

11-12-2024T08:05:08 - [TEST_STEP][PASSED] - pageDouble = page1.toDouble(): null

11-12-2024T08:05:08 - [TEST_STEP][PASSED] - if (fileDouble != pageDouble): null

11-12-2024T08:05:08 - [TEST_STEP][PASSED] - file = findTestData("PlanFact").getValue(7, a): null

11-12-2024T08:05:08 - [TEST_STEP][PASSED] - file = file.replace(",", "."): null

11-12-2024T08:05:08 - [TEST_STEP][PASSED] - println("file Fact: " + file): null

11-12-2024T08:05:08 - [TEST_STEP][PASSED] - fileDouble = file.toDouble(): null

11-12-2024T08:05:08 - [TEST_STEP][PASSED] - typeOfData = "Факт в процентах": null

11-12-2024T08:05:08 - [TEST_STEP][PASSED] - fileDouble = file.toDouble(): null

11-12-2024T08:05:08 - [TEST_STEP][PASSED] - pageDouble = page2.toDouble(): null

11-12-2024T08:05:08 - [TEST_STEP][PASSED] - if (fileDouble != pageDouble): null

11-12-2024T08:05:08 - [TEST_STEP][PASSED] - if (verifyEqual(numberOfErrors, 0) == false): Actual object '0' and expected object '0' are equal

11-12-2024T08:05:08 - [MESSAGE][PASSED] - Actual object '0' and expected object '0' are equal

11-12-2024T08:05:08 - [TEST_STEP][PASSED] - if (a == 82): null

11-12-2024T08:05:08 - [TEST_STEP][PASSED] - dZO = "Читаэнерго": null

11-12-2024T08:05:08 - [TEST_STEP][PASSED] - a = 51: null

11-12-2024T08:05:08 - [TEST_STEP][PASSED] - if (x2.contains(dZO)): null

11-12-2024T08:05:08 - [TEST_STEP][PASSED] - filialNum = filialNum + 1: null

11-12-2024T08:05:08 - [TEST_STEP][PASSED] - Script1718980020443.Numbers(a, typeOfData, todaysDate, pageInt, fileInt, pageDouble, fileDouble, dZO, dzoNum, filialNum): null

11-12-2024T08:05:08 - [TEST_STEP][PASSED] - println(dzoNum): null

11-12-2024T08:05:08 - [TEST_STEP][PASSED] - planFact = <not implemented yet for class: org.codehaus.groovy.ast.expr.EmptyExpression>: null

11-12-2024T08:05:08 - [TEST_STEP][PASSED] - page = <not implemented yet for class: org.codehaus.groovy.ast.expr.EmptyExpression>: null

11-12-2024T08:05:08 - [TEST_STEP][PASSED] - page1 = <not implemented yet for class: org.codehaus.groovy.ast.expr.EmptyExpression>: null

11-12-2024T08:05:08 - [TEST_STEP][PASSED] - page2 = <not implemented yet for class: org.codehaus.groovy.ast.expr.EmptyExpression>: null

11-12-2024T08:05:08 - [TEST_STEP][PASSED] - filialNumberInRow = <not implemented yet for class: org.codehaus.groovy.ast.expr.EmptyExpression>: null

11-12-2024T08:05:08 - [TEST_STEP][PASSED] - filialsDzoNames = <not implemented yet for class: org.codehaus.groovy.ast.expr.EmptyExpression>: null

11-12-2024T08:05:08 - [TEST_STEP][PASSED] - numberOfFilials = <not implemented yet for class: org.codehaus.groovy.ast.expr.EmptyExpression>: null

11-12-2024T08:05:08 - [TEST_STEP][PASSED] - numberOfSpaces = <not implemented yet for class: org.codehaus.groovy.ast.expr.EmptyExpression>: null

11-12-2024T08:05:08 - [TEST_STEP][PASSED] - file = <not implemented yet for class: org.codehaus.groovy.ast.expr.EmptyExpression>: null

11-12-2024T08:05:08 - [TEST_STEP][PASSED] - otpusk = <not implemented yet for class: org.codehaus.groovy.ast.expr.EmptyExpression>: null

11-12-2024T08:05:08 - [TEST_STEP][PASSED] - poteri = <not implemented yet for class: org.codehaus.groovy.ast.expr.EmptyExpression>: null

11-12-2024T08:05:08 - [TEST_STEP][PASSED] - dataFolder = "Выполнение бизнес-плана/Значения со страницы Выполнение бизнес-плана/": null

11-12-2024T08:05:08 - [TEST_STEP][PASSED] - path = <not implemented yet for class: org.codehaus.groovy.ast.expr.EmptyExpression>: null

11-12-2024T08:05:08 - [TEST_STEP][PASSED] - typeOfDataMain = <not implemented yet for class: org.codehaus.groovy.ast.expr.EmptyExpression>: null

11-12-2024T08:05:08 - [TEST_STEP][PASSED] - fileOtpuskVSet = <not implemented yet for class: org.codehaus.groovy.ast.expr.EmptyExpression>: null

11-12-2024T08:05:08 - [TEST_STEP][PASSED] - pageOtpuskVSet = <not implemented yet for class: org.codehaus.groovy.ast.expr.EmptyExpression>: null

11-12-2024T08:05:08 - [TEST_STEP][PASSED] - filePoteri = <not implemented yet for class: org.codehaus.groovy.ast.expr.EmptyExpression>: null

11-12-2024T08:05:08 - [TEST_STEP][PASSED] - pagePoteri = <not implemented yet for class: org.codehaus.groovy.ast.expr.EmptyExpression>: null

11-12-2024T08:05:08 - [TEST_STEP][PASSED] - compare = <not implemented yet for class: org.codehaus.groovy.ast.expr.EmptyExpression>: null

11-12-2024T08:05:08 - [TEST_STEP][PASSED] - b = <not implemented yet for class: org.codehaus.groovy.ast.expr.EmptyExpression>: null

11-12-2024T08:05:08 - [TEST_STEP][PASSED] - i = <not implemented yet for class: org.codehaus.groovy.ast.expr.EmptyExpression>: null

11-12-2024T08:05:08 - [TEST_STEP][PASSED] - ii = <not implemented yet for class: org.codehaus.groovy.ast.expr.EmptyExpression>: null

11-12-2024T08:05:08 - [TEST_STEP][PASSED] - c = <not implemented yet for class: org.codehaus.groovy.ast.expr.EmptyExpression>: null

11-12-2024T08:05:08 - [TEST_STEP][PASSED] - numberOfErrors = 0: null

11-12-2024T08:05:08 - [TEST_STEP][PASSED] - if (a == 82): null

11-12-2024T08:05:08 - [TEST_STEP][PASSED] - b = findTestData("PlanFact").getValue(1, a): null

11-12-2024T08:05:08 - [TEST_STEP][PASSED] - i = b.indexOf(" (ГК)"): null

11-12-2024T08:05:08 - [TEST_STEP][PASSED] - if (i > -1): null

11-12-2024T08:05:08 - [TEST_STEP][PASSED] - i = b.indexOf("О ""): null

11-12-2024T08:05:08 - [TEST_STEP][PASSED] - if (i > -1): null

11-12-2024T08:05:08 - [TEST_STEP][PASSED] - i = b.indexOf("О «"): null

11-12-2024T08:05:08 - [TEST_STEP][PASSED] - if (i > -1): null

11-12-2024T08:05:08 - [TEST_STEP][PASSED] - i = b.indexOf("г. "): null

11-12-2024T08:05:08 - [TEST_STEP][PASSED] - if (i > -1): null

11-12-2024T08:05:08 - [TEST_STEP][PASSED] - println(b): null

11-12-2024T08:05:08 - [TEST_STEP][PASSED] - for ([planFact = 1, planFact < 3, (planFact++)]): null

11-12-2024T08:05:08 - [TEST_STEP][PASSED] - if (planFact == 1): null

11-12-2024T08:05:08 - [TEST_STEP][PASSED] - typeOfDataMain = "Факт": null

11-12-2024T08:05:08 - [TEST_STEP][PASSED] - otpusk = findTestData("PlanFact").getValue(5, a): null

11-12-2024T08:05:08 - [TEST_STEP][PASSED] - poteri = findTestData("PlanFact").getValue(6, a): null

11-12-2024T08:05:08 - [TEST_STEP][PASSED] - otpusk = otpusk.replaceAll("\s+", ""): null

11-12-2024T08:05:08 - [TEST_STEP][PASSED] - poteri = poteri.replaceAll("\s+", ""): null

11-12-2024T08:05:08 - [TEST_STEP][PASSED] - typeOfData = typeOfDataMain + " Отпуск в сеть": null

11-12-2024T08:05:08 - [TEST_STEP][PASSED] - if (a == 82): null

11-12-2024T08:05:08 - [TEST_STEP][PASSED] - else if (a == 84): null

11-12-2024T08:05:08 - [TEST_STEP][PASSED] - else if (a == 52 || a == 72 || a == 28 || a == 73 || a == 77 || a == 74 || a == 65 || a == 36 || a == 44 || a == 53 || a == 80 || a == 54 || a == 1 || a == 18 || a == 59 || a == 81): null

11-12-2024T08:05:08 - [TEST_STEP][PASSED] - else: null

11-12-2024T08:05:08 - [TEST_STEP][PASSED] - path = dataFolder + typeOfData + " за отчётный период " + b: null

11-12-2024T08:05:08 - [TEST_STEP][PASSED] - println(path): null

11-12-2024T08:05:08 - [TEST_STEP][PASSED] - page = getText(findTestObject(path)): Text of object 'Object Repository/Выполнение бизнес-плана/Значения со страницы Выполнение бизнес-плана/Факт Отпуск в сеть за отчётный период Читаэнерго' is: '6 000 968'

11-12-2024T08:05:09 - [MESSAGE][PASSED] - Text of object 'Object Repository/Выполнение бизнес-плана/Значения со страницы Выполнение бизнес-плана/Факт Отпуск в сеть за отчётный период Читаэнерго' is: '6 000 968'

11-12-2024T08:05:09 - [TEST_STEP][PASSED] - page = page.replaceAll("\s+", ""): null

11-12-2024T08:05:09 - [TEST_STEP][PASSED] - fileOtpuskVSet = otpusk.toInteger(): null

11-12-2024T08:05:09 - [TEST_STEP][PASSED] - pageOtpuskVSet = page.toInteger(): null

11-12-2024T08:05:09 - [TEST_STEP][PASSED] - typeOfData = typeOfDataMain + " Потери": null

11-12-2024T08:05:09 - [TEST_STEP][PASSED] - if (a == 82): null

11-12-2024T08:05:09 - [TEST_STEP][PASSED] - else if (a == 84): null

11-12-2024T08:05:09 - [TEST_STEP][PASSED] - else if (a == 52 || a == 72 || a == 28 || a == 73 || a == 77 || a == 74 || a == 65 || a == 36 || a == 44 || a == 53 || a == 80 || a == 54 || a == 1 || a == 18 || a == 59 || a == 81): null

11-12-2024T08:05:09 - [TEST_STEP][PASSED] - else: null

11-12-2024T08:05:09 - [TEST_STEP][PASSED] - path = dataFolder + typeOfData + " за отчётный период " + b: null

11-12-2024T08:05:09 - [TEST_STEP][PASSED] - page = getText(findTestObject(path)): Text of object 'Object Repository/Выполнение бизнес-плана/Значения со страницы Выполнение бизнес-плана/Факт Потери за отчётный период Читаэнерго' is: '471 626'

11-12-2024T08:05:09 - [MESSAGE][PASSED] - Text of object 'Object Repository/Выполнение бизнес-плана/Значения со страницы Выполнение бизнес-плана/Факт Потери за отчётный период Читаэнерго' is: '471 626'

11-12-2024T08:05:09 - [TEST_STEP][PASSED] - page = page.replaceAll("\s+", ""): null

11-12-2024T08:05:09 - [TEST_STEP][PASSED] - filePoteri = poteri.toInteger(): null

11-12-2024T08:05:09 - [TEST_STEP][PASSED] - pagePoteri = page.toInteger(): null

11-12-2024T08:05:09 - [TEST_STEP][PASSED] - compare = pageOtpuskVSet: null

11-12-2024T08:05:09 - [TEST_STEP][PASSED] - if (compare == fileOtpuskVSet): null

11-12-2024T08:05:09 - [TEST_STEP][PASSED] - else if (compare > fileOtpuskVSet): null

11-12-2024T08:05:09 - [TEST_STEP][PASSED] - compare = compare - 1: null

11-12-2024T08:05:09 - [TEST_STEP][PASSED] - if (compare == fileOtpuskVSet): null

11-12-2024T08:05:09 - [TEST_STEP][PASSED] - else: null

11-12-2024T08:05:09 - [TEST_STEP][PASSED] - numberOfErrors = numberOfErrors + 1: null

11-12-2024T08:05:09 - [TEST_STEP][PASSED] - pageInt = pageOtpuskVSet: null

11-12-2024T08:05:09 - [TEST_STEP][PASSED] - fileInt = fileOtpuskVSet: null

11-12-2024T08:05:09 - [TEST_STEP][PASSED] - typeOfData = typeOfDataMain + " Отпуск в сеть": null

11-12-2024T08:05:09 - [TEST_STEP][PASSED] - Script1718980020443.WriteToExcel(a, typeOfData, todaysDate, pageInt, fileInt, pageDouble, fileDouble, dZO): null

11-12-2024T08:05:09 - [TEST_STEP][PASSED] - sheetName = "Sheet1": null

11-12-2024T08:05:09 - [TEST_STEP][PASSED] - data = findTestData("PlanFact"): null

11-12-2024T08:05:09 - [TEST_STEP][PASSED] - n = data.getRowNumbers() + 1: null

11-12-2024T08:05:09 - [TEST_STEP][PASSED] - year = todaysDate.substring(todaysDate.length() - 4, todaysDate.length()): null

11-12-2024T08:05:09 - [TEST_STEP][PASSED] - y = year.toInteger(): null

11-12-2024T08:05:09 - [TEST_STEP][PASSED] - m = getText(findTestObject("Выполнение бизнес-плана/Период")): Text of object 'Object Repository/Выполнение бизнес-плана/Период' is: '1, 2, 3 кв., Октябрь 2024 года'

11-12-2024T08:05:09 - [MESSAGE][PASSED] - Text of object 'Object Repository/Выполнение бизнес-плана/Период' is: '1, 2, 3 кв., Октябрь 2024 года'

11-12-2024T08:05:09 - [TEST_STEP][PASSED] - m = m.substring(0, m.indexOf("2024")): null

11-12-2024T08:05:09 - [TEST_STEP][PASSED] - m = m.trim(): null

11-12-2024T08:05:09 - [TEST_STEP][PASSED] - dashboardName = "Выполнение бизнес-плана": null

11-12-2024T08:05:09 - [TEST_STEP][PASSED] - workbook01 = getWorkbook(excelFilePath): null

11-12-2024T08:05:09 - [TEST_STEP][PASSED] - sheet01 = getExcelSheet(workbook01, sheetName): null

11-12-2024T08:05:09 - [TEST_STEP][PASSED] - setValueToCellByIndex(sheet01, n, 0, dashboardName): null

11-12-2024T08:05:09 - [TEST_STEP][PASSED] - setValueToCellByIndex(sheet01, n, 1, dZO): null

11-12-2024T08:05:09 - [TEST_STEP][PASSED] - setValueToCellByIndex(sheet01, n, 2, typeOfData): null

11-12-2024T08:05:09 - [TEST_STEP][PASSED] - if (typeOfData == "Факт в процентах" || typeOfData == "План в процентах"): null

11-12-2024T08:05:09 - [TEST_STEP][PASSED] - else: null

11-12-2024T08:05:09 - [TEST_STEP][PASSED] - setValueToCellByIndex(sheet01, n, 3, fileInt): null

11-12-2024T08:05:09 - [TEST_STEP][PASSED] - setValueToCellByIndex(sheet01, n, 4, pageInt): null

11-12-2024T08:05:09 - [TEST_STEP][PASSED] - setValueToCellByIndex(sheet01, n, 5, m): null

11-12-2024T08:05:09 - [TEST_STEP][PASSED] - setValueToCellByIndex(sheet01, n, 6, y): null

11-12-2024T08:05:09 - [TEST_STEP][PASSED] - setValueToCellByIndex(sheet01, n, 7, todaysDate): null

11-12-2024T08:05:09 - [TEST_STEP][PASSED] - n = n + 1: null

11-12-2024T08:05:09 - [TEST_STEP][PASSED] - saveWorkbook(excelFilePath, workbook01): null

11-12-2024T08:05:10 - [TEST_STEP][PASSED] - compare = pagePoteri: null

11-12-2024T08:05:10 - [TEST_STEP][PASSED] - if (compare == filePoteri): null

11-12-2024T08:05:10 - [TEST_STEP][PASSED] - else if (compare > filePoteri): null

11-12-2024T08:05:10 - [TEST_STEP][PASSED] - compare = compare - 1: null

11-12-2024T08:05:10 - [TEST_STEP][PASSED] - if (compare == filePoteri): null

11-12-2024T08:05:10 - [TEST_STEP][PASSED] - else: null

11-12-2024T08:05:10 - [TEST_STEP][PASSED] - numberOfErrors = numberOfErrors + 1: null

11-12-2024T08:05:10 - [TEST_STEP][PASSED] - pageInt = pagePoteri: null

11-12-2024T08:05:10 - [TEST_STEP][PASSED] - fileInt = filePoteri: null

11-12-2024T08:05:10 - [TEST_STEP][PASSED] - typeOfData = typeOfDataMain + " Потери": null

11-12-2024T08:05:10 - [TEST_STEP][PASSED] - Script1718980020443.WriteToExcel(a, typeOfData, todaysDate, pageInt, fileInt, pageDouble, fileDouble, dZO): null

11-12-2024T08:05:10 - [TEST_STEP][PASSED] - sheetName = "Sheet1": null

11-12-2024T08:05:10 - [TEST_STEP][PASSED] - data = findTestData("PlanFact"): null

11-12-2024T08:05:10 - [TEST_STEP][PASSED] - n = data.getRowNumbers() + 1: null

11-12-2024T08:05:10 - [TEST_STEP][PASSED] - year = todaysDate.substring(todaysDate.length() - 4, todaysDate.length()): null

11-12-2024T08:05:10 - [TEST_STEP][PASSED] - y = year.toInteger(): null

11-12-2024T08:05:10 - [TEST_STEP][PASSED] - m = getText(findTestObject("Выполнение бизнес-плана/Период")): Text of object 'Object Repository/Выполнение бизнес-плана/Период' is: '1, 2, 3 кв., Октябрь 2024 года'

11-12-2024T08:05:10 - [MESSAGE][PASSED] - Text of object 'Object Repository/Выполнение бизнес-плана/Период' is: '1, 2, 3 кв., Октябрь 2024 года'

11-12-2024T08:05:10 - [TEST_STEP][PASSED] - m = m.substring(0, m.indexOf("2024")): null

11-12-2024T08:05:10 - [TEST_STEP][PASSED] - m = m.trim(): null

11-12-2024T08:05:10 - [TEST_STEP][PASSED] - dashboardName = "Выполнение бизнес-плана": null

11-12-2024T08:05:10 - [TEST_STEP][PASSED] - workbook01 = getWorkbook(excelFilePath): null

11-12-2024T08:05:10 - [TEST_STEP][PASSED] - sheet01 = getExcelSheet(workbook01, sheetName): null

11-12-2024T08:05:10 - [TEST_STEP][PASSED] - setValueToCellByIndex(sheet01, n, 0, dashboardName): null

11-12-2024T08:05:10 - [TEST_STEP][PASSED] - setValueToCellByIndex(sheet01, n, 1, dZO): null

11-12-2024T08:05:10 - [TEST_STEP][PASSED] - setValueToCellByIndex(sheet01, n, 2, typeOfData): null

11-12-2024T08:05:10 - [TEST_STEP][PASSED] - if (typeOfData == "Факт в процентах" || typeOfData == "План в процентах"): null

11-12-2024T08:05:10 - [TEST_STEP][PASSED] - else: null

11-12-2024T08:05:10 - [TEST_STEP][PASSED] - setValueToCellByIndex(sheet01, n, 3, fileInt): null

11-12-2024T08:05:10 - [TEST_STEP][PASSED] - setValueToCellByIndex(sheet01, n, 4, pageInt): null

11-12-2024T08:05:10 - [TEST_STEP][PASSED] - setValueToCellByIndex(sheet01, n, 5, m): null

11-12-2024T08:05:10 - [TEST_STEP][PASSED] - setValueToCellByIndex(sheet01, n, 6, y): null

11-12-2024T08:05:10 - [TEST_STEP][PASSED] - setValueToCellByIndex(sheet01, n, 7, todaysDate): null

11-12-2024T08:05:10 - [TEST_STEP][PASSED] - n = n + 1: null

11-12-2024T08:05:10 - [TEST_STEP][PASSED] - saveWorkbook(excelFilePath, workbook01): null

11-12-2024T08:05:10 - [TEST_STEP][PASSED] - if (planFact == 2): null

11-12-2024T08:05:10 - [TEST_STEP][PASSED] - if (planFact == 1): null

11-12-2024T08:05:10 - [TEST_STEP][PASSED] - else if (planFact == 2): null

11-12-2024T08:05:10 - [TEST_STEP][PASSED] - click(findTestObject("Выполнение бизнес-плана/Кнопка План")): Object: 'Object Repository/Выполнение бизнес-плана/Кнопка План' is clicked on

11-12-2024T08:05:11 - [MESSAGE][PASSED] - Object: 'Object Repository/Выполнение бизнес-плана/Кнопка План' is clicked on

11-12-2024T08:05:11 - [TEST_STEP][PASSED] - typeOfDataMain = "План": null

11-12-2024T08:05:11 - [TEST_STEP][PASSED] - otpusk = findTestData("PlanFact").getValue(2, a): null

11-12-2024T08:05:11 - [TEST_STEP][PASSED] - poteri = findTestData("PlanFact").getValue(3, a): null

11-12-2024T08:05:11 - [TEST_STEP][PASSED] - otpusk = otpusk.replaceAll("\s+", ""): null

11-12-2024T08:05:11 - [TEST_STEP][PASSED] - poteri = poteri.replaceAll("\s+", ""): null

11-12-2024T08:05:11 - [TEST_STEP][PASSED] - typeOfData = typeOfDataMain + " Отпуск в сеть": null

11-12-2024T08:05:11 - [TEST_STEP][PASSED] - if (a == 82): null

11-12-2024T08:05:11 - [TEST_STEP][PASSED] - else if (a == 84): null

11-12-2024T08:05:11 - [TEST_STEP][PASSED] - else if (a == 52 || a == 72 || a == 28 || a == 73 || a == 77 || a == 74 || a == 65 || a == 36 || a == 44 || a == 53 || a == 80 || a == 54 || a == 1 || a == 18 || a == 59 || a == 81): null

11-12-2024T08:05:11 - [TEST_STEP][PASSED] - else: null

11-12-2024T08:05:11 - [TEST_STEP][PASSED] - path = dataFolder + typeOfData + " за отчётный период " + b: null

11-12-2024T08:05:11 - [TEST_STEP][PASSED] - println(path): null

11-12-2024T08:05:11 - [TEST_STEP][PASSED] - page = getText(findTestObject(path)): Text of object 'Object Repository/Выполнение бизнес-плана/Значения со страницы Выполнение бизнес-плана/План Отпуск в сеть за отчётный период Читаэнерго' is: '6 031 870'

11-12-2024T08:05:11 - [MESSAGE][PASSED] - Text of object 'Object Repository/Выполнение бизнес-плана/Значения со страницы Выполнение бизнес-плана/План Отпуск в сеть за отчётный период Читаэнерго' is: '6 031 870'

11-12-2024T08:05:11 - [TEST_STEP][PASSED] - page = page.replaceAll("\s+", ""): null

11-12-2024T08:05:11 - [TEST_STEP][PASSED] - fileOtpuskVSet = otpusk.toInteger(): null

11-12-2024T08:05:11 - [TEST_STEP][PASSED] - pageOtpuskVSet = page.toInteger(): null

11-12-2024T08:05:11 - [TEST_STEP][PASSED] - typeOfData = typeOfDataMain + " Потери": null

11-12-2024T08:05:11 - [TEST_STEP][PASSED] - if (a == 82): null

11-12-2024T08:05:11 - [TEST_STEP][PASSED] - else if (a == 84): null

11-12-2024T08:05:11 - [TEST_STEP][PASSED] - else if (a == 52 || a == 72 || a == 28 || a == 73 || a == 77 || a == 74 || a == 65 || a == 36 || a == 44 || a == 53 || a == 80 || a == 54 || a == 1 || a == 18 || a == 59 || a == 81): null

11-12-2024T08:05:11 - [TEST_STEP][PASSED] - else: null

11-12-2024T08:05:11 - [TEST_STEP][PASSED] - path = dataFolder + typeOfData + " за отчётный период " + b: null

11-12-2024T08:05:11 - [TEST_STEP][PASSED] - page = getText(findTestObject(path)): Text of object 'Object Repository/Выполнение бизнес-плана/Значения со страницы Выполнение бизнес-плана/План Потери за отчётный период Читаэнерго' is: '474 576'

11-12-2024T08:05:11 - [MESSAGE][PASSED] - Text of object 'Object Repository/Выполнение бизнес-плана/Значения со страницы Выполнение бизнес-плана/План Потери за отчётный период Читаэнерго' is: '474 576'

11-12-2024T08:05:11 - [TEST_STEP][PASSED] - page = page.replaceAll("\s+", ""): null

11-12-2024T08:05:11 - [TEST_STEP][PASSED] - filePoteri = poteri.toInteger(): null

11-12-2024T08:05:11 - [TEST_STEP][PASSED] - pagePoteri = page.toInteger(): null

11-12-2024T08:05:11 - [TEST_STEP][PASSED] - compare = pageOtpuskVSet: null

11-12-2024T08:05:11 - [TEST_STEP][PASSED] - if (compare == fileOtpuskVSet): null

11-12-2024T08:05:11 - [TEST_STEP][PASSED] - else if (compare > fileOtpuskVSet): null

11-12-2024T08:05:11 - [TEST_STEP][PASSED] - compare = compare - 1: null

11-12-2024T08:05:11 - [TEST_STEP][PASSED] - if (compare == fileOtpuskVSet): null

11-12-2024T08:05:11 - [TEST_STEP][PASSED] - else: null

11-12-2024T08:05:11 - [TEST_STEP][PASSED] - numberOfErrors = numberOfErrors + 1: null

11-12-2024T08:05:11 - [TEST_STEP][PASSED] - pageInt = pageOtpuskVSet: null

11-12-2024T08:05:11 - [TEST_STEP][PASSED] - fileInt = fileOtpuskVSet: null

11-12-2024T08:05:11 - [TEST_STEP][PASSED] - typeOfData = typeOfDataMain + " Отпуск в сеть": null

11-12-2024T08:05:11 - [TEST_STEP][PASSED] - Script1718980020443.WriteToExcel(a, typeOfData, todaysDate, pageInt, fileInt, pageDouble, fileDouble, dZO): null

11-12-2024T08:05:11 - [TEST_STEP][PASSED] - sheetName = "Sheet1": null

11-12-2024T08:05:11 - [TEST_STEP][PASSED] - data = findTestData("PlanFact"): null

11-12-2024T08:05:11 - [TEST_STEP][PASSED] - n = data.getRowNumbers() + 1: null

11-12-2024T08:05:11 - [TEST_STEP][PASSED] - year = todaysDate.substring(todaysDate.length() - 4, todaysDate.length()): null

11-12-2024T08:05:11 - [TEST_STEP][PASSED] - y = year.toInteger(): null

11-12-2024T08:05:11 - [TEST_STEP][PASSED] - m = getText(findTestObject("Выполнение бизнес-плана/Период")): Text of object 'Object Repository/Выполнение бизнес-плана/Период' is: '1, 2, 3 кв., Октябрь 2024 года'

11-12-2024T08:05:12 - [MESSAGE][PASSED] - Text of object 'Object Repository/Выполнение бизнес-плана/Период' is: '1, 2, 3 кв., Октябрь 2024 года'

11-12-2024T08:05:12 - [TEST_STEP][PASSED] - m = m.substring(0, m.indexOf("2024")): null

11-12-2024T08:05:12 - [TEST_STEP][PASSED] - m = m.trim(): null

11-12-2024T08:05:12 - [TEST_STEP][PASSED] - dashboardName = "Выполнение бизнес-плана": null

11-12-2024T08:05:12 - [TEST_STEP][PASSED] - workbook01 = getWorkbook(excelFilePath): null

11-12-2024T08:05:12 - [TEST_STEP][PASSED] - sheet01 = getExcelSheet(workbook01, sheetName): null

11-12-2024T08:05:12 - [TEST_STEP][PASSED] - setValueToCellByIndex(sheet01, n, 0, dashboardName): null

11-12-2024T08:05:12 - [TEST_STEP][PASSED] - setValueToCellByIndex(sheet01, n, 1, dZO): null

11-12-2024T08:05:12 - [TEST_STEP][PASSED] - setValueToCellByIndex(sheet01, n, 2, typeOfData): null

11-12-2024T08:05:12 - [TEST_STEP][PASSED] - if (typeOfData == "Факт в процентах" || typeOfData == "План в процентах"): null

11-12-2024T08:05:12 - [TEST_STEP][PASSED] - else: null

11-12-2024T08:05:12 - [TEST_STEP][PASSED] - setValueToCellByIndex(sheet01, n, 3, fileInt): null

11-12-2024T08:05:12 - [TEST_STEP][PASSED] - setValueToCellByIndex(sheet01, n, 4, pageInt): null

11-12-2024T08:05:12 - [TEST_STEP][PASSED] - setValueToCellByIndex(sheet01, n, 5, m): null

11-12-2024T08:05:12 - [TEST_STEP][PASSED] - setValueToCellByIndex(sheet01, n, 6, y): null

11-12-2024T08:05:12 - [TEST_STEP][PASSED] - setValueToCellByIndex(sheet01, n, 7, todaysDate): null

11-12-2024T08:05:12 - [TEST_STEP][PASSED] - n = n + 1: null

11-12-2024T08:05:12 - [TEST_STEP][PASSED] - saveWorkbook(excelFilePath, workbook01): null

11-12-2024T08:05:12 - [TEST_STEP][PASSED] - compare = pagePoteri: null

11-12-2024T08:05:12 - [TEST_STEP][PASSED] - if (compare == filePoteri): null

11-12-2024T08:05:12 - [TEST_STEP][PASSED] - else if (compare > filePoteri): null

11-12-2024T08:05:12 - [TEST_STEP][PASSED] - compare = compare - 1: null

11-12-2024T08:05:12 - [TEST_STEP][PASSED] - if (compare == filePoteri): null

11-12-2024T08:05:12 - [TEST_STEP][PASSED] - else: null

11-12-2024T08:05:12 - [TEST_STEP][PASSED] - numberOfErrors = numberOfErrors + 1: null

11-12-2024T08:05:12 - [TEST_STEP][PASSED] - pageInt = pagePoteri: null

11-12-2024T08:05:12 - [TEST_STEP][PASSED] - fileInt = filePoteri: null

11-12-2024T08:05:12 - [TEST_STEP][PASSED] - typeOfData = typeOfDataMain + " Потери": null

11-12-2024T08:05:12 - [TEST_STEP][PASSED] - Script1718980020443.WriteToExcel(a, typeOfData, todaysDate, pageInt, fileInt, pageDouble, fileDouble, dZO): null

11-12-2024T08:05:12 - [TEST_STEP][PASSED] - sheetName = "Sheet1": null

11-12-2024T08:05:12 - [TEST_STEP][PASSED] - data = findTestData("PlanFact"): null

11-12-2024T08:05:12 - [TEST_STEP][PASSED] - n = data.getRowNumbers() + 1: null

11-12-2024T08:05:12 - [TEST_STEP][PASSED] - year = todaysDate.substring(todaysDate.length() - 4, todaysDate.length()): null

11-12-2024T08:05:12 - [TEST_STEP][PASSED] - y = year.toInteger(): null

11-12-2024T08:05:12 - [TEST_STEP][PASSED] - m = getText(findTestObject("Выполнение бизнес-плана/Период")): Text of object 'Object Repository/Выполнение бизнес-плана/Период' is: '1, 2, 3 кв., Октябрь 2024 года'

11-12-2024T08:05:12 - [MESSAGE][PASSED] - Text of object 'Object Repository/Выполнение бизнес-плана/Период' is: '1, 2, 3 кв., Октябрь 2024 года'

11-12-2024T08:05:12 - [TEST_STEP][PASSED] - m = m.substring(0, m.indexOf("2024")): null

11-12-2024T08:05:12 - [TEST_STEP][PASSED] - m = m.trim(): null

11-12-2024T08:05:12 - [TEST_STEP][PASSED] - dashboardName = "Выполнение бизнес-плана": null

11-12-2024T08:05:12 - [TEST_STEP][PASSED] - workbook01 = getWorkbook(excelFilePath): null

11-12-2024T08:05:12 - [TEST_STEP][PASSED] - sheet01 = getExcelSheet(workbook01, sheetName): null

11-12-2024T08:05:12 - [TEST_STEP][PASSED] - setValueToCellByIndex(sheet01, n, 0, dashboardName): null

11-12-2024T08:05:12 - [TEST_STEP][PASSED] - setValueToCellByIndex(sheet01, n, 1, dZO): null

11-12-2024T08:05:12 - [TEST_STEP][PASSED] - setValueToCellByIndex(sheet01, n, 2, typeOfData): null

11-12-2024T08:05:12 - [TEST_STEP][PASSED] - if (typeOfData == "Факт в процентах" || typeOfData == "План в процентах"): null

11-12-2024T08:05:12 - [TEST_STEP][PASSED] - else: null

11-12-2024T08:05:12 - [TEST_STEP][PASSED] - setValueToCellByIndex(sheet01, n, 3, fileInt): null

11-12-2024T08:05:12 - [TEST_STEP][PASSED] - setValueToCellByIndex(sheet01, n, 4, pageInt): null

11-12-2024T08:05:12 - [TEST_STEP][PASSED] - setValueToCellByIndex(sheet01, n, 5, m): null

11-12-2024T08:05:12 - [TEST_STEP][PASSED] - setValueToCellByIndex(sheet01, n, 6, y): null

11-12-2024T08:05:12 - [TEST_STEP][PASSED] - setValueToCellByIndex(sheet01, n, 7, todaysDate): null

11-12-2024T08:05:12 - [TEST_STEP][PASSED] - n = n + 1: null

11-12-2024T08:05:12 - [TEST_STEP][PASSED] - saveWorkbook(excelFilePath, workbook01): Object: 'Object Repository/Выполнение бизнес-плана/Кнопка Факт' is clicked on

11-12-2024T08:05:13 - [TEST_STEP][PASSED] - if (planFact == 2): Object: 'Object Repository/Выполнение бизнес-плана/Кнопка Факт' is clicked on

11-12-2024T08:05:13 - [TEST_STEP][PASSED] - click(findTestObject("Выполнение бизнес-плана/Кнопка Факт")): Object: 'Object Repository/Выполнение бизнес-плана/Кнопка Факт' is clicked on

11-12-2024T08:05:13 - [MESSAGE][PASSED] - Object: 'Object Repository/Выполнение бизнес-плана/Кнопка Факт' is clicked on

11-12-2024T08:05:13 - [TEST_STEP][PASSED] - if (a == 84 || a == 82): null

11-12-2024T08:05:13 - [TEST_STEP][PASSED] - else if (a == 52 || a == 72 || a == 28 || a == 73 || a == 77 || a == 74 || a == 65 || a == 36 || a == 44 || a == 53 || a == 80 || a == 54 || a == 1 || a == 18 || a == 59 || a == 81): null

11-12-2024T08:05:13 - [TEST_STEP][PASSED] - else: null

11-12-2024T08:05:13 - [TEST_STEP][PASSED] - page1 = getText(findTestObject("Object Repository/Выполнение бизнес-плана/spanPlan" + filialNum)): Text of object 'Object Repository/Выполнение бизнес-плана/spanPlan7' is: '7.87
|'

11-12-2024T08:05:13 - [MESSAGE][PASSED] - Text of object 'Object Repository/Выполнение бизнес-плана/spanPlan7' is: '7.87
|'

11-12-2024T08:05:13 - [TEST_STEP][PASSED] - page1 = page1.replace("|", ""): null

11-12-2024T08:05:13 - [TEST_STEP][PASSED] - page2 = getText(findTestObject("Object Repository/Выполнение бизнес-плана/spanFact" + filialNum)): Text of object 'Object Repository/Выполнение бизнес-плана/spanFact7' is: '7.86
|'

11-12-2024T08:05:14 - [MESSAGE][PASSED] - Text of object 'Object Repository/Выполнение бизнес-плана/spanFact7' is: '7.86
|'

11-12-2024T08:05:14 - [TEST_STEP][PASSED] - page2 = page2.replace("|", ""): null

11-12-2024T08:05:14 - [TEST_STEP][PASSED] - println("page1: " + page1): null

11-12-2024T08:05:14 - [TEST_STEP][PASSED] - println("page2: " + page2): null

11-12-2024T08:05:14 - [TEST_STEP][PASSED] - file = findTestData("PlanFact").getValue(4, a): null

11-12-2024T08:05:14 - [TEST_STEP][PASSED] - file = file.replace(",", "."): null

11-12-2024T08:05:14 - [TEST_STEP][PASSED] - println("file Plan: " + file): null

11-12-2024T08:05:14 - [TEST_STEP][PASSED] - typeOfData = "План в процентах": null

11-12-2024T08:05:14 - [TEST_STEP][PASSED] - fileDouble = file.toDouble(): null

11-12-2024T08:05:14 - [TEST_STEP][PASSED] - pageDouble = page1.toDouble(): null

11-12-2024T08:05:14 - [TEST_STEP][PASSED] - if (fileDouble != pageDouble): null

11-12-2024T08:05:14 - [TEST_STEP][PASSED] - numberOfErrors = numberOfErrors + 1: null

11-12-2024T08:05:14 - [TEST_STEP][PASSED] - Script1718980020443.WriteToExcel(a, typeOfData, todaysDate, pageInt, fileInt, pageDouble, fileDouble, dZO): null

11-12-2024T08:05:14 - [TEST_STEP][PASSED] - sheetName = "Sheet1": null

11-12-2024T08:05:14 - [TEST_STEP][PASSED] - data = findTestData("PlanFact"): null

11-12-2024T08:05:14 - [TEST_STEP][PASSED] - n = data.getRowNumbers() + 1: null

11-12-2024T08:05:14 - [TEST_STEP][PASSED] - year = todaysDate.substring(todaysDate.length() - 4, todaysDate.length()): null

11-12-2024T08:05:14 - [TEST_STEP][PASSED] - y = year.toInteger(): null

11-12-2024T08:05:14 - [TEST_STEP][PASSED] - m = getText(findTestObject("Выполнение бизнес-плана/Период")): Text of object 'Object Repository/Выполнение бизнес-плана/Период' is: '1, 2, 3 кв., Октябрь 2024 года'

11-12-2024T08:05:14 - [MESSAGE][PASSED] - Text of object 'Object Repository/Выполнение бизнес-плана/Период' is: '1, 2, 3 кв., Октябрь 2024 года'

11-12-2024T08:05:14 - [TEST_STEP][PASSED] - m = m.substring(0, m.indexOf("2024")): null

11-12-2024T08:05:14 - [TEST_STEP][PASSED] - m = m.trim(): null

11-12-2024T08:05:14 - [TEST_STEP][PASSED] - dashboardName = "Выполнение бизнес-плана": null

11-12-2024T08:05:14 - [TEST_STEP][PASSED] - workbook01 = getWorkbook(excelFilePath): null

11-12-2024T08:05:14 - [TEST_STEP][PASSED] - sheet01 = getExcelSheet(workbook01, sheetName): null

11-12-2024T08:05:14 - [TEST_STEP][PASSED] - setValueToCellByIndex(sheet01, n, 0, dashboardName): null

11-12-2024T08:05:14 - [TEST_STEP][PASSED] - setValueToCellByIndex(sheet01, n, 1, dZO): null

11-12-2024T08:05:14 - [TEST_STEP][PASSED] - setValueToCellByIndex(sheet01, n, 2, typeOfData): null

11-12-2024T08:05:14 - [TEST_STEP][PASSED] - if (typeOfData == "Факт в процентах" || typeOfData == "План в процентах"): null

11-12-2024T08:05:14 - [TEST_STEP][PASSED] - setValueToCellByIndex(sheet01, n, 3, fileDouble): null

11-12-2024T08:05:14 - [TEST_STEP][PASSED] - setValueToCellByIndex(sheet01, n, 4, pageDouble): null

11-12-2024T08:05:14 - [TEST_STEP][PASSED] - setValueToCellByIndex(sheet01, n, 5, m): null

11-12-2024T08:05:14 - [TEST_STEP][PASSED] - setValueToCellByIndex(sheet01, n, 6, y): null

11-12-2024T08:05:14 - [TEST_STEP][PASSED] - setValueToCellByIndex(sheet01, n, 7, todaysDate): null

11-12-2024T08:05:14 - [TEST_STEP][PASSED] - n = n + 1: null

11-12-2024T08:05:14 - [TEST_STEP][PASSED] - saveWorkbook(excelFilePath, workbook01): null

11-12-2024T08:05:14 - [TEST_STEP][PASSED] - file = findTestData("PlanFact").getValue(7, a): null

11-12-2024T08:05:14 - [TEST_STEP][PASSED] - file = file.replace(",", "."): null

11-12-2024T08:05:14 - [TEST_STEP][PASSED] - println("file Fact: " + file): null

11-12-2024T08:05:14 - [TEST_STEP][PASSED] - fileDouble = file.toDouble(): null

11-12-2024T08:05:14 - [TEST_STEP][PASSED] - typeOfData = "Факт в процентах": null

11-12-2024T08:05:14 - [TEST_STEP][PASSED] - fileDouble = file.toDouble(): null

11-12-2024T08:05:14 - [TEST_STEP][PASSED] - pageDouble = page2.toDouble(): null

11-12-2024T08:05:14 - [TEST_STEP][PASSED] - if (fileDouble != pageDouble): null

11-12-2024T08:05:14 - [TEST_STEP][PASSED] - numberOfErrors = numberOfErrors + 1: null

11-12-2024T08:05:14 - [TEST_STEP][PASSED] - Script1718980020443.WriteToExcel(a, typeOfData, todaysDate, pageInt, fileInt, pageDouble, fileDouble, dZO): null

11-12-2024T08:05:14 - [TEST_STEP][PASSED] - sheetName = "Sheet1": null

11-12-2024T08:05:14 - [TEST_STEP][PASSED] - data = findTestData("PlanFact"): null

11-12-2024T08:05:14 - [TEST_STEP][PASSED] - n = data.getRowNumbers() + 1: null

11-12-2024T08:05:14 - [TEST_STEP][PASSED] - year = todaysDate.substring(todaysDate.length() - 4, todaysDate.length()): null

11-12-2024T08:05:14 - [TEST_STEP][PASSED] - y = year.toInteger(): null

11-12-2024T08:05:14 - [TEST_STEP][PASSED] - m = getText(findTestObject("Выполнение бизнес-плана/Период")): Text of object 'Object Repository/Выполнение бизнес-плана/Период' is: '1, 2, 3 кв., Октябрь 2024 года'

11-12-2024T08:05:15 - [MESSAGE][PASSED] - Text of object 'Object Repository/Выполнение бизнес-плана/Период' is: '1, 2, 3 кв., Октябрь 2024 года'

11-12-2024T08:05:15 - [TEST_STEP][PASSED] - m = m.substring(0, m.indexOf("2024")): null

11-12-2024T08:05:15 - [TEST_STEP][PASSED] - m = m.trim(): null

11-12-2024T08:05:15 - [TEST_STEP][PASSED] - dashboardName = "Выполнение бизнес-плана": null

11-12-2024T08:05:15 - [TEST_STEP][PASSED] - workbook01 = getWorkbook(excelFilePath): null

11-12-2024T08:05:15 - [TEST_STEP][PASSED] - sheet01 = getExcelSheet(workbook01, sheetName): null

11-12-2024T08:05:15 - [TEST_STEP][PASSED] - setValueToCellByIndex(sheet01, n, 0, dashboardName): null

11-12-2024T08:05:15 - [TEST_STEP][PASSED] - setValueToCellByIndex(sheet01, n, 1, dZO): null

11-12-2024T08:05:15 - [TEST_STEP][PASSED] - setValueToCellByIndex(sheet01, n, 2, typeOfData): null

11-12-2024T08:05:15 - [TEST_STEP][PASSED] - if (typeOfData == "Факт в процентах" || typeOfData == "План в процентах"): null

11-12-2024T08:05:15 - [TEST_STEP][PASSED] - setValueToCellByIndex(sheet01, n, 3, fileDouble): null

11-12-2024T08:05:15 - [TEST_STEP][PASSED] - setValueToCellByIndex(sheet01, n, 4, pageDouble): null

11-12-2024T08:05:15 - [TEST_STEP][PASSED] - setValueToCellByIndex(sheet01, n, 5, m): null

11-12-2024T08:05:15 - [TEST_STEP][PASSED] - setValueToCellByIndex(sheet01, n, 6, y): null

11-12-2024T08:05:15 - [TEST_STEP][PASSED] - setValueToCellByIndex(sheet01, n, 7, todaysDate): null

11-12-2024T08:05:15 - [TEST_STEP][PASSED] - n = n + 1: null

11-12-2024T08:05:15 - [TEST_STEP][PASSED] - saveWorkbook(excelFilePath, workbook01): null

11-12-2024T08:05:15 - [TEST_STEP][FAILED] - if (verifyEqual(numberOfErrors, 0) == false): null

11-12-2024T08:05:15 - [MESSAGE][FAILED] - Unable to verify equal between actual object '6' and expected object '0' (Root cause: com.kms.katalon.core.exception.StepFailedException: Actual object '6' and expected object '0' are not equal
	at com.kms.katalon.core.keyword.builtin.VerifyEqualKeyword$_verifyEqual_closure1.doCall(VerifyEqualKeyword.groovy:58)
	at com.kms.katalon.core.keyword.builtin.VerifyEqualKeyword$_verifyEqual_closure1.call(VerifyEqualKeyword.groovy)
	at com.kms.katalon.core.keyword.internal.KeywordMain.runKeyword(KeywordMain.groovy:75)
	at com.kms.katalon.core.keyword.builtin.VerifyEqualKeyword.verifyEqual(VerifyEqualKeyword.groovy:63)
	at com.kms.katalon.core.keyword.builtin.VerifyEqualKeyword.execute(VerifyEqualKeyword.groovy:44)
	at com.kms.katalon.core.keyword.internal.KeywordExecutor.executeKeywordForPlatform(KeywordExecutor.groovy:74)
	at com.kms.katalon.core.keyword.BuiltinKeywords.verifyEqual(BuiltinKeywords.groovy:146)
	at jdk.internal.reflect.GeneratedMethodAccessor24.invoke(Unknown Source)
	at java.base/jdk.internal.reflect.DelegatingMethodAccessorImpl.invoke(DelegatingMethodAccessorImpl.java:43)
	at Выполнение бизнес-плана Сверка ПАО Россети все филиалы.Numbers(Выполнение бизнес-плана Сверка ПАО Россети все филиалы:752)
	at Выполнение бизнес-плана Сверка ПАО Россети все филиалы.Filials(Выполнение бизнес-плана Сверка ПАО Россети все филиалы:1645)
	at Выполнение бизнес-плана Сверка ПАО Россети все филиалы.Numbers(Выполнение бизнес-плана Сверка ПАО Россети все филиалы:757)
	at Выполнение бизнес-плана Сверка ПАО Россети все филиалы.run(Выполнение бизнес-плана Сверка ПАО Россети все филиалы:344)
	at com.kms.katalon.core.main.ScriptEngine.run(ScriptEngine.java:194)
	at com.kms.katalon.core.main.ScriptEngine.runScriptAsRawText(ScriptEngine.java:119)
	at com.kms.katalon.core.main.TestCaseExecutor.runScript(TestCaseExecutor.java:448)
	at com.kms.katalon.core.main.TestCaseExecutor.doExecute(TestCaseExecutor.java:439)
	at com.kms.katalon.core.main.TestCaseExecutor.processExecutionPhase(TestCaseExecutor.java:418)
	at com.kms.katalon.core.main.TestCaseExecutor.accessMainPhase(TestCaseExecutor.java:410)
	at com.kms.katalon.core.main.TestCaseExecutor.execute(TestCaseExecutor.java:285)
	at com.kms.katalon.core.common.CommonExecutor.accessTestCaseMainPhase(CommonExecutor.java:65)
	at com.kms.katalon.core.main.TestSuiteExecutor.accessTestSuiteMainPhase(TestSuiteExecutor.java:150)
	at com.kms.katalon.core.main.TestSuiteExecutor.execute(TestSuiteExecutor.java:106)
	at com.kms.katalon.core.main.TestCaseMain.startTestSuite(TestCaseMain.java:180)
	at TempTestSuite1733892825375.run(TempTestSuite1733892825375.groovy:35)
	at java.base/jdk.internal.reflect.NativeMethodAccessorImpl.invoke0(Native Method)
	at java.base/jdk.internal.reflect.NativeMethodAccessorImpl.invoke(NativeMethodAccessorImpl.java:77)
	at java.base/jdk.internal.reflect.DelegatingMethodAccessorImpl.invoke(DelegatingMethodAccessorImpl.java:43)
)

11-12-2024T08:05:15 - [TEST_STEP][PASSED] - println(numberOfErrors): null

11-12-2024T08:05:15 - [TEST_STEP][PASSED] - if (a == 28 || a == 77 || a == 74 || a == 65 || a == 36 || a == 44 || a == 54 || a == 1 || a == 18 || a == 59): null

11-12-2024T08:05:15 - [TEST_STEP][PASSED] - if (a == 82): null

11-12-2024T08:05:15 - [TEST_STEP][PASSED] - filialNum = 0: null

11-12-2024T08:05:15 - [TEST_STEP][PASSED] - if (a == 54): null

11-12-2024T08:05:15 - [TEST_STEP][PASSED] - if (a == 59): null

11-12-2024T08:05:15 - [TEST_STEP][PASSED] - Script1718980020443.OpenFilter(): null

11-12-2024T08:05:15 - [TEST_STEP][PASSED] - click(findTestObject("Object Repository/Выполнение бизнес-плана/Фильтр ДЗО")): Object: 'Object Repository/Выполнение бизнес-плана/Фильтр ДЗО' is clicked on

11-12-2024T08:05:15 - [MESSAGE][PASSED] - Object: 'Object Repository/Выполнение бизнес-плана/Фильтр ДЗО' is clicked on

11-12-2024T08:05:15 - [TEST_STEP][PASSED] - click(findTestObject("Выполнение бизнес-плана/Снять выделение в фильтре ДЗО")): Object: 'Object Repository/Выполнение бизнес-плана/Снять выделение в фильтре ДЗО' is clicked on

11-12-2024T08:05:16 - [MESSAGE][PASSED] - Object: 'Object Repository/Выполнение бизнес-плана/Снять выделение в фильтре ДЗО' is clicked on

11-12-2024T08:05:16 - [TEST_STEP][PASSED] - Script1718980020443.CloseFilter(): null

11-12-2024T08:05:16 - [TEST_STEP][PASSED] - scrollToElement(findTestObject("Выполнение бизнес-плана/Заголовок дашборда"), 30): Scroll to object 'Object Repository/Выполнение бизнес-плана/Заголовок дашборда' successfully

11-12-2024T08:05:16 - [MESSAGE][PASSED] - Scroll to object 'Object Repository/Выполнение бизнес-плана/Заголовок дашборда' successfully

11-12-2024T08:05:16 - [TEST_STEP][PASSED] - click(findTestObject("Object Repository/Выполнение бизнес-плана/Применить в фильтре ДЗО")): Object: 'Object Repository/Выполнение бизнес-плана/Применить в фильтре ДЗО' is clicked on

11-12-2024T08:05:17 - [MESSAGE][PASSED] - Object: 'Object Repository/Выполнение бизнес-плана/Применить в фильтре ДЗО' is clicked on

11-12-2024T08:05:17 - [TEST_STEP][PASSED] - if (a == 82): null

11-12-2024T08:05:17 - [TEST_STEP][PASSED] - println(dzoNum): null

11-12-2024T08:05:17 - [TEST_STEP][PASSED] - dZO = "Россети Томск": null

11-12-2024T08:05:17 - [TEST_STEP][PASSED] - a = 53: null

11-12-2024T08:05:17 - [TEST_STEP][PASSED] - if (x1.contains(dZO)): null

11-12-2024T08:05:17 - [TEST_STEP][PASSED] - else: null

11-12-2024T08:05:17 - [TEST_STEP][PASSED] - Script1718980020443.NoData(a, typeOfData, todaysDate, fileInt, fileDouble, dZO): null

11-12-2024T08:05:17 - [TEST_STEP][PASSED] - println(a): null

11-12-2024T08:05:17 - [TEST_STEP][PASSED] - println(todaysDate): null

11-12-2024T08:05:17 - [TEST_STEP][PASSED] - println(fileInt): null

11-12-2024T08:05:17 - [TEST_STEP][PASSED] - println(fileDouble): null

11-12-2024T08:05:17 - [TEST_STEP][PASSED] - println(dZO): null

11-12-2024T08:05:17 - [TEST_STEP][PASSED] - typeOfData = "Факт Отпуск в сеть": null

11-12-2024T08:05:17 - [TEST_STEP][PASSED] - fileInt = replaceAll("\s+", "").toInteger(): null

11-12-2024T08:05:17 - [TEST_STEP][PASSED] - Script1718980020443.WriteToExcelNoData(a, typeOfData, todaysDate, fileInt, fileDouble, dZO): null

11-12-2024T08:05:17 - [TEST_STEP][PASSED] - sheetName = "Sheet1": null

11-12-2024T08:05:17 - [TEST_STEP][PASSED] - data = findTestData("PlanFact"): null

11-12-2024T08:05:17 - [TEST_STEP][PASSED] - n = data.getRowNumbers() + 1: null

11-12-2024T08:05:17 - [TEST_STEP][PASSED] - year = todaysDate.substring(todaysDate.length() - 4, todaysDate.length()): null

11-12-2024T08:05:17 - [TEST_STEP][PASSED] - y = year.toInteger(): null

11-12-2024T08:05:17 - [TEST_STEP][PASSED] - m = getText(findTestObject("Выполнение бизнес-плана/Период")): Text of object 'Object Repository/Выполнение бизнес-плана/Период' is: '1, 2, 3 кв., Октябрь 2024 года'

11-12-2024T08:05:47 - [MESSAGE][PASSED] - Text of object 'Object Repository/Выполнение бизнес-плана/Период' is: '1, 2, 3 кв., Октябрь 2024 года'

11-12-2024T08:05:47 - [TEST_STEP][PASSED] - m = m.substring(0, m.indexOf("2024")): null

11-12-2024T08:05:47 - [TEST_STEP][PASSED] - m = m.trim(): null

11-12-2024T08:05:47 - [TEST_STEP][PASSED] - dashboardName = "Выполнение бизнес-плана": null

11-12-2024T08:05:47 - [TEST_STEP][PASSED] - workbook01 = getWorkbook(excelFilePath): null

11-12-2024T08:05:48 - [TEST_STEP][PASSED] - sheet01 = getExcelSheet(workbook01, sheetName): null

11-12-2024T08:05:48 - [TEST_STEP][PASSED] - setValueToCellByIndex(sheet01, n, 0, dashboardName): null

11-12-2024T08:05:48 - [TEST_STEP][PASSED] - setValueToCellByIndex(sheet01, n, 1, dZO): null

11-12-2024T08:05:48 - [TEST_STEP][PASSED] - setValueToCellByIndex(sheet01, n, 2, typeOfData): null

11-12-2024T08:05:48 - [TEST_STEP][PASSED] - if (typeOfData == "Факт в процентах" || typeOfData == "План в процентах"): null

11-12-2024T08:05:48 - [TEST_STEP][PASSED] - else: null

11-12-2024T08:05:48 - [TEST_STEP][PASSED] - setValueToCellByIndex(sheet01, n, 3, fileInt): null

11-12-2024T08:05:48 - [TEST_STEP][PASSED] - setValueToCellByIndex(sheet01, n, 4, "нет данных"): null

11-12-2024T08:05:48 - [TEST_STEP][PASSED] - setValueToCellByIndex(sheet01, n, 5, m): null

11-12-2024T08:05:48 - [TEST_STEP][PASSED] - setValueToCellByIndex(sheet01, n, 6, y): null

11-12-2024T08:05:48 - [TEST_STEP][PASSED] - setValueToCellByIndex(sheet01, n, 7, todaysDate): null

11-12-2024T08:05:48 - [TEST_STEP][PASSED] - n = n + 1: null

11-12-2024T08:05:48 - [TEST_STEP][PASSED] - saveWorkbook(excelFilePath, workbook01): null

11-12-2024T08:05:48 - [TEST_STEP][PASSED] - typeOfData = "Факт Потери": null

11-12-2024T08:05:48 - [TEST_STEP][PASSED] - fileInt = replaceAll("\s+", "").toInteger(): null

11-12-2024T08:05:48 - [TEST_STEP][PASSED] - Script1718980020443.WriteToExcelNoData(a, typeOfData, todaysDate, fileInt, fileDouble, dZO): null

11-12-2024T08:05:48 - [TEST_STEP][PASSED] - sheetName = "Sheet1": null

11-12-2024T08:05:48 - [TEST_STEP][PASSED] - data = findTestData("PlanFact"): null

11-12-2024T08:05:48 - [TEST_STEP][PASSED] - n = data.getRowNumbers() + 1: null

11-12-2024T08:05:48 - [TEST_STEP][PASSED] - year = todaysDate.substring(todaysDate.length() - 4, todaysDate.length()): null

11-12-2024T08:05:48 - [TEST_STEP][PASSED] - y = year.toInteger(): null

11-12-2024T08:05:48 - [TEST_STEP][PASSED] - m = getText(findTestObject("Выполнение бизнес-плана/Период")): Text of object 'Object Repository/Выполнение бизнес-плана/Период' is: '1, 2, 3 кв., Октябрь 2024 года'

11-12-2024T08:05:54 - [MESSAGE][PASSED] - Text of object 'Object Repository/Выполнение бизнес-плана/Период' is: '1, 2, 3 кв., Октябрь 2024 года'

11-12-2024T08:05:54 - [TEST_STEP][PASSED] - m = m.substring(0, m.indexOf("2024")): null

11-12-2024T08:05:54 - [TEST_STEP][PASSED] - m = m.trim(): null

11-12-2024T08:05:54 - [TEST_STEP][PASSED] - dashboardName = "Выполнение бизнес-плана": null

11-12-2024T08:05:54 - [TEST_STEP][PASSED] - workbook01 = getWorkbook(excelFilePath): null

11-12-2024T08:05:54 - [TEST_STEP][PASSED] - sheet01 = getExcelSheet(workbook01, sheetName): null

11-12-2024T08:05:54 - [TEST_STEP][PASSED] - setValueToCellByIndex(sheet01, n, 0, dashboardName): null

11-12-2024T08:05:54 - [TEST_STEP][PASSED] - setValueToCellByIndex(sheet01, n, 1, dZO): null

11-12-2024T08:05:54 - [TEST_STEP][PASSED] - setValueToCellByIndex(sheet01, n, 2, typeOfData): null

11-12-2024T08:05:54 - [TEST_STEP][PASSED] - if (typeOfData == "Факт в процентах" || typeOfData == "План в процентах"): null

11-12-2024T08:05:54 - [TEST_STEP][PASSED] - else: null

11-12-2024T08:05:54 - [TEST_STEP][PASSED] - setValueToCellByIndex(sheet01, n, 3, fileInt): null

11-12-2024T08:05:54 - [TEST_STEP][PASSED] - setValueToCellByIndex(sheet01, n, 4, "нет данных"): null

11-12-2024T08:05:54 - [TEST_STEP][PASSED] - setValueToCellByIndex(sheet01, n, 5, m): null

11-12-2024T08:05:54 - [TEST_STEP][PASSED] - setValueToCellByIndex(sheet01, n, 6, y): null

11-12-2024T08:05:54 - [TEST_STEP][PASSED] - setValueToCellByIndex(sheet01, n, 7, todaysDate): null

11-12-2024T08:05:54 - [TEST_STEP][PASSED] - n = n + 1: null

11-12-2024T08:05:54 - [TEST_STEP][PASSED] - saveWorkbook(excelFilePath, workbook01): null

11-12-2024T08:05:54 - [TEST_STEP][PASSED] - typeOfData = "План Отпуск в сеть": null

11-12-2024T08:05:54 - [TEST_STEP][PASSED] - fileInt = replaceAll("\s+", "").toInteger(): null

11-12-2024T08:05:54 - [TEST_STEP][PASSED] - Script1718980020443.WriteToExcelNoData(a, typeOfData, todaysDate, fileInt, fileDouble, dZO): null

11-12-2024T08:05:54 - [TEST_STEP][PASSED] - sheetName = "Sheet1": null

11-12-2024T08:05:54 - [TEST_STEP][PASSED] - data = findTestData("PlanFact"): null

11-12-2024T08:05:54 - [TEST_STEP][PASSED] - n = data.getRowNumbers() + 1: null

11-12-2024T08:05:54 - [TEST_STEP][PASSED] - year = todaysDate.substring(todaysDate.length() - 4, todaysDate.length()): null

11-12-2024T08:05:54 - [TEST_STEP][PASSED] - y = year.toInteger(): null

11-12-2024T08:05:54 - [TEST_STEP][PASSED] - m = getText(findTestObject("Выполнение бизнес-плана/Период")): Text of object 'Object Repository/Выполнение бизнес-плана/Период' is: '1, 2, 3 кв., Октябрь 2024 года'

11-12-2024T08:05:55 - [MESSAGE][PASSED] - Text of object 'Object Repository/Выполнение бизнес-плана/Период' is: '1, 2, 3 кв., Октябрь 2024 года'

11-12-2024T08:05:55 - [TEST_STEP][PASSED] - m = m.substring(0, m.indexOf("2024")): null

11-12-2024T08:05:55 - [TEST_STEP][PASSED] - m = m.trim(): null

11-12-2024T08:05:55 - [TEST_STEP][PASSED] - dashboardName = "Выполнение бизнес-плана": null

11-12-2024T08:05:55 - [TEST_STEP][PASSED] - workbook01 = getWorkbook(excelFilePath): null

11-12-2024T08:05:55 - [TEST_STEP][PASSED] - sheet01 = getExcelSheet(workbook01, sheetName): null

11-12-2024T08:05:55 - [TEST_STEP][PASSED] - setValueToCellByIndex(sheet01, n, 0, dashboardName): null

11-12-2024T08:05:55 - [TEST_STEP][PASSED] - setValueToCellByIndex(sheet01, n, 1, dZO): null

11-12-2024T08:05:55 - [TEST_STEP][PASSED] - setValueToCellByIndex(sheet01, n, 2, typeOfData): null

11-12-2024T08:05:55 - [TEST_STEP][PASSED] - if (typeOfData == "Факт в процентах" || typeOfData == "План в процентах"): null

11-12-2024T08:05:55 - [TEST_STEP][PASSED] - else: null

11-12-2024T08:05:55 - [TEST_STEP][PASSED] - setValueToCellByIndex(sheet01, n, 3, fileInt): null

11-12-2024T08:05:55 - [TEST_STEP][PASSED] - setValueToCellByIndex(sheet01, n, 4, "нет данных"): null

11-12-2024T08:05:55 - [TEST_STEP][PASSED] - setValueToCellByIndex(sheet01, n, 5, m): null

11-12-2024T08:05:55 - [TEST_STEP][PASSED] - setValueToCellByIndex(sheet01, n, 6, y): null

11-12-2024T08:05:55 - [TEST_STEP][PASSED] - setValueToCellByIndex(sheet01, n, 7, todaysDate): null

11-12-2024T08:05:55 - [TEST_STEP][PASSED] - n = n + 1: null

11-12-2024T08:05:55 - [TEST_STEP][PASSED] - saveWorkbook(excelFilePath, workbook01): null

11-12-2024T08:05:55 - [TEST_STEP][PASSED] - typeOfData = "План Потери": null

11-12-2024T08:05:55 - [TEST_STEP][PASSED] - fileInt = replaceAll("\s+", "").toInteger(): null

11-12-2024T08:05:55 - [TEST_STEP][PASSED] - Script1718980020443.WriteToExcelNoData(a, typeOfData, todaysDate, fileInt, fileDouble, dZO): null

11-12-2024T08:05:55 - [TEST_STEP][PASSED] - sheetName = "Sheet1": null

11-12-2024T08:05:55 - [TEST_STEP][PASSED] - data = findTestData("PlanFact"): null

11-12-2024T08:05:55 - [TEST_STEP][PASSED] - n = data.getRowNumbers() + 1: null

11-12-2024T08:05:55 - [TEST_STEP][PASSED] - year = todaysDate.substring(todaysDate.length() - 4, todaysDate.length()): null

11-12-2024T08:05:55 - [TEST_STEP][PASSED] - y = year.toInteger(): null

11-12-2024T08:05:55 - [TEST_STEP][PASSED] - m = getText(findTestObject("Выполнение бизнес-плана/Период")): Text of object 'Object Repository/Выполнение бизнес-плана/Период' is: '1, 2, 3 кв., Октябрь 2024 года'

11-12-2024T08:05:55 - [MESSAGE][PASSED] - Text of object 'Object Repository/Выполнение бизнес-плана/Период' is: '1, 2, 3 кв., Октябрь 2024 года'

11-12-2024T08:05:55 - [TEST_STEP][PASSED] - m = m.substring(0, m.indexOf("2024")): null

11-12-2024T08:05:55 - [TEST_STEP][PASSED] - m = m.trim(): null

11-12-2024T08:05:55 - [TEST_STEP][PASSED] - dashboardName = "Выполнение бизнес-плана": null

11-12-2024T08:05:55 - [TEST_STEP][PASSED] - workbook01 = getWorkbook(excelFilePath): null

11-12-2024T08:05:55 - [TEST_STEP][PASSED] - sheet01 = getExcelSheet(workbook01, sheetName): null

11-12-2024T08:05:55 - [TEST_STEP][PASSED] - setValueToCellByIndex(sheet01, n, 0, dashboardName): null

11-12-2024T08:05:55 - [TEST_STEP][PASSED] - setValueToCellByIndex(sheet01, n, 1, dZO): null

11-12-2024T08:05:55 - [TEST_STEP][PASSED] - setValueToCellByIndex(sheet01, n, 2, typeOfData): null

11-12-2024T08:05:55 - [TEST_STEP][PASSED] - if (typeOfData == "Факт в процентах" || typeOfData == "План в процентах"): null

11-12-2024T08:05:55 - [TEST_STEP][PASSED] - else: null

11-12-2024T08:05:55 - [TEST_STEP][PASSED] - setValueToCellByIndex(sheet01, n, 3, fileInt): null

11-12-2024T08:05:55 - [TEST_STEP][PASSED] - setValueToCellByIndex(sheet01, n, 4, "нет данных"): null

11-12-2024T08:05:55 - [TEST_STEP][PASSED] - setValueToCellByIndex(sheet01, n, 5, m): null

11-12-2024T08:05:55 - [TEST_STEP][PASSED] - setValueToCellByIndex(sheet01, n, 6, y): null

11-12-2024T08:05:55 - [TEST_STEP][PASSED] - setValueToCellByIndex(sheet01, n, 7, todaysDate): null

11-12-2024T08:05:55 - [TEST_STEP][PASSED] - n = n + 1: null

11-12-2024T08:05:55 - [TEST_STEP][PASSED] - saveWorkbook(excelFilePath, workbook01): null

11-12-2024T08:05:55 - [TEST_STEP][PASSED] - typeOfData = "План в процентах": null

11-12-2024T08:05:55 - [TEST_STEP][PASSED] - fileDouble = ").toDouble(): null

11-12-2024T08:05:56 - [TEST_STEP][PASSED] - Script1718980020443.WriteToExcelNoData(a, typeOfData, todaysDate, fileInt, fileDouble, dZO): null

11-12-2024T08:05:56 - [TEST_STEP][PASSED] - sheetName = "Sheet1": null

11-12-2024T08:05:56 - [TEST_STEP][PASSED] - data = findTestData("PlanFact"): null

11-12-2024T08:05:56 - [TEST_STEP][PASSED] - n = data.getRowNumbers() + 1: null

11-12-2024T08:05:56 - [TEST_STEP][PASSED] - year = todaysDate.substring(todaysDate.length() - 4, todaysDate.length()): null

11-12-2024T08:05:56 - [TEST_STEP][PASSED] - y = year.toInteger(): null

11-12-2024T08:05:56 - [TEST_STEP][PASSED] - m = getText(findTestObject("Выполнение бизнес-плана/Период")): Text of object 'Object Repository/Выполнение бизнес-плана/Период' is: '1, 2, 3 кв., Октябрь 2024 года'

11-12-2024T08:05:56 - [MESSAGE][PASSED] - Text of object 'Object Repository/Выполнение бизнес-плана/Период' is: '1, 2, 3 кв., Октябрь 2024 года'

11-12-2024T08:05:56 - [TEST_STEP][PASSED] - m = m.substring(0, m.indexOf("2024")): null

11-12-2024T08:05:56 - [TEST_STEP][PASSED] - m = m.trim(): null

11-12-2024T08:05:56 - [TEST_STEP][PASSED] - dashboardName = "Выполнение бизнес-плана": null

11-12-2024T08:05:56 - [TEST_STEP][PASSED] - workbook01 = getWorkbook(excelFilePath): null

11-12-2024T08:05:56 - [TEST_STEP][PASSED] - sheet01 = getExcelSheet(workbook01, sheetName): null

11-12-2024T08:05:56 - [TEST_STEP][PASSED] - setValueToCellByIndex(sheet01, n, 0, dashboardName): null

11-12-2024T08:05:56 - [TEST_STEP][PASSED] - setValueToCellByIndex(sheet01, n, 1, dZO): null

11-12-2024T08:05:56 - [TEST_STEP][PASSED] - setValueToCellByIndex(sheet01, n, 2, typeOfData): null

11-12-2024T08:05:56 - [TEST_STEP][PASSED] - if (typeOfData == "Факт в процентах" || typeOfData == "План в процентах"): null

11-12-2024T08:05:56 - [TEST_STEP][PASSED] - setValueToCellByIndex(sheet01, n, 3, fileDouble): null

11-12-2024T08:05:56 - [TEST_STEP][PASSED] - setValueToCellByIndex(sheet01, n, 4, "нет данных"): null

11-12-2024T08:05:56 - [TEST_STEP][PASSED] - setValueToCellByIndex(sheet01, n, 5, m): null

11-12-2024T08:05:56 - [TEST_STEP][PASSED] - setValueToCellByIndex(sheet01, n, 6, y): null

11-12-2024T08:05:56 - [TEST_STEP][PASSED] - setValueToCellByIndex(sheet01, n, 7, todaysDate): null

11-12-2024T08:05:56 - [TEST_STEP][PASSED] - n = n + 1: null

11-12-2024T08:05:56 - [TEST_STEP][PASSED] - saveWorkbook(excelFilePath, workbook01): null

11-12-2024T08:05:56 - [TEST_STEP][PASSED] - typeOfData = "Факт в процентах": null

11-12-2024T08:05:56 - [TEST_STEP][PASSED] - fileDouble = ").toDouble(): null

11-12-2024T08:05:56 - [TEST_STEP][PASSED] - Script1718980020443.WriteToExcelNoData(a, typeOfData, todaysDate, fileInt, fileDouble, dZO): null

11-12-2024T08:05:56 - [TEST_STEP][PASSED] - sheetName = "Sheet1": null

11-12-2024T08:05:56 - [TEST_STEP][PASSED] - data = findTestData("PlanFact"): null

11-12-2024T08:05:56 - [TEST_STEP][PASSED] - n = data.getRowNumbers() + 1: null

11-12-2024T08:05:56 - [TEST_STEP][PASSED] - year = todaysDate.substring(todaysDate.length() - 4, todaysDate.length()): null

11-12-2024T08:05:56 - [TEST_STEP][PASSED] - y = year.toInteger(): null

11-12-2024T08:05:56 - [TEST_STEP][PASSED] - m = getText(findTestObject("Выполнение бизнес-плана/Период")): Text of object 'Object Repository/Выполнение бизнес-плана/Период' is: '1, 2, 3 кв., Октябрь 2024 года'

11-12-2024T08:05:57 - [MESSAGE][PASSED] - Text of object 'Object Repository/Выполнение бизнес-плана/Период' is: '1, 2, 3 кв., Октябрь 2024 года'

11-12-2024T08:05:57 - [TEST_STEP][PASSED] - m = m.substring(0, m.indexOf("2024")): null

11-12-2024T08:05:57 - [TEST_STEP][PASSED] - m = m.trim(): null

11-12-2024T08:05:57 - [TEST_STEP][PASSED] - dashboardName = "Выполнение бизнес-плана": null

11-12-2024T08:05:57 - [TEST_STEP][PASSED] - workbook01 = getWorkbook(excelFilePath): null

11-12-2024T08:05:57 - [TEST_STEP][PASSED] - sheet01 = getExcelSheet(workbook01, sheetName): null

11-12-2024T08:05:57 - [TEST_STEP][PASSED] - setValueToCellByIndex(sheet01, n, 0, dashboardName): null

11-12-2024T08:05:57 - [TEST_STEP][PASSED] - setValueToCellByIndex(sheet01, n, 1, dZO): null

11-12-2024T08:05:57 - [TEST_STEP][PASSED] - setValueToCellByIndex(sheet01, n, 2, typeOfData): null

11-12-2024T08:05:57 - [TEST_STEP][PASSED] - if (typeOfData == "Факт в процентах" || typeOfData == "План в процентах"): null

11-12-2024T08:05:57 - [TEST_STEP][PASSED] - setValueToCellByIndex(sheet01, n, 3, fileDouble): null

11-12-2024T08:05:57 - [TEST_STEP][PASSED] - setValueToCellByIndex(sheet01, n, 4, "нет данных"): null

11-12-2024T08:05:57 - [TEST_STEP][PASSED] - setValueToCellByIndex(sheet01, n, 5, m): null

11-12-2024T08:05:57 - [TEST_STEP][PASSED] - setValueToCellByIndex(sheet01, n, 6, y): null

11-12-2024T08:05:57 - [TEST_STEP][PASSED] - setValueToCellByIndex(sheet01, n, 7, todaysDate): null

11-12-2024T08:05:57 - [TEST_STEP][PASSED] - n = n + 1: null

11-12-2024T08:05:57 - [TEST_STEP][PASSED] - saveWorkbook(excelFilePath, workbook01): null

11-12-2024T08:05:57 - [TEST_STEP][PASSED] - println(dzoNum): null

11-12-2024T08:05:57 - [TEST_STEP][PASSED] - dZO = "Россети Тюмень": null

11-12-2024T08:05:57 - [TEST_STEP][PASSED] - a = 80: null

11-12-2024T08:05:57 - [TEST_STEP][PASSED] - if (x1.contains(dZO)): null

11-12-2024T08:05:57 - [TEST_STEP][PASSED] - dzoNum = dzoNum + 1: null

11-12-2024T08:05:57 - [TEST_STEP][PASSED] - Script1718980020443.Numbers(a, typeOfData, todaysDate, pageInt, fileInt, pageDouble, fileDouble, dZO, dzoNum, filialNum): null

11-12-2024T08:05:57 - [TEST_STEP][PASSED] - println(dzoNum): null

11-12-2024T08:05:57 - [TEST_STEP][PASSED] - planFact = <not implemented yet for class: org.codehaus.groovy.ast.expr.EmptyExpression>: null

11-12-2024T08:05:57 - [TEST_STEP][PASSED] - page = <not implemented yet for class: org.codehaus.groovy.ast.expr.EmptyExpression>: null

11-12-2024T08:05:57 - [TEST_STEP][PASSED] - page1 = <not implemented yet for class: org.codehaus.groovy.ast.expr.EmptyExpression>: null

11-12-2024T08:05:57 - [TEST_STEP][PASSED] - page2 = <not implemented yet for class: org.codehaus.groovy.ast.expr.EmptyExpression>: null

11-12-2024T08:05:57 - [TEST_STEP][PASSED] - filialNumberInRow = <not implemented yet for class: org.codehaus.groovy.ast.expr.EmptyExpression>: null

11-12-2024T08:05:57 - [TEST_STEP][PASSED] - filialsDzoNames = <not implemented yet for class: org.codehaus.groovy.ast.expr.EmptyExpression>: null

11-12-2024T08:05:57 - [TEST_STEP][PASSED] - numberOfFilials = <not implemented yet for class: org.codehaus.groovy.ast.expr.EmptyExpression>: null

11-12-2024T08:05:57 - [TEST_STEP][PASSED] - numberOfSpaces = <not implemented yet for class: org.codehaus.groovy.ast.expr.EmptyExpression>: null

11-12-2024T08:05:57 - [TEST_STEP][PASSED] - file = <not implemented yet for class: org.codehaus.groovy.ast.expr.EmptyExpression>: null

11-12-2024T08:05:57 - [TEST_STEP][PASSED] - otpusk = <not implemented yet for class: org.codehaus.groovy.ast.expr.EmptyExpression>: null

11-12-2024T08:05:57 - [TEST_STEP][PASSED] - poteri = <not implemented yet for class: org.codehaus.groovy.ast.expr.EmptyExpression>: null

11-12-2024T08:05:57 - [TEST_STEP][PASSED] - dataFolder = "Выполнение бизнес-плана/Значения со страницы Выполнение бизнес-плана/": null

11-12-2024T08:05:57 - [TEST_STEP][PASSED] - path = <not implemented yet for class: org.codehaus.groovy.ast.expr.EmptyExpression>: null

11-12-2024T08:05:57 - [TEST_STEP][PASSED] - typeOfDataMain = <not implemented yet for class: org.codehaus.groovy.ast.expr.EmptyExpression>: null

11-12-2024T08:05:57 - [TEST_STEP][PASSED] - fileOtpuskVSet = <not implemented yet for class: org.codehaus.groovy.ast.expr.EmptyExpression>: null

11-12-2024T08:05:57 - [TEST_STEP][PASSED] - pageOtpuskVSet = <not implemented yet for class: org.codehaus.groovy.ast.expr.EmptyExpression>: null

11-12-2024T08:05:57 - [TEST_STEP][PASSED] - filePoteri = <not implemented yet for class: org.codehaus.groovy.ast.expr.EmptyExpression>: null

11-12-2024T08:05:57 - [TEST_STEP][PASSED] - pagePoteri = <not implemented yet for class: org.codehaus.groovy.ast.expr.EmptyExpression>: null

11-12-2024T08:05:57 - [TEST_STEP][PASSED] - compare = <not implemented yet for class: org.codehaus.groovy.ast.expr.EmptyExpression>: null

11-12-2024T08:05:57 - [TEST_STEP][PASSED] - b = <not implemented yet for class: org.codehaus.groovy.ast.expr.EmptyExpression>: null

11-12-2024T08:05:57 - [TEST_STEP][PASSED] - i = <not implemented yet for class: org.codehaus.groovy.ast.expr.EmptyExpression>: null

11-12-2024T08:05:57 - [TEST_STEP][PASSED] - ii = <not implemented yet for class: org.codehaus.groovy.ast.expr.EmptyExpression>: null

11-12-2024T08:05:57 - [TEST_STEP][PASSED] - c = <not implemented yet for class: org.codehaus.groovy.ast.expr.EmptyExpression>: null

11-12-2024T08:05:57 - [TEST_STEP][PASSED] - numberOfErrors = 0: null

11-12-2024T08:05:57 - [TEST_STEP][PASSED] - if (a == 82): null

11-12-2024T08:05:57 - [TEST_STEP][PASSED] - b = findTestData("PlanFact").getValue(1, a): null

11-12-2024T08:05:57 - [TEST_STEP][PASSED] - i = b.indexOf(" (ГК)"): null

11-12-2024T08:05:57 - [TEST_STEP][PASSED] - if (i > -1): null

11-12-2024T08:05:57 - [TEST_STEP][PASSED] - i = b.indexOf("О ""): null

11-12-2024T08:05:57 - [TEST_STEP][PASSED] - if (i > -1): null

11-12-2024T08:05:57 - [TEST_STEP][PASSED] - i = b.indexOf("О «"): null

11-12-2024T08:05:57 - [TEST_STEP][PASSED] - if (i > -1): null

11-12-2024T08:05:57 - [TEST_STEP][PASSED] - i = b.indexOf("г. "): null

11-12-2024T08:05:57 - [TEST_STEP][PASSED] - if (i > -1): null

11-12-2024T08:05:57 - [TEST_STEP][PASSED] - println(b): null

11-12-2024T08:05:57 - [TEST_STEP][PASSED] - for ([planFact = 1, planFact < 3, (planFact++)]): Object: 'Object Repository/Выполнение бизнес-плана/Кнопка Факт' is clicked on

11-12-2024T08:05:57 - [TEST_STEP][PASSED] - if (planFact == 1): null

11-12-2024T08:05:57 - [TEST_STEP][PASSED] - typeOfDataMain = "Факт": null

11-12-2024T08:05:57 - [TEST_STEP][PASSED] - otpusk = findTestData("PlanFact").getValue(5, a): null

11-12-2024T08:05:57 - [TEST_STEP][PASSED] - poteri = findTestData("PlanFact").getValue(6, a): null

11-12-2024T08:05:57 - [TEST_STEP][PASSED] - otpusk = otpusk.replaceAll("\s+", ""): null

11-12-2024T08:05:57 - [TEST_STEP][PASSED] - poteri = poteri.replaceAll("\s+", ""): null

11-12-2024T08:05:57 - [TEST_STEP][PASSED] - typeOfData = typeOfDataMain + " Отпуск в сеть": null

11-12-2024T08:05:57 - [TEST_STEP][PASSED] - if (a == 82): null

11-12-2024T08:05:57 - [TEST_STEP][PASSED] - else if (a == 84): null

11-12-2024T08:05:57 - [TEST_STEP][PASSED] - else if (a == 52 || a == 72 || a == 28 || a == 73 || a == 77 || a == 74 || a == 65 || a == 36 || a == 44 || a == 53 || a == 80 || a == 54 || a == 1 || a == 18 || a == 59 || a == 81): null

11-12-2024T08:05:57 - [TEST_STEP][PASSED] - path = dataFolder + "Table Data/" + typeOfData + " за отчётный период " + dzoNum: null

11-12-2024T08:05:57 - [TEST_STEP][PASSED] - println(path): null

11-12-2024T08:05:57 - [TEST_STEP][PASSED] - page = getText(findTestObject(path)): Text of object 'Object Repository/Выполнение бизнес-плана/Значения со страницы Выполнение бизнес-плана/Table Data/Факт Отпуск в сеть за отчётный период 5' is: '43 413 766'

11-12-2024T08:05:57 - [MESSAGE][PASSED] - Text of object 'Object Repository/Выполнение бизнес-плана/Значения со страницы Выполнение бизнес-плана/Table Data/Факт Отпуск в сеть за отчётный период 5' is: '43 413 766'

11-12-2024T08:05:57 - [TEST_STEP][PASSED] - page = page.replaceAll("\s+", ""): null

11-12-2024T08:05:57 - [TEST_STEP][PASSED] - fileOtpuskVSet = otpusk.toInteger(): null

11-12-2024T08:05:57 - [TEST_STEP][PASSED] - pageOtpuskVSet = page.toInteger(): null

11-12-2024T08:05:57 - [TEST_STEP][PASSED] - typeOfData = typeOfDataMain + " Потери": null

11-12-2024T08:05:57 - [TEST_STEP][PASSED] - if (a == 82): null

11-12-2024T08:05:57 - [TEST_STEP][PASSED] - else if (a == 84): null

11-12-2024T08:05:57 - [TEST_STEP][PASSED] - else if (a == 52 || a == 72 || a == 28 || a == 73 || a == 77 || a == 74 || a == 65 || a == 36 || a == 44 || a == 53 || a == 80 || a == 54 || a == 1 || a == 18 || a == 59 || a == 81): null

11-12-2024T08:05:57 - [TEST_STEP][PASSED] - path = dataFolder + "Table Data/" + typeOfData + " за отчётный период " + dzoNum: null

11-12-2024T08:05:57 - [TEST_STEP][PASSED] - page = getText(findTestObject(path)): Text of object 'Object Repository/Выполнение бизнес-плана/Значения со страницы Выполнение бизнес-плана/Table Data/Факт Потери за отчётный период 5' is: '1 149 143'

11-12-2024T08:05:58 - [MESSAGE][PASSED] - Text of object 'Object Repository/Выполнение бизнес-плана/Значения со страницы Выполнение бизнес-плана/Table Data/Факт Потери за отчётный период 5' is: '1 149 143'

11-12-2024T08:05:58 - [TEST_STEP][PASSED] - page = page.replaceAll("\s+", ""): null

11-12-2024T08:05:58 - [TEST_STEP][PASSED] - filePoteri = poteri.toInteger(): null

11-12-2024T08:05:58 - [TEST_STEP][PASSED] - pagePoteri = page.toInteger(): null

11-12-2024T08:05:58 - [TEST_STEP][PASSED] - compare = pageOtpuskVSet: null

11-12-2024T08:05:58 - [TEST_STEP][PASSED] - if (compare == fileOtpuskVSet): null

11-12-2024T08:05:58 - [TEST_STEP][PASSED] - if (compare == fileOtpuskVSet): null

11-12-2024T08:05:58 - [TEST_STEP][PASSED] - compare = pagePoteri: null

11-12-2024T08:05:58 - [TEST_STEP][PASSED] - if (compare == filePoteri): null

11-12-2024T08:05:58 - [TEST_STEP][PASSED] - if (compare == filePoteri): null

11-12-2024T08:05:58 - [TEST_STEP][PASSED] - if (planFact == 2): null

11-12-2024T08:05:58 - [TEST_STEP][PASSED] - if (planFact == 1): null

11-12-2024T08:05:58 - [TEST_STEP][PASSED] - else if (planFact == 2): null

11-12-2024T08:05:58 - [TEST_STEP][PASSED] - click(findTestObject("Выполнение бизнес-плана/Кнопка План")): Object: 'Object Repository/Выполнение бизнес-плана/Кнопка План' is clicked on

11-12-2024T08:05:58 - [MESSAGE][PASSED] - Object: 'Object Repository/Выполнение бизнес-плана/Кнопка План' is clicked on

11-12-2024T08:05:58 - [TEST_STEP][PASSED] - typeOfDataMain = "План": null

11-12-2024T08:05:58 - [TEST_STEP][PASSED] - otpusk = findTestData("PlanFact").getValue(2, a): null

11-12-2024T08:05:58 - [TEST_STEP][PASSED] - poteri = findTestData("PlanFact").getValue(3, a): null

11-12-2024T08:05:58 - [TEST_STEP][PASSED] - otpusk = otpusk.replaceAll("\s+", ""): null

11-12-2024T08:05:58 - [TEST_STEP][PASSED] - poteri = poteri.replaceAll("\s+", ""): null

11-12-2024T08:05:58 - [TEST_STEP][PASSED] - typeOfData = typeOfDataMain + " Отпуск в сеть": null

11-12-2024T08:05:58 - [TEST_STEP][PASSED] - if (a == 82): null

11-12-2024T08:05:58 - [TEST_STEP][PASSED] - else if (a == 84): null

11-12-2024T08:05:58 - [TEST_STEP][PASSED] - else if (a == 52 || a == 72 || a == 28 || a == 73 || a == 77 || a == 74 || a == 65 || a == 36 || a == 44 || a == 53 || a == 80 || a == 54 || a == 1 || a == 18 || a == 59 || a == 81): null

11-12-2024T08:05:58 - [TEST_STEP][PASSED] - path = dataFolder + "Table Data/" + typeOfData + " за отчётный период " + dzoNum: null

11-12-2024T08:05:58 - [TEST_STEP][PASSED] - println(path): null

11-12-2024T08:05:58 - [TEST_STEP][PASSED] - page = getText(findTestObject(path)): Text of object 'Object Repository/Выполнение бизнес-плана/Значения со страницы Выполнение бизнес-плана/Table Data/План Отпуск в сеть за отчётный период 5' is: '45 056 130'

11-12-2024T08:05:58 - [MESSAGE][PASSED] - Text of object 'Object Repository/Выполнение бизнес-плана/Значения со страницы Выполнение бизнес-плана/Table Data/План Отпуск в сеть за отчётный период 5' is: '45 056 130'

11-12-2024T08:05:58 - [TEST_STEP][PASSED] - page = page.replaceAll("\s+", ""): null

11-12-2024T08:05:58 - [TEST_STEP][PASSED] - fileOtpuskVSet = otpusk.toInteger(): null

11-12-2024T08:05:58 - [TEST_STEP][PASSED] - pageOtpuskVSet = page.toInteger(): null

11-12-2024T08:05:58 - [TEST_STEP][PASSED] - typeOfData = typeOfDataMain + " Потери": null

11-12-2024T08:05:58 - [TEST_STEP][PASSED] - if (a == 82): null

11-12-2024T08:05:58 - [TEST_STEP][PASSED] - else if (a == 84): null

11-12-2024T08:05:58 - [TEST_STEP][PASSED] - else if (a == 52 || a == 72 || a == 28 || a == 73 || a == 77 || a == 74 || a == 65 || a == 36 || a == 44 || a == 53 || a == 80 || a == 54 || a == 1 || a == 18 || a == 59 || a == 81): null

11-12-2024T08:05:58 - [TEST_STEP][PASSED] - path = dataFolder + "Table Data/" + typeOfData + " за отчётный период " + dzoNum: null

11-12-2024T08:05:58 - [TEST_STEP][PASSED] - page = getText(findTestObject(path)): Text of object 'Object Repository/Выполнение бизнес-плана/Значения со страницы Выполнение бизнес-плана/Table Data/План Потери за отчётный период 5' is: '1 125 760'

11-12-2024T08:05:59 - [MESSAGE][PASSED] - Text of object 'Object Repository/Выполнение бизнес-плана/Значения со страницы Выполнение бизнес-плана/Table Data/План Потери за отчётный период 5' is: '1 125 760'

11-12-2024T08:05:59 - [TEST_STEP][PASSED] - page = page.replaceAll("\s+", ""): null

11-12-2024T08:05:59 - [TEST_STEP][PASSED] - filePoteri = poteri.toInteger(): null

11-12-2024T08:05:59 - [TEST_STEP][PASSED] - pagePoteri = page.toInteger(): null

11-12-2024T08:05:59 - [TEST_STEP][PASSED] - compare = pageOtpuskVSet: null

11-12-2024T08:05:59 - [TEST_STEP][PASSED] - if (compare == fileOtpuskVSet): null

11-12-2024T08:05:59 - [TEST_STEP][PASSED] - if (compare == fileOtpuskVSet): null

11-12-2024T08:05:59 - [TEST_STEP][PASSED] - compare = pagePoteri: null

11-12-2024T08:05:59 - [TEST_STEP][PASSED] - if (compare == filePoteri): null

11-12-2024T08:05:59 - [TEST_STEP][PASSED] - if (compare == filePoteri): null

11-12-2024T08:05:59 - [TEST_STEP][PASSED] - if (planFact == 2): Object: 'Object Repository/Выполнение бизнес-плана/Кнопка Факт' is clicked on

11-12-2024T08:05:59 - [TEST_STEP][PASSED] - click(findTestObject("Выполнение бизнес-плана/Кнопка Факт")): Object: 'Object Repository/Выполнение бизнес-плана/Кнопка Факт' is clicked on

11-12-2024T08:05:59 - [MESSAGE][PASSED] - Object: 'Object Repository/Выполнение бизнес-плана/Кнопка Факт' is clicked on

11-12-2024T08:05:59 - [TEST_STEP][PASSED] - if (a == 84 || a == 82): null

11-12-2024T08:05:59 - [TEST_STEP][PASSED] - else if (a == 52 || a == 72 || a == 28 || a == 73 || a == 77 || a == 74 || a == 65 || a == 36 || a == 44 || a == 53 || a == 80 || a == 54 || a == 1 || a == 18 || a == 59 || a == 81): null

11-12-2024T08:05:59 - [TEST_STEP][PASSED] - page1 = getText(findTestObject("Object Repository/Выполнение бизнес-плана/spanPlan" + dzoNum)): Text of object 'Object Repository/Выполнение бизнес-плана/spanPlan5' is: '2.50'

11-12-2024T08:05:59 - [MESSAGE][PASSED] - Text of object 'Object Repository/Выполнение бизнес-плана/spanPlan5' is: '2.50'

11-12-2024T08:05:59 - [TEST_STEP][PASSED] - page1 = page1.replace("|", ""): null

11-12-2024T08:05:59 - [TEST_STEP][PASSED] - page2 = getText(findTestObject("Object Repository/Выполнение бизнес-плана/spanFact" + dzoNum)): Text of object 'Object Repository/Выполнение бизнес-плана/spanFact5' is: '2.65
|'

11-12-2024T08:06:00 - [MESSAGE][PASSED] - Text of object 'Object Repository/Выполнение бизнес-плана/spanFact5' is: '2.65
|'

11-12-2024T08:06:00 - [TEST_STEP][PASSED] - page2 = page2.replace("|", ""): null

11-12-2024T08:06:00 - [TEST_STEP][PASSED] - println("page1: " + page1): null

11-12-2024T08:06:00 - [TEST_STEP][PASSED] - println("page2: " + page2): null

11-12-2024T08:06:00 - [TEST_STEP][PASSED] - file = findTestData("PlanFact").getValue(4, a): null

11-12-2024T08:06:00 - [TEST_STEP][PASSED] - file = file.replace(",", "."): null

11-12-2024T08:06:00 - [TEST_STEP][PASSED] - println("file Plan: " + file): null

11-12-2024T08:06:00 - [TEST_STEP][PASSED] - typeOfData = "План в процентах": null

11-12-2024T08:06:00 - [TEST_STEP][PASSED] - fileDouble = file.toDouble(): null

11-12-2024T08:06:00 - [TEST_STEP][PASSED] - pageDouble = page1.toDouble(): null

11-12-2024T08:06:00 - [TEST_STEP][PASSED] - if (fileDouble != pageDouble): null

11-12-2024T08:06:00 - [TEST_STEP][PASSED] - file = findTestData("PlanFact").getValue(7, a): null

11-12-2024T08:06:00 - [TEST_STEP][PASSED] - file = file.replace(",", "."): null

11-12-2024T08:06:00 - [TEST_STEP][PASSED] - println("file Fact: " + file): null

11-12-2024T08:06:00 - [TEST_STEP][PASSED] - fileDouble = file.toDouble(): null

11-12-2024T08:06:00 - [TEST_STEP][PASSED] - typeOfData = "Факт в процентах": null

11-12-2024T08:06:00 - [TEST_STEP][PASSED] - fileDouble = file.toDouble(): null

11-12-2024T08:06:00 - [TEST_STEP][PASSED] - pageDouble = page2.toDouble(): null

11-12-2024T08:06:00 - [TEST_STEP][PASSED] - if (fileDouble != pageDouble): null

11-12-2024T08:06:00 - [TEST_STEP][PASSED] - if (verifyEqual(numberOfErrors, 0) == false): Actual object '0' and expected object '0' are equal

11-12-2024T08:06:00 - [MESSAGE][PASSED] - Actual object '0' and expected object '0' are equal

11-12-2024T08:06:00 - [TEST_STEP][PASSED] - if (a == 82): null

11-12-2024T08:06:00 - [TEST_STEP][PASSED] - println(dzoNum): null

11-12-2024T08:06:00 - [TEST_STEP][PASSED] - dZO = "Россети Урал (ГК)": null

11-12-2024T08:06:00 - [TEST_STEP][PASSED] - a = 54: null

11-12-2024T08:06:00 - [TEST_STEP][PASSED] - if (x1.contains(dZO)): null

11-12-2024T08:06:00 - [TEST_STEP][PASSED] - else: null

11-12-2024T08:06:00 - [TEST_STEP][PASSED] - Script1718980020443.NoData(a, typeOfData, todaysDate, fileInt, fileDouble, dZO): null

11-12-2024T08:06:00 - [TEST_STEP][PASSED] - println(a): null

11-12-2024T08:06:00 - [TEST_STEP][PASSED] - println(todaysDate): null

11-12-2024T08:06:00 - [TEST_STEP][PASSED] - println(fileInt): null

11-12-2024T08:06:00 - [TEST_STEP][PASSED] - println(fileDouble): null

11-12-2024T08:06:00 - [TEST_STEP][PASSED] - println(dZO): null

11-12-2024T08:06:00 - [TEST_STEP][PASSED] - typeOfData = "Факт Отпуск в сеть": null

11-12-2024T08:06:00 - [TEST_STEP][PASSED] - fileInt = replaceAll("\s+", "").toInteger(): null

11-12-2024T08:06:00 - [TEST_STEP][PASSED] - Script1718980020443.WriteToExcelNoData(a, typeOfData, todaysDate, fileInt, fileDouble, dZO): null

11-12-2024T08:06:00 - [TEST_STEP][PASSED] - sheetName = "Sheet1": null

11-12-2024T08:06:00 - [TEST_STEP][PASSED] - data = findTestData("PlanFact"): null

11-12-2024T08:06:00 - [TEST_STEP][PASSED] - n = data.getRowNumbers() + 1: null

11-12-2024T08:06:00 - [TEST_STEP][PASSED] - year = todaysDate.substring(todaysDate.length() - 4, todaysDate.length()): null

11-12-2024T08:06:00 - [TEST_STEP][PASSED] - y = year.toInteger(): null

11-12-2024T08:06:00 - [TEST_STEP][PASSED] - m = getText(findTestObject("Выполнение бизнес-плана/Период")): Text of object 'Object Repository/Выполнение бизнес-плана/Период' is: '1, 2, 3 кв., Октябрь 2024 года'

11-12-2024T08:06:00 - [MESSAGE][PASSED] - Text of object 'Object Repository/Выполнение бизнес-плана/Период' is: '1, 2, 3 кв., Октябрь 2024 года'

11-12-2024T08:06:00 - [TEST_STEP][PASSED] - m = m.substring(0, m.indexOf("2024")): null

11-12-2024T08:06:00 - [TEST_STEP][PASSED] - m = m.trim(): null

11-12-2024T08:06:00 - [TEST_STEP][PASSED] - dashboardName = "Выполнение бизнес-плана": null

11-12-2024T08:06:00 - [TEST_STEP][PASSED] - workbook01 = getWorkbook(excelFilePath): null

11-12-2024T08:06:00 - [TEST_STEP][PASSED] - sheet01 = getExcelSheet(workbook01, sheetName): null

11-12-2024T08:06:00 - [TEST_STEP][PASSED] - setValueToCellByIndex(sheet01, n, 0, dashboardName): null

11-12-2024T08:06:00 - [TEST_STEP][PASSED] - setValueToCellByIndex(sheet01, n, 1, dZO): null

11-12-2024T08:06:00 - [TEST_STEP][PASSED] - setValueToCellByIndex(sheet01, n, 2, typeOfData): null

11-12-2024T08:06:00 - [TEST_STEP][PASSED] - if (typeOfData == "Факт в процентах" || typeOfData == "План в процентах"): null

11-12-2024T08:06:00 - [TEST_STEP][PASSED] - else: null

11-12-2024T08:06:00 - [TEST_STEP][PASSED] - setValueToCellByIndex(sheet01, n, 3, fileInt): null

11-12-2024T08:06:00 - [TEST_STEP][PASSED] - setValueToCellByIndex(sheet01, n, 4, "нет данных"): null

11-12-2024T08:06:00 - [TEST_STEP][PASSED] - setValueToCellByIndex(sheet01, n, 5, m): null

11-12-2024T08:06:00 - [TEST_STEP][PASSED] - setValueToCellByIndex(sheet01, n, 6, y): null

11-12-2024T08:06:00 - [TEST_STEP][PASSED] - setValueToCellByIndex(sheet01, n, 7, todaysDate): null

11-12-2024T08:06:00 - [TEST_STEP][PASSED] - n = n + 1: null

11-12-2024T08:06:00 - [TEST_STEP][PASSED] - saveWorkbook(excelFilePath, workbook01): null

11-12-2024T08:06:00 - [TEST_STEP][PASSED] - typeOfData = "Факт Потери": null

11-12-2024T08:06:00 - [TEST_STEP][PASSED] - fileInt = replaceAll("\s+", "").toInteger(): null

11-12-2024T08:06:00 - [TEST_STEP][PASSED] - Script1718980020443.WriteToExcelNoData(a, typeOfData, todaysDate, fileInt, fileDouble, dZO): null

11-12-2024T08:06:00 - [TEST_STEP][PASSED] - sheetName = "Sheet1": null

11-12-2024T08:06:00 - [TEST_STEP][PASSED] - data = findTestData("PlanFact"): null

11-12-2024T08:06:01 - [TEST_STEP][PASSED] - n = data.getRowNumbers() + 1: null

11-12-2024T08:06:01 - [TEST_STEP][PASSED] - year = todaysDate.substring(todaysDate.length() - 4, todaysDate.length()): null

11-12-2024T08:06:01 - [TEST_STEP][PASSED] - y = year.toInteger(): null

11-12-2024T08:06:01 - [TEST_STEP][PASSED] - m = getText(findTestObject("Выполнение бизнес-плана/Период")): Text of object 'Object Repository/Выполнение бизнес-плана/Период' is: '1, 2, 3 кв., Октябрь 2024 года'

11-12-2024T08:06:01 - [MESSAGE][PASSED] - Text of object 'Object Repository/Выполнение бизнес-плана/Период' is: '1, 2, 3 кв., Октябрь 2024 года'

11-12-2024T08:06:01 - [TEST_STEP][PASSED] - m = m.substring(0, m.indexOf("2024")): null

11-12-2024T08:06:01 - [TEST_STEP][PASSED] - m = m.trim(): null

11-12-2024T08:06:01 - [TEST_STEP][PASSED] - dashboardName = "Выполнение бизнес-плана": null

11-12-2024T08:06:01 - [TEST_STEP][PASSED] - workbook01 = getWorkbook(excelFilePath): null

11-12-2024T08:06:01 - [TEST_STEP][PASSED] - sheet01 = getExcelSheet(workbook01, sheetName): null

11-12-2024T08:06:01 - [TEST_STEP][PASSED] - setValueToCellByIndex(sheet01, n, 0, dashboardName): null

11-12-2024T08:06:01 - [TEST_STEP][PASSED] - setValueToCellByIndex(sheet01, n, 1, dZO): null

11-12-2024T08:06:01 - [TEST_STEP][PASSED] - setValueToCellByIndex(sheet01, n, 2, typeOfData): null

11-12-2024T08:06:01 - [TEST_STEP][PASSED] - if (typeOfData == "Факт в процентах" || typeOfData == "План в процентах"): null

11-12-2024T08:06:01 - [TEST_STEP][PASSED] - else: null

11-12-2024T08:06:01 - [TEST_STEP][PASSED] - setValueToCellByIndex(sheet01, n, 3, fileInt): null

11-12-2024T08:06:01 - [TEST_STEP][PASSED] - setValueToCellByIndex(sheet01, n, 4, "нет данных"): null

11-12-2024T08:06:01 - [TEST_STEP][PASSED] - setValueToCellByIndex(sheet01, n, 5, m): null

11-12-2024T08:06:01 - [TEST_STEP][PASSED] - setValueToCellByIndex(sheet01, n, 6, y): null

11-12-2024T08:06:01 - [TEST_STEP][PASSED] - setValueToCellByIndex(sheet01, n, 7, todaysDate): null

11-12-2024T08:06:01 - [TEST_STEP][PASSED] - n = n + 1: null

11-12-2024T08:06:01 - [TEST_STEP][PASSED] - saveWorkbook(excelFilePath, workbook01): null

11-12-2024T08:06:01 - [TEST_STEP][PASSED] - typeOfData = "План Отпуск в сеть": null

11-12-2024T08:06:01 - [TEST_STEP][PASSED] - fileInt = replaceAll("\s+", "").toInteger(): null

11-12-2024T08:06:01 - [TEST_STEP][PASSED] - Script1718980020443.WriteToExcelNoData(a, typeOfData, todaysDate, fileInt, fileDouble, dZO): null

11-12-2024T08:06:01 - [TEST_STEP][PASSED] - sheetName = "Sheet1": null

11-12-2024T08:06:01 - [TEST_STEP][PASSED] - data = findTestData("PlanFact"): null

11-12-2024T08:06:01 - [TEST_STEP][PASSED] - n = data.getRowNumbers() + 1: null

11-12-2024T08:06:01 - [TEST_STEP][PASSED] - year = todaysDate.substring(todaysDate.length() - 4, todaysDate.length()): null

11-12-2024T08:06:01 - [TEST_STEP][PASSED] - y = year.toInteger(): null

11-12-2024T08:06:01 - [TEST_STEP][PASSED] - m = getText(findTestObject("Выполнение бизнес-плана/Период")): Text of object 'Object Repository/Выполнение бизнес-плана/Период' is: '1, 2, 3 кв., Октябрь 2024 года'

11-12-2024T08:06:02 - [MESSAGE][PASSED] - Text of object 'Object Repository/Выполнение бизнес-плана/Период' is: '1, 2, 3 кв., Октябрь 2024 года'

11-12-2024T08:06:02 - [TEST_STEP][PASSED] - m = m.substring(0, m.indexOf("2024")): null

11-12-2024T08:06:02 - [TEST_STEP][PASSED] - m = m.trim(): null

11-12-2024T08:06:02 - [TEST_STEP][PASSED] - dashboardName = "Выполнение бизнес-плана": null

11-12-2024T08:06:02 - [TEST_STEP][PASSED] - workbook01 = getWorkbook(excelFilePath): null

11-12-2024T08:06:02 - [TEST_STEP][PASSED] - sheet01 = getExcelSheet(workbook01, sheetName): null

11-12-2024T08:06:02 - [TEST_STEP][PASSED] - setValueToCellByIndex(sheet01, n, 0, dashboardName): null

11-12-2024T08:06:02 - [TEST_STEP][PASSED] - setValueToCellByIndex(sheet01, n, 1, dZO): null

11-12-2024T08:06:02 - [TEST_STEP][PASSED] - setValueToCellByIndex(sheet01, n, 2, typeOfData): null

11-12-2024T08:06:02 - [TEST_STEP][PASSED] - if (typeOfData == "Факт в процентах" || typeOfData == "План в процентах"): null

11-12-2024T08:06:02 - [TEST_STEP][PASSED] - else: null

11-12-2024T08:06:02 - [TEST_STEP][PASSED] - setValueToCellByIndex(sheet01, n, 3, fileInt): null

11-12-2024T08:06:02 - [TEST_STEP][PASSED] - setValueToCellByIndex(sheet01, n, 4, "нет данных"): null

11-12-2024T08:06:02 - [TEST_STEP][PASSED] - setValueToCellByIndex(sheet01, n, 5, m): null

11-12-2024T08:06:02 - [TEST_STEP][PASSED] - setValueToCellByIndex(sheet01, n, 6, y): null

11-12-2024T08:06:02 - [TEST_STEP][PASSED] - setValueToCellByIndex(sheet01, n, 7, todaysDate): null

11-12-2024T08:06:02 - [TEST_STEP][PASSED] - n = n + 1: null

11-12-2024T08:06:02 - [TEST_STEP][PASSED] - saveWorkbook(excelFilePath, workbook01): null

11-12-2024T08:06:02 - [TEST_STEP][PASSED] - typeOfData = "План Потери": null

11-12-2024T08:06:02 - [TEST_STEP][PASSED] - fileInt = replaceAll("\s+", "").toInteger(): null

11-12-2024T08:06:02 - [TEST_STEP][PASSED] - Script1718980020443.WriteToExcelNoData(a, typeOfData, todaysDate, fileInt, fileDouble, dZO): null

11-12-2024T08:06:02 - [TEST_STEP][PASSED] - sheetName = "Sheet1": null

11-12-2024T08:06:02 - [TEST_STEP][PASSED] - data = findTestData("PlanFact"): null

11-12-2024T08:06:02 - [TEST_STEP][PASSED] - n = data.getRowNumbers() + 1: null

11-12-2024T08:06:02 - [TEST_STEP][PASSED] - year = todaysDate.substring(todaysDate.length() - 4, todaysDate.length()): null

11-12-2024T08:06:02 - [TEST_STEP][PASSED] - y = year.toInteger(): null

11-12-2024T08:06:02 - [TEST_STEP][PASSED] - m = getText(findTestObject("Выполнение бизнес-плана/Период")): Text of object 'Object Repository/Выполнение бизнес-плана/Период' is: '1, 2, 3 кв., Октябрь 2024 года'

11-12-2024T08:06:02 - [MESSAGE][PASSED] - Text of object 'Object Repository/Выполнение бизнес-плана/Период' is: '1, 2, 3 кв., Октябрь 2024 года'

11-12-2024T08:06:02 - [TEST_STEP][PASSED] - m = m.substring(0, m.indexOf("2024")): null

11-12-2024T08:06:02 - [TEST_STEP][PASSED] - m = m.trim(): null

11-12-2024T08:06:02 - [TEST_STEP][PASSED] - dashboardName = "Выполнение бизнес-плана": null

11-12-2024T08:06:02 - [TEST_STEP][PASSED] - workbook01 = getWorkbook(excelFilePath): null

11-12-2024T08:06:02 - [TEST_STEP][PASSED] - sheet01 = getExcelSheet(workbook01, sheetName): null

11-12-2024T08:06:02 - [TEST_STEP][PASSED] - setValueToCellByIndex(sheet01, n, 0, dashboardName): null

11-12-2024T08:06:02 - [TEST_STEP][PASSED] - setValueToCellByIndex(sheet01, n, 1, dZO): null

11-12-2024T08:06:02 - [TEST_STEP][PASSED] - setValueToCellByIndex(sheet01, n, 2, typeOfData): null

11-12-2024T08:06:02 - [TEST_STEP][PASSED] - if (typeOfData == "Факт в процентах" || typeOfData == "План в процентах"): null

11-12-2024T08:06:02 - [TEST_STEP][PASSED] - else: null

11-12-2024T08:06:02 - [TEST_STEP][PASSED] - setValueToCellByIndex(sheet01, n, 3, fileInt): null

11-12-2024T08:06:02 - [TEST_STEP][PASSED] - setValueToCellByIndex(sheet01, n, 4, "нет данных"): null

11-12-2024T08:06:02 - [TEST_STEP][PASSED] - setValueToCellByIndex(sheet01, n, 5, m): null

11-12-2024T08:06:02 - [TEST_STEP][PASSED] - setValueToCellByIndex(sheet01, n, 6, y): null

11-12-2024T08:06:02 - [TEST_STEP][PASSED] - setValueToCellByIndex(sheet01, n, 7, todaysDate): null

11-12-2024T08:06:02 - [TEST_STEP][PASSED] - n = n + 1: null

11-12-2024T08:06:02 - [TEST_STEP][PASSED] - saveWorkbook(excelFilePath, workbook01): null

11-12-2024T08:06:02 - [TEST_STEP][PASSED] - typeOfData = "План в процентах": null

11-12-2024T08:06:02 - [TEST_STEP][PASSED] - fileDouble = ").toDouble(): null

11-12-2024T08:06:02 - [TEST_STEP][PASSED] - Script1718980020443.WriteToExcelNoData(a, typeOfData, todaysDate, fileInt, fileDouble, dZO): null

11-12-2024T08:06:02 - [TEST_STEP][PASSED] - sheetName = "Sheet1": null

11-12-2024T08:06:02 - [TEST_STEP][PASSED] - data = findTestData("PlanFact"): null

11-12-2024T08:06:03 - [TEST_STEP][PASSED] - n = data.getRowNumbers() + 1: null

11-12-2024T08:06:03 - [TEST_STEP][PASSED] - year = todaysDate.substring(todaysDate.length() - 4, todaysDate.length()): null

11-12-2024T08:06:03 - [TEST_STEP][PASSED] - y = year.toInteger(): null

11-12-2024T08:06:03 - [TEST_STEP][PASSED] - m = getText(findTestObject("Выполнение бизнес-плана/Период")): Text of object 'Object Repository/Выполнение бизнес-плана/Период' is: '1, 2, 3 кв., Октябрь 2024 года'

11-12-2024T08:06:03 - [MESSAGE][PASSED] - Text of object 'Object Repository/Выполнение бизнес-плана/Период' is: '1, 2, 3 кв., Октябрь 2024 года'

11-12-2024T08:06:03 - [TEST_STEP][PASSED] - m = m.substring(0, m.indexOf("2024")): null

11-12-2024T08:06:03 - [TEST_STEP][PASSED] - m = m.trim(): null

11-12-2024T08:06:03 - [TEST_STEP][PASSED] - dashboardName = "Выполнение бизнес-плана": null

11-12-2024T08:06:03 - [TEST_STEP][PASSED] - workbook01 = getWorkbook(excelFilePath): null

11-12-2024T08:06:03 - [TEST_STEP][PASSED] - sheet01 = getExcelSheet(workbook01, sheetName): null

11-12-2024T08:06:03 - [TEST_STEP][PASSED] - setValueToCellByIndex(sheet01, n, 0, dashboardName): null

11-12-2024T08:06:03 - [TEST_STEP][PASSED] - setValueToCellByIndex(sheet01, n, 1, dZO): null

11-12-2024T08:06:03 - [TEST_STEP][PASSED] - setValueToCellByIndex(sheet01, n, 2, typeOfData): null

11-12-2024T08:06:03 - [TEST_STEP][PASSED] - if (typeOfData == "Факт в процентах" || typeOfData == "План в процентах"): null

11-12-2024T08:06:03 - [TEST_STEP][PASSED] - setValueToCellByIndex(sheet01, n, 3, fileDouble): null

11-12-2024T08:06:03 - [TEST_STEP][PASSED] - setValueToCellByIndex(sheet01, n, 4, "нет данных"): null

11-12-2024T08:06:03 - [TEST_STEP][PASSED] - setValueToCellByIndex(sheet01, n, 5, m): null

11-12-2024T08:06:03 - [TEST_STEP][PASSED] - setValueToCellByIndex(sheet01, n, 6, y): null

11-12-2024T08:06:03 - [TEST_STEP][PASSED] - setValueToCellByIndex(sheet01, n, 7, todaysDate): null

11-12-2024T08:06:03 - [TEST_STEP][PASSED] - n = n + 1: null

11-12-2024T08:06:03 - [TEST_STEP][PASSED] - saveWorkbook(excelFilePath, workbook01): null

11-12-2024T08:06:03 - [TEST_STEP][PASSED] - typeOfData = "Факт в процентах": null

11-12-2024T08:06:03 - [TEST_STEP][PASSED] - fileDouble = ").toDouble(): null

11-12-2024T08:06:03 - [TEST_STEP][PASSED] - Script1718980020443.WriteToExcelNoData(a, typeOfData, todaysDate, fileInt, fileDouble, dZO): null

11-12-2024T08:06:03 - [TEST_STEP][PASSED] - sheetName = "Sheet1": null

11-12-2024T08:06:03 - [TEST_STEP][PASSED] - data = findTestData("PlanFact"): null

11-12-2024T08:06:03 - [TEST_STEP][PASSED] - n = data.getRowNumbers() + 1: null

11-12-2024T08:06:03 - [TEST_STEP][PASSED] - year = todaysDate.substring(todaysDate.length() - 4, todaysDate.length()): null

11-12-2024T08:06:03 - [TEST_STEP][PASSED] - y = year.toInteger(): null

11-12-2024T08:06:03 - [TEST_STEP][PASSED] - m = getText(findTestObject("Выполнение бизнес-плана/Период")): Text of object 'Object Repository/Выполнение бизнес-плана/Период' is: '1, 2, 3 кв., Октябрь 2024 года'

11-12-2024T08:06:04 - [MESSAGE][PASSED] - Text of object 'Object Repository/Выполнение бизнес-плана/Период' is: '1, 2, 3 кв., Октябрь 2024 года'

11-12-2024T08:06:04 - [TEST_STEP][PASSED] - m = m.substring(0, m.indexOf("2024")): null

11-12-2024T08:06:04 - [TEST_STEP][PASSED] - m = m.trim(): null

11-12-2024T08:06:04 - [TEST_STEP][PASSED] - dashboardName = "Выполнение бизнес-плана": null

11-12-2024T08:06:04 - [TEST_STEP][PASSED] - workbook01 = getWorkbook(excelFilePath): null

11-12-2024T08:06:04 - [TEST_STEP][PASSED] - sheet01 = getExcelSheet(workbook01, sheetName): null

11-12-2024T08:06:04 - [TEST_STEP][PASSED] - setValueToCellByIndex(sheet01, n, 0, dashboardName): null

11-12-2024T08:06:04 - [TEST_STEP][PASSED] - setValueToCellByIndex(sheet01, n, 1, dZO): null

11-12-2024T08:06:04 - [TEST_STEP][PASSED] - setValueToCellByIndex(sheet01, n, 2, typeOfData): null

11-12-2024T08:06:04 - [TEST_STEP][PASSED] - if (typeOfData == "Факт в процентах" || typeOfData == "План в процентах"): null

11-12-2024T08:06:04 - [TEST_STEP][PASSED] - setValueToCellByIndex(sheet01, n, 3, fileDouble): null

11-12-2024T08:06:04 - [TEST_STEP][PASSED] - setValueToCellByIndex(sheet01, n, 4, "нет данных"): null

11-12-2024T08:06:04 - [TEST_STEP][PASSED] - setValueToCellByIndex(sheet01, n, 5, m): null

11-12-2024T08:06:04 - [TEST_STEP][PASSED] - setValueToCellByIndex(sheet01, n, 6, y): null

11-12-2024T08:06:04 - [TEST_STEP][PASSED] - setValueToCellByIndex(sheet01, n, 7, todaysDate): null

11-12-2024T08:06:04 - [TEST_STEP][PASSED] - n = n + 1: null

11-12-2024T08:06:04 - [TEST_STEP][PASSED] - saveWorkbook(excelFilePath, workbook01): null

11-12-2024T08:06:04 - [TEST_STEP][PASSED] - println(dzoNum): null

11-12-2024T08:06:04 - [TEST_STEP][PASSED] - dZO = "Россети Центр (ГК)": null

11-12-2024T08:06:04 - [TEST_STEP][PASSED] - a = 1: null

11-12-2024T08:06:04 - [TEST_STEP][PASSED] - if (x1.contains(dZO)): null

11-12-2024T08:06:04 - [TEST_STEP][PASSED] - dzoNum = dzoNum + 1: null

11-12-2024T08:06:04 - [TEST_STEP][PASSED] - Script1718980020443.Numbers(a, typeOfData, todaysDate, pageInt, fileInt, pageDouble, fileDouble, dZO, dzoNum, filialNum): null

11-12-2024T08:06:04 - [TEST_STEP][PASSED] - println(dzoNum): null

11-12-2024T08:06:04 - [TEST_STEP][PASSED] - planFact = <not implemented yet for class: org.codehaus.groovy.ast.expr.EmptyExpression>: null

11-12-2024T08:06:04 - [TEST_STEP][PASSED] - page = <not implemented yet for class: org.codehaus.groovy.ast.expr.EmptyExpression>: null

11-12-2024T08:06:04 - [TEST_STEP][PASSED] - page1 = <not implemented yet for class: org.codehaus.groovy.ast.expr.EmptyExpression>: null

11-12-2024T08:06:04 - [TEST_STEP][PASSED] - page2 = <not implemented yet for class: org.codehaus.groovy.ast.expr.EmptyExpression>: null

11-12-2024T08:06:04 - [TEST_STEP][PASSED] - filialNumberInRow = <not implemented yet for class: org.codehaus.groovy.ast.expr.EmptyExpression>: null

11-12-2024T08:06:04 - [TEST_STEP][PASSED] - filialsDzoNames = <not implemented yet for class: org.codehaus.groovy.ast.expr.EmptyExpression>: null

11-12-2024T08:06:04 - [TEST_STEP][PASSED] - numberOfFilials = <not implemented yet for class: org.codehaus.groovy.ast.expr.EmptyExpression>: null

11-12-2024T08:06:04 - [TEST_STEP][PASSED] - numberOfSpaces = <not implemented yet for class: org.codehaus.groovy.ast.expr.EmptyExpression>: null

11-12-2024T08:06:04 - [TEST_STEP][PASSED] - file = <not implemented yet for class: org.codehaus.groovy.ast.expr.EmptyExpression>: null

11-12-2024T08:06:04 - [TEST_STEP][PASSED] - otpusk = <not implemented yet for class: org.codehaus.groovy.ast.expr.EmptyExpression>: null

11-12-2024T08:06:04 - [TEST_STEP][PASSED] - poteri = <not implemented yet for class: org.codehaus.groovy.ast.expr.EmptyExpression>: null

11-12-2024T08:06:04 - [TEST_STEP][PASSED] - dataFolder = "Выполнение бизнес-плана/Значения со страницы Выполнение бизнес-плана/": null

11-12-2024T08:06:04 - [TEST_STEP][PASSED] - path = <not implemented yet for class: org.codehaus.groovy.ast.expr.EmptyExpression>: null

11-12-2024T08:06:04 - [TEST_STEP][PASSED] - typeOfDataMain = <not implemented yet for class: org.codehaus.groovy.ast.expr.EmptyExpression>: null

11-12-2024T08:06:04 - [TEST_STEP][PASSED] - fileOtpuskVSet = <not implemented yet for class: org.codehaus.groovy.ast.expr.EmptyExpression>: null

11-12-2024T08:06:04 - [TEST_STEP][PASSED] - pageOtpuskVSet = <not implemented yet for class: org.codehaus.groovy.ast.expr.EmptyExpression>: null

11-12-2024T08:06:04 - [TEST_STEP][PASSED] - filePoteri = <not implemented yet for class: org.codehaus.groovy.ast.expr.EmptyExpression>: null

11-12-2024T08:06:04 - [TEST_STEP][PASSED] - pagePoteri = <not implemented yet for class: org.codehaus.groovy.ast.expr.EmptyExpression>: null

11-12-2024T08:06:04 - [TEST_STEP][PASSED] - compare = <not implemented yet for class: org.codehaus.groovy.ast.expr.EmptyExpression>: null

11-12-2024T08:06:04 - [TEST_STEP][PASSED] - b = <not implemented yet for class: org.codehaus.groovy.ast.expr.EmptyExpression>: null

11-12-2024T08:06:04 - [TEST_STEP][PASSED] - i = <not implemented yet for class: org.codehaus.groovy.ast.expr.EmptyExpression>: null

11-12-2024T08:06:04 - [TEST_STEP][PASSED] - ii = <not implemented yet for class: org.codehaus.groovy.ast.expr.EmptyExpression>: null

11-12-2024T08:06:04 - [TEST_STEP][PASSED] - c = <not implemented yet for class: org.codehaus.groovy.ast.expr.EmptyExpression>: null

11-12-2024T08:06:04 - [TEST_STEP][PASSED] - numberOfErrors = 0: null

11-12-2024T08:06:04 - [TEST_STEP][PASSED] - if (a == 82): null

11-12-2024T08:06:04 - [TEST_STEP][PASSED] - b = findTestData("PlanFact").getValue(1, a): null

11-12-2024T08:06:04 - [TEST_STEP][PASSED] - i = b.indexOf(" (ГК)"): null

11-12-2024T08:06:04 - [TEST_STEP][PASSED] - if (i > -1): null

11-12-2024T08:06:04 - [TEST_STEP][PASSED] - b = b.substring(0, i): null

11-12-2024T08:06:04 - [TEST_STEP][PASSED] - b = b.trim(): null

11-12-2024T08:06:04 - [TEST_STEP][PASSED] - i = b.indexOf("О ""): null

11-12-2024T08:06:04 - [TEST_STEP][PASSED] - if (i > -1): null

11-12-2024T08:06:04 - [TEST_STEP][PASSED] - i = b.indexOf("О «"): null

11-12-2024T08:06:04 - [TEST_STEP][PASSED] - if (i > -1): null

11-12-2024T08:06:04 - [TEST_STEP][PASSED] - i = b.indexOf("г. "): null

11-12-2024T08:06:04 - [TEST_STEP][PASSED] - if (i > -1): null

11-12-2024T08:06:04 - [TEST_STEP][PASSED] - println(b): null

11-12-2024T08:06:04 - [TEST_STEP][PASSED] - for ([planFact = 1, planFact < 3, (planFact++)]): null

11-12-2024T08:06:04 - [TEST_STEP][PASSED] - if (planFact == 1): null

11-12-2024T08:06:04 - [TEST_STEP][PASSED] - typeOfDataMain = "Факт": null

11-12-2024T08:06:04 - [TEST_STEP][PASSED] - otpusk = findTestData("PlanFact").getValue(5, a): null

11-12-2024T08:06:04 - [TEST_STEP][PASSED] - poteri = findTestData("PlanFact").getValue(6, a): null

11-12-2024T08:06:04 - [TEST_STEP][PASSED] - otpusk = otpusk.replaceAll("\s+", ""): null

11-12-2024T08:06:04 - [TEST_STEP][PASSED] - poteri = poteri.replaceAll("\s+", ""): null

11-12-2024T08:06:04 - [TEST_STEP][PASSED] - typeOfData = typeOfDataMain + " Отпуск в сеть": null

11-12-2024T08:06:04 - [TEST_STEP][PASSED] - if (a == 82): null

11-12-2024T08:06:04 - [TEST_STEP][PASSED] - else if (a == 84): null

11-12-2024T08:06:04 - [TEST_STEP][PASSED] - else if (a == 52 || a == 72 || a == 28 || a == 73 || a == 77 || a == 74 || a == 65 || a == 36 || a == 44 || a == 53 || a == 80 || a == 54 || a == 1 || a == 18 || a == 59 || a == 81): null

11-12-2024T08:06:04 - [TEST_STEP][PASSED] - path = dataFolder + "Table Data/" + typeOfData + " за отчётный период " + dzoNum: null

11-12-2024T08:06:04 - [TEST_STEP][PASSED] - println(path): null

11-12-2024T08:06:04 - [TEST_STEP][PASSED] - page = getText(findTestObject(path)): Text of object 'Object Repository/Выполнение бизнес-плана/Значения со страницы Выполнение бизнес-плана/Table Data/Факт Отпуск в сеть за отчётный период 6' is: '49 425 284'

11-12-2024T08:06:04 - [MESSAGE][PASSED] - Text of object 'Object Repository/Выполнение бизнес-плана/Значения со страницы Выполнение бизнес-плана/Table Data/Факт Отпуск в сеть за отчётный период 6' is: '49 425 284'

11-12-2024T08:06:04 - [TEST_STEP][PASSED] - page = page.replaceAll("\s+", ""): null

11-12-2024T08:06:04 - [TEST_STEP][PASSED] - fileOtpuskVSet = otpusk.toInteger(): null

11-12-2024T08:06:04 - [TEST_STEP][PASSED] - pageOtpuskVSet = page.toInteger(): null

11-12-2024T08:06:04 - [TEST_STEP][PASSED] - typeOfData = typeOfDataMain + " Потери": null

11-12-2024T08:06:04 - [TEST_STEP][PASSED] - if (a == 82): null

11-12-2024T08:06:04 - [TEST_STEP][PASSED] - else if (a == 84): null

11-12-2024T08:06:04 - [TEST_STEP][PASSED] - else if (a == 52 || a == 72 || a == 28 || a == 73 || a == 77 || a == 74 || a == 65 || a == 36 || a == 44 || a == 53 || a == 80 || a == 54 || a == 1 || a == 18 || a == 59 || a == 81): null

11-12-2024T08:06:04 - [TEST_STEP][PASSED] - path = dataFolder + "Table Data/" + typeOfData + " за отчётный период " + dzoNum: null

11-12-2024T08:06:04 - [TEST_STEP][PASSED] - page = getText(findTestObject(path)): Text of object 'Object Repository/Выполнение бизнес-плана/Значения со страницы Выполнение бизнес-плана/Table Data/Факт Потери за отчётный период 6' is: '4 763 141'

11-12-2024T08:06:05 - [MESSAGE][PASSED] - Text of object 'Object Repository/Выполнение бизнес-плана/Значения со страницы Выполнение бизнес-плана/Table Data/Факт Потери за отчётный период 6' is: '4 763 141'

11-12-2024T08:06:05 - [TEST_STEP][PASSED] - page = page.replaceAll("\s+", ""): null

11-12-2024T08:06:05 - [TEST_STEP][PASSED] - filePoteri = poteri.toInteger(): null

11-12-2024T08:06:05 - [TEST_STEP][PASSED] - pagePoteri = page.toInteger(): null

11-12-2024T08:06:05 - [TEST_STEP][PASSED] - compare = pageOtpuskVSet: null

11-12-2024T08:06:05 - [TEST_STEP][PASSED] - if (compare == fileOtpuskVSet): null

11-12-2024T08:06:05 - [TEST_STEP][PASSED] - else if (compare > fileOtpuskVSet): null

11-12-2024T08:06:05 - [TEST_STEP][PASSED] - else if (compare < fileOtpuskVSet): null

11-12-2024T08:06:05 - [TEST_STEP][PASSED] - compare = compare + 1: null

11-12-2024T08:06:05 - [TEST_STEP][PASSED] - if (compare == fileOtpuskVSet): null

11-12-2024T08:06:05 - [TEST_STEP][PASSED] - else: null

11-12-2024T08:06:05 - [TEST_STEP][PASSED] - numberOfErrors = numberOfErrors + 1: null

11-12-2024T08:06:05 - [TEST_STEP][PASSED] - pageInt = pageOtpuskVSet: null

11-12-2024T08:06:05 - [TEST_STEP][PASSED] - fileInt = fileOtpuskVSet: null

11-12-2024T08:06:05 - [TEST_STEP][PASSED] - typeOfData = typeOfDataMain + " Отпуск в сеть": null

11-12-2024T08:06:05 - [TEST_STEP][PASSED] - Script1718980020443.WriteToExcel(a, typeOfData, todaysDate, pageInt, fileInt, pageDouble, fileDouble, dZO): null

11-12-2024T08:06:05 - [TEST_STEP][PASSED] - sheetName = "Sheet1": null

11-12-2024T08:06:05 - [TEST_STEP][PASSED] - data = findTestData("PlanFact"): null

11-12-2024T08:06:05 - [TEST_STEP][PASSED] - n = data.getRowNumbers() + 1: null

11-12-2024T08:06:05 - [TEST_STEP][PASSED] - year = todaysDate.substring(todaysDate.length() - 4, todaysDate.length()): null

11-12-2024T08:06:05 - [TEST_STEP][PASSED] - y = year.toInteger(): null

11-12-2024T08:06:05 - [TEST_STEP][PASSED] - m = getText(findTestObject("Выполнение бизнес-плана/Период")): Text of object 'Object Repository/Выполнение бизнес-плана/Период' is: '1, 2, 3 кв., Октябрь 2024 года'

11-12-2024T08:06:05 - [MESSAGE][PASSED] - Text of object 'Object Repository/Выполнение бизнес-плана/Период' is: '1, 2, 3 кв., Октябрь 2024 года'

11-12-2024T08:06:05 - [TEST_STEP][PASSED] - m = m.substring(0, m.indexOf("2024")): null

11-12-2024T08:06:05 - [TEST_STEP][PASSED] - m = m.trim(): null

11-12-2024T08:06:05 - [TEST_STEP][PASSED] - dashboardName = "Выполнение бизнес-плана": null

11-12-2024T08:06:05 - [TEST_STEP][PASSED] - workbook01 = getWorkbook(excelFilePath): null

11-12-2024T08:06:05 - [TEST_STEP][PASSED] - sheet01 = getExcelSheet(workbook01, sheetName): null

11-12-2024T08:06:05 - [TEST_STEP][PASSED] - setValueToCellByIndex(sheet01, n, 0, dashboardName): null

11-12-2024T08:06:05 - [TEST_STEP][PASSED] - setValueToCellByIndex(sheet01, n, 1, dZO): null

11-12-2024T08:06:05 - [TEST_STEP][PASSED] - setValueToCellByIndex(sheet01, n, 2, typeOfData): null

11-12-2024T08:06:05 - [TEST_STEP][PASSED] - if (typeOfData == "Факт в процентах" || typeOfData == "План в процентах"): null

11-12-2024T08:06:05 - [TEST_STEP][PASSED] - else: null

11-12-2024T08:06:05 - [TEST_STEP][PASSED] - setValueToCellByIndex(sheet01, n, 3, fileInt): null

11-12-2024T08:06:05 - [TEST_STEP][PASSED] - setValueToCellByIndex(sheet01, n, 4, pageInt): null

11-12-2024T08:06:05 - [TEST_STEP][PASSED] - setValueToCellByIndex(sheet01, n, 5, m): null

11-12-2024T08:06:05 - [TEST_STEP][PASSED] - setValueToCellByIndex(sheet01, n, 6, y): null

11-12-2024T08:06:05 - [TEST_STEP][PASSED] - setValueToCellByIndex(sheet01, n, 7, todaysDate): null

11-12-2024T08:06:05 - [TEST_STEP][PASSED] - n = n + 1: null

11-12-2024T08:06:05 - [TEST_STEP][PASSED] - saveWorkbook(excelFilePath, workbook01): null

11-12-2024T08:06:05 - [TEST_STEP][PASSED] - compare = pagePoteri: null

11-12-2024T08:06:05 - [TEST_STEP][PASSED] - if (compare == filePoteri): null

11-12-2024T08:06:05 - [TEST_STEP][PASSED] - else if (compare > filePoteri): null

11-12-2024T08:06:05 - [TEST_STEP][PASSED] - else if (compare < filePoteri): null

11-12-2024T08:06:05 - [TEST_STEP][PASSED] - compare = compare + 1: null

11-12-2024T08:06:05 - [TEST_STEP][PASSED] - if (compare == filePoteri): null

11-12-2024T08:06:05 - [TEST_STEP][PASSED] - else: null

11-12-2024T08:06:05 - [TEST_STEP][PASSED] - numberOfErrors = numberOfErrors + 1: null

11-12-2024T08:06:05 - [TEST_STEP][PASSED] - pageInt = pagePoteri: null

11-12-2024T08:06:05 - [TEST_STEP][PASSED] - fileInt = filePoteri: null

11-12-2024T08:06:05 - [TEST_STEP][PASSED] - typeOfData = typeOfDataMain + " Потери": null

11-12-2024T08:06:05 - [TEST_STEP][PASSED] - Script1718980020443.WriteToExcel(a, typeOfData, todaysDate, pageInt, fileInt, pageDouble, fileDouble, dZO): null

11-12-2024T08:06:05 - [TEST_STEP][PASSED] - sheetName = "Sheet1": null

11-12-2024T08:06:05 - [TEST_STEP][PASSED] - data = findTestData("PlanFact"): null

11-12-2024T08:06:05 - [TEST_STEP][PASSED] - n = data.getRowNumbers() + 1: null

11-12-2024T08:06:05 - [TEST_STEP][PASSED] - year = todaysDate.substring(todaysDate.length() - 4, todaysDate.length()): null

11-12-2024T08:06:05 - [TEST_STEP][PASSED] - y = year.toInteger(): null

11-12-2024T08:06:05 - [TEST_STEP][PASSED] - m = getText(findTestObject("Выполнение бизнес-плана/Период")): Text of object 'Object Repository/Выполнение бизнес-плана/Период' is: '1, 2, 3 кв., Октябрь 2024 года'

11-12-2024T08:06:06 - [MESSAGE][PASSED] - Text of object 'Object Repository/Выполнение бизнес-плана/Период' is: '1, 2, 3 кв., Октябрь 2024 года'

11-12-2024T08:06:06 - [TEST_STEP][PASSED] - m = m.substring(0, m.indexOf("2024")): null

11-12-2024T08:06:06 - [TEST_STEP][PASSED] - m = m.trim(): null

11-12-2024T08:06:06 - [TEST_STEP][PASSED] - dashboardName = "Выполнение бизнес-плана": null

11-12-2024T08:06:06 - [TEST_STEP][PASSED] - workbook01 = getWorkbook(excelFilePath): null

11-12-2024T08:06:06 - [TEST_STEP][PASSED] - sheet01 = getExcelSheet(workbook01, sheetName): null

11-12-2024T08:06:06 - [TEST_STEP][PASSED] - setValueToCellByIndex(sheet01, n, 0, dashboardName): null

11-12-2024T08:06:06 - [TEST_STEP][PASSED] - setValueToCellByIndex(sheet01, n, 1, dZO): null

11-12-2024T08:06:06 - [TEST_STEP][PASSED] - setValueToCellByIndex(sheet01, n, 2, typeOfData): null

11-12-2024T08:06:06 - [TEST_STEP][PASSED] - if (typeOfData == "Факт в процентах" || typeOfData == "План в процентах"): null

11-12-2024T08:06:06 - [TEST_STEP][PASSED] - else: null

11-12-2024T08:06:06 - [TEST_STEP][PASSED] - setValueToCellByIndex(sheet01, n, 3, fileInt): null

11-12-2024T08:06:06 - [TEST_STEP][PASSED] - setValueToCellByIndex(sheet01, n, 4, pageInt): null

11-12-2024T08:06:06 - [TEST_STEP][PASSED] - setValueToCellByIndex(sheet01, n, 5, m): null

11-12-2024T08:06:06 - [TEST_STEP][PASSED] - setValueToCellByIndex(sheet01, n, 6, y): null

11-12-2024T08:06:06 - [TEST_STEP][PASSED] - setValueToCellByIndex(sheet01, n, 7, todaysDate): null

11-12-2024T08:06:06 - [TEST_STEP][PASSED] - n = n + 1: null

11-12-2024T08:06:06 - [TEST_STEP][PASSED] - saveWorkbook(excelFilePath, workbook01): null

11-12-2024T08:06:06 - [TEST_STEP][PASSED] - if (planFact == 2): null

11-12-2024T08:06:06 - [TEST_STEP][PASSED] - if (planFact == 1): null

11-12-2024T08:06:06 - [TEST_STEP][PASSED] - else if (planFact == 2): null

11-12-2024T08:06:06 - [TEST_STEP][PASSED] - click(findTestObject("Выполнение бизнес-плана/Кнопка План")): Object: 'Object Repository/Выполнение бизнес-плана/Кнопка План' is clicked on

11-12-2024T08:06:06 - [MESSAGE][PASSED] - Object: 'Object Repository/Выполнение бизнес-плана/Кнопка План' is clicked on

11-12-2024T08:06:06 - [TEST_STEP][PASSED] - typeOfDataMain = "План": null

11-12-2024T08:06:06 - [TEST_STEP][PASSED] - otpusk = findTestData("PlanFact").getValue(2, a): null

11-12-2024T08:06:06 - [TEST_STEP][PASSED] - poteri = findTestData("PlanFact").getValue(3, a): null

11-12-2024T08:06:06 - [TEST_STEP][PASSED] - otpusk = otpusk.replaceAll("\s+", ""): null

11-12-2024T08:06:06 - [TEST_STEP][PASSED] - poteri = poteri.replaceAll("\s+", ""): null

11-12-2024T08:06:06 - [TEST_STEP][PASSED] - typeOfData = typeOfDataMain + " Отпуск в сеть": null

11-12-2024T08:06:06 - [TEST_STEP][PASSED] - if (a == 82): null

11-12-2024T08:06:06 - [TEST_STEP][PASSED] - else if (a == 84): null

11-12-2024T08:06:06 - [TEST_STEP][PASSED] - else if (a == 52 || a == 72 || a == 28 || a == 73 || a == 77 || a == 74 || a == 65 || a == 36 || a == 44 || a == 53 || a == 80 || a == 54 || a == 1 || a == 18 || a == 59 || a == 81): null

11-12-2024T08:06:06 - [TEST_STEP][PASSED] - path = dataFolder + "Table Data/" + typeOfData + " за отчётный период " + dzoNum: null

11-12-2024T08:06:06 - [TEST_STEP][PASSED] - println(path): null

11-12-2024T08:06:06 - [TEST_STEP][PASSED] - page = getText(findTestObject(path)): Text of object 'Object Repository/Выполнение бизнес-плана/Значения со страницы Выполнение бизнес-плана/Table Data/План Отпуск в сеть за отчётный период 6' is: '48 037 333'

11-12-2024T08:06:07 - [MESSAGE][PASSED] - Text of object 'Object Repository/Выполнение бизнес-плана/Значения со страницы Выполнение бизнес-плана/Table Data/План Отпуск в сеть за отчётный период 6' is: '48 037 333'

11-12-2024T08:06:07 - [TEST_STEP][PASSED] - page = page.replaceAll("\s+", ""): null

11-12-2024T08:06:07 - [TEST_STEP][PASSED] - fileOtpuskVSet = otpusk.toInteger(): null

11-12-2024T08:06:07 - [TEST_STEP][PASSED] - pageOtpuskVSet = page.toInteger(): null

11-12-2024T08:06:07 - [TEST_STEP][PASSED] - typeOfData = typeOfDataMain + " Потери": null

11-12-2024T08:06:07 - [TEST_STEP][PASSED] - if (a == 82): null

11-12-2024T08:06:07 - [TEST_STEP][PASSED] - else if (a == 84): null

11-12-2024T08:06:07 - [TEST_STEP][PASSED] - else if (a == 52 || a == 72 || a == 28 || a == 73 || a == 77 || a == 74 || a == 65 || a == 36 || a == 44 || a == 53 || a == 80 || a == 54 || a == 1 || a == 18 || a == 59 || a == 81): null

11-12-2024T08:06:07 - [TEST_STEP][PASSED] - path = dataFolder + "Table Data/" + typeOfData + " за отчётный период " + dzoNum: null

11-12-2024T08:06:07 - [TEST_STEP][PASSED] - page = getText(findTestObject(path)): Text of object 'Object Repository/Выполнение бизнес-плана/Значения со страницы Выполнение бизнес-плана/Table Data/План Потери за отчётный период 6' is: '4 869 656'

11-12-2024T08:06:07 - [MESSAGE][PASSED] - Text of object 'Object Repository/Выполнение бизнес-плана/Значения со страницы Выполнение бизнес-плана/Table Data/План Потери за отчётный период 6' is: '4 869 656'

11-12-2024T08:06:07 - [TEST_STEP][PASSED] - page = page.replaceAll("\s+", ""): null

11-12-2024T08:06:07 - [TEST_STEP][PASSED] - filePoteri = poteri.toInteger(): null

11-12-2024T08:06:07 - [TEST_STEP][PASSED] - pagePoteri = page.toInteger(): null

11-12-2024T08:06:07 - [TEST_STEP][PASSED] - compare = pageOtpuskVSet: null

11-12-2024T08:06:07 - [TEST_STEP][PASSED] - if (compare == fileOtpuskVSet): null

11-12-2024T08:06:07 - [TEST_STEP][PASSED] - else if (compare > fileOtpuskVSet): null

11-12-2024T08:06:07 - [TEST_STEP][PASSED] - else if (compare < fileOtpuskVSet): null

11-12-2024T08:06:07 - [TEST_STEP][PASSED] - compare = compare + 1: null

11-12-2024T08:06:07 - [TEST_STEP][PASSED] - if (compare == fileOtpuskVSet): null

11-12-2024T08:06:07 - [TEST_STEP][PASSED] - else: null

11-12-2024T08:06:07 - [TEST_STEP][PASSED] - numberOfErrors = numberOfErrors + 1: null

11-12-2024T08:06:07 - [TEST_STEP][PASSED] - pageInt = pageOtpuskVSet: null

11-12-2024T08:06:07 - [TEST_STEP][PASSED] - fileInt = fileOtpuskVSet: null

11-12-2024T08:06:07 - [TEST_STEP][PASSED] - typeOfData = typeOfDataMain + " Отпуск в сеть": null

11-12-2024T08:06:07 - [TEST_STEP][PASSED] - Script1718980020443.WriteToExcel(a, typeOfData, todaysDate, pageInt, fileInt, pageDouble, fileDouble, dZO): null

11-12-2024T08:06:07 - [TEST_STEP][PASSED] - sheetName = "Sheet1": null

11-12-2024T08:06:07 - [TEST_STEP][PASSED] - data = findTestData("PlanFact"): null

11-12-2024T08:06:07 - [TEST_STEP][PASSED] - n = data.getRowNumbers() + 1: null

11-12-2024T08:06:07 - [TEST_STEP][PASSED] - year = todaysDate.substring(todaysDate.length() - 4, todaysDate.length()): null

11-12-2024T08:06:07 - [TEST_STEP][PASSED] - y = year.toInteger(): null

11-12-2024T08:06:07 - [TEST_STEP][PASSED] - m = getText(findTestObject("Выполнение бизнес-плана/Период")): Text of object 'Object Repository/Выполнение бизнес-плана/Период' is: '1, 2, 3 кв., Октябрь 2024 года'

11-12-2024T08:06:07 - [MESSAGE][PASSED] - Text of object 'Object Repository/Выполнение бизнес-плана/Период' is: '1, 2, 3 кв., Октябрь 2024 года'

11-12-2024T08:06:07 - [TEST_STEP][PASSED] - m = m.substring(0, m.indexOf("2024")): null

11-12-2024T08:06:07 - [TEST_STEP][PASSED] - m = m.trim(): null

11-12-2024T08:06:07 - [TEST_STEP][PASSED] - dashboardName = "Выполнение бизнес-плана": null

11-12-2024T08:06:07 - [TEST_STEP][PASSED] - workbook01 = getWorkbook(excelFilePath): null

11-12-2024T08:06:07 - [TEST_STEP][PASSED] - sheet01 = getExcelSheet(workbook01, sheetName): null

11-12-2024T08:06:07 - [TEST_STEP][PASSED] - setValueToCellByIndex(sheet01, n, 0, dashboardName): null

11-12-2024T08:06:07 - [TEST_STEP][PASSED] - setValueToCellByIndex(sheet01, n, 1, dZO): null

11-12-2024T08:06:07 - [TEST_STEP][PASSED] - setValueToCellByIndex(sheet01, n, 2, typeOfData): null

11-12-2024T08:06:07 - [TEST_STEP][PASSED] - if (typeOfData == "Факт в процентах" || typeOfData == "План в процентах"): null

11-12-2024T08:06:07 - [TEST_STEP][PASSED] - else: null

11-12-2024T08:06:07 - [TEST_STEP][PASSED] - setValueToCellByIndex(sheet01, n, 3, fileInt): null

11-12-2024T08:06:07 - [TEST_STEP][PASSED] - setValueToCellByIndex(sheet01, n, 4, pageInt): null

11-12-2024T08:06:07 - [TEST_STEP][PASSED] - setValueToCellByIndex(sheet01, n, 5, m): null

11-12-2024T08:06:07 - [TEST_STEP][PASSED] - setValueToCellByIndex(sheet01, n, 6, y): null

11-12-2024T08:06:07 - [TEST_STEP][PASSED] - setValueToCellByIndex(sheet01, n, 7, todaysDate): null

11-12-2024T08:06:07 - [TEST_STEP][PASSED] - n = n + 1: null

11-12-2024T08:06:07 - [TEST_STEP][PASSED] - saveWorkbook(excelFilePath, workbook01): null

11-12-2024T08:06:08 - [TEST_STEP][PASSED] - compare = pagePoteri: null

11-12-2024T08:06:08 - [TEST_STEP][PASSED] - if (compare == filePoteri): null

11-12-2024T08:06:08 - [TEST_STEP][PASSED] - else if (compare > filePoteri): null

11-12-2024T08:06:08 - [TEST_STEP][PASSED] - else if (compare < filePoteri): null

11-12-2024T08:06:08 - [TEST_STEP][PASSED] - compare = compare + 1: null

11-12-2024T08:06:08 - [TEST_STEP][PASSED] - if (compare == filePoteri): null

11-12-2024T08:06:08 - [TEST_STEP][PASSED] - else: null

11-12-2024T08:06:08 - [TEST_STEP][PASSED] - numberOfErrors = numberOfErrors + 1: null

11-12-2024T08:06:08 - [TEST_STEP][PASSED] - pageInt = pagePoteri: null

11-12-2024T08:06:08 - [TEST_STEP][PASSED] - fileInt = filePoteri: null

11-12-2024T08:06:08 - [TEST_STEP][PASSED] - typeOfData = typeOfDataMain + " Потери": null

11-12-2024T08:06:08 - [TEST_STEP][PASSED] - Script1718980020443.WriteToExcel(a, typeOfData, todaysDate, pageInt, fileInt, pageDouble, fileDouble, dZO): null

11-12-2024T08:06:08 - [TEST_STEP][PASSED] - sheetName = "Sheet1": null

11-12-2024T08:06:08 - [TEST_STEP][PASSED] - data = findTestData("PlanFact"): null

11-12-2024T08:06:08 - [TEST_STEP][PASSED] - n = data.getRowNumbers() + 1: null

11-12-2024T08:06:08 - [TEST_STEP][PASSED] - year = todaysDate.substring(todaysDate.length() - 4, todaysDate.length()): null

11-12-2024T08:06:08 - [TEST_STEP][PASSED] - y = year.toInteger(): null

11-12-2024T08:06:08 - [TEST_STEP][PASSED] - m = getText(findTestObject("Выполнение бизнес-плана/Период")): Text of object 'Object Repository/Выполнение бизнес-плана/Период' is: '1, 2, 3 кв., Октябрь 2024 года'

11-12-2024T08:06:08 - [MESSAGE][PASSED] - Text of object 'Object Repository/Выполнение бизнес-плана/Период' is: '1, 2, 3 кв., Октябрь 2024 года'

11-12-2024T08:06:08 - [TEST_STEP][PASSED] - m = m.substring(0, m.indexOf("2024")): null

11-12-2024T08:06:08 - [TEST_STEP][PASSED] - m = m.trim(): null

11-12-2024T08:06:08 - [TEST_STEP][PASSED] - dashboardName = "Выполнение бизнес-плана": null

11-12-2024T08:06:08 - [TEST_STEP][PASSED] - workbook01 = getWorkbook(excelFilePath): null

11-12-2024T08:06:08 - [TEST_STEP][PASSED] - sheet01 = getExcelSheet(workbook01, sheetName): null

11-12-2024T08:06:08 - [TEST_STEP][PASSED] - setValueToCellByIndex(sheet01, n, 0, dashboardName): null

11-12-2024T08:06:08 - [TEST_STEP][PASSED] - setValueToCellByIndex(sheet01, n, 1, dZO): null

11-12-2024T08:06:08 - [TEST_STEP][PASSED] - setValueToCellByIndex(sheet01, n, 2, typeOfData): null

11-12-2024T08:06:08 - [TEST_STEP][PASSED] - if (typeOfData == "Факт в процентах" || typeOfData == "План в процентах"): null

11-12-2024T08:06:08 - [TEST_STEP][PASSED] - else: null

11-12-2024T08:06:08 - [TEST_STEP][PASSED] - setValueToCellByIndex(sheet01, n, 3, fileInt): null

11-12-2024T08:06:08 - [TEST_STEP][PASSED] - setValueToCellByIndex(sheet01, n, 4, pageInt): null

11-12-2024T08:06:08 - [TEST_STEP][PASSED] - setValueToCellByIndex(sheet01, n, 5, m): null

11-12-2024T08:06:08 - [TEST_STEP][PASSED] - setValueToCellByIndex(sheet01, n, 6, y): null

11-12-2024T08:06:08 - [TEST_STEP][PASSED] - setValueToCellByIndex(sheet01, n, 7, todaysDate): null

11-12-2024T08:06:08 - [TEST_STEP][PASSED] - n = n + 1: null

11-12-2024T08:06:08 - [TEST_STEP][PASSED] - saveWorkbook(excelFilePath, workbook01): Object: 'Object Repository/Выполнение бизнес-плана/Кнопка Факт' is clicked on

11-12-2024T08:06:08 - [TEST_STEP][PASSED] - if (planFact == 2): Object: 'Object Repository/Выполнение бизнес-плана/Кнопка Факт' is clicked on

11-12-2024T08:06:08 - [TEST_STEP][PASSED] - click(findTestObject("Выполнение бизнес-плана/Кнопка Факт")): Object: 'Object Repository/Выполнение бизнес-плана/Кнопка Факт' is clicked on

11-12-2024T08:06:09 - [MESSAGE][PASSED] - Object: 'Object Repository/Выполнение бизнес-плана/Кнопка Факт' is clicked on

11-12-2024T08:06:09 - [TEST_STEP][PASSED] - if (a == 84 || a == 82): null

11-12-2024T08:06:09 - [TEST_STEP][PASSED] - else if (a == 52 || a == 72 || a == 28 || a == 73 || a == 77 || a == 74 || a == 65 || a == 36 || a == 44 || a == 53 || a == 80 || a == 54 || a == 1 || a == 18 || a == 59 || a == 81): null

11-12-2024T08:06:09 - [TEST_STEP][PASSED] - page1 = getText(findTestObject("Object Repository/Выполнение бизнес-плана/spanPlan" + dzoNum)): Text of object 'Object Repository/Выполнение бизнес-плана/spanPlan6' is: '10.14
|'

11-12-2024T08:06:09 - [MESSAGE][PASSED] - Text of object 'Object Repository/Выполнение бизнес-плана/spanPlan6' is: '10.14
|'

11-12-2024T08:06:09 - [TEST_STEP][PASSED] - page1 = page1.replace("|", ""): null

11-12-2024T08:06:09 - [TEST_STEP][PASSED] - page2 = getText(findTestObject("Object Repository/Выполнение бизнес-плана/spanFact" + dzoNum)): Text of object 'Object Repository/Выполнение бизнес-плана/spanFact6' is: '9.64'

11-12-2024T08:06:09 - [MESSAGE][PASSED] - Text of object 'Object Repository/Выполнение бизнес-плана/spanFact6' is: '9.64'

11-12-2024T08:06:09 - [TEST_STEP][PASSED] - page2 = page2.replace("|", ""): null

11-12-2024T08:06:09 - [TEST_STEP][PASSED] - println("page1: " + page1): null

11-12-2024T08:06:09 - [TEST_STEP][PASSED] - println("page2: " + page2): null

11-12-2024T08:06:09 - [TEST_STEP][PASSED] - file = findTestData("PlanFact").getValue(4, a): null

11-12-2024T08:06:09 - [TEST_STEP][PASSED] - file = file.replace(",", "."): null

11-12-2024T08:06:09 - [TEST_STEP][PASSED] - println("file Plan: " + file): null

11-12-2024T08:06:09 - [TEST_STEP][PASSED] - typeOfData = "План в процентах": null

11-12-2024T08:06:09 - [TEST_STEP][PASSED] - fileDouble = file.toDouble(): null

11-12-2024T08:06:09 - [TEST_STEP][PASSED] - pageDouble = page1.toDouble(): null

11-12-2024T08:06:09 - [TEST_STEP][PASSED] - if (fileDouble != pageDouble): null

11-12-2024T08:06:09 - [TEST_STEP][PASSED] - numberOfErrors = numberOfErrors + 1: null

11-12-2024T08:06:09 - [TEST_STEP][PASSED] - Script1718980020443.WriteToExcel(a, typeOfData, todaysDate, pageInt, fileInt, pageDouble, fileDouble, dZO): null

11-12-2024T08:06:09 - [TEST_STEP][PASSED] - sheetName = "Sheet1": null

11-12-2024T08:06:09 - [TEST_STEP][PASSED] - data = findTestData("PlanFact"): null

11-12-2024T08:06:09 - [TEST_STEP][PASSED] - n = data.getRowNumbers() + 1: null

11-12-2024T08:06:09 - [TEST_STEP][PASSED] - year = todaysDate.substring(todaysDate.length() - 4, todaysDate.length()): null

11-12-2024T08:06:09 - [TEST_STEP][PASSED] - y = year.toInteger(): null

11-12-2024T08:06:09 - [TEST_STEP][PASSED] - m = getText(findTestObject("Выполнение бизнес-плана/Период")): Text of object 'Object Repository/Выполнение бизнес-плана/Период' is: '1, 2, 3 кв., Октябрь 2024 года'

11-12-2024T08:06:10 - [MESSAGE][PASSED] - Text of object 'Object Repository/Выполнение бизнес-плана/Период' is: '1, 2, 3 кв., Октябрь 2024 года'

11-12-2024T08:06:10 - [TEST_STEP][PASSED] - m = m.substring(0, m.indexOf("2024")): null

11-12-2024T08:06:10 - [TEST_STEP][PASSED] - m = m.trim(): null

11-12-2024T08:06:10 - [TEST_STEP][PASSED] - dashboardName = "Выполнение бизнес-плана": null

11-12-2024T08:06:10 - [TEST_STEP][PASSED] - workbook01 = getWorkbook(excelFilePath): null

11-12-2024T08:06:10 - [TEST_STEP][PASSED] - sheet01 = getExcelSheet(workbook01, sheetName): null

11-12-2024T08:06:10 - [TEST_STEP][PASSED] - setValueToCellByIndex(sheet01, n, 0, dashboardName): null

11-12-2024T08:06:10 - [TEST_STEP][PASSED] - setValueToCellByIndex(sheet01, n, 1, dZO): null

11-12-2024T08:06:10 - [TEST_STEP][PASSED] - setValueToCellByIndex(sheet01, n, 2, typeOfData): null

11-12-2024T08:06:10 - [TEST_STEP][PASSED] - if (typeOfData == "Факт в процентах" || typeOfData == "План в процентах"): null

11-12-2024T08:06:10 - [TEST_STEP][PASSED] - setValueToCellByIndex(sheet01, n, 3, fileDouble): null

11-12-2024T08:06:10 - [TEST_STEP][PASSED] - setValueToCellByIndex(sheet01, n, 4, pageDouble): null

11-12-2024T08:06:10 - [TEST_STEP][PASSED] - setValueToCellByIndex(sheet01, n, 5, m): null

11-12-2024T08:06:10 - [TEST_STEP][PASSED] - setValueToCellByIndex(sheet01, n, 6, y): null

11-12-2024T08:06:10 - [TEST_STEP][PASSED] - setValueToCellByIndex(sheet01, n, 7, todaysDate): null

11-12-2024T08:06:10 - [TEST_STEP][PASSED] - n = n + 1: null

11-12-2024T08:06:10 - [TEST_STEP][PASSED] - saveWorkbook(excelFilePath, workbook01): null

11-12-2024T08:06:10 - [TEST_STEP][PASSED] - file = findTestData("PlanFact").getValue(7, a): null

11-12-2024T08:06:10 - [TEST_STEP][PASSED] - file = file.replace(",", "."): null

11-12-2024T08:06:10 - [TEST_STEP][PASSED] - println("file Fact: " + file): null

11-12-2024T08:06:10 - [TEST_STEP][PASSED] - fileDouble = file.toDouble(): null

11-12-2024T08:06:10 - [TEST_STEP][PASSED] - typeOfData = "Факт в процентах": null

11-12-2024T08:06:10 - [TEST_STEP][PASSED] - fileDouble = file.toDouble(): null

11-12-2024T08:06:10 - [TEST_STEP][PASSED] - pageDouble = page2.toDouble(): null

11-12-2024T08:06:10 - [TEST_STEP][PASSED] - if (fileDouble != pageDouble): null

11-12-2024T08:06:10 - [TEST_STEP][PASSED] - numberOfErrors = numberOfErrors + 1: null

11-12-2024T08:06:10 - [TEST_STEP][PASSED] - Script1718980020443.WriteToExcel(a, typeOfData, todaysDate, pageInt, fileInt, pageDouble, fileDouble, dZO): null

11-12-2024T08:06:10 - [TEST_STEP][PASSED] - sheetName = "Sheet1": null

11-12-2024T08:06:10 - [TEST_STEP][PASSED] - data = findTestData("PlanFact"): null

11-12-2024T08:06:10 - [TEST_STEP][PASSED] - n = data.getRowNumbers() + 1: null

11-12-2024T08:06:10 - [TEST_STEP][PASSED] - year = todaysDate.substring(todaysDate.length() - 4, todaysDate.length()): null

11-12-2024T08:06:10 - [TEST_STEP][PASSED] - y = year.toInteger(): null

11-12-2024T08:06:10 - [TEST_STEP][PASSED] - m = getText(findTestObject("Выполнение бизнес-плана/Период")): Text of object 'Object Repository/Выполнение бизнес-плана/Период' is: '1, 2, 3 кв., Октябрь 2024 года'

11-12-2024T08:06:10 - [MESSAGE][PASSED] - Text of object 'Object Repository/Выполнение бизнес-плана/Период' is: '1, 2, 3 кв., Октябрь 2024 года'

11-12-2024T08:06:10 - [TEST_STEP][PASSED] - m = m.substring(0, m.indexOf("2024")): null

11-12-2024T08:06:10 - [TEST_STEP][PASSED] - m = m.trim(): null

11-12-2024T08:06:10 - [TEST_STEP][PASSED] - dashboardName = "Выполнение бизнес-плана": null

11-12-2024T08:06:10 - [TEST_STEP][PASSED] - workbook01 = getWorkbook(excelFilePath): null

11-12-2024T08:06:10 - [TEST_STEP][PASSED] - sheet01 = getExcelSheet(workbook01, sheetName): null

11-12-2024T08:06:10 - [TEST_STEP][PASSED] - setValueToCellByIndex(sheet01, n, 0, dashboardName): null

11-12-2024T08:06:10 - [TEST_STEP][PASSED] - setValueToCellByIndex(sheet01, n, 1, dZO): null

11-12-2024T08:06:10 - [TEST_STEP][PASSED] - setValueToCellByIndex(sheet01, n, 2, typeOfData): null

11-12-2024T08:06:10 - [TEST_STEP][PASSED] - if (typeOfData == "Факт в процентах" || typeOfData == "План в процентах"): null

11-12-2024T08:06:10 - [TEST_STEP][PASSED] - setValueToCellByIndex(sheet01, n, 3, fileDouble): null

11-12-2024T08:06:10 - [TEST_STEP][PASSED] - setValueToCellByIndex(sheet01, n, 4, pageDouble): null

11-12-2024T08:06:10 - [TEST_STEP][PASSED] - setValueToCellByIndex(sheet01, n, 5, m): null

11-12-2024T08:06:10 - [TEST_STEP][PASSED] - setValueToCellByIndex(sheet01, n, 6, y): null

11-12-2024T08:06:10 - [TEST_STEP][PASSED] - setValueToCellByIndex(sheet01, n, 7, todaysDate): null

11-12-2024T08:06:10 - [TEST_STEP][PASSED] - n = n + 1: null

11-12-2024T08:06:10 - [TEST_STEP][PASSED] - saveWorkbook(excelFilePath, workbook01): null

11-12-2024T08:06:10 - [TEST_STEP][FAILED] - if (verifyEqual(numberOfErrors, 0) == false): null

11-12-2024T08:06:10 - [MESSAGE][FAILED] - Unable to verify equal between actual object '6' and expected object '0' (Root cause: com.kms.katalon.core.exception.StepFailedException: Actual object '6' and expected object '0' are not equal
	at com.kms.katalon.core.keyword.builtin.VerifyEqualKeyword$_verifyEqual_closure1.doCall(VerifyEqualKeyword.groovy:58)
	at com.kms.katalon.core.keyword.builtin.VerifyEqualKeyword$_verifyEqual_closure1.call(VerifyEqualKeyword.groovy)
	at com.kms.katalon.core.keyword.internal.KeywordMain.runKeyword(KeywordMain.groovy:75)
	at com.kms.katalon.core.keyword.builtin.VerifyEqualKeyword.verifyEqual(VerifyEqualKeyword.groovy:63)
	at com.kms.katalon.core.keyword.builtin.VerifyEqualKeyword.execute(VerifyEqualKeyword.groovy:44)
	at com.kms.katalon.core.keyword.internal.KeywordExecutor.executeKeywordForPlatform(KeywordExecutor.groovy:74)
	at com.kms.katalon.core.keyword.BuiltinKeywords.verifyEqual(BuiltinKeywords.groovy:146)
	at jdk.internal.reflect.GeneratedMethodAccessor24.invoke(Unknown Source)
	at java.base/jdk.internal.reflect.DelegatingMethodAccessorImpl.invoke(DelegatingMethodAccessorImpl.java:43)
	at Выполнение бизнес-плана Сверка ПАО Россети все филиалы.Numbers(Выполнение бизнес-плана Сверка ПАО Россети все филиалы:752)
	at Выполнение бизнес-плана Сверка ПАО Россети все филиалы.run(Выполнение бизнес-плана Сверка ПАО Россети все филиалы:400)
	at com.kms.katalon.core.main.ScriptEngine.run(ScriptEngine.java:194)
	at com.kms.katalon.core.main.ScriptEngine.runScriptAsRawText(ScriptEngine.java:119)
	at com.kms.katalon.core.main.TestCaseExecutor.runScript(TestCaseExecutor.java:448)
	at com.kms.katalon.core.main.TestCaseExecutor.doExecute(TestCaseExecutor.java:439)
	at com.kms.katalon.core.main.TestCaseExecutor.processExecutionPhase(TestCaseExecutor.java:418)
	at com.kms.katalon.core.main.TestCaseExecutor.accessMainPhase(TestCaseExecutor.java:410)
	at com.kms.katalon.core.main.TestCaseExecutor.execute(TestCaseExecutor.java:285)
	at com.kms.katalon.core.common.CommonExecutor.accessTestCaseMainPhase(CommonExecutor.java:65)
	at com.kms.katalon.core.main.TestSuiteExecutor.accessTestSuiteMainPhase(TestSuiteExecutor.java:150)
	at com.kms.katalon.core.main.TestSuiteExecutor.execute(TestSuiteExecutor.java:106)
	at com.kms.katalon.core.main.TestCaseMain.startTestSuite(TestCaseMain.java:180)
	at TempTestSuite1733892825375.run(TempTestSuite1733892825375.groovy:35)
	at java.base/jdk.internal.reflect.NativeMethodAccessorImpl.invoke0(Native Method)
	at java.base/jdk.internal.reflect.NativeMethodAccessorImpl.invoke(NativeMethodAccessorImpl.java:77)
	at java.base/jdk.internal.reflect.DelegatingMethodAccessorImpl.invoke(DelegatingMethodAccessorImpl.java:43)
)

11-12-2024T08:06:10 - [TEST_STEP][PASSED] - println(numberOfErrors): null

11-12-2024T08:06:10 - [TEST_STEP][PASSED] - if (a == 28 || a == 77 || a == 74 || a == 65 || a == 36 || a == 44 || a == 54 || a == 1 || a == 18 || a == 59): null

11-12-2024T08:06:10 - [TEST_STEP][PASSED] - Script1718980020443.Filials(a, typeOfData, todaysDate, pageInt, fileInt, pageDouble, fileDouble, dZO, dzoNum, filialNum): null

11-12-2024T08:06:10 - [TEST_STEP][PASSED] - i = <not implemented yet for class: org.codehaus.groovy.ast.expr.EmptyExpression>: null

11-12-2024T08:06:10 - [TEST_STEP][PASSED] - c = <not implemented yet for class: org.codehaus.groovy.ast.expr.EmptyExpression>: null

11-12-2024T08:06:10 - [TEST_STEP][PASSED] - page = <not implemented yet for class: org.codehaus.groovy.ast.expr.EmptyExpression>: null

11-12-2024T08:06:10 - [TEST_STEP][PASSED] - println(dZO): null

11-12-2024T08:06:10 - [TEST_STEP][PASSED] - reducedDZO = <not implemented yet for class: org.codehaus.groovy.ast.expr.EmptyExpression>: null

11-12-2024T08:06:10 - [TEST_STEP][PASSED] - reducedDZO = dZO.substring(dZO.indexOf(" ") + 1, dZO.length()): null

11-12-2024T08:06:10 - [TEST_STEP][PASSED] - if (reducedDZO.contains(" ")): null

11-12-2024T08:06:10 - [TEST_STEP][PASSED] - reducedDZO = reducedDZO.substring(reducedDZO.indexOf(" ") + 1, reducedDZO.length()): null

11-12-2024T08:06:10 - [TEST_STEP][PASSED] - if (reducedDZO.contains(" ")): null

11-12-2024T08:06:10 - [TEST_STEP][PASSED] - println(reducedDZO): null

11-12-2024T08:06:10 - [TEST_STEP][PASSED] - dzoCut = <not implemented yet for class: org.codehaus.groovy.ast.expr.EmptyExpression>: null

11-12-2024T08:06:10 - [TEST_STEP][PASSED] - Script1718980020443.DZO(a): null

11-12-2024T08:06:10 - [TEST_STEP][PASSED] - Script1718980020443.OpenFilter(): null

11-12-2024T08:06:10 - [TEST_STEP][PASSED] - click(findTestObject("Object Repository/Выполнение бизнес-плана/Фильтр ДЗО")): Object: 'Object Repository/Выполнение бизнес-плана/Фильтр ДЗО' is clicked on

11-12-2024T08:06:11 - [MESSAGE][PASSED] - Object: 'Object Repository/Выполнение бизнес-плана/Фильтр ДЗО' is clicked on

11-12-2024T08:06:11 - [TEST_STEP][PASSED] - click(findTestObject("Выполнение бизнес-плана/Снять выделение в фильтре ДЗО")): Object: 'Object Repository/Выполнение бизнес-плана/Снять выделение в фильтре ДЗО' is clicked on

11-12-2024T08:06:11 - [MESSAGE][PASSED] - Object: 'Object Repository/Выполнение бизнес-плана/Снять выделение в фильтре ДЗО' is clicked on

11-12-2024T08:06:11 - [TEST_STEP][PASSED] - Script1718980020443.OpenRSK(): null

11-12-2024T08:06:11 - [TEST_STEP][PASSED] - click(findTestObject("Выполнение бизнес-плана/Раскрыть список ПАО Россети в фильтре ДЗО")): Object: 'Object Repository/Выполнение бизнес-плана/Раскрыть список ПАО Россети в фильтре ДЗО' is clicked on

11-12-2024T08:06:12 - [MESSAGE][PASSED] - Object: 'Object Repository/Выполнение бизнес-плана/Раскрыть список ПАО Россети в фильтре ДЗО' is clicked on

11-12-2024T08:06:12 - [TEST_STEP][PASSED] - click(findTestObject("Выполнение бизнес-плана/Раскрыть список РаспредКомплекс в фильтре ДЗО")): Object: 'Object Repository/Выполнение бизнес-плана/Раскрыть список РаспредКомплекс в фильтре ДЗО' is clicked on

11-12-2024T08:06:12 - [MESSAGE][PASSED] - Object: 'Object Repository/Выполнение бизнес-плана/Раскрыть список РаспредКомплекс в фильтре ДЗО' is clicked on

11-12-2024T08:06:12 - [TEST_STEP][PASSED] - if (a == 28): null

11-12-2024T08:06:12 - [TEST_STEP][PASSED] - if (a == 77): null

11-12-2024T08:06:12 - [TEST_STEP][PASSED] - if (a == 74): null

11-12-2024T08:06:12 - [TEST_STEP][PASSED] - if (a == 65): null

11-12-2024T08:06:12 - [TEST_STEP][PASSED] - if (a == 36): null

11-12-2024T08:06:12 - [TEST_STEP][PASSED] - if (a == 44): null

11-12-2024T08:06:12 - [TEST_STEP][PASSED] - if (a == 54): null

11-12-2024T08:06:12 - [TEST_STEP][PASSED] - if (a == 1): Object: 'Object Repository/Выполнение бизнес-плана/Россети Центр' is clicked on

11-12-2024T08:06:12 - [TEST_STEP][PASSED] - scrollToElement(findTestObject("Общие объекты/Раскрыть список Россети Центр"), 30): Scroll to object 'Object Repository/Общие объекты/Раскрыть список Россети Центр' successfully

11-12-2024T08:06:12 - [MESSAGE][PASSED] - Scroll to object 'Object Repository/Общие объекты/Раскрыть список Россети Центр' successfully

11-12-2024T08:06:12 - [TEST_STEP][PASSED] - click(findTestObject("Выполнение бизнес-плана/Россети Центр")): Object: 'Object Repository/Выполнение бизнес-плана/Россети Центр' is clicked on

11-12-2024T08:06:13 - [MESSAGE][PASSED] - Object: 'Object Repository/Выполнение бизнес-плана/Россети Центр' is clicked on

11-12-2024T08:06:13 - [TEST_STEP][PASSED] - if (a == 18): null

11-12-2024T08:06:13 - [TEST_STEP][PASSED] - if (a == 59): null

11-12-2024T08:06:13 - [TEST_STEP][PASSED] - Script1718980020443.CloseFilter(): null

11-12-2024T08:06:13 - [TEST_STEP][PASSED] - scrollToElement(findTestObject("Выполнение бизнес-плана/Заголовок дашборда"), 30): Scroll to object 'Object Repository/Выполнение бизнес-плана/Заголовок дашборда' successfully

11-12-2024T08:06:13 - [MESSAGE][PASSED] - Scroll to object 'Object Repository/Выполнение бизнес-плана/Заголовок дашборда' successfully

11-12-2024T08:06:13 - [TEST_STEP][PASSED] - click(findTestObject("Object Repository/Выполнение бизнес-плана/Применить в фильтре ДЗО")): Object: 'Object Repository/Выполнение бизнес-плана/Применить в фильтре ДЗО' is clicked on

11-12-2024T08:06:14 - [MESSAGE][PASSED] - Object: 'Object Repository/Выполнение бизнес-плана/Применить в фильтре ДЗО' is clicked on

11-12-2024T08:06:14 - [TEST_STEP][PASSED] - Script1718980020443.ZakrytOpoveshenie(): null

11-12-2024T08:06:14 - [TEST_STEP][PASSED] - delay(10): Delayed 10 second(s)

11-12-2024T08:06:24 - [MESSAGE][PASSED] - Delayed 10 second(s)

11-12-2024T08:06:24 - [TEST_STEP][PASSED] - opoveshenie = getText(findTestObject("Выполнение бизнес-плана/Просьба обратить внимание")): Text of object 'Object Repository/Выполнение бизнес-плана/Просьба обратить внимание' is: ''

11-12-2024T08:06:43 - [MESSAGE][PASSED] - Text of object 'Object Repository/Выполнение бизнес-плана/Просьба обратить внимание' is: ''

11-12-2024T08:06:43 - [TEST_STEP][PASSED] - println(opoveshenie): null

11-12-2024T08:06:43 - [TEST_STEP][PASSED] - if (opoveshenie == "Просьба обратить внимание"): null

11-12-2024T08:06:43 - [TEST_STEP][PASSED] - page = getText(findTestObject("Object Repository/Выполнение бизнес-плана/Filials")): Text of object 'Object Repository/Выполнение бизнес-плана/Filials' is: 'Россети Центр (ГК)
0
10
20
30
40
50
60
70'

11-12-2024T08:06:43 - [MESSAGE][PASSED] - Text of object 'Object Repository/Выполнение бизнес-плана/Filials' is: 'Россети Центр (ГК)
0
10
20
30
40
50
60
70'

11-12-2024T08:06:43 - [TEST_STEP][PASSED] - println(page): null

11-12-2024T08:06:43 - [TEST_STEP][PASSED] - c = page.indexOf(reducedDZO): null

11-12-2024T08:06:43 - [TEST_STEP][PASSED] - if (c > -1): null

11-12-2024T08:06:43 - [TEST_STEP][PASSED] - click(findTestObject("Выполнение бизнес-плана/список")): Object: 'Object Repository/Выполнение бизнес-плана/список' is clicked on

11-12-2024T08:06:43 - [MESSAGE][PASSED] - Object: 'Object Repository/Выполнение бизнес-плана/список' is clicked on

11-12-2024T08:06:43 - [TEST_STEP][PASSED] - delay(10): Delayed 10 second(s)

11-12-2024T08:06:53 - [MESSAGE][PASSED] - Delayed 10 second(s)

11-12-2024T08:06:53 - [TEST_STEP][PASSED] - click(findTestObject("Выполнение бизнес-плана/Раскрытие списка")): Object: 'Object Repository/Выполнение бизнес-плана/Раскрытие списка' is clicked on

11-12-2024T08:06:54 - [MESSAGE][PASSED] - Object: 'Object Repository/Выполнение бизнес-плана/Раскрытие списка' is clicked on

11-12-2024T08:06:54 - [TEST_STEP][PASSED] - delay(10): Delayed 10 second(s)

11-12-2024T08:07:04 - [MESSAGE][PASSED] - Delayed 10 second(s)

11-12-2024T08:07:04 - [TEST_STEP][PASSED] - page = getText(findTestObject("Object Repository/Выполнение бизнес-плана/Filials")): Text of object 'Object Repository/Выполнение бизнес-плана/Filials' is: 'АО«Воронежскаягорэлектросеть»
АО «Тульскиегородскиеэлектрическиесети»
АО«Ярославскаяэлектросетеваякомпания»
Белгородэнерго
Брянскэнерго
Воронежэнерго
Костромаэнерго
Курскэнерго
Липецкэнерго
ООО «БрянскЭ…
Орелэнерго
Смоленскэнерго
Тамбовэнерго
Тверьэнерго
Ярэнерго
0
20
40
60
10
30
50
70'

11-12-2024T08:07:04 - [MESSAGE][PASSED] - Text of object 'Object Repository/Выполнение бизнес-плана/Filials' is: 'АО«Воронежскаягорэлектросеть»
АО «Тульскиегородскиеэлектрическиесети»
АО«Ярославскаяэлектросетеваякомпания»
Белгородэнерго
Брянскэнерго
Воронежэнерго
Костромаэнерго
Курскэнерго
Липецкэнерго
ООО «БрянскЭ…
Орелэнерго
Смоленскэнерго
Тамбовэнерго
Тверьэнерго
Ярэнерго
0
20
40
60
10
30
50
70'

11-12-2024T08:07:04 - [TEST_STEP][PASSED] - println(page): null

11-12-2024T08:07:04 - [TEST_STEP][PASSED] - c = page.indexOf(reducedDZO): null

11-12-2024T08:07:04 - [TEST_STEP][PASSED] - x2 = getText(findTestObject("Выполнение бизнес-плана/Список ДЗО старый")): Text of object 'Object Repository/Выполнение бизнес-плана/Список ДЗО старый' is: 'АО«Воронежскаягорэлектросеть»
АО «Тульскиегородскиеэлектрическиесети»
АО«Ярославскаяэлектросетеваякомпания»
Белгородэнерго
Брянскэнерго
Воронежэнерго
Костромаэнерго
Курскэнерго
Липецкэнерго
ООО «БрянскЭ…
Орелэнерго
Смоленскэнерго
Тамбовэнерго
Тверьэнерго
Ярэнерго
0
20
40
60
10
30
50
70'

11-12-2024T08:07:04 - [MESSAGE][PASSED] - Text of object 'Object Repository/Выполнение бизнес-плана/Список ДЗО старый' is: 'АО«Воронежскаягорэлектросеть»
АО «Тульскиегородскиеэлектрическиесети»
АО«Ярославскаяэлектросетеваякомпания»
Белгородэнерго
Брянскэнерго
Воронежэнерго
Костромаэнерго
Курскэнерго
Липецкэнерго
ООО «БрянскЭ…
Орелэнерго
Смоленскэнерго
Тамбовэнерго
Тверьэнерго
Ярэнерго
0
20
40
60
10
30
50
70'

11-12-2024T08:07:04 - [TEST_STEP][PASSED] - if (a == 28): null

11-12-2024T08:07:04 - [TEST_STEP][PASSED] - if (a == 77): null

11-12-2024T08:07:04 - [TEST_STEP][PASSED] - if (a == 74): null

11-12-2024T08:07:04 - [TEST_STEP][PASSED] - if (a == 65): null

11-12-2024T08:07:04 - [TEST_STEP][PASSED] - if (a == 1): null

11-12-2024T08:07:04 - [TEST_STEP][PASSED] - dZO = "АО «Воронежская горэлектросеть»": null

11-12-2024T08:07:04 - [TEST_STEP][PASSED] - a = 14: null

11-12-2024T08:07:04 - [TEST_STEP][PASSED] - i = dZO.length() - 1: null

11-12-2024T08:07:04 - [TEST_STEP][PASSED] - dzoCut = substring(4, i).replaceAll("\s+", ""): null

11-12-2024T08:07:04 - [TEST_STEP][PASSED] - if (x2.contains(dzoCut)): null

11-12-2024T08:07:04 - [TEST_STEP][PASSED] - filialNum = filialNum + 1: null

11-12-2024T08:07:04 - [TEST_STEP][PASSED] - Script1718980020443.Numbers(a, typeOfData, todaysDate, pageInt, fileInt, pageDouble, fileDouble, dZO, dzoNum, filialNum): null

11-12-2024T08:07:04 - [TEST_STEP][PASSED] - println(dzoNum): null

11-12-2024T08:07:04 - [TEST_STEP][PASSED] - planFact = <not implemented yet for class: org.codehaus.groovy.ast.expr.EmptyExpression>: null

11-12-2024T08:07:04 - [TEST_STEP][PASSED] - page = <not implemented yet for class: org.codehaus.groovy.ast.expr.EmptyExpression>: null

11-12-2024T08:07:04 - [TEST_STEP][PASSED] - page1 = <not implemented yet for class: org.codehaus.groovy.ast.expr.EmptyExpression>: null

11-12-2024T08:07:04 - [TEST_STEP][PASSED] - page2 = <not implemented yet for class: org.codehaus.groovy.ast.expr.EmptyExpression>: null

11-12-2024T08:07:04 - [TEST_STEP][PASSED] - filialNumberInRow = <not implemented yet for class: org.codehaus.groovy.ast.expr.EmptyExpression>: null

11-12-2024T08:07:04 - [TEST_STEP][PASSED] - filialsDzoNames = <not implemented yet for class: org.codehaus.groovy.ast.expr.EmptyExpression>: null

11-12-2024T08:07:04 - [TEST_STEP][PASSED] - numberOfFilials = <not implemented yet for class: org.codehaus.groovy.ast.expr.EmptyExpression>: null

11-12-2024T08:07:04 - [TEST_STEP][PASSED] - numberOfSpaces = <not implemented yet for class: org.codehaus.groovy.ast.expr.EmptyExpression>: null

11-12-2024T08:07:04 - [TEST_STEP][PASSED] - file = <not implemented yet for class: org.codehaus.groovy.ast.expr.EmptyExpression>: null

11-12-2024T08:07:04 - [TEST_STEP][PASSED] - otpusk = <not implemented yet for class: org.codehaus.groovy.ast.expr.EmptyExpression>: null

11-12-2024T08:07:04 - [TEST_STEP][PASSED] - poteri = <not implemented yet for class: org.codehaus.groovy.ast.expr.EmptyExpression>: null

11-12-2024T08:07:04 - [TEST_STEP][PASSED] - dataFolder = "Выполнение бизнес-плана/Значения со страницы Выполнение бизнес-плана/": null

11-12-2024T08:07:04 - [TEST_STEP][PASSED] - path = <not implemented yet for class: org.codehaus.groovy.ast.expr.EmptyExpression>: null

11-12-2024T08:07:04 - [TEST_STEP][PASSED] - typeOfDataMain = <not implemented yet for class: org.codehaus.groovy.ast.expr.EmptyExpression>: null

11-12-2024T08:07:04 - [TEST_STEP][PASSED] - fileOtpuskVSet = <not implemented yet for class: org.codehaus.groovy.ast.expr.EmptyExpression>: null

11-12-2024T08:07:04 - [TEST_STEP][PASSED] - pageOtpuskVSet = <not implemented yet for class: org.codehaus.groovy.ast.expr.EmptyExpression>: null

11-12-2024T08:07:04 - [TEST_STEP][PASSED] - filePoteri = <not implemented yet for class: org.codehaus.groovy.ast.expr.EmptyExpression>: null

11-12-2024T08:07:04 - [TEST_STEP][PASSED] - pagePoteri = <not implemented yet for class: org.codehaus.groovy.ast.expr.EmptyExpression>: null

11-12-2024T08:07:04 - [TEST_STEP][PASSED] - compare = <not implemented yet for class: org.codehaus.groovy.ast.expr.EmptyExpression>: null

11-12-2024T08:07:04 - [TEST_STEP][PASSED] - b = <not implemented yet for class: org.codehaus.groovy.ast.expr.EmptyExpression>: null

11-12-2024T08:07:04 - [TEST_STEP][PASSED] - i = <not implemented yet for class: org.codehaus.groovy.ast.expr.EmptyExpression>: null

11-12-2024T08:07:04 - [TEST_STEP][PASSED] - ii = <not implemented yet for class: org.codehaus.groovy.ast.expr.EmptyExpression>: null

11-12-2024T08:07:04 - [TEST_STEP][PASSED] - c = <not implemented yet for class: org.codehaus.groovy.ast.expr.EmptyExpression>: null

11-12-2024T08:07:04 - [TEST_STEP][PASSED] - numberOfErrors = 0: null

11-12-2024T08:07:04 - [TEST_STEP][PASSED] - if (a == 82): null

11-12-2024T08:07:04 - [TEST_STEP][PASSED] - b = findTestData("PlanFact").getValue(1, a): null

11-12-2024T08:07:04 - [TEST_STEP][PASSED] - i = b.indexOf(" (ГК)"): null

11-12-2024T08:07:04 - [TEST_STEP][PASSED] - if (i > -1): null

11-12-2024T08:07:04 - [TEST_STEP][PASSED] - i = b.indexOf("О ""): null

11-12-2024T08:07:04 - [TEST_STEP][PASSED] - if (i > -1): null

11-12-2024T08:07:04 - [TEST_STEP][PASSED] - i = b.indexOf("О «"): null

11-12-2024T08:07:04 - [TEST_STEP][PASSED] - if (i > -1): null

11-12-2024T08:07:04 - [TEST_STEP][PASSED] - b = b.substring(i + 3, b.length()): null

11-12-2024T08:07:04 - [TEST_STEP][PASSED] - i = b.indexOf("»"): null

11-12-2024T08:07:04 - [TEST_STEP][PASSED] - b = b.substring(0, i): null

11-12-2024T08:07:04 - [TEST_STEP][PASSED] - b = b.trim(): null

11-12-2024T08:07:04 - [TEST_STEP][PASSED] - i = b.indexOf("г. "): null

11-12-2024T08:07:04 - [TEST_STEP][PASSED] - if (i > -1): null

11-12-2024T08:07:04 - [TEST_STEP][PASSED] - println(b): null

11-12-2024T08:07:04 - [TEST_STEP][PASSED] - for ([planFact = 1, planFact < 3, (planFact++)]): Object: 'Object Repository/Выполнение бизнес-плана/Кнопка Факт' is clicked on

11-12-2024T08:07:04 - [TEST_STEP][PASSED] - if (planFact == 1): null

11-12-2024T08:07:04 - [TEST_STEP][PASSED] - typeOfDataMain = "Факт": null

11-12-2024T08:07:04 - [TEST_STEP][PASSED] - otpusk = findTestData("PlanFact").getValue(5, a): null

11-12-2024T08:07:04 - [TEST_STEP][PASSED] - poteri = findTestData("PlanFact").getValue(6, a): null

11-12-2024T08:07:05 - [TEST_STEP][PASSED] - otpusk = otpusk.replaceAll("\s+", ""): null

11-12-2024T08:07:05 - [TEST_STEP][PASSED] - poteri = poteri.replaceAll("\s+", ""): null

11-12-2024T08:07:05 - [TEST_STEP][PASSED] - typeOfData = typeOfDataMain + " Отпуск в сеть": null

11-12-2024T08:07:05 - [TEST_STEP][PASSED] - if (a == 82): null

11-12-2024T08:07:05 - [TEST_STEP][PASSED] - else if (a == 84): null

11-12-2024T08:07:05 - [TEST_STEP][PASSED] - else if (a == 52 || a == 72 || a == 28 || a == 73 || a == 77 || a == 74 || a == 65 || a == 36 || a == 44 || a == 53 || a == 80 || a == 54 || a == 1 || a == 18 || a == 59 || a == 81): null

11-12-2024T08:07:05 - [TEST_STEP][PASSED] - else: null

11-12-2024T08:07:05 - [TEST_STEP][PASSED] - path = dataFolder + typeOfData + " за отчётный период " + b: null

11-12-2024T08:07:05 - [TEST_STEP][PASSED] - println(path): null

11-12-2024T08:07:05 - [TEST_STEP][PASSED] - page = getText(findTestObject(path)): Text of object 'Object Repository/Выполнение бизнес-плана/Значения со страницы Выполнение бизнес-плана/Факт Отпуск в сеть за отчётный период Воронежская горэлектросеть' is: '1 647 017'

11-12-2024T08:07:05 - [MESSAGE][PASSED] - Text of object 'Object Repository/Выполнение бизнес-плана/Значения со страницы Выполнение бизнес-плана/Факт Отпуск в сеть за отчётный период Воронежская горэлектросеть' is: '1 647 017'

11-12-2024T08:07:05 - [TEST_STEP][PASSED] - page = page.replaceAll("\s+", ""): null

11-12-2024T08:07:05 - [TEST_STEP][PASSED] - fileOtpuskVSet = otpusk.toInteger(): null

11-12-2024T08:07:05 - [TEST_STEP][PASSED] - pageOtpuskVSet = page.toInteger(): null

11-12-2024T08:07:05 - [TEST_STEP][PASSED] - typeOfData = typeOfDataMain + " Потери": null

11-12-2024T08:07:05 - [TEST_STEP][PASSED] - if (a == 82): null

11-12-2024T08:07:05 - [TEST_STEP][PASSED] - else if (a == 84): null

11-12-2024T08:07:05 - [TEST_STEP][PASSED] - else if (a == 52 || a == 72 || a == 28 || a == 73 || a == 77 || a == 74 || a == 65 || a == 36 || a == 44 || a == 53 || a == 80 || a == 54 || a == 1 || a == 18 || a == 59 || a == 81): null

11-12-2024T08:07:05 - [TEST_STEP][PASSED] - else: null

11-12-2024T08:07:05 - [TEST_STEP][PASSED] - path = dataFolder + typeOfData + " за отчётный период " + b: null

11-12-2024T08:07:05 - [TEST_STEP][PASSED] - page = getText(findTestObject(path)): Text of object 'Object Repository/Выполнение бизнес-плана/Значения со страницы Выполнение бизнес-плана/Факт Потери за отчётный период Воронежская горэлектросеть' is: '208 211'

11-12-2024T08:07:05 - [MESSAGE][PASSED] - Text of object 'Object Repository/Выполнение бизнес-плана/Значения со страницы Выполнение бизнес-плана/Факт Потери за отчётный период Воронежская горэлектросеть' is: '208 211'

11-12-2024T08:07:05 - [TEST_STEP][PASSED] - page = page.replaceAll("\s+", ""): null

11-12-2024T08:07:05 - [TEST_STEP][PASSED] - filePoteri = poteri.toInteger(): null

11-12-2024T08:07:05 - [TEST_STEP][PASSED] - pagePoteri = page.toInteger(): null

11-12-2024T08:07:05 - [TEST_STEP][PASSED] - compare = pageOtpuskVSet: null

11-12-2024T08:07:05 - [TEST_STEP][PASSED] - if (compare == fileOtpuskVSet): null

11-12-2024T08:07:05 - [TEST_STEP][PASSED] - if (compare == fileOtpuskVSet): null

11-12-2024T08:07:05 - [TEST_STEP][PASSED] - compare = pagePoteri: null

11-12-2024T08:07:05 - [TEST_STEP][PASSED] - if (compare == filePoteri): null

11-12-2024T08:07:05 - [TEST_STEP][PASSED] - if (compare == filePoteri): null

11-12-2024T08:07:05 - [TEST_STEP][PASSED] - if (planFact == 2): null

11-12-2024T08:07:05 - [TEST_STEP][PASSED] - if (planFact == 1): null

11-12-2024T08:07:05 - [TEST_STEP][PASSED] - else if (planFact == 2): null

11-12-2024T08:07:05 - [TEST_STEP][PASSED] - click(findTestObject("Выполнение бизнес-плана/Кнопка План")): Object: 'Object Repository/Выполнение бизнес-плана/Кнопка План' is clicked on

11-12-2024T08:07:05 - [MESSAGE][PASSED] - Object: 'Object Repository/Выполнение бизнес-плана/Кнопка План' is clicked on

11-12-2024T08:07:05 - [TEST_STEP][PASSED] - typeOfDataMain = "План": null

11-12-2024T08:07:05 - [TEST_STEP][PASSED] - otpusk = findTestData("PlanFact").getValue(2, a): null

11-12-2024T08:07:06 - [TEST_STEP][PASSED] - poteri = findTestData("PlanFact").getValue(3, a): null

11-12-2024T08:07:06 - [TEST_STEP][PASSED] - otpusk = otpusk.replaceAll("\s+", ""): null

11-12-2024T08:07:06 - [TEST_STEP][PASSED] - poteri = poteri.replaceAll("\s+", ""): null

11-12-2024T08:07:06 - [TEST_STEP][PASSED] - typeOfData = typeOfDataMain + " Отпуск в сеть": null

11-12-2024T08:07:06 - [TEST_STEP][PASSED] - if (a == 82): null

11-12-2024T08:07:06 - [TEST_STEP][PASSED] - else if (a == 84): null

11-12-2024T08:07:06 - [TEST_STEP][PASSED] - else if (a == 52 || a == 72 || a == 28 || a == 73 || a == 77 || a == 74 || a == 65 || a == 36 || a == 44 || a == 53 || a == 80 || a == 54 || a == 1 || a == 18 || a == 59 || a == 81): null

11-12-2024T08:07:06 - [TEST_STEP][PASSED] - else: null

11-12-2024T08:07:06 - [TEST_STEP][PASSED] - path = dataFolder + typeOfData + " за отчётный период " + b: null

11-12-2024T08:07:06 - [TEST_STEP][PASSED] - println(path): null

11-12-2024T08:07:06 - [TEST_STEP][PASSED] - page = getText(findTestObject(path)): Text of object 'Object Repository/Выполнение бизнес-плана/Значения со страницы Выполнение бизнес-плана/План Отпуск в сеть за отчётный период Воронежская горэлектросеть' is: '1 585 218'

11-12-2024T08:07:06 - [MESSAGE][PASSED] - Text of object 'Object Repository/Выполнение бизнес-плана/Значения со страницы Выполнение бизнес-плана/План Отпуск в сеть за отчётный период Воронежская горэлектросеть' is: '1 585 218'

11-12-2024T08:07:06 - [TEST_STEP][PASSED] - page = page.replaceAll("\s+", ""): null

11-12-2024T08:07:06 - [TEST_STEP][PASSED] - fileOtpuskVSet = otpusk.toInteger(): null

11-12-2024T08:07:06 - [TEST_STEP][PASSED] - pageOtpuskVSet = page.toInteger(): null

11-12-2024T08:07:06 - [TEST_STEP][PASSED] - typeOfData = typeOfDataMain + " Потери": null

11-12-2024T08:07:06 - [TEST_STEP][PASSED] - if (a == 82): null

11-12-2024T08:07:06 - [TEST_STEP][PASSED] - else if (a == 84): null

11-12-2024T08:07:06 - [TEST_STEP][PASSED] - else if (a == 52 || a == 72 || a == 28 || a == 73 || a == 77 || a == 74 || a == 65 || a == 36 || a == 44 || a == 53 || a == 80 || a == 54 || a == 1 || a == 18 || a == 59 || a == 81): null

11-12-2024T08:07:06 - [TEST_STEP][PASSED] - else: null

11-12-2024T08:07:06 - [TEST_STEP][PASSED] - path = dataFolder + typeOfData + " за отчётный период " + b: null

11-12-2024T08:07:06 - [TEST_STEP][PASSED] - page = getText(findTestObject(path)): Text of object 'Object Repository/Выполнение бизнес-плана/Значения со страницы Выполнение бизнес-плана/План Потери за отчётный период Воронежская горэлектросеть' is: '204 065'

11-12-2024T08:07:06 - [MESSAGE][PASSED] - Text of object 'Object Repository/Выполнение бизнес-плана/Значения со страницы Выполнение бизнес-плана/План Потери за отчётный период Воронежская горэлектросеть' is: '204 065'

11-12-2024T08:07:06 - [TEST_STEP][PASSED] - page = page.replaceAll("\s+", ""): null

11-12-2024T08:07:06 - [TEST_STEP][PASSED] - filePoteri = poteri.toInteger(): null

11-12-2024T08:07:06 - [TEST_STEP][PASSED] - pagePoteri = page.toInteger(): null

11-12-2024T08:07:06 - [TEST_STEP][PASSED] - compare = pageOtpuskVSet: null

11-12-2024T08:07:06 - [TEST_STEP][PASSED] - if (compare == fileOtpuskVSet): null

11-12-2024T08:07:06 - [TEST_STEP][PASSED] - if (compare == fileOtpuskVSet): null

11-12-2024T08:07:06 - [TEST_STEP][PASSED] - compare = pagePoteri: null

11-12-2024T08:07:06 - [TEST_STEP][PASSED] - if (compare == filePoteri): null

11-12-2024T08:07:06 - [TEST_STEP][PASSED] - if (compare == filePoteri): null

11-12-2024T08:07:06 - [TEST_STEP][PASSED] - if (planFact == 2): Object: 'Object Repository/Выполнение бизнес-плана/Кнопка Факт' is clicked on

11-12-2024T08:07:06 - [TEST_STEP][PASSED] - click(findTestObject("Выполнение бизнес-плана/Кнопка Факт")): Object: 'Object Repository/Выполнение бизнес-плана/Кнопка Факт' is clicked on

11-12-2024T08:07:07 - [MESSAGE][PASSED] - Object: 'Object Repository/Выполнение бизнес-плана/Кнопка Факт' is clicked on

11-12-2024T08:07:07 - [TEST_STEP][PASSED] - if (a == 84 || a == 82): null

11-12-2024T08:07:07 - [TEST_STEP][PASSED] - else if (a == 52 || a == 72 || a == 28 || a == 73 || a == 77 || a == 74 || a == 65 || a == 36 || a == 44 || a == 53 || a == 80 || a == 54 || a == 1 || a == 18 || a == 59 || a == 81): null

11-12-2024T08:07:07 - [TEST_STEP][PASSED] - else: null

11-12-2024T08:07:07 - [TEST_STEP][PASSED] - page1 = getText(findTestObject("Object Repository/Выполнение бизнес-плана/spanPlan" + filialNum)): Text of object 'Object Repository/Выполнение бизнес-плана/spanPlan1' is: '12.87
|'

11-12-2024T08:07:07 - [MESSAGE][PASSED] - Text of object 'Object Repository/Выполнение бизнес-плана/spanPlan1' is: '12.87
|'

11-12-2024T08:07:07 - [TEST_STEP][PASSED] - page1 = page1.replace("|", ""): null

11-12-2024T08:07:07 - [TEST_STEP][PASSED] - page2 = getText(findTestObject("Object Repository/Выполнение бизнес-плана/spanFact" + filialNum)): Text of object 'Object Repository/Выполнение бизнес-плана/spanFact1' is: '12.64
|'

11-12-2024T08:07:07 - [MESSAGE][PASSED] - Text of object 'Object Repository/Выполнение бизнес-плана/spanFact1' is: '12.64
|'

11-12-2024T08:07:07 - [TEST_STEP][PASSED] - page2 = page2.replace("|", ""): null

11-12-2024T08:07:07 - [TEST_STEP][PASSED] - println("page1: " + page1): null

11-12-2024T08:07:07 - [TEST_STEP][PASSED] - println("page2: " + page2): null

11-12-2024T08:07:07 - [TEST_STEP][PASSED] - file = findTestData("PlanFact").getValue(4, a): null

11-12-2024T08:07:07 - [TEST_STEP][PASSED] - file = file.replace(",", "."): null

11-12-2024T08:07:07 - [TEST_STEP][PASSED] - println("file Plan: " + file): null

11-12-2024T08:07:07 - [TEST_STEP][PASSED] - typeOfData = "План в процентах": null

11-12-2024T08:07:07 - [TEST_STEP][PASSED] - fileDouble = file.toDouble(): null

11-12-2024T08:07:07 - [TEST_STEP][PASSED] - pageDouble = page1.toDouble(): null

11-12-2024T08:07:07 - [TEST_STEP][PASSED] - if (fileDouble != pageDouble): null

11-12-2024T08:07:07 - [TEST_STEP][PASSED] - file = findTestData("PlanFact").getValue(7, a): null

11-12-2024T08:07:07 - [TEST_STEP][PASSED] - file = file.replace(",", "."): null

11-12-2024T08:07:07 - [TEST_STEP][PASSED] - println("file Fact: " + file): null

11-12-2024T08:07:07 - [TEST_STEP][PASSED] - fileDouble = file.toDouble(): null

11-12-2024T08:07:07 - [TEST_STEP][PASSED] - typeOfData = "Факт в процентах": null

11-12-2024T08:07:07 - [TEST_STEP][PASSED] - fileDouble = file.toDouble(): null

11-12-2024T08:07:07 - [TEST_STEP][PASSED] - pageDouble = page2.toDouble(): null

11-12-2024T08:07:07 - [TEST_STEP][PASSED] - if (fileDouble != pageDouble): null

11-12-2024T08:07:07 - [TEST_STEP][PASSED] - if (verifyEqual(numberOfErrors, 0) == false): Actual object '0' and expected object '0' are equal

11-12-2024T08:07:07 - [MESSAGE][PASSED] - Actual object '0' and expected object '0' are equal

11-12-2024T08:07:07 - [TEST_STEP][PASSED] - if (a == 82): null

11-12-2024T08:07:07 - [TEST_STEP][PASSED] - dZO = "АО «Тульские городские электрические сети»": null

11-12-2024T08:07:07 - [TEST_STEP][PASSED] - a = 16: null

11-12-2024T08:07:07 - [TEST_STEP][PASSED] - i = dZO.length() - 1: null

11-12-2024T08:07:07 - [TEST_STEP][PASSED] - dzoCut = substring(4, i).replaceAll("\s+", ""): null

11-12-2024T08:07:07 - [TEST_STEP][PASSED] - if (x2.contains(dzoCut)): null

11-12-2024T08:07:07 - [TEST_STEP][PASSED] - filialNum = filialNum + 1: null

11-12-2024T08:07:07 - [TEST_STEP][PASSED] - Script1718980020443.Numbers(a, typeOfData, todaysDate, pageInt, fileInt, pageDouble, fileDouble, dZO, dzoNum, filialNum): null

11-12-2024T08:07:07 - [TEST_STEP][PASSED] - println(dzoNum): null

11-12-2024T08:07:07 - [TEST_STEP][PASSED] - planFact = <not implemented yet for class: org.codehaus.groovy.ast.expr.EmptyExpression>: null

11-12-2024T08:07:07 - [TEST_STEP][PASSED] - page = <not implemented yet for class: org.codehaus.groovy.ast.expr.EmptyExpression>: null

11-12-2024T08:07:07 - [TEST_STEP][PASSED] - page1 = <not implemented yet for class: org.codehaus.groovy.ast.expr.EmptyExpression>: null

11-12-2024T08:07:07 - [TEST_STEP][PASSED] - page2 = <not implemented yet for class: org.codehaus.groovy.ast.expr.EmptyExpression>: null

11-12-2024T08:07:07 - [TEST_STEP][PASSED] - filialNumberInRow = <not implemented yet for class: org.codehaus.groovy.ast.expr.EmptyExpression>: null

11-12-2024T08:07:07 - [TEST_STEP][PASSED] - filialsDzoNames = <not implemented yet for class: org.codehaus.groovy.ast.expr.EmptyExpression>: null

11-12-2024T08:07:07 - [TEST_STEP][PASSED] - numberOfFilials = <not implemented yet for class: org.codehaus.groovy.ast.expr.EmptyExpression>: null

11-12-2024T08:07:07 - [TEST_STEP][PASSED] - numberOfSpaces = <not implemented yet for class: org.codehaus.groovy.ast.expr.EmptyExpression>: null

11-12-2024T08:07:07 - [TEST_STEP][PASSED] - file = <not implemented yet for class: org.codehaus.groovy.ast.expr.EmptyExpression>: null

11-12-2024T08:07:07 - [TEST_STEP][PASSED] - otpusk = <not implemented yet for class: org.codehaus.groovy.ast.expr.EmptyExpression>: null

11-12-2024T08:07:07 - [TEST_STEP][PASSED] - poteri = <not implemented yet for class: org.codehaus.groovy.ast.expr.EmptyExpression>: null

11-12-2024T08:07:07 - [TEST_STEP][PASSED] - dataFolder = "Выполнение бизнес-плана/Значения со страницы Выполнение бизнес-плана/": null

11-12-2024T08:07:07 - [TEST_STEP][PASSED] - path = <not implemented yet for class: org.codehaus.groovy.ast.expr.EmptyExpression>: null

11-12-2024T08:07:07 - [TEST_STEP][PASSED] - typeOfDataMain = <not implemented yet for class: org.codehaus.groovy.ast.expr.EmptyExpression>: null

11-12-2024T08:07:07 - [TEST_STEP][PASSED] - fileOtpuskVSet = <not implemented yet for class: org.codehaus.groovy.ast.expr.EmptyExpression>: null

11-12-2024T08:07:07 - [TEST_STEP][PASSED] - pageOtpuskVSet = <not implemented yet for class: org.codehaus.groovy.ast.expr.EmptyExpression>: null

11-12-2024T08:07:07 - [TEST_STEP][PASSED] - filePoteri = <not implemented yet for class: org.codehaus.groovy.ast.expr.EmptyExpression>: null

11-12-2024T08:07:07 - [TEST_STEP][PASSED] - pagePoteri = <not implemented yet for class: org.codehaus.groovy.ast.expr.EmptyExpression>: null

11-12-2024T08:07:07 - [TEST_STEP][PASSED] - compare = <not implemented yet for class: org.codehaus.groovy.ast.expr.EmptyExpression>: null

11-12-2024T08:07:07 - [TEST_STEP][PASSED] - b = <not implemented yet for class: org.codehaus.groovy.ast.expr.EmptyExpression>: null

11-12-2024T08:07:07 - [TEST_STEP][PASSED] - i = <not implemented yet for class: org.codehaus.groovy.ast.expr.EmptyExpression>: null

11-12-2024T08:07:07 - [TEST_STEP][PASSED] - ii = <not implemented yet for class: org.codehaus.groovy.ast.expr.EmptyExpression>: null

11-12-2024T08:07:07 - [TEST_STEP][PASSED] - c = <not implemented yet for class: org.codehaus.groovy.ast.expr.EmptyExpression>: null

11-12-2024T08:07:07 - [TEST_STEP][PASSED] - numberOfErrors = 0: null

11-12-2024T08:07:07 - [TEST_STEP][PASSED] - if (a == 82): null

11-12-2024T08:07:07 - [TEST_STEP][PASSED] - b = findTestData("PlanFact").getValue(1, a): null

11-12-2024T08:07:07 - [TEST_STEP][PASSED] - i = b.indexOf(" (ГК)"): null

11-12-2024T08:07:07 - [TEST_STEP][PASSED] - if (i > -1): null

11-12-2024T08:07:07 - [TEST_STEP][PASSED] - i = b.indexOf("О ""): null

11-12-2024T08:07:07 - [TEST_STEP][PASSED] - if (i > -1): null

11-12-2024T08:07:07 - [TEST_STEP][PASSED] - i = b.indexOf("О «"): null

11-12-2024T08:07:07 - [TEST_STEP][PASSED] - if (i > -1): null

11-12-2024T08:07:07 - [TEST_STEP][PASSED] - b = b.substring(i + 3, b.length()): null

11-12-2024T08:07:07 - [TEST_STEP][PASSED] - i = b.indexOf("»"): null

11-12-2024T08:07:07 - [TEST_STEP][PASSED] - b = b.substring(0, i): null

11-12-2024T08:07:07 - [TEST_STEP][PASSED] - b = b.trim(): null

11-12-2024T08:07:07 - [TEST_STEP][PASSED] - i = b.indexOf("г. "): null

11-12-2024T08:07:07 - [TEST_STEP][PASSED] - if (i > -1): null

11-12-2024T08:07:07 - [TEST_STEP][PASSED] - println(b): null

11-12-2024T08:07:07 - [TEST_STEP][PASSED] - for ([planFact = 1, planFact < 3, (planFact++)]): Object: 'Object Repository/Выполнение бизнес-плана/Кнопка Факт' is clicked on

11-12-2024T08:07:07 - [TEST_STEP][PASSED] - if (planFact == 1): null

11-12-2024T08:07:07 - [TEST_STEP][PASSED] - typeOfDataMain = "Факт": null

11-12-2024T08:07:07 - [TEST_STEP][PASSED] - otpusk = findTestData("PlanFact").getValue(5, a): null

11-12-2024T08:07:07 - [TEST_STEP][PASSED] - poteri = findTestData("PlanFact").getValue(6, a): null

11-12-2024T08:07:07 - [TEST_STEP][PASSED] - otpusk = otpusk.replaceAll("\s+", ""): null

11-12-2024T08:07:07 - [TEST_STEP][PASSED] - poteri = poteri.replaceAll("\s+", ""): null

11-12-2024T08:07:07 - [TEST_STEP][PASSED] - typeOfData = typeOfDataMain + " Отпуск в сеть": null

11-12-2024T08:07:07 - [TEST_STEP][PASSED] - if (a == 82): null

11-12-2024T08:07:07 - [TEST_STEP][PASSED] - else if (a == 84): null

11-12-2024T08:07:07 - [TEST_STEP][PASSED] - else if (a == 52 || a == 72 || a == 28 || a == 73 || a == 77 || a == 74 || a == 65 || a == 36 || a == 44 || a == 53 || a == 80 || a == 54 || a == 1 || a == 18 || a == 59 || a == 81): null

11-12-2024T08:07:07 - [TEST_STEP][PASSED] - else: null

11-12-2024T08:07:07 - [TEST_STEP][PASSED] - path = dataFolder + typeOfData + " за отчётный период " + b: null

11-12-2024T08:07:07 - [TEST_STEP][PASSED] - println(path): null

11-12-2024T08:07:07 - [TEST_STEP][PASSED] - page = getText(findTestObject(path)): Text of object 'Object Repository/Выполнение бизнес-плана/Значения со страницы Выполнение бизнес-плана/Факт Отпуск в сеть за отчётный период Тульские городские электрические сети' is: '963 200'

11-12-2024T08:07:08 - [MESSAGE][PASSED] - Text of object 'Object Repository/Выполнение бизнес-плана/Значения со страницы Выполнение бизнес-плана/Факт Отпуск в сеть за отчётный период Тульские городские электрические сети' is: '963 200'

11-12-2024T08:07:08 - [TEST_STEP][PASSED] - page = page.replaceAll("\s+", ""): null

11-12-2024T08:07:08 - [TEST_STEP][PASSED] - fileOtpuskVSet = otpusk.toInteger(): null

11-12-2024T08:07:08 - [TEST_STEP][PASSED] - pageOtpuskVSet = page.toInteger(): null

11-12-2024T08:07:08 - [TEST_STEP][PASSED] - typeOfData = typeOfDataMain + " Потери": null

11-12-2024T08:07:08 - [TEST_STEP][PASSED] - if (a == 82): null

11-12-2024T08:07:08 - [TEST_STEP][PASSED] - else if (a == 84): null

11-12-2024T08:07:08 - [TEST_STEP][PASSED] - else if (a == 52 || a == 72 || a == 28 || a == 73 || a == 77 || a == 74 || a == 65 || a == 36 || a == 44 || a == 53 || a == 80 || a == 54 || a == 1 || a == 18 || a == 59 || a == 81): null

11-12-2024T08:07:08 - [TEST_STEP][PASSED] - else: null

11-12-2024T08:07:08 - [TEST_STEP][PASSED] - path = dataFolder + typeOfData + " за отчётный период " + b: null

11-12-2024T08:07:08 - [TEST_STEP][PASSED] - page = getText(findTestObject(path)): Text of object 'Object Repository/Выполнение бизнес-плана/Значения со страницы Выполнение бизнес-плана/Факт Потери за отчётный период Тульские городские электрические сети' is: '96 302'

11-12-2024T08:07:08 - [MESSAGE][PASSED] - Text of object 'Object Repository/Выполнение бизнес-плана/Значения со страницы Выполнение бизнес-плана/Факт Потери за отчётный период Тульские городские электрические сети' is: '96 302'

11-12-2024T08:07:08 - [TEST_STEP][PASSED] - page = page.replaceAll("\s+", ""): null

11-12-2024T08:07:08 - [TEST_STEP][PASSED] - filePoteri = poteri.toInteger(): null

11-12-2024T08:07:08 - [TEST_STEP][PASSED] - pagePoteri = page.toInteger(): null

11-12-2024T08:07:08 - [TEST_STEP][PASSED] - compare = pageOtpuskVSet: null

11-12-2024T08:07:08 - [TEST_STEP][PASSED] - if (compare == fileOtpuskVSet): null

11-12-2024T08:07:08 - [TEST_STEP][PASSED] - if (compare == fileOtpuskVSet): null

11-12-2024T08:07:08 - [TEST_STEP][PASSED] - compare = pagePoteri: null

11-12-2024T08:07:08 - [TEST_STEP][PASSED] - if (compare == filePoteri): null

11-12-2024T08:07:08 - [TEST_STEP][PASSED] - if (compare == filePoteri): null

11-12-2024T08:07:08 - [TEST_STEP][PASSED] - if (planFact == 2): null

11-12-2024T08:07:08 - [TEST_STEP][PASSED] - if (planFact == 1): null

11-12-2024T08:07:08 - [TEST_STEP][PASSED] - else if (planFact == 2): null

11-12-2024T08:07:08 - [TEST_STEP][PASSED] - click(findTestObject("Выполнение бизнес-плана/Кнопка План")): Object: 'Object Repository/Выполнение бизнес-плана/Кнопка План' is clicked on

11-12-2024T08:07:08 - [MESSAGE][PASSED] - Object: 'Object Repository/Выполнение бизнес-плана/Кнопка План' is clicked on

11-12-2024T08:07:08 - [TEST_STEP][PASSED] - typeOfDataMain = "План": null

11-12-2024T08:07:08 - [TEST_STEP][PASSED] - otpusk = findTestData("PlanFact").getValue(2, a): null

11-12-2024T08:07:08 - [TEST_STEP][PASSED] - poteri = findTestData("PlanFact").getValue(3, a): null

11-12-2024T08:07:08 - [TEST_STEP][PASSED] - otpusk = otpusk.replaceAll("\s+", ""): null

11-12-2024T08:07:08 - [TEST_STEP][PASSED] - poteri = poteri.replaceAll("\s+", ""): null

11-12-2024T08:07:08 - [TEST_STEP][PASSED] - typeOfData = typeOfDataMain + " Отпуск в сеть": null

11-12-2024T08:07:08 - [TEST_STEP][PASSED] - if (a == 82): null

11-12-2024T08:07:08 - [TEST_STEP][PASSED] - else if (a == 84): null

11-12-2024T08:07:08 - [TEST_STEP][PASSED] - else if (a == 52 || a == 72 || a == 28 || a == 73 || a == 77 || a == 74 || a == 65 || a == 36 || a == 44 || a == 53 || a == 80 || a == 54 || a == 1 || a == 18 || a == 59 || a == 81): null

11-12-2024T08:07:08 - [TEST_STEP][PASSED] - else: null

11-12-2024T08:07:08 - [TEST_STEP][PASSED] - path = dataFolder + typeOfData + " за отчётный период " + b: null

11-12-2024T08:07:08 - [TEST_STEP][PASSED] - println(path): null

11-12-2024T08:07:08 - [TEST_STEP][PASSED] - page = getText(findTestObject(path)): Text of object 'Object Repository/Выполнение бизнес-плана/Значения со страницы Выполнение бизнес-плана/План Отпуск в сеть за отчётный период Тульские городские электрические сети' is: '940 641'

11-12-2024T08:07:09 - [MESSAGE][PASSED] - Text of object 'Object Repository/Выполнение бизнес-плана/Значения со страницы Выполнение бизнес-плана/План Отпуск в сеть за отчётный период Тульские городские электрические сети' is: '940 641'

11-12-2024T08:07:09 - [TEST_STEP][PASSED] - page = page.replaceAll("\s+", ""): null

11-12-2024T08:07:09 - [TEST_STEP][PASSED] - fileOtpuskVSet = otpusk.toInteger(): null

11-12-2024T08:07:09 - [TEST_STEP][PASSED] - pageOtpuskVSet = page.toInteger(): null

11-12-2024T08:07:09 - [TEST_STEP][PASSED] - typeOfData = typeOfDataMain + " Потери": null

11-12-2024T08:07:09 - [TEST_STEP][PASSED] - if (a == 82): null

11-12-2024T08:07:09 - [TEST_STEP][PASSED] - else if (a == 84): null

11-12-2024T08:07:09 - [TEST_STEP][PASSED] - else if (a == 52 || a == 72 || a == 28 || a == 73 || a == 77 || a == 74 || a == 65 || a == 36 || a == 44 || a == 53 || a == 80 || a == 54 || a == 1 || a == 18 || a == 59 || a == 81): null

11-12-2024T08:07:09 - [TEST_STEP][PASSED] - else: null

11-12-2024T08:07:09 - [TEST_STEP][PASSED] - path = dataFolder + typeOfData + " за отчётный период " + b: null

11-12-2024T08:07:09 - [TEST_STEP][PASSED] - page = getText(findTestObject(path)): Text of object 'Object Repository/Выполнение бизнес-плана/Значения со страницы Выполнение бизнес-плана/План Потери за отчётный период Тульские городские электрические сети' is: '96 684'

11-12-2024T08:07:09 - [MESSAGE][PASSED] - Text of object 'Object Repository/Выполнение бизнес-плана/Значения со страницы Выполнение бизнес-плана/План Потери за отчётный период Тульские городские электрические сети' is: '96 684'

11-12-2024T08:07:09 - [TEST_STEP][PASSED] - page = page.replaceAll("\s+", ""): null

11-12-2024T08:07:09 - [TEST_STEP][PASSED] - filePoteri = poteri.toInteger(): null

11-12-2024T08:07:09 - [TEST_STEP][PASSED] - pagePoteri = page.toInteger(): null

11-12-2024T08:07:09 - [TEST_STEP][PASSED] - compare = pageOtpuskVSet: null

11-12-2024T08:07:09 - [TEST_STEP][PASSED] - if (compare == fileOtpuskVSet): null

11-12-2024T08:07:09 - [TEST_STEP][PASSED] - if (compare == fileOtpuskVSet): null

11-12-2024T08:07:09 - [TEST_STEP][PASSED] - compare = pagePoteri: null

11-12-2024T08:07:09 - [TEST_STEP][PASSED] - if (compare == filePoteri): null

11-12-2024T08:07:09 - [TEST_STEP][PASSED] - if (compare == filePoteri): null

11-12-2024T08:07:09 - [TEST_STEP][PASSED] - if (planFact == 2): Object: 'Object Repository/Выполнение бизнес-плана/Кнопка Факт' is clicked on

11-12-2024T08:07:09 - [TEST_STEP][PASSED] - click(findTestObject("Выполнение бизнес-плана/Кнопка Факт")): Object: 'Object Repository/Выполнение бизнес-плана/Кнопка Факт' is clicked on

11-12-2024T08:07:09 - [MESSAGE][PASSED] - Object: 'Object Repository/Выполнение бизнес-плана/Кнопка Факт' is clicked on

11-12-2024T08:07:09 - [TEST_STEP][PASSED] - if (a == 84 || a == 82): null

11-12-2024T08:07:09 - [TEST_STEP][PASSED] - else if (a == 52 || a == 72 || a == 28 || a == 73 || a == 77 || a == 74 || a == 65 || a == 36 || a == 44 || a == 53 || a == 80 || a == 54 || a == 1 || a == 18 || a == 59 || a == 81): null

11-12-2024T08:07:09 - [TEST_STEP][PASSED] - else: null

11-12-2024T08:07:09 - [TEST_STEP][PASSED] - page1 = getText(findTestObject("Object Repository/Выполнение бизнес-плана/spanPlan" + filialNum)): Text of object 'Object Repository/Выполнение бизнес-плана/spanPlan2' is: '10.28
|'

11-12-2024T08:07:10 - [MESSAGE][PASSED] - Text of object 'Object Repository/Выполнение бизнес-плана/spanPlan2' is: '10.28
|'

11-12-2024T08:07:10 - [TEST_STEP][PASSED] - page1 = page1.replace("|", ""): null

11-12-2024T08:07:10 - [TEST_STEP][PASSED] - page2 = getText(findTestObject("Object Repository/Выполнение бизнес-плана/spanFact" + filialNum)): Text of object 'Object Repository/Выполнение бизнес-плана/spanFact2' is: '10.00
|'

11-12-2024T08:07:10 - [MESSAGE][PASSED] - Text of object 'Object Repository/Выполнение бизнес-плана/spanFact2' is: '10.00
|'

11-12-2024T08:07:10 - [TEST_STEP][PASSED] - page2 = page2.replace("|", ""): null

11-12-2024T08:07:10 - [TEST_STEP][PASSED] - println("page1: " + page1): null

11-12-2024T08:07:10 - [TEST_STEP][PASSED] - println("page2: " + page2): null

11-12-2024T08:07:10 - [TEST_STEP][PASSED] - file = findTestData("PlanFact").getValue(4, a): null

11-12-2024T08:07:10 - [TEST_STEP][PASSED] - file = file.replace(",", "."): null

11-12-2024T08:07:10 - [TEST_STEP][PASSED] - println("file Plan: " + file): null

11-12-2024T08:07:10 - [TEST_STEP][PASSED] - typeOfData = "План в процентах": null

11-12-2024T08:07:10 - [TEST_STEP][PASSED] - fileDouble = file.toDouble(): null

11-12-2024T08:07:10 - [TEST_STEP][PASSED] - pageDouble = page1.toDouble(): null

11-12-2024T08:07:10 - [TEST_STEP][PASSED] - if (fileDouble != pageDouble): null

11-12-2024T08:07:10 - [TEST_STEP][PASSED] - file = findTestData("PlanFact").getValue(7, a): null

11-12-2024T08:07:10 - [TEST_STEP][PASSED] - file = file.replace(",", "."): null

11-12-2024T08:07:10 - [TEST_STEP][PASSED] - println("file Fact: " + file): null

11-12-2024T08:07:10 - [TEST_STEP][PASSED] - fileDouble = file.toDouble(): null

11-12-2024T08:07:10 - [TEST_STEP][PASSED] - typeOfData = "Факт в процентах": null

11-12-2024T08:07:10 - [TEST_STEP][PASSED] - fileDouble = file.toDouble(): null

11-12-2024T08:07:10 - [TEST_STEP][PASSED] - pageDouble = page2.toDouble(): null

11-12-2024T08:07:10 - [TEST_STEP][PASSED] - if (fileDouble != pageDouble): null

11-12-2024T08:07:10 - [TEST_STEP][PASSED] - if (verifyEqual(numberOfErrors, 0) == false): Actual object '0' and expected object '0' are equal

11-12-2024T08:07:10 - [MESSAGE][PASSED] - Actual object '0' and expected object '0' are equal

11-12-2024T08:07:10 - [TEST_STEP][PASSED] - if (a == 82): null

11-12-2024T08:07:10 - [TEST_STEP][PASSED] - dZO = "АО «Ярославская электросетевая компания»": null

11-12-2024T08:07:10 - [TEST_STEP][PASSED] - a = 17: null

11-12-2024T08:07:10 - [TEST_STEP][PASSED] - i = dZO.length() - 1: null

11-12-2024T08:07:10 - [TEST_STEP][PASSED] - dzoCut = substring(4, i).replaceAll("\s+", ""): null

11-12-2024T08:07:10 - [TEST_STEP][PASSED] - if (x2.contains(dzoCut)): null

11-12-2024T08:07:10 - [TEST_STEP][PASSED] - filialNum = filialNum + 1: null

11-12-2024T08:07:10 - [TEST_STEP][PASSED] - Script1718980020443.Numbers(a, typeOfData, todaysDate, pageInt, fileInt, pageDouble, fileDouble, dZO, dzoNum, filialNum): null

11-12-2024T08:07:10 - [TEST_STEP][PASSED] - println(dzoNum): null

11-12-2024T08:07:10 - [TEST_STEP][PASSED] - planFact = <not implemented yet for class: org.codehaus.groovy.ast.expr.EmptyExpression>: null

11-12-2024T08:07:10 - [TEST_STEP][PASSED] - page = <not implemented yet for class: org.codehaus.groovy.ast.expr.EmptyExpression>: null

11-12-2024T08:07:10 - [TEST_STEP][PASSED] - page1 = <not implemented yet for class: org.codehaus.groovy.ast.expr.EmptyExpression>: null

11-12-2024T08:07:10 - [TEST_STEP][PASSED] - page2 = <not implemented yet for class: org.codehaus.groovy.ast.expr.EmptyExpression>: null

11-12-2024T08:07:10 - [TEST_STEP][PASSED] - filialNumberInRow = <not implemented yet for class: org.codehaus.groovy.ast.expr.EmptyExpression>: null

11-12-2024T08:07:10 - [TEST_STEP][PASSED] - filialsDzoNames = <not implemented yet for class: org.codehaus.groovy.ast.expr.EmptyExpression>: null

11-12-2024T08:07:10 - [TEST_STEP][PASSED] - numberOfFilials = <not implemented yet for class: org.codehaus.groovy.ast.expr.EmptyExpression>: null

11-12-2024T08:07:10 - [TEST_STEP][PASSED] - numberOfSpaces = <not implemented yet for class: org.codehaus.groovy.ast.expr.EmptyExpression>: null

11-12-2024T08:07:10 - [TEST_STEP][PASSED] - file = <not implemented yet for class: org.codehaus.groovy.ast.expr.EmptyExpression>: null

11-12-2024T08:07:10 - [TEST_STEP][PASSED] - otpusk = <not implemented yet for class: org.codehaus.groovy.ast.expr.EmptyExpression>: null

11-12-2024T08:07:10 - [TEST_STEP][PASSED] - poteri = <not implemented yet for class: org.codehaus.groovy.ast.expr.EmptyExpression>: null

11-12-2024T08:07:10 - [TEST_STEP][PASSED] - dataFolder = "Выполнение бизнес-плана/Значения со страницы Выполнение бизнес-плана/": null

11-12-2024T08:07:10 - [TEST_STEP][PASSED] - path = <not implemented yet for class: org.codehaus.groovy.ast.expr.EmptyExpression>: null

11-12-2024T08:07:10 - [TEST_STEP][PASSED] - typeOfDataMain = <not implemented yet for class: org.codehaus.groovy.ast.expr.EmptyExpression>: null

11-12-2024T08:07:10 - [TEST_STEP][PASSED] - fileOtpuskVSet = <not implemented yet for class: org.codehaus.groovy.ast.expr.EmptyExpression>: null

11-12-2024T08:07:10 - [TEST_STEP][PASSED] - pageOtpuskVSet = <not implemented yet for class: org.codehaus.groovy.ast.expr.EmptyExpression>: null

11-12-2024T08:07:10 - [TEST_STEP][PASSED] - filePoteri = <not implemented yet for class: org.codehaus.groovy.ast.expr.EmptyExpression>: null

11-12-2024T08:07:10 - [TEST_STEP][PASSED] - pagePoteri = <not implemented yet for class: org.codehaus.groovy.ast.expr.EmptyExpression>: null

11-12-2024T08:07:10 - [TEST_STEP][PASSED] - compare = <not implemented yet for class: org.codehaus.groovy.ast.expr.EmptyExpression>: null

11-12-2024T08:07:10 - [TEST_STEP][PASSED] - b = <not implemented yet for class: org.codehaus.groovy.ast.expr.EmptyExpression>: null

11-12-2024T08:07:10 - [TEST_STEP][PASSED] - i = <not implemented yet for class: org.codehaus.groovy.ast.expr.EmptyExpression>: null

11-12-2024T08:07:10 - [TEST_STEP][PASSED] - ii = <not implemented yet for class: org.codehaus.groovy.ast.expr.EmptyExpression>: null

11-12-2024T08:07:10 - [TEST_STEP][PASSED] - c = <not implemented yet for class: org.codehaus.groovy.ast.expr.EmptyExpression>: null

11-12-2024T08:07:10 - [TEST_STEP][PASSED] - numberOfErrors = 0: null

11-12-2024T08:07:10 - [TEST_STEP][PASSED] - if (a == 82): null

11-12-2024T08:07:10 - [TEST_STEP][PASSED] - b = findTestData("PlanFact").getValue(1, a): null

11-12-2024T08:07:10 - [TEST_STEP][PASSED] - i = b.indexOf(" (ГК)"): null

11-12-2024T08:07:10 - [TEST_STEP][PASSED] - if (i > -1): null

11-12-2024T08:07:10 - [TEST_STEP][PASSED] - i = b.indexOf("О ""): null

11-12-2024T08:07:10 - [TEST_STEP][PASSED] - if (i > -1): null

11-12-2024T08:07:10 - [TEST_STEP][PASSED] - i = b.indexOf("О «"): null

11-12-2024T08:07:10 - [TEST_STEP][PASSED] - if (i > -1): null

11-12-2024T08:07:10 - [TEST_STEP][PASSED] - b = b.substring(i + 3, b.length()): null

11-12-2024T08:07:10 - [TEST_STEP][PASSED] - i = b.indexOf("»"): null

11-12-2024T08:07:10 - [TEST_STEP][PASSED] - b = b.substring(0, i): null

11-12-2024T08:07:10 - [TEST_STEP][PASSED] - b = b.trim(): null

11-12-2024T08:07:10 - [TEST_STEP][PASSED] - i = b.indexOf("г. "): null

11-12-2024T08:07:10 - [TEST_STEP][PASSED] - if (i > -1): null

11-12-2024T08:07:10 - [TEST_STEP][PASSED] - println(b): null

11-12-2024T08:07:10 - [TEST_STEP][PASSED] - for ([planFact = 1, planFact < 3, (planFact++)]): Object: 'Object Repository/Выполнение бизнес-плана/Кнопка Факт' is clicked on

11-12-2024T08:07:10 - [TEST_STEP][PASSED] - if (planFact == 1): null

11-12-2024T08:07:10 - [TEST_STEP][PASSED] - typeOfDataMain = "Факт": null

11-12-2024T08:07:10 - [TEST_STEP][PASSED] - otpusk = findTestData("PlanFact").getValue(5, a): null

11-12-2024T08:07:10 - [TEST_STEP][PASSED] - poteri = findTestData("PlanFact").getValue(6, a): null

11-12-2024T08:07:10 - [TEST_STEP][PASSED] - otpusk = otpusk.replaceAll("\s+", ""): null

11-12-2024T08:07:10 - [TEST_STEP][PASSED] - poteri = poteri.replaceAll("\s+", ""): null

11-12-2024T08:07:10 - [TEST_STEP][PASSED] - typeOfData = typeOfDataMain + " Отпуск в сеть": null

11-12-2024T08:07:10 - [TEST_STEP][PASSED] - if (a == 82): null

11-12-2024T08:07:10 - [TEST_STEP][PASSED] - else if (a == 84): null

11-12-2024T08:07:10 - [TEST_STEP][PASSED] - else if (a == 52 || a == 72 || a == 28 || a == 73 || a == 77 || a == 74 || a == 65 || a == 36 || a == 44 || a == 53 || a == 80 || a == 54 || a == 1 || a == 18 || a == 59 || a == 81): null

11-12-2024T08:07:10 - [TEST_STEP][PASSED] - else: null

11-12-2024T08:07:10 - [TEST_STEP][PASSED] - path = dataFolder + typeOfData + " за отчётный период " + b: null

11-12-2024T08:07:10 - [TEST_STEP][PASSED] - println(path): null

11-12-2024T08:07:10 - [TEST_STEP][PASSED] - page = getText(findTestObject(path)): Text of object 'Object Repository/Выполнение бизнес-плана/Значения со страницы Выполнение бизнес-плана/Факт Отпуск в сеть за отчётный период Ярославская электросетевая компания' is: '211 513'

11-12-2024T08:07:11 - [MESSAGE][PASSED] - Text of object 'Object Repository/Выполнение бизнес-плана/Значения со страницы Выполнение бизнес-плана/Факт Отпуск в сеть за отчётный период Ярославская электросетевая компания' is: '211 513'

11-12-2024T08:07:11 - [TEST_STEP][PASSED] - page = page.replaceAll("\s+", ""): null

11-12-2024T08:07:11 - [TEST_STEP][PASSED] - fileOtpuskVSet = otpusk.toInteger(): null

11-12-2024T08:07:11 - [TEST_STEP][PASSED] - pageOtpuskVSet = page.toInteger(): null

11-12-2024T08:07:11 - [TEST_STEP][PASSED] - typeOfData = typeOfDataMain + " Потери": null

11-12-2024T08:07:11 - [TEST_STEP][PASSED] - if (a == 82): null

11-12-2024T08:07:11 - [TEST_STEP][PASSED] - else if (a == 84): null

11-12-2024T08:07:11 - [TEST_STEP][PASSED] - else if (a == 52 || a == 72 || a == 28 || a == 73 || a == 77 || a == 74 || a == 65 || a == 36 || a == 44 || a == 53 || a == 80 || a == 54 || a == 1 || a == 18 || a == 59 || a == 81): null

11-12-2024T08:07:11 - [TEST_STEP][PASSED] - else: null

11-12-2024T08:07:11 - [TEST_STEP][PASSED] - path = dataFolder + typeOfData + " за отчётный период " + b: null

11-12-2024T08:07:11 - [TEST_STEP][PASSED] - page = getText(findTestObject(path)): Text of object 'Object Repository/Выполнение бизнес-плана/Значения со страницы Выполнение бизнес-плана/Факт Потери за отчётный период Ярославская электросетевая компания' is: '17 954'

11-12-2024T08:07:11 - [MESSAGE][PASSED] - Text of object 'Object Repository/Выполнение бизнес-плана/Значения со страницы Выполнение бизнес-плана/Факт Потери за отчётный период Ярославская электросетевая компания' is: '17 954'

11-12-2024T08:07:11 - [TEST_STEP][PASSED] - page = page.replaceAll("\s+", ""): null

11-12-2024T08:07:11 - [TEST_STEP][PASSED] - filePoteri = poteri.toInteger(): null

11-12-2024T08:07:11 - [TEST_STEP][PASSED] - pagePoteri = page.toInteger(): null

11-12-2024T08:07:11 - [TEST_STEP][PASSED] - compare = pageOtpuskVSet: null

11-12-2024T08:07:11 - [TEST_STEP][PASSED] - if (compare == fileOtpuskVSet): null

11-12-2024T08:07:11 - [TEST_STEP][PASSED] - if (compare == fileOtpuskVSet): null

11-12-2024T08:07:11 - [TEST_STEP][PASSED] - compare = pagePoteri: null

11-12-2024T08:07:11 - [TEST_STEP][PASSED] - if (compare == filePoteri): null

11-12-2024T08:07:11 - [TEST_STEP][PASSED] - if (compare == filePoteri): null

11-12-2024T08:07:11 - [TEST_STEP][PASSED] - if (planFact == 2): null

11-12-2024T08:07:11 - [TEST_STEP][PASSED] - if (planFact == 1): null

11-12-2024T08:07:11 - [TEST_STEP][PASSED] - else if (planFact == 2): null

11-12-2024T08:07:11 - [TEST_STEP][PASSED] - click(findTestObject("Выполнение бизнес-плана/Кнопка План")): Object: 'Object Repository/Выполнение бизнес-плана/Кнопка План' is clicked on

11-12-2024T08:07:11 - [MESSAGE][PASSED] - Object: 'Object Repository/Выполнение бизнес-плана/Кнопка План' is clicked on

11-12-2024T08:07:11 - [TEST_STEP][PASSED] - typeOfDataMain = "План": null

11-12-2024T08:07:11 - [TEST_STEP][PASSED] - otpusk = findTestData("PlanFact").getValue(2, a): null

11-12-2024T08:07:11 - [TEST_STEP][PASSED] - poteri = findTestData("PlanFact").getValue(3, a): null

11-12-2024T08:07:11 - [TEST_STEP][PASSED] - otpusk = otpusk.replaceAll("\s+", ""): null

11-12-2024T08:07:11 - [TEST_STEP][PASSED] - poteri = poteri.replaceAll("\s+", ""): null

11-12-2024T08:07:11 - [TEST_STEP][PASSED] - typeOfData = typeOfDataMain + " Отпуск в сеть": null

11-12-2024T08:07:11 - [TEST_STEP][PASSED] - if (a == 82): null

11-12-2024T08:07:11 - [TEST_STEP][PASSED] - else if (a == 84): null

11-12-2024T08:07:11 - [TEST_STEP][PASSED] - else if (a == 52 || a == 72 || a == 28 || a == 73 || a == 77 || a == 74 || a == 65 || a == 36 || a == 44 || a == 53 || a == 80 || a == 54 || a == 1 || a == 18 || a == 59 || a == 81): null

11-12-2024T08:07:11 - [TEST_STEP][PASSED] - else: null

11-12-2024T08:07:11 - [TEST_STEP][PASSED] - path = dataFolder + typeOfData + " за отчётный период " + b: null

11-12-2024T08:07:11 - [TEST_STEP][PASSED] - println(path): null

11-12-2024T08:07:11 - [TEST_STEP][PASSED] - page = getText(findTestObject(path)): Text of object 'Object Repository/Выполнение бизнес-плана/Значения со страницы Выполнение бизнес-плана/План Отпуск в сеть за отчётный период Ярославская электросетевая компания' is: '207 560'

11-12-2024T08:07:12 - [MESSAGE][PASSED] - Text of object 'Object Repository/Выполнение бизнес-плана/Значения со страницы Выполнение бизнес-плана/План Отпуск в сеть за отчётный период Ярославская электросетевая компания' is: '207 560'

11-12-2024T08:07:12 - [TEST_STEP][PASSED] - page = page.replaceAll("\s+", ""): null

11-12-2024T08:07:12 - [TEST_STEP][PASSED] - fileOtpuskVSet = otpusk.toInteger(): null

11-12-2024T08:07:12 - [TEST_STEP][PASSED] - pageOtpuskVSet = page.toInteger(): null

11-12-2024T08:07:12 - [TEST_STEP][PASSED] - typeOfData = typeOfDataMain + " Потери": null

11-12-2024T08:07:12 - [TEST_STEP][PASSED] - if (a == 82): null

11-12-2024T08:07:12 - [TEST_STEP][PASSED] - else if (a == 84): null

11-12-2024T08:07:12 - [TEST_STEP][PASSED] - else if (a == 52 || a == 72 || a == 28 || a == 73 || a == 77 || a == 74 || a == 65 || a == 36 || a == 44 || a == 53 || a == 80 || a == 54 || a == 1 || a == 18 || a == 59 || a == 81): null

11-12-2024T08:07:12 - [TEST_STEP][PASSED] - else: null

11-12-2024T08:07:12 - [TEST_STEP][PASSED] - path = dataFolder + typeOfData + " за отчётный период " + b: null

11-12-2024T08:07:12 - [TEST_STEP][PASSED] - page = getText(findTestObject(path)): Text of object 'Object Repository/Выполнение бизнес-плана/Значения со страницы Выполнение бизнес-плана/План Потери за отчётный период Ярославская электросетевая компания' is: '21 441'

11-12-2024T08:07:12 - [MESSAGE][PASSED] - Text of object 'Object Repository/Выполнение бизнес-плана/Значения со страницы Выполнение бизнес-плана/План Потери за отчётный период Ярославская электросетевая компания' is: '21 441'

11-12-2024T08:07:12 - [TEST_STEP][PASSED] - page = page.replaceAll("\s+", ""): null

11-12-2024T08:07:12 - [TEST_STEP][PASSED] - filePoteri = poteri.toInteger(): null

11-12-2024T08:07:12 - [TEST_STEP][PASSED] - pagePoteri = page.toInteger(): null

11-12-2024T08:07:12 - [TEST_STEP][PASSED] - compare = pageOtpuskVSet: null

11-12-2024T08:07:12 - [TEST_STEP][PASSED] - if (compare == fileOtpuskVSet): null

11-12-2024T08:07:12 - [TEST_STEP][PASSED] - if (compare == fileOtpuskVSet): null

11-12-2024T08:07:12 - [TEST_STEP][PASSED] - compare = pagePoteri: null

11-12-2024T08:07:12 - [TEST_STEP][PASSED] - if (compare == filePoteri): null

11-12-2024T08:07:12 - [TEST_STEP][PASSED] - if (compare == filePoteri): null

11-12-2024T08:07:12 - [TEST_STEP][PASSED] - if (planFact == 2): Object: 'Object Repository/Выполнение бизнес-плана/Кнопка Факт' is clicked on

11-12-2024T08:07:12 - [TEST_STEP][PASSED] - click(findTestObject("Выполнение бизнес-плана/Кнопка Факт")): Object: 'Object Repository/Выполнение бизнес-плана/Кнопка Факт' is clicked on

11-12-2024T08:07:12 - [MESSAGE][PASSED] - Object: 'Object Repository/Выполнение бизнес-плана/Кнопка Факт' is clicked on

11-12-2024T08:07:12 - [TEST_STEP][PASSED] - if (a == 84 || a == 82): null

11-12-2024T08:07:12 - [TEST_STEP][PASSED] - else if (a == 52 || a == 72 || a == 28 || a == 73 || a == 77 || a == 74 || a == 65 || a == 36 || a == 44 || a == 53 || a == 80 || a == 54 || a == 1 || a == 18 || a == 59 || a == 81): null

11-12-2024T08:07:12 - [TEST_STEP][PASSED] - else: null

11-12-2024T08:07:12 - [TEST_STEP][PASSED] - page1 = getText(findTestObject("Object Repository/Выполнение бизнес-плана/spanPlan" + filialNum)): Text of object 'Object Repository/Выполнение бизнес-плана/spanPlan3' is: '10.33
|'

11-12-2024T08:07:13 - [MESSAGE][PASSED] - Text of object 'Object Repository/Выполнение бизнес-плана/spanPlan3' is: '10.33
|'

11-12-2024T08:07:13 - [TEST_STEP][PASSED] - page1 = page1.replace("|", ""): null

11-12-2024T08:07:13 - [TEST_STEP][PASSED] - page2 = getText(findTestObject("Object Repository/Выполнение бизнес-плана/spanFact" + filialNum)): Text of object 'Object Repository/Выполнение бизнес-плана/spanFact3' is: '8.49
|'

11-12-2024T08:07:13 - [MESSAGE][PASSED] - Text of object 'Object Repository/Выполнение бизнес-плана/spanFact3' is: '8.49
|'

11-12-2024T08:07:13 - [TEST_STEP][PASSED] - page2 = page2.replace("|", ""): null

11-12-2024T08:07:13 - [TEST_STEP][PASSED] - println("page1: " + page1): null

11-12-2024T08:07:13 - [TEST_STEP][PASSED] - println("page2: " + page2): null

11-12-2024T08:07:13 - [TEST_STEP][PASSED] - file = findTestData("PlanFact").getValue(4, a): null

11-12-2024T08:07:13 - [TEST_STEP][PASSED] - file = file.replace(",", "."): null

11-12-2024T08:07:13 - [TEST_STEP][PASSED] - println("file Plan: " + file): null

11-12-2024T08:07:13 - [TEST_STEP][PASSED] - typeOfData = "План в процентах": null

11-12-2024T08:07:13 - [TEST_STEP][PASSED] - fileDouble = file.toDouble(): null

11-12-2024T08:07:13 - [TEST_STEP][PASSED] - pageDouble = page1.toDouble(): null

11-12-2024T08:07:13 - [TEST_STEP][PASSED] - if (fileDouble != pageDouble): null

11-12-2024T08:07:13 - [TEST_STEP][PASSED] - file = findTestData("PlanFact").getValue(7, a): null

11-12-2024T08:07:13 - [TEST_STEP][PASSED] - file = file.replace(",", "."): null

11-12-2024T08:07:13 - [TEST_STEP][PASSED] - println("file Fact: " + file): null

11-12-2024T08:07:13 - [TEST_STEP][PASSED] - fileDouble = file.toDouble(): null

11-12-2024T08:07:13 - [TEST_STEP][PASSED] - typeOfData = "Факт в процентах": null

11-12-2024T08:07:13 - [TEST_STEP][PASSED] - fileDouble = file.toDouble(): null

11-12-2024T08:07:13 - [TEST_STEP][PASSED] - pageDouble = page2.toDouble(): null

11-12-2024T08:07:13 - [TEST_STEP][PASSED] - if (fileDouble != pageDouble): null

11-12-2024T08:07:13 - [TEST_STEP][PASSED] - if (verifyEqual(numberOfErrors, 0) == false): Actual object '0' and expected object '0' are equal

11-12-2024T08:07:13 - [MESSAGE][PASSED] - Actual object '0' and expected object '0' are equal

11-12-2024T08:07:13 - [TEST_STEP][PASSED] - if (a == 82): null

11-12-2024T08:07:13 - [TEST_STEP][PASSED] - dZO = "Белгородэнерго": null

11-12-2024T08:07:13 - [TEST_STEP][PASSED] - a = 2: null

11-12-2024T08:07:13 - [TEST_STEP][PASSED] - if (x2.contains(dZO)): null

11-12-2024T08:07:13 - [TEST_STEP][PASSED] - filialNum = filialNum + 1: null

11-12-2024T08:07:13 - [TEST_STEP][PASSED] - Script1718980020443.Numbers(a, typeOfData, todaysDate, pageInt, fileInt, pageDouble, fileDouble, dZO, dzoNum, filialNum): null

11-12-2024T08:07:13 - [TEST_STEP][PASSED] - println(dzoNum): null

11-12-2024T08:07:13 - [TEST_STEP][PASSED] - planFact = <not implemented yet for class: org.codehaus.groovy.ast.expr.EmptyExpression>: null

11-12-2024T08:07:13 - [TEST_STEP][PASSED] - page = <not implemented yet for class: org.codehaus.groovy.ast.expr.EmptyExpression>: null

11-12-2024T08:07:13 - [TEST_STEP][PASSED] - page1 = <not implemented yet for class: org.codehaus.groovy.ast.expr.EmptyExpression>: null

11-12-2024T08:07:13 - [TEST_STEP][PASSED] - page2 = <not implemented yet for class: org.codehaus.groovy.ast.expr.EmptyExpression>: null

11-12-2024T08:07:13 - [TEST_STEP][PASSED] - filialNumberInRow = <not implemented yet for class: org.codehaus.groovy.ast.expr.EmptyExpression>: null

11-12-2024T08:07:13 - [TEST_STEP][PASSED] - filialsDzoNames = <not implemented yet for class: org.codehaus.groovy.ast.expr.EmptyExpression>: null

11-12-2024T08:07:13 - [TEST_STEP][PASSED] - numberOfFilials = <not implemented yet for class: org.codehaus.groovy.ast.expr.EmptyExpression>: null

11-12-2024T08:07:13 - [TEST_STEP][PASSED] - numberOfSpaces = <not implemented yet for class: org.codehaus.groovy.ast.expr.EmptyExpression>: null

11-12-2024T08:07:13 - [TEST_STEP][PASSED] - file = <not implemented yet for class: org.codehaus.groovy.ast.expr.EmptyExpression>: null

11-12-2024T08:07:13 - [TEST_STEP][PASSED] - otpusk = <not implemented yet for class: org.codehaus.groovy.ast.expr.EmptyExpression>: null

11-12-2024T08:07:13 - [TEST_STEP][PASSED] - poteri = <not implemented yet for class: org.codehaus.groovy.ast.expr.EmptyExpression>: null

11-12-2024T08:07:13 - [TEST_STEP][PASSED] - dataFolder = "Выполнение бизнес-плана/Значения со страницы Выполнение бизнес-плана/": null

11-12-2024T08:07:13 - [TEST_STEP][PASSED] - path = <not implemented yet for class: org.codehaus.groovy.ast.expr.EmptyExpression>: null

11-12-2024T08:07:13 - [TEST_STEP][PASSED] - typeOfDataMain = <not implemented yet for class: org.codehaus.groovy.ast.expr.EmptyExpression>: null

11-12-2024T08:07:13 - [TEST_STEP][PASSED] - fileOtpuskVSet = <not implemented yet for class: org.codehaus.groovy.ast.expr.EmptyExpression>: null

11-12-2024T08:07:13 - [TEST_STEP][PASSED] - pageOtpuskVSet = <not implemented yet for class: org.codehaus.groovy.ast.expr.EmptyExpression>: null

11-12-2024T08:07:13 - [TEST_STEP][PASSED] - filePoteri = <not implemented yet for class: org.codehaus.groovy.ast.expr.EmptyExpression>: null

11-12-2024T08:07:13 - [TEST_STEP][PASSED] - pagePoteri = <not implemented yet for class: org.codehaus.groovy.ast.expr.EmptyExpression>: null

11-12-2024T08:07:13 - [TEST_STEP][PASSED] - compare = <not implemented yet for class: org.codehaus.groovy.ast.expr.EmptyExpression>: null

11-12-2024T08:07:13 - [TEST_STEP][PASSED] - b = <not implemented yet for class: org.codehaus.groovy.ast.expr.EmptyExpression>: null

11-12-2024T08:07:13 - [TEST_STEP][PASSED] - i = <not implemented yet for class: org.codehaus.groovy.ast.expr.EmptyExpression>: null

11-12-2024T08:07:13 - [TEST_STEP][PASSED] - ii = <not implemented yet for class: org.codehaus.groovy.ast.expr.EmptyExpression>: null

11-12-2024T08:07:13 - [TEST_STEP][PASSED] - c = <not implemented yet for class: org.codehaus.groovy.ast.expr.EmptyExpression>: null

11-12-2024T08:07:13 - [TEST_STEP][PASSED] - numberOfErrors = 0: null

11-12-2024T08:07:13 - [TEST_STEP][PASSED] - if (a == 82): null

11-12-2024T08:07:13 - [TEST_STEP][PASSED] - b = findTestData("PlanFact").getValue(1, a): null

11-12-2024T08:07:13 - [TEST_STEP][PASSED] - i = b.indexOf(" (ГК)"): null

11-12-2024T08:07:13 - [TEST_STEP][PASSED] - if (i > -1): null

11-12-2024T08:07:13 - [TEST_STEP][PASSED] - i = b.indexOf("О ""): null

11-12-2024T08:07:13 - [TEST_STEP][PASSED] - if (i > -1): null

11-12-2024T08:07:13 - [TEST_STEP][PASSED] - i = b.indexOf("О «"): null

11-12-2024T08:07:13 - [TEST_STEP][PASSED] - if (i > -1): null

11-12-2024T08:07:13 - [TEST_STEP][PASSED] - i = b.indexOf("г. "): null

11-12-2024T08:07:13 - [TEST_STEP][PASSED] - if (i > -1): null

11-12-2024T08:07:13 - [TEST_STEP][PASSED] - println(b): null

11-12-2024T08:07:13 - [TEST_STEP][PASSED] - for ([planFact = 1, planFact < 3, (planFact++)]): Object: 'Object Repository/Выполнение бизнес-плана/Кнопка Факт' is clicked on

11-12-2024T08:07:13 - [TEST_STEP][PASSED] - if (planFact == 1): null

11-12-2024T08:07:13 - [TEST_STEP][PASSED] - typeOfDataMain = "Факт": null

11-12-2024T08:07:13 - [TEST_STEP][PASSED] - otpusk = findTestData("PlanFact").getValue(5, a): null

11-12-2024T08:07:13 - [TEST_STEP][PASSED] - poteri = findTestData("PlanFact").getValue(6, a): null

11-12-2024T08:07:13 - [TEST_STEP][PASSED] - otpusk = otpusk.replaceAll("\s+", ""): null

11-12-2024T08:07:13 - [TEST_STEP][PASSED] - poteri = poteri.replaceAll("\s+", ""): null

11-12-2024T08:07:13 - [TEST_STEP][PASSED] - typeOfData = typeOfDataMain + " Отпуск в сеть": null

11-12-2024T08:07:13 - [TEST_STEP][PASSED] - if (a == 82): null

11-12-2024T08:07:13 - [TEST_STEP][PASSED] - else if (a == 84): null

11-12-2024T08:07:13 - [TEST_STEP][PASSED] - else if (a == 52 || a == 72 || a == 28 || a == 73 || a == 77 || a == 74 || a == 65 || a == 36 || a == 44 || a == 53 || a == 80 || a == 54 || a == 1 || a == 18 || a == 59 || a == 81): null

11-12-2024T08:07:13 - [TEST_STEP][PASSED] - else: null

11-12-2024T08:07:13 - [TEST_STEP][PASSED] - path = dataFolder + typeOfData + " за отчётный период " + b: null

11-12-2024T08:07:13 - [TEST_STEP][PASSED] - println(path): null

11-12-2024T08:07:13 - [TEST_STEP][PASSED] - page = getText(findTestObject(path)): Text of object 'Object Repository/Выполнение бизнес-плана/Значения со страницы Выполнение бизнес-плана/Факт Отпуск в сеть за отчётный период Белгородэнерго' is: '5 737 057'

11-12-2024T08:07:14 - [MESSAGE][PASSED] - Text of object 'Object Repository/Выполнение бизнес-плана/Значения со страницы Выполнение бизнес-плана/Факт Отпуск в сеть за отчётный период Белгородэнерго' is: '5 737 057'

11-12-2024T08:07:14 - [TEST_STEP][PASSED] - page = page.replaceAll("\s+", ""): null

11-12-2024T08:07:14 - [TEST_STEP][PASSED] - fileOtpuskVSet = otpusk.toInteger(): null

11-12-2024T08:07:14 - [TEST_STEP][PASSED] - pageOtpuskVSet = page.toInteger(): null

11-12-2024T08:07:14 - [TEST_STEP][PASSED] - typeOfData = typeOfDataMain + " Потери": null

11-12-2024T08:07:14 - [TEST_STEP][PASSED] - if (a == 82): null

11-12-2024T08:07:14 - [TEST_STEP][PASSED] - else if (a == 84): null

11-12-2024T08:07:14 - [TEST_STEP][PASSED] - else if (a == 52 || a == 72 || a == 28 || a == 73 || a == 77 || a == 74 || a == 65 || a == 36 || a == 44 || a == 53 || a == 80 || a == 54 || a == 1 || a == 18 || a == 59 || a == 81): null

11-12-2024T08:07:14 - [TEST_STEP][PASSED] - else: null

11-12-2024T08:07:14 - [TEST_STEP][PASSED] - path = dataFolder + typeOfData + " за отчётный период " + b: null

11-12-2024T08:07:14 - [TEST_STEP][PASSED] - page = getText(findTestObject(path)): Text of object 'Object Repository/Выполнение бизнес-плана/Значения со страницы Выполнение бизнес-плана/Факт Потери за отчётный период Белгородэнерго' is: '545 616'

11-12-2024T08:07:14 - [MESSAGE][PASSED] - Text of object 'Object Repository/Выполнение бизнес-плана/Значения со страницы Выполнение бизнес-плана/Факт Потери за отчётный период Белгородэнерго' is: '545 616'

11-12-2024T08:07:14 - [TEST_STEP][PASSED] - page = page.replaceAll("\s+", ""): null

11-12-2024T08:07:14 - [TEST_STEP][PASSED] - filePoteri = poteri.toInteger(): null

11-12-2024T08:07:14 - [TEST_STEP][PASSED] - pagePoteri = page.toInteger(): null

11-12-2024T08:07:14 - [TEST_STEP][PASSED] - compare = pageOtpuskVSet: null

11-12-2024T08:07:14 - [TEST_STEP][PASSED] - if (compare == fileOtpuskVSet): null

11-12-2024T08:07:14 - [TEST_STEP][PASSED] - if (compare == fileOtpuskVSet): null

11-12-2024T08:07:14 - [TEST_STEP][PASSED] - compare = pagePoteri: null

11-12-2024T08:07:14 - [TEST_STEP][PASSED] - if (compare == filePoteri): null

11-12-2024T08:07:14 - [TEST_STEP][PASSED] - if (compare == filePoteri): null

11-12-2024T08:07:14 - [TEST_STEP][PASSED] - if (planFact == 2): null

11-12-2024T08:07:14 - [TEST_STEP][PASSED] - if (planFact == 1): null

11-12-2024T08:07:14 - [TEST_STEP][PASSED] - else if (planFact == 2): null

11-12-2024T08:07:14 - [TEST_STEP][PASSED] - click(findTestObject("Выполнение бизнес-плана/Кнопка План")): Object: 'Object Repository/Выполнение бизнес-плана/Кнопка План' is clicked on

11-12-2024T08:07:14 - [MESSAGE][PASSED] - Object: 'Object Repository/Выполнение бизнес-плана/Кнопка План' is clicked on

11-12-2024T08:07:14 - [TEST_STEP][PASSED] - typeOfDataMain = "План": null

11-12-2024T08:07:14 - [TEST_STEP][PASSED] - otpusk = findTestData("PlanFact").getValue(2, a): null

11-12-2024T08:07:14 - [TEST_STEP][PASSED] - poteri = findTestData("PlanFact").getValue(3, a): null

11-12-2024T08:07:14 - [TEST_STEP][PASSED] - otpusk = otpusk.replaceAll("\s+", ""): null

11-12-2024T08:07:14 - [TEST_STEP][PASSED] - poteri = poteri.replaceAll("\s+", ""): null

11-12-2024T08:07:14 - [TEST_STEP][PASSED] - typeOfData = typeOfDataMain + " Отпуск в сеть": null

11-12-2024T08:07:14 - [TEST_STEP][PASSED] - if (a == 82): null

11-12-2024T08:07:14 - [TEST_STEP][PASSED] - else if (a == 84): null

11-12-2024T08:07:14 - [TEST_STEP][PASSED] - else if (a == 52 || a == 72 || a == 28 || a == 73 || a == 77 || a == 74 || a == 65 || a == 36 || a == 44 || a == 53 || a == 80 || a == 54 || a == 1 || a == 18 || a == 59 || a == 81): null

11-12-2024T08:07:14 - [TEST_STEP][PASSED] - else: null

11-12-2024T08:07:14 - [TEST_STEP][PASSED] - path = dataFolder + typeOfData + " за отчётный период " + b: null

11-12-2024T08:07:14 - [TEST_STEP][PASSED] - println(path): null

11-12-2024T08:07:14 - [TEST_STEP][PASSED] - page = getText(findTestObject(path)): Text of object 'Object Repository/Выполнение бизнес-плана/Значения со страницы Выполнение бизнес-плана/План Отпуск в сеть за отчётный период Белгородэнерго' is: '5 606 367'

11-12-2024T08:07:15 - [MESSAGE][PASSED] - Text of object 'Object Repository/Выполнение бизнес-плана/Значения со страницы Выполнение бизнес-плана/План Отпуск в сеть за отчётный период Белгородэнерго' is: '5 606 367'

11-12-2024T08:07:15 - [TEST_STEP][PASSED] - page = page.replaceAll("\s+", ""): null

11-12-2024T08:07:15 - [TEST_STEP][PASSED] - fileOtpuskVSet = otpusk.toInteger(): null

11-12-2024T08:07:15 - [TEST_STEP][PASSED] - pageOtpuskVSet = page.toInteger(): null

11-12-2024T08:07:15 - [TEST_STEP][PASSED] - typeOfData = typeOfDataMain + " Потери": null

11-12-2024T08:07:15 - [TEST_STEP][PASSED] - if (a == 82): null

11-12-2024T08:07:15 - [TEST_STEP][PASSED] - else if (a == 84): null

11-12-2024T08:07:15 - [TEST_STEP][PASSED] - else if (a == 52 || a == 72 || a == 28 || a == 73 || a == 77 || a == 74 || a == 65 || a == 36 || a == 44 || a == 53 || a == 80 || a == 54 || a == 1 || a == 18 || a == 59 || a == 81): null

11-12-2024T08:07:15 - [TEST_STEP][PASSED] - else: null

11-12-2024T08:07:15 - [TEST_STEP][PASSED] - path = dataFolder + typeOfData + " за отчётный период " + b: null

11-12-2024T08:07:15 - [TEST_STEP][PASSED] - page = getText(findTestObject(path)): Text of object 'Object Repository/Выполнение бизнес-плана/Значения со страницы Выполнение бизнес-плана/План Потери за отчётный период Белгородэнерго' is: '550 306'

11-12-2024T08:07:15 - [MESSAGE][PASSED] - Text of object 'Object Repository/Выполнение бизнес-плана/Значения со страницы Выполнение бизнес-плана/План Потери за отчётный период Белгородэнерго' is: '550 306'

11-12-2024T08:07:15 - [TEST_STEP][PASSED] - page = page.replaceAll("\s+", ""): null

11-12-2024T08:07:15 - [TEST_STEP][PASSED] - filePoteri = poteri.toInteger(): null

11-12-2024T08:07:15 - [TEST_STEP][PASSED] - pagePoteri = page.toInteger(): null

11-12-2024T08:07:15 - [TEST_STEP][PASSED] - compare = pageOtpuskVSet: null

11-12-2024T08:07:15 - [TEST_STEP][PASSED] - if (compare == fileOtpuskVSet): null

11-12-2024T08:07:15 - [TEST_STEP][PASSED] - if (compare == fileOtpuskVSet): null

11-12-2024T08:07:15 - [TEST_STEP][PASSED] - compare = pagePoteri: null

11-12-2024T08:07:15 - [TEST_STEP][PASSED] - if (compare == filePoteri): null

11-12-2024T08:07:15 - [TEST_STEP][PASSED] - if (compare == filePoteri): null

11-12-2024T08:07:15 - [TEST_STEP][PASSED] - if (planFact == 2): Object: 'Object Repository/Выполнение бизнес-плана/Кнопка Факт' is clicked on

11-12-2024T08:07:15 - [TEST_STEP][PASSED] - click(findTestObject("Выполнение бизнес-плана/Кнопка Факт")): Object: 'Object Repository/Выполнение бизнес-плана/Кнопка Факт' is clicked on

11-12-2024T08:07:15 - [MESSAGE][PASSED] - Object: 'Object Repository/Выполнение бизнес-плана/Кнопка Факт' is clicked on

11-12-2024T08:07:15 - [TEST_STEP][PASSED] - if (a == 84 || a == 82): null

11-12-2024T08:07:15 - [TEST_STEP][PASSED] - else if (a == 52 || a == 72 || a == 28 || a == 73 || a == 77 || a == 74 || a == 65 || a == 36 || a == 44 || a == 53 || a == 80 || a == 54 || a == 1 || a == 18 || a == 59 || a == 81): null

11-12-2024T08:07:15 - [TEST_STEP][PASSED] - else: null

11-12-2024T08:07:15 - [TEST_STEP][PASSED] - page1 = getText(findTestObject("Object Repository/Выполнение бизнес-плана/spanPlan" + filialNum)): Text of object 'Object Repository/Выполнение бизнес-плана/spanPlan4' is: '9.82
|'

11-12-2024T08:07:16 - [MESSAGE][PASSED] - Text of object 'Object Repository/Выполнение бизнес-плана/spanPlan4' is: '9.82
|'

11-12-2024T08:07:16 - [TEST_STEP][PASSED] - page1 = page1.replace("|", ""): null

11-12-2024T08:07:16 - [TEST_STEP][PASSED] - page2 = getText(findTestObject("Object Repository/Выполнение бизнес-плана/spanFact" + filialNum)): Text of object 'Object Repository/Выполнение бизнес-плана/spanFact4' is: '9.51
|'

11-12-2024T08:07:16 - [MESSAGE][PASSED] - Text of object 'Object Repository/Выполнение бизнес-плана/spanFact4' is: '9.51
|'

11-12-2024T08:07:16 - [TEST_STEP][PASSED] - page2 = page2.replace("|", ""): null

11-12-2024T08:07:16 - [TEST_STEP][PASSED] - println("page1: " + page1): null

11-12-2024T08:07:16 - [TEST_STEP][PASSED] - println("page2: " + page2): null

11-12-2024T08:07:16 - [TEST_STEP][PASSED] - file = findTestData("PlanFact").getValue(4, a): null

11-12-2024T08:07:16 - [TEST_STEP][PASSED] - file = file.replace(",", "."): null

11-12-2024T08:07:16 - [TEST_STEP][PASSED] - println("file Plan: " + file): null

11-12-2024T08:07:16 - [TEST_STEP][PASSED] - typeOfData = "План в процентах": null

11-12-2024T08:07:16 - [TEST_STEP][PASSED] - fileDouble = file.toDouble(): null

11-12-2024T08:07:16 - [TEST_STEP][PASSED] - pageDouble = page1.toDouble(): null

11-12-2024T08:07:16 - [TEST_STEP][PASSED] - if (fileDouble != pageDouble): null

11-12-2024T08:07:16 - [TEST_STEP][PASSED] - file = findTestData("PlanFact").getValue(7, a): null

11-12-2024T08:07:16 - [TEST_STEP][PASSED] - file = file.replace(",", "."): null

11-12-2024T08:07:16 - [TEST_STEP][PASSED] - println("file Fact: " + file): null

11-12-2024T08:07:16 - [TEST_STEP][PASSED] - fileDouble = file.toDouble(): null

11-12-2024T08:07:16 - [TEST_STEP][PASSED] - typeOfData = "Факт в процентах": null

11-12-2024T08:07:16 - [TEST_STEP][PASSED] - fileDouble = file.toDouble(): null

11-12-2024T08:07:16 - [TEST_STEP][PASSED] - pageDouble = page2.toDouble(): null

11-12-2024T08:07:16 - [TEST_STEP][PASSED] - if (fileDouble != pageDouble): null

11-12-2024T08:07:16 - [TEST_STEP][PASSED] - if (verifyEqual(numberOfErrors, 0) == false): Actual object '0' and expected object '0' are equal

11-12-2024T08:07:16 - [MESSAGE][PASSED] - Actual object '0' and expected object '0' are equal

11-12-2024T08:07:16 - [TEST_STEP][PASSED] - if (a == 82): null

11-12-2024T08:07:16 - [TEST_STEP][PASSED] - dZO = "Брянскэнерго": null

11-12-2024T08:07:16 - [TEST_STEP][PASSED] - a = 3: null

11-12-2024T08:07:16 - [TEST_STEP][PASSED] - if (x2.contains(dZO)): null

11-12-2024T08:07:16 - [TEST_STEP][PASSED] - filialNum = filialNum + 1: null

11-12-2024T08:07:16 - [TEST_STEP][PASSED] - Script1718980020443.Numbers(a, typeOfData, todaysDate, pageInt, fileInt, pageDouble, fileDouble, dZO, dzoNum, filialNum): null

11-12-2024T08:07:16 - [TEST_STEP][PASSED] - println(dzoNum): null

11-12-2024T08:07:16 - [TEST_STEP][PASSED] - planFact = <not implemented yet for class: org.codehaus.groovy.ast.expr.EmptyExpression>: null

11-12-2024T08:07:16 - [TEST_STEP][PASSED] - page = <not implemented yet for class: org.codehaus.groovy.ast.expr.EmptyExpression>: null

11-12-2024T08:07:16 - [TEST_STEP][PASSED] - page1 = <not implemented yet for class: org.codehaus.groovy.ast.expr.EmptyExpression>: null

11-12-2024T08:07:16 - [TEST_STEP][PASSED] - page2 = <not implemented yet for class: org.codehaus.groovy.ast.expr.EmptyExpression>: null

11-12-2024T08:07:16 - [TEST_STEP][PASSED] - filialNumberInRow = <not implemented yet for class: org.codehaus.groovy.ast.expr.EmptyExpression>: null

11-12-2024T08:07:16 - [TEST_STEP][PASSED] - filialsDzoNames = <not implemented yet for class: org.codehaus.groovy.ast.expr.EmptyExpression>: null

11-12-2024T08:07:16 - [TEST_STEP][PASSED] - numberOfFilials = <not implemented yet for class: org.codehaus.groovy.ast.expr.EmptyExpression>: null

11-12-2024T08:07:16 - [TEST_STEP][PASSED] - numberOfSpaces = <not implemented yet for class: org.codehaus.groovy.ast.expr.EmptyExpression>: null

11-12-2024T08:07:16 - [TEST_STEP][PASSED] - file = <not implemented yet for class: org.codehaus.groovy.ast.expr.EmptyExpression>: null

11-12-2024T08:07:16 - [TEST_STEP][PASSED] - otpusk = <not implemented yet for class: org.codehaus.groovy.ast.expr.EmptyExpression>: null

11-12-2024T08:07:16 - [TEST_STEP][PASSED] - poteri = <not implemented yet for class: org.codehaus.groovy.ast.expr.EmptyExpression>: null

11-12-2024T08:07:16 - [TEST_STEP][PASSED] - dataFolder = "Выполнение бизнес-плана/Значения со страницы Выполнение бизнес-плана/": null

11-12-2024T08:07:16 - [TEST_STEP][PASSED] - path = <not implemented yet for class: org.codehaus.groovy.ast.expr.EmptyExpression>: null

11-12-2024T08:07:16 - [TEST_STEP][PASSED] - typeOfDataMain = <not implemented yet for class: org.codehaus.groovy.ast.expr.EmptyExpression>: null

11-12-2024T08:07:16 - [TEST_STEP][PASSED] - fileOtpuskVSet = <not implemented yet for class: org.codehaus.groovy.ast.expr.EmptyExpression>: null

11-12-2024T08:07:16 - [TEST_STEP][PASSED] - pageOtpuskVSet = <not implemented yet for class: org.codehaus.groovy.ast.expr.EmptyExpression>: null

11-12-2024T08:07:16 - [TEST_STEP][PASSED] - filePoteri = <not implemented yet for class: org.codehaus.groovy.ast.expr.EmptyExpression>: null

11-12-2024T08:07:16 - [TEST_STEP][PASSED] - pagePoteri = <not implemented yet for class: org.codehaus.groovy.ast.expr.EmptyExpression>: null

11-12-2024T08:07:16 - [TEST_STEP][PASSED] - compare = <not implemented yet for class: org.codehaus.groovy.ast.expr.EmptyExpression>: null

11-12-2024T08:07:16 - [TEST_STEP][PASSED] - b = <not implemented yet for class: org.codehaus.groovy.ast.expr.EmptyExpression>: null

11-12-2024T08:07:16 - [TEST_STEP][PASSED] - i = <not implemented yet for class: org.codehaus.groovy.ast.expr.EmptyExpression>: null

11-12-2024T08:07:16 - [TEST_STEP][PASSED] - ii = <not implemented yet for class: org.codehaus.groovy.ast.expr.EmptyExpression>: null

11-12-2024T08:07:16 - [TEST_STEP][PASSED] - c = <not implemented yet for class: org.codehaus.groovy.ast.expr.EmptyExpression>: null

11-12-2024T08:07:16 - [TEST_STEP][PASSED] - numberOfErrors = 0: null

11-12-2024T08:07:16 - [TEST_STEP][PASSED] - if (a == 82): null

11-12-2024T08:07:16 - [TEST_STEP][PASSED] - b = findTestData("PlanFact").getValue(1, a): null

11-12-2024T08:07:16 - [TEST_STEP][PASSED] - i = b.indexOf(" (ГК)"): null

11-12-2024T08:07:16 - [TEST_STEP][PASSED] - if (i > -1): null

11-12-2024T08:07:16 - [TEST_STEP][PASSED] - i = b.indexOf("О ""): null

11-12-2024T08:07:16 - [TEST_STEP][PASSED] - if (i > -1): null

11-12-2024T08:07:16 - [TEST_STEP][PASSED] - i = b.indexOf("О «"): null

11-12-2024T08:07:16 - [TEST_STEP][PASSED] - if (i > -1): null

11-12-2024T08:07:16 - [TEST_STEP][PASSED] - i = b.indexOf("г. "): null

11-12-2024T08:07:16 - [TEST_STEP][PASSED] - if (i > -1): null

11-12-2024T08:07:16 - [TEST_STEP][PASSED] - println(b): null

11-12-2024T08:07:16 - [TEST_STEP][PASSED] - for ([planFact = 1, planFact < 3, (planFact++)]): Object: 'Object Repository/Выполнение бизнес-плана/Кнопка Факт' is clicked on

11-12-2024T08:07:16 - [TEST_STEP][PASSED] - if (planFact == 1): null

11-12-2024T08:07:16 - [TEST_STEP][PASSED] - typeOfDataMain = "Факт": null

11-12-2024T08:07:16 - [TEST_STEP][PASSED] - otpusk = findTestData("PlanFact").getValue(5, a): null

11-12-2024T08:07:16 - [TEST_STEP][PASSED] - poteri = findTestData("PlanFact").getValue(6, a): null

11-12-2024T08:07:16 - [TEST_STEP][PASSED] - otpusk = otpusk.replaceAll("\s+", ""): null

11-12-2024T08:07:16 - [TEST_STEP][PASSED] - poteri = poteri.replaceAll("\s+", ""): null

11-12-2024T08:07:16 - [TEST_STEP][PASSED] - typeOfData = typeOfDataMain + " Отпуск в сеть": null

11-12-2024T08:07:16 - [TEST_STEP][PASSED] - if (a == 82): null

11-12-2024T08:07:16 - [TEST_STEP][PASSED] - else if (a == 84): null

11-12-2024T08:07:16 - [TEST_STEP][PASSED] - else if (a == 52 || a == 72 || a == 28 || a == 73 || a == 77 || a == 74 || a == 65 || a == 36 || a == 44 || a == 53 || a == 80 || a == 54 || a == 1 || a == 18 || a == 59 || a == 81): null

11-12-2024T08:07:16 - [TEST_STEP][PASSED] - else: null

11-12-2024T08:07:16 - [TEST_STEP][PASSED] - path = dataFolder + typeOfData + " за отчётный период " + b: null

11-12-2024T08:07:16 - [TEST_STEP][PASSED] - println(path): null

11-12-2024T08:07:16 - [TEST_STEP][PASSED] - page = getText(findTestObject(path)): Text of object 'Object Repository/Выполнение бизнес-плана/Значения со страницы Выполнение бизнес-плана/Факт Отпуск в сеть за отчётный период Брянскэнерго' is: '2 989 661'

11-12-2024T08:07:16 - [MESSAGE][PASSED] - Text of object 'Object Repository/Выполнение бизнес-плана/Значения со страницы Выполнение бизнес-плана/Факт Отпуск в сеть за отчётный период Брянскэнерго' is: '2 989 661'

11-12-2024T08:07:16 - [TEST_STEP][PASSED] - page = page.replaceAll("\s+", ""): null

11-12-2024T08:07:16 - [TEST_STEP][PASSED] - fileOtpuskVSet = otpusk.toInteger(): null

11-12-2024T08:07:16 - [TEST_STEP][PASSED] - pageOtpuskVSet = page.toInteger(): null

11-12-2024T08:07:16 - [TEST_STEP][PASSED] - typeOfData = typeOfDataMain + " Потери": null

11-12-2024T08:07:16 - [TEST_STEP][PASSED] - if (a == 82): null

11-12-2024T08:07:16 - [TEST_STEP][PASSED] - else if (a == 84): null

11-12-2024T08:07:16 - [TEST_STEP][PASSED] - else if (a == 52 || a == 72 || a == 28 || a == 73 || a == 77 || a == 74 || a == 65 || a == 36 || a == 44 || a == 53 || a == 80 || a == 54 || a == 1 || a == 18 || a == 59 || a == 81): null

11-12-2024T08:07:16 - [TEST_STEP][PASSED] - else: null

11-12-2024T08:07:16 - [TEST_STEP][PASSED] - path = dataFolder + typeOfData + " за отчётный период " + b: null

11-12-2024T08:07:16 - [TEST_STEP][PASSED] - page = getText(findTestObject(path)): Text of object 'Object Repository/Выполнение бизнес-плана/Значения со страницы Выполнение бизнес-плана/Факт Потери за отчётный период Брянскэнерго' is: '150 971'

11-12-2024T08:07:17 - [MESSAGE][PASSED] - Text of object 'Object Repository/Выполнение бизнес-плана/Значения со страницы Выполнение бизнес-плана/Факт Потери за отчётный период Брянскэнерго' is: '150 971'

11-12-2024T08:07:17 - [TEST_STEP][PASSED] - page = page.replaceAll("\s+", ""): null

11-12-2024T08:07:17 - [TEST_STEP][PASSED] - filePoteri = poteri.toInteger(): null

11-12-2024T08:07:17 - [TEST_STEP][PASSED] - pagePoteri = page.toInteger(): null

11-12-2024T08:07:17 - [TEST_STEP][PASSED] - compare = pageOtpuskVSet: null

11-12-2024T08:07:17 - [TEST_STEP][PASSED] - if (compare == fileOtpuskVSet): null

11-12-2024T08:07:17 - [TEST_STEP][PASSED] - if (compare == fileOtpuskVSet): null

11-12-2024T08:07:17 - [TEST_STEP][PASSED] - compare = pagePoteri: null

11-12-2024T08:07:17 - [TEST_STEP][PASSED] - if (compare == filePoteri): null

11-12-2024T08:07:17 - [TEST_STEP][PASSED] - if (compare == filePoteri): null

11-12-2024T08:07:17 - [TEST_STEP][PASSED] - if (planFact == 2): null

11-12-2024T08:07:17 - [TEST_STEP][PASSED] - if (planFact == 1): null

11-12-2024T08:07:17 - [TEST_STEP][PASSED] - else if (planFact == 2): null

11-12-2024T08:07:17 - [TEST_STEP][PASSED] - click(findTestObject("Выполнение бизнес-плана/Кнопка План")): Object: 'Object Repository/Выполнение бизнес-плана/Кнопка План' is clicked on

11-12-2024T08:07:17 - [MESSAGE][PASSED] - Object: 'Object Repository/Выполнение бизнес-плана/Кнопка План' is clicked on

11-12-2024T08:07:17 - [TEST_STEP][PASSED] - typeOfDataMain = "План": null

11-12-2024T08:07:17 - [TEST_STEP][PASSED] - otpusk = findTestData("PlanFact").getValue(2, a): null

11-12-2024T08:07:17 - [TEST_STEP][PASSED] - poteri = findTestData("PlanFact").getValue(3, a): null

11-12-2024T08:07:17 - [TEST_STEP][PASSED] - otpusk = otpusk.replaceAll("\s+", ""): null

11-12-2024T08:07:17 - [TEST_STEP][PASSED] - poteri = poteri.replaceAll("\s+", ""): null

11-12-2024T08:07:17 - [TEST_STEP][PASSED] - typeOfData = typeOfDataMain + " Отпуск в сеть": null

11-12-2024T08:07:17 - [TEST_STEP][PASSED] - if (a == 82): null

11-12-2024T08:07:17 - [TEST_STEP][PASSED] - else if (a == 84): null

11-12-2024T08:07:17 - [TEST_STEP][PASSED] - else if (a == 52 || a == 72 || a == 28 || a == 73 || a == 77 || a == 74 || a == 65 || a == 36 || a == 44 || a == 53 || a == 80 || a == 54 || a == 1 || a == 18 || a == 59 || a == 81): null

11-12-2024T08:07:17 - [TEST_STEP][PASSED] - else: null

11-12-2024T08:07:17 - [TEST_STEP][PASSED] - path = dataFolder + typeOfData + " за отчётный период " + b: null

11-12-2024T08:07:17 - [TEST_STEP][PASSED] - println(path): null

11-12-2024T08:07:17 - [TEST_STEP][PASSED] - page = getText(findTestObject(path)): Text of object 'Object Repository/Выполнение бизнес-плана/Значения со страницы Выполнение бизнес-плана/План Отпуск в сеть за отчётный период Брянскэнерго' is: '2 959 336'

11-12-2024T08:07:18 - [MESSAGE][PASSED] - Text of object 'Object Repository/Выполнение бизнес-плана/Значения со страницы Выполнение бизнес-плана/План Отпуск в сеть за отчётный период Брянскэнерго' is: '2 959 336'

11-12-2024T08:07:18 - [TEST_STEP][PASSED] - page = page.replaceAll("\s+", ""): null

11-12-2024T08:07:18 - [TEST_STEP][PASSED] - fileOtpuskVSet = otpusk.toInteger(): null

11-12-2024T08:07:18 - [TEST_STEP][PASSED] - pageOtpuskVSet = page.toInteger(): null

11-12-2024T08:07:18 - [TEST_STEP][PASSED] - typeOfData = typeOfDataMain + " Потери": null

11-12-2024T08:07:18 - [TEST_STEP][PASSED] - if (a == 82): null

11-12-2024T08:07:18 - [TEST_STEP][PASSED] - else if (a == 84): null

11-12-2024T08:07:18 - [TEST_STEP][PASSED] - else if (a == 52 || a == 72 || a == 28 || a == 73 || a == 77 || a == 74 || a == 65 || a == 36 || a == 44 || a == 53 || a == 80 || a == 54 || a == 1 || a == 18 || a == 59 || a == 81): null

11-12-2024T08:07:18 - [TEST_STEP][PASSED] - else: null

11-12-2024T08:07:18 - [TEST_STEP][PASSED] - path = dataFolder + typeOfData + " за отчётный период " + b: null

11-12-2024T08:07:18 - [TEST_STEP][PASSED] - page = getText(findTestObject(path)): Text of object 'Object Repository/Выполнение бизнес-плана/Значения со страницы Выполнение бизнес-плана/План Потери за отчётный период Брянскэнерго' is: '154 598'

11-12-2024T08:07:18 - [MESSAGE][PASSED] - Text of object 'Object Repository/Выполнение бизнес-плана/Значения со страницы Выполнение бизнес-плана/План Потери за отчётный период Брянскэнерго' is: '154 598'

11-12-2024T08:07:18 - [TEST_STEP][PASSED] - page = page.replaceAll("\s+", ""): null

11-12-2024T08:07:18 - [TEST_STEP][PASSED] - filePoteri = poteri.toInteger(): null

11-12-2024T08:07:18 - [TEST_STEP][PASSED] - pagePoteri = page.toInteger(): null

11-12-2024T08:07:18 - [TEST_STEP][PASSED] - compare = pageOtpuskVSet: null

11-12-2024T08:07:18 - [TEST_STEP][PASSED] - if (compare == fileOtpuskVSet): null

11-12-2024T08:07:18 - [TEST_STEP][PASSED] - if (compare == fileOtpuskVSet): null

11-12-2024T08:07:18 - [TEST_STEP][PASSED] - compare = pagePoteri: null

11-12-2024T08:07:18 - [TEST_STEP][PASSED] - if (compare == filePoteri): null

11-12-2024T08:07:18 - [TEST_STEP][PASSED] - if (compare == filePoteri): null

11-12-2024T08:07:18 - [TEST_STEP][PASSED] - if (planFact == 2): Object: 'Object Repository/Выполнение бизнес-плана/Кнопка Факт' is clicked on

11-12-2024T08:07:18 - [TEST_STEP][PASSED] - click(findTestObject("Выполнение бизнес-плана/Кнопка Факт")): Object: 'Object Repository/Выполнение бизнес-плана/Кнопка Факт' is clicked on

11-12-2024T08:07:18 - [MESSAGE][PASSED] - Object: 'Object Repository/Выполнение бизнес-плана/Кнопка Факт' is clicked on

11-12-2024T08:07:18 - [TEST_STEP][PASSED] - if (a == 84 || a == 82): null

11-12-2024T08:07:18 - [TEST_STEP][PASSED] - else if (a == 52 || a == 72 || a == 28 || a == 73 || a == 77 || a == 74 || a == 65 || a == 36 || a == 44 || a == 53 || a == 80 || a == 54 || a == 1 || a == 18 || a == 59 || a == 81): null

11-12-2024T08:07:18 - [TEST_STEP][PASSED] - else: null

11-12-2024T08:07:18 - [TEST_STEP][PASSED] - page1 = getText(findTestObject("Object Repository/Выполнение бизнес-плана/spanPlan" + filialNum)): Text of object 'Object Repository/Выполнение бизнес-плана/spanPlan5' is: '5.22
|'

11-12-2024T08:07:18 - [MESSAGE][PASSED] - Text of object 'Object Repository/Выполнение бизнес-плана/spanPlan5' is: '5.22
|'

11-12-2024T08:07:18 - [TEST_STEP][PASSED] - page1 = page1.replace("|", ""): null

11-12-2024T08:07:18 - [TEST_STEP][PASSED] - page2 = getText(findTestObject("Object Repository/Выполнение бизнес-плана/spanFact" + filialNum)): Text of object 'Object Repository/Выполнение бизнес-плана/spanFact5' is: '5.05
|'

11-12-2024T08:07:19 - [MESSAGE][PASSED] - Text of object 'Object Repository/Выполнение бизнес-плана/spanFact5' is: '5.05
|'

11-12-2024T08:07:19 - [TEST_STEP][PASSED] - page2 = page2.replace("|", ""): null

11-12-2024T08:07:19 - [TEST_STEP][PASSED] - println("page1: " + page1): null

11-12-2024T08:07:19 - [TEST_STEP][PASSED] - println("page2: " + page2): null

11-12-2024T08:07:19 - [TEST_STEP][PASSED] - file = findTestData("PlanFact").getValue(4, a): null

11-12-2024T08:07:19 - [TEST_STEP][PASSED] - file = file.replace(",", "."): null

11-12-2024T08:07:19 - [TEST_STEP][PASSED] - println("file Plan: " + file): null

11-12-2024T08:07:19 - [TEST_STEP][PASSED] - typeOfData = "План в процентах": null

11-12-2024T08:07:19 - [TEST_STEP][PASSED] - fileDouble = file.toDouble(): null

11-12-2024T08:07:19 - [TEST_STEP][PASSED] - pageDouble = page1.toDouble(): null

11-12-2024T08:07:19 - [TEST_STEP][PASSED] - if (fileDouble != pageDouble): null

11-12-2024T08:07:19 - [TEST_STEP][PASSED] - file = findTestData("PlanFact").getValue(7, a): null

11-12-2024T08:07:19 - [TEST_STEP][PASSED] - file = file.replace(",", "."): null

11-12-2024T08:07:19 - [TEST_STEP][PASSED] - println("file Fact: " + file): null

11-12-2024T08:07:19 - [TEST_STEP][PASSED] - fileDouble = file.toDouble(): null

11-12-2024T08:07:19 - [TEST_STEP][PASSED] - typeOfData = "Факт в процентах": null

11-12-2024T08:07:19 - [TEST_STEP][PASSED] - fileDouble = file.toDouble(): null

11-12-2024T08:07:19 - [TEST_STEP][PASSED] - pageDouble = page2.toDouble(): null

11-12-2024T08:07:19 - [TEST_STEP][PASSED] - if (fileDouble != pageDouble): null

11-12-2024T08:07:19 - [TEST_STEP][PASSED] - if (verifyEqual(numberOfErrors, 0) == false): Actual object '0' and expected object '0' are equal

11-12-2024T08:07:19 - [MESSAGE][PASSED] - Actual object '0' and expected object '0' are equal

11-12-2024T08:07:19 - [TEST_STEP][PASSED] - if (a == 82): null

11-12-2024T08:07:19 - [TEST_STEP][PASSED] - dZO = "Воронежэнерго": null

11-12-2024T08:07:19 - [TEST_STEP][PASSED] - a = 4: null

11-12-2024T08:07:19 - [TEST_STEP][PASSED] - if (x2.contains(dZO)): null

11-12-2024T08:07:19 - [TEST_STEP][PASSED] - filialNum = filialNum + 1: null

11-12-2024T08:07:19 - [TEST_STEP][PASSED] - Script1718980020443.Numbers(a, typeOfData, todaysDate, pageInt, fileInt, pageDouble, fileDouble, dZO, dzoNum, filialNum): null

11-12-2024T08:07:19 - [TEST_STEP][PASSED] - println(dzoNum): null

11-12-2024T08:07:19 - [TEST_STEP][PASSED] - planFact = <not implemented yet for class: org.codehaus.groovy.ast.expr.EmptyExpression>: null

11-12-2024T08:07:19 - [TEST_STEP][PASSED] - page = <not implemented yet for class: org.codehaus.groovy.ast.expr.EmptyExpression>: null

11-12-2024T08:07:19 - [TEST_STEP][PASSED] - page1 = <not implemented yet for class: org.codehaus.groovy.ast.expr.EmptyExpression>: null

11-12-2024T08:07:19 - [TEST_STEP][PASSED] - page2 = <not implemented yet for class: org.codehaus.groovy.ast.expr.EmptyExpression>: null

11-12-2024T08:07:19 - [TEST_STEP][PASSED] - filialNumberInRow = <not implemented yet for class: org.codehaus.groovy.ast.expr.EmptyExpression>: null

11-12-2024T08:07:19 - [TEST_STEP][PASSED] - filialsDzoNames = <not implemented yet for class: org.codehaus.groovy.ast.expr.EmptyExpression>: null

11-12-2024T08:07:19 - [TEST_STEP][PASSED] - numberOfFilials = <not implemented yet for class: org.codehaus.groovy.ast.expr.EmptyExpression>: null

11-12-2024T08:07:19 - [TEST_STEP][PASSED] - numberOfSpaces = <not implemented yet for class: org.codehaus.groovy.ast.expr.EmptyExpression>: null

11-12-2024T08:07:19 - [TEST_STEP][PASSED] - file = <not implemented yet for class: org.codehaus.groovy.ast.expr.EmptyExpression>: null

11-12-2024T08:07:19 - [TEST_STEP][PASSED] - otpusk = <not implemented yet for class: org.codehaus.groovy.ast.expr.EmptyExpression>: null

11-12-2024T08:07:19 - [TEST_STEP][PASSED] - poteri = <not implemented yet for class: org.codehaus.groovy.ast.expr.EmptyExpression>: null

11-12-2024T08:07:19 - [TEST_STEP][PASSED] - dataFolder = "Выполнение бизнес-плана/Значения со страницы Выполнение бизнес-плана/": null

11-12-2024T08:07:19 - [TEST_STEP][PASSED] - path = <not implemented yet for class: org.codehaus.groovy.ast.expr.EmptyExpression>: null

11-12-2024T08:07:19 - [TEST_STEP][PASSED] - typeOfDataMain = <not implemented yet for class: org.codehaus.groovy.ast.expr.EmptyExpression>: null

11-12-2024T08:07:19 - [TEST_STEP][PASSED] - fileOtpuskVSet = <not implemented yet for class: org.codehaus.groovy.ast.expr.EmptyExpression>: null

11-12-2024T08:07:19 - [TEST_STEP][PASSED] - pageOtpuskVSet = <not implemented yet for class: org.codehaus.groovy.ast.expr.EmptyExpression>: null

11-12-2024T08:07:19 - [TEST_STEP][PASSED] - filePoteri = <not implemented yet for class: org.codehaus.groovy.ast.expr.EmptyExpression>: null

11-12-2024T08:07:19 - [TEST_STEP][PASSED] - pagePoteri = <not implemented yet for class: org.codehaus.groovy.ast.expr.EmptyExpression>: null

11-12-2024T08:07:19 - [TEST_STEP][PASSED] - compare = <not implemented yet for class: org.codehaus.groovy.ast.expr.EmptyExpression>: null

11-12-2024T08:07:19 - [TEST_STEP][PASSED] - b = <not implemented yet for class: org.codehaus.groovy.ast.expr.EmptyExpression>: null

11-12-2024T08:07:19 - [TEST_STEP][PASSED] - i = <not implemented yet for class: org.codehaus.groovy.ast.expr.EmptyExpression>: null

11-12-2024T08:07:19 - [TEST_STEP][PASSED] - ii = <not implemented yet for class: org.codehaus.groovy.ast.expr.EmptyExpression>: null

11-12-2024T08:07:19 - [TEST_STEP][PASSED] - c = <not implemented yet for class: org.codehaus.groovy.ast.expr.EmptyExpression>: null

11-12-2024T08:07:19 - [TEST_STEP][PASSED] - numberOfErrors = 0: null

11-12-2024T08:07:19 - [TEST_STEP][PASSED] - if (a == 82): null

11-12-2024T08:07:19 - [TEST_STEP][PASSED] - b = findTestData("PlanFact").getValue(1, a): null

11-12-2024T08:07:19 - [TEST_STEP][PASSED] - i = b.indexOf(" (ГК)"): null

11-12-2024T08:07:19 - [TEST_STEP][PASSED] - if (i > -1): null

11-12-2024T08:07:19 - [TEST_STEP][PASSED] - i = b.indexOf("О ""): null

11-12-2024T08:07:19 - [TEST_STEP][PASSED] - if (i > -1): null

11-12-2024T08:07:19 - [TEST_STEP][PASSED] - i = b.indexOf("О «"): null

11-12-2024T08:07:19 - [TEST_STEP][PASSED] - if (i > -1): null

11-12-2024T08:07:19 - [TEST_STEP][PASSED] - i = b.indexOf("г. "): null

11-12-2024T08:07:19 - [TEST_STEP][PASSED] - if (i > -1): null

11-12-2024T08:07:19 - [TEST_STEP][PASSED] - println(b): null

11-12-2024T08:07:19 - [TEST_STEP][PASSED] - for ([planFact = 1, planFact < 3, (planFact++)]): Object: 'Object Repository/Выполнение бизнес-плана/Кнопка Факт' is clicked on

11-12-2024T08:07:19 - [TEST_STEP][PASSED] - if (planFact == 1): null

11-12-2024T08:07:19 - [TEST_STEP][PASSED] - typeOfDataMain = "Факт": null

11-12-2024T08:07:19 - [TEST_STEP][PASSED] - otpusk = findTestData("PlanFact").getValue(5, a): null

11-12-2024T08:07:19 - [TEST_STEP][PASSED] - poteri = findTestData("PlanFact").getValue(6, a): null

11-12-2024T08:07:19 - [TEST_STEP][PASSED] - otpusk = otpusk.replaceAll("\s+", ""): null

11-12-2024T08:07:19 - [TEST_STEP][PASSED] - poteri = poteri.replaceAll("\s+", ""): null

11-12-2024T08:07:19 - [TEST_STEP][PASSED] - typeOfData = typeOfDataMain + " Отпуск в сеть": null

11-12-2024T08:07:19 - [TEST_STEP][PASSED] - if (a == 82): null

11-12-2024T08:07:19 - [TEST_STEP][PASSED] - else if (a == 84): null

11-12-2024T08:07:19 - [TEST_STEP][PASSED] - else if (a == 52 || a == 72 || a == 28 || a == 73 || a == 77 || a == 74 || a == 65 || a == 36 || a == 44 || a == 53 || a == 80 || a == 54 || a == 1 || a == 18 || a == 59 || a == 81): null

11-12-2024T08:07:19 - [TEST_STEP][PASSED] - else: null

11-12-2024T08:07:19 - [TEST_STEP][PASSED] - path = dataFolder + typeOfData + " за отчётный период " + b: null

11-12-2024T08:07:19 - [TEST_STEP][PASSED] - println(path): null

11-12-2024T08:07:19 - [TEST_STEP][PASSED] - page = getText(findTestObject(path)): Text of object 'Object Repository/Выполнение бизнес-плана/Значения со страницы Выполнение бизнес-плана/Факт Отпуск в сеть за отчётный период Воронежэнерго' is: '8 298 986'

11-12-2024T08:07:19 - [MESSAGE][PASSED] - Text of object 'Object Repository/Выполнение бизнес-плана/Значения со страницы Выполнение бизнес-плана/Факт Отпуск в сеть за отчётный период Воронежэнерго' is: '8 298 986'

11-12-2024T08:07:19 - [TEST_STEP][PASSED] - page = page.replaceAll("\s+", ""): null

11-12-2024T08:07:19 - [TEST_STEP][PASSED] - fileOtpuskVSet = otpusk.toInteger(): null

11-12-2024T08:07:19 - [TEST_STEP][PASSED] - pageOtpuskVSet = page.toInteger(): null

11-12-2024T08:07:19 - [TEST_STEP][PASSED] - typeOfData = typeOfDataMain + " Потери": null

11-12-2024T08:07:19 - [TEST_STEP][PASSED] - if (a == 82): null

11-12-2024T08:07:19 - [TEST_STEP][PASSED] - else if (a == 84): null

11-12-2024T08:07:19 - [TEST_STEP][PASSED] - else if (a == 52 || a == 72 || a == 28 || a == 73 || a == 77 || a == 74 || a == 65 || a == 36 || a == 44 || a == 53 || a == 80 || a == 54 || a == 1 || a == 18 || a == 59 || a == 81): null

11-12-2024T08:07:19 - [TEST_STEP][PASSED] - else: null

11-12-2024T08:07:19 - [TEST_STEP][PASSED] - path = dataFolder + typeOfData + " за отчётный период " + b: null

11-12-2024T08:07:19 - [TEST_STEP][PASSED] - page = getText(findTestObject(path)): Text of object 'Object Repository/Выполнение бизнес-плана/Значения со страницы Выполнение бизнес-плана/Факт Потери за отчётный период Воронежэнерго' is: '608 684'

11-12-2024T08:07:20 - [MESSAGE][PASSED] - Text of object 'Object Repository/Выполнение бизнес-плана/Значения со страницы Выполнение бизнес-плана/Факт Потери за отчётный период Воронежэнерго' is: '608 684'

11-12-2024T08:07:20 - [TEST_STEP][PASSED] - page = page.replaceAll("\s+", ""): null

11-12-2024T08:07:20 - [TEST_STEP][PASSED] - filePoteri = poteri.toInteger(): null

11-12-2024T08:07:20 - [TEST_STEP][PASSED] - pagePoteri = page.toInteger(): null

11-12-2024T08:07:20 - [TEST_STEP][PASSED] - compare = pageOtpuskVSet: null

11-12-2024T08:07:20 - [TEST_STEP][PASSED] - if (compare == fileOtpuskVSet): null

11-12-2024T08:07:20 - [TEST_STEP][PASSED] - if (compare == fileOtpuskVSet): null

11-12-2024T08:07:20 - [TEST_STEP][PASSED] - compare = pagePoteri: null

11-12-2024T08:07:20 - [TEST_STEP][PASSED] - if (compare == filePoteri): null

11-12-2024T08:07:20 - [TEST_STEP][PASSED] - if (compare == filePoteri): null

11-12-2024T08:07:20 - [TEST_STEP][PASSED] - if (planFact == 2): null

11-12-2024T08:07:20 - [TEST_STEP][PASSED] - if (planFact == 1): null

11-12-2024T08:07:20 - [TEST_STEP][PASSED] - else if (planFact == 2): null

11-12-2024T08:07:20 - [TEST_STEP][PASSED] - click(findTestObject("Выполнение бизнес-плана/Кнопка План")): Object: 'Object Repository/Выполнение бизнес-плана/Кнопка План' is clicked on

11-12-2024T08:07:20 - [MESSAGE][PASSED] - Object: 'Object Repository/Выполнение бизнес-плана/Кнопка План' is clicked on

11-12-2024T08:07:20 - [TEST_STEP][PASSED] - typeOfDataMain = "План": null

11-12-2024T08:07:20 - [TEST_STEP][PASSED] - otpusk = findTestData("PlanFact").getValue(2, a): null

11-12-2024T08:07:20 - [TEST_STEP][PASSED] - poteri = findTestData("PlanFact").getValue(3, a): null

11-12-2024T08:07:20 - [TEST_STEP][PASSED] - otpusk = otpusk.replaceAll("\s+", ""): null

11-12-2024T08:07:20 - [TEST_STEP][PASSED] - poteri = poteri.replaceAll("\s+", ""): null

11-12-2024T08:07:20 - [TEST_STEP][PASSED] - typeOfData = typeOfDataMain + " Отпуск в сеть": null

11-12-2024T08:07:20 - [TEST_STEP][PASSED] - if (a == 82): null

11-12-2024T08:07:20 - [TEST_STEP][PASSED] - else if (a == 84): null

11-12-2024T08:07:20 - [TEST_STEP][PASSED] - else if (a == 52 || a == 72 || a == 28 || a == 73 || a == 77 || a == 74 || a == 65 || a == 36 || a == 44 || a == 53 || a == 80 || a == 54 || a == 1 || a == 18 || a == 59 || a == 81): null

11-12-2024T08:07:20 - [TEST_STEP][PASSED] - else: null

11-12-2024T08:07:20 - [TEST_STEP][PASSED] - path = dataFolder + typeOfData + " за отчётный период " + b: null

11-12-2024T08:07:20 - [TEST_STEP][PASSED] - println(path): null

11-12-2024T08:07:20 - [TEST_STEP][PASSED] - page = getText(findTestObject(path)): Text of object 'Object Repository/Выполнение бизнес-плана/Значения со страницы Выполнение бизнес-плана/План Отпуск в сеть за отчётный период Воронежэнерго' is: '8 048 583'

11-12-2024T08:07:20 - [MESSAGE][PASSED] - Text of object 'Object Repository/Выполнение бизнес-плана/Значения со страницы Выполнение бизнес-плана/План Отпуск в сеть за отчётный период Воронежэнерго' is: '8 048 583'

11-12-2024T08:07:20 - [TEST_STEP][PASSED] - page = page.replaceAll("\s+", ""): null

11-12-2024T08:07:20 - [TEST_STEP][PASSED] - fileOtpuskVSet = otpusk.toInteger(): null

11-12-2024T08:07:20 - [TEST_STEP][PASSED] - pageOtpuskVSet = page.toInteger(): null

11-12-2024T08:07:20 - [TEST_STEP][PASSED] - typeOfData = typeOfDataMain + " Потери": null

11-12-2024T08:07:20 - [TEST_STEP][PASSED] - if (a == 82): null

11-12-2024T08:07:20 - [TEST_STEP][PASSED] - else if (a == 84): null

11-12-2024T08:07:20 - [TEST_STEP][PASSED] - else if (a == 52 || a == 72 || a == 28 || a == 73 || a == 77 || a == 74 || a == 65 || a == 36 || a == 44 || a == 53 || a == 80 || a == 54 || a == 1 || a == 18 || a == 59 || a == 81): null

11-12-2024T08:07:20 - [TEST_STEP][PASSED] - else: null

11-12-2024T08:07:20 - [TEST_STEP][PASSED] - path = dataFolder + typeOfData + " за отчётный период " + b: null

11-12-2024T08:07:20 - [TEST_STEP][PASSED] - page = getText(findTestObject(path)): Text of object 'Object Repository/Выполнение бизнес-плана/Значения со страницы Выполнение бизнес-плана/План Потери за отчётный период Воронежэнерго' is: '628 255'

11-12-2024T08:07:21 - [MESSAGE][PASSED] - Text of object 'Object Repository/Выполнение бизнес-плана/Значения со страницы Выполнение бизнес-плана/План Потери за отчётный период Воронежэнерго' is: '628 255'

11-12-2024T08:07:21 - [TEST_STEP][PASSED] - page = page.replaceAll("\s+", ""): null

11-12-2024T08:07:21 - [TEST_STEP][PASSED] - filePoteri = poteri.toInteger(): null

11-12-2024T08:07:21 - [TEST_STEP][PASSED] - pagePoteri = page.toInteger(): null

11-12-2024T08:07:21 - [TEST_STEP][PASSED] - compare = pageOtpuskVSet: null

11-12-2024T08:07:21 - [TEST_STEP][PASSED] - if (compare == fileOtpuskVSet): null

11-12-2024T08:07:21 - [TEST_STEP][PASSED] - if (compare == fileOtpuskVSet): null

11-12-2024T08:07:21 - [TEST_STEP][PASSED] - compare = pagePoteri: null

11-12-2024T08:07:21 - [TEST_STEP][PASSED] - if (compare == filePoteri): null

11-12-2024T08:07:21 - [TEST_STEP][PASSED] - if (compare == filePoteri): null

11-12-2024T08:07:21 - [TEST_STEP][PASSED] - if (planFact == 2): Object: 'Object Repository/Выполнение бизнес-плана/Кнопка Факт' is clicked on

11-12-2024T08:07:21 - [TEST_STEP][PASSED] - click(findTestObject("Выполнение бизнес-плана/Кнопка Факт")): Object: 'Object Repository/Выполнение бизнес-плана/Кнопка Факт' is clicked on

11-12-2024T08:07:21 - [MESSAGE][PASSED] - Object: 'Object Repository/Выполнение бизнес-плана/Кнопка Факт' is clicked on

11-12-2024T08:07:21 - [TEST_STEP][PASSED] - if (a == 84 || a == 82): null

11-12-2024T08:07:21 - [TEST_STEP][PASSED] - else if (a == 52 || a == 72 || a == 28 || a == 73 || a == 77 || a == 74 || a == 65 || a == 36 || a == 44 || a == 53 || a == 80 || a == 54 || a == 1 || a == 18 || a == 59 || a == 81): null

11-12-2024T08:07:21 - [TEST_STEP][PASSED] - else: null

11-12-2024T08:07:21 - [TEST_STEP][PASSED] - page1 = getText(findTestObject("Object Repository/Выполнение бизнес-плана/spanPlan" + filialNum)): Text of object 'Object Repository/Выполнение бизнес-плана/spanPlan6' is: '7.81
|'

11-12-2024T08:07:21 - [MESSAGE][PASSED] - Text of object 'Object Repository/Выполнение бизнес-плана/spanPlan6' is: '7.81
|'

11-12-2024T08:07:21 - [TEST_STEP][PASSED] - page1 = page1.replace("|", ""): null

11-12-2024T08:07:21 - [TEST_STEP][PASSED] - page2 = getText(findTestObject("Object Repository/Выполнение бизнес-плана/spanFact" + filialNum)): Text of object 'Object Repository/Выполнение бизнес-плана/spanFact6' is: '7.33
|'

11-12-2024T08:07:22 - [MESSAGE][PASSED] - Text of object 'Object Repository/Выполнение бизнес-плана/spanFact6' is: '7.33
|'

11-12-2024T08:07:22 - [TEST_STEP][PASSED] - page2 = page2.replace("|", ""): null

11-12-2024T08:07:22 - [TEST_STEP][PASSED] - println("page1: " + page1): null

11-12-2024T08:07:22 - [TEST_STEP][PASSED] - println("page2: " + page2): null

11-12-2024T08:07:22 - [TEST_STEP][PASSED] - file = findTestData("PlanFact").getValue(4, a): null

11-12-2024T08:07:22 - [TEST_STEP][PASSED] - file = file.replace(",", "."): null

11-12-2024T08:07:22 - [TEST_STEP][PASSED] - println("file Plan: " + file): null

11-12-2024T08:07:22 - [TEST_STEP][PASSED] - typeOfData = "План в процентах": null

11-12-2024T08:07:22 - [TEST_STEP][PASSED] - fileDouble = file.toDouble(): null

11-12-2024T08:07:22 - [TEST_STEP][PASSED] - pageDouble = page1.toDouble(): null

11-12-2024T08:07:22 - [TEST_STEP][PASSED] - if (fileDouble != pageDouble): null

11-12-2024T08:07:22 - [TEST_STEP][PASSED] - file = findTestData("PlanFact").getValue(7, a): null

11-12-2024T08:07:22 - [TEST_STEP][PASSED] - file = file.replace(",", "."): null

11-12-2024T08:07:22 - [TEST_STEP][PASSED] - println("file Fact: " + file): null

11-12-2024T08:07:22 - [TEST_STEP][PASSED] - fileDouble = file.toDouble(): null

11-12-2024T08:07:22 - [TEST_STEP][PASSED] - typeOfData = "Факт в процентах": null

11-12-2024T08:07:22 - [TEST_STEP][PASSED] - fileDouble = file.toDouble(): null

11-12-2024T08:07:22 - [TEST_STEP][PASSED] - pageDouble = page2.toDouble(): null

11-12-2024T08:07:22 - [TEST_STEP][PASSED] - if (fileDouble != pageDouble): null

11-12-2024T08:07:22 - [TEST_STEP][PASSED] - if (verifyEqual(numberOfErrors, 0) == false): Actual object '0' and expected object '0' are equal

11-12-2024T08:07:22 - [MESSAGE][PASSED] - Actual object '0' and expected object '0' are equal

11-12-2024T08:07:22 - [TEST_STEP][PASSED] - if (a == 82): null

11-12-2024T08:07:22 - [TEST_STEP][PASSED] - dZO = "Костромаэнерго": null

11-12-2024T08:07:22 - [TEST_STEP][PASSED] - a = 5: null

11-12-2024T08:07:22 - [TEST_STEP][PASSED] - if (x2.contains(dZO)): null

11-12-2024T08:07:22 - [TEST_STEP][PASSED] - filialNum = filialNum + 1: null

11-12-2024T08:07:22 - [TEST_STEP][PASSED] - Script1718980020443.Numbers(a, typeOfData, todaysDate, pageInt, fileInt, pageDouble, fileDouble, dZO, dzoNum, filialNum): null

11-12-2024T08:07:22 - [TEST_STEP][PASSED] - println(dzoNum): null

11-12-2024T08:07:22 - [TEST_STEP][PASSED] - planFact = <not implemented yet for class: org.codehaus.groovy.ast.expr.EmptyExpression>: null

11-12-2024T08:07:22 - [TEST_STEP][PASSED] - page = <not implemented yet for class: org.codehaus.groovy.ast.expr.EmptyExpression>: null

11-12-2024T08:07:22 - [TEST_STEP][PASSED] - page1 = <not implemented yet for class: org.codehaus.groovy.ast.expr.EmptyExpression>: null

11-12-2024T08:07:22 - [TEST_STEP][PASSED] - page2 = <not implemented yet for class: org.codehaus.groovy.ast.expr.EmptyExpression>: null

11-12-2024T08:07:22 - [TEST_STEP][PASSED] - filialNumberInRow = <not implemented yet for class: org.codehaus.groovy.ast.expr.EmptyExpression>: null

11-12-2024T08:07:22 - [TEST_STEP][PASSED] - filialsDzoNames = <not implemented yet for class: org.codehaus.groovy.ast.expr.EmptyExpression>: null

11-12-2024T08:07:22 - [TEST_STEP][PASSED] - numberOfFilials = <not implemented yet for class: org.codehaus.groovy.ast.expr.EmptyExpression>: null

11-12-2024T08:07:22 - [TEST_STEP][PASSED] - numberOfSpaces = <not implemented yet for class: org.codehaus.groovy.ast.expr.EmptyExpression>: null

11-12-2024T08:07:22 - [TEST_STEP][PASSED] - file = <not implemented yet for class: org.codehaus.groovy.ast.expr.EmptyExpression>: null

11-12-2024T08:07:22 - [TEST_STEP][PASSED] - otpusk = <not implemented yet for class: org.codehaus.groovy.ast.expr.EmptyExpression>: null

11-12-2024T08:07:22 - [TEST_STEP][PASSED] - poteri = <not implemented yet for class: org.codehaus.groovy.ast.expr.EmptyExpression>: null

11-12-2024T08:07:22 - [TEST_STEP][PASSED] - dataFolder = "Выполнение бизнес-плана/Значения со страницы Выполнение бизнес-плана/": null

11-12-2024T08:07:22 - [TEST_STEP][PASSED] - path = <not implemented yet for class: org.codehaus.groovy.ast.expr.EmptyExpression>: null

11-12-2024T08:07:22 - [TEST_STEP][PASSED] - typeOfDataMain = <not implemented yet for class: org.codehaus.groovy.ast.expr.EmptyExpression>: null

11-12-2024T08:07:22 - [TEST_STEP][PASSED] - fileOtpuskVSet = <not implemented yet for class: org.codehaus.groovy.ast.expr.EmptyExpression>: null

11-12-2024T08:07:22 - [TEST_STEP][PASSED] - pageOtpuskVSet = <not implemented yet for class: org.codehaus.groovy.ast.expr.EmptyExpression>: null

11-12-2024T08:07:22 - [TEST_STEP][PASSED] - filePoteri = <not implemented yet for class: org.codehaus.groovy.ast.expr.EmptyExpression>: null

11-12-2024T08:07:22 - [TEST_STEP][PASSED] - pagePoteri = <not implemented yet for class: org.codehaus.groovy.ast.expr.EmptyExpression>: null

11-12-2024T08:07:22 - [TEST_STEP][PASSED] - compare = <not implemented yet for class: org.codehaus.groovy.ast.expr.EmptyExpression>: null

11-12-2024T08:07:22 - [TEST_STEP][PASSED] - b = <not implemented yet for class: org.codehaus.groovy.ast.expr.EmptyExpression>: null

11-12-2024T08:07:22 - [TEST_STEP][PASSED] - i = <not implemented yet for class: org.codehaus.groovy.ast.expr.EmptyExpression>: null

11-12-2024T08:07:22 - [TEST_STEP][PASSED] - ii = <not implemented yet for class: org.codehaus.groovy.ast.expr.EmptyExpression>: null

11-12-2024T08:07:22 - [TEST_STEP][PASSED] - c = <not implemented yet for class: org.codehaus.groovy.ast.expr.EmptyExpression>: null

11-12-2024T08:07:22 - [TEST_STEP][PASSED] - numberOfErrors = 0: null

11-12-2024T08:07:22 - [TEST_STEP][PASSED] - if (a == 82): null

11-12-2024T08:07:22 - [TEST_STEP][PASSED] - b = findTestData("PlanFact").getValue(1, a): null

11-12-2024T08:07:22 - [TEST_STEP][PASSED] - i = b.indexOf(" (ГК)"): null

11-12-2024T08:07:22 - [TEST_STEP][PASSED] - if (i > -1): null

11-12-2024T08:07:22 - [TEST_STEP][PASSED] - i = b.indexOf("О ""): null

11-12-2024T08:07:22 - [TEST_STEP][PASSED] - if (i > -1): null

11-12-2024T08:07:22 - [TEST_STEP][PASSED] - i = b.indexOf("О «"): null

11-12-2024T08:07:22 - [TEST_STEP][PASSED] - if (i > -1): null

11-12-2024T08:07:22 - [TEST_STEP][PASSED] - i = b.indexOf("г. "): null

11-12-2024T08:07:22 - [TEST_STEP][PASSED] - if (i > -1): null

11-12-2024T08:07:22 - [TEST_STEP][PASSED] - println(b): null

11-12-2024T08:07:22 - [TEST_STEP][PASSED] - for ([planFact = 1, planFact < 3, (planFact++)]): null

11-12-2024T08:07:22 - [TEST_STEP][PASSED] - if (planFact == 1): null

11-12-2024T08:07:22 - [TEST_STEP][PASSED] - typeOfDataMain = "Факт": null

11-12-2024T08:07:22 - [TEST_STEP][PASSED] - otpusk = findTestData("PlanFact").getValue(5, a): null

11-12-2024T08:07:22 - [TEST_STEP][PASSED] - poteri = findTestData("PlanFact").getValue(6, a): null

11-12-2024T08:07:22 - [TEST_STEP][PASSED] - otpusk = otpusk.replaceAll("\s+", ""): null

11-12-2024T08:07:22 - [TEST_STEP][PASSED] - poteri = poteri.replaceAll("\s+", ""): null

11-12-2024T08:07:22 - [TEST_STEP][PASSED] - typeOfData = typeOfDataMain + " Отпуск в сеть": null

11-12-2024T08:07:22 - [TEST_STEP][PASSED] - if (a == 82): null

11-12-2024T08:07:22 - [TEST_STEP][PASSED] - else if (a == 84): null

11-12-2024T08:07:22 - [TEST_STEP][PASSED] - else if (a == 52 || a == 72 || a == 28 || a == 73 || a == 77 || a == 74 || a == 65 || a == 36 || a == 44 || a == 53 || a == 80 || a == 54 || a == 1 || a == 18 || a == 59 || a == 81): null

11-12-2024T08:07:22 - [TEST_STEP][PASSED] - else: null

11-12-2024T08:07:22 - [TEST_STEP][PASSED] - path = dataFolder + typeOfData + " за отчётный период " + b: null

11-12-2024T08:07:22 - [TEST_STEP][PASSED] - println(path): null

11-12-2024T08:07:22 - [TEST_STEP][PASSED] - page = getText(findTestObject(path)): Text of object 'Object Repository/Выполнение бизнес-плана/Значения со страницы Выполнение бизнес-плана/Факт Отпуск в сеть за отчётный период Костромаэнерго' is: '2 317 461'

11-12-2024T08:07:22 - [MESSAGE][PASSED] - Text of object 'Object Repository/Выполнение бизнес-плана/Значения со страницы Выполнение бизнес-плана/Факт Отпуск в сеть за отчётный период Костромаэнерго' is: '2 317 461'

11-12-2024T08:07:22 - [TEST_STEP][PASSED] - page = page.replaceAll("\s+", ""): null

11-12-2024T08:07:22 - [TEST_STEP][PASSED] - fileOtpuskVSet = otpusk.toInteger(): null

11-12-2024T08:07:22 - [TEST_STEP][PASSED] - pageOtpuskVSet = page.toInteger(): null

11-12-2024T08:07:22 - [TEST_STEP][PASSED] - typeOfData = typeOfDataMain + " Потери": null

11-12-2024T08:07:22 - [TEST_STEP][PASSED] - if (a == 82): null

11-12-2024T08:07:22 - [TEST_STEP][PASSED] - else if (a == 84): null

11-12-2024T08:07:22 - [TEST_STEP][PASSED] - else if (a == 52 || a == 72 || a == 28 || a == 73 || a == 77 || a == 74 || a == 65 || a == 36 || a == 44 || a == 53 || a == 80 || a == 54 || a == 1 || a == 18 || a == 59 || a == 81): null

11-12-2024T08:07:22 - [TEST_STEP][PASSED] - else: null

11-12-2024T08:07:22 - [TEST_STEP][PASSED] - path = dataFolder + typeOfData + " за отчётный период " + b: null

11-12-2024T08:07:22 - [TEST_STEP][PASSED] - page = getText(findTestObject(path)): Text of object 'Object Repository/Выполнение бизнес-плана/Значения со страницы Выполнение бизнес-плана/Факт Потери за отчётный период Костромаэнерго' is: '224 354'

11-12-2024T08:07:22 - [MESSAGE][PASSED] - Text of object 'Object Repository/Выполнение бизнес-плана/Значения со страницы Выполнение бизнес-плана/Факт Потери за отчётный период Костромаэнерго' is: '224 354'

11-12-2024T08:07:22 - [TEST_STEP][PASSED] - page = page.replaceAll("\s+", ""): null

11-12-2024T08:07:22 - [TEST_STEP][PASSED] - filePoteri = poteri.toInteger(): null

11-12-2024T08:07:22 - [TEST_STEP][PASSED] - pagePoteri = page.toInteger(): null

11-12-2024T08:07:22 - [TEST_STEP][PASSED] - compare = pageOtpuskVSet: null

11-12-2024T08:07:22 - [TEST_STEP][PASSED] - if (compare == fileOtpuskVSet): null

11-12-2024T08:07:22 - [TEST_STEP][PASSED] - else if (compare > fileOtpuskVSet): null

11-12-2024T08:07:22 - [TEST_STEP][PASSED] - compare = compare - 1: null

11-12-2024T08:07:22 - [TEST_STEP][PASSED] - if (compare == fileOtpuskVSet): null

11-12-2024T08:07:22 - [TEST_STEP][PASSED] - else: null

11-12-2024T08:07:22 - [TEST_STEP][PASSED] - numberOfErrors = numberOfErrors + 1: null

11-12-2024T08:07:22 - [TEST_STEP][PASSED] - pageInt = pageOtpuskVSet: null

11-12-2024T08:07:22 - [TEST_STEP][PASSED] - fileInt = fileOtpuskVSet: null

11-12-2024T08:07:22 - [TEST_STEP][PASSED] - typeOfData = typeOfDataMain + " Отпуск в сеть": null

11-12-2024T08:07:22 - [TEST_STEP][PASSED] - Script1718980020443.WriteToExcel(a, typeOfData, todaysDate, pageInt, fileInt, pageDouble, fileDouble, dZO): null

11-12-2024T08:07:22 - [TEST_STEP][PASSED] - sheetName = "Sheet1": null

11-12-2024T08:07:22 - [TEST_STEP][PASSED] - data = findTestData("PlanFact"): null

11-12-2024T08:07:23 - [TEST_STEP][PASSED] - n = data.getRowNumbers() + 1: null

11-12-2024T08:07:23 - [TEST_STEP][PASSED] - year = todaysDate.substring(todaysDate.length() - 4, todaysDate.length()): null

11-12-2024T08:07:23 - [TEST_STEP][PASSED] - y = year.toInteger(): null

11-12-2024T08:07:23 - [TEST_STEP][PASSED] - m = getText(findTestObject("Выполнение бизнес-плана/Период")): Text of object 'Object Repository/Выполнение бизнес-плана/Период' is: '1, 2, 3 кв., Октябрь 2024 года'

11-12-2024T08:07:23 - [MESSAGE][PASSED] - Text of object 'Object Repository/Выполнение бизнес-плана/Период' is: '1, 2, 3 кв., Октябрь 2024 года'

11-12-2024T08:07:23 - [TEST_STEP][PASSED] - m = m.substring(0, m.indexOf("2024")): null

11-12-2024T08:07:23 - [TEST_STEP][PASSED] - m = m.trim(): null

11-12-2024T08:07:23 - [TEST_STEP][PASSED] - dashboardName = "Выполнение бизнес-плана": null

11-12-2024T08:07:23 - [TEST_STEP][PASSED] - workbook01 = getWorkbook(excelFilePath): null

11-12-2024T08:07:23 - [TEST_STEP][PASSED] - sheet01 = getExcelSheet(workbook01, sheetName): null

11-12-2024T08:07:23 - [TEST_STEP][PASSED] - setValueToCellByIndex(sheet01, n, 0, dashboardName): null

11-12-2024T08:07:23 - [TEST_STEP][PASSED] - setValueToCellByIndex(sheet01, n, 1, dZO): null

11-12-2024T08:07:23 - [TEST_STEP][PASSED] - setValueToCellByIndex(sheet01, n, 2, typeOfData): null

11-12-2024T08:07:23 - [TEST_STEP][PASSED] - if (typeOfData == "Факт в процентах" || typeOfData == "План в процентах"): null

11-12-2024T08:07:23 - [TEST_STEP][PASSED] - else: null

11-12-2024T08:07:23 - [TEST_STEP][PASSED] - setValueToCellByIndex(sheet01, n, 3, fileInt): null

11-12-2024T08:07:23 - [TEST_STEP][PASSED] - setValueToCellByIndex(sheet01, n, 4, pageInt): null

11-12-2024T08:07:23 - [TEST_STEP][PASSED] - setValueToCellByIndex(sheet01, n, 5, m): null

11-12-2024T08:07:23 - [TEST_STEP][PASSED] - setValueToCellByIndex(sheet01, n, 6, y): null

11-12-2024T08:07:23 - [TEST_STEP][PASSED] - setValueToCellByIndex(sheet01, n, 7, todaysDate): null

11-12-2024T08:07:23 - [TEST_STEP][PASSED] - n = n + 1: null

11-12-2024T08:07:23 - [TEST_STEP][PASSED] - saveWorkbook(excelFilePath, workbook01): null

11-12-2024T08:07:23 - [TEST_STEP][PASSED] - compare = pagePoteri: null

11-12-2024T08:07:23 - [TEST_STEP][PASSED] - if (compare == filePoteri): null

11-12-2024T08:07:23 - [TEST_STEP][PASSED] - else if (compare > filePoteri): null

11-12-2024T08:07:23 - [TEST_STEP][PASSED] - compare = compare - 1: null

11-12-2024T08:07:23 - [TEST_STEP][PASSED] - if (compare == filePoteri): null

11-12-2024T08:07:23 - [TEST_STEP][PASSED] - else: null

11-12-2024T08:07:23 - [TEST_STEP][PASSED] - numberOfErrors = numberOfErrors + 1: null

11-12-2024T08:07:23 - [TEST_STEP][PASSED] - pageInt = pagePoteri: null

11-12-2024T08:07:23 - [TEST_STEP][PASSED] - fileInt = filePoteri: null

11-12-2024T08:07:23 - [TEST_STEP][PASSED] - typeOfData = typeOfDataMain + " Потери": null

11-12-2024T08:07:23 - [TEST_STEP][PASSED] - Script1718980020443.WriteToExcel(a, typeOfData, todaysDate, pageInt, fileInt, pageDouble, fileDouble, dZO): null

11-12-2024T08:07:23 - [TEST_STEP][PASSED] - sheetName = "Sheet1": null

11-12-2024T08:07:23 - [TEST_STEP][PASSED] - data = findTestData("PlanFact"): null

11-12-2024T08:07:23 - [TEST_STEP][PASSED] - n = data.getRowNumbers() + 1: null

11-12-2024T08:07:23 - [TEST_STEP][PASSED] - year = todaysDate.substring(todaysDate.length() - 4, todaysDate.length()): null

11-12-2024T08:07:23 - [TEST_STEP][PASSED] - y = year.toInteger(): null

11-12-2024T08:07:23 - [TEST_STEP][PASSED] - m = getText(findTestObject("Выполнение бизнес-плана/Период")): Text of object 'Object Repository/Выполнение бизнес-плана/Период' is: '1, 2, 3 кв., Октябрь 2024 года'

11-12-2024T08:07:24 - [MESSAGE][PASSED] - Text of object 'Object Repository/Выполнение бизнес-плана/Период' is: '1, 2, 3 кв., Октябрь 2024 года'

11-12-2024T08:07:24 - [TEST_STEP][PASSED] - m = m.substring(0, m.indexOf("2024")): null

11-12-2024T08:07:24 - [TEST_STEP][PASSED] - m = m.trim(): null

11-12-2024T08:07:24 - [TEST_STEP][PASSED] - dashboardName = "Выполнение бизнес-плана": null

11-12-2024T08:07:24 - [TEST_STEP][PASSED] - workbook01 = getWorkbook(excelFilePath): null

11-12-2024T08:07:24 - [TEST_STEP][PASSED] - sheet01 = getExcelSheet(workbook01, sheetName): null

11-12-2024T08:07:24 - [TEST_STEP][PASSED] - setValueToCellByIndex(sheet01, n, 0, dashboardName): null

11-12-2024T08:07:24 - [TEST_STEP][PASSED] - setValueToCellByIndex(sheet01, n, 1, dZO): null

11-12-2024T08:07:24 - [TEST_STEP][PASSED] - setValueToCellByIndex(sheet01, n, 2, typeOfData): null

11-12-2024T08:07:24 - [TEST_STEP][PASSED] - if (typeOfData == "Факт в процентах" || typeOfData == "План в процентах"): null

11-12-2024T08:07:24 - [TEST_STEP][PASSED] - else: null

11-12-2024T08:07:24 - [TEST_STEP][PASSED] - setValueToCellByIndex(sheet01, n, 3, fileInt): null

11-12-2024T08:07:24 - [TEST_STEP][PASSED] - setValueToCellByIndex(sheet01, n, 4, pageInt): null

11-12-2024T08:07:24 - [TEST_STEP][PASSED] - setValueToCellByIndex(sheet01, n, 5, m): null

11-12-2024T08:07:24 - [TEST_STEP][PASSED] - setValueToCellByIndex(sheet01, n, 6, y): null

11-12-2024T08:07:24 - [TEST_STEP][PASSED] - setValueToCellByIndex(sheet01, n, 7, todaysDate): null

11-12-2024T08:07:24 - [TEST_STEP][PASSED] - n = n + 1: null

11-12-2024T08:07:24 - [TEST_STEP][PASSED] - saveWorkbook(excelFilePath, workbook01): null

11-12-2024T08:07:24 - [TEST_STEP][PASSED] - if (planFact == 2): null

11-12-2024T08:07:24 - [TEST_STEP][PASSED] - if (planFact == 1): null

11-12-2024T08:07:24 - [TEST_STEP][PASSED] - else if (planFact == 2): null

11-12-2024T08:07:24 - [TEST_STEP][PASSED] - click(findTestObject("Выполнение бизнес-плана/Кнопка План")): Object: 'Object Repository/Выполнение бизнес-плана/Кнопка План' is clicked on

11-12-2024T08:07:24 - [MESSAGE][PASSED] - Object: 'Object Repository/Выполнение бизнес-плана/Кнопка План' is clicked on

11-12-2024T08:07:24 - [TEST_STEP][PASSED] - typeOfDataMain = "План": null

11-12-2024T08:07:24 - [TEST_STEP][PASSED] - otpusk = findTestData("PlanFact").getValue(2, a): null

11-12-2024T08:07:24 - [TEST_STEP][PASSED] - poteri = findTestData("PlanFact").getValue(3, a): null

11-12-2024T08:07:24 - [TEST_STEP][PASSED] - otpusk = otpusk.replaceAll("\s+", ""): null

11-12-2024T08:07:24 - [TEST_STEP][PASSED] - poteri = poteri.replaceAll("\s+", ""): null

11-12-2024T08:07:24 - [TEST_STEP][PASSED] - typeOfData = typeOfDataMain + " Отпуск в сеть": null

11-12-2024T08:07:24 - [TEST_STEP][PASSED] - if (a == 82): null

11-12-2024T08:07:24 - [TEST_STEP][PASSED] - else if (a == 84): null

11-12-2024T08:07:24 - [TEST_STEP][PASSED] - else if (a == 52 || a == 72 || a == 28 || a == 73 || a == 77 || a == 74 || a == 65 || a == 36 || a == 44 || a == 53 || a == 80 || a == 54 || a == 1 || a == 18 || a == 59 || a == 81): null

11-12-2024T08:07:24 - [TEST_STEP][PASSED] - else: null

11-12-2024T08:07:24 - [TEST_STEP][PASSED] - path = dataFolder + typeOfData + " за отчётный период " + b: null

11-12-2024T08:07:24 - [TEST_STEP][PASSED] - println(path): null

11-12-2024T08:07:24 - [TEST_STEP][PASSED] - page = getText(findTestObject(path)): Text of object 'Object Repository/Выполнение бизнес-плана/Значения со страницы Выполнение бизнес-плана/План Отпуск в сеть за отчётный период Костромаэнерго' is: '2 275 837'

11-12-2024T08:07:25 - [MESSAGE][PASSED] - Text of object 'Object Repository/Выполнение бизнес-плана/Значения со страницы Выполнение бизнес-плана/План Отпуск в сеть за отчётный период Костромаэнерго' is: '2 275 837'

11-12-2024T08:07:25 - [TEST_STEP][PASSED] - page = page.replaceAll("\s+", ""): null

11-12-2024T08:07:25 - [TEST_STEP][PASSED] - fileOtpuskVSet = otpusk.toInteger(): null

11-12-2024T08:07:25 - [TEST_STEP][PASSED] - pageOtpuskVSet = page.toInteger(): null

11-12-2024T08:07:25 - [TEST_STEP][PASSED] - typeOfData = typeOfDataMain + " Потери": null

11-12-2024T08:07:25 - [TEST_STEP][PASSED] - if (a == 82): null

11-12-2024T08:07:25 - [TEST_STEP][PASSED] - else if (a == 84): null

11-12-2024T08:07:25 - [TEST_STEP][PASSED] - else if (a == 52 || a == 72 || a == 28 || a == 73 || a == 77 || a == 74 || a == 65 || a == 36 || a == 44 || a == 53 || a == 80 || a == 54 || a == 1 || a == 18 || a == 59 || a == 81): null

11-12-2024T08:07:25 - [TEST_STEP][PASSED] - else: null

11-12-2024T08:07:25 - [TEST_STEP][PASSED] - path = dataFolder + typeOfData + " за отчётный период " + b: null

11-12-2024T08:07:25 - [TEST_STEP][PASSED] - page = getText(findTestObject(path)): Text of object 'Object Repository/Выполнение бизнес-плана/Значения со страницы Выполнение бизнес-плана/План Потери за отчётный период Костромаэнерго' is: '219 706'

11-12-2024T08:07:25 - [MESSAGE][PASSED] - Text of object 'Object Repository/Выполнение бизнес-плана/Значения со страницы Выполнение бизнес-плана/План Потери за отчётный период Костромаэнерго' is: '219 706'

11-12-2024T08:07:25 - [TEST_STEP][PASSED] - page = page.replaceAll("\s+", ""): null

11-12-2024T08:07:25 - [TEST_STEP][PASSED] - filePoteri = poteri.toInteger(): null

11-12-2024T08:07:25 - [TEST_STEP][PASSED] - pagePoteri = page.toInteger(): null

11-12-2024T08:07:25 - [TEST_STEP][PASSED] - compare = pageOtpuskVSet: null

11-12-2024T08:07:25 - [TEST_STEP][PASSED] - if (compare == fileOtpuskVSet): null

11-12-2024T08:07:25 - [TEST_STEP][PASSED] - else if (compare > fileOtpuskVSet): null

11-12-2024T08:07:25 - [TEST_STEP][PASSED] - compare = compare - 1: null

11-12-2024T08:07:25 - [TEST_STEP][PASSED] - if (compare == fileOtpuskVSet): null

11-12-2024T08:07:25 - [TEST_STEP][PASSED] - else: null

11-12-2024T08:07:25 - [TEST_STEP][PASSED] - numberOfErrors = numberOfErrors + 1: null

11-12-2024T08:07:25 - [TEST_STEP][PASSED] - pageInt = pageOtpuskVSet: null

11-12-2024T08:07:25 - [TEST_STEP][PASSED] - fileInt = fileOtpuskVSet: null

11-12-2024T08:07:25 - [TEST_STEP][PASSED] - typeOfData = typeOfDataMain + " Отпуск в сеть": null

11-12-2024T08:07:25 - [TEST_STEP][PASSED] - Script1718980020443.WriteToExcel(a, typeOfData, todaysDate, pageInt, fileInt, pageDouble, fileDouble, dZO): null

11-12-2024T08:07:25 - [TEST_STEP][PASSED] - sheetName = "Sheet1": null

11-12-2024T08:07:25 - [TEST_STEP][PASSED] - data = findTestData("PlanFact"): null

11-12-2024T08:07:25 - [TEST_STEP][PASSED] - n = data.getRowNumbers() + 1: null

11-12-2024T08:07:25 - [TEST_STEP][PASSED] - year = todaysDate.substring(todaysDate.length() - 4, todaysDate.length()): null

11-12-2024T08:07:25 - [TEST_STEP][PASSED] - y = year.toInteger(): null

11-12-2024T08:07:25 - [TEST_STEP][PASSED] - m = getText(findTestObject("Выполнение бизнес-плана/Период")): Text of object 'Object Repository/Выполнение бизнес-плана/Период' is: '1, 2, 3 кв., Октябрь 2024 года'

11-12-2024T08:07:25 - [MESSAGE][PASSED] - Text of object 'Object Repository/Выполнение бизнес-плана/Период' is: '1, 2, 3 кв., Октябрь 2024 года'

11-12-2024T08:07:25 - [TEST_STEP][PASSED] - m = m.substring(0, m.indexOf("2024")): null

11-12-2024T08:07:25 - [TEST_STEP][PASSED] - m = m.trim(): null

11-12-2024T08:07:25 - [TEST_STEP][PASSED] - dashboardName = "Выполнение бизнес-плана": null

11-12-2024T08:07:25 - [TEST_STEP][PASSED] - workbook01 = getWorkbook(excelFilePath): null

11-12-2024T08:07:25 - [TEST_STEP][PASSED] - sheet01 = getExcelSheet(workbook01, sheetName): null

11-12-2024T08:07:25 - [TEST_STEP][PASSED] - setValueToCellByIndex(sheet01, n, 0, dashboardName): null

11-12-2024T08:07:25 - [TEST_STEP][PASSED] - setValueToCellByIndex(sheet01, n, 1, dZO): null

11-12-2024T08:07:25 - [TEST_STEP][PASSED] - setValueToCellByIndex(sheet01, n, 2, typeOfData): null

11-12-2024T08:07:25 - [TEST_STEP][PASSED] - if (typeOfData == "Факт в процентах" || typeOfData == "План в процентах"): null

11-12-2024T08:07:25 - [TEST_STEP][PASSED] - else: null

11-12-2024T08:07:25 - [TEST_STEP][PASSED] - setValueToCellByIndex(sheet01, n, 3, fileInt): null

11-12-2024T08:07:25 - [TEST_STEP][PASSED] - setValueToCellByIndex(sheet01, n, 4, pageInt): null

11-12-2024T08:07:25 - [TEST_STEP][PASSED] - setValueToCellByIndex(sheet01, n, 5, m): null

11-12-2024T08:07:25 - [TEST_STEP][PASSED] - setValueToCellByIndex(sheet01, n, 6, y): null

11-12-2024T08:07:25 - [TEST_STEP][PASSED] - setValueToCellByIndex(sheet01, n, 7, todaysDate): null

11-12-2024T08:07:25 - [TEST_STEP][PASSED] - n = n + 1: null

11-12-2024T08:07:25 - [TEST_STEP][PASSED] - saveWorkbook(excelFilePath, workbook01): null

11-12-2024T08:07:26 - [TEST_STEP][PASSED] - compare = pagePoteri: null

11-12-2024T08:07:26 - [TEST_STEP][PASSED] - if (compare == filePoteri): null

11-12-2024T08:07:26 - [TEST_STEP][PASSED] - else if (compare > filePoteri): null

11-12-2024T08:07:26 - [TEST_STEP][PASSED] - compare = compare - 1: null

11-12-2024T08:07:26 - [TEST_STEP][PASSED] - if (compare == filePoteri): null

11-12-2024T08:07:26 - [TEST_STEP][PASSED] - else: null

11-12-2024T08:07:26 - [TEST_STEP][PASSED] - numberOfErrors = numberOfErrors + 1: null

11-12-2024T08:07:26 - [TEST_STEP][PASSED] - pageInt = pagePoteri: null

11-12-2024T08:07:26 - [TEST_STEP][PASSED] - fileInt = filePoteri: null

11-12-2024T08:07:26 - [TEST_STEP][PASSED] - typeOfData = typeOfDataMain + " Потери": null

11-12-2024T08:07:26 - [TEST_STEP][PASSED] - Script1718980020443.WriteToExcel(a, typeOfData, todaysDate, pageInt, fileInt, pageDouble, fileDouble, dZO): null

11-12-2024T08:07:26 - [TEST_STEP][PASSED] - sheetName = "Sheet1": null

11-12-2024T08:07:26 - [TEST_STEP][PASSED] - data = findTestData("PlanFact"): null

11-12-2024T08:07:26 - [TEST_STEP][PASSED] - n = data.getRowNumbers() + 1: null

11-12-2024T08:07:26 - [TEST_STEP][PASSED] - year = todaysDate.substring(todaysDate.length() - 4, todaysDate.length()): null

11-12-2024T08:07:26 - [TEST_STEP][PASSED] - y = year.toInteger(): null

11-12-2024T08:07:26 - [TEST_STEP][PASSED] - m = getText(findTestObject("Выполнение бизнес-плана/Период")): Text of object 'Object Repository/Выполнение бизнес-плана/Период' is: '1, 2, 3 кв., Октябрь 2024 года'

11-12-2024T08:07:26 - [MESSAGE][PASSED] - Text of object 'Object Repository/Выполнение бизнес-плана/Период' is: '1, 2, 3 кв., Октябрь 2024 года'

11-12-2024T08:07:26 - [TEST_STEP][PASSED] - m = m.substring(0, m.indexOf("2024")): null

11-12-2024T08:07:26 - [TEST_STEP][PASSED] - m = m.trim(): null

11-12-2024T08:07:26 - [TEST_STEP][PASSED] - dashboardName = "Выполнение бизнес-плана": null

11-12-2024T08:07:26 - [TEST_STEP][PASSED] - workbook01 = getWorkbook(excelFilePath): null

11-12-2024T08:07:26 - [TEST_STEP][PASSED] - sheet01 = getExcelSheet(workbook01, sheetName): null

11-12-2024T08:07:26 - [TEST_STEP][PASSED] - setValueToCellByIndex(sheet01, n, 0, dashboardName): null

11-12-2024T08:07:26 - [TEST_STEP][PASSED] - setValueToCellByIndex(sheet01, n, 1, dZO): null

11-12-2024T08:07:26 - [TEST_STEP][PASSED] - setValueToCellByIndex(sheet01, n, 2, typeOfData): null

11-12-2024T08:07:26 - [TEST_STEP][PASSED] - if (typeOfData == "Факт в процентах" || typeOfData == "План в процентах"): null

11-12-2024T08:07:26 - [TEST_STEP][PASSED] - else: null

11-12-2024T08:07:26 - [TEST_STEP][PASSED] - setValueToCellByIndex(sheet01, n, 3, fileInt): null

11-12-2024T08:07:26 - [TEST_STEP][PASSED] - setValueToCellByIndex(sheet01, n, 4, pageInt): null

11-12-2024T08:07:26 - [TEST_STEP][PASSED] - setValueToCellByIndex(sheet01, n, 5, m): null

11-12-2024T08:07:26 - [TEST_STEP][PASSED] - setValueToCellByIndex(sheet01, n, 6, y): null

11-12-2024T08:07:26 - [TEST_STEP][PASSED] - setValueToCellByIndex(sheet01, n, 7, todaysDate): null

11-12-2024T08:07:26 - [TEST_STEP][PASSED] - n = n + 1: null

11-12-2024T08:07:26 - [TEST_STEP][PASSED] - saveWorkbook(excelFilePath, workbook01): Object: 'Object Repository/Выполнение бизнес-плана/Кнопка Факт' is clicked on

11-12-2024T08:07:26 - [TEST_STEP][PASSED] - if (planFact == 2): Object: 'Object Repository/Выполнение бизнес-плана/Кнопка Факт' is clicked on

11-12-2024T08:07:26 - [TEST_STEP][PASSED] - click(findTestObject("Выполнение бизнес-плана/Кнопка Факт")): Object: 'Object Repository/Выполнение бизнес-плана/Кнопка Факт' is clicked on

11-12-2024T08:07:27 - [MESSAGE][PASSED] - Object: 'Object Repository/Выполнение бизнес-плана/Кнопка Факт' is clicked on

11-12-2024T08:07:27 - [TEST_STEP][PASSED] - if (a == 84 || a == 82): null

11-12-2024T08:07:27 - [TEST_STEP][PASSED] - else if (a == 52 || a == 72 || a == 28 || a == 73 || a == 77 || a == 74 || a == 65 || a == 36 || a == 44 || a == 53 || a == 80 || a == 54 || a == 1 || a == 18 || a == 59 || a == 81): null

11-12-2024T08:07:27 - [TEST_STEP][PASSED] - else: null

11-12-2024T08:07:27 - [TEST_STEP][PASSED] - page1 = getText(findTestObject("Object Repository/Выполнение бизнес-плана/spanPlan" + filialNum)): Text of object 'Object Repository/Выполнение бизнес-плана/spanPlan7' is: '9.65
|'

11-12-2024T08:07:27 - [MESSAGE][PASSED] - Text of object 'Object Repository/Выполнение бизнес-плана/spanPlan7' is: '9.65
|'

11-12-2024T08:07:27 - [TEST_STEP][PASSED] - page1 = page1.replace("|", ""): null

11-12-2024T08:07:27 - [TEST_STEP][PASSED] - page2 = getText(findTestObject("Object Repository/Выполнение бизнес-плана/spanFact" + filialNum)): Text of object 'Object Repository/Выполнение бизнес-плана/spanFact7' is: '9.68
|'

11-12-2024T08:07:27 - [MESSAGE][PASSED] - Text of object 'Object Repository/Выполнение бизнес-плана/spanFact7' is: '9.68
|'

11-12-2024T08:07:27 - [TEST_STEP][PASSED] - page2 = page2.replace("|", ""): null

11-12-2024T08:07:27 - [TEST_STEP][PASSED] - println("page1: " + page1): null

11-12-2024T08:07:27 - [TEST_STEP][PASSED] - println("page2: " + page2): null

11-12-2024T08:07:27 - [TEST_STEP][PASSED] - file = findTestData("PlanFact").getValue(4, a): null

11-12-2024T08:07:27 - [TEST_STEP][PASSED] - file = file.replace(",", "."): null

11-12-2024T08:07:27 - [TEST_STEP][PASSED] - println("file Plan: " + file): null

11-12-2024T08:07:27 - [TEST_STEP][PASSED] - typeOfData = "План в процентах": null

11-12-2024T08:07:27 - [TEST_STEP][PASSED] - fileDouble = file.toDouble(): null

11-12-2024T08:07:27 - [TEST_STEP][PASSED] - pageDouble = page1.toDouble(): null

11-12-2024T08:07:27 - [TEST_STEP][PASSED] - if (fileDouble != pageDouble): null

11-12-2024T08:07:27 - [TEST_STEP][PASSED] - numberOfErrors = numberOfErrors + 1: null

11-12-2024T08:07:27 - [TEST_STEP][PASSED] - Script1718980020443.WriteToExcel(a, typeOfData, todaysDate, pageInt, fileInt, pageDouble, fileDouble, dZO): null

11-12-2024T08:07:27 - [TEST_STEP][PASSED] - sheetName = "Sheet1": null

11-12-2024T08:07:27 - [TEST_STEP][PASSED] - data = findTestData("PlanFact"): null

11-12-2024T08:07:27 - [TEST_STEP][PASSED] - n = data.getRowNumbers() + 1: null

11-12-2024T08:07:27 - [TEST_STEP][PASSED] - year = todaysDate.substring(todaysDate.length() - 4, todaysDate.length()): null

11-12-2024T08:07:27 - [TEST_STEP][PASSED] - y = year.toInteger(): null

11-12-2024T08:07:27 - [TEST_STEP][PASSED] - m = getText(findTestObject("Выполнение бизнес-плана/Период")): Text of object 'Object Repository/Выполнение бизнес-плана/Период' is: '1, 2, 3 кв., Октябрь 2024 года'

11-12-2024T08:07:27 - [MESSAGE][PASSED] - Text of object 'Object Repository/Выполнение бизнес-плана/Период' is: '1, 2, 3 кв., Октябрь 2024 года'

11-12-2024T08:07:27 - [TEST_STEP][PASSED] - m = m.substring(0, m.indexOf("2024")): null

11-12-2024T08:07:27 - [TEST_STEP][PASSED] - m = m.trim(): null

11-12-2024T08:07:27 - [TEST_STEP][PASSED] - dashboardName = "Выполнение бизнес-плана": null

11-12-2024T08:07:27 - [TEST_STEP][PASSED] - workbook01 = getWorkbook(excelFilePath): null

11-12-2024T08:07:28 - [TEST_STEP][PASSED] - sheet01 = getExcelSheet(workbook01, sheetName): null

11-12-2024T08:07:28 - [TEST_STEP][PASSED] - setValueToCellByIndex(sheet01, n, 0, dashboardName): null

11-12-2024T08:07:28 - [TEST_STEP][PASSED] - setValueToCellByIndex(sheet01, n, 1, dZO): null

11-12-2024T08:07:28 - [TEST_STEP][PASSED] - setValueToCellByIndex(sheet01, n, 2, typeOfData): null

11-12-2024T08:07:28 - [TEST_STEP][PASSED] - if (typeOfData == "Факт в процентах" || typeOfData == "План в процентах"): null

11-12-2024T08:07:28 - [TEST_STEP][PASSED] - setValueToCellByIndex(sheet01, n, 3, fileDouble): null

11-12-2024T08:07:28 - [TEST_STEP][PASSED] - setValueToCellByIndex(sheet01, n, 4, pageDouble): null

11-12-2024T08:07:28 - [TEST_STEP][PASSED] - setValueToCellByIndex(sheet01, n, 5, m): null

11-12-2024T08:07:28 - [TEST_STEP][PASSED] - setValueToCellByIndex(sheet01, n, 6, y): null

11-12-2024T08:07:28 - [TEST_STEP][PASSED] - setValueToCellByIndex(sheet01, n, 7, todaysDate): null

11-12-2024T08:07:28 - [TEST_STEP][PASSED] - n = n + 1: null

11-12-2024T08:07:28 - [TEST_STEP][PASSED] - saveWorkbook(excelFilePath, workbook01): null

11-12-2024T08:07:28 - [TEST_STEP][PASSED] - file = findTestData("PlanFact").getValue(7, a): null

11-12-2024T08:07:28 - [TEST_STEP][PASSED] - file = file.replace(",", "."): null

11-12-2024T08:07:28 - [TEST_STEP][PASSED] - println("file Fact: " + file): null

11-12-2024T08:07:28 - [TEST_STEP][PASSED] - fileDouble = file.toDouble(): null

11-12-2024T08:07:28 - [TEST_STEP][PASSED] - typeOfData = "Факт в процентах": null

11-12-2024T08:07:28 - [TEST_STEP][PASSED] - fileDouble = file.toDouble(): null

11-12-2024T08:07:28 - [TEST_STEP][PASSED] - pageDouble = page2.toDouble(): null

11-12-2024T08:07:28 - [TEST_STEP][PASSED] - if (fileDouble != pageDouble): null

11-12-2024T08:07:28 - [TEST_STEP][PASSED] - numberOfErrors = numberOfErrors + 1: null

11-12-2024T08:07:28 - [TEST_STEP][PASSED] - Script1718980020443.WriteToExcel(a, typeOfData, todaysDate, pageInt, fileInt, pageDouble, fileDouble, dZO): null

11-12-2024T08:07:28 - [TEST_STEP][PASSED] - sheetName = "Sheet1": null

11-12-2024T08:07:28 - [TEST_STEP][PASSED] - data = findTestData("PlanFact"): null

11-12-2024T08:07:28 - [TEST_STEP][PASSED] - n = data.getRowNumbers() + 1: null

11-12-2024T08:07:28 - [TEST_STEP][PASSED] - year = todaysDate.substring(todaysDate.length() - 4, todaysDate.length()): null

11-12-2024T08:07:28 - [TEST_STEP][PASSED] - y = year.toInteger(): null

11-12-2024T08:07:28 - [TEST_STEP][PASSED] - m = getText(findTestObject("Выполнение бизнес-плана/Период")): Text of object 'Object Repository/Выполнение бизнес-плана/Период' is: '1, 2, 3 кв., Октябрь 2024 года'

11-12-2024T08:07:28 - [MESSAGE][PASSED] - Text of object 'Object Repository/Выполнение бизнес-плана/Период' is: '1, 2, 3 кв., Октябрь 2024 года'

11-12-2024T08:07:28 - [TEST_STEP][PASSED] - m = m.substring(0, m.indexOf("2024")): null

11-12-2024T08:07:28 - [TEST_STEP][PASSED] - m = m.trim(): null

11-12-2024T08:07:28 - [TEST_STEP][PASSED] - dashboardName = "Выполнение бизнес-плана": null

11-12-2024T08:07:28 - [TEST_STEP][PASSED] - workbook01 = getWorkbook(excelFilePath): null

11-12-2024T08:07:28 - [TEST_STEP][PASSED] - sheet01 = getExcelSheet(workbook01, sheetName): null

11-12-2024T08:07:28 - [TEST_STEP][PASSED] - setValueToCellByIndex(sheet01, n, 0, dashboardName): null

11-12-2024T08:07:28 - [TEST_STEP][PASSED] - setValueToCellByIndex(sheet01, n, 1, dZO): null

11-12-2024T08:07:28 - [TEST_STEP][PASSED] - setValueToCellByIndex(sheet01, n, 2, typeOfData): null

11-12-2024T08:07:28 - [TEST_STEP][PASSED] - if (typeOfData == "Факт в процентах" || typeOfData == "План в процентах"): null

11-12-2024T08:07:28 - [TEST_STEP][PASSED] - setValueToCellByIndex(sheet01, n, 3, fileDouble): null

11-12-2024T08:07:28 - [TEST_STEP][PASSED] - setValueToCellByIndex(sheet01, n, 4, pageDouble): null

11-12-2024T08:07:28 - [TEST_STEP][PASSED] - setValueToCellByIndex(sheet01, n, 5, m): null

11-12-2024T08:07:28 - [TEST_STEP][PASSED] - setValueToCellByIndex(sheet01, n, 6, y): null

11-12-2024T08:07:28 - [TEST_STEP][PASSED] - setValueToCellByIndex(sheet01, n, 7, todaysDate): null

11-12-2024T08:07:28 - [TEST_STEP][PASSED] - n = n + 1: null

11-12-2024T08:07:28 - [TEST_STEP][PASSED] - saveWorkbook(excelFilePath, workbook01): null

11-12-2024T08:07:29 - [TEST_STEP][FAILED] - if (verifyEqual(numberOfErrors, 0) == false): null

11-12-2024T08:07:29 - [MESSAGE][FAILED] - Unable to verify equal between actual object '6' and expected object '0' (Root cause: com.kms.katalon.core.exception.StepFailedException: Actual object '6' and expected object '0' are not equal
	at com.kms.katalon.core.keyword.builtin.VerifyEqualKeyword$_verifyEqual_closure1.doCall(VerifyEqualKeyword.groovy:58)
	at com.kms.katalon.core.keyword.builtin.VerifyEqualKeyword$_verifyEqual_closure1.call(VerifyEqualKeyword.groovy)
	at com.kms.katalon.core.keyword.internal.KeywordMain.runKeyword(KeywordMain.groovy:75)
	at com.kms.katalon.core.keyword.builtin.VerifyEqualKeyword.verifyEqual(VerifyEqualKeyword.groovy:63)
	at com.kms.katalon.core.keyword.builtin.VerifyEqualKeyword.execute(VerifyEqualKeyword.groovy:44)
	at com.kms.katalon.core.keyword.internal.KeywordExecutor.executeKeywordForPlatform(KeywordExecutor.groovy:74)
	at com.kms.katalon.core.keyword.BuiltinKeywords.verifyEqual(BuiltinKeywords.groovy:146)
	at jdk.internal.reflect.GeneratedMethodAccessor24.invoke(Unknown Source)
	at java.base/jdk.internal.reflect.DelegatingMethodAccessorImpl.invoke(DelegatingMethodAccessorImpl.java:43)
	at Выполнение бизнес-плана Сверка ПАО Россети все филиалы.Numbers(Выполнение бизнес-плана Сверка ПАО Россети все филиалы:752)
	at Выполнение бизнес-плана Сверка ПАО Россети все филиалы.Filials(Выполнение бизнес-плана Сверка ПАО Россети все филиалы:1247)
	at Выполнение бизнес-плана Сверка ПАО Россети все филиалы.Numbers(Выполнение бизнес-плана Сверка ПАО Россети все филиалы:757)
	at Выполнение бизнес-плана Сверка ПАО Россети все филиалы.run(Выполнение бизнес-плана Сверка ПАО Россети все филиалы:400)
	at com.kms.katalon.core.main.ScriptEngine.run(ScriptEngine.java:194)
	at com.kms.katalon.core.main.ScriptEngine.runScriptAsRawText(ScriptEngine.java:119)
	at com.kms.katalon.core.main.TestCaseExecutor.runScript(TestCaseExecutor.java:448)
	at com.kms.katalon.core.main.TestCaseExecutor.doExecute(TestCaseExecutor.java:439)
	at com.kms.katalon.core.main.TestCaseExecutor.processExecutionPhase(TestCaseExecutor.java:418)
	at com.kms.katalon.core.main.TestCaseExecutor.accessMainPhase(TestCaseExecutor.java:410)
	at com.kms.katalon.core.main.TestCaseExecutor.execute(TestCaseExecutor.java:285)
	at com.kms.katalon.core.common.CommonExecutor.accessTestCaseMainPhase(CommonExecutor.java:65)
	at com.kms.katalon.core.main.TestSuiteExecutor.accessTestSuiteMainPhase(TestSuiteExecutor.java:150)
	at com.kms.katalon.core.main.TestSuiteExecutor.execute(TestSuiteExecutor.java:106)
	at com.kms.katalon.core.main.TestCaseMain.startTestSuite(TestCaseMain.java:180)
	at TempTestSuite1733892825375.run(TempTestSuite1733892825375.groovy:35)
	at java.base/jdk.internal.reflect.NativeMethodAccessorImpl.invoke0(Native Method)
	at java.base/jdk.internal.reflect.NativeMethodAccessorImpl.invoke(NativeMethodAccessorImpl.java:77)
	at java.base/jdk.internal.reflect.DelegatingMethodAccessorImpl.invoke(DelegatingMethodAccessorImpl.java:43)
)

11-12-2024T08:07:29 - [TEST_STEP][PASSED] - println(numberOfErrors): null

11-12-2024T08:07:29 - [TEST_STEP][PASSED] - if (a == 28 || a == 77 || a == 74 || a == 65 || a == 36 || a == 44 || a == 54 || a == 1 || a == 18 || a == 59): null

11-12-2024T08:07:29 - [TEST_STEP][PASSED] - if (a == 82): null

11-12-2024T08:07:29 - [TEST_STEP][PASSED] - dZO = "Курскэнерго": null

11-12-2024T08:07:29 - [TEST_STEP][PASSED] - a = 6: null

11-12-2024T08:07:29 - [TEST_STEP][PASSED] - if (x2.contains(dZO)): null

11-12-2024T08:07:29 - [TEST_STEP][PASSED] - filialNum = filialNum + 1: null

11-12-2024T08:07:29 - [TEST_STEP][PASSED] - Script1718980020443.Numbers(a, typeOfData, todaysDate, pageInt, fileInt, pageDouble, fileDouble, dZO, dzoNum, filialNum): null

11-12-2024T08:07:29 - [TEST_STEP][PASSED] - println(dzoNum): null

11-12-2024T08:07:29 - [TEST_STEP][PASSED] - planFact = <not implemented yet for class: org.codehaus.groovy.ast.expr.EmptyExpression>: null

11-12-2024T08:07:29 - [TEST_STEP][PASSED] - page = <not implemented yet for class: org.codehaus.groovy.ast.expr.EmptyExpression>: null

11-12-2024T08:07:29 - [TEST_STEP][PASSED] - page1 = <not implemented yet for class: org.codehaus.groovy.ast.expr.EmptyExpression>: null

11-12-2024T08:07:29 - [TEST_STEP][PASSED] - page2 = <not implemented yet for class: org.codehaus.groovy.ast.expr.EmptyExpression>: null

11-12-2024T08:07:29 - [TEST_STEP][PASSED] - filialNumberInRow = <not implemented yet for class: org.codehaus.groovy.ast.expr.EmptyExpression>: null

11-12-2024T08:07:29 - [TEST_STEP][PASSED] - filialsDzoNames = <not implemented yet for class: org.codehaus.groovy.ast.expr.EmptyExpression>: null

11-12-2024T08:07:29 - [TEST_STEP][PASSED] - numberOfFilials = <not implemented yet for class: org.codehaus.groovy.ast.expr.EmptyExpression>: null

11-12-2024T08:07:29 - [TEST_STEP][PASSED] - numberOfSpaces = <not implemented yet for class: org.codehaus.groovy.ast.expr.EmptyExpression>: null

11-12-2024T08:07:29 - [TEST_STEP][PASSED] - file = <not implemented yet for class: org.codehaus.groovy.ast.expr.EmptyExpression>: null

11-12-2024T08:07:29 - [TEST_STEP][PASSED] - otpusk = <not implemented yet for class: org.codehaus.groovy.ast.expr.EmptyExpression>: null

11-12-2024T08:07:29 - [TEST_STEP][PASSED] - poteri = <not implemented yet for class: org.codehaus.groovy.ast.expr.EmptyExpression>: null

11-12-2024T08:07:29 - [TEST_STEP][PASSED] - dataFolder = "Выполнение бизнес-плана/Значения со страницы Выполнение бизнес-плана/": null

11-12-2024T08:07:29 - [TEST_STEP][PASSED] - path = <not implemented yet for class: org.codehaus.groovy.ast.expr.EmptyExpression>: null

11-12-2024T08:07:29 - [TEST_STEP][PASSED] - typeOfDataMain = <not implemented yet for class: org.codehaus.groovy.ast.expr.EmptyExpression>: null

11-12-2024T08:07:29 - [TEST_STEP][PASSED] - fileOtpuskVSet = <not implemented yet for class: org.codehaus.groovy.ast.expr.EmptyExpression>: null

11-12-2024T08:07:29 - [TEST_STEP][PASSED] - pageOtpuskVSet = <not implemented yet for class: org.codehaus.groovy.ast.expr.EmptyExpression>: null

11-12-2024T08:07:29 - [TEST_STEP][PASSED] - filePoteri = <not implemented yet for class: org.codehaus.groovy.ast.expr.EmptyExpression>: null

11-12-2024T08:07:29 - [TEST_STEP][PASSED] - pagePoteri = <not implemented yet for class: org.codehaus.groovy.ast.expr.EmptyExpression>: null

11-12-2024T08:07:29 - [TEST_STEP][PASSED] - compare = <not implemented yet for class: org.codehaus.groovy.ast.expr.EmptyExpression>: null

11-12-2024T08:07:29 - [TEST_STEP][PASSED] - b = <not implemented yet for class: org.codehaus.groovy.ast.expr.EmptyExpression>: null

11-12-2024T08:07:29 - [TEST_STEP][PASSED] - i = <not implemented yet for class: org.codehaus.groovy.ast.expr.EmptyExpression>: null

11-12-2024T08:07:29 - [TEST_STEP][PASSED] - ii = <not implemented yet for class: org.codehaus.groovy.ast.expr.EmptyExpression>: null

11-12-2024T08:07:29 - [TEST_STEP][PASSED] - c = <not implemented yet for class: org.codehaus.groovy.ast.expr.EmptyExpression>: null

11-12-2024T08:07:29 - [TEST_STEP][PASSED] - numberOfErrors = 0: null

11-12-2024T08:07:29 - [TEST_STEP][PASSED] - if (a == 82): null

11-12-2024T08:07:29 - [TEST_STEP][PASSED] - b = findTestData("PlanFact").getValue(1, a): null

11-12-2024T08:07:29 - [TEST_STEP][PASSED] - i = b.indexOf(" (ГК)"): null

11-12-2024T08:07:29 - [TEST_STEP][PASSED] - if (i > -1): null

11-12-2024T08:07:29 - [TEST_STEP][PASSED] - i = b.indexOf("О ""): null

11-12-2024T08:07:29 - [TEST_STEP][PASSED] - if (i > -1): null

11-12-2024T08:07:29 - [TEST_STEP][PASSED] - i = b.indexOf("О «"): null

11-12-2024T08:07:29 - [TEST_STEP][PASSED] - if (i > -1): null

11-12-2024T08:07:29 - [TEST_STEP][PASSED] - i = b.indexOf("г. "): null

11-12-2024T08:07:29 - [TEST_STEP][PASSED] - if (i > -1): null

11-12-2024T08:07:29 - [TEST_STEP][PASSED] - println(b): null

11-12-2024T08:07:29 - [TEST_STEP][PASSED] - for ([planFact = 1, planFact < 3, (planFact++)]): Object: 'Object Repository/Выполнение бизнес-плана/Кнопка Факт' is clicked on

11-12-2024T08:07:29 - [TEST_STEP][PASSED] - if (planFact == 1): null

11-12-2024T08:07:29 - [TEST_STEP][PASSED] - typeOfDataMain = "Факт": null

11-12-2024T08:07:29 - [TEST_STEP][PASSED] - otpusk = findTestData("PlanFact").getValue(5, a): null

11-12-2024T08:07:29 - [TEST_STEP][PASSED] - poteri = findTestData("PlanFact").getValue(6, a): null

11-12-2024T08:07:29 - [TEST_STEP][PASSED] - otpusk = otpusk.replaceAll("\s+", ""): null

11-12-2024T08:07:29 - [TEST_STEP][PASSED] - poteri = poteri.replaceAll("\s+", ""): null

11-12-2024T08:07:29 - [TEST_STEP][PASSED] - typeOfData = typeOfDataMain + " Отпуск в сеть": null

11-12-2024T08:07:29 - [TEST_STEP][PASSED] - if (a == 82): null

11-12-2024T08:07:29 - [TEST_STEP][PASSED] - else if (a == 84): null

11-12-2024T08:07:29 - [TEST_STEP][PASSED] - else if (a == 52 || a == 72 || a == 28 || a == 73 || a == 77 || a == 74 || a == 65 || a == 36 || a == 44 || a == 53 || a == 80 || a == 54 || a == 1 || a == 18 || a == 59 || a == 81): null

11-12-2024T08:07:29 - [TEST_STEP][PASSED] - else: null

11-12-2024T08:07:29 - [TEST_STEP][PASSED] - path = dataFolder + typeOfData + " за отчётный период " + b: null

11-12-2024T08:07:29 - [TEST_STEP][PASSED] - println(path): null

11-12-2024T08:07:29 - [TEST_STEP][PASSED] - page = getText(findTestObject(path)): Text of object 'Object Repository/Выполнение бизнес-плана/Значения со страницы Выполнение бизнес-плана/Факт Отпуск в сеть за отчётный период Курскэнерго' is: '3 010 267'

11-12-2024T08:07:29 - [MESSAGE][PASSED] - Text of object 'Object Repository/Выполнение бизнес-плана/Значения со страницы Выполнение бизнес-плана/Факт Отпуск в сеть за отчётный период Курскэнерго' is: '3 010 267'

11-12-2024T08:07:29 - [TEST_STEP][PASSED] - page = page.replaceAll("\s+", ""): null

11-12-2024T08:07:29 - [TEST_STEP][PASSED] - fileOtpuskVSet = otpusk.toInteger(): null

11-12-2024T08:07:29 - [TEST_STEP][PASSED] - pageOtpuskVSet = page.toInteger(): null

11-12-2024T08:07:29 - [TEST_STEP][PASSED] - typeOfData = typeOfDataMain + " Потери": null

11-12-2024T08:07:29 - [TEST_STEP][PASSED] - if (a == 82): null

11-12-2024T08:07:29 - [TEST_STEP][PASSED] - else if (a == 84): null

11-12-2024T08:07:29 - [TEST_STEP][PASSED] - else if (a == 52 || a == 72 || a == 28 || a == 73 || a == 77 || a == 74 || a == 65 || a == 36 || a == 44 || a == 53 || a == 80 || a == 54 || a == 1 || a == 18 || a == 59 || a == 81): null

11-12-2024T08:07:29 - [TEST_STEP][PASSED] - else: null

11-12-2024T08:07:29 - [TEST_STEP][PASSED] - path = dataFolder + typeOfData + " за отчётный период " + b: null

11-12-2024T08:07:29 - [TEST_STEP][PASSED] - page = getText(findTestObject(path)): Text of object 'Object Repository/Выполнение бизнес-плана/Значения со страницы Выполнение бизнес-плана/Факт Потери за отчётный период Курскэнерго' is: '291 402'

11-12-2024T08:07:29 - [MESSAGE][PASSED] - Text of object 'Object Repository/Выполнение бизнес-плана/Значения со страницы Выполнение бизнес-плана/Факт Потери за отчётный период Курскэнерго' is: '291 402'

11-12-2024T08:07:29 - [TEST_STEP][PASSED] - page = page.replaceAll("\s+", ""): null

11-12-2024T08:07:29 - [TEST_STEP][PASSED] - filePoteri = poteri.toInteger(): null

11-12-2024T08:07:29 - [TEST_STEP][PASSED] - pagePoteri = page.toInteger(): null

11-12-2024T08:07:29 - [TEST_STEP][PASSED] - compare = pageOtpuskVSet: null

11-12-2024T08:07:29 - [TEST_STEP][PASSED] - if (compare == fileOtpuskVSet): null

11-12-2024T08:07:29 - [TEST_STEP][PASSED] - if (compare == fileOtpuskVSet): null

11-12-2024T08:07:29 - [TEST_STEP][PASSED] - compare = pagePoteri: null

11-12-2024T08:07:29 - [TEST_STEP][PASSED] - if (compare == filePoteri): null

11-12-2024T08:07:29 - [TEST_STEP][PASSED] - if (compare == filePoteri): null

11-12-2024T08:07:29 - [TEST_STEP][PASSED] - if (planFact == 2): null

11-12-2024T08:07:29 - [TEST_STEP][PASSED] - if (planFact == 1): null

11-12-2024T08:07:29 - [TEST_STEP][PASSED] - else if (planFact == 2): null

11-12-2024T08:07:29 - [TEST_STEP][PASSED] - click(findTestObject("Выполнение бизнес-плана/Кнопка План")): Object: 'Object Repository/Выполнение бизнес-плана/Кнопка План' is clicked on

11-12-2024T08:07:30 - [MESSAGE][PASSED] - Object: 'Object Repository/Выполнение бизнес-плана/Кнопка План' is clicked on

11-12-2024T08:07:30 - [TEST_STEP][PASSED] - typeOfDataMain = "План": null

11-12-2024T08:07:30 - [TEST_STEP][PASSED] - otpusk = findTestData("PlanFact").getValue(2, a): null

11-12-2024T08:07:30 - [TEST_STEP][PASSED] - poteri = findTestData("PlanFact").getValue(3, a): null

11-12-2024T08:07:30 - [TEST_STEP][PASSED] - otpusk = otpusk.replaceAll("\s+", ""): null

11-12-2024T08:07:30 - [TEST_STEP][PASSED] - poteri = poteri.replaceAll("\s+", ""): null

11-12-2024T08:07:30 - [TEST_STEP][PASSED] - typeOfData = typeOfDataMain + " Отпуск в сеть": null

11-12-2024T08:07:30 - [TEST_STEP][PASSED] - if (a == 82): null

11-12-2024T08:07:30 - [TEST_STEP][PASSED] - else if (a == 84): null

11-12-2024T08:07:30 - [TEST_STEP][PASSED] - else if (a == 52 || a == 72 || a == 28 || a == 73 || a == 77 || a == 74 || a == 65 || a == 36 || a == 44 || a == 53 || a == 80 || a == 54 || a == 1 || a == 18 || a == 59 || a == 81): null

11-12-2024T08:07:30 - [TEST_STEP][PASSED] - else: null

11-12-2024T08:07:30 - [TEST_STEP][PASSED] - path = dataFolder + typeOfData + " за отчётный период " + b: null

11-12-2024T08:07:30 - [TEST_STEP][PASSED] - println(path): null

11-12-2024T08:07:30 - [TEST_STEP][PASSED] - page = getText(findTestObject(path)): Text of object 'Object Repository/Выполнение бизнес-плана/Значения со страницы Выполнение бизнес-плана/План Отпуск в сеть за отчётный период Курскэнерго' is: '3 049 310'

11-12-2024T08:07:30 - [MESSAGE][PASSED] - Text of object 'Object Repository/Выполнение бизнес-плана/Значения со страницы Выполнение бизнес-плана/План Отпуск в сеть за отчётный период Курскэнерго' is: '3 049 310'

11-12-2024T08:07:30 - [TEST_STEP][PASSED] - page = page.replaceAll("\s+", ""): null

11-12-2024T08:07:30 - [TEST_STEP][PASSED] - fileOtpuskVSet = otpusk.toInteger(): null

11-12-2024T08:07:30 - [TEST_STEP][PASSED] - pageOtpuskVSet = page.toInteger(): null

11-12-2024T08:07:30 - [TEST_STEP][PASSED] - typeOfData = typeOfDataMain + " Потери": null

11-12-2024T08:07:30 - [TEST_STEP][PASSED] - if (a == 82): null

11-12-2024T08:07:30 - [TEST_STEP][PASSED] - else if (a == 84): null

11-12-2024T08:07:30 - [TEST_STEP][PASSED] - else if (a == 52 || a == 72 || a == 28 || a == 73 || a == 77 || a == 74 || a == 65 || a == 36 || a == 44 || a == 53 || a == 80 || a == 54 || a == 1 || a == 18 || a == 59 || a == 81): null

11-12-2024T08:07:30 - [TEST_STEP][PASSED] - else: null

11-12-2024T08:07:30 - [TEST_STEP][PASSED] - path = dataFolder + typeOfData + " за отчётный период " + b: null

11-12-2024T08:07:30 - [TEST_STEP][PASSED] - page = getText(findTestObject(path)): Text of object 'Object Repository/Выполнение бизнес-плана/Значения со страницы Выполнение бизнес-плана/План Потери за отчётный период Курскэнерго' is: '330 141'

11-12-2024T08:07:30 - [MESSAGE][PASSED] - Text of object 'Object Repository/Выполнение бизнес-плана/Значения со страницы Выполнение бизнес-плана/План Потери за отчётный период Курскэнерго' is: '330 141'

11-12-2024T08:07:30 - [TEST_STEP][PASSED] - page = page.replaceAll("\s+", ""): null

11-12-2024T08:07:30 - [TEST_STEP][PASSED] - filePoteri = poteri.toInteger(): null

11-12-2024T08:07:30 - [TEST_STEP][PASSED] - pagePoteri = page.toInteger(): null

11-12-2024T08:07:30 - [TEST_STEP][PASSED] - compare = pageOtpuskVSet: null

11-12-2024T08:07:30 - [TEST_STEP][PASSED] - if (compare == fileOtpuskVSet): null

11-12-2024T08:07:30 - [TEST_STEP][PASSED] - if (compare == fileOtpuskVSet): null

11-12-2024T08:07:30 - [TEST_STEP][PASSED] - compare = pagePoteri: null

11-12-2024T08:07:30 - [TEST_STEP][PASSED] - if (compare == filePoteri): null

11-12-2024T08:07:30 - [TEST_STEP][PASSED] - if (compare == filePoteri): null

11-12-2024T08:07:30 - [TEST_STEP][PASSED] - if (planFact == 2): Object: 'Object Repository/Выполнение бизнес-плана/Кнопка Факт' is clicked on

11-12-2024T08:07:30 - [TEST_STEP][PASSED] - click(findTestObject("Выполнение бизнес-плана/Кнопка Факт")): Object: 'Object Repository/Выполнение бизнес-плана/Кнопка Факт' is clicked on

11-12-2024T08:07:31 - [MESSAGE][PASSED] - Object: 'Object Repository/Выполнение бизнес-плана/Кнопка Факт' is clicked on

11-12-2024T08:07:31 - [TEST_STEP][PASSED] - if (a == 84 || a == 82): null

11-12-2024T08:07:31 - [TEST_STEP][PASSED] - else if (a == 52 || a == 72 || a == 28 || a == 73 || a == 77 || a == 74 || a == 65 || a == 36 || a == 44 || a == 53 || a == 80 || a == 54 || a == 1 || a == 18 || a == 59 || a == 81): null

11-12-2024T08:07:31 - [TEST_STEP][PASSED] - else: null

11-12-2024T08:07:31 - [TEST_STEP][PASSED] - page1 = getText(findTestObject("Object Repository/Выполнение бизнес-плана/spanPlan" + filialNum)): Text of object 'Object Repository/Выполнение бизнес-плана/spanPlan8' is: '10.83
|'

11-12-2024T08:07:31 - [MESSAGE][PASSED] - Text of object 'Object Repository/Выполнение бизнес-плана/spanPlan8' is: '10.83
|'

11-12-2024T08:07:31 - [TEST_STEP][PASSED] - page1 = page1.replace("|", ""): null

11-12-2024T08:07:31 - [TEST_STEP][PASSED] - page2 = getText(findTestObject("Object Repository/Выполнение бизнес-плана/spanFact" + filialNum)): Text of object 'Object Repository/Выполнение бизнес-плана/spanFact8' is: '9.68
|'

11-12-2024T08:07:31 - [MESSAGE][PASSED] - Text of object 'Object Repository/Выполнение бизнес-плана/spanFact8' is: '9.68
|'

11-12-2024T08:07:31 - [TEST_STEP][PASSED] - page2 = page2.replace("|", ""): null

11-12-2024T08:07:31 - [TEST_STEP][PASSED] - println("page1: " + page1): null

11-12-2024T08:07:31 - [TEST_STEP][PASSED] - println("page2: " + page2): null

11-12-2024T08:07:31 - [TEST_STEP][PASSED] - file = findTestData("PlanFact").getValue(4, a): null

11-12-2024T08:07:31 - [TEST_STEP][PASSED] - file = file.replace(",", "."): null

11-12-2024T08:07:31 - [TEST_STEP][PASSED] - println("file Plan: " + file): null

11-12-2024T08:07:31 - [TEST_STEP][PASSED] - typeOfData = "План в процентах": null

11-12-2024T08:07:31 - [TEST_STEP][PASSED] - fileDouble = file.toDouble(): null

11-12-2024T08:07:31 - [TEST_STEP][PASSED] - pageDouble = page1.toDouble(): null

11-12-2024T08:07:31 - [TEST_STEP][PASSED] - if (fileDouble != pageDouble): null

11-12-2024T08:07:31 - [TEST_STEP][PASSED] - file = findTestData("PlanFact").getValue(7, a): null

11-12-2024T08:07:31 - [TEST_STEP][PASSED] - file = file.replace(",", "."): null

11-12-2024T08:07:31 - [TEST_STEP][PASSED] - println("file Fact: " + file): null

11-12-2024T08:07:31 - [TEST_STEP][PASSED] - fileDouble = file.toDouble(): null

11-12-2024T08:07:31 - [TEST_STEP][PASSED] - typeOfData = "Факт в процентах": null

11-12-2024T08:07:31 - [TEST_STEP][PASSED] - fileDouble = file.toDouble(): null

11-12-2024T08:07:31 - [TEST_STEP][PASSED] - pageDouble = page2.toDouble(): null

11-12-2024T08:07:31 - [TEST_STEP][PASSED] - if (fileDouble != pageDouble): null

11-12-2024T08:07:31 - [TEST_STEP][PASSED] - if (verifyEqual(numberOfErrors, 0) == false): Actual object '0' and expected object '0' are equal

11-12-2024T08:07:31 - [MESSAGE][PASSED] - Actual object '0' and expected object '0' are equal

11-12-2024T08:07:31 - [TEST_STEP][PASSED] - if (a == 82): null

11-12-2024T08:07:31 - [TEST_STEP][PASSED] - dZO = "Липецкэнерго": null

11-12-2024T08:07:31 - [TEST_STEP][PASSED] - a = 7: null

11-12-2024T08:07:31 - [TEST_STEP][PASSED] - if (x2.contains(dZO)): null

11-12-2024T08:07:31 - [TEST_STEP][PASSED] - filialNum = filialNum + 1: null

11-12-2024T08:07:31 - [TEST_STEP][PASSED] - Script1718980020443.Numbers(a, typeOfData, todaysDate, pageInt, fileInt, pageDouble, fileDouble, dZO, dzoNum, filialNum): null

11-12-2024T08:07:31 - [TEST_STEP][PASSED] - println(dzoNum): null

11-12-2024T08:07:31 - [TEST_STEP][PASSED] - planFact = <not implemented yet for class: org.codehaus.groovy.ast.expr.EmptyExpression>: null

11-12-2024T08:07:31 - [TEST_STEP][PASSED] - page = <not implemented yet for class: org.codehaus.groovy.ast.expr.EmptyExpression>: null

11-12-2024T08:07:31 - [TEST_STEP][PASSED] - page1 = <not implemented yet for class: org.codehaus.groovy.ast.expr.EmptyExpression>: null

11-12-2024T08:07:31 - [TEST_STEP][PASSED] - page2 = <not implemented yet for class: org.codehaus.groovy.ast.expr.EmptyExpression>: null

11-12-2024T08:07:31 - [TEST_STEP][PASSED] - filialNumberInRow = <not implemented yet for class: org.codehaus.groovy.ast.expr.EmptyExpression>: null

11-12-2024T08:07:31 - [TEST_STEP][PASSED] - filialsDzoNames = <not implemented yet for class: org.codehaus.groovy.ast.expr.EmptyExpression>: null

11-12-2024T08:07:31 - [TEST_STEP][PASSED] - numberOfFilials = <not implemented yet for class: org.codehaus.groovy.ast.expr.EmptyExpression>: null

11-12-2024T08:07:31 - [TEST_STEP][PASSED] - numberOfSpaces = <not implemented yet for class: org.codehaus.groovy.ast.expr.EmptyExpression>: null

11-12-2024T08:07:31 - [TEST_STEP][PASSED] - file = <not implemented yet for class: org.codehaus.groovy.ast.expr.EmptyExpression>: null

11-12-2024T08:07:31 - [TEST_STEP][PASSED] - otpusk = <not implemented yet for class: org.codehaus.groovy.ast.expr.EmptyExpression>: null

11-12-2024T08:07:31 - [TEST_STEP][PASSED] - poteri = <not implemented yet for class: org.codehaus.groovy.ast.expr.EmptyExpression>: null

11-12-2024T08:07:31 - [TEST_STEP][PASSED] - dataFolder = "Выполнение бизнес-плана/Значения со страницы Выполнение бизнес-плана/": null

11-12-2024T08:07:31 - [TEST_STEP][PASSED] - path = <not implemented yet for class: org.codehaus.groovy.ast.expr.EmptyExpression>: null

11-12-2024T08:07:31 - [TEST_STEP][PASSED] - typeOfDataMain = <not implemented yet for class: org.codehaus.groovy.ast.expr.EmptyExpression>: null

11-12-2024T08:07:31 - [TEST_STEP][PASSED] - fileOtpuskVSet = <not implemented yet for class: org.codehaus.groovy.ast.expr.EmptyExpression>: null

11-12-2024T08:07:31 - [TEST_STEP][PASSED] - pageOtpuskVSet = <not implemented yet for class: org.codehaus.groovy.ast.expr.EmptyExpression>: null

11-12-2024T08:07:31 - [TEST_STEP][PASSED] - filePoteri = <not implemented yet for class: org.codehaus.groovy.ast.expr.EmptyExpression>: null

11-12-2024T08:07:31 - [TEST_STEP][PASSED] - pagePoteri = <not implemented yet for class: org.codehaus.groovy.ast.expr.EmptyExpression>: null

11-12-2024T08:07:31 - [TEST_STEP][PASSED] - compare = <not implemented yet for class: org.codehaus.groovy.ast.expr.EmptyExpression>: null

11-12-2024T08:07:31 - [TEST_STEP][PASSED] - b = <not implemented yet for class: org.codehaus.groovy.ast.expr.EmptyExpression>: null

11-12-2024T08:07:31 - [TEST_STEP][PASSED] - i = <not implemented yet for class: org.codehaus.groovy.ast.expr.EmptyExpression>: null

11-12-2024T08:07:31 - [TEST_STEP][PASSED] - ii = <not implemented yet for class: org.codehaus.groovy.ast.expr.EmptyExpression>: null

11-12-2024T08:07:31 - [TEST_STEP][PASSED] - c = <not implemented yet for class: org.codehaus.groovy.ast.expr.EmptyExpression>: null

11-12-2024T08:07:31 - [TEST_STEP][PASSED] - numberOfErrors = 0: null

11-12-2024T08:07:31 - [TEST_STEP][PASSED] - if (a == 82): null

11-12-2024T08:07:31 - [TEST_STEP][PASSED] - b = findTestData("PlanFact").getValue(1, a): null

11-12-2024T08:07:31 - [TEST_STEP][PASSED] - i = b.indexOf(" (ГК)"): null

11-12-2024T08:07:31 - [TEST_STEP][PASSED] - if (i > -1): null

11-12-2024T08:07:31 - [TEST_STEP][PASSED] - i = b.indexOf("О ""): null

11-12-2024T08:07:31 - [TEST_STEP][PASSED] - if (i > -1): null

11-12-2024T08:07:31 - [TEST_STEP][PASSED] - i = b.indexOf("О «"): null

11-12-2024T08:07:31 - [TEST_STEP][PASSED] - if (i > -1): null

11-12-2024T08:07:31 - [TEST_STEP][PASSED] - i = b.indexOf("г. "): null

11-12-2024T08:07:31 - [TEST_STEP][PASSED] - if (i > -1): null

11-12-2024T08:07:31 - [TEST_STEP][PASSED] - println(b): null

11-12-2024T08:07:31 - [TEST_STEP][PASSED] - for ([planFact = 1, planFact < 3, (planFact++)]): Object: 'Object Repository/Выполнение бизнес-плана/Кнопка Факт' is clicked on

11-12-2024T08:07:31 - [TEST_STEP][PASSED] - if (planFact == 1): null

11-12-2024T08:07:31 - [TEST_STEP][PASSED] - typeOfDataMain = "Факт": null

11-12-2024T08:07:31 - [TEST_STEP][PASSED] - otpusk = findTestData("PlanFact").getValue(5, a): null

11-12-2024T08:07:31 - [TEST_STEP][PASSED] - poteri = findTestData("PlanFact").getValue(6, a): null

11-12-2024T08:07:32 - [TEST_STEP][PASSED] - otpusk = otpusk.replaceAll("\s+", ""): null

11-12-2024T08:07:32 - [TEST_STEP][PASSED] - poteri = poteri.replaceAll("\s+", ""): null

11-12-2024T08:07:32 - [TEST_STEP][PASSED] - typeOfData = typeOfDataMain + " Отпуск в сеть": null

11-12-2024T08:07:32 - [TEST_STEP][PASSED] - if (a == 82): null

11-12-2024T08:07:32 - [TEST_STEP][PASSED] - else if (a == 84): null

11-12-2024T08:07:32 - [TEST_STEP][PASSED] - else if (a == 52 || a == 72 || a == 28 || a == 73 || a == 77 || a == 74 || a == 65 || a == 36 || a == 44 || a == 53 || a == 80 || a == 54 || a == 1 || a == 18 || a == 59 || a == 81): null

11-12-2024T08:07:32 - [TEST_STEP][PASSED] - else: null

11-12-2024T08:07:32 - [TEST_STEP][PASSED] - path = dataFolder + typeOfData + " за отчётный период " + b: null

11-12-2024T08:07:32 - [TEST_STEP][PASSED] - println(path): null

11-12-2024T08:07:32 - [TEST_STEP][PASSED] - page = getText(findTestObject(path)): Text of object 'Object Repository/Выполнение бизнес-плана/Значения со страницы Выполнение бизнес-плана/Факт Отпуск в сеть за отчётный период Липецкэнерго' is: '4 473 747'

11-12-2024T08:07:32 - [MESSAGE][PASSED] - Text of object 'Object Repository/Выполнение бизнес-плана/Значения со страницы Выполнение бизнес-плана/Факт Отпуск в сеть за отчётный период Липецкэнерго' is: '4 473 747'

11-12-2024T08:07:32 - [TEST_STEP][PASSED] - page = page.replaceAll("\s+", ""): null

11-12-2024T08:07:32 - [TEST_STEP][PASSED] - fileOtpuskVSet = otpusk.toInteger(): null

11-12-2024T08:07:32 - [TEST_STEP][PASSED] - pageOtpuskVSet = page.toInteger(): null

11-12-2024T08:07:32 - [TEST_STEP][PASSED] - typeOfData = typeOfDataMain + " Потери": null

11-12-2024T08:07:32 - [TEST_STEP][PASSED] - if (a == 82): null

11-12-2024T08:07:32 - [TEST_STEP][PASSED] - else if (a == 84): null

11-12-2024T08:07:32 - [TEST_STEP][PASSED] - else if (a == 52 || a == 72 || a == 28 || a == 73 || a == 77 || a == 74 || a == 65 || a == 36 || a == 44 || a == 53 || a == 80 || a == 54 || a == 1 || a == 18 || a == 59 || a == 81): null

11-12-2024T08:07:32 - [TEST_STEP][PASSED] - else: null

11-12-2024T08:07:32 - [TEST_STEP][PASSED] - path = dataFolder + typeOfData + " за отчётный период " + b: null

11-12-2024T08:07:32 - [TEST_STEP][PASSED] - page = getText(findTestObject(path)): Text of object 'Object Repository/Выполнение бизнес-плана/Значения со страницы Выполнение бизнес-плана/Факт Потери за отчётный период Липецкэнерго' is: '609 847'

11-12-2024T08:07:32 - [MESSAGE][PASSED] - Text of object 'Object Repository/Выполнение бизнес-плана/Значения со страницы Выполнение бизнес-плана/Факт Потери за отчётный период Липецкэнерго' is: '609 847'

11-12-2024T08:07:32 - [TEST_STEP][PASSED] - page = page.replaceAll("\s+", ""): null

11-12-2024T08:07:32 - [TEST_STEP][PASSED] - filePoteri = poteri.toInteger(): null

11-12-2024T08:07:32 - [TEST_STEP][PASSED] - pagePoteri = page.toInteger(): null

11-12-2024T08:07:32 - [TEST_STEP][PASSED] - compare = pageOtpuskVSet: null

11-12-2024T08:07:32 - [TEST_STEP][PASSED] - if (compare == fileOtpuskVSet): null

11-12-2024T08:07:32 - [TEST_STEP][PASSED] - if (compare == fileOtpuskVSet): null

11-12-2024T08:07:32 - [TEST_STEP][PASSED] - compare = pagePoteri: null

11-12-2024T08:07:32 - [TEST_STEP][PASSED] - if (compare == filePoteri): null

11-12-2024T08:07:32 - [TEST_STEP][PASSED] - if (compare == filePoteri): null

11-12-2024T08:07:32 - [TEST_STEP][PASSED] - if (planFact == 2): null

11-12-2024T08:07:32 - [TEST_STEP][PASSED] - if (planFact == 1): null

11-12-2024T08:07:32 - [TEST_STEP][PASSED] - else if (planFact == 2): null

11-12-2024T08:07:32 - [TEST_STEP][PASSED] - click(findTestObject("Выполнение бизнес-плана/Кнопка План")): Object: 'Object Repository/Выполнение бизнес-плана/Кнопка План' is clicked on

11-12-2024T08:07:32 - [MESSAGE][PASSED] - Object: 'Object Repository/Выполнение бизнес-плана/Кнопка План' is clicked on

11-12-2024T08:07:32 - [TEST_STEP][PASSED] - typeOfDataMain = "План": null

11-12-2024T08:07:32 - [TEST_STEP][PASSED] - otpusk = findTestData("PlanFact").getValue(2, a): null

11-12-2024T08:07:33 - [TEST_STEP][PASSED] - poteri = findTestData("PlanFact").getValue(3, a): null

11-12-2024T08:07:33 - [TEST_STEP][PASSED] - otpusk = otpusk.replaceAll("\s+", ""): null

11-12-2024T08:07:33 - [TEST_STEP][PASSED] - poteri = poteri.replaceAll("\s+", ""): null

11-12-2024T08:07:33 - [TEST_STEP][PASSED] - typeOfData = typeOfDataMain + " Отпуск в сеть": null

11-12-2024T08:07:33 - [TEST_STEP][PASSED] - if (a == 82): null

11-12-2024T08:07:33 - [TEST_STEP][PASSED] - else if (a == 84): null

11-12-2024T08:07:33 - [TEST_STEP][PASSED] - else if (a == 52 || a == 72 || a == 28 || a == 73 || a == 77 || a == 74 || a == 65 || a == 36 || a == 44 || a == 53 || a == 80 || a == 54 || a == 1 || a == 18 || a == 59 || a == 81): null

11-12-2024T08:07:33 - [TEST_STEP][PASSED] - else: null

11-12-2024T08:07:33 - [TEST_STEP][PASSED] - path = dataFolder + typeOfData + " за отчётный период " + b: null

11-12-2024T08:07:33 - [TEST_STEP][PASSED] - println(path): null

11-12-2024T08:07:33 - [TEST_STEP][PASSED] - page = getText(findTestObject(path)): Text of object 'Object Repository/Выполнение бизнес-плана/Значения со страницы Выполнение бизнес-плана/План Отпуск в сеть за отчётный период Липецкэнерго' is: '4 188 513'

11-12-2024T08:07:33 - [MESSAGE][PASSED] - Text of object 'Object Repository/Выполнение бизнес-плана/Значения со страницы Выполнение бизнес-плана/План Отпуск в сеть за отчётный период Липецкэнерго' is: '4 188 513'

11-12-2024T08:07:33 - [TEST_STEP][PASSED] - page = page.replaceAll("\s+", ""): null

11-12-2024T08:07:33 - [TEST_STEP][PASSED] - fileOtpuskVSet = otpusk.toInteger(): null

11-12-2024T08:07:33 - [TEST_STEP][PASSED] - pageOtpuskVSet = page.toInteger(): null

11-12-2024T08:07:33 - [TEST_STEP][PASSED] - typeOfData = typeOfDataMain + " Потери": null

11-12-2024T08:07:33 - [TEST_STEP][PASSED] - if (a == 82): null

11-12-2024T08:07:33 - [TEST_STEP][PASSED] - else if (a == 84): null

11-12-2024T08:07:33 - [TEST_STEP][PASSED] - else if (a == 52 || a == 72 || a == 28 || a == 73 || a == 77 || a == 74 || a == 65 || a == 36 || a == 44 || a == 53 || a == 80 || a == 54 || a == 1 || a == 18 || a == 59 || a == 81): null

11-12-2024T08:07:33 - [TEST_STEP][PASSED] - else: null

11-12-2024T08:07:33 - [TEST_STEP][PASSED] - path = dataFolder + typeOfData + " за отчётный период " + b: null

11-12-2024T08:07:33 - [TEST_STEP][PASSED] - page = getText(findTestObject(path)): Text of object 'Object Repository/Выполнение бизнес-плана/Значения со страницы Выполнение бизнес-плана/План Потери за отчётный период Липецкэнерго' is: '648 891'

11-12-2024T08:07:33 - [MESSAGE][PASSED] - Text of object 'Object Repository/Выполнение бизнес-плана/Значения со страницы Выполнение бизнес-плана/План Потери за отчётный период Липецкэнерго' is: '648 891'

11-12-2024T08:07:33 - [TEST_STEP][PASSED] - page = page.replaceAll("\s+", ""): null

11-12-2024T08:07:33 - [TEST_STEP][PASSED] - filePoteri = poteri.toInteger(): null

11-12-2024T08:07:33 - [TEST_STEP][PASSED] - pagePoteri = page.toInteger(): null

11-12-2024T08:07:33 - [TEST_STEP][PASSED] - compare = pageOtpuskVSet: null

11-12-2024T08:07:33 - [TEST_STEP][PASSED] - if (compare == fileOtpuskVSet): null

11-12-2024T08:07:33 - [TEST_STEP][PASSED] - if (compare == fileOtpuskVSet): null

11-12-2024T08:07:33 - [TEST_STEP][PASSED] - compare = pagePoteri: null

11-12-2024T08:07:33 - [TEST_STEP][PASSED] - if (compare == filePoteri): null

11-12-2024T08:07:33 - [TEST_STEP][PASSED] - if (compare == filePoteri): null

11-12-2024T08:07:33 - [TEST_STEP][PASSED] - if (planFact == 2): Object: 'Object Repository/Выполнение бизнес-плана/Кнопка Факт' is clicked on

11-12-2024T08:07:33 - [TEST_STEP][PASSED] - click(findTestObject("Выполнение бизнес-плана/Кнопка Факт")): Object: 'Object Repository/Выполнение бизнес-плана/Кнопка Факт' is clicked on

11-12-2024T08:07:34 - [MESSAGE][PASSED] - Object: 'Object Repository/Выполнение бизнес-плана/Кнопка Факт' is clicked on

11-12-2024T08:07:34 - [TEST_STEP][PASSED] - if (a == 84 || a == 82): null

11-12-2024T08:07:34 - [TEST_STEP][PASSED] - else if (a == 52 || a == 72 || a == 28 || a == 73 || a == 77 || a == 74 || a == 65 || a == 36 || a == 44 || a == 53 || a == 80 || a == 54 || a == 1 || a == 18 || a == 59 || a == 81): null

11-12-2024T08:07:34 - [TEST_STEP][PASSED] - else: null

11-12-2024T08:07:34 - [TEST_STEP][PASSED] - page1 = getText(findTestObject("Object Repository/Выполнение бизнес-плана/spanPlan" + filialNum)): Text of object 'Object Repository/Выполнение бизнес-плана/spanPlan9' is: '15.49
|'

11-12-2024T08:07:34 - [MESSAGE][PASSED] - Text of object 'Object Repository/Выполнение бизнес-плана/spanPlan9' is: '15.49
|'

11-12-2024T08:07:34 - [TEST_STEP][PASSED] - page1 = page1.replace("|", ""): null

11-12-2024T08:07:34 - [TEST_STEP][PASSED] - page2 = getText(findTestObject("Object Repository/Выполнение бизнес-плана/spanFact" + filialNum)): Text of object 'Object Repository/Выполнение бизнес-плана/spanFact9' is: '13.63
|'

11-12-2024T08:07:34 - [MESSAGE][PASSED] - Text of object 'Object Repository/Выполнение бизнес-плана/spanFact9' is: '13.63
|'

11-12-2024T08:07:34 - [TEST_STEP][PASSED] - page2 = page2.replace("|", ""): null

11-12-2024T08:07:34 - [TEST_STEP][PASSED] - println("page1: " + page1): null

11-12-2024T08:07:34 - [TEST_STEP][PASSED] - println("page2: " + page2): null

11-12-2024T08:07:34 - [TEST_STEP][PASSED] - file = findTestData("PlanFact").getValue(4, a): null

11-12-2024T08:07:34 - [TEST_STEP][PASSED] - file = file.replace(",", "."): null

11-12-2024T08:07:34 - [TEST_STEP][PASSED] - println("file Plan: " + file): null

11-12-2024T08:07:34 - [TEST_STEP][PASSED] - typeOfData = "План в процентах": null

11-12-2024T08:07:34 - [TEST_STEP][PASSED] - fileDouble = file.toDouble(): null

11-12-2024T08:07:34 - [TEST_STEP][PASSED] - pageDouble = page1.toDouble(): null

11-12-2024T08:07:34 - [TEST_STEP][PASSED] - if (fileDouble != pageDouble): null

11-12-2024T08:07:34 - [TEST_STEP][PASSED] - file = findTestData("PlanFact").getValue(7, a): null

11-12-2024T08:07:34 - [TEST_STEP][PASSED] - file = file.replace(",", "."): null

11-12-2024T08:07:34 - [TEST_STEP][PASSED] - println("file Fact: " + file): null

11-12-2024T08:07:34 - [TEST_STEP][PASSED] - fileDouble = file.toDouble(): null

11-12-2024T08:07:34 - [TEST_STEP][PASSED] - typeOfData = "Факт в процентах": null

11-12-2024T08:07:34 - [TEST_STEP][PASSED] - fileDouble = file.toDouble(): null

11-12-2024T08:07:34 - [TEST_STEP][PASSED] - pageDouble = page2.toDouble(): null

11-12-2024T08:07:34 - [TEST_STEP][PASSED] - if (fileDouble != pageDouble): null

11-12-2024T08:07:34 - [TEST_STEP][PASSED] - if (verifyEqual(numberOfErrors, 0) == false): Actual object '0' and expected object '0' are equal

11-12-2024T08:07:34 - [MESSAGE][PASSED] - Actual object '0' and expected object '0' are equal

11-12-2024T08:07:34 - [TEST_STEP][PASSED] - if (a == 82): null

11-12-2024T08:07:34 - [TEST_STEP][PASSED] - dZO = "ООО «БрянскЭлектро»": null

11-12-2024T08:07:34 - [TEST_STEP][PASSED] - a = 13: null

11-12-2024T08:07:34 - [TEST_STEP][PASSED] - dzoCut = dZO.substring(5, 12): null

11-12-2024T08:07:34 - [TEST_STEP][PASSED] - if (x2.contains(dzoCut)): null

11-12-2024T08:07:34 - [TEST_STEP][PASSED] - filialNum = filialNum + 1: null

11-12-2024T08:07:34 - [TEST_STEP][PASSED] - Script1718980020443.Numbers(a, typeOfData, todaysDate, pageInt, fileInt, pageDouble, fileDouble, dZO, dzoNum, filialNum): null

11-12-2024T08:07:34 - [TEST_STEP][PASSED] - println(dzoNum): null

11-12-2024T08:07:34 - [TEST_STEP][PASSED] - planFact = <not implemented yet for class: org.codehaus.groovy.ast.expr.EmptyExpression>: null

11-12-2024T08:07:34 - [TEST_STEP][PASSED] - page = <not implemented yet for class: org.codehaus.groovy.ast.expr.EmptyExpression>: null

11-12-2024T08:07:34 - [TEST_STEP][PASSED] - page1 = <not implemented yet for class: org.codehaus.groovy.ast.expr.EmptyExpression>: null

11-12-2024T08:07:34 - [TEST_STEP][PASSED] - page2 = <not implemented yet for class: org.codehaus.groovy.ast.expr.EmptyExpression>: null

11-12-2024T08:07:34 - [TEST_STEP][PASSED] - filialNumberInRow = <not implemented yet for class: org.codehaus.groovy.ast.expr.EmptyExpression>: null

11-12-2024T08:07:34 - [TEST_STEP][PASSED] - filialsDzoNames = <not implemented yet for class: org.codehaus.groovy.ast.expr.EmptyExpression>: null

11-12-2024T08:07:34 - [TEST_STEP][PASSED] - numberOfFilials = <not implemented yet for class: org.codehaus.groovy.ast.expr.EmptyExpression>: null

11-12-2024T08:07:34 - [TEST_STEP][PASSED] - numberOfSpaces = <not implemented yet for class: org.codehaus.groovy.ast.expr.EmptyExpression>: null

11-12-2024T08:07:34 - [TEST_STEP][PASSED] - file = <not implemented yet for class: org.codehaus.groovy.ast.expr.EmptyExpression>: null

11-12-2024T08:07:34 - [TEST_STEP][PASSED] - otpusk = <not implemented yet for class: org.codehaus.groovy.ast.expr.EmptyExpression>: null

11-12-2024T08:07:34 - [TEST_STEP][PASSED] - poteri = <not implemented yet for class: org.codehaus.groovy.ast.expr.EmptyExpression>: null

11-12-2024T08:07:34 - [TEST_STEP][PASSED] - dataFolder = "Выполнение бизнес-плана/Значения со страницы Выполнение бизнес-плана/": null

11-12-2024T08:07:34 - [TEST_STEP][PASSED] - path = <not implemented yet for class: org.codehaus.groovy.ast.expr.EmptyExpression>: null

11-12-2024T08:07:34 - [TEST_STEP][PASSED] - typeOfDataMain = <not implemented yet for class: org.codehaus.groovy.ast.expr.EmptyExpression>: null

11-12-2024T08:07:34 - [TEST_STEP][PASSED] - fileOtpuskVSet = <not implemented yet for class: org.codehaus.groovy.ast.expr.EmptyExpression>: null

11-12-2024T08:07:34 - [TEST_STEP][PASSED] - pageOtpuskVSet = <not implemented yet for class: org.codehaus.groovy.ast.expr.EmptyExpression>: null

11-12-2024T08:07:34 - [TEST_STEP][PASSED] - filePoteri = <not implemented yet for class: org.codehaus.groovy.ast.expr.EmptyExpression>: null

11-12-2024T08:07:34 - [TEST_STEP][PASSED] - pagePoteri = <not implemented yet for class: org.codehaus.groovy.ast.expr.EmptyExpression>: null

11-12-2024T08:07:34 - [TEST_STEP][PASSED] - compare = <not implemented yet for class: org.codehaus.groovy.ast.expr.EmptyExpression>: null

11-12-2024T08:07:34 - [TEST_STEP][PASSED] - b = <not implemented yet for class: org.codehaus.groovy.ast.expr.EmptyExpression>: null

11-12-2024T08:07:34 - [TEST_STEP][PASSED] - i = <not implemented yet for class: org.codehaus.groovy.ast.expr.EmptyExpression>: null

11-12-2024T08:07:34 - [TEST_STEP][PASSED] - ii = <not implemented yet for class: org.codehaus.groovy.ast.expr.EmptyExpression>: null

11-12-2024T08:07:34 - [TEST_STEP][PASSED] - c = <not implemented yet for class: org.codehaus.groovy.ast.expr.EmptyExpression>: null

11-12-2024T08:07:34 - [TEST_STEP][PASSED] - numberOfErrors = 0: null

11-12-2024T08:07:34 - [TEST_STEP][PASSED] - if (a == 82): null

11-12-2024T08:07:34 - [TEST_STEP][PASSED] - b = findTestData("PlanFact").getValue(1, a): null

11-12-2024T08:07:34 - [TEST_STEP][PASSED] - i = b.indexOf(" (ГК)"): null

11-12-2024T08:07:34 - [TEST_STEP][PASSED] - if (i > -1): null

11-12-2024T08:07:34 - [TEST_STEP][PASSED] - i = b.indexOf("О ""): null

11-12-2024T08:07:34 - [TEST_STEP][PASSED] - if (i > -1): null

11-12-2024T08:07:34 - [TEST_STEP][PASSED] - i = b.indexOf("О «"): null

11-12-2024T08:07:34 - [TEST_STEP][PASSED] - if (i > -1): null

11-12-2024T08:07:34 - [TEST_STEP][PASSED] - b = b.substring(i + 3, b.length()): null

11-12-2024T08:07:34 - [TEST_STEP][PASSED] - i = b.indexOf("»"): null

11-12-2024T08:07:34 - [TEST_STEP][PASSED] - b = b.substring(0, i): null

11-12-2024T08:07:34 - [TEST_STEP][PASSED] - b = b.trim(): null

11-12-2024T08:07:34 - [TEST_STEP][PASSED] - i = b.indexOf("г. "): null

11-12-2024T08:07:34 - [TEST_STEP][PASSED] - if (i > -1): null

11-12-2024T08:07:34 - [TEST_STEP][PASSED] - println(b): null

11-12-2024T08:07:34 - [TEST_STEP][PASSED] - for ([planFact = 1, planFact < 3, (planFact++)]): Object: 'Object Repository/Выполнение бизнес-плана/Кнопка Факт' is clicked on

11-12-2024T08:07:34 - [TEST_STEP][PASSED] - if (planFact == 1): null

11-12-2024T08:07:34 - [TEST_STEP][PASSED] - typeOfDataMain = "Факт": null

11-12-2024T08:07:34 - [TEST_STEP][PASSED] - otpusk = findTestData("PlanFact").getValue(5, a): null

11-12-2024T08:07:34 - [TEST_STEP][PASSED] - poteri = findTestData("PlanFact").getValue(6, a): null

11-12-2024T08:07:34 - [TEST_STEP][PASSED] - otpusk = otpusk.replaceAll("\s+", ""): null

11-12-2024T08:07:34 - [TEST_STEP][PASSED] - poteri = poteri.replaceAll("\s+", ""): null

11-12-2024T08:07:34 - [TEST_STEP][PASSED] - typeOfData = typeOfDataMain + " Отпуск в сеть": null

11-12-2024T08:07:34 - [TEST_STEP][PASSED] - if (a == 82): null

11-12-2024T08:07:34 - [TEST_STEP][PASSED] - else if (a == 84): null

11-12-2024T08:07:34 - [TEST_STEP][PASSED] - else if (a == 52 || a == 72 || a == 28 || a == 73 || a == 77 || a == 74 || a == 65 || a == 36 || a == 44 || a == 53 || a == 80 || a == 54 || a == 1 || a == 18 || a == 59 || a == 81): null

11-12-2024T08:07:34 - [TEST_STEP][PASSED] - else: null

11-12-2024T08:07:34 - [TEST_STEP][PASSED] - path = dataFolder + typeOfData + " за отчётный период " + b: null

11-12-2024T08:07:34 - [TEST_STEP][PASSED] - println(path): null

11-12-2024T08:07:34 - [TEST_STEP][PASSED] - page = getText(findTestObject(path)): Text of object 'Object Repository/Выполнение бизнес-плана/Значения со страницы Выполнение бизнес-плана/Факт Отпуск в сеть за отчётный период БрянскЭлектро' is: '1 794 813'

11-12-2024T08:07:35 - [MESSAGE][PASSED] - Text of object 'Object Repository/Выполнение бизнес-плана/Значения со страницы Выполнение бизнес-плана/Факт Отпуск в сеть за отчётный период БрянскЭлектро' is: '1 794 813'

11-12-2024T08:07:35 - [TEST_STEP][PASSED] - page = page.replaceAll("\s+", ""): null

11-12-2024T08:07:35 - [TEST_STEP][PASSED] - fileOtpuskVSet = otpusk.toInteger(): null

11-12-2024T08:07:35 - [TEST_STEP][PASSED] - pageOtpuskVSet = page.toInteger(): null

11-12-2024T08:07:35 - [TEST_STEP][PASSED] - typeOfData = typeOfDataMain + " Потери": null

11-12-2024T08:07:35 - [TEST_STEP][PASSED] - if (a == 82): null

11-12-2024T08:07:35 - [TEST_STEP][PASSED] - else if (a == 84): null

11-12-2024T08:07:35 - [TEST_STEP][PASSED] - else if (a == 52 || a == 72 || a == 28 || a == 73 || a == 77 || a == 74 || a == 65 || a == 36 || a == 44 || a == 53 || a == 80 || a == 54 || a == 1 || a == 18 || a == 59 || a == 81): null

11-12-2024T08:07:35 - [TEST_STEP][PASSED] - else: null

11-12-2024T08:07:35 - [TEST_STEP][PASSED] - path = dataFolder + typeOfData + " за отчётный период " + b: null

11-12-2024T08:07:35 - [TEST_STEP][PASSED] - page = getText(findTestObject(path)): Text of object 'Object Repository/Выполнение бизнес-плана/Значения со страницы Выполнение бизнес-плана/Факт Потери за отчётный период БрянскЭлектро' is: '177 726'

11-12-2024T08:07:35 - [MESSAGE][PASSED] - Text of object 'Object Repository/Выполнение бизнес-плана/Значения со страницы Выполнение бизнес-плана/Факт Потери за отчётный период БрянскЭлектро' is: '177 726'

11-12-2024T08:07:35 - [TEST_STEP][PASSED] - page = page.replaceAll("\s+", ""): null

11-12-2024T08:07:35 - [TEST_STEP][PASSED] - filePoteri = poteri.toInteger(): null

11-12-2024T08:07:35 - [TEST_STEP][PASSED] - pagePoteri = page.toInteger(): null

11-12-2024T08:07:35 - [TEST_STEP][PASSED] - compare = pageOtpuskVSet: null

11-12-2024T08:07:35 - [TEST_STEP][PASSED] - if (compare == fileOtpuskVSet): null

11-12-2024T08:07:35 - [TEST_STEP][PASSED] - if (compare == fileOtpuskVSet): null

11-12-2024T08:07:35 - [TEST_STEP][PASSED] - compare = pagePoteri: null

11-12-2024T08:07:35 - [TEST_STEP][PASSED] - if (compare == filePoteri): null

11-12-2024T08:07:35 - [TEST_STEP][PASSED] - if (compare == filePoteri): null

11-12-2024T08:07:35 - [TEST_STEP][PASSED] - if (planFact == 2): null

11-12-2024T08:07:35 - [TEST_STEP][PASSED] - if (planFact == 1): null

11-12-2024T08:07:35 - [TEST_STEP][PASSED] - else if (planFact == 2): null

11-12-2024T08:07:35 - [TEST_STEP][PASSED] - click(findTestObject("Выполнение бизнес-плана/Кнопка План")): Object: 'Object Repository/Выполнение бизнес-плана/Кнопка План' is clicked on

11-12-2024T08:07:35 - [MESSAGE][PASSED] - Object: 'Object Repository/Выполнение бизнес-плана/Кнопка План' is clicked on

11-12-2024T08:07:35 - [TEST_STEP][PASSED] - typeOfDataMain = "План": null

11-12-2024T08:07:35 - [TEST_STEP][PASSED] - otpusk = findTestData("PlanFact").getValue(2, a): null

11-12-2024T08:07:36 - [TEST_STEP][PASSED] - poteri = findTestData("PlanFact").getValue(3, a): null

11-12-2024T08:07:36 - [TEST_STEP][PASSED] - otpusk = otpusk.replaceAll("\s+", ""): null

11-12-2024T08:07:36 - [TEST_STEP][PASSED] - poteri = poteri.replaceAll("\s+", ""): null

11-12-2024T08:07:36 - [TEST_STEP][PASSED] - typeOfData = typeOfDataMain + " Отпуск в сеть": null

11-12-2024T08:07:36 - [TEST_STEP][PASSED] - if (a == 82): null

11-12-2024T08:07:36 - [TEST_STEP][PASSED] - else if (a == 84): null

11-12-2024T08:07:36 - [TEST_STEP][PASSED] - else if (a == 52 || a == 72 || a == 28 || a == 73 || a == 77 || a == 74 || a == 65 || a == 36 || a == 44 || a == 53 || a == 80 || a == 54 || a == 1 || a == 18 || a == 59 || a == 81): null

11-12-2024T08:07:36 - [TEST_STEP][PASSED] - else: null

11-12-2024T08:07:36 - [TEST_STEP][PASSED] - path = dataFolder + typeOfData + " за отчётный период " + b: null

11-12-2024T08:07:36 - [TEST_STEP][PASSED] - println(path): null

11-12-2024T08:07:36 - [TEST_STEP][PASSED] - page = getText(findTestObject(path)): Text of object 'Object Repository/Выполнение бизнес-плана/Значения со страницы Выполнение бизнес-плана/План Отпуск в сеть за отчётный период БрянскЭлектро' is: '1 791 741'

11-12-2024T08:07:36 - [MESSAGE][PASSED] - Text of object 'Object Repository/Выполнение бизнес-плана/Значения со страницы Выполнение бизнес-плана/План Отпуск в сеть за отчётный период БрянскЭлектро' is: '1 791 741'

11-12-2024T08:07:36 - [TEST_STEP][PASSED] - page = page.replaceAll("\s+", ""): null

11-12-2024T08:07:36 - [TEST_STEP][PASSED] - fileOtpuskVSet = otpusk.toInteger(): null

11-12-2024T08:07:36 - [TEST_STEP][PASSED] - pageOtpuskVSet = page.toInteger(): null

11-12-2024T08:07:36 - [TEST_STEP][PASSED] - typeOfData = typeOfDataMain + " Потери": null

11-12-2024T08:07:36 - [TEST_STEP][PASSED] - if (a == 82): null

11-12-2024T08:07:36 - [TEST_STEP][PASSED] - else if (a == 84): null

11-12-2024T08:07:36 - [TEST_STEP][PASSED] - else if (a == 52 || a == 72 || a == 28 || a == 73 || a == 77 || a == 74 || a == 65 || a == 36 || a == 44 || a == 53 || a == 80 || a == 54 || a == 1 || a == 18 || a == 59 || a == 81): null

11-12-2024T08:07:36 - [TEST_STEP][PASSED] - else: null

11-12-2024T08:07:36 - [TEST_STEP][PASSED] - path = dataFolder + typeOfData + " за отчётный период " + b: null

11-12-2024T08:07:36 - [TEST_STEP][PASSED] - page = getText(findTestObject(path)): Text of object 'Object Repository/Выполнение бизнес-плана/Значения со страницы Выполнение бизнес-плана/План Потери за отчётный период БрянскЭлектро' is: '186 015'

11-12-2024T08:07:36 - [MESSAGE][PASSED] - Text of object 'Object Repository/Выполнение бизнес-плана/Значения со страницы Выполнение бизнес-плана/План Потери за отчётный период БрянскЭлектро' is: '186 015'

11-12-2024T08:07:36 - [TEST_STEP][PASSED] - page = page.replaceAll("\s+", ""): null

11-12-2024T08:07:36 - [TEST_STEP][PASSED] - filePoteri = poteri.toInteger(): null

11-12-2024T08:07:36 - [TEST_STEP][PASSED] - pagePoteri = page.toInteger(): null

11-12-2024T08:07:36 - [TEST_STEP][PASSED] - compare = pageOtpuskVSet: null

11-12-2024T08:07:36 - [TEST_STEP][PASSED] - if (compare == fileOtpuskVSet): null

11-12-2024T08:07:36 - [TEST_STEP][PASSED] - else if (compare > fileOtpuskVSet): null

11-12-2024T08:07:36 - [TEST_STEP][PASSED] - compare = compare - 1: null

11-12-2024T08:07:36 - [TEST_STEP][PASSED] - if (compare == fileOtpuskVSet): null

11-12-2024T08:07:36 - [TEST_STEP][PASSED] - compare = pagePoteri: null

11-12-2024T08:07:36 - [TEST_STEP][PASSED] - if (compare == filePoteri): null

11-12-2024T08:07:36 - [TEST_STEP][PASSED] - if (compare == filePoteri): null

11-12-2024T08:07:36 - [TEST_STEP][PASSED] - if (planFact == 2): Object: 'Object Repository/Выполнение бизнес-плана/Кнопка Факт' is clicked on

11-12-2024T08:07:36 - [TEST_STEP][PASSED] - click(findTestObject("Выполнение бизнес-плана/Кнопка Факт")): Object: 'Object Repository/Выполнение бизнес-плана/Кнопка Факт' is clicked on

11-12-2024T08:07:37 - [MESSAGE][PASSED] - Object: 'Object Repository/Выполнение бизнес-плана/Кнопка Факт' is clicked on

11-12-2024T08:07:37 - [TEST_STEP][PASSED] - if (a == 84 || a == 82): null

11-12-2024T08:07:37 - [TEST_STEP][PASSED] - else if (a == 52 || a == 72 || a == 28 || a == 73 || a == 77 || a == 74 || a == 65 || a == 36 || a == 44 || a == 53 || a == 80 || a == 54 || a == 1 || a == 18 || a == 59 || a == 81): null

11-12-2024T08:07:37 - [TEST_STEP][PASSED] - else: null

11-12-2024T08:07:37 - [TEST_STEP][PASSED] - page1 = getText(findTestObject("Object Repository/Выполнение бизнес-плана/spanPlan" + filialNum)): Text of object 'Object Repository/Выполнение бизнес-плана/spanPlan10' is: '10.38
|'

11-12-2024T08:07:37 - [MESSAGE][PASSED] - Text of object 'Object Repository/Выполнение бизнес-плана/spanPlan10' is: '10.38
|'

11-12-2024T08:07:37 - [TEST_STEP][PASSED] - page1 = page1.replace("|", ""): null

11-12-2024T08:07:37 - [TEST_STEP][PASSED] - page2 = getText(findTestObject("Object Repository/Выполнение бизнес-плана/spanFact" + filialNum)): Text of object 'Object Repository/Выполнение бизнес-плана/spanFact10' is: '9.90
|'

11-12-2024T08:07:37 - [MESSAGE][PASSED] - Text of object 'Object Repository/Выполнение бизнес-плана/spanFact10' is: '9.90
|'

11-12-2024T08:07:37 - [TEST_STEP][PASSED] - page2 = page2.replace("|", ""): null

11-12-2024T08:07:37 - [TEST_STEP][PASSED] - println("page1: " + page1): null

11-12-2024T08:07:37 - [TEST_STEP][PASSED] - println("page2: " + page2): null

11-12-2024T08:07:37 - [TEST_STEP][PASSED] - file = findTestData("PlanFact").getValue(4, a): null

11-12-2024T08:07:37 - [TEST_STEP][PASSED] - file = file.replace(",", "."): null

11-12-2024T08:07:37 - [TEST_STEP][PASSED] - println("file Plan: " + file): null

11-12-2024T08:07:37 - [TEST_STEP][PASSED] - typeOfData = "План в процентах": null

11-12-2024T08:07:37 - [TEST_STEP][PASSED] - fileDouble = file.toDouble(): null

11-12-2024T08:07:37 - [TEST_STEP][PASSED] - pageDouble = page1.toDouble(): null

11-12-2024T08:07:37 - [TEST_STEP][PASSED] - if (fileDouble != pageDouble): null

11-12-2024T08:07:37 - [TEST_STEP][PASSED] - file = findTestData("PlanFact").getValue(7, a): null

11-12-2024T08:07:37 - [TEST_STEP][PASSED] - file = file.replace(",", "."): null

11-12-2024T08:07:37 - [TEST_STEP][PASSED] - println("file Fact: " + file): null

11-12-2024T08:07:37 - [TEST_STEP][PASSED] - fileDouble = file.toDouble(): null

11-12-2024T08:07:37 - [TEST_STEP][PASSED] - typeOfData = "Факт в процентах": null

11-12-2024T08:07:37 - [TEST_STEP][PASSED] - fileDouble = file.toDouble(): null

11-12-2024T08:07:37 - [TEST_STEP][PASSED] - pageDouble = page2.toDouble(): null

11-12-2024T08:07:37 - [TEST_STEP][PASSED] - if (fileDouble != pageDouble): null

11-12-2024T08:07:37 - [TEST_STEP][PASSED] - if (verifyEqual(numberOfErrors, 0) == false): Actual object '0' and expected object '0' are equal

11-12-2024T08:07:37 - [MESSAGE][PASSED] - Actual object '0' and expected object '0' are equal

11-12-2024T08:07:37 - [TEST_STEP][PASSED] - if (a == 82): null

11-12-2024T08:07:37 - [TEST_STEP][PASSED] - dZO = "Орелэнерго": null

11-12-2024T08:07:37 - [TEST_STEP][PASSED] - a = 8: null

11-12-2024T08:07:37 - [TEST_STEP][PASSED] - if (x2.contains(dZO)): null

11-12-2024T08:07:37 - [TEST_STEP][PASSED] - filialNum = filialNum + 1: null

11-12-2024T08:07:37 - [TEST_STEP][PASSED] - Script1718980020443.Numbers(a, typeOfData, todaysDate, pageInt, fileInt, pageDouble, fileDouble, dZO, dzoNum, filialNum): null

11-12-2024T08:07:37 - [TEST_STEP][PASSED] - println(dzoNum): null

11-12-2024T08:07:37 - [TEST_STEP][PASSED] - planFact = <not implemented yet for class: org.codehaus.groovy.ast.expr.EmptyExpression>: null

11-12-2024T08:07:37 - [TEST_STEP][PASSED] - page = <not implemented yet for class: org.codehaus.groovy.ast.expr.EmptyExpression>: null

11-12-2024T08:07:37 - [TEST_STEP][PASSED] - page1 = <not implemented yet for class: org.codehaus.groovy.ast.expr.EmptyExpression>: null

11-12-2024T08:07:37 - [TEST_STEP][PASSED] - page2 = <not implemented yet for class: org.codehaus.groovy.ast.expr.EmptyExpression>: null

11-12-2024T08:07:37 - [TEST_STEP][PASSED] - filialNumberInRow = <not implemented yet for class: org.codehaus.groovy.ast.expr.EmptyExpression>: null

11-12-2024T08:07:37 - [TEST_STEP][PASSED] - filialsDzoNames = <not implemented yet for class: org.codehaus.groovy.ast.expr.EmptyExpression>: null

11-12-2024T08:07:37 - [TEST_STEP][PASSED] - numberOfFilials = <not implemented yet for class: org.codehaus.groovy.ast.expr.EmptyExpression>: null

11-12-2024T08:07:37 - [TEST_STEP][PASSED] - numberOfSpaces = <not implemented yet for class: org.codehaus.groovy.ast.expr.EmptyExpression>: null

11-12-2024T08:07:37 - [TEST_STEP][PASSED] - file = <not implemented yet for class: org.codehaus.groovy.ast.expr.EmptyExpression>: null

11-12-2024T08:07:37 - [TEST_STEP][PASSED] - otpusk = <not implemented yet for class: org.codehaus.groovy.ast.expr.EmptyExpression>: null

11-12-2024T08:07:37 - [TEST_STEP][PASSED] - poteri = <not implemented yet for class: org.codehaus.groovy.ast.expr.EmptyExpression>: null

11-12-2024T08:07:37 - [TEST_STEP][PASSED] - dataFolder = "Выполнение бизнес-плана/Значения со страницы Выполнение бизнес-плана/": null

11-12-2024T08:07:37 - [TEST_STEP][PASSED] - path = <not implemented yet for class: org.codehaus.groovy.ast.expr.EmptyExpression>: null

11-12-2024T08:07:37 - [TEST_STEP][PASSED] - typeOfDataMain = <not implemented yet for class: org.codehaus.groovy.ast.expr.EmptyExpression>: null

11-12-2024T08:07:37 - [TEST_STEP][PASSED] - fileOtpuskVSet = <not implemented yet for class: org.codehaus.groovy.ast.expr.EmptyExpression>: null

11-12-2024T08:07:37 - [TEST_STEP][PASSED] - pageOtpuskVSet = <not implemented yet for class: org.codehaus.groovy.ast.expr.EmptyExpression>: null

11-12-2024T08:07:37 - [TEST_STEP][PASSED] - filePoteri = <not implemented yet for class: org.codehaus.groovy.ast.expr.EmptyExpression>: null

11-12-2024T08:07:37 - [TEST_STEP][PASSED] - pagePoteri = <not implemented yet for class: org.codehaus.groovy.ast.expr.EmptyExpression>: null

11-12-2024T08:07:37 - [TEST_STEP][PASSED] - compare = <not implemented yet for class: org.codehaus.groovy.ast.expr.EmptyExpression>: null

11-12-2024T08:07:37 - [TEST_STEP][PASSED] - b = <not implemented yet for class: org.codehaus.groovy.ast.expr.EmptyExpression>: null

11-12-2024T08:07:37 - [TEST_STEP][PASSED] - i = <not implemented yet for class: org.codehaus.groovy.ast.expr.EmptyExpression>: null

11-12-2024T08:07:37 - [TEST_STEP][PASSED] - ii = <not implemented yet for class: org.codehaus.groovy.ast.expr.EmptyExpression>: null

11-12-2024T08:07:37 - [TEST_STEP][PASSED] - c = <not implemented yet for class: org.codehaus.groovy.ast.expr.EmptyExpression>: null

11-12-2024T08:07:37 - [TEST_STEP][PASSED] - numberOfErrors = 0: null

11-12-2024T08:07:37 - [TEST_STEP][PASSED] - if (a == 82): null

11-12-2024T08:07:37 - [TEST_STEP][PASSED] - b = findTestData("PlanFact").getValue(1, a): null

11-12-2024T08:07:37 - [TEST_STEP][PASSED] - i = b.indexOf(" (ГК)"): null

11-12-2024T08:07:37 - [TEST_STEP][PASSED] - if (i > -1): null

11-12-2024T08:07:37 - [TEST_STEP][PASSED] - i = b.indexOf("О ""): null

11-12-2024T08:07:37 - [TEST_STEP][PASSED] - if (i > -1): null

11-12-2024T08:07:37 - [TEST_STEP][PASSED] - i = b.indexOf("О «"): null

11-12-2024T08:07:37 - [TEST_STEP][PASSED] - if (i > -1): null

11-12-2024T08:07:37 - [TEST_STEP][PASSED] - i = b.indexOf("г. "): null

11-12-2024T08:07:37 - [TEST_STEP][PASSED] - if (i > -1): null

11-12-2024T08:07:37 - [TEST_STEP][PASSED] - println(b): null

11-12-2024T08:07:37 - [TEST_STEP][PASSED] - for ([planFact = 1, planFact < 3, (planFact++)]): Object: 'Object Repository/Выполнение бизнес-плана/Кнопка Факт' is clicked on

11-12-2024T08:07:37 - [TEST_STEP][PASSED] - if (planFact == 1): null

11-12-2024T08:07:37 - [TEST_STEP][PASSED] - typeOfDataMain = "Факт": null

11-12-2024T08:07:37 - [TEST_STEP][PASSED] - otpusk = findTestData("PlanFact").getValue(5, a): null

11-12-2024T08:07:37 - [TEST_STEP][PASSED] - poteri = findTestData("PlanFact").getValue(6, a): null

11-12-2024T08:07:37 - [TEST_STEP][PASSED] - otpusk = otpusk.replaceAll("\s+", ""): null

11-12-2024T08:07:37 - [TEST_STEP][PASSED] - poteri = poteri.replaceAll("\s+", ""): null

11-12-2024T08:07:37 - [TEST_STEP][PASSED] - typeOfData = typeOfDataMain + " Отпуск в сеть": null

11-12-2024T08:07:37 - [TEST_STEP][PASSED] - if (a == 82): null

11-12-2024T08:07:37 - [TEST_STEP][PASSED] - else if (a == 84): null

11-12-2024T08:07:37 - [TEST_STEP][PASSED] - else if (a == 52 || a == 72 || a == 28 || a == 73 || a == 77 || a == 74 || a == 65 || a == 36 || a == 44 || a == 53 || a == 80 || a == 54 || a == 1 || a == 18 || a == 59 || a == 81): null

11-12-2024T08:07:37 - [TEST_STEP][PASSED] - else: null

11-12-2024T08:07:37 - [TEST_STEP][PASSED] - path = dataFolder + typeOfData + " за отчётный период " + b: null

11-12-2024T08:07:37 - [TEST_STEP][PASSED] - println(path): null

11-12-2024T08:07:37 - [TEST_STEP][PASSED] - page = getText(findTestObject(path)): Text of object 'Object Repository/Выполнение бизнес-плана/Значения со страницы Выполнение бизнес-плана/Факт Отпуск в сеть за отчётный период Орелэнерго' is: '1 992 845'

11-12-2024T08:07:38 - [MESSAGE][PASSED] - Text of object 'Object Repository/Выполнение бизнес-плана/Значения со страницы Выполнение бизнес-плана/Факт Отпуск в сеть за отчётный период Орелэнерго' is: '1 992 845'

11-12-2024T08:07:38 - [TEST_STEP][PASSED] - page = page.replaceAll("\s+", ""): null

11-12-2024T08:07:38 - [TEST_STEP][PASSED] - fileOtpuskVSet = otpusk.toInteger(): null

11-12-2024T08:07:38 - [TEST_STEP][PASSED] - pageOtpuskVSet = page.toInteger(): null

11-12-2024T08:07:38 - [TEST_STEP][PASSED] - typeOfData = typeOfDataMain + " Потери": null

11-12-2024T08:07:38 - [TEST_STEP][PASSED] - if (a == 82): null

11-12-2024T08:07:38 - [TEST_STEP][PASSED] - else if (a == 84): null

11-12-2024T08:07:38 - [TEST_STEP][PASSED] - else if (a == 52 || a == 72 || a == 28 || a == 73 || a == 77 || a == 74 || a == 65 || a == 36 || a == 44 || a == 53 || a == 80 || a == 54 || a == 1 || a == 18 || a == 59 || a == 81): null

11-12-2024T08:07:38 - [TEST_STEP][PASSED] - else: null

11-12-2024T08:07:38 - [TEST_STEP][PASSED] - path = dataFolder + typeOfData + " за отчётный период " + b: null

11-12-2024T08:07:38 - [TEST_STEP][PASSED] - page = getText(findTestObject(path)): Text of object 'Object Repository/Выполнение бизнес-плана/Значения со страницы Выполнение бизнес-плана/Факт Потери за отчётный период Орелэнерго' is: '168 536'

11-12-2024T08:07:38 - [MESSAGE][PASSED] - Text of object 'Object Repository/Выполнение бизнес-плана/Значения со страницы Выполнение бизнес-плана/Факт Потери за отчётный период Орелэнерго' is: '168 536'

11-12-2024T08:07:38 - [TEST_STEP][PASSED] - page = page.replaceAll("\s+", ""): null

11-12-2024T08:07:38 - [TEST_STEP][PASSED] - filePoteri = poteri.toInteger(): null

11-12-2024T08:07:38 - [TEST_STEP][PASSED] - pagePoteri = page.toInteger(): null

11-12-2024T08:07:38 - [TEST_STEP][PASSED] - compare = pageOtpuskVSet: null

11-12-2024T08:07:38 - [TEST_STEP][PASSED] - if (compare == fileOtpuskVSet): null

11-12-2024T08:07:38 - [TEST_STEP][PASSED] - if (compare == fileOtpuskVSet): null

11-12-2024T08:07:38 - [TEST_STEP][PASSED] - compare = pagePoteri: null

11-12-2024T08:07:38 - [TEST_STEP][PASSED] - if (compare == filePoteri): null

11-12-2024T08:07:38 - [TEST_STEP][PASSED] - if (compare == filePoteri): null

11-12-2024T08:07:38 - [TEST_STEP][PASSED] - if (planFact == 2): null

11-12-2024T08:07:38 - [TEST_STEP][PASSED] - if (planFact == 1): null

11-12-2024T08:07:38 - [TEST_STEP][PASSED] - else if (planFact == 2): null

11-12-2024T08:07:38 - [TEST_STEP][PASSED] - click(findTestObject("Выполнение бизнес-плана/Кнопка План")): Object: 'Object Repository/Выполнение бизнес-плана/Кнопка План' is clicked on

11-12-2024T08:07:38 - [MESSAGE][PASSED] - Object: 'Object Repository/Выполнение бизнес-плана/Кнопка План' is clicked on

11-12-2024T08:07:38 - [TEST_STEP][PASSED] - typeOfDataMain = "План": null

11-12-2024T08:07:38 - [TEST_STEP][PASSED] - otpusk = findTestData("PlanFact").getValue(2, a): null

11-12-2024T08:07:38 - [TEST_STEP][PASSED] - poteri = findTestData("PlanFact").getValue(3, a): null

11-12-2024T08:07:39 - [TEST_STEP][PASSED] - otpusk = otpusk.replaceAll("\s+", ""): null

11-12-2024T08:07:39 - [TEST_STEP][PASSED] - poteri = poteri.replaceAll("\s+", ""): null

11-12-2024T08:07:39 - [TEST_STEP][PASSED] - typeOfData = typeOfDataMain + " Отпуск в сеть": null

11-12-2024T08:07:39 - [TEST_STEP][PASSED] - if (a == 82): null

11-12-2024T08:07:39 - [TEST_STEP][PASSED] - else if (a == 84): null

11-12-2024T08:07:39 - [TEST_STEP][PASSED] - else if (a == 52 || a == 72 || a == 28 || a == 73 || a == 77 || a == 74 || a == 65 || a == 36 || a == 44 || a == 53 || a == 80 || a == 54 || a == 1 || a == 18 || a == 59 || a == 81): null

11-12-2024T08:07:39 - [TEST_STEP][PASSED] - else: null

11-12-2024T08:07:39 - [TEST_STEP][PASSED] - path = dataFolder + typeOfData + " за отчётный период " + b: null

11-12-2024T08:07:39 - [TEST_STEP][PASSED] - println(path): null

11-12-2024T08:07:39 - [TEST_STEP][PASSED] - page = getText(findTestObject(path)): Text of object 'Object Repository/Выполнение бизнес-плана/Значения со страницы Выполнение бизнес-плана/План Отпуск в сеть за отчётный период Орелэнерго' is: '1 954 163'

11-12-2024T08:07:39 - [MESSAGE][PASSED] - Text of object 'Object Repository/Выполнение бизнес-плана/Значения со страницы Выполнение бизнес-плана/План Отпуск в сеть за отчётный период Орелэнерго' is: '1 954 163'

11-12-2024T08:07:39 - [TEST_STEP][PASSED] - page = page.replaceAll("\s+", ""): null

11-12-2024T08:07:39 - [TEST_STEP][PASSED] - fileOtpuskVSet = otpusk.toInteger(): null

11-12-2024T08:07:39 - [TEST_STEP][PASSED] - pageOtpuskVSet = page.toInteger(): null

11-12-2024T08:07:39 - [TEST_STEP][PASSED] - typeOfData = typeOfDataMain + " Потери": null

11-12-2024T08:07:39 - [TEST_STEP][PASSED] - if (a == 82): null

11-12-2024T08:07:39 - [TEST_STEP][PASSED] - else if (a == 84): null

11-12-2024T08:07:39 - [TEST_STEP][PASSED] - else if (a == 52 || a == 72 || a == 28 || a == 73 || a == 77 || a == 74 || a == 65 || a == 36 || a == 44 || a == 53 || a == 80 || a == 54 || a == 1 || a == 18 || a == 59 || a == 81): null

11-12-2024T08:07:39 - [TEST_STEP][PASSED] - else: null

11-12-2024T08:07:39 - [TEST_STEP][PASSED] - path = dataFolder + typeOfData + " за отчётный период " + b: null

11-12-2024T08:07:39 - [TEST_STEP][PASSED] - page = getText(findTestObject(path)): Text of object 'Object Repository/Выполнение бизнес-плана/Значения со страницы Выполнение бизнес-плана/План Потери за отчётный период Орелэнерго' is: '178 448'

11-12-2024T08:07:39 - [MESSAGE][PASSED] - Text of object 'Object Repository/Выполнение бизнес-плана/Значения со страницы Выполнение бизнес-плана/План Потери за отчётный период Орелэнерго' is: '178 448'

11-12-2024T08:07:39 - [TEST_STEP][PASSED] - page = page.replaceAll("\s+", ""): null

11-12-2024T08:07:39 - [TEST_STEP][PASSED] - filePoteri = poteri.toInteger(): null

11-12-2024T08:07:39 - [TEST_STEP][PASSED] - pagePoteri = page.toInteger(): null

11-12-2024T08:07:39 - [TEST_STEP][PASSED] - compare = pageOtpuskVSet: null

11-12-2024T08:07:39 - [TEST_STEP][PASSED] - if (compare == fileOtpuskVSet): null

11-12-2024T08:07:39 - [TEST_STEP][PASSED] - if (compare == fileOtpuskVSet): null

11-12-2024T08:07:39 - [TEST_STEP][PASSED] - compare = pagePoteri: null

11-12-2024T08:07:39 - [TEST_STEP][PASSED] - if (compare == filePoteri): null

11-12-2024T08:07:39 - [TEST_STEP][PASSED] - if (compare == filePoteri): null

11-12-2024T08:07:39 - [TEST_STEP][PASSED] - if (planFact == 2): Object: 'Object Repository/Выполнение бизнес-плана/Кнопка Факт' is clicked on

11-12-2024T08:07:39 - [TEST_STEP][PASSED] - click(findTestObject("Выполнение бизнес-плана/Кнопка Факт")): Object: 'Object Repository/Выполнение бизнес-плана/Кнопка Факт' is clicked on

11-12-2024T08:07:39 - [MESSAGE][PASSED] - Object: 'Object Repository/Выполнение бизнес-плана/Кнопка Факт' is clicked on

11-12-2024T08:07:39 - [TEST_STEP][PASSED] - if (a == 84 || a == 82): null

11-12-2024T08:07:39 - [TEST_STEP][PASSED] - else if (a == 52 || a == 72 || a == 28 || a == 73 || a == 77 || a == 74 || a == 65 || a == 36 || a == 44 || a == 53 || a == 80 || a == 54 || a == 1 || a == 18 || a == 59 || a == 81): null

11-12-2024T08:07:39 - [TEST_STEP][PASSED] - else: null

11-12-2024T08:07:39 - [TEST_STEP][PASSED] - page1 = getText(findTestObject("Object Repository/Выполнение бизнес-плана/spanPlan" + filialNum)): Text of object 'Object Repository/Выполнение бизнес-плана/spanPlan11' is: '9.13
|'

11-12-2024T08:07:40 - [MESSAGE][PASSED] - Text of object 'Object Repository/Выполнение бизнес-плана/spanPlan11' is: '9.13
|'

11-12-2024T08:07:40 - [TEST_STEP][PASSED] - page1 = page1.replace("|", ""): null

11-12-2024T08:07:40 - [TEST_STEP][PASSED] - page2 = getText(findTestObject("Object Repository/Выполнение бизнес-плана/spanFact" + filialNum)): Text of object 'Object Repository/Выполнение бизнес-плана/spanFact11' is: '8.46
|'

11-12-2024T08:07:40 - [MESSAGE][PASSED] - Text of object 'Object Repository/Выполнение бизнес-плана/spanFact11' is: '8.46
|'

11-12-2024T08:07:40 - [TEST_STEP][PASSED] - page2 = page2.replace("|", ""): null

11-12-2024T08:07:40 - [TEST_STEP][PASSED] - println("page1: " + page1): null

11-12-2024T08:07:40 - [TEST_STEP][PASSED] - println("page2: " + page2): null

11-12-2024T08:07:40 - [TEST_STEP][PASSED] - file = findTestData("PlanFact").getValue(4, a): null

11-12-2024T08:07:40 - [TEST_STEP][PASSED] - file = file.replace(",", "."): null

11-12-2024T08:07:40 - [TEST_STEP][PASSED] - println("file Plan: " + file): null

11-12-2024T08:07:40 - [TEST_STEP][PASSED] - typeOfData = "План в процентах": null

11-12-2024T08:07:40 - [TEST_STEP][PASSED] - fileDouble = file.toDouble(): null

11-12-2024T08:07:40 - [TEST_STEP][PASSED] - pageDouble = page1.toDouble(): null

11-12-2024T08:07:40 - [TEST_STEP][PASSED] - if (fileDouble != pageDouble): null

11-12-2024T08:07:40 - [TEST_STEP][PASSED] - file = findTestData("PlanFact").getValue(7, a): null

11-12-2024T08:07:40 - [TEST_STEP][PASSED] - file = file.replace(",", "."): null

11-12-2024T08:07:40 - [TEST_STEP][PASSED] - println("file Fact: " + file): null

11-12-2024T08:07:40 - [TEST_STEP][PASSED] - fileDouble = file.toDouble(): null

11-12-2024T08:07:40 - [TEST_STEP][PASSED] - typeOfData = "Факт в процентах": null

11-12-2024T08:07:40 - [TEST_STEP][PASSED] - fileDouble = file.toDouble(): null

11-12-2024T08:07:40 - [TEST_STEP][PASSED] - pageDouble = page2.toDouble(): null

11-12-2024T08:07:40 - [TEST_STEP][PASSED] - if (fileDouble != pageDouble): null

11-12-2024T08:07:40 - [TEST_STEP][PASSED] - if (verifyEqual(numberOfErrors, 0) == false): Actual object '0' and expected object '0' are equal

11-12-2024T08:07:40 - [MESSAGE][PASSED] - Actual object '0' and expected object '0' are equal

11-12-2024T08:07:40 - [TEST_STEP][PASSED] - if (a == 82): null

11-12-2024T08:07:40 - [TEST_STEP][PASSED] - dZO = "Смоленскэнерго": null

11-12-2024T08:07:40 - [TEST_STEP][PASSED] - a = 9: null

11-12-2024T08:07:40 - [TEST_STEP][PASSED] - if (x2.contains(dZO)): null

11-12-2024T08:07:40 - [TEST_STEP][PASSED] - filialNum = filialNum + 1: null

11-12-2024T08:07:40 - [TEST_STEP][PASSED] - Script1718980020443.Numbers(a, typeOfData, todaysDate, pageInt, fileInt, pageDouble, fileDouble, dZO, dzoNum, filialNum): null

11-12-2024T08:07:40 - [TEST_STEP][PASSED] - println(dzoNum): null

11-12-2024T08:07:40 - [TEST_STEP][PASSED] - planFact = <not implemented yet for class: org.codehaus.groovy.ast.expr.EmptyExpression>: null

11-12-2024T08:07:40 - [TEST_STEP][PASSED] - page = <not implemented yet for class: org.codehaus.groovy.ast.expr.EmptyExpression>: null

11-12-2024T08:07:40 - [TEST_STEP][PASSED] - page1 = <not implemented yet for class: org.codehaus.groovy.ast.expr.EmptyExpression>: null

11-12-2024T08:07:40 - [TEST_STEP][PASSED] - page2 = <not implemented yet for class: org.codehaus.groovy.ast.expr.EmptyExpression>: null

11-12-2024T08:07:40 - [TEST_STEP][PASSED] - filialNumberInRow = <not implemented yet for class: org.codehaus.groovy.ast.expr.EmptyExpression>: null

11-12-2024T08:07:40 - [TEST_STEP][PASSED] - filialsDzoNames = <not implemented yet for class: org.codehaus.groovy.ast.expr.EmptyExpression>: null

11-12-2024T08:07:40 - [TEST_STEP][PASSED] - numberOfFilials = <not implemented yet for class: org.codehaus.groovy.ast.expr.EmptyExpression>: null

11-12-2024T08:07:40 - [TEST_STEP][PASSED] - numberOfSpaces = <not implemented yet for class: org.codehaus.groovy.ast.expr.EmptyExpression>: null

11-12-2024T08:07:40 - [TEST_STEP][PASSED] - file = <not implemented yet for class: org.codehaus.groovy.ast.expr.EmptyExpression>: null

11-12-2024T08:07:40 - [TEST_STEP][PASSED] - otpusk = <not implemented yet for class: org.codehaus.groovy.ast.expr.EmptyExpression>: null

11-12-2024T08:07:40 - [TEST_STEP][PASSED] - poteri = <not implemented yet for class: org.codehaus.groovy.ast.expr.EmptyExpression>: null

11-12-2024T08:07:40 - [TEST_STEP][PASSED] - dataFolder = "Выполнение бизнес-плана/Значения со страницы Выполнение бизнес-плана/": null

11-12-2024T08:07:40 - [TEST_STEP][PASSED] - path = <not implemented yet for class: org.codehaus.groovy.ast.expr.EmptyExpression>: null

11-12-2024T08:07:40 - [TEST_STEP][PASSED] - typeOfDataMain = <not implemented yet for class: org.codehaus.groovy.ast.expr.EmptyExpression>: null

11-12-2024T08:07:40 - [TEST_STEP][PASSED] - fileOtpuskVSet = <not implemented yet for class: org.codehaus.groovy.ast.expr.EmptyExpression>: null

11-12-2024T08:07:40 - [TEST_STEP][PASSED] - pageOtpuskVSet = <not implemented yet for class: org.codehaus.groovy.ast.expr.EmptyExpression>: null

11-12-2024T08:07:40 - [TEST_STEP][PASSED] - filePoteri = <not implemented yet for class: org.codehaus.groovy.ast.expr.EmptyExpression>: null

11-12-2024T08:07:40 - [TEST_STEP][PASSED] - pagePoteri = <not implemented yet for class: org.codehaus.groovy.ast.expr.EmptyExpression>: null

11-12-2024T08:07:40 - [TEST_STEP][PASSED] - compare = <not implemented yet for class: org.codehaus.groovy.ast.expr.EmptyExpression>: null

11-12-2024T08:07:40 - [TEST_STEP][PASSED] - b = <not implemented yet for class: org.codehaus.groovy.ast.expr.EmptyExpression>: null

11-12-2024T08:07:40 - [TEST_STEP][PASSED] - i = <not implemented yet for class: org.codehaus.groovy.ast.expr.EmptyExpression>: null

11-12-2024T08:07:40 - [TEST_STEP][PASSED] - ii = <not implemented yet for class: org.codehaus.groovy.ast.expr.EmptyExpression>: null

11-12-2024T08:07:40 - [TEST_STEP][PASSED] - c = <not implemented yet for class: org.codehaus.groovy.ast.expr.EmptyExpression>: null

11-12-2024T08:07:40 - [TEST_STEP][PASSED] - numberOfErrors = 0: null

11-12-2024T08:07:40 - [TEST_STEP][PASSED] - if (a == 82): null

11-12-2024T08:07:40 - [TEST_STEP][PASSED] - b = findTestData("PlanFact").getValue(1, a): null

11-12-2024T08:07:40 - [TEST_STEP][PASSED] - i = b.indexOf(" (ГК)"): null

11-12-2024T08:07:40 - [TEST_STEP][PASSED] - if (i > -1): null

11-12-2024T08:07:40 - [TEST_STEP][PASSED] - i = b.indexOf("О ""): null

11-12-2024T08:07:40 - [TEST_STEP][PASSED] - if (i > -1): null

11-12-2024T08:07:40 - [TEST_STEP][PASSED] - i = b.indexOf("О «"): null

11-12-2024T08:07:40 - [TEST_STEP][PASSED] - if (i > -1): null

11-12-2024T08:07:40 - [TEST_STEP][PASSED] - i = b.indexOf("г. "): null

11-12-2024T08:07:40 - [TEST_STEP][PASSED] - if (i > -1): null

11-12-2024T08:07:40 - [TEST_STEP][PASSED] - println(b): null

11-12-2024T08:07:40 - [TEST_STEP][PASSED] - for ([planFact = 1, planFact < 3, (planFact++)]): Object: 'Object Repository/Выполнение бизнес-плана/Кнопка Факт' is clicked on

11-12-2024T08:07:40 - [TEST_STEP][PASSED] - if (planFact == 1): null

11-12-2024T08:07:40 - [TEST_STEP][PASSED] - typeOfDataMain = "Факт": null

11-12-2024T08:07:40 - [TEST_STEP][PASSED] - otpusk = findTestData("PlanFact").getValue(5, a): null

11-12-2024T08:07:40 - [TEST_STEP][PASSED] - poteri = findTestData("PlanFact").getValue(6, a): null

11-12-2024T08:07:40 - [TEST_STEP][PASSED] - otpusk = otpusk.replaceAll("\s+", ""): null

11-12-2024T08:07:40 - [TEST_STEP][PASSED] - poteri = poteri.replaceAll("\s+", ""): null

11-12-2024T08:07:40 - [TEST_STEP][PASSED] - typeOfData = typeOfDataMain + " Отпуск в сеть": null

11-12-2024T08:07:40 - [TEST_STEP][PASSED] - if (a == 82): null

11-12-2024T08:07:40 - [TEST_STEP][PASSED] - else if (a == 84): null

11-12-2024T08:07:40 - [TEST_STEP][PASSED] - else if (a == 52 || a == 72 || a == 28 || a == 73 || a == 77 || a == 74 || a == 65 || a == 36 || a == 44 || a == 53 || a == 80 || a == 54 || a == 1 || a == 18 || a == 59 || a == 81): null

11-12-2024T08:07:40 - [TEST_STEP][PASSED] - else: null

11-12-2024T08:07:40 - [TEST_STEP][PASSED] - path = dataFolder + typeOfData + " за отчётный период " + b: null

11-12-2024T08:07:40 - [TEST_STEP][PASSED] - println(path): null

11-12-2024T08:07:40 - [TEST_STEP][PASSED] - page = getText(findTestObject(path)): Text of object 'Object Repository/Выполнение бизнес-плана/Значения со страницы Выполнение бизнес-плана/Факт Отпуск в сеть за отчётный период Смоленскэнерго' is: '3 208 939'

11-12-2024T08:07:41 - [MESSAGE][PASSED] - Text of object 'Object Repository/Выполнение бизнес-плана/Значения со страницы Выполнение бизнес-плана/Факт Отпуск в сеть за отчётный период Смоленскэнерго' is: '3 208 939'

11-12-2024T08:07:41 - [TEST_STEP][PASSED] - page = page.replaceAll("\s+", ""): null

11-12-2024T08:07:41 - [TEST_STEP][PASSED] - fileOtpuskVSet = otpusk.toInteger(): null

11-12-2024T08:07:41 - [TEST_STEP][PASSED] - pageOtpuskVSet = page.toInteger(): null

11-12-2024T08:07:41 - [TEST_STEP][PASSED] - typeOfData = typeOfDataMain + " Потери": null

11-12-2024T08:07:41 - [TEST_STEP][PASSED] - if (a == 82): null

11-12-2024T08:07:41 - [TEST_STEP][PASSED] - else if (a == 84): null

11-12-2024T08:07:41 - [TEST_STEP][PASSED] - else if (a == 52 || a == 72 || a == 28 || a == 73 || a == 77 || a == 74 || a == 65 || a == 36 || a == 44 || a == 53 || a == 80 || a == 54 || a == 1 || a == 18 || a == 59 || a == 81): null

11-12-2024T08:07:41 - [TEST_STEP][PASSED] - else: null

11-12-2024T08:07:41 - [TEST_STEP][PASSED] - path = dataFolder + typeOfData + " за отчётный период " + b: null

11-12-2024T08:07:41 - [TEST_STEP][PASSED] - page = getText(findTestObject(path)): Text of object 'Object Repository/Выполнение бизнес-плана/Значения со страницы Выполнение бизнес-плана/Факт Потери за отчётный период Смоленскэнерго' is: '385 438'

11-12-2024T08:07:41 - [MESSAGE][PASSED] - Text of object 'Object Repository/Выполнение бизнес-плана/Значения со страницы Выполнение бизнес-плана/Факт Потери за отчётный период Смоленскэнерго' is: '385 438'

11-12-2024T08:07:41 - [TEST_STEP][PASSED] - page = page.replaceAll("\s+", ""): null

11-12-2024T08:07:41 - [TEST_STEP][PASSED] - filePoteri = poteri.toInteger(): null

11-12-2024T08:07:41 - [TEST_STEP][PASSED] - pagePoteri = page.toInteger(): null

11-12-2024T08:07:41 - [TEST_STEP][PASSED] - compare = pageOtpuskVSet: null

11-12-2024T08:07:41 - [TEST_STEP][PASSED] - if (compare == fileOtpuskVSet): null

11-12-2024T08:07:41 - [TEST_STEP][PASSED] - if (compare == fileOtpuskVSet): null

11-12-2024T08:07:41 - [TEST_STEP][PASSED] - compare = pagePoteri: null

11-12-2024T08:07:41 - [TEST_STEP][PASSED] - if (compare == filePoteri): null

11-12-2024T08:07:41 - [TEST_STEP][PASSED] - if (compare == filePoteri): null

11-12-2024T08:07:41 - [TEST_STEP][PASSED] - if (planFact == 2): null

11-12-2024T08:07:41 - [TEST_STEP][PASSED] - if (planFact == 1): null

11-12-2024T08:07:41 - [TEST_STEP][PASSED] - else if (planFact == 2): null

11-12-2024T08:07:41 - [TEST_STEP][PASSED] - click(findTestObject("Выполнение бизнес-плана/Кнопка План")): Object: 'Object Repository/Выполнение бизнес-плана/Кнопка План' is clicked on

11-12-2024T08:07:41 - [MESSAGE][PASSED] - Object: 'Object Repository/Выполнение бизнес-плана/Кнопка План' is clicked on

11-12-2024T08:07:41 - [TEST_STEP][PASSED] - typeOfDataMain = "План": null

11-12-2024T08:07:41 - [TEST_STEP][PASSED] - otpusk = findTestData("PlanFact").getValue(2, a): null

11-12-2024T08:07:41 - [TEST_STEP][PASSED] - poteri = findTestData("PlanFact").getValue(3, a): null

11-12-2024T08:07:41 - [TEST_STEP][PASSED] - otpusk = otpusk.replaceAll("\s+", ""): null

11-12-2024T08:07:41 - [TEST_STEP][PASSED] - poteri = poteri.replaceAll("\s+", ""): null

11-12-2024T08:07:41 - [TEST_STEP][PASSED] - typeOfData = typeOfDataMain + " Отпуск в сеть": null

11-12-2024T08:07:41 - [TEST_STEP][PASSED] - if (a == 82): null

11-12-2024T08:07:41 - [TEST_STEP][PASSED] - else if (a == 84): null

11-12-2024T08:07:41 - [TEST_STEP][PASSED] - else if (a == 52 || a == 72 || a == 28 || a == 73 || a == 77 || a == 74 || a == 65 || a == 36 || a == 44 || a == 53 || a == 80 || a == 54 || a == 1 || a == 18 || a == 59 || a == 81): null

11-12-2024T08:07:41 - [TEST_STEP][PASSED] - else: null

11-12-2024T08:07:41 - [TEST_STEP][PASSED] - path = dataFolder + typeOfData + " за отчётный период " + b: null

11-12-2024T08:07:41 - [TEST_STEP][PASSED] - println(path): null

11-12-2024T08:07:41 - [TEST_STEP][PASSED] - page = getText(findTestObject(path)): Text of object 'Object Repository/Выполнение бизнес-плана/Значения со страницы Выполнение бизнес-плана/План Отпуск в сеть за отчётный период Смоленскэнерго' is: '3 186 873'

11-12-2024T08:07:42 - [MESSAGE][PASSED] - Text of object 'Object Repository/Выполнение бизнес-плана/Значения со страницы Выполнение бизнес-плана/План Отпуск в сеть за отчётный период Смоленскэнерго' is: '3 186 873'

11-12-2024T08:07:42 - [TEST_STEP][PASSED] - page = page.replaceAll("\s+", ""): null

11-12-2024T08:07:42 - [TEST_STEP][PASSED] - fileOtpuskVSet = otpusk.toInteger(): null

11-12-2024T08:07:42 - [TEST_STEP][PASSED] - pageOtpuskVSet = page.toInteger(): null

11-12-2024T08:07:42 - [TEST_STEP][PASSED] - typeOfData = typeOfDataMain + " Потери": null

11-12-2024T08:07:42 - [TEST_STEP][PASSED] - if (a == 82): null

11-12-2024T08:07:42 - [TEST_STEP][PASSED] - else if (a == 84): null

11-12-2024T08:07:42 - [TEST_STEP][PASSED] - else if (a == 52 || a == 72 || a == 28 || a == 73 || a == 77 || a == 74 || a == 65 || a == 36 || a == 44 || a == 53 || a == 80 || a == 54 || a == 1 || a == 18 || a == 59 || a == 81): null

11-12-2024T08:07:42 - [TEST_STEP][PASSED] - else: null

11-12-2024T08:07:42 - [TEST_STEP][PASSED] - path = dataFolder + typeOfData + " за отчётный период " + b: null

11-12-2024T08:07:42 - [TEST_STEP][PASSED] - page = getText(findTestObject(path)): Text of object 'Object Repository/Выполнение бизнес-плана/Значения со страницы Выполнение бизнес-плана/План Потери за отчётный период Смоленскэнерго' is: '388 050'

11-12-2024T08:07:42 - [MESSAGE][PASSED] - Text of object 'Object Repository/Выполнение бизнес-плана/Значения со страницы Выполнение бизнес-плана/План Потери за отчётный период Смоленскэнерго' is: '388 050'

11-12-2024T08:07:42 - [TEST_STEP][PASSED] - page = page.replaceAll("\s+", ""): null

11-12-2024T08:07:42 - [TEST_STEP][PASSED] - filePoteri = poteri.toInteger(): null

11-12-2024T08:07:42 - [TEST_STEP][PASSED] - pagePoteri = page.toInteger(): null

11-12-2024T08:07:42 - [TEST_STEP][PASSED] - compare = pageOtpuskVSet: null

11-12-2024T08:07:42 - [TEST_STEP][PASSED] - if (compare == fileOtpuskVSet): null

11-12-2024T08:07:42 - [TEST_STEP][PASSED] - if (compare == fileOtpuskVSet): null

11-12-2024T08:07:42 - [TEST_STEP][PASSED] - compare = pagePoteri: null

11-12-2024T08:07:42 - [TEST_STEP][PASSED] - if (compare == filePoteri): null

11-12-2024T08:07:42 - [TEST_STEP][PASSED] - if (compare == filePoteri): null

11-12-2024T08:07:42 - [TEST_STEP][PASSED] - if (planFact == 2): Object: 'Object Repository/Выполнение бизнес-плана/Кнопка Факт' is clicked on

11-12-2024T08:07:42 - [TEST_STEP][PASSED] - click(findTestObject("Выполнение бизнес-плана/Кнопка Факт")): Object: 'Object Repository/Выполнение бизнес-плана/Кнопка Факт' is clicked on

11-12-2024T08:07:42 - [MESSAGE][PASSED] - Object: 'Object Repository/Выполнение бизнес-плана/Кнопка Факт' is clicked on

11-12-2024T08:07:42 - [TEST_STEP][PASSED] - if (a == 84 || a == 82): null

11-12-2024T08:07:42 - [TEST_STEP][PASSED] - else if (a == 52 || a == 72 || a == 28 || a == 73 || a == 77 || a == 74 || a == 65 || a == 36 || a == 44 || a == 53 || a == 80 || a == 54 || a == 1 || a == 18 || a == 59 || a == 81): null

11-12-2024T08:07:42 - [TEST_STEP][PASSED] - else: null

11-12-2024T08:07:42 - [TEST_STEP][PASSED] - page1 = getText(findTestObject("Object Repository/Выполнение бизнес-плана/spanPlan" + filialNum)): Text of object 'Object Repository/Выполнение бизнес-плана/spanPlan12' is: '12.18
|'

11-12-2024T08:07:43 - [MESSAGE][PASSED] - Text of object 'Object Repository/Выполнение бизнес-плана/spanPlan12' is: '12.18
|'

11-12-2024T08:07:43 - [TEST_STEP][PASSED] - page1 = page1.replace("|", ""): null

11-12-2024T08:07:43 - [TEST_STEP][PASSED] - page2 = getText(findTestObject("Object Repository/Выполнение бизнес-плана/spanFact" + filialNum)): Text of object 'Object Repository/Выполнение бизнес-плана/spanFact12' is: '12.01
|'

11-12-2024T08:07:43 - [MESSAGE][PASSED] - Text of object 'Object Repository/Выполнение бизнес-плана/spanFact12' is: '12.01
|'

11-12-2024T08:07:43 - [TEST_STEP][PASSED] - page2 = page2.replace("|", ""): null

11-12-2024T08:07:43 - [TEST_STEP][PASSED] - println("page1: " + page1): null

11-12-2024T08:07:43 - [TEST_STEP][PASSED] - println("page2: " + page2): null

11-12-2024T08:07:43 - [TEST_STEP][PASSED] - file = findTestData("PlanFact").getValue(4, a): null

11-12-2024T08:07:43 - [TEST_STEP][PASSED] - file = file.replace(",", "."): null

11-12-2024T08:07:43 - [TEST_STEP][PASSED] - println("file Plan: " + file): null

11-12-2024T08:07:43 - [TEST_STEP][PASSED] - typeOfData = "План в процентах": null

11-12-2024T08:07:43 - [TEST_STEP][PASSED] - fileDouble = file.toDouble(): null

11-12-2024T08:07:43 - [TEST_STEP][PASSED] - pageDouble = page1.toDouble(): null

11-12-2024T08:07:43 - [TEST_STEP][PASSED] - if (fileDouble != pageDouble): null

11-12-2024T08:07:43 - [TEST_STEP][PASSED] - file = findTestData("PlanFact").getValue(7, a): null

11-12-2024T08:07:43 - [TEST_STEP][PASSED] - file = file.replace(",", "."): null

11-12-2024T08:07:43 - [TEST_STEP][PASSED] - println("file Fact: " + file): null

11-12-2024T08:07:43 - [TEST_STEP][PASSED] - fileDouble = file.toDouble(): null

11-12-2024T08:07:43 - [TEST_STEP][PASSED] - typeOfData = "Факт в процентах": null

11-12-2024T08:07:43 - [TEST_STEP][PASSED] - fileDouble = file.toDouble(): null

11-12-2024T08:07:43 - [TEST_STEP][PASSED] - pageDouble = page2.toDouble(): null

11-12-2024T08:07:43 - [TEST_STEP][PASSED] - if (fileDouble != pageDouble): null

11-12-2024T08:07:43 - [TEST_STEP][PASSED] - if (verifyEqual(numberOfErrors, 0) == false): Actual object '0' and expected object '0' are equal

11-12-2024T08:07:43 - [MESSAGE][PASSED] - Actual object '0' and expected object '0' are equal

11-12-2024T08:07:43 - [TEST_STEP][PASSED] - if (a == 82): null

11-12-2024T08:07:43 - [TEST_STEP][PASSED] - dZO = "Тамбовэнерго": null

11-12-2024T08:07:43 - [TEST_STEP][PASSED] - a = 10: null

11-12-2024T08:07:43 - [TEST_STEP][PASSED] - if (x2.contains(dZO)): null

11-12-2024T08:07:43 - [TEST_STEP][PASSED] - filialNum = filialNum + 1: null

11-12-2024T08:07:43 - [TEST_STEP][PASSED] - Script1718980020443.Numbers(a, typeOfData, todaysDate, pageInt, fileInt, pageDouble, fileDouble, dZO, dzoNum, filialNum): null

11-12-2024T08:07:43 - [TEST_STEP][PASSED] - println(dzoNum): null

11-12-2024T08:07:43 - [TEST_STEP][PASSED] - planFact = <not implemented yet for class: org.codehaus.groovy.ast.expr.EmptyExpression>: null

11-12-2024T08:07:43 - [TEST_STEP][PASSED] - page = <not implemented yet for class: org.codehaus.groovy.ast.expr.EmptyExpression>: null

11-12-2024T08:07:43 - [TEST_STEP][PASSED] - page1 = <not implemented yet for class: org.codehaus.groovy.ast.expr.EmptyExpression>: null

11-12-2024T08:07:43 - [TEST_STEP][PASSED] - page2 = <not implemented yet for class: org.codehaus.groovy.ast.expr.EmptyExpression>: null

11-12-2024T08:07:43 - [TEST_STEP][PASSED] - filialNumberInRow = <not implemented yet for class: org.codehaus.groovy.ast.expr.EmptyExpression>: null

11-12-2024T08:07:43 - [TEST_STEP][PASSED] - filialsDzoNames = <not implemented yet for class: org.codehaus.groovy.ast.expr.EmptyExpression>: null

11-12-2024T08:07:43 - [TEST_STEP][PASSED] - numberOfFilials = <not implemented yet for class: org.codehaus.groovy.ast.expr.EmptyExpression>: null

11-12-2024T08:07:43 - [TEST_STEP][PASSED] - numberOfSpaces = <not implemented yet for class: org.codehaus.groovy.ast.expr.EmptyExpression>: null

11-12-2024T08:07:43 - [TEST_STEP][PASSED] - file = <not implemented yet for class: org.codehaus.groovy.ast.expr.EmptyExpression>: null

11-12-2024T08:07:43 - [TEST_STEP][PASSED] - otpusk = <not implemented yet for class: org.codehaus.groovy.ast.expr.EmptyExpression>: null

11-12-2024T08:07:43 - [TEST_STEP][PASSED] - poteri = <not implemented yet for class: org.codehaus.groovy.ast.expr.EmptyExpression>: null

11-12-2024T08:07:43 - [TEST_STEP][PASSED] - dataFolder = "Выполнение бизнес-плана/Значения со страницы Выполнение бизнес-плана/": null

11-12-2024T08:07:43 - [TEST_STEP][PASSED] - path = <not implemented yet for class: org.codehaus.groovy.ast.expr.EmptyExpression>: null

11-12-2024T08:07:43 - [TEST_STEP][PASSED] - typeOfDataMain = <not implemented yet for class: org.codehaus.groovy.ast.expr.EmptyExpression>: null

11-12-2024T08:07:43 - [TEST_STEP][PASSED] - fileOtpuskVSet = <not implemented yet for class: org.codehaus.groovy.ast.expr.EmptyExpression>: null

11-12-2024T08:07:43 - [TEST_STEP][PASSED] - pageOtpuskVSet = <not implemented yet for class: org.codehaus.groovy.ast.expr.EmptyExpression>: null

11-12-2024T08:07:43 - [TEST_STEP][PASSED] - filePoteri = <not implemented yet for class: org.codehaus.groovy.ast.expr.EmptyExpression>: null

11-12-2024T08:07:43 - [TEST_STEP][PASSED] - pagePoteri = <not implemented yet for class: org.codehaus.groovy.ast.expr.EmptyExpression>: null

11-12-2024T08:07:43 - [TEST_STEP][PASSED] - compare = <not implemented yet for class: org.codehaus.groovy.ast.expr.EmptyExpression>: null

11-12-2024T08:07:43 - [TEST_STEP][PASSED] - b = <not implemented yet for class: org.codehaus.groovy.ast.expr.EmptyExpression>: null

11-12-2024T08:07:43 - [TEST_STEP][PASSED] - i = <not implemented yet for class: org.codehaus.groovy.ast.expr.EmptyExpression>: null

11-12-2024T08:07:43 - [TEST_STEP][PASSED] - ii = <not implemented yet for class: org.codehaus.groovy.ast.expr.EmptyExpression>: null

11-12-2024T08:07:43 - [TEST_STEP][PASSED] - c = <not implemented yet for class: org.codehaus.groovy.ast.expr.EmptyExpression>: null

11-12-2024T08:07:43 - [TEST_STEP][PASSED] - numberOfErrors = 0: null

11-12-2024T08:07:43 - [TEST_STEP][PASSED] - if (a == 82): null

11-12-2024T08:07:43 - [TEST_STEP][PASSED] - b = findTestData("PlanFact").getValue(1, a): null

11-12-2024T08:07:43 - [TEST_STEP][PASSED] - i = b.indexOf(" (ГК)"): null

11-12-2024T08:07:43 - [TEST_STEP][PASSED] - if (i > -1): null

11-12-2024T08:07:43 - [TEST_STEP][PASSED] - i = b.indexOf("О ""): null

11-12-2024T08:07:43 - [TEST_STEP][PASSED] - if (i > -1): null

11-12-2024T08:07:43 - [TEST_STEP][PASSED] - i = b.indexOf("О «"): null

11-12-2024T08:07:43 - [TEST_STEP][PASSED] - if (i > -1): null

11-12-2024T08:07:43 - [TEST_STEP][PASSED] - i = b.indexOf("г. "): null

11-12-2024T08:07:43 - [TEST_STEP][PASSED] - if (i > -1): null

11-12-2024T08:07:43 - [TEST_STEP][PASSED] - println(b): null

11-12-2024T08:07:43 - [TEST_STEP][PASSED] - for ([planFact = 1, planFact < 3, (planFact++)]): Object: 'Object Repository/Выполнение бизнес-плана/Кнопка Факт' is clicked on

11-12-2024T08:07:43 - [TEST_STEP][PASSED] - if (planFact == 1): null

11-12-2024T08:07:43 - [TEST_STEP][PASSED] - typeOfDataMain = "Факт": null

11-12-2024T08:07:43 - [TEST_STEP][PASSED] - otpusk = findTestData("PlanFact").getValue(5, a): null

11-12-2024T08:07:43 - [TEST_STEP][PASSED] - poteri = findTestData("PlanFact").getValue(6, a): null

11-12-2024T08:07:43 - [TEST_STEP][PASSED] - otpusk = otpusk.replaceAll("\s+", ""): null

11-12-2024T08:07:43 - [TEST_STEP][PASSED] - poteri = poteri.replaceAll("\s+", ""): null

11-12-2024T08:07:43 - [TEST_STEP][PASSED] - typeOfData = typeOfDataMain + " Отпуск в сеть": null

11-12-2024T08:07:43 - [TEST_STEP][PASSED] - if (a == 82): null

11-12-2024T08:07:43 - [TEST_STEP][PASSED] - else if (a == 84): null

11-12-2024T08:07:43 - [TEST_STEP][PASSED] - else if (a == 52 || a == 72 || a == 28 || a == 73 || a == 77 || a == 74 || a == 65 || a == 36 || a == 44 || a == 53 || a == 80 || a == 54 || a == 1 || a == 18 || a == 59 || a == 81): null

11-12-2024T08:07:43 - [TEST_STEP][PASSED] - else: null

11-12-2024T08:07:43 - [TEST_STEP][PASSED] - path = dataFolder + typeOfData + " за отчётный период " + b: null

11-12-2024T08:07:43 - [TEST_STEP][PASSED] - println(path): null

11-12-2024T08:07:43 - [TEST_STEP][PASSED] - page = getText(findTestObject(path)): Text of object 'Object Repository/Выполнение бизнес-плана/Значения со страницы Выполнение бизнес-плана/Факт Отпуск в сеть за отчётный период Тамбовэнерго' is: '2 523 375'

11-12-2024T08:07:43 - [MESSAGE][PASSED] - Text of object 'Object Repository/Выполнение бизнес-плана/Значения со страницы Выполнение бизнес-плана/Факт Отпуск в сеть за отчётный период Тамбовэнерго' is: '2 523 375'

11-12-2024T08:07:43 - [TEST_STEP][PASSED] - page = page.replaceAll("\s+", ""): null

11-12-2024T08:07:43 - [TEST_STEP][PASSED] - fileOtpuskVSet = otpusk.toInteger(): null

11-12-2024T08:07:43 - [TEST_STEP][PASSED] - pageOtpuskVSet = page.toInteger(): null

11-12-2024T08:07:43 - [TEST_STEP][PASSED] - typeOfData = typeOfDataMain + " Потери": null

11-12-2024T08:07:43 - [TEST_STEP][PASSED] - if (a == 82): null

11-12-2024T08:07:43 - [TEST_STEP][PASSED] - else if (a == 84): null

11-12-2024T08:07:43 - [TEST_STEP][PASSED] - else if (a == 52 || a == 72 || a == 28 || a == 73 || a == 77 || a == 74 || a == 65 || a == 36 || a == 44 || a == 53 || a == 80 || a == 54 || a == 1 || a == 18 || a == 59 || a == 81): null

11-12-2024T08:07:43 - [TEST_STEP][PASSED] - else: null

11-12-2024T08:07:43 - [TEST_STEP][PASSED] - path = dataFolder + typeOfData + " за отчётный период " + b: null

11-12-2024T08:07:43 - [TEST_STEP][PASSED] - page = getText(findTestObject(path)): Text of object 'Object Repository/Выполнение бизнес-плана/Значения со страницы Выполнение бизнес-плана/Факт Потери за отчётный период Тамбовэнерго' is: '206 627'

11-12-2024T08:07:44 - [MESSAGE][PASSED] - Text of object 'Object Repository/Выполнение бизнес-плана/Значения со страницы Выполнение бизнес-плана/Факт Потери за отчётный период Тамбовэнерго' is: '206 627'

11-12-2024T08:07:44 - [TEST_STEP][PASSED] - page = page.replaceAll("\s+", ""): null

11-12-2024T08:07:44 - [TEST_STEP][PASSED] - filePoteri = poteri.toInteger(): null

11-12-2024T08:07:44 - [TEST_STEP][PASSED] - pagePoteri = page.toInteger(): null

11-12-2024T08:07:44 - [TEST_STEP][PASSED] - compare = pageOtpuskVSet: null

11-12-2024T08:07:44 - [TEST_STEP][PASSED] - if (compare == fileOtpuskVSet): null

11-12-2024T08:07:44 - [TEST_STEP][PASSED] - if (compare == fileOtpuskVSet): null

11-12-2024T08:07:44 - [TEST_STEP][PASSED] - compare = pagePoteri: null

11-12-2024T08:07:44 - [TEST_STEP][PASSED] - if (compare == filePoteri): null

11-12-2024T08:07:44 - [TEST_STEP][PASSED] - if (compare == filePoteri): null

11-12-2024T08:07:44 - [TEST_STEP][PASSED] - if (planFact == 2): null

11-12-2024T08:07:44 - [TEST_STEP][PASSED] - if (planFact == 1): null

11-12-2024T08:07:44 - [TEST_STEP][PASSED] - else if (planFact == 2): null

11-12-2024T08:07:44 - [TEST_STEP][PASSED] - click(findTestObject("Выполнение бизнес-плана/Кнопка План")): Object: 'Object Repository/Выполнение бизнес-плана/Кнопка План' is clicked on

11-12-2024T08:07:44 - [MESSAGE][PASSED] - Object: 'Object Repository/Выполнение бизнес-плана/Кнопка План' is clicked on

11-12-2024T08:07:44 - [TEST_STEP][PASSED] - typeOfDataMain = "План": null

11-12-2024T08:07:44 - [TEST_STEP][PASSED] - otpusk = findTestData("PlanFact").getValue(2, a): null

11-12-2024T08:07:44 - [TEST_STEP][PASSED] - poteri = findTestData("PlanFact").getValue(3, a): null

11-12-2024T08:07:44 - [TEST_STEP][PASSED] - otpusk = otpusk.replaceAll("\s+", ""): null

11-12-2024T08:07:44 - [TEST_STEP][PASSED] - poteri = poteri.replaceAll("\s+", ""): null

11-12-2024T08:07:44 - [TEST_STEP][PASSED] - typeOfData = typeOfDataMain + " Отпуск в сеть": null

11-12-2024T08:07:44 - [TEST_STEP][PASSED] - if (a == 82): null

11-12-2024T08:07:44 - [TEST_STEP][PASSED] - else if (a == 84): null

11-12-2024T08:07:44 - [TEST_STEP][PASSED] - else if (a == 52 || a == 72 || a == 28 || a == 73 || a == 77 || a == 74 || a == 65 || a == 36 || a == 44 || a == 53 || a == 80 || a == 54 || a == 1 || a == 18 || a == 59 || a == 81): null

11-12-2024T08:07:44 - [TEST_STEP][PASSED] - else: null

11-12-2024T08:07:44 - [TEST_STEP][PASSED] - path = dataFolder + typeOfData + " за отчётный период " + b: null

11-12-2024T08:07:44 - [TEST_STEP][PASSED] - println(path): null

11-12-2024T08:07:44 - [TEST_STEP][PASSED] - page = getText(findTestObject(path)): Text of object 'Object Repository/Выполнение бизнес-плана/Значения со страницы Выполнение бизнес-плана/План Отпуск в сеть за отчётный период Тамбовэнерго' is: '2 454 879'

11-12-2024T08:07:45 - [MESSAGE][PASSED] - Text of object 'Object Repository/Выполнение бизнес-плана/Значения со страницы Выполнение бизнес-плана/План Отпуск в сеть за отчётный период Тамбовэнерго' is: '2 454 879'

11-12-2024T08:07:45 - [TEST_STEP][PASSED] - page = page.replaceAll("\s+", ""): null

11-12-2024T08:07:45 - [TEST_STEP][PASSED] - fileOtpuskVSet = otpusk.toInteger(): null

11-12-2024T08:07:45 - [TEST_STEP][PASSED] - pageOtpuskVSet = page.toInteger(): null

11-12-2024T08:07:45 - [TEST_STEP][PASSED] - typeOfData = typeOfDataMain + " Потери": null

11-12-2024T08:07:45 - [TEST_STEP][PASSED] - if (a == 82): null

11-12-2024T08:07:45 - [TEST_STEP][PASSED] - else if (a == 84): null

11-12-2024T08:07:45 - [TEST_STEP][PASSED] - else if (a == 52 || a == 72 || a == 28 || a == 73 || a == 77 || a == 74 || a == 65 || a == 36 || a == 44 || a == 53 || a == 80 || a == 54 || a == 1 || a == 18 || a == 59 || a == 81): null

11-12-2024T08:07:45 - [TEST_STEP][PASSED] - else: null

11-12-2024T08:07:45 - [TEST_STEP][PASSED] - path = dataFolder + typeOfData + " за отчётный период " + b: null

11-12-2024T08:07:45 - [TEST_STEP][PASSED] - page = getText(findTestObject(path)): Text of object 'Object Repository/Выполнение бизнес-плана/Значения со страницы Выполнение бизнес-плана/План Потери за отчётный период Тамбовэнерго' is: '215 136'

11-12-2024T08:07:45 - [MESSAGE][PASSED] - Text of object 'Object Repository/Выполнение бизнес-плана/Значения со страницы Выполнение бизнес-плана/План Потери за отчётный период Тамбовэнерго' is: '215 136'

11-12-2024T08:07:45 - [TEST_STEP][PASSED] - page = page.replaceAll("\s+", ""): null

11-12-2024T08:07:45 - [TEST_STEP][PASSED] - filePoteri = poteri.toInteger(): null

11-12-2024T08:07:45 - [TEST_STEP][PASSED] - pagePoteri = page.toInteger(): null

11-12-2024T08:07:45 - [TEST_STEP][PASSED] - compare = pageOtpuskVSet: null

11-12-2024T08:07:45 - [TEST_STEP][PASSED] - if (compare == fileOtpuskVSet): null

11-12-2024T08:07:45 - [TEST_STEP][PASSED] - if (compare == fileOtpuskVSet): null

11-12-2024T08:07:45 - [TEST_STEP][PASSED] - compare = pagePoteri: null

11-12-2024T08:07:45 - [TEST_STEP][PASSED] - if (compare == filePoteri): null

11-12-2024T08:07:45 - [TEST_STEP][PASSED] - if (compare == filePoteri): null

11-12-2024T08:07:45 - [TEST_STEP][PASSED] - if (planFact == 2): Object: 'Object Repository/Выполнение бизнес-плана/Кнопка Факт' is clicked on

11-12-2024T08:07:45 - [TEST_STEP][PASSED] - click(findTestObject("Выполнение бизнес-плана/Кнопка Факт")): Object: 'Object Repository/Выполнение бизнес-плана/Кнопка Факт' is clicked on

11-12-2024T08:07:45 - [MESSAGE][PASSED] - Object: 'Object Repository/Выполнение бизнес-плана/Кнопка Факт' is clicked on

11-12-2024T08:07:45 - [TEST_STEP][PASSED] - if (a == 84 || a == 82): null

11-12-2024T08:07:45 - [TEST_STEP][PASSED] - else if (a == 52 || a == 72 || a == 28 || a == 73 || a == 77 || a == 74 || a == 65 || a == 36 || a == 44 || a == 53 || a == 80 || a == 54 || a == 1 || a == 18 || a == 59 || a == 81): null

11-12-2024T08:07:45 - [TEST_STEP][PASSED] - else: null

11-12-2024T08:07:45 - [TEST_STEP][PASSED] - page1 = getText(findTestObject("Object Repository/Выполнение бизнес-плана/spanPlan" + filialNum)): Text of object 'Object Repository/Выполнение бизнес-плана/spanPlan13' is: '8.76
|'

11-12-2024T08:07:45 - [MESSAGE][PASSED] - Text of object 'Object Repository/Выполнение бизнес-плана/spanPlan13' is: '8.76
|'

11-12-2024T08:07:45 - [TEST_STEP][PASSED] - page1 = page1.replace("|", ""): null

11-12-2024T08:07:45 - [TEST_STEP][PASSED] - page2 = getText(findTestObject("Object Repository/Выполнение бизнес-плана/spanFact" + filialNum)): Text of object 'Object Repository/Выполнение бизнес-плана/spanFact13' is: '8.19
|'

11-12-2024T08:07:46 - [MESSAGE][PASSED] - Text of object 'Object Repository/Выполнение бизнес-плана/spanFact13' is: '8.19
|'

11-12-2024T08:07:46 - [TEST_STEP][PASSED] - page2 = page2.replace("|", ""): null

11-12-2024T08:07:46 - [TEST_STEP][PASSED] - println("page1: " + page1): null

11-12-2024T08:07:46 - [TEST_STEP][PASSED] - println("page2: " + page2): null

11-12-2024T08:07:46 - [TEST_STEP][PASSED] - file = findTestData("PlanFact").getValue(4, a): null

11-12-2024T08:07:46 - [TEST_STEP][PASSED] - file = file.replace(",", "."): null

11-12-2024T08:07:46 - [TEST_STEP][PASSED] - println("file Plan: " + file): null

11-12-2024T08:07:46 - [TEST_STEP][PASSED] - typeOfData = "План в процентах": null

11-12-2024T08:07:46 - [TEST_STEP][PASSED] - fileDouble = file.toDouble(): null

11-12-2024T08:07:46 - [TEST_STEP][PASSED] - pageDouble = page1.toDouble(): null

11-12-2024T08:07:46 - [TEST_STEP][PASSED] - if (fileDouble != pageDouble): null

11-12-2024T08:07:46 - [TEST_STEP][PASSED] - file = findTestData("PlanFact").getValue(7, a): null

11-12-2024T08:07:46 - [TEST_STEP][PASSED] - file = file.replace(",", "."): null

11-12-2024T08:07:46 - [TEST_STEP][PASSED] - println("file Fact: " + file): null

11-12-2024T08:07:46 - [TEST_STEP][PASSED] - fileDouble = file.toDouble(): null

11-12-2024T08:07:46 - [TEST_STEP][PASSED] - typeOfData = "Факт в процентах": null

11-12-2024T08:07:46 - [TEST_STEP][PASSED] - fileDouble = file.toDouble(): null

11-12-2024T08:07:46 - [TEST_STEP][PASSED] - pageDouble = page2.toDouble(): null

11-12-2024T08:07:46 - [TEST_STEP][PASSED] - if (fileDouble != pageDouble): null

11-12-2024T08:07:46 - [TEST_STEP][PASSED] - if (verifyEqual(numberOfErrors, 0) == false): Actual object '0' and expected object '0' are equal

11-12-2024T08:07:46 - [MESSAGE][PASSED] - Actual object '0' and expected object '0' are equal

11-12-2024T08:07:46 - [TEST_STEP][PASSED] - if (a == 82): null

11-12-2024T08:07:46 - [TEST_STEP][PASSED] - dZO = "Тверьэнерго": null

11-12-2024T08:07:46 - [TEST_STEP][PASSED] - a = 11: null

11-12-2024T08:07:46 - [TEST_STEP][PASSED] - if (x2.contains(dZO)): null

11-12-2024T08:07:46 - [TEST_STEP][PASSED] - filialNum = filialNum + 1: null

11-12-2024T08:07:46 - [TEST_STEP][PASSED] - Script1718980020443.Numbers(a, typeOfData, todaysDate, pageInt, fileInt, pageDouble, fileDouble, dZO, dzoNum, filialNum): null

11-12-2024T08:07:46 - [TEST_STEP][PASSED] - println(dzoNum): null

11-12-2024T08:07:46 - [TEST_STEP][PASSED] - planFact = <not implemented yet for class: org.codehaus.groovy.ast.expr.EmptyExpression>: null

11-12-2024T08:07:46 - [TEST_STEP][PASSED] - page = <not implemented yet for class: org.codehaus.groovy.ast.expr.EmptyExpression>: null

11-12-2024T08:07:46 - [TEST_STEP][PASSED] - page1 = <not implemented yet for class: org.codehaus.groovy.ast.expr.EmptyExpression>: null

11-12-2024T08:07:46 - [TEST_STEP][PASSED] - page2 = <not implemented yet for class: org.codehaus.groovy.ast.expr.EmptyExpression>: null

11-12-2024T08:07:46 - [TEST_STEP][PASSED] - filialNumberInRow = <not implemented yet for class: org.codehaus.groovy.ast.expr.EmptyExpression>: null

11-12-2024T08:07:46 - [TEST_STEP][PASSED] - filialsDzoNames = <not implemented yet for class: org.codehaus.groovy.ast.expr.EmptyExpression>: null

11-12-2024T08:07:46 - [TEST_STEP][PASSED] - numberOfFilials = <not implemented yet for class: org.codehaus.groovy.ast.expr.EmptyExpression>: null

11-12-2024T08:07:46 - [TEST_STEP][PASSED] - numberOfSpaces = <not implemented yet for class: org.codehaus.groovy.ast.expr.EmptyExpression>: null

11-12-2024T08:07:46 - [TEST_STEP][PASSED] - file = <not implemented yet for class: org.codehaus.groovy.ast.expr.EmptyExpression>: null

11-12-2024T08:07:46 - [TEST_STEP][PASSED] - otpusk = <not implemented yet for class: org.codehaus.groovy.ast.expr.EmptyExpression>: null

11-12-2024T08:07:46 - [TEST_STEP][PASSED] - poteri = <not implemented yet for class: org.codehaus.groovy.ast.expr.EmptyExpression>: null

11-12-2024T08:07:46 - [TEST_STEP][PASSED] - dataFolder = "Выполнение бизнес-плана/Значения со страницы Выполнение бизнес-плана/": null

11-12-2024T08:07:46 - [TEST_STEP][PASSED] - path = <not implemented yet for class: org.codehaus.groovy.ast.expr.EmptyExpression>: null

11-12-2024T08:07:46 - [TEST_STEP][PASSED] - typeOfDataMain = <not implemented yet for class: org.codehaus.groovy.ast.expr.EmptyExpression>: null

11-12-2024T08:07:46 - [TEST_STEP][PASSED] - fileOtpuskVSet = <not implemented yet for class: org.codehaus.groovy.ast.expr.EmptyExpression>: null

11-12-2024T08:07:46 - [TEST_STEP][PASSED] - pageOtpuskVSet = <not implemented yet for class: org.codehaus.groovy.ast.expr.EmptyExpression>: null

11-12-2024T08:07:46 - [TEST_STEP][PASSED] - filePoteri = <not implemented yet for class: org.codehaus.groovy.ast.expr.EmptyExpression>: null

11-12-2024T08:07:46 - [TEST_STEP][PASSED] - pagePoteri = <not implemented yet for class: org.codehaus.groovy.ast.expr.EmptyExpression>: null

11-12-2024T08:07:46 - [TEST_STEP][PASSED] - compare = <not implemented yet for class: org.codehaus.groovy.ast.expr.EmptyExpression>: null

11-12-2024T08:07:46 - [TEST_STEP][PASSED] - b = <not implemented yet for class: org.codehaus.groovy.ast.expr.EmptyExpression>: null

11-12-2024T08:07:46 - [TEST_STEP][PASSED] - i = <not implemented yet for class: org.codehaus.groovy.ast.expr.EmptyExpression>: null

11-12-2024T08:07:46 - [TEST_STEP][PASSED] - ii = <not implemented yet for class: org.codehaus.groovy.ast.expr.EmptyExpression>: null

11-12-2024T08:07:46 - [TEST_STEP][PASSED] - c = <not implemented yet for class: org.codehaus.groovy.ast.expr.EmptyExpression>: null

11-12-2024T08:07:46 - [TEST_STEP][PASSED] - numberOfErrors = 0: null

11-12-2024T08:07:46 - [TEST_STEP][PASSED] - if (a == 82): null

11-12-2024T08:07:46 - [TEST_STEP][PASSED] - b = findTestData("PlanFact").getValue(1, a): null

11-12-2024T08:07:46 - [TEST_STEP][PASSED] - i = b.indexOf(" (ГК)"): null

11-12-2024T08:07:46 - [TEST_STEP][PASSED] - if (i > -1): null

11-12-2024T08:07:46 - [TEST_STEP][PASSED] - i = b.indexOf("О ""): null

11-12-2024T08:07:46 - [TEST_STEP][PASSED] - if (i > -1): null

11-12-2024T08:07:46 - [TEST_STEP][PASSED] - i = b.indexOf("О «"): null

11-12-2024T08:07:46 - [TEST_STEP][PASSED] - if (i > -1): null

11-12-2024T08:07:46 - [TEST_STEP][PASSED] - i = b.indexOf("г. "): null

11-12-2024T08:07:46 - [TEST_STEP][PASSED] - if (i > -1): null

11-12-2024T08:07:46 - [TEST_STEP][PASSED] - println(b): null

11-12-2024T08:07:46 - [TEST_STEP][PASSED] - for ([planFact = 1, planFact < 3, (planFact++)]): null

11-12-2024T08:07:46 - [TEST_STEP][PASSED] - if (planFact == 1): null

11-12-2024T08:07:46 - [TEST_STEP][PASSED] - typeOfDataMain = "Факт": null

11-12-2024T08:07:46 - [TEST_STEP][PASSED] - otpusk = findTestData("PlanFact").getValue(5, a): null

11-12-2024T08:07:46 - [TEST_STEP][PASSED] - poteri = findTestData("PlanFact").getValue(6, a): null

11-12-2024T08:07:46 - [TEST_STEP][PASSED] - otpusk = otpusk.replaceAll("\s+", ""): null

11-12-2024T08:07:46 - [TEST_STEP][PASSED] - poteri = poteri.replaceAll("\s+", ""): null

11-12-2024T08:07:46 - [TEST_STEP][PASSED] - typeOfData = typeOfDataMain + " Отпуск в сеть": null

11-12-2024T08:07:46 - [TEST_STEP][PASSED] - if (a == 82): null

11-12-2024T08:07:46 - [TEST_STEP][PASSED] - else if (a == 84): null

11-12-2024T08:07:46 - [TEST_STEP][PASSED] - else if (a == 52 || a == 72 || a == 28 || a == 73 || a == 77 || a == 74 || a == 65 || a == 36 || a == 44 || a == 53 || a == 80 || a == 54 || a == 1 || a == 18 || a == 59 || a == 81): null

11-12-2024T08:07:46 - [TEST_STEP][PASSED] - else: null

11-12-2024T08:07:46 - [TEST_STEP][PASSED] - path = dataFolder + typeOfData + " за отчётный период " + b: null

11-12-2024T08:07:46 - [TEST_STEP][PASSED] - println(path): null

11-12-2024T08:07:46 - [TEST_STEP][PASSED] - page = getText(findTestObject(path)): Text of object 'Object Repository/Выполнение бизнес-плана/Значения со страницы Выполнение бизнес-плана/Факт Отпуск в сеть за отчётный период Тверьэнерго' is: '4 390 689'

11-12-2024T08:07:46 - [MESSAGE][PASSED] - Text of object 'Object Repository/Выполнение бизнес-плана/Значения со страницы Выполнение бизнес-плана/Факт Отпуск в сеть за отчётный период Тверьэнерго' is: '4 390 689'

11-12-2024T08:07:46 - [TEST_STEP][PASSED] - page = page.replaceAll("\s+", ""): null

11-12-2024T08:07:46 - [TEST_STEP][PASSED] - fileOtpuskVSet = otpusk.toInteger(): null

11-12-2024T08:07:46 - [TEST_STEP][PASSED] - pageOtpuskVSet = page.toInteger(): null

11-12-2024T08:07:46 - [TEST_STEP][PASSED] - typeOfData = typeOfDataMain + " Потери": null

11-12-2024T08:07:46 - [TEST_STEP][PASSED] - if (a == 82): null

11-12-2024T08:07:46 - [TEST_STEP][PASSED] - else if (a == 84): null

11-12-2024T08:07:46 - [TEST_STEP][PASSED] - else if (a == 52 || a == 72 || a == 28 || a == 73 || a == 77 || a == 74 || a == 65 || a == 36 || a == 44 || a == 53 || a == 80 || a == 54 || a == 1 || a == 18 || a == 59 || a == 81): null

11-12-2024T08:07:46 - [TEST_STEP][PASSED] - else: null

11-12-2024T08:07:46 - [TEST_STEP][PASSED] - path = dataFolder + typeOfData + " за отчётный период " + b: null

11-12-2024T08:07:46 - [TEST_STEP][PASSED] - page = getText(findTestObject(path)): Text of object 'Object Repository/Выполнение бизнес-плана/Значения со страницы Выполнение бизнес-плана/Факт Потери за отчётный период Тверьэнерго' is: '581 100'

11-12-2024T08:07:47 - [MESSAGE][PASSED] - Text of object 'Object Repository/Выполнение бизнес-плана/Значения со страницы Выполнение бизнес-плана/Факт Потери за отчётный период Тверьэнерго' is: '581 100'

11-12-2024T08:07:47 - [TEST_STEP][PASSED] - page = page.replaceAll("\s+", ""): null

11-12-2024T08:07:47 - [TEST_STEP][PASSED] - filePoteri = poteri.toInteger(): null

11-12-2024T08:07:47 - [TEST_STEP][PASSED] - pagePoteri = page.toInteger(): null

11-12-2024T08:07:47 - [TEST_STEP][PASSED] - compare = pageOtpuskVSet: null

11-12-2024T08:07:47 - [TEST_STEP][PASSED] - if (compare == fileOtpuskVSet): null

11-12-2024T08:07:47 - [TEST_STEP][PASSED] - else if (compare > fileOtpuskVSet): null

11-12-2024T08:07:47 - [TEST_STEP][PASSED] - else if (compare < fileOtpuskVSet): null

11-12-2024T08:07:47 - [TEST_STEP][PASSED] - compare = compare + 1: null

11-12-2024T08:07:47 - [TEST_STEP][PASSED] - if (compare == fileOtpuskVSet): null

11-12-2024T08:07:47 - [TEST_STEP][PASSED] - else: null

11-12-2024T08:07:47 - [TEST_STEP][PASSED] - numberOfErrors = numberOfErrors + 1: null

11-12-2024T08:07:47 - [TEST_STEP][PASSED] - pageInt = pageOtpuskVSet: null

11-12-2024T08:07:47 - [TEST_STEP][PASSED] - fileInt = fileOtpuskVSet: null

11-12-2024T08:07:47 - [TEST_STEP][PASSED] - typeOfData = typeOfDataMain + " Отпуск в сеть": null

11-12-2024T08:07:47 - [TEST_STEP][PASSED] - Script1718980020443.WriteToExcel(a, typeOfData, todaysDate, pageInt, fileInt, pageDouble, fileDouble, dZO): null

11-12-2024T08:07:47 - [TEST_STEP][PASSED] - sheetName = "Sheet1": null

11-12-2024T08:07:47 - [TEST_STEP][PASSED] - data = findTestData("PlanFact"): null

11-12-2024T08:07:47 - [TEST_STEP][PASSED] - n = data.getRowNumbers() + 1: null

11-12-2024T08:07:47 - [TEST_STEP][PASSED] - year = todaysDate.substring(todaysDate.length() - 4, todaysDate.length()): null

11-12-2024T08:07:47 - [TEST_STEP][PASSED] - y = year.toInteger(): null

11-12-2024T08:07:47 - [TEST_STEP][PASSED] - m = getText(findTestObject("Выполнение бизнес-плана/Период")): Text of object 'Object Repository/Выполнение бизнес-плана/Период' is: '1, 2, 3 кв., Октябрь 2024 года'

11-12-2024T08:07:47 - [MESSAGE][PASSED] - Text of object 'Object Repository/Выполнение бизнес-плана/Период' is: '1, 2, 3 кв., Октябрь 2024 года'

11-12-2024T08:07:47 - [TEST_STEP][PASSED] - m = m.substring(0, m.indexOf("2024")): null

11-12-2024T08:07:47 - [TEST_STEP][PASSED] - m = m.trim(): null

11-12-2024T08:07:47 - [TEST_STEP][PASSED] - dashboardName = "Выполнение бизнес-плана": null

11-12-2024T08:07:47 - [TEST_STEP][PASSED] - workbook01 = getWorkbook(excelFilePath): null

11-12-2024T08:07:47 - [TEST_STEP][PASSED] - sheet01 = getExcelSheet(workbook01, sheetName): null

11-12-2024T08:07:47 - [TEST_STEP][PASSED] - setValueToCellByIndex(sheet01, n, 0, dashboardName): null

11-12-2024T08:07:47 - [TEST_STEP][PASSED] - setValueToCellByIndex(sheet01, n, 1, dZO): null

11-12-2024T08:07:47 - [TEST_STEP][PASSED] - setValueToCellByIndex(sheet01, n, 2, typeOfData): null

11-12-2024T08:07:47 - [TEST_STEP][PASSED] - if (typeOfData == "Факт в процентах" || typeOfData == "План в процентах"): null

11-12-2024T08:07:47 - [TEST_STEP][PASSED] - else: null

11-12-2024T08:07:47 - [TEST_STEP][PASSED] - setValueToCellByIndex(sheet01, n, 3, fileInt): null

11-12-2024T08:07:47 - [TEST_STEP][PASSED] - setValueToCellByIndex(sheet01, n, 4, pageInt): null

11-12-2024T08:07:47 - [TEST_STEP][PASSED] - setValueToCellByIndex(sheet01, n, 5, m): null

11-12-2024T08:07:47 - [TEST_STEP][PASSED] - setValueToCellByIndex(sheet01, n, 6, y): null

11-12-2024T08:07:47 - [TEST_STEP][PASSED] - setValueToCellByIndex(sheet01, n, 7, todaysDate): null

11-12-2024T08:07:47 - [TEST_STEP][PASSED] - n = n + 1: null

11-12-2024T08:07:47 - [TEST_STEP][PASSED] - saveWorkbook(excelFilePath, workbook01): null

11-12-2024T08:07:47 - [TEST_STEP][PASSED] - compare = pagePoteri: null

11-12-2024T08:07:47 - [TEST_STEP][PASSED] - if (compare == filePoteri): null

11-12-2024T08:07:47 - [TEST_STEP][PASSED] - else if (compare > filePoteri): null

11-12-2024T08:07:47 - [TEST_STEP][PASSED] - else if (compare < filePoteri): null

11-12-2024T08:07:47 - [TEST_STEP][PASSED] - compare = compare + 1: null

11-12-2024T08:07:47 - [TEST_STEP][PASSED] - if (compare == filePoteri): null

11-12-2024T08:07:47 - [TEST_STEP][PASSED] - else: null

11-12-2024T08:07:47 - [TEST_STEP][PASSED] - numberOfErrors = numberOfErrors + 1: null

11-12-2024T08:07:47 - [TEST_STEP][PASSED] - pageInt = pagePoteri: null

11-12-2024T08:07:47 - [TEST_STEP][PASSED] - fileInt = filePoteri: null

11-12-2024T08:07:47 - [TEST_STEP][PASSED] - typeOfData = typeOfDataMain + " Потери": null

11-12-2024T08:07:47 - [TEST_STEP][PASSED] - Script1718980020443.WriteToExcel(a, typeOfData, todaysDate, pageInt, fileInt, pageDouble, fileDouble, dZO): null

11-12-2024T08:07:47 - [TEST_STEP][PASSED] - sheetName = "Sheet1": null

11-12-2024T08:07:47 - [TEST_STEP][PASSED] - data = findTestData("PlanFact"): null

11-12-2024T08:07:47 - [TEST_STEP][PASSED] - n = data.getRowNumbers() + 1: null

11-12-2024T08:07:47 - [TEST_STEP][PASSED] - year = todaysDate.substring(todaysDate.length() - 4, todaysDate.length()): null

11-12-2024T08:07:47 - [TEST_STEP][PASSED] - y = year.toInteger(): null

11-12-2024T08:07:47 - [TEST_STEP][PASSED] - m = getText(findTestObject("Выполнение бизнес-плана/Период")): Text of object 'Object Repository/Выполнение бизнес-плана/Период' is: '1, 2, 3 кв., Октябрь 2024 года'

11-12-2024T08:07:48 - [MESSAGE][PASSED] - Text of object 'Object Repository/Выполнение бизнес-плана/Период' is: '1, 2, 3 кв., Октябрь 2024 года'

11-12-2024T08:07:48 - [TEST_STEP][PASSED] - m = m.substring(0, m.indexOf("2024")): null

11-12-2024T08:07:48 - [TEST_STEP][PASSED] - m = m.trim(): null

11-12-2024T08:07:48 - [TEST_STEP][PASSED] - dashboardName = "Выполнение бизнес-плана": null

11-12-2024T08:07:48 - [TEST_STEP][PASSED] - workbook01 = getWorkbook(excelFilePath): null

11-12-2024T08:07:48 - [TEST_STEP][PASSED] - sheet01 = getExcelSheet(workbook01, sheetName): null

11-12-2024T08:07:48 - [TEST_STEP][PASSED] - setValueToCellByIndex(sheet01, n, 0, dashboardName): null

11-12-2024T08:07:48 - [TEST_STEP][PASSED] - setValueToCellByIndex(sheet01, n, 1, dZO): null

11-12-2024T08:07:48 - [TEST_STEP][PASSED] - setValueToCellByIndex(sheet01, n, 2, typeOfData): null

11-12-2024T08:07:48 - [TEST_STEP][PASSED] - if (typeOfData == "Факт в процентах" || typeOfData == "План в процентах"): null

11-12-2024T08:07:48 - [TEST_STEP][PASSED] - else: null

11-12-2024T08:07:48 - [TEST_STEP][PASSED] - setValueToCellByIndex(sheet01, n, 3, fileInt): null

11-12-2024T08:07:48 - [TEST_STEP][PASSED] - setValueToCellByIndex(sheet01, n, 4, pageInt): null

11-12-2024T08:07:48 - [TEST_STEP][PASSED] - setValueToCellByIndex(sheet01, n, 5, m): null

11-12-2024T08:07:48 - [TEST_STEP][PASSED] - setValueToCellByIndex(sheet01, n, 6, y): null

11-12-2024T08:07:48 - [TEST_STEP][PASSED] - setValueToCellByIndex(sheet01, n, 7, todaysDate): null

11-12-2024T08:07:48 - [TEST_STEP][PASSED] - n = n + 1: null

11-12-2024T08:07:48 - [TEST_STEP][PASSED] - saveWorkbook(excelFilePath, workbook01): null

11-12-2024T08:07:48 - [TEST_STEP][PASSED] - if (planFact == 2): null

11-12-2024T08:07:48 - [TEST_STEP][PASSED] - if (planFact == 1): null

11-12-2024T08:07:48 - [TEST_STEP][PASSED] - else if (planFact == 2): null

11-12-2024T08:07:48 - [TEST_STEP][PASSED] - click(findTestObject("Выполнение бизнес-плана/Кнопка План")): Object: 'Object Repository/Выполнение бизнес-плана/Кнопка План' is clicked on

11-12-2024T08:07:48 - [MESSAGE][PASSED] - Object: 'Object Repository/Выполнение бизнес-плана/Кнопка План' is clicked on

11-12-2024T08:07:48 - [TEST_STEP][PASSED] - typeOfDataMain = "План": null

11-12-2024T08:07:48 - [TEST_STEP][PASSED] - otpusk = findTestData("PlanFact").getValue(2, a): null

11-12-2024T08:07:48 - [TEST_STEP][PASSED] - poteri = findTestData("PlanFact").getValue(3, a): null

11-12-2024T08:07:48 - [TEST_STEP][PASSED] - otpusk = otpusk.replaceAll("\s+", ""): null

11-12-2024T08:07:48 - [TEST_STEP][PASSED] - poteri = poteri.replaceAll("\s+", ""): null

11-12-2024T08:07:48 - [TEST_STEP][PASSED] - typeOfData = typeOfDataMain + " Отпуск в сеть": null

11-12-2024T08:07:48 - [TEST_STEP][PASSED] - if (a == 82): null

11-12-2024T08:07:48 - [TEST_STEP][PASSED] - else if (a == 84): null

11-12-2024T08:07:48 - [TEST_STEP][PASSED] - else if (a == 52 || a == 72 || a == 28 || a == 73 || a == 77 || a == 74 || a == 65 || a == 36 || a == 44 || a == 53 || a == 80 || a == 54 || a == 1 || a == 18 || a == 59 || a == 81): null

11-12-2024T08:07:48 - [TEST_STEP][PASSED] - else: null

11-12-2024T08:07:48 - [TEST_STEP][PASSED] - path = dataFolder + typeOfData + " за отчётный период " + b: null

11-12-2024T08:07:48 - [TEST_STEP][PASSED] - println(path): null

11-12-2024T08:07:48 - [TEST_STEP][PASSED] - page = getText(findTestObject(path)): Text of object 'Object Repository/Выполнение бизнес-плана/Значения со страницы Выполнение бизнес-плана/План Отпуск в сеть за отчётный период Тверьэнерго' is: '4 254 042'

11-12-2024T08:07:49 - [MESSAGE][PASSED] - Text of object 'Object Repository/Выполнение бизнес-плана/Значения со страницы Выполнение бизнес-плана/План Отпуск в сеть за отчётный период Тверьэнерго' is: '4 254 042'

11-12-2024T08:07:49 - [TEST_STEP][PASSED] - page = page.replaceAll("\s+", ""): null

11-12-2024T08:07:49 - [TEST_STEP][PASSED] - fileOtpuskVSet = otpusk.toInteger(): null

11-12-2024T08:07:49 - [TEST_STEP][PASSED] - pageOtpuskVSet = page.toInteger(): null

11-12-2024T08:07:49 - [TEST_STEP][PASSED] - typeOfData = typeOfDataMain + " Потери": null

11-12-2024T08:07:49 - [TEST_STEP][PASSED] - if (a == 82): null

11-12-2024T08:07:49 - [TEST_STEP][PASSED] - else if (a == 84): null

11-12-2024T08:07:49 - [TEST_STEP][PASSED] - else if (a == 52 || a == 72 || a == 28 || a == 73 || a == 77 || a == 74 || a == 65 || a == 36 || a == 44 || a == 53 || a == 80 || a == 54 || a == 1 || a == 18 || a == 59 || a == 81): null

11-12-2024T08:07:49 - [TEST_STEP][PASSED] - else: null

11-12-2024T08:07:49 - [TEST_STEP][PASSED] - path = dataFolder + typeOfData + " за отчётный период " + b: null

11-12-2024T08:07:49 - [TEST_STEP][PASSED] - page = getText(findTestObject(path)): Text of object 'Object Repository/Выполнение бизнес-плана/Значения со страницы Выполнение бизнес-плана/План Потери за отчётный период Тверьэнерго' is: '565 998'

11-12-2024T08:07:49 - [MESSAGE][PASSED] - Text of object 'Object Repository/Выполнение бизнес-плана/Значения со страницы Выполнение бизнес-плана/План Потери за отчётный период Тверьэнерго' is: '565 998'

11-12-2024T08:07:49 - [TEST_STEP][PASSED] - page = page.replaceAll("\s+", ""): null

11-12-2024T08:07:49 - [TEST_STEP][PASSED] - filePoteri = poteri.toInteger(): null

11-12-2024T08:07:49 - [TEST_STEP][PASSED] - pagePoteri = page.toInteger(): null

11-12-2024T08:07:49 - [TEST_STEP][PASSED] - compare = pageOtpuskVSet: null

11-12-2024T08:07:49 - [TEST_STEP][PASSED] - if (compare == fileOtpuskVSet): null

11-12-2024T08:07:49 - [TEST_STEP][PASSED] - else if (compare > fileOtpuskVSet): null

11-12-2024T08:07:49 - [TEST_STEP][PASSED] - else if (compare < fileOtpuskVSet): null

11-12-2024T08:07:49 - [TEST_STEP][PASSED] - compare = compare + 1: null

11-12-2024T08:07:49 - [TEST_STEP][PASSED] - if (compare == fileOtpuskVSet): null

11-12-2024T08:07:49 - [TEST_STEP][PASSED] - else: null

11-12-2024T08:07:49 - [TEST_STEP][PASSED] - numberOfErrors = numberOfErrors + 1: null

11-12-2024T08:07:49 - [TEST_STEP][PASSED] - pageInt = pageOtpuskVSet: null

11-12-2024T08:07:49 - [TEST_STEP][PASSED] - fileInt = fileOtpuskVSet: null

11-12-2024T08:07:49 - [TEST_STEP][PASSED] - typeOfData = typeOfDataMain + " Отпуск в сеть": null

11-12-2024T08:07:49 - [TEST_STEP][PASSED] - Script1718980020443.WriteToExcel(a, typeOfData, todaysDate, pageInt, fileInt, pageDouble, fileDouble, dZO): null

11-12-2024T08:07:49 - [TEST_STEP][PASSED] - sheetName = "Sheet1": null

11-12-2024T08:07:49 - [TEST_STEP][PASSED] - data = findTestData("PlanFact"): null

11-12-2024T08:07:49 - [TEST_STEP][PASSED] - n = data.getRowNumbers() + 1: null

11-12-2024T08:07:49 - [TEST_STEP][PASSED] - year = todaysDate.substring(todaysDate.length() - 4, todaysDate.length()): null

11-12-2024T08:07:49 - [TEST_STEP][PASSED] - y = year.toInteger(): null

11-12-2024T08:07:49 - [TEST_STEP][PASSED] - m = getText(findTestObject("Выполнение бизнес-плана/Период")): Text of object 'Object Repository/Выполнение бизнес-плана/Период' is: '1, 2, 3 кв., Октябрь 2024 года'

11-12-2024T08:07:49 - [MESSAGE][PASSED] - Text of object 'Object Repository/Выполнение бизнес-плана/Период' is: '1, 2, 3 кв., Октябрь 2024 года'

11-12-2024T08:07:49 - [TEST_STEP][PASSED] - m = m.substring(0, m.indexOf("2024")): null

11-12-2024T08:07:49 - [TEST_STEP][PASSED] - m = m.trim(): null

11-12-2024T08:07:49 - [TEST_STEP][PASSED] - dashboardName = "Выполнение бизнес-плана": null

11-12-2024T08:07:49 - [TEST_STEP][PASSED] - workbook01 = getWorkbook(excelFilePath): null

11-12-2024T08:07:49 - [TEST_STEP][PASSED] - sheet01 = getExcelSheet(workbook01, sheetName): null

11-12-2024T08:07:49 - [TEST_STEP][PASSED] - setValueToCellByIndex(sheet01, n, 0, dashboardName): null

11-12-2024T08:07:49 - [TEST_STEP][PASSED] - setValueToCellByIndex(sheet01, n, 1, dZO): null

11-12-2024T08:07:49 - [TEST_STEP][PASSED] - setValueToCellByIndex(sheet01, n, 2, typeOfData): null

11-12-2024T08:07:49 - [TEST_STEP][PASSED] - if (typeOfData == "Факт в процентах" || typeOfData == "План в процентах"): null

11-12-2024T08:07:49 - [TEST_STEP][PASSED] - else: null

11-12-2024T08:07:49 - [TEST_STEP][PASSED] - setValueToCellByIndex(sheet01, n, 3, fileInt): null

11-12-2024T08:07:49 - [TEST_STEP][PASSED] - setValueToCellByIndex(sheet01, n, 4, pageInt): null

11-12-2024T08:07:49 - [TEST_STEP][PASSED] - setValueToCellByIndex(sheet01, n, 5, m): null

11-12-2024T08:07:49 - [TEST_STEP][PASSED] - setValueToCellByIndex(sheet01, n, 6, y): null

11-12-2024T08:07:49 - [TEST_STEP][PASSED] - setValueToCellByIndex(sheet01, n, 7, todaysDate): null

11-12-2024T08:07:49 - [TEST_STEP][PASSED] - n = n + 1: null

11-12-2024T08:07:49 - [TEST_STEP][PASSED] - saveWorkbook(excelFilePath, workbook01): null

11-12-2024T08:07:50 - [TEST_STEP][PASSED] - compare = pagePoteri: null

11-12-2024T08:07:50 - [TEST_STEP][PASSED] - if (compare == filePoteri): null

11-12-2024T08:07:50 - [TEST_STEP][PASSED] - else if (compare > filePoteri): null

11-12-2024T08:07:50 - [TEST_STEP][PASSED] - else if (compare < filePoteri): null

11-12-2024T08:07:50 - [TEST_STEP][PASSED] - compare = compare + 1: null

11-12-2024T08:07:50 - [TEST_STEP][PASSED] - if (compare == filePoteri): null

11-12-2024T08:07:50 - [TEST_STEP][PASSED] - else: null

11-12-2024T08:07:50 - [TEST_STEP][PASSED] - numberOfErrors = numberOfErrors + 1: null

11-12-2024T08:07:50 - [TEST_STEP][PASSED] - pageInt = pagePoteri: null

11-12-2024T08:07:50 - [TEST_STEP][PASSED] - fileInt = filePoteri: null

11-12-2024T08:07:50 - [TEST_STEP][PASSED] - typeOfData = typeOfDataMain + " Потери": null

11-12-2024T08:07:50 - [TEST_STEP][PASSED] - Script1718980020443.WriteToExcel(a, typeOfData, todaysDate, pageInt, fileInt, pageDouble, fileDouble, dZO): null

11-12-2024T08:07:50 - [TEST_STEP][PASSED] - sheetName = "Sheet1": null

11-12-2024T08:07:50 - [TEST_STEP][PASSED] - data = findTestData("PlanFact"): null

11-12-2024T08:07:50 - [TEST_STEP][PASSED] - n = data.getRowNumbers() + 1: null

11-12-2024T08:07:50 - [TEST_STEP][PASSED] - year = todaysDate.substring(todaysDate.length() - 4, todaysDate.length()): null

11-12-2024T08:07:50 - [TEST_STEP][PASSED] - y = year.toInteger(): null

11-12-2024T08:07:50 - [TEST_STEP][PASSED] - m = getText(findTestObject("Выполнение бизнес-плана/Период")): Text of object 'Object Repository/Выполнение бизнес-плана/Период' is: '1, 2, 3 кв., Октябрь 2024 года'

11-12-2024T08:07:50 - [MESSAGE][PASSED] - Text of object 'Object Repository/Выполнение бизнес-плана/Период' is: '1, 2, 3 кв., Октябрь 2024 года'

11-12-2024T08:07:50 - [TEST_STEP][PASSED] - m = m.substring(0, m.indexOf("2024")): null

11-12-2024T08:07:50 - [TEST_STEP][PASSED] - m = m.trim(): null

11-12-2024T08:07:50 - [TEST_STEP][PASSED] - dashboardName = "Выполнение бизнес-плана": null

11-12-2024T08:07:50 - [TEST_STEP][PASSED] - workbook01 = getWorkbook(excelFilePath): null

11-12-2024T08:07:50 - [TEST_STEP][PASSED] - sheet01 = getExcelSheet(workbook01, sheetName): null

11-12-2024T08:07:50 - [TEST_STEP][PASSED] - setValueToCellByIndex(sheet01, n, 0, dashboardName): null

11-12-2024T08:07:50 - [TEST_STEP][PASSED] - setValueToCellByIndex(sheet01, n, 1, dZO): null

11-12-2024T08:07:50 - [TEST_STEP][PASSED] - setValueToCellByIndex(sheet01, n, 2, typeOfData): null

11-12-2024T08:07:50 - [TEST_STEP][PASSED] - if (typeOfData == "Факт в процентах" || typeOfData == "План в процентах"): null

11-12-2024T08:07:50 - [TEST_STEP][PASSED] - else: null

11-12-2024T08:07:50 - [TEST_STEP][PASSED] - setValueToCellByIndex(sheet01, n, 3, fileInt): null

11-12-2024T08:07:50 - [TEST_STEP][PASSED] - setValueToCellByIndex(sheet01, n, 4, pageInt): null

11-12-2024T08:07:50 - [TEST_STEP][PASSED] - setValueToCellByIndex(sheet01, n, 5, m): null

11-12-2024T08:07:50 - [TEST_STEP][PASSED] - setValueToCellByIndex(sheet01, n, 6, y): null

11-12-2024T08:07:50 - [TEST_STEP][PASSED] - setValueToCellByIndex(sheet01, n, 7, todaysDate): null

11-12-2024T08:07:50 - [TEST_STEP][PASSED] - n = n + 1: null

11-12-2024T08:07:50 - [TEST_STEP][PASSED] - saveWorkbook(excelFilePath, workbook01): Object: 'Object Repository/Выполнение бизнес-плана/Кнопка Факт' is clicked on

11-12-2024T08:07:50 - [TEST_STEP][PASSED] - if (planFact == 2): Object: 'Object Repository/Выполнение бизнес-плана/Кнопка Факт' is clicked on

11-12-2024T08:07:50 - [TEST_STEP][PASSED] - click(findTestObject("Выполнение бизнес-плана/Кнопка Факт")): Object: 'Object Repository/Выполнение бизнес-плана/Кнопка Факт' is clicked on

11-12-2024T08:07:51 - [MESSAGE][PASSED] - Object: 'Object Repository/Выполнение бизнес-плана/Кнопка Факт' is clicked on

11-12-2024T08:07:51 - [TEST_STEP][PASSED] - if (a == 84 || a == 82): null

11-12-2024T08:07:51 - [TEST_STEP][PASSED] - else if (a == 52 || a == 72 || a == 28 || a == 73 || a == 77 || a == 74 || a == 65 || a == 36 || a == 44 || a == 53 || a == 80 || a == 54 || a == 1 || a == 18 || a == 59 || a == 81): null

11-12-2024T08:07:51 - [TEST_STEP][PASSED] - else: null

11-12-2024T08:07:51 - [TEST_STEP][PASSED] - page1 = getText(findTestObject("Object Repository/Выполнение бизнес-плана/spanPlan" + filialNum)): Text of object 'Object Repository/Выполнение бизнес-плана/spanPlan14' is: '13.30
|'

11-12-2024T08:07:51 - [MESSAGE][PASSED] - Text of object 'Object Repository/Выполнение бизнес-плана/spanPlan14' is: '13.30
|'

11-12-2024T08:07:51 - [TEST_STEP][PASSED] - page1 = page1.replace("|", ""): null

11-12-2024T08:07:51 - [TEST_STEP][PASSED] - page2 = getText(findTestObject("Object Repository/Выполнение бизнес-плана/spanFact" + filialNum)): Text of object 'Object Repository/Выполнение бизнес-плана/spanFact14' is: '13.23
|'

11-12-2024T08:07:51 - [MESSAGE][PASSED] - Text of object 'Object Repository/Выполнение бизнес-плана/spanFact14' is: '13.23
|'

11-12-2024T08:07:51 - [TEST_STEP][PASSED] - page2 = page2.replace("|", ""): null

11-12-2024T08:07:51 - [TEST_STEP][PASSED] - println("page1: " + page1): null

11-12-2024T08:07:51 - [TEST_STEP][PASSED] - println("page2: " + page2): null

11-12-2024T08:07:51 - [TEST_STEP][PASSED] - file = findTestData("PlanFact").getValue(4, a): null

11-12-2024T08:07:51 - [TEST_STEP][PASSED] - file = file.replace(",", "."): null

11-12-2024T08:07:51 - [TEST_STEP][PASSED] - println("file Plan: " + file): null

11-12-2024T08:07:51 - [TEST_STEP][PASSED] - typeOfData = "План в процентах": null

11-12-2024T08:07:51 - [TEST_STEP][PASSED] - fileDouble = file.toDouble(): null

11-12-2024T08:07:51 - [TEST_STEP][PASSED] - pageDouble = page1.toDouble(): null

11-12-2024T08:07:51 - [TEST_STEP][PASSED] - if (fileDouble != pageDouble): null

11-12-2024T08:07:51 - [TEST_STEP][PASSED] - numberOfErrors = numberOfErrors + 1: null

11-12-2024T08:07:51 - [TEST_STEP][PASSED] - Script1718980020443.WriteToExcel(a, typeOfData, todaysDate, pageInt, fileInt, pageDouble, fileDouble, dZO): null

11-12-2024T08:07:51 - [TEST_STEP][PASSED] - sheetName = "Sheet1": null

11-12-2024T08:07:51 - [TEST_STEP][PASSED] - data = findTestData("PlanFact"): null

11-12-2024T08:07:51 - [TEST_STEP][PASSED] - n = data.getRowNumbers() + 1: null

11-12-2024T08:07:51 - [TEST_STEP][PASSED] - year = todaysDate.substring(todaysDate.length() - 4, todaysDate.length()): null

11-12-2024T08:07:51 - [TEST_STEP][PASSED] - y = year.toInteger(): null

11-12-2024T08:07:51 - [TEST_STEP][PASSED] - m = getText(findTestObject("Выполнение бизнес-плана/Период")): Text of object 'Object Repository/Выполнение бизнес-плана/Период' is: '1, 2, 3 кв., Октябрь 2024 года'

11-12-2024T08:07:52 - [MESSAGE][PASSED] - Text of object 'Object Repository/Выполнение бизнес-плана/Период' is: '1, 2, 3 кв., Октябрь 2024 года'

11-12-2024T08:07:52 - [TEST_STEP][PASSED] - m = m.substring(0, m.indexOf("2024")): null

11-12-2024T08:07:52 - [TEST_STEP][PASSED] - m = m.trim(): null

11-12-2024T08:07:52 - [TEST_STEP][PASSED] - dashboardName = "Выполнение бизнес-плана": null

11-12-2024T08:07:52 - [TEST_STEP][PASSED] - workbook01 = getWorkbook(excelFilePath): null

11-12-2024T08:07:52 - [TEST_STEP][PASSED] - sheet01 = getExcelSheet(workbook01, sheetName): null

11-12-2024T08:07:52 - [TEST_STEP][PASSED] - setValueToCellByIndex(sheet01, n, 0, dashboardName): null

11-12-2024T08:07:52 - [TEST_STEP][PASSED] - setValueToCellByIndex(sheet01, n, 1, dZO): null

11-12-2024T08:07:52 - [TEST_STEP][PASSED] - setValueToCellByIndex(sheet01, n, 2, typeOfData): null

11-12-2024T08:07:52 - [TEST_STEP][PASSED] - if (typeOfData == "Факт в процентах" || typeOfData == "План в процентах"): null

11-12-2024T08:07:52 - [TEST_STEP][PASSED] - setValueToCellByIndex(sheet01, n, 3, fileDouble): null

11-12-2024T08:07:52 - [TEST_STEP][PASSED] - setValueToCellByIndex(sheet01, n, 4, pageDouble): null

11-12-2024T08:07:52 - [TEST_STEP][PASSED] - setValueToCellByIndex(sheet01, n, 5, m): null

11-12-2024T08:07:52 - [TEST_STEP][PASSED] - setValueToCellByIndex(sheet01, n, 6, y): null

11-12-2024T08:07:52 - [TEST_STEP][PASSED] - setValueToCellByIndex(sheet01, n, 7, todaysDate): null

11-12-2024T08:07:52 - [TEST_STEP][PASSED] - n = n + 1: null

11-12-2024T08:07:52 - [TEST_STEP][PASSED] - saveWorkbook(excelFilePath, workbook01): null

11-12-2024T08:07:52 - [TEST_STEP][PASSED] - file = findTestData("PlanFact").getValue(7, a): null

11-12-2024T08:07:52 - [TEST_STEP][PASSED] - file = file.replace(",", "."): null

11-12-2024T08:07:52 - [TEST_STEP][PASSED] - println("file Fact: " + file): null

11-12-2024T08:07:52 - [TEST_STEP][PASSED] - fileDouble = file.toDouble(): null

11-12-2024T08:07:52 - [TEST_STEP][PASSED] - typeOfData = "Факт в процентах": null

11-12-2024T08:07:52 - [TEST_STEP][PASSED] - fileDouble = file.toDouble(): null

11-12-2024T08:07:52 - [TEST_STEP][PASSED] - pageDouble = page2.toDouble(): null

11-12-2024T08:07:52 - [TEST_STEP][PASSED] - if (fileDouble != pageDouble): null

11-12-2024T08:07:52 - [TEST_STEP][PASSED] - numberOfErrors = numberOfErrors + 1: null

11-12-2024T08:07:52 - [TEST_STEP][PASSED] - Script1718980020443.WriteToExcel(a, typeOfData, todaysDate, pageInt, fileInt, pageDouble, fileDouble, dZO): null

11-12-2024T08:07:52 - [TEST_STEP][PASSED] - sheetName = "Sheet1": null

11-12-2024T08:07:52 - [TEST_STEP][PASSED] - data = findTestData("PlanFact"): null

11-12-2024T08:07:52 - [TEST_STEP][PASSED] - n = data.getRowNumbers() + 1: null

11-12-2024T08:07:52 - [TEST_STEP][PASSED] - year = todaysDate.substring(todaysDate.length() - 4, todaysDate.length()): null

11-12-2024T08:07:52 - [TEST_STEP][PASSED] - y = year.toInteger(): null

11-12-2024T08:07:52 - [TEST_STEP][PASSED] - m = getText(findTestObject("Выполнение бизнес-плана/Период")): Text of object 'Object Repository/Выполнение бизнес-плана/Период' is: '1, 2, 3 кв., Октябрь 2024 года'

11-12-2024T08:07:52 - [MESSAGE][PASSED] - Text of object 'Object Repository/Выполнение бизнес-плана/Период' is: '1, 2, 3 кв., Октябрь 2024 года'

11-12-2024T08:07:52 - [TEST_STEP][PASSED] - m = m.substring(0, m.indexOf("2024")): null

11-12-2024T08:07:52 - [TEST_STEP][PASSED] - m = m.trim(): null

11-12-2024T08:07:52 - [TEST_STEP][PASSED] - dashboardName = "Выполнение бизнес-плана": null

11-12-2024T08:07:52 - [TEST_STEP][PASSED] - workbook01 = getWorkbook(excelFilePath): null

11-12-2024T08:07:52 - [TEST_STEP][PASSED] - sheet01 = getExcelSheet(workbook01, sheetName): null

11-12-2024T08:07:52 - [TEST_STEP][PASSED] - setValueToCellByIndex(sheet01, n, 0, dashboardName): null

11-12-2024T08:07:52 - [TEST_STEP][PASSED] - setValueToCellByIndex(sheet01, n, 1, dZO): null

11-12-2024T08:07:52 - [TEST_STEP][PASSED] - setValueToCellByIndex(sheet01, n, 2, typeOfData): null

11-12-2024T08:07:52 - [TEST_STEP][PASSED] - if (typeOfData == "Факт в процентах" || typeOfData == "План в процентах"): null

11-12-2024T08:07:52 - [TEST_STEP][PASSED] - setValueToCellByIndex(sheet01, n, 3, fileDouble): null

11-12-2024T08:07:52 - [TEST_STEP][PASSED] - setValueToCellByIndex(sheet01, n, 4, pageDouble): null

11-12-2024T08:07:52 - [TEST_STEP][PASSED] - setValueToCellByIndex(sheet01, n, 5, m): null

11-12-2024T08:07:52 - [TEST_STEP][PASSED] - setValueToCellByIndex(sheet01, n, 6, y): null

11-12-2024T08:07:52 - [TEST_STEP][PASSED] - setValueToCellByIndex(sheet01, n, 7, todaysDate): null

11-12-2024T08:07:52 - [TEST_STEP][PASSED] - n = n + 1: null

11-12-2024T08:07:52 - [TEST_STEP][PASSED] - saveWorkbook(excelFilePath, workbook01): null

11-12-2024T08:07:53 - [TEST_STEP][FAILED] - if (verifyEqual(numberOfErrors, 0) == false): null

11-12-2024T08:07:53 - [MESSAGE][FAILED] - Unable to verify equal between actual object '6' and expected object '0' (Root cause: com.kms.katalon.core.exception.StepFailedException: Actual object '6' and expected object '0' are not equal
	at com.kms.katalon.core.keyword.builtin.VerifyEqualKeyword$_verifyEqual_closure1.doCall(VerifyEqualKeyword.groovy:58)
	at com.kms.katalon.core.keyword.builtin.VerifyEqualKeyword$_verifyEqual_closure1.call(VerifyEqualKeyword.groovy)
	at com.kms.katalon.core.keyword.internal.KeywordMain.runKeyword(KeywordMain.groovy:75)
	at com.kms.katalon.core.keyword.builtin.VerifyEqualKeyword.verifyEqual(VerifyEqualKeyword.groovy:63)
	at com.kms.katalon.core.keyword.builtin.VerifyEqualKeyword.execute(VerifyEqualKeyword.groovy:44)
	at com.kms.katalon.core.keyword.internal.KeywordExecutor.executeKeywordForPlatform(KeywordExecutor.groovy:74)
	at com.kms.katalon.core.keyword.BuiltinKeywords.verifyEqual(BuiltinKeywords.groovy:146)
	at jdk.internal.reflect.GeneratedMethodAccessor24.invoke(Unknown Source)
	at java.base/jdk.internal.reflect.DelegatingMethodAccessorImpl.invoke(DelegatingMethodAccessorImpl.java:43)
	at Выполнение бизнес-плана Сверка ПАО Россети все филиалы.Numbers(Выполнение бизнес-плана Сверка ПАО Россети все филиалы:752)
	at Выполнение бизнес-плана Сверка ПАО Россети все филиалы.Filials(Выполнение бизнес-плана Сверка ПАО Россети все филиалы:1333)
	at Выполнение бизнес-плана Сверка ПАО Россети все филиалы.Numbers(Выполнение бизнес-плана Сверка ПАО Россети все филиалы:757)
	at Выполнение бизнес-плана Сверка ПАО Россети все филиалы.run(Выполнение бизнес-плана Сверка ПАО Россети все филиалы:400)
	at com.kms.katalon.core.main.ScriptEngine.run(ScriptEngine.java:194)
	at com.kms.katalon.core.main.ScriptEngine.runScriptAsRawText(ScriptEngine.java:119)
	at com.kms.katalon.core.main.TestCaseExecutor.runScript(TestCaseExecutor.java:448)
	at com.kms.katalon.core.main.TestCaseExecutor.doExecute(TestCaseExecutor.java:439)
	at com.kms.katalon.core.main.TestCaseExecutor.processExecutionPhase(TestCaseExecutor.java:418)
	at com.kms.katalon.core.main.TestCaseExecutor.accessMainPhase(TestCaseExecutor.java:410)
	at com.kms.katalon.core.main.TestCaseExecutor.execute(TestCaseExecutor.java:285)
	at com.kms.katalon.core.common.CommonExecutor.accessTestCaseMainPhase(CommonExecutor.java:65)
	at com.kms.katalon.core.main.TestSuiteExecutor.accessTestSuiteMainPhase(TestSuiteExecutor.java:150)
	at com.kms.katalon.core.main.TestSuiteExecutor.execute(TestSuiteExecutor.java:106)
	at com.kms.katalon.core.main.TestCaseMain.startTestSuite(TestCaseMain.java:180)
	at TempTestSuite1733892825375.run(TempTestSuite1733892825375.groovy:35)
	at java.base/jdk.internal.reflect.NativeMethodAccessorImpl.invoke0(Native Method)
	at java.base/jdk.internal.reflect.NativeMethodAccessorImpl.invoke(NativeMethodAccessorImpl.java:77)
	at java.base/jdk.internal.reflect.DelegatingMethodAccessorImpl.invoke(DelegatingMethodAccessorImpl.java:43)
)

11-12-2024T08:07:53 - [TEST_STEP][PASSED] - println(numberOfErrors): null

11-12-2024T08:07:53 - [TEST_STEP][PASSED] - if (a == 28 || a == 77 || a == 74 || a == 65 || a == 36 || a == 44 || a == 54 || a == 1 || a == 18 || a == 59): null

11-12-2024T08:07:53 - [TEST_STEP][PASSED] - if (a == 82): null

11-12-2024T08:07:53 - [TEST_STEP][PASSED] - dZO = "Ярэнерго": null

11-12-2024T08:07:53 - [TEST_STEP][PASSED] - a = 12: null

11-12-2024T08:07:53 - [TEST_STEP][PASSED] - if (x2.contains(dZO)): null

11-12-2024T08:07:53 - [TEST_STEP][PASSED] - filialNum = filialNum + 1: null

11-12-2024T08:07:53 - [TEST_STEP][PASSED] - Script1718980020443.Numbers(a, typeOfData, todaysDate, pageInt, fileInt, pageDouble, fileDouble, dZO, dzoNum, filialNum): null

11-12-2024T08:07:53 - [TEST_STEP][PASSED] - println(dzoNum): null

11-12-2024T08:07:53 - [TEST_STEP][PASSED] - planFact = <not implemented yet for class: org.codehaus.groovy.ast.expr.EmptyExpression>: null

11-12-2024T08:07:53 - [TEST_STEP][PASSED] - page = <not implemented yet for class: org.codehaus.groovy.ast.expr.EmptyExpression>: null

11-12-2024T08:07:53 - [TEST_STEP][PASSED] - page1 = <not implemented yet for class: org.codehaus.groovy.ast.expr.EmptyExpression>: null

11-12-2024T08:07:53 - [TEST_STEP][PASSED] - page2 = <not implemented yet for class: org.codehaus.groovy.ast.expr.EmptyExpression>: null

11-12-2024T08:07:53 - [TEST_STEP][PASSED] - filialNumberInRow = <not implemented yet for class: org.codehaus.groovy.ast.expr.EmptyExpression>: null

11-12-2024T08:07:53 - [TEST_STEP][PASSED] - filialsDzoNames = <not implemented yet for class: org.codehaus.groovy.ast.expr.EmptyExpression>: null

11-12-2024T08:07:53 - [TEST_STEP][PASSED] - numberOfFilials = <not implemented yet for class: org.codehaus.groovy.ast.expr.EmptyExpression>: null

11-12-2024T08:07:53 - [TEST_STEP][PASSED] - numberOfSpaces = <not implemented yet for class: org.codehaus.groovy.ast.expr.EmptyExpression>: null

11-12-2024T08:07:53 - [TEST_STEP][PASSED] - file = <not implemented yet for class: org.codehaus.groovy.ast.expr.EmptyExpression>: null

11-12-2024T08:07:53 - [TEST_STEP][PASSED] - otpusk = <not implemented yet for class: org.codehaus.groovy.ast.expr.EmptyExpression>: null

11-12-2024T08:07:53 - [TEST_STEP][PASSED] - poteri = <not implemented yet for class: org.codehaus.groovy.ast.expr.EmptyExpression>: null

11-12-2024T08:07:53 - [TEST_STEP][PASSED] - dataFolder = "Выполнение бизнес-плана/Значения со страницы Выполнение бизнес-плана/": null

11-12-2024T08:07:53 - [TEST_STEP][PASSED] - path = <not implemented yet for class: org.codehaus.groovy.ast.expr.EmptyExpression>: null

11-12-2024T08:07:53 - [TEST_STEP][PASSED] - typeOfDataMain = <not implemented yet for class: org.codehaus.groovy.ast.expr.EmptyExpression>: null

11-12-2024T08:07:53 - [TEST_STEP][PASSED] - fileOtpuskVSet = <not implemented yet for class: org.codehaus.groovy.ast.expr.EmptyExpression>: null

11-12-2024T08:07:53 - [TEST_STEP][PASSED] - pageOtpuskVSet = <not implemented yet for class: org.codehaus.groovy.ast.expr.EmptyExpression>: null

11-12-2024T08:07:53 - [TEST_STEP][PASSED] - filePoteri = <not implemented yet for class: org.codehaus.groovy.ast.expr.EmptyExpression>: null

11-12-2024T08:07:53 - [TEST_STEP][PASSED] - pagePoteri = <not implemented yet for class: org.codehaus.groovy.ast.expr.EmptyExpression>: null

11-12-2024T08:07:53 - [TEST_STEP][PASSED] - compare = <not implemented yet for class: org.codehaus.groovy.ast.expr.EmptyExpression>: null

11-12-2024T08:07:53 - [TEST_STEP][PASSED] - b = <not implemented yet for class: org.codehaus.groovy.ast.expr.EmptyExpression>: null

11-12-2024T08:07:53 - [TEST_STEP][PASSED] - i = <not implemented yet for class: org.codehaus.groovy.ast.expr.EmptyExpression>: null

11-12-2024T08:07:53 - [TEST_STEP][PASSED] - ii = <not implemented yet for class: org.codehaus.groovy.ast.expr.EmptyExpression>: null

11-12-2024T08:07:53 - [TEST_STEP][PASSED] - c = <not implemented yet for class: org.codehaus.groovy.ast.expr.EmptyExpression>: null

11-12-2024T08:07:53 - [TEST_STEP][PASSED] - numberOfErrors = 0: null

11-12-2024T08:07:53 - [TEST_STEP][PASSED] - if (a == 82): null

11-12-2024T08:07:53 - [TEST_STEP][PASSED] - b = findTestData("PlanFact").getValue(1, a): null

11-12-2024T08:07:53 - [TEST_STEP][PASSED] - i = b.indexOf(" (ГК)"): null

11-12-2024T08:07:53 - [TEST_STEP][PASSED] - if (i > -1): null

11-12-2024T08:07:53 - [TEST_STEP][PASSED] - i = b.indexOf("О ""): null

11-12-2024T08:07:53 - [TEST_STEP][PASSED] - if (i > -1): null

11-12-2024T08:07:53 - [TEST_STEP][PASSED] - i = b.indexOf("О «"): null

11-12-2024T08:07:53 - [TEST_STEP][PASSED] - if (i > -1): null

11-12-2024T08:07:53 - [TEST_STEP][PASSED] - i = b.indexOf("г. "): null

11-12-2024T08:07:53 - [TEST_STEP][PASSED] - if (i > -1): null

11-12-2024T08:07:53 - [TEST_STEP][PASSED] - println(b): null

11-12-2024T08:07:53 - [TEST_STEP][PASSED] - for ([planFact = 1, planFact < 3, (planFact++)]): Object: 'Object Repository/Выполнение бизнес-плана/Кнопка Факт' is clicked on

11-12-2024T08:07:53 - [TEST_STEP][PASSED] - if (planFact == 1): null

11-12-2024T08:07:53 - [TEST_STEP][PASSED] - typeOfDataMain = "Факт": null

11-12-2024T08:07:53 - [TEST_STEP][PASSED] - otpusk = findTestData("PlanFact").getValue(5, a): null

11-12-2024T08:07:53 - [TEST_STEP][PASSED] - poteri = findTestData("PlanFact").getValue(6, a): null

11-12-2024T08:07:53 - [TEST_STEP][PASSED] - otpusk = otpusk.replaceAll("\s+", ""): null

11-12-2024T08:07:53 - [TEST_STEP][PASSED] - poteri = poteri.replaceAll("\s+", ""): null

11-12-2024T08:07:53 - [TEST_STEP][PASSED] - typeOfData = typeOfDataMain + " Отпуск в сеть": null

11-12-2024T08:07:53 - [TEST_STEP][PASSED] - if (a == 82): null

11-12-2024T08:07:53 - [TEST_STEP][PASSED] - else if (a == 84): null

11-12-2024T08:07:53 - [TEST_STEP][PASSED] - else if (a == 52 || a == 72 || a == 28 || a == 73 || a == 77 || a == 74 || a == 65 || a == 36 || a == 44 || a == 53 || a == 80 || a == 54 || a == 1 || a == 18 || a == 59 || a == 81): null

11-12-2024T08:07:53 - [TEST_STEP][PASSED] - else: null

11-12-2024T08:07:53 - [TEST_STEP][PASSED] - path = dataFolder + typeOfData + " за отчётный период " + b: null

11-12-2024T08:07:53 - [TEST_STEP][PASSED] - println(path): null

11-12-2024T08:07:53 - [TEST_STEP][PASSED] - page = getText(findTestObject(path)): Text of object 'Object Repository/Выполнение бизнес-плана/Значения со страницы Выполнение бизнес-плана/Факт Отпуск в сеть за отчётный период Ярэнерго' is: '5 865 714'

11-12-2024T08:07:53 - [MESSAGE][PASSED] - Text of object 'Object Repository/Выполнение бизнес-плана/Значения со страницы Выполнение бизнес-плана/Факт Отпуск в сеть за отчётный период Ярэнерго' is: '5 865 714'

11-12-2024T08:07:53 - [TEST_STEP][PASSED] - page = page.replaceAll("\s+", ""): null

11-12-2024T08:07:53 - [TEST_STEP][PASSED] - fileOtpuskVSet = otpusk.toInteger(): null

11-12-2024T08:07:53 - [TEST_STEP][PASSED] - pageOtpuskVSet = page.toInteger(): null

11-12-2024T08:07:53 - [TEST_STEP][PASSED] - typeOfData = typeOfDataMain + " Потери": null

11-12-2024T08:07:53 - [TEST_STEP][PASSED] - if (a == 82): null

11-12-2024T08:07:53 - [TEST_STEP][PASSED] - else if (a == 84): null

11-12-2024T08:07:53 - [TEST_STEP][PASSED] - else if (a == 52 || a == 72 || a == 28 || a == 73 || a == 77 || a == 74 || a == 65 || a == 36 || a == 44 || a == 53 || a == 80 || a == 54 || a == 1 || a == 18 || a == 59 || a == 81): null

11-12-2024T08:07:53 - [TEST_STEP][PASSED] - else: null

11-12-2024T08:07:53 - [TEST_STEP][PASSED] - path = dataFolder + typeOfData + " за отчётный период " + b: null

11-12-2024T08:07:53 - [TEST_STEP][PASSED] - page = getText(findTestObject(path)): Text of object 'Object Repository/Выполнение бизнес-плана/Значения со страницы Выполнение бизнес-плана/Факт Потери за отчётный период Ярэнерго' is: '490 373'

11-12-2024T08:07:54 - [MESSAGE][PASSED] - Text of object 'Object Repository/Выполнение бизнес-плана/Значения со страницы Выполнение бизнес-плана/Факт Потери за отчётный период Ярэнерго' is: '490 373'

11-12-2024T08:07:54 - [TEST_STEP][PASSED] - page = page.replaceAll("\s+", ""): null

11-12-2024T08:07:54 - [TEST_STEP][PASSED] - filePoteri = poteri.toInteger(): null

11-12-2024T08:07:54 - [TEST_STEP][PASSED] - pagePoteri = page.toInteger(): null

11-12-2024T08:07:54 - [TEST_STEP][PASSED] - compare = pageOtpuskVSet: null

11-12-2024T08:07:54 - [TEST_STEP][PASSED] - if (compare == fileOtpuskVSet): null

11-12-2024T08:07:54 - [TEST_STEP][PASSED] - if (compare == fileOtpuskVSet): null

11-12-2024T08:07:54 - [TEST_STEP][PASSED] - compare = pagePoteri: null

11-12-2024T08:07:54 - [TEST_STEP][PASSED] - if (compare == filePoteri): null

11-12-2024T08:07:54 - [TEST_STEP][PASSED] - if (compare == filePoteri): null

11-12-2024T08:07:54 - [TEST_STEP][PASSED] - if (planFact == 2): null

11-12-2024T08:07:54 - [TEST_STEP][PASSED] - if (planFact == 1): null

11-12-2024T08:07:54 - [TEST_STEP][PASSED] - else if (planFact == 2): null

11-12-2024T08:07:54 - [TEST_STEP][PASSED] - click(findTestObject("Выполнение бизнес-плана/Кнопка План")): Object: 'Object Repository/Выполнение бизнес-плана/Кнопка План' is clicked on

11-12-2024T08:07:54 - [MESSAGE][PASSED] - Object: 'Object Repository/Выполнение бизнес-плана/Кнопка План' is clicked on

11-12-2024T08:07:54 - [TEST_STEP][PASSED] - typeOfDataMain = "План": null

11-12-2024T08:07:54 - [TEST_STEP][PASSED] - otpusk = findTestData("PlanFact").getValue(2, a): null

11-12-2024T08:07:54 - [TEST_STEP][PASSED] - poteri = findTestData("PlanFact").getValue(3, a): null

11-12-2024T08:07:54 - [TEST_STEP][PASSED] - otpusk = otpusk.replaceAll("\s+", ""): null

11-12-2024T08:07:54 - [TEST_STEP][PASSED] - poteri = poteri.replaceAll("\s+", ""): null

11-12-2024T08:07:54 - [TEST_STEP][PASSED] - typeOfData = typeOfDataMain + " Отпуск в сеть": null

11-12-2024T08:07:54 - [TEST_STEP][PASSED] - if (a == 82): null

11-12-2024T08:07:54 - [TEST_STEP][PASSED] - else if (a == 84): null

11-12-2024T08:07:54 - [TEST_STEP][PASSED] - else if (a == 52 || a == 72 || a == 28 || a == 73 || a == 77 || a == 74 || a == 65 || a == 36 || a == 44 || a == 53 || a == 80 || a == 54 || a == 1 || a == 18 || a == 59 || a == 81): null

11-12-2024T08:07:54 - [TEST_STEP][PASSED] - else: null

11-12-2024T08:07:54 - [TEST_STEP][PASSED] - path = dataFolder + typeOfData + " за отчётный период " + b: null

11-12-2024T08:07:54 - [TEST_STEP][PASSED] - println(path): null

11-12-2024T08:07:54 - [TEST_STEP][PASSED] - page = getText(findTestObject(path)): Text of object 'Object Repository/Выполнение бизнес-плана/Значения со страницы Выполнение бизнес-плана/План Отпуск в сеть за отчётный период Ярэнерго' is: '5 534 272'

11-12-2024T08:07:54 - [MESSAGE][PASSED] - Text of object 'Object Repository/Выполнение бизнес-плана/Значения со страницы Выполнение бизнес-плана/План Отпуск в сеть за отчётный период Ярэнерго' is: '5 534 272'

11-12-2024T08:07:54 - [TEST_STEP][PASSED] - page = page.replaceAll("\s+", ""): null

11-12-2024T08:07:54 - [TEST_STEP][PASSED] - fileOtpuskVSet = otpusk.toInteger(): null

11-12-2024T08:07:54 - [TEST_STEP][PASSED] - pageOtpuskVSet = page.toInteger(): null

11-12-2024T08:07:54 - [TEST_STEP][PASSED] - typeOfData = typeOfDataMain + " Потери": null

11-12-2024T08:07:54 - [TEST_STEP][PASSED] - if (a == 82): null

11-12-2024T08:07:54 - [TEST_STEP][PASSED] - else if (a == 84): null

11-12-2024T08:07:54 - [TEST_STEP][PASSED] - else if (a == 52 || a == 72 || a == 28 || a == 73 || a == 77 || a == 74 || a == 65 || a == 36 || a == 44 || a == 53 || a == 80 || a == 54 || a == 1 || a == 18 || a == 59 || a == 81): null

11-12-2024T08:07:54 - [TEST_STEP][PASSED] - else: null

11-12-2024T08:07:54 - [TEST_STEP][PASSED] - path = dataFolder + typeOfData + " за отчётный период " + b: null

11-12-2024T08:07:54 - [TEST_STEP][PASSED] - page = getText(findTestObject(path)): Text of object 'Object Repository/Выполнение бизнес-плана/Значения со страницы Выполнение бизнес-плана/План Потери за отчётный период Ярэнерго' is: '481 922'

11-12-2024T08:07:55 - [MESSAGE][PASSED] - Text of object 'Object Repository/Выполнение бизнес-плана/Значения со страницы Выполнение бизнес-плана/План Потери за отчётный период Ярэнерго' is: '481 922'

11-12-2024T08:07:55 - [TEST_STEP][PASSED] - page = page.replaceAll("\s+", ""): null

11-12-2024T08:07:55 - [TEST_STEP][PASSED] - filePoteri = poteri.toInteger(): null

11-12-2024T08:07:55 - [TEST_STEP][PASSED] - pagePoteri = page.toInteger(): null

11-12-2024T08:07:55 - [TEST_STEP][PASSED] - compare = pageOtpuskVSet: null

11-12-2024T08:07:55 - [TEST_STEP][PASSED] - if (compare == fileOtpuskVSet): null

11-12-2024T08:07:55 - [TEST_STEP][PASSED] - else if (compare > fileOtpuskVSet): null

11-12-2024T08:07:55 - [TEST_STEP][PASSED] - compare = compare - 1: null

11-12-2024T08:07:55 - [TEST_STEP][PASSED] - if (compare == fileOtpuskVSet): null

11-12-2024T08:07:55 - [TEST_STEP][PASSED] - compare = pagePoteri: null

11-12-2024T08:07:55 - [TEST_STEP][PASSED] - if (compare == filePoteri): null

11-12-2024T08:07:55 - [TEST_STEP][PASSED] - if (compare == filePoteri): null

11-12-2024T08:07:55 - [TEST_STEP][PASSED] - if (planFact == 2): Object: 'Object Repository/Выполнение бизнес-плана/Кнопка Факт' is clicked on

11-12-2024T08:07:55 - [TEST_STEP][PASSED] - click(findTestObject("Выполнение бизнес-плана/Кнопка Факт")): Object: 'Object Repository/Выполнение бизнес-плана/Кнопка Факт' is clicked on

11-12-2024T08:07:55 - [MESSAGE][PASSED] - Object: 'Object Repository/Выполнение бизнес-плана/Кнопка Факт' is clicked on

11-12-2024T08:07:55 - [TEST_STEP][PASSED] - if (a == 84 || a == 82): null

11-12-2024T08:07:55 - [TEST_STEP][PASSED] - else if (a == 52 || a == 72 || a == 28 || a == 73 || a == 77 || a == 74 || a == 65 || a == 36 || a == 44 || a == 53 || a == 80 || a == 54 || a == 1 || a == 18 || a == 59 || a == 81): null

11-12-2024T08:07:55 - [TEST_STEP][PASSED] - else: null

11-12-2024T08:07:55 - [TEST_STEP][PASSED] - page1 = getText(findTestObject("Object Repository/Выполнение бизнес-плана/spanPlan" + filialNum)): Text of object 'Object Repository/Выполнение бизнес-плана/spanPlan15' is: '8.71
|'

11-12-2024T08:07:55 - [MESSAGE][PASSED] - Text of object 'Object Repository/Выполнение бизнес-плана/spanPlan15' is: '8.71
|'

11-12-2024T08:07:55 - [TEST_STEP][PASSED] - page1 = page1.replace("|", ""): null

11-12-2024T08:07:55 - [TEST_STEP][PASSED] - page2 = getText(findTestObject("Object Repository/Выполнение бизнес-плана/spanFact" + filialNum)): Text of object 'Object Repository/Выполнение бизнес-плана/spanFact15' is: '8.36
|'

11-12-2024T08:07:56 - [MESSAGE][PASSED] - Text of object 'Object Repository/Выполнение бизнес-плана/spanFact15' is: '8.36
|'

11-12-2024T08:07:56 - [TEST_STEP][PASSED] - page2 = page2.replace("|", ""): null

11-12-2024T08:07:56 - [TEST_STEP][PASSED] - println("page1: " + page1): null

11-12-2024T08:07:56 - [TEST_STEP][PASSED] - println("page2: " + page2): null

11-12-2024T08:07:56 - [TEST_STEP][PASSED] - file = findTestData("PlanFact").getValue(4, a): null

11-12-2024T08:07:56 - [TEST_STEP][PASSED] - file = file.replace(",", "."): null

11-12-2024T08:07:56 - [TEST_STEP][PASSED] - println("file Plan: " + file): null

11-12-2024T08:07:56 - [TEST_STEP][PASSED] - typeOfData = "План в процентах": null

11-12-2024T08:07:56 - [TEST_STEP][PASSED] - fileDouble = file.toDouble(): null

11-12-2024T08:07:56 - [TEST_STEP][PASSED] - pageDouble = page1.toDouble(): null

11-12-2024T08:07:56 - [TEST_STEP][PASSED] - if (fileDouble != pageDouble): null

11-12-2024T08:07:56 - [TEST_STEP][PASSED] - file = findTestData("PlanFact").getValue(7, a): null

11-12-2024T08:07:56 - [TEST_STEP][PASSED] - file = file.replace(",", "."): null

11-12-2024T08:07:56 - [TEST_STEP][PASSED] - println("file Fact: " + file): null

11-12-2024T08:07:56 - [TEST_STEP][PASSED] - fileDouble = file.toDouble(): null

11-12-2024T08:07:56 - [TEST_STEP][PASSED] - typeOfData = "Факт в процентах": null

11-12-2024T08:07:56 - [TEST_STEP][PASSED] - fileDouble = file.toDouble(): null

11-12-2024T08:07:56 - [TEST_STEP][PASSED] - pageDouble = page2.toDouble(): null

11-12-2024T08:07:56 - [TEST_STEP][PASSED] - if (fileDouble != pageDouble): null

11-12-2024T08:07:56 - [TEST_STEP][PASSED] - if (verifyEqual(numberOfErrors, 0) == false): Actual object '0' and expected object '0' are equal

11-12-2024T08:07:56 - [MESSAGE][PASSED] - Actual object '0' and expected object '0' are equal

11-12-2024T08:07:56 - [TEST_STEP][PASSED] - if (a == 82): null

11-12-2024T08:07:56 - [TEST_STEP][PASSED] - filialNum = 0: null

11-12-2024T08:07:56 - [TEST_STEP][PASSED] - if (a == 18): null

11-12-2024T08:07:56 - [TEST_STEP][PASSED] - if (a == 36): null

11-12-2024T08:07:56 - [TEST_STEP][PASSED] - if (a == 44): null

11-12-2024T08:07:56 - [TEST_STEP][PASSED] - if (a == 54): null

11-12-2024T08:07:56 - [TEST_STEP][PASSED] - if (a == 59): null

11-12-2024T08:07:56 - [TEST_STEP][PASSED] - Script1718980020443.OpenFilter(): null

11-12-2024T08:07:56 - [TEST_STEP][PASSED] - click(findTestObject("Object Repository/Выполнение бизнес-плана/Фильтр ДЗО")): Object: 'Object Repository/Выполнение бизнес-плана/Фильтр ДЗО' is clicked on

11-12-2024T08:07:56 - [MESSAGE][PASSED] - Object: 'Object Repository/Выполнение бизнес-плана/Фильтр ДЗО' is clicked on

11-12-2024T08:07:56 - [TEST_STEP][PASSED] - click(findTestObject("Выполнение бизнес-плана/Снять выделение в фильтре ДЗО")): Object: 'Object Repository/Выполнение бизнес-плана/Снять выделение в фильтре ДЗО' is clicked on

11-12-2024T08:07:57 - [MESSAGE][PASSED] - Object: 'Object Repository/Выполнение бизнес-плана/Снять выделение в фильтре ДЗО' is clicked on

11-12-2024T08:07:57 - [TEST_STEP][PASSED] - Script1718980020443.CloseFilter(): null

11-12-2024T08:07:57 - [TEST_STEP][PASSED] - scrollToElement(findTestObject("Выполнение бизнес-плана/Заголовок дашборда"), 30): Scroll to object 'Object Repository/Выполнение бизнес-плана/Заголовок дашборда' successfully

11-12-2024T08:07:57 - [MESSAGE][PASSED] - Scroll to object 'Object Repository/Выполнение бизнес-плана/Заголовок дашборда' successfully

11-12-2024T08:07:57 - [TEST_STEP][PASSED] - click(findTestObject("Object Repository/Выполнение бизнес-плана/Применить в фильтре ДЗО")): Object: 'Object Repository/Выполнение бизнес-плана/Применить в фильтре ДЗО' is clicked on

11-12-2024T08:07:58 - [MESSAGE][PASSED] - Object: 'Object Repository/Выполнение бизнес-плана/Применить в фильтре ДЗО' is clicked on

11-12-2024T08:07:58 - [TEST_STEP][PASSED] - if (a == 82): null

11-12-2024T08:07:58 - [TEST_STEP][PASSED] - println(dzoNum): null

11-12-2024T08:07:58 - [TEST_STEP][PASSED] - dZO = "Россети Центр и Приволжье (ГК)": null

11-12-2024T08:07:58 - [TEST_STEP][PASSED] - a = 18: null

11-12-2024T08:07:58 - [TEST_STEP][PASSED] - if (x1.contains(dZO)): null

11-12-2024T08:07:58 - [TEST_STEP][PASSED] - dzoNum = dzoNum + 1: null

11-12-2024T08:07:58 - [TEST_STEP][PASSED] - Script1718980020443.Numbers(a, typeOfData, todaysDate, pageInt, fileInt, pageDouble, fileDouble, dZO, dzoNum, filialNum): null

11-12-2024T08:07:58 - [TEST_STEP][PASSED] - println(dzoNum): null

11-12-2024T08:07:58 - [TEST_STEP][PASSED] - planFact = <not implemented yet for class: org.codehaus.groovy.ast.expr.EmptyExpression>: null

11-12-2024T08:07:58 - [TEST_STEP][PASSED] - page = <not implemented yet for class: org.codehaus.groovy.ast.expr.EmptyExpression>: null

11-12-2024T08:07:58 - [TEST_STEP][PASSED] - page1 = <not implemented yet for class: org.codehaus.groovy.ast.expr.EmptyExpression>: null

11-12-2024T08:07:58 - [TEST_STEP][PASSED] - page2 = <not implemented yet for class: org.codehaus.groovy.ast.expr.EmptyExpression>: null

11-12-2024T08:07:58 - [TEST_STEP][PASSED] - filialNumberInRow = <not implemented yet for class: org.codehaus.groovy.ast.expr.EmptyExpression>: null

11-12-2024T08:07:58 - [TEST_STEP][PASSED] - filialsDzoNames = <not implemented yet for class: org.codehaus.groovy.ast.expr.EmptyExpression>: null

11-12-2024T08:07:58 - [TEST_STEP][PASSED] - numberOfFilials = <not implemented yet for class: org.codehaus.groovy.ast.expr.EmptyExpression>: null

11-12-2024T08:07:58 - [TEST_STEP][PASSED] - numberOfSpaces = <not implemented yet for class: org.codehaus.groovy.ast.expr.EmptyExpression>: null

11-12-2024T08:07:58 - [TEST_STEP][PASSED] - file = <not implemented yet for class: org.codehaus.groovy.ast.expr.EmptyExpression>: null

11-12-2024T08:07:58 - [TEST_STEP][PASSED] - otpusk = <not implemented yet for class: org.codehaus.groovy.ast.expr.EmptyExpression>: null

11-12-2024T08:07:58 - [TEST_STEP][PASSED] - poteri = <not implemented yet for class: org.codehaus.groovy.ast.expr.EmptyExpression>: null

11-12-2024T08:07:58 - [TEST_STEP][PASSED] - dataFolder = "Выполнение бизнес-плана/Значения со страницы Выполнение бизнес-плана/": null

11-12-2024T08:07:58 - [TEST_STEP][PASSED] - path = <not implemented yet for class: org.codehaus.groovy.ast.expr.EmptyExpression>: null

11-12-2024T08:07:58 - [TEST_STEP][PASSED] - typeOfDataMain = <not implemented yet for class: org.codehaus.groovy.ast.expr.EmptyExpression>: null

11-12-2024T08:07:58 - [TEST_STEP][PASSED] - fileOtpuskVSet = <not implemented yet for class: org.codehaus.groovy.ast.expr.EmptyExpression>: null

11-12-2024T08:07:58 - [TEST_STEP][PASSED] - pageOtpuskVSet = <not implemented yet for class: org.codehaus.groovy.ast.expr.EmptyExpression>: null

11-12-2024T08:07:58 - [TEST_STEP][PASSED] - filePoteri = <not implemented yet for class: org.codehaus.groovy.ast.expr.EmptyExpression>: null

11-12-2024T08:07:58 - [TEST_STEP][PASSED] - pagePoteri = <not implemented yet for class: org.codehaus.groovy.ast.expr.EmptyExpression>: null

11-12-2024T08:07:58 - [TEST_STEP][PASSED] - compare = <not implemented yet for class: org.codehaus.groovy.ast.expr.EmptyExpression>: null

11-12-2024T08:07:58 - [TEST_STEP][PASSED] - b = <not implemented yet for class: org.codehaus.groovy.ast.expr.EmptyExpression>: null

11-12-2024T08:07:58 - [TEST_STEP][PASSED] - i = <not implemented yet for class: org.codehaus.groovy.ast.expr.EmptyExpression>: null

11-12-2024T08:07:58 - [TEST_STEP][PASSED] - ii = <not implemented yet for class: org.codehaus.groovy.ast.expr.EmptyExpression>: null

11-12-2024T08:07:58 - [TEST_STEP][PASSED] - c = <not implemented yet for class: org.codehaus.groovy.ast.expr.EmptyExpression>: null

11-12-2024T08:07:58 - [TEST_STEP][PASSED] - numberOfErrors = 0: null

11-12-2024T08:07:58 - [TEST_STEP][PASSED] - if (a == 82): null

11-12-2024T08:07:58 - [TEST_STEP][PASSED] - b = findTestData("PlanFact").getValue(1, a): null

11-12-2024T08:07:58 - [TEST_STEP][PASSED] - i = b.indexOf(" (ГК)"): null

11-12-2024T08:07:58 - [TEST_STEP][PASSED] - if (i > -1): null

11-12-2024T08:07:58 - [TEST_STEP][PASSED] - b = b.substring(0, i): null

11-12-2024T08:07:58 - [TEST_STEP][PASSED] - b = b.trim(): null

11-12-2024T08:07:58 - [TEST_STEP][PASSED] - i = b.indexOf("О ""): null

11-12-2024T08:07:58 - [TEST_STEP][PASSED] - if (i > -1): null

11-12-2024T08:07:58 - [TEST_STEP][PASSED] - i = b.indexOf("О «"): null

11-12-2024T08:07:58 - [TEST_STEP][PASSED] - if (i > -1): null

11-12-2024T08:07:58 - [TEST_STEP][PASSED] - i = b.indexOf("г. "): null

11-12-2024T08:07:58 - [TEST_STEP][PASSED] - if (i > -1): null

11-12-2024T08:07:58 - [TEST_STEP][PASSED] - println(b): null

11-12-2024T08:07:58 - [TEST_STEP][PASSED] - for ([planFact = 1, planFact < 3, (planFact++)]): null

11-12-2024T08:07:58 - [TEST_STEP][PASSED] - if (planFact == 1): null

11-12-2024T08:07:58 - [TEST_STEP][PASSED] - typeOfDataMain = "Факт": null

11-12-2024T08:07:58 - [TEST_STEP][PASSED] - otpusk = findTestData("PlanFact").getValue(5, a): null

11-12-2024T08:07:58 - [TEST_STEP][PASSED] - poteri = findTestData("PlanFact").getValue(6, a): null

11-12-2024T08:07:58 - [TEST_STEP][PASSED] - otpusk = otpusk.replaceAll("\s+", ""): null

11-12-2024T08:07:58 - [TEST_STEP][PASSED] - poteri = poteri.replaceAll("\s+", ""): null

11-12-2024T08:07:58 - [TEST_STEP][PASSED] - typeOfData = typeOfDataMain + " Отпуск в сеть": null

11-12-2024T08:07:58 - [TEST_STEP][PASSED] - if (a == 82): null

11-12-2024T08:07:58 - [TEST_STEP][PASSED] - else if (a == 84): null

11-12-2024T08:07:58 - [TEST_STEP][PASSED] - else if (a == 52 || a == 72 || a == 28 || a == 73 || a == 77 || a == 74 || a == 65 || a == 36 || a == 44 || a == 53 || a == 80 || a == 54 || a == 1 || a == 18 || a == 59 || a == 81): null

11-12-2024T08:07:58 - [TEST_STEP][PASSED] - path = dataFolder + "Table Data/" + typeOfData + " за отчётный период " + dzoNum: null

11-12-2024T08:07:58 - [TEST_STEP][PASSED] - println(path): null

11-12-2024T08:07:58 - [TEST_STEP][PASSED] - page = getText(findTestObject(path)): Text of object 'Object Repository/Выполнение бизнес-плана/Значения со страницы Выполнение бизнес-плана/Table Data/Факт Отпуск в сеть за отчётный период 7' is: '45 596 339'

11-12-2024T08:08:25 - [MESSAGE][PASSED] - Text of object 'Object Repository/Выполнение бизнес-плана/Значения со страницы Выполнение бизнес-плана/Table Data/Факт Отпуск в сеть за отчётный период 7' is: '45 596 339'

11-12-2024T08:08:25 - [TEST_STEP][PASSED] - page = page.replaceAll("\s+", ""): null

11-12-2024T08:08:25 - [TEST_STEP][PASSED] - fileOtpuskVSet = otpusk.toInteger(): null

11-12-2024T08:08:25 - [TEST_STEP][PASSED] - pageOtpuskVSet = page.toInteger(): null

11-12-2024T08:08:25 - [TEST_STEP][PASSED] - typeOfData = typeOfDataMain + " Потери": null

11-12-2024T08:08:25 - [TEST_STEP][PASSED] - if (a == 82): null

11-12-2024T08:08:25 - [TEST_STEP][PASSED] - else if (a == 84): null

11-12-2024T08:08:25 - [TEST_STEP][PASSED] - else if (a == 52 || a == 72 || a == 28 || a == 73 || a == 77 || a == 74 || a == 65 || a == 36 || a == 44 || a == 53 || a == 80 || a == 54 || a == 1 || a == 18 || a == 59 || a == 81): null

11-12-2024T08:08:25 - [TEST_STEP][PASSED] - path = dataFolder + "Table Data/" + typeOfData + " за отчётный период " + dzoNum: null

11-12-2024T08:08:25 - [TEST_STEP][PASSED] - page = getText(findTestObject(path)): Text of object 'Object Repository/Выполнение бизнес-плана/Значения со страницы Выполнение бизнес-плана/Table Data/Факт Потери за отчётный период 7' is: '3 091 910'

11-12-2024T08:08:25 - [MESSAGE][PASSED] - Text of object 'Object Repository/Выполнение бизнес-плана/Значения со страницы Выполнение бизнес-плана/Table Data/Факт Потери за отчётный период 7' is: '3 091 910'

11-12-2024T08:08:25 - [TEST_STEP][PASSED] - page = page.replaceAll("\s+", ""): null

11-12-2024T08:08:25 - [TEST_STEP][PASSED] - filePoteri = poteri.toInteger(): null

11-12-2024T08:08:25 - [TEST_STEP][PASSED] - pagePoteri = page.toInteger(): null

11-12-2024T08:08:25 - [TEST_STEP][PASSED] - compare = pageOtpuskVSet: null

11-12-2024T08:08:25 - [TEST_STEP][PASSED] - if (compare == fileOtpuskVSet): null

11-12-2024T08:08:25 - [TEST_STEP][PASSED] - else if (compare > fileOtpuskVSet): null

11-12-2024T08:08:25 - [TEST_STEP][PASSED] - else if (compare < fileOtpuskVSet): null

11-12-2024T08:08:25 - [TEST_STEP][PASSED] - compare = compare + 1: null

11-12-2024T08:08:25 - [TEST_STEP][PASSED] - if (compare == fileOtpuskVSet): null

11-12-2024T08:08:25 - [TEST_STEP][PASSED] - else: null

11-12-2024T08:08:25 - [TEST_STEP][PASSED] - numberOfErrors = numberOfErrors + 1: null

11-12-2024T08:08:25 - [TEST_STEP][PASSED] - pageInt = pageOtpuskVSet: null

11-12-2024T08:08:25 - [TEST_STEP][PASSED] - fileInt = fileOtpuskVSet: null

11-12-2024T08:08:25 - [TEST_STEP][PASSED] - typeOfData = typeOfDataMain + " Отпуск в сеть": null

11-12-2024T08:08:25 - [TEST_STEP][PASSED] - Script1718980020443.WriteToExcel(a, typeOfData, todaysDate, pageInt, fileInt, pageDouble, fileDouble, dZO): null

11-12-2024T08:08:25 - [TEST_STEP][PASSED] - sheetName = "Sheet1": null

11-12-2024T08:08:25 - [TEST_STEP][PASSED] - data = findTestData("PlanFact"): null

11-12-2024T08:08:25 - [TEST_STEP][PASSED] - n = data.getRowNumbers() + 1: null

11-12-2024T08:08:25 - [TEST_STEP][PASSED] - year = todaysDate.substring(todaysDate.length() - 4, todaysDate.length()): null

11-12-2024T08:08:25 - [TEST_STEP][PASSED] - y = year.toInteger(): null

11-12-2024T08:08:25 - [TEST_STEP][PASSED] - m = getText(findTestObject("Выполнение бизнес-плана/Период")): Text of object 'Object Repository/Выполнение бизнес-плана/Период' is: '1, 2, 3 кв., Октябрь 2024 года'

11-12-2024T08:08:25 - [MESSAGE][PASSED] - Text of object 'Object Repository/Выполнение бизнес-плана/Период' is: '1, 2, 3 кв., Октябрь 2024 года'

11-12-2024T08:08:25 - [TEST_STEP][PASSED] - m = m.substring(0, m.indexOf("2024")): null

11-12-2024T08:08:25 - [TEST_STEP][PASSED] - m = m.trim(): null

11-12-2024T08:08:25 - [TEST_STEP][PASSED] - dashboardName = "Выполнение бизнес-плана": null

11-12-2024T08:08:25 - [TEST_STEP][PASSED] - workbook01 = getWorkbook(excelFilePath): null

11-12-2024T08:08:25 - [TEST_STEP][PASSED] - sheet01 = getExcelSheet(workbook01, sheetName): null

11-12-2024T08:08:25 - [TEST_STEP][PASSED] - setValueToCellByIndex(sheet01, n, 0, dashboardName): null

11-12-2024T08:08:25 - [TEST_STEP][PASSED] - setValueToCellByIndex(sheet01, n, 1, dZO): null

11-12-2024T08:08:25 - [TEST_STEP][PASSED] - setValueToCellByIndex(sheet01, n, 2, typeOfData): null

11-12-2024T08:08:25 - [TEST_STEP][PASSED] - if (typeOfData == "Факт в процентах" || typeOfData == "План в процентах"): null

11-12-2024T08:08:25 - [TEST_STEP][PASSED] - else: null

11-12-2024T08:08:25 - [TEST_STEP][PASSED] - setValueToCellByIndex(sheet01, n, 3, fileInt): null

11-12-2024T08:08:25 - [TEST_STEP][PASSED] - setValueToCellByIndex(sheet01, n, 4, pageInt): null

11-12-2024T08:08:25 - [TEST_STEP][PASSED] - setValueToCellByIndex(sheet01, n, 5, m): null

11-12-2024T08:08:25 - [TEST_STEP][PASSED] - setValueToCellByIndex(sheet01, n, 6, y): null

11-12-2024T08:08:25 - [TEST_STEP][PASSED] - setValueToCellByIndex(sheet01, n, 7, todaysDate): null

11-12-2024T08:08:25 - [TEST_STEP][PASSED] - n = n + 1: null

11-12-2024T08:08:25 - [TEST_STEP][PASSED] - saveWorkbook(excelFilePath, workbook01): null

11-12-2024T08:08:26 - [TEST_STEP][PASSED] - compare = pagePoteri: null

11-12-2024T08:08:26 - [TEST_STEP][PASSED] - if (compare == filePoteri): null

11-12-2024T08:08:26 - [TEST_STEP][PASSED] - else if (compare > filePoteri): null

11-12-2024T08:08:26 - [TEST_STEP][PASSED] - else if (compare < filePoteri): null

11-12-2024T08:08:26 - [TEST_STEP][PASSED] - compare = compare + 1: null

11-12-2024T08:08:26 - [TEST_STEP][PASSED] - if (compare == filePoteri): null

11-12-2024T08:08:26 - [TEST_STEP][PASSED] - else: null

11-12-2024T08:08:26 - [TEST_STEP][PASSED] - numberOfErrors = numberOfErrors + 1: null

11-12-2024T08:08:26 - [TEST_STEP][PASSED] - pageInt = pagePoteri: null

11-12-2024T08:08:26 - [TEST_STEP][PASSED] - fileInt = filePoteri: null

11-12-2024T08:08:26 - [TEST_STEP][PASSED] - typeOfData = typeOfDataMain + " Потери": null

11-12-2024T08:08:26 - [TEST_STEP][PASSED] - Script1718980020443.WriteToExcel(a, typeOfData, todaysDate, pageInt, fileInt, pageDouble, fileDouble, dZO): null

11-12-2024T08:08:26 - [TEST_STEP][PASSED] - sheetName = "Sheet1": null

11-12-2024T08:08:26 - [TEST_STEP][PASSED] - data = findTestData("PlanFact"): null

11-12-2024T08:08:26 - [TEST_STEP][PASSED] - n = data.getRowNumbers() + 1: null

11-12-2024T08:08:26 - [TEST_STEP][PASSED] - year = todaysDate.substring(todaysDate.length() - 4, todaysDate.length()): null

11-12-2024T08:08:26 - [TEST_STEP][PASSED] - y = year.toInteger(): null

11-12-2024T08:08:26 - [TEST_STEP][PASSED] - m = getText(findTestObject("Выполнение бизнес-плана/Период")): Text of object 'Object Repository/Выполнение бизнес-плана/Период' is: '1, 2, 3 кв., Октябрь 2024 года'

11-12-2024T08:08:26 - [MESSAGE][PASSED] - Text of object 'Object Repository/Выполнение бизнес-плана/Период' is: '1, 2, 3 кв., Октябрь 2024 года'

11-12-2024T08:08:26 - [TEST_STEP][PASSED] - m = m.substring(0, m.indexOf("2024")): null

11-12-2024T08:08:26 - [TEST_STEP][PASSED] - m = m.trim(): null

11-12-2024T08:08:26 - [TEST_STEP][PASSED] - dashboardName = "Выполнение бизнес-плана": null

11-12-2024T08:08:26 - [TEST_STEP][PASSED] - workbook01 = getWorkbook(excelFilePath): null

11-12-2024T08:08:26 - [TEST_STEP][PASSED] - sheet01 = getExcelSheet(workbook01, sheetName): null

11-12-2024T08:08:26 - [TEST_STEP][PASSED] - setValueToCellByIndex(sheet01, n, 0, dashboardName): null

11-12-2024T08:08:26 - [TEST_STEP][PASSED] - setValueToCellByIndex(sheet01, n, 1, dZO): null

11-12-2024T08:08:26 - [TEST_STEP][PASSED] - setValueToCellByIndex(sheet01, n, 2, typeOfData): null

11-12-2024T08:08:26 - [TEST_STEP][PASSED] - if (typeOfData == "Факт в процентах" || typeOfData == "План в процентах"): null

11-12-2024T08:08:26 - [TEST_STEP][PASSED] - else: null

11-12-2024T08:08:26 - [TEST_STEP][PASSED] - setValueToCellByIndex(sheet01, n, 3, fileInt): null

11-12-2024T08:08:26 - [TEST_STEP][PASSED] - setValueToCellByIndex(sheet01, n, 4, pageInt): null

11-12-2024T08:08:26 - [TEST_STEP][PASSED] - setValueToCellByIndex(sheet01, n, 5, m): null

11-12-2024T08:08:26 - [TEST_STEP][PASSED] - setValueToCellByIndex(sheet01, n, 6, y): null

11-12-2024T08:08:26 - [TEST_STEP][PASSED] - setValueToCellByIndex(sheet01, n, 7, todaysDate): null

11-12-2024T08:08:26 - [TEST_STEP][PASSED] - n = n + 1: null

11-12-2024T08:08:26 - [TEST_STEP][PASSED] - saveWorkbook(excelFilePath, workbook01): Object: 'Object Repository/Выполнение бизнес-плана/Кнопка Факт' is clicked on

11-12-2024T08:08:26 - [TEST_STEP][PASSED] - if (planFact == 2): null

11-12-2024T08:08:26 - [TEST_STEP][PASSED] - if (planFact == 1): null

11-12-2024T08:08:26 - [TEST_STEP][PASSED] - else if (planFact == 2): null

11-12-2024T08:08:26 - [TEST_STEP][PASSED] - click(findTestObject("Выполнение бизнес-плана/Кнопка План")): Object: 'Object Repository/Выполнение бизнес-плана/Кнопка План' is clicked on

11-12-2024T08:08:27 - [MESSAGE][PASSED] - Object: 'Object Repository/Выполнение бизнес-плана/Кнопка План' is clicked on

11-12-2024T08:08:27 - [TEST_STEP][PASSED] - typeOfDataMain = "План": null

11-12-2024T08:08:27 - [TEST_STEP][PASSED] - otpusk = findTestData("PlanFact").getValue(2, a): null

11-12-2024T08:08:27 - [TEST_STEP][PASSED] - poteri = findTestData("PlanFact").getValue(3, a): null

11-12-2024T08:08:27 - [TEST_STEP][PASSED] - otpusk = otpusk.replaceAll("\s+", ""): null

11-12-2024T08:08:27 - [TEST_STEP][PASSED] - poteri = poteri.replaceAll("\s+", ""): null

11-12-2024T08:08:27 - [TEST_STEP][PASSED] - typeOfData = typeOfDataMain + " Отпуск в сеть": null

11-12-2024T08:08:27 - [TEST_STEP][PASSED] - if (a == 82): null

11-12-2024T08:08:27 - [TEST_STEP][PASSED] - else if (a == 84): null

11-12-2024T08:08:27 - [TEST_STEP][PASSED] - else if (a == 52 || a == 72 || a == 28 || a == 73 || a == 77 || a == 74 || a == 65 || a == 36 || a == 44 || a == 53 || a == 80 || a == 54 || a == 1 || a == 18 || a == 59 || a == 81): null

11-12-2024T08:08:27 - [TEST_STEP][PASSED] - path = dataFolder + "Table Data/" + typeOfData + " за отчётный период " + dzoNum: null

11-12-2024T08:08:27 - [TEST_STEP][PASSED] - println(path): null

11-12-2024T08:08:27 - [TEST_STEP][PASSED] - page = getText(findTestObject(path)): Text of object 'Object Repository/Выполнение бизнес-плана/Значения со страницы Выполнение бизнес-плана/Table Data/План Отпуск в сеть за отчётный период 7' is: '44 041 851'

11-12-2024T08:08:27 - [MESSAGE][PASSED] - Text of object 'Object Repository/Выполнение бизнес-плана/Значения со страницы Выполнение бизнес-плана/Table Data/План Отпуск в сеть за отчётный период 7' is: '44 041 851'

11-12-2024T08:08:27 - [TEST_STEP][PASSED] - page = page.replaceAll("\s+", ""): null

11-12-2024T08:08:27 - [TEST_STEP][PASSED] - fileOtpuskVSet = otpusk.toInteger(): null

11-12-2024T08:08:27 - [TEST_STEP][PASSED] - pageOtpuskVSet = page.toInteger(): null

11-12-2024T08:08:27 - [TEST_STEP][PASSED] - typeOfData = typeOfDataMain + " Потери": null

11-12-2024T08:08:27 - [TEST_STEP][PASSED] - if (a == 82): null

11-12-2024T08:08:27 - [TEST_STEP][PASSED] - else if (a == 84): null

11-12-2024T08:08:27 - [TEST_STEP][PASSED] - else if (a == 52 || a == 72 || a == 28 || a == 73 || a == 77 || a == 74 || a == 65 || a == 36 || a == 44 || a == 53 || a == 80 || a == 54 || a == 1 || a == 18 || a == 59 || a == 81): null

11-12-2024T08:08:27 - [TEST_STEP][PASSED] - path = dataFolder + "Table Data/" + typeOfData + " за отчётный период " + dzoNum: null

11-12-2024T08:08:27 - [TEST_STEP][PASSED] - page = getText(findTestObject(path)): Text of object 'Object Repository/Выполнение бизнес-плана/Значения со страницы Выполнение бизнес-плана/Table Data/План Потери за отчётный период 7' is: '3 103 045'

11-12-2024T08:08:27 - [MESSAGE][PASSED] - Text of object 'Object Repository/Выполнение бизнес-плана/Значения со страницы Выполнение бизнес-плана/Table Data/План Потери за отчётный период 7' is: '3 103 045'

11-12-2024T08:08:27 - [TEST_STEP][PASSED] - page = page.replaceAll("\s+", ""): null

11-12-2024T08:08:27 - [TEST_STEP][PASSED] - filePoteri = poteri.toInteger(): null

11-12-2024T08:08:27 - [TEST_STEP][PASSED] - pagePoteri = page.toInteger(): null

11-12-2024T08:08:27 - [TEST_STEP][PASSED] - compare = pageOtpuskVSet: null

11-12-2024T08:08:27 - [TEST_STEP][PASSED] - if (compare == fileOtpuskVSet): null

11-12-2024T08:08:27 - [TEST_STEP][PASSED] - if (compare == fileOtpuskVSet): null

11-12-2024T08:08:27 - [TEST_STEP][PASSED] - compare = pagePoteri: null

11-12-2024T08:08:27 - [TEST_STEP][PASSED] - if (compare == filePoteri): null

11-12-2024T08:08:27 - [TEST_STEP][PASSED] - if (compare == filePoteri): null

11-12-2024T08:08:27 - [TEST_STEP][PASSED] - if (planFact == 2): Object: 'Object Repository/Выполнение бизнес-плана/Кнопка Факт' is clicked on

11-12-2024T08:08:27 - [TEST_STEP][PASSED] - click(findTestObject("Выполнение бизнес-плана/Кнопка Факт")): Object: 'Object Repository/Выполнение бизнес-плана/Кнопка Факт' is clicked on

11-12-2024T08:08:28 - [MESSAGE][PASSED] - Object: 'Object Repository/Выполнение бизнес-плана/Кнопка Факт' is clicked on

11-12-2024T08:08:28 - [TEST_STEP][PASSED] - if (a == 84 || a == 82): null

11-12-2024T08:08:28 - [TEST_STEP][PASSED] - else if (a == 52 || a == 72 || a == 28 || a == 73 || a == 77 || a == 74 || a == 65 || a == 36 || a == 44 || a == 53 || a == 80 || a == 54 || a == 1 || a == 18 || a == 59 || a == 81): null

11-12-2024T08:08:28 - [TEST_STEP][PASSED] - page1 = getText(findTestObject("Object Repository/Выполнение бизнес-плана/spanPlan" + dzoNum)): Text of object 'Object Repository/Выполнение бизнес-плана/spanPlan7' is: '7.04
|'

11-12-2024T08:08:28 - [MESSAGE][PASSED] - Text of object 'Object Repository/Выполнение бизнес-плана/spanPlan7' is: '7.04
|'

11-12-2024T08:08:28 - [TEST_STEP][PASSED] - page1 = page1.replace("|", ""): null

11-12-2024T08:08:28 - [TEST_STEP][PASSED] - page2 = getText(findTestObject("Object Repository/Выполнение бизнес-плана/spanFact" + dzoNum)): Text of object 'Object Repository/Выполнение бизнес-плана/spanFact7' is: '6.77'

11-12-2024T08:08:28 - [MESSAGE][PASSED] - Text of object 'Object Repository/Выполнение бизнес-плана/spanFact7' is: '6.77'

11-12-2024T08:08:28 - [TEST_STEP][PASSED] - page2 = page2.replace("|", ""): null

11-12-2024T08:08:28 - [TEST_STEP][PASSED] - println("page1: " + page1): null

11-12-2024T08:08:28 - [TEST_STEP][PASSED] - println("page2: " + page2): null

11-12-2024T08:08:28 - [TEST_STEP][PASSED] - file = findTestData("PlanFact").getValue(4, a): null

11-12-2024T08:08:28 - [TEST_STEP][PASSED] - file = file.replace(",", "."): null

11-12-2024T08:08:28 - [TEST_STEP][PASSED] - println("file Plan: " + file): null

11-12-2024T08:08:28 - [TEST_STEP][PASSED] - typeOfData = "План в процентах": null

11-12-2024T08:08:28 - [TEST_STEP][PASSED] - fileDouble = file.toDouble(): null

11-12-2024T08:08:28 - [TEST_STEP][PASSED] - pageDouble = page1.toDouble(): null

11-12-2024T08:08:28 - [TEST_STEP][PASSED] - if (fileDouble != pageDouble): null

11-12-2024T08:08:28 - [TEST_STEP][PASSED] - numberOfErrors = numberOfErrors + 1: null

11-12-2024T08:08:28 - [TEST_STEP][PASSED] - Script1718980020443.WriteToExcel(a, typeOfData, todaysDate, pageInt, fileInt, pageDouble, fileDouble, dZO): null

11-12-2024T08:08:28 - [TEST_STEP][PASSED] - sheetName = "Sheet1": null

11-12-2024T08:08:28 - [TEST_STEP][PASSED] - data = findTestData("PlanFact"): null

11-12-2024T08:08:28 - [TEST_STEP][PASSED] - n = data.getRowNumbers() + 1: null

11-12-2024T08:08:28 - [TEST_STEP][PASSED] - year = todaysDate.substring(todaysDate.length() - 4, todaysDate.length()): null

11-12-2024T08:08:28 - [TEST_STEP][PASSED] - y = year.toInteger(): null

11-12-2024T08:08:28 - [TEST_STEP][PASSED] - m = getText(findTestObject("Выполнение бизнес-плана/Период")): Text of object 'Object Repository/Выполнение бизнес-плана/Период' is: '1, 2, 3 кв., Октябрь 2024 года'

11-12-2024T08:08:29 - [MESSAGE][PASSED] - Text of object 'Object Repository/Выполнение бизнес-плана/Период' is: '1, 2, 3 кв., Октябрь 2024 года'

11-12-2024T08:08:29 - [TEST_STEP][PASSED] - m = m.substring(0, m.indexOf("2024")): null

11-12-2024T08:08:29 - [TEST_STEP][PASSED] - m = m.trim(): null

11-12-2024T08:08:29 - [TEST_STEP][PASSED] - dashboardName = "Выполнение бизнес-плана": null

11-12-2024T08:08:29 - [TEST_STEP][PASSED] - workbook01 = getWorkbook(excelFilePath): null

11-12-2024T08:08:29 - [TEST_STEP][PASSED] - sheet01 = getExcelSheet(workbook01, sheetName): null

11-12-2024T08:08:29 - [TEST_STEP][PASSED] - setValueToCellByIndex(sheet01, n, 0, dashboardName): null

11-12-2024T08:08:29 - [TEST_STEP][PASSED] - setValueToCellByIndex(sheet01, n, 1, dZO): null

11-12-2024T08:08:29 - [TEST_STEP][PASSED] - setValueToCellByIndex(sheet01, n, 2, typeOfData): null

11-12-2024T08:08:29 - [TEST_STEP][PASSED] - if (typeOfData == "Факт в процентах" || typeOfData == "План в процентах"): null

11-12-2024T08:08:29 - [TEST_STEP][PASSED] - setValueToCellByIndex(sheet01, n, 3, fileDouble): null

11-12-2024T08:08:29 - [TEST_STEP][PASSED] - setValueToCellByIndex(sheet01, n, 4, pageDouble): null

11-12-2024T08:08:29 - [TEST_STEP][PASSED] - setValueToCellByIndex(sheet01, n, 5, m): null

11-12-2024T08:08:29 - [TEST_STEP][PASSED] - setValueToCellByIndex(sheet01, n, 6, y): null

11-12-2024T08:08:29 - [TEST_STEP][PASSED] - setValueToCellByIndex(sheet01, n, 7, todaysDate): null

11-12-2024T08:08:29 - [TEST_STEP][PASSED] - n = n + 1: null

11-12-2024T08:08:29 - [TEST_STEP][PASSED] - saveWorkbook(excelFilePath, workbook01): null

11-12-2024T08:08:29 - [TEST_STEP][PASSED] - file = findTestData("PlanFact").getValue(7, a): null

11-12-2024T08:08:29 - [TEST_STEP][PASSED] - file = file.replace(",", "."): null

11-12-2024T08:08:29 - [TEST_STEP][PASSED] - println("file Fact: " + file): null

11-12-2024T08:08:29 - [TEST_STEP][PASSED] - fileDouble = file.toDouble(): null

11-12-2024T08:08:29 - [TEST_STEP][PASSED] - typeOfData = "Факт в процентах": null

11-12-2024T08:08:29 - [TEST_STEP][PASSED] - fileDouble = file.toDouble(): null

11-12-2024T08:08:29 - [TEST_STEP][PASSED] - pageDouble = page2.toDouble(): null

11-12-2024T08:08:29 - [TEST_STEP][PASSED] - if (fileDouble != pageDouble): null

11-12-2024T08:08:29 - [TEST_STEP][PASSED] - numberOfErrors = numberOfErrors + 1: null

11-12-2024T08:08:29 - [TEST_STEP][PASSED] - Script1718980020443.WriteToExcel(a, typeOfData, todaysDate, pageInt, fileInt, pageDouble, fileDouble, dZO): null

11-12-2024T08:08:29 - [TEST_STEP][PASSED] - sheetName = "Sheet1": null

11-12-2024T08:08:29 - [TEST_STEP][PASSED] - data = findTestData("PlanFact"): null

11-12-2024T08:08:29 - [TEST_STEP][PASSED] - n = data.getRowNumbers() + 1: null

11-12-2024T08:08:29 - [TEST_STEP][PASSED] - year = todaysDate.substring(todaysDate.length() - 4, todaysDate.length()): null

11-12-2024T08:08:29 - [TEST_STEP][PASSED] - y = year.toInteger(): null

11-12-2024T08:08:29 - [TEST_STEP][PASSED] - m = getText(findTestObject("Выполнение бизнес-плана/Период")): Text of object 'Object Repository/Выполнение бизнес-плана/Период' is: '1, 2, 3 кв., Октябрь 2024 года'

11-12-2024T08:08:29 - [MESSAGE][PASSED] - Text of object 'Object Repository/Выполнение бизнес-плана/Период' is: '1, 2, 3 кв., Октябрь 2024 года'

11-12-2024T08:08:29 - [TEST_STEP][PASSED] - m = m.substring(0, m.indexOf("2024")): null

11-12-2024T08:08:29 - [TEST_STEP][PASSED] - m = m.trim(): null

11-12-2024T08:08:29 - [TEST_STEP][PASSED] - dashboardName = "Выполнение бизнес-плана": null

11-12-2024T08:08:29 - [TEST_STEP][PASSED] - workbook01 = getWorkbook(excelFilePath): null

11-12-2024T08:08:29 - [TEST_STEP][PASSED] - sheet01 = getExcelSheet(workbook01, sheetName): null

11-12-2024T08:08:29 - [TEST_STEP][PASSED] - setValueToCellByIndex(sheet01, n, 0, dashboardName): null

11-12-2024T08:08:29 - [TEST_STEP][PASSED] - setValueToCellByIndex(sheet01, n, 1, dZO): null

11-12-2024T08:08:29 - [TEST_STEP][PASSED] - setValueToCellByIndex(sheet01, n, 2, typeOfData): null

11-12-2024T08:08:29 - [TEST_STEP][PASSED] - if (typeOfData == "Факт в процентах" || typeOfData == "План в процентах"): null

11-12-2024T08:08:29 - [TEST_STEP][PASSED] - setValueToCellByIndex(sheet01, n, 3, fileDouble): null

11-12-2024T08:08:29 - [TEST_STEP][PASSED] - setValueToCellByIndex(sheet01, n, 4, pageDouble): null

11-12-2024T08:08:29 - [TEST_STEP][PASSED] - setValueToCellByIndex(sheet01, n, 5, m): null

11-12-2024T08:08:29 - [TEST_STEP][PASSED] - setValueToCellByIndex(sheet01, n, 6, y): null

11-12-2024T08:08:29 - [TEST_STEP][PASSED] - setValueToCellByIndex(sheet01, n, 7, todaysDate): null

11-12-2024T08:08:29 - [TEST_STEP][PASSED] - n = n + 1: null

11-12-2024T08:08:29 - [TEST_STEP][PASSED] - saveWorkbook(excelFilePath, workbook01): null

11-12-2024T08:08:30 - [TEST_STEP][FAILED] - if (verifyEqual(numberOfErrors, 0) == false): null

11-12-2024T08:08:30 - [MESSAGE][FAILED] - Unable to verify equal between actual object '4' and expected object '0' (Root cause: com.kms.katalon.core.exception.StepFailedException: Actual object '4' and expected object '0' are not equal
	at com.kms.katalon.core.keyword.builtin.VerifyEqualKeyword$_verifyEqual_closure1.doCall(VerifyEqualKeyword.groovy:58)
	at com.kms.katalon.core.keyword.builtin.VerifyEqualKeyword$_verifyEqual_closure1.call(VerifyEqualKeyword.groovy)
	at com.kms.katalon.core.keyword.internal.KeywordMain.runKeyword(KeywordMain.groovy:75)
	at com.kms.katalon.core.keyword.builtin.VerifyEqualKeyword.verifyEqual(VerifyEqualKeyword.groovy:63)
	at com.kms.katalon.core.keyword.builtin.VerifyEqualKeyword.execute(VerifyEqualKeyword.groovy:44)
	at com.kms.katalon.core.keyword.internal.KeywordExecutor.executeKeywordForPlatform(KeywordExecutor.groovy:74)
	at com.kms.katalon.core.keyword.BuiltinKeywords.verifyEqual(BuiltinKeywords.groovy:146)
	at jdk.internal.reflect.GeneratedMethodAccessor24.invoke(Unknown Source)
	at java.base/jdk.internal.reflect.DelegatingMethodAccessorImpl.invoke(DelegatingMethodAccessorImpl.java:43)
	at Выполнение бизнес-плана Сверка ПАО Россети все филиалы.Numbers(Выполнение бизнес-плана Сверка ПАО Россети все филиалы:752)
	at Выполнение бизнес-плана Сверка ПАО Россети все филиалы.run(Выполнение бизнес-плана Сверка ПАО Россети все филиалы:414)
	at com.kms.katalon.core.main.ScriptEngine.run(ScriptEngine.java:194)
	at com.kms.katalon.core.main.ScriptEngine.runScriptAsRawText(ScriptEngine.java:119)
	at com.kms.katalon.core.main.TestCaseExecutor.runScript(TestCaseExecutor.java:448)
	at com.kms.katalon.core.main.TestCaseExecutor.doExecute(TestCaseExecutor.java:439)
	at com.kms.katalon.core.main.TestCaseExecutor.processExecutionPhase(TestCaseExecutor.java:418)
	at com.kms.katalon.core.main.TestCaseExecutor.accessMainPhase(TestCaseExecutor.java:410)
	at com.kms.katalon.core.main.TestCaseExecutor.execute(TestCaseExecutor.java:285)
	at com.kms.katalon.core.common.CommonExecutor.accessTestCaseMainPhase(CommonExecutor.java:65)
	at com.kms.katalon.core.main.TestSuiteExecutor.accessTestSuiteMainPhase(TestSuiteExecutor.java:150)
	at com.kms.katalon.core.main.TestSuiteExecutor.execute(TestSuiteExecutor.java:106)
	at com.kms.katalon.core.main.TestCaseMain.startTestSuite(TestCaseMain.java:180)
	at TempTestSuite1733892825375.run(TempTestSuite1733892825375.groovy:35)
	at java.base/jdk.internal.reflect.NativeMethodAccessorImpl.invoke0(Native Method)
	at java.base/jdk.internal.reflect.NativeMethodAccessorImpl.invoke(NativeMethodAccessorImpl.java:77)
	at java.base/jdk.internal.reflect.DelegatingMethodAccessorImpl.invoke(DelegatingMethodAccessorImpl.java:43)
)

11-12-2024T08:08:30 - [TEST_STEP][PASSED] - println(numberOfErrors): null

11-12-2024T08:08:30 - [TEST_STEP][PASSED] - if (a == 28 || a == 77 || a == 74 || a == 65 || a == 36 || a == 44 || a == 54 || a == 1 || a == 18 || a == 59): null

11-12-2024T08:08:30 - [TEST_STEP][PASSED] - Script1718980020443.Filials(a, typeOfData, todaysDate, pageInt, fileInt, pageDouble, fileDouble, dZO, dzoNum, filialNum): null

11-12-2024T08:08:30 - [TEST_STEP][PASSED] - i = <not implemented yet for class: org.codehaus.groovy.ast.expr.EmptyExpression>: null

11-12-2024T08:08:30 - [TEST_STEP][PASSED] - c = <not implemented yet for class: org.codehaus.groovy.ast.expr.EmptyExpression>: null

11-12-2024T08:08:30 - [TEST_STEP][PASSED] - page = <not implemented yet for class: org.codehaus.groovy.ast.expr.EmptyExpression>: null

11-12-2024T08:08:30 - [TEST_STEP][PASSED] - println(dZO): null

11-12-2024T08:08:30 - [TEST_STEP][PASSED] - reducedDZO = <not implemented yet for class: org.codehaus.groovy.ast.expr.EmptyExpression>: null

11-12-2024T08:08:30 - [TEST_STEP][PASSED] - reducedDZO = dZO.substring(dZO.indexOf(" ") + 1, dZO.length()): null

11-12-2024T08:08:30 - [TEST_STEP][PASSED] - if (reducedDZO.contains(" ")): null

11-12-2024T08:08:30 - [TEST_STEP][PASSED] - reducedDZO = reducedDZO.substring(reducedDZO.indexOf(" ") + 1, reducedDZO.length()): null

11-12-2024T08:08:30 - [TEST_STEP][PASSED] - if (reducedDZO.contains(" ")): null

11-12-2024T08:08:30 - [TEST_STEP][PASSED] - reducedDZO = reducedDZO.substring(reducedDZO.indexOf(" ") + 1, reducedDZO.length()): null

11-12-2024T08:08:30 - [TEST_STEP][PASSED] - println(reducedDZO): null

11-12-2024T08:08:30 - [TEST_STEP][PASSED] - dzoCut = <not implemented yet for class: org.codehaus.groovy.ast.expr.EmptyExpression>: null

11-12-2024T08:08:30 - [TEST_STEP][PASSED] - Script1718980020443.DZO(a): null

11-12-2024T08:08:30 - [TEST_STEP][PASSED] - Script1718980020443.OpenFilter(): null

11-12-2024T08:08:30 - [TEST_STEP][PASSED] - click(findTestObject("Object Repository/Выполнение бизнес-плана/Фильтр ДЗО")): Object: 'Object Repository/Выполнение бизнес-плана/Фильтр ДЗО' is clicked on

11-12-2024T08:08:30 - [MESSAGE][PASSED] - Object: 'Object Repository/Выполнение бизнес-плана/Фильтр ДЗО' is clicked on

11-12-2024T08:08:30 - [TEST_STEP][PASSED] - click(findTestObject("Выполнение бизнес-плана/Снять выделение в фильтре ДЗО")): Object: 'Object Repository/Выполнение бизнес-плана/Снять выделение в фильтре ДЗО' is clicked on

11-12-2024T08:08:30 - [MESSAGE][PASSED] - Object: 'Object Repository/Выполнение бизнес-плана/Снять выделение в фильтре ДЗО' is clicked on

11-12-2024T08:08:30 - [TEST_STEP][PASSED] - Script1718980020443.OpenRSK(): null

11-12-2024T08:08:30 - [TEST_STEP][PASSED] - click(findTestObject("Выполнение бизнес-плана/Раскрыть список ПАО Россети в фильтре ДЗО")): Object: 'Object Repository/Выполнение бизнес-плана/Раскрыть список ПАО Россети в фильтре ДЗО' is clicked on

11-12-2024T08:08:31 - [MESSAGE][PASSED] - Object: 'Object Repository/Выполнение бизнес-плана/Раскрыть список ПАО Россети в фильтре ДЗО' is clicked on

11-12-2024T08:08:31 - [TEST_STEP][PASSED] - click(findTestObject("Выполнение бизнес-плана/Раскрыть список РаспредКомплекс в фильтре ДЗО")): Object: 'Object Repository/Выполнение бизнес-плана/Раскрыть список РаспредКомплекс в фильтре ДЗО' is clicked on

11-12-2024T08:08:31 - [MESSAGE][PASSED] - Object: 'Object Repository/Выполнение бизнес-плана/Раскрыть список РаспредКомплекс в фильтре ДЗО' is clicked on

11-12-2024T08:08:31 - [TEST_STEP][PASSED] - if (a == 28): null

11-12-2024T08:08:31 - [TEST_STEP][PASSED] - if (a == 77): null

11-12-2024T08:08:31 - [TEST_STEP][PASSED] - if (a == 74): null

11-12-2024T08:08:31 - [TEST_STEP][PASSED] - if (a == 65): null

11-12-2024T08:08:31 - [TEST_STEP][PASSED] - if (a == 36): null

11-12-2024T08:08:31 - [TEST_STEP][PASSED] - if (a == 44): null

11-12-2024T08:08:31 - [TEST_STEP][PASSED] - if (a == 54): null

11-12-2024T08:08:31 - [TEST_STEP][PASSED] - if (a == 1): null

11-12-2024T08:08:31 - [TEST_STEP][PASSED] - if (a == 18): Object: 'Object Repository/Выполнение бизнес-плана/Россети Центр и Приволжье' is clicked on

11-12-2024T08:08:31 - [TEST_STEP][PASSED] - scrollToElement(findTestObject("Выполнение бизнес-плана/Россети Центр и Приволжье"), 30): Scroll to object 'Object Repository/Выполнение бизнес-плана/Россети Центр и Приволжье' successfully

11-12-2024T08:08:31 - [MESSAGE][PASSED] - Scroll to object 'Object Repository/Выполнение бизнес-плана/Россети Центр и Приволжье' successfully

11-12-2024T08:08:31 - [TEST_STEP][PASSED] - click(findTestObject("Выполнение бизнес-плана/Россети Центр и Приволжье")): Object: 'Object Repository/Выполнение бизнес-плана/Россети Центр и Приволжье' is clicked on

11-12-2024T08:08:32 - [MESSAGE][PASSED] - Object: 'Object Repository/Выполнение бизнес-плана/Россети Центр и Приволжье' is clicked on

11-12-2024T08:08:32 - [TEST_STEP][PASSED] - if (a == 59): null

11-12-2024T08:08:32 - [TEST_STEP][PASSED] - Script1718980020443.CloseFilter(): null

11-12-2024T08:08:32 - [TEST_STEP][PASSED] - scrollToElement(findTestObject("Выполнение бизнес-плана/Заголовок дашборда"), 30): Scroll to object 'Object Repository/Выполнение бизнес-плана/Заголовок дашборда' successfully

11-12-2024T08:08:32 - [MESSAGE][PASSED] - Scroll to object 'Object Repository/Выполнение бизнес-плана/Заголовок дашборда' successfully

11-12-2024T08:08:32 - [TEST_STEP][PASSED] - click(findTestObject("Object Repository/Выполнение бизнес-плана/Применить в фильтре ДЗО")): Object: 'Object Repository/Выполнение бизнес-плана/Применить в фильтре ДЗО' is clicked on

11-12-2024T08:08:33 - [MESSAGE][PASSED] - Object: 'Object Repository/Выполнение бизнес-плана/Применить в фильтре ДЗО' is clicked on

11-12-2024T08:08:33 - [TEST_STEP][PASSED] - Script1718980020443.ZakrytOpoveshenie(): null

11-12-2024T08:08:33 - [TEST_STEP][PASSED] - delay(10): Delayed 10 second(s)

11-12-2024T08:08:43 - [MESSAGE][PASSED] - Delayed 10 second(s)

11-12-2024T08:08:43 - [TEST_STEP][PASSED] - opoveshenie = getText(findTestObject("Выполнение бизнес-плана/Просьба обратить внимание")): Text of object 'Object Repository/Выполнение бизнес-плана/Просьба обратить внимание' is: ''

11-12-2024T08:09:01 - [MESSAGE][PASSED] - Text of object 'Object Repository/Выполнение бизнес-плана/Просьба обратить внимание' is: ''

11-12-2024T08:09:01 - [TEST_STEP][PASSED] - println(opoveshenie): null

11-12-2024T08:09:01 - [TEST_STEP][PASSED] - if (opoveshenie == "Просьба обратить внимание"): null

11-12-2024T08:09:01 - [TEST_STEP][PASSED] - page = getText(findTestObject("Object Repository/Выполнение бизнес-плана/Filials")): Text of object 'Object Repository/Выполнение бизнес-плана/Filials' is: 'Россети Центр и Приволжье (ГК)
0
10
20
30
40
50
60
70'

11-12-2024T08:09:01 - [MESSAGE][PASSED] - Text of object 'Object Repository/Выполнение бизнес-плана/Filials' is: 'Россети Центр и Приволжье (ГК)
0
10
20
30
40
50
60
70'

11-12-2024T08:09:01 - [TEST_STEP][PASSED] - println(page): null

11-12-2024T08:09:01 - [TEST_STEP][PASSED] - c = page.indexOf(reducedDZO): null

11-12-2024T08:09:01 - [TEST_STEP][PASSED] - if (c > -1): null

11-12-2024T08:09:01 - [TEST_STEP][PASSED] - click(findTestObject("Выполнение бизнес-плана/список")): Object: 'Object Repository/Выполнение бизнес-плана/список' is clicked on

11-12-2024T08:09:02 - [MESSAGE][PASSED] - Object: 'Object Repository/Выполнение бизнес-плана/список' is clicked on

11-12-2024T08:09:02 - [TEST_STEP][PASSED] - delay(10): Delayed 10 second(s)

11-12-2024T08:09:12 - [MESSAGE][PASSED] - Delayed 10 second(s)

11-12-2024T08:09:12 - [TEST_STEP][PASSED] - click(findTestObject("Выполнение бизнес-плана/Раскрытие списка")): Object: 'Object Repository/Выполнение бизнес-плана/Раскрытие списка' is clicked on

11-12-2024T08:09:12 - [MESSAGE][PASSED] - Object: 'Object Repository/Выполнение бизнес-плана/Раскрытие списка' is clicked on

11-12-2024T08:09:12 - [TEST_STEP][PASSED] - delay(10): Delayed 10 second(s)

11-12-2024T08:09:22 - [MESSAGE][PASSED] - Delayed 10 second(s)

11-12-2024T08:09:22 - [TEST_STEP][PASSED] - page = getText(findTestObject("Object Repository/Выполнение бизнес-плана/Filials")): Text of object 'Object Repository/Выполнение бизнес-плана/Filials' is: 'Владимирэнерго
Ивэнерго
Калугаэнерго
Кировэнерго
Мариэнерго
Нижновэнерго
Рязаньэнерго
Тулэнерго
Удмуртэнерго
0
10
20
30
40
50
60
70'

11-12-2024T08:09:23 - [MESSAGE][PASSED] - Text of object 'Object Repository/Выполнение бизнес-плана/Filials' is: 'Владимирэнерго
Ивэнерго
Калугаэнерго
Кировэнерго
Мариэнерго
Нижновэнерго
Рязаньэнерго
Тулэнерго
Удмуртэнерго
0
10
20
30
40
50
60
70'

11-12-2024T08:09:23 - [TEST_STEP][PASSED] - println(page): null

11-12-2024T08:09:23 - [TEST_STEP][PASSED] - c = page.indexOf(reducedDZO): null

11-12-2024T08:09:23 - [TEST_STEP][PASSED] - x2 = getText(findTestObject("Выполнение бизнес-плана/Список ДЗО старый")): Text of object 'Object Repository/Выполнение бизнес-плана/Список ДЗО старый' is: 'Владимирэнерго
Ивэнерго
Калугаэнерго
Кировэнерго
Мариэнерго
Нижновэнерго
Рязаньэнерго
Тулэнерго
Удмуртэнерго
0
10
20
30
40
50
60
70'

11-12-2024T08:09:23 - [MESSAGE][PASSED] - Text of object 'Object Repository/Выполнение бизнес-плана/Список ДЗО старый' is: 'Владимирэнерго
Ивэнерго
Калугаэнерго
Кировэнерго
Мариэнерго
Нижновэнерго
Рязаньэнерго
Тулэнерго
Удмуртэнерго
0
10
20
30
40
50
60
70'

11-12-2024T08:09:23 - [TEST_STEP][PASSED] - if (a == 28): null

11-12-2024T08:09:23 - [TEST_STEP][PASSED] - if (a == 77): null

11-12-2024T08:09:23 - [TEST_STEP][PASSED] - if (a == 74): null

11-12-2024T08:09:23 - [TEST_STEP][PASSED] - if (a == 65): null

11-12-2024T08:09:23 - [TEST_STEP][PASSED] - if (a == 1): null

11-12-2024T08:09:23 - [TEST_STEP][PASSED] - if (a == 18): null

11-12-2024T08:09:23 - [TEST_STEP][PASSED] - dZO = "Владимирэнерго": null

11-12-2024T08:09:23 - [TEST_STEP][PASSED] - a = 19: null

11-12-2024T08:09:23 - [TEST_STEP][PASSED] - if (x2.contains(dZO)): null

11-12-2024T08:09:23 - [TEST_STEP][PASSED] - filialNum = filialNum + 1: null

11-12-2024T08:09:23 - [TEST_STEP][PASSED] - Script1718980020443.Numbers(a, typeOfData, todaysDate, pageInt, fileInt, pageDouble, fileDouble, dZO, dzoNum, filialNum): null

11-12-2024T08:09:23 - [TEST_STEP][PASSED] - println(dzoNum): null

11-12-2024T08:09:23 - [TEST_STEP][PASSED] - planFact = <not implemented yet for class: org.codehaus.groovy.ast.expr.EmptyExpression>: null

11-12-2024T08:09:23 - [TEST_STEP][PASSED] - page = <not implemented yet for class: org.codehaus.groovy.ast.expr.EmptyExpression>: null

11-12-2024T08:09:23 - [TEST_STEP][PASSED] - page1 = <not implemented yet for class: org.codehaus.groovy.ast.expr.EmptyExpression>: null

11-12-2024T08:09:23 - [TEST_STEP][PASSED] - page2 = <not implemented yet for class: org.codehaus.groovy.ast.expr.EmptyExpression>: null

11-12-2024T08:09:23 - [TEST_STEP][PASSED] - filialNumberInRow = <not implemented yet for class: org.codehaus.groovy.ast.expr.EmptyExpression>: null

11-12-2024T08:09:23 - [TEST_STEP][PASSED] - filialsDzoNames = <not implemented yet for class: org.codehaus.groovy.ast.expr.EmptyExpression>: null

11-12-2024T08:09:23 - [TEST_STEP][PASSED] - numberOfFilials = <not implemented yet for class: org.codehaus.groovy.ast.expr.EmptyExpression>: null

11-12-2024T08:09:23 - [TEST_STEP][PASSED] - numberOfSpaces = <not implemented yet for class: org.codehaus.groovy.ast.expr.EmptyExpression>: null

11-12-2024T08:09:23 - [TEST_STEP][PASSED] - file = <not implemented yet for class: org.codehaus.groovy.ast.expr.EmptyExpression>: null

11-12-2024T08:09:23 - [TEST_STEP][PASSED] - otpusk = <not implemented yet for class: org.codehaus.groovy.ast.expr.EmptyExpression>: null

11-12-2024T08:09:23 - [TEST_STEP][PASSED] - poteri = <not implemented yet for class: org.codehaus.groovy.ast.expr.EmptyExpression>: null

11-12-2024T08:09:23 - [TEST_STEP][PASSED] - dataFolder = "Выполнение бизнес-плана/Значения со страницы Выполнение бизнес-плана/": null

11-12-2024T08:09:23 - [TEST_STEP][PASSED] - path = <not implemented yet for class: org.codehaus.groovy.ast.expr.EmptyExpression>: null

11-12-2024T08:09:23 - [TEST_STEP][PASSED] - typeOfDataMain = <not implemented yet for class: org.codehaus.groovy.ast.expr.EmptyExpression>: null

11-12-2024T08:09:23 - [TEST_STEP][PASSED] - fileOtpuskVSet = <not implemented yet for class: org.codehaus.groovy.ast.expr.EmptyExpression>: null

11-12-2024T08:09:23 - [TEST_STEP][PASSED] - pageOtpuskVSet = <not implemented yet for class: org.codehaus.groovy.ast.expr.EmptyExpression>: null

11-12-2024T08:09:23 - [TEST_STEP][PASSED] - filePoteri = <not implemented yet for class: org.codehaus.groovy.ast.expr.EmptyExpression>: null

11-12-2024T08:09:23 - [TEST_STEP][PASSED] - pagePoteri = <not implemented yet for class: org.codehaus.groovy.ast.expr.EmptyExpression>: null

11-12-2024T08:09:23 - [TEST_STEP][PASSED] - compare = <not implemented yet for class: org.codehaus.groovy.ast.expr.EmptyExpression>: null

11-12-2024T08:09:23 - [TEST_STEP][PASSED] - b = <not implemented yet for class: org.codehaus.groovy.ast.expr.EmptyExpression>: null

11-12-2024T08:09:23 - [TEST_STEP][PASSED] - i = <not implemented yet for class: org.codehaus.groovy.ast.expr.EmptyExpression>: null

11-12-2024T08:09:23 - [TEST_STEP][PASSED] - ii = <not implemented yet for class: org.codehaus.groovy.ast.expr.EmptyExpression>: null

11-12-2024T08:09:23 - [TEST_STEP][PASSED] - c = <not implemented yet for class: org.codehaus.groovy.ast.expr.EmptyExpression>: null

11-12-2024T08:09:23 - [TEST_STEP][PASSED] - numberOfErrors = 0: null

11-12-2024T08:09:23 - [TEST_STEP][PASSED] - if (a == 82): null

11-12-2024T08:09:23 - [TEST_STEP][PASSED] - b = findTestData("PlanFact").getValue(1, a): null

11-12-2024T08:09:23 - [TEST_STEP][PASSED] - i = b.indexOf(" (ГК)"): null

11-12-2024T08:09:23 - [TEST_STEP][PASSED] - if (i > -1): null

11-12-2024T08:09:23 - [TEST_STEP][PASSED] - i = b.indexOf("О ""): null

11-12-2024T08:09:23 - [TEST_STEP][PASSED] - if (i > -1): null

11-12-2024T08:09:23 - [TEST_STEP][PASSED] - i = b.indexOf("О «"): null

11-12-2024T08:09:23 - [TEST_STEP][PASSED] - if (i > -1): null

11-12-2024T08:09:23 - [TEST_STEP][PASSED] - i = b.indexOf("г. "): null

11-12-2024T08:09:23 - [TEST_STEP][PASSED] - if (i > -1): null

11-12-2024T08:09:23 - [TEST_STEP][PASSED] - println(b): null

11-12-2024T08:09:23 - [TEST_STEP][PASSED] - for ([planFact = 1, planFact < 3, (planFact++)]): Object: 'Object Repository/Выполнение бизнес-плана/Кнопка Факт' is clicked on

11-12-2024T08:09:23 - [TEST_STEP][PASSED] - if (planFact == 1): null

11-12-2024T08:09:23 - [TEST_STEP][PASSED] - typeOfDataMain = "Факт": null

11-12-2024T08:09:23 - [TEST_STEP][PASSED] - otpusk = findTestData("PlanFact").getValue(5, a): null

11-12-2024T08:09:23 - [TEST_STEP][PASSED] - poteri = findTestData("PlanFact").getValue(6, a): null

11-12-2024T08:09:23 - [TEST_STEP][PASSED] - otpusk = otpusk.replaceAll("\s+", ""): null

11-12-2024T08:09:23 - [TEST_STEP][PASSED] - poteri = poteri.replaceAll("\s+", ""): null

11-12-2024T08:09:23 - [TEST_STEP][PASSED] - typeOfData = typeOfDataMain + " Отпуск в сеть": null

11-12-2024T08:09:23 - [TEST_STEP][PASSED] - if (a == 82): null

11-12-2024T08:09:23 - [TEST_STEP][PASSED] - else if (a == 84): null

11-12-2024T08:09:23 - [TEST_STEP][PASSED] - else if (a == 52 || a == 72 || a == 28 || a == 73 || a == 77 || a == 74 || a == 65 || a == 36 || a == 44 || a == 53 || a == 80 || a == 54 || a == 1 || a == 18 || a == 59 || a == 81): null

11-12-2024T08:09:23 - [TEST_STEP][PASSED] - else: null

11-12-2024T08:09:23 - [TEST_STEP][PASSED] - path = dataFolder + typeOfData + " за отчётный период " + b: null

11-12-2024T08:09:23 - [TEST_STEP][PASSED] - println(path): null

11-12-2024T08:09:23 - [TEST_STEP][PASSED] - page = getText(findTestObject(path)): Text of object 'Object Repository/Выполнение бизнес-плана/Значения со страницы Выполнение бизнес-плана/Факт Отпуск в сеть за отчётный период Владимирэнерго' is: '5 105 395'

11-12-2024T08:09:23 - [MESSAGE][PASSED] - Text of object 'Object Repository/Выполнение бизнес-плана/Значения со страницы Выполнение бизнес-плана/Факт Отпуск в сеть за отчётный период Владимирэнерго' is: '5 105 395'

11-12-2024T08:09:23 - [TEST_STEP][PASSED] - page = page.replaceAll("\s+", ""): null

11-12-2024T08:09:23 - [TEST_STEP][PASSED] - fileOtpuskVSet = otpusk.toInteger(): null

11-12-2024T08:09:23 - [TEST_STEP][PASSED] - pageOtpuskVSet = page.toInteger(): null

11-12-2024T08:09:23 - [TEST_STEP][PASSED] - typeOfData = typeOfDataMain + " Потери": null

11-12-2024T08:09:23 - [TEST_STEP][PASSED] - if (a == 82): null

11-12-2024T08:09:23 - [TEST_STEP][PASSED] - else if (a == 84): null

11-12-2024T08:09:23 - [TEST_STEP][PASSED] - else if (a == 52 || a == 72 || a == 28 || a == 73 || a == 77 || a == 74 || a == 65 || a == 36 || a == 44 || a == 53 || a == 80 || a == 54 || a == 1 || a == 18 || a == 59 || a == 81): null

11-12-2024T08:09:23 - [TEST_STEP][PASSED] - else: null

11-12-2024T08:09:23 - [TEST_STEP][PASSED] - path = dataFolder + typeOfData + " за отчётный период " + b: null

11-12-2024T08:09:23 - [TEST_STEP][PASSED] - page = getText(findTestObject(path)): Text of object 'Object Repository/Выполнение бизнес-плана/Значения со страницы Выполнение бизнес-плана/Факт Потери за отчётный период Владимирэнерго' is: '288 455'

11-12-2024T08:09:24 - [MESSAGE][PASSED] - Text of object 'Object Repository/Выполнение бизнес-плана/Значения со страницы Выполнение бизнес-плана/Факт Потери за отчётный период Владимирэнерго' is: '288 455'

11-12-2024T08:09:24 - [TEST_STEP][PASSED] - page = page.replaceAll("\s+", ""): null

11-12-2024T08:09:24 - [TEST_STEP][PASSED] - filePoteri = poteri.toInteger(): null

11-12-2024T08:09:24 - [TEST_STEP][PASSED] - pagePoteri = page.toInteger(): null

11-12-2024T08:09:24 - [TEST_STEP][PASSED] - compare = pageOtpuskVSet: null

11-12-2024T08:09:24 - [TEST_STEP][PASSED] - if (compare == fileOtpuskVSet): null

11-12-2024T08:09:24 - [TEST_STEP][PASSED] - if (compare == fileOtpuskVSet): null

11-12-2024T08:09:24 - [TEST_STEP][PASSED] - compare = pagePoteri: null

11-12-2024T08:09:24 - [TEST_STEP][PASSED] - if (compare == filePoteri): null

11-12-2024T08:09:24 - [TEST_STEP][PASSED] - if (compare == filePoteri): null

11-12-2024T08:09:24 - [TEST_STEP][PASSED] - if (planFact == 2): null

11-12-2024T08:09:24 - [TEST_STEP][PASSED] - if (planFact == 1): null

11-12-2024T08:09:24 - [TEST_STEP][PASSED] - else if (planFact == 2): null

11-12-2024T08:09:24 - [TEST_STEP][PASSED] - click(findTestObject("Выполнение бизнес-плана/Кнопка План")): Object: 'Object Repository/Выполнение бизнес-плана/Кнопка План' is clicked on

11-12-2024T08:09:24 - [MESSAGE][PASSED] - Object: 'Object Repository/Выполнение бизнес-плана/Кнопка План' is clicked on

11-12-2024T08:09:24 - [TEST_STEP][PASSED] - typeOfDataMain = "План": null

11-12-2024T08:09:24 - [TEST_STEP][PASSED] - otpusk = findTestData("PlanFact").getValue(2, a): null

11-12-2024T08:09:24 - [TEST_STEP][PASSED] - poteri = findTestData("PlanFact").getValue(3, a): null

11-12-2024T08:09:24 - [TEST_STEP][PASSED] - otpusk = otpusk.replaceAll("\s+", ""): null

11-12-2024T08:09:24 - [TEST_STEP][PASSED] - poteri = poteri.replaceAll("\s+", ""): null

11-12-2024T08:09:24 - [TEST_STEP][PASSED] - typeOfData = typeOfDataMain + " Отпуск в сеть": null

11-12-2024T08:09:24 - [TEST_STEP][PASSED] - if (a == 82): null

11-12-2024T08:09:24 - [TEST_STEP][PASSED] - else if (a == 84): null

11-12-2024T08:09:24 - [TEST_STEP][PASSED] - else if (a == 52 || a == 72 || a == 28 || a == 73 || a == 77 || a == 74 || a == 65 || a == 36 || a == 44 || a == 53 || a == 80 || a == 54 || a == 1 || a == 18 || a == 59 || a == 81): null

11-12-2024T08:09:24 - [TEST_STEP][PASSED] - else: null

11-12-2024T08:09:24 - [TEST_STEP][PASSED] - path = dataFolder + typeOfData + " за отчётный период " + b: null

11-12-2024T08:09:24 - [TEST_STEP][PASSED] - println(path): null

11-12-2024T08:09:24 - [TEST_STEP][PASSED] - page = getText(findTestObject(path)): Text of object 'Object Repository/Выполнение бизнес-плана/Значения со страницы Выполнение бизнес-плана/План Отпуск в сеть за отчётный период Владимирэнерго' is: '4 922 280'

11-12-2024T08:09:24 - [MESSAGE][PASSED] - Text of object 'Object Repository/Выполнение бизнес-плана/Значения со страницы Выполнение бизнес-плана/План Отпуск в сеть за отчётный период Владимирэнерго' is: '4 922 280'

11-12-2024T08:09:24 - [TEST_STEP][PASSED] - page = page.replaceAll("\s+", ""): null

11-12-2024T08:09:24 - [TEST_STEP][PASSED] - fileOtpuskVSet = otpusk.toInteger(): null

11-12-2024T08:09:24 - [TEST_STEP][PASSED] - pageOtpuskVSet = page.toInteger(): null

11-12-2024T08:09:24 - [TEST_STEP][PASSED] - typeOfData = typeOfDataMain + " Потери": null

11-12-2024T08:09:24 - [TEST_STEP][PASSED] - if (a == 82): null

11-12-2024T08:09:24 - [TEST_STEP][PASSED] - else if (a == 84): null

11-12-2024T08:09:24 - [TEST_STEP][PASSED] - else if (a == 52 || a == 72 || a == 28 || a == 73 || a == 77 || a == 74 || a == 65 || a == 36 || a == 44 || a == 53 || a == 80 || a == 54 || a == 1 || a == 18 || a == 59 || a == 81): null

11-12-2024T08:09:24 - [TEST_STEP][PASSED] - else: null

11-12-2024T08:09:24 - [TEST_STEP][PASSED] - path = dataFolder + typeOfData + " за отчётный период " + b: null

11-12-2024T08:09:24 - [TEST_STEP][PASSED] - page = getText(findTestObject(path)): Text of object 'Object Repository/Выполнение бизнес-плана/Значения со страницы Выполнение бизнес-плана/План Потери за отчётный период Владимирэнерго' is: '310 726'

11-12-2024T08:09:25 - [MESSAGE][PASSED] - Text of object 'Object Repository/Выполнение бизнес-плана/Значения со страницы Выполнение бизнес-плана/План Потери за отчётный период Владимирэнерго' is: '310 726'

11-12-2024T08:09:25 - [TEST_STEP][PASSED] - page = page.replaceAll("\s+", ""): null

11-12-2024T08:09:25 - [TEST_STEP][PASSED] - filePoteri = poteri.toInteger(): null

11-12-2024T08:09:25 - [TEST_STEP][PASSED] - pagePoteri = page.toInteger(): null

11-12-2024T08:09:25 - [TEST_STEP][PASSED] - compare = pageOtpuskVSet: null

11-12-2024T08:09:25 - [TEST_STEP][PASSED] - if (compare == fileOtpuskVSet): null

11-12-2024T08:09:25 - [TEST_STEP][PASSED] - if (compare == fileOtpuskVSet): null

11-12-2024T08:09:25 - [TEST_STEP][PASSED] - compare = pagePoteri: null

11-12-2024T08:09:25 - [TEST_STEP][PASSED] - if (compare == filePoteri): null

11-12-2024T08:09:25 - [TEST_STEP][PASSED] - if (compare == filePoteri): null

11-12-2024T08:09:25 - [TEST_STEP][PASSED] - if (planFact == 2): Object: 'Object Repository/Выполнение бизнес-плана/Кнопка Факт' is clicked on

11-12-2024T08:09:25 - [TEST_STEP][PASSED] - click(findTestObject("Выполнение бизнес-плана/Кнопка Факт")): Object: 'Object Repository/Выполнение бизнес-плана/Кнопка Факт' is clicked on

11-12-2024T08:09:25 - [MESSAGE][PASSED] - Object: 'Object Repository/Выполнение бизнес-плана/Кнопка Факт' is clicked on

11-12-2024T08:09:25 - [TEST_STEP][PASSED] - if (a == 84 || a == 82): null

11-12-2024T08:09:25 - [TEST_STEP][PASSED] - else if (a == 52 || a == 72 || a == 28 || a == 73 || a == 77 || a == 74 || a == 65 || a == 36 || a == 44 || a == 53 || a == 80 || a == 54 || a == 1 || a == 18 || a == 59 || a == 81): null

11-12-2024T08:09:25 - [TEST_STEP][PASSED] - else: null

11-12-2024T08:09:25 - [TEST_STEP][PASSED] - page1 = getText(findTestObject("Object Repository/Выполнение бизнес-плана/spanPlan" + filialNum)): Text of object 'Object Repository/Выполнение бизнес-плана/spanPlan1' is: '6.31
|'

11-12-2024T08:09:25 - [MESSAGE][PASSED] - Text of object 'Object Repository/Выполнение бизнес-плана/spanPlan1' is: '6.31
|'

11-12-2024T08:09:25 - [TEST_STEP][PASSED] - page1 = page1.replace("|", ""): null

11-12-2024T08:09:25 - [TEST_STEP][PASSED] - page2 = getText(findTestObject("Object Repository/Выполнение бизнес-плана/spanFact" + filialNum)): Text of object 'Object Repository/Выполнение бизнес-плана/spanFact1' is: '5.65
|'

11-12-2024T08:09:26 - [MESSAGE][PASSED] - Text of object 'Object Repository/Выполнение бизнес-плана/spanFact1' is: '5.65
|'

11-12-2024T08:09:26 - [TEST_STEP][PASSED] - page2 = page2.replace("|", ""): null

11-12-2024T08:09:26 - [TEST_STEP][PASSED] - println("page1: " + page1): null

11-12-2024T08:09:26 - [TEST_STEP][PASSED] - println("page2: " + page2): null

11-12-2024T08:09:26 - [TEST_STEP][PASSED] - file = findTestData("PlanFact").getValue(4, a): null

11-12-2024T08:09:26 - [TEST_STEP][PASSED] - file = file.replace(",", "."): null

11-12-2024T08:09:26 - [TEST_STEP][PASSED] - println("file Plan: " + file): null

11-12-2024T08:09:26 - [TEST_STEP][PASSED] - typeOfData = "План в процентах": null

11-12-2024T08:09:26 - [TEST_STEP][PASSED] - fileDouble = file.toDouble(): null

11-12-2024T08:09:26 - [TEST_STEP][PASSED] - pageDouble = page1.toDouble(): null

11-12-2024T08:09:26 - [TEST_STEP][PASSED] - if (fileDouble != pageDouble): null

11-12-2024T08:09:26 - [TEST_STEP][PASSED] - file = findTestData("PlanFact").getValue(7, a): null

11-12-2024T08:09:26 - [TEST_STEP][PASSED] - file = file.replace(",", "."): null

11-12-2024T08:09:26 - [TEST_STEP][PASSED] - println("file Fact: " + file): null

11-12-2024T08:09:26 - [TEST_STEP][PASSED] - fileDouble = file.toDouble(): null

11-12-2024T08:09:26 - [TEST_STEP][PASSED] - typeOfData = "Факт в процентах": null

11-12-2024T08:09:26 - [TEST_STEP][PASSED] - fileDouble = file.toDouble(): null

11-12-2024T08:09:26 - [TEST_STEP][PASSED] - pageDouble = page2.toDouble(): null

11-12-2024T08:09:26 - [TEST_STEP][PASSED] - if (fileDouble != pageDouble): null

11-12-2024T08:09:26 - [TEST_STEP][PASSED] - if (verifyEqual(numberOfErrors, 0) == false): Actual object '0' and expected object '0' are equal

11-12-2024T08:09:26 - [MESSAGE][PASSED] - Actual object '0' and expected object '0' are equal

11-12-2024T08:09:26 - [TEST_STEP][PASSED] - if (a == 82): null

11-12-2024T08:09:26 - [TEST_STEP][PASSED] - dZO = "Ивэнерго": null

11-12-2024T08:09:26 - [TEST_STEP][PASSED] - a = 20: null

11-12-2024T08:09:26 - [TEST_STEP][PASSED] - if (x2.contains(dZO)): null

11-12-2024T08:09:26 - [TEST_STEP][PASSED] - filialNum = filialNum + 1: null

11-12-2024T08:09:26 - [TEST_STEP][PASSED] - Script1718980020443.Numbers(a, typeOfData, todaysDate, pageInt, fileInt, pageDouble, fileDouble, dZO, dzoNum, filialNum): null

11-12-2024T08:09:26 - [TEST_STEP][PASSED] - println(dzoNum): null

11-12-2024T08:09:26 - [TEST_STEP][PASSED] - planFact = <not implemented yet for class: org.codehaus.groovy.ast.expr.EmptyExpression>: null

11-12-2024T08:09:26 - [TEST_STEP][PASSED] - page = <not implemented yet for class: org.codehaus.groovy.ast.expr.EmptyExpression>: null

11-12-2024T08:09:26 - [TEST_STEP][PASSED] - page1 = <not implemented yet for class: org.codehaus.groovy.ast.expr.EmptyExpression>: null

11-12-2024T08:09:26 - [TEST_STEP][PASSED] - page2 = <not implemented yet for class: org.codehaus.groovy.ast.expr.EmptyExpression>: null

11-12-2024T08:09:26 - [TEST_STEP][PASSED] - filialNumberInRow = <not implemented yet for class: org.codehaus.groovy.ast.expr.EmptyExpression>: null

11-12-2024T08:09:26 - [TEST_STEP][PASSED] - filialsDzoNames = <not implemented yet for class: org.codehaus.groovy.ast.expr.EmptyExpression>: null

11-12-2024T08:09:26 - [TEST_STEP][PASSED] - numberOfFilials = <not implemented yet for class: org.codehaus.groovy.ast.expr.EmptyExpression>: null

11-12-2024T08:09:26 - [TEST_STEP][PASSED] - numberOfSpaces = <not implemented yet for class: org.codehaus.groovy.ast.expr.EmptyExpression>: null

11-12-2024T08:09:26 - [TEST_STEP][PASSED] - file = <not implemented yet for class: org.codehaus.groovy.ast.expr.EmptyExpression>: null

11-12-2024T08:09:26 - [TEST_STEP][PASSED] - otpusk = <not implemented yet for class: org.codehaus.groovy.ast.expr.EmptyExpression>: null

11-12-2024T08:09:26 - [TEST_STEP][PASSED] - poteri = <not implemented yet for class: org.codehaus.groovy.ast.expr.EmptyExpression>: null

11-12-2024T08:09:26 - [TEST_STEP][PASSED] - dataFolder = "Выполнение бизнес-плана/Значения со страницы Выполнение бизнес-плана/": null

11-12-2024T08:09:26 - [TEST_STEP][PASSED] - path = <not implemented yet for class: org.codehaus.groovy.ast.expr.EmptyExpression>: null

11-12-2024T08:09:26 - [TEST_STEP][PASSED] - typeOfDataMain = <not implemented yet for class: org.codehaus.groovy.ast.expr.EmptyExpression>: null

11-12-2024T08:09:26 - [TEST_STEP][PASSED] - fileOtpuskVSet = <not implemented yet for class: org.codehaus.groovy.ast.expr.EmptyExpression>: null

11-12-2024T08:09:26 - [TEST_STEP][PASSED] - pageOtpuskVSet = <not implemented yet for class: org.codehaus.groovy.ast.expr.EmptyExpression>: null

11-12-2024T08:09:26 - [TEST_STEP][PASSED] - filePoteri = <not implemented yet for class: org.codehaus.groovy.ast.expr.EmptyExpression>: null

11-12-2024T08:09:26 - [TEST_STEP][PASSED] - pagePoteri = <not implemented yet for class: org.codehaus.groovy.ast.expr.EmptyExpression>: null

11-12-2024T08:09:26 - [TEST_STEP][PASSED] - compare = <not implemented yet for class: org.codehaus.groovy.ast.expr.EmptyExpression>: null

11-12-2024T08:09:26 - [TEST_STEP][PASSED] - b = <not implemented yet for class: org.codehaus.groovy.ast.expr.EmptyExpression>: null

11-12-2024T08:09:26 - [TEST_STEP][PASSED] - i = <not implemented yet for class: org.codehaus.groovy.ast.expr.EmptyExpression>: null

11-12-2024T08:09:26 - [TEST_STEP][PASSED] - ii = <not implemented yet for class: org.codehaus.groovy.ast.expr.EmptyExpression>: null

11-12-2024T08:09:26 - [TEST_STEP][PASSED] - c = <not implemented yet for class: org.codehaus.groovy.ast.expr.EmptyExpression>: null

11-12-2024T08:09:26 - [TEST_STEP][PASSED] - numberOfErrors = 0: null

11-12-2024T08:09:26 - [TEST_STEP][PASSED] - if (a == 82): null

11-12-2024T08:09:26 - [TEST_STEP][PASSED] - b = findTestData("PlanFact").getValue(1, a): null

11-12-2024T08:09:26 - [TEST_STEP][PASSED] - i = b.indexOf(" (ГК)"): null

11-12-2024T08:09:26 - [TEST_STEP][PASSED] - if (i > -1): null

11-12-2024T08:09:26 - [TEST_STEP][PASSED] - i = b.indexOf("О ""): null

11-12-2024T08:09:26 - [TEST_STEP][PASSED] - if (i > -1): null

11-12-2024T08:09:26 - [TEST_STEP][PASSED] - i = b.indexOf("О «"): null

11-12-2024T08:09:26 - [TEST_STEP][PASSED] - if (i > -1): null

11-12-2024T08:09:26 - [TEST_STEP][PASSED] - i = b.indexOf("г. "): null

11-12-2024T08:09:26 - [TEST_STEP][PASSED] - if (i > -1): null

11-12-2024T08:09:26 - [TEST_STEP][PASSED] - println(b): null

11-12-2024T08:09:26 - [TEST_STEP][PASSED] - for ([planFact = 1, planFact < 3, (planFact++)]): Object: 'Object Repository/Выполнение бизнес-плана/Кнопка Факт' is clicked on

11-12-2024T08:09:26 - [TEST_STEP][PASSED] - if (planFact == 1): null

11-12-2024T08:09:26 - [TEST_STEP][PASSED] - typeOfDataMain = "Факт": null

11-12-2024T08:09:26 - [TEST_STEP][PASSED] - otpusk = findTestData("PlanFact").getValue(5, a): null

11-12-2024T08:09:26 - [TEST_STEP][PASSED] - poteri = findTestData("PlanFact").getValue(6, a): null

11-12-2024T08:09:26 - [TEST_STEP][PASSED] - otpusk = otpusk.replaceAll("\s+", ""): null

11-12-2024T08:09:26 - [TEST_STEP][PASSED] - poteri = poteri.replaceAll("\s+", ""): null

11-12-2024T08:09:26 - [TEST_STEP][PASSED] - typeOfData = typeOfDataMain + " Отпуск в сеть": null

11-12-2024T08:09:26 - [TEST_STEP][PASSED] - if (a == 82): null

11-12-2024T08:09:26 - [TEST_STEP][PASSED] - else if (a == 84): null

11-12-2024T08:09:26 - [TEST_STEP][PASSED] - else if (a == 52 || a == 72 || a == 28 || a == 73 || a == 77 || a == 74 || a == 65 || a == 36 || a == 44 || a == 53 || a == 80 || a == 54 || a == 1 || a == 18 || a == 59 || a == 81): null

11-12-2024T08:09:26 - [TEST_STEP][PASSED] - else: null

11-12-2024T08:09:26 - [TEST_STEP][PASSED] - path = dataFolder + typeOfData + " за отчётный период " + b: null

11-12-2024T08:09:26 - [TEST_STEP][PASSED] - println(path): null

11-12-2024T08:09:26 - [TEST_STEP][PASSED] - page = getText(findTestObject(path)): Text of object 'Object Repository/Выполнение бизнес-плана/Значения со страницы Выполнение бизнес-плана/Факт Отпуск в сеть за отчётный период Ивэнерго' is: '2 546 222'

11-12-2024T08:09:26 - [MESSAGE][PASSED] - Text of object 'Object Repository/Выполнение бизнес-плана/Значения со страницы Выполнение бизнес-плана/Факт Отпуск в сеть за отчётный период Ивэнерго' is: '2 546 222'

11-12-2024T08:09:26 - [TEST_STEP][PASSED] - page = page.replaceAll("\s+", ""): null

11-12-2024T08:09:26 - [TEST_STEP][PASSED] - fileOtpuskVSet = otpusk.toInteger(): null

11-12-2024T08:09:26 - [TEST_STEP][PASSED] - pageOtpuskVSet = page.toInteger(): null

11-12-2024T08:09:26 - [TEST_STEP][PASSED] - typeOfData = typeOfDataMain + " Потери": null

11-12-2024T08:09:26 - [TEST_STEP][PASSED] - if (a == 82): null

11-12-2024T08:09:26 - [TEST_STEP][PASSED] - else if (a == 84): null

11-12-2024T08:09:26 - [TEST_STEP][PASSED] - else if (a == 52 || a == 72 || a == 28 || a == 73 || a == 77 || a == 74 || a == 65 || a == 36 || a == 44 || a == 53 || a == 80 || a == 54 || a == 1 || a == 18 || a == 59 || a == 81): null

11-12-2024T08:09:26 - [TEST_STEP][PASSED] - else: null

11-12-2024T08:09:26 - [TEST_STEP][PASSED] - path = dataFolder + typeOfData + " за отчётный период " + b: null

11-12-2024T08:09:26 - [TEST_STEP][PASSED] - page = getText(findTestObject(path)): Text of object 'Object Repository/Выполнение бизнес-плана/Значения со страницы Выполнение бизнес-плана/Факт Потери за отчётный период Ивэнерго' is: '222 997'

11-12-2024T08:09:27 - [MESSAGE][PASSED] - Text of object 'Object Repository/Выполнение бизнес-плана/Значения со страницы Выполнение бизнес-плана/Факт Потери за отчётный период Ивэнерго' is: '222 997'

11-12-2024T08:09:27 - [TEST_STEP][PASSED] - page = page.replaceAll("\s+", ""): null

11-12-2024T08:09:27 - [TEST_STEP][PASSED] - filePoteri = poteri.toInteger(): null

11-12-2024T08:09:27 - [TEST_STEP][PASSED] - pagePoteri = page.toInteger(): null

11-12-2024T08:09:27 - [TEST_STEP][PASSED] - compare = pageOtpuskVSet: null

11-12-2024T08:09:27 - [TEST_STEP][PASSED] - if (compare == fileOtpuskVSet): null

11-12-2024T08:09:27 - [TEST_STEP][PASSED] - if (compare == fileOtpuskVSet): null

11-12-2024T08:09:27 - [TEST_STEP][PASSED] - compare = pagePoteri: null

11-12-2024T08:09:27 - [TEST_STEP][PASSED] - if (compare == filePoteri): null

11-12-2024T08:09:27 - [TEST_STEP][PASSED] - if (compare == filePoteri): null

11-12-2024T08:09:27 - [TEST_STEP][PASSED] - if (planFact == 2): null

11-12-2024T08:09:27 - [TEST_STEP][PASSED] - if (planFact == 1): null

11-12-2024T08:09:27 - [TEST_STEP][PASSED] - else if (planFact == 2): null

11-12-2024T08:09:27 - [TEST_STEP][PASSED] - click(findTestObject("Выполнение бизнес-плана/Кнопка План")): Object: 'Object Repository/Выполнение бизнес-плана/Кнопка План' is clicked on

11-12-2024T08:09:27 - [MESSAGE][PASSED] - Object: 'Object Repository/Выполнение бизнес-плана/Кнопка План' is clicked on

11-12-2024T08:09:27 - [TEST_STEP][PASSED] - typeOfDataMain = "План": null

11-12-2024T08:09:27 - [TEST_STEP][PASSED] - otpusk = findTestData("PlanFact").getValue(2, a): null

11-12-2024T08:09:27 - [TEST_STEP][PASSED] - poteri = findTestData("PlanFact").getValue(3, a): null

11-12-2024T08:09:27 - [TEST_STEP][PASSED] - otpusk = otpusk.replaceAll("\s+", ""): null

11-12-2024T08:09:27 - [TEST_STEP][PASSED] - poteri = poteri.replaceAll("\s+", ""): null

11-12-2024T08:09:27 - [TEST_STEP][PASSED] - typeOfData = typeOfDataMain + " Отпуск в сеть": null

11-12-2024T08:09:27 - [TEST_STEP][PASSED] - if (a == 82): null

11-12-2024T08:09:27 - [TEST_STEP][PASSED] - else if (a == 84): null

11-12-2024T08:09:27 - [TEST_STEP][PASSED] - else if (a == 52 || a == 72 || a == 28 || a == 73 || a == 77 || a == 74 || a == 65 || a == 36 || a == 44 || a == 53 || a == 80 || a == 54 || a == 1 || a == 18 || a == 59 || a == 81): null

11-12-2024T08:09:27 - [TEST_STEP][PASSED] - else: null

11-12-2024T08:09:27 - [TEST_STEP][PASSED] - path = dataFolder + typeOfData + " за отчётный период " + b: null

11-12-2024T08:09:27 - [TEST_STEP][PASSED] - println(path): null

11-12-2024T08:09:27 - [TEST_STEP][PASSED] - page = getText(findTestObject(path)): Text of object 'Object Repository/Выполнение бизнес-плана/Значения со страницы Выполнение бизнес-плана/План Отпуск в сеть за отчётный период Ивэнерго' is: '2 456 994'

11-12-2024T08:09:27 - [MESSAGE][PASSED] - Text of object 'Object Repository/Выполнение бизнес-плана/Значения со страницы Выполнение бизнес-плана/План Отпуск в сеть за отчётный период Ивэнерго' is: '2 456 994'

11-12-2024T08:09:27 - [TEST_STEP][PASSED] - page = page.replaceAll("\s+", ""): null

11-12-2024T08:09:27 - [TEST_STEP][PASSED] - fileOtpuskVSet = otpusk.toInteger(): null

11-12-2024T08:09:27 - [TEST_STEP][PASSED] - pageOtpuskVSet = page.toInteger(): null

11-12-2024T08:09:27 - [TEST_STEP][PASSED] - typeOfData = typeOfDataMain + " Потери": null

11-12-2024T08:09:27 - [TEST_STEP][PASSED] - if (a == 82): null

11-12-2024T08:09:27 - [TEST_STEP][PASSED] - else if (a == 84): null

11-12-2024T08:09:27 - [TEST_STEP][PASSED] - else if (a == 52 || a == 72 || a == 28 || a == 73 || a == 77 || a == 74 || a == 65 || a == 36 || a == 44 || a == 53 || a == 80 || a == 54 || a == 1 || a == 18 || a == 59 || a == 81): null

11-12-2024T08:09:27 - [TEST_STEP][PASSED] - else: null

11-12-2024T08:09:27 - [TEST_STEP][PASSED] - path = dataFolder + typeOfData + " за отчётный период " + b: null

11-12-2024T08:09:27 - [TEST_STEP][PASSED] - page = getText(findTestObject(path)): Text of object 'Object Repository/Выполнение бизнес-плана/Значения со страницы Выполнение бизнес-плана/План Потери за отчётный период Ивэнерго' is: '205 949'

11-12-2024T08:09:28 - [MESSAGE][PASSED] - Text of object 'Object Repository/Выполнение бизнес-плана/Значения со страницы Выполнение бизнес-плана/План Потери за отчётный период Ивэнерго' is: '205 949'

11-12-2024T08:09:28 - [TEST_STEP][PASSED] - page = page.replaceAll("\s+", ""): null

11-12-2024T08:09:28 - [TEST_STEP][PASSED] - filePoteri = poteri.toInteger(): null

11-12-2024T08:09:28 - [TEST_STEP][PASSED] - pagePoteri = page.toInteger(): null

11-12-2024T08:09:28 - [TEST_STEP][PASSED] - compare = pageOtpuskVSet: null

11-12-2024T08:09:28 - [TEST_STEP][PASSED] - if (compare == fileOtpuskVSet): null

11-12-2024T08:09:28 - [TEST_STEP][PASSED] - if (compare == fileOtpuskVSet): null

11-12-2024T08:09:28 - [TEST_STEP][PASSED] - compare = pagePoteri: null

11-12-2024T08:09:28 - [TEST_STEP][PASSED] - if (compare == filePoteri): null

11-12-2024T08:09:28 - [TEST_STEP][PASSED] - if (compare == filePoteri): null

11-12-2024T08:09:28 - [TEST_STEP][PASSED] - if (planFact == 2): Object: 'Object Repository/Выполнение бизнес-плана/Кнопка Факт' is clicked on

11-12-2024T08:09:28 - [TEST_STEP][PASSED] - click(findTestObject("Выполнение бизнес-плана/Кнопка Факт")): Object: 'Object Repository/Выполнение бизнес-плана/Кнопка Факт' is clicked on

11-12-2024T08:09:28 - [MESSAGE][PASSED] - Object: 'Object Repository/Выполнение бизнес-плана/Кнопка Факт' is clicked on

11-12-2024T08:09:28 - [TEST_STEP][PASSED] - if (a == 84 || a == 82): null

11-12-2024T08:09:28 - [TEST_STEP][PASSED] - else if (a == 52 || a == 72 || a == 28 || a == 73 || a == 77 || a == 74 || a == 65 || a == 36 || a == 44 || a == 53 || a == 80 || a == 54 || a == 1 || a == 18 || a == 59 || a == 81): null

11-12-2024T08:09:28 - [TEST_STEP][PASSED] - else: null

11-12-2024T08:09:28 - [TEST_STEP][PASSED] - page1 = getText(findTestObject("Object Repository/Выполнение бизнес-плана/spanPlan" + filialNum)): Text of object 'Object Repository/Выполнение бизнес-плана/spanPlan2' is: '8.38
|'

11-12-2024T08:09:28 - [MESSAGE][PASSED] - Text of object 'Object Repository/Выполнение бизнес-плана/spanPlan2' is: '8.38
|'

11-12-2024T08:09:28 - [TEST_STEP][PASSED] - page1 = page1.replace("|", ""): null

11-12-2024T08:09:28 - [TEST_STEP][PASSED] - page2 = getText(findTestObject("Object Repository/Выполнение бизнес-плана/spanFact" + filialNum)): Text of object 'Object Repository/Выполнение бизнес-плана/spanFact2' is: '8.76
|'

11-12-2024T08:09:29 - [MESSAGE][PASSED] - Text of object 'Object Repository/Выполнение бизнес-плана/spanFact2' is: '8.76
|'

11-12-2024T08:09:29 - [TEST_STEP][PASSED] - page2 = page2.replace("|", ""): null

11-12-2024T08:09:29 - [TEST_STEP][PASSED] - println("page1: " + page1): null

11-12-2024T08:09:29 - [TEST_STEP][PASSED] - println("page2: " + page2): null

11-12-2024T08:09:29 - [TEST_STEP][PASSED] - file = findTestData("PlanFact").getValue(4, a): null

11-12-2024T08:09:29 - [TEST_STEP][PASSED] - file = file.replace(",", "."): null

11-12-2024T08:09:29 - [TEST_STEP][PASSED] - println("file Plan: " + file): null

11-12-2024T08:09:29 - [TEST_STEP][PASSED] - typeOfData = "План в процентах": null

11-12-2024T08:09:29 - [TEST_STEP][PASSED] - fileDouble = file.toDouble(): null

11-12-2024T08:09:29 - [TEST_STEP][PASSED] - pageDouble = page1.toDouble(): null

11-12-2024T08:09:29 - [TEST_STEP][PASSED] - if (fileDouble != pageDouble): null

11-12-2024T08:09:29 - [TEST_STEP][PASSED] - file = findTestData("PlanFact").getValue(7, a): null

11-12-2024T08:09:29 - [TEST_STEP][PASSED] - file = file.replace(",", "."): null

11-12-2024T08:09:29 - [TEST_STEP][PASSED] - println("file Fact: " + file): null

11-12-2024T08:09:29 - [TEST_STEP][PASSED] - fileDouble = file.toDouble(): null

11-12-2024T08:09:29 - [TEST_STEP][PASSED] - typeOfData = "Факт в процентах": null

11-12-2024T08:09:29 - [TEST_STEP][PASSED] - fileDouble = file.toDouble(): null

11-12-2024T08:09:29 - [TEST_STEP][PASSED] - pageDouble = page2.toDouble(): null

11-12-2024T08:09:29 - [TEST_STEP][PASSED] - if (fileDouble != pageDouble): null

11-12-2024T08:09:29 - [TEST_STEP][PASSED] - if (verifyEqual(numberOfErrors, 0) == false): Actual object '0' and expected object '0' are equal

11-12-2024T08:09:29 - [MESSAGE][PASSED] - Actual object '0' and expected object '0' are equal

11-12-2024T08:09:29 - [TEST_STEP][PASSED] - if (a == 82): null

11-12-2024T08:09:29 - [TEST_STEP][PASSED] - dZO = "Калугаэнерго": null

11-12-2024T08:09:29 - [TEST_STEP][PASSED] - a = 21: null

11-12-2024T08:09:29 - [TEST_STEP][PASSED] - if (x2.contains(dZO)): null

11-12-2024T08:09:29 - [TEST_STEP][PASSED] - filialNum = filialNum + 1: null

11-12-2024T08:09:29 - [TEST_STEP][PASSED] - Script1718980020443.Numbers(a, typeOfData, todaysDate, pageInt, fileInt, pageDouble, fileDouble, dZO, dzoNum, filialNum): null

11-12-2024T08:09:29 - [TEST_STEP][PASSED] - println(dzoNum): null

11-12-2024T08:09:29 - [TEST_STEP][PASSED] - planFact = <not implemented yet for class: org.codehaus.groovy.ast.expr.EmptyExpression>: null

11-12-2024T08:09:29 - [TEST_STEP][PASSED] - page = <not implemented yet for class: org.codehaus.groovy.ast.expr.EmptyExpression>: null

11-12-2024T08:09:29 - [TEST_STEP][PASSED] - page1 = <not implemented yet for class: org.codehaus.groovy.ast.expr.EmptyExpression>: null

11-12-2024T08:09:29 - [TEST_STEP][PASSED] - page2 = <not implemented yet for class: org.codehaus.groovy.ast.expr.EmptyExpression>: null

11-12-2024T08:09:29 - [TEST_STEP][PASSED] - filialNumberInRow = <not implemented yet for class: org.codehaus.groovy.ast.expr.EmptyExpression>: null

11-12-2024T08:09:29 - [TEST_STEP][PASSED] - filialsDzoNames = <not implemented yet for class: org.codehaus.groovy.ast.expr.EmptyExpression>: null

11-12-2024T08:09:29 - [TEST_STEP][PASSED] - numberOfFilials = <not implemented yet for class: org.codehaus.groovy.ast.expr.EmptyExpression>: null

11-12-2024T08:09:29 - [TEST_STEP][PASSED] - numberOfSpaces = <not implemented yet for class: org.codehaus.groovy.ast.expr.EmptyExpression>: null

11-12-2024T08:09:29 - [TEST_STEP][PASSED] - file = <not implemented yet for class: org.codehaus.groovy.ast.expr.EmptyExpression>: null

11-12-2024T08:09:29 - [TEST_STEP][PASSED] - otpusk = <not implemented yet for class: org.codehaus.groovy.ast.expr.EmptyExpression>: null

11-12-2024T08:09:29 - [TEST_STEP][PASSED] - poteri = <not implemented yet for class: org.codehaus.groovy.ast.expr.EmptyExpression>: null

11-12-2024T08:09:29 - [TEST_STEP][PASSED] - dataFolder = "Выполнение бизнес-плана/Значения со страницы Выполнение бизнес-плана/": null

11-12-2024T08:09:29 - [TEST_STEP][PASSED] - path = <not implemented yet for class: org.codehaus.groovy.ast.expr.EmptyExpression>: null

11-12-2024T08:09:29 - [TEST_STEP][PASSED] - typeOfDataMain = <not implemented yet for class: org.codehaus.groovy.ast.expr.EmptyExpression>: null

11-12-2024T08:09:29 - [TEST_STEP][PASSED] - fileOtpuskVSet = <not implemented yet for class: org.codehaus.groovy.ast.expr.EmptyExpression>: null

11-12-2024T08:09:29 - [TEST_STEP][PASSED] - pageOtpuskVSet = <not implemented yet for class: org.codehaus.groovy.ast.expr.EmptyExpression>: null

11-12-2024T08:09:29 - [TEST_STEP][PASSED] - filePoteri = <not implemented yet for class: org.codehaus.groovy.ast.expr.EmptyExpression>: null

11-12-2024T08:09:29 - [TEST_STEP][PASSED] - pagePoteri = <not implemented yet for class: org.codehaus.groovy.ast.expr.EmptyExpression>: null

11-12-2024T08:09:29 - [TEST_STEP][PASSED] - compare = <not implemented yet for class: org.codehaus.groovy.ast.expr.EmptyExpression>: null

11-12-2024T08:09:29 - [TEST_STEP][PASSED] - b = <not implemented yet for class: org.codehaus.groovy.ast.expr.EmptyExpression>: null

11-12-2024T08:09:29 - [TEST_STEP][PASSED] - i = <not implemented yet for class: org.codehaus.groovy.ast.expr.EmptyExpression>: null

11-12-2024T08:09:29 - [TEST_STEP][PASSED] - ii = <not implemented yet for class: org.codehaus.groovy.ast.expr.EmptyExpression>: null

11-12-2024T08:09:29 - [TEST_STEP][PASSED] - c = <not implemented yet for class: org.codehaus.groovy.ast.expr.EmptyExpression>: null

11-12-2024T08:09:29 - [TEST_STEP][PASSED] - numberOfErrors = 0: null

11-12-2024T08:09:29 - [TEST_STEP][PASSED] - if (a == 82): null

11-12-2024T08:09:29 - [TEST_STEP][PASSED] - b = findTestData("PlanFact").getValue(1, a): null

11-12-2024T08:09:29 - [TEST_STEP][PASSED] - i = b.indexOf(" (ГК)"): null

11-12-2024T08:09:29 - [TEST_STEP][PASSED] - if (i > -1): null

11-12-2024T08:09:29 - [TEST_STEP][PASSED] - i = b.indexOf("О ""): null

11-12-2024T08:09:29 - [TEST_STEP][PASSED] - if (i > -1): null

11-12-2024T08:09:29 - [TEST_STEP][PASSED] - i = b.indexOf("О «"): null

11-12-2024T08:09:29 - [TEST_STEP][PASSED] - if (i > -1): null

11-12-2024T08:09:29 - [TEST_STEP][PASSED] - i = b.indexOf("г. "): null

11-12-2024T08:09:29 - [TEST_STEP][PASSED] - if (i > -1): null

11-12-2024T08:09:29 - [TEST_STEP][PASSED] - println(b): null

11-12-2024T08:09:29 - [TEST_STEP][PASSED] - for ([planFact = 1, planFact < 3, (planFact++)]): Object: 'Object Repository/Выполнение бизнес-плана/Кнопка Факт' is clicked on

11-12-2024T08:09:29 - [TEST_STEP][PASSED] - if (planFact == 1): null

11-12-2024T08:09:29 - [TEST_STEP][PASSED] - typeOfDataMain = "Факт": null

11-12-2024T08:09:29 - [TEST_STEP][PASSED] - otpusk = findTestData("PlanFact").getValue(5, a): null

11-12-2024T08:09:29 - [TEST_STEP][PASSED] - poteri = findTestData("PlanFact").getValue(6, a): null

11-12-2024T08:09:29 - [TEST_STEP][PASSED] - otpusk = otpusk.replaceAll("\s+", ""): null

11-12-2024T08:09:29 - [TEST_STEP][PASSED] - poteri = poteri.replaceAll("\s+", ""): null

11-12-2024T08:09:29 - [TEST_STEP][PASSED] - typeOfData = typeOfDataMain + " Отпуск в сеть": null

11-12-2024T08:09:29 - [TEST_STEP][PASSED] - if (a == 82): null

11-12-2024T08:09:29 - [TEST_STEP][PASSED] - else if (a == 84): null

11-12-2024T08:09:29 - [TEST_STEP][PASSED] - else if (a == 52 || a == 72 || a == 28 || a == 73 || a == 77 || a == 74 || a == 65 || a == 36 || a == 44 || a == 53 || a == 80 || a == 54 || a == 1 || a == 18 || a == 59 || a == 81): null

11-12-2024T08:09:29 - [TEST_STEP][PASSED] - else: null

11-12-2024T08:09:29 - [TEST_STEP][PASSED] - path = dataFolder + typeOfData + " за отчётный период " + b: null

11-12-2024T08:09:29 - [TEST_STEP][PASSED] - println(path): null

11-12-2024T08:09:29 - [TEST_STEP][PASSED] - page = getText(findTestObject(path)): Text of object 'Object Repository/Выполнение бизнес-плана/Значения со страницы Выполнение бизнес-плана/Факт Отпуск в сеть за отчётный период Калугаэнерго' is: '4 668 833'

11-12-2024T08:09:29 - [MESSAGE][PASSED] - Text of object 'Object Repository/Выполнение бизнес-плана/Значения со страницы Выполнение бизнес-плана/Факт Отпуск в сеть за отчётный период Калугаэнерго' is: '4 668 833'

11-12-2024T08:09:29 - [TEST_STEP][PASSED] - page = page.replaceAll("\s+", ""): null

11-12-2024T08:09:29 - [TEST_STEP][PASSED] - fileOtpuskVSet = otpusk.toInteger(): null

11-12-2024T08:09:29 - [TEST_STEP][PASSED] - pageOtpuskVSet = page.toInteger(): null

11-12-2024T08:09:29 - [TEST_STEP][PASSED] - typeOfData = typeOfDataMain + " Потери": null

11-12-2024T08:09:29 - [TEST_STEP][PASSED] - if (a == 82): null

11-12-2024T08:09:29 - [TEST_STEP][PASSED] - else if (a == 84): null

11-12-2024T08:09:29 - [TEST_STEP][PASSED] - else if (a == 52 || a == 72 || a == 28 || a == 73 || a == 77 || a == 74 || a == 65 || a == 36 || a == 44 || a == 53 || a == 80 || a == 54 || a == 1 || a == 18 || a == 59 || a == 81): null

11-12-2024T08:09:29 - [TEST_STEP][PASSED] - else: null

11-12-2024T08:09:29 - [TEST_STEP][PASSED] - path = dataFolder + typeOfData + " за отчётный период " + b: null

11-12-2024T08:09:29 - [TEST_STEP][PASSED] - page = getText(findTestObject(path)): Text of object 'Object Repository/Выполнение бизнес-плана/Значения со страницы Выполнение бизнес-плана/Факт Потери за отчётный период Калугаэнерго' is: '388 941'

11-12-2024T08:09:29 - [MESSAGE][PASSED] - Text of object 'Object Repository/Выполнение бизнес-плана/Значения со страницы Выполнение бизнес-плана/Факт Потери за отчётный период Калугаэнерго' is: '388 941'

11-12-2024T08:09:29 - [TEST_STEP][PASSED] - page = page.replaceAll("\s+", ""): null

11-12-2024T08:09:29 - [TEST_STEP][PASSED] - filePoteri = poteri.toInteger(): null

11-12-2024T08:09:29 - [TEST_STEP][PASSED] - pagePoteri = page.toInteger(): null

11-12-2024T08:09:29 - [TEST_STEP][PASSED] - compare = pageOtpuskVSet: null

11-12-2024T08:09:29 - [TEST_STEP][PASSED] - if (compare == fileOtpuskVSet): null

11-12-2024T08:09:29 - [TEST_STEP][PASSED] - if (compare == fileOtpuskVSet): null

11-12-2024T08:09:29 - [TEST_STEP][PASSED] - compare = pagePoteri: null

11-12-2024T08:09:29 - [TEST_STEP][PASSED] - if (compare == filePoteri): null

11-12-2024T08:09:29 - [TEST_STEP][PASSED] - if (compare == filePoteri): null

11-12-2024T08:09:29 - [TEST_STEP][PASSED] - if (planFact == 2): null

11-12-2024T08:09:29 - [TEST_STEP][PASSED] - if (planFact == 1): null

11-12-2024T08:09:29 - [TEST_STEP][PASSED] - else if (planFact == 2): null

11-12-2024T08:09:29 - [TEST_STEP][PASSED] - click(findTestObject("Выполнение бизнес-плана/Кнопка План")): Object: 'Object Repository/Выполнение бизнес-плана/Кнопка План' is clicked on

11-12-2024T08:09:30 - [MESSAGE][PASSED] - Object: 'Object Repository/Выполнение бизнес-плана/Кнопка План' is clicked on

11-12-2024T08:09:30 - [TEST_STEP][PASSED] - typeOfDataMain = "План": null

11-12-2024T08:09:30 - [TEST_STEP][PASSED] - otpusk = findTestData("PlanFact").getValue(2, a): null

11-12-2024T08:09:30 - [TEST_STEP][PASSED] - poteri = findTestData("PlanFact").getValue(3, a): null

11-12-2024T08:09:30 - [TEST_STEP][PASSED] - otpusk = otpusk.replaceAll("\s+", ""): null

11-12-2024T08:09:30 - [TEST_STEP][PASSED] - poteri = poteri.replaceAll("\s+", ""): null

11-12-2024T08:09:30 - [TEST_STEP][PASSED] - typeOfData = typeOfDataMain + " Отпуск в сеть": null

11-12-2024T08:09:30 - [TEST_STEP][PASSED] - if (a == 82): null

11-12-2024T08:09:30 - [TEST_STEP][PASSED] - else if (a == 84): null

11-12-2024T08:09:30 - [TEST_STEP][PASSED] - else if (a == 52 || a == 72 || a == 28 || a == 73 || a == 77 || a == 74 || a == 65 || a == 36 || a == 44 || a == 53 || a == 80 || a == 54 || a == 1 || a == 18 || a == 59 || a == 81): null

11-12-2024T08:09:30 - [TEST_STEP][PASSED] - else: null

11-12-2024T08:09:30 - [TEST_STEP][PASSED] - path = dataFolder + typeOfData + " за отчётный период " + b: null

11-12-2024T08:09:30 - [TEST_STEP][PASSED] - println(path): null

11-12-2024T08:09:30 - [TEST_STEP][PASSED] - page = getText(findTestObject(path)): Text of object 'Object Repository/Выполнение бизнес-плана/Значения со страницы Выполнение бизнес-плана/План Отпуск в сеть за отчётный период Калугаэнерго' is: '4 443 244'

11-12-2024T08:09:30 - [MESSAGE][PASSED] - Text of object 'Object Repository/Выполнение бизнес-плана/Значения со страницы Выполнение бизнес-плана/План Отпуск в сеть за отчётный период Калугаэнерго' is: '4 443 244'

11-12-2024T08:09:30 - [TEST_STEP][PASSED] - page = page.replaceAll("\s+", ""): null

11-12-2024T08:09:30 - [TEST_STEP][PASSED] - fileOtpuskVSet = otpusk.toInteger(): null

11-12-2024T08:09:30 - [TEST_STEP][PASSED] - pageOtpuskVSet = page.toInteger(): null

11-12-2024T08:09:30 - [TEST_STEP][PASSED] - typeOfData = typeOfDataMain + " Потери": null

11-12-2024T08:09:30 - [TEST_STEP][PASSED] - if (a == 82): null

11-12-2024T08:09:30 - [TEST_STEP][PASSED] - else if (a == 84): null

11-12-2024T08:09:30 - [TEST_STEP][PASSED] - else if (a == 52 || a == 72 || a == 28 || a == 73 || a == 77 || a == 74 || a == 65 || a == 36 || a == 44 || a == 53 || a == 80 || a == 54 || a == 1 || a == 18 || a == 59 || a == 81): null

11-12-2024T08:09:30 - [TEST_STEP][PASSED] - else: null

11-12-2024T08:09:30 - [TEST_STEP][PASSED] - path = dataFolder + typeOfData + " за отчётный период " + b: null

11-12-2024T08:09:30 - [TEST_STEP][PASSED] - page = getText(findTestObject(path)): Text of object 'Object Repository/Выполнение бизнес-плана/Значения со страницы Выполнение бизнес-плана/План Потери за отчётный период Калугаэнерго' is: '382 953'

11-12-2024T08:09:30 - [MESSAGE][PASSED] - Text of object 'Object Repository/Выполнение бизнес-плана/Значения со страницы Выполнение бизнес-плана/План Потери за отчётный период Калугаэнерго' is: '382 953'

11-12-2024T08:09:30 - [TEST_STEP][PASSED] - page = page.replaceAll("\s+", ""): null

11-12-2024T08:09:30 - [TEST_STEP][PASSED] - filePoteri = poteri.toInteger(): null

11-12-2024T08:09:30 - [TEST_STEP][PASSED] - pagePoteri = page.toInteger(): null

11-12-2024T08:09:30 - [TEST_STEP][PASSED] - compare = pageOtpuskVSet: null

11-12-2024T08:09:30 - [TEST_STEP][PASSED] - if (compare == fileOtpuskVSet): null

11-12-2024T08:09:30 - [TEST_STEP][PASSED] - if (compare == fileOtpuskVSet): null

11-12-2024T08:09:30 - [TEST_STEP][PASSED] - compare = pagePoteri: null

11-12-2024T08:09:30 - [TEST_STEP][PASSED] - if (compare == filePoteri): null

11-12-2024T08:09:30 - [TEST_STEP][PASSED] - if (compare == filePoteri): null

11-12-2024T08:09:30 - [TEST_STEP][PASSED] - if (planFact == 2): Object: 'Object Repository/Выполнение бизнес-плана/Кнопка Факт' is clicked on

11-12-2024T08:09:30 - [TEST_STEP][PASSED] - click(findTestObject("Выполнение бизнес-плана/Кнопка Факт")): Object: 'Object Repository/Выполнение бизнес-плана/Кнопка Факт' is clicked on

11-12-2024T08:09:31 - [MESSAGE][PASSED] - Object: 'Object Repository/Выполнение бизнес-плана/Кнопка Факт' is clicked on

11-12-2024T08:09:31 - [TEST_STEP][PASSED] - if (a == 84 || a == 82): null

11-12-2024T08:09:31 - [TEST_STEP][PASSED] - else if (a == 52 || a == 72 || a == 28 || a == 73 || a == 77 || a == 74 || a == 65 || a == 36 || a == 44 || a == 53 || a == 80 || a == 54 || a == 1 || a == 18 || a == 59 || a == 81): null

11-12-2024T08:09:31 - [TEST_STEP][PASSED] - else: null

11-12-2024T08:09:31 - [TEST_STEP][PASSED] - page1 = getText(findTestObject("Object Repository/Выполнение бизнес-плана/spanPlan" + filialNum)): Text of object 'Object Repository/Выполнение бизнес-плана/spanPlan3' is: '8.62
|'

11-12-2024T08:09:31 - [MESSAGE][PASSED] - Text of object 'Object Repository/Выполнение бизнес-плана/spanPlan3' is: '8.62
|'

11-12-2024T08:09:31 - [TEST_STEP][PASSED] - page1 = page1.replace("|", ""): null

11-12-2024T08:09:31 - [TEST_STEP][PASSED] - page2 = getText(findTestObject("Object Repository/Выполнение бизнес-плана/spanFact" + filialNum)): Text of object 'Object Repository/Выполнение бизнес-плана/spanFact3' is: '8.33
|'

11-12-2024T08:09:31 - [MESSAGE][PASSED] - Text of object 'Object Repository/Выполнение бизнес-плана/spanFact3' is: '8.33
|'

11-12-2024T08:09:31 - [TEST_STEP][PASSED] - page2 = page2.replace("|", ""): null

11-12-2024T08:09:31 - [TEST_STEP][PASSED] - println("page1: " + page1): null

11-12-2024T08:09:31 - [TEST_STEP][PASSED] - println("page2: " + page2): null

11-12-2024T08:09:31 - [TEST_STEP][PASSED] - file = findTestData("PlanFact").getValue(4, a): null

11-12-2024T08:09:31 - [TEST_STEP][PASSED] - file = file.replace(",", "."): null

11-12-2024T08:09:31 - [TEST_STEP][PASSED] - println("file Plan: " + file): null

11-12-2024T08:09:31 - [TEST_STEP][PASSED] - typeOfData = "План в процентах": null

11-12-2024T08:09:31 - [TEST_STEP][PASSED] - fileDouble = file.toDouble(): null

11-12-2024T08:09:31 - [TEST_STEP][PASSED] - pageDouble = page1.toDouble(): null

11-12-2024T08:09:31 - [TEST_STEP][PASSED] - if (fileDouble != pageDouble): null

11-12-2024T08:09:31 - [TEST_STEP][PASSED] - file = findTestData("PlanFact").getValue(7, a): null

11-12-2024T08:09:31 - [TEST_STEP][PASSED] - file = file.replace(",", "."): null

11-12-2024T08:09:31 - [TEST_STEP][PASSED] - println("file Fact: " + file): null

11-12-2024T08:09:31 - [TEST_STEP][PASSED] - fileDouble = file.toDouble(): null

11-12-2024T08:09:31 - [TEST_STEP][PASSED] - typeOfData = "Факт в процентах": null

11-12-2024T08:09:31 - [TEST_STEP][PASSED] - fileDouble = file.toDouble(): null

11-12-2024T08:09:31 - [TEST_STEP][PASSED] - pageDouble = page2.toDouble(): null

11-12-2024T08:09:31 - [TEST_STEP][PASSED] - if (fileDouble != pageDouble): null

11-12-2024T08:09:31 - [TEST_STEP][PASSED] - if (verifyEqual(numberOfErrors, 0) == false): Actual object '0' and expected object '0' are equal

11-12-2024T08:09:31 - [MESSAGE][PASSED] - Actual object '0' and expected object '0' are equal

11-12-2024T08:09:31 - [TEST_STEP][PASSED] - if (a == 82): null

11-12-2024T08:09:31 - [TEST_STEP][PASSED] - dZO = "Кировэнерго": null

11-12-2024T08:09:31 - [TEST_STEP][PASSED] - a = 22: null

11-12-2024T08:09:31 - [TEST_STEP][PASSED] - if (x2.contains(dZO)): null

11-12-2024T08:09:31 - [TEST_STEP][PASSED] - filialNum = filialNum + 1: null

11-12-2024T08:09:31 - [TEST_STEP][PASSED] - Script1718980020443.Numbers(a, typeOfData, todaysDate, pageInt, fileInt, pageDouble, fileDouble, dZO, dzoNum, filialNum): null

11-12-2024T08:09:31 - [TEST_STEP][PASSED] - println(dzoNum): null

11-12-2024T08:09:31 - [TEST_STEP][PASSED] - planFact = <not implemented yet for class: org.codehaus.groovy.ast.expr.EmptyExpression>: null

11-12-2024T08:09:31 - [TEST_STEP][PASSED] - page = <not implemented yet for class: org.codehaus.groovy.ast.expr.EmptyExpression>: null

11-12-2024T08:09:31 - [TEST_STEP][PASSED] - page1 = <not implemented yet for class: org.codehaus.groovy.ast.expr.EmptyExpression>: null

11-12-2024T08:09:31 - [TEST_STEP][PASSED] - page2 = <not implemented yet for class: org.codehaus.groovy.ast.expr.EmptyExpression>: null

11-12-2024T08:09:31 - [TEST_STEP][PASSED] - filialNumberInRow = <not implemented yet for class: org.codehaus.groovy.ast.expr.EmptyExpression>: null

11-12-2024T08:09:31 - [TEST_STEP][PASSED] - filialsDzoNames = <not implemented yet for class: org.codehaus.groovy.ast.expr.EmptyExpression>: null

11-12-2024T08:09:31 - [TEST_STEP][PASSED] - numberOfFilials = <not implemented yet for class: org.codehaus.groovy.ast.expr.EmptyExpression>: null

11-12-2024T08:09:31 - [TEST_STEP][PASSED] - numberOfSpaces = <not implemented yet for class: org.codehaus.groovy.ast.expr.EmptyExpression>: null

11-12-2024T08:09:31 - [TEST_STEP][PASSED] - file = <not implemented yet for class: org.codehaus.groovy.ast.expr.EmptyExpression>: null

11-12-2024T08:09:31 - [TEST_STEP][PASSED] - otpusk = <not implemented yet for class: org.codehaus.groovy.ast.expr.EmptyExpression>: null

11-12-2024T08:09:31 - [TEST_STEP][PASSED] - poteri = <not implemented yet for class: org.codehaus.groovy.ast.expr.EmptyExpression>: null

11-12-2024T08:09:31 - [TEST_STEP][PASSED] - dataFolder = "Выполнение бизнес-плана/Значения со страницы Выполнение бизнес-плана/": null

11-12-2024T08:09:31 - [TEST_STEP][PASSED] - path = <not implemented yet for class: org.codehaus.groovy.ast.expr.EmptyExpression>: null

11-12-2024T08:09:31 - [TEST_STEP][PASSED] - typeOfDataMain = <not implemented yet for class: org.codehaus.groovy.ast.expr.EmptyExpression>: null

11-12-2024T08:09:31 - [TEST_STEP][PASSED] - fileOtpuskVSet = <not implemented yet for class: org.codehaus.groovy.ast.expr.EmptyExpression>: null

11-12-2024T08:09:31 - [TEST_STEP][PASSED] - pageOtpuskVSet = <not implemented yet for class: org.codehaus.groovy.ast.expr.EmptyExpression>: null

11-12-2024T08:09:31 - [TEST_STEP][PASSED] - filePoteri = <not implemented yet for class: org.codehaus.groovy.ast.expr.EmptyExpression>: null

11-12-2024T08:09:31 - [TEST_STEP][PASSED] - pagePoteri = <not implemented yet for class: org.codehaus.groovy.ast.expr.EmptyExpression>: null

11-12-2024T08:09:31 - [TEST_STEP][PASSED] - compare = <not implemented yet for class: org.codehaus.groovy.ast.expr.EmptyExpression>: null

11-12-2024T08:09:31 - [TEST_STEP][PASSED] - b = <not implemented yet for class: org.codehaus.groovy.ast.expr.EmptyExpression>: null

11-12-2024T08:09:31 - [TEST_STEP][PASSED] - i = <not implemented yet for class: org.codehaus.groovy.ast.expr.EmptyExpression>: null

11-12-2024T08:09:31 - [TEST_STEP][PASSED] - ii = <not implemented yet for class: org.codehaus.groovy.ast.expr.EmptyExpression>: null

11-12-2024T08:09:31 - [TEST_STEP][PASSED] - c = <not implemented yet for class: org.codehaus.groovy.ast.expr.EmptyExpression>: null

11-12-2024T08:09:31 - [TEST_STEP][PASSED] - numberOfErrors = 0: null

11-12-2024T08:09:31 - [TEST_STEP][PASSED] - if (a == 82): null

11-12-2024T08:09:31 - [TEST_STEP][PASSED] - b = findTestData("PlanFact").getValue(1, a): null

11-12-2024T08:09:32 - [TEST_STEP][PASSED] - i = b.indexOf(" (ГК)"): null

11-12-2024T08:09:32 - [TEST_STEP][PASSED] - if (i > -1): null

11-12-2024T08:09:32 - [TEST_STEP][PASSED] - i = b.indexOf("О ""): null

11-12-2024T08:09:32 - [TEST_STEP][PASSED] - if (i > -1): null

11-12-2024T08:09:32 - [TEST_STEP][PASSED] - i = b.indexOf("О «"): null

11-12-2024T08:09:32 - [TEST_STEP][PASSED] - if (i > -1): null

11-12-2024T08:09:32 - [TEST_STEP][PASSED] - i = b.indexOf("г. "): null

11-12-2024T08:09:32 - [TEST_STEP][PASSED] - if (i > -1): null

11-12-2024T08:09:32 - [TEST_STEP][PASSED] - println(b): null

11-12-2024T08:09:32 - [TEST_STEP][PASSED] - for ([planFact = 1, planFact < 3, (planFact++)]): Object: 'Object Repository/Выполнение бизнес-плана/Кнопка Факт' is clicked on

11-12-2024T08:09:32 - [TEST_STEP][PASSED] - if (planFact == 1): null

11-12-2024T08:09:32 - [TEST_STEP][PASSED] - typeOfDataMain = "Факт": null

11-12-2024T08:09:32 - [TEST_STEP][PASSED] - otpusk = findTestData("PlanFact").getValue(5, a): null

11-12-2024T08:09:32 - [TEST_STEP][PASSED] - poteri = findTestData("PlanFact").getValue(6, a): null

11-12-2024T08:09:32 - [TEST_STEP][PASSED] - otpusk = otpusk.replaceAll("\s+", ""): null

11-12-2024T08:09:32 - [TEST_STEP][PASSED] - poteri = poteri.replaceAll("\s+", ""): null

11-12-2024T08:09:32 - [TEST_STEP][PASSED] - typeOfData = typeOfDataMain + " Отпуск в сеть": null

11-12-2024T08:09:32 - [TEST_STEP][PASSED] - if (a == 82): null

11-12-2024T08:09:32 - [TEST_STEP][PASSED] - else if (a == 84): null

11-12-2024T08:09:32 - [TEST_STEP][PASSED] - else if (a == 52 || a == 72 || a == 28 || a == 73 || a == 77 || a == 74 || a == 65 || a == 36 || a == 44 || a == 53 || a == 80 || a == 54 || a == 1 || a == 18 || a == 59 || a == 81): null

11-12-2024T08:09:32 - [TEST_STEP][PASSED] - else: null

11-12-2024T08:09:32 - [TEST_STEP][PASSED] - path = dataFolder + typeOfData + " за отчётный период " + b: null

11-12-2024T08:09:32 - [TEST_STEP][PASSED] - println(path): null

11-12-2024T08:09:32 - [TEST_STEP][PASSED] - page = getText(findTestObject(path)): Text of object 'Object Repository/Выполнение бизнес-плана/Значения со страницы Выполнение бизнес-плана/Факт Отпуск в сеть за отчётный период Кировэнерго' is: '4 648 095'

11-12-2024T08:09:32 - [MESSAGE][PASSED] - Text of object 'Object Repository/Выполнение бизнес-плана/Значения со страницы Выполнение бизнес-плана/Факт Отпуск в сеть за отчётный период Кировэнерго' is: '4 648 095'

11-12-2024T08:09:32 - [TEST_STEP][PASSED] - page = page.replaceAll("\s+", ""): null

11-12-2024T08:09:32 - [TEST_STEP][PASSED] - fileOtpuskVSet = otpusk.toInteger(): null

11-12-2024T08:09:32 - [TEST_STEP][PASSED] - pageOtpuskVSet = page.toInteger(): null

11-12-2024T08:09:32 - [TEST_STEP][PASSED] - typeOfData = typeOfDataMain + " Потери": null

11-12-2024T08:09:32 - [TEST_STEP][PASSED] - if (a == 82): null

11-12-2024T08:09:32 - [TEST_STEP][PASSED] - else if (a == 84): null

11-12-2024T08:09:32 - [TEST_STEP][PASSED] - else if (a == 52 || a == 72 || a == 28 || a == 73 || a == 77 || a == 74 || a == 65 || a == 36 || a == 44 || a == 53 || a == 80 || a == 54 || a == 1 || a == 18 || a == 59 || a == 81): null

11-12-2024T08:09:32 - [TEST_STEP][PASSED] - else: null

11-12-2024T08:09:32 - [TEST_STEP][PASSED] - path = dataFolder + typeOfData + " за отчётный период " + b: null

11-12-2024T08:09:32 - [TEST_STEP][PASSED] - page = getText(findTestObject(path)): Text of object 'Object Repository/Выполнение бизнес-плана/Значения со страницы Выполнение бизнес-плана/Факт Потери за отчётный период Кировэнерго' is: '169 282'

11-12-2024T08:09:32 - [MESSAGE][PASSED] - Text of object 'Object Repository/Выполнение бизнес-плана/Значения со страницы Выполнение бизнес-плана/Факт Потери за отчётный период Кировэнерго' is: '169 282'

11-12-2024T08:09:32 - [TEST_STEP][PASSED] - page = page.replaceAll("\s+", ""): null

11-12-2024T08:09:32 - [TEST_STEP][PASSED] - filePoteri = poteri.toInteger(): null

11-12-2024T08:09:32 - [TEST_STEP][PASSED] - pagePoteri = page.toInteger(): null

11-12-2024T08:09:32 - [TEST_STEP][PASSED] - compare = pageOtpuskVSet: null

11-12-2024T08:09:32 - [TEST_STEP][PASSED] - if (compare == fileOtpuskVSet): null

11-12-2024T08:09:32 - [TEST_STEP][PASSED] - if (compare == fileOtpuskVSet): null

11-12-2024T08:09:32 - [TEST_STEP][PASSED] - compare = pagePoteri: null

11-12-2024T08:09:32 - [TEST_STEP][PASSED] - if (compare == filePoteri): null

11-12-2024T08:09:32 - [TEST_STEP][PASSED] - if (compare == filePoteri): null

11-12-2024T08:09:32 - [TEST_STEP][PASSED] - if (planFact == 2): null

11-12-2024T08:09:32 - [TEST_STEP][PASSED] - if (planFact == 1): null

11-12-2024T08:09:32 - [TEST_STEP][PASSED] - else if (planFact == 2): null

11-12-2024T08:09:32 - [TEST_STEP][PASSED] - click(findTestObject("Выполнение бизнес-плана/Кнопка План")): Object: 'Object Repository/Выполнение бизнес-плана/Кнопка План' is clicked on

11-12-2024T08:09:33 - [MESSAGE][PASSED] - Object: 'Object Repository/Выполнение бизнес-плана/Кнопка План' is clicked on

11-12-2024T08:09:33 - [TEST_STEP][PASSED] - typeOfDataMain = "План": null

11-12-2024T08:09:33 - [TEST_STEP][PASSED] - otpusk = findTestData("PlanFact").getValue(2, a): null

11-12-2024T08:09:33 - [TEST_STEP][PASSED] - poteri = findTestData("PlanFact").getValue(3, a): null

11-12-2024T08:09:33 - [TEST_STEP][PASSED] - otpusk = otpusk.replaceAll("\s+", ""): null

11-12-2024T08:09:33 - [TEST_STEP][PASSED] - poteri = poteri.replaceAll("\s+", ""): null

11-12-2024T08:09:33 - [TEST_STEP][PASSED] - typeOfData = typeOfDataMain + " Отпуск в сеть": null

11-12-2024T08:09:33 - [TEST_STEP][PASSED] - if (a == 82): null

11-12-2024T08:09:33 - [TEST_STEP][PASSED] - else if (a == 84): null

11-12-2024T08:09:33 - [TEST_STEP][PASSED] - else if (a == 52 || a == 72 || a == 28 || a == 73 || a == 77 || a == 74 || a == 65 || a == 36 || a == 44 || a == 53 || a == 80 || a == 54 || a == 1 || a == 18 || a == 59 || a == 81): null

11-12-2024T08:09:33 - [TEST_STEP][PASSED] - else: null

11-12-2024T08:09:33 - [TEST_STEP][PASSED] - path = dataFolder + typeOfData + " за отчётный период " + b: null

11-12-2024T08:09:33 - [TEST_STEP][PASSED] - println(path): null

11-12-2024T08:09:33 - [TEST_STEP][PASSED] - page = getText(findTestObject(path)): Text of object 'Object Repository/Выполнение бизнес-плана/Значения со страницы Выполнение бизнес-плана/План Отпуск в сеть за отчётный период Кировэнерго' is: '4 451 129'

11-12-2024T08:09:33 - [MESSAGE][PASSED] - Text of object 'Object Repository/Выполнение бизнес-плана/Значения со страницы Выполнение бизнес-плана/План Отпуск в сеть за отчётный период Кировэнерго' is: '4 451 129'

11-12-2024T08:09:33 - [TEST_STEP][PASSED] - page = page.replaceAll("\s+", ""): null

11-12-2024T08:09:33 - [TEST_STEP][PASSED] - fileOtpuskVSet = otpusk.toInteger(): null

11-12-2024T08:09:33 - [TEST_STEP][PASSED] - pageOtpuskVSet = page.toInteger(): null

11-12-2024T08:09:33 - [TEST_STEP][PASSED] - typeOfData = typeOfDataMain + " Потери": null

11-12-2024T08:09:33 - [TEST_STEP][PASSED] - if (a == 82): null

11-12-2024T08:09:33 - [TEST_STEP][PASSED] - else if (a == 84): null

11-12-2024T08:09:33 - [TEST_STEP][PASSED] - else if (a == 52 || a == 72 || a == 28 || a == 73 || a == 77 || a == 74 || a == 65 || a == 36 || a == 44 || a == 53 || a == 80 || a == 54 || a == 1 || a == 18 || a == 59 || a == 81): null

11-12-2024T08:09:33 - [TEST_STEP][PASSED] - else: null

11-12-2024T08:09:33 - [TEST_STEP][PASSED] - path = dataFolder + typeOfData + " за отчётный период " + b: null

11-12-2024T08:09:33 - [TEST_STEP][PASSED] - page = getText(findTestObject(path)): Text of object 'Object Repository/Выполнение бизнес-плана/Значения со страницы Выполнение бизнес-плана/План Потери за отчётный период Кировэнерго' is: '189 654'

11-12-2024T08:09:33 - [MESSAGE][PASSED] - Text of object 'Object Repository/Выполнение бизнес-плана/Значения со страницы Выполнение бизнес-плана/План Потери за отчётный период Кировэнерго' is: '189 654'

11-12-2024T08:09:33 - [TEST_STEP][PASSED] - page = page.replaceAll("\s+", ""): null

11-12-2024T08:09:33 - [TEST_STEP][PASSED] - filePoteri = poteri.toInteger(): null

11-12-2024T08:09:33 - [TEST_STEP][PASSED] - pagePoteri = page.toInteger(): null

11-12-2024T08:09:33 - [TEST_STEP][PASSED] - compare = pageOtpuskVSet: null

11-12-2024T08:09:33 - [TEST_STEP][PASSED] - if (compare == fileOtpuskVSet): null

11-12-2024T08:09:33 - [TEST_STEP][PASSED] - if (compare == fileOtpuskVSet): null

11-12-2024T08:09:33 - [TEST_STEP][PASSED] - compare = pagePoteri: null

11-12-2024T08:09:33 - [TEST_STEP][PASSED] - if (compare == filePoteri): null

11-12-2024T08:09:33 - [TEST_STEP][PASSED] - if (compare == filePoteri): null

11-12-2024T08:09:33 - [TEST_STEP][PASSED] - if (planFact == 2): Object: 'Object Repository/Выполнение бизнес-плана/Кнопка Факт' is clicked on

11-12-2024T08:09:33 - [TEST_STEP][PASSED] - click(findTestObject("Выполнение бизнес-плана/Кнопка Факт")): Object: 'Object Repository/Выполнение бизнес-плана/Кнопка Факт' is clicked on

11-12-2024T08:09:34 - [MESSAGE][PASSED] - Object: 'Object Repository/Выполнение бизнес-плана/Кнопка Факт' is clicked on

11-12-2024T08:09:34 - [TEST_STEP][PASSED] - if (a == 84 || a == 82): null

11-12-2024T08:09:34 - [TEST_STEP][PASSED] - else if (a == 52 || a == 72 || a == 28 || a == 73 || a == 77 || a == 74 || a == 65 || a == 36 || a == 44 || a == 53 || a == 80 || a == 54 || a == 1 || a == 18 || a == 59 || a == 81): null

11-12-2024T08:09:34 - [TEST_STEP][PASSED] - else: null

11-12-2024T08:09:34 - [TEST_STEP][PASSED] - page1 = getText(findTestObject("Object Repository/Выполнение бизнес-плана/spanPlan" + filialNum)): Text of object 'Object Repository/Выполнение бизнес-плана/spanPlan4' is: '4.26
|'

11-12-2024T08:09:34 - [MESSAGE][PASSED] - Text of object 'Object Repository/Выполнение бизнес-плана/spanPlan4' is: '4.26
|'

11-12-2024T08:09:34 - [TEST_STEP][PASSED] - page1 = page1.replace("|", ""): null

11-12-2024T08:09:34 - [TEST_STEP][PASSED] - page2 = getText(findTestObject("Object Repository/Выполнение бизнес-плана/spanFact" + filialNum)): Text of object 'Object Repository/Выполнение бизнес-плана/spanFact4' is: '3.64
|'

11-12-2024T08:09:34 - [MESSAGE][PASSED] - Text of object 'Object Repository/Выполнение бизнес-плана/spanFact4' is: '3.64
|'

11-12-2024T08:09:34 - [TEST_STEP][PASSED] - page2 = page2.replace("|", ""): null

11-12-2024T08:09:34 - [TEST_STEP][PASSED] - println("page1: " + page1): null

11-12-2024T08:09:34 - [TEST_STEP][PASSED] - println("page2: " + page2): null

11-12-2024T08:09:34 - [TEST_STEP][PASSED] - file = findTestData("PlanFact").getValue(4, a): null

11-12-2024T08:09:34 - [TEST_STEP][PASSED] - file = file.replace(",", "."): null

11-12-2024T08:09:34 - [TEST_STEP][PASSED] - println("file Plan: " + file): null

11-12-2024T08:09:34 - [TEST_STEP][PASSED] - typeOfData = "План в процентах": null

11-12-2024T08:09:34 - [TEST_STEP][PASSED] - fileDouble = file.toDouble(): null

11-12-2024T08:09:34 - [TEST_STEP][PASSED] - pageDouble = page1.toDouble(): null

11-12-2024T08:09:34 - [TEST_STEP][PASSED] - if (fileDouble != pageDouble): null

11-12-2024T08:09:34 - [TEST_STEP][PASSED] - file = findTestData("PlanFact").getValue(7, a): null

11-12-2024T08:09:34 - [TEST_STEP][PASSED] - file = file.replace(",", "."): null

11-12-2024T08:09:34 - [TEST_STEP][PASSED] - println("file Fact: " + file): null

11-12-2024T08:09:34 - [TEST_STEP][PASSED] - fileDouble = file.toDouble(): null

11-12-2024T08:09:34 - [TEST_STEP][PASSED] - typeOfData = "Факт в процентах": null

11-12-2024T08:09:34 - [TEST_STEP][PASSED] - fileDouble = file.toDouble(): null

11-12-2024T08:09:34 - [TEST_STEP][PASSED] - pageDouble = page2.toDouble(): null

11-12-2024T08:09:34 - [TEST_STEP][PASSED] - if (fileDouble != pageDouble): null

11-12-2024T08:09:34 - [TEST_STEP][PASSED] - if (verifyEqual(numberOfErrors, 0) == false): Actual object '0' and expected object '0' are equal

11-12-2024T08:09:34 - [MESSAGE][PASSED] - Actual object '0' and expected object '0' are equal

11-12-2024T08:09:34 - [TEST_STEP][PASSED] - if (a == 82): null

11-12-2024T08:09:34 - [TEST_STEP][PASSED] - dZO = "Мариэнерго": null

11-12-2024T08:09:34 - [TEST_STEP][PASSED] - a = 23: null

11-12-2024T08:09:34 - [TEST_STEP][PASSED] - if (x2.contains(dZO)): null

11-12-2024T08:09:34 - [TEST_STEP][PASSED] - filialNum = filialNum + 1: null

11-12-2024T08:09:34 - [TEST_STEP][PASSED] - Script1718980020443.Numbers(a, typeOfData, todaysDate, pageInt, fileInt, pageDouble, fileDouble, dZO, dzoNum, filialNum): null

11-12-2024T08:09:34 - [TEST_STEP][PASSED] - println(dzoNum): null

11-12-2024T08:09:34 - [TEST_STEP][PASSED] - planFact = <not implemented yet for class: org.codehaus.groovy.ast.expr.EmptyExpression>: null

11-12-2024T08:09:34 - [TEST_STEP][PASSED] - page = <not implemented yet for class: org.codehaus.groovy.ast.expr.EmptyExpression>: null

11-12-2024T08:09:34 - [TEST_STEP][PASSED] - page1 = <not implemented yet for class: org.codehaus.groovy.ast.expr.EmptyExpression>: null

11-12-2024T08:09:34 - [TEST_STEP][PASSED] - page2 = <not implemented yet for class: org.codehaus.groovy.ast.expr.EmptyExpression>: null

11-12-2024T08:09:34 - [TEST_STEP][PASSED] - filialNumberInRow = <not implemented yet for class: org.codehaus.groovy.ast.expr.EmptyExpression>: null

11-12-2024T08:09:34 - [TEST_STEP][PASSED] - filialsDzoNames = <not implemented yet for class: org.codehaus.groovy.ast.expr.EmptyExpression>: null

11-12-2024T08:09:34 - [TEST_STEP][PASSED] - numberOfFilials = <not implemented yet for class: org.codehaus.groovy.ast.expr.EmptyExpression>: null

11-12-2024T08:09:34 - [TEST_STEP][PASSED] - numberOfSpaces = <not implemented yet for class: org.codehaus.groovy.ast.expr.EmptyExpression>: null

11-12-2024T08:09:34 - [TEST_STEP][PASSED] - file = <not implemented yet for class: org.codehaus.groovy.ast.expr.EmptyExpression>: null

11-12-2024T08:09:34 - [TEST_STEP][PASSED] - otpusk = <not implemented yet for class: org.codehaus.groovy.ast.expr.EmptyExpression>: null

11-12-2024T08:09:34 - [TEST_STEP][PASSED] - poteri = <not implemented yet for class: org.codehaus.groovy.ast.expr.EmptyExpression>: null

11-12-2024T08:09:34 - [TEST_STEP][PASSED] - dataFolder = "Выполнение бизнес-плана/Значения со страницы Выполнение бизнес-плана/": null

11-12-2024T08:09:34 - [TEST_STEP][PASSED] - path = <not implemented yet for class: org.codehaus.groovy.ast.expr.EmptyExpression>: null

11-12-2024T08:09:34 - [TEST_STEP][PASSED] - typeOfDataMain = <not implemented yet for class: org.codehaus.groovy.ast.expr.EmptyExpression>: null

11-12-2024T08:09:34 - [TEST_STEP][PASSED] - fileOtpuskVSet = <not implemented yet for class: org.codehaus.groovy.ast.expr.EmptyExpression>: null

11-12-2024T08:09:34 - [TEST_STEP][PASSED] - pageOtpuskVSet = <not implemented yet for class: org.codehaus.groovy.ast.expr.EmptyExpression>: null

11-12-2024T08:09:34 - [TEST_STEP][PASSED] - filePoteri = <not implemented yet for class: org.codehaus.groovy.ast.expr.EmptyExpression>: null

11-12-2024T08:09:34 - [TEST_STEP][PASSED] - pagePoteri = <not implemented yet for class: org.codehaus.groovy.ast.expr.EmptyExpression>: null

11-12-2024T08:09:34 - [TEST_STEP][PASSED] - compare = <not implemented yet for class: org.codehaus.groovy.ast.expr.EmptyExpression>: null

11-12-2024T08:09:34 - [TEST_STEP][PASSED] - b = <not implemented yet for class: org.codehaus.groovy.ast.expr.EmptyExpression>: null

11-12-2024T08:09:34 - [TEST_STEP][PASSED] - i = <not implemented yet for class: org.codehaus.groovy.ast.expr.EmptyExpression>: null

11-12-2024T08:09:34 - [TEST_STEP][PASSED] - ii = <not implemented yet for class: org.codehaus.groovy.ast.expr.EmptyExpression>: null

11-12-2024T08:09:34 - [TEST_STEP][PASSED] - c = <not implemented yet for class: org.codehaus.groovy.ast.expr.EmptyExpression>: null

11-12-2024T08:09:34 - [TEST_STEP][PASSED] - numberOfErrors = 0: null

11-12-2024T08:09:34 - [TEST_STEP][PASSED] - if (a == 82): null

11-12-2024T08:09:34 - [TEST_STEP][PASSED] - b = findTestData("PlanFact").getValue(1, a): null

11-12-2024T08:09:34 - [TEST_STEP][PASSED] - i = b.indexOf(" (ГК)"): null

11-12-2024T08:09:34 - [TEST_STEP][PASSED] - if (i > -1): null

11-12-2024T08:09:34 - [TEST_STEP][PASSED] - i = b.indexOf("О ""): null

11-12-2024T08:09:34 - [TEST_STEP][PASSED] - if (i > -1): null

11-12-2024T08:09:34 - [TEST_STEP][PASSED] - i = b.indexOf("О «"): null

11-12-2024T08:09:34 - [TEST_STEP][PASSED] - if (i > -1): null

11-12-2024T08:09:34 - [TEST_STEP][PASSED] - i = b.indexOf("г. "): null

11-12-2024T08:09:34 - [TEST_STEP][PASSED] - if (i > -1): null

11-12-2024T08:09:34 - [TEST_STEP][PASSED] - println(b): null

11-12-2024T08:09:34 - [TEST_STEP][PASSED] - for ([planFact = 1, planFact < 3, (planFact++)]): null

11-12-2024T08:09:34 - [TEST_STEP][PASSED] - if (planFact == 1): null

11-12-2024T08:09:34 - [TEST_STEP][PASSED] - typeOfDataMain = "Факт": null

11-12-2024T08:09:34 - [TEST_STEP][PASSED] - otpusk = findTestData("PlanFact").getValue(5, a): null

11-12-2024T08:09:34 - [TEST_STEP][PASSED] - poteri = findTestData("PlanFact").getValue(6, a): null

11-12-2024T08:09:34 - [TEST_STEP][PASSED] - otpusk = otpusk.replaceAll("\s+", ""): null

11-12-2024T08:09:34 - [TEST_STEP][PASSED] - poteri = poteri.replaceAll("\s+", ""): null

11-12-2024T08:09:34 - [TEST_STEP][PASSED] - typeOfData = typeOfDataMain + " Отпуск в сеть": null

11-12-2024T08:09:34 - [TEST_STEP][PASSED] - if (a == 82): null

11-12-2024T08:09:34 - [TEST_STEP][PASSED] - else if (a == 84): null

11-12-2024T08:09:34 - [TEST_STEP][PASSED] - else if (a == 52 || a == 72 || a == 28 || a == 73 || a == 77 || a == 74 || a == 65 || a == 36 || a == 44 || a == 53 || a == 80 || a == 54 || a == 1 || a == 18 || a == 59 || a == 81): null

11-12-2024T08:09:34 - [TEST_STEP][PASSED] - else: null

11-12-2024T08:09:34 - [TEST_STEP][PASSED] - path = dataFolder + typeOfData + " за отчётный период " + b: null

11-12-2024T08:09:34 - [TEST_STEP][PASSED] - println(path): null

11-12-2024T08:09:34 - [TEST_STEP][PASSED] - page = getText(findTestObject(path)): Text of object 'Object Repository/Выполнение бизнес-плана/Значения со страницы Выполнение бизнес-плана/Факт Отпуск в сеть за отчётный период Мариэнерго' is: '1 464 353'

11-12-2024T08:09:35 - [MESSAGE][PASSED] - Text of object 'Object Repository/Выполнение бизнес-плана/Значения со страницы Выполнение бизнес-плана/Факт Отпуск в сеть за отчётный период Мариэнерго' is: '1 464 353'

11-12-2024T08:09:35 - [TEST_STEP][PASSED] - page = page.replaceAll("\s+", ""): null

11-12-2024T08:09:35 - [TEST_STEP][PASSED] - fileOtpuskVSet = otpusk.toInteger(): null

11-12-2024T08:09:35 - [TEST_STEP][PASSED] - pageOtpuskVSet = page.toInteger(): null

11-12-2024T08:09:35 - [TEST_STEP][PASSED] - typeOfData = typeOfDataMain + " Потери": null

11-12-2024T08:09:35 - [TEST_STEP][PASSED] - if (a == 82): null

11-12-2024T08:09:35 - [TEST_STEP][PASSED] - else if (a == 84): null

11-12-2024T08:09:35 - [TEST_STEP][PASSED] - else if (a == 52 || a == 72 || a == 28 || a == 73 || a == 77 || a == 74 || a == 65 || a == 36 || a == 44 || a == 53 || a == 80 || a == 54 || a == 1 || a == 18 || a == 59 || a == 81): null

11-12-2024T08:09:35 - [TEST_STEP][PASSED] - else: null

11-12-2024T08:09:35 - [TEST_STEP][PASSED] - path = dataFolder + typeOfData + " за отчётный период " + b: null

11-12-2024T08:09:35 - [TEST_STEP][PASSED] - page = getText(findTestObject(path)): Text of object 'Object Repository/Выполнение бизнес-плана/Значения со страницы Выполнение бизнес-плана/Факт Потери за отчётный период Мариэнерго' is: '114 010'

11-12-2024T08:09:35 - [MESSAGE][PASSED] - Text of object 'Object Repository/Выполнение бизнес-плана/Значения со страницы Выполнение бизнес-плана/Факт Потери за отчётный период Мариэнерго' is: '114 010'

11-12-2024T08:09:35 - [TEST_STEP][PASSED] - page = page.replaceAll("\s+", ""): null

11-12-2024T08:09:35 - [TEST_STEP][PASSED] - filePoteri = poteri.toInteger(): null

11-12-2024T08:09:35 - [TEST_STEP][PASSED] - pagePoteri = page.toInteger(): null

11-12-2024T08:09:35 - [TEST_STEP][PASSED] - compare = pageOtpuskVSet: null

11-12-2024T08:09:35 - [TEST_STEP][PASSED] - if (compare == fileOtpuskVSet): null

11-12-2024T08:09:35 - [TEST_STEP][PASSED] - else if (compare > fileOtpuskVSet): null

11-12-2024T08:09:35 - [TEST_STEP][PASSED] - else if (compare < fileOtpuskVSet): null

11-12-2024T08:09:35 - [TEST_STEP][PASSED] - compare = compare + 1: null

11-12-2024T08:09:35 - [TEST_STEP][PASSED] - if (compare == fileOtpuskVSet): null

11-12-2024T08:09:35 - [TEST_STEP][PASSED] - else: null

11-12-2024T08:09:35 - [TEST_STEP][PASSED] - numberOfErrors = numberOfErrors + 1: null

11-12-2024T08:09:35 - [TEST_STEP][PASSED] - pageInt = pageOtpuskVSet: null

11-12-2024T08:09:35 - [TEST_STEP][PASSED] - fileInt = fileOtpuskVSet: null

11-12-2024T08:09:35 - [TEST_STEP][PASSED] - typeOfData = typeOfDataMain + " Отпуск в сеть": null

11-12-2024T08:09:35 - [TEST_STEP][PASSED] - Script1718980020443.WriteToExcel(a, typeOfData, todaysDate, pageInt, fileInt, pageDouble, fileDouble, dZO): null

11-12-2024T08:09:35 - [TEST_STEP][PASSED] - sheetName = "Sheet1": null

11-12-2024T08:09:35 - [TEST_STEP][PASSED] - data = findTestData("PlanFact"): null

11-12-2024T08:09:35 - [TEST_STEP][PASSED] - n = data.getRowNumbers() + 1: null

11-12-2024T08:09:35 - [TEST_STEP][PASSED] - year = todaysDate.substring(todaysDate.length() - 4, todaysDate.length()): null

11-12-2024T08:09:35 - [TEST_STEP][PASSED] - y = year.toInteger(): null

11-12-2024T08:09:35 - [TEST_STEP][PASSED] - m = getText(findTestObject("Выполнение бизнес-плана/Период")): Text of object 'Object Repository/Выполнение бизнес-плана/Период' is: '1, 2, 3 кв., Октябрь 2024 года'

11-12-2024T08:09:35 - [MESSAGE][PASSED] - Text of object 'Object Repository/Выполнение бизнес-плана/Период' is: '1, 2, 3 кв., Октябрь 2024 года'

11-12-2024T08:09:35 - [TEST_STEP][PASSED] - m = m.substring(0, m.indexOf("2024")): null

11-12-2024T08:09:35 - [TEST_STEP][PASSED] - m = m.trim(): null

11-12-2024T08:09:35 - [TEST_STEP][PASSED] - dashboardName = "Выполнение бизнес-плана": null

11-12-2024T08:09:35 - [TEST_STEP][PASSED] - workbook01 = getWorkbook(excelFilePath): null

11-12-2024T08:09:36 - [TEST_STEP][PASSED] - sheet01 = getExcelSheet(workbook01, sheetName): null

11-12-2024T08:09:36 - [TEST_STEP][PASSED] - setValueToCellByIndex(sheet01, n, 0, dashboardName): null

11-12-2024T08:09:36 - [TEST_STEP][PASSED] - setValueToCellByIndex(sheet01, n, 1, dZO): null

11-12-2024T08:09:36 - [TEST_STEP][PASSED] - setValueToCellByIndex(sheet01, n, 2, typeOfData): null

11-12-2024T08:09:36 - [TEST_STEP][PASSED] - if (typeOfData == "Факт в процентах" || typeOfData == "План в процентах"): null

11-12-2024T08:09:36 - [TEST_STEP][PASSED] - else: null

11-12-2024T08:09:36 - [TEST_STEP][PASSED] - setValueToCellByIndex(sheet01, n, 3, fileInt): null

11-12-2024T08:09:36 - [TEST_STEP][PASSED] - setValueToCellByIndex(sheet01, n, 4, pageInt): null

11-12-2024T08:09:36 - [TEST_STEP][PASSED] - setValueToCellByIndex(sheet01, n, 5, m): null

11-12-2024T08:09:36 - [TEST_STEP][PASSED] - setValueToCellByIndex(sheet01, n, 6, y): null

11-12-2024T08:09:36 - [TEST_STEP][PASSED] - setValueToCellByIndex(sheet01, n, 7, todaysDate): null

11-12-2024T08:09:36 - [TEST_STEP][PASSED] - n = n + 1: null

11-12-2024T08:09:36 - [TEST_STEP][PASSED] - saveWorkbook(excelFilePath, workbook01): null

11-12-2024T08:09:36 - [TEST_STEP][PASSED] - compare = pagePoteri: null

11-12-2024T08:09:36 - [TEST_STEP][PASSED] - if (compare == filePoteri): null

11-12-2024T08:09:36 - [TEST_STEP][PASSED] - else if (compare > filePoteri): null

11-12-2024T08:09:36 - [TEST_STEP][PASSED] - else if (compare < filePoteri): null

11-12-2024T08:09:36 - [TEST_STEP][PASSED] - compare = compare + 1: null

11-12-2024T08:09:36 - [TEST_STEP][PASSED] - if (compare == filePoteri): null

11-12-2024T08:09:36 - [TEST_STEP][PASSED] - else: null

11-12-2024T08:09:36 - [TEST_STEP][PASSED] - numberOfErrors = numberOfErrors + 1: null

11-12-2024T08:09:36 - [TEST_STEP][PASSED] - pageInt = pagePoteri: null

11-12-2024T08:09:36 - [TEST_STEP][PASSED] - fileInt = filePoteri: null

11-12-2024T08:09:36 - [TEST_STEP][PASSED] - typeOfData = typeOfDataMain + " Потери": null

11-12-2024T08:09:36 - [TEST_STEP][PASSED] - Script1718980020443.WriteToExcel(a, typeOfData, todaysDate, pageInt, fileInt, pageDouble, fileDouble, dZO): null

11-12-2024T08:09:36 - [TEST_STEP][PASSED] - sheetName = "Sheet1": null

11-12-2024T08:09:36 - [TEST_STEP][PASSED] - data = findTestData("PlanFact"): null

11-12-2024T08:09:36 - [TEST_STEP][PASSED] - n = data.getRowNumbers() + 1: null

11-12-2024T08:09:36 - [TEST_STEP][PASSED] - year = todaysDate.substring(todaysDate.length() - 4, todaysDate.length()): null

11-12-2024T08:09:36 - [TEST_STEP][PASSED] - y = year.toInteger(): null

11-12-2024T08:09:36 - [TEST_STEP][PASSED] - m = getText(findTestObject("Выполнение бизнес-плана/Период")): Text of object 'Object Repository/Выполнение бизнес-плана/Период' is: '1, 2, 3 кв., Октябрь 2024 года'

11-12-2024T08:09:36 - [MESSAGE][PASSED] - Text of object 'Object Repository/Выполнение бизнес-плана/Период' is: '1, 2, 3 кв., Октябрь 2024 года'

11-12-2024T08:09:36 - [TEST_STEP][PASSED] - m = m.substring(0, m.indexOf("2024")): null

11-12-2024T08:09:36 - [TEST_STEP][PASSED] - m = m.trim(): null

11-12-2024T08:09:36 - [TEST_STEP][PASSED] - dashboardName = "Выполнение бизнес-плана": null

11-12-2024T08:09:36 - [TEST_STEP][PASSED] - workbook01 = getWorkbook(excelFilePath): null

11-12-2024T08:09:36 - [TEST_STEP][PASSED] - sheet01 = getExcelSheet(workbook01, sheetName): null

11-12-2024T08:09:36 - [TEST_STEP][PASSED] - setValueToCellByIndex(sheet01, n, 0, dashboardName): null

11-12-2024T08:09:36 - [TEST_STEP][PASSED] - setValueToCellByIndex(sheet01, n, 1, dZO): null

11-12-2024T08:09:36 - [TEST_STEP][PASSED] - setValueToCellByIndex(sheet01, n, 2, typeOfData): null

11-12-2024T08:09:36 - [TEST_STEP][PASSED] - if (typeOfData == "Факт в процентах" || typeOfData == "План в процентах"): null

11-12-2024T08:09:36 - [TEST_STEP][PASSED] - else: null

11-12-2024T08:09:36 - [TEST_STEP][PASSED] - setValueToCellByIndex(sheet01, n, 3, fileInt): null

11-12-2024T08:09:36 - [TEST_STEP][PASSED] - setValueToCellByIndex(sheet01, n, 4, pageInt): null

11-12-2024T08:09:36 - [TEST_STEP][PASSED] - setValueToCellByIndex(sheet01, n, 5, m): null

11-12-2024T08:09:36 - [TEST_STEP][PASSED] - setValueToCellByIndex(sheet01, n, 6, y): null

11-12-2024T08:09:36 - [TEST_STEP][PASSED] - setValueToCellByIndex(sheet01, n, 7, todaysDate): null

11-12-2024T08:09:36 - [TEST_STEP][PASSED] - n = n + 1: null

11-12-2024T08:09:36 - [TEST_STEP][PASSED] - saveWorkbook(excelFilePath, workbook01): null

11-12-2024T08:09:36 - [TEST_STEP][PASSED] - if (planFact == 2): null

11-12-2024T08:09:36 - [TEST_STEP][PASSED] - if (planFact == 1): null

11-12-2024T08:09:36 - [TEST_STEP][PASSED] - else if (planFact == 2): null

11-12-2024T08:09:36 - [TEST_STEP][PASSED] - click(findTestObject("Выполнение бизнес-плана/Кнопка План")): Object: 'Object Repository/Выполнение бизнес-плана/Кнопка План' is clicked on

11-12-2024T08:09:37 - [MESSAGE][PASSED] - Object: 'Object Repository/Выполнение бизнес-плана/Кнопка План' is clicked on

11-12-2024T08:09:37 - [TEST_STEP][PASSED] - typeOfDataMain = "План": null

11-12-2024T08:09:37 - [TEST_STEP][PASSED] - otpusk = findTestData("PlanFact").getValue(2, a): null

11-12-2024T08:09:37 - [TEST_STEP][PASSED] - poteri = findTestData("PlanFact").getValue(3, a): null

11-12-2024T08:09:37 - [TEST_STEP][PASSED] - otpusk = otpusk.replaceAll("\s+", ""): null

11-12-2024T08:09:37 - [TEST_STEP][PASSED] - poteri = poteri.replaceAll("\s+", ""): null

11-12-2024T08:09:37 - [TEST_STEP][PASSED] - typeOfData = typeOfDataMain + " Отпуск в сеть": null

11-12-2024T08:09:37 - [TEST_STEP][PASSED] - if (a == 82): null

11-12-2024T08:09:37 - [TEST_STEP][PASSED] - else if (a == 84): null

11-12-2024T08:09:37 - [TEST_STEP][PASSED] - else if (a == 52 || a == 72 || a == 28 || a == 73 || a == 77 || a == 74 || a == 65 || a == 36 || a == 44 || a == 53 || a == 80 || a == 54 || a == 1 || a == 18 || a == 59 || a == 81): null

11-12-2024T08:09:37 - [TEST_STEP][PASSED] - else: null

11-12-2024T08:09:37 - [TEST_STEP][PASSED] - path = dataFolder + typeOfData + " за отчётный период " + b: null

11-12-2024T08:09:37 - [TEST_STEP][PASSED] - println(path): null

11-12-2024T08:09:37 - [TEST_STEP][PASSED] - page = getText(findTestObject(path)): Text of object 'Object Repository/Выполнение бизнес-плана/Значения со страницы Выполнение бизнес-плана/План Отпуск в сеть за отчётный период Мариэнерго' is: '1 417 451'

11-12-2024T08:09:37 - [MESSAGE][PASSED] - Text of object 'Object Repository/Выполнение бизнес-плана/Значения со страницы Выполнение бизнес-плана/План Отпуск в сеть за отчётный период Мариэнерго' is: '1 417 451'

11-12-2024T08:09:37 - [TEST_STEP][PASSED] - page = page.replaceAll("\s+", ""): null

11-12-2024T08:09:37 - [TEST_STEP][PASSED] - fileOtpuskVSet = otpusk.toInteger(): null

11-12-2024T08:09:37 - [TEST_STEP][PASSED] - pageOtpuskVSet = page.toInteger(): null

11-12-2024T08:09:37 - [TEST_STEP][PASSED] - typeOfData = typeOfDataMain + " Потери": null

11-12-2024T08:09:37 - [TEST_STEP][PASSED] - if (a == 82): null

11-12-2024T08:09:37 - [TEST_STEP][PASSED] - else if (a == 84): null

11-12-2024T08:09:37 - [TEST_STEP][PASSED] - else if (a == 52 || a == 72 || a == 28 || a == 73 || a == 77 || a == 74 || a == 65 || a == 36 || a == 44 || a == 53 || a == 80 || a == 54 || a == 1 || a == 18 || a == 59 || a == 81): null

11-12-2024T08:09:37 - [TEST_STEP][PASSED] - else: null

11-12-2024T08:09:37 - [TEST_STEP][PASSED] - path = dataFolder + typeOfData + " за отчётный период " + b: null

11-12-2024T08:09:37 - [TEST_STEP][PASSED] - page = getText(findTestObject(path)): Text of object 'Object Repository/Выполнение бизнес-плана/Значения со страницы Выполнение бизнес-плана/План Потери за отчётный период Мариэнерго' is: '114 726'

11-12-2024T08:09:37 - [MESSAGE][PASSED] - Text of object 'Object Repository/Выполнение бизнес-плана/Значения со страницы Выполнение бизнес-плана/План Потери за отчётный период Мариэнерго' is: '114 726'

11-12-2024T08:09:37 - [TEST_STEP][PASSED] - page = page.replaceAll("\s+", ""): null

11-12-2024T08:09:37 - [TEST_STEP][PASSED] - filePoteri = poteri.toInteger(): null

11-12-2024T08:09:37 - [TEST_STEP][PASSED] - pagePoteri = page.toInteger(): null

11-12-2024T08:09:37 - [TEST_STEP][PASSED] - compare = pageOtpuskVSet: null

11-12-2024T08:09:37 - [TEST_STEP][PASSED] - if (compare == fileOtpuskVSet): null

11-12-2024T08:09:37 - [TEST_STEP][PASSED] - else if (compare > fileOtpuskVSet): null

11-12-2024T08:09:37 - [TEST_STEP][PASSED] - else if (compare < fileOtpuskVSet): null

11-12-2024T08:09:37 - [TEST_STEP][PASSED] - compare = compare + 1: null

11-12-2024T08:09:37 - [TEST_STEP][PASSED] - if (compare == fileOtpuskVSet): null

11-12-2024T08:09:37 - [TEST_STEP][PASSED] - else: null

11-12-2024T08:09:37 - [TEST_STEP][PASSED] - numberOfErrors = numberOfErrors + 1: null

11-12-2024T08:09:37 - [TEST_STEP][PASSED] - pageInt = pageOtpuskVSet: null

11-12-2024T08:09:37 - [TEST_STEP][PASSED] - fileInt = fileOtpuskVSet: null

11-12-2024T08:09:37 - [TEST_STEP][PASSED] - typeOfData = typeOfDataMain + " Отпуск в сеть": null

11-12-2024T08:09:37 - [TEST_STEP][PASSED] - Script1718980020443.WriteToExcel(a, typeOfData, todaysDate, pageInt, fileInt, pageDouble, fileDouble, dZO): null

11-12-2024T08:09:37 - [TEST_STEP][PASSED] - sheetName = "Sheet1": null

11-12-2024T08:09:37 - [TEST_STEP][PASSED] - data = findTestData("PlanFact"): null

11-12-2024T08:09:38 - [TEST_STEP][PASSED] - n = data.getRowNumbers() + 1: null

11-12-2024T08:09:38 - [TEST_STEP][PASSED] - year = todaysDate.substring(todaysDate.length() - 4, todaysDate.length()): null

11-12-2024T08:09:38 - [TEST_STEP][PASSED] - y = year.toInteger(): null

11-12-2024T08:09:38 - [TEST_STEP][PASSED] - m = getText(findTestObject("Выполнение бизнес-плана/Период")): Text of object 'Object Repository/Выполнение бизнес-плана/Период' is: '1, 2, 3 кв., Октябрь 2024 года'

11-12-2024T08:09:38 - [MESSAGE][PASSED] - Text of object 'Object Repository/Выполнение бизнес-плана/Период' is: '1, 2, 3 кв., Октябрь 2024 года'

11-12-2024T08:09:38 - [TEST_STEP][PASSED] - m = m.substring(0, m.indexOf("2024")): null

11-12-2024T08:09:38 - [TEST_STEP][PASSED] - m = m.trim(): null

11-12-2024T08:09:38 - [TEST_STEP][PASSED] - dashboardName = "Выполнение бизнес-плана": null

11-12-2024T08:09:38 - [TEST_STEP][PASSED] - workbook01 = getWorkbook(excelFilePath): null

11-12-2024T08:09:38 - [TEST_STEP][PASSED] - sheet01 = getExcelSheet(workbook01, sheetName): null

11-12-2024T08:09:38 - [TEST_STEP][PASSED] - setValueToCellByIndex(sheet01, n, 0, dashboardName): null

11-12-2024T08:09:38 - [TEST_STEP][PASSED] - setValueToCellByIndex(sheet01, n, 1, dZO): null

11-12-2024T08:09:38 - [TEST_STEP][PASSED] - setValueToCellByIndex(sheet01, n, 2, typeOfData): null

11-12-2024T08:09:38 - [TEST_STEP][PASSED] - if (typeOfData == "Факт в процентах" || typeOfData == "План в процентах"): null

11-12-2024T08:09:38 - [TEST_STEP][PASSED] - else: null

11-12-2024T08:09:38 - [TEST_STEP][PASSED] - setValueToCellByIndex(sheet01, n, 3, fileInt): null

11-12-2024T08:09:38 - [TEST_STEP][PASSED] - setValueToCellByIndex(sheet01, n, 4, pageInt): null

11-12-2024T08:09:38 - [TEST_STEP][PASSED] - setValueToCellByIndex(sheet01, n, 5, m): null

11-12-2024T08:09:38 - [TEST_STEP][PASSED] - setValueToCellByIndex(sheet01, n, 6, y): null

11-12-2024T08:09:38 - [TEST_STEP][PASSED] - setValueToCellByIndex(sheet01, n, 7, todaysDate): null

11-12-2024T08:09:38 - [TEST_STEP][PASSED] - n = n + 1: null

11-12-2024T08:09:38 - [TEST_STEP][PASSED] - saveWorkbook(excelFilePath, workbook01): null

11-12-2024T08:09:38 - [TEST_STEP][PASSED] - compare = pagePoteri: null

11-12-2024T08:09:38 - [TEST_STEP][PASSED] - if (compare == filePoteri): null

11-12-2024T08:09:38 - [TEST_STEP][PASSED] - else if (compare > filePoteri): null

11-12-2024T08:09:38 - [TEST_STEP][PASSED] - else if (compare < filePoteri): null

11-12-2024T08:09:38 - [TEST_STEP][PASSED] - compare = compare + 1: null

11-12-2024T08:09:38 - [TEST_STEP][PASSED] - if (compare == filePoteri): null

11-12-2024T08:09:38 - [TEST_STEP][PASSED] - else: null

11-12-2024T08:09:38 - [TEST_STEP][PASSED] - numberOfErrors = numberOfErrors + 1: null

11-12-2024T08:09:38 - [TEST_STEP][PASSED] - pageInt = pagePoteri: null

11-12-2024T08:09:38 - [TEST_STEP][PASSED] - fileInt = filePoteri: null

11-12-2024T08:09:38 - [TEST_STEP][PASSED] - typeOfData = typeOfDataMain + " Потери": null

11-12-2024T08:09:38 - [TEST_STEP][PASSED] - Script1718980020443.WriteToExcel(a, typeOfData, todaysDate, pageInt, fileInt, pageDouble, fileDouble, dZO): null

11-12-2024T08:09:38 - [TEST_STEP][PASSED] - sheetName = "Sheet1": null

11-12-2024T08:09:38 - [TEST_STEP][PASSED] - data = findTestData("PlanFact"): null

11-12-2024T08:09:38 - [TEST_STEP][PASSED] - n = data.getRowNumbers() + 1: null

11-12-2024T08:09:38 - [TEST_STEP][PASSED] - year = todaysDate.substring(todaysDate.length() - 4, todaysDate.length()): null

11-12-2024T08:09:38 - [TEST_STEP][PASSED] - y = year.toInteger(): null

11-12-2024T08:09:38 - [TEST_STEP][PASSED] - m = getText(findTestObject("Выполнение бизнес-плана/Период")): Text of object 'Object Repository/Выполнение бизнес-плана/Период' is: '1, 2, 3 кв., Октябрь 2024 года'

11-12-2024T08:09:38 - [MESSAGE][PASSED] - Text of object 'Object Repository/Выполнение бизнес-плана/Период' is: '1, 2, 3 кв., Октябрь 2024 года'

11-12-2024T08:09:38 - [TEST_STEP][PASSED] - m = m.substring(0, m.indexOf("2024")): null

11-12-2024T08:09:38 - [TEST_STEP][PASSED] - m = m.trim(): null

11-12-2024T08:09:38 - [TEST_STEP][PASSED] - dashboardName = "Выполнение бизнес-плана": null

11-12-2024T08:09:38 - [TEST_STEP][PASSED] - workbook01 = getWorkbook(excelFilePath): null

11-12-2024T08:09:39 - [TEST_STEP][PASSED] - sheet01 = getExcelSheet(workbook01, sheetName): null

11-12-2024T08:09:39 - [TEST_STEP][PASSED] - setValueToCellByIndex(sheet01, n, 0, dashboardName): null

11-12-2024T08:09:39 - [TEST_STEP][PASSED] - setValueToCellByIndex(sheet01, n, 1, dZO): null

11-12-2024T08:09:39 - [TEST_STEP][PASSED] - setValueToCellByIndex(sheet01, n, 2, typeOfData): null

11-12-2024T08:09:39 - [TEST_STEP][PASSED] - if (typeOfData == "Факт в процентах" || typeOfData == "План в процентах"): null

11-12-2024T08:09:39 - [TEST_STEP][PASSED] - else: null

11-12-2024T08:09:39 - [TEST_STEP][PASSED] - setValueToCellByIndex(sheet01, n, 3, fileInt): null

11-12-2024T08:09:39 - [TEST_STEP][PASSED] - setValueToCellByIndex(sheet01, n, 4, pageInt): null

11-12-2024T08:09:39 - [TEST_STEP][PASSED] - setValueToCellByIndex(sheet01, n, 5, m): null

11-12-2024T08:09:39 - [TEST_STEP][PASSED] - setValueToCellByIndex(sheet01, n, 6, y): null

11-12-2024T08:09:39 - [TEST_STEP][PASSED] - setValueToCellByIndex(sheet01, n, 7, todaysDate): null

11-12-2024T08:09:39 - [TEST_STEP][PASSED] - n = n + 1: null

11-12-2024T08:09:39 - [TEST_STEP][PASSED] - saveWorkbook(excelFilePath, workbook01): Object: 'Object Repository/Выполнение бизнес-плана/Кнопка Факт' is clicked on

11-12-2024T08:09:39 - [TEST_STEP][PASSED] - if (planFact == 2): Object: 'Object Repository/Выполнение бизнес-плана/Кнопка Факт' is clicked on

11-12-2024T08:09:39 - [TEST_STEP][PASSED] - click(findTestObject("Выполнение бизнес-плана/Кнопка Факт")): Object: 'Object Repository/Выполнение бизнес-плана/Кнопка Факт' is clicked on

11-12-2024T08:09:39 - [MESSAGE][PASSED] - Object: 'Object Repository/Выполнение бизнес-плана/Кнопка Факт' is clicked on

11-12-2024T08:09:39 - [TEST_STEP][PASSED] - if (a == 84 || a == 82): null

11-12-2024T08:09:39 - [TEST_STEP][PASSED] - else if (a == 52 || a == 72 || a == 28 || a == 73 || a == 77 || a == 74 || a == 65 || a == 36 || a == 44 || a == 53 || a == 80 || a == 54 || a == 1 || a == 18 || a == 59 || a == 81): null

11-12-2024T08:09:39 - [TEST_STEP][PASSED] - else: null

11-12-2024T08:09:39 - [TEST_STEP][PASSED] - page1 = getText(findTestObject("Object Repository/Выполнение бизнес-плана/spanPlan" + filialNum)): Text of object 'Object Repository/Выполнение бизнес-плана/spanPlan5' is: '8.09
|'

11-12-2024T08:09:39 - [MESSAGE][PASSED] - Text of object 'Object Repository/Выполнение бизнес-плана/spanPlan5' is: '8.09
|'

11-12-2024T08:09:39 - [TEST_STEP][PASSED] - page1 = page1.replace("|", ""): null

11-12-2024T08:09:39 - [TEST_STEP][PASSED] - page2 = getText(findTestObject("Object Repository/Выполнение бизнес-плана/spanFact" + filialNum)): Text of object 'Object Repository/Выполнение бизнес-плана/spanFact5' is: '7.79
|'

11-12-2024T08:09:40 - [MESSAGE][PASSED] - Text of object 'Object Repository/Выполнение бизнес-плана/spanFact5' is: '7.79
|'

11-12-2024T08:09:40 - [TEST_STEP][PASSED] - page2 = page2.replace("|", ""): null

11-12-2024T08:09:40 - [TEST_STEP][PASSED] - println("page1: " + page1): null

11-12-2024T08:09:40 - [TEST_STEP][PASSED] - println("page2: " + page2): null

11-12-2024T08:09:40 - [TEST_STEP][PASSED] - file = findTestData("PlanFact").getValue(4, a): null

11-12-2024T08:09:40 - [TEST_STEP][PASSED] - file = file.replace(",", "."): null

11-12-2024T08:09:40 - [TEST_STEP][PASSED] - println("file Plan: " + file): null

11-12-2024T08:09:40 - [TEST_STEP][PASSED] - typeOfData = "План в процентах": null

11-12-2024T08:09:40 - [TEST_STEP][PASSED] - fileDouble = file.toDouble(): null

11-12-2024T08:09:40 - [TEST_STEP][PASSED] - pageDouble = page1.toDouble(): null

11-12-2024T08:09:40 - [TEST_STEP][PASSED] - if (fileDouble != pageDouble): null

11-12-2024T08:09:40 - [TEST_STEP][PASSED] - numberOfErrors = numberOfErrors + 1: null

11-12-2024T08:09:40 - [TEST_STEP][PASSED] - Script1718980020443.WriteToExcel(a, typeOfData, todaysDate, pageInt, fileInt, pageDouble, fileDouble, dZO): null

11-12-2024T08:09:40 - [TEST_STEP][PASSED] - sheetName = "Sheet1": null

11-12-2024T08:09:40 - [TEST_STEP][PASSED] - data = findTestData("PlanFact"): null

11-12-2024T08:09:40 - [TEST_STEP][PASSED] - n = data.getRowNumbers() + 1: null

11-12-2024T08:09:40 - [TEST_STEP][PASSED] - year = todaysDate.substring(todaysDate.length() - 4, todaysDate.length()): null

11-12-2024T08:09:40 - [TEST_STEP][PASSED] - y = year.toInteger(): null

11-12-2024T08:09:40 - [TEST_STEP][PASSED] - m = getText(findTestObject("Выполнение бизнес-плана/Период")): Text of object 'Object Repository/Выполнение бизнес-плана/Период' is: '1, 2, 3 кв., Октябрь 2024 года'

11-12-2024T08:09:40 - [MESSAGE][PASSED] - Text of object 'Object Repository/Выполнение бизнес-плана/Период' is: '1, 2, 3 кв., Октябрь 2024 года'

11-12-2024T08:09:40 - [TEST_STEP][PASSED] - m = m.substring(0, m.indexOf("2024")): null

11-12-2024T08:09:40 - [TEST_STEP][PASSED] - m = m.trim(): null

11-12-2024T08:09:40 - [TEST_STEP][PASSED] - dashboardName = "Выполнение бизнес-плана": null

11-12-2024T08:09:40 - [TEST_STEP][PASSED] - workbook01 = getWorkbook(excelFilePath): null

11-12-2024T08:09:40 - [TEST_STEP][PASSED] - sheet01 = getExcelSheet(workbook01, sheetName): null

11-12-2024T08:09:40 - [TEST_STEP][PASSED] - setValueToCellByIndex(sheet01, n, 0, dashboardName): null

11-12-2024T08:09:40 - [TEST_STEP][PASSED] - setValueToCellByIndex(sheet01, n, 1, dZO): null

11-12-2024T08:09:40 - [TEST_STEP][PASSED] - setValueToCellByIndex(sheet01, n, 2, typeOfData): null

11-12-2024T08:09:40 - [TEST_STEP][PASSED] - if (typeOfData == "Факт в процентах" || typeOfData == "План в процентах"): null

11-12-2024T08:09:40 - [TEST_STEP][PASSED] - setValueToCellByIndex(sheet01, n, 3, fileDouble): null

11-12-2024T08:09:40 - [TEST_STEP][PASSED] - setValueToCellByIndex(sheet01, n, 4, pageDouble): null

11-12-2024T08:09:40 - [TEST_STEP][PASSED] - setValueToCellByIndex(sheet01, n, 5, m): null

11-12-2024T08:09:40 - [TEST_STEP][PASSED] - setValueToCellByIndex(sheet01, n, 6, y): null

11-12-2024T08:09:40 - [TEST_STEP][PASSED] - setValueToCellByIndex(sheet01, n, 7, todaysDate): null

11-12-2024T08:09:40 - [TEST_STEP][PASSED] - n = n + 1: null

11-12-2024T08:09:40 - [TEST_STEP][PASSED] - saveWorkbook(excelFilePath, workbook01): null

11-12-2024T08:09:40 - [TEST_STEP][PASSED] - file = findTestData("PlanFact").getValue(7, a): null

11-12-2024T08:09:40 - [TEST_STEP][PASSED] - file = file.replace(",", "."): null

11-12-2024T08:09:40 - [TEST_STEP][PASSED] - println("file Fact: " + file): null

11-12-2024T08:09:40 - [TEST_STEP][PASSED] - fileDouble = file.toDouble(): null

11-12-2024T08:09:40 - [TEST_STEP][PASSED] - typeOfData = "Факт в процентах": null

11-12-2024T08:09:40 - [TEST_STEP][PASSED] - fileDouble = file.toDouble(): null

11-12-2024T08:09:40 - [TEST_STEP][PASSED] - pageDouble = page2.toDouble(): null

11-12-2024T08:09:40 - [TEST_STEP][PASSED] - if (fileDouble != pageDouble): null

11-12-2024T08:09:40 - [TEST_STEP][PASSED] - numberOfErrors = numberOfErrors + 1: null

11-12-2024T08:09:40 - [TEST_STEP][PASSED] - Script1718980020443.WriteToExcel(a, typeOfData, todaysDate, pageInt, fileInt, pageDouble, fileDouble, dZO): null

11-12-2024T08:09:40 - [TEST_STEP][PASSED] - sheetName = "Sheet1": null

11-12-2024T08:09:40 - [TEST_STEP][PASSED] - data = findTestData("PlanFact"): null

11-12-2024T08:09:41 - [TEST_STEP][PASSED] - n = data.getRowNumbers() + 1: null

11-12-2024T08:09:41 - [TEST_STEP][PASSED] - year = todaysDate.substring(todaysDate.length() - 4, todaysDate.length()): null

11-12-2024T08:09:41 - [TEST_STEP][PASSED] - y = year.toInteger(): null

11-12-2024T08:09:41 - [TEST_STEP][PASSED] - m = getText(findTestObject("Выполнение бизнес-плана/Период")): Text of object 'Object Repository/Выполнение бизнес-плана/Период' is: '1, 2, 3 кв., Октябрь 2024 года'

11-12-2024T08:09:41 - [MESSAGE][PASSED] - Text of object 'Object Repository/Выполнение бизнес-плана/Период' is: '1, 2, 3 кв., Октябрь 2024 года'

11-12-2024T08:09:41 - [TEST_STEP][PASSED] - m = m.substring(0, m.indexOf("2024")): null

11-12-2024T08:09:41 - [TEST_STEP][PASSED] - m = m.trim(): null

11-12-2024T08:09:41 - [TEST_STEP][PASSED] - dashboardName = "Выполнение бизнес-плана": null

11-12-2024T08:09:41 - [TEST_STEP][PASSED] - workbook01 = getWorkbook(excelFilePath): null

11-12-2024T08:09:41 - [TEST_STEP][PASSED] - sheet01 = getExcelSheet(workbook01, sheetName): null

11-12-2024T08:09:41 - [TEST_STEP][PASSED] - setValueToCellByIndex(sheet01, n, 0, dashboardName): null

11-12-2024T08:09:41 - [TEST_STEP][PASSED] - setValueToCellByIndex(sheet01, n, 1, dZO): null

11-12-2024T08:09:41 - [TEST_STEP][PASSED] - setValueToCellByIndex(sheet01, n, 2, typeOfData): null

11-12-2024T08:09:41 - [TEST_STEP][PASSED] - if (typeOfData == "Факт в процентах" || typeOfData == "План в процентах"): null

11-12-2024T08:09:41 - [TEST_STEP][PASSED] - setValueToCellByIndex(sheet01, n, 3, fileDouble): null

11-12-2024T08:09:41 - [TEST_STEP][PASSED] - setValueToCellByIndex(sheet01, n, 4, pageDouble): null

11-12-2024T08:09:41 - [TEST_STEP][PASSED] - setValueToCellByIndex(sheet01, n, 5, m): null

11-12-2024T08:09:41 - [TEST_STEP][PASSED] - setValueToCellByIndex(sheet01, n, 6, y): null

11-12-2024T08:09:41 - [TEST_STEP][PASSED] - setValueToCellByIndex(sheet01, n, 7, todaysDate): null

11-12-2024T08:09:41 - [TEST_STEP][PASSED] - n = n + 1: null

11-12-2024T08:09:41 - [TEST_STEP][PASSED] - saveWorkbook(excelFilePath, workbook01): null

11-12-2024T08:09:41 - [TEST_STEP][FAILED] - if (verifyEqual(numberOfErrors, 0) == false): null

11-12-2024T08:09:41 - [MESSAGE][FAILED] - Unable to verify equal between actual object '6' and expected object '0' (Root cause: com.kms.katalon.core.exception.StepFailedException: Actual object '6' and expected object '0' are not equal
	at com.kms.katalon.core.keyword.builtin.VerifyEqualKeyword$_verifyEqual_closure1.doCall(VerifyEqualKeyword.groovy:58)
	at com.kms.katalon.core.keyword.builtin.VerifyEqualKeyword$_verifyEqual_closure1.call(VerifyEqualKeyword.groovy)
	at com.kms.katalon.core.keyword.internal.KeywordMain.runKeyword(KeywordMain.groovy:75)
	at com.kms.katalon.core.keyword.builtin.VerifyEqualKeyword.verifyEqual(VerifyEqualKeyword.groovy:63)
	at com.kms.katalon.core.keyword.builtin.VerifyEqualKeyword.execute(VerifyEqualKeyword.groovy:44)
	at com.kms.katalon.core.keyword.internal.KeywordExecutor.executeKeywordForPlatform(KeywordExecutor.groovy:74)
	at com.kms.katalon.core.keyword.BuiltinKeywords.verifyEqual(BuiltinKeywords.groovy:146)
	at jdk.internal.reflect.GeneratedMethodAccessor24.invoke(Unknown Source)
	at java.base/jdk.internal.reflect.DelegatingMethodAccessorImpl.invoke(DelegatingMethodAccessorImpl.java:43)
	at Выполнение бизнес-плана Сверка ПАО Россети все филиалы.Numbers(Выполнение бизнес-плана Сверка ПАО Россети все филиалы:752)
	at Выполнение бизнес-плана Сверка ПАО Россети все филиалы.Filials(Выполнение бизнес-плана Сверка ПАО Россети все филиалы:1409)
	at Выполнение бизнес-плана Сверка ПАО Россети все филиалы.Numbers(Выполнение бизнес-плана Сверка ПАО Россети все филиалы:757)
	at Выполнение бизнес-плана Сверка ПАО Россети все филиалы.run(Выполнение бизнес-плана Сверка ПАО Россети все филиалы:414)
	at com.kms.katalon.core.main.ScriptEngine.run(ScriptEngine.java:194)
	at com.kms.katalon.core.main.ScriptEngine.runScriptAsRawText(ScriptEngine.java:119)
	at com.kms.katalon.core.main.TestCaseExecutor.runScript(TestCaseExecutor.java:448)
	at com.kms.katalon.core.main.TestCaseExecutor.doExecute(TestCaseExecutor.java:439)
	at com.kms.katalon.core.main.TestCaseExecutor.processExecutionPhase(TestCaseExecutor.java:418)
	at com.kms.katalon.core.main.TestCaseExecutor.accessMainPhase(TestCaseExecutor.java:410)
	at com.kms.katalon.core.main.TestCaseExecutor.execute(TestCaseExecutor.java:285)
	at com.kms.katalon.core.common.CommonExecutor.accessTestCaseMainPhase(CommonExecutor.java:65)
	at com.kms.katalon.core.main.TestSuiteExecutor.accessTestSuiteMainPhase(TestSuiteExecutor.java:150)
	at com.kms.katalon.core.main.TestSuiteExecutor.execute(TestSuiteExecutor.java:106)
	at com.kms.katalon.core.main.TestCaseMain.startTestSuite(TestCaseMain.java:180)
	at TempTestSuite1733892825375.run(TempTestSuite1733892825375.groovy:35)
	at java.base/jdk.internal.reflect.NativeMethodAccessorImpl.invoke0(Native Method)
	at java.base/jdk.internal.reflect.NativeMethodAccessorImpl.invoke(NativeMethodAccessorImpl.java:77)
	at java.base/jdk.internal.reflect.DelegatingMethodAccessorImpl.invoke(DelegatingMethodAccessorImpl.java:43)
)

11-12-2024T08:09:41 - [TEST_STEP][PASSED] - println(numberOfErrors): null

11-12-2024T08:09:41 - [TEST_STEP][PASSED] - if (a == 28 || a == 77 || a == 74 || a == 65 || a == 36 || a == 44 || a == 54 || a == 1 || a == 18 || a == 59): null

11-12-2024T08:09:41 - [TEST_STEP][PASSED] - if (a == 82): null

11-12-2024T08:09:41 - [TEST_STEP][PASSED] - dZO = "Нижновэнерго": null

11-12-2024T08:09:41 - [TEST_STEP][PASSED] - a = 24: null

11-12-2024T08:09:41 - [TEST_STEP][PASSED] - if (x2.contains(dZO)): null

11-12-2024T08:09:41 - [TEST_STEP][PASSED] - filialNum = filialNum + 1: null

11-12-2024T08:09:41 - [TEST_STEP][PASSED] - Script1718980020443.Numbers(a, typeOfData, todaysDate, pageInt, fileInt, pageDouble, fileDouble, dZO, dzoNum, filialNum): null

11-12-2024T08:09:41 - [TEST_STEP][PASSED] - println(dzoNum): null

11-12-2024T08:09:41 - [TEST_STEP][PASSED] - planFact = <not implemented yet for class: org.codehaus.groovy.ast.expr.EmptyExpression>: null

11-12-2024T08:09:41 - [TEST_STEP][PASSED] - page = <not implemented yet for class: org.codehaus.groovy.ast.expr.EmptyExpression>: null

11-12-2024T08:09:41 - [TEST_STEP][PASSED] - page1 = <not implemented yet for class: org.codehaus.groovy.ast.expr.EmptyExpression>: null

11-12-2024T08:09:41 - [TEST_STEP][PASSED] - page2 = <not implemented yet for class: org.codehaus.groovy.ast.expr.EmptyExpression>: null

11-12-2024T08:09:41 - [TEST_STEP][PASSED] - filialNumberInRow = <not implemented yet for class: org.codehaus.groovy.ast.expr.EmptyExpression>: null

11-12-2024T08:09:41 - [TEST_STEP][PASSED] - filialsDzoNames = <not implemented yet for class: org.codehaus.groovy.ast.expr.EmptyExpression>: null

11-12-2024T08:09:41 - [TEST_STEP][PASSED] - numberOfFilials = <not implemented yet for class: org.codehaus.groovy.ast.expr.EmptyExpression>: null

11-12-2024T08:09:41 - [TEST_STEP][PASSED] - numberOfSpaces = <not implemented yet for class: org.codehaus.groovy.ast.expr.EmptyExpression>: null

11-12-2024T08:09:41 - [TEST_STEP][PASSED] - file = <not implemented yet for class: org.codehaus.groovy.ast.expr.EmptyExpression>: null

11-12-2024T08:09:41 - [TEST_STEP][PASSED] - otpusk = <not implemented yet for class: org.codehaus.groovy.ast.expr.EmptyExpression>: null

11-12-2024T08:09:41 - [TEST_STEP][PASSED] - poteri = <not implemented yet for class: org.codehaus.groovy.ast.expr.EmptyExpression>: null

11-12-2024T08:09:41 - [TEST_STEP][PASSED] - dataFolder = "Выполнение бизнес-плана/Значения со страницы Выполнение бизнес-плана/": null

11-12-2024T08:09:41 - [TEST_STEP][PASSED] - path = <not implemented yet for class: org.codehaus.groovy.ast.expr.EmptyExpression>: null

11-12-2024T08:09:41 - [TEST_STEP][PASSED] - typeOfDataMain = <not implemented yet for class: org.codehaus.groovy.ast.expr.EmptyExpression>: null

11-12-2024T08:09:41 - [TEST_STEP][PASSED] - fileOtpuskVSet = <not implemented yet for class: org.codehaus.groovy.ast.expr.EmptyExpression>: null

11-12-2024T08:09:41 - [TEST_STEP][PASSED] - pageOtpuskVSet = <not implemented yet for class: org.codehaus.groovy.ast.expr.EmptyExpression>: null

11-12-2024T08:09:41 - [TEST_STEP][PASSED] - filePoteri = <not implemented yet for class: org.codehaus.groovy.ast.expr.EmptyExpression>: null

11-12-2024T08:09:41 - [TEST_STEP][PASSED] - pagePoteri = <not implemented yet for class: org.codehaus.groovy.ast.expr.EmptyExpression>: null

11-12-2024T08:09:41 - [TEST_STEP][PASSED] - compare = <not implemented yet for class: org.codehaus.groovy.ast.expr.EmptyExpression>: null

11-12-2024T08:09:41 - [TEST_STEP][PASSED] - b = <not implemented yet for class: org.codehaus.groovy.ast.expr.EmptyExpression>: null

11-12-2024T08:09:41 - [TEST_STEP][PASSED] - i = <not implemented yet for class: org.codehaus.groovy.ast.expr.EmptyExpression>: null

11-12-2024T08:09:41 - [TEST_STEP][PASSED] - ii = <not implemented yet for class: org.codehaus.groovy.ast.expr.EmptyExpression>: null

11-12-2024T08:09:41 - [TEST_STEP][PASSED] - c = <not implemented yet for class: org.codehaus.groovy.ast.expr.EmptyExpression>: null

11-12-2024T08:09:41 - [TEST_STEP][PASSED] - numberOfErrors = 0: null

11-12-2024T08:09:41 - [TEST_STEP][PASSED] - if (a == 82): null

11-12-2024T08:09:41 - [TEST_STEP][PASSED] - b = findTestData("PlanFact").getValue(1, a): null

11-12-2024T08:09:41 - [TEST_STEP][PASSED] - i = b.indexOf(" (ГК)"): null

11-12-2024T08:09:41 - [TEST_STEP][PASSED] - if (i > -1): null

11-12-2024T08:09:41 - [TEST_STEP][PASSED] - i = b.indexOf("О ""): null

11-12-2024T08:09:41 - [TEST_STEP][PASSED] - if (i > -1): null

11-12-2024T08:09:41 - [TEST_STEP][PASSED] - i = b.indexOf("О «"): null

11-12-2024T08:09:41 - [TEST_STEP][PASSED] - if (i > -1): null

11-12-2024T08:09:41 - [TEST_STEP][PASSED] - i = b.indexOf("г. "): null

11-12-2024T08:09:41 - [TEST_STEP][PASSED] - if (i > -1): null

11-12-2024T08:09:41 - [TEST_STEP][PASSED] - println(b): null

11-12-2024T08:09:41 - [TEST_STEP][PASSED] - for ([planFact = 1, planFact < 3, (planFact++)]): Object: 'Object Repository/Выполнение бизнес-плана/Кнопка Факт' is clicked on

11-12-2024T08:09:41 - [TEST_STEP][PASSED] - if (planFact == 1): null

11-12-2024T08:09:41 - [TEST_STEP][PASSED] - typeOfDataMain = "Факт": null

11-12-2024T08:09:41 - [TEST_STEP][PASSED] - otpusk = findTestData("PlanFact").getValue(5, a): null

11-12-2024T08:09:41 - [TEST_STEP][PASSED] - poteri = findTestData("PlanFact").getValue(6, a): null

11-12-2024T08:09:41 - [TEST_STEP][PASSED] - otpusk = otpusk.replaceAll("\s+", ""): null

11-12-2024T08:09:41 - [TEST_STEP][PASSED] - poteri = poteri.replaceAll("\s+", ""): null

11-12-2024T08:09:41 - [TEST_STEP][PASSED] - typeOfData = typeOfDataMain + " Отпуск в сеть": null

11-12-2024T08:09:41 - [TEST_STEP][PASSED] - if (a == 82): null

11-12-2024T08:09:41 - [TEST_STEP][PASSED] - else if (a == 84): null

11-12-2024T08:09:41 - [TEST_STEP][PASSED] - else if (a == 52 || a == 72 || a == 28 || a == 73 || a == 77 || a == 74 || a == 65 || a == 36 || a == 44 || a == 53 || a == 80 || a == 54 || a == 1 || a == 18 || a == 59 || a == 81): null

11-12-2024T08:09:41 - [TEST_STEP][PASSED] - else: null

11-12-2024T08:09:41 - [TEST_STEP][PASSED] - path = dataFolder + typeOfData + " за отчётный период " + b: null

11-12-2024T08:09:41 - [TEST_STEP][PASSED] - println(path): null

11-12-2024T08:09:41 - [TEST_STEP][PASSED] - page = getText(findTestObject(path)): Text of object 'Object Repository/Выполнение бизнес-плана/Значения со страницы Выполнение бизнес-плана/Факт Отпуск в сеть за отчётный период Нижновэнерго' is: '10 482 820'

11-12-2024T08:09:42 - [MESSAGE][PASSED] - Text of object 'Object Repository/Выполнение бизнес-плана/Значения со страницы Выполнение бизнес-плана/Факт Отпуск в сеть за отчётный период Нижновэнерго' is: '10 482 820'

11-12-2024T08:09:42 - [TEST_STEP][PASSED] - page = page.replaceAll("\s+", ""): null

11-12-2024T08:09:42 - [TEST_STEP][PASSED] - fileOtpuskVSet = otpusk.toInteger(): null

11-12-2024T08:09:42 - [TEST_STEP][PASSED] - pageOtpuskVSet = page.toInteger(): null

11-12-2024T08:09:42 - [TEST_STEP][PASSED] - typeOfData = typeOfDataMain + " Потери": null

11-12-2024T08:09:42 - [TEST_STEP][PASSED] - if (a == 82): null

11-12-2024T08:09:42 - [TEST_STEP][PASSED] - else if (a == 84): null

11-12-2024T08:09:42 - [TEST_STEP][PASSED] - else if (a == 52 || a == 72 || a == 28 || a == 73 || a == 77 || a == 74 || a == 65 || a == 36 || a == 44 || a == 53 || a == 80 || a == 54 || a == 1 || a == 18 || a == 59 || a == 81): null

11-12-2024T08:09:42 - [TEST_STEP][PASSED] - else: null

11-12-2024T08:09:42 - [TEST_STEP][PASSED] - path = dataFolder + typeOfData + " за отчётный период " + b: null

11-12-2024T08:09:42 - [TEST_STEP][PASSED] - page = getText(findTestObject(path)): Text of object 'Object Repository/Выполнение бизнес-плана/Значения со страницы Выполнение бизнес-плана/Факт Потери за отчётный период Нижновэнерго' is: '889 528'

11-12-2024T08:09:42 - [MESSAGE][PASSED] - Text of object 'Object Repository/Выполнение бизнес-плана/Значения со страницы Выполнение бизнес-плана/Факт Потери за отчётный период Нижновэнерго' is: '889 528'

11-12-2024T08:09:42 - [TEST_STEP][PASSED] - page = page.replaceAll("\s+", ""): null

11-12-2024T08:09:42 - [TEST_STEP][PASSED] - filePoteri = poteri.toInteger(): null

11-12-2024T08:09:42 - [TEST_STEP][PASSED] - pagePoteri = page.toInteger(): null

11-12-2024T08:09:42 - [TEST_STEP][PASSED] - compare = pageOtpuskVSet: null

11-12-2024T08:09:42 - [TEST_STEP][PASSED] - if (compare == fileOtpuskVSet): null

11-12-2024T08:09:42 - [TEST_STEP][PASSED] - if (compare == fileOtpuskVSet): null

11-12-2024T08:09:42 - [TEST_STEP][PASSED] - compare = pagePoteri: null

11-12-2024T08:09:42 - [TEST_STEP][PASSED] - if (compare == filePoteri): null

11-12-2024T08:09:42 - [TEST_STEP][PASSED] - if (compare == filePoteri): null

11-12-2024T08:09:42 - [TEST_STEP][PASSED] - if (planFact == 2): null

11-12-2024T08:09:42 - [TEST_STEP][PASSED] - if (planFact == 1): null

11-12-2024T08:09:42 - [TEST_STEP][PASSED] - else if (planFact == 2): null

11-12-2024T08:09:42 - [TEST_STEP][PASSED] - click(findTestObject("Выполнение бизнес-плана/Кнопка План")): Object: 'Object Repository/Выполнение бизнес-плана/Кнопка План' is clicked on

11-12-2024T08:09:42 - [MESSAGE][PASSED] - Object: 'Object Repository/Выполнение бизнес-плана/Кнопка План' is clicked on

11-12-2024T08:09:42 - [TEST_STEP][PASSED] - typeOfDataMain = "План": null

11-12-2024T08:09:42 - [TEST_STEP][PASSED] - otpusk = findTestData("PlanFact").getValue(2, a): null

11-12-2024T08:09:42 - [TEST_STEP][PASSED] - poteri = findTestData("PlanFact").getValue(3, a): null

11-12-2024T08:09:42 - [TEST_STEP][PASSED] - otpusk = otpusk.replaceAll("\s+", ""): null

11-12-2024T08:09:42 - [TEST_STEP][PASSED] - poteri = poteri.replaceAll("\s+", ""): null

11-12-2024T08:09:42 - [TEST_STEP][PASSED] - typeOfData = typeOfDataMain + " Отпуск в сеть": null

11-12-2024T08:09:42 - [TEST_STEP][PASSED] - if (a == 82): null

11-12-2024T08:09:42 - [TEST_STEP][PASSED] - else if (a == 84): null

11-12-2024T08:09:42 - [TEST_STEP][PASSED] - else if (a == 52 || a == 72 || a == 28 || a == 73 || a == 77 || a == 74 || a == 65 || a == 36 || a == 44 || a == 53 || a == 80 || a == 54 || a == 1 || a == 18 || a == 59 || a == 81): null

11-12-2024T08:09:42 - [TEST_STEP][PASSED] - else: null

11-12-2024T08:09:42 - [TEST_STEP][PASSED] - path = dataFolder + typeOfData + " за отчётный период " + b: null

11-12-2024T08:09:42 - [TEST_STEP][PASSED] - println(path): null

11-12-2024T08:09:42 - [TEST_STEP][PASSED] - page = getText(findTestObject(path)): Text of object 'Object Repository/Выполнение бизнес-плана/Значения со страницы Выполнение бизнес-плана/План Отпуск в сеть за отчётный период Нижновэнерго' is: '10 213 709'

11-12-2024T08:09:43 - [MESSAGE][PASSED] - Text of object 'Object Repository/Выполнение бизнес-плана/Значения со страницы Выполнение бизнес-плана/План Отпуск в сеть за отчётный период Нижновэнерго' is: '10 213 709'

11-12-2024T08:09:43 - [TEST_STEP][PASSED] - page = page.replaceAll("\s+", ""): null

11-12-2024T08:09:43 - [TEST_STEP][PASSED] - fileOtpuskVSet = otpusk.toInteger(): null

11-12-2024T08:09:43 - [TEST_STEP][PASSED] - pageOtpuskVSet = page.toInteger(): null

11-12-2024T08:09:43 - [TEST_STEP][PASSED] - typeOfData = typeOfDataMain + " Потери": null

11-12-2024T08:09:43 - [TEST_STEP][PASSED] - if (a == 82): null

11-12-2024T08:09:43 - [TEST_STEP][PASSED] - else if (a == 84): null

11-12-2024T08:09:43 - [TEST_STEP][PASSED] - else if (a == 52 || a == 72 || a == 28 || a == 73 || a == 77 || a == 74 || a == 65 || a == 36 || a == 44 || a == 53 || a == 80 || a == 54 || a == 1 || a == 18 || a == 59 || a == 81): null

11-12-2024T08:09:43 - [TEST_STEP][PASSED] - else: null

11-12-2024T08:09:43 - [TEST_STEP][PASSED] - path = dataFolder + typeOfData + " за отчётный период " + b: null

11-12-2024T08:09:43 - [TEST_STEP][PASSED] - page = getText(findTestObject(path)): Text of object 'Object Repository/Выполнение бизнес-плана/Значения со страницы Выполнение бизнес-плана/План Потери за отчётный период Нижновэнерго' is: '868 703'

11-12-2024T08:09:43 - [MESSAGE][PASSED] - Text of object 'Object Repository/Выполнение бизнес-плана/Значения со страницы Выполнение бизнес-плана/План Потери за отчётный период Нижновэнерго' is: '868 703'

11-12-2024T08:09:43 - [TEST_STEP][PASSED] - page = page.replaceAll("\s+", ""): null

11-12-2024T08:09:43 - [TEST_STEP][PASSED] - filePoteri = poteri.toInteger(): null

11-12-2024T08:09:43 - [TEST_STEP][PASSED] - pagePoteri = page.toInteger(): null

11-12-2024T08:09:43 - [TEST_STEP][PASSED] - compare = pageOtpuskVSet: null

11-12-2024T08:09:43 - [TEST_STEP][PASSED] - if (compare == fileOtpuskVSet): null

11-12-2024T08:09:43 - [TEST_STEP][PASSED] - if (compare == fileOtpuskVSet): null

11-12-2024T08:09:43 - [TEST_STEP][PASSED] - compare = pagePoteri: null

11-12-2024T08:09:43 - [TEST_STEP][PASSED] - if (compare == filePoteri): null

11-12-2024T08:09:43 - [TEST_STEP][PASSED] - if (compare == filePoteri): null

11-12-2024T08:09:43 - [TEST_STEP][PASSED] - if (planFact == 2): Object: 'Object Repository/Выполнение бизнес-плана/Кнопка Факт' is clicked on

11-12-2024T08:09:43 - [TEST_STEP][PASSED] - click(findTestObject("Выполнение бизнес-плана/Кнопка Факт")): Object: 'Object Repository/Выполнение бизнес-плана/Кнопка Факт' is clicked on

11-12-2024T08:09:43 - [MESSAGE][PASSED] - Object: 'Object Repository/Выполнение бизнес-плана/Кнопка Факт' is clicked on

11-12-2024T08:09:43 - [TEST_STEP][PASSED] - if (a == 84 || a == 82): null

11-12-2024T08:09:43 - [TEST_STEP][PASSED] - else if (a == 52 || a == 72 || a == 28 || a == 73 || a == 77 || a == 74 || a == 65 || a == 36 || a == 44 || a == 53 || a == 80 || a == 54 || a == 1 || a == 18 || a == 59 || a == 81): null

11-12-2024T08:09:43 - [TEST_STEP][PASSED] - else: null

11-12-2024T08:09:43 - [TEST_STEP][PASSED] - page1 = getText(findTestObject("Object Repository/Выполнение бизнес-плана/spanPlan" + filialNum)): Text of object 'Object Repository/Выполнение бизнес-плана/spanPlan6' is: '8.51
|'

11-12-2024T08:09:44 - [MESSAGE][PASSED] - Text of object 'Object Repository/Выполнение бизнес-плана/spanPlan6' is: '8.51
|'

11-12-2024T08:09:44 - [TEST_STEP][PASSED] - page1 = page1.replace("|", ""): null

11-12-2024T08:09:44 - [TEST_STEP][PASSED] - page2 = getText(findTestObject("Object Repository/Выполнение бизнес-плана/spanFact" + filialNum)): Text of object 'Object Repository/Выполнение бизнес-плана/spanFact6' is: '8.49
|'

11-12-2024T08:09:44 - [MESSAGE][PASSED] - Text of object 'Object Repository/Выполнение бизнес-плана/spanFact6' is: '8.49
|'

11-12-2024T08:09:44 - [TEST_STEP][PASSED] - page2 = page2.replace("|", ""): null

11-12-2024T08:09:44 - [TEST_STEP][PASSED] - println("page1: " + page1): null

11-12-2024T08:09:44 - [TEST_STEP][PASSED] - println("page2: " + page2): null

11-12-2024T08:09:44 - [TEST_STEP][PASSED] - file = findTestData("PlanFact").getValue(4, a): null

11-12-2024T08:09:44 - [TEST_STEP][PASSED] - file = file.replace(",", "."): null

11-12-2024T08:09:44 - [TEST_STEP][PASSED] - println("file Plan: " + file): null

11-12-2024T08:09:44 - [TEST_STEP][PASSED] - typeOfData = "План в процентах": null

11-12-2024T08:09:44 - [TEST_STEP][PASSED] - fileDouble = file.toDouble(): null

11-12-2024T08:09:44 - [TEST_STEP][PASSED] - pageDouble = page1.toDouble(): null

11-12-2024T08:09:44 - [TEST_STEP][PASSED] - if (fileDouble != pageDouble): null

11-12-2024T08:09:44 - [TEST_STEP][PASSED] - file = findTestData("PlanFact").getValue(7, a): null

11-12-2024T08:09:44 - [TEST_STEP][PASSED] - file = file.replace(",", "."): null

11-12-2024T08:09:44 - [TEST_STEP][PASSED] - println("file Fact: " + file): null

11-12-2024T08:09:44 - [TEST_STEP][PASSED] - fileDouble = file.toDouble(): null

11-12-2024T08:09:44 - [TEST_STEP][PASSED] - typeOfData = "Факт в процентах": null

11-12-2024T08:09:44 - [TEST_STEP][PASSED] - fileDouble = file.toDouble(): null

11-12-2024T08:09:44 - [TEST_STEP][PASSED] - pageDouble = page2.toDouble(): null

11-12-2024T08:09:44 - [TEST_STEP][PASSED] - if (fileDouble != pageDouble): null

11-12-2024T08:09:44 - [TEST_STEP][PASSED] - if (verifyEqual(numberOfErrors, 0) == false): Actual object '0' and expected object '0' are equal

11-12-2024T08:09:44 - [MESSAGE][PASSED] - Actual object '0' and expected object '0' are equal

11-12-2024T08:09:44 - [TEST_STEP][PASSED] - if (a == 82): null

11-12-2024T08:09:44 - [TEST_STEP][PASSED] - dZO = "Рязаньэнерго": null

11-12-2024T08:09:44 - [TEST_STEP][PASSED] - a = 25: null

11-12-2024T08:09:44 - [TEST_STEP][PASSED] - if (x2.contains(dZO)): null

11-12-2024T08:09:44 - [TEST_STEP][PASSED] - filialNum = filialNum + 1: null

11-12-2024T08:09:44 - [TEST_STEP][PASSED] - Script1718980020443.Numbers(a, typeOfData, todaysDate, pageInt, fileInt, pageDouble, fileDouble, dZO, dzoNum, filialNum): null

11-12-2024T08:09:44 - [TEST_STEP][PASSED] - println(dzoNum): null

11-12-2024T08:09:44 - [TEST_STEP][PASSED] - planFact = <not implemented yet for class: org.codehaus.groovy.ast.expr.EmptyExpression>: null

11-12-2024T08:09:44 - [TEST_STEP][PASSED] - page = <not implemented yet for class: org.codehaus.groovy.ast.expr.EmptyExpression>: null

11-12-2024T08:09:44 - [TEST_STEP][PASSED] - page1 = <not implemented yet for class: org.codehaus.groovy.ast.expr.EmptyExpression>: null

11-12-2024T08:09:44 - [TEST_STEP][PASSED] - page2 = <not implemented yet for class: org.codehaus.groovy.ast.expr.EmptyExpression>: null

11-12-2024T08:09:44 - [TEST_STEP][PASSED] - filialNumberInRow = <not implemented yet for class: org.codehaus.groovy.ast.expr.EmptyExpression>: null

11-12-2024T08:09:44 - [TEST_STEP][PASSED] - filialsDzoNames = <not implemented yet for class: org.codehaus.groovy.ast.expr.EmptyExpression>: null

11-12-2024T08:09:44 - [TEST_STEP][PASSED] - numberOfFilials = <not implemented yet for class: org.codehaus.groovy.ast.expr.EmptyExpression>: null

11-12-2024T08:09:44 - [TEST_STEP][PASSED] - numberOfSpaces = <not implemented yet for class: org.codehaus.groovy.ast.expr.EmptyExpression>: null

11-12-2024T08:09:44 - [TEST_STEP][PASSED] - file = <not implemented yet for class: org.codehaus.groovy.ast.expr.EmptyExpression>: null

11-12-2024T08:09:44 - [TEST_STEP][PASSED] - otpusk = <not implemented yet for class: org.codehaus.groovy.ast.expr.EmptyExpression>: null

11-12-2024T08:09:44 - [TEST_STEP][PASSED] - poteri = <not implemented yet for class: org.codehaus.groovy.ast.expr.EmptyExpression>: null

11-12-2024T08:09:44 - [TEST_STEP][PASSED] - dataFolder = "Выполнение бизнес-плана/Значения со страницы Выполнение бизнес-плана/": null

11-12-2024T08:09:44 - [TEST_STEP][PASSED] - path = <not implemented yet for class: org.codehaus.groovy.ast.expr.EmptyExpression>: null

11-12-2024T08:09:44 - [TEST_STEP][PASSED] - typeOfDataMain = <not implemented yet for class: org.codehaus.groovy.ast.expr.EmptyExpression>: null

11-12-2024T08:09:44 - [TEST_STEP][PASSED] - fileOtpuskVSet = <not implemented yet for class: org.codehaus.groovy.ast.expr.EmptyExpression>: null

11-12-2024T08:09:44 - [TEST_STEP][PASSED] - pageOtpuskVSet = <not implemented yet for class: org.codehaus.groovy.ast.expr.EmptyExpression>: null

11-12-2024T08:09:44 - [TEST_STEP][PASSED] - filePoteri = <not implemented yet for class: org.codehaus.groovy.ast.expr.EmptyExpression>: null

11-12-2024T08:09:44 - [TEST_STEP][PASSED] - pagePoteri = <not implemented yet for class: org.codehaus.groovy.ast.expr.EmptyExpression>: null

11-12-2024T08:09:44 - [TEST_STEP][PASSED] - compare = <not implemented yet for class: org.codehaus.groovy.ast.expr.EmptyExpression>: null

11-12-2024T08:09:44 - [TEST_STEP][PASSED] - b = <not implemented yet for class: org.codehaus.groovy.ast.expr.EmptyExpression>: null

11-12-2024T08:09:44 - [TEST_STEP][PASSED] - i = <not implemented yet for class: org.codehaus.groovy.ast.expr.EmptyExpression>: null

11-12-2024T08:09:44 - [TEST_STEP][PASSED] - ii = <not implemented yet for class: org.codehaus.groovy.ast.expr.EmptyExpression>: null

11-12-2024T08:09:44 - [TEST_STEP][PASSED] - c = <not implemented yet for class: org.codehaus.groovy.ast.expr.EmptyExpression>: null

11-12-2024T08:09:44 - [TEST_STEP][PASSED] - numberOfErrors = 0: null

11-12-2024T08:09:44 - [TEST_STEP][PASSED] - if (a == 82): null

11-12-2024T08:09:44 - [TEST_STEP][PASSED] - b = findTestData("PlanFact").getValue(1, a): null

11-12-2024T08:09:44 - [TEST_STEP][PASSED] - i = b.indexOf(" (ГК)"): null

11-12-2024T08:09:44 - [TEST_STEP][PASSED] - if (i > -1): null

11-12-2024T08:09:44 - [TEST_STEP][PASSED] - i = b.indexOf("О ""): null

11-12-2024T08:09:44 - [TEST_STEP][PASSED] - if (i > -1): null

11-12-2024T08:09:44 - [TEST_STEP][PASSED] - i = b.indexOf("О «"): null

11-12-2024T08:09:44 - [TEST_STEP][PASSED] - if (i > -1): null

11-12-2024T08:09:44 - [TEST_STEP][PASSED] - i = b.indexOf("г. "): null

11-12-2024T08:09:44 - [TEST_STEP][PASSED] - if (i > -1): null

11-12-2024T08:09:44 - [TEST_STEP][PASSED] - println(b): null

11-12-2024T08:09:44 - [TEST_STEP][PASSED] - for ([planFact = 1, planFact < 3, (planFact++)]): Object: 'Object Repository/Выполнение бизнес-плана/Кнопка Факт' is clicked on

11-12-2024T08:09:44 - [TEST_STEP][PASSED] - if (planFact == 1): null

11-12-2024T08:09:44 - [TEST_STEP][PASSED] - typeOfDataMain = "Факт": null

11-12-2024T08:09:44 - [TEST_STEP][PASSED] - otpusk = findTestData("PlanFact").getValue(5, a): null

11-12-2024T08:09:44 - [TEST_STEP][PASSED] - poteri = findTestData("PlanFact").getValue(6, a): null

11-12-2024T08:09:44 - [TEST_STEP][PASSED] - otpusk = otpusk.replaceAll("\s+", ""): null

11-12-2024T08:09:44 - [TEST_STEP][PASSED] - poteri = poteri.replaceAll("\s+", ""): null

11-12-2024T08:09:44 - [TEST_STEP][PASSED] - typeOfData = typeOfDataMain + " Отпуск в сеть": null

11-12-2024T08:09:44 - [TEST_STEP][PASSED] - if (a == 82): null

11-12-2024T08:09:44 - [TEST_STEP][PASSED] - else if (a == 84): null

11-12-2024T08:09:44 - [TEST_STEP][PASSED] - else if (a == 52 || a == 72 || a == 28 || a == 73 || a == 77 || a == 74 || a == 65 || a == 36 || a == 44 || a == 53 || a == 80 || a == 54 || a == 1 || a == 18 || a == 59 || a == 81): null

11-12-2024T08:09:44 - [TEST_STEP][PASSED] - else: null

11-12-2024T08:09:44 - [TEST_STEP][PASSED] - path = dataFolder + typeOfData + " за отчётный период " + b: null

11-12-2024T08:09:44 - [TEST_STEP][PASSED] - println(path): null

11-12-2024T08:09:44 - [TEST_STEP][PASSED] - page = getText(findTestObject(path)): Text of object 'Object Repository/Выполнение бизнес-плана/Значения со страницы Выполнение бизнес-плана/Факт Отпуск в сеть за отчётный период Рязаньэнерго' is: '4 622 274'

11-12-2024T08:09:44 - [MESSAGE][PASSED] - Text of object 'Object Repository/Выполнение бизнес-плана/Значения со страницы Выполнение бизнес-плана/Факт Отпуск в сеть за отчётный период Рязаньэнерго' is: '4 622 274'

11-12-2024T08:09:44 - [TEST_STEP][PASSED] - page = page.replaceAll("\s+", ""): null

11-12-2024T08:09:44 - [TEST_STEP][PASSED] - fileOtpuskVSet = otpusk.toInteger(): null

11-12-2024T08:09:44 - [TEST_STEP][PASSED] - pageOtpuskVSet = page.toInteger(): null

11-12-2024T08:09:44 - [TEST_STEP][PASSED] - typeOfData = typeOfDataMain + " Потери": null

11-12-2024T08:09:44 - [TEST_STEP][PASSED] - if (a == 82): null

11-12-2024T08:09:44 - [TEST_STEP][PASSED] - else if (a == 84): null

11-12-2024T08:09:44 - [TEST_STEP][PASSED] - else if (a == 52 || a == 72 || a == 28 || a == 73 || a == 77 || a == 74 || a == 65 || a == 36 || a == 44 || a == 53 || a == 80 || a == 54 || a == 1 || a == 18 || a == 59 || a == 81): null

11-12-2024T08:09:44 - [TEST_STEP][PASSED] - else: null

11-12-2024T08:09:44 - [TEST_STEP][PASSED] - path = dataFolder + typeOfData + " за отчётный период " + b: null

11-12-2024T08:09:44 - [TEST_STEP][PASSED] - page = getText(findTestObject(path)): Text of object 'Object Repository/Выполнение бизнес-плана/Значения со страницы Выполнение бизнес-плана/Факт Потери за отчётный период Рязаньэнерго' is: '206 174'

11-12-2024T08:09:45 - [MESSAGE][PASSED] - Text of object 'Object Repository/Выполнение бизнес-плана/Значения со страницы Выполнение бизнес-плана/Факт Потери за отчётный период Рязаньэнерго' is: '206 174'

11-12-2024T08:09:45 - [TEST_STEP][PASSED] - page = page.replaceAll("\s+", ""): null

11-12-2024T08:09:45 - [TEST_STEP][PASSED] - filePoteri = poteri.toInteger(): null

11-12-2024T08:09:45 - [TEST_STEP][PASSED] - pagePoteri = page.toInteger(): null

11-12-2024T08:09:45 - [TEST_STEP][PASSED] - compare = pageOtpuskVSet: null

11-12-2024T08:09:45 - [TEST_STEP][PASSED] - if (compare == fileOtpuskVSet): null

11-12-2024T08:09:45 - [TEST_STEP][PASSED] - if (compare == fileOtpuskVSet): null

11-12-2024T08:09:45 - [TEST_STEP][PASSED] - compare = pagePoteri: null

11-12-2024T08:09:45 - [TEST_STEP][PASSED] - if (compare == filePoteri): null

11-12-2024T08:09:45 - [TEST_STEP][PASSED] - if (compare == filePoteri): null

11-12-2024T08:09:45 - [TEST_STEP][PASSED] - if (planFact == 2): null

11-12-2024T08:09:45 - [TEST_STEP][PASSED] - if (planFact == 1): null

11-12-2024T08:09:45 - [TEST_STEP][PASSED] - else if (planFact == 2): null

11-12-2024T08:09:45 - [TEST_STEP][PASSED] - click(findTestObject("Выполнение бизнес-плана/Кнопка План")): Object: 'Object Repository/Выполнение бизнес-плана/Кнопка План' is clicked on

11-12-2024T08:09:45 - [MESSAGE][PASSED] - Object: 'Object Repository/Выполнение бизнес-плана/Кнопка План' is clicked on

11-12-2024T08:09:45 - [TEST_STEP][PASSED] - typeOfDataMain = "План": null

11-12-2024T08:09:45 - [TEST_STEP][PASSED] - otpusk = findTestData("PlanFact").getValue(2, a): null

11-12-2024T08:09:45 - [TEST_STEP][PASSED] - poteri = findTestData("PlanFact").getValue(3, a): null

11-12-2024T08:09:45 - [TEST_STEP][PASSED] - otpusk = otpusk.replaceAll("\s+", ""): null

11-12-2024T08:09:45 - [TEST_STEP][PASSED] - poteri = poteri.replaceAll("\s+", ""): null

11-12-2024T08:09:45 - [TEST_STEP][PASSED] - typeOfData = typeOfDataMain + " Отпуск в сеть": null

11-12-2024T08:09:45 - [TEST_STEP][PASSED] - if (a == 82): null

11-12-2024T08:09:45 - [TEST_STEP][PASSED] - else if (a == 84): null

11-12-2024T08:09:45 - [TEST_STEP][PASSED] - else if (a == 52 || a == 72 || a == 28 || a == 73 || a == 77 || a == 74 || a == 65 || a == 36 || a == 44 || a == 53 || a == 80 || a == 54 || a == 1 || a == 18 || a == 59 || a == 81): null

11-12-2024T08:09:45 - [TEST_STEP][PASSED] - else: null

11-12-2024T08:09:45 - [TEST_STEP][PASSED] - path = dataFolder + typeOfData + " за отчётный период " + b: null

11-12-2024T08:09:45 - [TEST_STEP][PASSED] - println(path): null

11-12-2024T08:09:45 - [TEST_STEP][PASSED] - page = getText(findTestObject(path)): Text of object 'Object Repository/Выполнение бизнес-плана/Значения со страницы Выполнение бизнес-плана/План Отпуск в сеть за отчётный период Рязаньэнерго' is: '4 503 134'

11-12-2024T08:09:46 - [MESSAGE][PASSED] - Text of object 'Object Repository/Выполнение бизнес-плана/Значения со страницы Выполнение бизнес-плана/План Отпуск в сеть за отчётный период Рязаньэнерго' is: '4 503 134'

11-12-2024T08:09:46 - [TEST_STEP][PASSED] - page = page.replaceAll("\s+", ""): null

11-12-2024T08:09:46 - [TEST_STEP][PASSED] - fileOtpuskVSet = otpusk.toInteger(): null

11-12-2024T08:09:46 - [TEST_STEP][PASSED] - pageOtpuskVSet = page.toInteger(): null

11-12-2024T08:09:46 - [TEST_STEP][PASSED] - typeOfData = typeOfDataMain + " Потери": null

11-12-2024T08:09:46 - [TEST_STEP][PASSED] - if (a == 82): null

11-12-2024T08:09:46 - [TEST_STEP][PASSED] - else if (a == 84): null

11-12-2024T08:09:46 - [TEST_STEP][PASSED] - else if (a == 52 || a == 72 || a == 28 || a == 73 || a == 77 || a == 74 || a == 65 || a == 36 || a == 44 || a == 53 || a == 80 || a == 54 || a == 1 || a == 18 || a == 59 || a == 81): null

11-12-2024T08:09:46 - [TEST_STEP][PASSED] - else: null

11-12-2024T08:09:46 - [TEST_STEP][PASSED] - path = dataFolder + typeOfData + " за отчётный период " + b: null

11-12-2024T08:09:46 - [TEST_STEP][PASSED] - page = getText(findTestObject(path)): Text of object 'Object Repository/Выполнение бизнес-плана/Значения со страницы Выполнение бизнес-плана/План Потери за отчётный период Рязаньэнерго' is: '201 508'

11-12-2024T08:09:46 - [MESSAGE][PASSED] - Text of object 'Object Repository/Выполнение бизнес-плана/Значения со страницы Выполнение бизнес-плана/План Потери за отчётный период Рязаньэнерго' is: '201 508'

11-12-2024T08:09:46 - [TEST_STEP][PASSED] - page = page.replaceAll("\s+", ""): null

11-12-2024T08:09:46 - [TEST_STEP][PASSED] - filePoteri = poteri.toInteger(): null

11-12-2024T08:09:46 - [TEST_STEP][PASSED] - pagePoteri = page.toInteger(): null

11-12-2024T08:09:46 - [TEST_STEP][PASSED] - compare = pageOtpuskVSet: null

11-12-2024T08:09:46 - [TEST_STEP][PASSED] - if (compare == fileOtpuskVSet): null

11-12-2024T08:09:46 - [TEST_STEP][PASSED] - if (compare == fileOtpuskVSet): null

11-12-2024T08:09:46 - [TEST_STEP][PASSED] - compare = pagePoteri: null

11-12-2024T08:09:46 - [TEST_STEP][PASSED] - if (compare == filePoteri): null

11-12-2024T08:09:46 - [TEST_STEP][PASSED] - if (compare == filePoteri): null

11-12-2024T08:09:46 - [TEST_STEP][PASSED] - if (planFact == 2): Object: 'Object Repository/Выполнение бизнес-плана/Кнопка Факт' is clicked on

11-12-2024T08:09:46 - [TEST_STEP][PASSED] - click(findTestObject("Выполнение бизнес-плана/Кнопка Факт")): Object: 'Object Repository/Выполнение бизнес-плана/Кнопка Факт' is clicked on

11-12-2024T08:09:46 - [MESSAGE][PASSED] - Object: 'Object Repository/Выполнение бизнес-плана/Кнопка Факт' is clicked on

11-12-2024T08:09:46 - [TEST_STEP][PASSED] - if (a == 84 || a == 82): null

11-12-2024T08:09:46 - [TEST_STEP][PASSED] - else if (a == 52 || a == 72 || a == 28 || a == 73 || a == 77 || a == 74 || a == 65 || a == 36 || a == 44 || a == 53 || a == 80 || a == 54 || a == 1 || a == 18 || a == 59 || a == 81): null

11-12-2024T08:09:46 - [TEST_STEP][PASSED] - else: null

11-12-2024T08:09:46 - [TEST_STEP][PASSED] - page1 = getText(findTestObject("Object Repository/Выполнение бизнес-плана/spanPlan" + filialNum)): Text of object 'Object Repository/Выполнение бизнес-плана/spanPlan7' is: '4.47
|'

11-12-2024T08:09:46 - [MESSAGE][PASSED] - Text of object 'Object Repository/Выполнение бизнес-плана/spanPlan7' is: '4.47
|'

11-12-2024T08:09:46 - [TEST_STEP][PASSED] - page1 = page1.replace("|", ""): null

11-12-2024T08:09:46 - [TEST_STEP][PASSED] - page2 = getText(findTestObject("Object Repository/Выполнение бизнес-плана/spanFact" + filialNum)): Text of object 'Object Repository/Выполнение бизнес-плана/spanFact7' is: '4.46
|'

11-12-2024T08:09:47 - [MESSAGE][PASSED] - Text of object 'Object Repository/Выполнение бизнес-плана/spanFact7' is: '4.46
|'

11-12-2024T08:09:47 - [TEST_STEP][PASSED] - page2 = page2.replace("|", ""): null

11-12-2024T08:09:47 - [TEST_STEP][PASSED] - println("page1: " + page1): null

11-12-2024T08:09:47 - [TEST_STEP][PASSED] - println("page2: " + page2): null

11-12-2024T08:09:47 - [TEST_STEP][PASSED] - file = findTestData("PlanFact").getValue(4, a): null

11-12-2024T08:09:47 - [TEST_STEP][PASSED] - file = file.replace(",", "."): null

11-12-2024T08:09:47 - [TEST_STEP][PASSED] - println("file Plan: " + file): null

11-12-2024T08:09:47 - [TEST_STEP][PASSED] - typeOfData = "План в процентах": null

11-12-2024T08:09:47 - [TEST_STEP][PASSED] - fileDouble = file.toDouble(): null

11-12-2024T08:09:47 - [TEST_STEP][PASSED] - pageDouble = page1.toDouble(): null

11-12-2024T08:09:47 - [TEST_STEP][PASSED] - if (fileDouble != pageDouble): null

11-12-2024T08:09:47 - [TEST_STEP][PASSED] - file = findTestData("PlanFact").getValue(7, a): null

11-12-2024T08:09:47 - [TEST_STEP][PASSED] - file = file.replace(",", "."): null

11-12-2024T08:09:47 - [TEST_STEP][PASSED] - println("file Fact: " + file): null

11-12-2024T08:09:47 - [TEST_STEP][PASSED] - fileDouble = file.toDouble(): null

11-12-2024T08:09:47 - [TEST_STEP][PASSED] - typeOfData = "Факт в процентах": null

11-12-2024T08:09:47 - [TEST_STEP][PASSED] - fileDouble = file.toDouble(): null

11-12-2024T08:09:47 - [TEST_STEP][PASSED] - pageDouble = page2.toDouble(): null

11-12-2024T08:09:47 - [TEST_STEP][PASSED] - if (fileDouble != pageDouble): null

11-12-2024T08:09:47 - [TEST_STEP][PASSED] - if (verifyEqual(numberOfErrors, 0) == false): Actual object '0' and expected object '0' are equal

11-12-2024T08:09:47 - [MESSAGE][PASSED] - Actual object '0' and expected object '0' are equal

11-12-2024T08:09:47 - [TEST_STEP][PASSED] - if (a == 82): null

11-12-2024T08:09:47 - [TEST_STEP][PASSED] - dZO = "Тулэнерго": null

11-12-2024T08:09:47 - [TEST_STEP][PASSED] - a = 26: null

11-12-2024T08:09:47 - [TEST_STEP][PASSED] - if (x2.contains(dZO)): null

11-12-2024T08:09:47 - [TEST_STEP][PASSED] - filialNum = filialNum + 1: null

11-12-2024T08:09:47 - [TEST_STEP][PASSED] - Script1718980020443.Numbers(a, typeOfData, todaysDate, pageInt, fileInt, pageDouble, fileDouble, dZO, dzoNum, filialNum): null

11-12-2024T08:09:47 - [TEST_STEP][PASSED] - println(dzoNum): null

11-12-2024T08:09:47 - [TEST_STEP][PASSED] - planFact = <not implemented yet for class: org.codehaus.groovy.ast.expr.EmptyExpression>: null

11-12-2024T08:09:47 - [TEST_STEP][PASSED] - page = <not implemented yet for class: org.codehaus.groovy.ast.expr.EmptyExpression>: null

11-12-2024T08:09:47 - [TEST_STEP][PASSED] - page1 = <not implemented yet for class: org.codehaus.groovy.ast.expr.EmptyExpression>: null

11-12-2024T08:09:47 - [TEST_STEP][PASSED] - page2 = <not implemented yet for class: org.codehaus.groovy.ast.expr.EmptyExpression>: null

11-12-2024T08:09:47 - [TEST_STEP][PASSED] - filialNumberInRow = <not implemented yet for class: org.codehaus.groovy.ast.expr.EmptyExpression>: null

11-12-2024T08:09:47 - [TEST_STEP][PASSED] - filialsDzoNames = <not implemented yet for class: org.codehaus.groovy.ast.expr.EmptyExpression>: null

11-12-2024T08:09:47 - [TEST_STEP][PASSED] - numberOfFilials = <not implemented yet for class: org.codehaus.groovy.ast.expr.EmptyExpression>: null

11-12-2024T08:09:47 - [TEST_STEP][PASSED] - numberOfSpaces = <not implemented yet for class: org.codehaus.groovy.ast.expr.EmptyExpression>: null

11-12-2024T08:09:47 - [TEST_STEP][PASSED] - file = <not implemented yet for class: org.codehaus.groovy.ast.expr.EmptyExpression>: null

11-12-2024T08:09:47 - [TEST_STEP][PASSED] - otpusk = <not implemented yet for class: org.codehaus.groovy.ast.expr.EmptyExpression>: null

11-12-2024T08:09:47 - [TEST_STEP][PASSED] - poteri = <not implemented yet for class: org.codehaus.groovy.ast.expr.EmptyExpression>: null

11-12-2024T08:09:47 - [TEST_STEP][PASSED] - dataFolder = "Выполнение бизнес-плана/Значения со страницы Выполнение бизнес-плана/": null

11-12-2024T08:09:47 - [TEST_STEP][PASSED] - path = <not implemented yet for class: org.codehaus.groovy.ast.expr.EmptyExpression>: null

11-12-2024T08:09:47 - [TEST_STEP][PASSED] - typeOfDataMain = <not implemented yet for class: org.codehaus.groovy.ast.expr.EmptyExpression>: null

11-12-2024T08:09:47 - [TEST_STEP][PASSED] - fileOtpuskVSet = <not implemented yet for class: org.codehaus.groovy.ast.expr.EmptyExpression>: null

11-12-2024T08:09:47 - [TEST_STEP][PASSED] - pageOtpuskVSet = <not implemented yet for class: org.codehaus.groovy.ast.expr.EmptyExpression>: null

11-12-2024T08:09:47 - [TEST_STEP][PASSED] - filePoteri = <not implemented yet for class: org.codehaus.groovy.ast.expr.EmptyExpression>: null

11-12-2024T08:09:47 - [TEST_STEP][PASSED] - pagePoteri = <not implemented yet for class: org.codehaus.groovy.ast.expr.EmptyExpression>: null

11-12-2024T08:09:47 - [TEST_STEP][PASSED] - compare = <not implemented yet for class: org.codehaus.groovy.ast.expr.EmptyExpression>: null

11-12-2024T08:09:47 - [TEST_STEP][PASSED] - b = <not implemented yet for class: org.codehaus.groovy.ast.expr.EmptyExpression>: null

11-12-2024T08:09:47 - [TEST_STEP][PASSED] - i = <not implemented yet for class: org.codehaus.groovy.ast.expr.EmptyExpression>: null

11-12-2024T08:09:47 - [TEST_STEP][PASSED] - ii = <not implemented yet for class: org.codehaus.groovy.ast.expr.EmptyExpression>: null

11-12-2024T08:09:47 - [TEST_STEP][PASSED] - c = <not implemented yet for class: org.codehaus.groovy.ast.expr.EmptyExpression>: null

11-12-2024T08:09:47 - [TEST_STEP][PASSED] - numberOfErrors = 0: null

11-12-2024T08:09:47 - [TEST_STEP][PASSED] - if (a == 82): null

11-12-2024T08:09:47 - [TEST_STEP][PASSED] - b = findTestData("PlanFact").getValue(1, a): null

11-12-2024T08:09:47 - [TEST_STEP][PASSED] - i = b.indexOf(" (ГК)"): null

11-12-2024T08:09:47 - [TEST_STEP][PASSED] - if (i > -1): null

11-12-2024T08:09:47 - [TEST_STEP][PASSED] - i = b.indexOf("О ""): null

11-12-2024T08:09:47 - [TEST_STEP][PASSED] - if (i > -1): null

11-12-2024T08:09:47 - [TEST_STEP][PASSED] - i = b.indexOf("О «"): null

11-12-2024T08:09:47 - [TEST_STEP][PASSED] - if (i > -1): null

11-12-2024T08:09:47 - [TEST_STEP][PASSED] - i = b.indexOf("г. "): null

11-12-2024T08:09:47 - [TEST_STEP][PASSED] - if (i > -1): null

11-12-2024T08:09:47 - [TEST_STEP][PASSED] - println(b): null

11-12-2024T08:09:47 - [TEST_STEP][PASSED] - for ([planFact = 1, planFact < 3, (planFact++)]): Object: 'Object Repository/Выполнение бизнес-плана/Кнопка Факт' is clicked on

11-12-2024T08:09:47 - [TEST_STEP][PASSED] - if (planFact == 1): null

11-12-2024T08:09:47 - [TEST_STEP][PASSED] - typeOfDataMain = "Факт": null

11-12-2024T08:09:47 - [TEST_STEP][PASSED] - otpusk = findTestData("PlanFact").getValue(5, a): null

11-12-2024T08:09:47 - [TEST_STEP][PASSED] - poteri = findTestData("PlanFact").getValue(6, a): null

11-12-2024T08:09:47 - [TEST_STEP][PASSED] - otpusk = otpusk.replaceAll("\s+", ""): null

11-12-2024T08:09:47 - [TEST_STEP][PASSED] - poteri = poteri.replaceAll("\s+", ""): null

11-12-2024T08:09:47 - [TEST_STEP][PASSED] - typeOfData = typeOfDataMain + " Отпуск в сеть": null

11-12-2024T08:09:47 - [TEST_STEP][PASSED] - if (a == 82): null

11-12-2024T08:09:47 - [TEST_STEP][PASSED] - else if (a == 84): null

11-12-2024T08:09:47 - [TEST_STEP][PASSED] - else if (a == 52 || a == 72 || a == 28 || a == 73 || a == 77 || a == 74 || a == 65 || a == 36 || a == 44 || a == 53 || a == 80 || a == 54 || a == 1 || a == 18 || a == 59 || a == 81): null

11-12-2024T08:09:47 - [TEST_STEP][PASSED] - else: null

11-12-2024T08:09:47 - [TEST_STEP][PASSED] - path = dataFolder + typeOfData + " за отчётный период " + b: null

11-12-2024T08:09:47 - [TEST_STEP][PASSED] - println(path): null

11-12-2024T08:09:47 - [TEST_STEP][PASSED] - page = getText(findTestObject(path)): Text of object 'Object Repository/Выполнение бизнес-плана/Значения со страницы Выполнение бизнес-плана/Факт Отпуск в сеть за отчётный период Тулэнерго' is: '5 398 480'

11-12-2024T08:09:47 - [MESSAGE][PASSED] - Text of object 'Object Repository/Выполнение бизнес-плана/Значения со страницы Выполнение бизнес-плана/Факт Отпуск в сеть за отчётный период Тулэнерго' is: '5 398 480'

11-12-2024T08:09:47 - [TEST_STEP][PASSED] - page = page.replaceAll("\s+", ""): null

11-12-2024T08:09:47 - [TEST_STEP][PASSED] - fileOtpuskVSet = otpusk.toInteger(): null

11-12-2024T08:09:47 - [TEST_STEP][PASSED] - pageOtpuskVSet = page.toInteger(): null

11-12-2024T08:09:47 - [TEST_STEP][PASSED] - typeOfData = typeOfDataMain + " Потери": null

11-12-2024T08:09:47 - [TEST_STEP][PASSED] - if (a == 82): null

11-12-2024T08:09:47 - [TEST_STEP][PASSED] - else if (a == 84): null

11-12-2024T08:09:47 - [TEST_STEP][PASSED] - else if (a == 52 || a == 72 || a == 28 || a == 73 || a == 77 || a == 74 || a == 65 || a == 36 || a == 44 || a == 53 || a == 80 || a == 54 || a == 1 || a == 18 || a == 59 || a == 81): null

11-12-2024T08:09:47 - [TEST_STEP][PASSED] - else: null

11-12-2024T08:09:47 - [TEST_STEP][PASSED] - path = dataFolder + typeOfData + " за отчётный период " + b: null

11-12-2024T08:09:47 - [TEST_STEP][PASSED] - page = getText(findTestObject(path)): Text of object 'Object Repository/Выполнение бизнес-плана/Значения со страницы Выполнение бизнес-плана/Факт Потери за отчётный период Тулэнерго' is: '392 175'

11-12-2024T08:09:48 - [MESSAGE][PASSED] - Text of object 'Object Repository/Выполнение бизнес-плана/Значения со страницы Выполнение бизнес-плана/Факт Потери за отчётный период Тулэнерго' is: '392 175'

11-12-2024T08:09:48 - [TEST_STEP][PASSED] - page = page.replaceAll("\s+", ""): null

11-12-2024T08:09:48 - [TEST_STEP][PASSED] - filePoteri = poteri.toInteger(): null

11-12-2024T08:09:48 - [TEST_STEP][PASSED] - pagePoteri = page.toInteger(): null

11-12-2024T08:09:48 - [TEST_STEP][PASSED] - compare = pageOtpuskVSet: null

11-12-2024T08:09:48 - [TEST_STEP][PASSED] - if (compare == fileOtpuskVSet): null

11-12-2024T08:09:48 - [TEST_STEP][PASSED] - if (compare == fileOtpuskVSet): null

11-12-2024T08:09:48 - [TEST_STEP][PASSED] - compare = pagePoteri: null

11-12-2024T08:09:48 - [TEST_STEP][PASSED] - if (compare == filePoteri): null

11-12-2024T08:09:48 - [TEST_STEP][PASSED] - if (compare == filePoteri): null

11-12-2024T08:09:48 - [TEST_STEP][PASSED] - if (planFact == 2): null

11-12-2024T08:09:48 - [TEST_STEP][PASSED] - if (planFact == 1): null

11-12-2024T08:09:48 - [TEST_STEP][PASSED] - else if (planFact == 2): null

11-12-2024T08:09:48 - [TEST_STEP][PASSED] - click(findTestObject("Выполнение бизнес-плана/Кнопка План")): Object: 'Object Repository/Выполнение бизнес-плана/Кнопка План' is clicked on

11-12-2024T08:09:48 - [MESSAGE][PASSED] - Object: 'Object Repository/Выполнение бизнес-плана/Кнопка План' is clicked on

11-12-2024T08:09:48 - [TEST_STEP][PASSED] - typeOfDataMain = "План": null

11-12-2024T08:09:48 - [TEST_STEP][PASSED] - otpusk = findTestData("PlanFact").getValue(2, a): null

11-12-2024T08:09:48 - [TEST_STEP][PASSED] - poteri = findTestData("PlanFact").getValue(3, a): null

11-12-2024T08:09:48 - [TEST_STEP][PASSED] - otpusk = otpusk.replaceAll("\s+", ""): null

11-12-2024T08:09:48 - [TEST_STEP][PASSED] - poteri = poteri.replaceAll("\s+", ""): null

11-12-2024T08:09:48 - [TEST_STEP][PASSED] - typeOfData = typeOfDataMain + " Отпуск в сеть": null

11-12-2024T08:09:48 - [TEST_STEP][PASSED] - if (a == 82): null

11-12-2024T08:09:48 - [TEST_STEP][PASSED] - else if (a == 84): null

11-12-2024T08:09:48 - [TEST_STEP][PASSED] - else if (a == 52 || a == 72 || a == 28 || a == 73 || a == 77 || a == 74 || a == 65 || a == 36 || a == 44 || a == 53 || a == 80 || a == 54 || a == 1 || a == 18 || a == 59 || a == 81): null

11-12-2024T08:09:48 - [TEST_STEP][PASSED] - else: null

11-12-2024T08:09:48 - [TEST_STEP][PASSED] - path = dataFolder + typeOfData + " за отчётный период " + b: null

11-12-2024T08:09:48 - [TEST_STEP][PASSED] - println(path): null

11-12-2024T08:09:48 - [TEST_STEP][PASSED] - page = getText(findTestObject(path)): Text of object 'Object Repository/Выполнение бизнес-плана/Значения со страницы Выполнение бизнес-плана/План Отпуск в сеть за отчётный период Тулэнерго' is: '5 191 152'

11-12-2024T08:09:48 - [MESSAGE][PASSED] - Text of object 'Object Repository/Выполнение бизнес-плана/Значения со страницы Выполнение бизнес-плана/План Отпуск в сеть за отчётный период Тулэнерго' is: '5 191 152'

11-12-2024T08:09:48 - [TEST_STEP][PASSED] - page = page.replaceAll("\s+", ""): null

11-12-2024T08:09:48 - [TEST_STEP][PASSED] - fileOtpuskVSet = otpusk.toInteger(): null

11-12-2024T08:09:48 - [TEST_STEP][PASSED] - pageOtpuskVSet = page.toInteger(): null

11-12-2024T08:09:48 - [TEST_STEP][PASSED] - typeOfData = typeOfDataMain + " Потери": null

11-12-2024T08:09:48 - [TEST_STEP][PASSED] - if (a == 82): null

11-12-2024T08:09:48 - [TEST_STEP][PASSED] - else if (a == 84): null

11-12-2024T08:09:48 - [TEST_STEP][PASSED] - else if (a == 52 || a == 72 || a == 28 || a == 73 || a == 77 || a == 74 || a == 65 || a == 36 || a == 44 || a == 53 || a == 80 || a == 54 || a == 1 || a == 18 || a == 59 || a == 81): null

11-12-2024T08:09:48 - [TEST_STEP][PASSED] - else: null

11-12-2024T08:09:48 - [TEST_STEP][PASSED] - path = dataFolder + typeOfData + " за отчётный период " + b: null

11-12-2024T08:09:48 - [TEST_STEP][PASSED] - page = getText(findTestObject(path)): Text of object 'Object Repository/Выполнение бизнес-плана/Значения со страницы Выполнение бизнес-плана/План Потери за отчётный период Тулэнерго' is: '412 410'

11-12-2024T08:09:49 - [MESSAGE][PASSED] - Text of object 'Object Repository/Выполнение бизнес-плана/Значения со страницы Выполнение бизнес-плана/План Потери за отчётный период Тулэнерго' is: '412 410'

11-12-2024T08:09:49 - [TEST_STEP][PASSED] - page = page.replaceAll("\s+", ""): null

11-12-2024T08:09:49 - [TEST_STEP][PASSED] - filePoteri = poteri.toInteger(): null

11-12-2024T08:09:49 - [TEST_STEP][PASSED] - pagePoteri = page.toInteger(): null

11-12-2024T08:09:49 - [TEST_STEP][PASSED] - compare = pageOtpuskVSet: null

11-12-2024T08:09:49 - [TEST_STEP][PASSED] - if (compare == fileOtpuskVSet): null

11-12-2024T08:09:49 - [TEST_STEP][PASSED] - if (compare == fileOtpuskVSet): null

11-12-2024T08:09:49 - [TEST_STEP][PASSED] - compare = pagePoteri: null

11-12-2024T08:09:49 - [TEST_STEP][PASSED] - if (compare == filePoteri): null

11-12-2024T08:09:49 - [TEST_STEP][PASSED] - if (compare == filePoteri): null

11-12-2024T08:09:49 - [TEST_STEP][PASSED] - if (planFact == 2): Object: 'Object Repository/Выполнение бизнес-плана/Кнопка Факт' is clicked on

11-12-2024T08:09:49 - [TEST_STEP][PASSED] - click(findTestObject("Выполнение бизнес-плана/Кнопка Факт")): Object: 'Object Repository/Выполнение бизнес-плана/Кнопка Факт' is clicked on

11-12-2024T08:09:49 - [MESSAGE][PASSED] - Object: 'Object Repository/Выполнение бизнес-плана/Кнопка Факт' is clicked on

11-12-2024T08:09:49 - [TEST_STEP][PASSED] - if (a == 84 || a == 82): null

11-12-2024T08:09:49 - [TEST_STEP][PASSED] - else if (a == 52 || a == 72 || a == 28 || a == 73 || a == 77 || a == 74 || a == 65 || a == 36 || a == 44 || a == 53 || a == 80 || a == 54 || a == 1 || a == 18 || a == 59 || a == 81): null

11-12-2024T08:09:49 - [TEST_STEP][PASSED] - else: null

11-12-2024T08:09:49 - [TEST_STEP][PASSED] - page1 = getText(findTestObject("Object Repository/Выполнение бизнес-плана/spanPlan" + filialNum)): Text of object 'Object Repository/Выполнение бизнес-плана/spanPlan8' is: '7.94
|'

11-12-2024T08:09:49 - [MESSAGE][PASSED] - Text of object 'Object Repository/Выполнение бизнес-плана/spanPlan8' is: '7.94
|'

11-12-2024T08:09:49 - [TEST_STEP][PASSED] - page1 = page1.replace("|", ""): null

11-12-2024T08:09:49 - [TEST_STEP][PASSED] - page2 = getText(findTestObject("Object Repository/Выполнение бизнес-плана/spanFact" + filialNum)): Text of object 'Object Repository/Выполнение бизнес-плана/spanFact8' is: '7.26
|'

11-12-2024T08:09:50 - [MESSAGE][PASSED] - Text of object 'Object Repository/Выполнение бизнес-плана/spanFact8' is: '7.26
|'

11-12-2024T08:09:50 - [TEST_STEP][PASSED] - page2 = page2.replace("|", ""): null

11-12-2024T08:09:50 - [TEST_STEP][PASSED] - println("page1: " + page1): null

11-12-2024T08:09:50 - [TEST_STEP][PASSED] - println("page2: " + page2): null

11-12-2024T08:09:50 - [TEST_STEP][PASSED] - file = findTestData("PlanFact").getValue(4, a): null

11-12-2024T08:09:50 - [TEST_STEP][PASSED] - file = file.replace(",", "."): null

11-12-2024T08:09:50 - [TEST_STEP][PASSED] - println("file Plan: " + file): null

11-12-2024T08:09:50 - [TEST_STEP][PASSED] - typeOfData = "План в процентах": null

11-12-2024T08:09:50 - [TEST_STEP][PASSED] - fileDouble = file.toDouble(): null

11-12-2024T08:09:50 - [TEST_STEP][PASSED] - pageDouble = page1.toDouble(): null

11-12-2024T08:09:50 - [TEST_STEP][PASSED] - if (fileDouble != pageDouble): null

11-12-2024T08:09:50 - [TEST_STEP][PASSED] - file = findTestData("PlanFact").getValue(7, a): null

11-12-2024T08:09:50 - [TEST_STEP][PASSED] - file = file.replace(",", "."): null

11-12-2024T08:09:50 - [TEST_STEP][PASSED] - println("file Fact: " + file): null

11-12-2024T08:09:50 - [TEST_STEP][PASSED] - fileDouble = file.toDouble(): null

11-12-2024T08:09:50 - [TEST_STEP][PASSED] - typeOfData = "Факт в процентах": null

11-12-2024T08:09:50 - [TEST_STEP][PASSED] - fileDouble = file.toDouble(): null

11-12-2024T08:09:50 - [TEST_STEP][PASSED] - pageDouble = page2.toDouble(): null

11-12-2024T08:09:50 - [TEST_STEP][PASSED] - if (fileDouble != pageDouble): null

11-12-2024T08:09:50 - [TEST_STEP][PASSED] - if (verifyEqual(numberOfErrors, 0) == false): Actual object '0' and expected object '0' are equal

11-12-2024T08:09:50 - [MESSAGE][PASSED] - Actual object '0' and expected object '0' are equal

11-12-2024T08:09:50 - [TEST_STEP][PASSED] - if (a == 82): null

11-12-2024T08:09:50 - [TEST_STEP][PASSED] - dZO = "Удмуртэнерго": null

11-12-2024T08:09:50 - [TEST_STEP][PASSED] - a = 27: null

11-12-2024T08:09:50 - [TEST_STEP][PASSED] - if (x2.contains(dZO)): null

11-12-2024T08:09:50 - [TEST_STEP][PASSED] - filialNum = filialNum + 1: null

11-12-2024T08:09:50 - [TEST_STEP][PASSED] - Script1718980020443.Numbers(a, typeOfData, todaysDate, pageInt, fileInt, pageDouble, fileDouble, dZO, dzoNum, filialNum): null

11-12-2024T08:09:50 - [TEST_STEP][PASSED] - println(dzoNum): null

11-12-2024T08:09:50 - [TEST_STEP][PASSED] - planFact = <not implemented yet for class: org.codehaus.groovy.ast.expr.EmptyExpression>: null

11-12-2024T08:09:50 - [TEST_STEP][PASSED] - page = <not implemented yet for class: org.codehaus.groovy.ast.expr.EmptyExpression>: null

11-12-2024T08:09:50 - [TEST_STEP][PASSED] - page1 = <not implemented yet for class: org.codehaus.groovy.ast.expr.EmptyExpression>: null

11-12-2024T08:09:50 - [TEST_STEP][PASSED] - page2 = <not implemented yet for class: org.codehaus.groovy.ast.expr.EmptyExpression>: null

11-12-2024T08:09:50 - [TEST_STEP][PASSED] - filialNumberInRow = <not implemented yet for class: org.codehaus.groovy.ast.expr.EmptyExpression>: null

11-12-2024T08:09:50 - [TEST_STEP][PASSED] - filialsDzoNames = <not implemented yet for class: org.codehaus.groovy.ast.expr.EmptyExpression>: null

11-12-2024T08:09:50 - [TEST_STEP][PASSED] - numberOfFilials = <not implemented yet for class: org.codehaus.groovy.ast.expr.EmptyExpression>: null

11-12-2024T08:09:50 - [TEST_STEP][PASSED] - numberOfSpaces = <not implemented yet for class: org.codehaus.groovy.ast.expr.EmptyExpression>: null

11-12-2024T08:09:50 - [TEST_STEP][PASSED] - file = <not implemented yet for class: org.codehaus.groovy.ast.expr.EmptyExpression>: null

11-12-2024T08:09:50 - [TEST_STEP][PASSED] - otpusk = <not implemented yet for class: org.codehaus.groovy.ast.expr.EmptyExpression>: null

11-12-2024T08:09:50 - [TEST_STEP][PASSED] - poteri = <not implemented yet for class: org.codehaus.groovy.ast.expr.EmptyExpression>: null

11-12-2024T08:09:50 - [TEST_STEP][PASSED] - dataFolder = "Выполнение бизнес-плана/Значения со страницы Выполнение бизнес-плана/": null

11-12-2024T08:09:50 - [TEST_STEP][PASSED] - path = <not implemented yet for class: org.codehaus.groovy.ast.expr.EmptyExpression>: null

11-12-2024T08:09:50 - [TEST_STEP][PASSED] - typeOfDataMain = <not implemented yet for class: org.codehaus.groovy.ast.expr.EmptyExpression>: null

11-12-2024T08:09:50 - [TEST_STEP][PASSED] - fileOtpuskVSet = <not implemented yet for class: org.codehaus.groovy.ast.expr.EmptyExpression>: null

11-12-2024T08:09:50 - [TEST_STEP][PASSED] - pageOtpuskVSet = <not implemented yet for class: org.codehaus.groovy.ast.expr.EmptyExpression>: null

11-12-2024T08:09:50 - [TEST_STEP][PASSED] - filePoteri = <not implemented yet for class: org.codehaus.groovy.ast.expr.EmptyExpression>: null

11-12-2024T08:09:50 - [TEST_STEP][PASSED] - pagePoteri = <not implemented yet for class: org.codehaus.groovy.ast.expr.EmptyExpression>: null

11-12-2024T08:09:50 - [TEST_STEP][PASSED] - compare = <not implemented yet for class: org.codehaus.groovy.ast.expr.EmptyExpression>: null

11-12-2024T08:09:50 - [TEST_STEP][PASSED] - b = <not implemented yet for class: org.codehaus.groovy.ast.expr.EmptyExpression>: null

11-12-2024T08:09:50 - [TEST_STEP][PASSED] - i = <not implemented yet for class: org.codehaus.groovy.ast.expr.EmptyExpression>: null

11-12-2024T08:09:50 - [TEST_STEP][PASSED] - ii = <not implemented yet for class: org.codehaus.groovy.ast.expr.EmptyExpression>: null

11-12-2024T08:09:50 - [TEST_STEP][PASSED] - c = <not implemented yet for class: org.codehaus.groovy.ast.expr.EmptyExpression>: null

11-12-2024T08:09:50 - [TEST_STEP][PASSED] - numberOfErrors = 0: null

11-12-2024T08:09:50 - [TEST_STEP][PASSED] - if (a == 82): null

11-12-2024T08:09:50 - [TEST_STEP][PASSED] - b = findTestData("PlanFact").getValue(1, a): null

11-12-2024T08:09:50 - [TEST_STEP][PASSED] - i = b.indexOf(" (ГК)"): null

11-12-2024T08:09:50 - [TEST_STEP][PASSED] - if (i > -1): null

11-12-2024T08:09:50 - [TEST_STEP][PASSED] - i = b.indexOf("О ""): null

11-12-2024T08:09:50 - [TEST_STEP][PASSED] - if (i > -1): null

11-12-2024T08:09:50 - [TEST_STEP][PASSED] - i = b.indexOf("О «"): null

11-12-2024T08:09:50 - [TEST_STEP][PASSED] - if (i > -1): null

11-12-2024T08:09:50 - [TEST_STEP][PASSED] - i = b.indexOf("г. "): null

11-12-2024T08:09:50 - [TEST_STEP][PASSED] - if (i > -1): null

11-12-2024T08:09:50 - [TEST_STEP][PASSED] - println(b): null

11-12-2024T08:09:50 - [TEST_STEP][PASSED] - for ([planFact = 1, planFact < 3, (planFact++)]): Object: 'Object Repository/Выполнение бизнес-плана/Кнопка Факт' is clicked on

11-12-2024T08:09:50 - [TEST_STEP][PASSED] - if (planFact == 1): null

11-12-2024T08:09:50 - [TEST_STEP][PASSED] - typeOfDataMain = "Факт": null

11-12-2024T08:09:50 - [TEST_STEP][PASSED] - otpusk = findTestData("PlanFact").getValue(5, a): null

11-12-2024T08:09:50 - [TEST_STEP][PASSED] - poteri = findTestData("PlanFact").getValue(6, a): null

11-12-2024T08:09:50 - [TEST_STEP][PASSED] - otpusk = otpusk.replaceAll("\s+", ""): null

11-12-2024T08:09:50 - [TEST_STEP][PASSED] - poteri = poteri.replaceAll("\s+", ""): null

11-12-2024T08:09:50 - [TEST_STEP][PASSED] - typeOfData = typeOfDataMain + " Отпуск в сеть": null

11-12-2024T08:09:50 - [TEST_STEP][PASSED] - if (a == 82): null

11-12-2024T08:09:50 - [TEST_STEP][PASSED] - else if (a == 84): null

11-12-2024T08:09:50 - [TEST_STEP][PASSED] - else if (a == 52 || a == 72 || a == 28 || a == 73 || a == 77 || a == 74 || a == 65 || a == 36 || a == 44 || a == 53 || a == 80 || a == 54 || a == 1 || a == 18 || a == 59 || a == 81): null

11-12-2024T08:09:50 - [TEST_STEP][PASSED] - else: null

11-12-2024T08:09:50 - [TEST_STEP][PASSED] - path = dataFolder + typeOfData + " за отчётный период " + b: null

11-12-2024T08:09:50 - [TEST_STEP][PASSED] - println(path): null

11-12-2024T08:09:50 - [TEST_STEP][PASSED] - page = getText(findTestObject(path)): Text of object 'Object Repository/Выполнение бизнес-плана/Значения со страницы Выполнение бизнес-плана/Факт Отпуск в сеть за отчётный период Удмуртэнерго' is: '6 487 195'

11-12-2024T08:09:50 - [MESSAGE][PASSED] - Text of object 'Object Repository/Выполнение бизнес-плана/Значения со страницы Выполнение бизнес-плана/Факт Отпуск в сеть за отчётный период Удмуртэнерго' is: '6 487 195'

11-12-2024T08:09:50 - [TEST_STEP][PASSED] - page = page.replaceAll("\s+", ""): null

11-12-2024T08:09:50 - [TEST_STEP][PASSED] - fileOtpuskVSet = otpusk.toInteger(): null

11-12-2024T08:09:50 - [TEST_STEP][PASSED] - pageOtpuskVSet = page.toInteger(): null

11-12-2024T08:09:50 - [TEST_STEP][PASSED] - typeOfData = typeOfDataMain + " Потери": null

11-12-2024T08:09:50 - [TEST_STEP][PASSED] - if (a == 82): null

11-12-2024T08:09:50 - [TEST_STEP][PASSED] - else if (a == 84): null

11-12-2024T08:09:50 - [TEST_STEP][PASSED] - else if (a == 52 || a == 72 || a == 28 || a == 73 || a == 77 || a == 74 || a == 65 || a == 36 || a == 44 || a == 53 || a == 80 || a == 54 || a == 1 || a == 18 || a == 59 || a == 81): null

11-12-2024T08:09:50 - [TEST_STEP][PASSED] - else: null

11-12-2024T08:09:50 - [TEST_STEP][PASSED] - path = dataFolder + typeOfData + " за отчётный период " + b: null

11-12-2024T08:09:50 - [TEST_STEP][PASSED] - page = getText(findTestObject(path)): Text of object 'Object Repository/Выполнение бизнес-плана/Значения со страницы Выполнение бизнес-плана/Факт Потери за отчётный период Удмуртэнерго' is: '404 316'

11-12-2024T08:09:51 - [MESSAGE][PASSED] - Text of object 'Object Repository/Выполнение бизнес-плана/Значения со страницы Выполнение бизнес-плана/Факт Потери за отчётный период Удмуртэнерго' is: '404 316'

11-12-2024T08:09:51 - [TEST_STEP][PASSED] - page = page.replaceAll("\s+", ""): null

11-12-2024T08:09:51 - [TEST_STEP][PASSED] - filePoteri = poteri.toInteger(): null

11-12-2024T08:09:51 - [TEST_STEP][PASSED] - pagePoteri = page.toInteger(): null

11-12-2024T08:09:51 - [TEST_STEP][PASSED] - compare = pageOtpuskVSet: null

11-12-2024T08:09:51 - [TEST_STEP][PASSED] - if (compare == fileOtpuskVSet): null

11-12-2024T08:09:51 - [TEST_STEP][PASSED] - if (compare == fileOtpuskVSet): null

11-12-2024T08:09:51 - [TEST_STEP][PASSED] - compare = pagePoteri: null

11-12-2024T08:09:51 - [TEST_STEP][PASSED] - if (compare == filePoteri): null

11-12-2024T08:09:51 - [TEST_STEP][PASSED] - if (compare == filePoteri): null

11-12-2024T08:09:51 - [TEST_STEP][PASSED] - if (planFact == 2): null

11-12-2024T08:09:51 - [TEST_STEP][PASSED] - if (planFact == 1): null

11-12-2024T08:09:51 - [TEST_STEP][PASSED] - else if (planFact == 2): null

11-12-2024T08:09:51 - [TEST_STEP][PASSED] - click(findTestObject("Выполнение бизнес-плана/Кнопка План")): Object: 'Object Repository/Выполнение бизнес-плана/Кнопка План' is clicked on

11-12-2024T08:09:51 - [MESSAGE][PASSED] - Object: 'Object Repository/Выполнение бизнес-плана/Кнопка План' is clicked on

11-12-2024T08:09:51 - [TEST_STEP][PASSED] - typeOfDataMain = "План": null

11-12-2024T08:09:51 - [TEST_STEP][PASSED] - otpusk = findTestData("PlanFact").getValue(2, a): null

11-12-2024T08:09:51 - [TEST_STEP][PASSED] - poteri = findTestData("PlanFact").getValue(3, a): null

11-12-2024T08:09:51 - [TEST_STEP][PASSED] - otpusk = otpusk.replaceAll("\s+", ""): null

11-12-2024T08:09:51 - [TEST_STEP][PASSED] - poteri = poteri.replaceAll("\s+", ""): null

11-12-2024T08:09:51 - [TEST_STEP][PASSED] - typeOfData = typeOfDataMain + " Отпуск в сеть": null

11-12-2024T08:09:51 - [TEST_STEP][PASSED] - if (a == 82): null

11-12-2024T08:09:51 - [TEST_STEP][PASSED] - else if (a == 84): null

11-12-2024T08:09:51 - [TEST_STEP][PASSED] - else if (a == 52 || a == 72 || a == 28 || a == 73 || a == 77 || a == 74 || a == 65 || a == 36 || a == 44 || a == 53 || a == 80 || a == 54 || a == 1 || a == 18 || a == 59 || a == 81): null

11-12-2024T08:09:51 - [TEST_STEP][PASSED] - else: null

11-12-2024T08:09:51 - [TEST_STEP][PASSED] - path = dataFolder + typeOfData + " за отчётный период " + b: null

11-12-2024T08:09:51 - [TEST_STEP][PASSED] - println(path): null

11-12-2024T08:09:51 - [TEST_STEP][PASSED] - page = getText(findTestObject(path)): Text of object 'Object Repository/Выполнение бизнес-плана/Значения со страницы Выполнение бизнес-плана/План Отпуск в сеть за отчётный период Удмуртэнерго' is: '6 281 439'

11-12-2024T08:09:51 - [MESSAGE][PASSED] - Text of object 'Object Repository/Выполнение бизнес-плана/Значения со страницы Выполнение бизнес-плана/План Отпуск в сеть за отчётный период Удмуртэнерго' is: '6 281 439'

11-12-2024T08:09:51 - [TEST_STEP][PASSED] - page = page.replaceAll("\s+", ""): null

11-12-2024T08:09:51 - [TEST_STEP][PASSED] - fileOtpuskVSet = otpusk.toInteger(): null

11-12-2024T08:09:51 - [TEST_STEP][PASSED] - pageOtpuskVSet = page.toInteger(): null

11-12-2024T08:09:51 - [TEST_STEP][PASSED] - typeOfData = typeOfDataMain + " Потери": null

11-12-2024T08:09:51 - [TEST_STEP][PASSED] - if (a == 82): null

11-12-2024T08:09:51 - [TEST_STEP][PASSED] - else if (a == 84): null

11-12-2024T08:09:51 - [TEST_STEP][PASSED] - else if (a == 52 || a == 72 || a == 28 || a == 73 || a == 77 || a == 74 || a == 65 || a == 36 || a == 44 || a == 53 || a == 80 || a == 54 || a == 1 || a == 18 || a == 59 || a == 81): null

11-12-2024T08:09:51 - [TEST_STEP][PASSED] - else: null

11-12-2024T08:09:51 - [TEST_STEP][PASSED] - path = dataFolder + typeOfData + " за отчётный период " + b: null

11-12-2024T08:09:51 - [TEST_STEP][PASSED] - page = getText(findTestObject(path)): Text of object 'Object Repository/Выполнение бизнес-плана/Значения со страницы Выполнение бизнес-плана/План Потери за отчётный период Удмуртэнерго' is: '401 412'

11-12-2024T08:09:52 - [MESSAGE][PASSED] - Text of object 'Object Repository/Выполнение бизнес-плана/Значения со страницы Выполнение бизнес-плана/План Потери за отчётный период Удмуртэнерго' is: '401 412'

11-12-2024T08:09:52 - [TEST_STEP][PASSED] - page = page.replaceAll("\s+", ""): null

11-12-2024T08:09:52 - [TEST_STEP][PASSED] - filePoteri = poteri.toInteger(): null

11-12-2024T08:09:52 - [TEST_STEP][PASSED] - pagePoteri = page.toInteger(): null

11-12-2024T08:09:52 - [TEST_STEP][PASSED] - compare = pageOtpuskVSet: null

11-12-2024T08:09:52 - [TEST_STEP][PASSED] - if (compare == fileOtpuskVSet): null

11-12-2024T08:09:52 - [TEST_STEP][PASSED] - if (compare == fileOtpuskVSet): null

11-12-2024T08:09:52 - [TEST_STEP][PASSED] - compare = pagePoteri: null

11-12-2024T08:09:52 - [TEST_STEP][PASSED] - if (compare == filePoteri): null

11-12-2024T08:09:52 - [TEST_STEP][PASSED] - if (compare == filePoteri): null

11-12-2024T08:09:52 - [TEST_STEP][PASSED] - if (planFact == 2): Object: 'Object Repository/Выполнение бизнес-плана/Кнопка Факт' is clicked on

11-12-2024T08:09:52 - [TEST_STEP][PASSED] - click(findTestObject("Выполнение бизнес-плана/Кнопка Факт")): Object: 'Object Repository/Выполнение бизнес-плана/Кнопка Факт' is clicked on

11-12-2024T08:09:52 - [MESSAGE][PASSED] - Object: 'Object Repository/Выполнение бизнес-плана/Кнопка Факт' is clicked on

11-12-2024T08:09:52 - [TEST_STEP][PASSED] - if (a == 84 || a == 82): null

11-12-2024T08:09:52 - [TEST_STEP][PASSED] - else if (a == 52 || a == 72 || a == 28 || a == 73 || a == 77 || a == 74 || a == 65 || a == 36 || a == 44 || a == 53 || a == 80 || a == 54 || a == 1 || a == 18 || a == 59 || a == 81): null

11-12-2024T08:09:52 - [TEST_STEP][PASSED] - else: null

11-12-2024T08:09:52 - [TEST_STEP][PASSED] - page1 = getText(findTestObject("Object Repository/Выполнение бизнес-плана/spanPlan" + filialNum)): Text of object 'Object Repository/Выполнение бизнес-плана/spanPlan9' is: '6.39
|'

11-12-2024T08:09:52 - [MESSAGE][PASSED] - Text of object 'Object Repository/Выполнение бизнес-плана/spanPlan9' is: '6.39
|'

11-12-2024T08:09:52 - [TEST_STEP][PASSED] - page1 = page1.replace("|", ""): null

11-12-2024T08:09:52 - [TEST_STEP][PASSED] - page2 = getText(findTestObject("Object Repository/Выполнение бизнес-плана/spanFact" + filialNum)): Text of object 'Object Repository/Выполнение бизнес-плана/spanFact9' is: '6.23
|'

11-12-2024T08:09:52 - [MESSAGE][PASSED] - Text of object 'Object Repository/Выполнение бизнес-плана/spanFact9' is: '6.23
|'

11-12-2024T08:09:52 - [TEST_STEP][PASSED] - page2 = page2.replace("|", ""): null

11-12-2024T08:09:52 - [TEST_STEP][PASSED] - println("page1: " + page1): null

11-12-2024T08:09:52 - [TEST_STEP][PASSED] - println("page2: " + page2): null

11-12-2024T08:09:52 - [TEST_STEP][PASSED] - file = findTestData("PlanFact").getValue(4, a): null

11-12-2024T08:09:53 - [TEST_STEP][PASSED] - file = file.replace(",", "."): null

11-12-2024T08:09:53 - [TEST_STEP][PASSED] - println("file Plan: " + file): null

11-12-2024T08:09:53 - [TEST_STEP][PASSED] - typeOfData = "План в процентах": null

11-12-2024T08:09:53 - [TEST_STEP][PASSED] - fileDouble = file.toDouble(): null

11-12-2024T08:09:53 - [TEST_STEP][PASSED] - pageDouble = page1.toDouble(): null

11-12-2024T08:09:53 - [TEST_STEP][PASSED] - if (fileDouble != pageDouble): null

11-12-2024T08:09:53 - [TEST_STEP][PASSED] - file = findTestData("PlanFact").getValue(7, a): null

11-12-2024T08:09:53 - [TEST_STEP][PASSED] - file = file.replace(",", "."): null

11-12-2024T08:09:53 - [TEST_STEP][PASSED] - println("file Fact: " + file): null

11-12-2024T08:09:53 - [TEST_STEP][PASSED] - fileDouble = file.toDouble(): null

11-12-2024T08:09:53 - [TEST_STEP][PASSED] - typeOfData = "Факт в процентах": null

11-12-2024T08:09:53 - [TEST_STEP][PASSED] - fileDouble = file.toDouble(): null

11-12-2024T08:09:53 - [TEST_STEP][PASSED] - pageDouble = page2.toDouble(): null

11-12-2024T08:09:53 - [TEST_STEP][PASSED] - if (fileDouble != pageDouble): null

11-12-2024T08:09:53 - [TEST_STEP][PASSED] - if (verifyEqual(numberOfErrors, 0) == false): Actual object '0' and expected object '0' are equal

11-12-2024T08:09:53 - [MESSAGE][PASSED] - Actual object '0' and expected object '0' are equal

11-12-2024T08:09:53 - [TEST_STEP][PASSED] - if (a == 82): null

11-12-2024T08:09:53 - [TEST_STEP][PASSED] - filialNum = 0: null

11-12-2024T08:09:53 - [TEST_STEP][PASSED] - if (a == 36): null

11-12-2024T08:09:53 - [TEST_STEP][PASSED] - if (a == 44): null

11-12-2024T08:09:53 - [TEST_STEP][PASSED] - if (a == 54): null

11-12-2024T08:09:53 - [TEST_STEP][PASSED] - if (a == 59): null

11-12-2024T08:09:53 - [TEST_STEP][PASSED] - Script1718980020443.OpenFilter(): null

11-12-2024T08:09:53 - [TEST_STEP][PASSED] - click(findTestObject("Object Repository/Выполнение бизнес-плана/Фильтр ДЗО")): Object: 'Object Repository/Выполнение бизнес-плана/Фильтр ДЗО' is clicked on

11-12-2024T08:09:53 - [MESSAGE][PASSED] - Object: 'Object Repository/Выполнение бизнес-плана/Фильтр ДЗО' is clicked on

11-12-2024T08:09:53 - [TEST_STEP][PASSED] - click(findTestObject("Выполнение бизнес-плана/Снять выделение в фильтре ДЗО")): Object: 'Object Repository/Выполнение бизнес-плана/Снять выделение в фильтре ДЗО' is clicked on

11-12-2024T08:09:54 - [MESSAGE][PASSED] - Object: 'Object Repository/Выполнение бизнес-плана/Снять выделение в фильтре ДЗО' is clicked on

11-12-2024T08:09:54 - [TEST_STEP][PASSED] - Script1718980020443.CloseFilter(): null

11-12-2024T08:09:54 - [TEST_STEP][PASSED] - scrollToElement(findTestObject("Выполнение бизнес-плана/Заголовок дашборда"), 30): Scroll to object 'Object Repository/Выполнение бизнес-плана/Заголовок дашборда' successfully

11-12-2024T08:09:54 - [MESSAGE][PASSED] - Scroll to object 'Object Repository/Выполнение бизнес-плана/Заголовок дашборда' successfully

11-12-2024T08:09:54 - [TEST_STEP][PASSED] - click(findTestObject("Object Repository/Выполнение бизнес-плана/Применить в фильтре ДЗО")): Object: 'Object Repository/Выполнение бизнес-плана/Применить в фильтре ДЗО' is clicked on

11-12-2024T08:09:55 - [MESSAGE][PASSED] - Object: 'Object Repository/Выполнение бизнес-плана/Применить в фильтре ДЗО' is clicked on

11-12-2024T08:09:55 - [TEST_STEP][PASSED] - if (a == 82): null

11-12-2024T08:09:55 - [TEST_STEP][PASSED] - println(dzoNum): null

11-12-2024T08:09:55 - [TEST_STEP][PASSED] - dZO = "Россети Юг": null

11-12-2024T08:09:55 - [TEST_STEP][PASSED] - a = 59: null

11-12-2024T08:09:55 - [TEST_STEP][PASSED] - if (x1.contains(dZO)): null

11-12-2024T08:09:55 - [TEST_STEP][PASSED] - else: null

11-12-2024T08:09:55 - [TEST_STEP][PASSED] - Script1718980020443.NoData(a, typeOfData, todaysDate, fileInt, fileDouble, dZO): null

11-12-2024T08:09:55 - [TEST_STEP][PASSED] - println(a): null

11-12-2024T08:09:55 - [TEST_STEP][PASSED] - println(todaysDate): null

11-12-2024T08:09:55 - [TEST_STEP][PASSED] - println(fileInt): null

11-12-2024T08:09:55 - [TEST_STEP][PASSED] - println(fileDouble): null

11-12-2024T08:09:55 - [TEST_STEP][PASSED] - println(dZO): null

11-12-2024T08:09:55 - [TEST_STEP][PASSED] - typeOfData = "Факт Отпуск в сеть": null

11-12-2024T08:09:55 - [TEST_STEP][PASSED] - fileInt = replaceAll("\s+", "").toInteger(): null

11-12-2024T08:09:55 - [TEST_STEP][PASSED] - Script1718980020443.WriteToExcelNoData(a, typeOfData, todaysDate, fileInt, fileDouble, dZO): null

11-12-2024T08:09:55 - [TEST_STEP][PASSED] - sheetName = "Sheet1": null

11-12-2024T08:09:55 - [TEST_STEP][PASSED] - data = findTestData("PlanFact"): null

11-12-2024T08:09:55 - [TEST_STEP][PASSED] - n = data.getRowNumbers() + 1: null

11-12-2024T08:09:55 - [TEST_STEP][PASSED] - year = todaysDate.substring(todaysDate.length() - 4, todaysDate.length()): null

11-12-2024T08:09:55 - [TEST_STEP][PASSED] - y = year.toInteger(): null

11-12-2024T08:09:55 - [TEST_STEP][PASSED] - m = getText(findTestObject("Выполнение бизнес-плана/Период")): Text of object 'Object Repository/Выполнение бизнес-плана/Период' is: '1, 2, 3 кв., Октябрь 2024 года'

11-12-2024T08:10:22 - [MESSAGE][PASSED] - Text of object 'Object Repository/Выполнение бизнес-плана/Период' is: '1, 2, 3 кв., Октябрь 2024 года'

11-12-2024T08:10:22 - [TEST_STEP][PASSED] - m = m.substring(0, m.indexOf("2024")): null

11-12-2024T08:10:22 - [TEST_STEP][PASSED] - m = m.trim(): null

11-12-2024T08:10:22 - [TEST_STEP][PASSED] - dashboardName = "Выполнение бизнес-плана": null

11-12-2024T08:10:22 - [TEST_STEP][PASSED] - workbook01 = getWorkbook(excelFilePath): null

11-12-2024T08:10:22 - [TEST_STEP][PASSED] - sheet01 = getExcelSheet(workbook01, sheetName): null

11-12-2024T08:10:22 - [TEST_STEP][PASSED] - setValueToCellByIndex(sheet01, n, 0, dashboardName): null

11-12-2024T08:10:22 - [TEST_STEP][PASSED] - setValueToCellByIndex(sheet01, n, 1, dZO): null

11-12-2024T08:10:22 - [TEST_STEP][PASSED] - setValueToCellByIndex(sheet01, n, 2, typeOfData): null

11-12-2024T08:10:22 - [TEST_STEP][PASSED] - if (typeOfData == "Факт в процентах" || typeOfData == "План в процентах"): null

11-12-2024T08:10:22 - [TEST_STEP][PASSED] - else: null

11-12-2024T08:10:22 - [TEST_STEP][PASSED] - setValueToCellByIndex(sheet01, n, 3, fileInt): null

11-12-2024T08:10:22 - [TEST_STEP][PASSED] - setValueToCellByIndex(sheet01, n, 4, "нет данных"): null

11-12-2024T08:10:22 - [TEST_STEP][PASSED] - setValueToCellByIndex(sheet01, n, 5, m): null

11-12-2024T08:10:22 - [TEST_STEP][PASSED] - setValueToCellByIndex(sheet01, n, 6, y): null

11-12-2024T08:10:22 - [TEST_STEP][PASSED] - setValueToCellByIndex(sheet01, n, 7, todaysDate): null

11-12-2024T08:10:22 - [TEST_STEP][PASSED] - n = n + 1: null

11-12-2024T08:10:22 - [TEST_STEP][PASSED] - saveWorkbook(excelFilePath, workbook01): null

11-12-2024T08:10:22 - [TEST_STEP][PASSED] - typeOfData = "Факт Потери": null

11-12-2024T08:10:22 - [TEST_STEP][PASSED] - fileInt = replaceAll("\s+", "").toInteger(): null

11-12-2024T08:10:22 - [TEST_STEP][PASSED] - Script1718980020443.WriteToExcelNoData(a, typeOfData, todaysDate, fileInt, fileDouble, dZO): null

11-12-2024T08:10:22 - [TEST_STEP][PASSED] - sheetName = "Sheet1": null

11-12-2024T08:10:22 - [TEST_STEP][PASSED] - data = findTestData("PlanFact"): null

11-12-2024T08:10:22 - [TEST_STEP][PASSED] - n = data.getRowNumbers() + 1: null

11-12-2024T08:10:22 - [TEST_STEP][PASSED] - year = todaysDate.substring(todaysDate.length() - 4, todaysDate.length()): null

11-12-2024T08:10:22 - [TEST_STEP][PASSED] - y = year.toInteger(): null

11-12-2024T08:10:22 - [TEST_STEP][PASSED] - m = getText(findTestObject("Выполнение бизнес-плана/Период")): Text of object 'Object Repository/Выполнение бизнес-плана/Период' is: '1, 2, 3 кв., Октябрь 2024 года'

11-12-2024T08:10:22 - [MESSAGE][PASSED] - Text of object 'Object Repository/Выполнение бизнес-плана/Период' is: '1, 2, 3 кв., Октябрь 2024 года'

11-12-2024T08:10:22 - [TEST_STEP][PASSED] - m = m.substring(0, m.indexOf("2024")): null

11-12-2024T08:10:22 - [TEST_STEP][PASSED] - m = m.trim(): null

11-12-2024T08:10:22 - [TEST_STEP][PASSED] - dashboardName = "Выполнение бизнес-плана": null

11-12-2024T08:10:22 - [TEST_STEP][PASSED] - workbook01 = getWorkbook(excelFilePath): null

11-12-2024T08:10:22 - [TEST_STEP][PASSED] - sheet01 = getExcelSheet(workbook01, sheetName): null

11-12-2024T08:10:22 - [TEST_STEP][PASSED] - setValueToCellByIndex(sheet01, n, 0, dashboardName): null

11-12-2024T08:10:22 - [TEST_STEP][PASSED] - setValueToCellByIndex(sheet01, n, 1, dZO): null

11-12-2024T08:10:22 - [TEST_STEP][PASSED] - setValueToCellByIndex(sheet01, n, 2, typeOfData): null

11-12-2024T08:10:22 - [TEST_STEP][PASSED] - if (typeOfData == "Факт в процентах" || typeOfData == "План в процентах"): null

11-12-2024T08:10:22 - [TEST_STEP][PASSED] - else: null

11-12-2024T08:10:22 - [TEST_STEP][PASSED] - setValueToCellByIndex(sheet01, n, 3, fileInt): null

11-12-2024T08:10:22 - [TEST_STEP][PASSED] - setValueToCellByIndex(sheet01, n, 4, "нет данных"): null

11-12-2024T08:10:22 - [TEST_STEP][PASSED] - setValueToCellByIndex(sheet01, n, 5, m): null

11-12-2024T08:10:22 - [TEST_STEP][PASSED] - setValueToCellByIndex(sheet01, n, 6, y): null

11-12-2024T08:10:22 - [TEST_STEP][PASSED] - setValueToCellByIndex(sheet01, n, 7, todaysDate): null

11-12-2024T08:10:22 - [TEST_STEP][PASSED] - n = n + 1: null

11-12-2024T08:10:22 - [TEST_STEP][PASSED] - saveWorkbook(excelFilePath, workbook01): null

11-12-2024T08:10:23 - [TEST_STEP][PASSED] - typeOfData = "План Отпуск в сеть": null

11-12-2024T08:10:23 - [TEST_STEP][PASSED] - fileInt = replaceAll("\s+", "").toInteger(): null

11-12-2024T08:10:23 - [TEST_STEP][PASSED] - Script1718980020443.WriteToExcelNoData(a, typeOfData, todaysDate, fileInt, fileDouble, dZO): null

11-12-2024T08:10:23 - [TEST_STEP][PASSED] - sheetName = "Sheet1": null

11-12-2024T08:10:23 - [TEST_STEP][PASSED] - data = findTestData("PlanFact"): null

11-12-2024T08:10:23 - [TEST_STEP][PASSED] - n = data.getRowNumbers() + 1: null

11-12-2024T08:10:23 - [TEST_STEP][PASSED] - year = todaysDate.substring(todaysDate.length() - 4, todaysDate.length()): null

11-12-2024T08:10:23 - [TEST_STEP][PASSED] - y = year.toInteger(): null

11-12-2024T08:10:23 - [TEST_STEP][PASSED] - m = getText(findTestObject("Выполнение бизнес-плана/Период")): Text of object 'Object Repository/Выполнение бизнес-плана/Период' is: '1, 2, 3 кв., Октябрь 2024 года'

11-12-2024T08:10:23 - [MESSAGE][PASSED] - Text of object 'Object Repository/Выполнение бизнес-плана/Период' is: '1, 2, 3 кв., Октябрь 2024 года'

11-12-2024T08:10:23 - [TEST_STEP][PASSED] - m = m.substring(0, m.indexOf("2024")): null

11-12-2024T08:10:23 - [TEST_STEP][PASSED] - m = m.trim(): null

11-12-2024T08:10:23 - [TEST_STEP][PASSED] - dashboardName = "Выполнение бизнес-плана": null

11-12-2024T08:10:23 - [TEST_STEP][PASSED] - workbook01 = getWorkbook(excelFilePath): null

11-12-2024T08:10:23 - [TEST_STEP][PASSED] - sheet01 = getExcelSheet(workbook01, sheetName): null

11-12-2024T08:10:23 - [TEST_STEP][PASSED] - setValueToCellByIndex(sheet01, n, 0, dashboardName): null

11-12-2024T08:10:23 - [TEST_STEP][PASSED] - setValueToCellByIndex(sheet01, n, 1, dZO): null

11-12-2024T08:10:23 - [TEST_STEP][PASSED] - setValueToCellByIndex(sheet01, n, 2, typeOfData): null

11-12-2024T08:10:23 - [TEST_STEP][PASSED] - if (typeOfData == "Факт в процентах" || typeOfData == "План в процентах"): null

11-12-2024T08:10:23 - [TEST_STEP][PASSED] - else: null

11-12-2024T08:10:23 - [TEST_STEP][PASSED] - setValueToCellByIndex(sheet01, n, 3, fileInt): null

11-12-2024T08:10:23 - [TEST_STEP][PASSED] - setValueToCellByIndex(sheet01, n, 4, "нет данных"): null

11-12-2024T08:10:23 - [TEST_STEP][PASSED] - setValueToCellByIndex(sheet01, n, 5, m): null

11-12-2024T08:10:23 - [TEST_STEP][PASSED] - setValueToCellByIndex(sheet01, n, 6, y): null

11-12-2024T08:10:23 - [TEST_STEP][PASSED] - setValueToCellByIndex(sheet01, n, 7, todaysDate): null

11-12-2024T08:10:23 - [TEST_STEP][PASSED] - n = n + 1: null

11-12-2024T08:10:23 - [TEST_STEP][PASSED] - saveWorkbook(excelFilePath, workbook01): null

11-12-2024T08:10:23 - [TEST_STEP][PASSED] - typeOfData = "План Потери": null

11-12-2024T08:10:23 - [TEST_STEP][PASSED] - fileInt = replaceAll("\s+", "").toInteger(): null

11-12-2024T08:10:23 - [TEST_STEP][PASSED] - Script1718980020443.WriteToExcelNoData(a, typeOfData, todaysDate, fileInt, fileDouble, dZO): null

11-12-2024T08:10:23 - [TEST_STEP][PASSED] - sheetName = "Sheet1": null

11-12-2024T08:10:23 - [TEST_STEP][PASSED] - data = findTestData("PlanFact"): null

11-12-2024T08:10:23 - [TEST_STEP][PASSED] - n = data.getRowNumbers() + 1: null

11-12-2024T08:10:23 - [TEST_STEP][PASSED] - year = todaysDate.substring(todaysDate.length() - 4, todaysDate.length()): null

11-12-2024T08:10:23 - [TEST_STEP][PASSED] - y = year.toInteger(): null

11-12-2024T08:10:23 - [TEST_STEP][PASSED] - m = getText(findTestObject("Выполнение бизнес-плана/Период")): Text of object 'Object Repository/Выполнение бизнес-плана/Период' is: '1, 2, 3 кв., Октябрь 2024 года'

11-12-2024T08:10:24 - [MESSAGE][PASSED] - Text of object 'Object Repository/Выполнение бизнес-плана/Период' is: '1, 2, 3 кв., Октябрь 2024 года'

11-12-2024T08:10:24 - [TEST_STEP][PASSED] - m = m.substring(0, m.indexOf("2024")): null

11-12-2024T08:10:24 - [TEST_STEP][PASSED] - m = m.trim(): null

11-12-2024T08:10:24 - [TEST_STEP][PASSED] - dashboardName = "Выполнение бизнес-плана": null

11-12-2024T08:10:24 - [TEST_STEP][PASSED] - workbook01 = getWorkbook(excelFilePath): null

11-12-2024T08:10:24 - [TEST_STEP][PASSED] - sheet01 = getExcelSheet(workbook01, sheetName): null

11-12-2024T08:10:24 - [TEST_STEP][PASSED] - setValueToCellByIndex(sheet01, n, 0, dashboardName): null

11-12-2024T08:10:24 - [TEST_STEP][PASSED] - setValueToCellByIndex(sheet01, n, 1, dZO): null

11-12-2024T08:10:24 - [TEST_STEP][PASSED] - setValueToCellByIndex(sheet01, n, 2, typeOfData): null

11-12-2024T08:10:24 - [TEST_STEP][PASSED] - if (typeOfData == "Факт в процентах" || typeOfData == "План в процентах"): null

11-12-2024T08:10:24 - [TEST_STEP][PASSED] - else: null

11-12-2024T08:10:24 - [TEST_STEP][PASSED] - setValueToCellByIndex(sheet01, n, 3, fileInt): null

11-12-2024T08:10:24 - [TEST_STEP][PASSED] - setValueToCellByIndex(sheet01, n, 4, "нет данных"): null

11-12-2024T08:10:24 - [TEST_STEP][PASSED] - setValueToCellByIndex(sheet01, n, 5, m): null

11-12-2024T08:10:24 - [TEST_STEP][PASSED] - setValueToCellByIndex(sheet01, n, 6, y): null

11-12-2024T08:10:24 - [TEST_STEP][PASSED] - setValueToCellByIndex(sheet01, n, 7, todaysDate): null

11-12-2024T08:10:24 - [TEST_STEP][PASSED] - n = n + 1: null

11-12-2024T08:10:24 - [TEST_STEP][PASSED] - saveWorkbook(excelFilePath, workbook01): null

11-12-2024T08:10:24 - [TEST_STEP][PASSED] - typeOfData = "План в процентах": null

11-12-2024T08:10:24 - [TEST_STEP][PASSED] - fileDouble = ").toDouble(): null

11-12-2024T08:10:24 - [TEST_STEP][PASSED] - Script1718980020443.WriteToExcelNoData(a, typeOfData, todaysDate, fileInt, fileDouble, dZO): null

11-12-2024T08:10:24 - [TEST_STEP][PASSED] - sheetName = "Sheet1": null

11-12-2024T08:10:24 - [TEST_STEP][PASSED] - data = findTestData("PlanFact"): null

11-12-2024T08:10:24 - [TEST_STEP][PASSED] - n = data.getRowNumbers() + 1: null

11-12-2024T08:10:24 - [TEST_STEP][PASSED] - year = todaysDate.substring(todaysDate.length() - 4, todaysDate.length()): null

11-12-2024T08:10:24 - [TEST_STEP][PASSED] - y = year.toInteger(): null

11-12-2024T08:10:24 - [TEST_STEP][PASSED] - m = getText(findTestObject("Выполнение бизнес-плана/Период")): Text of object 'Object Repository/Выполнение бизнес-плана/Период' is: '1, 2, 3 кв., Октябрь 2024 года'

11-12-2024T08:10:24 - [MESSAGE][PASSED] - Text of object 'Object Repository/Выполнение бизнес-плана/Период' is: '1, 2, 3 кв., Октябрь 2024 года'

11-12-2024T08:10:24 - [TEST_STEP][PASSED] - m = m.substring(0, m.indexOf("2024")): null

11-12-2024T08:10:24 - [TEST_STEP][PASSED] - m = m.trim(): null

11-12-2024T08:10:24 - [TEST_STEP][PASSED] - dashboardName = "Выполнение бизнес-плана": null

11-12-2024T08:10:24 - [TEST_STEP][PASSED] - workbook01 = getWorkbook(excelFilePath): null

11-12-2024T08:10:24 - [TEST_STEP][PASSED] - sheet01 = getExcelSheet(workbook01, sheetName): null

11-12-2024T08:10:24 - [TEST_STEP][PASSED] - setValueToCellByIndex(sheet01, n, 0, dashboardName): null

11-12-2024T08:10:24 - [TEST_STEP][PASSED] - setValueToCellByIndex(sheet01, n, 1, dZO): null

11-12-2024T08:10:24 - [TEST_STEP][PASSED] - setValueToCellByIndex(sheet01, n, 2, typeOfData): null

11-12-2024T08:10:24 - [TEST_STEP][PASSED] - if (typeOfData == "Факт в процентах" || typeOfData == "План в процентах"): null

11-12-2024T08:10:24 - [TEST_STEP][PASSED] - setValueToCellByIndex(sheet01, n, 3, fileDouble): null

11-12-2024T08:10:24 - [TEST_STEP][PASSED] - setValueToCellByIndex(sheet01, n, 4, "нет данных"): null

11-12-2024T08:10:24 - [TEST_STEP][PASSED] - setValueToCellByIndex(sheet01, n, 5, m): null

11-12-2024T08:10:24 - [TEST_STEP][PASSED] - setValueToCellByIndex(sheet01, n, 6, y): null

11-12-2024T08:10:24 - [TEST_STEP][PASSED] - setValueToCellByIndex(sheet01, n, 7, todaysDate): null

11-12-2024T08:10:24 - [TEST_STEP][PASSED] - n = n + 1: null

11-12-2024T08:10:24 - [TEST_STEP][PASSED] - saveWorkbook(excelFilePath, workbook01): null

11-12-2024T08:10:25 - [TEST_STEP][PASSED] - typeOfData = "Факт в процентах": null

11-12-2024T08:10:25 - [TEST_STEP][PASSED] - fileDouble = ").toDouble(): null

11-12-2024T08:10:25 - [TEST_STEP][PASSED] - Script1718980020443.WriteToExcelNoData(a, typeOfData, todaysDate, fileInt, fileDouble, dZO): null

11-12-2024T08:10:25 - [TEST_STEP][PASSED] - sheetName = "Sheet1": null

11-12-2024T08:10:25 - [TEST_STEP][PASSED] - data = findTestData("PlanFact"): null

11-12-2024T08:10:25 - [TEST_STEP][PASSED] - n = data.getRowNumbers() + 1: null

11-12-2024T08:10:25 - [TEST_STEP][PASSED] - year = todaysDate.substring(todaysDate.length() - 4, todaysDate.length()): null

11-12-2024T08:10:25 - [TEST_STEP][PASSED] - y = year.toInteger(): null

11-12-2024T08:10:25 - [TEST_STEP][PASSED] - m = getText(findTestObject("Выполнение бизнес-плана/Период")): Text of object 'Object Repository/Выполнение бизнес-плана/Период' is: '1, 2, 3 кв., Октябрь 2024 года'

11-12-2024T08:10:25 - [MESSAGE][PASSED] - Text of object 'Object Repository/Выполнение бизнес-плана/Период' is: '1, 2, 3 кв., Октябрь 2024 года'

11-12-2024T08:10:25 - [TEST_STEP][PASSED] - m = m.substring(0, m.indexOf("2024")): null

11-12-2024T08:10:25 - [TEST_STEP][PASSED] - m = m.trim(): null

11-12-2024T08:10:25 - [TEST_STEP][PASSED] - dashboardName = "Выполнение бизнес-плана": null

11-12-2024T08:10:25 - [TEST_STEP][PASSED] - workbook01 = getWorkbook(excelFilePath): null

11-12-2024T08:10:25 - [TEST_STEP][PASSED] - sheet01 = getExcelSheet(workbook01, sheetName): null

11-12-2024T08:10:25 - [TEST_STEP][PASSED] - setValueToCellByIndex(sheet01, n, 0, dashboardName): null

11-12-2024T08:10:25 - [TEST_STEP][PASSED] - setValueToCellByIndex(sheet01, n, 1, dZO): null

11-12-2024T08:10:25 - [TEST_STEP][PASSED] - setValueToCellByIndex(sheet01, n, 2, typeOfData): null

11-12-2024T08:10:25 - [TEST_STEP][PASSED] - if (typeOfData == "Факт в процентах" || typeOfData == "План в процентах"): null

11-12-2024T08:10:25 - [TEST_STEP][PASSED] - setValueToCellByIndex(sheet01, n, 3, fileDouble): null

11-12-2024T08:10:25 - [TEST_STEP][PASSED] - setValueToCellByIndex(sheet01, n, 4, "нет данных"): null

11-12-2024T08:10:25 - [TEST_STEP][PASSED] - setValueToCellByIndex(sheet01, n, 5, m): null

11-12-2024T08:10:25 - [TEST_STEP][PASSED] - setValueToCellByIndex(sheet01, n, 6, y): null

11-12-2024T08:10:25 - [TEST_STEP][PASSED] - setValueToCellByIndex(sheet01, n, 7, todaysDate): null

11-12-2024T08:10:25 - [TEST_STEP][PASSED] - n = n + 1: null

11-12-2024T08:10:25 - [TEST_STEP][PASSED] - saveWorkbook(excelFilePath, workbook01): null

11-12-2024T08:10:25 - [TEST_STEP][PASSED] - println(dzoNum): null

11-12-2024T08:10:25 - [TEST_STEP][PASSED] - dZO = "Россети Янтарь": null

11-12-2024T08:10:25 - [TEST_STEP][PASSED] - a = 81: null

11-12-2024T08:10:25 - [TEST_STEP][PASSED] - if (x1.contains(dZO)): null

11-12-2024T08:10:25 - [TEST_STEP][PASSED] - else: null

11-12-2024T08:10:25 - [TEST_STEP][PASSED] - Script1718980020443.NoData(a, typeOfData, todaysDate, fileInt, fileDouble, dZO): null

11-12-2024T08:10:25 - [TEST_STEP][PASSED] - println(a): null

11-12-2024T08:10:25 - [TEST_STEP][PASSED] - println(todaysDate): null

11-12-2024T08:10:25 - [TEST_STEP][PASSED] - println(fileInt): null

11-12-2024T08:10:25 - [TEST_STEP][PASSED] - println(fileDouble): null

11-12-2024T08:10:25 - [TEST_STEP][PASSED] - println(dZO): null

11-12-2024T08:10:25 - [TEST_STEP][PASSED] - typeOfData = "Факт Отпуск в сеть": null

11-12-2024T08:10:25 - [TEST_STEP][PASSED] - fileInt = replaceAll("\s+", "").toInteger(): null

11-12-2024T08:10:25 - [TEST_STEP][PASSED] - Script1718980020443.WriteToExcelNoData(a, typeOfData, todaysDate, fileInt, fileDouble, dZO): null

11-12-2024T08:10:25 - [TEST_STEP][PASSED] - sheetName = "Sheet1": null

11-12-2024T08:10:25 - [TEST_STEP][PASSED] - data = findTestData("PlanFact"): null

11-12-2024T08:10:25 - [TEST_STEP][PASSED] - n = data.getRowNumbers() + 1: null

11-12-2024T08:10:25 - [TEST_STEP][PASSED] - year = todaysDate.substring(todaysDate.length() - 4, todaysDate.length()): null

11-12-2024T08:10:25 - [TEST_STEP][PASSED] - y = year.toInteger(): null

11-12-2024T08:10:25 - [TEST_STEP][PASSED] - m = getText(findTestObject("Выполнение бизнес-плана/Период")): Text of object 'Object Repository/Выполнение бизнес-плана/Период' is: '1, 2, 3 кв., Октябрь 2024 года'

11-12-2024T08:10:26 - [MESSAGE][PASSED] - Text of object 'Object Repository/Выполнение бизнес-плана/Период' is: '1, 2, 3 кв., Октябрь 2024 года'

11-12-2024T08:10:26 - [TEST_STEP][PASSED] - m = m.substring(0, m.indexOf("2024")): null

11-12-2024T08:10:26 - [TEST_STEP][PASSED] - m = m.trim(): null

11-12-2024T08:10:26 - [TEST_STEP][PASSED] - dashboardName = "Выполнение бизнес-плана": null

11-12-2024T08:10:26 - [TEST_STEP][PASSED] - workbook01 = getWorkbook(excelFilePath): null

11-12-2024T08:10:26 - [TEST_STEP][PASSED] - sheet01 = getExcelSheet(workbook01, sheetName): null

11-12-2024T08:10:26 - [TEST_STEP][PASSED] - setValueToCellByIndex(sheet01, n, 0, dashboardName): null

11-12-2024T08:10:26 - [TEST_STEP][PASSED] - setValueToCellByIndex(sheet01, n, 1, dZO): null

11-12-2024T08:10:26 - [TEST_STEP][PASSED] - setValueToCellByIndex(sheet01, n, 2, typeOfData): null

11-12-2024T08:10:26 - [TEST_STEP][PASSED] - if (typeOfData == "Факт в процентах" || typeOfData == "План в процентах"): null

11-12-2024T08:10:26 - [TEST_STEP][PASSED] - else: null

11-12-2024T08:10:26 - [TEST_STEP][PASSED] - setValueToCellByIndex(sheet01, n, 3, fileInt): null

11-12-2024T08:10:26 - [TEST_STEP][PASSED] - setValueToCellByIndex(sheet01, n, 4, "нет данных"): null

11-12-2024T08:10:26 - [TEST_STEP][PASSED] - setValueToCellByIndex(sheet01, n, 5, m): null

11-12-2024T08:10:26 - [TEST_STEP][PASSED] - setValueToCellByIndex(sheet01, n, 6, y): null

11-12-2024T08:10:26 - [TEST_STEP][PASSED] - setValueToCellByIndex(sheet01, n, 7, todaysDate): null

11-12-2024T08:10:26 - [TEST_STEP][PASSED] - n = n + 1: null

11-12-2024T08:10:26 - [TEST_STEP][PASSED] - saveWorkbook(excelFilePath, workbook01): null

11-12-2024T08:10:26 - [TEST_STEP][PASSED] - typeOfData = "Факт Потери": null

11-12-2024T08:10:26 - [TEST_STEP][PASSED] - fileInt = replaceAll("\s+", "").toInteger(): null

11-12-2024T08:10:26 - [TEST_STEP][PASSED] - Script1718980020443.WriteToExcelNoData(a, typeOfData, todaysDate, fileInt, fileDouble, dZO): null

11-12-2024T08:10:26 - [TEST_STEP][PASSED] - sheetName = "Sheet1": null

11-12-2024T08:10:26 - [TEST_STEP][PASSED] - data = findTestData("PlanFact"): null

11-12-2024T08:10:26 - [TEST_STEP][PASSED] - n = data.getRowNumbers() + 1: null

11-12-2024T08:10:26 - [TEST_STEP][PASSED] - year = todaysDate.substring(todaysDate.length() - 4, todaysDate.length()): null

11-12-2024T08:10:26 - [TEST_STEP][PASSED] - y = year.toInteger(): null

11-12-2024T08:10:26 - [TEST_STEP][PASSED] - m = getText(findTestObject("Выполнение бизнес-плана/Период")): Text of object 'Object Repository/Выполнение бизнес-плана/Период' is: '1, 2, 3 кв., Октябрь 2024 года'

11-12-2024T08:10:26 - [MESSAGE][PASSED] - Text of object 'Object Repository/Выполнение бизнес-плана/Период' is: '1, 2, 3 кв., Октябрь 2024 года'

11-12-2024T08:10:26 - [TEST_STEP][PASSED] - m = m.substring(0, m.indexOf("2024")): null

11-12-2024T08:10:26 - [TEST_STEP][PASSED] - m = m.trim(): null

11-12-2024T08:10:26 - [TEST_STEP][PASSED] - dashboardName = "Выполнение бизнес-плана": null

11-12-2024T08:10:26 - [TEST_STEP][PASSED] - workbook01 = getWorkbook(excelFilePath): null

11-12-2024T08:10:26 - [TEST_STEP][PASSED] - sheet01 = getExcelSheet(workbook01, sheetName): null

11-12-2024T08:10:26 - [TEST_STEP][PASSED] - setValueToCellByIndex(sheet01, n, 0, dashboardName): null

11-12-2024T08:10:26 - [TEST_STEP][PASSED] - setValueToCellByIndex(sheet01, n, 1, dZO): null

11-12-2024T08:10:26 - [TEST_STEP][PASSED] - setValueToCellByIndex(sheet01, n, 2, typeOfData): null

11-12-2024T08:10:26 - [TEST_STEP][PASSED] - if (typeOfData == "Факт в процентах" || typeOfData == "План в процентах"): null

11-12-2024T08:10:26 - [TEST_STEP][PASSED] - else: null

11-12-2024T08:10:26 - [TEST_STEP][PASSED] - setValueToCellByIndex(sheet01, n, 3, fileInt): null

11-12-2024T08:10:26 - [TEST_STEP][PASSED] - setValueToCellByIndex(sheet01, n, 4, "нет данных"): null

11-12-2024T08:10:26 - [TEST_STEP][PASSED] - setValueToCellByIndex(sheet01, n, 5, m): null

11-12-2024T08:10:26 - [TEST_STEP][PASSED] - setValueToCellByIndex(sheet01, n, 6, y): null

11-12-2024T08:10:26 - [TEST_STEP][PASSED] - setValueToCellByIndex(sheet01, n, 7, todaysDate): null

11-12-2024T08:10:26 - [TEST_STEP][PASSED] - n = n + 1: null

11-12-2024T08:10:26 - [TEST_STEP][PASSED] - saveWorkbook(excelFilePath, workbook01): null

11-12-2024T08:10:27 - [TEST_STEP][PASSED] - typeOfData = "План Отпуск в сеть": null

11-12-2024T08:10:27 - [TEST_STEP][PASSED] - fileInt = replaceAll("\s+", "").toInteger(): null

11-12-2024T08:10:27 - [TEST_STEP][PASSED] - Script1718980020443.WriteToExcelNoData(a, typeOfData, todaysDate, fileInt, fileDouble, dZO): null

11-12-2024T08:10:27 - [TEST_STEP][PASSED] - sheetName = "Sheet1": null

11-12-2024T08:10:27 - [TEST_STEP][PASSED] - data = findTestData("PlanFact"): null

11-12-2024T08:10:27 - [TEST_STEP][PASSED] - n = data.getRowNumbers() + 1: null

11-12-2024T08:10:27 - [TEST_STEP][PASSED] - year = todaysDate.substring(todaysDate.length() - 4, todaysDate.length()): null

11-12-2024T08:10:27 - [TEST_STEP][PASSED] - y = year.toInteger(): null

11-12-2024T08:10:27 - [TEST_STEP][PASSED] - m = getText(findTestObject("Выполнение бизнес-плана/Период")): Text of object 'Object Repository/Выполнение бизнес-плана/Период' is: '1, 2, 3 кв., Октябрь 2024 года'

11-12-2024T08:10:27 - [MESSAGE][PASSED] - Text of object 'Object Repository/Выполнение бизнес-плана/Период' is: '1, 2, 3 кв., Октябрь 2024 года'

11-12-2024T08:10:27 - [TEST_STEP][PASSED] - m = m.substring(0, m.indexOf("2024")): null

11-12-2024T08:10:27 - [TEST_STEP][PASSED] - m = m.trim(): null

11-12-2024T08:10:27 - [TEST_STEP][PASSED] - dashboardName = "Выполнение бизнес-плана": null

11-12-2024T08:10:27 - [TEST_STEP][PASSED] - workbook01 = getWorkbook(excelFilePath): null

11-12-2024T08:10:27 - [TEST_STEP][PASSED] - sheet01 = getExcelSheet(workbook01, sheetName): null

11-12-2024T08:10:27 - [TEST_STEP][PASSED] - setValueToCellByIndex(sheet01, n, 0, dashboardName): null

11-12-2024T08:10:27 - [TEST_STEP][PASSED] - setValueToCellByIndex(sheet01, n, 1, dZO): null

11-12-2024T08:10:27 - [TEST_STEP][PASSED] - setValueToCellByIndex(sheet01, n, 2, typeOfData): null

11-12-2024T08:10:27 - [TEST_STEP][PASSED] - if (typeOfData == "Факт в процентах" || typeOfData == "План в процентах"): null

11-12-2024T08:10:27 - [TEST_STEP][PASSED] - else: null

11-12-2024T08:10:27 - [TEST_STEP][PASSED] - setValueToCellByIndex(sheet01, n, 3, fileInt): null

11-12-2024T08:10:27 - [TEST_STEP][PASSED] - setValueToCellByIndex(sheet01, n, 4, "нет данных"): null

11-12-2024T08:10:27 - [TEST_STEP][PASSED] - setValueToCellByIndex(sheet01, n, 5, m): null

11-12-2024T08:10:27 - [TEST_STEP][PASSED] - setValueToCellByIndex(sheet01, n, 6, y): null

11-12-2024T08:10:27 - [TEST_STEP][PASSED] - setValueToCellByIndex(sheet01, n, 7, todaysDate): null

11-12-2024T08:10:27 - [TEST_STEP][PASSED] - n = n + 1: null

11-12-2024T08:10:27 - [TEST_STEP][PASSED] - saveWorkbook(excelFilePath, workbook01): null

11-12-2024T08:10:27 - [TEST_STEP][PASSED] - typeOfData = "План Потери": null

11-12-2024T08:10:27 - [TEST_STEP][PASSED] - fileInt = replaceAll("\s+", "").toInteger(): null

11-12-2024T08:10:27 - [TEST_STEP][PASSED] - Script1718980020443.WriteToExcelNoData(a, typeOfData, todaysDate, fileInt, fileDouble, dZO): null

11-12-2024T08:10:27 - [TEST_STEP][PASSED] - sheetName = "Sheet1": null

11-12-2024T08:10:27 - [TEST_STEP][PASSED] - data = findTestData("PlanFact"): null

11-12-2024T08:10:27 - [TEST_STEP][PASSED] - n = data.getRowNumbers() + 1: null

11-12-2024T08:10:27 - [TEST_STEP][PASSED] - year = todaysDate.substring(todaysDate.length() - 4, todaysDate.length()): null

11-12-2024T08:10:27 - [TEST_STEP][PASSED] - y = year.toInteger(): null

11-12-2024T08:10:27 - [TEST_STEP][PASSED] - m = getText(findTestObject("Выполнение бизнес-плана/Период")): Text of object 'Object Repository/Выполнение бизнес-плана/Период' is: '1, 2, 3 кв., Октябрь 2024 года'

11-12-2024T08:10:28 - [MESSAGE][PASSED] - Text of object 'Object Repository/Выполнение бизнес-плана/Период' is: '1, 2, 3 кв., Октябрь 2024 года'

11-12-2024T08:10:28 - [TEST_STEP][PASSED] - m = m.substring(0, m.indexOf("2024")): null

11-12-2024T08:10:28 - [TEST_STEP][PASSED] - m = m.trim(): null

11-12-2024T08:10:28 - [TEST_STEP][PASSED] - dashboardName = "Выполнение бизнес-плана": null

11-12-2024T08:10:28 - [TEST_STEP][PASSED] - workbook01 = getWorkbook(excelFilePath): null

11-12-2024T08:10:28 - [TEST_STEP][PASSED] - sheet01 = getExcelSheet(workbook01, sheetName): null

11-12-2024T08:10:28 - [TEST_STEP][PASSED] - setValueToCellByIndex(sheet01, n, 0, dashboardName): null

11-12-2024T08:10:28 - [TEST_STEP][PASSED] - setValueToCellByIndex(sheet01, n, 1, dZO): null

11-12-2024T08:10:28 - [TEST_STEP][PASSED] - setValueToCellByIndex(sheet01, n, 2, typeOfData): null

11-12-2024T08:10:28 - [TEST_STEP][PASSED] - if (typeOfData == "Факт в процентах" || typeOfData == "План в процентах"): null

11-12-2024T08:10:28 - [TEST_STEP][PASSED] - else: null

11-12-2024T08:10:28 - [TEST_STEP][PASSED] - setValueToCellByIndex(sheet01, n, 3, fileInt): null

11-12-2024T08:10:28 - [TEST_STEP][PASSED] - setValueToCellByIndex(sheet01, n, 4, "нет данных"): null

11-12-2024T08:10:28 - [TEST_STEP][PASSED] - setValueToCellByIndex(sheet01, n, 5, m): null

11-12-2024T08:10:28 - [TEST_STEP][PASSED] - setValueToCellByIndex(sheet01, n, 6, y): null

11-12-2024T08:10:28 - [TEST_STEP][PASSED] - setValueToCellByIndex(sheet01, n, 7, todaysDate): null

11-12-2024T08:10:28 - [TEST_STEP][PASSED] - n = n + 1: null

11-12-2024T08:10:28 - [TEST_STEP][PASSED] - saveWorkbook(excelFilePath, workbook01): null

11-12-2024T08:10:28 - [TEST_STEP][PASSED] - typeOfData = "План в процентах": null

11-12-2024T08:10:28 - [TEST_STEP][PASSED] - fileDouble = ").toDouble(): null

11-12-2024T08:10:28 - [TEST_STEP][PASSED] - Script1718980020443.WriteToExcelNoData(a, typeOfData, todaysDate, fileInt, fileDouble, dZO): null

11-12-2024T08:10:28 - [TEST_STEP][PASSED] - sheetName = "Sheet1": null

11-12-2024T08:10:28 - [TEST_STEP][PASSED] - data = findTestData("PlanFact"): null

11-12-2024T08:10:28 - [TEST_STEP][PASSED] - n = data.getRowNumbers() + 1: null

11-12-2024T08:10:28 - [TEST_STEP][PASSED] - year = todaysDate.substring(todaysDate.length() - 4, todaysDate.length()): null

11-12-2024T08:10:28 - [TEST_STEP][PASSED] - y = year.toInteger(): null

11-12-2024T08:10:28 - [TEST_STEP][PASSED] - m = getText(findTestObject("Выполнение бизнес-плана/Период")): Text of object 'Object Repository/Выполнение бизнес-плана/Период' is: '1, 2, 3 кв., Октябрь 2024 года'

11-12-2024T08:10:28 - [MESSAGE][PASSED] - Text of object 'Object Repository/Выполнение бизнес-плана/Период' is: '1, 2, 3 кв., Октябрь 2024 года'

11-12-2024T08:10:28 - [TEST_STEP][PASSED] - m = m.substring(0, m.indexOf("2024")): null

11-12-2024T08:10:28 - [TEST_STEP][PASSED] - m = m.trim(): null

11-12-2024T08:10:28 - [TEST_STEP][PASSED] - dashboardName = "Выполнение бизнес-плана": null

11-12-2024T08:10:28 - [TEST_STEP][PASSED] - workbook01 = getWorkbook(excelFilePath): null

11-12-2024T08:10:28 - [TEST_STEP][PASSED] - sheet01 = getExcelSheet(workbook01, sheetName): null

11-12-2024T08:10:28 - [TEST_STEP][PASSED] - setValueToCellByIndex(sheet01, n, 0, dashboardName): null

11-12-2024T08:10:28 - [TEST_STEP][PASSED] - setValueToCellByIndex(sheet01, n, 1, dZO): null

11-12-2024T08:10:28 - [TEST_STEP][PASSED] - setValueToCellByIndex(sheet01, n, 2, typeOfData): null

11-12-2024T08:10:28 - [TEST_STEP][PASSED] - if (typeOfData == "Факт в процентах" || typeOfData == "План в процентах"): null

11-12-2024T08:10:28 - [TEST_STEP][PASSED] - setValueToCellByIndex(sheet01, n, 3, fileDouble): null

11-12-2024T08:10:28 - [TEST_STEP][PASSED] - setValueToCellByIndex(sheet01, n, 4, "нет данных"): null

11-12-2024T08:10:28 - [TEST_STEP][PASSED] - setValueToCellByIndex(sheet01, n, 5, m): null

11-12-2024T08:10:28 - [TEST_STEP][PASSED] - setValueToCellByIndex(sheet01, n, 6, y): null

11-12-2024T08:10:28 - [TEST_STEP][PASSED] - setValueToCellByIndex(sheet01, n, 7, todaysDate): null

11-12-2024T08:10:28 - [TEST_STEP][PASSED] - n = n + 1: null

11-12-2024T08:10:28 - [TEST_STEP][PASSED] - saveWorkbook(excelFilePath, workbook01): null

11-12-2024T08:10:29 - [TEST_STEP][PASSED] - typeOfData = "Факт в процентах": null

11-12-2024T08:10:29 - [TEST_STEP][PASSED] - fileDouble = ").toDouble(): null

11-12-2024T08:10:29 - [TEST_STEP][PASSED] - Script1718980020443.WriteToExcelNoData(a, typeOfData, todaysDate, fileInt, fileDouble, dZO): null

11-12-2024T08:10:29 - [TEST_STEP][PASSED] - sheetName = "Sheet1": null

11-12-2024T08:10:29 - [TEST_STEP][PASSED] - data = findTestData("PlanFact"): null

11-12-2024T08:10:29 - [TEST_STEP][PASSED] - n = data.getRowNumbers() + 1: null

11-12-2024T08:10:29 - [TEST_STEP][PASSED] - year = todaysDate.substring(todaysDate.length() - 4, todaysDate.length()): null

11-12-2024T08:10:29 - [TEST_STEP][PASSED] - y = year.toInteger(): null

11-12-2024T08:10:29 - [TEST_STEP][PASSED] - m = getText(findTestObject("Выполнение бизнес-плана/Период")): Text of object 'Object Repository/Выполнение бизнес-плана/Период' is: '1, 2, 3 кв., Октябрь 2024 года'

11-12-2024T08:10:29 - [MESSAGE][PASSED] - Text of object 'Object Repository/Выполнение бизнес-плана/Период' is: '1, 2, 3 кв., Октябрь 2024 года'

11-12-2024T08:10:29 - [TEST_STEP][PASSED] - m = m.substring(0, m.indexOf("2024")): null

11-12-2024T08:10:29 - [TEST_STEP][PASSED] - m = m.trim(): null

11-12-2024T08:10:29 - [TEST_STEP][PASSED] - dashboardName = "Выполнение бизнес-плана": null

11-12-2024T08:10:29 - [TEST_STEP][PASSED] - workbook01 = getWorkbook(excelFilePath): null

11-12-2024T08:10:29 - [TEST_STEP][PASSED] - sheet01 = getExcelSheet(workbook01, sheetName): null

11-12-2024T08:10:29 - [TEST_STEP][PASSED] - setValueToCellByIndex(sheet01, n, 0, dashboardName): null

11-12-2024T08:10:29 - [TEST_STEP][PASSED] - setValueToCellByIndex(sheet01, n, 1, dZO): null

11-12-2024T08:10:29 - [TEST_STEP][PASSED] - setValueToCellByIndex(sheet01, n, 2, typeOfData): null

11-12-2024T08:10:29 - [TEST_STEP][PASSED] - if (typeOfData == "Факт в процентах" || typeOfData == "План в процентах"): null

11-12-2024T08:10:29 - [TEST_STEP][PASSED] - setValueToCellByIndex(sheet01, n, 3, fileDouble): null

11-12-2024T08:10:29 - [TEST_STEP][PASSED] - setValueToCellByIndex(sheet01, n, 4, "нет данных"): null

11-12-2024T08:10:29 - [TEST_STEP][PASSED] - setValueToCellByIndex(sheet01, n, 5, m): null

11-12-2024T08:10:29 - [TEST_STEP][PASSED] - setValueToCellByIndex(sheet01, n, 6, y): null

11-12-2024T08:10:29 - [TEST_STEP][PASSED] - setValueToCellByIndex(sheet01, n, 7, todaysDate): null

11-12-2024T08:10:29 - [TEST_STEP][PASSED] - n = n + 1: null

11-12-2024T08:10:29 - [TEST_STEP][PASSED] - saveWorkbook(excelFilePath, workbook01): null

11-12-2024T08:10:29 - [TEST_STEP][PASSED] - println(dzoNum): null

11-12-2024T08:10:29 - [TEST_STEP][PASSED] - closeBrowser(): Browser is closed

11-12-2024T08:10:30 - [MESSAGE][PASSED] - Browser is closed]]></system-out>
         <system-err><![CDATA[11-12-2024T07:53:50 - [TEST_CASE][FAILED] - Test Cases/Выполнение бизнес-плана/Выполнение бизнес-плана Сверка ПАО Россети все филиалы: Test Cases/Выполнение бизнес-плана/Выполнение бизнес-плана Сверка ПАО Россети все филиалы FAILED.
Reason:
com.kms.katalon.core.exception.StepFailedException: Unable to verify equal between actual object '6' and expected object '0' (Root cause: com.kms.katalon.core.exception.StepFailedException: Actual object '6' and expected object '0' are not equal
	at com.kms.katalon.core.keyword.builtin.VerifyEqualKeyword$_verifyEqual_closure1.doCall(VerifyEqualKeyword.groovy:58)
	at com.kms.katalon.core.keyword.builtin.VerifyEqualKeyword$_verifyEqual_closure1.call(VerifyEqualKeyword.groovy)
	at com.kms.katalon.core.keyword.internal.KeywordMain.runKeyword(KeywordMain.groovy:75)
	at com.kms.katalon.core.keyword.builtin.VerifyEqualKeyword.verifyEqual(VerifyEqualKeyword.groovy:63)
	at com.kms.katalon.core.keyword.builtin.VerifyEqualKeyword.execute(VerifyEqualKeyword.groovy:44)
	at com.kms.katalon.core.keyword.internal.KeywordExecutor.executeKeywordForPlatform(KeywordExecutor.groovy:74)
	at com.kms.katalon.core.keyword.BuiltinKeywords.verifyEqual(BuiltinKeywords.groovy:146)
	at java.base/jdk.internal.reflect.NativeMethodAccessorImpl.invoke0(Native Method)
	at java.base/jdk.internal.reflect.NativeMethodAccessorImpl.invoke(NativeMethodAccessorImpl.java:77)
	at java.base/jdk.internal.reflect.DelegatingMethodAccessorImpl.invoke(DelegatingMethodAccessorImpl.java:43)
	at Выполнение бизнес-плана Сверка ПАО Россети все филиалы.Numbers(Выполнение бизнес-плана Сверка ПАО Россети все филиалы:752)
	at Выполнение бизнес-плана Сверка ПАО Россети все филиалы.run(Выполнение бизнес-плана Сверка ПАО Россети все филиалы:201)
	at com.kms.katalon.core.main.ScriptEngine.run(ScriptEngine.java:194)
	at com.kms.katalon.core.main.ScriptEngine.runScriptAsRawText(ScriptEngine.java:119)
	at com.kms.katalon.core.main.TestCaseExecutor.runScript(TestCaseExecutor.java:448)
	at com.kms.katalon.core.main.TestCaseExecutor.doExecute(TestCaseExecutor.java:439)
	at com.kms.katalon.core.main.TestCaseExecutor.processExecutionPhase(TestCaseExecutor.java:418)
	at com.kms.katalon.core.main.TestCaseExecutor.accessMainPhase(TestCaseExecutor.java:410)
	at com.kms.katalon.core.main.TestCaseExecutor.execute(TestCaseExecutor.java:285)
	at com.kms.katalon.core.common.CommonExecutor.accessTestCaseMainPhase(CommonExecutor.java:65)
	at com.kms.katalon.core.main.TestSuiteExecutor.accessTestSuiteMainPhase(TestSuiteExecutor.java:150)
	at com.kms.katalon.core.main.TestSuiteExecutor.execute(TestSuiteExecutor.java:106)
	at com.kms.katalon.core.main.TestCaseMain.startTestSuite(TestCaseMain.java:180)
	at TempTestSuite1733892825375.run(TempTestSuite1733892825375.groovy:35)
	at java.base/jdk.internal.reflect.NativeMethodAccessorImpl.invoke0(Native Method)
	at java.base/jdk.internal.reflect.NativeMethodAccessorImpl.invoke(NativeMethodAccessorImpl.java:77)
	at java.base/jdk.internal.reflect.DelegatingMethodAccessorImpl.invoke(DelegatingMethodAccessorImpl.java:43)
)
	at com.kms.katalon.core.keyword.internal.KeywordMain.stepFailed(KeywordMain.groovy:39)
	at com.kms.katalon.core.keyword.internal.KeywordMain.stepFailed(KeywordMain.groovy)
	at com.kms.katalon.core.keyword.internal.KeywordMain.runKeyword(KeywordMain.groovy:77)
	at com.kms.katalon.core.keyword.builtin.VerifyEqualKeyword.verifyEqual(VerifyEqualKeyword.groovy:63)
	at com.kms.katalon.core.keyword.builtin.VerifyEqualKeyword.execute(VerifyEqualKeyword.groovy:44)
	at com.kms.katalon.core.keyword.internal.KeywordExecutor.executeKeywordForPlatform(KeywordExecutor.groovy:74)
	at com.kms.katalon.core.keyword.BuiltinKeywords.verifyEqual(BuiltinKeywords.groovy:146)
	at java.base/jdk.internal.reflect.NativeMethodAccessorImpl.invoke0(Native Method)
	at java.base/jdk.internal.reflect.NativeMethodAccessorImpl.invoke(NativeMethodAccessorImpl.java:77)
	at java.base/jdk.internal.reflect.DelegatingMethodAccessorImpl.invoke(DelegatingMethodAccessorImpl.java:43)
	at Выполнение бизнес-плана Сверка ПАО Россети все филиалы.Numbers(Выполнение бизнес-плана Сверка ПАО Россети все филиалы:752)
	at Выполнение бизнес-плана Сверка ПАО Россети все филиалы.run(Выполнение бизнес-плана Сверка ПАО Россети все филиалы:201)
	at com.kms.katalon.core.main.ScriptEngine.run(ScriptEngine.java:194)
	at com.kms.katalon.core.main.ScriptEngine.runScriptAsRawText(ScriptEngine.java:119)
	at com.kms.katalon.core.main.TestCaseExecutor.runScript(TestCaseExecutor.java:448)
	at com.kms.katalon.core.main.TestCaseExecutor.doExecute(TestCaseExecutor.java:439)
	at com.kms.katalon.core.main.TestCaseExecutor.processExecutionPhase(TestCaseExecutor.java:418)
	at com.kms.katalon.core.main.TestCaseExecutor.accessMainPhase(TestCaseExecutor.java:410)
	at com.kms.katalon.core.main.TestCaseExecutor.execute(TestCaseExecutor.java:285)
	at com.kms.katalon.core.common.CommonExecutor.accessTestCaseMainPhase(CommonExecutor.java:65)
	at com.kms.katalon.core.main.TestSuiteExecutor.accessTestSuiteMainPhase(TestSuiteExecutor.java:150)
	at com.kms.katalon.core.main.TestSuiteExecutor.execute(TestSuiteExecutor.java:106)
	at com.kms.katalon.core.main.TestCaseMain.startTestSuite(TestCaseMain.java:180)
	at TempTestSuite1733892825375.run(TempTestSuite1733892825375.groovy:35)
	at java.base/jdk.internal.reflect.NativeMethodAccessorImpl.invoke0(Native Method)
	at java.base/jdk.internal.reflect.NativeMethodAccessorImpl.invoke(NativeMethodAccessorImpl.java:77)
	at java.base/jdk.internal.reflect.DelegatingMethodAccessorImpl.invoke(DelegatingMethodAccessorImpl.java:43)
Caused by: com.kms.katalon.core.exception.StepFailedException: Actual object '6' and expected object '0' are not equal
	at com.kms.katalon.core.keyword.builtin.VerifyEqualKeyword$_verifyEqual_closure1.doCall(VerifyEqualKeyword.groovy:58)
	at com.kms.katalon.core.keyword.builtin.VerifyEqualKeyword$_verifyEqual_closure1.call(VerifyEqualKeyword.groovy)
	at com.kms.katalon.core.keyword.internal.KeywordMain.runKeyword(KeywordMain.groovy:75)
	... 24 more]]></system-err>
      </testcase>
      <system-out><![CDATA[11-12-2024T07:53:49 - [TEST_SUITE][FAILED] - Сверка с ПБЭ: Test Cases/Выполнение бизнес-плана/Выполнение бизнес-плана Сверка ПАО Россети все филиалы FAILED.
Reason:
com.kms.katalon.core.exception.StepFailedException: Unable to verify equal between actual object '6' and expected object '0' (Root cause: com.kms.katalon.core.exception.StepFailedException: Actual object '6' and expected object '0' are not equal
	at com.kms.katalon.core.keyword.builtin.VerifyEqualKeyword$_verifyEqual_closure1.doCall(VerifyEqualKeyword.groovy:58)
	at com.kms.katalon.core.keyword.builtin.VerifyEqualKeyword$_verifyEqual_closure1.call(VerifyEqualKeyword.groovy)
	at com.kms.katalon.core.keyword.internal.KeywordMain.runKeyword(KeywordMain.groovy:75)
	at com.kms.katalon.core.keyword.builtin.VerifyEqualKeyword.verifyEqual(VerifyEqualKeyword.groovy:63)
	at com.kms.katalon.core.keyword.builtin.VerifyEqualKeyword.execute(VerifyEqualKeyword.groovy:44)
	at com.kms.katalon.core.keyword.internal.KeywordExecutor.executeKeywordForPlatform(KeywordExecutor.groovy:74)
	at com.kms.katalon.core.keyword.BuiltinKeywords.verifyEqual(BuiltinKeywords.groovy:146)
	at java.base/jdk.internal.reflect.NativeMethodAccessorImpl.invoke0(Native Method)
	at java.base/jdk.internal.reflect.NativeMethodAccessorImpl.invoke(NativeMethodAccessorImpl.java:77)
	at java.base/jdk.internal.reflect.DelegatingMethodAccessorImpl.invoke(DelegatingMethodAccessorImpl.java:43)
	at Выполнение бизнес-плана Сверка ПАО Россети все филиалы.Numbers(Выполнение бизнес-плана Сверка ПАО Россети все филиалы:752)
	at Выполнение бизнес-плана Сверка ПАО Россети все филиалы.run(Выполнение бизнес-плана Сверка ПАО Россети все филиалы:201)
	at com.kms.katalon.core.main.ScriptEngine.run(ScriptEngine.java:194)
	at com.kms.katalon.core.main.ScriptEngine.runScriptAsRawText(ScriptEngine.java:119)
	at com.kms.katalon.core.main.TestCaseExecutor.runScript(TestCaseExecutor.java:448)
	at com.kms.katalon.core.main.TestCaseExecutor.doExecute(TestCaseExecutor.java:439)
	at com.kms.katalon.core.main.TestCaseExecutor.processExecutionPhase(TestCaseExecutor.java:418)
	at com.kms.katalon.core.main.TestCaseExecutor.accessMainPhase(TestCaseExecutor.java:410)
	at com.kms.katalon.core.main.TestCaseExecutor.execute(TestCaseExecutor.java:285)
	at com.kms.katalon.core.common.CommonExecutor.accessTestCaseMainPhase(CommonExecutor.java:65)
	at com.kms.katalon.core.main.TestSuiteExecutor.accessTestSuiteMainPhase(TestSuiteExecutor.java:150)
	at com.kms.katalon.core.main.TestSuiteExecutor.execute(TestSuiteExecutor.java:106)
	at com.kms.katalon.core.main.TestCaseMain.startTestSuite(TestCaseMain.java:180)
	at TempTestSuite1733892825375.run(TempTestSuite1733892825375.groovy:35)
	at java.base/jdk.internal.reflect.NativeMethodAccessorImpl.invoke0(Native Method)
	at java.base/jdk.internal.reflect.NativeMethodAccessorImpl.invoke(NativeMethodAccessorImpl.java:77)
	at java.base/jdk.internal.reflect.DelegatingMethodAccessorImpl.invoke(DelegatingMethodAccessorImpl.java:43)
)
	at com.kms.katalon.core.keyword.internal.KeywordMain.stepFailed(KeywordMain.groovy:39)
	at com.kms.katalon.core.keyword.internal.KeywordMain.stepFailed(KeywordMain.groovy)
	at com.kms.katalon.core.keyword.internal.KeywordMain.runKeyword(KeywordMain.groovy:77)
	at com.kms.katalon.core.keyword.builtin.VerifyEqualKeyword.verifyEqual(VerifyEqualKeyword.groovy:63)
	at com.kms.katalon.core.keyword.builtin.VerifyEqualKeyword.execute(VerifyEqualKeyword.groovy:44)
	at com.kms.katalon.core.keyword.internal.KeywordExecutor.executeKeywordForPlatform(KeywordExecutor.groovy:74)
	at com.kms.katalon.core.keyword.BuiltinKeywords.verifyEqual(BuiltinKeywords.groovy:146)
	at java.base/jdk.internal.reflect.NativeMethodAccessorImpl.invoke0(Native Method)
	at java.base/jdk.internal.reflect.NativeMethodAccessorImpl.invoke(NativeMethodAccessorImpl.java:77)
	at java.base/jdk.internal.reflect.DelegatingMethodAccessorImpl.invoke(DelegatingMethodAccessorImpl.java:43)
	at Выполнение бизнес-плана Сверка ПАО Россети все филиалы.Numbers(Выполнение бизнес-плана Сверка ПАО Россети все филиалы:752)
	at Выполнение бизнес-плана Сверка ПАО Россети все филиалы.run(Выполнение бизнес-плана Сверка ПАО Россети все филиалы:201)
	at com.kms.katalon.core.main.ScriptEngine.run(ScriptEngine.java:194)
	at com.kms.katalon.core.main.ScriptEngine.runScriptAsRawText(ScriptEngine.java:119)
	at com.kms.katalon.core.main.TestCaseExecutor.runScript(TestCaseExecutor.java:448)
	at com.kms.katalon.core.main.TestCaseExecutor.doExecute(TestCaseExecutor.java:439)
	at com.kms.katalon.core.main.TestCaseExecutor.processExecutionPhase(TestCaseExecutor.java:418)
	at com.kms.katalon.core.main.TestCaseExecutor.accessMainPhase(TestCaseExecutor.java:410)
	at com.kms.katalon.core.main.TestCaseExecutor.execute(TestCaseExecutor.java:285)
	at com.kms.katalon.core.common.CommonExecutor.accessTestCaseMainPhase(CommonExecutor.java:65)
	at com.kms.katalon.core.main.TestSuiteExecutor.accessTestSuiteMainPhase(TestSuiteExecutor.java:150)
	at com.kms.katalon.core.main.TestSuiteExecutor.execute(TestSuiteExecutor.java:106)
	at com.kms.katalon.core.main.TestCaseMain.startTestSuite(TestCaseMain.java:180)
	at TempTestSuite1733892825375.run(TempTestSuite1733892825375.groovy:35)
	at java.base/jdk.internal.reflect.NativeMethodAccessorImpl.invoke0(Native Method)
	at java.base/jdk.internal.reflect.NativeMethodAccessorImpl.invoke(NativeMethodAccessorImpl.java:77)
	at java.base/jdk.internal.reflect.DelegatingMethodAccessorImpl.invoke(DelegatingMethodAccessorImpl.java:43)
Caused by: com.kms.katalon.core.exception.StepFailedException: Actual object '6' and expected object '0' are not equal
	at com.kms.katalon.core.keyword.builtin.VerifyEqualKeyword$_verifyEqual_closure1.doCall(VerifyEqualKeyword.groovy:58)
	at com.kms.katalon.core.keyword.builtin.VerifyEqualKeyword$_verifyEqual_closure1.call(VerifyEqualKeyword.groovy)
	at com.kms.katalon.core.keyword.internal.KeywordMain.runKeyword(KeywordMain.groovy:75)
	... 24 more]]></system-out>
      <system-err><![CDATA[11-12-2024T07:53:49 - [TEST_SUITE][FAILED] - Сверка с ПБЭ: Test Cases/Выполнение бизнес-плана/Выполнение бизнес-плана Сверка ПАО Россети все филиалы FAILED.
Reason:
com.kms.katalon.core.exception.StepFailedException: Unable to verify equal between actual object '6' and expected object '0' (Root cause: com.kms.katalon.core.exception.StepFailedException: Actual object '6' and expected object '0' are not equal
	at com.kms.katalon.core.keyword.builtin.VerifyEqualKeyword$_verifyEqual_closure1.doCall(VerifyEqualKeyword.groovy:58)
	at com.kms.katalon.core.keyword.builtin.VerifyEqualKeyword$_verifyEqual_closure1.call(VerifyEqualKeyword.groovy)
	at com.kms.katalon.core.keyword.internal.KeywordMain.runKeyword(KeywordMain.groovy:75)
	at com.kms.katalon.core.keyword.builtin.VerifyEqualKeyword.verifyEqual(VerifyEqualKeyword.groovy:63)
	at com.kms.katalon.core.keyword.builtin.VerifyEqualKeyword.execute(VerifyEqualKeyword.groovy:44)
	at com.kms.katalon.core.keyword.internal.KeywordExecutor.executeKeywordForPlatform(KeywordExecutor.groovy:74)
	at com.kms.katalon.core.keyword.BuiltinKeywords.verifyEqual(BuiltinKeywords.groovy:146)
	at java.base/jdk.internal.reflect.NativeMethodAccessorImpl.invoke0(Native Method)
	at java.base/jdk.internal.reflect.NativeMethodAccessorImpl.invoke(NativeMethodAccessorImpl.java:77)
	at java.base/jdk.internal.reflect.DelegatingMethodAccessorImpl.invoke(DelegatingMethodAccessorImpl.java:43)
	at Выполнение бизнес-плана Сверка ПАО Россети все филиалы.Numbers(Выполнение бизнес-плана Сверка ПАО Россети все филиалы:752)
	at Выполнение бизнес-плана Сверка ПАО Россети все филиалы.run(Выполнение бизнес-плана Сверка ПАО Россети все филиалы:201)
	at com.kms.katalon.core.main.ScriptEngine.run(ScriptEngine.java:194)
	at com.kms.katalon.core.main.ScriptEngine.runScriptAsRawText(ScriptEngine.java:119)
	at com.kms.katalon.core.main.TestCaseExecutor.runScript(TestCaseExecutor.java:448)
	at com.kms.katalon.core.main.TestCaseExecutor.doExecute(TestCaseExecutor.java:439)
	at com.kms.katalon.core.main.TestCaseExecutor.processExecutionPhase(TestCaseExecutor.java:418)
	at com.kms.katalon.core.main.TestCaseExecutor.accessMainPhase(TestCaseExecutor.java:410)
	at com.kms.katalon.core.main.TestCaseExecutor.execute(TestCaseExecutor.java:285)
	at com.kms.katalon.core.common.CommonExecutor.accessTestCaseMainPhase(CommonExecutor.java:65)
	at com.kms.katalon.core.main.TestSuiteExecutor.accessTestSuiteMainPhase(TestSuiteExecutor.java:150)
	at com.kms.katalon.core.main.TestSuiteExecutor.execute(TestSuiteExecutor.java:106)
	at com.kms.katalon.core.main.TestCaseMain.startTestSuite(TestCaseMain.java:180)
	at TempTestSuite1733892825375.run(TempTestSuite1733892825375.groovy:35)
	at java.base/jdk.internal.reflect.NativeMethodAccessorImpl.invoke0(Native Method)
	at java.base/jdk.internal.reflect.NativeMethodAccessorImpl.invoke(NativeMethodAccessorImpl.java:77)
	at java.base/jdk.internal.reflect.DelegatingMethodAccessorImpl.invoke(DelegatingMethodAccessorImpl.java:43)
)
	at com.kms.katalon.core.keyword.internal.KeywordMain.stepFailed(KeywordMain.groovy:39)
	at com.kms.katalon.core.keyword.internal.KeywordMain.stepFailed(KeywordMain.groovy)
	at com.kms.katalon.core.keyword.internal.KeywordMain.runKeyword(KeywordMain.groovy:77)
	at com.kms.katalon.core.keyword.builtin.VerifyEqualKeyword.verifyEqual(VerifyEqualKeyword.groovy:63)
	at com.kms.katalon.core.keyword.builtin.VerifyEqualKeyword.execute(VerifyEqualKeyword.groovy:44)
	at com.kms.katalon.core.keyword.internal.KeywordExecutor.executeKeywordForPlatform(KeywordExecutor.groovy:74)
	at com.kms.katalon.core.keyword.BuiltinKeywords.verifyEqual(BuiltinKeywords.groovy:146)
	at java.base/jdk.internal.reflect.NativeMethodAccessorImpl.invoke0(Native Method)
	at java.base/jdk.internal.reflect.NativeMethodAccessorImpl.invoke(NativeMethodAccessorImpl.java:77)
	at java.base/jdk.internal.reflect.DelegatingMethodAccessorImpl.invoke(DelegatingMethodAccessorImpl.java:43)
	at Выполнение бизнес-плана Сверка ПАО Россети все филиалы.Numbers(Выполнение бизнес-плана Сверка ПАО Россети все филиалы:752)
	at Выполнение бизнес-плана Сверка ПАО Россети все филиалы.run(Выполнение бизнес-плана Сверка ПАО Россети все филиалы:201)
	at com.kms.katalon.core.main.ScriptEngine.run(ScriptEngine.java:194)
	at com.kms.katalon.core.main.ScriptEngine.runScriptAsRawText(ScriptEngine.java:119)
	at com.kms.katalon.core.main.TestCaseExecutor.runScript(TestCaseExecutor.java:448)
	at com.kms.katalon.core.main.TestCaseExecutor.doExecute(TestCaseExecutor.java:439)
	at com.kms.katalon.core.main.TestCaseExecutor.processExecutionPhase(TestCaseExecutor.java:418)
	at com.kms.katalon.core.main.TestCaseExecutor.accessMainPhase(TestCaseExecutor.java:410)
	at com.kms.katalon.core.main.TestCaseExecutor.execute(TestCaseExecutor.java:285)
	at com.kms.katalon.core.common.CommonExecutor.accessTestCaseMainPhase(CommonExecutor.java:65)
	at com.kms.katalon.core.main.TestSuiteExecutor.accessTestSuiteMainPhase(TestSuiteExecutor.java:150)
	at com.kms.katalon.core.main.TestSuiteExecutor.execute(TestSuiteExecutor.java:106)
	at com.kms.katalon.core.main.TestCaseMain.startTestSuite(TestCaseMain.java:180)
	at TempTestSuite1733892825375.run(TempTestSuite1733892825375.groovy:35)
	at java.base/jdk.internal.reflect.NativeMethodAccessorImpl.invoke0(Native Method)
	at java.base/jdk.internal.reflect.NativeMethodAccessorImpl.invoke(NativeMethodAccessorImpl.java:77)
	at java.base/jdk.internal.reflect.DelegatingMethodAccessorImpl.invoke(DelegatingMethodAccessorImpl.java:43)
Caused by: com.kms.katalon.core.exception.StepFailedException: Actual object '6' and expected object '0' are not equal
	at com.kms.katalon.core.keyword.builtin.VerifyEqualKeyword$_verifyEqual_closure1.doCall(VerifyEqualKeyword.groovy:58)
	at com.kms.katalon.core.keyword.builtin.VerifyEqualKeyword$_verifyEqual_closure1.call(VerifyEqualKeyword.groovy)
	at com.kms.katalon.core.keyword.internal.KeywordMain.runKeyword(KeywordMain.groovy:75)
	... 24 more]]></system-err>
   </testsuite>
</testsuites>
