<?xml version="1.0" encoding="UTF-8"?>
<testsuites name="Отображение данных" time="7647.625" tests="2" failures="2" errors="0">
   <testsuite name="Отображение данных" tests="2" failures="2" errors="0" time="7647.625" skipped="0" timestamp="11-03-2025T02:39:23" hostname="liazgina-di - UVV-WS904-D.ot.ru" id="Test Suites/Вт-Чт/Отображение данных">
      <properties>
         <property name="deviceName" value=""/>
         <property name="devicePlatform"/>
         <property name="logFolder" value="C:\\Users\\LIAZGINA-DI\\git\\SPORU\\Reports\\20250311_023918\\\u0412\u0442-\u0427\u0442\\\u041E\u0442\u043E\u0431\u0440\u0430\u0436\u0435\u043D\u0438\u0435 \u0434\u0430\u043D\u043D\u044B\u0445\\20250311_023918"/>
         <property name="logFiles" value="C:\\Users\\LIAZGINA-DI\\git\\SPORU\\Reports\\20250311_023918\\\u0412\u0442-\u0427\u0442\\\u041E\u0442\u043E\u0431\u0440\u0430\u0436\u0435\u043D\u0438\u0435 \u0434\u0430\u043D\u043D\u044B\u0445\\20250311_023918\\execution0.log, C:\\Users\\LIAZGINA-DI\\git\\SPORU\\Reports\\20250311_023918\\\u0412\u0442-\u0427\u0442\\\u041E\u0442\u043E\u0431\u0440\u0430\u0436\u0435\u043D\u0438\u0435 \u0434\u0430\u043D\u043D\u044B\u0445\\20250311_023918\\execution1.log"/>
         <property name="attachments" value=""/>
         <property name="hostName" value="liazgina-di - UVV-WS904-D.ot.ru"/>
         <property name="os" value="Windows 10 64bit"/>
         <property name="katalonVersion" value="9.5.0.217"/>
         <property name="browser" value="Chrome 133.0.0.0"/>
         <property name="hostAddress" value="192.168.0.19"/>
         <property name="sessionId" value="e4c5e5f272b94e38c9131e26f0fd8668"/>
         <property name="seleniumVersion" value="3.141.59"/>
         <property name="proxyInformation" value="ProxyInformation { proxyOption=NO_PROXY, proxyServerType=HTTP, username=, password=********, proxyServerAddress=, proxyServerPort=0, executionList=&quot;&quot;, isApplyToDesiredCapabilities=true }"/>
         <property name="platform" value="Windows 10"/>
      </properties>
      <testcase name="Test Cases/Выручка по ДЗО/Выручка по ДЗО отображение данных все филиалы" time="5120.705" classname="Test Cases/Выручка по ДЗО/Выручка по ДЗО отображение данных все филиалы" status="FAILED">
         <failure type="FAILED" message="Test Cases/Выручка по ДЗО/Выручка по ДЗО отображение данных все филиалы FAILED.&#xa;Reason:&#xa;com.kms.katalon.core.exception.StepFailedException: Text 'нет данных' is present on page  (Root cause: com.kms.katalon.core.exception.StepFailedException: Text 'нет данных' is present on page &#xa;	at com.kms.katalon.core.webui.keyword.internal.WebUIKeywordMain.stepFailed(WebUIKeywordMain.groovy:64)&#xa;	at com.kms.katalon.core.webui.keyword.builtin.VerifyTextNotPresentKeyword$_verifyTextNotPresent_closure1.doCall(VerifyTextNotPresentKeyword.groovy:77)&#xa;	at com.kms.katalon.core.webui.keyword.builtin.VerifyTextNotPresentKeyword$_verifyTextNotPresent_closure1.call(VerifyTextNotPresentKeyword.groovy)&#xa;	at com.kms.katalon.core.webui.keyword.internal.WebUIKeywordMain.runKeyword(WebUIKeywordMain.groovy:20)&#xa;	at com.kms.katalon.core.webui.keyword.builtin.VerifyTextNotPresentKeyword.verifyTextNotPresent(VerifyTextNotPresentKeyword.groovy:82)&#xa;	at com.kms.katalon.core.webui.keyword.builtin.VerifyTextNotPresentKeyword.execute(VerifyTextNotPresentKeyword.groovy:68)&#xa;	at com.kms.katalon.core.keyword.internal.KeywordExecutor.executeKeywordForPlatform(KeywordExecutor.groovy:74)&#xa;	at com.kms.katalon.core.webui.keyword.WebUiBuiltInKeywords.verifyTextNotPresent(WebUiBuiltInKeywords.groovy:1795)&#xa;	at Выручка по ДЗО отображение данных все филиалы.Test(Выручка по ДЗО отображение данных все филиалы:772)&#xa;	at Выручка по ДЗО отображение данных все филиалы.Tumbler(Выручка по ДЗО отображение данных все филиалы:726)&#xa;	at Выручка по ДЗО отображение данных все филиалы.Change(Выручка по ДЗО отображение данных все филиалы:760)&#xa;	at Выручка по ДЗО отображение данных все филиалы.DzoTest(Выручка по ДЗО отображение данных все филиалы:144)&#xa;	at Выручка по ДЗО отображение данных все филиалы.run(Выручка по ДЗО отображение данных все филиалы:122)&#xa;	at com.kms.katalon.core.main.ScriptEngine.run(ScriptEngine.java:194)&#xa;	at com.kms.katalon.core.main.ScriptEngine.runScriptAsRawText(ScriptEngine.java:119)&#xa;	at com.kms.katalon.core.main.TestCaseExecutor.runScript(TestCaseExecutor.java:448)&#xa;	at com.kms.katalon.core.main.TestCaseExecutor.doExecute(TestCaseExecutor.java:439)&#xa;	at com.kms.katalon.core.main.TestCaseExecutor.processExecutionPhase(TestCaseExecutor.java:418)&#xa;	at com.kms.katalon.core.main.TestCaseExecutor.accessMainPhase(TestCaseExecutor.java:410)&#xa;	at com.kms.katalon.core.main.TestCaseExecutor.execute(TestCaseExecutor.java:285)&#xa;	at com.kms.katalon.core.common.CommonExecutor.accessTestCaseMainPhase(CommonExecutor.java:65)&#xa;	at com.kms.katalon.core.main.TestSuiteExecutor.accessTestSuiteMainPhase(TestSuiteExecutor.java:150)&#xa;	at com.kms.katalon.core.main.TestSuiteExecutor.execute(TestSuiteExecutor.java:106)&#xa;	at com.kms.katalon.core.main.TestCaseMain.startTestSuite(TestCaseMain.java:180)&#xa;	at TempTestSuite1741649958618.run(TempTestSuite1741649958618.groovy:35)&#xa;	at java.base/jdk.internal.reflect.NativeMethodAccessorImpl.invoke0(Native Method)&#xa;	at java.base/jdk.internal.reflect.NativeMethodAccessorImpl.invoke(NativeMethodAccessorImpl.java:77)&#xa;	at java.base/jdk.internal.reflect.DelegatingMethodAccessorImpl.invoke(DelegatingMethodAccessorImpl.java:43)&#xa;)&#xa;	at com.kms.katalon.core.keyword.internal.KeywordMain.stepFailed(KeywordMain.groovy:39)&#xa;	at com.kms.katalon.core.webui.keyword.internal.WebUIKeywordMain.stepFailed(WebUIKeywordMain.groovy:64)&#xa;	at com.kms.katalon.core.webui.keyword.builtin.VerifyTextNotPresentKeyword$_verifyTextNotPresent_closure1.doCall(VerifyTextNotPresentKeyword.groovy:77)&#xa;	at com.kms.katalon.core.webui.keyword.builtin.VerifyTextNotPresentKeyword$_verifyTextNotPresent_closure1.call(VerifyTextNotPresentKeyword.groovy)&#xa;	at com.kms.katalon.core.webui.keyword.internal.WebUIKeywordMain.runKeyword(WebUIKeywordMain.groovy:20)&#xa;	at com.kms.katalon.core.webui.keyword.builtin.VerifyTextNotPresentKeyword.verifyTextNotPresent(VerifyTextNotPresentKeyword.groovy:82)&#xa;	at com.kms.katalon.core.webui.keyword.builtin.VerifyTextNotPresentKeyword.execute(VerifyTextNotPresentKeyword.groovy:68)&#xa;	at com.kms.katalon.core.keyword.internal.KeywordExecutor.executeKeywordForPlatform(KeywordExecutor.groovy:74)&#xa;	at com.kms.katalon.core.webui.keyword.WebUiBuiltInKeywords.verifyTextNotPresent(WebUiBuiltInKeywords.groovy:1795)&#xa;	at Выручка по ДЗО отображение данных все филиалы.Test(Выручка по ДЗО отображение данных все филиалы:772)&#xa;	at Выручка по ДЗО отображение данных все филиалы.Tumbler(Выручка по ДЗО отображение данных все филиалы:726)&#xa;	at Выручка по ДЗО отображение данных все филиалы.Change(Выручка по ДЗО отображение данных все филиалы:760)&#xa;	at Выручка по ДЗО отображение данных все филиалы.DzoTest(Выручка по ДЗО отображение данных все филиалы:144)&#xa;	at Выручка по ДЗО отображение данных все филиалы.run(Выручка по ДЗО отображение данных все филиалы:122)&#xa;	at com.kms.katalon.core.main.ScriptEngine.run(ScriptEngine.java:194)&#xa;	at com.kms.katalon.core.main.ScriptEngine.runScriptAsRawText(ScriptEngine.java:119)&#xa;	at com.kms.katalon.core.main.TestCaseExecutor.runScript(TestCaseExecutor.java:448)&#xa;	at com.kms.katalon.core.main.TestCaseExecutor.doExecute(TestCaseExecutor.java:439)&#xa;	at com.kms.katalon.core.main.TestCaseExecutor.processExecutionPhase(TestCaseExecutor.java:418)&#xa;	at com.kms.katalon.core.main.TestCaseExecutor.accessMainPhase(TestCaseExecutor.java:410)&#xa;	at com.kms.katalon.core.main.TestCaseExecutor.execute(TestCaseExecutor.java:285)&#xa;	at com.kms.katalon.core.common.CommonExecutor.accessTestCaseMainPhase(CommonExecutor.java:65)&#xa;	at com.kms.katalon.core.main.TestSuiteExecutor.accessTestSuiteMainPhase(TestSuiteExecutor.java:150)&#xa;	at com.kms.katalon.core.main.TestSuiteExecutor.execute(TestSuiteExecutor.java:106)&#xa;	at com.kms.katalon.core.main.TestCaseMain.startTestSuite(TestCaseMain.java:180)&#xa;	at TempTestSuite1741649958618.run(TempTestSuite1741649958618.groovy:35)&#xa;	at java.base/jdk.internal.reflect.NativeMethodAccessorImpl.invoke0(Native Method)&#xa;	at java.base/jdk.internal.reflect.NativeMethodAccessorImpl.invoke(NativeMethodAccessorImpl.java:77)&#xa;	at java.base/jdk.internal.reflect.DelegatingMethodAccessorImpl.invoke(DelegatingMethodAccessorImpl.java:43)&#xa;Caused by: com.kms.katalon.core.exception.StepFailedException: Text 'нет данных' is present on page &#xa;	... 28 more&#xa;"/>
         <system-out><![CDATA[11-03-2025T02:39:23 - [TEST_CASE][FAILED] - Test Cases/Выручка по ДЗО/Выручка по ДЗО отображение данных все филиалы: Test Cases/Выручка по ДЗО/Выручка по ДЗО отображение данных все филиалы FAILED.
Reason:
com.kms.katalon.core.exception.StepFailedException: Text 'нет данных' is present on page  (Root cause: com.kms.katalon.core.exception.StepFailedException: Text 'нет данных' is present on page 
	at com.kms.katalon.core.webui.keyword.internal.WebUIKeywordMain.stepFailed(WebUIKeywordMain.groovy:64)
	at com.kms.katalon.core.webui.keyword.builtin.VerifyTextNotPresentKeyword$_verifyTextNotPresent_closure1.doCall(VerifyTextNotPresentKeyword.groovy:77)
	at com.kms.katalon.core.webui.keyword.builtin.VerifyTextNotPresentKeyword$_verifyTextNotPresent_closure1.call(VerifyTextNotPresentKeyword.groovy)
	at com.kms.katalon.core.webui.keyword.internal.WebUIKeywordMain.runKeyword(WebUIKeywordMain.groovy:20)
	at com.kms.katalon.core.webui.keyword.builtin.VerifyTextNotPresentKeyword.verifyTextNotPresent(VerifyTextNotPresentKeyword.groovy:82)
	at com.kms.katalon.core.webui.keyword.builtin.VerifyTextNotPresentKeyword.execute(VerifyTextNotPresentKeyword.groovy:68)
	at com.kms.katalon.core.keyword.internal.KeywordExecutor.executeKeywordForPlatform(KeywordExecutor.groovy:74)
	at com.kms.katalon.core.webui.keyword.WebUiBuiltInKeywords.verifyTextNotPresent(WebUiBuiltInKeywords.groovy:1795)
	at Выручка по ДЗО отображение данных все филиалы.Test(Выручка по ДЗО отображение данных все филиалы:772)
	at Выручка по ДЗО отображение данных все филиалы.Tumbler(Выручка по ДЗО отображение данных все филиалы:726)
	at Выручка по ДЗО отображение данных все филиалы.Change(Выручка по ДЗО отображение данных все филиалы:760)
	at Выручка по ДЗО отображение данных все филиалы.DzoTest(Выручка по ДЗО отображение данных все филиалы:144)
	at Выручка по ДЗО отображение данных все филиалы.run(Выручка по ДЗО отображение данных все филиалы:122)
	at com.kms.katalon.core.main.ScriptEngine.run(ScriptEngine.java:194)
	at com.kms.katalon.core.main.ScriptEngine.runScriptAsRawText(ScriptEngine.java:119)
	at com.kms.katalon.core.main.TestCaseExecutor.runScript(TestCaseExecutor.java:448)
	at com.kms.katalon.core.main.TestCaseExecutor.doExecute(TestCaseExecutor.java:439)
	at com.kms.katalon.core.main.TestCaseExecutor.processExecutionPhase(TestCaseExecutor.java:418)
	at com.kms.katalon.core.main.TestCaseExecutor.accessMainPhase(TestCaseExecutor.java:410)
	at com.kms.katalon.core.main.TestCaseExecutor.execute(TestCaseExecutor.java:285)
	at com.kms.katalon.core.common.CommonExecutor.accessTestCaseMainPhase(CommonExecutor.java:65)
	at com.kms.katalon.core.main.TestSuiteExecutor.accessTestSuiteMainPhase(TestSuiteExecutor.java:150)
	at com.kms.katalon.core.main.TestSuiteExecutor.execute(TestSuiteExecutor.java:106)
	at com.kms.katalon.core.main.TestCaseMain.startTestSuite(TestCaseMain.java:180)
	at TempTestSuite1741649958618.run(TempTestSuite1741649958618.groovy:35)
	at java.base/jdk.internal.reflect.NativeMethodAccessorImpl.invoke0(Native Method)
	at java.base/jdk.internal.reflect.NativeMethodAccessorImpl.invoke(NativeMethodAccessorImpl.java:77)
	at java.base/jdk.internal.reflect.DelegatingMethodAccessorImpl.invoke(DelegatingMethodAccessorImpl.java:43)
)
	at com.kms.katalon.core.keyword.internal.KeywordMain.stepFailed(KeywordMain.groovy:39)
	at com.kms.katalon.core.webui.keyword.internal.WebUIKeywordMain.stepFailed(WebUIKeywordMain.groovy:64)
	at com.kms.katalon.core.webui.keyword.builtin.VerifyTextNotPresentKeyword$_verifyTextNotPresent_closure1.doCall(VerifyTextNotPresentKeyword.groovy:77)
	at com.kms.katalon.core.webui.keyword.builtin.VerifyTextNotPresentKeyword$_verifyTextNotPresent_closure1.call(VerifyTextNotPresentKeyword.groovy)
	at com.kms.katalon.core.webui.keyword.internal.WebUIKeywordMain.runKeyword(WebUIKeywordMain.groovy:20)
	at com.kms.katalon.core.webui.keyword.builtin.VerifyTextNotPresentKeyword.verifyTextNotPresent(VerifyTextNotPresentKeyword.groovy:82)
	at com.kms.katalon.core.webui.keyword.builtin.VerifyTextNotPresentKeyword.execute(VerifyTextNotPresentKeyword.groovy:68)
	at com.kms.katalon.core.keyword.internal.KeywordExecutor.executeKeywordForPlatform(KeywordExecutor.groovy:74)
	at com.kms.katalon.core.webui.keyword.WebUiBuiltInKeywords.verifyTextNotPresent(WebUiBuiltInKeywords.groovy:1795)
	at Выручка по ДЗО отображение данных все филиалы.Test(Выручка по ДЗО отображение данных все филиалы:772)
	at Выручка по ДЗО отображение данных все филиалы.Tumbler(Выручка по ДЗО отображение данных все филиалы:726)
	at Выручка по ДЗО отображение данных все филиалы.Change(Выручка по ДЗО отображение данных все филиалы:760)
	at Выручка по ДЗО отображение данных все филиалы.DzoTest(Выручка по ДЗО отображение данных все филиалы:144)
	at Выручка по ДЗО отображение данных все филиалы.run(Выручка по ДЗО отображение данных все филиалы:122)
	at com.kms.katalon.core.main.ScriptEngine.run(ScriptEngine.java:194)
	at com.kms.katalon.core.main.ScriptEngine.runScriptAsRawText(ScriptEngine.java:119)
	at com.kms.katalon.core.main.TestCaseExecutor.runScript(TestCaseExecutor.java:448)
	at com.kms.katalon.core.main.TestCaseExecutor.doExecute(TestCaseExecutor.java:439)
	at com.kms.katalon.core.main.TestCaseExecutor.processExecutionPhase(TestCaseExecutor.java:418)
	at com.kms.katalon.core.main.TestCaseExecutor.accessMainPhase(TestCaseExecutor.java:410)
	at com.kms.katalon.core.main.TestCaseExecutor.execute(TestCaseExecutor.java:285)
	at com.kms.katalon.core.common.CommonExecutor.accessTestCaseMainPhase(CommonExecutor.java:65)
	at com.kms.katalon.core.main.TestSuiteExecutor.accessTestSuiteMainPhase(TestSuiteExecutor.java:150)
	at com.kms.katalon.core.main.TestSuiteExecutor.execute(TestSuiteExecutor.java:106)
	at com.kms.katalon.core.main.TestCaseMain.startTestSuite(TestCaseMain.java:180)
	at TempTestSuite1741649958618.run(TempTestSuite1741649958618.groovy:35)
	at java.base/jdk.internal.reflect.NativeMethodAccessorImpl.invoke0(Native Method)
	at java.base/jdk.internal.reflect.NativeMethodAccessorImpl.invoke(NativeMethodAccessorImpl.java:77)
	at java.base/jdk.internal.reflect.DelegatingMethodAccessorImpl.invoke(DelegatingMethodAccessorImpl.java:43)
Caused by: com.kms.katalon.core.exception.StepFailedException: Text 'нет данных' is present on page 
	... 28 more


11-03-2025T02:39:24 - [TEST_STEP][PASSED] - date = new java.util.Date(): null

11-03-2025T02:39:24 - [TEST_STEP][PASSED] - todaysDate = date.format("dd.MM.yyyy"): null

11-03-2025T02:39:24 - [TEST_STEP][PASSED] - println(todaysDate): null

11-03-2025T02:39:24 - [TEST_STEP][PASSED] - openBrowser(""): Browser is opened with url: ''

11-03-2025T02:39:24 - [MESSAGE][INFO] - Starting 'Chrome' driver

11-03-2025T02:39:24 - [MESSAGE][INFO] - Action delay is set to 0 milliseconds

11-03-2025T02:39:27 - [MESSAGE][PASSED] - Browser is opened with url: ''

11-03-2025T02:39:27 - [TEST_STEP][PASSED] - urlText = <not implemented yet for class: org.codehaus.groovy.ast.expr.EmptyExpression>: null

11-03-2025T02:39:27 - [TEST_STEP][PASSED] - searchWord = <not implemented yet for class: org.codehaus.groovy.ast.expr.EmptyExpression>: null

11-03-2025T02:39:27 - [TEST_STEP][PASSED] - i = <not implemented yet for class: org.codehaus.groovy.ast.expr.EmptyExpression>: null

11-03-2025T02:39:27 - [TEST_STEP][PASSED] - ii = <not implemented yet for class: org.codehaus.groovy.ast.expr.EmptyExpression>: null

11-03-2025T02:39:27 - [TEST_STEP][PASSED] - navigateToUrl(findTestData("PlanFact").getValue(10, 5)): Navigate to 'https://bi.rosseti.digital/viewer?dashboardGuid=2301950b23be4ed89c1df75f2020051e&sheetGuid=31530aa0b6664c09b016b7f2ab9d853e&fit=true' successfully

11-03-2025T02:39:31 - [MESSAGE][PASSED] - Navigate to 'https://bi.rosseti.digital/viewer?dashboardGuid=2301950b23be4ed89c1df75f2020051e&sheetGuid=31530aa0b6664c09b016b7f2ab9d853e&fit=true' successfully

11-03-2025T02:39:31 - [TEST_STEP][PASSED] - urlText = getText(findTestObject("Страница авторизации/Text")): Text of object 'Object Repository/Страница авторизации/Text' is: 'Вход'

11-03-2025T02:39:32 - [MESSAGE][PASSED] - Text of object 'Object Repository/Страница авторизации/Text' is: 'Вход'

11-03-2025T02:39:32 - [TEST_STEP][PASSED] - delay(10): Delayed 10 second(s)

11-03-2025T02:39:42 - [MESSAGE][PASSED] - Delayed 10 second(s)

11-03-2025T02:39:42 - [TEST_STEP][PASSED] - searchWord = "Вход": null

11-03-2025T02:39:42 - [TEST_STEP][PASSED] - if (urlText.contains(searchWord) == false): null

11-03-2025T02:39:42 - [TEST_STEP][PASSED] - setText(findTestObject("Страница авторизации/input__username"), findTestData("PlanFact").getValue(8, 1)): Text 'liazgina-di' is set on object 'Object Repository/Страница авторизации/input__username'

11-03-2025T02:39:43 - [MESSAGE][PASSED] - Text 'liazgina-di' is set on object 'Object Repository/Страница авторизации/input__username'

11-03-2025T02:39:43 - [TEST_STEP][PASSED] - setText(findTestObject("Страница авторизации/input__password"), findTestData("PlanFact").getValue(9, 1)): Text ')$%5srZ8o688Dm#q' is set on object 'Object Repository/Страница авторизации/input__password'

11-03-2025T02:39:44 - [MESSAGE][PASSED] - Text ')$%5srZ8o688Dm#q' is set on object 'Object Repository/Страница авторизации/input__password'

11-03-2025T02:39:44 - [TEST_STEP][PASSED] - click(findTestObject("Страница авторизации/button_")): Object: 'Object Repository/Страница авторизации/button_' is clicked on

11-03-2025T02:39:46 - [MESSAGE][PASSED] - Object: 'Object Repository/Страница авторизации/button_' is clicked on

11-03-2025T02:39:46 - [TEST_STEP][PASSED] - delay(50): Delayed 50 second(s)

11-03-2025T02:40:36 - [MESSAGE][PASSED] - Delayed 50 second(s)

11-03-2025T02:40:36 - [TEST_STEP][PASSED] - searchWord = "ДЗО": null

11-03-2025T02:40:36 - [TEST_STEP][PASSED] - urlText = getText(findTestObject("Страница авторизации/Text")): Text of object 'Object Repository/Страница авторизации/Text' is: 'Период
Январь 2025 года
Выручка
Все
ДЗО 
ПАО Россети
Выручка по ДЗО
Выполнение плановых показателей по ПАО Россети за Январь 2025 года
2 275 2 275
0 0
0 0
8 938 8 938
7 813 7 813
11 645 11 645
12 788 12 788
0 0
7 066 7 066
0 0
1 091 1 091
10 368 10 368
10 920 10 920
28 393 28 393
12 599 12 599
13 668 13 668
6 349 6 349
1 064 1 064
2 202 2 202
274 274
463 463
10 568 10 568
7 759 7 759
11 241 11 241
21 497 21 497
3 799 3 799
6 815 6 815
11 296 11 296
1 034 1 034
9 265 9 265
10 446 10 446
28 334 28 334
11 924 11 924
13 055 13 055
6 848 6 848
1 045 1 045
План
Факт
АО "РЭС"
АО «Тываэнерго»
АО «Чеченэнерго»
Россети Волга
Россети Кубань
Россети Ленэнерго (ГК)
Россети Московский регион
Россети Северный Кавказ (ГК)
Россети Северо-Запад
Россети Сибирь (ГК)
Россети Томск
Россети Тюмень
Россети Урал (ГК)
Россети ФСК ЕЭС
Россети Центр
Россети Центр и Приволжье (ГК)
Россети Юг (ГК)
Россети Янтарь
0 млн. руб.
2 500 млн. руб.
5 000 млн. руб.
7 500 млн. руб.
10 000 млн. руб.
12 500 млн. руб.
15 000 млн. руб.
17 500 млн. руб.
20 000 млн. руб.
22 500 млн. руб.
25 000 млн. руб.
27 500 млн. руб.
30 000 млн. руб.
Выполнение плановых показателей по ПАО Россети за Январь 2025 года
1,4%1,4%
0,17%0,17%
0,29%0,29%
6,69%6,69%
4,92%4,92%
7,12%7,12%
13,62%13,62%
2,41%2,41%
4,32%4,32%
7,16%7,16%
0,65%0,65%
5,87%5,87%
6,62%6,62%
17,95%17,95%
7,55%7,55%
8,27%8,27%
4,34%4,34%
0,66%0,66%
АО "РЭС"
АО «Тываэнерго»
АО «Чеченэнерго»
Россети Волга
Россети Кубань
Россети Ленэнерго (ГК)
Россети Московский регион
Россети Северный Кавказ (ГК)
Россети Северо-Запад
Россети Сибирь (ГК)
Россети Томск
Россети Тюмень
Россети Урал (ГК)
Россети ФСК ЕЭС
Россети Центр
Россети Центр и Приволжье (ГК)
Россети Юг (ГК)
Россети Янтарь'

11-03-2025T02:40:37 - [MESSAGE][PASSED] - Text of object 'Object Repository/Страница авторизации/Text' is: 'Период
Январь 2025 года
Выручка
Все
ДЗО 
ПАО Россети
Выручка по ДЗО
Выполнение плановых показателей по ПАО Россети за Январь 2025 года
2 275 2 275
0 0
0 0
8 938 8 938
7 813 7 813
11 645 11 645
12 788 12 788
0 0
7 066 7 066
0 0
1 091 1 091
10 368 10 368
10 920 10 920
28 393 28 393
12 599 12 599
13 668 13 668
6 349 6 349
1 064 1 064
2 202 2 202
274 274
463 463
10 568 10 568
7 759 7 759
11 241 11 241
21 497 21 497
3 799 3 799
6 815 6 815
11 296 11 296
1 034 1 034
9 265 9 265
10 446 10 446
28 334 28 334
11 924 11 924
13 055 13 055
6 848 6 848
1 045 1 045
План
Факт
АО "РЭС"
АО «Тываэнерго»
АО «Чеченэнерго»
Россети Волга
Россети Кубань
Россети Ленэнерго (ГК)
Россети Московский регион
Россети Северный Кавказ (ГК)
Россети Северо-Запад
Россети Сибирь (ГК)
Россети Томск
Россети Тюмень
Россети Урал (ГК)
Россети ФСК ЕЭС
Россети Центр
Россети Центр и Приволжье (ГК)
Россети Юг (ГК)
Россети Янтарь
0 млн. руб.
2 500 млн. руб.
5 000 млн. руб.
7 500 млн. руб.
10 000 млн. руб.
12 500 млн. руб.
15 000 млн. руб.
17 500 млн. руб.
20 000 млн. руб.
22 500 млн. руб.
25 000 млн. руб.
27 500 млн. руб.
30 000 млн. руб.
Выполнение плановых показателей по ПАО Россети за Январь 2025 года
1,4%1,4%
0,17%0,17%
0,29%0,29%
6,69%6,69%
4,92%4,92%
7,12%7,12%
13,62%13,62%
2,41%2,41%
4,32%4,32%
7,16%7,16%
0,65%0,65%
5,87%5,87%
6,62%6,62%
17,95%17,95%
7,55%7,55%
8,27%8,27%
4,34%4,34%
0,66%0,66%
АО "РЭС"
АО «Тываэнерго»
АО «Чеченэнерго»
Россети Волга
Россети Кубань
Россети Ленэнерго (ГК)
Россети Московский регион
Россети Северный Кавказ (ГК)
Россети Северо-Запад
Россети Сибирь (ГК)
Россети Томск
Россети Тюмень
Россети Урал (ГК)
Россети ФСК ЕЭС
Россети Центр
Россети Центр и Приволжье (ГК)
Россети Юг (ГК)
Россети Янтарь'

11-03-2025T02:40:37 - [TEST_STEP][PASSED] - if (urlText.contains("ошибка") || urlText.contains(searchWord) == false): null

11-03-2025T02:40:37 - [TEST_STEP][PASSED] - click(findTestObject("Выручка по ДЗО/Фильтр Дата")): Object: 'Object Repository/Выручка по ДЗО/Фильтр Дата' is clicked on

11-03-2025T02:40:37 - [MESSAGE][PASSED] - Object: 'Object Repository/Выручка по ДЗО/Фильтр Дата' is clicked on

11-03-2025T02:40:37 - [TEST_STEP][PASSED] - click(findTestObject("Выручка по ДЗО/Снять выделение в фильтре Дата")): Object: 'Object Repository/Выручка по ДЗО/Снять выделение в фильтре Дата' is clicked on

11-03-2025T02:40:38 - [MESSAGE][PASSED] - Object: 'Object Repository/Выручка по ДЗО/Снять выделение в фильтре Дата' is clicked on

11-03-2025T02:40:38 - [TEST_STEP][PASSED] - click(findTestObject("Выручка по ДЗО/Применить в фильтре Дата")): Object: 'Object Repository/Выручка по ДЗО/Применить в фильтре Дата' is clicked on

11-03-2025T02:40:38 - [MESSAGE][PASSED] - Object: 'Object Repository/Выручка по ДЗО/Применить в фильтре Дата' is clicked on

11-03-2025T02:40:38 - [TEST_STEP][PASSED] - click(findTestObject("Выручка по ДЗО/Фильтр Дата")): Object: 'Object Repository/Выручка по ДЗО/Фильтр Дата' is clicked on

11-03-2025T02:40:39 - [MESSAGE][PASSED] - Object: 'Object Repository/Выручка по ДЗО/Фильтр Дата' is clicked on

11-03-2025T02:40:39 - [TEST_STEP][PASSED] - click(findTestObject("Выручка по ДЗО/Снять выделение в фильтре Дата")): Object: 'Object Repository/Выручка по ДЗО/Снять выделение в фильтре Дата' is clicked on

11-03-2025T02:40:40 - [MESSAGE][PASSED] - Object: 'Object Repository/Выручка по ДЗО/Снять выделение в фильтре Дата' is clicked on

11-03-2025T02:40:40 - [TEST_STEP][PASSED] - scrollToElement(findTestObject("Выручка по ДЗО/2025 список"), 30): Scroll to object 'Object Repository/Выручка по ДЗО/2025 список' successfully

11-03-2025T02:40:40 - [MESSAGE][PASSED] - Scroll to object 'Object Repository/Выручка по ДЗО/2025 список' successfully

11-03-2025T02:40:40 - [TEST_STEP][PASSED] - click(findTestObject("Выручка по ДЗО/2025 список")): Object: 'Object Repository/Выручка по ДЗО/2025 список' is clicked on

11-03-2025T02:40:41 - [MESSAGE][PASSED] - Object: 'Object Repository/Выручка по ДЗО/2025 список' is clicked on

11-03-2025T02:40:41 - [TEST_STEP][PASSED] - scrollToElement(findTestObject("Выручка по ДЗО/1 квартал 2025 список"), 30): Scroll to object 'Object Repository/Выручка по ДЗО/1 квартал 2025 список' successfully

11-03-2025T02:40:41 - [MESSAGE][PASSED] - Scroll to object 'Object Repository/Выручка по ДЗО/1 квартал 2025 список' successfully

11-03-2025T02:40:41 - [TEST_STEP][PASSED] - click(findTestObject("Выручка по ДЗО/1 квартал 2025 список"), CONTINUE_ON_FAILURE): Object: 'Object Repository/Выручка по ДЗО/1 квартал 2025 список' is clicked on

11-03-2025T02:40:42 - [MESSAGE][PASSED] - Object: 'Object Repository/Выручка по ДЗО/1 квартал 2025 список' is clicked on

11-03-2025T02:40:42 - [TEST_STEP][PASSED] - scrollToElement(findTestObject("Выручка по ДЗО/Январь 2025"), 30): Scroll to object 'Object Repository/Выручка по ДЗО/Январь 2025' successfully

11-03-2025T02:40:42 - [MESSAGE][PASSED] - Scroll to object 'Object Repository/Выручка по ДЗО/Январь 2025' successfully

11-03-2025T02:40:42 - [TEST_STEP][PASSED] - click(findTestObject("Выручка по ДЗО/Январь 2025"), CONTINUE_ON_FAILURE): Object: 'Object Repository/Выручка по ДЗО/Январь 2025' is clicked on

11-03-2025T02:40:42 - [MESSAGE][PASSED] - Object: 'Object Repository/Выручка по ДЗО/Январь 2025' is clicked on

11-03-2025T02:40:42 - [TEST_STEP][PASSED] - scrollToElement(findTestObject("Выручка по ДЗО/Заголовок дашборда"), 30): Scroll to object 'Object Repository/Выручка по ДЗО/Заголовок дашборда' successfully

11-03-2025T02:40:43 - [MESSAGE][PASSED] - Scroll to object 'Object Repository/Выручка по ДЗО/Заголовок дашборда' successfully

11-03-2025T02:40:43 - [TEST_STEP][PASSED] - click(findTestObject("Выручка по ДЗО/Применить в фильтре Дата")): Object: 'Object Repository/Выручка по ДЗО/Применить в фильтре Дата' is clicked on

11-03-2025T02:40:43 - [MESSAGE][PASSED] - Object: 'Object Repository/Выручка по ДЗО/Применить в фильтре Дата' is clicked on

11-03-2025T02:40:43 - [TEST_STEP][PASSED] - DzoTest(todaysDate): null

11-03-2025T02:40:43 - [TEST_STEP][PASSED] - click(findTestObject("Выручка по ДЗО/Фильтр ДЗО")): Object: 'Object Repository/Выручка по ДЗО/Фильтр ДЗО' is clicked on

11-03-2025T02:40:44 - [MESSAGE][PASSED] - Object: 'Object Repository/Выручка по ДЗО/Фильтр ДЗО' is clicked on

11-03-2025T02:40:44 - [TEST_STEP][PASSED] - click(findTestObject("Выручка по ДЗО/Снять выделение в фильтре ДЗО")): Object: 'Object Repository/Выручка по ДЗО/Снять выделение в фильтре ДЗО' is clicked on

11-03-2025T02:40:45 - [MESSAGE][PASSED] - Object: 'Object Repository/Выручка по ДЗО/Снять выделение в фильтре ДЗО' is clicked on

11-03-2025T02:40:45 - [TEST_STEP][PASSED] - Script1687405711779.Change(todaysDate): null

11-03-2025T02:40:45 - [TEST_STEP][PASSED] - scrollToElement(findTestObject("Выручка по ДЗО/Заголовок дашборда"), 30): Scroll to object 'Object Repository/Выручка по ДЗО/Заголовок дашборда' successfully

11-03-2025T02:40:45 - [MESSAGE][PASSED] - Scroll to object 'Object Repository/Выручка по ДЗО/Заголовок дашборда' successfully

11-03-2025T02:40:45 - [TEST_STEP][PASSED] - click(findTestObject("Выручка по ДЗО/Применить в фильтре ДЗО")): Object: 'Object Repository/Выручка по ДЗО/Применить в фильтре ДЗО' is clicked on

11-03-2025T02:40:45 - [MESSAGE][PASSED] - Object: 'Object Repository/Выручка по ДЗО/Применить в фильтре ДЗО' is clicked on

11-03-2025T02:40:45 - [TEST_STEP][PASSED] - Script1687405711779.Tumbler(todaysDate): null

11-03-2025T02:40:45 - [TEST_STEP][PASSED] - Script1687405711779.Test(todaysDate): null

11-03-2025T02:40:45 - [TEST_STEP][PASSED] - delay(10): Delayed 10 second(s)

11-03-2025T02:40:55 - [MESSAGE][PASSED] - Delayed 10 second(s)

11-03-2025T02:40:55 - [TEST_STEP][PASSED] - if (verifyTextNotPresent("нет данных", false) == true): null

11-03-2025T02:40:56 - [MESSAGE][PASSED] - Text 'нет данных' is not present on page

11-03-2025T02:40:56 - [TEST_STEP][PASSED] - if (verifyTextNotPresent("Ошибка запроса данных", false) == true): null

11-03-2025T02:40:57 - [MESSAGE][PASSED] - Text 'Ошибка запроса данных' is not present on page

11-03-2025T02:40:57 - [TEST_STEP][PASSED] - if (verifyTextNotPresent("Произошла ошибка при выполнении пользовательского кода", false) == true): null

11-03-2025T02:40:57 - [MESSAGE][PASSED] - Text 'Произошла ошибка при выполнении пользовательского кода' is not present on page

11-03-2025T02:40:57 - [TEST_STEP][PASSED] - if (verifyTextNotPresent("У виджета нет данных", false) == true): null

11-03-2025T02:40:58 - [MESSAGE][PASSED] - Text 'У виджета нет данных' is not present on page

11-03-2025T02:40:58 - [TEST_STEP][PASSED] - if (verifyTextNotPresent("У виджета нет данных", false) == true): Text 'У виджета нет данных' is not present on page

11-03-2025T02:40:59 - [MESSAGE][PASSED] - Text 'У виджета нет данных' is not present on page

11-03-2025T02:40:59 - [TEST_STEP][PASSED] - click(findTestObject("Выручка по ДЗО/Фильтр Выручка")): Object: 'Object Repository/Выручка по ДЗО/Фильтр Выручка' is clicked on

11-03-2025T02:40:59 - [MESSAGE][PASSED] - Object: 'Object Repository/Выручка по ДЗО/Фильтр Выручка' is clicked on

11-03-2025T02:40:59 - [TEST_STEP][PASSED] - click(findTestObject("Выручка по ДЗО/Внутренний оборот в фильтре Выручка")): Object: 'Object Repository/Выручка по ДЗО/Внутренний оборот в фильтре Выручка' is clicked on

11-03-2025T02:40:59 - [MESSAGE][PASSED] - Object: 'Object Repository/Выручка по ДЗО/Внутренний оборот в фильтре Выручка' is clicked on

11-03-2025T02:40:59 - [TEST_STEP][PASSED] - click(findTestObject("Выручка по ДЗО/Применить в фильтре Выручка")): Object: 'Object Repository/Выручка по ДЗО/Применить в фильтре Выручка' is clicked on

11-03-2025T02:41:00 - [MESSAGE][PASSED] - Object: 'Object Repository/Выручка по ДЗО/Применить в фильтре Выручка' is clicked on

11-03-2025T02:41:00 - [TEST_STEP][PASSED] - Script1687405711779.Test(todaysDate): null

11-03-2025T02:41:00 - [TEST_STEP][PASSED] - delay(10): Delayed 10 second(s)

11-03-2025T02:41:10 - [MESSAGE][PASSED] - Delayed 10 second(s)

11-03-2025T02:41:10 - [TEST_STEP][PASSED] - if (verifyTextNotPresent("нет данных", false) == true): null

11-03-2025T02:41:11 - [MESSAGE][PASSED] - Text 'нет данных' is not present on page

11-03-2025T02:41:11 - [TEST_STEP][PASSED] - if (verifyTextNotPresent("Ошибка запроса данных", false) == true): null

11-03-2025T02:41:11 - [MESSAGE][PASSED] - Text 'Ошибка запроса данных' is not present on page

11-03-2025T02:41:11 - [TEST_STEP][PASSED] - if (verifyTextNotPresent("Произошла ошибка при выполнении пользовательского кода", false) == true): null

11-03-2025T02:41:12 - [MESSAGE][PASSED] - Text 'Произошла ошибка при выполнении пользовательского кода' is not present on page

11-03-2025T02:41:12 - [TEST_STEP][PASSED] - if (verifyTextNotPresent("У виджета нет данных", false) == true): null

11-03-2025T02:41:12 - [MESSAGE][PASSED] - Text 'У виджета нет данных' is not present on page

11-03-2025T02:41:12 - [TEST_STEP][PASSED] - if (verifyTextNotPresent("У виджета нет данных", false) == true): Text 'У виджета нет данных' is not present on page

11-03-2025T02:41:13 - [MESSAGE][PASSED] - Text 'У виджета нет данных' is not present on page

11-03-2025T02:41:13 - [TEST_STEP][PASSED] - click(findTestObject("Выручка по ДЗО/Фильтр Выручка")): Object: 'Object Repository/Выручка по ДЗО/Фильтр Выручка' is clicked on

11-03-2025T02:41:13 - [MESSAGE][PASSED] - Object: 'Object Repository/Выручка по ДЗО/Фильтр Выручка' is clicked on

11-03-2025T02:41:13 - [TEST_STEP][PASSED] - click(findTestObject("Выручка по ДЗО/По передаче в фильтре Выручка")): Object: 'Object Repository/Выручка по ДЗО/По передаче в фильтре Выручка' is clicked on

11-03-2025T02:41:14 - [MESSAGE][PASSED] - Object: 'Object Repository/Выручка по ДЗО/По передаче в фильтре Выручка' is clicked on

11-03-2025T02:41:14 - [TEST_STEP][PASSED] - click(findTestObject("Выручка по ДЗО/Применить в фильтре Выручка")): Object: 'Object Repository/Выручка по ДЗО/Применить в фильтре Выручка' is clicked on

11-03-2025T02:41:14 - [MESSAGE][PASSED] - Object: 'Object Repository/Выручка по ДЗО/Применить в фильтре Выручка' is clicked on

11-03-2025T02:41:14 - [TEST_STEP][PASSED] - Script1687405711779.Test(todaysDate): null

11-03-2025T02:41:14 - [TEST_STEP][PASSED] - delay(10): Delayed 10 second(s)

11-03-2025T02:41:24 - [MESSAGE][PASSED] - Delayed 10 second(s)

11-03-2025T02:41:24 - [TEST_STEP][PASSED] - if (verifyTextNotPresent("нет данных", false) == true): null

11-03-2025T02:41:25 - [MESSAGE][PASSED] - Text 'нет данных' is not present on page

11-03-2025T02:41:25 - [TEST_STEP][PASSED] - if (verifyTextNotPresent("Ошибка запроса данных", false) == true): null

11-03-2025T02:41:26 - [MESSAGE][PASSED] - Text 'Ошибка запроса данных' is not present on page

11-03-2025T02:41:26 - [TEST_STEP][PASSED] - if (verifyTextNotPresent("Произошла ошибка при выполнении пользовательского кода", false) == true): null

11-03-2025T02:41:26 - [MESSAGE][PASSED] - Text 'Произошла ошибка при выполнении пользовательского кода' is not present on page

11-03-2025T02:41:26 - [TEST_STEP][PASSED] - if (verifyTextNotPresent("У виджета нет данных", false) == true): null

11-03-2025T02:41:27 - [MESSAGE][PASSED] - Text 'У виджета нет данных' is not present on page

11-03-2025T02:41:27 - [TEST_STEP][PASSED] - if (verifyTextNotPresent("У виджета нет данных", false) == true): Text 'У виджета нет данных' is not present on page

11-03-2025T02:41:27 - [MESSAGE][PASSED] - Text 'У виджета нет данных' is not present on page

11-03-2025T02:41:27 - [TEST_STEP][PASSED] - click(findTestObject("Выручка по ДЗО/Фильтр Выручка")): Object: 'Object Repository/Выручка по ДЗО/Фильтр Выручка' is clicked on

11-03-2025T02:41:28 - [MESSAGE][PASSED] - Object: 'Object Repository/Выручка по ДЗО/Фильтр Выручка' is clicked on

11-03-2025T02:41:28 - [TEST_STEP][PASSED] - click(findTestObject("Выручка по ДЗО/Снять выделение в фильтре Выручка")): Object: 'Object Repository/Выручка по ДЗО/Снять выделение в фильтре Выручка' is clicked on

11-03-2025T02:41:28 - [MESSAGE][PASSED] - Object: 'Object Repository/Выручка по ДЗО/Снять выделение в фильтре Выручка' is clicked on

11-03-2025T02:41:28 - [TEST_STEP][PASSED] - click(findTestObject("Выручка по ДЗО/По передаче в фильтре Выручка")): Object: 'Object Repository/Выручка по ДЗО/По передаче в фильтре Выручка' is clicked on

11-03-2025T02:41:29 - [MESSAGE][PASSED] - Object: 'Object Repository/Выручка по ДЗО/По передаче в фильтре Выручка' is clicked on

11-03-2025T02:41:29 - [TEST_STEP][PASSED] - click(findTestObject("Выручка по ДЗО/Применить в фильтре Выручка")): Object: 'Object Repository/Выручка по ДЗО/Применить в фильтре Выручка' is clicked on

11-03-2025T02:41:29 - [MESSAGE][PASSED] - Object: 'Object Repository/Выручка по ДЗО/Применить в фильтре Выручка' is clicked on

11-03-2025T02:41:29 - [TEST_STEP][PASSED] - Script1687405711779.Test(todaysDate): null

11-03-2025T02:41:29 - [TEST_STEP][PASSED] - delay(10): Delayed 10 second(s)

11-03-2025T02:41:39 - [MESSAGE][PASSED] - Delayed 10 second(s)

11-03-2025T02:41:39 - [TEST_STEP][PASSED] - if (verifyTextNotPresent("нет данных", false) == true): null

11-03-2025T02:41:40 - [MESSAGE][PASSED] - Text 'нет данных' is not present on page

11-03-2025T02:41:40 - [TEST_STEP][PASSED] - if (verifyTextNotPresent("Ошибка запроса данных", false) == true): null

11-03-2025T02:41:41 - [MESSAGE][PASSED] - Text 'Ошибка запроса данных' is not present on page

11-03-2025T02:41:41 - [TEST_STEP][PASSED] - if (verifyTextNotPresent("Произошла ошибка при выполнении пользовательского кода", false) == true): null

11-03-2025T02:41:41 - [MESSAGE][PASSED] - Text 'Произошла ошибка при выполнении пользовательского кода' is not present on page

11-03-2025T02:41:41 - [TEST_STEP][PASSED] - if (verifyTextNotPresent("У виджета нет данных", false) == true): null

11-03-2025T02:41:42 - [MESSAGE][PASSED] - Text 'У виджета нет данных' is not present on page

11-03-2025T02:41:42 - [TEST_STEP][PASSED] - if (verifyTextNotPresent("У виджета нет данных", false) == true): Text 'У виджета нет данных' is not present on page

11-03-2025T02:41:42 - [MESSAGE][PASSED] - Text 'У виджета нет данных' is not present on page

11-03-2025T02:41:42 - [TEST_STEP][PASSED] - click(findTestObject("Выручка по ДЗО/Фильтр Выручка")): Object: 'Object Repository/Выручка по ДЗО/Фильтр Выручка' is clicked on

11-03-2025T02:41:43 - [MESSAGE][PASSED] - Object: 'Object Repository/Выручка по ДЗО/Фильтр Выручка' is clicked on

11-03-2025T02:41:43 - [TEST_STEP][PASSED] - click(findTestObject("Выручка по ДЗО/Снять выделение в фильтре Выручка")): Object: 'Object Repository/Выручка по ДЗО/Снять выделение в фильтре Выручка' is clicked on

11-03-2025T02:41:43 - [MESSAGE][PASSED] - Object: 'Object Repository/Выручка по ДЗО/Снять выделение в фильтре Выручка' is clicked on

11-03-2025T02:41:43 - [TEST_STEP][PASSED] - click(findTestObject("Выручка по ДЗО/Применить в фильтре Выручка")): Object: 'Object Repository/Выручка по ДЗО/Применить в фильтре Выручка' is clicked on

11-03-2025T02:41:44 - [MESSAGE][PASSED] - Object: 'Object Repository/Выручка по ДЗО/Применить в фильтре Выручка' is clicked on

11-03-2025T02:41:44 - [TEST_STEP][PASSED] - click(findTestObject("Выручка по ДЗО/Фильтр ДЗО")): Object: 'Object Repository/Выручка по ДЗО/Фильтр ДЗО' is clicked on

11-03-2025T02:41:45 - [MESSAGE][PASSED] - Object: 'Object Repository/Выручка по ДЗО/Фильтр ДЗО' is clicked on

11-03-2025T02:41:45 - [TEST_STEP][PASSED] - click(findTestObject("Выручка по ДЗО/Снять выделение в фильтре ДЗО")): Object: 'Object Repository/Выручка по ДЗО/Снять выделение в фильтре ДЗО' is clicked on

11-03-2025T02:41:45 - [MESSAGE][PASSED] - Object: 'Object Repository/Выручка по ДЗО/Снять выделение в фильтре ДЗО' is clicked on

11-03-2025T02:41:45 - [TEST_STEP][PASSED] - click(findTestObject("Выручка по ДЗО/ПАО Россети Выручка по ДЗО")): Object: 'Object Repository/Выручка по ДЗО/ПАО Россети Выручка по ДЗО' is clicked on

11-03-2025T02:41:46 - [MESSAGE][PASSED] - Object: 'Object Repository/Выручка по ДЗО/ПАО Россети Выручка по ДЗО' is clicked on

11-03-2025T02:41:46 - [TEST_STEP][PASSED] - Script1687405711779.Change(todaysDate): null

11-03-2025T02:41:46 - [TEST_STEP][PASSED] - scrollToElement(findTestObject("Выручка по ДЗО/Заголовок дашборда"), 30): Scroll to object 'Object Repository/Выручка по ДЗО/Заголовок дашборда' successfully

11-03-2025T02:41:46 - [MESSAGE][PASSED] - Scroll to object 'Object Repository/Выручка по ДЗО/Заголовок дашборда' successfully

11-03-2025T02:41:46 - [TEST_STEP][PASSED] - click(findTestObject("Выручка по ДЗО/Применить в фильтре ДЗО")): Object: 'Object Repository/Выручка по ДЗО/Применить в фильтре ДЗО' is clicked on

11-03-2025T02:41:47 - [MESSAGE][PASSED] - Object: 'Object Repository/Выручка по ДЗО/Применить в фильтре ДЗО' is clicked on

11-03-2025T02:41:47 - [TEST_STEP][PASSED] - Script1687405711779.Tumbler(todaysDate): null

11-03-2025T02:41:47 - [TEST_STEP][PASSED] - Script1687405711779.Test(todaysDate): null

11-03-2025T02:41:47 - [TEST_STEP][PASSED] - delay(10): Delayed 10 second(s)

11-03-2025T02:41:57 - [MESSAGE][PASSED] - Delayed 10 second(s)

11-03-2025T02:41:57 - [TEST_STEP][PASSED] - if (verifyTextNotPresent("нет данных", false) == true): null

11-03-2025T02:41:57 - [MESSAGE][PASSED] - Text 'нет данных' is not present on page

11-03-2025T02:41:57 - [TEST_STEP][PASSED] - if (verifyTextNotPresent("Ошибка запроса данных", false) == true): null

11-03-2025T02:41:58 - [MESSAGE][PASSED] - Text 'Ошибка запроса данных' is not present on page

11-03-2025T02:41:58 - [TEST_STEP][PASSED] - if (verifyTextNotPresent("Произошла ошибка при выполнении пользовательского кода", false) == true): null

11-03-2025T02:41:59 - [MESSAGE][PASSED] - Text 'Произошла ошибка при выполнении пользовательского кода' is not present on page

11-03-2025T02:41:59 - [TEST_STEP][PASSED] - if (verifyTextNotPresent("У виджета нет данных", false) == true): null

11-03-2025T02:41:59 - [MESSAGE][PASSED] - Text 'У виджета нет данных' is not present on page

11-03-2025T02:41:59 - [TEST_STEP][PASSED] - if (verifyTextNotPresent("У виджета нет данных", false) == true): Text 'У виджета нет данных' is not present on page

11-03-2025T02:42:00 - [MESSAGE][PASSED] - Text 'У виджета нет данных' is not present on page

11-03-2025T02:42:00 - [TEST_STEP][PASSED] - click(findTestObject("Выручка по ДЗО/Фильтр Выручка")): Object: 'Object Repository/Выручка по ДЗО/Фильтр Выручка' is clicked on

11-03-2025T02:42:00 - [MESSAGE][PASSED] - Object: 'Object Repository/Выручка по ДЗО/Фильтр Выручка' is clicked on

11-03-2025T02:42:00 - [TEST_STEP][PASSED] - click(findTestObject("Выручка по ДЗО/Внутренний оборот в фильтре Выручка")): Object: 'Object Repository/Выручка по ДЗО/Внутренний оборот в фильтре Выручка' is clicked on

11-03-2025T02:42:01 - [MESSAGE][PASSED] - Object: 'Object Repository/Выручка по ДЗО/Внутренний оборот в фильтре Выручка' is clicked on

11-03-2025T02:42:01 - [TEST_STEP][PASSED] - click(findTestObject("Выручка по ДЗО/Применить в фильтре Выручка")): Object: 'Object Repository/Выручка по ДЗО/Применить в фильтре Выручка' is clicked on

11-03-2025T02:42:01 - [MESSAGE][PASSED] - Object: 'Object Repository/Выручка по ДЗО/Применить в фильтре Выручка' is clicked on

11-03-2025T02:42:01 - [TEST_STEP][PASSED] - Script1687405711779.Test(todaysDate): null

11-03-2025T02:42:01 - [TEST_STEP][PASSED] - delay(10): Delayed 10 second(s)

11-03-2025T02:42:11 - [MESSAGE][PASSED] - Delayed 10 second(s)

11-03-2025T02:42:11 - [TEST_STEP][PASSED] - if (verifyTextNotPresent("нет данных", false) == true): null

11-03-2025T02:42:12 - [MESSAGE][PASSED] - Text 'нет данных' is not present on page

11-03-2025T02:42:12 - [TEST_STEP][PASSED] - if (verifyTextNotPresent("Ошибка запроса данных", false) == true): null

11-03-2025T02:42:12 - [MESSAGE][PASSED] - Text 'Ошибка запроса данных' is not present on page

11-03-2025T02:42:12 - [TEST_STEP][PASSED] - if (verifyTextNotPresent("Произошла ошибка при выполнении пользовательского кода", false) == true): null

11-03-2025T02:42:13 - [MESSAGE][PASSED] - Text 'Произошла ошибка при выполнении пользовательского кода' is not present on page

11-03-2025T02:42:13 - [TEST_STEP][PASSED] - if (verifyTextNotPresent("У виджета нет данных", false) == true): null

11-03-2025T02:42:13 - [MESSAGE][PASSED] - Text 'У виджета нет данных' is not present on page

11-03-2025T02:42:13 - [TEST_STEP][PASSED] - if (verifyTextNotPresent("У виджета нет данных", false) == true): Text 'У виджета нет данных' is not present on page

11-03-2025T02:42:14 - [MESSAGE][PASSED] - Text 'У виджета нет данных' is not present on page

11-03-2025T02:42:14 - [TEST_STEP][PASSED] - click(findTestObject("Выручка по ДЗО/Фильтр Выручка")): Object: 'Object Repository/Выручка по ДЗО/Фильтр Выручка' is clicked on

11-03-2025T02:42:14 - [MESSAGE][PASSED] - Object: 'Object Repository/Выручка по ДЗО/Фильтр Выручка' is clicked on

11-03-2025T02:42:14 - [TEST_STEP][PASSED] - click(findTestObject("Выручка по ДЗО/По передаче в фильтре Выручка")): Object: 'Object Repository/Выручка по ДЗО/По передаче в фильтре Выручка' is clicked on

11-03-2025T02:42:15 - [MESSAGE][PASSED] - Object: 'Object Repository/Выручка по ДЗО/По передаче в фильтре Выручка' is clicked on

11-03-2025T02:42:15 - [TEST_STEP][PASSED] - click(findTestObject("Выручка по ДЗО/Применить в фильтре Выручка")): Object: 'Object Repository/Выручка по ДЗО/Применить в фильтре Выручка' is clicked on

11-03-2025T02:42:15 - [MESSAGE][PASSED] - Object: 'Object Repository/Выручка по ДЗО/Применить в фильтре Выручка' is clicked on

11-03-2025T02:42:15 - [TEST_STEP][PASSED] - Script1687405711779.Test(todaysDate): null

11-03-2025T02:42:15 - [TEST_STEP][PASSED] - delay(10): Delayed 10 second(s)

11-03-2025T02:42:25 - [MESSAGE][PASSED] - Delayed 10 second(s)

11-03-2025T02:42:25 - [TEST_STEP][PASSED] - if (verifyTextNotPresent("нет данных", false) == true): null

11-03-2025T02:42:26 - [MESSAGE][PASSED] - Text 'нет данных' is not present on page

11-03-2025T02:42:26 - [TEST_STEP][PASSED] - if (verifyTextNotPresent("Ошибка запроса данных", false) == true): null

11-03-2025T02:42:27 - [MESSAGE][PASSED] - Text 'Ошибка запроса данных' is not present on page

11-03-2025T02:42:27 - [TEST_STEP][PASSED] - if (verifyTextNotPresent("Произошла ошибка при выполнении пользовательского кода", false) == true): null

11-03-2025T02:42:28 - [MESSAGE][PASSED] - Text 'Произошла ошибка при выполнении пользовательского кода' is not present on page

11-03-2025T02:42:28 - [TEST_STEP][PASSED] - if (verifyTextNotPresent("У виджета нет данных", false) == true): null

11-03-2025T02:42:28 - [MESSAGE][PASSED] - Text 'У виджета нет данных' is not present on page

11-03-2025T02:42:28 - [TEST_STEP][PASSED] - if (verifyTextNotPresent("У виджета нет данных", false) == true): Text 'У виджета нет данных' is not present on page

11-03-2025T02:42:29 - [MESSAGE][PASSED] - Text 'У виджета нет данных' is not present on page

11-03-2025T02:42:29 - [TEST_STEP][PASSED] - click(findTestObject("Выручка по ДЗО/Фильтр Выручка")): Object: 'Object Repository/Выручка по ДЗО/Фильтр Выручка' is clicked on

11-03-2025T02:42:29 - [MESSAGE][PASSED] - Object: 'Object Repository/Выручка по ДЗО/Фильтр Выручка' is clicked on

11-03-2025T02:42:29 - [TEST_STEP][PASSED] - click(findTestObject("Выручка по ДЗО/Снять выделение в фильтре Выручка")): Object: 'Object Repository/Выручка по ДЗО/Снять выделение в фильтре Выручка' is clicked on

11-03-2025T02:42:30 - [MESSAGE][PASSED] - Object: 'Object Repository/Выручка по ДЗО/Снять выделение в фильтре Выручка' is clicked on

11-03-2025T02:42:30 - [TEST_STEP][PASSED] - click(findTestObject("Выручка по ДЗО/По передаче в фильтре Выручка")): Object: 'Object Repository/Выручка по ДЗО/По передаче в фильтре Выручка' is clicked on

11-03-2025T02:42:30 - [MESSAGE][PASSED] - Object: 'Object Repository/Выручка по ДЗО/По передаче в фильтре Выручка' is clicked on

11-03-2025T02:42:30 - [TEST_STEP][PASSED] - click(findTestObject("Выручка по ДЗО/Применить в фильтре Выручка")): Object: 'Object Repository/Выручка по ДЗО/Применить в фильтре Выручка' is clicked on

11-03-2025T02:42:31 - [MESSAGE][PASSED] - Object: 'Object Repository/Выручка по ДЗО/Применить в фильтре Выручка' is clicked on

11-03-2025T02:42:31 - [TEST_STEP][PASSED] - Script1687405711779.Test(todaysDate): null

11-03-2025T02:42:31 - [TEST_STEP][PASSED] - delay(10): Delayed 10 second(s)

11-03-2025T02:42:41 - [MESSAGE][PASSED] - Delayed 10 second(s)

11-03-2025T02:42:41 - [TEST_STEP][PASSED] - if (verifyTextNotPresent("нет данных", false) == true): null

11-03-2025T02:42:41 - [MESSAGE][PASSED] - Text 'нет данных' is not present on page

11-03-2025T02:42:41 - [TEST_STEP][PASSED] - if (verifyTextNotPresent("Ошибка запроса данных", false) == true): null

11-03-2025T02:42:42 - [MESSAGE][PASSED] - Text 'Ошибка запроса данных' is not present on page

11-03-2025T02:42:42 - [TEST_STEP][PASSED] - if (verifyTextNotPresent("Произошла ошибка при выполнении пользовательского кода", false) == true): null

11-03-2025T02:42:43 - [MESSAGE][PASSED] - Text 'Произошла ошибка при выполнении пользовательского кода' is not present on page

11-03-2025T02:42:43 - [TEST_STEP][PASSED] - if (verifyTextNotPresent("У виджета нет данных", false) == true): null

11-03-2025T02:42:43 - [MESSAGE][PASSED] - Text 'У виджета нет данных' is not present on page

11-03-2025T02:42:43 - [TEST_STEP][PASSED] - if (verifyTextNotPresent("У виджета нет данных", false) == true): Text 'У виджета нет данных' is not present on page

11-03-2025T02:42:44 - [MESSAGE][PASSED] - Text 'У виджета нет данных' is not present on page

11-03-2025T02:42:44 - [TEST_STEP][PASSED] - click(findTestObject("Выручка по ДЗО/Фильтр Выручка")): Object: 'Object Repository/Выручка по ДЗО/Фильтр Выручка' is clicked on

11-03-2025T02:42:44 - [MESSAGE][PASSED] - Object: 'Object Repository/Выручка по ДЗО/Фильтр Выручка' is clicked on

11-03-2025T02:42:44 - [TEST_STEP][PASSED] - click(findTestObject("Выручка по ДЗО/Снять выделение в фильтре Выручка")): Object: 'Object Repository/Выручка по ДЗО/Снять выделение в фильтре Выручка' is clicked on

11-03-2025T02:42:45 - [MESSAGE][PASSED] - Object: 'Object Repository/Выручка по ДЗО/Снять выделение в фильтре Выручка' is clicked on

11-03-2025T02:42:45 - [TEST_STEP][PASSED] - click(findTestObject("Выручка по ДЗО/Применить в фильтре Выручка")): Object: 'Object Repository/Выручка по ДЗО/Применить в фильтре Выручка' is clicked on

11-03-2025T02:42:45 - [MESSAGE][PASSED] - Object: 'Object Repository/Выручка по ДЗО/Применить в фильтре Выручка' is clicked on

11-03-2025T02:42:45 - [TEST_STEP][PASSED] - click(findTestObject("Выручка по ДЗО/Фильтр ДЗО")): Object: 'Object Repository/Выручка по ДЗО/Фильтр ДЗО' is clicked on

11-03-2025T02:42:46 - [MESSAGE][PASSED] - Object: 'Object Repository/Выручка по ДЗО/Фильтр ДЗО' is clicked on

11-03-2025T02:42:46 - [TEST_STEP][PASSED] - click(findTestObject("Выручка по ДЗО/Снять выделение в фильтре ДЗО")): Object: 'Object Repository/Выручка по ДЗО/Снять выделение в фильтре ДЗО' is clicked on

11-03-2025T02:42:47 - [MESSAGE][PASSED] - Object: 'Object Repository/Выручка по ДЗО/Снять выделение в фильтре ДЗО' is clicked on

11-03-2025T02:42:47 - [TEST_STEP][PASSED] - click(findTestObject("Выручка по ДЗО/Раскрыть список ПАО Россети")): Object: 'Object Repository/Выручка по ДЗО/Раскрыть список ПАО Россети' is clicked on

11-03-2025T02:42:47 - [MESSAGE][PASSED] - Object: 'Object Repository/Выручка по ДЗО/Раскрыть список ПАО Россети' is clicked on

11-03-2025T02:42:47 - [TEST_STEP][PASSED] - click(findTestObject("Выручка по ДЗО/Магистральные сети")): Object: 'Object Repository/Выручка по ДЗО/Магистральные сети' is clicked on

11-03-2025T02:42:47 - [MESSAGE][PASSED] - Object: 'Object Repository/Выручка по ДЗО/Магистральные сети' is clicked on

11-03-2025T02:42:47 - [TEST_STEP][PASSED] - Script1687405711779.Change(todaysDate): null

11-03-2025T02:42:47 - [TEST_STEP][PASSED] - scrollToElement(findTestObject("Выручка по ДЗО/Заголовок дашборда"), 30): Scroll to object 'Object Repository/Выручка по ДЗО/Заголовок дашборда' successfully

11-03-2025T02:42:48 - [MESSAGE][PASSED] - Scroll to object 'Object Repository/Выручка по ДЗО/Заголовок дашборда' successfully

11-03-2025T02:42:48 - [TEST_STEP][PASSED] - click(findTestObject("Выручка по ДЗО/Применить в фильтре ДЗО")): Object: 'Object Repository/Выручка по ДЗО/Применить в фильтре ДЗО' is clicked on

11-03-2025T02:42:48 - [MESSAGE][PASSED] - Object: 'Object Repository/Выручка по ДЗО/Применить в фильтре ДЗО' is clicked on

11-03-2025T02:42:48 - [TEST_STEP][PASSED] - Script1687405711779.Tumbler(todaysDate): null

11-03-2025T02:42:48 - [TEST_STEP][PASSED] - Script1687405711779.Test(todaysDate): null

11-03-2025T02:42:48 - [TEST_STEP][PASSED] - delay(10): Delayed 10 second(s)

11-03-2025T02:42:58 - [MESSAGE][PASSED] - Delayed 10 second(s)

11-03-2025T02:42:58 - [TEST_STEP][PASSED] - if (verifyTextNotPresent("нет данных", false) == true): null

11-03-2025T02:42:59 - [MESSAGE][PASSED] - Text 'нет данных' is not present on page

11-03-2025T02:42:59 - [TEST_STEP][PASSED] - if (verifyTextNotPresent("Ошибка запроса данных", false) == true): null

11-03-2025T02:42:59 - [MESSAGE][PASSED] - Text 'Ошибка запроса данных' is not present on page

11-03-2025T02:42:59 - [TEST_STEP][PASSED] - if (verifyTextNotPresent("Произошла ошибка при выполнении пользовательского кода", false) == true): null

11-03-2025T02:43:00 - [MESSAGE][PASSED] - Text 'Произошла ошибка при выполнении пользовательского кода' is not present on page

11-03-2025T02:43:00 - [TEST_STEP][PASSED] - if (verifyTextNotPresent("У виджета нет данных", false) == true): null

11-03-2025T02:43:01 - [MESSAGE][PASSED] - Text 'У виджета нет данных' is not present on page

11-03-2025T02:43:01 - [TEST_STEP][PASSED] - if (verifyTextNotPresent("У виджета нет данных", false) == true): Text 'У виджета нет данных' is not present on page

11-03-2025T02:43:01 - [MESSAGE][PASSED] - Text 'У виджета нет данных' is not present on page

11-03-2025T02:43:01 - [TEST_STEP][PASSED] - click(findTestObject("Выручка по ДЗО/Фильтр Выручка")): Object: 'Object Repository/Выручка по ДЗО/Фильтр Выручка' is clicked on

11-03-2025T02:43:01 - [MESSAGE][PASSED] - Object: 'Object Repository/Выручка по ДЗО/Фильтр Выручка' is clicked on

11-03-2025T02:43:01 - [TEST_STEP][PASSED] - click(findTestObject("Выручка по ДЗО/Внутренний оборот в фильтре Выручка")): Object: 'Object Repository/Выручка по ДЗО/Внутренний оборот в фильтре Выручка' is clicked on

11-03-2025T02:43:02 - [MESSAGE][PASSED] - Object: 'Object Repository/Выручка по ДЗО/Внутренний оборот в фильтре Выручка' is clicked on

11-03-2025T02:43:02 - [TEST_STEP][PASSED] - click(findTestObject("Выручка по ДЗО/Применить в фильтре Выручка")): Object: 'Object Repository/Выручка по ДЗО/Применить в фильтре Выручка' is clicked on

11-03-2025T02:43:03 - [MESSAGE][PASSED] - Object: 'Object Repository/Выручка по ДЗО/Применить в фильтре Выручка' is clicked on

11-03-2025T02:43:03 - [TEST_STEP][PASSED] - Script1687405711779.Test(todaysDate): null

11-03-2025T02:43:03 - [TEST_STEP][PASSED] - delay(10): Delayed 10 second(s)

11-03-2025T02:43:13 - [MESSAGE][PASSED] - Delayed 10 second(s)

11-03-2025T02:43:13 - [TEST_STEP][FAILED] - if (verifyTextNotPresent("нет данных", false) == true): Text 'нет данных' is present on page  (Root cause: com.kms.katalon.core.exception.StepFailedException: Text 'нет данных' is present on page 
	at com.kms.katalon.core.webui.keyword.internal.WebUIKeywordMain.stepFailed(WebUIKeywordMain.groovy:64)
	at com.kms.katalon.core.webui.keyword.builtin.VerifyTextNotPresentKeyword$_verifyTextNotPresent_closure1.doCall(VerifyTextNotPresentKeyword.groovy:77)
	at com.kms.katalon.core.webui.keyword.builtin.VerifyTextNotPresentKeyword$_verifyTextNotPresent_closure1.call(VerifyTextNotPresentKeyword.groovy)
	at com.kms.katalon.core.webui.keyword.internal.WebUIKeywordMain.runKeyword(WebUIKeywordMain.groovy:20)
	at com.kms.katalon.core.webui.keyword.builtin.VerifyTextNotPresentKeyword.verifyTextNotPresent(VerifyTextNotPresentKeyword.groovy:82)
	at com.kms.katalon.core.webui.keyword.builtin.VerifyTextNotPresentKeyword.execute(VerifyTextNotPresentKeyword.groovy:68)
	at com.kms.katalon.core.keyword.internal.KeywordExecutor.executeKeywordForPlatform(KeywordExecutor.groovy:74)
	at com.kms.katalon.core.webui.keyword.WebUiBuiltInKeywords.verifyTextNotPresent(WebUiBuiltInKeywords.groovy:1795)
	at Выручка по ДЗО отображение данных все филиалы.Test(Выручка по ДЗО отображение данных все филиалы:772)
	at Выручка по ДЗО отображение данных все филиалы.Tumbler(Выручка по ДЗО отображение данных все филиалы:726)
	at Выручка по ДЗО отображение данных все филиалы.Change(Выручка по ДЗО отображение данных все филиалы:760)
	at Выручка по ДЗО отображение данных все филиалы.DzoTest(Выручка по ДЗО отображение данных все филиалы:144)
	at Выручка по ДЗО отображение данных все филиалы.run(Выручка по ДЗО отображение данных все филиалы:122)
	at com.kms.katalon.core.main.ScriptEngine.run(ScriptEngine.java:194)
	at com.kms.katalon.core.main.ScriptEngine.runScriptAsRawText(ScriptEngine.java:119)
	at com.kms.katalon.core.main.TestCaseExecutor.runScript(TestCaseExecutor.java:448)
	at com.kms.katalon.core.main.TestCaseExecutor.doExecute(TestCaseExecutor.java:439)
	at com.kms.katalon.core.main.TestCaseExecutor.processExecutionPhase(TestCaseExecutor.java:418)
	at com.kms.katalon.core.main.TestCaseExecutor.accessMainPhase(TestCaseExecutor.java:410)
	at com.kms.katalon.core.main.TestCaseExecutor.execute(TestCaseExecutor.java:285)
	at com.kms.katalon.core.common.CommonExecutor.accessTestCaseMainPhase(CommonExecutor.java:65)
	at com.kms.katalon.core.main.TestSuiteExecutor.accessTestSuiteMainPhase(TestSuiteExecutor.java:150)
	at com.kms.katalon.core.main.TestSuiteExecutor.execute(TestSuiteExecutor.java:106)
	at com.kms.katalon.core.main.TestCaseMain.startTestSuite(TestCaseMain.java:180)
	at TempTestSuite1741649958618.run(TempTestSuite1741649958618.groovy:35)
	at java.base/jdk.internal.reflect.NativeMethodAccessorImpl.invoke0(Native Method)
	at java.base/jdk.internal.reflect.NativeMethodAccessorImpl.invoke(NativeMethodAccessorImpl.java:77)
	at java.base/jdk.internal.reflect.DelegatingMethodAccessorImpl.invoke(DelegatingMethodAccessorImpl.java:43)
)

11-03-2025T02:43:13 - [MESSAGE][FAILED] - Text 'нет данных' is present on page  (Root cause: com.kms.katalon.core.exception.StepFailedException: Text 'нет данных' is present on page 
	at com.kms.katalon.core.webui.keyword.internal.WebUIKeywordMain.stepFailed(WebUIKeywordMain.groovy:64)
	at com.kms.katalon.core.webui.keyword.builtin.VerifyTextNotPresentKeyword$_verifyTextNotPresent_closure1.doCall(VerifyTextNotPresentKeyword.groovy:77)
	at com.kms.katalon.core.webui.keyword.builtin.VerifyTextNotPresentKeyword$_verifyTextNotPresent_closure1.call(VerifyTextNotPresentKeyword.groovy)
	at com.kms.katalon.core.webui.keyword.internal.WebUIKeywordMain.runKeyword(WebUIKeywordMain.groovy:20)
	at com.kms.katalon.core.webui.keyword.builtin.VerifyTextNotPresentKeyword.verifyTextNotPresent(VerifyTextNotPresentKeyword.groovy:82)
	at com.kms.katalon.core.webui.keyword.builtin.VerifyTextNotPresentKeyword.execute(VerifyTextNotPresentKeyword.groovy:68)
	at com.kms.katalon.core.keyword.internal.KeywordExecutor.executeKeywordForPlatform(KeywordExecutor.groovy:74)
	at com.kms.katalon.core.webui.keyword.WebUiBuiltInKeywords.verifyTextNotPresent(WebUiBuiltInKeywords.groovy:1795)
	at Выручка по ДЗО отображение данных все филиалы.Test(Выручка по ДЗО отображение данных все филиалы:772)
	at Выручка по ДЗО отображение данных все филиалы.Tumbler(Выручка по ДЗО отображение данных все филиалы:726)
	at Выручка по ДЗО отображение данных все филиалы.Change(Выручка по ДЗО отображение данных все филиалы:760)
	at Выручка по ДЗО отображение данных все филиалы.DzoTest(Выручка по ДЗО отображение данных все филиалы:144)
	at Выручка по ДЗО отображение данных все филиалы.run(Выручка по ДЗО отображение данных все филиалы:122)
	at com.kms.katalon.core.main.ScriptEngine.run(ScriptEngine.java:194)
	at com.kms.katalon.core.main.ScriptEngine.runScriptAsRawText(ScriptEngine.java:119)
	at com.kms.katalon.core.main.TestCaseExecutor.runScript(TestCaseExecutor.java:448)
	at com.kms.katalon.core.main.TestCaseExecutor.doExecute(TestCaseExecutor.java:439)
	at com.kms.katalon.core.main.TestCaseExecutor.processExecutionPhase(TestCaseExecutor.java:418)
	at com.kms.katalon.core.main.TestCaseExecutor.accessMainPhase(TestCaseExecutor.java:410)
	at com.kms.katalon.core.main.TestCaseExecutor.execute(TestCaseExecutor.java:285)
	at com.kms.katalon.core.common.CommonExecutor.accessTestCaseMainPhase(CommonExecutor.java:65)
	at com.kms.katalon.core.main.TestSuiteExecutor.accessTestSuiteMainPhase(TestSuiteExecutor.java:150)
	at com.kms.katalon.core.main.TestSuiteExecutor.execute(TestSuiteExecutor.java:106)
	at com.kms.katalon.core.main.TestCaseMain.startTestSuite(TestCaseMain.java:180)
	at TempTestSuite1741649958618.run(TempTestSuite1741649958618.groovy:35)
	at java.base/jdk.internal.reflect.NativeMethodAccessorImpl.invoke0(Native Method)
	at java.base/jdk.internal.reflect.NativeMethodAccessorImpl.invoke(NativeMethodAccessorImpl.java:77)
	at java.base/jdk.internal.reflect.DelegatingMethodAccessorImpl.invoke(DelegatingMethodAccessorImpl.java:43)
)

11-03-2025T02:43:13 - [TEST_STEP][PASSED] - else: null

11-03-2025T02:43:13 - [TEST_STEP][PASSED] - Script1687405711779.WriteToExcel(todaysDate): null

11-03-2025T02:43:13 - [TEST_STEP][PASSED] - sheetName = "Sheet1": null

11-03-2025T02:43:13 - [TEST_STEP][PASSED] - data = findTestData("PlanFact"): null

11-03-2025T02:43:13 - [TEST_STEP][PASSED] - n = data.getRowNumbers() + 1: null

11-03-2025T02:43:13 - [TEST_STEP][PASSED] - dZO = getText(findTestObject("Выручка по ДЗО/Фильтр ДЗО")): Text of object 'Object Repository/Выручка по ДЗО/Фильтр ДЗО' is: 'ПАО Россети - Магистральные сети'

11-03-2025T02:43:14 - [MESSAGE][PASSED] - Text of object 'Object Repository/Выручка по ДЗО/Фильтр ДЗО' is: 'ПАО Россети - Магистральные сети'

11-03-2025T02:43:14 - [TEST_STEP][PASSED] - period = getText(findTestObject("Выручка по ДЗО/Фильтр Дата")): Text of object 'Object Repository/Выручка по ДЗО/Фильтр Дата' is: 'Январь 2025 года'

11-03-2025T02:43:14 - [MESSAGE][PASSED] - Text of object 'Object Repository/Выручка по ДЗО/Фильтр Дата' is: 'Январь 2025 года'

11-03-2025T02:43:14 - [TEST_STEP][PASSED] - viruchka = getText(findTestObject("Выручка по ДЗО/Фильтр Выручка")): Text of object 'Object Repository/Выручка по ДЗО/Фильтр Выручка' is: 'внутренний оборот'

11-03-2025T02:43:14 - [MESSAGE][PASSED] - Text of object 'Object Repository/Выручка по ДЗО/Фильтр Выручка' is: 'внутренний оборот'

11-03-2025T02:43:14 - [TEST_STEP][PASSED] - if (viruchka == "Выбрано: 2"): null

11-03-2025T02:43:14 - [TEST_STEP][PASSED] - if (viruchka == "Все"): null

11-03-2025T02:43:14 - [TEST_STEP][PASSED] - println(period): null

11-03-2025T02:43:14 - [TEST_STEP][PASSED] - dashboardName = "Выручка по ДЗО": null

11-03-2025T02:43:14 - [TEST_STEP][PASSED] - workbook01 = getWorkbook(excelFilePath): null

11-03-2025T02:43:14 - [TEST_STEP][PASSED] - sheet01 = getExcelSheet(workbook01, sheetName): null

11-03-2025T02:43:14 - [TEST_STEP][PASSED] - setValueToCellByIndex(sheet01, n, 0, dashboardName): null

11-03-2025T02:43:14 - [TEST_STEP][PASSED] - setValueToCellByIndex(sheet01, n, 1, dZO): null

11-03-2025T02:43:14 - [TEST_STEP][PASSED] - setValueToCellByIndex(sheet01, n, 2, period): null

11-03-2025T02:43:14 - [TEST_STEP][PASSED] - setValueToCellByIndex(sheet01, n, 3, viruchka): null

11-03-2025T02:43:14 - [TEST_STEP][PASSED] - setValueToCellByIndex(sheet01, n, 4, todaysDate): null

11-03-2025T02:43:14 - [TEST_STEP][PASSED] - n = n + 1: null

11-03-2025T02:43:14 - [TEST_STEP][PASSED] - saveWorkbook(excelFilePath, workbook01): null

11-03-2025T02:43:15 - [TEST_STEP][PASSED] - click(findTestObject("Выручка по ДЗО/Фильтр Выручка")): Object: 'Object Repository/Выручка по ДЗО/Фильтр Выручка' is clicked on

11-03-2025T02:43:15 - [MESSAGE][PASSED] - Object: 'Object Repository/Выручка по ДЗО/Фильтр Выручка' is clicked on

11-03-2025T02:43:15 - [TEST_STEP][PASSED] - click(findTestObject("Выручка по ДЗО/По передаче в фильтре Выручка")): Object: 'Object Repository/Выручка по ДЗО/По передаче в фильтре Выручка' is clicked on

11-03-2025T02:43:16 - [MESSAGE][PASSED] - Object: 'Object Repository/Выручка по ДЗО/По передаче в фильтре Выручка' is clicked on

11-03-2025T02:43:16 - [TEST_STEP][PASSED] - click(findTestObject("Выручка по ДЗО/Применить в фильтре Выручка")): Object: 'Object Repository/Выручка по ДЗО/Применить в фильтре Выручка' is clicked on

11-03-2025T02:43:16 - [MESSAGE][PASSED] - Object: 'Object Repository/Выручка по ДЗО/Применить в фильтре Выручка' is clicked on

11-03-2025T02:43:16 - [TEST_STEP][PASSED] - Script1687405711779.Test(todaysDate): null

11-03-2025T02:43:16 - [TEST_STEP][PASSED] - delay(10): Delayed 10 second(s)

11-03-2025T02:43:26 - [MESSAGE][PASSED] - Delayed 10 second(s)

11-03-2025T02:43:26 - [TEST_STEP][PASSED] - if (verifyTextNotPresent("нет данных", false) == true): null

11-03-2025T02:43:27 - [MESSAGE][PASSED] - Text 'нет данных' is not present on page

11-03-2025T02:43:27 - [TEST_STEP][PASSED] - if (verifyTextNotPresent("Ошибка запроса данных", false) == true): null

11-03-2025T02:43:27 - [MESSAGE][PASSED] - Text 'Ошибка запроса данных' is not present on page

11-03-2025T02:43:27 - [TEST_STEP][PASSED] - if (verifyTextNotPresent("Произошла ошибка при выполнении пользовательского кода", false) == true): null

11-03-2025T02:43:28 - [MESSAGE][PASSED] - Text 'Произошла ошибка при выполнении пользовательского кода' is not present on page

11-03-2025T02:43:28 - [TEST_STEP][PASSED] - if (verifyTextNotPresent("У виджета нет данных", false) == true): null

11-03-2025T02:43:28 - [MESSAGE][PASSED] - Text 'У виджета нет данных' is not present on page

11-03-2025T02:43:28 - [TEST_STEP][PASSED] - if (verifyTextNotPresent("У виджета нет данных", false) == true): Text 'У виджета нет данных' is not present on page

11-03-2025T02:43:29 - [MESSAGE][PASSED] - Text 'У виджета нет данных' is not present on page

11-03-2025T02:43:29 - [TEST_STEP][PASSED] - click(findTestObject("Выручка по ДЗО/Фильтр Выручка")): Object: 'Object Repository/Выручка по ДЗО/Фильтр Выручка' is clicked on

11-03-2025T02:43:29 - [MESSAGE][PASSED] - Object: 'Object Repository/Выручка по ДЗО/Фильтр Выручка' is clicked on

11-03-2025T02:43:29 - [TEST_STEP][PASSED] - click(findTestObject("Выручка по ДЗО/Снять выделение в фильтре Выручка")): Object: 'Object Repository/Выручка по ДЗО/Снять выделение в фильтре Выручка' is clicked on

11-03-2025T02:43:30 - [MESSAGE][PASSED] - Object: 'Object Repository/Выручка по ДЗО/Снять выделение в фильтре Выручка' is clicked on

11-03-2025T02:43:30 - [TEST_STEP][PASSED] - click(findTestObject("Выручка по ДЗО/По передаче в фильтре Выручка")): Object: 'Object Repository/Выручка по ДЗО/По передаче в фильтре Выручка' is clicked on

11-03-2025T02:43:30 - [MESSAGE][PASSED] - Object: 'Object Repository/Выручка по ДЗО/По передаче в фильтре Выручка' is clicked on

11-03-2025T02:43:30 - [TEST_STEP][PASSED] - click(findTestObject("Выручка по ДЗО/Применить в фильтре Выручка")): Object: 'Object Repository/Выручка по ДЗО/Применить в фильтре Выручка' is clicked on

11-03-2025T02:43:31 - [MESSAGE][PASSED] - Object: 'Object Repository/Выручка по ДЗО/Применить в фильтре Выручка' is clicked on

11-03-2025T02:43:31 - [TEST_STEP][PASSED] - Script1687405711779.Test(todaysDate): null

11-03-2025T02:43:31 - [TEST_STEP][PASSED] - delay(10): Delayed 10 second(s)

11-03-2025T02:43:41 - [MESSAGE][PASSED] - Delayed 10 second(s)

11-03-2025T02:43:41 - [TEST_STEP][PASSED] - if (verifyTextNotPresent("нет данных", false) == true): null

11-03-2025T02:43:41 - [MESSAGE][PASSED] - Text 'нет данных' is not present on page

11-03-2025T02:43:41 - [TEST_STEP][PASSED] - if (verifyTextNotPresent("Ошибка запроса данных", false) == true): null

11-03-2025T02:43:42 - [MESSAGE][PASSED] - Text 'Ошибка запроса данных' is not present on page

11-03-2025T02:43:42 - [TEST_STEP][PASSED] - if (verifyTextNotPresent("Произошла ошибка при выполнении пользовательского кода", false) == true): null

11-03-2025T02:43:42 - [MESSAGE][PASSED] - Text 'Произошла ошибка при выполнении пользовательского кода' is not present on page

11-03-2025T02:43:42 - [TEST_STEP][PASSED] - if (verifyTextNotPresent("У виджета нет данных", false) == true): null

11-03-2025T02:43:43 - [MESSAGE][PASSED] - Text 'У виджета нет данных' is not present on page

11-03-2025T02:43:43 - [TEST_STEP][PASSED] - if (verifyTextNotPresent("У виджета нет данных", false) == true): Text 'У виджета нет данных' is not present on page

11-03-2025T02:43:43 - [MESSAGE][PASSED] - Text 'У виджета нет данных' is not present on page

11-03-2025T02:43:43 - [TEST_STEP][PASSED] - click(findTestObject("Выручка по ДЗО/Фильтр Выручка")): Object: 'Object Repository/Выручка по ДЗО/Фильтр Выручка' is clicked on

11-03-2025T02:43:44 - [MESSAGE][PASSED] - Object: 'Object Repository/Выручка по ДЗО/Фильтр Выручка' is clicked on

11-03-2025T02:43:44 - [TEST_STEP][PASSED] - click(findTestObject("Выручка по ДЗО/Снять выделение в фильтре Выручка")): Object: 'Object Repository/Выручка по ДЗО/Снять выделение в фильтре Выручка' is clicked on

11-03-2025T02:43:44 - [MESSAGE][PASSED] - Object: 'Object Repository/Выручка по ДЗО/Снять выделение в фильтре Выручка' is clicked on

11-03-2025T02:43:44 - [TEST_STEP][PASSED] - click(findTestObject("Выручка по ДЗО/Применить в фильтре Выручка")): Object: 'Object Repository/Выручка по ДЗО/Применить в фильтре Выручка' is clicked on

11-03-2025T02:43:45 - [MESSAGE][PASSED] - Object: 'Object Repository/Выручка по ДЗО/Применить в фильтре Выручка' is clicked on

11-03-2025T02:43:45 - [TEST_STEP][PASSED] - click(findTestObject("Выручка по ДЗО/Фильтр ДЗО")): Object: 'Object Repository/Выручка по ДЗО/Фильтр ДЗО' is clicked on

11-03-2025T02:43:46 - [MESSAGE][PASSED] - Object: 'Object Repository/Выручка по ДЗО/Фильтр ДЗО' is clicked on

11-03-2025T02:43:46 - [TEST_STEP][PASSED] - click(findTestObject("Выручка по ДЗО/Снять выделение в фильтре ДЗО")): Object: 'Object Repository/Выручка по ДЗО/Снять выделение в фильтре ДЗО' is clicked on

11-03-2025T02:43:47 - [MESSAGE][PASSED] - Object: 'Object Repository/Выручка по ДЗО/Снять выделение в фильтре ДЗО' is clicked on

11-03-2025T02:43:47 - [TEST_STEP][PASSED] - click(findTestObject("Выручка по ДЗО/Раскрыть список Магистральные сети")): Object: 'Object Repository/Выручка по ДЗО/Раскрыть список Магистральные сети' is clicked on

11-03-2025T02:43:47 - [MESSAGE][PASSED] - Object: 'Object Repository/Выручка по ДЗО/Раскрыть список Магистральные сети' is clicked on

11-03-2025T02:43:47 - [TEST_STEP][PASSED] - click(findTestObject("Выручка по ДЗО/Россети ФСК ЕЭС Выручка по ДЗО")): Object: 'Object Repository/Выручка по ДЗО/Россети ФСК ЕЭС Выручка по ДЗО' is clicked on

11-03-2025T02:43:47 - [MESSAGE][PASSED] - Object: 'Object Repository/Выручка по ДЗО/Россети ФСК ЕЭС Выручка по ДЗО' is clicked on

11-03-2025T02:43:47 - [TEST_STEP][PASSED] - Script1687405711779.Change(todaysDate): null

11-03-2025T02:43:47 - [TEST_STEP][PASSED] - scrollToElement(findTestObject("Выручка по ДЗО/Заголовок дашборда"), 30): Scroll to object 'Object Repository/Выручка по ДЗО/Заголовок дашборда' successfully

11-03-2025T02:43:48 - [MESSAGE][PASSED] - Scroll to object 'Object Repository/Выручка по ДЗО/Заголовок дашборда' successfully

11-03-2025T02:43:48 - [TEST_STEP][PASSED] - click(findTestObject("Выручка по ДЗО/Применить в фильтре ДЗО")): Object: 'Object Repository/Выручка по ДЗО/Применить в фильтре ДЗО' is clicked on

11-03-2025T02:43:48 - [MESSAGE][PASSED] - Object: 'Object Repository/Выручка по ДЗО/Применить в фильтре ДЗО' is clicked on

11-03-2025T02:43:48 - [TEST_STEP][PASSED] - Script1687405711779.Tumbler(todaysDate): null

11-03-2025T02:43:48 - [TEST_STEP][PASSED] - Script1687405711779.Test(todaysDate): null

11-03-2025T02:43:48 - [TEST_STEP][PASSED] - delay(10): Delayed 10 second(s)

11-03-2025T02:43:58 - [MESSAGE][PASSED] - Delayed 10 second(s)

11-03-2025T02:43:58 - [TEST_STEP][PASSED] - if (verifyTextNotPresent("нет данных", false) == true): null

11-03-2025T02:43:59 - [MESSAGE][PASSED] - Text 'нет данных' is not present on page

11-03-2025T02:43:59 - [TEST_STEP][PASSED] - if (verifyTextNotPresent("Ошибка запроса данных", false) == true): null

11-03-2025T02:43:59 - [MESSAGE][PASSED] - Text 'Ошибка запроса данных' is not present on page

11-03-2025T02:43:59 - [TEST_STEP][PASSED] - if (verifyTextNotPresent("Произошла ошибка при выполнении пользовательского кода", false) == true): null

11-03-2025T02:44:00 - [MESSAGE][PASSED] - Text 'Произошла ошибка при выполнении пользовательского кода' is not present on page

11-03-2025T02:44:00 - [TEST_STEP][PASSED] - if (verifyTextNotPresent("У виджета нет данных", false) == true): null

11-03-2025T02:44:00 - [MESSAGE][PASSED] - Text 'У виджета нет данных' is not present on page

11-03-2025T02:44:00 - [TEST_STEP][PASSED] - if (verifyTextNotPresent("У виджета нет данных", false) == true): Text 'У виджета нет данных' is not present on page

11-03-2025T02:44:00 - [MESSAGE][PASSED] - Text 'У виджета нет данных' is not present on page

11-03-2025T02:44:00 - [TEST_STEP][PASSED] - click(findTestObject("Выручка по ДЗО/Фильтр Выручка")): Object: 'Object Repository/Выручка по ДЗО/Фильтр Выручка' is clicked on

11-03-2025T02:44:01 - [MESSAGE][PASSED] - Object: 'Object Repository/Выручка по ДЗО/Фильтр Выручка' is clicked on

11-03-2025T02:44:01 - [TEST_STEP][PASSED] - click(findTestObject("Выручка по ДЗО/Внутренний оборот в фильтре Выручка")): Object: 'Object Repository/Выручка по ДЗО/Внутренний оборот в фильтре Выручка' is clicked on

11-03-2025T02:44:01 - [MESSAGE][PASSED] - Object: 'Object Repository/Выручка по ДЗО/Внутренний оборот в фильтре Выручка' is clicked on

11-03-2025T02:44:01 - [TEST_STEP][PASSED] - click(findTestObject("Выручка по ДЗО/Применить в фильтре Выручка")): Object: 'Object Repository/Выручка по ДЗО/Применить в фильтре Выручка' is clicked on

11-03-2025T02:44:02 - [MESSAGE][PASSED] - Object: 'Object Repository/Выручка по ДЗО/Применить в фильтре Выручка' is clicked on

11-03-2025T02:44:02 - [TEST_STEP][PASSED] - Script1687405711779.Test(todaysDate): null

11-03-2025T02:44:02 - [TEST_STEP][PASSED] - delay(10): Delayed 10 second(s)

11-03-2025T02:44:12 - [MESSAGE][PASSED] - Delayed 10 second(s)

11-03-2025T02:44:12 - [TEST_STEP][FAILED] - if (verifyTextNotPresent("нет данных", false) == true): Text 'нет данных' is present on page  (Root cause: com.kms.katalon.core.exception.StepFailedException: Text 'нет данных' is present on page 
	at com.kms.katalon.core.webui.keyword.internal.WebUIKeywordMain.stepFailed(WebUIKeywordMain.groovy:64)
	at com.kms.katalon.core.webui.keyword.builtin.VerifyTextNotPresentKeyword$_verifyTextNotPresent_closure1.doCall(VerifyTextNotPresentKeyword.groovy:77)
	at com.kms.katalon.core.webui.keyword.builtin.VerifyTextNotPresentKeyword$_verifyTextNotPresent_closure1.call(VerifyTextNotPresentKeyword.groovy)
	at com.kms.katalon.core.webui.keyword.internal.WebUIKeywordMain.runKeyword(WebUIKeywordMain.groovy:20)
	at com.kms.katalon.core.webui.keyword.builtin.VerifyTextNotPresentKeyword.verifyTextNotPresent(VerifyTextNotPresentKeyword.groovy:82)
	at com.kms.katalon.core.webui.keyword.builtin.VerifyTextNotPresentKeyword.execute(VerifyTextNotPresentKeyword.groovy:68)
	at com.kms.katalon.core.keyword.internal.KeywordExecutor.executeKeywordForPlatform(KeywordExecutor.groovy:74)
	at com.kms.katalon.core.webui.keyword.WebUiBuiltInKeywords.verifyTextNotPresent(WebUiBuiltInKeywords.groovy:1795)
	at Выручка по ДЗО отображение данных все филиалы.Test(Выручка по ДЗО отображение данных все филиалы:772)
	at Выручка по ДЗО отображение данных все филиалы.Tumbler(Выручка по ДЗО отображение данных все филиалы:726)
	at Выручка по ДЗО отображение данных все филиалы.Change(Выручка по ДЗО отображение данных все филиалы:760)
	at Выручка по ДЗО отображение данных все филиалы.DzoTest(Выручка по ДЗО отображение данных все филиалы:150)
	at Выручка по ДЗО отображение данных все филиалы.run(Выручка по ДЗО отображение данных все филиалы:122)
	at com.kms.katalon.core.main.ScriptEngine.run(ScriptEngine.java:194)
	at com.kms.katalon.core.main.ScriptEngine.runScriptAsRawText(ScriptEngine.java:119)
	at com.kms.katalon.core.main.TestCaseExecutor.runScript(TestCaseExecutor.java:448)
	at com.kms.katalon.core.main.TestCaseExecutor.doExecute(TestCaseExecutor.java:439)
	at com.kms.katalon.core.main.TestCaseExecutor.processExecutionPhase(TestCaseExecutor.java:418)
	at com.kms.katalon.core.main.TestCaseExecutor.accessMainPhase(TestCaseExecutor.java:410)
	at com.kms.katalon.core.main.TestCaseExecutor.execute(TestCaseExecutor.java:285)
	at com.kms.katalon.core.common.CommonExecutor.accessTestCaseMainPhase(CommonExecutor.java:65)
	at com.kms.katalon.core.main.TestSuiteExecutor.accessTestSuiteMainPhase(TestSuiteExecutor.java:150)
	at com.kms.katalon.core.main.TestSuiteExecutor.execute(TestSuiteExecutor.java:106)
	at com.kms.katalon.core.main.TestCaseMain.startTestSuite(TestCaseMain.java:180)
	at TempTestSuite1741649958618.run(TempTestSuite1741649958618.groovy:35)
	at java.base/jdk.internal.reflect.NativeMethodAccessorImpl.invoke0(Native Method)
	at java.base/jdk.internal.reflect.NativeMethodAccessorImpl.invoke(NativeMethodAccessorImpl.java:77)
	at java.base/jdk.internal.reflect.DelegatingMethodAccessorImpl.invoke(DelegatingMethodAccessorImpl.java:43)
)

11-03-2025T02:44:12 - [MESSAGE][FAILED] - Text 'нет данных' is present on page  (Root cause: com.kms.katalon.core.exception.StepFailedException: Text 'нет данных' is present on page 
	at com.kms.katalon.core.webui.keyword.internal.WebUIKeywordMain.stepFailed(WebUIKeywordMain.groovy:64)
	at com.kms.katalon.core.webui.keyword.builtin.VerifyTextNotPresentKeyword$_verifyTextNotPresent_closure1.doCall(VerifyTextNotPresentKeyword.groovy:77)
	at com.kms.katalon.core.webui.keyword.builtin.VerifyTextNotPresentKeyword$_verifyTextNotPresent_closure1.call(VerifyTextNotPresentKeyword.groovy)
	at com.kms.katalon.core.webui.keyword.internal.WebUIKeywordMain.runKeyword(WebUIKeywordMain.groovy:20)
	at com.kms.katalon.core.webui.keyword.builtin.VerifyTextNotPresentKeyword.verifyTextNotPresent(VerifyTextNotPresentKeyword.groovy:82)
	at com.kms.katalon.core.webui.keyword.builtin.VerifyTextNotPresentKeyword.execute(VerifyTextNotPresentKeyword.groovy:68)
	at com.kms.katalon.core.keyword.internal.KeywordExecutor.executeKeywordForPlatform(KeywordExecutor.groovy:74)
	at com.kms.katalon.core.webui.keyword.WebUiBuiltInKeywords.verifyTextNotPresent(WebUiBuiltInKeywords.groovy:1795)
	at Выручка по ДЗО отображение данных все филиалы.Test(Выручка по ДЗО отображение данных все филиалы:772)
	at Выручка по ДЗО отображение данных все филиалы.Tumbler(Выручка по ДЗО отображение данных все филиалы:726)
	at Выручка по ДЗО отображение данных все филиалы.Change(Выручка по ДЗО отображение данных все филиалы:760)
	at Выручка по ДЗО отображение данных все филиалы.DzoTest(Выручка по ДЗО отображение данных все филиалы:150)
	at Выручка по ДЗО отображение данных все филиалы.run(Выручка по ДЗО отображение данных все филиалы:122)
	at com.kms.katalon.core.main.ScriptEngine.run(ScriptEngine.java:194)
	at com.kms.katalon.core.main.ScriptEngine.runScriptAsRawText(ScriptEngine.java:119)
	at com.kms.katalon.core.main.TestCaseExecutor.runScript(TestCaseExecutor.java:448)
	at com.kms.katalon.core.main.TestCaseExecutor.doExecute(TestCaseExecutor.java:439)
	at com.kms.katalon.core.main.TestCaseExecutor.processExecutionPhase(TestCaseExecutor.java:418)
	at com.kms.katalon.core.main.TestCaseExecutor.accessMainPhase(TestCaseExecutor.java:410)
	at com.kms.katalon.core.main.TestCaseExecutor.execute(TestCaseExecutor.java:285)
	at com.kms.katalon.core.common.CommonExecutor.accessTestCaseMainPhase(CommonExecutor.java:65)
	at com.kms.katalon.core.main.TestSuiteExecutor.accessTestSuiteMainPhase(TestSuiteExecutor.java:150)
	at com.kms.katalon.core.main.TestSuiteExecutor.execute(TestSuiteExecutor.java:106)
	at com.kms.katalon.core.main.TestCaseMain.startTestSuite(TestCaseMain.java:180)
	at TempTestSuite1741649958618.run(TempTestSuite1741649958618.groovy:35)
	at java.base/jdk.internal.reflect.NativeMethodAccessorImpl.invoke0(Native Method)
	at java.base/jdk.internal.reflect.NativeMethodAccessorImpl.invoke(NativeMethodAccessorImpl.java:77)
	at java.base/jdk.internal.reflect.DelegatingMethodAccessorImpl.invoke(DelegatingMethodAccessorImpl.java:43)
)

11-03-2025T02:44:13 - [TEST_STEP][PASSED] - else: null

11-03-2025T02:44:13 - [TEST_STEP][PASSED] - Script1687405711779.WriteToExcel(todaysDate): null

11-03-2025T02:44:13 - [TEST_STEP][PASSED] - sheetName = "Sheet1": null

11-03-2025T02:44:13 - [TEST_STEP][PASSED] - data = findTestData("PlanFact"): null

11-03-2025T02:44:13 - [TEST_STEP][PASSED] - n = data.getRowNumbers() + 1: null

11-03-2025T02:44:13 - [TEST_STEP][PASSED] - dZO = getText(findTestObject("Выручка по ДЗО/Фильтр ДЗО")): Text of object 'Object Repository/Выручка по ДЗО/Фильтр ДЗО' is: 'ПАО Россети - Магистральные сети - Россети ФСК ЕЭС'

11-03-2025T02:44:13 - [MESSAGE][PASSED] - Text of object 'Object Repository/Выручка по ДЗО/Фильтр ДЗО' is: 'ПАО Россети - Магистральные сети - Россети ФСК ЕЭС'

11-03-2025T02:44:13 - [TEST_STEP][PASSED] - period = getText(findTestObject("Выручка по ДЗО/Фильтр Дата")): Text of object 'Object Repository/Выручка по ДЗО/Фильтр Дата' is: 'Январь 2025 года'

11-03-2025T02:44:13 - [MESSAGE][PASSED] - Text of object 'Object Repository/Выручка по ДЗО/Фильтр Дата' is: 'Январь 2025 года'

11-03-2025T02:44:13 - [TEST_STEP][PASSED] - viruchka = getText(findTestObject("Выручка по ДЗО/Фильтр Выручка")): Text of object 'Object Repository/Выручка по ДЗО/Фильтр Выручка' is: 'внутренний оборот'

11-03-2025T02:44:13 - [MESSAGE][PASSED] - Text of object 'Object Repository/Выручка по ДЗО/Фильтр Выручка' is: 'внутренний оборот'

11-03-2025T02:44:13 - [TEST_STEP][PASSED] - if (viruchka == "Выбрано: 2"): null

11-03-2025T02:44:13 - [TEST_STEP][PASSED] - if (viruchka == "Все"): null

11-03-2025T02:44:13 - [TEST_STEP][PASSED] - println(period): null

11-03-2025T02:44:13 - [TEST_STEP][PASSED] - dashboardName = "Выручка по ДЗО": null

11-03-2025T02:44:13 - [TEST_STEP][PASSED] - workbook01 = getWorkbook(excelFilePath): null

11-03-2025T02:44:14 - [TEST_STEP][PASSED] - sheet01 = getExcelSheet(workbook01, sheetName): null

11-03-2025T02:44:14 - [TEST_STEP][PASSED] - setValueToCellByIndex(sheet01, n, 0, dashboardName): null

11-03-2025T02:44:14 - [TEST_STEP][PASSED] - setValueToCellByIndex(sheet01, n, 1, dZO): null

11-03-2025T02:44:14 - [TEST_STEP][PASSED] - setValueToCellByIndex(sheet01, n, 2, period): null

11-03-2025T02:44:14 - [TEST_STEP][PASSED] - setValueToCellByIndex(sheet01, n, 3, viruchka): null

11-03-2025T02:44:14 - [TEST_STEP][PASSED] - setValueToCellByIndex(sheet01, n, 4, todaysDate): null

11-03-2025T02:44:14 - [TEST_STEP][PASSED] - n = n + 1: null

11-03-2025T02:44:14 - [TEST_STEP][PASSED] - saveWorkbook(excelFilePath, workbook01): null

11-03-2025T02:44:14 - [TEST_STEP][PASSED] - click(findTestObject("Выручка по ДЗО/Фильтр Выручка")): Object: 'Object Repository/Выручка по ДЗО/Фильтр Выручка' is clicked on

11-03-2025T02:44:14 - [MESSAGE][PASSED] - Object: 'Object Repository/Выручка по ДЗО/Фильтр Выручка' is clicked on

11-03-2025T02:44:14 - [TEST_STEP][PASSED] - click(findTestObject("Выручка по ДЗО/По передаче в фильтре Выручка")): Object: 'Object Repository/Выручка по ДЗО/По передаче в фильтре Выручка' is clicked on

11-03-2025T02:44:15 - [MESSAGE][PASSED] - Object: 'Object Repository/Выручка по ДЗО/По передаче в фильтре Выручка' is clicked on

11-03-2025T02:44:15 - [TEST_STEP][PASSED] - click(findTestObject("Выручка по ДЗО/Применить в фильтре Выручка")): Object: 'Object Repository/Выручка по ДЗО/Применить в фильтре Выручка' is clicked on

11-03-2025T02:44:15 - [MESSAGE][PASSED] - Object: 'Object Repository/Выручка по ДЗО/Применить в фильтре Выручка' is clicked on

11-03-2025T02:44:15 - [TEST_STEP][PASSED] - Script1687405711779.Test(todaysDate): null

11-03-2025T02:44:15 - [TEST_STEP][PASSED] - delay(10): Delayed 10 second(s)

11-03-2025T02:44:25 - [MESSAGE][PASSED] - Delayed 10 second(s)

11-03-2025T02:44:25 - [TEST_STEP][PASSED] - if (verifyTextNotPresent("нет данных", false) == true): null

11-03-2025T02:44:26 - [MESSAGE][PASSED] - Text 'нет данных' is not present on page

11-03-2025T02:44:26 - [TEST_STEP][PASSED] - if (verifyTextNotPresent("Ошибка запроса данных", false) == true): null

11-03-2025T02:44:26 - [MESSAGE][PASSED] - Text 'Ошибка запроса данных' is not present on page

11-03-2025T02:44:26 - [TEST_STEP][PASSED] - if (verifyTextNotPresent("Произошла ошибка при выполнении пользовательского кода", false) == true): null

11-03-2025T02:44:27 - [MESSAGE][PASSED] - Text 'Произошла ошибка при выполнении пользовательского кода' is not present on page

11-03-2025T02:44:27 - [TEST_STEP][PASSED] - if (verifyTextNotPresent("У виджета нет данных", false) == true): null

11-03-2025T02:44:27 - [MESSAGE][PASSED] - Text 'У виджета нет данных' is not present on page

11-03-2025T02:44:27 - [TEST_STEP][PASSED] - if (verifyTextNotPresent("У виджета нет данных", false) == true): Text 'У виджета нет данных' is not present on page

11-03-2025T02:44:28 - [MESSAGE][PASSED] - Text 'У виджета нет данных' is not present on page

11-03-2025T02:44:28 - [TEST_STEP][PASSED] - click(findTestObject("Выручка по ДЗО/Фильтр Выручка")): Object: 'Object Repository/Выручка по ДЗО/Фильтр Выручка' is clicked on

11-03-2025T02:44:28 - [MESSAGE][PASSED] - Object: 'Object Repository/Выручка по ДЗО/Фильтр Выручка' is clicked on

11-03-2025T02:44:28 - [TEST_STEP][PASSED] - click(findTestObject("Выручка по ДЗО/Снять выделение в фильтре Выручка")): Object: 'Object Repository/Выручка по ДЗО/Снять выделение в фильтре Выручка' is clicked on

11-03-2025T02:44:28 - [MESSAGE][PASSED] - Object: 'Object Repository/Выручка по ДЗО/Снять выделение в фильтре Выручка' is clicked on

11-03-2025T02:44:28 - [TEST_STEP][PASSED] - click(findTestObject("Выручка по ДЗО/По передаче в фильтре Выручка")): Object: 'Object Repository/Выручка по ДЗО/По передаче в фильтре Выручка' is clicked on

11-03-2025T02:44:29 - [MESSAGE][PASSED] - Object: 'Object Repository/Выручка по ДЗО/По передаче в фильтре Выручка' is clicked on

11-03-2025T02:44:29 - [TEST_STEP][PASSED] - click(findTestObject("Выручка по ДЗО/Применить в фильтре Выручка")): Object: 'Object Repository/Выручка по ДЗО/Применить в фильтре Выручка' is clicked on

11-03-2025T02:44:29 - [MESSAGE][PASSED] - Object: 'Object Repository/Выручка по ДЗО/Применить в фильтре Выручка' is clicked on

11-03-2025T02:44:29 - [TEST_STEP][PASSED] - Script1687405711779.Test(todaysDate): null

11-03-2025T02:44:29 - [TEST_STEP][PASSED] - delay(10): Delayed 10 second(s)

11-03-2025T02:44:39 - [MESSAGE][PASSED] - Delayed 10 second(s)

11-03-2025T02:44:39 - [TEST_STEP][PASSED] - if (verifyTextNotPresent("нет данных", false) == true): null

11-03-2025T02:44:40 - [MESSAGE][PASSED] - Text 'нет данных' is not present on page

11-03-2025T02:44:40 - [TEST_STEP][PASSED] - if (verifyTextNotPresent("Ошибка запроса данных", false) == true): null

11-03-2025T02:44:40 - [MESSAGE][PASSED] - Text 'Ошибка запроса данных' is not present on page

11-03-2025T02:44:40 - [TEST_STEP][PASSED] - if (verifyTextNotPresent("Произошла ошибка при выполнении пользовательского кода", false) == true): null

11-03-2025T02:44:41 - [MESSAGE][PASSED] - Text 'Произошла ошибка при выполнении пользовательского кода' is not present on page

11-03-2025T02:44:41 - [TEST_STEP][PASSED] - if (verifyTextNotPresent("У виджета нет данных", false) == true): null

11-03-2025T02:44:41 - [MESSAGE][PASSED] - Text 'У виджета нет данных' is not present on page

11-03-2025T02:44:41 - [TEST_STEP][PASSED] - if (verifyTextNotPresent("У виджета нет данных", false) == true): Text 'У виджета нет данных' is not present on page

11-03-2025T02:44:42 - [MESSAGE][PASSED] - Text 'У виджета нет данных' is not present on page

11-03-2025T02:44:42 - [TEST_STEP][PASSED] - click(findTestObject("Выручка по ДЗО/Фильтр Выручка")): Object: 'Object Repository/Выручка по ДЗО/Фильтр Выручка' is clicked on

11-03-2025T02:44:42 - [MESSAGE][PASSED] - Object: 'Object Repository/Выручка по ДЗО/Фильтр Выручка' is clicked on

11-03-2025T02:44:42 - [TEST_STEP][PASSED] - click(findTestObject("Выручка по ДЗО/Снять выделение в фильтре Выручка")): Object: 'Object Repository/Выручка по ДЗО/Снять выделение в фильтре Выручка' is clicked on

11-03-2025T02:44:43 - [MESSAGE][PASSED] - Object: 'Object Repository/Выручка по ДЗО/Снять выделение в фильтре Выручка' is clicked on

11-03-2025T02:44:43 - [TEST_STEP][PASSED] - click(findTestObject("Выручка по ДЗО/Применить в фильтре Выручка")): Object: 'Object Repository/Выручка по ДЗО/Применить в фильтре Выручка' is clicked on

11-03-2025T02:44:43 - [MESSAGE][PASSED] - Object: 'Object Repository/Выручка по ДЗО/Применить в фильтре Выручка' is clicked on

11-03-2025T02:44:43 - [TEST_STEP][PASSED] - click(findTestObject("Выручка по ДЗО/Фильтр ДЗО")): Object: 'Object Repository/Выручка по ДЗО/Фильтр ДЗО' is clicked on

11-03-2025T02:44:45 - [MESSAGE][PASSED] - Object: 'Object Repository/Выручка по ДЗО/Фильтр ДЗО' is clicked on

11-03-2025T02:44:45 - [TEST_STEP][PASSED] - click(findTestObject("Выручка по ДЗО/Снять выделение в фильтре ДЗО")): Object: 'Object Repository/Выручка по ДЗО/Снять выделение в фильтре ДЗО' is clicked on

11-03-2025T02:44:45 - [MESSAGE][PASSED] - Object: 'Object Repository/Выручка по ДЗО/Снять выделение в фильтре ДЗО' is clicked on

11-03-2025T02:44:45 - [TEST_STEP][PASSED] - click(findTestObject("Выручка по ДЗО/Раскрыть список Россети ФСК ЕЭС")): Object: 'Object Repository/Выручка по ДЗО/Раскрыть список Россети ФСК ЕЭС' is clicked on

11-03-2025T02:44:45 - [MESSAGE][PASSED] - Object: 'Object Repository/Выручка по ДЗО/Раскрыть список Россети ФСК ЕЭС' is clicked on

11-03-2025T02:44:45 - [TEST_STEP][PASSED] - click(findTestObject("Выручка по ДЗО/ИА ФСК ЕЭС")): Object: 'Object Repository/Выручка по ДЗО/ИА ФСК ЕЭС' is clicked on

11-03-2025T02:44:46 - [MESSAGE][PASSED] - Object: 'Object Repository/Выручка по ДЗО/ИА ФСК ЕЭС' is clicked on

11-03-2025T02:44:46 - [TEST_STEP][PASSED] - Script1687405711779.Change(todaysDate): null

11-03-2025T02:44:46 - [TEST_STEP][PASSED] - scrollToElement(findTestObject("Выручка по ДЗО/Заголовок дашборда"), 30): Scroll to object 'Object Repository/Выручка по ДЗО/Заголовок дашборда' successfully

11-03-2025T02:44:46 - [MESSAGE][PASSED] - Scroll to object 'Object Repository/Выручка по ДЗО/Заголовок дашборда' successfully

11-03-2025T02:44:46 - [TEST_STEP][PASSED] - click(findTestObject("Выручка по ДЗО/Применить в фильтре ДЗО")): Object: 'Object Repository/Выручка по ДЗО/Применить в фильтре ДЗО' is clicked on

11-03-2025T02:44:47 - [MESSAGE][PASSED] - Object: 'Object Repository/Выручка по ДЗО/Применить в фильтре ДЗО' is clicked on

11-03-2025T02:44:47 - [TEST_STEP][PASSED] - Script1687405711779.Tumbler(todaysDate): null

11-03-2025T02:44:47 - [TEST_STEP][PASSED] - Script1687405711779.Test(todaysDate): null

11-03-2025T02:44:47 - [TEST_STEP][PASSED] - delay(10): Delayed 10 second(s)

11-03-2025T02:44:57 - [MESSAGE][PASSED] - Delayed 10 second(s)

11-03-2025T02:44:57 - [TEST_STEP][FAILED] - if (verifyTextNotPresent("нет данных", false) == true): Text 'нет данных' is present on page  (Root cause: com.kms.katalon.core.exception.StepFailedException: Text 'нет данных' is present on page 
	at com.kms.katalon.core.webui.keyword.internal.WebUIKeywordMain.stepFailed(WebUIKeywordMain.groovy:64)
	at com.kms.katalon.core.webui.keyword.builtin.VerifyTextNotPresentKeyword$_verifyTextNotPresent_closure1.doCall(VerifyTextNotPresentKeyword.groovy:77)
	at com.kms.katalon.core.webui.keyword.builtin.VerifyTextNotPresentKeyword$_verifyTextNotPresent_closure1.call(VerifyTextNotPresentKeyword.groovy)
	at com.kms.katalon.core.webui.keyword.internal.WebUIKeywordMain.runKeyword(WebUIKeywordMain.groovy:20)
	at com.kms.katalon.core.webui.keyword.builtin.VerifyTextNotPresentKeyword.verifyTextNotPresent(VerifyTextNotPresentKeyword.groovy:82)
	at com.kms.katalon.core.webui.keyword.builtin.VerifyTextNotPresentKeyword.execute(VerifyTextNotPresentKeyword.groovy:68)
	at com.kms.katalon.core.keyword.internal.KeywordExecutor.executeKeywordForPlatform(KeywordExecutor.groovy:74)
	at com.kms.katalon.core.webui.keyword.WebUiBuiltInKeywords.verifyTextNotPresent(WebUiBuiltInKeywords.groovy:1795)
	at Выручка по ДЗО отображение данных все филиалы.Test(Выручка по ДЗО отображение данных все филиалы:772)
	at Выручка по ДЗО отображение данных все филиалы.Tumbler(Выручка по ДЗО отображение данных все филиалы:718)
	at Выручка по ДЗО отображение данных все филиалы.Change(Выручка по ДЗО отображение данных все филиалы:760)
	at Выручка по ДЗО отображение данных все филиалы.DzoTest(Выручка по ДЗО отображение данных все филиалы:156)
	at Выручка по ДЗО отображение данных все филиалы.run(Выручка по ДЗО отображение данных все филиалы:122)
	at com.kms.katalon.core.main.ScriptEngine.run(ScriptEngine.java:194)
	at com.kms.katalon.core.main.ScriptEngine.runScriptAsRawText(ScriptEngine.java:119)
	at com.kms.katalon.core.main.TestCaseExecutor.runScript(TestCaseExecutor.java:448)
	at com.kms.katalon.core.main.TestCaseExecutor.doExecute(TestCaseExecutor.java:439)
	at com.kms.katalon.core.main.TestCaseExecutor.processExecutionPhase(TestCaseExecutor.java:418)
	at com.kms.katalon.core.main.TestCaseExecutor.accessMainPhase(TestCaseExecutor.java:410)
	at com.kms.katalon.core.main.TestCaseExecutor.execute(TestCaseExecutor.java:285)
	at com.kms.katalon.core.common.CommonExecutor.accessTestCaseMainPhase(CommonExecutor.java:65)
	at com.kms.katalon.core.main.TestSuiteExecutor.accessTestSuiteMainPhase(TestSuiteExecutor.java:150)
	at com.kms.katalon.core.main.TestSuiteExecutor.execute(TestSuiteExecutor.java:106)
	at com.kms.katalon.core.main.TestCaseMain.startTestSuite(TestCaseMain.java:180)
	at TempTestSuite1741649958618.run(TempTestSuite1741649958618.groovy:35)
	at java.base/jdk.internal.reflect.NativeMethodAccessorImpl.invoke0(Native Method)
	at java.base/jdk.internal.reflect.NativeMethodAccessorImpl.invoke(NativeMethodAccessorImpl.java:77)
	at java.base/jdk.internal.reflect.DelegatingMethodAccessorImpl.invoke(DelegatingMethodAccessorImpl.java:43)
)

11-03-2025T02:44:57 - [MESSAGE][FAILED] - Text 'нет данных' is present on page  (Root cause: com.kms.katalon.core.exception.StepFailedException: Text 'нет данных' is present on page 
	at com.kms.katalon.core.webui.keyword.internal.WebUIKeywordMain.stepFailed(WebUIKeywordMain.groovy:64)
	at com.kms.katalon.core.webui.keyword.builtin.VerifyTextNotPresentKeyword$_verifyTextNotPresent_closure1.doCall(VerifyTextNotPresentKeyword.groovy:77)
	at com.kms.katalon.core.webui.keyword.builtin.VerifyTextNotPresentKeyword$_verifyTextNotPresent_closure1.call(VerifyTextNotPresentKeyword.groovy)
	at com.kms.katalon.core.webui.keyword.internal.WebUIKeywordMain.runKeyword(WebUIKeywordMain.groovy:20)
	at com.kms.katalon.core.webui.keyword.builtin.VerifyTextNotPresentKeyword.verifyTextNotPresent(VerifyTextNotPresentKeyword.groovy:82)
	at com.kms.katalon.core.webui.keyword.builtin.VerifyTextNotPresentKeyword.execute(VerifyTextNotPresentKeyword.groovy:68)
	at com.kms.katalon.core.keyword.internal.KeywordExecutor.executeKeywordForPlatform(KeywordExecutor.groovy:74)
	at com.kms.katalon.core.webui.keyword.WebUiBuiltInKeywords.verifyTextNotPresent(WebUiBuiltInKeywords.groovy:1795)
	at Выручка по ДЗО отображение данных все филиалы.Test(Выручка по ДЗО отображение данных все филиалы:772)
	at Выручка по ДЗО отображение данных все филиалы.Tumbler(Выручка по ДЗО отображение данных все филиалы:718)
	at Выручка по ДЗО отображение данных все филиалы.Change(Выручка по ДЗО отображение данных все филиалы:760)
	at Выручка по ДЗО отображение данных все филиалы.DzoTest(Выручка по ДЗО отображение данных все филиалы:156)
	at Выручка по ДЗО отображение данных все филиалы.run(Выручка по ДЗО отображение данных все филиалы:122)
	at com.kms.katalon.core.main.ScriptEngine.run(ScriptEngine.java:194)
	at com.kms.katalon.core.main.ScriptEngine.runScriptAsRawText(ScriptEngine.java:119)
	at com.kms.katalon.core.main.TestCaseExecutor.runScript(TestCaseExecutor.java:448)
	at com.kms.katalon.core.main.TestCaseExecutor.doExecute(TestCaseExecutor.java:439)
	at com.kms.katalon.core.main.TestCaseExecutor.processExecutionPhase(TestCaseExecutor.java:418)
	at com.kms.katalon.core.main.TestCaseExecutor.accessMainPhase(TestCaseExecutor.java:410)
	at com.kms.katalon.core.main.TestCaseExecutor.execute(TestCaseExecutor.java:285)
	at com.kms.katalon.core.common.CommonExecutor.accessTestCaseMainPhase(CommonExecutor.java:65)
	at com.kms.katalon.core.main.TestSuiteExecutor.accessTestSuiteMainPhase(TestSuiteExecutor.java:150)
	at com.kms.katalon.core.main.TestSuiteExecutor.execute(TestSuiteExecutor.java:106)
	at com.kms.katalon.core.main.TestCaseMain.startTestSuite(TestCaseMain.java:180)
	at TempTestSuite1741649958618.run(TempTestSuite1741649958618.groovy:35)
	at java.base/jdk.internal.reflect.NativeMethodAccessorImpl.invoke0(Native Method)
	at java.base/jdk.internal.reflect.NativeMethodAccessorImpl.invoke(NativeMethodAccessorImpl.java:77)
	at java.base/jdk.internal.reflect.DelegatingMethodAccessorImpl.invoke(DelegatingMethodAccessorImpl.java:43)
)

11-03-2025T02:44:57 - [TEST_STEP][PASSED] - else: null

11-03-2025T02:44:57 - [TEST_STEP][PASSED] - Script1687405711779.WriteToExcel(todaysDate): null

11-03-2025T02:44:57 - [TEST_STEP][PASSED] - sheetName = "Sheet1": null

11-03-2025T02:44:57 - [TEST_STEP][PASSED] - data = findTestData("PlanFact"): null

11-03-2025T02:44:57 - [TEST_STEP][PASSED] - n = data.getRowNumbers() + 1: null

11-03-2025T02:44:57 - [TEST_STEP][PASSED] - dZO = getText(findTestObject("Выручка по ДЗО/Фильтр ДЗО")): Text of object 'Object Repository/Выручка по ДЗО/Фильтр ДЗО' is: 'ПАО Россети - Магистральные сети - Россети ФСК ЕЭС - ИА ФСК ЕЭС'

11-03-2025T02:44:58 - [MESSAGE][PASSED] - Text of object 'Object Repository/Выручка по ДЗО/Фильтр ДЗО' is: 'ПАО Россети - Магистральные сети - Россети ФСК ЕЭС - ИА ФСК ЕЭС'

11-03-2025T02:44:58 - [TEST_STEP][PASSED] - period = getText(findTestObject("Выручка по ДЗО/Фильтр Дата")): Text of object 'Object Repository/Выручка по ДЗО/Фильтр Дата' is: 'Январь 2025 года'

11-03-2025T02:44:58 - [MESSAGE][PASSED] - Text of object 'Object Repository/Выручка по ДЗО/Фильтр Дата' is: 'Январь 2025 года'

11-03-2025T02:44:58 - [TEST_STEP][PASSED] - viruchka = getText(findTestObject("Выручка по ДЗО/Фильтр Выручка")): Text of object 'Object Repository/Выручка по ДЗО/Фильтр Выручка' is: 'Все'

11-03-2025T02:44:58 - [MESSAGE][PASSED] - Text of object 'Object Repository/Выручка по ДЗО/Фильтр Выручка' is: 'Все'

11-03-2025T02:44:58 - [TEST_STEP][PASSED] - if (viruchka == "Выбрано: 2"): null

11-03-2025T02:44:58 - [TEST_STEP][PASSED] - if (viruchka == "Все"): null

11-03-2025T02:44:58 - [TEST_STEP][PASSED] - viruchka = "Не выбран ни один пункт": null

11-03-2025T02:44:58 - [TEST_STEP][PASSED] - println(period): null

11-03-2025T02:44:58 - [TEST_STEP][PASSED] - dashboardName = "Выручка по ДЗО": null

11-03-2025T02:44:58 - [TEST_STEP][PASSED] - workbook01 = getWorkbook(excelFilePath): null

11-03-2025T02:44:58 - [TEST_STEP][PASSED] - sheet01 = getExcelSheet(workbook01, sheetName): null

11-03-2025T02:44:58 - [TEST_STEP][PASSED] - setValueToCellByIndex(sheet01, n, 0, dashboardName): null

11-03-2025T02:44:58 - [TEST_STEP][PASSED] - setValueToCellByIndex(sheet01, n, 1, dZO): null

11-03-2025T02:44:58 - [TEST_STEP][PASSED] - setValueToCellByIndex(sheet01, n, 2, period): null

11-03-2025T02:44:58 - [TEST_STEP][PASSED] - setValueToCellByIndex(sheet01, n, 3, viruchka): null

11-03-2025T02:44:58 - [TEST_STEP][PASSED] - setValueToCellByIndex(sheet01, n, 4, todaysDate): null

11-03-2025T02:44:58 - [TEST_STEP][PASSED] - n = n + 1: null

11-03-2025T02:44:58 - [TEST_STEP][PASSED] - saveWorkbook(excelFilePath, workbook01): null

11-03-2025T02:44:58 - [TEST_STEP][PASSED] - click(findTestObject("Выручка по ДЗО/Фильтр Выручка")): Object: 'Object Repository/Выручка по ДЗО/Фильтр Выручка' is clicked on

11-03-2025T02:44:59 - [MESSAGE][PASSED] - Object: 'Object Repository/Выручка по ДЗО/Фильтр Выручка' is clicked on

11-03-2025T02:44:59 - [TEST_STEP][PASSED] - click(findTestObject("Выручка по ДЗО/Внутренний оборот в фильтре Выручка")): Object: 'Object Repository/Выручка по ДЗО/Внутренний оборот в фильтре Выручка' is clicked on

11-03-2025T02:44:59 - [MESSAGE][PASSED] - Object: 'Object Repository/Выручка по ДЗО/Внутренний оборот в фильтре Выручка' is clicked on

11-03-2025T02:44:59 - [TEST_STEP][PASSED] - click(findTestObject("Выручка по ДЗО/Применить в фильтре Выручка")): Object: 'Object Repository/Выручка по ДЗО/Применить в фильтре Выручка' is clicked on

11-03-2025T02:45:00 - [MESSAGE][PASSED] - Object: 'Object Repository/Выручка по ДЗО/Применить в фильтре Выручка' is clicked on

11-03-2025T02:45:00 - [TEST_STEP][PASSED] - Script1687405711779.Test(todaysDate): null

11-03-2025T02:45:00 - [TEST_STEP][PASSED] - delay(10): Delayed 10 second(s)

11-03-2025T02:45:10 - [MESSAGE][PASSED] - Delayed 10 second(s)

11-03-2025T02:45:10 - [TEST_STEP][FAILED] - if (verifyTextNotPresent("нет данных", false) == true): Text 'нет данных' is present on page  (Root cause: com.kms.katalon.core.exception.StepFailedException: Text 'нет данных' is present on page 
	at com.kms.katalon.core.webui.keyword.internal.WebUIKeywordMain.stepFailed(WebUIKeywordMain.groovy:64)
	at com.kms.katalon.core.webui.keyword.builtin.VerifyTextNotPresentKeyword$_verifyTextNotPresent_closure1.doCall(VerifyTextNotPresentKeyword.groovy:77)
	at com.kms.katalon.core.webui.keyword.builtin.VerifyTextNotPresentKeyword$_verifyTextNotPresent_closure1.call(VerifyTextNotPresentKeyword.groovy)
	at com.kms.katalon.core.webui.keyword.internal.WebUIKeywordMain.runKeyword(WebUIKeywordMain.groovy:20)
	at com.kms.katalon.core.webui.keyword.builtin.VerifyTextNotPresentKeyword.verifyTextNotPresent(VerifyTextNotPresentKeyword.groovy:82)
	at com.kms.katalon.core.webui.keyword.builtin.VerifyTextNotPresentKeyword.execute(VerifyTextNotPresentKeyword.groovy:68)
	at com.kms.katalon.core.keyword.internal.KeywordExecutor.executeKeywordForPlatform(KeywordExecutor.groovy:74)
	at com.kms.katalon.core.webui.keyword.WebUiBuiltInKeywords.verifyTextNotPresent(WebUiBuiltInKeywords.groovy:1795)
	at Выручка по ДЗО отображение данных все филиалы.Test(Выручка по ДЗО отображение данных все филиалы:772)
	at Выручка по ДЗО отображение данных все филиалы.Tumbler(Выручка по ДЗО отображение данных все филиалы:726)
	at Выручка по ДЗО отображение данных все филиалы.Change(Выручка по ДЗО отображение данных все филиалы:760)
	at Выручка по ДЗО отображение данных все филиалы.DzoTest(Выручка по ДЗО отображение данных все филиалы:156)
	at Выручка по ДЗО отображение данных все филиалы.run(Выручка по ДЗО отображение данных все филиалы:122)
	at com.kms.katalon.core.main.ScriptEngine.run(ScriptEngine.java:194)
	at com.kms.katalon.core.main.ScriptEngine.runScriptAsRawText(ScriptEngine.java:119)
	at com.kms.katalon.core.main.TestCaseExecutor.runScript(TestCaseExecutor.java:448)
	at com.kms.katalon.core.main.TestCaseExecutor.doExecute(TestCaseExecutor.java:439)
	at com.kms.katalon.core.main.TestCaseExecutor.processExecutionPhase(TestCaseExecutor.java:418)
	at com.kms.katalon.core.main.TestCaseExecutor.accessMainPhase(TestCaseExecutor.java:410)
	at com.kms.katalon.core.main.TestCaseExecutor.execute(TestCaseExecutor.java:285)
	at com.kms.katalon.core.common.CommonExecutor.accessTestCaseMainPhase(CommonExecutor.java:65)
	at com.kms.katalon.core.main.TestSuiteExecutor.accessTestSuiteMainPhase(TestSuiteExecutor.java:150)
	at com.kms.katalon.core.main.TestSuiteExecutor.execute(TestSuiteExecutor.java:106)
	at com.kms.katalon.core.main.TestCaseMain.startTestSuite(TestCaseMain.java:180)
	at TempTestSuite1741649958618.run(TempTestSuite1741649958618.groovy:35)
	at java.base/jdk.internal.reflect.NativeMethodAccessorImpl.invoke0(Native Method)
	at java.base/jdk.internal.reflect.NativeMethodAccessorImpl.invoke(NativeMethodAccessorImpl.java:77)
	at java.base/jdk.internal.reflect.DelegatingMethodAccessorImpl.invoke(DelegatingMethodAccessorImpl.java:43)
)

11-03-2025T02:45:10 - [MESSAGE][FAILED] - Text 'нет данных' is present on page  (Root cause: com.kms.katalon.core.exception.StepFailedException: Text 'нет данных' is present on page 
	at com.kms.katalon.core.webui.keyword.internal.WebUIKeywordMain.stepFailed(WebUIKeywordMain.groovy:64)
	at com.kms.katalon.core.webui.keyword.builtin.VerifyTextNotPresentKeyword$_verifyTextNotPresent_closure1.doCall(VerifyTextNotPresentKeyword.groovy:77)
	at com.kms.katalon.core.webui.keyword.builtin.VerifyTextNotPresentKeyword$_verifyTextNotPresent_closure1.call(VerifyTextNotPresentKeyword.groovy)
	at com.kms.katalon.core.webui.keyword.internal.WebUIKeywordMain.runKeyword(WebUIKeywordMain.groovy:20)
	at com.kms.katalon.core.webui.keyword.builtin.VerifyTextNotPresentKeyword.verifyTextNotPresent(VerifyTextNotPresentKeyword.groovy:82)
	at com.kms.katalon.core.webui.keyword.builtin.VerifyTextNotPresentKeyword.execute(VerifyTextNotPresentKeyword.groovy:68)
	at com.kms.katalon.core.keyword.internal.KeywordExecutor.executeKeywordForPlatform(KeywordExecutor.groovy:74)
	at com.kms.katalon.core.webui.keyword.WebUiBuiltInKeywords.verifyTextNotPresent(WebUiBuiltInKeywords.groovy:1795)
	at Выручка по ДЗО отображение данных все филиалы.Test(Выручка по ДЗО отображение данных все филиалы:772)
	at Выручка по ДЗО отображение данных все филиалы.Tumbler(Выручка по ДЗО отображение данных все филиалы:726)
	at Выручка по ДЗО отображение данных все филиалы.Change(Выручка по ДЗО отображение данных все филиалы:760)
	at Выручка по ДЗО отображение данных все филиалы.DzoTest(Выручка по ДЗО отображение данных все филиалы:156)
	at Выручка по ДЗО отображение данных все филиалы.run(Выручка по ДЗО отображение данных все филиалы:122)
	at com.kms.katalon.core.main.ScriptEngine.run(ScriptEngine.java:194)
	at com.kms.katalon.core.main.ScriptEngine.runScriptAsRawText(ScriptEngine.java:119)
	at com.kms.katalon.core.main.TestCaseExecutor.runScript(TestCaseExecutor.java:448)
	at com.kms.katalon.core.main.TestCaseExecutor.doExecute(TestCaseExecutor.java:439)
	at com.kms.katalon.core.main.TestCaseExecutor.processExecutionPhase(TestCaseExecutor.java:418)
	at com.kms.katalon.core.main.TestCaseExecutor.accessMainPhase(TestCaseExecutor.java:410)
	at com.kms.katalon.core.main.TestCaseExecutor.execute(TestCaseExecutor.java:285)
	at com.kms.katalon.core.common.CommonExecutor.accessTestCaseMainPhase(CommonExecutor.java:65)
	at com.kms.katalon.core.main.TestSuiteExecutor.accessTestSuiteMainPhase(TestSuiteExecutor.java:150)
	at com.kms.katalon.core.main.TestSuiteExecutor.execute(TestSuiteExecutor.java:106)
	at com.kms.katalon.core.main.TestCaseMain.startTestSuite(TestCaseMain.java:180)
	at TempTestSuite1741649958618.run(TempTestSuite1741649958618.groovy:35)
	at java.base/jdk.internal.reflect.NativeMethodAccessorImpl.invoke0(Native Method)
	at java.base/jdk.internal.reflect.NativeMethodAccessorImpl.invoke(NativeMethodAccessorImpl.java:77)
	at java.base/jdk.internal.reflect.DelegatingMethodAccessorImpl.invoke(DelegatingMethodAccessorImpl.java:43)
)

11-03-2025T02:45:10 - [TEST_STEP][PASSED] - else: null

11-03-2025T02:45:10 - [TEST_STEP][PASSED] - Script1687405711779.WriteToExcel(todaysDate): null

11-03-2025T02:45:10 - [TEST_STEP][PASSED] - sheetName = "Sheet1": null

11-03-2025T02:45:10 - [TEST_STEP][PASSED] - data = findTestData("PlanFact"): null

11-03-2025T02:45:10 - [TEST_STEP][PASSED] - n = data.getRowNumbers() + 1: null

11-03-2025T02:45:10 - [TEST_STEP][PASSED] - dZO = getText(findTestObject("Выручка по ДЗО/Фильтр ДЗО")): Text of object 'Object Repository/Выручка по ДЗО/Фильтр ДЗО' is: 'ПАО Россети - Магистральные сети - Россети ФСК ЕЭС - ИА ФСК ЕЭС'

11-03-2025T02:45:11 - [MESSAGE][PASSED] - Text of object 'Object Repository/Выручка по ДЗО/Фильтр ДЗО' is: 'ПАО Россети - Магистральные сети - Россети ФСК ЕЭС - ИА ФСК ЕЭС'

11-03-2025T02:45:11 - [TEST_STEP][PASSED] - period = getText(findTestObject("Выручка по ДЗО/Фильтр Дата")): Text of object 'Object Repository/Выручка по ДЗО/Фильтр Дата' is: 'Январь 2025 года'

11-03-2025T02:45:11 - [MESSAGE][PASSED] - Text of object 'Object Repository/Выручка по ДЗО/Фильтр Дата' is: 'Январь 2025 года'

11-03-2025T02:45:11 - [TEST_STEP][PASSED] - viruchka = getText(findTestObject("Выручка по ДЗО/Фильтр Выручка")): Text of object 'Object Repository/Выручка по ДЗО/Фильтр Выручка' is: 'внутренний оборот'

11-03-2025T02:45:11 - [MESSAGE][PASSED] - Text of object 'Object Repository/Выручка по ДЗО/Фильтр Выручка' is: 'внутренний оборот'

11-03-2025T02:45:11 - [TEST_STEP][PASSED] - if (viruchka == "Выбрано: 2"): null

11-03-2025T02:45:11 - [TEST_STEP][PASSED] - if (viruchka == "Все"): null

11-03-2025T02:45:11 - [TEST_STEP][PASSED] - println(period): null

11-03-2025T02:45:11 - [TEST_STEP][PASSED] - dashboardName = "Выручка по ДЗО": null

11-03-2025T02:45:11 - [TEST_STEP][PASSED] - workbook01 = getWorkbook(excelFilePath): null

11-03-2025T02:45:11 - [TEST_STEP][PASSED] - sheet01 = getExcelSheet(workbook01, sheetName): null

11-03-2025T02:45:11 - [TEST_STEP][PASSED] - setValueToCellByIndex(sheet01, n, 0, dashboardName): null

11-03-2025T02:45:11 - [TEST_STEP][PASSED] - setValueToCellByIndex(sheet01, n, 1, dZO): null

11-03-2025T02:45:11 - [TEST_STEP][PASSED] - setValueToCellByIndex(sheet01, n, 2, period): null

11-03-2025T02:45:11 - [TEST_STEP][PASSED] - setValueToCellByIndex(sheet01, n, 3, viruchka): null

11-03-2025T02:45:11 - [TEST_STEP][PASSED] - setValueToCellByIndex(sheet01, n, 4, todaysDate): null

11-03-2025T02:45:11 - [TEST_STEP][PASSED] - n = n + 1: null

11-03-2025T02:45:11 - [TEST_STEP][PASSED] - saveWorkbook(excelFilePath, workbook01): null

11-03-2025T02:45:12 - [TEST_STEP][PASSED] - click(findTestObject("Выручка по ДЗО/Фильтр Выручка")): Object: 'Object Repository/Выручка по ДЗО/Фильтр Выручка' is clicked on

11-03-2025T02:45:12 - [MESSAGE][PASSED] - Object: 'Object Repository/Выручка по ДЗО/Фильтр Выручка' is clicked on

11-03-2025T02:45:12 - [TEST_STEP][PASSED] - click(findTestObject("Выручка по ДЗО/По передаче в фильтре Выручка")): Object: 'Object Repository/Выручка по ДЗО/По передаче в фильтре Выручка' is clicked on

11-03-2025T02:45:12 - [MESSAGE][PASSED] - Object: 'Object Repository/Выручка по ДЗО/По передаче в фильтре Выручка' is clicked on

11-03-2025T02:45:12 - [TEST_STEP][PASSED] - click(findTestObject("Выручка по ДЗО/Применить в фильтре Выручка")): Object: 'Object Repository/Выручка по ДЗО/Применить в фильтре Выручка' is clicked on

11-03-2025T02:45:13 - [MESSAGE][PASSED] - Object: 'Object Repository/Выручка по ДЗО/Применить в фильтре Выручка' is clicked on

11-03-2025T02:45:13 - [TEST_STEP][PASSED] - Script1687405711779.Test(todaysDate): null

11-03-2025T02:45:13 - [TEST_STEP][PASSED] - delay(10): Delayed 10 second(s)

11-03-2025T02:45:23 - [MESSAGE][PASSED] - Delayed 10 second(s)

11-03-2025T02:45:23 - [TEST_STEP][FAILED] - if (verifyTextNotPresent("нет данных", false) == true): Text 'нет данных' is present on page  (Root cause: com.kms.katalon.core.exception.StepFailedException: Text 'нет данных' is present on page 
	at com.kms.katalon.core.webui.keyword.internal.WebUIKeywordMain.stepFailed(WebUIKeywordMain.groovy:64)
	at com.kms.katalon.core.webui.keyword.builtin.VerifyTextNotPresentKeyword$_verifyTextNotPresent_closure1.doCall(VerifyTextNotPresentKeyword.groovy:77)
	at com.kms.katalon.core.webui.keyword.builtin.VerifyTextNotPresentKeyword$_verifyTextNotPresent_closure1.call(VerifyTextNotPresentKeyword.groovy)
	at com.kms.katalon.core.webui.keyword.internal.WebUIKeywordMain.runKeyword(WebUIKeywordMain.groovy:20)
	at com.kms.katalon.core.webui.keyword.builtin.VerifyTextNotPresentKeyword.verifyTextNotPresent(VerifyTextNotPresentKeyword.groovy:82)
	at com.kms.katalon.core.webui.keyword.builtin.VerifyTextNotPresentKeyword.execute(VerifyTextNotPresentKeyword.groovy:68)
	at com.kms.katalon.core.keyword.internal.KeywordExecutor.executeKeywordForPlatform(KeywordExecutor.groovy:74)
	at com.kms.katalon.core.webui.keyword.WebUiBuiltInKeywords.verifyTextNotPresent(WebUiBuiltInKeywords.groovy:1795)
	at Выручка по ДЗО отображение данных все филиалы.Test(Выручка по ДЗО отображение данных все филиалы:772)
	at Выручка по ДЗО отображение данных все филиалы.Tumbler(Выручка по ДЗО отображение данных все филиалы:734)
	at Выручка по ДЗО отображение данных все филиалы.Change(Выручка по ДЗО отображение данных все филиалы:760)
	at Выручка по ДЗО отображение данных все филиалы.DzoTest(Выручка по ДЗО отображение данных все филиалы:156)
	at Выручка по ДЗО отображение данных все филиалы.run(Выручка по ДЗО отображение данных все филиалы:122)
	at com.kms.katalon.core.main.ScriptEngine.run(ScriptEngine.java:194)
	at com.kms.katalon.core.main.ScriptEngine.runScriptAsRawText(ScriptEngine.java:119)
	at com.kms.katalon.core.main.TestCaseExecutor.runScript(TestCaseExecutor.java:448)
	at com.kms.katalon.core.main.TestCaseExecutor.doExecute(TestCaseExecutor.java:439)
	at com.kms.katalon.core.main.TestCaseExecutor.processExecutionPhase(TestCaseExecutor.java:418)
	at com.kms.katalon.core.main.TestCaseExecutor.accessMainPhase(TestCaseExecutor.java:410)
	at com.kms.katalon.core.main.TestCaseExecutor.execute(TestCaseExecutor.java:285)
	at com.kms.katalon.core.common.CommonExecutor.accessTestCaseMainPhase(CommonExecutor.java:65)
	at com.kms.katalon.core.main.TestSuiteExecutor.accessTestSuiteMainPhase(TestSuiteExecutor.java:150)
	at com.kms.katalon.core.main.TestSuiteExecutor.execute(TestSuiteExecutor.java:106)
	at com.kms.katalon.core.main.TestCaseMain.startTestSuite(TestCaseMain.java:180)
	at TempTestSuite1741649958618.run(TempTestSuite1741649958618.groovy:35)
	at java.base/jdk.internal.reflect.NativeMethodAccessorImpl.invoke0(Native Method)
	at java.base/jdk.internal.reflect.NativeMethodAccessorImpl.invoke(NativeMethodAccessorImpl.java:77)
	at java.base/jdk.internal.reflect.DelegatingMethodAccessorImpl.invoke(DelegatingMethodAccessorImpl.java:43)
)

11-03-2025T02:45:24 - [MESSAGE][FAILED] - Text 'нет данных' is present on page  (Root cause: com.kms.katalon.core.exception.StepFailedException: Text 'нет данных' is present on page 
	at com.kms.katalon.core.webui.keyword.internal.WebUIKeywordMain.stepFailed(WebUIKeywordMain.groovy:64)
	at com.kms.katalon.core.webui.keyword.builtin.VerifyTextNotPresentKeyword$_verifyTextNotPresent_closure1.doCall(VerifyTextNotPresentKeyword.groovy:77)
	at com.kms.katalon.core.webui.keyword.builtin.VerifyTextNotPresentKeyword$_verifyTextNotPresent_closure1.call(VerifyTextNotPresentKeyword.groovy)
	at com.kms.katalon.core.webui.keyword.internal.WebUIKeywordMain.runKeyword(WebUIKeywordMain.groovy:20)
	at com.kms.katalon.core.webui.keyword.builtin.VerifyTextNotPresentKeyword.verifyTextNotPresent(VerifyTextNotPresentKeyword.groovy:82)
	at com.kms.katalon.core.webui.keyword.builtin.VerifyTextNotPresentKeyword.execute(VerifyTextNotPresentKeyword.groovy:68)
	at com.kms.katalon.core.keyword.internal.KeywordExecutor.executeKeywordForPlatform(KeywordExecutor.groovy:74)
	at com.kms.katalon.core.webui.keyword.WebUiBuiltInKeywords.verifyTextNotPresent(WebUiBuiltInKeywords.groovy:1795)
	at Выручка по ДЗО отображение данных все филиалы.Test(Выручка по ДЗО отображение данных все филиалы:772)
	at Выручка по ДЗО отображение данных все филиалы.Tumbler(Выручка по ДЗО отображение данных все филиалы:734)
	at Выручка по ДЗО отображение данных все филиалы.Change(Выручка по ДЗО отображение данных все филиалы:760)
	at Выручка по ДЗО отображение данных все филиалы.DzoTest(Выручка по ДЗО отображение данных все филиалы:156)
	at Выручка по ДЗО отображение данных все филиалы.run(Выручка по ДЗО отображение данных все филиалы:122)
	at com.kms.katalon.core.main.ScriptEngine.run(ScriptEngine.java:194)
	at com.kms.katalon.core.main.ScriptEngine.runScriptAsRawText(ScriptEngine.java:119)
	at com.kms.katalon.core.main.TestCaseExecutor.runScript(TestCaseExecutor.java:448)
	at com.kms.katalon.core.main.TestCaseExecutor.doExecute(TestCaseExecutor.java:439)
	at com.kms.katalon.core.main.TestCaseExecutor.processExecutionPhase(TestCaseExecutor.java:418)
	at com.kms.katalon.core.main.TestCaseExecutor.accessMainPhase(TestCaseExecutor.java:410)
	at com.kms.katalon.core.main.TestCaseExecutor.execute(TestCaseExecutor.java:285)
	at com.kms.katalon.core.common.CommonExecutor.accessTestCaseMainPhase(CommonExecutor.java:65)
	at com.kms.katalon.core.main.TestSuiteExecutor.accessTestSuiteMainPhase(TestSuiteExecutor.java:150)
	at com.kms.katalon.core.main.TestSuiteExecutor.execute(TestSuiteExecutor.java:106)
	at com.kms.katalon.core.main.TestCaseMain.startTestSuite(TestCaseMain.java:180)
	at TempTestSuite1741649958618.run(TempTestSuite1741649958618.groovy:35)
	at java.base/jdk.internal.reflect.NativeMethodAccessorImpl.invoke0(Native Method)
	at java.base/jdk.internal.reflect.NativeMethodAccessorImpl.invoke(NativeMethodAccessorImpl.java:77)
	at java.base/jdk.internal.reflect.DelegatingMethodAccessorImpl.invoke(DelegatingMethodAccessorImpl.java:43)
)

11-03-2025T02:45:24 - [TEST_STEP][PASSED] - else: null

11-03-2025T02:45:24 - [TEST_STEP][PASSED] - Script1687405711779.WriteToExcel(todaysDate): null

11-03-2025T02:45:24 - [TEST_STEP][PASSED] - sheetName = "Sheet1": null

11-03-2025T02:45:24 - [TEST_STEP][PASSED] - data = findTestData("PlanFact"): null

11-03-2025T02:45:24 - [TEST_STEP][PASSED] - n = data.getRowNumbers() + 1: null

11-03-2025T02:45:24 - [TEST_STEP][PASSED] - dZO = getText(findTestObject("Выручка по ДЗО/Фильтр ДЗО")): Text of object 'Object Repository/Выручка по ДЗО/Фильтр ДЗО' is: 'ПАО Россети - Магистральные сети - Россети ФСК ЕЭС - ИА ФСК ЕЭС'

11-03-2025T02:45:24 - [MESSAGE][PASSED] - Text of object 'Object Repository/Выручка по ДЗО/Фильтр ДЗО' is: 'ПАО Россети - Магистральные сети - Россети ФСК ЕЭС - ИА ФСК ЕЭС'

11-03-2025T02:45:24 - [TEST_STEP][PASSED] - period = getText(findTestObject("Выручка по ДЗО/Фильтр Дата")): Text of object 'Object Repository/Выручка по ДЗО/Фильтр Дата' is: 'Январь 2025 года'

11-03-2025T02:45:24 - [MESSAGE][PASSED] - Text of object 'Object Repository/Выручка по ДЗО/Фильтр Дата' is: 'Январь 2025 года'

11-03-2025T02:45:24 - [TEST_STEP][PASSED] - viruchka = getText(findTestObject("Выручка по ДЗО/Фильтр Выручка")): Text of object 'Object Repository/Выручка по ДЗО/Фильтр Выручка' is: 'внутренний оборот, по передаче'

11-03-2025T02:45:24 - [MESSAGE][PASSED] - Text of object 'Object Repository/Выручка по ДЗО/Фильтр Выручка' is: 'внутренний оборот, по передаче'

11-03-2025T02:45:24 - [TEST_STEP][PASSED] - if (viruchka == "Выбрано: 2"): null

11-03-2025T02:45:25 - [TEST_STEP][PASSED] - if (viruchka == "Все"): null

11-03-2025T02:45:25 - [TEST_STEP][PASSED] - println(period): null

11-03-2025T02:45:25 - [TEST_STEP][PASSED] - dashboardName = "Выручка по ДЗО": null

11-03-2025T02:45:25 - [TEST_STEP][PASSED] - workbook01 = getWorkbook(excelFilePath): null

11-03-2025T02:45:25 - [TEST_STEP][PASSED] - sheet01 = getExcelSheet(workbook01, sheetName): null

11-03-2025T02:45:25 - [TEST_STEP][PASSED] - setValueToCellByIndex(sheet01, n, 0, dashboardName): null

11-03-2025T02:45:25 - [TEST_STEP][PASSED] - setValueToCellByIndex(sheet01, n, 1, dZO): null

11-03-2025T02:45:25 - [TEST_STEP][PASSED] - setValueToCellByIndex(sheet01, n, 2, period): null

11-03-2025T02:45:25 - [TEST_STEP][PASSED] - setValueToCellByIndex(sheet01, n, 3, viruchka): null

11-03-2025T02:45:25 - [TEST_STEP][PASSED] - setValueToCellByIndex(sheet01, n, 4, todaysDate): null

11-03-2025T02:45:25 - [TEST_STEP][PASSED] - n = n + 1: null

11-03-2025T02:45:25 - [TEST_STEP][PASSED] - saveWorkbook(excelFilePath, workbook01): null

11-03-2025T02:45:25 - [TEST_STEP][PASSED] - click(findTestObject("Выручка по ДЗО/Фильтр Выручка")): Object: 'Object Repository/Выручка по ДЗО/Фильтр Выручка' is clicked on

11-03-2025T02:45:25 - [MESSAGE][PASSED] - Object: 'Object Repository/Выручка по ДЗО/Фильтр Выручка' is clicked on

11-03-2025T02:45:25 - [TEST_STEP][PASSED] - click(findTestObject("Выручка по ДЗО/Снять выделение в фильтре Выручка")): Object: 'Object Repository/Выручка по ДЗО/Снять выделение в фильтре Выручка' is clicked on

11-03-2025T02:45:26 - [MESSAGE][PASSED] - Object: 'Object Repository/Выручка по ДЗО/Снять выделение в фильтре Выручка' is clicked on

11-03-2025T02:45:26 - [TEST_STEP][PASSED] - click(findTestObject("Выручка по ДЗО/По передаче в фильтре Выручка")): Object: 'Object Repository/Выручка по ДЗО/По передаче в фильтре Выручка' is clicked on

11-03-2025T02:45:26 - [MESSAGE][PASSED] - Object: 'Object Repository/Выручка по ДЗО/По передаче в фильтре Выручка' is clicked on

11-03-2025T02:45:26 - [TEST_STEP][PASSED] - click(findTestObject("Выручка по ДЗО/Применить в фильтре Выручка")): Object: 'Object Repository/Выручка по ДЗО/Применить в фильтре Выручка' is clicked on

11-03-2025T02:45:27 - [MESSAGE][PASSED] - Object: 'Object Repository/Выручка по ДЗО/Применить в фильтре Выручка' is clicked on

11-03-2025T02:45:27 - [TEST_STEP][PASSED] - Script1687405711779.Test(todaysDate): null

11-03-2025T02:45:27 - [TEST_STEP][PASSED] - delay(10): Delayed 10 second(s)

11-03-2025T02:45:37 - [MESSAGE][PASSED] - Delayed 10 second(s)

11-03-2025T02:45:37 - [TEST_STEP][FAILED] - if (verifyTextNotPresent("нет данных", false) == true): Text 'нет данных' is present on page  (Root cause: com.kms.katalon.core.exception.StepFailedException: Text 'нет данных' is present on page 
	at com.kms.katalon.core.webui.keyword.internal.WebUIKeywordMain.stepFailed(WebUIKeywordMain.groovy:64)
	at com.kms.katalon.core.webui.keyword.builtin.VerifyTextNotPresentKeyword$_verifyTextNotPresent_closure1.doCall(VerifyTextNotPresentKeyword.groovy:77)
	at com.kms.katalon.core.webui.keyword.builtin.VerifyTextNotPresentKeyword$_verifyTextNotPresent_closure1.call(VerifyTextNotPresentKeyword.groovy)
	at com.kms.katalon.core.webui.keyword.internal.WebUIKeywordMain.runKeyword(WebUIKeywordMain.groovy:20)
	at com.kms.katalon.core.webui.keyword.builtin.VerifyTextNotPresentKeyword.verifyTextNotPresent(VerifyTextNotPresentKeyword.groovy:82)
	at com.kms.katalon.core.webui.keyword.builtin.VerifyTextNotPresentKeyword.execute(VerifyTextNotPresentKeyword.groovy:68)
	at com.kms.katalon.core.keyword.internal.KeywordExecutor.executeKeywordForPlatform(KeywordExecutor.groovy:74)
	at com.kms.katalon.core.webui.keyword.WebUiBuiltInKeywords.verifyTextNotPresent(WebUiBuiltInKeywords.groovy:1795)
	at Выручка по ДЗО отображение данных все филиалы.Test(Выручка по ДЗО отображение данных все филиалы:772)
	at Выручка по ДЗО отображение данных все филиалы.Tumbler(Выручка по ДЗО отображение данных все филиалы:744)
	at Выручка по ДЗО отображение данных все филиалы.Change(Выручка по ДЗО отображение данных все филиалы:760)
	at Выручка по ДЗО отображение данных все филиалы.DzoTest(Выручка по ДЗО отображение данных все филиалы:156)
	at Выручка по ДЗО отображение данных все филиалы.run(Выручка по ДЗО отображение данных все филиалы:122)
	at com.kms.katalon.core.main.ScriptEngine.run(ScriptEngine.java:194)
	at com.kms.katalon.core.main.ScriptEngine.runScriptAsRawText(ScriptEngine.java:119)
	at com.kms.katalon.core.main.TestCaseExecutor.runScript(TestCaseExecutor.java:448)
	at com.kms.katalon.core.main.TestCaseExecutor.doExecute(TestCaseExecutor.java:439)
	at com.kms.katalon.core.main.TestCaseExecutor.processExecutionPhase(TestCaseExecutor.java:418)
	at com.kms.katalon.core.main.TestCaseExecutor.accessMainPhase(TestCaseExecutor.java:410)
	at com.kms.katalon.core.main.TestCaseExecutor.execute(TestCaseExecutor.java:285)
	at com.kms.katalon.core.common.CommonExecutor.accessTestCaseMainPhase(CommonExecutor.java:65)
	at com.kms.katalon.core.main.TestSuiteExecutor.accessTestSuiteMainPhase(TestSuiteExecutor.java:150)
	at com.kms.katalon.core.main.TestSuiteExecutor.execute(TestSuiteExecutor.java:106)
	at com.kms.katalon.core.main.TestCaseMain.startTestSuite(TestCaseMain.java:180)
	at TempTestSuite1741649958618.run(TempTestSuite1741649958618.groovy:35)
	at java.base/jdk.internal.reflect.NativeMethodAccessorImpl.invoke0(Native Method)
	at java.base/jdk.internal.reflect.NativeMethodAccessorImpl.invoke(NativeMethodAccessorImpl.java:77)
	at java.base/jdk.internal.reflect.DelegatingMethodAccessorImpl.invoke(DelegatingMethodAccessorImpl.java:43)
)

11-03-2025T02:45:37 - [MESSAGE][FAILED] - Text 'нет данных' is present on page  (Root cause: com.kms.katalon.core.exception.StepFailedException: Text 'нет данных' is present on page 
	at com.kms.katalon.core.webui.keyword.internal.WebUIKeywordMain.stepFailed(WebUIKeywordMain.groovy:64)
	at com.kms.katalon.core.webui.keyword.builtin.VerifyTextNotPresentKeyword$_verifyTextNotPresent_closure1.doCall(VerifyTextNotPresentKeyword.groovy:77)
	at com.kms.katalon.core.webui.keyword.builtin.VerifyTextNotPresentKeyword$_verifyTextNotPresent_closure1.call(VerifyTextNotPresentKeyword.groovy)
	at com.kms.katalon.core.webui.keyword.internal.WebUIKeywordMain.runKeyword(WebUIKeywordMain.groovy:20)
	at com.kms.katalon.core.webui.keyword.builtin.VerifyTextNotPresentKeyword.verifyTextNotPresent(VerifyTextNotPresentKeyword.groovy:82)
	at com.kms.katalon.core.webui.keyword.builtin.VerifyTextNotPresentKeyword.execute(VerifyTextNotPresentKeyword.groovy:68)
	at com.kms.katalon.core.keyword.internal.KeywordExecutor.executeKeywordForPlatform(KeywordExecutor.groovy:74)
	at com.kms.katalon.core.webui.keyword.WebUiBuiltInKeywords.verifyTextNotPresent(WebUiBuiltInKeywords.groovy:1795)
	at Выручка по ДЗО отображение данных все филиалы.Test(Выручка по ДЗО отображение данных все филиалы:772)
	at Выручка по ДЗО отображение данных все филиалы.Tumbler(Выручка по ДЗО отображение данных все филиалы:744)
	at Выручка по ДЗО отображение данных все филиалы.Change(Выручка по ДЗО отображение данных все филиалы:760)
	at Выручка по ДЗО отображение данных все филиалы.DzoTest(Выручка по ДЗО отображение данных все филиалы:156)
	at Выручка по ДЗО отображение данных все филиалы.run(Выручка по ДЗО отображение данных все филиалы:122)
	at com.kms.katalon.core.main.ScriptEngine.run(ScriptEngine.java:194)
	at com.kms.katalon.core.main.ScriptEngine.runScriptAsRawText(ScriptEngine.java:119)
	at com.kms.katalon.core.main.TestCaseExecutor.runScript(TestCaseExecutor.java:448)
	at com.kms.katalon.core.main.TestCaseExecutor.doExecute(TestCaseExecutor.java:439)
	at com.kms.katalon.core.main.TestCaseExecutor.processExecutionPhase(TestCaseExecutor.java:418)
	at com.kms.katalon.core.main.TestCaseExecutor.accessMainPhase(TestCaseExecutor.java:410)
	at com.kms.katalon.core.main.TestCaseExecutor.execute(TestCaseExecutor.java:285)
	at com.kms.katalon.core.common.CommonExecutor.accessTestCaseMainPhase(CommonExecutor.java:65)
	at com.kms.katalon.core.main.TestSuiteExecutor.accessTestSuiteMainPhase(TestSuiteExecutor.java:150)
	at com.kms.katalon.core.main.TestSuiteExecutor.execute(TestSuiteExecutor.java:106)
	at com.kms.katalon.core.main.TestCaseMain.startTestSuite(TestCaseMain.java:180)
	at TempTestSuite1741649958618.run(TempTestSuite1741649958618.groovy:35)
	at java.base/jdk.internal.reflect.NativeMethodAccessorImpl.invoke0(Native Method)
	at java.base/jdk.internal.reflect.NativeMethodAccessorImpl.invoke(NativeMethodAccessorImpl.java:77)
	at java.base/jdk.internal.reflect.DelegatingMethodAccessorImpl.invoke(DelegatingMethodAccessorImpl.java:43)
)

11-03-2025T02:45:37 - [TEST_STEP][PASSED] - else: null

11-03-2025T02:45:37 - [TEST_STEP][PASSED] - Script1687405711779.WriteToExcel(todaysDate): null

11-03-2025T02:45:37 - [TEST_STEP][PASSED] - sheetName = "Sheet1": null

11-03-2025T02:45:37 - [TEST_STEP][PASSED] - data = findTestData("PlanFact"): null

11-03-2025T02:45:37 - [TEST_STEP][PASSED] - n = data.getRowNumbers() + 1: null

11-03-2025T02:45:37 - [TEST_STEP][PASSED] - dZO = getText(findTestObject("Выручка по ДЗО/Фильтр ДЗО")): Text of object 'Object Repository/Выручка по ДЗО/Фильтр ДЗО' is: 'ПАО Россети - Магистральные сети - Россети ФСК ЕЭС - ИА ФСК ЕЭС'

11-03-2025T02:45:37 - [MESSAGE][PASSED] - Text of object 'Object Repository/Выручка по ДЗО/Фильтр ДЗО' is: 'ПАО Россети - Магистральные сети - Россети ФСК ЕЭС - ИА ФСК ЕЭС'

11-03-2025T02:45:37 - [TEST_STEP][PASSED] - period = getText(findTestObject("Выручка по ДЗО/Фильтр Дата")): Text of object 'Object Repository/Выручка по ДЗО/Фильтр Дата' is: 'Январь 2025 года'

11-03-2025T02:45:38 - [MESSAGE][PASSED] - Text of object 'Object Repository/Выручка по ДЗО/Фильтр Дата' is: 'Январь 2025 года'

11-03-2025T02:45:38 - [TEST_STEP][PASSED] - viruchka = getText(findTestObject("Выручка по ДЗО/Фильтр Выручка")): Text of object 'Object Repository/Выручка по ДЗО/Фильтр Выручка' is: 'по передаче'

11-03-2025T02:45:38 - [MESSAGE][PASSED] - Text of object 'Object Repository/Выручка по ДЗО/Фильтр Выручка' is: 'по передаче'

11-03-2025T02:45:38 - [TEST_STEP][PASSED] - if (viruchka == "Выбрано: 2"): null

11-03-2025T02:45:38 - [TEST_STEP][PASSED] - if (viruchka == "Все"): null

11-03-2025T02:45:38 - [TEST_STEP][PASSED] - println(period): null

11-03-2025T02:45:38 - [TEST_STEP][PASSED] - dashboardName = "Выручка по ДЗО": null

11-03-2025T02:45:38 - [TEST_STEP][PASSED] - workbook01 = getWorkbook(excelFilePath): null

11-03-2025T02:45:38 - [TEST_STEP][PASSED] - sheet01 = getExcelSheet(workbook01, sheetName): null

11-03-2025T02:45:38 - [TEST_STEP][PASSED] - setValueToCellByIndex(sheet01, n, 0, dashboardName): null

11-03-2025T02:45:38 - [TEST_STEP][PASSED] - setValueToCellByIndex(sheet01, n, 1, dZO): null

11-03-2025T02:45:38 - [TEST_STEP][PASSED] - setValueToCellByIndex(sheet01, n, 2, period): null

11-03-2025T02:45:38 - [TEST_STEP][PASSED] - setValueToCellByIndex(sheet01, n, 3, viruchka): null

11-03-2025T02:45:38 - [TEST_STEP][PASSED] - setValueToCellByIndex(sheet01, n, 4, todaysDate): null

11-03-2025T02:45:38 - [TEST_STEP][PASSED] - n = n + 1: null

11-03-2025T02:45:38 - [TEST_STEP][PASSED] - saveWorkbook(excelFilePath, workbook01): null

11-03-2025T02:45:38 - [TEST_STEP][PASSED] - click(findTestObject("Выручка по ДЗО/Фильтр Выручка")): Object: 'Object Repository/Выручка по ДЗО/Фильтр Выручка' is clicked on

11-03-2025T02:45:39 - [MESSAGE][PASSED] - Object: 'Object Repository/Выручка по ДЗО/Фильтр Выручка' is clicked on

11-03-2025T02:45:39 - [TEST_STEP][PASSED] - click(findTestObject("Выручка по ДЗО/Снять выделение в фильтре Выручка")): Object: 'Object Repository/Выручка по ДЗО/Снять выделение в фильтре Выручка' is clicked on

11-03-2025T02:45:39 - [MESSAGE][PASSED] - Object: 'Object Repository/Выручка по ДЗО/Снять выделение в фильтре Выручка' is clicked on

11-03-2025T02:45:39 - [TEST_STEP][PASSED] - click(findTestObject("Выручка по ДЗО/Применить в фильтре Выручка")): Object: 'Object Repository/Выручка по ДЗО/Применить в фильтре Выручка' is clicked on

11-03-2025T02:45:40 - [MESSAGE][PASSED] - Object: 'Object Repository/Выручка по ДЗО/Применить в фильтре Выручка' is clicked on

11-03-2025T02:45:40 - [TEST_STEP][PASSED] - click(findTestObject("Выручка по ДЗО/Фильтр ДЗО")): Object: 'Object Repository/Выручка по ДЗО/Фильтр ДЗО' is clicked on

11-03-2025T02:45:41 - [MESSAGE][PASSED] - Object: 'Object Repository/Выручка по ДЗО/Фильтр ДЗО' is clicked on

11-03-2025T02:45:41 - [TEST_STEP][PASSED] - click(findTestObject("Выручка по ДЗО/Снять выделение в фильтре ДЗО")): Object: 'Object Repository/Выручка по ДЗО/Снять выделение в фильтре ДЗО' is clicked on

11-03-2025T02:45:42 - [MESSAGE][PASSED] - Object: 'Object Repository/Выручка по ДЗО/Снять выделение в фильтре ДЗО' is clicked on

11-03-2025T02:45:42 - [TEST_STEP][PASSED] - click(findTestObject("Выручка по ДЗО/РаспредКомплекс Выручка по ДЗО")): Object: 'Object Repository/Выручка по ДЗО/РаспредКомплекс Выручка по ДЗО' is clicked on

11-03-2025T02:45:42 - [MESSAGE][PASSED] - Object: 'Object Repository/Выручка по ДЗО/РаспредКомплекс Выручка по ДЗО' is clicked on

11-03-2025T02:45:42 - [TEST_STEP][PASSED] - Script1687405711779.Change(todaysDate): null

11-03-2025T02:45:42 - [TEST_STEP][PASSED] - scrollToElement(findTestObject("Выручка по ДЗО/Заголовок дашборда"), 30): Scroll to object 'Object Repository/Выручка по ДЗО/Заголовок дашборда' successfully

11-03-2025T02:45:42 - [MESSAGE][PASSED] - Scroll to object 'Object Repository/Выручка по ДЗО/Заголовок дашборда' successfully

11-03-2025T02:45:42 - [TEST_STEP][PASSED] - click(findTestObject("Выручка по ДЗО/Применить в фильтре ДЗО")): Object: 'Object Repository/Выручка по ДЗО/Применить в фильтре ДЗО' is clicked on

11-03-2025T02:45:43 - [MESSAGE][PASSED] - Object: 'Object Repository/Выручка по ДЗО/Применить в фильтре ДЗО' is clicked on

11-03-2025T02:45:43 - [TEST_STEP][PASSED] - Script1687405711779.Tumbler(todaysDate): null

11-03-2025T02:45:43 - [TEST_STEP][PASSED] - Script1687405711779.Test(todaysDate): null

11-03-2025T02:45:43 - [TEST_STEP][PASSED] - delay(10): Delayed 10 second(s)

11-03-2025T02:45:53 - [MESSAGE][PASSED] - Delayed 10 second(s)

11-03-2025T02:45:53 - [TEST_STEP][PASSED] - if (verifyTextNotPresent("нет данных", false) == true): null

11-03-2025T02:45:54 - [MESSAGE][PASSED] - Text 'нет данных' is not present on page

11-03-2025T02:45:54 - [TEST_STEP][PASSED] - if (verifyTextNotPresent("Ошибка запроса данных", false) == true): null

11-03-2025T02:45:54 - [MESSAGE][PASSED] - Text 'Ошибка запроса данных' is not present on page

11-03-2025T02:45:54 - [TEST_STEP][PASSED] - if (verifyTextNotPresent("Произошла ошибка при выполнении пользовательского кода", false) == true): null

11-03-2025T02:45:55 - [MESSAGE][PASSED] - Text 'Произошла ошибка при выполнении пользовательского кода' is not present on page

11-03-2025T02:45:55 - [TEST_STEP][PASSED] - if (verifyTextNotPresent("У виджета нет данных", false) == true): null

11-03-2025T02:45:55 - [MESSAGE][PASSED] - Text 'У виджета нет данных' is not present on page

11-03-2025T02:45:55 - [TEST_STEP][PASSED] - if (verifyTextNotPresent("У виджета нет данных", false) == true): Text 'У виджета нет данных' is not present on page

11-03-2025T02:45:56 - [MESSAGE][PASSED] - Text 'У виджета нет данных' is not present on page

11-03-2025T02:45:56 - [TEST_STEP][PASSED] - click(findTestObject("Выручка по ДЗО/Фильтр Выручка")): Object: 'Object Repository/Выручка по ДЗО/Фильтр Выручка' is clicked on

11-03-2025T02:45:56 - [MESSAGE][PASSED] - Object: 'Object Repository/Выручка по ДЗО/Фильтр Выручка' is clicked on

11-03-2025T02:45:56 - [TEST_STEP][PASSED] - click(findTestObject("Выручка по ДЗО/Внутренний оборот в фильтре Выручка")): Object: 'Object Repository/Выручка по ДЗО/Внутренний оборот в фильтре Выручка' is clicked on

11-03-2025T02:45:57 - [MESSAGE][PASSED] - Object: 'Object Repository/Выручка по ДЗО/Внутренний оборот в фильтре Выручка' is clicked on

11-03-2025T02:45:57 - [TEST_STEP][PASSED] - click(findTestObject("Выручка по ДЗО/Применить в фильтре Выручка")): Object: 'Object Repository/Выручка по ДЗО/Применить в фильтре Выручка' is clicked on

11-03-2025T02:45:57 - [MESSAGE][PASSED] - Object: 'Object Repository/Выручка по ДЗО/Применить в фильтре Выручка' is clicked on

11-03-2025T02:45:57 - [TEST_STEP][PASSED] - Script1687405711779.Test(todaysDate): null

11-03-2025T02:45:57 - [TEST_STEP][PASSED] - delay(10): Delayed 10 second(s)

11-03-2025T02:46:07 - [MESSAGE][PASSED] - Delayed 10 second(s)

11-03-2025T02:46:07 - [TEST_STEP][PASSED] - if (verifyTextNotPresent("нет данных", false) == true): null

11-03-2025T02:46:08 - [MESSAGE][PASSED] - Text 'нет данных' is not present on page

11-03-2025T02:46:08 - [TEST_STEP][PASSED] - if (verifyTextNotPresent("Ошибка запроса данных", false) == true): null

11-03-2025T02:46:09 - [MESSAGE][PASSED] - Text 'Ошибка запроса данных' is not present on page

11-03-2025T02:46:09 - [TEST_STEP][PASSED] - if (verifyTextNotPresent("Произошла ошибка при выполнении пользовательского кода", false) == true): null

11-03-2025T02:46:09 - [MESSAGE][PASSED] - Text 'Произошла ошибка при выполнении пользовательского кода' is not present on page

11-03-2025T02:46:09 - [TEST_STEP][PASSED] - if (verifyTextNotPresent("У виджета нет данных", false) == true): null

11-03-2025T02:46:10 - [MESSAGE][PASSED] - Text 'У виджета нет данных' is not present on page

11-03-2025T02:46:10 - [TEST_STEP][PASSED] - if (verifyTextNotPresent("У виджета нет данных", false) == true): Text 'У виджета нет данных' is not present on page

11-03-2025T02:46:10 - [MESSAGE][PASSED] - Text 'У виджета нет данных' is not present on page

11-03-2025T02:46:10 - [TEST_STEP][PASSED] - click(findTestObject("Выручка по ДЗО/Фильтр Выручка")): Object: 'Object Repository/Выручка по ДЗО/Фильтр Выручка' is clicked on

11-03-2025T02:46:11 - [MESSAGE][PASSED] - Object: 'Object Repository/Выручка по ДЗО/Фильтр Выручка' is clicked on

11-03-2025T02:46:11 - [TEST_STEP][PASSED] - click(findTestObject("Выручка по ДЗО/По передаче в фильтре Выручка")): Object: 'Object Repository/Выручка по ДЗО/По передаче в фильтре Выручка' is clicked on

11-03-2025T02:46:11 - [MESSAGE][PASSED] - Object: 'Object Repository/Выручка по ДЗО/По передаче в фильтре Выручка' is clicked on

11-03-2025T02:46:11 - [TEST_STEP][PASSED] - click(findTestObject("Выручка по ДЗО/Применить в фильтре Выручка")): Object: 'Object Repository/Выручка по ДЗО/Применить в фильтре Выручка' is clicked on

11-03-2025T02:46:12 - [MESSAGE][PASSED] - Object: 'Object Repository/Выручка по ДЗО/Применить в фильтре Выручка' is clicked on

11-03-2025T02:46:12 - [TEST_STEP][PASSED] - Script1687405711779.Test(todaysDate): null

11-03-2025T02:46:12 - [TEST_STEP][PASSED] - delay(10): Delayed 10 second(s)

11-03-2025T02:46:22 - [MESSAGE][PASSED] - Delayed 10 second(s)

11-03-2025T02:46:22 - [TEST_STEP][PASSED] - if (verifyTextNotPresent("нет данных", false) == true): null

11-03-2025T02:46:22 - [MESSAGE][PASSED] - Text 'нет данных' is not present on page

11-03-2025T02:46:22 - [TEST_STEP][PASSED] - if (verifyTextNotPresent("Ошибка запроса данных", false) == true): null

11-03-2025T02:46:23 - [MESSAGE][PASSED] - Text 'Ошибка запроса данных' is not present on page

11-03-2025T02:46:23 - [TEST_STEP][PASSED] - if (verifyTextNotPresent("Произошла ошибка при выполнении пользовательского кода", false) == true): null

11-03-2025T02:46:24 - [MESSAGE][PASSED] - Text 'Произошла ошибка при выполнении пользовательского кода' is not present on page

11-03-2025T02:46:24 - [TEST_STEP][PASSED] - if (verifyTextNotPresent("У виджета нет данных", false) == true): null

11-03-2025T02:46:24 - [MESSAGE][PASSED] - Text 'У виджета нет данных' is not present on page

11-03-2025T02:46:24 - [TEST_STEP][PASSED] - if (verifyTextNotPresent("У виджета нет данных", false) == true): Text 'У виджета нет данных' is not present on page

11-03-2025T02:46:25 - [MESSAGE][PASSED] - Text 'У виджета нет данных' is not present on page

11-03-2025T02:46:25 - [TEST_STEP][PASSED] - click(findTestObject("Выручка по ДЗО/Фильтр Выручка")): Object: 'Object Repository/Выручка по ДЗО/Фильтр Выручка' is clicked on

11-03-2025T02:46:25 - [MESSAGE][PASSED] - Object: 'Object Repository/Выручка по ДЗО/Фильтр Выручка' is clicked on

11-03-2025T02:46:25 - [TEST_STEP][PASSED] - click(findTestObject("Выручка по ДЗО/Снять выделение в фильтре Выручка")): Object: 'Object Repository/Выручка по ДЗО/Снять выделение в фильтре Выручка' is clicked on

11-03-2025T02:46:26 - [MESSAGE][PASSED] - Object: 'Object Repository/Выручка по ДЗО/Снять выделение в фильтре Выручка' is clicked on

11-03-2025T02:46:26 - [TEST_STEP][PASSED] - click(findTestObject("Выручка по ДЗО/По передаче в фильтре Выручка")): Object: 'Object Repository/Выручка по ДЗО/По передаче в фильтре Выручка' is clicked on

11-03-2025T02:46:26 - [MESSAGE][PASSED] - Object: 'Object Repository/Выручка по ДЗО/По передаче в фильтре Выручка' is clicked on

11-03-2025T02:46:26 - [TEST_STEP][PASSED] - click(findTestObject("Выручка по ДЗО/Применить в фильтре Выручка")): Object: 'Object Repository/Выручка по ДЗО/Применить в фильтре Выручка' is clicked on

11-03-2025T02:46:27 - [MESSAGE][PASSED] - Object: 'Object Repository/Выручка по ДЗО/Применить в фильтре Выручка' is clicked on

11-03-2025T02:46:27 - [TEST_STEP][PASSED] - Script1687405711779.Test(todaysDate): null

11-03-2025T02:46:27 - [TEST_STEP][PASSED] - delay(10): Delayed 10 second(s)

11-03-2025T02:46:37 - [MESSAGE][PASSED] - Delayed 10 second(s)

11-03-2025T02:46:37 - [TEST_STEP][PASSED] - if (verifyTextNotPresent("нет данных", false) == true): null

11-03-2025T02:46:37 - [MESSAGE][PASSED] - Text 'нет данных' is not present on page

11-03-2025T02:46:37 - [TEST_STEP][PASSED] - if (verifyTextNotPresent("Ошибка запроса данных", false) == true): null

11-03-2025T02:46:38 - [MESSAGE][PASSED] - Text 'Ошибка запроса данных' is not present on page

11-03-2025T02:46:38 - [TEST_STEP][PASSED] - if (verifyTextNotPresent("Произошла ошибка при выполнении пользовательского кода", false) == true): null

11-03-2025T02:46:38 - [MESSAGE][PASSED] - Text 'Произошла ошибка при выполнении пользовательского кода' is not present on page

11-03-2025T02:46:38 - [TEST_STEP][PASSED] - if (verifyTextNotPresent("У виджета нет данных", false) == true): null

11-03-2025T02:46:39 - [MESSAGE][PASSED] - Text 'У виджета нет данных' is not present on page

11-03-2025T02:46:39 - [TEST_STEP][PASSED] - if (verifyTextNotPresent("У виджета нет данных", false) == true): Text 'У виджета нет данных' is not present on page

11-03-2025T02:46:40 - [MESSAGE][PASSED] - Text 'У виджета нет данных' is not present on page

11-03-2025T02:46:40 - [TEST_STEP][PASSED] - click(findTestObject("Выручка по ДЗО/Фильтр Выручка")): Object: 'Object Repository/Выручка по ДЗО/Фильтр Выручка' is clicked on

11-03-2025T02:46:40 - [MESSAGE][PASSED] - Object: 'Object Repository/Выручка по ДЗО/Фильтр Выручка' is clicked on

11-03-2025T02:46:40 - [TEST_STEP][PASSED] - click(findTestObject("Выручка по ДЗО/Снять выделение в фильтре Выручка")): Object: 'Object Repository/Выручка по ДЗО/Снять выделение в фильтре Выручка' is clicked on

11-03-2025T02:46:40 - [MESSAGE][PASSED] - Object: 'Object Repository/Выручка по ДЗО/Снять выделение в фильтре Выручка' is clicked on

11-03-2025T02:46:40 - [TEST_STEP][PASSED] - click(findTestObject("Выручка по ДЗО/Применить в фильтре Выручка")): Object: 'Object Repository/Выручка по ДЗО/Применить в фильтре Выручка' is clicked on

11-03-2025T02:46:41 - [MESSAGE][PASSED] - Object: 'Object Repository/Выручка по ДЗО/Применить в фильтре Выручка' is clicked on

11-03-2025T02:46:41 - [TEST_STEP][PASSED] - click(findTestObject("Выручка по ДЗО/Фильтр ДЗО")): Object: 'Object Repository/Выручка по ДЗО/Фильтр ДЗО' is clicked on

11-03-2025T02:46:42 - [MESSAGE][PASSED] - Object: 'Object Repository/Выручка по ДЗО/Фильтр ДЗО' is clicked on

11-03-2025T02:46:42 - [TEST_STEP][PASSED] - click(findTestObject("Выручка по ДЗО/Снять выделение в фильтре ДЗО")): Object: 'Object Repository/Выручка по ДЗО/Снять выделение в фильтре ДЗО' is clicked on

11-03-2025T02:46:43 - [MESSAGE][PASSED] - Object: 'Object Repository/Выручка по ДЗО/Снять выделение в фильтре ДЗО' is clicked on

11-03-2025T02:46:43 - [TEST_STEP][PASSED] - click(findTestObject("Общие объекты/Раскрыть список РаспредКомплекс")): Object: 'Object Repository/Общие объекты/Раскрыть список РаспредКомплекс' is clicked on

11-03-2025T02:46:43 - [MESSAGE][PASSED] - Object: 'Object Repository/Общие объекты/Раскрыть список РаспредКомплекс' is clicked on

11-03-2025T02:46:43 - [TEST_STEP][PASSED] - scrollToElement(findTestObject("Выручка по ДЗО/Россети Волга Выручка по ДЗО"), 30): Scroll to object 'Object Repository/Выручка по ДЗО/Россети Волга Выручка по ДЗО' successfully

11-03-2025T02:46:43 - [MESSAGE][PASSED] - Scroll to object 'Object Repository/Выручка по ДЗО/Россети Волга Выручка по ДЗО' successfully

11-03-2025T02:46:43 - [TEST_STEP][PASSED] - click(findTestObject("Выручка по ДЗО/Россети Волга Выручка по ДЗО")): Object: 'Object Repository/Выручка по ДЗО/Россети Волга Выручка по ДЗО' is clicked on

11-03-2025T02:46:43 - [MESSAGE][PASSED] - Object: 'Object Repository/Выручка по ДЗО/Россети Волга Выручка по ДЗО' is clicked on

11-03-2025T02:46:43 - [TEST_STEP][PASSED] - Script1687405711779.Change(todaysDate): null

11-03-2025T02:46:43 - [TEST_STEP][PASSED] - scrollToElement(findTestObject("Выручка по ДЗО/Заголовок дашборда"), 30): Scroll to object 'Object Repository/Выручка по ДЗО/Заголовок дашборда' successfully

11-03-2025T02:46:44 - [MESSAGE][PASSED] - Scroll to object 'Object Repository/Выручка по ДЗО/Заголовок дашборда' successfully

11-03-2025T02:46:44 - [TEST_STEP][PASSED] - click(findTestObject("Выручка по ДЗО/Применить в фильтре ДЗО")): Object: 'Object Repository/Выручка по ДЗО/Применить в фильтре ДЗО' is clicked on

11-03-2025T02:46:44 - [MESSAGE][PASSED] - Object: 'Object Repository/Выручка по ДЗО/Применить в фильтре ДЗО' is clicked on

11-03-2025T02:46:44 - [TEST_STEP][PASSED] - Script1687405711779.Tumbler(todaysDate): null

11-03-2025T02:46:44 - [TEST_STEP][PASSED] - Script1687405711779.Test(todaysDate): null

11-03-2025T02:46:44 - [TEST_STEP][PASSED] - delay(10): Delayed 10 second(s)

11-03-2025T02:46:54 - [MESSAGE][PASSED] - Delayed 10 second(s)

11-03-2025T02:46:54 - [TEST_STEP][PASSED] - if (verifyTextNotPresent("нет данных", false) == true): null

11-03-2025T02:46:55 - [MESSAGE][PASSED] - Text 'нет данных' is not present on page

11-03-2025T02:46:55 - [TEST_STEP][PASSED] - if (verifyTextNotPresent("Ошибка запроса данных", false) == true): null

11-03-2025T02:46:55 - [MESSAGE][PASSED] - Text 'Ошибка запроса данных' is not present on page

11-03-2025T02:46:55 - [TEST_STEP][PASSED] - if (verifyTextNotPresent("Произошла ошибка при выполнении пользовательского кода", false) == true): null

11-03-2025T02:46:56 - [MESSAGE][PASSED] - Text 'Произошла ошибка при выполнении пользовательского кода' is not present on page

11-03-2025T02:46:56 - [TEST_STEP][PASSED] - if (verifyTextNotPresent("У виджета нет данных", false) == true): null

11-03-2025T02:46:56 - [MESSAGE][PASSED] - Text 'У виджета нет данных' is not present on page

11-03-2025T02:46:56 - [TEST_STEP][PASSED] - if (verifyTextNotPresent("У виджета нет данных", false) == true): Text 'У виджета нет данных' is not present on page

11-03-2025T02:46:57 - [MESSAGE][PASSED] - Text 'У виджета нет данных' is not present on page

11-03-2025T02:46:57 - [TEST_STEP][PASSED] - click(findTestObject("Выручка по ДЗО/Фильтр Выручка")): Object: 'Object Repository/Выручка по ДЗО/Фильтр Выручка' is clicked on

11-03-2025T02:46:57 - [MESSAGE][PASSED] - Object: 'Object Repository/Выручка по ДЗО/Фильтр Выручка' is clicked on

11-03-2025T02:46:57 - [TEST_STEP][PASSED] - click(findTestObject("Выручка по ДЗО/Внутренний оборот в фильтре Выручка")): Object: 'Object Repository/Выручка по ДЗО/Внутренний оборот в фильтре Выручка' is clicked on

11-03-2025T02:46:58 - [MESSAGE][PASSED] - Object: 'Object Repository/Выручка по ДЗО/Внутренний оборот в фильтре Выручка' is clicked on

11-03-2025T02:46:58 - [TEST_STEP][PASSED] - click(findTestObject("Выручка по ДЗО/Применить в фильтре Выручка")): Object: 'Object Repository/Выручка по ДЗО/Применить в фильтре Выручка' is clicked on

11-03-2025T02:46:58 - [MESSAGE][PASSED] - Object: 'Object Repository/Выручка по ДЗО/Применить в фильтре Выручка' is clicked on

11-03-2025T02:46:58 - [TEST_STEP][PASSED] - Script1687405711779.Test(todaysDate): null

11-03-2025T02:46:58 - [TEST_STEP][PASSED] - delay(10): Delayed 10 second(s)

11-03-2025T02:47:08 - [MESSAGE][PASSED] - Delayed 10 second(s)

11-03-2025T02:47:08 - [TEST_STEP][FAILED] - if (verifyTextNotPresent("нет данных", false) == true): Text 'нет данных' is present on page  (Root cause: com.kms.katalon.core.exception.StepFailedException: Text 'нет данных' is present on page 
	at com.kms.katalon.core.webui.keyword.internal.WebUIKeywordMain.stepFailed(WebUIKeywordMain.groovy:64)
	at com.kms.katalon.core.webui.keyword.builtin.VerifyTextNotPresentKeyword$_verifyTextNotPresent_closure1.doCall(VerifyTextNotPresentKeyword.groovy:77)
	at com.kms.katalon.core.webui.keyword.builtin.VerifyTextNotPresentKeyword$_verifyTextNotPresent_closure1.call(VerifyTextNotPresentKeyword.groovy)
	at com.kms.katalon.core.webui.keyword.internal.WebUIKeywordMain.runKeyword(WebUIKeywordMain.groovy:20)
	at com.kms.katalon.core.webui.keyword.builtin.VerifyTextNotPresentKeyword.verifyTextNotPresent(VerifyTextNotPresentKeyword.groovy:82)
	at com.kms.katalon.core.webui.keyword.builtin.VerifyTextNotPresentKeyword.execute(VerifyTextNotPresentKeyword.groovy:68)
	at com.kms.katalon.core.keyword.internal.KeywordExecutor.executeKeywordForPlatform(KeywordExecutor.groovy:74)
	at com.kms.katalon.core.webui.keyword.WebUiBuiltInKeywords.verifyTextNotPresent(WebUiBuiltInKeywords.groovy:1795)
	at Выручка по ДЗО отображение данных все филиалы.Test(Выручка по ДЗО отображение данных все филиалы:772)
	at Выручка по ДЗО отображение данных все филиалы.Tumbler(Выручка по ДЗО отображение данных все филиалы:726)
	at Выручка по ДЗО отображение данных все филиалы.Change(Выручка по ДЗО отображение данных все филиалы:760)
	at Выручка по ДЗО отображение данных все филиалы.DzoTest(Выручка по ДЗО отображение данных все филиалы:168)
	at Выручка по ДЗО отображение данных все филиалы.run(Выручка по ДЗО отображение данных все филиалы:122)
	at com.kms.katalon.core.main.ScriptEngine.run(ScriptEngine.java:194)
	at com.kms.katalon.core.main.ScriptEngine.runScriptAsRawText(ScriptEngine.java:119)
	at com.kms.katalon.core.main.TestCaseExecutor.runScript(TestCaseExecutor.java:448)
	at com.kms.katalon.core.main.TestCaseExecutor.doExecute(TestCaseExecutor.java:439)
	at com.kms.katalon.core.main.TestCaseExecutor.processExecutionPhase(TestCaseExecutor.java:418)
	at com.kms.katalon.core.main.TestCaseExecutor.accessMainPhase(TestCaseExecutor.java:410)
	at com.kms.katalon.core.main.TestCaseExecutor.execute(TestCaseExecutor.java:285)
	at com.kms.katalon.core.common.CommonExecutor.accessTestCaseMainPhase(CommonExecutor.java:65)
	at com.kms.katalon.core.main.TestSuiteExecutor.accessTestSuiteMainPhase(TestSuiteExecutor.java:150)
	at com.kms.katalon.core.main.TestSuiteExecutor.execute(TestSuiteExecutor.java:106)
	at com.kms.katalon.core.main.TestCaseMain.startTestSuite(TestCaseMain.java:180)
	at TempTestSuite1741649958618.run(TempTestSuite1741649958618.groovy:35)
	at java.base/jdk.internal.reflect.NativeMethodAccessorImpl.invoke0(Native Method)
	at java.base/jdk.internal.reflect.NativeMethodAccessorImpl.invoke(NativeMethodAccessorImpl.java:77)
	at java.base/jdk.internal.reflect.DelegatingMethodAccessorImpl.invoke(DelegatingMethodAccessorImpl.java:43)
)

11-03-2025T02:47:09 - [MESSAGE][FAILED] - Text 'нет данных' is present on page  (Root cause: com.kms.katalon.core.exception.StepFailedException: Text 'нет данных' is present on page 
	at com.kms.katalon.core.webui.keyword.internal.WebUIKeywordMain.stepFailed(WebUIKeywordMain.groovy:64)
	at com.kms.katalon.core.webui.keyword.builtin.VerifyTextNotPresentKeyword$_verifyTextNotPresent_closure1.doCall(VerifyTextNotPresentKeyword.groovy:77)
	at com.kms.katalon.core.webui.keyword.builtin.VerifyTextNotPresentKeyword$_verifyTextNotPresent_closure1.call(VerifyTextNotPresentKeyword.groovy)
	at com.kms.katalon.core.webui.keyword.internal.WebUIKeywordMain.runKeyword(WebUIKeywordMain.groovy:20)
	at com.kms.katalon.core.webui.keyword.builtin.VerifyTextNotPresentKeyword.verifyTextNotPresent(VerifyTextNotPresentKeyword.groovy:82)
	at com.kms.katalon.core.webui.keyword.builtin.VerifyTextNotPresentKeyword.execute(VerifyTextNotPresentKeyword.groovy:68)
	at com.kms.katalon.core.keyword.internal.KeywordExecutor.executeKeywordForPlatform(KeywordExecutor.groovy:74)
	at com.kms.katalon.core.webui.keyword.WebUiBuiltInKeywords.verifyTextNotPresent(WebUiBuiltInKeywords.groovy:1795)
	at Выручка по ДЗО отображение данных все филиалы.Test(Выручка по ДЗО отображение данных все филиалы:772)
	at Выручка по ДЗО отображение данных все филиалы.Tumbler(Выручка по ДЗО отображение данных все филиалы:726)
	at Выручка по ДЗО отображение данных все филиалы.Change(Выручка по ДЗО отображение данных все филиалы:760)
	at Выручка по ДЗО отображение данных все филиалы.DzoTest(Выручка по ДЗО отображение данных все филиалы:168)
	at Выручка по ДЗО отображение данных все филиалы.run(Выручка по ДЗО отображение данных все филиалы:122)
	at com.kms.katalon.core.main.ScriptEngine.run(ScriptEngine.java:194)
	at com.kms.katalon.core.main.ScriptEngine.runScriptAsRawText(ScriptEngine.java:119)
	at com.kms.katalon.core.main.TestCaseExecutor.runScript(TestCaseExecutor.java:448)
	at com.kms.katalon.core.main.TestCaseExecutor.doExecute(TestCaseExecutor.java:439)
	at com.kms.katalon.core.main.TestCaseExecutor.processExecutionPhase(TestCaseExecutor.java:418)
	at com.kms.katalon.core.main.TestCaseExecutor.accessMainPhase(TestCaseExecutor.java:410)
	at com.kms.katalon.core.main.TestCaseExecutor.execute(TestCaseExecutor.java:285)
	at com.kms.katalon.core.common.CommonExecutor.accessTestCaseMainPhase(CommonExecutor.java:65)
	at com.kms.katalon.core.main.TestSuiteExecutor.accessTestSuiteMainPhase(TestSuiteExecutor.java:150)
	at com.kms.katalon.core.main.TestSuiteExecutor.execute(TestSuiteExecutor.java:106)
	at com.kms.katalon.core.main.TestCaseMain.startTestSuite(TestCaseMain.java:180)
	at TempTestSuite1741649958618.run(TempTestSuite1741649958618.groovy:35)
	at java.base/jdk.internal.reflect.NativeMethodAccessorImpl.invoke0(Native Method)
	at java.base/jdk.internal.reflect.NativeMethodAccessorImpl.invoke(NativeMethodAccessorImpl.java:77)
	at java.base/jdk.internal.reflect.DelegatingMethodAccessorImpl.invoke(DelegatingMethodAccessorImpl.java:43)
)

11-03-2025T02:47:09 - [TEST_STEP][PASSED] - else: null

11-03-2025T02:47:09 - [TEST_STEP][PASSED] - Script1687405711779.WriteToExcel(todaysDate): null

11-03-2025T02:47:09 - [TEST_STEP][PASSED] - sheetName = "Sheet1": null

11-03-2025T02:47:09 - [TEST_STEP][PASSED] - data = findTestData("PlanFact"): null

11-03-2025T02:47:09 - [TEST_STEP][PASSED] - n = data.getRowNumbers() + 1: null

11-03-2025T02:47:09 - [TEST_STEP][PASSED] - dZO = getText(findTestObject("Выручка по ДЗО/Фильтр ДЗО")): Text of object 'Object Repository/Выручка по ДЗО/Фильтр ДЗО' is: 'ПАО Россети - РаспредКомплекс - Россети Волга'

11-03-2025T02:47:09 - [MESSAGE][PASSED] - Text of object 'Object Repository/Выручка по ДЗО/Фильтр ДЗО' is: 'ПАО Россети - РаспредКомплекс - Россети Волга'

11-03-2025T02:47:09 - [TEST_STEP][PASSED] - period = getText(findTestObject("Выручка по ДЗО/Фильтр Дата")): Text of object 'Object Repository/Выручка по ДЗО/Фильтр Дата' is: 'Январь 2025 года'

11-03-2025T02:47:10 - [MESSAGE][PASSED] - Text of object 'Object Repository/Выручка по ДЗО/Фильтр Дата' is: 'Январь 2025 года'

11-03-2025T02:47:10 - [TEST_STEP][PASSED] - viruchka = getText(findTestObject("Выручка по ДЗО/Фильтр Выручка")): Text of object 'Object Repository/Выручка по ДЗО/Фильтр Выручка' is: 'внутренний оборот'

11-03-2025T02:47:10 - [MESSAGE][PASSED] - Text of object 'Object Repository/Выручка по ДЗО/Фильтр Выручка' is: 'внутренний оборот'

11-03-2025T02:47:10 - [TEST_STEP][PASSED] - if (viruchka == "Выбрано: 2"): null

11-03-2025T02:47:10 - [TEST_STEP][PASSED] - if (viruchka == "Все"): null

11-03-2025T02:47:10 - [TEST_STEP][PASSED] - println(period): null

11-03-2025T02:47:10 - [TEST_STEP][PASSED] - dashboardName = "Выручка по ДЗО": null

11-03-2025T02:47:10 - [TEST_STEP][PASSED] - workbook01 = getWorkbook(excelFilePath): null

11-03-2025T02:47:10 - [TEST_STEP][PASSED] - sheet01 = getExcelSheet(workbook01, sheetName): null

11-03-2025T02:47:10 - [TEST_STEP][PASSED] - setValueToCellByIndex(sheet01, n, 0, dashboardName): null

11-03-2025T02:47:10 - [TEST_STEP][PASSED] - setValueToCellByIndex(sheet01, n, 1, dZO): null

11-03-2025T02:47:10 - [TEST_STEP][PASSED] - setValueToCellByIndex(sheet01, n, 2, period): null

11-03-2025T02:47:10 - [TEST_STEP][PASSED] - setValueToCellByIndex(sheet01, n, 3, viruchka): null

11-03-2025T02:47:10 - [TEST_STEP][PASSED] - setValueToCellByIndex(sheet01, n, 4, todaysDate): null

11-03-2025T02:47:10 - [TEST_STEP][PASSED] - n = n + 1: null

11-03-2025T02:47:10 - [TEST_STEP][PASSED] - saveWorkbook(excelFilePath, workbook01): null

11-03-2025T02:47:10 - [TEST_STEP][PASSED] - click(findTestObject("Выручка по ДЗО/Фильтр Выручка")): Object: 'Object Repository/Выручка по ДЗО/Фильтр Выручка' is clicked on

11-03-2025T02:47:10 - [MESSAGE][PASSED] - Object: 'Object Repository/Выручка по ДЗО/Фильтр Выручка' is clicked on

11-03-2025T02:47:10 - [TEST_STEP][PASSED] - click(findTestObject("Выручка по ДЗО/По передаче в фильтре Выручка")): Object: 'Object Repository/Выручка по ДЗО/По передаче в фильтре Выручка' is clicked on

11-03-2025T02:47:11 - [MESSAGE][PASSED] - Object: 'Object Repository/Выручка по ДЗО/По передаче в фильтре Выручка' is clicked on

11-03-2025T02:47:11 - [TEST_STEP][PASSED] - click(findTestObject("Выручка по ДЗО/Применить в фильтре Выручка")): Object: 'Object Repository/Выручка по ДЗО/Применить в фильтре Выручка' is clicked on

11-03-2025T02:47:12 - [MESSAGE][PASSED] - Object: 'Object Repository/Выручка по ДЗО/Применить в фильтре Выручка' is clicked on

11-03-2025T02:47:12 - [TEST_STEP][PASSED] - Script1687405711779.Test(todaysDate): null

11-03-2025T02:47:12 - [TEST_STEP][PASSED] - delay(10): Delayed 10 second(s)

11-03-2025T02:47:22 - [MESSAGE][PASSED] - Delayed 10 second(s)

11-03-2025T02:47:22 - [TEST_STEP][PASSED] - if (verifyTextNotPresent("нет данных", false) == true): null

11-03-2025T02:47:22 - [MESSAGE][PASSED] - Text 'нет данных' is not present on page

11-03-2025T02:47:22 - [TEST_STEP][PASSED] - if (verifyTextNotPresent("Ошибка запроса данных", false) == true): null

11-03-2025T02:47:23 - [MESSAGE][PASSED] - Text 'Ошибка запроса данных' is not present on page

11-03-2025T02:47:23 - [TEST_STEP][PASSED] - if (verifyTextNotPresent("Произошла ошибка при выполнении пользовательского кода", false) == true): null

11-03-2025T02:47:23 - [MESSAGE][PASSED] - Text 'Произошла ошибка при выполнении пользовательского кода' is not present on page

11-03-2025T02:47:23 - [TEST_STEP][PASSED] - if (verifyTextNotPresent("У виджета нет данных", false) == true): null

11-03-2025T02:47:24 - [MESSAGE][PASSED] - Text 'У виджета нет данных' is not present on page

11-03-2025T02:47:24 - [TEST_STEP][PASSED] - if (verifyTextNotPresent("У виджета нет данных", false) == true): Text 'У виджета нет данных' is not present on page

11-03-2025T02:47:24 - [MESSAGE][PASSED] - Text 'У виджета нет данных' is not present on page

11-03-2025T02:47:24 - [TEST_STEP][PASSED] - click(findTestObject("Выручка по ДЗО/Фильтр Выручка")): Object: 'Object Repository/Выручка по ДЗО/Фильтр Выручка' is clicked on

11-03-2025T02:47:24 - [MESSAGE][PASSED] - Object: 'Object Repository/Выручка по ДЗО/Фильтр Выручка' is clicked on

11-03-2025T02:47:24 - [TEST_STEP][PASSED] - click(findTestObject("Выручка по ДЗО/Снять выделение в фильтре Выручка")): Object: 'Object Repository/Выручка по ДЗО/Снять выделение в фильтре Выручка' is clicked on

11-03-2025T02:47:25 - [MESSAGE][PASSED] - Object: 'Object Repository/Выручка по ДЗО/Снять выделение в фильтре Выручка' is clicked on

11-03-2025T02:47:25 - [TEST_STEP][PASSED] - click(findTestObject("Выручка по ДЗО/По передаче в фильтре Выручка")): Object: 'Object Repository/Выручка по ДЗО/По передаче в фильтре Выручка' is clicked on

11-03-2025T02:47:25 - [MESSAGE][PASSED] - Object: 'Object Repository/Выручка по ДЗО/По передаче в фильтре Выручка' is clicked on

11-03-2025T02:47:25 - [TEST_STEP][PASSED] - click(findTestObject("Выручка по ДЗО/Применить в фильтре Выручка")): Object: 'Object Repository/Выручка по ДЗО/Применить в фильтре Выручка' is clicked on

11-03-2025T02:47:26 - [MESSAGE][PASSED] - Object: 'Object Repository/Выручка по ДЗО/Применить в фильтре Выручка' is clicked on

11-03-2025T02:47:26 - [TEST_STEP][PASSED] - Script1687405711779.Test(todaysDate): null

11-03-2025T02:47:26 - [TEST_STEP][PASSED] - delay(10): Delayed 10 second(s)

11-03-2025T02:47:36 - [MESSAGE][PASSED] - Delayed 10 second(s)

11-03-2025T02:47:36 - [TEST_STEP][PASSED] - if (verifyTextNotPresent("нет данных", false) == true): null

11-03-2025T02:47:36 - [MESSAGE][PASSED] - Text 'нет данных' is not present on page

11-03-2025T02:47:36 - [TEST_STEP][PASSED] - if (verifyTextNotPresent("Ошибка запроса данных", false) == true): null

11-03-2025T02:47:37 - [MESSAGE][PASSED] - Text 'Ошибка запроса данных' is not present on page

11-03-2025T02:47:37 - [TEST_STEP][PASSED] - if (verifyTextNotPresent("Произошла ошибка при выполнении пользовательского кода", false) == true): null

11-03-2025T02:47:37 - [MESSAGE][PASSED] - Text 'Произошла ошибка при выполнении пользовательского кода' is not present on page

11-03-2025T02:47:37 - [TEST_STEP][PASSED] - if (verifyTextNotPresent("У виджета нет данных", false) == true): null

11-03-2025T02:47:38 - [MESSAGE][PASSED] - Text 'У виджета нет данных' is not present on page

11-03-2025T02:47:38 - [TEST_STEP][PASSED] - if (verifyTextNotPresent("У виджета нет данных", false) == true): Text 'У виджета нет данных' is not present on page

11-03-2025T02:47:38 - [MESSAGE][PASSED] - Text 'У виджета нет данных' is not present on page

11-03-2025T02:47:38 - [TEST_STEP][PASSED] - click(findTestObject("Выручка по ДЗО/Фильтр Выручка")): Object: 'Object Repository/Выручка по ДЗО/Фильтр Выручка' is clicked on

11-03-2025T02:47:39 - [MESSAGE][PASSED] - Object: 'Object Repository/Выручка по ДЗО/Фильтр Выручка' is clicked on

11-03-2025T02:47:39 - [TEST_STEP][PASSED] - click(findTestObject("Выручка по ДЗО/Снять выделение в фильтре Выручка")): Object: 'Object Repository/Выручка по ДЗО/Снять выделение в фильтре Выручка' is clicked on

11-03-2025T02:47:39 - [MESSAGE][PASSED] - Object: 'Object Repository/Выручка по ДЗО/Снять выделение в фильтре Выручка' is clicked on

11-03-2025T02:47:39 - [TEST_STEP][PASSED] - click(findTestObject("Выручка по ДЗО/Применить в фильтре Выручка")): Object: 'Object Repository/Выручка по ДЗО/Применить в фильтре Выручка' is clicked on

11-03-2025T02:47:40 - [MESSAGE][PASSED] - Object: 'Object Repository/Выручка по ДЗО/Применить в фильтре Выручка' is clicked on

11-03-2025T02:47:40 - [TEST_STEP][PASSED] - click(findTestObject("Выручка по ДЗО/Фильтр ДЗО")): Object: 'Object Repository/Выручка по ДЗО/Фильтр ДЗО' is clicked on

11-03-2025T02:47:41 - [MESSAGE][PASSED] - Object: 'Object Repository/Выручка по ДЗО/Фильтр ДЗО' is clicked on

11-03-2025T02:47:41 - [TEST_STEP][PASSED] - click(findTestObject("Выручка по ДЗО/Снять выделение в фильтре ДЗО")): Object: 'Object Repository/Выручка по ДЗО/Снять выделение в фильтре ДЗО' is clicked on

11-03-2025T02:47:42 - [MESSAGE][PASSED] - Object: 'Object Repository/Выручка по ДЗО/Снять выделение в фильтре ДЗО' is clicked on

11-03-2025T02:47:42 - [TEST_STEP][PASSED] - click(findTestObject("Общие объекты/Раскрыть список Россети Волга")): Object: 'Object Repository/Общие объекты/Раскрыть список Россети Волга' is clicked on

11-03-2025T02:47:42 - [MESSAGE][PASSED] - Object: 'Object Repository/Общие объекты/Раскрыть список Россети Волга' is clicked on

11-03-2025T02:47:42 - [TEST_STEP][PASSED] - scrollToElement(findTestObject("Общие объекты/Мордовэнерго"), 30): Scroll to object 'Object Repository/Общие объекты/Мордовэнерго' successfully

11-03-2025T02:47:42 - [MESSAGE][PASSED] - Scroll to object 'Object Repository/Общие объекты/Мордовэнерго' successfully

11-03-2025T02:47:42 - [TEST_STEP][PASSED] - click(findTestObject("Общие объекты/Мордовэнерго")): Object: 'Object Repository/Общие объекты/Мордовэнерго' is clicked on

11-03-2025T02:47:42 - [MESSAGE][PASSED] - Object: 'Object Repository/Общие объекты/Мордовэнерго' is clicked on

11-03-2025T02:47:42 - [TEST_STEP][PASSED] - Script1687405711779.Change(todaysDate): null

11-03-2025T02:47:42 - [TEST_STEP][PASSED] - scrollToElement(findTestObject("Выручка по ДЗО/Заголовок дашборда"), 30): Scroll to object 'Object Repository/Выручка по ДЗО/Заголовок дашборда' successfully

11-03-2025T02:47:43 - [MESSAGE][PASSED] - Scroll to object 'Object Repository/Выручка по ДЗО/Заголовок дашборда' successfully

11-03-2025T02:47:43 - [TEST_STEP][PASSED] - click(findTestObject("Выручка по ДЗО/Применить в фильтре ДЗО")): Object: 'Object Repository/Выручка по ДЗО/Применить в фильтре ДЗО' is clicked on

11-03-2025T02:47:44 - [MESSAGE][PASSED] - Object: 'Object Repository/Выручка по ДЗО/Применить в фильтре ДЗО' is clicked on

11-03-2025T02:47:44 - [TEST_STEP][PASSED] - Script1687405711779.Tumbler(todaysDate): null

11-03-2025T02:47:44 - [TEST_STEP][PASSED] - Script1687405711779.Test(todaysDate): null

11-03-2025T02:47:44 - [TEST_STEP][PASSED] - delay(10): Delayed 10 second(s)

11-03-2025T02:47:54 - [MESSAGE][PASSED] - Delayed 10 second(s)

11-03-2025T02:47:54 - [TEST_STEP][PASSED] - if (verifyTextNotPresent("нет данных", false) == true): null

11-03-2025T02:47:54 - [MESSAGE][PASSED] - Text 'нет данных' is not present on page

11-03-2025T02:47:54 - [TEST_STEP][PASSED] - if (verifyTextNotPresent("Ошибка запроса данных", false) == true): null

11-03-2025T02:47:55 - [MESSAGE][PASSED] - Text 'Ошибка запроса данных' is not present on page

11-03-2025T02:47:55 - [TEST_STEP][PASSED] - if (verifyTextNotPresent("Произошла ошибка при выполнении пользовательского кода", false) == true): null

11-03-2025T02:47:55 - [MESSAGE][PASSED] - Text 'Произошла ошибка при выполнении пользовательского кода' is not present on page

11-03-2025T02:47:55 - [TEST_STEP][PASSED] - if (verifyTextNotPresent("У виджета нет данных", false) == true): null

11-03-2025T02:47:55 - [MESSAGE][PASSED] - Text 'У виджета нет данных' is not present on page

11-03-2025T02:47:55 - [TEST_STEP][PASSED] - if (verifyTextNotPresent("У виджета нет данных", false) == true): Text 'У виджета нет данных' is not present on page

11-03-2025T02:47:56 - [MESSAGE][PASSED] - Text 'У виджета нет данных' is not present on page

11-03-2025T02:47:56 - [TEST_STEP][PASSED] - click(findTestObject("Выручка по ДЗО/Фильтр Выручка")): Object: 'Object Repository/Выручка по ДЗО/Фильтр Выручка' is clicked on

11-03-2025T02:47:56 - [MESSAGE][PASSED] - Object: 'Object Repository/Выручка по ДЗО/Фильтр Выручка' is clicked on

11-03-2025T02:47:56 - [TEST_STEP][PASSED] - click(findTestObject("Выручка по ДЗО/Внутренний оборот в фильтре Выручка")): Object: 'Object Repository/Выручка по ДЗО/Внутренний оборот в фильтре Выручка' is clicked on

11-03-2025T02:47:57 - [MESSAGE][PASSED] - Object: 'Object Repository/Выручка по ДЗО/Внутренний оборот в фильтре Выручка' is clicked on

11-03-2025T02:47:57 - [TEST_STEP][PASSED] - click(findTestObject("Выручка по ДЗО/Применить в фильтре Выручка")): Object: 'Object Repository/Выручка по ДЗО/Применить в фильтре Выручка' is clicked on

11-03-2025T02:47:57 - [MESSAGE][PASSED] - Object: 'Object Repository/Выручка по ДЗО/Применить в фильтре Выручка' is clicked on

11-03-2025T02:47:57 - [TEST_STEP][PASSED] - Script1687405711779.Test(todaysDate): null

11-03-2025T02:47:57 - [TEST_STEP][PASSED] - delay(10): Delayed 10 second(s)

11-03-2025T02:48:07 - [MESSAGE][PASSED] - Delayed 10 second(s)

11-03-2025T02:48:07 - [TEST_STEP][FAILED] - if (verifyTextNotPresent("нет данных", false) == true): Text 'нет данных' is present on page  (Root cause: com.kms.katalon.core.exception.StepFailedException: Text 'нет данных' is present on page 
	at com.kms.katalon.core.webui.keyword.internal.WebUIKeywordMain.stepFailed(WebUIKeywordMain.groovy:64)
	at com.kms.katalon.core.webui.keyword.builtin.VerifyTextNotPresentKeyword$_verifyTextNotPresent_closure1.doCall(VerifyTextNotPresentKeyword.groovy:77)
	at com.kms.katalon.core.webui.keyword.builtin.VerifyTextNotPresentKeyword$_verifyTextNotPresent_closure1.call(VerifyTextNotPresentKeyword.groovy)
	at com.kms.katalon.core.webui.keyword.internal.WebUIKeywordMain.runKeyword(WebUIKeywordMain.groovy:20)
	at com.kms.katalon.core.webui.keyword.builtin.VerifyTextNotPresentKeyword.verifyTextNotPresent(VerifyTextNotPresentKeyword.groovy:82)
	at com.kms.katalon.core.webui.keyword.builtin.VerifyTextNotPresentKeyword.execute(VerifyTextNotPresentKeyword.groovy:68)
	at com.kms.katalon.core.keyword.internal.KeywordExecutor.executeKeywordForPlatform(KeywordExecutor.groovy:74)
	at com.kms.katalon.core.webui.keyword.WebUiBuiltInKeywords.verifyTextNotPresent(WebUiBuiltInKeywords.groovy:1795)
	at Выручка по ДЗО отображение данных все филиалы.Test(Выручка по ДЗО отображение данных все филиалы:772)
	at Выручка по ДЗО отображение данных все филиалы.Tumbler(Выручка по ДЗО отображение данных все филиалы:726)
	at Выручка по ДЗО отображение данных все филиалы.Change(Выручка по ДЗО отображение данных все филиалы:760)
	at Выручка по ДЗО отображение данных все филиалы.DzoTest(Выручка по ДЗО отображение данных все филиалы:176)
	at Выручка по ДЗО отображение данных все филиалы.run(Выручка по ДЗО отображение данных все филиалы:122)
	at com.kms.katalon.core.main.ScriptEngine.run(ScriptEngine.java:194)
	at com.kms.katalon.core.main.ScriptEngine.runScriptAsRawText(ScriptEngine.java:119)
	at com.kms.katalon.core.main.TestCaseExecutor.runScript(TestCaseExecutor.java:448)
	at com.kms.katalon.core.main.TestCaseExecutor.doExecute(TestCaseExecutor.java:439)
	at com.kms.katalon.core.main.TestCaseExecutor.processExecutionPhase(TestCaseExecutor.java:418)
	at com.kms.katalon.core.main.TestCaseExecutor.accessMainPhase(TestCaseExecutor.java:410)
	at com.kms.katalon.core.main.TestCaseExecutor.execute(TestCaseExecutor.java:285)
	at com.kms.katalon.core.common.CommonExecutor.accessTestCaseMainPhase(CommonExecutor.java:65)
	at com.kms.katalon.core.main.TestSuiteExecutor.accessTestSuiteMainPhase(TestSuiteExecutor.java:150)
	at com.kms.katalon.core.main.TestSuiteExecutor.execute(TestSuiteExecutor.java:106)
	at com.kms.katalon.core.main.TestCaseMain.startTestSuite(TestCaseMain.java:180)
	at TempTestSuite1741649958618.run(TempTestSuite1741649958618.groovy:35)
	at java.base/jdk.internal.reflect.NativeMethodAccessorImpl.invoke0(Native Method)
	at java.base/jdk.internal.reflect.NativeMethodAccessorImpl.invoke(NativeMethodAccessorImpl.java:77)
	at java.base/jdk.internal.reflect.DelegatingMethodAccessorImpl.invoke(DelegatingMethodAccessorImpl.java:43)
)

11-03-2025T02:48:08 - [MESSAGE][FAILED] - Text 'нет данных' is present on page  (Root cause: com.kms.katalon.core.exception.StepFailedException: Text 'нет данных' is present on page 
	at com.kms.katalon.core.webui.keyword.internal.WebUIKeywordMain.stepFailed(WebUIKeywordMain.groovy:64)
	at com.kms.katalon.core.webui.keyword.builtin.VerifyTextNotPresentKeyword$_verifyTextNotPresent_closure1.doCall(VerifyTextNotPresentKeyword.groovy:77)
	at com.kms.katalon.core.webui.keyword.builtin.VerifyTextNotPresentKeyword$_verifyTextNotPresent_closure1.call(VerifyTextNotPresentKeyword.groovy)
	at com.kms.katalon.core.webui.keyword.internal.WebUIKeywordMain.runKeyword(WebUIKeywordMain.groovy:20)
	at com.kms.katalon.core.webui.keyword.builtin.VerifyTextNotPresentKeyword.verifyTextNotPresent(VerifyTextNotPresentKeyword.groovy:82)
	at com.kms.katalon.core.webui.keyword.builtin.VerifyTextNotPresentKeyword.execute(VerifyTextNotPresentKeyword.groovy:68)
	at com.kms.katalon.core.keyword.internal.KeywordExecutor.executeKeywordForPlatform(KeywordExecutor.groovy:74)
	at com.kms.katalon.core.webui.keyword.WebUiBuiltInKeywords.verifyTextNotPresent(WebUiBuiltInKeywords.groovy:1795)
	at Выручка по ДЗО отображение данных все филиалы.Test(Выручка по ДЗО отображение данных все филиалы:772)
	at Выручка по ДЗО отображение данных все филиалы.Tumbler(Выручка по ДЗО отображение данных все филиалы:726)
	at Выручка по ДЗО отображение данных все филиалы.Change(Выручка по ДЗО отображение данных все филиалы:760)
	at Выручка по ДЗО отображение данных все филиалы.DzoTest(Выручка по ДЗО отображение данных все филиалы:176)
	at Выручка по ДЗО отображение данных все филиалы.run(Выручка по ДЗО отображение данных все филиалы:122)
	at com.kms.katalon.core.main.ScriptEngine.run(ScriptEngine.java:194)
	at com.kms.katalon.core.main.ScriptEngine.runScriptAsRawText(ScriptEngine.java:119)
	at com.kms.katalon.core.main.TestCaseExecutor.runScript(TestCaseExecutor.java:448)
	at com.kms.katalon.core.main.TestCaseExecutor.doExecute(TestCaseExecutor.java:439)
	at com.kms.katalon.core.main.TestCaseExecutor.processExecutionPhase(TestCaseExecutor.java:418)
	at com.kms.katalon.core.main.TestCaseExecutor.accessMainPhase(TestCaseExecutor.java:410)
	at com.kms.katalon.core.main.TestCaseExecutor.execute(TestCaseExecutor.java:285)
	at com.kms.katalon.core.common.CommonExecutor.accessTestCaseMainPhase(CommonExecutor.java:65)
	at com.kms.katalon.core.main.TestSuiteExecutor.accessTestSuiteMainPhase(TestSuiteExecutor.java:150)
	at com.kms.katalon.core.main.TestSuiteExecutor.execute(TestSuiteExecutor.java:106)
	at com.kms.katalon.core.main.TestCaseMain.startTestSuite(TestCaseMain.java:180)
	at TempTestSuite1741649958618.run(TempTestSuite1741649958618.groovy:35)
	at java.base/jdk.internal.reflect.NativeMethodAccessorImpl.invoke0(Native Method)
	at java.base/jdk.internal.reflect.NativeMethodAccessorImpl.invoke(NativeMethodAccessorImpl.java:77)
	at java.base/jdk.internal.reflect.DelegatingMethodAccessorImpl.invoke(DelegatingMethodAccessorImpl.java:43)
)

11-03-2025T02:48:08 - [TEST_STEP][PASSED] - else: null

11-03-2025T02:48:08 - [TEST_STEP][PASSED] - Script1687405711779.WriteToExcel(todaysDate): null

11-03-2025T02:48:08 - [TEST_STEP][PASSED] - sheetName = "Sheet1": null

11-03-2025T02:48:08 - [TEST_STEP][PASSED] - data = findTestData("PlanFact"): null

11-03-2025T02:48:08 - [TEST_STEP][PASSED] - n = data.getRowNumbers() + 1: null

11-03-2025T02:48:08 - [TEST_STEP][PASSED] - dZO = getText(findTestObject("Выручка по ДЗО/Фильтр ДЗО")): Text of object 'Object Repository/Выручка по ДЗО/Фильтр ДЗО' is: 'ПАО Россети - РаспредКомплекс - Россети Волга - Мордовэнерго'

11-03-2025T02:48:08 - [MESSAGE][PASSED] - Text of object 'Object Repository/Выручка по ДЗО/Фильтр ДЗО' is: 'ПАО Россети - РаспредКомплекс - Россети Волга - Мордовэнерго'

11-03-2025T02:48:08 - [TEST_STEP][PASSED] - period = getText(findTestObject("Выручка по ДЗО/Фильтр Дата")): Text of object 'Object Repository/Выручка по ДЗО/Фильтр Дата' is: 'Январь 2025 года'

11-03-2025T02:48:09 - [MESSAGE][PASSED] - Text of object 'Object Repository/Выручка по ДЗО/Фильтр Дата' is: 'Январь 2025 года'

11-03-2025T02:48:09 - [TEST_STEP][PASSED] - viruchka = getText(findTestObject("Выручка по ДЗО/Фильтр Выручка")): Text of object 'Object Repository/Выручка по ДЗО/Фильтр Выручка' is: 'внутренний оборот'

11-03-2025T02:48:09 - [MESSAGE][PASSED] - Text of object 'Object Repository/Выручка по ДЗО/Фильтр Выручка' is: 'внутренний оборот'

11-03-2025T02:48:09 - [TEST_STEP][PASSED] - if (viruchka == "Выбрано: 2"): null

11-03-2025T02:48:09 - [TEST_STEP][PASSED] - if (viruchka == "Все"): null

11-03-2025T02:48:09 - [TEST_STEP][PASSED] - println(period): null

11-03-2025T02:48:09 - [TEST_STEP][PASSED] - dashboardName = "Выручка по ДЗО": null

11-03-2025T02:48:09 - [TEST_STEP][PASSED] - workbook01 = getWorkbook(excelFilePath): null

11-03-2025T02:48:09 - [TEST_STEP][PASSED] - sheet01 = getExcelSheet(workbook01, sheetName): null

11-03-2025T02:48:09 - [TEST_STEP][PASSED] - setValueToCellByIndex(sheet01, n, 0, dashboardName): null

11-03-2025T02:48:09 - [TEST_STEP][PASSED] - setValueToCellByIndex(sheet01, n, 1, dZO): null

11-03-2025T02:48:09 - [TEST_STEP][PASSED] - setValueToCellByIndex(sheet01, n, 2, period): null

11-03-2025T02:48:09 - [TEST_STEP][PASSED] - setValueToCellByIndex(sheet01, n, 3, viruchka): null

11-03-2025T02:48:09 - [TEST_STEP][PASSED] - setValueToCellByIndex(sheet01, n, 4, todaysDate): null

11-03-2025T02:48:09 - [TEST_STEP][PASSED] - n = n + 1: null

11-03-2025T02:48:09 - [TEST_STEP][PASSED] - saveWorkbook(excelFilePath, workbook01): null

11-03-2025T02:48:09 - [TEST_STEP][PASSED] - click(findTestObject("Выручка по ДЗО/Фильтр Выручка")): Object: 'Object Repository/Выручка по ДЗО/Фильтр Выручка' is clicked on

11-03-2025T02:48:09 - [MESSAGE][PASSED] - Object: 'Object Repository/Выручка по ДЗО/Фильтр Выручка' is clicked on

11-03-2025T02:48:09 - [TEST_STEP][PASSED] - click(findTestObject("Выручка по ДЗО/По передаче в фильтре Выручка")): Object: 'Object Repository/Выручка по ДЗО/По передаче в фильтре Выручка' is clicked on

11-03-2025T02:48:10 - [MESSAGE][PASSED] - Object: 'Object Repository/Выручка по ДЗО/По передаче в фильтре Выручка' is clicked on

11-03-2025T02:48:10 - [TEST_STEP][PASSED] - click(findTestObject("Выручка по ДЗО/Применить в фильтре Выручка")): Object: 'Object Repository/Выручка по ДЗО/Применить в фильтре Выручка' is clicked on

11-03-2025T02:48:11 - [MESSAGE][PASSED] - Object: 'Object Repository/Выручка по ДЗО/Применить в фильтре Выручка' is clicked on

11-03-2025T02:48:11 - [TEST_STEP][PASSED] - Script1687405711779.Test(todaysDate): null

11-03-2025T02:48:11 - [TEST_STEP][PASSED] - delay(10): Delayed 10 second(s)

11-03-2025T02:48:21 - [MESSAGE][PASSED] - Delayed 10 second(s)

11-03-2025T02:48:21 - [TEST_STEP][PASSED] - if (verifyTextNotPresent("нет данных", false) == true): null

11-03-2025T02:48:21 - [MESSAGE][PASSED] - Text 'нет данных' is not present on page

11-03-2025T02:48:21 - [TEST_STEP][PASSED] - if (verifyTextNotPresent("Ошибка запроса данных", false) == true): null

11-03-2025T02:48:22 - [MESSAGE][PASSED] - Text 'Ошибка запроса данных' is not present on page

11-03-2025T02:48:22 - [TEST_STEP][PASSED] - if (verifyTextNotPresent("Произошла ошибка при выполнении пользовательского кода", false) == true): null

11-03-2025T02:48:22 - [MESSAGE][PASSED] - Text 'Произошла ошибка при выполнении пользовательского кода' is not present on page

11-03-2025T02:48:22 - [TEST_STEP][PASSED] - if (verifyTextNotPresent("У виджета нет данных", false) == true): null

11-03-2025T02:48:23 - [MESSAGE][PASSED] - Text 'У виджета нет данных' is not present on page

11-03-2025T02:48:23 - [TEST_STEP][PASSED] - if (verifyTextNotPresent("У виджета нет данных", false) == true): Text 'У виджета нет данных' is not present on page

11-03-2025T02:48:23 - [MESSAGE][PASSED] - Text 'У виджета нет данных' is not present on page

11-03-2025T02:48:23 - [TEST_STEP][PASSED] - click(findTestObject("Выручка по ДЗО/Фильтр Выручка")): Object: 'Object Repository/Выручка по ДЗО/Фильтр Выручка' is clicked on

11-03-2025T02:48:23 - [MESSAGE][PASSED] - Object: 'Object Repository/Выручка по ДЗО/Фильтр Выручка' is clicked on

11-03-2025T02:48:23 - [TEST_STEP][PASSED] - click(findTestObject("Выручка по ДЗО/Снять выделение в фильтре Выручка")): Object: 'Object Repository/Выручка по ДЗО/Снять выделение в фильтре Выручка' is clicked on

11-03-2025T02:48:24 - [MESSAGE][PASSED] - Object: 'Object Repository/Выручка по ДЗО/Снять выделение в фильтре Выручка' is clicked on

11-03-2025T02:48:24 - [TEST_STEP][PASSED] - click(findTestObject("Выручка по ДЗО/По передаче в фильтре Выручка")): Object: 'Object Repository/Выручка по ДЗО/По передаче в фильтре Выручка' is clicked on

11-03-2025T02:48:24 - [MESSAGE][PASSED] - Object: 'Object Repository/Выручка по ДЗО/По передаче в фильтре Выручка' is clicked on

11-03-2025T02:48:24 - [TEST_STEP][PASSED] - click(findTestObject("Выручка по ДЗО/Применить в фильтре Выручка")): Object: 'Object Repository/Выручка по ДЗО/Применить в фильтре Выручка' is clicked on

11-03-2025T02:48:25 - [MESSAGE][PASSED] - Object: 'Object Repository/Выручка по ДЗО/Применить в фильтре Выручка' is clicked on

11-03-2025T02:48:25 - [TEST_STEP][PASSED] - Script1687405711779.Test(todaysDate): null

11-03-2025T02:48:25 - [TEST_STEP][PASSED] - delay(10): Delayed 10 second(s)

11-03-2025T02:48:35 - [MESSAGE][PASSED] - Delayed 10 second(s)

11-03-2025T02:48:35 - [TEST_STEP][PASSED] - if (verifyTextNotPresent("нет данных", false) == true): null

11-03-2025T02:48:35 - [MESSAGE][PASSED] - Text 'нет данных' is not present on page

11-03-2025T02:48:35 - [TEST_STEP][PASSED] - if (verifyTextNotPresent("Ошибка запроса данных", false) == true): null

11-03-2025T02:48:36 - [MESSAGE][PASSED] - Text 'Ошибка запроса данных' is not present on page

11-03-2025T02:48:36 - [TEST_STEP][PASSED] - if (verifyTextNotPresent("Произошла ошибка при выполнении пользовательского кода", false) == true): null

11-03-2025T02:48:36 - [MESSAGE][PASSED] - Text 'Произошла ошибка при выполнении пользовательского кода' is not present on page

11-03-2025T02:48:36 - [TEST_STEP][PASSED] - if (verifyTextNotPresent("У виджета нет данных", false) == true): null

11-03-2025T02:48:37 - [MESSAGE][PASSED] - Text 'У виджета нет данных' is not present on page

11-03-2025T02:48:37 - [TEST_STEP][PASSED] - if (verifyTextNotPresent("У виджета нет данных", false) == true): Text 'У виджета нет данных' is not present on page

11-03-2025T02:48:37 - [MESSAGE][PASSED] - Text 'У виджета нет данных' is not present on page

11-03-2025T02:48:37 - [TEST_STEP][PASSED] - click(findTestObject("Выручка по ДЗО/Фильтр Выручка")): Object: 'Object Repository/Выручка по ДЗО/Фильтр Выручка' is clicked on

11-03-2025T02:48:38 - [MESSAGE][PASSED] - Object: 'Object Repository/Выручка по ДЗО/Фильтр Выручка' is clicked on

11-03-2025T02:48:38 - [TEST_STEP][PASSED] - click(findTestObject("Выручка по ДЗО/Снять выделение в фильтре Выручка")): Object: 'Object Repository/Выручка по ДЗО/Снять выделение в фильтре Выручка' is clicked on

11-03-2025T02:48:38 - [MESSAGE][PASSED] - Object: 'Object Repository/Выручка по ДЗО/Снять выделение в фильтре Выручка' is clicked on

11-03-2025T02:48:38 - [TEST_STEP][PASSED] - click(findTestObject("Выручка по ДЗО/Применить в фильтре Выручка")): Object: 'Object Repository/Выручка по ДЗО/Применить в фильтре Выручка' is clicked on

11-03-2025T02:48:39 - [MESSAGE][PASSED] - Object: 'Object Repository/Выручка по ДЗО/Применить в фильтре Выручка' is clicked on

11-03-2025T02:48:39 - [TEST_STEP][PASSED] - click(findTestObject("Выручка по ДЗО/Фильтр ДЗО")): Object: 'Object Repository/Выручка по ДЗО/Фильтр ДЗО' is clicked on

11-03-2025T02:48:40 - [MESSAGE][PASSED] - Object: 'Object Repository/Выручка по ДЗО/Фильтр ДЗО' is clicked on

11-03-2025T02:48:40 - [TEST_STEP][PASSED] - click(findTestObject("Выручка по ДЗО/Снять выделение в фильтре ДЗО")): Object: 'Object Repository/Выручка по ДЗО/Снять выделение в фильтре ДЗО' is clicked on

11-03-2025T02:48:40 - [MESSAGE][PASSED] - Object: 'Object Repository/Выручка по ДЗО/Снять выделение в фильтре ДЗО' is clicked on

11-03-2025T02:48:40 - [TEST_STEP][PASSED] - scrollToElement(findTestObject("Общие объекты/Оренбургэнерго"), 30): Scroll to object 'Object Repository/Общие объекты/Оренбургэнерго' successfully

11-03-2025T02:48:41 - [MESSAGE][PASSED] - Scroll to object 'Object Repository/Общие объекты/Оренбургэнерго' successfully

11-03-2025T02:48:41 - [TEST_STEP][PASSED] - click(findTestObject("Общие объекты/Оренбургэнерго")): Object: 'Object Repository/Общие объекты/Оренбургэнерго' is clicked on

11-03-2025T02:48:41 - [MESSAGE][PASSED] - Object: 'Object Repository/Общие объекты/Оренбургэнерго' is clicked on

11-03-2025T02:48:41 - [TEST_STEP][PASSED] - Script1687405711779.Change(todaysDate): null

11-03-2025T02:48:41 - [TEST_STEP][PASSED] - scrollToElement(findTestObject("Выручка по ДЗО/Заголовок дашборда"), 30): Scroll to object 'Object Repository/Выручка по ДЗО/Заголовок дашборда' successfully

11-03-2025T02:48:42 - [MESSAGE][PASSED] - Scroll to object 'Object Repository/Выручка по ДЗО/Заголовок дашборда' successfully

11-03-2025T02:48:42 - [TEST_STEP][PASSED] - click(findTestObject("Выручка по ДЗО/Применить в фильтре ДЗО")): Object: 'Object Repository/Выручка по ДЗО/Применить в фильтре ДЗО' is clicked on

11-03-2025T02:48:42 - [MESSAGE][PASSED] - Object: 'Object Repository/Выручка по ДЗО/Применить в фильтре ДЗО' is clicked on

11-03-2025T02:48:42 - [TEST_STEP][PASSED] - Script1687405711779.Tumbler(todaysDate): null

11-03-2025T02:48:42 - [TEST_STEP][PASSED] - Script1687405711779.Test(todaysDate): null

11-03-2025T02:48:42 - [TEST_STEP][PASSED] - delay(10): Delayed 10 second(s)

11-03-2025T02:48:52 - [MESSAGE][PASSED] - Delayed 10 second(s)

11-03-2025T02:48:52 - [TEST_STEP][PASSED] - if (verifyTextNotPresent("нет данных", false) == true): null

11-03-2025T02:48:53 - [MESSAGE][PASSED] - Text 'нет данных' is not present on page

11-03-2025T02:48:53 - [TEST_STEP][PASSED] - if (verifyTextNotPresent("Ошибка запроса данных", false) == true): null

11-03-2025T02:48:53 - [MESSAGE][PASSED] - Text 'Ошибка запроса данных' is not present on page

11-03-2025T02:48:53 - [TEST_STEP][PASSED] - if (verifyTextNotPresent("Произошла ошибка при выполнении пользовательского кода", false) == true): null

11-03-2025T02:48:54 - [MESSAGE][PASSED] - Text 'Произошла ошибка при выполнении пользовательского кода' is not present on page

11-03-2025T02:48:54 - [TEST_STEP][PASSED] - if (verifyTextNotPresent("У виджета нет данных", false) == true): null

11-03-2025T02:48:54 - [MESSAGE][PASSED] - Text 'У виджета нет данных' is not present on page

11-03-2025T02:48:54 - [TEST_STEP][PASSED] - if (verifyTextNotPresent("У виджета нет данных", false) == true): Text 'У виджета нет данных' is not present on page

11-03-2025T02:48:55 - [MESSAGE][PASSED] - Text 'У виджета нет данных' is not present on page

11-03-2025T02:48:55 - [TEST_STEP][PASSED] - click(findTestObject("Выручка по ДЗО/Фильтр Выручка")): Object: 'Object Repository/Выручка по ДЗО/Фильтр Выручка' is clicked on

11-03-2025T02:48:55 - [MESSAGE][PASSED] - Object: 'Object Repository/Выручка по ДЗО/Фильтр Выручка' is clicked on

11-03-2025T02:48:55 - [TEST_STEP][PASSED] - click(findTestObject("Выручка по ДЗО/Внутренний оборот в фильтре Выручка")): Object: 'Object Repository/Выручка по ДЗО/Внутренний оборот в фильтре Выручка' is clicked on

11-03-2025T02:48:55 - [MESSAGE][PASSED] - Object: 'Object Repository/Выручка по ДЗО/Внутренний оборот в фильтре Выручка' is clicked on

11-03-2025T02:48:55 - [TEST_STEP][PASSED] - click(findTestObject("Выручка по ДЗО/Применить в фильтре Выручка")): Object: 'Object Repository/Выручка по ДЗО/Применить в фильтре Выручка' is clicked on

11-03-2025T02:48:56 - [MESSAGE][PASSED] - Object: 'Object Repository/Выручка по ДЗО/Применить в фильтре Выручка' is clicked on

11-03-2025T02:48:56 - [TEST_STEP][PASSED] - Script1687405711779.Test(todaysDate): null

11-03-2025T02:48:56 - [TEST_STEP][PASSED] - delay(10): Delayed 10 second(s)

11-03-2025T02:49:06 - [MESSAGE][PASSED] - Delayed 10 second(s)

11-03-2025T02:49:06 - [TEST_STEP][FAILED] - if (verifyTextNotPresent("нет данных", false) == true): Text 'нет данных' is present on page  (Root cause: com.kms.katalon.core.exception.StepFailedException: Text 'нет данных' is present on page 
	at com.kms.katalon.core.webui.keyword.internal.WebUIKeywordMain.stepFailed(WebUIKeywordMain.groovy:64)
	at com.kms.katalon.core.webui.keyword.builtin.VerifyTextNotPresentKeyword$_verifyTextNotPresent_closure1.doCall(VerifyTextNotPresentKeyword.groovy:77)
	at com.kms.katalon.core.webui.keyword.builtin.VerifyTextNotPresentKeyword$_verifyTextNotPresent_closure1.call(VerifyTextNotPresentKeyword.groovy)
	at com.kms.katalon.core.webui.keyword.internal.WebUIKeywordMain.runKeyword(WebUIKeywordMain.groovy:20)
	at com.kms.katalon.core.webui.keyword.builtin.VerifyTextNotPresentKeyword.verifyTextNotPresent(VerifyTextNotPresentKeyword.groovy:82)
	at com.kms.katalon.core.webui.keyword.builtin.VerifyTextNotPresentKeyword.execute(VerifyTextNotPresentKeyword.groovy:68)
	at com.kms.katalon.core.keyword.internal.KeywordExecutor.executeKeywordForPlatform(KeywordExecutor.groovy:74)
	at com.kms.katalon.core.webui.keyword.WebUiBuiltInKeywords.verifyTextNotPresent(WebUiBuiltInKeywords.groovy:1795)
	at Выручка по ДЗО отображение данных все филиалы.Test(Выручка по ДЗО отображение данных все филиалы:772)
	at Выручка по ДЗО отображение данных все филиалы.Tumbler(Выручка по ДЗО отображение данных все филиалы:726)
	at Выручка по ДЗО отображение данных все филиалы.Change(Выручка по ДЗО отображение данных все филиалы:760)
	at Выручка по ДЗО отображение данных все филиалы.DzoTest(Выручка по ДЗО отображение данных все филиалы:182)
	at Выручка по ДЗО отображение данных все филиалы.run(Выручка по ДЗО отображение данных все филиалы:122)
	at com.kms.katalon.core.main.ScriptEngine.run(ScriptEngine.java:194)
	at com.kms.katalon.core.main.ScriptEngine.runScriptAsRawText(ScriptEngine.java:119)
	at com.kms.katalon.core.main.TestCaseExecutor.runScript(TestCaseExecutor.java:448)
	at com.kms.katalon.core.main.TestCaseExecutor.doExecute(TestCaseExecutor.java:439)
	at com.kms.katalon.core.main.TestCaseExecutor.processExecutionPhase(TestCaseExecutor.java:418)
	at com.kms.katalon.core.main.TestCaseExecutor.accessMainPhase(TestCaseExecutor.java:410)
	at com.kms.katalon.core.main.TestCaseExecutor.execute(TestCaseExecutor.java:285)
	at com.kms.katalon.core.common.CommonExecutor.accessTestCaseMainPhase(CommonExecutor.java:65)
	at com.kms.katalon.core.main.TestSuiteExecutor.accessTestSuiteMainPhase(TestSuiteExecutor.java:150)
	at com.kms.katalon.core.main.TestSuiteExecutor.execute(TestSuiteExecutor.java:106)
	at com.kms.katalon.core.main.TestCaseMain.startTestSuite(TestCaseMain.java:180)
	at TempTestSuite1741649958618.run(TempTestSuite1741649958618.groovy:35)
	at java.base/jdk.internal.reflect.NativeMethodAccessorImpl.invoke0(Native Method)
	at java.base/jdk.internal.reflect.NativeMethodAccessorImpl.invoke(NativeMethodAccessorImpl.java:77)
	at java.base/jdk.internal.reflect.DelegatingMethodAccessorImpl.invoke(DelegatingMethodAccessorImpl.java:43)
)

11-03-2025T02:49:07 - [MESSAGE][FAILED] - Text 'нет данных' is present on page  (Root cause: com.kms.katalon.core.exception.StepFailedException: Text 'нет данных' is present on page 
	at com.kms.katalon.core.webui.keyword.internal.WebUIKeywordMain.stepFailed(WebUIKeywordMain.groovy:64)
	at com.kms.katalon.core.webui.keyword.builtin.VerifyTextNotPresentKeyword$_verifyTextNotPresent_closure1.doCall(VerifyTextNotPresentKeyword.groovy:77)
	at com.kms.katalon.core.webui.keyword.builtin.VerifyTextNotPresentKeyword$_verifyTextNotPresent_closure1.call(VerifyTextNotPresentKeyword.groovy)
	at com.kms.katalon.core.webui.keyword.internal.WebUIKeywordMain.runKeyword(WebUIKeywordMain.groovy:20)
	at com.kms.katalon.core.webui.keyword.builtin.VerifyTextNotPresentKeyword.verifyTextNotPresent(VerifyTextNotPresentKeyword.groovy:82)
	at com.kms.katalon.core.webui.keyword.builtin.VerifyTextNotPresentKeyword.execute(VerifyTextNotPresentKeyword.groovy:68)
	at com.kms.katalon.core.keyword.internal.KeywordExecutor.executeKeywordForPlatform(KeywordExecutor.groovy:74)
	at com.kms.katalon.core.webui.keyword.WebUiBuiltInKeywords.verifyTextNotPresent(WebUiBuiltInKeywords.groovy:1795)
	at Выручка по ДЗО отображение данных все филиалы.Test(Выручка по ДЗО отображение данных все филиалы:772)
	at Выручка по ДЗО отображение данных все филиалы.Tumbler(Выручка по ДЗО отображение данных все филиалы:726)
	at Выручка по ДЗО отображение данных все филиалы.Change(Выручка по ДЗО отображение данных все филиалы:760)
	at Выручка по ДЗО отображение данных все филиалы.DzoTest(Выручка по ДЗО отображение данных все филиалы:182)
	at Выручка по ДЗО отображение данных все филиалы.run(Выручка по ДЗО отображение данных все филиалы:122)
	at com.kms.katalon.core.main.ScriptEngine.run(ScriptEngine.java:194)
	at com.kms.katalon.core.main.ScriptEngine.runScriptAsRawText(ScriptEngine.java:119)
	at com.kms.katalon.core.main.TestCaseExecutor.runScript(TestCaseExecutor.java:448)
	at com.kms.katalon.core.main.TestCaseExecutor.doExecute(TestCaseExecutor.java:439)
	at com.kms.katalon.core.main.TestCaseExecutor.processExecutionPhase(TestCaseExecutor.java:418)
	at com.kms.katalon.core.main.TestCaseExecutor.accessMainPhase(TestCaseExecutor.java:410)
	at com.kms.katalon.core.main.TestCaseExecutor.execute(TestCaseExecutor.java:285)
	at com.kms.katalon.core.common.CommonExecutor.accessTestCaseMainPhase(CommonExecutor.java:65)
	at com.kms.katalon.core.main.TestSuiteExecutor.accessTestSuiteMainPhase(TestSuiteExecutor.java:150)
	at com.kms.katalon.core.main.TestSuiteExecutor.execute(TestSuiteExecutor.java:106)
	at com.kms.katalon.core.main.TestCaseMain.startTestSuite(TestCaseMain.java:180)
	at TempTestSuite1741649958618.run(TempTestSuite1741649958618.groovy:35)
	at java.base/jdk.internal.reflect.NativeMethodAccessorImpl.invoke0(Native Method)
	at java.base/jdk.internal.reflect.NativeMethodAccessorImpl.invoke(NativeMethodAccessorImpl.java:77)
	at java.base/jdk.internal.reflect.DelegatingMethodAccessorImpl.invoke(DelegatingMethodAccessorImpl.java:43)
)

11-03-2025T02:49:07 - [TEST_STEP][PASSED] - else: null

11-03-2025T02:49:07 - [TEST_STEP][PASSED] - Script1687405711779.WriteToExcel(todaysDate): null

11-03-2025T02:49:07 - [TEST_STEP][PASSED] - sheetName = "Sheet1": null

11-03-2025T02:49:07 - [TEST_STEP][PASSED] - data = findTestData("PlanFact"): null

11-03-2025T02:49:07 - [TEST_STEP][PASSED] - n = data.getRowNumbers() + 1: null

11-03-2025T02:49:07 - [TEST_STEP][PASSED] - dZO = getText(findTestObject("Выручка по ДЗО/Фильтр ДЗО")): Text of object 'Object Repository/Выручка по ДЗО/Фильтр ДЗО' is: 'ПАО Россети - РаспредКомплекс - Россети Волга - Оренбургэнерго'

11-03-2025T02:49:07 - [MESSAGE][PASSED] - Text of object 'Object Repository/Выручка по ДЗО/Фильтр ДЗО' is: 'ПАО Россети - РаспредКомплекс - Россети Волга - Оренбургэнерго'

11-03-2025T02:49:07 - [TEST_STEP][PASSED] - period = getText(findTestObject("Выручка по ДЗО/Фильтр Дата")): Text of object 'Object Repository/Выручка по ДЗО/Фильтр Дата' is: 'Январь 2025 года'

11-03-2025T02:49:07 - [MESSAGE][PASSED] - Text of object 'Object Repository/Выручка по ДЗО/Фильтр Дата' is: 'Январь 2025 года'

11-03-2025T02:49:07 - [TEST_STEP][PASSED] - viruchka = getText(findTestObject("Выручка по ДЗО/Фильтр Выручка")): Text of object 'Object Repository/Выручка по ДЗО/Фильтр Выручка' is: 'внутренний оборот'

11-03-2025T02:49:07 - [MESSAGE][PASSED] - Text of object 'Object Repository/Выручка по ДЗО/Фильтр Выручка' is: 'внутренний оборот'

11-03-2025T02:49:07 - [TEST_STEP][PASSED] - if (viruchka == "Выбрано: 2"): null

11-03-2025T02:49:07 - [TEST_STEP][PASSED] - if (viruchka == "Все"): null

11-03-2025T02:49:07 - [TEST_STEP][PASSED] - println(period): null

11-03-2025T02:49:07 - [TEST_STEP][PASSED] - dashboardName = "Выручка по ДЗО": null

11-03-2025T02:49:07 - [TEST_STEP][PASSED] - workbook01 = getWorkbook(excelFilePath): null

11-03-2025T02:49:08 - [TEST_STEP][PASSED] - sheet01 = getExcelSheet(workbook01, sheetName): null

11-03-2025T02:49:08 - [TEST_STEP][PASSED] - setValueToCellByIndex(sheet01, n, 0, dashboardName): null

11-03-2025T02:49:08 - [TEST_STEP][PASSED] - setValueToCellByIndex(sheet01, n, 1, dZO): null

11-03-2025T02:49:08 - [TEST_STEP][PASSED] - setValueToCellByIndex(sheet01, n, 2, period): null

11-03-2025T02:49:08 - [TEST_STEP][PASSED] - setValueToCellByIndex(sheet01, n, 3, viruchka): null

11-03-2025T02:49:08 - [TEST_STEP][PASSED] - setValueToCellByIndex(sheet01, n, 4, todaysDate): null

11-03-2025T02:49:08 - [TEST_STEP][PASSED] - n = n + 1: null

11-03-2025T02:49:08 - [TEST_STEP][PASSED] - saveWorkbook(excelFilePath, workbook01): null

11-03-2025T02:49:08 - [TEST_STEP][PASSED] - click(findTestObject("Выручка по ДЗО/Фильтр Выручка")): Object: 'Object Repository/Выручка по ДЗО/Фильтр Выручка' is clicked on

11-03-2025T02:49:08 - [MESSAGE][PASSED] - Object: 'Object Repository/Выручка по ДЗО/Фильтр Выручка' is clicked on

11-03-2025T02:49:08 - [TEST_STEP][PASSED] - click(findTestObject("Выручка по ДЗО/По передаче в фильтре Выручка")): Object: 'Object Repository/Выручка по ДЗО/По передаче в фильтре Выручка' is clicked on

11-03-2025T02:49:09 - [MESSAGE][PASSED] - Object: 'Object Repository/Выручка по ДЗО/По передаче в фильтре Выручка' is clicked on

11-03-2025T02:49:09 - [TEST_STEP][PASSED] - click(findTestObject("Выручка по ДЗО/Применить в фильтре Выручка")): Object: 'Object Repository/Выручка по ДЗО/Применить в фильтре Выручка' is clicked on

11-03-2025T02:49:09 - [MESSAGE][PASSED] - Object: 'Object Repository/Выручка по ДЗО/Применить в фильтре Выручка' is clicked on

11-03-2025T02:49:09 - [TEST_STEP][PASSED] - Script1687405711779.Test(todaysDate): null

11-03-2025T02:49:09 - [TEST_STEP][PASSED] - delay(10): Delayed 10 second(s)

11-03-2025T02:49:19 - [MESSAGE][PASSED] - Delayed 10 second(s)

11-03-2025T02:49:19 - [TEST_STEP][PASSED] - if (verifyTextNotPresent("нет данных", false) == true): null

11-03-2025T02:49:20 - [MESSAGE][PASSED] - Text 'нет данных' is not present on page

11-03-2025T02:49:20 - [TEST_STEP][PASSED] - if (verifyTextNotPresent("Ошибка запроса данных", false) == true): null

11-03-2025T02:49:20 - [MESSAGE][PASSED] - Text 'Ошибка запроса данных' is not present on page

11-03-2025T02:49:20 - [TEST_STEP][PASSED] - if (verifyTextNotPresent("Произошла ошибка при выполнении пользовательского кода", false) == true): null

11-03-2025T02:49:21 - [MESSAGE][PASSED] - Text 'Произошла ошибка при выполнении пользовательского кода' is not present on page

11-03-2025T02:49:21 - [TEST_STEP][PASSED] - if (verifyTextNotPresent("У виджета нет данных", false) == true): null

11-03-2025T02:49:21 - [MESSAGE][PASSED] - Text 'У виджета нет данных' is not present on page

11-03-2025T02:49:21 - [TEST_STEP][PASSED] - if (verifyTextNotPresent("У виджета нет данных", false) == true): Text 'У виджета нет данных' is not present on page

11-03-2025T02:49:22 - [MESSAGE][PASSED] - Text 'У виджета нет данных' is not present on page

11-03-2025T02:49:22 - [TEST_STEP][PASSED] - click(findTestObject("Выручка по ДЗО/Фильтр Выручка")): Object: 'Object Repository/Выручка по ДЗО/Фильтр Выручка' is clicked on

11-03-2025T02:49:22 - [MESSAGE][PASSED] - Object: 'Object Repository/Выручка по ДЗО/Фильтр Выручка' is clicked on

11-03-2025T02:49:22 - [TEST_STEP][PASSED] - click(findTestObject("Выручка по ДЗО/Снять выделение в фильтре Выручка")): Object: 'Object Repository/Выручка по ДЗО/Снять выделение в фильтре Выручка' is clicked on

11-03-2025T02:49:23 - [MESSAGE][PASSED] - Object: 'Object Repository/Выручка по ДЗО/Снять выделение в фильтре Выручка' is clicked on

11-03-2025T02:49:23 - [TEST_STEP][PASSED] - click(findTestObject("Выручка по ДЗО/По передаче в фильтре Выручка")): Object: 'Object Repository/Выручка по ДЗО/По передаче в фильтре Выручка' is clicked on

11-03-2025T02:49:23 - [MESSAGE][PASSED] - Object: 'Object Repository/Выручка по ДЗО/По передаче в фильтре Выручка' is clicked on

11-03-2025T02:49:23 - [TEST_STEP][PASSED] - click(findTestObject("Выручка по ДЗО/Применить в фильтре Выручка")): Object: 'Object Repository/Выручка по ДЗО/Применить в фильтре Выручка' is clicked on

11-03-2025T02:49:24 - [MESSAGE][PASSED] - Object: 'Object Repository/Выручка по ДЗО/Применить в фильтре Выручка' is clicked on

11-03-2025T02:49:24 - [TEST_STEP][PASSED] - Script1687405711779.Test(todaysDate): null

11-03-2025T02:49:24 - [TEST_STEP][PASSED] - delay(10): Delayed 10 second(s)

11-03-2025T02:49:34 - [MESSAGE][PASSED] - Delayed 10 second(s)

11-03-2025T02:49:34 - [TEST_STEP][PASSED] - if (verifyTextNotPresent("нет данных", false) == true): null

11-03-2025T02:49:34 - [MESSAGE][PASSED] - Text 'нет данных' is not present on page

11-03-2025T02:49:34 - [TEST_STEP][PASSED] - if (verifyTextNotPresent("Ошибка запроса данных", false) == true): null

11-03-2025T02:49:35 - [MESSAGE][PASSED] - Text 'Ошибка запроса данных' is not present on page

11-03-2025T02:49:35 - [TEST_STEP][PASSED] - if (verifyTextNotPresent("Произошла ошибка при выполнении пользовательского кода", false) == true): null

11-03-2025T02:49:35 - [MESSAGE][PASSED] - Text 'Произошла ошибка при выполнении пользовательского кода' is not present on page

11-03-2025T02:49:35 - [TEST_STEP][PASSED] - if (verifyTextNotPresent("У виджета нет данных", false) == true): null

11-03-2025T02:49:36 - [MESSAGE][PASSED] - Text 'У виджета нет данных' is not present on page

11-03-2025T02:49:36 - [TEST_STEP][PASSED] - if (verifyTextNotPresent("У виджета нет данных", false) == true): Text 'У виджета нет данных' is not present on page

11-03-2025T02:49:36 - [MESSAGE][PASSED] - Text 'У виджета нет данных' is not present on page

11-03-2025T02:49:36 - [TEST_STEP][PASSED] - click(findTestObject("Выручка по ДЗО/Фильтр Выручка")): Object: 'Object Repository/Выручка по ДЗО/Фильтр Выручка' is clicked on

11-03-2025T02:49:36 - [MESSAGE][PASSED] - Object: 'Object Repository/Выручка по ДЗО/Фильтр Выручка' is clicked on

11-03-2025T02:49:36 - [TEST_STEP][PASSED] - click(findTestObject("Выручка по ДЗО/Снять выделение в фильтре Выручка")): Object: 'Object Repository/Выручка по ДЗО/Снять выделение в фильтре Выручка' is clicked on

11-03-2025T02:49:37 - [MESSAGE][PASSED] - Object: 'Object Repository/Выручка по ДЗО/Снять выделение в фильтре Выручка' is clicked on

11-03-2025T02:49:37 - [TEST_STEP][PASSED] - click(findTestObject("Выручка по ДЗО/Применить в фильтре Выручка")): Object: 'Object Repository/Выручка по ДЗО/Применить в фильтре Выручка' is clicked on

11-03-2025T02:49:37 - [MESSAGE][PASSED] - Object: 'Object Repository/Выручка по ДЗО/Применить в фильтре Выручка' is clicked on

11-03-2025T02:49:37 - [TEST_STEP][PASSED] - click(findTestObject("Выручка по ДЗО/Фильтр ДЗО")): Object: 'Object Repository/Выручка по ДЗО/Фильтр ДЗО' is clicked on

11-03-2025T02:49:38 - [MESSAGE][PASSED] - Object: 'Object Repository/Выручка по ДЗО/Фильтр ДЗО' is clicked on

11-03-2025T02:49:38 - [TEST_STEP][PASSED] - click(findTestObject("Выручка по ДЗО/Снять выделение в фильтре ДЗО")): Object: 'Object Repository/Выручка по ДЗО/Снять выделение в фильтре ДЗО' is clicked on

11-03-2025T02:49:39 - [MESSAGE][PASSED] - Object: 'Object Repository/Выручка по ДЗО/Снять выделение в фильтре ДЗО' is clicked on

11-03-2025T02:49:39 - [TEST_STEP][PASSED] - scrollToElement(findTestObject("Общие объекты/Пензаэнерго"), 30): Scroll to object 'Object Repository/Общие объекты/Пензаэнерго' successfully

11-03-2025T02:49:39 - [MESSAGE][PASSED] - Scroll to object 'Object Repository/Общие объекты/Пензаэнерго' successfully

11-03-2025T02:49:39 - [TEST_STEP][PASSED] - click(findTestObject("Общие объекты/Пензаэнерго")): Object: 'Object Repository/Общие объекты/Пензаэнерго' is clicked on

11-03-2025T02:49:39 - [MESSAGE][PASSED] - Object: 'Object Repository/Общие объекты/Пензаэнерго' is clicked on

11-03-2025T02:49:39 - [TEST_STEP][PASSED] - Script1687405711779.Change(todaysDate): null

11-03-2025T02:49:39 - [TEST_STEP][PASSED] - scrollToElement(findTestObject("Выручка по ДЗО/Заголовок дашборда"), 30): Scroll to object 'Object Repository/Выручка по ДЗО/Заголовок дашборда' successfully

11-03-2025T02:49:40 - [MESSAGE][PASSED] - Scroll to object 'Object Repository/Выручка по ДЗО/Заголовок дашборда' successfully

11-03-2025T02:49:40 - [TEST_STEP][PASSED] - click(findTestObject("Выручка по ДЗО/Применить в фильтре ДЗО")): Object: 'Object Repository/Выручка по ДЗО/Применить в фильтре ДЗО' is clicked on

11-03-2025T02:49:41 - [MESSAGE][PASSED] - Object: 'Object Repository/Выручка по ДЗО/Применить в фильтре ДЗО' is clicked on

11-03-2025T02:49:41 - [TEST_STEP][PASSED] - Script1687405711779.Tumbler(todaysDate): null

11-03-2025T02:49:41 - [TEST_STEP][PASSED] - Script1687405711779.Test(todaysDate): null

11-03-2025T02:49:41 - [TEST_STEP][PASSED] - delay(10): Delayed 10 second(s)

11-03-2025T02:49:51 - [MESSAGE][PASSED] - Delayed 10 second(s)

11-03-2025T02:49:51 - [TEST_STEP][PASSED] - if (verifyTextNotPresent("нет данных", false) == true): null

11-03-2025T02:49:51 - [MESSAGE][PASSED] - Text 'нет данных' is not present on page

11-03-2025T02:49:51 - [TEST_STEP][PASSED] - if (verifyTextNotPresent("Ошибка запроса данных", false) == true): null

11-03-2025T02:49:52 - [MESSAGE][PASSED] - Text 'Ошибка запроса данных' is not present on page

11-03-2025T02:49:52 - [TEST_STEP][PASSED] - if (verifyTextNotPresent("Произошла ошибка при выполнении пользовательского кода", false) == true): null

11-03-2025T02:49:52 - [MESSAGE][PASSED] - Text 'Произошла ошибка при выполнении пользовательского кода' is not present on page

11-03-2025T02:49:52 - [TEST_STEP][PASSED] - if (verifyTextNotPresent("У виджета нет данных", false) == true): null

11-03-2025T02:49:52 - [MESSAGE][PASSED] - Text 'У виджета нет данных' is not present on page

11-03-2025T02:49:52 - [TEST_STEP][PASSED] - if (verifyTextNotPresent("У виджета нет данных", false) == true): Text 'У виджета нет данных' is not present on page

11-03-2025T02:49:53 - [MESSAGE][PASSED] - Text 'У виджета нет данных' is not present on page

11-03-2025T02:49:53 - [TEST_STEP][PASSED] - click(findTestObject("Выручка по ДЗО/Фильтр Выручка")): Object: 'Object Repository/Выручка по ДЗО/Фильтр Выручка' is clicked on

11-03-2025T02:49:53 - [MESSAGE][PASSED] - Object: 'Object Repository/Выручка по ДЗО/Фильтр Выручка' is clicked on

11-03-2025T02:49:53 - [TEST_STEP][PASSED] - click(findTestObject("Выручка по ДЗО/Внутренний оборот в фильтре Выручка")): Object: 'Object Repository/Выручка по ДЗО/Внутренний оборот в фильтре Выручка' is clicked on

11-03-2025T02:49:54 - [MESSAGE][PASSED] - Object: 'Object Repository/Выручка по ДЗО/Внутренний оборот в фильтре Выручка' is clicked on

11-03-2025T02:49:54 - [TEST_STEP][PASSED] - click(findTestObject("Выручка по ДЗО/Применить в фильтре Выручка")): Object: 'Object Repository/Выручка по ДЗО/Применить в фильтре Выручка' is clicked on

11-03-2025T02:49:54 - [MESSAGE][PASSED] - Object: 'Object Repository/Выручка по ДЗО/Применить в фильтре Выручка' is clicked on

11-03-2025T02:49:54 - [TEST_STEP][PASSED] - Script1687405711779.Test(todaysDate): null

11-03-2025T02:49:54 - [TEST_STEP][PASSED] - delay(10): Delayed 10 second(s)

11-03-2025T02:50:04 - [MESSAGE][PASSED] - Delayed 10 second(s)

11-03-2025T02:50:04 - [TEST_STEP][FAILED] - if (verifyTextNotPresent("нет данных", false) == true): Text 'нет данных' is present on page  (Root cause: com.kms.katalon.core.exception.StepFailedException: Text 'нет данных' is present on page 
	at com.kms.katalon.core.webui.keyword.internal.WebUIKeywordMain.stepFailed(WebUIKeywordMain.groovy:64)
	at com.kms.katalon.core.webui.keyword.builtin.VerifyTextNotPresentKeyword$_verifyTextNotPresent_closure1.doCall(VerifyTextNotPresentKeyword.groovy:77)
	at com.kms.katalon.core.webui.keyword.builtin.VerifyTextNotPresentKeyword$_verifyTextNotPresent_closure1.call(VerifyTextNotPresentKeyword.groovy)
	at com.kms.katalon.core.webui.keyword.internal.WebUIKeywordMain.runKeyword(WebUIKeywordMain.groovy:20)
	at com.kms.katalon.core.webui.keyword.builtin.VerifyTextNotPresentKeyword.verifyTextNotPresent(VerifyTextNotPresentKeyword.groovy:82)
	at com.kms.katalon.core.webui.keyword.builtin.VerifyTextNotPresentKeyword.execute(VerifyTextNotPresentKeyword.groovy:68)
	at com.kms.katalon.core.keyword.internal.KeywordExecutor.executeKeywordForPlatform(KeywordExecutor.groovy:74)
	at com.kms.katalon.core.webui.keyword.WebUiBuiltInKeywords.verifyTextNotPresent(WebUiBuiltInKeywords.groovy:1795)
	at Выручка по ДЗО отображение данных все филиалы.Test(Выручка по ДЗО отображение данных все филиалы:772)
	at Выручка по ДЗО отображение данных все филиалы.Tumbler(Выручка по ДЗО отображение данных все филиалы:726)
	at Выручка по ДЗО отображение данных все филиалы.Change(Выручка по ДЗО отображение данных все филиалы:760)
	at Выручка по ДЗО отображение данных все филиалы.DzoTest(Выручка по ДЗО отображение данных все филиалы:188)
	at Выручка по ДЗО отображение данных все филиалы.run(Выручка по ДЗО отображение данных все филиалы:122)
	at com.kms.katalon.core.main.ScriptEngine.run(ScriptEngine.java:194)
	at com.kms.katalon.core.main.ScriptEngine.runScriptAsRawText(ScriptEngine.java:119)
	at com.kms.katalon.core.main.TestCaseExecutor.runScript(TestCaseExecutor.java:448)
	at com.kms.katalon.core.main.TestCaseExecutor.doExecute(TestCaseExecutor.java:439)
	at com.kms.katalon.core.main.TestCaseExecutor.processExecutionPhase(TestCaseExecutor.java:418)
	at com.kms.katalon.core.main.TestCaseExecutor.accessMainPhase(TestCaseExecutor.java:410)
	at com.kms.katalon.core.main.TestCaseExecutor.execute(TestCaseExecutor.java:285)
	at com.kms.katalon.core.common.CommonExecutor.accessTestCaseMainPhase(CommonExecutor.java:65)
	at com.kms.katalon.core.main.TestSuiteExecutor.accessTestSuiteMainPhase(TestSuiteExecutor.java:150)
	at com.kms.katalon.core.main.TestSuiteExecutor.execute(TestSuiteExecutor.java:106)
	at com.kms.katalon.core.main.TestCaseMain.startTestSuite(TestCaseMain.java:180)
	at TempTestSuite1741649958618.run(TempTestSuite1741649958618.groovy:35)
	at java.base/jdk.internal.reflect.NativeMethodAccessorImpl.invoke0(Native Method)
	at java.base/jdk.internal.reflect.NativeMethodAccessorImpl.invoke(NativeMethodAccessorImpl.java:77)
	at java.base/jdk.internal.reflect.DelegatingMethodAccessorImpl.invoke(DelegatingMethodAccessorImpl.java:43)
)

11-03-2025T02:50:05 - [MESSAGE][FAILED] - Text 'нет данных' is present on page  (Root cause: com.kms.katalon.core.exception.StepFailedException: Text 'нет данных' is present on page 
	at com.kms.katalon.core.webui.keyword.internal.WebUIKeywordMain.stepFailed(WebUIKeywordMain.groovy:64)
	at com.kms.katalon.core.webui.keyword.builtin.VerifyTextNotPresentKeyword$_verifyTextNotPresent_closure1.doCall(VerifyTextNotPresentKeyword.groovy:77)
	at com.kms.katalon.core.webui.keyword.builtin.VerifyTextNotPresentKeyword$_verifyTextNotPresent_closure1.call(VerifyTextNotPresentKeyword.groovy)
	at com.kms.katalon.core.webui.keyword.internal.WebUIKeywordMain.runKeyword(WebUIKeywordMain.groovy:20)
	at com.kms.katalon.core.webui.keyword.builtin.VerifyTextNotPresentKeyword.verifyTextNotPresent(VerifyTextNotPresentKeyword.groovy:82)
	at com.kms.katalon.core.webui.keyword.builtin.VerifyTextNotPresentKeyword.execute(VerifyTextNotPresentKeyword.groovy:68)
	at com.kms.katalon.core.keyword.internal.KeywordExecutor.executeKeywordForPlatform(KeywordExecutor.groovy:74)
	at com.kms.katalon.core.webui.keyword.WebUiBuiltInKeywords.verifyTextNotPresent(WebUiBuiltInKeywords.groovy:1795)
	at Выручка по ДЗО отображение данных все филиалы.Test(Выручка по ДЗО отображение данных все филиалы:772)
	at Выручка по ДЗО отображение данных все филиалы.Tumbler(Выручка по ДЗО отображение данных все филиалы:726)
	at Выручка по ДЗО отображение данных все филиалы.Change(Выручка по ДЗО отображение данных все филиалы:760)
	at Выручка по ДЗО отображение данных все филиалы.DzoTest(Выручка по ДЗО отображение данных все филиалы:188)
	at Выручка по ДЗО отображение данных все филиалы.run(Выручка по ДЗО отображение данных все филиалы:122)
	at com.kms.katalon.core.main.ScriptEngine.run(ScriptEngine.java:194)
	at com.kms.katalon.core.main.ScriptEngine.runScriptAsRawText(ScriptEngine.java:119)
	at com.kms.katalon.core.main.TestCaseExecutor.runScript(TestCaseExecutor.java:448)
	at com.kms.katalon.core.main.TestCaseExecutor.doExecute(TestCaseExecutor.java:439)
	at com.kms.katalon.core.main.TestCaseExecutor.processExecutionPhase(TestCaseExecutor.java:418)
	at com.kms.katalon.core.main.TestCaseExecutor.accessMainPhase(TestCaseExecutor.java:410)
	at com.kms.katalon.core.main.TestCaseExecutor.execute(TestCaseExecutor.java:285)
	at com.kms.katalon.core.common.CommonExecutor.accessTestCaseMainPhase(CommonExecutor.java:65)
	at com.kms.katalon.core.main.TestSuiteExecutor.accessTestSuiteMainPhase(TestSuiteExecutor.java:150)
	at com.kms.katalon.core.main.TestSuiteExecutor.execute(TestSuiteExecutor.java:106)
	at com.kms.katalon.core.main.TestCaseMain.startTestSuite(TestCaseMain.java:180)
	at TempTestSuite1741649958618.run(TempTestSuite1741649958618.groovy:35)
	at java.base/jdk.internal.reflect.NativeMethodAccessorImpl.invoke0(Native Method)
	at java.base/jdk.internal.reflect.NativeMethodAccessorImpl.invoke(NativeMethodAccessorImpl.java:77)
	at java.base/jdk.internal.reflect.DelegatingMethodAccessorImpl.invoke(DelegatingMethodAccessorImpl.java:43)
)

11-03-2025T02:50:05 - [TEST_STEP][PASSED] - else: null

11-03-2025T02:50:05 - [TEST_STEP][PASSED] - Script1687405711779.WriteToExcel(todaysDate): null

11-03-2025T02:50:05 - [TEST_STEP][PASSED] - sheetName = "Sheet1": null

11-03-2025T02:50:05 - [TEST_STEP][PASSED] - data = findTestData("PlanFact"): null

11-03-2025T02:50:05 - [TEST_STEP][PASSED] - n = data.getRowNumbers() + 1: null

11-03-2025T02:50:05 - [TEST_STEP][PASSED] - dZO = getText(findTestObject("Выручка по ДЗО/Фильтр ДЗО")): Text of object 'Object Repository/Выручка по ДЗО/Фильтр ДЗО' is: 'ПАО Россети - РаспредКомплекс - Россети Волга - Пензаэнерго'

11-03-2025T02:50:05 - [MESSAGE][PASSED] - Text of object 'Object Repository/Выручка по ДЗО/Фильтр ДЗО' is: 'ПАО Россети - РаспредКомплекс - Россети Волга - Пензаэнерго'

11-03-2025T02:50:05 - [TEST_STEP][PASSED] - period = getText(findTestObject("Выручка по ДЗО/Фильтр Дата")): Text of object 'Object Repository/Выручка по ДЗО/Фильтр Дата' is: 'Январь 2025 года'

11-03-2025T02:50:06 - [MESSAGE][PASSED] - Text of object 'Object Repository/Выручка по ДЗО/Фильтр Дата' is: 'Январь 2025 года'

11-03-2025T02:50:06 - [TEST_STEP][PASSED] - viruchka = getText(findTestObject("Выручка по ДЗО/Фильтр Выручка")): Text of object 'Object Repository/Выручка по ДЗО/Фильтр Выручка' is: 'внутренний оборот'

11-03-2025T02:50:06 - [MESSAGE][PASSED] - Text of object 'Object Repository/Выручка по ДЗО/Фильтр Выручка' is: 'внутренний оборот'

11-03-2025T02:50:06 - [TEST_STEP][PASSED] - if (viruchka == "Выбрано: 2"): null

11-03-2025T02:50:06 - [TEST_STEP][PASSED] - if (viruchka == "Все"): null

11-03-2025T02:50:06 - [TEST_STEP][PASSED] - println(period): null

11-03-2025T02:50:06 - [TEST_STEP][PASSED] - dashboardName = "Выручка по ДЗО": null

11-03-2025T02:50:06 - [TEST_STEP][PASSED] - workbook01 = getWorkbook(excelFilePath): null

11-03-2025T02:50:06 - [TEST_STEP][PASSED] - sheet01 = getExcelSheet(workbook01, sheetName): null

11-03-2025T02:50:06 - [TEST_STEP][PASSED] - setValueToCellByIndex(sheet01, n, 0, dashboardName): null

11-03-2025T02:50:06 - [TEST_STEP][PASSED] - setValueToCellByIndex(sheet01, n, 1, dZO): null

11-03-2025T02:50:06 - [TEST_STEP][PASSED] - setValueToCellByIndex(sheet01, n, 2, period): null

11-03-2025T02:50:06 - [TEST_STEP][PASSED] - setValueToCellByIndex(sheet01, n, 3, viruchka): null

11-03-2025T02:50:06 - [TEST_STEP][PASSED] - setValueToCellByIndex(sheet01, n, 4, todaysDate): null

11-03-2025T02:50:06 - [TEST_STEP][PASSED] - n = n + 1: null

11-03-2025T02:50:06 - [TEST_STEP][PASSED] - saveWorkbook(excelFilePath, workbook01): null

11-03-2025T02:50:06 - [TEST_STEP][PASSED] - click(findTestObject("Выручка по ДЗО/Фильтр Выручка")): Object: 'Object Repository/Выручка по ДЗО/Фильтр Выручка' is clicked on

11-03-2025T02:50:06 - [MESSAGE][PASSED] - Object: 'Object Repository/Выручка по ДЗО/Фильтр Выручка' is clicked on

11-03-2025T02:50:06 - [TEST_STEP][PASSED] - click(findTestObject("Выручка по ДЗО/По передаче в фильтре Выручка")): Object: 'Object Repository/Выручка по ДЗО/По передаче в фильтре Выручка' is clicked on

11-03-2025T02:50:07 - [MESSAGE][PASSED] - Object: 'Object Repository/Выручка по ДЗО/По передаче в фильтре Выручка' is clicked on

11-03-2025T02:50:07 - [TEST_STEP][PASSED] - click(findTestObject("Выручка по ДЗО/Применить в фильтре Выручка")): Object: 'Object Repository/Выручка по ДЗО/Применить в фильтре Выручка' is clicked on

11-03-2025T02:50:08 - [MESSAGE][PASSED] - Object: 'Object Repository/Выручка по ДЗО/Применить в фильтре Выручка' is clicked on

11-03-2025T02:50:08 - [TEST_STEP][PASSED] - Script1687405711779.Test(todaysDate): null

11-03-2025T02:50:08 - [TEST_STEP][PASSED] - delay(10): Delayed 10 second(s)

11-03-2025T02:50:18 - [MESSAGE][PASSED] - Delayed 10 second(s)

11-03-2025T02:50:18 - [TEST_STEP][PASSED] - if (verifyTextNotPresent("нет данных", false) == true): null

11-03-2025T02:50:18 - [MESSAGE][PASSED] - Text 'нет данных' is not present on page

11-03-2025T02:50:18 - [TEST_STEP][PASSED] - if (verifyTextNotPresent("Ошибка запроса данных", false) == true): null

11-03-2025T02:50:19 - [MESSAGE][PASSED] - Text 'Ошибка запроса данных' is not present on page

11-03-2025T02:50:19 - [TEST_STEP][PASSED] - if (verifyTextNotPresent("Произошла ошибка при выполнении пользовательского кода", false) == true): null

11-03-2025T02:50:19 - [MESSAGE][PASSED] - Text 'Произошла ошибка при выполнении пользовательского кода' is not present on page

11-03-2025T02:50:19 - [TEST_STEP][PASSED] - if (verifyTextNotPresent("У виджета нет данных", false) == true): null

11-03-2025T02:50:20 - [MESSAGE][PASSED] - Text 'У виджета нет данных' is not present on page

11-03-2025T02:50:20 - [TEST_STEP][PASSED] - if (verifyTextNotPresent("У виджета нет данных", false) == true): Text 'У виджета нет данных' is not present on page

11-03-2025T02:50:20 - [MESSAGE][PASSED] - Text 'У виджета нет данных' is not present on page

11-03-2025T02:50:20 - [TEST_STEP][PASSED] - click(findTestObject("Выручка по ДЗО/Фильтр Выручка")): Object: 'Object Repository/Выручка по ДЗО/Фильтр Выручка' is clicked on

11-03-2025T02:50:20 - [MESSAGE][PASSED] - Object: 'Object Repository/Выручка по ДЗО/Фильтр Выручка' is clicked on

11-03-2025T02:50:20 - [TEST_STEP][PASSED] - click(findTestObject("Выручка по ДЗО/Снять выделение в фильтре Выручка")): Object: 'Object Repository/Выручка по ДЗО/Снять выделение в фильтре Выручка' is clicked on

11-03-2025T02:50:21 - [MESSAGE][PASSED] - Object: 'Object Repository/Выручка по ДЗО/Снять выделение в фильтре Выручка' is clicked on

11-03-2025T02:50:21 - [TEST_STEP][PASSED] - click(findTestObject("Выручка по ДЗО/По передаче в фильтре Выручка")): Object: 'Object Repository/Выручка по ДЗО/По передаче в фильтре Выручка' is clicked on

11-03-2025T02:50:21 - [MESSAGE][PASSED] - Object: 'Object Repository/Выручка по ДЗО/По передаче в фильтре Выручка' is clicked on

11-03-2025T02:50:21 - [TEST_STEP][PASSED] - click(findTestObject("Выручка по ДЗО/Применить в фильтре Выручка")): Object: 'Object Repository/Выручка по ДЗО/Применить в фильтре Выручка' is clicked on

11-03-2025T02:50:22 - [MESSAGE][PASSED] - Object: 'Object Repository/Выручка по ДЗО/Применить в фильтре Выручка' is clicked on

11-03-2025T02:50:22 - [TEST_STEP][PASSED] - Script1687405711779.Test(todaysDate): null

11-03-2025T02:50:22 - [TEST_STEP][PASSED] - delay(10): Delayed 10 second(s)

11-03-2025T02:50:32 - [MESSAGE][PASSED] - Delayed 10 second(s)

11-03-2025T02:50:32 - [TEST_STEP][PASSED] - if (verifyTextNotPresent("нет данных", false) == true): null

11-03-2025T02:50:32 - [MESSAGE][PASSED] - Text 'нет данных' is not present on page

11-03-2025T02:50:32 - [TEST_STEP][PASSED] - if (verifyTextNotPresent("Ошибка запроса данных", false) == true): null

11-03-2025T02:50:33 - [MESSAGE][PASSED] - Text 'Ошибка запроса данных' is not present on page

11-03-2025T02:50:33 - [TEST_STEP][PASSED] - if (verifyTextNotPresent("Произошла ошибка при выполнении пользовательского кода", false) == true): null

11-03-2025T02:50:33 - [MESSAGE][PASSED] - Text 'Произошла ошибка при выполнении пользовательского кода' is not present on page

11-03-2025T02:50:33 - [TEST_STEP][PASSED] - if (verifyTextNotPresent("У виджета нет данных", false) == true): null

11-03-2025T02:50:34 - [MESSAGE][PASSED] - Text 'У виджета нет данных' is not present on page

11-03-2025T02:50:34 - [TEST_STEP][PASSED] - if (verifyTextNotPresent("У виджета нет данных", false) == true): Text 'У виджета нет данных' is not present on page

11-03-2025T02:50:34 - [MESSAGE][PASSED] - Text 'У виджета нет данных' is not present on page

11-03-2025T02:50:34 - [TEST_STEP][PASSED] - click(findTestObject("Выручка по ДЗО/Фильтр Выручка")): Object: 'Object Repository/Выручка по ДЗО/Фильтр Выручка' is clicked on

11-03-2025T02:50:35 - [MESSAGE][PASSED] - Object: 'Object Repository/Выручка по ДЗО/Фильтр Выручка' is clicked on

11-03-2025T02:50:35 - [TEST_STEP][PASSED] - click(findTestObject("Выручка по ДЗО/Снять выделение в фильтре Выручка")): Object: 'Object Repository/Выручка по ДЗО/Снять выделение в фильтре Выручка' is clicked on

11-03-2025T02:50:35 - [MESSAGE][PASSED] - Object: 'Object Repository/Выручка по ДЗО/Снять выделение в фильтре Выручка' is clicked on

11-03-2025T02:50:35 - [TEST_STEP][PASSED] - click(findTestObject("Выручка по ДЗО/Применить в фильтре Выручка")): Object: 'Object Repository/Выручка по ДЗО/Применить в фильтре Выручка' is clicked on

11-03-2025T02:50:36 - [MESSAGE][PASSED] - Object: 'Object Repository/Выручка по ДЗО/Применить в фильтре Выручка' is clicked on

11-03-2025T02:50:36 - [TEST_STEP][PASSED] - click(findTestObject("Выручка по ДЗО/Фильтр ДЗО")): Object: 'Object Repository/Выручка по ДЗО/Фильтр ДЗО' is clicked on

11-03-2025T02:50:36 - [MESSAGE][PASSED] - Object: 'Object Repository/Выручка по ДЗО/Фильтр ДЗО' is clicked on

11-03-2025T02:50:36 - [TEST_STEP][PASSED] - click(findTestObject("Выручка по ДЗО/Снять выделение в фильтре ДЗО")): Object: 'Object Repository/Выручка по ДЗО/Снять выделение в фильтре ДЗО' is clicked on

11-03-2025T02:50:37 - [MESSAGE][PASSED] - Object: 'Object Repository/Выручка по ДЗО/Снять выделение в фильтре ДЗО' is clicked on

11-03-2025T02:50:37 - [TEST_STEP][PASSED] - scrollToElement(findTestObject("Общие объекты/Самарские РС"), 30): Scroll to object 'Object Repository/Общие объекты/Самарские РС' successfully

11-03-2025T02:50:37 - [MESSAGE][PASSED] - Scroll to object 'Object Repository/Общие объекты/Самарские РС' successfully

11-03-2025T02:50:37 - [TEST_STEP][PASSED] - click(findTestObject("Общие объекты/Самарские РС")): Object: 'Object Repository/Общие объекты/Самарские РС' is clicked on

11-03-2025T02:50:38 - [MESSAGE][PASSED] - Object: 'Object Repository/Общие объекты/Самарские РС' is clicked on

11-03-2025T02:50:38 - [TEST_STEP][PASSED] - Script1687405711779.Change(todaysDate): null

11-03-2025T02:50:38 - [TEST_STEP][PASSED] - scrollToElement(findTestObject("Выручка по ДЗО/Заголовок дашборда"), 30): Scroll to object 'Object Repository/Выручка по ДЗО/Заголовок дашборда' successfully

11-03-2025T02:50:38 - [MESSAGE][PASSED] - Scroll to object 'Object Repository/Выручка по ДЗО/Заголовок дашборда' successfully

11-03-2025T02:50:38 - [TEST_STEP][PASSED] - click(findTestObject("Выручка по ДЗО/Применить в фильтре ДЗО")): Object: 'Object Repository/Выручка по ДЗО/Применить в фильтре ДЗО' is clicked on

11-03-2025T02:50:39 - [MESSAGE][PASSED] - Object: 'Object Repository/Выручка по ДЗО/Применить в фильтре ДЗО' is clicked on

11-03-2025T02:50:39 - [TEST_STEP][PASSED] - Script1687405711779.Tumbler(todaysDate): null

11-03-2025T02:50:39 - [TEST_STEP][PASSED] - Script1687405711779.Test(todaysDate): null

11-03-2025T02:50:39 - [TEST_STEP][PASSED] - delay(10): Delayed 10 second(s)

11-03-2025T02:50:49 - [MESSAGE][PASSED] - Delayed 10 second(s)

11-03-2025T02:50:49 - [TEST_STEP][PASSED] - if (verifyTextNotPresent("нет данных", false) == true): null

11-03-2025T02:50:49 - [MESSAGE][PASSED] - Text 'нет данных' is not present on page

11-03-2025T02:50:49 - [TEST_STEP][PASSED] - if (verifyTextNotPresent("Ошибка запроса данных", false) == true): null

11-03-2025T02:50:50 - [MESSAGE][PASSED] - Text 'Ошибка запроса данных' is not present on page

11-03-2025T02:50:50 - [TEST_STEP][PASSED] - if (verifyTextNotPresent("Произошла ошибка при выполнении пользовательского кода", false) == true): null

11-03-2025T02:50:50 - [MESSAGE][PASSED] - Text 'Произошла ошибка при выполнении пользовательского кода' is not present on page

11-03-2025T02:50:50 - [TEST_STEP][PASSED] - if (verifyTextNotPresent("У виджета нет данных", false) == true): null

11-03-2025T02:50:51 - [MESSAGE][PASSED] - Text 'У виджета нет данных' is not present on page

11-03-2025T02:50:51 - [TEST_STEP][PASSED] - if (verifyTextNotPresent("У виджета нет данных", false) == true): Text 'У виджета нет данных' is not present on page

11-03-2025T02:50:51 - [MESSAGE][PASSED] - Text 'У виджета нет данных' is not present on page

11-03-2025T02:50:51 - [TEST_STEP][PASSED] - click(findTestObject("Выручка по ДЗО/Фильтр Выручка")): Object: 'Object Repository/Выручка по ДЗО/Фильтр Выручка' is clicked on

11-03-2025T02:50:51 - [MESSAGE][PASSED] - Object: 'Object Repository/Выручка по ДЗО/Фильтр Выручка' is clicked on

11-03-2025T02:50:51 - [TEST_STEP][PASSED] - click(findTestObject("Выручка по ДЗО/Внутренний оборот в фильтре Выручка")): Object: 'Object Repository/Выручка по ДЗО/Внутренний оборот в фильтре Выручка' is clicked on

11-03-2025T02:50:52 - [MESSAGE][PASSED] - Object: 'Object Repository/Выручка по ДЗО/Внутренний оборот в фильтре Выручка' is clicked on

11-03-2025T02:50:52 - [TEST_STEP][PASSED] - click(findTestObject("Выручка по ДЗО/Применить в фильтре Выручка")): Object: 'Object Repository/Выручка по ДЗО/Применить в фильтре Выручка' is clicked on

11-03-2025T02:50:52 - [MESSAGE][PASSED] - Object: 'Object Repository/Выручка по ДЗО/Применить в фильтре Выручка' is clicked on

11-03-2025T02:50:52 - [TEST_STEP][PASSED] - Script1687405711779.Test(todaysDate): null

11-03-2025T02:50:52 - [TEST_STEP][PASSED] - delay(10): Delayed 10 second(s)

11-03-2025T02:51:02 - [MESSAGE][PASSED] - Delayed 10 second(s)

11-03-2025T02:51:02 - [TEST_STEP][FAILED] - if (verifyTextNotPresent("нет данных", false) == true): Text 'нет данных' is present on page  (Root cause: com.kms.katalon.core.exception.StepFailedException: Text 'нет данных' is present on page 
	at com.kms.katalon.core.webui.keyword.internal.WebUIKeywordMain.stepFailed(WebUIKeywordMain.groovy:64)
	at com.kms.katalon.core.webui.keyword.builtin.VerifyTextNotPresentKeyword$_verifyTextNotPresent_closure1.doCall(VerifyTextNotPresentKeyword.groovy:77)
	at com.kms.katalon.core.webui.keyword.builtin.VerifyTextNotPresentKeyword$_verifyTextNotPresent_closure1.call(VerifyTextNotPresentKeyword.groovy)
	at com.kms.katalon.core.webui.keyword.internal.WebUIKeywordMain.runKeyword(WebUIKeywordMain.groovy:20)
	at com.kms.katalon.core.webui.keyword.builtin.VerifyTextNotPresentKeyword.verifyTextNotPresent(VerifyTextNotPresentKeyword.groovy:82)
	at com.kms.katalon.core.webui.keyword.builtin.VerifyTextNotPresentKeyword.execute(VerifyTextNotPresentKeyword.groovy:68)
	at com.kms.katalon.core.keyword.internal.KeywordExecutor.executeKeywordForPlatform(KeywordExecutor.groovy:74)
	at com.kms.katalon.core.webui.keyword.WebUiBuiltInKeywords.verifyTextNotPresent(WebUiBuiltInKeywords.groovy:1795)
	at Выручка по ДЗО отображение данных все филиалы.Test(Выручка по ДЗО отображение данных все филиалы:772)
	at Выручка по ДЗО отображение данных все филиалы.Tumbler(Выручка по ДЗО отображение данных все филиалы:726)
	at Выручка по ДЗО отображение данных все филиалы.Change(Выручка по ДЗО отображение данных все филиалы:760)
	at Выручка по ДЗО отображение данных все филиалы.DzoTest(Выручка по ДЗО отображение данных все филиалы:194)
	at Выручка по ДЗО отображение данных все филиалы.run(Выручка по ДЗО отображение данных все филиалы:122)
	at com.kms.katalon.core.main.ScriptEngine.run(ScriptEngine.java:194)
	at com.kms.katalon.core.main.ScriptEngine.runScriptAsRawText(ScriptEngine.java:119)
	at com.kms.katalon.core.main.TestCaseExecutor.runScript(TestCaseExecutor.java:448)
	at com.kms.katalon.core.main.TestCaseExecutor.doExecute(TestCaseExecutor.java:439)
	at com.kms.katalon.core.main.TestCaseExecutor.processExecutionPhase(TestCaseExecutor.java:418)
	at com.kms.katalon.core.main.TestCaseExecutor.accessMainPhase(TestCaseExecutor.java:410)
	at com.kms.katalon.core.main.TestCaseExecutor.execute(TestCaseExecutor.java:285)
	at com.kms.katalon.core.common.CommonExecutor.accessTestCaseMainPhase(CommonExecutor.java:65)
	at com.kms.katalon.core.main.TestSuiteExecutor.accessTestSuiteMainPhase(TestSuiteExecutor.java:150)
	at com.kms.katalon.core.main.TestSuiteExecutor.execute(TestSuiteExecutor.java:106)
	at com.kms.katalon.core.main.TestCaseMain.startTestSuite(TestCaseMain.java:180)
	at TempTestSuite1741649958618.run(TempTestSuite1741649958618.groovy:35)
	at java.base/jdk.internal.reflect.NativeMethodAccessorImpl.invoke0(Native Method)
	at java.base/jdk.internal.reflect.NativeMethodAccessorImpl.invoke(NativeMethodAccessorImpl.java:77)
	at java.base/jdk.internal.reflect.DelegatingMethodAccessorImpl.invoke(DelegatingMethodAccessorImpl.java:43)
)

11-03-2025T02:51:03 - [MESSAGE][FAILED] - Text 'нет данных' is present on page  (Root cause: com.kms.katalon.core.exception.StepFailedException: Text 'нет данных' is present on page 
	at com.kms.katalon.core.webui.keyword.internal.WebUIKeywordMain.stepFailed(WebUIKeywordMain.groovy:64)
	at com.kms.katalon.core.webui.keyword.builtin.VerifyTextNotPresentKeyword$_verifyTextNotPresent_closure1.doCall(VerifyTextNotPresentKeyword.groovy:77)
	at com.kms.katalon.core.webui.keyword.builtin.VerifyTextNotPresentKeyword$_verifyTextNotPresent_closure1.call(VerifyTextNotPresentKeyword.groovy)
	at com.kms.katalon.core.webui.keyword.internal.WebUIKeywordMain.runKeyword(WebUIKeywordMain.groovy:20)
	at com.kms.katalon.core.webui.keyword.builtin.VerifyTextNotPresentKeyword.verifyTextNotPresent(VerifyTextNotPresentKeyword.groovy:82)
	at com.kms.katalon.core.webui.keyword.builtin.VerifyTextNotPresentKeyword.execute(VerifyTextNotPresentKeyword.groovy:68)
	at com.kms.katalon.core.keyword.internal.KeywordExecutor.executeKeywordForPlatform(KeywordExecutor.groovy:74)
	at com.kms.katalon.core.webui.keyword.WebUiBuiltInKeywords.verifyTextNotPresent(WebUiBuiltInKeywords.groovy:1795)
	at Выручка по ДЗО отображение данных все филиалы.Test(Выручка по ДЗО отображение данных все филиалы:772)
	at Выручка по ДЗО отображение данных все филиалы.Tumbler(Выручка по ДЗО отображение данных все филиалы:726)
	at Выручка по ДЗО отображение данных все филиалы.Change(Выручка по ДЗО отображение данных все филиалы:760)
	at Выручка по ДЗО отображение данных все филиалы.DzoTest(Выручка по ДЗО отображение данных все филиалы:194)
	at Выручка по ДЗО отображение данных все филиалы.run(Выручка по ДЗО отображение данных все филиалы:122)
	at com.kms.katalon.core.main.ScriptEngine.run(ScriptEngine.java:194)
	at com.kms.katalon.core.main.ScriptEngine.runScriptAsRawText(ScriptEngine.java:119)
	at com.kms.katalon.core.main.TestCaseExecutor.runScript(TestCaseExecutor.java:448)
	at com.kms.katalon.core.main.TestCaseExecutor.doExecute(TestCaseExecutor.java:439)
	at com.kms.katalon.core.main.TestCaseExecutor.processExecutionPhase(TestCaseExecutor.java:418)
	at com.kms.katalon.core.main.TestCaseExecutor.accessMainPhase(TestCaseExecutor.java:410)
	at com.kms.katalon.core.main.TestCaseExecutor.execute(TestCaseExecutor.java:285)
	at com.kms.katalon.core.common.CommonExecutor.accessTestCaseMainPhase(CommonExecutor.java:65)
	at com.kms.katalon.core.main.TestSuiteExecutor.accessTestSuiteMainPhase(TestSuiteExecutor.java:150)
	at com.kms.katalon.core.main.TestSuiteExecutor.execute(TestSuiteExecutor.java:106)
	at com.kms.katalon.core.main.TestCaseMain.startTestSuite(TestCaseMain.java:180)
	at TempTestSuite1741649958618.run(TempTestSuite1741649958618.groovy:35)
	at java.base/jdk.internal.reflect.NativeMethodAccessorImpl.invoke0(Native Method)
	at java.base/jdk.internal.reflect.NativeMethodAccessorImpl.invoke(NativeMethodAccessorImpl.java:77)
	at java.base/jdk.internal.reflect.DelegatingMethodAccessorImpl.invoke(DelegatingMethodAccessorImpl.java:43)
)

11-03-2025T02:51:03 - [TEST_STEP][PASSED] - else: null

11-03-2025T02:51:03 - [TEST_STEP][PASSED] - Script1687405711779.WriteToExcel(todaysDate): null

11-03-2025T02:51:03 - [TEST_STEP][PASSED] - sheetName = "Sheet1": null

11-03-2025T02:51:03 - [TEST_STEP][PASSED] - data = findTestData("PlanFact"): null

11-03-2025T02:51:03 - [TEST_STEP][PASSED] - n = data.getRowNumbers() + 1: null

11-03-2025T02:51:03 - [TEST_STEP][PASSED] - dZO = getText(findTestObject("Выручка по ДЗО/Фильтр ДЗО")): Text of object 'Object Repository/Выручка по ДЗО/Фильтр ДЗО' is: 'ПАО Россети - РаспредКомплекс - Россети Волга - Самарские РС'

11-03-2025T02:51:03 - [MESSAGE][PASSED] - Text of object 'Object Repository/Выручка по ДЗО/Фильтр ДЗО' is: 'ПАО Россети - РаспредКомплекс - Россети Волга - Самарские РС'

11-03-2025T02:51:03 - [TEST_STEP][PASSED] - period = getText(findTestObject("Выручка по ДЗО/Фильтр Дата")): Text of object 'Object Repository/Выручка по ДЗО/Фильтр Дата' is: 'Январь 2025 года'

11-03-2025T02:51:04 - [MESSAGE][PASSED] - Text of object 'Object Repository/Выручка по ДЗО/Фильтр Дата' is: 'Январь 2025 года'

11-03-2025T02:51:04 - [TEST_STEP][PASSED] - viruchka = getText(findTestObject("Выручка по ДЗО/Фильтр Выручка")): Text of object 'Object Repository/Выручка по ДЗО/Фильтр Выручка' is: 'внутренний оборот'

11-03-2025T02:51:04 - [MESSAGE][PASSED] - Text of object 'Object Repository/Выручка по ДЗО/Фильтр Выручка' is: 'внутренний оборот'

11-03-2025T02:51:04 - [TEST_STEP][PASSED] - if (viruchka == "Выбрано: 2"): null

11-03-2025T02:51:04 - [TEST_STEP][PASSED] - if (viruchka == "Все"): null

11-03-2025T02:51:04 - [TEST_STEP][PASSED] - println(period): null

11-03-2025T02:51:04 - [TEST_STEP][PASSED] - dashboardName = "Выручка по ДЗО": null

11-03-2025T02:51:04 - [TEST_STEP][PASSED] - workbook01 = getWorkbook(excelFilePath): null

11-03-2025T02:51:04 - [TEST_STEP][PASSED] - sheet01 = getExcelSheet(workbook01, sheetName): null

11-03-2025T02:51:04 - [TEST_STEP][PASSED] - setValueToCellByIndex(sheet01, n, 0, dashboardName): null

11-03-2025T02:51:04 - [TEST_STEP][PASSED] - setValueToCellByIndex(sheet01, n, 1, dZO): null

11-03-2025T02:51:04 - [TEST_STEP][PASSED] - setValueToCellByIndex(sheet01, n, 2, period): null

11-03-2025T02:51:04 - [TEST_STEP][PASSED] - setValueToCellByIndex(sheet01, n, 3, viruchka): null

11-03-2025T02:51:04 - [TEST_STEP][PASSED] - setValueToCellByIndex(sheet01, n, 4, todaysDate): null

11-03-2025T02:51:04 - [TEST_STEP][PASSED] - n = n + 1: null

11-03-2025T02:51:04 - [TEST_STEP][PASSED] - saveWorkbook(excelFilePath, workbook01): null

11-03-2025T02:51:04 - [TEST_STEP][PASSED] - click(findTestObject("Выручка по ДЗО/Фильтр Выручка")): Object: 'Object Repository/Выручка по ДЗО/Фильтр Выручка' is clicked on

11-03-2025T02:51:04 - [MESSAGE][PASSED] - Object: 'Object Repository/Выручка по ДЗО/Фильтр Выручка' is clicked on

11-03-2025T02:51:04 - [TEST_STEP][PASSED] - click(findTestObject("Выручка по ДЗО/По передаче в фильтре Выручка")): Object: 'Object Repository/Выручка по ДЗО/По передаче в фильтре Выручка' is clicked on

11-03-2025T02:51:05 - [MESSAGE][PASSED] - Object: 'Object Repository/Выручка по ДЗО/По передаче в фильтре Выручка' is clicked on

11-03-2025T02:51:05 - [TEST_STEP][PASSED] - click(findTestObject("Выручка по ДЗО/Применить в фильтре Выручка")): Object: 'Object Repository/Выручка по ДЗО/Применить в фильтре Выручка' is clicked on

11-03-2025T02:51:06 - [MESSAGE][PASSED] - Object: 'Object Repository/Выручка по ДЗО/Применить в фильтре Выручка' is clicked on

11-03-2025T02:51:06 - [TEST_STEP][PASSED] - Script1687405711779.Test(todaysDate): null

11-03-2025T02:51:06 - [TEST_STEP][PASSED] - delay(10): Delayed 10 second(s)

11-03-2025T02:51:16 - [MESSAGE][PASSED] - Delayed 10 second(s)

11-03-2025T02:51:16 - [TEST_STEP][PASSED] - if (verifyTextNotPresent("нет данных", false) == true): null

11-03-2025T02:51:16 - [MESSAGE][PASSED] - Text 'нет данных' is not present on page

11-03-2025T02:51:16 - [TEST_STEP][PASSED] - if (verifyTextNotPresent("Ошибка запроса данных", false) == true): null

11-03-2025T02:51:17 - [MESSAGE][PASSED] - Text 'Ошибка запроса данных' is not present on page

11-03-2025T02:51:17 - [TEST_STEP][PASSED] - if (verifyTextNotPresent("Произошла ошибка при выполнении пользовательского кода", false) == true): null

11-03-2025T02:51:17 - [MESSAGE][PASSED] - Text 'Произошла ошибка при выполнении пользовательского кода' is not present on page

11-03-2025T02:51:17 - [TEST_STEP][PASSED] - if (verifyTextNotPresent("У виджета нет данных", false) == true): null

11-03-2025T02:51:18 - [MESSAGE][PASSED] - Text 'У виджета нет данных' is not present on page

11-03-2025T02:51:18 - [TEST_STEP][PASSED] - if (verifyTextNotPresent("У виджета нет данных", false) == true): Text 'У виджета нет данных' is not present on page

11-03-2025T02:51:18 - [MESSAGE][PASSED] - Text 'У виджета нет данных' is not present on page

11-03-2025T02:51:18 - [TEST_STEP][PASSED] - click(findTestObject("Выручка по ДЗО/Фильтр Выручка")): Object: 'Object Repository/Выручка по ДЗО/Фильтр Выручка' is clicked on

11-03-2025T02:51:18 - [MESSAGE][PASSED] - Object: 'Object Repository/Выручка по ДЗО/Фильтр Выручка' is clicked on

11-03-2025T02:51:18 - [TEST_STEP][PASSED] - click(findTestObject("Выручка по ДЗО/Снять выделение в фильтре Выручка")): Object: 'Object Repository/Выручка по ДЗО/Снять выделение в фильтре Выручка' is clicked on

11-03-2025T02:51:19 - [MESSAGE][PASSED] - Object: 'Object Repository/Выручка по ДЗО/Снять выделение в фильтре Выручка' is clicked on

11-03-2025T02:51:19 - [TEST_STEP][PASSED] - click(findTestObject("Выручка по ДЗО/По передаче в фильтре Выручка")): Object: 'Object Repository/Выручка по ДЗО/По передаче в фильтре Выручка' is clicked on

11-03-2025T02:51:19 - [MESSAGE][PASSED] - Object: 'Object Repository/Выручка по ДЗО/По передаче в фильтре Выручка' is clicked on

11-03-2025T02:51:19 - [TEST_STEP][PASSED] - click(findTestObject("Выручка по ДЗО/Применить в фильтре Выручка")): Object: 'Object Repository/Выручка по ДЗО/Применить в фильтре Выручка' is clicked on

11-03-2025T02:51:20 - [MESSAGE][PASSED] - Object: 'Object Repository/Выручка по ДЗО/Применить в фильтре Выручка' is clicked on

11-03-2025T02:51:20 - [TEST_STEP][PASSED] - Script1687405711779.Test(todaysDate): null

11-03-2025T02:51:20 - [TEST_STEP][PASSED] - delay(10): Delayed 10 second(s)

11-03-2025T02:51:30 - [MESSAGE][PASSED] - Delayed 10 second(s)

11-03-2025T02:51:30 - [TEST_STEP][PASSED] - if (verifyTextNotPresent("нет данных", false) == true): null

11-03-2025T02:51:30 - [MESSAGE][PASSED] - Text 'нет данных' is not present on page

11-03-2025T02:51:30 - [TEST_STEP][PASSED] - if (verifyTextNotPresent("Ошибка запроса данных", false) == true): null

11-03-2025T02:51:31 - [MESSAGE][PASSED] - Text 'Ошибка запроса данных' is not present on page

11-03-2025T02:51:31 - [TEST_STEP][PASSED] - if (verifyTextNotPresent("Произошла ошибка при выполнении пользовательского кода", false) == true): null

11-03-2025T02:51:31 - [MESSAGE][PASSED] - Text 'Произошла ошибка при выполнении пользовательского кода' is not present on page

11-03-2025T02:51:31 - [TEST_STEP][PASSED] - if (verifyTextNotPresent("У виджета нет данных", false) == true): null

11-03-2025T02:51:32 - [MESSAGE][PASSED] - Text 'У виджета нет данных' is not present on page

11-03-2025T02:51:32 - [TEST_STEP][PASSED] - if (verifyTextNotPresent("У виджета нет данных", false) == true): Text 'У виджета нет данных' is not present on page

11-03-2025T02:51:32 - [MESSAGE][PASSED] - Text 'У виджета нет данных' is not present on page

11-03-2025T02:51:32 - [TEST_STEP][PASSED] - click(findTestObject("Выручка по ДЗО/Фильтр Выручка")): Object: 'Object Repository/Выручка по ДЗО/Фильтр Выручка' is clicked on

11-03-2025T02:51:33 - [MESSAGE][PASSED] - Object: 'Object Repository/Выручка по ДЗО/Фильтр Выручка' is clicked on

11-03-2025T02:51:33 - [TEST_STEP][PASSED] - click(findTestObject("Выручка по ДЗО/Снять выделение в фильтре Выручка")): Object: 'Object Repository/Выручка по ДЗО/Снять выделение в фильтре Выручка' is clicked on

11-03-2025T02:51:33 - [MESSAGE][PASSED] - Object: 'Object Repository/Выручка по ДЗО/Снять выделение в фильтре Выручка' is clicked on

11-03-2025T02:51:33 - [TEST_STEP][PASSED] - click(findTestObject("Выручка по ДЗО/Применить в фильтре Выручка")): Object: 'Object Repository/Выручка по ДЗО/Применить в фильтре Выручка' is clicked on

11-03-2025T02:51:34 - [MESSAGE][PASSED] - Object: 'Object Repository/Выручка по ДЗО/Применить в фильтре Выручка' is clicked on

11-03-2025T02:51:34 - [TEST_STEP][PASSED] - click(findTestObject("Выручка по ДЗО/Фильтр ДЗО")): Object: 'Object Repository/Выручка по ДЗО/Фильтр ДЗО' is clicked on

11-03-2025T02:51:35 - [MESSAGE][PASSED] - Object: 'Object Repository/Выручка по ДЗО/Фильтр ДЗО' is clicked on

11-03-2025T02:51:35 - [TEST_STEP][PASSED] - click(findTestObject("Выручка по ДЗО/Снять выделение в фильтре ДЗО")): Object: 'Object Repository/Выручка по ДЗО/Снять выделение в фильтре ДЗО' is clicked on

11-03-2025T02:51:36 - [MESSAGE][PASSED] - Object: 'Object Repository/Выручка по ДЗО/Снять выделение в фильтре ДЗО' is clicked on

11-03-2025T02:51:36 - [TEST_STEP][PASSED] - scrollToElement(findTestObject("Общие объекты/Саратовские РС"), 30): Scroll to object 'Object Repository/Общие объекты/Саратовские РС' successfully

11-03-2025T02:51:36 - [MESSAGE][PASSED] - Scroll to object 'Object Repository/Общие объекты/Саратовские РС' successfully

11-03-2025T02:51:36 - [TEST_STEP][PASSED] - click(findTestObject("Общие объекты/Саратовские РС")): Object: 'Object Repository/Общие объекты/Саратовские РС' is clicked on

11-03-2025T02:51:36 - [MESSAGE][PASSED] - Object: 'Object Repository/Общие объекты/Саратовские РС' is clicked on

11-03-2025T02:51:36 - [TEST_STEP][PASSED] - Script1687405711779.Change(todaysDate): null

11-03-2025T02:51:36 - [TEST_STEP][PASSED] - scrollToElement(findTestObject("Выручка по ДЗО/Заголовок дашборда"), 30): Scroll to object 'Object Repository/Выручка по ДЗО/Заголовок дашборда' successfully

11-03-2025T02:51:37 - [MESSAGE][PASSED] - Scroll to object 'Object Repository/Выручка по ДЗО/Заголовок дашборда' successfully

11-03-2025T02:51:37 - [TEST_STEP][PASSED] - click(findTestObject("Выручка по ДЗО/Применить в фильтре ДЗО")): Object: 'Object Repository/Выручка по ДЗО/Применить в фильтре ДЗО' is clicked on

11-03-2025T02:51:37 - [MESSAGE][PASSED] - Object: 'Object Repository/Выручка по ДЗО/Применить в фильтре ДЗО' is clicked on

11-03-2025T02:51:37 - [TEST_STEP][PASSED] - Script1687405711779.Tumbler(todaysDate): null

11-03-2025T02:51:37 - [TEST_STEP][PASSED] - Script1687405711779.Test(todaysDate): null

11-03-2025T02:51:37 - [TEST_STEP][PASSED] - delay(10): Delayed 10 second(s)

11-03-2025T02:51:47 - [MESSAGE][PASSED] - Delayed 10 second(s)

11-03-2025T02:51:47 - [TEST_STEP][PASSED] - if (verifyTextNotPresent("нет данных", false) == true): null

11-03-2025T02:51:48 - [MESSAGE][PASSED] - Text 'нет данных' is not present on page

11-03-2025T02:51:48 - [TEST_STEP][PASSED] - if (verifyTextNotPresent("Ошибка запроса данных", false) == true): null

11-03-2025T02:51:48 - [MESSAGE][PASSED] - Text 'Ошибка запроса данных' is not present on page

11-03-2025T02:51:48 - [TEST_STEP][PASSED] - if (verifyTextNotPresent("Произошла ошибка при выполнении пользовательского кода", false) == true): null

11-03-2025T02:51:49 - [MESSAGE][PASSED] - Text 'Произошла ошибка при выполнении пользовательского кода' is not present on page

11-03-2025T02:51:49 - [TEST_STEP][PASSED] - if (verifyTextNotPresent("У виджета нет данных", false) == true): null

11-03-2025T02:51:49 - [MESSAGE][PASSED] - Text 'У виджета нет данных' is not present on page

11-03-2025T02:51:49 - [TEST_STEP][PASSED] - if (verifyTextNotPresent("У виджета нет данных", false) == true): Text 'У виджета нет данных' is not present on page

11-03-2025T02:51:50 - [MESSAGE][PASSED] - Text 'У виджета нет данных' is not present on page

11-03-2025T02:51:50 - [TEST_STEP][PASSED] - click(findTestObject("Выручка по ДЗО/Фильтр Выручка")): Object: 'Object Repository/Выручка по ДЗО/Фильтр Выручка' is clicked on

11-03-2025T02:51:50 - [MESSAGE][PASSED] - Object: 'Object Repository/Выручка по ДЗО/Фильтр Выручка' is clicked on

11-03-2025T02:51:50 - [TEST_STEP][PASSED] - click(findTestObject("Выручка по ДЗО/Внутренний оборот в фильтре Выручка")): Object: 'Object Repository/Выручка по ДЗО/Внутренний оборот в фильтре Выручка' is clicked on

11-03-2025T02:51:51 - [MESSAGE][PASSED] - Object: 'Object Repository/Выручка по ДЗО/Внутренний оборот в фильтре Выручка' is clicked on

11-03-2025T02:51:51 - [TEST_STEP][PASSED] - click(findTestObject("Выручка по ДЗО/Применить в фильтре Выручка")): Object: 'Object Repository/Выручка по ДЗО/Применить в фильтре Выручка' is clicked on

11-03-2025T02:51:51 - [MESSAGE][PASSED] - Object: 'Object Repository/Выручка по ДЗО/Применить в фильтре Выручка' is clicked on

11-03-2025T02:51:51 - [TEST_STEP][PASSED] - Script1687405711779.Test(todaysDate): null

11-03-2025T02:51:51 - [TEST_STEP][PASSED] - delay(10): Delayed 10 second(s)

11-03-2025T02:52:01 - [MESSAGE][PASSED] - Delayed 10 second(s)

11-03-2025T02:52:01 - [TEST_STEP][FAILED] - if (verifyTextNotPresent("нет данных", false) == true): Text 'нет данных' is present on page  (Root cause: com.kms.katalon.core.exception.StepFailedException: Text 'нет данных' is present on page 
	at com.kms.katalon.core.webui.keyword.internal.WebUIKeywordMain.stepFailed(WebUIKeywordMain.groovy:64)
	at com.kms.katalon.core.webui.keyword.builtin.VerifyTextNotPresentKeyword$_verifyTextNotPresent_closure1.doCall(VerifyTextNotPresentKeyword.groovy:77)
	at com.kms.katalon.core.webui.keyword.builtin.VerifyTextNotPresentKeyword$_verifyTextNotPresent_closure1.call(VerifyTextNotPresentKeyword.groovy)
	at com.kms.katalon.core.webui.keyword.internal.WebUIKeywordMain.runKeyword(WebUIKeywordMain.groovy:20)
	at com.kms.katalon.core.webui.keyword.builtin.VerifyTextNotPresentKeyword.verifyTextNotPresent(VerifyTextNotPresentKeyword.groovy:82)
	at com.kms.katalon.core.webui.keyword.builtin.VerifyTextNotPresentKeyword.execute(VerifyTextNotPresentKeyword.groovy:68)
	at com.kms.katalon.core.keyword.internal.KeywordExecutor.executeKeywordForPlatform(KeywordExecutor.groovy:74)
	at com.kms.katalon.core.webui.keyword.WebUiBuiltInKeywords.verifyTextNotPresent(WebUiBuiltInKeywords.groovy:1795)
	at Выручка по ДЗО отображение данных все филиалы.Test(Выручка по ДЗО отображение данных все филиалы:772)
	at Выручка по ДЗО отображение данных все филиалы.Tumbler(Выручка по ДЗО отображение данных все филиалы:726)
	at Выручка по ДЗО отображение данных все филиалы.Change(Выручка по ДЗО отображение данных все филиалы:760)
	at Выручка по ДЗО отображение данных все филиалы.DzoTest(Выручка по ДЗО отображение данных все филиалы:200)
	at Выручка по ДЗО отображение данных все филиалы.run(Выручка по ДЗО отображение данных все филиалы:122)
	at com.kms.katalon.core.main.ScriptEngine.run(ScriptEngine.java:194)
	at com.kms.katalon.core.main.ScriptEngine.runScriptAsRawText(ScriptEngine.java:119)
	at com.kms.katalon.core.main.TestCaseExecutor.runScript(TestCaseExecutor.java:448)
	at com.kms.katalon.core.main.TestCaseExecutor.doExecute(TestCaseExecutor.java:439)
	at com.kms.katalon.core.main.TestCaseExecutor.processExecutionPhase(TestCaseExecutor.java:418)
	at com.kms.katalon.core.main.TestCaseExecutor.accessMainPhase(TestCaseExecutor.java:410)
	at com.kms.katalon.core.main.TestCaseExecutor.execute(TestCaseExecutor.java:285)
	at com.kms.katalon.core.common.CommonExecutor.accessTestCaseMainPhase(CommonExecutor.java:65)
	at com.kms.katalon.core.main.TestSuiteExecutor.accessTestSuiteMainPhase(TestSuiteExecutor.java:150)
	at com.kms.katalon.core.main.TestSuiteExecutor.execute(TestSuiteExecutor.java:106)
	at com.kms.katalon.core.main.TestCaseMain.startTestSuite(TestCaseMain.java:180)
	at TempTestSuite1741649958618.run(TempTestSuite1741649958618.groovy:35)
	at java.base/jdk.internal.reflect.NativeMethodAccessorImpl.invoke0(Native Method)
	at java.base/jdk.internal.reflect.NativeMethodAccessorImpl.invoke(NativeMethodAccessorImpl.java:77)
	at java.base/jdk.internal.reflect.DelegatingMethodAccessorImpl.invoke(DelegatingMethodAccessorImpl.java:43)
)

11-03-2025T02:52:02 - [MESSAGE][FAILED] - Text 'нет данных' is present on page  (Root cause: com.kms.katalon.core.exception.StepFailedException: Text 'нет данных' is present on page 
	at com.kms.katalon.core.webui.keyword.internal.WebUIKeywordMain.stepFailed(WebUIKeywordMain.groovy:64)
	at com.kms.katalon.core.webui.keyword.builtin.VerifyTextNotPresentKeyword$_verifyTextNotPresent_closure1.doCall(VerifyTextNotPresentKeyword.groovy:77)
	at com.kms.katalon.core.webui.keyword.builtin.VerifyTextNotPresentKeyword$_verifyTextNotPresent_closure1.call(VerifyTextNotPresentKeyword.groovy)
	at com.kms.katalon.core.webui.keyword.internal.WebUIKeywordMain.runKeyword(WebUIKeywordMain.groovy:20)
	at com.kms.katalon.core.webui.keyword.builtin.VerifyTextNotPresentKeyword.verifyTextNotPresent(VerifyTextNotPresentKeyword.groovy:82)
	at com.kms.katalon.core.webui.keyword.builtin.VerifyTextNotPresentKeyword.execute(VerifyTextNotPresentKeyword.groovy:68)
	at com.kms.katalon.core.keyword.internal.KeywordExecutor.executeKeywordForPlatform(KeywordExecutor.groovy:74)
	at com.kms.katalon.core.webui.keyword.WebUiBuiltInKeywords.verifyTextNotPresent(WebUiBuiltInKeywords.groovy:1795)
	at Выручка по ДЗО отображение данных все филиалы.Test(Выручка по ДЗО отображение данных все филиалы:772)
	at Выручка по ДЗО отображение данных все филиалы.Tumbler(Выручка по ДЗО отображение данных все филиалы:726)
	at Выручка по ДЗО отображение данных все филиалы.Change(Выручка по ДЗО отображение данных все филиалы:760)
	at Выручка по ДЗО отображение данных все филиалы.DzoTest(Выручка по ДЗО отображение данных все филиалы:200)
	at Выручка по ДЗО отображение данных все филиалы.run(Выручка по ДЗО отображение данных все филиалы:122)
	at com.kms.katalon.core.main.ScriptEngine.run(ScriptEngine.java:194)
	at com.kms.katalon.core.main.ScriptEngine.runScriptAsRawText(ScriptEngine.java:119)
	at com.kms.katalon.core.main.TestCaseExecutor.runScript(TestCaseExecutor.java:448)
	at com.kms.katalon.core.main.TestCaseExecutor.doExecute(TestCaseExecutor.java:439)
	at com.kms.katalon.core.main.TestCaseExecutor.processExecutionPhase(TestCaseExecutor.java:418)
	at com.kms.katalon.core.main.TestCaseExecutor.accessMainPhase(TestCaseExecutor.java:410)
	at com.kms.katalon.core.main.TestCaseExecutor.execute(TestCaseExecutor.java:285)
	at com.kms.katalon.core.common.CommonExecutor.accessTestCaseMainPhase(CommonExecutor.java:65)
	at com.kms.katalon.core.main.TestSuiteExecutor.accessTestSuiteMainPhase(TestSuiteExecutor.java:150)
	at com.kms.katalon.core.main.TestSuiteExecutor.execute(TestSuiteExecutor.java:106)
	at com.kms.katalon.core.main.TestCaseMain.startTestSuite(TestCaseMain.java:180)
	at TempTestSuite1741649958618.run(TempTestSuite1741649958618.groovy:35)
	at java.base/jdk.internal.reflect.NativeMethodAccessorImpl.invoke0(Native Method)
	at java.base/jdk.internal.reflect.NativeMethodAccessorImpl.invoke(NativeMethodAccessorImpl.java:77)
	at java.base/jdk.internal.reflect.DelegatingMethodAccessorImpl.invoke(DelegatingMethodAccessorImpl.java:43)
)

11-03-2025T02:52:02 - [TEST_STEP][PASSED] - else: null

11-03-2025T02:52:02 - [TEST_STEP][PASSED] - Script1687405711779.WriteToExcel(todaysDate): null

11-03-2025T02:52:02 - [TEST_STEP][PASSED] - sheetName = "Sheet1": null

11-03-2025T02:52:02 - [TEST_STEP][PASSED] - data = findTestData("PlanFact"): null

11-03-2025T02:52:02 - [TEST_STEP][PASSED] - n = data.getRowNumbers() + 1: null

11-03-2025T02:52:02 - [TEST_STEP][PASSED] - dZO = getText(findTestObject("Выручка по ДЗО/Фильтр ДЗО")): Text of object 'Object Repository/Выручка по ДЗО/Фильтр ДЗО' is: 'ПАО Россети - РаспредКомплекс - Россети Волга - Саратовские РС'

11-03-2025T02:52:02 - [MESSAGE][PASSED] - Text of object 'Object Repository/Выручка по ДЗО/Фильтр ДЗО' is: 'ПАО Россети - РаспредКомплекс - Россети Волга - Саратовские РС'

11-03-2025T02:52:02 - [TEST_STEP][PASSED] - period = getText(findTestObject("Выручка по ДЗО/Фильтр Дата")): Text of object 'Object Repository/Выручка по ДЗО/Фильтр Дата' is: 'Январь 2025 года'

11-03-2025T02:52:02 - [MESSAGE][PASSED] - Text of object 'Object Repository/Выручка по ДЗО/Фильтр Дата' is: 'Январь 2025 года'

11-03-2025T02:52:02 - [TEST_STEP][PASSED] - viruchka = getText(findTestObject("Выручка по ДЗО/Фильтр Выручка")): Text of object 'Object Repository/Выручка по ДЗО/Фильтр Выручка' is: 'внутренний оборот'

11-03-2025T02:52:03 - [MESSAGE][PASSED] - Text of object 'Object Repository/Выручка по ДЗО/Фильтр Выручка' is: 'внутренний оборот'

11-03-2025T02:52:03 - [TEST_STEP][PASSED] - if (viruchka == "Выбрано: 2"): null

11-03-2025T02:52:03 - [TEST_STEP][PASSED] - if (viruchka == "Все"): null

11-03-2025T02:52:03 - [TEST_STEP][PASSED] - println(period): null

11-03-2025T02:52:03 - [TEST_STEP][PASSED] - dashboardName = "Выручка по ДЗО": null

11-03-2025T02:52:03 - [TEST_STEP][PASSED] - workbook01 = getWorkbook(excelFilePath): null

11-03-2025T02:52:03 - [TEST_STEP][PASSED] - sheet01 = getExcelSheet(workbook01, sheetName): null

11-03-2025T02:52:03 - [TEST_STEP][PASSED] - setValueToCellByIndex(sheet01, n, 0, dashboardName): null

11-03-2025T02:52:03 - [TEST_STEP][PASSED] - setValueToCellByIndex(sheet01, n, 1, dZO): null

11-03-2025T02:52:03 - [TEST_STEP][PASSED] - setValueToCellByIndex(sheet01, n, 2, period): null

11-03-2025T02:52:03 - [TEST_STEP][PASSED] - setValueToCellByIndex(sheet01, n, 3, viruchka): null

11-03-2025T02:52:03 - [TEST_STEP][PASSED] - setValueToCellByIndex(sheet01, n, 4, todaysDate): null

11-03-2025T02:52:03 - [TEST_STEP][PASSED] - n = n + 1: null

11-03-2025T02:52:03 - [TEST_STEP][PASSED] - saveWorkbook(excelFilePath, workbook01): null

11-03-2025T02:52:03 - [TEST_STEP][PASSED] - click(findTestObject("Выручка по ДЗО/Фильтр Выручка")): Object: 'Object Repository/Выручка по ДЗО/Фильтр Выручка' is clicked on

11-03-2025T02:52:03 - [MESSAGE][PASSED] - Object: 'Object Repository/Выручка по ДЗО/Фильтр Выручка' is clicked on

11-03-2025T02:52:03 - [TEST_STEP][PASSED] - click(findTestObject("Выручка по ДЗО/По передаче в фильтре Выручка")): Object: 'Object Repository/Выручка по ДЗО/По передаче в фильтре Выручка' is clicked on

11-03-2025T02:52:04 - [MESSAGE][PASSED] - Object: 'Object Repository/Выручка по ДЗО/По передаче в фильтре Выручка' is clicked on

11-03-2025T02:52:04 - [TEST_STEP][PASSED] - click(findTestObject("Выручка по ДЗО/Применить в фильтре Выручка")): Object: 'Object Repository/Выручка по ДЗО/Применить в фильтре Выручка' is clicked on

11-03-2025T02:52:04 - [MESSAGE][PASSED] - Object: 'Object Repository/Выручка по ДЗО/Применить в фильтре Выручка' is clicked on

11-03-2025T02:52:04 - [TEST_STEP][PASSED] - Script1687405711779.Test(todaysDate): null

11-03-2025T02:52:04 - [TEST_STEP][PASSED] - delay(10): Delayed 10 second(s)

11-03-2025T02:52:14 - [MESSAGE][PASSED] - Delayed 10 second(s)

11-03-2025T02:52:14 - [TEST_STEP][PASSED] - if (verifyTextNotPresent("нет данных", false) == true): null

11-03-2025T02:52:15 - [MESSAGE][PASSED] - Text 'нет данных' is not present on page

11-03-2025T02:52:15 - [TEST_STEP][PASSED] - if (verifyTextNotPresent("Ошибка запроса данных", false) == true): null

11-03-2025T02:52:15 - [MESSAGE][PASSED] - Text 'Ошибка запроса данных' is not present on page

11-03-2025T02:52:15 - [TEST_STEP][PASSED] - if (verifyTextNotPresent("Произошла ошибка при выполнении пользовательского кода", false) == true): null

11-03-2025T02:52:16 - [MESSAGE][PASSED] - Text 'Произошла ошибка при выполнении пользовательского кода' is not present on page

11-03-2025T02:52:16 - [TEST_STEP][PASSED] - if (verifyTextNotPresent("У виджета нет данных", false) == true): null

11-03-2025T02:52:16 - [MESSAGE][PASSED] - Text 'У виджета нет данных' is not present on page

11-03-2025T02:52:16 - [TEST_STEP][PASSED] - if (verifyTextNotPresent("У виджета нет данных", false) == true): Text 'У виджета нет данных' is not present on page

11-03-2025T02:52:17 - [MESSAGE][PASSED] - Text 'У виджета нет данных' is not present on page

11-03-2025T02:52:17 - [TEST_STEP][PASSED] - click(findTestObject("Выручка по ДЗО/Фильтр Выручка")): Object: 'Object Repository/Выручка по ДЗО/Фильтр Выручка' is clicked on

11-03-2025T02:52:17 - [MESSAGE][PASSED] - Object: 'Object Repository/Выручка по ДЗО/Фильтр Выручка' is clicked on

11-03-2025T02:52:17 - [TEST_STEP][PASSED] - click(findTestObject("Выручка по ДЗО/Снять выделение в фильтре Выручка")): Object: 'Object Repository/Выручка по ДЗО/Снять выделение в фильтре Выручка' is clicked on

11-03-2025T02:52:18 - [MESSAGE][PASSED] - Object: 'Object Repository/Выручка по ДЗО/Снять выделение в фильтре Выручка' is clicked on

11-03-2025T02:52:18 - [TEST_STEP][PASSED] - click(findTestObject("Выручка по ДЗО/По передаче в фильтре Выручка")): Object: 'Object Repository/Выручка по ДЗО/По передаче в фильтре Выручка' is clicked on

11-03-2025T02:52:18 - [MESSAGE][PASSED] - Object: 'Object Repository/Выручка по ДЗО/По передаче в фильтре Выручка' is clicked on

11-03-2025T02:52:18 - [TEST_STEP][PASSED] - click(findTestObject("Выручка по ДЗО/Применить в фильтре Выручка")): Object: 'Object Repository/Выручка по ДЗО/Применить в фильтре Выручка' is clicked on

11-03-2025T02:52:19 - [MESSAGE][PASSED] - Object: 'Object Repository/Выручка по ДЗО/Применить в фильтре Выручка' is clicked on

11-03-2025T02:52:19 - [TEST_STEP][PASSED] - Script1687405711779.Test(todaysDate): null

11-03-2025T02:52:19 - [TEST_STEP][PASSED] - delay(10): Delayed 10 second(s)

11-03-2025T02:52:29 - [MESSAGE][PASSED] - Delayed 10 second(s)

11-03-2025T02:52:29 - [TEST_STEP][PASSED] - if (verifyTextNotPresent("нет данных", false) == true): null

11-03-2025T02:52:29 - [MESSAGE][PASSED] - Text 'нет данных' is not present on page

11-03-2025T02:52:29 - [TEST_STEP][PASSED] - if (verifyTextNotPresent("Ошибка запроса данных", false) == true): null

11-03-2025T02:52:30 - [MESSAGE][PASSED] - Text 'Ошибка запроса данных' is not present on page

11-03-2025T02:52:30 - [TEST_STEP][PASSED] - if (verifyTextNotPresent("Произошла ошибка при выполнении пользовательского кода", false) == true): null

11-03-2025T02:52:30 - [MESSAGE][PASSED] - Text 'Произошла ошибка при выполнении пользовательского кода' is not present on page

11-03-2025T02:52:30 - [TEST_STEP][PASSED] - if (verifyTextNotPresent("У виджета нет данных", false) == true): null

11-03-2025T02:52:31 - [MESSAGE][PASSED] - Text 'У виджета нет данных' is not present on page

11-03-2025T02:52:31 - [TEST_STEP][PASSED] - if (verifyTextNotPresent("У виджета нет данных", false) == true): Text 'У виджета нет данных' is not present on page

11-03-2025T02:52:31 - [MESSAGE][PASSED] - Text 'У виджета нет данных' is not present on page

11-03-2025T02:52:31 - [TEST_STEP][PASSED] - click(findTestObject("Выручка по ДЗО/Фильтр Выручка")): Object: 'Object Repository/Выручка по ДЗО/Фильтр Выручка' is clicked on

11-03-2025T02:52:31 - [MESSAGE][PASSED] - Object: 'Object Repository/Выручка по ДЗО/Фильтр Выручка' is clicked on

11-03-2025T02:52:31 - [TEST_STEP][PASSED] - click(findTestObject("Выручка по ДЗО/Снять выделение в фильтре Выручка")): Object: 'Object Repository/Выручка по ДЗО/Снять выделение в фильтре Выручка' is clicked on

11-03-2025T02:52:32 - [MESSAGE][PASSED] - Object: 'Object Repository/Выручка по ДЗО/Снять выделение в фильтре Выручка' is clicked on

11-03-2025T02:52:32 - [TEST_STEP][PASSED] - click(findTestObject("Выручка по ДЗО/Применить в фильтре Выручка")): Object: 'Object Repository/Выручка по ДЗО/Применить в фильтре Выручка' is clicked on

11-03-2025T02:52:32 - [MESSAGE][PASSED] - Object: 'Object Repository/Выручка по ДЗО/Применить в фильтре Выручка' is clicked on

11-03-2025T02:52:32 - [TEST_STEP][PASSED] - click(findTestObject("Выручка по ДЗО/Фильтр ДЗО")): Object: 'Object Repository/Выручка по ДЗО/Фильтр ДЗО' is clicked on

11-03-2025T02:52:34 - [MESSAGE][PASSED] - Object: 'Object Repository/Выручка по ДЗО/Фильтр ДЗО' is clicked on

11-03-2025T02:52:34 - [TEST_STEP][PASSED] - click(findTestObject("Выручка по ДЗО/Снять выделение в фильтре ДЗО")): Object: 'Object Repository/Выручка по ДЗО/Снять выделение в фильтре ДЗО' is clicked on

11-03-2025T02:52:34 - [MESSAGE][PASSED] - Object: 'Object Repository/Выручка по ДЗО/Снять выделение в фильтре ДЗО' is clicked on

11-03-2025T02:52:34 - [TEST_STEP][PASSED] - scrollToElement(findTestObject("Общие объекты/Ульяновские РС"), 30): Scroll to object 'Object Repository/Общие объекты/Ульяновские РС' successfully

11-03-2025T02:52:35 - [MESSAGE][PASSED] - Scroll to object 'Object Repository/Общие объекты/Ульяновские РС' successfully

11-03-2025T02:52:35 - [TEST_STEP][PASSED] - click(findTestObject("Общие объекты/Ульяновские РС")): Object: 'Object Repository/Общие объекты/Ульяновские РС' is clicked on

11-03-2025T02:52:35 - [MESSAGE][PASSED] - Object: 'Object Repository/Общие объекты/Ульяновские РС' is clicked on

11-03-2025T02:52:35 - [TEST_STEP][PASSED] - Script1687405711779.Change(todaysDate): null

11-03-2025T02:52:35 - [TEST_STEP][PASSED] - scrollToElement(findTestObject("Выручка по ДЗО/Заголовок дашборда"), 30): Scroll to object 'Object Repository/Выручка по ДЗО/Заголовок дашборда' successfully

11-03-2025T02:52:35 - [MESSAGE][PASSED] - Scroll to object 'Object Repository/Выручка по ДЗО/Заголовок дашборда' successfully

11-03-2025T02:52:35 - [TEST_STEP][PASSED] - click(findTestObject("Выручка по ДЗО/Применить в фильтре ДЗО")): Object: 'Object Repository/Выручка по ДЗО/Применить в фильтре ДЗО' is clicked on

11-03-2025T02:52:36 - [MESSAGE][PASSED] - Object: 'Object Repository/Выручка по ДЗО/Применить в фильтре ДЗО' is clicked on

11-03-2025T02:52:36 - [TEST_STEP][PASSED] - Script1687405711779.Tumbler(todaysDate): null

11-03-2025T02:52:36 - [TEST_STEP][PASSED] - Script1687405711779.Test(todaysDate): null

11-03-2025T02:52:36 - [TEST_STEP][PASSED] - delay(10): Delayed 10 second(s)

11-03-2025T02:52:46 - [MESSAGE][PASSED] - Delayed 10 second(s)

11-03-2025T02:52:46 - [TEST_STEP][PASSED] - if (verifyTextNotPresent("нет данных", false) == true): null

11-03-2025T02:52:46 - [MESSAGE][PASSED] - Text 'нет данных' is not present on page

11-03-2025T02:52:46 - [TEST_STEP][PASSED] - if (verifyTextNotPresent("Ошибка запроса данных", false) == true): null

11-03-2025T02:52:47 - [MESSAGE][PASSED] - Text 'Ошибка запроса данных' is not present on page

11-03-2025T02:52:47 - [TEST_STEP][PASSED] - if (verifyTextNotPresent("Произошла ошибка при выполнении пользовательского кода", false) == true): null

11-03-2025T02:52:47 - [MESSAGE][PASSED] - Text 'Произошла ошибка при выполнении пользовательского кода' is not present on page

11-03-2025T02:52:47 - [TEST_STEP][PASSED] - if (verifyTextNotPresent("У виджета нет данных", false) == true): null

11-03-2025T02:52:48 - [MESSAGE][PASSED] - Text 'У виджета нет данных' is not present on page

11-03-2025T02:52:48 - [TEST_STEP][PASSED] - if (verifyTextNotPresent("У виджета нет данных", false) == true): Text 'У виджета нет данных' is not present on page

11-03-2025T02:52:48 - [MESSAGE][PASSED] - Text 'У виджета нет данных' is not present on page

11-03-2025T02:52:48 - [TEST_STEP][PASSED] - click(findTestObject("Выручка по ДЗО/Фильтр Выручка")): Object: 'Object Repository/Выручка по ДЗО/Фильтр Выручка' is clicked on

11-03-2025T02:52:49 - [MESSAGE][PASSED] - Object: 'Object Repository/Выручка по ДЗО/Фильтр Выручка' is clicked on

11-03-2025T02:52:49 - [TEST_STEP][PASSED] - click(findTestObject("Выручка по ДЗО/Внутренний оборот в фильтре Выручка")): Object: 'Object Repository/Выручка по ДЗО/Внутренний оборот в фильтре Выручка' is clicked on

11-03-2025T02:52:49 - [MESSAGE][PASSED] - Object: 'Object Repository/Выручка по ДЗО/Внутренний оборот в фильтре Выручка' is clicked on

11-03-2025T02:52:49 - [TEST_STEP][PASSED] - click(findTestObject("Выручка по ДЗО/Применить в фильтре Выручка")): Object: 'Object Repository/Выручка по ДЗО/Применить в фильтре Выручка' is clicked on

11-03-2025T02:52:50 - [MESSAGE][PASSED] - Object: 'Object Repository/Выручка по ДЗО/Применить в фильтре Выручка' is clicked on

11-03-2025T02:52:50 - [TEST_STEP][PASSED] - Script1687405711779.Test(todaysDate): null

11-03-2025T02:52:50 - [TEST_STEP][PASSED] - delay(10): Delayed 10 second(s)

11-03-2025T02:53:00 - [MESSAGE][PASSED] - Delayed 10 second(s)

11-03-2025T02:53:00 - [TEST_STEP][FAILED] - if (verifyTextNotPresent("нет данных", false) == true): Text 'нет данных' is present on page  (Root cause: com.kms.katalon.core.exception.StepFailedException: Text 'нет данных' is present on page 
	at com.kms.katalon.core.webui.keyword.internal.WebUIKeywordMain.stepFailed(WebUIKeywordMain.groovy:64)
	at com.kms.katalon.core.webui.keyword.builtin.VerifyTextNotPresentKeyword$_verifyTextNotPresent_closure1.doCall(VerifyTextNotPresentKeyword.groovy:77)
	at com.kms.katalon.core.webui.keyword.builtin.VerifyTextNotPresentKeyword$_verifyTextNotPresent_closure1.call(VerifyTextNotPresentKeyword.groovy)
	at com.kms.katalon.core.webui.keyword.internal.WebUIKeywordMain.runKeyword(WebUIKeywordMain.groovy:20)
	at com.kms.katalon.core.webui.keyword.builtin.VerifyTextNotPresentKeyword.verifyTextNotPresent(VerifyTextNotPresentKeyword.groovy:82)
	at com.kms.katalon.core.webui.keyword.builtin.VerifyTextNotPresentKeyword.execute(VerifyTextNotPresentKeyword.groovy:68)
	at com.kms.katalon.core.keyword.internal.KeywordExecutor.executeKeywordForPlatform(KeywordExecutor.groovy:74)
	at com.kms.katalon.core.webui.keyword.WebUiBuiltInKeywords.verifyTextNotPresent(WebUiBuiltInKeywords.groovy:1795)
	at Выручка по ДЗО отображение данных все филиалы.Test(Выручка по ДЗО отображение данных все филиалы:772)
	at Выручка по ДЗО отображение данных все филиалы.Tumbler(Выручка по ДЗО отображение данных все филиалы:726)
	at Выручка по ДЗО отображение данных все филиалы.Change(Выручка по ДЗО отображение данных все филиалы:760)
	at Выручка по ДЗО отображение данных все филиалы.DzoTest(Выручка по ДЗО отображение данных все филиалы:206)
	at Выручка по ДЗО отображение данных все филиалы.run(Выручка по ДЗО отображение данных все филиалы:122)
	at com.kms.katalon.core.main.ScriptEngine.run(ScriptEngine.java:194)
	at com.kms.katalon.core.main.ScriptEngine.runScriptAsRawText(ScriptEngine.java:119)
	at com.kms.katalon.core.main.TestCaseExecutor.runScript(TestCaseExecutor.java:448)
	at com.kms.katalon.core.main.TestCaseExecutor.doExecute(TestCaseExecutor.java:439)
	at com.kms.katalon.core.main.TestCaseExecutor.processExecutionPhase(TestCaseExecutor.java:418)
	at com.kms.katalon.core.main.TestCaseExecutor.accessMainPhase(TestCaseExecutor.java:410)
	at com.kms.katalon.core.main.TestCaseExecutor.execute(TestCaseExecutor.java:285)
	at com.kms.katalon.core.common.CommonExecutor.accessTestCaseMainPhase(CommonExecutor.java:65)
	at com.kms.katalon.core.main.TestSuiteExecutor.accessTestSuiteMainPhase(TestSuiteExecutor.java:150)
	at com.kms.katalon.core.main.TestSuiteExecutor.execute(TestSuiteExecutor.java:106)
	at com.kms.katalon.core.main.TestCaseMain.startTestSuite(TestCaseMain.java:180)
	at TempTestSuite1741649958618.run(TempTestSuite1741649958618.groovy:35)
	at java.base/jdk.internal.reflect.NativeMethodAccessorImpl.invoke0(Native Method)
	at java.base/jdk.internal.reflect.NativeMethodAccessorImpl.invoke(NativeMethodAccessorImpl.java:77)
	at java.base/jdk.internal.reflect.DelegatingMethodAccessorImpl.invoke(DelegatingMethodAccessorImpl.java:43)
)

11-03-2025T02:53:00 - [MESSAGE][FAILED] - Text 'нет данных' is present on page  (Root cause: com.kms.katalon.core.exception.StepFailedException: Text 'нет данных' is present on page 
	at com.kms.katalon.core.webui.keyword.internal.WebUIKeywordMain.stepFailed(WebUIKeywordMain.groovy:64)
	at com.kms.katalon.core.webui.keyword.builtin.VerifyTextNotPresentKeyword$_verifyTextNotPresent_closure1.doCall(VerifyTextNotPresentKeyword.groovy:77)
	at com.kms.katalon.core.webui.keyword.builtin.VerifyTextNotPresentKeyword$_verifyTextNotPresent_closure1.call(VerifyTextNotPresentKeyword.groovy)
	at com.kms.katalon.core.webui.keyword.internal.WebUIKeywordMain.runKeyword(WebUIKeywordMain.groovy:20)
	at com.kms.katalon.core.webui.keyword.builtin.VerifyTextNotPresentKeyword.verifyTextNotPresent(VerifyTextNotPresentKeyword.groovy:82)
	at com.kms.katalon.core.webui.keyword.builtin.VerifyTextNotPresentKeyword.execute(VerifyTextNotPresentKeyword.groovy:68)
	at com.kms.katalon.core.keyword.internal.KeywordExecutor.executeKeywordForPlatform(KeywordExecutor.groovy:74)
	at com.kms.katalon.core.webui.keyword.WebUiBuiltInKeywords.verifyTextNotPresent(WebUiBuiltInKeywords.groovy:1795)
	at Выручка по ДЗО отображение данных все филиалы.Test(Выручка по ДЗО отображение данных все филиалы:772)
	at Выручка по ДЗО отображение данных все филиалы.Tumbler(Выручка по ДЗО отображение данных все филиалы:726)
	at Выручка по ДЗО отображение данных все филиалы.Change(Выручка по ДЗО отображение данных все филиалы:760)
	at Выручка по ДЗО отображение данных все филиалы.DzoTest(Выручка по ДЗО отображение данных все филиалы:206)
	at Выручка по ДЗО отображение данных все филиалы.run(Выручка по ДЗО отображение данных все филиалы:122)
	at com.kms.katalon.core.main.ScriptEngine.run(ScriptEngine.java:194)
	at com.kms.katalon.core.main.ScriptEngine.runScriptAsRawText(ScriptEngine.java:119)
	at com.kms.katalon.core.main.TestCaseExecutor.runScript(TestCaseExecutor.java:448)
	at com.kms.katalon.core.main.TestCaseExecutor.doExecute(TestCaseExecutor.java:439)
	at com.kms.katalon.core.main.TestCaseExecutor.processExecutionPhase(TestCaseExecutor.java:418)
	at com.kms.katalon.core.main.TestCaseExecutor.accessMainPhase(TestCaseExecutor.java:410)
	at com.kms.katalon.core.main.TestCaseExecutor.execute(TestCaseExecutor.java:285)
	at com.kms.katalon.core.common.CommonExecutor.accessTestCaseMainPhase(CommonExecutor.java:65)
	at com.kms.katalon.core.main.TestSuiteExecutor.accessTestSuiteMainPhase(TestSuiteExecutor.java:150)
	at com.kms.katalon.core.main.TestSuiteExecutor.execute(TestSuiteExecutor.java:106)
	at com.kms.katalon.core.main.TestCaseMain.startTestSuite(TestCaseMain.java:180)
	at TempTestSuite1741649958618.run(TempTestSuite1741649958618.groovy:35)
	at java.base/jdk.internal.reflect.NativeMethodAccessorImpl.invoke0(Native Method)
	at java.base/jdk.internal.reflect.NativeMethodAccessorImpl.invoke(NativeMethodAccessorImpl.java:77)
	at java.base/jdk.internal.reflect.DelegatingMethodAccessorImpl.invoke(DelegatingMethodAccessorImpl.java:43)
)

11-03-2025T02:53:00 - [TEST_STEP][PASSED] - else: null

11-03-2025T02:53:00 - [TEST_STEP][PASSED] - Script1687405711779.WriteToExcel(todaysDate): null

11-03-2025T02:53:00 - [TEST_STEP][PASSED] - sheetName = "Sheet1": null

11-03-2025T02:53:00 - [TEST_STEP][PASSED] - data = findTestData("PlanFact"): null

11-03-2025T02:53:00 - [TEST_STEP][PASSED] - n = data.getRowNumbers() + 1: null

11-03-2025T02:53:00 - [TEST_STEP][PASSED] - dZO = getText(findTestObject("Выручка по ДЗО/Фильтр ДЗО")): Text of object 'Object Repository/Выручка по ДЗО/Фильтр ДЗО' is: 'ПАО Россети - РаспредКомплекс - Россети Волга - Ульяновские РС'

11-03-2025T02:53:01 - [MESSAGE][PASSED] - Text of object 'Object Repository/Выручка по ДЗО/Фильтр ДЗО' is: 'ПАО Россети - РаспредКомплекс - Россети Волга - Ульяновские РС'

11-03-2025T02:53:01 - [TEST_STEP][PASSED] - period = getText(findTestObject("Выручка по ДЗО/Фильтр Дата")): Text of object 'Object Repository/Выручка по ДЗО/Фильтр Дата' is: 'Январь 2025 года'

11-03-2025T02:53:01 - [MESSAGE][PASSED] - Text of object 'Object Repository/Выручка по ДЗО/Фильтр Дата' is: 'Январь 2025 года'

11-03-2025T02:53:01 - [TEST_STEP][PASSED] - viruchka = getText(findTestObject("Выручка по ДЗО/Фильтр Выручка")): Text of object 'Object Repository/Выручка по ДЗО/Фильтр Выручка' is: 'внутренний оборот'

11-03-2025T02:53:01 - [MESSAGE][PASSED] - Text of object 'Object Repository/Выручка по ДЗО/Фильтр Выручка' is: 'внутренний оборот'

11-03-2025T02:53:01 - [TEST_STEP][PASSED] - if (viruchka == "Выбрано: 2"): null

11-03-2025T02:53:01 - [TEST_STEP][PASSED] - if (viruchka == "Все"): null

11-03-2025T02:53:01 - [TEST_STEP][PASSED] - println(period): null

11-03-2025T02:53:01 - [TEST_STEP][PASSED] - dashboardName = "Выручка по ДЗО": null

11-03-2025T02:53:01 - [TEST_STEP][PASSED] - workbook01 = getWorkbook(excelFilePath): null

11-03-2025T02:53:01 - [TEST_STEP][PASSED] - sheet01 = getExcelSheet(workbook01, sheetName): null

11-03-2025T02:53:01 - [TEST_STEP][PASSED] - setValueToCellByIndex(sheet01, n, 0, dashboardName): null

11-03-2025T02:53:01 - [TEST_STEP][PASSED] - setValueToCellByIndex(sheet01, n, 1, dZO): null

11-03-2025T02:53:01 - [TEST_STEP][PASSED] - setValueToCellByIndex(sheet01, n, 2, period): null

11-03-2025T02:53:01 - [TEST_STEP][PASSED] - setValueToCellByIndex(sheet01, n, 3, viruchka): null

11-03-2025T02:53:01 - [TEST_STEP][PASSED] - setValueToCellByIndex(sheet01, n, 4, todaysDate): null

11-03-2025T02:53:01 - [TEST_STEP][PASSED] - n = n + 1: null

11-03-2025T02:53:01 - [TEST_STEP][PASSED] - saveWorkbook(excelFilePath, workbook01): null

11-03-2025T02:53:01 - [TEST_STEP][PASSED] - click(findTestObject("Выручка по ДЗО/Фильтр Выручка")): Object: 'Object Repository/Выручка по ДЗО/Фильтр Выручка' is clicked on

11-03-2025T02:53:02 - [MESSAGE][PASSED] - Object: 'Object Repository/Выручка по ДЗО/Фильтр Выручка' is clicked on

11-03-2025T02:53:02 - [TEST_STEP][PASSED] - click(findTestObject("Выручка по ДЗО/По передаче в фильтре Выручка")): Object: 'Object Repository/Выручка по ДЗО/По передаче в фильтре Выручка' is clicked on

11-03-2025T02:53:02 - [MESSAGE][PASSED] - Object: 'Object Repository/Выручка по ДЗО/По передаче в фильтре Выручка' is clicked on

11-03-2025T02:53:02 - [TEST_STEP][PASSED] - click(findTestObject("Выручка по ДЗО/Применить в фильтре Выручка")): Object: 'Object Repository/Выручка по ДЗО/Применить в фильтре Выручка' is clicked on

11-03-2025T02:53:03 - [MESSAGE][PASSED] - Object: 'Object Repository/Выручка по ДЗО/Применить в фильтре Выручка' is clicked on

11-03-2025T02:53:03 - [TEST_STEP][PASSED] - Script1687405711779.Test(todaysDate): null

11-03-2025T02:53:03 - [TEST_STEP][PASSED] - delay(10): Delayed 10 second(s)

11-03-2025T02:53:13 - [MESSAGE][PASSED] - Delayed 10 second(s)

11-03-2025T02:53:13 - [TEST_STEP][PASSED] - if (verifyTextNotPresent("нет данных", false) == true): null

11-03-2025T02:53:14 - [MESSAGE][PASSED] - Text 'нет данных' is not present on page

11-03-2025T02:53:14 - [TEST_STEP][PASSED] - if (verifyTextNotPresent("Ошибка запроса данных", false) == true): null

11-03-2025T02:53:14 - [MESSAGE][PASSED] - Text 'Ошибка запроса данных' is not present on page

11-03-2025T02:53:14 - [TEST_STEP][PASSED] - if (verifyTextNotPresent("Произошла ошибка при выполнении пользовательского кода", false) == true): null

11-03-2025T02:53:14 - [MESSAGE][PASSED] - Text 'Произошла ошибка при выполнении пользовательского кода' is not present on page

11-03-2025T02:53:14 - [TEST_STEP][PASSED] - if (verifyTextNotPresent("У виджета нет данных", false) == true): null

11-03-2025T02:53:15 - [MESSAGE][PASSED] - Text 'У виджета нет данных' is not present on page

11-03-2025T02:53:15 - [TEST_STEP][PASSED] - if (verifyTextNotPresent("У виджета нет данных", false) == true): Text 'У виджета нет данных' is not present on page

11-03-2025T02:53:15 - [MESSAGE][PASSED] - Text 'У виджета нет данных' is not present on page

11-03-2025T02:53:15 - [TEST_STEP][PASSED] - click(findTestObject("Выручка по ДЗО/Фильтр Выручка")): Object: 'Object Repository/Выручка по ДЗО/Фильтр Выручка' is clicked on

11-03-2025T02:53:16 - [MESSAGE][PASSED] - Object: 'Object Repository/Выручка по ДЗО/Фильтр Выручка' is clicked on

11-03-2025T02:53:16 - [TEST_STEP][PASSED] - click(findTestObject("Выручка по ДЗО/Снять выделение в фильтре Выручка")): Object: 'Object Repository/Выручка по ДЗО/Снять выделение в фильтре Выручка' is clicked on

11-03-2025T02:53:16 - [MESSAGE][PASSED] - Object: 'Object Repository/Выручка по ДЗО/Снять выделение в фильтре Выручка' is clicked on

11-03-2025T02:53:16 - [TEST_STEP][PASSED] - click(findTestObject("Выручка по ДЗО/По передаче в фильтре Выручка")): Object: 'Object Repository/Выручка по ДЗО/По передаче в фильтре Выручка' is clicked on

11-03-2025T02:53:17 - [MESSAGE][PASSED] - Object: 'Object Repository/Выручка по ДЗО/По передаче в фильтре Выручка' is clicked on

11-03-2025T02:53:17 - [TEST_STEP][PASSED] - click(findTestObject("Выручка по ДЗО/Применить в фильтре Выручка")): Object: 'Object Repository/Выручка по ДЗО/Применить в фильтре Выручка' is clicked on

11-03-2025T02:53:17 - [MESSAGE][PASSED] - Object: 'Object Repository/Выручка по ДЗО/Применить в фильтре Выручка' is clicked on

11-03-2025T02:53:17 - [TEST_STEP][PASSED] - Script1687405711779.Test(todaysDate): null

11-03-2025T02:53:17 - [TEST_STEP][PASSED] - delay(10): Delayed 10 second(s)

11-03-2025T02:53:27 - [MESSAGE][PASSED] - Delayed 10 second(s)

11-03-2025T02:53:27 - [TEST_STEP][PASSED] - if (verifyTextNotPresent("нет данных", false) == true): null

11-03-2025T02:53:28 - [MESSAGE][PASSED] - Text 'нет данных' is not present on page

11-03-2025T02:53:28 - [TEST_STEP][PASSED] - if (verifyTextNotPresent("Ошибка запроса данных", false) == true): null

11-03-2025T02:53:28 - [MESSAGE][PASSED] - Text 'Ошибка запроса данных' is not present on page

11-03-2025T02:53:28 - [TEST_STEP][PASSED] - if (verifyTextNotPresent("Произошла ошибка при выполнении пользовательского кода", false) == true): null

11-03-2025T02:53:29 - [MESSAGE][PASSED] - Text 'Произошла ошибка при выполнении пользовательского кода' is not present on page

11-03-2025T02:53:29 - [TEST_STEP][PASSED] - if (verifyTextNotPresent("У виджета нет данных", false) == true): null

11-03-2025T02:53:29 - [MESSAGE][PASSED] - Text 'У виджета нет данных' is not present on page

11-03-2025T02:53:29 - [TEST_STEP][PASSED] - if (verifyTextNotPresent("У виджета нет данных", false) == true): Text 'У виджета нет данных' is not present on page

11-03-2025T02:53:30 - [MESSAGE][PASSED] - Text 'У виджета нет данных' is not present on page

11-03-2025T02:53:30 - [TEST_STEP][PASSED] - click(findTestObject("Выручка по ДЗО/Фильтр Выручка")): Object: 'Object Repository/Выручка по ДЗО/Фильтр Выручка' is clicked on

11-03-2025T02:53:30 - [MESSAGE][PASSED] - Object: 'Object Repository/Выручка по ДЗО/Фильтр Выручка' is clicked on

11-03-2025T02:53:30 - [TEST_STEP][PASSED] - click(findTestObject("Выручка по ДЗО/Снять выделение в фильтре Выручка")): Object: 'Object Repository/Выручка по ДЗО/Снять выделение в фильтре Выручка' is clicked on

11-03-2025T02:53:30 - [MESSAGE][PASSED] - Object: 'Object Repository/Выручка по ДЗО/Снять выделение в фильтре Выручка' is clicked on

11-03-2025T02:53:30 - [TEST_STEP][PASSED] - click(findTestObject("Выручка по ДЗО/Применить в фильтре Выручка")): Object: 'Object Repository/Выручка по ДЗО/Применить в фильтре Выручка' is clicked on

11-03-2025T02:53:31 - [MESSAGE][PASSED] - Object: 'Object Repository/Выручка по ДЗО/Применить в фильтре Выручка' is clicked on

11-03-2025T02:53:31 - [TEST_STEP][PASSED] - click(findTestObject("Выручка по ДЗО/Фильтр ДЗО")): Object: 'Object Repository/Выручка по ДЗО/Фильтр ДЗО' is clicked on

11-03-2025T02:53:32 - [MESSAGE][PASSED] - Object: 'Object Repository/Выручка по ДЗО/Фильтр ДЗО' is clicked on

11-03-2025T02:53:32 - [TEST_STEP][PASSED] - click(findTestObject("Выручка по ДЗО/Снять выделение в фильтре ДЗО")): Object: 'Object Repository/Выручка по ДЗО/Снять выделение в фильтре ДЗО' is clicked on

11-03-2025T02:53:33 - [MESSAGE][PASSED] - Object: 'Object Repository/Выручка по ДЗО/Снять выделение в фильтре ДЗО' is clicked on

11-03-2025T02:53:33 - [TEST_STEP][PASSED] - scrollToElement(findTestObject("Общие объекты/Чувашэнерго"), 30): Scroll to object 'Object Repository/Общие объекты/Чувашэнерго' successfully

11-03-2025T02:53:33 - [MESSAGE][PASSED] - Scroll to object 'Object Repository/Общие объекты/Чувашэнерго' successfully

11-03-2025T02:53:33 - [TEST_STEP][PASSED] - click(findTestObject("Общие объекты/Чувашэнерго")): Object: 'Object Repository/Общие объекты/Чувашэнерго' is clicked on

11-03-2025T02:53:33 - [MESSAGE][PASSED] - Object: 'Object Repository/Общие объекты/Чувашэнерго' is clicked on

11-03-2025T02:53:33 - [TEST_STEP][PASSED] - Script1687405711779.Change(todaysDate): null

11-03-2025T02:53:33 - [TEST_STEP][PASSED] - scrollToElement(findTestObject("Выручка по ДЗО/Заголовок дашборда"), 30): Scroll to object 'Object Repository/Выручка по ДЗО/Заголовок дашборда' successfully

11-03-2025T02:53:34 - [MESSAGE][PASSED] - Scroll to object 'Object Repository/Выручка по ДЗО/Заголовок дашборда' successfully

11-03-2025T02:53:34 - [TEST_STEP][PASSED] - click(findTestObject("Выручка по ДЗО/Применить в фильтре ДЗО")): Object: 'Object Repository/Выручка по ДЗО/Применить в фильтре ДЗО' is clicked on

11-03-2025T02:53:34 - [MESSAGE][PASSED] - Object: 'Object Repository/Выручка по ДЗО/Применить в фильтре ДЗО' is clicked on

11-03-2025T02:53:34 - [TEST_STEP][PASSED] - Script1687405711779.Tumbler(todaysDate): null

11-03-2025T02:53:34 - [TEST_STEP][PASSED] - Script1687405711779.Test(todaysDate): null

11-03-2025T02:53:34 - [TEST_STEP][PASSED] - delay(10): Delayed 10 second(s)

11-03-2025T02:53:44 - [MESSAGE][PASSED] - Delayed 10 second(s)

11-03-2025T02:53:44 - [TEST_STEP][PASSED] - if (verifyTextNotPresent("нет данных", false) == true): null

11-03-2025T02:53:45 - [MESSAGE][PASSED] - Text 'нет данных' is not present on page

11-03-2025T02:53:45 - [TEST_STEP][PASSED] - if (verifyTextNotPresent("Ошибка запроса данных", false) == true): null

11-03-2025T02:53:45 - [MESSAGE][PASSED] - Text 'Ошибка запроса данных' is not present on page

11-03-2025T02:53:45 - [TEST_STEP][PASSED] - if (verifyTextNotPresent("Произошла ошибка при выполнении пользовательского кода", false) == true): null

11-03-2025T02:53:46 - [MESSAGE][PASSED] - Text 'Произошла ошибка при выполнении пользовательского кода' is not present on page

11-03-2025T02:53:46 - [TEST_STEP][PASSED] - if (verifyTextNotPresent("У виджета нет данных", false) == true): null

11-03-2025T02:53:46 - [MESSAGE][PASSED] - Text 'У виджета нет данных' is not present on page

11-03-2025T02:53:46 - [TEST_STEP][PASSED] - if (verifyTextNotPresent("У виджета нет данных", false) == true): Text 'У виджета нет данных' is not present on page

11-03-2025T02:53:47 - [MESSAGE][PASSED] - Text 'У виджета нет данных' is not present on page

11-03-2025T02:53:47 - [TEST_STEP][PASSED] - click(findTestObject("Выручка по ДЗО/Фильтр Выручка")): Object: 'Object Repository/Выручка по ДЗО/Фильтр Выручка' is clicked on

11-03-2025T02:53:47 - [MESSAGE][PASSED] - Object: 'Object Repository/Выручка по ДЗО/Фильтр Выручка' is clicked on

11-03-2025T02:53:47 - [TEST_STEP][PASSED] - click(findTestObject("Выручка по ДЗО/Внутренний оборот в фильтре Выручка")): Object: 'Object Repository/Выручка по ДЗО/Внутренний оборот в фильтре Выручка' is clicked on

11-03-2025T02:53:48 - [MESSAGE][PASSED] - Object: 'Object Repository/Выручка по ДЗО/Внутренний оборот в фильтре Выручка' is clicked on

11-03-2025T02:53:48 - [TEST_STEP][PASSED] - click(findTestObject("Выручка по ДЗО/Применить в фильтре Выручка")): Object: 'Object Repository/Выручка по ДЗО/Применить в фильтре Выручка' is clicked on

11-03-2025T02:53:48 - [MESSAGE][PASSED] - Object: 'Object Repository/Выручка по ДЗО/Применить в фильтре Выручка' is clicked on

11-03-2025T02:53:48 - [TEST_STEP][PASSED] - Script1687405711779.Test(todaysDate): null

11-03-2025T02:53:48 - [TEST_STEP][PASSED] - delay(10): Delayed 10 second(s)

11-03-2025T02:53:58 - [MESSAGE][PASSED] - Delayed 10 second(s)

11-03-2025T02:53:58 - [TEST_STEP][FAILED] - if (verifyTextNotPresent("нет данных", false) == true): Text 'нет данных' is present on page  (Root cause: com.kms.katalon.core.exception.StepFailedException: Text 'нет данных' is present on page 
	at com.kms.katalon.core.webui.keyword.internal.WebUIKeywordMain.stepFailed(WebUIKeywordMain.groovy:64)
	at com.kms.katalon.core.webui.keyword.builtin.VerifyTextNotPresentKeyword$_verifyTextNotPresent_closure1.doCall(VerifyTextNotPresentKeyword.groovy:77)
	at com.kms.katalon.core.webui.keyword.builtin.VerifyTextNotPresentKeyword$_verifyTextNotPresent_closure1.call(VerifyTextNotPresentKeyword.groovy)
	at com.kms.katalon.core.webui.keyword.internal.WebUIKeywordMain.runKeyword(WebUIKeywordMain.groovy:20)
	at com.kms.katalon.core.webui.keyword.builtin.VerifyTextNotPresentKeyword.verifyTextNotPresent(VerifyTextNotPresentKeyword.groovy:82)
	at com.kms.katalon.core.webui.keyword.builtin.VerifyTextNotPresentKeyword.execute(VerifyTextNotPresentKeyword.groovy:68)
	at com.kms.katalon.core.keyword.internal.KeywordExecutor.executeKeywordForPlatform(KeywordExecutor.groovy:74)
	at com.kms.katalon.core.webui.keyword.WebUiBuiltInKeywords.verifyTextNotPresent(WebUiBuiltInKeywords.groovy:1795)
	at Выручка по ДЗО отображение данных все филиалы.Test(Выручка по ДЗО отображение данных все филиалы:772)
	at Выручка по ДЗО отображение данных все филиалы.Tumbler(Выручка по ДЗО отображение данных все филиалы:726)
	at Выручка по ДЗО отображение данных все филиалы.Change(Выручка по ДЗО отображение данных все филиалы:760)
	at Выручка по ДЗО отображение данных все филиалы.DzoTest(Выручка по ДЗО отображение данных все филиалы:212)
	at Выручка по ДЗО отображение данных все филиалы.run(Выручка по ДЗО отображение данных все филиалы:122)
	at com.kms.katalon.core.main.ScriptEngine.run(ScriptEngine.java:194)
	at com.kms.katalon.core.main.ScriptEngine.runScriptAsRawText(ScriptEngine.java:119)
	at com.kms.katalon.core.main.TestCaseExecutor.runScript(TestCaseExecutor.java:448)
	at com.kms.katalon.core.main.TestCaseExecutor.doExecute(TestCaseExecutor.java:439)
	at com.kms.katalon.core.main.TestCaseExecutor.processExecutionPhase(TestCaseExecutor.java:418)
	at com.kms.katalon.core.main.TestCaseExecutor.accessMainPhase(TestCaseExecutor.java:410)
	at com.kms.katalon.core.main.TestCaseExecutor.execute(TestCaseExecutor.java:285)
	at com.kms.katalon.core.common.CommonExecutor.accessTestCaseMainPhase(CommonExecutor.java:65)
	at com.kms.katalon.core.main.TestSuiteExecutor.accessTestSuiteMainPhase(TestSuiteExecutor.java:150)
	at com.kms.katalon.core.main.TestSuiteExecutor.execute(TestSuiteExecutor.java:106)
	at com.kms.katalon.core.main.TestCaseMain.startTestSuite(TestCaseMain.java:180)
	at TempTestSuite1741649958618.run(TempTestSuite1741649958618.groovy:35)
	at java.base/jdk.internal.reflect.NativeMethodAccessorImpl.invoke0(Native Method)
	at java.base/jdk.internal.reflect.NativeMethodAccessorImpl.invoke(NativeMethodAccessorImpl.java:77)
	at java.base/jdk.internal.reflect.DelegatingMethodAccessorImpl.invoke(DelegatingMethodAccessorImpl.java:43)
)

11-03-2025T02:53:59 - [MESSAGE][FAILED] - Text 'нет данных' is present on page  (Root cause: com.kms.katalon.core.exception.StepFailedException: Text 'нет данных' is present on page 
	at com.kms.katalon.core.webui.keyword.internal.WebUIKeywordMain.stepFailed(WebUIKeywordMain.groovy:64)
	at com.kms.katalon.core.webui.keyword.builtin.VerifyTextNotPresentKeyword$_verifyTextNotPresent_closure1.doCall(VerifyTextNotPresentKeyword.groovy:77)
	at com.kms.katalon.core.webui.keyword.builtin.VerifyTextNotPresentKeyword$_verifyTextNotPresent_closure1.call(VerifyTextNotPresentKeyword.groovy)
	at com.kms.katalon.core.webui.keyword.internal.WebUIKeywordMain.runKeyword(WebUIKeywordMain.groovy:20)
	at com.kms.katalon.core.webui.keyword.builtin.VerifyTextNotPresentKeyword.verifyTextNotPresent(VerifyTextNotPresentKeyword.groovy:82)
	at com.kms.katalon.core.webui.keyword.builtin.VerifyTextNotPresentKeyword.execute(VerifyTextNotPresentKeyword.groovy:68)
	at com.kms.katalon.core.keyword.internal.KeywordExecutor.executeKeywordForPlatform(KeywordExecutor.groovy:74)
	at com.kms.katalon.core.webui.keyword.WebUiBuiltInKeywords.verifyTextNotPresent(WebUiBuiltInKeywords.groovy:1795)
	at Выручка по ДЗО отображение данных все филиалы.Test(Выручка по ДЗО отображение данных все филиалы:772)
	at Выручка по ДЗО отображение данных все филиалы.Tumbler(Выручка по ДЗО отображение данных все филиалы:726)
	at Выручка по ДЗО отображение данных все филиалы.Change(Выручка по ДЗО отображение данных все филиалы:760)
	at Выручка по ДЗО отображение данных все филиалы.DzoTest(Выручка по ДЗО отображение данных все филиалы:212)
	at Выручка по ДЗО отображение данных все филиалы.run(Выручка по ДЗО отображение данных все филиалы:122)
	at com.kms.katalon.core.main.ScriptEngine.run(ScriptEngine.java:194)
	at com.kms.katalon.core.main.ScriptEngine.runScriptAsRawText(ScriptEngine.java:119)
	at com.kms.katalon.core.main.TestCaseExecutor.runScript(TestCaseExecutor.java:448)
	at com.kms.katalon.core.main.TestCaseExecutor.doExecute(TestCaseExecutor.java:439)
	at com.kms.katalon.core.main.TestCaseExecutor.processExecutionPhase(TestCaseExecutor.java:418)
	at com.kms.katalon.core.main.TestCaseExecutor.accessMainPhase(TestCaseExecutor.java:410)
	at com.kms.katalon.core.main.TestCaseExecutor.execute(TestCaseExecutor.java:285)
	at com.kms.katalon.core.common.CommonExecutor.accessTestCaseMainPhase(CommonExecutor.java:65)
	at com.kms.katalon.core.main.TestSuiteExecutor.accessTestSuiteMainPhase(TestSuiteExecutor.java:150)
	at com.kms.katalon.core.main.TestSuiteExecutor.execute(TestSuiteExecutor.java:106)
	at com.kms.katalon.core.main.TestCaseMain.startTestSuite(TestCaseMain.java:180)
	at TempTestSuite1741649958618.run(TempTestSuite1741649958618.groovy:35)
	at java.base/jdk.internal.reflect.NativeMethodAccessorImpl.invoke0(Native Method)
	at java.base/jdk.internal.reflect.NativeMethodAccessorImpl.invoke(NativeMethodAccessorImpl.java:77)
	at java.base/jdk.internal.reflect.DelegatingMethodAccessorImpl.invoke(DelegatingMethodAccessorImpl.java:43)
)

11-03-2025T02:53:59 - [TEST_STEP][PASSED] - else: null

11-03-2025T02:53:59 - [TEST_STEP][PASSED] - Script1687405711779.WriteToExcel(todaysDate): null

11-03-2025T02:53:59 - [TEST_STEP][PASSED] - sheetName = "Sheet1": null

11-03-2025T02:53:59 - [TEST_STEP][PASSED] - data = findTestData("PlanFact"): null

11-03-2025T02:53:59 - [TEST_STEP][PASSED] - n = data.getRowNumbers() + 1: null

11-03-2025T02:53:59 - [TEST_STEP][PASSED] - dZO = getText(findTestObject("Выручка по ДЗО/Фильтр ДЗО")): Text of object 'Object Repository/Выручка по ДЗО/Фильтр ДЗО' is: 'ПАО Россети - РаспредКомплекс - Россети Волга - Чувашэнерго'

11-03-2025T02:53:59 - [MESSAGE][PASSED] - Text of object 'Object Repository/Выручка по ДЗО/Фильтр ДЗО' is: 'ПАО Россети - РаспредКомплекс - Россети Волга - Чувашэнерго'

11-03-2025T02:53:59 - [TEST_STEP][PASSED] - period = getText(findTestObject("Выручка по ДЗО/Фильтр Дата")): Text of object 'Object Repository/Выручка по ДЗО/Фильтр Дата' is: 'Январь 2025 года'

11-03-2025T02:54:00 - [MESSAGE][PASSED] - Text of object 'Object Repository/Выручка по ДЗО/Фильтр Дата' is: 'Январь 2025 года'

11-03-2025T02:54:00 - [TEST_STEP][PASSED] - viruchka = getText(findTestObject("Выручка по ДЗО/Фильтр Выручка")): Text of object 'Object Repository/Выручка по ДЗО/Фильтр Выручка' is: 'внутренний оборот'

11-03-2025T02:54:00 - [MESSAGE][PASSED] - Text of object 'Object Repository/Выручка по ДЗО/Фильтр Выручка' is: 'внутренний оборот'

11-03-2025T02:54:00 - [TEST_STEP][PASSED] - if (viruchka == "Выбрано: 2"): null

11-03-2025T02:54:00 - [TEST_STEP][PASSED] - if (viruchka == "Все"): null

11-03-2025T02:54:00 - [TEST_STEP][PASSED] - println(period): null

11-03-2025T02:54:00 - [TEST_STEP][PASSED] - dashboardName = "Выручка по ДЗО": null

11-03-2025T02:54:00 - [TEST_STEP][PASSED] - workbook01 = getWorkbook(excelFilePath): null

11-03-2025T02:54:00 - [TEST_STEP][PASSED] - sheet01 = getExcelSheet(workbook01, sheetName): null

11-03-2025T02:54:00 - [TEST_STEP][PASSED] - setValueToCellByIndex(sheet01, n, 0, dashboardName): null

11-03-2025T02:54:00 - [TEST_STEP][PASSED] - setValueToCellByIndex(sheet01, n, 1, dZO): null

11-03-2025T02:54:00 - [TEST_STEP][PASSED] - setValueToCellByIndex(sheet01, n, 2, period): null

11-03-2025T02:54:00 - [TEST_STEP][PASSED] - setValueToCellByIndex(sheet01, n, 3, viruchka): null

11-03-2025T02:54:00 - [TEST_STEP][PASSED] - setValueToCellByIndex(sheet01, n, 4, todaysDate): null

11-03-2025T02:54:00 - [TEST_STEP][PASSED] - n = n + 1: null

11-03-2025T02:54:00 - [TEST_STEP][PASSED] - saveWorkbook(excelFilePath, workbook01): null

11-03-2025T02:54:00 - [TEST_STEP][PASSED] - click(findTestObject("Выручка по ДЗО/Фильтр Выручка")): Object: 'Object Repository/Выручка по ДЗО/Фильтр Выручка' is clicked on

11-03-2025T02:54:00 - [MESSAGE][PASSED] - Object: 'Object Repository/Выручка по ДЗО/Фильтр Выручка' is clicked on

11-03-2025T02:54:00 - [TEST_STEP][PASSED] - click(findTestObject("Выручка по ДЗО/По передаче в фильтре Выручка")): Object: 'Object Repository/Выручка по ДЗО/По передаче в фильтре Выручка' is clicked on

11-03-2025T02:54:01 - [MESSAGE][PASSED] - Object: 'Object Repository/Выручка по ДЗО/По передаче в фильтре Выручка' is clicked on

11-03-2025T02:54:01 - [TEST_STEP][PASSED] - click(findTestObject("Выручка по ДЗО/Применить в фильтре Выручка")): Object: 'Object Repository/Выручка по ДЗО/Применить в фильтре Выручка' is clicked on

11-03-2025T02:54:02 - [MESSAGE][PASSED] - Object: 'Object Repository/Выручка по ДЗО/Применить в фильтре Выручка' is clicked on

11-03-2025T02:54:02 - [TEST_STEP][PASSED] - Script1687405711779.Test(todaysDate): null

11-03-2025T02:54:02 - [TEST_STEP][PASSED] - delay(10): Delayed 10 second(s)

11-03-2025T02:54:12 - [MESSAGE][PASSED] - Delayed 10 second(s)

11-03-2025T02:54:12 - [TEST_STEP][PASSED] - if (verifyTextNotPresent("нет данных", false) == true): null

11-03-2025T02:54:12 - [MESSAGE][PASSED] - Text 'нет данных' is not present on page

11-03-2025T02:54:12 - [TEST_STEP][PASSED] - if (verifyTextNotPresent("Ошибка запроса данных", false) == true): null

11-03-2025T02:54:13 - [MESSAGE][PASSED] - Text 'Ошибка запроса данных' is not present on page

11-03-2025T02:54:13 - [TEST_STEP][PASSED] - if (verifyTextNotPresent("Произошла ошибка при выполнении пользовательского кода", false) == true): null

11-03-2025T02:54:13 - [MESSAGE][PASSED] - Text 'Произошла ошибка при выполнении пользовательского кода' is not present on page

11-03-2025T02:54:13 - [TEST_STEP][PASSED] - if (verifyTextNotPresent("У виджета нет данных", false) == true): null

11-03-2025T02:54:14 - [MESSAGE][PASSED] - Text 'У виджета нет данных' is not present on page

11-03-2025T02:54:14 - [TEST_STEP][PASSED] - if (verifyTextNotPresent("У виджета нет данных", false) == true): Text 'У виджета нет данных' is not present on page

11-03-2025T02:54:14 - [MESSAGE][PASSED] - Text 'У виджета нет данных' is not present on page

11-03-2025T02:54:14 - [TEST_STEP][PASSED] - click(findTestObject("Выручка по ДЗО/Фильтр Выручка")): Object: 'Object Repository/Выручка по ДЗО/Фильтр Выручка' is clicked on

11-03-2025T02:54:14 - [MESSAGE][PASSED] - Object: 'Object Repository/Выручка по ДЗО/Фильтр Выручка' is clicked on

11-03-2025T02:54:14 - [TEST_STEP][PASSED] - click(findTestObject("Выручка по ДЗО/Снять выделение в фильтре Выручка")): Object: 'Object Repository/Выручка по ДЗО/Снять выделение в фильтре Выручка' is clicked on

11-03-2025T02:54:15 - [MESSAGE][PASSED] - Object: 'Object Repository/Выручка по ДЗО/Снять выделение в фильтре Выручка' is clicked on

11-03-2025T02:54:15 - [TEST_STEP][PASSED] - click(findTestObject("Выручка по ДЗО/По передаче в фильтре Выручка")): Object: 'Object Repository/Выручка по ДЗО/По передаче в фильтре Выручка' is clicked on

11-03-2025T02:54:15 - [MESSAGE][PASSED] - Object: 'Object Repository/Выручка по ДЗО/По передаче в фильтре Выручка' is clicked on

11-03-2025T02:54:15 - [TEST_STEP][PASSED] - click(findTestObject("Выручка по ДЗО/Применить в фильтре Выручка")): Object: 'Object Repository/Выручка по ДЗО/Применить в фильтре Выручка' is clicked on

11-03-2025T02:54:16 - [MESSAGE][PASSED] - Object: 'Object Repository/Выручка по ДЗО/Применить в фильтре Выручка' is clicked on

11-03-2025T02:54:16 - [TEST_STEP][PASSED] - Script1687405711779.Test(todaysDate): null

11-03-2025T02:54:16 - [TEST_STEP][PASSED] - delay(10): Delayed 10 second(s)

11-03-2025T02:54:26 - [MESSAGE][PASSED] - Delayed 10 second(s)

11-03-2025T02:54:26 - [TEST_STEP][PASSED] - if (verifyTextNotPresent("нет данных", false) == true): null

11-03-2025T02:54:26 - [MESSAGE][PASSED] - Text 'нет данных' is not present on page

11-03-2025T02:54:26 - [TEST_STEP][PASSED] - if (verifyTextNotPresent("Ошибка запроса данных", false) == true): null

11-03-2025T02:54:27 - [MESSAGE][PASSED] - Text 'Ошибка запроса данных' is not present on page

11-03-2025T02:54:27 - [TEST_STEP][PASSED] - if (verifyTextNotPresent("Произошла ошибка при выполнении пользовательского кода", false) == true): null

11-03-2025T02:54:27 - [MESSAGE][PASSED] - Text 'Произошла ошибка при выполнении пользовательского кода' is not present on page

11-03-2025T02:54:27 - [TEST_STEP][PASSED] - if (verifyTextNotPresent("У виджета нет данных", false) == true): null

11-03-2025T02:54:28 - [MESSAGE][PASSED] - Text 'У виджета нет данных' is not present on page

11-03-2025T02:54:28 - [TEST_STEP][PASSED] - if (verifyTextNotPresent("У виджета нет данных", false) == true): Text 'У виджета нет данных' is not present on page

11-03-2025T02:54:28 - [MESSAGE][PASSED] - Text 'У виджета нет данных' is not present on page

11-03-2025T02:54:28 - [TEST_STEP][PASSED] - click(findTestObject("Выручка по ДЗО/Фильтр Выручка")): Object: 'Object Repository/Выручка по ДЗО/Фильтр Выручка' is clicked on

11-03-2025T02:54:29 - [MESSAGE][PASSED] - Object: 'Object Repository/Выручка по ДЗО/Фильтр Выручка' is clicked on

11-03-2025T02:54:29 - [TEST_STEP][PASSED] - click(findTestObject("Выручка по ДЗО/Снять выделение в фильтре Выручка")): Object: 'Object Repository/Выручка по ДЗО/Снять выделение в фильтре Выручка' is clicked on

11-03-2025T02:54:29 - [MESSAGE][PASSED] - Object: 'Object Repository/Выручка по ДЗО/Снять выделение в фильтре Выручка' is clicked on

11-03-2025T02:54:29 - [TEST_STEP][PASSED] - click(findTestObject("Выручка по ДЗО/Применить в фильтре Выручка")): Object: 'Object Repository/Выручка по ДЗО/Применить в фильтре Выручка' is clicked on

11-03-2025T02:54:30 - [MESSAGE][PASSED] - Object: 'Object Repository/Выручка по ДЗО/Применить в фильтре Выручка' is clicked on

11-03-2025T02:54:30 - [TEST_STEP][PASSED] - click(findTestObject("Выручка по ДЗО/Фильтр ДЗО")): Object: 'Object Repository/Выручка по ДЗО/Фильтр ДЗО' is clicked on

11-03-2025T02:54:30 - [MESSAGE][PASSED] - Object: 'Object Repository/Выручка по ДЗО/Фильтр ДЗО' is clicked on

11-03-2025T02:54:30 - [TEST_STEP][PASSED] - click(findTestObject("Выручка по ДЗО/Снять выделение в фильтре ДЗО")): Object: 'Object Repository/Выручка по ДЗО/Снять выделение в фильтре ДЗО' is clicked on

11-03-2025T02:54:31 - [MESSAGE][PASSED] - Object: 'Object Repository/Выручка по ДЗО/Снять выделение в фильтре ДЗО' is clicked on

11-03-2025T02:54:31 - [TEST_STEP][PASSED] - scrollToElement(findTestObject("Выручка по ДЗО/Россети Кубань Выручка по ДЗО"), 30): Scroll to object 'Object Repository/Выручка по ДЗО/Россети Кубань Выручка по ДЗО' successfully

11-03-2025T02:54:31 - [MESSAGE][PASSED] - Scroll to object 'Object Repository/Выручка по ДЗО/Россети Кубань Выручка по ДЗО' successfully

11-03-2025T02:54:31 - [TEST_STEP][PASSED] - click(findTestObject("Выручка по ДЗО/Россети Кубань Выручка по ДЗО")): Object: 'Object Repository/Выручка по ДЗО/Россети Кубань Выручка по ДЗО' is clicked on

11-03-2025T02:54:31 - [MESSAGE][PASSED] - Object: 'Object Repository/Выручка по ДЗО/Россети Кубань Выручка по ДЗО' is clicked on

11-03-2025T02:54:31 - [TEST_STEP][PASSED] - scrollToElement(findTestObject("Выручка по ДЗО/Фильтр ДЗО"), 30): Scroll to object 'Object Repository/Выручка по ДЗО/Фильтр ДЗО' successfully

11-03-2025T02:54:32 - [MESSAGE][PASSED] - Scroll to object 'Object Repository/Выручка по ДЗО/Фильтр ДЗО' successfully

11-03-2025T02:54:32 - [TEST_STEP][PASSED] - Script1687405711779.Change(todaysDate): null

11-03-2025T02:54:32 - [TEST_STEP][PASSED] - scrollToElement(findTestObject("Выручка по ДЗО/Заголовок дашборда"), 30): Scroll to object 'Object Repository/Выручка по ДЗО/Заголовок дашборда' successfully

11-03-2025T02:54:32 - [MESSAGE][PASSED] - Scroll to object 'Object Repository/Выручка по ДЗО/Заголовок дашборда' successfully

11-03-2025T02:54:32 - [TEST_STEP][PASSED] - click(findTestObject("Выручка по ДЗО/Применить в фильтре ДЗО")): Object: 'Object Repository/Выручка по ДЗО/Применить в фильтре ДЗО' is clicked on

11-03-2025T02:54:33 - [MESSAGE][PASSED] - Object: 'Object Repository/Выручка по ДЗО/Применить в фильтре ДЗО' is clicked on

11-03-2025T02:54:33 - [TEST_STEP][PASSED] - Script1687405711779.Tumbler(todaysDate): null

11-03-2025T02:54:33 - [TEST_STEP][PASSED] - Script1687405711779.Test(todaysDate): null

11-03-2025T02:54:33 - [TEST_STEP][PASSED] - delay(10): Delayed 10 second(s)

11-03-2025T02:54:43 - [MESSAGE][PASSED] - Delayed 10 second(s)

11-03-2025T02:54:43 - [TEST_STEP][PASSED] - if (verifyTextNotPresent("нет данных", false) == true): null

11-03-2025T02:54:43 - [MESSAGE][PASSED] - Text 'нет данных' is not present on page

11-03-2025T02:54:43 - [TEST_STEP][PASSED] - if (verifyTextNotPresent("Ошибка запроса данных", false) == true): null

11-03-2025T02:54:44 - [MESSAGE][PASSED] - Text 'Ошибка запроса данных' is not present on page

11-03-2025T02:54:44 - [TEST_STEP][PASSED] - if (verifyTextNotPresent("Произошла ошибка при выполнении пользовательского кода", false) == true): null

11-03-2025T02:54:44 - [MESSAGE][PASSED] - Text 'Произошла ошибка при выполнении пользовательского кода' is not present on page

11-03-2025T02:54:44 - [TEST_STEP][PASSED] - if (verifyTextNotPresent("У виджета нет данных", false) == true): null

11-03-2025T02:54:45 - [MESSAGE][PASSED] - Text 'У виджета нет данных' is not present on page

11-03-2025T02:54:45 - [TEST_STEP][PASSED] - if (verifyTextNotPresent("У виджета нет данных", false) == true): Text 'У виджета нет данных' is not present on page

11-03-2025T02:54:45 - [MESSAGE][PASSED] - Text 'У виджета нет данных' is not present on page

11-03-2025T02:54:45 - [TEST_STEP][PASSED] - click(findTestObject("Выручка по ДЗО/Фильтр Выручка")): Object: 'Object Repository/Выручка по ДЗО/Фильтр Выручка' is clicked on

11-03-2025T02:54:45 - [MESSAGE][PASSED] - Object: 'Object Repository/Выручка по ДЗО/Фильтр Выручка' is clicked on

11-03-2025T02:54:45 - [TEST_STEP][PASSED] - click(findTestObject("Выручка по ДЗО/Внутренний оборот в фильтре Выручка")): Object: 'Object Repository/Выручка по ДЗО/Внутренний оборот в фильтре Выручка' is clicked on

11-03-2025T02:54:46 - [MESSAGE][PASSED] - Object: 'Object Repository/Выручка по ДЗО/Внутренний оборот в фильтре Выручка' is clicked on

11-03-2025T02:54:46 - [TEST_STEP][PASSED] - click(findTestObject("Выручка по ДЗО/Применить в фильтре Выручка")): Object: 'Object Repository/Выручка по ДЗО/Применить в фильтре Выручка' is clicked on

11-03-2025T02:54:47 - [MESSAGE][PASSED] - Object: 'Object Repository/Выручка по ДЗО/Применить в фильтре Выручка' is clicked on

11-03-2025T02:54:47 - [TEST_STEP][PASSED] - Script1687405711779.Test(todaysDate): null

11-03-2025T02:54:47 - [TEST_STEP][PASSED] - delay(10): Delayed 10 second(s)

11-03-2025T02:54:57 - [MESSAGE][PASSED] - Delayed 10 second(s)

11-03-2025T02:54:57 - [TEST_STEP][FAILED] - if (verifyTextNotPresent("нет данных", false) == true): Text 'нет данных' is present on page  (Root cause: com.kms.katalon.core.exception.StepFailedException: Text 'нет данных' is present on page 
	at com.kms.katalon.core.webui.keyword.internal.WebUIKeywordMain.stepFailed(WebUIKeywordMain.groovy:64)
	at com.kms.katalon.core.webui.keyword.builtin.VerifyTextNotPresentKeyword$_verifyTextNotPresent_closure1.doCall(VerifyTextNotPresentKeyword.groovy:77)
	at com.kms.katalon.core.webui.keyword.builtin.VerifyTextNotPresentKeyword$_verifyTextNotPresent_closure1.call(VerifyTextNotPresentKeyword.groovy)
	at com.kms.katalon.core.webui.keyword.internal.WebUIKeywordMain.runKeyword(WebUIKeywordMain.groovy:20)
	at com.kms.katalon.core.webui.keyword.builtin.VerifyTextNotPresentKeyword.verifyTextNotPresent(VerifyTextNotPresentKeyword.groovy:82)
	at com.kms.katalon.core.webui.keyword.builtin.VerifyTextNotPresentKeyword.execute(VerifyTextNotPresentKeyword.groovy:68)
	at com.kms.katalon.core.keyword.internal.KeywordExecutor.executeKeywordForPlatform(KeywordExecutor.groovy:74)
	at com.kms.katalon.core.webui.keyword.WebUiBuiltInKeywords.verifyTextNotPresent(WebUiBuiltInKeywords.groovy:1795)
	at Выручка по ДЗО отображение данных все филиалы.Test(Выручка по ДЗО отображение данных все филиалы:772)
	at Выручка по ДЗО отображение данных все филиалы.Tumbler(Выручка по ДЗО отображение данных все филиалы:726)
	at Выручка по ДЗО отображение данных все филиалы.Change(Выручка по ДЗО отображение данных все филиалы:760)
	at Выручка по ДЗО отображение данных все филиалы.DzoTest(Выручка по ДЗО отображение данных все филиалы:220)
	at Выручка по ДЗО отображение данных все филиалы.run(Выручка по ДЗО отображение данных все филиалы:122)
	at com.kms.katalon.core.main.ScriptEngine.run(ScriptEngine.java:194)
	at com.kms.katalon.core.main.ScriptEngine.runScriptAsRawText(ScriptEngine.java:119)
	at com.kms.katalon.core.main.TestCaseExecutor.runScript(TestCaseExecutor.java:448)
	at com.kms.katalon.core.main.TestCaseExecutor.doExecute(TestCaseExecutor.java:439)
	at com.kms.katalon.core.main.TestCaseExecutor.processExecutionPhase(TestCaseExecutor.java:418)
	at com.kms.katalon.core.main.TestCaseExecutor.accessMainPhase(TestCaseExecutor.java:410)
	at com.kms.katalon.core.main.TestCaseExecutor.execute(TestCaseExecutor.java:285)
	at com.kms.katalon.core.common.CommonExecutor.accessTestCaseMainPhase(CommonExecutor.java:65)
	at com.kms.katalon.core.main.TestSuiteExecutor.accessTestSuiteMainPhase(TestSuiteExecutor.java:150)
	at com.kms.katalon.core.main.TestSuiteExecutor.execute(TestSuiteExecutor.java:106)
	at com.kms.katalon.core.main.TestCaseMain.startTestSuite(TestCaseMain.java:180)
	at TempTestSuite1741649958618.run(TempTestSuite1741649958618.groovy:35)
	at java.base/jdk.internal.reflect.NativeMethodAccessorImpl.invoke0(Native Method)
	at java.base/jdk.internal.reflect.NativeMethodAccessorImpl.invoke(NativeMethodAccessorImpl.java:77)
	at java.base/jdk.internal.reflect.DelegatingMethodAccessorImpl.invoke(DelegatingMethodAccessorImpl.java:43)
)

11-03-2025T02:54:57 - [MESSAGE][FAILED] - Text 'нет данных' is present on page  (Root cause: com.kms.katalon.core.exception.StepFailedException: Text 'нет данных' is present on page 
	at com.kms.katalon.core.webui.keyword.internal.WebUIKeywordMain.stepFailed(WebUIKeywordMain.groovy:64)
	at com.kms.katalon.core.webui.keyword.builtin.VerifyTextNotPresentKeyword$_verifyTextNotPresent_closure1.doCall(VerifyTextNotPresentKeyword.groovy:77)
	at com.kms.katalon.core.webui.keyword.builtin.VerifyTextNotPresentKeyword$_verifyTextNotPresent_closure1.call(VerifyTextNotPresentKeyword.groovy)
	at com.kms.katalon.core.webui.keyword.internal.WebUIKeywordMain.runKeyword(WebUIKeywordMain.groovy:20)
	at com.kms.katalon.core.webui.keyword.builtin.VerifyTextNotPresentKeyword.verifyTextNotPresent(VerifyTextNotPresentKeyword.groovy:82)
	at com.kms.katalon.core.webui.keyword.builtin.VerifyTextNotPresentKeyword.execute(VerifyTextNotPresentKeyword.groovy:68)
	at com.kms.katalon.core.keyword.internal.KeywordExecutor.executeKeywordForPlatform(KeywordExecutor.groovy:74)
	at com.kms.katalon.core.webui.keyword.WebUiBuiltInKeywords.verifyTextNotPresent(WebUiBuiltInKeywords.groovy:1795)
	at Выручка по ДЗО отображение данных все филиалы.Test(Выручка по ДЗО отображение данных все филиалы:772)
	at Выручка по ДЗО отображение данных все филиалы.Tumbler(Выручка по ДЗО отображение данных все филиалы:726)
	at Выручка по ДЗО отображение данных все филиалы.Change(Выручка по ДЗО отображение данных все филиалы:760)
	at Выручка по ДЗО отображение данных все филиалы.DzoTest(Выручка по ДЗО отображение данных все филиалы:220)
	at Выручка по ДЗО отображение данных все филиалы.run(Выручка по ДЗО отображение данных все филиалы:122)
	at com.kms.katalon.core.main.ScriptEngine.run(ScriptEngine.java:194)
	at com.kms.katalon.core.main.ScriptEngine.runScriptAsRawText(ScriptEngine.java:119)
	at com.kms.katalon.core.main.TestCaseExecutor.runScript(TestCaseExecutor.java:448)
	at com.kms.katalon.core.main.TestCaseExecutor.doExecute(TestCaseExecutor.java:439)
	at com.kms.katalon.core.main.TestCaseExecutor.processExecutionPhase(TestCaseExecutor.java:418)
	at com.kms.katalon.core.main.TestCaseExecutor.accessMainPhase(TestCaseExecutor.java:410)
	at com.kms.katalon.core.main.TestCaseExecutor.execute(TestCaseExecutor.java:285)
	at com.kms.katalon.core.common.CommonExecutor.accessTestCaseMainPhase(CommonExecutor.java:65)
	at com.kms.katalon.core.main.TestSuiteExecutor.accessTestSuiteMainPhase(TestSuiteExecutor.java:150)
	at com.kms.katalon.core.main.TestSuiteExecutor.execute(TestSuiteExecutor.java:106)
	at com.kms.katalon.core.main.TestCaseMain.startTestSuite(TestCaseMain.java:180)
	at TempTestSuite1741649958618.run(TempTestSuite1741649958618.groovy:35)
	at java.base/jdk.internal.reflect.NativeMethodAccessorImpl.invoke0(Native Method)
	at java.base/jdk.internal.reflect.NativeMethodAccessorImpl.invoke(NativeMethodAccessorImpl.java:77)
	at java.base/jdk.internal.reflect.DelegatingMethodAccessorImpl.invoke(DelegatingMethodAccessorImpl.java:43)
)

11-03-2025T02:54:57 - [TEST_STEP][PASSED] - else: null

11-03-2025T02:54:57 - [TEST_STEP][PASSED] - Script1687405711779.WriteToExcel(todaysDate): null

11-03-2025T02:54:57 - [TEST_STEP][PASSED] - sheetName = "Sheet1": null

11-03-2025T02:54:57 - [TEST_STEP][PASSED] - data = findTestData("PlanFact"): null

11-03-2025T02:54:57 - [TEST_STEP][PASSED] - n = data.getRowNumbers() + 1: null

11-03-2025T02:54:57 - [TEST_STEP][PASSED] - dZO = getText(findTestObject("Выручка по ДЗО/Фильтр ДЗО")): Text of object 'Object Repository/Выручка по ДЗО/Фильтр ДЗО' is: 'ПАО Россети - РаспредКомплекс - Россети Кубань'

11-03-2025T02:54:57 - [MESSAGE][PASSED] - Text of object 'Object Repository/Выручка по ДЗО/Фильтр ДЗО' is: 'ПАО Россети - РаспредКомплекс - Россети Кубань'

11-03-2025T02:54:57 - [TEST_STEP][PASSED] - period = getText(findTestObject("Выручка по ДЗО/Фильтр Дата")): Text of object 'Object Repository/Выручка по ДЗО/Фильтр Дата' is: 'Январь 2025 года'

11-03-2025T02:54:58 - [MESSAGE][PASSED] - Text of object 'Object Repository/Выручка по ДЗО/Фильтр Дата' is: 'Январь 2025 года'

11-03-2025T02:54:58 - [TEST_STEP][PASSED] - viruchka = getText(findTestObject("Выручка по ДЗО/Фильтр Выручка")): Text of object 'Object Repository/Выручка по ДЗО/Фильтр Выручка' is: 'внутренний оборот'

11-03-2025T02:54:58 - [MESSAGE][PASSED] - Text of object 'Object Repository/Выручка по ДЗО/Фильтр Выручка' is: 'внутренний оборот'

11-03-2025T02:54:58 - [TEST_STEP][PASSED] - if (viruchka == "Выбрано: 2"): null

11-03-2025T02:54:58 - [TEST_STEP][PASSED] - if (viruchka == "Все"): null

11-03-2025T02:54:58 - [TEST_STEP][PASSED] - println(period): null

11-03-2025T02:54:58 - [TEST_STEP][PASSED] - dashboardName = "Выручка по ДЗО": null

11-03-2025T02:54:58 - [TEST_STEP][PASSED] - workbook01 = getWorkbook(excelFilePath): null

11-03-2025T02:54:58 - [TEST_STEP][PASSED] - sheet01 = getExcelSheet(workbook01, sheetName): null

11-03-2025T02:54:58 - [TEST_STEP][PASSED] - setValueToCellByIndex(sheet01, n, 0, dashboardName): null

11-03-2025T02:54:58 - [TEST_STEP][PASSED] - setValueToCellByIndex(sheet01, n, 1, dZO): null

11-03-2025T02:54:58 - [TEST_STEP][PASSED] - setValueToCellByIndex(sheet01, n, 2, period): null

11-03-2025T02:54:58 - [TEST_STEP][PASSED] - setValueToCellByIndex(sheet01, n, 3, viruchka): null

11-03-2025T02:54:58 - [TEST_STEP][PASSED] - setValueToCellByIndex(sheet01, n, 4, todaysDate): null

11-03-2025T02:54:58 - [TEST_STEP][PASSED] - n = n + 1: null

11-03-2025T02:54:58 - [TEST_STEP][PASSED] - saveWorkbook(excelFilePath, workbook01): null

11-03-2025T02:54:58 - [TEST_STEP][PASSED] - click(findTestObject("Выручка по ДЗО/Фильтр Выручка")): Object: 'Object Repository/Выручка по ДЗО/Фильтр Выручка' is clicked on

11-03-2025T02:54:58 - [MESSAGE][PASSED] - Object: 'Object Repository/Выручка по ДЗО/Фильтр Выручка' is clicked on

11-03-2025T02:54:58 - [TEST_STEP][PASSED] - click(findTestObject("Выручка по ДЗО/По передаче в фильтре Выручка")): Object: 'Object Repository/Выручка по ДЗО/По передаче в фильтре Выручка' is clicked on

11-03-2025T02:54:59 - [MESSAGE][PASSED] - Object: 'Object Repository/Выручка по ДЗО/По передаче в фильтре Выручка' is clicked on

11-03-2025T02:54:59 - [TEST_STEP][PASSED] - click(findTestObject("Выручка по ДЗО/Применить в фильтре Выручка")): Object: 'Object Repository/Выручка по ДЗО/Применить в фильтре Выручка' is clicked on

11-03-2025T02:55:00 - [MESSAGE][PASSED] - Object: 'Object Repository/Выручка по ДЗО/Применить в фильтре Выручка' is clicked on

11-03-2025T02:55:00 - [TEST_STEP][PASSED] - Script1687405711779.Test(todaysDate): null

11-03-2025T02:55:00 - [TEST_STEP][PASSED] - delay(10): Delayed 10 second(s)

11-03-2025T02:55:10 - [MESSAGE][PASSED] - Delayed 10 second(s)

11-03-2025T02:55:10 - [TEST_STEP][PASSED] - if (verifyTextNotPresent("нет данных", false) == true): null

11-03-2025T02:55:10 - [MESSAGE][PASSED] - Text 'нет данных' is not present on page

11-03-2025T02:55:10 - [TEST_STEP][PASSED] - if (verifyTextNotPresent("Ошибка запроса данных", false) == true): null

11-03-2025T02:55:11 - [MESSAGE][PASSED] - Text 'Ошибка запроса данных' is not present on page

11-03-2025T02:55:11 - [TEST_STEP][PASSED] - if (verifyTextNotPresent("Произошла ошибка при выполнении пользовательского кода", false) == true): null

11-03-2025T02:55:11 - [MESSAGE][PASSED] - Text 'Произошла ошибка при выполнении пользовательского кода' is not present on page

11-03-2025T02:55:11 - [TEST_STEP][PASSED] - if (verifyTextNotPresent("У виджета нет данных", false) == true): null

11-03-2025T02:55:12 - [MESSAGE][PASSED] - Text 'У виджета нет данных' is not present on page

11-03-2025T02:55:12 - [TEST_STEP][PASSED] - if (verifyTextNotPresent("У виджета нет данных", false) == true): Text 'У виджета нет данных' is not present on page

11-03-2025T02:55:12 - [MESSAGE][PASSED] - Text 'У виджета нет данных' is not present on page

11-03-2025T02:55:12 - [TEST_STEP][PASSED] - click(findTestObject("Выручка по ДЗО/Фильтр Выручка")): Object: 'Object Repository/Выручка по ДЗО/Фильтр Выручка' is clicked on

11-03-2025T02:55:12 - [MESSAGE][PASSED] - Object: 'Object Repository/Выручка по ДЗО/Фильтр Выручка' is clicked on

11-03-2025T02:55:12 - [TEST_STEP][PASSED] - click(findTestObject("Выручка по ДЗО/Снять выделение в фильтре Выручка")): Object: 'Object Repository/Выручка по ДЗО/Снять выделение в фильтре Выручка' is clicked on

11-03-2025T02:55:13 - [MESSAGE][PASSED] - Object: 'Object Repository/Выручка по ДЗО/Снять выделение в фильтре Выручка' is clicked on

11-03-2025T02:55:13 - [TEST_STEP][PASSED] - click(findTestObject("Выручка по ДЗО/По передаче в фильтре Выручка")): Object: 'Object Repository/Выручка по ДЗО/По передаче в фильтре Выручка' is clicked on

11-03-2025T02:55:13 - [MESSAGE][PASSED] - Object: 'Object Repository/Выручка по ДЗО/По передаче в фильтре Выручка' is clicked on

11-03-2025T02:55:13 - [TEST_STEP][PASSED] - click(findTestObject("Выручка по ДЗО/Применить в фильтре Выручка")): Object: 'Object Repository/Выручка по ДЗО/Применить в фильтре Выручка' is clicked on

11-03-2025T02:55:14 - [MESSAGE][PASSED] - Object: 'Object Repository/Выручка по ДЗО/Применить в фильтре Выручка' is clicked on

11-03-2025T02:55:14 - [TEST_STEP][PASSED] - Script1687405711779.Test(todaysDate): null

11-03-2025T02:55:14 - [TEST_STEP][PASSED] - delay(10): Delayed 10 second(s)

11-03-2025T02:55:24 - [MESSAGE][PASSED] - Delayed 10 second(s)

11-03-2025T02:55:24 - [TEST_STEP][PASSED] - if (verifyTextNotPresent("нет данных", false) == true): null

11-03-2025T02:55:24 - [MESSAGE][PASSED] - Text 'нет данных' is not present on page

11-03-2025T02:55:24 - [TEST_STEP][PASSED] - if (verifyTextNotPresent("Ошибка запроса данных", false) == true): null

11-03-2025T02:55:25 - [MESSAGE][PASSED] - Text 'Ошибка запроса данных' is not present on page

11-03-2025T02:55:25 - [TEST_STEP][PASSED] - if (verifyTextNotPresent("Произошла ошибка при выполнении пользовательского кода", false) == true): null

11-03-2025T02:55:25 - [MESSAGE][PASSED] - Text 'Произошла ошибка при выполнении пользовательского кода' is not present on page

11-03-2025T02:55:25 - [TEST_STEP][PASSED] - if (verifyTextNotPresent("У виджета нет данных", false) == true): null

11-03-2025T02:55:26 - [MESSAGE][PASSED] - Text 'У виджета нет данных' is not present on page

11-03-2025T02:55:26 - [TEST_STEP][PASSED] - if (verifyTextNotPresent("У виджета нет данных", false) == true): Text 'У виджета нет данных' is not present on page

11-03-2025T02:55:26 - [MESSAGE][PASSED] - Text 'У виджета нет данных' is not present on page

11-03-2025T02:55:26 - [TEST_STEP][PASSED] - click(findTestObject("Выручка по ДЗО/Фильтр Выручка")): Object: 'Object Repository/Выручка по ДЗО/Фильтр Выручка' is clicked on

11-03-2025T02:55:26 - [MESSAGE][PASSED] - Object: 'Object Repository/Выручка по ДЗО/Фильтр Выручка' is clicked on

11-03-2025T02:55:26 - [TEST_STEP][PASSED] - click(findTestObject("Выручка по ДЗО/Снять выделение в фильтре Выручка")): Object: 'Object Repository/Выручка по ДЗО/Снять выделение в фильтре Выручка' is clicked on

11-03-2025T02:55:27 - [MESSAGE][PASSED] - Object: 'Object Repository/Выручка по ДЗО/Снять выделение в фильтре Выручка' is clicked on

11-03-2025T02:55:27 - [TEST_STEP][PASSED] - click(findTestObject("Выручка по ДЗО/Применить в фильтре Выручка")): Object: 'Object Repository/Выручка по ДЗО/Применить в фильтре Выручка' is clicked on

11-03-2025T02:55:27 - [MESSAGE][PASSED] - Object: 'Object Repository/Выручка по ДЗО/Применить в фильтре Выручка' is clicked on

11-03-2025T02:55:27 - [TEST_STEP][PASSED] - click(findTestObject("Выручка по ДЗО/Фильтр ДЗО")): Object: 'Object Repository/Выручка по ДЗО/Фильтр ДЗО' is clicked on

11-03-2025T02:55:29 - [MESSAGE][PASSED] - Object: 'Object Repository/Выручка по ДЗО/Фильтр ДЗО' is clicked on

11-03-2025T02:55:29 - [TEST_STEP][PASSED] - click(findTestObject("Выручка по ДЗО/Снять выделение в фильтре ДЗО")): Object: 'Object Repository/Выручка по ДЗО/Снять выделение в фильтре ДЗО' is clicked on

11-03-2025T02:55:29 - [MESSAGE][PASSED] - Object: 'Object Repository/Выручка по ДЗО/Снять выделение в фильтре ДЗО' is clicked on

11-03-2025T02:55:29 - [TEST_STEP][PASSED] - click(findTestObject("Общие объекты/Раскрыть список Россети Кубань")): Object: 'Object Repository/Общие объекты/Раскрыть список Россети Кубань' is clicked on

11-03-2025T02:55:30 - [MESSAGE][PASSED] - Object: 'Object Repository/Общие объекты/Раскрыть список Россети Кубань' is clicked on

11-03-2025T02:55:30 - [TEST_STEP][PASSED] - scrollToElement(findTestObject("Общие объекты/Кубаньэнерго"), 30): Scroll to object 'Object Repository/Общие объекты/Кубаньэнерго' successfully

11-03-2025T02:55:30 - [MESSAGE][PASSED] - Scroll to object 'Object Repository/Общие объекты/Кубаньэнерго' successfully

11-03-2025T02:55:30 - [TEST_STEP][PASSED] - click(findTestObject("Общие объекты/Кубаньэнерго")): Object: 'Object Repository/Общие объекты/Кубаньэнерго' is clicked on

11-03-2025T02:55:30 - [MESSAGE][PASSED] - Object: 'Object Repository/Общие объекты/Кубаньэнерго' is clicked on

11-03-2025T02:55:30 - [TEST_STEP][PASSED] - Script1687405711779.Change(todaysDate): null

11-03-2025T02:55:30 - [TEST_STEP][PASSED] - scrollToElement(findTestObject("Выручка по ДЗО/Заголовок дашборда"), 30): Scroll to object 'Object Repository/Выручка по ДЗО/Заголовок дашборда' successfully

11-03-2025T02:55:31 - [MESSAGE][PASSED] - Scroll to object 'Object Repository/Выручка по ДЗО/Заголовок дашборда' successfully

11-03-2025T02:55:31 - [TEST_STEP][PASSED] - click(findTestObject("Выручка по ДЗО/Применить в фильтре ДЗО")): Object: 'Object Repository/Выручка по ДЗО/Применить в фильтре ДЗО' is clicked on

11-03-2025T02:55:31 - [MESSAGE][PASSED] - Object: 'Object Repository/Выручка по ДЗО/Применить в фильтре ДЗО' is clicked on

11-03-2025T02:55:31 - [TEST_STEP][PASSED] - Script1687405711779.Tumbler(todaysDate): null

11-03-2025T02:55:31 - [TEST_STEP][PASSED] - Script1687405711779.Test(todaysDate): null

11-03-2025T02:55:31 - [TEST_STEP][PASSED] - delay(10): Delayed 10 second(s)

11-03-2025T02:55:41 - [MESSAGE][PASSED] - Delayed 10 second(s)

11-03-2025T02:55:41 - [TEST_STEP][PASSED] - if (verifyTextNotPresent("нет данных", false) == true): null

11-03-2025T02:55:42 - [MESSAGE][PASSED] - Text 'нет данных' is not present on page

11-03-2025T02:55:42 - [TEST_STEP][PASSED] - if (verifyTextNotPresent("Ошибка запроса данных", false) == true): null

11-03-2025T02:55:42 - [MESSAGE][PASSED] - Text 'Ошибка запроса данных' is not present on page

11-03-2025T02:55:42 - [TEST_STEP][PASSED] - if (verifyTextNotPresent("Произошла ошибка при выполнении пользовательского кода", false) == true): null

11-03-2025T02:55:43 - [MESSAGE][PASSED] - Text 'Произошла ошибка при выполнении пользовательского кода' is not present on page

11-03-2025T02:55:43 - [TEST_STEP][PASSED] - if (verifyTextNotPresent("У виджета нет данных", false) == true): null

11-03-2025T02:55:43 - [MESSAGE][PASSED] - Text 'У виджета нет данных' is not present on page

11-03-2025T02:55:43 - [TEST_STEP][PASSED] - if (verifyTextNotPresent("У виджета нет данных", false) == true): Text 'У виджета нет данных' is not present on page

11-03-2025T02:55:43 - [MESSAGE][PASSED] - Text 'У виджета нет данных' is not present on page

11-03-2025T02:55:43 - [TEST_STEP][PASSED] - click(findTestObject("Выручка по ДЗО/Фильтр Выручка")): Object: 'Object Repository/Выручка по ДЗО/Фильтр Выручка' is clicked on

11-03-2025T02:55:44 - [MESSAGE][PASSED] - Object: 'Object Repository/Выручка по ДЗО/Фильтр Выручка' is clicked on

11-03-2025T02:55:44 - [TEST_STEP][PASSED] - click(findTestObject("Выручка по ДЗО/Внутренний оборот в фильтре Выручка")): Object: 'Object Repository/Выручка по ДЗО/Внутренний оборот в фильтре Выручка' is clicked on

11-03-2025T02:55:44 - [MESSAGE][PASSED] - Object: 'Object Repository/Выручка по ДЗО/Внутренний оборот в фильтре Выручка' is clicked on

11-03-2025T02:55:44 - [TEST_STEP][PASSED] - click(findTestObject("Выручка по ДЗО/Применить в фильтре Выручка")): Object: 'Object Repository/Выручка по ДЗО/Применить в фильтре Выручка' is clicked on

11-03-2025T02:55:45 - [MESSAGE][PASSED] - Object: 'Object Repository/Выручка по ДЗО/Применить в фильтре Выручка' is clicked on

11-03-2025T02:55:45 - [TEST_STEP][PASSED] - Script1687405711779.Test(todaysDate): null

11-03-2025T02:55:45 - [TEST_STEP][PASSED] - delay(10): Delayed 10 second(s)

11-03-2025T02:55:55 - [MESSAGE][PASSED] - Delayed 10 second(s)

11-03-2025T02:55:55 - [TEST_STEP][FAILED] - if (verifyTextNotPresent("нет данных", false) == true): Text 'нет данных' is present on page  (Root cause: com.kms.katalon.core.exception.StepFailedException: Text 'нет данных' is present on page 
	at com.kms.katalon.core.webui.keyword.internal.WebUIKeywordMain.stepFailed(WebUIKeywordMain.groovy:64)
	at com.kms.katalon.core.webui.keyword.builtin.VerifyTextNotPresentKeyword$_verifyTextNotPresent_closure1.doCall(VerifyTextNotPresentKeyword.groovy:77)
	at com.kms.katalon.core.webui.keyword.builtin.VerifyTextNotPresentKeyword$_verifyTextNotPresent_closure1.call(VerifyTextNotPresentKeyword.groovy)
	at com.kms.katalon.core.webui.keyword.internal.WebUIKeywordMain.runKeyword(WebUIKeywordMain.groovy:20)
	at com.kms.katalon.core.webui.keyword.builtin.VerifyTextNotPresentKeyword.verifyTextNotPresent(VerifyTextNotPresentKeyword.groovy:82)
	at com.kms.katalon.core.webui.keyword.builtin.VerifyTextNotPresentKeyword.execute(VerifyTextNotPresentKeyword.groovy:68)
	at com.kms.katalon.core.keyword.internal.KeywordExecutor.executeKeywordForPlatform(KeywordExecutor.groovy:74)
	at com.kms.katalon.core.webui.keyword.WebUiBuiltInKeywords.verifyTextNotPresent(WebUiBuiltInKeywords.groovy:1795)
	at Выручка по ДЗО отображение данных все филиалы.Test(Выручка по ДЗО отображение данных все филиалы:772)
	at Выручка по ДЗО отображение данных все филиалы.Tumbler(Выручка по ДЗО отображение данных все филиалы:726)
	at Выручка по ДЗО отображение данных все филиалы.Change(Выручка по ДЗО отображение данных все филиалы:760)
	at Выручка по ДЗО отображение данных все филиалы.DzoTest(Выручка по ДЗО отображение данных все филиалы:228)
	at Выручка по ДЗО отображение данных все филиалы.run(Выручка по ДЗО отображение данных все филиалы:122)
	at com.kms.katalon.core.main.ScriptEngine.run(ScriptEngine.java:194)
	at com.kms.katalon.core.main.ScriptEngine.runScriptAsRawText(ScriptEngine.java:119)
	at com.kms.katalon.core.main.TestCaseExecutor.runScript(TestCaseExecutor.java:448)
	at com.kms.katalon.core.main.TestCaseExecutor.doExecute(TestCaseExecutor.java:439)
	at com.kms.katalon.core.main.TestCaseExecutor.processExecutionPhase(TestCaseExecutor.java:418)
	at com.kms.katalon.core.main.TestCaseExecutor.accessMainPhase(TestCaseExecutor.java:410)
	at com.kms.katalon.core.main.TestCaseExecutor.execute(TestCaseExecutor.java:285)
	at com.kms.katalon.core.common.CommonExecutor.accessTestCaseMainPhase(CommonExecutor.java:65)
	at com.kms.katalon.core.main.TestSuiteExecutor.accessTestSuiteMainPhase(TestSuiteExecutor.java:150)
	at com.kms.katalon.core.main.TestSuiteExecutor.execute(TestSuiteExecutor.java:106)
	at com.kms.katalon.core.main.TestCaseMain.startTestSuite(TestCaseMain.java:180)
	at TempTestSuite1741649958618.run(TempTestSuite1741649958618.groovy:35)
	at java.base/jdk.internal.reflect.NativeMethodAccessorImpl.invoke0(Native Method)
	at java.base/jdk.internal.reflect.NativeMethodAccessorImpl.invoke(NativeMethodAccessorImpl.java:77)
	at java.base/jdk.internal.reflect.DelegatingMethodAccessorImpl.invoke(DelegatingMethodAccessorImpl.java:43)
)

11-03-2025T02:55:55 - [MESSAGE][FAILED] - Text 'нет данных' is present on page  (Root cause: com.kms.katalon.core.exception.StepFailedException: Text 'нет данных' is present on page 
	at com.kms.katalon.core.webui.keyword.internal.WebUIKeywordMain.stepFailed(WebUIKeywordMain.groovy:64)
	at com.kms.katalon.core.webui.keyword.builtin.VerifyTextNotPresentKeyword$_verifyTextNotPresent_closure1.doCall(VerifyTextNotPresentKeyword.groovy:77)
	at com.kms.katalon.core.webui.keyword.builtin.VerifyTextNotPresentKeyword$_verifyTextNotPresent_closure1.call(VerifyTextNotPresentKeyword.groovy)
	at com.kms.katalon.core.webui.keyword.internal.WebUIKeywordMain.runKeyword(WebUIKeywordMain.groovy:20)
	at com.kms.katalon.core.webui.keyword.builtin.VerifyTextNotPresentKeyword.verifyTextNotPresent(VerifyTextNotPresentKeyword.groovy:82)
	at com.kms.katalon.core.webui.keyword.builtin.VerifyTextNotPresentKeyword.execute(VerifyTextNotPresentKeyword.groovy:68)
	at com.kms.katalon.core.keyword.internal.KeywordExecutor.executeKeywordForPlatform(KeywordExecutor.groovy:74)
	at com.kms.katalon.core.webui.keyword.WebUiBuiltInKeywords.verifyTextNotPresent(WebUiBuiltInKeywords.groovy:1795)
	at Выручка по ДЗО отображение данных все филиалы.Test(Выручка по ДЗО отображение данных все филиалы:772)
	at Выручка по ДЗО отображение данных все филиалы.Tumbler(Выручка по ДЗО отображение данных все филиалы:726)
	at Выручка по ДЗО отображение данных все филиалы.Change(Выручка по ДЗО отображение данных все филиалы:760)
	at Выручка по ДЗО отображение данных все филиалы.DzoTest(Выручка по ДЗО отображение данных все филиалы:228)
	at Выручка по ДЗО отображение данных все филиалы.run(Выручка по ДЗО отображение данных все филиалы:122)
	at com.kms.katalon.core.main.ScriptEngine.run(ScriptEngine.java:194)
	at com.kms.katalon.core.main.ScriptEngine.runScriptAsRawText(ScriptEngine.java:119)
	at com.kms.katalon.core.main.TestCaseExecutor.runScript(TestCaseExecutor.java:448)
	at com.kms.katalon.core.main.TestCaseExecutor.doExecute(TestCaseExecutor.java:439)
	at com.kms.katalon.core.main.TestCaseExecutor.processExecutionPhase(TestCaseExecutor.java:418)
	at com.kms.katalon.core.main.TestCaseExecutor.accessMainPhase(TestCaseExecutor.java:410)
	at com.kms.katalon.core.main.TestCaseExecutor.execute(TestCaseExecutor.java:285)
	at com.kms.katalon.core.common.CommonExecutor.accessTestCaseMainPhase(CommonExecutor.java:65)
	at com.kms.katalon.core.main.TestSuiteExecutor.accessTestSuiteMainPhase(TestSuiteExecutor.java:150)
	at com.kms.katalon.core.main.TestSuiteExecutor.execute(TestSuiteExecutor.java:106)
	at com.kms.katalon.core.main.TestCaseMain.startTestSuite(TestCaseMain.java:180)
	at TempTestSuite1741649958618.run(TempTestSuite1741649958618.groovy:35)
	at java.base/jdk.internal.reflect.NativeMethodAccessorImpl.invoke0(Native Method)
	at java.base/jdk.internal.reflect.NativeMethodAccessorImpl.invoke(NativeMethodAccessorImpl.java:77)
	at java.base/jdk.internal.reflect.DelegatingMethodAccessorImpl.invoke(DelegatingMethodAccessorImpl.java:43)
)

11-03-2025T02:55:55 - [TEST_STEP][PASSED] - else: null

11-03-2025T02:55:55 - [TEST_STEP][PASSED] - Script1687405711779.WriteToExcel(todaysDate): null

11-03-2025T02:55:55 - [TEST_STEP][PASSED] - sheetName = "Sheet1": null

11-03-2025T02:55:55 - [TEST_STEP][PASSED] - data = findTestData("PlanFact"): null

11-03-2025T02:55:55 - [TEST_STEP][PASSED] - n = data.getRowNumbers() + 1: null

11-03-2025T02:55:55 - [TEST_STEP][PASSED] - dZO = getText(findTestObject("Выручка по ДЗО/Фильтр ДЗО")): Text of object 'Object Repository/Выручка по ДЗО/Фильтр ДЗО' is: 'ПАО Россети - РаспредКомплекс - Россети Кубань - Кубаньэнерго'

11-03-2025T02:55:56 - [MESSAGE][PASSED] - Text of object 'Object Repository/Выручка по ДЗО/Фильтр ДЗО' is: 'ПАО Россети - РаспредКомплекс - Россети Кубань - Кубаньэнерго'

11-03-2025T02:55:56 - [TEST_STEP][PASSED] - period = getText(findTestObject("Выручка по ДЗО/Фильтр Дата")): Text of object 'Object Repository/Выручка по ДЗО/Фильтр Дата' is: 'Январь 2025 года'

11-03-2025T02:55:56 - [MESSAGE][PASSED] - Text of object 'Object Repository/Выручка по ДЗО/Фильтр Дата' is: 'Январь 2025 года'

11-03-2025T02:55:56 - [TEST_STEP][PASSED] - viruchka = getText(findTestObject("Выручка по ДЗО/Фильтр Выручка")): Text of object 'Object Repository/Выручка по ДЗО/Фильтр Выручка' is: 'внутренний оборот'

11-03-2025T02:55:56 - [MESSAGE][PASSED] - Text of object 'Object Repository/Выручка по ДЗО/Фильтр Выручка' is: 'внутренний оборот'

11-03-2025T02:55:56 - [TEST_STEP][PASSED] - if (viruchka == "Выбрано: 2"): null

11-03-2025T02:55:56 - [TEST_STEP][PASSED] - if (viruchka == "Все"): null

11-03-2025T02:55:56 - [TEST_STEP][PASSED] - println(period): null

11-03-2025T02:55:56 - [TEST_STEP][PASSED] - dashboardName = "Выручка по ДЗО": null

11-03-2025T02:55:56 - [TEST_STEP][PASSED] - workbook01 = getWorkbook(excelFilePath): null

11-03-2025T02:55:56 - [TEST_STEP][PASSED] - sheet01 = getExcelSheet(workbook01, sheetName): null

11-03-2025T02:55:56 - [TEST_STEP][PASSED] - setValueToCellByIndex(sheet01, n, 0, dashboardName): null

11-03-2025T02:55:56 - [TEST_STEP][PASSED] - setValueToCellByIndex(sheet01, n, 1, dZO): null

11-03-2025T02:55:56 - [TEST_STEP][PASSED] - setValueToCellByIndex(sheet01, n, 2, period): null

11-03-2025T02:55:56 - [TEST_STEP][PASSED] - setValueToCellByIndex(sheet01, n, 3, viruchka): null

11-03-2025T02:55:56 - [TEST_STEP][PASSED] - setValueToCellByIndex(sheet01, n, 4, todaysDate): null

11-03-2025T02:55:56 - [TEST_STEP][PASSED] - n = n + 1: null

11-03-2025T02:55:56 - [TEST_STEP][PASSED] - saveWorkbook(excelFilePath, workbook01): null

11-03-2025T02:55:57 - [TEST_STEP][PASSED] - click(findTestObject("Выручка по ДЗО/Фильтр Выручка")): Object: 'Object Repository/Выручка по ДЗО/Фильтр Выручка' is clicked on

11-03-2025T02:55:57 - [MESSAGE][PASSED] - Object: 'Object Repository/Выручка по ДЗО/Фильтр Выручка' is clicked on

11-03-2025T02:55:57 - [TEST_STEP][PASSED] - click(findTestObject("Выручка по ДЗО/По передаче в фильтре Выручка")): Object: 'Object Repository/Выручка по ДЗО/По передаче в фильтре Выручка' is clicked on

11-03-2025T02:55:57 - [MESSAGE][PASSED] - Object: 'Object Repository/Выручка по ДЗО/По передаче в фильтре Выручка' is clicked on

11-03-2025T02:55:57 - [TEST_STEP][PASSED] - click(findTestObject("Выручка по ДЗО/Применить в фильтре Выручка")): Object: 'Object Repository/Выручка по ДЗО/Применить в фильтре Выручка' is clicked on

11-03-2025T02:55:58 - [MESSAGE][PASSED] - Object: 'Object Repository/Выручка по ДЗО/Применить в фильтре Выручка' is clicked on

11-03-2025T02:55:58 - [TEST_STEP][PASSED] - Script1687405711779.Test(todaysDate): null

11-03-2025T02:55:58 - [TEST_STEP][PASSED] - delay(10): Delayed 10 second(s)

11-03-2025T02:56:08 - [MESSAGE][PASSED] - Delayed 10 second(s)

11-03-2025T02:56:08 - [TEST_STEP][PASSED] - if (verifyTextNotPresent("нет данных", false) == true): null

11-03-2025T02:56:09 - [MESSAGE][PASSED] - Text 'нет данных' is not present on page

11-03-2025T02:56:09 - [TEST_STEP][PASSED] - if (verifyTextNotPresent("Ошибка запроса данных", false) == true): null

11-03-2025T02:56:09 - [MESSAGE][PASSED] - Text 'Ошибка запроса данных' is not present on page

11-03-2025T02:56:09 - [TEST_STEP][PASSED] - if (verifyTextNotPresent("Произошла ошибка при выполнении пользовательского кода", false) == true): null

11-03-2025T02:56:10 - [MESSAGE][PASSED] - Text 'Произошла ошибка при выполнении пользовательского кода' is not present on page

11-03-2025T02:56:10 - [TEST_STEP][PASSED] - if (verifyTextNotPresent("У виджета нет данных", false) == true): null

11-03-2025T02:56:10 - [MESSAGE][PASSED] - Text 'У виджета нет данных' is not present on page

11-03-2025T02:56:10 - [TEST_STEP][PASSED] - if (verifyTextNotPresent("У виджета нет данных", false) == true): Text 'У виджета нет данных' is not present on page

11-03-2025T02:56:10 - [MESSAGE][PASSED] - Text 'У виджета нет данных' is not present on page

11-03-2025T02:56:10 - [TEST_STEP][PASSED] - click(findTestObject("Выручка по ДЗО/Фильтр Выручка")): Object: 'Object Repository/Выручка по ДЗО/Фильтр Выручка' is clicked on

11-03-2025T02:56:11 - [MESSAGE][PASSED] - Object: 'Object Repository/Выручка по ДЗО/Фильтр Выручка' is clicked on

11-03-2025T02:56:11 - [TEST_STEP][PASSED] - click(findTestObject("Выручка по ДЗО/Снять выделение в фильтре Выручка")): Object: 'Object Repository/Выручка по ДЗО/Снять выделение в фильтре Выручка' is clicked on

11-03-2025T02:56:11 - [MESSAGE][PASSED] - Object: 'Object Repository/Выручка по ДЗО/Снять выделение в фильтре Выручка' is clicked on

11-03-2025T02:56:11 - [TEST_STEP][PASSED] - click(findTestObject("Выручка по ДЗО/По передаче в фильтре Выручка")): Object: 'Object Repository/Выручка по ДЗО/По передаче в фильтре Выручка' is clicked on

11-03-2025T02:56:12 - [MESSAGE][PASSED] - Object: 'Object Repository/Выручка по ДЗО/По передаче в фильтре Выручка' is clicked on

11-03-2025T02:56:12 - [TEST_STEP][PASSED] - click(findTestObject("Выручка по ДЗО/Применить в фильтре Выручка")): Object: 'Object Repository/Выручка по ДЗО/Применить в фильтре Выручка' is clicked on

11-03-2025T02:56:12 - [MESSAGE][PASSED] - Object: 'Object Repository/Выручка по ДЗО/Применить в фильтре Выручка' is clicked on

11-03-2025T02:56:12 - [TEST_STEP][PASSED] - Script1687405711779.Test(todaysDate): null

11-03-2025T02:56:12 - [TEST_STEP][PASSED] - delay(10): Delayed 10 second(s)

11-03-2025T02:56:22 - [MESSAGE][PASSED] - Delayed 10 second(s)

11-03-2025T02:56:22 - [TEST_STEP][PASSED] - if (verifyTextNotPresent("нет данных", false) == true): null

11-03-2025T02:56:23 - [MESSAGE][PASSED] - Text 'нет данных' is not present on page

11-03-2025T02:56:23 - [TEST_STEP][PASSED] - if (verifyTextNotPresent("Ошибка запроса данных", false) == true): null

11-03-2025T02:56:23 - [MESSAGE][PASSED] - Text 'Ошибка запроса данных' is not present on page

11-03-2025T02:56:23 - [TEST_STEP][PASSED] - if (verifyTextNotPresent("Произошла ошибка при выполнении пользовательского кода", false) == true): null

11-03-2025T02:56:24 - [MESSAGE][PASSED] - Text 'Произошла ошибка при выполнении пользовательского кода' is not present on page

11-03-2025T02:56:24 - [TEST_STEP][PASSED] - if (verifyTextNotPresent("У виджета нет данных", false) == true): null

11-03-2025T02:56:24 - [MESSAGE][PASSED] - Text 'У виджета нет данных' is not present on page

11-03-2025T02:56:24 - [TEST_STEP][PASSED] - if (verifyTextNotPresent("У виджета нет данных", false) == true): Text 'У виджета нет данных' is not present on page

11-03-2025T02:56:24 - [MESSAGE][PASSED] - Text 'У виджета нет данных' is not present on page

11-03-2025T02:56:24 - [TEST_STEP][PASSED] - click(findTestObject("Выручка по ДЗО/Фильтр Выручка")): Object: 'Object Repository/Выручка по ДЗО/Фильтр Выручка' is clicked on

11-03-2025T02:56:25 - [MESSAGE][PASSED] - Object: 'Object Repository/Выручка по ДЗО/Фильтр Выручка' is clicked on

11-03-2025T02:56:25 - [TEST_STEP][PASSED] - click(findTestObject("Выручка по ДЗО/Снять выделение в фильтре Выручка")): Object: 'Object Repository/Выручка по ДЗО/Снять выделение в фильтре Выручка' is clicked on

11-03-2025T02:56:25 - [MESSAGE][PASSED] - Object: 'Object Repository/Выручка по ДЗО/Снять выделение в фильтре Выручка' is clicked on

11-03-2025T02:56:25 - [TEST_STEP][PASSED] - click(findTestObject("Выручка по ДЗО/Применить в фильтре Выручка")): Object: 'Object Repository/Выручка по ДЗО/Применить в фильтре Выручка' is clicked on

11-03-2025T02:56:26 - [MESSAGE][PASSED] - Object: 'Object Repository/Выручка по ДЗО/Применить в фильтре Выручка' is clicked on

11-03-2025T02:56:26 - [TEST_STEP][PASSED] - click(findTestObject("Выручка по ДЗО/Фильтр ДЗО")): Object: 'Object Repository/Выручка по ДЗО/Фильтр ДЗО' is clicked on

11-03-2025T02:56:27 - [MESSAGE][PASSED] - Object: 'Object Repository/Выручка по ДЗО/Фильтр ДЗО' is clicked on

11-03-2025T02:56:27 - [TEST_STEP][PASSED] - click(findTestObject("Выручка по ДЗО/Снять выделение в фильтре ДЗО")): Object: 'Object Repository/Выручка по ДЗО/Снять выделение в фильтре ДЗО' is clicked on

11-03-2025T02:56:27 - [MESSAGE][PASSED] - Object: 'Object Repository/Выручка по ДЗО/Снять выделение в фильтре ДЗО' is clicked on

11-03-2025T02:56:27 - [TEST_STEP][PASSED] - scrollToElement(findTestObject("Выручка по ДЗО/Россети Ленэнерго Выручка по ДЗО"), 30): Scroll to object 'Object Repository/Выручка по ДЗО/Россети Ленэнерго Выручка по ДЗО' successfully

11-03-2025T02:56:28 - [MESSAGE][PASSED] - Scroll to object 'Object Repository/Выручка по ДЗО/Россети Ленэнерго Выручка по ДЗО' successfully

11-03-2025T02:56:28 - [TEST_STEP][PASSED] - click(findTestObject("Выручка по ДЗО/Россети Ленэнерго Выручка по ДЗО")): Object: 'Object Repository/Выручка по ДЗО/Россети Ленэнерго Выручка по ДЗО' is clicked on

11-03-2025T02:56:28 - [MESSAGE][PASSED] - Object: 'Object Repository/Выручка по ДЗО/Россети Ленэнерго Выручка по ДЗО' is clicked on

11-03-2025T02:56:28 - [TEST_STEP][PASSED] - scrollToElement(findTestObject("Выручка по ДЗО/Фильтр ДЗО"), 30): Scroll to object 'Object Repository/Выручка по ДЗО/Фильтр ДЗО' successfully

11-03-2025T02:56:29 - [MESSAGE][PASSED] - Scroll to object 'Object Repository/Выручка по ДЗО/Фильтр ДЗО' successfully

11-03-2025T02:56:29 - [TEST_STEP][PASSED] - Script1687405711779.Change(todaysDate): null

11-03-2025T02:56:29 - [TEST_STEP][PASSED] - scrollToElement(findTestObject("Выручка по ДЗО/Заголовок дашборда"), 30): Scroll to object 'Object Repository/Выручка по ДЗО/Заголовок дашборда' successfully

11-03-2025T02:56:29 - [MESSAGE][PASSED] - Scroll to object 'Object Repository/Выручка по ДЗО/Заголовок дашборда' successfully

11-03-2025T02:56:29 - [TEST_STEP][PASSED] - click(findTestObject("Выручка по ДЗО/Применить в фильтре ДЗО")): Object: 'Object Repository/Выручка по ДЗО/Применить в фильтре ДЗО' is clicked on

11-03-2025T02:56:29 - [MESSAGE][PASSED] - Object: 'Object Repository/Выручка по ДЗО/Применить в фильтре ДЗО' is clicked on

11-03-2025T02:56:29 - [TEST_STEP][PASSED] - Script1687405711779.Tumbler(todaysDate): null

11-03-2025T02:56:29 - [TEST_STEP][PASSED] - Script1687405711779.Test(todaysDate): null

11-03-2025T02:56:29 - [TEST_STEP][PASSED] - delay(10): Delayed 10 second(s)

11-03-2025T02:56:39 - [MESSAGE][PASSED] - Delayed 10 second(s)

11-03-2025T02:56:39 - [TEST_STEP][PASSED] - if (verifyTextNotPresent("нет данных", false) == true): null

11-03-2025T02:56:40 - [MESSAGE][PASSED] - Text 'нет данных' is not present on page

11-03-2025T02:56:40 - [TEST_STEP][PASSED] - if (verifyTextNotPresent("Ошибка запроса данных", false) == true): null

11-03-2025T02:56:40 - [MESSAGE][PASSED] - Text 'Ошибка запроса данных' is not present on page

11-03-2025T02:56:40 - [TEST_STEP][PASSED] - if (verifyTextNotPresent("Произошла ошибка при выполнении пользовательского кода", false) == true): null

11-03-2025T02:56:41 - [MESSAGE][PASSED] - Text 'Произошла ошибка при выполнении пользовательского кода' is not present on page

11-03-2025T02:56:41 - [TEST_STEP][PASSED] - if (verifyTextNotPresent("У виджета нет данных", false) == true): null

11-03-2025T02:56:41 - [MESSAGE][PASSED] - Text 'У виджета нет данных' is not present on page

11-03-2025T02:56:41 - [TEST_STEP][PASSED] - if (verifyTextNotPresent("У виджета нет данных", false) == true): Text 'У виджета нет данных' is not present on page

11-03-2025T02:56:42 - [MESSAGE][PASSED] - Text 'У виджета нет данных' is not present on page

11-03-2025T02:56:42 - [TEST_STEP][PASSED] - click(findTestObject("Выручка по ДЗО/Фильтр Выручка")): Object: 'Object Repository/Выручка по ДЗО/Фильтр Выручка' is clicked on

11-03-2025T02:56:42 - [MESSAGE][PASSED] - Object: 'Object Repository/Выручка по ДЗО/Фильтр Выручка' is clicked on

11-03-2025T02:56:42 - [TEST_STEP][PASSED] - click(findTestObject("Выручка по ДЗО/Внутренний оборот в фильтре Выручка")): Object: 'Object Repository/Выручка по ДЗО/Внутренний оборот в фильтре Выручка' is clicked on

11-03-2025T02:56:43 - [MESSAGE][PASSED] - Object: 'Object Repository/Выручка по ДЗО/Внутренний оборот в фильтре Выручка' is clicked on

11-03-2025T02:56:43 - [TEST_STEP][PASSED] - click(findTestObject("Выручка по ДЗО/Применить в фильтре Выручка")): Object: 'Object Repository/Выручка по ДЗО/Применить в фильтре Выручка' is clicked on

11-03-2025T02:56:43 - [MESSAGE][PASSED] - Object: 'Object Repository/Выручка по ДЗО/Применить в фильтре Выручка' is clicked on

11-03-2025T02:56:43 - [TEST_STEP][PASSED] - Script1687405711779.Test(todaysDate): null

11-03-2025T02:56:43 - [TEST_STEP][PASSED] - delay(10): Delayed 10 second(s)

11-03-2025T02:56:53 - [MESSAGE][PASSED] - Delayed 10 second(s)

11-03-2025T02:56:53 - [TEST_STEP][FAILED] - if (verifyTextNotPresent("нет данных", false) == true): Text 'нет данных' is present on page  (Root cause: com.kms.katalon.core.exception.StepFailedException: Text 'нет данных' is present on page 
	at com.kms.katalon.core.webui.keyword.internal.WebUIKeywordMain.stepFailed(WebUIKeywordMain.groovy:64)
	at com.kms.katalon.core.webui.keyword.builtin.VerifyTextNotPresentKeyword$_verifyTextNotPresent_closure1.doCall(VerifyTextNotPresentKeyword.groovy:77)
	at com.kms.katalon.core.webui.keyword.builtin.VerifyTextNotPresentKeyword$_verifyTextNotPresent_closure1.call(VerifyTextNotPresentKeyword.groovy)
	at com.kms.katalon.core.webui.keyword.internal.WebUIKeywordMain.runKeyword(WebUIKeywordMain.groovy:20)
	at com.kms.katalon.core.webui.keyword.builtin.VerifyTextNotPresentKeyword.verifyTextNotPresent(VerifyTextNotPresentKeyword.groovy:82)
	at com.kms.katalon.core.webui.keyword.builtin.VerifyTextNotPresentKeyword.execute(VerifyTextNotPresentKeyword.groovy:68)
	at com.kms.katalon.core.keyword.internal.KeywordExecutor.executeKeywordForPlatform(KeywordExecutor.groovy:74)
	at com.kms.katalon.core.webui.keyword.WebUiBuiltInKeywords.verifyTextNotPresent(WebUiBuiltInKeywords.groovy:1795)
	at Выручка по ДЗО отображение данных все филиалы.Test(Выручка по ДЗО отображение данных все филиалы:772)
	at Выручка по ДЗО отображение данных все филиалы.Tumbler(Выручка по ДЗО отображение данных все филиалы:726)
	at Выручка по ДЗО отображение данных все филиалы.Change(Выручка по ДЗО отображение данных все филиалы:760)
	at Выручка по ДЗО отображение данных все филиалы.DzoTest(Выручка по ДЗО отображение данных все филиалы:236)
	at Выручка по ДЗО отображение данных все филиалы.run(Выручка по ДЗО отображение данных все филиалы:122)
	at com.kms.katalon.core.main.ScriptEngine.run(ScriptEngine.java:194)
	at com.kms.katalon.core.main.ScriptEngine.runScriptAsRawText(ScriptEngine.java:119)
	at com.kms.katalon.core.main.TestCaseExecutor.runScript(TestCaseExecutor.java:448)
	at com.kms.katalon.core.main.TestCaseExecutor.doExecute(TestCaseExecutor.java:439)
	at com.kms.katalon.core.main.TestCaseExecutor.processExecutionPhase(TestCaseExecutor.java:418)
	at com.kms.katalon.core.main.TestCaseExecutor.accessMainPhase(TestCaseExecutor.java:410)
	at com.kms.katalon.core.main.TestCaseExecutor.execute(TestCaseExecutor.java:285)
	at com.kms.katalon.core.common.CommonExecutor.accessTestCaseMainPhase(CommonExecutor.java:65)
	at com.kms.katalon.core.main.TestSuiteExecutor.accessTestSuiteMainPhase(TestSuiteExecutor.java:150)
	at com.kms.katalon.core.main.TestSuiteExecutor.execute(TestSuiteExecutor.java:106)
	at com.kms.katalon.core.main.TestCaseMain.startTestSuite(TestCaseMain.java:180)
	at TempTestSuite1741649958618.run(TempTestSuite1741649958618.groovy:35)
	at java.base/jdk.internal.reflect.NativeMethodAccessorImpl.invoke0(Native Method)
	at java.base/jdk.internal.reflect.NativeMethodAccessorImpl.invoke(NativeMethodAccessorImpl.java:77)
	at java.base/jdk.internal.reflect.DelegatingMethodAccessorImpl.invoke(DelegatingMethodAccessorImpl.java:43)
)

11-03-2025T02:56:54 - [MESSAGE][FAILED] - Text 'нет данных' is present on page  (Root cause: com.kms.katalon.core.exception.StepFailedException: Text 'нет данных' is present on page 
	at com.kms.katalon.core.webui.keyword.internal.WebUIKeywordMain.stepFailed(WebUIKeywordMain.groovy:64)
	at com.kms.katalon.core.webui.keyword.builtin.VerifyTextNotPresentKeyword$_verifyTextNotPresent_closure1.doCall(VerifyTextNotPresentKeyword.groovy:77)
	at com.kms.katalon.core.webui.keyword.builtin.VerifyTextNotPresentKeyword$_verifyTextNotPresent_closure1.call(VerifyTextNotPresentKeyword.groovy)
	at com.kms.katalon.core.webui.keyword.internal.WebUIKeywordMain.runKeyword(WebUIKeywordMain.groovy:20)
	at com.kms.katalon.core.webui.keyword.builtin.VerifyTextNotPresentKeyword.verifyTextNotPresent(VerifyTextNotPresentKeyword.groovy:82)
	at com.kms.katalon.core.webui.keyword.builtin.VerifyTextNotPresentKeyword.execute(VerifyTextNotPresentKeyword.groovy:68)
	at com.kms.katalon.core.keyword.internal.KeywordExecutor.executeKeywordForPlatform(KeywordExecutor.groovy:74)
	at com.kms.katalon.core.webui.keyword.WebUiBuiltInKeywords.verifyTextNotPresent(WebUiBuiltInKeywords.groovy:1795)
	at Выручка по ДЗО отображение данных все филиалы.Test(Выручка по ДЗО отображение данных все филиалы:772)
	at Выручка по ДЗО отображение данных все филиалы.Tumbler(Выручка по ДЗО отображение данных все филиалы:726)
	at Выручка по ДЗО отображение данных все филиалы.Change(Выручка по ДЗО отображение данных все филиалы:760)
	at Выручка по ДЗО отображение данных все филиалы.DzoTest(Выручка по ДЗО отображение данных все филиалы:236)
	at Выручка по ДЗО отображение данных все филиалы.run(Выручка по ДЗО отображение данных все филиалы:122)
	at com.kms.katalon.core.main.ScriptEngine.run(ScriptEngine.java:194)
	at com.kms.katalon.core.main.ScriptEngine.runScriptAsRawText(ScriptEngine.java:119)
	at com.kms.katalon.core.main.TestCaseExecutor.runScript(TestCaseExecutor.java:448)
	at com.kms.katalon.core.main.TestCaseExecutor.doExecute(TestCaseExecutor.java:439)
	at com.kms.katalon.core.main.TestCaseExecutor.processExecutionPhase(TestCaseExecutor.java:418)
	at com.kms.katalon.core.main.TestCaseExecutor.accessMainPhase(TestCaseExecutor.java:410)
	at com.kms.katalon.core.main.TestCaseExecutor.execute(TestCaseExecutor.java:285)
	at com.kms.katalon.core.common.CommonExecutor.accessTestCaseMainPhase(CommonExecutor.java:65)
	at com.kms.katalon.core.main.TestSuiteExecutor.accessTestSuiteMainPhase(TestSuiteExecutor.java:150)
	at com.kms.katalon.core.main.TestSuiteExecutor.execute(TestSuiteExecutor.java:106)
	at com.kms.katalon.core.main.TestCaseMain.startTestSuite(TestCaseMain.java:180)
	at TempTestSuite1741649958618.run(TempTestSuite1741649958618.groovy:35)
	at java.base/jdk.internal.reflect.NativeMethodAccessorImpl.invoke0(Native Method)
	at java.base/jdk.internal.reflect.NativeMethodAccessorImpl.invoke(NativeMethodAccessorImpl.java:77)
	at java.base/jdk.internal.reflect.DelegatingMethodAccessorImpl.invoke(DelegatingMethodAccessorImpl.java:43)
)

11-03-2025T02:56:54 - [TEST_STEP][PASSED] - else: null

11-03-2025T02:56:54 - [TEST_STEP][PASSED] - Script1687405711779.WriteToExcel(todaysDate): null

11-03-2025T02:56:54 - [TEST_STEP][PASSED] - sheetName = "Sheet1": null

11-03-2025T02:56:54 - [TEST_STEP][PASSED] - data = findTestData("PlanFact"): null

11-03-2025T02:56:54 - [TEST_STEP][PASSED] - n = data.getRowNumbers() + 1: null

11-03-2025T02:56:54 - [TEST_STEP][PASSED] - dZO = getText(findTestObject("Выручка по ДЗО/Фильтр ДЗО")): Text of object 'Object Repository/Выручка по ДЗО/Фильтр ДЗО' is: 'ПАО Россети - РаспредКомплекс - Россети Ленэнерго (ГК)'

11-03-2025T02:56:54 - [MESSAGE][PASSED] - Text of object 'Object Repository/Выручка по ДЗО/Фильтр ДЗО' is: 'ПАО Россети - РаспредКомплекс - Россети Ленэнерго (ГК)'

11-03-2025T02:56:54 - [TEST_STEP][PASSED] - period = getText(findTestObject("Выручка по ДЗО/Фильтр Дата")): Text of object 'Object Repository/Выручка по ДЗО/Фильтр Дата' is: 'Январь 2025 года'

11-03-2025T02:56:54 - [MESSAGE][PASSED] - Text of object 'Object Repository/Выручка по ДЗО/Фильтр Дата' is: 'Январь 2025 года'

11-03-2025T02:56:54 - [TEST_STEP][PASSED] - viruchka = getText(findTestObject("Выручка по ДЗО/Фильтр Выручка")): Text of object 'Object Repository/Выручка по ДЗО/Фильтр Выручка' is: 'внутренний оборот'

11-03-2025T02:56:55 - [MESSAGE][PASSED] - Text of object 'Object Repository/Выручка по ДЗО/Фильтр Выручка' is: 'внутренний оборот'

11-03-2025T02:56:55 - [TEST_STEP][PASSED] - if (viruchka == "Выбрано: 2"): null

11-03-2025T02:56:55 - [TEST_STEP][PASSED] - if (viruchka == "Все"): null

11-03-2025T02:56:55 - [TEST_STEP][PASSED] - println(period): null

11-03-2025T02:56:55 - [TEST_STEP][PASSED] - dashboardName = "Выручка по ДЗО": null

11-03-2025T02:56:55 - [TEST_STEP][PASSED] - workbook01 = getWorkbook(excelFilePath): null

11-03-2025T02:56:55 - [TEST_STEP][PASSED] - sheet01 = getExcelSheet(workbook01, sheetName): null

11-03-2025T02:56:55 - [TEST_STEP][PASSED] - setValueToCellByIndex(sheet01, n, 0, dashboardName): null

11-03-2025T02:56:55 - [TEST_STEP][PASSED] - setValueToCellByIndex(sheet01, n, 1, dZO): null

11-03-2025T02:56:55 - [TEST_STEP][PASSED] - setValueToCellByIndex(sheet01, n, 2, period): null

11-03-2025T02:56:55 - [TEST_STEP][PASSED] - setValueToCellByIndex(sheet01, n, 3, viruchka): null

11-03-2025T02:56:55 - [TEST_STEP][PASSED] - setValueToCellByIndex(sheet01, n, 4, todaysDate): null

11-03-2025T02:56:55 - [TEST_STEP][PASSED] - n = n + 1: null

11-03-2025T02:56:55 - [TEST_STEP][PASSED] - saveWorkbook(excelFilePath, workbook01): null

11-03-2025T02:56:55 - [TEST_STEP][PASSED] - click(findTestObject("Выручка по ДЗО/Фильтр Выручка")): Object: 'Object Repository/Выручка по ДЗО/Фильтр Выручка' is clicked on

11-03-2025T02:56:55 - [MESSAGE][PASSED] - Object: 'Object Repository/Выручка по ДЗО/Фильтр Выручка' is clicked on

11-03-2025T02:56:55 - [TEST_STEP][PASSED] - click(findTestObject("Выручка по ДЗО/По передаче в фильтре Выручка")): Object: 'Object Repository/Выручка по ДЗО/По передаче в фильтре Выручка' is clicked on

11-03-2025T02:56:56 - [MESSAGE][PASSED] - Object: 'Object Repository/Выручка по ДЗО/По передаче в фильтре Выручка' is clicked on

11-03-2025T02:56:56 - [TEST_STEP][PASSED] - click(findTestObject("Выручка по ДЗО/Применить в фильтре Выручка")): Object: 'Object Repository/Выручка по ДЗО/Применить в фильтре Выручка' is clicked on

11-03-2025T02:56:56 - [MESSAGE][PASSED] - Object: 'Object Repository/Выручка по ДЗО/Применить в фильтре Выручка' is clicked on

11-03-2025T02:56:56 - [TEST_STEP][PASSED] - Script1687405711779.Test(todaysDate): null

11-03-2025T02:56:56 - [TEST_STEP][PASSED] - delay(10): Delayed 10 second(s)

11-03-2025T02:57:06 - [MESSAGE][PASSED] - Delayed 10 second(s)

11-03-2025T02:57:06 - [TEST_STEP][PASSED] - if (verifyTextNotPresent("нет данных", false) == true): null

11-03-2025T02:57:07 - [MESSAGE][PASSED] - Text 'нет данных' is not present on page

11-03-2025T02:57:07 - [TEST_STEP][PASSED] - if (verifyTextNotPresent("Ошибка запроса данных", false) == true): null

11-03-2025T02:57:07 - [MESSAGE][PASSED] - Text 'Ошибка запроса данных' is not present on page

11-03-2025T02:57:07 - [TEST_STEP][PASSED] - if (verifyTextNotPresent("Произошла ошибка при выполнении пользовательского кода", false) == true): null

11-03-2025T02:57:08 - [MESSAGE][PASSED] - Text 'Произошла ошибка при выполнении пользовательского кода' is not present on page

11-03-2025T02:57:08 - [TEST_STEP][PASSED] - if (verifyTextNotPresent("У виджета нет данных", false) == true): null

11-03-2025T02:57:08 - [MESSAGE][PASSED] - Text 'У виджета нет данных' is not present on page

11-03-2025T02:57:08 - [TEST_STEP][PASSED] - if (verifyTextNotPresent("У виджета нет данных", false) == true): Text 'У виджета нет данных' is not present on page

11-03-2025T02:57:09 - [MESSAGE][PASSED] - Text 'У виджета нет данных' is not present on page

11-03-2025T02:57:09 - [TEST_STEP][PASSED] - click(findTestObject("Выручка по ДЗО/Фильтр Выручка")): Object: 'Object Repository/Выручка по ДЗО/Фильтр Выручка' is clicked on

11-03-2025T02:57:09 - [MESSAGE][PASSED] - Object: 'Object Repository/Выручка по ДЗО/Фильтр Выручка' is clicked on

11-03-2025T02:57:09 - [TEST_STEP][PASSED] - click(findTestObject("Выручка по ДЗО/Снять выделение в фильтре Выручка")): Object: 'Object Repository/Выручка по ДЗО/Снять выделение в фильтре Выручка' is clicked on

11-03-2025T02:57:10 - [MESSAGE][PASSED] - Object: 'Object Repository/Выручка по ДЗО/Снять выделение в фильтре Выручка' is clicked on

11-03-2025T02:57:10 - [TEST_STEP][PASSED] - click(findTestObject("Выручка по ДЗО/По передаче в фильтре Выручка")): Object: 'Object Repository/Выручка по ДЗО/По передаче в фильтре Выручка' is clicked on

11-03-2025T02:57:10 - [MESSAGE][PASSED] - Object: 'Object Repository/Выручка по ДЗО/По передаче в фильтре Выручка' is clicked on

11-03-2025T02:57:10 - [TEST_STEP][PASSED] - click(findTestObject("Выручка по ДЗО/Применить в фильтре Выручка")): Object: 'Object Repository/Выручка по ДЗО/Применить в фильтре Выручка' is clicked on

11-03-2025T02:57:10 - [MESSAGE][PASSED] - Object: 'Object Repository/Выручка по ДЗО/Применить в фильтре Выручка' is clicked on

11-03-2025T02:57:10 - [TEST_STEP][PASSED] - Script1687405711779.Test(todaysDate): null

11-03-2025T02:57:10 - [TEST_STEP][PASSED] - delay(10): Delayed 10 second(s)

11-03-2025T02:57:21 - [MESSAGE][PASSED] - Delayed 10 second(s)

11-03-2025T02:57:21 - [TEST_STEP][PASSED] - if (verifyTextNotPresent("нет данных", false) == true): null

11-03-2025T02:57:21 - [MESSAGE][PASSED] - Text 'нет данных' is not present on page

11-03-2025T02:57:21 - [TEST_STEP][PASSED] - if (verifyTextNotPresent("Ошибка запроса данных", false) == true): null

11-03-2025T02:57:21 - [MESSAGE][PASSED] - Text 'Ошибка запроса данных' is not present on page

11-03-2025T02:57:21 - [TEST_STEP][PASSED] - if (verifyTextNotPresent("Произошла ошибка при выполнении пользовательского кода", false) == true): null

11-03-2025T02:57:22 - [MESSAGE][PASSED] - Text 'Произошла ошибка при выполнении пользовательского кода' is not present on page

11-03-2025T02:57:22 - [TEST_STEP][PASSED] - if (verifyTextNotPresent("У виджета нет данных", false) == true): null

11-03-2025T02:57:22 - [MESSAGE][PASSED] - Text 'У виджета нет данных' is not present on page

11-03-2025T02:57:22 - [TEST_STEP][PASSED] - if (verifyTextNotPresent("У виджета нет данных", false) == true): Text 'У виджета нет данных' is not present on page

11-03-2025T02:57:23 - [MESSAGE][PASSED] - Text 'У виджета нет данных' is not present on page

11-03-2025T02:57:23 - [TEST_STEP][PASSED] - click(findTestObject("Выручка по ДЗО/Фильтр Выручка")): Object: 'Object Repository/Выручка по ДЗО/Фильтр Выручка' is clicked on

11-03-2025T02:57:23 - [MESSAGE][PASSED] - Object: 'Object Repository/Выручка по ДЗО/Фильтр Выручка' is clicked on

11-03-2025T02:57:23 - [TEST_STEP][PASSED] - click(findTestObject("Выручка по ДЗО/Снять выделение в фильтре Выручка")): Object: 'Object Repository/Выручка по ДЗО/Снять выделение в фильтре Выручка' is clicked on

11-03-2025T02:57:24 - [MESSAGE][PASSED] - Object: 'Object Repository/Выручка по ДЗО/Снять выделение в фильтре Выручка' is clicked on

11-03-2025T02:57:24 - [TEST_STEP][PASSED] - click(findTestObject("Выручка по ДЗО/Применить в фильтре Выручка")): Object: 'Object Repository/Выручка по ДЗО/Применить в фильтре Выручка' is clicked on

11-03-2025T02:57:24 - [MESSAGE][PASSED] - Object: 'Object Repository/Выручка по ДЗО/Применить в фильтре Выручка' is clicked on

11-03-2025T02:57:24 - [TEST_STEP][PASSED] - click(findTestObject("Выручка по ДЗО/Фильтр ДЗО")): Object: 'Object Repository/Выручка по ДЗО/Фильтр ДЗО' is clicked on

11-03-2025T02:57:26 - [MESSAGE][PASSED] - Object: 'Object Repository/Выручка по ДЗО/Фильтр ДЗО' is clicked on

11-03-2025T02:57:26 - [TEST_STEP][PASSED] - click(findTestObject("Выручка по ДЗО/Снять выделение в фильтре ДЗО")): Object: 'Object Repository/Выручка по ДЗО/Снять выделение в фильтре ДЗО' is clicked on

11-03-2025T02:57:26 - [MESSAGE][PASSED] - Object: 'Object Repository/Выручка по ДЗО/Снять выделение в фильтре ДЗО' is clicked on

11-03-2025T02:57:26 - [TEST_STEP][PASSED] - click(findTestObject("Общие объекты/Раскрыть список Россети Ленэнерго")): Object: 'Object Repository/Общие объекты/Раскрыть список Россети Ленэнерго' is clicked on

11-03-2025T02:57:27 - [MESSAGE][PASSED] - Object: 'Object Repository/Общие объекты/Раскрыть список Россети Ленэнерго' is clicked on

11-03-2025T02:57:27 - [TEST_STEP][PASSED] - scrollToElement(findTestObject("Общие объекты/Ленинградская область"), 30): Scroll to object 'Object Repository/Общие объекты/Ленинградская область' successfully

11-03-2025T02:57:27 - [MESSAGE][PASSED] - Scroll to object 'Object Repository/Общие объекты/Ленинградская область' successfully

11-03-2025T02:57:27 - [TEST_STEP][PASSED] - click(findTestObject("Общие объекты/Ленинградская область")): Object: 'Object Repository/Общие объекты/Ленинградская область' is clicked on

11-03-2025T02:57:27 - [MESSAGE][PASSED] - Object: 'Object Repository/Общие объекты/Ленинградская область' is clicked on

11-03-2025T02:57:27 - [TEST_STEP][PASSED] - Script1687405711779.Change(todaysDate): null

11-03-2025T02:57:27 - [TEST_STEP][PASSED] - scrollToElement(findTestObject("Выручка по ДЗО/Заголовок дашборда"), 30): Scroll to object 'Object Repository/Выручка по ДЗО/Заголовок дашборда' successfully

11-03-2025T02:57:28 - [MESSAGE][PASSED] - Scroll to object 'Object Repository/Выручка по ДЗО/Заголовок дашборда' successfully

11-03-2025T02:57:28 - [TEST_STEP][PASSED] - click(findTestObject("Выручка по ДЗО/Применить в фильтре ДЗО")): Object: 'Object Repository/Выручка по ДЗО/Применить в фильтре ДЗО' is clicked on

11-03-2025T02:57:28 - [MESSAGE][PASSED] - Object: 'Object Repository/Выручка по ДЗО/Применить в фильтре ДЗО' is clicked on

11-03-2025T02:57:28 - [TEST_STEP][PASSED] - Script1687405711779.Tumbler(todaysDate): null

11-03-2025T02:57:28 - [TEST_STEP][PASSED] - Script1687405711779.Test(todaysDate): null

11-03-2025T02:57:28 - [TEST_STEP][PASSED] - delay(10): Delayed 10 second(s)

11-03-2025T02:57:38 - [MESSAGE][PASSED] - Delayed 10 second(s)

11-03-2025T02:57:38 - [TEST_STEP][PASSED] - if (verifyTextNotPresent("нет данных", false) == true): null

11-03-2025T02:57:39 - [MESSAGE][PASSED] - Text 'нет данных' is not present on page

11-03-2025T02:57:39 - [TEST_STEP][PASSED] - if (verifyTextNotPresent("Ошибка запроса данных", false) == true): null

11-03-2025T02:57:39 - [MESSAGE][PASSED] - Text 'Ошибка запроса данных' is not present on page

11-03-2025T02:57:39 - [TEST_STEP][PASSED] - if (verifyTextNotPresent("Произошла ошибка при выполнении пользовательского кода", false) == true): null

11-03-2025T02:57:40 - [MESSAGE][PASSED] - Text 'Произошла ошибка при выполнении пользовательского кода' is not present on page

11-03-2025T02:57:40 - [TEST_STEP][PASSED] - if (verifyTextNotPresent("У виджета нет данных", false) == true): null

11-03-2025T02:57:40 - [MESSAGE][PASSED] - Text 'У виджета нет данных' is not present on page

11-03-2025T02:57:40 - [TEST_STEP][PASSED] - if (verifyTextNotPresent("У виджета нет данных", false) == true): Text 'У виджета нет данных' is not present on page

11-03-2025T02:57:41 - [MESSAGE][PASSED] - Text 'У виджета нет данных' is not present on page

11-03-2025T02:57:41 - [TEST_STEP][PASSED] - click(findTestObject("Выручка по ДЗО/Фильтр Выручка")): Object: 'Object Repository/Выручка по ДЗО/Фильтр Выручка' is clicked on

11-03-2025T02:57:41 - [MESSAGE][PASSED] - Object: 'Object Repository/Выручка по ДЗО/Фильтр Выручка' is clicked on

11-03-2025T02:57:41 - [TEST_STEP][PASSED] - click(findTestObject("Выручка по ДЗО/Внутренний оборот в фильтре Выручка")): Object: 'Object Repository/Выручка по ДЗО/Внутренний оборот в фильтре Выручка' is clicked on

11-03-2025T02:57:41 - [MESSAGE][PASSED] - Object: 'Object Repository/Выручка по ДЗО/Внутренний оборот в фильтре Выручка' is clicked on

11-03-2025T02:57:41 - [TEST_STEP][PASSED] - click(findTestObject("Выручка по ДЗО/Применить в фильтре Выручка")): Object: 'Object Repository/Выручка по ДЗО/Применить в фильтре Выручка' is clicked on

11-03-2025T02:57:42 - [MESSAGE][PASSED] - Object: 'Object Repository/Выручка по ДЗО/Применить в фильтре Выручка' is clicked on

11-03-2025T02:57:42 - [TEST_STEP][PASSED] - Script1687405711779.Test(todaysDate): null

11-03-2025T02:57:42 - [TEST_STEP][PASSED] - delay(10): Delayed 10 second(s)

11-03-2025T02:57:52 - [MESSAGE][PASSED] - Delayed 10 second(s)

11-03-2025T02:57:52 - [TEST_STEP][FAILED] - if (verifyTextNotPresent("нет данных", false) == true): Text 'нет данных' is present on page  (Root cause: com.kms.katalon.core.exception.StepFailedException: Text 'нет данных' is present on page 
	at com.kms.katalon.core.webui.keyword.internal.WebUIKeywordMain.stepFailed(WebUIKeywordMain.groovy:64)
	at com.kms.katalon.core.webui.keyword.builtin.VerifyTextNotPresentKeyword$_verifyTextNotPresent_closure1.doCall(VerifyTextNotPresentKeyword.groovy:77)
	at com.kms.katalon.core.webui.keyword.builtin.VerifyTextNotPresentKeyword$_verifyTextNotPresent_closure1.call(VerifyTextNotPresentKeyword.groovy)
	at com.kms.katalon.core.webui.keyword.internal.WebUIKeywordMain.runKeyword(WebUIKeywordMain.groovy:20)
	at com.kms.katalon.core.webui.keyword.builtin.VerifyTextNotPresentKeyword.verifyTextNotPresent(VerifyTextNotPresentKeyword.groovy:82)
	at com.kms.katalon.core.webui.keyword.builtin.VerifyTextNotPresentKeyword.execute(VerifyTextNotPresentKeyword.groovy:68)
	at com.kms.katalon.core.keyword.internal.KeywordExecutor.executeKeywordForPlatform(KeywordExecutor.groovy:74)
	at com.kms.katalon.core.webui.keyword.WebUiBuiltInKeywords.verifyTextNotPresent(WebUiBuiltInKeywords.groovy:1795)
	at Выручка по ДЗО отображение данных все филиалы.Test(Выручка по ДЗО отображение данных все филиалы:772)
	at Выручка по ДЗО отображение данных все филиалы.Tumbler(Выручка по ДЗО отображение данных все филиалы:726)
	at Выручка по ДЗО отображение данных все филиалы.Change(Выручка по ДЗО отображение данных все филиалы:760)
	at Выручка по ДЗО отображение данных все филиалы.DzoTest(Выручка по ДЗО отображение данных все филиалы:244)
	at Выручка по ДЗО отображение данных все филиалы.run(Выручка по ДЗО отображение данных все филиалы:122)
	at com.kms.katalon.core.main.ScriptEngine.run(ScriptEngine.java:194)
	at com.kms.katalon.core.main.ScriptEngine.runScriptAsRawText(ScriptEngine.java:119)
	at com.kms.katalon.core.main.TestCaseExecutor.runScript(TestCaseExecutor.java:448)
	at com.kms.katalon.core.main.TestCaseExecutor.doExecute(TestCaseExecutor.java:439)
	at com.kms.katalon.core.main.TestCaseExecutor.processExecutionPhase(TestCaseExecutor.java:418)
	at com.kms.katalon.core.main.TestCaseExecutor.accessMainPhase(TestCaseExecutor.java:410)
	at com.kms.katalon.core.main.TestCaseExecutor.execute(TestCaseExecutor.java:285)
	at com.kms.katalon.core.common.CommonExecutor.accessTestCaseMainPhase(CommonExecutor.java:65)
	at com.kms.katalon.core.main.TestSuiteExecutor.accessTestSuiteMainPhase(TestSuiteExecutor.java:150)
	at com.kms.katalon.core.main.TestSuiteExecutor.execute(TestSuiteExecutor.java:106)
	at com.kms.katalon.core.main.TestCaseMain.startTestSuite(TestCaseMain.java:180)
	at TempTestSuite1741649958618.run(TempTestSuite1741649958618.groovy:35)
	at java.base/jdk.internal.reflect.NativeMethodAccessorImpl.invoke0(Native Method)
	at java.base/jdk.internal.reflect.NativeMethodAccessorImpl.invoke(NativeMethodAccessorImpl.java:77)
	at java.base/jdk.internal.reflect.DelegatingMethodAccessorImpl.invoke(DelegatingMethodAccessorImpl.java:43)
)

11-03-2025T02:57:53 - [MESSAGE][FAILED] - Text 'нет данных' is present on page  (Root cause: com.kms.katalon.core.exception.StepFailedException: Text 'нет данных' is present on page 
	at com.kms.katalon.core.webui.keyword.internal.WebUIKeywordMain.stepFailed(WebUIKeywordMain.groovy:64)
	at com.kms.katalon.core.webui.keyword.builtin.VerifyTextNotPresentKeyword$_verifyTextNotPresent_closure1.doCall(VerifyTextNotPresentKeyword.groovy:77)
	at com.kms.katalon.core.webui.keyword.builtin.VerifyTextNotPresentKeyword$_verifyTextNotPresent_closure1.call(VerifyTextNotPresentKeyword.groovy)
	at com.kms.katalon.core.webui.keyword.internal.WebUIKeywordMain.runKeyword(WebUIKeywordMain.groovy:20)
	at com.kms.katalon.core.webui.keyword.builtin.VerifyTextNotPresentKeyword.verifyTextNotPresent(VerifyTextNotPresentKeyword.groovy:82)
	at com.kms.katalon.core.webui.keyword.builtin.VerifyTextNotPresentKeyword.execute(VerifyTextNotPresentKeyword.groovy:68)
	at com.kms.katalon.core.keyword.internal.KeywordExecutor.executeKeywordForPlatform(KeywordExecutor.groovy:74)
	at com.kms.katalon.core.webui.keyword.WebUiBuiltInKeywords.verifyTextNotPresent(WebUiBuiltInKeywords.groovy:1795)
	at Выручка по ДЗО отображение данных все филиалы.Test(Выручка по ДЗО отображение данных все филиалы:772)
	at Выручка по ДЗО отображение данных все филиалы.Tumbler(Выручка по ДЗО отображение данных все филиалы:726)
	at Выручка по ДЗО отображение данных все филиалы.Change(Выручка по ДЗО отображение данных все филиалы:760)
	at Выручка по ДЗО отображение данных все филиалы.DzoTest(Выручка по ДЗО отображение данных все филиалы:244)
	at Выручка по ДЗО отображение данных все филиалы.run(Выручка по ДЗО отображение данных все филиалы:122)
	at com.kms.katalon.core.main.ScriptEngine.run(ScriptEngine.java:194)
	at com.kms.katalon.core.main.ScriptEngine.runScriptAsRawText(ScriptEngine.java:119)
	at com.kms.katalon.core.main.TestCaseExecutor.runScript(TestCaseExecutor.java:448)
	at com.kms.katalon.core.main.TestCaseExecutor.doExecute(TestCaseExecutor.java:439)
	at com.kms.katalon.core.main.TestCaseExecutor.processExecutionPhase(TestCaseExecutor.java:418)
	at com.kms.katalon.core.main.TestCaseExecutor.accessMainPhase(TestCaseExecutor.java:410)
	at com.kms.katalon.core.main.TestCaseExecutor.execute(TestCaseExecutor.java:285)
	at com.kms.katalon.core.common.CommonExecutor.accessTestCaseMainPhase(CommonExecutor.java:65)
	at com.kms.katalon.core.main.TestSuiteExecutor.accessTestSuiteMainPhase(TestSuiteExecutor.java:150)
	at com.kms.katalon.core.main.TestSuiteExecutor.execute(TestSuiteExecutor.java:106)
	at com.kms.katalon.core.main.TestCaseMain.startTestSuite(TestCaseMain.java:180)
	at TempTestSuite1741649958618.run(TempTestSuite1741649958618.groovy:35)
	at java.base/jdk.internal.reflect.NativeMethodAccessorImpl.invoke0(Native Method)
	at java.base/jdk.internal.reflect.NativeMethodAccessorImpl.invoke(NativeMethodAccessorImpl.java:77)
	at java.base/jdk.internal.reflect.DelegatingMethodAccessorImpl.invoke(DelegatingMethodAccessorImpl.java:43)
)

11-03-2025T02:57:53 - [TEST_STEP][PASSED] - else: null

11-03-2025T02:57:53 - [TEST_STEP][PASSED] - Script1687405711779.WriteToExcel(todaysDate): null

11-03-2025T02:57:53 - [TEST_STEP][PASSED] - sheetName = "Sheet1": null

11-03-2025T02:57:53 - [TEST_STEP][PASSED] - data = findTestData("PlanFact"): null

11-03-2025T02:57:53 - [TEST_STEP][PASSED] - n = data.getRowNumbers() + 1: null

11-03-2025T02:57:53 - [TEST_STEP][PASSED] - dZO = getText(findTestObject("Выручка по ДЗО/Фильтр ДЗО")): Text of object 'Object Repository/Выручка по ДЗО/Фильтр ДЗО' is: 'ПАО Россети - РаспредКомплекс - Россети Ленэнерго (ГК) - Ленинградская область'

11-03-2025T02:57:53 - [MESSAGE][PASSED] - Text of object 'Object Repository/Выручка по ДЗО/Фильтр ДЗО' is: 'ПАО Россети - РаспредКомплекс - Россети Ленэнерго (ГК) - Ленинградская область'

11-03-2025T02:57:53 - [TEST_STEP][PASSED] - period = getText(findTestObject("Выручка по ДЗО/Фильтр Дата")): Text of object 'Object Repository/Выручка по ДЗО/Фильтр Дата' is: 'Январь 2025 года'

11-03-2025T02:57:53 - [MESSAGE][PASSED] - Text of object 'Object Repository/Выручка по ДЗО/Фильтр Дата' is: 'Январь 2025 года'

11-03-2025T02:57:53 - [TEST_STEP][PASSED] - viruchka = getText(findTestObject("Выручка по ДЗО/Фильтр Выручка")): Text of object 'Object Repository/Выручка по ДЗО/Фильтр Выручка' is: 'внутренний оборот'

11-03-2025T02:57:53 - [MESSAGE][PASSED] - Text of object 'Object Repository/Выручка по ДЗО/Фильтр Выручка' is: 'внутренний оборот'

11-03-2025T02:57:53 - [TEST_STEP][PASSED] - if (viruchka == "Выбрано: 2"): null

11-03-2025T02:57:53 - [TEST_STEP][PASSED] - if (viruchka == "Все"): null

11-03-2025T02:57:53 - [TEST_STEP][PASSED] - println(period): null

11-03-2025T02:57:53 - [TEST_STEP][PASSED] - dashboardName = "Выручка по ДЗО": null

11-03-2025T02:57:53 - [TEST_STEP][PASSED] - workbook01 = getWorkbook(excelFilePath): null

11-03-2025T02:57:53 - [TEST_STEP][PASSED] - sheet01 = getExcelSheet(workbook01, sheetName): null

11-03-2025T02:57:53 - [TEST_STEP][PASSED] - setValueToCellByIndex(sheet01, n, 0, dashboardName): null

11-03-2025T02:57:53 - [TEST_STEP][PASSED] - setValueToCellByIndex(sheet01, n, 1, dZO): null

11-03-2025T02:57:53 - [TEST_STEP][PASSED] - setValueToCellByIndex(sheet01, n, 2, period): null

11-03-2025T02:57:53 - [TEST_STEP][PASSED] - setValueToCellByIndex(sheet01, n, 3, viruchka): null

11-03-2025T02:57:53 - [TEST_STEP][PASSED] - setValueToCellByIndex(sheet01, n, 4, todaysDate): null

11-03-2025T02:57:53 - [TEST_STEP][PASSED] - n = n + 1: null

11-03-2025T02:57:53 - [TEST_STEP][PASSED] - saveWorkbook(excelFilePath, workbook01): null

11-03-2025T02:57:54 - [TEST_STEP][PASSED] - click(findTestObject("Выручка по ДЗО/Фильтр Выручка")): Object: 'Object Repository/Выручка по ДЗО/Фильтр Выручка' is clicked on

11-03-2025T02:57:54 - [MESSAGE][PASSED] - Object: 'Object Repository/Выручка по ДЗО/Фильтр Выручка' is clicked on

11-03-2025T02:57:54 - [TEST_STEP][PASSED] - click(findTestObject("Выручка по ДЗО/По передаче в фильтре Выручка")): Object: 'Object Repository/Выручка по ДЗО/По передаче в фильтре Выручка' is clicked on

11-03-2025T02:57:55 - [MESSAGE][PASSED] - Object: 'Object Repository/Выручка по ДЗО/По передаче в фильтре Выручка' is clicked on

11-03-2025T02:57:55 - [TEST_STEP][PASSED] - click(findTestObject("Выручка по ДЗО/Применить в фильтре Выручка")): Object: 'Object Repository/Выручка по ДЗО/Применить в фильтре Выручка' is clicked on

11-03-2025T02:57:55 - [MESSAGE][PASSED] - Object: 'Object Repository/Выручка по ДЗО/Применить в фильтре Выручка' is clicked on

11-03-2025T02:57:55 - [TEST_STEP][PASSED] - Script1687405711779.Test(todaysDate): null

11-03-2025T02:57:55 - [TEST_STEP][PASSED] - delay(10): Delayed 10 second(s)

11-03-2025T02:58:05 - [MESSAGE][PASSED] - Delayed 10 second(s)

11-03-2025T02:58:05 - [TEST_STEP][PASSED] - if (verifyTextNotPresent("нет данных", false) == true): null

11-03-2025T02:58:06 - [MESSAGE][PASSED] - Text 'нет данных' is not present on page

11-03-2025T02:58:06 - [TEST_STEP][PASSED] - if (verifyTextNotPresent("Ошибка запроса данных", false) == true): null

11-03-2025T02:58:06 - [MESSAGE][PASSED] - Text 'Ошибка запроса данных' is not present on page

11-03-2025T02:58:06 - [TEST_STEP][PASSED] - if (verifyTextNotPresent("Произошла ошибка при выполнении пользовательского кода", false) == true): null

11-03-2025T02:58:07 - [MESSAGE][PASSED] - Text 'Произошла ошибка при выполнении пользовательского кода' is not present on page

11-03-2025T02:58:07 - [TEST_STEP][PASSED] - if (verifyTextNotPresent("У виджета нет данных", false) == true): null

11-03-2025T02:58:07 - [MESSAGE][PASSED] - Text 'У виджета нет данных' is not present on page

11-03-2025T02:58:07 - [TEST_STEP][PASSED] - if (verifyTextNotPresent("У виджета нет данных", false) == true): Text 'У виджета нет данных' is not present on page

11-03-2025T02:58:08 - [MESSAGE][PASSED] - Text 'У виджета нет данных' is not present on page

11-03-2025T02:58:08 - [TEST_STEP][PASSED] - click(findTestObject("Выручка по ДЗО/Фильтр Выручка")): Object: 'Object Repository/Выручка по ДЗО/Фильтр Выручка' is clicked on

11-03-2025T02:58:08 - [MESSAGE][PASSED] - Object: 'Object Repository/Выручка по ДЗО/Фильтр Выручка' is clicked on

11-03-2025T02:58:08 - [TEST_STEP][PASSED] - click(findTestObject("Выручка по ДЗО/Снять выделение в фильтре Выручка")): Object: 'Object Repository/Выручка по ДЗО/Снять выделение в фильтре Выручка' is clicked on

11-03-2025T02:58:08 - [MESSAGE][PASSED] - Object: 'Object Repository/Выручка по ДЗО/Снять выделение в фильтре Выручка' is clicked on

11-03-2025T02:58:08 - [TEST_STEP][PASSED] - click(findTestObject("Выручка по ДЗО/По передаче в фильтре Выручка")): Object: 'Object Repository/Выручка по ДЗО/По передаче в фильтре Выручка' is clicked on

11-03-2025T02:58:09 - [MESSAGE][PASSED] - Object: 'Object Repository/Выручка по ДЗО/По передаче в фильтре Выручка' is clicked on

11-03-2025T02:58:09 - [TEST_STEP][PASSED] - click(findTestObject("Выручка по ДЗО/Применить в фильтре Выручка")): Object: 'Object Repository/Выручка по ДЗО/Применить в фильтре Выручка' is clicked on

11-03-2025T02:58:09 - [MESSAGE][PASSED] - Object: 'Object Repository/Выручка по ДЗО/Применить в фильтре Выручка' is clicked on

11-03-2025T02:58:09 - [TEST_STEP][PASSED] - Script1687405711779.Test(todaysDate): null

11-03-2025T02:58:09 - [TEST_STEP][PASSED] - delay(10): Delayed 10 second(s)

11-03-2025T02:58:19 - [MESSAGE][PASSED] - Delayed 10 second(s)

11-03-2025T02:58:19 - [TEST_STEP][PASSED] - if (verifyTextNotPresent("нет данных", false) == true): null

11-03-2025T02:58:20 - [MESSAGE][PASSED] - Text 'нет данных' is not present on page

11-03-2025T02:58:20 - [TEST_STEP][PASSED] - if (verifyTextNotPresent("Ошибка запроса данных", false) == true): null

11-03-2025T02:58:20 - [MESSAGE][PASSED] - Text 'Ошибка запроса данных' is not present on page

11-03-2025T02:58:20 - [TEST_STEP][PASSED] - if (verifyTextNotPresent("Произошла ошибка при выполнении пользовательского кода", false) == true): null

11-03-2025T02:58:21 - [MESSAGE][PASSED] - Text 'Произошла ошибка при выполнении пользовательского кода' is not present on page

11-03-2025T02:58:21 - [TEST_STEP][PASSED] - if (verifyTextNotPresent("У виджета нет данных", false) == true): null

11-03-2025T02:58:21 - [MESSAGE][PASSED] - Text 'У виджета нет данных' is not present on page

11-03-2025T02:58:21 - [TEST_STEP][PASSED] - if (verifyTextNotPresent("У виджета нет данных", false) == true): Text 'У виджета нет данных' is not present on page

11-03-2025T02:58:22 - [MESSAGE][PASSED] - Text 'У виджета нет данных' is not present on page

11-03-2025T02:58:22 - [TEST_STEP][PASSED] - click(findTestObject("Выручка по ДЗО/Фильтр Выручка")): Object: 'Object Repository/Выручка по ДЗО/Фильтр Выручка' is clicked on

11-03-2025T02:58:22 - [MESSAGE][PASSED] - Object: 'Object Repository/Выручка по ДЗО/Фильтр Выручка' is clicked on

11-03-2025T02:58:22 - [TEST_STEP][PASSED] - click(findTestObject("Выручка по ДЗО/Снять выделение в фильтре Выручка")): Object: 'Object Repository/Выручка по ДЗО/Снять выделение в фильтре Выручка' is clicked on

11-03-2025T02:58:22 - [MESSAGE][PASSED] - Object: 'Object Repository/Выручка по ДЗО/Снять выделение в фильтре Выручка' is clicked on

11-03-2025T02:58:22 - [TEST_STEP][PASSED] - click(findTestObject("Выручка по ДЗО/Применить в фильтре Выручка")): Object: 'Object Repository/Выручка по ДЗО/Применить в фильтре Выручка' is clicked on

11-03-2025T02:58:23 - [MESSAGE][PASSED] - Object: 'Object Repository/Выручка по ДЗО/Применить в фильтре Выручка' is clicked on

11-03-2025T02:58:23 - [TEST_STEP][PASSED] - click(findTestObject("Выручка по ДЗО/Фильтр ДЗО")): Object: 'Object Repository/Выручка по ДЗО/Фильтр ДЗО' is clicked on

11-03-2025T02:58:24 - [MESSAGE][PASSED] - Object: 'Object Repository/Выручка по ДЗО/Фильтр ДЗО' is clicked on

11-03-2025T02:58:24 - [TEST_STEP][PASSED] - click(findTestObject("Выручка по ДЗО/Снять выделение в фильтре ДЗО")): Object: 'Object Repository/Выручка по ДЗО/Снять выделение в фильтре ДЗО' is clicked on

11-03-2025T02:58:25 - [MESSAGE][PASSED] - Object: 'Object Repository/Выручка по ДЗО/Снять выделение в фильтре ДЗО' is clicked on

11-03-2025T02:58:25 - [TEST_STEP][PASSED] - scrollToElement(findTestObject("Общие объекты/Санкт-Петербург"), 30): Scroll to object 'Object Repository/Общие объекты/Санкт-Петербург' successfully

11-03-2025T02:58:25 - [MESSAGE][PASSED] - Scroll to object 'Object Repository/Общие объекты/Санкт-Петербург' successfully

11-03-2025T02:58:25 - [TEST_STEP][PASSED] - click(findTestObject("Общие объекты/Санкт-Петербург")): Object: 'Object Repository/Общие объекты/Санкт-Петербург' is clicked on

11-03-2025T02:58:25 - [MESSAGE][PASSED] - Object: 'Object Repository/Общие объекты/Санкт-Петербург' is clicked on

11-03-2025T02:58:25 - [TEST_STEP][PASSED] - Script1687405711779.Change(todaysDate): null

11-03-2025T02:58:25 - [TEST_STEP][PASSED] - scrollToElement(findTestObject("Выручка по ДЗО/Заголовок дашборда"), 30): Scroll to object 'Object Repository/Выручка по ДЗО/Заголовок дашборда' successfully

11-03-2025T02:58:26 - [MESSAGE][PASSED] - Scroll to object 'Object Repository/Выручка по ДЗО/Заголовок дашборда' successfully

11-03-2025T02:58:26 - [TEST_STEP][PASSED] - click(findTestObject("Выручка по ДЗО/Применить в фильтре ДЗО")): Object: 'Object Repository/Выручка по ДЗО/Применить в фильтре ДЗО' is clicked on

11-03-2025T02:58:26 - [MESSAGE][PASSED] - Object: 'Object Repository/Выручка по ДЗО/Применить в фильтре ДЗО' is clicked on

11-03-2025T02:58:26 - [TEST_STEP][PASSED] - Script1687405711779.Tumbler(todaysDate): null

11-03-2025T02:58:26 - [TEST_STEP][PASSED] - Script1687405711779.Test(todaysDate): null

11-03-2025T02:58:26 - [TEST_STEP][PASSED] - delay(10): Delayed 10 second(s)

11-03-2025T02:58:36 - [MESSAGE][PASSED] - Delayed 10 second(s)

11-03-2025T02:58:36 - [TEST_STEP][PASSED] - if (verifyTextNotPresent("нет данных", false) == true): null

11-03-2025T02:58:37 - [MESSAGE][PASSED] - Text 'нет данных' is not present on page

11-03-2025T02:58:37 - [TEST_STEP][PASSED] - if (verifyTextNotPresent("Ошибка запроса данных", false) == true): null

11-03-2025T02:58:37 - [MESSAGE][PASSED] - Text 'Ошибка запроса данных' is not present on page

11-03-2025T02:58:37 - [TEST_STEP][PASSED] - if (verifyTextNotPresent("Произошла ошибка при выполнении пользовательского кода", false) == true): null

11-03-2025T02:58:38 - [MESSAGE][PASSED] - Text 'Произошла ошибка при выполнении пользовательского кода' is not present on page

11-03-2025T02:58:38 - [TEST_STEP][PASSED] - if (verifyTextNotPresent("У виджета нет данных", false) == true): null

11-03-2025T02:58:38 - [MESSAGE][PASSED] - Text 'У виджета нет данных' is not present on page

11-03-2025T02:58:38 - [TEST_STEP][PASSED] - if (verifyTextNotPresent("У виджета нет данных", false) == true): Text 'У виджета нет данных' is not present on page

11-03-2025T02:58:39 - [MESSAGE][PASSED] - Text 'У виджета нет данных' is not present on page

11-03-2025T02:58:39 - [TEST_STEP][PASSED] - click(findTestObject("Выручка по ДЗО/Фильтр Выручка")): Object: 'Object Repository/Выручка по ДЗО/Фильтр Выручка' is clicked on

11-03-2025T02:58:39 - [MESSAGE][PASSED] - Object: 'Object Repository/Выручка по ДЗО/Фильтр Выручка' is clicked on

11-03-2025T02:58:39 - [TEST_STEP][PASSED] - click(findTestObject("Выручка по ДЗО/Внутренний оборот в фильтре Выручка")): Object: 'Object Repository/Выручка по ДЗО/Внутренний оборот в фильтре Выручка' is clicked on

11-03-2025T02:58:40 - [MESSAGE][PASSED] - Object: 'Object Repository/Выручка по ДЗО/Внутренний оборот в фильтре Выручка' is clicked on

11-03-2025T02:58:40 - [TEST_STEP][PASSED] - click(findTestObject("Выручка по ДЗО/Применить в фильтре Выручка")): Object: 'Object Repository/Выручка по ДЗО/Применить в фильтре Выручка' is clicked on

11-03-2025T02:58:40 - [MESSAGE][PASSED] - Object: 'Object Repository/Выручка по ДЗО/Применить в фильтре Выручка' is clicked on

11-03-2025T02:58:40 - [TEST_STEP][PASSED] - Script1687405711779.Test(todaysDate): null

11-03-2025T02:58:40 - [TEST_STEP][PASSED] - delay(10): Delayed 10 second(s)

11-03-2025T02:58:50 - [MESSAGE][PASSED] - Delayed 10 second(s)

11-03-2025T02:58:50 - [TEST_STEP][FAILED] - if (verifyTextNotPresent("нет данных", false) == true): Text 'нет данных' is present on page  (Root cause: com.kms.katalon.core.exception.StepFailedException: Text 'нет данных' is present on page 
	at com.kms.katalon.core.webui.keyword.internal.WebUIKeywordMain.stepFailed(WebUIKeywordMain.groovy:64)
	at com.kms.katalon.core.webui.keyword.builtin.VerifyTextNotPresentKeyword$_verifyTextNotPresent_closure1.doCall(VerifyTextNotPresentKeyword.groovy:77)
	at com.kms.katalon.core.webui.keyword.builtin.VerifyTextNotPresentKeyword$_verifyTextNotPresent_closure1.call(VerifyTextNotPresentKeyword.groovy)
	at com.kms.katalon.core.webui.keyword.internal.WebUIKeywordMain.runKeyword(WebUIKeywordMain.groovy:20)
	at com.kms.katalon.core.webui.keyword.builtin.VerifyTextNotPresentKeyword.verifyTextNotPresent(VerifyTextNotPresentKeyword.groovy:82)
	at com.kms.katalon.core.webui.keyword.builtin.VerifyTextNotPresentKeyword.execute(VerifyTextNotPresentKeyword.groovy:68)
	at com.kms.katalon.core.keyword.internal.KeywordExecutor.executeKeywordForPlatform(KeywordExecutor.groovy:74)
	at com.kms.katalon.core.webui.keyword.WebUiBuiltInKeywords.verifyTextNotPresent(WebUiBuiltInKeywords.groovy:1795)
	at Выручка по ДЗО отображение данных все филиалы.Test(Выручка по ДЗО отображение данных все филиалы:772)
	at Выручка по ДЗО отображение данных все филиалы.Tumbler(Выручка по ДЗО отображение данных все филиалы:726)
	at Выручка по ДЗО отображение данных все филиалы.Change(Выручка по ДЗО отображение данных все филиалы:760)
	at Выручка по ДЗО отображение данных все филиалы.DzoTest(Выручка по ДЗО отображение данных все филиалы:250)
	at Выручка по ДЗО отображение данных все филиалы.run(Выручка по ДЗО отображение данных все филиалы:122)
	at com.kms.katalon.core.main.ScriptEngine.run(ScriptEngine.java:194)
	at com.kms.katalon.core.main.ScriptEngine.runScriptAsRawText(ScriptEngine.java:119)
	at com.kms.katalon.core.main.TestCaseExecutor.runScript(TestCaseExecutor.java:448)
	at com.kms.katalon.core.main.TestCaseExecutor.doExecute(TestCaseExecutor.java:439)
	at com.kms.katalon.core.main.TestCaseExecutor.processExecutionPhase(TestCaseExecutor.java:418)
	at com.kms.katalon.core.main.TestCaseExecutor.accessMainPhase(TestCaseExecutor.java:410)
	at com.kms.katalon.core.main.TestCaseExecutor.execute(TestCaseExecutor.java:285)
	at com.kms.katalon.core.common.CommonExecutor.accessTestCaseMainPhase(CommonExecutor.java:65)
	at com.kms.katalon.core.main.TestSuiteExecutor.accessTestSuiteMainPhase(TestSuiteExecutor.java:150)
	at com.kms.katalon.core.main.TestSuiteExecutor.execute(TestSuiteExecutor.java:106)
	at com.kms.katalon.core.main.TestCaseMain.startTestSuite(TestCaseMain.java:180)
	at TempTestSuite1741649958618.run(TempTestSuite1741649958618.groovy:35)
	at java.base/jdk.internal.reflect.NativeMethodAccessorImpl.invoke0(Native Method)
	at java.base/jdk.internal.reflect.NativeMethodAccessorImpl.invoke(NativeMethodAccessorImpl.java:77)
	at java.base/jdk.internal.reflect.DelegatingMethodAccessorImpl.invoke(DelegatingMethodAccessorImpl.java:43)
)

11-03-2025T02:58:51 - [MESSAGE][FAILED] - Text 'нет данных' is present on page  (Root cause: com.kms.katalon.core.exception.StepFailedException: Text 'нет данных' is present on page 
	at com.kms.katalon.core.webui.keyword.internal.WebUIKeywordMain.stepFailed(WebUIKeywordMain.groovy:64)
	at com.kms.katalon.core.webui.keyword.builtin.VerifyTextNotPresentKeyword$_verifyTextNotPresent_closure1.doCall(VerifyTextNotPresentKeyword.groovy:77)
	at com.kms.katalon.core.webui.keyword.builtin.VerifyTextNotPresentKeyword$_verifyTextNotPresent_closure1.call(VerifyTextNotPresentKeyword.groovy)
	at com.kms.katalon.core.webui.keyword.internal.WebUIKeywordMain.runKeyword(WebUIKeywordMain.groovy:20)
	at com.kms.katalon.core.webui.keyword.builtin.VerifyTextNotPresentKeyword.verifyTextNotPresent(VerifyTextNotPresentKeyword.groovy:82)
	at com.kms.katalon.core.webui.keyword.builtin.VerifyTextNotPresentKeyword.execute(VerifyTextNotPresentKeyword.groovy:68)
	at com.kms.katalon.core.keyword.internal.KeywordExecutor.executeKeywordForPlatform(KeywordExecutor.groovy:74)
	at com.kms.katalon.core.webui.keyword.WebUiBuiltInKeywords.verifyTextNotPresent(WebUiBuiltInKeywords.groovy:1795)
	at Выручка по ДЗО отображение данных все филиалы.Test(Выручка по ДЗО отображение данных все филиалы:772)
	at Выручка по ДЗО отображение данных все филиалы.Tumbler(Выручка по ДЗО отображение данных все филиалы:726)
	at Выручка по ДЗО отображение данных все филиалы.Change(Выручка по ДЗО отображение данных все филиалы:760)
	at Выручка по ДЗО отображение данных все филиалы.DzoTest(Выручка по ДЗО отображение данных все филиалы:250)
	at Выручка по ДЗО отображение данных все филиалы.run(Выручка по ДЗО отображение данных все филиалы:122)
	at com.kms.katalon.core.main.ScriptEngine.run(ScriptEngine.java:194)
	at com.kms.katalon.core.main.ScriptEngine.runScriptAsRawText(ScriptEngine.java:119)
	at com.kms.katalon.core.main.TestCaseExecutor.runScript(TestCaseExecutor.java:448)
	at com.kms.katalon.core.main.TestCaseExecutor.doExecute(TestCaseExecutor.java:439)
	at com.kms.katalon.core.main.TestCaseExecutor.processExecutionPhase(TestCaseExecutor.java:418)
	at com.kms.katalon.core.main.TestCaseExecutor.accessMainPhase(TestCaseExecutor.java:410)
	at com.kms.katalon.core.main.TestCaseExecutor.execute(TestCaseExecutor.java:285)
	at com.kms.katalon.core.common.CommonExecutor.accessTestCaseMainPhase(CommonExecutor.java:65)
	at com.kms.katalon.core.main.TestSuiteExecutor.accessTestSuiteMainPhase(TestSuiteExecutor.java:150)
	at com.kms.katalon.core.main.TestSuiteExecutor.execute(TestSuiteExecutor.java:106)
	at com.kms.katalon.core.main.TestCaseMain.startTestSuite(TestCaseMain.java:180)
	at TempTestSuite1741649958618.run(TempTestSuite1741649958618.groovy:35)
	at java.base/jdk.internal.reflect.NativeMethodAccessorImpl.invoke0(Native Method)
	at java.base/jdk.internal.reflect.NativeMethodAccessorImpl.invoke(NativeMethodAccessorImpl.java:77)
	at java.base/jdk.internal.reflect.DelegatingMethodAccessorImpl.invoke(DelegatingMethodAccessorImpl.java:43)
)

11-03-2025T02:58:51 - [TEST_STEP][PASSED] - else: null

11-03-2025T02:58:51 - [TEST_STEP][PASSED] - Script1687405711779.WriteToExcel(todaysDate): null

11-03-2025T02:58:51 - [TEST_STEP][PASSED] - sheetName = "Sheet1": null

11-03-2025T02:58:51 - [TEST_STEP][PASSED] - data = findTestData("PlanFact"): null

11-03-2025T02:58:51 - [TEST_STEP][PASSED] - n = data.getRowNumbers() + 1: null

11-03-2025T02:58:51 - [TEST_STEP][PASSED] - dZO = getText(findTestObject("Выручка по ДЗО/Фильтр ДЗО")): Text of object 'Object Repository/Выручка по ДЗО/Фильтр ДЗО' is: 'ПАО Россети - РаспредКомплекс - Россети Ленэнерго (ГК) - г. Санкт-Петербург'

11-03-2025T02:58:51 - [MESSAGE][PASSED] - Text of object 'Object Repository/Выручка по ДЗО/Фильтр ДЗО' is: 'ПАО Россети - РаспредКомплекс - Россети Ленэнерго (ГК) - г. Санкт-Петербург'

11-03-2025T02:58:51 - [TEST_STEP][PASSED] - period = getText(findTestObject("Выручка по ДЗО/Фильтр Дата")): Text of object 'Object Repository/Выручка по ДЗО/Фильтр Дата' is: 'Январь 2025 года'

11-03-2025T02:58:51 - [MESSAGE][PASSED] - Text of object 'Object Repository/Выручка по ДЗО/Фильтр Дата' is: 'Январь 2025 года'

11-03-2025T02:58:51 - [TEST_STEP][PASSED] - viruchka = getText(findTestObject("Выручка по ДЗО/Фильтр Выручка")): Text of object 'Object Repository/Выручка по ДЗО/Фильтр Выручка' is: 'внутренний оборот'

11-03-2025T02:58:52 - [MESSAGE][PASSED] - Text of object 'Object Repository/Выручка по ДЗО/Фильтр Выручка' is: 'внутренний оборот'

11-03-2025T02:58:52 - [TEST_STEP][PASSED] - if (viruchka == "Выбрано: 2"): null

11-03-2025T02:58:52 - [TEST_STEP][PASSED] - if (viruchka == "Все"): null

11-03-2025T02:58:52 - [TEST_STEP][PASSED] - println(period): null

11-03-2025T02:58:52 - [TEST_STEP][PASSED] - dashboardName = "Выручка по ДЗО": null

11-03-2025T02:58:52 - [TEST_STEP][PASSED] - workbook01 = getWorkbook(excelFilePath): null

11-03-2025T02:58:52 - [TEST_STEP][PASSED] - sheet01 = getExcelSheet(workbook01, sheetName): null

11-03-2025T02:58:52 - [TEST_STEP][PASSED] - setValueToCellByIndex(sheet01, n, 0, dashboardName): null

11-03-2025T02:58:52 - [TEST_STEP][PASSED] - setValueToCellByIndex(sheet01, n, 1, dZO): null

11-03-2025T02:58:52 - [TEST_STEP][PASSED] - setValueToCellByIndex(sheet01, n, 2, period): null

11-03-2025T02:58:52 - [TEST_STEP][PASSED] - setValueToCellByIndex(sheet01, n, 3, viruchka): null

11-03-2025T02:58:52 - [TEST_STEP][PASSED] - setValueToCellByIndex(sheet01, n, 4, todaysDate): null

11-03-2025T02:58:52 - [TEST_STEP][PASSED] - n = n + 1: null

11-03-2025T02:58:52 - [TEST_STEP][PASSED] - saveWorkbook(excelFilePath, workbook01): null

11-03-2025T02:58:52 - [TEST_STEP][PASSED] - click(findTestObject("Выручка по ДЗО/Фильтр Выручка")): Object: 'Object Repository/Выручка по ДЗО/Фильтр Выручка' is clicked on

11-03-2025T02:58:52 - [MESSAGE][PASSED] - Object: 'Object Repository/Выручка по ДЗО/Фильтр Выручка' is clicked on

11-03-2025T02:58:52 - [TEST_STEP][PASSED] - click(findTestObject("Выручка по ДЗО/По передаче в фильтре Выручка")): Object: 'Object Repository/Выручка по ДЗО/По передаче в фильтре Выручка' is clicked on

11-03-2025T02:58:53 - [MESSAGE][PASSED] - Object: 'Object Repository/Выручка по ДЗО/По передаче в фильтре Выручка' is clicked on

11-03-2025T02:58:53 - [TEST_STEP][PASSED] - click(findTestObject("Выручка по ДЗО/Применить в фильтре Выручка")): Object: 'Object Repository/Выручка по ДЗО/Применить в фильтре Выручка' is clicked on

11-03-2025T02:58:53 - [MESSAGE][PASSED] - Object: 'Object Repository/Выручка по ДЗО/Применить в фильтре Выручка' is clicked on

11-03-2025T02:58:53 - [TEST_STEP][PASSED] - Script1687405711779.Test(todaysDate): null

11-03-2025T02:58:53 - [TEST_STEP][PASSED] - delay(10): Delayed 10 second(s)

11-03-2025T02:59:03 - [MESSAGE][PASSED] - Delayed 10 second(s)

11-03-2025T02:59:03 - [TEST_STEP][PASSED] - if (verifyTextNotPresent("нет данных", false) == true): null

11-03-2025T02:59:04 - [MESSAGE][PASSED] - Text 'нет данных' is not present on page

11-03-2025T02:59:04 - [TEST_STEP][PASSED] - if (verifyTextNotPresent("Ошибка запроса данных", false) == true): null

11-03-2025T02:59:04 - [MESSAGE][PASSED] - Text 'Ошибка запроса данных' is not present on page

11-03-2025T02:59:04 - [TEST_STEP][PASSED] - if (verifyTextNotPresent("Произошла ошибка при выполнении пользовательского кода", false) == true): null

11-03-2025T02:59:05 - [MESSAGE][PASSED] - Text 'Произошла ошибка при выполнении пользовательского кода' is not present on page

11-03-2025T02:59:05 - [TEST_STEP][PASSED] - if (verifyTextNotPresent("У виджета нет данных", false) == true): null

11-03-2025T02:59:05 - [MESSAGE][PASSED] - Text 'У виджета нет данных' is not present on page

11-03-2025T02:59:05 - [TEST_STEP][PASSED] - if (verifyTextNotPresent("У виджета нет данных", false) == true): Text 'У виджета нет данных' is not present on page

11-03-2025T02:59:06 - [MESSAGE][PASSED] - Text 'У виджета нет данных' is not present on page

11-03-2025T02:59:06 - [TEST_STEP][PASSED] - click(findTestObject("Выручка по ДЗО/Фильтр Выручка")): Object: 'Object Repository/Выручка по ДЗО/Фильтр Выручка' is clicked on

11-03-2025T02:59:06 - [MESSAGE][PASSED] - Object: 'Object Repository/Выручка по ДЗО/Фильтр Выручка' is clicked on

11-03-2025T02:59:06 - [TEST_STEP][PASSED] - click(findTestObject("Выручка по ДЗО/Снять выделение в фильтре Выручка")): Object: 'Object Repository/Выручка по ДЗО/Снять выделение в фильтре Выручка' is clicked on

11-03-2025T02:59:06 - [MESSAGE][PASSED] - Object: 'Object Repository/Выручка по ДЗО/Снять выделение в фильтре Выручка' is clicked on

11-03-2025T02:59:06 - [TEST_STEP][PASSED] - click(findTestObject("Выручка по ДЗО/По передаче в фильтре Выручка")): Object: 'Object Repository/Выручка по ДЗО/По передаче в фильтре Выручка' is clicked on

11-03-2025T02:59:07 - [MESSAGE][PASSED] - Object: 'Object Repository/Выручка по ДЗО/По передаче в фильтре Выручка' is clicked on

11-03-2025T02:59:07 - [TEST_STEP][PASSED] - click(findTestObject("Выручка по ДЗО/Применить в фильтре Выручка")): Object: 'Object Repository/Выручка по ДЗО/Применить в фильтре Выручка' is clicked on

11-03-2025T02:59:07 - [MESSAGE][PASSED] - Object: 'Object Repository/Выручка по ДЗО/Применить в фильтре Выручка' is clicked on

11-03-2025T02:59:07 - [TEST_STEP][PASSED] - Script1687405711779.Test(todaysDate): null

11-03-2025T02:59:07 - [TEST_STEP][PASSED] - delay(10): Delayed 10 second(s)

11-03-2025T02:59:17 - [MESSAGE][PASSED] - Delayed 10 second(s)

11-03-2025T02:59:17 - [TEST_STEP][PASSED] - if (verifyTextNotPresent("нет данных", false) == true): null

11-03-2025T02:59:18 - [MESSAGE][PASSED] - Text 'нет данных' is not present on page

11-03-2025T02:59:18 - [TEST_STEP][PASSED] - if (verifyTextNotPresent("Ошибка запроса данных", false) == true): null

11-03-2025T02:59:18 - [MESSAGE][PASSED] - Text 'Ошибка запроса данных' is not present on page

11-03-2025T02:59:18 - [TEST_STEP][PASSED] - if (verifyTextNotPresent("Произошла ошибка при выполнении пользовательского кода", false) == true): null

11-03-2025T02:59:19 - [MESSAGE][PASSED] - Text 'Произошла ошибка при выполнении пользовательского кода' is not present on page

11-03-2025T02:59:19 - [TEST_STEP][PASSED] - if (verifyTextNotPresent("У виджета нет данных", false) == true): null

11-03-2025T02:59:19 - [MESSAGE][PASSED] - Text 'У виджета нет данных' is not present on page

11-03-2025T02:59:19 - [TEST_STEP][PASSED] - if (verifyTextNotPresent("У виджета нет данных", false) == true): Text 'У виджета нет данных' is not present on page

11-03-2025T02:59:20 - [MESSAGE][PASSED] - Text 'У виджета нет данных' is not present on page

11-03-2025T02:59:20 - [TEST_STEP][PASSED] - click(findTestObject("Выручка по ДЗО/Фильтр Выручка")): Object: 'Object Repository/Выручка по ДЗО/Фильтр Выручка' is clicked on

11-03-2025T02:59:20 - [MESSAGE][PASSED] - Object: 'Object Repository/Выручка по ДЗО/Фильтр Выручка' is clicked on

11-03-2025T02:59:20 - [TEST_STEP][PASSED] - click(findTestObject("Выручка по ДЗО/Снять выделение в фильтре Выручка")): Object: 'Object Repository/Выручка по ДЗО/Снять выделение в фильтре Выручка' is clicked on

11-03-2025T02:59:21 - [MESSAGE][PASSED] - Object: 'Object Repository/Выручка по ДЗО/Снять выделение в фильтре Выручка' is clicked on

11-03-2025T02:59:21 - [TEST_STEP][PASSED] - click(findTestObject("Выручка по ДЗО/Применить в фильтре Выручка")): Object: 'Object Repository/Выручка по ДЗО/Применить в фильтре Выручка' is clicked on

11-03-2025T02:59:21 - [MESSAGE][PASSED] - Object: 'Object Repository/Выручка по ДЗО/Применить в фильтре Выручка' is clicked on

11-03-2025T02:59:21 - [TEST_STEP][PASSED] - click(findTestObject("Выручка по ДЗО/Фильтр ДЗО")): Object: 'Object Repository/Выручка по ДЗО/Фильтр ДЗО' is clicked on

11-03-2025T02:59:22 - [MESSAGE][PASSED] - Object: 'Object Repository/Выручка по ДЗО/Фильтр ДЗО' is clicked on

11-03-2025T02:59:22 - [TEST_STEP][PASSED] - click(findTestObject("Выручка по ДЗО/Снять выделение в фильтре ДЗО")): Object: 'Object Repository/Выручка по ДЗО/Снять выделение в фильтре ДЗО' is clicked on

11-03-2025T02:59:23 - [MESSAGE][PASSED] - Object: 'Object Repository/Выручка по ДЗО/Снять выделение в фильтре ДЗО' is clicked on

11-03-2025T02:59:23 - [TEST_STEP][PASSED] - scrollToElement(findTestObject("Выручка по ДЗО/Россети Московский регион Выручка по ДЗО"), 30): Scroll to object 'Object Repository/Выручка по ДЗО/Россети Московский регион Выручка по ДЗО' successfully

11-03-2025T02:59:23 - [MESSAGE][PASSED] - Scroll to object 'Object Repository/Выручка по ДЗО/Россети Московский регион Выручка по ДЗО' successfully

11-03-2025T02:59:23 - [TEST_STEP][PASSED] - click(findTestObject("Выручка по ДЗО/Россети Московский регион Выручка по ДЗО")): Object: 'Object Repository/Выручка по ДЗО/Россети Московский регион Выручка по ДЗО' is clicked on

11-03-2025T02:59:23 - [MESSAGE][PASSED] - Object: 'Object Repository/Выручка по ДЗО/Россети Московский регион Выручка по ДЗО' is clicked on

11-03-2025T02:59:23 - [TEST_STEP][PASSED] - scrollToElement(findTestObject("Выручка по ДЗО/Фильтр ДЗО"), 30): Scroll to object 'Object Repository/Выручка по ДЗО/Фильтр ДЗО' successfully

11-03-2025T02:59:24 - [MESSAGE][PASSED] - Scroll to object 'Object Repository/Выручка по ДЗО/Фильтр ДЗО' successfully

11-03-2025T02:59:24 - [TEST_STEP][PASSED] - Script1687405711779.Change(todaysDate): null

11-03-2025T02:59:24 - [TEST_STEP][PASSED] - scrollToElement(findTestObject("Выручка по ДЗО/Заголовок дашборда"), 30): Scroll to object 'Object Repository/Выручка по ДЗО/Заголовок дашборда' successfully

11-03-2025T02:59:24 - [MESSAGE][PASSED] - Scroll to object 'Object Repository/Выручка по ДЗО/Заголовок дашборда' successfully

11-03-2025T02:59:24 - [TEST_STEP][PASSED] - click(findTestObject("Выручка по ДЗО/Применить в фильтре ДЗО")): Object: 'Object Repository/Выручка по ДЗО/Применить в фильтре ДЗО' is clicked on

11-03-2025T02:59:25 - [MESSAGE][PASSED] - Object: 'Object Repository/Выручка по ДЗО/Применить в фильтре ДЗО' is clicked on

11-03-2025T02:59:25 - [TEST_STEP][PASSED] - Script1687405711779.Tumbler(todaysDate): null

11-03-2025T02:59:25 - [TEST_STEP][PASSED] - Script1687405711779.Test(todaysDate): null

11-03-2025T02:59:25 - [TEST_STEP][PASSED] - delay(10): Delayed 10 second(s)

11-03-2025T02:59:35 - [MESSAGE][PASSED] - Delayed 10 second(s)

11-03-2025T02:59:35 - [TEST_STEP][PASSED] - if (verifyTextNotPresent("нет данных", false) == true): null

11-03-2025T02:59:35 - [MESSAGE][PASSED] - Text 'нет данных' is not present on page

11-03-2025T02:59:35 - [TEST_STEP][PASSED] - if (verifyTextNotPresent("Ошибка запроса данных", false) == true): null

11-03-2025T02:59:36 - [MESSAGE][PASSED] - Text 'Ошибка запроса данных' is not present on page

11-03-2025T02:59:36 - [TEST_STEP][PASSED] - if (verifyTextNotPresent("Произошла ошибка при выполнении пользовательского кода", false) == true): null

11-03-2025T02:59:36 - [MESSAGE][PASSED] - Text 'Произошла ошибка при выполнении пользовательского кода' is not present on page

11-03-2025T02:59:36 - [TEST_STEP][PASSED] - if (verifyTextNotPresent("У виджета нет данных", false) == true): null

11-03-2025T02:59:37 - [MESSAGE][PASSED] - Text 'У виджета нет данных' is not present on page

11-03-2025T02:59:37 - [TEST_STEP][PASSED] - if (verifyTextNotPresent("У виджета нет данных", false) == true): Text 'У виджета нет данных' is not present on page

11-03-2025T02:59:37 - [MESSAGE][PASSED] - Text 'У виджета нет данных' is not present on page

11-03-2025T02:59:37 - [TEST_STEP][PASSED] - click(findTestObject("Выручка по ДЗО/Фильтр Выручка")): Object: 'Object Repository/Выручка по ДЗО/Фильтр Выручка' is clicked on

11-03-2025T02:59:37 - [MESSAGE][PASSED] - Object: 'Object Repository/Выручка по ДЗО/Фильтр Выручка' is clicked on

11-03-2025T02:59:37 - [TEST_STEP][PASSED] - click(findTestObject("Выручка по ДЗО/Внутренний оборот в фильтре Выручка")): Object: 'Object Repository/Выручка по ДЗО/Внутренний оборот в фильтре Выручка' is clicked on

11-03-2025T02:59:38 - [MESSAGE][PASSED] - Object: 'Object Repository/Выручка по ДЗО/Внутренний оборот в фильтре Выручка' is clicked on

11-03-2025T02:59:38 - [TEST_STEP][PASSED] - click(findTestObject("Выручка по ДЗО/Применить в фильтре Выручка")): Object: 'Object Repository/Выручка по ДЗО/Применить в фильтре Выручка' is clicked on

11-03-2025T02:59:38 - [MESSAGE][PASSED] - Object: 'Object Repository/Выручка по ДЗО/Применить в фильтре Выручка' is clicked on

11-03-2025T02:59:38 - [TEST_STEP][PASSED] - Script1687405711779.Test(todaysDate): null

11-03-2025T02:59:38 - [TEST_STEP][PASSED] - delay(10): Delayed 10 second(s)

11-03-2025T02:59:49 - [MESSAGE][PASSED] - Delayed 10 second(s)

11-03-2025T02:59:49 - [TEST_STEP][FAILED] - if (verifyTextNotPresent("нет данных", false) == true): Text 'нет данных' is present on page  (Root cause: com.kms.katalon.core.exception.StepFailedException: Text 'нет данных' is present on page 
	at com.kms.katalon.core.webui.keyword.internal.WebUIKeywordMain.stepFailed(WebUIKeywordMain.groovy:64)
	at com.kms.katalon.core.webui.keyword.builtin.VerifyTextNotPresentKeyword$_verifyTextNotPresent_closure1.doCall(VerifyTextNotPresentKeyword.groovy:77)
	at com.kms.katalon.core.webui.keyword.builtin.VerifyTextNotPresentKeyword$_verifyTextNotPresent_closure1.call(VerifyTextNotPresentKeyword.groovy)
	at com.kms.katalon.core.webui.keyword.internal.WebUIKeywordMain.runKeyword(WebUIKeywordMain.groovy:20)
	at com.kms.katalon.core.webui.keyword.builtin.VerifyTextNotPresentKeyword.verifyTextNotPresent(VerifyTextNotPresentKeyword.groovy:82)
	at com.kms.katalon.core.webui.keyword.builtin.VerifyTextNotPresentKeyword.execute(VerifyTextNotPresentKeyword.groovy:68)
	at com.kms.katalon.core.keyword.internal.KeywordExecutor.executeKeywordForPlatform(KeywordExecutor.groovy:74)
	at com.kms.katalon.core.webui.keyword.WebUiBuiltInKeywords.verifyTextNotPresent(WebUiBuiltInKeywords.groovy:1795)
	at Выручка по ДЗО отображение данных все филиалы.Test(Выручка по ДЗО отображение данных все филиалы:772)
	at Выручка по ДЗО отображение данных все филиалы.Tumbler(Выручка по ДЗО отображение данных все филиалы:726)
	at Выручка по ДЗО отображение данных все филиалы.Change(Выручка по ДЗО отображение данных все филиалы:760)
	at Выручка по ДЗО отображение данных все филиалы.DzoTest(Выручка по ДЗО отображение данных все филиалы:258)
	at Выручка по ДЗО отображение данных все филиалы.run(Выручка по ДЗО отображение данных все филиалы:122)
	at com.kms.katalon.core.main.ScriptEngine.run(ScriptEngine.java:194)
	at com.kms.katalon.core.main.ScriptEngine.runScriptAsRawText(ScriptEngine.java:119)
	at com.kms.katalon.core.main.TestCaseExecutor.runScript(TestCaseExecutor.java:448)
	at com.kms.katalon.core.main.TestCaseExecutor.doExecute(TestCaseExecutor.java:439)
	at com.kms.katalon.core.main.TestCaseExecutor.processExecutionPhase(TestCaseExecutor.java:418)
	at com.kms.katalon.core.main.TestCaseExecutor.accessMainPhase(TestCaseExecutor.java:410)
	at com.kms.katalon.core.main.TestCaseExecutor.execute(TestCaseExecutor.java:285)
	at com.kms.katalon.core.common.CommonExecutor.accessTestCaseMainPhase(CommonExecutor.java:65)
	at com.kms.katalon.core.main.TestSuiteExecutor.accessTestSuiteMainPhase(TestSuiteExecutor.java:150)
	at com.kms.katalon.core.main.TestSuiteExecutor.execute(TestSuiteExecutor.java:106)
	at com.kms.katalon.core.main.TestCaseMain.startTestSuite(TestCaseMain.java:180)
	at TempTestSuite1741649958618.run(TempTestSuite1741649958618.groovy:35)
	at java.base/jdk.internal.reflect.NativeMethodAccessorImpl.invoke0(Native Method)
	at java.base/jdk.internal.reflect.NativeMethodAccessorImpl.invoke(NativeMethodAccessorImpl.java:77)
	at java.base/jdk.internal.reflect.DelegatingMethodAccessorImpl.invoke(DelegatingMethodAccessorImpl.java:43)
)

11-03-2025T02:59:49 - [MESSAGE][FAILED] - Text 'нет данных' is present on page  (Root cause: com.kms.katalon.core.exception.StepFailedException: Text 'нет данных' is present on page 
	at com.kms.katalon.core.webui.keyword.internal.WebUIKeywordMain.stepFailed(WebUIKeywordMain.groovy:64)
	at com.kms.katalon.core.webui.keyword.builtin.VerifyTextNotPresentKeyword$_verifyTextNotPresent_closure1.doCall(VerifyTextNotPresentKeyword.groovy:77)
	at com.kms.katalon.core.webui.keyword.builtin.VerifyTextNotPresentKeyword$_verifyTextNotPresent_closure1.call(VerifyTextNotPresentKeyword.groovy)
	at com.kms.katalon.core.webui.keyword.internal.WebUIKeywordMain.runKeyword(WebUIKeywordMain.groovy:20)
	at com.kms.katalon.core.webui.keyword.builtin.VerifyTextNotPresentKeyword.verifyTextNotPresent(VerifyTextNotPresentKeyword.groovy:82)
	at com.kms.katalon.core.webui.keyword.builtin.VerifyTextNotPresentKeyword.execute(VerifyTextNotPresentKeyword.groovy:68)
	at com.kms.katalon.core.keyword.internal.KeywordExecutor.executeKeywordForPlatform(KeywordExecutor.groovy:74)
	at com.kms.katalon.core.webui.keyword.WebUiBuiltInKeywords.verifyTextNotPresent(WebUiBuiltInKeywords.groovy:1795)
	at Выручка по ДЗО отображение данных все филиалы.Test(Выручка по ДЗО отображение данных все филиалы:772)
	at Выручка по ДЗО отображение данных все филиалы.Tumbler(Выручка по ДЗО отображение данных все филиалы:726)
	at Выручка по ДЗО отображение данных все филиалы.Change(Выручка по ДЗО отображение данных все филиалы:760)
	at Выручка по ДЗО отображение данных все филиалы.DzoTest(Выручка по ДЗО отображение данных все филиалы:258)
	at Выручка по ДЗО отображение данных все филиалы.run(Выручка по ДЗО отображение данных все филиалы:122)
	at com.kms.katalon.core.main.ScriptEngine.run(ScriptEngine.java:194)
	at com.kms.katalon.core.main.ScriptEngine.runScriptAsRawText(ScriptEngine.java:119)
	at com.kms.katalon.core.main.TestCaseExecutor.runScript(TestCaseExecutor.java:448)
	at com.kms.katalon.core.main.TestCaseExecutor.doExecute(TestCaseExecutor.java:439)
	at com.kms.katalon.core.main.TestCaseExecutor.processExecutionPhase(TestCaseExecutor.java:418)
	at com.kms.katalon.core.main.TestCaseExecutor.accessMainPhase(TestCaseExecutor.java:410)
	at com.kms.katalon.core.main.TestCaseExecutor.execute(TestCaseExecutor.java:285)
	at com.kms.katalon.core.common.CommonExecutor.accessTestCaseMainPhase(CommonExecutor.java:65)
	at com.kms.katalon.core.main.TestSuiteExecutor.accessTestSuiteMainPhase(TestSuiteExecutor.java:150)
	at com.kms.katalon.core.main.TestSuiteExecutor.execute(TestSuiteExecutor.java:106)
	at com.kms.katalon.core.main.TestCaseMain.startTestSuite(TestCaseMain.java:180)
	at TempTestSuite1741649958618.run(TempTestSuite1741649958618.groovy:35)
	at java.base/jdk.internal.reflect.NativeMethodAccessorImpl.invoke0(Native Method)
	at java.base/jdk.internal.reflect.NativeMethodAccessorImpl.invoke(NativeMethodAccessorImpl.java:77)
	at java.base/jdk.internal.reflect.DelegatingMethodAccessorImpl.invoke(DelegatingMethodAccessorImpl.java:43)
)

11-03-2025T02:59:49 - [TEST_STEP][PASSED] - else: null

11-03-2025T02:59:49 - [TEST_STEP][PASSED] - Script1687405711779.WriteToExcel(todaysDate): null

11-03-2025T02:59:49 - [TEST_STEP][PASSED] - sheetName = "Sheet1": null

11-03-2025T02:59:49 - [TEST_STEP][PASSED] - data = findTestData("PlanFact"): null

11-03-2025T02:59:49 - [TEST_STEP][PASSED] - n = data.getRowNumbers() + 1: null

11-03-2025T02:59:49 - [TEST_STEP][PASSED] - dZO = getText(findTestObject("Выручка по ДЗО/Фильтр ДЗО")): Text of object 'Object Repository/Выручка по ДЗО/Фильтр ДЗО' is: 'ПАО Россети - РаспредКомплекс - Россети Московский регион'

11-03-2025T02:59:49 - [MESSAGE][PASSED] - Text of object 'Object Repository/Выручка по ДЗО/Фильтр ДЗО' is: 'ПАО Россети - РаспредКомплекс - Россети Московский регион'

11-03-2025T02:59:49 - [TEST_STEP][PASSED] - period = getText(findTestObject("Выручка по ДЗО/Фильтр Дата")): Text of object 'Object Repository/Выручка по ДЗО/Фильтр Дата' is: 'Январь 2025 года'

11-03-2025T02:59:50 - [MESSAGE][PASSED] - Text of object 'Object Repository/Выручка по ДЗО/Фильтр Дата' is: 'Январь 2025 года'

11-03-2025T02:59:50 - [TEST_STEP][PASSED] - viruchka = getText(findTestObject("Выручка по ДЗО/Фильтр Выручка")): Text of object 'Object Repository/Выручка по ДЗО/Фильтр Выручка' is: 'внутренний оборот'

11-03-2025T02:59:50 - [MESSAGE][PASSED] - Text of object 'Object Repository/Выручка по ДЗО/Фильтр Выручка' is: 'внутренний оборот'

11-03-2025T02:59:50 - [TEST_STEP][PASSED] - if (viruchka == "Выбрано: 2"): null

11-03-2025T02:59:50 - [TEST_STEP][PASSED] - if (viruchka == "Все"): null

11-03-2025T02:59:50 - [TEST_STEP][PASSED] - println(period): null

11-03-2025T02:59:50 - [TEST_STEP][PASSED] - dashboardName = "Выручка по ДЗО": null

11-03-2025T02:59:50 - [TEST_STEP][PASSED] - workbook01 = getWorkbook(excelFilePath): null

11-03-2025T02:59:50 - [TEST_STEP][PASSED] - sheet01 = getExcelSheet(workbook01, sheetName): null

11-03-2025T02:59:50 - [TEST_STEP][PASSED] - setValueToCellByIndex(sheet01, n, 0, dashboardName): null

11-03-2025T02:59:50 - [TEST_STEP][PASSED] - setValueToCellByIndex(sheet01, n, 1, dZO): null

11-03-2025T02:59:50 - [TEST_STEP][PASSED] - setValueToCellByIndex(sheet01, n, 2, period): null

11-03-2025T02:59:50 - [TEST_STEP][PASSED] - setValueToCellByIndex(sheet01, n, 3, viruchka): null

11-03-2025T02:59:50 - [TEST_STEP][PASSED] - setValueToCellByIndex(sheet01, n, 4, todaysDate): null

11-03-2025T02:59:50 - [TEST_STEP][PASSED] - n = n + 1: null

11-03-2025T02:59:50 - [TEST_STEP][PASSED] - saveWorkbook(excelFilePath, workbook01): null

11-03-2025T02:59:50 - [TEST_STEP][PASSED] - click(findTestObject("Выручка по ДЗО/Фильтр Выручка")): Object: 'Object Repository/Выручка по ДЗО/Фильтр Выручка' is clicked on

11-03-2025T02:59:50 - [MESSAGE][PASSED] - Object: 'Object Repository/Выручка по ДЗО/Фильтр Выручка' is clicked on

11-03-2025T02:59:50 - [TEST_STEP][PASSED] - click(findTestObject("Выручка по ДЗО/По передаче в фильтре Выручка")): Object: 'Object Repository/Выручка по ДЗО/По передаче в фильтре Выручка' is clicked on

11-03-2025T02:59:51 - [MESSAGE][PASSED] - Object: 'Object Repository/Выручка по ДЗО/По передаче в фильтре Выручка' is clicked on

11-03-2025T02:59:51 - [TEST_STEP][PASSED] - click(findTestObject("Выручка по ДЗО/Применить в фильтре Выручка")): Object: 'Object Repository/Выручка по ДЗО/Применить в фильтре Выручка' is clicked on

11-03-2025T02:59:52 - [MESSAGE][PASSED] - Object: 'Object Repository/Выручка по ДЗО/Применить в фильтре Выручка' is clicked on

11-03-2025T02:59:52 - [TEST_STEP][PASSED] - Script1687405711779.Test(todaysDate): null

11-03-2025T02:59:52 - [TEST_STEP][PASSED] - delay(10): Delayed 10 second(s)

11-03-2025T03:00:02 - [MESSAGE][PASSED] - Delayed 10 second(s)

11-03-2025T03:00:02 - [TEST_STEP][PASSED] - if (verifyTextNotPresent("нет данных", false) == true): null

11-03-2025T03:00:02 - [MESSAGE][PASSED] - Text 'нет данных' is not present on page

11-03-2025T03:00:02 - [TEST_STEP][PASSED] - if (verifyTextNotPresent("Ошибка запроса данных", false) == true): null

11-03-2025T03:00:03 - [MESSAGE][PASSED] - Text 'Ошибка запроса данных' is not present on page

11-03-2025T03:00:03 - [TEST_STEP][PASSED] - if (verifyTextNotPresent("Произошла ошибка при выполнении пользовательского кода", false) == true): null

11-03-2025T03:00:03 - [MESSAGE][PASSED] - Text 'Произошла ошибка при выполнении пользовательского кода' is not present on page

11-03-2025T03:00:03 - [TEST_STEP][PASSED] - if (verifyTextNotPresent("У виджета нет данных", false) == true): null

11-03-2025T03:00:03 - [MESSAGE][PASSED] - Text 'У виджета нет данных' is not present on page

11-03-2025T03:00:03 - [TEST_STEP][PASSED] - if (verifyTextNotPresent("У виджета нет данных", false) == true): Text 'У виджета нет данных' is not present on page

11-03-2025T03:00:04 - [MESSAGE][PASSED] - Text 'У виджета нет данных' is not present on page

11-03-2025T03:00:04 - [TEST_STEP][PASSED] - click(findTestObject("Выручка по ДЗО/Фильтр Выручка")): Object: 'Object Repository/Выручка по ДЗО/Фильтр Выручка' is clicked on

11-03-2025T03:00:04 - [MESSAGE][PASSED] - Object: 'Object Repository/Выручка по ДЗО/Фильтр Выручка' is clicked on

11-03-2025T03:00:04 - [TEST_STEP][PASSED] - click(findTestObject("Выручка по ДЗО/Снять выделение в фильтре Выручка")): Object: 'Object Repository/Выручка по ДЗО/Снять выделение в фильтре Выручка' is clicked on

11-03-2025T03:00:05 - [MESSAGE][PASSED] - Object: 'Object Repository/Выручка по ДЗО/Снять выделение в фильтре Выручка' is clicked on

11-03-2025T03:00:05 - [TEST_STEP][PASSED] - click(findTestObject("Выручка по ДЗО/По передаче в фильтре Выручка")): Object: 'Object Repository/Выручка по ДЗО/По передаче в фильтре Выручка' is clicked on

11-03-2025T03:00:05 - [MESSAGE][PASSED] - Object: 'Object Repository/Выручка по ДЗО/По передаче в фильтре Выручка' is clicked on

11-03-2025T03:00:05 - [TEST_STEP][PASSED] - click(findTestObject("Выручка по ДЗО/Применить в фильтре Выручка")): Object: 'Object Repository/Выручка по ДЗО/Применить в фильтре Выручка' is clicked on

11-03-2025T03:00:06 - [MESSAGE][PASSED] - Object: 'Object Repository/Выручка по ДЗО/Применить в фильтре Выручка' is clicked on

11-03-2025T03:00:06 - [TEST_STEP][PASSED] - Script1687405711779.Test(todaysDate): null

11-03-2025T03:00:06 - [TEST_STEP][PASSED] - delay(10): Delayed 10 second(s)

11-03-2025T03:00:16 - [MESSAGE][PASSED] - Delayed 10 second(s)

11-03-2025T03:00:16 - [TEST_STEP][PASSED] - if (verifyTextNotPresent("нет данных", false) == true): null

11-03-2025T03:00:16 - [MESSAGE][PASSED] - Text 'нет данных' is not present on page

11-03-2025T03:00:16 - [TEST_STEP][PASSED] - if (verifyTextNotPresent("Ошибка запроса данных", false) == true): null

11-03-2025T03:00:17 - [MESSAGE][PASSED] - Text 'Ошибка запроса данных' is not present on page

11-03-2025T03:00:17 - [TEST_STEP][PASSED] - if (verifyTextNotPresent("Произошла ошибка при выполнении пользовательского кода", false) == true): null

11-03-2025T03:00:17 - [MESSAGE][PASSED] - Text 'Произошла ошибка при выполнении пользовательского кода' is not present on page

11-03-2025T03:00:17 - [TEST_STEP][PASSED] - if (verifyTextNotPresent("У виджета нет данных", false) == true): null

11-03-2025T03:00:18 - [MESSAGE][PASSED] - Text 'У виджета нет данных' is not present on page

11-03-2025T03:00:18 - [TEST_STEP][PASSED] - if (verifyTextNotPresent("У виджета нет данных", false) == true): Text 'У виджета нет данных' is not present on page

11-03-2025T03:00:18 - [MESSAGE][PASSED] - Text 'У виджета нет данных' is not present on page

11-03-2025T03:00:18 - [TEST_STEP][PASSED] - click(findTestObject("Выручка по ДЗО/Фильтр Выручка")): Object: 'Object Repository/Выручка по ДЗО/Фильтр Выручка' is clicked on

11-03-2025T03:00:18 - [MESSAGE][PASSED] - Object: 'Object Repository/Выручка по ДЗО/Фильтр Выручка' is clicked on

11-03-2025T03:00:18 - [TEST_STEP][PASSED] - click(findTestObject("Выручка по ДЗО/Снять выделение в фильтре Выручка")): Object: 'Object Repository/Выручка по ДЗО/Снять выделение в фильтре Выручка' is clicked on

11-03-2025T03:00:19 - [MESSAGE][PASSED] - Object: 'Object Repository/Выручка по ДЗО/Снять выделение в фильтре Выручка' is clicked on

11-03-2025T03:00:19 - [TEST_STEP][PASSED] - click(findTestObject("Выручка по ДЗО/Применить в фильтре Выручка")): Object: 'Object Repository/Выручка по ДЗО/Применить в фильтре Выручка' is clicked on

11-03-2025T03:00:19 - [MESSAGE][PASSED] - Object: 'Object Repository/Выручка по ДЗО/Применить в фильтре Выручка' is clicked on

11-03-2025T03:00:19 - [TEST_STEP][PASSED] - click(findTestObject("Выручка по ДЗО/Фильтр ДЗО")): Object: 'Object Repository/Выручка по ДЗО/Фильтр ДЗО' is clicked on

11-03-2025T03:00:20 - [MESSAGE][PASSED] - Object: 'Object Repository/Выручка по ДЗО/Фильтр ДЗО' is clicked on

11-03-2025T03:00:20 - [TEST_STEP][PASSED] - click(findTestObject("Выручка по ДЗО/Снять выделение в фильтре ДЗО")): Object: 'Object Repository/Выручка по ДЗО/Снять выделение в фильтре ДЗО' is clicked on

11-03-2025T03:00:21 - [MESSAGE][PASSED] - Object: 'Object Repository/Выручка по ДЗО/Снять выделение в фильтре ДЗО' is clicked on

11-03-2025T03:00:21 - [TEST_STEP][PASSED] - scrollToElement(findTestObject("Общие объекты/Раскрыть список Россети Московский регион"), 30): Scroll to object 'Object Repository/Общие объекты/Раскрыть список Россети Московский регион' successfully

11-03-2025T03:00:21 - [MESSAGE][PASSED] - Scroll to object 'Object Repository/Общие объекты/Раскрыть список Россети Московский регион' successfully

11-03-2025T03:00:21 - [TEST_STEP][PASSED] - click(findTestObject("Общие объекты/Раскрыть список Россети Московский регион")): Object: 'Object Repository/Общие объекты/Раскрыть список Россети Московский регион' is clicked on

11-03-2025T03:00:22 - [MESSAGE][PASSED] - Object: 'Object Repository/Общие объекты/Раскрыть список Россети Московский регион' is clicked on

11-03-2025T03:00:22 - [TEST_STEP][PASSED] - scrollToElement(findTestObject("Общие объекты/Московская область"), 30): Scroll to object 'Object Repository/Общие объекты/Московская область' successfully

11-03-2025T03:00:22 - [MESSAGE][PASSED] - Scroll to object 'Object Repository/Общие объекты/Московская область' successfully

11-03-2025T03:00:22 - [TEST_STEP][PASSED] - click(findTestObject("Общие объекты/Московская область")): Object: 'Object Repository/Общие объекты/Московская область' is clicked on

11-03-2025T03:00:22 - [MESSAGE][PASSED] - Object: 'Object Repository/Общие объекты/Московская область' is clicked on

11-03-2025T03:00:22 - [TEST_STEP][PASSED] - Script1687405711779.Change(todaysDate): null

11-03-2025T03:00:22 - [TEST_STEP][PASSED] - scrollToElement(findTestObject("Выручка по ДЗО/Заголовок дашборда"), 30): Scroll to object 'Object Repository/Выручка по ДЗО/Заголовок дашборда' successfully

11-03-2025T03:00:23 - [MESSAGE][PASSED] - Scroll to object 'Object Repository/Выручка по ДЗО/Заголовок дашборда' successfully

11-03-2025T03:00:23 - [TEST_STEP][PASSED] - click(findTestObject("Выручка по ДЗО/Применить в фильтре ДЗО")): Object: 'Object Repository/Выручка по ДЗО/Применить в фильтре ДЗО' is clicked on

11-03-2025T03:00:23 - [MESSAGE][PASSED] - Object: 'Object Repository/Выручка по ДЗО/Применить в фильтре ДЗО' is clicked on

11-03-2025T03:00:23 - [TEST_STEP][PASSED] - Script1687405711779.Tumbler(todaysDate): null

11-03-2025T03:00:23 - [TEST_STEP][PASSED] - Script1687405711779.Test(todaysDate): null

11-03-2025T03:00:23 - [TEST_STEP][PASSED] - delay(10): Delayed 10 second(s)

11-03-2025T03:00:33 - [MESSAGE][PASSED] - Delayed 10 second(s)

11-03-2025T03:00:33 - [TEST_STEP][PASSED] - if (verifyTextNotPresent("нет данных", false) == true): null

11-03-2025T03:00:34 - [MESSAGE][PASSED] - Text 'нет данных' is not present on page

11-03-2025T03:00:34 - [TEST_STEP][PASSED] - if (verifyTextNotPresent("Ошибка запроса данных", false) == true): null

11-03-2025T03:00:34 - [MESSAGE][PASSED] - Text 'Ошибка запроса данных' is not present on page

11-03-2025T03:00:34 - [TEST_STEP][PASSED] - if (verifyTextNotPresent("Произошла ошибка при выполнении пользовательского кода", false) == true): null

11-03-2025T03:00:35 - [MESSAGE][PASSED] - Text 'Произошла ошибка при выполнении пользовательского кода' is not present on page

11-03-2025T03:00:35 - [TEST_STEP][PASSED] - if (verifyTextNotPresent("У виджета нет данных", false) == true): null

11-03-2025T03:00:35 - [MESSAGE][PASSED] - Text 'У виджета нет данных' is not present on page

11-03-2025T03:00:35 - [TEST_STEP][PASSED] - if (verifyTextNotPresent("У виджета нет данных", false) == true): Text 'У виджета нет данных' is not present on page

11-03-2025T03:00:35 - [MESSAGE][PASSED] - Text 'У виджета нет данных' is not present on page

11-03-2025T03:00:35 - [TEST_STEP][PASSED] - click(findTestObject("Выручка по ДЗО/Фильтр Выручка")): Object: 'Object Repository/Выручка по ДЗО/Фильтр Выручка' is clicked on

11-03-2025T03:00:36 - [MESSAGE][PASSED] - Object: 'Object Repository/Выручка по ДЗО/Фильтр Выручка' is clicked on

11-03-2025T03:00:36 - [TEST_STEP][PASSED] - click(findTestObject("Выручка по ДЗО/Внутренний оборот в фильтре Выручка")): Object: 'Object Repository/Выручка по ДЗО/Внутренний оборот в фильтре Выручка' is clicked on

11-03-2025T03:00:36 - [MESSAGE][PASSED] - Object: 'Object Repository/Выручка по ДЗО/Внутренний оборот в фильтре Выручка' is clicked on

11-03-2025T03:00:36 - [TEST_STEP][PASSED] - click(findTestObject("Выручка по ДЗО/Применить в фильтре Выручка")): Object: 'Object Repository/Выручка по ДЗО/Применить в фильтре Выручка' is clicked on

11-03-2025T03:00:37 - [MESSAGE][PASSED] - Object: 'Object Repository/Выручка по ДЗО/Применить в фильтре Выручка' is clicked on

11-03-2025T03:00:37 - [TEST_STEP][PASSED] - Script1687405711779.Test(todaysDate): null

11-03-2025T03:00:37 - [TEST_STEP][PASSED] - delay(10): Delayed 10 second(s)

11-03-2025T03:00:47 - [MESSAGE][PASSED] - Delayed 10 second(s)

11-03-2025T03:00:47 - [TEST_STEP][FAILED] - if (verifyTextNotPresent("нет данных", false) == true): Text 'нет данных' is present on page  (Root cause: com.kms.katalon.core.exception.StepFailedException: Text 'нет данных' is present on page 
	at com.kms.katalon.core.webui.keyword.internal.WebUIKeywordMain.stepFailed(WebUIKeywordMain.groovy:64)
	at com.kms.katalon.core.webui.keyword.builtin.VerifyTextNotPresentKeyword$_verifyTextNotPresent_closure1.doCall(VerifyTextNotPresentKeyword.groovy:77)
	at com.kms.katalon.core.webui.keyword.builtin.VerifyTextNotPresentKeyword$_verifyTextNotPresent_closure1.call(VerifyTextNotPresentKeyword.groovy)
	at com.kms.katalon.core.webui.keyword.internal.WebUIKeywordMain.runKeyword(WebUIKeywordMain.groovy:20)
	at com.kms.katalon.core.webui.keyword.builtin.VerifyTextNotPresentKeyword.verifyTextNotPresent(VerifyTextNotPresentKeyword.groovy:82)
	at com.kms.katalon.core.webui.keyword.builtin.VerifyTextNotPresentKeyword.execute(VerifyTextNotPresentKeyword.groovy:68)
	at com.kms.katalon.core.keyword.internal.KeywordExecutor.executeKeywordForPlatform(KeywordExecutor.groovy:74)
	at com.kms.katalon.core.webui.keyword.WebUiBuiltInKeywords.verifyTextNotPresent(WebUiBuiltInKeywords.groovy:1795)
	at Выручка по ДЗО отображение данных все филиалы.Test(Выручка по ДЗО отображение данных все филиалы:772)
	at Выручка по ДЗО отображение данных все филиалы.Tumbler(Выручка по ДЗО отображение данных все филиалы:726)
	at Выручка по ДЗО отображение данных все филиалы.Change(Выручка по ДЗО отображение данных все филиалы:760)
	at Выручка по ДЗО отображение данных все филиалы.DzoTest(Выручка по ДЗО отображение данных все филиалы:268)
	at Выручка по ДЗО отображение данных все филиалы.run(Выручка по ДЗО отображение данных все филиалы:122)
	at com.kms.katalon.core.main.ScriptEngine.run(ScriptEngine.java:194)
	at com.kms.katalon.core.main.ScriptEngine.runScriptAsRawText(ScriptEngine.java:119)
	at com.kms.katalon.core.main.TestCaseExecutor.runScript(TestCaseExecutor.java:448)
	at com.kms.katalon.core.main.TestCaseExecutor.doExecute(TestCaseExecutor.java:439)
	at com.kms.katalon.core.main.TestCaseExecutor.processExecutionPhase(TestCaseExecutor.java:418)
	at com.kms.katalon.core.main.TestCaseExecutor.accessMainPhase(TestCaseExecutor.java:410)
	at com.kms.katalon.core.main.TestCaseExecutor.execute(TestCaseExecutor.java:285)
	at com.kms.katalon.core.common.CommonExecutor.accessTestCaseMainPhase(CommonExecutor.java:65)
	at com.kms.katalon.core.main.TestSuiteExecutor.accessTestSuiteMainPhase(TestSuiteExecutor.java:150)
	at com.kms.katalon.core.main.TestSuiteExecutor.execute(TestSuiteExecutor.java:106)
	at com.kms.katalon.core.main.TestCaseMain.startTestSuite(TestCaseMain.java:180)
	at TempTestSuite1741649958618.run(TempTestSuite1741649958618.groovy:35)
	at java.base/jdk.internal.reflect.NativeMethodAccessorImpl.invoke0(Native Method)
	at java.base/jdk.internal.reflect.NativeMethodAccessorImpl.invoke(NativeMethodAccessorImpl.java:77)
	at java.base/jdk.internal.reflect.DelegatingMethodAccessorImpl.invoke(DelegatingMethodAccessorImpl.java:43)
)

11-03-2025T03:00:47 - [MESSAGE][FAILED] - Text 'нет данных' is present on page  (Root cause: com.kms.katalon.core.exception.StepFailedException: Text 'нет данных' is present on page 
	at com.kms.katalon.core.webui.keyword.internal.WebUIKeywordMain.stepFailed(WebUIKeywordMain.groovy:64)
	at com.kms.katalon.core.webui.keyword.builtin.VerifyTextNotPresentKeyword$_verifyTextNotPresent_closure1.doCall(VerifyTextNotPresentKeyword.groovy:77)
	at com.kms.katalon.core.webui.keyword.builtin.VerifyTextNotPresentKeyword$_verifyTextNotPresent_closure1.call(VerifyTextNotPresentKeyword.groovy)
	at com.kms.katalon.core.webui.keyword.internal.WebUIKeywordMain.runKeyword(WebUIKeywordMain.groovy:20)
	at com.kms.katalon.core.webui.keyword.builtin.VerifyTextNotPresentKeyword.verifyTextNotPresent(VerifyTextNotPresentKeyword.groovy:82)
	at com.kms.katalon.core.webui.keyword.builtin.VerifyTextNotPresentKeyword.execute(VerifyTextNotPresentKeyword.groovy:68)
	at com.kms.katalon.core.keyword.internal.KeywordExecutor.executeKeywordForPlatform(KeywordExecutor.groovy:74)
	at com.kms.katalon.core.webui.keyword.WebUiBuiltInKeywords.verifyTextNotPresent(WebUiBuiltInKeywords.groovy:1795)
	at Выручка по ДЗО отображение данных все филиалы.Test(Выручка по ДЗО отображение данных все филиалы:772)
	at Выручка по ДЗО отображение данных все филиалы.Tumbler(Выручка по ДЗО отображение данных все филиалы:726)
	at Выручка по ДЗО отображение данных все филиалы.Change(Выручка по ДЗО отображение данных все филиалы:760)
	at Выручка по ДЗО отображение данных все филиалы.DzoTest(Выручка по ДЗО отображение данных все филиалы:268)
	at Выручка по ДЗО отображение данных все филиалы.run(Выручка по ДЗО отображение данных все филиалы:122)
	at com.kms.katalon.core.main.ScriptEngine.run(ScriptEngine.java:194)
	at com.kms.katalon.core.main.ScriptEngine.runScriptAsRawText(ScriptEngine.java:119)
	at com.kms.katalon.core.main.TestCaseExecutor.runScript(TestCaseExecutor.java:448)
	at com.kms.katalon.core.main.TestCaseExecutor.doExecute(TestCaseExecutor.java:439)
	at com.kms.katalon.core.main.TestCaseExecutor.processExecutionPhase(TestCaseExecutor.java:418)
	at com.kms.katalon.core.main.TestCaseExecutor.accessMainPhase(TestCaseExecutor.java:410)
	at com.kms.katalon.core.main.TestCaseExecutor.execute(TestCaseExecutor.java:285)
	at com.kms.katalon.core.common.CommonExecutor.accessTestCaseMainPhase(CommonExecutor.java:65)
	at com.kms.katalon.core.main.TestSuiteExecutor.accessTestSuiteMainPhase(TestSuiteExecutor.java:150)
	at com.kms.katalon.core.main.TestSuiteExecutor.execute(TestSuiteExecutor.java:106)
	at com.kms.katalon.core.main.TestCaseMain.startTestSuite(TestCaseMain.java:180)
	at TempTestSuite1741649958618.run(TempTestSuite1741649958618.groovy:35)
	at java.base/jdk.internal.reflect.NativeMethodAccessorImpl.invoke0(Native Method)
	at java.base/jdk.internal.reflect.NativeMethodAccessorImpl.invoke(NativeMethodAccessorImpl.java:77)
	at java.base/jdk.internal.reflect.DelegatingMethodAccessorImpl.invoke(DelegatingMethodAccessorImpl.java:43)
)

11-03-2025T03:00:47 - [TEST_STEP][PASSED] - else: null

11-03-2025T03:00:47 - [TEST_STEP][PASSED] - Script1687405711779.WriteToExcel(todaysDate): null

11-03-2025T03:00:47 - [TEST_STEP][PASSED] - sheetName = "Sheet1": null

11-03-2025T03:00:47 - [TEST_STEP][PASSED] - data = findTestData("PlanFact"): null

11-03-2025T03:00:47 - [TEST_STEP][PASSED] - n = data.getRowNumbers() + 1: null

11-03-2025T03:00:47 - [TEST_STEP][PASSED] - dZO = getText(findTestObject("Выручка по ДЗО/Фильтр ДЗО")): Text of object 'Object Repository/Выручка по ДЗО/Фильтр ДЗО' is: 'ПАО Россети - РаспредКомплекс - Россети Московский регион - Московская область'

11-03-2025T03:00:48 - [MESSAGE][PASSED] - Text of object 'Object Repository/Выручка по ДЗО/Фильтр ДЗО' is: 'ПАО Россети - РаспредКомплекс - Россети Московский регион - Московская область'

11-03-2025T03:00:48 - [TEST_STEP][PASSED] - period = getText(findTestObject("Выручка по ДЗО/Фильтр Дата")): Text of object 'Object Repository/Выручка по ДЗО/Фильтр Дата' is: 'Январь 2025 года'

11-03-2025T03:00:48 - [MESSAGE][PASSED] - Text of object 'Object Repository/Выручка по ДЗО/Фильтр Дата' is: 'Январь 2025 года'

11-03-2025T03:00:48 - [TEST_STEP][PASSED] - viruchka = getText(findTestObject("Выручка по ДЗО/Фильтр Выручка")): Text of object 'Object Repository/Выручка по ДЗО/Фильтр Выручка' is: 'внутренний оборот'

11-03-2025T03:00:48 - [MESSAGE][PASSED] - Text of object 'Object Repository/Выручка по ДЗО/Фильтр Выручка' is: 'внутренний оборот'

11-03-2025T03:00:48 - [TEST_STEP][PASSED] - if (viruchka == "Выбрано: 2"): null

11-03-2025T03:00:48 - [TEST_STEP][PASSED] - if (viruchka == "Все"): null

11-03-2025T03:00:48 - [TEST_STEP][PASSED] - println(period): null

11-03-2025T03:00:48 - [TEST_STEP][PASSED] - dashboardName = "Выручка по ДЗО": null

11-03-2025T03:00:48 - [TEST_STEP][PASSED] - workbook01 = getWorkbook(excelFilePath): null

11-03-2025T03:00:48 - [TEST_STEP][PASSED] - sheet01 = getExcelSheet(workbook01, sheetName): null

11-03-2025T03:00:48 - [TEST_STEP][PASSED] - setValueToCellByIndex(sheet01, n, 0, dashboardName): null

11-03-2025T03:00:48 - [TEST_STEP][PASSED] - setValueToCellByIndex(sheet01, n, 1, dZO): null

11-03-2025T03:00:48 - [TEST_STEP][PASSED] - setValueToCellByIndex(sheet01, n, 2, period): null

11-03-2025T03:00:48 - [TEST_STEP][PASSED] - setValueToCellByIndex(sheet01, n, 3, viruchka): null

11-03-2025T03:00:48 - [TEST_STEP][PASSED] - setValueToCellByIndex(sheet01, n, 4, todaysDate): null

11-03-2025T03:00:48 - [TEST_STEP][PASSED] - n = n + 1: null

11-03-2025T03:00:48 - [TEST_STEP][PASSED] - saveWorkbook(excelFilePath, workbook01): null

11-03-2025T03:00:49 - [TEST_STEP][PASSED] - click(findTestObject("Выручка по ДЗО/Фильтр Выручка")): Object: 'Object Repository/Выручка по ДЗО/Фильтр Выручка' is clicked on

11-03-2025T03:00:49 - [MESSAGE][PASSED] - Object: 'Object Repository/Выручка по ДЗО/Фильтр Выручка' is clicked on

11-03-2025T03:00:49 - [TEST_STEP][PASSED] - click(findTestObject("Выручка по ДЗО/По передаче в фильтре Выручка")): Object: 'Object Repository/Выручка по ДЗО/По передаче в фильтре Выручка' is clicked on

11-03-2025T03:00:49 - [MESSAGE][PASSED] - Object: 'Object Repository/Выручка по ДЗО/По передаче в фильтре Выручка' is clicked on

11-03-2025T03:00:49 - [TEST_STEP][PASSED] - click(findTestObject("Выручка по ДЗО/Применить в фильтре Выручка")): Object: 'Object Repository/Выручка по ДЗО/Применить в фильтре Выручка' is clicked on

11-03-2025T03:00:50 - [MESSAGE][PASSED] - Object: 'Object Repository/Выручка по ДЗО/Применить в фильтре Выручка' is clicked on

11-03-2025T03:00:50 - [TEST_STEP][PASSED] - Script1687405711779.Test(todaysDate): null

11-03-2025T03:00:50 - [TEST_STEP][PASSED] - delay(10): Delayed 10 second(s)

11-03-2025T03:01:00 - [MESSAGE][PASSED] - Delayed 10 second(s)

11-03-2025T03:01:00 - [TEST_STEP][PASSED] - if (verifyTextNotPresent("нет данных", false) == true): null

11-03-2025T03:01:01 - [MESSAGE][PASSED] - Text 'нет данных' is not present on page

11-03-2025T03:01:01 - [TEST_STEP][PASSED] - if (verifyTextNotPresent("Ошибка запроса данных", false) == true): null

11-03-2025T03:01:01 - [MESSAGE][PASSED] - Text 'Ошибка запроса данных' is not present on page

11-03-2025T03:01:01 - [TEST_STEP][PASSED] - if (verifyTextNotPresent("Произошла ошибка при выполнении пользовательского кода", false) == true): null

11-03-2025T03:01:01 - [MESSAGE][PASSED] - Text 'Произошла ошибка при выполнении пользовательского кода' is not present on page

11-03-2025T03:01:01 - [TEST_STEP][PASSED] - if (verifyTextNotPresent("У виджета нет данных", false) == true): null

11-03-2025T03:01:02 - [MESSAGE][PASSED] - Text 'У виджета нет данных' is not present on page

11-03-2025T03:01:02 - [TEST_STEP][PASSED] - if (verifyTextNotPresent("У виджета нет данных", false) == true): Text 'У виджета нет данных' is not present on page

11-03-2025T03:01:02 - [MESSAGE][PASSED] - Text 'У виджета нет данных' is not present on page

11-03-2025T03:01:02 - [TEST_STEP][PASSED] - click(findTestObject("Выручка по ДЗО/Фильтр Выручка")): Object: 'Object Repository/Выручка по ДЗО/Фильтр Выручка' is clicked on

11-03-2025T03:01:03 - [MESSAGE][PASSED] - Object: 'Object Repository/Выручка по ДЗО/Фильтр Выручка' is clicked on

11-03-2025T03:01:03 - [TEST_STEP][PASSED] - click(findTestObject("Выручка по ДЗО/Снять выделение в фильтре Выручка")): Object: 'Object Repository/Выручка по ДЗО/Снять выделение в фильтре Выручка' is clicked on

11-03-2025T03:01:03 - [MESSAGE][PASSED] - Object: 'Object Repository/Выручка по ДЗО/Снять выделение в фильтре Выручка' is clicked on

11-03-2025T03:01:03 - [TEST_STEP][PASSED] - click(findTestObject("Выручка по ДЗО/По передаче в фильтре Выручка")): Object: 'Object Repository/Выручка по ДЗО/По передаче в фильтре Выручка' is clicked on

11-03-2025T03:01:03 - [MESSAGE][PASSED] - Object: 'Object Repository/Выручка по ДЗО/По передаче в фильтре Выручка' is clicked on

11-03-2025T03:01:03 - [TEST_STEP][PASSED] - click(findTestObject("Выручка по ДЗО/Применить в фильтре Выручка")): Object: 'Object Repository/Выручка по ДЗО/Применить в фильтре Выручка' is clicked on

11-03-2025T03:01:04 - [MESSAGE][PASSED] - Object: 'Object Repository/Выручка по ДЗО/Применить в фильтре Выручка' is clicked on

11-03-2025T03:01:04 - [TEST_STEP][PASSED] - Script1687405711779.Test(todaysDate): null

11-03-2025T03:01:04 - [TEST_STEP][PASSED] - delay(10): Delayed 10 second(s)

11-03-2025T03:01:14 - [MESSAGE][PASSED] - Delayed 10 second(s)

11-03-2025T03:01:14 - [TEST_STEP][PASSED] - if (verifyTextNotPresent("нет данных", false) == true): null

11-03-2025T03:01:15 - [MESSAGE][PASSED] - Text 'нет данных' is not present on page

11-03-2025T03:01:15 - [TEST_STEP][PASSED] - if (verifyTextNotPresent("Ошибка запроса данных", false) == true): null

11-03-2025T03:01:15 - [MESSAGE][PASSED] - Text 'Ошибка запроса данных' is not present on page

11-03-2025T03:01:15 - [TEST_STEP][PASSED] - if (verifyTextNotPresent("Произошла ошибка при выполнении пользовательского кода", false) == true): null

11-03-2025T03:01:15 - [MESSAGE][PASSED] - Text 'Произошла ошибка при выполнении пользовательского кода' is not present on page

11-03-2025T03:01:15 - [TEST_STEP][PASSED] - if (verifyTextNotPresent("У виджета нет данных", false) == true): null

11-03-2025T03:01:16 - [MESSAGE][PASSED] - Text 'У виджета нет данных' is not present on page

11-03-2025T03:01:16 - [TEST_STEP][PASSED] - if (verifyTextNotPresent("У виджета нет данных", false) == true): Text 'У виджета нет данных' is not present on page

11-03-2025T03:01:16 - [MESSAGE][PASSED] - Text 'У виджета нет данных' is not present on page

11-03-2025T03:01:16 - [TEST_STEP][PASSED] - click(findTestObject("Выручка по ДЗО/Фильтр Выручка")): Object: 'Object Repository/Выручка по ДЗО/Фильтр Выручка' is clicked on

11-03-2025T03:01:17 - [MESSAGE][PASSED] - Object: 'Object Repository/Выручка по ДЗО/Фильтр Выручка' is clicked on

11-03-2025T03:01:17 - [TEST_STEP][PASSED] - click(findTestObject("Выручка по ДЗО/Снять выделение в фильтре Выручка")): Object: 'Object Repository/Выручка по ДЗО/Снять выделение в фильтре Выручка' is clicked on

11-03-2025T03:01:17 - [MESSAGE][PASSED] - Object: 'Object Repository/Выручка по ДЗО/Снять выделение в фильтре Выручка' is clicked on

11-03-2025T03:01:17 - [TEST_STEP][PASSED] - click(findTestObject("Выручка по ДЗО/Применить в фильтре Выручка")): Object: 'Object Repository/Выручка по ДЗО/Применить в фильтре Выручка' is clicked on

11-03-2025T03:01:18 - [MESSAGE][PASSED] - Object: 'Object Repository/Выручка по ДЗО/Применить в фильтре Выручка' is clicked on

11-03-2025T03:01:18 - [TEST_STEP][PASSED] - click(findTestObject("Выручка по ДЗО/Фильтр ДЗО")): Object: 'Object Repository/Выручка по ДЗО/Фильтр ДЗО' is clicked on

11-03-2025T03:01:19 - [MESSAGE][PASSED] - Object: 'Object Repository/Выручка по ДЗО/Фильтр ДЗО' is clicked on

11-03-2025T03:01:19 - [TEST_STEP][PASSED] - click(findTestObject("Выручка по ДЗО/Снять выделение в фильтре ДЗО")): Object: 'Object Repository/Выручка по ДЗО/Снять выделение в фильтре ДЗО' is clicked on

11-03-2025T03:01:19 - [MESSAGE][PASSED] - Object: 'Object Repository/Выручка по ДЗО/Снять выделение в фильтре ДЗО' is clicked on

11-03-2025T03:01:19 - [TEST_STEP][PASSED] - scrollToElement(findTestObject("Общие объекты/Москва"), 30): Scroll to object 'Object Repository/Общие объекты/Москва' successfully

11-03-2025T03:01:19 - [MESSAGE][PASSED] - Scroll to object 'Object Repository/Общие объекты/Москва' successfully

11-03-2025T03:01:19 - [TEST_STEP][PASSED] - click(findTestObject("Общие объекты/Москва")): Object: 'Object Repository/Общие объекты/Москва' is clicked on

11-03-2025T03:01:20 - [MESSAGE][PASSED] - Object: 'Object Repository/Общие объекты/Москва' is clicked on

11-03-2025T03:01:20 - [TEST_STEP][PASSED] - Script1687405711779.Change(todaysDate): null

11-03-2025T03:01:20 - [TEST_STEP][PASSED] - scrollToElement(findTestObject("Выручка по ДЗО/Заголовок дашборда"), 30): Scroll to object 'Object Repository/Выручка по ДЗО/Заголовок дашборда' successfully

11-03-2025T03:01:20 - [MESSAGE][PASSED] - Scroll to object 'Object Repository/Выручка по ДЗО/Заголовок дашборда' successfully

11-03-2025T03:01:20 - [TEST_STEP][PASSED] - click(findTestObject("Выручка по ДЗО/Применить в фильтре ДЗО")): Object: 'Object Repository/Выручка по ДЗО/Применить в фильтре ДЗО' is clicked on

11-03-2025T03:01:21 - [MESSAGE][PASSED] - Object: 'Object Repository/Выручка по ДЗО/Применить в фильтре ДЗО' is clicked on

11-03-2025T03:01:21 - [TEST_STEP][PASSED] - Script1687405711779.Tumbler(todaysDate): null

11-03-2025T03:01:21 - [TEST_STEP][PASSED] - Script1687405711779.Test(todaysDate): null

11-03-2025T03:01:21 - [TEST_STEP][PASSED] - delay(10): Delayed 10 second(s)

11-03-2025T03:01:31 - [MESSAGE][PASSED] - Delayed 10 second(s)

11-03-2025T03:01:31 - [TEST_STEP][PASSED] - if (verifyTextNotPresent("нет данных", false) == true): null

11-03-2025T03:01:31 - [MESSAGE][PASSED] - Text 'нет данных' is not present on page

11-03-2025T03:01:31 - [TEST_STEP][PASSED] - if (verifyTextNotPresent("Ошибка запроса данных", false) == true): null

11-03-2025T03:01:32 - [MESSAGE][PASSED] - Text 'Ошибка запроса данных' is not present on page

11-03-2025T03:01:32 - [TEST_STEP][PASSED] - if (verifyTextNotPresent("Произошла ошибка при выполнении пользовательского кода", false) == true): null

11-03-2025T03:01:32 - [MESSAGE][PASSED] - Text 'Произошла ошибка при выполнении пользовательского кода' is not present on page

11-03-2025T03:01:32 - [TEST_STEP][PASSED] - if (verifyTextNotPresent("У виджета нет данных", false) == true): null

11-03-2025T03:01:33 - [MESSAGE][PASSED] - Text 'У виджета нет данных' is not present on page

11-03-2025T03:01:33 - [TEST_STEP][PASSED] - if (verifyTextNotPresent("У виджета нет данных", false) == true): Text 'У виджета нет данных' is not present on page

11-03-2025T03:01:33 - [MESSAGE][PASSED] - Text 'У виджета нет данных' is not present on page

11-03-2025T03:01:33 - [TEST_STEP][PASSED] - click(findTestObject("Выручка по ДЗО/Фильтр Выручка")): Object: 'Object Repository/Выручка по ДЗО/Фильтр Выручка' is clicked on

11-03-2025T03:01:33 - [MESSAGE][PASSED] - Object: 'Object Repository/Выручка по ДЗО/Фильтр Выручка' is clicked on

11-03-2025T03:01:33 - [TEST_STEP][PASSED] - click(findTestObject("Выручка по ДЗО/Внутренний оборот в фильтре Выручка")): Object: 'Object Repository/Выручка по ДЗО/Внутренний оборот в фильтре Выручка' is clicked on

11-03-2025T03:01:34 - [MESSAGE][PASSED] - Object: 'Object Repository/Выручка по ДЗО/Внутренний оборот в фильтре Выручка' is clicked on

11-03-2025T03:01:34 - [TEST_STEP][PASSED] - click(findTestObject("Выручка по ДЗО/Применить в фильтре Выручка")): Object: 'Object Repository/Выручка по ДЗО/Применить в фильтре Выручка' is clicked on

11-03-2025T03:01:35 - [MESSAGE][PASSED] - Object: 'Object Repository/Выручка по ДЗО/Применить в фильтре Выручка' is clicked on

11-03-2025T03:01:35 - [TEST_STEP][PASSED] - Script1687405711779.Test(todaysDate): null

11-03-2025T03:01:35 - [TEST_STEP][PASSED] - delay(10): Delayed 10 second(s)

11-03-2025T03:01:45 - [MESSAGE][PASSED] - Delayed 10 second(s)

11-03-2025T03:01:45 - [TEST_STEP][FAILED] - if (verifyTextNotPresent("нет данных", false) == true): Text 'нет данных' is present on page  (Root cause: com.kms.katalon.core.exception.StepFailedException: Text 'нет данных' is present on page 
	at com.kms.katalon.core.webui.keyword.internal.WebUIKeywordMain.stepFailed(WebUIKeywordMain.groovy:64)
	at com.kms.katalon.core.webui.keyword.builtin.VerifyTextNotPresentKeyword$_verifyTextNotPresent_closure1.doCall(VerifyTextNotPresentKeyword.groovy:77)
	at com.kms.katalon.core.webui.keyword.builtin.VerifyTextNotPresentKeyword$_verifyTextNotPresent_closure1.call(VerifyTextNotPresentKeyword.groovy)
	at com.kms.katalon.core.webui.keyword.internal.WebUIKeywordMain.runKeyword(WebUIKeywordMain.groovy:20)
	at com.kms.katalon.core.webui.keyword.builtin.VerifyTextNotPresentKeyword.verifyTextNotPresent(VerifyTextNotPresentKeyword.groovy:82)
	at com.kms.katalon.core.webui.keyword.builtin.VerifyTextNotPresentKeyword.execute(VerifyTextNotPresentKeyword.groovy:68)
	at com.kms.katalon.core.keyword.internal.KeywordExecutor.executeKeywordForPlatform(KeywordExecutor.groovy:74)
	at com.kms.katalon.core.webui.keyword.WebUiBuiltInKeywords.verifyTextNotPresent(WebUiBuiltInKeywords.groovy:1795)
	at Выручка по ДЗО отображение данных все филиалы.Test(Выручка по ДЗО отображение данных все филиалы:772)
	at Выручка по ДЗО отображение данных все филиалы.Tumbler(Выручка по ДЗО отображение данных все филиалы:726)
	at Выручка по ДЗО отображение данных все филиалы.Change(Выручка по ДЗО отображение данных все филиалы:760)
	at Выручка по ДЗО отображение данных все филиалы.DzoTest(Выручка по ДЗО отображение данных все филиалы:274)
	at Выручка по ДЗО отображение данных все филиалы.run(Выручка по ДЗО отображение данных все филиалы:122)
	at com.kms.katalon.core.main.ScriptEngine.run(ScriptEngine.java:194)
	at com.kms.katalon.core.main.ScriptEngine.runScriptAsRawText(ScriptEngine.java:119)
	at com.kms.katalon.core.main.TestCaseExecutor.runScript(TestCaseExecutor.java:448)
	at com.kms.katalon.core.main.TestCaseExecutor.doExecute(TestCaseExecutor.java:439)
	at com.kms.katalon.core.main.TestCaseExecutor.processExecutionPhase(TestCaseExecutor.java:418)
	at com.kms.katalon.core.main.TestCaseExecutor.accessMainPhase(TestCaseExecutor.java:410)
	at com.kms.katalon.core.main.TestCaseExecutor.execute(TestCaseExecutor.java:285)
	at com.kms.katalon.core.common.CommonExecutor.accessTestCaseMainPhase(CommonExecutor.java:65)
	at com.kms.katalon.core.main.TestSuiteExecutor.accessTestSuiteMainPhase(TestSuiteExecutor.java:150)
	at com.kms.katalon.core.main.TestSuiteExecutor.execute(TestSuiteExecutor.java:106)
	at com.kms.katalon.core.main.TestCaseMain.startTestSuite(TestCaseMain.java:180)
	at TempTestSuite1741649958618.run(TempTestSuite1741649958618.groovy:35)
	at java.base/jdk.internal.reflect.NativeMethodAccessorImpl.invoke0(Native Method)
	at java.base/jdk.internal.reflect.NativeMethodAccessorImpl.invoke(NativeMethodAccessorImpl.java:77)
	at java.base/jdk.internal.reflect.DelegatingMethodAccessorImpl.invoke(DelegatingMethodAccessorImpl.java:43)
)

11-03-2025T03:01:45 - [MESSAGE][FAILED] - Text 'нет данных' is present on page  (Root cause: com.kms.katalon.core.exception.StepFailedException: Text 'нет данных' is present on page 
	at com.kms.katalon.core.webui.keyword.internal.WebUIKeywordMain.stepFailed(WebUIKeywordMain.groovy:64)
	at com.kms.katalon.core.webui.keyword.builtin.VerifyTextNotPresentKeyword$_verifyTextNotPresent_closure1.doCall(VerifyTextNotPresentKeyword.groovy:77)
	at com.kms.katalon.core.webui.keyword.builtin.VerifyTextNotPresentKeyword$_verifyTextNotPresent_closure1.call(VerifyTextNotPresentKeyword.groovy)
	at com.kms.katalon.core.webui.keyword.internal.WebUIKeywordMain.runKeyword(WebUIKeywordMain.groovy:20)
	at com.kms.katalon.core.webui.keyword.builtin.VerifyTextNotPresentKeyword.verifyTextNotPresent(VerifyTextNotPresentKeyword.groovy:82)
	at com.kms.katalon.core.webui.keyword.builtin.VerifyTextNotPresentKeyword.execute(VerifyTextNotPresentKeyword.groovy:68)
	at com.kms.katalon.core.keyword.internal.KeywordExecutor.executeKeywordForPlatform(KeywordExecutor.groovy:74)
	at com.kms.katalon.core.webui.keyword.WebUiBuiltInKeywords.verifyTextNotPresent(WebUiBuiltInKeywords.groovy:1795)
	at Выручка по ДЗО отображение данных все филиалы.Test(Выручка по ДЗО отображение данных все филиалы:772)
	at Выручка по ДЗО отображение данных все филиалы.Tumbler(Выручка по ДЗО отображение данных все филиалы:726)
	at Выручка по ДЗО отображение данных все филиалы.Change(Выручка по ДЗО отображение данных все филиалы:760)
	at Выручка по ДЗО отображение данных все филиалы.DzoTest(Выручка по ДЗО отображение данных все филиалы:274)
	at Выручка по ДЗО отображение данных все филиалы.run(Выручка по ДЗО отображение данных все филиалы:122)
	at com.kms.katalon.core.main.ScriptEngine.run(ScriptEngine.java:194)
	at com.kms.katalon.core.main.ScriptEngine.runScriptAsRawText(ScriptEngine.java:119)
	at com.kms.katalon.core.main.TestCaseExecutor.runScript(TestCaseExecutor.java:448)
	at com.kms.katalon.core.main.TestCaseExecutor.doExecute(TestCaseExecutor.java:439)
	at com.kms.katalon.core.main.TestCaseExecutor.processExecutionPhase(TestCaseExecutor.java:418)
	at com.kms.katalon.core.main.TestCaseExecutor.accessMainPhase(TestCaseExecutor.java:410)
	at com.kms.katalon.core.main.TestCaseExecutor.execute(TestCaseExecutor.java:285)
	at com.kms.katalon.core.common.CommonExecutor.accessTestCaseMainPhase(CommonExecutor.java:65)
	at com.kms.katalon.core.main.TestSuiteExecutor.accessTestSuiteMainPhase(TestSuiteExecutor.java:150)
	at com.kms.katalon.core.main.TestSuiteExecutor.execute(TestSuiteExecutor.java:106)
	at com.kms.katalon.core.main.TestCaseMain.startTestSuite(TestCaseMain.java:180)
	at TempTestSuite1741649958618.run(TempTestSuite1741649958618.groovy:35)
	at java.base/jdk.internal.reflect.NativeMethodAccessorImpl.invoke0(Native Method)
	at java.base/jdk.internal.reflect.NativeMethodAccessorImpl.invoke(NativeMethodAccessorImpl.java:77)
	at java.base/jdk.internal.reflect.DelegatingMethodAccessorImpl.invoke(DelegatingMethodAccessorImpl.java:43)
)

11-03-2025T03:01:45 - [TEST_STEP][PASSED] - else: null

11-03-2025T03:01:45 - [TEST_STEP][PASSED] - Script1687405711779.WriteToExcel(todaysDate): null

11-03-2025T03:01:45 - [TEST_STEP][PASSED] - sheetName = "Sheet1": null

11-03-2025T03:01:45 - [TEST_STEP][PASSED] - data = findTestData("PlanFact"): null

11-03-2025T03:01:45 - [TEST_STEP][PASSED] - n = data.getRowNumbers() + 1: null

11-03-2025T03:01:45 - [TEST_STEP][PASSED] - dZO = getText(findTestObject("Выручка по ДЗО/Фильтр ДЗО")): Text of object 'Object Repository/Выручка по ДЗО/Фильтр ДЗО' is: 'ПАО Россети - РаспредКомплекс - Россети Московский регион - г. Москва'

11-03-2025T03:01:45 - [MESSAGE][PASSED] - Text of object 'Object Repository/Выручка по ДЗО/Фильтр ДЗО' is: 'ПАО Россети - РаспредКомплекс - Россети Московский регион - г. Москва'

11-03-2025T03:01:45 - [TEST_STEP][PASSED] - period = getText(findTestObject("Выручка по ДЗО/Фильтр Дата")): Text of object 'Object Repository/Выручка по ДЗО/Фильтр Дата' is: 'Январь 2025 года'

11-03-2025T03:01:46 - [MESSAGE][PASSED] - Text of object 'Object Repository/Выручка по ДЗО/Фильтр Дата' is: 'Январь 2025 года'

11-03-2025T03:01:46 - [TEST_STEP][PASSED] - viruchka = getText(findTestObject("Выручка по ДЗО/Фильтр Выручка")): Text of object 'Object Repository/Выручка по ДЗО/Фильтр Выручка' is: 'внутренний оборот'

11-03-2025T03:01:46 - [MESSAGE][PASSED] - Text of object 'Object Repository/Выручка по ДЗО/Фильтр Выручка' is: 'внутренний оборот'

11-03-2025T03:01:46 - [TEST_STEP][PASSED] - if (viruchka == "Выбрано: 2"): null

11-03-2025T03:01:46 - [TEST_STEP][PASSED] - if (viruchka == "Все"): null

11-03-2025T03:01:46 - [TEST_STEP][PASSED] - println(period): null

11-03-2025T03:01:46 - [TEST_STEP][PASSED] - dashboardName = "Выручка по ДЗО": null

11-03-2025T03:01:46 - [TEST_STEP][PASSED] - workbook01 = getWorkbook(excelFilePath): null

11-03-2025T03:01:46 - [TEST_STEP][PASSED] - sheet01 = getExcelSheet(workbook01, sheetName): null

11-03-2025T03:01:46 - [TEST_STEP][PASSED] - setValueToCellByIndex(sheet01, n, 0, dashboardName): null

11-03-2025T03:01:46 - [TEST_STEP][PASSED] - setValueToCellByIndex(sheet01, n, 1, dZO): null

11-03-2025T03:01:46 - [TEST_STEP][PASSED] - setValueToCellByIndex(sheet01, n, 2, period): null

11-03-2025T03:01:46 - [TEST_STEP][PASSED] - setValueToCellByIndex(sheet01, n, 3, viruchka): null

11-03-2025T03:01:46 - [TEST_STEP][PASSED] - setValueToCellByIndex(sheet01, n, 4, todaysDate): null

11-03-2025T03:01:46 - [TEST_STEP][PASSED] - n = n + 1: null

11-03-2025T03:01:46 - [TEST_STEP][PASSED] - saveWorkbook(excelFilePath, workbook01): null

11-03-2025T03:01:46 - [TEST_STEP][PASSED] - click(findTestObject("Выручка по ДЗО/Фильтр Выручка")): Object: 'Object Repository/Выручка по ДЗО/Фильтр Выручка' is clicked on

11-03-2025T03:01:46 - [MESSAGE][PASSED] - Object: 'Object Repository/Выручка по ДЗО/Фильтр Выручка' is clicked on

11-03-2025T03:01:46 - [TEST_STEP][PASSED] - click(findTestObject("Выручка по ДЗО/По передаче в фильтре Выручка")): Object: 'Object Repository/Выручка по ДЗО/По передаче в фильтре Выручка' is clicked on

11-03-2025T03:01:47 - [MESSAGE][PASSED] - Object: 'Object Repository/Выручка по ДЗО/По передаче в фильтре Выручка' is clicked on

11-03-2025T03:01:47 - [TEST_STEP][PASSED] - click(findTestObject("Выручка по ДЗО/Применить в фильтре Выручка")): Object: 'Object Repository/Выручка по ДЗО/Применить в фильтре Выручка' is clicked on

11-03-2025T03:01:48 - [MESSAGE][PASSED] - Object: 'Object Repository/Выручка по ДЗО/Применить в фильтре Выручка' is clicked on

11-03-2025T03:01:48 - [TEST_STEP][PASSED] - Script1687405711779.Test(todaysDate): null

11-03-2025T03:01:48 - [TEST_STEP][PASSED] - delay(10): Delayed 10 second(s)

11-03-2025T03:01:58 - [MESSAGE][PASSED] - Delayed 10 second(s)

11-03-2025T03:01:58 - [TEST_STEP][PASSED] - if (verifyTextNotPresent("нет данных", false) == true): null

11-03-2025T03:01:58 - [MESSAGE][PASSED] - Text 'нет данных' is not present on page

11-03-2025T03:01:58 - [TEST_STEP][PASSED] - if (verifyTextNotPresent("Ошибка запроса данных", false) == true): null

11-03-2025T03:01:59 - [MESSAGE][PASSED] - Text 'Ошибка запроса данных' is not present on page

11-03-2025T03:01:59 - [TEST_STEP][PASSED] - if (verifyTextNotPresent("Произошла ошибка при выполнении пользовательского кода", false) == true): null

11-03-2025T03:01:59 - [MESSAGE][PASSED] - Text 'Произошла ошибка при выполнении пользовательского кода' is not present on page

11-03-2025T03:01:59 - [TEST_STEP][PASSED] - if (verifyTextNotPresent("У виджета нет данных", false) == true): null

11-03-2025T03:02:00 - [MESSAGE][PASSED] - Text 'У виджета нет данных' is not present on page

11-03-2025T03:02:00 - [TEST_STEP][PASSED] - if (verifyTextNotPresent("У виджета нет данных", false) == true): Text 'У виджета нет данных' is not present on page

11-03-2025T03:02:00 - [MESSAGE][PASSED] - Text 'У виджета нет данных' is not present on page

11-03-2025T03:02:00 - [TEST_STEP][PASSED] - click(findTestObject("Выручка по ДЗО/Фильтр Выручка")): Object: 'Object Repository/Выручка по ДЗО/Фильтр Выручка' is clicked on

11-03-2025T03:02:00 - [MESSAGE][PASSED] - Object: 'Object Repository/Выручка по ДЗО/Фильтр Выручка' is clicked on

11-03-2025T03:02:00 - [TEST_STEP][PASSED] - click(findTestObject("Выручка по ДЗО/Снять выделение в фильтре Выручка")): Object: 'Object Repository/Выручка по ДЗО/Снять выделение в фильтре Выручка' is clicked on

11-03-2025T03:02:01 - [MESSAGE][PASSED] - Object: 'Object Repository/Выручка по ДЗО/Снять выделение в фильтре Выручка' is clicked on

11-03-2025T03:02:01 - [TEST_STEP][PASSED] - click(findTestObject("Выручка по ДЗО/По передаче в фильтре Выручка")): Object: 'Object Repository/Выручка по ДЗО/По передаче в фильтре Выручка' is clicked on

11-03-2025T03:02:01 - [MESSAGE][PASSED] - Object: 'Object Repository/Выручка по ДЗО/По передаче в фильтре Выручка' is clicked on

11-03-2025T03:02:01 - [TEST_STEP][PASSED] - click(findTestObject("Выручка по ДЗО/Применить в фильтре Выручка")): Object: 'Object Repository/Выручка по ДЗО/Применить в фильтре Выручка' is clicked on

11-03-2025T03:02:02 - [MESSAGE][PASSED] - Object: 'Object Repository/Выручка по ДЗО/Применить в фильтре Выручка' is clicked on

11-03-2025T03:02:02 - [TEST_STEP][PASSED] - Script1687405711779.Test(todaysDate): null

11-03-2025T03:02:02 - [TEST_STEP][PASSED] - delay(10): Delayed 10 second(s)

11-03-2025T03:02:12 - [MESSAGE][PASSED] - Delayed 10 second(s)

11-03-2025T03:02:12 - [TEST_STEP][PASSED] - if (verifyTextNotPresent("нет данных", false) == true): null

11-03-2025T03:02:12 - [MESSAGE][PASSED] - Text 'нет данных' is not present on page

11-03-2025T03:02:12 - [TEST_STEP][PASSED] - if (verifyTextNotPresent("Ошибка запроса данных", false) == true): null

11-03-2025T03:02:13 - [MESSAGE][PASSED] - Text 'Ошибка запроса данных' is not present on page

11-03-2025T03:02:13 - [TEST_STEP][PASSED] - if (verifyTextNotPresent("Произошла ошибка при выполнении пользовательского кода", false) == true): null

11-03-2025T03:02:13 - [MESSAGE][PASSED] - Text 'Произошла ошибка при выполнении пользовательского кода' is not present on page

11-03-2025T03:02:13 - [TEST_STEP][PASSED] - if (verifyTextNotPresent("У виджета нет данных", false) == true): null

11-03-2025T03:02:14 - [MESSAGE][PASSED] - Text 'У виджета нет данных' is not present on page

11-03-2025T03:02:14 - [TEST_STEP][PASSED] - if (verifyTextNotPresent("У виджета нет данных", false) == true): Text 'У виджета нет данных' is not present on page

11-03-2025T03:02:14 - [MESSAGE][PASSED] - Text 'У виджета нет данных' is not present on page

11-03-2025T03:02:14 - [TEST_STEP][PASSED] - click(findTestObject("Выручка по ДЗО/Фильтр Выручка")): Object: 'Object Repository/Выручка по ДЗО/Фильтр Выручка' is clicked on

11-03-2025T03:02:14 - [MESSAGE][PASSED] - Object: 'Object Repository/Выручка по ДЗО/Фильтр Выручка' is clicked on

11-03-2025T03:02:14 - [TEST_STEP][PASSED] - click(findTestObject("Выручка по ДЗО/Снять выделение в фильтре Выручка")): Object: 'Object Repository/Выручка по ДЗО/Снять выделение в фильтре Выручка' is clicked on

11-03-2025T03:02:15 - [MESSAGE][PASSED] - Object: 'Object Repository/Выручка по ДЗО/Снять выделение в фильтре Выручка' is clicked on

11-03-2025T03:02:15 - [TEST_STEP][PASSED] - click(findTestObject("Выручка по ДЗО/Применить в фильтре Выручка")): Object: 'Object Repository/Выручка по ДЗО/Применить в фильтре Выручка' is clicked on

11-03-2025T03:02:15 - [MESSAGE][PASSED] - Object: 'Object Repository/Выручка по ДЗО/Применить в фильтре Выручка' is clicked on

11-03-2025T03:02:15 - [TEST_STEP][PASSED] - click(findTestObject("Выручка по ДЗО/Фильтр ДЗО")): Object: 'Object Repository/Выручка по ДЗО/Фильтр ДЗО' is clicked on

11-03-2025T03:02:17 - [MESSAGE][PASSED] - Object: 'Object Repository/Выручка по ДЗО/Фильтр ДЗО' is clicked on

11-03-2025T03:02:17 - [TEST_STEP][PASSED] - click(findTestObject("Выручка по ДЗО/Снять выделение в фильтре ДЗО")): Object: 'Object Repository/Выручка по ДЗО/Снять выделение в фильтре ДЗО' is clicked on

11-03-2025T03:02:17 - [MESSAGE][PASSED] - Object: 'Object Repository/Выручка по ДЗО/Снять выделение в фильтре ДЗО' is clicked on

11-03-2025T03:02:17 - [TEST_STEP][PASSED] - scrollToElement(findTestObject("Выручка по ДЗО/Россети Северный Кавказ Выручка по ДЗО"), 30): Scroll to object 'Object Repository/Выручка по ДЗО/Россети Северный Кавказ Выручка по ДЗО' successfully

11-03-2025T03:02:18 - [MESSAGE][PASSED] - Scroll to object 'Object Repository/Выручка по ДЗО/Россети Северный Кавказ Выручка по ДЗО' successfully

11-03-2025T03:02:18 - [TEST_STEP][PASSED] - click(findTestObject("Выручка по ДЗО/Россети Северный Кавказ Выручка по ДЗО")): Object: 'Object Repository/Выручка по ДЗО/Россети Северный Кавказ Выручка по ДЗО' is clicked on

11-03-2025T03:02:18 - [MESSAGE][PASSED] - Object: 'Object Repository/Выручка по ДЗО/Россети Северный Кавказ Выручка по ДЗО' is clicked on

11-03-2025T03:02:18 - [TEST_STEP][PASSED] - scrollToElement(findTestObject("Выручка по ДЗО/Фильтр ДЗО"), 30): Scroll to object 'Object Repository/Выручка по ДЗО/Фильтр ДЗО' successfully

11-03-2025T03:02:18 - [MESSAGE][PASSED] - Scroll to object 'Object Repository/Выручка по ДЗО/Фильтр ДЗО' successfully

11-03-2025T03:02:18 - [TEST_STEP][PASSED] - Script1687405711779.Change(todaysDate): null

11-03-2025T03:02:18 - [TEST_STEP][PASSED] - scrollToElement(findTestObject("Выручка по ДЗО/Заголовок дашборда"), 30): Scroll to object 'Object Repository/Выручка по ДЗО/Заголовок дашборда' successfully

11-03-2025T03:02:19 - [MESSAGE][PASSED] - Scroll to object 'Object Repository/Выручка по ДЗО/Заголовок дашборда' successfully

11-03-2025T03:02:19 - [TEST_STEP][PASSED] - click(findTestObject("Выручка по ДЗО/Применить в фильтре ДЗО")): Object: 'Object Repository/Выручка по ДЗО/Применить в фильтре ДЗО' is clicked on

11-03-2025T03:02:19 - [MESSAGE][PASSED] - Object: 'Object Repository/Выручка по ДЗО/Применить в фильтре ДЗО' is clicked on

11-03-2025T03:02:19 - [TEST_STEP][PASSED] - Script1687405711779.Tumbler(todaysDate): null

11-03-2025T03:02:19 - [TEST_STEP][PASSED] - Script1687405711779.Test(todaysDate): null

11-03-2025T03:02:19 - [TEST_STEP][PASSED] - delay(10): Delayed 10 second(s)

11-03-2025T03:02:29 - [MESSAGE][PASSED] - Delayed 10 second(s)

11-03-2025T03:02:29 - [TEST_STEP][PASSED] - if (verifyTextNotPresent("нет данных", false) == true): null

11-03-2025T03:02:30 - [MESSAGE][PASSED] - Text 'нет данных' is not present on page

11-03-2025T03:02:30 - [TEST_STEP][PASSED] - if (verifyTextNotPresent("Ошибка запроса данных", false) == true): null

11-03-2025T03:02:30 - [MESSAGE][PASSED] - Text 'Ошибка запроса данных' is not present on page

11-03-2025T03:02:30 - [TEST_STEP][PASSED] - if (verifyTextNotPresent("Произошла ошибка при выполнении пользовательского кода", false) == true): null

11-03-2025T03:02:31 - [MESSAGE][PASSED] - Text 'Произошла ошибка при выполнении пользовательского кода' is not present on page

11-03-2025T03:02:31 - [TEST_STEP][PASSED] - if (verifyTextNotPresent("У виджета нет данных", false) == true): null

11-03-2025T03:02:31 - [MESSAGE][PASSED] - Text 'У виджета нет данных' is not present on page

11-03-2025T03:02:31 - [TEST_STEP][PASSED] - if (verifyTextNotPresent("У виджета нет данных", false) == true): Text 'У виджета нет данных' is not present on page

11-03-2025T03:02:32 - [MESSAGE][PASSED] - Text 'У виджета нет данных' is not present on page

11-03-2025T03:02:32 - [TEST_STEP][PASSED] - click(findTestObject("Выручка по ДЗО/Фильтр Выручка")): Object: 'Object Repository/Выручка по ДЗО/Фильтр Выручка' is clicked on

11-03-2025T03:02:32 - [MESSAGE][PASSED] - Object: 'Object Repository/Выручка по ДЗО/Фильтр Выручка' is clicked on

11-03-2025T03:02:32 - [TEST_STEP][PASSED] - click(findTestObject("Выручка по ДЗО/Внутренний оборот в фильтре Выручка")): Object: 'Object Repository/Выручка по ДЗО/Внутренний оборот в фильтре Выручка' is clicked on

11-03-2025T03:02:33 - [MESSAGE][PASSED] - Object: 'Object Repository/Выручка по ДЗО/Внутренний оборот в фильтре Выручка' is clicked on

11-03-2025T03:02:33 - [TEST_STEP][PASSED] - click(findTestObject("Выручка по ДЗО/Применить в фильтре Выручка")): Object: 'Object Repository/Выручка по ДЗО/Применить в фильтре Выручка' is clicked on

11-03-2025T03:02:33 - [MESSAGE][PASSED] - Object: 'Object Repository/Выручка по ДЗО/Применить в фильтре Выручка' is clicked on

11-03-2025T03:02:33 - [TEST_STEP][PASSED] - Script1687405711779.Test(todaysDate): null

11-03-2025T03:02:33 - [TEST_STEP][PASSED] - delay(10): Delayed 10 second(s)

11-03-2025T03:02:43 - [MESSAGE][PASSED] - Delayed 10 second(s)

11-03-2025T03:02:43 - [TEST_STEP][PASSED] - if (verifyTextNotPresent("нет данных", false) == true): null

11-03-2025T03:02:44 - [MESSAGE][PASSED] - Text 'нет данных' is not present on page

11-03-2025T03:02:44 - [TEST_STEP][PASSED] - if (verifyTextNotPresent("Ошибка запроса данных", false) == true): null

11-03-2025T03:02:44 - [MESSAGE][PASSED] - Text 'Ошибка запроса данных' is not present on page

11-03-2025T03:02:44 - [TEST_STEP][PASSED] - if (verifyTextNotPresent("Произошла ошибка при выполнении пользовательского кода", false) == true): null

11-03-2025T03:02:45 - [MESSAGE][PASSED] - Text 'Произошла ошибка при выполнении пользовательского кода' is not present on page

11-03-2025T03:02:45 - [TEST_STEP][PASSED] - if (verifyTextNotPresent("У виджета нет данных", false) == true): null

11-03-2025T03:02:45 - [MESSAGE][PASSED] - Text 'У виджета нет данных' is not present on page

11-03-2025T03:02:45 - [TEST_STEP][PASSED] - if (verifyTextNotPresent("У виджета нет данных", false) == true): Text 'У виджета нет данных' is not present on page

11-03-2025T03:02:46 - [MESSAGE][PASSED] - Text 'У виджета нет данных' is not present on page

11-03-2025T03:02:46 - [TEST_STEP][PASSED] - click(findTestObject("Выручка по ДЗО/Фильтр Выручка")): Object: 'Object Repository/Выручка по ДЗО/Фильтр Выручка' is clicked on

11-03-2025T03:02:46 - [MESSAGE][PASSED] - Object: 'Object Repository/Выручка по ДЗО/Фильтр Выручка' is clicked on

11-03-2025T03:02:46 - [TEST_STEP][PASSED] - click(findTestObject("Выручка по ДЗО/По передаче в фильтре Выручка")): Object: 'Object Repository/Выручка по ДЗО/По передаче в фильтре Выручка' is clicked on

11-03-2025T03:02:46 - [MESSAGE][PASSED] - Object: 'Object Repository/Выручка по ДЗО/По передаче в фильтре Выручка' is clicked on

11-03-2025T03:02:46 - [TEST_STEP][PASSED] - click(findTestObject("Выручка по ДЗО/Применить в фильтре Выручка")): Object: 'Object Repository/Выручка по ДЗО/Применить в фильтре Выручка' is clicked on

11-03-2025T03:02:47 - [MESSAGE][PASSED] - Object: 'Object Repository/Выручка по ДЗО/Применить в фильтре Выручка' is clicked on

11-03-2025T03:02:47 - [TEST_STEP][PASSED] - Script1687405711779.Test(todaysDate): null

11-03-2025T03:02:47 - [TEST_STEP][PASSED] - delay(10): Delayed 10 second(s)

11-03-2025T03:02:57 - [MESSAGE][PASSED] - Delayed 10 second(s)

11-03-2025T03:02:57 - [TEST_STEP][PASSED] - if (verifyTextNotPresent("нет данных", false) == true): null

11-03-2025T03:02:58 - [MESSAGE][PASSED] - Text 'нет данных' is not present on page

11-03-2025T03:02:58 - [TEST_STEP][PASSED] - if (verifyTextNotPresent("Ошибка запроса данных", false) == true): null

11-03-2025T03:02:58 - [MESSAGE][PASSED] - Text 'Ошибка запроса данных' is not present on page

11-03-2025T03:02:58 - [TEST_STEP][PASSED] - if (verifyTextNotPresent("Произошла ошибка при выполнении пользовательского кода", false) == true): null

11-03-2025T03:02:59 - [MESSAGE][PASSED] - Text 'Произошла ошибка при выполнении пользовательского кода' is not present on page

11-03-2025T03:02:59 - [TEST_STEP][PASSED] - if (verifyTextNotPresent("У виджета нет данных", false) == true): null

11-03-2025T03:02:59 - [MESSAGE][PASSED] - Text 'У виджета нет данных' is not present on page

11-03-2025T03:02:59 - [TEST_STEP][PASSED] - if (verifyTextNotPresent("У виджета нет данных", false) == true): Text 'У виджета нет данных' is not present on page

11-03-2025T03:03:00 - [MESSAGE][PASSED] - Text 'У виджета нет данных' is not present on page

11-03-2025T03:03:00 - [TEST_STEP][PASSED] - click(findTestObject("Выручка по ДЗО/Фильтр Выручка")): Object: 'Object Repository/Выручка по ДЗО/Фильтр Выручка' is clicked on

11-03-2025T03:03:00 - [MESSAGE][PASSED] - Object: 'Object Repository/Выручка по ДЗО/Фильтр Выручка' is clicked on

11-03-2025T03:03:00 - [TEST_STEP][PASSED] - click(findTestObject("Выручка по ДЗО/Снять выделение в фильтре Выручка")): Object: 'Object Repository/Выручка по ДЗО/Снять выделение в фильтре Выручка' is clicked on

11-03-2025T03:03:00 - [MESSAGE][PASSED] - Object: 'Object Repository/Выручка по ДЗО/Снять выделение в фильтре Выручка' is clicked on

11-03-2025T03:03:00 - [TEST_STEP][PASSED] - click(findTestObject("Выручка по ДЗО/По передаче в фильтре Выручка")): Object: 'Object Repository/Выручка по ДЗО/По передаче в фильтре Выручка' is clicked on

11-03-2025T03:03:01 - [MESSAGE][PASSED] - Object: 'Object Repository/Выручка по ДЗО/По передаче в фильтре Выручка' is clicked on

11-03-2025T03:03:01 - [TEST_STEP][PASSED] - click(findTestObject("Выручка по ДЗО/Применить в фильтре Выручка")): Object: 'Object Repository/Выручка по ДЗО/Применить в фильтре Выручка' is clicked on

11-03-2025T03:03:01 - [MESSAGE][PASSED] - Object: 'Object Repository/Выручка по ДЗО/Применить в фильтре Выручка' is clicked on

11-03-2025T03:03:01 - [TEST_STEP][PASSED] - Script1687405711779.Test(todaysDate): null

11-03-2025T03:03:01 - [TEST_STEP][PASSED] - delay(10): Delayed 10 second(s)

11-03-2025T03:03:11 - [MESSAGE][PASSED] - Delayed 10 second(s)

11-03-2025T03:03:11 - [TEST_STEP][PASSED] - if (verifyTextNotPresent("нет данных", false) == true): null

11-03-2025T03:03:12 - [MESSAGE][PASSED] - Text 'нет данных' is not present on page

11-03-2025T03:03:12 - [TEST_STEP][PASSED] - if (verifyTextNotPresent("Ошибка запроса данных", false) == true): null

11-03-2025T03:03:12 - [MESSAGE][PASSED] - Text 'Ошибка запроса данных' is not present on page

11-03-2025T03:03:12 - [TEST_STEP][PASSED] - if (verifyTextNotPresent("Произошла ошибка при выполнении пользовательского кода", false) == true): null

11-03-2025T03:03:13 - [MESSAGE][PASSED] - Text 'Произошла ошибка при выполнении пользовательского кода' is not present on page

11-03-2025T03:03:13 - [TEST_STEP][PASSED] - if (verifyTextNotPresent("У виджета нет данных", false) == true): null

11-03-2025T03:03:13 - [MESSAGE][PASSED] - Text 'У виджета нет данных' is not present on page

11-03-2025T03:03:13 - [TEST_STEP][PASSED] - if (verifyTextNotPresent("У виджета нет данных", false) == true): Text 'У виджета нет данных' is not present on page

11-03-2025T03:03:14 - [MESSAGE][PASSED] - Text 'У виджета нет данных' is not present on page

11-03-2025T03:03:14 - [TEST_STEP][PASSED] - click(findTestObject("Выручка по ДЗО/Фильтр Выручка")): Object: 'Object Repository/Выручка по ДЗО/Фильтр Выручка' is clicked on

11-03-2025T03:03:14 - [MESSAGE][PASSED] - Object: 'Object Repository/Выручка по ДЗО/Фильтр Выручка' is clicked on

11-03-2025T03:03:14 - [TEST_STEP][PASSED] - click(findTestObject("Выручка по ДЗО/Снять выделение в фильтре Выручка")): Object: 'Object Repository/Выручка по ДЗО/Снять выделение в фильтре Выручка' is clicked on

11-03-2025T03:03:15 - [MESSAGE][PASSED] - Object: 'Object Repository/Выручка по ДЗО/Снять выделение в фильтре Выручка' is clicked on

11-03-2025T03:03:15 - [TEST_STEP][PASSED] - click(findTestObject("Выручка по ДЗО/Применить в фильтре Выручка")): Object: 'Object Repository/Выручка по ДЗО/Применить в фильтре Выручка' is clicked on

11-03-2025T03:03:15 - [MESSAGE][PASSED] - Object: 'Object Repository/Выручка по ДЗО/Применить в фильтре Выручка' is clicked on

11-03-2025T03:03:15 - [TEST_STEP][PASSED] - click(findTestObject("Выручка по ДЗО/Фильтр ДЗО")): Object: 'Object Repository/Выручка по ДЗО/Фильтр ДЗО' is clicked on

11-03-2025T03:03:18 - [MESSAGE][PASSED] - Object: 'Object Repository/Выручка по ДЗО/Фильтр ДЗО' is clicked on

11-03-2025T03:03:18 - [TEST_STEP][PASSED] - click(findTestObject("Выручка по ДЗО/Снять выделение в фильтре ДЗО")): Object: 'Object Repository/Выручка по ДЗО/Снять выделение в фильтре ДЗО' is clicked on

11-03-2025T03:03:19 - [MESSAGE][PASSED] - Object: 'Object Repository/Выручка по ДЗО/Снять выделение в фильтре ДЗО' is clicked on

11-03-2025T03:03:19 - [TEST_STEP][PASSED] - scrollToElement(findTestObject("Общие объекты/Раскрыть список Россети Северный Кавказ"), 30): Scroll to object 'Object Repository/Общие объекты/Раскрыть список Россети Северный Кавказ' successfully

11-03-2025T03:03:19 - [MESSAGE][PASSED] - Scroll to object 'Object Repository/Общие объекты/Раскрыть список Россети Северный Кавказ' successfully

11-03-2025T03:03:19 - [TEST_STEP][PASSED] - click(findTestObject("Общие объекты/Раскрыть список Россети Северный Кавказ")): Object: 'Object Repository/Общие объекты/Раскрыть список Россети Северный Кавказ' is clicked on

11-03-2025T03:03:20 - [MESSAGE][PASSED] - Object: 'Object Repository/Общие объекты/Раскрыть список Россети Северный Кавказ' is clicked on

11-03-2025T03:03:20 - [TEST_STEP][PASSED] - scrollToElement(findTestObject("Общие объекты/Дагестанская сетевая компания"), 30): Scroll to object 'Object Repository/Общие объекты/Дагестанская сетевая компания' successfully

11-03-2025T03:03:20 - [MESSAGE][PASSED] - Scroll to object 'Object Repository/Общие объекты/Дагестанская сетевая компания' successfully

11-03-2025T03:03:20 - [TEST_STEP][PASSED] - click(findTestObject("Общие объекты/Дагестанская сетевая компания")): Object: 'Object Repository/Общие объекты/Дагестанская сетевая компания' is clicked on

11-03-2025T03:03:20 - [MESSAGE][PASSED] - Object: 'Object Repository/Общие объекты/Дагестанская сетевая компания' is clicked on

11-03-2025T03:03:20 - [TEST_STEP][PASSED] - Script1687405711779.Change(todaysDate): null

11-03-2025T03:03:20 - [TEST_STEP][PASSED] - scrollToElement(findTestObject("Выручка по ДЗО/Заголовок дашборда"), 30): Scroll to object 'Object Repository/Выручка по ДЗО/Заголовок дашборда' successfully

11-03-2025T03:03:21 - [MESSAGE][PASSED] - Scroll to object 'Object Repository/Выручка по ДЗО/Заголовок дашборда' successfully

11-03-2025T03:03:21 - [TEST_STEP][PASSED] - click(findTestObject("Выручка по ДЗО/Применить в фильтре ДЗО")): Object: 'Object Repository/Выручка по ДЗО/Применить в фильтре ДЗО' is clicked on

11-03-2025T03:03:21 - [MESSAGE][PASSED] - Object: 'Object Repository/Выручка по ДЗО/Применить в фильтре ДЗО' is clicked on

11-03-2025T03:03:21 - [TEST_STEP][PASSED] - Script1687405711779.Tumbler(todaysDate): null

11-03-2025T03:03:21 - [TEST_STEP][PASSED] - Script1687405711779.Test(todaysDate): null

11-03-2025T03:03:21 - [TEST_STEP][PASSED] - delay(10): Delayed 10 second(s)

11-03-2025T03:03:31 - [MESSAGE][PASSED] - Delayed 10 second(s)

11-03-2025T03:03:31 - [TEST_STEP][FAILED] - if (verifyTextNotPresent("нет данных", false) == true): Text 'нет данных' is present on page  (Root cause: com.kms.katalon.core.exception.StepFailedException: Text 'нет данных' is present on page 
	at com.kms.katalon.core.webui.keyword.internal.WebUIKeywordMain.stepFailed(WebUIKeywordMain.groovy:64)
	at com.kms.katalon.core.webui.keyword.builtin.VerifyTextNotPresentKeyword$_verifyTextNotPresent_closure1.doCall(VerifyTextNotPresentKeyword.groovy:77)
	at com.kms.katalon.core.webui.keyword.builtin.VerifyTextNotPresentKeyword$_verifyTextNotPresent_closure1.call(VerifyTextNotPresentKeyword.groovy)
	at com.kms.katalon.core.webui.keyword.internal.WebUIKeywordMain.runKeyword(WebUIKeywordMain.groovy:20)
	at com.kms.katalon.core.webui.keyword.builtin.VerifyTextNotPresentKeyword.verifyTextNotPresent(VerifyTextNotPresentKeyword.groovy:82)
	at com.kms.katalon.core.webui.keyword.builtin.VerifyTextNotPresentKeyword.execute(VerifyTextNotPresentKeyword.groovy:68)
	at com.kms.katalon.core.keyword.internal.KeywordExecutor.executeKeywordForPlatform(KeywordExecutor.groovy:74)
	at com.kms.katalon.core.webui.keyword.WebUiBuiltInKeywords.verifyTextNotPresent(WebUiBuiltInKeywords.groovy:1795)
	at Выручка по ДЗО отображение данных все филиалы.Test(Выручка по ДЗО отображение данных все филиалы:772)
	at Выручка по ДЗО отображение данных все филиалы.Tumbler(Выручка по ДЗО отображение данных все филиалы:718)
	at Выручка по ДЗО отображение данных все филиалы.Change(Выручка по ДЗО отображение данных все филиалы:760)
	at Выручка по ДЗО отображение данных все филиалы.DzoTest(Выручка по ДЗО отображение данных все филиалы:292)
	at Выручка по ДЗО отображение данных все филиалы.run(Выручка по ДЗО отображение данных все филиалы:122)
	at com.kms.katalon.core.main.ScriptEngine.run(ScriptEngine.java:194)
	at com.kms.katalon.core.main.ScriptEngine.runScriptAsRawText(ScriptEngine.java:119)
	at com.kms.katalon.core.main.TestCaseExecutor.runScript(TestCaseExecutor.java:448)
	at com.kms.katalon.core.main.TestCaseExecutor.doExecute(TestCaseExecutor.java:439)
	at com.kms.katalon.core.main.TestCaseExecutor.processExecutionPhase(TestCaseExecutor.java:418)
	at com.kms.katalon.core.main.TestCaseExecutor.accessMainPhase(TestCaseExecutor.java:410)
	at com.kms.katalon.core.main.TestCaseExecutor.execute(TestCaseExecutor.java:285)
	at com.kms.katalon.core.common.CommonExecutor.accessTestCaseMainPhase(CommonExecutor.java:65)
	at com.kms.katalon.core.main.TestSuiteExecutor.accessTestSuiteMainPhase(TestSuiteExecutor.java:150)
	at com.kms.katalon.core.main.TestSuiteExecutor.execute(TestSuiteExecutor.java:106)
	at com.kms.katalon.core.main.TestCaseMain.startTestSuite(TestCaseMain.java:180)
	at TempTestSuite1741649958618.run(TempTestSuite1741649958618.groovy:35)
	at java.base/jdk.internal.reflect.NativeMethodAccessorImpl.invoke0(Native Method)
	at java.base/jdk.internal.reflect.NativeMethodAccessorImpl.invoke(NativeMethodAccessorImpl.java:77)
	at java.base/jdk.internal.reflect.DelegatingMethodAccessorImpl.invoke(DelegatingMethodAccessorImpl.java:43)
)

11-03-2025T03:03:32 - [MESSAGE][FAILED] - Text 'нет данных' is present on page  (Root cause: com.kms.katalon.core.exception.StepFailedException: Text 'нет данных' is present on page 
	at com.kms.katalon.core.webui.keyword.internal.WebUIKeywordMain.stepFailed(WebUIKeywordMain.groovy:64)
	at com.kms.katalon.core.webui.keyword.builtin.VerifyTextNotPresentKeyword$_verifyTextNotPresent_closure1.doCall(VerifyTextNotPresentKeyword.groovy:77)
	at com.kms.katalon.core.webui.keyword.builtin.VerifyTextNotPresentKeyword$_verifyTextNotPresent_closure1.call(VerifyTextNotPresentKeyword.groovy)
	at com.kms.katalon.core.webui.keyword.internal.WebUIKeywordMain.runKeyword(WebUIKeywordMain.groovy:20)
	at com.kms.katalon.core.webui.keyword.builtin.VerifyTextNotPresentKeyword.verifyTextNotPresent(VerifyTextNotPresentKeyword.groovy:82)
	at com.kms.katalon.core.webui.keyword.builtin.VerifyTextNotPresentKeyword.execute(VerifyTextNotPresentKeyword.groovy:68)
	at com.kms.katalon.core.keyword.internal.KeywordExecutor.executeKeywordForPlatform(KeywordExecutor.groovy:74)
	at com.kms.katalon.core.webui.keyword.WebUiBuiltInKeywords.verifyTextNotPresent(WebUiBuiltInKeywords.groovy:1795)
	at Выручка по ДЗО отображение данных все филиалы.Test(Выручка по ДЗО отображение данных все филиалы:772)
	at Выручка по ДЗО отображение данных все филиалы.Tumbler(Выручка по ДЗО отображение данных все филиалы:718)
	at Выручка по ДЗО отображение данных все филиалы.Change(Выручка по ДЗО отображение данных все филиалы:760)
	at Выручка по ДЗО отображение данных все филиалы.DzoTest(Выручка по ДЗО отображение данных все филиалы:292)
	at Выручка по ДЗО отображение данных все филиалы.run(Выручка по ДЗО отображение данных все филиалы:122)
	at com.kms.katalon.core.main.ScriptEngine.run(ScriptEngine.java:194)
	at com.kms.katalon.core.main.ScriptEngine.runScriptAsRawText(ScriptEngine.java:119)
	at com.kms.katalon.core.main.TestCaseExecutor.runScript(TestCaseExecutor.java:448)
	at com.kms.katalon.core.main.TestCaseExecutor.doExecute(TestCaseExecutor.java:439)
	at com.kms.katalon.core.main.TestCaseExecutor.processExecutionPhase(TestCaseExecutor.java:418)
	at com.kms.katalon.core.main.TestCaseExecutor.accessMainPhase(TestCaseExecutor.java:410)
	at com.kms.katalon.core.main.TestCaseExecutor.execute(TestCaseExecutor.java:285)
	at com.kms.katalon.core.common.CommonExecutor.accessTestCaseMainPhase(CommonExecutor.java:65)
	at com.kms.katalon.core.main.TestSuiteExecutor.accessTestSuiteMainPhase(TestSuiteExecutor.java:150)
	at com.kms.katalon.core.main.TestSuiteExecutor.execute(TestSuiteExecutor.java:106)
	at com.kms.katalon.core.main.TestCaseMain.startTestSuite(TestCaseMain.java:180)
	at TempTestSuite1741649958618.run(TempTestSuite1741649958618.groovy:35)
	at java.base/jdk.internal.reflect.NativeMethodAccessorImpl.invoke0(Native Method)
	at java.base/jdk.internal.reflect.NativeMethodAccessorImpl.invoke(NativeMethodAccessorImpl.java:77)
	at java.base/jdk.internal.reflect.DelegatingMethodAccessorImpl.invoke(DelegatingMethodAccessorImpl.java:43)
)

11-03-2025T03:03:32 - [TEST_STEP][PASSED] - else: null

11-03-2025T03:03:32 - [TEST_STEP][PASSED] - Script1687405711779.WriteToExcel(todaysDate): null

11-03-2025T03:03:32 - [TEST_STEP][PASSED] - sheetName = "Sheet1": null

11-03-2025T03:03:32 - [TEST_STEP][PASSED] - data = findTestData("PlanFact"): null

11-03-2025T03:03:32 - [TEST_STEP][PASSED] - n = data.getRowNumbers() + 1: null

11-03-2025T03:03:32 - [TEST_STEP][PASSED] - dZO = getText(findTestObject("Выручка по ДЗО/Фильтр ДЗО")): Text of object 'Object Repository/Выручка по ДЗО/Фильтр ДЗО' is: 'ПАО Россети - РаспредКомплекс - Россети Северный Кавказ (ГК) - АО "Дагестанская сетевая компания"'

11-03-2025T03:03:32 - [MESSAGE][PASSED] - Text of object 'Object Repository/Выручка по ДЗО/Фильтр ДЗО' is: 'ПАО Россети - РаспредКомплекс - Россети Северный Кавказ (ГК) - АО "Дагестанская сетевая компания"'

11-03-2025T03:03:32 - [TEST_STEP][PASSED] - period = getText(findTestObject("Выручка по ДЗО/Фильтр Дата")): Text of object 'Object Repository/Выручка по ДЗО/Фильтр Дата' is: 'Январь 2025 года'

11-03-2025T03:03:32 - [MESSAGE][PASSED] - Text of object 'Object Repository/Выручка по ДЗО/Фильтр Дата' is: 'Январь 2025 года'

11-03-2025T03:03:32 - [TEST_STEP][PASSED] - viruchka = getText(findTestObject("Выручка по ДЗО/Фильтр Выручка")): Text of object 'Object Repository/Выручка по ДЗО/Фильтр Выручка' is: 'Все'

11-03-2025T03:03:33 - [MESSAGE][PASSED] - Text of object 'Object Repository/Выручка по ДЗО/Фильтр Выручка' is: 'Все'

11-03-2025T03:03:33 - [TEST_STEP][PASSED] - if (viruchka == "Выбрано: 2"): null

11-03-2025T03:03:33 - [TEST_STEP][PASSED] - if (viruchka == "Все"): null

11-03-2025T03:03:33 - [TEST_STEP][PASSED] - viruchka = "Не выбран ни один пункт": null

11-03-2025T03:03:33 - [TEST_STEP][PASSED] - println(period): null

11-03-2025T03:03:33 - [TEST_STEP][PASSED] - dashboardName = "Выручка по ДЗО": null

11-03-2025T03:03:33 - [TEST_STEP][PASSED] - workbook01 = getWorkbook(excelFilePath): null

11-03-2025T03:03:33 - [TEST_STEP][PASSED] - sheet01 = getExcelSheet(workbook01, sheetName): null

11-03-2025T03:03:33 - [TEST_STEP][PASSED] - setValueToCellByIndex(sheet01, n, 0, dashboardName): null

11-03-2025T03:03:33 - [TEST_STEP][PASSED] - setValueToCellByIndex(sheet01, n, 1, dZO): null

11-03-2025T03:03:33 - [TEST_STEP][PASSED] - setValueToCellByIndex(sheet01, n, 2, period): null

11-03-2025T03:03:33 - [TEST_STEP][PASSED] - setValueToCellByIndex(sheet01, n, 3, viruchka): null

11-03-2025T03:03:33 - [TEST_STEP][PASSED] - setValueToCellByIndex(sheet01, n, 4, todaysDate): null

11-03-2025T03:03:33 - [TEST_STEP][PASSED] - n = n + 1: null

11-03-2025T03:03:33 - [TEST_STEP][PASSED] - saveWorkbook(excelFilePath, workbook01): null

11-03-2025T03:03:33 - [TEST_STEP][PASSED] - click(findTestObject("Выручка по ДЗО/Фильтр Выручка")): Object: 'Object Repository/Выручка по ДЗО/Фильтр Выручка' is clicked on

11-03-2025T03:03:33 - [MESSAGE][PASSED] - Object: 'Object Repository/Выручка по ДЗО/Фильтр Выручка' is clicked on

11-03-2025T03:03:33 - [TEST_STEP][PASSED] - click(findTestObject("Выручка по ДЗО/Внутренний оборот в фильтре Выручка")): Object: 'Object Repository/Выручка по ДЗО/Внутренний оборот в фильтре Выручка' is clicked on

11-03-2025T03:03:34 - [MESSAGE][PASSED] - Object: 'Object Repository/Выручка по ДЗО/Внутренний оборот в фильтре Выручка' is clicked on

11-03-2025T03:03:34 - [TEST_STEP][PASSED] - click(findTestObject("Выручка по ДЗО/Применить в фильтре Выручка")): Object: 'Object Repository/Выручка по ДЗО/Применить в фильтре Выручка' is clicked on

11-03-2025T03:03:34 - [MESSAGE][PASSED] - Object: 'Object Repository/Выручка по ДЗО/Применить в фильтре Выручка' is clicked on

11-03-2025T03:03:34 - [TEST_STEP][PASSED] - Script1687405711779.Test(todaysDate): null

11-03-2025T03:03:34 - [TEST_STEP][PASSED] - delay(10): Delayed 10 second(s)

11-03-2025T03:03:44 - [MESSAGE][PASSED] - Delayed 10 second(s)

11-03-2025T03:03:44 - [TEST_STEP][FAILED] - if (verifyTextNotPresent("нет данных", false) == true): Text 'нет данных' is present on page  (Root cause: com.kms.katalon.core.exception.StepFailedException: Text 'нет данных' is present on page 
	at com.kms.katalon.core.webui.keyword.internal.WebUIKeywordMain.stepFailed(WebUIKeywordMain.groovy:64)
	at com.kms.katalon.core.webui.keyword.builtin.VerifyTextNotPresentKeyword$_verifyTextNotPresent_closure1.doCall(VerifyTextNotPresentKeyword.groovy:77)
	at com.kms.katalon.core.webui.keyword.builtin.VerifyTextNotPresentKeyword$_verifyTextNotPresent_closure1.call(VerifyTextNotPresentKeyword.groovy)
	at com.kms.katalon.core.webui.keyword.internal.WebUIKeywordMain.runKeyword(WebUIKeywordMain.groovy:20)
	at com.kms.katalon.core.webui.keyword.builtin.VerifyTextNotPresentKeyword.verifyTextNotPresent(VerifyTextNotPresentKeyword.groovy:82)
	at com.kms.katalon.core.webui.keyword.builtin.VerifyTextNotPresentKeyword.execute(VerifyTextNotPresentKeyword.groovy:68)
	at com.kms.katalon.core.keyword.internal.KeywordExecutor.executeKeywordForPlatform(KeywordExecutor.groovy:74)
	at com.kms.katalon.core.webui.keyword.WebUiBuiltInKeywords.verifyTextNotPresent(WebUiBuiltInKeywords.groovy:1795)
	at Выручка по ДЗО отображение данных все филиалы.Test(Выручка по ДЗО отображение данных все филиалы:772)
	at Выручка по ДЗО отображение данных все филиалы.Tumbler(Выручка по ДЗО отображение данных все филиалы:726)
	at Выручка по ДЗО отображение данных все филиалы.Change(Выручка по ДЗО отображение данных все филиалы:760)
	at Выручка по ДЗО отображение данных все филиалы.DzoTest(Выручка по ДЗО отображение данных все филиалы:292)
	at Выручка по ДЗО отображение данных все филиалы.run(Выручка по ДЗО отображение данных все филиалы:122)
	at com.kms.katalon.core.main.ScriptEngine.run(ScriptEngine.java:194)
	at com.kms.katalon.core.main.ScriptEngine.runScriptAsRawText(ScriptEngine.java:119)
	at com.kms.katalon.core.main.TestCaseExecutor.runScript(TestCaseExecutor.java:448)
	at com.kms.katalon.core.main.TestCaseExecutor.doExecute(TestCaseExecutor.java:439)
	at com.kms.katalon.core.main.TestCaseExecutor.processExecutionPhase(TestCaseExecutor.java:418)
	at com.kms.katalon.core.main.TestCaseExecutor.accessMainPhase(TestCaseExecutor.java:410)
	at com.kms.katalon.core.main.TestCaseExecutor.execute(TestCaseExecutor.java:285)
	at com.kms.katalon.core.common.CommonExecutor.accessTestCaseMainPhase(CommonExecutor.java:65)
	at com.kms.katalon.core.main.TestSuiteExecutor.accessTestSuiteMainPhase(TestSuiteExecutor.java:150)
	at com.kms.katalon.core.main.TestSuiteExecutor.execute(TestSuiteExecutor.java:106)
	at com.kms.katalon.core.main.TestCaseMain.startTestSuite(TestCaseMain.java:180)
	at TempTestSuite1741649958618.run(TempTestSuite1741649958618.groovy:35)
	at java.base/jdk.internal.reflect.NativeMethodAccessorImpl.invoke0(Native Method)
	at java.base/jdk.internal.reflect.NativeMethodAccessorImpl.invoke(NativeMethodAccessorImpl.java:77)
	at java.base/jdk.internal.reflect.DelegatingMethodAccessorImpl.invoke(DelegatingMethodAccessorImpl.java:43)
)

11-03-2025T03:03:45 - [MESSAGE][FAILED] - Text 'нет данных' is present on page  (Root cause: com.kms.katalon.core.exception.StepFailedException: Text 'нет данных' is present on page 
	at com.kms.katalon.core.webui.keyword.internal.WebUIKeywordMain.stepFailed(WebUIKeywordMain.groovy:64)
	at com.kms.katalon.core.webui.keyword.builtin.VerifyTextNotPresentKeyword$_verifyTextNotPresent_closure1.doCall(VerifyTextNotPresentKeyword.groovy:77)
	at com.kms.katalon.core.webui.keyword.builtin.VerifyTextNotPresentKeyword$_verifyTextNotPresent_closure1.call(VerifyTextNotPresentKeyword.groovy)
	at com.kms.katalon.core.webui.keyword.internal.WebUIKeywordMain.runKeyword(WebUIKeywordMain.groovy:20)
	at com.kms.katalon.core.webui.keyword.builtin.VerifyTextNotPresentKeyword.verifyTextNotPresent(VerifyTextNotPresentKeyword.groovy:82)
	at com.kms.katalon.core.webui.keyword.builtin.VerifyTextNotPresentKeyword.execute(VerifyTextNotPresentKeyword.groovy:68)
	at com.kms.katalon.core.keyword.internal.KeywordExecutor.executeKeywordForPlatform(KeywordExecutor.groovy:74)
	at com.kms.katalon.core.webui.keyword.WebUiBuiltInKeywords.verifyTextNotPresent(WebUiBuiltInKeywords.groovy:1795)
	at Выручка по ДЗО отображение данных все филиалы.Test(Выручка по ДЗО отображение данных все филиалы:772)
	at Выручка по ДЗО отображение данных все филиалы.Tumbler(Выручка по ДЗО отображение данных все филиалы:726)
	at Выручка по ДЗО отображение данных все филиалы.Change(Выручка по ДЗО отображение данных все филиалы:760)
	at Выручка по ДЗО отображение данных все филиалы.DzoTest(Выручка по ДЗО отображение данных все филиалы:292)
	at Выручка по ДЗО отображение данных все филиалы.run(Выручка по ДЗО отображение данных все филиалы:122)
	at com.kms.katalon.core.main.ScriptEngine.run(ScriptEngine.java:194)
	at com.kms.katalon.core.main.ScriptEngine.runScriptAsRawText(ScriptEngine.java:119)
	at com.kms.katalon.core.main.TestCaseExecutor.runScript(TestCaseExecutor.java:448)
	at com.kms.katalon.core.main.TestCaseExecutor.doExecute(TestCaseExecutor.java:439)
	at com.kms.katalon.core.main.TestCaseExecutor.processExecutionPhase(TestCaseExecutor.java:418)
	at com.kms.katalon.core.main.TestCaseExecutor.accessMainPhase(TestCaseExecutor.java:410)
	at com.kms.katalon.core.main.TestCaseExecutor.execute(TestCaseExecutor.java:285)
	at com.kms.katalon.core.common.CommonExecutor.accessTestCaseMainPhase(CommonExecutor.java:65)
	at com.kms.katalon.core.main.TestSuiteExecutor.accessTestSuiteMainPhase(TestSuiteExecutor.java:150)
	at com.kms.katalon.core.main.TestSuiteExecutor.execute(TestSuiteExecutor.java:106)
	at com.kms.katalon.core.main.TestCaseMain.startTestSuite(TestCaseMain.java:180)
	at TempTestSuite1741649958618.run(TempTestSuite1741649958618.groovy:35)
	at java.base/jdk.internal.reflect.NativeMethodAccessorImpl.invoke0(Native Method)
	at java.base/jdk.internal.reflect.NativeMethodAccessorImpl.invoke(NativeMethodAccessorImpl.java:77)
	at java.base/jdk.internal.reflect.DelegatingMethodAccessorImpl.invoke(DelegatingMethodAccessorImpl.java:43)
)

11-03-2025T03:03:45 - [TEST_STEP][PASSED] - else: null

11-03-2025T03:03:45 - [TEST_STEP][PASSED] - Script1687405711779.WriteToExcel(todaysDate): null

11-03-2025T03:03:45 - [TEST_STEP][PASSED] - sheetName = "Sheet1": null

11-03-2025T03:03:45 - [TEST_STEP][PASSED] - data = findTestData("PlanFact"): null

11-03-2025T03:03:45 - [TEST_STEP][PASSED] - n = data.getRowNumbers() + 1: null

11-03-2025T03:03:45 - [TEST_STEP][PASSED] - dZO = getText(findTestObject("Выручка по ДЗО/Фильтр ДЗО")): Text of object 'Object Repository/Выручка по ДЗО/Фильтр ДЗО' is: 'ПАО Россети - РаспредКомплекс - Россети Северный Кавказ (ГК) - АО "Дагестанская сетевая компания"'

11-03-2025T03:03:45 - [MESSAGE][PASSED] - Text of object 'Object Repository/Выручка по ДЗО/Фильтр ДЗО' is: 'ПАО Россети - РаспредКомплекс - Россети Северный Кавказ (ГК) - АО "Дагестанская сетевая компания"'

11-03-2025T03:03:45 - [TEST_STEP][PASSED] - period = getText(findTestObject("Выручка по ДЗО/Фильтр Дата")): Text of object 'Object Repository/Выручка по ДЗО/Фильтр Дата' is: 'Январь 2025 года'

11-03-2025T03:03:46 - [MESSAGE][PASSED] - Text of object 'Object Repository/Выручка по ДЗО/Фильтр Дата' is: 'Январь 2025 года'

11-03-2025T03:03:46 - [TEST_STEP][PASSED] - viruchka = getText(findTestObject("Выручка по ДЗО/Фильтр Выручка")): Text of object 'Object Repository/Выручка по ДЗО/Фильтр Выручка' is: 'внутренний оборот'

11-03-2025T03:03:46 - [MESSAGE][PASSED] - Text of object 'Object Repository/Выручка по ДЗО/Фильтр Выручка' is: 'внутренний оборот'

11-03-2025T03:03:46 - [TEST_STEP][PASSED] - if (viruchka == "Выбрано: 2"): null

11-03-2025T03:03:46 - [TEST_STEP][PASSED] - if (viruchka == "Все"): null

11-03-2025T03:03:46 - [TEST_STEP][PASSED] - println(period): null

11-03-2025T03:03:46 - [TEST_STEP][PASSED] - dashboardName = "Выручка по ДЗО": null

11-03-2025T03:03:46 - [TEST_STEP][PASSED] - workbook01 = getWorkbook(excelFilePath): null

11-03-2025T03:03:46 - [TEST_STEP][PASSED] - sheet01 = getExcelSheet(workbook01, sheetName): null

11-03-2025T03:03:46 - [TEST_STEP][PASSED] - setValueToCellByIndex(sheet01, n, 0, dashboardName): null

11-03-2025T03:03:46 - [TEST_STEP][PASSED] - setValueToCellByIndex(sheet01, n, 1, dZO): null

11-03-2025T03:03:46 - [TEST_STEP][PASSED] - setValueToCellByIndex(sheet01, n, 2, period): null

11-03-2025T03:03:46 - [TEST_STEP][PASSED] - setValueToCellByIndex(sheet01, n, 3, viruchka): null

11-03-2025T03:03:46 - [TEST_STEP][PASSED] - setValueToCellByIndex(sheet01, n, 4, todaysDate): null

11-03-2025T03:03:46 - [TEST_STEP][PASSED] - n = n + 1: null

11-03-2025T03:03:46 - [TEST_STEP][PASSED] - saveWorkbook(excelFilePath, workbook01): null

11-03-2025T03:03:46 - [TEST_STEP][PASSED] - click(findTestObject("Выручка по ДЗО/Фильтр Выручка")): Object: 'Object Repository/Выручка по ДЗО/Фильтр Выручка' is clicked on

11-03-2025T03:03:46 - [MESSAGE][PASSED] - Object: 'Object Repository/Выручка по ДЗО/Фильтр Выручка' is clicked on

11-03-2025T03:03:46 - [TEST_STEP][PASSED] - click(findTestObject("Выручка по ДЗО/По передаче в фильтре Выручка")): Object: 'Object Repository/Выручка по ДЗО/По передаче в фильтре Выручка' is clicked on

11-03-2025T03:03:47 - [MESSAGE][PASSED] - Object: 'Object Repository/Выручка по ДЗО/По передаче в фильтре Выручка' is clicked on

11-03-2025T03:03:47 - [TEST_STEP][PASSED] - click(findTestObject("Выручка по ДЗО/Применить в фильтре Выручка")): Object: 'Object Repository/Выручка по ДЗО/Применить в фильтре Выручка' is clicked on

11-03-2025T03:03:48 - [MESSAGE][PASSED] - Object: 'Object Repository/Выручка по ДЗО/Применить в фильтре Выручка' is clicked on

11-03-2025T03:03:48 - [TEST_STEP][PASSED] - Script1687405711779.Test(todaysDate): null

11-03-2025T03:03:48 - [TEST_STEP][PASSED] - delay(10): Delayed 10 second(s)

11-03-2025T03:03:58 - [MESSAGE][PASSED] - Delayed 10 second(s)

11-03-2025T03:03:58 - [TEST_STEP][FAILED] - if (verifyTextNotPresent("нет данных", false) == true): Text 'нет данных' is present on page  (Root cause: com.kms.katalon.core.exception.StepFailedException: Text 'нет данных' is present on page 
	at com.kms.katalon.core.webui.keyword.internal.WebUIKeywordMain.stepFailed(WebUIKeywordMain.groovy:64)
	at com.kms.katalon.core.webui.keyword.builtin.VerifyTextNotPresentKeyword$_verifyTextNotPresent_closure1.doCall(VerifyTextNotPresentKeyword.groovy:77)
	at com.kms.katalon.core.webui.keyword.builtin.VerifyTextNotPresentKeyword$_verifyTextNotPresent_closure1.call(VerifyTextNotPresentKeyword.groovy)
	at com.kms.katalon.core.webui.keyword.internal.WebUIKeywordMain.runKeyword(WebUIKeywordMain.groovy:20)
	at com.kms.katalon.core.webui.keyword.builtin.VerifyTextNotPresentKeyword.verifyTextNotPresent(VerifyTextNotPresentKeyword.groovy:82)
	at com.kms.katalon.core.webui.keyword.builtin.VerifyTextNotPresentKeyword.execute(VerifyTextNotPresentKeyword.groovy:68)
	at com.kms.katalon.core.keyword.internal.KeywordExecutor.executeKeywordForPlatform(KeywordExecutor.groovy:74)
	at com.kms.katalon.core.webui.keyword.WebUiBuiltInKeywords.verifyTextNotPresent(WebUiBuiltInKeywords.groovy:1795)
	at Выручка по ДЗО отображение данных все филиалы.Test(Выручка по ДЗО отображение данных все филиалы:772)
	at Выручка по ДЗО отображение данных все филиалы.Tumbler(Выручка по ДЗО отображение данных все филиалы:734)
	at Выручка по ДЗО отображение данных все филиалы.Change(Выручка по ДЗО отображение данных все филиалы:760)
	at Выручка по ДЗО отображение данных все филиалы.DzoTest(Выручка по ДЗО отображение данных все филиалы:292)
	at Выручка по ДЗО отображение данных все филиалы.run(Выручка по ДЗО отображение данных все филиалы:122)
	at com.kms.katalon.core.main.ScriptEngine.run(ScriptEngine.java:194)
	at com.kms.katalon.core.main.ScriptEngine.runScriptAsRawText(ScriptEngine.java:119)
	at com.kms.katalon.core.main.TestCaseExecutor.runScript(TestCaseExecutor.java:448)
	at com.kms.katalon.core.main.TestCaseExecutor.doExecute(TestCaseExecutor.java:439)
	at com.kms.katalon.core.main.TestCaseExecutor.processExecutionPhase(TestCaseExecutor.java:418)
	at com.kms.katalon.core.main.TestCaseExecutor.accessMainPhase(TestCaseExecutor.java:410)
	at com.kms.katalon.core.main.TestCaseExecutor.execute(TestCaseExecutor.java:285)
	at com.kms.katalon.core.common.CommonExecutor.accessTestCaseMainPhase(CommonExecutor.java:65)
	at com.kms.katalon.core.main.TestSuiteExecutor.accessTestSuiteMainPhase(TestSuiteExecutor.java:150)
	at com.kms.katalon.core.main.TestSuiteExecutor.execute(TestSuiteExecutor.java:106)
	at com.kms.katalon.core.main.TestCaseMain.startTestSuite(TestCaseMain.java:180)
	at TempTestSuite1741649958618.run(TempTestSuite1741649958618.groovy:35)
	at java.base/jdk.internal.reflect.NativeMethodAccessorImpl.invoke0(Native Method)
	at java.base/jdk.internal.reflect.NativeMethodAccessorImpl.invoke(NativeMethodAccessorImpl.java:77)
	at java.base/jdk.internal.reflect.DelegatingMethodAccessorImpl.invoke(DelegatingMethodAccessorImpl.java:43)
)

11-03-2025T03:03:58 - [MESSAGE][FAILED] - Text 'нет данных' is present on page  (Root cause: com.kms.katalon.core.exception.StepFailedException: Text 'нет данных' is present on page 
	at com.kms.katalon.core.webui.keyword.internal.WebUIKeywordMain.stepFailed(WebUIKeywordMain.groovy:64)
	at com.kms.katalon.core.webui.keyword.builtin.VerifyTextNotPresentKeyword$_verifyTextNotPresent_closure1.doCall(VerifyTextNotPresentKeyword.groovy:77)
	at com.kms.katalon.core.webui.keyword.builtin.VerifyTextNotPresentKeyword$_verifyTextNotPresent_closure1.call(VerifyTextNotPresentKeyword.groovy)
	at com.kms.katalon.core.webui.keyword.internal.WebUIKeywordMain.runKeyword(WebUIKeywordMain.groovy:20)
	at com.kms.katalon.core.webui.keyword.builtin.VerifyTextNotPresentKeyword.verifyTextNotPresent(VerifyTextNotPresentKeyword.groovy:82)
	at com.kms.katalon.core.webui.keyword.builtin.VerifyTextNotPresentKeyword.execute(VerifyTextNotPresentKeyword.groovy:68)
	at com.kms.katalon.core.keyword.internal.KeywordExecutor.executeKeywordForPlatform(KeywordExecutor.groovy:74)
	at com.kms.katalon.core.webui.keyword.WebUiBuiltInKeywords.verifyTextNotPresent(WebUiBuiltInKeywords.groovy:1795)
	at Выручка по ДЗО отображение данных все филиалы.Test(Выручка по ДЗО отображение данных все филиалы:772)
	at Выручка по ДЗО отображение данных все филиалы.Tumbler(Выручка по ДЗО отображение данных все филиалы:734)
	at Выручка по ДЗО отображение данных все филиалы.Change(Выручка по ДЗО отображение данных все филиалы:760)
	at Выручка по ДЗО отображение данных все филиалы.DzoTest(Выручка по ДЗО отображение данных все филиалы:292)
	at Выручка по ДЗО отображение данных все филиалы.run(Выручка по ДЗО отображение данных все филиалы:122)
	at com.kms.katalon.core.main.ScriptEngine.run(ScriptEngine.java:194)
	at com.kms.katalon.core.main.ScriptEngine.runScriptAsRawText(ScriptEngine.java:119)
	at com.kms.katalon.core.main.TestCaseExecutor.runScript(TestCaseExecutor.java:448)
	at com.kms.katalon.core.main.TestCaseExecutor.doExecute(TestCaseExecutor.java:439)
	at com.kms.katalon.core.main.TestCaseExecutor.processExecutionPhase(TestCaseExecutor.java:418)
	at com.kms.katalon.core.main.TestCaseExecutor.accessMainPhase(TestCaseExecutor.java:410)
	at com.kms.katalon.core.main.TestCaseExecutor.execute(TestCaseExecutor.java:285)
	at com.kms.katalon.core.common.CommonExecutor.accessTestCaseMainPhase(CommonExecutor.java:65)
	at com.kms.katalon.core.main.TestSuiteExecutor.accessTestSuiteMainPhase(TestSuiteExecutor.java:150)
	at com.kms.katalon.core.main.TestSuiteExecutor.execute(TestSuiteExecutor.java:106)
	at com.kms.katalon.core.main.TestCaseMain.startTestSuite(TestCaseMain.java:180)
	at TempTestSuite1741649958618.run(TempTestSuite1741649958618.groovy:35)
	at java.base/jdk.internal.reflect.NativeMethodAccessorImpl.invoke0(Native Method)
	at java.base/jdk.internal.reflect.NativeMethodAccessorImpl.invoke(NativeMethodAccessorImpl.java:77)
	at java.base/jdk.internal.reflect.DelegatingMethodAccessorImpl.invoke(DelegatingMethodAccessorImpl.java:43)
)

11-03-2025T03:03:58 - [TEST_STEP][PASSED] - else: null

11-03-2025T03:03:58 - [TEST_STEP][PASSED] - Script1687405711779.WriteToExcel(todaysDate): null

11-03-2025T03:03:58 - [TEST_STEP][PASSED] - sheetName = "Sheet1": null

11-03-2025T03:03:58 - [TEST_STEP][PASSED] - data = findTestData("PlanFact"): null

11-03-2025T03:03:58 - [TEST_STEP][PASSED] - n = data.getRowNumbers() + 1: null

11-03-2025T03:03:58 - [TEST_STEP][PASSED] - dZO = getText(findTestObject("Выручка по ДЗО/Фильтр ДЗО")): Text of object 'Object Repository/Выручка по ДЗО/Фильтр ДЗО' is: 'ПАО Россети - РаспредКомплекс - Россети Северный Кавказ (ГК) - АО "Дагестанская сетевая компания"'

11-03-2025T03:03:58 - [MESSAGE][PASSED] - Text of object 'Object Repository/Выручка по ДЗО/Фильтр ДЗО' is: 'ПАО Россети - РаспредКомплекс - Россети Северный Кавказ (ГК) - АО "Дагестанская сетевая компания"'

11-03-2025T03:03:58 - [TEST_STEP][PASSED] - period = getText(findTestObject("Выручка по ДЗО/Фильтр Дата")): Text of object 'Object Repository/Выручка по ДЗО/Фильтр Дата' is: 'Январь 2025 года'

11-03-2025T03:03:59 - [MESSAGE][PASSED] - Text of object 'Object Repository/Выручка по ДЗО/Фильтр Дата' is: 'Январь 2025 года'

11-03-2025T03:03:59 - [TEST_STEP][PASSED] - viruchka = getText(findTestObject("Выручка по ДЗО/Фильтр Выручка")): Text of object 'Object Repository/Выручка по ДЗО/Фильтр Выручка' is: 'внутренний оборот, по передаче'

11-03-2025T03:03:59 - [MESSAGE][PASSED] - Text of object 'Object Repository/Выручка по ДЗО/Фильтр Выручка' is: 'внутренний оборот, по передаче'

11-03-2025T03:03:59 - [TEST_STEP][PASSED] - if (viruchka == "Выбрано: 2"): null

11-03-2025T03:03:59 - [TEST_STEP][PASSED] - if (viruchka == "Все"): null

11-03-2025T03:03:59 - [TEST_STEP][PASSED] - println(period): null

11-03-2025T03:03:59 - [TEST_STEP][PASSED] - dashboardName = "Выручка по ДЗО": null

11-03-2025T03:03:59 - [TEST_STEP][PASSED] - workbook01 = getWorkbook(excelFilePath): null

11-03-2025T03:03:59 - [TEST_STEP][PASSED] - sheet01 = getExcelSheet(workbook01, sheetName): null

11-03-2025T03:03:59 - [TEST_STEP][PASSED] - setValueToCellByIndex(sheet01, n, 0, dashboardName): null

11-03-2025T03:03:59 - [TEST_STEP][PASSED] - setValueToCellByIndex(sheet01, n, 1, dZO): null

11-03-2025T03:03:59 - [TEST_STEP][PASSED] - setValueToCellByIndex(sheet01, n, 2, period): null

11-03-2025T03:03:59 - [TEST_STEP][PASSED] - setValueToCellByIndex(sheet01, n, 3, viruchka): null

11-03-2025T03:03:59 - [TEST_STEP][PASSED] - setValueToCellByIndex(sheet01, n, 4, todaysDate): null

11-03-2025T03:03:59 - [TEST_STEP][PASSED] - n = n + 1: null

11-03-2025T03:03:59 - [TEST_STEP][PASSED] - saveWorkbook(excelFilePath, workbook01): null

11-03-2025T03:03:59 - [TEST_STEP][PASSED] - click(findTestObject("Выручка по ДЗО/Фильтр Выручка")): Object: 'Object Repository/Выручка по ДЗО/Фильтр Выручка' is clicked on

11-03-2025T03:04:00 - [MESSAGE][PASSED] - Object: 'Object Repository/Выручка по ДЗО/Фильтр Выручка' is clicked on

11-03-2025T03:04:00 - [TEST_STEP][PASSED] - click(findTestObject("Выручка по ДЗО/Снять выделение в фильтре Выручка")): Object: 'Object Repository/Выручка по ДЗО/Снять выделение в фильтре Выручка' is clicked on

11-03-2025T03:04:00 - [MESSAGE][PASSED] - Object: 'Object Repository/Выручка по ДЗО/Снять выделение в фильтре Выручка' is clicked on

11-03-2025T03:04:00 - [TEST_STEP][PASSED] - click(findTestObject("Выручка по ДЗО/По передаче в фильтре Выручка")): Object: 'Object Repository/Выручка по ДЗО/По передаче в фильтре Выручка' is clicked on

11-03-2025T03:04:00 - [MESSAGE][PASSED] - Object: 'Object Repository/Выручка по ДЗО/По передаче в фильтре Выручка' is clicked on

11-03-2025T03:04:00 - [TEST_STEP][PASSED] - click(findTestObject("Выручка по ДЗО/Применить в фильтре Выручка")): Object: 'Object Repository/Выручка по ДЗО/Применить в фильтре Выручка' is clicked on

11-03-2025T03:04:01 - [MESSAGE][PASSED] - Object: 'Object Repository/Выручка по ДЗО/Применить в фильтре Выручка' is clicked on

11-03-2025T03:04:01 - [TEST_STEP][PASSED] - Script1687405711779.Test(todaysDate): null

11-03-2025T03:04:01 - [TEST_STEP][PASSED] - delay(10): Delayed 10 second(s)

11-03-2025T03:04:11 - [MESSAGE][PASSED] - Delayed 10 second(s)

11-03-2025T03:04:11 - [TEST_STEP][FAILED] - if (verifyTextNotPresent("нет данных", false) == true): Text 'нет данных' is present on page  (Root cause: com.kms.katalon.core.exception.StepFailedException: Text 'нет данных' is present on page 
	at com.kms.katalon.core.webui.keyword.internal.WebUIKeywordMain.stepFailed(WebUIKeywordMain.groovy:64)
	at com.kms.katalon.core.webui.keyword.builtin.VerifyTextNotPresentKeyword$_verifyTextNotPresent_closure1.doCall(VerifyTextNotPresentKeyword.groovy:77)
	at com.kms.katalon.core.webui.keyword.builtin.VerifyTextNotPresentKeyword$_verifyTextNotPresent_closure1.call(VerifyTextNotPresentKeyword.groovy)
	at com.kms.katalon.core.webui.keyword.internal.WebUIKeywordMain.runKeyword(WebUIKeywordMain.groovy:20)
	at com.kms.katalon.core.webui.keyword.builtin.VerifyTextNotPresentKeyword.verifyTextNotPresent(VerifyTextNotPresentKeyword.groovy:82)
	at com.kms.katalon.core.webui.keyword.builtin.VerifyTextNotPresentKeyword.execute(VerifyTextNotPresentKeyword.groovy:68)
	at com.kms.katalon.core.keyword.internal.KeywordExecutor.executeKeywordForPlatform(KeywordExecutor.groovy:74)
	at com.kms.katalon.core.webui.keyword.WebUiBuiltInKeywords.verifyTextNotPresent(WebUiBuiltInKeywords.groovy:1795)
	at Выручка по ДЗО отображение данных все филиалы.Test(Выручка по ДЗО отображение данных все филиалы:772)
	at Выручка по ДЗО отображение данных все филиалы.Tumbler(Выручка по ДЗО отображение данных все филиалы:744)
	at Выручка по ДЗО отображение данных все филиалы.Change(Выручка по ДЗО отображение данных все филиалы:760)
	at Выручка по ДЗО отображение данных все филиалы.DzoTest(Выручка по ДЗО отображение данных все филиалы:292)
	at Выручка по ДЗО отображение данных все филиалы.run(Выручка по ДЗО отображение данных все филиалы:122)
	at com.kms.katalon.core.main.ScriptEngine.run(ScriptEngine.java:194)
	at com.kms.katalon.core.main.ScriptEngine.runScriptAsRawText(ScriptEngine.java:119)
	at com.kms.katalon.core.main.TestCaseExecutor.runScript(TestCaseExecutor.java:448)
	at com.kms.katalon.core.main.TestCaseExecutor.doExecute(TestCaseExecutor.java:439)
	at com.kms.katalon.core.main.TestCaseExecutor.processExecutionPhase(TestCaseExecutor.java:418)
	at com.kms.katalon.core.main.TestCaseExecutor.accessMainPhase(TestCaseExecutor.java:410)
	at com.kms.katalon.core.main.TestCaseExecutor.execute(TestCaseExecutor.java:285)
	at com.kms.katalon.core.common.CommonExecutor.accessTestCaseMainPhase(CommonExecutor.java:65)
	at com.kms.katalon.core.main.TestSuiteExecutor.accessTestSuiteMainPhase(TestSuiteExecutor.java:150)
	at com.kms.katalon.core.main.TestSuiteExecutor.execute(TestSuiteExecutor.java:106)
	at com.kms.katalon.core.main.TestCaseMain.startTestSuite(TestCaseMain.java:180)
	at TempTestSuite1741649958618.run(TempTestSuite1741649958618.groovy:35)
	at java.base/jdk.internal.reflect.NativeMethodAccessorImpl.invoke0(Native Method)
	at java.base/jdk.internal.reflect.NativeMethodAccessorImpl.invoke(NativeMethodAccessorImpl.java:77)
	at java.base/jdk.internal.reflect.DelegatingMethodAccessorImpl.invoke(DelegatingMethodAccessorImpl.java:43)
)

11-03-2025T03:04:12 - [MESSAGE][FAILED] - Text 'нет данных' is present on page  (Root cause: com.kms.katalon.core.exception.StepFailedException: Text 'нет данных' is present on page 
	at com.kms.katalon.core.webui.keyword.internal.WebUIKeywordMain.stepFailed(WebUIKeywordMain.groovy:64)
	at com.kms.katalon.core.webui.keyword.builtin.VerifyTextNotPresentKeyword$_verifyTextNotPresent_closure1.doCall(VerifyTextNotPresentKeyword.groovy:77)
	at com.kms.katalon.core.webui.keyword.builtin.VerifyTextNotPresentKeyword$_verifyTextNotPresent_closure1.call(VerifyTextNotPresentKeyword.groovy)
	at com.kms.katalon.core.webui.keyword.internal.WebUIKeywordMain.runKeyword(WebUIKeywordMain.groovy:20)
	at com.kms.katalon.core.webui.keyword.builtin.VerifyTextNotPresentKeyword.verifyTextNotPresent(VerifyTextNotPresentKeyword.groovy:82)
	at com.kms.katalon.core.webui.keyword.builtin.VerifyTextNotPresentKeyword.execute(VerifyTextNotPresentKeyword.groovy:68)
	at com.kms.katalon.core.keyword.internal.KeywordExecutor.executeKeywordForPlatform(KeywordExecutor.groovy:74)
	at com.kms.katalon.core.webui.keyword.WebUiBuiltInKeywords.verifyTextNotPresent(WebUiBuiltInKeywords.groovy:1795)
	at Выручка по ДЗО отображение данных все филиалы.Test(Выручка по ДЗО отображение данных все филиалы:772)
	at Выручка по ДЗО отображение данных все филиалы.Tumbler(Выручка по ДЗО отображение данных все филиалы:744)
	at Выручка по ДЗО отображение данных все филиалы.Change(Выручка по ДЗО отображение данных все филиалы:760)
	at Выручка по ДЗО отображение данных все филиалы.DzoTest(Выручка по ДЗО отображение данных все филиалы:292)
	at Выручка по ДЗО отображение данных все филиалы.run(Выручка по ДЗО отображение данных все филиалы:122)
	at com.kms.katalon.core.main.ScriptEngine.run(ScriptEngine.java:194)
	at com.kms.katalon.core.main.ScriptEngine.runScriptAsRawText(ScriptEngine.java:119)
	at com.kms.katalon.core.main.TestCaseExecutor.runScript(TestCaseExecutor.java:448)
	at com.kms.katalon.core.main.TestCaseExecutor.doExecute(TestCaseExecutor.java:439)
	at com.kms.katalon.core.main.TestCaseExecutor.processExecutionPhase(TestCaseExecutor.java:418)
	at com.kms.katalon.core.main.TestCaseExecutor.accessMainPhase(TestCaseExecutor.java:410)
	at com.kms.katalon.core.main.TestCaseExecutor.execute(TestCaseExecutor.java:285)
	at com.kms.katalon.core.common.CommonExecutor.accessTestCaseMainPhase(CommonExecutor.java:65)
	at com.kms.katalon.core.main.TestSuiteExecutor.accessTestSuiteMainPhase(TestSuiteExecutor.java:150)
	at com.kms.katalon.core.main.TestSuiteExecutor.execute(TestSuiteExecutor.java:106)
	at com.kms.katalon.core.main.TestCaseMain.startTestSuite(TestCaseMain.java:180)
	at TempTestSuite1741649958618.run(TempTestSuite1741649958618.groovy:35)
	at java.base/jdk.internal.reflect.NativeMethodAccessorImpl.invoke0(Native Method)
	at java.base/jdk.internal.reflect.NativeMethodAccessorImpl.invoke(NativeMethodAccessorImpl.java:77)
	at java.base/jdk.internal.reflect.DelegatingMethodAccessorImpl.invoke(DelegatingMethodAccessorImpl.java:43)
)

11-03-2025T03:04:12 - [TEST_STEP][PASSED] - else: null

11-03-2025T03:04:12 - [TEST_STEP][PASSED] - Script1687405711779.WriteToExcel(todaysDate): null

11-03-2025T03:04:12 - [TEST_STEP][PASSED] - sheetName = "Sheet1": null

11-03-2025T03:04:12 - [TEST_STEP][PASSED] - data = findTestData("PlanFact"): null

11-03-2025T03:04:12 - [TEST_STEP][PASSED] - n = data.getRowNumbers() + 1: null

11-03-2025T03:04:12 - [TEST_STEP][PASSED] - dZO = getText(findTestObject("Выручка по ДЗО/Фильтр ДЗО")): Text of object 'Object Repository/Выручка по ДЗО/Фильтр ДЗО' is: 'ПАО Россети - РаспредКомплекс - Россети Северный Кавказ (ГК) - АО "Дагестанская сетевая компания"'

11-03-2025T03:04:12 - [MESSAGE][PASSED] - Text of object 'Object Repository/Выручка по ДЗО/Фильтр ДЗО' is: 'ПАО Россети - РаспредКомплекс - Россети Северный Кавказ (ГК) - АО "Дагестанская сетевая компания"'

11-03-2025T03:04:12 - [TEST_STEP][PASSED] - period = getText(findTestObject("Выручка по ДЗО/Фильтр Дата")): Text of object 'Object Repository/Выручка по ДЗО/Фильтр Дата' is: 'Январь 2025 года'

11-03-2025T03:04:12 - [MESSAGE][PASSED] - Text of object 'Object Repository/Выручка по ДЗО/Фильтр Дата' is: 'Январь 2025 года'

11-03-2025T03:04:12 - [TEST_STEP][PASSED] - viruchka = getText(findTestObject("Выручка по ДЗО/Фильтр Выручка")): Text of object 'Object Repository/Выручка по ДЗО/Фильтр Выручка' is: 'по передаче'

11-03-2025T03:04:12 - [MESSAGE][PASSED] - Text of object 'Object Repository/Выручка по ДЗО/Фильтр Выручка' is: 'по передаче'

11-03-2025T03:04:12 - [TEST_STEP][PASSED] - if (viruchka == "Выбрано: 2"): null

11-03-2025T03:04:12 - [TEST_STEP][PASSED] - if (viruchka == "Все"): null

11-03-2025T03:04:12 - [TEST_STEP][PASSED] - println(period): null

11-03-2025T03:04:12 - [TEST_STEP][PASSED] - dashboardName = "Выручка по ДЗО": null

11-03-2025T03:04:12 - [TEST_STEP][PASSED] - workbook01 = getWorkbook(excelFilePath): null

11-03-2025T03:04:13 - [TEST_STEP][PASSED] - sheet01 = getExcelSheet(workbook01, sheetName): null

11-03-2025T03:04:13 - [TEST_STEP][PASSED] - setValueToCellByIndex(sheet01, n, 0, dashboardName): null

11-03-2025T03:04:13 - [TEST_STEP][PASSED] - setValueToCellByIndex(sheet01, n, 1, dZO): null

11-03-2025T03:04:13 - [TEST_STEP][PASSED] - setValueToCellByIndex(sheet01, n, 2, period): null

11-03-2025T03:04:13 - [TEST_STEP][PASSED] - setValueToCellByIndex(sheet01, n, 3, viruchka): null

11-03-2025T03:04:13 - [TEST_STEP][PASSED] - setValueToCellByIndex(sheet01, n, 4, todaysDate): null

11-03-2025T03:04:13 - [TEST_STEP][PASSED] - n = n + 1: null

11-03-2025T03:04:13 - [TEST_STEP][PASSED] - saveWorkbook(excelFilePath, workbook01): null

11-03-2025T03:04:13 - [TEST_STEP][PASSED] - click(findTestObject("Выручка по ДЗО/Фильтр Выручка")): Object: 'Object Repository/Выручка по ДЗО/Фильтр Выручка' is clicked on

11-03-2025T03:04:13 - [MESSAGE][PASSED] - Object: 'Object Repository/Выручка по ДЗО/Фильтр Выручка' is clicked on

11-03-2025T03:04:13 - [TEST_STEP][PASSED] - click(findTestObject("Выручка по ДЗО/Снять выделение в фильтре Выручка")): Object: 'Object Repository/Выручка по ДЗО/Снять выделение в фильтре Выручка' is clicked on

11-03-2025T03:04:14 - [MESSAGE][PASSED] - Object: 'Object Repository/Выручка по ДЗО/Снять выделение в фильтре Выручка' is clicked on

11-03-2025T03:04:14 - [TEST_STEP][PASSED] - click(findTestObject("Выручка по ДЗО/Применить в фильтре Выручка")): Object: 'Object Repository/Выручка по ДЗО/Применить в фильтре Выручка' is clicked on

11-03-2025T03:04:14 - [MESSAGE][PASSED] - Object: 'Object Repository/Выручка по ДЗО/Применить в фильтре Выручка' is clicked on

11-03-2025T03:04:14 - [TEST_STEP][PASSED] - click(findTestObject("Выручка по ДЗО/Фильтр ДЗО")): Object: 'Object Repository/Выручка по ДЗО/Фильтр ДЗО' is clicked on

11-03-2025T03:04:15 - [MESSAGE][PASSED] - Object: 'Object Repository/Выручка по ДЗО/Фильтр ДЗО' is clicked on

11-03-2025T03:04:15 - [TEST_STEP][PASSED] - click(findTestObject("Выручка по ДЗО/Снять выделение в фильтре ДЗО")): Object: 'Object Repository/Выручка по ДЗО/Снять выделение в фильтре ДЗО' is clicked on

11-03-2025T03:04:16 - [MESSAGE][PASSED] - Object: 'Object Repository/Выручка по ДЗО/Снять выделение в фильтре ДЗО' is clicked on

11-03-2025T03:04:16 - [TEST_STEP][PASSED] - scrollToElement(findTestObject("Общие объекты/Дагэнергосеть01"), 30): Scroll to object 'Object Repository/Общие объекты/Дагэнергосеть01' successfully

11-03-2025T03:04:16 - [MESSAGE][PASSED] - Scroll to object 'Object Repository/Общие объекты/Дагэнергосеть01' successfully

11-03-2025T03:04:16 - [TEST_STEP][PASSED] - click(findTestObject("Общие объекты/Дагэнергосеть01")): Object: 'Object Repository/Общие объекты/Дагэнергосеть01' is clicked on

11-03-2025T03:04:16 - [MESSAGE][PASSED] - Object: 'Object Repository/Общие объекты/Дагэнергосеть01' is clicked on

11-03-2025T03:04:16 - [TEST_STEP][PASSED] - Script1687405711779.Change(todaysDate): null

11-03-2025T03:04:16 - [TEST_STEP][PASSED] - scrollToElement(findTestObject("Выручка по ДЗО/Заголовок дашборда"), 30): Scroll to object 'Object Repository/Выручка по ДЗО/Заголовок дашборда' successfully

11-03-2025T03:04:17 - [MESSAGE][PASSED] - Scroll to object 'Object Repository/Выручка по ДЗО/Заголовок дашборда' successfully

11-03-2025T03:04:17 - [TEST_STEP][PASSED] - click(findTestObject("Выручка по ДЗО/Применить в фильтре ДЗО")): Object: 'Object Repository/Выручка по ДЗО/Применить в фильтре ДЗО' is clicked on

11-03-2025T03:04:17 - [MESSAGE][PASSED] - Object: 'Object Repository/Выручка по ДЗО/Применить в фильтре ДЗО' is clicked on

11-03-2025T03:04:17 - [TEST_STEP][PASSED] - Script1687405711779.Tumbler(todaysDate): null

11-03-2025T03:04:17 - [TEST_STEP][PASSED] - Script1687405711779.Test(todaysDate): null

11-03-2025T03:04:17 - [TEST_STEP][PASSED] - delay(10): Delayed 10 second(s)

11-03-2025T03:04:27 - [MESSAGE][PASSED] - Delayed 10 second(s)

11-03-2025T03:04:27 - [TEST_STEP][FAILED] - if (verifyTextNotPresent("нет данных", false) == true): Text 'нет данных' is present on page  (Root cause: com.kms.katalon.core.exception.StepFailedException: Text 'нет данных' is present on page 
	at com.kms.katalon.core.webui.keyword.internal.WebUIKeywordMain.stepFailed(WebUIKeywordMain.groovy:64)
	at com.kms.katalon.core.webui.keyword.builtin.VerifyTextNotPresentKeyword$_verifyTextNotPresent_closure1.doCall(VerifyTextNotPresentKeyword.groovy:77)
	at com.kms.katalon.core.webui.keyword.builtin.VerifyTextNotPresentKeyword$_verifyTextNotPresent_closure1.call(VerifyTextNotPresentKeyword.groovy)
	at com.kms.katalon.core.webui.keyword.internal.WebUIKeywordMain.runKeyword(WebUIKeywordMain.groovy:20)
	at com.kms.katalon.core.webui.keyword.builtin.VerifyTextNotPresentKeyword.verifyTextNotPresent(VerifyTextNotPresentKeyword.groovy:82)
	at com.kms.katalon.core.webui.keyword.builtin.VerifyTextNotPresentKeyword.execute(VerifyTextNotPresentKeyword.groovy:68)
	at com.kms.katalon.core.keyword.internal.KeywordExecutor.executeKeywordForPlatform(KeywordExecutor.groovy:74)
	at com.kms.katalon.core.webui.keyword.WebUiBuiltInKeywords.verifyTextNotPresent(WebUiBuiltInKeywords.groovy:1795)
	at Выручка по ДЗО отображение данных все филиалы.Test(Выручка по ДЗО отображение данных все филиалы:772)
	at Выручка по ДЗО отображение данных все филиалы.Tumbler(Выручка по ДЗО отображение данных все филиалы:718)
	at Выручка по ДЗО отображение данных все филиалы.Change(Выручка по ДЗО отображение данных все филиалы:760)
	at Выручка по ДЗО отображение данных все филиалы.DzoTest(Выручка по ДЗО отображение данных все филиалы:298)
	at Выручка по ДЗО отображение данных все филиалы.run(Выручка по ДЗО отображение данных все филиалы:122)
	at com.kms.katalon.core.main.ScriptEngine.run(ScriptEngine.java:194)
	at com.kms.katalon.core.main.ScriptEngine.runScriptAsRawText(ScriptEngine.java:119)
	at com.kms.katalon.core.main.TestCaseExecutor.runScript(TestCaseExecutor.java:448)
	at com.kms.katalon.core.main.TestCaseExecutor.doExecute(TestCaseExecutor.java:439)
	at com.kms.katalon.core.main.TestCaseExecutor.processExecutionPhase(TestCaseExecutor.java:418)
	at com.kms.katalon.core.main.TestCaseExecutor.accessMainPhase(TestCaseExecutor.java:410)
	at com.kms.katalon.core.main.TestCaseExecutor.execute(TestCaseExecutor.java:285)
	at com.kms.katalon.core.common.CommonExecutor.accessTestCaseMainPhase(CommonExecutor.java:65)
	at com.kms.katalon.core.main.TestSuiteExecutor.accessTestSuiteMainPhase(TestSuiteExecutor.java:150)
	at com.kms.katalon.core.main.TestSuiteExecutor.execute(TestSuiteExecutor.java:106)
	at com.kms.katalon.core.main.TestCaseMain.startTestSuite(TestCaseMain.java:180)
	at TempTestSuite1741649958618.run(TempTestSuite1741649958618.groovy:35)
	at java.base/jdk.internal.reflect.NativeMethodAccessorImpl.invoke0(Native Method)
	at java.base/jdk.internal.reflect.NativeMethodAccessorImpl.invoke(NativeMethodAccessorImpl.java:77)
	at java.base/jdk.internal.reflect.DelegatingMethodAccessorImpl.invoke(DelegatingMethodAccessorImpl.java:43)
)

11-03-2025T03:04:28 - [MESSAGE][FAILED] - Text 'нет данных' is present on page  (Root cause: com.kms.katalon.core.exception.StepFailedException: Text 'нет данных' is present on page 
	at com.kms.katalon.core.webui.keyword.internal.WebUIKeywordMain.stepFailed(WebUIKeywordMain.groovy:64)
	at com.kms.katalon.core.webui.keyword.builtin.VerifyTextNotPresentKeyword$_verifyTextNotPresent_closure1.doCall(VerifyTextNotPresentKeyword.groovy:77)
	at com.kms.katalon.core.webui.keyword.builtin.VerifyTextNotPresentKeyword$_verifyTextNotPresent_closure1.call(VerifyTextNotPresentKeyword.groovy)
	at com.kms.katalon.core.webui.keyword.internal.WebUIKeywordMain.runKeyword(WebUIKeywordMain.groovy:20)
	at com.kms.katalon.core.webui.keyword.builtin.VerifyTextNotPresentKeyword.verifyTextNotPresent(VerifyTextNotPresentKeyword.groovy:82)
	at com.kms.katalon.core.webui.keyword.builtin.VerifyTextNotPresentKeyword.execute(VerifyTextNotPresentKeyword.groovy:68)
	at com.kms.katalon.core.keyword.internal.KeywordExecutor.executeKeywordForPlatform(KeywordExecutor.groovy:74)
	at com.kms.katalon.core.webui.keyword.WebUiBuiltInKeywords.verifyTextNotPresent(WebUiBuiltInKeywords.groovy:1795)
	at Выручка по ДЗО отображение данных все филиалы.Test(Выручка по ДЗО отображение данных все филиалы:772)
	at Выручка по ДЗО отображение данных все филиалы.Tumbler(Выручка по ДЗО отображение данных все филиалы:718)
	at Выручка по ДЗО отображение данных все филиалы.Change(Выручка по ДЗО отображение данных все филиалы:760)
	at Выручка по ДЗО отображение данных все филиалы.DzoTest(Выручка по ДЗО отображение данных все филиалы:298)
	at Выручка по ДЗО отображение данных все филиалы.run(Выручка по ДЗО отображение данных все филиалы:122)
	at com.kms.katalon.core.main.ScriptEngine.run(ScriptEngine.java:194)
	at com.kms.katalon.core.main.ScriptEngine.runScriptAsRawText(ScriptEngine.java:119)
	at com.kms.katalon.core.main.TestCaseExecutor.runScript(TestCaseExecutor.java:448)
	at com.kms.katalon.core.main.TestCaseExecutor.doExecute(TestCaseExecutor.java:439)
	at com.kms.katalon.core.main.TestCaseExecutor.processExecutionPhase(TestCaseExecutor.java:418)
	at com.kms.katalon.core.main.TestCaseExecutor.accessMainPhase(TestCaseExecutor.java:410)
	at com.kms.katalon.core.main.TestCaseExecutor.execute(TestCaseExecutor.java:285)
	at com.kms.katalon.core.common.CommonExecutor.accessTestCaseMainPhase(CommonExecutor.java:65)
	at com.kms.katalon.core.main.TestSuiteExecutor.accessTestSuiteMainPhase(TestSuiteExecutor.java:150)
	at com.kms.katalon.core.main.TestSuiteExecutor.execute(TestSuiteExecutor.java:106)
	at com.kms.katalon.core.main.TestCaseMain.startTestSuite(TestCaseMain.java:180)
	at TempTestSuite1741649958618.run(TempTestSuite1741649958618.groovy:35)
	at java.base/jdk.internal.reflect.NativeMethodAccessorImpl.invoke0(Native Method)
	at java.base/jdk.internal.reflect.NativeMethodAccessorImpl.invoke(NativeMethodAccessorImpl.java:77)
	at java.base/jdk.internal.reflect.DelegatingMethodAccessorImpl.invoke(DelegatingMethodAccessorImpl.java:43)
)

11-03-2025T03:04:28 - [TEST_STEP][PASSED] - else: null

11-03-2025T03:04:28 - [TEST_STEP][PASSED] - Script1687405711779.WriteToExcel(todaysDate): null

11-03-2025T03:04:28 - [TEST_STEP][PASSED] - sheetName = "Sheet1": null

11-03-2025T03:04:28 - [TEST_STEP][PASSED] - data = findTestData("PlanFact"): null

11-03-2025T03:04:28 - [TEST_STEP][PASSED] - n = data.getRowNumbers() + 1: null

11-03-2025T03:04:28 - [TEST_STEP][PASSED] - dZO = getText(findTestObject("Выручка по ДЗО/Фильтр ДЗО")): Text of object 'Object Repository/Выручка по ДЗО/Фильтр ДЗО' is: 'ПАО Россети - РаспредКомплекс - Россети Северный Кавказ (ГК) - АО Дагэнергосеть01'

11-03-2025T03:04:28 - [MESSAGE][PASSED] - Text of object 'Object Repository/Выручка по ДЗО/Фильтр ДЗО' is: 'ПАО Россети - РаспредКомплекс - Россети Северный Кавказ (ГК) - АО Дагэнергосеть01'

11-03-2025T03:04:28 - [TEST_STEP][PASSED] - period = getText(findTestObject("Выручка по ДЗО/Фильтр Дата")): Text of object 'Object Repository/Выручка по ДЗО/Фильтр Дата' is: 'Январь 2025 года'

11-03-2025T03:04:28 - [MESSAGE][PASSED] - Text of object 'Object Repository/Выручка по ДЗО/Фильтр Дата' is: 'Январь 2025 года'

11-03-2025T03:04:28 - [TEST_STEP][PASSED] - viruchka = getText(findTestObject("Выручка по ДЗО/Фильтр Выручка")): Text of object 'Object Repository/Выручка по ДЗО/Фильтр Выручка' is: 'Все'

11-03-2025T03:04:29 - [MESSAGE][PASSED] - Text of object 'Object Repository/Выручка по ДЗО/Фильтр Выручка' is: 'Все'

11-03-2025T03:04:29 - [TEST_STEP][PASSED] - if (viruchka == "Выбрано: 2"): null

11-03-2025T03:04:29 - [TEST_STEP][PASSED] - if (viruchka == "Все"): null

11-03-2025T03:04:29 - [TEST_STEP][PASSED] - viruchka = "Не выбран ни один пункт": null

11-03-2025T03:04:29 - [TEST_STEP][PASSED] - println(period): null

11-03-2025T03:04:29 - [TEST_STEP][PASSED] - dashboardName = "Выручка по ДЗО": null

11-03-2025T03:04:29 - [TEST_STEP][PASSED] - workbook01 = getWorkbook(excelFilePath): null

11-03-2025T03:04:29 - [TEST_STEP][PASSED] - sheet01 = getExcelSheet(workbook01, sheetName): null

11-03-2025T03:04:29 - [TEST_STEP][PASSED] - setValueToCellByIndex(sheet01, n, 0, dashboardName): null

11-03-2025T03:04:29 - [TEST_STEP][PASSED] - setValueToCellByIndex(sheet01, n, 1, dZO): null

11-03-2025T03:04:29 - [TEST_STEP][PASSED] - setValueToCellByIndex(sheet01, n, 2, period): null

11-03-2025T03:04:29 - [TEST_STEP][PASSED] - setValueToCellByIndex(sheet01, n, 3, viruchka): null

11-03-2025T03:04:29 - [TEST_STEP][PASSED] - setValueToCellByIndex(sheet01, n, 4, todaysDate): null

11-03-2025T03:04:29 - [TEST_STEP][PASSED] - n = n + 1: null

11-03-2025T03:04:29 - [TEST_STEP][PASSED] - saveWorkbook(excelFilePath, workbook01): null

11-03-2025T03:04:29 - [TEST_STEP][PASSED] - click(findTestObject("Выручка по ДЗО/Фильтр Выручка")): Object: 'Object Repository/Выручка по ДЗО/Фильтр Выручка' is clicked on

11-03-2025T03:04:29 - [MESSAGE][PASSED] - Object: 'Object Repository/Выручка по ДЗО/Фильтр Выручка' is clicked on

11-03-2025T03:04:29 - [TEST_STEP][PASSED] - click(findTestObject("Выручка по ДЗО/Внутренний оборот в фильтре Выручка")): Object: 'Object Repository/Выручка по ДЗО/Внутренний оборот в фильтре Выручка' is clicked on

11-03-2025T03:04:30 - [MESSAGE][PASSED] - Object: 'Object Repository/Выручка по ДЗО/Внутренний оборот в фильтре Выручка' is clicked on

11-03-2025T03:04:30 - [TEST_STEP][PASSED] - click(findTestObject("Выручка по ДЗО/Применить в фильтре Выручка")): Object: 'Object Repository/Выручка по ДЗО/Применить в фильтре Выручка' is clicked on

11-03-2025T03:04:30 - [MESSAGE][PASSED] - Object: 'Object Repository/Выручка по ДЗО/Применить в фильтре Выручка' is clicked on

11-03-2025T03:04:30 - [TEST_STEP][PASSED] - Script1687405711779.Test(todaysDate): null

11-03-2025T03:04:30 - [TEST_STEP][PASSED] - delay(10): Delayed 10 second(s)

11-03-2025T03:04:40 - [MESSAGE][PASSED] - Delayed 10 second(s)

11-03-2025T03:04:40 - [TEST_STEP][FAILED] - if (verifyTextNotPresent("нет данных", false) == true): Text 'нет данных' is present on page  (Root cause: com.kms.katalon.core.exception.StepFailedException: Text 'нет данных' is present on page 
	at com.kms.katalon.core.webui.keyword.internal.WebUIKeywordMain.stepFailed(WebUIKeywordMain.groovy:64)
	at com.kms.katalon.core.webui.keyword.builtin.VerifyTextNotPresentKeyword$_verifyTextNotPresent_closure1.doCall(VerifyTextNotPresentKeyword.groovy:77)
	at com.kms.katalon.core.webui.keyword.builtin.VerifyTextNotPresentKeyword$_verifyTextNotPresent_closure1.call(VerifyTextNotPresentKeyword.groovy)
	at com.kms.katalon.core.webui.keyword.internal.WebUIKeywordMain.runKeyword(WebUIKeywordMain.groovy:20)
	at com.kms.katalon.core.webui.keyword.builtin.VerifyTextNotPresentKeyword.verifyTextNotPresent(VerifyTextNotPresentKeyword.groovy:82)
	at com.kms.katalon.core.webui.keyword.builtin.VerifyTextNotPresentKeyword.execute(VerifyTextNotPresentKeyword.groovy:68)
	at com.kms.katalon.core.keyword.internal.KeywordExecutor.executeKeywordForPlatform(KeywordExecutor.groovy:74)
	at com.kms.katalon.core.webui.keyword.WebUiBuiltInKeywords.verifyTextNotPresent(WebUiBuiltInKeywords.groovy:1795)
	at Выручка по ДЗО отображение данных все филиалы.Test(Выручка по ДЗО отображение данных все филиалы:772)
	at Выручка по ДЗО отображение данных все филиалы.Tumbler(Выручка по ДЗО отображение данных все филиалы:726)
	at Выручка по ДЗО отображение данных все филиалы.Change(Выручка по ДЗО отображение данных все филиалы:760)
	at Выручка по ДЗО отображение данных все филиалы.DzoTest(Выручка по ДЗО отображение данных все филиалы:298)
	at Выручка по ДЗО отображение данных все филиалы.run(Выручка по ДЗО отображение данных все филиалы:122)
	at com.kms.katalon.core.main.ScriptEngine.run(ScriptEngine.java:194)
	at com.kms.katalon.core.main.ScriptEngine.runScriptAsRawText(ScriptEngine.java:119)
	at com.kms.katalon.core.main.TestCaseExecutor.runScript(TestCaseExecutor.java:448)
	at com.kms.katalon.core.main.TestCaseExecutor.doExecute(TestCaseExecutor.java:439)
	at com.kms.katalon.core.main.TestCaseExecutor.processExecutionPhase(TestCaseExecutor.java:418)
	at com.kms.katalon.core.main.TestCaseExecutor.accessMainPhase(TestCaseExecutor.java:410)
	at com.kms.katalon.core.main.TestCaseExecutor.execute(TestCaseExecutor.java:285)
	at com.kms.katalon.core.common.CommonExecutor.accessTestCaseMainPhase(CommonExecutor.java:65)
	at com.kms.katalon.core.main.TestSuiteExecutor.accessTestSuiteMainPhase(TestSuiteExecutor.java:150)
	at com.kms.katalon.core.main.TestSuiteExecutor.execute(TestSuiteExecutor.java:106)
	at com.kms.katalon.core.main.TestCaseMain.startTestSuite(TestCaseMain.java:180)
	at TempTestSuite1741649958618.run(TempTestSuite1741649958618.groovy:35)
	at java.base/jdk.internal.reflect.NativeMethodAccessorImpl.invoke0(Native Method)
	at java.base/jdk.internal.reflect.NativeMethodAccessorImpl.invoke(NativeMethodAccessorImpl.java:77)
	at java.base/jdk.internal.reflect.DelegatingMethodAccessorImpl.invoke(DelegatingMethodAccessorImpl.java:43)
)

11-03-2025T03:04:41 - [MESSAGE][FAILED] - Text 'нет данных' is present on page  (Root cause: com.kms.katalon.core.exception.StepFailedException: Text 'нет данных' is present on page 
	at com.kms.katalon.core.webui.keyword.internal.WebUIKeywordMain.stepFailed(WebUIKeywordMain.groovy:64)
	at com.kms.katalon.core.webui.keyword.builtin.VerifyTextNotPresentKeyword$_verifyTextNotPresent_closure1.doCall(VerifyTextNotPresentKeyword.groovy:77)
	at com.kms.katalon.core.webui.keyword.builtin.VerifyTextNotPresentKeyword$_verifyTextNotPresent_closure1.call(VerifyTextNotPresentKeyword.groovy)
	at com.kms.katalon.core.webui.keyword.internal.WebUIKeywordMain.runKeyword(WebUIKeywordMain.groovy:20)
	at com.kms.katalon.core.webui.keyword.builtin.VerifyTextNotPresentKeyword.verifyTextNotPresent(VerifyTextNotPresentKeyword.groovy:82)
	at com.kms.katalon.core.webui.keyword.builtin.VerifyTextNotPresentKeyword.execute(VerifyTextNotPresentKeyword.groovy:68)
	at com.kms.katalon.core.keyword.internal.KeywordExecutor.executeKeywordForPlatform(KeywordExecutor.groovy:74)
	at com.kms.katalon.core.webui.keyword.WebUiBuiltInKeywords.verifyTextNotPresent(WebUiBuiltInKeywords.groovy:1795)
	at Выручка по ДЗО отображение данных все филиалы.Test(Выручка по ДЗО отображение данных все филиалы:772)
	at Выручка по ДЗО отображение данных все филиалы.Tumbler(Выручка по ДЗО отображение данных все филиалы:726)
	at Выручка по ДЗО отображение данных все филиалы.Change(Выручка по ДЗО отображение данных все филиалы:760)
	at Выручка по ДЗО отображение данных все филиалы.DzoTest(Выручка по ДЗО отображение данных все филиалы:298)
	at Выручка по ДЗО отображение данных все филиалы.run(Выручка по ДЗО отображение данных все филиалы:122)
	at com.kms.katalon.core.main.ScriptEngine.run(ScriptEngine.java:194)
	at com.kms.katalon.core.main.ScriptEngine.runScriptAsRawText(ScriptEngine.java:119)
	at com.kms.katalon.core.main.TestCaseExecutor.runScript(TestCaseExecutor.java:448)
	at com.kms.katalon.core.main.TestCaseExecutor.doExecute(TestCaseExecutor.java:439)
	at com.kms.katalon.core.main.TestCaseExecutor.processExecutionPhase(TestCaseExecutor.java:418)
	at com.kms.katalon.core.main.TestCaseExecutor.accessMainPhase(TestCaseExecutor.java:410)
	at com.kms.katalon.core.main.TestCaseExecutor.execute(TestCaseExecutor.java:285)
	at com.kms.katalon.core.common.CommonExecutor.accessTestCaseMainPhase(CommonExecutor.java:65)
	at com.kms.katalon.core.main.TestSuiteExecutor.accessTestSuiteMainPhase(TestSuiteExecutor.java:150)
	at com.kms.katalon.core.main.TestSuiteExecutor.execute(TestSuiteExecutor.java:106)
	at com.kms.katalon.core.main.TestCaseMain.startTestSuite(TestCaseMain.java:180)
	at TempTestSuite1741649958618.run(TempTestSuite1741649958618.groovy:35)
	at java.base/jdk.internal.reflect.NativeMethodAccessorImpl.invoke0(Native Method)
	at java.base/jdk.internal.reflect.NativeMethodAccessorImpl.invoke(NativeMethodAccessorImpl.java:77)
	at java.base/jdk.internal.reflect.DelegatingMethodAccessorImpl.invoke(DelegatingMethodAccessorImpl.java:43)
)

11-03-2025T03:04:41 - [TEST_STEP][PASSED] - else: null

11-03-2025T03:04:41 - [TEST_STEP][PASSED] - Script1687405711779.WriteToExcel(todaysDate): null

11-03-2025T03:04:41 - [TEST_STEP][PASSED] - sheetName = "Sheet1": null

11-03-2025T03:04:41 - [TEST_STEP][PASSED] - data = findTestData("PlanFact"): null

11-03-2025T03:04:41 - [TEST_STEP][PASSED] - n = data.getRowNumbers() + 1: null

11-03-2025T03:04:41 - [TEST_STEP][PASSED] - dZO = getText(findTestObject("Выручка по ДЗО/Фильтр ДЗО")): Text of object 'Object Repository/Выручка по ДЗО/Фильтр ДЗО' is: 'ПАО Россети - РаспредКомплекс - Россети Северный Кавказ (ГК) - АО Дагэнергосеть01'

11-03-2025T03:04:41 - [MESSAGE][PASSED] - Text of object 'Object Repository/Выручка по ДЗО/Фильтр ДЗО' is: 'ПАО Россети - РаспредКомплекс - Россети Северный Кавказ (ГК) - АО Дагэнергосеть01'

11-03-2025T03:04:41 - [TEST_STEP][PASSED] - period = getText(findTestObject("Выручка по ДЗО/Фильтр Дата")): Text of object 'Object Repository/Выручка по ДЗО/Фильтр Дата' is: 'Январь 2025 года'

11-03-2025T03:04:42 - [MESSAGE][PASSED] - Text of object 'Object Repository/Выручка по ДЗО/Фильтр Дата' is: 'Январь 2025 года'

11-03-2025T03:04:42 - [TEST_STEP][PASSED] - viruchka = getText(findTestObject("Выручка по ДЗО/Фильтр Выручка")): Text of object 'Object Repository/Выручка по ДЗО/Фильтр Выручка' is: 'внутренний оборот'

11-03-2025T03:04:42 - [MESSAGE][PASSED] - Text of object 'Object Repository/Выручка по ДЗО/Фильтр Выручка' is: 'внутренний оборот'

11-03-2025T03:04:42 - [TEST_STEP][PASSED] - if (viruchka == "Выбрано: 2"): null

11-03-2025T03:04:42 - [TEST_STEP][PASSED] - if (viruchka == "Все"): null

11-03-2025T03:04:42 - [TEST_STEP][PASSED] - println(period): null

11-03-2025T03:04:42 - [TEST_STEP][PASSED] - dashboardName = "Выручка по ДЗО": null

11-03-2025T03:04:42 - [TEST_STEP][PASSED] - workbook01 = getWorkbook(excelFilePath): null

11-03-2025T03:04:42 - [TEST_STEP][PASSED] - sheet01 = getExcelSheet(workbook01, sheetName): null

11-03-2025T03:04:42 - [TEST_STEP][PASSED] - setValueToCellByIndex(sheet01, n, 0, dashboardName): null

11-03-2025T03:04:42 - [TEST_STEP][PASSED] - setValueToCellByIndex(sheet01, n, 1, dZO): null

11-03-2025T03:04:42 - [TEST_STEP][PASSED] - setValueToCellByIndex(sheet01, n, 2, period): null

11-03-2025T03:04:42 - [TEST_STEP][PASSED] - setValueToCellByIndex(sheet01, n, 3, viruchka): null

11-03-2025T03:04:42 - [TEST_STEP][PASSED] - setValueToCellByIndex(sheet01, n, 4, todaysDate): null

11-03-2025T03:04:42 - [TEST_STEP][PASSED] - n = n + 1: null

11-03-2025T03:04:42 - [TEST_STEP][PASSED] - saveWorkbook(excelFilePath, workbook01): null

11-03-2025T03:04:42 - [TEST_STEP][PASSED] - click(findTestObject("Выручка по ДЗО/Фильтр Выручка")): Object: 'Object Repository/Выручка по ДЗО/Фильтр Выручка' is clicked on

11-03-2025T03:04:42 - [MESSAGE][PASSED] - Object: 'Object Repository/Выручка по ДЗО/Фильтр Выручка' is clicked on

11-03-2025T03:04:42 - [TEST_STEP][PASSED] - click(findTestObject("Выручка по ДЗО/По передаче в фильтре Выручка")): Object: 'Object Repository/Выручка по ДЗО/По передаче в фильтре Выручка' is clicked on

11-03-2025T03:04:43 - [MESSAGE][PASSED] - Object: 'Object Repository/Выручка по ДЗО/По передаче в фильтре Выручка' is clicked on

11-03-2025T03:04:43 - [TEST_STEP][PASSED] - click(findTestObject("Выручка по ДЗО/Применить в фильтре Выручка")): Object: 'Object Repository/Выручка по ДЗО/Применить в фильтре Выручка' is clicked on

11-03-2025T03:04:44 - [MESSAGE][PASSED] - Object: 'Object Repository/Выручка по ДЗО/Применить в фильтре Выручка' is clicked on

11-03-2025T03:04:44 - [TEST_STEP][PASSED] - Script1687405711779.Test(todaysDate): null

11-03-2025T03:04:44 - [TEST_STEP][PASSED] - delay(10): Delayed 10 second(s)

11-03-2025T03:04:54 - [MESSAGE][PASSED] - Delayed 10 second(s)

11-03-2025T03:04:54 - [TEST_STEP][FAILED] - if (verifyTextNotPresent("нет данных", false) == true): Text 'нет данных' is present on page  (Root cause: com.kms.katalon.core.exception.StepFailedException: Text 'нет данных' is present on page 
	at com.kms.katalon.core.webui.keyword.internal.WebUIKeywordMain.stepFailed(WebUIKeywordMain.groovy:64)
	at com.kms.katalon.core.webui.keyword.builtin.VerifyTextNotPresentKeyword$_verifyTextNotPresent_closure1.doCall(VerifyTextNotPresentKeyword.groovy:77)
	at com.kms.katalon.core.webui.keyword.builtin.VerifyTextNotPresentKeyword$_verifyTextNotPresent_closure1.call(VerifyTextNotPresentKeyword.groovy)
	at com.kms.katalon.core.webui.keyword.internal.WebUIKeywordMain.runKeyword(WebUIKeywordMain.groovy:20)
	at com.kms.katalon.core.webui.keyword.builtin.VerifyTextNotPresentKeyword.verifyTextNotPresent(VerifyTextNotPresentKeyword.groovy:82)
	at com.kms.katalon.core.webui.keyword.builtin.VerifyTextNotPresentKeyword.execute(VerifyTextNotPresentKeyword.groovy:68)
	at com.kms.katalon.core.keyword.internal.KeywordExecutor.executeKeywordForPlatform(KeywordExecutor.groovy:74)
	at com.kms.katalon.core.webui.keyword.WebUiBuiltInKeywords.verifyTextNotPresent(WebUiBuiltInKeywords.groovy:1795)
	at Выручка по ДЗО отображение данных все филиалы.Test(Выручка по ДЗО отображение данных все филиалы:772)
	at Выручка по ДЗО отображение данных все филиалы.Tumbler(Выручка по ДЗО отображение данных все филиалы:734)
	at Выручка по ДЗО отображение данных все филиалы.Change(Выручка по ДЗО отображение данных все филиалы:760)
	at Выручка по ДЗО отображение данных все филиалы.DzoTest(Выручка по ДЗО отображение данных все филиалы:298)
	at Выручка по ДЗО отображение данных все филиалы.run(Выручка по ДЗО отображение данных все филиалы:122)
	at com.kms.katalon.core.main.ScriptEngine.run(ScriptEngine.java:194)
	at com.kms.katalon.core.main.ScriptEngine.runScriptAsRawText(ScriptEngine.java:119)
	at com.kms.katalon.core.main.TestCaseExecutor.runScript(TestCaseExecutor.java:448)
	at com.kms.katalon.core.main.TestCaseExecutor.doExecute(TestCaseExecutor.java:439)
	at com.kms.katalon.core.main.TestCaseExecutor.processExecutionPhase(TestCaseExecutor.java:418)
	at com.kms.katalon.core.main.TestCaseExecutor.accessMainPhase(TestCaseExecutor.java:410)
	at com.kms.katalon.core.main.TestCaseExecutor.execute(TestCaseExecutor.java:285)
	at com.kms.katalon.core.common.CommonExecutor.accessTestCaseMainPhase(CommonExecutor.java:65)
	at com.kms.katalon.core.main.TestSuiteExecutor.accessTestSuiteMainPhase(TestSuiteExecutor.java:150)
	at com.kms.katalon.core.main.TestSuiteExecutor.execute(TestSuiteExecutor.java:106)
	at com.kms.katalon.core.main.TestCaseMain.startTestSuite(TestCaseMain.java:180)
	at TempTestSuite1741649958618.run(TempTestSuite1741649958618.groovy:35)
	at java.base/jdk.internal.reflect.NativeMethodAccessorImpl.invoke0(Native Method)
	at java.base/jdk.internal.reflect.NativeMethodAccessorImpl.invoke(NativeMethodAccessorImpl.java:77)
	at java.base/jdk.internal.reflect.DelegatingMethodAccessorImpl.invoke(DelegatingMethodAccessorImpl.java:43)
)

11-03-2025T03:04:54 - [MESSAGE][FAILED] - Text 'нет данных' is present on page  (Root cause: com.kms.katalon.core.exception.StepFailedException: Text 'нет данных' is present on page 
	at com.kms.katalon.core.webui.keyword.internal.WebUIKeywordMain.stepFailed(WebUIKeywordMain.groovy:64)
	at com.kms.katalon.core.webui.keyword.builtin.VerifyTextNotPresentKeyword$_verifyTextNotPresent_closure1.doCall(VerifyTextNotPresentKeyword.groovy:77)
	at com.kms.katalon.core.webui.keyword.builtin.VerifyTextNotPresentKeyword$_verifyTextNotPresent_closure1.call(VerifyTextNotPresentKeyword.groovy)
	at com.kms.katalon.core.webui.keyword.internal.WebUIKeywordMain.runKeyword(WebUIKeywordMain.groovy:20)
	at com.kms.katalon.core.webui.keyword.builtin.VerifyTextNotPresentKeyword.verifyTextNotPresent(VerifyTextNotPresentKeyword.groovy:82)
	at com.kms.katalon.core.webui.keyword.builtin.VerifyTextNotPresentKeyword.execute(VerifyTextNotPresentKeyword.groovy:68)
	at com.kms.katalon.core.keyword.internal.KeywordExecutor.executeKeywordForPlatform(KeywordExecutor.groovy:74)
	at com.kms.katalon.core.webui.keyword.WebUiBuiltInKeywords.verifyTextNotPresent(WebUiBuiltInKeywords.groovy:1795)
	at Выручка по ДЗО отображение данных все филиалы.Test(Выручка по ДЗО отображение данных все филиалы:772)
	at Выручка по ДЗО отображение данных все филиалы.Tumbler(Выручка по ДЗО отображение данных все филиалы:734)
	at Выручка по ДЗО отображение данных все филиалы.Change(Выручка по ДЗО отображение данных все филиалы:760)
	at Выручка по ДЗО отображение данных все филиалы.DzoTest(Выручка по ДЗО отображение данных все филиалы:298)
	at Выручка по ДЗО отображение данных все филиалы.run(Выручка по ДЗО отображение данных все филиалы:122)
	at com.kms.katalon.core.main.ScriptEngine.run(ScriptEngine.java:194)
	at com.kms.katalon.core.main.ScriptEngine.runScriptAsRawText(ScriptEngine.java:119)
	at com.kms.katalon.core.main.TestCaseExecutor.runScript(TestCaseExecutor.java:448)
	at com.kms.katalon.core.main.TestCaseExecutor.doExecute(TestCaseExecutor.java:439)
	at com.kms.katalon.core.main.TestCaseExecutor.processExecutionPhase(TestCaseExecutor.java:418)
	at com.kms.katalon.core.main.TestCaseExecutor.accessMainPhase(TestCaseExecutor.java:410)
	at com.kms.katalon.core.main.TestCaseExecutor.execute(TestCaseExecutor.java:285)
	at com.kms.katalon.core.common.CommonExecutor.accessTestCaseMainPhase(CommonExecutor.java:65)
	at com.kms.katalon.core.main.TestSuiteExecutor.accessTestSuiteMainPhase(TestSuiteExecutor.java:150)
	at com.kms.katalon.core.main.TestSuiteExecutor.execute(TestSuiteExecutor.java:106)
	at com.kms.katalon.core.main.TestCaseMain.startTestSuite(TestCaseMain.java:180)
	at TempTestSuite1741649958618.run(TempTestSuite1741649958618.groovy:35)
	at java.base/jdk.internal.reflect.NativeMethodAccessorImpl.invoke0(Native Method)
	at java.base/jdk.internal.reflect.NativeMethodAccessorImpl.invoke(NativeMethodAccessorImpl.java:77)
	at java.base/jdk.internal.reflect.DelegatingMethodAccessorImpl.invoke(DelegatingMethodAccessorImpl.java:43)
)

11-03-2025T03:04:54 - [TEST_STEP][PASSED] - else: null

11-03-2025T03:04:54 - [TEST_STEP][PASSED] - Script1687405711779.WriteToExcel(todaysDate): null

11-03-2025T03:04:54 - [TEST_STEP][PASSED] - sheetName = "Sheet1": null

11-03-2025T03:04:54 - [TEST_STEP][PASSED] - data = findTestData("PlanFact"): null

11-03-2025T03:04:54 - [TEST_STEP][PASSED] - n = data.getRowNumbers() + 1: null

11-03-2025T03:04:54 - [TEST_STEP][PASSED] - dZO = getText(findTestObject("Выручка по ДЗО/Фильтр ДЗО")): Text of object 'Object Repository/Выручка по ДЗО/Фильтр ДЗО' is: 'ПАО Россети - РаспредКомплекс - Россети Северный Кавказ (ГК) - АО Дагэнергосеть01'

11-03-2025T03:04:54 - [MESSAGE][PASSED] - Text of object 'Object Repository/Выручка по ДЗО/Фильтр ДЗО' is: 'ПАО Россети - РаспредКомплекс - Россети Северный Кавказ (ГК) - АО Дагэнергосеть01'

11-03-2025T03:04:54 - [TEST_STEP][PASSED] - period = getText(findTestObject("Выручка по ДЗО/Фильтр Дата")): Text of object 'Object Repository/Выручка по ДЗО/Фильтр Дата' is: 'Январь 2025 года'

11-03-2025T03:04:55 - [MESSAGE][PASSED] - Text of object 'Object Repository/Выручка по ДЗО/Фильтр Дата' is: 'Январь 2025 года'

11-03-2025T03:04:55 - [TEST_STEP][PASSED] - viruchka = getText(findTestObject("Выручка по ДЗО/Фильтр Выручка")): Text of object 'Object Repository/Выручка по ДЗО/Фильтр Выручка' is: 'внутренний оборот, по передаче'

11-03-2025T03:04:55 - [MESSAGE][PASSED] - Text of object 'Object Repository/Выручка по ДЗО/Фильтр Выручка' is: 'внутренний оборот, по передаче'

11-03-2025T03:04:55 - [TEST_STEP][PASSED] - if (viruchka == "Выбрано: 2"): null

11-03-2025T03:04:55 - [TEST_STEP][PASSED] - if (viruchka == "Все"): null

11-03-2025T03:04:55 - [TEST_STEP][PASSED] - println(period): null

11-03-2025T03:04:55 - [TEST_STEP][PASSED] - dashboardName = "Выручка по ДЗО": null

11-03-2025T03:04:55 - [TEST_STEP][PASSED] - workbook01 = getWorkbook(excelFilePath): null

11-03-2025T03:04:55 - [TEST_STEP][PASSED] - sheet01 = getExcelSheet(workbook01, sheetName): null

11-03-2025T03:04:55 - [TEST_STEP][PASSED] - setValueToCellByIndex(sheet01, n, 0, dashboardName): null

11-03-2025T03:04:55 - [TEST_STEP][PASSED] - setValueToCellByIndex(sheet01, n, 1, dZO): null

11-03-2025T03:04:55 - [TEST_STEP][PASSED] - setValueToCellByIndex(sheet01, n, 2, period): null

11-03-2025T03:04:55 - [TEST_STEP][PASSED] - setValueToCellByIndex(sheet01, n, 3, viruchka): null

11-03-2025T03:04:55 - [TEST_STEP][PASSED] - setValueToCellByIndex(sheet01, n, 4, todaysDate): null

11-03-2025T03:04:55 - [TEST_STEP][PASSED] - n = n + 1: null

11-03-2025T03:04:55 - [TEST_STEP][PASSED] - saveWorkbook(excelFilePath, workbook01): null

11-03-2025T03:04:55 - [TEST_STEP][PASSED] - click(findTestObject("Выручка по ДЗО/Фильтр Выручка")): Object: 'Object Repository/Выручка по ДЗО/Фильтр Выручка' is clicked on

11-03-2025T03:04:56 - [MESSAGE][PASSED] - Object: 'Object Repository/Выручка по ДЗО/Фильтр Выручка' is clicked on

11-03-2025T03:04:56 - [TEST_STEP][PASSED] - click(findTestObject("Выручка по ДЗО/Снять выделение в фильтре Выручка")): Object: 'Object Repository/Выручка по ДЗО/Снять выделение в фильтре Выручка' is clicked on

11-03-2025T03:04:56 - [MESSAGE][PASSED] - Object: 'Object Repository/Выручка по ДЗО/Снять выделение в фильтре Выручка' is clicked on

11-03-2025T03:04:56 - [TEST_STEP][PASSED] - click(findTestObject("Выручка по ДЗО/По передаче в фильтре Выручка")): Object: 'Object Repository/Выручка по ДЗО/По передаче в фильтре Выручка' is clicked on

11-03-2025T03:04:56 - [MESSAGE][PASSED] - Object: 'Object Repository/Выручка по ДЗО/По передаче в фильтре Выручка' is clicked on

11-03-2025T03:04:56 - [TEST_STEP][PASSED] - click(findTestObject("Выручка по ДЗО/Применить в фильтре Выручка")): Object: 'Object Repository/Выручка по ДЗО/Применить в фильтре Выручка' is clicked on

11-03-2025T03:04:57 - [MESSAGE][PASSED] - Object: 'Object Repository/Выручка по ДЗО/Применить в фильтре Выручка' is clicked on

11-03-2025T03:04:57 - [TEST_STEP][PASSED] - Script1687405711779.Test(todaysDate): null

11-03-2025T03:04:57 - [TEST_STEP][PASSED] - delay(10): Delayed 10 second(s)

11-03-2025T03:05:07 - [MESSAGE][PASSED] - Delayed 10 second(s)

11-03-2025T03:05:07 - [TEST_STEP][FAILED] - if (verifyTextNotPresent("нет данных", false) == true): Text 'нет данных' is present on page  (Root cause: com.kms.katalon.core.exception.StepFailedException: Text 'нет данных' is present on page 
	at com.kms.katalon.core.webui.keyword.internal.WebUIKeywordMain.stepFailed(WebUIKeywordMain.groovy:64)
	at com.kms.katalon.core.webui.keyword.builtin.VerifyTextNotPresentKeyword$_verifyTextNotPresent_closure1.doCall(VerifyTextNotPresentKeyword.groovy:77)
	at com.kms.katalon.core.webui.keyword.builtin.VerifyTextNotPresentKeyword$_verifyTextNotPresent_closure1.call(VerifyTextNotPresentKeyword.groovy)
	at com.kms.katalon.core.webui.keyword.internal.WebUIKeywordMain.runKeyword(WebUIKeywordMain.groovy:20)
	at com.kms.katalon.core.webui.keyword.builtin.VerifyTextNotPresentKeyword.verifyTextNotPresent(VerifyTextNotPresentKeyword.groovy:82)
	at com.kms.katalon.core.webui.keyword.builtin.VerifyTextNotPresentKeyword.execute(VerifyTextNotPresentKeyword.groovy:68)
	at com.kms.katalon.core.keyword.internal.KeywordExecutor.executeKeywordForPlatform(KeywordExecutor.groovy:74)
	at com.kms.katalon.core.webui.keyword.WebUiBuiltInKeywords.verifyTextNotPresent(WebUiBuiltInKeywords.groovy:1795)
	at Выручка по ДЗО отображение данных все филиалы.Test(Выручка по ДЗО отображение данных все филиалы:772)
	at Выручка по ДЗО отображение данных все филиалы.Tumbler(Выручка по ДЗО отображение данных все филиалы:744)
	at Выручка по ДЗО отображение данных все филиалы.Change(Выручка по ДЗО отображение данных все филиалы:760)
	at Выручка по ДЗО отображение данных все филиалы.DzoTest(Выручка по ДЗО отображение данных все филиалы:298)
	at Выручка по ДЗО отображение данных все филиалы.run(Выручка по ДЗО отображение данных все филиалы:122)
	at com.kms.katalon.core.main.ScriptEngine.run(ScriptEngine.java:194)
	at com.kms.katalon.core.main.ScriptEngine.runScriptAsRawText(ScriptEngine.java:119)
	at com.kms.katalon.core.main.TestCaseExecutor.runScript(TestCaseExecutor.java:448)
	at com.kms.katalon.core.main.TestCaseExecutor.doExecute(TestCaseExecutor.java:439)
	at com.kms.katalon.core.main.TestCaseExecutor.processExecutionPhase(TestCaseExecutor.java:418)
	at com.kms.katalon.core.main.TestCaseExecutor.accessMainPhase(TestCaseExecutor.java:410)
	at com.kms.katalon.core.main.TestCaseExecutor.execute(TestCaseExecutor.java:285)
	at com.kms.katalon.core.common.CommonExecutor.accessTestCaseMainPhase(CommonExecutor.java:65)
	at com.kms.katalon.core.main.TestSuiteExecutor.accessTestSuiteMainPhase(TestSuiteExecutor.java:150)
	at com.kms.katalon.core.main.TestSuiteExecutor.execute(TestSuiteExecutor.java:106)
	at com.kms.katalon.core.main.TestCaseMain.startTestSuite(TestCaseMain.java:180)
	at TempTestSuite1741649958618.run(TempTestSuite1741649958618.groovy:35)
	at java.base/jdk.internal.reflect.NativeMethodAccessorImpl.invoke0(Native Method)
	at java.base/jdk.internal.reflect.NativeMethodAccessorImpl.invoke(NativeMethodAccessorImpl.java:77)
	at java.base/jdk.internal.reflect.DelegatingMethodAccessorImpl.invoke(DelegatingMethodAccessorImpl.java:43)
)

11-03-2025T03:05:08 - [MESSAGE][FAILED] - Text 'нет данных' is present on page  (Root cause: com.kms.katalon.core.exception.StepFailedException: Text 'нет данных' is present on page 
	at com.kms.katalon.core.webui.keyword.internal.WebUIKeywordMain.stepFailed(WebUIKeywordMain.groovy:64)
	at com.kms.katalon.core.webui.keyword.builtin.VerifyTextNotPresentKeyword$_verifyTextNotPresent_closure1.doCall(VerifyTextNotPresentKeyword.groovy:77)
	at com.kms.katalon.core.webui.keyword.builtin.VerifyTextNotPresentKeyword$_verifyTextNotPresent_closure1.call(VerifyTextNotPresentKeyword.groovy)
	at com.kms.katalon.core.webui.keyword.internal.WebUIKeywordMain.runKeyword(WebUIKeywordMain.groovy:20)
	at com.kms.katalon.core.webui.keyword.builtin.VerifyTextNotPresentKeyword.verifyTextNotPresent(VerifyTextNotPresentKeyword.groovy:82)
	at com.kms.katalon.core.webui.keyword.builtin.VerifyTextNotPresentKeyword.execute(VerifyTextNotPresentKeyword.groovy:68)
	at com.kms.katalon.core.keyword.internal.KeywordExecutor.executeKeywordForPlatform(KeywordExecutor.groovy:74)
	at com.kms.katalon.core.webui.keyword.WebUiBuiltInKeywords.verifyTextNotPresent(WebUiBuiltInKeywords.groovy:1795)
	at Выручка по ДЗО отображение данных все филиалы.Test(Выручка по ДЗО отображение данных все филиалы:772)
	at Выручка по ДЗО отображение данных все филиалы.Tumbler(Выручка по ДЗО отображение данных все филиалы:744)
	at Выручка по ДЗО отображение данных все филиалы.Change(Выручка по ДЗО отображение данных все филиалы:760)
	at Выручка по ДЗО отображение данных все филиалы.DzoTest(Выручка по ДЗО отображение данных все филиалы:298)
	at Выручка по ДЗО отображение данных все филиалы.run(Выручка по ДЗО отображение данных все филиалы:122)
	at com.kms.katalon.core.main.ScriptEngine.run(ScriptEngine.java:194)
	at com.kms.katalon.core.main.ScriptEngine.runScriptAsRawText(ScriptEngine.java:119)
	at com.kms.katalon.core.main.TestCaseExecutor.runScript(TestCaseExecutor.java:448)
	at com.kms.katalon.core.main.TestCaseExecutor.doExecute(TestCaseExecutor.java:439)
	at com.kms.katalon.core.main.TestCaseExecutor.processExecutionPhase(TestCaseExecutor.java:418)
	at com.kms.katalon.core.main.TestCaseExecutor.accessMainPhase(TestCaseExecutor.java:410)
	at com.kms.katalon.core.main.TestCaseExecutor.execute(TestCaseExecutor.java:285)
	at com.kms.katalon.core.common.CommonExecutor.accessTestCaseMainPhase(CommonExecutor.java:65)
	at com.kms.katalon.core.main.TestSuiteExecutor.accessTestSuiteMainPhase(TestSuiteExecutor.java:150)
	at com.kms.katalon.core.main.TestSuiteExecutor.execute(TestSuiteExecutor.java:106)
	at com.kms.katalon.core.main.TestCaseMain.startTestSuite(TestCaseMain.java:180)
	at TempTestSuite1741649958618.run(TempTestSuite1741649958618.groovy:35)
	at java.base/jdk.internal.reflect.NativeMethodAccessorImpl.invoke0(Native Method)
	at java.base/jdk.internal.reflect.NativeMethodAccessorImpl.invoke(NativeMethodAccessorImpl.java:77)
	at java.base/jdk.internal.reflect.DelegatingMethodAccessorImpl.invoke(DelegatingMethodAccessorImpl.java:43)
)

11-03-2025T03:05:08 - [TEST_STEP][PASSED] - else: null

11-03-2025T03:05:08 - [TEST_STEP][PASSED] - Script1687405711779.WriteToExcel(todaysDate): null

11-03-2025T03:05:08 - [TEST_STEP][PASSED] - sheetName = "Sheet1": null

11-03-2025T03:05:08 - [TEST_STEP][PASSED] - data = findTestData("PlanFact"): null

11-03-2025T03:05:08 - [TEST_STEP][PASSED] - n = data.getRowNumbers() + 1: null

11-03-2025T03:05:08 - [TEST_STEP][PASSED] - dZO = getText(findTestObject("Выручка по ДЗО/Фильтр ДЗО")): Text of object 'Object Repository/Выручка по ДЗО/Фильтр ДЗО' is: 'ПАО Россети - РаспредКомплекс - Россети Северный Кавказ (ГК) - АО Дагэнергосеть01'

11-03-2025T03:05:08 - [MESSAGE][PASSED] - Text of object 'Object Repository/Выручка по ДЗО/Фильтр ДЗО' is: 'ПАО Россети - РаспредКомплекс - Россети Северный Кавказ (ГК) - АО Дагэнергосеть01'

11-03-2025T03:05:08 - [TEST_STEP][PASSED] - period = getText(findTestObject("Выручка по ДЗО/Фильтр Дата")): Text of object 'Object Repository/Выручка по ДЗО/Фильтр Дата' is: 'Январь 2025 года'

11-03-2025T03:05:08 - [MESSAGE][PASSED] - Text of object 'Object Repository/Выручка по ДЗО/Фильтр Дата' is: 'Январь 2025 года'

11-03-2025T03:05:08 - [TEST_STEP][PASSED] - viruchka = getText(findTestObject("Выручка по ДЗО/Фильтр Выручка")): Text of object 'Object Repository/Выручка по ДЗО/Фильтр Выручка' is: 'по передаче'

11-03-2025T03:05:09 - [MESSAGE][PASSED] - Text of object 'Object Repository/Выручка по ДЗО/Фильтр Выручка' is: 'по передаче'

11-03-2025T03:05:09 - [TEST_STEP][PASSED] - if (viruchka == "Выбрано: 2"): null

11-03-2025T03:05:09 - [TEST_STEP][PASSED] - if (viruchka == "Все"): null

11-03-2025T03:05:09 - [TEST_STEP][PASSED] - println(period): null

11-03-2025T03:05:09 - [TEST_STEP][PASSED] - dashboardName = "Выручка по ДЗО": null

11-03-2025T03:05:09 - [TEST_STEP][PASSED] - workbook01 = getWorkbook(excelFilePath): null

11-03-2025T03:05:09 - [TEST_STEP][PASSED] - sheet01 = getExcelSheet(workbook01, sheetName): null

11-03-2025T03:05:09 - [TEST_STEP][PASSED] - setValueToCellByIndex(sheet01, n, 0, dashboardName): null

11-03-2025T03:05:09 - [TEST_STEP][PASSED] - setValueToCellByIndex(sheet01, n, 1, dZO): null

11-03-2025T03:05:09 - [TEST_STEP][PASSED] - setValueToCellByIndex(sheet01, n, 2, period): null

11-03-2025T03:05:09 - [TEST_STEP][PASSED] - setValueToCellByIndex(sheet01, n, 3, viruchka): null

11-03-2025T03:05:09 - [TEST_STEP][PASSED] - setValueToCellByIndex(sheet01, n, 4, todaysDate): null

11-03-2025T03:05:09 - [TEST_STEP][PASSED] - n = n + 1: null

11-03-2025T03:05:09 - [TEST_STEP][PASSED] - saveWorkbook(excelFilePath, workbook01): null

11-03-2025T03:05:09 - [TEST_STEP][PASSED] - click(findTestObject("Выручка по ДЗО/Фильтр Выручка")): Object: 'Object Repository/Выручка по ДЗО/Фильтр Выручка' is clicked on

11-03-2025T03:05:09 - [MESSAGE][PASSED] - Object: 'Object Repository/Выручка по ДЗО/Фильтр Выручка' is clicked on

11-03-2025T03:05:09 - [TEST_STEP][PASSED] - click(findTestObject("Выручка по ДЗО/Снять выделение в фильтре Выручка")): Object: 'Object Repository/Выручка по ДЗО/Снять выделение в фильтре Выручка' is clicked on

11-03-2025T03:05:10 - [MESSAGE][PASSED] - Object: 'Object Repository/Выручка по ДЗО/Снять выделение в фильтре Выручка' is clicked on

11-03-2025T03:05:10 - [TEST_STEP][PASSED] - click(findTestObject("Выручка по ДЗО/Применить в фильтре Выручка")): Object: 'Object Repository/Выручка по ДЗО/Применить в фильтре Выручка' is clicked on

11-03-2025T03:05:10 - [MESSAGE][PASSED] - Object: 'Object Repository/Выручка по ДЗО/Применить в фильтре Выручка' is clicked on

11-03-2025T03:05:10 - [TEST_STEP][PASSED] - click(findTestObject("Выручка по ДЗО/Фильтр ДЗО")): Object: 'Object Repository/Выручка по ДЗО/Фильтр ДЗО' is clicked on

11-03-2025T03:05:12 - [MESSAGE][PASSED] - Object: 'Object Repository/Выручка по ДЗО/Фильтр ДЗО' is clicked on

11-03-2025T03:05:12 - [TEST_STEP][PASSED] - click(findTestObject("Выручка по ДЗО/Снять выделение в фильтре ДЗО")): Object: 'Object Repository/Выручка по ДЗО/Снять выделение в фильтре ДЗО' is clicked on

11-03-2025T03:05:12 - [MESSAGE][PASSED] - Object: 'Object Repository/Выручка по ДЗО/Снять выделение в фильтре ДЗО' is clicked on

11-03-2025T03:05:12 - [TEST_STEP][PASSED] - scrollToElement(findTestObject("Общие объекты/Дагэнерго"), 30): Scroll to object 'Object Repository/Общие объекты/Дагэнерго' successfully

11-03-2025T03:05:12 - [MESSAGE][PASSED] - Scroll to object 'Object Repository/Общие объекты/Дагэнерго' successfully

11-03-2025T03:05:12 - [TEST_STEP][PASSED] - click(findTestObject("Общие объекты/Дагэнерго")): Object: 'Object Repository/Общие объекты/Дагэнерго' is clicked on

11-03-2025T03:05:13 - [MESSAGE][PASSED] - Object: 'Object Repository/Общие объекты/Дагэнерго' is clicked on

11-03-2025T03:05:13 - [TEST_STEP][PASSED] - Script1687405711779.Change(todaysDate): null

11-03-2025T03:05:13 - [TEST_STEP][PASSED] - scrollToElement(findTestObject("Выручка по ДЗО/Заголовок дашборда"), 30): Scroll to object 'Object Repository/Выручка по ДЗО/Заголовок дашборда' successfully

11-03-2025T03:05:13 - [MESSAGE][PASSED] - Scroll to object 'Object Repository/Выручка по ДЗО/Заголовок дашборда' successfully

11-03-2025T03:05:13 - [TEST_STEP][PASSED] - click(findTestObject("Выручка по ДЗО/Применить в фильтре ДЗО")): Object: 'Object Repository/Выручка по ДЗО/Применить в фильтре ДЗО' is clicked on

11-03-2025T03:05:14 - [MESSAGE][PASSED] - Object: 'Object Repository/Выручка по ДЗО/Применить в фильтре ДЗО' is clicked on

11-03-2025T03:05:14 - [TEST_STEP][PASSED] - Script1687405711779.Tumbler(todaysDate): null

11-03-2025T03:05:14 - [TEST_STEP][PASSED] - Script1687405711779.Test(todaysDate): null

11-03-2025T03:05:14 - [TEST_STEP][PASSED] - delay(10): Delayed 10 second(s)

11-03-2025T03:05:24 - [MESSAGE][PASSED] - Delayed 10 second(s)

11-03-2025T03:05:24 - [TEST_STEP][PASSED] - if (verifyTextNotPresent("нет данных", false) == true): null

11-03-2025T03:05:24 - [MESSAGE][PASSED] - Text 'нет данных' is not present on page

11-03-2025T03:05:24 - [TEST_STEP][PASSED] - if (verifyTextNotPresent("Ошибка запроса данных", false) == true): null

11-03-2025T03:05:25 - [MESSAGE][PASSED] - Text 'Ошибка запроса данных' is not present on page

11-03-2025T03:05:25 - [TEST_STEP][PASSED] - if (verifyTextNotPresent("Произошла ошибка при выполнении пользовательского кода", false) == true): null

11-03-2025T03:05:25 - [MESSAGE][PASSED] - Text 'Произошла ошибка при выполнении пользовательского кода' is not present on page

11-03-2025T03:05:25 - [TEST_STEP][PASSED] - if (verifyTextNotPresent("У виджета нет данных", false) == true): null

11-03-2025T03:05:26 - [MESSAGE][PASSED] - Text 'У виджета нет данных' is not present on page

11-03-2025T03:05:26 - [TEST_STEP][PASSED] - if (verifyTextNotPresent("У виджета нет данных", false) == true): Text 'У виджета нет данных' is not present on page

11-03-2025T03:05:26 - [MESSAGE][PASSED] - Text 'У виджета нет данных' is not present on page

11-03-2025T03:05:26 - [TEST_STEP][PASSED] - click(findTestObject("Выручка по ДЗО/Фильтр Выручка")): Object: 'Object Repository/Выручка по ДЗО/Фильтр Выручка' is clicked on

11-03-2025T03:05:26 - [MESSAGE][PASSED] - Object: 'Object Repository/Выручка по ДЗО/Фильтр Выручка' is clicked on

11-03-2025T03:05:26 - [TEST_STEP][PASSED] - click(findTestObject("Выручка по ДЗО/Внутренний оборот в фильтре Выручка")): Object: 'Object Repository/Выручка по ДЗО/Внутренний оборот в фильтре Выручка' is clicked on

11-03-2025T03:05:27 - [MESSAGE][PASSED] - Object: 'Object Repository/Выручка по ДЗО/Внутренний оборот в фильтре Выручка' is clicked on

11-03-2025T03:05:27 - [TEST_STEP][PASSED] - click(findTestObject("Выручка по ДЗО/Применить в фильтре Выручка")): Object: 'Object Repository/Выручка по ДЗО/Применить в фильтре Выручка' is clicked on

11-03-2025T03:05:28 - [MESSAGE][PASSED] - Object: 'Object Repository/Выручка по ДЗО/Применить в фильтре Выручка' is clicked on

11-03-2025T03:05:28 - [TEST_STEP][PASSED] - Script1687405711779.Test(todaysDate): null

11-03-2025T03:05:28 - [TEST_STEP][PASSED] - delay(10): Delayed 10 second(s)

11-03-2025T03:05:38 - [MESSAGE][PASSED] - Delayed 10 second(s)

11-03-2025T03:05:38 - [TEST_STEP][PASSED] - if (verifyTextNotPresent("нет данных", false) == true): null

11-03-2025T03:05:38 - [MESSAGE][PASSED] - Text 'нет данных' is not present on page

11-03-2025T03:05:38 - [TEST_STEP][PASSED] - if (verifyTextNotPresent("Ошибка запроса данных", false) == true): null

11-03-2025T03:05:39 - [MESSAGE][PASSED] - Text 'Ошибка запроса данных' is not present on page

11-03-2025T03:05:39 - [TEST_STEP][PASSED] - if (verifyTextNotPresent("Произошла ошибка при выполнении пользовательского кода", false) == true): null

11-03-2025T03:05:39 - [MESSAGE][PASSED] - Text 'Произошла ошибка при выполнении пользовательского кода' is not present on page

11-03-2025T03:05:39 - [TEST_STEP][PASSED] - if (verifyTextNotPresent("У виджета нет данных", false) == true): null

11-03-2025T03:05:40 - [MESSAGE][PASSED] - Text 'У виджета нет данных' is not present on page

11-03-2025T03:05:40 - [TEST_STEP][PASSED] - if (verifyTextNotPresent("У виджета нет данных", false) == true): Text 'У виджета нет данных' is not present on page

11-03-2025T03:05:40 - [MESSAGE][PASSED] - Text 'У виджета нет данных' is not present on page

11-03-2025T03:05:40 - [TEST_STEP][PASSED] - click(findTestObject("Выручка по ДЗО/Фильтр Выручка")): Object: 'Object Repository/Выручка по ДЗО/Фильтр Выручка' is clicked on

11-03-2025T03:05:40 - [MESSAGE][PASSED] - Object: 'Object Repository/Выручка по ДЗО/Фильтр Выручка' is clicked on

11-03-2025T03:05:40 - [TEST_STEP][PASSED] - click(findTestObject("Выручка по ДЗО/По передаче в фильтре Выручка")): Object: 'Object Repository/Выручка по ДЗО/По передаче в фильтре Выручка' is clicked on

11-03-2025T03:05:41 - [MESSAGE][PASSED] - Object: 'Object Repository/Выручка по ДЗО/По передаче в фильтре Выручка' is clicked on

11-03-2025T03:05:41 - [TEST_STEP][PASSED] - click(findTestObject("Выручка по ДЗО/Применить в фильтре Выручка")): Object: 'Object Repository/Выручка по ДЗО/Применить в фильтре Выручка' is clicked on

11-03-2025T03:05:42 - [MESSAGE][PASSED] - Object: 'Object Repository/Выручка по ДЗО/Применить в фильтре Выручка' is clicked on

11-03-2025T03:05:42 - [TEST_STEP][PASSED] - Script1687405711779.Test(todaysDate): null

11-03-2025T03:05:42 - [TEST_STEP][PASSED] - delay(10): Delayed 10 second(s)

11-03-2025T03:05:52 - [MESSAGE][PASSED] - Delayed 10 second(s)

11-03-2025T03:05:52 - [TEST_STEP][PASSED] - if (verifyTextNotPresent("нет данных", false) == true): null

11-03-2025T03:05:52 - [MESSAGE][PASSED] - Text 'нет данных' is not present on page

11-03-2025T03:05:52 - [TEST_STEP][PASSED] - if (verifyTextNotPresent("Ошибка запроса данных", false) == true): null

11-03-2025T03:05:53 - [MESSAGE][PASSED] - Text 'Ошибка запроса данных' is not present on page

11-03-2025T03:05:53 - [TEST_STEP][PASSED] - if (verifyTextNotPresent("Произошла ошибка при выполнении пользовательского кода", false) == true): null

11-03-2025T03:05:53 - [MESSAGE][PASSED] - Text 'Произошла ошибка при выполнении пользовательского кода' is not present on page

11-03-2025T03:05:53 - [TEST_STEP][PASSED] - if (verifyTextNotPresent("У виджета нет данных", false) == true): null

11-03-2025T03:05:54 - [MESSAGE][PASSED] - Text 'У виджета нет данных' is not present on page

11-03-2025T03:05:54 - [TEST_STEP][PASSED] - if (verifyTextNotPresent("У виджета нет данных", false) == true): Text 'У виджета нет данных' is not present on page

11-03-2025T03:05:54 - [MESSAGE][PASSED] - Text 'У виджета нет данных' is not present on page

11-03-2025T03:05:54 - [TEST_STEP][PASSED] - click(findTestObject("Выручка по ДЗО/Фильтр Выручка")): Object: 'Object Repository/Выручка по ДЗО/Фильтр Выручка' is clicked on

11-03-2025T03:05:54 - [MESSAGE][PASSED] - Object: 'Object Repository/Выручка по ДЗО/Фильтр Выручка' is clicked on

11-03-2025T03:05:54 - [TEST_STEP][PASSED] - click(findTestObject("Выручка по ДЗО/Снять выделение в фильтре Выручка")): Object: 'Object Repository/Выручка по ДЗО/Снять выделение в фильтре Выручка' is clicked on

11-03-2025T03:05:55 - [MESSAGE][PASSED] - Object: 'Object Repository/Выручка по ДЗО/Снять выделение в фильтре Выручка' is clicked on

11-03-2025T03:05:55 - [TEST_STEP][PASSED] - click(findTestObject("Выручка по ДЗО/По передаче в фильтре Выручка")): Object: 'Object Repository/Выручка по ДЗО/По передаче в фильтре Выручка' is clicked on

11-03-2025T03:05:55 - [MESSAGE][PASSED] - Object: 'Object Repository/Выручка по ДЗО/По передаче в фильтре Выручка' is clicked on

11-03-2025T03:05:55 - [TEST_STEP][PASSED] - click(findTestObject("Выручка по ДЗО/Применить в фильтре Выручка")): Object: 'Object Repository/Выручка по ДЗО/Применить в фильтре Выручка' is clicked on

11-03-2025T03:05:56 - [MESSAGE][PASSED] - Object: 'Object Repository/Выручка по ДЗО/Применить в фильтре Выручка' is clicked on

11-03-2025T03:05:56 - [TEST_STEP][PASSED] - Script1687405711779.Test(todaysDate): null

11-03-2025T03:05:56 - [TEST_STEP][PASSED] - delay(10): Delayed 10 second(s)

11-03-2025T03:06:06 - [MESSAGE][PASSED] - Delayed 10 second(s)

11-03-2025T03:06:06 - [TEST_STEP][PASSED] - if (verifyTextNotPresent("нет данных", false) == true): null

11-03-2025T03:06:06 - [MESSAGE][PASSED] - Text 'нет данных' is not present on page

11-03-2025T03:06:06 - [TEST_STEP][PASSED] - if (verifyTextNotPresent("Ошибка запроса данных", false) == true): null

11-03-2025T03:06:07 - [MESSAGE][PASSED] - Text 'Ошибка запроса данных' is not present on page

11-03-2025T03:06:07 - [TEST_STEP][PASSED] - if (verifyTextNotPresent("Произошла ошибка при выполнении пользовательского кода", false) == true): null

11-03-2025T03:06:07 - [MESSAGE][PASSED] - Text 'Произошла ошибка при выполнении пользовательского кода' is not present on page

11-03-2025T03:06:07 - [TEST_STEP][PASSED] - if (verifyTextNotPresent("У виджета нет данных", false) == true): null

11-03-2025T03:06:08 - [MESSAGE][PASSED] - Text 'У виджета нет данных' is not present on page

11-03-2025T03:06:08 - [TEST_STEP][PASSED] - if (verifyTextNotPresent("У виджета нет данных", false) == true): Text 'У виджета нет данных' is not present on page

11-03-2025T03:06:08 - [MESSAGE][PASSED] - Text 'У виджета нет данных' is not present on page

11-03-2025T03:06:08 - [TEST_STEP][PASSED] - click(findTestObject("Выручка по ДЗО/Фильтр Выручка")): Object: 'Object Repository/Выручка по ДЗО/Фильтр Выручка' is clicked on

11-03-2025T03:06:09 - [MESSAGE][PASSED] - Object: 'Object Repository/Выручка по ДЗО/Фильтр Выручка' is clicked on

11-03-2025T03:06:09 - [TEST_STEP][PASSED] - click(findTestObject("Выручка по ДЗО/Снять выделение в фильтре Выручка")): Object: 'Object Repository/Выручка по ДЗО/Снять выделение в фильтре Выручка' is clicked on

11-03-2025T03:06:09 - [MESSAGE][PASSED] - Object: 'Object Repository/Выручка по ДЗО/Снять выделение в фильтре Выручка' is clicked on

11-03-2025T03:06:09 - [TEST_STEP][PASSED] - click(findTestObject("Выручка по ДЗО/Применить в фильтре Выручка")): Object: 'Object Repository/Выручка по ДЗО/Применить в фильтре Выручка' is clicked on

11-03-2025T03:06:10 - [MESSAGE][PASSED] - Object: 'Object Repository/Выручка по ДЗО/Применить в фильтре Выручка' is clicked on

11-03-2025T03:06:10 - [TEST_STEP][PASSED] - click(findTestObject("Выручка по ДЗО/Фильтр ДЗО")): Object: 'Object Repository/Выручка по ДЗО/Фильтр ДЗО' is clicked on

11-03-2025T03:06:11 - [MESSAGE][PASSED] - Object: 'Object Repository/Выручка по ДЗО/Фильтр ДЗО' is clicked on

11-03-2025T03:06:11 - [TEST_STEP][PASSED] - click(findTestObject("Выручка по ДЗО/Снять выделение в фильтре ДЗО")): Object: 'Object Repository/Выручка по ДЗО/Снять выделение в фильтре ДЗО' is clicked on

11-03-2025T03:06:11 - [MESSAGE][PASSED] - Object: 'Object Repository/Выручка по ДЗО/Снять выделение в фильтре ДЗО' is clicked on

11-03-2025T03:06:11 - [TEST_STEP][PASSED] - scrollToElement(findTestObject("Общие объекты/Ингушэнерго"), 30): Scroll to object 'Object Repository/Общие объекты/Ингушэнерго' successfully

11-03-2025T03:06:12 - [MESSAGE][PASSED] - Scroll to object 'Object Repository/Общие объекты/Ингушэнерго' successfully

11-03-2025T03:06:12 - [TEST_STEP][PASSED] - click(findTestObject("Общие объекты/Ингушэнерго"), CONTINUE_ON_FAILURE): Object: 'Object Repository/Общие объекты/Ингушэнерго' is clicked on

11-03-2025T03:06:12 - [MESSAGE][PASSED] - Object: 'Object Repository/Общие объекты/Ингушэнерго' is clicked on

11-03-2025T03:06:12 - [TEST_STEP][PASSED] - Script1687405711779.Change(todaysDate): null

11-03-2025T03:06:12 - [TEST_STEP][PASSED] - scrollToElement(findTestObject("Выручка по ДЗО/Заголовок дашборда"), 30): Scroll to object 'Object Repository/Выручка по ДЗО/Заголовок дашборда' successfully

11-03-2025T03:06:13 - [MESSAGE][PASSED] - Scroll to object 'Object Repository/Выручка по ДЗО/Заголовок дашборда' successfully

11-03-2025T03:06:13 - [TEST_STEP][PASSED] - click(findTestObject("Выручка по ДЗО/Применить в фильтре ДЗО")): Object: 'Object Repository/Выручка по ДЗО/Применить в фильтре ДЗО' is clicked on

11-03-2025T03:06:13 - [MESSAGE][PASSED] - Object: 'Object Repository/Выручка по ДЗО/Применить в фильтре ДЗО' is clicked on

11-03-2025T03:06:13 - [TEST_STEP][PASSED] - Script1687405711779.Tumbler(todaysDate): null

11-03-2025T03:06:13 - [TEST_STEP][PASSED] - Script1687405711779.Test(todaysDate): null

11-03-2025T03:06:13 - [TEST_STEP][PASSED] - delay(10): Delayed 10 second(s)

11-03-2025T03:06:23 - [MESSAGE][PASSED] - Delayed 10 second(s)

11-03-2025T03:06:23 - [TEST_STEP][PASSED] - if (verifyTextNotPresent("нет данных", false) == true): null

11-03-2025T03:06:24 - [MESSAGE][PASSED] - Text 'нет данных' is not present on page

11-03-2025T03:06:24 - [TEST_STEP][PASSED] - if (verifyTextNotPresent("Ошибка запроса данных", false) == true): null

11-03-2025T03:06:24 - [MESSAGE][PASSED] - Text 'Ошибка запроса данных' is not present on page

11-03-2025T03:06:24 - [TEST_STEP][PASSED] - if (verifyTextNotPresent("Произошла ошибка при выполнении пользовательского кода", false) == true): null

11-03-2025T03:06:25 - [MESSAGE][PASSED] - Text 'Произошла ошибка при выполнении пользовательского кода' is not present on page

11-03-2025T03:06:25 - [TEST_STEP][PASSED] - if (verifyTextNotPresent("У виджета нет данных", false) == true): null

11-03-2025T03:06:25 - [MESSAGE][PASSED] - Text 'У виджета нет данных' is not present on page

11-03-2025T03:06:25 - [TEST_STEP][PASSED] - if (verifyTextNotPresent("У виджета нет данных", false) == true): Text 'У виджета нет данных' is not present on page

11-03-2025T03:06:26 - [MESSAGE][PASSED] - Text 'У виджета нет данных' is not present on page

11-03-2025T03:06:26 - [TEST_STEP][PASSED] - click(findTestObject("Выручка по ДЗО/Фильтр Выручка")): Object: 'Object Repository/Выручка по ДЗО/Фильтр Выручка' is clicked on

11-03-2025T03:06:26 - [MESSAGE][PASSED] - Object: 'Object Repository/Выручка по ДЗО/Фильтр Выручка' is clicked on

11-03-2025T03:06:26 - [TEST_STEP][PASSED] - click(findTestObject("Выручка по ДЗО/Внутренний оборот в фильтре Выручка")): Object: 'Object Repository/Выручка по ДЗО/Внутренний оборот в фильтре Выручка' is clicked on

11-03-2025T03:06:26 - [MESSAGE][PASSED] - Object: 'Object Repository/Выручка по ДЗО/Внутренний оборот в фильтре Выручка' is clicked on

11-03-2025T03:06:26 - [TEST_STEP][PASSED] - click(findTestObject("Выручка по ДЗО/Применить в фильтре Выручка")): Object: 'Object Repository/Выручка по ДЗО/Применить в фильтре Выручка' is clicked on

11-03-2025T03:06:27 - [MESSAGE][PASSED] - Object: 'Object Repository/Выручка по ДЗО/Применить в фильтре Выручка' is clicked on

11-03-2025T03:06:27 - [TEST_STEP][PASSED] - Script1687405711779.Test(todaysDate): null

11-03-2025T03:06:27 - [TEST_STEP][PASSED] - delay(10): Delayed 10 second(s)

11-03-2025T03:06:37 - [MESSAGE][PASSED] - Delayed 10 second(s)

11-03-2025T03:06:37 - [TEST_STEP][PASSED] - if (verifyTextNotPresent("нет данных", false) == true): null

11-03-2025T03:06:37 - [MESSAGE][PASSED] - Text 'нет данных' is not present on page

11-03-2025T03:06:37 - [TEST_STEP][PASSED] - if (verifyTextNotPresent("Ошибка запроса данных", false) == true): null

11-03-2025T03:06:38 - [MESSAGE][PASSED] - Text 'Ошибка запроса данных' is not present on page

11-03-2025T03:06:38 - [TEST_STEP][PASSED] - if (verifyTextNotPresent("Произошла ошибка при выполнении пользовательского кода", false) == true): null

11-03-2025T03:06:39 - [MESSAGE][PASSED] - Text 'Произошла ошибка при выполнении пользовательского кода' is not present on page

11-03-2025T03:06:39 - [TEST_STEP][PASSED] - if (verifyTextNotPresent("У виджета нет данных", false) == true): null

11-03-2025T03:06:39 - [MESSAGE][PASSED] - Text 'У виджета нет данных' is not present on page

11-03-2025T03:06:39 - [TEST_STEP][PASSED] - if (verifyTextNotPresent("У виджета нет данных", false) == true): Text 'У виджета нет данных' is not present on page

11-03-2025T03:06:39 - [MESSAGE][PASSED] - Text 'У виджета нет данных' is not present on page

11-03-2025T03:06:39 - [TEST_STEP][PASSED] - click(findTestObject("Выручка по ДЗО/Фильтр Выручка")): Object: 'Object Repository/Выручка по ДЗО/Фильтр Выручка' is clicked on

11-03-2025T03:06:40 - [MESSAGE][PASSED] - Object: 'Object Repository/Выручка по ДЗО/Фильтр Выручка' is clicked on

11-03-2025T03:06:40 - [TEST_STEP][PASSED] - click(findTestObject("Выручка по ДЗО/По передаче в фильтре Выручка")): Object: 'Object Repository/Выручка по ДЗО/По передаче в фильтре Выручка' is clicked on

11-03-2025T03:06:40 - [MESSAGE][PASSED] - Object: 'Object Repository/Выручка по ДЗО/По передаче в фильтре Выручка' is clicked on

11-03-2025T03:06:40 - [TEST_STEP][PASSED] - click(findTestObject("Выручка по ДЗО/Применить в фильтре Выручка")): Object: 'Object Repository/Выручка по ДЗО/Применить в фильтре Выручка' is clicked on

11-03-2025T03:06:41 - [MESSAGE][PASSED] - Object: 'Object Repository/Выручка по ДЗО/Применить в фильтре Выручка' is clicked on

11-03-2025T03:06:41 - [TEST_STEP][PASSED] - Script1687405711779.Test(todaysDate): null

11-03-2025T03:06:41 - [TEST_STEP][PASSED] - delay(10): Delayed 10 second(s)

11-03-2025T03:06:51 - [MESSAGE][PASSED] - Delayed 10 second(s)

11-03-2025T03:06:51 - [TEST_STEP][PASSED] - if (verifyTextNotPresent("нет данных", false) == true): null

11-03-2025T03:06:51 - [MESSAGE][PASSED] - Text 'нет данных' is not present on page

11-03-2025T03:06:51 - [TEST_STEP][PASSED] - if (verifyTextNotPresent("Ошибка запроса данных", false) == true): null

11-03-2025T03:06:52 - [MESSAGE][PASSED] - Text 'Ошибка запроса данных' is not present on page

11-03-2025T03:06:52 - [TEST_STEP][PASSED] - if (verifyTextNotPresent("Произошла ошибка при выполнении пользовательского кода", false) == true): null

11-03-2025T03:06:53 - [MESSAGE][PASSED] - Text 'Произошла ошибка при выполнении пользовательского кода' is not present on page

11-03-2025T03:06:53 - [TEST_STEP][PASSED] - if (verifyTextNotPresent("У виджета нет данных", false) == true): null

11-03-2025T03:06:53 - [MESSAGE][PASSED] - Text 'У виджета нет данных' is not present on page

11-03-2025T03:06:53 - [TEST_STEP][PASSED] - if (verifyTextNotPresent("У виджета нет данных", false) == true): Text 'У виджета нет данных' is not present on page

11-03-2025T03:06:54 - [MESSAGE][PASSED] - Text 'У виджета нет данных' is not present on page

11-03-2025T03:06:54 - [TEST_STEP][PASSED] - click(findTestObject("Выручка по ДЗО/Фильтр Выручка")): Object: 'Object Repository/Выручка по ДЗО/Фильтр Выручка' is clicked on

11-03-2025T03:06:54 - [MESSAGE][PASSED] - Object: 'Object Repository/Выручка по ДЗО/Фильтр Выручка' is clicked on

11-03-2025T03:06:54 - [TEST_STEP][PASSED] - click(findTestObject("Выручка по ДЗО/Снять выделение в фильтре Выручка")): Object: 'Object Repository/Выручка по ДЗО/Снять выделение в фильтре Выручка' is clicked on

11-03-2025T03:06:54 - [MESSAGE][PASSED] - Object: 'Object Repository/Выручка по ДЗО/Снять выделение в фильтре Выручка' is clicked on

11-03-2025T03:06:54 - [TEST_STEP][PASSED] - click(findTestObject("Выручка по ДЗО/По передаче в фильтре Выручка")): Object: 'Object Repository/Выручка по ДЗО/По передаче в фильтре Выручка' is clicked on

11-03-2025T03:06:55 - [MESSAGE][PASSED] - Object: 'Object Repository/Выручка по ДЗО/По передаче в фильтре Выручка' is clicked on

11-03-2025T03:06:55 - [TEST_STEP][PASSED] - click(findTestObject("Выручка по ДЗО/Применить в фильтре Выручка")): Object: 'Object Repository/Выручка по ДЗО/Применить в фильтре Выручка' is clicked on

11-03-2025T03:06:55 - [MESSAGE][PASSED] - Object: 'Object Repository/Выручка по ДЗО/Применить в фильтре Выручка' is clicked on

11-03-2025T03:06:55 - [TEST_STEP][PASSED] - Script1687405711779.Test(todaysDate): null

11-03-2025T03:06:55 - [TEST_STEP][PASSED] - delay(10): Delayed 10 second(s)

11-03-2025T03:07:05 - [MESSAGE][PASSED] - Delayed 10 second(s)

11-03-2025T03:07:05 - [TEST_STEP][FAILED] - if (verifyTextNotPresent("нет данных", false) == true): Text 'нет данных' is present on page  (Root cause: com.kms.katalon.core.exception.StepFailedException: Text 'нет данных' is present on page 
	at com.kms.katalon.core.webui.keyword.internal.WebUIKeywordMain.stepFailed(WebUIKeywordMain.groovy:64)
	at com.kms.katalon.core.webui.keyword.builtin.VerifyTextNotPresentKeyword$_verifyTextNotPresent_closure1.doCall(VerifyTextNotPresentKeyword.groovy:77)
	at com.kms.katalon.core.webui.keyword.builtin.VerifyTextNotPresentKeyword$_verifyTextNotPresent_closure1.call(VerifyTextNotPresentKeyword.groovy)
	at com.kms.katalon.core.webui.keyword.internal.WebUIKeywordMain.runKeyword(WebUIKeywordMain.groovy:20)
	at com.kms.katalon.core.webui.keyword.builtin.VerifyTextNotPresentKeyword.verifyTextNotPresent(VerifyTextNotPresentKeyword.groovy:82)
	at com.kms.katalon.core.webui.keyword.builtin.VerifyTextNotPresentKeyword.execute(VerifyTextNotPresentKeyword.groovy:68)
	at com.kms.katalon.core.keyword.internal.KeywordExecutor.executeKeywordForPlatform(KeywordExecutor.groovy:74)
	at com.kms.katalon.core.webui.keyword.WebUiBuiltInKeywords.verifyTextNotPresent(WebUiBuiltInKeywords.groovy:1795)
	at Выручка по ДЗО отображение данных все филиалы.Test(Выручка по ДЗО отображение данных все филиалы:772)
	at Выручка по ДЗО отображение данных все филиалы.Tumbler(Выручка по ДЗО отображение данных все филиалы:744)
	at Выручка по ДЗО отображение данных все филиалы.Change(Выручка по ДЗО отображение данных все филиалы:760)
	at Выручка по ДЗО отображение данных все филиалы.DzoTest(Выручка по ДЗО отображение данных все филиалы:310)
	at Выручка по ДЗО отображение данных все филиалы.run(Выручка по ДЗО отображение данных все филиалы:122)
	at com.kms.katalon.core.main.ScriptEngine.run(ScriptEngine.java:194)
	at com.kms.katalon.core.main.ScriptEngine.runScriptAsRawText(ScriptEngine.java:119)
	at com.kms.katalon.core.main.TestCaseExecutor.runScript(TestCaseExecutor.java:448)
	at com.kms.katalon.core.main.TestCaseExecutor.doExecute(TestCaseExecutor.java:439)
	at com.kms.katalon.core.main.TestCaseExecutor.processExecutionPhase(TestCaseExecutor.java:418)
	at com.kms.katalon.core.main.TestCaseExecutor.accessMainPhase(TestCaseExecutor.java:410)
	at com.kms.katalon.core.main.TestCaseExecutor.execute(TestCaseExecutor.java:285)
	at com.kms.katalon.core.common.CommonExecutor.accessTestCaseMainPhase(CommonExecutor.java:65)
	at com.kms.katalon.core.main.TestSuiteExecutor.accessTestSuiteMainPhase(TestSuiteExecutor.java:150)
	at com.kms.katalon.core.main.TestSuiteExecutor.execute(TestSuiteExecutor.java:106)
	at com.kms.katalon.core.main.TestCaseMain.startTestSuite(TestCaseMain.java:180)
	at TempTestSuite1741649958618.run(TempTestSuite1741649958618.groovy:35)
	at java.base/jdk.internal.reflect.NativeMethodAccessorImpl.invoke0(Native Method)
	at java.base/jdk.internal.reflect.NativeMethodAccessorImpl.invoke(NativeMethodAccessorImpl.java:77)
	at java.base/jdk.internal.reflect.DelegatingMethodAccessorImpl.invoke(DelegatingMethodAccessorImpl.java:43)
)

11-03-2025T03:07:06 - [MESSAGE][FAILED] - Text 'нет данных' is present on page  (Root cause: com.kms.katalon.core.exception.StepFailedException: Text 'нет данных' is present on page 
	at com.kms.katalon.core.webui.keyword.internal.WebUIKeywordMain.stepFailed(WebUIKeywordMain.groovy:64)
	at com.kms.katalon.core.webui.keyword.builtin.VerifyTextNotPresentKeyword$_verifyTextNotPresent_closure1.doCall(VerifyTextNotPresentKeyword.groovy:77)
	at com.kms.katalon.core.webui.keyword.builtin.VerifyTextNotPresentKeyword$_verifyTextNotPresent_closure1.call(VerifyTextNotPresentKeyword.groovy)
	at com.kms.katalon.core.webui.keyword.internal.WebUIKeywordMain.runKeyword(WebUIKeywordMain.groovy:20)
	at com.kms.katalon.core.webui.keyword.builtin.VerifyTextNotPresentKeyword.verifyTextNotPresent(VerifyTextNotPresentKeyword.groovy:82)
	at com.kms.katalon.core.webui.keyword.builtin.VerifyTextNotPresentKeyword.execute(VerifyTextNotPresentKeyword.groovy:68)
	at com.kms.katalon.core.keyword.internal.KeywordExecutor.executeKeywordForPlatform(KeywordExecutor.groovy:74)
	at com.kms.katalon.core.webui.keyword.WebUiBuiltInKeywords.verifyTextNotPresent(WebUiBuiltInKeywords.groovy:1795)
	at Выручка по ДЗО отображение данных все филиалы.Test(Выручка по ДЗО отображение данных все филиалы:772)
	at Выручка по ДЗО отображение данных все филиалы.Tumbler(Выручка по ДЗО отображение данных все филиалы:744)
	at Выручка по ДЗО отображение данных все филиалы.Change(Выручка по ДЗО отображение данных все филиалы:760)
	at Выручка по ДЗО отображение данных все филиалы.DzoTest(Выручка по ДЗО отображение данных все филиалы:310)
	at Выручка по ДЗО отображение данных все филиалы.run(Выручка по ДЗО отображение данных все филиалы:122)
	at com.kms.katalon.core.main.ScriptEngine.run(ScriptEngine.java:194)
	at com.kms.katalon.core.main.ScriptEngine.runScriptAsRawText(ScriptEngine.java:119)
	at com.kms.katalon.core.main.TestCaseExecutor.runScript(TestCaseExecutor.java:448)
	at com.kms.katalon.core.main.TestCaseExecutor.doExecute(TestCaseExecutor.java:439)
	at com.kms.katalon.core.main.TestCaseExecutor.processExecutionPhase(TestCaseExecutor.java:418)
	at com.kms.katalon.core.main.TestCaseExecutor.accessMainPhase(TestCaseExecutor.java:410)
	at com.kms.katalon.core.main.TestCaseExecutor.execute(TestCaseExecutor.java:285)
	at com.kms.katalon.core.common.CommonExecutor.accessTestCaseMainPhase(CommonExecutor.java:65)
	at com.kms.katalon.core.main.TestSuiteExecutor.accessTestSuiteMainPhase(TestSuiteExecutor.java:150)
	at com.kms.katalon.core.main.TestSuiteExecutor.execute(TestSuiteExecutor.java:106)
	at com.kms.katalon.core.main.TestCaseMain.startTestSuite(TestCaseMain.java:180)
	at TempTestSuite1741649958618.run(TempTestSuite1741649958618.groovy:35)
	at java.base/jdk.internal.reflect.NativeMethodAccessorImpl.invoke0(Native Method)
	at java.base/jdk.internal.reflect.NativeMethodAccessorImpl.invoke(NativeMethodAccessorImpl.java:77)
	at java.base/jdk.internal.reflect.DelegatingMethodAccessorImpl.invoke(DelegatingMethodAccessorImpl.java:43)
)

11-03-2025T03:07:06 - [TEST_STEP][PASSED] - else: null

11-03-2025T03:07:06 - [TEST_STEP][PASSED] - Script1687405711779.WriteToExcel(todaysDate): null

11-03-2025T03:07:06 - [TEST_STEP][PASSED] - sheetName = "Sheet1": null

11-03-2025T03:07:06 - [TEST_STEP][PASSED] - data = findTestData("PlanFact"): null

11-03-2025T03:07:06 - [TEST_STEP][PASSED] - n = data.getRowNumbers() + 1: null

11-03-2025T03:07:06 - [TEST_STEP][PASSED] - dZO = getText(findTestObject("Выручка по ДЗО/Фильтр ДЗО")): Text of object 'Object Repository/Выручка по ДЗО/Фильтр ДЗО' is: 'ПАО Россети - РаспредКомплекс - Россети Северный Кавказ (ГК) - Ингушэнерго'

11-03-2025T03:07:06 - [MESSAGE][PASSED] - Text of object 'Object Repository/Выручка по ДЗО/Фильтр ДЗО' is: 'ПАО Россети - РаспредКомплекс - Россети Северный Кавказ (ГК) - Ингушэнерго'

11-03-2025T03:07:06 - [TEST_STEP][PASSED] - period = getText(findTestObject("Выручка по ДЗО/Фильтр Дата")): Text of object 'Object Repository/Выручка по ДЗО/Фильтр Дата' is: 'Январь 2025 года'

11-03-2025T03:07:06 - [MESSAGE][PASSED] - Text of object 'Object Repository/Выручка по ДЗО/Фильтр Дата' is: 'Январь 2025 года'

11-03-2025T03:07:06 - [TEST_STEP][PASSED] - viruchka = getText(findTestObject("Выручка по ДЗО/Фильтр Выручка")): Text of object 'Object Repository/Выручка по ДЗО/Фильтр Выручка' is: 'по передаче'

11-03-2025T03:07:07 - [MESSAGE][PASSED] - Text of object 'Object Repository/Выручка по ДЗО/Фильтр Выручка' is: 'по передаче'

11-03-2025T03:07:07 - [TEST_STEP][PASSED] - if (viruchka == "Выбрано: 2"): null

11-03-2025T03:07:07 - [TEST_STEP][PASSED] - if (viruchka == "Все"): null

11-03-2025T03:07:07 - [TEST_STEP][PASSED] - println(period): null

11-03-2025T03:07:07 - [TEST_STEP][PASSED] - dashboardName = "Выручка по ДЗО": null

11-03-2025T03:07:07 - [TEST_STEP][PASSED] - workbook01 = getWorkbook(excelFilePath): null

11-03-2025T03:07:07 - [TEST_STEP][PASSED] - sheet01 = getExcelSheet(workbook01, sheetName): null

11-03-2025T03:07:07 - [TEST_STEP][PASSED] - setValueToCellByIndex(sheet01, n, 0, dashboardName): null

11-03-2025T03:07:07 - [TEST_STEP][PASSED] - setValueToCellByIndex(sheet01, n, 1, dZO): null

11-03-2025T03:07:07 - [TEST_STEP][PASSED] - setValueToCellByIndex(sheet01, n, 2, period): null

11-03-2025T03:07:07 - [TEST_STEP][PASSED] - setValueToCellByIndex(sheet01, n, 3, viruchka): null

11-03-2025T03:07:07 - [TEST_STEP][PASSED] - setValueToCellByIndex(sheet01, n, 4, todaysDate): null

11-03-2025T03:07:07 - [TEST_STEP][PASSED] - n = n + 1: null

11-03-2025T03:07:07 - [TEST_STEP][PASSED] - saveWorkbook(excelFilePath, workbook01): null

11-03-2025T03:07:07 - [TEST_STEP][PASSED] - click(findTestObject("Выручка по ДЗО/Фильтр Выручка")): Object: 'Object Repository/Выручка по ДЗО/Фильтр Выручка' is clicked on

11-03-2025T03:07:07 - [MESSAGE][PASSED] - Object: 'Object Repository/Выручка по ДЗО/Фильтр Выручка' is clicked on

11-03-2025T03:07:07 - [TEST_STEP][PASSED] - click(findTestObject("Выручка по ДЗО/Снять выделение в фильтре Выручка")): Object: 'Object Repository/Выручка по ДЗО/Снять выделение в фильтре Выручка' is clicked on

11-03-2025T03:07:08 - [MESSAGE][PASSED] - Object: 'Object Repository/Выручка по ДЗО/Снять выделение в фильтре Выручка' is clicked on

11-03-2025T03:07:08 - [TEST_STEP][PASSED] - click(findTestObject("Выручка по ДЗО/Применить в фильтре Выручка")): Object: 'Object Repository/Выручка по ДЗО/Применить в фильтре Выручка' is clicked on

11-03-2025T03:07:08 - [MESSAGE][PASSED] - Object: 'Object Repository/Выручка по ДЗО/Применить в фильтре Выручка' is clicked on

11-03-2025T03:07:08 - [TEST_STEP][PASSED] - click(findTestObject("Выручка по ДЗО/Фильтр ДЗО")): Object: 'Object Repository/Выручка по ДЗО/Фильтр ДЗО' is clicked on

11-03-2025T03:07:10 - [MESSAGE][PASSED] - Object: 'Object Repository/Выручка по ДЗО/Фильтр ДЗО' is clicked on

11-03-2025T03:07:10 - [TEST_STEP][PASSED] - click(findTestObject("Выручка по ДЗО/Снять выделение в фильтре ДЗО")): Object: 'Object Repository/Выручка по ДЗО/Снять выделение в фильтре ДЗО' is clicked on

11-03-2025T03:07:11 - [MESSAGE][PASSED] - Object: 'Object Repository/Выручка по ДЗО/Снять выделение в фильтре ДЗО' is clicked on

11-03-2025T03:07:11 - [TEST_STEP][PASSED] - scrollToElement(findTestObject("Общие объекты/Каббалкэнерго"), 30): Scroll to object 'Object Repository/Общие объекты/Каббалкэнерго' successfully

11-03-2025T03:07:11 - [MESSAGE][PASSED] - Scroll to object 'Object Repository/Общие объекты/Каббалкэнерго' successfully

11-03-2025T03:07:11 - [TEST_STEP][PASSED] - click(findTestObject("Общие объекты/Каббалкэнерго"), CONTINUE_ON_FAILURE): Object: 'Object Repository/Общие объекты/Каббалкэнерго' is clicked on

11-03-2025T03:07:11 - [MESSAGE][PASSED] - Object: 'Object Repository/Общие объекты/Каббалкэнерго' is clicked on

11-03-2025T03:07:11 - [TEST_STEP][PASSED] - Script1687405711779.Change(todaysDate): null

11-03-2025T03:07:11 - [TEST_STEP][PASSED] - scrollToElement(findTestObject("Выручка по ДЗО/Заголовок дашборда"), 30): Scroll to object 'Object Repository/Выручка по ДЗО/Заголовок дашборда' successfully

11-03-2025T03:07:12 - [MESSAGE][PASSED] - Scroll to object 'Object Repository/Выручка по ДЗО/Заголовок дашборда' successfully

11-03-2025T03:07:12 - [TEST_STEP][PASSED] - click(findTestObject("Выручка по ДЗО/Применить в фильтре ДЗО")): Object: 'Object Repository/Выручка по ДЗО/Применить в фильтре ДЗО' is clicked on

11-03-2025T03:07:12 - [MESSAGE][PASSED] - Object: 'Object Repository/Выручка по ДЗО/Применить в фильтре ДЗО' is clicked on

11-03-2025T03:07:12 - [TEST_STEP][PASSED] - Script1687405711779.Tumbler(todaysDate): null

11-03-2025T03:07:12 - [TEST_STEP][PASSED] - Script1687405711779.Test(todaysDate): null

11-03-2025T03:07:12 - [TEST_STEP][PASSED] - delay(10): Delayed 10 second(s)

11-03-2025T03:07:22 - [MESSAGE][PASSED] - Delayed 10 second(s)

11-03-2025T03:07:22 - [TEST_STEP][PASSED] - if (verifyTextNotPresent("нет данных", false) == true): null

11-03-2025T03:07:23 - [MESSAGE][PASSED] - Text 'нет данных' is not present on page

11-03-2025T03:07:23 - [TEST_STEP][PASSED] - if (verifyTextNotPresent("Ошибка запроса данных", false) == true): null

11-03-2025T03:07:23 - [MESSAGE][PASSED] - Text 'Ошибка запроса данных' is not present on page

11-03-2025T03:07:23 - [TEST_STEP][PASSED] - if (verifyTextNotPresent("Произошла ошибка при выполнении пользовательского кода", false) == true): null

11-03-2025T03:07:24 - [MESSAGE][PASSED] - Text 'Произошла ошибка при выполнении пользовательского кода' is not present on page

11-03-2025T03:07:24 - [TEST_STEP][PASSED] - if (verifyTextNotPresent("У виджета нет данных", false) == true): null

11-03-2025T03:07:24 - [MESSAGE][PASSED] - Text 'У виджета нет данных' is not present on page

11-03-2025T03:07:24 - [TEST_STEP][PASSED] - if (verifyTextNotPresent("У виджета нет данных", false) == true): Text 'У виджета нет данных' is not present on page

11-03-2025T03:07:25 - [MESSAGE][PASSED] - Text 'У виджета нет данных' is not present on page

11-03-2025T03:07:25 - [TEST_STEP][PASSED] - click(findTestObject("Выручка по ДЗО/Фильтр Выручка")): Object: 'Object Repository/Выручка по ДЗО/Фильтр Выручка' is clicked on

11-03-2025T03:07:25 - [MESSAGE][PASSED] - Object: 'Object Repository/Выручка по ДЗО/Фильтр Выручка' is clicked on

11-03-2025T03:07:25 - [TEST_STEP][PASSED] - click(findTestObject("Выручка по ДЗО/Внутренний оборот в фильтре Выручка")): Object: 'Object Repository/Выручка по ДЗО/Внутренний оборот в фильтре Выручка' is clicked on

11-03-2025T03:07:26 - [MESSAGE][PASSED] - Object: 'Object Repository/Выручка по ДЗО/Внутренний оборот в фильтре Выручка' is clicked on

11-03-2025T03:07:26 - [TEST_STEP][PASSED] - click(findTestObject("Выручка по ДЗО/Применить в фильтре Выручка")): Object: 'Object Repository/Выручка по ДЗО/Применить в фильтре Выручка' is clicked on

11-03-2025T03:07:26 - [MESSAGE][PASSED] - Object: 'Object Repository/Выручка по ДЗО/Применить в фильтре Выручка' is clicked on

11-03-2025T03:07:26 - [TEST_STEP][PASSED] - Script1687405711779.Test(todaysDate): null

11-03-2025T03:07:26 - [TEST_STEP][PASSED] - delay(10): Delayed 10 second(s)

11-03-2025T03:07:36 - [MESSAGE][PASSED] - Delayed 10 second(s)

11-03-2025T03:07:36 - [TEST_STEP][PASSED] - if (verifyTextNotPresent("нет данных", false) == true): null

11-03-2025T03:07:37 - [MESSAGE][PASSED] - Text 'нет данных' is not present on page

11-03-2025T03:07:37 - [TEST_STEP][PASSED] - if (verifyTextNotPresent("Ошибка запроса данных", false) == true): null

11-03-2025T03:07:37 - [MESSAGE][PASSED] - Text 'Ошибка запроса данных' is not present on page

11-03-2025T03:07:37 - [TEST_STEP][PASSED] - if (verifyTextNotPresent("Произошла ошибка при выполнении пользовательского кода", false) == true): null

11-03-2025T03:07:38 - [MESSAGE][PASSED] - Text 'Произошла ошибка при выполнении пользовательского кода' is not present on page

11-03-2025T03:07:38 - [TEST_STEP][PASSED] - if (verifyTextNotPresent("У виджета нет данных", false) == true): null

11-03-2025T03:07:38 - [MESSAGE][PASSED] - Text 'У виджета нет данных' is not present on page

11-03-2025T03:07:38 - [TEST_STEP][PASSED] - if (verifyTextNotPresent("У виджета нет данных", false) == true): Text 'У виджета нет данных' is not present on page

11-03-2025T03:07:39 - [MESSAGE][PASSED] - Text 'У виджета нет данных' is not present on page

11-03-2025T03:07:39 - [TEST_STEP][PASSED] - click(findTestObject("Выручка по ДЗО/Фильтр Выручка")): Object: 'Object Repository/Выручка по ДЗО/Фильтр Выручка' is clicked on

11-03-2025T03:07:39 - [MESSAGE][PASSED] - Object: 'Object Repository/Выручка по ДЗО/Фильтр Выручка' is clicked on

11-03-2025T03:07:39 - [TEST_STEP][PASSED] - click(findTestObject("Выручка по ДЗО/По передаче в фильтре Выручка")): Object: 'Object Repository/Выручка по ДЗО/По передаче в фильтре Выручка' is clicked on

11-03-2025T03:07:40 - [MESSAGE][PASSED] - Object: 'Object Repository/Выручка по ДЗО/По передаче в фильтре Выручка' is clicked on

11-03-2025T03:07:40 - [TEST_STEP][PASSED] - click(findTestObject("Выручка по ДЗО/Применить в фильтре Выручка")): Object: 'Object Repository/Выручка по ДЗО/Применить в фильтре Выручка' is clicked on

11-03-2025T03:07:40 - [MESSAGE][PASSED] - Object: 'Object Repository/Выручка по ДЗО/Применить в фильтре Выручка' is clicked on

11-03-2025T03:07:40 - [TEST_STEP][PASSED] - Script1687405711779.Test(todaysDate): null

11-03-2025T03:07:40 - [TEST_STEP][PASSED] - delay(10): Delayed 10 second(s)

11-03-2025T03:07:50 - [MESSAGE][PASSED] - Delayed 10 second(s)

11-03-2025T03:07:50 - [TEST_STEP][PASSED] - if (verifyTextNotPresent("нет данных", false) == true): null

11-03-2025T03:07:51 - [MESSAGE][PASSED] - Text 'нет данных' is not present on page

11-03-2025T03:07:51 - [TEST_STEP][PASSED] - if (verifyTextNotPresent("Ошибка запроса данных", false) == true): null

11-03-2025T03:07:51 - [MESSAGE][PASSED] - Text 'Ошибка запроса данных' is not present on page

11-03-2025T03:07:51 - [TEST_STEP][PASSED] - if (verifyTextNotPresent("Произошла ошибка при выполнении пользовательского кода", false) == true): null

11-03-2025T03:07:52 - [MESSAGE][PASSED] - Text 'Произошла ошибка при выполнении пользовательского кода' is not present on page

11-03-2025T03:07:52 - [TEST_STEP][PASSED] - if (verifyTextNotPresent("У виджета нет данных", false) == true): null

11-03-2025T03:07:52 - [MESSAGE][PASSED] - Text 'У виджета нет данных' is not present on page

11-03-2025T03:07:52 - [TEST_STEP][PASSED] - if (verifyTextNotPresent("У виджета нет данных", false) == true): Text 'У виджета нет данных' is not present on page

11-03-2025T03:07:53 - [MESSAGE][PASSED] - Text 'У виджета нет данных' is not present on page

11-03-2025T03:07:53 - [TEST_STEP][PASSED] - click(findTestObject("Выручка по ДЗО/Фильтр Выручка")): Object: 'Object Repository/Выручка по ДЗО/Фильтр Выручка' is clicked on

11-03-2025T03:07:53 - [MESSAGE][PASSED] - Object: 'Object Repository/Выручка по ДЗО/Фильтр Выручка' is clicked on

11-03-2025T03:07:53 - [TEST_STEP][PASSED] - click(findTestObject("Выручка по ДЗО/Снять выделение в фильтре Выручка")): Object: 'Object Repository/Выручка по ДЗО/Снять выделение в фильтре Выручка' is clicked on

11-03-2025T03:07:54 - [MESSAGE][PASSED] - Object: 'Object Repository/Выручка по ДЗО/Снять выделение в фильтре Выручка' is clicked on

11-03-2025T03:07:54 - [TEST_STEP][PASSED] - click(findTestObject("Выручка по ДЗО/По передаче в фильтре Выручка")): Object: 'Object Repository/Выручка по ДЗО/По передаче в фильтре Выручка' is clicked on

11-03-2025T03:07:54 - [MESSAGE][PASSED] - Object: 'Object Repository/Выручка по ДЗО/По передаче в фильтре Выручка' is clicked on

11-03-2025T03:07:54 - [TEST_STEP][PASSED] - click(findTestObject("Выручка по ДЗО/Применить в фильтре Выручка")): Object: 'Object Repository/Выручка по ДЗО/Применить в фильтре Выручка' is clicked on

11-03-2025T03:07:55 - [MESSAGE][PASSED] - Object: 'Object Repository/Выручка по ДЗО/Применить в фильтре Выручка' is clicked on

11-03-2025T03:07:55 - [TEST_STEP][PASSED] - Script1687405711779.Test(todaysDate): null

11-03-2025T03:07:55 - [TEST_STEP][PASSED] - delay(10): Delayed 10 second(s)

11-03-2025T03:08:05 - [MESSAGE][PASSED] - Delayed 10 second(s)

11-03-2025T03:08:05 - [TEST_STEP][PASSED] - if (verifyTextNotPresent("нет данных", false) == true): null

11-03-2025T03:08:05 - [MESSAGE][PASSED] - Text 'нет данных' is not present on page

11-03-2025T03:08:05 - [TEST_STEP][PASSED] - if (verifyTextNotPresent("Ошибка запроса данных", false) == true): null

11-03-2025T03:08:05 - [MESSAGE][PASSED] - Text 'Ошибка запроса данных' is not present on page

11-03-2025T03:08:05 - [TEST_STEP][PASSED] - if (verifyTextNotPresent("Произошла ошибка при выполнении пользовательского кода", false) == true): null

11-03-2025T03:08:06 - [MESSAGE][PASSED] - Text 'Произошла ошибка при выполнении пользовательского кода' is not present on page

11-03-2025T03:08:06 - [TEST_STEP][PASSED] - if (verifyTextNotPresent("У виджета нет данных", false) == true): null

11-03-2025T03:08:06 - [MESSAGE][PASSED] - Text 'У виджета нет данных' is not present on page

11-03-2025T03:08:06 - [TEST_STEP][PASSED] - if (verifyTextNotPresent("У виджета нет данных", false) == true): Text 'У виджета нет данных' is not present on page

11-03-2025T03:08:07 - [MESSAGE][PASSED] - Text 'У виджета нет данных' is not present on page

11-03-2025T03:08:07 - [TEST_STEP][PASSED] - click(findTestObject("Выручка по ДЗО/Фильтр Выручка")): Object: 'Object Repository/Выручка по ДЗО/Фильтр Выручка' is clicked on

11-03-2025T03:08:07 - [MESSAGE][PASSED] - Object: 'Object Repository/Выручка по ДЗО/Фильтр Выручка' is clicked on

11-03-2025T03:08:07 - [TEST_STEP][PASSED] - click(findTestObject("Выручка по ДЗО/Снять выделение в фильтре Выручка")): Object: 'Object Repository/Выручка по ДЗО/Снять выделение в фильтре Выручка' is clicked on

11-03-2025T03:08:08 - [MESSAGE][PASSED] - Object: 'Object Repository/Выручка по ДЗО/Снять выделение в фильтре Выручка' is clicked on

11-03-2025T03:08:08 - [TEST_STEP][PASSED] - click(findTestObject("Выручка по ДЗО/Применить в фильтре Выручка")): Object: 'Object Repository/Выручка по ДЗО/Применить в фильтре Выручка' is clicked on

11-03-2025T03:08:08 - [MESSAGE][PASSED] - Object: 'Object Repository/Выручка по ДЗО/Применить в фильтре Выручка' is clicked on

11-03-2025T03:08:08 - [TEST_STEP][PASSED] - click(findTestObject("Выручка по ДЗО/Фильтр ДЗО")): Object: 'Object Repository/Выручка по ДЗО/Фильтр ДЗО' is clicked on

11-03-2025T03:08:09 - [MESSAGE][PASSED] - Object: 'Object Repository/Выручка по ДЗО/Фильтр ДЗО' is clicked on

11-03-2025T03:08:09 - [TEST_STEP][PASSED] - click(findTestObject("Выручка по ДЗО/Снять выделение в фильтре ДЗО")): Object: 'Object Repository/Выручка по ДЗО/Снять выделение в фильтре ДЗО' is clicked on

11-03-2025T03:08:10 - [MESSAGE][PASSED] - Object: 'Object Repository/Выручка по ДЗО/Снять выделение в фильтре ДЗО' is clicked on

11-03-2025T03:08:10 - [TEST_STEP][PASSED] - scrollToElement(findTestObject("Общие объекты/Карачаево-Черкесскэнерго"), 30): Scroll to object 'Object Repository/Общие объекты/Карачаево-Черкесскэнерго' successfully

11-03-2025T03:08:10 - [MESSAGE][PASSED] - Scroll to object 'Object Repository/Общие объекты/Карачаево-Черкесскэнерго' successfully

11-03-2025T03:08:10 - [TEST_STEP][PASSED] - click(findTestObject("Общие объекты/Карачаево-Черкесскэнерго"), CONTINUE_ON_FAILURE): Object: 'Object Repository/Общие объекты/Карачаево-Черкесскэнерго' is clicked on

11-03-2025T03:08:10 - [MESSAGE][PASSED] - Object: 'Object Repository/Общие объекты/Карачаево-Черкесскэнерго' is clicked on

11-03-2025T03:08:10 - [TEST_STEP][PASSED] - Script1687405711779.Change(todaysDate): null

11-03-2025T03:08:10 - [TEST_STEP][PASSED] - scrollToElement(findTestObject("Выручка по ДЗО/Заголовок дашборда"), 30): Scroll to object 'Object Repository/Выручка по ДЗО/Заголовок дашборда' successfully

11-03-2025T03:08:11 - [MESSAGE][PASSED] - Scroll to object 'Object Repository/Выручка по ДЗО/Заголовок дашборда' successfully

11-03-2025T03:08:11 - [TEST_STEP][PASSED] - click(findTestObject("Выручка по ДЗО/Применить в фильтре ДЗО")): Object: 'Object Repository/Выручка по ДЗО/Применить в фильтре ДЗО' is clicked on

11-03-2025T03:08:11 - [MESSAGE][PASSED] - Object: 'Object Repository/Выручка по ДЗО/Применить в фильтре ДЗО' is clicked on

11-03-2025T03:08:11 - [TEST_STEP][PASSED] - Script1687405711779.Tumbler(todaysDate): null

11-03-2025T03:08:11 - [TEST_STEP][PASSED] - Script1687405711779.Test(todaysDate): null

11-03-2025T03:08:11 - [TEST_STEP][PASSED] - delay(10): Delayed 10 second(s)

11-03-2025T03:08:21 - [MESSAGE][PASSED] - Delayed 10 second(s)

11-03-2025T03:08:21 - [TEST_STEP][PASSED] - if (verifyTextNotPresent("нет данных", false) == true): null

11-03-2025T03:08:22 - [MESSAGE][PASSED] - Text 'нет данных' is not present on page

11-03-2025T03:08:22 - [TEST_STEP][PASSED] - if (verifyTextNotPresent("Ошибка запроса данных", false) == true): null

11-03-2025T03:08:22 - [MESSAGE][PASSED] - Text 'Ошибка запроса данных' is not present on page

11-03-2025T03:08:22 - [TEST_STEP][PASSED] - if (verifyTextNotPresent("Произошла ошибка при выполнении пользовательского кода", false) == true): null

11-03-2025T03:08:23 - [MESSAGE][PASSED] - Text 'Произошла ошибка при выполнении пользовательского кода' is not present on page

11-03-2025T03:08:23 - [TEST_STEP][PASSED] - if (verifyTextNotPresent("У виджета нет данных", false) == true): null

11-03-2025T03:08:23 - [MESSAGE][PASSED] - Text 'У виджета нет данных' is not present on page

11-03-2025T03:08:23 - [TEST_STEP][PASSED] - if (verifyTextNotPresent("У виджета нет данных", false) == true): Text 'У виджета нет данных' is not present on page

11-03-2025T03:08:24 - [MESSAGE][PASSED] - Text 'У виджета нет данных' is not present on page

11-03-2025T03:08:24 - [TEST_STEP][PASSED] - click(findTestObject("Выручка по ДЗО/Фильтр Выручка")): Object: 'Object Repository/Выручка по ДЗО/Фильтр Выручка' is clicked on

11-03-2025T03:08:24 - [MESSAGE][PASSED] - Object: 'Object Repository/Выручка по ДЗО/Фильтр Выручка' is clicked on

11-03-2025T03:08:24 - [TEST_STEP][PASSED] - click(findTestObject("Выручка по ДЗО/Внутренний оборот в фильтре Выручка")): Object: 'Object Repository/Выручка по ДЗО/Внутренний оборот в фильтре Выручка' is clicked on

11-03-2025T03:08:25 - [MESSAGE][PASSED] - Object: 'Object Repository/Выручка по ДЗО/Внутренний оборот в фильтре Выручка' is clicked on

11-03-2025T03:08:25 - [TEST_STEP][PASSED] - click(findTestObject("Выручка по ДЗО/Применить в фильтре Выручка")): Object: 'Object Repository/Выручка по ДЗО/Применить в фильтре Выручка' is clicked on

11-03-2025T03:08:25 - [MESSAGE][PASSED] - Object: 'Object Repository/Выручка по ДЗО/Применить в фильтре Выручка' is clicked on

11-03-2025T03:08:25 - [TEST_STEP][PASSED] - Script1687405711779.Test(todaysDate): null

11-03-2025T03:08:25 - [TEST_STEP][PASSED] - delay(10): Delayed 10 second(s)

11-03-2025T03:08:35 - [MESSAGE][PASSED] - Delayed 10 second(s)

11-03-2025T03:08:35 - [TEST_STEP][PASSED] - if (verifyTextNotPresent("нет данных", false) == true): null

11-03-2025T03:08:36 - [MESSAGE][PASSED] - Text 'нет данных' is not present on page

11-03-2025T03:08:36 - [TEST_STEP][PASSED] - if (verifyTextNotPresent("Ошибка запроса данных", false) == true): null

11-03-2025T03:08:36 - [MESSAGE][PASSED] - Text 'Ошибка запроса данных' is not present on page

11-03-2025T03:08:36 - [TEST_STEP][PASSED] - if (verifyTextNotPresent("Произошла ошибка при выполнении пользовательского кода", false) == true): null

11-03-2025T03:08:37 - [MESSAGE][PASSED] - Text 'Произошла ошибка при выполнении пользовательского кода' is not present on page

11-03-2025T03:08:37 - [TEST_STEP][PASSED] - if (verifyTextNotPresent("У виджета нет данных", false) == true): null

11-03-2025T03:08:37 - [MESSAGE][PASSED] - Text 'У виджета нет данных' is not present on page

11-03-2025T03:08:37 - [TEST_STEP][PASSED] - if (verifyTextNotPresent("У виджета нет данных", false) == true): Text 'У виджета нет данных' is not present on page

11-03-2025T03:08:38 - [MESSAGE][PASSED] - Text 'У виджета нет данных' is not present on page

11-03-2025T03:08:38 - [TEST_STEP][PASSED] - click(findTestObject("Выручка по ДЗО/Фильтр Выручка")): Object: 'Object Repository/Выручка по ДЗО/Фильтр Выручка' is clicked on

11-03-2025T03:08:38 - [MESSAGE][PASSED] - Object: 'Object Repository/Выручка по ДЗО/Фильтр Выручка' is clicked on

11-03-2025T03:08:38 - [TEST_STEP][PASSED] - click(findTestObject("Выручка по ДЗО/По передаче в фильтре Выручка")): Object: 'Object Repository/Выручка по ДЗО/По передаче в фильтре Выручка' is clicked on

11-03-2025T03:08:39 - [MESSAGE][PASSED] - Object: 'Object Repository/Выручка по ДЗО/По передаче в фильтре Выручка' is clicked on

11-03-2025T03:08:39 - [TEST_STEP][PASSED] - click(findTestObject("Выручка по ДЗО/Применить в фильтре Выручка")): Object: 'Object Repository/Выручка по ДЗО/Применить в фильтре Выручка' is clicked on

11-03-2025T03:08:39 - [MESSAGE][PASSED] - Object: 'Object Repository/Выручка по ДЗО/Применить в фильтре Выручка' is clicked on

11-03-2025T03:08:39 - [TEST_STEP][PASSED] - Script1687405711779.Test(todaysDate): null

11-03-2025T03:08:39 - [TEST_STEP][PASSED] - delay(10): Delayed 10 second(s)

11-03-2025T03:08:49 - [MESSAGE][PASSED] - Delayed 10 second(s)

11-03-2025T03:08:49 - [TEST_STEP][PASSED] - if (verifyTextNotPresent("нет данных", false) == true): null

11-03-2025T03:08:50 - [MESSAGE][PASSED] - Text 'нет данных' is not present on page

11-03-2025T03:08:50 - [TEST_STEP][PASSED] - if (verifyTextNotPresent("Ошибка запроса данных", false) == true): null

11-03-2025T03:08:50 - [MESSAGE][PASSED] - Text 'Ошибка запроса данных' is not present on page

11-03-2025T03:08:50 - [TEST_STEP][PASSED] - if (verifyTextNotPresent("Произошла ошибка при выполнении пользовательского кода", false) == true): null

11-03-2025T03:08:51 - [MESSAGE][PASSED] - Text 'Произошла ошибка при выполнении пользовательского кода' is not present on page

11-03-2025T03:08:51 - [TEST_STEP][PASSED] - if (verifyTextNotPresent("У виджета нет данных", false) == true): null

11-03-2025T03:08:51 - [MESSAGE][PASSED] - Text 'У виджета нет данных' is not present on page

11-03-2025T03:08:51 - [TEST_STEP][PASSED] - if (verifyTextNotPresent("У виджета нет данных", false) == true): Text 'У виджета нет данных' is not present on page

11-03-2025T03:08:52 - [MESSAGE][PASSED] - Text 'У виджета нет данных' is not present on page

11-03-2025T03:08:52 - [TEST_STEP][PASSED] - click(findTestObject("Выручка по ДЗО/Фильтр Выручка")): Object: 'Object Repository/Выручка по ДЗО/Фильтр Выручка' is clicked on

11-03-2025T03:08:52 - [MESSAGE][PASSED] - Object: 'Object Repository/Выручка по ДЗО/Фильтр Выручка' is clicked on

11-03-2025T03:08:52 - [TEST_STEP][PASSED] - click(findTestObject("Выручка по ДЗО/Снять выделение в фильтре Выручка")): Object: 'Object Repository/Выручка по ДЗО/Снять выделение в фильтре Выручка' is clicked on

11-03-2025T03:08:53 - [MESSAGE][PASSED] - Object: 'Object Repository/Выручка по ДЗО/Снять выделение в фильтре Выручка' is clicked on

11-03-2025T03:08:53 - [TEST_STEP][PASSED] - click(findTestObject("Выручка по ДЗО/По передаче в фильтре Выручка")): Object: 'Object Repository/Выручка по ДЗО/По передаче в фильтре Выручка' is clicked on

11-03-2025T03:08:53 - [MESSAGE][PASSED] - Object: 'Object Repository/Выручка по ДЗО/По передаче в фильтре Выручка' is clicked on

11-03-2025T03:08:53 - [TEST_STEP][PASSED] - click(findTestObject("Выручка по ДЗО/Применить в фильтре Выручка")): Object: 'Object Repository/Выручка по ДЗО/Применить в фильтре Выручка' is clicked on

11-03-2025T03:08:54 - [MESSAGE][PASSED] - Object: 'Object Repository/Выручка по ДЗО/Применить в фильтре Выручка' is clicked on

11-03-2025T03:08:54 - [TEST_STEP][PASSED] - Script1687405711779.Test(todaysDate): null

11-03-2025T03:08:54 - [TEST_STEP][PASSED] - delay(10): Delayed 10 second(s)

11-03-2025T03:09:04 - [MESSAGE][PASSED] - Delayed 10 second(s)

11-03-2025T03:09:04 - [TEST_STEP][PASSED] - if (verifyTextNotPresent("нет данных", false) == true): null

11-03-2025T03:09:04 - [MESSAGE][PASSED] - Text 'нет данных' is not present on page

11-03-2025T03:09:04 - [TEST_STEP][PASSED] - if (verifyTextNotPresent("Ошибка запроса данных", false) == true): null

11-03-2025T03:09:05 - [MESSAGE][PASSED] - Text 'Ошибка запроса данных' is not present on page

11-03-2025T03:09:05 - [TEST_STEP][PASSED] - if (verifyTextNotPresent("Произошла ошибка при выполнении пользовательского кода", false) == true): null

11-03-2025T03:09:05 - [MESSAGE][PASSED] - Text 'Произошла ошибка при выполнении пользовательского кода' is not present on page

11-03-2025T03:09:05 - [TEST_STEP][PASSED] - if (verifyTextNotPresent("У виджета нет данных", false) == true): null

11-03-2025T03:09:06 - [MESSAGE][PASSED] - Text 'У виджета нет данных' is not present on page

11-03-2025T03:09:06 - [TEST_STEP][PASSED] - if (verifyTextNotPresent("У виджета нет данных", false) == true): Text 'У виджета нет данных' is not present on page

11-03-2025T03:09:06 - [MESSAGE][PASSED] - Text 'У виджета нет данных' is not present on page

11-03-2025T03:09:06 - [TEST_STEP][PASSED] - click(findTestObject("Выручка по ДЗО/Фильтр Выручка")): Object: 'Object Repository/Выручка по ДЗО/Фильтр Выручка' is clicked on

11-03-2025T03:09:06 - [MESSAGE][PASSED] - Object: 'Object Repository/Выручка по ДЗО/Фильтр Выручка' is clicked on

11-03-2025T03:09:06 - [TEST_STEP][PASSED] - click(findTestObject("Выручка по ДЗО/Снять выделение в фильтре Выручка")): Object: 'Object Repository/Выручка по ДЗО/Снять выделение в фильтре Выручка' is clicked on

11-03-2025T03:09:07 - [MESSAGE][PASSED] - Object: 'Object Repository/Выручка по ДЗО/Снять выделение в фильтре Выручка' is clicked on

11-03-2025T03:09:07 - [TEST_STEP][PASSED] - click(findTestObject("Выручка по ДЗО/Применить в фильтре Выручка")): Object: 'Object Repository/Выручка по ДЗО/Применить в фильтре Выручка' is clicked on

11-03-2025T03:09:07 - [MESSAGE][PASSED] - Object: 'Object Repository/Выручка по ДЗО/Применить в фильтре Выручка' is clicked on

11-03-2025T03:09:07 - [TEST_STEP][PASSED] - click(findTestObject("Выручка по ДЗО/Фильтр ДЗО")): Object: 'Object Repository/Выручка по ДЗО/Фильтр ДЗО' is clicked on

11-03-2025T03:09:09 - [MESSAGE][PASSED] - Object: 'Object Repository/Выручка по ДЗО/Фильтр ДЗО' is clicked on

11-03-2025T03:09:09 - [TEST_STEP][PASSED] - click(findTestObject("Выручка по ДЗО/Снять выделение в фильтре ДЗО")): Object: 'Object Repository/Выручка по ДЗО/Снять выделение в фильтре ДЗО' is clicked on

11-03-2025T03:09:09 - [MESSAGE][PASSED] - Object: 'Object Repository/Выручка по ДЗО/Снять выделение в фильтре ДЗО' is clicked on

11-03-2025T03:09:09 - [TEST_STEP][PASSED] - scrollToElement(findTestObject("Общие объекты/Севкавказэнерго"), 30): Scroll to object 'Object Repository/Общие объекты/Севкавказэнерго' successfully

11-03-2025T03:09:10 - [MESSAGE][PASSED] - Scroll to object 'Object Repository/Общие объекты/Севкавказэнерго' successfully

11-03-2025T03:09:10 - [TEST_STEP][PASSED] - click(findTestObject("Общие объекты/Севкавказэнерго"), CONTINUE_ON_FAILURE): Object: 'Object Repository/Общие объекты/Севкавказэнерго' is clicked on

11-03-2025T03:09:10 - [MESSAGE][PASSED] - Object: 'Object Repository/Общие объекты/Севкавказэнерго' is clicked on

11-03-2025T03:09:10 - [TEST_STEP][PASSED] - Script1687405711779.Change(todaysDate): null

11-03-2025T03:09:10 - [TEST_STEP][PASSED] - scrollToElement(findTestObject("Выручка по ДЗО/Заголовок дашборда"), 30): Scroll to object 'Object Repository/Выручка по ДЗО/Заголовок дашборда' successfully

11-03-2025T03:09:10 - [MESSAGE][PASSED] - Scroll to object 'Object Repository/Выручка по ДЗО/Заголовок дашборда' successfully

11-03-2025T03:09:10 - [TEST_STEP][PASSED] - click(findTestObject("Выручка по ДЗО/Применить в фильтре ДЗО")): Object: 'Object Repository/Выручка по ДЗО/Применить в фильтре ДЗО' is clicked on

11-03-2025T03:09:11 - [MESSAGE][PASSED] - Object: 'Object Repository/Выручка по ДЗО/Применить в фильтре ДЗО' is clicked on

11-03-2025T03:09:11 - [TEST_STEP][PASSED] - Script1687405711779.Tumbler(todaysDate): null

11-03-2025T03:09:11 - [TEST_STEP][PASSED] - Script1687405711779.Test(todaysDate): null

11-03-2025T03:09:11 - [TEST_STEP][PASSED] - delay(10): Delayed 10 second(s)

11-03-2025T03:09:21 - [MESSAGE][PASSED] - Delayed 10 second(s)

11-03-2025T03:09:21 - [TEST_STEP][PASSED] - if (verifyTextNotPresent("нет данных", false) == true): null

11-03-2025T03:09:22 - [MESSAGE][PASSED] - Text 'нет данных' is not present on page

11-03-2025T03:09:22 - [TEST_STEP][PASSED] - if (verifyTextNotPresent("Ошибка запроса данных", false) == true): null

11-03-2025T03:09:22 - [MESSAGE][PASSED] - Text 'Ошибка запроса данных' is not present on page

11-03-2025T03:09:22 - [TEST_STEP][PASSED] - if (verifyTextNotPresent("Произошла ошибка при выполнении пользовательского кода", false) == true): null

11-03-2025T03:09:23 - [MESSAGE][PASSED] - Text 'Произошла ошибка при выполнении пользовательского кода' is not present on page

11-03-2025T03:09:23 - [TEST_STEP][PASSED] - if (verifyTextNotPresent("У виджета нет данных", false) == true): null

11-03-2025T03:09:23 - [MESSAGE][PASSED] - Text 'У виджета нет данных' is not present on page

11-03-2025T03:09:23 - [TEST_STEP][PASSED] - if (verifyTextNotPresent("У виджета нет данных", false) == true): Text 'У виджета нет данных' is not present on page

11-03-2025T03:09:23 - [MESSAGE][PASSED] - Text 'У виджета нет данных' is not present on page

11-03-2025T03:09:23 - [TEST_STEP][PASSED] - click(findTestObject("Выручка по ДЗО/Фильтр Выручка")): Object: 'Object Repository/Выручка по ДЗО/Фильтр Выручка' is clicked on

11-03-2025T03:09:24 - [MESSAGE][PASSED] - Object: 'Object Repository/Выручка по ДЗО/Фильтр Выручка' is clicked on

11-03-2025T03:09:24 - [TEST_STEP][PASSED] - click(findTestObject("Выручка по ДЗО/Внутренний оборот в фильтре Выручка")): Object: 'Object Repository/Выручка по ДЗО/Внутренний оборот в фильтре Выручка' is clicked on

11-03-2025T03:09:24 - [MESSAGE][PASSED] - Object: 'Object Repository/Выручка по ДЗО/Внутренний оборот в фильтре Выручка' is clicked on

11-03-2025T03:09:24 - [TEST_STEP][PASSED] - click(findTestObject("Выручка по ДЗО/Применить в фильтре Выручка")): Object: 'Object Repository/Выручка по ДЗО/Применить в фильтре Выручка' is clicked on

11-03-2025T03:09:25 - [MESSAGE][PASSED] - Object: 'Object Repository/Выручка по ДЗО/Применить в фильтре Выручка' is clicked on

11-03-2025T03:09:25 - [TEST_STEP][PASSED] - Script1687405711779.Test(todaysDate): null

11-03-2025T03:09:25 - [TEST_STEP][PASSED] - delay(10): Delayed 10 second(s)

11-03-2025T03:09:35 - [MESSAGE][PASSED] - Delayed 10 second(s)

11-03-2025T03:09:35 - [TEST_STEP][PASSED] - if (verifyTextNotPresent("нет данных", false) == true): null

11-03-2025T03:09:35 - [MESSAGE][PASSED] - Text 'нет данных' is not present on page

11-03-2025T03:09:35 - [TEST_STEP][PASSED] - if (verifyTextNotPresent("Ошибка запроса данных", false) == true): null

11-03-2025T03:09:36 - [MESSAGE][PASSED] - Text 'Ошибка запроса данных' is not present on page

11-03-2025T03:09:36 - [TEST_STEP][PASSED] - if (verifyTextNotPresent("Произошла ошибка при выполнении пользовательского кода", false) == true): null

11-03-2025T03:09:36 - [MESSAGE][PASSED] - Text 'Произошла ошибка при выполнении пользовательского кода' is not present on page

11-03-2025T03:09:36 - [TEST_STEP][PASSED] - if (verifyTextNotPresent("У виджета нет данных", false) == true): null

11-03-2025T03:09:37 - [MESSAGE][PASSED] - Text 'У виджета нет данных' is not present on page

11-03-2025T03:09:37 - [TEST_STEP][PASSED] - if (verifyTextNotPresent("У виджета нет данных", false) == true): Text 'У виджета нет данных' is not present on page

11-03-2025T03:09:37 - [MESSAGE][PASSED] - Text 'У виджета нет данных' is not present on page

11-03-2025T03:09:37 - [TEST_STEP][PASSED] - click(findTestObject("Выручка по ДЗО/Фильтр Выручка")): Object: 'Object Repository/Выручка по ДЗО/Фильтр Выручка' is clicked on

11-03-2025T03:09:38 - [MESSAGE][PASSED] - Object: 'Object Repository/Выручка по ДЗО/Фильтр Выручка' is clicked on

11-03-2025T03:09:38 - [TEST_STEP][PASSED] - click(findTestObject("Выручка по ДЗО/По передаче в фильтре Выручка")): Object: 'Object Repository/Выручка по ДЗО/По передаче в фильтре Выручка' is clicked on

11-03-2025T03:09:38 - [MESSAGE][PASSED] - Object: 'Object Repository/Выручка по ДЗО/По передаче в фильтре Выручка' is clicked on

11-03-2025T03:09:38 - [TEST_STEP][PASSED] - click(findTestObject("Выручка по ДЗО/Применить в фильтре Выручка")): Object: 'Object Repository/Выручка по ДЗО/Применить в фильтре Выручка' is clicked on

11-03-2025T03:09:39 - [MESSAGE][PASSED] - Object: 'Object Repository/Выручка по ДЗО/Применить в фильтре Выручка' is clicked on

11-03-2025T03:09:39 - [TEST_STEP][PASSED] - Script1687405711779.Test(todaysDate): null

11-03-2025T03:09:39 - [TEST_STEP][PASSED] - delay(10): Delayed 10 second(s)

11-03-2025T03:09:49 - [MESSAGE][PASSED] - Delayed 10 second(s)

11-03-2025T03:09:49 - [TEST_STEP][PASSED] - if (verifyTextNotPresent("нет данных", false) == true): null

11-03-2025T03:09:49 - [MESSAGE][PASSED] - Text 'нет данных' is not present on page

11-03-2025T03:09:49 - [TEST_STEP][PASSED] - if (verifyTextNotPresent("Ошибка запроса данных", false) == true): null

11-03-2025T03:09:50 - [MESSAGE][PASSED] - Text 'Ошибка запроса данных' is not present on page

11-03-2025T03:09:50 - [TEST_STEP][PASSED] - if (verifyTextNotPresent("Произошла ошибка при выполнении пользовательского кода", false) == true): null

11-03-2025T03:09:50 - [MESSAGE][PASSED] - Text 'Произошла ошибка при выполнении пользовательского кода' is not present on page

11-03-2025T03:09:50 - [TEST_STEP][PASSED] - if (verifyTextNotPresent("У виджета нет данных", false) == true): null

11-03-2025T03:09:51 - [MESSAGE][PASSED] - Text 'У виджета нет данных' is not present on page

11-03-2025T03:09:51 - [TEST_STEP][PASSED] - if (verifyTextNotPresent("У виджета нет данных", false) == true): Text 'У виджета нет данных' is not present on page

11-03-2025T03:09:51 - [MESSAGE][PASSED] - Text 'У виджета нет данных' is not present on page

11-03-2025T03:09:51 - [TEST_STEP][PASSED] - click(findTestObject("Выручка по ДЗО/Фильтр Выручка")): Object: 'Object Repository/Выручка по ДЗО/Фильтр Выручка' is clicked on

11-03-2025T03:09:52 - [MESSAGE][PASSED] - Object: 'Object Repository/Выручка по ДЗО/Фильтр Выручка' is clicked on

11-03-2025T03:09:52 - [TEST_STEP][PASSED] - click(findTestObject("Выручка по ДЗО/Снять выделение в фильтре Выручка")): Object: 'Object Repository/Выручка по ДЗО/Снять выделение в фильтре Выручка' is clicked on

11-03-2025T03:09:52 - [MESSAGE][PASSED] - Object: 'Object Repository/Выручка по ДЗО/Снять выделение в фильтре Выручка' is clicked on

11-03-2025T03:09:52 - [TEST_STEP][PASSED] - click(findTestObject("Выручка по ДЗО/По передаче в фильтре Выручка")): Object: 'Object Repository/Выручка по ДЗО/По передаче в фильтре Выручка' is clicked on

11-03-2025T03:09:53 - [MESSAGE][PASSED] - Object: 'Object Repository/Выручка по ДЗО/По передаче в фильтре Выручка' is clicked on

11-03-2025T03:09:53 - [TEST_STEP][PASSED] - click(findTestObject("Выручка по ДЗО/Применить в фильтре Выручка")): Object: 'Object Repository/Выручка по ДЗО/Применить в фильтре Выручка' is clicked on

11-03-2025T03:09:53 - [MESSAGE][PASSED] - Object: 'Object Repository/Выручка по ДЗО/Применить в фильтре Выручка' is clicked on

11-03-2025T03:09:53 - [TEST_STEP][PASSED] - Script1687405711779.Test(todaysDate): null

11-03-2025T03:09:53 - [TEST_STEP][PASSED] - delay(10): Delayed 10 second(s)

11-03-2025T03:10:03 - [MESSAGE][PASSED] - Delayed 10 second(s)

11-03-2025T03:10:03 - [TEST_STEP][PASSED] - if (verifyTextNotPresent("нет данных", false) == true): null

11-03-2025T03:10:04 - [MESSAGE][PASSED] - Text 'нет данных' is not present on page

11-03-2025T03:10:04 - [TEST_STEP][PASSED] - if (verifyTextNotPresent("Ошибка запроса данных", false) == true): null

11-03-2025T03:10:04 - [MESSAGE][PASSED] - Text 'Ошибка запроса данных' is not present on page

11-03-2025T03:10:04 - [TEST_STEP][PASSED] - if (verifyTextNotPresent("Произошла ошибка при выполнении пользовательского кода", false) == true): null

11-03-2025T03:10:05 - [MESSAGE][PASSED] - Text 'Произошла ошибка при выполнении пользовательского кода' is not present on page

11-03-2025T03:10:05 - [TEST_STEP][PASSED] - if (verifyTextNotPresent("У виджета нет данных", false) == true): null

11-03-2025T03:10:05 - [MESSAGE][PASSED] - Text 'У виджета нет данных' is not present on page

11-03-2025T03:10:05 - [TEST_STEP][PASSED] - if (verifyTextNotPresent("У виджета нет данных", false) == true): Text 'У виджета нет данных' is not present on page

11-03-2025T03:10:06 - [MESSAGE][PASSED] - Text 'У виджета нет данных' is not present on page

11-03-2025T03:10:06 - [TEST_STEP][PASSED] - click(findTestObject("Выручка по ДЗО/Фильтр Выручка")): Object: 'Object Repository/Выручка по ДЗО/Фильтр Выручка' is clicked on

11-03-2025T03:10:06 - [MESSAGE][PASSED] - Object: 'Object Repository/Выручка по ДЗО/Фильтр Выручка' is clicked on

11-03-2025T03:10:06 - [TEST_STEP][PASSED] - click(findTestObject("Выручка по ДЗО/Снять выделение в фильтре Выручка")): Object: 'Object Repository/Выручка по ДЗО/Снять выделение в фильтре Выручка' is clicked on

11-03-2025T03:10:06 - [MESSAGE][PASSED] - Object: 'Object Repository/Выручка по ДЗО/Снять выделение в фильтре Выручка' is clicked on

11-03-2025T03:10:06 - [TEST_STEP][PASSED] - click(findTestObject("Выручка по ДЗО/Применить в фильтре Выручка")): Object: 'Object Repository/Выручка по ДЗО/Применить в фильтре Выручка' is clicked on

11-03-2025T03:10:07 - [MESSAGE][PASSED] - Object: 'Object Repository/Выручка по ДЗО/Применить в фильтре Выручка' is clicked on

11-03-2025T03:10:07 - [TEST_STEP][PASSED] - click(findTestObject("Выручка по ДЗО/Фильтр ДЗО")): Object: 'Object Repository/Выручка по ДЗО/Фильтр ДЗО' is clicked on

11-03-2025T03:10:08 - [MESSAGE][PASSED] - Object: 'Object Repository/Выручка по ДЗО/Фильтр ДЗО' is clicked on

11-03-2025T03:10:08 - [TEST_STEP][PASSED] - click(findTestObject("Выручка по ДЗО/Снять выделение в фильтре ДЗО")): Object: 'Object Repository/Выручка по ДЗО/Снять выделение в фильтре ДЗО' is clicked on

11-03-2025T03:10:08 - [MESSAGE][PASSED] - Object: 'Object Repository/Выручка по ДЗО/Снять выделение в фильтре ДЗО' is clicked on

11-03-2025T03:10:08 - [TEST_STEP][PASSED] - scrollToElement(findTestObject("Общие объекты/Ставропольэнерго"), 30): Scroll to object 'Object Repository/Общие объекты/Ставропольэнерго' successfully

11-03-2025T03:10:09 - [MESSAGE][PASSED] - Scroll to object 'Object Repository/Общие объекты/Ставропольэнерго' successfully

11-03-2025T03:10:09 - [TEST_STEP][PASSED] - click(findTestObject("Общие объекты/Ставропольэнерго"), CONTINUE_ON_FAILURE): Object: 'Object Repository/Общие объекты/Ставропольэнерго' is clicked on

11-03-2025T03:10:09 - [MESSAGE][PASSED] - Object: 'Object Repository/Общие объекты/Ставропольэнерго' is clicked on

11-03-2025T03:10:09 - [TEST_STEP][PASSED] - Script1687405711779.Change(todaysDate): null

11-03-2025T03:10:09 - [TEST_STEP][PASSED] - scrollToElement(findTestObject("Выручка по ДЗО/Заголовок дашборда"), 30): Scroll to object 'Object Repository/Выручка по ДЗО/Заголовок дашборда' successfully

11-03-2025T03:10:10 - [MESSAGE][PASSED] - Scroll to object 'Object Repository/Выручка по ДЗО/Заголовок дашборда' successfully

11-03-2025T03:10:10 - [TEST_STEP][PASSED] - click(findTestObject("Выручка по ДЗО/Применить в фильтре ДЗО")): Object: 'Object Repository/Выручка по ДЗО/Применить в фильтре ДЗО' is clicked on

11-03-2025T03:10:10 - [MESSAGE][PASSED] - Object: 'Object Repository/Выручка по ДЗО/Применить в фильтре ДЗО' is clicked on

11-03-2025T03:10:10 - [TEST_STEP][PASSED] - Script1687405711779.Tumbler(todaysDate): null

11-03-2025T03:10:10 - [TEST_STEP][PASSED] - Script1687405711779.Test(todaysDate): null

11-03-2025T03:10:10 - [TEST_STEP][PASSED] - delay(10): Delayed 10 second(s)

11-03-2025T03:10:20 - [MESSAGE][PASSED] - Delayed 10 second(s)

11-03-2025T03:10:20 - [TEST_STEP][PASSED] - if (verifyTextNotPresent("нет данных", false) == true): null

11-03-2025T03:10:21 - [MESSAGE][PASSED] - Text 'нет данных' is not present on page

11-03-2025T03:10:21 - [TEST_STEP][PASSED] - if (verifyTextNotPresent("Ошибка запроса данных", false) == true): null

11-03-2025T03:10:21 - [MESSAGE][PASSED] - Text 'Ошибка запроса данных' is not present on page

11-03-2025T03:10:21 - [TEST_STEP][PASSED] - if (verifyTextNotPresent("Произошла ошибка при выполнении пользовательского кода", false) == true): null

11-03-2025T03:10:22 - [MESSAGE][PASSED] - Text 'Произошла ошибка при выполнении пользовательского кода' is not present on page

11-03-2025T03:10:22 - [TEST_STEP][PASSED] - if (verifyTextNotPresent("У виджета нет данных", false) == true): null

11-03-2025T03:10:22 - [MESSAGE][PASSED] - Text 'У виджета нет данных' is not present on page

11-03-2025T03:10:22 - [TEST_STEP][PASSED] - if (verifyTextNotPresent("У виджета нет данных", false) == true): Text 'У виджета нет данных' is not present on page

11-03-2025T03:10:23 - [MESSAGE][PASSED] - Text 'У виджета нет данных' is not present on page

11-03-2025T03:10:23 - [TEST_STEP][PASSED] - click(findTestObject("Выручка по ДЗО/Фильтр Выручка")): Object: 'Object Repository/Выручка по ДЗО/Фильтр Выручка' is clicked on

11-03-2025T03:10:23 - [MESSAGE][PASSED] - Object: 'Object Repository/Выручка по ДЗО/Фильтр Выручка' is clicked on

11-03-2025T03:10:23 - [TEST_STEP][PASSED] - click(findTestObject("Выручка по ДЗО/Внутренний оборот в фильтре Выручка")): Object: 'Object Repository/Выручка по ДЗО/Внутренний оборот в фильтре Выручка' is clicked on

11-03-2025T03:10:23 - [MESSAGE][PASSED] - Object: 'Object Repository/Выручка по ДЗО/Внутренний оборот в фильтре Выручка' is clicked on

11-03-2025T03:10:23 - [TEST_STEP][PASSED] - click(findTestObject("Выручка по ДЗО/Применить в фильтре Выручка")): Object: 'Object Repository/Выручка по ДЗО/Применить в фильтре Выручка' is clicked on

11-03-2025T03:10:24 - [MESSAGE][PASSED] - Object: 'Object Repository/Выручка по ДЗО/Применить в фильтре Выручка' is clicked on

11-03-2025T03:10:24 - [TEST_STEP][PASSED] - Script1687405711779.Test(todaysDate): null

11-03-2025T03:10:24 - [TEST_STEP][PASSED] - delay(10): Delayed 10 second(s)

11-03-2025T03:10:34 - [MESSAGE][PASSED] - Delayed 10 second(s)

11-03-2025T03:10:34 - [TEST_STEP][FAILED] - if (verifyTextNotPresent("нет данных", false) == true): Text 'нет данных' is present on page  (Root cause: com.kms.katalon.core.exception.StepFailedException: Text 'нет данных' is present on page 
	at com.kms.katalon.core.webui.keyword.internal.WebUIKeywordMain.stepFailed(WebUIKeywordMain.groovy:64)
	at com.kms.katalon.core.webui.keyword.builtin.VerifyTextNotPresentKeyword$_verifyTextNotPresent_closure1.doCall(VerifyTextNotPresentKeyword.groovy:77)
	at com.kms.katalon.core.webui.keyword.builtin.VerifyTextNotPresentKeyword$_verifyTextNotPresent_closure1.call(VerifyTextNotPresentKeyword.groovy)
	at com.kms.katalon.core.webui.keyword.internal.WebUIKeywordMain.runKeyword(WebUIKeywordMain.groovy:20)
	at com.kms.katalon.core.webui.keyword.builtin.VerifyTextNotPresentKeyword.verifyTextNotPresent(VerifyTextNotPresentKeyword.groovy:82)
	at com.kms.katalon.core.webui.keyword.builtin.VerifyTextNotPresentKeyword.execute(VerifyTextNotPresentKeyword.groovy:68)
	at com.kms.katalon.core.keyword.internal.KeywordExecutor.executeKeywordForPlatform(KeywordExecutor.groovy:74)
	at com.kms.katalon.core.webui.keyword.WebUiBuiltInKeywords.verifyTextNotPresent(WebUiBuiltInKeywords.groovy:1795)
	at Выручка по ДЗО отображение данных все филиалы.Test(Выручка по ДЗО отображение данных все филиалы:772)
	at Выручка по ДЗО отображение данных все филиалы.Tumbler(Выручка по ДЗО отображение данных все филиалы:726)
	at Выручка по ДЗО отображение данных все филиалы.Change(Выручка по ДЗО отображение данных все филиалы:760)
	at Выручка по ДЗО отображение данных все филиалы.DzoTest(Выручка по ДЗО отображение данных все филиалы:334)
	at Выручка по ДЗО отображение данных все филиалы.run(Выручка по ДЗО отображение данных все филиалы:122)
	at com.kms.katalon.core.main.ScriptEngine.run(ScriptEngine.java:194)
	at com.kms.katalon.core.main.ScriptEngine.runScriptAsRawText(ScriptEngine.java:119)
	at com.kms.katalon.core.main.TestCaseExecutor.runScript(TestCaseExecutor.java:448)
	at com.kms.katalon.core.main.TestCaseExecutor.doExecute(TestCaseExecutor.java:439)
	at com.kms.katalon.core.main.TestCaseExecutor.processExecutionPhase(TestCaseExecutor.java:418)
	at com.kms.katalon.core.main.TestCaseExecutor.accessMainPhase(TestCaseExecutor.java:410)
	at com.kms.katalon.core.main.TestCaseExecutor.execute(TestCaseExecutor.java:285)
	at com.kms.katalon.core.common.CommonExecutor.accessTestCaseMainPhase(CommonExecutor.java:65)
	at com.kms.katalon.core.main.TestSuiteExecutor.accessTestSuiteMainPhase(TestSuiteExecutor.java:150)
	at com.kms.katalon.core.main.TestSuiteExecutor.execute(TestSuiteExecutor.java:106)
	at com.kms.katalon.core.main.TestCaseMain.startTestSuite(TestCaseMain.java:180)
	at TempTestSuite1741649958618.run(TempTestSuite1741649958618.groovy:35)
	at java.base/jdk.internal.reflect.NativeMethodAccessorImpl.invoke0(Native Method)
	at java.base/jdk.internal.reflect.NativeMethodAccessorImpl.invoke(NativeMethodAccessorImpl.java:77)
	at java.base/jdk.internal.reflect.DelegatingMethodAccessorImpl.invoke(DelegatingMethodAccessorImpl.java:43)
)

11-03-2025T03:10:35 - [MESSAGE][FAILED] - Text 'нет данных' is present on page  (Root cause: com.kms.katalon.core.exception.StepFailedException: Text 'нет данных' is present on page 
	at com.kms.katalon.core.webui.keyword.internal.WebUIKeywordMain.stepFailed(WebUIKeywordMain.groovy:64)
	at com.kms.katalon.core.webui.keyword.builtin.VerifyTextNotPresentKeyword$_verifyTextNotPresent_closure1.doCall(VerifyTextNotPresentKeyword.groovy:77)
	at com.kms.katalon.core.webui.keyword.builtin.VerifyTextNotPresentKeyword$_verifyTextNotPresent_closure1.call(VerifyTextNotPresentKeyword.groovy)
	at com.kms.katalon.core.webui.keyword.internal.WebUIKeywordMain.runKeyword(WebUIKeywordMain.groovy:20)
	at com.kms.katalon.core.webui.keyword.builtin.VerifyTextNotPresentKeyword.verifyTextNotPresent(VerifyTextNotPresentKeyword.groovy:82)
	at com.kms.katalon.core.webui.keyword.builtin.VerifyTextNotPresentKeyword.execute(VerifyTextNotPresentKeyword.groovy:68)
	at com.kms.katalon.core.keyword.internal.KeywordExecutor.executeKeywordForPlatform(KeywordExecutor.groovy:74)
	at com.kms.katalon.core.webui.keyword.WebUiBuiltInKeywords.verifyTextNotPresent(WebUiBuiltInKeywords.groovy:1795)
	at Выручка по ДЗО отображение данных все филиалы.Test(Выручка по ДЗО отображение данных все филиалы:772)
	at Выручка по ДЗО отображение данных все филиалы.Tumbler(Выручка по ДЗО отображение данных все филиалы:726)
	at Выручка по ДЗО отображение данных все филиалы.Change(Выручка по ДЗО отображение данных все филиалы:760)
	at Выручка по ДЗО отображение данных все филиалы.DzoTest(Выручка по ДЗО отображение данных все филиалы:334)
	at Выручка по ДЗО отображение данных все филиалы.run(Выручка по ДЗО отображение данных все филиалы:122)
	at com.kms.katalon.core.main.ScriptEngine.run(ScriptEngine.java:194)
	at com.kms.katalon.core.main.ScriptEngine.runScriptAsRawText(ScriptEngine.java:119)
	at com.kms.katalon.core.main.TestCaseExecutor.runScript(TestCaseExecutor.java:448)
	at com.kms.katalon.core.main.TestCaseExecutor.doExecute(TestCaseExecutor.java:439)
	at com.kms.katalon.core.main.TestCaseExecutor.processExecutionPhase(TestCaseExecutor.java:418)
	at com.kms.katalon.core.main.TestCaseExecutor.accessMainPhase(TestCaseExecutor.java:410)
	at com.kms.katalon.core.main.TestCaseExecutor.execute(TestCaseExecutor.java:285)
	at com.kms.katalon.core.common.CommonExecutor.accessTestCaseMainPhase(CommonExecutor.java:65)
	at com.kms.katalon.core.main.TestSuiteExecutor.accessTestSuiteMainPhase(TestSuiteExecutor.java:150)
	at com.kms.katalon.core.main.TestSuiteExecutor.execute(TestSuiteExecutor.java:106)
	at com.kms.katalon.core.main.TestCaseMain.startTestSuite(TestCaseMain.java:180)
	at TempTestSuite1741649958618.run(TempTestSuite1741649958618.groovy:35)
	at java.base/jdk.internal.reflect.NativeMethodAccessorImpl.invoke0(Native Method)
	at java.base/jdk.internal.reflect.NativeMethodAccessorImpl.invoke(NativeMethodAccessorImpl.java:77)
	at java.base/jdk.internal.reflect.DelegatingMethodAccessorImpl.invoke(DelegatingMethodAccessorImpl.java:43)
)

11-03-2025T03:10:35 - [TEST_STEP][PASSED] - else: null

11-03-2025T03:10:35 - [TEST_STEP][PASSED] - Script1687405711779.WriteToExcel(todaysDate): null

11-03-2025T03:10:35 - [TEST_STEP][PASSED] - sheetName = "Sheet1": null

11-03-2025T03:10:35 - [TEST_STEP][PASSED] - data = findTestData("PlanFact"): null

11-03-2025T03:10:35 - [TEST_STEP][PASSED] - n = data.getRowNumbers() + 1: null

11-03-2025T03:10:35 - [TEST_STEP][PASSED] - dZO = getText(findTestObject("Выручка по ДЗО/Фильтр ДЗО")): Text of object 'Object Repository/Выручка по ДЗО/Фильтр ДЗО' is: 'ПАО Россети - РаспредКомплекс - Россети Северный Кавказ (ГК) - Ставропольэнерго'

11-03-2025T03:10:35 - [MESSAGE][PASSED] - Text of object 'Object Repository/Выручка по ДЗО/Фильтр ДЗО' is: 'ПАО Россети - РаспредКомплекс - Россети Северный Кавказ (ГК) - Ставропольэнерго'

11-03-2025T03:10:35 - [TEST_STEP][PASSED] - period = getText(findTestObject("Выручка по ДЗО/Фильтр Дата")): Text of object 'Object Repository/Выручка по ДЗО/Фильтр Дата' is: 'Январь 2025 года'

11-03-2025T03:10:35 - [MESSAGE][PASSED] - Text of object 'Object Repository/Выручка по ДЗО/Фильтр Дата' is: 'Январь 2025 года'

11-03-2025T03:10:35 - [TEST_STEP][PASSED] - viruchka = getText(findTestObject("Выручка по ДЗО/Фильтр Выручка")): Text of object 'Object Repository/Выручка по ДЗО/Фильтр Выручка' is: 'внутренний оборот'

11-03-2025T03:10:35 - [MESSAGE][PASSED] - Text of object 'Object Repository/Выручка по ДЗО/Фильтр Выручка' is: 'внутренний оборот'

11-03-2025T03:10:35 - [TEST_STEP][PASSED] - if (viruchka == "Выбрано: 2"): null

11-03-2025T03:10:35 - [TEST_STEP][PASSED] - if (viruchka == "Все"): null

11-03-2025T03:10:35 - [TEST_STEP][PASSED] - println(period): null

11-03-2025T03:10:35 - [TEST_STEP][PASSED] - dashboardName = "Выручка по ДЗО": null

11-03-2025T03:10:35 - [TEST_STEP][PASSED] - workbook01 = getWorkbook(excelFilePath): null

11-03-2025T03:10:35 - [TEST_STEP][PASSED] - sheet01 = getExcelSheet(workbook01, sheetName): null

11-03-2025T03:10:35 - [TEST_STEP][PASSED] - setValueToCellByIndex(sheet01, n, 0, dashboardName): null

11-03-2025T03:10:35 - [TEST_STEP][PASSED] - setValueToCellByIndex(sheet01, n, 1, dZO): null

11-03-2025T03:10:35 - [TEST_STEP][PASSED] - setValueToCellByIndex(sheet01, n, 2, period): null

11-03-2025T03:10:35 - [TEST_STEP][PASSED] - setValueToCellByIndex(sheet01, n, 3, viruchka): null

11-03-2025T03:10:35 - [TEST_STEP][PASSED] - setValueToCellByIndex(sheet01, n, 4, todaysDate): null

11-03-2025T03:10:35 - [TEST_STEP][PASSED] - n = n + 1: null

11-03-2025T03:10:35 - [TEST_STEP][PASSED] - saveWorkbook(excelFilePath, workbook01): null

11-03-2025T03:10:36 - [TEST_STEP][PASSED] - click(findTestObject("Выручка по ДЗО/Фильтр Выручка")): Object: 'Object Repository/Выручка по ДЗО/Фильтр Выручка' is clicked on

11-03-2025T03:10:36 - [MESSAGE][PASSED] - Object: 'Object Repository/Выручка по ДЗО/Фильтр Выручка' is clicked on

11-03-2025T03:10:36 - [TEST_STEP][PASSED] - click(findTestObject("Выручка по ДЗО/По передаче в фильтре Выручка")): Object: 'Object Repository/Выручка по ДЗО/По передаче в фильтре Выручка' is clicked on

11-03-2025T03:10:37 - [MESSAGE][PASSED] - Object: 'Object Repository/Выручка по ДЗО/По передаче в фильтре Выручка' is clicked on

11-03-2025T03:10:37 - [TEST_STEP][PASSED] - click(findTestObject("Выручка по ДЗО/Применить в фильтре Выручка")): Object: 'Object Repository/Выручка по ДЗО/Применить в фильтре Выручка' is clicked on

11-03-2025T03:10:37 - [MESSAGE][PASSED] - Object: 'Object Repository/Выручка по ДЗО/Применить в фильтре Выручка' is clicked on

11-03-2025T03:10:37 - [TEST_STEP][PASSED] - Script1687405711779.Test(todaysDate): null

11-03-2025T03:10:37 - [TEST_STEP][PASSED] - delay(10): Delayed 10 second(s)

11-03-2025T03:10:47 - [MESSAGE][PASSED] - Delayed 10 second(s)

11-03-2025T03:10:47 - [TEST_STEP][PASSED] - if (verifyTextNotPresent("нет данных", false) == true): null

11-03-2025T03:10:48 - [MESSAGE][PASSED] - Text 'нет данных' is not present on page

11-03-2025T03:10:48 - [TEST_STEP][PASSED] - if (verifyTextNotPresent("Ошибка запроса данных", false) == true): null

11-03-2025T03:10:48 - [MESSAGE][PASSED] - Text 'Ошибка запроса данных' is not present on page

11-03-2025T03:10:48 - [TEST_STEP][PASSED] - if (verifyTextNotPresent("Произошла ошибка при выполнении пользовательского кода", false) == true): null

11-03-2025T03:10:49 - [MESSAGE][PASSED] - Text 'Произошла ошибка при выполнении пользовательского кода' is not present on page

11-03-2025T03:10:49 - [TEST_STEP][PASSED] - if (verifyTextNotPresent("У виджета нет данных", false) == true): null

11-03-2025T03:10:49 - [MESSAGE][PASSED] - Text 'У виджета нет данных' is not present on page

11-03-2025T03:10:49 - [TEST_STEP][PASSED] - if (verifyTextNotPresent("У виджета нет данных", false) == true): Text 'У виджета нет данных' is not present on page

11-03-2025T03:10:50 - [MESSAGE][PASSED] - Text 'У виджета нет данных' is not present on page

11-03-2025T03:10:50 - [TEST_STEP][PASSED] - click(findTestObject("Выручка по ДЗО/Фильтр Выручка")): Object: 'Object Repository/Выручка по ДЗО/Фильтр Выручка' is clicked on

11-03-2025T03:10:50 - [MESSAGE][PASSED] - Object: 'Object Repository/Выручка по ДЗО/Фильтр Выручка' is clicked on

11-03-2025T03:10:50 - [TEST_STEP][PASSED] - click(findTestObject("Выручка по ДЗО/Снять выделение в фильтре Выручка")): Object: 'Object Repository/Выручка по ДЗО/Снять выделение в фильтре Выручка' is clicked on

11-03-2025T03:10:50 - [MESSAGE][PASSED] - Object: 'Object Repository/Выручка по ДЗО/Снять выделение в фильтре Выручка' is clicked on

11-03-2025T03:10:50 - [TEST_STEP][PASSED] - click(findTestObject("Выручка по ДЗО/По передаче в фильтре Выручка")): Object: 'Object Repository/Выручка по ДЗО/По передаче в фильтре Выручка' is clicked on

11-03-2025T03:10:51 - [MESSAGE][PASSED] - Object: 'Object Repository/Выручка по ДЗО/По передаче в фильтре Выручка' is clicked on

11-03-2025T03:10:51 - [TEST_STEP][PASSED] - click(findTestObject("Выручка по ДЗО/Применить в фильтре Выручка")): Object: 'Object Repository/Выручка по ДЗО/Применить в фильтре Выручка' is clicked on

11-03-2025T03:10:51 - [MESSAGE][PASSED] - Object: 'Object Repository/Выручка по ДЗО/Применить в фильтре Выручка' is clicked on

11-03-2025T03:10:51 - [TEST_STEP][PASSED] - Script1687405711779.Test(todaysDate): null

11-03-2025T03:10:51 - [TEST_STEP][PASSED] - delay(10): Delayed 10 second(s)

11-03-2025T03:11:01 - [MESSAGE][PASSED] - Delayed 10 second(s)

11-03-2025T03:11:01 - [TEST_STEP][PASSED] - if (verifyTextNotPresent("нет данных", false) == true): null

11-03-2025T03:11:02 - [MESSAGE][PASSED] - Text 'нет данных' is not present on page

11-03-2025T03:11:02 - [TEST_STEP][PASSED] - if (verifyTextNotPresent("Ошибка запроса данных", false) == true): null

11-03-2025T03:11:02 - [MESSAGE][PASSED] - Text 'Ошибка запроса данных' is not present on page

11-03-2025T03:11:02 - [TEST_STEP][PASSED] - if (verifyTextNotPresent("Произошла ошибка при выполнении пользовательского кода", false) == true): null

11-03-2025T03:11:03 - [MESSAGE][PASSED] - Text 'Произошла ошибка при выполнении пользовательского кода' is not present on page

11-03-2025T03:11:03 - [TEST_STEP][PASSED] - if (verifyTextNotPresent("У виджета нет данных", false) == true): null

11-03-2025T03:11:03 - [MESSAGE][PASSED] - Text 'У виджета нет данных' is not present on page

11-03-2025T03:11:03 - [TEST_STEP][PASSED] - if (verifyTextNotPresent("У виджета нет данных", false) == true): Text 'У виджета нет данных' is not present on page

11-03-2025T03:11:04 - [MESSAGE][PASSED] - Text 'У виджета нет данных' is not present on page

11-03-2025T03:11:04 - [TEST_STEP][PASSED] - click(findTestObject("Выручка по ДЗО/Фильтр Выручка")): Object: 'Object Repository/Выручка по ДЗО/Фильтр Выручка' is clicked on

11-03-2025T03:11:04 - [MESSAGE][PASSED] - Object: 'Object Repository/Выручка по ДЗО/Фильтр Выручка' is clicked on

11-03-2025T03:11:04 - [TEST_STEP][PASSED] - click(findTestObject("Выручка по ДЗО/Снять выделение в фильтре Выручка")): Object: 'Object Repository/Выручка по ДЗО/Снять выделение в фильтре Выручка' is clicked on

11-03-2025T03:11:05 - [MESSAGE][PASSED] - Object: 'Object Repository/Выручка по ДЗО/Снять выделение в фильтре Выручка' is clicked on

11-03-2025T03:11:05 - [TEST_STEP][PASSED] - click(findTestObject("Выручка по ДЗО/Применить в фильтре Выручка")): Object: 'Object Repository/Выручка по ДЗО/Применить в фильтре Выручка' is clicked on

11-03-2025T03:11:05 - [MESSAGE][PASSED] - Object: 'Object Repository/Выручка по ДЗО/Применить в фильтре Выручка' is clicked on

11-03-2025T03:11:05 - [TEST_STEP][PASSED] - click(findTestObject("Выручка по ДЗО/Фильтр ДЗО")): Object: 'Object Repository/Выручка по ДЗО/Фильтр ДЗО' is clicked on

11-03-2025T03:11:07 - [MESSAGE][PASSED] - Object: 'Object Repository/Выручка по ДЗО/Фильтр ДЗО' is clicked on

11-03-2025T03:11:07 - [TEST_STEP][PASSED] - click(findTestObject("Выручка по ДЗО/Снять выделение в фильтре ДЗО")): Object: 'Object Repository/Выручка по ДЗО/Снять выделение в фильтре ДЗО' is clicked on

11-03-2025T03:11:07 - [MESSAGE][PASSED] - Object: 'Object Repository/Выручка по ДЗО/Снять выделение в фильтре ДЗО' is clicked on

11-03-2025T03:11:07 - [TEST_STEP][PASSED] - scrollToElement(findTestObject("Выручка по ДЗО/Россети Северо-Запад Выручка по ДЗО"), 30): Scroll to object 'Object Repository/Выручка по ДЗО/Россети Северо-Запад Выручка по ДЗО' successfully

11-03-2025T03:11:07 - [MESSAGE][PASSED] - Scroll to object 'Object Repository/Выручка по ДЗО/Россети Северо-Запад Выручка по ДЗО' successfully

11-03-2025T03:11:07 - [TEST_STEP][PASSED] - click(findTestObject("Выручка по ДЗО/Россети Северо-Запад Выручка по ДЗО")): Object: 'Object Repository/Выручка по ДЗО/Россети Северо-Запад Выручка по ДЗО' is clicked on

11-03-2025T03:11:08 - [MESSAGE][PASSED] - Object: 'Object Repository/Выручка по ДЗО/Россети Северо-Запад Выручка по ДЗО' is clicked on

11-03-2025T03:11:08 - [TEST_STEP][PASSED] - scrollToElement(findTestObject("Выручка по ДЗО/Фильтр ДЗО"), 30): Scroll to object 'Object Repository/Выручка по ДЗО/Фильтр ДЗО' successfully

11-03-2025T03:11:08 - [MESSAGE][PASSED] - Scroll to object 'Object Repository/Выручка по ДЗО/Фильтр ДЗО' successfully

11-03-2025T03:11:08 - [TEST_STEP][PASSED] - Script1687405711779.Change(todaysDate): null

11-03-2025T03:11:08 - [TEST_STEP][PASSED] - scrollToElement(findTestObject("Выручка по ДЗО/Заголовок дашборда"), 30): Scroll to object 'Object Repository/Выручка по ДЗО/Заголовок дашборда' successfully

11-03-2025T03:11:09 - [MESSAGE][PASSED] - Scroll to object 'Object Repository/Выручка по ДЗО/Заголовок дашборда' successfully

11-03-2025T03:11:09 - [TEST_STEP][PASSED] - click(findTestObject("Выручка по ДЗО/Применить в фильтре ДЗО")): Object: 'Object Repository/Выручка по ДЗО/Применить в фильтре ДЗО' is clicked on

11-03-2025T03:11:09 - [MESSAGE][PASSED] - Object: 'Object Repository/Выручка по ДЗО/Применить в фильтре ДЗО' is clicked on

11-03-2025T03:11:09 - [TEST_STEP][PASSED] - Script1687405711779.Tumbler(todaysDate): null

11-03-2025T03:11:09 - [TEST_STEP][PASSED] - Script1687405711779.Test(todaysDate): null

11-03-2025T03:11:09 - [TEST_STEP][PASSED] - delay(10): Delayed 10 second(s)

11-03-2025T03:11:19 - [MESSAGE][PASSED] - Delayed 10 second(s)

11-03-2025T03:11:19 - [TEST_STEP][PASSED] - if (verifyTextNotPresent("нет данных", false) == true): null

11-03-2025T03:11:20 - [MESSAGE][PASSED] - Text 'нет данных' is not present on page

11-03-2025T03:11:20 - [TEST_STEP][PASSED] - if (verifyTextNotPresent("Ошибка запроса данных", false) == true): null

11-03-2025T03:11:20 - [MESSAGE][PASSED] - Text 'Ошибка запроса данных' is not present on page

11-03-2025T03:11:20 - [TEST_STEP][PASSED] - if (verifyTextNotPresent("Произошла ошибка при выполнении пользовательского кода", false) == true): null

11-03-2025T03:11:21 - [MESSAGE][PASSED] - Text 'Произошла ошибка при выполнении пользовательского кода' is not present on page

11-03-2025T03:11:21 - [TEST_STEP][PASSED] - if (verifyTextNotPresent("У виджета нет данных", false) == true): null

11-03-2025T03:11:21 - [MESSAGE][PASSED] - Text 'У виджета нет данных' is not present on page

11-03-2025T03:11:21 - [TEST_STEP][PASSED] - if (verifyTextNotPresent("У виджета нет данных", false) == true): Text 'У виджета нет данных' is not present on page

11-03-2025T03:11:22 - [MESSAGE][PASSED] - Text 'У виджета нет данных' is not present on page

11-03-2025T03:11:22 - [TEST_STEP][PASSED] - click(findTestObject("Выручка по ДЗО/Фильтр Выручка")): Object: 'Object Repository/Выручка по ДЗО/Фильтр Выручка' is clicked on

11-03-2025T03:11:22 - [MESSAGE][PASSED] - Object: 'Object Repository/Выручка по ДЗО/Фильтр Выручка' is clicked on

11-03-2025T03:11:22 - [TEST_STEP][PASSED] - click(findTestObject("Выручка по ДЗО/Внутренний оборот в фильтре Выручка")): Object: 'Object Repository/Выручка по ДЗО/Внутренний оборот в фильтре Выручка' is clicked on

11-03-2025T03:11:22 - [MESSAGE][PASSED] - Object: 'Object Repository/Выручка по ДЗО/Внутренний оборот в фильтре Выручка' is clicked on

11-03-2025T03:11:22 - [TEST_STEP][PASSED] - click(findTestObject("Выручка по ДЗО/Применить в фильтре Выручка")): Object: 'Object Repository/Выручка по ДЗО/Применить в фильтре Выручка' is clicked on

11-03-2025T03:11:23 - [MESSAGE][PASSED] - Object: 'Object Repository/Выручка по ДЗО/Применить в фильтре Выручка' is clicked on

11-03-2025T03:11:23 - [TEST_STEP][PASSED] - Script1687405711779.Test(todaysDate): null

11-03-2025T03:11:23 - [TEST_STEP][PASSED] - delay(10): Delayed 10 second(s)

11-03-2025T03:11:33 - [MESSAGE][PASSED] - Delayed 10 second(s)

11-03-2025T03:11:33 - [TEST_STEP][FAILED] - if (verifyTextNotPresent("нет данных", false) == true): Text 'нет данных' is present on page  (Root cause: com.kms.katalon.core.exception.StepFailedException: Text 'нет данных' is present on page 
	at com.kms.katalon.core.webui.keyword.internal.WebUIKeywordMain.stepFailed(WebUIKeywordMain.groovy:64)
	at com.kms.katalon.core.webui.keyword.builtin.VerifyTextNotPresentKeyword$_verifyTextNotPresent_closure1.doCall(VerifyTextNotPresentKeyword.groovy:77)
	at com.kms.katalon.core.webui.keyword.builtin.VerifyTextNotPresentKeyword$_verifyTextNotPresent_closure1.call(VerifyTextNotPresentKeyword.groovy)
	at com.kms.katalon.core.webui.keyword.internal.WebUIKeywordMain.runKeyword(WebUIKeywordMain.groovy:20)
	at com.kms.katalon.core.webui.keyword.builtin.VerifyTextNotPresentKeyword.verifyTextNotPresent(VerifyTextNotPresentKeyword.groovy:82)
	at com.kms.katalon.core.webui.keyword.builtin.VerifyTextNotPresentKeyword.execute(VerifyTextNotPresentKeyword.groovy:68)
	at com.kms.katalon.core.keyword.internal.KeywordExecutor.executeKeywordForPlatform(KeywordExecutor.groovy:74)
	at com.kms.katalon.core.webui.keyword.WebUiBuiltInKeywords.verifyTextNotPresent(WebUiBuiltInKeywords.groovy:1795)
	at Выручка по ДЗО отображение данных все филиалы.Test(Выручка по ДЗО отображение данных все филиалы:772)
	at Выручка по ДЗО отображение данных все филиалы.Tumbler(Выручка по ДЗО отображение данных все филиалы:726)
	at Выручка по ДЗО отображение данных все филиалы.Change(Выручка по ДЗО отображение данных все филиалы:760)
	at Выручка по ДЗО отображение данных все филиалы.DzoTest(Выручка по ДЗО отображение данных все филиалы:342)
	at Выручка по ДЗО отображение данных все филиалы.run(Выручка по ДЗО отображение данных все филиалы:122)
	at com.kms.katalon.core.main.ScriptEngine.run(ScriptEngine.java:194)
	at com.kms.katalon.core.main.ScriptEngine.runScriptAsRawText(ScriptEngine.java:119)
	at com.kms.katalon.core.main.TestCaseExecutor.runScript(TestCaseExecutor.java:448)
	at com.kms.katalon.core.main.TestCaseExecutor.doExecute(TestCaseExecutor.java:439)
	at com.kms.katalon.core.main.TestCaseExecutor.processExecutionPhase(TestCaseExecutor.java:418)
	at com.kms.katalon.core.main.TestCaseExecutor.accessMainPhase(TestCaseExecutor.java:410)
	at com.kms.katalon.core.main.TestCaseExecutor.execute(TestCaseExecutor.java:285)
	at com.kms.katalon.core.common.CommonExecutor.accessTestCaseMainPhase(CommonExecutor.java:65)
	at com.kms.katalon.core.main.TestSuiteExecutor.accessTestSuiteMainPhase(TestSuiteExecutor.java:150)
	at com.kms.katalon.core.main.TestSuiteExecutor.execute(TestSuiteExecutor.java:106)
	at com.kms.katalon.core.main.TestCaseMain.startTestSuite(TestCaseMain.java:180)
	at TempTestSuite1741649958618.run(TempTestSuite1741649958618.groovy:35)
	at java.base/jdk.internal.reflect.NativeMethodAccessorImpl.invoke0(Native Method)
	at java.base/jdk.internal.reflect.NativeMethodAccessorImpl.invoke(NativeMethodAccessorImpl.java:77)
	at java.base/jdk.internal.reflect.DelegatingMethodAccessorImpl.invoke(DelegatingMethodAccessorImpl.java:43)
)

11-03-2025T03:11:34 - [MESSAGE][FAILED] - Text 'нет данных' is present on page  (Root cause: com.kms.katalon.core.exception.StepFailedException: Text 'нет данных' is present on page 
	at com.kms.katalon.core.webui.keyword.internal.WebUIKeywordMain.stepFailed(WebUIKeywordMain.groovy:64)
	at com.kms.katalon.core.webui.keyword.builtin.VerifyTextNotPresentKeyword$_verifyTextNotPresent_closure1.doCall(VerifyTextNotPresentKeyword.groovy:77)
	at com.kms.katalon.core.webui.keyword.builtin.VerifyTextNotPresentKeyword$_verifyTextNotPresent_closure1.call(VerifyTextNotPresentKeyword.groovy)
	at com.kms.katalon.core.webui.keyword.internal.WebUIKeywordMain.runKeyword(WebUIKeywordMain.groovy:20)
	at com.kms.katalon.core.webui.keyword.builtin.VerifyTextNotPresentKeyword.verifyTextNotPresent(VerifyTextNotPresentKeyword.groovy:82)
	at com.kms.katalon.core.webui.keyword.builtin.VerifyTextNotPresentKeyword.execute(VerifyTextNotPresentKeyword.groovy:68)
	at com.kms.katalon.core.keyword.internal.KeywordExecutor.executeKeywordForPlatform(KeywordExecutor.groovy:74)
	at com.kms.katalon.core.webui.keyword.WebUiBuiltInKeywords.verifyTextNotPresent(WebUiBuiltInKeywords.groovy:1795)
	at Выручка по ДЗО отображение данных все филиалы.Test(Выручка по ДЗО отображение данных все филиалы:772)
	at Выручка по ДЗО отображение данных все филиалы.Tumbler(Выручка по ДЗО отображение данных все филиалы:726)
	at Выручка по ДЗО отображение данных все филиалы.Change(Выручка по ДЗО отображение данных все филиалы:760)
	at Выручка по ДЗО отображение данных все филиалы.DzoTest(Выручка по ДЗО отображение данных все филиалы:342)
	at Выручка по ДЗО отображение данных все филиалы.run(Выручка по ДЗО отображение данных все филиалы:122)
	at com.kms.katalon.core.main.ScriptEngine.run(ScriptEngine.java:194)
	at com.kms.katalon.core.main.ScriptEngine.runScriptAsRawText(ScriptEngine.java:119)
	at com.kms.katalon.core.main.TestCaseExecutor.runScript(TestCaseExecutor.java:448)
	at com.kms.katalon.core.main.TestCaseExecutor.doExecute(TestCaseExecutor.java:439)
	at com.kms.katalon.core.main.TestCaseExecutor.processExecutionPhase(TestCaseExecutor.java:418)
	at com.kms.katalon.core.main.TestCaseExecutor.accessMainPhase(TestCaseExecutor.java:410)
	at com.kms.katalon.core.main.TestCaseExecutor.execute(TestCaseExecutor.java:285)
	at com.kms.katalon.core.common.CommonExecutor.accessTestCaseMainPhase(CommonExecutor.java:65)
	at com.kms.katalon.core.main.TestSuiteExecutor.accessTestSuiteMainPhase(TestSuiteExecutor.java:150)
	at com.kms.katalon.core.main.TestSuiteExecutor.execute(TestSuiteExecutor.java:106)
	at com.kms.katalon.core.main.TestCaseMain.startTestSuite(TestCaseMain.java:180)
	at TempTestSuite1741649958618.run(TempTestSuite1741649958618.groovy:35)
	at java.base/jdk.internal.reflect.NativeMethodAccessorImpl.invoke0(Native Method)
	at java.base/jdk.internal.reflect.NativeMethodAccessorImpl.invoke(NativeMethodAccessorImpl.java:77)
	at java.base/jdk.internal.reflect.DelegatingMethodAccessorImpl.invoke(DelegatingMethodAccessorImpl.java:43)
)

11-03-2025T03:11:34 - [TEST_STEP][PASSED] - else: null

11-03-2025T03:11:34 - [TEST_STEP][PASSED] - Script1687405711779.WriteToExcel(todaysDate): null

11-03-2025T03:11:34 - [TEST_STEP][PASSED] - sheetName = "Sheet1": null

11-03-2025T03:11:34 - [TEST_STEP][PASSED] - data = findTestData("PlanFact"): null

11-03-2025T03:11:34 - [TEST_STEP][PASSED] - n = data.getRowNumbers() + 1: null

11-03-2025T03:11:34 - [TEST_STEP][PASSED] - dZO = getText(findTestObject("Выручка по ДЗО/Фильтр ДЗО")): Text of object 'Object Repository/Выручка по ДЗО/Фильтр ДЗО' is: 'ПАО Россети - РаспредКомплекс - Россети Северо-Запад'

11-03-2025T03:11:34 - [MESSAGE][PASSED] - Text of object 'Object Repository/Выручка по ДЗО/Фильтр ДЗО' is: 'ПАО Россети - РаспредКомплекс - Россети Северо-Запад'

11-03-2025T03:11:34 - [TEST_STEP][PASSED] - period = getText(findTestObject("Выручка по ДЗО/Фильтр Дата")): Text of object 'Object Repository/Выручка по ДЗО/Фильтр Дата' is: 'Январь 2025 года'

11-03-2025T03:11:34 - [MESSAGE][PASSED] - Text of object 'Object Repository/Выручка по ДЗО/Фильтр Дата' is: 'Январь 2025 года'

11-03-2025T03:11:34 - [TEST_STEP][PASSED] - viruchka = getText(findTestObject("Выручка по ДЗО/Фильтр Выручка")): Text of object 'Object Repository/Выручка по ДЗО/Фильтр Выручка' is: 'внутренний оборот'

11-03-2025T03:11:35 - [MESSAGE][PASSED] - Text of object 'Object Repository/Выручка по ДЗО/Фильтр Выручка' is: 'внутренний оборот'

11-03-2025T03:11:35 - [TEST_STEP][PASSED] - if (viruchka == "Выбрано: 2"): null

11-03-2025T03:11:35 - [TEST_STEP][PASSED] - if (viruchka == "Все"): null

11-03-2025T03:11:35 - [TEST_STEP][PASSED] - println(period): null

11-03-2025T03:11:35 - [TEST_STEP][PASSED] - dashboardName = "Выручка по ДЗО": null

11-03-2025T03:11:35 - [TEST_STEP][PASSED] - workbook01 = getWorkbook(excelFilePath): null

11-03-2025T03:11:35 - [TEST_STEP][PASSED] - sheet01 = getExcelSheet(workbook01, sheetName): null

11-03-2025T03:11:35 - [TEST_STEP][PASSED] - setValueToCellByIndex(sheet01, n, 0, dashboardName): null

11-03-2025T03:11:35 - [TEST_STEP][PASSED] - setValueToCellByIndex(sheet01, n, 1, dZO): null

11-03-2025T03:11:35 - [TEST_STEP][PASSED] - setValueToCellByIndex(sheet01, n, 2, period): null

11-03-2025T03:11:35 - [TEST_STEP][PASSED] - setValueToCellByIndex(sheet01, n, 3, viruchka): null

11-03-2025T03:11:35 - [TEST_STEP][PASSED] - setValueToCellByIndex(sheet01, n, 4, todaysDate): null

11-03-2025T03:11:35 - [TEST_STEP][PASSED] - n = n + 1: null

11-03-2025T03:11:35 - [TEST_STEP][PASSED] - saveWorkbook(excelFilePath, workbook01): null

11-03-2025T03:11:35 - [TEST_STEP][PASSED] - click(findTestObject("Выручка по ДЗО/Фильтр Выручка")): Object: 'Object Repository/Выручка по ДЗО/Фильтр Выручка' is clicked on

11-03-2025T03:11:35 - [MESSAGE][PASSED] - Object: 'Object Repository/Выручка по ДЗО/Фильтр Выручка' is clicked on

11-03-2025T03:11:35 - [TEST_STEP][PASSED] - click(findTestObject("Выручка по ДЗО/По передаче в фильтре Выручка")): Object: 'Object Repository/Выручка по ДЗО/По передаче в фильтре Выручка' is clicked on

11-03-2025T03:11:36 - [MESSAGE][PASSED] - Object: 'Object Repository/Выручка по ДЗО/По передаче в фильтре Выручка' is clicked on

11-03-2025T03:11:36 - [TEST_STEP][PASSED] - click(findTestObject("Выручка по ДЗО/Применить в фильтре Выручка")): Object: 'Object Repository/Выручка по ДЗО/Применить в фильтре Выручка' is clicked on

11-03-2025T03:11:36 - [MESSAGE][PASSED] - Object: 'Object Repository/Выручка по ДЗО/Применить в фильтре Выручка' is clicked on

11-03-2025T03:11:36 - [TEST_STEP][PASSED] - Script1687405711779.Test(todaysDate): null

11-03-2025T03:11:36 - [TEST_STEP][PASSED] - delay(10): Delayed 10 second(s)

11-03-2025T03:11:46 - [MESSAGE][PASSED] - Delayed 10 second(s)

11-03-2025T03:11:46 - [TEST_STEP][PASSED] - if (verifyTextNotPresent("нет данных", false) == true): null

11-03-2025T03:11:47 - [MESSAGE][PASSED] - Text 'нет данных' is not present on page

11-03-2025T03:11:47 - [TEST_STEP][PASSED] - if (verifyTextNotPresent("Ошибка запроса данных", false) == true): null

11-03-2025T03:11:47 - [MESSAGE][PASSED] - Text 'Ошибка запроса данных' is not present on page

11-03-2025T03:11:47 - [TEST_STEP][PASSED] - if (verifyTextNotPresent("Произошла ошибка при выполнении пользовательского кода", false) == true): null

11-03-2025T03:11:48 - [MESSAGE][PASSED] - Text 'Произошла ошибка при выполнении пользовательского кода' is not present on page

11-03-2025T03:11:48 - [TEST_STEP][PASSED] - if (verifyTextNotPresent("У виджета нет данных", false) == true): null

11-03-2025T03:11:48 - [MESSAGE][PASSED] - Text 'У виджета нет данных' is not present on page

11-03-2025T03:11:48 - [TEST_STEP][PASSED] - if (verifyTextNotPresent("У виджета нет данных", false) == true): Text 'У виджета нет данных' is not present on page

11-03-2025T03:11:49 - [MESSAGE][PASSED] - Text 'У виджета нет данных' is not present on page

11-03-2025T03:11:49 - [TEST_STEP][PASSED] - click(findTestObject("Выручка по ДЗО/Фильтр Выручка")): Object: 'Object Repository/Выручка по ДЗО/Фильтр Выручка' is clicked on

11-03-2025T03:11:49 - [MESSAGE][PASSED] - Object: 'Object Repository/Выручка по ДЗО/Фильтр Выручка' is clicked on

11-03-2025T03:11:49 - [TEST_STEP][PASSED] - click(findTestObject("Выручка по ДЗО/Снять выделение в фильтре Выручка")): Object: 'Object Repository/Выручка по ДЗО/Снять выделение в фильтре Выручка' is clicked on

11-03-2025T03:11:50 - [MESSAGE][PASSED] - Object: 'Object Repository/Выручка по ДЗО/Снять выделение в фильтре Выручка' is clicked on

11-03-2025T03:11:50 - [TEST_STEP][PASSED] - click(findTestObject("Выручка по ДЗО/По передаче в фильтре Выручка")): Object: 'Object Repository/Выручка по ДЗО/По передаче в фильтре Выручка' is clicked on

11-03-2025T03:11:50 - [MESSAGE][PASSED] - Object: 'Object Repository/Выручка по ДЗО/По передаче в фильтре Выручка' is clicked on

11-03-2025T03:11:50 - [TEST_STEP][PASSED] - click(findTestObject("Выручка по ДЗО/Применить в фильтре Выручка")): Object: 'Object Repository/Выручка по ДЗО/Применить в фильтре Выручка' is clicked on

11-03-2025T03:11:51 - [MESSAGE][PASSED] - Object: 'Object Repository/Выручка по ДЗО/Применить в фильтре Выручка' is clicked on

11-03-2025T03:11:51 - [TEST_STEP][PASSED] - Script1687405711779.Test(todaysDate): null

11-03-2025T03:11:51 - [TEST_STEP][PASSED] - delay(10): Delayed 10 second(s)

11-03-2025T03:12:01 - [MESSAGE][PASSED] - Delayed 10 second(s)

11-03-2025T03:12:01 - [TEST_STEP][PASSED] - if (verifyTextNotPresent("нет данных", false) == true): null

11-03-2025T03:12:01 - [MESSAGE][PASSED] - Text 'нет данных' is not present on page

11-03-2025T03:12:01 - [TEST_STEP][PASSED] - if (verifyTextNotPresent("Ошибка запроса данных", false) == true): null

11-03-2025T03:12:01 - [MESSAGE][PASSED] - Text 'Ошибка запроса данных' is not present on page

11-03-2025T03:12:01 - [TEST_STEP][PASSED] - if (verifyTextNotPresent("Произошла ошибка при выполнении пользовательского кода", false) == true): null

11-03-2025T03:12:02 - [MESSAGE][PASSED] - Text 'Произошла ошибка при выполнении пользовательского кода' is not present on page

11-03-2025T03:12:02 - [TEST_STEP][PASSED] - if (verifyTextNotPresent("У виджета нет данных", false) == true): null

11-03-2025T03:12:02 - [MESSAGE][PASSED] - Text 'У виджета нет данных' is not present on page

11-03-2025T03:12:02 - [TEST_STEP][PASSED] - if (verifyTextNotPresent("У виджета нет данных", false) == true): Text 'У виджета нет данных' is not present on page

11-03-2025T03:12:03 - [MESSAGE][PASSED] - Text 'У виджета нет данных' is not present on page

11-03-2025T03:12:03 - [TEST_STEP][PASSED] - click(findTestObject("Выручка по ДЗО/Фильтр Выручка")): Object: 'Object Repository/Выручка по ДЗО/Фильтр Выручка' is clicked on

11-03-2025T03:12:03 - [MESSAGE][PASSED] - Object: 'Object Repository/Выручка по ДЗО/Фильтр Выручка' is clicked on

11-03-2025T03:12:03 - [TEST_STEP][PASSED] - click(findTestObject("Выручка по ДЗО/Снять выделение в фильтре Выручка")): Object: 'Object Repository/Выручка по ДЗО/Снять выделение в фильтре Выручка' is clicked on

11-03-2025T03:12:04 - [MESSAGE][PASSED] - Object: 'Object Repository/Выручка по ДЗО/Снять выделение в фильтре Выручка' is clicked on

11-03-2025T03:12:04 - [TEST_STEP][PASSED] - click(findTestObject("Выручка по ДЗО/Применить в фильтре Выручка")): Object: 'Object Repository/Выручка по ДЗО/Применить в фильтре Выручка' is clicked on

11-03-2025T03:12:04 - [MESSAGE][PASSED] - Object: 'Object Repository/Выручка по ДЗО/Применить в фильтре Выручка' is clicked on

11-03-2025T03:12:04 - [TEST_STEP][PASSED] - click(findTestObject("Выручка по ДЗО/Фильтр ДЗО")): Object: 'Object Repository/Выручка по ДЗО/Фильтр ДЗО' is clicked on

11-03-2025T03:12:05 - [MESSAGE][PASSED] - Object: 'Object Repository/Выручка по ДЗО/Фильтр ДЗО' is clicked on

11-03-2025T03:12:05 - [TEST_STEP][PASSED] - click(findTestObject("Выручка по ДЗО/Снять выделение в фильтре ДЗО")): Object: 'Object Repository/Выручка по ДЗО/Снять выделение в фильтре ДЗО' is clicked on

11-03-2025T03:12:06 - [MESSAGE][PASSED] - Object: 'Object Repository/Выручка по ДЗО/Снять выделение в фильтре ДЗО' is clicked on

11-03-2025T03:12:06 - [TEST_STEP][PASSED] - scrollToElement(findTestObject("Общие объекты/Раскрыть список Россети Северо-Запад"), 30): Scroll to object 'Object Repository/Общие объекты/Раскрыть список Россети Северо-Запад' successfully

11-03-2025T03:12:06 - [MESSAGE][PASSED] - Scroll to object 'Object Repository/Общие объекты/Раскрыть список Россети Северо-Запад' successfully

11-03-2025T03:12:06 - [TEST_STEP][PASSED] - click(findTestObject("Общие объекты/Раскрыть список Россети Северо-Запад")): Object: 'Object Repository/Общие объекты/Раскрыть список Россети Северо-Запад' is clicked on

11-03-2025T03:12:06 - [MESSAGE][PASSED] - Object: 'Object Repository/Общие объекты/Раскрыть список Россети Северо-Запад' is clicked on

11-03-2025T03:12:06 - [TEST_STEP][PASSED] - scrollToElement(findTestObject("Общие объекты/Архангельский филиал"), 30): Scroll to object 'Object Repository/Общие объекты/Архангельский филиал' successfully

11-03-2025T03:12:07 - [MESSAGE][PASSED] - Scroll to object 'Object Repository/Общие объекты/Архангельский филиал' successfully

11-03-2025T03:12:07 - [TEST_STEP][PASSED] - click(findTestObject("Общие объекты/Архангельский филиал"), CONTINUE_ON_FAILURE): Object: 'Object Repository/Общие объекты/Архангельский филиал' is clicked on

11-03-2025T03:12:07 - [MESSAGE][PASSED] - Object: 'Object Repository/Общие объекты/Архангельский филиал' is clicked on

11-03-2025T03:12:07 - [TEST_STEP][PASSED] - Script1687405711779.Change(todaysDate): null

11-03-2025T03:12:07 - [TEST_STEP][PASSED] - scrollToElement(findTestObject("Выручка по ДЗО/Заголовок дашборда"), 30): Scroll to object 'Object Repository/Выручка по ДЗО/Заголовок дашборда' successfully

11-03-2025T03:12:07 - [MESSAGE][PASSED] - Scroll to object 'Object Repository/Выручка по ДЗО/Заголовок дашборда' successfully

11-03-2025T03:12:07 - [TEST_STEP][PASSED] - click(findTestObject("Выручка по ДЗО/Применить в фильтре ДЗО")): Object: 'Object Repository/Выручка по ДЗО/Применить в фильтре ДЗО' is clicked on

11-03-2025T03:12:08 - [MESSAGE][PASSED] - Object: 'Object Repository/Выручка по ДЗО/Применить в фильтре ДЗО' is clicked on

11-03-2025T03:12:08 - [TEST_STEP][PASSED] - Script1687405711779.Tumbler(todaysDate): null

11-03-2025T03:12:08 - [TEST_STEP][PASSED] - Script1687405711779.Test(todaysDate): null

11-03-2025T03:12:08 - [TEST_STEP][PASSED] - delay(10): Delayed 10 second(s)

11-03-2025T03:12:18 - [MESSAGE][PASSED] - Delayed 10 second(s)

11-03-2025T03:12:18 - [TEST_STEP][PASSED] - if (verifyTextNotPresent("нет данных", false) == true): null

11-03-2025T03:12:19 - [MESSAGE][PASSED] - Text 'нет данных' is not present on page

11-03-2025T03:12:19 - [TEST_STEP][PASSED] - if (verifyTextNotPresent("Ошибка запроса данных", false) == true): null

11-03-2025T03:12:19 - [MESSAGE][PASSED] - Text 'Ошибка запроса данных' is not present on page

11-03-2025T03:12:19 - [TEST_STEP][PASSED] - if (verifyTextNotPresent("Произошла ошибка при выполнении пользовательского кода", false) == true): null

11-03-2025T03:12:19 - [MESSAGE][PASSED] - Text 'Произошла ошибка при выполнении пользовательского кода' is not present on page

11-03-2025T03:12:19 - [TEST_STEP][PASSED] - if (verifyTextNotPresent("У виджета нет данных", false) == true): null

11-03-2025T03:12:20 - [MESSAGE][PASSED] - Text 'У виджета нет данных' is not present on page

11-03-2025T03:12:20 - [TEST_STEP][PASSED] - if (verifyTextNotPresent("У виджета нет данных", false) == true): Text 'У виджета нет данных' is not present on page

11-03-2025T03:12:20 - [MESSAGE][PASSED] - Text 'У виджета нет данных' is not present on page

11-03-2025T03:12:20 - [TEST_STEP][PASSED] - click(findTestObject("Выручка по ДЗО/Фильтр Выручка")): Object: 'Object Repository/Выручка по ДЗО/Фильтр Выручка' is clicked on

11-03-2025T03:12:21 - [MESSAGE][PASSED] - Object: 'Object Repository/Выручка по ДЗО/Фильтр Выручка' is clicked on

11-03-2025T03:12:21 - [TEST_STEP][PASSED] - click(findTestObject("Выручка по ДЗО/Внутренний оборот в фильтре Выручка")): Object: 'Object Repository/Выручка по ДЗО/Внутренний оборот в фильтре Выручка' is clicked on

11-03-2025T03:12:21 - [MESSAGE][PASSED] - Object: 'Object Repository/Выручка по ДЗО/Внутренний оборот в фильтре Выручка' is clicked on

11-03-2025T03:12:21 - [TEST_STEP][PASSED] - click(findTestObject("Выручка по ДЗО/Применить в фильтре Выручка")): Object: 'Object Repository/Выручка по ДЗО/Применить в фильтре Выручка' is clicked on

11-03-2025T03:12:22 - [MESSAGE][PASSED] - Object: 'Object Repository/Выручка по ДЗО/Применить в фильтре Выручка' is clicked on

11-03-2025T03:12:22 - [TEST_STEP][PASSED] - Script1687405711779.Test(todaysDate): null

11-03-2025T03:12:22 - [TEST_STEP][PASSED] - delay(10): Delayed 10 second(s)

11-03-2025T03:12:32 - [MESSAGE][PASSED] - Delayed 10 second(s)

11-03-2025T03:12:32 - [TEST_STEP][FAILED] - if (verifyTextNotPresent("нет данных", false) == true): Text 'нет данных' is present on page  (Root cause: com.kms.katalon.core.exception.StepFailedException: Text 'нет данных' is present on page 
	at com.kms.katalon.core.webui.keyword.internal.WebUIKeywordMain.stepFailed(WebUIKeywordMain.groovy:64)
	at com.kms.katalon.core.webui.keyword.builtin.VerifyTextNotPresentKeyword$_verifyTextNotPresent_closure1.doCall(VerifyTextNotPresentKeyword.groovy:77)
	at com.kms.katalon.core.webui.keyword.builtin.VerifyTextNotPresentKeyword$_verifyTextNotPresent_closure1.call(VerifyTextNotPresentKeyword.groovy)
	at com.kms.katalon.core.webui.keyword.internal.WebUIKeywordMain.runKeyword(WebUIKeywordMain.groovy:20)
	at com.kms.katalon.core.webui.keyword.builtin.VerifyTextNotPresentKeyword.verifyTextNotPresent(VerifyTextNotPresentKeyword.groovy:82)
	at com.kms.katalon.core.webui.keyword.builtin.VerifyTextNotPresentKeyword.execute(VerifyTextNotPresentKeyword.groovy:68)
	at com.kms.katalon.core.keyword.internal.KeywordExecutor.executeKeywordForPlatform(KeywordExecutor.groovy:74)
	at com.kms.katalon.core.webui.keyword.WebUiBuiltInKeywords.verifyTextNotPresent(WebUiBuiltInKeywords.groovy:1795)
	at Выручка по ДЗО отображение данных все филиалы.Test(Выручка по ДЗО отображение данных все филиалы:772)
	at Выручка по ДЗО отображение данных все филиалы.Tumbler(Выручка по ДЗО отображение данных все филиалы:726)
	at Выручка по ДЗО отображение данных все филиалы.Change(Выручка по ДЗО отображение данных все филиалы:760)
	at Выручка по ДЗО отображение данных все филиалы.DzoTest(Выручка по ДЗО отображение данных все филиалы:352)
	at Выручка по ДЗО отображение данных все филиалы.run(Выручка по ДЗО отображение данных все филиалы:122)
	at com.kms.katalon.core.main.ScriptEngine.run(ScriptEngine.java:194)
	at com.kms.katalon.core.main.ScriptEngine.runScriptAsRawText(ScriptEngine.java:119)
	at com.kms.katalon.core.main.TestCaseExecutor.runScript(TestCaseExecutor.java:448)
	at com.kms.katalon.core.main.TestCaseExecutor.doExecute(TestCaseExecutor.java:439)
	at com.kms.katalon.core.main.TestCaseExecutor.processExecutionPhase(TestCaseExecutor.java:418)
	at com.kms.katalon.core.main.TestCaseExecutor.accessMainPhase(TestCaseExecutor.java:410)
	at com.kms.katalon.core.main.TestCaseExecutor.execute(TestCaseExecutor.java:285)
	at com.kms.katalon.core.common.CommonExecutor.accessTestCaseMainPhase(CommonExecutor.java:65)
	at com.kms.katalon.core.main.TestSuiteExecutor.accessTestSuiteMainPhase(TestSuiteExecutor.java:150)
	at com.kms.katalon.core.main.TestSuiteExecutor.execute(TestSuiteExecutor.java:106)
	at com.kms.katalon.core.main.TestCaseMain.startTestSuite(TestCaseMain.java:180)
	at TempTestSuite1741649958618.run(TempTestSuite1741649958618.groovy:35)
	at java.base/jdk.internal.reflect.NativeMethodAccessorImpl.invoke0(Native Method)
	at java.base/jdk.internal.reflect.NativeMethodAccessorImpl.invoke(NativeMethodAccessorImpl.java:77)
	at java.base/jdk.internal.reflect.DelegatingMethodAccessorImpl.invoke(DelegatingMethodAccessorImpl.java:43)
)

11-03-2025T03:12:32 - [MESSAGE][FAILED] - Text 'нет данных' is present on page  (Root cause: com.kms.katalon.core.exception.StepFailedException: Text 'нет данных' is present on page 
	at com.kms.katalon.core.webui.keyword.internal.WebUIKeywordMain.stepFailed(WebUIKeywordMain.groovy:64)
	at com.kms.katalon.core.webui.keyword.builtin.VerifyTextNotPresentKeyword$_verifyTextNotPresent_closure1.doCall(VerifyTextNotPresentKeyword.groovy:77)
	at com.kms.katalon.core.webui.keyword.builtin.VerifyTextNotPresentKeyword$_verifyTextNotPresent_closure1.call(VerifyTextNotPresentKeyword.groovy)
	at com.kms.katalon.core.webui.keyword.internal.WebUIKeywordMain.runKeyword(WebUIKeywordMain.groovy:20)
	at com.kms.katalon.core.webui.keyword.builtin.VerifyTextNotPresentKeyword.verifyTextNotPresent(VerifyTextNotPresentKeyword.groovy:82)
	at com.kms.katalon.core.webui.keyword.builtin.VerifyTextNotPresentKeyword.execute(VerifyTextNotPresentKeyword.groovy:68)
	at com.kms.katalon.core.keyword.internal.KeywordExecutor.executeKeywordForPlatform(KeywordExecutor.groovy:74)
	at com.kms.katalon.core.webui.keyword.WebUiBuiltInKeywords.verifyTextNotPresent(WebUiBuiltInKeywords.groovy:1795)
	at Выручка по ДЗО отображение данных все филиалы.Test(Выручка по ДЗО отображение данных все филиалы:772)
	at Выручка по ДЗО отображение данных все филиалы.Tumbler(Выручка по ДЗО отображение данных все филиалы:726)
	at Выручка по ДЗО отображение данных все филиалы.Change(Выручка по ДЗО отображение данных все филиалы:760)
	at Выручка по ДЗО отображение данных все филиалы.DzoTest(Выручка по ДЗО отображение данных все филиалы:352)
	at Выручка по ДЗО отображение данных все филиалы.run(Выручка по ДЗО отображение данных все филиалы:122)
	at com.kms.katalon.core.main.ScriptEngine.run(ScriptEngine.java:194)
	at com.kms.katalon.core.main.ScriptEngine.runScriptAsRawText(ScriptEngine.java:119)
	at com.kms.katalon.core.main.TestCaseExecutor.runScript(TestCaseExecutor.java:448)
	at com.kms.katalon.core.main.TestCaseExecutor.doExecute(TestCaseExecutor.java:439)
	at com.kms.katalon.core.main.TestCaseExecutor.processExecutionPhase(TestCaseExecutor.java:418)
	at com.kms.katalon.core.main.TestCaseExecutor.accessMainPhase(TestCaseExecutor.java:410)
	at com.kms.katalon.core.main.TestCaseExecutor.execute(TestCaseExecutor.java:285)
	at com.kms.katalon.core.common.CommonExecutor.accessTestCaseMainPhase(CommonExecutor.java:65)
	at com.kms.katalon.core.main.TestSuiteExecutor.accessTestSuiteMainPhase(TestSuiteExecutor.java:150)
	at com.kms.katalon.core.main.TestSuiteExecutor.execute(TestSuiteExecutor.java:106)
	at com.kms.katalon.core.main.TestCaseMain.startTestSuite(TestCaseMain.java:180)
	at TempTestSuite1741649958618.run(TempTestSuite1741649958618.groovy:35)
	at java.base/jdk.internal.reflect.NativeMethodAccessorImpl.invoke0(Native Method)
	at java.base/jdk.internal.reflect.NativeMethodAccessorImpl.invoke(NativeMethodAccessorImpl.java:77)
	at java.base/jdk.internal.reflect.DelegatingMethodAccessorImpl.invoke(DelegatingMethodAccessorImpl.java:43)
)

11-03-2025T03:12:32 - [TEST_STEP][PASSED] - else: null

11-03-2025T03:12:32 - [TEST_STEP][PASSED] - Script1687405711779.WriteToExcel(todaysDate): null

11-03-2025T03:12:32 - [TEST_STEP][PASSED] - sheetName = "Sheet1": null

11-03-2025T03:12:32 - [TEST_STEP][PASSED] - data = findTestData("PlanFact"): null

11-03-2025T03:12:32 - [TEST_STEP][PASSED] - n = data.getRowNumbers() + 1: null

11-03-2025T03:12:32 - [TEST_STEP][PASSED] - dZO = getText(findTestObject("Выручка по ДЗО/Фильтр ДЗО")): Text of object 'Object Repository/Выручка по ДЗО/Фильтр ДЗО' is: 'ПАО Россети - РаспредКомплекс - Россети Северо-Запад - Архангельский филиал'

11-03-2025T03:12:33 - [MESSAGE][PASSED] - Text of object 'Object Repository/Выручка по ДЗО/Фильтр ДЗО' is: 'ПАО Россети - РаспредКомплекс - Россети Северо-Запад - Архангельский филиал'

11-03-2025T03:12:33 - [TEST_STEP][PASSED] - period = getText(findTestObject("Выручка по ДЗО/Фильтр Дата")): Text of object 'Object Repository/Выручка по ДЗО/Фильтр Дата' is: 'Январь 2025 года'

11-03-2025T03:12:33 - [MESSAGE][PASSED] - Text of object 'Object Repository/Выручка по ДЗО/Фильтр Дата' is: 'Январь 2025 года'

11-03-2025T03:12:33 - [TEST_STEP][PASSED] - viruchka = getText(findTestObject("Выручка по ДЗО/Фильтр Выручка")): Text of object 'Object Repository/Выручка по ДЗО/Фильтр Выручка' is: 'внутренний оборот'

11-03-2025T03:12:33 - [MESSAGE][PASSED] - Text of object 'Object Repository/Выручка по ДЗО/Фильтр Выручка' is: 'внутренний оборот'

11-03-2025T03:12:33 - [TEST_STEP][PASSED] - if (viruchka == "Выбрано: 2"): null

11-03-2025T03:12:33 - [TEST_STEP][PASSED] - if (viruchka == "Все"): null

11-03-2025T03:12:33 - [TEST_STEP][PASSED] - println(period): null

11-03-2025T03:12:33 - [TEST_STEP][PASSED] - dashboardName = "Выручка по ДЗО": null

11-03-2025T03:12:33 - [TEST_STEP][PASSED] - workbook01 = getWorkbook(excelFilePath): null

11-03-2025T03:12:33 - [TEST_STEP][PASSED] - sheet01 = getExcelSheet(workbook01, sheetName): null

11-03-2025T03:12:33 - [TEST_STEP][PASSED] - setValueToCellByIndex(sheet01, n, 0, dashboardName): null

11-03-2025T03:12:33 - [TEST_STEP][PASSED] - setValueToCellByIndex(sheet01, n, 1, dZO): null

11-03-2025T03:12:33 - [TEST_STEP][PASSED] - setValueToCellByIndex(sheet01, n, 2, period): null

11-03-2025T03:12:33 - [TEST_STEP][PASSED] - setValueToCellByIndex(sheet01, n, 3, viruchka): null

11-03-2025T03:12:33 - [TEST_STEP][PASSED] - setValueToCellByIndex(sheet01, n, 4, todaysDate): null

11-03-2025T03:12:33 - [TEST_STEP][PASSED] - n = n + 1: null

11-03-2025T03:12:33 - [TEST_STEP][PASSED] - saveWorkbook(excelFilePath, workbook01): null

11-03-2025T03:12:34 - [TEST_STEP][PASSED] - click(findTestObject("Выручка по ДЗО/Фильтр Выручка")): Object: 'Object Repository/Выручка по ДЗО/Фильтр Выручка' is clicked on

11-03-2025T03:12:34 - [MESSAGE][PASSED] - Object: 'Object Repository/Выручка по ДЗО/Фильтр Выручка' is clicked on

11-03-2025T03:12:34 - [TEST_STEP][PASSED] - click(findTestObject("Выручка по ДЗО/По передаче в фильтре Выручка")): Object: 'Object Repository/Выручка по ДЗО/По передаче в фильтре Выручка' is clicked on

11-03-2025T03:12:34 - [MESSAGE][PASSED] - Object: 'Object Repository/Выручка по ДЗО/По передаче в фильтре Выручка' is clicked on

11-03-2025T03:12:34 - [TEST_STEP][PASSED] - click(findTestObject("Выручка по ДЗО/Применить в фильтре Выручка")): Object: 'Object Repository/Выручка по ДЗО/Применить в фильтре Выручка' is clicked on

11-03-2025T03:12:35 - [MESSAGE][PASSED] - Object: 'Object Repository/Выручка по ДЗО/Применить в фильтре Выручка' is clicked on

11-03-2025T03:12:35 - [TEST_STEP][PASSED] - Script1687405711779.Test(todaysDate): null

11-03-2025T03:12:35 - [TEST_STEP][PASSED] - delay(10): Delayed 10 second(s)

11-03-2025T03:12:45 - [MESSAGE][PASSED] - Delayed 10 second(s)

11-03-2025T03:12:45 - [TEST_STEP][PASSED] - if (verifyTextNotPresent("нет данных", false) == true): null

11-03-2025T03:12:46 - [MESSAGE][PASSED] - Text 'нет данных' is not present on page

11-03-2025T03:12:46 - [TEST_STEP][PASSED] - if (verifyTextNotPresent("Ошибка запроса данных", false) == true): null

11-03-2025T03:12:46 - [MESSAGE][PASSED] - Text 'Ошибка запроса данных' is not present on page

11-03-2025T03:12:46 - [TEST_STEP][PASSED] - if (verifyTextNotPresent("Произошла ошибка при выполнении пользовательского кода", false) == true): null

11-03-2025T03:12:47 - [MESSAGE][PASSED] - Text 'Произошла ошибка при выполнении пользовательского кода' is not present on page

11-03-2025T03:12:47 - [TEST_STEP][PASSED] - if (verifyTextNotPresent("У виджета нет данных", false) == true): null

11-03-2025T03:12:47 - [MESSAGE][PASSED] - Text 'У виджета нет данных' is not present on page

11-03-2025T03:12:47 - [TEST_STEP][PASSED] - if (verifyTextNotPresent("У виджета нет данных", false) == true): Text 'У виджета нет данных' is not present on page

11-03-2025T03:12:48 - [MESSAGE][PASSED] - Text 'У виджета нет данных' is not present on page

11-03-2025T03:12:48 - [TEST_STEP][PASSED] - click(findTestObject("Выручка по ДЗО/Фильтр Выручка")): Object: 'Object Repository/Выручка по ДЗО/Фильтр Выручка' is clicked on

11-03-2025T03:12:48 - [MESSAGE][PASSED] - Object: 'Object Repository/Выручка по ДЗО/Фильтр Выручка' is clicked on

11-03-2025T03:12:48 - [TEST_STEP][PASSED] - click(findTestObject("Выручка по ДЗО/Снять выделение в фильтре Выручка")): Object: 'Object Repository/Выручка по ДЗО/Снять выделение в фильтре Выручка' is clicked on

11-03-2025T03:12:48 - [MESSAGE][PASSED] - Object: 'Object Repository/Выручка по ДЗО/Снять выделение в фильтре Выручка' is clicked on

11-03-2025T03:12:48 - [TEST_STEP][PASSED] - click(findTestObject("Выручка по ДЗО/По передаче в фильтре Выручка")): Object: 'Object Repository/Выручка по ДЗО/По передаче в фильтре Выручка' is clicked on

11-03-2025T03:12:49 - [MESSAGE][PASSED] - Object: 'Object Repository/Выручка по ДЗО/По передаче в фильтре Выручка' is clicked on

11-03-2025T03:12:49 - [TEST_STEP][PASSED] - click(findTestObject("Выручка по ДЗО/Применить в фильтре Выручка")): Object: 'Object Repository/Выручка по ДЗО/Применить в фильтре Выручка' is clicked on

11-03-2025T03:12:49 - [MESSAGE][PASSED] - Object: 'Object Repository/Выручка по ДЗО/Применить в фильтре Выручка' is clicked on

11-03-2025T03:12:49 - [TEST_STEP][PASSED] - Script1687405711779.Test(todaysDate): null

11-03-2025T03:12:49 - [TEST_STEP][PASSED] - delay(10): Delayed 10 second(s)

11-03-2025T03:12:59 - [MESSAGE][PASSED] - Delayed 10 second(s)

11-03-2025T03:12:59 - [TEST_STEP][PASSED] - if (verifyTextNotPresent("нет данных", false) == true): null

11-03-2025T03:13:00 - [MESSAGE][PASSED] - Text 'нет данных' is not present on page

11-03-2025T03:13:00 - [TEST_STEP][PASSED] - if (verifyTextNotPresent("Ошибка запроса данных", false) == true): null

11-03-2025T03:13:00 - [MESSAGE][PASSED] - Text 'Ошибка запроса данных' is not present on page

11-03-2025T03:13:00 - [TEST_STEP][PASSED] - if (verifyTextNotPresent("Произошла ошибка при выполнении пользовательского кода", false) == true): null

11-03-2025T03:13:01 - [MESSAGE][PASSED] - Text 'Произошла ошибка при выполнении пользовательского кода' is not present on page

11-03-2025T03:13:01 - [TEST_STEP][PASSED] - if (verifyTextNotPresent("У виджета нет данных", false) == true): null

11-03-2025T03:13:01 - [MESSAGE][PASSED] - Text 'У виджета нет данных' is not present on page

11-03-2025T03:13:01 - [TEST_STEP][PASSED] - if (verifyTextNotPresent("У виджета нет данных", false) == true): Text 'У виджета нет данных' is not present on page

11-03-2025T03:13:02 - [MESSAGE][PASSED] - Text 'У виджета нет данных' is not present on page

11-03-2025T03:13:02 - [TEST_STEP][PASSED] - click(findTestObject("Выручка по ДЗО/Фильтр Выручка")): Object: 'Object Repository/Выручка по ДЗО/Фильтр Выручка' is clicked on

11-03-2025T03:13:02 - [MESSAGE][PASSED] - Object: 'Object Repository/Выручка по ДЗО/Фильтр Выручка' is clicked on

11-03-2025T03:13:02 - [TEST_STEP][PASSED] - click(findTestObject("Выручка по ДЗО/Снять выделение в фильтре Выручка")): Object: 'Object Repository/Выручка по ДЗО/Снять выделение в фильтре Выручка' is clicked on

11-03-2025T03:13:03 - [MESSAGE][PASSED] - Object: 'Object Repository/Выручка по ДЗО/Снять выделение в фильтре Выручка' is clicked on

11-03-2025T03:13:03 - [TEST_STEP][PASSED] - click(findTestObject("Выручка по ДЗО/Применить в фильтре Выручка")): Object: 'Object Repository/Выручка по ДЗО/Применить в фильтре Выручка' is clicked on

11-03-2025T03:13:03 - [MESSAGE][PASSED] - Object: 'Object Repository/Выручка по ДЗО/Применить в фильтре Выручка' is clicked on

11-03-2025T03:13:03 - [TEST_STEP][PASSED] - click(findTestObject("Выручка по ДЗО/Фильтр ДЗО")): Object: 'Object Repository/Выручка по ДЗО/Фильтр ДЗО' is clicked on

11-03-2025T03:13:05 - [MESSAGE][PASSED] - Object: 'Object Repository/Выручка по ДЗО/Фильтр ДЗО' is clicked on

11-03-2025T03:13:05 - [TEST_STEP][PASSED] - click(findTestObject("Выручка по ДЗО/Снять выделение в фильтре ДЗО")): Object: 'Object Repository/Выручка по ДЗО/Снять выделение в фильтре ДЗО' is clicked on

11-03-2025T03:13:05 - [MESSAGE][PASSED] - Object: 'Object Repository/Выручка по ДЗО/Снять выделение в фильтре ДЗО' is clicked on

11-03-2025T03:13:05 - [TEST_STEP][PASSED] - scrollToElement(findTestObject("Общие объекты/Вологодский филиал"), 30): Scroll to object 'Object Repository/Общие объекты/Вологодский филиал' successfully

11-03-2025T03:13:05 - [MESSAGE][PASSED] - Scroll to object 'Object Repository/Общие объекты/Вологодский филиал' successfully

11-03-2025T03:13:05 - [TEST_STEP][PASSED] - click(findTestObject("Общие объекты/Вологодский филиал"), CONTINUE_ON_FAILURE): Object: 'Object Repository/Общие объекты/Вологодский филиал' is clicked on

11-03-2025T03:13:06 - [MESSAGE][PASSED] - Object: 'Object Repository/Общие объекты/Вологодский филиал' is clicked on

11-03-2025T03:13:06 - [TEST_STEP][PASSED] - Script1687405711779.Change(todaysDate): null

11-03-2025T03:13:06 - [TEST_STEP][PASSED] - scrollToElement(findTestObject("Выручка по ДЗО/Заголовок дашборда"), 30): Scroll to object 'Object Repository/Выручка по ДЗО/Заголовок дашборда' successfully

11-03-2025T03:13:06 - [MESSAGE][PASSED] - Scroll to object 'Object Repository/Выручка по ДЗО/Заголовок дашборда' successfully

11-03-2025T03:13:06 - [TEST_STEP][PASSED] - click(findTestObject("Выручка по ДЗО/Применить в фильтре ДЗО")): Object: 'Object Repository/Выручка по ДЗО/Применить в фильтре ДЗО' is clicked on

11-03-2025T03:13:07 - [MESSAGE][PASSED] - Object: 'Object Repository/Выручка по ДЗО/Применить в фильтре ДЗО' is clicked on

11-03-2025T03:13:07 - [TEST_STEP][PASSED] - Script1687405711779.Tumbler(todaysDate): null

11-03-2025T03:13:07 - [TEST_STEP][PASSED] - Script1687405711779.Test(todaysDate): null

11-03-2025T03:13:07 - [TEST_STEP][PASSED] - delay(10): Delayed 10 second(s)

11-03-2025T03:13:17 - [MESSAGE][PASSED] - Delayed 10 second(s)

11-03-2025T03:13:17 - [TEST_STEP][PASSED] - if (verifyTextNotPresent("нет данных", false) == true): null

11-03-2025T03:13:17 - [MESSAGE][PASSED] - Text 'нет данных' is not present on page

11-03-2025T03:13:17 - [TEST_STEP][PASSED] - if (verifyTextNotPresent("Ошибка запроса данных", false) == true): null

11-03-2025T03:13:18 - [MESSAGE][PASSED] - Text 'Ошибка запроса данных' is not present on page

11-03-2025T03:13:18 - [TEST_STEP][PASSED] - if (verifyTextNotPresent("Произошла ошибка при выполнении пользовательского кода", false) == true): null

11-03-2025T03:13:18 - [MESSAGE][PASSED] - Text 'Произошла ошибка при выполнении пользовательского кода' is not present on page

11-03-2025T03:13:18 - [TEST_STEP][PASSED] - if (verifyTextNotPresent("У виджета нет данных", false) == true): null

11-03-2025T03:13:19 - [MESSAGE][PASSED] - Text 'У виджета нет данных' is not present on page

11-03-2025T03:13:19 - [TEST_STEP][PASSED] - if (verifyTextNotPresent("У виджета нет данных", false) == true): Text 'У виджета нет данных' is not present on page

11-03-2025T03:13:19 - [MESSAGE][PASSED] - Text 'У виджета нет данных' is not present on page

11-03-2025T03:13:19 - [TEST_STEP][PASSED] - click(findTestObject("Выручка по ДЗО/Фильтр Выручка")): Object: 'Object Repository/Выручка по ДЗО/Фильтр Выручка' is clicked on

11-03-2025T03:13:19 - [MESSAGE][PASSED] - Object: 'Object Repository/Выручка по ДЗО/Фильтр Выручка' is clicked on

11-03-2025T03:13:19 - [TEST_STEP][PASSED] - click(findTestObject("Выручка по ДЗО/Внутренний оборот в фильтре Выручка")): Object: 'Object Repository/Выручка по ДЗО/Внутренний оборот в фильтре Выручка' is clicked on

11-03-2025T03:13:20 - [MESSAGE][PASSED] - Object: 'Object Repository/Выручка по ДЗО/Внутренний оборот в фильтре Выручка' is clicked on

11-03-2025T03:13:20 - [TEST_STEP][PASSED] - click(findTestObject("Выручка по ДЗО/Применить в фильтре Выручка")): Object: 'Object Repository/Выручка по ДЗО/Применить в фильтре Выручка' is clicked on

11-03-2025T03:13:21 - [MESSAGE][PASSED] - Object: 'Object Repository/Выручка по ДЗО/Применить в фильтре Выручка' is clicked on

11-03-2025T03:13:21 - [TEST_STEP][PASSED] - Script1687405711779.Test(todaysDate): null

11-03-2025T03:13:21 - [TEST_STEP][PASSED] - delay(10): Delayed 10 second(s)

11-03-2025T03:13:31 - [MESSAGE][PASSED] - Delayed 10 second(s)

11-03-2025T03:13:31 - [TEST_STEP][FAILED] - if (verifyTextNotPresent("нет данных", false) == true): Text 'нет данных' is present on page  (Root cause: com.kms.katalon.core.exception.StepFailedException: Text 'нет данных' is present on page 
	at com.kms.katalon.core.webui.keyword.internal.WebUIKeywordMain.stepFailed(WebUIKeywordMain.groovy:64)
	at com.kms.katalon.core.webui.keyword.builtin.VerifyTextNotPresentKeyword$_verifyTextNotPresent_closure1.doCall(VerifyTextNotPresentKeyword.groovy:77)
	at com.kms.katalon.core.webui.keyword.builtin.VerifyTextNotPresentKeyword$_verifyTextNotPresent_closure1.call(VerifyTextNotPresentKeyword.groovy)
	at com.kms.katalon.core.webui.keyword.internal.WebUIKeywordMain.runKeyword(WebUIKeywordMain.groovy:20)
	at com.kms.katalon.core.webui.keyword.builtin.VerifyTextNotPresentKeyword.verifyTextNotPresent(VerifyTextNotPresentKeyword.groovy:82)
	at com.kms.katalon.core.webui.keyword.builtin.VerifyTextNotPresentKeyword.execute(VerifyTextNotPresentKeyword.groovy:68)
	at com.kms.katalon.core.keyword.internal.KeywordExecutor.executeKeywordForPlatform(KeywordExecutor.groovy:74)
	at com.kms.katalon.core.webui.keyword.WebUiBuiltInKeywords.verifyTextNotPresent(WebUiBuiltInKeywords.groovy:1795)
	at Выручка по ДЗО отображение данных все филиалы.Test(Выручка по ДЗО отображение данных все филиалы:772)
	at Выручка по ДЗО отображение данных все филиалы.Tumbler(Выручка по ДЗО отображение данных все филиалы:726)
	at Выручка по ДЗО отображение данных все филиалы.Change(Выручка по ДЗО отображение данных все филиалы:760)
	at Выручка по ДЗО отображение данных все филиалы.DzoTest(Выручка по ДЗО отображение данных все филиалы:358)
	at Выручка по ДЗО отображение данных все филиалы.run(Выручка по ДЗО отображение данных все филиалы:122)
	at com.kms.katalon.core.main.ScriptEngine.run(ScriptEngine.java:194)
	at com.kms.katalon.core.main.ScriptEngine.runScriptAsRawText(ScriptEngine.java:119)
	at com.kms.katalon.core.main.TestCaseExecutor.runScript(TestCaseExecutor.java:448)
	at com.kms.katalon.core.main.TestCaseExecutor.doExecute(TestCaseExecutor.java:439)
	at com.kms.katalon.core.main.TestCaseExecutor.processExecutionPhase(TestCaseExecutor.java:418)
	at com.kms.katalon.core.main.TestCaseExecutor.accessMainPhase(TestCaseExecutor.java:410)
	at com.kms.katalon.core.main.TestCaseExecutor.execute(TestCaseExecutor.java:285)
	at com.kms.katalon.core.common.CommonExecutor.accessTestCaseMainPhase(CommonExecutor.java:65)
	at com.kms.katalon.core.main.TestSuiteExecutor.accessTestSuiteMainPhase(TestSuiteExecutor.java:150)
	at com.kms.katalon.core.main.TestSuiteExecutor.execute(TestSuiteExecutor.java:106)
	at com.kms.katalon.core.main.TestCaseMain.startTestSuite(TestCaseMain.java:180)
	at TempTestSuite1741649958618.run(TempTestSuite1741649958618.groovy:35)
	at java.base/jdk.internal.reflect.NativeMethodAccessorImpl.invoke0(Native Method)
	at java.base/jdk.internal.reflect.NativeMethodAccessorImpl.invoke(NativeMethodAccessorImpl.java:77)
	at java.base/jdk.internal.reflect.DelegatingMethodAccessorImpl.invoke(DelegatingMethodAccessorImpl.java:43)
)

11-03-2025T03:13:31 - [MESSAGE][FAILED] - Text 'нет данных' is present on page  (Root cause: com.kms.katalon.core.exception.StepFailedException: Text 'нет данных' is present on page 
	at com.kms.katalon.core.webui.keyword.internal.WebUIKeywordMain.stepFailed(WebUIKeywordMain.groovy:64)
	at com.kms.katalon.core.webui.keyword.builtin.VerifyTextNotPresentKeyword$_verifyTextNotPresent_closure1.doCall(VerifyTextNotPresentKeyword.groovy:77)
	at com.kms.katalon.core.webui.keyword.builtin.VerifyTextNotPresentKeyword$_verifyTextNotPresent_closure1.call(VerifyTextNotPresentKeyword.groovy)
	at com.kms.katalon.core.webui.keyword.internal.WebUIKeywordMain.runKeyword(WebUIKeywordMain.groovy:20)
	at com.kms.katalon.core.webui.keyword.builtin.VerifyTextNotPresentKeyword.verifyTextNotPresent(VerifyTextNotPresentKeyword.groovy:82)
	at com.kms.katalon.core.webui.keyword.builtin.VerifyTextNotPresentKeyword.execute(VerifyTextNotPresentKeyword.groovy:68)
	at com.kms.katalon.core.keyword.internal.KeywordExecutor.executeKeywordForPlatform(KeywordExecutor.groovy:74)
	at com.kms.katalon.core.webui.keyword.WebUiBuiltInKeywords.verifyTextNotPresent(WebUiBuiltInKeywords.groovy:1795)
	at Выручка по ДЗО отображение данных все филиалы.Test(Выручка по ДЗО отображение данных все филиалы:772)
	at Выручка по ДЗО отображение данных все филиалы.Tumbler(Выручка по ДЗО отображение данных все филиалы:726)
	at Выручка по ДЗО отображение данных все филиалы.Change(Выручка по ДЗО отображение данных все филиалы:760)
	at Выручка по ДЗО отображение данных все филиалы.DzoTest(Выручка по ДЗО отображение данных все филиалы:358)
	at Выручка по ДЗО отображение данных все филиалы.run(Выручка по ДЗО отображение данных все филиалы:122)
	at com.kms.katalon.core.main.ScriptEngine.run(ScriptEngine.java:194)
	at com.kms.katalon.core.main.ScriptEngine.runScriptAsRawText(ScriptEngine.java:119)
	at com.kms.katalon.core.main.TestCaseExecutor.runScript(TestCaseExecutor.java:448)
	at com.kms.katalon.core.main.TestCaseExecutor.doExecute(TestCaseExecutor.java:439)
	at com.kms.katalon.core.main.TestCaseExecutor.processExecutionPhase(TestCaseExecutor.java:418)
	at com.kms.katalon.core.main.TestCaseExecutor.accessMainPhase(TestCaseExecutor.java:410)
	at com.kms.katalon.core.main.TestCaseExecutor.execute(TestCaseExecutor.java:285)
	at com.kms.katalon.core.common.CommonExecutor.accessTestCaseMainPhase(CommonExecutor.java:65)
	at com.kms.katalon.core.main.TestSuiteExecutor.accessTestSuiteMainPhase(TestSuiteExecutor.java:150)
	at com.kms.katalon.core.main.TestSuiteExecutor.execute(TestSuiteExecutor.java:106)
	at com.kms.katalon.core.main.TestCaseMain.startTestSuite(TestCaseMain.java:180)
	at TempTestSuite1741649958618.run(TempTestSuite1741649958618.groovy:35)
	at java.base/jdk.internal.reflect.NativeMethodAccessorImpl.invoke0(Native Method)
	at java.base/jdk.internal.reflect.NativeMethodAccessorImpl.invoke(NativeMethodAccessorImpl.java:77)
	at java.base/jdk.internal.reflect.DelegatingMethodAccessorImpl.invoke(DelegatingMethodAccessorImpl.java:43)
)

11-03-2025T03:13:31 - [TEST_STEP][PASSED] - else: null

11-03-2025T03:13:31 - [TEST_STEP][PASSED] - Script1687405711779.WriteToExcel(todaysDate): null

11-03-2025T03:13:31 - [TEST_STEP][PASSED] - sheetName = "Sheet1": null

11-03-2025T03:13:31 - [TEST_STEP][PASSED] - data = findTestData("PlanFact"): null

11-03-2025T03:13:31 - [TEST_STEP][PASSED] - n = data.getRowNumbers() + 1: null

11-03-2025T03:13:31 - [TEST_STEP][PASSED] - dZO = getText(findTestObject("Выручка по ДЗО/Фильтр ДЗО")): Text of object 'Object Repository/Выручка по ДЗО/Фильтр ДЗО' is: 'ПАО Россети - РаспредКомплекс - Россети Северо-Запад - Вологодский филиал'

11-03-2025T03:13:31 - [MESSAGE][PASSED] - Text of object 'Object Repository/Выручка по ДЗО/Фильтр ДЗО' is: 'ПАО Россети - РаспредКомплекс - Россети Северо-Запад - Вологодский филиал'

11-03-2025T03:13:31 - [TEST_STEP][PASSED] - period = getText(findTestObject("Выручка по ДЗО/Фильтр Дата")): Text of object 'Object Repository/Выручка по ДЗО/Фильтр Дата' is: 'Январь 2025 года'

11-03-2025T03:13:32 - [MESSAGE][PASSED] - Text of object 'Object Repository/Выручка по ДЗО/Фильтр Дата' is: 'Январь 2025 года'

11-03-2025T03:13:32 - [TEST_STEP][PASSED] - viruchka = getText(findTestObject("Выручка по ДЗО/Фильтр Выручка")): Text of object 'Object Repository/Выручка по ДЗО/Фильтр Выручка' is: 'внутренний оборот'

11-03-2025T03:13:32 - [MESSAGE][PASSED] - Text of object 'Object Repository/Выручка по ДЗО/Фильтр Выручка' is: 'внутренний оборот'

11-03-2025T03:13:32 - [TEST_STEP][PASSED] - if (viruchka == "Выбрано: 2"): null

11-03-2025T03:13:32 - [TEST_STEP][PASSED] - if (viruchka == "Все"): null

11-03-2025T03:13:32 - [TEST_STEP][PASSED] - println(period): null

11-03-2025T03:13:32 - [TEST_STEP][PASSED] - dashboardName = "Выручка по ДЗО": null

11-03-2025T03:13:32 - [TEST_STEP][PASSED] - workbook01 = getWorkbook(excelFilePath): null

11-03-2025T03:13:32 - [TEST_STEP][PASSED] - sheet01 = getExcelSheet(workbook01, sheetName): null

11-03-2025T03:13:32 - [TEST_STEP][PASSED] - setValueToCellByIndex(sheet01, n, 0, dashboardName): null

11-03-2025T03:13:32 - [TEST_STEP][PASSED] - setValueToCellByIndex(sheet01, n, 1, dZO): null

11-03-2025T03:13:32 - [TEST_STEP][PASSED] - setValueToCellByIndex(sheet01, n, 2, period): null

11-03-2025T03:13:32 - [TEST_STEP][PASSED] - setValueToCellByIndex(sheet01, n, 3, viruchka): null

11-03-2025T03:13:32 - [TEST_STEP][PASSED] - setValueToCellByIndex(sheet01, n, 4, todaysDate): null

11-03-2025T03:13:32 - [TEST_STEP][PASSED] - n = n + 1: null

11-03-2025T03:13:32 - [TEST_STEP][PASSED] - saveWorkbook(excelFilePath, workbook01): null

11-03-2025T03:13:32 - [TEST_STEP][PASSED] - click(findTestObject("Выручка по ДЗО/Фильтр Выручка")): Object: 'Object Repository/Выручка по ДЗО/Фильтр Выручка' is clicked on

11-03-2025T03:13:33 - [MESSAGE][PASSED] - Object: 'Object Repository/Выручка по ДЗО/Фильтр Выручка' is clicked on

11-03-2025T03:13:33 - [TEST_STEP][PASSED] - click(findTestObject("Выручка по ДЗО/По передаче в фильтре Выручка")): Object: 'Object Repository/Выручка по ДЗО/По передаче в фильтре Выручка' is clicked on

11-03-2025T03:13:33 - [MESSAGE][PASSED] - Object: 'Object Repository/Выручка по ДЗО/По передаче в фильтре Выручка' is clicked on

11-03-2025T03:13:33 - [TEST_STEP][PASSED] - click(findTestObject("Выручка по ДЗО/Применить в фильтре Выручка")): Object: 'Object Repository/Выручка по ДЗО/Применить в фильтре Выручка' is clicked on

11-03-2025T03:13:34 - [MESSAGE][PASSED] - Object: 'Object Repository/Выручка по ДЗО/Применить в фильтре Выручка' is clicked on

11-03-2025T03:13:34 - [TEST_STEP][PASSED] - Script1687405711779.Test(todaysDate): null

11-03-2025T03:13:34 - [TEST_STEP][PASSED] - delay(10): Delayed 10 second(s)

11-03-2025T03:13:44 - [MESSAGE][PASSED] - Delayed 10 second(s)

11-03-2025T03:13:44 - [TEST_STEP][PASSED] - if (verifyTextNotPresent("нет данных", false) == true): null

11-03-2025T03:13:44 - [MESSAGE][PASSED] - Text 'нет данных' is not present on page

11-03-2025T03:13:44 - [TEST_STEP][PASSED] - if (verifyTextNotPresent("Ошибка запроса данных", false) == true): null

11-03-2025T03:13:45 - [MESSAGE][PASSED] - Text 'Ошибка запроса данных' is not present on page

11-03-2025T03:13:45 - [TEST_STEP][PASSED] - if (verifyTextNotPresent("Произошла ошибка при выполнении пользовательского кода", false) == true): null

11-03-2025T03:13:45 - [MESSAGE][PASSED] - Text 'Произошла ошибка при выполнении пользовательского кода' is not present on page

11-03-2025T03:13:45 - [TEST_STEP][PASSED] - if (verifyTextNotPresent("У виджета нет данных", false) == true): null

11-03-2025T03:13:46 - [MESSAGE][PASSED] - Text 'У виджета нет данных' is not present on page

11-03-2025T03:13:46 - [TEST_STEP][PASSED] - if (verifyTextNotPresent("У виджета нет данных", false) == true): Text 'У виджета нет данных' is not present on page

11-03-2025T03:13:46 - [MESSAGE][PASSED] - Text 'У виджета нет данных' is not present on page

11-03-2025T03:13:46 - [TEST_STEP][PASSED] - click(findTestObject("Выручка по ДЗО/Фильтр Выручка")): Object: 'Object Repository/Выручка по ДЗО/Фильтр Выручка' is clicked on

11-03-2025T03:13:47 - [MESSAGE][PASSED] - Object: 'Object Repository/Выручка по ДЗО/Фильтр Выручка' is clicked on

11-03-2025T03:13:47 - [TEST_STEP][PASSED] - click(findTestObject("Выручка по ДЗО/Снять выделение в фильтре Выручка")): Object: 'Object Repository/Выручка по ДЗО/Снять выделение в фильтре Выручка' is clicked on

11-03-2025T03:13:47 - [MESSAGE][PASSED] - Object: 'Object Repository/Выручка по ДЗО/Снять выделение в фильтре Выручка' is clicked on

11-03-2025T03:13:47 - [TEST_STEP][PASSED] - click(findTestObject("Выручка по ДЗО/По передаче в фильтре Выручка")): Object: 'Object Repository/Выручка по ДЗО/По передаче в фильтре Выручка' is clicked on

11-03-2025T03:13:47 - [MESSAGE][PASSED] - Object: 'Object Repository/Выручка по ДЗО/По передаче в фильтре Выручка' is clicked on

11-03-2025T03:13:47 - [TEST_STEP][PASSED] - click(findTestObject("Выручка по ДЗО/Применить в фильтре Выручка")): Object: 'Object Repository/Выручка по ДЗО/Применить в фильтре Выручка' is clicked on

11-03-2025T03:13:48 - [MESSAGE][PASSED] - Object: 'Object Repository/Выручка по ДЗО/Применить в фильтре Выручка' is clicked on

11-03-2025T03:13:48 - [TEST_STEP][PASSED] - Script1687405711779.Test(todaysDate): null

11-03-2025T03:13:48 - [TEST_STEP][PASSED] - delay(10): Delayed 10 second(s)

11-03-2025T03:13:58 - [MESSAGE][PASSED] - Delayed 10 second(s)

11-03-2025T03:13:58 - [TEST_STEP][PASSED] - if (verifyTextNotPresent("нет данных", false) == true): null

11-03-2025T03:13:58 - [MESSAGE][PASSED] - Text 'нет данных' is not present on page

11-03-2025T03:13:58 - [TEST_STEP][PASSED] - if (verifyTextNotPresent("Ошибка запроса данных", false) == true): null

11-03-2025T03:13:59 - [MESSAGE][PASSED] - Text 'Ошибка запроса данных' is not present on page

11-03-2025T03:13:59 - [TEST_STEP][PASSED] - if (verifyTextNotPresent("Произошла ошибка при выполнении пользовательского кода", false) == true): null

11-03-2025T03:13:59 - [MESSAGE][PASSED] - Text 'Произошла ошибка при выполнении пользовательского кода' is not present on page

11-03-2025T03:13:59 - [TEST_STEP][PASSED] - if (verifyTextNotPresent("У виджета нет данных", false) == true): null

11-03-2025T03:14:00 - [MESSAGE][PASSED] - Text 'У виджета нет данных' is not present on page

11-03-2025T03:14:00 - [TEST_STEP][PASSED] - if (verifyTextNotPresent("У виджета нет данных", false) == true): Text 'У виджета нет данных' is not present on page

11-03-2025T03:14:00 - [MESSAGE][PASSED] - Text 'У виджета нет данных' is not present on page

11-03-2025T03:14:00 - [TEST_STEP][PASSED] - click(findTestObject("Выручка по ДЗО/Фильтр Выручка")): Object: 'Object Repository/Выручка по ДЗО/Фильтр Выручка' is clicked on

11-03-2025T03:14:01 - [MESSAGE][PASSED] - Object: 'Object Repository/Выручка по ДЗО/Фильтр Выручка' is clicked on

11-03-2025T03:14:01 - [TEST_STEP][PASSED] - click(findTestObject("Выручка по ДЗО/Снять выделение в фильтре Выручка")): Object: 'Object Repository/Выручка по ДЗО/Снять выделение в фильтре Выручка' is clicked on

11-03-2025T03:14:01 - [MESSAGE][PASSED] - Object: 'Object Repository/Выручка по ДЗО/Снять выделение в фильтре Выручка' is clicked on

11-03-2025T03:14:01 - [TEST_STEP][PASSED] - click(findTestObject("Выручка по ДЗО/Применить в фильтре Выручка")): Object: 'Object Repository/Выручка по ДЗО/Применить в фильтре Выручка' is clicked on

11-03-2025T03:14:02 - [MESSAGE][PASSED] - Object: 'Object Repository/Выручка по ДЗО/Применить в фильтре Выручка' is clicked on

11-03-2025T03:14:02 - [TEST_STEP][PASSED] - click(findTestObject("Выручка по ДЗО/Фильтр ДЗО")): Object: 'Object Repository/Выручка по ДЗО/Фильтр ДЗО' is clicked on

11-03-2025T03:14:03 - [MESSAGE][PASSED] - Object: 'Object Repository/Выручка по ДЗО/Фильтр ДЗО' is clicked on

11-03-2025T03:14:03 - [TEST_STEP][PASSED] - click(findTestObject("Выручка по ДЗО/Снять выделение в фильтре ДЗО")): Object: 'Object Repository/Выручка по ДЗО/Снять выделение в фильтре ДЗО' is clicked on

11-03-2025T03:14:03 - [MESSAGE][PASSED] - Object: 'Object Repository/Выручка по ДЗО/Снять выделение в фильтре ДЗО' is clicked on

11-03-2025T03:14:03 - [TEST_STEP][PASSED] - scrollToElement(findTestObject("Общие объекты/Карельский филиал"), 30): Scroll to object 'Object Repository/Общие объекты/Карельский филиал' successfully

11-03-2025T03:14:03 - [MESSAGE][PASSED] - Scroll to object 'Object Repository/Общие объекты/Карельский филиал' successfully

11-03-2025T03:14:03 - [TEST_STEP][PASSED] - click(findTestObject("Общие объекты/Карельский филиал"), CONTINUE_ON_FAILURE): Object: 'Object Repository/Общие объекты/Карельский филиал' is clicked on

11-03-2025T03:14:04 - [MESSAGE][PASSED] - Object: 'Object Repository/Общие объекты/Карельский филиал' is clicked on

11-03-2025T03:14:04 - [TEST_STEP][PASSED] - Script1687405711779.Change(todaysDate): null

11-03-2025T03:14:04 - [TEST_STEP][PASSED] - scrollToElement(findTestObject("Выручка по ДЗО/Заголовок дашборда"), 30): Scroll to object 'Object Repository/Выручка по ДЗО/Заголовок дашборда' successfully

11-03-2025T03:14:04 - [MESSAGE][PASSED] - Scroll to object 'Object Repository/Выручка по ДЗО/Заголовок дашборда' successfully

11-03-2025T03:14:04 - [TEST_STEP][PASSED] - click(findTestObject("Выручка по ДЗО/Применить в фильтре ДЗО")): Object: 'Object Repository/Выручка по ДЗО/Применить в фильтре ДЗО' is clicked on

11-03-2025T03:14:05 - [MESSAGE][PASSED] - Object: 'Object Repository/Выручка по ДЗО/Применить в фильтре ДЗО' is clicked on

11-03-2025T03:14:05 - [TEST_STEP][PASSED] - Script1687405711779.Tumbler(todaysDate): null

11-03-2025T03:14:05 - [TEST_STEP][PASSED] - Script1687405711779.Test(todaysDate): null

11-03-2025T03:14:05 - [TEST_STEP][PASSED] - delay(10): Delayed 10 second(s)

11-03-2025T03:14:15 - [MESSAGE][PASSED] - Delayed 10 second(s)

11-03-2025T03:14:15 - [TEST_STEP][PASSED] - if (verifyTextNotPresent("нет данных", false) == true): null

11-03-2025T03:14:15 - [MESSAGE][PASSED] - Text 'нет данных' is not present on page

11-03-2025T03:14:15 - [TEST_STEP][PASSED] - if (verifyTextNotPresent("Ошибка запроса данных", false) == true): null

11-03-2025T03:14:16 - [MESSAGE][PASSED] - Text 'Ошибка запроса данных' is not present on page

11-03-2025T03:14:16 - [TEST_STEP][PASSED] - if (verifyTextNotPresent("Произошла ошибка при выполнении пользовательского кода", false) == true): null

11-03-2025T03:14:16 - [MESSAGE][PASSED] - Text 'Произошла ошибка при выполнении пользовательского кода' is not present on page

11-03-2025T03:14:16 - [TEST_STEP][PASSED] - if (verifyTextNotPresent("У виджета нет данных", false) == true): null

11-03-2025T03:14:17 - [MESSAGE][PASSED] - Text 'У виджета нет данных' is not present on page

11-03-2025T03:14:17 - [TEST_STEP][PASSED] - if (verifyTextNotPresent("У виджета нет данных", false) == true): Text 'У виджета нет данных' is not present on page

11-03-2025T03:14:17 - [MESSAGE][PASSED] - Text 'У виджета нет данных' is not present on page

11-03-2025T03:14:17 - [TEST_STEP][PASSED] - click(findTestObject("Выручка по ДЗО/Фильтр Выручка")): Object: 'Object Repository/Выручка по ДЗО/Фильтр Выручка' is clicked on

11-03-2025T03:14:17 - [MESSAGE][PASSED] - Object: 'Object Repository/Выручка по ДЗО/Фильтр Выручка' is clicked on

11-03-2025T03:14:17 - [TEST_STEP][PASSED] - click(findTestObject("Выручка по ДЗО/Внутренний оборот в фильтре Выручка")): Object: 'Object Repository/Выручка по ДЗО/Внутренний оборот в фильтре Выручка' is clicked on

11-03-2025T03:14:18 - [MESSAGE][PASSED] - Object: 'Object Repository/Выручка по ДЗО/Внутренний оборот в фильтре Выручка' is clicked on

11-03-2025T03:14:18 - [TEST_STEP][PASSED] - click(findTestObject("Выручка по ДЗО/Применить в фильтре Выручка")): Object: 'Object Repository/Выручка по ДЗО/Применить в фильтре Выручка' is clicked on

11-03-2025T03:14:19 - [MESSAGE][PASSED] - Object: 'Object Repository/Выручка по ДЗО/Применить в фильтре Выручка' is clicked on

11-03-2025T03:14:19 - [TEST_STEP][PASSED] - Script1687405711779.Test(todaysDate): null

11-03-2025T03:14:19 - [TEST_STEP][PASSED] - delay(10): Delayed 10 second(s)

11-03-2025T03:14:29 - [MESSAGE][PASSED] - Delayed 10 second(s)

11-03-2025T03:14:29 - [TEST_STEP][FAILED] - if (verifyTextNotPresent("нет данных", false) == true): Text 'нет данных' is present on page  (Root cause: com.kms.katalon.core.exception.StepFailedException: Text 'нет данных' is present on page 
	at com.kms.katalon.core.webui.keyword.internal.WebUIKeywordMain.stepFailed(WebUIKeywordMain.groovy:64)
	at com.kms.katalon.core.webui.keyword.builtin.VerifyTextNotPresentKeyword$_verifyTextNotPresent_closure1.doCall(VerifyTextNotPresentKeyword.groovy:77)
	at com.kms.katalon.core.webui.keyword.builtin.VerifyTextNotPresentKeyword$_verifyTextNotPresent_closure1.call(VerifyTextNotPresentKeyword.groovy)
	at com.kms.katalon.core.webui.keyword.internal.WebUIKeywordMain.runKeyword(WebUIKeywordMain.groovy:20)
	at com.kms.katalon.core.webui.keyword.builtin.VerifyTextNotPresentKeyword.verifyTextNotPresent(VerifyTextNotPresentKeyword.groovy:82)
	at com.kms.katalon.core.webui.keyword.builtin.VerifyTextNotPresentKeyword.execute(VerifyTextNotPresentKeyword.groovy:68)
	at com.kms.katalon.core.keyword.internal.KeywordExecutor.executeKeywordForPlatform(KeywordExecutor.groovy:74)
	at com.kms.katalon.core.webui.keyword.WebUiBuiltInKeywords.verifyTextNotPresent(WebUiBuiltInKeywords.groovy:1795)
	at Выручка по ДЗО отображение данных все филиалы.Test(Выручка по ДЗО отображение данных все филиалы:772)
	at Выручка по ДЗО отображение данных все филиалы.Tumbler(Выручка по ДЗО отображение данных все филиалы:726)
	at Выручка по ДЗО отображение данных все филиалы.Change(Выручка по ДЗО отображение данных все филиалы:760)
	at Выручка по ДЗО отображение данных все филиалы.DzoTest(Выручка по ДЗО отображение данных все филиалы:364)
	at Выручка по ДЗО отображение данных все филиалы.run(Выручка по ДЗО отображение данных все филиалы:122)
	at com.kms.katalon.core.main.ScriptEngine.run(ScriptEngine.java:194)
	at com.kms.katalon.core.main.ScriptEngine.runScriptAsRawText(ScriptEngine.java:119)
	at com.kms.katalon.core.main.TestCaseExecutor.runScript(TestCaseExecutor.java:448)
	at com.kms.katalon.core.main.TestCaseExecutor.doExecute(TestCaseExecutor.java:439)
	at com.kms.katalon.core.main.TestCaseExecutor.processExecutionPhase(TestCaseExecutor.java:418)
	at com.kms.katalon.core.main.TestCaseExecutor.accessMainPhase(TestCaseExecutor.java:410)
	at com.kms.katalon.core.main.TestCaseExecutor.execute(TestCaseExecutor.java:285)
	at com.kms.katalon.core.common.CommonExecutor.accessTestCaseMainPhase(CommonExecutor.java:65)
	at com.kms.katalon.core.main.TestSuiteExecutor.accessTestSuiteMainPhase(TestSuiteExecutor.java:150)
	at com.kms.katalon.core.main.TestSuiteExecutor.execute(TestSuiteExecutor.java:106)
	at com.kms.katalon.core.main.TestCaseMain.startTestSuite(TestCaseMain.java:180)
	at TempTestSuite1741649958618.run(TempTestSuite1741649958618.groovy:35)
	at java.base/jdk.internal.reflect.NativeMethodAccessorImpl.invoke0(Native Method)
	at java.base/jdk.internal.reflect.NativeMethodAccessorImpl.invoke(NativeMethodAccessorImpl.java:77)
	at java.base/jdk.internal.reflect.DelegatingMethodAccessorImpl.invoke(DelegatingMethodAccessorImpl.java:43)
)

11-03-2025T03:14:29 - [MESSAGE][FAILED] - Text 'нет данных' is present on page  (Root cause: com.kms.katalon.core.exception.StepFailedException: Text 'нет данных' is present on page 
	at com.kms.katalon.core.webui.keyword.internal.WebUIKeywordMain.stepFailed(WebUIKeywordMain.groovy:64)
	at com.kms.katalon.core.webui.keyword.builtin.VerifyTextNotPresentKeyword$_verifyTextNotPresent_closure1.doCall(VerifyTextNotPresentKeyword.groovy:77)
	at com.kms.katalon.core.webui.keyword.builtin.VerifyTextNotPresentKeyword$_verifyTextNotPresent_closure1.call(VerifyTextNotPresentKeyword.groovy)
	at com.kms.katalon.core.webui.keyword.internal.WebUIKeywordMain.runKeyword(WebUIKeywordMain.groovy:20)
	at com.kms.katalon.core.webui.keyword.builtin.VerifyTextNotPresentKeyword.verifyTextNotPresent(VerifyTextNotPresentKeyword.groovy:82)
	at com.kms.katalon.core.webui.keyword.builtin.VerifyTextNotPresentKeyword.execute(VerifyTextNotPresentKeyword.groovy:68)
	at com.kms.katalon.core.keyword.internal.KeywordExecutor.executeKeywordForPlatform(KeywordExecutor.groovy:74)
	at com.kms.katalon.core.webui.keyword.WebUiBuiltInKeywords.verifyTextNotPresent(WebUiBuiltInKeywords.groovy:1795)
	at Выручка по ДЗО отображение данных все филиалы.Test(Выручка по ДЗО отображение данных все филиалы:772)
	at Выручка по ДЗО отображение данных все филиалы.Tumbler(Выручка по ДЗО отображение данных все филиалы:726)
	at Выручка по ДЗО отображение данных все филиалы.Change(Выручка по ДЗО отображение данных все филиалы:760)
	at Выручка по ДЗО отображение данных все филиалы.DzoTest(Выручка по ДЗО отображение данных все филиалы:364)
	at Выручка по ДЗО отображение данных все филиалы.run(Выручка по ДЗО отображение данных все филиалы:122)
	at com.kms.katalon.core.main.ScriptEngine.run(ScriptEngine.java:194)
	at com.kms.katalon.core.main.ScriptEngine.runScriptAsRawText(ScriptEngine.java:119)
	at com.kms.katalon.core.main.TestCaseExecutor.runScript(TestCaseExecutor.java:448)
	at com.kms.katalon.core.main.TestCaseExecutor.doExecute(TestCaseExecutor.java:439)
	at com.kms.katalon.core.main.TestCaseExecutor.processExecutionPhase(TestCaseExecutor.java:418)
	at com.kms.katalon.core.main.TestCaseExecutor.accessMainPhase(TestCaseExecutor.java:410)
	at com.kms.katalon.core.main.TestCaseExecutor.execute(TestCaseExecutor.java:285)
	at com.kms.katalon.core.common.CommonExecutor.accessTestCaseMainPhase(CommonExecutor.java:65)
	at com.kms.katalon.core.main.TestSuiteExecutor.accessTestSuiteMainPhase(TestSuiteExecutor.java:150)
	at com.kms.katalon.core.main.TestSuiteExecutor.execute(TestSuiteExecutor.java:106)
	at com.kms.katalon.core.main.TestCaseMain.startTestSuite(TestCaseMain.java:180)
	at TempTestSuite1741649958618.run(TempTestSuite1741649958618.groovy:35)
	at java.base/jdk.internal.reflect.NativeMethodAccessorImpl.invoke0(Native Method)
	at java.base/jdk.internal.reflect.NativeMethodAccessorImpl.invoke(NativeMethodAccessorImpl.java:77)
	at java.base/jdk.internal.reflect.DelegatingMethodAccessorImpl.invoke(DelegatingMethodAccessorImpl.java:43)
)

11-03-2025T03:14:29 - [TEST_STEP][PASSED] - else: null

11-03-2025T03:14:29 - [TEST_STEP][PASSED] - Script1687405711779.WriteToExcel(todaysDate): null

11-03-2025T03:14:29 - [TEST_STEP][PASSED] - sheetName = "Sheet1": null

11-03-2025T03:14:29 - [TEST_STEP][PASSED] - data = findTestData("PlanFact"): null

11-03-2025T03:14:29 - [TEST_STEP][PASSED] - n = data.getRowNumbers() + 1: null

11-03-2025T03:14:29 - [TEST_STEP][PASSED] - dZO = getText(findTestObject("Выручка по ДЗО/Фильтр ДЗО")): Text of object 'Object Repository/Выручка по ДЗО/Фильтр ДЗО' is: 'ПАО Россети - РаспредКомплекс - Россети Северо-Запад - Карельский филиал'

11-03-2025T03:14:29 - [MESSAGE][PASSED] - Text of object 'Object Repository/Выручка по ДЗО/Фильтр ДЗО' is: 'ПАО Россети - РаспредКомплекс - Россети Северо-Запад - Карельский филиал'

11-03-2025T03:14:29 - [TEST_STEP][PASSED] - period = getText(findTestObject("Выручка по ДЗО/Фильтр Дата")): Text of object 'Object Repository/Выручка по ДЗО/Фильтр Дата' is: 'Январь 2025 года'

11-03-2025T03:14:30 - [MESSAGE][PASSED] - Text of object 'Object Repository/Выручка по ДЗО/Фильтр Дата' is: 'Январь 2025 года'

11-03-2025T03:14:30 - [TEST_STEP][PASSED] - viruchka = getText(findTestObject("Выручка по ДЗО/Фильтр Выручка")): Text of object 'Object Repository/Выручка по ДЗО/Фильтр Выручка' is: 'внутренний оборот'

11-03-2025T03:14:30 - [MESSAGE][PASSED] - Text of object 'Object Repository/Выручка по ДЗО/Фильтр Выручка' is: 'внутренний оборот'

11-03-2025T03:14:30 - [TEST_STEP][PASSED] - if (viruchka == "Выбрано: 2"): null

11-03-2025T03:14:30 - [TEST_STEP][PASSED] - if (viruchka == "Все"): null

11-03-2025T03:14:30 - [TEST_STEP][PASSED] - println(period): null

11-03-2025T03:14:30 - [TEST_STEP][PASSED] - dashboardName = "Выручка по ДЗО": null

11-03-2025T03:14:30 - [TEST_STEP][PASSED] - workbook01 = getWorkbook(excelFilePath): null

11-03-2025T03:14:30 - [TEST_STEP][PASSED] - sheet01 = getExcelSheet(workbook01, sheetName): null

11-03-2025T03:14:30 - [TEST_STEP][PASSED] - setValueToCellByIndex(sheet01, n, 0, dashboardName): null

11-03-2025T03:14:30 - [TEST_STEP][PASSED] - setValueToCellByIndex(sheet01, n, 1, dZO): null

11-03-2025T03:14:30 - [TEST_STEP][PASSED] - setValueToCellByIndex(sheet01, n, 2, period): null

11-03-2025T03:14:30 - [TEST_STEP][PASSED] - setValueToCellByIndex(sheet01, n, 3, viruchka): null

11-03-2025T03:14:30 - [TEST_STEP][PASSED] - setValueToCellByIndex(sheet01, n, 4, todaysDate): null

11-03-2025T03:14:30 - [TEST_STEP][PASSED] - n = n + 1: null

11-03-2025T03:14:30 - [TEST_STEP][PASSED] - saveWorkbook(excelFilePath, workbook01): null

11-03-2025T03:14:30 - [TEST_STEP][PASSED] - click(findTestObject("Выручка по ДЗО/Фильтр Выручка")): Object: 'Object Repository/Выручка по ДЗО/Фильтр Выручка' is clicked on

11-03-2025T03:14:31 - [MESSAGE][PASSED] - Object: 'Object Repository/Выручка по ДЗО/Фильтр Выручка' is clicked on

11-03-2025T03:14:31 - [TEST_STEP][PASSED] - click(findTestObject("Выручка по ДЗО/По передаче в фильтре Выручка")): Object: 'Object Repository/Выручка по ДЗО/По передаче в фильтре Выручка' is clicked on

11-03-2025T03:14:31 - [MESSAGE][PASSED] - Object: 'Object Repository/Выручка по ДЗО/По передаче в фильтре Выручка' is clicked on

11-03-2025T03:14:31 - [TEST_STEP][PASSED] - click(findTestObject("Выручка по ДЗО/Применить в фильтре Выручка")): Object: 'Object Repository/Выручка по ДЗО/Применить в фильтре Выручка' is clicked on

11-03-2025T03:14:32 - [MESSAGE][PASSED] - Object: 'Object Repository/Выручка по ДЗО/Применить в фильтре Выручка' is clicked on

11-03-2025T03:14:32 - [TEST_STEP][PASSED] - Script1687405711779.Test(todaysDate): null

11-03-2025T03:14:32 - [TEST_STEP][PASSED] - delay(10): Delayed 10 second(s)

11-03-2025T03:14:42 - [MESSAGE][PASSED] - Delayed 10 second(s)

11-03-2025T03:14:42 - [TEST_STEP][PASSED] - if (verifyTextNotPresent("нет данных", false) == true): null

11-03-2025T03:14:42 - [MESSAGE][PASSED] - Text 'нет данных' is not present on page

11-03-2025T03:14:42 - [TEST_STEP][PASSED] - if (verifyTextNotPresent("Ошибка запроса данных", false) == true): null

11-03-2025T03:14:43 - [MESSAGE][PASSED] - Text 'Ошибка запроса данных' is not present on page

11-03-2025T03:14:43 - [TEST_STEP][PASSED] - if (verifyTextNotPresent("Произошла ошибка при выполнении пользовательского кода", false) == true): null

11-03-2025T03:14:43 - [MESSAGE][PASSED] - Text 'Произошла ошибка при выполнении пользовательского кода' is not present on page

11-03-2025T03:14:43 - [TEST_STEP][PASSED] - if (verifyTextNotPresent("У виджета нет данных", false) == true): null

11-03-2025T03:14:44 - [MESSAGE][PASSED] - Text 'У виджета нет данных' is not present on page

11-03-2025T03:14:44 - [TEST_STEP][PASSED] - if (verifyTextNotPresent("У виджета нет данных", false) == true): Text 'У виджета нет данных' is not present on page

11-03-2025T03:14:44 - [MESSAGE][PASSED] - Text 'У виджета нет данных' is not present on page

11-03-2025T03:14:44 - [TEST_STEP][PASSED] - click(findTestObject("Выручка по ДЗО/Фильтр Выручка")): Object: 'Object Repository/Выручка по ДЗО/Фильтр Выручка' is clicked on

11-03-2025T03:14:45 - [MESSAGE][PASSED] - Object: 'Object Repository/Выручка по ДЗО/Фильтр Выручка' is clicked on

11-03-2025T03:14:45 - [TEST_STEP][PASSED] - click(findTestObject("Выручка по ДЗО/Снять выделение в фильтре Выручка")): Object: 'Object Repository/Выручка по ДЗО/Снять выделение в фильтре Выручка' is clicked on

11-03-2025T03:14:45 - [MESSAGE][PASSED] - Object: 'Object Repository/Выручка по ДЗО/Снять выделение в фильтре Выручка' is clicked on

11-03-2025T03:14:45 - [TEST_STEP][PASSED] - click(findTestObject("Выручка по ДЗО/По передаче в фильтре Выручка")): Object: 'Object Repository/Выручка по ДЗО/По передаче в фильтре Выручка' is clicked on

11-03-2025T03:14:45 - [MESSAGE][PASSED] - Object: 'Object Repository/Выручка по ДЗО/По передаче в фильтре Выручка' is clicked on

11-03-2025T03:14:45 - [TEST_STEP][PASSED] - click(findTestObject("Выручка по ДЗО/Применить в фильтре Выручка")): Object: 'Object Repository/Выручка по ДЗО/Применить в фильтре Выручка' is clicked on

11-03-2025T03:14:46 - [MESSAGE][PASSED] - Object: 'Object Repository/Выручка по ДЗО/Применить в фильтре Выручка' is clicked on

11-03-2025T03:14:46 - [TEST_STEP][PASSED] - Script1687405711779.Test(todaysDate): null

11-03-2025T03:14:46 - [TEST_STEP][PASSED] - delay(10): Delayed 10 second(s)

11-03-2025T03:14:56 - [MESSAGE][PASSED] - Delayed 10 second(s)

11-03-2025T03:14:56 - [TEST_STEP][PASSED] - if (verifyTextNotPresent("нет данных", false) == true): null

11-03-2025T03:14:57 - [MESSAGE][PASSED] - Text 'нет данных' is not present on page

11-03-2025T03:14:57 - [TEST_STEP][PASSED] - if (verifyTextNotPresent("Ошибка запроса данных", false) == true): null

11-03-2025T03:14:57 - [MESSAGE][PASSED] - Text 'Ошибка запроса данных' is not present on page

11-03-2025T03:14:57 - [TEST_STEP][PASSED] - if (verifyTextNotPresent("Произошла ошибка при выполнении пользовательского кода", false) == true): null

11-03-2025T03:14:58 - [MESSAGE][PASSED] - Text 'Произошла ошибка при выполнении пользовательского кода' is not present on page

11-03-2025T03:14:58 - [TEST_STEP][PASSED] - if (verifyTextNotPresent("У виджета нет данных", false) == true): null

11-03-2025T03:14:58 - [MESSAGE][PASSED] - Text 'У виджета нет данных' is not present on page

11-03-2025T03:14:58 - [TEST_STEP][PASSED] - if (verifyTextNotPresent("У виджета нет данных", false) == true): Text 'У виджета нет данных' is not present on page

11-03-2025T03:14:59 - [MESSAGE][PASSED] - Text 'У виджета нет данных' is not present on page

11-03-2025T03:14:59 - [TEST_STEP][PASSED] - click(findTestObject("Выручка по ДЗО/Фильтр Выручка")): Object: 'Object Repository/Выручка по ДЗО/Фильтр Выручка' is clicked on

11-03-2025T03:14:59 - [MESSAGE][PASSED] - Object: 'Object Repository/Выручка по ДЗО/Фильтр Выручка' is clicked on

11-03-2025T03:14:59 - [TEST_STEP][PASSED] - click(findTestObject("Выручка по ДЗО/Снять выделение в фильтре Выручка")): Object: 'Object Repository/Выручка по ДЗО/Снять выделение в фильтре Выручка' is clicked on

11-03-2025T03:14:59 - [MESSAGE][PASSED] - Object: 'Object Repository/Выручка по ДЗО/Снять выделение в фильтре Выручка' is clicked on

11-03-2025T03:14:59 - [TEST_STEP][PASSED] - click(findTestObject("Выручка по ДЗО/Применить в фильтре Выручка")): Object: 'Object Repository/Выручка по ДЗО/Применить в фильтре Выручка' is clicked on

11-03-2025T03:15:00 - [MESSAGE][PASSED] - Object: 'Object Repository/Выручка по ДЗО/Применить в фильтре Выручка' is clicked on

11-03-2025T03:15:00 - [TEST_STEP][PASSED] - click(findTestObject("Выручка по ДЗО/Фильтр ДЗО")): Object: 'Object Repository/Выручка по ДЗО/Фильтр ДЗО' is clicked on

11-03-2025T03:15:01 - [MESSAGE][PASSED] - Object: 'Object Repository/Выручка по ДЗО/Фильтр ДЗО' is clicked on

11-03-2025T03:15:01 - [TEST_STEP][PASSED] - click(findTestObject("Выручка по ДЗО/Снять выделение в фильтре ДЗО")): Object: 'Object Repository/Выручка по ДЗО/Снять выделение в фильтре ДЗО' is clicked on

11-03-2025T03:15:02 - [MESSAGE][PASSED] - Object: 'Object Repository/Выручка по ДЗО/Снять выделение в фильтре ДЗО' is clicked on

11-03-2025T03:15:02 - [TEST_STEP][PASSED] - scrollToElement(findTestObject("Общие объекты/Мурманский филиал"), 30): Scroll to object 'Object Repository/Общие объекты/Мурманский филиал' successfully

11-03-2025T03:15:02 - [MESSAGE][PASSED] - Scroll to object 'Object Repository/Общие объекты/Мурманский филиал' successfully

11-03-2025T03:15:02 - [TEST_STEP][PASSED] - click(findTestObject("Общие объекты/Мурманский филиал"), CONTINUE_ON_FAILURE): Object: 'Object Repository/Общие объекты/Мурманский филиал' is clicked on

11-03-2025T03:15:02 - [MESSAGE][PASSED] - Object: 'Object Repository/Общие объекты/Мурманский филиал' is clicked on

11-03-2025T03:15:02 - [TEST_STEP][PASSED] - Script1687405711779.Change(todaysDate): null

11-03-2025T03:15:02 - [TEST_STEP][PASSED] - scrollToElement(findTestObject("Выручка по ДЗО/Заголовок дашборда"), 30): Scroll to object 'Object Repository/Выручка по ДЗО/Заголовок дашборда' successfully

11-03-2025T03:15:03 - [MESSAGE][PASSED] - Scroll to object 'Object Repository/Выручка по ДЗО/Заголовок дашборда' successfully

11-03-2025T03:15:03 - [TEST_STEP][PASSED] - click(findTestObject("Выручка по ДЗО/Применить в фильтре ДЗО")): Object: 'Object Repository/Выручка по ДЗО/Применить в фильтре ДЗО' is clicked on

11-03-2025T03:15:03 - [MESSAGE][PASSED] - Object: 'Object Repository/Выручка по ДЗО/Применить в фильтре ДЗО' is clicked on

11-03-2025T03:15:03 - [TEST_STEP][PASSED] - Script1687405711779.Tumbler(todaysDate): null

11-03-2025T03:15:03 - [TEST_STEP][PASSED] - Script1687405711779.Test(todaysDate): null

11-03-2025T03:15:03 - [TEST_STEP][PASSED] - delay(10): Delayed 10 second(s)

11-03-2025T03:15:13 - [MESSAGE][PASSED] - Delayed 10 second(s)

11-03-2025T03:15:13 - [TEST_STEP][PASSED] - if (verifyTextNotPresent("нет данных", false) == true): null

11-03-2025T03:15:14 - [MESSAGE][PASSED] - Text 'нет данных' is not present on page

11-03-2025T03:15:14 - [TEST_STEP][PASSED] - if (verifyTextNotPresent("Ошибка запроса данных", false) == true): null

11-03-2025T03:15:14 - [MESSAGE][PASSED] - Text 'Ошибка запроса данных' is not present on page

11-03-2025T03:15:14 - [TEST_STEP][PASSED] - if (verifyTextNotPresent("Произошла ошибка при выполнении пользовательского кода", false) == true): null

11-03-2025T03:15:15 - [MESSAGE][PASSED] - Text 'Произошла ошибка при выполнении пользовательского кода' is not present on page

11-03-2025T03:15:15 - [TEST_STEP][PASSED] - if (verifyTextNotPresent("У виджета нет данных", false) == true): null

11-03-2025T03:15:15 - [MESSAGE][PASSED] - Text 'У виджета нет данных' is not present on page

11-03-2025T03:15:15 - [TEST_STEP][PASSED] - if (verifyTextNotPresent("У виджета нет данных", false) == true): Text 'У виджета нет данных' is not present on page

11-03-2025T03:15:16 - [MESSAGE][PASSED] - Text 'У виджета нет данных' is not present on page

11-03-2025T03:15:16 - [TEST_STEP][PASSED] - click(findTestObject("Выручка по ДЗО/Фильтр Выручка")): Object: 'Object Repository/Выручка по ДЗО/Фильтр Выручка' is clicked on

11-03-2025T03:15:16 - [MESSAGE][PASSED] - Object: 'Object Repository/Выручка по ДЗО/Фильтр Выручка' is clicked on

11-03-2025T03:15:16 - [TEST_STEP][PASSED] - click(findTestObject("Выручка по ДЗО/Внутренний оборот в фильтре Выручка")): Object: 'Object Repository/Выручка по ДЗО/Внутренний оборот в фильтре Выручка' is clicked on

11-03-2025T03:15:17 - [MESSAGE][PASSED] - Object: 'Object Repository/Выручка по ДЗО/Внутренний оборот в фильтре Выручка' is clicked on

11-03-2025T03:15:17 - [TEST_STEP][PASSED] - click(findTestObject("Выручка по ДЗО/Применить в фильтре Выручка")): Object: 'Object Repository/Выручка по ДЗО/Применить в фильтре Выручка' is clicked on

11-03-2025T03:15:17 - [MESSAGE][PASSED] - Object: 'Object Repository/Выручка по ДЗО/Применить в фильтре Выручка' is clicked on

11-03-2025T03:15:17 - [TEST_STEP][PASSED] - Script1687405711779.Test(todaysDate): null

11-03-2025T03:15:17 - [TEST_STEP][PASSED] - delay(10): Delayed 10 second(s)

11-03-2025T03:15:27 - [MESSAGE][PASSED] - Delayed 10 second(s)

11-03-2025T03:15:27 - [TEST_STEP][FAILED] - if (verifyTextNotPresent("нет данных", false) == true): Text 'нет данных' is present on page  (Root cause: com.kms.katalon.core.exception.StepFailedException: Text 'нет данных' is present on page 
	at com.kms.katalon.core.webui.keyword.internal.WebUIKeywordMain.stepFailed(WebUIKeywordMain.groovy:64)
	at com.kms.katalon.core.webui.keyword.builtin.VerifyTextNotPresentKeyword$_verifyTextNotPresent_closure1.doCall(VerifyTextNotPresentKeyword.groovy:77)
	at com.kms.katalon.core.webui.keyword.builtin.VerifyTextNotPresentKeyword$_verifyTextNotPresent_closure1.call(VerifyTextNotPresentKeyword.groovy)
	at com.kms.katalon.core.webui.keyword.internal.WebUIKeywordMain.runKeyword(WebUIKeywordMain.groovy:20)
	at com.kms.katalon.core.webui.keyword.builtin.VerifyTextNotPresentKeyword.verifyTextNotPresent(VerifyTextNotPresentKeyword.groovy:82)
	at com.kms.katalon.core.webui.keyword.builtin.VerifyTextNotPresentKeyword.execute(VerifyTextNotPresentKeyword.groovy:68)
	at com.kms.katalon.core.keyword.internal.KeywordExecutor.executeKeywordForPlatform(KeywordExecutor.groovy:74)
	at com.kms.katalon.core.webui.keyword.WebUiBuiltInKeywords.verifyTextNotPresent(WebUiBuiltInKeywords.groovy:1795)
	at Выручка по ДЗО отображение данных все филиалы.Test(Выручка по ДЗО отображение данных все филиалы:772)
	at Выручка по ДЗО отображение данных все филиалы.Tumbler(Выручка по ДЗО отображение данных все филиалы:726)
	at Выручка по ДЗО отображение данных все филиалы.Change(Выручка по ДЗО отображение данных все филиалы:760)
	at Выручка по ДЗО отображение данных все филиалы.DzoTest(Выручка по ДЗО отображение данных все филиалы:370)
	at Выручка по ДЗО отображение данных все филиалы.run(Выручка по ДЗО отображение данных все филиалы:122)
	at com.kms.katalon.core.main.ScriptEngine.run(ScriptEngine.java:194)
	at com.kms.katalon.core.main.ScriptEngine.runScriptAsRawText(ScriptEngine.java:119)
	at com.kms.katalon.core.main.TestCaseExecutor.runScript(TestCaseExecutor.java:448)
	at com.kms.katalon.core.main.TestCaseExecutor.doExecute(TestCaseExecutor.java:439)
	at com.kms.katalon.core.main.TestCaseExecutor.processExecutionPhase(TestCaseExecutor.java:418)
	at com.kms.katalon.core.main.TestCaseExecutor.accessMainPhase(TestCaseExecutor.java:410)
	at com.kms.katalon.core.main.TestCaseExecutor.execute(TestCaseExecutor.java:285)
	at com.kms.katalon.core.common.CommonExecutor.accessTestCaseMainPhase(CommonExecutor.java:65)
	at com.kms.katalon.core.main.TestSuiteExecutor.accessTestSuiteMainPhase(TestSuiteExecutor.java:150)
	at com.kms.katalon.core.main.TestSuiteExecutor.execute(TestSuiteExecutor.java:106)
	at com.kms.katalon.core.main.TestCaseMain.startTestSuite(TestCaseMain.java:180)
	at TempTestSuite1741649958618.run(TempTestSuite1741649958618.groovy:35)
	at java.base/jdk.internal.reflect.NativeMethodAccessorImpl.invoke0(Native Method)
	at java.base/jdk.internal.reflect.NativeMethodAccessorImpl.invoke(NativeMethodAccessorImpl.java:77)
	at java.base/jdk.internal.reflect.DelegatingMethodAccessorImpl.invoke(DelegatingMethodAccessorImpl.java:43)
)

11-03-2025T03:15:28 - [MESSAGE][FAILED] - Text 'нет данных' is present on page  (Root cause: com.kms.katalon.core.exception.StepFailedException: Text 'нет данных' is present on page 
	at com.kms.katalon.core.webui.keyword.internal.WebUIKeywordMain.stepFailed(WebUIKeywordMain.groovy:64)
	at com.kms.katalon.core.webui.keyword.builtin.VerifyTextNotPresentKeyword$_verifyTextNotPresent_closure1.doCall(VerifyTextNotPresentKeyword.groovy:77)
	at com.kms.katalon.core.webui.keyword.builtin.VerifyTextNotPresentKeyword$_verifyTextNotPresent_closure1.call(VerifyTextNotPresentKeyword.groovy)
	at com.kms.katalon.core.webui.keyword.internal.WebUIKeywordMain.runKeyword(WebUIKeywordMain.groovy:20)
	at com.kms.katalon.core.webui.keyword.builtin.VerifyTextNotPresentKeyword.verifyTextNotPresent(VerifyTextNotPresentKeyword.groovy:82)
	at com.kms.katalon.core.webui.keyword.builtin.VerifyTextNotPresentKeyword.execute(VerifyTextNotPresentKeyword.groovy:68)
	at com.kms.katalon.core.keyword.internal.KeywordExecutor.executeKeywordForPlatform(KeywordExecutor.groovy:74)
	at com.kms.katalon.core.webui.keyword.WebUiBuiltInKeywords.verifyTextNotPresent(WebUiBuiltInKeywords.groovy:1795)
	at Выручка по ДЗО отображение данных все филиалы.Test(Выручка по ДЗО отображение данных все филиалы:772)
	at Выручка по ДЗО отображение данных все филиалы.Tumbler(Выручка по ДЗО отображение данных все филиалы:726)
	at Выручка по ДЗО отображение данных все филиалы.Change(Выручка по ДЗО отображение данных все филиалы:760)
	at Выручка по ДЗО отображение данных все филиалы.DzoTest(Выручка по ДЗО отображение данных все филиалы:370)
	at Выручка по ДЗО отображение данных все филиалы.run(Выручка по ДЗО отображение данных все филиалы:122)
	at com.kms.katalon.core.main.ScriptEngine.run(ScriptEngine.java:194)
	at com.kms.katalon.core.main.ScriptEngine.runScriptAsRawText(ScriptEngine.java:119)
	at com.kms.katalon.core.main.TestCaseExecutor.runScript(TestCaseExecutor.java:448)
	at com.kms.katalon.core.main.TestCaseExecutor.doExecute(TestCaseExecutor.java:439)
	at com.kms.katalon.core.main.TestCaseExecutor.processExecutionPhase(TestCaseExecutor.java:418)
	at com.kms.katalon.core.main.TestCaseExecutor.accessMainPhase(TestCaseExecutor.java:410)
	at com.kms.katalon.core.main.TestCaseExecutor.execute(TestCaseExecutor.java:285)
	at com.kms.katalon.core.common.CommonExecutor.accessTestCaseMainPhase(CommonExecutor.java:65)
	at com.kms.katalon.core.main.TestSuiteExecutor.accessTestSuiteMainPhase(TestSuiteExecutor.java:150)
	at com.kms.katalon.core.main.TestSuiteExecutor.execute(TestSuiteExecutor.java:106)
	at com.kms.katalon.core.main.TestCaseMain.startTestSuite(TestCaseMain.java:180)
	at TempTestSuite1741649958618.run(TempTestSuite1741649958618.groovy:35)
	at java.base/jdk.internal.reflect.NativeMethodAccessorImpl.invoke0(Native Method)
	at java.base/jdk.internal.reflect.NativeMethodAccessorImpl.invoke(NativeMethodAccessorImpl.java:77)
	at java.base/jdk.internal.reflect.DelegatingMethodAccessorImpl.invoke(DelegatingMethodAccessorImpl.java:43)
)

11-03-2025T03:15:28 - [TEST_STEP][PASSED] - else: null

11-03-2025T03:15:28 - [TEST_STEP][PASSED] - Script1687405711779.WriteToExcel(todaysDate): null

11-03-2025T03:15:28 - [TEST_STEP][PASSED] - sheetName = "Sheet1": null

11-03-2025T03:15:28 - [TEST_STEP][PASSED] - data = findTestData("PlanFact"): null

11-03-2025T03:15:28 - [TEST_STEP][PASSED] - n = data.getRowNumbers() + 1: null

11-03-2025T03:15:28 - [TEST_STEP][PASSED] - dZO = getText(findTestObject("Выручка по ДЗО/Фильтр ДЗО")): Text of object 'Object Repository/Выручка по ДЗО/Фильтр ДЗО' is: 'ПАО Россети - РаспредКомплекс - Россети Северо-Запад - Мурманский филиал'

11-03-2025T03:15:28 - [MESSAGE][PASSED] - Text of object 'Object Repository/Выручка по ДЗО/Фильтр ДЗО' is: 'ПАО Россети - РаспредКомплекс - Россети Северо-Запад - Мурманский филиал'

11-03-2025T03:15:28 - [TEST_STEP][PASSED] - period = getText(findTestObject("Выручка по ДЗО/Фильтр Дата")): Text of object 'Object Repository/Выручка по ДЗО/Фильтр Дата' is: 'Январь 2025 года'

11-03-2025T03:15:28 - [MESSAGE][PASSED] - Text of object 'Object Repository/Выручка по ДЗО/Фильтр Дата' is: 'Январь 2025 года'

11-03-2025T03:15:28 - [TEST_STEP][PASSED] - viruchka = getText(findTestObject("Выручка по ДЗО/Фильтр Выручка")): Text of object 'Object Repository/Выручка по ДЗО/Фильтр Выручка' is: 'внутренний оборот'

11-03-2025T03:15:29 - [MESSAGE][PASSED] - Text of object 'Object Repository/Выручка по ДЗО/Фильтр Выручка' is: 'внутренний оборот'

11-03-2025T03:15:29 - [TEST_STEP][PASSED] - if (viruchka == "Выбрано: 2"): null

11-03-2025T03:15:29 - [TEST_STEP][PASSED] - if (viruchka == "Все"): null

11-03-2025T03:15:29 - [TEST_STEP][PASSED] - println(period): null

11-03-2025T03:15:29 - [TEST_STEP][PASSED] - dashboardName = "Выручка по ДЗО": null

11-03-2025T03:15:29 - [TEST_STEP][PASSED] - workbook01 = getWorkbook(excelFilePath): null

11-03-2025T03:15:29 - [TEST_STEP][PASSED] - sheet01 = getExcelSheet(workbook01, sheetName): null

11-03-2025T03:15:29 - [TEST_STEP][PASSED] - setValueToCellByIndex(sheet01, n, 0, dashboardName): null

11-03-2025T03:15:29 - [TEST_STEP][PASSED] - setValueToCellByIndex(sheet01, n, 1, dZO): null

11-03-2025T03:15:29 - [TEST_STEP][PASSED] - setValueToCellByIndex(sheet01, n, 2, period): null

11-03-2025T03:15:29 - [TEST_STEP][PASSED] - setValueToCellByIndex(sheet01, n, 3, viruchka): null

11-03-2025T03:15:29 - [TEST_STEP][PASSED] - setValueToCellByIndex(sheet01, n, 4, todaysDate): null

11-03-2025T03:15:29 - [TEST_STEP][PASSED] - n = n + 1: null

11-03-2025T03:15:29 - [TEST_STEP][PASSED] - saveWorkbook(excelFilePath, workbook01): null

11-03-2025T03:15:29 - [TEST_STEP][PASSED] - click(findTestObject("Выручка по ДЗО/Фильтр Выручка")): Object: 'Object Repository/Выручка по ДЗО/Фильтр Выручка' is clicked on

11-03-2025T03:15:29 - [MESSAGE][PASSED] - Object: 'Object Repository/Выручка по ДЗО/Фильтр Выручка' is clicked on

11-03-2025T03:15:29 - [TEST_STEP][PASSED] - click(findTestObject("Выручка по ДЗО/По передаче в фильтре Выручка")): Object: 'Object Repository/Выручка по ДЗО/По передаче в фильтре Выручка' is clicked on

11-03-2025T03:15:30 - [MESSAGE][PASSED] - Object: 'Object Repository/Выручка по ДЗО/По передаче в фильтре Выручка' is clicked on

11-03-2025T03:15:30 - [TEST_STEP][PASSED] - click(findTestObject("Выручка по ДЗО/Применить в фильтре Выручка")): Object: 'Object Repository/Выручка по ДЗО/Применить в фильтре Выручка' is clicked on

11-03-2025T03:15:30 - [MESSAGE][PASSED] - Object: 'Object Repository/Выручка по ДЗО/Применить в фильтре Выручка' is clicked on

11-03-2025T03:15:30 - [TEST_STEP][PASSED] - Script1687405711779.Test(todaysDate): null

11-03-2025T03:15:30 - [TEST_STEP][PASSED] - delay(10): Delayed 10 second(s)

11-03-2025T03:15:40 - [MESSAGE][PASSED] - Delayed 10 second(s)

11-03-2025T03:15:40 - [TEST_STEP][PASSED] - if (verifyTextNotPresent("нет данных", false) == true): null

11-03-2025T03:15:41 - [MESSAGE][PASSED] - Text 'нет данных' is not present on page

11-03-2025T03:15:41 - [TEST_STEP][PASSED] - if (verifyTextNotPresent("Ошибка запроса данных", false) == true): null

11-03-2025T03:15:41 - [MESSAGE][PASSED] - Text 'Ошибка запроса данных' is not present on page

11-03-2025T03:15:41 - [TEST_STEP][PASSED] - if (verifyTextNotPresent("Произошла ошибка при выполнении пользовательского кода", false) == true): null

11-03-2025T03:15:42 - [MESSAGE][PASSED] - Text 'Произошла ошибка при выполнении пользовательского кода' is not present on page

11-03-2025T03:15:42 - [TEST_STEP][PASSED] - if (verifyTextNotPresent("У виджета нет данных", false) == true): null

11-03-2025T03:15:42 - [MESSAGE][PASSED] - Text 'У виджета нет данных' is not present on page

11-03-2025T03:15:42 - [TEST_STEP][PASSED] - if (verifyTextNotPresent("У виджета нет данных", false) == true): Text 'У виджета нет данных' is not present on page

11-03-2025T03:15:43 - [MESSAGE][PASSED] - Text 'У виджета нет данных' is not present on page

11-03-2025T03:15:43 - [TEST_STEP][PASSED] - click(findTestObject("Выручка по ДЗО/Фильтр Выручка")): Object: 'Object Repository/Выручка по ДЗО/Фильтр Выручка' is clicked on

11-03-2025T03:15:43 - [MESSAGE][PASSED] - Object: 'Object Repository/Выручка по ДЗО/Фильтр Выручка' is clicked on

11-03-2025T03:15:43 - [TEST_STEP][PASSED] - click(findTestObject("Выручка по ДЗО/Снять выделение в фильтре Выручка")): Object: 'Object Repository/Выручка по ДЗО/Снять выделение в фильтре Выручка' is clicked on

11-03-2025T03:15:44 - [MESSAGE][PASSED] - Object: 'Object Repository/Выручка по ДЗО/Снять выделение в фильтре Выручка' is clicked on

11-03-2025T03:15:44 - [TEST_STEP][PASSED] - click(findTestObject("Выручка по ДЗО/По передаче в фильтре Выручка")): Object: 'Object Repository/Выручка по ДЗО/По передаче в фильтре Выручка' is clicked on

11-03-2025T03:15:44 - [MESSAGE][PASSED] - Object: 'Object Repository/Выручка по ДЗО/По передаче в фильтре Выручка' is clicked on

11-03-2025T03:15:44 - [TEST_STEP][PASSED] - click(findTestObject("Выручка по ДЗО/Применить в фильтре Выручка")): Object: 'Object Repository/Выручка по ДЗО/Применить в фильтре Выручка' is clicked on

11-03-2025T03:15:45 - [MESSAGE][PASSED] - Object: 'Object Repository/Выручка по ДЗО/Применить в фильтре Выручка' is clicked on

11-03-2025T03:15:45 - [TEST_STEP][PASSED] - Script1687405711779.Test(todaysDate): null

11-03-2025T03:15:45 - [TEST_STEP][PASSED] - delay(10): Delayed 10 second(s)

11-03-2025T03:15:55 - [MESSAGE][PASSED] - Delayed 10 second(s)

11-03-2025T03:15:55 - [TEST_STEP][PASSED] - if (verifyTextNotPresent("нет данных", false) == true): null

11-03-2025T03:15:55 - [MESSAGE][PASSED] - Text 'нет данных' is not present on page

11-03-2025T03:15:55 - [TEST_STEP][PASSED] - if (verifyTextNotPresent("Ошибка запроса данных", false) == true): null

11-03-2025T03:15:56 - [MESSAGE][PASSED] - Text 'Ошибка запроса данных' is not present on page

11-03-2025T03:15:56 - [TEST_STEP][PASSED] - if (verifyTextNotPresent("Произошла ошибка при выполнении пользовательского кода", false) == true): null

11-03-2025T03:15:56 - [MESSAGE][PASSED] - Text 'Произошла ошибка при выполнении пользовательского кода' is not present on page

11-03-2025T03:15:56 - [TEST_STEP][PASSED] - if (verifyTextNotPresent("У виджета нет данных", false) == true): null

11-03-2025T03:15:56 - [MESSAGE][PASSED] - Text 'У виджета нет данных' is not present on page

11-03-2025T03:15:56 - [TEST_STEP][PASSED] - if (verifyTextNotPresent("У виджета нет данных", false) == true): Text 'У виджета нет данных' is not present on page

11-03-2025T03:15:57 - [MESSAGE][PASSED] - Text 'У виджета нет данных' is not present on page

11-03-2025T03:15:57 - [TEST_STEP][PASSED] - click(findTestObject("Выручка по ДЗО/Фильтр Выручка")): Object: 'Object Repository/Выручка по ДЗО/Фильтр Выручка' is clicked on

11-03-2025T03:15:57 - [MESSAGE][PASSED] - Object: 'Object Repository/Выручка по ДЗО/Фильтр Выручка' is clicked on

11-03-2025T03:15:57 - [TEST_STEP][PASSED] - click(findTestObject("Выручка по ДЗО/Снять выделение в фильтре Выручка")): Object: 'Object Repository/Выручка по ДЗО/Снять выделение в фильтре Выручка' is clicked on

11-03-2025T03:15:58 - [MESSAGE][PASSED] - Object: 'Object Repository/Выручка по ДЗО/Снять выделение в фильтре Выручка' is clicked on

11-03-2025T03:15:58 - [TEST_STEP][PASSED] - click(findTestObject("Выручка по ДЗО/Применить в фильтре Выручка")): Object: 'Object Repository/Выручка по ДЗО/Применить в фильтре Выручка' is clicked on

11-03-2025T03:15:58 - [MESSAGE][PASSED] - Object: 'Object Repository/Выручка по ДЗО/Применить в фильтре Выручка' is clicked on

11-03-2025T03:15:58 - [TEST_STEP][PASSED] - click(findTestObject("Выручка по ДЗО/Фильтр ДЗО")): Object: 'Object Repository/Выручка по ДЗО/Фильтр ДЗО' is clicked on

11-03-2025T03:15:59 - [MESSAGE][PASSED] - Object: 'Object Repository/Выручка по ДЗО/Фильтр ДЗО' is clicked on

11-03-2025T03:15:59 - [TEST_STEP][PASSED] - click(findTestObject("Выручка по ДЗО/Снять выделение в фильтре ДЗО")): Object: 'Object Repository/Выручка по ДЗО/Снять выделение в фильтре ДЗО' is clicked on

11-03-2025T03:16:00 - [MESSAGE][PASSED] - Object: 'Object Repository/Выручка по ДЗО/Снять выделение в фильтре ДЗО' is clicked on

11-03-2025T03:16:00 - [TEST_STEP][PASSED] - scrollToElement(findTestObject("Общие объекты/Новгородский филиал"), 30): Scroll to object 'Object Repository/Общие объекты/Новгородский филиал' successfully

11-03-2025T03:16:00 - [MESSAGE][PASSED] - Scroll to object 'Object Repository/Общие объекты/Новгородский филиал' successfully

11-03-2025T03:16:00 - [TEST_STEP][PASSED] - click(findTestObject("Общие объекты/Новгородский филиал"), CONTINUE_ON_FAILURE): Object: 'Object Repository/Общие объекты/Новгородский филиал' is clicked on

11-03-2025T03:16:00 - [MESSAGE][PASSED] - Object: 'Object Repository/Общие объекты/Новгородский филиал' is clicked on

11-03-2025T03:16:00 - [TEST_STEP][PASSED] - Script1687405711779.Change(todaysDate): null

11-03-2025T03:16:00 - [TEST_STEP][PASSED] - scrollToElement(findTestObject("Выручка по ДЗО/Заголовок дашборда"), 30): Scroll to object 'Object Repository/Выручка по ДЗО/Заголовок дашборда' successfully

11-03-2025T03:16:01 - [MESSAGE][PASSED] - Scroll to object 'Object Repository/Выручка по ДЗО/Заголовок дашборда' successfully

11-03-2025T03:16:01 - [TEST_STEP][PASSED] - click(findTestObject("Выручка по ДЗО/Применить в фильтре ДЗО")): Object: 'Object Repository/Выручка по ДЗО/Применить в фильтре ДЗО' is clicked on

11-03-2025T03:16:01 - [MESSAGE][PASSED] - Object: 'Object Repository/Выручка по ДЗО/Применить в фильтре ДЗО' is clicked on

11-03-2025T03:16:01 - [TEST_STEP][PASSED] - Script1687405711779.Tumbler(todaysDate): null

11-03-2025T03:16:01 - [TEST_STEP][PASSED] - Script1687405711779.Test(todaysDate): null

11-03-2025T03:16:01 - [TEST_STEP][PASSED] - delay(10): Delayed 10 second(s)

11-03-2025T03:16:11 - [MESSAGE][PASSED] - Delayed 10 second(s)

11-03-2025T03:16:11 - [TEST_STEP][PASSED] - if (verifyTextNotPresent("нет данных", false) == true): null

11-03-2025T03:16:12 - [MESSAGE][PASSED] - Text 'нет данных' is not present on page

11-03-2025T03:16:12 - [TEST_STEP][PASSED] - if (verifyTextNotPresent("Ошибка запроса данных", false) == true): null

11-03-2025T03:16:12 - [MESSAGE][PASSED] - Text 'Ошибка запроса данных' is not present on page

11-03-2025T03:16:12 - [TEST_STEP][PASSED] - if (verifyTextNotPresent("Произошла ошибка при выполнении пользовательского кода", false) == true): null

11-03-2025T03:16:13 - [MESSAGE][PASSED] - Text 'Произошла ошибка при выполнении пользовательского кода' is not present on page

11-03-2025T03:16:13 - [TEST_STEP][PASSED] - if (verifyTextNotPresent("У виджета нет данных", false) == true): null

11-03-2025T03:16:13 - [MESSAGE][PASSED] - Text 'У виджета нет данных' is not present on page

11-03-2025T03:16:13 - [TEST_STEP][PASSED] - if (verifyTextNotPresent("У виджета нет данных", false) == true): Text 'У виджета нет данных' is not present on page

11-03-2025T03:16:14 - [MESSAGE][PASSED] - Text 'У виджета нет данных' is not present on page

11-03-2025T03:16:14 - [TEST_STEP][PASSED] - click(findTestObject("Выручка по ДЗО/Фильтр Выручка")): Object: 'Object Repository/Выручка по ДЗО/Фильтр Выручка' is clicked on

11-03-2025T03:16:14 - [MESSAGE][PASSED] - Object: 'Object Repository/Выручка по ДЗО/Фильтр Выручка' is clicked on

11-03-2025T03:16:14 - [TEST_STEP][PASSED] - click(findTestObject("Выручка по ДЗО/Внутренний оборот в фильтре Выручка")): Object: 'Object Repository/Выручка по ДЗО/Внутренний оборот в фильтре Выручка' is clicked on

11-03-2025T03:16:15 - [MESSAGE][PASSED] - Object: 'Object Repository/Выручка по ДЗО/Внутренний оборот в фильтре Выручка' is clicked on

11-03-2025T03:16:15 - [TEST_STEP][PASSED] - click(findTestObject("Выручка по ДЗО/Применить в фильтре Выручка")): Object: 'Object Repository/Выручка по ДЗО/Применить в фильтре Выручка' is clicked on

11-03-2025T03:16:15 - [MESSAGE][PASSED] - Object: 'Object Repository/Выручка по ДЗО/Применить в фильтре Выручка' is clicked on

11-03-2025T03:16:15 - [TEST_STEP][PASSED] - Script1687405711779.Test(todaysDate): null

11-03-2025T03:16:15 - [TEST_STEP][PASSED] - delay(10): Delayed 10 second(s)

11-03-2025T03:16:25 - [MESSAGE][PASSED] - Delayed 10 second(s)

11-03-2025T03:16:25 - [TEST_STEP][FAILED] - if (verifyTextNotPresent("нет данных", false) == true): Text 'нет данных' is present on page  (Root cause: com.kms.katalon.core.exception.StepFailedException: Text 'нет данных' is present on page 
	at com.kms.katalon.core.webui.keyword.internal.WebUIKeywordMain.stepFailed(WebUIKeywordMain.groovy:64)
	at com.kms.katalon.core.webui.keyword.builtin.VerifyTextNotPresentKeyword$_verifyTextNotPresent_closure1.doCall(VerifyTextNotPresentKeyword.groovy:77)
	at com.kms.katalon.core.webui.keyword.builtin.VerifyTextNotPresentKeyword$_verifyTextNotPresent_closure1.call(VerifyTextNotPresentKeyword.groovy)
	at com.kms.katalon.core.webui.keyword.internal.WebUIKeywordMain.runKeyword(WebUIKeywordMain.groovy:20)
	at com.kms.katalon.core.webui.keyword.builtin.VerifyTextNotPresentKeyword.verifyTextNotPresent(VerifyTextNotPresentKeyword.groovy:82)
	at com.kms.katalon.core.webui.keyword.builtin.VerifyTextNotPresentKeyword.execute(VerifyTextNotPresentKeyword.groovy:68)
	at com.kms.katalon.core.keyword.internal.KeywordExecutor.executeKeywordForPlatform(KeywordExecutor.groovy:74)
	at com.kms.katalon.core.webui.keyword.WebUiBuiltInKeywords.verifyTextNotPresent(WebUiBuiltInKeywords.groovy:1795)
	at Выручка по ДЗО отображение данных все филиалы.Test(Выручка по ДЗО отображение данных все филиалы:772)
	at Выручка по ДЗО отображение данных все филиалы.Tumbler(Выручка по ДЗО отображение данных все филиалы:726)
	at Выручка по ДЗО отображение данных все филиалы.Change(Выручка по ДЗО отображение данных все филиалы:760)
	at Выручка по ДЗО отображение данных все филиалы.DzoTest(Выручка по ДЗО отображение данных все филиалы:376)
	at Выручка по ДЗО отображение данных все филиалы.run(Выручка по ДЗО отображение данных все филиалы:122)
	at com.kms.katalon.core.main.ScriptEngine.run(ScriptEngine.java:194)
	at com.kms.katalon.core.main.ScriptEngine.runScriptAsRawText(ScriptEngine.java:119)
	at com.kms.katalon.core.main.TestCaseExecutor.runScript(TestCaseExecutor.java:448)
	at com.kms.katalon.core.main.TestCaseExecutor.doExecute(TestCaseExecutor.java:439)
	at com.kms.katalon.core.main.TestCaseExecutor.processExecutionPhase(TestCaseExecutor.java:418)
	at com.kms.katalon.core.main.TestCaseExecutor.accessMainPhase(TestCaseExecutor.java:410)
	at com.kms.katalon.core.main.TestCaseExecutor.execute(TestCaseExecutor.java:285)
	at com.kms.katalon.core.common.CommonExecutor.accessTestCaseMainPhase(CommonExecutor.java:65)
	at com.kms.katalon.core.main.TestSuiteExecutor.accessTestSuiteMainPhase(TestSuiteExecutor.java:150)
	at com.kms.katalon.core.main.TestSuiteExecutor.execute(TestSuiteExecutor.java:106)
	at com.kms.katalon.core.main.TestCaseMain.startTestSuite(TestCaseMain.java:180)
	at TempTestSuite1741649958618.run(TempTestSuite1741649958618.groovy:35)
	at java.base/jdk.internal.reflect.NativeMethodAccessorImpl.invoke0(Native Method)
	at java.base/jdk.internal.reflect.NativeMethodAccessorImpl.invoke(NativeMethodAccessorImpl.java:77)
	at java.base/jdk.internal.reflect.DelegatingMethodAccessorImpl.invoke(DelegatingMethodAccessorImpl.java:43)
)

11-03-2025T03:16:26 - [MESSAGE][FAILED] - Text 'нет данных' is present on page  (Root cause: com.kms.katalon.core.exception.StepFailedException: Text 'нет данных' is present on page 
	at com.kms.katalon.core.webui.keyword.internal.WebUIKeywordMain.stepFailed(WebUIKeywordMain.groovy:64)
	at com.kms.katalon.core.webui.keyword.builtin.VerifyTextNotPresentKeyword$_verifyTextNotPresent_closure1.doCall(VerifyTextNotPresentKeyword.groovy:77)
	at com.kms.katalon.core.webui.keyword.builtin.VerifyTextNotPresentKeyword$_verifyTextNotPresent_closure1.call(VerifyTextNotPresentKeyword.groovy)
	at com.kms.katalon.core.webui.keyword.internal.WebUIKeywordMain.runKeyword(WebUIKeywordMain.groovy:20)
	at com.kms.katalon.core.webui.keyword.builtin.VerifyTextNotPresentKeyword.verifyTextNotPresent(VerifyTextNotPresentKeyword.groovy:82)
	at com.kms.katalon.core.webui.keyword.builtin.VerifyTextNotPresentKeyword.execute(VerifyTextNotPresentKeyword.groovy:68)
	at com.kms.katalon.core.keyword.internal.KeywordExecutor.executeKeywordForPlatform(KeywordExecutor.groovy:74)
	at com.kms.katalon.core.webui.keyword.WebUiBuiltInKeywords.verifyTextNotPresent(WebUiBuiltInKeywords.groovy:1795)
	at Выручка по ДЗО отображение данных все филиалы.Test(Выручка по ДЗО отображение данных все филиалы:772)
	at Выручка по ДЗО отображение данных все филиалы.Tumbler(Выручка по ДЗО отображение данных все филиалы:726)
	at Выручка по ДЗО отображение данных все филиалы.Change(Выручка по ДЗО отображение данных все филиалы:760)
	at Выручка по ДЗО отображение данных все филиалы.DzoTest(Выручка по ДЗО отображение данных все филиалы:376)
	at Выручка по ДЗО отображение данных все филиалы.run(Выручка по ДЗО отображение данных все филиалы:122)
	at com.kms.katalon.core.main.ScriptEngine.run(ScriptEngine.java:194)
	at com.kms.katalon.core.main.ScriptEngine.runScriptAsRawText(ScriptEngine.java:119)
	at com.kms.katalon.core.main.TestCaseExecutor.runScript(TestCaseExecutor.java:448)
	at com.kms.katalon.core.main.TestCaseExecutor.doExecute(TestCaseExecutor.java:439)
	at com.kms.katalon.core.main.TestCaseExecutor.processExecutionPhase(TestCaseExecutor.java:418)
	at com.kms.katalon.core.main.TestCaseExecutor.accessMainPhase(TestCaseExecutor.java:410)
	at com.kms.katalon.core.main.TestCaseExecutor.execute(TestCaseExecutor.java:285)
	at com.kms.katalon.core.common.CommonExecutor.accessTestCaseMainPhase(CommonExecutor.java:65)
	at com.kms.katalon.core.main.TestSuiteExecutor.accessTestSuiteMainPhase(TestSuiteExecutor.java:150)
	at com.kms.katalon.core.main.TestSuiteExecutor.execute(TestSuiteExecutor.java:106)
	at com.kms.katalon.core.main.TestCaseMain.startTestSuite(TestCaseMain.java:180)
	at TempTestSuite1741649958618.run(TempTestSuite1741649958618.groovy:35)
	at java.base/jdk.internal.reflect.NativeMethodAccessorImpl.invoke0(Native Method)
	at java.base/jdk.internal.reflect.NativeMethodAccessorImpl.invoke(NativeMethodAccessorImpl.java:77)
	at java.base/jdk.internal.reflect.DelegatingMethodAccessorImpl.invoke(DelegatingMethodAccessorImpl.java:43)
)

11-03-2025T03:16:26 - [TEST_STEP][PASSED] - else: null

11-03-2025T03:16:26 - [TEST_STEP][PASSED] - Script1687405711779.WriteToExcel(todaysDate): null

11-03-2025T03:16:26 - [TEST_STEP][PASSED] - sheetName = "Sheet1": null

11-03-2025T03:16:26 - [TEST_STEP][PASSED] - data = findTestData("PlanFact"): null

11-03-2025T03:16:26 - [TEST_STEP][PASSED] - n = data.getRowNumbers() + 1: null

11-03-2025T03:16:26 - [TEST_STEP][PASSED] - dZO = getText(findTestObject("Выручка по ДЗО/Фильтр ДЗО")): Text of object 'Object Repository/Выручка по ДЗО/Фильтр ДЗО' is: 'ПАО Россети - РаспредКомплекс - Россети Северо-Запад - Новгородский филиал'

11-03-2025T03:16:26 - [MESSAGE][PASSED] - Text of object 'Object Repository/Выручка по ДЗО/Фильтр ДЗО' is: 'ПАО Россети - РаспредКомплекс - Россети Северо-Запад - Новгородский филиал'

11-03-2025T03:16:26 - [TEST_STEP][PASSED] - period = getText(findTestObject("Выручка по ДЗО/Фильтр Дата")): Text of object 'Object Repository/Выручка по ДЗО/Фильтр Дата' is: 'Январь 2025 года'

11-03-2025T03:16:26 - [MESSAGE][PASSED] - Text of object 'Object Repository/Выручка по ДЗО/Фильтр Дата' is: 'Январь 2025 года'

11-03-2025T03:16:26 - [TEST_STEP][PASSED] - viruchka = getText(findTestObject("Выручка по ДЗО/Фильтр Выручка")): Text of object 'Object Repository/Выручка по ДЗО/Фильтр Выручка' is: 'внутренний оборот'

11-03-2025T03:16:27 - [MESSAGE][PASSED] - Text of object 'Object Repository/Выручка по ДЗО/Фильтр Выручка' is: 'внутренний оборот'

11-03-2025T03:16:27 - [TEST_STEP][PASSED] - if (viruchka == "Выбрано: 2"): null

11-03-2025T03:16:27 - [TEST_STEP][PASSED] - if (viruchka == "Все"): null

11-03-2025T03:16:27 - [TEST_STEP][PASSED] - println(period): null

11-03-2025T03:16:27 - [TEST_STEP][PASSED] - dashboardName = "Выручка по ДЗО": null

11-03-2025T03:16:27 - [TEST_STEP][PASSED] - workbook01 = getWorkbook(excelFilePath): null

11-03-2025T03:16:27 - [TEST_STEP][PASSED] - sheet01 = getExcelSheet(workbook01, sheetName): null

11-03-2025T03:16:27 - [TEST_STEP][PASSED] - setValueToCellByIndex(sheet01, n, 0, dashboardName): null

11-03-2025T03:16:27 - [TEST_STEP][PASSED] - setValueToCellByIndex(sheet01, n, 1, dZO): null

11-03-2025T03:16:27 - [TEST_STEP][PASSED] - setValueToCellByIndex(sheet01, n, 2, period): null

11-03-2025T03:16:27 - [TEST_STEP][PASSED] - setValueToCellByIndex(sheet01, n, 3, viruchka): null

11-03-2025T03:16:27 - [TEST_STEP][PASSED] - setValueToCellByIndex(sheet01, n, 4, todaysDate): null

11-03-2025T03:16:27 - [TEST_STEP][PASSED] - n = n + 1: null

11-03-2025T03:16:27 - [TEST_STEP][PASSED] - saveWorkbook(excelFilePath, workbook01): null

11-03-2025T03:16:27 - [TEST_STEP][PASSED] - click(findTestObject("Выручка по ДЗО/Фильтр Выручка")): Object: 'Object Repository/Выручка по ДЗО/Фильтр Выручка' is clicked on

11-03-2025T03:16:27 - [MESSAGE][PASSED] - Object: 'Object Repository/Выручка по ДЗО/Фильтр Выручка' is clicked on

11-03-2025T03:16:27 - [TEST_STEP][PASSED] - click(findTestObject("Выручка по ДЗО/По передаче в фильтре Выручка")): Object: 'Object Repository/Выручка по ДЗО/По передаче в фильтре Выручка' is clicked on

11-03-2025T03:16:28 - [MESSAGE][PASSED] - Object: 'Object Repository/Выручка по ДЗО/По передаче в фильтре Выручка' is clicked on

11-03-2025T03:16:28 - [TEST_STEP][PASSED] - click(findTestObject("Выручка по ДЗО/Применить в фильтре Выручка")): Object: 'Object Repository/Выручка по ДЗО/Применить в фильтре Выручка' is clicked on

11-03-2025T03:16:29 - [MESSAGE][PASSED] - Object: 'Object Repository/Выручка по ДЗО/Применить в фильтре Выручка' is clicked on

11-03-2025T03:16:29 - [TEST_STEP][PASSED] - Script1687405711779.Test(todaysDate): null

11-03-2025T03:16:29 - [TEST_STEP][PASSED] - delay(10): Delayed 10 second(s)

11-03-2025T03:16:39 - [MESSAGE][PASSED] - Delayed 10 second(s)

11-03-2025T03:16:39 - [TEST_STEP][PASSED] - if (verifyTextNotPresent("нет данных", false) == true): null

11-03-2025T03:16:39 - [MESSAGE][PASSED] - Text 'нет данных' is not present on page

11-03-2025T03:16:39 - [TEST_STEP][PASSED] - if (verifyTextNotPresent("Ошибка запроса данных", false) == true): null

11-03-2025T03:16:39 - [MESSAGE][PASSED] - Text 'Ошибка запроса данных' is not present on page

11-03-2025T03:16:39 - [TEST_STEP][PASSED] - if (verifyTextNotPresent("Произошла ошибка при выполнении пользовательского кода", false) == true): null

11-03-2025T03:16:40 - [MESSAGE][PASSED] - Text 'Произошла ошибка при выполнении пользовательского кода' is not present on page

11-03-2025T03:16:40 - [TEST_STEP][PASSED] - if (verifyTextNotPresent("У виджета нет данных", false) == true): null

11-03-2025T03:16:40 - [MESSAGE][PASSED] - Text 'У виджета нет данных' is not present on page

11-03-2025T03:16:40 - [TEST_STEP][PASSED] - if (verifyTextNotPresent("У виджета нет данных", false) == true): Text 'У виджета нет данных' is not present on page

11-03-2025T03:16:41 - [MESSAGE][PASSED] - Text 'У виджета нет данных' is not present on page

11-03-2025T03:16:41 - [TEST_STEP][PASSED] - click(findTestObject("Выручка по ДЗО/Фильтр Выручка")): Object: 'Object Repository/Выручка по ДЗО/Фильтр Выручка' is clicked on

11-03-2025T03:16:41 - [MESSAGE][PASSED] - Object: 'Object Repository/Выручка по ДЗО/Фильтр Выручка' is clicked on

11-03-2025T03:16:41 - [TEST_STEP][PASSED] - click(findTestObject("Выручка по ДЗО/Снять выделение в фильтре Выручка")): Object: 'Object Repository/Выручка по ДЗО/Снять выделение в фильтре Выручка' is clicked on

11-03-2025T03:16:42 - [MESSAGE][PASSED] - Object: 'Object Repository/Выручка по ДЗО/Снять выделение в фильтре Выручка' is clicked on

11-03-2025T03:16:42 - [TEST_STEP][PASSED] - click(findTestObject("Выручка по ДЗО/По передаче в фильтре Выручка")): Object: 'Object Repository/Выручка по ДЗО/По передаче в фильтре Выручка' is clicked on

11-03-2025T03:16:42 - [MESSAGE][PASSED] - Object: 'Object Repository/Выручка по ДЗО/По передаче в фильтре Выручка' is clicked on

11-03-2025T03:16:42 - [TEST_STEP][PASSED] - click(findTestObject("Выручка по ДЗО/Применить в фильтре Выручка")): Object: 'Object Repository/Выручка по ДЗО/Применить в фильтре Выручка' is clicked on

11-03-2025T03:16:43 - [MESSAGE][PASSED] - Object: 'Object Repository/Выручка по ДЗО/Применить в фильтре Выручка' is clicked on

11-03-2025T03:16:43 - [TEST_STEP][PASSED] - Script1687405711779.Test(todaysDate): null

11-03-2025T03:16:43 - [TEST_STEP][PASSED] - delay(10): Delayed 10 second(s)

11-03-2025T03:16:53 - [MESSAGE][PASSED] - Delayed 10 second(s)

11-03-2025T03:16:53 - [TEST_STEP][PASSED] - if (verifyTextNotPresent("нет данных", false) == true): null

11-03-2025T03:16:53 - [MESSAGE][PASSED] - Text 'нет данных' is not present on page

11-03-2025T03:16:53 - [TEST_STEP][PASSED] - if (verifyTextNotPresent("Ошибка запроса данных", false) == true): null

11-03-2025T03:16:54 - [MESSAGE][PASSED] - Text 'Ошибка запроса данных' is not present on page

11-03-2025T03:16:54 - [TEST_STEP][PASSED] - if (verifyTextNotPresent("Произошла ошибка при выполнении пользовательского кода", false) == true): null

11-03-2025T03:16:54 - [MESSAGE][PASSED] - Text 'Произошла ошибка при выполнении пользовательского кода' is not present on page

11-03-2025T03:16:54 - [TEST_STEP][PASSED] - if (verifyTextNotPresent("У виджета нет данных", false) == true): null

11-03-2025T03:16:55 - [MESSAGE][PASSED] - Text 'У виджета нет данных' is not present on page

11-03-2025T03:16:55 - [TEST_STEP][PASSED] - if (verifyTextNotPresent("У виджета нет данных", false) == true): Text 'У виджета нет данных' is not present on page

11-03-2025T03:16:55 - [MESSAGE][PASSED] - Text 'У виджета нет данных' is not present on page

11-03-2025T03:16:55 - [TEST_STEP][PASSED] - click(findTestObject("Выручка по ДЗО/Фильтр Выручка")): Object: 'Object Repository/Выручка по ДЗО/Фильтр Выручка' is clicked on

11-03-2025T03:16:55 - [MESSAGE][PASSED] - Object: 'Object Repository/Выручка по ДЗО/Фильтр Выручка' is clicked on

11-03-2025T03:16:55 - [TEST_STEP][PASSED] - click(findTestObject("Выручка по ДЗО/Снять выделение в фильтре Выручка")): Object: 'Object Repository/Выручка по ДЗО/Снять выделение в фильтре Выручка' is clicked on

11-03-2025T03:16:56 - [MESSAGE][PASSED] - Object: 'Object Repository/Выручка по ДЗО/Снять выделение в фильтре Выручка' is clicked on

11-03-2025T03:16:56 - [TEST_STEP][PASSED] - click(findTestObject("Выручка по ДЗО/Применить в фильтре Выручка")): Object: 'Object Repository/Выручка по ДЗО/Применить в фильтре Выручка' is clicked on

11-03-2025T03:16:56 - [MESSAGE][PASSED] - Object: 'Object Repository/Выручка по ДЗО/Применить в фильтре Выручка' is clicked on

11-03-2025T03:16:56 - [TEST_STEP][PASSED] - click(findTestObject("Выручка по ДЗО/Фильтр ДЗО")): Object: 'Object Repository/Выручка по ДЗО/Фильтр ДЗО' is clicked on

11-03-2025T03:16:57 - [MESSAGE][PASSED] - Object: 'Object Repository/Выручка по ДЗО/Фильтр ДЗО' is clicked on

11-03-2025T03:16:57 - [TEST_STEP][PASSED] - click(findTestObject("Выручка по ДЗО/Снять выделение в фильтре ДЗО")): Object: 'Object Repository/Выручка по ДЗО/Снять выделение в фильтре ДЗО' is clicked on

11-03-2025T03:16:58 - [MESSAGE][PASSED] - Object: 'Object Repository/Выручка по ДЗО/Снять выделение в фильтре ДЗО' is clicked on

11-03-2025T03:16:58 - [TEST_STEP][PASSED] - scrollToElement(findTestObject("Общие объекты/Псковский филиал"), 30): Scroll to object 'Object Repository/Общие объекты/Псковский филиал' successfully

11-03-2025T03:16:58 - [MESSAGE][PASSED] - Scroll to object 'Object Repository/Общие объекты/Псковский филиал' successfully

11-03-2025T03:16:58 - [TEST_STEP][PASSED] - click(findTestObject("Общие объекты/Псковский филиал"), CONTINUE_ON_FAILURE): Object: 'Object Repository/Общие объекты/Псковский филиал' is clicked on

11-03-2025T03:16:58 - [MESSAGE][PASSED] - Object: 'Object Repository/Общие объекты/Псковский филиал' is clicked on

11-03-2025T03:16:58 - [TEST_STEP][PASSED] - Script1687405711779.Change(todaysDate): null

11-03-2025T03:16:58 - [TEST_STEP][PASSED] - scrollToElement(findTestObject("Выручка по ДЗО/Заголовок дашборда"), 30): Scroll to object 'Object Repository/Выручка по ДЗО/Заголовок дашборда' successfully

11-03-2025T03:16:59 - [MESSAGE][PASSED] - Scroll to object 'Object Repository/Выручка по ДЗО/Заголовок дашборда' successfully

11-03-2025T03:16:59 - [TEST_STEP][PASSED] - click(findTestObject("Выручка по ДЗО/Применить в фильтре ДЗО")): Object: 'Object Repository/Выручка по ДЗО/Применить в фильтре ДЗО' is clicked on

11-03-2025T03:16:59 - [MESSAGE][PASSED] - Object: 'Object Repository/Выручка по ДЗО/Применить в фильтре ДЗО' is clicked on

11-03-2025T03:16:59 - [TEST_STEP][PASSED] - Script1687405711779.Tumbler(todaysDate): null

11-03-2025T03:16:59 - [TEST_STEP][PASSED] - Script1687405711779.Test(todaysDate): null

11-03-2025T03:16:59 - [TEST_STEP][PASSED] - delay(10): Delayed 10 second(s)

11-03-2025T03:17:09 - [MESSAGE][PASSED] - Delayed 10 second(s)

11-03-2025T03:17:09 - [TEST_STEP][PASSED] - if (verifyTextNotPresent("нет данных", false) == true): null

11-03-2025T03:17:10 - [MESSAGE][PASSED] - Text 'нет данных' is not present on page

11-03-2025T03:17:10 - [TEST_STEP][PASSED] - if (verifyTextNotPresent("Ошибка запроса данных", false) == true): null

11-03-2025T03:17:10 - [MESSAGE][PASSED] - Text 'Ошибка запроса данных' is not present on page

11-03-2025T03:17:10 - [TEST_STEP][PASSED] - if (verifyTextNotPresent("Произошла ошибка при выполнении пользовательского кода", false) == true): null

11-03-2025T03:17:11 - [MESSAGE][PASSED] - Text 'Произошла ошибка при выполнении пользовательского кода' is not present on page

11-03-2025T03:17:11 - [TEST_STEP][PASSED] - if (verifyTextNotPresent("У виджета нет данных", false) == true): null

11-03-2025T03:17:11 - [MESSAGE][PASSED] - Text 'У виджета нет данных' is not present on page

11-03-2025T03:17:11 - [TEST_STEP][PASSED] - if (verifyTextNotPresent("У виджета нет данных", false) == true): Text 'У виджета нет данных' is not present on page

11-03-2025T03:17:12 - [MESSAGE][PASSED] - Text 'У виджета нет данных' is not present on page

11-03-2025T03:17:12 - [TEST_STEP][PASSED] - click(findTestObject("Выручка по ДЗО/Фильтр Выручка")): Object: 'Object Repository/Выручка по ДЗО/Фильтр Выручка' is clicked on

11-03-2025T03:17:12 - [MESSAGE][PASSED] - Object: 'Object Repository/Выручка по ДЗО/Фильтр Выручка' is clicked on

11-03-2025T03:17:12 - [TEST_STEP][PASSED] - click(findTestObject("Выручка по ДЗО/Внутренний оборот в фильтре Выручка")): Object: 'Object Repository/Выручка по ДЗО/Внутренний оборот в фильтре Выручка' is clicked on

11-03-2025T03:17:13 - [MESSAGE][PASSED] - Object: 'Object Repository/Выручка по ДЗО/Внутренний оборот в фильтре Выручка' is clicked on

11-03-2025T03:17:13 - [TEST_STEP][PASSED] - click(findTestObject("Выручка по ДЗО/Применить в фильтре Выручка")): Object: 'Object Repository/Выручка по ДЗО/Применить в фильтре Выручка' is clicked on

11-03-2025T03:17:13 - [MESSAGE][PASSED] - Object: 'Object Repository/Выручка по ДЗО/Применить в фильтре Выручка' is clicked on

11-03-2025T03:17:13 - [TEST_STEP][PASSED] - Script1687405711779.Test(todaysDate): null

11-03-2025T03:17:13 - [TEST_STEP][PASSED] - delay(10): Delayed 10 second(s)

11-03-2025T03:17:23 - [MESSAGE][PASSED] - Delayed 10 second(s)

11-03-2025T03:17:23 - [TEST_STEP][FAILED] - if (verifyTextNotPresent("нет данных", false) == true): Text 'нет данных' is present on page  (Root cause: com.kms.katalon.core.exception.StepFailedException: Text 'нет данных' is present on page 
	at com.kms.katalon.core.webui.keyword.internal.WebUIKeywordMain.stepFailed(WebUIKeywordMain.groovy:64)
	at com.kms.katalon.core.webui.keyword.builtin.VerifyTextNotPresentKeyword$_verifyTextNotPresent_closure1.doCall(VerifyTextNotPresentKeyword.groovy:77)
	at com.kms.katalon.core.webui.keyword.builtin.VerifyTextNotPresentKeyword$_verifyTextNotPresent_closure1.call(VerifyTextNotPresentKeyword.groovy)
	at com.kms.katalon.core.webui.keyword.internal.WebUIKeywordMain.runKeyword(WebUIKeywordMain.groovy:20)
	at com.kms.katalon.core.webui.keyword.builtin.VerifyTextNotPresentKeyword.verifyTextNotPresent(VerifyTextNotPresentKeyword.groovy:82)
	at com.kms.katalon.core.webui.keyword.builtin.VerifyTextNotPresentKeyword.execute(VerifyTextNotPresentKeyword.groovy:68)
	at com.kms.katalon.core.keyword.internal.KeywordExecutor.executeKeywordForPlatform(KeywordExecutor.groovy:74)
	at com.kms.katalon.core.webui.keyword.WebUiBuiltInKeywords.verifyTextNotPresent(WebUiBuiltInKeywords.groovy:1795)
	at Выручка по ДЗО отображение данных все филиалы.Test(Выручка по ДЗО отображение данных все филиалы:772)
	at Выручка по ДЗО отображение данных все филиалы.Tumbler(Выручка по ДЗО отображение данных все филиалы:726)
	at Выручка по ДЗО отображение данных все филиалы.Change(Выручка по ДЗО отображение данных все филиалы:760)
	at Выручка по ДЗО отображение данных все филиалы.DzoTest(Выручка по ДЗО отображение данных все филиалы:382)
	at Выручка по ДЗО отображение данных все филиалы.run(Выручка по ДЗО отображение данных все филиалы:122)
	at com.kms.katalon.core.main.ScriptEngine.run(ScriptEngine.java:194)
	at com.kms.katalon.core.main.ScriptEngine.runScriptAsRawText(ScriptEngine.java:119)
	at com.kms.katalon.core.main.TestCaseExecutor.runScript(TestCaseExecutor.java:448)
	at com.kms.katalon.core.main.TestCaseExecutor.doExecute(TestCaseExecutor.java:439)
	at com.kms.katalon.core.main.TestCaseExecutor.processExecutionPhase(TestCaseExecutor.java:418)
	at com.kms.katalon.core.main.TestCaseExecutor.accessMainPhase(TestCaseExecutor.java:410)
	at com.kms.katalon.core.main.TestCaseExecutor.execute(TestCaseExecutor.java:285)
	at com.kms.katalon.core.common.CommonExecutor.accessTestCaseMainPhase(CommonExecutor.java:65)
	at com.kms.katalon.core.main.TestSuiteExecutor.accessTestSuiteMainPhase(TestSuiteExecutor.java:150)
	at com.kms.katalon.core.main.TestSuiteExecutor.execute(TestSuiteExecutor.java:106)
	at com.kms.katalon.core.main.TestCaseMain.startTestSuite(TestCaseMain.java:180)
	at TempTestSuite1741649958618.run(TempTestSuite1741649958618.groovy:35)
	at java.base/jdk.internal.reflect.NativeMethodAccessorImpl.invoke0(Native Method)
	at java.base/jdk.internal.reflect.NativeMethodAccessorImpl.invoke(NativeMethodAccessorImpl.java:77)
	at java.base/jdk.internal.reflect.DelegatingMethodAccessorImpl.invoke(DelegatingMethodAccessorImpl.java:43)
)

11-03-2025T03:17:24 - [MESSAGE][FAILED] - Text 'нет данных' is present on page  (Root cause: com.kms.katalon.core.exception.StepFailedException: Text 'нет данных' is present on page 
	at com.kms.katalon.core.webui.keyword.internal.WebUIKeywordMain.stepFailed(WebUIKeywordMain.groovy:64)
	at com.kms.katalon.core.webui.keyword.builtin.VerifyTextNotPresentKeyword$_verifyTextNotPresent_closure1.doCall(VerifyTextNotPresentKeyword.groovy:77)
	at com.kms.katalon.core.webui.keyword.builtin.VerifyTextNotPresentKeyword$_verifyTextNotPresent_closure1.call(VerifyTextNotPresentKeyword.groovy)
	at com.kms.katalon.core.webui.keyword.internal.WebUIKeywordMain.runKeyword(WebUIKeywordMain.groovy:20)
	at com.kms.katalon.core.webui.keyword.builtin.VerifyTextNotPresentKeyword.verifyTextNotPresent(VerifyTextNotPresentKeyword.groovy:82)
	at com.kms.katalon.core.webui.keyword.builtin.VerifyTextNotPresentKeyword.execute(VerifyTextNotPresentKeyword.groovy:68)
	at com.kms.katalon.core.keyword.internal.KeywordExecutor.executeKeywordForPlatform(KeywordExecutor.groovy:74)
	at com.kms.katalon.core.webui.keyword.WebUiBuiltInKeywords.verifyTextNotPresent(WebUiBuiltInKeywords.groovy:1795)
	at Выручка по ДЗО отображение данных все филиалы.Test(Выручка по ДЗО отображение данных все филиалы:772)
	at Выручка по ДЗО отображение данных все филиалы.Tumbler(Выручка по ДЗО отображение данных все филиалы:726)
	at Выручка по ДЗО отображение данных все филиалы.Change(Выручка по ДЗО отображение данных все филиалы:760)
	at Выручка по ДЗО отображение данных все филиалы.DzoTest(Выручка по ДЗО отображение данных все филиалы:382)
	at Выручка по ДЗО отображение данных все филиалы.run(Выручка по ДЗО отображение данных все филиалы:122)
	at com.kms.katalon.core.main.ScriptEngine.run(ScriptEngine.java:194)
	at com.kms.katalon.core.main.ScriptEngine.runScriptAsRawText(ScriptEngine.java:119)
	at com.kms.katalon.core.main.TestCaseExecutor.runScript(TestCaseExecutor.java:448)
	at com.kms.katalon.core.main.TestCaseExecutor.doExecute(TestCaseExecutor.java:439)
	at com.kms.katalon.core.main.TestCaseExecutor.processExecutionPhase(TestCaseExecutor.java:418)
	at com.kms.katalon.core.main.TestCaseExecutor.accessMainPhase(TestCaseExecutor.java:410)
	at com.kms.katalon.core.main.TestCaseExecutor.execute(TestCaseExecutor.java:285)
	at com.kms.katalon.core.common.CommonExecutor.accessTestCaseMainPhase(CommonExecutor.java:65)
	at com.kms.katalon.core.main.TestSuiteExecutor.accessTestSuiteMainPhase(TestSuiteExecutor.java:150)
	at com.kms.katalon.core.main.TestSuiteExecutor.execute(TestSuiteExecutor.java:106)
	at com.kms.katalon.core.main.TestCaseMain.startTestSuite(TestCaseMain.java:180)
	at TempTestSuite1741649958618.run(TempTestSuite1741649958618.groovy:35)
	at java.base/jdk.internal.reflect.NativeMethodAccessorImpl.invoke0(Native Method)
	at java.base/jdk.internal.reflect.NativeMethodAccessorImpl.invoke(NativeMethodAccessorImpl.java:77)
	at java.base/jdk.internal.reflect.DelegatingMethodAccessorImpl.invoke(DelegatingMethodAccessorImpl.java:43)
)

11-03-2025T03:17:24 - [TEST_STEP][PASSED] - else: null

11-03-2025T03:17:24 - [TEST_STEP][PASSED] - Script1687405711779.WriteToExcel(todaysDate): null

11-03-2025T03:17:24 - [TEST_STEP][PASSED] - sheetName = "Sheet1": null

11-03-2025T03:17:24 - [TEST_STEP][PASSED] - data = findTestData("PlanFact"): null

11-03-2025T03:17:24 - [TEST_STEP][PASSED] - n = data.getRowNumbers() + 1: null

11-03-2025T03:17:24 - [TEST_STEP][PASSED] - dZO = getText(findTestObject("Выручка по ДЗО/Фильтр ДЗО")): Text of object 'Object Repository/Выручка по ДЗО/Фильтр ДЗО' is: 'ПАО Россети - РаспредКомплекс - Россети Северо-Запад - Псковский филиал'

11-03-2025T03:17:24 - [MESSAGE][PASSED] - Text of object 'Object Repository/Выручка по ДЗО/Фильтр ДЗО' is: 'ПАО Россети - РаспредКомплекс - Россети Северо-Запад - Псковский филиал'

11-03-2025T03:17:24 - [TEST_STEP][PASSED] - period = getText(findTestObject("Выручка по ДЗО/Фильтр Дата")): Text of object 'Object Repository/Выручка по ДЗО/Фильтр Дата' is: 'Январь 2025 года'

11-03-2025T03:17:24 - [MESSAGE][PASSED] - Text of object 'Object Repository/Выручка по ДЗО/Фильтр Дата' is: 'Январь 2025 года'

11-03-2025T03:17:24 - [TEST_STEP][PASSED] - viruchka = getText(findTestObject("Выручка по ДЗО/Фильтр Выручка")): Text of object 'Object Repository/Выручка по ДЗО/Фильтр Выручка' is: 'внутренний оборот'

11-03-2025T03:17:25 - [MESSAGE][PASSED] - Text of object 'Object Repository/Выручка по ДЗО/Фильтр Выручка' is: 'внутренний оборот'

11-03-2025T03:17:25 - [TEST_STEP][PASSED] - if (viruchka == "Выбрано: 2"): null

11-03-2025T03:17:25 - [TEST_STEP][PASSED] - if (viruchka == "Все"): null

11-03-2025T03:17:25 - [TEST_STEP][PASSED] - println(period): null

11-03-2025T03:17:25 - [TEST_STEP][PASSED] - dashboardName = "Выручка по ДЗО": null

11-03-2025T03:17:25 - [TEST_STEP][PASSED] - workbook01 = getWorkbook(excelFilePath): null

11-03-2025T03:17:25 - [TEST_STEP][PASSED] - sheet01 = getExcelSheet(workbook01, sheetName): null

11-03-2025T03:17:25 - [TEST_STEP][PASSED] - setValueToCellByIndex(sheet01, n, 0, dashboardName): null

11-03-2025T03:17:25 - [TEST_STEP][PASSED] - setValueToCellByIndex(sheet01, n, 1, dZO): null

11-03-2025T03:17:25 - [TEST_STEP][PASSED] - setValueToCellByIndex(sheet01, n, 2, period): null

11-03-2025T03:17:25 - [TEST_STEP][PASSED] - setValueToCellByIndex(sheet01, n, 3, viruchka): null

11-03-2025T03:17:25 - [TEST_STEP][PASSED] - setValueToCellByIndex(sheet01, n, 4, todaysDate): null

11-03-2025T03:17:25 - [TEST_STEP][PASSED] - n = n + 1: null

11-03-2025T03:17:25 - [TEST_STEP][PASSED] - saveWorkbook(excelFilePath, workbook01): null

11-03-2025T03:17:25 - [TEST_STEP][PASSED] - click(findTestObject("Выручка по ДЗО/Фильтр Выручка")): Object: 'Object Repository/Выручка по ДЗО/Фильтр Выручка' is clicked on

11-03-2025T03:17:25 - [MESSAGE][PASSED] - Object: 'Object Repository/Выручка по ДЗО/Фильтр Выручка' is clicked on

11-03-2025T03:17:25 - [TEST_STEP][PASSED] - click(findTestObject("Выручка по ДЗО/По передаче в фильтре Выручка")): Object: 'Object Repository/Выручка по ДЗО/По передаче в фильтре Выручка' is clicked on

11-03-2025T03:17:26 - [MESSAGE][PASSED] - Object: 'Object Repository/Выручка по ДЗО/По передаче в фильтре Выручка' is clicked on

11-03-2025T03:17:26 - [TEST_STEP][PASSED] - click(findTestObject("Выручка по ДЗО/Применить в фильтре Выручка")): Object: 'Object Repository/Выручка по ДЗО/Применить в фильтре Выручка' is clicked on

11-03-2025T03:17:26 - [MESSAGE][PASSED] - Object: 'Object Repository/Выручка по ДЗО/Применить в фильтре Выручка' is clicked on

11-03-2025T03:17:26 - [TEST_STEP][PASSED] - Script1687405711779.Test(todaysDate): null

11-03-2025T03:17:26 - [TEST_STEP][PASSED] - delay(10): Delayed 10 second(s)

11-03-2025T03:17:37 - [MESSAGE][PASSED] - Delayed 10 second(s)

11-03-2025T03:17:37 - [TEST_STEP][PASSED] - if (verifyTextNotPresent("нет данных", false) == true): null

11-03-2025T03:17:37 - [MESSAGE][PASSED] - Text 'нет данных' is not present on page

11-03-2025T03:17:37 - [TEST_STEP][PASSED] - if (verifyTextNotPresent("Ошибка запроса данных", false) == true): null

11-03-2025T03:17:37 - [MESSAGE][PASSED] - Text 'Ошибка запроса данных' is not present on page

11-03-2025T03:17:37 - [TEST_STEP][PASSED] - if (verifyTextNotPresent("Произошла ошибка при выполнении пользовательского кода", false) == true): null

11-03-2025T03:17:38 - [MESSAGE][PASSED] - Text 'Произошла ошибка при выполнении пользовательского кода' is not present on page

11-03-2025T03:17:38 - [TEST_STEP][PASSED] - if (verifyTextNotPresent("У виджета нет данных", false) == true): null

11-03-2025T03:17:38 - [MESSAGE][PASSED] - Text 'У виджета нет данных' is not present on page

11-03-2025T03:17:38 - [TEST_STEP][PASSED] - if (verifyTextNotPresent("У виджета нет данных", false) == true): Text 'У виджета нет данных' is not present on page

11-03-2025T03:17:39 - [MESSAGE][PASSED] - Text 'У виджета нет данных' is not present on page

11-03-2025T03:17:39 - [TEST_STEP][PASSED] - click(findTestObject("Выручка по ДЗО/Фильтр Выручка")): Object: 'Object Repository/Выручка по ДЗО/Фильтр Выручка' is clicked on

11-03-2025T03:17:39 - [MESSAGE][PASSED] - Object: 'Object Repository/Выручка по ДЗО/Фильтр Выручка' is clicked on

11-03-2025T03:17:39 - [TEST_STEP][PASSED] - click(findTestObject("Выручка по ДЗО/Снять выделение в фильтре Выручка")): Object: 'Object Repository/Выручка по ДЗО/Снять выделение в фильтре Выручка' is clicked on

11-03-2025T03:17:40 - [MESSAGE][PASSED] - Object: 'Object Repository/Выручка по ДЗО/Снять выделение в фильтре Выручка' is clicked on

11-03-2025T03:17:40 - [TEST_STEP][PASSED] - click(findTestObject("Выручка по ДЗО/По передаче в фильтре Выручка")): Object: 'Object Repository/Выручка по ДЗО/По передаче в фильтре Выручка' is clicked on

11-03-2025T03:17:40 - [MESSAGE][PASSED] - Object: 'Object Repository/Выручка по ДЗО/По передаче в фильтре Выручка' is clicked on

11-03-2025T03:17:40 - [TEST_STEP][PASSED] - click(findTestObject("Выручка по ДЗО/Применить в фильтре Выручка")): Object: 'Object Repository/Выручка по ДЗО/Применить в фильтре Выручка' is clicked on

11-03-2025T03:17:41 - [MESSAGE][PASSED] - Object: 'Object Repository/Выручка по ДЗО/Применить в фильтре Выручка' is clicked on

11-03-2025T03:17:41 - [TEST_STEP][PASSED] - Script1687405711779.Test(todaysDate): null

11-03-2025T03:17:41 - [TEST_STEP][PASSED] - delay(10): Delayed 10 second(s)

11-03-2025T03:17:51 - [MESSAGE][PASSED] - Delayed 10 second(s)

11-03-2025T03:17:51 - [TEST_STEP][PASSED] - if (verifyTextNotPresent("нет данных", false) == true): null

11-03-2025T03:17:51 - [MESSAGE][PASSED] - Text 'нет данных' is not present on page

11-03-2025T03:17:51 - [TEST_STEP][PASSED] - if (verifyTextNotPresent("Ошибка запроса данных", false) == true): null

11-03-2025T03:17:52 - [MESSAGE][PASSED] - Text 'Ошибка запроса данных' is not present on page

11-03-2025T03:17:52 - [TEST_STEP][PASSED] - if (verifyTextNotPresent("Произошла ошибка при выполнении пользовательского кода", false) == true): null

11-03-2025T03:17:52 - [MESSAGE][PASSED] - Text 'Произошла ошибка при выполнении пользовательского кода' is not present on page

11-03-2025T03:17:52 - [TEST_STEP][PASSED] - if (verifyTextNotPresent("У виджета нет данных", false) == true): null

11-03-2025T03:17:53 - [MESSAGE][PASSED] - Text 'У виджета нет данных' is not present on page

11-03-2025T03:17:53 - [TEST_STEP][PASSED] - if (verifyTextNotPresent("У виджета нет данных", false) == true): Text 'У виджета нет данных' is not present on page

11-03-2025T03:17:53 - [MESSAGE][PASSED] - Text 'У виджета нет данных' is not present on page

11-03-2025T03:17:53 - [TEST_STEP][PASSED] - click(findTestObject("Выручка по ДЗО/Фильтр Выручка")): Object: 'Object Repository/Выручка по ДЗО/Фильтр Выручка' is clicked on

11-03-2025T03:17:53 - [MESSAGE][PASSED] - Object: 'Object Repository/Выручка по ДЗО/Фильтр Выручка' is clicked on

11-03-2025T03:17:53 - [TEST_STEP][PASSED] - click(findTestObject("Выручка по ДЗО/Снять выделение в фильтре Выручка")): Object: 'Object Repository/Выручка по ДЗО/Снять выделение в фильтре Выручка' is clicked on

11-03-2025T03:17:54 - [MESSAGE][PASSED] - Object: 'Object Repository/Выручка по ДЗО/Снять выделение в фильтре Выручка' is clicked on

11-03-2025T03:17:54 - [TEST_STEP][PASSED] - click(findTestObject("Выручка по ДЗО/Применить в фильтре Выручка")): Object: 'Object Repository/Выручка по ДЗО/Применить в фильтре Выручка' is clicked on

11-03-2025T03:17:54 - [MESSAGE][PASSED] - Object: 'Object Repository/Выручка по ДЗО/Применить в фильтре Выручка' is clicked on

11-03-2025T03:17:54 - [TEST_STEP][PASSED] - click(findTestObject("Выручка по ДЗО/Фильтр ДЗО")): Object: 'Object Repository/Выручка по ДЗО/Фильтр ДЗО' is clicked on

11-03-2025T03:17:56 - [MESSAGE][PASSED] - Object: 'Object Repository/Выручка по ДЗО/Фильтр ДЗО' is clicked on

11-03-2025T03:17:56 - [TEST_STEP][PASSED] - click(findTestObject("Выручка по ДЗО/Снять выделение в фильтре ДЗО")): Object: 'Object Repository/Выручка по ДЗО/Снять выделение в фильтре ДЗО' is clicked on

11-03-2025T03:17:56 - [MESSAGE][PASSED] - Object: 'Object Repository/Выручка по ДЗО/Снять выделение в фильтре ДЗО' is clicked on

11-03-2025T03:17:56 - [TEST_STEP][PASSED] - scrollToElement(findTestObject("Общие объекты/филиал в Республике Коми"), 30): Scroll to object 'Object Repository/Общие объекты/филиал в Республике Коми' successfully

11-03-2025T03:17:56 - [MESSAGE][PASSED] - Scroll to object 'Object Repository/Общие объекты/филиал в Республике Коми' successfully

11-03-2025T03:17:56 - [TEST_STEP][PASSED] - click(findTestObject("Общие объекты/филиал в Республике Коми"), CONTINUE_ON_FAILURE): Object: 'Object Repository/Общие объекты/филиал в Республике Коми' is clicked on

11-03-2025T03:17:57 - [MESSAGE][PASSED] - Object: 'Object Repository/Общие объекты/филиал в Республике Коми' is clicked on

11-03-2025T03:17:57 - [TEST_STEP][PASSED] - Script1687405711779.Change(todaysDate): null

11-03-2025T03:17:57 - [TEST_STEP][PASSED] - scrollToElement(findTestObject("Выручка по ДЗО/Заголовок дашборда"), 30): Scroll to object 'Object Repository/Выручка по ДЗО/Заголовок дашборда' successfully

11-03-2025T03:17:57 - [MESSAGE][PASSED] - Scroll to object 'Object Repository/Выручка по ДЗО/Заголовок дашборда' successfully

11-03-2025T03:17:57 - [TEST_STEP][PASSED] - click(findTestObject("Выручка по ДЗО/Применить в фильтре ДЗО")): Object: 'Object Repository/Выручка по ДЗО/Применить в фильтре ДЗО' is clicked on

11-03-2025T03:17:58 - [MESSAGE][PASSED] - Object: 'Object Repository/Выручка по ДЗО/Применить в фильтре ДЗО' is clicked on

11-03-2025T03:17:58 - [TEST_STEP][PASSED] - Script1687405711779.Tumbler(todaysDate): null

11-03-2025T03:17:58 - [TEST_STEP][PASSED] - Script1687405711779.Test(todaysDate): null

11-03-2025T03:17:58 - [TEST_STEP][PASSED] - delay(10): Delayed 10 second(s)

11-03-2025T03:18:08 - [MESSAGE][PASSED] - Delayed 10 second(s)

11-03-2025T03:18:08 - [TEST_STEP][PASSED] - if (verifyTextNotPresent("нет данных", false) == true): null

11-03-2025T03:18:08 - [MESSAGE][PASSED] - Text 'нет данных' is not present on page

11-03-2025T03:18:08 - [TEST_STEP][PASSED] - if (verifyTextNotPresent("Ошибка запроса данных", false) == true): null

11-03-2025T03:18:09 - [MESSAGE][PASSED] - Text 'Ошибка запроса данных' is not present on page

11-03-2025T03:18:09 - [TEST_STEP][PASSED] - if (verifyTextNotPresent("Произошла ошибка при выполнении пользовательского кода", false) == true): null

11-03-2025T03:18:09 - [MESSAGE][PASSED] - Text 'Произошла ошибка при выполнении пользовательского кода' is not present on page

11-03-2025T03:18:09 - [TEST_STEP][PASSED] - if (verifyTextNotPresent("У виджета нет данных", false) == true): null

11-03-2025T03:18:10 - [MESSAGE][PASSED] - Text 'У виджета нет данных' is not present on page

11-03-2025T03:18:10 - [TEST_STEP][PASSED] - if (verifyTextNotPresent("У виджета нет данных", false) == true): Text 'У виджета нет данных' is not present on page

11-03-2025T03:18:10 - [MESSAGE][PASSED] - Text 'У виджета нет данных' is not present on page

11-03-2025T03:18:10 - [TEST_STEP][PASSED] - click(findTestObject("Выручка по ДЗО/Фильтр Выручка")): Object: 'Object Repository/Выручка по ДЗО/Фильтр Выручка' is clicked on

11-03-2025T03:18:10 - [MESSAGE][PASSED] - Object: 'Object Repository/Выручка по ДЗО/Фильтр Выручка' is clicked on

11-03-2025T03:18:10 - [TEST_STEP][PASSED] - click(findTestObject("Выручка по ДЗО/Внутренний оборот в фильтре Выручка")): Object: 'Object Repository/Выручка по ДЗО/Внутренний оборот в фильтре Выручка' is clicked on

11-03-2025T03:18:11 - [MESSAGE][PASSED] - Object: 'Object Repository/Выручка по ДЗО/Внутренний оборот в фильтре Выручка' is clicked on

11-03-2025T03:18:11 - [TEST_STEP][PASSED] - click(findTestObject("Выручка по ДЗО/Применить в фильтре Выручка")): Object: 'Object Repository/Выручка по ДЗО/Применить в фильтре Выручка' is clicked on

11-03-2025T03:18:12 - [MESSAGE][PASSED] - Object: 'Object Repository/Выручка по ДЗО/Применить в фильтре Выручка' is clicked on

11-03-2025T03:18:12 - [TEST_STEP][PASSED] - Script1687405711779.Test(todaysDate): null

11-03-2025T03:18:12 - [TEST_STEP][PASSED] - delay(10): Delayed 10 second(s)

11-03-2025T03:18:22 - [MESSAGE][PASSED] - Delayed 10 second(s)

11-03-2025T03:18:22 - [TEST_STEP][FAILED] - if (verifyTextNotPresent("нет данных", false) == true): Text 'нет данных' is present on page  (Root cause: com.kms.katalon.core.exception.StepFailedException: Text 'нет данных' is present on page 
	at com.kms.katalon.core.webui.keyword.internal.WebUIKeywordMain.stepFailed(WebUIKeywordMain.groovy:64)
	at com.kms.katalon.core.webui.keyword.builtin.VerifyTextNotPresentKeyword$_verifyTextNotPresent_closure1.doCall(VerifyTextNotPresentKeyword.groovy:77)
	at com.kms.katalon.core.webui.keyword.builtin.VerifyTextNotPresentKeyword$_verifyTextNotPresent_closure1.call(VerifyTextNotPresentKeyword.groovy)
	at com.kms.katalon.core.webui.keyword.internal.WebUIKeywordMain.runKeyword(WebUIKeywordMain.groovy:20)
	at com.kms.katalon.core.webui.keyword.builtin.VerifyTextNotPresentKeyword.verifyTextNotPresent(VerifyTextNotPresentKeyword.groovy:82)
	at com.kms.katalon.core.webui.keyword.builtin.VerifyTextNotPresentKeyword.execute(VerifyTextNotPresentKeyword.groovy:68)
	at com.kms.katalon.core.keyword.internal.KeywordExecutor.executeKeywordForPlatform(KeywordExecutor.groovy:74)
	at com.kms.katalon.core.webui.keyword.WebUiBuiltInKeywords.verifyTextNotPresent(WebUiBuiltInKeywords.groovy:1795)
	at Выручка по ДЗО отображение данных все филиалы.Test(Выручка по ДЗО отображение данных все филиалы:772)
	at Выручка по ДЗО отображение данных все филиалы.Tumbler(Выручка по ДЗО отображение данных все филиалы:726)
	at Выручка по ДЗО отображение данных все филиалы.Change(Выручка по ДЗО отображение данных все филиалы:760)
	at Выручка по ДЗО отображение данных все филиалы.DzoTest(Выручка по ДЗО отображение данных все филиалы:388)
	at Выручка по ДЗО отображение данных все филиалы.run(Выручка по ДЗО отображение данных все филиалы:122)
	at com.kms.katalon.core.main.ScriptEngine.run(ScriptEngine.java:194)
	at com.kms.katalon.core.main.ScriptEngine.runScriptAsRawText(ScriptEngine.java:119)
	at com.kms.katalon.core.main.TestCaseExecutor.runScript(TestCaseExecutor.java:448)
	at com.kms.katalon.core.main.TestCaseExecutor.doExecute(TestCaseExecutor.java:439)
	at com.kms.katalon.core.main.TestCaseExecutor.processExecutionPhase(TestCaseExecutor.java:418)
	at com.kms.katalon.core.main.TestCaseExecutor.accessMainPhase(TestCaseExecutor.java:410)
	at com.kms.katalon.core.main.TestCaseExecutor.execute(TestCaseExecutor.java:285)
	at com.kms.katalon.core.common.CommonExecutor.accessTestCaseMainPhase(CommonExecutor.java:65)
	at com.kms.katalon.core.main.TestSuiteExecutor.accessTestSuiteMainPhase(TestSuiteExecutor.java:150)
	at com.kms.katalon.core.main.TestSuiteExecutor.execute(TestSuiteExecutor.java:106)
	at com.kms.katalon.core.main.TestCaseMain.startTestSuite(TestCaseMain.java:180)
	at TempTestSuite1741649958618.run(TempTestSuite1741649958618.groovy:35)
	at java.base/jdk.internal.reflect.NativeMethodAccessorImpl.invoke0(Native Method)
	at java.base/jdk.internal.reflect.NativeMethodAccessorImpl.invoke(NativeMethodAccessorImpl.java:77)
	at java.base/jdk.internal.reflect.DelegatingMethodAccessorImpl.invoke(DelegatingMethodAccessorImpl.java:43)
)

11-03-2025T03:18:22 - [MESSAGE][FAILED] - Text 'нет данных' is present on page  (Root cause: com.kms.katalon.core.exception.StepFailedException: Text 'нет данных' is present on page 
	at com.kms.katalon.core.webui.keyword.internal.WebUIKeywordMain.stepFailed(WebUIKeywordMain.groovy:64)
	at com.kms.katalon.core.webui.keyword.builtin.VerifyTextNotPresentKeyword$_verifyTextNotPresent_closure1.doCall(VerifyTextNotPresentKeyword.groovy:77)
	at com.kms.katalon.core.webui.keyword.builtin.VerifyTextNotPresentKeyword$_verifyTextNotPresent_closure1.call(VerifyTextNotPresentKeyword.groovy)
	at com.kms.katalon.core.webui.keyword.internal.WebUIKeywordMain.runKeyword(WebUIKeywordMain.groovy:20)
	at com.kms.katalon.core.webui.keyword.builtin.VerifyTextNotPresentKeyword.verifyTextNotPresent(VerifyTextNotPresentKeyword.groovy:82)
	at com.kms.katalon.core.webui.keyword.builtin.VerifyTextNotPresentKeyword.execute(VerifyTextNotPresentKeyword.groovy:68)
	at com.kms.katalon.core.keyword.internal.KeywordExecutor.executeKeywordForPlatform(KeywordExecutor.groovy:74)
	at com.kms.katalon.core.webui.keyword.WebUiBuiltInKeywords.verifyTextNotPresent(WebUiBuiltInKeywords.groovy:1795)
	at Выручка по ДЗО отображение данных все филиалы.Test(Выручка по ДЗО отображение данных все филиалы:772)
	at Выручка по ДЗО отображение данных все филиалы.Tumbler(Выручка по ДЗО отображение данных все филиалы:726)
	at Выручка по ДЗО отображение данных все филиалы.Change(Выручка по ДЗО отображение данных все филиалы:760)
	at Выручка по ДЗО отображение данных все филиалы.DzoTest(Выручка по ДЗО отображение данных все филиалы:388)
	at Выручка по ДЗО отображение данных все филиалы.run(Выручка по ДЗО отображение данных все филиалы:122)
	at com.kms.katalon.core.main.ScriptEngine.run(ScriptEngine.java:194)
	at com.kms.katalon.core.main.ScriptEngine.runScriptAsRawText(ScriptEngine.java:119)
	at com.kms.katalon.core.main.TestCaseExecutor.runScript(TestCaseExecutor.java:448)
	at com.kms.katalon.core.main.TestCaseExecutor.doExecute(TestCaseExecutor.java:439)
	at com.kms.katalon.core.main.TestCaseExecutor.processExecutionPhase(TestCaseExecutor.java:418)
	at com.kms.katalon.core.main.TestCaseExecutor.accessMainPhase(TestCaseExecutor.java:410)
	at com.kms.katalon.core.main.TestCaseExecutor.execute(TestCaseExecutor.java:285)
	at com.kms.katalon.core.common.CommonExecutor.accessTestCaseMainPhase(CommonExecutor.java:65)
	at com.kms.katalon.core.main.TestSuiteExecutor.accessTestSuiteMainPhase(TestSuiteExecutor.java:150)
	at com.kms.katalon.core.main.TestSuiteExecutor.execute(TestSuiteExecutor.java:106)
	at com.kms.katalon.core.main.TestCaseMain.startTestSuite(TestCaseMain.java:180)
	at TempTestSuite1741649958618.run(TempTestSuite1741649958618.groovy:35)
	at java.base/jdk.internal.reflect.NativeMethodAccessorImpl.invoke0(Native Method)
	at java.base/jdk.internal.reflect.NativeMethodAccessorImpl.invoke(NativeMethodAccessorImpl.java:77)
	at java.base/jdk.internal.reflect.DelegatingMethodAccessorImpl.invoke(DelegatingMethodAccessorImpl.java:43)
)

11-03-2025T03:18:22 - [TEST_STEP][PASSED] - else: null

11-03-2025T03:18:22 - [TEST_STEP][PASSED] - Script1687405711779.WriteToExcel(todaysDate): null

11-03-2025T03:18:22 - [TEST_STEP][PASSED] - sheetName = "Sheet1": null

11-03-2025T03:18:22 - [TEST_STEP][PASSED] - data = findTestData("PlanFact"): null

11-03-2025T03:18:22 - [TEST_STEP][PASSED] - n = data.getRowNumbers() + 1: null

11-03-2025T03:18:22 - [TEST_STEP][PASSED] - dZO = getText(findTestObject("Выручка по ДЗО/Фильтр ДЗО")): Text of object 'Object Repository/Выручка по ДЗО/Фильтр ДЗО' is: 'ПАО Россети - РаспредКомплекс - Россети Северо-Запад - филиал в Республике Коми'

11-03-2025T03:18:22 - [MESSAGE][PASSED] - Text of object 'Object Repository/Выручка по ДЗО/Фильтр ДЗО' is: 'ПАО Россети - РаспредКомплекс - Россети Северо-Запад - филиал в Республике Коми'

11-03-2025T03:18:22 - [TEST_STEP][PASSED] - period = getText(findTestObject("Выручка по ДЗО/Фильтр Дата")): Text of object 'Object Repository/Выручка по ДЗО/Фильтр Дата' is: 'Январь 2025 года'

11-03-2025T03:18:23 - [MESSAGE][PASSED] - Text of object 'Object Repository/Выручка по ДЗО/Фильтр Дата' is: 'Январь 2025 года'

11-03-2025T03:18:23 - [TEST_STEP][PASSED] - viruchka = getText(findTestObject("Выручка по ДЗО/Фильтр Выручка")): Text of object 'Object Repository/Выручка по ДЗО/Фильтр Выручка' is: 'внутренний оборот'

11-03-2025T03:18:23 - [MESSAGE][PASSED] - Text of object 'Object Repository/Выручка по ДЗО/Фильтр Выручка' is: 'внутренний оборот'

11-03-2025T03:18:23 - [TEST_STEP][PASSED] - if (viruchka == "Выбрано: 2"): null

11-03-2025T03:18:23 - [TEST_STEP][PASSED] - if (viruchka == "Все"): null

11-03-2025T03:18:23 - [TEST_STEP][PASSED] - println(period): null

11-03-2025T03:18:23 - [TEST_STEP][PASSED] - dashboardName = "Выручка по ДЗО": null

11-03-2025T03:18:23 - [TEST_STEP][PASSED] - workbook01 = getWorkbook(excelFilePath): null

11-03-2025T03:18:23 - [TEST_STEP][PASSED] - sheet01 = getExcelSheet(workbook01, sheetName): null

11-03-2025T03:18:23 - [TEST_STEP][PASSED] - setValueToCellByIndex(sheet01, n, 0, dashboardName): null

11-03-2025T03:18:23 - [TEST_STEP][PASSED] - setValueToCellByIndex(sheet01, n, 1, dZO): null

11-03-2025T03:18:23 - [TEST_STEP][PASSED] - setValueToCellByIndex(sheet01, n, 2, period): null

11-03-2025T03:18:23 - [TEST_STEP][PASSED] - setValueToCellByIndex(sheet01, n, 3, viruchka): null

11-03-2025T03:18:23 - [TEST_STEP][PASSED] - setValueToCellByIndex(sheet01, n, 4, todaysDate): null

11-03-2025T03:18:23 - [TEST_STEP][PASSED] - n = n + 1: null

11-03-2025T03:18:23 - [TEST_STEP][PASSED] - saveWorkbook(excelFilePath, workbook01): null

11-03-2025T03:18:23 - [TEST_STEP][PASSED] - click(findTestObject("Выручка по ДЗО/Фильтр Выручка")): Object: 'Object Repository/Выручка по ДЗО/Фильтр Выручка' is clicked on

11-03-2025T03:18:24 - [MESSAGE][PASSED] - Object: 'Object Repository/Выручка по ДЗО/Фильтр Выручка' is clicked on

11-03-2025T03:18:24 - [TEST_STEP][PASSED] - click(findTestObject("Выручка по ДЗО/По передаче в фильтре Выручка")): Object: 'Object Repository/Выручка по ДЗО/По передаче в фильтре Выручка' is clicked on

11-03-2025T03:18:24 - [MESSAGE][PASSED] - Object: 'Object Repository/Выручка по ДЗО/По передаче в фильтре Выручка' is clicked on

11-03-2025T03:18:24 - [TEST_STEP][PASSED] - click(findTestObject("Выручка по ДЗО/Применить в фильтре Выручка")): Object: 'Object Repository/Выручка по ДЗО/Применить в фильтре Выручка' is clicked on

11-03-2025T03:18:25 - [MESSAGE][PASSED] - Object: 'Object Repository/Выручка по ДЗО/Применить в фильтре Выручка' is clicked on

11-03-2025T03:18:25 - [TEST_STEP][PASSED] - Script1687405711779.Test(todaysDate): null

11-03-2025T03:18:25 - [TEST_STEP][PASSED] - delay(10): Delayed 10 second(s)

11-03-2025T03:18:35 - [MESSAGE][PASSED] - Delayed 10 second(s)

11-03-2025T03:18:35 - [TEST_STEP][PASSED] - if (verifyTextNotPresent("нет данных", false) == true): null

11-03-2025T03:18:35 - [MESSAGE][PASSED] - Text 'нет данных' is not present on page

11-03-2025T03:18:35 - [TEST_STEP][PASSED] - if (verifyTextNotPresent("Ошибка запроса данных", false) == true): null

11-03-2025T03:18:36 - [MESSAGE][PASSED] - Text 'Ошибка запроса данных' is not present on page

11-03-2025T03:18:36 - [TEST_STEP][PASSED] - if (verifyTextNotPresent("Произошла ошибка при выполнении пользовательского кода", false) == true): null

11-03-2025T03:18:36 - [MESSAGE][PASSED] - Text 'Произошла ошибка при выполнении пользовательского кода' is not present on page

11-03-2025T03:18:36 - [TEST_STEP][PASSED] - if (verifyTextNotPresent("У виджета нет данных", false) == true): null

11-03-2025T03:18:37 - [MESSAGE][PASSED] - Text 'У виджета нет данных' is not present on page

11-03-2025T03:18:37 - [TEST_STEP][PASSED] - if (verifyTextNotPresent("У виджета нет данных", false) == true): Text 'У виджета нет данных' is not present on page

11-03-2025T03:18:37 - [MESSAGE][PASSED] - Text 'У виджета нет данных' is not present on page

11-03-2025T03:18:37 - [TEST_STEP][PASSED] - click(findTestObject("Выручка по ДЗО/Фильтр Выручка")): Object: 'Object Repository/Выручка по ДЗО/Фильтр Выручка' is clicked on

11-03-2025T03:18:37 - [MESSAGE][PASSED] - Object: 'Object Repository/Выручка по ДЗО/Фильтр Выручка' is clicked on

11-03-2025T03:18:37 - [TEST_STEP][PASSED] - click(findTestObject("Выручка по ДЗО/Снять выделение в фильтре Выручка")): Object: 'Object Repository/Выручка по ДЗО/Снять выделение в фильтре Выручка' is clicked on

11-03-2025T03:18:38 - [MESSAGE][PASSED] - Object: 'Object Repository/Выручка по ДЗО/Снять выделение в фильтре Выручка' is clicked on

11-03-2025T03:18:38 - [TEST_STEP][PASSED] - click(findTestObject("Выручка по ДЗО/По передаче в фильтре Выручка")): Object: 'Object Repository/Выручка по ДЗО/По передаче в фильтре Выручка' is clicked on

11-03-2025T03:18:38 - [MESSAGE][PASSED] - Object: 'Object Repository/Выручка по ДЗО/По передаче в фильтре Выручка' is clicked on

11-03-2025T03:18:38 - [TEST_STEP][PASSED] - click(findTestObject("Выручка по ДЗО/Применить в фильтре Выручка")): Object: 'Object Repository/Выручка по ДЗО/Применить в фильтре Выручка' is clicked on

11-03-2025T03:18:39 - [MESSAGE][PASSED] - Object: 'Object Repository/Выручка по ДЗО/Применить в фильтре Выручка' is clicked on

11-03-2025T03:18:39 - [TEST_STEP][PASSED] - Script1687405711779.Test(todaysDate): null

11-03-2025T03:18:39 - [TEST_STEP][PASSED] - delay(10): Delayed 10 second(s)

11-03-2025T03:18:49 - [MESSAGE][PASSED] - Delayed 10 second(s)

11-03-2025T03:18:49 - [TEST_STEP][PASSED] - if (verifyTextNotPresent("нет данных", false) == true): null

11-03-2025T03:18:49 - [MESSAGE][PASSED] - Text 'нет данных' is not present on page

11-03-2025T03:18:49 - [TEST_STEP][PASSED] - if (verifyTextNotPresent("Ошибка запроса данных", false) == true): null

11-03-2025T03:18:50 - [MESSAGE][PASSED] - Text 'Ошибка запроса данных' is not present on page

11-03-2025T03:18:50 - [TEST_STEP][PASSED] - if (verifyTextNotPresent("Произошла ошибка при выполнении пользовательского кода", false) == true): null

11-03-2025T03:18:50 - [MESSAGE][PASSED] - Text 'Произошла ошибка при выполнении пользовательского кода' is not present on page

11-03-2025T03:18:50 - [TEST_STEP][PASSED] - if (verifyTextNotPresent("У виджета нет данных", false) == true): null

11-03-2025T03:18:51 - [MESSAGE][PASSED] - Text 'У виджета нет данных' is not present on page

11-03-2025T03:18:51 - [TEST_STEP][PASSED] - if (verifyTextNotPresent("У виджета нет данных", false) == true): Text 'У виджета нет данных' is not present on page

11-03-2025T03:18:51 - [MESSAGE][PASSED] - Text 'У виджета нет данных' is not present on page

11-03-2025T03:18:51 - [TEST_STEP][PASSED] - click(findTestObject("Выручка по ДЗО/Фильтр Выручка")): Object: 'Object Repository/Выручка по ДЗО/Фильтр Выручка' is clicked on

11-03-2025T03:18:52 - [MESSAGE][PASSED] - Object: 'Object Repository/Выручка по ДЗО/Фильтр Выручка' is clicked on

11-03-2025T03:18:52 - [TEST_STEP][PASSED] - click(findTestObject("Выручка по ДЗО/Снять выделение в фильтре Выручка")): Object: 'Object Repository/Выручка по ДЗО/Снять выделение в фильтре Выручка' is clicked on

11-03-2025T03:18:52 - [MESSAGE][PASSED] - Object: 'Object Repository/Выручка по ДЗО/Снять выделение в фильтре Выручка' is clicked on

11-03-2025T03:18:52 - [TEST_STEP][PASSED] - click(findTestObject("Выручка по ДЗО/Применить в фильтре Выручка")): Object: 'Object Repository/Выручка по ДЗО/Применить в фильтре Выручка' is clicked on

11-03-2025T03:18:53 - [MESSAGE][PASSED] - Object: 'Object Repository/Выручка по ДЗО/Применить в фильтре Выручка' is clicked on

11-03-2025T03:18:53 - [TEST_STEP][PASSED] - click(findTestObject("Выручка по ДЗО/Фильтр ДЗО")): Object: 'Object Repository/Выручка по ДЗО/Фильтр ДЗО' is clicked on

11-03-2025T03:18:54 - [MESSAGE][PASSED] - Object: 'Object Repository/Выручка по ДЗО/Фильтр ДЗО' is clicked on

11-03-2025T03:18:54 - [TEST_STEP][PASSED] - click(findTestObject("Выручка по ДЗО/Снять выделение в фильтре ДЗО")): Object: 'Object Repository/Выручка по ДЗО/Снять выделение в фильтре ДЗО' is clicked on

11-03-2025T03:18:54 - [MESSAGE][PASSED] - Object: 'Object Repository/Выручка по ДЗО/Снять выделение в фильтре ДЗО' is clicked on

11-03-2025T03:18:54 - [TEST_STEP][PASSED] - scrollToElement(findTestObject("Выручка по ДЗО/Россети Сибирь Выручка по ДЗО"), 30): Scroll to object 'Object Repository/Выручка по ДЗО/Россети Сибирь Выручка по ДЗО' successfully

11-03-2025T03:18:55 - [MESSAGE][PASSED] - Scroll to object 'Object Repository/Выручка по ДЗО/Россети Сибирь Выручка по ДЗО' successfully

11-03-2025T03:18:55 - [TEST_STEP][PASSED] - click(findTestObject("Выручка по ДЗО/Россети Сибирь Выручка по ДЗО")): Object: 'Object Repository/Выручка по ДЗО/Россети Сибирь Выручка по ДЗО' is clicked on

11-03-2025T03:18:55 - [MESSAGE][PASSED] - Object: 'Object Repository/Выручка по ДЗО/Россети Сибирь Выручка по ДЗО' is clicked on

11-03-2025T03:18:55 - [TEST_STEP][PASSED] - Script1687405711779.Change(todaysDate): null

11-03-2025T03:18:55 - [TEST_STEP][PASSED] - scrollToElement(findTestObject("Выручка по ДЗО/Заголовок дашборда"), 30): Scroll to object 'Object Repository/Выручка по ДЗО/Заголовок дашборда' successfully

11-03-2025T03:18:55 - [MESSAGE][PASSED] - Scroll to object 'Object Repository/Выручка по ДЗО/Заголовок дашборда' successfully

11-03-2025T03:18:55 - [TEST_STEP][PASSED] - click(findTestObject("Выручка по ДЗО/Применить в фильтре ДЗО")): Object: 'Object Repository/Выручка по ДЗО/Применить в фильтре ДЗО' is clicked on

11-03-2025T03:18:56 - [MESSAGE][PASSED] - Object: 'Object Repository/Выручка по ДЗО/Применить в фильтре ДЗО' is clicked on

11-03-2025T03:18:56 - [TEST_STEP][PASSED] - Script1687405711779.Tumbler(todaysDate): null

11-03-2025T03:18:56 - [TEST_STEP][PASSED] - Script1687405711779.Test(todaysDate): null

11-03-2025T03:18:56 - [TEST_STEP][PASSED] - delay(10): Delayed 10 second(s)

11-03-2025T03:19:06 - [MESSAGE][PASSED] - Delayed 10 second(s)

11-03-2025T03:19:06 - [TEST_STEP][PASSED] - if (verifyTextNotPresent("нет данных", false) == true): null

11-03-2025T03:19:06 - [MESSAGE][PASSED] - Text 'нет данных' is not present on page

11-03-2025T03:19:06 - [TEST_STEP][PASSED] - if (verifyTextNotPresent("Ошибка запроса данных", false) == true): null

11-03-2025T03:19:07 - [MESSAGE][PASSED] - Text 'Ошибка запроса данных' is not present on page

11-03-2025T03:19:07 - [TEST_STEP][PASSED] - if (verifyTextNotPresent("Произошла ошибка при выполнении пользовательского кода", false) == true): null

11-03-2025T03:19:07 - [MESSAGE][PASSED] - Text 'Произошла ошибка при выполнении пользовательского кода' is not present on page

11-03-2025T03:19:07 - [TEST_STEP][PASSED] - if (verifyTextNotPresent("У виджета нет данных", false) == true): null

11-03-2025T03:19:08 - [MESSAGE][PASSED] - Text 'У виджета нет данных' is not present on page

11-03-2025T03:19:08 - [TEST_STEP][PASSED] - if (verifyTextNotPresent("У виджета нет данных", false) == true): Text 'У виджета нет данных' is not present on page

11-03-2025T03:19:08 - [MESSAGE][PASSED] - Text 'У виджета нет данных' is not present on page

11-03-2025T03:19:08 - [TEST_STEP][PASSED] - click(findTestObject("Выручка по ДЗО/Фильтр Выручка")): Object: 'Object Repository/Выручка по ДЗО/Фильтр Выручка' is clicked on

11-03-2025T03:19:09 - [MESSAGE][PASSED] - Object: 'Object Repository/Выручка по ДЗО/Фильтр Выручка' is clicked on

11-03-2025T03:19:09 - [TEST_STEP][PASSED] - click(findTestObject("Выручка по ДЗО/Внутренний оборот в фильтре Выручка")): Object: 'Object Repository/Выручка по ДЗО/Внутренний оборот в фильтре Выручка' is clicked on

11-03-2025T03:19:09 - [MESSAGE][PASSED] - Object: 'Object Repository/Выручка по ДЗО/Внутренний оборот в фильтре Выручка' is clicked on

11-03-2025T03:19:09 - [TEST_STEP][PASSED] - click(findTestObject("Выручка по ДЗО/Применить в фильтре Выручка")): Object: 'Object Repository/Выручка по ДЗО/Применить в фильтре Выручка' is clicked on

11-03-2025T03:19:10 - [MESSAGE][PASSED] - Object: 'Object Repository/Выручка по ДЗО/Применить в фильтре Выручка' is clicked on

11-03-2025T03:19:10 - [TEST_STEP][PASSED] - Script1687405711779.Test(todaysDate): null

11-03-2025T03:19:10 - [TEST_STEP][PASSED] - delay(10): Delayed 10 second(s)

11-03-2025T03:19:20 - [MESSAGE][PASSED] - Delayed 10 second(s)

11-03-2025T03:19:20 - [TEST_STEP][FAILED] - if (verifyTextNotPresent("нет данных", false) == true): Text 'нет данных' is present on page  (Root cause: com.kms.katalon.core.exception.StepFailedException: Text 'нет данных' is present on page 
	at com.kms.katalon.core.webui.keyword.internal.WebUIKeywordMain.stepFailed(WebUIKeywordMain.groovy:64)
	at com.kms.katalon.core.webui.keyword.builtin.VerifyTextNotPresentKeyword$_verifyTextNotPresent_closure1.doCall(VerifyTextNotPresentKeyword.groovy:77)
	at com.kms.katalon.core.webui.keyword.builtin.VerifyTextNotPresentKeyword$_verifyTextNotPresent_closure1.call(VerifyTextNotPresentKeyword.groovy)
	at com.kms.katalon.core.webui.keyword.internal.WebUIKeywordMain.runKeyword(WebUIKeywordMain.groovy:20)
	at com.kms.katalon.core.webui.keyword.builtin.VerifyTextNotPresentKeyword.verifyTextNotPresent(VerifyTextNotPresentKeyword.groovy:82)
	at com.kms.katalon.core.webui.keyword.builtin.VerifyTextNotPresentKeyword.execute(VerifyTextNotPresentKeyword.groovy:68)
	at com.kms.katalon.core.keyword.internal.KeywordExecutor.executeKeywordForPlatform(KeywordExecutor.groovy:74)
	at com.kms.katalon.core.webui.keyword.WebUiBuiltInKeywords.verifyTextNotPresent(WebUiBuiltInKeywords.groovy:1795)
	at Выручка по ДЗО отображение данных все филиалы.Test(Выручка по ДЗО отображение данных все филиалы:772)
	at Выручка по ДЗО отображение данных все филиалы.Tumbler(Выручка по ДЗО отображение данных все филиалы:726)
	at Выручка по ДЗО отображение данных все филиалы.Change(Выручка по ДЗО отображение данных все филиалы:760)
	at Выручка по ДЗО отображение данных все филиалы.DzoTest(Выручка по ДЗО отображение данных все филиалы:394)
	at Выручка по ДЗО отображение данных все филиалы.run(Выручка по ДЗО отображение данных все филиалы:122)
	at com.kms.katalon.core.main.ScriptEngine.run(ScriptEngine.java:194)
	at com.kms.katalon.core.main.ScriptEngine.runScriptAsRawText(ScriptEngine.java:119)
	at com.kms.katalon.core.main.TestCaseExecutor.runScript(TestCaseExecutor.java:448)
	at com.kms.katalon.core.main.TestCaseExecutor.doExecute(TestCaseExecutor.java:439)
	at com.kms.katalon.core.main.TestCaseExecutor.processExecutionPhase(TestCaseExecutor.java:418)
	at com.kms.katalon.core.main.TestCaseExecutor.accessMainPhase(TestCaseExecutor.java:410)
	at com.kms.katalon.core.main.TestCaseExecutor.execute(TestCaseExecutor.java:285)
	at com.kms.katalon.core.common.CommonExecutor.accessTestCaseMainPhase(CommonExecutor.java:65)
	at com.kms.katalon.core.main.TestSuiteExecutor.accessTestSuiteMainPhase(TestSuiteExecutor.java:150)
	at com.kms.katalon.core.main.TestSuiteExecutor.execute(TestSuiteExecutor.java:106)
	at com.kms.katalon.core.main.TestCaseMain.startTestSuite(TestCaseMain.java:180)
	at TempTestSuite1741649958618.run(TempTestSuite1741649958618.groovy:35)
	at java.base/jdk.internal.reflect.NativeMethodAccessorImpl.invoke0(Native Method)
	at java.base/jdk.internal.reflect.NativeMethodAccessorImpl.invoke(NativeMethodAccessorImpl.java:77)
	at java.base/jdk.internal.reflect.DelegatingMethodAccessorImpl.invoke(DelegatingMethodAccessorImpl.java:43)
)

11-03-2025T03:19:20 - [MESSAGE][FAILED] - Text 'нет данных' is present on page  (Root cause: com.kms.katalon.core.exception.StepFailedException: Text 'нет данных' is present on page 
	at com.kms.katalon.core.webui.keyword.internal.WebUIKeywordMain.stepFailed(WebUIKeywordMain.groovy:64)
	at com.kms.katalon.core.webui.keyword.builtin.VerifyTextNotPresentKeyword$_verifyTextNotPresent_closure1.doCall(VerifyTextNotPresentKeyword.groovy:77)
	at com.kms.katalon.core.webui.keyword.builtin.VerifyTextNotPresentKeyword$_verifyTextNotPresent_closure1.call(VerifyTextNotPresentKeyword.groovy)
	at com.kms.katalon.core.webui.keyword.internal.WebUIKeywordMain.runKeyword(WebUIKeywordMain.groovy:20)
	at com.kms.katalon.core.webui.keyword.builtin.VerifyTextNotPresentKeyword.verifyTextNotPresent(VerifyTextNotPresentKeyword.groovy:82)
	at com.kms.katalon.core.webui.keyword.builtin.VerifyTextNotPresentKeyword.execute(VerifyTextNotPresentKeyword.groovy:68)
	at com.kms.katalon.core.keyword.internal.KeywordExecutor.executeKeywordForPlatform(KeywordExecutor.groovy:74)
	at com.kms.katalon.core.webui.keyword.WebUiBuiltInKeywords.verifyTextNotPresent(WebUiBuiltInKeywords.groovy:1795)
	at Выручка по ДЗО отображение данных все филиалы.Test(Выручка по ДЗО отображение данных все филиалы:772)
	at Выручка по ДЗО отображение данных все филиалы.Tumbler(Выручка по ДЗО отображение данных все филиалы:726)
	at Выручка по ДЗО отображение данных все филиалы.Change(Выручка по ДЗО отображение данных все филиалы:760)
	at Выручка по ДЗО отображение данных все филиалы.DzoTest(Выручка по ДЗО отображение данных все филиалы:394)
	at Выручка по ДЗО отображение данных все филиалы.run(Выручка по ДЗО отображение данных все филиалы:122)
	at com.kms.katalon.core.main.ScriptEngine.run(ScriptEngine.java:194)
	at com.kms.katalon.core.main.ScriptEngine.runScriptAsRawText(ScriptEngine.java:119)
	at com.kms.katalon.core.main.TestCaseExecutor.runScript(TestCaseExecutor.java:448)
	at com.kms.katalon.core.main.TestCaseExecutor.doExecute(TestCaseExecutor.java:439)
	at com.kms.katalon.core.main.TestCaseExecutor.processExecutionPhase(TestCaseExecutor.java:418)
	at com.kms.katalon.core.main.TestCaseExecutor.accessMainPhase(TestCaseExecutor.java:410)
	at com.kms.katalon.core.main.TestCaseExecutor.execute(TestCaseExecutor.java:285)
	at com.kms.katalon.core.common.CommonExecutor.accessTestCaseMainPhase(CommonExecutor.java:65)
	at com.kms.katalon.core.main.TestSuiteExecutor.accessTestSuiteMainPhase(TestSuiteExecutor.java:150)
	at com.kms.katalon.core.main.TestSuiteExecutor.execute(TestSuiteExecutor.java:106)
	at com.kms.katalon.core.main.TestCaseMain.startTestSuite(TestCaseMain.java:180)
	at TempTestSuite1741649958618.run(TempTestSuite1741649958618.groovy:35)
	at java.base/jdk.internal.reflect.NativeMethodAccessorImpl.invoke0(Native Method)
	at java.base/jdk.internal.reflect.NativeMethodAccessorImpl.invoke(NativeMethodAccessorImpl.java:77)
	at java.base/jdk.internal.reflect.DelegatingMethodAccessorImpl.invoke(DelegatingMethodAccessorImpl.java:43)
)

11-03-2025T03:19:20 - [TEST_STEP][PASSED] - else: null

11-03-2025T03:19:20 - [TEST_STEP][PASSED] - Script1687405711779.WriteToExcel(todaysDate): null

11-03-2025T03:19:20 - [TEST_STEP][PASSED] - sheetName = "Sheet1": null

11-03-2025T03:19:20 - [TEST_STEP][PASSED] - data = findTestData("PlanFact"): null

11-03-2025T03:19:20 - [TEST_STEP][PASSED] - n = data.getRowNumbers() + 1: null

11-03-2025T03:19:20 - [TEST_STEP][PASSED] - dZO = getText(findTestObject("Выручка по ДЗО/Фильтр ДЗО")): Text of object 'Object Repository/Выручка по ДЗО/Фильтр ДЗО' is: 'ПАО Россети - РаспредКомплекс - Россети Сибирь (ГК)'

11-03-2025T03:19:21 - [MESSAGE][PASSED] - Text of object 'Object Repository/Выручка по ДЗО/Фильтр ДЗО' is: 'ПАО Россети - РаспредКомплекс - Россети Сибирь (ГК)'

11-03-2025T03:19:21 - [TEST_STEP][PASSED] - period = getText(findTestObject("Выручка по ДЗО/Фильтр Дата")): Text of object 'Object Repository/Выручка по ДЗО/Фильтр Дата' is: 'Январь 2025 года'

11-03-2025T03:19:21 - [MESSAGE][PASSED] - Text of object 'Object Repository/Выручка по ДЗО/Фильтр Дата' is: 'Январь 2025 года'

11-03-2025T03:19:21 - [TEST_STEP][PASSED] - viruchka = getText(findTestObject("Выручка по ДЗО/Фильтр Выручка")): Text of object 'Object Repository/Выручка по ДЗО/Фильтр Выручка' is: 'внутренний оборот'

11-03-2025T03:19:21 - [MESSAGE][PASSED] - Text of object 'Object Repository/Выручка по ДЗО/Фильтр Выручка' is: 'внутренний оборот'

11-03-2025T03:19:21 - [TEST_STEP][PASSED] - if (viruchka == "Выбрано: 2"): null

11-03-2025T03:19:21 - [TEST_STEP][PASSED] - if (viruchka == "Все"): null

11-03-2025T03:19:21 - [TEST_STEP][PASSED] - println(period): null

11-03-2025T03:19:21 - [TEST_STEP][PASSED] - dashboardName = "Выручка по ДЗО": null

11-03-2025T03:19:21 - [TEST_STEP][PASSED] - workbook01 = getWorkbook(excelFilePath): null

11-03-2025T03:19:21 - [TEST_STEP][PASSED] - sheet01 = getExcelSheet(workbook01, sheetName): null

11-03-2025T03:19:21 - [TEST_STEP][PASSED] - setValueToCellByIndex(sheet01, n, 0, dashboardName): null

11-03-2025T03:19:21 - [TEST_STEP][PASSED] - setValueToCellByIndex(sheet01, n, 1, dZO): null

11-03-2025T03:19:21 - [TEST_STEP][PASSED] - setValueToCellByIndex(sheet01, n, 2, period): null

11-03-2025T03:19:21 - [TEST_STEP][PASSED] - setValueToCellByIndex(sheet01, n, 3, viruchka): null

11-03-2025T03:19:21 - [TEST_STEP][PASSED] - setValueToCellByIndex(sheet01, n, 4, todaysDate): null

11-03-2025T03:19:21 - [TEST_STEP][PASSED] - n = n + 1: null

11-03-2025T03:19:21 - [TEST_STEP][PASSED] - saveWorkbook(excelFilePath, workbook01): null

11-03-2025T03:19:22 - [TEST_STEP][PASSED] - click(findTestObject("Выручка по ДЗО/Фильтр Выручка")): Object: 'Object Repository/Выручка по ДЗО/Фильтр Выручка' is clicked on

11-03-2025T03:19:22 - [MESSAGE][PASSED] - Object: 'Object Repository/Выручка по ДЗО/Фильтр Выручка' is clicked on

11-03-2025T03:19:22 - [TEST_STEP][PASSED] - click(findTestObject("Выручка по ДЗО/По передаче в фильтре Выручка")): Object: 'Object Repository/Выручка по ДЗО/По передаче в фильтре Выручка' is clicked on

11-03-2025T03:19:22 - [MESSAGE][PASSED] - Object: 'Object Repository/Выручка по ДЗО/По передаче в фильтре Выручка' is clicked on

11-03-2025T03:19:22 - [TEST_STEP][PASSED] - click(findTestObject("Выручка по ДЗО/Применить в фильтре Выручка")): Object: 'Object Repository/Выручка по ДЗО/Применить в фильтре Выручка' is clicked on

11-03-2025T03:19:23 - [MESSAGE][PASSED] - Object: 'Object Repository/Выручка по ДЗО/Применить в фильтре Выручка' is clicked on

11-03-2025T03:19:23 - [TEST_STEP][PASSED] - Script1687405711779.Test(todaysDate): null

11-03-2025T03:19:23 - [TEST_STEP][PASSED] - delay(10): Delayed 10 second(s)

11-03-2025T03:19:33 - [MESSAGE][PASSED] - Delayed 10 second(s)

11-03-2025T03:19:33 - [TEST_STEP][PASSED] - if (verifyTextNotPresent("нет данных", false) == true): null

11-03-2025T03:19:33 - [MESSAGE][PASSED] - Text 'нет данных' is not present on page

11-03-2025T03:19:33 - [TEST_STEP][PASSED] - if (verifyTextNotPresent("Ошибка запроса данных", false) == true): null

11-03-2025T03:19:34 - [MESSAGE][PASSED] - Text 'Ошибка запроса данных' is not present on page

11-03-2025T03:19:34 - [TEST_STEP][PASSED] - if (verifyTextNotPresent("Произошла ошибка при выполнении пользовательского кода", false) == true): null

11-03-2025T03:19:34 - [MESSAGE][PASSED] - Text 'Произошла ошибка при выполнении пользовательского кода' is not present on page

11-03-2025T03:19:34 - [TEST_STEP][PASSED] - if (verifyTextNotPresent("У виджета нет данных", false) == true): null

11-03-2025T03:19:35 - [MESSAGE][PASSED] - Text 'У виджета нет данных' is not present on page

11-03-2025T03:19:35 - [TEST_STEP][PASSED] - if (verifyTextNotPresent("У виджета нет данных", false) == true): Text 'У виджета нет данных' is not present on page

11-03-2025T03:19:35 - [MESSAGE][PASSED] - Text 'У виджета нет данных' is not present on page

11-03-2025T03:19:35 - [TEST_STEP][PASSED] - click(findTestObject("Выручка по ДЗО/Фильтр Выручка")): Object: 'Object Repository/Выручка по ДЗО/Фильтр Выручка' is clicked on

11-03-2025T03:19:36 - [MESSAGE][PASSED] - Object: 'Object Repository/Выручка по ДЗО/Фильтр Выручка' is clicked on

11-03-2025T03:19:36 - [TEST_STEP][PASSED] - click(findTestObject("Выручка по ДЗО/Снять выделение в фильтре Выручка")): Object: 'Object Repository/Выручка по ДЗО/Снять выделение в фильтре Выручка' is clicked on

11-03-2025T03:19:36 - [MESSAGE][PASSED] - Object: 'Object Repository/Выручка по ДЗО/Снять выделение в фильтре Выручка' is clicked on

11-03-2025T03:19:36 - [TEST_STEP][PASSED] - click(findTestObject("Выручка по ДЗО/По передаче в фильтре Выручка")): Object: 'Object Repository/Выручка по ДЗО/По передаче в фильтре Выручка' is clicked on

11-03-2025T03:19:37 - [MESSAGE][PASSED] - Object: 'Object Repository/Выручка по ДЗО/По передаче в фильтре Выручка' is clicked on

11-03-2025T03:19:37 - [TEST_STEP][PASSED] - click(findTestObject("Выручка по ДЗО/Применить в фильтре Выручка")): Object: 'Object Repository/Выручка по ДЗО/Применить в фильтре Выручка' is clicked on

11-03-2025T03:19:37 - [MESSAGE][PASSED] - Object: 'Object Repository/Выручка по ДЗО/Применить в фильтре Выручка' is clicked on

11-03-2025T03:19:37 - [TEST_STEP][PASSED] - Script1687405711779.Test(todaysDate): null

11-03-2025T03:19:37 - [TEST_STEP][PASSED] - delay(10): Delayed 10 second(s)

11-03-2025T03:19:47 - [MESSAGE][PASSED] - Delayed 10 second(s)

11-03-2025T03:19:47 - [TEST_STEP][PASSED] - if (verifyTextNotPresent("нет данных", false) == true): null

11-03-2025T03:19:48 - [MESSAGE][PASSED] - Text 'нет данных' is not present on page

11-03-2025T03:19:48 - [TEST_STEP][PASSED] - if (verifyTextNotPresent("Ошибка запроса данных", false) == true): null

11-03-2025T03:19:48 - [MESSAGE][PASSED] - Text 'Ошибка запроса данных' is not present on page

11-03-2025T03:19:48 - [TEST_STEP][PASSED] - if (verifyTextNotPresent("Произошла ошибка при выполнении пользовательского кода", false) == true): null

11-03-2025T03:19:49 - [MESSAGE][PASSED] - Text 'Произошла ошибка при выполнении пользовательского кода' is not present on page

11-03-2025T03:19:49 - [TEST_STEP][PASSED] - if (verifyTextNotPresent("У виджета нет данных", false) == true): null

11-03-2025T03:19:49 - [MESSAGE][PASSED] - Text 'У виджета нет данных' is not present on page

11-03-2025T03:19:49 - [TEST_STEP][PASSED] - if (verifyTextNotPresent("У виджета нет данных", false) == true): Text 'У виджета нет данных' is not present on page

11-03-2025T03:19:50 - [MESSAGE][PASSED] - Text 'У виджета нет данных' is not present on page

11-03-2025T03:19:50 - [TEST_STEP][PASSED] - click(findTestObject("Выручка по ДЗО/Фильтр Выручка")): Object: 'Object Repository/Выручка по ДЗО/Фильтр Выручка' is clicked on

11-03-2025T03:19:50 - [MESSAGE][PASSED] - Object: 'Object Repository/Выручка по ДЗО/Фильтр Выручка' is clicked on

11-03-2025T03:19:50 - [TEST_STEP][PASSED] - click(findTestObject("Выручка по ДЗО/Снять выделение в фильтре Выручка")): Object: 'Object Repository/Выручка по ДЗО/Снять выделение в фильтре Выручка' is clicked on

11-03-2025T03:19:50 - [MESSAGE][PASSED] - Object: 'Object Repository/Выручка по ДЗО/Снять выделение в фильтре Выручка' is clicked on

11-03-2025T03:19:50 - [TEST_STEP][PASSED] - click(findTestObject("Выручка по ДЗО/Применить в фильтре Выручка")): Object: 'Object Repository/Выручка по ДЗО/Применить в фильтре Выручка' is clicked on

11-03-2025T03:19:51 - [MESSAGE][PASSED] - Object: 'Object Repository/Выручка по ДЗО/Применить в фильтре Выручка' is clicked on

11-03-2025T03:19:51 - [TEST_STEP][PASSED] - click(findTestObject("Выручка по ДЗО/Фильтр ДЗО")): Object: 'Object Repository/Выручка по ДЗО/Фильтр ДЗО' is clicked on

11-03-2025T03:19:52 - [MESSAGE][PASSED] - Object: 'Object Repository/Выручка по ДЗО/Фильтр ДЗО' is clicked on

11-03-2025T03:19:52 - [TEST_STEP][PASSED] - click(findTestObject("Выручка по ДЗО/Снять выделение в фильтре ДЗО")): Object: 'Object Repository/Выручка по ДЗО/Снять выделение в фильтре ДЗО' is clicked on

11-03-2025T03:19:52 - [MESSAGE][PASSED] - Object: 'Object Repository/Выручка по ДЗО/Снять выделение в фильтре ДЗО' is clicked on

11-03-2025T03:19:52 - [TEST_STEP][PASSED] - scrollToElement(findTestObject("Общие объекты/Раскрыть список Россети Сибирь"), 30): Scroll to object 'Object Repository/Общие объекты/Раскрыть список Россети Сибирь' successfully

11-03-2025T03:19:53 - [MESSAGE][PASSED] - Scroll to object 'Object Repository/Общие объекты/Раскрыть список Россети Сибирь' successfully

11-03-2025T03:19:53 - [TEST_STEP][PASSED] - click(findTestObject("Общие объекты/Раскрыть список Россети Сибирь")): Object: 'Object Repository/Общие объекты/Раскрыть список Россети Сибирь' is clicked on

11-03-2025T03:19:53 - [MESSAGE][PASSED] - Object: 'Object Repository/Общие объекты/Раскрыть список Россети Сибирь' is clicked on

11-03-2025T03:19:53 - [TEST_STEP][PASSED] - scrollToElement(findTestObject("Общие объекты/Алтайэнерго"), 30): Scroll to object 'Object Repository/Общие объекты/Алтайэнерго' successfully

11-03-2025T03:19:53 - [MESSAGE][PASSED] - Scroll to object 'Object Repository/Общие объекты/Алтайэнерго' successfully

11-03-2025T03:19:53 - [TEST_STEP][PASSED] - click(findTestObject("Общие объекты/Алтайэнерго"), CONTINUE_ON_FAILURE): Object: 'Object Repository/Общие объекты/Алтайэнерго' is clicked on

11-03-2025T03:19:54 - [MESSAGE][PASSED] - Object: 'Object Repository/Общие объекты/Алтайэнерго' is clicked on

11-03-2025T03:19:54 - [TEST_STEP][PASSED] - Script1687405711779.Change(todaysDate): null

11-03-2025T03:19:54 - [TEST_STEP][PASSED] - scrollToElement(findTestObject("Выручка по ДЗО/Заголовок дашборда"), 30): Scroll to object 'Object Repository/Выручка по ДЗО/Заголовок дашборда' successfully

11-03-2025T03:19:54 - [MESSAGE][PASSED] - Scroll to object 'Object Repository/Выручка по ДЗО/Заголовок дашборда' successfully

11-03-2025T03:19:54 - [TEST_STEP][PASSED] - click(findTestObject("Выручка по ДЗО/Применить в фильтре ДЗО")): Object: 'Object Repository/Выручка по ДЗО/Применить в фильтре ДЗО' is clicked on

11-03-2025T03:19:55 - [MESSAGE][PASSED] - Object: 'Object Repository/Выручка по ДЗО/Применить в фильтре ДЗО' is clicked on

11-03-2025T03:19:55 - [TEST_STEP][PASSED] - Script1687405711779.Tumbler(todaysDate): null

11-03-2025T03:19:55 - [TEST_STEP][PASSED] - Script1687405711779.Test(todaysDate): null

11-03-2025T03:19:55 - [TEST_STEP][PASSED] - delay(10): Delayed 10 second(s)

11-03-2025T03:20:05 - [MESSAGE][PASSED] - Delayed 10 second(s)

11-03-2025T03:20:05 - [TEST_STEP][PASSED] - if (verifyTextNotPresent("нет данных", false) == true): null

11-03-2025T03:20:05 - [MESSAGE][PASSED] - Text 'нет данных' is not present on page

11-03-2025T03:20:05 - [TEST_STEP][PASSED] - if (verifyTextNotPresent("Ошибка запроса данных", false) == true): null

11-03-2025T03:20:06 - [MESSAGE][PASSED] - Text 'Ошибка запроса данных' is not present on page

11-03-2025T03:20:06 - [TEST_STEP][PASSED] - if (verifyTextNotPresent("Произошла ошибка при выполнении пользовательского кода", false) == true): null

11-03-2025T03:20:06 - [MESSAGE][PASSED] - Text 'Произошла ошибка при выполнении пользовательского кода' is not present on page

11-03-2025T03:20:06 - [TEST_STEP][PASSED] - if (verifyTextNotPresent("У виджета нет данных", false) == true): null

11-03-2025T03:20:07 - [MESSAGE][PASSED] - Text 'У виджета нет данных' is not present on page

11-03-2025T03:20:07 - [TEST_STEP][PASSED] - if (verifyTextNotPresent("У виджета нет данных", false) == true): Text 'У виджета нет данных' is not present on page

11-03-2025T03:20:07 - [MESSAGE][PASSED] - Text 'У виджета нет данных' is not present on page

11-03-2025T03:20:07 - [TEST_STEP][PASSED] - click(findTestObject("Выручка по ДЗО/Фильтр Выручка")): Object: 'Object Repository/Выручка по ДЗО/Фильтр Выручка' is clicked on

11-03-2025T03:20:08 - [MESSAGE][PASSED] - Object: 'Object Repository/Выручка по ДЗО/Фильтр Выручка' is clicked on

11-03-2025T03:20:08 - [TEST_STEP][PASSED] - click(findTestObject("Выручка по ДЗО/Внутренний оборот в фильтре Выручка")): Object: 'Object Repository/Выручка по ДЗО/Внутренний оборот в фильтре Выручка' is clicked on

11-03-2025T03:20:08 - [MESSAGE][PASSED] - Object: 'Object Repository/Выручка по ДЗО/Внутренний оборот в фильтре Выручка' is clicked on

11-03-2025T03:20:08 - [TEST_STEP][PASSED] - click(findTestObject("Выручка по ДЗО/Применить в фильтре Выручка")): Object: 'Object Repository/Выручка по ДЗО/Применить в фильтре Выручка' is clicked on

11-03-2025T03:20:09 - [MESSAGE][PASSED] - Object: 'Object Repository/Выручка по ДЗО/Применить в фильтре Выручка' is clicked on

11-03-2025T03:20:09 - [TEST_STEP][PASSED] - Script1687405711779.Test(todaysDate): null

11-03-2025T03:20:09 - [TEST_STEP][PASSED] - delay(10): Delayed 10 second(s)

11-03-2025T03:20:19 - [MESSAGE][PASSED] - Delayed 10 second(s)

11-03-2025T03:20:19 - [TEST_STEP][FAILED] - if (verifyTextNotPresent("нет данных", false) == true): Text 'нет данных' is present on page  (Root cause: com.kms.katalon.core.exception.StepFailedException: Text 'нет данных' is present on page 
	at com.kms.katalon.core.webui.keyword.internal.WebUIKeywordMain.stepFailed(WebUIKeywordMain.groovy:64)
	at com.kms.katalon.core.webui.keyword.builtin.VerifyTextNotPresentKeyword$_verifyTextNotPresent_closure1.doCall(VerifyTextNotPresentKeyword.groovy:77)
	at com.kms.katalon.core.webui.keyword.builtin.VerifyTextNotPresentKeyword$_verifyTextNotPresent_closure1.call(VerifyTextNotPresentKeyword.groovy)
	at com.kms.katalon.core.webui.keyword.internal.WebUIKeywordMain.runKeyword(WebUIKeywordMain.groovy:20)
	at com.kms.katalon.core.webui.keyword.builtin.VerifyTextNotPresentKeyword.verifyTextNotPresent(VerifyTextNotPresentKeyword.groovy:82)
	at com.kms.katalon.core.webui.keyword.builtin.VerifyTextNotPresentKeyword.execute(VerifyTextNotPresentKeyword.groovy:68)
	at com.kms.katalon.core.keyword.internal.KeywordExecutor.executeKeywordForPlatform(KeywordExecutor.groovy:74)
	at com.kms.katalon.core.webui.keyword.WebUiBuiltInKeywords.verifyTextNotPresent(WebUiBuiltInKeywords.groovy:1795)
	at Выручка по ДЗО отображение данных все филиалы.Test(Выручка по ДЗО отображение данных все филиалы:772)
	at Выручка по ДЗО отображение данных все филиалы.Tumbler(Выручка по ДЗО отображение данных все филиалы:726)
	at Выручка по ДЗО отображение данных все филиалы.Change(Выручка по ДЗО отображение данных все филиалы:760)
	at Выручка по ДЗО отображение данных все филиалы.DzoTest(Выручка по ДЗО отображение данных все филиалы:404)
	at Выручка по ДЗО отображение данных все филиалы.run(Выручка по ДЗО отображение данных все филиалы:122)
	at com.kms.katalon.core.main.ScriptEngine.run(ScriptEngine.java:194)
	at com.kms.katalon.core.main.ScriptEngine.runScriptAsRawText(ScriptEngine.java:119)
	at com.kms.katalon.core.main.TestCaseExecutor.runScript(TestCaseExecutor.java:448)
	at com.kms.katalon.core.main.TestCaseExecutor.doExecute(TestCaseExecutor.java:439)
	at com.kms.katalon.core.main.TestCaseExecutor.processExecutionPhase(TestCaseExecutor.java:418)
	at com.kms.katalon.core.main.TestCaseExecutor.accessMainPhase(TestCaseExecutor.java:410)
	at com.kms.katalon.core.main.TestCaseExecutor.execute(TestCaseExecutor.java:285)
	at com.kms.katalon.core.common.CommonExecutor.accessTestCaseMainPhase(CommonExecutor.java:65)
	at com.kms.katalon.core.main.TestSuiteExecutor.accessTestSuiteMainPhase(TestSuiteExecutor.java:150)
	at com.kms.katalon.core.main.TestSuiteExecutor.execute(TestSuiteExecutor.java:106)
	at com.kms.katalon.core.main.TestCaseMain.startTestSuite(TestCaseMain.java:180)
	at TempTestSuite1741649958618.run(TempTestSuite1741649958618.groovy:35)
	at java.base/jdk.internal.reflect.NativeMethodAccessorImpl.invoke0(Native Method)
	at java.base/jdk.internal.reflect.NativeMethodAccessorImpl.invoke(NativeMethodAccessorImpl.java:77)
	at java.base/jdk.internal.reflect.DelegatingMethodAccessorImpl.invoke(DelegatingMethodAccessorImpl.java:43)
)

11-03-2025T03:20:19 - [MESSAGE][FAILED] - Text 'нет данных' is present on page  (Root cause: com.kms.katalon.core.exception.StepFailedException: Text 'нет данных' is present on page 
	at com.kms.katalon.core.webui.keyword.internal.WebUIKeywordMain.stepFailed(WebUIKeywordMain.groovy:64)
	at com.kms.katalon.core.webui.keyword.builtin.VerifyTextNotPresentKeyword$_verifyTextNotPresent_closure1.doCall(VerifyTextNotPresentKeyword.groovy:77)
	at com.kms.katalon.core.webui.keyword.builtin.VerifyTextNotPresentKeyword$_verifyTextNotPresent_closure1.call(VerifyTextNotPresentKeyword.groovy)
	at com.kms.katalon.core.webui.keyword.internal.WebUIKeywordMain.runKeyword(WebUIKeywordMain.groovy:20)
	at com.kms.katalon.core.webui.keyword.builtin.VerifyTextNotPresentKeyword.verifyTextNotPresent(VerifyTextNotPresentKeyword.groovy:82)
	at com.kms.katalon.core.webui.keyword.builtin.VerifyTextNotPresentKeyword.execute(VerifyTextNotPresentKeyword.groovy:68)
	at com.kms.katalon.core.keyword.internal.KeywordExecutor.executeKeywordForPlatform(KeywordExecutor.groovy:74)
	at com.kms.katalon.core.webui.keyword.WebUiBuiltInKeywords.verifyTextNotPresent(WebUiBuiltInKeywords.groovy:1795)
	at Выручка по ДЗО отображение данных все филиалы.Test(Выручка по ДЗО отображение данных все филиалы:772)
	at Выручка по ДЗО отображение данных все филиалы.Tumbler(Выручка по ДЗО отображение данных все филиалы:726)
	at Выручка по ДЗО отображение данных все филиалы.Change(Выручка по ДЗО отображение данных все филиалы:760)
	at Выручка по ДЗО отображение данных все филиалы.DzoTest(Выручка по ДЗО отображение данных все филиалы:404)
	at Выручка по ДЗО отображение данных все филиалы.run(Выручка по ДЗО отображение данных все филиалы:122)
	at com.kms.katalon.core.main.ScriptEngine.run(ScriptEngine.java:194)
	at com.kms.katalon.core.main.ScriptEngine.runScriptAsRawText(ScriptEngine.java:119)
	at com.kms.katalon.core.main.TestCaseExecutor.runScript(TestCaseExecutor.java:448)
	at com.kms.katalon.core.main.TestCaseExecutor.doExecute(TestCaseExecutor.java:439)
	at com.kms.katalon.core.main.TestCaseExecutor.processExecutionPhase(TestCaseExecutor.java:418)
	at com.kms.katalon.core.main.TestCaseExecutor.accessMainPhase(TestCaseExecutor.java:410)
	at com.kms.katalon.core.main.TestCaseExecutor.execute(TestCaseExecutor.java:285)
	at com.kms.katalon.core.common.CommonExecutor.accessTestCaseMainPhase(CommonExecutor.java:65)
	at com.kms.katalon.core.main.TestSuiteExecutor.accessTestSuiteMainPhase(TestSuiteExecutor.java:150)
	at com.kms.katalon.core.main.TestSuiteExecutor.execute(TestSuiteExecutor.java:106)
	at com.kms.katalon.core.main.TestCaseMain.startTestSuite(TestCaseMain.java:180)
	at TempTestSuite1741649958618.run(TempTestSuite1741649958618.groovy:35)
	at java.base/jdk.internal.reflect.NativeMethodAccessorImpl.invoke0(Native Method)
	at java.base/jdk.internal.reflect.NativeMethodAccessorImpl.invoke(NativeMethodAccessorImpl.java:77)
	at java.base/jdk.internal.reflect.DelegatingMethodAccessorImpl.invoke(DelegatingMethodAccessorImpl.java:43)
)

11-03-2025T03:20:19 - [TEST_STEP][PASSED] - else: null

11-03-2025T03:20:19 - [TEST_STEP][PASSED] - Script1687405711779.WriteToExcel(todaysDate): null

11-03-2025T03:20:19 - [TEST_STEP][PASSED] - sheetName = "Sheet1": null

11-03-2025T03:20:19 - [TEST_STEP][PASSED] - data = findTestData("PlanFact"): null

11-03-2025T03:20:19 - [TEST_STEP][PASSED] - n = data.getRowNumbers() + 1: null

11-03-2025T03:20:19 - [TEST_STEP][PASSED] - dZO = getText(findTestObject("Выручка по ДЗО/Фильтр ДЗО")): Text of object 'Object Repository/Выручка по ДЗО/Фильтр ДЗО' is: 'ПАО Россети - РаспредКомплекс - Россети Сибирь (ГК) - Алтайэнерго'

11-03-2025T03:20:20 - [MESSAGE][PASSED] - Text of object 'Object Repository/Выручка по ДЗО/Фильтр ДЗО' is: 'ПАО Россети - РаспредКомплекс - Россети Сибирь (ГК) - Алтайэнерго'

11-03-2025T03:20:20 - [TEST_STEP][PASSED] - period = getText(findTestObject("Выручка по ДЗО/Фильтр Дата")): Text of object 'Object Repository/Выручка по ДЗО/Фильтр Дата' is: 'Январь 2025 года'

11-03-2025T03:20:20 - [MESSAGE][PASSED] - Text of object 'Object Repository/Выручка по ДЗО/Фильтр Дата' is: 'Январь 2025 года'

11-03-2025T03:20:20 - [TEST_STEP][PASSED] - viruchka = getText(findTestObject("Выручка по ДЗО/Фильтр Выручка")): Text of object 'Object Repository/Выручка по ДЗО/Фильтр Выручка' is: 'внутренний оборот'

11-03-2025T03:20:20 - [MESSAGE][PASSED] - Text of object 'Object Repository/Выручка по ДЗО/Фильтр Выручка' is: 'внутренний оборот'

11-03-2025T03:20:20 - [TEST_STEP][PASSED] - if (viruchka == "Выбрано: 2"): null

11-03-2025T03:20:20 - [TEST_STEP][PASSED] - if (viruchka == "Все"): null

11-03-2025T03:20:20 - [TEST_STEP][PASSED] - println(period): null

11-03-2025T03:20:20 - [TEST_STEP][PASSED] - dashboardName = "Выручка по ДЗО": null

11-03-2025T03:20:20 - [TEST_STEP][PASSED] - workbook01 = getWorkbook(excelFilePath): null

11-03-2025T03:20:20 - [TEST_STEP][PASSED] - sheet01 = getExcelSheet(workbook01, sheetName): null

11-03-2025T03:20:20 - [TEST_STEP][PASSED] - setValueToCellByIndex(sheet01, n, 0, dashboardName): null

11-03-2025T03:20:20 - [TEST_STEP][PASSED] - setValueToCellByIndex(sheet01, n, 1, dZO): null

11-03-2025T03:20:20 - [TEST_STEP][PASSED] - setValueToCellByIndex(sheet01, n, 2, period): null

11-03-2025T03:20:20 - [TEST_STEP][PASSED] - setValueToCellByIndex(sheet01, n, 3, viruchka): null

11-03-2025T03:20:20 - [TEST_STEP][PASSED] - setValueToCellByIndex(sheet01, n, 4, todaysDate): null

11-03-2025T03:20:20 - [TEST_STEP][PASSED] - n = n + 1: null

11-03-2025T03:20:20 - [TEST_STEP][PASSED] - saveWorkbook(excelFilePath, workbook01): null

11-03-2025T03:20:20 - [TEST_STEP][PASSED] - click(findTestObject("Выручка по ДЗО/Фильтр Выручка")): Object: 'Object Repository/Выручка по ДЗО/Фильтр Выручка' is clicked on

11-03-2025T03:20:21 - [MESSAGE][PASSED] - Object: 'Object Repository/Выручка по ДЗО/Фильтр Выручка' is clicked on

11-03-2025T03:20:21 - [TEST_STEP][PASSED] - click(findTestObject("Выручка по ДЗО/По передаче в фильтре Выручка")): Object: 'Object Repository/Выручка по ДЗО/По передаче в фильтре Выручка' is clicked on

11-03-2025T03:20:21 - [MESSAGE][PASSED] - Object: 'Object Repository/Выручка по ДЗО/По передаче в фильтре Выручка' is clicked on

11-03-2025T03:20:21 - [TEST_STEP][PASSED] - click(findTestObject("Выручка по ДЗО/Применить в фильтре Выручка")): Object: 'Object Repository/Выручка по ДЗО/Применить в фильтре Выручка' is clicked on

11-03-2025T03:20:22 - [MESSAGE][PASSED] - Object: 'Object Repository/Выручка по ДЗО/Применить в фильтре Выручка' is clicked on

11-03-2025T03:20:22 - [TEST_STEP][PASSED] - Script1687405711779.Test(todaysDate): null

11-03-2025T03:20:22 - [TEST_STEP][PASSED] - delay(10): Delayed 10 second(s)

11-03-2025T03:20:32 - [MESSAGE][PASSED] - Delayed 10 second(s)

11-03-2025T03:20:32 - [TEST_STEP][PASSED] - if (verifyTextNotPresent("нет данных", false) == true): null

11-03-2025T03:20:32 - [MESSAGE][PASSED] - Text 'нет данных' is not present on page

11-03-2025T03:20:32 - [TEST_STEP][PASSED] - if (verifyTextNotPresent("Ошибка запроса данных", false) == true): null

11-03-2025T03:20:33 - [MESSAGE][PASSED] - Text 'Ошибка запроса данных' is not present on page

11-03-2025T03:20:33 - [TEST_STEP][PASSED] - if (verifyTextNotPresent("Произошла ошибка при выполнении пользовательского кода", false) == true): null

11-03-2025T03:20:33 - [MESSAGE][PASSED] - Text 'Произошла ошибка при выполнении пользовательского кода' is not present on page

11-03-2025T03:20:33 - [TEST_STEP][PASSED] - if (verifyTextNotPresent("У виджета нет данных", false) == true): null

11-03-2025T03:20:34 - [MESSAGE][PASSED] - Text 'У виджета нет данных' is not present on page

11-03-2025T03:20:34 - [TEST_STEP][PASSED] - if (verifyTextNotPresent("У виджета нет данных", false) == true): Text 'У виджета нет данных' is not present on page

11-03-2025T03:20:34 - [MESSAGE][PASSED] - Text 'У виджета нет данных' is not present on page

11-03-2025T03:20:34 - [TEST_STEP][PASSED] - click(findTestObject("Выручка по ДЗО/Фильтр Выручка")): Object: 'Object Repository/Выручка по ДЗО/Фильтр Выручка' is clicked on

11-03-2025T03:20:35 - [MESSAGE][PASSED] - Object: 'Object Repository/Выручка по ДЗО/Фильтр Выручка' is clicked on

11-03-2025T03:20:35 - [TEST_STEP][PASSED] - click(findTestObject("Выручка по ДЗО/Снять выделение в фильтре Выручка")): Object: 'Object Repository/Выручка по ДЗО/Снять выделение в фильтре Выручка' is clicked on

11-03-2025T03:20:35 - [MESSAGE][PASSED] - Object: 'Object Repository/Выручка по ДЗО/Снять выделение в фильтре Выручка' is clicked on

11-03-2025T03:20:35 - [TEST_STEP][PASSED] - click(findTestObject("Выручка по ДЗО/По передаче в фильтре Выручка")): Object: 'Object Repository/Выручка по ДЗО/По передаче в фильтре Выручка' is clicked on

11-03-2025T03:20:36 - [MESSAGE][PASSED] - Object: 'Object Repository/Выручка по ДЗО/По передаче в фильтре Выручка' is clicked on

11-03-2025T03:20:36 - [TEST_STEP][PASSED] - click(findTestObject("Выручка по ДЗО/Применить в фильтре Выручка")): Object: 'Object Repository/Выручка по ДЗО/Применить в фильтре Выручка' is clicked on

11-03-2025T03:20:36 - [MESSAGE][PASSED] - Object: 'Object Repository/Выручка по ДЗО/Применить в фильтре Выручка' is clicked on

11-03-2025T03:20:36 - [TEST_STEP][PASSED] - Script1687405711779.Test(todaysDate): null

11-03-2025T03:20:36 - [TEST_STEP][PASSED] - delay(10): Delayed 10 second(s)

11-03-2025T03:20:46 - [MESSAGE][PASSED] - Delayed 10 second(s)

11-03-2025T03:20:46 - [TEST_STEP][PASSED] - if (verifyTextNotPresent("нет данных", false) == true): null

11-03-2025T03:20:47 - [MESSAGE][PASSED] - Text 'нет данных' is not present on page

11-03-2025T03:20:47 - [TEST_STEP][PASSED] - if (verifyTextNotPresent("Ошибка запроса данных", false) == true): null

11-03-2025T03:20:47 - [MESSAGE][PASSED] - Text 'Ошибка запроса данных' is not present on page

11-03-2025T03:20:47 - [TEST_STEP][PASSED] - if (verifyTextNotPresent("Произошла ошибка при выполнении пользовательского кода", false) == true): null

11-03-2025T03:20:48 - [MESSAGE][PASSED] - Text 'Произошла ошибка при выполнении пользовательского кода' is not present on page

11-03-2025T03:20:48 - [TEST_STEP][PASSED] - if (verifyTextNotPresent("У виджета нет данных", false) == true): null

11-03-2025T03:20:48 - [MESSAGE][PASSED] - Text 'У виджета нет данных' is not present on page

11-03-2025T03:20:48 - [TEST_STEP][PASSED] - if (verifyTextNotPresent("У виджета нет данных", false) == true): Text 'У виджета нет данных' is not present on page

11-03-2025T03:20:49 - [MESSAGE][PASSED] - Text 'У виджета нет данных' is not present on page

11-03-2025T03:20:49 - [TEST_STEP][PASSED] - click(findTestObject("Выручка по ДЗО/Фильтр Выручка")): Object: 'Object Repository/Выручка по ДЗО/Фильтр Выручка' is clicked on

11-03-2025T03:20:49 - [MESSAGE][PASSED] - Object: 'Object Repository/Выручка по ДЗО/Фильтр Выручка' is clicked on

11-03-2025T03:20:49 - [TEST_STEP][PASSED] - click(findTestObject("Выручка по ДЗО/Снять выделение в фильтре Выручка")): Object: 'Object Repository/Выручка по ДЗО/Снять выделение в фильтре Выручка' is clicked on

11-03-2025T03:20:49 - [MESSAGE][PASSED] - Object: 'Object Repository/Выручка по ДЗО/Снять выделение в фильтре Выручка' is clicked on

11-03-2025T03:20:49 - [TEST_STEP][PASSED] - click(findTestObject("Выручка по ДЗО/Применить в фильтре Выручка")): Object: 'Object Repository/Выручка по ДЗО/Применить в фильтре Выручка' is clicked on

11-03-2025T03:20:50 - [MESSAGE][PASSED] - Object: 'Object Repository/Выручка по ДЗО/Применить в фильтре Выручка' is clicked on

11-03-2025T03:20:50 - [TEST_STEP][PASSED] - click(findTestObject("Выручка по ДЗО/Фильтр ДЗО")): Object: 'Object Repository/Выручка по ДЗО/Фильтр ДЗО' is clicked on

11-03-2025T03:20:51 - [MESSAGE][PASSED] - Object: 'Object Repository/Выручка по ДЗО/Фильтр ДЗО' is clicked on

11-03-2025T03:20:51 - [TEST_STEP][PASSED] - click(findTestObject("Выручка по ДЗО/Снять выделение в фильтре ДЗО")): Object: 'Object Repository/Выручка по ДЗО/Снять выделение в фильтре ДЗО' is clicked on

11-03-2025T03:20:51 - [MESSAGE][PASSED] - Object: 'Object Repository/Выручка по ДЗО/Снять выделение в фильтре ДЗО' is clicked on

11-03-2025T03:20:51 - [TEST_STEP][PASSED] - scrollToElement(findTestObject("Общие объекты/Бурятэнерго"), 30): Scroll to object 'Object Repository/Общие объекты/Бурятэнерго' successfully

11-03-2025T03:20:52 - [MESSAGE][PASSED] - Scroll to object 'Object Repository/Общие объекты/Бурятэнерго' successfully

11-03-2025T03:20:52 - [TEST_STEP][PASSED] - click(findTestObject("Общие объекты/Бурятэнерго"), CONTINUE_ON_FAILURE): Object: 'Object Repository/Общие объекты/Бурятэнерго' is clicked on

11-03-2025T03:20:52 - [MESSAGE][PASSED] - Object: 'Object Repository/Общие объекты/Бурятэнерго' is clicked on

11-03-2025T03:20:52 - [TEST_STEP][PASSED] - Script1687405711779.Change(todaysDate): null

11-03-2025T03:20:52 - [TEST_STEP][PASSED] - scrollToElement(findTestObject("Выручка по ДЗО/Заголовок дашборда"), 30): Scroll to object 'Object Repository/Выручка по ДЗО/Заголовок дашборда' successfully

11-03-2025T03:20:52 - [MESSAGE][PASSED] - Scroll to object 'Object Repository/Выручка по ДЗО/Заголовок дашборда' successfully

11-03-2025T03:20:52 - [TEST_STEP][PASSED] - click(findTestObject("Выручка по ДЗО/Применить в фильтре ДЗО")): Object: 'Object Repository/Выручка по ДЗО/Применить в фильтре ДЗО' is clicked on

11-03-2025T03:20:53 - [MESSAGE][PASSED] - Object: 'Object Repository/Выручка по ДЗО/Применить в фильтре ДЗО' is clicked on

11-03-2025T03:20:53 - [TEST_STEP][PASSED] - Script1687405711779.Tumbler(todaysDate): null

11-03-2025T03:20:53 - [TEST_STEP][PASSED] - Script1687405711779.Test(todaysDate): null

11-03-2025T03:20:53 - [TEST_STEP][PASSED] - delay(10): Delayed 10 second(s)

11-03-2025T03:21:03 - [MESSAGE][PASSED] - Delayed 10 second(s)

11-03-2025T03:21:03 - [TEST_STEP][PASSED] - if (verifyTextNotPresent("нет данных", false) == true): null

11-03-2025T03:21:03 - [MESSAGE][PASSED] - Text 'нет данных' is not present on page

11-03-2025T03:21:03 - [TEST_STEP][PASSED] - if (verifyTextNotPresent("Ошибка запроса данных", false) == true): null

11-03-2025T03:21:04 - [MESSAGE][PASSED] - Text 'Ошибка запроса данных' is not present on page

11-03-2025T03:21:04 - [TEST_STEP][PASSED] - if (verifyTextNotPresent("Произошла ошибка при выполнении пользовательского кода", false) == true): null

11-03-2025T03:21:04 - [MESSAGE][PASSED] - Text 'Произошла ошибка при выполнении пользовательского кода' is not present on page

11-03-2025T03:21:04 - [TEST_STEP][PASSED] - if (verifyTextNotPresent("У виджета нет данных", false) == true): null

11-03-2025T03:21:05 - [MESSAGE][PASSED] - Text 'У виджета нет данных' is not present on page

11-03-2025T03:21:05 - [TEST_STEP][PASSED] - if (verifyTextNotPresent("У виджета нет данных", false) == true): Text 'У виджета нет данных' is not present on page

11-03-2025T03:21:05 - [MESSAGE][PASSED] - Text 'У виджета нет данных' is not present on page

11-03-2025T03:21:05 - [TEST_STEP][PASSED] - click(findTestObject("Выручка по ДЗО/Фильтр Выручка")): Object: 'Object Repository/Выручка по ДЗО/Фильтр Выручка' is clicked on

11-03-2025T03:21:06 - [MESSAGE][PASSED] - Object: 'Object Repository/Выручка по ДЗО/Фильтр Выручка' is clicked on

11-03-2025T03:21:06 - [TEST_STEP][PASSED] - click(findTestObject("Выручка по ДЗО/Внутренний оборот в фильтре Выручка")): Object: 'Object Repository/Выручка по ДЗО/Внутренний оборот в фильтре Выручка' is clicked on

11-03-2025T03:21:06 - [MESSAGE][PASSED] - Object: 'Object Repository/Выручка по ДЗО/Внутренний оборот в фильтре Выручка' is clicked on

11-03-2025T03:21:06 - [TEST_STEP][PASSED] - click(findTestObject("Выручка по ДЗО/Применить в фильтре Выручка")): Object: 'Object Repository/Выручка по ДЗО/Применить в фильтре Выручка' is clicked on

11-03-2025T03:21:07 - [MESSAGE][PASSED] - Object: 'Object Repository/Выручка по ДЗО/Применить в фильтре Выручка' is clicked on

11-03-2025T03:21:07 - [TEST_STEP][PASSED] - Script1687405711779.Test(todaysDate): null

11-03-2025T03:21:07 - [TEST_STEP][PASSED] - delay(10): Delayed 10 second(s)

11-03-2025T03:21:17 - [MESSAGE][PASSED] - Delayed 10 second(s)

11-03-2025T03:21:17 - [TEST_STEP][FAILED] - if (verifyTextNotPresent("нет данных", false) == true): Text 'нет данных' is present on page  (Root cause: com.kms.katalon.core.exception.StepFailedException: Text 'нет данных' is present on page 
	at com.kms.katalon.core.webui.keyword.internal.WebUIKeywordMain.stepFailed(WebUIKeywordMain.groovy:64)
	at com.kms.katalon.core.webui.keyword.builtin.VerifyTextNotPresentKeyword$_verifyTextNotPresent_closure1.doCall(VerifyTextNotPresentKeyword.groovy:77)
	at com.kms.katalon.core.webui.keyword.builtin.VerifyTextNotPresentKeyword$_verifyTextNotPresent_closure1.call(VerifyTextNotPresentKeyword.groovy)
	at com.kms.katalon.core.webui.keyword.internal.WebUIKeywordMain.runKeyword(WebUIKeywordMain.groovy:20)
	at com.kms.katalon.core.webui.keyword.builtin.VerifyTextNotPresentKeyword.verifyTextNotPresent(VerifyTextNotPresentKeyword.groovy:82)
	at com.kms.katalon.core.webui.keyword.builtin.VerifyTextNotPresentKeyword.execute(VerifyTextNotPresentKeyword.groovy:68)
	at com.kms.katalon.core.keyword.internal.KeywordExecutor.executeKeywordForPlatform(KeywordExecutor.groovy:74)
	at com.kms.katalon.core.webui.keyword.WebUiBuiltInKeywords.verifyTextNotPresent(WebUiBuiltInKeywords.groovy:1795)
	at Выручка по ДЗО отображение данных все филиалы.Test(Выручка по ДЗО отображение данных все филиалы:772)
	at Выручка по ДЗО отображение данных все филиалы.Tumbler(Выручка по ДЗО отображение данных все филиалы:726)
	at Выручка по ДЗО отображение данных все филиалы.Change(Выручка по ДЗО отображение данных все филиалы:760)
	at Выручка по ДЗО отображение данных все филиалы.DzoTest(Выручка по ДЗО отображение данных все филиалы:410)
	at Выручка по ДЗО отображение данных все филиалы.run(Выручка по ДЗО отображение данных все филиалы:122)
	at com.kms.katalon.core.main.ScriptEngine.run(ScriptEngine.java:194)
	at com.kms.katalon.core.main.ScriptEngine.runScriptAsRawText(ScriptEngine.java:119)
	at com.kms.katalon.core.main.TestCaseExecutor.runScript(TestCaseExecutor.java:448)
	at com.kms.katalon.core.main.TestCaseExecutor.doExecute(TestCaseExecutor.java:439)
	at com.kms.katalon.core.main.TestCaseExecutor.processExecutionPhase(TestCaseExecutor.java:418)
	at com.kms.katalon.core.main.TestCaseExecutor.accessMainPhase(TestCaseExecutor.java:410)
	at com.kms.katalon.core.main.TestCaseExecutor.execute(TestCaseExecutor.java:285)
	at com.kms.katalon.core.common.CommonExecutor.accessTestCaseMainPhase(CommonExecutor.java:65)
	at com.kms.katalon.core.main.TestSuiteExecutor.accessTestSuiteMainPhase(TestSuiteExecutor.java:150)
	at com.kms.katalon.core.main.TestSuiteExecutor.execute(TestSuiteExecutor.java:106)
	at com.kms.katalon.core.main.TestCaseMain.startTestSuite(TestCaseMain.java:180)
	at TempTestSuite1741649958618.run(TempTestSuite1741649958618.groovy:35)
	at java.base/jdk.internal.reflect.NativeMethodAccessorImpl.invoke0(Native Method)
	at java.base/jdk.internal.reflect.NativeMethodAccessorImpl.invoke(NativeMethodAccessorImpl.java:77)
	at java.base/jdk.internal.reflect.DelegatingMethodAccessorImpl.invoke(DelegatingMethodAccessorImpl.java:43)
)

11-03-2025T03:21:17 - [MESSAGE][FAILED] - Text 'нет данных' is present on page  (Root cause: com.kms.katalon.core.exception.StepFailedException: Text 'нет данных' is present on page 
	at com.kms.katalon.core.webui.keyword.internal.WebUIKeywordMain.stepFailed(WebUIKeywordMain.groovy:64)
	at com.kms.katalon.core.webui.keyword.builtin.VerifyTextNotPresentKeyword$_verifyTextNotPresent_closure1.doCall(VerifyTextNotPresentKeyword.groovy:77)
	at com.kms.katalon.core.webui.keyword.builtin.VerifyTextNotPresentKeyword$_verifyTextNotPresent_closure1.call(VerifyTextNotPresentKeyword.groovy)
	at com.kms.katalon.core.webui.keyword.internal.WebUIKeywordMain.runKeyword(WebUIKeywordMain.groovy:20)
	at com.kms.katalon.core.webui.keyword.builtin.VerifyTextNotPresentKeyword.verifyTextNotPresent(VerifyTextNotPresentKeyword.groovy:82)
	at com.kms.katalon.core.webui.keyword.builtin.VerifyTextNotPresentKeyword.execute(VerifyTextNotPresentKeyword.groovy:68)
	at com.kms.katalon.core.keyword.internal.KeywordExecutor.executeKeywordForPlatform(KeywordExecutor.groovy:74)
	at com.kms.katalon.core.webui.keyword.WebUiBuiltInKeywords.verifyTextNotPresent(WebUiBuiltInKeywords.groovy:1795)
	at Выручка по ДЗО отображение данных все филиалы.Test(Выручка по ДЗО отображение данных все филиалы:772)
	at Выручка по ДЗО отображение данных все филиалы.Tumbler(Выручка по ДЗО отображение данных все филиалы:726)
	at Выручка по ДЗО отображение данных все филиалы.Change(Выручка по ДЗО отображение данных все филиалы:760)
	at Выручка по ДЗО отображение данных все филиалы.DzoTest(Выручка по ДЗО отображение данных все филиалы:410)
	at Выручка по ДЗО отображение данных все филиалы.run(Выручка по ДЗО отображение данных все филиалы:122)
	at com.kms.katalon.core.main.ScriptEngine.run(ScriptEngine.java:194)
	at com.kms.katalon.core.main.ScriptEngine.runScriptAsRawText(ScriptEngine.java:119)
	at com.kms.katalon.core.main.TestCaseExecutor.runScript(TestCaseExecutor.java:448)
	at com.kms.katalon.core.main.TestCaseExecutor.doExecute(TestCaseExecutor.java:439)
	at com.kms.katalon.core.main.TestCaseExecutor.processExecutionPhase(TestCaseExecutor.java:418)
	at com.kms.katalon.core.main.TestCaseExecutor.accessMainPhase(TestCaseExecutor.java:410)
	at com.kms.katalon.core.main.TestCaseExecutor.execute(TestCaseExecutor.java:285)
	at com.kms.katalon.core.common.CommonExecutor.accessTestCaseMainPhase(CommonExecutor.java:65)
	at com.kms.katalon.core.main.TestSuiteExecutor.accessTestSuiteMainPhase(TestSuiteExecutor.java:150)
	at com.kms.katalon.core.main.TestSuiteExecutor.execute(TestSuiteExecutor.java:106)
	at com.kms.katalon.core.main.TestCaseMain.startTestSuite(TestCaseMain.java:180)
	at TempTestSuite1741649958618.run(TempTestSuite1741649958618.groovy:35)
	at java.base/jdk.internal.reflect.NativeMethodAccessorImpl.invoke0(Native Method)
	at java.base/jdk.internal.reflect.NativeMethodAccessorImpl.invoke(NativeMethodAccessorImpl.java:77)
	at java.base/jdk.internal.reflect.DelegatingMethodAccessorImpl.invoke(DelegatingMethodAccessorImpl.java:43)
)

11-03-2025T03:21:17 - [TEST_STEP][PASSED] - else: null

11-03-2025T03:21:17 - [TEST_STEP][PASSED] - Script1687405711779.WriteToExcel(todaysDate): null

11-03-2025T03:21:17 - [TEST_STEP][PASSED] - sheetName = "Sheet1": null

11-03-2025T03:21:17 - [TEST_STEP][PASSED] - data = findTestData("PlanFact"): null

11-03-2025T03:21:17 - [TEST_STEP][PASSED] - n = data.getRowNumbers() + 1: null

11-03-2025T03:21:17 - [TEST_STEP][PASSED] - dZO = getText(findTestObject("Выручка по ДЗО/Фильтр ДЗО")): Text of object 'Object Repository/Выручка по ДЗО/Фильтр ДЗО' is: 'ПАО Россети - РаспредКомплекс - Россети Сибирь (ГК) - Бурятэнерго'

11-03-2025T03:21:18 - [MESSAGE][PASSED] - Text of object 'Object Repository/Выручка по ДЗО/Фильтр ДЗО' is: 'ПАО Россети - РаспредКомплекс - Россети Сибирь (ГК) - Бурятэнерго'

11-03-2025T03:21:18 - [TEST_STEP][PASSED] - period = getText(findTestObject("Выручка по ДЗО/Фильтр Дата")): Text of object 'Object Repository/Выручка по ДЗО/Фильтр Дата' is: 'Январь 2025 года'

11-03-2025T03:21:18 - [MESSAGE][PASSED] - Text of object 'Object Repository/Выручка по ДЗО/Фильтр Дата' is: 'Январь 2025 года'

11-03-2025T03:21:18 - [TEST_STEP][PASSED] - viruchka = getText(findTestObject("Выручка по ДЗО/Фильтр Выручка")): Text of object 'Object Repository/Выручка по ДЗО/Фильтр Выручка' is: 'внутренний оборот'

11-03-2025T03:21:18 - [MESSAGE][PASSED] - Text of object 'Object Repository/Выручка по ДЗО/Фильтр Выручка' is: 'внутренний оборот'

11-03-2025T03:21:18 - [TEST_STEP][PASSED] - if (viruchka == "Выбрано: 2"): null

11-03-2025T03:21:18 - [TEST_STEP][PASSED] - if (viruchka == "Все"): null

11-03-2025T03:21:18 - [TEST_STEP][PASSED] - println(period): null

11-03-2025T03:21:18 - [TEST_STEP][PASSED] - dashboardName = "Выручка по ДЗО": null

11-03-2025T03:21:18 - [TEST_STEP][PASSED] - workbook01 = getWorkbook(excelFilePath): null

11-03-2025T03:21:18 - [TEST_STEP][PASSED] - sheet01 = getExcelSheet(workbook01, sheetName): null

11-03-2025T03:21:18 - [TEST_STEP][PASSED] - setValueToCellByIndex(sheet01, n, 0, dashboardName): null

11-03-2025T03:21:18 - [TEST_STEP][PASSED] - setValueToCellByIndex(sheet01, n, 1, dZO): null

11-03-2025T03:21:18 - [TEST_STEP][PASSED] - setValueToCellByIndex(sheet01, n, 2, period): null

11-03-2025T03:21:18 - [TEST_STEP][PASSED] - setValueToCellByIndex(sheet01, n, 3, viruchka): null

11-03-2025T03:21:18 - [TEST_STEP][PASSED] - setValueToCellByIndex(sheet01, n, 4, todaysDate): null

11-03-2025T03:21:18 - [TEST_STEP][PASSED] - n = n + 1: null

11-03-2025T03:21:18 - [TEST_STEP][PASSED] - saveWorkbook(excelFilePath, workbook01): null

11-03-2025T03:21:19 - [TEST_STEP][PASSED] - click(findTestObject("Выручка по ДЗО/Фильтр Выручка")): Object: 'Object Repository/Выручка по ДЗО/Фильтр Выручка' is clicked on

11-03-2025T03:21:19 - [MESSAGE][PASSED] - Object: 'Object Repository/Выручка по ДЗО/Фильтр Выручка' is clicked on

11-03-2025T03:21:19 - [TEST_STEP][PASSED] - click(findTestObject("Выручка по ДЗО/По передаче в фильтре Выручка")): Object: 'Object Repository/Выручка по ДЗО/По передаче в фильтре Выручка' is clicked on

11-03-2025T03:21:19 - [MESSAGE][PASSED] - Object: 'Object Repository/Выручка по ДЗО/По передаче в фильтре Выручка' is clicked on

11-03-2025T03:21:19 - [TEST_STEP][PASSED] - click(findTestObject("Выручка по ДЗО/Применить в фильтре Выручка")): Object: 'Object Repository/Выручка по ДЗО/Применить в фильтре Выручка' is clicked on

11-03-2025T03:21:20 - [MESSAGE][PASSED] - Object: 'Object Repository/Выручка по ДЗО/Применить в фильтре Выручка' is clicked on

11-03-2025T03:21:20 - [TEST_STEP][PASSED] - Script1687405711779.Test(todaysDate): null

11-03-2025T03:21:20 - [TEST_STEP][PASSED] - delay(10): Delayed 10 second(s)

11-03-2025T03:21:30 - [MESSAGE][PASSED] - Delayed 10 second(s)

11-03-2025T03:21:30 - [TEST_STEP][PASSED] - if (verifyTextNotPresent("нет данных", false) == true): null

11-03-2025T03:21:31 - [MESSAGE][PASSED] - Text 'нет данных' is not present on page

11-03-2025T03:21:31 - [TEST_STEP][PASSED] - if (verifyTextNotPresent("Ошибка запроса данных", false) == true): null

11-03-2025T03:21:31 - [MESSAGE][PASSED] - Text 'Ошибка запроса данных' is not present on page

11-03-2025T03:21:31 - [TEST_STEP][PASSED] - if (verifyTextNotPresent("Произошла ошибка при выполнении пользовательского кода", false) == true): null

11-03-2025T03:21:32 - [MESSAGE][PASSED] - Text 'Произошла ошибка при выполнении пользовательского кода' is not present on page

11-03-2025T03:21:32 - [TEST_STEP][PASSED] - if (verifyTextNotPresent("У виджета нет данных", false) == true): null

11-03-2025T03:21:32 - [MESSAGE][PASSED] - Text 'У виджета нет данных' is not present on page

11-03-2025T03:21:32 - [TEST_STEP][PASSED] - if (verifyTextNotPresent("У виджета нет данных", false) == true): Text 'У виджета нет данных' is not present on page

11-03-2025T03:21:33 - [MESSAGE][PASSED] - Text 'У виджета нет данных' is not present on page

11-03-2025T03:21:33 - [TEST_STEP][PASSED] - click(findTestObject("Выручка по ДЗО/Фильтр Выручка")): Object: 'Object Repository/Выручка по ДЗО/Фильтр Выручка' is clicked on

11-03-2025T03:21:33 - [MESSAGE][PASSED] - Object: 'Object Repository/Выручка по ДЗО/Фильтр Выручка' is clicked on

11-03-2025T03:21:33 - [TEST_STEP][PASSED] - click(findTestObject("Выручка по ДЗО/Снять выделение в фильтре Выручка")): Object: 'Object Repository/Выручка по ДЗО/Снять выделение в фильтре Выручка' is clicked on

11-03-2025T03:21:33 - [MESSAGE][PASSED] - Object: 'Object Repository/Выручка по ДЗО/Снять выделение в фильтре Выручка' is clicked on

11-03-2025T03:21:33 - [TEST_STEP][PASSED] - click(findTestObject("Выручка по ДЗО/По передаче в фильтре Выручка")): Object: 'Object Repository/Выручка по ДЗО/По передаче в фильтре Выручка' is clicked on

11-03-2025T03:21:34 - [MESSAGE][PASSED] - Object: 'Object Repository/Выручка по ДЗО/По передаче в фильтре Выручка' is clicked on

11-03-2025T03:21:34 - [TEST_STEP][PASSED] - click(findTestObject("Выручка по ДЗО/Применить в фильтре Выручка")): Object: 'Object Repository/Выручка по ДЗО/Применить в фильтре Выручка' is clicked on

11-03-2025T03:21:34 - [MESSAGE][PASSED] - Object: 'Object Repository/Выручка по ДЗО/Применить в фильтре Выручка' is clicked on

11-03-2025T03:21:34 - [TEST_STEP][PASSED] - Script1687405711779.Test(todaysDate): null

11-03-2025T03:21:34 - [TEST_STEP][PASSED] - delay(10): Delayed 10 second(s)

11-03-2025T03:21:44 - [MESSAGE][PASSED] - Delayed 10 second(s)

11-03-2025T03:21:44 - [TEST_STEP][PASSED] - if (verifyTextNotPresent("нет данных", false) == true): null

11-03-2025T03:21:45 - [MESSAGE][PASSED] - Text 'нет данных' is not present on page

11-03-2025T03:21:45 - [TEST_STEP][PASSED] - if (verifyTextNotPresent("Ошибка запроса данных", false) == true): null

11-03-2025T03:21:45 - [MESSAGE][PASSED] - Text 'Ошибка запроса данных' is not present on page

11-03-2025T03:21:45 - [TEST_STEP][PASSED] - if (verifyTextNotPresent("Произошла ошибка при выполнении пользовательского кода", false) == true): null

11-03-2025T03:21:46 - [MESSAGE][PASSED] - Text 'Произошла ошибка при выполнении пользовательского кода' is not present on page

11-03-2025T03:21:46 - [TEST_STEP][PASSED] - if (verifyTextNotPresent("У виджета нет данных", false) == true): null

11-03-2025T03:21:46 - [MESSAGE][PASSED] - Text 'У виджета нет данных' is not present on page

11-03-2025T03:21:46 - [TEST_STEP][PASSED] - if (verifyTextNotPresent("У виджета нет данных", false) == true): Text 'У виджета нет данных' is not present on page

11-03-2025T03:21:47 - [MESSAGE][PASSED] - Text 'У виджета нет данных' is not present on page

11-03-2025T03:21:47 - [TEST_STEP][PASSED] - click(findTestObject("Выручка по ДЗО/Фильтр Выручка")): Object: 'Object Repository/Выручка по ДЗО/Фильтр Выручка' is clicked on

11-03-2025T03:21:47 - [MESSAGE][PASSED] - Object: 'Object Repository/Выручка по ДЗО/Фильтр Выручка' is clicked on

11-03-2025T03:21:47 - [TEST_STEP][PASSED] - click(findTestObject("Выручка по ДЗО/Снять выделение в фильтре Выручка")): Object: 'Object Repository/Выручка по ДЗО/Снять выделение в фильтре Выручка' is clicked on

11-03-2025T03:21:48 - [MESSAGE][PASSED] - Object: 'Object Repository/Выручка по ДЗО/Снять выделение в фильтре Выручка' is clicked on

11-03-2025T03:21:48 - [TEST_STEP][PASSED] - click(findTestObject("Выручка по ДЗО/Применить в фильтре Выручка")): Object: 'Object Repository/Выручка по ДЗО/Применить в фильтре Выручка' is clicked on

11-03-2025T03:21:48 - [MESSAGE][PASSED] - Object: 'Object Repository/Выручка по ДЗО/Применить в фильтре Выручка' is clicked on

11-03-2025T03:21:48 - [TEST_STEP][PASSED] - click(findTestObject("Выручка по ДЗО/Фильтр ДЗО")): Object: 'Object Repository/Выручка по ДЗО/Фильтр ДЗО' is clicked on

11-03-2025T03:21:50 - [MESSAGE][PASSED] - Object: 'Object Repository/Выручка по ДЗО/Фильтр ДЗО' is clicked on

11-03-2025T03:21:50 - [TEST_STEP][PASSED] - click(findTestObject("Выручка по ДЗО/Снять выделение в фильтре ДЗО")): Object: 'Object Repository/Выручка по ДЗО/Снять выделение в фильтре ДЗО' is clicked on

11-03-2025T03:21:50 - [MESSAGE][PASSED] - Object: 'Object Repository/Выручка по ДЗО/Снять выделение в фильтре ДЗО' is clicked on

11-03-2025T03:21:50 - [TEST_STEP][PASSED] - scrollToElement(findTestObject("Общие объекты/ГАЭС"), 30): Scroll to object 'Object Repository/Общие объекты/ГАЭС' successfully

11-03-2025T03:21:50 - [MESSAGE][PASSED] - Scroll to object 'Object Repository/Общие объекты/ГАЭС' successfully

11-03-2025T03:21:50 - [TEST_STEP][PASSED] - click(findTestObject("Общие объекты/ГАЭС"), CONTINUE_ON_FAILURE): Object: 'Object Repository/Общие объекты/ГАЭС' is clicked on

11-03-2025T03:21:51 - [MESSAGE][PASSED] - Object: 'Object Repository/Общие объекты/ГАЭС' is clicked on

11-03-2025T03:21:51 - [TEST_STEP][PASSED] - Script1687405711779.Change(todaysDate): null

11-03-2025T03:21:51 - [TEST_STEP][PASSED] - scrollToElement(findTestObject("Выручка по ДЗО/Заголовок дашборда"), 30): Scroll to object 'Object Repository/Выручка по ДЗО/Заголовок дашборда' successfully

11-03-2025T03:21:51 - [MESSAGE][PASSED] - Scroll to object 'Object Repository/Выручка по ДЗО/Заголовок дашборда' successfully

11-03-2025T03:21:51 - [TEST_STEP][PASSED] - click(findTestObject("Выручка по ДЗО/Применить в фильтре ДЗО")): Object: 'Object Repository/Выручка по ДЗО/Применить в фильтре ДЗО' is clicked on

11-03-2025T03:21:52 - [MESSAGE][PASSED] - Object: 'Object Repository/Выручка по ДЗО/Применить в фильтре ДЗО' is clicked on

11-03-2025T03:21:52 - [TEST_STEP][PASSED] - Script1687405711779.Tumbler(todaysDate): null

11-03-2025T03:21:52 - [TEST_STEP][PASSED] - Script1687405711779.Test(todaysDate): null

11-03-2025T03:21:52 - [TEST_STEP][PASSED] - delay(10): Delayed 10 second(s)

11-03-2025T03:22:02 - [MESSAGE][PASSED] - Delayed 10 second(s)

11-03-2025T03:22:02 - [TEST_STEP][PASSED] - if (verifyTextNotPresent("нет данных", false) == true): null

11-03-2025T03:22:02 - [MESSAGE][PASSED] - Text 'нет данных' is not present on page

11-03-2025T03:22:02 - [TEST_STEP][PASSED] - if (verifyTextNotPresent("Ошибка запроса данных", false) == true): null

11-03-2025T03:22:03 - [MESSAGE][PASSED] - Text 'Ошибка запроса данных' is not present on page

11-03-2025T03:22:03 - [TEST_STEP][PASSED] - if (verifyTextNotPresent("Произошла ошибка при выполнении пользовательского кода", false) == true): null

11-03-2025T03:22:03 - [MESSAGE][PASSED] - Text 'Произошла ошибка при выполнении пользовательского кода' is not present on page

11-03-2025T03:22:03 - [TEST_STEP][PASSED] - if (verifyTextNotPresent("У виджета нет данных", false) == true): null

11-03-2025T03:22:04 - [MESSAGE][PASSED] - Text 'У виджета нет данных' is not present on page

11-03-2025T03:22:04 - [TEST_STEP][PASSED] - if (verifyTextNotPresent("У виджета нет данных", false) == true): Text 'У виджета нет данных' is not present on page

11-03-2025T03:22:04 - [MESSAGE][PASSED] - Text 'У виджета нет данных' is not present on page

11-03-2025T03:22:04 - [TEST_STEP][PASSED] - click(findTestObject("Выручка по ДЗО/Фильтр Выручка")): Object: 'Object Repository/Выручка по ДЗО/Фильтр Выручка' is clicked on

11-03-2025T03:22:05 - [MESSAGE][PASSED] - Object: 'Object Repository/Выручка по ДЗО/Фильтр Выручка' is clicked on

11-03-2025T03:22:05 - [TEST_STEP][PASSED] - click(findTestObject("Выручка по ДЗО/Внутренний оборот в фильтре Выручка")): Object: 'Object Repository/Выручка по ДЗО/Внутренний оборот в фильтре Выручка' is clicked on

11-03-2025T03:22:05 - [MESSAGE][PASSED] - Object: 'Object Repository/Выручка по ДЗО/Внутренний оборот в фильтре Выручка' is clicked on

11-03-2025T03:22:05 - [TEST_STEP][PASSED] - click(findTestObject("Выручка по ДЗО/Применить в фильтре Выручка")): Object: 'Object Repository/Выручка по ДЗО/Применить в фильтре Выручка' is clicked on

11-03-2025T03:22:06 - [MESSAGE][PASSED] - Object: 'Object Repository/Выручка по ДЗО/Применить в фильтре Выручка' is clicked on

11-03-2025T03:22:06 - [TEST_STEP][PASSED] - Script1687405711779.Test(todaysDate): null

11-03-2025T03:22:06 - [TEST_STEP][PASSED] - delay(10): Delayed 10 second(s)

11-03-2025T03:22:16 - [MESSAGE][PASSED] - Delayed 10 second(s)

11-03-2025T03:22:16 - [TEST_STEP][FAILED] - if (verifyTextNotPresent("нет данных", false) == true): Text 'нет данных' is present on page  (Root cause: com.kms.katalon.core.exception.StepFailedException: Text 'нет данных' is present on page 
	at com.kms.katalon.core.webui.keyword.internal.WebUIKeywordMain.stepFailed(WebUIKeywordMain.groovy:64)
	at com.kms.katalon.core.webui.keyword.builtin.VerifyTextNotPresentKeyword$_verifyTextNotPresent_closure1.doCall(VerifyTextNotPresentKeyword.groovy:77)
	at com.kms.katalon.core.webui.keyword.builtin.VerifyTextNotPresentKeyword$_verifyTextNotPresent_closure1.call(VerifyTextNotPresentKeyword.groovy)
	at com.kms.katalon.core.webui.keyword.internal.WebUIKeywordMain.runKeyword(WebUIKeywordMain.groovy:20)
	at com.kms.katalon.core.webui.keyword.builtin.VerifyTextNotPresentKeyword.verifyTextNotPresent(VerifyTextNotPresentKeyword.groovy:82)
	at com.kms.katalon.core.webui.keyword.builtin.VerifyTextNotPresentKeyword.execute(VerifyTextNotPresentKeyword.groovy:68)
	at com.kms.katalon.core.keyword.internal.KeywordExecutor.executeKeywordForPlatform(KeywordExecutor.groovy:74)
	at com.kms.katalon.core.webui.keyword.WebUiBuiltInKeywords.verifyTextNotPresent(WebUiBuiltInKeywords.groovy:1795)
	at Выручка по ДЗО отображение данных все филиалы.Test(Выручка по ДЗО отображение данных все филиалы:772)
	at Выручка по ДЗО отображение данных все филиалы.Tumbler(Выручка по ДЗО отображение данных все филиалы:726)
	at Выручка по ДЗО отображение данных все филиалы.Change(Выручка по ДЗО отображение данных все филиалы:760)
	at Выручка по ДЗО отображение данных все филиалы.DzoTest(Выручка по ДЗО отображение данных все филиалы:416)
	at Выручка по ДЗО отображение данных все филиалы.run(Выручка по ДЗО отображение данных все филиалы:122)
	at com.kms.katalon.core.main.ScriptEngine.run(ScriptEngine.java:194)
	at com.kms.katalon.core.main.ScriptEngine.runScriptAsRawText(ScriptEngine.java:119)
	at com.kms.katalon.core.main.TestCaseExecutor.runScript(TestCaseExecutor.java:448)
	at com.kms.katalon.core.main.TestCaseExecutor.doExecute(TestCaseExecutor.java:439)
	at com.kms.katalon.core.main.TestCaseExecutor.processExecutionPhase(TestCaseExecutor.java:418)
	at com.kms.katalon.core.main.TestCaseExecutor.accessMainPhase(TestCaseExecutor.java:410)
	at com.kms.katalon.core.main.TestCaseExecutor.execute(TestCaseExecutor.java:285)
	at com.kms.katalon.core.common.CommonExecutor.accessTestCaseMainPhase(CommonExecutor.java:65)
	at com.kms.katalon.core.main.TestSuiteExecutor.accessTestSuiteMainPhase(TestSuiteExecutor.java:150)
	at com.kms.katalon.core.main.TestSuiteExecutor.execute(TestSuiteExecutor.java:106)
	at com.kms.katalon.core.main.TestCaseMain.startTestSuite(TestCaseMain.java:180)
	at TempTestSuite1741649958618.run(TempTestSuite1741649958618.groovy:35)
	at java.base/jdk.internal.reflect.NativeMethodAccessorImpl.invoke0(Native Method)
	at java.base/jdk.internal.reflect.NativeMethodAccessorImpl.invoke(NativeMethodAccessorImpl.java:77)
	at java.base/jdk.internal.reflect.DelegatingMethodAccessorImpl.invoke(DelegatingMethodAccessorImpl.java:43)
)

11-03-2025T03:22:16 - [MESSAGE][FAILED] - Text 'нет данных' is present on page  (Root cause: com.kms.katalon.core.exception.StepFailedException: Text 'нет данных' is present on page 
	at com.kms.katalon.core.webui.keyword.internal.WebUIKeywordMain.stepFailed(WebUIKeywordMain.groovy:64)
	at com.kms.katalon.core.webui.keyword.builtin.VerifyTextNotPresentKeyword$_verifyTextNotPresent_closure1.doCall(VerifyTextNotPresentKeyword.groovy:77)
	at com.kms.katalon.core.webui.keyword.builtin.VerifyTextNotPresentKeyword$_verifyTextNotPresent_closure1.call(VerifyTextNotPresentKeyword.groovy)
	at com.kms.katalon.core.webui.keyword.internal.WebUIKeywordMain.runKeyword(WebUIKeywordMain.groovy:20)
	at com.kms.katalon.core.webui.keyword.builtin.VerifyTextNotPresentKeyword.verifyTextNotPresent(VerifyTextNotPresentKeyword.groovy:82)
	at com.kms.katalon.core.webui.keyword.builtin.VerifyTextNotPresentKeyword.execute(VerifyTextNotPresentKeyword.groovy:68)
	at com.kms.katalon.core.keyword.internal.KeywordExecutor.executeKeywordForPlatform(KeywordExecutor.groovy:74)
	at com.kms.katalon.core.webui.keyword.WebUiBuiltInKeywords.verifyTextNotPresent(WebUiBuiltInKeywords.groovy:1795)
	at Выручка по ДЗО отображение данных все филиалы.Test(Выручка по ДЗО отображение данных все филиалы:772)
	at Выручка по ДЗО отображение данных все филиалы.Tumbler(Выручка по ДЗО отображение данных все филиалы:726)
	at Выручка по ДЗО отображение данных все филиалы.Change(Выручка по ДЗО отображение данных все филиалы:760)
	at Выручка по ДЗО отображение данных все филиалы.DzoTest(Выручка по ДЗО отображение данных все филиалы:416)
	at Выручка по ДЗО отображение данных все филиалы.run(Выручка по ДЗО отображение данных все филиалы:122)
	at com.kms.katalon.core.main.ScriptEngine.run(ScriptEngine.java:194)
	at com.kms.katalon.core.main.ScriptEngine.runScriptAsRawText(ScriptEngine.java:119)
	at com.kms.katalon.core.main.TestCaseExecutor.runScript(TestCaseExecutor.java:448)
	at com.kms.katalon.core.main.TestCaseExecutor.doExecute(TestCaseExecutor.java:439)
	at com.kms.katalon.core.main.TestCaseExecutor.processExecutionPhase(TestCaseExecutor.java:418)
	at com.kms.katalon.core.main.TestCaseExecutor.accessMainPhase(TestCaseExecutor.java:410)
	at com.kms.katalon.core.main.TestCaseExecutor.execute(TestCaseExecutor.java:285)
	at com.kms.katalon.core.common.CommonExecutor.accessTestCaseMainPhase(CommonExecutor.java:65)
	at com.kms.katalon.core.main.TestSuiteExecutor.accessTestSuiteMainPhase(TestSuiteExecutor.java:150)
	at com.kms.katalon.core.main.TestSuiteExecutor.execute(TestSuiteExecutor.java:106)
	at com.kms.katalon.core.main.TestCaseMain.startTestSuite(TestCaseMain.java:180)
	at TempTestSuite1741649958618.run(TempTestSuite1741649958618.groovy:35)
	at java.base/jdk.internal.reflect.NativeMethodAccessorImpl.invoke0(Native Method)
	at java.base/jdk.internal.reflect.NativeMethodAccessorImpl.invoke(NativeMethodAccessorImpl.java:77)
	at java.base/jdk.internal.reflect.DelegatingMethodAccessorImpl.invoke(DelegatingMethodAccessorImpl.java:43)
)

11-03-2025T03:22:16 - [TEST_STEP][PASSED] - else: null

11-03-2025T03:22:16 - [TEST_STEP][PASSED] - Script1687405711779.WriteToExcel(todaysDate): null

11-03-2025T03:22:16 - [TEST_STEP][PASSED] - sheetName = "Sheet1": null

11-03-2025T03:22:16 - [TEST_STEP][PASSED] - data = findTestData("PlanFact"): null

11-03-2025T03:22:16 - [TEST_STEP][PASSED] - n = data.getRowNumbers() + 1: null

11-03-2025T03:22:16 - [TEST_STEP][PASSED] - dZO = getText(findTestObject("Выручка по ДЗО/Фильтр ДЗО")): Text of object 'Object Repository/Выручка по ДЗО/Фильтр ДЗО' is: 'ПАО Россети - РаспредКомплекс - Россети Сибирь (ГК) - ГАЭС'

11-03-2025T03:22:17 - [MESSAGE][PASSED] - Text of object 'Object Repository/Выручка по ДЗО/Фильтр ДЗО' is: 'ПАО Россети - РаспредКомплекс - Россети Сибирь (ГК) - ГАЭС'

11-03-2025T03:22:17 - [TEST_STEP][PASSED] - period = getText(findTestObject("Выручка по ДЗО/Фильтр Дата")): Text of object 'Object Repository/Выручка по ДЗО/Фильтр Дата' is: 'Январь 2025 года'

11-03-2025T03:22:17 - [MESSAGE][PASSED] - Text of object 'Object Repository/Выручка по ДЗО/Фильтр Дата' is: 'Январь 2025 года'

11-03-2025T03:22:17 - [TEST_STEP][PASSED] - viruchka = getText(findTestObject("Выручка по ДЗО/Фильтр Выручка")): Text of object 'Object Repository/Выручка по ДЗО/Фильтр Выручка' is: 'внутренний оборот'

11-03-2025T03:22:17 - [MESSAGE][PASSED] - Text of object 'Object Repository/Выручка по ДЗО/Фильтр Выручка' is: 'внутренний оборот'

11-03-2025T03:22:17 - [TEST_STEP][PASSED] - if (viruchka == "Выбрано: 2"): null

11-03-2025T03:22:17 - [TEST_STEP][PASSED] - if (viruchka == "Все"): null

11-03-2025T03:22:17 - [TEST_STEP][PASSED] - println(period): null

11-03-2025T03:22:17 - [TEST_STEP][PASSED] - dashboardName = "Выручка по ДЗО": null

11-03-2025T03:22:17 - [TEST_STEP][PASSED] - workbook01 = getWorkbook(excelFilePath): null

11-03-2025T03:22:17 - [TEST_STEP][PASSED] - sheet01 = getExcelSheet(workbook01, sheetName): null

11-03-2025T03:22:17 - [TEST_STEP][PASSED] - setValueToCellByIndex(sheet01, n, 0, dashboardName): null

11-03-2025T03:22:17 - [TEST_STEP][PASSED] - setValueToCellByIndex(sheet01, n, 1, dZO): null

11-03-2025T03:22:17 - [TEST_STEP][PASSED] - setValueToCellByIndex(sheet01, n, 2, period): null

11-03-2025T03:22:17 - [TEST_STEP][PASSED] - setValueToCellByIndex(sheet01, n, 3, viruchka): null

11-03-2025T03:22:17 - [TEST_STEP][PASSED] - setValueToCellByIndex(sheet01, n, 4, todaysDate): null

11-03-2025T03:22:17 - [TEST_STEP][PASSED] - n = n + 1: null

11-03-2025T03:22:17 - [TEST_STEP][PASSED] - saveWorkbook(excelFilePath, workbook01): null

11-03-2025T03:22:17 - [TEST_STEP][PASSED] - click(findTestObject("Выручка по ДЗО/Фильтр Выручка")): Object: 'Object Repository/Выручка по ДЗО/Фильтр Выручка' is clicked on

11-03-2025T03:22:18 - [MESSAGE][PASSED] - Object: 'Object Repository/Выручка по ДЗО/Фильтр Выручка' is clicked on

11-03-2025T03:22:18 - [TEST_STEP][PASSED] - click(findTestObject("Выручка по ДЗО/По передаче в фильтре Выручка")): Object: 'Object Repository/Выручка по ДЗО/По передаче в фильтре Выручка' is clicked on

11-03-2025T03:22:18 - [MESSAGE][PASSED] - Object: 'Object Repository/Выручка по ДЗО/По передаче в фильтре Выручка' is clicked on

11-03-2025T03:22:18 - [TEST_STEP][PASSED] - click(findTestObject("Выручка по ДЗО/Применить в фильтре Выручка")): Object: 'Object Repository/Выручка по ДЗО/Применить в фильтре Выручка' is clicked on

11-03-2025T03:22:19 - [MESSAGE][PASSED] - Object: 'Object Repository/Выручка по ДЗО/Применить в фильтре Выручка' is clicked on

11-03-2025T03:22:19 - [TEST_STEP][PASSED] - Script1687405711779.Test(todaysDate): null

11-03-2025T03:22:19 - [TEST_STEP][PASSED] - delay(10): Delayed 10 second(s)

11-03-2025T03:22:29 - [MESSAGE][PASSED] - Delayed 10 second(s)

11-03-2025T03:22:29 - [TEST_STEP][PASSED] - if (verifyTextNotPresent("нет данных", false) == true): null

11-03-2025T03:22:29 - [MESSAGE][PASSED] - Text 'нет данных' is not present on page

11-03-2025T03:22:29 - [TEST_STEP][PASSED] - if (verifyTextNotPresent("Ошибка запроса данных", false) == true): null

11-03-2025T03:22:30 - [MESSAGE][PASSED] - Text 'Ошибка запроса данных' is not present on page

11-03-2025T03:22:30 - [TEST_STEP][PASSED] - if (verifyTextNotPresent("Произошла ошибка при выполнении пользовательского кода", false) == true): null

11-03-2025T03:22:30 - [MESSAGE][PASSED] - Text 'Произошла ошибка при выполнении пользовательского кода' is not present on page

11-03-2025T03:22:30 - [TEST_STEP][PASSED] - if (verifyTextNotPresent("У виджета нет данных", false) == true): null

11-03-2025T03:22:31 - [MESSAGE][PASSED] - Text 'У виджета нет данных' is not present on page

11-03-2025T03:22:31 - [TEST_STEP][PASSED] - if (verifyTextNotPresent("У виджета нет данных", false) == true): Text 'У виджета нет данных' is not present on page

11-03-2025T03:22:31 - [MESSAGE][PASSED] - Text 'У виджета нет данных' is not present on page

11-03-2025T03:22:31 - [TEST_STEP][PASSED] - click(findTestObject("Выручка по ДЗО/Фильтр Выручка")): Object: 'Object Repository/Выручка по ДЗО/Фильтр Выручка' is clicked on

11-03-2025T03:22:32 - [MESSAGE][PASSED] - Object: 'Object Repository/Выручка по ДЗО/Фильтр Выручка' is clicked on

11-03-2025T03:22:32 - [TEST_STEP][PASSED] - click(findTestObject("Выручка по ДЗО/Снять выделение в фильтре Выручка")): Object: 'Object Repository/Выручка по ДЗО/Снять выделение в фильтре Выручка' is clicked on

11-03-2025T03:22:32 - [MESSAGE][PASSED] - Object: 'Object Repository/Выручка по ДЗО/Снять выделение в фильтре Выручка' is clicked on

11-03-2025T03:22:32 - [TEST_STEP][PASSED] - click(findTestObject("Выручка по ДЗО/По передаче в фильтре Выручка")): Object: 'Object Repository/Выручка по ДЗО/По передаче в фильтре Выручка' is clicked on

11-03-2025T03:22:32 - [MESSAGE][PASSED] - Object: 'Object Repository/Выручка по ДЗО/По передаче в фильтре Выручка' is clicked on

11-03-2025T03:22:32 - [TEST_STEP][PASSED] - click(findTestObject("Выручка по ДЗО/Применить в фильтре Выручка")): Object: 'Object Repository/Выручка по ДЗО/Применить в фильтре Выручка' is clicked on

11-03-2025T03:22:33 - [MESSAGE][PASSED] - Object: 'Object Repository/Выручка по ДЗО/Применить в фильтре Выручка' is clicked on

11-03-2025T03:22:33 - [TEST_STEP][PASSED] - Script1687405711779.Test(todaysDate): null

11-03-2025T03:22:33 - [TEST_STEP][PASSED] - delay(10): Delayed 10 second(s)

11-03-2025T03:22:43 - [MESSAGE][PASSED] - Delayed 10 second(s)

11-03-2025T03:22:43 - [TEST_STEP][PASSED] - if (verifyTextNotPresent("нет данных", false) == true): null

11-03-2025T03:22:44 - [MESSAGE][PASSED] - Text 'нет данных' is not present on page

11-03-2025T03:22:44 - [TEST_STEP][PASSED] - if (verifyTextNotPresent("Ошибка запроса данных", false) == true): null

11-03-2025T03:22:44 - [MESSAGE][PASSED] - Text 'Ошибка запроса данных' is not present on page

11-03-2025T03:22:44 - [TEST_STEP][PASSED] - if (verifyTextNotPresent("Произошла ошибка при выполнении пользовательского кода", false) == true): null

11-03-2025T03:22:45 - [MESSAGE][PASSED] - Text 'Произошла ошибка при выполнении пользовательского кода' is not present on page

11-03-2025T03:22:45 - [TEST_STEP][PASSED] - if (verifyTextNotPresent("У виджета нет данных", false) == true): null

11-03-2025T03:22:45 - [MESSAGE][PASSED] - Text 'У виджета нет данных' is not present on page

11-03-2025T03:22:45 - [TEST_STEP][PASSED] - if (verifyTextNotPresent("У виджета нет данных", false) == true): Text 'У виджета нет данных' is not present on page

11-03-2025T03:22:46 - [MESSAGE][PASSED] - Text 'У виджета нет данных' is not present on page

11-03-2025T03:22:46 - [TEST_STEP][PASSED] - click(findTestObject("Выручка по ДЗО/Фильтр Выручка")): Object: 'Object Repository/Выручка по ДЗО/Фильтр Выручка' is clicked on

11-03-2025T03:22:46 - [MESSAGE][PASSED] - Object: 'Object Repository/Выручка по ДЗО/Фильтр Выручка' is clicked on

11-03-2025T03:22:46 - [TEST_STEP][PASSED] - click(findTestObject("Выручка по ДЗО/Снять выделение в фильтре Выручка")): Object: 'Object Repository/Выручка по ДЗО/Снять выделение в фильтре Выручка' is clicked on

11-03-2025T03:22:46 - [MESSAGE][PASSED] - Object: 'Object Repository/Выручка по ДЗО/Снять выделение в фильтре Выручка' is clicked on

11-03-2025T03:22:46 - [TEST_STEP][PASSED] - click(findTestObject("Выручка по ДЗО/Применить в фильтре Выручка")): Object: 'Object Repository/Выручка по ДЗО/Применить в фильтре Выручка' is clicked on

11-03-2025T03:22:47 - [MESSAGE][PASSED] - Object: 'Object Repository/Выручка по ДЗО/Применить в фильтре Выручка' is clicked on

11-03-2025T03:22:47 - [TEST_STEP][PASSED] - click(findTestObject("Выручка по ДЗО/Фильтр ДЗО")): Object: 'Object Repository/Выручка по ДЗО/Фильтр ДЗО' is clicked on

11-03-2025T03:22:48 - [MESSAGE][PASSED] - Object: 'Object Repository/Выручка по ДЗО/Фильтр ДЗО' is clicked on

11-03-2025T03:22:48 - [TEST_STEP][PASSED] - click(findTestObject("Выручка по ДЗО/Снять выделение в фильтре ДЗО")): Object: 'Object Repository/Выручка по ДЗО/Снять выделение в фильтре ДЗО' is clicked on

11-03-2025T03:22:48 - [MESSAGE][PASSED] - Object: 'Object Repository/Выручка по ДЗО/Снять выделение в фильтре ДЗО' is clicked on

11-03-2025T03:22:48 - [TEST_STEP][PASSED] - scrollToElement(findTestObject("Общие объекты/Красноярскэнерго"), 30): Scroll to object 'Object Repository/Общие объекты/Красноярскэнерго' successfully

11-03-2025T03:22:48 - [MESSAGE][PASSED] - Scroll to object 'Object Repository/Общие объекты/Красноярскэнерго' successfully

11-03-2025T03:22:48 - [TEST_STEP][PASSED] - click(findTestObject("Общие объекты/Красноярскэнерго"), CONTINUE_ON_FAILURE): Object: 'Object Repository/Общие объекты/Красноярскэнерго' is clicked on

11-03-2025T03:22:49 - [MESSAGE][PASSED] - Object: 'Object Repository/Общие объекты/Красноярскэнерго' is clicked on

11-03-2025T03:22:49 - [TEST_STEP][PASSED] - Script1687405711779.Change(todaysDate): null

11-03-2025T03:22:49 - [TEST_STEP][PASSED] - scrollToElement(findTestObject("Выручка по ДЗО/Заголовок дашборда"), 30): Scroll to object 'Object Repository/Выручка по ДЗО/Заголовок дашборда' successfully

11-03-2025T03:22:49 - [MESSAGE][PASSED] - Scroll to object 'Object Repository/Выручка по ДЗО/Заголовок дашборда' successfully

11-03-2025T03:22:49 - [TEST_STEP][PASSED] - click(findTestObject("Выручка по ДЗО/Применить в фильтре ДЗО")): Object: 'Object Repository/Выручка по ДЗО/Применить в фильтре ДЗО' is clicked on

11-03-2025T03:22:50 - [MESSAGE][PASSED] - Object: 'Object Repository/Выручка по ДЗО/Применить в фильтре ДЗО' is clicked on

11-03-2025T03:22:50 - [TEST_STEP][PASSED] - Script1687405711779.Tumbler(todaysDate): null

11-03-2025T03:22:50 - [TEST_STEP][PASSED] - Script1687405711779.Test(todaysDate): null

11-03-2025T03:22:50 - [TEST_STEP][PASSED] - delay(10): Delayed 10 second(s)

11-03-2025T03:23:00 - [MESSAGE][PASSED] - Delayed 10 second(s)

11-03-2025T03:23:00 - [TEST_STEP][PASSED] - if (verifyTextNotPresent("нет данных", false) == true): null

11-03-2025T03:23:00 - [MESSAGE][PASSED] - Text 'нет данных' is not present on page

11-03-2025T03:23:00 - [TEST_STEP][PASSED] - if (verifyTextNotPresent("Ошибка запроса данных", false) == true): null

11-03-2025T03:23:01 - [MESSAGE][PASSED] - Text 'Ошибка запроса данных' is not present on page

11-03-2025T03:23:01 - [TEST_STEP][PASSED] - if (verifyTextNotPresent("Произошла ошибка при выполнении пользовательского кода", false) == true): null

11-03-2025T03:23:01 - [MESSAGE][PASSED] - Text 'Произошла ошибка при выполнении пользовательского кода' is not present on page

11-03-2025T03:23:01 - [TEST_STEP][PASSED] - if (verifyTextNotPresent("У виджета нет данных", false) == true): null

11-03-2025T03:23:02 - [MESSAGE][PASSED] - Text 'У виджета нет данных' is not present on page

11-03-2025T03:23:02 - [TEST_STEP][PASSED] - if (verifyTextNotPresent("У виджета нет данных", false) == true): Text 'У виджета нет данных' is not present on page

11-03-2025T03:23:02 - [MESSAGE][PASSED] - Text 'У виджета нет данных' is not present on page

11-03-2025T03:23:02 - [TEST_STEP][PASSED] - click(findTestObject("Выручка по ДЗО/Фильтр Выручка")): Object: 'Object Repository/Выручка по ДЗО/Фильтр Выручка' is clicked on

11-03-2025T03:23:03 - [MESSAGE][PASSED] - Object: 'Object Repository/Выручка по ДЗО/Фильтр Выручка' is clicked on

11-03-2025T03:23:03 - [TEST_STEP][PASSED] - click(findTestObject("Выручка по ДЗО/Внутренний оборот в фильтре Выручка")): Object: 'Object Repository/Выручка по ДЗО/Внутренний оборот в фильтре Выручка' is clicked on

11-03-2025T03:23:03 - [MESSAGE][PASSED] - Object: 'Object Repository/Выручка по ДЗО/Внутренний оборот в фильтре Выручка' is clicked on

11-03-2025T03:23:03 - [TEST_STEP][PASSED] - click(findTestObject("Выручка по ДЗО/Применить в фильтре Выручка")): Object: 'Object Repository/Выручка по ДЗО/Применить в фильтре Выручка' is clicked on

11-03-2025T03:23:04 - [MESSAGE][PASSED] - Object: 'Object Repository/Выручка по ДЗО/Применить в фильтре Выручка' is clicked on

11-03-2025T03:23:04 - [TEST_STEP][PASSED] - Script1687405711779.Test(todaysDate): null

11-03-2025T03:23:04 - [TEST_STEP][PASSED] - delay(10): Delayed 10 second(s)

11-03-2025T03:23:14 - [MESSAGE][PASSED] - Delayed 10 second(s)

11-03-2025T03:23:14 - [TEST_STEP][FAILED] - if (verifyTextNotPresent("нет данных", false) == true): Text 'нет данных' is present on page  (Root cause: com.kms.katalon.core.exception.StepFailedException: Text 'нет данных' is present on page 
	at com.kms.katalon.core.webui.keyword.internal.WebUIKeywordMain.stepFailed(WebUIKeywordMain.groovy:64)
	at com.kms.katalon.core.webui.keyword.builtin.VerifyTextNotPresentKeyword$_verifyTextNotPresent_closure1.doCall(VerifyTextNotPresentKeyword.groovy:77)
	at com.kms.katalon.core.webui.keyword.builtin.VerifyTextNotPresentKeyword$_verifyTextNotPresent_closure1.call(VerifyTextNotPresentKeyword.groovy)
	at com.kms.katalon.core.webui.keyword.internal.WebUIKeywordMain.runKeyword(WebUIKeywordMain.groovy:20)
	at com.kms.katalon.core.webui.keyword.builtin.VerifyTextNotPresentKeyword.verifyTextNotPresent(VerifyTextNotPresentKeyword.groovy:82)
	at com.kms.katalon.core.webui.keyword.builtin.VerifyTextNotPresentKeyword.execute(VerifyTextNotPresentKeyword.groovy:68)
	at com.kms.katalon.core.keyword.internal.KeywordExecutor.executeKeywordForPlatform(KeywordExecutor.groovy:74)
	at com.kms.katalon.core.webui.keyword.WebUiBuiltInKeywords.verifyTextNotPresent(WebUiBuiltInKeywords.groovy:1795)
	at Выручка по ДЗО отображение данных все филиалы.Test(Выручка по ДЗО отображение данных все филиалы:772)
	at Выручка по ДЗО отображение данных все филиалы.Tumbler(Выручка по ДЗО отображение данных все филиалы:726)
	at Выручка по ДЗО отображение данных все филиалы.Change(Выручка по ДЗО отображение данных все филиалы:760)
	at Выручка по ДЗО отображение данных все филиалы.DzoTest(Выручка по ДЗО отображение данных все филиалы:422)
	at Выручка по ДЗО отображение данных все филиалы.run(Выручка по ДЗО отображение данных все филиалы:122)
	at com.kms.katalon.core.main.ScriptEngine.run(ScriptEngine.java:194)
	at com.kms.katalon.core.main.ScriptEngine.runScriptAsRawText(ScriptEngine.java:119)
	at com.kms.katalon.core.main.TestCaseExecutor.runScript(TestCaseExecutor.java:448)
	at com.kms.katalon.core.main.TestCaseExecutor.doExecute(TestCaseExecutor.java:439)
	at com.kms.katalon.core.main.TestCaseExecutor.processExecutionPhase(TestCaseExecutor.java:418)
	at com.kms.katalon.core.main.TestCaseExecutor.accessMainPhase(TestCaseExecutor.java:410)
	at com.kms.katalon.core.main.TestCaseExecutor.execute(TestCaseExecutor.java:285)
	at com.kms.katalon.core.common.CommonExecutor.accessTestCaseMainPhase(CommonExecutor.java:65)
	at com.kms.katalon.core.main.TestSuiteExecutor.accessTestSuiteMainPhase(TestSuiteExecutor.java:150)
	at com.kms.katalon.core.main.TestSuiteExecutor.execute(TestSuiteExecutor.java:106)
	at com.kms.katalon.core.main.TestCaseMain.startTestSuite(TestCaseMain.java:180)
	at TempTestSuite1741649958618.run(TempTestSuite1741649958618.groovy:35)
	at java.base/jdk.internal.reflect.NativeMethodAccessorImpl.invoke0(Native Method)
	at java.base/jdk.internal.reflect.NativeMethodAccessorImpl.invoke(NativeMethodAccessorImpl.java:77)
	at java.base/jdk.internal.reflect.DelegatingMethodAccessorImpl.invoke(DelegatingMethodAccessorImpl.java:43)
)

11-03-2025T03:23:14 - [MESSAGE][FAILED] - Text 'нет данных' is present on page  (Root cause: com.kms.katalon.core.exception.StepFailedException: Text 'нет данных' is present on page 
	at com.kms.katalon.core.webui.keyword.internal.WebUIKeywordMain.stepFailed(WebUIKeywordMain.groovy:64)
	at com.kms.katalon.core.webui.keyword.builtin.VerifyTextNotPresentKeyword$_verifyTextNotPresent_closure1.doCall(VerifyTextNotPresentKeyword.groovy:77)
	at com.kms.katalon.core.webui.keyword.builtin.VerifyTextNotPresentKeyword$_verifyTextNotPresent_closure1.call(VerifyTextNotPresentKeyword.groovy)
	at com.kms.katalon.core.webui.keyword.internal.WebUIKeywordMain.runKeyword(WebUIKeywordMain.groovy:20)
	at com.kms.katalon.core.webui.keyword.builtin.VerifyTextNotPresentKeyword.verifyTextNotPresent(VerifyTextNotPresentKeyword.groovy:82)
	at com.kms.katalon.core.webui.keyword.builtin.VerifyTextNotPresentKeyword.execute(VerifyTextNotPresentKeyword.groovy:68)
	at com.kms.katalon.core.keyword.internal.KeywordExecutor.executeKeywordForPlatform(KeywordExecutor.groovy:74)
	at com.kms.katalon.core.webui.keyword.WebUiBuiltInKeywords.verifyTextNotPresent(WebUiBuiltInKeywords.groovy:1795)
	at Выручка по ДЗО отображение данных все филиалы.Test(Выручка по ДЗО отображение данных все филиалы:772)
	at Выручка по ДЗО отображение данных все филиалы.Tumbler(Выручка по ДЗО отображение данных все филиалы:726)
	at Выручка по ДЗО отображение данных все филиалы.Change(Выручка по ДЗО отображение данных все филиалы:760)
	at Выручка по ДЗО отображение данных все филиалы.DzoTest(Выручка по ДЗО отображение данных все филиалы:422)
	at Выручка по ДЗО отображение данных все филиалы.run(Выручка по ДЗО отображение данных все филиалы:122)
	at com.kms.katalon.core.main.ScriptEngine.run(ScriptEngine.java:194)
	at com.kms.katalon.core.main.ScriptEngine.runScriptAsRawText(ScriptEngine.java:119)
	at com.kms.katalon.core.main.TestCaseExecutor.runScript(TestCaseExecutor.java:448)
	at com.kms.katalon.core.main.TestCaseExecutor.doExecute(TestCaseExecutor.java:439)
	at com.kms.katalon.core.main.TestCaseExecutor.processExecutionPhase(TestCaseExecutor.java:418)
	at com.kms.katalon.core.main.TestCaseExecutor.accessMainPhase(TestCaseExecutor.java:410)
	at com.kms.katalon.core.main.TestCaseExecutor.execute(TestCaseExecutor.java:285)
	at com.kms.katalon.core.common.CommonExecutor.accessTestCaseMainPhase(CommonExecutor.java:65)
	at com.kms.katalon.core.main.TestSuiteExecutor.accessTestSuiteMainPhase(TestSuiteExecutor.java:150)
	at com.kms.katalon.core.main.TestSuiteExecutor.execute(TestSuiteExecutor.java:106)
	at com.kms.katalon.core.main.TestCaseMain.startTestSuite(TestCaseMain.java:180)
	at TempTestSuite1741649958618.run(TempTestSuite1741649958618.groovy:35)
	at java.base/jdk.internal.reflect.NativeMethodAccessorImpl.invoke0(Native Method)
	at java.base/jdk.internal.reflect.NativeMethodAccessorImpl.invoke(NativeMethodAccessorImpl.java:77)
	at java.base/jdk.internal.reflect.DelegatingMethodAccessorImpl.invoke(DelegatingMethodAccessorImpl.java:43)
)

11-03-2025T03:23:14 - [TEST_STEP][PASSED] - else: null

11-03-2025T03:23:14 - [TEST_STEP][PASSED] - Script1687405711779.WriteToExcel(todaysDate): null

11-03-2025T03:23:14 - [TEST_STEP][PASSED] - sheetName = "Sheet1": null

11-03-2025T03:23:14 - [TEST_STEP][PASSED] - data = findTestData("PlanFact"): null

11-03-2025T03:23:14 - [TEST_STEP][PASSED] - n = data.getRowNumbers() + 1: null

11-03-2025T03:23:14 - [TEST_STEP][PASSED] - dZO = getText(findTestObject("Выручка по ДЗО/Фильтр ДЗО")): Text of object 'Object Repository/Выручка по ДЗО/Фильтр ДЗО' is: 'ПАО Россети - РаспредКомплекс - Россети Сибирь (ГК) - Красноярскэнерго'

11-03-2025T03:23:15 - [MESSAGE][PASSED] - Text of object 'Object Repository/Выручка по ДЗО/Фильтр ДЗО' is: 'ПАО Россети - РаспредКомплекс - Россети Сибирь (ГК) - Красноярскэнерго'

11-03-2025T03:23:15 - [TEST_STEP][PASSED] - period = getText(findTestObject("Выручка по ДЗО/Фильтр Дата")): Text of object 'Object Repository/Выручка по ДЗО/Фильтр Дата' is: 'Январь 2025 года'

11-03-2025T03:23:15 - [MESSAGE][PASSED] - Text of object 'Object Repository/Выручка по ДЗО/Фильтр Дата' is: 'Январь 2025 года'

11-03-2025T03:23:15 - [TEST_STEP][PASSED] - viruchka = getText(findTestObject("Выручка по ДЗО/Фильтр Выручка")): Text of object 'Object Repository/Выручка по ДЗО/Фильтр Выручка' is: 'внутренний оборот'

11-03-2025T03:23:15 - [MESSAGE][PASSED] - Text of object 'Object Repository/Выручка по ДЗО/Фильтр Выручка' is: 'внутренний оборот'

11-03-2025T03:23:15 - [TEST_STEP][PASSED] - if (viruchka == "Выбрано: 2"): null

11-03-2025T03:23:15 - [TEST_STEP][PASSED] - if (viruchka == "Все"): null

11-03-2025T03:23:15 - [TEST_STEP][PASSED] - println(period): null

11-03-2025T03:23:15 - [TEST_STEP][PASSED] - dashboardName = "Выручка по ДЗО": null

11-03-2025T03:23:15 - [TEST_STEP][PASSED] - workbook01 = getWorkbook(excelFilePath): null

11-03-2025T03:23:15 - [TEST_STEP][PASSED] - sheet01 = getExcelSheet(workbook01, sheetName): null

11-03-2025T03:23:15 - [TEST_STEP][PASSED] - setValueToCellByIndex(sheet01, n, 0, dashboardName): null

11-03-2025T03:23:15 - [TEST_STEP][PASSED] - setValueToCellByIndex(sheet01, n, 1, dZO): null

11-03-2025T03:23:15 - [TEST_STEP][PASSED] - setValueToCellByIndex(sheet01, n, 2, period): null

11-03-2025T03:23:15 - [TEST_STEP][PASSED] - setValueToCellByIndex(sheet01, n, 3, viruchka): null

11-03-2025T03:23:15 - [TEST_STEP][PASSED] - setValueToCellByIndex(sheet01, n, 4, todaysDate): null

11-03-2025T03:23:15 - [TEST_STEP][PASSED] - n = n + 1: null

11-03-2025T03:23:15 - [TEST_STEP][PASSED] - saveWorkbook(excelFilePath, workbook01): null

11-03-2025T03:23:16 - [TEST_STEP][PASSED] - click(findTestObject("Выручка по ДЗО/Фильтр Выручка")): Object: 'Object Repository/Выручка по ДЗО/Фильтр Выручка' is clicked on

11-03-2025T03:23:16 - [MESSAGE][PASSED] - Object: 'Object Repository/Выручка по ДЗО/Фильтр Выручка' is clicked on

11-03-2025T03:23:16 - [TEST_STEP][PASSED] - click(findTestObject("Выручка по ДЗО/По передаче в фильтре Выручка")): Object: 'Object Repository/Выручка по ДЗО/По передаче в фильтре Выручка' is clicked on

11-03-2025T03:23:16 - [MESSAGE][PASSED] - Object: 'Object Repository/Выручка по ДЗО/По передаче в фильтре Выручка' is clicked on

11-03-2025T03:23:16 - [TEST_STEP][PASSED] - click(findTestObject("Выручка по ДЗО/Применить в фильтре Выручка")): Object: 'Object Repository/Выручка по ДЗО/Применить в фильтре Выручка' is clicked on

11-03-2025T03:23:17 - [MESSAGE][PASSED] - Object: 'Object Repository/Выручка по ДЗО/Применить в фильтре Выручка' is clicked on

11-03-2025T03:23:17 - [TEST_STEP][PASSED] - Script1687405711779.Test(todaysDate): null

11-03-2025T03:23:17 - [TEST_STEP][PASSED] - delay(10): Delayed 10 second(s)

11-03-2025T03:23:27 - [MESSAGE][PASSED] - Delayed 10 second(s)

11-03-2025T03:23:27 - [TEST_STEP][PASSED] - if (verifyTextNotPresent("нет данных", false) == true): null

11-03-2025T03:23:28 - [MESSAGE][PASSED] - Text 'нет данных' is not present on page

11-03-2025T03:23:28 - [TEST_STEP][PASSED] - if (verifyTextNotPresent("Ошибка запроса данных", false) == true): null

11-03-2025T03:23:28 - [MESSAGE][PASSED] - Text 'Ошибка запроса данных' is not present on page

11-03-2025T03:23:28 - [TEST_STEP][PASSED] - if (verifyTextNotPresent("Произошла ошибка при выполнении пользовательского кода", false) == true): null

11-03-2025T03:23:29 - [MESSAGE][PASSED] - Text 'Произошла ошибка при выполнении пользовательского кода' is not present on page

11-03-2025T03:23:29 - [TEST_STEP][PASSED] - if (verifyTextNotPresent("У виджета нет данных", false) == true): null

11-03-2025T03:23:29 - [MESSAGE][PASSED] - Text 'У виджета нет данных' is not present on page

11-03-2025T03:23:29 - [TEST_STEP][PASSED] - if (verifyTextNotPresent("У виджета нет данных", false) == true): Text 'У виджета нет данных' is not present on page

11-03-2025T03:23:30 - [MESSAGE][PASSED] - Text 'У виджета нет данных' is not present on page

11-03-2025T03:23:30 - [TEST_STEP][PASSED] - click(findTestObject("Выручка по ДЗО/Фильтр Выручка")): Object: 'Object Repository/Выручка по ДЗО/Фильтр Выручка' is clicked on

11-03-2025T03:23:30 - [MESSAGE][PASSED] - Object: 'Object Repository/Выручка по ДЗО/Фильтр Выручка' is clicked on

11-03-2025T03:23:30 - [TEST_STEP][PASSED] - click(findTestObject("Выручка по ДЗО/Снять выделение в фильтре Выручка")): Object: 'Object Repository/Выручка по ДЗО/Снять выделение в фильтре Выручка' is clicked on

11-03-2025T03:23:30 - [MESSAGE][PASSED] - Object: 'Object Repository/Выручка по ДЗО/Снять выделение в фильтре Выручка' is clicked on

11-03-2025T03:23:30 - [TEST_STEP][PASSED] - click(findTestObject("Выручка по ДЗО/По передаче в фильтре Выручка")): Object: 'Object Repository/Выручка по ДЗО/По передаче в фильтре Выручка' is clicked on

11-03-2025T03:23:31 - [MESSAGE][PASSED] - Object: 'Object Repository/Выручка по ДЗО/По передаче в фильтре Выручка' is clicked on

11-03-2025T03:23:31 - [TEST_STEP][PASSED] - click(findTestObject("Выручка по ДЗО/Применить в фильтре Выручка")): Object: 'Object Repository/Выручка по ДЗО/Применить в фильтре Выручка' is clicked on

11-03-2025T03:23:31 - [MESSAGE][PASSED] - Object: 'Object Repository/Выручка по ДЗО/Применить в фильтре Выручка' is clicked on

11-03-2025T03:23:31 - [TEST_STEP][PASSED] - Script1687405711779.Test(todaysDate): null

11-03-2025T03:23:31 - [TEST_STEP][PASSED] - delay(10): Delayed 10 second(s)

11-03-2025T03:23:41 - [MESSAGE][PASSED] - Delayed 10 second(s)

11-03-2025T03:23:41 - [TEST_STEP][PASSED] - if (verifyTextNotPresent("нет данных", false) == true): null

11-03-2025T03:23:42 - [MESSAGE][PASSED] - Text 'нет данных' is not present on page

11-03-2025T03:23:42 - [TEST_STEP][PASSED] - if (verifyTextNotPresent("Ошибка запроса данных", false) == true): null

11-03-2025T03:23:42 - [MESSAGE][PASSED] - Text 'Ошибка запроса данных' is not present on page

11-03-2025T03:23:42 - [TEST_STEP][PASSED] - if (verifyTextNotPresent("Произошла ошибка при выполнении пользовательского кода", false) == true): null

11-03-2025T03:23:43 - [MESSAGE][PASSED] - Text 'Произошла ошибка при выполнении пользовательского кода' is not present on page

11-03-2025T03:23:43 - [TEST_STEP][PASSED] - if (verifyTextNotPresent("У виджета нет данных", false) == true): null

11-03-2025T03:23:43 - [MESSAGE][PASSED] - Text 'У виджета нет данных' is not present on page

11-03-2025T03:23:43 - [TEST_STEP][PASSED] - if (verifyTextNotPresent("У виджета нет данных", false) == true): Text 'У виджета нет данных' is not present on page

11-03-2025T03:23:44 - [MESSAGE][PASSED] - Text 'У виджета нет данных' is not present on page

11-03-2025T03:23:44 - [TEST_STEP][PASSED] - click(findTestObject("Выручка по ДЗО/Фильтр Выручка")): Object: 'Object Repository/Выручка по ДЗО/Фильтр Выручка' is clicked on

11-03-2025T03:23:44 - [MESSAGE][PASSED] - Object: 'Object Repository/Выручка по ДЗО/Фильтр Выручка' is clicked on

11-03-2025T03:23:44 - [TEST_STEP][PASSED] - click(findTestObject("Выручка по ДЗО/Снять выделение в фильтре Выручка")): Object: 'Object Repository/Выручка по ДЗО/Снять выделение в фильтре Выручка' is clicked on

11-03-2025T03:23:45 - [MESSAGE][PASSED] - Object: 'Object Repository/Выручка по ДЗО/Снять выделение в фильтре Выручка' is clicked on

11-03-2025T03:23:45 - [TEST_STEP][PASSED] - click(findTestObject("Выручка по ДЗО/Применить в фильтре Выручка")): Object: 'Object Repository/Выручка по ДЗО/Применить в фильтре Выручка' is clicked on

11-03-2025T03:23:45 - [MESSAGE][PASSED] - Object: 'Object Repository/Выручка по ДЗО/Применить в фильтре Выручка' is clicked on

11-03-2025T03:23:45 - [TEST_STEP][PASSED] - click(findTestObject("Выручка по ДЗО/Фильтр ДЗО")): Object: 'Object Repository/Выручка по ДЗО/Фильтр ДЗО' is clicked on

11-03-2025T03:23:46 - [MESSAGE][PASSED] - Object: 'Object Repository/Выручка по ДЗО/Фильтр ДЗО' is clicked on

11-03-2025T03:23:46 - [TEST_STEP][PASSED] - click(findTestObject("Выручка по ДЗО/Снять выделение в фильтре ДЗО")): Object: 'Object Repository/Выручка по ДЗО/Снять выделение в фильтре ДЗО' is clicked on

11-03-2025T03:23:47 - [MESSAGE][PASSED] - Object: 'Object Repository/Выручка по ДЗО/Снять выделение в фильтре ДЗО' is clicked on

11-03-2025T03:23:47 - [TEST_STEP][PASSED] - scrollToElement(findTestObject("Общие объекты/Кузбассэнерго-РЭС"), 30): Scroll to object 'Object Repository/Общие объекты/Кузбассэнерго-РЭС' successfully

11-03-2025T03:23:47 - [MESSAGE][PASSED] - Scroll to object 'Object Repository/Общие объекты/Кузбассэнерго-РЭС' successfully

11-03-2025T03:23:47 - [TEST_STEP][PASSED] - click(findTestObject("Общие объекты/Кузбассэнерго-РЭС"), CONTINUE_ON_FAILURE): Object: 'Object Repository/Общие объекты/Кузбассэнерго-РЭС' is clicked on

11-03-2025T03:23:47 - [MESSAGE][PASSED] - Object: 'Object Repository/Общие объекты/Кузбассэнерго-РЭС' is clicked on

11-03-2025T03:23:47 - [TEST_STEP][PASSED] - Script1687405711779.Change(todaysDate): null

11-03-2025T03:23:47 - [TEST_STEP][PASSED] - scrollToElement(findTestObject("Выручка по ДЗО/Заголовок дашборда"), 30): Scroll to object 'Object Repository/Выручка по ДЗО/Заголовок дашборда' successfully

11-03-2025T03:23:48 - [MESSAGE][PASSED] - Scroll to object 'Object Repository/Выручка по ДЗО/Заголовок дашборда' successfully

11-03-2025T03:23:48 - [TEST_STEP][PASSED] - click(findTestObject("Выручка по ДЗО/Применить в фильтре ДЗО")): Object: 'Object Repository/Выручка по ДЗО/Применить в фильтре ДЗО' is clicked on

11-03-2025T03:23:48 - [MESSAGE][PASSED] - Object: 'Object Repository/Выручка по ДЗО/Применить в фильтре ДЗО' is clicked on

11-03-2025T03:23:48 - [TEST_STEP][PASSED] - Script1687405711779.Tumbler(todaysDate): null

11-03-2025T03:23:48 - [TEST_STEP][PASSED] - Script1687405711779.Test(todaysDate): null

11-03-2025T03:23:48 - [TEST_STEP][PASSED] - delay(10): Delayed 10 second(s)

11-03-2025T03:23:58 - [MESSAGE][PASSED] - Delayed 10 second(s)

11-03-2025T03:23:58 - [TEST_STEP][PASSED] - if (verifyTextNotPresent("нет данных", false) == true): null

11-03-2025T03:23:59 - [MESSAGE][PASSED] - Text 'нет данных' is not present on page

11-03-2025T03:23:59 - [TEST_STEP][PASSED] - if (verifyTextNotPresent("Ошибка запроса данных", false) == true): null

11-03-2025T03:23:59 - [MESSAGE][PASSED] - Text 'Ошибка запроса данных' is not present on page

11-03-2025T03:23:59 - [TEST_STEP][PASSED] - if (verifyTextNotPresent("Произошла ошибка при выполнении пользовательского кода", false) == true): null

11-03-2025T03:24:00 - [MESSAGE][PASSED] - Text 'Произошла ошибка при выполнении пользовательского кода' is not present on page

11-03-2025T03:24:00 - [TEST_STEP][PASSED] - if (verifyTextNotPresent("У виджета нет данных", false) == true): null

11-03-2025T03:24:00 - [MESSAGE][PASSED] - Text 'У виджета нет данных' is not present on page

11-03-2025T03:24:00 - [TEST_STEP][PASSED] - if (verifyTextNotPresent("У виджета нет данных", false) == true): Text 'У виджета нет данных' is not present on page

11-03-2025T03:24:01 - [MESSAGE][PASSED] - Text 'У виджета нет данных' is not present on page

11-03-2025T03:24:01 - [TEST_STEP][PASSED] - click(findTestObject("Выручка по ДЗО/Фильтр Выручка")): Object: 'Object Repository/Выручка по ДЗО/Фильтр Выручка' is clicked on

11-03-2025T03:24:01 - [MESSAGE][PASSED] - Object: 'Object Repository/Выручка по ДЗО/Фильтр Выручка' is clicked on

11-03-2025T03:24:01 - [TEST_STEP][PASSED] - click(findTestObject("Выручка по ДЗО/Внутренний оборот в фильтре Выручка")): Object: 'Object Repository/Выручка по ДЗО/Внутренний оборот в фильтре Выручка' is clicked on

11-03-2025T03:24:02 - [MESSAGE][PASSED] - Object: 'Object Repository/Выручка по ДЗО/Внутренний оборот в фильтре Выручка' is clicked on

11-03-2025T03:24:02 - [TEST_STEP][PASSED] - click(findTestObject("Выручка по ДЗО/Применить в фильтре Выручка")): Object: 'Object Repository/Выручка по ДЗО/Применить в фильтре Выручка' is clicked on

11-03-2025T03:24:02 - [MESSAGE][PASSED] - Object: 'Object Repository/Выручка по ДЗО/Применить в фильтре Выручка' is clicked on

11-03-2025T03:24:02 - [TEST_STEP][PASSED] - Script1687405711779.Test(todaysDate): null

11-03-2025T03:24:02 - [TEST_STEP][PASSED] - delay(10): Delayed 10 second(s)

11-03-2025T03:24:12 - [MESSAGE][PASSED] - Delayed 10 second(s)

11-03-2025T03:24:12 - [TEST_STEP][FAILED] - if (verifyTextNotPresent("нет данных", false) == true): Text 'нет данных' is present on page  (Root cause: com.kms.katalon.core.exception.StepFailedException: Text 'нет данных' is present on page 
	at com.kms.katalon.core.webui.keyword.internal.WebUIKeywordMain.stepFailed(WebUIKeywordMain.groovy:64)
	at com.kms.katalon.core.webui.keyword.builtin.VerifyTextNotPresentKeyword$_verifyTextNotPresent_closure1.doCall(VerifyTextNotPresentKeyword.groovy:77)
	at com.kms.katalon.core.webui.keyword.builtin.VerifyTextNotPresentKeyword$_verifyTextNotPresent_closure1.call(VerifyTextNotPresentKeyword.groovy)
	at com.kms.katalon.core.webui.keyword.internal.WebUIKeywordMain.runKeyword(WebUIKeywordMain.groovy:20)
	at com.kms.katalon.core.webui.keyword.builtin.VerifyTextNotPresentKeyword.verifyTextNotPresent(VerifyTextNotPresentKeyword.groovy:82)
	at com.kms.katalon.core.webui.keyword.builtin.VerifyTextNotPresentKeyword.execute(VerifyTextNotPresentKeyword.groovy:68)
	at com.kms.katalon.core.keyword.internal.KeywordExecutor.executeKeywordForPlatform(KeywordExecutor.groovy:74)
	at com.kms.katalon.core.webui.keyword.WebUiBuiltInKeywords.verifyTextNotPresent(WebUiBuiltInKeywords.groovy:1795)
	at Выручка по ДЗО отображение данных все филиалы.Test(Выручка по ДЗО отображение данных все филиалы:772)
	at Выручка по ДЗО отображение данных все филиалы.Tumbler(Выручка по ДЗО отображение данных все филиалы:726)
	at Выручка по ДЗО отображение данных все филиалы.Change(Выручка по ДЗО отображение данных все филиалы:760)
	at Выручка по ДЗО отображение данных все филиалы.DzoTest(Выручка по ДЗО отображение данных все филиалы:428)
	at Выручка по ДЗО отображение данных все филиалы.run(Выручка по ДЗО отображение данных все филиалы:122)
	at com.kms.katalon.core.main.ScriptEngine.run(ScriptEngine.java:194)
	at com.kms.katalon.core.main.ScriptEngine.runScriptAsRawText(ScriptEngine.java:119)
	at com.kms.katalon.core.main.TestCaseExecutor.runScript(TestCaseExecutor.java:448)
	at com.kms.katalon.core.main.TestCaseExecutor.doExecute(TestCaseExecutor.java:439)
	at com.kms.katalon.core.main.TestCaseExecutor.processExecutionPhase(TestCaseExecutor.java:418)
	at com.kms.katalon.core.main.TestCaseExecutor.accessMainPhase(TestCaseExecutor.java:410)
	at com.kms.katalon.core.main.TestCaseExecutor.execute(TestCaseExecutor.java:285)
	at com.kms.katalon.core.common.CommonExecutor.accessTestCaseMainPhase(CommonExecutor.java:65)
	at com.kms.katalon.core.main.TestSuiteExecutor.accessTestSuiteMainPhase(TestSuiteExecutor.java:150)
	at com.kms.katalon.core.main.TestSuiteExecutor.execute(TestSuiteExecutor.java:106)
	at com.kms.katalon.core.main.TestCaseMain.startTestSuite(TestCaseMain.java:180)
	at TempTestSuite1741649958618.run(TempTestSuite1741649958618.groovy:35)
	at java.base/jdk.internal.reflect.NativeMethodAccessorImpl.invoke0(Native Method)
	at java.base/jdk.internal.reflect.NativeMethodAccessorImpl.invoke(NativeMethodAccessorImpl.java:77)
	at java.base/jdk.internal.reflect.DelegatingMethodAccessorImpl.invoke(DelegatingMethodAccessorImpl.java:43)
)

11-03-2025T03:24:13 - [MESSAGE][FAILED] - Text 'нет данных' is present on page  (Root cause: com.kms.katalon.core.exception.StepFailedException: Text 'нет данных' is present on page 
	at com.kms.katalon.core.webui.keyword.internal.WebUIKeywordMain.stepFailed(WebUIKeywordMain.groovy:64)
	at com.kms.katalon.core.webui.keyword.builtin.VerifyTextNotPresentKeyword$_verifyTextNotPresent_closure1.doCall(VerifyTextNotPresentKeyword.groovy:77)
	at com.kms.katalon.core.webui.keyword.builtin.VerifyTextNotPresentKeyword$_verifyTextNotPresent_closure1.call(VerifyTextNotPresentKeyword.groovy)
	at com.kms.katalon.core.webui.keyword.internal.WebUIKeywordMain.runKeyword(WebUIKeywordMain.groovy:20)
	at com.kms.katalon.core.webui.keyword.builtin.VerifyTextNotPresentKeyword.verifyTextNotPresent(VerifyTextNotPresentKeyword.groovy:82)
	at com.kms.katalon.core.webui.keyword.builtin.VerifyTextNotPresentKeyword.execute(VerifyTextNotPresentKeyword.groovy:68)
	at com.kms.katalon.core.keyword.internal.KeywordExecutor.executeKeywordForPlatform(KeywordExecutor.groovy:74)
	at com.kms.katalon.core.webui.keyword.WebUiBuiltInKeywords.verifyTextNotPresent(WebUiBuiltInKeywords.groovy:1795)
	at Выручка по ДЗО отображение данных все филиалы.Test(Выручка по ДЗО отображение данных все филиалы:772)
	at Выручка по ДЗО отображение данных все филиалы.Tumbler(Выручка по ДЗО отображение данных все филиалы:726)
	at Выручка по ДЗО отображение данных все филиалы.Change(Выручка по ДЗО отображение данных все филиалы:760)
	at Выручка по ДЗО отображение данных все филиалы.DzoTest(Выручка по ДЗО отображение данных все филиалы:428)
	at Выручка по ДЗО отображение данных все филиалы.run(Выручка по ДЗО отображение данных все филиалы:122)
	at com.kms.katalon.core.main.ScriptEngine.run(ScriptEngine.java:194)
	at com.kms.katalon.core.main.ScriptEngine.runScriptAsRawText(ScriptEngine.java:119)
	at com.kms.katalon.core.main.TestCaseExecutor.runScript(TestCaseExecutor.java:448)
	at com.kms.katalon.core.main.TestCaseExecutor.doExecute(TestCaseExecutor.java:439)
	at com.kms.katalon.core.main.TestCaseExecutor.processExecutionPhase(TestCaseExecutor.java:418)
	at com.kms.katalon.core.main.TestCaseExecutor.accessMainPhase(TestCaseExecutor.java:410)
	at com.kms.katalon.core.main.TestCaseExecutor.execute(TestCaseExecutor.java:285)
	at com.kms.katalon.core.common.CommonExecutor.accessTestCaseMainPhase(CommonExecutor.java:65)
	at com.kms.katalon.core.main.TestSuiteExecutor.accessTestSuiteMainPhase(TestSuiteExecutor.java:150)
	at com.kms.katalon.core.main.TestSuiteExecutor.execute(TestSuiteExecutor.java:106)
	at com.kms.katalon.core.main.TestCaseMain.startTestSuite(TestCaseMain.java:180)
	at TempTestSuite1741649958618.run(TempTestSuite1741649958618.groovy:35)
	at java.base/jdk.internal.reflect.NativeMethodAccessorImpl.invoke0(Native Method)
	at java.base/jdk.internal.reflect.NativeMethodAccessorImpl.invoke(NativeMethodAccessorImpl.java:77)
	at java.base/jdk.internal.reflect.DelegatingMethodAccessorImpl.invoke(DelegatingMethodAccessorImpl.java:43)
)

11-03-2025T03:24:13 - [TEST_STEP][PASSED] - else: null

11-03-2025T03:24:13 - [TEST_STEP][PASSED] - Script1687405711779.WriteToExcel(todaysDate): null

11-03-2025T03:24:13 - [TEST_STEP][PASSED] - sheetName = "Sheet1": null

11-03-2025T03:24:13 - [TEST_STEP][PASSED] - data = findTestData("PlanFact"): null

11-03-2025T03:24:13 - [TEST_STEP][PASSED] - n = data.getRowNumbers() + 1: null

11-03-2025T03:24:13 - [TEST_STEP][PASSED] - dZO = getText(findTestObject("Выручка по ДЗО/Фильтр ДЗО")): Text of object 'Object Repository/Выручка по ДЗО/Фильтр ДЗО' is: 'ПАО Россети - РаспредКомплекс - Россети Сибирь (ГК) - Кузбассэнерго-РЭС'

11-03-2025T03:24:13 - [MESSAGE][PASSED] - Text of object 'Object Repository/Выручка по ДЗО/Фильтр ДЗО' is: 'ПАО Россети - РаспредКомплекс - Россети Сибирь (ГК) - Кузбассэнерго-РЭС'

11-03-2025T03:24:13 - [TEST_STEP][PASSED] - period = getText(findTestObject("Выручка по ДЗО/Фильтр Дата")): Text of object 'Object Repository/Выручка по ДЗО/Фильтр Дата' is: 'Январь 2025 года'

11-03-2025T03:24:13 - [MESSAGE][PASSED] - Text of object 'Object Repository/Выручка по ДЗО/Фильтр Дата' is: 'Январь 2025 года'

11-03-2025T03:24:13 - [TEST_STEP][PASSED] - viruchka = getText(findTestObject("Выручка по ДЗО/Фильтр Выручка")): Text of object 'Object Repository/Выручка по ДЗО/Фильтр Выручка' is: 'внутренний оборот'

11-03-2025T03:24:14 - [MESSAGE][PASSED] - Text of object 'Object Repository/Выручка по ДЗО/Фильтр Выручка' is: 'внутренний оборот'

11-03-2025T03:24:14 - [TEST_STEP][PASSED] - if (viruchka == "Выбрано: 2"): null

11-03-2025T03:24:14 - [TEST_STEP][PASSED] - if (viruchka == "Все"): null

11-03-2025T03:24:14 - [TEST_STEP][PASSED] - println(period): null

11-03-2025T03:24:14 - [TEST_STEP][PASSED] - dashboardName = "Выручка по ДЗО": null

11-03-2025T03:24:14 - [TEST_STEP][PASSED] - workbook01 = getWorkbook(excelFilePath): null

11-03-2025T03:24:14 - [TEST_STEP][PASSED] - sheet01 = getExcelSheet(workbook01, sheetName): null

11-03-2025T03:24:14 - [TEST_STEP][PASSED] - setValueToCellByIndex(sheet01, n, 0, dashboardName): null

11-03-2025T03:24:14 - [TEST_STEP][PASSED] - setValueToCellByIndex(sheet01, n, 1, dZO): null

11-03-2025T03:24:14 - [TEST_STEP][PASSED] - setValueToCellByIndex(sheet01, n, 2, period): null

11-03-2025T03:24:14 - [TEST_STEP][PASSED] - setValueToCellByIndex(sheet01, n, 3, viruchka): null

11-03-2025T03:24:14 - [TEST_STEP][PASSED] - setValueToCellByIndex(sheet01, n, 4, todaysDate): null

11-03-2025T03:24:14 - [TEST_STEP][PASSED] - n = n + 1: null

11-03-2025T03:24:14 - [TEST_STEP][PASSED] - saveWorkbook(excelFilePath, workbook01): null

11-03-2025T03:24:14 - [TEST_STEP][PASSED] - click(findTestObject("Выручка по ДЗО/Фильтр Выручка")): Object: 'Object Repository/Выручка по ДЗО/Фильтр Выручка' is clicked on

11-03-2025T03:24:14 - [MESSAGE][PASSED] - Object: 'Object Repository/Выручка по ДЗО/Фильтр Выручка' is clicked on

11-03-2025T03:24:14 - [TEST_STEP][PASSED] - click(findTestObject("Выручка по ДЗО/По передаче в фильтре Выручка")): Object: 'Object Repository/Выручка по ДЗО/По передаче в фильтре Выручка' is clicked on

11-03-2025T03:24:15 - [MESSAGE][PASSED] - Object: 'Object Repository/Выручка по ДЗО/По передаче в фильтре Выручка' is clicked on

11-03-2025T03:24:15 - [TEST_STEP][PASSED] - click(findTestObject("Выручка по ДЗО/Применить в фильтре Выручка")): Object: 'Object Repository/Выручка по ДЗО/Применить в фильтре Выручка' is clicked on

11-03-2025T03:24:15 - [MESSAGE][PASSED] - Object: 'Object Repository/Выручка по ДЗО/Применить в фильтре Выручка' is clicked on

11-03-2025T03:24:15 - [TEST_STEP][PASSED] - Script1687405711779.Test(todaysDate): null

11-03-2025T03:24:15 - [TEST_STEP][PASSED] - delay(10): Delayed 10 second(s)

11-03-2025T03:24:25 - [MESSAGE][PASSED] - Delayed 10 second(s)

11-03-2025T03:24:25 - [TEST_STEP][PASSED] - if (verifyTextNotPresent("нет данных", false) == true): null

11-03-2025T03:24:26 - [MESSAGE][PASSED] - Text 'нет данных' is not present on page

11-03-2025T03:24:26 - [TEST_STEP][PASSED] - if (verifyTextNotPresent("Ошибка запроса данных", false) == true): null

11-03-2025T03:24:26 - [MESSAGE][PASSED] - Text 'Ошибка запроса данных' is not present on page

11-03-2025T03:24:26 - [TEST_STEP][PASSED] - if (verifyTextNotPresent("Произошла ошибка при выполнении пользовательского кода", false) == true): null

11-03-2025T03:24:27 - [MESSAGE][PASSED] - Text 'Произошла ошибка при выполнении пользовательского кода' is not present on page

11-03-2025T03:24:27 - [TEST_STEP][PASSED] - if (verifyTextNotPresent("У виджета нет данных", false) == true): null

11-03-2025T03:24:27 - [MESSAGE][PASSED] - Text 'У виджета нет данных' is not present on page

11-03-2025T03:24:27 - [TEST_STEP][PASSED] - if (verifyTextNotPresent("У виджета нет данных", false) == true): Text 'У виджета нет данных' is not present on page

11-03-2025T03:24:28 - [MESSAGE][PASSED] - Text 'У виджета нет данных' is not present on page

11-03-2025T03:24:28 - [TEST_STEP][PASSED] - click(findTestObject("Выручка по ДЗО/Фильтр Выручка")): Object: 'Object Repository/Выручка по ДЗО/Фильтр Выручка' is clicked on

11-03-2025T03:24:28 - [MESSAGE][PASSED] - Object: 'Object Repository/Выручка по ДЗО/Фильтр Выручка' is clicked on

11-03-2025T03:24:28 - [TEST_STEP][PASSED] - click(findTestObject("Выручка по ДЗО/Снять выделение в фильтре Выручка")): Object: 'Object Repository/Выручка по ДЗО/Снять выделение в фильтре Выручка' is clicked on

11-03-2025T03:24:29 - [MESSAGE][PASSED] - Object: 'Object Repository/Выручка по ДЗО/Снять выделение в фильтре Выручка' is clicked on

11-03-2025T03:24:29 - [TEST_STEP][PASSED] - click(findTestObject("Выручка по ДЗО/По передаче в фильтре Выручка")): Object: 'Object Repository/Выручка по ДЗО/По передаче в фильтре Выручка' is clicked on

11-03-2025T03:24:29 - [MESSAGE][PASSED] - Object: 'Object Repository/Выручка по ДЗО/По передаче в фильтре Выручка' is clicked on

11-03-2025T03:24:29 - [TEST_STEP][PASSED] - click(findTestObject("Выручка по ДЗО/Применить в фильтре Выручка")): Object: 'Object Repository/Выручка по ДЗО/Применить в фильтре Выручка' is clicked on

11-03-2025T03:24:30 - [MESSAGE][PASSED] - Object: 'Object Repository/Выручка по ДЗО/Применить в фильтре Выручка' is clicked on

11-03-2025T03:24:30 - [TEST_STEP][PASSED] - Script1687405711779.Test(todaysDate): null

11-03-2025T03:24:30 - [TEST_STEP][PASSED] - delay(10): Delayed 10 second(s)

11-03-2025T03:24:40 - [MESSAGE][PASSED] - Delayed 10 second(s)

11-03-2025T03:24:40 - [TEST_STEP][PASSED] - if (verifyTextNotPresent("нет данных", false) == true): null

11-03-2025T03:24:40 - [MESSAGE][PASSED] - Text 'нет данных' is not present on page

11-03-2025T03:24:40 - [TEST_STEP][PASSED] - if (verifyTextNotPresent("Ошибка запроса данных", false) == true): null

11-03-2025T03:24:41 - [MESSAGE][PASSED] - Text 'Ошибка запроса данных' is not present on page

11-03-2025T03:24:41 - [TEST_STEP][PASSED] - if (verifyTextNotPresent("Произошла ошибка при выполнении пользовательского кода", false) == true): null

11-03-2025T03:24:41 - [MESSAGE][PASSED] - Text 'Произошла ошибка при выполнении пользовательского кода' is not present on page

11-03-2025T03:24:41 - [TEST_STEP][PASSED] - if (verifyTextNotPresent("У виджета нет данных", false) == true): null

11-03-2025T03:24:42 - [MESSAGE][PASSED] - Text 'У виджета нет данных' is not present on page

11-03-2025T03:24:42 - [TEST_STEP][PASSED] - if (verifyTextNotPresent("У виджета нет данных", false) == true): Text 'У виджета нет данных' is not present on page

11-03-2025T03:24:42 - [MESSAGE][PASSED] - Text 'У виджета нет данных' is not present on page

11-03-2025T03:24:42 - [TEST_STEP][PASSED] - click(findTestObject("Выручка по ДЗО/Фильтр Выручка")): Object: 'Object Repository/Выручка по ДЗО/Фильтр Выручка' is clicked on

11-03-2025T03:24:42 - [MESSAGE][PASSED] - Object: 'Object Repository/Выручка по ДЗО/Фильтр Выручка' is clicked on

11-03-2025T03:24:42 - [TEST_STEP][PASSED] - click(findTestObject("Выручка по ДЗО/Снять выделение в фильтре Выручка")): Object: 'Object Repository/Выручка по ДЗО/Снять выделение в фильтре Выручка' is clicked on

11-03-2025T03:24:43 - [MESSAGE][PASSED] - Object: 'Object Repository/Выручка по ДЗО/Снять выделение в фильтре Выручка' is clicked on

11-03-2025T03:24:43 - [TEST_STEP][PASSED] - click(findTestObject("Выручка по ДЗО/Применить в фильтре Выручка")): Object: 'Object Repository/Выручка по ДЗО/Применить в фильтре Выручка' is clicked on

11-03-2025T03:24:43 - [MESSAGE][PASSED] - Object: 'Object Repository/Выручка по ДЗО/Применить в фильтре Выручка' is clicked on

11-03-2025T03:24:43 - [TEST_STEP][PASSED] - click(findTestObject("Выручка по ДЗО/Фильтр ДЗО")): Object: 'Object Repository/Выручка по ДЗО/Фильтр ДЗО' is clicked on

11-03-2025T03:24:44 - [MESSAGE][PASSED] - Object: 'Object Repository/Выручка по ДЗО/Фильтр ДЗО' is clicked on

11-03-2025T03:24:44 - [TEST_STEP][PASSED] - click(findTestObject("Выручка по ДЗО/Снять выделение в фильтре ДЗО")): Object: 'Object Repository/Выручка по ДЗО/Снять выделение в фильтре ДЗО' is clicked on

11-03-2025T03:24:45 - [MESSAGE][PASSED] - Object: 'Object Repository/Выручка по ДЗО/Снять выделение в фильтре ДЗО' is clicked on

11-03-2025T03:24:45 - [TEST_STEP][PASSED] - scrollToElement(findTestObject("Общие объекты/Омскэнерго"), 30): Scroll to object 'Object Repository/Общие объекты/Омскэнерго' successfully

11-03-2025T03:24:45 - [MESSAGE][PASSED] - Scroll to object 'Object Repository/Общие объекты/Омскэнерго' successfully

11-03-2025T03:24:45 - [TEST_STEP][PASSED] - click(findTestObject("Общие объекты/Омскэнерго"), CONTINUE_ON_FAILURE): Object: 'Object Repository/Общие объекты/Омскэнерго' is clicked on

11-03-2025T03:24:45 - [MESSAGE][PASSED] - Object: 'Object Repository/Общие объекты/Омскэнерго' is clicked on

11-03-2025T03:24:45 - [TEST_STEP][PASSED] - Script1687405711779.Change(todaysDate): null

11-03-2025T03:24:45 - [TEST_STEP][PASSED] - scrollToElement(findTestObject("Выручка по ДЗО/Заголовок дашборда"), 30): Scroll to object 'Object Repository/Выручка по ДЗО/Заголовок дашборда' successfully

11-03-2025T03:24:46 - [MESSAGE][PASSED] - Scroll to object 'Object Repository/Выручка по ДЗО/Заголовок дашборда' successfully

11-03-2025T03:24:46 - [TEST_STEP][PASSED] - click(findTestObject("Выручка по ДЗО/Применить в фильтре ДЗО")): Object: 'Object Repository/Выручка по ДЗО/Применить в фильтре ДЗО' is clicked on

11-03-2025T03:24:46 - [MESSAGE][PASSED] - Object: 'Object Repository/Выручка по ДЗО/Применить в фильтре ДЗО' is clicked on

11-03-2025T03:24:46 - [TEST_STEP][PASSED] - Script1687405711779.Tumbler(todaysDate): null

11-03-2025T03:24:46 - [TEST_STEP][PASSED] - Script1687405711779.Test(todaysDate): null

11-03-2025T03:24:46 - [TEST_STEP][PASSED] - delay(10): Delayed 10 second(s)

11-03-2025T03:24:56 - [MESSAGE][PASSED] - Delayed 10 second(s)

11-03-2025T03:24:56 - [TEST_STEP][PASSED] - if (verifyTextNotPresent("нет данных", false) == true): null

11-03-2025T03:24:57 - [MESSAGE][PASSED] - Text 'нет данных' is not present on page

11-03-2025T03:24:57 - [TEST_STEP][PASSED] - if (verifyTextNotPresent("Ошибка запроса данных", false) == true): null

11-03-2025T03:24:57 - [MESSAGE][PASSED] - Text 'Ошибка запроса данных' is not present on page

11-03-2025T03:24:57 - [TEST_STEP][PASSED] - if (verifyTextNotPresent("Произошла ошибка при выполнении пользовательского кода", false) == true): null

11-03-2025T03:24:58 - [MESSAGE][PASSED] - Text 'Произошла ошибка при выполнении пользовательского кода' is not present on page

11-03-2025T03:24:58 - [TEST_STEP][PASSED] - if (verifyTextNotPresent("У виджета нет данных", false) == true): null

11-03-2025T03:24:58 - [MESSAGE][PASSED] - Text 'У виджета нет данных' is not present on page

11-03-2025T03:24:58 - [TEST_STEP][PASSED] - if (verifyTextNotPresent("У виджета нет данных", false) == true): Text 'У виджета нет данных' is not present on page

11-03-2025T03:24:59 - [MESSAGE][PASSED] - Text 'У виджета нет данных' is not present on page

11-03-2025T03:24:59 - [TEST_STEP][PASSED] - click(findTestObject("Выручка по ДЗО/Фильтр Выручка")): Object: 'Object Repository/Выручка по ДЗО/Фильтр Выручка' is clicked on

11-03-2025T03:24:59 - [MESSAGE][PASSED] - Object: 'Object Repository/Выручка по ДЗО/Фильтр Выручка' is clicked on

11-03-2025T03:24:59 - [TEST_STEP][PASSED] - click(findTestObject("Выручка по ДЗО/Внутренний оборот в фильтре Выручка")): Object: 'Object Repository/Выручка по ДЗО/Внутренний оборот в фильтре Выручка' is clicked on

11-03-2025T03:25:00 - [MESSAGE][PASSED] - Object: 'Object Repository/Выручка по ДЗО/Внутренний оборот в фильтре Выручка' is clicked on

11-03-2025T03:25:00 - [TEST_STEP][PASSED] - click(findTestObject("Выручка по ДЗО/Применить в фильтре Выручка")): Object: 'Object Repository/Выручка по ДЗО/Применить в фильтре Выручка' is clicked on

11-03-2025T03:25:00 - [MESSAGE][PASSED] - Object: 'Object Repository/Выручка по ДЗО/Применить в фильтре Выручка' is clicked on

11-03-2025T03:25:00 - [TEST_STEP][PASSED] - Script1687405711779.Test(todaysDate): null

11-03-2025T03:25:00 - [TEST_STEP][PASSED] - delay(10): Delayed 10 second(s)

11-03-2025T03:25:10 - [MESSAGE][PASSED] - Delayed 10 second(s)

11-03-2025T03:25:10 - [TEST_STEP][FAILED] - if (verifyTextNotPresent("нет данных", false) == true): Text 'нет данных' is present on page  (Root cause: com.kms.katalon.core.exception.StepFailedException: Text 'нет данных' is present on page 
	at com.kms.katalon.core.webui.keyword.internal.WebUIKeywordMain.stepFailed(WebUIKeywordMain.groovy:64)
	at com.kms.katalon.core.webui.keyword.builtin.VerifyTextNotPresentKeyword$_verifyTextNotPresent_closure1.doCall(VerifyTextNotPresentKeyword.groovy:77)
	at com.kms.katalon.core.webui.keyword.builtin.VerifyTextNotPresentKeyword$_verifyTextNotPresent_closure1.call(VerifyTextNotPresentKeyword.groovy)
	at com.kms.katalon.core.webui.keyword.internal.WebUIKeywordMain.runKeyword(WebUIKeywordMain.groovy:20)
	at com.kms.katalon.core.webui.keyword.builtin.VerifyTextNotPresentKeyword.verifyTextNotPresent(VerifyTextNotPresentKeyword.groovy:82)
	at com.kms.katalon.core.webui.keyword.builtin.VerifyTextNotPresentKeyword.execute(VerifyTextNotPresentKeyword.groovy:68)
	at com.kms.katalon.core.keyword.internal.KeywordExecutor.executeKeywordForPlatform(KeywordExecutor.groovy:74)
	at com.kms.katalon.core.webui.keyword.WebUiBuiltInKeywords.verifyTextNotPresent(WebUiBuiltInKeywords.groovy:1795)
	at Выручка по ДЗО отображение данных все филиалы.Test(Выручка по ДЗО отображение данных все филиалы:772)
	at Выручка по ДЗО отображение данных все филиалы.Tumbler(Выручка по ДЗО отображение данных все филиалы:726)
	at Выручка по ДЗО отображение данных все филиалы.Change(Выручка по ДЗО отображение данных все филиалы:760)
	at Выручка по ДЗО отображение данных все филиалы.DzoTest(Выручка по ДЗО отображение данных все филиалы:434)
	at Выручка по ДЗО отображение данных все филиалы.run(Выручка по ДЗО отображение данных все филиалы:122)
	at com.kms.katalon.core.main.ScriptEngine.run(ScriptEngine.java:194)
	at com.kms.katalon.core.main.ScriptEngine.runScriptAsRawText(ScriptEngine.java:119)
	at com.kms.katalon.core.main.TestCaseExecutor.runScript(TestCaseExecutor.java:448)
	at com.kms.katalon.core.main.TestCaseExecutor.doExecute(TestCaseExecutor.java:439)
	at com.kms.katalon.core.main.TestCaseExecutor.processExecutionPhase(TestCaseExecutor.java:418)
	at com.kms.katalon.core.main.TestCaseExecutor.accessMainPhase(TestCaseExecutor.java:410)
	at com.kms.katalon.core.main.TestCaseExecutor.execute(TestCaseExecutor.java:285)
	at com.kms.katalon.core.common.CommonExecutor.accessTestCaseMainPhase(CommonExecutor.java:65)
	at com.kms.katalon.core.main.TestSuiteExecutor.accessTestSuiteMainPhase(TestSuiteExecutor.java:150)
	at com.kms.katalon.core.main.TestSuiteExecutor.execute(TestSuiteExecutor.java:106)
	at com.kms.katalon.core.main.TestCaseMain.startTestSuite(TestCaseMain.java:180)
	at TempTestSuite1741649958618.run(TempTestSuite1741649958618.groovy:35)
	at java.base/jdk.internal.reflect.NativeMethodAccessorImpl.invoke0(Native Method)
	at java.base/jdk.internal.reflect.NativeMethodAccessorImpl.invoke(NativeMethodAccessorImpl.java:77)
	at java.base/jdk.internal.reflect.DelegatingMethodAccessorImpl.invoke(DelegatingMethodAccessorImpl.java:43)
)

11-03-2025T03:25:11 - [MESSAGE][FAILED] - Text 'нет данных' is present on page  (Root cause: com.kms.katalon.core.exception.StepFailedException: Text 'нет данных' is present on page 
	at com.kms.katalon.core.webui.keyword.internal.WebUIKeywordMain.stepFailed(WebUIKeywordMain.groovy:64)
	at com.kms.katalon.core.webui.keyword.builtin.VerifyTextNotPresentKeyword$_verifyTextNotPresent_closure1.doCall(VerifyTextNotPresentKeyword.groovy:77)
	at com.kms.katalon.core.webui.keyword.builtin.VerifyTextNotPresentKeyword$_verifyTextNotPresent_closure1.call(VerifyTextNotPresentKeyword.groovy)
	at com.kms.katalon.core.webui.keyword.internal.WebUIKeywordMain.runKeyword(WebUIKeywordMain.groovy:20)
	at com.kms.katalon.core.webui.keyword.builtin.VerifyTextNotPresentKeyword.verifyTextNotPresent(VerifyTextNotPresentKeyword.groovy:82)
	at com.kms.katalon.core.webui.keyword.builtin.VerifyTextNotPresentKeyword.execute(VerifyTextNotPresentKeyword.groovy:68)
	at com.kms.katalon.core.keyword.internal.KeywordExecutor.executeKeywordForPlatform(KeywordExecutor.groovy:74)
	at com.kms.katalon.core.webui.keyword.WebUiBuiltInKeywords.verifyTextNotPresent(WebUiBuiltInKeywords.groovy:1795)
	at Выручка по ДЗО отображение данных все филиалы.Test(Выручка по ДЗО отображение данных все филиалы:772)
	at Выручка по ДЗО отображение данных все филиалы.Tumbler(Выручка по ДЗО отображение данных все филиалы:726)
	at Выручка по ДЗО отображение данных все филиалы.Change(Выручка по ДЗО отображение данных все филиалы:760)
	at Выручка по ДЗО отображение данных все филиалы.DzoTest(Выручка по ДЗО отображение данных все филиалы:434)
	at Выручка по ДЗО отображение данных все филиалы.run(Выручка по ДЗО отображение данных все филиалы:122)
	at com.kms.katalon.core.main.ScriptEngine.run(ScriptEngine.java:194)
	at com.kms.katalon.core.main.ScriptEngine.runScriptAsRawText(ScriptEngine.java:119)
	at com.kms.katalon.core.main.TestCaseExecutor.runScript(TestCaseExecutor.java:448)
	at com.kms.katalon.core.main.TestCaseExecutor.doExecute(TestCaseExecutor.java:439)
	at com.kms.katalon.core.main.TestCaseExecutor.processExecutionPhase(TestCaseExecutor.java:418)
	at com.kms.katalon.core.main.TestCaseExecutor.accessMainPhase(TestCaseExecutor.java:410)
	at com.kms.katalon.core.main.TestCaseExecutor.execute(TestCaseExecutor.java:285)
	at com.kms.katalon.core.common.CommonExecutor.accessTestCaseMainPhase(CommonExecutor.java:65)
	at com.kms.katalon.core.main.TestSuiteExecutor.accessTestSuiteMainPhase(TestSuiteExecutor.java:150)
	at com.kms.katalon.core.main.TestSuiteExecutor.execute(TestSuiteExecutor.java:106)
	at com.kms.katalon.core.main.TestCaseMain.startTestSuite(TestCaseMain.java:180)
	at TempTestSuite1741649958618.run(TempTestSuite1741649958618.groovy:35)
	at java.base/jdk.internal.reflect.NativeMethodAccessorImpl.invoke0(Native Method)
	at java.base/jdk.internal.reflect.NativeMethodAccessorImpl.invoke(NativeMethodAccessorImpl.java:77)
	at java.base/jdk.internal.reflect.DelegatingMethodAccessorImpl.invoke(DelegatingMethodAccessorImpl.java:43)
)

11-03-2025T03:25:11 - [TEST_STEP][PASSED] - else: null

11-03-2025T03:25:11 - [TEST_STEP][PASSED] - Script1687405711779.WriteToExcel(todaysDate): null

11-03-2025T03:25:11 - [TEST_STEP][PASSED] - sheetName = "Sheet1": null

11-03-2025T03:25:11 - [TEST_STEP][PASSED] - data = findTestData("PlanFact"): null

11-03-2025T03:25:11 - [TEST_STEP][PASSED] - n = data.getRowNumbers() + 1: null

11-03-2025T03:25:11 - [TEST_STEP][PASSED] - dZO = getText(findTestObject("Выручка по ДЗО/Фильтр ДЗО")): Text of object 'Object Repository/Выручка по ДЗО/Фильтр ДЗО' is: 'ПАО Россети - РаспредКомплекс - Россети Сибирь (ГК) - Омскэнерго'

11-03-2025T03:25:11 - [MESSAGE][PASSED] - Text of object 'Object Repository/Выручка по ДЗО/Фильтр ДЗО' is: 'ПАО Россети - РаспредКомплекс - Россети Сибирь (ГК) - Омскэнерго'

11-03-2025T03:25:11 - [TEST_STEP][PASSED] - period = getText(findTestObject("Выручка по ДЗО/Фильтр Дата")): Text of object 'Object Repository/Выручка по ДЗО/Фильтр Дата' is: 'Январь 2025 года'

11-03-2025T03:25:11 - [MESSAGE][PASSED] - Text of object 'Object Repository/Выручка по ДЗО/Фильтр Дата' is: 'Январь 2025 года'

11-03-2025T03:25:11 - [TEST_STEP][PASSED] - viruchka = getText(findTestObject("Выручка по ДЗО/Фильтр Выручка")): Text of object 'Object Repository/Выручка по ДЗО/Фильтр Выручка' is: 'внутренний оборот'

11-03-2025T03:25:12 - [MESSAGE][PASSED] - Text of object 'Object Repository/Выручка по ДЗО/Фильтр Выручка' is: 'внутренний оборот'

11-03-2025T03:25:12 - [TEST_STEP][PASSED] - if (viruchka == "Выбрано: 2"): null

11-03-2025T03:25:12 - [TEST_STEP][PASSED] - if (viruchka == "Все"): null

11-03-2025T03:25:12 - [TEST_STEP][PASSED] - println(period): null

11-03-2025T03:25:12 - [TEST_STEP][PASSED] - dashboardName = "Выручка по ДЗО": null

11-03-2025T03:25:12 - [TEST_STEP][PASSED] - workbook01 = getWorkbook(excelFilePath): null

11-03-2025T03:25:12 - [TEST_STEP][PASSED] - sheet01 = getExcelSheet(workbook01, sheetName): null

11-03-2025T03:25:12 - [TEST_STEP][PASSED] - setValueToCellByIndex(sheet01, n, 0, dashboardName): null

11-03-2025T03:25:12 - [TEST_STEP][PASSED] - setValueToCellByIndex(sheet01, n, 1, dZO): null

11-03-2025T03:25:12 - [TEST_STEP][PASSED] - setValueToCellByIndex(sheet01, n, 2, period): null

11-03-2025T03:25:12 - [TEST_STEP][PASSED] - setValueToCellByIndex(sheet01, n, 3, viruchka): null

11-03-2025T03:25:12 - [TEST_STEP][PASSED] - setValueToCellByIndex(sheet01, n, 4, todaysDate): null

11-03-2025T03:25:12 - [TEST_STEP][PASSED] - n = n + 1: null

11-03-2025T03:25:12 - [TEST_STEP][PASSED] - saveWorkbook(excelFilePath, workbook01): null

11-03-2025T03:25:12 - [TEST_STEP][PASSED] - click(findTestObject("Выручка по ДЗО/Фильтр Выручка")): Object: 'Object Repository/Выручка по ДЗО/Фильтр Выручка' is clicked on

11-03-2025T03:25:12 - [MESSAGE][PASSED] - Object: 'Object Repository/Выручка по ДЗО/Фильтр Выручка' is clicked on

11-03-2025T03:25:12 - [TEST_STEP][PASSED] - click(findTestObject("Выручка по ДЗО/По передаче в фильтре Выручка")): Object: 'Object Repository/Выручка по ДЗО/По передаче в фильтре Выручка' is clicked on

11-03-2025T03:25:13 - [MESSAGE][PASSED] - Object: 'Object Repository/Выручка по ДЗО/По передаче в фильтре Выручка' is clicked on

11-03-2025T03:25:13 - [TEST_STEP][PASSED] - click(findTestObject("Выручка по ДЗО/Применить в фильтре Выручка")): Object: 'Object Repository/Выручка по ДЗО/Применить в фильтре Выручка' is clicked on

11-03-2025T03:25:13 - [MESSAGE][PASSED] - Object: 'Object Repository/Выручка по ДЗО/Применить в фильтре Выручка' is clicked on

11-03-2025T03:25:13 - [TEST_STEP][PASSED] - Script1687405711779.Test(todaysDate): null

11-03-2025T03:25:13 - [TEST_STEP][PASSED] - delay(10): Delayed 10 second(s)

11-03-2025T03:25:23 - [MESSAGE][PASSED] - Delayed 10 second(s)

11-03-2025T03:25:23 - [TEST_STEP][PASSED] - if (verifyTextNotPresent("нет данных", false) == true): null

11-03-2025T03:25:24 - [MESSAGE][PASSED] - Text 'нет данных' is not present on page

11-03-2025T03:25:24 - [TEST_STEP][PASSED] - if (verifyTextNotPresent("Ошибка запроса данных", false) == true): null

11-03-2025T03:25:24 - [MESSAGE][PASSED] - Text 'Ошибка запроса данных' is not present on page

11-03-2025T03:25:24 - [TEST_STEP][PASSED] - if (verifyTextNotPresent("Произошла ошибка при выполнении пользовательского кода", false) == true): null

11-03-2025T03:25:25 - [MESSAGE][PASSED] - Text 'Произошла ошибка при выполнении пользовательского кода' is not present on page

11-03-2025T03:25:25 - [TEST_STEP][PASSED] - if (verifyTextNotPresent("У виджета нет данных", false) == true): null

11-03-2025T03:25:25 - [MESSAGE][PASSED] - Text 'У виджета нет данных' is not present on page

11-03-2025T03:25:25 - [TEST_STEP][PASSED] - if (verifyTextNotPresent("У виджета нет данных", false) == true): Text 'У виджета нет данных' is not present on page

11-03-2025T03:25:26 - [MESSAGE][PASSED] - Text 'У виджета нет данных' is not present on page

11-03-2025T03:25:26 - [TEST_STEP][PASSED] - click(findTestObject("Выручка по ДЗО/Фильтр Выручка")): Object: 'Object Repository/Выручка по ДЗО/Фильтр Выручка' is clicked on

11-03-2025T03:25:26 - [MESSAGE][PASSED] - Object: 'Object Repository/Выручка по ДЗО/Фильтр Выручка' is clicked on

11-03-2025T03:25:26 - [TEST_STEP][PASSED] - click(findTestObject("Выручка по ДЗО/Снять выделение в фильтре Выручка")): Object: 'Object Repository/Выручка по ДЗО/Снять выделение в фильтре Выручка' is clicked on

11-03-2025T03:25:27 - [MESSAGE][PASSED] - Object: 'Object Repository/Выручка по ДЗО/Снять выделение в фильтре Выручка' is clicked on

11-03-2025T03:25:27 - [TEST_STEP][PASSED] - click(findTestObject("Выручка по ДЗО/По передаче в фильтре Выручка")): Object: 'Object Repository/Выручка по ДЗО/По передаче в фильтре Выручка' is clicked on

11-03-2025T03:25:27 - [MESSAGE][PASSED] - Object: 'Object Repository/Выручка по ДЗО/По передаче в фильтре Выручка' is clicked on

11-03-2025T03:25:27 - [TEST_STEP][PASSED] - click(findTestObject("Выручка по ДЗО/Применить в фильтре Выручка")): Object: 'Object Repository/Выручка по ДЗО/Применить в фильтре Выручка' is clicked on

11-03-2025T03:25:28 - [MESSAGE][PASSED] - Object: 'Object Repository/Выручка по ДЗО/Применить в фильтре Выручка' is clicked on

11-03-2025T03:25:28 - [TEST_STEP][PASSED] - Script1687405711779.Test(todaysDate): null

11-03-2025T03:25:28 - [TEST_STEP][PASSED] - delay(10): Delayed 10 second(s)

11-03-2025T03:25:38 - [MESSAGE][PASSED] - Delayed 10 second(s)

11-03-2025T03:25:38 - [TEST_STEP][PASSED] - if (verifyTextNotPresent("нет данных", false) == true): null

11-03-2025T03:25:38 - [MESSAGE][PASSED] - Text 'нет данных' is not present on page

11-03-2025T03:25:38 - [TEST_STEP][PASSED] - if (verifyTextNotPresent("Ошибка запроса данных", false) == true): null

11-03-2025T03:25:39 - [MESSAGE][PASSED] - Text 'Ошибка запроса данных' is not present on page

11-03-2025T03:25:39 - [TEST_STEP][PASSED] - if (verifyTextNotPresent("Произошла ошибка при выполнении пользовательского кода", false) == true): null

11-03-2025T03:25:39 - [MESSAGE][PASSED] - Text 'Произошла ошибка при выполнении пользовательского кода' is not present on page

11-03-2025T03:25:39 - [TEST_STEP][PASSED] - if (verifyTextNotPresent("У виджета нет данных", false) == true): null

11-03-2025T03:25:40 - [MESSAGE][PASSED] - Text 'У виджета нет данных' is not present on page

11-03-2025T03:25:40 - [TEST_STEP][PASSED] - if (verifyTextNotPresent("У виджета нет данных", false) == true): Text 'У виджета нет данных' is not present on page

11-03-2025T03:25:40 - [MESSAGE][PASSED] - Text 'У виджета нет данных' is not present on page

11-03-2025T03:25:40 - [TEST_STEP][PASSED] - click(findTestObject("Выручка по ДЗО/Фильтр Выручка")): Object: 'Object Repository/Выручка по ДЗО/Фильтр Выручка' is clicked on

11-03-2025T03:25:41 - [MESSAGE][PASSED] - Object: 'Object Repository/Выручка по ДЗО/Фильтр Выручка' is clicked on

11-03-2025T03:25:41 - [TEST_STEP][PASSED] - click(findTestObject("Выручка по ДЗО/Снять выделение в фильтре Выручка")): Object: 'Object Repository/Выручка по ДЗО/Снять выделение в фильтре Выручка' is clicked on

11-03-2025T03:25:41 - [MESSAGE][PASSED] - Object: 'Object Repository/Выручка по ДЗО/Снять выделение в фильтре Выручка' is clicked on

11-03-2025T03:25:41 - [TEST_STEP][PASSED] - click(findTestObject("Выручка по ДЗО/Применить в фильтре Выручка")): Object: 'Object Repository/Выручка по ДЗО/Применить в фильтре Выручка' is clicked on

11-03-2025T03:25:42 - [MESSAGE][PASSED] - Object: 'Object Repository/Выручка по ДЗО/Применить в фильтре Выручка' is clicked on

11-03-2025T03:25:42 - [TEST_STEP][PASSED] - click(findTestObject("Выручка по ДЗО/Фильтр ДЗО")): Object: 'Object Repository/Выручка по ДЗО/Фильтр ДЗО' is clicked on

11-03-2025T03:25:43 - [MESSAGE][PASSED] - Object: 'Object Repository/Выручка по ДЗО/Фильтр ДЗО' is clicked on

11-03-2025T03:25:43 - [TEST_STEP][PASSED] - click(findTestObject("Выручка по ДЗО/Снять выделение в фильтре ДЗО")): Object: 'Object Repository/Выручка по ДЗО/Снять выделение в фильтре ДЗО' is clicked on

11-03-2025T03:25:43 - [MESSAGE][PASSED] - Object: 'Object Repository/Выручка по ДЗО/Снять выделение в фильтре ДЗО' is clicked on

11-03-2025T03:25:43 - [TEST_STEP][PASSED] - scrollToElement(findTestObject("Общие объекты/Хакасэнерго"), 30): Scroll to object 'Object Repository/Общие объекты/Хакасэнерго' successfully

11-03-2025T03:25:44 - [MESSAGE][PASSED] - Scroll to object 'Object Repository/Общие объекты/Хакасэнерго' successfully

11-03-2025T03:25:44 - [TEST_STEP][PASSED] - click(findTestObject("Общие объекты/Хакасэнерго"), CONTINUE_ON_FAILURE): Object: 'Object Repository/Общие объекты/Хакасэнерго' is clicked on

11-03-2025T03:25:44 - [MESSAGE][PASSED] - Object: 'Object Repository/Общие объекты/Хакасэнерго' is clicked on

11-03-2025T03:25:44 - [TEST_STEP][PASSED] - Script1687405711779.Change(todaysDate): null

11-03-2025T03:25:44 - [TEST_STEP][PASSED] - scrollToElement(findTestObject("Выручка по ДЗО/Заголовок дашборда"), 30): Scroll to object 'Object Repository/Выручка по ДЗО/Заголовок дашборда' successfully

11-03-2025T03:25:44 - [MESSAGE][PASSED] - Scroll to object 'Object Repository/Выручка по ДЗО/Заголовок дашборда' successfully

11-03-2025T03:25:44 - [TEST_STEP][PASSED] - click(findTestObject("Выручка по ДЗО/Применить в фильтре ДЗО")): Object: 'Object Repository/Выручка по ДЗО/Применить в фильтре ДЗО' is clicked on

11-03-2025T03:25:45 - [MESSAGE][PASSED] - Object: 'Object Repository/Выручка по ДЗО/Применить в фильтре ДЗО' is clicked on

11-03-2025T03:25:45 - [TEST_STEP][PASSED] - Script1687405711779.Tumbler(todaysDate): null

11-03-2025T03:25:45 - [TEST_STEP][PASSED] - Script1687405711779.Test(todaysDate): null

11-03-2025T03:25:45 - [TEST_STEP][PASSED] - delay(10): Delayed 10 second(s)

11-03-2025T03:25:55 - [MESSAGE][PASSED] - Delayed 10 second(s)

11-03-2025T03:25:55 - [TEST_STEP][PASSED] - if (verifyTextNotPresent("нет данных", false) == true): null

11-03-2025T03:25:55 - [MESSAGE][PASSED] - Text 'нет данных' is not present on page

11-03-2025T03:25:55 - [TEST_STEP][PASSED] - if (verifyTextNotPresent("Ошибка запроса данных", false) == true): null

11-03-2025T03:25:56 - [MESSAGE][PASSED] - Text 'Ошибка запроса данных' is not present on page

11-03-2025T03:25:56 - [TEST_STEP][PASSED] - if (verifyTextNotPresent("Произошла ошибка при выполнении пользовательского кода", false) == true): null

11-03-2025T03:25:56 - [MESSAGE][PASSED] - Text 'Произошла ошибка при выполнении пользовательского кода' is not present on page

11-03-2025T03:25:56 - [TEST_STEP][PASSED] - if (verifyTextNotPresent("У виджета нет данных", false) == true): null

11-03-2025T03:25:57 - [MESSAGE][PASSED] - Text 'У виджета нет данных' is not present on page

11-03-2025T03:25:57 - [TEST_STEP][PASSED] - if (verifyTextNotPresent("У виджета нет данных", false) == true): Text 'У виджета нет данных' is not present on page

11-03-2025T03:25:57 - [MESSAGE][PASSED] - Text 'У виджета нет данных' is not present on page

11-03-2025T03:25:57 - [TEST_STEP][PASSED] - click(findTestObject("Выручка по ДЗО/Фильтр Выручка")): Object: 'Object Repository/Выручка по ДЗО/Фильтр Выручка' is clicked on

11-03-2025T03:25:58 - [MESSAGE][PASSED] - Object: 'Object Repository/Выручка по ДЗО/Фильтр Выручка' is clicked on

11-03-2025T03:25:58 - [TEST_STEP][PASSED] - click(findTestObject("Выручка по ДЗО/Внутренний оборот в фильтре Выручка")): Object: 'Object Repository/Выручка по ДЗО/Внутренний оборот в фильтре Выручка' is clicked on

11-03-2025T03:25:58 - [MESSAGE][PASSED] - Object: 'Object Repository/Выручка по ДЗО/Внутренний оборот в фильтре Выручка' is clicked on

11-03-2025T03:25:58 - [TEST_STEP][PASSED] - click(findTestObject("Выручка по ДЗО/Применить в фильтре Выручка")): Object: 'Object Repository/Выручка по ДЗО/Применить в фильтре Выручка' is clicked on

11-03-2025T03:25:59 - [MESSAGE][PASSED] - Object: 'Object Repository/Выручка по ДЗО/Применить в фильтре Выручка' is clicked on

11-03-2025T03:25:59 - [TEST_STEP][PASSED] - Script1687405711779.Test(todaysDate): null

11-03-2025T03:25:59 - [TEST_STEP][PASSED] - delay(10): Delayed 10 second(s)

11-03-2025T03:26:09 - [MESSAGE][PASSED] - Delayed 10 second(s)

11-03-2025T03:26:09 - [TEST_STEP][FAILED] - if (verifyTextNotPresent("нет данных", false) == true): Text 'нет данных' is present on page  (Root cause: com.kms.katalon.core.exception.StepFailedException: Text 'нет данных' is present on page 
	at com.kms.katalon.core.webui.keyword.internal.WebUIKeywordMain.stepFailed(WebUIKeywordMain.groovy:64)
	at com.kms.katalon.core.webui.keyword.builtin.VerifyTextNotPresentKeyword$_verifyTextNotPresent_closure1.doCall(VerifyTextNotPresentKeyword.groovy:77)
	at com.kms.katalon.core.webui.keyword.builtin.VerifyTextNotPresentKeyword$_verifyTextNotPresent_closure1.call(VerifyTextNotPresentKeyword.groovy)
	at com.kms.katalon.core.webui.keyword.internal.WebUIKeywordMain.runKeyword(WebUIKeywordMain.groovy:20)
	at com.kms.katalon.core.webui.keyword.builtin.VerifyTextNotPresentKeyword.verifyTextNotPresent(VerifyTextNotPresentKeyword.groovy:82)
	at com.kms.katalon.core.webui.keyword.builtin.VerifyTextNotPresentKeyword.execute(VerifyTextNotPresentKeyword.groovy:68)
	at com.kms.katalon.core.keyword.internal.KeywordExecutor.executeKeywordForPlatform(KeywordExecutor.groovy:74)
	at com.kms.katalon.core.webui.keyword.WebUiBuiltInKeywords.verifyTextNotPresent(WebUiBuiltInKeywords.groovy:1795)
	at Выручка по ДЗО отображение данных все филиалы.Test(Выручка по ДЗО отображение данных все филиалы:772)
	at Выручка по ДЗО отображение данных все филиалы.Tumbler(Выручка по ДЗО отображение данных все филиалы:726)
	at Выручка по ДЗО отображение данных все филиалы.Change(Выручка по ДЗО отображение данных все филиалы:760)
	at Выручка по ДЗО отображение данных все филиалы.DzoTest(Выручка по ДЗО отображение данных все филиалы:440)
	at Выручка по ДЗО отображение данных все филиалы.run(Выручка по ДЗО отображение данных все филиалы:122)
	at com.kms.katalon.core.main.ScriptEngine.run(ScriptEngine.java:194)
	at com.kms.katalon.core.main.ScriptEngine.runScriptAsRawText(ScriptEngine.java:119)
	at com.kms.katalon.core.main.TestCaseExecutor.runScript(TestCaseExecutor.java:448)
	at com.kms.katalon.core.main.TestCaseExecutor.doExecute(TestCaseExecutor.java:439)
	at com.kms.katalon.core.main.TestCaseExecutor.processExecutionPhase(TestCaseExecutor.java:418)
	at com.kms.katalon.core.main.TestCaseExecutor.accessMainPhase(TestCaseExecutor.java:410)
	at com.kms.katalon.core.main.TestCaseExecutor.execute(TestCaseExecutor.java:285)
	at com.kms.katalon.core.common.CommonExecutor.accessTestCaseMainPhase(CommonExecutor.java:65)
	at com.kms.katalon.core.main.TestSuiteExecutor.accessTestSuiteMainPhase(TestSuiteExecutor.java:150)
	at com.kms.katalon.core.main.TestSuiteExecutor.execute(TestSuiteExecutor.java:106)
	at com.kms.katalon.core.main.TestCaseMain.startTestSuite(TestCaseMain.java:180)
	at TempTestSuite1741649958618.run(TempTestSuite1741649958618.groovy:35)
	at java.base/jdk.internal.reflect.NativeMethodAccessorImpl.invoke0(Native Method)
	at java.base/jdk.internal.reflect.NativeMethodAccessorImpl.invoke(NativeMethodAccessorImpl.java:77)
	at java.base/jdk.internal.reflect.DelegatingMethodAccessorImpl.invoke(DelegatingMethodAccessorImpl.java:43)
)

11-03-2025T03:26:09 - [MESSAGE][FAILED] - Text 'нет данных' is present on page  (Root cause: com.kms.katalon.core.exception.StepFailedException: Text 'нет данных' is present on page 
	at com.kms.katalon.core.webui.keyword.internal.WebUIKeywordMain.stepFailed(WebUIKeywordMain.groovy:64)
	at com.kms.katalon.core.webui.keyword.builtin.VerifyTextNotPresentKeyword$_verifyTextNotPresent_closure1.doCall(VerifyTextNotPresentKeyword.groovy:77)
	at com.kms.katalon.core.webui.keyword.builtin.VerifyTextNotPresentKeyword$_verifyTextNotPresent_closure1.call(VerifyTextNotPresentKeyword.groovy)
	at com.kms.katalon.core.webui.keyword.internal.WebUIKeywordMain.runKeyword(WebUIKeywordMain.groovy:20)
	at com.kms.katalon.core.webui.keyword.builtin.VerifyTextNotPresentKeyword.verifyTextNotPresent(VerifyTextNotPresentKeyword.groovy:82)
	at com.kms.katalon.core.webui.keyword.builtin.VerifyTextNotPresentKeyword.execute(VerifyTextNotPresentKeyword.groovy:68)
	at com.kms.katalon.core.keyword.internal.KeywordExecutor.executeKeywordForPlatform(KeywordExecutor.groovy:74)
	at com.kms.katalon.core.webui.keyword.WebUiBuiltInKeywords.verifyTextNotPresent(WebUiBuiltInKeywords.groovy:1795)
	at Выручка по ДЗО отображение данных все филиалы.Test(Выручка по ДЗО отображение данных все филиалы:772)
	at Выручка по ДЗО отображение данных все филиалы.Tumbler(Выручка по ДЗО отображение данных все филиалы:726)
	at Выручка по ДЗО отображение данных все филиалы.Change(Выручка по ДЗО отображение данных все филиалы:760)
	at Выручка по ДЗО отображение данных все филиалы.DzoTest(Выручка по ДЗО отображение данных все филиалы:440)
	at Выручка по ДЗО отображение данных все филиалы.run(Выручка по ДЗО отображение данных все филиалы:122)
	at com.kms.katalon.core.main.ScriptEngine.run(ScriptEngine.java:194)
	at com.kms.katalon.core.main.ScriptEngine.runScriptAsRawText(ScriptEngine.java:119)
	at com.kms.katalon.core.main.TestCaseExecutor.runScript(TestCaseExecutor.java:448)
	at com.kms.katalon.core.main.TestCaseExecutor.doExecute(TestCaseExecutor.java:439)
	at com.kms.katalon.core.main.TestCaseExecutor.processExecutionPhase(TestCaseExecutor.java:418)
	at com.kms.katalon.core.main.TestCaseExecutor.accessMainPhase(TestCaseExecutor.java:410)
	at com.kms.katalon.core.main.TestCaseExecutor.execute(TestCaseExecutor.java:285)
	at com.kms.katalon.core.common.CommonExecutor.accessTestCaseMainPhase(CommonExecutor.java:65)
	at com.kms.katalon.core.main.TestSuiteExecutor.accessTestSuiteMainPhase(TestSuiteExecutor.java:150)
	at com.kms.katalon.core.main.TestSuiteExecutor.execute(TestSuiteExecutor.java:106)
	at com.kms.katalon.core.main.TestCaseMain.startTestSuite(TestCaseMain.java:180)
	at TempTestSuite1741649958618.run(TempTestSuite1741649958618.groovy:35)
	at java.base/jdk.internal.reflect.NativeMethodAccessorImpl.invoke0(Native Method)
	at java.base/jdk.internal.reflect.NativeMethodAccessorImpl.invoke(NativeMethodAccessorImpl.java:77)
	at java.base/jdk.internal.reflect.DelegatingMethodAccessorImpl.invoke(DelegatingMethodAccessorImpl.java:43)
)

11-03-2025T03:26:09 - [TEST_STEP][PASSED] - else: null

11-03-2025T03:26:09 - [TEST_STEP][PASSED] - Script1687405711779.WriteToExcel(todaysDate): null

11-03-2025T03:26:09 - [TEST_STEP][PASSED] - sheetName = "Sheet1": null

11-03-2025T03:26:09 - [TEST_STEP][PASSED] - data = findTestData("PlanFact"): null

11-03-2025T03:26:09 - [TEST_STEP][PASSED] - n = data.getRowNumbers() + 1: null

11-03-2025T03:26:09 - [TEST_STEP][PASSED] - dZO = getText(findTestObject("Выручка по ДЗО/Фильтр ДЗО")): Text of object 'Object Repository/Выручка по ДЗО/Фильтр ДЗО' is: 'ПАО Россети - РаспредКомплекс - Россети Сибирь (ГК) - Хакасэнерго'

11-03-2025T03:26:10 - [MESSAGE][PASSED] - Text of object 'Object Repository/Выручка по ДЗО/Фильтр ДЗО' is: 'ПАО Россети - РаспредКомплекс - Россети Сибирь (ГК) - Хакасэнерго'

11-03-2025T03:26:10 - [TEST_STEP][PASSED] - period = getText(findTestObject("Выручка по ДЗО/Фильтр Дата")): Text of object 'Object Repository/Выручка по ДЗО/Фильтр Дата' is: 'Январь 2025 года'

11-03-2025T03:26:10 - [MESSAGE][PASSED] - Text of object 'Object Repository/Выручка по ДЗО/Фильтр Дата' is: 'Январь 2025 года'

11-03-2025T03:26:10 - [TEST_STEP][PASSED] - viruchka = getText(findTestObject("Выручка по ДЗО/Фильтр Выручка")): Text of object 'Object Repository/Выручка по ДЗО/Фильтр Выручка' is: 'внутренний оборот'

11-03-2025T03:26:10 - [MESSAGE][PASSED] - Text of object 'Object Repository/Выручка по ДЗО/Фильтр Выручка' is: 'внутренний оборот'

11-03-2025T03:26:10 - [TEST_STEP][PASSED] - if (viruchka == "Выбрано: 2"): null

11-03-2025T03:26:10 - [TEST_STEP][PASSED] - if (viruchka == "Все"): null

11-03-2025T03:26:10 - [TEST_STEP][PASSED] - println(period): null

11-03-2025T03:26:10 - [TEST_STEP][PASSED] - dashboardName = "Выручка по ДЗО": null

11-03-2025T03:26:10 - [TEST_STEP][PASSED] - workbook01 = getWorkbook(excelFilePath): null

11-03-2025T03:26:10 - [TEST_STEP][PASSED] - sheet01 = getExcelSheet(workbook01, sheetName): null

11-03-2025T03:26:10 - [TEST_STEP][PASSED] - setValueToCellByIndex(sheet01, n, 0, dashboardName): null

11-03-2025T03:26:10 - [TEST_STEP][PASSED] - setValueToCellByIndex(sheet01, n, 1, dZO): null

11-03-2025T03:26:10 - [TEST_STEP][PASSED] - setValueToCellByIndex(sheet01, n, 2, period): null

11-03-2025T03:26:10 - [TEST_STEP][PASSED] - setValueToCellByIndex(sheet01, n, 3, viruchka): null

11-03-2025T03:26:10 - [TEST_STEP][PASSED] - setValueToCellByIndex(sheet01, n, 4, todaysDate): null

11-03-2025T03:26:10 - [TEST_STEP][PASSED] - n = n + 1: null

11-03-2025T03:26:10 - [TEST_STEP][PASSED] - saveWorkbook(excelFilePath, workbook01): null

11-03-2025T03:26:11 - [TEST_STEP][PASSED] - click(findTestObject("Выручка по ДЗО/Фильтр Выручка")): Object: 'Object Repository/Выручка по ДЗО/Фильтр Выручка' is clicked on

11-03-2025T03:26:11 - [MESSAGE][PASSED] - Object: 'Object Repository/Выручка по ДЗО/Фильтр Выручка' is clicked on

11-03-2025T03:26:11 - [TEST_STEP][PASSED] - click(findTestObject("Выручка по ДЗО/По передаче в фильтре Выручка")): Object: 'Object Repository/Выручка по ДЗО/По передаче в фильтре Выручка' is clicked on

11-03-2025T03:26:11 - [MESSAGE][PASSED] - Object: 'Object Repository/Выручка по ДЗО/По передаче в фильтре Выручка' is clicked on

11-03-2025T03:26:11 - [TEST_STEP][PASSED] - click(findTestObject("Выручка по ДЗО/Применить в фильтре Выручка")): Object: 'Object Repository/Выручка по ДЗО/Применить в фильтре Выручка' is clicked on

11-03-2025T03:26:12 - [MESSAGE][PASSED] - Object: 'Object Repository/Выручка по ДЗО/Применить в фильтре Выручка' is clicked on

11-03-2025T03:26:12 - [TEST_STEP][PASSED] - Script1687405711779.Test(todaysDate): null

11-03-2025T03:26:12 - [TEST_STEP][PASSED] - delay(10): Delayed 10 second(s)

11-03-2025T03:26:22 - [MESSAGE][PASSED] - Delayed 10 second(s)

11-03-2025T03:26:22 - [TEST_STEP][PASSED] - if (verifyTextNotPresent("нет данных", false) == true): null

11-03-2025T03:26:22 - [MESSAGE][PASSED] - Text 'нет данных' is not present on page

11-03-2025T03:26:22 - [TEST_STEP][PASSED] - if (verifyTextNotPresent("Ошибка запроса данных", false) == true): null

11-03-2025T03:26:23 - [MESSAGE][PASSED] - Text 'Ошибка запроса данных' is not present on page

11-03-2025T03:26:23 - [TEST_STEP][PASSED] - if (verifyTextNotPresent("Произошла ошибка при выполнении пользовательского кода", false) == true): null

11-03-2025T03:26:24 - [MESSAGE][PASSED] - Text 'Произошла ошибка при выполнении пользовательского кода' is not present on page

11-03-2025T03:26:24 - [TEST_STEP][PASSED] - if (verifyTextNotPresent("У виджета нет данных", false) == true): null

11-03-2025T03:26:24 - [MESSAGE][PASSED] - Text 'У виджета нет данных' is not present on page

11-03-2025T03:26:24 - [TEST_STEP][PASSED] - if (verifyTextNotPresent("У виджета нет данных", false) == true): Text 'У виджета нет данных' is not present on page

11-03-2025T03:26:24 - [MESSAGE][PASSED] - Text 'У виджета нет данных' is not present on page

11-03-2025T03:26:24 - [TEST_STEP][PASSED] - click(findTestObject("Выручка по ДЗО/Фильтр Выручка")): Object: 'Object Repository/Выручка по ДЗО/Фильтр Выручка' is clicked on

11-03-2025T03:26:25 - [MESSAGE][PASSED] - Object: 'Object Repository/Выручка по ДЗО/Фильтр Выручка' is clicked on

11-03-2025T03:26:25 - [TEST_STEP][PASSED] - click(findTestObject("Выручка по ДЗО/Снять выделение в фильтре Выручка")): Object: 'Object Repository/Выручка по ДЗО/Снять выделение в фильтре Выручка' is clicked on

11-03-2025T03:26:25 - [MESSAGE][PASSED] - Object: 'Object Repository/Выручка по ДЗО/Снять выделение в фильтре Выручка' is clicked on

11-03-2025T03:26:25 - [TEST_STEP][PASSED] - click(findTestObject("Выручка по ДЗО/По передаче в фильтре Выручка")): Object: 'Object Repository/Выручка по ДЗО/По передаче в фильтре Выручка' is clicked on

11-03-2025T03:26:26 - [MESSAGE][PASSED] - Object: 'Object Repository/Выручка по ДЗО/По передаче в фильтре Выручка' is clicked on

11-03-2025T03:26:26 - [TEST_STEP][PASSED] - click(findTestObject("Выручка по ДЗО/Применить в фильтре Выручка")): Object: 'Object Repository/Выручка по ДЗО/Применить в фильтре Выручка' is clicked on

11-03-2025T03:26:26 - [MESSAGE][PASSED] - Object: 'Object Repository/Выручка по ДЗО/Применить в фильтре Выручка' is clicked on

11-03-2025T03:26:26 - [TEST_STEP][PASSED] - Script1687405711779.Test(todaysDate): null

11-03-2025T03:26:26 - [TEST_STEP][PASSED] - delay(10): Delayed 10 second(s)

11-03-2025T03:26:36 - [MESSAGE][PASSED] - Delayed 10 second(s)

11-03-2025T03:26:36 - [TEST_STEP][PASSED] - if (verifyTextNotPresent("нет данных", false) == true): null

11-03-2025T03:26:37 - [MESSAGE][PASSED] - Text 'нет данных' is not present on page

11-03-2025T03:26:37 - [TEST_STEP][PASSED] - if (verifyTextNotPresent("Ошибка запроса данных", false) == true): null

11-03-2025T03:26:37 - [MESSAGE][PASSED] - Text 'Ошибка запроса данных' is not present on page

11-03-2025T03:26:37 - [TEST_STEP][PASSED] - if (verifyTextNotPresent("Произошла ошибка при выполнении пользовательского кода", false) == true): null

11-03-2025T03:26:38 - [MESSAGE][PASSED] - Text 'Произошла ошибка при выполнении пользовательского кода' is not present on page

11-03-2025T03:26:38 - [TEST_STEP][PASSED] - if (verifyTextNotPresent("У виджета нет данных", false) == true): null

11-03-2025T03:26:38 - [MESSAGE][PASSED] - Text 'У виджета нет данных' is not present on page

11-03-2025T03:26:38 - [TEST_STEP][PASSED] - if (verifyTextNotPresent("У виджета нет данных", false) == true): Text 'У виджета нет данных' is not present on page

11-03-2025T03:26:39 - [MESSAGE][PASSED] - Text 'У виджета нет данных' is not present on page

11-03-2025T03:26:39 - [TEST_STEP][PASSED] - click(findTestObject("Выручка по ДЗО/Фильтр Выручка")): Object: 'Object Repository/Выручка по ДЗО/Фильтр Выручка' is clicked on

11-03-2025T03:26:39 - [MESSAGE][PASSED] - Object: 'Object Repository/Выручка по ДЗО/Фильтр Выручка' is clicked on

11-03-2025T03:26:39 - [TEST_STEP][PASSED] - click(findTestObject("Выручка по ДЗО/Снять выделение в фильтре Выручка")): Object: 'Object Repository/Выручка по ДЗО/Снять выделение в фильтре Выручка' is clicked on

11-03-2025T03:26:40 - [MESSAGE][PASSED] - Object: 'Object Repository/Выручка по ДЗО/Снять выделение в фильтре Выручка' is clicked on

11-03-2025T03:26:40 - [TEST_STEP][PASSED] - click(findTestObject("Выручка по ДЗО/Применить в фильтре Выручка")): Object: 'Object Repository/Выручка по ДЗО/Применить в фильтре Выручка' is clicked on

11-03-2025T03:26:40 - [MESSAGE][PASSED] - Object: 'Object Repository/Выручка по ДЗО/Применить в фильтре Выручка' is clicked on

11-03-2025T03:26:40 - [TEST_STEP][PASSED] - click(findTestObject("Выручка по ДЗО/Фильтр ДЗО")): Object: 'Object Repository/Выручка по ДЗО/Фильтр ДЗО' is clicked on

11-03-2025T03:26:41 - [MESSAGE][PASSED] - Object: 'Object Repository/Выручка по ДЗО/Фильтр ДЗО' is clicked on

11-03-2025T03:26:41 - [TEST_STEP][PASSED] - click(findTestObject("Выручка по ДЗО/Снять выделение в фильтре ДЗО")): Object: 'Object Repository/Выручка по ДЗО/Снять выделение в фильтре ДЗО' is clicked on

11-03-2025T03:26:42 - [MESSAGE][PASSED] - Object: 'Object Repository/Выручка по ДЗО/Снять выделение в фильтре ДЗО' is clicked on

11-03-2025T03:26:42 - [TEST_STEP][PASSED] - scrollToElement(findTestObject("Общие объекты/Читаэнерго"), 30): Scroll to object 'Object Repository/Общие объекты/Читаэнерго' successfully

11-03-2025T03:26:42 - [MESSAGE][PASSED] - Scroll to object 'Object Repository/Общие объекты/Читаэнерго' successfully

11-03-2025T03:26:42 - [TEST_STEP][PASSED] - click(findTestObject("Общие объекты/Читаэнерго"), CONTINUE_ON_FAILURE): Object: 'Object Repository/Общие объекты/Читаэнерго' is clicked on

11-03-2025T03:26:42 - [MESSAGE][PASSED] - Object: 'Object Repository/Общие объекты/Читаэнерго' is clicked on

11-03-2025T03:26:42 - [TEST_STEP][PASSED] - Script1687405711779.Change(todaysDate): null

11-03-2025T03:26:42 - [TEST_STEP][PASSED] - scrollToElement(findTestObject("Выручка по ДЗО/Заголовок дашборда"), 30): Scroll to object 'Object Repository/Выручка по ДЗО/Заголовок дашборда' successfully

11-03-2025T03:26:43 - [MESSAGE][PASSED] - Scroll to object 'Object Repository/Выручка по ДЗО/Заголовок дашборда' successfully

11-03-2025T03:26:43 - [TEST_STEP][PASSED] - click(findTestObject("Выручка по ДЗО/Применить в фильтре ДЗО")): Object: 'Object Repository/Выручка по ДЗО/Применить в фильтре ДЗО' is clicked on

11-03-2025T03:26:43 - [MESSAGE][PASSED] - Object: 'Object Repository/Выручка по ДЗО/Применить в фильтре ДЗО' is clicked on

11-03-2025T03:26:43 - [TEST_STEP][PASSED] - Script1687405711779.Tumbler(todaysDate): null

11-03-2025T03:26:43 - [TEST_STEP][PASSED] - Script1687405711779.Test(todaysDate): null

11-03-2025T03:26:43 - [TEST_STEP][PASSED] - delay(10): Delayed 10 second(s)

11-03-2025T03:26:53 - [MESSAGE][PASSED] - Delayed 10 second(s)

11-03-2025T03:26:53 - [TEST_STEP][PASSED] - if (verifyTextNotPresent("нет данных", false) == true): null

11-03-2025T03:26:54 - [MESSAGE][PASSED] - Text 'нет данных' is not present on page

11-03-2025T03:26:54 - [TEST_STEP][PASSED] - if (verifyTextNotPresent("Ошибка запроса данных", false) == true): null

11-03-2025T03:26:54 - [MESSAGE][PASSED] - Text 'Ошибка запроса данных' is not present on page

11-03-2025T03:26:54 - [TEST_STEP][PASSED] - if (verifyTextNotPresent("Произошла ошибка при выполнении пользовательского кода", false) == true): null

11-03-2025T03:26:55 - [MESSAGE][PASSED] - Text 'Произошла ошибка при выполнении пользовательского кода' is not present on page

11-03-2025T03:26:55 - [TEST_STEP][PASSED] - if (verifyTextNotPresent("У виджета нет данных", false) == true): null

11-03-2025T03:26:55 - [MESSAGE][PASSED] - Text 'У виджета нет данных' is not present on page

11-03-2025T03:26:55 - [TEST_STEP][PASSED] - if (verifyTextNotPresent("У виджета нет данных", false) == true): Text 'У виджета нет данных' is not present on page

11-03-2025T03:26:56 - [MESSAGE][PASSED] - Text 'У виджета нет данных' is not present on page

11-03-2025T03:26:56 - [TEST_STEP][PASSED] - click(findTestObject("Выручка по ДЗО/Фильтр Выручка")): Object: 'Object Repository/Выручка по ДЗО/Фильтр Выручка' is clicked on

11-03-2025T03:26:56 - [MESSAGE][PASSED] - Object: 'Object Repository/Выручка по ДЗО/Фильтр Выручка' is clicked on

11-03-2025T03:26:56 - [TEST_STEP][PASSED] - click(findTestObject("Выручка по ДЗО/Внутренний оборот в фильтре Выручка")): Object: 'Object Repository/Выручка по ДЗО/Внутренний оборот в фильтре Выручка' is clicked on

11-03-2025T03:26:57 - [MESSAGE][PASSED] - Object: 'Object Repository/Выручка по ДЗО/Внутренний оборот в фильтре Выручка' is clicked on

11-03-2025T03:26:57 - [TEST_STEP][PASSED] - click(findTestObject("Выручка по ДЗО/Применить в фильтре Выручка")): Object: 'Object Repository/Выручка по ДЗО/Применить в фильтре Выручка' is clicked on

11-03-2025T03:26:57 - [MESSAGE][PASSED] - Object: 'Object Repository/Выручка по ДЗО/Применить в фильтре Выручка' is clicked on

11-03-2025T03:26:57 - [TEST_STEP][PASSED] - Script1687405711779.Test(todaysDate): null

11-03-2025T03:26:57 - [TEST_STEP][PASSED] - delay(10): Delayed 10 second(s)

11-03-2025T03:27:07 - [MESSAGE][PASSED] - Delayed 10 second(s)

11-03-2025T03:27:07 - [TEST_STEP][FAILED] - if (verifyTextNotPresent("нет данных", false) == true): Text 'нет данных' is present on page  (Root cause: com.kms.katalon.core.exception.StepFailedException: Text 'нет данных' is present on page 
	at com.kms.katalon.core.webui.keyword.internal.WebUIKeywordMain.stepFailed(WebUIKeywordMain.groovy:64)
	at com.kms.katalon.core.webui.keyword.builtin.VerifyTextNotPresentKeyword$_verifyTextNotPresent_closure1.doCall(VerifyTextNotPresentKeyword.groovy:77)
	at com.kms.katalon.core.webui.keyword.builtin.VerifyTextNotPresentKeyword$_verifyTextNotPresent_closure1.call(VerifyTextNotPresentKeyword.groovy)
	at com.kms.katalon.core.webui.keyword.internal.WebUIKeywordMain.runKeyword(WebUIKeywordMain.groovy:20)
	at com.kms.katalon.core.webui.keyword.builtin.VerifyTextNotPresentKeyword.verifyTextNotPresent(VerifyTextNotPresentKeyword.groovy:82)
	at com.kms.katalon.core.webui.keyword.builtin.VerifyTextNotPresentKeyword.execute(VerifyTextNotPresentKeyword.groovy:68)
	at com.kms.katalon.core.keyword.internal.KeywordExecutor.executeKeywordForPlatform(KeywordExecutor.groovy:74)
	at com.kms.katalon.core.webui.keyword.WebUiBuiltInKeywords.verifyTextNotPresent(WebUiBuiltInKeywords.groovy:1795)
	at Выручка по ДЗО отображение данных все филиалы.Test(Выручка по ДЗО отображение данных все филиалы:772)
	at Выручка по ДЗО отображение данных все филиалы.Tumbler(Выручка по ДЗО отображение данных все филиалы:726)
	at Выручка по ДЗО отображение данных все филиалы.Change(Выручка по ДЗО отображение данных все филиалы:760)
	at Выручка по ДЗО отображение данных все филиалы.DzoTest(Выручка по ДЗО отображение данных все филиалы:446)
	at Выручка по ДЗО отображение данных все филиалы.run(Выручка по ДЗО отображение данных все филиалы:122)
	at com.kms.katalon.core.main.ScriptEngine.run(ScriptEngine.java:194)
	at com.kms.katalon.core.main.ScriptEngine.runScriptAsRawText(ScriptEngine.java:119)
	at com.kms.katalon.core.main.TestCaseExecutor.runScript(TestCaseExecutor.java:448)
	at com.kms.katalon.core.main.TestCaseExecutor.doExecute(TestCaseExecutor.java:439)
	at com.kms.katalon.core.main.TestCaseExecutor.processExecutionPhase(TestCaseExecutor.java:418)
	at com.kms.katalon.core.main.TestCaseExecutor.accessMainPhase(TestCaseExecutor.java:410)
	at com.kms.katalon.core.main.TestCaseExecutor.execute(TestCaseExecutor.java:285)
	at com.kms.katalon.core.common.CommonExecutor.accessTestCaseMainPhase(CommonExecutor.java:65)
	at com.kms.katalon.core.main.TestSuiteExecutor.accessTestSuiteMainPhase(TestSuiteExecutor.java:150)
	at com.kms.katalon.core.main.TestSuiteExecutor.execute(TestSuiteExecutor.java:106)
	at com.kms.katalon.core.main.TestCaseMain.startTestSuite(TestCaseMain.java:180)
	at TempTestSuite1741649958618.run(TempTestSuite1741649958618.groovy:35)
	at java.base/jdk.internal.reflect.NativeMethodAccessorImpl.invoke0(Native Method)
	at java.base/jdk.internal.reflect.NativeMethodAccessorImpl.invoke(NativeMethodAccessorImpl.java:77)
	at java.base/jdk.internal.reflect.DelegatingMethodAccessorImpl.invoke(DelegatingMethodAccessorImpl.java:43)
)

11-03-2025T03:27:08 - [MESSAGE][FAILED] - Text 'нет данных' is present on page  (Root cause: com.kms.katalon.core.exception.StepFailedException: Text 'нет данных' is present on page 
	at com.kms.katalon.core.webui.keyword.internal.WebUIKeywordMain.stepFailed(WebUIKeywordMain.groovy:64)
	at com.kms.katalon.core.webui.keyword.builtin.VerifyTextNotPresentKeyword$_verifyTextNotPresent_closure1.doCall(VerifyTextNotPresentKeyword.groovy:77)
	at com.kms.katalon.core.webui.keyword.builtin.VerifyTextNotPresentKeyword$_verifyTextNotPresent_closure1.call(VerifyTextNotPresentKeyword.groovy)
	at com.kms.katalon.core.webui.keyword.internal.WebUIKeywordMain.runKeyword(WebUIKeywordMain.groovy:20)
	at com.kms.katalon.core.webui.keyword.builtin.VerifyTextNotPresentKeyword.verifyTextNotPresent(VerifyTextNotPresentKeyword.groovy:82)
	at com.kms.katalon.core.webui.keyword.builtin.VerifyTextNotPresentKeyword.execute(VerifyTextNotPresentKeyword.groovy:68)
	at com.kms.katalon.core.keyword.internal.KeywordExecutor.executeKeywordForPlatform(KeywordExecutor.groovy:74)
	at com.kms.katalon.core.webui.keyword.WebUiBuiltInKeywords.verifyTextNotPresent(WebUiBuiltInKeywords.groovy:1795)
	at Выручка по ДЗО отображение данных все филиалы.Test(Выручка по ДЗО отображение данных все филиалы:772)
	at Выручка по ДЗО отображение данных все филиалы.Tumbler(Выручка по ДЗО отображение данных все филиалы:726)
	at Выручка по ДЗО отображение данных все филиалы.Change(Выручка по ДЗО отображение данных все филиалы:760)
	at Выручка по ДЗО отображение данных все филиалы.DzoTest(Выручка по ДЗО отображение данных все филиалы:446)
	at Выручка по ДЗО отображение данных все филиалы.run(Выручка по ДЗО отображение данных все филиалы:122)
	at com.kms.katalon.core.main.ScriptEngine.run(ScriptEngine.java:194)
	at com.kms.katalon.core.main.ScriptEngine.runScriptAsRawText(ScriptEngine.java:119)
	at com.kms.katalon.core.main.TestCaseExecutor.runScript(TestCaseExecutor.java:448)
	at com.kms.katalon.core.main.TestCaseExecutor.doExecute(TestCaseExecutor.java:439)
	at com.kms.katalon.core.main.TestCaseExecutor.processExecutionPhase(TestCaseExecutor.java:418)
	at com.kms.katalon.core.main.TestCaseExecutor.accessMainPhase(TestCaseExecutor.java:410)
	at com.kms.katalon.core.main.TestCaseExecutor.execute(TestCaseExecutor.java:285)
	at com.kms.katalon.core.common.CommonExecutor.accessTestCaseMainPhase(CommonExecutor.java:65)
	at com.kms.katalon.core.main.TestSuiteExecutor.accessTestSuiteMainPhase(TestSuiteExecutor.java:150)
	at com.kms.katalon.core.main.TestSuiteExecutor.execute(TestSuiteExecutor.java:106)
	at com.kms.katalon.core.main.TestCaseMain.startTestSuite(TestCaseMain.java:180)
	at TempTestSuite1741649958618.run(TempTestSuite1741649958618.groovy:35)
	at java.base/jdk.internal.reflect.NativeMethodAccessorImpl.invoke0(Native Method)
	at java.base/jdk.internal.reflect.NativeMethodAccessorImpl.invoke(NativeMethodAccessorImpl.java:77)
	at java.base/jdk.internal.reflect.DelegatingMethodAccessorImpl.invoke(DelegatingMethodAccessorImpl.java:43)
)

11-03-2025T03:27:08 - [TEST_STEP][PASSED] - else: null

11-03-2025T03:27:08 - [TEST_STEP][PASSED] - Script1687405711779.WriteToExcel(todaysDate): null

11-03-2025T03:27:08 - [TEST_STEP][PASSED] - sheetName = "Sheet1": null

11-03-2025T03:27:08 - [TEST_STEP][PASSED] - data = findTestData("PlanFact"): null

11-03-2025T03:27:08 - [TEST_STEP][PASSED] - n = data.getRowNumbers() + 1: null

11-03-2025T03:27:08 - [TEST_STEP][PASSED] - dZO = getText(findTestObject("Выручка по ДЗО/Фильтр ДЗО")): Text of object 'Object Repository/Выручка по ДЗО/Фильтр ДЗО' is: 'ПАО Россети - РаспредКомплекс - Россети Сибирь (ГК) - Читаэнерго'

11-03-2025T03:27:08 - [MESSAGE][PASSED] - Text of object 'Object Repository/Выручка по ДЗО/Фильтр ДЗО' is: 'ПАО Россети - РаспредКомплекс - Россети Сибирь (ГК) - Читаэнерго'

11-03-2025T03:27:08 - [TEST_STEP][PASSED] - period = getText(findTestObject("Выручка по ДЗО/Фильтр Дата")): Text of object 'Object Repository/Выручка по ДЗО/Фильтр Дата' is: 'Январь 2025 года'

11-03-2025T03:27:08 - [MESSAGE][PASSED] - Text of object 'Object Repository/Выручка по ДЗО/Фильтр Дата' is: 'Январь 2025 года'

11-03-2025T03:27:08 - [TEST_STEP][PASSED] - viruchka = getText(findTestObject("Выручка по ДЗО/Фильтр Выручка")): Text of object 'Object Repository/Выручка по ДЗО/Фильтр Выручка' is: 'внутренний оборот'

11-03-2025T03:27:09 - [MESSAGE][PASSED] - Text of object 'Object Repository/Выручка по ДЗО/Фильтр Выручка' is: 'внутренний оборот'

11-03-2025T03:27:09 - [TEST_STEP][PASSED] - if (viruchka == "Выбрано: 2"): null

11-03-2025T03:27:09 - [TEST_STEP][PASSED] - if (viruchka == "Все"): null

11-03-2025T03:27:09 - [TEST_STEP][PASSED] - println(period): null

11-03-2025T03:27:09 - [TEST_STEP][PASSED] - dashboardName = "Выручка по ДЗО": null

11-03-2025T03:27:09 - [TEST_STEP][PASSED] - workbook01 = getWorkbook(excelFilePath): null

11-03-2025T03:27:09 - [TEST_STEP][PASSED] - sheet01 = getExcelSheet(workbook01, sheetName): null

11-03-2025T03:27:09 - [TEST_STEP][PASSED] - setValueToCellByIndex(sheet01, n, 0, dashboardName): null

11-03-2025T03:27:09 - [TEST_STEP][PASSED] - setValueToCellByIndex(sheet01, n, 1, dZO): null

11-03-2025T03:27:09 - [TEST_STEP][PASSED] - setValueToCellByIndex(sheet01, n, 2, period): null

11-03-2025T03:27:09 - [TEST_STEP][PASSED] - setValueToCellByIndex(sheet01, n, 3, viruchka): null

11-03-2025T03:27:09 - [TEST_STEP][PASSED] - setValueToCellByIndex(sheet01, n, 4, todaysDate): null

11-03-2025T03:27:09 - [TEST_STEP][PASSED] - n = n + 1: null

11-03-2025T03:27:09 - [TEST_STEP][PASSED] - saveWorkbook(excelFilePath, workbook01): null

11-03-2025T03:27:09 - [TEST_STEP][PASSED] - click(findTestObject("Выручка по ДЗО/Фильтр Выручка")): Object: 'Object Repository/Выручка по ДЗО/Фильтр Выручка' is clicked on

11-03-2025T03:27:09 - [MESSAGE][PASSED] - Object: 'Object Repository/Выручка по ДЗО/Фильтр Выручка' is clicked on

11-03-2025T03:27:09 - [TEST_STEP][PASSED] - click(findTestObject("Выручка по ДЗО/По передаче в фильтре Выручка")): Object: 'Object Repository/Выручка по ДЗО/По передаче в фильтре Выручка' is clicked on

11-03-2025T03:27:10 - [MESSAGE][PASSED] - Object: 'Object Repository/Выручка по ДЗО/По передаче в фильтре Выручка' is clicked on

11-03-2025T03:27:10 - [TEST_STEP][PASSED] - click(findTestObject("Выручка по ДЗО/Применить в фильтре Выручка")): Object: 'Object Repository/Выручка по ДЗО/Применить в фильтре Выручка' is clicked on

11-03-2025T03:27:10 - [MESSAGE][PASSED] - Object: 'Object Repository/Выручка по ДЗО/Применить в фильтре Выручка' is clicked on

11-03-2025T03:27:10 - [TEST_STEP][PASSED] - Script1687405711779.Test(todaysDate): null

11-03-2025T03:27:10 - [TEST_STEP][PASSED] - delay(10): Delayed 10 second(s)

11-03-2025T03:27:20 - [MESSAGE][PASSED] - Delayed 10 second(s)

11-03-2025T03:27:20 - [TEST_STEP][PASSED] - if (verifyTextNotPresent("нет данных", false) == true): null

11-03-2025T03:27:21 - [MESSAGE][PASSED] - Text 'нет данных' is not present on page

11-03-2025T03:27:21 - [TEST_STEP][PASSED] - if (verifyTextNotPresent("Ошибка запроса данных", false) == true): null

11-03-2025T03:27:21 - [MESSAGE][PASSED] - Text 'Ошибка запроса данных' is not present on page

11-03-2025T03:27:21 - [TEST_STEP][PASSED] - if (verifyTextNotPresent("Произошла ошибка при выполнении пользовательского кода", false) == true): null

11-03-2025T03:27:22 - [MESSAGE][PASSED] - Text 'Произошла ошибка при выполнении пользовательского кода' is not present on page

11-03-2025T03:27:22 - [TEST_STEP][PASSED] - if (verifyTextNotPresent("У виджета нет данных", false) == true): null

11-03-2025T03:27:22 - [MESSAGE][PASSED] - Text 'У виджета нет данных' is not present on page

11-03-2025T03:27:22 - [TEST_STEP][PASSED] - if (verifyTextNotPresent("У виджета нет данных", false) == true): Text 'У виджета нет данных' is not present on page

11-03-2025T03:27:23 - [MESSAGE][PASSED] - Text 'У виджета нет данных' is not present on page

11-03-2025T03:27:23 - [TEST_STEP][PASSED] - click(findTestObject("Выручка по ДЗО/Фильтр Выручка")): Object: 'Object Repository/Выручка по ДЗО/Фильтр Выручка' is clicked on

11-03-2025T03:27:23 - [MESSAGE][PASSED] - Object: 'Object Repository/Выручка по ДЗО/Фильтр Выручка' is clicked on

11-03-2025T03:27:23 - [TEST_STEP][PASSED] - click(findTestObject("Выручка по ДЗО/Снять выделение в фильтре Выручка")): Object: 'Object Repository/Выручка по ДЗО/Снять выделение в фильтре Выручка' is clicked on

11-03-2025T03:27:24 - [MESSAGE][PASSED] - Object: 'Object Repository/Выручка по ДЗО/Снять выделение в фильтре Выручка' is clicked on

11-03-2025T03:27:24 - [TEST_STEP][PASSED] - click(findTestObject("Выручка по ДЗО/По передаче в фильтре Выручка")): Object: 'Object Repository/Выручка по ДЗО/По передаче в фильтре Выручка' is clicked on

11-03-2025T03:27:24 - [MESSAGE][PASSED] - Object: 'Object Repository/Выручка по ДЗО/По передаче в фильтре Выручка' is clicked on

11-03-2025T03:27:24 - [TEST_STEP][PASSED] - click(findTestObject("Выручка по ДЗО/Применить в фильтре Выручка")): Object: 'Object Repository/Выручка по ДЗО/Применить в фильтре Выручка' is clicked on

11-03-2025T03:27:24 - [MESSAGE][PASSED] - Object: 'Object Repository/Выручка по ДЗО/Применить в фильтре Выручка' is clicked on

11-03-2025T03:27:24 - [TEST_STEP][PASSED] - Script1687405711779.Test(todaysDate): null

11-03-2025T03:27:24 - [TEST_STEP][PASSED] - delay(10): Delayed 10 second(s)

11-03-2025T03:27:34 - [MESSAGE][PASSED] - Delayed 10 second(s)

11-03-2025T03:27:34 - [TEST_STEP][PASSED] - if (verifyTextNotPresent("нет данных", false) == true): null

11-03-2025T03:27:35 - [MESSAGE][PASSED] - Text 'нет данных' is not present on page

11-03-2025T03:27:35 - [TEST_STEP][PASSED] - if (verifyTextNotPresent("Ошибка запроса данных", false) == true): null

11-03-2025T03:27:35 - [MESSAGE][PASSED] - Text 'Ошибка запроса данных' is not present on page

11-03-2025T03:27:35 - [TEST_STEP][PASSED] - if (verifyTextNotPresent("Произошла ошибка при выполнении пользовательского кода", false) == true): null

11-03-2025T03:27:36 - [MESSAGE][PASSED] - Text 'Произошла ошибка при выполнении пользовательского кода' is not present on page

11-03-2025T03:27:36 - [TEST_STEP][PASSED] - if (verifyTextNotPresent("У виджета нет данных", false) == true): null

11-03-2025T03:27:37 - [MESSAGE][PASSED] - Text 'У виджета нет данных' is not present on page

11-03-2025T03:27:37 - [TEST_STEP][PASSED] - if (verifyTextNotPresent("У виджета нет данных", false) == true): Text 'У виджета нет данных' is not present on page

11-03-2025T03:27:37 - [MESSAGE][PASSED] - Text 'У виджета нет данных' is not present on page

11-03-2025T03:27:37 - [TEST_STEP][PASSED] - click(findTestObject("Выручка по ДЗО/Фильтр Выручка")): Object: 'Object Repository/Выручка по ДЗО/Фильтр Выручка' is clicked on

11-03-2025T03:27:37 - [MESSAGE][PASSED] - Object: 'Object Repository/Выручка по ДЗО/Фильтр Выручка' is clicked on

11-03-2025T03:27:37 - [TEST_STEP][PASSED] - click(findTestObject("Выручка по ДЗО/Снять выделение в фильтре Выручка")): Object: 'Object Repository/Выручка по ДЗО/Снять выделение в фильтре Выручка' is clicked on

11-03-2025T03:27:38 - [MESSAGE][PASSED] - Object: 'Object Repository/Выручка по ДЗО/Снять выделение в фильтре Выручка' is clicked on

11-03-2025T03:27:38 - [TEST_STEP][PASSED] - click(findTestObject("Выручка по ДЗО/Применить в фильтре Выручка")): Object: 'Object Repository/Выручка по ДЗО/Применить в фильтре Выручка' is clicked on

11-03-2025T03:27:38 - [MESSAGE][PASSED] - Object: 'Object Repository/Выручка по ДЗО/Применить в фильтре Выручка' is clicked on

11-03-2025T03:27:38 - [TEST_STEP][PASSED] - click(findTestObject("Выручка по ДЗО/Фильтр ДЗО")): Object: 'Object Repository/Выручка по ДЗО/Фильтр ДЗО' is clicked on

11-03-2025T03:27:40 - [MESSAGE][PASSED] - Object: 'Object Repository/Выручка по ДЗО/Фильтр ДЗО' is clicked on

11-03-2025T03:27:40 - [TEST_STEP][PASSED] - click(findTestObject("Выручка по ДЗО/Снять выделение в фильтре ДЗО")): Object: 'Object Repository/Выручка по ДЗО/Снять выделение в фильтре ДЗО' is clicked on

11-03-2025T03:27:40 - [MESSAGE][PASSED] - Object: 'Object Repository/Выручка по ДЗО/Снять выделение в фильтре ДЗО' is clicked on

11-03-2025T03:27:40 - [TEST_STEP][PASSED] - scrollToElement(findTestObject("Выручка по ДЗО/Россети Томск Выручка по ДЗО"), 30): Scroll to object 'Object Repository/Выручка по ДЗО/Россети Томск Выручка по ДЗО' successfully

11-03-2025T03:27:40 - [MESSAGE][PASSED] - Scroll to object 'Object Repository/Выручка по ДЗО/Россети Томск Выручка по ДЗО' successfully

11-03-2025T03:27:40 - [TEST_STEP][PASSED] - click(findTestObject("Выручка по ДЗО/Россети Томск Выручка по ДЗО")): Object: 'Object Repository/Выручка по ДЗО/Россети Томск Выручка по ДЗО' is clicked on

11-03-2025T03:27:41 - [MESSAGE][PASSED] - Object: 'Object Repository/Выручка по ДЗО/Россети Томск Выручка по ДЗО' is clicked on

11-03-2025T03:27:41 - [TEST_STEP][PASSED] - scrollToElement(findTestObject("Выручка по ДЗО/Фильтр ДЗО"), 30): Scroll to object 'Object Repository/Выручка по ДЗО/Фильтр ДЗО' successfully

11-03-2025T03:27:41 - [MESSAGE][PASSED] - Scroll to object 'Object Repository/Выручка по ДЗО/Фильтр ДЗО' successfully

11-03-2025T03:27:41 - [TEST_STEP][PASSED] - Script1687405711779.Change(todaysDate): null

11-03-2025T03:27:41 - [TEST_STEP][PASSED] - scrollToElement(findTestObject("Выручка по ДЗО/Заголовок дашборда"), 30): Scroll to object 'Object Repository/Выручка по ДЗО/Заголовок дашборда' successfully

11-03-2025T03:27:42 - [MESSAGE][PASSED] - Scroll to object 'Object Repository/Выручка по ДЗО/Заголовок дашборда' successfully

11-03-2025T03:27:42 - [TEST_STEP][PASSED] - click(findTestObject("Выручка по ДЗО/Применить в фильтре ДЗО")): Object: 'Object Repository/Выручка по ДЗО/Применить в фильтре ДЗО' is clicked on

11-03-2025T03:27:42 - [MESSAGE][PASSED] - Object: 'Object Repository/Выручка по ДЗО/Применить в фильтре ДЗО' is clicked on

11-03-2025T03:27:42 - [TEST_STEP][PASSED] - Script1687405711779.Tumbler(todaysDate): null

11-03-2025T03:27:42 - [TEST_STEP][PASSED] - Script1687405711779.Test(todaysDate): null

11-03-2025T03:27:42 - [TEST_STEP][PASSED] - delay(10): Delayed 10 second(s)

11-03-2025T03:27:52 - [MESSAGE][PASSED] - Delayed 10 second(s)

11-03-2025T03:27:52 - [TEST_STEP][PASSED] - if (verifyTextNotPresent("нет данных", false) == true): null

11-03-2025T03:27:53 - [MESSAGE][PASSED] - Text 'нет данных' is not present on page

11-03-2025T03:27:53 - [TEST_STEP][PASSED] - if (verifyTextNotPresent("Ошибка запроса данных", false) == true): null

11-03-2025T03:27:53 - [MESSAGE][PASSED] - Text 'Ошибка запроса данных' is not present on page

11-03-2025T03:27:53 - [TEST_STEP][PASSED] - if (verifyTextNotPresent("Произошла ошибка при выполнении пользовательского кода", false) == true): null

11-03-2025T03:27:54 - [MESSAGE][PASSED] - Text 'Произошла ошибка при выполнении пользовательского кода' is not present on page

11-03-2025T03:27:54 - [TEST_STEP][PASSED] - if (verifyTextNotPresent("У виджета нет данных", false) == true): null

11-03-2025T03:27:54 - [MESSAGE][PASSED] - Text 'У виджета нет данных' is not present on page

11-03-2025T03:27:54 - [TEST_STEP][PASSED] - if (verifyTextNotPresent("У виджета нет данных", false) == true): Text 'У виджета нет данных' is not present on page

11-03-2025T03:27:54 - [MESSAGE][PASSED] - Text 'У виджета нет данных' is not present on page

11-03-2025T03:27:54 - [TEST_STEP][PASSED] - click(findTestObject("Выручка по ДЗО/Фильтр Выручка")): Object: 'Object Repository/Выручка по ДЗО/Фильтр Выручка' is clicked on

11-03-2025T03:27:55 - [MESSAGE][PASSED] - Object: 'Object Repository/Выручка по ДЗО/Фильтр Выручка' is clicked on

11-03-2025T03:27:55 - [TEST_STEP][PASSED] - click(findTestObject("Выручка по ДЗО/Внутренний оборот в фильтре Выручка")): Object: 'Object Repository/Выручка по ДЗО/Внутренний оборот в фильтре Выручка' is clicked on

11-03-2025T03:27:55 - [MESSAGE][PASSED] - Object: 'Object Repository/Выручка по ДЗО/Внутренний оборот в фильтре Выручка' is clicked on

11-03-2025T03:27:55 - [TEST_STEP][PASSED] - click(findTestObject("Выручка по ДЗО/Применить в фильтре Выручка")): Object: 'Object Repository/Выручка по ДЗО/Применить в фильтре Выручка' is clicked on

11-03-2025T03:27:56 - [MESSAGE][PASSED] - Object: 'Object Repository/Выручка по ДЗО/Применить в фильтре Выручка' is clicked on

11-03-2025T03:27:56 - [TEST_STEP][PASSED] - Script1687405711779.Test(todaysDate): null

11-03-2025T03:27:56 - [TEST_STEP][PASSED] - delay(10): Delayed 10 second(s)

11-03-2025T03:28:06 - [MESSAGE][PASSED] - Delayed 10 second(s)

11-03-2025T03:28:06 - [TEST_STEP][FAILED] - if (verifyTextNotPresent("нет данных", false) == true): Text 'нет данных' is present on page  (Root cause: com.kms.katalon.core.exception.StepFailedException: Text 'нет данных' is present on page 
	at com.kms.katalon.core.webui.keyword.internal.WebUIKeywordMain.stepFailed(WebUIKeywordMain.groovy:64)
	at com.kms.katalon.core.webui.keyword.builtin.VerifyTextNotPresentKeyword$_verifyTextNotPresent_closure1.doCall(VerifyTextNotPresentKeyword.groovy:77)
	at com.kms.katalon.core.webui.keyword.builtin.VerifyTextNotPresentKeyword$_verifyTextNotPresent_closure1.call(VerifyTextNotPresentKeyword.groovy)
	at com.kms.katalon.core.webui.keyword.internal.WebUIKeywordMain.runKeyword(WebUIKeywordMain.groovy:20)
	at com.kms.katalon.core.webui.keyword.builtin.VerifyTextNotPresentKeyword.verifyTextNotPresent(VerifyTextNotPresentKeyword.groovy:82)
	at com.kms.katalon.core.webui.keyword.builtin.VerifyTextNotPresentKeyword.execute(VerifyTextNotPresentKeyword.groovy:68)
	at com.kms.katalon.core.keyword.internal.KeywordExecutor.executeKeywordForPlatform(KeywordExecutor.groovy:74)
	at com.kms.katalon.core.webui.keyword.WebUiBuiltInKeywords.verifyTextNotPresent(WebUiBuiltInKeywords.groovy:1795)
	at Выручка по ДЗО отображение данных все филиалы.Test(Выручка по ДЗО отображение данных все филиалы:772)
	at Выручка по ДЗО отображение данных все филиалы.Tumbler(Выручка по ДЗО отображение данных все филиалы:726)
	at Выручка по ДЗО отображение данных все филиалы.Change(Выручка по ДЗО отображение данных все филиалы:760)
	at Выручка по ДЗО отображение данных все филиалы.DzoTest(Выручка по ДЗО отображение данных все филиалы:454)
	at Выручка по ДЗО отображение данных все филиалы.run(Выручка по ДЗО отображение данных все филиалы:122)
	at com.kms.katalon.core.main.ScriptEngine.run(ScriptEngine.java:194)
	at com.kms.katalon.core.main.ScriptEngine.runScriptAsRawText(ScriptEngine.java:119)
	at com.kms.katalon.core.main.TestCaseExecutor.runScript(TestCaseExecutor.java:448)
	at com.kms.katalon.core.main.TestCaseExecutor.doExecute(TestCaseExecutor.java:439)
	at com.kms.katalon.core.main.TestCaseExecutor.processExecutionPhase(TestCaseExecutor.java:418)
	at com.kms.katalon.core.main.TestCaseExecutor.accessMainPhase(TestCaseExecutor.java:410)
	at com.kms.katalon.core.main.TestCaseExecutor.execute(TestCaseExecutor.java:285)
	at com.kms.katalon.core.common.CommonExecutor.accessTestCaseMainPhase(CommonExecutor.java:65)
	at com.kms.katalon.core.main.TestSuiteExecutor.accessTestSuiteMainPhase(TestSuiteExecutor.java:150)
	at com.kms.katalon.core.main.TestSuiteExecutor.execute(TestSuiteExecutor.java:106)
	at com.kms.katalon.core.main.TestCaseMain.startTestSuite(TestCaseMain.java:180)
	at TempTestSuite1741649958618.run(TempTestSuite1741649958618.groovy:35)
	at java.base/jdk.internal.reflect.NativeMethodAccessorImpl.invoke0(Native Method)
	at java.base/jdk.internal.reflect.NativeMethodAccessorImpl.invoke(NativeMethodAccessorImpl.java:77)
	at java.base/jdk.internal.reflect.DelegatingMethodAccessorImpl.invoke(DelegatingMethodAccessorImpl.java:43)
)

11-03-2025T03:28:06 - [MESSAGE][FAILED] - Text 'нет данных' is present on page  (Root cause: com.kms.katalon.core.exception.StepFailedException: Text 'нет данных' is present on page 
	at com.kms.katalon.core.webui.keyword.internal.WebUIKeywordMain.stepFailed(WebUIKeywordMain.groovy:64)
	at com.kms.katalon.core.webui.keyword.builtin.VerifyTextNotPresentKeyword$_verifyTextNotPresent_closure1.doCall(VerifyTextNotPresentKeyword.groovy:77)
	at com.kms.katalon.core.webui.keyword.builtin.VerifyTextNotPresentKeyword$_verifyTextNotPresent_closure1.call(VerifyTextNotPresentKeyword.groovy)
	at com.kms.katalon.core.webui.keyword.internal.WebUIKeywordMain.runKeyword(WebUIKeywordMain.groovy:20)
	at com.kms.katalon.core.webui.keyword.builtin.VerifyTextNotPresentKeyword.verifyTextNotPresent(VerifyTextNotPresentKeyword.groovy:82)
	at com.kms.katalon.core.webui.keyword.builtin.VerifyTextNotPresentKeyword.execute(VerifyTextNotPresentKeyword.groovy:68)
	at com.kms.katalon.core.keyword.internal.KeywordExecutor.executeKeywordForPlatform(KeywordExecutor.groovy:74)
	at com.kms.katalon.core.webui.keyword.WebUiBuiltInKeywords.verifyTextNotPresent(WebUiBuiltInKeywords.groovy:1795)
	at Выручка по ДЗО отображение данных все филиалы.Test(Выручка по ДЗО отображение данных все филиалы:772)
	at Выручка по ДЗО отображение данных все филиалы.Tumbler(Выручка по ДЗО отображение данных все филиалы:726)
	at Выручка по ДЗО отображение данных все филиалы.Change(Выручка по ДЗО отображение данных все филиалы:760)
	at Выручка по ДЗО отображение данных все филиалы.DzoTest(Выручка по ДЗО отображение данных все филиалы:454)
	at Выручка по ДЗО отображение данных все филиалы.run(Выручка по ДЗО отображение данных все филиалы:122)
	at com.kms.katalon.core.main.ScriptEngine.run(ScriptEngine.java:194)
	at com.kms.katalon.core.main.ScriptEngine.runScriptAsRawText(ScriptEngine.java:119)
	at com.kms.katalon.core.main.TestCaseExecutor.runScript(TestCaseExecutor.java:448)
	at com.kms.katalon.core.main.TestCaseExecutor.doExecute(TestCaseExecutor.java:439)
	at com.kms.katalon.core.main.TestCaseExecutor.processExecutionPhase(TestCaseExecutor.java:418)
	at com.kms.katalon.core.main.TestCaseExecutor.accessMainPhase(TestCaseExecutor.java:410)
	at com.kms.katalon.core.main.TestCaseExecutor.execute(TestCaseExecutor.java:285)
	at com.kms.katalon.core.common.CommonExecutor.accessTestCaseMainPhase(CommonExecutor.java:65)
	at com.kms.katalon.core.main.TestSuiteExecutor.accessTestSuiteMainPhase(TestSuiteExecutor.java:150)
	at com.kms.katalon.core.main.TestSuiteExecutor.execute(TestSuiteExecutor.java:106)
	at com.kms.katalon.core.main.TestCaseMain.startTestSuite(TestCaseMain.java:180)
	at TempTestSuite1741649958618.run(TempTestSuite1741649958618.groovy:35)
	at java.base/jdk.internal.reflect.NativeMethodAccessorImpl.invoke0(Native Method)
	at java.base/jdk.internal.reflect.NativeMethodAccessorImpl.invoke(NativeMethodAccessorImpl.java:77)
	at java.base/jdk.internal.reflect.DelegatingMethodAccessorImpl.invoke(DelegatingMethodAccessorImpl.java:43)
)

11-03-2025T03:28:06 - [TEST_STEP][PASSED] - else: null

11-03-2025T03:28:06 - [TEST_STEP][PASSED] - Script1687405711779.WriteToExcel(todaysDate): null

11-03-2025T03:28:06 - [TEST_STEP][PASSED] - sheetName = "Sheet1": null

11-03-2025T03:28:06 - [TEST_STEP][PASSED] - data = findTestData("PlanFact"): null

11-03-2025T03:28:06 - [TEST_STEP][PASSED] - n = data.getRowNumbers() + 1: null

11-03-2025T03:28:06 - [TEST_STEP][PASSED] - dZO = getText(findTestObject("Выручка по ДЗО/Фильтр ДЗО")): Text of object 'Object Repository/Выручка по ДЗО/Фильтр ДЗО' is: 'ПАО Россети - РаспредКомплекс - Россети Томск'

11-03-2025T03:28:07 - [MESSAGE][PASSED] - Text of object 'Object Repository/Выручка по ДЗО/Фильтр ДЗО' is: 'ПАО Россети - РаспредКомплекс - Россети Томск'

11-03-2025T03:28:07 - [TEST_STEP][PASSED] - period = getText(findTestObject("Выручка по ДЗО/Фильтр Дата")): Text of object 'Object Repository/Выручка по ДЗО/Фильтр Дата' is: 'Январь 2025 года'

11-03-2025T03:28:07 - [MESSAGE][PASSED] - Text of object 'Object Repository/Выручка по ДЗО/Фильтр Дата' is: 'Январь 2025 года'

11-03-2025T03:28:07 - [TEST_STEP][PASSED] - viruchka = getText(findTestObject("Выручка по ДЗО/Фильтр Выручка")): Text of object 'Object Repository/Выручка по ДЗО/Фильтр Выручка' is: 'внутренний оборот'

11-03-2025T03:28:07 - [MESSAGE][PASSED] - Text of object 'Object Repository/Выручка по ДЗО/Фильтр Выручка' is: 'внутренний оборот'

11-03-2025T03:28:07 - [TEST_STEP][PASSED] - if (viruchka == "Выбрано: 2"): null

11-03-2025T03:28:07 - [TEST_STEP][PASSED] - if (viruchka == "Все"): null

11-03-2025T03:28:07 - [TEST_STEP][PASSED] - println(period): null

11-03-2025T03:28:07 - [TEST_STEP][PASSED] - dashboardName = "Выручка по ДЗО": null

11-03-2025T03:28:07 - [TEST_STEP][PASSED] - workbook01 = getWorkbook(excelFilePath): null

11-03-2025T03:28:07 - [TEST_STEP][PASSED] - sheet01 = getExcelSheet(workbook01, sheetName): null

11-03-2025T03:28:07 - [TEST_STEP][PASSED] - setValueToCellByIndex(sheet01, n, 0, dashboardName): null

11-03-2025T03:28:07 - [TEST_STEP][PASSED] - setValueToCellByIndex(sheet01, n, 1, dZO): null

11-03-2025T03:28:07 - [TEST_STEP][PASSED] - setValueToCellByIndex(sheet01, n, 2, period): null

11-03-2025T03:28:07 - [TEST_STEP][PASSED] - setValueToCellByIndex(sheet01, n, 3, viruchka): null

11-03-2025T03:28:07 - [TEST_STEP][PASSED] - setValueToCellByIndex(sheet01, n, 4, todaysDate): null

11-03-2025T03:28:07 - [TEST_STEP][PASSED] - n = n + 1: null

11-03-2025T03:28:07 - [TEST_STEP][PASSED] - saveWorkbook(excelFilePath, workbook01): null

11-03-2025T03:28:07 - [TEST_STEP][PASSED] - click(findTestObject("Выручка по ДЗО/Фильтр Выручка")): Object: 'Object Repository/Выручка по ДЗО/Фильтр Выручка' is clicked on

11-03-2025T03:28:08 - [MESSAGE][PASSED] - Object: 'Object Repository/Выручка по ДЗО/Фильтр Выручка' is clicked on

11-03-2025T03:28:08 - [TEST_STEP][PASSED] - click(findTestObject("Выручка по ДЗО/По передаче в фильтре Выручка")): Object: 'Object Repository/Выручка по ДЗО/По передаче в фильтре Выручка' is clicked on

11-03-2025T03:28:08 - [MESSAGE][PASSED] - Object: 'Object Repository/Выручка по ДЗО/По передаче в фильтре Выручка' is clicked on

11-03-2025T03:28:08 - [TEST_STEP][PASSED] - click(findTestObject("Выручка по ДЗО/Применить в фильтре Выручка")): Object: 'Object Repository/Выручка по ДЗО/Применить в фильтре Выручка' is clicked on

11-03-2025T03:28:09 - [MESSAGE][PASSED] - Object: 'Object Repository/Выручка по ДЗО/Применить в фильтре Выручка' is clicked on

11-03-2025T03:28:09 - [TEST_STEP][PASSED] - Script1687405711779.Test(todaysDate): null

11-03-2025T03:28:09 - [TEST_STEP][PASSED] - delay(10): Delayed 10 second(s)

11-03-2025T03:28:19 - [MESSAGE][PASSED] - Delayed 10 second(s)

11-03-2025T03:28:19 - [TEST_STEP][PASSED] - if (verifyTextNotPresent("нет данных", false) == true): null

11-03-2025T03:28:19 - [MESSAGE][PASSED] - Text 'нет данных' is not present on page

11-03-2025T03:28:19 - [TEST_STEP][PASSED] - if (verifyTextNotPresent("Ошибка запроса данных", false) == true): null

11-03-2025T03:28:20 - [MESSAGE][PASSED] - Text 'Ошибка запроса данных' is not present on page

11-03-2025T03:28:20 - [TEST_STEP][PASSED] - if (verifyTextNotPresent("Произошла ошибка при выполнении пользовательского кода", false) == true): null

11-03-2025T03:28:20 - [MESSAGE][PASSED] - Text 'Произошла ошибка при выполнении пользовательского кода' is not present on page

11-03-2025T03:28:20 - [TEST_STEP][PASSED] - if (verifyTextNotPresent("У виджета нет данных", false) == true): null

11-03-2025T03:28:21 - [MESSAGE][PASSED] - Text 'У виджета нет данных' is not present on page

11-03-2025T03:28:21 - [TEST_STEP][PASSED] - if (verifyTextNotPresent("У виджета нет данных", false) == true): Text 'У виджета нет данных' is not present on page

11-03-2025T03:28:21 - [MESSAGE][PASSED] - Text 'У виджета нет данных' is not present on page

11-03-2025T03:28:21 - [TEST_STEP][PASSED] - click(findTestObject("Выручка по ДЗО/Фильтр Выручка")): Object: 'Object Repository/Выручка по ДЗО/Фильтр Выручка' is clicked on

11-03-2025T03:28:22 - [MESSAGE][PASSED] - Object: 'Object Repository/Выручка по ДЗО/Фильтр Выручка' is clicked on

11-03-2025T03:28:22 - [TEST_STEP][PASSED] - click(findTestObject("Выручка по ДЗО/Снять выделение в фильтре Выручка")): Object: 'Object Repository/Выручка по ДЗО/Снять выделение в фильтре Выручка' is clicked on

11-03-2025T03:28:22 - [MESSAGE][PASSED] - Object: 'Object Repository/Выручка по ДЗО/Снять выделение в фильтре Выручка' is clicked on

11-03-2025T03:28:22 - [TEST_STEP][PASSED] - click(findTestObject("Выручка по ДЗО/По передаче в фильтре Выручка")): Object: 'Object Repository/Выручка по ДЗО/По передаче в фильтре Выручка' is clicked on

11-03-2025T03:28:22 - [MESSAGE][PASSED] - Object: 'Object Repository/Выручка по ДЗО/По передаче в фильтре Выручка' is clicked on

11-03-2025T03:28:22 - [TEST_STEP][PASSED] - click(findTestObject("Выручка по ДЗО/Применить в фильтре Выручка")): Object: 'Object Repository/Выручка по ДЗО/Применить в фильтре Выручка' is clicked on

11-03-2025T03:28:23 - [MESSAGE][PASSED] - Object: 'Object Repository/Выручка по ДЗО/Применить в фильтре Выручка' is clicked on

11-03-2025T03:28:23 - [TEST_STEP][PASSED] - Script1687405711779.Test(todaysDate): null

11-03-2025T03:28:23 - [TEST_STEP][PASSED] - delay(10): Delayed 10 second(s)

11-03-2025T03:28:33 - [MESSAGE][PASSED] - Delayed 10 second(s)

11-03-2025T03:28:33 - [TEST_STEP][PASSED] - if (verifyTextNotPresent("нет данных", false) == true): null

11-03-2025T03:28:33 - [MESSAGE][PASSED] - Text 'нет данных' is not present on page

11-03-2025T03:28:33 - [TEST_STEP][PASSED] - if (verifyTextNotPresent("Ошибка запроса данных", false) == true): null

11-03-2025T03:28:34 - [MESSAGE][PASSED] - Text 'Ошибка запроса данных' is not present on page

11-03-2025T03:28:34 - [TEST_STEP][PASSED] - if (verifyTextNotPresent("Произошла ошибка при выполнении пользовательского кода", false) == true): null

11-03-2025T03:28:34 - [MESSAGE][PASSED] - Text 'Произошла ошибка при выполнении пользовательского кода' is not present on page

11-03-2025T03:28:34 - [TEST_STEP][PASSED] - if (verifyTextNotPresent("У виджета нет данных", false) == true): null

11-03-2025T03:28:35 - [MESSAGE][PASSED] - Text 'У виджета нет данных' is not present on page

11-03-2025T03:28:35 - [TEST_STEP][PASSED] - if (verifyTextNotPresent("У виджета нет данных", false) == true): Text 'У виджета нет данных' is not present on page

11-03-2025T03:28:35 - [MESSAGE][PASSED] - Text 'У виджета нет данных' is not present on page

11-03-2025T03:28:35 - [TEST_STEP][PASSED] - click(findTestObject("Выручка по ДЗО/Фильтр Выручка")): Object: 'Object Repository/Выручка по ДЗО/Фильтр Выручка' is clicked on

11-03-2025T03:28:36 - [MESSAGE][PASSED] - Object: 'Object Repository/Выручка по ДЗО/Фильтр Выручка' is clicked on

11-03-2025T03:28:36 - [TEST_STEP][PASSED] - click(findTestObject("Выручка по ДЗО/Снять выделение в фильтре Выручка")): Object: 'Object Repository/Выручка по ДЗО/Снять выделение в фильтре Выручка' is clicked on

11-03-2025T03:28:36 - [MESSAGE][PASSED] - Object: 'Object Repository/Выручка по ДЗО/Снять выделение в фильтре Выручка' is clicked on

11-03-2025T03:28:36 - [TEST_STEP][PASSED] - click(findTestObject("Выручка по ДЗО/Применить в фильтре Выручка")): Object: 'Object Repository/Выручка по ДЗО/Применить в фильтре Выручка' is clicked on

11-03-2025T03:28:37 - [MESSAGE][PASSED] - Object: 'Object Repository/Выручка по ДЗО/Применить в фильтре Выручка' is clicked on

11-03-2025T03:28:37 - [TEST_STEP][PASSED] - click(findTestObject("Выручка по ДЗО/Фильтр ДЗО")): Object: 'Object Repository/Выручка по ДЗО/Фильтр ДЗО' is clicked on

11-03-2025T03:28:37 - [MESSAGE][PASSED] - Object: 'Object Repository/Выручка по ДЗО/Фильтр ДЗО' is clicked on

11-03-2025T03:28:37 - [TEST_STEP][PASSED] - click(findTestObject("Выручка по ДЗО/Снять выделение в фильтре ДЗО")): Object: 'Object Repository/Выручка по ДЗО/Снять выделение в фильтре ДЗО' is clicked on

11-03-2025T03:28:38 - [MESSAGE][PASSED] - Object: 'Object Repository/Выручка по ДЗО/Снять выделение в фильтре ДЗО' is clicked on

11-03-2025T03:28:38 - [TEST_STEP][PASSED] - scrollToElement(findTestObject("Общие объекты/Раскрыть список Россети Томск"), 30): Scroll to object 'Object Repository/Общие объекты/Раскрыть список Россети Томск' successfully

11-03-2025T03:28:38 - [MESSAGE][PASSED] - Scroll to object 'Object Repository/Общие объекты/Раскрыть список Россети Томск' successfully

11-03-2025T03:28:38 - [TEST_STEP][PASSED] - click(findTestObject("Общие объекты/Раскрыть список Россети Томск")): Object: 'Object Repository/Общие объекты/Раскрыть список Россети Томск' is clicked on

11-03-2025T03:28:39 - [MESSAGE][PASSED] - Object: 'Object Repository/Общие объекты/Раскрыть список Россети Томск' is clicked on

11-03-2025T03:28:39 - [TEST_STEP][PASSED] - scrollToElement(findTestObject("Общие объекты/Томская распределительная компания"), 30): Scroll to object 'Object Repository/Общие объекты/Томская распределительная компания' successfully

11-03-2025T03:28:39 - [MESSAGE][PASSED] - Scroll to object 'Object Repository/Общие объекты/Томская распределительная компания' successfully

11-03-2025T03:28:39 - [TEST_STEP][PASSED] - click(findTestObject("Общие объекты/Томская распределительная компания"), CONTINUE_ON_FAILURE): Object: 'Object Repository/Общие объекты/Томская распределительная компания' is clicked on

11-03-2025T03:28:39 - [MESSAGE][PASSED] - Object: 'Object Repository/Общие объекты/Томская распределительная компания' is clicked on

11-03-2025T03:28:39 - [TEST_STEP][PASSED] - Script1687405711779.Change(todaysDate): null

11-03-2025T03:28:39 - [TEST_STEP][PASSED] - scrollToElement(findTestObject("Выручка по ДЗО/Заголовок дашборда"), 30): Scroll to object 'Object Repository/Выручка по ДЗО/Заголовок дашборда' successfully

11-03-2025T03:28:40 - [MESSAGE][PASSED] - Scroll to object 'Object Repository/Выручка по ДЗО/Заголовок дашборда' successfully

11-03-2025T03:28:40 - [TEST_STEP][PASSED] - click(findTestObject("Выручка по ДЗО/Применить в фильтре ДЗО")): Object: 'Object Repository/Выручка по ДЗО/Применить в фильтре ДЗО' is clicked on

11-03-2025T03:28:40 - [MESSAGE][PASSED] - Object: 'Object Repository/Выручка по ДЗО/Применить в фильтре ДЗО' is clicked on

11-03-2025T03:28:40 - [TEST_STEP][PASSED] - Script1687405711779.Tumbler(todaysDate): null

11-03-2025T03:28:40 - [TEST_STEP][PASSED] - Script1687405711779.Test(todaysDate): null

11-03-2025T03:28:40 - [TEST_STEP][PASSED] - delay(10): Delayed 10 second(s)

11-03-2025T03:28:50 - [MESSAGE][PASSED] - Delayed 10 second(s)

11-03-2025T03:28:50 - [TEST_STEP][PASSED] - if (verifyTextNotPresent("нет данных", false) == true): null

11-03-2025T03:28:51 - [MESSAGE][PASSED] - Text 'нет данных' is not present on page

11-03-2025T03:28:51 - [TEST_STEP][PASSED] - if (verifyTextNotPresent("Ошибка запроса данных", false) == true): null

11-03-2025T03:28:51 - [MESSAGE][PASSED] - Text 'Ошибка запроса данных' is not present on page

11-03-2025T03:28:51 - [TEST_STEP][PASSED] - if (verifyTextNotPresent("Произошла ошибка при выполнении пользовательского кода", false) == true): null

11-03-2025T03:28:51 - [MESSAGE][PASSED] - Text 'Произошла ошибка при выполнении пользовательского кода' is not present on page

11-03-2025T03:28:51 - [TEST_STEP][PASSED] - if (verifyTextNotPresent("У виджета нет данных", false) == true): null

11-03-2025T03:28:52 - [MESSAGE][PASSED] - Text 'У виджета нет данных' is not present on page

11-03-2025T03:28:52 - [TEST_STEP][PASSED] - if (verifyTextNotPresent("У виджета нет данных", false) == true): Text 'У виджета нет данных' is not present on page

11-03-2025T03:28:52 - [MESSAGE][PASSED] - Text 'У виджета нет данных' is not present on page

11-03-2025T03:28:52 - [TEST_STEP][PASSED] - click(findTestObject("Выручка по ДЗО/Фильтр Выручка")): Object: 'Object Repository/Выручка по ДЗО/Фильтр Выручка' is clicked on

11-03-2025T03:28:53 - [MESSAGE][PASSED] - Object: 'Object Repository/Выручка по ДЗО/Фильтр Выручка' is clicked on

11-03-2025T03:28:53 - [TEST_STEP][PASSED] - click(findTestObject("Выручка по ДЗО/Внутренний оборот в фильтре Выручка")): Object: 'Object Repository/Выручка по ДЗО/Внутренний оборот в фильтре Выручка' is clicked on

11-03-2025T03:28:53 - [MESSAGE][PASSED] - Object: 'Object Repository/Выручка по ДЗО/Внутренний оборот в фильтре Выручка' is clicked on

11-03-2025T03:28:53 - [TEST_STEP][PASSED] - click(findTestObject("Выручка по ДЗО/Применить в фильтре Выручка")): Object: 'Object Repository/Выручка по ДЗО/Применить в фильтре Выручка' is clicked on

11-03-2025T03:28:54 - [MESSAGE][PASSED] - Object: 'Object Repository/Выручка по ДЗО/Применить в фильтре Выручка' is clicked on

11-03-2025T03:28:54 - [TEST_STEP][PASSED] - Script1687405711779.Test(todaysDate): null

11-03-2025T03:28:54 - [TEST_STEP][PASSED] - delay(10): Delayed 10 second(s)

11-03-2025T03:29:04 - [MESSAGE][PASSED] - Delayed 10 second(s)

11-03-2025T03:29:04 - [TEST_STEP][FAILED] - if (verifyTextNotPresent("нет данных", false) == true): Text 'нет данных' is present on page  (Root cause: com.kms.katalon.core.exception.StepFailedException: Text 'нет данных' is present on page 
	at com.kms.katalon.core.webui.keyword.internal.WebUIKeywordMain.stepFailed(WebUIKeywordMain.groovy:64)
	at com.kms.katalon.core.webui.keyword.builtin.VerifyTextNotPresentKeyword$_verifyTextNotPresent_closure1.doCall(VerifyTextNotPresentKeyword.groovy:77)
	at com.kms.katalon.core.webui.keyword.builtin.VerifyTextNotPresentKeyword$_verifyTextNotPresent_closure1.call(VerifyTextNotPresentKeyword.groovy)
	at com.kms.katalon.core.webui.keyword.internal.WebUIKeywordMain.runKeyword(WebUIKeywordMain.groovy:20)
	at com.kms.katalon.core.webui.keyword.builtin.VerifyTextNotPresentKeyword.verifyTextNotPresent(VerifyTextNotPresentKeyword.groovy:82)
	at com.kms.katalon.core.webui.keyword.builtin.VerifyTextNotPresentKeyword.execute(VerifyTextNotPresentKeyword.groovy:68)
	at com.kms.katalon.core.keyword.internal.KeywordExecutor.executeKeywordForPlatform(KeywordExecutor.groovy:74)
	at com.kms.katalon.core.webui.keyword.WebUiBuiltInKeywords.verifyTextNotPresent(WebUiBuiltInKeywords.groovy:1795)
	at Выручка по ДЗО отображение данных все филиалы.Test(Выручка по ДЗО отображение данных все филиалы:772)
	at Выручка по ДЗО отображение данных все филиалы.Tumbler(Выручка по ДЗО отображение данных все филиалы:726)
	at Выручка по ДЗО отображение данных все филиалы.Change(Выручка по ДЗО отображение данных все филиалы:760)
	at Выручка по ДЗО отображение данных все филиалы.DzoTest(Выручка по ДЗО отображение данных все филиалы:464)
	at Выручка по ДЗО отображение данных все филиалы.run(Выручка по ДЗО отображение данных все филиалы:122)
	at com.kms.katalon.core.main.ScriptEngine.run(ScriptEngine.java:194)
	at com.kms.katalon.core.main.ScriptEngine.runScriptAsRawText(ScriptEngine.java:119)
	at com.kms.katalon.core.main.TestCaseExecutor.runScript(TestCaseExecutor.java:448)
	at com.kms.katalon.core.main.TestCaseExecutor.doExecute(TestCaseExecutor.java:439)
	at com.kms.katalon.core.main.TestCaseExecutor.processExecutionPhase(TestCaseExecutor.java:418)
	at com.kms.katalon.core.main.TestCaseExecutor.accessMainPhase(TestCaseExecutor.java:410)
	at com.kms.katalon.core.main.TestCaseExecutor.execute(TestCaseExecutor.java:285)
	at com.kms.katalon.core.common.CommonExecutor.accessTestCaseMainPhase(CommonExecutor.java:65)
	at com.kms.katalon.core.main.TestSuiteExecutor.accessTestSuiteMainPhase(TestSuiteExecutor.java:150)
	at com.kms.katalon.core.main.TestSuiteExecutor.execute(TestSuiteExecutor.java:106)
	at com.kms.katalon.core.main.TestCaseMain.startTestSuite(TestCaseMain.java:180)
	at TempTestSuite1741649958618.run(TempTestSuite1741649958618.groovy:35)
	at java.base/jdk.internal.reflect.NativeMethodAccessorImpl.invoke0(Native Method)
	at java.base/jdk.internal.reflect.NativeMethodAccessorImpl.invoke(NativeMethodAccessorImpl.java:77)
	at java.base/jdk.internal.reflect.DelegatingMethodAccessorImpl.invoke(DelegatingMethodAccessorImpl.java:43)
)

11-03-2025T03:29:04 - [MESSAGE][FAILED] - Text 'нет данных' is present on page  (Root cause: com.kms.katalon.core.exception.StepFailedException: Text 'нет данных' is present on page 
	at com.kms.katalon.core.webui.keyword.internal.WebUIKeywordMain.stepFailed(WebUIKeywordMain.groovy:64)
	at com.kms.katalon.core.webui.keyword.builtin.VerifyTextNotPresentKeyword$_verifyTextNotPresent_closure1.doCall(VerifyTextNotPresentKeyword.groovy:77)
	at com.kms.katalon.core.webui.keyword.builtin.VerifyTextNotPresentKeyword$_verifyTextNotPresent_closure1.call(VerifyTextNotPresentKeyword.groovy)
	at com.kms.katalon.core.webui.keyword.internal.WebUIKeywordMain.runKeyword(WebUIKeywordMain.groovy:20)
	at com.kms.katalon.core.webui.keyword.builtin.VerifyTextNotPresentKeyword.verifyTextNotPresent(VerifyTextNotPresentKeyword.groovy:82)
	at com.kms.katalon.core.webui.keyword.builtin.VerifyTextNotPresentKeyword.execute(VerifyTextNotPresentKeyword.groovy:68)
	at com.kms.katalon.core.keyword.internal.KeywordExecutor.executeKeywordForPlatform(KeywordExecutor.groovy:74)
	at com.kms.katalon.core.webui.keyword.WebUiBuiltInKeywords.verifyTextNotPresent(WebUiBuiltInKeywords.groovy:1795)
	at Выручка по ДЗО отображение данных все филиалы.Test(Выручка по ДЗО отображение данных все филиалы:772)
	at Выручка по ДЗО отображение данных все филиалы.Tumbler(Выручка по ДЗО отображение данных все филиалы:726)
	at Выручка по ДЗО отображение данных все филиалы.Change(Выручка по ДЗО отображение данных все филиалы:760)
	at Выручка по ДЗО отображение данных все филиалы.DzoTest(Выручка по ДЗО отображение данных все филиалы:464)
	at Выручка по ДЗО отображение данных все филиалы.run(Выручка по ДЗО отображение данных все филиалы:122)
	at com.kms.katalon.core.main.ScriptEngine.run(ScriptEngine.java:194)
	at com.kms.katalon.core.main.ScriptEngine.runScriptAsRawText(ScriptEngine.java:119)
	at com.kms.katalon.core.main.TestCaseExecutor.runScript(TestCaseExecutor.java:448)
	at com.kms.katalon.core.main.TestCaseExecutor.doExecute(TestCaseExecutor.java:439)
	at com.kms.katalon.core.main.TestCaseExecutor.processExecutionPhase(TestCaseExecutor.java:418)
	at com.kms.katalon.core.main.TestCaseExecutor.accessMainPhase(TestCaseExecutor.java:410)
	at com.kms.katalon.core.main.TestCaseExecutor.execute(TestCaseExecutor.java:285)
	at com.kms.katalon.core.common.CommonExecutor.accessTestCaseMainPhase(CommonExecutor.java:65)
	at com.kms.katalon.core.main.TestSuiteExecutor.accessTestSuiteMainPhase(TestSuiteExecutor.java:150)
	at com.kms.katalon.core.main.TestSuiteExecutor.execute(TestSuiteExecutor.java:106)
	at com.kms.katalon.core.main.TestCaseMain.startTestSuite(TestCaseMain.java:180)
	at TempTestSuite1741649958618.run(TempTestSuite1741649958618.groovy:35)
	at java.base/jdk.internal.reflect.NativeMethodAccessorImpl.invoke0(Native Method)
	at java.base/jdk.internal.reflect.NativeMethodAccessorImpl.invoke(NativeMethodAccessorImpl.java:77)
	at java.base/jdk.internal.reflect.DelegatingMethodAccessorImpl.invoke(DelegatingMethodAccessorImpl.java:43)
)

11-03-2025T03:29:04 - [TEST_STEP][PASSED] - else: null

11-03-2025T03:29:04 - [TEST_STEP][PASSED] - Script1687405711779.WriteToExcel(todaysDate): null

11-03-2025T03:29:04 - [TEST_STEP][PASSED] - sheetName = "Sheet1": null

11-03-2025T03:29:04 - [TEST_STEP][PASSED] - data = findTestData("PlanFact"): null

11-03-2025T03:29:04 - [TEST_STEP][PASSED] - n = data.getRowNumbers() + 1: null

11-03-2025T03:29:04 - [TEST_STEP][PASSED] - dZO = getText(findTestObject("Выручка по ДЗО/Фильтр ДЗО")): Text of object 'Object Repository/Выручка по ДЗО/Фильтр ДЗО' is: 'ПАО Россети - РаспредКомплекс - Россети Томск - Томская распределительная компания'

11-03-2025T03:29:05 - [MESSAGE][PASSED] - Text of object 'Object Repository/Выручка по ДЗО/Фильтр ДЗО' is: 'ПАО Россети - РаспредКомплекс - Россети Томск - Томская распределительная компания'

11-03-2025T03:29:05 - [TEST_STEP][PASSED] - period = getText(findTestObject("Выручка по ДЗО/Фильтр Дата")): Text of object 'Object Repository/Выручка по ДЗО/Фильтр Дата' is: 'Январь 2025 года'

11-03-2025T03:29:05 - [MESSAGE][PASSED] - Text of object 'Object Repository/Выручка по ДЗО/Фильтр Дата' is: 'Январь 2025 года'

11-03-2025T03:29:05 - [TEST_STEP][PASSED] - viruchka = getText(findTestObject("Выручка по ДЗО/Фильтр Выручка")): Text of object 'Object Repository/Выручка по ДЗО/Фильтр Выручка' is: 'внутренний оборот'

11-03-2025T03:29:05 - [MESSAGE][PASSED] - Text of object 'Object Repository/Выручка по ДЗО/Фильтр Выручка' is: 'внутренний оборот'

11-03-2025T03:29:05 - [TEST_STEP][PASSED] - if (viruchka == "Выбрано: 2"): null

11-03-2025T03:29:05 - [TEST_STEP][PASSED] - if (viruchka == "Все"): null

11-03-2025T03:29:05 - [TEST_STEP][PASSED] - println(period): null

11-03-2025T03:29:05 - [TEST_STEP][PASSED] - dashboardName = "Выручка по ДЗО": null

11-03-2025T03:29:05 - [TEST_STEP][PASSED] - workbook01 = getWorkbook(excelFilePath): null

11-03-2025T03:29:05 - [TEST_STEP][PASSED] - sheet01 = getExcelSheet(workbook01, sheetName): null

11-03-2025T03:29:05 - [TEST_STEP][PASSED] - setValueToCellByIndex(sheet01, n, 0, dashboardName): null

11-03-2025T03:29:05 - [TEST_STEP][PASSED] - setValueToCellByIndex(sheet01, n, 1, dZO): null

11-03-2025T03:29:05 - [TEST_STEP][PASSED] - setValueToCellByIndex(sheet01, n, 2, period): null

11-03-2025T03:29:05 - [TEST_STEP][PASSED] - setValueToCellByIndex(sheet01, n, 3, viruchka): null

11-03-2025T03:29:05 - [TEST_STEP][PASSED] - setValueToCellByIndex(sheet01, n, 4, todaysDate): null

11-03-2025T03:29:05 - [TEST_STEP][PASSED] - n = n + 1: null

11-03-2025T03:29:05 - [TEST_STEP][PASSED] - saveWorkbook(excelFilePath, workbook01): null

11-03-2025T03:29:05 - [TEST_STEP][PASSED] - click(findTestObject("Выручка по ДЗО/Фильтр Выручка")): Object: 'Object Repository/Выручка по ДЗО/Фильтр Выручка' is clicked on

11-03-2025T03:29:06 - [MESSAGE][PASSED] - Object: 'Object Repository/Выручка по ДЗО/Фильтр Выручка' is clicked on

11-03-2025T03:29:06 - [TEST_STEP][PASSED] - click(findTestObject("Выручка по ДЗО/По передаче в фильтре Выручка")): Object: 'Object Repository/Выручка по ДЗО/По передаче в фильтре Выручка' is clicked on

11-03-2025T03:29:06 - [MESSAGE][PASSED] - Object: 'Object Repository/Выручка по ДЗО/По передаче в фильтре Выручка' is clicked on

11-03-2025T03:29:06 - [TEST_STEP][PASSED] - click(findTestObject("Выручка по ДЗО/Применить в фильтре Выручка")): Object: 'Object Repository/Выручка по ДЗО/Применить в фильтре Выручка' is clicked on

11-03-2025T03:29:07 - [MESSAGE][PASSED] - Object: 'Object Repository/Выручка по ДЗО/Применить в фильтре Выручка' is clicked on

11-03-2025T03:29:07 - [TEST_STEP][PASSED] - Script1687405711779.Test(todaysDate): null

11-03-2025T03:29:07 - [TEST_STEP][PASSED] - delay(10): Delayed 10 second(s)

11-03-2025T03:29:17 - [MESSAGE][PASSED] - Delayed 10 second(s)

11-03-2025T03:29:17 - [TEST_STEP][PASSED] - if (verifyTextNotPresent("нет данных", false) == true): null

11-03-2025T03:29:17 - [MESSAGE][PASSED] - Text 'нет данных' is not present on page

11-03-2025T03:29:17 - [TEST_STEP][PASSED] - if (verifyTextNotPresent("Ошибка запроса данных", false) == true): null

11-03-2025T03:29:18 - [MESSAGE][PASSED] - Text 'Ошибка запроса данных' is not present on page

11-03-2025T03:29:18 - [TEST_STEP][PASSED] - if (verifyTextNotPresent("Произошла ошибка при выполнении пользовательского кода", false) == true): null

11-03-2025T03:29:18 - [MESSAGE][PASSED] - Text 'Произошла ошибка при выполнении пользовательского кода' is not present on page

11-03-2025T03:29:18 - [TEST_STEP][PASSED] - if (verifyTextNotPresent("У виджета нет данных", false) == true): null

11-03-2025T03:29:19 - [MESSAGE][PASSED] - Text 'У виджета нет данных' is not present on page

11-03-2025T03:29:19 - [TEST_STEP][PASSED] - if (verifyTextNotPresent("У виджета нет данных", false) == true): Text 'У виджета нет данных' is not present on page

11-03-2025T03:29:19 - [MESSAGE][PASSED] - Text 'У виджета нет данных' is not present on page

11-03-2025T03:29:19 - [TEST_STEP][PASSED] - click(findTestObject("Выручка по ДЗО/Фильтр Выручка")): Object: 'Object Repository/Выручка по ДЗО/Фильтр Выручка' is clicked on

11-03-2025T03:29:20 - [MESSAGE][PASSED] - Object: 'Object Repository/Выручка по ДЗО/Фильтр Выручка' is clicked on

11-03-2025T03:29:20 - [TEST_STEP][PASSED] - click(findTestObject("Выручка по ДЗО/Снять выделение в фильтре Выручка")): Object: 'Object Repository/Выручка по ДЗО/Снять выделение в фильтре Выручка' is clicked on

11-03-2025T03:29:20 - [MESSAGE][PASSED] - Object: 'Object Repository/Выручка по ДЗО/Снять выделение в фильтре Выручка' is clicked on

11-03-2025T03:29:20 - [TEST_STEP][PASSED] - click(findTestObject("Выручка по ДЗО/По передаче в фильтре Выручка")): Object: 'Object Repository/Выручка по ДЗО/По передаче в фильтре Выручка' is clicked on

11-03-2025T03:29:20 - [MESSAGE][PASSED] - Object: 'Object Repository/Выручка по ДЗО/По передаче в фильтре Выручка' is clicked on

11-03-2025T03:29:20 - [TEST_STEP][PASSED] - click(findTestObject("Выручка по ДЗО/Применить в фильтре Выручка")): Object: 'Object Repository/Выручка по ДЗО/Применить в фильтре Выручка' is clicked on

11-03-2025T03:29:21 - [MESSAGE][PASSED] - Object: 'Object Repository/Выручка по ДЗО/Применить в фильтре Выручка' is clicked on

11-03-2025T03:29:21 - [TEST_STEP][PASSED] - Script1687405711779.Test(todaysDate): null

11-03-2025T03:29:21 - [TEST_STEP][PASSED] - delay(10): Delayed 10 second(s)

11-03-2025T03:29:31 - [MESSAGE][PASSED] - Delayed 10 second(s)

11-03-2025T03:29:31 - [TEST_STEP][PASSED] - if (verifyTextNotPresent("нет данных", false) == true): null

11-03-2025T03:29:31 - [MESSAGE][PASSED] - Text 'нет данных' is not present on page

11-03-2025T03:29:31 - [TEST_STEP][PASSED] - if (verifyTextNotPresent("Ошибка запроса данных", false) == true): null

11-03-2025T03:29:32 - [MESSAGE][PASSED] - Text 'Ошибка запроса данных' is not present on page

11-03-2025T03:29:32 - [TEST_STEP][PASSED] - if (verifyTextNotPresent("Произошла ошибка при выполнении пользовательского кода", false) == true): null

11-03-2025T03:29:32 - [MESSAGE][PASSED] - Text 'Произошла ошибка при выполнении пользовательского кода' is not present on page

11-03-2025T03:29:32 - [TEST_STEP][PASSED] - if (verifyTextNotPresent("У виджета нет данных", false) == true): null

11-03-2025T03:29:33 - [MESSAGE][PASSED] - Text 'У виджета нет данных' is not present on page

11-03-2025T03:29:33 - [TEST_STEP][PASSED] - if (verifyTextNotPresent("У виджета нет данных", false) == true): Text 'У виджета нет данных' is not present on page

11-03-2025T03:29:33 - [MESSAGE][PASSED] - Text 'У виджета нет данных' is not present on page

11-03-2025T03:29:33 - [TEST_STEP][PASSED] - click(findTestObject("Выручка по ДЗО/Фильтр Выручка")): Object: 'Object Repository/Выручка по ДЗО/Фильтр Выручка' is clicked on

11-03-2025T03:29:34 - [MESSAGE][PASSED] - Object: 'Object Repository/Выручка по ДЗО/Фильтр Выручка' is clicked on

11-03-2025T03:29:34 - [TEST_STEP][PASSED] - click(findTestObject("Выручка по ДЗО/Снять выделение в фильтре Выручка")): Object: 'Object Repository/Выручка по ДЗО/Снять выделение в фильтре Выручка' is clicked on

11-03-2025T03:29:34 - [MESSAGE][PASSED] - Object: 'Object Repository/Выручка по ДЗО/Снять выделение в фильтре Выручка' is clicked on

11-03-2025T03:29:34 - [TEST_STEP][PASSED] - click(findTestObject("Выручка по ДЗО/Применить в фильтре Выручка")): Object: 'Object Repository/Выручка по ДЗО/Применить в фильтре Выручка' is clicked on

11-03-2025T03:29:34 - [MESSAGE][PASSED] - Object: 'Object Repository/Выручка по ДЗО/Применить в фильтре Выручка' is clicked on

11-03-2025T03:29:34 - [TEST_STEP][PASSED] - click(findTestObject("Выручка по ДЗО/Фильтр ДЗО")): Object: 'Object Repository/Выручка по ДЗО/Фильтр ДЗО' is clicked on

11-03-2025T03:29:36 - [MESSAGE][PASSED] - Object: 'Object Repository/Выручка по ДЗО/Фильтр ДЗО' is clicked on

11-03-2025T03:29:36 - [TEST_STEP][PASSED] - click(findTestObject("Выручка по ДЗО/Снять выделение в фильтре ДЗО")): Object: 'Object Repository/Выручка по ДЗО/Снять выделение в фильтре ДЗО' is clicked on

11-03-2025T03:29:36 - [MESSAGE][PASSED] - Object: 'Object Repository/Выручка по ДЗО/Снять выделение в фильтре ДЗО' is clicked on

11-03-2025T03:29:36 - [TEST_STEP][PASSED] - scrollToElement(findTestObject("Выручка по ДЗО/Россети Тюмень Выручка по ДЗО"), 30): Scroll to object 'Object Repository/Выручка по ДЗО/Россети Тюмень Выручка по ДЗО' successfully

11-03-2025T03:29:37 - [MESSAGE][PASSED] - Scroll to object 'Object Repository/Выручка по ДЗО/Россети Тюмень Выручка по ДЗО' successfully

11-03-2025T03:29:37 - [TEST_STEP][PASSED] - click(findTestObject("Выручка по ДЗО/Россети Тюмень Выручка по ДЗО")): Object: 'Object Repository/Выручка по ДЗО/Россети Тюмень Выручка по ДЗО' is clicked on

11-03-2025T03:29:37 - [MESSAGE][PASSED] - Object: 'Object Repository/Выручка по ДЗО/Россети Тюмень Выручка по ДЗО' is clicked on

11-03-2025T03:29:37 - [TEST_STEP][PASSED] - scrollToElement(findTestObject("Выручка по ДЗО/Фильтр ДЗО"), 30): Scroll to object 'Object Repository/Выручка по ДЗО/Фильтр ДЗО' successfully

11-03-2025T03:29:38 - [MESSAGE][PASSED] - Scroll to object 'Object Repository/Выручка по ДЗО/Фильтр ДЗО' successfully

11-03-2025T03:29:38 - [TEST_STEP][PASSED] - Script1687405711779.Change(todaysDate): null

11-03-2025T03:29:38 - [TEST_STEP][PASSED] - scrollToElement(findTestObject("Выручка по ДЗО/Заголовок дашборда"), 30): Scroll to object 'Object Repository/Выручка по ДЗО/Заголовок дашборда' successfully

11-03-2025T03:29:38 - [MESSAGE][PASSED] - Scroll to object 'Object Repository/Выручка по ДЗО/Заголовок дашборда' successfully

11-03-2025T03:29:38 - [TEST_STEP][PASSED] - click(findTestObject("Выручка по ДЗО/Применить в фильтре ДЗО")): Object: 'Object Repository/Выручка по ДЗО/Применить в фильтре ДЗО' is clicked on

11-03-2025T03:29:38 - [MESSAGE][PASSED] - Object: 'Object Repository/Выручка по ДЗО/Применить в фильтре ДЗО' is clicked on

11-03-2025T03:29:38 - [TEST_STEP][PASSED] - Script1687405711779.Tumbler(todaysDate): null

11-03-2025T03:29:38 - [TEST_STEP][PASSED] - Script1687405711779.Test(todaysDate): null

11-03-2025T03:29:38 - [TEST_STEP][PASSED] - delay(10): Delayed 10 second(s)

11-03-2025T03:29:48 - [MESSAGE][PASSED] - Delayed 10 second(s)

11-03-2025T03:29:48 - [TEST_STEP][PASSED] - if (verifyTextNotPresent("нет данных", false) == true): null

11-03-2025T03:29:49 - [MESSAGE][PASSED] - Text 'нет данных' is not present on page

11-03-2025T03:29:49 - [TEST_STEP][PASSED] - if (verifyTextNotPresent("Ошибка запроса данных", false) == true): null

11-03-2025T03:29:49 - [MESSAGE][PASSED] - Text 'Ошибка запроса данных' is not present on page

11-03-2025T03:29:49 - [TEST_STEP][PASSED] - if (verifyTextNotPresent("Произошла ошибка при выполнении пользовательского кода", false) == true): null

11-03-2025T03:29:50 - [MESSAGE][PASSED] - Text 'Произошла ошибка при выполнении пользовательского кода' is not present on page

11-03-2025T03:29:50 - [TEST_STEP][PASSED] - if (verifyTextNotPresent("У виджета нет данных", false) == true): null

11-03-2025T03:29:50 - [MESSAGE][PASSED] - Text 'У виджета нет данных' is not present on page

11-03-2025T03:29:50 - [TEST_STEP][PASSED] - if (verifyTextNotPresent("У виджета нет данных", false) == true): Text 'У виджета нет данных' is not present on page

11-03-2025T03:29:51 - [MESSAGE][PASSED] - Text 'У виджета нет данных' is not present on page

11-03-2025T03:29:51 - [TEST_STEP][PASSED] - click(findTestObject("Выручка по ДЗО/Фильтр Выручка")): Object: 'Object Repository/Выручка по ДЗО/Фильтр Выручка' is clicked on

11-03-2025T03:29:51 - [MESSAGE][PASSED] - Object: 'Object Repository/Выручка по ДЗО/Фильтр Выручка' is clicked on

11-03-2025T03:29:51 - [TEST_STEP][PASSED] - click(findTestObject("Выручка по ДЗО/Внутренний оборот в фильтре Выручка")): Object: 'Object Repository/Выручка по ДЗО/Внутренний оборот в фильтре Выручка' is clicked on

11-03-2025T03:29:51 - [MESSAGE][PASSED] - Object: 'Object Repository/Выручка по ДЗО/Внутренний оборот в фильтре Выручка' is clicked on

11-03-2025T03:29:51 - [TEST_STEP][PASSED] - click(findTestObject("Выручка по ДЗО/Применить в фильтре Выручка")): Object: 'Object Repository/Выручка по ДЗО/Применить в фильтре Выручка' is clicked on

11-03-2025T03:29:52 - [MESSAGE][PASSED] - Object: 'Object Repository/Выручка по ДЗО/Применить в фильтре Выручка' is clicked on

11-03-2025T03:29:52 - [TEST_STEP][PASSED] - Script1687405711779.Test(todaysDate): null

11-03-2025T03:29:52 - [TEST_STEP][PASSED] - delay(10): Delayed 10 second(s)

11-03-2025T03:30:02 - [MESSAGE][PASSED] - Delayed 10 second(s)

11-03-2025T03:30:02 - [TEST_STEP][FAILED] - if (verifyTextNotPresent("нет данных", false) == true): Text 'нет данных' is present on page  (Root cause: com.kms.katalon.core.exception.StepFailedException: Text 'нет данных' is present on page 
	at com.kms.katalon.core.webui.keyword.internal.WebUIKeywordMain.stepFailed(WebUIKeywordMain.groovy:64)
	at com.kms.katalon.core.webui.keyword.builtin.VerifyTextNotPresentKeyword$_verifyTextNotPresent_closure1.doCall(VerifyTextNotPresentKeyword.groovy:77)
	at com.kms.katalon.core.webui.keyword.builtin.VerifyTextNotPresentKeyword$_verifyTextNotPresent_closure1.call(VerifyTextNotPresentKeyword.groovy)
	at com.kms.katalon.core.webui.keyword.internal.WebUIKeywordMain.runKeyword(WebUIKeywordMain.groovy:20)
	at com.kms.katalon.core.webui.keyword.builtin.VerifyTextNotPresentKeyword.verifyTextNotPresent(VerifyTextNotPresentKeyword.groovy:82)
	at com.kms.katalon.core.webui.keyword.builtin.VerifyTextNotPresentKeyword.execute(VerifyTextNotPresentKeyword.groovy:68)
	at com.kms.katalon.core.keyword.internal.KeywordExecutor.executeKeywordForPlatform(KeywordExecutor.groovy:74)
	at com.kms.katalon.core.webui.keyword.WebUiBuiltInKeywords.verifyTextNotPresent(WebUiBuiltInKeywords.groovy:1795)
	at Выручка по ДЗО отображение данных все филиалы.Test(Выручка по ДЗО отображение данных все филиалы:772)
	at Выручка по ДЗО отображение данных все филиалы.Tumbler(Выручка по ДЗО отображение данных все филиалы:726)
	at Выручка по ДЗО отображение данных все филиалы.Change(Выручка по ДЗО отображение данных все филиалы:760)
	at Выручка по ДЗО отображение данных все филиалы.DzoTest(Выручка по ДЗО отображение данных все филиалы:472)
	at Выручка по ДЗО отображение данных все филиалы.run(Выручка по ДЗО отображение данных все филиалы:122)
	at com.kms.katalon.core.main.ScriptEngine.run(ScriptEngine.java:194)
	at com.kms.katalon.core.main.ScriptEngine.runScriptAsRawText(ScriptEngine.java:119)
	at com.kms.katalon.core.main.TestCaseExecutor.runScript(TestCaseExecutor.java:448)
	at com.kms.katalon.core.main.TestCaseExecutor.doExecute(TestCaseExecutor.java:439)
	at com.kms.katalon.core.main.TestCaseExecutor.processExecutionPhase(TestCaseExecutor.java:418)
	at com.kms.katalon.core.main.TestCaseExecutor.accessMainPhase(TestCaseExecutor.java:410)
	at com.kms.katalon.core.main.TestCaseExecutor.execute(TestCaseExecutor.java:285)
	at com.kms.katalon.core.common.CommonExecutor.accessTestCaseMainPhase(CommonExecutor.java:65)
	at com.kms.katalon.core.main.TestSuiteExecutor.accessTestSuiteMainPhase(TestSuiteExecutor.java:150)
	at com.kms.katalon.core.main.TestSuiteExecutor.execute(TestSuiteExecutor.java:106)
	at com.kms.katalon.core.main.TestCaseMain.startTestSuite(TestCaseMain.java:180)
	at TempTestSuite1741649958618.run(TempTestSuite1741649958618.groovy:35)
	at java.base/jdk.internal.reflect.NativeMethodAccessorImpl.invoke0(Native Method)
	at java.base/jdk.internal.reflect.NativeMethodAccessorImpl.invoke(NativeMethodAccessorImpl.java:77)
	at java.base/jdk.internal.reflect.DelegatingMethodAccessorImpl.invoke(DelegatingMethodAccessorImpl.java:43)
)

11-03-2025T03:30:02 - [MESSAGE][FAILED] - Text 'нет данных' is present on page  (Root cause: com.kms.katalon.core.exception.StepFailedException: Text 'нет данных' is present on page 
	at com.kms.katalon.core.webui.keyword.internal.WebUIKeywordMain.stepFailed(WebUIKeywordMain.groovy:64)
	at com.kms.katalon.core.webui.keyword.builtin.VerifyTextNotPresentKeyword$_verifyTextNotPresent_closure1.doCall(VerifyTextNotPresentKeyword.groovy:77)
	at com.kms.katalon.core.webui.keyword.builtin.VerifyTextNotPresentKeyword$_verifyTextNotPresent_closure1.call(VerifyTextNotPresentKeyword.groovy)
	at com.kms.katalon.core.webui.keyword.internal.WebUIKeywordMain.runKeyword(WebUIKeywordMain.groovy:20)
	at com.kms.katalon.core.webui.keyword.builtin.VerifyTextNotPresentKeyword.verifyTextNotPresent(VerifyTextNotPresentKeyword.groovy:82)
	at com.kms.katalon.core.webui.keyword.builtin.VerifyTextNotPresentKeyword.execute(VerifyTextNotPresentKeyword.groovy:68)
	at com.kms.katalon.core.keyword.internal.KeywordExecutor.executeKeywordForPlatform(KeywordExecutor.groovy:74)
	at com.kms.katalon.core.webui.keyword.WebUiBuiltInKeywords.verifyTextNotPresent(WebUiBuiltInKeywords.groovy:1795)
	at Выручка по ДЗО отображение данных все филиалы.Test(Выручка по ДЗО отображение данных все филиалы:772)
	at Выручка по ДЗО отображение данных все филиалы.Tumbler(Выручка по ДЗО отображение данных все филиалы:726)
	at Выручка по ДЗО отображение данных все филиалы.Change(Выручка по ДЗО отображение данных все филиалы:760)
	at Выручка по ДЗО отображение данных все филиалы.DzoTest(Выручка по ДЗО отображение данных все филиалы:472)
	at Выручка по ДЗО отображение данных все филиалы.run(Выручка по ДЗО отображение данных все филиалы:122)
	at com.kms.katalon.core.main.ScriptEngine.run(ScriptEngine.java:194)
	at com.kms.katalon.core.main.ScriptEngine.runScriptAsRawText(ScriptEngine.java:119)
	at com.kms.katalon.core.main.TestCaseExecutor.runScript(TestCaseExecutor.java:448)
	at com.kms.katalon.core.main.TestCaseExecutor.doExecute(TestCaseExecutor.java:439)
	at com.kms.katalon.core.main.TestCaseExecutor.processExecutionPhase(TestCaseExecutor.java:418)
	at com.kms.katalon.core.main.TestCaseExecutor.accessMainPhase(TestCaseExecutor.java:410)
	at com.kms.katalon.core.main.TestCaseExecutor.execute(TestCaseExecutor.java:285)
	at com.kms.katalon.core.common.CommonExecutor.accessTestCaseMainPhase(CommonExecutor.java:65)
	at com.kms.katalon.core.main.TestSuiteExecutor.accessTestSuiteMainPhase(TestSuiteExecutor.java:150)
	at com.kms.katalon.core.main.TestSuiteExecutor.execute(TestSuiteExecutor.java:106)
	at com.kms.katalon.core.main.TestCaseMain.startTestSuite(TestCaseMain.java:180)
	at TempTestSuite1741649958618.run(TempTestSuite1741649958618.groovy:35)
	at java.base/jdk.internal.reflect.NativeMethodAccessorImpl.invoke0(Native Method)
	at java.base/jdk.internal.reflect.NativeMethodAccessorImpl.invoke(NativeMethodAccessorImpl.java:77)
	at java.base/jdk.internal.reflect.DelegatingMethodAccessorImpl.invoke(DelegatingMethodAccessorImpl.java:43)
)

11-03-2025T03:30:02 - [TEST_STEP][PASSED] - else: null

11-03-2025T03:30:02 - [TEST_STEP][PASSED] - Script1687405711779.WriteToExcel(todaysDate): null

11-03-2025T03:30:02 - [TEST_STEP][PASSED] - sheetName = "Sheet1": null

11-03-2025T03:30:02 - [TEST_STEP][PASSED] - data = findTestData("PlanFact"): null

11-03-2025T03:30:03 - [TEST_STEP][PASSED] - n = data.getRowNumbers() + 1: null

11-03-2025T03:30:03 - [TEST_STEP][PASSED] - dZO = getText(findTestObject("Выручка по ДЗО/Фильтр ДЗО")): Text of object 'Object Repository/Выручка по ДЗО/Фильтр ДЗО' is: 'ПАО Россети - РаспредКомплекс - Россети Тюмень'

11-03-2025T03:30:03 - [MESSAGE][PASSED] - Text of object 'Object Repository/Выручка по ДЗО/Фильтр ДЗО' is: 'ПАО Россети - РаспредКомплекс - Россети Тюмень'

11-03-2025T03:30:03 - [TEST_STEP][PASSED] - period = getText(findTestObject("Выручка по ДЗО/Фильтр Дата")): Text of object 'Object Repository/Выручка по ДЗО/Фильтр Дата' is: 'Январь 2025 года'

11-03-2025T03:30:03 - [MESSAGE][PASSED] - Text of object 'Object Repository/Выручка по ДЗО/Фильтр Дата' is: 'Январь 2025 года'

11-03-2025T03:30:03 - [TEST_STEP][PASSED] - viruchka = getText(findTestObject("Выручка по ДЗО/Фильтр Выручка")): Text of object 'Object Repository/Выручка по ДЗО/Фильтр Выручка' is: 'внутренний оборот'

11-03-2025T03:30:03 - [MESSAGE][PASSED] - Text of object 'Object Repository/Выручка по ДЗО/Фильтр Выручка' is: 'внутренний оборот'

11-03-2025T03:30:03 - [TEST_STEP][PASSED] - if (viruchka == "Выбрано: 2"): null

11-03-2025T03:30:03 - [TEST_STEP][PASSED] - if (viruchka == "Все"): null

11-03-2025T03:30:03 - [TEST_STEP][PASSED] - println(period): null

11-03-2025T03:30:03 - [TEST_STEP][PASSED] - dashboardName = "Выручка по ДЗО": null

11-03-2025T03:30:03 - [TEST_STEP][PASSED] - workbook01 = getWorkbook(excelFilePath): null

11-03-2025T03:30:03 - [TEST_STEP][PASSED] - sheet01 = getExcelSheet(workbook01, sheetName): null

11-03-2025T03:30:03 - [TEST_STEP][PASSED] - setValueToCellByIndex(sheet01, n, 0, dashboardName): null

11-03-2025T03:30:03 - [TEST_STEP][PASSED] - setValueToCellByIndex(sheet01, n, 1, dZO): null

11-03-2025T03:30:03 - [TEST_STEP][PASSED] - setValueToCellByIndex(sheet01, n, 2, period): null

11-03-2025T03:30:03 - [TEST_STEP][PASSED] - setValueToCellByIndex(sheet01, n, 3, viruchka): null

11-03-2025T03:30:03 - [TEST_STEP][PASSED] - setValueToCellByIndex(sheet01, n, 4, todaysDate): null

11-03-2025T03:30:03 - [TEST_STEP][PASSED] - n = n + 1: null

11-03-2025T03:30:03 - [TEST_STEP][PASSED] - saveWorkbook(excelFilePath, workbook01): null

11-03-2025T03:30:04 - [TEST_STEP][PASSED] - click(findTestObject("Выручка по ДЗО/Фильтр Выручка")): Object: 'Object Repository/Выручка по ДЗО/Фильтр Выручка' is clicked on

11-03-2025T03:30:04 - [MESSAGE][PASSED] - Object: 'Object Repository/Выручка по ДЗО/Фильтр Выручка' is clicked on

11-03-2025T03:30:04 - [TEST_STEP][PASSED] - click(findTestObject("Выручка по ДЗО/По передаче в фильтре Выручка")): Object: 'Object Repository/Выручка по ДЗО/По передаче в фильтре Выручка' is clicked on

11-03-2025T03:30:04 - [MESSAGE][PASSED] - Object: 'Object Repository/Выручка по ДЗО/По передаче в фильтре Выручка' is clicked on

11-03-2025T03:30:04 - [TEST_STEP][PASSED] - click(findTestObject("Выручка по ДЗО/Применить в фильтре Выручка")): Object: 'Object Repository/Выручка по ДЗО/Применить в фильтре Выручка' is clicked on

11-03-2025T03:30:05 - [MESSAGE][PASSED] - Object: 'Object Repository/Выручка по ДЗО/Применить в фильтре Выручка' is clicked on

11-03-2025T03:30:05 - [TEST_STEP][PASSED] - Script1687405711779.Test(todaysDate): null

11-03-2025T03:30:05 - [TEST_STEP][PASSED] - delay(10): Delayed 10 second(s)

11-03-2025T03:30:15 - [MESSAGE][PASSED] - Delayed 10 second(s)

11-03-2025T03:30:15 - [TEST_STEP][PASSED] - if (verifyTextNotPresent("нет данных", false) == true): null

11-03-2025T03:30:16 - [MESSAGE][PASSED] - Text 'нет данных' is not present on page

11-03-2025T03:30:16 - [TEST_STEP][PASSED] - if (verifyTextNotPresent("Ошибка запроса данных", false) == true): null

11-03-2025T03:30:16 - [MESSAGE][PASSED] - Text 'Ошибка запроса данных' is not present on page

11-03-2025T03:30:16 - [TEST_STEP][PASSED] - if (verifyTextNotPresent("Произошла ошибка при выполнении пользовательского кода", false) == true): null

11-03-2025T03:30:16 - [MESSAGE][PASSED] - Text 'Произошла ошибка при выполнении пользовательского кода' is not present on page

11-03-2025T03:30:16 - [TEST_STEP][PASSED] - if (verifyTextNotPresent("У виджета нет данных", false) == true): null

11-03-2025T03:30:17 - [MESSAGE][PASSED] - Text 'У виджета нет данных' is not present on page

11-03-2025T03:30:17 - [TEST_STEP][PASSED] - if (verifyTextNotPresent("У виджета нет данных", false) == true): Text 'У виджета нет данных' is not present on page

11-03-2025T03:30:17 - [MESSAGE][PASSED] - Text 'У виджета нет данных' is not present on page

11-03-2025T03:30:17 - [TEST_STEP][PASSED] - click(findTestObject("Выручка по ДЗО/Фильтр Выручка")): Object: 'Object Repository/Выручка по ДЗО/Фильтр Выручка' is clicked on

11-03-2025T03:30:18 - [MESSAGE][PASSED] - Object: 'Object Repository/Выручка по ДЗО/Фильтр Выручка' is clicked on

11-03-2025T03:30:18 - [TEST_STEP][PASSED] - click(findTestObject("Выручка по ДЗО/Снять выделение в фильтре Выручка")): Object: 'Object Repository/Выручка по ДЗО/Снять выделение в фильтре Выручка' is clicked on

11-03-2025T03:30:18 - [MESSAGE][PASSED] - Object: 'Object Repository/Выручка по ДЗО/Снять выделение в фильтре Выручка' is clicked on

11-03-2025T03:30:18 - [TEST_STEP][PASSED] - click(findTestObject("Выручка по ДЗО/По передаче в фильтре Выручка")): Object: 'Object Repository/Выручка по ДЗО/По передаче в фильтре Выручка' is clicked on

11-03-2025T03:30:18 - [MESSAGE][PASSED] - Object: 'Object Repository/Выручка по ДЗО/По передаче в фильтре Выручка' is clicked on

11-03-2025T03:30:18 - [TEST_STEP][PASSED] - click(findTestObject("Выручка по ДЗО/Применить в фильтре Выручка")): Object: 'Object Repository/Выручка по ДЗО/Применить в фильтре Выручка' is clicked on

11-03-2025T03:30:19 - [MESSAGE][PASSED] - Object: 'Object Repository/Выручка по ДЗО/Применить в фильтре Выручка' is clicked on

11-03-2025T03:30:19 - [TEST_STEP][PASSED] - Script1687405711779.Test(todaysDate): null

11-03-2025T03:30:19 - [TEST_STEP][PASSED] - delay(10): Delayed 10 second(s)

11-03-2025T03:30:29 - [MESSAGE][PASSED] - Delayed 10 second(s)

11-03-2025T03:30:29 - [TEST_STEP][PASSED] - if (verifyTextNotPresent("нет данных", false) == true): null

11-03-2025T03:30:29 - [MESSAGE][PASSED] - Text 'нет данных' is not present on page

11-03-2025T03:30:29 - [TEST_STEP][PASSED] - if (verifyTextNotPresent("Ошибка запроса данных", false) == true): null

11-03-2025T03:30:30 - [MESSAGE][PASSED] - Text 'Ошибка запроса данных' is not present on page

11-03-2025T03:30:30 - [TEST_STEP][PASSED] - if (verifyTextNotPresent("Произошла ошибка при выполнении пользовательского кода", false) == true): null

11-03-2025T03:30:30 - [MESSAGE][PASSED] - Text 'Произошла ошибка при выполнении пользовательского кода' is not present on page

11-03-2025T03:30:30 - [TEST_STEP][PASSED] - if (verifyTextNotPresent("У виджета нет данных", false) == true): null

11-03-2025T03:30:31 - [MESSAGE][PASSED] - Text 'У виджета нет данных' is not present on page

11-03-2025T03:30:31 - [TEST_STEP][PASSED] - if (verifyTextNotPresent("У виджета нет данных", false) == true): Text 'У виджета нет данных' is not present on page

11-03-2025T03:30:31 - [MESSAGE][PASSED] - Text 'У виджета нет данных' is not present on page

11-03-2025T03:30:31 - [TEST_STEP][PASSED] - click(findTestObject("Выручка по ДЗО/Фильтр Выручка")): Object: 'Object Repository/Выручка по ДЗО/Фильтр Выручка' is clicked on

11-03-2025T03:30:32 - [MESSAGE][PASSED] - Object: 'Object Repository/Выручка по ДЗО/Фильтр Выручка' is clicked on

11-03-2025T03:30:32 - [TEST_STEP][PASSED] - click(findTestObject("Выручка по ДЗО/Снять выделение в фильтре Выручка")): Object: 'Object Repository/Выручка по ДЗО/Снять выделение в фильтре Выручка' is clicked on

11-03-2025T03:30:32 - [MESSAGE][PASSED] - Object: 'Object Repository/Выручка по ДЗО/Снять выделение в фильтре Выручка' is clicked on

11-03-2025T03:30:32 - [TEST_STEP][PASSED] - click(findTestObject("Выручка по ДЗО/Применить в фильтре Выручка")): Object: 'Object Repository/Выручка по ДЗО/Применить в фильтре Выручка' is clicked on

11-03-2025T03:30:32 - [MESSAGE][PASSED] - Object: 'Object Repository/Выручка по ДЗО/Применить в фильтре Выручка' is clicked on

11-03-2025T03:30:32 - [TEST_STEP][PASSED] - click(findTestObject("Выручка по ДЗО/Фильтр ДЗО")): Object: 'Object Repository/Выручка по ДЗО/Фильтр ДЗО' is clicked on

11-03-2025T03:30:33 - [MESSAGE][PASSED] - Object: 'Object Repository/Выручка по ДЗО/Фильтр ДЗО' is clicked on

11-03-2025T03:30:33 - [TEST_STEP][PASSED] - click(findTestObject("Выручка по ДЗО/Снять выделение в фильтре ДЗО")): Object: 'Object Repository/Выручка по ДЗО/Снять выделение в фильтре ДЗО' is clicked on

11-03-2025T03:30:34 - [MESSAGE][PASSED] - Object: 'Object Repository/Выручка по ДЗО/Снять выделение в фильтре ДЗО' is clicked on

11-03-2025T03:30:34 - [TEST_STEP][PASSED] - scrollToElement(findTestObject("Общие объекты/Раскрыть список Россети Тюмень"), 30): Scroll to object 'Object Repository/Общие объекты/Раскрыть список Россети Тюмень' successfully

11-03-2025T03:30:34 - [MESSAGE][PASSED] - Scroll to object 'Object Repository/Общие объекты/Раскрыть список Россети Тюмень' successfully

11-03-2025T03:30:34 - [TEST_STEP][PASSED] - click(findTestObject("Общие объекты/Раскрыть список Россети Тюмень"), CONTINUE_ON_FAILURE): Object: 'Object Repository/Общие объекты/Раскрыть список Россети Тюмень' is clicked on

11-03-2025T03:30:35 - [MESSAGE][PASSED] - Object: 'Object Repository/Общие объекты/Раскрыть список Россети Тюмень' is clicked on

11-03-2025T03:30:35 - [TEST_STEP][PASSED] - scrollToElement(findTestObject("Выручка по ДЗО/Россети Тюмень нижний уровень"), 30): Scroll to object 'Object Repository/Выручка по ДЗО/Россети Тюмень нижний уровень' successfully

11-03-2025T03:30:35 - [MESSAGE][PASSED] - Scroll to object 'Object Repository/Выручка по ДЗО/Россети Тюмень нижний уровень' successfully

11-03-2025T03:30:35 - [TEST_STEP][PASSED] - click(findTestObject("Выручка по ДЗО/Россети Тюмень нижний уровень"), CONTINUE_ON_FAILURE): Object: 'Object Repository/Выручка по ДЗО/Россети Тюмень нижний уровень' is clicked on

11-03-2025T03:30:35 - [MESSAGE][PASSED] - Object: 'Object Repository/Выручка по ДЗО/Россети Тюмень нижний уровень' is clicked on

11-03-2025T03:30:35 - [TEST_STEP][PASSED] - Script1687405711779.Change(todaysDate): null

11-03-2025T03:30:35 - [TEST_STEP][PASSED] - scrollToElement(findTestObject("Выручка по ДЗО/Заголовок дашборда"), 30): Scroll to object 'Object Repository/Выручка по ДЗО/Заголовок дашборда' successfully

11-03-2025T03:30:36 - [MESSAGE][PASSED] - Scroll to object 'Object Repository/Выручка по ДЗО/Заголовок дашборда' successfully

11-03-2025T03:30:36 - [TEST_STEP][PASSED] - click(findTestObject("Выручка по ДЗО/Применить в фильтре ДЗО")): Object: 'Object Repository/Выручка по ДЗО/Применить в фильтре ДЗО' is clicked on

11-03-2025T03:30:36 - [MESSAGE][PASSED] - Object: 'Object Repository/Выручка по ДЗО/Применить в фильтре ДЗО' is clicked on

11-03-2025T03:30:36 - [TEST_STEP][PASSED] - Script1687405711779.Tumbler(todaysDate): null

11-03-2025T03:30:36 - [TEST_STEP][PASSED] - Script1687405711779.Test(todaysDate): null

11-03-2025T03:30:36 - [TEST_STEP][PASSED] - delay(10): Delayed 10 second(s)

11-03-2025T03:30:46 - [MESSAGE][PASSED] - Delayed 10 second(s)

11-03-2025T03:30:46 - [TEST_STEP][PASSED] - if (verifyTextNotPresent("нет данных", false) == true): null

11-03-2025T03:30:47 - [MESSAGE][PASSED] - Text 'нет данных' is not present on page

11-03-2025T03:30:47 - [TEST_STEP][PASSED] - if (verifyTextNotPresent("Ошибка запроса данных", false) == true): null

11-03-2025T03:30:47 - [MESSAGE][PASSED] - Text 'Ошибка запроса данных' is not present on page

11-03-2025T03:30:47 - [TEST_STEP][PASSED] - if (verifyTextNotPresent("Произошла ошибка при выполнении пользовательского кода", false) == true): null

11-03-2025T03:30:47 - [MESSAGE][PASSED] - Text 'Произошла ошибка при выполнении пользовательского кода' is not present on page

11-03-2025T03:30:47 - [TEST_STEP][PASSED] - if (verifyTextNotPresent("У виджета нет данных", false) == true): null

11-03-2025T03:30:48 - [MESSAGE][PASSED] - Text 'У виджета нет данных' is not present on page

11-03-2025T03:30:48 - [TEST_STEP][PASSED] - if (verifyTextNotPresent("У виджета нет данных", false) == true): Text 'У виджета нет данных' is not present on page

11-03-2025T03:30:48 - [MESSAGE][PASSED] - Text 'У виджета нет данных' is not present on page

11-03-2025T03:30:48 - [TEST_STEP][PASSED] - click(findTestObject("Выручка по ДЗО/Фильтр Выручка")): Object: 'Object Repository/Выручка по ДЗО/Фильтр Выручка' is clicked on

11-03-2025T03:30:49 - [MESSAGE][PASSED] - Object: 'Object Repository/Выручка по ДЗО/Фильтр Выручка' is clicked on

11-03-2025T03:30:49 - [TEST_STEP][PASSED] - click(findTestObject("Выручка по ДЗО/Внутренний оборот в фильтре Выручка")): Object: 'Object Repository/Выручка по ДЗО/Внутренний оборот в фильтре Выручка' is clicked on

11-03-2025T03:30:49 - [MESSAGE][PASSED] - Object: 'Object Repository/Выручка по ДЗО/Внутренний оборот в фильтре Выручка' is clicked on

11-03-2025T03:30:49 - [TEST_STEP][PASSED] - click(findTestObject("Выручка по ДЗО/Применить в фильтре Выручка")): Object: 'Object Repository/Выручка по ДЗО/Применить в фильтре Выручка' is clicked on

11-03-2025T03:30:50 - [MESSAGE][PASSED] - Object: 'Object Repository/Выручка по ДЗО/Применить в фильтре Выручка' is clicked on

11-03-2025T03:30:50 - [TEST_STEP][PASSED] - Script1687405711779.Test(todaysDate): null

11-03-2025T03:30:50 - [TEST_STEP][PASSED] - delay(10): Delayed 10 second(s)

11-03-2025T03:31:00 - [MESSAGE][PASSED] - Delayed 10 second(s)

11-03-2025T03:31:00 - [TEST_STEP][FAILED] - if (verifyTextNotPresent("нет данных", false) == true): Text 'нет данных' is present on page  (Root cause: com.kms.katalon.core.exception.StepFailedException: Text 'нет данных' is present on page 
	at com.kms.katalon.core.webui.keyword.internal.WebUIKeywordMain.stepFailed(WebUIKeywordMain.groovy:64)
	at com.kms.katalon.core.webui.keyword.builtin.VerifyTextNotPresentKeyword$_verifyTextNotPresent_closure1.doCall(VerifyTextNotPresentKeyword.groovy:77)
	at com.kms.katalon.core.webui.keyword.builtin.VerifyTextNotPresentKeyword$_verifyTextNotPresent_closure1.call(VerifyTextNotPresentKeyword.groovy)
	at com.kms.katalon.core.webui.keyword.internal.WebUIKeywordMain.runKeyword(WebUIKeywordMain.groovy:20)
	at com.kms.katalon.core.webui.keyword.builtin.VerifyTextNotPresentKeyword.verifyTextNotPresent(VerifyTextNotPresentKeyword.groovy:82)
	at com.kms.katalon.core.webui.keyword.builtin.VerifyTextNotPresentKeyword.execute(VerifyTextNotPresentKeyword.groovy:68)
	at com.kms.katalon.core.keyword.internal.KeywordExecutor.executeKeywordForPlatform(KeywordExecutor.groovy:74)
	at com.kms.katalon.core.webui.keyword.WebUiBuiltInKeywords.verifyTextNotPresent(WebUiBuiltInKeywords.groovy:1795)
	at Выручка по ДЗО отображение данных все филиалы.Test(Выручка по ДЗО отображение данных все филиалы:772)
	at Выручка по ДЗО отображение данных все филиалы.Tumbler(Выручка по ДЗО отображение данных все филиалы:726)
	at Выручка по ДЗО отображение данных все филиалы.Change(Выручка по ДЗО отображение данных все филиалы:760)
	at Выручка по ДЗО отображение данных все филиалы.DzoTest(Выручка по ДЗО отображение данных все филиалы:482)
	at Выручка по ДЗО отображение данных все филиалы.run(Выручка по ДЗО отображение данных все филиалы:122)
	at com.kms.katalon.core.main.ScriptEngine.run(ScriptEngine.java:194)
	at com.kms.katalon.core.main.ScriptEngine.runScriptAsRawText(ScriptEngine.java:119)
	at com.kms.katalon.core.main.TestCaseExecutor.runScript(TestCaseExecutor.java:448)
	at com.kms.katalon.core.main.TestCaseExecutor.doExecute(TestCaseExecutor.java:439)
	at com.kms.katalon.core.main.TestCaseExecutor.processExecutionPhase(TestCaseExecutor.java:418)
	at com.kms.katalon.core.main.TestCaseExecutor.accessMainPhase(TestCaseExecutor.java:410)
	at com.kms.katalon.core.main.TestCaseExecutor.execute(TestCaseExecutor.java:285)
	at com.kms.katalon.core.common.CommonExecutor.accessTestCaseMainPhase(CommonExecutor.java:65)
	at com.kms.katalon.core.main.TestSuiteExecutor.accessTestSuiteMainPhase(TestSuiteExecutor.java:150)
	at com.kms.katalon.core.main.TestSuiteExecutor.execute(TestSuiteExecutor.java:106)
	at com.kms.katalon.core.main.TestCaseMain.startTestSuite(TestCaseMain.java:180)
	at TempTestSuite1741649958618.run(TempTestSuite1741649958618.groovy:35)
	at java.base/jdk.internal.reflect.NativeMethodAccessorImpl.invoke0(Native Method)
	at java.base/jdk.internal.reflect.NativeMethodAccessorImpl.invoke(NativeMethodAccessorImpl.java:77)
	at java.base/jdk.internal.reflect.DelegatingMethodAccessorImpl.invoke(DelegatingMethodAccessorImpl.java:43)
)

11-03-2025T03:31:00 - [MESSAGE][FAILED] - Text 'нет данных' is present on page  (Root cause: com.kms.katalon.core.exception.StepFailedException: Text 'нет данных' is present on page 
	at com.kms.katalon.core.webui.keyword.internal.WebUIKeywordMain.stepFailed(WebUIKeywordMain.groovy:64)
	at com.kms.katalon.core.webui.keyword.builtin.VerifyTextNotPresentKeyword$_verifyTextNotPresent_closure1.doCall(VerifyTextNotPresentKeyword.groovy:77)
	at com.kms.katalon.core.webui.keyword.builtin.VerifyTextNotPresentKeyword$_verifyTextNotPresent_closure1.call(VerifyTextNotPresentKeyword.groovy)
	at com.kms.katalon.core.webui.keyword.internal.WebUIKeywordMain.runKeyword(WebUIKeywordMain.groovy:20)
	at com.kms.katalon.core.webui.keyword.builtin.VerifyTextNotPresentKeyword.verifyTextNotPresent(VerifyTextNotPresentKeyword.groovy:82)
	at com.kms.katalon.core.webui.keyword.builtin.VerifyTextNotPresentKeyword.execute(VerifyTextNotPresentKeyword.groovy:68)
	at com.kms.katalon.core.keyword.internal.KeywordExecutor.executeKeywordForPlatform(KeywordExecutor.groovy:74)
	at com.kms.katalon.core.webui.keyword.WebUiBuiltInKeywords.verifyTextNotPresent(WebUiBuiltInKeywords.groovy:1795)
	at Выручка по ДЗО отображение данных все филиалы.Test(Выручка по ДЗО отображение данных все филиалы:772)
	at Выручка по ДЗО отображение данных все филиалы.Tumbler(Выручка по ДЗО отображение данных все филиалы:726)
	at Выручка по ДЗО отображение данных все филиалы.Change(Выручка по ДЗО отображение данных все филиалы:760)
	at Выручка по ДЗО отображение данных все филиалы.DzoTest(Выручка по ДЗО отображение данных все филиалы:482)
	at Выручка по ДЗО отображение данных все филиалы.run(Выручка по ДЗО отображение данных все филиалы:122)
	at com.kms.katalon.core.main.ScriptEngine.run(ScriptEngine.java:194)
	at com.kms.katalon.core.main.ScriptEngine.runScriptAsRawText(ScriptEngine.java:119)
	at com.kms.katalon.core.main.TestCaseExecutor.runScript(TestCaseExecutor.java:448)
	at com.kms.katalon.core.main.TestCaseExecutor.doExecute(TestCaseExecutor.java:439)
	at com.kms.katalon.core.main.TestCaseExecutor.processExecutionPhase(TestCaseExecutor.java:418)
	at com.kms.katalon.core.main.TestCaseExecutor.accessMainPhase(TestCaseExecutor.java:410)
	at com.kms.katalon.core.main.TestCaseExecutor.execute(TestCaseExecutor.java:285)
	at com.kms.katalon.core.common.CommonExecutor.accessTestCaseMainPhase(CommonExecutor.java:65)
	at com.kms.katalon.core.main.TestSuiteExecutor.accessTestSuiteMainPhase(TestSuiteExecutor.java:150)
	at com.kms.katalon.core.main.TestSuiteExecutor.execute(TestSuiteExecutor.java:106)
	at com.kms.katalon.core.main.TestCaseMain.startTestSuite(TestCaseMain.java:180)
	at TempTestSuite1741649958618.run(TempTestSuite1741649958618.groovy:35)
	at java.base/jdk.internal.reflect.NativeMethodAccessorImpl.invoke0(Native Method)
	at java.base/jdk.internal.reflect.NativeMethodAccessorImpl.invoke(NativeMethodAccessorImpl.java:77)
	at java.base/jdk.internal.reflect.DelegatingMethodAccessorImpl.invoke(DelegatingMethodAccessorImpl.java:43)
)

11-03-2025T03:31:00 - [TEST_STEP][PASSED] - else: null

11-03-2025T03:31:00 - [TEST_STEP][PASSED] - Script1687405711779.WriteToExcel(todaysDate): null

11-03-2025T03:31:00 - [TEST_STEP][PASSED] - sheetName = "Sheet1": null

11-03-2025T03:31:00 - [TEST_STEP][PASSED] - data = findTestData("PlanFact"): null

11-03-2025T03:31:00 - [TEST_STEP][PASSED] - n = data.getRowNumbers() + 1: null

11-03-2025T03:31:00 - [TEST_STEP][PASSED] - dZO = getText(findTestObject("Выручка по ДЗО/Фильтр ДЗО")): Text of object 'Object Repository/Выручка по ДЗО/Фильтр ДЗО' is: 'ПАО Россети - РаспредКомплекс - Россети Тюмень - Россети Тюмень'

11-03-2025T03:31:01 - [MESSAGE][PASSED] - Text of object 'Object Repository/Выручка по ДЗО/Фильтр ДЗО' is: 'ПАО Россети - РаспредКомплекс - Россети Тюмень - Россети Тюмень'

11-03-2025T03:31:01 - [TEST_STEP][PASSED] - period = getText(findTestObject("Выручка по ДЗО/Фильтр Дата")): Text of object 'Object Repository/Выручка по ДЗО/Фильтр Дата' is: 'Январь 2025 года'

11-03-2025T03:31:01 - [MESSAGE][PASSED] - Text of object 'Object Repository/Выручка по ДЗО/Фильтр Дата' is: 'Январь 2025 года'

11-03-2025T03:31:01 - [TEST_STEP][PASSED] - viruchka = getText(findTestObject("Выручка по ДЗО/Фильтр Выручка")): Text of object 'Object Repository/Выручка по ДЗО/Фильтр Выручка' is: 'внутренний оборот'

11-03-2025T03:31:01 - [MESSAGE][PASSED] - Text of object 'Object Repository/Выручка по ДЗО/Фильтр Выручка' is: 'внутренний оборот'

11-03-2025T03:31:01 - [TEST_STEP][PASSED] - if (viruchka == "Выбрано: 2"): null

11-03-2025T03:31:01 - [TEST_STEP][PASSED] - if (viruchka == "Все"): null

11-03-2025T03:31:01 - [TEST_STEP][PASSED] - println(period): null

11-03-2025T03:31:01 - [TEST_STEP][PASSED] - dashboardName = "Выручка по ДЗО": null

11-03-2025T03:31:01 - [TEST_STEP][PASSED] - workbook01 = getWorkbook(excelFilePath): null

11-03-2025T03:31:01 - [TEST_STEP][PASSED] - sheet01 = getExcelSheet(workbook01, sheetName): null

11-03-2025T03:31:01 - [TEST_STEP][PASSED] - setValueToCellByIndex(sheet01, n, 0, dashboardName): null

11-03-2025T03:31:01 - [TEST_STEP][PASSED] - setValueToCellByIndex(sheet01, n, 1, dZO): null

11-03-2025T03:31:01 - [TEST_STEP][PASSED] - setValueToCellByIndex(sheet01, n, 2, period): null

11-03-2025T03:31:01 - [TEST_STEP][PASSED] - setValueToCellByIndex(sheet01, n, 3, viruchka): null

11-03-2025T03:31:01 - [TEST_STEP][PASSED] - setValueToCellByIndex(sheet01, n, 4, todaysDate): null

11-03-2025T03:31:01 - [TEST_STEP][PASSED] - n = n + 1: null

11-03-2025T03:31:01 - [TEST_STEP][PASSED] - saveWorkbook(excelFilePath, workbook01): null

11-03-2025T03:31:02 - [TEST_STEP][PASSED] - click(findTestObject("Выручка по ДЗО/Фильтр Выручка")): Object: 'Object Repository/Выручка по ДЗО/Фильтр Выручка' is clicked on

11-03-2025T03:31:02 - [MESSAGE][PASSED] - Object: 'Object Repository/Выручка по ДЗО/Фильтр Выручка' is clicked on

11-03-2025T03:31:02 - [TEST_STEP][PASSED] - click(findTestObject("Выручка по ДЗО/По передаче в фильтре Выручка")): Object: 'Object Repository/Выручка по ДЗО/По передаче в фильтре Выручка' is clicked on

11-03-2025T03:31:02 - [MESSAGE][PASSED] - Object: 'Object Repository/Выручка по ДЗО/По передаче в фильтре Выручка' is clicked on

11-03-2025T03:31:02 - [TEST_STEP][PASSED] - click(findTestObject("Выручка по ДЗО/Применить в фильтре Выручка")): Object: 'Object Repository/Выручка по ДЗО/Применить в фильтре Выручка' is clicked on

11-03-2025T03:31:03 - [MESSAGE][PASSED] - Object: 'Object Repository/Выручка по ДЗО/Применить в фильтре Выручка' is clicked on

11-03-2025T03:31:03 - [TEST_STEP][PASSED] - Script1687405711779.Test(todaysDate): null

11-03-2025T03:31:03 - [TEST_STEP][PASSED] - delay(10): Delayed 10 second(s)

11-03-2025T03:31:13 - [MESSAGE][PASSED] - Delayed 10 second(s)

11-03-2025T03:31:13 - [TEST_STEP][PASSED] - if (verifyTextNotPresent("нет данных", false) == true): null

11-03-2025T03:31:14 - [MESSAGE][PASSED] - Text 'нет данных' is not present on page

11-03-2025T03:31:14 - [TEST_STEP][PASSED] - if (verifyTextNotPresent("Ошибка запроса данных", false) == true): null

11-03-2025T03:31:14 - [MESSAGE][PASSED] - Text 'Ошибка запроса данных' is not present on page

11-03-2025T03:31:14 - [TEST_STEP][PASSED] - if (verifyTextNotPresent("Произошла ошибка при выполнении пользовательского кода", false) == true): null

11-03-2025T03:31:14 - [MESSAGE][PASSED] - Text 'Произошла ошибка при выполнении пользовательского кода' is not present on page

11-03-2025T03:31:14 - [TEST_STEP][PASSED] - if (verifyTextNotPresent("У виджета нет данных", false) == true): null

11-03-2025T03:31:15 - [MESSAGE][PASSED] - Text 'У виджета нет данных' is not present on page

11-03-2025T03:31:15 - [TEST_STEP][PASSED] - if (verifyTextNotPresent("У виджета нет данных", false) == true): Text 'У виджета нет данных' is not present on page

11-03-2025T03:31:15 - [MESSAGE][PASSED] - Text 'У виджета нет данных' is not present on page

11-03-2025T03:31:15 - [TEST_STEP][PASSED] - click(findTestObject("Выручка по ДЗО/Фильтр Выручка")): Object: 'Object Repository/Выручка по ДЗО/Фильтр Выручка' is clicked on

11-03-2025T03:31:16 - [MESSAGE][PASSED] - Object: 'Object Repository/Выручка по ДЗО/Фильтр Выручка' is clicked on

11-03-2025T03:31:16 - [TEST_STEP][PASSED] - click(findTestObject("Выручка по ДЗО/Снять выделение в фильтре Выручка")): Object: 'Object Repository/Выручка по ДЗО/Снять выделение в фильтре Выручка' is clicked on

11-03-2025T03:31:16 - [MESSAGE][PASSED] - Object: 'Object Repository/Выручка по ДЗО/Снять выделение в фильтре Выручка' is clicked on

11-03-2025T03:31:16 - [TEST_STEP][PASSED] - click(findTestObject("Выручка по ДЗО/По передаче в фильтре Выручка")): Object: 'Object Repository/Выручка по ДЗО/По передаче в фильтре Выручка' is clicked on

11-03-2025T03:31:16 - [MESSAGE][PASSED] - Object: 'Object Repository/Выручка по ДЗО/По передаче в фильтре Выручка' is clicked on

11-03-2025T03:31:16 - [TEST_STEP][PASSED] - click(findTestObject("Выручка по ДЗО/Применить в фильтре Выручка")): Object: 'Object Repository/Выручка по ДЗО/Применить в фильтре Выручка' is clicked on

11-03-2025T03:31:17 - [MESSAGE][PASSED] - Object: 'Object Repository/Выручка по ДЗО/Применить в фильтре Выручка' is clicked on

11-03-2025T03:31:17 - [TEST_STEP][PASSED] - Script1687405711779.Test(todaysDate): null

11-03-2025T03:31:17 - [TEST_STEP][PASSED] - delay(10): Delayed 10 second(s)

11-03-2025T03:31:27 - [MESSAGE][PASSED] - Delayed 10 second(s)

11-03-2025T03:31:27 - [TEST_STEP][PASSED] - if (verifyTextNotPresent("нет данных", false) == true): null

11-03-2025T03:31:27 - [MESSAGE][PASSED] - Text 'нет данных' is not present on page

11-03-2025T03:31:27 - [TEST_STEP][PASSED] - if (verifyTextNotPresent("Ошибка запроса данных", false) == true): null

11-03-2025T03:31:28 - [MESSAGE][PASSED] - Text 'Ошибка запроса данных' is not present on page

11-03-2025T03:31:28 - [TEST_STEP][PASSED] - if (verifyTextNotPresent("Произошла ошибка при выполнении пользовательского кода", false) == true): null

11-03-2025T03:31:28 - [MESSAGE][PASSED] - Text 'Произошла ошибка при выполнении пользовательского кода' is not present on page

11-03-2025T03:31:28 - [TEST_STEP][PASSED] - if (verifyTextNotPresent("У виджета нет данных", false) == true): null

11-03-2025T03:31:29 - [MESSAGE][PASSED] - Text 'У виджета нет данных' is not present on page

11-03-2025T03:31:29 - [TEST_STEP][PASSED] - if (verifyTextNotPresent("У виджета нет данных", false) == true): Text 'У виджета нет данных' is not present on page

11-03-2025T03:31:29 - [MESSAGE][PASSED] - Text 'У виджета нет данных' is not present on page

11-03-2025T03:31:29 - [TEST_STEP][PASSED] - click(findTestObject("Выручка по ДЗО/Фильтр Выручка")): Object: 'Object Repository/Выручка по ДЗО/Фильтр Выручка' is clicked on

11-03-2025T03:31:30 - [MESSAGE][PASSED] - Object: 'Object Repository/Выручка по ДЗО/Фильтр Выручка' is clicked on

11-03-2025T03:31:30 - [TEST_STEP][PASSED] - click(findTestObject("Выручка по ДЗО/Снять выделение в фильтре Выручка")): Object: 'Object Repository/Выручка по ДЗО/Снять выделение в фильтре Выручка' is clicked on

11-03-2025T03:31:30 - [MESSAGE][PASSED] - Object: 'Object Repository/Выручка по ДЗО/Снять выделение в фильтре Выручка' is clicked on

11-03-2025T03:31:30 - [TEST_STEP][PASSED] - click(findTestObject("Выручка по ДЗО/Применить в фильтре Выручка")): Object: 'Object Repository/Выручка по ДЗО/Применить в фильтре Выручка' is clicked on

11-03-2025T03:31:31 - [MESSAGE][PASSED] - Object: 'Object Repository/Выручка по ДЗО/Применить в фильтре Выручка' is clicked on

11-03-2025T03:31:31 - [TEST_STEP][PASSED] - click(findTestObject("Выручка по ДЗО/Фильтр ДЗО")): Object: 'Object Repository/Выручка по ДЗО/Фильтр ДЗО' is clicked on

11-03-2025T03:31:32 - [MESSAGE][PASSED] - Object: 'Object Repository/Выручка по ДЗО/Фильтр ДЗО' is clicked on

11-03-2025T03:31:32 - [TEST_STEP][PASSED] - click(findTestObject("Выручка по ДЗО/Снять выделение в фильтре ДЗО")): Object: 'Object Repository/Выручка по ДЗО/Снять выделение в фильтре ДЗО' is clicked on

11-03-2025T03:31:33 - [MESSAGE][PASSED] - Object: 'Object Repository/Выручка по ДЗО/Снять выделение в фильтре ДЗО' is clicked on

11-03-2025T03:31:33 - [TEST_STEP][PASSED] - scrollToElement(findTestObject("Выручка по ДЗО/Россети Урал Выручка по ДЗО"), 30): Scroll to object 'Object Repository/Выручка по ДЗО/Россети Урал Выручка по ДЗО' successfully

11-03-2025T03:31:33 - [MESSAGE][PASSED] - Scroll to object 'Object Repository/Выручка по ДЗО/Россети Урал Выручка по ДЗО' successfully

11-03-2025T03:31:33 - [TEST_STEP][PASSED] - click(findTestObject("Выручка по ДЗО/Россети Урал Выручка по ДЗО")): Object: 'Object Repository/Выручка по ДЗО/Россети Урал Выручка по ДЗО' is clicked on

11-03-2025T03:31:33 - [MESSAGE][PASSED] - Object: 'Object Repository/Выручка по ДЗО/Россети Урал Выручка по ДЗО' is clicked on

11-03-2025T03:31:33 - [TEST_STEP][PASSED] - scrollToElement(findTestObject("Выручка по ДЗО/Фильтр ДЗО"), 30): Scroll to object 'Object Repository/Выручка по ДЗО/Фильтр ДЗО' successfully

11-03-2025T03:31:34 - [MESSAGE][PASSED] - Scroll to object 'Object Repository/Выручка по ДЗО/Фильтр ДЗО' successfully

11-03-2025T03:31:34 - [TEST_STEP][PASSED] - Script1687405711779.Change(todaysDate): null

11-03-2025T03:31:34 - [TEST_STEP][PASSED] - scrollToElement(findTestObject("Выручка по ДЗО/Заголовок дашборда"), 30): Scroll to object 'Object Repository/Выручка по ДЗО/Заголовок дашборда' successfully

11-03-2025T03:31:34 - [MESSAGE][PASSED] - Scroll to object 'Object Repository/Выручка по ДЗО/Заголовок дашборда' successfully

11-03-2025T03:31:34 - [TEST_STEP][PASSED] - click(findTestObject("Выручка по ДЗО/Применить в фильтре ДЗО")): Object: 'Object Repository/Выручка по ДЗО/Применить в фильтре ДЗО' is clicked on

11-03-2025T03:31:34 - [MESSAGE][PASSED] - Object: 'Object Repository/Выручка по ДЗО/Применить в фильтре ДЗО' is clicked on

11-03-2025T03:31:34 - [TEST_STEP][PASSED] - Script1687405711779.Tumbler(todaysDate): null

11-03-2025T03:31:34 - [TEST_STEP][PASSED] - Script1687405711779.Test(todaysDate): null

11-03-2025T03:31:34 - [TEST_STEP][PASSED] - delay(10): Delayed 10 second(s)

11-03-2025T03:31:44 - [MESSAGE][PASSED] - Delayed 10 second(s)

11-03-2025T03:31:44 - [TEST_STEP][PASSED] - if (verifyTextNotPresent("нет данных", false) == true): null

11-03-2025T03:31:45 - [MESSAGE][PASSED] - Text 'нет данных' is not present on page

11-03-2025T03:31:45 - [TEST_STEP][PASSED] - if (verifyTextNotPresent("Ошибка запроса данных", false) == true): null

11-03-2025T03:31:45 - [MESSAGE][PASSED] - Text 'Ошибка запроса данных' is not present on page

11-03-2025T03:31:45 - [TEST_STEP][PASSED] - if (verifyTextNotPresent("Произошла ошибка при выполнении пользовательского кода", false) == true): null

11-03-2025T03:31:46 - [MESSAGE][PASSED] - Text 'Произошла ошибка при выполнении пользовательского кода' is not present on page

11-03-2025T03:31:46 - [TEST_STEP][PASSED] - if (verifyTextNotPresent("У виджета нет данных", false) == true): null

11-03-2025T03:31:46 - [MESSAGE][PASSED] - Text 'У виджета нет данных' is not present on page

11-03-2025T03:31:46 - [TEST_STEP][PASSED] - if (verifyTextNotPresent("У виджета нет данных", false) == true): Text 'У виджета нет данных' is not present on page

11-03-2025T03:31:47 - [MESSAGE][PASSED] - Text 'У виджета нет данных' is not present on page

11-03-2025T03:31:47 - [TEST_STEP][PASSED] - click(findTestObject("Выручка по ДЗО/Фильтр Выручка")): Object: 'Object Repository/Выручка по ДЗО/Фильтр Выручка' is clicked on

11-03-2025T03:31:47 - [MESSAGE][PASSED] - Object: 'Object Repository/Выручка по ДЗО/Фильтр Выручка' is clicked on

11-03-2025T03:31:47 - [TEST_STEP][PASSED] - click(findTestObject("Выручка по ДЗО/Внутренний оборот в фильтре Выручка")): Object: 'Object Repository/Выручка по ДЗО/Внутренний оборот в фильтре Выручка' is clicked on

11-03-2025T03:31:48 - [MESSAGE][PASSED] - Object: 'Object Repository/Выручка по ДЗО/Внутренний оборот в фильтре Выручка' is clicked on

11-03-2025T03:31:48 - [TEST_STEP][PASSED] - click(findTestObject("Выручка по ДЗО/Применить в фильтре Выручка")): Object: 'Object Repository/Выручка по ДЗО/Применить в фильтре Выручка' is clicked on

11-03-2025T03:31:48 - [MESSAGE][PASSED] - Object: 'Object Repository/Выручка по ДЗО/Применить в фильтре Выручка' is clicked on

11-03-2025T03:31:48 - [TEST_STEP][PASSED] - Script1687405711779.Test(todaysDate): null

11-03-2025T03:31:48 - [TEST_STEP][PASSED] - delay(10): Delayed 10 second(s)

11-03-2025T03:31:58 - [MESSAGE][PASSED] - Delayed 10 second(s)

11-03-2025T03:31:58 - [TEST_STEP][FAILED] - if (verifyTextNotPresent("нет данных", false) == true): Text 'нет данных' is present on page  (Root cause: com.kms.katalon.core.exception.StepFailedException: Text 'нет данных' is present on page 
	at com.kms.katalon.core.webui.keyword.internal.WebUIKeywordMain.stepFailed(WebUIKeywordMain.groovy:64)
	at com.kms.katalon.core.webui.keyword.builtin.VerifyTextNotPresentKeyword$_verifyTextNotPresent_closure1.doCall(VerifyTextNotPresentKeyword.groovy:77)
	at com.kms.katalon.core.webui.keyword.builtin.VerifyTextNotPresentKeyword$_verifyTextNotPresent_closure1.call(VerifyTextNotPresentKeyword.groovy)
	at com.kms.katalon.core.webui.keyword.internal.WebUIKeywordMain.runKeyword(WebUIKeywordMain.groovy:20)
	at com.kms.katalon.core.webui.keyword.builtin.VerifyTextNotPresentKeyword.verifyTextNotPresent(VerifyTextNotPresentKeyword.groovy:82)
	at com.kms.katalon.core.webui.keyword.builtin.VerifyTextNotPresentKeyword.execute(VerifyTextNotPresentKeyword.groovy:68)
	at com.kms.katalon.core.keyword.internal.KeywordExecutor.executeKeywordForPlatform(KeywordExecutor.groovy:74)
	at com.kms.katalon.core.webui.keyword.WebUiBuiltInKeywords.verifyTextNotPresent(WebUiBuiltInKeywords.groovy:1795)
	at Выручка по ДЗО отображение данных все филиалы.Test(Выручка по ДЗО отображение данных все филиалы:772)
	at Выручка по ДЗО отображение данных все филиалы.Tumbler(Выручка по ДЗО отображение данных все филиалы:726)
	at Выручка по ДЗО отображение данных все филиалы.Change(Выручка по ДЗО отображение данных все филиалы:760)
	at Выручка по ДЗО отображение данных все филиалы.DzoTest(Выручка по ДЗО отображение данных все филиалы:490)
	at Выручка по ДЗО отображение данных все филиалы.run(Выручка по ДЗО отображение данных все филиалы:122)
	at com.kms.katalon.core.main.ScriptEngine.run(ScriptEngine.java:194)
	at com.kms.katalon.core.main.ScriptEngine.runScriptAsRawText(ScriptEngine.java:119)
	at com.kms.katalon.core.main.TestCaseExecutor.runScript(TestCaseExecutor.java:448)
	at com.kms.katalon.core.main.TestCaseExecutor.doExecute(TestCaseExecutor.java:439)
	at com.kms.katalon.core.main.TestCaseExecutor.processExecutionPhase(TestCaseExecutor.java:418)
	at com.kms.katalon.core.main.TestCaseExecutor.accessMainPhase(TestCaseExecutor.java:410)
	at com.kms.katalon.core.main.TestCaseExecutor.execute(TestCaseExecutor.java:285)
	at com.kms.katalon.core.common.CommonExecutor.accessTestCaseMainPhase(CommonExecutor.java:65)
	at com.kms.katalon.core.main.TestSuiteExecutor.accessTestSuiteMainPhase(TestSuiteExecutor.java:150)
	at com.kms.katalon.core.main.TestSuiteExecutor.execute(TestSuiteExecutor.java:106)
	at com.kms.katalon.core.main.TestCaseMain.startTestSuite(TestCaseMain.java:180)
	at TempTestSuite1741649958618.run(TempTestSuite1741649958618.groovy:35)
	at java.base/jdk.internal.reflect.NativeMethodAccessorImpl.invoke0(Native Method)
	at java.base/jdk.internal.reflect.NativeMethodAccessorImpl.invoke(NativeMethodAccessorImpl.java:77)
	at java.base/jdk.internal.reflect.DelegatingMethodAccessorImpl.invoke(DelegatingMethodAccessorImpl.java:43)
)

11-03-2025T03:31:59 - [MESSAGE][FAILED] - Text 'нет данных' is present on page  (Root cause: com.kms.katalon.core.exception.StepFailedException: Text 'нет данных' is present on page 
	at com.kms.katalon.core.webui.keyword.internal.WebUIKeywordMain.stepFailed(WebUIKeywordMain.groovy:64)
	at com.kms.katalon.core.webui.keyword.builtin.VerifyTextNotPresentKeyword$_verifyTextNotPresent_closure1.doCall(VerifyTextNotPresentKeyword.groovy:77)
	at com.kms.katalon.core.webui.keyword.builtin.VerifyTextNotPresentKeyword$_verifyTextNotPresent_closure1.call(VerifyTextNotPresentKeyword.groovy)
	at com.kms.katalon.core.webui.keyword.internal.WebUIKeywordMain.runKeyword(WebUIKeywordMain.groovy:20)
	at com.kms.katalon.core.webui.keyword.builtin.VerifyTextNotPresentKeyword.verifyTextNotPresent(VerifyTextNotPresentKeyword.groovy:82)
	at com.kms.katalon.core.webui.keyword.builtin.VerifyTextNotPresentKeyword.execute(VerifyTextNotPresentKeyword.groovy:68)
	at com.kms.katalon.core.keyword.internal.KeywordExecutor.executeKeywordForPlatform(KeywordExecutor.groovy:74)
	at com.kms.katalon.core.webui.keyword.WebUiBuiltInKeywords.verifyTextNotPresent(WebUiBuiltInKeywords.groovy:1795)
	at Выручка по ДЗО отображение данных все филиалы.Test(Выручка по ДЗО отображение данных все филиалы:772)
	at Выручка по ДЗО отображение данных все филиалы.Tumbler(Выручка по ДЗО отображение данных все филиалы:726)
	at Выручка по ДЗО отображение данных все филиалы.Change(Выручка по ДЗО отображение данных все филиалы:760)
	at Выручка по ДЗО отображение данных все филиалы.DzoTest(Выручка по ДЗО отображение данных все филиалы:490)
	at Выручка по ДЗО отображение данных все филиалы.run(Выручка по ДЗО отображение данных все филиалы:122)
	at com.kms.katalon.core.main.ScriptEngine.run(ScriptEngine.java:194)
	at com.kms.katalon.core.main.ScriptEngine.runScriptAsRawText(ScriptEngine.java:119)
	at com.kms.katalon.core.main.TestCaseExecutor.runScript(TestCaseExecutor.java:448)
	at com.kms.katalon.core.main.TestCaseExecutor.doExecute(TestCaseExecutor.java:439)
	at com.kms.katalon.core.main.TestCaseExecutor.processExecutionPhase(TestCaseExecutor.java:418)
	at com.kms.katalon.core.main.TestCaseExecutor.accessMainPhase(TestCaseExecutor.java:410)
	at com.kms.katalon.core.main.TestCaseExecutor.execute(TestCaseExecutor.java:285)
	at com.kms.katalon.core.common.CommonExecutor.accessTestCaseMainPhase(CommonExecutor.java:65)
	at com.kms.katalon.core.main.TestSuiteExecutor.accessTestSuiteMainPhase(TestSuiteExecutor.java:150)
	at com.kms.katalon.core.main.TestSuiteExecutor.execute(TestSuiteExecutor.java:106)
	at com.kms.katalon.core.main.TestCaseMain.startTestSuite(TestCaseMain.java:180)
	at TempTestSuite1741649958618.run(TempTestSuite1741649958618.groovy:35)
	at java.base/jdk.internal.reflect.NativeMethodAccessorImpl.invoke0(Native Method)
	at java.base/jdk.internal.reflect.NativeMethodAccessorImpl.invoke(NativeMethodAccessorImpl.java:77)
	at java.base/jdk.internal.reflect.DelegatingMethodAccessorImpl.invoke(DelegatingMethodAccessorImpl.java:43)
)

11-03-2025T03:31:59 - [TEST_STEP][PASSED] - else: null

11-03-2025T03:31:59 - [TEST_STEP][PASSED] - Script1687405711779.WriteToExcel(todaysDate): null

11-03-2025T03:31:59 - [TEST_STEP][PASSED] - sheetName = "Sheet1": null

11-03-2025T03:31:59 - [TEST_STEP][PASSED] - data = findTestData("PlanFact"): null

11-03-2025T03:31:59 - [TEST_STEP][PASSED] - n = data.getRowNumbers() + 1: null

11-03-2025T03:31:59 - [TEST_STEP][PASSED] - dZO = getText(findTestObject("Выручка по ДЗО/Фильтр ДЗО")): Text of object 'Object Repository/Выручка по ДЗО/Фильтр ДЗО' is: 'ПАО Россети - РаспредКомплекс - Россети Урал (ГК)'

11-03-2025T03:31:59 - [MESSAGE][PASSED] - Text of object 'Object Repository/Выручка по ДЗО/Фильтр ДЗО' is: 'ПАО Россети - РаспредКомплекс - Россети Урал (ГК)'

11-03-2025T03:31:59 - [TEST_STEP][PASSED] - period = getText(findTestObject("Выручка по ДЗО/Фильтр Дата")): Text of object 'Object Repository/Выручка по ДЗО/Фильтр Дата' is: 'Январь 2025 года'

11-03-2025T03:31:59 - [MESSAGE][PASSED] - Text of object 'Object Repository/Выручка по ДЗО/Фильтр Дата' is: 'Январь 2025 года'

11-03-2025T03:31:59 - [TEST_STEP][PASSED] - viruchka = getText(findTestObject("Выручка по ДЗО/Фильтр Выручка")): Text of object 'Object Repository/Выручка по ДЗО/Фильтр Выручка' is: 'внутренний оборот'

11-03-2025T03:32:00 - [MESSAGE][PASSED] - Text of object 'Object Repository/Выручка по ДЗО/Фильтр Выручка' is: 'внутренний оборот'

11-03-2025T03:32:00 - [TEST_STEP][PASSED] - if (viruchka == "Выбрано: 2"): null

11-03-2025T03:32:00 - [TEST_STEP][PASSED] - if (viruchka == "Все"): null

11-03-2025T03:32:00 - [TEST_STEP][PASSED] - println(period): null

11-03-2025T03:32:00 - [TEST_STEP][PASSED] - dashboardName = "Выручка по ДЗО": null

11-03-2025T03:32:00 - [TEST_STEP][PASSED] - workbook01 = getWorkbook(excelFilePath): null

11-03-2025T03:32:00 - [TEST_STEP][PASSED] - sheet01 = getExcelSheet(workbook01, sheetName): null

11-03-2025T03:32:00 - [TEST_STEP][PASSED] - setValueToCellByIndex(sheet01, n, 0, dashboardName): null

11-03-2025T03:32:00 - [TEST_STEP][PASSED] - setValueToCellByIndex(sheet01, n, 1, dZO): null

11-03-2025T03:32:00 - [TEST_STEP][PASSED] - setValueToCellByIndex(sheet01, n, 2, period): null

11-03-2025T03:32:00 - [TEST_STEP][PASSED] - setValueToCellByIndex(sheet01, n, 3, viruchka): null

11-03-2025T03:32:00 - [TEST_STEP][PASSED] - setValueToCellByIndex(sheet01, n, 4, todaysDate): null

11-03-2025T03:32:00 - [TEST_STEP][PASSED] - n = n + 1: null

11-03-2025T03:32:00 - [TEST_STEP][PASSED] - saveWorkbook(excelFilePath, workbook01): null

11-03-2025T03:32:00 - [TEST_STEP][PASSED] - click(findTestObject("Выручка по ДЗО/Фильтр Выручка")): Object: 'Object Repository/Выручка по ДЗО/Фильтр Выручка' is clicked on

11-03-2025T03:32:00 - [MESSAGE][PASSED] - Object: 'Object Repository/Выручка по ДЗО/Фильтр Выручка' is clicked on

11-03-2025T03:32:00 - [TEST_STEP][PASSED] - click(findTestObject("Выручка по ДЗО/По передаче в фильтре Выручка")): Object: 'Object Repository/Выручка по ДЗО/По передаче в фильтре Выручка' is clicked on

11-03-2025T03:32:01 - [MESSAGE][PASSED] - Object: 'Object Repository/Выручка по ДЗО/По передаче в фильтре Выручка' is clicked on

11-03-2025T03:32:01 - [TEST_STEP][PASSED] - click(findTestObject("Выручка по ДЗО/Применить в фильтре Выручка")): Object: 'Object Repository/Выручка по ДЗО/Применить в фильтре Выручка' is clicked on

11-03-2025T03:32:01 - [MESSAGE][PASSED] - Object: 'Object Repository/Выручка по ДЗО/Применить в фильтре Выручка' is clicked on

11-03-2025T03:32:01 - [TEST_STEP][PASSED] - Script1687405711779.Test(todaysDate): null

11-03-2025T03:32:01 - [TEST_STEP][PASSED] - delay(10): Delayed 10 second(s)

11-03-2025T03:32:11 - [MESSAGE][PASSED] - Delayed 10 second(s)

11-03-2025T03:32:11 - [TEST_STEP][PASSED] - if (verifyTextNotPresent("нет данных", false) == true): null

11-03-2025T03:32:12 - [MESSAGE][PASSED] - Text 'нет данных' is not present on page

11-03-2025T03:32:12 - [TEST_STEP][PASSED] - if (verifyTextNotPresent("Ошибка запроса данных", false) == true): null

11-03-2025T03:32:12 - [MESSAGE][PASSED] - Text 'Ошибка запроса данных' is not present on page

11-03-2025T03:32:12 - [TEST_STEP][PASSED] - if (verifyTextNotPresent("Произошла ошибка при выполнении пользовательского кода", false) == true): null

11-03-2025T03:32:13 - [MESSAGE][PASSED] - Text 'Произошла ошибка при выполнении пользовательского кода' is not present on page

11-03-2025T03:32:13 - [TEST_STEP][PASSED] - if (verifyTextNotPresent("У виджета нет данных", false) == true): null

11-03-2025T03:32:13 - [MESSAGE][PASSED] - Text 'У виджета нет данных' is not present on page

11-03-2025T03:32:13 - [TEST_STEP][PASSED] - if (verifyTextNotPresent("У виджета нет данных", false) == true): Text 'У виджета нет данных' is not present on page

11-03-2025T03:32:14 - [MESSAGE][PASSED] - Text 'У виджета нет данных' is not present on page

11-03-2025T03:32:14 - [TEST_STEP][PASSED] - click(findTestObject("Выручка по ДЗО/Фильтр Выручка")): Object: 'Object Repository/Выручка по ДЗО/Фильтр Выручка' is clicked on

11-03-2025T03:32:14 - [MESSAGE][PASSED] - Object: 'Object Repository/Выручка по ДЗО/Фильтр Выручка' is clicked on

11-03-2025T03:32:14 - [TEST_STEP][PASSED] - click(findTestObject("Выручка по ДЗО/Снять выделение в фильтре Выручка")): Object: 'Object Repository/Выручка по ДЗО/Снять выделение в фильтре Выручка' is clicked on

11-03-2025T03:32:15 - [MESSAGE][PASSED] - Object: 'Object Repository/Выручка по ДЗО/Снять выделение в фильтре Выручка' is clicked on

11-03-2025T03:32:15 - [TEST_STEP][PASSED] - click(findTestObject("Выручка по ДЗО/По передаче в фильтре Выручка")): Object: 'Object Repository/Выручка по ДЗО/По передаче в фильтре Выручка' is clicked on

11-03-2025T03:32:15 - [MESSAGE][PASSED] - Object: 'Object Repository/Выручка по ДЗО/По передаче в фильтре Выручка' is clicked on

11-03-2025T03:32:15 - [TEST_STEP][PASSED] - click(findTestObject("Выручка по ДЗО/Применить в фильтре Выручка")): Object: 'Object Repository/Выручка по ДЗО/Применить в фильтре Выручка' is clicked on

11-03-2025T03:32:16 - [MESSAGE][PASSED] - Object: 'Object Repository/Выручка по ДЗО/Применить в фильтре Выручка' is clicked on

11-03-2025T03:32:16 - [TEST_STEP][PASSED] - Script1687405711779.Test(todaysDate): null

11-03-2025T03:32:16 - [TEST_STEP][PASSED] - delay(10): Delayed 10 second(s)

11-03-2025T03:32:26 - [MESSAGE][PASSED] - Delayed 10 second(s)

11-03-2025T03:32:26 - [TEST_STEP][PASSED] - if (verifyTextNotPresent("нет данных", false) == true): null

11-03-2025T03:32:26 - [MESSAGE][PASSED] - Text 'нет данных' is not present on page

11-03-2025T03:32:26 - [TEST_STEP][PASSED] - if (verifyTextNotPresent("Ошибка запроса данных", false) == true): null

11-03-2025T03:32:27 - [MESSAGE][PASSED] - Text 'Ошибка запроса данных' is not present on page

11-03-2025T03:32:27 - [TEST_STEP][PASSED] - if (verifyTextNotPresent("Произошла ошибка при выполнении пользовательского кода", false) == true): null

11-03-2025T03:32:27 - [MESSAGE][PASSED] - Text 'Произошла ошибка при выполнении пользовательского кода' is not present on page

11-03-2025T03:32:27 - [TEST_STEP][PASSED] - if (verifyTextNotPresent("У виджета нет данных", false) == true): null

11-03-2025T03:32:27 - [MESSAGE][PASSED] - Text 'У виджета нет данных' is not present on page

11-03-2025T03:32:27 - [TEST_STEP][PASSED] - if (verifyTextNotPresent("У виджета нет данных", false) == true): Text 'У виджета нет данных' is not present on page

11-03-2025T03:32:28 - [MESSAGE][PASSED] - Text 'У виджета нет данных' is not present on page

11-03-2025T03:32:28 - [TEST_STEP][PASSED] - click(findTestObject("Выручка по ДЗО/Фильтр Выручка")): Object: 'Object Repository/Выручка по ДЗО/Фильтр Выручка' is clicked on

11-03-2025T03:32:28 - [MESSAGE][PASSED] - Object: 'Object Repository/Выручка по ДЗО/Фильтр Выручка' is clicked on

11-03-2025T03:32:28 - [TEST_STEP][PASSED] - click(findTestObject("Выручка по ДЗО/Снять выделение в фильтре Выручка")): Object: 'Object Repository/Выручка по ДЗО/Снять выделение в фильтре Выручка' is clicked on

11-03-2025T03:32:29 - [MESSAGE][PASSED] - Object: 'Object Repository/Выручка по ДЗО/Снять выделение в фильтре Выручка' is clicked on

11-03-2025T03:32:29 - [TEST_STEP][PASSED] - click(findTestObject("Выручка по ДЗО/Применить в фильтре Выручка")): Object: 'Object Repository/Выручка по ДЗО/Применить в фильтре Выручка' is clicked on

11-03-2025T03:32:29 - [MESSAGE][PASSED] - Object: 'Object Repository/Выручка по ДЗО/Применить в фильтре Выручка' is clicked on

11-03-2025T03:32:29 - [TEST_STEP][PASSED] - click(findTestObject("Выручка по ДЗО/Фильтр ДЗО")): Object: 'Object Repository/Выручка по ДЗО/Фильтр ДЗО' is clicked on

11-03-2025T03:32:30 - [MESSAGE][PASSED] - Object: 'Object Repository/Выручка по ДЗО/Фильтр ДЗО' is clicked on

11-03-2025T03:32:30 - [TEST_STEP][PASSED] - click(findTestObject("Выручка по ДЗО/Снять выделение в фильтре ДЗО")): Object: 'Object Repository/Выручка по ДЗО/Снять выделение в фильтре ДЗО' is clicked on

11-03-2025T03:32:30 - [MESSAGE][PASSED] - Object: 'Object Repository/Выручка по ДЗО/Снять выделение в фильтре ДЗО' is clicked on

11-03-2025T03:32:30 - [TEST_STEP][PASSED] - scrollToElement(findTestObject("Общие объекты/Раскрыть список Россети Урал"), 30): Scroll to object 'Object Repository/Общие объекты/Раскрыть список Россети Урал' successfully

11-03-2025T03:32:31 - [MESSAGE][PASSED] - Scroll to object 'Object Repository/Общие объекты/Раскрыть список Россети Урал' successfully

11-03-2025T03:32:31 - [TEST_STEP][PASSED] - click(findTestObject("Общие объекты/Раскрыть список Россети Урал"), CONTINUE_ON_FAILURE): Object: 'Object Repository/Общие объекты/Раскрыть список Россети Урал' is clicked on

11-03-2025T03:32:31 - [MESSAGE][PASSED] - Object: 'Object Repository/Общие объекты/Раскрыть список Россети Урал' is clicked on

11-03-2025T03:32:31 - [TEST_STEP][PASSED] - scrollToElement(findTestObject("Общие объекты/Пермэнерго"), 30): Scroll to object 'Object Repository/Общие объекты/Пермэнерго' successfully

11-03-2025T03:32:31 - [MESSAGE][PASSED] - Scroll to object 'Object Repository/Общие объекты/Пермэнерго' successfully

11-03-2025T03:32:31 - [TEST_STEP][PASSED] - click(findTestObject("Общие объекты/Пермэнерго"), CONTINUE_ON_FAILURE): Object: 'Object Repository/Общие объекты/Пермэнерго' is clicked on

11-03-2025T03:32:32 - [MESSAGE][PASSED] - Object: 'Object Repository/Общие объекты/Пермэнерго' is clicked on

11-03-2025T03:32:32 - [TEST_STEP][PASSED] - Script1687405711779.Change(todaysDate): null

11-03-2025T03:32:32 - [TEST_STEP][PASSED] - scrollToElement(findTestObject("Выручка по ДЗО/Заголовок дашборда"), 30): Scroll to object 'Object Repository/Выручка по ДЗО/Заголовок дашборда' successfully

11-03-2025T03:32:32 - [MESSAGE][PASSED] - Scroll to object 'Object Repository/Выручка по ДЗО/Заголовок дашборда' successfully

11-03-2025T03:32:32 - [TEST_STEP][PASSED] - click(findTestObject("Выручка по ДЗО/Применить в фильтре ДЗО")): Object: 'Object Repository/Выручка по ДЗО/Применить в фильтре ДЗО' is clicked on

11-03-2025T03:32:33 - [MESSAGE][PASSED] - Object: 'Object Repository/Выручка по ДЗО/Применить в фильтре ДЗО' is clicked on

11-03-2025T03:32:33 - [TEST_STEP][PASSED] - Script1687405711779.Tumbler(todaysDate): null

11-03-2025T03:32:33 - [TEST_STEP][PASSED] - Script1687405711779.Test(todaysDate): null

11-03-2025T03:32:33 - [TEST_STEP][PASSED] - delay(10): Delayed 10 second(s)

11-03-2025T03:32:43 - [MESSAGE][PASSED] - Delayed 10 second(s)

11-03-2025T03:32:43 - [TEST_STEP][PASSED] - if (verifyTextNotPresent("нет данных", false) == true): null

11-03-2025T03:32:43 - [MESSAGE][PASSED] - Text 'нет данных' is not present on page

11-03-2025T03:32:43 - [TEST_STEP][PASSED] - if (verifyTextNotPresent("Ошибка запроса данных", false) == true): null

11-03-2025T03:32:44 - [MESSAGE][PASSED] - Text 'Ошибка запроса данных' is not present on page

11-03-2025T03:32:44 - [TEST_STEP][PASSED] - if (verifyTextNotPresent("Произошла ошибка при выполнении пользовательского кода", false) == true): null

11-03-2025T03:32:44 - [MESSAGE][PASSED] - Text 'Произошла ошибка при выполнении пользовательского кода' is not present on page

11-03-2025T03:32:44 - [TEST_STEP][PASSED] - if (verifyTextNotPresent("У виджета нет данных", false) == true): null

11-03-2025T03:32:45 - [MESSAGE][PASSED] - Text 'У виджета нет данных' is not present on page

11-03-2025T03:32:45 - [TEST_STEP][PASSED] - if (verifyTextNotPresent("У виджета нет данных", false) == true): Text 'У виджета нет данных' is not present on page

11-03-2025T03:32:45 - [MESSAGE][PASSED] - Text 'У виджета нет данных' is not present on page

11-03-2025T03:32:45 - [TEST_STEP][PASSED] - click(findTestObject("Выручка по ДЗО/Фильтр Выручка")): Object: 'Object Repository/Выручка по ДЗО/Фильтр Выручка' is clicked on

11-03-2025T03:32:45 - [MESSAGE][PASSED] - Object: 'Object Repository/Выручка по ДЗО/Фильтр Выручка' is clicked on

11-03-2025T03:32:45 - [TEST_STEP][PASSED] - click(findTestObject("Выручка по ДЗО/Внутренний оборот в фильтре Выручка")): Object: 'Object Repository/Выручка по ДЗО/Внутренний оборот в фильтре Выручка' is clicked on

11-03-2025T03:32:46 - [MESSAGE][PASSED] - Object: 'Object Repository/Выручка по ДЗО/Внутренний оборот в фильтре Выручка' is clicked on

11-03-2025T03:32:46 - [TEST_STEP][PASSED] - click(findTestObject("Выручка по ДЗО/Применить в фильтре Выручка")): Object: 'Object Repository/Выручка по ДЗО/Применить в фильтре Выручка' is clicked on

11-03-2025T03:32:46 - [MESSAGE][PASSED] - Object: 'Object Repository/Выручка по ДЗО/Применить в фильтре Выручка' is clicked on

11-03-2025T03:32:46 - [TEST_STEP][PASSED] - Script1687405711779.Test(todaysDate): null

11-03-2025T03:32:46 - [TEST_STEP][PASSED] - delay(10): Delayed 10 second(s)

11-03-2025T03:32:57 - [MESSAGE][PASSED] - Delayed 10 second(s)

11-03-2025T03:32:57 - [TEST_STEP][FAILED] - if (verifyTextNotPresent("нет данных", false) == true): Text 'нет данных' is present on page  (Root cause: com.kms.katalon.core.exception.StepFailedException: Text 'нет данных' is present on page 
	at com.kms.katalon.core.webui.keyword.internal.WebUIKeywordMain.stepFailed(WebUIKeywordMain.groovy:64)
	at com.kms.katalon.core.webui.keyword.builtin.VerifyTextNotPresentKeyword$_verifyTextNotPresent_closure1.doCall(VerifyTextNotPresentKeyword.groovy:77)
	at com.kms.katalon.core.webui.keyword.builtin.VerifyTextNotPresentKeyword$_verifyTextNotPresent_closure1.call(VerifyTextNotPresentKeyword.groovy)
	at com.kms.katalon.core.webui.keyword.internal.WebUIKeywordMain.runKeyword(WebUIKeywordMain.groovy:20)
	at com.kms.katalon.core.webui.keyword.builtin.VerifyTextNotPresentKeyword.verifyTextNotPresent(VerifyTextNotPresentKeyword.groovy:82)
	at com.kms.katalon.core.webui.keyword.builtin.VerifyTextNotPresentKeyword.execute(VerifyTextNotPresentKeyword.groovy:68)
	at com.kms.katalon.core.keyword.internal.KeywordExecutor.executeKeywordForPlatform(KeywordExecutor.groovy:74)
	at com.kms.katalon.core.webui.keyword.WebUiBuiltInKeywords.verifyTextNotPresent(WebUiBuiltInKeywords.groovy:1795)
	at Выручка по ДЗО отображение данных все филиалы.Test(Выручка по ДЗО отображение данных все филиалы:772)
	at Выручка по ДЗО отображение данных все филиалы.Tumbler(Выручка по ДЗО отображение данных все филиалы:726)
	at Выручка по ДЗО отображение данных все филиалы.Change(Выручка по ДЗО отображение данных все филиалы:760)
	at Выручка по ДЗО отображение данных все филиалы.DzoTest(Выручка по ДЗО отображение данных все филиалы:500)
	at Выручка по ДЗО отображение данных все филиалы.run(Выручка по ДЗО отображение данных все филиалы:122)
	at com.kms.katalon.core.main.ScriptEngine.run(ScriptEngine.java:194)
	at com.kms.katalon.core.main.ScriptEngine.runScriptAsRawText(ScriptEngine.java:119)
	at com.kms.katalon.core.main.TestCaseExecutor.runScript(TestCaseExecutor.java:448)
	at com.kms.katalon.core.main.TestCaseExecutor.doExecute(TestCaseExecutor.java:439)
	at com.kms.katalon.core.main.TestCaseExecutor.processExecutionPhase(TestCaseExecutor.java:418)
	at com.kms.katalon.core.main.TestCaseExecutor.accessMainPhase(TestCaseExecutor.java:410)
	at com.kms.katalon.core.main.TestCaseExecutor.execute(TestCaseExecutor.java:285)
	at com.kms.katalon.core.common.CommonExecutor.accessTestCaseMainPhase(CommonExecutor.java:65)
	at com.kms.katalon.core.main.TestSuiteExecutor.accessTestSuiteMainPhase(TestSuiteExecutor.java:150)
	at com.kms.katalon.core.main.TestSuiteExecutor.execute(TestSuiteExecutor.java:106)
	at com.kms.katalon.core.main.TestCaseMain.startTestSuite(TestCaseMain.java:180)
	at TempTestSuite1741649958618.run(TempTestSuite1741649958618.groovy:35)
	at java.base/jdk.internal.reflect.NativeMethodAccessorImpl.invoke0(Native Method)
	at java.base/jdk.internal.reflect.NativeMethodAccessorImpl.invoke(NativeMethodAccessorImpl.java:77)
	at java.base/jdk.internal.reflect.DelegatingMethodAccessorImpl.invoke(DelegatingMethodAccessorImpl.java:43)
)

11-03-2025T03:32:57 - [MESSAGE][FAILED] - Text 'нет данных' is present on page  (Root cause: com.kms.katalon.core.exception.StepFailedException: Text 'нет данных' is present on page 
	at com.kms.katalon.core.webui.keyword.internal.WebUIKeywordMain.stepFailed(WebUIKeywordMain.groovy:64)
	at com.kms.katalon.core.webui.keyword.builtin.VerifyTextNotPresentKeyword$_verifyTextNotPresent_closure1.doCall(VerifyTextNotPresentKeyword.groovy:77)
	at com.kms.katalon.core.webui.keyword.builtin.VerifyTextNotPresentKeyword$_verifyTextNotPresent_closure1.call(VerifyTextNotPresentKeyword.groovy)
	at com.kms.katalon.core.webui.keyword.internal.WebUIKeywordMain.runKeyword(WebUIKeywordMain.groovy:20)
	at com.kms.katalon.core.webui.keyword.builtin.VerifyTextNotPresentKeyword.verifyTextNotPresent(VerifyTextNotPresentKeyword.groovy:82)
	at com.kms.katalon.core.webui.keyword.builtin.VerifyTextNotPresentKeyword.execute(VerifyTextNotPresentKeyword.groovy:68)
	at com.kms.katalon.core.keyword.internal.KeywordExecutor.executeKeywordForPlatform(KeywordExecutor.groovy:74)
	at com.kms.katalon.core.webui.keyword.WebUiBuiltInKeywords.verifyTextNotPresent(WebUiBuiltInKeywords.groovy:1795)
	at Выручка по ДЗО отображение данных все филиалы.Test(Выручка по ДЗО отображение данных все филиалы:772)
	at Выручка по ДЗО отображение данных все филиалы.Tumbler(Выручка по ДЗО отображение данных все филиалы:726)
	at Выручка по ДЗО отображение данных все филиалы.Change(Выручка по ДЗО отображение данных все филиалы:760)
	at Выручка по ДЗО отображение данных все филиалы.DzoTest(Выручка по ДЗО отображение данных все филиалы:500)
	at Выручка по ДЗО отображение данных все филиалы.run(Выручка по ДЗО отображение данных все филиалы:122)
	at com.kms.katalon.core.main.ScriptEngine.run(ScriptEngine.java:194)
	at com.kms.katalon.core.main.ScriptEngine.runScriptAsRawText(ScriptEngine.java:119)
	at com.kms.katalon.core.main.TestCaseExecutor.runScript(TestCaseExecutor.java:448)
	at com.kms.katalon.core.main.TestCaseExecutor.doExecute(TestCaseExecutor.java:439)
	at com.kms.katalon.core.main.TestCaseExecutor.processExecutionPhase(TestCaseExecutor.java:418)
	at com.kms.katalon.core.main.TestCaseExecutor.accessMainPhase(TestCaseExecutor.java:410)
	at com.kms.katalon.core.main.TestCaseExecutor.execute(TestCaseExecutor.java:285)
	at com.kms.katalon.core.common.CommonExecutor.accessTestCaseMainPhase(CommonExecutor.java:65)
	at com.kms.katalon.core.main.TestSuiteExecutor.accessTestSuiteMainPhase(TestSuiteExecutor.java:150)
	at com.kms.katalon.core.main.TestSuiteExecutor.execute(TestSuiteExecutor.java:106)
	at com.kms.katalon.core.main.TestCaseMain.startTestSuite(TestCaseMain.java:180)
	at TempTestSuite1741649958618.run(TempTestSuite1741649958618.groovy:35)
	at java.base/jdk.internal.reflect.NativeMethodAccessorImpl.invoke0(Native Method)
	at java.base/jdk.internal.reflect.NativeMethodAccessorImpl.invoke(NativeMethodAccessorImpl.java:77)
	at java.base/jdk.internal.reflect.DelegatingMethodAccessorImpl.invoke(DelegatingMethodAccessorImpl.java:43)
)

11-03-2025T03:32:57 - [TEST_STEP][PASSED] - else: null

11-03-2025T03:32:57 - [TEST_STEP][PASSED] - Script1687405711779.WriteToExcel(todaysDate): null

11-03-2025T03:32:57 - [TEST_STEP][PASSED] - sheetName = "Sheet1": null

11-03-2025T03:32:57 - [TEST_STEP][PASSED] - data = findTestData("PlanFact"): null

11-03-2025T03:32:57 - [TEST_STEP][PASSED] - n = data.getRowNumbers() + 1: null

11-03-2025T03:32:57 - [TEST_STEP][PASSED] - dZO = getText(findTestObject("Выручка по ДЗО/Фильтр ДЗО")): Text of object 'Object Repository/Выручка по ДЗО/Фильтр ДЗО' is: 'ПАО Россети - РаспредКомплекс - Россети Урал (ГК) - Пермэнерго'

11-03-2025T03:32:57 - [MESSAGE][PASSED] - Text of object 'Object Repository/Выручка по ДЗО/Фильтр ДЗО' is: 'ПАО Россети - РаспредКомплекс - Россети Урал (ГК) - Пермэнерго'

11-03-2025T03:32:57 - [TEST_STEP][PASSED] - period = getText(findTestObject("Выручка по ДЗО/Фильтр Дата")): Text of object 'Object Repository/Выручка по ДЗО/Фильтр Дата' is: 'Январь 2025 года'

11-03-2025T03:32:58 - [MESSAGE][PASSED] - Text of object 'Object Repository/Выручка по ДЗО/Фильтр Дата' is: 'Январь 2025 года'

11-03-2025T03:32:58 - [TEST_STEP][PASSED] - viruchka = getText(findTestObject("Выручка по ДЗО/Фильтр Выручка")): Text of object 'Object Repository/Выручка по ДЗО/Фильтр Выручка' is: 'внутренний оборот'

11-03-2025T03:32:58 - [MESSAGE][PASSED] - Text of object 'Object Repository/Выручка по ДЗО/Фильтр Выручка' is: 'внутренний оборот'

11-03-2025T03:32:58 - [TEST_STEP][PASSED] - if (viruchka == "Выбрано: 2"): null

11-03-2025T03:32:58 - [TEST_STEP][PASSED] - if (viruchka == "Все"): null

11-03-2025T03:32:58 - [TEST_STEP][PASSED] - println(period): null

11-03-2025T03:32:58 - [TEST_STEP][PASSED] - dashboardName = "Выручка по ДЗО": null

11-03-2025T03:32:58 - [TEST_STEP][PASSED] - workbook01 = getWorkbook(excelFilePath): null

11-03-2025T03:32:58 - [TEST_STEP][PASSED] - sheet01 = getExcelSheet(workbook01, sheetName): null

11-03-2025T03:32:58 - [TEST_STEP][PASSED] - setValueToCellByIndex(sheet01, n, 0, dashboardName): null

11-03-2025T03:32:58 - [TEST_STEP][PASSED] - setValueToCellByIndex(sheet01, n, 1, dZO): null

11-03-2025T03:32:58 - [TEST_STEP][PASSED] - setValueToCellByIndex(sheet01, n, 2, period): null

11-03-2025T03:32:58 - [TEST_STEP][PASSED] - setValueToCellByIndex(sheet01, n, 3, viruchka): null

11-03-2025T03:32:58 - [TEST_STEP][PASSED] - setValueToCellByIndex(sheet01, n, 4, todaysDate): null

11-03-2025T03:32:58 - [TEST_STEP][PASSED] - n = n + 1: null

11-03-2025T03:32:58 - [TEST_STEP][PASSED] - saveWorkbook(excelFilePath, workbook01): null

11-03-2025T03:32:58 - [TEST_STEP][PASSED] - click(findTestObject("Выручка по ДЗО/Фильтр Выручка")): Object: 'Object Repository/Выручка по ДЗО/Фильтр Выручка' is clicked on

11-03-2025T03:32:58 - [MESSAGE][PASSED] - Object: 'Object Repository/Выручка по ДЗО/Фильтр Выручка' is clicked on

11-03-2025T03:32:58 - [TEST_STEP][PASSED] - click(findTestObject("Выручка по ДЗО/По передаче в фильтре Выручка")): Object: 'Object Repository/Выручка по ДЗО/По передаче в фильтре Выручка' is clicked on

11-03-2025T03:32:59 - [MESSAGE][PASSED] - Object: 'Object Repository/Выручка по ДЗО/По передаче в фильтре Выручка' is clicked on

11-03-2025T03:32:59 - [TEST_STEP][PASSED] - click(findTestObject("Выручка по ДЗО/Применить в фильтре Выручка")): Object: 'Object Repository/Выручка по ДЗО/Применить в фильтре Выручка' is clicked on

11-03-2025T03:33:00 - [MESSAGE][PASSED] - Object: 'Object Repository/Выручка по ДЗО/Применить в фильтре Выручка' is clicked on

11-03-2025T03:33:00 - [TEST_STEP][PASSED] - Script1687405711779.Test(todaysDate): null

11-03-2025T03:33:00 - [TEST_STEP][PASSED] - delay(10): Delayed 10 second(s)

11-03-2025T03:33:10 - [MESSAGE][PASSED] - Delayed 10 second(s)

11-03-2025T03:33:10 - [TEST_STEP][PASSED] - if (verifyTextNotPresent("нет данных", false) == true): null

11-03-2025T03:33:10 - [MESSAGE][PASSED] - Text 'нет данных' is not present on page

11-03-2025T03:33:10 - [TEST_STEP][PASSED] - if (verifyTextNotPresent("Ошибка запроса данных", false) == true): null

11-03-2025T03:33:11 - [MESSAGE][PASSED] - Text 'Ошибка запроса данных' is not present on page

11-03-2025T03:33:11 - [TEST_STEP][PASSED] - if (verifyTextNotPresent("Произошла ошибка при выполнении пользовательского кода", false) == true): null

11-03-2025T03:33:11 - [MESSAGE][PASSED] - Text 'Произошла ошибка при выполнении пользовательского кода' is not present on page

11-03-2025T03:33:11 - [TEST_STEP][PASSED] - if (verifyTextNotPresent("У виджета нет данных", false) == true): null

11-03-2025T03:33:11 - [MESSAGE][PASSED] - Text 'У виджета нет данных' is not present on page

11-03-2025T03:33:11 - [TEST_STEP][PASSED] - if (verifyTextNotPresent("У виджета нет данных", false) == true): Text 'У виджета нет данных' is not present on page

11-03-2025T03:33:12 - [MESSAGE][PASSED] - Text 'У виджета нет данных' is not present on page

11-03-2025T03:33:12 - [TEST_STEP][PASSED] - click(findTestObject("Выручка по ДЗО/Фильтр Выручка")): Object: 'Object Repository/Выручка по ДЗО/Фильтр Выручка' is clicked on

11-03-2025T03:33:12 - [MESSAGE][PASSED] - Object: 'Object Repository/Выручка по ДЗО/Фильтр Выручка' is clicked on

11-03-2025T03:33:12 - [TEST_STEP][PASSED] - click(findTestObject("Выручка по ДЗО/Снять выделение в фильтре Выручка")): Object: 'Object Repository/Выручка по ДЗО/Снять выделение в фильтре Выручка' is clicked on

11-03-2025T03:33:13 - [MESSAGE][PASSED] - Object: 'Object Repository/Выручка по ДЗО/Снять выделение в фильтре Выручка' is clicked on

11-03-2025T03:33:13 - [TEST_STEP][PASSED] - click(findTestObject("Выручка по ДЗО/По передаче в фильтре Выручка")): Object: 'Object Repository/Выручка по ДЗО/По передаче в фильтре Выручка' is clicked on

11-03-2025T03:33:13 - [MESSAGE][PASSED] - Object: 'Object Repository/Выручка по ДЗО/По передаче в фильтре Выручка' is clicked on

11-03-2025T03:33:13 - [TEST_STEP][PASSED] - click(findTestObject("Выручка по ДЗО/Применить в фильтре Выручка")): Object: 'Object Repository/Выручка по ДЗО/Применить в фильтре Выручка' is clicked on

11-03-2025T03:33:14 - [MESSAGE][PASSED] - Object: 'Object Repository/Выручка по ДЗО/Применить в фильтре Выручка' is clicked on

11-03-2025T03:33:14 - [TEST_STEP][PASSED] - Script1687405711779.Test(todaysDate): null

11-03-2025T03:33:14 - [TEST_STEP][PASSED] - delay(10): Delayed 10 second(s)

11-03-2025T03:33:24 - [MESSAGE][PASSED] - Delayed 10 second(s)

11-03-2025T03:33:24 - [TEST_STEP][PASSED] - if (verifyTextNotPresent("нет данных", false) == true): null

11-03-2025T03:33:24 - [MESSAGE][PASSED] - Text 'нет данных' is not present on page

11-03-2025T03:33:24 - [TEST_STEP][PASSED] - if (verifyTextNotPresent("Ошибка запроса данных", false) == true): null

11-03-2025T03:33:25 - [MESSAGE][PASSED] - Text 'Ошибка запроса данных' is not present on page

11-03-2025T03:33:25 - [TEST_STEP][PASSED] - if (verifyTextNotPresent("Произошла ошибка при выполнении пользовательского кода", false) == true): null

11-03-2025T03:33:25 - [MESSAGE][PASSED] - Text 'Произошла ошибка при выполнении пользовательского кода' is not present on page

11-03-2025T03:33:25 - [TEST_STEP][PASSED] - if (verifyTextNotPresent("У виджета нет данных", false) == true): null

11-03-2025T03:33:26 - [MESSAGE][PASSED] - Text 'У виджета нет данных' is not present on page

11-03-2025T03:33:26 - [TEST_STEP][PASSED] - if (verifyTextNotPresent("У виджета нет данных", false) == true): Text 'У виджета нет данных' is not present on page

11-03-2025T03:33:26 - [MESSAGE][PASSED] - Text 'У виджета нет данных' is not present on page

11-03-2025T03:33:26 - [TEST_STEP][PASSED] - click(findTestObject("Выручка по ДЗО/Фильтр Выручка")): Object: 'Object Repository/Выручка по ДЗО/Фильтр Выручка' is clicked on

11-03-2025T03:33:26 - [MESSAGE][PASSED] - Object: 'Object Repository/Выручка по ДЗО/Фильтр Выручка' is clicked on

11-03-2025T03:33:26 - [TEST_STEP][PASSED] - click(findTestObject("Выручка по ДЗО/Снять выделение в фильтре Выручка")): Object: 'Object Repository/Выручка по ДЗО/Снять выделение в фильтре Выручка' is clicked on

11-03-2025T03:33:27 - [MESSAGE][PASSED] - Object: 'Object Repository/Выручка по ДЗО/Снять выделение в фильтре Выручка' is clicked on

11-03-2025T03:33:27 - [TEST_STEP][PASSED] - click(findTestObject("Выручка по ДЗО/Применить в фильтре Выручка")): Object: 'Object Repository/Выручка по ДЗО/Применить в фильтре Выручка' is clicked on

11-03-2025T03:33:27 - [MESSAGE][PASSED] - Object: 'Object Repository/Выручка по ДЗО/Применить в фильтре Выручка' is clicked on

11-03-2025T03:33:27 - [TEST_STEP][PASSED] - click(findTestObject("Выручка по ДЗО/Фильтр ДЗО")): Object: 'Object Repository/Выручка по ДЗО/Фильтр ДЗО' is clicked on

11-03-2025T03:33:29 - [MESSAGE][PASSED] - Object: 'Object Repository/Выручка по ДЗО/Фильтр ДЗО' is clicked on

11-03-2025T03:33:29 - [TEST_STEP][PASSED] - click(findTestObject("Выручка по ДЗО/Снять выделение в фильтре ДЗО")): Object: 'Object Repository/Выручка по ДЗО/Снять выделение в фильтре ДЗО' is clicked on

11-03-2025T03:33:29 - [MESSAGE][PASSED] - Object: 'Object Repository/Выручка по ДЗО/Снять выделение в фильтре ДЗО' is clicked on

11-03-2025T03:33:29 - [TEST_STEP][PASSED] - scrollToElement(findTestObject("Общие объекты/Свердловэнерго"), 30): Scroll to object 'Object Repository/Общие объекты/Свердловэнерго' successfully

11-03-2025T03:33:29 - [MESSAGE][PASSED] - Scroll to object 'Object Repository/Общие объекты/Свердловэнерго' successfully

11-03-2025T03:33:29 - [TEST_STEP][PASSED] - click(findTestObject("Общие объекты/Свердловэнерго"), CONTINUE_ON_FAILURE): Object: 'Object Repository/Общие объекты/Свердловэнерго' is clicked on

11-03-2025T03:33:30 - [MESSAGE][PASSED] - Object: 'Object Repository/Общие объекты/Свердловэнерго' is clicked on

11-03-2025T03:33:30 - [TEST_STEP][PASSED] - Script1687405711779.Change(todaysDate): null

11-03-2025T03:33:30 - [TEST_STEP][PASSED] - scrollToElement(findTestObject("Выручка по ДЗО/Заголовок дашборда"), 30): Scroll to object 'Object Repository/Выручка по ДЗО/Заголовок дашборда' successfully

11-03-2025T03:33:30 - [MESSAGE][PASSED] - Scroll to object 'Object Repository/Выручка по ДЗО/Заголовок дашборда' successfully

11-03-2025T03:33:30 - [TEST_STEP][PASSED] - click(findTestObject("Выручка по ДЗО/Применить в фильтре ДЗО")): Object: 'Object Repository/Выручка по ДЗО/Применить в фильтре ДЗО' is clicked on

11-03-2025T03:33:31 - [MESSAGE][PASSED] - Object: 'Object Repository/Выручка по ДЗО/Применить в фильтре ДЗО' is clicked on

11-03-2025T03:33:31 - [TEST_STEP][PASSED] - Script1687405711779.Tumbler(todaysDate): null

11-03-2025T03:33:31 - [TEST_STEP][PASSED] - Script1687405711779.Test(todaysDate): null

11-03-2025T03:33:31 - [TEST_STEP][PASSED] - delay(10): Delayed 10 second(s)

11-03-2025T03:33:41 - [MESSAGE][PASSED] - Delayed 10 second(s)

11-03-2025T03:33:41 - [TEST_STEP][PASSED] - if (verifyTextNotPresent("нет данных", false) == true): null

11-03-2025T03:33:41 - [MESSAGE][PASSED] - Text 'нет данных' is not present on page

11-03-2025T03:33:41 - [TEST_STEP][PASSED] - if (verifyTextNotPresent("Ошибка запроса данных", false) == true): null

11-03-2025T03:33:42 - [MESSAGE][PASSED] - Text 'Ошибка запроса данных' is not present on page

11-03-2025T03:33:42 - [TEST_STEP][PASSED] - if (verifyTextNotPresent("Произошла ошибка при выполнении пользовательского кода", false) == true): null

11-03-2025T03:33:42 - [MESSAGE][PASSED] - Text 'Произошла ошибка при выполнении пользовательского кода' is not present on page

11-03-2025T03:33:42 - [TEST_STEP][PASSED] - if (verifyTextNotPresent("У виджета нет данных", false) == true): null

11-03-2025T03:33:43 - [MESSAGE][PASSED] - Text 'У виджета нет данных' is not present on page

11-03-2025T03:33:43 - [TEST_STEP][PASSED] - if (verifyTextNotPresent("У виджета нет данных", false) == true): Text 'У виджета нет данных' is not present on page

11-03-2025T03:33:43 - [MESSAGE][PASSED] - Text 'У виджета нет данных' is not present on page

11-03-2025T03:33:43 - [TEST_STEP][PASSED] - click(findTestObject("Выручка по ДЗО/Фильтр Выручка")): Object: 'Object Repository/Выручка по ДЗО/Фильтр Выручка' is clicked on

11-03-2025T03:33:43 - [MESSAGE][PASSED] - Object: 'Object Repository/Выручка по ДЗО/Фильтр Выручка' is clicked on

11-03-2025T03:33:43 - [TEST_STEP][PASSED] - click(findTestObject("Выручка по ДЗО/Внутренний оборот в фильтре Выручка")): Object: 'Object Repository/Выручка по ДЗО/Внутренний оборот в фильтре Выручка' is clicked on

11-03-2025T03:33:44 - [MESSAGE][PASSED] - Object: 'Object Repository/Выручка по ДЗО/Внутренний оборот в фильтре Выручка' is clicked on

11-03-2025T03:33:44 - [TEST_STEP][PASSED] - click(findTestObject("Выручка по ДЗО/Применить в фильтре Выручка")): Object: 'Object Repository/Выручка по ДЗО/Применить в фильтре Выручка' is clicked on

11-03-2025T03:33:44 - [MESSAGE][PASSED] - Object: 'Object Repository/Выручка по ДЗО/Применить в фильтре Выручка' is clicked on

11-03-2025T03:33:44 - [TEST_STEP][PASSED] - Script1687405711779.Test(todaysDate): null

11-03-2025T03:33:44 - [TEST_STEP][PASSED] - delay(10): Delayed 10 second(s)

11-03-2025T03:33:54 - [MESSAGE][PASSED] - Delayed 10 second(s)

11-03-2025T03:33:54 - [TEST_STEP][FAILED] - if (verifyTextNotPresent("нет данных", false) == true): Text 'нет данных' is present on page  (Root cause: com.kms.katalon.core.exception.StepFailedException: Text 'нет данных' is present on page 
	at com.kms.katalon.core.webui.keyword.internal.WebUIKeywordMain.stepFailed(WebUIKeywordMain.groovy:64)
	at com.kms.katalon.core.webui.keyword.builtin.VerifyTextNotPresentKeyword$_verifyTextNotPresent_closure1.doCall(VerifyTextNotPresentKeyword.groovy:77)
	at com.kms.katalon.core.webui.keyword.builtin.VerifyTextNotPresentKeyword$_verifyTextNotPresent_closure1.call(VerifyTextNotPresentKeyword.groovy)
	at com.kms.katalon.core.webui.keyword.internal.WebUIKeywordMain.runKeyword(WebUIKeywordMain.groovy:20)
	at com.kms.katalon.core.webui.keyword.builtin.VerifyTextNotPresentKeyword.verifyTextNotPresent(VerifyTextNotPresentKeyword.groovy:82)
	at com.kms.katalon.core.webui.keyword.builtin.VerifyTextNotPresentKeyword.execute(VerifyTextNotPresentKeyword.groovy:68)
	at com.kms.katalon.core.keyword.internal.KeywordExecutor.executeKeywordForPlatform(KeywordExecutor.groovy:74)
	at com.kms.katalon.core.webui.keyword.WebUiBuiltInKeywords.verifyTextNotPresent(WebUiBuiltInKeywords.groovy:1795)
	at Выручка по ДЗО отображение данных все филиалы.Test(Выручка по ДЗО отображение данных все филиалы:772)
	at Выручка по ДЗО отображение данных все филиалы.Tumbler(Выручка по ДЗО отображение данных все филиалы:726)
	at Выручка по ДЗО отображение данных все филиалы.Change(Выручка по ДЗО отображение данных все филиалы:760)
	at Выручка по ДЗО отображение данных все филиалы.DzoTest(Выручка по ДЗО отображение данных все филиалы:506)
	at Выручка по ДЗО отображение данных все филиалы.run(Выручка по ДЗО отображение данных все филиалы:122)
	at com.kms.katalon.core.main.ScriptEngine.run(ScriptEngine.java:194)
	at com.kms.katalon.core.main.ScriptEngine.runScriptAsRawText(ScriptEngine.java:119)
	at com.kms.katalon.core.main.TestCaseExecutor.runScript(TestCaseExecutor.java:448)
	at com.kms.katalon.core.main.TestCaseExecutor.doExecute(TestCaseExecutor.java:439)
	at com.kms.katalon.core.main.TestCaseExecutor.processExecutionPhase(TestCaseExecutor.java:418)
	at com.kms.katalon.core.main.TestCaseExecutor.accessMainPhase(TestCaseExecutor.java:410)
	at com.kms.katalon.core.main.TestCaseExecutor.execute(TestCaseExecutor.java:285)
	at com.kms.katalon.core.common.CommonExecutor.accessTestCaseMainPhase(CommonExecutor.java:65)
	at com.kms.katalon.core.main.TestSuiteExecutor.accessTestSuiteMainPhase(TestSuiteExecutor.java:150)
	at com.kms.katalon.core.main.TestSuiteExecutor.execute(TestSuiteExecutor.java:106)
	at com.kms.katalon.core.main.TestCaseMain.startTestSuite(TestCaseMain.java:180)
	at TempTestSuite1741649958618.run(TempTestSuite1741649958618.groovy:35)
	at java.base/jdk.internal.reflect.NativeMethodAccessorImpl.invoke0(Native Method)
	at java.base/jdk.internal.reflect.NativeMethodAccessorImpl.invoke(NativeMethodAccessorImpl.java:77)
	at java.base/jdk.internal.reflect.DelegatingMethodAccessorImpl.invoke(DelegatingMethodAccessorImpl.java:43)
)

11-03-2025T03:33:55 - [MESSAGE][FAILED] - Text 'нет данных' is present on page  (Root cause: com.kms.katalon.core.exception.StepFailedException: Text 'нет данных' is present on page 
	at com.kms.katalon.core.webui.keyword.internal.WebUIKeywordMain.stepFailed(WebUIKeywordMain.groovy:64)
	at com.kms.katalon.core.webui.keyword.builtin.VerifyTextNotPresentKeyword$_verifyTextNotPresent_closure1.doCall(VerifyTextNotPresentKeyword.groovy:77)
	at com.kms.katalon.core.webui.keyword.builtin.VerifyTextNotPresentKeyword$_verifyTextNotPresent_closure1.call(VerifyTextNotPresentKeyword.groovy)
	at com.kms.katalon.core.webui.keyword.internal.WebUIKeywordMain.runKeyword(WebUIKeywordMain.groovy:20)
	at com.kms.katalon.core.webui.keyword.builtin.VerifyTextNotPresentKeyword.verifyTextNotPresent(VerifyTextNotPresentKeyword.groovy:82)
	at com.kms.katalon.core.webui.keyword.builtin.VerifyTextNotPresentKeyword.execute(VerifyTextNotPresentKeyword.groovy:68)
	at com.kms.katalon.core.keyword.internal.KeywordExecutor.executeKeywordForPlatform(KeywordExecutor.groovy:74)
	at com.kms.katalon.core.webui.keyword.WebUiBuiltInKeywords.verifyTextNotPresent(WebUiBuiltInKeywords.groovy:1795)
	at Выручка по ДЗО отображение данных все филиалы.Test(Выручка по ДЗО отображение данных все филиалы:772)
	at Выручка по ДЗО отображение данных все филиалы.Tumbler(Выручка по ДЗО отображение данных все филиалы:726)
	at Выручка по ДЗО отображение данных все филиалы.Change(Выручка по ДЗО отображение данных все филиалы:760)
	at Выручка по ДЗО отображение данных все филиалы.DzoTest(Выручка по ДЗО отображение данных все филиалы:506)
	at Выручка по ДЗО отображение данных все филиалы.run(Выручка по ДЗО отображение данных все филиалы:122)
	at com.kms.katalon.core.main.ScriptEngine.run(ScriptEngine.java:194)
	at com.kms.katalon.core.main.ScriptEngine.runScriptAsRawText(ScriptEngine.java:119)
	at com.kms.katalon.core.main.TestCaseExecutor.runScript(TestCaseExecutor.java:448)
	at com.kms.katalon.core.main.TestCaseExecutor.doExecute(TestCaseExecutor.java:439)
	at com.kms.katalon.core.main.TestCaseExecutor.processExecutionPhase(TestCaseExecutor.java:418)
	at com.kms.katalon.core.main.TestCaseExecutor.accessMainPhase(TestCaseExecutor.java:410)
	at com.kms.katalon.core.main.TestCaseExecutor.execute(TestCaseExecutor.java:285)
	at com.kms.katalon.core.common.CommonExecutor.accessTestCaseMainPhase(CommonExecutor.java:65)
	at com.kms.katalon.core.main.TestSuiteExecutor.accessTestSuiteMainPhase(TestSuiteExecutor.java:150)
	at com.kms.katalon.core.main.TestSuiteExecutor.execute(TestSuiteExecutor.java:106)
	at com.kms.katalon.core.main.TestCaseMain.startTestSuite(TestCaseMain.java:180)
	at TempTestSuite1741649958618.run(TempTestSuite1741649958618.groovy:35)
	at java.base/jdk.internal.reflect.NativeMethodAccessorImpl.invoke0(Native Method)
	at java.base/jdk.internal.reflect.NativeMethodAccessorImpl.invoke(NativeMethodAccessorImpl.java:77)
	at java.base/jdk.internal.reflect.DelegatingMethodAccessorImpl.invoke(DelegatingMethodAccessorImpl.java:43)
)

11-03-2025T03:33:55 - [TEST_STEP][PASSED] - else: null

11-03-2025T03:33:55 - [TEST_STEP][PASSED] - Script1687405711779.WriteToExcel(todaysDate): null

11-03-2025T03:33:55 - [TEST_STEP][PASSED] - sheetName = "Sheet1": null

11-03-2025T03:33:55 - [TEST_STEP][PASSED] - data = findTestData("PlanFact"): null

11-03-2025T03:33:55 - [TEST_STEP][PASSED] - n = data.getRowNumbers() + 1: null

11-03-2025T03:33:55 - [TEST_STEP][PASSED] - dZO = getText(findTestObject("Выручка по ДЗО/Фильтр ДЗО")): Text of object 'Object Repository/Выручка по ДЗО/Фильтр ДЗО' is: 'ПАО Россети - РаспредКомплекс - Россети Урал (ГК) - Свердловэнерго'

11-03-2025T03:33:55 - [MESSAGE][PASSED] - Text of object 'Object Repository/Выручка по ДЗО/Фильтр ДЗО' is: 'ПАО Россети - РаспредКомплекс - Россети Урал (ГК) - Свердловэнерго'

11-03-2025T03:33:55 - [TEST_STEP][PASSED] - period = getText(findTestObject("Выручка по ДЗО/Фильтр Дата")): Text of object 'Object Repository/Выручка по ДЗО/Фильтр Дата' is: 'Январь 2025 года'

11-03-2025T03:33:56 - [MESSAGE][PASSED] - Text of object 'Object Repository/Выручка по ДЗО/Фильтр Дата' is: 'Январь 2025 года'

11-03-2025T03:33:56 - [TEST_STEP][PASSED] - viruchka = getText(findTestObject("Выручка по ДЗО/Фильтр Выручка")): Text of object 'Object Repository/Выручка по ДЗО/Фильтр Выручка' is: 'внутренний оборот'

11-03-2025T03:33:56 - [MESSAGE][PASSED] - Text of object 'Object Repository/Выручка по ДЗО/Фильтр Выручка' is: 'внутренний оборот'

11-03-2025T03:33:56 - [TEST_STEP][PASSED] - if (viruchka == "Выбрано: 2"): null

11-03-2025T03:33:56 - [TEST_STEP][PASSED] - if (viruchka == "Все"): null

11-03-2025T03:33:56 - [TEST_STEP][PASSED] - println(period): null

11-03-2025T03:33:56 - [TEST_STEP][PASSED] - dashboardName = "Выручка по ДЗО": null

11-03-2025T03:33:56 - [TEST_STEP][PASSED] - workbook01 = getWorkbook(excelFilePath): null

11-03-2025T03:33:56 - [TEST_STEP][PASSED] - sheet01 = getExcelSheet(workbook01, sheetName): null

11-03-2025T03:33:56 - [TEST_STEP][PASSED] - setValueToCellByIndex(sheet01, n, 0, dashboardName): null

11-03-2025T03:33:56 - [TEST_STEP][PASSED] - setValueToCellByIndex(sheet01, n, 1, dZO): null

11-03-2025T03:33:56 - [TEST_STEP][PASSED] - setValueToCellByIndex(sheet01, n, 2, period): null

11-03-2025T03:33:56 - [TEST_STEP][PASSED] - setValueToCellByIndex(sheet01, n, 3, viruchka): null

11-03-2025T03:33:56 - [TEST_STEP][PASSED] - setValueToCellByIndex(sheet01, n, 4, todaysDate): null

11-03-2025T03:33:56 - [TEST_STEP][PASSED] - n = n + 1: null

11-03-2025T03:33:56 - [TEST_STEP][PASSED] - saveWorkbook(excelFilePath, workbook01): null

11-03-2025T03:33:56 - [TEST_STEP][PASSED] - click(findTestObject("Выручка по ДЗО/Фильтр Выручка")): Object: 'Object Repository/Выручка по ДЗО/Фильтр Выручка' is clicked on

11-03-2025T03:33:56 - [MESSAGE][PASSED] - Object: 'Object Repository/Выручка по ДЗО/Фильтр Выручка' is clicked on

11-03-2025T03:33:56 - [TEST_STEP][PASSED] - click(findTestObject("Выручка по ДЗО/По передаче в фильтре Выручка")): Object: 'Object Repository/Выручка по ДЗО/По передаче в фильтре Выручка' is clicked on

11-03-2025T03:33:57 - [MESSAGE][PASSED] - Object: 'Object Repository/Выручка по ДЗО/По передаче в фильтре Выручка' is clicked on

11-03-2025T03:33:57 - [TEST_STEP][PASSED] - click(findTestObject("Выручка по ДЗО/Применить в фильтре Выручка")): Object: 'Object Repository/Выручка по ДЗО/Применить в фильтре Выручка' is clicked on

11-03-2025T03:33:58 - [MESSAGE][PASSED] - Object: 'Object Repository/Выручка по ДЗО/Применить в фильтре Выручка' is clicked on

11-03-2025T03:33:58 - [TEST_STEP][PASSED] - Script1687405711779.Test(todaysDate): null

11-03-2025T03:33:58 - [TEST_STEP][PASSED] - delay(10): Delayed 10 second(s)

11-03-2025T03:34:08 - [MESSAGE][PASSED] - Delayed 10 second(s)

11-03-2025T03:34:08 - [TEST_STEP][PASSED] - if (verifyTextNotPresent("нет данных", false) == true): null

11-03-2025T03:34:08 - [MESSAGE][PASSED] - Text 'нет данных' is not present on page

11-03-2025T03:34:08 - [TEST_STEP][PASSED] - if (verifyTextNotPresent("Ошибка запроса данных", false) == true): null

11-03-2025T03:34:08 - [MESSAGE][PASSED] - Text 'Ошибка запроса данных' is not present on page

11-03-2025T03:34:08 - [TEST_STEP][PASSED] - if (verifyTextNotPresent("Произошла ошибка при выполнении пользовательского кода", false) == true): null

11-03-2025T03:34:09 - [MESSAGE][PASSED] - Text 'Произошла ошибка при выполнении пользовательского кода' is not present on page

11-03-2025T03:34:09 - [TEST_STEP][PASSED] - if (verifyTextNotPresent("У виджета нет данных", false) == true): null

11-03-2025T03:34:09 - [MESSAGE][PASSED] - Text 'У виджета нет данных' is not present on page

11-03-2025T03:34:09 - [TEST_STEP][PASSED] - if (verifyTextNotPresent("У виджета нет данных", false) == true): Text 'У виджета нет данных' is not present on page

11-03-2025T03:34:10 - [MESSAGE][PASSED] - Text 'У виджета нет данных' is not present on page

11-03-2025T03:34:10 - [TEST_STEP][PASSED] - click(findTestObject("Выручка по ДЗО/Фильтр Выручка")): Object: 'Object Repository/Выручка по ДЗО/Фильтр Выручка' is clicked on

11-03-2025T03:34:10 - [MESSAGE][PASSED] - Object: 'Object Repository/Выручка по ДЗО/Фильтр Выручка' is clicked on

11-03-2025T03:34:10 - [TEST_STEP][PASSED] - click(findTestObject("Выручка по ДЗО/Снять выделение в фильтре Выручка")): Object: 'Object Repository/Выручка по ДЗО/Снять выделение в фильтре Выручка' is clicked on

11-03-2025T03:34:11 - [MESSAGE][PASSED] - Object: 'Object Repository/Выручка по ДЗО/Снять выделение в фильтре Выручка' is clicked on

11-03-2025T03:34:11 - [TEST_STEP][PASSED] - click(findTestObject("Выручка по ДЗО/По передаче в фильтре Выручка")): Object: 'Object Repository/Выручка по ДЗО/По передаче в фильтре Выручка' is clicked on

11-03-2025T03:34:11 - [MESSAGE][PASSED] - Object: 'Object Repository/Выручка по ДЗО/По передаче в фильтре Выручка' is clicked on

11-03-2025T03:34:11 - [TEST_STEP][PASSED] - click(findTestObject("Выручка по ДЗО/Применить в фильтре Выручка")): Object: 'Object Repository/Выручка по ДЗО/Применить в фильтре Выручка' is clicked on

11-03-2025T03:34:12 - [MESSAGE][PASSED] - Object: 'Object Repository/Выручка по ДЗО/Применить в фильтре Выручка' is clicked on

11-03-2025T03:34:12 - [TEST_STEP][PASSED] - Script1687405711779.Test(todaysDate): null

11-03-2025T03:34:12 - [TEST_STEP][PASSED] - delay(10): Delayed 10 second(s)

11-03-2025T03:34:22 - [MESSAGE][PASSED] - Delayed 10 second(s)

11-03-2025T03:34:22 - [TEST_STEP][PASSED] - if (verifyTextNotPresent("нет данных", false) == true): null

11-03-2025T03:34:22 - [MESSAGE][PASSED] - Text 'нет данных' is not present on page

11-03-2025T03:34:22 - [TEST_STEP][PASSED] - if (verifyTextNotPresent("Ошибка запроса данных", false) == true): null

11-03-2025T03:34:23 - [MESSAGE][PASSED] - Text 'Ошибка запроса данных' is not present on page

11-03-2025T03:34:23 - [TEST_STEP][PASSED] - if (verifyTextNotPresent("Произошла ошибка при выполнении пользовательского кода", false) == true): null

11-03-2025T03:34:23 - [MESSAGE][PASSED] - Text 'Произошла ошибка при выполнении пользовательского кода' is not present on page

11-03-2025T03:34:23 - [TEST_STEP][PASSED] - if (verifyTextNotPresent("У виджета нет данных", false) == true): null

11-03-2025T03:34:23 - [MESSAGE][PASSED] - Text 'У виджета нет данных' is not present on page

11-03-2025T03:34:23 - [TEST_STEP][PASSED] - if (verifyTextNotPresent("У виджета нет данных", false) == true): Text 'У виджета нет данных' is not present on page

11-03-2025T03:34:24 - [MESSAGE][PASSED] - Text 'У виджета нет данных' is not present on page

11-03-2025T03:34:24 - [TEST_STEP][PASSED] - click(findTestObject("Выручка по ДЗО/Фильтр Выручка")): Object: 'Object Repository/Выручка по ДЗО/Фильтр Выручка' is clicked on

11-03-2025T03:34:24 - [MESSAGE][PASSED] - Object: 'Object Repository/Выручка по ДЗО/Фильтр Выручка' is clicked on

11-03-2025T03:34:24 - [TEST_STEP][PASSED] - click(findTestObject("Выручка по ДЗО/Снять выделение в фильтре Выручка")): Object: 'Object Repository/Выручка по ДЗО/Снять выделение в фильтре Выручка' is clicked on

11-03-2025T03:34:25 - [MESSAGE][PASSED] - Object: 'Object Repository/Выручка по ДЗО/Снять выделение в фильтре Выручка' is clicked on

11-03-2025T03:34:25 - [TEST_STEP][PASSED] - click(findTestObject("Выручка по ДЗО/Применить в фильтре Выручка")): Object: 'Object Repository/Выручка по ДЗО/Применить в фильтре Выручка' is clicked on

11-03-2025T03:34:25 - [MESSAGE][PASSED] - Object: 'Object Repository/Выручка по ДЗО/Применить в фильтре Выручка' is clicked on

11-03-2025T03:34:25 - [TEST_STEP][PASSED] - click(findTestObject("Выручка по ДЗО/Фильтр ДЗО")): Object: 'Object Repository/Выручка по ДЗО/Фильтр ДЗО' is clicked on

11-03-2025T03:34:26 - [MESSAGE][PASSED] - Object: 'Object Repository/Выручка по ДЗО/Фильтр ДЗО' is clicked on

11-03-2025T03:34:26 - [TEST_STEP][PASSED] - click(findTestObject("Выручка по ДЗО/Снять выделение в фильтре ДЗО")): Object: 'Object Repository/Выручка по ДЗО/Снять выделение в фильтре ДЗО' is clicked on

11-03-2025T03:34:26 - [MESSAGE][PASSED] - Object: 'Object Repository/Выручка по ДЗО/Снять выделение в фильтре ДЗО' is clicked on

11-03-2025T03:34:26 - [TEST_STEP][PASSED] - scrollToElement(findTestObject("Общие объекты/Челябэнерго"), 30): Scroll to object 'Object Repository/Общие объекты/Челябэнерго' successfully

11-03-2025T03:34:27 - [MESSAGE][PASSED] - Scroll to object 'Object Repository/Общие объекты/Челябэнерго' successfully

11-03-2025T03:34:27 - [TEST_STEP][PASSED] - click(findTestObject("Общие объекты/Челябэнерго"), CONTINUE_ON_FAILURE): Object: 'Object Repository/Общие объекты/Челябэнерго' is clicked on

11-03-2025T03:34:27 - [MESSAGE][PASSED] - Object: 'Object Repository/Общие объекты/Челябэнерго' is clicked on

11-03-2025T03:34:27 - [TEST_STEP][PASSED] - Script1687405711779.Change(todaysDate): null

11-03-2025T03:34:27 - [TEST_STEP][PASSED] - scrollToElement(findTestObject("Выручка по ДЗО/Заголовок дашборда"), 30): Scroll to object 'Object Repository/Выручка по ДЗО/Заголовок дашборда' successfully

11-03-2025T03:34:28 - [MESSAGE][PASSED] - Scroll to object 'Object Repository/Выручка по ДЗО/Заголовок дашборда' successfully

11-03-2025T03:34:28 - [TEST_STEP][PASSED] - click(findTestObject("Выручка по ДЗО/Применить в фильтре ДЗО")): Object: 'Object Repository/Выручка по ДЗО/Применить в фильтре ДЗО' is clicked on

11-03-2025T03:34:28 - [MESSAGE][PASSED] - Object: 'Object Repository/Выручка по ДЗО/Применить в фильтре ДЗО' is clicked on

11-03-2025T03:34:28 - [TEST_STEP][PASSED] - Script1687405711779.Tumbler(todaysDate): null

11-03-2025T03:34:28 - [TEST_STEP][PASSED] - Script1687405711779.Test(todaysDate): null

11-03-2025T03:34:28 - [TEST_STEP][PASSED] - delay(10): Delayed 10 second(s)

11-03-2025T03:34:38 - [MESSAGE][PASSED] - Delayed 10 second(s)

11-03-2025T03:34:38 - [TEST_STEP][PASSED] - if (verifyTextNotPresent("нет данных", false) == true): null

11-03-2025T03:34:39 - [MESSAGE][PASSED] - Text 'нет данных' is not present on page

11-03-2025T03:34:39 - [TEST_STEP][PASSED] - if (verifyTextNotPresent("Ошибка запроса данных", false) == true): null

11-03-2025T03:34:39 - [MESSAGE][PASSED] - Text 'Ошибка запроса данных' is not present on page

11-03-2025T03:34:39 - [TEST_STEP][PASSED] - if (verifyTextNotPresent("Произошла ошибка при выполнении пользовательского кода", false) == true): null

11-03-2025T03:34:40 - [MESSAGE][PASSED] - Text 'Произошла ошибка при выполнении пользовательского кода' is not present on page

11-03-2025T03:34:40 - [TEST_STEP][PASSED] - if (verifyTextNotPresent("У виджета нет данных", false) == true): null

11-03-2025T03:34:40 - [MESSAGE][PASSED] - Text 'У виджета нет данных' is not present on page

11-03-2025T03:34:40 - [TEST_STEP][PASSED] - if (verifyTextNotPresent("У виджета нет данных", false) == true): Text 'У виджета нет данных' is not present on page

11-03-2025T03:34:40 - [MESSAGE][PASSED] - Text 'У виджета нет данных' is not present on page

11-03-2025T03:34:40 - [TEST_STEP][PASSED] - click(findTestObject("Выручка по ДЗО/Фильтр Выручка")): Object: 'Object Repository/Выручка по ДЗО/Фильтр Выручка' is clicked on

11-03-2025T03:34:41 - [MESSAGE][PASSED] - Object: 'Object Repository/Выручка по ДЗО/Фильтр Выручка' is clicked on

11-03-2025T03:34:41 - [TEST_STEP][PASSED] - click(findTestObject("Выручка по ДЗО/Внутренний оборот в фильтре Выручка")): Object: 'Object Repository/Выручка по ДЗО/Внутренний оборот в фильтре Выручка' is clicked on

11-03-2025T03:34:41 - [MESSAGE][PASSED] - Object: 'Object Repository/Выручка по ДЗО/Внутренний оборот в фильтре Выручка' is clicked on

11-03-2025T03:34:41 - [TEST_STEP][PASSED] - click(findTestObject("Выручка по ДЗО/Применить в фильтре Выручка")): Object: 'Object Repository/Выручка по ДЗО/Применить в фильтре Выручка' is clicked on

11-03-2025T03:34:42 - [MESSAGE][PASSED] - Object: 'Object Repository/Выручка по ДЗО/Применить в фильтре Выручка' is clicked on

11-03-2025T03:34:42 - [TEST_STEP][PASSED] - Script1687405711779.Test(todaysDate): null

11-03-2025T03:34:42 - [TEST_STEP][PASSED] - delay(10): Delayed 10 second(s)

11-03-2025T03:34:52 - [MESSAGE][PASSED] - Delayed 10 second(s)

11-03-2025T03:34:52 - [TEST_STEP][FAILED] - if (verifyTextNotPresent("нет данных", false) == true): Text 'нет данных' is present on page  (Root cause: com.kms.katalon.core.exception.StepFailedException: Text 'нет данных' is present on page 
	at com.kms.katalon.core.webui.keyword.internal.WebUIKeywordMain.stepFailed(WebUIKeywordMain.groovy:64)
	at com.kms.katalon.core.webui.keyword.builtin.VerifyTextNotPresentKeyword$_verifyTextNotPresent_closure1.doCall(VerifyTextNotPresentKeyword.groovy:77)
	at com.kms.katalon.core.webui.keyword.builtin.VerifyTextNotPresentKeyword$_verifyTextNotPresent_closure1.call(VerifyTextNotPresentKeyword.groovy)
	at com.kms.katalon.core.webui.keyword.internal.WebUIKeywordMain.runKeyword(WebUIKeywordMain.groovy:20)
	at com.kms.katalon.core.webui.keyword.builtin.VerifyTextNotPresentKeyword.verifyTextNotPresent(VerifyTextNotPresentKeyword.groovy:82)
	at com.kms.katalon.core.webui.keyword.builtin.VerifyTextNotPresentKeyword.execute(VerifyTextNotPresentKeyword.groovy:68)
	at com.kms.katalon.core.keyword.internal.KeywordExecutor.executeKeywordForPlatform(KeywordExecutor.groovy:74)
	at com.kms.katalon.core.webui.keyword.WebUiBuiltInKeywords.verifyTextNotPresent(WebUiBuiltInKeywords.groovy:1795)
	at Выручка по ДЗО отображение данных все филиалы.Test(Выручка по ДЗО отображение данных все филиалы:772)
	at Выручка по ДЗО отображение данных все филиалы.Tumbler(Выручка по ДЗО отображение данных все филиалы:726)
	at Выручка по ДЗО отображение данных все филиалы.Change(Выручка по ДЗО отображение данных все филиалы:760)
	at Выручка по ДЗО отображение данных все филиалы.DzoTest(Выручка по ДЗО отображение данных все филиалы:512)
	at Выручка по ДЗО отображение данных все филиалы.run(Выручка по ДЗО отображение данных все филиалы:122)
	at com.kms.katalon.core.main.ScriptEngine.run(ScriptEngine.java:194)
	at com.kms.katalon.core.main.ScriptEngine.runScriptAsRawText(ScriptEngine.java:119)
	at com.kms.katalon.core.main.TestCaseExecutor.runScript(TestCaseExecutor.java:448)
	at com.kms.katalon.core.main.TestCaseExecutor.doExecute(TestCaseExecutor.java:439)
	at com.kms.katalon.core.main.TestCaseExecutor.processExecutionPhase(TestCaseExecutor.java:418)
	at com.kms.katalon.core.main.TestCaseExecutor.accessMainPhase(TestCaseExecutor.java:410)
	at com.kms.katalon.core.main.TestCaseExecutor.execute(TestCaseExecutor.java:285)
	at com.kms.katalon.core.common.CommonExecutor.accessTestCaseMainPhase(CommonExecutor.java:65)
	at com.kms.katalon.core.main.TestSuiteExecutor.accessTestSuiteMainPhase(TestSuiteExecutor.java:150)
	at com.kms.katalon.core.main.TestSuiteExecutor.execute(TestSuiteExecutor.java:106)
	at com.kms.katalon.core.main.TestCaseMain.startTestSuite(TestCaseMain.java:180)
	at TempTestSuite1741649958618.run(TempTestSuite1741649958618.groovy:35)
	at java.base/jdk.internal.reflect.NativeMethodAccessorImpl.invoke0(Native Method)
	at java.base/jdk.internal.reflect.NativeMethodAccessorImpl.invoke(NativeMethodAccessorImpl.java:77)
	at java.base/jdk.internal.reflect.DelegatingMethodAccessorImpl.invoke(DelegatingMethodAccessorImpl.java:43)
)

11-03-2025T03:34:52 - [MESSAGE][FAILED] - Text 'нет данных' is present on page  (Root cause: com.kms.katalon.core.exception.StepFailedException: Text 'нет данных' is present on page 
	at com.kms.katalon.core.webui.keyword.internal.WebUIKeywordMain.stepFailed(WebUIKeywordMain.groovy:64)
	at com.kms.katalon.core.webui.keyword.builtin.VerifyTextNotPresentKeyword$_verifyTextNotPresent_closure1.doCall(VerifyTextNotPresentKeyword.groovy:77)
	at com.kms.katalon.core.webui.keyword.builtin.VerifyTextNotPresentKeyword$_verifyTextNotPresent_closure1.call(VerifyTextNotPresentKeyword.groovy)
	at com.kms.katalon.core.webui.keyword.internal.WebUIKeywordMain.runKeyword(WebUIKeywordMain.groovy:20)
	at com.kms.katalon.core.webui.keyword.builtin.VerifyTextNotPresentKeyword.verifyTextNotPresent(VerifyTextNotPresentKeyword.groovy:82)
	at com.kms.katalon.core.webui.keyword.builtin.VerifyTextNotPresentKeyword.execute(VerifyTextNotPresentKeyword.groovy:68)
	at com.kms.katalon.core.keyword.internal.KeywordExecutor.executeKeywordForPlatform(KeywordExecutor.groovy:74)
	at com.kms.katalon.core.webui.keyword.WebUiBuiltInKeywords.verifyTextNotPresent(WebUiBuiltInKeywords.groovy:1795)
	at Выручка по ДЗО отображение данных все филиалы.Test(Выручка по ДЗО отображение данных все филиалы:772)
	at Выручка по ДЗО отображение данных все филиалы.Tumbler(Выручка по ДЗО отображение данных все филиалы:726)
	at Выручка по ДЗО отображение данных все филиалы.Change(Выручка по ДЗО отображение данных все филиалы:760)
	at Выручка по ДЗО отображение данных все филиалы.DzoTest(Выручка по ДЗО отображение данных все филиалы:512)
	at Выручка по ДЗО отображение данных все филиалы.run(Выручка по ДЗО отображение данных все филиалы:122)
	at com.kms.katalon.core.main.ScriptEngine.run(ScriptEngine.java:194)
	at com.kms.katalon.core.main.ScriptEngine.runScriptAsRawText(ScriptEngine.java:119)
	at com.kms.katalon.core.main.TestCaseExecutor.runScript(TestCaseExecutor.java:448)
	at com.kms.katalon.core.main.TestCaseExecutor.doExecute(TestCaseExecutor.java:439)
	at com.kms.katalon.core.main.TestCaseExecutor.processExecutionPhase(TestCaseExecutor.java:418)
	at com.kms.katalon.core.main.TestCaseExecutor.accessMainPhase(TestCaseExecutor.java:410)
	at com.kms.katalon.core.main.TestCaseExecutor.execute(TestCaseExecutor.java:285)
	at com.kms.katalon.core.common.CommonExecutor.accessTestCaseMainPhase(CommonExecutor.java:65)
	at com.kms.katalon.core.main.TestSuiteExecutor.accessTestSuiteMainPhase(TestSuiteExecutor.java:150)
	at com.kms.katalon.core.main.TestSuiteExecutor.execute(TestSuiteExecutor.java:106)
	at com.kms.katalon.core.main.TestCaseMain.startTestSuite(TestCaseMain.java:180)
	at TempTestSuite1741649958618.run(TempTestSuite1741649958618.groovy:35)
	at java.base/jdk.internal.reflect.NativeMethodAccessorImpl.invoke0(Native Method)
	at java.base/jdk.internal.reflect.NativeMethodAccessorImpl.invoke(NativeMethodAccessorImpl.java:77)
	at java.base/jdk.internal.reflect.DelegatingMethodAccessorImpl.invoke(DelegatingMethodAccessorImpl.java:43)
)

11-03-2025T03:34:52 - [TEST_STEP][PASSED] - else: null

11-03-2025T03:34:52 - [TEST_STEP][PASSED] - Script1687405711779.WriteToExcel(todaysDate): null

11-03-2025T03:34:52 - [TEST_STEP][PASSED] - sheetName = "Sheet1": null

11-03-2025T03:34:52 - [TEST_STEP][PASSED] - data = findTestData("PlanFact"): null

11-03-2025T03:34:52 - [TEST_STEP][PASSED] - n = data.getRowNumbers() + 1: null

11-03-2025T03:34:52 - [TEST_STEP][PASSED] - dZO = getText(findTestObject("Выручка по ДЗО/Фильтр ДЗО")): Text of object 'Object Repository/Выручка по ДЗО/Фильтр ДЗО' is: 'ПАО Россети - РаспредКомплекс - Россети Урал (ГК) - Челябэнерго'

11-03-2025T03:34:53 - [MESSAGE][PASSED] - Text of object 'Object Repository/Выручка по ДЗО/Фильтр ДЗО' is: 'ПАО Россети - РаспредКомплекс - Россети Урал (ГК) - Челябэнерго'

11-03-2025T03:34:53 - [TEST_STEP][PASSED] - period = getText(findTestObject("Выручка по ДЗО/Фильтр Дата")): Text of object 'Object Repository/Выручка по ДЗО/Фильтр Дата' is: 'Январь 2025 года'

11-03-2025T03:34:53 - [MESSAGE][PASSED] - Text of object 'Object Repository/Выручка по ДЗО/Фильтр Дата' is: 'Январь 2025 года'

11-03-2025T03:34:53 - [TEST_STEP][PASSED] - viruchka = getText(findTestObject("Выручка по ДЗО/Фильтр Выручка")): Text of object 'Object Repository/Выручка по ДЗО/Фильтр Выручка' is: 'внутренний оборот'

11-03-2025T03:34:53 - [MESSAGE][PASSED] - Text of object 'Object Repository/Выручка по ДЗО/Фильтр Выручка' is: 'внутренний оборот'

11-03-2025T03:34:53 - [TEST_STEP][PASSED] - if (viruchka == "Выбрано: 2"): null

11-03-2025T03:34:53 - [TEST_STEP][PASSED] - if (viruchka == "Все"): null

11-03-2025T03:34:53 - [TEST_STEP][PASSED] - println(period): null

11-03-2025T03:34:53 - [TEST_STEP][PASSED] - dashboardName = "Выручка по ДЗО": null

11-03-2025T03:34:53 - [TEST_STEP][PASSED] - workbook01 = getWorkbook(excelFilePath): null

11-03-2025T03:34:53 - [TEST_STEP][PASSED] - sheet01 = getExcelSheet(workbook01, sheetName): null

11-03-2025T03:34:53 - [TEST_STEP][PASSED] - setValueToCellByIndex(sheet01, n, 0, dashboardName): null

11-03-2025T03:34:53 - [TEST_STEP][PASSED] - setValueToCellByIndex(sheet01, n, 1, dZO): null

11-03-2025T03:34:53 - [TEST_STEP][PASSED] - setValueToCellByIndex(sheet01, n, 2, period): null

11-03-2025T03:34:53 - [TEST_STEP][PASSED] - setValueToCellByIndex(sheet01, n, 3, viruchka): null

11-03-2025T03:34:53 - [TEST_STEP][PASSED] - setValueToCellByIndex(sheet01, n, 4, todaysDate): null

11-03-2025T03:34:53 - [TEST_STEP][PASSED] - n = n + 1: null

11-03-2025T03:34:53 - [TEST_STEP][PASSED] - saveWorkbook(excelFilePath, workbook01): null

11-03-2025T03:34:54 - [TEST_STEP][PASSED] - click(findTestObject("Выручка по ДЗО/Фильтр Выручка")): Object: 'Object Repository/Выручка по ДЗО/Фильтр Выручка' is clicked on

11-03-2025T03:34:54 - [MESSAGE][PASSED] - Object: 'Object Repository/Выручка по ДЗО/Фильтр Выручка' is clicked on

11-03-2025T03:34:54 - [TEST_STEP][PASSED] - click(findTestObject("Выручка по ДЗО/По передаче в фильтре Выручка")): Object: 'Object Repository/Выручка по ДЗО/По передаче в фильтре Выручка' is clicked on

11-03-2025T03:34:54 - [MESSAGE][PASSED] - Object: 'Object Repository/Выручка по ДЗО/По передаче в фильтре Выручка' is clicked on

11-03-2025T03:34:54 - [TEST_STEP][PASSED] - click(findTestObject("Выручка по ДЗО/Применить в фильтре Выручка")): Object: 'Object Repository/Выручка по ДЗО/Применить в фильтре Выручка' is clicked on

11-03-2025T03:34:55 - [MESSAGE][PASSED] - Object: 'Object Repository/Выручка по ДЗО/Применить в фильтре Выручка' is clicked on

11-03-2025T03:34:55 - [TEST_STEP][PASSED] - Script1687405711779.Test(todaysDate): null

11-03-2025T03:34:55 - [TEST_STEP][PASSED] - delay(10): Delayed 10 second(s)

11-03-2025T03:35:05 - [MESSAGE][PASSED] - Delayed 10 second(s)

11-03-2025T03:35:05 - [TEST_STEP][PASSED] - if (verifyTextNotPresent("нет данных", false) == true): null

11-03-2025T03:35:05 - [MESSAGE][PASSED] - Text 'нет данных' is not present on page

11-03-2025T03:35:05 - [TEST_STEP][PASSED] - if (verifyTextNotPresent("Ошибка запроса данных", false) == true): null

11-03-2025T03:35:06 - [MESSAGE][PASSED] - Text 'Ошибка запроса данных' is not present on page

11-03-2025T03:35:06 - [TEST_STEP][PASSED] - if (verifyTextNotPresent("Произошла ошибка при выполнении пользовательского кода", false) == true): null

11-03-2025T03:35:06 - [MESSAGE][PASSED] - Text 'Произошла ошибка при выполнении пользовательского кода' is not present on page

11-03-2025T03:35:06 - [TEST_STEP][PASSED] - if (verifyTextNotPresent("У виджета нет данных", false) == true): null

11-03-2025T03:35:07 - [MESSAGE][PASSED] - Text 'У виджета нет данных' is not present on page

11-03-2025T03:35:07 - [TEST_STEP][PASSED] - if (verifyTextNotPresent("У виджета нет данных", false) == true): Text 'У виджета нет данных' is not present on page

11-03-2025T03:35:07 - [MESSAGE][PASSED] - Text 'У виджета нет данных' is not present on page

11-03-2025T03:35:07 - [TEST_STEP][PASSED] - click(findTestObject("Выручка по ДЗО/Фильтр Выручка")): Object: 'Object Repository/Выручка по ДЗО/Фильтр Выручка' is clicked on

11-03-2025T03:35:08 - [MESSAGE][PASSED] - Object: 'Object Repository/Выручка по ДЗО/Фильтр Выручка' is clicked on

11-03-2025T03:35:08 - [TEST_STEP][PASSED] - click(findTestObject("Выручка по ДЗО/Снять выделение в фильтре Выручка")): Object: 'Object Repository/Выручка по ДЗО/Снять выделение в фильтре Выручка' is clicked on

11-03-2025T03:35:08 - [MESSAGE][PASSED] - Object: 'Object Repository/Выручка по ДЗО/Снять выделение в фильтре Выручка' is clicked on

11-03-2025T03:35:08 - [TEST_STEP][PASSED] - click(findTestObject("Выручка по ДЗО/По передаче в фильтре Выручка")): Object: 'Object Repository/Выручка по ДЗО/По передаче в фильтре Выручка' is clicked on

11-03-2025T03:35:08 - [MESSAGE][PASSED] - Object: 'Object Repository/Выручка по ДЗО/По передаче в фильтре Выручка' is clicked on

11-03-2025T03:35:08 - [TEST_STEP][PASSED] - click(findTestObject("Выручка по ДЗО/Применить в фильтре Выручка")): Object: 'Object Repository/Выручка по ДЗО/Применить в фильтре Выручка' is clicked on

11-03-2025T03:35:09 - [MESSAGE][PASSED] - Object: 'Object Repository/Выручка по ДЗО/Применить в фильтре Выручка' is clicked on

11-03-2025T03:35:09 - [TEST_STEP][PASSED] - Script1687405711779.Test(todaysDate): null

11-03-2025T03:35:09 - [TEST_STEP][PASSED] - delay(10): Delayed 10 second(s)

11-03-2025T03:35:19 - [MESSAGE][PASSED] - Delayed 10 second(s)

11-03-2025T03:35:19 - [TEST_STEP][PASSED] - if (verifyTextNotPresent("нет данных", false) == true): null

11-03-2025T03:35:20 - [MESSAGE][PASSED] - Text 'нет данных' is not present on page

11-03-2025T03:35:20 - [TEST_STEP][PASSED] - if (verifyTextNotPresent("Ошибка запроса данных", false) == true): null

11-03-2025T03:35:20 - [MESSAGE][PASSED] - Text 'Ошибка запроса данных' is not present on page

11-03-2025T03:35:20 - [TEST_STEP][PASSED] - if (verifyTextNotPresent("Произошла ошибка при выполнении пользовательского кода", false) == true): null

11-03-2025T03:35:21 - [MESSAGE][PASSED] - Text 'Произошла ошибка при выполнении пользовательского кода' is not present on page

11-03-2025T03:35:21 - [TEST_STEP][PASSED] - if (verifyTextNotPresent("У виджета нет данных", false) == true): null

11-03-2025T03:35:21 - [MESSAGE][PASSED] - Text 'У виджета нет данных' is not present on page

11-03-2025T03:35:21 - [TEST_STEP][PASSED] - if (verifyTextNotPresent("У виджета нет данных", false) == true): Text 'У виджета нет данных' is not present on page

11-03-2025T03:35:21 - [MESSAGE][PASSED] - Text 'У виджета нет данных' is not present on page

11-03-2025T03:35:21 - [TEST_STEP][PASSED] - click(findTestObject("Выручка по ДЗО/Фильтр Выручка")): Object: 'Object Repository/Выручка по ДЗО/Фильтр Выручка' is clicked on

11-03-2025T03:35:22 - [MESSAGE][PASSED] - Object: 'Object Repository/Выручка по ДЗО/Фильтр Выручка' is clicked on

11-03-2025T03:35:22 - [TEST_STEP][PASSED] - click(findTestObject("Выручка по ДЗО/Снять выделение в фильтре Выручка")): Object: 'Object Repository/Выручка по ДЗО/Снять выделение в фильтре Выручка' is clicked on

11-03-2025T03:35:22 - [MESSAGE][PASSED] - Object: 'Object Repository/Выручка по ДЗО/Снять выделение в фильтре Выручка' is clicked on

11-03-2025T03:35:22 - [TEST_STEP][PASSED] - click(findTestObject("Выручка по ДЗО/Применить в фильтре Выручка")): Object: 'Object Repository/Выручка по ДЗО/Применить в фильтре Выручка' is clicked on

11-03-2025T03:35:23 - [MESSAGE][PASSED] - Object: 'Object Repository/Выручка по ДЗО/Применить в фильтре Выручка' is clicked on

11-03-2025T03:35:23 - [TEST_STEP][PASSED] - click(findTestObject("Выручка по ДЗО/Фильтр ДЗО")): Object: 'Object Repository/Выручка по ДЗО/Фильтр ДЗО' is clicked on

11-03-2025T03:35:24 - [MESSAGE][PASSED] - Object: 'Object Repository/Выручка по ДЗО/Фильтр ДЗО' is clicked on

11-03-2025T03:35:24 - [TEST_STEP][PASSED] - click(findTestObject("Выручка по ДЗО/Снять выделение в фильтре ДЗО")): Object: 'Object Repository/Выручка по ДЗО/Снять выделение в фильтре ДЗО' is clicked on

11-03-2025T03:35:25 - [MESSAGE][PASSED] - Object: 'Object Repository/Выручка по ДЗО/Снять выделение в фильтре ДЗО' is clicked on

11-03-2025T03:35:25 - [TEST_STEP][PASSED] - scrollToElement(findTestObject("Выручка по ДЗО/Россети Центр Выручка по ДЗО"), 30): Scroll to object 'Object Repository/Выручка по ДЗО/Россети Центр Выручка по ДЗО' successfully

11-03-2025T03:35:25 - [MESSAGE][PASSED] - Scroll to object 'Object Repository/Выручка по ДЗО/Россети Центр Выручка по ДЗО' successfully

11-03-2025T03:35:25 - [TEST_STEP][PASSED] - click(findTestObject("Выручка по ДЗО/Россети Центр Выручка по ДЗО")): Object: 'Object Repository/Выручка по ДЗО/Россети Центр Выручка по ДЗО' is clicked on

11-03-2025T03:35:26 - [MESSAGE][PASSED] - Object: 'Object Repository/Выручка по ДЗО/Россети Центр Выручка по ДЗО' is clicked on

11-03-2025T03:35:26 - [TEST_STEP][PASSED] - Script1687405711779.Change(todaysDate): null

11-03-2025T03:35:26 - [TEST_STEP][PASSED] - scrollToElement(findTestObject("Выручка по ДЗО/Заголовок дашборда"), 30): Scroll to object 'Object Repository/Выручка по ДЗО/Заголовок дашборда' successfully

11-03-2025T03:35:26 - [MESSAGE][PASSED] - Scroll to object 'Object Repository/Выручка по ДЗО/Заголовок дашборда' successfully

11-03-2025T03:35:26 - [TEST_STEP][PASSED] - click(findTestObject("Выручка по ДЗО/Применить в фильтре ДЗО")): Object: 'Object Repository/Выручка по ДЗО/Применить в фильтре ДЗО' is clicked on

11-03-2025T03:35:27 - [MESSAGE][PASSED] - Object: 'Object Repository/Выручка по ДЗО/Применить в фильтре ДЗО' is clicked on

11-03-2025T03:35:27 - [TEST_STEP][PASSED] - Script1687405711779.Tumbler(todaysDate): null

11-03-2025T03:35:27 - [TEST_STEP][PASSED] - Script1687405711779.Test(todaysDate): null

11-03-2025T03:35:27 - [TEST_STEP][PASSED] - delay(10): Delayed 10 second(s)

11-03-2025T03:35:37 - [MESSAGE][PASSED] - Delayed 10 second(s)

11-03-2025T03:35:37 - [TEST_STEP][PASSED] - if (verifyTextNotPresent("нет данных", false) == true): null

11-03-2025T03:35:37 - [MESSAGE][PASSED] - Text 'нет данных' is not present on page

11-03-2025T03:35:37 - [TEST_STEP][PASSED] - if (verifyTextNotPresent("Ошибка запроса данных", false) == true): null

11-03-2025T03:35:38 - [MESSAGE][PASSED] - Text 'Ошибка запроса данных' is not present on page

11-03-2025T03:35:38 - [TEST_STEP][PASSED] - if (verifyTextNotPresent("Произошла ошибка при выполнении пользовательского кода", false) == true): null

11-03-2025T03:35:38 - [MESSAGE][PASSED] - Text 'Произошла ошибка при выполнении пользовательского кода' is not present on page

11-03-2025T03:35:38 - [TEST_STEP][PASSED] - if (verifyTextNotPresent("У виджета нет данных", false) == true): null

11-03-2025T03:35:39 - [MESSAGE][PASSED] - Text 'У виджета нет данных' is not present on page

11-03-2025T03:35:39 - [TEST_STEP][PASSED] - if (verifyTextNotPresent("У виджета нет данных", false) == true): Text 'У виджета нет данных' is not present on page

11-03-2025T03:35:39 - [MESSAGE][PASSED] - Text 'У виджета нет данных' is not present on page

11-03-2025T03:35:39 - [TEST_STEP][PASSED] - click(findTestObject("Выручка по ДЗО/Фильтр Выручка")): Object: 'Object Repository/Выручка по ДЗО/Фильтр Выручка' is clicked on

11-03-2025T03:35:40 - [MESSAGE][PASSED] - Object: 'Object Repository/Выручка по ДЗО/Фильтр Выручка' is clicked on

11-03-2025T03:35:40 - [TEST_STEP][PASSED] - click(findTestObject("Выручка по ДЗО/Внутренний оборот в фильтре Выручка")): Object: 'Object Repository/Выручка по ДЗО/Внутренний оборот в фильтре Выручка' is clicked on

11-03-2025T03:35:40 - [MESSAGE][PASSED] - Object: 'Object Repository/Выручка по ДЗО/Внутренний оборот в фильтре Выручка' is clicked on

11-03-2025T03:35:40 - [TEST_STEP][PASSED] - click(findTestObject("Выручка по ДЗО/Применить в фильтре Выручка")): Object: 'Object Repository/Выручка по ДЗО/Применить в фильтре Выручка' is clicked on

11-03-2025T03:35:41 - [MESSAGE][PASSED] - Object: 'Object Repository/Выручка по ДЗО/Применить в фильтре Выручка' is clicked on

11-03-2025T03:35:41 - [TEST_STEP][PASSED] - Script1687405711779.Test(todaysDate): null

11-03-2025T03:35:41 - [TEST_STEP][PASSED] - delay(10): Delayed 10 second(s)

11-03-2025T03:35:51 - [MESSAGE][PASSED] - Delayed 10 second(s)

11-03-2025T03:35:51 - [TEST_STEP][FAILED] - if (verifyTextNotPresent("нет данных", false) == true): Text 'нет данных' is present on page  (Root cause: com.kms.katalon.core.exception.StepFailedException: Text 'нет данных' is present on page 
	at com.kms.katalon.core.webui.keyword.internal.WebUIKeywordMain.stepFailed(WebUIKeywordMain.groovy:64)
	at com.kms.katalon.core.webui.keyword.builtin.VerifyTextNotPresentKeyword$_verifyTextNotPresent_closure1.doCall(VerifyTextNotPresentKeyword.groovy:77)
	at com.kms.katalon.core.webui.keyword.builtin.VerifyTextNotPresentKeyword$_verifyTextNotPresent_closure1.call(VerifyTextNotPresentKeyword.groovy)
	at com.kms.katalon.core.webui.keyword.internal.WebUIKeywordMain.runKeyword(WebUIKeywordMain.groovy:20)
	at com.kms.katalon.core.webui.keyword.builtin.VerifyTextNotPresentKeyword.verifyTextNotPresent(VerifyTextNotPresentKeyword.groovy:82)
	at com.kms.katalon.core.webui.keyword.builtin.VerifyTextNotPresentKeyword.execute(VerifyTextNotPresentKeyword.groovy:68)
	at com.kms.katalon.core.keyword.internal.KeywordExecutor.executeKeywordForPlatform(KeywordExecutor.groovy:74)
	at com.kms.katalon.core.webui.keyword.WebUiBuiltInKeywords.verifyTextNotPresent(WebUiBuiltInKeywords.groovy:1795)
	at Выручка по ДЗО отображение данных все филиалы.Test(Выручка по ДЗО отображение данных все филиалы:772)
	at Выручка по ДЗО отображение данных все филиалы.Tumbler(Выручка по ДЗО отображение данных все филиалы:726)
	at Выручка по ДЗО отображение данных все филиалы.Change(Выручка по ДЗО отображение данных все филиалы:760)
	at Выручка по ДЗО отображение данных все филиалы.DzoTest(Выручка по ДЗО отображение данных все филиалы:518)
	at Выручка по ДЗО отображение данных все филиалы.run(Выручка по ДЗО отображение данных все филиалы:122)
	at com.kms.katalon.core.main.ScriptEngine.run(ScriptEngine.java:194)
	at com.kms.katalon.core.main.ScriptEngine.runScriptAsRawText(ScriptEngine.java:119)
	at com.kms.katalon.core.main.TestCaseExecutor.runScript(TestCaseExecutor.java:448)
	at com.kms.katalon.core.main.TestCaseExecutor.doExecute(TestCaseExecutor.java:439)
	at com.kms.katalon.core.main.TestCaseExecutor.processExecutionPhase(TestCaseExecutor.java:418)
	at com.kms.katalon.core.main.TestCaseExecutor.accessMainPhase(TestCaseExecutor.java:410)
	at com.kms.katalon.core.main.TestCaseExecutor.execute(TestCaseExecutor.java:285)
	at com.kms.katalon.core.common.CommonExecutor.accessTestCaseMainPhase(CommonExecutor.java:65)
	at com.kms.katalon.core.main.TestSuiteExecutor.accessTestSuiteMainPhase(TestSuiteExecutor.java:150)
	at com.kms.katalon.core.main.TestSuiteExecutor.execute(TestSuiteExecutor.java:106)
	at com.kms.katalon.core.main.TestCaseMain.startTestSuite(TestCaseMain.java:180)
	at TempTestSuite1741649958618.run(TempTestSuite1741649958618.groovy:35)
	at java.base/jdk.internal.reflect.NativeMethodAccessorImpl.invoke0(Native Method)
	at java.base/jdk.internal.reflect.NativeMethodAccessorImpl.invoke(NativeMethodAccessorImpl.java:77)
	at java.base/jdk.internal.reflect.DelegatingMethodAccessorImpl.invoke(DelegatingMethodAccessorImpl.java:43)
)

11-03-2025T03:35:51 - [MESSAGE][FAILED] - Text 'нет данных' is present on page  (Root cause: com.kms.katalon.core.exception.StepFailedException: Text 'нет данных' is present on page 
	at com.kms.katalon.core.webui.keyword.internal.WebUIKeywordMain.stepFailed(WebUIKeywordMain.groovy:64)
	at com.kms.katalon.core.webui.keyword.builtin.VerifyTextNotPresentKeyword$_verifyTextNotPresent_closure1.doCall(VerifyTextNotPresentKeyword.groovy:77)
	at com.kms.katalon.core.webui.keyword.builtin.VerifyTextNotPresentKeyword$_verifyTextNotPresent_closure1.call(VerifyTextNotPresentKeyword.groovy)
	at com.kms.katalon.core.webui.keyword.internal.WebUIKeywordMain.runKeyword(WebUIKeywordMain.groovy:20)
	at com.kms.katalon.core.webui.keyword.builtin.VerifyTextNotPresentKeyword.verifyTextNotPresent(VerifyTextNotPresentKeyword.groovy:82)
	at com.kms.katalon.core.webui.keyword.builtin.VerifyTextNotPresentKeyword.execute(VerifyTextNotPresentKeyword.groovy:68)
	at com.kms.katalon.core.keyword.internal.KeywordExecutor.executeKeywordForPlatform(KeywordExecutor.groovy:74)
	at com.kms.katalon.core.webui.keyword.WebUiBuiltInKeywords.verifyTextNotPresent(WebUiBuiltInKeywords.groovy:1795)
	at Выручка по ДЗО отображение данных все филиалы.Test(Выручка по ДЗО отображение данных все филиалы:772)
	at Выручка по ДЗО отображение данных все филиалы.Tumbler(Выручка по ДЗО отображение данных все филиалы:726)
	at Выручка по ДЗО отображение данных все филиалы.Change(Выручка по ДЗО отображение данных все филиалы:760)
	at Выручка по ДЗО отображение данных все филиалы.DzoTest(Выручка по ДЗО отображение данных все филиалы:518)
	at Выручка по ДЗО отображение данных все филиалы.run(Выручка по ДЗО отображение данных все филиалы:122)
	at com.kms.katalon.core.main.ScriptEngine.run(ScriptEngine.java:194)
	at com.kms.katalon.core.main.ScriptEngine.runScriptAsRawText(ScriptEngine.java:119)
	at com.kms.katalon.core.main.TestCaseExecutor.runScript(TestCaseExecutor.java:448)
	at com.kms.katalon.core.main.TestCaseExecutor.doExecute(TestCaseExecutor.java:439)
	at com.kms.katalon.core.main.TestCaseExecutor.processExecutionPhase(TestCaseExecutor.java:418)
	at com.kms.katalon.core.main.TestCaseExecutor.accessMainPhase(TestCaseExecutor.java:410)
	at com.kms.katalon.core.main.TestCaseExecutor.execute(TestCaseExecutor.java:285)
	at com.kms.katalon.core.common.CommonExecutor.accessTestCaseMainPhase(CommonExecutor.java:65)
	at com.kms.katalon.core.main.TestSuiteExecutor.accessTestSuiteMainPhase(TestSuiteExecutor.java:150)
	at com.kms.katalon.core.main.TestSuiteExecutor.execute(TestSuiteExecutor.java:106)
	at com.kms.katalon.core.main.TestCaseMain.startTestSuite(TestCaseMain.java:180)
	at TempTestSuite1741649958618.run(TempTestSuite1741649958618.groovy:35)
	at java.base/jdk.internal.reflect.NativeMethodAccessorImpl.invoke0(Native Method)
	at java.base/jdk.internal.reflect.NativeMethodAccessorImpl.invoke(NativeMethodAccessorImpl.java:77)
	at java.base/jdk.internal.reflect.DelegatingMethodAccessorImpl.invoke(DelegatingMethodAccessorImpl.java:43)
)

11-03-2025T03:35:51 - [TEST_STEP][PASSED] - else: null

11-03-2025T03:35:51 - [TEST_STEP][PASSED] - Script1687405711779.WriteToExcel(todaysDate): null

11-03-2025T03:35:51 - [TEST_STEP][PASSED] - sheetName = "Sheet1": null

11-03-2025T03:35:51 - [TEST_STEP][PASSED] - data = findTestData("PlanFact"): null

11-03-2025T03:35:51 - [TEST_STEP][PASSED] - n = data.getRowNumbers() + 1: null

11-03-2025T03:35:51 - [TEST_STEP][PASSED] - dZO = getText(findTestObject("Выручка по ДЗО/Фильтр ДЗО")): Text of object 'Object Repository/Выручка по ДЗО/Фильтр ДЗО' is: 'ПАО Россети - РаспредКомплекс - Россети Центр'

11-03-2025T03:35:51 - [MESSAGE][PASSED] - Text of object 'Object Repository/Выручка по ДЗО/Фильтр ДЗО' is: 'ПАО Россети - РаспредКомплекс - Россети Центр'

11-03-2025T03:35:51 - [TEST_STEP][PASSED] - period = getText(findTestObject("Выручка по ДЗО/Фильтр Дата")): Text of object 'Object Repository/Выручка по ДЗО/Фильтр Дата' is: 'Январь 2025 года'

11-03-2025T03:35:52 - [MESSAGE][PASSED] - Text of object 'Object Repository/Выручка по ДЗО/Фильтр Дата' is: 'Январь 2025 года'

11-03-2025T03:35:52 - [TEST_STEP][PASSED] - viruchka = getText(findTestObject("Выручка по ДЗО/Фильтр Выручка")): Text of object 'Object Repository/Выручка по ДЗО/Фильтр Выручка' is: 'внутренний оборот'

11-03-2025T03:35:52 - [MESSAGE][PASSED] - Text of object 'Object Repository/Выручка по ДЗО/Фильтр Выручка' is: 'внутренний оборот'

11-03-2025T03:35:52 - [TEST_STEP][PASSED] - if (viruchka == "Выбрано: 2"): null

11-03-2025T03:35:52 - [TEST_STEP][PASSED] - if (viruchka == "Все"): null

11-03-2025T03:35:52 - [TEST_STEP][PASSED] - println(period): null

11-03-2025T03:35:52 - [TEST_STEP][PASSED] - dashboardName = "Выручка по ДЗО": null

11-03-2025T03:35:52 - [TEST_STEP][PASSED] - workbook01 = getWorkbook(excelFilePath): null

11-03-2025T03:35:52 - [TEST_STEP][PASSED] - sheet01 = getExcelSheet(workbook01, sheetName): null

11-03-2025T03:35:52 - [TEST_STEP][PASSED] - setValueToCellByIndex(sheet01, n, 0, dashboardName): null

11-03-2025T03:35:52 - [TEST_STEP][PASSED] - setValueToCellByIndex(sheet01, n, 1, dZO): null

11-03-2025T03:35:52 - [TEST_STEP][PASSED] - setValueToCellByIndex(sheet01, n, 2, period): null

11-03-2025T03:35:52 - [TEST_STEP][PASSED] - setValueToCellByIndex(sheet01, n, 3, viruchka): null

11-03-2025T03:35:52 - [TEST_STEP][PASSED] - setValueToCellByIndex(sheet01, n, 4, todaysDate): null

11-03-2025T03:35:52 - [TEST_STEP][PASSED] - n = n + 1: null

11-03-2025T03:35:52 - [TEST_STEP][PASSED] - saveWorkbook(excelFilePath, workbook01): null

11-03-2025T03:35:52 - [TEST_STEP][PASSED] - click(findTestObject("Выручка по ДЗО/Фильтр Выручка")): Object: 'Object Repository/Выручка по ДЗО/Фильтр Выручка' is clicked on

11-03-2025T03:35:53 - [MESSAGE][PASSED] - Object: 'Object Repository/Выручка по ДЗО/Фильтр Выручка' is clicked on

11-03-2025T03:35:53 - [TEST_STEP][PASSED] - click(findTestObject("Выручка по ДЗО/По передаче в фильтре Выручка")): Object: 'Object Repository/Выручка по ДЗО/По передаче в фильтре Выручка' is clicked on

11-03-2025T03:35:53 - [MESSAGE][PASSED] - Object: 'Object Repository/Выручка по ДЗО/По передаче в фильтре Выручка' is clicked on

11-03-2025T03:35:53 - [TEST_STEP][PASSED] - click(findTestObject("Выручка по ДЗО/Применить в фильтре Выручка")): Object: 'Object Repository/Выручка по ДЗО/Применить в фильтре Выручка' is clicked on

11-03-2025T03:35:54 - [MESSAGE][PASSED] - Object: 'Object Repository/Выручка по ДЗО/Применить в фильтре Выручка' is clicked on

11-03-2025T03:35:54 - [TEST_STEP][PASSED] - Script1687405711779.Test(todaysDate): null

11-03-2025T03:35:54 - [TEST_STEP][PASSED] - delay(10): Delayed 10 second(s)

11-03-2025T03:36:04 - [MESSAGE][PASSED] - Delayed 10 second(s)

11-03-2025T03:36:04 - [TEST_STEP][PASSED] - if (verifyTextNotPresent("нет данных", false) == true): null

11-03-2025T03:36:04 - [MESSAGE][PASSED] - Text 'нет данных' is not present on page

11-03-2025T03:36:04 - [TEST_STEP][PASSED] - if (verifyTextNotPresent("Ошибка запроса данных", false) == true): null

11-03-2025T03:36:05 - [MESSAGE][PASSED] - Text 'Ошибка запроса данных' is not present on page

11-03-2025T03:36:05 - [TEST_STEP][PASSED] - if (verifyTextNotPresent("Произошла ошибка при выполнении пользовательского кода", false) == true): null

11-03-2025T03:36:05 - [MESSAGE][PASSED] - Text 'Произошла ошибка при выполнении пользовательского кода' is not present on page

11-03-2025T03:36:05 - [TEST_STEP][PASSED] - if (verifyTextNotPresent("У виджета нет данных", false) == true): null

11-03-2025T03:36:06 - [MESSAGE][PASSED] - Text 'У виджета нет данных' is not present on page

11-03-2025T03:36:06 - [TEST_STEP][PASSED] - if (verifyTextNotPresent("У виджета нет данных", false) == true): Text 'У виджета нет данных' is not present on page

11-03-2025T03:36:07 - [MESSAGE][PASSED] - Text 'У виджета нет данных' is not present on page

11-03-2025T03:36:07 - [TEST_STEP][PASSED] - click(findTestObject("Выручка по ДЗО/Фильтр Выручка")): Object: 'Object Repository/Выручка по ДЗО/Фильтр Выручка' is clicked on

11-03-2025T03:36:07 - [MESSAGE][PASSED] - Object: 'Object Repository/Выручка по ДЗО/Фильтр Выручка' is clicked on

11-03-2025T03:36:07 - [TEST_STEP][PASSED] - click(findTestObject("Выручка по ДЗО/Снять выделение в фильтре Выручка")): Object: 'Object Repository/Выручка по ДЗО/Снять выделение в фильтре Выручка' is clicked on

11-03-2025T03:36:07 - [MESSAGE][PASSED] - Object: 'Object Repository/Выручка по ДЗО/Снять выделение в фильтре Выручка' is clicked on

11-03-2025T03:36:07 - [TEST_STEP][PASSED] - click(findTestObject("Выручка по ДЗО/По передаче в фильтре Выручка")): Object: 'Object Repository/Выручка по ДЗО/По передаче в фильтре Выручка' is clicked on

11-03-2025T03:36:08 - [MESSAGE][PASSED] - Object: 'Object Repository/Выручка по ДЗО/По передаче в фильтре Выручка' is clicked on

11-03-2025T03:36:08 - [TEST_STEP][PASSED] - click(findTestObject("Выручка по ДЗО/Применить в фильтре Выручка")): Object: 'Object Repository/Выручка по ДЗО/Применить в фильтре Выручка' is clicked on

11-03-2025T03:36:08 - [MESSAGE][PASSED] - Object: 'Object Repository/Выручка по ДЗО/Применить в фильтре Выручка' is clicked on

11-03-2025T03:36:08 - [TEST_STEP][PASSED] - Script1687405711779.Test(todaysDate): null

11-03-2025T03:36:08 - [TEST_STEP][PASSED] - delay(10): Delayed 10 second(s)

11-03-2025T03:36:18 - [MESSAGE][PASSED] - Delayed 10 second(s)

11-03-2025T03:36:18 - [TEST_STEP][PASSED] - if (verifyTextNotPresent("нет данных", false) == true): null

11-03-2025T03:36:19 - [MESSAGE][PASSED] - Text 'нет данных' is not present on page

11-03-2025T03:36:19 - [TEST_STEP][PASSED] - if (verifyTextNotPresent("Ошибка запроса данных", false) == true): null

11-03-2025T03:36:19 - [MESSAGE][PASSED] - Text 'Ошибка запроса данных' is not present on page

11-03-2025T03:36:19 - [TEST_STEP][PASSED] - if (verifyTextNotPresent("Произошла ошибка при выполнении пользовательского кода", false) == true): null

11-03-2025T03:36:20 - [MESSAGE][PASSED] - Text 'Произошла ошибка при выполнении пользовательского кода' is not present on page

11-03-2025T03:36:20 - [TEST_STEP][PASSED] - if (verifyTextNotPresent("У виджета нет данных", false) == true): null

11-03-2025T03:36:20 - [MESSAGE][PASSED] - Text 'У виджета нет данных' is not present on page

11-03-2025T03:36:20 - [TEST_STEP][PASSED] - if (verifyTextNotPresent("У виджета нет данных", false) == true): Text 'У виджета нет данных' is not present on page

11-03-2025T03:36:21 - [MESSAGE][PASSED] - Text 'У виджета нет данных' is not present on page

11-03-2025T03:36:21 - [TEST_STEP][PASSED] - click(findTestObject("Выручка по ДЗО/Фильтр Выручка")): Object: 'Object Repository/Выручка по ДЗО/Фильтр Выручка' is clicked on

11-03-2025T03:36:21 - [MESSAGE][PASSED] - Object: 'Object Repository/Выручка по ДЗО/Фильтр Выручка' is clicked on

11-03-2025T03:36:21 - [TEST_STEP][PASSED] - click(findTestObject("Выручка по ДЗО/Снять выделение в фильтре Выручка")): Object: 'Object Repository/Выручка по ДЗО/Снять выделение в фильтре Выручка' is clicked on

11-03-2025T03:36:22 - [MESSAGE][PASSED] - Object: 'Object Repository/Выручка по ДЗО/Снять выделение в фильтре Выручка' is clicked on

11-03-2025T03:36:22 - [TEST_STEP][PASSED] - click(findTestObject("Выручка по ДЗО/Применить в фильтре Выручка")): Object: 'Object Repository/Выручка по ДЗО/Применить в фильтре Выручка' is clicked on

11-03-2025T03:36:22 - [MESSAGE][PASSED] - Object: 'Object Repository/Выручка по ДЗО/Применить в фильтре Выручка' is clicked on

11-03-2025T03:36:22 - [TEST_STEP][PASSED] - click(findTestObject("Выручка по ДЗО/Фильтр ДЗО")): Object: 'Object Repository/Выручка по ДЗО/Фильтр ДЗО' is clicked on

11-03-2025T03:36:23 - [MESSAGE][PASSED] - Object: 'Object Repository/Выручка по ДЗО/Фильтр ДЗО' is clicked on

11-03-2025T03:36:23 - [TEST_STEP][PASSED] - click(findTestObject("Выручка по ДЗО/Снять выделение в фильтре ДЗО")): Object: 'Object Repository/Выручка по ДЗО/Снять выделение в фильтре ДЗО' is clicked on

11-03-2025T03:36:23 - [MESSAGE][PASSED] - Object: 'Object Repository/Выручка по ДЗО/Снять выделение в фильтре ДЗО' is clicked on

11-03-2025T03:36:23 - [TEST_STEP][PASSED] - scrollToElement(findTestObject("Общие объекты/Раскрыть список Россети Центр"), 30): Scroll to object 'Object Repository/Общие объекты/Раскрыть список Россети Центр' successfully

11-03-2025T03:36:24 - [MESSAGE][PASSED] - Scroll to object 'Object Repository/Общие объекты/Раскрыть список Россети Центр' successfully

11-03-2025T03:36:24 - [TEST_STEP][PASSED] - click(findTestObject("Общие объекты/Раскрыть список Россети Центр"), CONTINUE_ON_FAILURE): Object: 'Object Repository/Общие объекты/Раскрыть список Россети Центр' is clicked on

11-03-2025T03:36:24 - [MESSAGE][PASSED] - Object: 'Object Repository/Общие объекты/Раскрыть список Россети Центр' is clicked on

11-03-2025T03:36:24 - [TEST_STEP][PASSED] - scrollToElement(findTestObject("Общие объекты/Белгородэнерго"), 30): Scroll to object 'Object Repository/Общие объекты/Белгородэнерго' successfully

11-03-2025T03:36:24 - [MESSAGE][PASSED] - Scroll to object 'Object Repository/Общие объекты/Белгородэнерго' successfully

11-03-2025T03:36:24 - [TEST_STEP][PASSED] - click(findTestObject("Общие объекты/Белгородэнерго"), CONTINUE_ON_FAILURE): Object: 'Object Repository/Общие объекты/Белгородэнерго' is clicked on

11-03-2025T03:36:25 - [MESSAGE][PASSED] - Object: 'Object Repository/Общие объекты/Белгородэнерго' is clicked on

11-03-2025T03:36:25 - [TEST_STEP][PASSED] - Script1687405711779.Change(todaysDate): null

11-03-2025T03:36:25 - [TEST_STEP][PASSED] - scrollToElement(findTestObject("Выручка по ДЗО/Заголовок дашборда"), 30): Scroll to object 'Object Repository/Выручка по ДЗО/Заголовок дашборда' successfully

11-03-2025T03:36:25 - [MESSAGE][PASSED] - Scroll to object 'Object Repository/Выручка по ДЗО/Заголовок дашборда' successfully

11-03-2025T03:36:25 - [TEST_STEP][PASSED] - click(findTestObject("Выручка по ДЗО/Применить в фильтре ДЗО")): Object: 'Object Repository/Выручка по ДЗО/Применить в фильтре ДЗО' is clicked on

11-03-2025T03:36:26 - [MESSAGE][PASSED] - Object: 'Object Repository/Выручка по ДЗО/Применить в фильтре ДЗО' is clicked on

11-03-2025T03:36:26 - [TEST_STEP][PASSED] - Script1687405711779.Tumbler(todaysDate): null

11-03-2025T03:36:26 - [TEST_STEP][PASSED] - Script1687405711779.Test(todaysDate): null

11-03-2025T03:36:26 - [TEST_STEP][PASSED] - delay(10): Delayed 10 second(s)

11-03-2025T03:36:36 - [MESSAGE][PASSED] - Delayed 10 second(s)

11-03-2025T03:36:36 - [TEST_STEP][PASSED] - if (verifyTextNotPresent("нет данных", false) == true): null

11-03-2025T03:36:36 - [MESSAGE][PASSED] - Text 'нет данных' is not present on page

11-03-2025T03:36:36 - [TEST_STEP][PASSED] - if (verifyTextNotPresent("Ошибка запроса данных", false) == true): null

11-03-2025T03:36:37 - [MESSAGE][PASSED] - Text 'Ошибка запроса данных' is not present on page

11-03-2025T03:36:37 - [TEST_STEP][PASSED] - if (verifyTextNotPresent("Произошла ошибка при выполнении пользовательского кода", false) == true): null

11-03-2025T03:36:37 - [MESSAGE][PASSED] - Text 'Произошла ошибка при выполнении пользовательского кода' is not present on page

11-03-2025T03:36:37 - [TEST_STEP][PASSED] - if (verifyTextNotPresent("У виджета нет данных", false) == true): null

11-03-2025T03:36:38 - [MESSAGE][PASSED] - Text 'У виджета нет данных' is not present on page

11-03-2025T03:36:38 - [TEST_STEP][PASSED] - if (verifyTextNotPresent("У виджета нет данных", false) == true): Text 'У виджета нет данных' is not present on page

11-03-2025T03:36:38 - [MESSAGE][PASSED] - Text 'У виджета нет данных' is not present on page

11-03-2025T03:36:38 - [TEST_STEP][PASSED] - click(findTestObject("Выручка по ДЗО/Фильтр Выручка")): Object: 'Object Repository/Выручка по ДЗО/Фильтр Выручка' is clicked on

11-03-2025T03:36:39 - [MESSAGE][PASSED] - Object: 'Object Repository/Выручка по ДЗО/Фильтр Выручка' is clicked on

11-03-2025T03:36:39 - [TEST_STEP][PASSED] - click(findTestObject("Выручка по ДЗО/Внутренний оборот в фильтре Выручка")): Object: 'Object Repository/Выручка по ДЗО/Внутренний оборот в фильтре Выручка' is clicked on

11-03-2025T03:36:39 - [MESSAGE][PASSED] - Object: 'Object Repository/Выручка по ДЗО/Внутренний оборот в фильтре Выручка' is clicked on

11-03-2025T03:36:39 - [TEST_STEP][PASSED] - click(findTestObject("Выручка по ДЗО/Применить в фильтре Выручка")): Object: 'Object Repository/Выручка по ДЗО/Применить в фильтре Выручка' is clicked on

11-03-2025T03:36:40 - [MESSAGE][PASSED] - Object: 'Object Repository/Выручка по ДЗО/Применить в фильтре Выручка' is clicked on

11-03-2025T03:36:40 - [TEST_STEP][PASSED] - Script1687405711779.Test(todaysDate): null

11-03-2025T03:36:40 - [TEST_STEP][PASSED] - delay(10): Delayed 10 second(s)

11-03-2025T03:36:50 - [MESSAGE][PASSED] - Delayed 10 second(s)

11-03-2025T03:36:50 - [TEST_STEP][FAILED] - if (verifyTextNotPresent("нет данных", false) == true): Text 'нет данных' is present on page  (Root cause: com.kms.katalon.core.exception.StepFailedException: Text 'нет данных' is present on page 
	at com.kms.katalon.core.webui.keyword.internal.WebUIKeywordMain.stepFailed(WebUIKeywordMain.groovy:64)
	at com.kms.katalon.core.webui.keyword.builtin.VerifyTextNotPresentKeyword$_verifyTextNotPresent_closure1.doCall(VerifyTextNotPresentKeyword.groovy:77)
	at com.kms.katalon.core.webui.keyword.builtin.VerifyTextNotPresentKeyword$_verifyTextNotPresent_closure1.call(VerifyTextNotPresentKeyword.groovy)
	at com.kms.katalon.core.webui.keyword.internal.WebUIKeywordMain.runKeyword(WebUIKeywordMain.groovy:20)
	at com.kms.katalon.core.webui.keyword.builtin.VerifyTextNotPresentKeyword.verifyTextNotPresent(VerifyTextNotPresentKeyword.groovy:82)
	at com.kms.katalon.core.webui.keyword.builtin.VerifyTextNotPresentKeyword.execute(VerifyTextNotPresentKeyword.groovy:68)
	at com.kms.katalon.core.keyword.internal.KeywordExecutor.executeKeywordForPlatform(KeywordExecutor.groovy:74)
	at com.kms.katalon.core.webui.keyword.WebUiBuiltInKeywords.verifyTextNotPresent(WebUiBuiltInKeywords.groovy:1795)
	at Выручка по ДЗО отображение данных все филиалы.Test(Выручка по ДЗО отображение данных все филиалы:772)
	at Выручка по ДЗО отображение данных все филиалы.Tumbler(Выручка по ДЗО отображение данных все филиалы:726)
	at Выручка по ДЗО отображение данных все филиалы.Change(Выручка по ДЗО отображение данных все филиалы:760)
	at Выручка по ДЗО отображение данных все филиалы.DzoTest(Выручка по ДЗО отображение данных все филиалы:528)
	at Выручка по ДЗО отображение данных все филиалы.run(Выручка по ДЗО отображение данных все филиалы:122)
	at com.kms.katalon.core.main.ScriptEngine.run(ScriptEngine.java:194)
	at com.kms.katalon.core.main.ScriptEngine.runScriptAsRawText(ScriptEngine.java:119)
	at com.kms.katalon.core.main.TestCaseExecutor.runScript(TestCaseExecutor.java:448)
	at com.kms.katalon.core.main.TestCaseExecutor.doExecute(TestCaseExecutor.java:439)
	at com.kms.katalon.core.main.TestCaseExecutor.processExecutionPhase(TestCaseExecutor.java:418)
	at com.kms.katalon.core.main.TestCaseExecutor.accessMainPhase(TestCaseExecutor.java:410)
	at com.kms.katalon.core.main.TestCaseExecutor.execute(TestCaseExecutor.java:285)
	at com.kms.katalon.core.common.CommonExecutor.accessTestCaseMainPhase(CommonExecutor.java:65)
	at com.kms.katalon.core.main.TestSuiteExecutor.accessTestSuiteMainPhase(TestSuiteExecutor.java:150)
	at com.kms.katalon.core.main.TestSuiteExecutor.execute(TestSuiteExecutor.java:106)
	at com.kms.katalon.core.main.TestCaseMain.startTestSuite(TestCaseMain.java:180)
	at TempTestSuite1741649958618.run(TempTestSuite1741649958618.groovy:35)
	at java.base/jdk.internal.reflect.NativeMethodAccessorImpl.invoke0(Native Method)
	at java.base/jdk.internal.reflect.NativeMethodAccessorImpl.invoke(NativeMethodAccessorImpl.java:77)
	at java.base/jdk.internal.reflect.DelegatingMethodAccessorImpl.invoke(DelegatingMethodAccessorImpl.java:43)
)

11-03-2025T03:36:50 - [MESSAGE][FAILED] - Text 'нет данных' is present on page  (Root cause: com.kms.katalon.core.exception.StepFailedException: Text 'нет данных' is present on page 
	at com.kms.katalon.core.webui.keyword.internal.WebUIKeywordMain.stepFailed(WebUIKeywordMain.groovy:64)
	at com.kms.katalon.core.webui.keyword.builtin.VerifyTextNotPresentKeyword$_verifyTextNotPresent_closure1.doCall(VerifyTextNotPresentKeyword.groovy:77)
	at com.kms.katalon.core.webui.keyword.builtin.VerifyTextNotPresentKeyword$_verifyTextNotPresent_closure1.call(VerifyTextNotPresentKeyword.groovy)
	at com.kms.katalon.core.webui.keyword.internal.WebUIKeywordMain.runKeyword(WebUIKeywordMain.groovy:20)
	at com.kms.katalon.core.webui.keyword.builtin.VerifyTextNotPresentKeyword.verifyTextNotPresent(VerifyTextNotPresentKeyword.groovy:82)
	at com.kms.katalon.core.webui.keyword.builtin.VerifyTextNotPresentKeyword.execute(VerifyTextNotPresentKeyword.groovy:68)
	at com.kms.katalon.core.keyword.internal.KeywordExecutor.executeKeywordForPlatform(KeywordExecutor.groovy:74)
	at com.kms.katalon.core.webui.keyword.WebUiBuiltInKeywords.verifyTextNotPresent(WebUiBuiltInKeywords.groovy:1795)
	at Выручка по ДЗО отображение данных все филиалы.Test(Выручка по ДЗО отображение данных все филиалы:772)
	at Выручка по ДЗО отображение данных все филиалы.Tumbler(Выручка по ДЗО отображение данных все филиалы:726)
	at Выручка по ДЗО отображение данных все филиалы.Change(Выручка по ДЗО отображение данных все филиалы:760)
	at Выручка по ДЗО отображение данных все филиалы.DzoTest(Выручка по ДЗО отображение данных все филиалы:528)
	at Выручка по ДЗО отображение данных все филиалы.run(Выручка по ДЗО отображение данных все филиалы:122)
	at com.kms.katalon.core.main.ScriptEngine.run(ScriptEngine.java:194)
	at com.kms.katalon.core.main.ScriptEngine.runScriptAsRawText(ScriptEngine.java:119)
	at com.kms.katalon.core.main.TestCaseExecutor.runScript(TestCaseExecutor.java:448)
	at com.kms.katalon.core.main.TestCaseExecutor.doExecute(TestCaseExecutor.java:439)
	at com.kms.katalon.core.main.TestCaseExecutor.processExecutionPhase(TestCaseExecutor.java:418)
	at com.kms.katalon.core.main.TestCaseExecutor.accessMainPhase(TestCaseExecutor.java:410)
	at com.kms.katalon.core.main.TestCaseExecutor.execute(TestCaseExecutor.java:285)
	at com.kms.katalon.core.common.CommonExecutor.accessTestCaseMainPhase(CommonExecutor.java:65)
	at com.kms.katalon.core.main.TestSuiteExecutor.accessTestSuiteMainPhase(TestSuiteExecutor.java:150)
	at com.kms.katalon.core.main.TestSuiteExecutor.execute(TestSuiteExecutor.java:106)
	at com.kms.katalon.core.main.TestCaseMain.startTestSuite(TestCaseMain.java:180)
	at TempTestSuite1741649958618.run(TempTestSuite1741649958618.groovy:35)
	at java.base/jdk.internal.reflect.NativeMethodAccessorImpl.invoke0(Native Method)
	at java.base/jdk.internal.reflect.NativeMethodAccessorImpl.invoke(NativeMethodAccessorImpl.java:77)
	at java.base/jdk.internal.reflect.DelegatingMethodAccessorImpl.invoke(DelegatingMethodAccessorImpl.java:43)
)

11-03-2025T03:36:50 - [TEST_STEP][PASSED] - else: null

11-03-2025T03:36:50 - [TEST_STEP][PASSED] - Script1687405711779.WriteToExcel(todaysDate): null

11-03-2025T03:36:50 - [TEST_STEP][PASSED] - sheetName = "Sheet1": null

11-03-2025T03:36:50 - [TEST_STEP][PASSED] - data = findTestData("PlanFact"): null

11-03-2025T03:36:50 - [TEST_STEP][PASSED] - n = data.getRowNumbers() + 1: null

11-03-2025T03:36:50 - [TEST_STEP][PASSED] - dZO = getText(findTestObject("Выручка по ДЗО/Фильтр ДЗО")): Text of object 'Object Repository/Выручка по ДЗО/Фильтр ДЗО' is: 'ПАО Россети - РаспредКомплекс - Россети Центр - Белгородэнерго'

11-03-2025T03:36:51 - [MESSAGE][PASSED] - Text of object 'Object Repository/Выручка по ДЗО/Фильтр ДЗО' is: 'ПАО Россети - РаспредКомплекс - Россети Центр - Белгородэнерго'

11-03-2025T03:36:51 - [TEST_STEP][PASSED] - period = getText(findTestObject("Выручка по ДЗО/Фильтр Дата")): Text of object 'Object Repository/Выручка по ДЗО/Фильтр Дата' is: 'Январь 2025 года'

11-03-2025T03:36:51 - [MESSAGE][PASSED] - Text of object 'Object Repository/Выручка по ДЗО/Фильтр Дата' is: 'Январь 2025 года'

11-03-2025T03:36:51 - [TEST_STEP][PASSED] - viruchka = getText(findTestObject("Выручка по ДЗО/Фильтр Выручка")): Text of object 'Object Repository/Выручка по ДЗО/Фильтр Выручка' is: 'внутренний оборот'

11-03-2025T03:36:51 - [MESSAGE][PASSED] - Text of object 'Object Repository/Выручка по ДЗО/Фильтр Выручка' is: 'внутренний оборот'

11-03-2025T03:36:51 - [TEST_STEP][PASSED] - if (viruchka == "Выбрано: 2"): null

11-03-2025T03:36:51 - [TEST_STEP][PASSED] - if (viruchka == "Все"): null

11-03-2025T03:36:51 - [TEST_STEP][PASSED] - println(period): null

11-03-2025T03:36:51 - [TEST_STEP][PASSED] - dashboardName = "Выручка по ДЗО": null

11-03-2025T03:36:51 - [TEST_STEP][PASSED] - workbook01 = getWorkbook(excelFilePath): null

11-03-2025T03:36:51 - [TEST_STEP][PASSED] - sheet01 = getExcelSheet(workbook01, sheetName): null

11-03-2025T03:36:51 - [TEST_STEP][PASSED] - setValueToCellByIndex(sheet01, n, 0, dashboardName): null

11-03-2025T03:36:51 - [TEST_STEP][PASSED] - setValueToCellByIndex(sheet01, n, 1, dZO): null

11-03-2025T03:36:51 - [TEST_STEP][PASSED] - setValueToCellByIndex(sheet01, n, 2, period): null

11-03-2025T03:36:51 - [TEST_STEP][PASSED] - setValueToCellByIndex(sheet01, n, 3, viruchka): null

11-03-2025T03:36:51 - [TEST_STEP][PASSED] - setValueToCellByIndex(sheet01, n, 4, todaysDate): null

11-03-2025T03:36:51 - [TEST_STEP][PASSED] - n = n + 1: null

11-03-2025T03:36:51 - [TEST_STEP][PASSED] - saveWorkbook(excelFilePath, workbook01): null

11-03-2025T03:36:52 - [TEST_STEP][PASSED] - click(findTestObject("Выручка по ДЗО/Фильтр Выручка")): Object: 'Object Repository/Выручка по ДЗО/Фильтр Выручка' is clicked on

11-03-2025T03:36:52 - [MESSAGE][PASSED] - Object: 'Object Repository/Выручка по ДЗО/Фильтр Выручка' is clicked on

11-03-2025T03:36:52 - [TEST_STEP][PASSED] - click(findTestObject("Выручка по ДЗО/По передаче в фильтре Выручка")): Object: 'Object Repository/Выручка по ДЗО/По передаче в фильтре Выручка' is clicked on

11-03-2025T03:36:52 - [MESSAGE][PASSED] - Object: 'Object Repository/Выручка по ДЗО/По передаче в фильтре Выручка' is clicked on

11-03-2025T03:36:52 - [TEST_STEP][PASSED] - click(findTestObject("Выручка по ДЗО/Применить в фильтре Выручка")): Object: 'Object Repository/Выручка по ДЗО/Применить в фильтре Выручка' is clicked on

11-03-2025T03:36:53 - [MESSAGE][PASSED] - Object: 'Object Repository/Выручка по ДЗО/Применить в фильтре Выручка' is clicked on

11-03-2025T03:36:53 - [TEST_STEP][PASSED] - Script1687405711779.Test(todaysDate): null

11-03-2025T03:36:53 - [TEST_STEP][PASSED] - delay(10): Delayed 10 second(s)

11-03-2025T03:37:03 - [MESSAGE][PASSED] - Delayed 10 second(s)

11-03-2025T03:37:03 - [TEST_STEP][PASSED] - if (verifyTextNotPresent("нет данных", false) == true): null

11-03-2025T03:37:04 - [MESSAGE][PASSED] - Text 'нет данных' is not present on page

11-03-2025T03:37:04 - [TEST_STEP][PASSED] - if (verifyTextNotPresent("Ошибка запроса данных", false) == true): null

11-03-2025T03:37:04 - [MESSAGE][PASSED] - Text 'Ошибка запроса данных' is not present on page

11-03-2025T03:37:04 - [TEST_STEP][PASSED] - if (verifyTextNotPresent("Произошла ошибка при выполнении пользовательского кода", false) == true): null

11-03-2025T03:37:04 - [MESSAGE][PASSED] - Text 'Произошла ошибка при выполнении пользовательского кода' is not present on page

11-03-2025T03:37:04 - [TEST_STEP][PASSED] - if (verifyTextNotPresent("У виджета нет данных", false) == true): null

11-03-2025T03:37:05 - [MESSAGE][PASSED] - Text 'У виджета нет данных' is not present on page

11-03-2025T03:37:05 - [TEST_STEP][PASSED] - if (verifyTextNotPresent("У виджета нет данных", false) == true): Text 'У виджета нет данных' is not present on page

11-03-2025T03:37:06 - [MESSAGE][PASSED] - Text 'У виджета нет данных' is not present on page

11-03-2025T03:37:06 - [TEST_STEP][PASSED] - click(findTestObject("Выручка по ДЗО/Фильтр Выручка")): Object: 'Object Repository/Выручка по ДЗО/Фильтр Выручка' is clicked on

11-03-2025T03:37:06 - [MESSAGE][PASSED] - Object: 'Object Repository/Выручка по ДЗО/Фильтр Выручка' is clicked on

11-03-2025T03:37:06 - [TEST_STEP][PASSED] - click(findTestObject("Выручка по ДЗО/Снять выделение в фильтре Выручка")): Object: 'Object Repository/Выручка по ДЗО/Снять выделение в фильтре Выручка' is clicked on

11-03-2025T03:37:06 - [MESSAGE][PASSED] - Object: 'Object Repository/Выручка по ДЗО/Снять выделение в фильтре Выручка' is clicked on

11-03-2025T03:37:06 - [TEST_STEP][PASSED] - click(findTestObject("Выручка по ДЗО/По передаче в фильтре Выручка")): Object: 'Object Repository/Выручка по ДЗО/По передаче в фильтре Выручка' is clicked on

11-03-2025T03:37:07 - [MESSAGE][PASSED] - Object: 'Object Repository/Выручка по ДЗО/По передаче в фильтре Выручка' is clicked on

11-03-2025T03:37:07 - [TEST_STEP][PASSED] - click(findTestObject("Выручка по ДЗО/Применить в фильтре Выручка")): Object: 'Object Repository/Выручка по ДЗО/Применить в фильтре Выручка' is clicked on

11-03-2025T03:37:07 - [MESSAGE][PASSED] - Object: 'Object Repository/Выручка по ДЗО/Применить в фильтре Выручка' is clicked on

11-03-2025T03:37:07 - [TEST_STEP][PASSED] - Script1687405711779.Test(todaysDate): null

11-03-2025T03:37:07 - [TEST_STEP][PASSED] - delay(10): Delayed 10 second(s)

11-03-2025T03:37:17 - [MESSAGE][PASSED] - Delayed 10 second(s)

11-03-2025T03:37:17 - [TEST_STEP][PASSED] - if (verifyTextNotPresent("нет данных", false) == true): null

11-03-2025T03:37:18 - [MESSAGE][PASSED] - Text 'нет данных' is not present on page

11-03-2025T03:37:18 - [TEST_STEP][PASSED] - if (verifyTextNotPresent("Ошибка запроса данных", false) == true): null

11-03-2025T03:37:18 - [MESSAGE][PASSED] - Text 'Ошибка запроса данных' is not present on page

11-03-2025T03:37:18 - [TEST_STEP][PASSED] - if (verifyTextNotPresent("Произошла ошибка при выполнении пользовательского кода", false) == true): null

11-03-2025T03:37:19 - [MESSAGE][PASSED] - Text 'Произошла ошибка при выполнении пользовательского кода' is not present on page

11-03-2025T03:37:19 - [TEST_STEP][PASSED] - if (verifyTextNotPresent("У виджета нет данных", false) == true): null

11-03-2025T03:37:19 - [MESSAGE][PASSED] - Text 'У виджета нет данных' is not present on page

11-03-2025T03:37:19 - [TEST_STEP][PASSED] - if (verifyTextNotPresent("У виджета нет данных", false) == true): Text 'У виджета нет данных' is not present on page

11-03-2025T03:37:20 - [MESSAGE][PASSED] - Text 'У виджета нет данных' is not present on page

11-03-2025T03:37:20 - [TEST_STEP][PASSED] - click(findTestObject("Выручка по ДЗО/Фильтр Выручка")): Object: 'Object Repository/Выручка по ДЗО/Фильтр Выручка' is clicked on

11-03-2025T03:37:20 - [MESSAGE][PASSED] - Object: 'Object Repository/Выручка по ДЗО/Фильтр Выручка' is clicked on

11-03-2025T03:37:20 - [TEST_STEP][PASSED] - click(findTestObject("Выручка по ДЗО/Снять выделение в фильтре Выручка")): Object: 'Object Repository/Выручка по ДЗО/Снять выделение в фильтре Выручка' is clicked on

11-03-2025T03:37:21 - [MESSAGE][PASSED] - Object: 'Object Repository/Выручка по ДЗО/Снять выделение в фильтре Выручка' is clicked on

11-03-2025T03:37:21 - [TEST_STEP][PASSED] - click(findTestObject("Выручка по ДЗО/Применить в фильтре Выручка")): Object: 'Object Repository/Выручка по ДЗО/Применить в фильтре Выручка' is clicked on

11-03-2025T03:37:21 - [MESSAGE][PASSED] - Object: 'Object Repository/Выручка по ДЗО/Применить в фильтре Выручка' is clicked on

11-03-2025T03:37:21 - [TEST_STEP][PASSED] - click(findTestObject("Выручка по ДЗО/Фильтр ДЗО")): Object: 'Object Repository/Выручка по ДЗО/Фильтр ДЗО' is clicked on

11-03-2025T03:37:22 - [MESSAGE][PASSED] - Object: 'Object Repository/Выручка по ДЗО/Фильтр ДЗО' is clicked on

11-03-2025T03:37:22 - [TEST_STEP][PASSED] - click(findTestObject("Выручка по ДЗО/Снять выделение в фильтре ДЗО")): Object: 'Object Repository/Выручка по ДЗО/Снять выделение в фильтре ДЗО' is clicked on

11-03-2025T03:37:23 - [MESSAGE][PASSED] - Object: 'Object Repository/Выручка по ДЗО/Снять выделение в фильтре ДЗО' is clicked on

11-03-2025T03:37:23 - [TEST_STEP][PASSED] - scrollToElement(findTestObject("Общие объекты/Брянскэнерго"), 30): Scroll to object 'Object Repository/Общие объекты/Брянскэнерго' successfully

11-03-2025T03:37:23 - [MESSAGE][PASSED] - Scroll to object 'Object Repository/Общие объекты/Брянскэнерго' successfully

11-03-2025T03:37:23 - [TEST_STEP][PASSED] - click(findTestObject("Общие объекты/Брянскэнерго"), CONTINUE_ON_FAILURE): Object: 'Object Repository/Общие объекты/Брянскэнерго' is clicked on

11-03-2025T03:37:23 - [MESSAGE][PASSED] - Object: 'Object Repository/Общие объекты/Брянскэнерго' is clicked on

11-03-2025T03:37:23 - [TEST_STEP][PASSED] - Script1687405711779.Change(todaysDate): null

11-03-2025T03:37:23 - [TEST_STEP][PASSED] - scrollToElement(findTestObject("Выручка по ДЗО/Заголовок дашборда"), 30): Scroll to object 'Object Repository/Выручка по ДЗО/Заголовок дашборда' successfully

11-03-2025T03:37:24 - [MESSAGE][PASSED] - Scroll to object 'Object Repository/Выручка по ДЗО/Заголовок дашборда' successfully

11-03-2025T03:37:24 - [TEST_STEP][PASSED] - click(findTestObject("Выручка по ДЗО/Применить в фильтре ДЗО")): Object: 'Object Repository/Выручка по ДЗО/Применить в фильтре ДЗО' is clicked on

11-03-2025T03:37:24 - [MESSAGE][PASSED] - Object: 'Object Repository/Выручка по ДЗО/Применить в фильтре ДЗО' is clicked on

11-03-2025T03:37:24 - [TEST_STEP][PASSED] - Script1687405711779.Tumbler(todaysDate): null

11-03-2025T03:37:24 - [TEST_STEP][PASSED] - Script1687405711779.Test(todaysDate): null

11-03-2025T03:37:24 - [TEST_STEP][PASSED] - delay(10): Delayed 10 second(s)

11-03-2025T03:37:35 - [MESSAGE][PASSED] - Delayed 10 second(s)

11-03-2025T03:37:35 - [TEST_STEP][PASSED] - if (verifyTextNotPresent("нет данных", false) == true): null

11-03-2025T03:37:35 - [MESSAGE][PASSED] - Text 'нет данных' is not present on page

11-03-2025T03:37:35 - [TEST_STEP][PASSED] - if (verifyTextNotPresent("Ошибка запроса данных", false) == true): null

11-03-2025T03:37:36 - [MESSAGE][PASSED] - Text 'Ошибка запроса данных' is not present on page

11-03-2025T03:37:36 - [TEST_STEP][PASSED] - if (verifyTextNotPresent("Произошла ошибка при выполнении пользовательского кода", false) == true): null

11-03-2025T03:37:36 - [MESSAGE][PASSED] - Text 'Произошла ошибка при выполнении пользовательского кода' is not present on page

11-03-2025T03:37:36 - [TEST_STEP][PASSED] - if (verifyTextNotPresent("У виджета нет данных", false) == true): null

11-03-2025T03:37:37 - [MESSAGE][PASSED] - Text 'У виджета нет данных' is not present on page

11-03-2025T03:37:37 - [TEST_STEP][PASSED] - if (verifyTextNotPresent("У виджета нет данных", false) == true): Text 'У виджета нет данных' is not present on page

11-03-2025T03:37:37 - [MESSAGE][PASSED] - Text 'У виджета нет данных' is not present on page

11-03-2025T03:37:37 - [TEST_STEP][PASSED] - click(findTestObject("Выручка по ДЗО/Фильтр Выручка")): Object: 'Object Repository/Выручка по ДЗО/Фильтр Выручка' is clicked on

11-03-2025T03:37:37 - [MESSAGE][PASSED] - Object: 'Object Repository/Выручка по ДЗО/Фильтр Выручка' is clicked on

11-03-2025T03:37:37 - [TEST_STEP][PASSED] - click(findTestObject("Выручка по ДЗО/Внутренний оборот в фильтре Выручка")): Object: 'Object Repository/Выручка по ДЗО/Внутренний оборот в фильтре Выручка' is clicked on

11-03-2025T03:37:38 - [MESSAGE][PASSED] - Object: 'Object Repository/Выручка по ДЗО/Внутренний оборот в фильтре Выручка' is clicked on

11-03-2025T03:37:38 - [TEST_STEP][PASSED] - click(findTestObject("Выручка по ДЗО/Применить в фильтре Выручка")): Object: 'Object Repository/Выручка по ДЗО/Применить в фильтре Выручка' is clicked on

11-03-2025T03:37:39 - [MESSAGE][PASSED] - Object: 'Object Repository/Выручка по ДЗО/Применить в фильтре Выручка' is clicked on

11-03-2025T03:37:39 - [TEST_STEP][PASSED] - Script1687405711779.Test(todaysDate): null

11-03-2025T03:37:39 - [TEST_STEP][PASSED] - delay(10): Delayed 10 second(s)

11-03-2025T03:37:49 - [MESSAGE][PASSED] - Delayed 10 second(s)

11-03-2025T03:37:49 - [TEST_STEP][FAILED] - if (verifyTextNotPresent("нет данных", false) == true): Text 'нет данных' is present on page  (Root cause: com.kms.katalon.core.exception.StepFailedException: Text 'нет данных' is present on page 
	at com.kms.katalon.core.webui.keyword.internal.WebUIKeywordMain.stepFailed(WebUIKeywordMain.groovy:64)
	at com.kms.katalon.core.webui.keyword.builtin.VerifyTextNotPresentKeyword$_verifyTextNotPresent_closure1.doCall(VerifyTextNotPresentKeyword.groovy:77)
	at com.kms.katalon.core.webui.keyword.builtin.VerifyTextNotPresentKeyword$_verifyTextNotPresent_closure1.call(VerifyTextNotPresentKeyword.groovy)
	at com.kms.katalon.core.webui.keyword.internal.WebUIKeywordMain.runKeyword(WebUIKeywordMain.groovy:20)
	at com.kms.katalon.core.webui.keyword.builtin.VerifyTextNotPresentKeyword.verifyTextNotPresent(VerifyTextNotPresentKeyword.groovy:82)
	at com.kms.katalon.core.webui.keyword.builtin.VerifyTextNotPresentKeyword.execute(VerifyTextNotPresentKeyword.groovy:68)
	at com.kms.katalon.core.keyword.internal.KeywordExecutor.executeKeywordForPlatform(KeywordExecutor.groovy:74)
	at com.kms.katalon.core.webui.keyword.WebUiBuiltInKeywords.verifyTextNotPresent(WebUiBuiltInKeywords.groovy:1795)
	at Выручка по ДЗО отображение данных все филиалы.Test(Выручка по ДЗО отображение данных все филиалы:772)
	at Выручка по ДЗО отображение данных все филиалы.Tumbler(Выручка по ДЗО отображение данных все филиалы:726)
	at Выручка по ДЗО отображение данных все филиалы.Change(Выручка по ДЗО отображение данных все филиалы:760)
	at Выручка по ДЗО отображение данных все филиалы.DzoTest(Выручка по ДЗО отображение данных все филиалы:534)
	at Выручка по ДЗО отображение данных все филиалы.run(Выручка по ДЗО отображение данных все филиалы:122)
	at com.kms.katalon.core.main.ScriptEngine.run(ScriptEngine.java:194)
	at com.kms.katalon.core.main.ScriptEngine.runScriptAsRawText(ScriptEngine.java:119)
	at com.kms.katalon.core.main.TestCaseExecutor.runScript(TestCaseExecutor.java:448)
	at com.kms.katalon.core.main.TestCaseExecutor.doExecute(TestCaseExecutor.java:439)
	at com.kms.katalon.core.main.TestCaseExecutor.processExecutionPhase(TestCaseExecutor.java:418)
	at com.kms.katalon.core.main.TestCaseExecutor.accessMainPhase(TestCaseExecutor.java:410)
	at com.kms.katalon.core.main.TestCaseExecutor.execute(TestCaseExecutor.java:285)
	at com.kms.katalon.core.common.CommonExecutor.accessTestCaseMainPhase(CommonExecutor.java:65)
	at com.kms.katalon.core.main.TestSuiteExecutor.accessTestSuiteMainPhase(TestSuiteExecutor.java:150)
	at com.kms.katalon.core.main.TestSuiteExecutor.execute(TestSuiteExecutor.java:106)
	at com.kms.katalon.core.main.TestCaseMain.startTestSuite(TestCaseMain.java:180)
	at TempTestSuite1741649958618.run(TempTestSuite1741649958618.groovy:35)
	at java.base/jdk.internal.reflect.NativeMethodAccessorImpl.invoke0(Native Method)
	at java.base/jdk.internal.reflect.NativeMethodAccessorImpl.invoke(NativeMethodAccessorImpl.java:77)
	at java.base/jdk.internal.reflect.DelegatingMethodAccessorImpl.invoke(DelegatingMethodAccessorImpl.java:43)
)

11-03-2025T03:37:49 - [MESSAGE][FAILED] - Text 'нет данных' is present on page  (Root cause: com.kms.katalon.core.exception.StepFailedException: Text 'нет данных' is present on page 
	at com.kms.katalon.core.webui.keyword.internal.WebUIKeywordMain.stepFailed(WebUIKeywordMain.groovy:64)
	at com.kms.katalon.core.webui.keyword.builtin.VerifyTextNotPresentKeyword$_verifyTextNotPresent_closure1.doCall(VerifyTextNotPresentKeyword.groovy:77)
	at com.kms.katalon.core.webui.keyword.builtin.VerifyTextNotPresentKeyword$_verifyTextNotPresent_closure1.call(VerifyTextNotPresentKeyword.groovy)
	at com.kms.katalon.core.webui.keyword.internal.WebUIKeywordMain.runKeyword(WebUIKeywordMain.groovy:20)
	at com.kms.katalon.core.webui.keyword.builtin.VerifyTextNotPresentKeyword.verifyTextNotPresent(VerifyTextNotPresentKeyword.groovy:82)
	at com.kms.katalon.core.webui.keyword.builtin.VerifyTextNotPresentKeyword.execute(VerifyTextNotPresentKeyword.groovy:68)
	at com.kms.katalon.core.keyword.internal.KeywordExecutor.executeKeywordForPlatform(KeywordExecutor.groovy:74)
	at com.kms.katalon.core.webui.keyword.WebUiBuiltInKeywords.verifyTextNotPresent(WebUiBuiltInKeywords.groovy:1795)
	at Выручка по ДЗО отображение данных все филиалы.Test(Выручка по ДЗО отображение данных все филиалы:772)
	at Выручка по ДЗО отображение данных все филиалы.Tumbler(Выручка по ДЗО отображение данных все филиалы:726)
	at Выручка по ДЗО отображение данных все филиалы.Change(Выручка по ДЗО отображение данных все филиалы:760)
	at Выручка по ДЗО отображение данных все филиалы.DzoTest(Выручка по ДЗО отображение данных все филиалы:534)
	at Выручка по ДЗО отображение данных все филиалы.run(Выручка по ДЗО отображение данных все филиалы:122)
	at com.kms.katalon.core.main.ScriptEngine.run(ScriptEngine.java:194)
	at com.kms.katalon.core.main.ScriptEngine.runScriptAsRawText(ScriptEngine.java:119)
	at com.kms.katalon.core.main.TestCaseExecutor.runScript(TestCaseExecutor.java:448)
	at com.kms.katalon.core.main.TestCaseExecutor.doExecute(TestCaseExecutor.java:439)
	at com.kms.katalon.core.main.TestCaseExecutor.processExecutionPhase(TestCaseExecutor.java:418)
	at com.kms.katalon.core.main.TestCaseExecutor.accessMainPhase(TestCaseExecutor.java:410)
	at com.kms.katalon.core.main.TestCaseExecutor.execute(TestCaseExecutor.java:285)
	at com.kms.katalon.core.common.CommonExecutor.accessTestCaseMainPhase(CommonExecutor.java:65)
	at com.kms.katalon.core.main.TestSuiteExecutor.accessTestSuiteMainPhase(TestSuiteExecutor.java:150)
	at com.kms.katalon.core.main.TestSuiteExecutor.execute(TestSuiteExecutor.java:106)
	at com.kms.katalon.core.main.TestCaseMain.startTestSuite(TestCaseMain.java:180)
	at TempTestSuite1741649958618.run(TempTestSuite1741649958618.groovy:35)
	at java.base/jdk.internal.reflect.NativeMethodAccessorImpl.invoke0(Native Method)
	at java.base/jdk.internal.reflect.NativeMethodAccessorImpl.invoke(NativeMethodAccessorImpl.java:77)
	at java.base/jdk.internal.reflect.DelegatingMethodAccessorImpl.invoke(DelegatingMethodAccessorImpl.java:43)
)

11-03-2025T03:37:49 - [TEST_STEP][PASSED] - else: null

11-03-2025T03:37:49 - [TEST_STEP][PASSED] - Script1687405711779.WriteToExcel(todaysDate): null

11-03-2025T03:37:49 - [TEST_STEP][PASSED] - sheetName = "Sheet1": null

11-03-2025T03:37:49 - [TEST_STEP][PASSED] - data = findTestData("PlanFact"): null

11-03-2025T03:37:49 - [TEST_STEP][PASSED] - n = data.getRowNumbers() + 1: null

11-03-2025T03:37:49 - [TEST_STEP][PASSED] - dZO = getText(findTestObject("Выручка по ДЗО/Фильтр ДЗО")): Text of object 'Object Repository/Выручка по ДЗО/Фильтр ДЗО' is: 'ПАО Россети - РаспредКомплекс - Россети Центр - Брянскэнерго'

11-03-2025T03:37:49 - [MESSAGE][PASSED] - Text of object 'Object Repository/Выручка по ДЗО/Фильтр ДЗО' is: 'ПАО Россети - РаспредКомплекс - Россети Центр - Брянскэнерго'

11-03-2025T03:37:49 - [TEST_STEP][PASSED] - period = getText(findTestObject("Выручка по ДЗО/Фильтр Дата")): Text of object 'Object Repository/Выручка по ДЗО/Фильтр Дата' is: 'Январь 2025 года'

11-03-2025T03:37:50 - [MESSAGE][PASSED] - Text of object 'Object Repository/Выручка по ДЗО/Фильтр Дата' is: 'Январь 2025 года'

11-03-2025T03:37:50 - [TEST_STEP][PASSED] - viruchka = getText(findTestObject("Выручка по ДЗО/Фильтр Выручка")): Text of object 'Object Repository/Выручка по ДЗО/Фильтр Выручка' is: 'внутренний оборот'

11-03-2025T03:37:50 - [MESSAGE][PASSED] - Text of object 'Object Repository/Выручка по ДЗО/Фильтр Выручка' is: 'внутренний оборот'

11-03-2025T03:37:50 - [TEST_STEP][PASSED] - if (viruchka == "Выбрано: 2"): null

11-03-2025T03:37:50 - [TEST_STEP][PASSED] - if (viruchka == "Все"): null

11-03-2025T03:37:50 - [TEST_STEP][PASSED] - println(period): null

11-03-2025T03:37:50 - [TEST_STEP][PASSED] - dashboardName = "Выручка по ДЗО": null

11-03-2025T03:37:50 - [TEST_STEP][PASSED] - workbook01 = getWorkbook(excelFilePath): null

11-03-2025T03:37:50 - [TEST_STEP][PASSED] - sheet01 = getExcelSheet(workbook01, sheetName): null

11-03-2025T03:37:50 - [TEST_STEP][PASSED] - setValueToCellByIndex(sheet01, n, 0, dashboardName): null

11-03-2025T03:37:50 - [TEST_STEP][PASSED] - setValueToCellByIndex(sheet01, n, 1, dZO): null

11-03-2025T03:37:50 - [TEST_STEP][PASSED] - setValueToCellByIndex(sheet01, n, 2, period): null

11-03-2025T03:37:50 - [TEST_STEP][PASSED] - setValueToCellByIndex(sheet01, n, 3, viruchka): null

11-03-2025T03:37:50 - [TEST_STEP][PASSED] - setValueToCellByIndex(sheet01, n, 4, todaysDate): null

11-03-2025T03:37:50 - [TEST_STEP][PASSED] - n = n + 1: null

11-03-2025T03:37:50 - [TEST_STEP][PASSED] - saveWorkbook(excelFilePath, workbook01): null

11-03-2025T03:37:50 - [TEST_STEP][PASSED] - click(findTestObject("Выручка по ДЗО/Фильтр Выручка")): Object: 'Object Repository/Выручка по ДЗО/Фильтр Выручка' is clicked on

11-03-2025T03:37:51 - [MESSAGE][PASSED] - Object: 'Object Repository/Выручка по ДЗО/Фильтр Выручка' is clicked on

11-03-2025T03:37:51 - [TEST_STEP][PASSED] - click(findTestObject("Выручка по ДЗО/По передаче в фильтре Выручка")): Object: 'Object Repository/Выручка по ДЗО/По передаче в фильтре Выручка' is clicked on

11-03-2025T03:37:51 - [MESSAGE][PASSED] - Object: 'Object Repository/Выручка по ДЗО/По передаче в фильтре Выручка' is clicked on

11-03-2025T03:37:51 - [TEST_STEP][PASSED] - click(findTestObject("Выручка по ДЗО/Применить в фильтре Выручка")): Object: 'Object Repository/Выручка по ДЗО/Применить в фильтре Выручка' is clicked on

11-03-2025T03:37:52 - [MESSAGE][PASSED] - Object: 'Object Repository/Выручка по ДЗО/Применить в фильтре Выручка' is clicked on

11-03-2025T03:37:52 - [TEST_STEP][PASSED] - Script1687405711779.Test(todaysDate): null

11-03-2025T03:37:52 - [TEST_STEP][PASSED] - delay(10): Delayed 10 second(s)

11-03-2025T03:38:02 - [MESSAGE][PASSED] - Delayed 10 second(s)

11-03-2025T03:38:02 - [TEST_STEP][PASSED] - if (verifyTextNotPresent("нет данных", false) == true): null

11-03-2025T03:38:02 - [MESSAGE][PASSED] - Text 'нет данных' is not present on page

11-03-2025T03:38:02 - [TEST_STEP][PASSED] - if (verifyTextNotPresent("Ошибка запроса данных", false) == true): null

11-03-2025T03:38:03 - [MESSAGE][PASSED] - Text 'Ошибка запроса данных' is not present on page

11-03-2025T03:38:03 - [TEST_STEP][PASSED] - if (verifyTextNotPresent("Произошла ошибка при выполнении пользовательского кода", false) == true): null

11-03-2025T03:38:03 - [MESSAGE][PASSED] - Text 'Произошла ошибка при выполнении пользовательского кода' is not present on page

11-03-2025T03:38:03 - [TEST_STEP][PASSED] - if (verifyTextNotPresent("У виджета нет данных", false) == true): null

11-03-2025T03:38:04 - [MESSAGE][PASSED] - Text 'У виджета нет данных' is not present on page

11-03-2025T03:38:04 - [TEST_STEP][PASSED] - if (verifyTextNotPresent("У виджета нет данных", false) == true): Text 'У виджета нет данных' is not present on page

11-03-2025T03:38:04 - [MESSAGE][PASSED] - Text 'У виджета нет данных' is not present on page

11-03-2025T03:38:04 - [TEST_STEP][PASSED] - click(findTestObject("Выручка по ДЗО/Фильтр Выручка")): Object: 'Object Repository/Выручка по ДЗО/Фильтр Выручка' is clicked on

11-03-2025T03:38:05 - [MESSAGE][PASSED] - Object: 'Object Repository/Выручка по ДЗО/Фильтр Выручка' is clicked on

11-03-2025T03:38:05 - [TEST_STEP][PASSED] - click(findTestObject("Выручка по ДЗО/Снять выделение в фильтре Выручка")): Object: 'Object Repository/Выручка по ДЗО/Снять выделение в фильтре Выручка' is clicked on

11-03-2025T03:38:05 - [MESSAGE][PASSED] - Object: 'Object Repository/Выручка по ДЗО/Снять выделение в фильтре Выручка' is clicked on

11-03-2025T03:38:05 - [TEST_STEP][PASSED] - click(findTestObject("Выручка по ДЗО/По передаче в фильтре Выручка")): Object: 'Object Repository/Выручка по ДЗО/По передаче в фильтре Выручка' is clicked on

11-03-2025T03:38:05 - [MESSAGE][PASSED] - Object: 'Object Repository/Выручка по ДЗО/По передаче в фильтре Выручка' is clicked on

11-03-2025T03:38:05 - [TEST_STEP][PASSED] - click(findTestObject("Выручка по ДЗО/Применить в фильтре Выручка")): Object: 'Object Repository/Выручка по ДЗО/Применить в фильтре Выручка' is clicked on

11-03-2025T03:38:06 - [MESSAGE][PASSED] - Object: 'Object Repository/Выручка по ДЗО/Применить в фильтре Выручка' is clicked on

11-03-2025T03:38:06 - [TEST_STEP][PASSED] - Script1687405711779.Test(todaysDate): null

11-03-2025T03:38:06 - [TEST_STEP][PASSED] - delay(10): Delayed 10 second(s)

11-03-2025T03:38:16 - [MESSAGE][PASSED] - Delayed 10 second(s)

11-03-2025T03:38:16 - [TEST_STEP][PASSED] - if (verifyTextNotPresent("нет данных", false) == true): null

11-03-2025T03:38:17 - [MESSAGE][PASSED] - Text 'нет данных' is not present on page

11-03-2025T03:38:17 - [TEST_STEP][PASSED] - if (verifyTextNotPresent("Ошибка запроса данных", false) == true): null

11-03-2025T03:38:17 - [MESSAGE][PASSED] - Text 'Ошибка запроса данных' is not present on page

11-03-2025T03:38:17 - [TEST_STEP][PASSED] - if (verifyTextNotPresent("Произошла ошибка при выполнении пользовательского кода", false) == true): null

11-03-2025T03:38:18 - [MESSAGE][PASSED] - Text 'Произошла ошибка при выполнении пользовательского кода' is not present on page

11-03-2025T03:38:18 - [TEST_STEP][PASSED] - if (verifyTextNotPresent("У виджета нет данных", false) == true): null

11-03-2025T03:38:18 - [MESSAGE][PASSED] - Text 'У виджета нет данных' is not present on page

11-03-2025T03:38:18 - [TEST_STEP][PASSED] - if (verifyTextNotPresent("У виджета нет данных", false) == true): Text 'У виджета нет данных' is not present on page

11-03-2025T03:38:19 - [MESSAGE][PASSED] - Text 'У виджета нет данных' is not present on page

11-03-2025T03:38:19 - [TEST_STEP][PASSED] - click(findTestObject("Выручка по ДЗО/Фильтр Выручка")): Object: 'Object Repository/Выручка по ДЗО/Фильтр Выручка' is clicked on

11-03-2025T03:38:19 - [MESSAGE][PASSED] - Object: 'Object Repository/Выручка по ДЗО/Фильтр Выручка' is clicked on

11-03-2025T03:38:19 - [TEST_STEP][PASSED] - click(findTestObject("Выручка по ДЗО/Снять выделение в фильтре Выручка")): Object: 'Object Repository/Выручка по ДЗО/Снять выделение в фильтре Выручка' is clicked on

11-03-2025T03:38:19 - [MESSAGE][PASSED] - Object: 'Object Repository/Выручка по ДЗО/Снять выделение в фильтре Выручка' is clicked on

11-03-2025T03:38:19 - [TEST_STEP][PASSED] - click(findTestObject("Выручка по ДЗО/Применить в фильтре Выручка")): Object: 'Object Repository/Выручка по ДЗО/Применить в фильтре Выручка' is clicked on

11-03-2025T03:38:20 - [MESSAGE][PASSED] - Object: 'Object Repository/Выручка по ДЗО/Применить в фильтре Выручка' is clicked on

11-03-2025T03:38:20 - [TEST_STEP][PASSED] - click(findTestObject("Выручка по ДЗО/Фильтр ДЗО")): Object: 'Object Repository/Выручка по ДЗО/Фильтр ДЗО' is clicked on

11-03-2025T03:38:21 - [MESSAGE][PASSED] - Object: 'Object Repository/Выручка по ДЗО/Фильтр ДЗО' is clicked on

11-03-2025T03:38:21 - [TEST_STEP][PASSED] - click(findTestObject("Выручка по ДЗО/Снять выделение в фильтре ДЗО")): Object: 'Object Repository/Выручка по ДЗО/Снять выделение в фильтре ДЗО' is clicked on

11-03-2025T03:38:22 - [MESSAGE][PASSED] - Object: 'Object Repository/Выручка по ДЗО/Снять выделение в фильтре ДЗО' is clicked on

11-03-2025T03:38:22 - [TEST_STEP][PASSED] - scrollToElement(findTestObject("Общие объекты/Воронежэнерго"), 30): Scroll to object 'Object Repository/Общие объекты/Воронежэнерго' successfully

11-03-2025T03:38:22 - [MESSAGE][PASSED] - Scroll to object 'Object Repository/Общие объекты/Воронежэнерго' successfully

11-03-2025T03:38:22 - [TEST_STEP][PASSED] - click(findTestObject("Общие объекты/Воронежэнерго"), CONTINUE_ON_FAILURE): Object: 'Object Repository/Общие объекты/Воронежэнерго' is clicked on

11-03-2025T03:38:22 - [MESSAGE][PASSED] - Object: 'Object Repository/Общие объекты/Воронежэнерго' is clicked on

11-03-2025T03:38:22 - [TEST_STEP][PASSED] - Script1687405711779.Change(todaysDate): null

11-03-2025T03:38:22 - [TEST_STEP][PASSED] - scrollToElement(findTestObject("Выручка по ДЗО/Заголовок дашборда"), 30): Scroll to object 'Object Repository/Выручка по ДЗО/Заголовок дашборда' successfully

11-03-2025T03:38:23 - [MESSAGE][PASSED] - Scroll to object 'Object Repository/Выручка по ДЗО/Заголовок дашборда' successfully

11-03-2025T03:38:23 - [TEST_STEP][PASSED] - click(findTestObject("Выручка по ДЗО/Применить в фильтре ДЗО")): Object: 'Object Repository/Выручка по ДЗО/Применить в фильтре ДЗО' is clicked on

11-03-2025T03:38:23 - [MESSAGE][PASSED] - Object: 'Object Repository/Выручка по ДЗО/Применить в фильтре ДЗО' is clicked on

11-03-2025T03:38:23 - [TEST_STEP][PASSED] - Script1687405711779.Tumbler(todaysDate): null

11-03-2025T03:38:23 - [TEST_STEP][PASSED] - Script1687405711779.Test(todaysDate): null

11-03-2025T03:38:23 - [TEST_STEP][PASSED] - delay(10): Delayed 10 second(s)

11-03-2025T03:38:33 - [MESSAGE][PASSED] - Delayed 10 second(s)

11-03-2025T03:38:33 - [TEST_STEP][PASSED] - if (verifyTextNotPresent("нет данных", false) == true): null

11-03-2025T03:38:34 - [MESSAGE][PASSED] - Text 'нет данных' is not present on page

11-03-2025T03:38:34 - [TEST_STEP][PASSED] - if (verifyTextNotPresent("Ошибка запроса данных", false) == true): null

11-03-2025T03:38:34 - [MESSAGE][PASSED] - Text 'Ошибка запроса данных' is not present on page

11-03-2025T03:38:34 - [TEST_STEP][PASSED] - if (verifyTextNotPresent("Произошла ошибка при выполнении пользовательского кода", false) == true): null

11-03-2025T03:38:35 - [MESSAGE][PASSED] - Text 'Произошла ошибка при выполнении пользовательского кода' is not present on page

11-03-2025T03:38:35 - [TEST_STEP][PASSED] - if (verifyTextNotPresent("У виджета нет данных", false) == true): null

11-03-2025T03:38:35 - [MESSAGE][PASSED] - Text 'У виджета нет данных' is not present on page

11-03-2025T03:38:35 - [TEST_STEP][PASSED] - if (verifyTextNotPresent("У виджета нет данных", false) == true): Text 'У виджета нет данных' is not present on page

11-03-2025T03:38:36 - [MESSAGE][PASSED] - Text 'У виджета нет данных' is not present on page

11-03-2025T03:38:36 - [TEST_STEP][PASSED] - click(findTestObject("Выручка по ДЗО/Фильтр Выручка")): Object: 'Object Repository/Выручка по ДЗО/Фильтр Выручка' is clicked on

11-03-2025T03:38:36 - [MESSAGE][PASSED] - Object: 'Object Repository/Выручка по ДЗО/Фильтр Выручка' is clicked on

11-03-2025T03:38:36 - [TEST_STEP][PASSED] - click(findTestObject("Выручка по ДЗО/Внутренний оборот в фильтре Выручка")): Object: 'Object Repository/Выручка по ДЗО/Внутренний оборот в фильтре Выручка' is clicked on

11-03-2025T03:38:37 - [MESSAGE][PASSED] - Object: 'Object Repository/Выручка по ДЗО/Внутренний оборот в фильтре Выручка' is clicked on

11-03-2025T03:38:37 - [TEST_STEP][PASSED] - click(findTestObject("Выручка по ДЗО/Применить в фильтре Выручка")): Object: 'Object Repository/Выручка по ДЗО/Применить в фильтре Выручка' is clicked on

11-03-2025T03:38:37 - [MESSAGE][PASSED] - Object: 'Object Repository/Выручка по ДЗО/Применить в фильтре Выручка' is clicked on

11-03-2025T03:38:37 - [TEST_STEP][PASSED] - Script1687405711779.Test(todaysDate): null

11-03-2025T03:38:37 - [TEST_STEP][PASSED] - delay(10): Delayed 10 second(s)

11-03-2025T03:38:47 - [MESSAGE][PASSED] - Delayed 10 second(s)

11-03-2025T03:38:47 - [TEST_STEP][FAILED] - if (verifyTextNotPresent("нет данных", false) == true): Text 'нет данных' is present on page  (Root cause: com.kms.katalon.core.exception.StepFailedException: Text 'нет данных' is present on page 
	at com.kms.katalon.core.webui.keyword.internal.WebUIKeywordMain.stepFailed(WebUIKeywordMain.groovy:64)
	at com.kms.katalon.core.webui.keyword.builtin.VerifyTextNotPresentKeyword$_verifyTextNotPresent_closure1.doCall(VerifyTextNotPresentKeyword.groovy:77)
	at com.kms.katalon.core.webui.keyword.builtin.VerifyTextNotPresentKeyword$_verifyTextNotPresent_closure1.call(VerifyTextNotPresentKeyword.groovy)
	at com.kms.katalon.core.webui.keyword.internal.WebUIKeywordMain.runKeyword(WebUIKeywordMain.groovy:20)
	at com.kms.katalon.core.webui.keyword.builtin.VerifyTextNotPresentKeyword.verifyTextNotPresent(VerifyTextNotPresentKeyword.groovy:82)
	at com.kms.katalon.core.webui.keyword.builtin.VerifyTextNotPresentKeyword.execute(VerifyTextNotPresentKeyword.groovy:68)
	at com.kms.katalon.core.keyword.internal.KeywordExecutor.executeKeywordForPlatform(KeywordExecutor.groovy:74)
	at com.kms.katalon.core.webui.keyword.WebUiBuiltInKeywords.verifyTextNotPresent(WebUiBuiltInKeywords.groovy:1795)
	at Выручка по ДЗО отображение данных все филиалы.Test(Выручка по ДЗО отображение данных все филиалы:772)
	at Выручка по ДЗО отображение данных все филиалы.Tumbler(Выручка по ДЗО отображение данных все филиалы:726)
	at Выручка по ДЗО отображение данных все филиалы.Change(Выручка по ДЗО отображение данных все филиалы:760)
	at Выручка по ДЗО отображение данных все филиалы.DzoTest(Выручка по ДЗО отображение данных все филиалы:540)
	at Выручка по ДЗО отображение данных все филиалы.run(Выручка по ДЗО отображение данных все филиалы:122)
	at com.kms.katalon.core.main.ScriptEngine.run(ScriptEngine.java:194)
	at com.kms.katalon.core.main.ScriptEngine.runScriptAsRawText(ScriptEngine.java:119)
	at com.kms.katalon.core.main.TestCaseExecutor.runScript(TestCaseExecutor.java:448)
	at com.kms.katalon.core.main.TestCaseExecutor.doExecute(TestCaseExecutor.java:439)
	at com.kms.katalon.core.main.TestCaseExecutor.processExecutionPhase(TestCaseExecutor.java:418)
	at com.kms.katalon.core.main.TestCaseExecutor.accessMainPhase(TestCaseExecutor.java:410)
	at com.kms.katalon.core.main.TestCaseExecutor.execute(TestCaseExecutor.java:285)
	at com.kms.katalon.core.common.CommonExecutor.accessTestCaseMainPhase(CommonExecutor.java:65)
	at com.kms.katalon.core.main.TestSuiteExecutor.accessTestSuiteMainPhase(TestSuiteExecutor.java:150)
	at com.kms.katalon.core.main.TestSuiteExecutor.execute(TestSuiteExecutor.java:106)
	at com.kms.katalon.core.main.TestCaseMain.startTestSuite(TestCaseMain.java:180)
	at TempTestSuite1741649958618.run(TempTestSuite1741649958618.groovy:35)
	at java.base/jdk.internal.reflect.NativeMethodAccessorImpl.invoke0(Native Method)
	at java.base/jdk.internal.reflect.NativeMethodAccessorImpl.invoke(NativeMethodAccessorImpl.java:77)
	at java.base/jdk.internal.reflect.DelegatingMethodAccessorImpl.invoke(DelegatingMethodAccessorImpl.java:43)
)

11-03-2025T03:38:48 - [MESSAGE][FAILED] - Text 'нет данных' is present on page  (Root cause: com.kms.katalon.core.exception.StepFailedException: Text 'нет данных' is present on page 
	at com.kms.katalon.core.webui.keyword.internal.WebUIKeywordMain.stepFailed(WebUIKeywordMain.groovy:64)
	at com.kms.katalon.core.webui.keyword.builtin.VerifyTextNotPresentKeyword$_verifyTextNotPresent_closure1.doCall(VerifyTextNotPresentKeyword.groovy:77)
	at com.kms.katalon.core.webui.keyword.builtin.VerifyTextNotPresentKeyword$_verifyTextNotPresent_closure1.call(VerifyTextNotPresentKeyword.groovy)
	at com.kms.katalon.core.webui.keyword.internal.WebUIKeywordMain.runKeyword(WebUIKeywordMain.groovy:20)
	at com.kms.katalon.core.webui.keyword.builtin.VerifyTextNotPresentKeyword.verifyTextNotPresent(VerifyTextNotPresentKeyword.groovy:82)
	at com.kms.katalon.core.webui.keyword.builtin.VerifyTextNotPresentKeyword.execute(VerifyTextNotPresentKeyword.groovy:68)
	at com.kms.katalon.core.keyword.internal.KeywordExecutor.executeKeywordForPlatform(KeywordExecutor.groovy:74)
	at com.kms.katalon.core.webui.keyword.WebUiBuiltInKeywords.verifyTextNotPresent(WebUiBuiltInKeywords.groovy:1795)
	at Выручка по ДЗО отображение данных все филиалы.Test(Выручка по ДЗО отображение данных все филиалы:772)
	at Выручка по ДЗО отображение данных все филиалы.Tumbler(Выручка по ДЗО отображение данных все филиалы:726)
	at Выручка по ДЗО отображение данных все филиалы.Change(Выручка по ДЗО отображение данных все филиалы:760)
	at Выручка по ДЗО отображение данных все филиалы.DzoTest(Выручка по ДЗО отображение данных все филиалы:540)
	at Выручка по ДЗО отображение данных все филиалы.run(Выручка по ДЗО отображение данных все филиалы:122)
	at com.kms.katalon.core.main.ScriptEngine.run(ScriptEngine.java:194)
	at com.kms.katalon.core.main.ScriptEngine.runScriptAsRawText(ScriptEngine.java:119)
	at com.kms.katalon.core.main.TestCaseExecutor.runScript(TestCaseExecutor.java:448)
	at com.kms.katalon.core.main.TestCaseExecutor.doExecute(TestCaseExecutor.java:439)
	at com.kms.katalon.core.main.TestCaseExecutor.processExecutionPhase(TestCaseExecutor.java:418)
	at com.kms.katalon.core.main.TestCaseExecutor.accessMainPhase(TestCaseExecutor.java:410)
	at com.kms.katalon.core.main.TestCaseExecutor.execute(TestCaseExecutor.java:285)
	at com.kms.katalon.core.common.CommonExecutor.accessTestCaseMainPhase(CommonExecutor.java:65)
	at com.kms.katalon.core.main.TestSuiteExecutor.accessTestSuiteMainPhase(TestSuiteExecutor.java:150)
	at com.kms.katalon.core.main.TestSuiteExecutor.execute(TestSuiteExecutor.java:106)
	at com.kms.katalon.core.main.TestCaseMain.startTestSuite(TestCaseMain.java:180)
	at TempTestSuite1741649958618.run(TempTestSuite1741649958618.groovy:35)
	at java.base/jdk.internal.reflect.NativeMethodAccessorImpl.invoke0(Native Method)
	at java.base/jdk.internal.reflect.NativeMethodAccessorImpl.invoke(NativeMethodAccessorImpl.java:77)
	at java.base/jdk.internal.reflect.DelegatingMethodAccessorImpl.invoke(DelegatingMethodAccessorImpl.java:43)
)

11-03-2025T03:38:48 - [TEST_STEP][PASSED] - else: null

11-03-2025T03:38:48 - [TEST_STEP][PASSED] - Script1687405711779.WriteToExcel(todaysDate): null

11-03-2025T03:38:48 - [TEST_STEP][PASSED] - sheetName = "Sheet1": null

11-03-2025T03:38:48 - [TEST_STEP][PASSED] - data = findTestData("PlanFact"): null

11-03-2025T03:38:48 - [TEST_STEP][PASSED] - n = data.getRowNumbers() + 1: null

11-03-2025T03:38:48 - [TEST_STEP][PASSED] - dZO = getText(findTestObject("Выручка по ДЗО/Фильтр ДЗО")): Text of object 'Object Repository/Выручка по ДЗО/Фильтр ДЗО' is: 'ПАО Россети - РаспредКомплекс - Россети Центр - Воронежэнерго'

11-03-2025T03:38:48 - [MESSAGE][PASSED] - Text of object 'Object Repository/Выручка по ДЗО/Фильтр ДЗО' is: 'ПАО Россети - РаспредКомплекс - Россети Центр - Воронежэнерго'

11-03-2025T03:38:48 - [TEST_STEP][PASSED] - period = getText(findTestObject("Выручка по ДЗО/Фильтр Дата")): Text of object 'Object Repository/Выручка по ДЗО/Фильтр Дата' is: 'Январь 2025 года'

11-03-2025T03:38:48 - [MESSAGE][PASSED] - Text of object 'Object Repository/Выручка по ДЗО/Фильтр Дата' is: 'Январь 2025 года'

11-03-2025T03:38:48 - [TEST_STEP][PASSED] - viruchka = getText(findTestObject("Выручка по ДЗО/Фильтр Выручка")): Text of object 'Object Repository/Выручка по ДЗО/Фильтр Выручка' is: 'внутренний оборот'

11-03-2025T03:38:49 - [MESSAGE][PASSED] - Text of object 'Object Repository/Выручка по ДЗО/Фильтр Выручка' is: 'внутренний оборот'

11-03-2025T03:38:49 - [TEST_STEP][PASSED] - if (viruchka == "Выбрано: 2"): null

11-03-2025T03:38:49 - [TEST_STEP][PASSED] - if (viruchka == "Все"): null

11-03-2025T03:38:49 - [TEST_STEP][PASSED] - println(period): null

11-03-2025T03:38:49 - [TEST_STEP][PASSED] - dashboardName = "Выручка по ДЗО": null

11-03-2025T03:38:49 - [TEST_STEP][PASSED] - workbook01 = getWorkbook(excelFilePath): null

11-03-2025T03:38:49 - [TEST_STEP][PASSED] - sheet01 = getExcelSheet(workbook01, sheetName): null

11-03-2025T03:38:49 - [TEST_STEP][PASSED] - setValueToCellByIndex(sheet01, n, 0, dashboardName): null

11-03-2025T03:38:49 - [TEST_STEP][PASSED] - setValueToCellByIndex(sheet01, n, 1, dZO): null

11-03-2025T03:38:49 - [TEST_STEP][PASSED] - setValueToCellByIndex(sheet01, n, 2, period): null

11-03-2025T03:38:49 - [TEST_STEP][PASSED] - setValueToCellByIndex(sheet01, n, 3, viruchka): null

11-03-2025T03:38:49 - [TEST_STEP][PASSED] - setValueToCellByIndex(sheet01, n, 4, todaysDate): null

11-03-2025T03:38:49 - [TEST_STEP][PASSED] - n = n + 1: null

11-03-2025T03:38:49 - [TEST_STEP][PASSED] - saveWorkbook(excelFilePath, workbook01): null

11-03-2025T03:38:49 - [TEST_STEP][PASSED] - click(findTestObject("Выручка по ДЗО/Фильтр Выручка")): Object: 'Object Repository/Выручка по ДЗО/Фильтр Выручка' is clicked on

11-03-2025T03:38:49 - [MESSAGE][PASSED] - Object: 'Object Repository/Выручка по ДЗО/Фильтр Выручка' is clicked on

11-03-2025T03:38:49 - [TEST_STEP][PASSED] - click(findTestObject("Выручка по ДЗО/По передаче в фильтре Выручка")): Object: 'Object Repository/Выручка по ДЗО/По передаче в фильтре Выручка' is clicked on

11-03-2025T03:38:50 - [MESSAGE][PASSED] - Object: 'Object Repository/Выручка по ДЗО/По передаче в фильтре Выручка' is clicked on

11-03-2025T03:38:50 - [TEST_STEP][PASSED] - click(findTestObject("Выручка по ДЗО/Применить в фильтре Выручка")): Object: 'Object Repository/Выручка по ДЗО/Применить в фильтре Выручка' is clicked on

11-03-2025T03:38:50 - [MESSAGE][PASSED] - Object: 'Object Repository/Выручка по ДЗО/Применить в фильтре Выручка' is clicked on

11-03-2025T03:38:50 - [TEST_STEP][PASSED] - Script1687405711779.Test(todaysDate): null

11-03-2025T03:38:50 - [TEST_STEP][PASSED] - delay(10): Delayed 10 second(s)

11-03-2025T03:39:00 - [MESSAGE][PASSED] - Delayed 10 second(s)

11-03-2025T03:39:00 - [TEST_STEP][PASSED] - if (verifyTextNotPresent("нет данных", false) == true): null

11-03-2025T03:39:01 - [MESSAGE][PASSED] - Text 'нет данных' is not present on page

11-03-2025T03:39:01 - [TEST_STEP][PASSED] - if (verifyTextNotPresent("Ошибка запроса данных", false) == true): null

11-03-2025T03:39:01 - [MESSAGE][PASSED] - Text 'Ошибка запроса данных' is not present on page

11-03-2025T03:39:01 - [TEST_STEP][PASSED] - if (verifyTextNotPresent("Произошла ошибка при выполнении пользовательского кода", false) == true): null

11-03-2025T03:39:02 - [MESSAGE][PASSED] - Text 'Произошла ошибка при выполнении пользовательского кода' is not present on page

11-03-2025T03:39:02 - [TEST_STEP][PASSED] - if (verifyTextNotPresent("У виджета нет данных", false) == true): null

11-03-2025T03:39:02 - [MESSAGE][PASSED] - Text 'У виджета нет данных' is not present on page

11-03-2025T03:39:02 - [TEST_STEP][PASSED] - if (verifyTextNotPresent("У виджета нет данных", false) == true): Text 'У виджета нет данных' is not present on page

11-03-2025T03:39:03 - [MESSAGE][PASSED] - Text 'У виджета нет данных' is not present on page

11-03-2025T03:39:03 - [TEST_STEP][PASSED] - click(findTestObject("Выручка по ДЗО/Фильтр Выручка")): Object: 'Object Repository/Выручка по ДЗО/Фильтр Выручка' is clicked on

11-03-2025T03:39:03 - [MESSAGE][PASSED] - Object: 'Object Repository/Выручка по ДЗО/Фильтр Выручка' is clicked on

11-03-2025T03:39:03 - [TEST_STEP][PASSED] - click(findTestObject("Выручка по ДЗО/Снять выделение в фильтре Выручка")): Object: 'Object Repository/Выручка по ДЗО/Снять выделение в фильтре Выручка' is clicked on

11-03-2025T03:39:04 - [MESSAGE][PASSED] - Object: 'Object Repository/Выручка по ДЗО/Снять выделение в фильтре Выручка' is clicked on

11-03-2025T03:39:04 - [TEST_STEP][PASSED] - click(findTestObject("Выручка по ДЗО/По передаче в фильтре Выручка")): Object: 'Object Repository/Выручка по ДЗО/По передаче в фильтре Выручка' is clicked on

11-03-2025T03:39:04 - [MESSAGE][PASSED] - Object: 'Object Repository/Выручка по ДЗО/По передаче в фильтре Выручка' is clicked on

11-03-2025T03:39:04 - [TEST_STEP][PASSED] - click(findTestObject("Выручка по ДЗО/Применить в фильтре Выручка")): Object: 'Object Repository/Выручка по ДЗО/Применить в фильтре Выручка' is clicked on

11-03-2025T03:39:05 - [MESSAGE][PASSED] - Object: 'Object Repository/Выручка по ДЗО/Применить в фильтре Выручка' is clicked on

11-03-2025T03:39:05 - [TEST_STEP][PASSED] - Script1687405711779.Test(todaysDate): null

11-03-2025T03:39:05 - [TEST_STEP][PASSED] - delay(10): Delayed 10 second(s)

11-03-2025T03:39:15 - [MESSAGE][PASSED] - Delayed 10 second(s)

11-03-2025T03:39:15 - [TEST_STEP][PASSED] - if (verifyTextNotPresent("нет данных", false) == true): null

11-03-2025T03:39:15 - [MESSAGE][PASSED] - Text 'нет данных' is not present on page

11-03-2025T03:39:15 - [TEST_STEP][PASSED] - if (verifyTextNotPresent("Ошибка запроса данных", false) == true): null

11-03-2025T03:39:16 - [MESSAGE][PASSED] - Text 'Ошибка запроса данных' is not present on page

11-03-2025T03:39:16 - [TEST_STEP][PASSED] - if (verifyTextNotPresent("Произошла ошибка при выполнении пользовательского кода", false) == true): null

11-03-2025T03:39:16 - [MESSAGE][PASSED] - Text 'Произошла ошибка при выполнении пользовательского кода' is not present on page

11-03-2025T03:39:16 - [TEST_STEP][PASSED] - if (verifyTextNotPresent("У виджета нет данных", false) == true): null

11-03-2025T03:39:17 - [MESSAGE][PASSED] - Text 'У виджета нет данных' is not present on page

11-03-2025T03:39:17 - [TEST_STEP][PASSED] - if (verifyTextNotPresent("У виджета нет данных", false) == true): Text 'У виджета нет данных' is not present on page

11-03-2025T03:39:17 - [MESSAGE][PASSED] - Text 'У виджета нет данных' is not present on page

11-03-2025T03:39:17 - [TEST_STEP][PASSED] - click(findTestObject("Выручка по ДЗО/Фильтр Выручка")): Object: 'Object Repository/Выручка по ДЗО/Фильтр Выручка' is clicked on

11-03-2025T03:39:17 - [MESSAGE][PASSED] - Object: 'Object Repository/Выручка по ДЗО/Фильтр Выручка' is clicked on

11-03-2025T03:39:17 - [TEST_STEP][PASSED] - click(findTestObject("Выручка по ДЗО/Снять выделение в фильтре Выручка")): Object: 'Object Repository/Выручка по ДЗО/Снять выделение в фильтре Выручка' is clicked on

11-03-2025T03:39:18 - [MESSAGE][PASSED] - Object: 'Object Repository/Выручка по ДЗО/Снять выделение в фильтре Выручка' is clicked on

11-03-2025T03:39:18 - [TEST_STEP][PASSED] - click(findTestObject("Выручка по ДЗО/Применить в фильтре Выручка")): Object: 'Object Repository/Выручка по ДЗО/Применить в фильтре Выручка' is clicked on

11-03-2025T03:39:18 - [MESSAGE][PASSED] - Object: 'Object Repository/Выручка по ДЗО/Применить в фильтре Выручка' is clicked on

11-03-2025T03:39:18 - [TEST_STEP][PASSED] - click(findTestObject("Выручка по ДЗО/Фильтр ДЗО")): Object: 'Object Repository/Выручка по ДЗО/Фильтр ДЗО' is clicked on

11-03-2025T03:39:20 - [MESSAGE][PASSED] - Object: 'Object Repository/Выручка по ДЗО/Фильтр ДЗО' is clicked on

11-03-2025T03:39:20 - [TEST_STEP][PASSED] - click(findTestObject("Выручка по ДЗО/Снять выделение в фильтре ДЗО")): Object: 'Object Repository/Выручка по ДЗО/Снять выделение в фильтре ДЗО' is clicked on

11-03-2025T03:39:20 - [MESSAGE][PASSED] - Object: 'Object Repository/Выручка по ДЗО/Снять выделение в фильтре ДЗО' is clicked on

11-03-2025T03:39:20 - [TEST_STEP][PASSED] - scrollToElement(findTestObject("Общие объекты/Костромаэнерго"), 30): Scroll to object 'Object Repository/Общие объекты/Костромаэнерго' successfully

11-03-2025T03:39:21 - [MESSAGE][PASSED] - Scroll to object 'Object Repository/Общие объекты/Костромаэнерго' successfully

11-03-2025T03:39:21 - [TEST_STEP][PASSED] - click(findTestObject("Общие объекты/Костромаэнерго"), CONTINUE_ON_FAILURE): Object: 'Object Repository/Общие объекты/Костромаэнерго' is clicked on

11-03-2025T03:39:21 - [MESSAGE][PASSED] - Object: 'Object Repository/Общие объекты/Костромаэнерго' is clicked on

11-03-2025T03:39:21 - [TEST_STEP][PASSED] - Script1687405711779.Change(todaysDate): null

11-03-2025T03:39:21 - [TEST_STEP][PASSED] - scrollToElement(findTestObject("Выручка по ДЗО/Заголовок дашборда"), 30): Scroll to object 'Object Repository/Выручка по ДЗО/Заголовок дашборда' successfully

11-03-2025T03:39:21 - [MESSAGE][PASSED] - Scroll to object 'Object Repository/Выручка по ДЗО/Заголовок дашборда' successfully

11-03-2025T03:39:21 - [TEST_STEP][PASSED] - click(findTestObject("Выручка по ДЗО/Применить в фильтре ДЗО")): Object: 'Object Repository/Выручка по ДЗО/Применить в фильтре ДЗО' is clicked on

11-03-2025T03:39:22 - [MESSAGE][PASSED] - Object: 'Object Repository/Выручка по ДЗО/Применить в фильтре ДЗО' is clicked on

11-03-2025T03:39:22 - [TEST_STEP][PASSED] - Script1687405711779.Tumbler(todaysDate): null

11-03-2025T03:39:22 - [TEST_STEP][PASSED] - Script1687405711779.Test(todaysDate): null

11-03-2025T03:39:22 - [TEST_STEP][PASSED] - delay(10): Delayed 10 second(s)

11-03-2025T03:39:32 - [MESSAGE][PASSED] - Delayed 10 second(s)

11-03-2025T03:39:32 - [TEST_STEP][PASSED] - if (verifyTextNotPresent("нет данных", false) == true): null

11-03-2025T03:39:33 - [MESSAGE][PASSED] - Text 'нет данных' is not present on page

11-03-2025T03:39:33 - [TEST_STEP][PASSED] - if (verifyTextNotPresent("Ошибка запроса данных", false) == true): null

11-03-2025T03:39:33 - [MESSAGE][PASSED] - Text 'Ошибка запроса данных' is not present on page

11-03-2025T03:39:33 - [TEST_STEP][PASSED] - if (verifyTextNotPresent("Произошла ошибка при выполнении пользовательского кода", false) == true): null

11-03-2025T03:39:34 - [MESSAGE][PASSED] - Text 'Произошла ошибка при выполнении пользовательского кода' is not present on page

11-03-2025T03:39:34 - [TEST_STEP][PASSED] - if (verifyTextNotPresent("У виджета нет данных", false) == true): null

11-03-2025T03:39:34 - [MESSAGE][PASSED] - Text 'У виджета нет данных' is not present on page

11-03-2025T03:39:34 - [TEST_STEP][PASSED] - if (verifyTextNotPresent("У виджета нет данных", false) == true): Text 'У виджета нет данных' is not present on page

11-03-2025T03:39:35 - [MESSAGE][PASSED] - Text 'У виджета нет данных' is not present on page

11-03-2025T03:39:35 - [TEST_STEP][PASSED] - click(findTestObject("Выручка по ДЗО/Фильтр Выручка")): Object: 'Object Repository/Выручка по ДЗО/Фильтр Выручка' is clicked on

11-03-2025T03:39:35 - [MESSAGE][PASSED] - Object: 'Object Repository/Выручка по ДЗО/Фильтр Выручка' is clicked on

11-03-2025T03:39:35 - [TEST_STEP][PASSED] - click(findTestObject("Выручка по ДЗО/Внутренний оборот в фильтре Выручка")): Object: 'Object Repository/Выручка по ДЗО/Внутренний оборот в фильтре Выручка' is clicked on

11-03-2025T03:39:35 - [MESSAGE][PASSED] - Object: 'Object Repository/Выручка по ДЗО/Внутренний оборот в фильтре Выручка' is clicked on

11-03-2025T03:39:35 - [TEST_STEP][PASSED] - click(findTestObject("Выручка по ДЗО/Применить в фильтре Выручка")): Object: 'Object Repository/Выручка по ДЗО/Применить в фильтре Выручка' is clicked on

11-03-2025T03:39:36 - [MESSAGE][PASSED] - Object: 'Object Repository/Выручка по ДЗО/Применить в фильтре Выручка' is clicked on

11-03-2025T03:39:36 - [TEST_STEP][PASSED] - Script1687405711779.Test(todaysDate): null

11-03-2025T03:39:36 - [TEST_STEP][PASSED] - delay(10): Delayed 10 second(s)

11-03-2025T03:39:46 - [MESSAGE][PASSED] - Delayed 10 second(s)

11-03-2025T03:39:46 - [TEST_STEP][FAILED] - if (verifyTextNotPresent("нет данных", false) == true): Text 'нет данных' is present on page  (Root cause: com.kms.katalon.core.exception.StepFailedException: Text 'нет данных' is present on page 
	at com.kms.katalon.core.webui.keyword.internal.WebUIKeywordMain.stepFailed(WebUIKeywordMain.groovy:64)
	at com.kms.katalon.core.webui.keyword.builtin.VerifyTextNotPresentKeyword$_verifyTextNotPresent_closure1.doCall(VerifyTextNotPresentKeyword.groovy:77)
	at com.kms.katalon.core.webui.keyword.builtin.VerifyTextNotPresentKeyword$_verifyTextNotPresent_closure1.call(VerifyTextNotPresentKeyword.groovy)
	at com.kms.katalon.core.webui.keyword.internal.WebUIKeywordMain.runKeyword(WebUIKeywordMain.groovy:20)
	at com.kms.katalon.core.webui.keyword.builtin.VerifyTextNotPresentKeyword.verifyTextNotPresent(VerifyTextNotPresentKeyword.groovy:82)
	at com.kms.katalon.core.webui.keyword.builtin.VerifyTextNotPresentKeyword.execute(VerifyTextNotPresentKeyword.groovy:68)
	at com.kms.katalon.core.keyword.internal.KeywordExecutor.executeKeywordForPlatform(KeywordExecutor.groovy:74)
	at com.kms.katalon.core.webui.keyword.WebUiBuiltInKeywords.verifyTextNotPresent(WebUiBuiltInKeywords.groovy:1795)
	at Выручка по ДЗО отображение данных все филиалы.Test(Выручка по ДЗО отображение данных все филиалы:772)
	at Выручка по ДЗО отображение данных все филиалы.Tumbler(Выручка по ДЗО отображение данных все филиалы:726)
	at Выручка по ДЗО отображение данных все филиалы.Change(Выручка по ДЗО отображение данных все филиалы:760)
	at Выручка по ДЗО отображение данных все филиалы.DzoTest(Выручка по ДЗО отображение данных все филиалы:546)
	at Выручка по ДЗО отображение данных все филиалы.run(Выручка по ДЗО отображение данных все филиалы:122)
	at com.kms.katalon.core.main.ScriptEngine.run(ScriptEngine.java:194)
	at com.kms.katalon.core.main.ScriptEngine.runScriptAsRawText(ScriptEngine.java:119)
	at com.kms.katalon.core.main.TestCaseExecutor.runScript(TestCaseExecutor.java:448)
	at com.kms.katalon.core.main.TestCaseExecutor.doExecute(TestCaseExecutor.java:439)
	at com.kms.katalon.core.main.TestCaseExecutor.processExecutionPhase(TestCaseExecutor.java:418)
	at com.kms.katalon.core.main.TestCaseExecutor.accessMainPhase(TestCaseExecutor.java:410)
	at com.kms.katalon.core.main.TestCaseExecutor.execute(TestCaseExecutor.java:285)
	at com.kms.katalon.core.common.CommonExecutor.accessTestCaseMainPhase(CommonExecutor.java:65)
	at com.kms.katalon.core.main.TestSuiteExecutor.accessTestSuiteMainPhase(TestSuiteExecutor.java:150)
	at com.kms.katalon.core.main.TestSuiteExecutor.execute(TestSuiteExecutor.java:106)
	at com.kms.katalon.core.main.TestCaseMain.startTestSuite(TestCaseMain.java:180)
	at TempTestSuite1741649958618.run(TempTestSuite1741649958618.groovy:35)
	at java.base/jdk.internal.reflect.NativeMethodAccessorImpl.invoke0(Native Method)
	at java.base/jdk.internal.reflect.NativeMethodAccessorImpl.invoke(NativeMethodAccessorImpl.java:77)
	at java.base/jdk.internal.reflect.DelegatingMethodAccessorImpl.invoke(DelegatingMethodAccessorImpl.java:43)
)

11-03-2025T03:39:47 - [MESSAGE][FAILED] - Text 'нет данных' is present on page  (Root cause: com.kms.katalon.core.exception.StepFailedException: Text 'нет данных' is present on page 
	at com.kms.katalon.core.webui.keyword.internal.WebUIKeywordMain.stepFailed(WebUIKeywordMain.groovy:64)
	at com.kms.katalon.core.webui.keyword.builtin.VerifyTextNotPresentKeyword$_verifyTextNotPresent_closure1.doCall(VerifyTextNotPresentKeyword.groovy:77)
	at com.kms.katalon.core.webui.keyword.builtin.VerifyTextNotPresentKeyword$_verifyTextNotPresent_closure1.call(VerifyTextNotPresentKeyword.groovy)
	at com.kms.katalon.core.webui.keyword.internal.WebUIKeywordMain.runKeyword(WebUIKeywordMain.groovy:20)
	at com.kms.katalon.core.webui.keyword.builtin.VerifyTextNotPresentKeyword.verifyTextNotPresent(VerifyTextNotPresentKeyword.groovy:82)
	at com.kms.katalon.core.webui.keyword.builtin.VerifyTextNotPresentKeyword.execute(VerifyTextNotPresentKeyword.groovy:68)
	at com.kms.katalon.core.keyword.internal.KeywordExecutor.executeKeywordForPlatform(KeywordExecutor.groovy:74)
	at com.kms.katalon.core.webui.keyword.WebUiBuiltInKeywords.verifyTextNotPresent(WebUiBuiltInKeywords.groovy:1795)
	at Выручка по ДЗО отображение данных все филиалы.Test(Выручка по ДЗО отображение данных все филиалы:772)
	at Выручка по ДЗО отображение данных все филиалы.Tumbler(Выручка по ДЗО отображение данных все филиалы:726)
	at Выручка по ДЗО отображение данных все филиалы.Change(Выручка по ДЗО отображение данных все филиалы:760)
	at Выручка по ДЗО отображение данных все филиалы.DzoTest(Выручка по ДЗО отображение данных все филиалы:546)
	at Выручка по ДЗО отображение данных все филиалы.run(Выручка по ДЗО отображение данных все филиалы:122)
	at com.kms.katalon.core.main.ScriptEngine.run(ScriptEngine.java:194)
	at com.kms.katalon.core.main.ScriptEngine.runScriptAsRawText(ScriptEngine.java:119)
	at com.kms.katalon.core.main.TestCaseExecutor.runScript(TestCaseExecutor.java:448)
	at com.kms.katalon.core.main.TestCaseExecutor.doExecute(TestCaseExecutor.java:439)
	at com.kms.katalon.core.main.TestCaseExecutor.processExecutionPhase(TestCaseExecutor.java:418)
	at com.kms.katalon.core.main.TestCaseExecutor.accessMainPhase(TestCaseExecutor.java:410)
	at com.kms.katalon.core.main.TestCaseExecutor.execute(TestCaseExecutor.java:285)
	at com.kms.katalon.core.common.CommonExecutor.accessTestCaseMainPhase(CommonExecutor.java:65)
	at com.kms.katalon.core.main.TestSuiteExecutor.accessTestSuiteMainPhase(TestSuiteExecutor.java:150)
	at com.kms.katalon.core.main.TestSuiteExecutor.execute(TestSuiteExecutor.java:106)
	at com.kms.katalon.core.main.TestCaseMain.startTestSuite(TestCaseMain.java:180)
	at TempTestSuite1741649958618.run(TempTestSuite1741649958618.groovy:35)
	at java.base/jdk.internal.reflect.NativeMethodAccessorImpl.invoke0(Native Method)
	at java.base/jdk.internal.reflect.NativeMethodAccessorImpl.invoke(NativeMethodAccessorImpl.java:77)
	at java.base/jdk.internal.reflect.DelegatingMethodAccessorImpl.invoke(DelegatingMethodAccessorImpl.java:43)
)

11-03-2025T03:39:47 - [TEST_STEP][PASSED] - else: null

11-03-2025T03:39:47 - [TEST_STEP][PASSED] - Script1687405711779.WriteToExcel(todaysDate): null

11-03-2025T03:39:47 - [TEST_STEP][PASSED] - sheetName = "Sheet1": null

11-03-2025T03:39:47 - [TEST_STEP][PASSED] - data = findTestData("PlanFact"): null

11-03-2025T03:39:47 - [TEST_STEP][PASSED] - n = data.getRowNumbers() + 1: null

11-03-2025T03:39:47 - [TEST_STEP][PASSED] - dZO = getText(findTestObject("Выручка по ДЗО/Фильтр ДЗО")): Text of object 'Object Repository/Выручка по ДЗО/Фильтр ДЗО' is: 'ПАО Россети - РаспредКомплекс - Россети Центр - Костромаэнерго'

11-03-2025T03:39:47 - [MESSAGE][PASSED] - Text of object 'Object Repository/Выручка по ДЗО/Фильтр ДЗО' is: 'ПАО Россети - РаспредКомплекс - Россети Центр - Костромаэнерго'

11-03-2025T03:39:47 - [TEST_STEP][PASSED] - period = getText(findTestObject("Выручка по ДЗО/Фильтр Дата")): Text of object 'Object Repository/Выручка по ДЗО/Фильтр Дата' is: 'Январь 2025 года'

11-03-2025T03:39:47 - [MESSAGE][PASSED] - Text of object 'Object Repository/Выручка по ДЗО/Фильтр Дата' is: 'Январь 2025 года'

11-03-2025T03:39:47 - [TEST_STEP][PASSED] - viruchka = getText(findTestObject("Выручка по ДЗО/Фильтр Выручка")): Text of object 'Object Repository/Выручка по ДЗО/Фильтр Выручка' is: 'внутренний оборот'

11-03-2025T03:39:47 - [MESSAGE][PASSED] - Text of object 'Object Repository/Выручка по ДЗО/Фильтр Выручка' is: 'внутренний оборот'

11-03-2025T03:39:47 - [TEST_STEP][PASSED] - if (viruchka == "Выбрано: 2"): null

11-03-2025T03:39:47 - [TEST_STEP][PASSED] - if (viruchka == "Все"): null

11-03-2025T03:39:47 - [TEST_STEP][PASSED] - println(period): null

11-03-2025T03:39:47 - [TEST_STEP][PASSED] - dashboardName = "Выручка по ДЗО": null

11-03-2025T03:39:47 - [TEST_STEP][PASSED] - workbook01 = getWorkbook(excelFilePath): null

11-03-2025T03:39:47 - [TEST_STEP][PASSED] - sheet01 = getExcelSheet(workbook01, sheetName): null

11-03-2025T03:39:47 - [TEST_STEP][PASSED] - setValueToCellByIndex(sheet01, n, 0, dashboardName): null

11-03-2025T03:39:47 - [TEST_STEP][PASSED] - setValueToCellByIndex(sheet01, n, 1, dZO): null

11-03-2025T03:39:47 - [TEST_STEP][PASSED] - setValueToCellByIndex(sheet01, n, 2, period): null

11-03-2025T03:39:47 - [TEST_STEP][PASSED] - setValueToCellByIndex(sheet01, n, 3, viruchka): null

11-03-2025T03:39:47 - [TEST_STEP][PASSED] - setValueToCellByIndex(sheet01, n, 4, todaysDate): null

11-03-2025T03:39:47 - [TEST_STEP][PASSED] - n = n + 1: null

11-03-2025T03:39:47 - [TEST_STEP][PASSED] - saveWorkbook(excelFilePath, workbook01): null

11-03-2025T03:39:48 - [TEST_STEP][PASSED] - click(findTestObject("Выручка по ДЗО/Фильтр Выручка")): Object: 'Object Repository/Выручка по ДЗО/Фильтр Выручка' is clicked on

11-03-2025T03:39:48 - [MESSAGE][PASSED] - Object: 'Object Repository/Выручка по ДЗО/Фильтр Выручка' is clicked on

11-03-2025T03:39:48 - [TEST_STEP][PASSED] - click(findTestObject("Выручка по ДЗО/По передаче в фильтре Выручка")): Object: 'Object Repository/Выручка по ДЗО/По передаче в фильтре Выручка' is clicked on

11-03-2025T03:39:48 - [MESSAGE][PASSED] - Object: 'Object Repository/Выручка по ДЗО/По передаче в фильтре Выручка' is clicked on

11-03-2025T03:39:48 - [TEST_STEP][PASSED] - click(findTestObject("Выручка по ДЗО/Применить в фильтре Выручка")): Object: 'Object Repository/Выручка по ДЗО/Применить в фильтре Выручка' is clicked on

11-03-2025T03:39:49 - [MESSAGE][PASSED] - Object: 'Object Repository/Выручка по ДЗО/Применить в фильтре Выручка' is clicked on

11-03-2025T03:39:49 - [TEST_STEP][PASSED] - Script1687405711779.Test(todaysDate): null

11-03-2025T03:39:49 - [TEST_STEP][PASSED] - delay(10): Delayed 10 second(s)

11-03-2025T03:39:59 - [MESSAGE][PASSED] - Delayed 10 second(s)

11-03-2025T03:39:59 - [TEST_STEP][PASSED] - if (verifyTextNotPresent("нет данных", false) == true): null

11-03-2025T03:40:00 - [MESSAGE][PASSED] - Text 'нет данных' is not present on page

11-03-2025T03:40:00 - [TEST_STEP][PASSED] - if (verifyTextNotPresent("Ошибка запроса данных", false) == true): null

11-03-2025T03:40:00 - [MESSAGE][PASSED] - Text 'Ошибка запроса данных' is not present on page

11-03-2025T03:40:00 - [TEST_STEP][PASSED] - if (verifyTextNotPresent("Произошла ошибка при выполнении пользовательского кода", false) == true): null

11-03-2025T03:40:01 - [MESSAGE][PASSED] - Text 'Произошла ошибка при выполнении пользовательского кода' is not present on page

11-03-2025T03:40:01 - [TEST_STEP][PASSED] - if (verifyTextNotPresent("У виджета нет данных", false) == true): null

11-03-2025T03:40:01 - [MESSAGE][PASSED] - Text 'У виджета нет данных' is not present on page

11-03-2025T03:40:01 - [TEST_STEP][PASSED] - if (verifyTextNotPresent("У виджета нет данных", false) == true): Text 'У виджета нет данных' is not present on page

11-03-2025T03:40:02 - [MESSAGE][PASSED] - Text 'У виджета нет данных' is not present on page

11-03-2025T03:40:02 - [TEST_STEP][PASSED] - click(findTestObject("Выручка по ДЗО/Фильтр Выручка")): Object: 'Object Repository/Выручка по ДЗО/Фильтр Выручка' is clicked on

11-03-2025T03:40:02 - [MESSAGE][PASSED] - Object: 'Object Repository/Выручка по ДЗО/Фильтр Выручка' is clicked on

11-03-2025T03:40:02 - [TEST_STEP][PASSED] - click(findTestObject("Выручка по ДЗО/Снять выделение в фильтре Выручка")): Object: 'Object Repository/Выручка по ДЗО/Снять выделение в фильтре Выручка' is clicked on

11-03-2025T03:40:03 - [MESSAGE][PASSED] - Object: 'Object Repository/Выручка по ДЗО/Снять выделение в фильтре Выручка' is clicked on

11-03-2025T03:40:03 - [TEST_STEP][PASSED] - click(findTestObject("Выручка по ДЗО/По передаче в фильтре Выручка")): Object: 'Object Repository/Выручка по ДЗО/По передаче в фильтре Выручка' is clicked on

11-03-2025T03:40:03 - [MESSAGE][PASSED] - Object: 'Object Repository/Выручка по ДЗО/По передаче в фильтре Выручка' is clicked on

11-03-2025T03:40:03 - [TEST_STEP][PASSED] - click(findTestObject("Выручка по ДЗО/Применить в фильтре Выручка")): Object: 'Object Repository/Выручка по ДЗО/Применить в фильтре Выручка' is clicked on

11-03-2025T03:40:04 - [MESSAGE][PASSED] - Object: 'Object Repository/Выручка по ДЗО/Применить в фильтре Выручка' is clicked on

11-03-2025T03:40:04 - [TEST_STEP][PASSED] - Script1687405711779.Test(todaysDate): null

11-03-2025T03:40:04 - [TEST_STEP][PASSED] - delay(10): Delayed 10 second(s)

11-03-2025T03:40:14 - [MESSAGE][PASSED] - Delayed 10 second(s)

11-03-2025T03:40:14 - [TEST_STEP][PASSED] - if (verifyTextNotPresent("нет данных", false) == true): null

11-03-2025T03:40:14 - [MESSAGE][PASSED] - Text 'нет данных' is not present on page

11-03-2025T03:40:14 - [TEST_STEP][PASSED] - if (verifyTextNotPresent("Ошибка запроса данных", false) == true): null

11-03-2025T03:40:15 - [MESSAGE][PASSED] - Text 'Ошибка запроса данных' is not present on page

11-03-2025T03:40:15 - [TEST_STEP][PASSED] - if (verifyTextNotPresent("Произошла ошибка при выполнении пользовательского кода", false) == true): null

11-03-2025T03:40:15 - [MESSAGE][PASSED] - Text 'Произошла ошибка при выполнении пользовательского кода' is not present on page

11-03-2025T03:40:15 - [TEST_STEP][PASSED] - if (verifyTextNotPresent("У виджета нет данных", false) == true): null

11-03-2025T03:40:16 - [MESSAGE][PASSED] - Text 'У виджета нет данных' is not present on page

11-03-2025T03:40:16 - [TEST_STEP][PASSED] - if (verifyTextNotPresent("У виджета нет данных", false) == true): Text 'У виджета нет данных' is not present on page

11-03-2025T03:40:16 - [MESSAGE][PASSED] - Text 'У виджета нет данных' is not present on page

11-03-2025T03:40:16 - [TEST_STEP][PASSED] - click(findTestObject("Выручка по ДЗО/Фильтр Выручка")): Object: 'Object Repository/Выручка по ДЗО/Фильтр Выручка' is clicked on

11-03-2025T03:40:17 - [MESSAGE][PASSED] - Object: 'Object Repository/Выручка по ДЗО/Фильтр Выручка' is clicked on

11-03-2025T03:40:17 - [TEST_STEP][PASSED] - click(findTestObject("Выручка по ДЗО/Снять выделение в фильтре Выручка")): Object: 'Object Repository/Выручка по ДЗО/Снять выделение в фильтре Выручка' is clicked on

11-03-2025T03:40:17 - [MESSAGE][PASSED] - Object: 'Object Repository/Выручка по ДЗО/Снять выделение в фильтре Выручка' is clicked on

11-03-2025T03:40:17 - [TEST_STEP][PASSED] - click(findTestObject("Выручка по ДЗО/Применить в фильтре Выручка")): Object: 'Object Repository/Выручка по ДЗО/Применить в фильтре Выручка' is clicked on

11-03-2025T03:40:18 - [MESSAGE][PASSED] - Object: 'Object Repository/Выручка по ДЗО/Применить в фильтре Выручка' is clicked on

11-03-2025T03:40:18 - [TEST_STEP][PASSED] - click(findTestObject("Выручка по ДЗО/Фильтр ДЗО")): Object: 'Object Repository/Выручка по ДЗО/Фильтр ДЗО' is clicked on

11-03-2025T03:40:19 - [MESSAGE][PASSED] - Object: 'Object Repository/Выручка по ДЗО/Фильтр ДЗО' is clicked on

11-03-2025T03:40:19 - [TEST_STEP][PASSED] - click(findTestObject("Выручка по ДЗО/Снять выделение в фильтре ДЗО")): Object: 'Object Repository/Выручка по ДЗО/Снять выделение в фильтре ДЗО' is clicked on

11-03-2025T03:40:19 - [MESSAGE][PASSED] - Object: 'Object Repository/Выручка по ДЗО/Снять выделение в фильтре ДЗО' is clicked on

11-03-2025T03:40:19 - [TEST_STEP][PASSED] - scrollToElement(findTestObject("Общие объекты/Курскэнерго"), 30): Scroll to object 'Object Repository/Общие объекты/Курскэнерго' successfully

11-03-2025T03:40:19 - [MESSAGE][PASSED] - Scroll to object 'Object Repository/Общие объекты/Курскэнерго' successfully

11-03-2025T03:40:19 - [TEST_STEP][PASSED] - click(findTestObject("Общие объекты/Курскэнерго"), CONTINUE_ON_FAILURE): Object: 'Object Repository/Общие объекты/Курскэнерго' is clicked on

11-03-2025T03:40:20 - [MESSAGE][PASSED] - Object: 'Object Repository/Общие объекты/Курскэнерго' is clicked on

11-03-2025T03:40:20 - [TEST_STEP][PASSED] - Script1687405711779.Change(todaysDate): null

11-03-2025T03:40:20 - [TEST_STEP][PASSED] - scrollToElement(findTestObject("Выручка по ДЗО/Заголовок дашборда"), 30): Scroll to object 'Object Repository/Выручка по ДЗО/Заголовок дашборда' successfully

11-03-2025T03:40:20 - [MESSAGE][PASSED] - Scroll to object 'Object Repository/Выручка по ДЗО/Заголовок дашборда' successfully

11-03-2025T03:40:20 - [TEST_STEP][PASSED] - click(findTestObject("Выручка по ДЗО/Применить в фильтре ДЗО")): Object: 'Object Repository/Выручка по ДЗО/Применить в фильтре ДЗО' is clicked on

11-03-2025T03:40:21 - [MESSAGE][PASSED] - Object: 'Object Repository/Выручка по ДЗО/Применить в фильтре ДЗО' is clicked on

11-03-2025T03:40:21 - [TEST_STEP][PASSED] - Script1687405711779.Tumbler(todaysDate): null

11-03-2025T03:40:21 - [TEST_STEP][PASSED] - Script1687405711779.Test(todaysDate): null

11-03-2025T03:40:21 - [TEST_STEP][PASSED] - delay(10): Delayed 10 second(s)

11-03-2025T03:40:31 - [MESSAGE][PASSED] - Delayed 10 second(s)

11-03-2025T03:40:31 - [TEST_STEP][PASSED] - if (verifyTextNotPresent("нет данных", false) == true): null

11-03-2025T03:40:31 - [MESSAGE][PASSED] - Text 'нет данных' is not present on page

11-03-2025T03:40:31 - [TEST_STEP][PASSED] - if (verifyTextNotPresent("Ошибка запроса данных", false) == true): null

11-03-2025T03:40:32 - [MESSAGE][PASSED] - Text 'Ошибка запроса данных' is not present on page

11-03-2025T03:40:32 - [TEST_STEP][PASSED] - if (verifyTextNotPresent("Произошла ошибка при выполнении пользовательского кода", false) == true): null

11-03-2025T03:40:32 - [MESSAGE][PASSED] - Text 'Произошла ошибка при выполнении пользовательского кода' is not present on page

11-03-2025T03:40:32 - [TEST_STEP][PASSED] - if (verifyTextNotPresent("У виджета нет данных", false) == true): null

11-03-2025T03:40:33 - [MESSAGE][PASSED] - Text 'У виджета нет данных' is not present on page

11-03-2025T03:40:33 - [TEST_STEP][PASSED] - if (verifyTextNotPresent("У виджета нет данных", false) == true): Text 'У виджета нет данных' is not present on page

11-03-2025T03:40:33 - [MESSAGE][PASSED] - Text 'У виджета нет данных' is not present on page

11-03-2025T03:40:33 - [TEST_STEP][PASSED] - click(findTestObject("Выручка по ДЗО/Фильтр Выручка")): Object: 'Object Repository/Выручка по ДЗО/Фильтр Выручка' is clicked on

11-03-2025T03:40:34 - [MESSAGE][PASSED] - Object: 'Object Repository/Выручка по ДЗО/Фильтр Выручка' is clicked on

11-03-2025T03:40:34 - [TEST_STEP][PASSED] - click(findTestObject("Выручка по ДЗО/Внутренний оборот в фильтре Выручка")): Object: 'Object Repository/Выручка по ДЗО/Внутренний оборот в фильтре Выручка' is clicked on

11-03-2025T03:40:34 - [MESSAGE][PASSED] - Object: 'Object Repository/Выручка по ДЗО/Внутренний оборот в фильтре Выручка' is clicked on

11-03-2025T03:40:34 - [TEST_STEP][PASSED] - click(findTestObject("Выручка по ДЗО/Применить в фильтре Выручка")): Object: 'Object Repository/Выручка по ДЗО/Применить в фильтре Выручка' is clicked on

11-03-2025T03:40:35 - [MESSAGE][PASSED] - Object: 'Object Repository/Выручка по ДЗО/Применить в фильтре Выручка' is clicked on

11-03-2025T03:40:35 - [TEST_STEP][PASSED] - Script1687405711779.Test(todaysDate): null

11-03-2025T03:40:35 - [TEST_STEP][PASSED] - delay(10): Delayed 10 second(s)

11-03-2025T03:40:45 - [MESSAGE][PASSED] - Delayed 10 second(s)

11-03-2025T03:40:45 - [TEST_STEP][FAILED] - if (verifyTextNotPresent("нет данных", false) == true): Text 'нет данных' is present on page  (Root cause: com.kms.katalon.core.exception.StepFailedException: Text 'нет данных' is present on page 
	at com.kms.katalon.core.webui.keyword.internal.WebUIKeywordMain.stepFailed(WebUIKeywordMain.groovy:64)
	at com.kms.katalon.core.webui.keyword.builtin.VerifyTextNotPresentKeyword$_verifyTextNotPresent_closure1.doCall(VerifyTextNotPresentKeyword.groovy:77)
	at com.kms.katalon.core.webui.keyword.builtin.VerifyTextNotPresentKeyword$_verifyTextNotPresent_closure1.call(VerifyTextNotPresentKeyword.groovy)
	at com.kms.katalon.core.webui.keyword.internal.WebUIKeywordMain.runKeyword(WebUIKeywordMain.groovy:20)
	at com.kms.katalon.core.webui.keyword.builtin.VerifyTextNotPresentKeyword.verifyTextNotPresent(VerifyTextNotPresentKeyword.groovy:82)
	at com.kms.katalon.core.webui.keyword.builtin.VerifyTextNotPresentKeyword.execute(VerifyTextNotPresentKeyword.groovy:68)
	at com.kms.katalon.core.keyword.internal.KeywordExecutor.executeKeywordForPlatform(KeywordExecutor.groovy:74)
	at com.kms.katalon.core.webui.keyword.WebUiBuiltInKeywords.verifyTextNotPresent(WebUiBuiltInKeywords.groovy:1795)
	at Выручка по ДЗО отображение данных все филиалы.Test(Выручка по ДЗО отображение данных все филиалы:772)
	at Выручка по ДЗО отображение данных все филиалы.Tumbler(Выручка по ДЗО отображение данных все филиалы:726)
	at Выручка по ДЗО отображение данных все филиалы.Change(Выручка по ДЗО отображение данных все филиалы:760)
	at Выручка по ДЗО отображение данных все филиалы.DzoTest(Выручка по ДЗО отображение данных все филиалы:552)
	at Выручка по ДЗО отображение данных все филиалы.run(Выручка по ДЗО отображение данных все филиалы:122)
	at com.kms.katalon.core.main.ScriptEngine.run(ScriptEngine.java:194)
	at com.kms.katalon.core.main.ScriptEngine.runScriptAsRawText(ScriptEngine.java:119)
	at com.kms.katalon.core.main.TestCaseExecutor.runScript(TestCaseExecutor.java:448)
	at com.kms.katalon.core.main.TestCaseExecutor.doExecute(TestCaseExecutor.java:439)
	at com.kms.katalon.core.main.TestCaseExecutor.processExecutionPhase(TestCaseExecutor.java:418)
	at com.kms.katalon.core.main.TestCaseExecutor.accessMainPhase(TestCaseExecutor.java:410)
	at com.kms.katalon.core.main.TestCaseExecutor.execute(TestCaseExecutor.java:285)
	at com.kms.katalon.core.common.CommonExecutor.accessTestCaseMainPhase(CommonExecutor.java:65)
	at com.kms.katalon.core.main.TestSuiteExecutor.accessTestSuiteMainPhase(TestSuiteExecutor.java:150)
	at com.kms.katalon.core.main.TestSuiteExecutor.execute(TestSuiteExecutor.java:106)
	at com.kms.katalon.core.main.TestCaseMain.startTestSuite(TestCaseMain.java:180)
	at TempTestSuite1741649958618.run(TempTestSuite1741649958618.groovy:35)
	at java.base/jdk.internal.reflect.NativeMethodAccessorImpl.invoke0(Native Method)
	at java.base/jdk.internal.reflect.NativeMethodAccessorImpl.invoke(NativeMethodAccessorImpl.java:77)
	at java.base/jdk.internal.reflect.DelegatingMethodAccessorImpl.invoke(DelegatingMethodAccessorImpl.java:43)
)

11-03-2025T03:40:45 - [MESSAGE][FAILED] - Text 'нет данных' is present on page  (Root cause: com.kms.katalon.core.exception.StepFailedException: Text 'нет данных' is present on page 
	at com.kms.katalon.core.webui.keyword.internal.WebUIKeywordMain.stepFailed(WebUIKeywordMain.groovy:64)
	at com.kms.katalon.core.webui.keyword.builtin.VerifyTextNotPresentKeyword$_verifyTextNotPresent_closure1.doCall(VerifyTextNotPresentKeyword.groovy:77)
	at com.kms.katalon.core.webui.keyword.builtin.VerifyTextNotPresentKeyword$_verifyTextNotPresent_closure1.call(VerifyTextNotPresentKeyword.groovy)
	at com.kms.katalon.core.webui.keyword.internal.WebUIKeywordMain.runKeyword(WebUIKeywordMain.groovy:20)
	at com.kms.katalon.core.webui.keyword.builtin.VerifyTextNotPresentKeyword.verifyTextNotPresent(VerifyTextNotPresentKeyword.groovy:82)
	at com.kms.katalon.core.webui.keyword.builtin.VerifyTextNotPresentKeyword.execute(VerifyTextNotPresentKeyword.groovy:68)
	at com.kms.katalon.core.keyword.internal.KeywordExecutor.executeKeywordForPlatform(KeywordExecutor.groovy:74)
	at com.kms.katalon.core.webui.keyword.WebUiBuiltInKeywords.verifyTextNotPresent(WebUiBuiltInKeywords.groovy:1795)
	at Выручка по ДЗО отображение данных все филиалы.Test(Выручка по ДЗО отображение данных все филиалы:772)
	at Выручка по ДЗО отображение данных все филиалы.Tumbler(Выручка по ДЗО отображение данных все филиалы:726)
	at Выручка по ДЗО отображение данных все филиалы.Change(Выручка по ДЗО отображение данных все филиалы:760)
	at Выручка по ДЗО отображение данных все филиалы.DzoTest(Выручка по ДЗО отображение данных все филиалы:552)
	at Выручка по ДЗО отображение данных все филиалы.run(Выручка по ДЗО отображение данных все филиалы:122)
	at com.kms.katalon.core.main.ScriptEngine.run(ScriptEngine.java:194)
	at com.kms.katalon.core.main.ScriptEngine.runScriptAsRawText(ScriptEngine.java:119)
	at com.kms.katalon.core.main.TestCaseExecutor.runScript(TestCaseExecutor.java:448)
	at com.kms.katalon.core.main.TestCaseExecutor.doExecute(TestCaseExecutor.java:439)
	at com.kms.katalon.core.main.TestCaseExecutor.processExecutionPhase(TestCaseExecutor.java:418)
	at com.kms.katalon.core.main.TestCaseExecutor.accessMainPhase(TestCaseExecutor.java:410)
	at com.kms.katalon.core.main.TestCaseExecutor.execute(TestCaseExecutor.java:285)
	at com.kms.katalon.core.common.CommonExecutor.accessTestCaseMainPhase(CommonExecutor.java:65)
	at com.kms.katalon.core.main.TestSuiteExecutor.accessTestSuiteMainPhase(TestSuiteExecutor.java:150)
	at com.kms.katalon.core.main.TestSuiteExecutor.execute(TestSuiteExecutor.java:106)
	at com.kms.katalon.core.main.TestCaseMain.startTestSuite(TestCaseMain.java:180)
	at TempTestSuite1741649958618.run(TempTestSuite1741649958618.groovy:35)
	at java.base/jdk.internal.reflect.NativeMethodAccessorImpl.invoke0(Native Method)
	at java.base/jdk.internal.reflect.NativeMethodAccessorImpl.invoke(NativeMethodAccessorImpl.java:77)
	at java.base/jdk.internal.reflect.DelegatingMethodAccessorImpl.invoke(DelegatingMethodAccessorImpl.java:43)
)

11-03-2025T03:40:45 - [TEST_STEP][PASSED] - else: null

11-03-2025T03:40:45 - [TEST_STEP][PASSED] - Script1687405711779.WriteToExcel(todaysDate): null

11-03-2025T03:40:45 - [TEST_STEP][PASSED] - sheetName = "Sheet1": null

11-03-2025T03:40:45 - [TEST_STEP][PASSED] - data = findTestData("PlanFact"): null

11-03-2025T03:40:45 - [TEST_STEP][PASSED] - n = data.getRowNumbers() + 1: null

11-03-2025T03:40:45 - [TEST_STEP][PASSED] - dZO = getText(findTestObject("Выручка по ДЗО/Фильтр ДЗО")): Text of object 'Object Repository/Выручка по ДЗО/Фильтр ДЗО' is: 'ПАО Россети - РаспредКомплекс - Россети Центр - Курскэнерго'

11-03-2025T03:40:46 - [MESSAGE][PASSED] - Text of object 'Object Repository/Выручка по ДЗО/Фильтр ДЗО' is: 'ПАО Россети - РаспредКомплекс - Россети Центр - Курскэнерго'

11-03-2025T03:40:46 - [TEST_STEP][PASSED] - period = getText(findTestObject("Выручка по ДЗО/Фильтр Дата")): Text of object 'Object Repository/Выручка по ДЗО/Фильтр Дата' is: 'Январь 2025 года'

11-03-2025T03:40:46 - [MESSAGE][PASSED] - Text of object 'Object Repository/Выручка по ДЗО/Фильтр Дата' is: 'Январь 2025 года'

11-03-2025T03:40:46 - [TEST_STEP][PASSED] - viruchka = getText(findTestObject("Выручка по ДЗО/Фильтр Выручка")): Text of object 'Object Repository/Выручка по ДЗО/Фильтр Выручка' is: 'внутренний оборот'

11-03-2025T03:40:46 - [MESSAGE][PASSED] - Text of object 'Object Repository/Выручка по ДЗО/Фильтр Выручка' is: 'внутренний оборот'

11-03-2025T03:40:46 - [TEST_STEP][PASSED] - if (viruchka == "Выбрано: 2"): null

11-03-2025T03:40:46 - [TEST_STEP][PASSED] - if (viruchka == "Все"): null

11-03-2025T03:40:46 - [TEST_STEP][PASSED] - println(period): null

11-03-2025T03:40:46 - [TEST_STEP][PASSED] - dashboardName = "Выручка по ДЗО": null

11-03-2025T03:40:46 - [TEST_STEP][PASSED] - workbook01 = getWorkbook(excelFilePath): null

11-03-2025T03:40:46 - [TEST_STEP][PASSED] - sheet01 = getExcelSheet(workbook01, sheetName): null

11-03-2025T03:40:46 - [TEST_STEP][PASSED] - setValueToCellByIndex(sheet01, n, 0, dashboardName): null

11-03-2025T03:40:46 - [TEST_STEP][PASSED] - setValueToCellByIndex(sheet01, n, 1, dZO): null

11-03-2025T03:40:46 - [TEST_STEP][PASSED] - setValueToCellByIndex(sheet01, n, 2, period): null

11-03-2025T03:40:46 - [TEST_STEP][PASSED] - setValueToCellByIndex(sheet01, n, 3, viruchka): null

11-03-2025T03:40:46 - [TEST_STEP][PASSED] - setValueToCellByIndex(sheet01, n, 4, todaysDate): null

11-03-2025T03:40:46 - [TEST_STEP][PASSED] - n = n + 1: null

11-03-2025T03:40:46 - [TEST_STEP][PASSED] - saveWorkbook(excelFilePath, workbook01): null

11-03-2025T03:40:46 - [TEST_STEP][PASSED] - click(findTestObject("Выручка по ДЗО/Фильтр Выручка")): Object: 'Object Repository/Выручка по ДЗО/Фильтр Выручка' is clicked on

11-03-2025T03:40:47 - [MESSAGE][PASSED] - Object: 'Object Repository/Выручка по ДЗО/Фильтр Выручка' is clicked on

11-03-2025T03:40:47 - [TEST_STEP][PASSED] - click(findTestObject("Выручка по ДЗО/По передаче в фильтре Выручка")): Object: 'Object Repository/Выручка по ДЗО/По передаче в фильтре Выручка' is clicked on

11-03-2025T03:40:47 - [MESSAGE][PASSED] - Object: 'Object Repository/Выручка по ДЗО/По передаче в фильтре Выручка' is clicked on

11-03-2025T03:40:47 - [TEST_STEP][PASSED] - click(findTestObject("Выручка по ДЗО/Применить в фильтре Выручка")): Object: 'Object Repository/Выручка по ДЗО/Применить в фильтре Выручка' is clicked on

11-03-2025T03:40:48 - [MESSAGE][PASSED] - Object: 'Object Repository/Выручка по ДЗО/Применить в фильтре Выручка' is clicked on

11-03-2025T03:40:48 - [TEST_STEP][PASSED] - Script1687405711779.Test(todaysDate): null

11-03-2025T03:40:48 - [TEST_STEP][PASSED] - delay(10): Delayed 10 second(s)

11-03-2025T03:40:58 - [MESSAGE][PASSED] - Delayed 10 second(s)

11-03-2025T03:40:58 - [TEST_STEP][PASSED] - if (verifyTextNotPresent("нет данных", false) == true): null

11-03-2025T03:40:59 - [MESSAGE][PASSED] - Text 'нет данных' is not present on page

11-03-2025T03:40:59 - [TEST_STEP][PASSED] - if (verifyTextNotPresent("Ошибка запроса данных", false) == true): null

11-03-2025T03:40:59 - [MESSAGE][PASSED] - Text 'Ошибка запроса данных' is not present on page

11-03-2025T03:40:59 - [TEST_STEP][PASSED] - if (verifyTextNotPresent("Произошла ошибка при выполнении пользовательского кода", false) == true): null

11-03-2025T03:40:59 - [MESSAGE][PASSED] - Text 'Произошла ошибка при выполнении пользовательского кода' is not present on page

11-03-2025T03:40:59 - [TEST_STEP][PASSED] - if (verifyTextNotPresent("У виджета нет данных", false) == true): null

11-03-2025T03:41:00 - [MESSAGE][PASSED] - Text 'У виджета нет данных' is not present on page

11-03-2025T03:41:00 - [TEST_STEP][PASSED] - if (verifyTextNotPresent("У виджета нет данных", false) == true): Text 'У виджета нет данных' is not present on page

11-03-2025T03:41:00 - [MESSAGE][PASSED] - Text 'У виджета нет данных' is not present on page

11-03-2025T03:41:00 - [TEST_STEP][PASSED] - click(findTestObject("Выручка по ДЗО/Фильтр Выручка")): Object: 'Object Repository/Выручка по ДЗО/Фильтр Выручка' is clicked on

11-03-2025T03:41:01 - [MESSAGE][PASSED] - Object: 'Object Repository/Выручка по ДЗО/Фильтр Выручка' is clicked on

11-03-2025T03:41:01 - [TEST_STEP][PASSED] - click(findTestObject("Выручка по ДЗО/Снять выделение в фильтре Выручка")): Object: 'Object Repository/Выручка по ДЗО/Снять выделение в фильтре Выручка' is clicked on

11-03-2025T03:41:01 - [MESSAGE][PASSED] - Object: 'Object Repository/Выручка по ДЗО/Снять выделение в фильтре Выручка' is clicked on

11-03-2025T03:41:01 - [TEST_STEP][PASSED] - click(findTestObject("Выручка по ДЗО/По передаче в фильтре Выручка")): Object: 'Object Repository/Выручка по ДЗО/По передаче в фильтре Выручка' is clicked on

11-03-2025T03:41:02 - [MESSAGE][PASSED] - Object: 'Object Repository/Выручка по ДЗО/По передаче в фильтре Выручка' is clicked on

11-03-2025T03:41:02 - [TEST_STEP][PASSED] - click(findTestObject("Выручка по ДЗО/Применить в фильтре Выручка")): Object: 'Object Repository/Выручка по ДЗО/Применить в фильтре Выручка' is clicked on

11-03-2025T03:41:02 - [MESSAGE][PASSED] - Object: 'Object Repository/Выручка по ДЗО/Применить в фильтре Выручка' is clicked on

11-03-2025T03:41:02 - [TEST_STEP][PASSED] - Script1687405711779.Test(todaysDate): null

11-03-2025T03:41:02 - [TEST_STEP][PASSED] - delay(10): Delayed 10 second(s)

11-03-2025T03:41:12 - [MESSAGE][PASSED] - Delayed 10 second(s)

11-03-2025T03:41:12 - [TEST_STEP][PASSED] - if (verifyTextNotPresent("нет данных", false) == true): null

11-03-2025T03:41:13 - [MESSAGE][PASSED] - Text 'нет данных' is not present on page

11-03-2025T03:41:13 - [TEST_STEP][PASSED] - if (verifyTextNotPresent("Ошибка запроса данных", false) == true): null

11-03-2025T03:41:13 - [MESSAGE][PASSED] - Text 'Ошибка запроса данных' is not present on page

11-03-2025T03:41:13 - [TEST_STEP][PASSED] - if (verifyTextNotPresent("Произошла ошибка при выполнении пользовательского кода", false) == true): null

11-03-2025T03:41:14 - [MESSAGE][PASSED] - Text 'Произошла ошибка при выполнении пользовательского кода' is not present on page

11-03-2025T03:41:14 - [TEST_STEP][PASSED] - if (verifyTextNotPresent("У виджета нет данных", false) == true): null

11-03-2025T03:41:14 - [MESSAGE][PASSED] - Text 'У виджета нет данных' is not present on page

11-03-2025T03:41:14 - [TEST_STEP][PASSED] - if (verifyTextNotPresent("У виджета нет данных", false) == true): Text 'У виджета нет данных' is not present on page

11-03-2025T03:41:15 - [MESSAGE][PASSED] - Text 'У виджета нет данных' is not present on page

11-03-2025T03:41:15 - [TEST_STEP][PASSED] - click(findTestObject("Выручка по ДЗО/Фильтр Выручка")): Object: 'Object Repository/Выручка по ДЗО/Фильтр Выручка' is clicked on

11-03-2025T03:41:15 - [MESSAGE][PASSED] - Object: 'Object Repository/Выручка по ДЗО/Фильтр Выручка' is clicked on

11-03-2025T03:41:15 - [TEST_STEP][PASSED] - click(findTestObject("Выручка по ДЗО/Снять выделение в фильтре Выручка")): Object: 'Object Repository/Выручка по ДЗО/Снять выделение в фильтре Выручка' is clicked on

11-03-2025T03:41:15 - [MESSAGE][PASSED] - Object: 'Object Repository/Выручка по ДЗО/Снять выделение в фильтре Выручка' is clicked on

11-03-2025T03:41:15 - [TEST_STEP][PASSED] - click(findTestObject("Выручка по ДЗО/Применить в фильтре Выручка")): Object: 'Object Repository/Выручка по ДЗО/Применить в фильтре Выручка' is clicked on

11-03-2025T03:41:16 - [MESSAGE][PASSED] - Object: 'Object Repository/Выручка по ДЗО/Применить в фильтре Выручка' is clicked on

11-03-2025T03:41:16 - [TEST_STEP][PASSED] - click(findTestObject("Выручка по ДЗО/Фильтр ДЗО")): Object: 'Object Repository/Выручка по ДЗО/Фильтр ДЗО' is clicked on

11-03-2025T03:41:19 - [MESSAGE][PASSED] - Object: 'Object Repository/Выручка по ДЗО/Фильтр ДЗО' is clicked on

11-03-2025T03:41:19 - [TEST_STEP][PASSED] - click(findTestObject("Выручка по ДЗО/Снять выделение в фильтре ДЗО")): Object: 'Object Repository/Выручка по ДЗО/Снять выделение в фильтре ДЗО' is clicked on

11-03-2025T03:41:20 - [MESSAGE][PASSED] - Object: 'Object Repository/Выручка по ДЗО/Снять выделение в фильтре ДЗО' is clicked on

11-03-2025T03:41:20 - [TEST_STEP][PASSED] - scrollToElement(findTestObject("Общие объекты/Липецкэнерго"), 30): Scroll to object 'Object Repository/Общие объекты/Липецкэнерго' successfully

11-03-2025T03:41:20 - [MESSAGE][PASSED] - Scroll to object 'Object Repository/Общие объекты/Липецкэнерго' successfully

11-03-2025T03:41:20 - [TEST_STEP][PASSED] - click(findTestObject("Общие объекты/Липецкэнерго"), CONTINUE_ON_FAILURE): Object: 'Object Repository/Общие объекты/Липецкэнерго' is clicked on

11-03-2025T03:41:20 - [MESSAGE][PASSED] - Object: 'Object Repository/Общие объекты/Липецкэнерго' is clicked on

11-03-2025T03:41:20 - [TEST_STEP][PASSED] - Script1687405711779.Change(todaysDate): null

11-03-2025T03:41:20 - [TEST_STEP][PASSED] - scrollToElement(findTestObject("Выручка по ДЗО/Заголовок дашборда"), 30): Scroll to object 'Object Repository/Выручка по ДЗО/Заголовок дашборда' successfully

11-03-2025T03:41:21 - [MESSAGE][PASSED] - Scroll to object 'Object Repository/Выручка по ДЗО/Заголовок дашборда' successfully

11-03-2025T03:41:21 - [TEST_STEP][PASSED] - click(findTestObject("Выручка по ДЗО/Применить в фильтре ДЗО")): Object: 'Object Repository/Выручка по ДЗО/Применить в фильтре ДЗО' is clicked on

11-03-2025T03:41:22 - [MESSAGE][PASSED] - Object: 'Object Repository/Выручка по ДЗО/Применить в фильтре ДЗО' is clicked on

11-03-2025T03:41:22 - [TEST_STEP][PASSED] - Script1687405711779.Tumbler(todaysDate): null

11-03-2025T03:41:22 - [TEST_STEP][PASSED] - Script1687405711779.Test(todaysDate): null

11-03-2025T03:41:22 - [TEST_STEP][PASSED] - delay(10): Delayed 10 second(s)

11-03-2025T03:41:32 - [MESSAGE][PASSED] - Delayed 10 second(s)

11-03-2025T03:41:32 - [TEST_STEP][PASSED] - if (verifyTextNotPresent("нет данных", false) == true): null

11-03-2025T03:41:32 - [MESSAGE][PASSED] - Text 'нет данных' is not present on page

11-03-2025T03:41:32 - [TEST_STEP][PASSED] - if (verifyTextNotPresent("Ошибка запроса данных", false) == true): null

11-03-2025T03:41:33 - [MESSAGE][PASSED] - Text 'Ошибка запроса данных' is not present on page

11-03-2025T03:41:33 - [TEST_STEP][PASSED] - if (verifyTextNotPresent("Произошла ошибка при выполнении пользовательского кода", false) == true): null

11-03-2025T03:41:33 - [MESSAGE][PASSED] - Text 'Произошла ошибка при выполнении пользовательского кода' is not present on page

11-03-2025T03:41:33 - [TEST_STEP][PASSED] - if (verifyTextNotPresent("У виджета нет данных", false) == true): null

11-03-2025T03:41:34 - [MESSAGE][PASSED] - Text 'У виджета нет данных' is not present on page

11-03-2025T03:41:34 - [TEST_STEP][PASSED] - if (verifyTextNotPresent("У виджета нет данных", false) == true): Text 'У виджета нет данных' is not present on page

11-03-2025T03:41:34 - [MESSAGE][PASSED] - Text 'У виджета нет данных' is not present on page

11-03-2025T03:41:34 - [TEST_STEP][PASSED] - click(findTestObject("Выручка по ДЗО/Фильтр Выручка")): Object: 'Object Repository/Выручка по ДЗО/Фильтр Выручка' is clicked on

11-03-2025T03:41:34 - [MESSAGE][PASSED] - Object: 'Object Repository/Выручка по ДЗО/Фильтр Выручка' is clicked on

11-03-2025T03:41:34 - [TEST_STEP][PASSED] - click(findTestObject("Выручка по ДЗО/Внутренний оборот в фильтре Выручка")): Object: 'Object Repository/Выручка по ДЗО/Внутренний оборот в фильтре Выручка' is clicked on

11-03-2025T03:41:35 - [MESSAGE][PASSED] - Object: 'Object Repository/Выручка по ДЗО/Внутренний оборот в фильтре Выручка' is clicked on

11-03-2025T03:41:35 - [TEST_STEP][PASSED] - click(findTestObject("Выручка по ДЗО/Применить в фильтре Выручка")): Object: 'Object Repository/Выручка по ДЗО/Применить в фильтре Выручка' is clicked on

11-03-2025T03:41:36 - [MESSAGE][PASSED] - Object: 'Object Repository/Выручка по ДЗО/Применить в фильтре Выручка' is clicked on

11-03-2025T03:41:36 - [TEST_STEP][PASSED] - Script1687405711779.Test(todaysDate): null

11-03-2025T03:41:36 - [TEST_STEP][PASSED] - delay(10): Delayed 10 second(s)

11-03-2025T03:41:46 - [MESSAGE][PASSED] - Delayed 10 second(s)

11-03-2025T03:41:46 - [TEST_STEP][FAILED] - if (verifyTextNotPresent("нет данных", false) == true): Text 'нет данных' is present on page  (Root cause: com.kms.katalon.core.exception.StepFailedException: Text 'нет данных' is present on page 
	at com.kms.katalon.core.webui.keyword.internal.WebUIKeywordMain.stepFailed(WebUIKeywordMain.groovy:64)
	at com.kms.katalon.core.webui.keyword.builtin.VerifyTextNotPresentKeyword$_verifyTextNotPresent_closure1.doCall(VerifyTextNotPresentKeyword.groovy:77)
	at com.kms.katalon.core.webui.keyword.builtin.VerifyTextNotPresentKeyword$_verifyTextNotPresent_closure1.call(VerifyTextNotPresentKeyword.groovy)
	at com.kms.katalon.core.webui.keyword.internal.WebUIKeywordMain.runKeyword(WebUIKeywordMain.groovy:20)
	at com.kms.katalon.core.webui.keyword.builtin.VerifyTextNotPresentKeyword.verifyTextNotPresent(VerifyTextNotPresentKeyword.groovy:82)
	at com.kms.katalon.core.webui.keyword.builtin.VerifyTextNotPresentKeyword.execute(VerifyTextNotPresentKeyword.groovy:68)
	at com.kms.katalon.core.keyword.internal.KeywordExecutor.executeKeywordForPlatform(KeywordExecutor.groovy:74)
	at com.kms.katalon.core.webui.keyword.WebUiBuiltInKeywords.verifyTextNotPresent(WebUiBuiltInKeywords.groovy:1795)
	at Выручка по ДЗО отображение данных все филиалы.Test(Выручка по ДЗО отображение данных все филиалы:772)
	at Выручка по ДЗО отображение данных все филиалы.Tumbler(Выручка по ДЗО отображение данных все филиалы:726)
	at Выручка по ДЗО отображение данных все филиалы.Change(Выручка по ДЗО отображение данных все филиалы:760)
	at Выручка по ДЗО отображение данных все филиалы.DzoTest(Выручка по ДЗО отображение данных все филиалы:558)
	at Выручка по ДЗО отображение данных все филиалы.run(Выручка по ДЗО отображение данных все филиалы:122)
	at com.kms.katalon.core.main.ScriptEngine.run(ScriptEngine.java:194)
	at com.kms.katalon.core.main.ScriptEngine.runScriptAsRawText(ScriptEngine.java:119)
	at com.kms.katalon.core.main.TestCaseExecutor.runScript(TestCaseExecutor.java:448)
	at com.kms.katalon.core.main.TestCaseExecutor.doExecute(TestCaseExecutor.java:439)
	at com.kms.katalon.core.main.TestCaseExecutor.processExecutionPhase(TestCaseExecutor.java:418)
	at com.kms.katalon.core.main.TestCaseExecutor.accessMainPhase(TestCaseExecutor.java:410)
	at com.kms.katalon.core.main.TestCaseExecutor.execute(TestCaseExecutor.java:285)
	at com.kms.katalon.core.common.CommonExecutor.accessTestCaseMainPhase(CommonExecutor.java:65)
	at com.kms.katalon.core.main.TestSuiteExecutor.accessTestSuiteMainPhase(TestSuiteExecutor.java:150)
	at com.kms.katalon.core.main.TestSuiteExecutor.execute(TestSuiteExecutor.java:106)
	at com.kms.katalon.core.main.TestCaseMain.startTestSuite(TestCaseMain.java:180)
	at TempTestSuite1741649958618.run(TempTestSuite1741649958618.groovy:35)
	at java.base/jdk.internal.reflect.NativeMethodAccessorImpl.invoke0(Native Method)
	at java.base/jdk.internal.reflect.NativeMethodAccessorImpl.invoke(NativeMethodAccessorImpl.java:77)
	at java.base/jdk.internal.reflect.DelegatingMethodAccessorImpl.invoke(DelegatingMethodAccessorImpl.java:43)
)

11-03-2025T03:41:46 - [MESSAGE][FAILED] - Text 'нет данных' is present on page  (Root cause: com.kms.katalon.core.exception.StepFailedException: Text 'нет данных' is present on page 
	at com.kms.katalon.core.webui.keyword.internal.WebUIKeywordMain.stepFailed(WebUIKeywordMain.groovy:64)
	at com.kms.katalon.core.webui.keyword.builtin.VerifyTextNotPresentKeyword$_verifyTextNotPresent_closure1.doCall(VerifyTextNotPresentKeyword.groovy:77)
	at com.kms.katalon.core.webui.keyword.builtin.VerifyTextNotPresentKeyword$_verifyTextNotPresent_closure1.call(VerifyTextNotPresentKeyword.groovy)
	at com.kms.katalon.core.webui.keyword.internal.WebUIKeywordMain.runKeyword(WebUIKeywordMain.groovy:20)
	at com.kms.katalon.core.webui.keyword.builtin.VerifyTextNotPresentKeyword.verifyTextNotPresent(VerifyTextNotPresentKeyword.groovy:82)
	at com.kms.katalon.core.webui.keyword.builtin.VerifyTextNotPresentKeyword.execute(VerifyTextNotPresentKeyword.groovy:68)
	at com.kms.katalon.core.keyword.internal.KeywordExecutor.executeKeywordForPlatform(KeywordExecutor.groovy:74)
	at com.kms.katalon.core.webui.keyword.WebUiBuiltInKeywords.verifyTextNotPresent(WebUiBuiltInKeywords.groovy:1795)
	at Выручка по ДЗО отображение данных все филиалы.Test(Выручка по ДЗО отображение данных все филиалы:772)
	at Выручка по ДЗО отображение данных все филиалы.Tumbler(Выручка по ДЗО отображение данных все филиалы:726)
	at Выручка по ДЗО отображение данных все филиалы.Change(Выручка по ДЗО отображение данных все филиалы:760)
	at Выручка по ДЗО отображение данных все филиалы.DzoTest(Выручка по ДЗО отображение данных все филиалы:558)
	at Выручка по ДЗО отображение данных все филиалы.run(Выручка по ДЗО отображение данных все филиалы:122)
	at com.kms.katalon.core.main.ScriptEngine.run(ScriptEngine.java:194)
	at com.kms.katalon.core.main.ScriptEngine.runScriptAsRawText(ScriptEngine.java:119)
	at com.kms.katalon.core.main.TestCaseExecutor.runScript(TestCaseExecutor.java:448)
	at com.kms.katalon.core.main.TestCaseExecutor.doExecute(TestCaseExecutor.java:439)
	at com.kms.katalon.core.main.TestCaseExecutor.processExecutionPhase(TestCaseExecutor.java:418)
	at com.kms.katalon.core.main.TestCaseExecutor.accessMainPhase(TestCaseExecutor.java:410)
	at com.kms.katalon.core.main.TestCaseExecutor.execute(TestCaseExecutor.java:285)
	at com.kms.katalon.core.common.CommonExecutor.accessTestCaseMainPhase(CommonExecutor.java:65)
	at com.kms.katalon.core.main.TestSuiteExecutor.accessTestSuiteMainPhase(TestSuiteExecutor.java:150)
	at com.kms.katalon.core.main.TestSuiteExecutor.execute(TestSuiteExecutor.java:106)
	at com.kms.katalon.core.main.TestCaseMain.startTestSuite(TestCaseMain.java:180)
	at TempTestSuite1741649958618.run(TempTestSuite1741649958618.groovy:35)
	at java.base/jdk.internal.reflect.NativeMethodAccessorImpl.invoke0(Native Method)
	at java.base/jdk.internal.reflect.NativeMethodAccessorImpl.invoke(NativeMethodAccessorImpl.java:77)
	at java.base/jdk.internal.reflect.DelegatingMethodAccessorImpl.invoke(DelegatingMethodAccessorImpl.java:43)
)

11-03-2025T03:41:46 - [TEST_STEP][PASSED] - else: null

11-03-2025T03:41:46 - [TEST_STEP][PASSED] - Script1687405711779.WriteToExcel(todaysDate): null

11-03-2025T03:41:46 - [TEST_STEP][PASSED] - sheetName = "Sheet1": null

11-03-2025T03:41:46 - [TEST_STEP][PASSED] - data = findTestData("PlanFact"): null

11-03-2025T03:41:46 - [TEST_STEP][PASSED] - n = data.getRowNumbers() + 1: null

11-03-2025T03:41:46 - [TEST_STEP][PASSED] - dZO = getText(findTestObject("Выручка по ДЗО/Фильтр ДЗО")): Text of object 'Object Repository/Выручка по ДЗО/Фильтр ДЗО' is: 'ПАО Россети - РаспредКомплекс - Россети Центр - Липецкэнерго'

11-03-2025T03:41:46 - [MESSAGE][PASSED] - Text of object 'Object Repository/Выручка по ДЗО/Фильтр ДЗО' is: 'ПАО Россети - РаспредКомплекс - Россети Центр - Липецкэнерго'

11-03-2025T03:41:46 - [TEST_STEP][PASSED] - period = getText(findTestObject("Выручка по ДЗО/Фильтр Дата")): Text of object 'Object Repository/Выручка по ДЗО/Фильтр Дата' is: 'Январь 2025 года'

11-03-2025T03:41:47 - [MESSAGE][PASSED] - Text of object 'Object Repository/Выручка по ДЗО/Фильтр Дата' is: 'Январь 2025 года'

11-03-2025T03:41:47 - [TEST_STEP][PASSED] - viruchka = getText(findTestObject("Выручка по ДЗО/Фильтр Выручка")): Text of object 'Object Repository/Выручка по ДЗО/Фильтр Выручка' is: 'внутренний оборот'

11-03-2025T03:41:47 - [MESSAGE][PASSED] - Text of object 'Object Repository/Выручка по ДЗО/Фильтр Выручка' is: 'внутренний оборот'

11-03-2025T03:41:47 - [TEST_STEP][PASSED] - if (viruchka == "Выбрано: 2"): null

11-03-2025T03:41:47 - [TEST_STEP][PASSED] - if (viruchka == "Все"): null

11-03-2025T03:41:47 - [TEST_STEP][PASSED] - println(period): null

11-03-2025T03:41:47 - [TEST_STEP][PASSED] - dashboardName = "Выручка по ДЗО": null

11-03-2025T03:41:47 - [TEST_STEP][PASSED] - workbook01 = getWorkbook(excelFilePath): null

11-03-2025T03:41:47 - [TEST_STEP][PASSED] - sheet01 = getExcelSheet(workbook01, sheetName): null

11-03-2025T03:41:47 - [TEST_STEP][PASSED] - setValueToCellByIndex(sheet01, n, 0, dashboardName): null

11-03-2025T03:41:47 - [TEST_STEP][PASSED] - setValueToCellByIndex(sheet01, n, 1, dZO): null

11-03-2025T03:41:47 - [TEST_STEP][PASSED] - setValueToCellByIndex(sheet01, n, 2, period): null

11-03-2025T03:41:47 - [TEST_STEP][PASSED] - setValueToCellByIndex(sheet01, n, 3, viruchka): null

11-03-2025T03:41:47 - [TEST_STEP][PASSED] - setValueToCellByIndex(sheet01, n, 4, todaysDate): null

11-03-2025T03:41:47 - [TEST_STEP][PASSED] - n = n + 1: null

11-03-2025T03:41:47 - [TEST_STEP][PASSED] - saveWorkbook(excelFilePath, workbook01): null

11-03-2025T03:41:47 - [TEST_STEP][PASSED] - click(findTestObject("Выручка по ДЗО/Фильтр Выручка")): Object: 'Object Repository/Выручка по ДЗО/Фильтр Выручка' is clicked on

11-03-2025T03:41:48 - [MESSAGE][PASSED] - Object: 'Object Repository/Выручка по ДЗО/Фильтр Выручка' is clicked on

11-03-2025T03:41:48 - [TEST_STEP][PASSED] - click(findTestObject("Выручка по ДЗО/По передаче в фильтре Выручка")): Object: 'Object Repository/Выручка по ДЗО/По передаче в фильтре Выручка' is clicked on

11-03-2025T03:41:48 - [MESSAGE][PASSED] - Object: 'Object Repository/Выручка по ДЗО/По передаче в фильтре Выручка' is clicked on

11-03-2025T03:41:48 - [TEST_STEP][PASSED] - click(findTestObject("Выручка по ДЗО/Применить в фильтре Выручка")): Object: 'Object Repository/Выручка по ДЗО/Применить в фильтре Выручка' is clicked on

11-03-2025T03:41:49 - [MESSAGE][PASSED] - Object: 'Object Repository/Выручка по ДЗО/Применить в фильтре Выручка' is clicked on

11-03-2025T03:41:49 - [TEST_STEP][PASSED] - Script1687405711779.Test(todaysDate): null

11-03-2025T03:41:49 - [TEST_STEP][PASSED] - delay(10): Delayed 10 second(s)

11-03-2025T03:41:59 - [MESSAGE][PASSED] - Delayed 10 second(s)

11-03-2025T03:41:59 - [TEST_STEP][PASSED] - if (verifyTextNotPresent("нет данных", false) == true): null

11-03-2025T03:41:59 - [MESSAGE][PASSED] - Text 'нет данных' is not present on page

11-03-2025T03:41:59 - [TEST_STEP][PASSED] - if (verifyTextNotPresent("Ошибка запроса данных", false) == true): null

11-03-2025T03:42:00 - [MESSAGE][PASSED] - Text 'Ошибка запроса данных' is not present on page

11-03-2025T03:42:00 - [TEST_STEP][PASSED] - if (verifyTextNotPresent("Произошла ошибка при выполнении пользовательского кода", false) == true): null

11-03-2025T03:42:00 - [MESSAGE][PASSED] - Text 'Произошла ошибка при выполнении пользовательского кода' is not present on page

11-03-2025T03:42:00 - [TEST_STEP][PASSED] - if (verifyTextNotPresent("У виджета нет данных", false) == true): null

11-03-2025T03:42:01 - [MESSAGE][PASSED] - Text 'У виджета нет данных' is not present on page

11-03-2025T03:42:01 - [TEST_STEP][PASSED] - if (verifyTextNotPresent("У виджета нет данных", false) == true): Text 'У виджета нет данных' is not present on page

11-03-2025T03:42:01 - [MESSAGE][PASSED] - Text 'У виджета нет данных' is not present on page

11-03-2025T03:42:01 - [TEST_STEP][PASSED] - click(findTestObject("Выручка по ДЗО/Фильтр Выручка")): Object: 'Object Repository/Выручка по ДЗО/Фильтр Выручка' is clicked on

11-03-2025T03:42:01 - [MESSAGE][PASSED] - Object: 'Object Repository/Выручка по ДЗО/Фильтр Выручка' is clicked on

11-03-2025T03:42:01 - [TEST_STEP][PASSED] - click(findTestObject("Выручка по ДЗО/Снять выделение в фильтре Выручка")): Object: 'Object Repository/Выручка по ДЗО/Снять выделение в фильтре Выручка' is clicked on

11-03-2025T03:42:02 - [MESSAGE][PASSED] - Object: 'Object Repository/Выручка по ДЗО/Снять выделение в фильтре Выручка' is clicked on

11-03-2025T03:42:02 - [TEST_STEP][PASSED] - click(findTestObject("Выручка по ДЗО/По передаче в фильтре Выручка")): Object: 'Object Repository/Выручка по ДЗО/По передаче в фильтре Выручка' is clicked on

11-03-2025T03:42:02 - [MESSAGE][PASSED] - Object: 'Object Repository/Выручка по ДЗО/По передаче в фильтре Выручка' is clicked on

11-03-2025T03:42:02 - [TEST_STEP][PASSED] - click(findTestObject("Выручка по ДЗО/Применить в фильтре Выручка")): Object: 'Object Repository/Выручка по ДЗО/Применить в фильтре Выручка' is clicked on

11-03-2025T03:42:03 - [MESSAGE][PASSED] - Object: 'Object Repository/Выручка по ДЗО/Применить в фильтре Выручка' is clicked on

11-03-2025T03:42:03 - [TEST_STEP][PASSED] - Script1687405711779.Test(todaysDate): null

11-03-2025T03:42:03 - [TEST_STEP][PASSED] - delay(10): Delayed 10 second(s)

11-03-2025T03:42:13 - [MESSAGE][PASSED] - Delayed 10 second(s)

11-03-2025T03:42:13 - [TEST_STEP][PASSED] - if (verifyTextNotPresent("нет данных", false) == true): null

11-03-2025T03:42:13 - [MESSAGE][PASSED] - Text 'нет данных' is not present on page

11-03-2025T03:42:13 - [TEST_STEP][PASSED] - if (verifyTextNotPresent("Ошибка запроса данных", false) == true): null

11-03-2025T03:42:14 - [MESSAGE][PASSED] - Text 'Ошибка запроса данных' is not present on page

11-03-2025T03:42:14 - [TEST_STEP][PASSED] - if (verifyTextNotPresent("Произошла ошибка при выполнении пользовательского кода", false) == true): null

11-03-2025T03:42:14 - [MESSAGE][PASSED] - Text 'Произошла ошибка при выполнении пользовательского кода' is not present on page

11-03-2025T03:42:14 - [TEST_STEP][PASSED] - if (verifyTextNotPresent("У виджета нет данных", false) == true): null

11-03-2025T03:42:15 - [MESSAGE][PASSED] - Text 'У виджета нет данных' is not present on page

11-03-2025T03:42:15 - [TEST_STEP][PASSED] - if (verifyTextNotPresent("У виджета нет данных", false) == true): Text 'У виджета нет данных' is not present on page

11-03-2025T03:42:16 - [MESSAGE][PASSED] - Text 'У виджета нет данных' is not present on page

11-03-2025T03:42:16 - [TEST_STEP][PASSED] - click(findTestObject("Выручка по ДЗО/Фильтр Выручка")): Object: 'Object Repository/Выручка по ДЗО/Фильтр Выручка' is clicked on

11-03-2025T03:42:16 - [MESSAGE][PASSED] - Object: 'Object Repository/Выручка по ДЗО/Фильтр Выручка' is clicked on

11-03-2025T03:42:16 - [TEST_STEP][PASSED] - click(findTestObject("Выручка по ДЗО/Снять выделение в фильтре Выручка")): Object: 'Object Repository/Выручка по ДЗО/Снять выделение в фильтре Выручка' is clicked on

11-03-2025T03:42:16 - [MESSAGE][PASSED] - Object: 'Object Repository/Выручка по ДЗО/Снять выделение в фильтре Выручка' is clicked on

11-03-2025T03:42:16 - [TEST_STEP][PASSED] - click(findTestObject("Выручка по ДЗО/Применить в фильтре Выручка")): Object: 'Object Repository/Выручка по ДЗО/Применить в фильтре Выручка' is clicked on

11-03-2025T03:42:17 - [MESSAGE][PASSED] - Object: 'Object Repository/Выручка по ДЗО/Применить в фильтре Выручка' is clicked on

11-03-2025T03:42:17 - [TEST_STEP][PASSED] - click(findTestObject("Выручка по ДЗО/Фильтр ДЗО")): Object: 'Object Repository/Выручка по ДЗО/Фильтр ДЗО' is clicked on

11-03-2025T03:42:18 - [MESSAGE][PASSED] - Object: 'Object Repository/Выручка по ДЗО/Фильтр ДЗО' is clicked on

11-03-2025T03:42:18 - [TEST_STEP][PASSED] - click(findTestObject("Выручка по ДЗО/Снять выделение в фильтре ДЗО")): Object: 'Object Repository/Выручка по ДЗО/Снять выделение в фильтре ДЗО' is clicked on

11-03-2025T03:42:18 - [MESSAGE][PASSED] - Object: 'Object Repository/Выручка по ДЗО/Снять выделение в фильтре ДЗО' is clicked on

11-03-2025T03:42:18 - [TEST_STEP][PASSED] - scrollToElement(findTestObject("Общие объекты/Орелэнерго"), 30): Scroll to object 'Object Repository/Общие объекты/Орелэнерго' successfully

11-03-2025T03:42:19 - [MESSAGE][PASSED] - Scroll to object 'Object Repository/Общие объекты/Орелэнерго' successfully

11-03-2025T03:42:19 - [TEST_STEP][PASSED] - click(findTestObject("Общие объекты/Орелэнерго"), CONTINUE_ON_FAILURE): Object: 'Object Repository/Общие объекты/Орелэнерго' is clicked on

11-03-2025T03:42:19 - [MESSAGE][PASSED] - Object: 'Object Repository/Общие объекты/Орелэнерго' is clicked on

11-03-2025T03:42:19 - [TEST_STEP][PASSED] - Script1687405711779.Change(todaysDate): null

11-03-2025T03:42:19 - [TEST_STEP][PASSED] - scrollToElement(findTestObject("Выручка по ДЗО/Заголовок дашборда"), 30): Scroll to object 'Object Repository/Выручка по ДЗО/Заголовок дашборда' successfully

11-03-2025T03:42:19 - [MESSAGE][PASSED] - Scroll to object 'Object Repository/Выручка по ДЗО/Заголовок дашборда' successfully

11-03-2025T03:42:19 - [TEST_STEP][PASSED] - click(findTestObject("Выручка по ДЗО/Применить в фильтре ДЗО")): Object: 'Object Repository/Выручка по ДЗО/Применить в фильтре ДЗО' is clicked on

11-03-2025T03:42:20 - [MESSAGE][PASSED] - Object: 'Object Repository/Выручка по ДЗО/Применить в фильтре ДЗО' is clicked on

11-03-2025T03:42:20 - [TEST_STEP][PASSED] - Script1687405711779.Tumbler(todaysDate): null

11-03-2025T03:42:20 - [TEST_STEP][PASSED] - Script1687405711779.Test(todaysDate): null

11-03-2025T03:42:20 - [TEST_STEP][PASSED] - delay(10): Delayed 10 second(s)

11-03-2025T03:42:30 - [MESSAGE][PASSED] - Delayed 10 second(s)

11-03-2025T03:42:30 - [TEST_STEP][PASSED] - if (verifyTextNotPresent("нет данных", false) == true): null

11-03-2025T03:42:30 - [MESSAGE][PASSED] - Text 'нет данных' is not present on page

11-03-2025T03:42:30 - [TEST_STEP][PASSED] - if (verifyTextNotPresent("Ошибка запроса данных", false) == true): null

11-03-2025T03:42:31 - [MESSAGE][PASSED] - Text 'Ошибка запроса данных' is not present on page

11-03-2025T03:42:31 - [TEST_STEP][PASSED] - if (verifyTextNotPresent("Произошла ошибка при выполнении пользовательского кода", false) == true): null

11-03-2025T03:42:31 - [MESSAGE][PASSED] - Text 'Произошла ошибка при выполнении пользовательского кода' is not present on page

11-03-2025T03:42:31 - [TEST_STEP][PASSED] - if (verifyTextNotPresent("У виджета нет данных", false) == true): null

11-03-2025T03:42:32 - [MESSAGE][PASSED] - Text 'У виджета нет данных' is not present on page

11-03-2025T03:42:32 - [TEST_STEP][PASSED] - if (verifyTextNotPresent("У виджета нет данных", false) == true): Text 'У виджета нет данных' is not present on page

11-03-2025T03:42:32 - [MESSAGE][PASSED] - Text 'У виджета нет данных' is not present on page

11-03-2025T03:42:32 - [TEST_STEP][PASSED] - click(findTestObject("Выручка по ДЗО/Фильтр Выручка")): Object: 'Object Repository/Выручка по ДЗО/Фильтр Выручка' is clicked on

11-03-2025T03:42:33 - [MESSAGE][PASSED] - Object: 'Object Repository/Выручка по ДЗО/Фильтр Выручка' is clicked on

11-03-2025T03:42:33 - [TEST_STEP][PASSED] - click(findTestObject("Выручка по ДЗО/Внутренний оборот в фильтре Выручка")): Object: 'Object Repository/Выручка по ДЗО/Внутренний оборот в фильтре Выручка' is clicked on

11-03-2025T03:42:33 - [MESSAGE][PASSED] - Object: 'Object Repository/Выручка по ДЗО/Внутренний оборот в фильтре Выручка' is clicked on

11-03-2025T03:42:33 - [TEST_STEP][PASSED] - click(findTestObject("Выручка по ДЗО/Применить в фильтре Выручка")): Object: 'Object Repository/Выручка по ДЗО/Применить в фильтре Выручка' is clicked on

11-03-2025T03:42:34 - [MESSAGE][PASSED] - Object: 'Object Repository/Выручка по ДЗО/Применить в фильтре Выручка' is clicked on

11-03-2025T03:42:34 - [TEST_STEP][PASSED] - Script1687405711779.Test(todaysDate): null

11-03-2025T03:42:34 - [TEST_STEP][PASSED] - delay(10): Delayed 10 second(s)

11-03-2025T03:42:44 - [MESSAGE][PASSED] - Delayed 10 second(s)

11-03-2025T03:42:44 - [TEST_STEP][FAILED] - if (verifyTextNotPresent("нет данных", false) == true): Text 'нет данных' is present on page  (Root cause: com.kms.katalon.core.exception.StepFailedException: Text 'нет данных' is present on page 
	at com.kms.katalon.core.webui.keyword.internal.WebUIKeywordMain.stepFailed(WebUIKeywordMain.groovy:64)
	at com.kms.katalon.core.webui.keyword.builtin.VerifyTextNotPresentKeyword$_verifyTextNotPresent_closure1.doCall(VerifyTextNotPresentKeyword.groovy:77)
	at com.kms.katalon.core.webui.keyword.builtin.VerifyTextNotPresentKeyword$_verifyTextNotPresent_closure1.call(VerifyTextNotPresentKeyword.groovy)
	at com.kms.katalon.core.webui.keyword.internal.WebUIKeywordMain.runKeyword(WebUIKeywordMain.groovy:20)
	at com.kms.katalon.core.webui.keyword.builtin.VerifyTextNotPresentKeyword.verifyTextNotPresent(VerifyTextNotPresentKeyword.groovy:82)
	at com.kms.katalon.core.webui.keyword.builtin.VerifyTextNotPresentKeyword.execute(VerifyTextNotPresentKeyword.groovy:68)
	at com.kms.katalon.core.keyword.internal.KeywordExecutor.executeKeywordForPlatform(KeywordExecutor.groovy:74)
	at com.kms.katalon.core.webui.keyword.WebUiBuiltInKeywords.verifyTextNotPresent(WebUiBuiltInKeywords.groovy:1795)
	at Выручка по ДЗО отображение данных все филиалы.Test(Выручка по ДЗО отображение данных все филиалы:772)
	at Выручка по ДЗО отображение данных все филиалы.Tumbler(Выручка по ДЗО отображение данных все филиалы:726)
	at Выручка по ДЗО отображение данных все филиалы.Change(Выручка по ДЗО отображение данных все филиалы:760)
	at Выручка по ДЗО отображение данных все филиалы.DzoTest(Выручка по ДЗО отображение данных все филиалы:564)
	at Выручка по ДЗО отображение данных все филиалы.run(Выручка по ДЗО отображение данных все филиалы:122)
	at com.kms.katalon.core.main.ScriptEngine.run(ScriptEngine.java:194)
	at com.kms.katalon.core.main.ScriptEngine.runScriptAsRawText(ScriptEngine.java:119)
	at com.kms.katalon.core.main.TestCaseExecutor.runScript(TestCaseExecutor.java:448)
	at com.kms.katalon.core.main.TestCaseExecutor.doExecute(TestCaseExecutor.java:439)
	at com.kms.katalon.core.main.TestCaseExecutor.processExecutionPhase(TestCaseExecutor.java:418)
	at com.kms.katalon.core.main.TestCaseExecutor.accessMainPhase(TestCaseExecutor.java:410)
	at com.kms.katalon.core.main.TestCaseExecutor.execute(TestCaseExecutor.java:285)
	at com.kms.katalon.core.common.CommonExecutor.accessTestCaseMainPhase(CommonExecutor.java:65)
	at com.kms.katalon.core.main.TestSuiteExecutor.accessTestSuiteMainPhase(TestSuiteExecutor.java:150)
	at com.kms.katalon.core.main.TestSuiteExecutor.execute(TestSuiteExecutor.java:106)
	at com.kms.katalon.core.main.TestCaseMain.startTestSuite(TestCaseMain.java:180)
	at TempTestSuite1741649958618.run(TempTestSuite1741649958618.groovy:35)
	at java.base/jdk.internal.reflect.NativeMethodAccessorImpl.invoke0(Native Method)
	at java.base/jdk.internal.reflect.NativeMethodAccessorImpl.invoke(NativeMethodAccessorImpl.java:77)
	at java.base/jdk.internal.reflect.DelegatingMethodAccessorImpl.invoke(DelegatingMethodAccessorImpl.java:43)
)

11-03-2025T03:42:44 - [MESSAGE][FAILED] - Text 'нет данных' is present on page  (Root cause: com.kms.katalon.core.exception.StepFailedException: Text 'нет данных' is present on page 
	at com.kms.katalon.core.webui.keyword.internal.WebUIKeywordMain.stepFailed(WebUIKeywordMain.groovy:64)
	at com.kms.katalon.core.webui.keyword.builtin.VerifyTextNotPresentKeyword$_verifyTextNotPresent_closure1.doCall(VerifyTextNotPresentKeyword.groovy:77)
	at com.kms.katalon.core.webui.keyword.builtin.VerifyTextNotPresentKeyword$_verifyTextNotPresent_closure1.call(VerifyTextNotPresentKeyword.groovy)
	at com.kms.katalon.core.webui.keyword.internal.WebUIKeywordMain.runKeyword(WebUIKeywordMain.groovy:20)
	at com.kms.katalon.core.webui.keyword.builtin.VerifyTextNotPresentKeyword.verifyTextNotPresent(VerifyTextNotPresentKeyword.groovy:82)
	at com.kms.katalon.core.webui.keyword.builtin.VerifyTextNotPresentKeyword.execute(VerifyTextNotPresentKeyword.groovy:68)
	at com.kms.katalon.core.keyword.internal.KeywordExecutor.executeKeywordForPlatform(KeywordExecutor.groovy:74)
	at com.kms.katalon.core.webui.keyword.WebUiBuiltInKeywords.verifyTextNotPresent(WebUiBuiltInKeywords.groovy:1795)
	at Выручка по ДЗО отображение данных все филиалы.Test(Выручка по ДЗО отображение данных все филиалы:772)
	at Выручка по ДЗО отображение данных все филиалы.Tumbler(Выручка по ДЗО отображение данных все филиалы:726)
	at Выручка по ДЗО отображение данных все филиалы.Change(Выручка по ДЗО отображение данных все филиалы:760)
	at Выручка по ДЗО отображение данных все филиалы.DzoTest(Выручка по ДЗО отображение данных все филиалы:564)
	at Выручка по ДЗО отображение данных все филиалы.run(Выручка по ДЗО отображение данных все филиалы:122)
	at com.kms.katalon.core.main.ScriptEngine.run(ScriptEngine.java:194)
	at com.kms.katalon.core.main.ScriptEngine.runScriptAsRawText(ScriptEngine.java:119)
	at com.kms.katalon.core.main.TestCaseExecutor.runScript(TestCaseExecutor.java:448)
	at com.kms.katalon.core.main.TestCaseExecutor.doExecute(TestCaseExecutor.java:439)
	at com.kms.katalon.core.main.TestCaseExecutor.processExecutionPhase(TestCaseExecutor.java:418)
	at com.kms.katalon.core.main.TestCaseExecutor.accessMainPhase(TestCaseExecutor.java:410)
	at com.kms.katalon.core.main.TestCaseExecutor.execute(TestCaseExecutor.java:285)
	at com.kms.katalon.core.common.CommonExecutor.accessTestCaseMainPhase(CommonExecutor.java:65)
	at com.kms.katalon.core.main.TestSuiteExecutor.accessTestSuiteMainPhase(TestSuiteExecutor.java:150)
	at com.kms.katalon.core.main.TestSuiteExecutor.execute(TestSuiteExecutor.java:106)
	at com.kms.katalon.core.main.TestCaseMain.startTestSuite(TestCaseMain.java:180)
	at TempTestSuite1741649958618.run(TempTestSuite1741649958618.groovy:35)
	at java.base/jdk.internal.reflect.NativeMethodAccessorImpl.invoke0(Native Method)
	at java.base/jdk.internal.reflect.NativeMethodAccessorImpl.invoke(NativeMethodAccessorImpl.java:77)
	at java.base/jdk.internal.reflect.DelegatingMethodAccessorImpl.invoke(DelegatingMethodAccessorImpl.java:43)
)

11-03-2025T03:42:44 - [TEST_STEP][PASSED] - else: null

11-03-2025T03:42:44 - [TEST_STEP][PASSED] - Script1687405711779.WriteToExcel(todaysDate): null

11-03-2025T03:42:44 - [TEST_STEP][PASSED] - sheetName = "Sheet1": null

11-03-2025T03:42:44 - [TEST_STEP][PASSED] - data = findTestData("PlanFact"): null

11-03-2025T03:42:44 - [TEST_STEP][PASSED] - n = data.getRowNumbers() + 1: null

11-03-2025T03:42:44 - [TEST_STEP][PASSED] - dZO = getText(findTestObject("Выручка по ДЗО/Фильтр ДЗО")): Text of object 'Object Repository/Выручка по ДЗО/Фильтр ДЗО' is: 'ПАО Россети - РаспредКомплекс - Россети Центр - Орелэнерго'

11-03-2025T03:42:45 - [MESSAGE][PASSED] - Text of object 'Object Repository/Выручка по ДЗО/Фильтр ДЗО' is: 'ПАО Россети - РаспредКомплекс - Россети Центр - Орелэнерго'

11-03-2025T03:42:45 - [TEST_STEP][PASSED] - period = getText(findTestObject("Выручка по ДЗО/Фильтр Дата")): Text of object 'Object Repository/Выручка по ДЗО/Фильтр Дата' is: 'Январь 2025 года'

11-03-2025T03:42:45 - [MESSAGE][PASSED] - Text of object 'Object Repository/Выручка по ДЗО/Фильтр Дата' is: 'Январь 2025 года'

11-03-2025T03:42:45 - [TEST_STEP][PASSED] - viruchka = getText(findTestObject("Выручка по ДЗО/Фильтр Выручка")): Text of object 'Object Repository/Выручка по ДЗО/Фильтр Выручка' is: 'внутренний оборот'

11-03-2025T03:42:45 - [MESSAGE][PASSED] - Text of object 'Object Repository/Выручка по ДЗО/Фильтр Выручка' is: 'внутренний оборот'

11-03-2025T03:42:45 - [TEST_STEP][PASSED] - if (viruchka == "Выбрано: 2"): null

11-03-2025T03:42:45 - [TEST_STEP][PASSED] - if (viruchka == "Все"): null

11-03-2025T03:42:45 - [TEST_STEP][PASSED] - println(period): null

11-03-2025T03:42:45 - [TEST_STEP][PASSED] - dashboardName = "Выручка по ДЗО": null

11-03-2025T03:42:45 - [TEST_STEP][PASSED] - workbook01 = getWorkbook(excelFilePath): null

11-03-2025T03:42:46 - [TEST_STEP][PASSED] - sheet01 = getExcelSheet(workbook01, sheetName): null

11-03-2025T03:42:46 - [TEST_STEP][PASSED] - setValueToCellByIndex(sheet01, n, 0, dashboardName): null

11-03-2025T03:42:46 - [TEST_STEP][PASSED] - setValueToCellByIndex(sheet01, n, 1, dZO): null

11-03-2025T03:42:46 - [TEST_STEP][PASSED] - setValueToCellByIndex(sheet01, n, 2, period): null

11-03-2025T03:42:46 - [TEST_STEP][PASSED] - setValueToCellByIndex(sheet01, n, 3, viruchka): null

11-03-2025T03:42:46 - [TEST_STEP][PASSED] - setValueToCellByIndex(sheet01, n, 4, todaysDate): null

11-03-2025T03:42:46 - [TEST_STEP][PASSED] - n = n + 1: null

11-03-2025T03:42:46 - [TEST_STEP][PASSED] - saveWorkbook(excelFilePath, workbook01): null

11-03-2025T03:42:46 - [TEST_STEP][PASSED] - click(findTestObject("Выручка по ДЗО/Фильтр Выручка")): Object: 'Object Repository/Выручка по ДЗО/Фильтр Выручка' is clicked on

11-03-2025T03:42:46 - [MESSAGE][PASSED] - Object: 'Object Repository/Выручка по ДЗО/Фильтр Выручка' is clicked on

11-03-2025T03:42:46 - [TEST_STEP][PASSED] - click(findTestObject("Выручка по ДЗО/По передаче в фильтре Выручка")): Object: 'Object Repository/Выручка по ДЗО/По передаче в фильтре Выручка' is clicked on

11-03-2025T03:42:47 - [MESSAGE][PASSED] - Object: 'Object Repository/Выручка по ДЗО/По передаче в фильтре Выручка' is clicked on

11-03-2025T03:42:47 - [TEST_STEP][PASSED] - click(findTestObject("Выручка по ДЗО/Применить в фильтре Выручка")): Object: 'Object Repository/Выручка по ДЗО/Применить в фильтре Выручка' is clicked on

11-03-2025T03:42:47 - [MESSAGE][PASSED] - Object: 'Object Repository/Выручка по ДЗО/Применить в фильтре Выручка' is clicked on

11-03-2025T03:42:47 - [TEST_STEP][PASSED] - Script1687405711779.Test(todaysDate): null

11-03-2025T03:42:47 - [TEST_STEP][PASSED] - delay(10): Delayed 10 second(s)

11-03-2025T03:42:57 - [MESSAGE][PASSED] - Delayed 10 second(s)

11-03-2025T03:42:57 - [TEST_STEP][PASSED] - if (verifyTextNotPresent("нет данных", false) == true): null

11-03-2025T03:42:58 - [MESSAGE][PASSED] - Text 'нет данных' is not present on page

11-03-2025T03:42:58 - [TEST_STEP][PASSED] - if (verifyTextNotPresent("Ошибка запроса данных", false) == true): null

11-03-2025T03:42:58 - [MESSAGE][PASSED] - Text 'Ошибка запроса данных' is not present on page

11-03-2025T03:42:58 - [TEST_STEP][PASSED] - if (verifyTextNotPresent("Произошла ошибка при выполнении пользовательского кода", false) == true): null

11-03-2025T03:42:59 - [MESSAGE][PASSED] - Text 'Произошла ошибка при выполнении пользовательского кода' is not present on page

11-03-2025T03:42:59 - [TEST_STEP][PASSED] - if (verifyTextNotPresent("У виджета нет данных", false) == true): null

11-03-2025T03:42:59 - [MESSAGE][PASSED] - Text 'У виджета нет данных' is not present on page

11-03-2025T03:42:59 - [TEST_STEP][PASSED] - if (verifyTextNotPresent("У виджета нет данных", false) == true): Text 'У виджета нет данных' is not present on page

11-03-2025T03:43:00 - [MESSAGE][PASSED] - Text 'У виджета нет данных' is not present on page

11-03-2025T03:43:00 - [TEST_STEP][PASSED] - click(findTestObject("Выручка по ДЗО/Фильтр Выручка")): Object: 'Object Repository/Выручка по ДЗО/Фильтр Выручка' is clicked on

11-03-2025T03:43:00 - [MESSAGE][PASSED] - Object: 'Object Repository/Выручка по ДЗО/Фильтр Выручка' is clicked on

11-03-2025T03:43:00 - [TEST_STEP][PASSED] - click(findTestObject("Выручка по ДЗО/Снять выделение в фильтре Выручка")): Object: 'Object Repository/Выручка по ДЗО/Снять выделение в фильтре Выручка' is clicked on

11-03-2025T03:43:00 - [MESSAGE][PASSED] - Object: 'Object Repository/Выручка по ДЗО/Снять выделение в фильтре Выручка' is clicked on

11-03-2025T03:43:00 - [TEST_STEP][PASSED] - click(findTestObject("Выручка по ДЗО/По передаче в фильтре Выручка")): Object: 'Object Repository/Выручка по ДЗО/По передаче в фильтре Выручка' is clicked on

11-03-2025T03:43:01 - [MESSAGE][PASSED] - Object: 'Object Repository/Выручка по ДЗО/По передаче в фильтре Выручка' is clicked on

11-03-2025T03:43:01 - [TEST_STEP][PASSED] - click(findTestObject("Выручка по ДЗО/Применить в фильтре Выручка")): Object: 'Object Repository/Выручка по ДЗО/Применить в фильтре Выручка' is clicked on

11-03-2025T03:43:01 - [MESSAGE][PASSED] - Object: 'Object Repository/Выручка по ДЗО/Применить в фильтре Выручка' is clicked on

11-03-2025T03:43:01 - [TEST_STEP][PASSED] - Script1687405711779.Test(todaysDate): null

11-03-2025T03:43:01 - [TEST_STEP][PASSED] - delay(10): Delayed 10 second(s)

11-03-2025T03:43:11 - [MESSAGE][PASSED] - Delayed 10 second(s)

11-03-2025T03:43:11 - [TEST_STEP][PASSED] - if (verifyTextNotPresent("нет данных", false) == true): null

11-03-2025T03:43:12 - [MESSAGE][PASSED] - Text 'нет данных' is not present on page

11-03-2025T03:43:12 - [TEST_STEP][PASSED] - if (verifyTextNotPresent("Ошибка запроса данных", false) == true): null

11-03-2025T03:43:12 - [MESSAGE][PASSED] - Text 'Ошибка запроса данных' is not present on page

11-03-2025T03:43:12 - [TEST_STEP][PASSED] - if (verifyTextNotPresent("Произошла ошибка при выполнении пользовательского кода", false) == true): null

11-03-2025T03:43:13 - [MESSAGE][PASSED] - Text 'Произошла ошибка при выполнении пользовательского кода' is not present on page

11-03-2025T03:43:13 - [TEST_STEP][PASSED] - if (verifyTextNotPresent("У виджета нет данных", false) == true): null

11-03-2025T03:43:13 - [MESSAGE][PASSED] - Text 'У виджета нет данных' is not present on page

11-03-2025T03:43:13 - [TEST_STEP][PASSED] - if (verifyTextNotPresent("У виджета нет данных", false) == true): Text 'У виджета нет данных' is not present on page

11-03-2025T03:43:14 - [MESSAGE][PASSED] - Text 'У виджета нет данных' is not present on page

11-03-2025T03:43:14 - [TEST_STEP][PASSED] - click(findTestObject("Выручка по ДЗО/Фильтр Выручка")): Object: 'Object Repository/Выручка по ДЗО/Фильтр Выручка' is clicked on

11-03-2025T03:43:14 - [MESSAGE][PASSED] - Object: 'Object Repository/Выручка по ДЗО/Фильтр Выручка' is clicked on

11-03-2025T03:43:14 - [TEST_STEP][PASSED] - click(findTestObject("Выручка по ДЗО/Снять выделение в фильтре Выручка")): Object: 'Object Repository/Выручка по ДЗО/Снять выделение в фильтре Выручка' is clicked on

11-03-2025T03:43:15 - [MESSAGE][PASSED] - Object: 'Object Repository/Выручка по ДЗО/Снять выделение в фильтре Выручка' is clicked on

11-03-2025T03:43:15 - [TEST_STEP][PASSED] - click(findTestObject("Выручка по ДЗО/Применить в фильтре Выручка")): Object: 'Object Repository/Выручка по ДЗО/Применить в фильтре Выручка' is clicked on

11-03-2025T03:43:15 - [MESSAGE][PASSED] - Object: 'Object Repository/Выручка по ДЗО/Применить в фильтре Выручка' is clicked on

11-03-2025T03:43:15 - [TEST_STEP][PASSED] - click(findTestObject("Выручка по ДЗО/Фильтр ДЗО")): Object: 'Object Repository/Выручка по ДЗО/Фильтр ДЗО' is clicked on

11-03-2025T03:43:16 - [MESSAGE][PASSED] - Object: 'Object Repository/Выручка по ДЗО/Фильтр ДЗО' is clicked on

11-03-2025T03:43:16 - [TEST_STEP][PASSED] - click(findTestObject("Выручка по ДЗО/Снять выделение в фильтре ДЗО")): Object: 'Object Repository/Выручка по ДЗО/Снять выделение в фильтре ДЗО' is clicked on

11-03-2025T03:43:17 - [MESSAGE][PASSED] - Object: 'Object Repository/Выручка по ДЗО/Снять выделение в фильтре ДЗО' is clicked on

11-03-2025T03:43:17 - [TEST_STEP][PASSED] - scrollToElement(findTestObject("Общие объекты/Смоленскэнерго"), 30): Scroll to object 'Object Repository/Общие объекты/Смоленскэнерго' successfully

11-03-2025T03:43:17 - [MESSAGE][PASSED] - Scroll to object 'Object Repository/Общие объекты/Смоленскэнерго' successfully

11-03-2025T03:43:17 - [TEST_STEP][PASSED] - click(findTestObject("Общие объекты/Смоленскэнерго"), CONTINUE_ON_FAILURE): Object: 'Object Repository/Общие объекты/Смоленскэнерго' is clicked on

11-03-2025T03:43:18 - [MESSAGE][PASSED] - Object: 'Object Repository/Общие объекты/Смоленскэнерго' is clicked on

11-03-2025T03:43:18 - [TEST_STEP][PASSED] - Script1687405711779.Change(todaysDate): null

11-03-2025T03:43:18 - [TEST_STEP][PASSED] - scrollToElement(findTestObject("Выручка по ДЗО/Заголовок дашборда"), 30): Scroll to object 'Object Repository/Выручка по ДЗО/Заголовок дашборда' successfully

11-03-2025T03:43:18 - [MESSAGE][PASSED] - Scroll to object 'Object Repository/Выручка по ДЗО/Заголовок дашборда' successfully

11-03-2025T03:43:18 - [TEST_STEP][PASSED] - click(findTestObject("Выручка по ДЗО/Применить в фильтре ДЗО")): Object: 'Object Repository/Выручка по ДЗО/Применить в фильтре ДЗО' is clicked on

11-03-2025T03:43:19 - [MESSAGE][PASSED] - Object: 'Object Repository/Выручка по ДЗО/Применить в фильтре ДЗО' is clicked on

11-03-2025T03:43:19 - [TEST_STEP][PASSED] - Script1687405711779.Tumbler(todaysDate): null

11-03-2025T03:43:19 - [TEST_STEP][PASSED] - Script1687405711779.Test(todaysDate): null

11-03-2025T03:43:19 - [TEST_STEP][PASSED] - delay(10): Delayed 10 second(s)

11-03-2025T03:43:29 - [MESSAGE][PASSED] - Delayed 10 second(s)

11-03-2025T03:43:29 - [TEST_STEP][PASSED] - if (verifyTextNotPresent("нет данных", false) == true): null

11-03-2025T03:43:29 - [MESSAGE][PASSED] - Text 'нет данных' is not present on page

11-03-2025T03:43:29 - [TEST_STEP][PASSED] - if (verifyTextNotPresent("Ошибка запроса данных", false) == true): null

11-03-2025T03:43:30 - [MESSAGE][PASSED] - Text 'Ошибка запроса данных' is not present on page

11-03-2025T03:43:30 - [TEST_STEP][PASSED] - if (verifyTextNotPresent("Произошла ошибка при выполнении пользовательского кода", false) == true): null

11-03-2025T03:43:30 - [MESSAGE][PASSED] - Text 'Произошла ошибка при выполнении пользовательского кода' is not present on page

11-03-2025T03:43:30 - [TEST_STEP][PASSED] - if (verifyTextNotPresent("У виджета нет данных", false) == true): null

11-03-2025T03:43:30 - [MESSAGE][PASSED] - Text 'У виджета нет данных' is not present on page

11-03-2025T03:43:30 - [TEST_STEP][PASSED] - if (verifyTextNotPresent("У виджета нет данных", false) == true): Text 'У виджета нет данных' is not present on page

11-03-2025T03:43:31 - [MESSAGE][PASSED] - Text 'У виджета нет данных' is not present on page

11-03-2025T03:43:31 - [TEST_STEP][PASSED] - click(findTestObject("Выручка по ДЗО/Фильтр Выручка")): Object: 'Object Repository/Выручка по ДЗО/Фильтр Выручка' is clicked on

11-03-2025T03:43:31 - [MESSAGE][PASSED] - Object: 'Object Repository/Выручка по ДЗО/Фильтр Выручка' is clicked on

11-03-2025T03:43:31 - [TEST_STEP][PASSED] - click(findTestObject("Выручка по ДЗО/Внутренний оборот в фильтре Выручка")): Object: 'Object Repository/Выручка по ДЗО/Внутренний оборот в фильтре Выручка' is clicked on

11-03-2025T03:43:32 - [MESSAGE][PASSED] - Object: 'Object Repository/Выручка по ДЗО/Внутренний оборот в фильтре Выручка' is clicked on

11-03-2025T03:43:32 - [TEST_STEP][PASSED] - click(findTestObject("Выручка по ДЗО/Применить в фильтре Выручка")): Object: 'Object Repository/Выручка по ДЗО/Применить в фильтре Выручка' is clicked on

11-03-2025T03:43:32 - [MESSAGE][PASSED] - Object: 'Object Repository/Выручка по ДЗО/Применить в фильтре Выручка' is clicked on

11-03-2025T03:43:32 - [TEST_STEP][PASSED] - Script1687405711779.Test(todaysDate): null

11-03-2025T03:43:32 - [TEST_STEP][PASSED] - delay(10): Delayed 10 second(s)

11-03-2025T03:43:42 - [MESSAGE][PASSED] - Delayed 10 second(s)

11-03-2025T03:43:42 - [TEST_STEP][FAILED] - if (verifyTextNotPresent("нет данных", false) == true): Text 'нет данных' is present on page  (Root cause: com.kms.katalon.core.exception.StepFailedException: Text 'нет данных' is present on page 
	at com.kms.katalon.core.webui.keyword.internal.WebUIKeywordMain.stepFailed(WebUIKeywordMain.groovy:64)
	at com.kms.katalon.core.webui.keyword.builtin.VerifyTextNotPresentKeyword$_verifyTextNotPresent_closure1.doCall(VerifyTextNotPresentKeyword.groovy:77)
	at com.kms.katalon.core.webui.keyword.builtin.VerifyTextNotPresentKeyword$_verifyTextNotPresent_closure1.call(VerifyTextNotPresentKeyword.groovy)
	at com.kms.katalon.core.webui.keyword.internal.WebUIKeywordMain.runKeyword(WebUIKeywordMain.groovy:20)
	at com.kms.katalon.core.webui.keyword.builtin.VerifyTextNotPresentKeyword.verifyTextNotPresent(VerifyTextNotPresentKeyword.groovy:82)
	at com.kms.katalon.core.webui.keyword.builtin.VerifyTextNotPresentKeyword.execute(VerifyTextNotPresentKeyword.groovy:68)
	at com.kms.katalon.core.keyword.internal.KeywordExecutor.executeKeywordForPlatform(KeywordExecutor.groovy:74)
	at com.kms.katalon.core.webui.keyword.WebUiBuiltInKeywords.verifyTextNotPresent(WebUiBuiltInKeywords.groovy:1795)
	at Выручка по ДЗО отображение данных все филиалы.Test(Выручка по ДЗО отображение данных все филиалы:772)
	at Выручка по ДЗО отображение данных все филиалы.Tumbler(Выручка по ДЗО отображение данных все филиалы:726)
	at Выручка по ДЗО отображение данных все филиалы.Change(Выручка по ДЗО отображение данных все филиалы:760)
	at Выручка по ДЗО отображение данных все филиалы.DzoTest(Выручка по ДЗО отображение данных все филиалы:570)
	at Выручка по ДЗО отображение данных все филиалы.run(Выручка по ДЗО отображение данных все филиалы:122)
	at com.kms.katalon.core.main.ScriptEngine.run(ScriptEngine.java:194)
	at com.kms.katalon.core.main.ScriptEngine.runScriptAsRawText(ScriptEngine.java:119)
	at com.kms.katalon.core.main.TestCaseExecutor.runScript(TestCaseExecutor.java:448)
	at com.kms.katalon.core.main.TestCaseExecutor.doExecute(TestCaseExecutor.java:439)
	at com.kms.katalon.core.main.TestCaseExecutor.processExecutionPhase(TestCaseExecutor.java:418)
	at com.kms.katalon.core.main.TestCaseExecutor.accessMainPhase(TestCaseExecutor.java:410)
	at com.kms.katalon.core.main.TestCaseExecutor.execute(TestCaseExecutor.java:285)
	at com.kms.katalon.core.common.CommonExecutor.accessTestCaseMainPhase(CommonExecutor.java:65)
	at com.kms.katalon.core.main.TestSuiteExecutor.accessTestSuiteMainPhase(TestSuiteExecutor.java:150)
	at com.kms.katalon.core.main.TestSuiteExecutor.execute(TestSuiteExecutor.java:106)
	at com.kms.katalon.core.main.TestCaseMain.startTestSuite(TestCaseMain.java:180)
	at TempTestSuite1741649958618.run(TempTestSuite1741649958618.groovy:35)
	at java.base/jdk.internal.reflect.NativeMethodAccessorImpl.invoke0(Native Method)
	at java.base/jdk.internal.reflect.NativeMethodAccessorImpl.invoke(NativeMethodAccessorImpl.java:77)
	at java.base/jdk.internal.reflect.DelegatingMethodAccessorImpl.invoke(DelegatingMethodAccessorImpl.java:43)
)

11-03-2025T03:43:43 - [MESSAGE][FAILED] - Text 'нет данных' is present on page  (Root cause: com.kms.katalon.core.exception.StepFailedException: Text 'нет данных' is present on page 
	at com.kms.katalon.core.webui.keyword.internal.WebUIKeywordMain.stepFailed(WebUIKeywordMain.groovy:64)
	at com.kms.katalon.core.webui.keyword.builtin.VerifyTextNotPresentKeyword$_verifyTextNotPresent_closure1.doCall(VerifyTextNotPresentKeyword.groovy:77)
	at com.kms.katalon.core.webui.keyword.builtin.VerifyTextNotPresentKeyword$_verifyTextNotPresent_closure1.call(VerifyTextNotPresentKeyword.groovy)
	at com.kms.katalon.core.webui.keyword.internal.WebUIKeywordMain.runKeyword(WebUIKeywordMain.groovy:20)
	at com.kms.katalon.core.webui.keyword.builtin.VerifyTextNotPresentKeyword.verifyTextNotPresent(VerifyTextNotPresentKeyword.groovy:82)
	at com.kms.katalon.core.webui.keyword.builtin.VerifyTextNotPresentKeyword.execute(VerifyTextNotPresentKeyword.groovy:68)
	at com.kms.katalon.core.keyword.internal.KeywordExecutor.executeKeywordForPlatform(KeywordExecutor.groovy:74)
	at com.kms.katalon.core.webui.keyword.WebUiBuiltInKeywords.verifyTextNotPresent(WebUiBuiltInKeywords.groovy:1795)
	at Выручка по ДЗО отображение данных все филиалы.Test(Выручка по ДЗО отображение данных все филиалы:772)
	at Выручка по ДЗО отображение данных все филиалы.Tumbler(Выручка по ДЗО отображение данных все филиалы:726)
	at Выручка по ДЗО отображение данных все филиалы.Change(Выручка по ДЗО отображение данных все филиалы:760)
	at Выручка по ДЗО отображение данных все филиалы.DzoTest(Выручка по ДЗО отображение данных все филиалы:570)
	at Выручка по ДЗО отображение данных все филиалы.run(Выручка по ДЗО отображение данных все филиалы:122)
	at com.kms.katalon.core.main.ScriptEngine.run(ScriptEngine.java:194)
	at com.kms.katalon.core.main.ScriptEngine.runScriptAsRawText(ScriptEngine.java:119)
	at com.kms.katalon.core.main.TestCaseExecutor.runScript(TestCaseExecutor.java:448)
	at com.kms.katalon.core.main.TestCaseExecutor.doExecute(TestCaseExecutor.java:439)
	at com.kms.katalon.core.main.TestCaseExecutor.processExecutionPhase(TestCaseExecutor.java:418)
	at com.kms.katalon.core.main.TestCaseExecutor.accessMainPhase(TestCaseExecutor.java:410)
	at com.kms.katalon.core.main.TestCaseExecutor.execute(TestCaseExecutor.java:285)
	at com.kms.katalon.core.common.CommonExecutor.accessTestCaseMainPhase(CommonExecutor.java:65)
	at com.kms.katalon.core.main.TestSuiteExecutor.accessTestSuiteMainPhase(TestSuiteExecutor.java:150)
	at com.kms.katalon.core.main.TestSuiteExecutor.execute(TestSuiteExecutor.java:106)
	at com.kms.katalon.core.main.TestCaseMain.startTestSuite(TestCaseMain.java:180)
	at TempTestSuite1741649958618.run(TempTestSuite1741649958618.groovy:35)
	at java.base/jdk.internal.reflect.NativeMethodAccessorImpl.invoke0(Native Method)
	at java.base/jdk.internal.reflect.NativeMethodAccessorImpl.invoke(NativeMethodAccessorImpl.java:77)
	at java.base/jdk.internal.reflect.DelegatingMethodAccessorImpl.invoke(DelegatingMethodAccessorImpl.java:43)
)

11-03-2025T03:43:43 - [TEST_STEP][PASSED] - else: null

11-03-2025T03:43:43 - [TEST_STEP][PASSED] - Script1687405711779.WriteToExcel(todaysDate): null

11-03-2025T03:43:43 - [TEST_STEP][PASSED] - sheetName = "Sheet1": null

11-03-2025T03:43:43 - [TEST_STEP][PASSED] - data = findTestData("PlanFact"): null

11-03-2025T03:43:43 - [TEST_STEP][PASSED] - n = data.getRowNumbers() + 1: null

11-03-2025T03:43:43 - [TEST_STEP][PASSED] - dZO = getText(findTestObject("Выручка по ДЗО/Фильтр ДЗО")): Text of object 'Object Repository/Выручка по ДЗО/Фильтр ДЗО' is: 'ПАО Россети - РаспредКомплекс - Россети Центр - Смоленскэнерго'

11-03-2025T03:43:43 - [MESSAGE][PASSED] - Text of object 'Object Repository/Выручка по ДЗО/Фильтр ДЗО' is: 'ПАО Россети - РаспредКомплекс - Россети Центр - Смоленскэнерго'

11-03-2025T03:43:43 - [TEST_STEP][PASSED] - period = getText(findTestObject("Выручка по ДЗО/Фильтр Дата")): Text of object 'Object Repository/Выручка по ДЗО/Фильтр Дата' is: 'Январь 2025 года'

11-03-2025T03:43:44 - [MESSAGE][PASSED] - Text of object 'Object Repository/Выручка по ДЗО/Фильтр Дата' is: 'Январь 2025 года'

11-03-2025T03:43:44 - [TEST_STEP][PASSED] - viruchka = getText(findTestObject("Выручка по ДЗО/Фильтр Выручка")): Text of object 'Object Repository/Выручка по ДЗО/Фильтр Выручка' is: 'внутренний оборот'

11-03-2025T03:43:44 - [MESSAGE][PASSED] - Text of object 'Object Repository/Выручка по ДЗО/Фильтр Выручка' is: 'внутренний оборот'

11-03-2025T03:43:44 - [TEST_STEP][PASSED] - if (viruchka == "Выбрано: 2"): null

11-03-2025T03:43:44 - [TEST_STEP][PASSED] - if (viruchka == "Все"): null

11-03-2025T03:43:44 - [TEST_STEP][PASSED] - println(period): null

11-03-2025T03:43:44 - [TEST_STEP][PASSED] - dashboardName = "Выручка по ДЗО": null

11-03-2025T03:43:44 - [TEST_STEP][PASSED] - workbook01 = getWorkbook(excelFilePath): null

11-03-2025T03:43:44 - [TEST_STEP][PASSED] - sheet01 = getExcelSheet(workbook01, sheetName): null

11-03-2025T03:43:44 - [TEST_STEP][PASSED] - setValueToCellByIndex(sheet01, n, 0, dashboardName): null

11-03-2025T03:43:44 - [TEST_STEP][PASSED] - setValueToCellByIndex(sheet01, n, 1, dZO): null

11-03-2025T03:43:44 - [TEST_STEP][PASSED] - setValueToCellByIndex(sheet01, n, 2, period): null

11-03-2025T03:43:44 - [TEST_STEP][PASSED] - setValueToCellByIndex(sheet01, n, 3, viruchka): null

11-03-2025T03:43:44 - [TEST_STEP][PASSED] - setValueToCellByIndex(sheet01, n, 4, todaysDate): null

11-03-2025T03:43:44 - [TEST_STEP][PASSED] - n = n + 1: null

11-03-2025T03:43:44 - [TEST_STEP][PASSED] - saveWorkbook(excelFilePath, workbook01): null

11-03-2025T03:43:44 - [TEST_STEP][PASSED] - click(findTestObject("Выручка по ДЗО/Фильтр Выручка")): Object: 'Object Repository/Выручка по ДЗО/Фильтр Выручка' is clicked on

11-03-2025T03:43:45 - [MESSAGE][PASSED] - Object: 'Object Repository/Выручка по ДЗО/Фильтр Выручка' is clicked on

11-03-2025T03:43:45 - [TEST_STEP][PASSED] - click(findTestObject("Выручка по ДЗО/По передаче в фильтре Выручка")): Object: 'Object Repository/Выручка по ДЗО/По передаче в фильтре Выручка' is clicked on

11-03-2025T03:43:45 - [MESSAGE][PASSED] - Object: 'Object Repository/Выручка по ДЗО/По передаче в фильтре Выручка' is clicked on

11-03-2025T03:43:45 - [TEST_STEP][PASSED] - click(findTestObject("Выручка по ДЗО/Применить в фильтре Выручка")): Object: 'Object Repository/Выручка по ДЗО/Применить в фильтре Выручка' is clicked on

11-03-2025T03:43:46 - [MESSAGE][PASSED] - Object: 'Object Repository/Выручка по ДЗО/Применить в фильтре Выручка' is clicked on

11-03-2025T03:43:46 - [TEST_STEP][PASSED] - Script1687405711779.Test(todaysDate): null

11-03-2025T03:43:46 - [TEST_STEP][PASSED] - delay(10): Delayed 10 second(s)

11-03-2025T03:43:56 - [MESSAGE][PASSED] - Delayed 10 second(s)

11-03-2025T03:43:56 - [TEST_STEP][PASSED] - if (verifyTextNotPresent("нет данных", false) == true): null

11-03-2025T03:43:56 - [MESSAGE][PASSED] - Text 'нет данных' is not present on page

11-03-2025T03:43:56 - [TEST_STEP][PASSED] - if (verifyTextNotPresent("Ошибка запроса данных", false) == true): null

11-03-2025T03:43:57 - [MESSAGE][PASSED] - Text 'Ошибка запроса данных' is not present on page

11-03-2025T03:43:57 - [TEST_STEP][PASSED] - if (verifyTextNotPresent("Произошла ошибка при выполнении пользовательского кода", false) == true): null

11-03-2025T03:43:57 - [MESSAGE][PASSED] - Text 'Произошла ошибка при выполнении пользовательского кода' is not present on page

11-03-2025T03:43:57 - [TEST_STEP][PASSED] - if (verifyTextNotPresent("У виджета нет данных", false) == true): null

11-03-2025T03:43:58 - [MESSAGE][PASSED] - Text 'У виджета нет данных' is not present on page

11-03-2025T03:43:58 - [TEST_STEP][PASSED] - if (verifyTextNotPresent("У виджета нет данных", false) == true): Text 'У виджета нет данных' is not present on page

11-03-2025T03:43:58 - [MESSAGE][PASSED] - Text 'У виджета нет данных' is not present on page

11-03-2025T03:43:58 - [TEST_STEP][PASSED] - click(findTestObject("Выручка по ДЗО/Фильтр Выручка")): Object: 'Object Repository/Выручка по ДЗО/Фильтр Выручка' is clicked on

11-03-2025T03:43:59 - [MESSAGE][PASSED] - Object: 'Object Repository/Выручка по ДЗО/Фильтр Выручка' is clicked on

11-03-2025T03:43:59 - [TEST_STEP][PASSED] - click(findTestObject("Выручка по ДЗО/Снять выделение в фильтре Выручка")): Object: 'Object Repository/Выручка по ДЗО/Снять выделение в фильтре Выручка' is clicked on

11-03-2025T03:43:59 - [MESSAGE][PASSED] - Object: 'Object Repository/Выручка по ДЗО/Снять выделение в фильтре Выручка' is clicked on

11-03-2025T03:43:59 - [TEST_STEP][PASSED] - click(findTestObject("Выручка по ДЗО/По передаче в фильтре Выручка")): Object: 'Object Repository/Выручка по ДЗО/По передаче в фильтре Выручка' is clicked on

11-03-2025T03:43:59 - [MESSAGE][PASSED] - Object: 'Object Repository/Выручка по ДЗО/По передаче в фильтре Выручка' is clicked on

11-03-2025T03:43:59 - [TEST_STEP][PASSED] - click(findTestObject("Выручка по ДЗО/Применить в фильтре Выручка")): Object: 'Object Repository/Выручка по ДЗО/Применить в фильтре Выручка' is clicked on

11-03-2025T03:44:00 - [MESSAGE][PASSED] - Object: 'Object Repository/Выручка по ДЗО/Применить в фильтре Выручка' is clicked on

11-03-2025T03:44:00 - [TEST_STEP][PASSED] - Script1687405711779.Test(todaysDate): null

11-03-2025T03:44:00 - [TEST_STEP][PASSED] - delay(10): Delayed 10 second(s)

11-03-2025T03:44:10 - [MESSAGE][PASSED] - Delayed 10 second(s)

11-03-2025T03:44:10 - [TEST_STEP][PASSED] - if (verifyTextNotPresent("нет данных", false) == true): null

11-03-2025T03:44:11 - [MESSAGE][PASSED] - Text 'нет данных' is not present on page

11-03-2025T03:44:11 - [TEST_STEP][PASSED] - if (verifyTextNotPresent("Ошибка запроса данных", false) == true): null

11-03-2025T03:44:11 - [MESSAGE][PASSED] - Text 'Ошибка запроса данных' is not present on page

11-03-2025T03:44:11 - [TEST_STEP][PASSED] - if (verifyTextNotPresent("Произошла ошибка при выполнении пользовательского кода", false) == true): null

11-03-2025T03:44:12 - [MESSAGE][PASSED] - Text 'Произошла ошибка при выполнении пользовательского кода' is not present on page

11-03-2025T03:44:12 - [TEST_STEP][PASSED] - if (verifyTextNotPresent("У виджета нет данных", false) == true): null

11-03-2025T03:44:12 - [MESSAGE][PASSED] - Text 'У виджета нет данных' is not present on page

11-03-2025T03:44:12 - [TEST_STEP][PASSED] - if (verifyTextNotPresent("У виджета нет данных", false) == true): Text 'У виджета нет данных' is not present on page

11-03-2025T03:44:13 - [MESSAGE][PASSED] - Text 'У виджета нет данных' is not present on page

11-03-2025T03:44:13 - [TEST_STEP][PASSED] - click(findTestObject("Выручка по ДЗО/Фильтр Выручка")): Object: 'Object Repository/Выручка по ДЗО/Фильтр Выручка' is clicked on

11-03-2025T03:44:13 - [MESSAGE][PASSED] - Object: 'Object Repository/Выручка по ДЗО/Фильтр Выручка' is clicked on

11-03-2025T03:44:13 - [TEST_STEP][PASSED] - click(findTestObject("Выручка по ДЗО/Снять выделение в фильтре Выручка")): Object: 'Object Repository/Выручка по ДЗО/Снять выделение в фильтре Выручка' is clicked on

11-03-2025T03:44:13 - [MESSAGE][PASSED] - Object: 'Object Repository/Выручка по ДЗО/Снять выделение в фильтре Выручка' is clicked on

11-03-2025T03:44:13 - [TEST_STEP][PASSED] - click(findTestObject("Выручка по ДЗО/Применить в фильтре Выручка")): Object: 'Object Repository/Выручка по ДЗО/Применить в фильтре Выручка' is clicked on

11-03-2025T03:44:14 - [MESSAGE][PASSED] - Object: 'Object Repository/Выручка по ДЗО/Применить в фильтре Выручка' is clicked on

11-03-2025T03:44:14 - [TEST_STEP][PASSED] - click(findTestObject("Выручка по ДЗО/Фильтр ДЗО")): Object: 'Object Repository/Выручка по ДЗО/Фильтр ДЗО' is clicked on

11-03-2025T03:44:15 - [MESSAGE][PASSED] - Object: 'Object Repository/Выручка по ДЗО/Фильтр ДЗО' is clicked on

11-03-2025T03:44:15 - [TEST_STEP][PASSED] - click(findTestObject("Выручка по ДЗО/Снять выделение в фильтре ДЗО")): Object: 'Object Repository/Выручка по ДЗО/Снять выделение в фильтре ДЗО' is clicked on

11-03-2025T03:44:15 - [MESSAGE][PASSED] - Object: 'Object Repository/Выручка по ДЗО/Снять выделение в фильтре ДЗО' is clicked on

11-03-2025T03:44:15 - [TEST_STEP][PASSED] - scrollToElement(findTestObject("Общие объекты/Тамбовэнерго"), 30): Scroll to object 'Object Repository/Общие объекты/Тамбовэнерго' successfully

11-03-2025T03:44:16 - [MESSAGE][PASSED] - Scroll to object 'Object Repository/Общие объекты/Тамбовэнерго' successfully

11-03-2025T03:44:16 - [TEST_STEP][PASSED] - click(findTestObject("Общие объекты/Тамбовэнерго"), CONTINUE_ON_FAILURE): Object: 'Object Repository/Общие объекты/Тамбовэнерго' is clicked on

11-03-2025T03:44:16 - [MESSAGE][PASSED] - Object: 'Object Repository/Общие объекты/Тамбовэнерго' is clicked on

11-03-2025T03:44:16 - [TEST_STEP][PASSED] - Script1687405711779.Change(todaysDate): null

11-03-2025T03:44:16 - [TEST_STEP][PASSED] - scrollToElement(findTestObject("Выручка по ДЗО/Заголовок дашборда"), 30): Scroll to object 'Object Repository/Выручка по ДЗО/Заголовок дашборда' successfully

11-03-2025T03:44:17 - [MESSAGE][PASSED] - Scroll to object 'Object Repository/Выручка по ДЗО/Заголовок дашборда' successfully

11-03-2025T03:44:17 - [TEST_STEP][PASSED] - click(findTestObject("Выручка по ДЗО/Применить в фильтре ДЗО")): Object: 'Object Repository/Выручка по ДЗО/Применить в фильтре ДЗО' is clicked on

11-03-2025T03:44:17 - [MESSAGE][PASSED] - Object: 'Object Repository/Выручка по ДЗО/Применить в фильтре ДЗО' is clicked on

11-03-2025T03:44:17 - [TEST_STEP][PASSED] - Script1687405711779.Tumbler(todaysDate): null

11-03-2025T03:44:17 - [TEST_STEP][PASSED] - Script1687405711779.Test(todaysDate): null

11-03-2025T03:44:17 - [TEST_STEP][PASSED] - delay(10): Delayed 10 second(s)

11-03-2025T03:44:27 - [MESSAGE][PASSED] - Delayed 10 second(s)

11-03-2025T03:44:27 - [TEST_STEP][PASSED] - if (verifyTextNotPresent("нет данных", false) == true): null

11-03-2025T03:44:28 - [MESSAGE][PASSED] - Text 'нет данных' is not present on page

11-03-2025T03:44:28 - [TEST_STEP][PASSED] - if (verifyTextNotPresent("Ошибка запроса данных", false) == true): null

11-03-2025T03:44:28 - [MESSAGE][PASSED] - Text 'Ошибка запроса данных' is not present on page

11-03-2025T03:44:28 - [TEST_STEP][PASSED] - if (verifyTextNotPresent("Произошла ошибка при выполнении пользовательского кода", false) == true): null

11-03-2025T03:44:29 - [MESSAGE][PASSED] - Text 'Произошла ошибка при выполнении пользовательского кода' is not present on page

11-03-2025T03:44:29 - [TEST_STEP][PASSED] - if (verifyTextNotPresent("У виджета нет данных", false) == true): null

11-03-2025T03:44:29 - [MESSAGE][PASSED] - Text 'У виджета нет данных' is not present on page

11-03-2025T03:44:29 - [TEST_STEP][PASSED] - if (verifyTextNotPresent("У виджета нет данных", false) == true): Text 'У виджета нет данных' is not present on page

11-03-2025T03:44:30 - [MESSAGE][PASSED] - Text 'У виджета нет данных' is not present on page

11-03-2025T03:44:30 - [TEST_STEP][PASSED] - click(findTestObject("Выручка по ДЗО/Фильтр Выручка")): Object: 'Object Repository/Выручка по ДЗО/Фильтр Выручка' is clicked on

11-03-2025T03:44:30 - [MESSAGE][PASSED] - Object: 'Object Repository/Выручка по ДЗО/Фильтр Выручка' is clicked on

11-03-2025T03:44:30 - [TEST_STEP][PASSED] - click(findTestObject("Выручка по ДЗО/Внутренний оборот в фильтре Выручка")): Object: 'Object Repository/Выручка по ДЗО/Внутренний оборот в фильтре Выручка' is clicked on

11-03-2025T03:44:30 - [MESSAGE][PASSED] - Object: 'Object Repository/Выручка по ДЗО/Внутренний оборот в фильтре Выручка' is clicked on

11-03-2025T03:44:30 - [TEST_STEP][PASSED] - click(findTestObject("Выручка по ДЗО/Применить в фильтре Выручка")): Object: 'Object Repository/Выручка по ДЗО/Применить в фильтре Выручка' is clicked on

11-03-2025T03:44:31 - [MESSAGE][PASSED] - Object: 'Object Repository/Выручка по ДЗО/Применить в фильтре Выручка' is clicked on

11-03-2025T03:44:31 - [TEST_STEP][PASSED] - Script1687405711779.Test(todaysDate): null

11-03-2025T03:44:31 - [TEST_STEP][PASSED] - delay(10): Delayed 10 second(s)

11-03-2025T03:44:41 - [MESSAGE][PASSED] - Delayed 10 second(s)

11-03-2025T03:44:41 - [TEST_STEP][FAILED] - if (verifyTextNotPresent("нет данных", false) == true): Text 'нет данных' is present on page  (Root cause: com.kms.katalon.core.exception.StepFailedException: Text 'нет данных' is present on page 
	at com.kms.katalon.core.webui.keyword.internal.WebUIKeywordMain.stepFailed(WebUIKeywordMain.groovy:64)
	at com.kms.katalon.core.webui.keyword.builtin.VerifyTextNotPresentKeyword$_verifyTextNotPresent_closure1.doCall(VerifyTextNotPresentKeyword.groovy:77)
	at com.kms.katalon.core.webui.keyword.builtin.VerifyTextNotPresentKeyword$_verifyTextNotPresent_closure1.call(VerifyTextNotPresentKeyword.groovy)
	at com.kms.katalon.core.webui.keyword.internal.WebUIKeywordMain.runKeyword(WebUIKeywordMain.groovy:20)
	at com.kms.katalon.core.webui.keyword.builtin.VerifyTextNotPresentKeyword.verifyTextNotPresent(VerifyTextNotPresentKeyword.groovy:82)
	at com.kms.katalon.core.webui.keyword.builtin.VerifyTextNotPresentKeyword.execute(VerifyTextNotPresentKeyword.groovy:68)
	at com.kms.katalon.core.keyword.internal.KeywordExecutor.executeKeywordForPlatform(KeywordExecutor.groovy:74)
	at com.kms.katalon.core.webui.keyword.WebUiBuiltInKeywords.verifyTextNotPresent(WebUiBuiltInKeywords.groovy:1795)
	at Выручка по ДЗО отображение данных все филиалы.Test(Выручка по ДЗО отображение данных все филиалы:772)
	at Выручка по ДЗО отображение данных все филиалы.Tumbler(Выручка по ДЗО отображение данных все филиалы:726)
	at Выручка по ДЗО отображение данных все филиалы.Change(Выручка по ДЗО отображение данных все филиалы:760)
	at Выручка по ДЗО отображение данных все филиалы.DzoTest(Выручка по ДЗО отображение данных все филиалы:576)
	at Выручка по ДЗО отображение данных все филиалы.run(Выручка по ДЗО отображение данных все филиалы:122)
	at com.kms.katalon.core.main.ScriptEngine.run(ScriptEngine.java:194)
	at com.kms.katalon.core.main.ScriptEngine.runScriptAsRawText(ScriptEngine.java:119)
	at com.kms.katalon.core.main.TestCaseExecutor.runScript(TestCaseExecutor.java:448)
	at com.kms.katalon.core.main.TestCaseExecutor.doExecute(TestCaseExecutor.java:439)
	at com.kms.katalon.core.main.TestCaseExecutor.processExecutionPhase(TestCaseExecutor.java:418)
	at com.kms.katalon.core.main.TestCaseExecutor.accessMainPhase(TestCaseExecutor.java:410)
	at com.kms.katalon.core.main.TestCaseExecutor.execute(TestCaseExecutor.java:285)
	at com.kms.katalon.core.common.CommonExecutor.accessTestCaseMainPhase(CommonExecutor.java:65)
	at com.kms.katalon.core.main.TestSuiteExecutor.accessTestSuiteMainPhase(TestSuiteExecutor.java:150)
	at com.kms.katalon.core.main.TestSuiteExecutor.execute(TestSuiteExecutor.java:106)
	at com.kms.katalon.core.main.TestCaseMain.startTestSuite(TestCaseMain.java:180)
	at TempTestSuite1741649958618.run(TempTestSuite1741649958618.groovy:35)
	at java.base/jdk.internal.reflect.NativeMethodAccessorImpl.invoke0(Native Method)
	at java.base/jdk.internal.reflect.NativeMethodAccessorImpl.invoke(NativeMethodAccessorImpl.java:77)
	at java.base/jdk.internal.reflect.DelegatingMethodAccessorImpl.invoke(DelegatingMethodAccessorImpl.java:43)
)

11-03-2025T03:44:42 - [MESSAGE][FAILED] - Text 'нет данных' is present on page  (Root cause: com.kms.katalon.core.exception.StepFailedException: Text 'нет данных' is present on page 
	at com.kms.katalon.core.webui.keyword.internal.WebUIKeywordMain.stepFailed(WebUIKeywordMain.groovy:64)
	at com.kms.katalon.core.webui.keyword.builtin.VerifyTextNotPresentKeyword$_verifyTextNotPresent_closure1.doCall(VerifyTextNotPresentKeyword.groovy:77)
	at com.kms.katalon.core.webui.keyword.builtin.VerifyTextNotPresentKeyword$_verifyTextNotPresent_closure1.call(VerifyTextNotPresentKeyword.groovy)
	at com.kms.katalon.core.webui.keyword.internal.WebUIKeywordMain.runKeyword(WebUIKeywordMain.groovy:20)
	at com.kms.katalon.core.webui.keyword.builtin.VerifyTextNotPresentKeyword.verifyTextNotPresent(VerifyTextNotPresentKeyword.groovy:82)
	at com.kms.katalon.core.webui.keyword.builtin.VerifyTextNotPresentKeyword.execute(VerifyTextNotPresentKeyword.groovy:68)
	at com.kms.katalon.core.keyword.internal.KeywordExecutor.executeKeywordForPlatform(KeywordExecutor.groovy:74)
	at com.kms.katalon.core.webui.keyword.WebUiBuiltInKeywords.verifyTextNotPresent(WebUiBuiltInKeywords.groovy:1795)
	at Выручка по ДЗО отображение данных все филиалы.Test(Выручка по ДЗО отображение данных все филиалы:772)
	at Выручка по ДЗО отображение данных все филиалы.Tumbler(Выручка по ДЗО отображение данных все филиалы:726)
	at Выручка по ДЗО отображение данных все филиалы.Change(Выручка по ДЗО отображение данных все филиалы:760)
	at Выручка по ДЗО отображение данных все филиалы.DzoTest(Выручка по ДЗО отображение данных все филиалы:576)
	at Выручка по ДЗО отображение данных все филиалы.run(Выручка по ДЗО отображение данных все филиалы:122)
	at com.kms.katalon.core.main.ScriptEngine.run(ScriptEngine.java:194)
	at com.kms.katalon.core.main.ScriptEngine.runScriptAsRawText(ScriptEngine.java:119)
	at com.kms.katalon.core.main.TestCaseExecutor.runScript(TestCaseExecutor.java:448)
	at com.kms.katalon.core.main.TestCaseExecutor.doExecute(TestCaseExecutor.java:439)
	at com.kms.katalon.core.main.TestCaseExecutor.processExecutionPhase(TestCaseExecutor.java:418)
	at com.kms.katalon.core.main.TestCaseExecutor.accessMainPhase(TestCaseExecutor.java:410)
	at com.kms.katalon.core.main.TestCaseExecutor.execute(TestCaseExecutor.java:285)
	at com.kms.katalon.core.common.CommonExecutor.accessTestCaseMainPhase(CommonExecutor.java:65)
	at com.kms.katalon.core.main.TestSuiteExecutor.accessTestSuiteMainPhase(TestSuiteExecutor.java:150)
	at com.kms.katalon.core.main.TestSuiteExecutor.execute(TestSuiteExecutor.java:106)
	at com.kms.katalon.core.main.TestCaseMain.startTestSuite(TestCaseMain.java:180)
	at TempTestSuite1741649958618.run(TempTestSuite1741649958618.groovy:35)
	at java.base/jdk.internal.reflect.NativeMethodAccessorImpl.invoke0(Native Method)
	at java.base/jdk.internal.reflect.NativeMethodAccessorImpl.invoke(NativeMethodAccessorImpl.java:77)
	at java.base/jdk.internal.reflect.DelegatingMethodAccessorImpl.invoke(DelegatingMethodAccessorImpl.java:43)
)

11-03-2025T03:44:42 - [TEST_STEP][PASSED] - else: null

11-03-2025T03:44:42 - [TEST_STEP][PASSED] - Script1687405711779.WriteToExcel(todaysDate): null

11-03-2025T03:44:42 - [TEST_STEP][PASSED] - sheetName = "Sheet1": null

11-03-2025T03:44:42 - [TEST_STEP][PASSED] - data = findTestData("PlanFact"): null

11-03-2025T03:44:42 - [TEST_STEP][PASSED] - n = data.getRowNumbers() + 1: null

11-03-2025T03:44:42 - [TEST_STEP][PASSED] - dZO = getText(findTestObject("Выручка по ДЗО/Фильтр ДЗО")): Text of object 'Object Repository/Выручка по ДЗО/Фильтр ДЗО' is: 'ПАО Россети - РаспредКомплекс - Россети Центр - Тамбовэнерго'

11-03-2025T03:44:42 - [MESSAGE][PASSED] - Text of object 'Object Repository/Выручка по ДЗО/Фильтр ДЗО' is: 'ПАО Россети - РаспредКомплекс - Россети Центр - Тамбовэнерго'

11-03-2025T03:44:42 - [TEST_STEP][PASSED] - period = getText(findTestObject("Выручка по ДЗО/Фильтр Дата")): Text of object 'Object Repository/Выручка по ДЗО/Фильтр Дата' is: 'Январь 2025 года'

11-03-2025T03:44:42 - [MESSAGE][PASSED] - Text of object 'Object Repository/Выручка по ДЗО/Фильтр Дата' is: 'Январь 2025 года'

11-03-2025T03:44:42 - [TEST_STEP][PASSED] - viruchka = getText(findTestObject("Выручка по ДЗО/Фильтр Выручка")): Text of object 'Object Repository/Выручка по ДЗО/Фильтр Выручка' is: 'внутренний оборот'

11-03-2025T03:44:42 - [MESSAGE][PASSED] - Text of object 'Object Repository/Выручка по ДЗО/Фильтр Выручка' is: 'внутренний оборот'

11-03-2025T03:44:42 - [TEST_STEP][PASSED] - if (viruchka == "Выбрано: 2"): null

11-03-2025T03:44:42 - [TEST_STEP][PASSED] - if (viruchka == "Все"): null

11-03-2025T03:44:42 - [TEST_STEP][PASSED] - println(period): null

11-03-2025T03:44:42 - [TEST_STEP][PASSED] - dashboardName = "Выручка по ДЗО": null

11-03-2025T03:44:42 - [TEST_STEP][PASSED] - workbook01 = getWorkbook(excelFilePath): null

11-03-2025T03:44:43 - [TEST_STEP][PASSED] - sheet01 = getExcelSheet(workbook01, sheetName): null

11-03-2025T03:44:43 - [TEST_STEP][PASSED] - setValueToCellByIndex(sheet01, n, 0, dashboardName): null

11-03-2025T03:44:43 - [TEST_STEP][PASSED] - setValueToCellByIndex(sheet01, n, 1, dZO): null

11-03-2025T03:44:43 - [TEST_STEP][PASSED] - setValueToCellByIndex(sheet01, n, 2, period): null

11-03-2025T03:44:43 - [TEST_STEP][PASSED] - setValueToCellByIndex(sheet01, n, 3, viruchka): null

11-03-2025T03:44:43 - [TEST_STEP][PASSED] - setValueToCellByIndex(sheet01, n, 4, todaysDate): null

11-03-2025T03:44:43 - [TEST_STEP][PASSED] - n = n + 1: null

11-03-2025T03:44:43 - [TEST_STEP][PASSED] - saveWorkbook(excelFilePath, workbook01): null

11-03-2025T03:44:43 - [TEST_STEP][PASSED] - click(findTestObject("Выручка по ДЗО/Фильтр Выручка")): Object: 'Object Repository/Выручка по ДЗО/Фильтр Выручка' is clicked on

11-03-2025T03:44:43 - [MESSAGE][PASSED] - Object: 'Object Repository/Выручка по ДЗО/Фильтр Выручка' is clicked on

11-03-2025T03:44:43 - [TEST_STEP][PASSED] - click(findTestObject("Выручка по ДЗО/По передаче в фильтре Выручка")): Object: 'Object Repository/Выручка по ДЗО/По передаче в фильтре Выручка' is clicked on

11-03-2025T03:44:44 - [MESSAGE][PASSED] - Object: 'Object Repository/Выручка по ДЗО/По передаче в фильтре Выручка' is clicked on

11-03-2025T03:44:44 - [TEST_STEP][PASSED] - click(findTestObject("Выручка по ДЗО/Применить в фильтре Выручка")): Object: 'Object Repository/Выручка по ДЗО/Применить в фильтре Выручка' is clicked on

11-03-2025T03:44:44 - [MESSAGE][PASSED] - Object: 'Object Repository/Выручка по ДЗО/Применить в фильтре Выручка' is clicked on

11-03-2025T03:44:44 - [TEST_STEP][PASSED] - Script1687405711779.Test(todaysDate): null

11-03-2025T03:44:44 - [TEST_STEP][PASSED] - delay(10): Delayed 10 second(s)

11-03-2025T03:44:54 - [MESSAGE][PASSED] - Delayed 10 second(s)

11-03-2025T03:44:54 - [TEST_STEP][PASSED] - if (verifyTextNotPresent("нет данных", false) == true): null

11-03-2025T03:44:55 - [MESSAGE][PASSED] - Text 'нет данных' is not present on page

11-03-2025T03:44:55 - [TEST_STEP][PASSED] - if (verifyTextNotPresent("Ошибка запроса данных", false) == true): null

11-03-2025T03:44:55 - [MESSAGE][PASSED] - Text 'Ошибка запроса данных' is not present on page

11-03-2025T03:44:55 - [TEST_STEP][PASSED] - if (verifyTextNotPresent("Произошла ошибка при выполнении пользовательского кода", false) == true): null

11-03-2025T03:44:56 - [MESSAGE][PASSED] - Text 'Произошла ошибка при выполнении пользовательского кода' is not present on page

11-03-2025T03:44:56 - [TEST_STEP][PASSED] - if (verifyTextNotPresent("У виджета нет данных", false) == true): null

11-03-2025T03:44:56 - [MESSAGE][PASSED] - Text 'У виджета нет данных' is not present on page

11-03-2025T03:44:56 - [TEST_STEP][PASSED] - if (verifyTextNotPresent("У виджета нет данных", false) == true): Text 'У виджета нет данных' is not present on page

11-03-2025T03:44:57 - [MESSAGE][PASSED] - Text 'У виджета нет данных' is not present on page

11-03-2025T03:44:57 - [TEST_STEP][PASSED] - click(findTestObject("Выручка по ДЗО/Фильтр Выручка")): Object: 'Object Repository/Выручка по ДЗО/Фильтр Выручка' is clicked on

11-03-2025T03:44:57 - [MESSAGE][PASSED] - Object: 'Object Repository/Выручка по ДЗО/Фильтр Выручка' is clicked on

11-03-2025T03:44:57 - [TEST_STEP][PASSED] - click(findTestObject("Выручка по ДЗО/Снять выделение в фильтре Выручка")): Object: 'Object Repository/Выручка по ДЗО/Снять выделение в фильтре Выручка' is clicked on

11-03-2025T03:44:57 - [MESSAGE][PASSED] - Object: 'Object Repository/Выручка по ДЗО/Снять выделение в фильтре Выручка' is clicked on

11-03-2025T03:44:57 - [TEST_STEP][PASSED] - click(findTestObject("Выручка по ДЗО/По передаче в фильтре Выручка")): Object: 'Object Repository/Выручка по ДЗО/По передаче в фильтре Выручка' is clicked on

11-03-2025T03:44:58 - [MESSAGE][PASSED] - Object: 'Object Repository/Выручка по ДЗО/По передаче в фильтре Выручка' is clicked on

11-03-2025T03:44:58 - [TEST_STEP][PASSED] - click(findTestObject("Выручка по ДЗО/Применить в фильтре Выручка")): Object: 'Object Repository/Выручка по ДЗО/Применить в фильтре Выручка' is clicked on

11-03-2025T03:44:58 - [MESSAGE][PASSED] - Object: 'Object Repository/Выручка по ДЗО/Применить в фильтре Выручка' is clicked on

11-03-2025T03:44:58 - [TEST_STEP][PASSED] - Script1687405711779.Test(todaysDate): null

11-03-2025T03:44:58 - [TEST_STEP][PASSED] - delay(10): Delayed 10 second(s)

11-03-2025T03:45:08 - [MESSAGE][PASSED] - Delayed 10 second(s)

11-03-2025T03:45:08 - [TEST_STEP][PASSED] - if (verifyTextNotPresent("нет данных", false) == true): null

11-03-2025T03:45:09 - [MESSAGE][PASSED] - Text 'нет данных' is not present on page

11-03-2025T03:45:09 - [TEST_STEP][PASSED] - if (verifyTextNotPresent("Ошибка запроса данных", false) == true): null

11-03-2025T03:45:09 - [MESSAGE][PASSED] - Text 'Ошибка запроса данных' is not present on page

11-03-2025T03:45:09 - [TEST_STEP][PASSED] - if (verifyTextNotPresent("Произошла ошибка при выполнении пользовательского кода", false) == true): null

11-03-2025T03:45:10 - [MESSAGE][PASSED] - Text 'Произошла ошибка при выполнении пользовательского кода' is not present on page

11-03-2025T03:45:10 - [TEST_STEP][PASSED] - if (verifyTextNotPresent("У виджета нет данных", false) == true): null

11-03-2025T03:45:11 - [MESSAGE][PASSED] - Text 'У виджета нет данных' is not present on page

11-03-2025T03:45:11 - [TEST_STEP][PASSED] - if (verifyTextNotPresent("У виджета нет данных", false) == true): Text 'У виджета нет данных' is not present on page

11-03-2025T03:45:11 - [MESSAGE][PASSED] - Text 'У виджета нет данных' is not present on page

11-03-2025T03:45:11 - [TEST_STEP][PASSED] - click(findTestObject("Выручка по ДЗО/Фильтр Выручка")): Object: 'Object Repository/Выручка по ДЗО/Фильтр Выручка' is clicked on

11-03-2025T03:45:11 - [MESSAGE][PASSED] - Object: 'Object Repository/Выручка по ДЗО/Фильтр Выручка' is clicked on

11-03-2025T03:45:11 - [TEST_STEP][PASSED] - click(findTestObject("Выручка по ДЗО/Снять выделение в фильтре Выручка")): Object: 'Object Repository/Выручка по ДЗО/Снять выделение в фильтре Выручка' is clicked on

11-03-2025T03:45:12 - [MESSAGE][PASSED] - Object: 'Object Repository/Выручка по ДЗО/Снять выделение в фильтре Выручка' is clicked on

11-03-2025T03:45:12 - [TEST_STEP][PASSED] - click(findTestObject("Выручка по ДЗО/Применить в фильтре Выручка")): Object: 'Object Repository/Выручка по ДЗО/Применить в фильтре Выручка' is clicked on

11-03-2025T03:45:12 - [MESSAGE][PASSED] - Object: 'Object Repository/Выручка по ДЗО/Применить в фильтре Выручка' is clicked on

11-03-2025T03:45:12 - [TEST_STEP][PASSED] - click(findTestObject("Выручка по ДЗО/Фильтр ДЗО")): Object: 'Object Repository/Выручка по ДЗО/Фильтр ДЗО' is clicked on

11-03-2025T03:45:14 - [MESSAGE][PASSED] - Object: 'Object Repository/Выручка по ДЗО/Фильтр ДЗО' is clicked on

11-03-2025T03:45:14 - [TEST_STEP][PASSED] - click(findTestObject("Выручка по ДЗО/Снять выделение в фильтре ДЗО")): Object: 'Object Repository/Выручка по ДЗО/Снять выделение в фильтре ДЗО' is clicked on

11-03-2025T03:45:14 - [MESSAGE][PASSED] - Object: 'Object Repository/Выручка по ДЗО/Снять выделение в фильтре ДЗО' is clicked on

11-03-2025T03:45:14 - [TEST_STEP][PASSED] - scrollToElement(findTestObject("Общие объекты/Тверьэнерго"), 30): Scroll to object 'Object Repository/Общие объекты/Тверьэнерго' successfully

11-03-2025T03:45:15 - [MESSAGE][PASSED] - Scroll to object 'Object Repository/Общие объекты/Тверьэнерго' successfully

11-03-2025T03:45:15 - [TEST_STEP][PASSED] - click(findTestObject("Общие объекты/Тверьэнерго"), CONTINUE_ON_FAILURE): Object: 'Object Repository/Общие объекты/Тверьэнерго' is clicked on

11-03-2025T03:45:15 - [MESSAGE][PASSED] - Object: 'Object Repository/Общие объекты/Тверьэнерго' is clicked on

11-03-2025T03:45:15 - [TEST_STEP][PASSED] - Script1687405711779.Change(todaysDate): null

11-03-2025T03:45:15 - [TEST_STEP][PASSED] - scrollToElement(findTestObject("Выручка по ДЗО/Заголовок дашборда"), 30): Scroll to object 'Object Repository/Выручка по ДЗО/Заголовок дашборда' successfully

11-03-2025T03:45:15 - [MESSAGE][PASSED] - Scroll to object 'Object Repository/Выручка по ДЗО/Заголовок дашборда' successfully

11-03-2025T03:45:15 - [TEST_STEP][PASSED] - click(findTestObject("Выручка по ДЗО/Применить в фильтре ДЗО")): Object: 'Object Repository/Выручка по ДЗО/Применить в фильтре ДЗО' is clicked on

11-03-2025T03:45:16 - [MESSAGE][PASSED] - Object: 'Object Repository/Выручка по ДЗО/Применить в фильтре ДЗО' is clicked on

11-03-2025T03:45:16 - [TEST_STEP][PASSED] - Script1687405711779.Tumbler(todaysDate): null

11-03-2025T03:45:16 - [TEST_STEP][PASSED] - Script1687405711779.Test(todaysDate): null

11-03-2025T03:45:16 - [TEST_STEP][PASSED] - delay(10): Delayed 10 second(s)

11-03-2025T03:45:26 - [MESSAGE][PASSED] - Delayed 10 second(s)

11-03-2025T03:45:26 - [TEST_STEP][PASSED] - if (verifyTextNotPresent("нет данных", false) == true): null

11-03-2025T03:45:26 - [MESSAGE][PASSED] - Text 'нет данных' is not present on page

11-03-2025T03:45:26 - [TEST_STEP][PASSED] - if (verifyTextNotPresent("Ошибка запроса данных", false) == true): null

11-03-2025T03:45:27 - [MESSAGE][PASSED] - Text 'Ошибка запроса данных' is not present on page

11-03-2025T03:45:27 - [TEST_STEP][PASSED] - if (verifyTextNotPresent("Произошла ошибка при выполнении пользовательского кода", false) == true): null

11-03-2025T03:45:27 - [MESSAGE][PASSED] - Text 'Произошла ошибка при выполнении пользовательского кода' is not present on page

11-03-2025T03:45:27 - [TEST_STEP][PASSED] - if (verifyTextNotPresent("У виджета нет данных", false) == true): null

11-03-2025T03:45:28 - [MESSAGE][PASSED] - Text 'У виджета нет данных' is not present on page

11-03-2025T03:45:28 - [TEST_STEP][PASSED] - if (verifyTextNotPresent("У виджета нет данных", false) == true): Text 'У виджета нет данных' is not present on page

11-03-2025T03:45:29 - [MESSAGE][PASSED] - Text 'У виджета нет данных' is not present on page

11-03-2025T03:45:29 - [TEST_STEP][PASSED] - click(findTestObject("Выручка по ДЗО/Фильтр Выручка")): Object: 'Object Repository/Выручка по ДЗО/Фильтр Выручка' is clicked on

11-03-2025T03:45:29 - [MESSAGE][PASSED] - Object: 'Object Repository/Выручка по ДЗО/Фильтр Выручка' is clicked on

11-03-2025T03:45:29 - [TEST_STEP][PASSED] - click(findTestObject("Выручка по ДЗО/Внутренний оборот в фильтре Выручка")): Object: 'Object Repository/Выручка по ДЗО/Внутренний оборот в фильтре Выручка' is clicked on

11-03-2025T03:45:29 - [MESSAGE][PASSED] - Object: 'Object Repository/Выручка по ДЗО/Внутренний оборот в фильтре Выручка' is clicked on

11-03-2025T03:45:29 - [TEST_STEP][PASSED] - click(findTestObject("Выручка по ДЗО/Применить в фильтре Выручка")): Object: 'Object Repository/Выручка по ДЗО/Применить в фильтре Выручка' is clicked on

11-03-2025T03:45:30 - [MESSAGE][PASSED] - Object: 'Object Repository/Выручка по ДЗО/Применить в фильтре Выручка' is clicked on

11-03-2025T03:45:30 - [TEST_STEP][PASSED] - Script1687405711779.Test(todaysDate): null

11-03-2025T03:45:30 - [TEST_STEP][PASSED] - delay(10): Delayed 10 second(s)

11-03-2025T03:45:40 - [MESSAGE][PASSED] - Delayed 10 second(s)

11-03-2025T03:45:40 - [TEST_STEP][FAILED] - if (verifyTextNotPresent("нет данных", false) == true): Text 'нет данных' is present on page  (Root cause: com.kms.katalon.core.exception.StepFailedException: Text 'нет данных' is present on page 
	at com.kms.katalon.core.webui.keyword.internal.WebUIKeywordMain.stepFailed(WebUIKeywordMain.groovy:64)
	at com.kms.katalon.core.webui.keyword.builtin.VerifyTextNotPresentKeyword$_verifyTextNotPresent_closure1.doCall(VerifyTextNotPresentKeyword.groovy:77)
	at com.kms.katalon.core.webui.keyword.builtin.VerifyTextNotPresentKeyword$_verifyTextNotPresent_closure1.call(VerifyTextNotPresentKeyword.groovy)
	at com.kms.katalon.core.webui.keyword.internal.WebUIKeywordMain.runKeyword(WebUIKeywordMain.groovy:20)
	at com.kms.katalon.core.webui.keyword.builtin.VerifyTextNotPresentKeyword.verifyTextNotPresent(VerifyTextNotPresentKeyword.groovy:82)
	at com.kms.katalon.core.webui.keyword.builtin.VerifyTextNotPresentKeyword.execute(VerifyTextNotPresentKeyword.groovy:68)
	at com.kms.katalon.core.keyword.internal.KeywordExecutor.executeKeywordForPlatform(KeywordExecutor.groovy:74)
	at com.kms.katalon.core.webui.keyword.WebUiBuiltInKeywords.verifyTextNotPresent(WebUiBuiltInKeywords.groovy:1795)
	at Выручка по ДЗО отображение данных все филиалы.Test(Выручка по ДЗО отображение данных все филиалы:772)
	at Выручка по ДЗО отображение данных все филиалы.Tumbler(Выручка по ДЗО отображение данных все филиалы:726)
	at Выручка по ДЗО отображение данных все филиалы.Change(Выручка по ДЗО отображение данных все филиалы:760)
	at Выручка по ДЗО отображение данных все филиалы.DzoTest(Выручка по ДЗО отображение данных все филиалы:582)
	at Выручка по ДЗО отображение данных все филиалы.run(Выручка по ДЗО отображение данных все филиалы:122)
	at com.kms.katalon.core.main.ScriptEngine.run(ScriptEngine.java:194)
	at com.kms.katalon.core.main.ScriptEngine.runScriptAsRawText(ScriptEngine.java:119)
	at com.kms.katalon.core.main.TestCaseExecutor.runScript(TestCaseExecutor.java:448)
	at com.kms.katalon.core.main.TestCaseExecutor.doExecute(TestCaseExecutor.java:439)
	at com.kms.katalon.core.main.TestCaseExecutor.processExecutionPhase(TestCaseExecutor.java:418)
	at com.kms.katalon.core.main.TestCaseExecutor.accessMainPhase(TestCaseExecutor.java:410)
	at com.kms.katalon.core.main.TestCaseExecutor.execute(TestCaseExecutor.java:285)
	at com.kms.katalon.core.common.CommonExecutor.accessTestCaseMainPhase(CommonExecutor.java:65)
	at com.kms.katalon.core.main.TestSuiteExecutor.accessTestSuiteMainPhase(TestSuiteExecutor.java:150)
	at com.kms.katalon.core.main.TestSuiteExecutor.execute(TestSuiteExecutor.java:106)
	at com.kms.katalon.core.main.TestCaseMain.startTestSuite(TestCaseMain.java:180)
	at TempTestSuite1741649958618.run(TempTestSuite1741649958618.groovy:35)
	at java.base/jdk.internal.reflect.NativeMethodAccessorImpl.invoke0(Native Method)
	at java.base/jdk.internal.reflect.NativeMethodAccessorImpl.invoke(NativeMethodAccessorImpl.java:77)
	at java.base/jdk.internal.reflect.DelegatingMethodAccessorImpl.invoke(DelegatingMethodAccessorImpl.java:43)
)

11-03-2025T03:45:40 - [MESSAGE][FAILED] - Text 'нет данных' is present on page  (Root cause: com.kms.katalon.core.exception.StepFailedException: Text 'нет данных' is present on page 
	at com.kms.katalon.core.webui.keyword.internal.WebUIKeywordMain.stepFailed(WebUIKeywordMain.groovy:64)
	at com.kms.katalon.core.webui.keyword.builtin.VerifyTextNotPresentKeyword$_verifyTextNotPresent_closure1.doCall(VerifyTextNotPresentKeyword.groovy:77)
	at com.kms.katalon.core.webui.keyword.builtin.VerifyTextNotPresentKeyword$_verifyTextNotPresent_closure1.call(VerifyTextNotPresentKeyword.groovy)
	at com.kms.katalon.core.webui.keyword.internal.WebUIKeywordMain.runKeyword(WebUIKeywordMain.groovy:20)
	at com.kms.katalon.core.webui.keyword.builtin.VerifyTextNotPresentKeyword.verifyTextNotPresent(VerifyTextNotPresentKeyword.groovy:82)
	at com.kms.katalon.core.webui.keyword.builtin.VerifyTextNotPresentKeyword.execute(VerifyTextNotPresentKeyword.groovy:68)
	at com.kms.katalon.core.keyword.internal.KeywordExecutor.executeKeywordForPlatform(KeywordExecutor.groovy:74)
	at com.kms.katalon.core.webui.keyword.WebUiBuiltInKeywords.verifyTextNotPresent(WebUiBuiltInKeywords.groovy:1795)
	at Выручка по ДЗО отображение данных все филиалы.Test(Выручка по ДЗО отображение данных все филиалы:772)
	at Выручка по ДЗО отображение данных все филиалы.Tumbler(Выручка по ДЗО отображение данных все филиалы:726)
	at Выручка по ДЗО отображение данных все филиалы.Change(Выручка по ДЗО отображение данных все филиалы:760)
	at Выручка по ДЗО отображение данных все филиалы.DzoTest(Выручка по ДЗО отображение данных все филиалы:582)
	at Выручка по ДЗО отображение данных все филиалы.run(Выручка по ДЗО отображение данных все филиалы:122)
	at com.kms.katalon.core.main.ScriptEngine.run(ScriptEngine.java:194)
	at com.kms.katalon.core.main.ScriptEngine.runScriptAsRawText(ScriptEngine.java:119)
	at com.kms.katalon.core.main.TestCaseExecutor.runScript(TestCaseExecutor.java:448)
	at com.kms.katalon.core.main.TestCaseExecutor.doExecute(TestCaseExecutor.java:439)
	at com.kms.katalon.core.main.TestCaseExecutor.processExecutionPhase(TestCaseExecutor.java:418)
	at com.kms.katalon.core.main.TestCaseExecutor.accessMainPhase(TestCaseExecutor.java:410)
	at com.kms.katalon.core.main.TestCaseExecutor.execute(TestCaseExecutor.java:285)
	at com.kms.katalon.core.common.CommonExecutor.accessTestCaseMainPhase(CommonExecutor.java:65)
	at com.kms.katalon.core.main.TestSuiteExecutor.accessTestSuiteMainPhase(TestSuiteExecutor.java:150)
	at com.kms.katalon.core.main.TestSuiteExecutor.execute(TestSuiteExecutor.java:106)
	at com.kms.katalon.core.main.TestCaseMain.startTestSuite(TestCaseMain.java:180)
	at TempTestSuite1741649958618.run(TempTestSuite1741649958618.groovy:35)
	at java.base/jdk.internal.reflect.NativeMethodAccessorImpl.invoke0(Native Method)
	at java.base/jdk.internal.reflect.NativeMethodAccessorImpl.invoke(NativeMethodAccessorImpl.java:77)
	at java.base/jdk.internal.reflect.DelegatingMethodAccessorImpl.invoke(DelegatingMethodAccessorImpl.java:43)
)

11-03-2025T03:45:40 - [TEST_STEP][PASSED] - else: null

11-03-2025T03:45:40 - [TEST_STEP][PASSED] - Script1687405711779.WriteToExcel(todaysDate): null

11-03-2025T03:45:40 - [TEST_STEP][PASSED] - sheetName = "Sheet1": null

11-03-2025T03:45:40 - [TEST_STEP][PASSED] - data = findTestData("PlanFact"): null

11-03-2025T03:45:41 - [TEST_STEP][PASSED] - n = data.getRowNumbers() + 1: null

11-03-2025T03:45:41 - [TEST_STEP][PASSED] - dZO = getText(findTestObject("Выручка по ДЗО/Фильтр ДЗО")): Text of object 'Object Repository/Выручка по ДЗО/Фильтр ДЗО' is: 'ПАО Россети - РаспредКомплекс - Россети Центр - Тверьэнерго'

11-03-2025T03:45:41 - [MESSAGE][PASSED] - Text of object 'Object Repository/Выручка по ДЗО/Фильтр ДЗО' is: 'ПАО Россети - РаспредКомплекс - Россети Центр - Тверьэнерго'

11-03-2025T03:45:41 - [TEST_STEP][PASSED] - period = getText(findTestObject("Выручка по ДЗО/Фильтр Дата")): Text of object 'Object Repository/Выручка по ДЗО/Фильтр Дата' is: 'Январь 2025 года'

11-03-2025T03:45:41 - [MESSAGE][PASSED] - Text of object 'Object Repository/Выручка по ДЗО/Фильтр Дата' is: 'Январь 2025 года'

11-03-2025T03:45:41 - [TEST_STEP][PASSED] - viruchka = getText(findTestObject("Выручка по ДЗО/Фильтр Выручка")): Text of object 'Object Repository/Выручка по ДЗО/Фильтр Выручка' is: 'внутренний оборот'

11-03-2025T03:45:41 - [MESSAGE][PASSED] - Text of object 'Object Repository/Выручка по ДЗО/Фильтр Выручка' is: 'внутренний оборот'

11-03-2025T03:45:41 - [TEST_STEP][PASSED] - if (viruchka == "Выбрано: 2"): null

11-03-2025T03:45:41 - [TEST_STEP][PASSED] - if (viruchka == "Все"): null

11-03-2025T03:45:41 - [TEST_STEP][PASSED] - println(period): null

11-03-2025T03:45:41 - [TEST_STEP][PASSED] - dashboardName = "Выручка по ДЗО": null

11-03-2025T03:45:41 - [TEST_STEP][PASSED] - workbook01 = getWorkbook(excelFilePath): null

11-03-2025T03:45:41 - [TEST_STEP][PASSED] - sheet01 = getExcelSheet(workbook01, sheetName): null

11-03-2025T03:45:41 - [TEST_STEP][PASSED] - setValueToCellByIndex(sheet01, n, 0, dashboardName): null

11-03-2025T03:45:41 - [TEST_STEP][PASSED] - setValueToCellByIndex(sheet01, n, 1, dZO): null

11-03-2025T03:45:41 - [TEST_STEP][PASSED] - setValueToCellByIndex(sheet01, n, 2, period): null

11-03-2025T03:45:41 - [TEST_STEP][PASSED] - setValueToCellByIndex(sheet01, n, 3, viruchka): null

11-03-2025T03:45:41 - [TEST_STEP][PASSED] - setValueToCellByIndex(sheet01, n, 4, todaysDate): null

11-03-2025T03:45:41 - [TEST_STEP][PASSED] - n = n + 1: null

11-03-2025T03:45:41 - [TEST_STEP][PASSED] - saveWorkbook(excelFilePath, workbook01): null

11-03-2025T03:45:42 - [TEST_STEP][PASSED] - click(findTestObject("Выручка по ДЗО/Фильтр Выручка")): Object: 'Object Repository/Выручка по ДЗО/Фильтр Выручка' is clicked on

11-03-2025T03:45:42 - [MESSAGE][PASSED] - Object: 'Object Repository/Выручка по ДЗО/Фильтр Выручка' is clicked on

11-03-2025T03:45:42 - [TEST_STEP][PASSED] - click(findTestObject("Выручка по ДЗО/По передаче в фильтре Выручка")): Object: 'Object Repository/Выручка по ДЗО/По передаче в фильтре Выручка' is clicked on

11-03-2025T03:45:42 - [MESSAGE][PASSED] - Object: 'Object Repository/Выручка по ДЗО/По передаче в фильтре Выручка' is clicked on

11-03-2025T03:45:42 - [TEST_STEP][PASSED] - click(findTestObject("Выручка по ДЗО/Применить в фильтре Выручка")): Object: 'Object Repository/Выручка по ДЗО/Применить в фильтре Выручка' is clicked on

11-03-2025T03:45:43 - [MESSAGE][PASSED] - Object: 'Object Repository/Выручка по ДЗО/Применить в фильтре Выручка' is clicked on

11-03-2025T03:45:43 - [TEST_STEP][PASSED] - Script1687405711779.Test(todaysDate): null

11-03-2025T03:45:43 - [TEST_STEP][PASSED] - delay(10): Delayed 10 second(s)

11-03-2025T03:45:53 - [MESSAGE][PASSED] - Delayed 10 second(s)

11-03-2025T03:45:53 - [TEST_STEP][PASSED] - if (verifyTextNotPresent("нет данных", false) == true): null

11-03-2025T03:45:54 - [MESSAGE][PASSED] - Text 'нет данных' is not present on page

11-03-2025T03:45:54 - [TEST_STEP][PASSED] - if (verifyTextNotPresent("Ошибка запроса данных", false) == true): null

11-03-2025T03:45:54 - [MESSAGE][PASSED] - Text 'Ошибка запроса данных' is not present on page

11-03-2025T03:45:54 - [TEST_STEP][PASSED] - if (verifyTextNotPresent("Произошла ошибка при выполнении пользовательского кода", false) == true): null

11-03-2025T03:45:55 - [MESSAGE][PASSED] - Text 'Произошла ошибка при выполнении пользовательского кода' is not present on page

11-03-2025T03:45:55 - [TEST_STEP][PASSED] - if (verifyTextNotPresent("У виджета нет данных", false) == true): null

11-03-2025T03:45:55 - [MESSAGE][PASSED] - Text 'У виджета нет данных' is not present on page

11-03-2025T03:45:55 - [TEST_STEP][PASSED] - if (verifyTextNotPresent("У виджета нет данных", false) == true): Text 'У виджета нет данных' is not present on page

11-03-2025T03:45:56 - [MESSAGE][PASSED] - Text 'У виджета нет данных' is not present on page

11-03-2025T03:45:56 - [TEST_STEP][PASSED] - click(findTestObject("Выручка по ДЗО/Фильтр Выручка")): Object: 'Object Repository/Выручка по ДЗО/Фильтр Выручка' is clicked on

11-03-2025T03:45:56 - [MESSAGE][PASSED] - Object: 'Object Repository/Выручка по ДЗО/Фильтр Выручка' is clicked on

11-03-2025T03:45:56 - [TEST_STEP][PASSED] - click(findTestObject("Выручка по ДЗО/Снять выделение в фильтре Выручка")): Object: 'Object Repository/Выручка по ДЗО/Снять выделение в фильтре Выручка' is clicked on

11-03-2025T03:45:57 - [MESSAGE][PASSED] - Object: 'Object Repository/Выручка по ДЗО/Снять выделение в фильтре Выручка' is clicked on

11-03-2025T03:45:57 - [TEST_STEP][PASSED] - click(findTestObject("Выручка по ДЗО/По передаче в фильтре Выручка")): Object: 'Object Repository/Выручка по ДЗО/По передаче в фильтре Выручка' is clicked on

11-03-2025T03:45:57 - [MESSAGE][PASSED] - Object: 'Object Repository/Выручка по ДЗО/По передаче в фильтре Выручка' is clicked on

11-03-2025T03:45:57 - [TEST_STEP][PASSED] - click(findTestObject("Выручка по ДЗО/Применить в фильтре Выручка")): Object: 'Object Repository/Выручка по ДЗО/Применить в фильтре Выручка' is clicked on

11-03-2025T03:45:57 - [MESSAGE][PASSED] - Object: 'Object Repository/Выручка по ДЗО/Применить в фильтре Выручка' is clicked on

11-03-2025T03:45:57 - [TEST_STEP][PASSED] - Script1687405711779.Test(todaysDate): null

11-03-2025T03:45:57 - [TEST_STEP][PASSED] - delay(10): Delayed 10 second(s)

11-03-2025T03:46:07 - [MESSAGE][PASSED] - Delayed 10 second(s)

11-03-2025T03:46:07 - [TEST_STEP][PASSED] - if (verifyTextNotPresent("нет данных", false) == true): null

11-03-2025T03:46:08 - [MESSAGE][PASSED] - Text 'нет данных' is not present on page

11-03-2025T03:46:08 - [TEST_STEP][PASSED] - if (verifyTextNotPresent("Ошибка запроса данных", false) == true): null

11-03-2025T03:46:09 - [MESSAGE][PASSED] - Text 'Ошибка запроса данных' is not present on page

11-03-2025T03:46:09 - [TEST_STEP][PASSED] - if (verifyTextNotPresent("Произошла ошибка при выполнении пользовательского кода", false) == true): null

11-03-2025T03:46:09 - [MESSAGE][PASSED] - Text 'Произошла ошибка при выполнении пользовательского кода' is not present on page

11-03-2025T03:46:09 - [TEST_STEP][PASSED] - if (verifyTextNotPresent("У виджета нет данных", false) == true): null

11-03-2025T03:46:09 - [MESSAGE][PASSED] - Text 'У виджета нет данных' is not present on page

11-03-2025T03:46:09 - [TEST_STEP][PASSED] - if (verifyTextNotPresent("У виджета нет данных", false) == true): Text 'У виджета нет данных' is not present on page

11-03-2025T03:46:10 - [MESSAGE][PASSED] - Text 'У виджета нет данных' is not present on page

11-03-2025T03:46:10 - [TEST_STEP][PASSED] - click(findTestObject("Выручка по ДЗО/Фильтр Выручка")): Object: 'Object Repository/Выручка по ДЗО/Фильтр Выручка' is clicked on

11-03-2025T03:46:10 - [MESSAGE][PASSED] - Object: 'Object Repository/Выручка по ДЗО/Фильтр Выручка' is clicked on

11-03-2025T03:46:10 - [TEST_STEP][PASSED] - click(findTestObject("Выручка по ДЗО/Снять выделение в фильтре Выручка")): Object: 'Object Repository/Выручка по ДЗО/Снять выделение в фильтре Выручка' is clicked on

11-03-2025T03:46:11 - [MESSAGE][PASSED] - Object: 'Object Repository/Выручка по ДЗО/Снять выделение в фильтре Выручка' is clicked on

11-03-2025T03:46:11 - [TEST_STEP][PASSED] - click(findTestObject("Выручка по ДЗО/Применить в фильтре Выручка")): Object: 'Object Repository/Выручка по ДЗО/Применить в фильтре Выручка' is clicked on

11-03-2025T03:46:11 - [MESSAGE][PASSED] - Object: 'Object Repository/Выручка по ДЗО/Применить в фильтре Выручка' is clicked on

11-03-2025T03:46:11 - [TEST_STEP][PASSED] - click(findTestObject("Выручка по ДЗО/Фильтр ДЗО")): Object: 'Object Repository/Выручка по ДЗО/Фильтр ДЗО' is clicked on

11-03-2025T03:46:13 - [MESSAGE][PASSED] - Object: 'Object Repository/Выручка по ДЗО/Фильтр ДЗО' is clicked on

11-03-2025T03:46:13 - [TEST_STEP][PASSED] - click(findTestObject("Выручка по ДЗО/Снять выделение в фильтре ДЗО")): Object: 'Object Repository/Выручка по ДЗО/Снять выделение в фильтре ДЗО' is clicked on

11-03-2025T03:46:13 - [MESSAGE][PASSED] - Object: 'Object Repository/Выручка по ДЗО/Снять выделение в фильтре ДЗО' is clicked on

11-03-2025T03:46:13 - [TEST_STEP][PASSED] - scrollToElement(findTestObject("Общие объекты/Ярэнерго"), 30): Scroll to object 'Object Repository/Общие объекты/Ярэнерго' successfully

11-03-2025T03:46:14 - [MESSAGE][PASSED] - Scroll to object 'Object Repository/Общие объекты/Ярэнерго' successfully

11-03-2025T03:46:14 - [TEST_STEP][PASSED] - click(findTestObject("Общие объекты/Ярэнерго"), CONTINUE_ON_FAILURE): Object: 'Object Repository/Общие объекты/Ярэнерго' is clicked on

11-03-2025T03:46:14 - [MESSAGE][PASSED] - Object: 'Object Repository/Общие объекты/Ярэнерго' is clicked on

11-03-2025T03:46:14 - [TEST_STEP][PASSED] - Script1687405711779.Change(todaysDate): null

11-03-2025T03:46:14 - [TEST_STEP][PASSED] - scrollToElement(findTestObject("Выручка по ДЗО/Заголовок дашборда"), 30): Scroll to object 'Object Repository/Выручка по ДЗО/Заголовок дашборда' successfully

11-03-2025T03:46:14 - [MESSAGE][PASSED] - Scroll to object 'Object Repository/Выручка по ДЗО/Заголовок дашборда' successfully

11-03-2025T03:46:14 - [TEST_STEP][PASSED] - click(findTestObject("Выручка по ДЗО/Применить в фильтре ДЗО")): Object: 'Object Repository/Выручка по ДЗО/Применить в фильтре ДЗО' is clicked on

11-03-2025T03:46:15 - [MESSAGE][PASSED] - Object: 'Object Repository/Выручка по ДЗО/Применить в фильтре ДЗО' is clicked on

11-03-2025T03:46:15 - [TEST_STEP][PASSED] - Script1687405711779.Tumbler(todaysDate): null

11-03-2025T03:46:15 - [TEST_STEP][PASSED] - Script1687405711779.Test(todaysDate): null

11-03-2025T03:46:15 - [TEST_STEP][PASSED] - delay(10): Delayed 10 second(s)

11-03-2025T03:46:25 - [MESSAGE][PASSED] - Delayed 10 second(s)

11-03-2025T03:46:25 - [TEST_STEP][PASSED] - if (verifyTextNotPresent("нет данных", false) == true): null

11-03-2025T03:46:25 - [MESSAGE][PASSED] - Text 'нет данных' is not present on page

11-03-2025T03:46:25 - [TEST_STEP][PASSED] - if (verifyTextNotPresent("Ошибка запроса данных", false) == true): null

11-03-2025T03:46:26 - [MESSAGE][PASSED] - Text 'Ошибка запроса данных' is not present on page

11-03-2025T03:46:26 - [TEST_STEP][PASSED] - if (verifyTextNotPresent("Произошла ошибка при выполнении пользовательского кода", false) == true): null

11-03-2025T03:46:26 - [MESSAGE][PASSED] - Text 'Произошла ошибка при выполнении пользовательского кода' is not present on page

11-03-2025T03:46:26 - [TEST_STEP][PASSED] - if (verifyTextNotPresent("У виджета нет данных", false) == true): null

11-03-2025T03:46:27 - [MESSAGE][PASSED] - Text 'У виджета нет данных' is not present on page

11-03-2025T03:46:27 - [TEST_STEP][PASSED] - if (verifyTextNotPresent("У виджета нет данных", false) == true): Text 'У виджета нет данных' is not present on page

11-03-2025T03:46:27 - [MESSAGE][PASSED] - Text 'У виджета нет данных' is not present on page

11-03-2025T03:46:27 - [TEST_STEP][PASSED] - click(findTestObject("Выручка по ДЗО/Фильтр Выручка")): Object: 'Object Repository/Выручка по ДЗО/Фильтр Выручка' is clicked on

11-03-2025T03:46:28 - [MESSAGE][PASSED] - Object: 'Object Repository/Выручка по ДЗО/Фильтр Выручка' is clicked on

11-03-2025T03:46:28 - [TEST_STEP][PASSED] - click(findTestObject("Выручка по ДЗО/Внутренний оборот в фильтре Выручка")): Object: 'Object Repository/Выручка по ДЗО/Внутренний оборот в фильтре Выручка' is clicked on

11-03-2025T03:46:28 - [MESSAGE][PASSED] - Object: 'Object Repository/Выручка по ДЗО/Внутренний оборот в фильтре Выручка' is clicked on

11-03-2025T03:46:28 - [TEST_STEP][PASSED] - click(findTestObject("Выручка по ДЗО/Применить в фильтре Выручка")): Object: 'Object Repository/Выручка по ДЗО/Применить в фильтре Выручка' is clicked on

11-03-2025T03:46:29 - [MESSAGE][PASSED] - Object: 'Object Repository/Выручка по ДЗО/Применить в фильтре Выручка' is clicked on

11-03-2025T03:46:29 - [TEST_STEP][PASSED] - Script1687405711779.Test(todaysDate): null

11-03-2025T03:46:29 - [TEST_STEP][PASSED] - delay(10): Delayed 10 second(s)

11-03-2025T03:46:39 - [MESSAGE][PASSED] - Delayed 10 second(s)

11-03-2025T03:46:39 - [TEST_STEP][FAILED] - if (verifyTextNotPresent("нет данных", false) == true): Text 'нет данных' is present on page  (Root cause: com.kms.katalon.core.exception.StepFailedException: Text 'нет данных' is present on page 
	at com.kms.katalon.core.webui.keyword.internal.WebUIKeywordMain.stepFailed(WebUIKeywordMain.groovy:64)
	at com.kms.katalon.core.webui.keyword.builtin.VerifyTextNotPresentKeyword$_verifyTextNotPresent_closure1.doCall(VerifyTextNotPresentKeyword.groovy:77)
	at com.kms.katalon.core.webui.keyword.builtin.VerifyTextNotPresentKeyword$_verifyTextNotPresent_closure1.call(VerifyTextNotPresentKeyword.groovy)
	at com.kms.katalon.core.webui.keyword.internal.WebUIKeywordMain.runKeyword(WebUIKeywordMain.groovy:20)
	at com.kms.katalon.core.webui.keyword.builtin.VerifyTextNotPresentKeyword.verifyTextNotPresent(VerifyTextNotPresentKeyword.groovy:82)
	at com.kms.katalon.core.webui.keyword.builtin.VerifyTextNotPresentKeyword.execute(VerifyTextNotPresentKeyword.groovy:68)
	at com.kms.katalon.core.keyword.internal.KeywordExecutor.executeKeywordForPlatform(KeywordExecutor.groovy:74)
	at com.kms.katalon.core.webui.keyword.WebUiBuiltInKeywords.verifyTextNotPresent(WebUiBuiltInKeywords.groovy:1795)
	at Выручка по ДЗО отображение данных все филиалы.Test(Выручка по ДЗО отображение данных все филиалы:772)
	at Выручка по ДЗО отображение данных все филиалы.Tumbler(Выручка по ДЗО отображение данных все филиалы:726)
	at Выручка по ДЗО отображение данных все филиалы.Change(Выручка по ДЗО отображение данных все филиалы:760)
	at Выручка по ДЗО отображение данных все филиалы.DzoTest(Выручка по ДЗО отображение данных все филиалы:588)
	at Выручка по ДЗО отображение данных все филиалы.run(Выручка по ДЗО отображение данных все филиалы:122)
	at com.kms.katalon.core.main.ScriptEngine.run(ScriptEngine.java:194)
	at com.kms.katalon.core.main.ScriptEngine.runScriptAsRawText(ScriptEngine.java:119)
	at com.kms.katalon.core.main.TestCaseExecutor.runScript(TestCaseExecutor.java:448)
	at com.kms.katalon.core.main.TestCaseExecutor.doExecute(TestCaseExecutor.java:439)
	at com.kms.katalon.core.main.TestCaseExecutor.processExecutionPhase(TestCaseExecutor.java:418)
	at com.kms.katalon.core.main.TestCaseExecutor.accessMainPhase(TestCaseExecutor.java:410)
	at com.kms.katalon.core.main.TestCaseExecutor.execute(TestCaseExecutor.java:285)
	at com.kms.katalon.core.common.CommonExecutor.accessTestCaseMainPhase(CommonExecutor.java:65)
	at com.kms.katalon.core.main.TestSuiteExecutor.accessTestSuiteMainPhase(TestSuiteExecutor.java:150)
	at com.kms.katalon.core.main.TestSuiteExecutor.execute(TestSuiteExecutor.java:106)
	at com.kms.katalon.core.main.TestCaseMain.startTestSuite(TestCaseMain.java:180)
	at TempTestSuite1741649958618.run(TempTestSuite1741649958618.groovy:35)
	at java.base/jdk.internal.reflect.NativeMethodAccessorImpl.invoke0(Native Method)
	at java.base/jdk.internal.reflect.NativeMethodAccessorImpl.invoke(NativeMethodAccessorImpl.java:77)
	at java.base/jdk.internal.reflect.DelegatingMethodAccessorImpl.invoke(DelegatingMethodAccessorImpl.java:43)
)

11-03-2025T03:46:39 - [MESSAGE][FAILED] - Text 'нет данных' is present on page  (Root cause: com.kms.katalon.core.exception.StepFailedException: Text 'нет данных' is present on page 
	at com.kms.katalon.core.webui.keyword.internal.WebUIKeywordMain.stepFailed(WebUIKeywordMain.groovy:64)
	at com.kms.katalon.core.webui.keyword.builtin.VerifyTextNotPresentKeyword$_verifyTextNotPresent_closure1.doCall(VerifyTextNotPresentKeyword.groovy:77)
	at com.kms.katalon.core.webui.keyword.builtin.VerifyTextNotPresentKeyword$_verifyTextNotPresent_closure1.call(VerifyTextNotPresentKeyword.groovy)
	at com.kms.katalon.core.webui.keyword.internal.WebUIKeywordMain.runKeyword(WebUIKeywordMain.groovy:20)
	at com.kms.katalon.core.webui.keyword.builtin.VerifyTextNotPresentKeyword.verifyTextNotPresent(VerifyTextNotPresentKeyword.groovy:82)
	at com.kms.katalon.core.webui.keyword.builtin.VerifyTextNotPresentKeyword.execute(VerifyTextNotPresentKeyword.groovy:68)
	at com.kms.katalon.core.keyword.internal.KeywordExecutor.executeKeywordForPlatform(KeywordExecutor.groovy:74)
	at com.kms.katalon.core.webui.keyword.WebUiBuiltInKeywords.verifyTextNotPresent(WebUiBuiltInKeywords.groovy:1795)
	at Выручка по ДЗО отображение данных все филиалы.Test(Выручка по ДЗО отображение данных все филиалы:772)
	at Выручка по ДЗО отображение данных все филиалы.Tumbler(Выручка по ДЗО отображение данных все филиалы:726)
	at Выручка по ДЗО отображение данных все филиалы.Change(Выручка по ДЗО отображение данных все филиалы:760)
	at Выручка по ДЗО отображение данных все филиалы.DzoTest(Выручка по ДЗО отображение данных все филиалы:588)
	at Выручка по ДЗО отображение данных все филиалы.run(Выручка по ДЗО отображение данных все филиалы:122)
	at com.kms.katalon.core.main.ScriptEngine.run(ScriptEngine.java:194)
	at com.kms.katalon.core.main.ScriptEngine.runScriptAsRawText(ScriptEngine.java:119)
	at com.kms.katalon.core.main.TestCaseExecutor.runScript(TestCaseExecutor.java:448)
	at com.kms.katalon.core.main.TestCaseExecutor.doExecute(TestCaseExecutor.java:439)
	at com.kms.katalon.core.main.TestCaseExecutor.processExecutionPhase(TestCaseExecutor.java:418)
	at com.kms.katalon.core.main.TestCaseExecutor.accessMainPhase(TestCaseExecutor.java:410)
	at com.kms.katalon.core.main.TestCaseExecutor.execute(TestCaseExecutor.java:285)
	at com.kms.katalon.core.common.CommonExecutor.accessTestCaseMainPhase(CommonExecutor.java:65)
	at com.kms.katalon.core.main.TestSuiteExecutor.accessTestSuiteMainPhase(TestSuiteExecutor.java:150)
	at com.kms.katalon.core.main.TestSuiteExecutor.execute(TestSuiteExecutor.java:106)
	at com.kms.katalon.core.main.TestCaseMain.startTestSuite(TestCaseMain.java:180)
	at TempTestSuite1741649958618.run(TempTestSuite1741649958618.groovy:35)
	at java.base/jdk.internal.reflect.NativeMethodAccessorImpl.invoke0(Native Method)
	at java.base/jdk.internal.reflect.NativeMethodAccessorImpl.invoke(NativeMethodAccessorImpl.java:77)
	at java.base/jdk.internal.reflect.DelegatingMethodAccessorImpl.invoke(DelegatingMethodAccessorImpl.java:43)
)

11-03-2025T03:46:39 - [TEST_STEP][PASSED] - else: null

11-03-2025T03:46:39 - [TEST_STEP][PASSED] - Script1687405711779.WriteToExcel(todaysDate): null

11-03-2025T03:46:39 - [TEST_STEP][PASSED] - sheetName = "Sheet1": null

11-03-2025T03:46:39 - [TEST_STEP][PASSED] - data = findTestData("PlanFact"): null

11-03-2025T03:46:39 - [TEST_STEP][PASSED] - n = data.getRowNumbers() + 1: null

11-03-2025T03:46:39 - [TEST_STEP][PASSED] - dZO = getText(findTestObject("Выручка по ДЗО/Фильтр ДЗО")): Text of object 'Object Repository/Выручка по ДЗО/Фильтр ДЗО' is: 'ПАО Россети - РаспредКомплекс - Россети Центр - Ярэнерго'

11-03-2025T03:46:40 - [MESSAGE][PASSED] - Text of object 'Object Repository/Выручка по ДЗО/Фильтр ДЗО' is: 'ПАО Россети - РаспредКомплекс - Россети Центр - Ярэнерго'

11-03-2025T03:46:40 - [TEST_STEP][PASSED] - period = getText(findTestObject("Выручка по ДЗО/Фильтр Дата")): Text of object 'Object Repository/Выручка по ДЗО/Фильтр Дата' is: 'Январь 2025 года'

11-03-2025T03:46:40 - [MESSAGE][PASSED] - Text of object 'Object Repository/Выручка по ДЗО/Фильтр Дата' is: 'Январь 2025 года'

11-03-2025T03:46:40 - [TEST_STEP][PASSED] - viruchka = getText(findTestObject("Выручка по ДЗО/Фильтр Выручка")): Text of object 'Object Repository/Выручка по ДЗО/Фильтр Выручка' is: 'внутренний оборот'

11-03-2025T03:46:40 - [MESSAGE][PASSED] - Text of object 'Object Repository/Выручка по ДЗО/Фильтр Выручка' is: 'внутренний оборот'

11-03-2025T03:46:40 - [TEST_STEP][PASSED] - if (viruchka == "Выбрано: 2"): null

11-03-2025T03:46:40 - [TEST_STEP][PASSED] - if (viruchka == "Все"): null

11-03-2025T03:46:40 - [TEST_STEP][PASSED] - println(period): null

11-03-2025T03:46:40 - [TEST_STEP][PASSED] - dashboardName = "Выручка по ДЗО": null

11-03-2025T03:46:40 - [TEST_STEP][PASSED] - workbook01 = getWorkbook(excelFilePath): null

11-03-2025T03:46:40 - [TEST_STEP][PASSED] - sheet01 = getExcelSheet(workbook01, sheetName): null

11-03-2025T03:46:40 - [TEST_STEP][PASSED] - setValueToCellByIndex(sheet01, n, 0, dashboardName): null

11-03-2025T03:46:40 - [TEST_STEP][PASSED] - setValueToCellByIndex(sheet01, n, 1, dZO): null

11-03-2025T03:46:40 - [TEST_STEP][PASSED] - setValueToCellByIndex(sheet01, n, 2, period): null

11-03-2025T03:46:40 - [TEST_STEP][PASSED] - setValueToCellByIndex(sheet01, n, 3, viruchka): null

11-03-2025T03:46:40 - [TEST_STEP][PASSED] - setValueToCellByIndex(sheet01, n, 4, todaysDate): null

11-03-2025T03:46:40 - [TEST_STEP][PASSED] - n = n + 1: null

11-03-2025T03:46:40 - [TEST_STEP][PASSED] - saveWorkbook(excelFilePath, workbook01): null

11-03-2025T03:46:40 - [TEST_STEP][PASSED] - click(findTestObject("Выручка по ДЗО/Фильтр Выручка")): Object: 'Object Repository/Выручка по ДЗО/Фильтр Выручка' is clicked on

11-03-2025T03:46:41 - [MESSAGE][PASSED] - Object: 'Object Repository/Выручка по ДЗО/Фильтр Выручка' is clicked on

11-03-2025T03:46:41 - [TEST_STEP][PASSED] - click(findTestObject("Выручка по ДЗО/По передаче в фильтре Выручка")): Object: 'Object Repository/Выручка по ДЗО/По передаче в фильтре Выручка' is clicked on

11-03-2025T03:46:41 - [MESSAGE][PASSED] - Object: 'Object Repository/Выручка по ДЗО/По передаче в фильтре Выручка' is clicked on

11-03-2025T03:46:41 - [TEST_STEP][PASSED] - click(findTestObject("Выручка по ДЗО/Применить в фильтре Выручка")): Object: 'Object Repository/Выручка по ДЗО/Применить в фильтре Выручка' is clicked on

11-03-2025T03:46:42 - [MESSAGE][PASSED] - Object: 'Object Repository/Выручка по ДЗО/Применить в фильтре Выручка' is clicked on

11-03-2025T03:46:42 - [TEST_STEP][PASSED] - Script1687405711779.Test(todaysDate): null

11-03-2025T03:46:42 - [TEST_STEP][PASSED] - delay(10): Delayed 10 second(s)

11-03-2025T03:46:52 - [MESSAGE][PASSED] - Delayed 10 second(s)

11-03-2025T03:46:52 - [TEST_STEP][PASSED] - if (verifyTextNotPresent("нет данных", false) == true): null

11-03-2025T03:46:52 - [MESSAGE][PASSED] - Text 'нет данных' is not present on page

11-03-2025T03:46:52 - [TEST_STEP][PASSED] - if (verifyTextNotPresent("Ошибка запроса данных", false) == true): null

11-03-2025T03:46:53 - [MESSAGE][PASSED] - Text 'Ошибка запроса данных' is not present on page

11-03-2025T03:46:53 - [TEST_STEP][PASSED] - if (verifyTextNotPresent("Произошла ошибка при выполнении пользовательского кода", false) == true): null

11-03-2025T03:46:54 - [MESSAGE][PASSED] - Text 'Произошла ошибка при выполнении пользовательского кода' is not present on page

11-03-2025T03:46:54 - [TEST_STEP][PASSED] - if (verifyTextNotPresent("У виджета нет данных", false) == true): null

11-03-2025T03:46:54 - [MESSAGE][PASSED] - Text 'У виджета нет данных' is not present on page

11-03-2025T03:46:54 - [TEST_STEP][PASSED] - if (verifyTextNotPresent("У виджета нет данных", false) == true): Text 'У виджета нет данных' is not present on page

11-03-2025T03:46:55 - [MESSAGE][PASSED] - Text 'У виджета нет данных' is not present on page

11-03-2025T03:46:55 - [TEST_STEP][PASSED] - click(findTestObject("Выручка по ДЗО/Фильтр Выручка")): Object: 'Object Repository/Выручка по ДЗО/Фильтр Выручка' is clicked on

11-03-2025T03:46:55 - [MESSAGE][PASSED] - Object: 'Object Repository/Выручка по ДЗО/Фильтр Выручка' is clicked on

11-03-2025T03:46:55 - [TEST_STEP][PASSED] - click(findTestObject("Выручка по ДЗО/Снять выделение в фильтре Выручка")): Object: 'Object Repository/Выручка по ДЗО/Снять выделение в фильтре Выручка' is clicked on

11-03-2025T03:46:55 - [MESSAGE][PASSED] - Object: 'Object Repository/Выручка по ДЗО/Снять выделение в фильтре Выручка' is clicked on

11-03-2025T03:46:55 - [TEST_STEP][PASSED] - click(findTestObject("Выручка по ДЗО/По передаче в фильтре Выручка")): Object: 'Object Repository/Выручка по ДЗО/По передаче в фильтре Выручка' is clicked on

11-03-2025T03:46:56 - [MESSAGE][PASSED] - Object: 'Object Repository/Выручка по ДЗО/По передаче в фильтре Выручка' is clicked on

11-03-2025T03:46:56 - [TEST_STEP][PASSED] - click(findTestObject("Выручка по ДЗО/Применить в фильтре Выручка")): Object: 'Object Repository/Выручка по ДЗО/Применить в фильтре Выручка' is clicked on

11-03-2025T03:46:56 - [MESSAGE][PASSED] - Object: 'Object Repository/Выручка по ДЗО/Применить в фильтре Выручка' is clicked on

11-03-2025T03:46:56 - [TEST_STEP][PASSED] - Script1687405711779.Test(todaysDate): null

11-03-2025T03:46:56 - [TEST_STEP][PASSED] - delay(10): Delayed 10 second(s)

11-03-2025T03:47:06 - [MESSAGE][PASSED] - Delayed 10 second(s)

11-03-2025T03:47:06 - [TEST_STEP][PASSED] - if (verifyTextNotPresent("нет данных", false) == true): null

11-03-2025T03:47:07 - [MESSAGE][PASSED] - Text 'нет данных' is not present on page

11-03-2025T03:47:07 - [TEST_STEP][PASSED] - if (verifyTextNotPresent("Ошибка запроса данных", false) == true): null

11-03-2025T03:47:07 - [MESSAGE][PASSED] - Text 'Ошибка запроса данных' is not present on page

11-03-2025T03:47:07 - [TEST_STEP][PASSED] - if (verifyTextNotPresent("Произошла ошибка при выполнении пользовательского кода", false) == true): null

11-03-2025T03:47:08 - [MESSAGE][PASSED] - Text 'Произошла ошибка при выполнении пользовательского кода' is not present on page

11-03-2025T03:47:08 - [TEST_STEP][PASSED] - if (verifyTextNotPresent("У виджета нет данных", false) == true): null

11-03-2025T03:47:08 - [MESSAGE][PASSED] - Text 'У виджета нет данных' is not present on page

11-03-2025T03:47:08 - [TEST_STEP][PASSED] - if (verifyTextNotPresent("У виджета нет данных", false) == true): Text 'У виджета нет данных' is not present on page

11-03-2025T03:47:09 - [MESSAGE][PASSED] - Text 'У виджета нет данных' is not present on page

11-03-2025T03:47:09 - [TEST_STEP][PASSED] - click(findTestObject("Выручка по ДЗО/Фильтр Выручка")): Object: 'Object Repository/Выручка по ДЗО/Фильтр Выручка' is clicked on

11-03-2025T03:47:09 - [MESSAGE][PASSED] - Object: 'Object Repository/Выручка по ДЗО/Фильтр Выручка' is clicked on

11-03-2025T03:47:09 - [TEST_STEP][PASSED] - click(findTestObject("Выручка по ДЗО/Снять выделение в фильтре Выручка")): Object: 'Object Repository/Выручка по ДЗО/Снять выделение в фильтре Выручка' is clicked on

11-03-2025T03:47:10 - [MESSAGE][PASSED] - Object: 'Object Repository/Выручка по ДЗО/Снять выделение в фильтре Выручка' is clicked on

11-03-2025T03:47:10 - [TEST_STEP][PASSED] - click(findTestObject("Выручка по ДЗО/Применить в фильтре Выручка")): Object: 'Object Repository/Выручка по ДЗО/Применить в фильтре Выручка' is clicked on

11-03-2025T03:47:10 - [MESSAGE][PASSED] - Object: 'Object Repository/Выручка по ДЗО/Применить в фильтре Выручка' is clicked on

11-03-2025T03:47:10 - [TEST_STEP][PASSED] - click(findTestObject("Выручка по ДЗО/Фильтр ДЗО")): Object: 'Object Repository/Выручка по ДЗО/Фильтр ДЗО' is clicked on

11-03-2025T03:47:12 - [MESSAGE][PASSED] - Object: 'Object Repository/Выручка по ДЗО/Фильтр ДЗО' is clicked on

11-03-2025T03:47:12 - [TEST_STEP][PASSED] - click(findTestObject("Выручка по ДЗО/Снять выделение в фильтре ДЗО")): Object: 'Object Repository/Выручка по ДЗО/Снять выделение в фильтре ДЗО' is clicked on

11-03-2025T03:47:12 - [MESSAGE][PASSED] - Object: 'Object Repository/Выручка по ДЗО/Снять выделение в фильтре ДЗО' is clicked on

11-03-2025T03:47:12 - [TEST_STEP][PASSED] - scrollToElement(findTestObject("Общие объекты/Раскрыть список Россети Центр и Приволжье"), 30): Scroll to object 'Object Repository/Общие объекты/Раскрыть список Россети Центр и Приволжье' successfully

11-03-2025T03:47:12 - [MESSAGE][PASSED] - Scroll to object 'Object Repository/Общие объекты/Раскрыть список Россети Центр и Приволжье' successfully

11-03-2025T03:47:12 - [TEST_STEP][PASSED] - click(findTestObject("Выручка по ДЗО/Россети Центр и Приволжье Выручка по ДЗО")): Object: 'Object Repository/Выручка по ДЗО/Россети Центр и Приволжье Выручка по ДЗО' is clicked on

11-03-2025T03:47:13 - [MESSAGE][PASSED] - Object: 'Object Repository/Выручка по ДЗО/Россети Центр и Приволжье Выручка по ДЗО' is clicked on

11-03-2025T03:47:13 - [TEST_STEP][PASSED] - Script1687405711779.Change(todaysDate): null

11-03-2025T03:47:13 - [TEST_STEP][PASSED] - scrollToElement(findTestObject("Выручка по ДЗО/Заголовок дашборда"), 30): Scroll to object 'Object Repository/Выручка по ДЗО/Заголовок дашборда' successfully

11-03-2025T03:47:13 - [MESSAGE][PASSED] - Scroll to object 'Object Repository/Выручка по ДЗО/Заголовок дашборда' successfully

11-03-2025T03:47:13 - [TEST_STEP][PASSED] - click(findTestObject("Выручка по ДЗО/Применить в фильтре ДЗО")): Object: 'Object Repository/Выручка по ДЗО/Применить в фильтре ДЗО' is clicked on

11-03-2025T03:47:14 - [MESSAGE][PASSED] - Object: 'Object Repository/Выручка по ДЗО/Применить в фильтре ДЗО' is clicked on

11-03-2025T03:47:14 - [TEST_STEP][PASSED] - Script1687405711779.Tumbler(todaysDate): null

11-03-2025T03:47:14 - [TEST_STEP][PASSED] - Script1687405711779.Test(todaysDate): null

11-03-2025T03:47:14 - [TEST_STEP][PASSED] - delay(10): Delayed 10 second(s)

11-03-2025T03:47:24 - [MESSAGE][PASSED] - Delayed 10 second(s)

11-03-2025T03:47:24 - [TEST_STEP][PASSED] - if (verifyTextNotPresent("нет данных", false) == true): null

11-03-2025T03:47:24 - [MESSAGE][PASSED] - Text 'нет данных' is not present on page

11-03-2025T03:47:24 - [TEST_STEP][PASSED] - if (verifyTextNotPresent("Ошибка запроса данных", false) == true): null

11-03-2025T03:47:25 - [MESSAGE][PASSED] - Text 'Ошибка запроса данных' is not present on page

11-03-2025T03:47:25 - [TEST_STEP][PASSED] - if (verifyTextNotPresent("Произошла ошибка при выполнении пользовательского кода", false) == true): null

11-03-2025T03:47:25 - [MESSAGE][PASSED] - Text 'Произошла ошибка при выполнении пользовательского кода' is not present on page

11-03-2025T03:47:25 - [TEST_STEP][PASSED] - if (verifyTextNotPresent("У виджета нет данных", false) == true): null

11-03-2025T03:47:26 - [MESSAGE][PASSED] - Text 'У виджета нет данных' is not present on page

11-03-2025T03:47:26 - [TEST_STEP][PASSED] - if (verifyTextNotPresent("У виджета нет данных", false) == true): Text 'У виджета нет данных' is not present on page

11-03-2025T03:47:26 - [MESSAGE][PASSED] - Text 'У виджета нет данных' is not present on page

11-03-2025T03:47:26 - [TEST_STEP][PASSED] - click(findTestObject("Выручка по ДЗО/Фильтр Выручка")): Object: 'Object Repository/Выручка по ДЗО/Фильтр Выручка' is clicked on

11-03-2025T03:47:27 - [MESSAGE][PASSED] - Object: 'Object Repository/Выручка по ДЗО/Фильтр Выручка' is clicked on

11-03-2025T03:47:27 - [TEST_STEP][PASSED] - click(findTestObject("Выручка по ДЗО/Внутренний оборот в фильтре Выручка")): Object: 'Object Repository/Выручка по ДЗО/Внутренний оборот в фильтре Выручка' is clicked on

11-03-2025T03:47:27 - [MESSAGE][PASSED] - Object: 'Object Repository/Выручка по ДЗО/Внутренний оборот в фильтре Выручка' is clicked on

11-03-2025T03:47:27 - [TEST_STEP][PASSED] - click(findTestObject("Выручка по ДЗО/Применить в фильтре Выручка")): Object: 'Object Repository/Выручка по ДЗО/Применить в фильтре Выручка' is clicked on

11-03-2025T03:47:28 - [MESSAGE][PASSED] - Object: 'Object Repository/Выручка по ДЗО/Применить в фильтре Выручка' is clicked on

11-03-2025T03:47:28 - [TEST_STEP][PASSED] - Script1687405711779.Test(todaysDate): null

11-03-2025T03:47:28 - [TEST_STEP][PASSED] - delay(10): Delayed 10 second(s)

11-03-2025T03:47:38 - [MESSAGE][PASSED] - Delayed 10 second(s)

11-03-2025T03:47:38 - [TEST_STEP][FAILED] - if (verifyTextNotPresent("нет данных", false) == true): Text 'нет данных' is present on page  (Root cause: com.kms.katalon.core.exception.StepFailedException: Text 'нет данных' is present on page 
	at com.kms.katalon.core.webui.keyword.internal.WebUIKeywordMain.stepFailed(WebUIKeywordMain.groovy:64)
	at com.kms.katalon.core.webui.keyword.builtin.VerifyTextNotPresentKeyword$_verifyTextNotPresent_closure1.doCall(VerifyTextNotPresentKeyword.groovy:77)
	at com.kms.katalon.core.webui.keyword.builtin.VerifyTextNotPresentKeyword$_verifyTextNotPresent_closure1.call(VerifyTextNotPresentKeyword.groovy)
	at com.kms.katalon.core.webui.keyword.internal.WebUIKeywordMain.runKeyword(WebUIKeywordMain.groovy:20)
	at com.kms.katalon.core.webui.keyword.builtin.VerifyTextNotPresentKeyword.verifyTextNotPresent(VerifyTextNotPresentKeyword.groovy:82)
	at com.kms.katalon.core.webui.keyword.builtin.VerifyTextNotPresentKeyword.execute(VerifyTextNotPresentKeyword.groovy:68)
	at com.kms.katalon.core.keyword.internal.KeywordExecutor.executeKeywordForPlatform(KeywordExecutor.groovy:74)
	at com.kms.katalon.core.webui.keyword.WebUiBuiltInKeywords.verifyTextNotPresent(WebUiBuiltInKeywords.groovy:1795)
	at Выручка по ДЗО отображение данных все филиалы.Test(Выручка по ДЗО отображение данных все филиалы:772)
	at Выручка по ДЗО отображение данных все филиалы.Tumbler(Выручка по ДЗО отображение данных все филиалы:726)
	at Выручка по ДЗО отображение данных все филиалы.Change(Выручка по ДЗО отображение данных все филиалы:760)
	at Выручка по ДЗО отображение данных все филиалы.DzoTest(Выручка по ДЗО отображение данных все филиалы:594)
	at Выручка по ДЗО отображение данных все филиалы.run(Выручка по ДЗО отображение данных все филиалы:122)
	at com.kms.katalon.core.main.ScriptEngine.run(ScriptEngine.java:194)
	at com.kms.katalon.core.main.ScriptEngine.runScriptAsRawText(ScriptEngine.java:119)
	at com.kms.katalon.core.main.TestCaseExecutor.runScript(TestCaseExecutor.java:448)
	at com.kms.katalon.core.main.TestCaseExecutor.doExecute(TestCaseExecutor.java:439)
	at com.kms.katalon.core.main.TestCaseExecutor.processExecutionPhase(TestCaseExecutor.java:418)
	at com.kms.katalon.core.main.TestCaseExecutor.accessMainPhase(TestCaseExecutor.java:410)
	at com.kms.katalon.core.main.TestCaseExecutor.execute(TestCaseExecutor.java:285)
	at com.kms.katalon.core.common.CommonExecutor.accessTestCaseMainPhase(CommonExecutor.java:65)
	at com.kms.katalon.core.main.TestSuiteExecutor.accessTestSuiteMainPhase(TestSuiteExecutor.java:150)
	at com.kms.katalon.core.main.TestSuiteExecutor.execute(TestSuiteExecutor.java:106)
	at com.kms.katalon.core.main.TestCaseMain.startTestSuite(TestCaseMain.java:180)
	at TempTestSuite1741649958618.run(TempTestSuite1741649958618.groovy:35)
	at java.base/jdk.internal.reflect.NativeMethodAccessorImpl.invoke0(Native Method)
	at java.base/jdk.internal.reflect.NativeMethodAccessorImpl.invoke(NativeMethodAccessorImpl.java:77)
	at java.base/jdk.internal.reflect.DelegatingMethodAccessorImpl.invoke(DelegatingMethodAccessorImpl.java:43)
)

11-03-2025T03:47:38 - [MESSAGE][FAILED] - Text 'нет данных' is present on page  (Root cause: com.kms.katalon.core.exception.StepFailedException: Text 'нет данных' is present on page 
	at com.kms.katalon.core.webui.keyword.internal.WebUIKeywordMain.stepFailed(WebUIKeywordMain.groovy:64)
	at com.kms.katalon.core.webui.keyword.builtin.VerifyTextNotPresentKeyword$_verifyTextNotPresent_closure1.doCall(VerifyTextNotPresentKeyword.groovy:77)
	at com.kms.katalon.core.webui.keyword.builtin.VerifyTextNotPresentKeyword$_verifyTextNotPresent_closure1.call(VerifyTextNotPresentKeyword.groovy)
	at com.kms.katalon.core.webui.keyword.internal.WebUIKeywordMain.runKeyword(WebUIKeywordMain.groovy:20)
	at com.kms.katalon.core.webui.keyword.builtin.VerifyTextNotPresentKeyword.verifyTextNotPresent(VerifyTextNotPresentKeyword.groovy:82)
	at com.kms.katalon.core.webui.keyword.builtin.VerifyTextNotPresentKeyword.execute(VerifyTextNotPresentKeyword.groovy:68)
	at com.kms.katalon.core.keyword.internal.KeywordExecutor.executeKeywordForPlatform(KeywordExecutor.groovy:74)
	at com.kms.katalon.core.webui.keyword.WebUiBuiltInKeywords.verifyTextNotPresent(WebUiBuiltInKeywords.groovy:1795)
	at Выручка по ДЗО отображение данных все филиалы.Test(Выручка по ДЗО отображение данных все филиалы:772)
	at Выручка по ДЗО отображение данных все филиалы.Tumbler(Выручка по ДЗО отображение данных все филиалы:726)
	at Выручка по ДЗО отображение данных все филиалы.Change(Выручка по ДЗО отображение данных все филиалы:760)
	at Выручка по ДЗО отображение данных все филиалы.DzoTest(Выручка по ДЗО отображение данных все филиалы:594)
	at Выручка по ДЗО отображение данных все филиалы.run(Выручка по ДЗО отображение данных все филиалы:122)
	at com.kms.katalon.core.main.ScriptEngine.run(ScriptEngine.java:194)
	at com.kms.katalon.core.main.ScriptEngine.runScriptAsRawText(ScriptEngine.java:119)
	at com.kms.katalon.core.main.TestCaseExecutor.runScript(TestCaseExecutor.java:448)
	at com.kms.katalon.core.main.TestCaseExecutor.doExecute(TestCaseExecutor.java:439)
	at com.kms.katalon.core.main.TestCaseExecutor.processExecutionPhase(TestCaseExecutor.java:418)
	at com.kms.katalon.core.main.TestCaseExecutor.accessMainPhase(TestCaseExecutor.java:410)
	at com.kms.katalon.core.main.TestCaseExecutor.execute(TestCaseExecutor.java:285)
	at com.kms.katalon.core.common.CommonExecutor.accessTestCaseMainPhase(CommonExecutor.java:65)
	at com.kms.katalon.core.main.TestSuiteExecutor.accessTestSuiteMainPhase(TestSuiteExecutor.java:150)
	at com.kms.katalon.core.main.TestSuiteExecutor.execute(TestSuiteExecutor.java:106)
	at com.kms.katalon.core.main.TestCaseMain.startTestSuite(TestCaseMain.java:180)
	at TempTestSuite1741649958618.run(TempTestSuite1741649958618.groovy:35)
	at java.base/jdk.internal.reflect.NativeMethodAccessorImpl.invoke0(Native Method)
	at java.base/jdk.internal.reflect.NativeMethodAccessorImpl.invoke(NativeMethodAccessorImpl.java:77)
	at java.base/jdk.internal.reflect.DelegatingMethodAccessorImpl.invoke(DelegatingMethodAccessorImpl.java:43)
)

11-03-2025T03:47:38 - [TEST_STEP][PASSED] - else: null

11-03-2025T03:47:38 - [TEST_STEP][PASSED] - Script1687405711779.WriteToExcel(todaysDate): null

11-03-2025T03:47:38 - [TEST_STEP][PASSED] - sheetName = "Sheet1": null

11-03-2025T03:47:38 - [TEST_STEP][PASSED] - data = findTestData("PlanFact"): null

11-03-2025T03:47:38 - [TEST_STEP][PASSED] - n = data.getRowNumbers() + 1: null

11-03-2025T03:47:38 - [TEST_STEP][PASSED] - dZO = getText(findTestObject("Выручка по ДЗО/Фильтр ДЗО")): Text of object 'Object Repository/Выручка по ДЗО/Фильтр ДЗО' is: 'ПАО Россети - РаспредКомплекс - Россети Центр и Приволжье (ГК)'

11-03-2025T03:47:39 - [MESSAGE][PASSED] - Text of object 'Object Repository/Выручка по ДЗО/Фильтр ДЗО' is: 'ПАО Россети - РаспредКомплекс - Россети Центр и Приволжье (ГК)'

11-03-2025T03:47:39 - [TEST_STEP][PASSED] - period = getText(findTestObject("Выручка по ДЗО/Фильтр Дата")): Text of object 'Object Repository/Выручка по ДЗО/Фильтр Дата' is: 'Январь 2025 года'

11-03-2025T03:47:39 - [MESSAGE][PASSED] - Text of object 'Object Repository/Выручка по ДЗО/Фильтр Дата' is: 'Январь 2025 года'

11-03-2025T03:47:39 - [TEST_STEP][PASSED] - viruchka = getText(findTestObject("Выручка по ДЗО/Фильтр Выручка")): Text of object 'Object Repository/Выручка по ДЗО/Фильтр Выручка' is: 'внутренний оборот'

11-03-2025T03:47:39 - [MESSAGE][PASSED] - Text of object 'Object Repository/Выручка по ДЗО/Фильтр Выручка' is: 'внутренний оборот'

11-03-2025T03:47:39 - [TEST_STEP][PASSED] - if (viruchka == "Выбрано: 2"): null

11-03-2025T03:47:39 - [TEST_STEP][PASSED] - if (viruchka == "Все"): null

11-03-2025T03:47:39 - [TEST_STEP][PASSED] - println(period): null

11-03-2025T03:47:39 - [TEST_STEP][PASSED] - dashboardName = "Выручка по ДЗО": null

11-03-2025T03:47:39 - [TEST_STEP][PASSED] - workbook01 = getWorkbook(excelFilePath): null

11-03-2025T03:47:39 - [TEST_STEP][PASSED] - sheet01 = getExcelSheet(workbook01, sheetName): null

11-03-2025T03:47:39 - [TEST_STEP][PASSED] - setValueToCellByIndex(sheet01, n, 0, dashboardName): null

11-03-2025T03:47:39 - [TEST_STEP][PASSED] - setValueToCellByIndex(sheet01, n, 1, dZO): null

11-03-2025T03:47:39 - [TEST_STEP][PASSED] - setValueToCellByIndex(sheet01, n, 2, period): null

11-03-2025T03:47:39 - [TEST_STEP][PASSED] - setValueToCellByIndex(sheet01, n, 3, viruchka): null

11-03-2025T03:47:39 - [TEST_STEP][PASSED] - setValueToCellByIndex(sheet01, n, 4, todaysDate): null

11-03-2025T03:47:39 - [TEST_STEP][PASSED] - n = n + 1: null

11-03-2025T03:47:39 - [TEST_STEP][PASSED] - saveWorkbook(excelFilePath, workbook01): null

11-03-2025T03:47:40 - [TEST_STEP][PASSED] - click(findTestObject("Выручка по ДЗО/Фильтр Выручка")): Object: 'Object Repository/Выручка по ДЗО/Фильтр Выручка' is clicked on

11-03-2025T03:47:40 - [MESSAGE][PASSED] - Object: 'Object Repository/Выручка по ДЗО/Фильтр Выручка' is clicked on

11-03-2025T03:47:40 - [TEST_STEP][PASSED] - click(findTestObject("Выручка по ДЗО/По передаче в фильтре Выручка")): Object: 'Object Repository/Выручка по ДЗО/По передаче в фильтре Выручка' is clicked on

11-03-2025T03:47:40 - [MESSAGE][PASSED] - Object: 'Object Repository/Выручка по ДЗО/По передаче в фильтре Выручка' is clicked on

11-03-2025T03:47:40 - [TEST_STEP][PASSED] - click(findTestObject("Выручка по ДЗО/Применить в фильтре Выручка")): Object: 'Object Repository/Выручка по ДЗО/Применить в фильтре Выручка' is clicked on

11-03-2025T03:47:41 - [MESSAGE][PASSED] - Object: 'Object Repository/Выручка по ДЗО/Применить в фильтре Выручка' is clicked on

11-03-2025T03:47:41 - [TEST_STEP][PASSED] - Script1687405711779.Test(todaysDate): null

11-03-2025T03:47:41 - [TEST_STEP][PASSED] - delay(10): Delayed 10 second(s)

11-03-2025T03:47:51 - [MESSAGE][PASSED] - Delayed 10 second(s)

11-03-2025T03:47:51 - [TEST_STEP][PASSED] - if (verifyTextNotPresent("нет данных", false) == true): null

11-03-2025T03:47:52 - [MESSAGE][PASSED] - Text 'нет данных' is not present on page

11-03-2025T03:47:52 - [TEST_STEP][PASSED] - if (verifyTextNotPresent("Ошибка запроса данных", false) == true): null

11-03-2025T03:47:52 - [MESSAGE][PASSED] - Text 'Ошибка запроса данных' is not present on page

11-03-2025T03:47:52 - [TEST_STEP][PASSED] - if (verifyTextNotPresent("Произошла ошибка при выполнении пользовательского кода", false) == true): null

11-03-2025T03:47:52 - [MESSAGE][PASSED] - Text 'Произошла ошибка при выполнении пользовательского кода' is not present on page

11-03-2025T03:47:52 - [TEST_STEP][PASSED] - if (verifyTextNotPresent("У виджета нет данных", false) == true): null

11-03-2025T03:47:53 - [MESSAGE][PASSED] - Text 'У виджета нет данных' is not present on page

11-03-2025T03:47:53 - [TEST_STEP][PASSED] - if (verifyTextNotPresent("У виджета нет данных", false) == true): Text 'У виджета нет данных' is not present on page

11-03-2025T03:47:54 - [MESSAGE][PASSED] - Text 'У виджета нет данных' is not present on page

11-03-2025T03:47:54 - [TEST_STEP][PASSED] - click(findTestObject("Выручка по ДЗО/Фильтр Выручка")): Object: 'Object Repository/Выручка по ДЗО/Фильтр Выручка' is clicked on

11-03-2025T03:47:54 - [MESSAGE][PASSED] - Object: 'Object Repository/Выручка по ДЗО/Фильтр Выручка' is clicked on

11-03-2025T03:47:54 - [TEST_STEP][PASSED] - click(findTestObject("Выручка по ДЗО/Снять выделение в фильтре Выручка")): Object: 'Object Repository/Выручка по ДЗО/Снять выделение в фильтре Выручка' is clicked on

11-03-2025T03:47:54 - [MESSAGE][PASSED] - Object: 'Object Repository/Выручка по ДЗО/Снять выделение в фильтре Выручка' is clicked on

11-03-2025T03:47:54 - [TEST_STEP][PASSED] - click(findTestObject("Выручка по ДЗО/По передаче в фильтре Выручка")): Object: 'Object Repository/Выручка по ДЗО/По передаче в фильтре Выручка' is clicked on

11-03-2025T03:47:55 - [MESSAGE][PASSED] - Object: 'Object Repository/Выручка по ДЗО/По передаче в фильтре Выручка' is clicked on

11-03-2025T03:47:55 - [TEST_STEP][PASSED] - click(findTestObject("Выручка по ДЗО/Применить в фильтре Выручка")): Object: 'Object Repository/Выручка по ДЗО/Применить в фильтре Выручка' is clicked on

11-03-2025T03:47:55 - [MESSAGE][PASSED] - Object: 'Object Repository/Выручка по ДЗО/Применить в фильтре Выручка' is clicked on

11-03-2025T03:47:55 - [TEST_STEP][PASSED] - Script1687405711779.Test(todaysDate): null

11-03-2025T03:47:55 - [TEST_STEP][PASSED] - delay(10): Delayed 10 second(s)

11-03-2025T03:48:05 - [MESSAGE][PASSED] - Delayed 10 second(s)

11-03-2025T03:48:05 - [TEST_STEP][PASSED] - if (verifyTextNotPresent("нет данных", false) == true): null

11-03-2025T03:48:06 - [MESSAGE][PASSED] - Text 'нет данных' is not present on page

11-03-2025T03:48:06 - [TEST_STEP][PASSED] - if (verifyTextNotPresent("Ошибка запроса данных", false) == true): null

11-03-2025T03:48:06 - [MESSAGE][PASSED] - Text 'Ошибка запроса данных' is not present on page

11-03-2025T03:48:06 - [TEST_STEP][PASSED] - if (verifyTextNotPresent("Произошла ошибка при выполнении пользовательского кода", false) == true): null

11-03-2025T03:48:07 - [MESSAGE][PASSED] - Text 'Произошла ошибка при выполнении пользовательского кода' is not present on page

11-03-2025T03:48:07 - [TEST_STEP][PASSED] - if (verifyTextNotPresent("У виджета нет данных", false) == true): null

11-03-2025T03:48:07 - [MESSAGE][PASSED] - Text 'У виджета нет данных' is not present on page

11-03-2025T03:48:07 - [TEST_STEP][PASSED] - if (verifyTextNotPresent("У виджета нет данных", false) == true): Text 'У виджета нет данных' is not present on page

11-03-2025T03:48:08 - [MESSAGE][PASSED] - Text 'У виджета нет данных' is not present on page

11-03-2025T03:48:08 - [TEST_STEP][PASSED] - click(findTestObject("Выручка по ДЗО/Фильтр Выручка")): Object: 'Object Repository/Выручка по ДЗО/Фильтр Выручка' is clicked on

11-03-2025T03:48:08 - [MESSAGE][PASSED] - Object: 'Object Repository/Выручка по ДЗО/Фильтр Выручка' is clicked on

11-03-2025T03:48:08 - [TEST_STEP][PASSED] - click(findTestObject("Выручка по ДЗО/Снять выделение в фильтре Выручка")): Object: 'Object Repository/Выручка по ДЗО/Снять выделение в фильтре Выручка' is clicked on

11-03-2025T03:48:08 - [MESSAGE][PASSED] - Object: 'Object Repository/Выручка по ДЗО/Снять выделение в фильтре Выручка' is clicked on

11-03-2025T03:48:08 - [TEST_STEP][PASSED] - click(findTestObject("Выручка по ДЗО/Применить в фильтре Выручка")): Object: 'Object Repository/Выручка по ДЗО/Применить в фильтре Выручка' is clicked on

11-03-2025T03:48:09 - [MESSAGE][PASSED] - Object: 'Object Repository/Выручка по ДЗО/Применить в фильтре Выручка' is clicked on

11-03-2025T03:48:09 - [TEST_STEP][PASSED] - click(findTestObject("Выручка по ДЗО/Фильтр ДЗО")): Object: 'Object Repository/Выручка по ДЗО/Фильтр ДЗО' is clicked on

11-03-2025T03:48:10 - [MESSAGE][PASSED] - Object: 'Object Repository/Выручка по ДЗО/Фильтр ДЗО' is clicked on

11-03-2025T03:48:10 - [TEST_STEP][PASSED] - click(findTestObject("Выручка по ДЗО/Снять выделение в фильтре ДЗО")): Object: 'Object Repository/Выручка по ДЗО/Снять выделение в фильтре ДЗО' is clicked on

11-03-2025T03:48:11 - [MESSAGE][PASSED] - Object: 'Object Repository/Выручка по ДЗО/Снять выделение в фильтре ДЗО' is clicked on

11-03-2025T03:48:11 - [TEST_STEP][PASSED] - scrollToElement(findTestObject("Общие объекты/Раскрыть список Россети Центр и Приволжье"), 30): Scroll to object 'Object Repository/Общие объекты/Раскрыть список Россети Центр и Приволжье' successfully

11-03-2025T03:48:11 - [MESSAGE][PASSED] - Scroll to object 'Object Repository/Общие объекты/Раскрыть список Россети Центр и Приволжье' successfully

11-03-2025T03:48:11 - [TEST_STEP][PASSED] - click(findTestObject("Общие объекты/Раскрыть список Россети Центр и Приволжье"), CONTINUE_ON_FAILURE): Object: 'Object Repository/Общие объекты/Раскрыть список Россети Центр и Приволжье' is clicked on

11-03-2025T03:48:11 - [MESSAGE][PASSED] - Object: 'Object Repository/Общие объекты/Раскрыть список Россети Центр и Приволжье' is clicked on

11-03-2025T03:48:11 - [TEST_STEP][PASSED] - scrollToElement(findTestObject("Общие объекты/Владимирэнерго"), 30): Scroll to object 'Object Repository/Общие объекты/Владимирэнерго' successfully

11-03-2025T03:48:12 - [MESSAGE][PASSED] - Scroll to object 'Object Repository/Общие объекты/Владимирэнерго' successfully

11-03-2025T03:48:12 - [TEST_STEP][PASSED] - click(findTestObject("Общие объекты/Владимирэнерго"), CONTINUE_ON_FAILURE): Object: 'Object Repository/Общие объекты/Владимирэнерго' is clicked on

11-03-2025T03:48:12 - [MESSAGE][PASSED] - Object: 'Object Repository/Общие объекты/Владимирэнерго' is clicked on

11-03-2025T03:48:12 - [TEST_STEP][PASSED] - Script1687405711779.Change(todaysDate): null

11-03-2025T03:48:12 - [TEST_STEP][PASSED] - scrollToElement(findTestObject("Выручка по ДЗО/Заголовок дашборда"), 30): Scroll to object 'Object Repository/Выручка по ДЗО/Заголовок дашборда' successfully

11-03-2025T03:48:12 - [MESSAGE][PASSED] - Scroll to object 'Object Repository/Выручка по ДЗО/Заголовок дашборда' successfully

11-03-2025T03:48:12 - [TEST_STEP][PASSED] - click(findTestObject("Выручка по ДЗО/Применить в фильтре ДЗО")): Object: 'Object Repository/Выручка по ДЗО/Применить в фильтре ДЗО' is clicked on

11-03-2025T03:48:13 - [MESSAGE][PASSED] - Object: 'Object Repository/Выручка по ДЗО/Применить в фильтре ДЗО' is clicked on

11-03-2025T03:48:13 - [TEST_STEP][PASSED] - Script1687405711779.Tumbler(todaysDate): null

11-03-2025T03:48:13 - [TEST_STEP][PASSED] - Script1687405711779.Test(todaysDate): null

11-03-2025T03:48:13 - [TEST_STEP][PASSED] - delay(10): Delayed 10 second(s)

11-03-2025T03:48:23 - [MESSAGE][PASSED] - Delayed 10 second(s)

11-03-2025T03:48:23 - [TEST_STEP][PASSED] - if (verifyTextNotPresent("нет данных", false) == true): null

11-03-2025T03:48:24 - [MESSAGE][PASSED] - Text 'нет данных' is not present on page

11-03-2025T03:48:24 - [TEST_STEP][PASSED] - if (verifyTextNotPresent("Ошибка запроса данных", false) == true): null

11-03-2025T03:48:24 - [MESSAGE][PASSED] - Text 'Ошибка запроса данных' is not present on page

11-03-2025T03:48:24 - [TEST_STEP][PASSED] - if (verifyTextNotPresent("Произошла ошибка при выполнении пользовательского кода", false) == true): null

11-03-2025T03:48:24 - [MESSAGE][PASSED] - Text 'Произошла ошибка при выполнении пользовательского кода' is not present on page

11-03-2025T03:48:24 - [TEST_STEP][PASSED] - if (verifyTextNotPresent("У виджета нет данных", false) == true): null

11-03-2025T03:48:25 - [MESSAGE][PASSED] - Text 'У виджета нет данных' is not present on page

11-03-2025T03:48:25 - [TEST_STEP][PASSED] - if (verifyTextNotPresent("У виджета нет данных", false) == true): Text 'У виджета нет данных' is not present on page

11-03-2025T03:48:25 - [MESSAGE][PASSED] - Text 'У виджета нет данных' is not present on page

11-03-2025T03:48:25 - [TEST_STEP][PASSED] - click(findTestObject("Выручка по ДЗО/Фильтр Выручка")): Object: 'Object Repository/Выручка по ДЗО/Фильтр Выручка' is clicked on

11-03-2025T03:48:26 - [MESSAGE][PASSED] - Object: 'Object Repository/Выручка по ДЗО/Фильтр Выручка' is clicked on

11-03-2025T03:48:26 - [TEST_STEP][PASSED] - click(findTestObject("Выручка по ДЗО/Внутренний оборот в фильтре Выручка")): Object: 'Object Repository/Выручка по ДЗО/Внутренний оборот в фильтре Выручка' is clicked on

11-03-2025T03:48:26 - [MESSAGE][PASSED] - Object: 'Object Repository/Выручка по ДЗО/Внутренний оборот в фильтре Выручка' is clicked on

11-03-2025T03:48:26 - [TEST_STEP][PASSED] - click(findTestObject("Выручка по ДЗО/Применить в фильтре Выручка")): Object: 'Object Repository/Выручка по ДЗО/Применить в фильтре Выручка' is clicked on

11-03-2025T03:48:27 - [MESSAGE][PASSED] - Object: 'Object Repository/Выручка по ДЗО/Применить в фильтре Выручка' is clicked on

11-03-2025T03:48:27 - [TEST_STEP][PASSED] - Script1687405711779.Test(todaysDate): null

11-03-2025T03:48:27 - [TEST_STEP][PASSED] - delay(10): Delayed 10 second(s)

11-03-2025T03:48:37 - [MESSAGE][PASSED] - Delayed 10 second(s)

11-03-2025T03:48:37 - [TEST_STEP][FAILED] - if (verifyTextNotPresent("нет данных", false) == true): Text 'нет данных' is present on page  (Root cause: com.kms.katalon.core.exception.StepFailedException: Text 'нет данных' is present on page 
	at com.kms.katalon.core.webui.keyword.internal.WebUIKeywordMain.stepFailed(WebUIKeywordMain.groovy:64)
	at com.kms.katalon.core.webui.keyword.builtin.VerifyTextNotPresentKeyword$_verifyTextNotPresent_closure1.doCall(VerifyTextNotPresentKeyword.groovy:77)
	at com.kms.katalon.core.webui.keyword.builtin.VerifyTextNotPresentKeyword$_verifyTextNotPresent_closure1.call(VerifyTextNotPresentKeyword.groovy)
	at com.kms.katalon.core.webui.keyword.internal.WebUIKeywordMain.runKeyword(WebUIKeywordMain.groovy:20)
	at com.kms.katalon.core.webui.keyword.builtin.VerifyTextNotPresentKeyword.verifyTextNotPresent(VerifyTextNotPresentKeyword.groovy:82)
	at com.kms.katalon.core.webui.keyword.builtin.VerifyTextNotPresentKeyword.execute(VerifyTextNotPresentKeyword.groovy:68)
	at com.kms.katalon.core.keyword.internal.KeywordExecutor.executeKeywordForPlatform(KeywordExecutor.groovy:74)
	at com.kms.katalon.core.webui.keyword.WebUiBuiltInKeywords.verifyTextNotPresent(WebUiBuiltInKeywords.groovy:1795)
	at Выручка по ДЗО отображение данных все филиалы.Test(Выручка по ДЗО отображение данных все филиалы:772)
	at Выручка по ДЗО отображение данных все филиалы.Tumbler(Выручка по ДЗО отображение данных все филиалы:726)
	at Выручка по ДЗО отображение данных все филиалы.Change(Выручка по ДЗО отображение данных все филиалы:760)
	at Выручка по ДЗО отображение данных все филиалы.DzoTest(Выручка по ДЗО отображение данных все филиалы:604)
	at Выручка по ДЗО отображение данных все филиалы.run(Выручка по ДЗО отображение данных все филиалы:122)
	at com.kms.katalon.core.main.ScriptEngine.run(ScriptEngine.java:194)
	at com.kms.katalon.core.main.ScriptEngine.runScriptAsRawText(ScriptEngine.java:119)
	at com.kms.katalon.core.main.TestCaseExecutor.runScript(TestCaseExecutor.java:448)
	at com.kms.katalon.core.main.TestCaseExecutor.doExecute(TestCaseExecutor.java:439)
	at com.kms.katalon.core.main.TestCaseExecutor.processExecutionPhase(TestCaseExecutor.java:418)
	at com.kms.katalon.core.main.TestCaseExecutor.accessMainPhase(TestCaseExecutor.java:410)
	at com.kms.katalon.core.main.TestCaseExecutor.execute(TestCaseExecutor.java:285)
	at com.kms.katalon.core.common.CommonExecutor.accessTestCaseMainPhase(CommonExecutor.java:65)
	at com.kms.katalon.core.main.TestSuiteExecutor.accessTestSuiteMainPhase(TestSuiteExecutor.java:150)
	at com.kms.katalon.core.main.TestSuiteExecutor.execute(TestSuiteExecutor.java:106)
	at com.kms.katalon.core.main.TestCaseMain.startTestSuite(TestCaseMain.java:180)
	at TempTestSuite1741649958618.run(TempTestSuite1741649958618.groovy:35)
	at java.base/jdk.internal.reflect.NativeMethodAccessorImpl.invoke0(Native Method)
	at java.base/jdk.internal.reflect.NativeMethodAccessorImpl.invoke(NativeMethodAccessorImpl.java:77)
	at java.base/jdk.internal.reflect.DelegatingMethodAccessorImpl.invoke(DelegatingMethodAccessorImpl.java:43)
)

11-03-2025T03:48:37 - [MESSAGE][FAILED] - Text 'нет данных' is present on page  (Root cause: com.kms.katalon.core.exception.StepFailedException: Text 'нет данных' is present on page 
	at com.kms.katalon.core.webui.keyword.internal.WebUIKeywordMain.stepFailed(WebUIKeywordMain.groovy:64)
	at com.kms.katalon.core.webui.keyword.builtin.VerifyTextNotPresentKeyword$_verifyTextNotPresent_closure1.doCall(VerifyTextNotPresentKeyword.groovy:77)
	at com.kms.katalon.core.webui.keyword.builtin.VerifyTextNotPresentKeyword$_verifyTextNotPresent_closure1.call(VerifyTextNotPresentKeyword.groovy)
	at com.kms.katalon.core.webui.keyword.internal.WebUIKeywordMain.runKeyword(WebUIKeywordMain.groovy:20)
	at com.kms.katalon.core.webui.keyword.builtin.VerifyTextNotPresentKeyword.verifyTextNotPresent(VerifyTextNotPresentKeyword.groovy:82)
	at com.kms.katalon.core.webui.keyword.builtin.VerifyTextNotPresentKeyword.execute(VerifyTextNotPresentKeyword.groovy:68)
	at com.kms.katalon.core.keyword.internal.KeywordExecutor.executeKeywordForPlatform(KeywordExecutor.groovy:74)
	at com.kms.katalon.core.webui.keyword.WebUiBuiltInKeywords.verifyTextNotPresent(WebUiBuiltInKeywords.groovy:1795)
	at Выручка по ДЗО отображение данных все филиалы.Test(Выручка по ДЗО отображение данных все филиалы:772)
	at Выручка по ДЗО отображение данных все филиалы.Tumbler(Выручка по ДЗО отображение данных все филиалы:726)
	at Выручка по ДЗО отображение данных все филиалы.Change(Выручка по ДЗО отображение данных все филиалы:760)
	at Выручка по ДЗО отображение данных все филиалы.DzoTest(Выручка по ДЗО отображение данных все филиалы:604)
	at Выручка по ДЗО отображение данных все филиалы.run(Выручка по ДЗО отображение данных все филиалы:122)
	at com.kms.katalon.core.main.ScriptEngine.run(ScriptEngine.java:194)
	at com.kms.katalon.core.main.ScriptEngine.runScriptAsRawText(ScriptEngine.java:119)
	at com.kms.katalon.core.main.TestCaseExecutor.runScript(TestCaseExecutor.java:448)
	at com.kms.katalon.core.main.TestCaseExecutor.doExecute(TestCaseExecutor.java:439)
	at com.kms.katalon.core.main.TestCaseExecutor.processExecutionPhase(TestCaseExecutor.java:418)
	at com.kms.katalon.core.main.TestCaseExecutor.accessMainPhase(TestCaseExecutor.java:410)
	at com.kms.katalon.core.main.TestCaseExecutor.execute(TestCaseExecutor.java:285)
	at com.kms.katalon.core.common.CommonExecutor.accessTestCaseMainPhase(CommonExecutor.java:65)
	at com.kms.katalon.core.main.TestSuiteExecutor.accessTestSuiteMainPhase(TestSuiteExecutor.java:150)
	at com.kms.katalon.core.main.TestSuiteExecutor.execute(TestSuiteExecutor.java:106)
	at com.kms.katalon.core.main.TestCaseMain.startTestSuite(TestCaseMain.java:180)
	at TempTestSuite1741649958618.run(TempTestSuite1741649958618.groovy:35)
	at java.base/jdk.internal.reflect.NativeMethodAccessorImpl.invoke0(Native Method)
	at java.base/jdk.internal.reflect.NativeMethodAccessorImpl.invoke(NativeMethodAccessorImpl.java:77)
	at java.base/jdk.internal.reflect.DelegatingMethodAccessorImpl.invoke(DelegatingMethodAccessorImpl.java:43)
)

11-03-2025T03:48:37 - [TEST_STEP][PASSED] - else: null

11-03-2025T03:48:37 - [TEST_STEP][PASSED] - Script1687405711779.WriteToExcel(todaysDate): null

11-03-2025T03:48:37 - [TEST_STEP][PASSED] - sheetName = "Sheet1": null

11-03-2025T03:48:37 - [TEST_STEP][PASSED] - data = findTestData("PlanFact"): null

11-03-2025T03:48:37 - [TEST_STEP][PASSED] - n = data.getRowNumbers() + 1: null

11-03-2025T03:48:37 - [TEST_STEP][PASSED] - dZO = getText(findTestObject("Выручка по ДЗО/Фильтр ДЗО")): Text of object 'Object Repository/Выручка по ДЗО/Фильтр ДЗО' is: 'ПАО Россети - РаспредКомплекс - Россети Центр и Приволжье (ГК) - Владимирэнерго'

11-03-2025T03:48:38 - [MESSAGE][PASSED] - Text of object 'Object Repository/Выручка по ДЗО/Фильтр ДЗО' is: 'ПАО Россети - РаспредКомплекс - Россети Центр и Приволжье (ГК) - Владимирэнерго'

11-03-2025T03:48:38 - [TEST_STEP][PASSED] - period = getText(findTestObject("Выручка по ДЗО/Фильтр Дата")): Text of object 'Object Repository/Выручка по ДЗО/Фильтр Дата' is: 'Январь 2025 года'

11-03-2025T03:48:38 - [MESSAGE][PASSED] - Text of object 'Object Repository/Выручка по ДЗО/Фильтр Дата' is: 'Январь 2025 года'

11-03-2025T03:48:38 - [TEST_STEP][PASSED] - viruchka = getText(findTestObject("Выручка по ДЗО/Фильтр Выручка")): Text of object 'Object Repository/Выручка по ДЗО/Фильтр Выручка' is: 'внутренний оборот'

11-03-2025T03:48:38 - [MESSAGE][PASSED] - Text of object 'Object Repository/Выручка по ДЗО/Фильтр Выручка' is: 'внутренний оборот'

11-03-2025T03:48:38 - [TEST_STEP][PASSED] - if (viruchka == "Выбрано: 2"): null

11-03-2025T03:48:38 - [TEST_STEP][PASSED] - if (viruchka == "Все"): null

11-03-2025T03:48:38 - [TEST_STEP][PASSED] - println(period): null

11-03-2025T03:48:38 - [TEST_STEP][PASSED] - dashboardName = "Выручка по ДЗО": null

11-03-2025T03:48:38 - [TEST_STEP][PASSED] - workbook01 = getWorkbook(excelFilePath): null

11-03-2025T03:48:38 - [TEST_STEP][PASSED] - sheet01 = getExcelSheet(workbook01, sheetName): null

11-03-2025T03:48:38 - [TEST_STEP][PASSED] - setValueToCellByIndex(sheet01, n, 0, dashboardName): null

11-03-2025T03:48:38 - [TEST_STEP][PASSED] - setValueToCellByIndex(sheet01, n, 1, dZO): null

11-03-2025T03:48:38 - [TEST_STEP][PASSED] - setValueToCellByIndex(sheet01, n, 2, period): null

11-03-2025T03:48:38 - [TEST_STEP][PASSED] - setValueToCellByIndex(sheet01, n, 3, viruchka): null

11-03-2025T03:48:38 - [TEST_STEP][PASSED] - setValueToCellByIndex(sheet01, n, 4, todaysDate): null

11-03-2025T03:48:38 - [TEST_STEP][PASSED] - n = n + 1: null

11-03-2025T03:48:38 - [TEST_STEP][PASSED] - saveWorkbook(excelFilePath, workbook01): null

11-03-2025T03:48:39 - [TEST_STEP][PASSED] - click(findTestObject("Выручка по ДЗО/Фильтр Выручка")): Object: 'Object Repository/Выручка по ДЗО/Фильтр Выручка' is clicked on

11-03-2025T03:48:39 - [MESSAGE][PASSED] - Object: 'Object Repository/Выручка по ДЗО/Фильтр Выручка' is clicked on

11-03-2025T03:48:39 - [TEST_STEP][PASSED] - click(findTestObject("Выручка по ДЗО/По передаче в фильтре Выручка")): Object: 'Object Repository/Выручка по ДЗО/По передаче в фильтре Выручка' is clicked on

11-03-2025T03:48:39 - [MESSAGE][PASSED] - Object: 'Object Repository/Выручка по ДЗО/По передаче в фильтре Выручка' is clicked on

11-03-2025T03:48:39 - [TEST_STEP][PASSED] - click(findTestObject("Выручка по ДЗО/Применить в фильтре Выручка")): Object: 'Object Repository/Выручка по ДЗО/Применить в фильтре Выручка' is clicked on

11-03-2025T03:48:40 - [MESSAGE][PASSED] - Object: 'Object Repository/Выручка по ДЗО/Применить в фильтре Выручка' is clicked on

11-03-2025T03:48:40 - [TEST_STEP][PASSED] - Script1687405711779.Test(todaysDate): null

11-03-2025T03:48:40 - [TEST_STEP][PASSED] - delay(10): Delayed 10 second(s)

11-03-2025T03:48:50 - [MESSAGE][PASSED] - Delayed 10 second(s)

11-03-2025T03:48:50 - [TEST_STEP][PASSED] - if (verifyTextNotPresent("нет данных", false) == true): null

11-03-2025T03:48:50 - [MESSAGE][PASSED] - Text 'нет данных' is not present on page

11-03-2025T03:48:50 - [TEST_STEP][PASSED] - if (verifyTextNotPresent("Ошибка запроса данных", false) == true): null

11-03-2025T03:48:51 - [MESSAGE][PASSED] - Text 'Ошибка запроса данных' is not present on page

11-03-2025T03:48:51 - [TEST_STEP][PASSED] - if (verifyTextNotPresent("Произошла ошибка при выполнении пользовательского кода", false) == true): null

11-03-2025T03:48:51 - [MESSAGE][PASSED] - Text 'Произошла ошибка при выполнении пользовательского кода' is not present on page

11-03-2025T03:48:51 - [TEST_STEP][PASSED] - if (verifyTextNotPresent("У виджета нет данных", false) == true): null

11-03-2025T03:48:52 - [MESSAGE][PASSED] - Text 'У виджета нет данных' is not present on page

11-03-2025T03:48:52 - [TEST_STEP][PASSED] - if (verifyTextNotPresent("У виджета нет данных", false) == true): Text 'У виджета нет данных' is not present on page

11-03-2025T03:48:52 - [MESSAGE][PASSED] - Text 'У виджета нет данных' is not present on page

11-03-2025T03:48:52 - [TEST_STEP][PASSED] - click(findTestObject("Выручка по ДЗО/Фильтр Выручка")): Object: 'Object Repository/Выручка по ДЗО/Фильтр Выручка' is clicked on

11-03-2025T03:48:53 - [MESSAGE][PASSED] - Object: 'Object Repository/Выручка по ДЗО/Фильтр Выручка' is clicked on

11-03-2025T03:48:53 - [TEST_STEP][PASSED] - click(findTestObject("Выручка по ДЗО/Снять выделение в фильтре Выручка")): Object: 'Object Repository/Выручка по ДЗО/Снять выделение в фильтре Выручка' is clicked on

11-03-2025T03:48:53 - [MESSAGE][PASSED] - Object: 'Object Repository/Выручка по ДЗО/Снять выделение в фильтре Выручка' is clicked on

11-03-2025T03:48:53 - [TEST_STEP][PASSED] - click(findTestObject("Выручка по ДЗО/По передаче в фильтре Выручка")): Object: 'Object Repository/Выручка по ДЗО/По передаче в фильтре Выручка' is clicked on

11-03-2025T03:48:54 - [MESSAGE][PASSED] - Object: 'Object Repository/Выручка по ДЗО/По передаче в фильтре Выручка' is clicked on

11-03-2025T03:48:54 - [TEST_STEP][PASSED] - click(findTestObject("Выручка по ДЗО/Применить в фильтре Выручка")): Object: 'Object Repository/Выручка по ДЗО/Применить в фильтре Выручка' is clicked on

11-03-2025T03:48:54 - [MESSAGE][PASSED] - Object: 'Object Repository/Выручка по ДЗО/Применить в фильтре Выручка' is clicked on

11-03-2025T03:48:54 - [TEST_STEP][PASSED] - Script1687405711779.Test(todaysDate): null

11-03-2025T03:48:54 - [TEST_STEP][PASSED] - delay(10): Delayed 10 second(s)

11-03-2025T03:49:04 - [MESSAGE][PASSED] - Delayed 10 second(s)

11-03-2025T03:49:04 - [TEST_STEP][PASSED] - if (verifyTextNotPresent("нет данных", false) == true): null

11-03-2025T03:49:05 - [MESSAGE][PASSED] - Text 'нет данных' is not present on page

11-03-2025T03:49:05 - [TEST_STEP][PASSED] - if (verifyTextNotPresent("Ошибка запроса данных", false) == true): null

11-03-2025T03:49:05 - [MESSAGE][PASSED] - Text 'Ошибка запроса данных' is not present on page

11-03-2025T03:49:05 - [TEST_STEP][PASSED] - if (verifyTextNotPresent("Произошла ошибка при выполнении пользовательского кода", false) == true): null

11-03-2025T03:49:06 - [MESSAGE][PASSED] - Text 'Произошла ошибка при выполнении пользовательского кода' is not present on page

11-03-2025T03:49:06 - [TEST_STEP][PASSED] - if (verifyTextNotPresent("У виджета нет данных", false) == true): null

11-03-2025T03:49:06 - [MESSAGE][PASSED] - Text 'У виджета нет данных' is not present on page

11-03-2025T03:49:06 - [TEST_STEP][PASSED] - if (verifyTextNotPresent("У виджета нет данных", false) == true): Text 'У виджета нет данных' is not present on page

11-03-2025T03:49:07 - [MESSAGE][PASSED] - Text 'У виджета нет данных' is not present on page

11-03-2025T03:49:07 - [TEST_STEP][PASSED] - click(findTestObject("Выручка по ДЗО/Фильтр Выручка")): Object: 'Object Repository/Выручка по ДЗО/Фильтр Выручка' is clicked on

11-03-2025T03:49:07 - [MESSAGE][PASSED] - Object: 'Object Repository/Выручка по ДЗО/Фильтр Выручка' is clicked on

11-03-2025T03:49:07 - [TEST_STEP][PASSED] - click(findTestObject("Выручка по ДЗО/Снять выделение в фильтре Выручка")): Object: 'Object Repository/Выручка по ДЗО/Снять выделение в фильтре Выручка' is clicked on

11-03-2025T03:49:08 - [MESSAGE][PASSED] - Object: 'Object Repository/Выручка по ДЗО/Снять выделение в фильтре Выручка' is clicked on

11-03-2025T03:49:08 - [TEST_STEP][PASSED] - click(findTestObject("Выручка по ДЗО/Применить в фильтре Выручка")): Object: 'Object Repository/Выручка по ДЗО/Применить в фильтре Выручка' is clicked on

11-03-2025T03:49:08 - [MESSAGE][PASSED] - Object: 'Object Repository/Выручка по ДЗО/Применить в фильтре Выручка' is clicked on

11-03-2025T03:49:08 - [TEST_STEP][PASSED] - click(findTestObject("Выручка по ДЗО/Фильтр ДЗО")): Object: 'Object Repository/Выручка по ДЗО/Фильтр ДЗО' is clicked on

11-03-2025T03:49:10 - [MESSAGE][PASSED] - Object: 'Object Repository/Выручка по ДЗО/Фильтр ДЗО' is clicked on

11-03-2025T03:49:10 - [TEST_STEP][PASSED] - click(findTestObject("Выручка по ДЗО/Снять выделение в фильтре ДЗО")): Object: 'Object Repository/Выручка по ДЗО/Снять выделение в фильтре ДЗО' is clicked on

11-03-2025T03:49:10 - [MESSAGE][PASSED] - Object: 'Object Repository/Выручка по ДЗО/Снять выделение в фильтре ДЗО' is clicked on

11-03-2025T03:49:10 - [TEST_STEP][PASSED] - scrollToElement(findTestObject("Общие объекты/Ивэнерго"), 30): Scroll to object 'Object Repository/Общие объекты/Ивэнерго' successfully

11-03-2025T03:49:10 - [MESSAGE][PASSED] - Scroll to object 'Object Repository/Общие объекты/Ивэнерго' successfully

11-03-2025T03:49:10 - [TEST_STEP][PASSED] - click(findTestObject("Общие объекты/Ивэнерго"), CONTINUE_ON_FAILURE): Object: 'Object Repository/Общие объекты/Ивэнерго' is clicked on

11-03-2025T03:49:11 - [MESSAGE][PASSED] - Object: 'Object Repository/Общие объекты/Ивэнерго' is clicked on

11-03-2025T03:49:11 - [TEST_STEP][PASSED] - Script1687405711779.Change(todaysDate): null

11-03-2025T03:49:11 - [TEST_STEP][PASSED] - scrollToElement(findTestObject("Выручка по ДЗО/Заголовок дашборда"), 30): Scroll to object 'Object Repository/Выручка по ДЗО/Заголовок дашборда' successfully

11-03-2025T03:49:11 - [MESSAGE][PASSED] - Scroll to object 'Object Repository/Выручка по ДЗО/Заголовок дашборда' successfully

11-03-2025T03:49:11 - [TEST_STEP][PASSED] - click(findTestObject("Выручка по ДЗО/Применить в фильтре ДЗО")): Object: 'Object Repository/Выручка по ДЗО/Применить в фильтре ДЗО' is clicked on

11-03-2025T03:49:12 - [MESSAGE][PASSED] - Object: 'Object Repository/Выручка по ДЗО/Применить в фильтре ДЗО' is clicked on

11-03-2025T03:49:12 - [TEST_STEP][PASSED] - Script1687405711779.Tumbler(todaysDate): null

11-03-2025T03:49:12 - [TEST_STEP][PASSED] - Script1687405711779.Test(todaysDate): null

11-03-2025T03:49:12 - [TEST_STEP][PASSED] - delay(10): Delayed 10 second(s)

11-03-2025T03:49:22 - [MESSAGE][PASSED] - Delayed 10 second(s)

11-03-2025T03:49:22 - [TEST_STEP][PASSED] - if (verifyTextNotPresent("нет данных", false) == true): null

11-03-2025T03:49:22 - [MESSAGE][PASSED] - Text 'нет данных' is not present on page

11-03-2025T03:49:22 - [TEST_STEP][PASSED] - if (verifyTextNotPresent("Ошибка запроса данных", false) == true): null

11-03-2025T03:49:23 - [MESSAGE][PASSED] - Text 'Ошибка запроса данных' is not present on page

11-03-2025T03:49:23 - [TEST_STEP][PASSED] - if (verifyTextNotPresent("Произошла ошибка при выполнении пользовательского кода", false) == true): null

11-03-2025T03:49:23 - [MESSAGE][PASSED] - Text 'Произошла ошибка при выполнении пользовательского кода' is not present on page

11-03-2025T03:49:23 - [TEST_STEP][PASSED] - if (verifyTextNotPresent("У виджета нет данных", false) == true): null

11-03-2025T03:49:24 - [MESSAGE][PASSED] - Text 'У виджета нет данных' is not present on page

11-03-2025T03:49:24 - [TEST_STEP][PASSED] - if (verifyTextNotPresent("У виджета нет данных", false) == true): Text 'У виджета нет данных' is not present on page

11-03-2025T03:49:24 - [MESSAGE][PASSED] - Text 'У виджета нет данных' is not present on page

11-03-2025T03:49:24 - [TEST_STEP][PASSED] - click(findTestObject("Выручка по ДЗО/Фильтр Выручка")): Object: 'Object Repository/Выручка по ДЗО/Фильтр Выручка' is clicked on

11-03-2025T03:49:24 - [MESSAGE][PASSED] - Object: 'Object Repository/Выручка по ДЗО/Фильтр Выручка' is clicked on

11-03-2025T03:49:24 - [TEST_STEP][PASSED] - click(findTestObject("Выручка по ДЗО/Внутренний оборот в фильтре Выручка")): Object: 'Object Repository/Выручка по ДЗО/Внутренний оборот в фильтре Выручка' is clicked on

11-03-2025T03:49:25 - [MESSAGE][PASSED] - Object: 'Object Repository/Выручка по ДЗО/Внутренний оборот в фильтре Выручка' is clicked on

11-03-2025T03:49:25 - [TEST_STEP][PASSED] - click(findTestObject("Выручка по ДЗО/Применить в фильтре Выручка")): Object: 'Object Repository/Выручка по ДЗО/Применить в фильтре Выручка' is clicked on

11-03-2025T03:49:26 - [MESSAGE][PASSED] - Object: 'Object Repository/Выручка по ДЗО/Применить в фильтре Выручка' is clicked on

11-03-2025T03:49:26 - [TEST_STEP][PASSED] - Script1687405711779.Test(todaysDate): null

11-03-2025T03:49:26 - [TEST_STEP][PASSED] - delay(10): Delayed 10 second(s)

11-03-2025T03:49:36 - [MESSAGE][PASSED] - Delayed 10 second(s)

11-03-2025T03:49:36 - [TEST_STEP][FAILED] - if (verifyTextNotPresent("нет данных", false) == true): Text 'нет данных' is present on page  (Root cause: com.kms.katalon.core.exception.StepFailedException: Text 'нет данных' is present on page 
	at com.kms.katalon.core.webui.keyword.internal.WebUIKeywordMain.stepFailed(WebUIKeywordMain.groovy:64)
	at com.kms.katalon.core.webui.keyword.builtin.VerifyTextNotPresentKeyword$_verifyTextNotPresent_closure1.doCall(VerifyTextNotPresentKeyword.groovy:77)
	at com.kms.katalon.core.webui.keyword.builtin.VerifyTextNotPresentKeyword$_verifyTextNotPresent_closure1.call(VerifyTextNotPresentKeyword.groovy)
	at com.kms.katalon.core.webui.keyword.internal.WebUIKeywordMain.runKeyword(WebUIKeywordMain.groovy:20)
	at com.kms.katalon.core.webui.keyword.builtin.VerifyTextNotPresentKeyword.verifyTextNotPresent(VerifyTextNotPresentKeyword.groovy:82)
	at com.kms.katalon.core.webui.keyword.builtin.VerifyTextNotPresentKeyword.execute(VerifyTextNotPresentKeyword.groovy:68)
	at com.kms.katalon.core.keyword.internal.KeywordExecutor.executeKeywordForPlatform(KeywordExecutor.groovy:74)
	at com.kms.katalon.core.webui.keyword.WebUiBuiltInKeywords.verifyTextNotPresent(WebUiBuiltInKeywords.groovy:1795)
	at Выручка по ДЗО отображение данных все филиалы.Test(Выручка по ДЗО отображение данных все филиалы:772)
	at Выручка по ДЗО отображение данных все филиалы.Tumbler(Выручка по ДЗО отображение данных все филиалы:726)
	at Выручка по ДЗО отображение данных все филиалы.Change(Выручка по ДЗО отображение данных все филиалы:760)
	at Выручка по ДЗО отображение данных все филиалы.DzoTest(Выручка по ДЗО отображение данных все филиалы:610)
	at Выручка по ДЗО отображение данных все филиалы.run(Выручка по ДЗО отображение данных все филиалы:122)
	at com.kms.katalon.core.main.ScriptEngine.run(ScriptEngine.java:194)
	at com.kms.katalon.core.main.ScriptEngine.runScriptAsRawText(ScriptEngine.java:119)
	at com.kms.katalon.core.main.TestCaseExecutor.runScript(TestCaseExecutor.java:448)
	at com.kms.katalon.core.main.TestCaseExecutor.doExecute(TestCaseExecutor.java:439)
	at com.kms.katalon.core.main.TestCaseExecutor.processExecutionPhase(TestCaseExecutor.java:418)
	at com.kms.katalon.core.main.TestCaseExecutor.accessMainPhase(TestCaseExecutor.java:410)
	at com.kms.katalon.core.main.TestCaseExecutor.execute(TestCaseExecutor.java:285)
	at com.kms.katalon.core.common.CommonExecutor.accessTestCaseMainPhase(CommonExecutor.java:65)
	at com.kms.katalon.core.main.TestSuiteExecutor.accessTestSuiteMainPhase(TestSuiteExecutor.java:150)
	at com.kms.katalon.core.main.TestSuiteExecutor.execute(TestSuiteExecutor.java:106)
	at com.kms.katalon.core.main.TestCaseMain.startTestSuite(TestCaseMain.java:180)
	at TempTestSuite1741649958618.run(TempTestSuite1741649958618.groovy:35)
	at java.base/jdk.internal.reflect.NativeMethodAccessorImpl.invoke0(Native Method)
	at java.base/jdk.internal.reflect.NativeMethodAccessorImpl.invoke(NativeMethodAccessorImpl.java:77)
	at java.base/jdk.internal.reflect.DelegatingMethodAccessorImpl.invoke(DelegatingMethodAccessorImpl.java:43)
)

11-03-2025T03:49:36 - [MESSAGE][FAILED] - Text 'нет данных' is present on page  (Root cause: com.kms.katalon.core.exception.StepFailedException: Text 'нет данных' is present on page 
	at com.kms.katalon.core.webui.keyword.internal.WebUIKeywordMain.stepFailed(WebUIKeywordMain.groovy:64)
	at com.kms.katalon.core.webui.keyword.builtin.VerifyTextNotPresentKeyword$_verifyTextNotPresent_closure1.doCall(VerifyTextNotPresentKeyword.groovy:77)
	at com.kms.katalon.core.webui.keyword.builtin.VerifyTextNotPresentKeyword$_verifyTextNotPresent_closure1.call(VerifyTextNotPresentKeyword.groovy)
	at com.kms.katalon.core.webui.keyword.internal.WebUIKeywordMain.runKeyword(WebUIKeywordMain.groovy:20)
	at com.kms.katalon.core.webui.keyword.builtin.VerifyTextNotPresentKeyword.verifyTextNotPresent(VerifyTextNotPresentKeyword.groovy:82)
	at com.kms.katalon.core.webui.keyword.builtin.VerifyTextNotPresentKeyword.execute(VerifyTextNotPresentKeyword.groovy:68)
	at com.kms.katalon.core.keyword.internal.KeywordExecutor.executeKeywordForPlatform(KeywordExecutor.groovy:74)
	at com.kms.katalon.core.webui.keyword.WebUiBuiltInKeywords.verifyTextNotPresent(WebUiBuiltInKeywords.groovy:1795)
	at Выручка по ДЗО отображение данных все филиалы.Test(Выручка по ДЗО отображение данных все филиалы:772)
	at Выручка по ДЗО отображение данных все филиалы.Tumbler(Выручка по ДЗО отображение данных все филиалы:726)
	at Выручка по ДЗО отображение данных все филиалы.Change(Выручка по ДЗО отображение данных все филиалы:760)
	at Выручка по ДЗО отображение данных все филиалы.DzoTest(Выручка по ДЗО отображение данных все филиалы:610)
	at Выручка по ДЗО отображение данных все филиалы.run(Выручка по ДЗО отображение данных все филиалы:122)
	at com.kms.katalon.core.main.ScriptEngine.run(ScriptEngine.java:194)
	at com.kms.katalon.core.main.ScriptEngine.runScriptAsRawText(ScriptEngine.java:119)
	at com.kms.katalon.core.main.TestCaseExecutor.runScript(TestCaseExecutor.java:448)
	at com.kms.katalon.core.main.TestCaseExecutor.doExecute(TestCaseExecutor.java:439)
	at com.kms.katalon.core.main.TestCaseExecutor.processExecutionPhase(TestCaseExecutor.java:418)
	at com.kms.katalon.core.main.TestCaseExecutor.accessMainPhase(TestCaseExecutor.java:410)
	at com.kms.katalon.core.main.TestCaseExecutor.execute(TestCaseExecutor.java:285)
	at com.kms.katalon.core.common.CommonExecutor.accessTestCaseMainPhase(CommonExecutor.java:65)
	at com.kms.katalon.core.main.TestSuiteExecutor.accessTestSuiteMainPhase(TestSuiteExecutor.java:150)
	at com.kms.katalon.core.main.TestSuiteExecutor.execute(TestSuiteExecutor.java:106)
	at com.kms.katalon.core.main.TestCaseMain.startTestSuite(TestCaseMain.java:180)
	at TempTestSuite1741649958618.run(TempTestSuite1741649958618.groovy:35)
	at java.base/jdk.internal.reflect.NativeMethodAccessorImpl.invoke0(Native Method)
	at java.base/jdk.internal.reflect.NativeMethodAccessorImpl.invoke(NativeMethodAccessorImpl.java:77)
	at java.base/jdk.internal.reflect.DelegatingMethodAccessorImpl.invoke(DelegatingMethodAccessorImpl.java:43)
)

11-03-2025T03:49:36 - [TEST_STEP][PASSED] - else: null

11-03-2025T03:49:36 - [TEST_STEP][PASSED] - Script1687405711779.WriteToExcel(todaysDate): null

11-03-2025T03:49:36 - [TEST_STEP][PASSED] - sheetName = "Sheet1": null

11-03-2025T03:49:36 - [TEST_STEP][PASSED] - data = findTestData("PlanFact"): null

11-03-2025T03:49:36 - [TEST_STEP][PASSED] - n = data.getRowNumbers() + 1: null

11-03-2025T03:49:36 - [TEST_STEP][PASSED] - dZO = getText(findTestObject("Выручка по ДЗО/Фильтр ДЗО")): Text of object 'Object Repository/Выручка по ДЗО/Фильтр ДЗО' is: 'ПАО Россети - РаспредКомплекс - Россети Центр и Приволжье (ГК) - Ивэнерго'

11-03-2025T03:49:36 - [MESSAGE][PASSED] - Text of object 'Object Repository/Выручка по ДЗО/Фильтр ДЗО' is: 'ПАО Россети - РаспредКомплекс - Россети Центр и Приволжье (ГК) - Ивэнерго'

11-03-2025T03:49:36 - [TEST_STEP][PASSED] - period = getText(findTestObject("Выручка по ДЗО/Фильтр Дата")): Text of object 'Object Repository/Выручка по ДЗО/Фильтр Дата' is: 'Январь 2025 года'

11-03-2025T03:49:37 - [MESSAGE][PASSED] - Text of object 'Object Repository/Выручка по ДЗО/Фильтр Дата' is: 'Январь 2025 года'

11-03-2025T03:49:37 - [TEST_STEP][PASSED] - viruchka = getText(findTestObject("Выручка по ДЗО/Фильтр Выручка")): Text of object 'Object Repository/Выручка по ДЗО/Фильтр Выручка' is: 'внутренний оборот'

11-03-2025T03:49:37 - [MESSAGE][PASSED] - Text of object 'Object Repository/Выручка по ДЗО/Фильтр Выручка' is: 'внутренний оборот'

11-03-2025T03:49:37 - [TEST_STEP][PASSED] - if (viruchka == "Выбрано: 2"): null

11-03-2025T03:49:37 - [TEST_STEP][PASSED] - if (viruchka == "Все"): null

11-03-2025T03:49:37 - [TEST_STEP][PASSED] - println(period): null

11-03-2025T03:49:37 - [TEST_STEP][PASSED] - dashboardName = "Выручка по ДЗО": null

11-03-2025T03:49:37 - [TEST_STEP][PASSED] - workbook01 = getWorkbook(excelFilePath): null

11-03-2025T03:49:37 - [TEST_STEP][PASSED] - sheet01 = getExcelSheet(workbook01, sheetName): null

11-03-2025T03:49:37 - [TEST_STEP][PASSED] - setValueToCellByIndex(sheet01, n, 0, dashboardName): null

11-03-2025T03:49:37 - [TEST_STEP][PASSED] - setValueToCellByIndex(sheet01, n, 1, dZO): null

11-03-2025T03:49:37 - [TEST_STEP][PASSED] - setValueToCellByIndex(sheet01, n, 2, period): null

11-03-2025T03:49:37 - [TEST_STEP][PASSED] - setValueToCellByIndex(sheet01, n, 3, viruchka): null

11-03-2025T03:49:37 - [TEST_STEP][PASSED] - setValueToCellByIndex(sheet01, n, 4, todaysDate): null

11-03-2025T03:49:37 - [TEST_STEP][PASSED] - n = n + 1: null

11-03-2025T03:49:37 - [TEST_STEP][PASSED] - saveWorkbook(excelFilePath, workbook01): null

11-03-2025T03:49:37 - [TEST_STEP][PASSED] - click(findTestObject("Выручка по ДЗО/Фильтр Выручка")): Object: 'Object Repository/Выручка по ДЗО/Фильтр Выручка' is clicked on

11-03-2025T03:49:38 - [MESSAGE][PASSED] - Object: 'Object Repository/Выручка по ДЗО/Фильтр Выручка' is clicked on

11-03-2025T03:49:38 - [TEST_STEP][PASSED] - click(findTestObject("Выручка по ДЗО/По передаче в фильтре Выручка")): Object: 'Object Repository/Выручка по ДЗО/По передаче в фильтре Выручка' is clicked on

11-03-2025T03:49:38 - [MESSAGE][PASSED] - Object: 'Object Repository/Выручка по ДЗО/По передаче в фильтре Выручка' is clicked on

11-03-2025T03:49:38 - [TEST_STEP][PASSED] - click(findTestObject("Выручка по ДЗО/Применить в фильтре Выручка")): Object: 'Object Repository/Выручка по ДЗО/Применить в фильтре Выручка' is clicked on

11-03-2025T03:49:39 - [MESSAGE][PASSED] - Object: 'Object Repository/Выручка по ДЗО/Применить в фильтре Выручка' is clicked on

11-03-2025T03:49:39 - [TEST_STEP][PASSED] - Script1687405711779.Test(todaysDate): null

11-03-2025T03:49:39 - [TEST_STEP][PASSED] - delay(10): Delayed 10 second(s)

11-03-2025T03:49:49 - [MESSAGE][PASSED] - Delayed 10 second(s)

11-03-2025T03:49:49 - [TEST_STEP][PASSED] - if (verifyTextNotPresent("нет данных", false) == true): null

11-03-2025T03:49:49 - [MESSAGE][PASSED] - Text 'нет данных' is not present on page

11-03-2025T03:49:49 - [TEST_STEP][PASSED] - if (verifyTextNotPresent("Ошибка запроса данных", false) == true): null

11-03-2025T03:49:50 - [MESSAGE][PASSED] - Text 'Ошибка запроса данных' is not present on page

11-03-2025T03:49:50 - [TEST_STEP][PASSED] - if (verifyTextNotPresent("Произошла ошибка при выполнении пользовательского кода", false) == true): null

11-03-2025T03:49:50 - [MESSAGE][PASSED] - Text 'Произошла ошибка при выполнении пользовательского кода' is not present on page

11-03-2025T03:49:50 - [TEST_STEP][PASSED] - if (verifyTextNotPresent("У виджета нет данных", false) == true): null

11-03-2025T03:49:51 - [MESSAGE][PASSED] - Text 'У виджета нет данных' is not present on page

11-03-2025T03:49:51 - [TEST_STEP][PASSED] - if (verifyTextNotPresent("У виджета нет данных", false) == true): Text 'У виджета нет данных' is not present on page

11-03-2025T03:49:51 - [MESSAGE][PASSED] - Text 'У виджета нет данных' is not present on page

11-03-2025T03:49:51 - [TEST_STEP][PASSED] - click(findTestObject("Выручка по ДЗО/Фильтр Выручка")): Object: 'Object Repository/Выручка по ДЗО/Фильтр Выручка' is clicked on

11-03-2025T03:49:52 - [MESSAGE][PASSED] - Object: 'Object Repository/Выручка по ДЗО/Фильтр Выручка' is clicked on

11-03-2025T03:49:52 - [TEST_STEP][PASSED] - click(findTestObject("Выручка по ДЗО/Снять выделение в фильтре Выручка")): Object: 'Object Repository/Выручка по ДЗО/Снять выделение в фильтре Выручка' is clicked on

11-03-2025T03:49:52 - [MESSAGE][PASSED] - Object: 'Object Repository/Выручка по ДЗО/Снять выделение в фильтре Выручка' is clicked on

11-03-2025T03:49:52 - [TEST_STEP][PASSED] - click(findTestObject("Выручка по ДЗО/По передаче в фильтре Выручка")): Object: 'Object Repository/Выручка по ДЗО/По передаче в фильтре Выручка' is clicked on

11-03-2025T03:49:52 - [MESSAGE][PASSED] - Object: 'Object Repository/Выручка по ДЗО/По передаче в фильтре Выручка' is clicked on

11-03-2025T03:49:52 - [TEST_STEP][PASSED] - click(findTestObject("Выручка по ДЗО/Применить в фильтре Выручка")): Object: 'Object Repository/Выручка по ДЗО/Применить в фильтре Выручка' is clicked on

11-03-2025T03:49:53 - [MESSAGE][PASSED] - Object: 'Object Repository/Выручка по ДЗО/Применить в фильтре Выручка' is clicked on

11-03-2025T03:49:53 - [TEST_STEP][PASSED] - Script1687405711779.Test(todaysDate): null

11-03-2025T03:49:53 - [TEST_STEP][PASSED] - delay(10): Delayed 10 second(s)

11-03-2025T03:50:03 - [MESSAGE][PASSED] - Delayed 10 second(s)

11-03-2025T03:50:03 - [TEST_STEP][PASSED] - if (verifyTextNotPresent("нет данных", false) == true): null

11-03-2025T03:50:04 - [MESSAGE][PASSED] - Text 'нет данных' is not present on page

11-03-2025T03:50:04 - [TEST_STEP][PASSED] - if (verifyTextNotPresent("Ошибка запроса данных", false) == true): null

11-03-2025T03:50:04 - [MESSAGE][PASSED] - Text 'Ошибка запроса данных' is not present on page

11-03-2025T03:50:04 - [TEST_STEP][PASSED] - if (verifyTextNotPresent("Произошла ошибка при выполнении пользовательского кода", false) == true): null

11-03-2025T03:50:05 - [MESSAGE][PASSED] - Text 'Произошла ошибка при выполнении пользовательского кода' is not present on page

11-03-2025T03:50:05 - [TEST_STEP][PASSED] - if (verifyTextNotPresent("У виджета нет данных", false) == true): null

11-03-2025T03:50:05 - [MESSAGE][PASSED] - Text 'У виджета нет данных' is not present on page

11-03-2025T03:50:05 - [TEST_STEP][PASSED] - if (verifyTextNotPresent("У виджета нет данных", false) == true): Text 'У виджета нет данных' is not present on page

11-03-2025T03:50:06 - [MESSAGE][PASSED] - Text 'У виджета нет данных' is not present on page

11-03-2025T03:50:06 - [TEST_STEP][PASSED] - click(findTestObject("Выручка по ДЗО/Фильтр Выручка")): Object: 'Object Repository/Выручка по ДЗО/Фильтр Выручка' is clicked on

11-03-2025T03:50:06 - [MESSAGE][PASSED] - Object: 'Object Repository/Выручка по ДЗО/Фильтр Выручка' is clicked on

11-03-2025T03:50:06 - [TEST_STEP][PASSED] - click(findTestObject("Выручка по ДЗО/Снять выделение в фильтре Выручка")): Object: 'Object Repository/Выручка по ДЗО/Снять выделение в фильтре Выручка' is clicked on

11-03-2025T03:50:06 - [MESSAGE][PASSED] - Object: 'Object Repository/Выручка по ДЗО/Снять выделение в фильтре Выручка' is clicked on

11-03-2025T03:50:06 - [TEST_STEP][PASSED] - click(findTestObject("Выручка по ДЗО/Применить в фильтре Выручка")): Object: 'Object Repository/Выручка по ДЗО/Применить в фильтре Выручка' is clicked on

11-03-2025T03:50:07 - [MESSAGE][PASSED] - Object: 'Object Repository/Выручка по ДЗО/Применить в фильтре Выручка' is clicked on

11-03-2025T03:50:07 - [TEST_STEP][PASSED] - click(findTestObject("Выручка по ДЗО/Фильтр ДЗО")): Object: 'Object Repository/Выручка по ДЗО/Фильтр ДЗО' is clicked on

11-03-2025T03:50:08 - [MESSAGE][PASSED] - Object: 'Object Repository/Выручка по ДЗО/Фильтр ДЗО' is clicked on

11-03-2025T03:50:08 - [TEST_STEP][PASSED] - click(findTestObject("Выручка по ДЗО/Снять выделение в фильтре ДЗО")): Object: 'Object Repository/Выручка по ДЗО/Снять выделение в фильтре ДЗО' is clicked on

11-03-2025T03:50:09 - [MESSAGE][PASSED] - Object: 'Object Repository/Выручка по ДЗО/Снять выделение в фильтре ДЗО' is clicked on

11-03-2025T03:50:09 - [TEST_STEP][PASSED] - scrollToElement(findTestObject("Общие объекты/Калугаэнерго"), 30): Scroll to object 'Object Repository/Общие объекты/Калугаэнерго' successfully

11-03-2025T03:50:09 - [MESSAGE][PASSED] - Scroll to object 'Object Repository/Общие объекты/Калугаэнерго' successfully

11-03-2025T03:50:09 - [TEST_STEP][PASSED] - click(findTestObject("Общие объекты/Калугаэнерго"), CONTINUE_ON_FAILURE): Object: 'Object Repository/Общие объекты/Калугаэнерго' is clicked on

11-03-2025T03:50:09 - [MESSAGE][PASSED] - Object: 'Object Repository/Общие объекты/Калугаэнерго' is clicked on

11-03-2025T03:50:09 - [TEST_STEP][PASSED] - Script1687405711779.Change(todaysDate): null

11-03-2025T03:50:09 - [TEST_STEP][PASSED] - scrollToElement(findTestObject("Выручка по ДЗО/Заголовок дашборда"), 30): Scroll to object 'Object Repository/Выручка по ДЗО/Заголовок дашборда' successfully

11-03-2025T03:50:10 - [MESSAGE][PASSED] - Scroll to object 'Object Repository/Выручка по ДЗО/Заголовок дашборда' successfully

11-03-2025T03:50:10 - [TEST_STEP][PASSED] - click(findTestObject("Выручка по ДЗО/Применить в фильтре ДЗО")): Object: 'Object Repository/Выручка по ДЗО/Применить в фильтре ДЗО' is clicked on

11-03-2025T03:50:10 - [MESSAGE][PASSED] - Object: 'Object Repository/Выручка по ДЗО/Применить в фильтре ДЗО' is clicked on

11-03-2025T03:50:10 - [TEST_STEP][PASSED] - Script1687405711779.Tumbler(todaysDate): null

11-03-2025T03:50:10 - [TEST_STEP][PASSED] - Script1687405711779.Test(todaysDate): null

11-03-2025T03:50:10 - [TEST_STEP][PASSED] - delay(10): Delayed 10 second(s)

11-03-2025T03:50:20 - [MESSAGE][PASSED] - Delayed 10 second(s)

11-03-2025T03:50:20 - [TEST_STEP][PASSED] - if (verifyTextNotPresent("нет данных", false) == true): null

11-03-2025T03:50:21 - [MESSAGE][PASSED] - Text 'нет данных' is not present on page

11-03-2025T03:50:21 - [TEST_STEP][PASSED] - if (verifyTextNotPresent("Ошибка запроса данных", false) == true): null

11-03-2025T03:50:21 - [MESSAGE][PASSED] - Text 'Ошибка запроса данных' is not present on page

11-03-2025T03:50:21 - [TEST_STEP][PASSED] - if (verifyTextNotPresent("Произошла ошибка при выполнении пользовательского кода", false) == true): null

11-03-2025T03:50:22 - [MESSAGE][PASSED] - Text 'Произошла ошибка при выполнении пользовательского кода' is not present on page

11-03-2025T03:50:22 - [TEST_STEP][PASSED] - if (verifyTextNotPresent("У виджета нет данных", false) == true): null

11-03-2025T03:50:22 - [MESSAGE][PASSED] - Text 'У виджета нет данных' is not present on page

11-03-2025T03:50:22 - [TEST_STEP][PASSED] - if (verifyTextNotPresent("У виджета нет данных", false) == true): Text 'У виджета нет данных' is not present on page

11-03-2025T03:50:23 - [MESSAGE][PASSED] - Text 'У виджета нет данных' is not present on page

11-03-2025T03:50:23 - [TEST_STEP][PASSED] - click(findTestObject("Выручка по ДЗО/Фильтр Выручка")): Object: 'Object Repository/Выручка по ДЗО/Фильтр Выручка' is clicked on

11-03-2025T03:50:23 - [MESSAGE][PASSED] - Object: 'Object Repository/Выручка по ДЗО/Фильтр Выручка' is clicked on

11-03-2025T03:50:23 - [TEST_STEP][PASSED] - click(findTestObject("Выручка по ДЗО/Внутренний оборот в фильтре Выручка")): Object: 'Object Repository/Выручка по ДЗО/Внутренний оборот в фильтре Выручка' is clicked on

11-03-2025T03:50:23 - [MESSAGE][PASSED] - Object: 'Object Repository/Выручка по ДЗО/Внутренний оборот в фильтре Выручка' is clicked on

11-03-2025T03:50:23 - [TEST_STEP][PASSED] - click(findTestObject("Выручка по ДЗО/Применить в фильтре Выручка")): Object: 'Object Repository/Выручка по ДЗО/Применить в фильтре Выручка' is clicked on

11-03-2025T03:50:24 - [MESSAGE][PASSED] - Object: 'Object Repository/Выручка по ДЗО/Применить в фильтре Выручка' is clicked on

11-03-2025T03:50:24 - [TEST_STEP][PASSED] - Script1687405711779.Test(todaysDate): null

11-03-2025T03:50:24 - [TEST_STEP][PASSED] - delay(10): Delayed 10 second(s)

11-03-2025T03:50:34 - [MESSAGE][PASSED] - Delayed 10 second(s)

11-03-2025T03:50:34 - [TEST_STEP][FAILED] - if (verifyTextNotPresent("нет данных", false) == true): Text 'нет данных' is present on page  (Root cause: com.kms.katalon.core.exception.StepFailedException: Text 'нет данных' is present on page 
	at com.kms.katalon.core.webui.keyword.internal.WebUIKeywordMain.stepFailed(WebUIKeywordMain.groovy:64)
	at com.kms.katalon.core.webui.keyword.builtin.VerifyTextNotPresentKeyword$_verifyTextNotPresent_closure1.doCall(VerifyTextNotPresentKeyword.groovy:77)
	at com.kms.katalon.core.webui.keyword.builtin.VerifyTextNotPresentKeyword$_verifyTextNotPresent_closure1.call(VerifyTextNotPresentKeyword.groovy)
	at com.kms.katalon.core.webui.keyword.internal.WebUIKeywordMain.runKeyword(WebUIKeywordMain.groovy:20)
	at com.kms.katalon.core.webui.keyword.builtin.VerifyTextNotPresentKeyword.verifyTextNotPresent(VerifyTextNotPresentKeyword.groovy:82)
	at com.kms.katalon.core.webui.keyword.builtin.VerifyTextNotPresentKeyword.execute(VerifyTextNotPresentKeyword.groovy:68)
	at com.kms.katalon.core.keyword.internal.KeywordExecutor.executeKeywordForPlatform(KeywordExecutor.groovy:74)
	at com.kms.katalon.core.webui.keyword.WebUiBuiltInKeywords.verifyTextNotPresent(WebUiBuiltInKeywords.groovy:1795)
	at Выручка по ДЗО отображение данных все филиалы.Test(Выручка по ДЗО отображение данных все филиалы:772)
	at Выручка по ДЗО отображение данных все филиалы.Tumbler(Выручка по ДЗО отображение данных все филиалы:726)
	at Выручка по ДЗО отображение данных все филиалы.Change(Выручка по ДЗО отображение данных все филиалы:760)
	at Выручка по ДЗО отображение данных все филиалы.DzoTest(Выручка по ДЗО отображение данных все филиалы:616)
	at Выручка по ДЗО отображение данных все филиалы.run(Выручка по ДЗО отображение данных все филиалы:122)
	at com.kms.katalon.core.main.ScriptEngine.run(ScriptEngine.java:194)
	at com.kms.katalon.core.main.ScriptEngine.runScriptAsRawText(ScriptEngine.java:119)
	at com.kms.katalon.core.main.TestCaseExecutor.runScript(TestCaseExecutor.java:448)
	at com.kms.katalon.core.main.TestCaseExecutor.doExecute(TestCaseExecutor.java:439)
	at com.kms.katalon.core.main.TestCaseExecutor.processExecutionPhase(TestCaseExecutor.java:418)
	at com.kms.katalon.core.main.TestCaseExecutor.accessMainPhase(TestCaseExecutor.java:410)
	at com.kms.katalon.core.main.TestCaseExecutor.execute(TestCaseExecutor.java:285)
	at com.kms.katalon.core.common.CommonExecutor.accessTestCaseMainPhase(CommonExecutor.java:65)
	at com.kms.katalon.core.main.TestSuiteExecutor.accessTestSuiteMainPhase(TestSuiteExecutor.java:150)
	at com.kms.katalon.core.main.TestSuiteExecutor.execute(TestSuiteExecutor.java:106)
	at com.kms.katalon.core.main.TestCaseMain.startTestSuite(TestCaseMain.java:180)
	at TempTestSuite1741649958618.run(TempTestSuite1741649958618.groovy:35)
	at java.base/jdk.internal.reflect.NativeMethodAccessorImpl.invoke0(Native Method)
	at java.base/jdk.internal.reflect.NativeMethodAccessorImpl.invoke(NativeMethodAccessorImpl.java:77)
	at java.base/jdk.internal.reflect.DelegatingMethodAccessorImpl.invoke(DelegatingMethodAccessorImpl.java:43)
)

11-03-2025T03:50:35 - [MESSAGE][FAILED] - Text 'нет данных' is present on page  (Root cause: com.kms.katalon.core.exception.StepFailedException: Text 'нет данных' is present on page 
	at com.kms.katalon.core.webui.keyword.internal.WebUIKeywordMain.stepFailed(WebUIKeywordMain.groovy:64)
	at com.kms.katalon.core.webui.keyword.builtin.VerifyTextNotPresentKeyword$_verifyTextNotPresent_closure1.doCall(VerifyTextNotPresentKeyword.groovy:77)
	at com.kms.katalon.core.webui.keyword.builtin.VerifyTextNotPresentKeyword$_verifyTextNotPresent_closure1.call(VerifyTextNotPresentKeyword.groovy)
	at com.kms.katalon.core.webui.keyword.internal.WebUIKeywordMain.runKeyword(WebUIKeywordMain.groovy:20)
	at com.kms.katalon.core.webui.keyword.builtin.VerifyTextNotPresentKeyword.verifyTextNotPresent(VerifyTextNotPresentKeyword.groovy:82)
	at com.kms.katalon.core.webui.keyword.builtin.VerifyTextNotPresentKeyword.execute(VerifyTextNotPresentKeyword.groovy:68)
	at com.kms.katalon.core.keyword.internal.KeywordExecutor.executeKeywordForPlatform(KeywordExecutor.groovy:74)
	at com.kms.katalon.core.webui.keyword.WebUiBuiltInKeywords.verifyTextNotPresent(WebUiBuiltInKeywords.groovy:1795)
	at Выручка по ДЗО отображение данных все филиалы.Test(Выручка по ДЗО отображение данных все филиалы:772)
	at Выручка по ДЗО отображение данных все филиалы.Tumbler(Выручка по ДЗО отображение данных все филиалы:726)
	at Выручка по ДЗО отображение данных все филиалы.Change(Выручка по ДЗО отображение данных все филиалы:760)
	at Выручка по ДЗО отображение данных все филиалы.DzoTest(Выручка по ДЗО отображение данных все филиалы:616)
	at Выручка по ДЗО отображение данных все филиалы.run(Выручка по ДЗО отображение данных все филиалы:122)
	at com.kms.katalon.core.main.ScriptEngine.run(ScriptEngine.java:194)
	at com.kms.katalon.core.main.ScriptEngine.runScriptAsRawText(ScriptEngine.java:119)
	at com.kms.katalon.core.main.TestCaseExecutor.runScript(TestCaseExecutor.java:448)
	at com.kms.katalon.core.main.TestCaseExecutor.doExecute(TestCaseExecutor.java:439)
	at com.kms.katalon.core.main.TestCaseExecutor.processExecutionPhase(TestCaseExecutor.java:418)
	at com.kms.katalon.core.main.TestCaseExecutor.accessMainPhase(TestCaseExecutor.java:410)
	at com.kms.katalon.core.main.TestCaseExecutor.execute(TestCaseExecutor.java:285)
	at com.kms.katalon.core.common.CommonExecutor.accessTestCaseMainPhase(CommonExecutor.java:65)
	at com.kms.katalon.core.main.TestSuiteExecutor.accessTestSuiteMainPhase(TestSuiteExecutor.java:150)
	at com.kms.katalon.core.main.TestSuiteExecutor.execute(TestSuiteExecutor.java:106)
	at com.kms.katalon.core.main.TestCaseMain.startTestSuite(TestCaseMain.java:180)
	at TempTestSuite1741649958618.run(TempTestSuite1741649958618.groovy:35)
	at java.base/jdk.internal.reflect.NativeMethodAccessorImpl.invoke0(Native Method)
	at java.base/jdk.internal.reflect.NativeMethodAccessorImpl.invoke(NativeMethodAccessorImpl.java:77)
	at java.base/jdk.internal.reflect.DelegatingMethodAccessorImpl.invoke(DelegatingMethodAccessorImpl.java:43)
)

11-03-2025T03:50:35 - [TEST_STEP][PASSED] - else: null

11-03-2025T03:50:35 - [TEST_STEP][PASSED] - Script1687405711779.WriteToExcel(todaysDate): null

11-03-2025T03:50:35 - [TEST_STEP][PASSED] - sheetName = "Sheet1": null

11-03-2025T03:50:35 - [TEST_STEP][PASSED] - data = findTestData("PlanFact"): null

11-03-2025T03:50:35 - [TEST_STEP][PASSED] - n = data.getRowNumbers() + 1: null

11-03-2025T03:50:35 - [TEST_STEP][PASSED] - dZO = getText(findTestObject("Выручка по ДЗО/Фильтр ДЗО")): Text of object 'Object Repository/Выручка по ДЗО/Фильтр ДЗО' is: 'ПАО Россети - РаспредКомплекс - Россети Центр и Приволжье (ГК) - Калугаэнерго'

11-03-2025T03:50:35 - [MESSAGE][PASSED] - Text of object 'Object Repository/Выручка по ДЗО/Фильтр ДЗО' is: 'ПАО Россети - РаспредКомплекс - Россети Центр и Приволжье (ГК) - Калугаэнерго'

11-03-2025T03:50:35 - [TEST_STEP][PASSED] - period = getText(findTestObject("Выручка по ДЗО/Фильтр Дата")): Text of object 'Object Repository/Выручка по ДЗО/Фильтр Дата' is: 'Январь 2025 года'

11-03-2025T03:50:35 - [MESSAGE][PASSED] - Text of object 'Object Repository/Выручка по ДЗО/Фильтр Дата' is: 'Январь 2025 года'

11-03-2025T03:50:35 - [TEST_STEP][PASSED] - viruchka = getText(findTestObject("Выручка по ДЗО/Фильтр Выручка")): Text of object 'Object Repository/Выручка по ДЗО/Фильтр Выручка' is: 'внутренний оборот'

11-03-2025T03:50:36 - [MESSAGE][PASSED] - Text of object 'Object Repository/Выручка по ДЗО/Фильтр Выручка' is: 'внутренний оборот'

11-03-2025T03:50:36 - [TEST_STEP][PASSED] - if (viruchka == "Выбрано: 2"): null

11-03-2025T03:50:36 - [TEST_STEP][PASSED] - if (viruchka == "Все"): null

11-03-2025T03:50:36 - [TEST_STEP][PASSED] - println(period): null

11-03-2025T03:50:36 - [TEST_STEP][PASSED] - dashboardName = "Выручка по ДЗО": null

11-03-2025T03:50:36 - [TEST_STEP][PASSED] - workbook01 = getWorkbook(excelFilePath): null

11-03-2025T03:50:36 - [TEST_STEP][PASSED] - sheet01 = getExcelSheet(workbook01, sheetName): null

11-03-2025T03:50:36 - [TEST_STEP][PASSED] - setValueToCellByIndex(sheet01, n, 0, dashboardName): null

11-03-2025T03:50:36 - [TEST_STEP][PASSED] - setValueToCellByIndex(sheet01, n, 1, dZO): null

11-03-2025T03:50:36 - [TEST_STEP][PASSED] - setValueToCellByIndex(sheet01, n, 2, period): null

11-03-2025T03:50:36 - [TEST_STEP][PASSED] - setValueToCellByIndex(sheet01, n, 3, viruchka): null

11-03-2025T03:50:36 - [TEST_STEP][PASSED] - setValueToCellByIndex(sheet01, n, 4, todaysDate): null

11-03-2025T03:50:36 - [TEST_STEP][PASSED] - n = n + 1: null

11-03-2025T03:50:36 - [TEST_STEP][PASSED] - saveWorkbook(excelFilePath, workbook01): null

11-03-2025T03:50:36 - [TEST_STEP][PASSED] - click(findTestObject("Выручка по ДЗО/Фильтр Выручка")): Object: 'Object Repository/Выручка по ДЗО/Фильтр Выручка' is clicked on

11-03-2025T03:50:36 - [MESSAGE][PASSED] - Object: 'Object Repository/Выручка по ДЗО/Фильтр Выручка' is clicked on

11-03-2025T03:50:36 - [TEST_STEP][PASSED] - click(findTestObject("Выручка по ДЗО/По передаче в фильтре Выручка")): Object: 'Object Repository/Выручка по ДЗО/По передаче в фильтре Выручка' is clicked on

11-03-2025T03:50:37 - [MESSAGE][PASSED] - Object: 'Object Repository/Выручка по ДЗО/По передаче в фильтре Выручка' is clicked on

11-03-2025T03:50:37 - [TEST_STEP][PASSED] - click(findTestObject("Выручка по ДЗО/Применить в фильтре Выручка")): Object: 'Object Repository/Выручка по ДЗО/Применить в фильтре Выручка' is clicked on

11-03-2025T03:50:37 - [MESSAGE][PASSED] - Object: 'Object Repository/Выручка по ДЗО/Применить в фильтре Выручка' is clicked on

11-03-2025T03:50:37 - [TEST_STEP][PASSED] - Script1687405711779.Test(todaysDate): null

11-03-2025T03:50:37 - [TEST_STEP][PASSED] - delay(10): Delayed 10 second(s)

11-03-2025T03:50:47 - [MESSAGE][PASSED] - Delayed 10 second(s)

11-03-2025T03:50:47 - [TEST_STEP][PASSED] - if (verifyTextNotPresent("нет данных", false) == true): null

11-03-2025T03:50:48 - [MESSAGE][PASSED] - Text 'нет данных' is not present on page

11-03-2025T03:50:48 - [TEST_STEP][PASSED] - if (verifyTextNotPresent("Ошибка запроса данных", false) == true): null

11-03-2025T03:50:48 - [MESSAGE][PASSED] - Text 'Ошибка запроса данных' is not present on page

11-03-2025T03:50:48 - [TEST_STEP][PASSED] - if (verifyTextNotPresent("Произошла ошибка при выполнении пользовательского кода", false) == true): null

11-03-2025T03:50:49 - [MESSAGE][PASSED] - Text 'Произошла ошибка при выполнении пользовательского кода' is not present on page

11-03-2025T03:50:49 - [TEST_STEP][PASSED] - if (verifyTextNotPresent("У виджета нет данных", false) == true): null

11-03-2025T03:50:49 - [MESSAGE][PASSED] - Text 'У виджета нет данных' is not present on page

11-03-2025T03:50:49 - [TEST_STEP][PASSED] - if (verifyTextNotPresent("У виджета нет данных", false) == true): Text 'У виджета нет данных' is not present on page

11-03-2025T03:50:50 - [MESSAGE][PASSED] - Text 'У виджета нет данных' is not present on page

11-03-2025T03:50:50 - [TEST_STEP][PASSED] - click(findTestObject("Выручка по ДЗО/Фильтр Выручка")): Object: 'Object Repository/Выручка по ДЗО/Фильтр Выручка' is clicked on

11-03-2025T03:50:50 - [MESSAGE][PASSED] - Object: 'Object Repository/Выручка по ДЗО/Фильтр Выручка' is clicked on

11-03-2025T03:50:50 - [TEST_STEP][PASSED] - click(findTestObject("Выручка по ДЗО/Снять выделение в фильтре Выручка")): Object: 'Object Repository/Выручка по ДЗО/Снять выделение в фильтре Выручка' is clicked on

11-03-2025T03:50:51 - [MESSAGE][PASSED] - Object: 'Object Repository/Выручка по ДЗО/Снять выделение в фильтре Выручка' is clicked on

11-03-2025T03:50:51 - [TEST_STEP][PASSED] - click(findTestObject("Выручка по ДЗО/По передаче в фильтре Выручка")): Object: 'Object Repository/Выручка по ДЗО/По передаче в фильтре Выручка' is clicked on

11-03-2025T03:50:51 - [MESSAGE][PASSED] - Object: 'Object Repository/Выручка по ДЗО/По передаче в фильтре Выручка' is clicked on

11-03-2025T03:50:51 - [TEST_STEP][PASSED] - click(findTestObject("Выручка по ДЗО/Применить в фильтре Выручка")): Object: 'Object Repository/Выручка по ДЗО/Применить в фильтре Выручка' is clicked on

11-03-2025T03:50:52 - [MESSAGE][PASSED] - Object: 'Object Repository/Выручка по ДЗО/Применить в фильтре Выручка' is clicked on

11-03-2025T03:50:52 - [TEST_STEP][PASSED] - Script1687405711779.Test(todaysDate): null

11-03-2025T03:50:52 - [TEST_STEP][PASSED] - delay(10): Delayed 10 second(s)

11-03-2025T03:51:02 - [MESSAGE][PASSED] - Delayed 10 second(s)

11-03-2025T03:51:02 - [TEST_STEP][PASSED] - if (verifyTextNotPresent("нет данных", false) == true): null

11-03-2025T03:51:02 - [MESSAGE][PASSED] - Text 'нет данных' is not present on page

11-03-2025T03:51:02 - [TEST_STEP][PASSED] - if (verifyTextNotPresent("Ошибка запроса данных", false) == true): null

11-03-2025T03:51:03 - [MESSAGE][PASSED] - Text 'Ошибка запроса данных' is not present on page

11-03-2025T03:51:03 - [TEST_STEP][PASSED] - if (verifyTextNotPresent("Произошла ошибка при выполнении пользовательского кода", false) == true): null

11-03-2025T03:51:03 - [MESSAGE][PASSED] - Text 'Произошла ошибка при выполнении пользовательского кода' is not present on page

11-03-2025T03:51:03 - [TEST_STEP][PASSED] - if (verifyTextNotPresent("У виджета нет данных", false) == true): null

11-03-2025T03:51:04 - [MESSAGE][PASSED] - Text 'У виджета нет данных' is not present on page

11-03-2025T03:51:04 - [TEST_STEP][PASSED] - if (verifyTextNotPresent("У виджета нет данных", false) == true): Text 'У виджета нет данных' is not present on page

11-03-2025T03:51:04 - [MESSAGE][PASSED] - Text 'У виджета нет данных' is not present on page

11-03-2025T03:51:04 - [TEST_STEP][PASSED] - click(findTestObject("Выручка по ДЗО/Фильтр Выручка")): Object: 'Object Repository/Выручка по ДЗО/Фильтр Выручка' is clicked on

11-03-2025T03:51:05 - [MESSAGE][PASSED] - Object: 'Object Repository/Выручка по ДЗО/Фильтр Выручка' is clicked on

11-03-2025T03:51:05 - [TEST_STEP][PASSED] - click(findTestObject("Выручка по ДЗО/Снять выделение в фильтре Выручка")): Object: 'Object Repository/Выручка по ДЗО/Снять выделение в фильтре Выручка' is clicked on

11-03-2025T03:51:05 - [MESSAGE][PASSED] - Object: 'Object Repository/Выручка по ДЗО/Снять выделение в фильтре Выручка' is clicked on

11-03-2025T03:51:05 - [TEST_STEP][PASSED] - click(findTestObject("Выручка по ДЗО/Применить в фильтре Выручка")): Object: 'Object Repository/Выручка по ДЗО/Применить в фильтре Выручка' is clicked on

11-03-2025T03:51:06 - [MESSAGE][PASSED] - Object: 'Object Repository/Выручка по ДЗО/Применить в фильтре Выручка' is clicked on

11-03-2025T03:51:06 - [TEST_STEP][PASSED] - click(findTestObject("Выручка по ДЗО/Фильтр ДЗО")): Object: 'Object Repository/Выручка по ДЗО/Фильтр ДЗО' is clicked on

11-03-2025T03:51:07 - [MESSAGE][PASSED] - Object: 'Object Repository/Выручка по ДЗО/Фильтр ДЗО' is clicked on

11-03-2025T03:51:07 - [TEST_STEP][PASSED] - click(findTestObject("Выручка по ДЗО/Снять выделение в фильтре ДЗО")): Object: 'Object Repository/Выручка по ДЗО/Снять выделение в фильтре ДЗО' is clicked on

11-03-2025T03:51:07 - [MESSAGE][PASSED] - Object: 'Object Repository/Выручка по ДЗО/Снять выделение в фильтре ДЗО' is clicked on

11-03-2025T03:51:07 - [TEST_STEP][PASSED] - scrollToElement(findTestObject("Общие объекты/Кировэнерго"), 30): Scroll to object 'Object Repository/Общие объекты/Кировэнерго' successfully

11-03-2025T03:51:08 - [MESSAGE][PASSED] - Scroll to object 'Object Repository/Общие объекты/Кировэнерго' successfully

11-03-2025T03:51:08 - [TEST_STEP][PASSED] - click(findTestObject("Общие объекты/Кировэнерго"), CONTINUE_ON_FAILURE): Object: 'Object Repository/Общие объекты/Кировэнерго' is clicked on

11-03-2025T03:51:08 - [MESSAGE][PASSED] - Object: 'Object Repository/Общие объекты/Кировэнерго' is clicked on

11-03-2025T03:51:08 - [TEST_STEP][PASSED] - Script1687405711779.Change(todaysDate): null

11-03-2025T03:51:08 - [TEST_STEP][PASSED] - scrollToElement(findTestObject("Выручка по ДЗО/Заголовок дашборда"), 30): Scroll to object 'Object Repository/Выручка по ДЗО/Заголовок дашборда' successfully

11-03-2025T03:51:09 - [MESSAGE][PASSED] - Scroll to object 'Object Repository/Выручка по ДЗО/Заголовок дашборда' successfully

11-03-2025T03:51:09 - [TEST_STEP][PASSED] - click(findTestObject("Выручка по ДЗО/Применить в фильтре ДЗО")): Object: 'Object Repository/Выручка по ДЗО/Применить в фильтре ДЗО' is clicked on

11-03-2025T03:51:09 - [MESSAGE][PASSED] - Object: 'Object Repository/Выручка по ДЗО/Применить в фильтре ДЗО' is clicked on

11-03-2025T03:51:09 - [TEST_STEP][PASSED] - Script1687405711779.Tumbler(todaysDate): null

11-03-2025T03:51:09 - [TEST_STEP][PASSED] - Script1687405711779.Test(todaysDate): null

11-03-2025T03:51:09 - [TEST_STEP][PASSED] - delay(10): Delayed 10 second(s)

11-03-2025T03:51:19 - [MESSAGE][PASSED] - Delayed 10 second(s)

11-03-2025T03:51:19 - [TEST_STEP][PASSED] - if (verifyTextNotPresent("нет данных", false) == true): null

11-03-2025T03:51:20 - [MESSAGE][PASSED] - Text 'нет данных' is not present on page

11-03-2025T03:51:20 - [TEST_STEP][PASSED] - if (verifyTextNotPresent("Ошибка запроса данных", false) == true): null

11-03-2025T03:51:20 - [MESSAGE][PASSED] - Text 'Ошибка запроса данных' is not present on page

11-03-2025T03:51:20 - [TEST_STEP][PASSED] - if (verifyTextNotPresent("Произошла ошибка при выполнении пользовательского кода", false) == true): null

11-03-2025T03:51:21 - [MESSAGE][PASSED] - Text 'Произошла ошибка при выполнении пользовательского кода' is not present on page

11-03-2025T03:51:21 - [TEST_STEP][PASSED] - if (verifyTextNotPresent("У виджета нет данных", false) == true): null

11-03-2025T03:51:21 - [MESSAGE][PASSED] - Text 'У виджета нет данных' is not present on page

11-03-2025T03:51:21 - [TEST_STEP][PASSED] - if (verifyTextNotPresent("У виджета нет данных", false) == true): Text 'У виджета нет данных' is not present on page

11-03-2025T03:51:22 - [MESSAGE][PASSED] - Text 'У виджета нет данных' is not present on page

11-03-2025T03:51:22 - [TEST_STEP][PASSED] - click(findTestObject("Выручка по ДЗО/Фильтр Выручка")): Object: 'Object Repository/Выручка по ДЗО/Фильтр Выручка' is clicked on

11-03-2025T03:51:22 - [MESSAGE][PASSED] - Object: 'Object Repository/Выручка по ДЗО/Фильтр Выручка' is clicked on

11-03-2025T03:51:22 - [TEST_STEP][PASSED] - click(findTestObject("Выручка по ДЗО/Внутренний оборот в фильтре Выручка")): Object: 'Object Repository/Выручка по ДЗО/Внутренний оборот в фильтре Выручка' is clicked on

11-03-2025T03:51:22 - [MESSAGE][PASSED] - Object: 'Object Repository/Выручка по ДЗО/Внутренний оборот в фильтре Выручка' is clicked on

11-03-2025T03:51:22 - [TEST_STEP][PASSED] - click(findTestObject("Выручка по ДЗО/Применить в фильтре Выручка")): Object: 'Object Repository/Выручка по ДЗО/Применить в фильтре Выручка' is clicked on

11-03-2025T03:51:23 - [MESSAGE][PASSED] - Object: 'Object Repository/Выручка по ДЗО/Применить в фильтре Выручка' is clicked on

11-03-2025T03:51:23 - [TEST_STEP][PASSED] - Script1687405711779.Test(todaysDate): null

11-03-2025T03:51:23 - [TEST_STEP][PASSED] - delay(10): Delayed 10 second(s)

11-03-2025T03:51:33 - [MESSAGE][PASSED] - Delayed 10 second(s)

11-03-2025T03:51:33 - [TEST_STEP][FAILED] - if (verifyTextNotPresent("нет данных", false) == true): Text 'нет данных' is present on page  (Root cause: com.kms.katalon.core.exception.StepFailedException: Text 'нет данных' is present on page 
	at com.kms.katalon.core.webui.keyword.internal.WebUIKeywordMain.stepFailed(WebUIKeywordMain.groovy:64)
	at com.kms.katalon.core.webui.keyword.builtin.VerifyTextNotPresentKeyword$_verifyTextNotPresent_closure1.doCall(VerifyTextNotPresentKeyword.groovy:77)
	at com.kms.katalon.core.webui.keyword.builtin.VerifyTextNotPresentKeyword$_verifyTextNotPresent_closure1.call(VerifyTextNotPresentKeyword.groovy)
	at com.kms.katalon.core.webui.keyword.internal.WebUIKeywordMain.runKeyword(WebUIKeywordMain.groovy:20)
	at com.kms.katalon.core.webui.keyword.builtin.VerifyTextNotPresentKeyword.verifyTextNotPresent(VerifyTextNotPresentKeyword.groovy:82)
	at com.kms.katalon.core.webui.keyword.builtin.VerifyTextNotPresentKeyword.execute(VerifyTextNotPresentKeyword.groovy:68)
	at com.kms.katalon.core.keyword.internal.KeywordExecutor.executeKeywordForPlatform(KeywordExecutor.groovy:74)
	at com.kms.katalon.core.webui.keyword.WebUiBuiltInKeywords.verifyTextNotPresent(WebUiBuiltInKeywords.groovy:1795)
	at Выручка по ДЗО отображение данных все филиалы.Test(Выручка по ДЗО отображение данных все филиалы:772)
	at Выручка по ДЗО отображение данных все филиалы.Tumbler(Выручка по ДЗО отображение данных все филиалы:726)
	at Выручка по ДЗО отображение данных все филиалы.Change(Выручка по ДЗО отображение данных все филиалы:760)
	at Выручка по ДЗО отображение данных все филиалы.DzoTest(Выручка по ДЗО отображение данных все филиалы:622)
	at Выручка по ДЗО отображение данных все филиалы.run(Выручка по ДЗО отображение данных все филиалы:122)
	at com.kms.katalon.core.main.ScriptEngine.run(ScriptEngine.java:194)
	at com.kms.katalon.core.main.ScriptEngine.runScriptAsRawText(ScriptEngine.java:119)
	at com.kms.katalon.core.main.TestCaseExecutor.runScript(TestCaseExecutor.java:448)
	at com.kms.katalon.core.main.TestCaseExecutor.doExecute(TestCaseExecutor.java:439)
	at com.kms.katalon.core.main.TestCaseExecutor.processExecutionPhase(TestCaseExecutor.java:418)
	at com.kms.katalon.core.main.TestCaseExecutor.accessMainPhase(TestCaseExecutor.java:410)
	at com.kms.katalon.core.main.TestCaseExecutor.execute(TestCaseExecutor.java:285)
	at com.kms.katalon.core.common.CommonExecutor.accessTestCaseMainPhase(CommonExecutor.java:65)
	at com.kms.katalon.core.main.TestSuiteExecutor.accessTestSuiteMainPhase(TestSuiteExecutor.java:150)
	at com.kms.katalon.core.main.TestSuiteExecutor.execute(TestSuiteExecutor.java:106)
	at com.kms.katalon.core.main.TestCaseMain.startTestSuite(TestCaseMain.java:180)
	at TempTestSuite1741649958618.run(TempTestSuite1741649958618.groovy:35)
	at java.base/jdk.internal.reflect.NativeMethodAccessorImpl.invoke0(Native Method)
	at java.base/jdk.internal.reflect.NativeMethodAccessorImpl.invoke(NativeMethodAccessorImpl.java:77)
	at java.base/jdk.internal.reflect.DelegatingMethodAccessorImpl.invoke(DelegatingMethodAccessorImpl.java:43)
)

11-03-2025T03:51:34 - [MESSAGE][FAILED] - Text 'нет данных' is present on page  (Root cause: com.kms.katalon.core.exception.StepFailedException: Text 'нет данных' is present on page 
	at com.kms.katalon.core.webui.keyword.internal.WebUIKeywordMain.stepFailed(WebUIKeywordMain.groovy:64)
	at com.kms.katalon.core.webui.keyword.builtin.VerifyTextNotPresentKeyword$_verifyTextNotPresent_closure1.doCall(VerifyTextNotPresentKeyword.groovy:77)
	at com.kms.katalon.core.webui.keyword.builtin.VerifyTextNotPresentKeyword$_verifyTextNotPresent_closure1.call(VerifyTextNotPresentKeyword.groovy)
	at com.kms.katalon.core.webui.keyword.internal.WebUIKeywordMain.runKeyword(WebUIKeywordMain.groovy:20)
	at com.kms.katalon.core.webui.keyword.builtin.VerifyTextNotPresentKeyword.verifyTextNotPresent(VerifyTextNotPresentKeyword.groovy:82)
	at com.kms.katalon.core.webui.keyword.builtin.VerifyTextNotPresentKeyword.execute(VerifyTextNotPresentKeyword.groovy:68)
	at com.kms.katalon.core.keyword.internal.KeywordExecutor.executeKeywordForPlatform(KeywordExecutor.groovy:74)
	at com.kms.katalon.core.webui.keyword.WebUiBuiltInKeywords.verifyTextNotPresent(WebUiBuiltInKeywords.groovy:1795)
	at Выручка по ДЗО отображение данных все филиалы.Test(Выручка по ДЗО отображение данных все филиалы:772)
	at Выручка по ДЗО отображение данных все филиалы.Tumbler(Выручка по ДЗО отображение данных все филиалы:726)
	at Выручка по ДЗО отображение данных все филиалы.Change(Выручка по ДЗО отображение данных все филиалы:760)
	at Выручка по ДЗО отображение данных все филиалы.DzoTest(Выручка по ДЗО отображение данных все филиалы:622)
	at Выручка по ДЗО отображение данных все филиалы.run(Выручка по ДЗО отображение данных все филиалы:122)
	at com.kms.katalon.core.main.ScriptEngine.run(ScriptEngine.java:194)
	at com.kms.katalon.core.main.ScriptEngine.runScriptAsRawText(ScriptEngine.java:119)
	at com.kms.katalon.core.main.TestCaseExecutor.runScript(TestCaseExecutor.java:448)
	at com.kms.katalon.core.main.TestCaseExecutor.doExecute(TestCaseExecutor.java:439)
	at com.kms.katalon.core.main.TestCaseExecutor.processExecutionPhase(TestCaseExecutor.java:418)
	at com.kms.katalon.core.main.TestCaseExecutor.accessMainPhase(TestCaseExecutor.java:410)
	at com.kms.katalon.core.main.TestCaseExecutor.execute(TestCaseExecutor.java:285)
	at com.kms.katalon.core.common.CommonExecutor.accessTestCaseMainPhase(CommonExecutor.java:65)
	at com.kms.katalon.core.main.TestSuiteExecutor.accessTestSuiteMainPhase(TestSuiteExecutor.java:150)
	at com.kms.katalon.core.main.TestSuiteExecutor.execute(TestSuiteExecutor.java:106)
	at com.kms.katalon.core.main.TestCaseMain.startTestSuite(TestCaseMain.java:180)
	at TempTestSuite1741649958618.run(TempTestSuite1741649958618.groovy:35)
	at java.base/jdk.internal.reflect.NativeMethodAccessorImpl.invoke0(Native Method)
	at java.base/jdk.internal.reflect.NativeMethodAccessorImpl.invoke(NativeMethodAccessorImpl.java:77)
	at java.base/jdk.internal.reflect.DelegatingMethodAccessorImpl.invoke(DelegatingMethodAccessorImpl.java:43)
)

11-03-2025T03:51:34 - [TEST_STEP][PASSED] - else: null

11-03-2025T03:51:34 - [TEST_STEP][PASSED] - Script1687405711779.WriteToExcel(todaysDate): null

11-03-2025T03:51:34 - [TEST_STEP][PASSED] - sheetName = "Sheet1": null

11-03-2025T03:51:34 - [TEST_STEP][PASSED] - data = findTestData("PlanFact"): null

11-03-2025T03:51:34 - [TEST_STEP][PASSED] - n = data.getRowNumbers() + 1: null

11-03-2025T03:51:34 - [TEST_STEP][PASSED] - dZO = getText(findTestObject("Выручка по ДЗО/Фильтр ДЗО")): Text of object 'Object Repository/Выручка по ДЗО/Фильтр ДЗО' is: 'ПАО Россети - РаспредКомплекс - Россети Центр и Приволжье (ГК) - Кировэнерго'

11-03-2025T03:51:34 - [MESSAGE][PASSED] - Text of object 'Object Repository/Выручка по ДЗО/Фильтр ДЗО' is: 'ПАО Россети - РаспредКомплекс - Россети Центр и Приволжье (ГК) - Кировэнерго'

11-03-2025T03:51:34 - [TEST_STEP][PASSED] - period = getText(findTestObject("Выручка по ДЗО/Фильтр Дата")): Text of object 'Object Repository/Выручка по ДЗО/Фильтр Дата' is: 'Январь 2025 года'

11-03-2025T03:51:34 - [MESSAGE][PASSED] - Text of object 'Object Repository/Выручка по ДЗО/Фильтр Дата' is: 'Январь 2025 года'

11-03-2025T03:51:34 - [TEST_STEP][PASSED] - viruchka = getText(findTestObject("Выручка по ДЗО/Фильтр Выручка")): Text of object 'Object Repository/Выручка по ДЗО/Фильтр Выручка' is: 'внутренний оборот'

11-03-2025T03:51:34 - [MESSAGE][PASSED] - Text of object 'Object Repository/Выручка по ДЗО/Фильтр Выручка' is: 'внутренний оборот'

11-03-2025T03:51:34 - [TEST_STEP][PASSED] - if (viruchka == "Выбрано: 2"): null

11-03-2025T03:51:34 - [TEST_STEP][PASSED] - if (viruchka == "Все"): null

11-03-2025T03:51:34 - [TEST_STEP][PASSED] - println(period): null

11-03-2025T03:51:34 - [TEST_STEP][PASSED] - dashboardName = "Выручка по ДЗО": null

11-03-2025T03:51:34 - [TEST_STEP][PASSED] - workbook01 = getWorkbook(excelFilePath): null

11-03-2025T03:51:35 - [TEST_STEP][PASSED] - sheet01 = getExcelSheet(workbook01, sheetName): null

11-03-2025T03:51:35 - [TEST_STEP][PASSED] - setValueToCellByIndex(sheet01, n, 0, dashboardName): null

11-03-2025T03:51:35 - [TEST_STEP][PASSED] - setValueToCellByIndex(sheet01, n, 1, dZO): null

11-03-2025T03:51:35 - [TEST_STEP][PASSED] - setValueToCellByIndex(sheet01, n, 2, period): null

11-03-2025T03:51:35 - [TEST_STEP][PASSED] - setValueToCellByIndex(sheet01, n, 3, viruchka): null

11-03-2025T03:51:35 - [TEST_STEP][PASSED] - setValueToCellByIndex(sheet01, n, 4, todaysDate): null

11-03-2025T03:51:35 - [TEST_STEP][PASSED] - n = n + 1: null

11-03-2025T03:51:35 - [TEST_STEP][PASSED] - saveWorkbook(excelFilePath, workbook01): null

11-03-2025T03:51:35 - [TEST_STEP][PASSED] - click(findTestObject("Выручка по ДЗО/Фильтр Выручка")): Object: 'Object Repository/Выручка по ДЗО/Фильтр Выручка' is clicked on

11-03-2025T03:51:35 - [MESSAGE][PASSED] - Object: 'Object Repository/Выручка по ДЗО/Фильтр Выручка' is clicked on

11-03-2025T03:51:35 - [TEST_STEP][PASSED] - click(findTestObject("Выручка по ДЗО/По передаче в фильтре Выручка")): Object: 'Object Repository/Выручка по ДЗО/По передаче в фильтре Выручка' is clicked on

11-03-2025T03:51:36 - [MESSAGE][PASSED] - Object: 'Object Repository/Выручка по ДЗО/По передаче в фильтре Выручка' is clicked on

11-03-2025T03:51:36 - [TEST_STEP][PASSED] - click(findTestObject("Выручка по ДЗО/Применить в фильтре Выручка")): Object: 'Object Repository/Выручка по ДЗО/Применить в фильтре Выручка' is clicked on

11-03-2025T03:51:36 - [MESSAGE][PASSED] - Object: 'Object Repository/Выручка по ДЗО/Применить в фильтре Выручка' is clicked on

11-03-2025T03:51:36 - [TEST_STEP][PASSED] - Script1687405711779.Test(todaysDate): null

11-03-2025T03:51:36 - [TEST_STEP][PASSED] - delay(10): Delayed 10 second(s)

11-03-2025T03:51:46 - [MESSAGE][PASSED] - Delayed 10 second(s)

11-03-2025T03:51:46 - [TEST_STEP][PASSED] - if (verifyTextNotPresent("нет данных", false) == true): null

11-03-2025T03:51:47 - [MESSAGE][PASSED] - Text 'нет данных' is not present on page

11-03-2025T03:51:47 - [TEST_STEP][PASSED] - if (verifyTextNotPresent("Ошибка запроса данных", false) == true): null

11-03-2025T03:51:47 - [MESSAGE][PASSED] - Text 'Ошибка запроса данных' is not present on page

11-03-2025T03:51:47 - [TEST_STEP][PASSED] - if (verifyTextNotPresent("Произошла ошибка при выполнении пользовательского кода", false) == true): null

11-03-2025T03:51:48 - [MESSAGE][PASSED] - Text 'Произошла ошибка при выполнении пользовательского кода' is not present on page

11-03-2025T03:51:48 - [TEST_STEP][PASSED] - if (verifyTextNotPresent("У виджета нет данных", false) == true): null

11-03-2025T03:51:48 - [MESSAGE][PASSED] - Text 'У виджета нет данных' is not present on page

11-03-2025T03:51:48 - [TEST_STEP][PASSED] - if (verifyTextNotPresent("У виджета нет данных", false) == true): Text 'У виджета нет данных' is not present on page

11-03-2025T03:51:49 - [MESSAGE][PASSED] - Text 'У виджета нет данных' is not present on page

11-03-2025T03:51:49 - [TEST_STEP][PASSED] - click(findTestObject("Выручка по ДЗО/Фильтр Выручка")): Object: 'Object Repository/Выручка по ДЗО/Фильтр Выручка' is clicked on

11-03-2025T03:51:49 - [MESSAGE][PASSED] - Object: 'Object Repository/Выручка по ДЗО/Фильтр Выручка' is clicked on

11-03-2025T03:51:49 - [TEST_STEP][PASSED] - click(findTestObject("Выручка по ДЗО/Снять выделение в фильтре Выручка")): Object: 'Object Repository/Выручка по ДЗО/Снять выделение в фильтре Выручка' is clicked on

11-03-2025T03:51:49 - [MESSAGE][PASSED] - Object: 'Object Repository/Выручка по ДЗО/Снять выделение в фильтре Выручка' is clicked on

11-03-2025T03:51:49 - [TEST_STEP][PASSED] - click(findTestObject("Выручка по ДЗО/По передаче в фильтре Выручка")): Object: 'Object Repository/Выручка по ДЗО/По передаче в фильтре Выручка' is clicked on

11-03-2025T03:51:50 - [MESSAGE][PASSED] - Object: 'Object Repository/Выручка по ДЗО/По передаче в фильтре Выручка' is clicked on

11-03-2025T03:51:50 - [TEST_STEP][PASSED] - click(findTestObject("Выручка по ДЗО/Применить в фильтре Выручка")): Object: 'Object Repository/Выручка по ДЗО/Применить в фильтре Выручка' is clicked on

11-03-2025T03:51:50 - [MESSAGE][PASSED] - Object: 'Object Repository/Выручка по ДЗО/Применить в фильтре Выручка' is clicked on

11-03-2025T03:51:50 - [TEST_STEP][PASSED] - Script1687405711779.Test(todaysDate): null

11-03-2025T03:51:50 - [TEST_STEP][PASSED] - delay(10): Delayed 10 second(s)

11-03-2025T03:52:00 - [MESSAGE][PASSED] - Delayed 10 second(s)

11-03-2025T03:52:00 - [TEST_STEP][PASSED] - if (verifyTextNotPresent("нет данных", false) == true): null

11-03-2025T03:52:01 - [MESSAGE][PASSED] - Text 'нет данных' is not present on page

11-03-2025T03:52:01 - [TEST_STEP][PASSED] - if (verifyTextNotPresent("Ошибка запроса данных", false) == true): null

11-03-2025T03:52:01 - [MESSAGE][PASSED] - Text 'Ошибка запроса данных' is not present on page

11-03-2025T03:52:01 - [TEST_STEP][PASSED] - if (verifyTextNotPresent("Произошла ошибка при выполнении пользовательского кода", false) == true): null

11-03-2025T03:52:02 - [MESSAGE][PASSED] - Text 'Произошла ошибка при выполнении пользовательского кода' is not present on page

11-03-2025T03:52:02 - [TEST_STEP][PASSED] - if (verifyTextNotPresent("У виджета нет данных", false) == true): null

11-03-2025T03:52:02 - [MESSAGE][PASSED] - Text 'У виджета нет данных' is not present on page

11-03-2025T03:52:02 - [TEST_STEP][PASSED] - if (verifyTextNotPresent("У виджета нет данных", false) == true): Text 'У виджета нет данных' is not present on page

11-03-2025T03:52:03 - [MESSAGE][PASSED] - Text 'У виджета нет данных' is not present on page

11-03-2025T03:52:03 - [TEST_STEP][PASSED] - click(findTestObject("Выручка по ДЗО/Фильтр Выручка")): Object: 'Object Repository/Выручка по ДЗО/Фильтр Выручка' is clicked on

11-03-2025T03:52:03 - [MESSAGE][PASSED] - Object: 'Object Repository/Выручка по ДЗО/Фильтр Выручка' is clicked on

11-03-2025T03:52:03 - [TEST_STEP][PASSED] - click(findTestObject("Выручка по ДЗО/Снять выделение в фильтре Выручка")): Object: 'Object Repository/Выручка по ДЗО/Снять выделение в фильтре Выручка' is clicked on

11-03-2025T03:52:04 - [MESSAGE][PASSED] - Object: 'Object Repository/Выручка по ДЗО/Снять выделение в фильтре Выручка' is clicked on

11-03-2025T03:52:04 - [TEST_STEP][PASSED] - click(findTestObject("Выручка по ДЗО/Применить в фильтре Выручка")): Object: 'Object Repository/Выручка по ДЗО/Применить в фильтре Выручка' is clicked on

11-03-2025T03:52:04 - [MESSAGE][PASSED] - Object: 'Object Repository/Выручка по ДЗО/Применить в фильтре Выручка' is clicked on

11-03-2025T03:52:04 - [TEST_STEP][PASSED] - click(findTestObject("Выручка по ДЗО/Фильтр ДЗО")): Object: 'Object Repository/Выручка по ДЗО/Фильтр ДЗО' is clicked on

11-03-2025T03:52:05 - [MESSAGE][PASSED] - Object: 'Object Repository/Выручка по ДЗО/Фильтр ДЗО' is clicked on

11-03-2025T03:52:05 - [TEST_STEP][PASSED] - click(findTestObject("Выручка по ДЗО/Снять выделение в фильтре ДЗО")): Object: 'Object Repository/Выручка по ДЗО/Снять выделение в фильтре ДЗО' is clicked on

11-03-2025T03:52:06 - [MESSAGE][PASSED] - Object: 'Object Repository/Выручка по ДЗО/Снять выделение в фильтре ДЗО' is clicked on

11-03-2025T03:52:06 - [TEST_STEP][PASSED] - scrollToElement(findTestObject("Общие объекты/Мариэнерго"), 30): Scroll to object 'Object Repository/Общие объекты/Мариэнерго' successfully

11-03-2025T03:52:06 - [MESSAGE][PASSED] - Scroll to object 'Object Repository/Общие объекты/Мариэнерго' successfully

11-03-2025T03:52:06 - [TEST_STEP][PASSED] - click(findTestObject("Общие объекты/Мариэнерго"), CONTINUE_ON_FAILURE): Object: 'Object Repository/Общие объекты/Мариэнерго' is clicked on

11-03-2025T03:52:07 - [MESSAGE][PASSED] - Object: 'Object Repository/Общие объекты/Мариэнерго' is clicked on

11-03-2025T03:52:07 - [TEST_STEP][PASSED] - Script1687405711779.Change(todaysDate): null

11-03-2025T03:52:07 - [TEST_STEP][PASSED] - scrollToElement(findTestObject("Выручка по ДЗО/Заголовок дашборда"), 30): Scroll to object 'Object Repository/Выручка по ДЗО/Заголовок дашборда' successfully

11-03-2025T03:52:07 - [MESSAGE][PASSED] - Scroll to object 'Object Repository/Выручка по ДЗО/Заголовок дашборда' successfully

11-03-2025T03:52:07 - [TEST_STEP][PASSED] - click(findTestObject("Выручка по ДЗО/Применить в фильтре ДЗО")): Object: 'Object Repository/Выручка по ДЗО/Применить в фильтре ДЗО' is clicked on

11-03-2025T03:52:08 - [MESSAGE][PASSED] - Object: 'Object Repository/Выручка по ДЗО/Применить в фильтре ДЗО' is clicked on

11-03-2025T03:52:08 - [TEST_STEP][PASSED] - Script1687405711779.Tumbler(todaysDate): null

11-03-2025T03:52:08 - [TEST_STEP][PASSED] - Script1687405711779.Test(todaysDate): null

11-03-2025T03:52:08 - [TEST_STEP][PASSED] - delay(10): Delayed 10 second(s)

11-03-2025T03:52:18 - [MESSAGE][PASSED] - Delayed 10 second(s)

11-03-2025T03:52:18 - [TEST_STEP][PASSED] - if (verifyTextNotPresent("нет данных", false) == true): null

11-03-2025T03:52:18 - [MESSAGE][PASSED] - Text 'нет данных' is not present on page

11-03-2025T03:52:18 - [TEST_STEP][PASSED] - if (verifyTextNotPresent("Ошибка запроса данных", false) == true): null

11-03-2025T03:52:19 - [MESSAGE][PASSED] - Text 'Ошибка запроса данных' is not present on page

11-03-2025T03:52:19 - [TEST_STEP][PASSED] - if (verifyTextNotPresent("Произошла ошибка при выполнении пользовательского кода", false) == true): null

11-03-2025T03:52:19 - [MESSAGE][PASSED] - Text 'Произошла ошибка при выполнении пользовательского кода' is not present on page

11-03-2025T03:52:19 - [TEST_STEP][PASSED] - if (verifyTextNotPresent("У виджета нет данных", false) == true): null

11-03-2025T03:52:19 - [MESSAGE][PASSED] - Text 'У виджета нет данных' is not present on page

11-03-2025T03:52:19 - [TEST_STEP][PASSED] - if (verifyTextNotPresent("У виджета нет данных", false) == true): Text 'У виджета нет данных' is not present on page

11-03-2025T03:52:20 - [MESSAGE][PASSED] - Text 'У виджета нет данных' is not present on page

11-03-2025T03:52:20 - [TEST_STEP][PASSED] - click(findTestObject("Выручка по ДЗО/Фильтр Выручка")): Object: 'Object Repository/Выручка по ДЗО/Фильтр Выручка' is clicked on

11-03-2025T03:52:20 - [MESSAGE][PASSED] - Object: 'Object Repository/Выручка по ДЗО/Фильтр Выручка' is clicked on

11-03-2025T03:52:20 - [TEST_STEP][PASSED] - click(findTestObject("Выручка по ДЗО/Внутренний оборот в фильтре Выручка")): Object: 'Object Repository/Выручка по ДЗО/Внутренний оборот в фильтре Выручка' is clicked on

11-03-2025T03:52:21 - [MESSAGE][PASSED] - Object: 'Object Repository/Выручка по ДЗО/Внутренний оборот в фильтре Выручка' is clicked on

11-03-2025T03:52:21 - [TEST_STEP][PASSED] - click(findTestObject("Выручка по ДЗО/Применить в фильтре Выручка")): Object: 'Object Repository/Выручка по ДЗО/Применить в фильтре Выручка' is clicked on

11-03-2025T03:52:22 - [MESSAGE][PASSED] - Object: 'Object Repository/Выручка по ДЗО/Применить в фильтре Выручка' is clicked on

11-03-2025T03:52:22 - [TEST_STEP][PASSED] - Script1687405711779.Test(todaysDate): null

11-03-2025T03:52:22 - [TEST_STEP][PASSED] - delay(10): Delayed 10 second(s)

11-03-2025T03:52:32 - [MESSAGE][PASSED] - Delayed 10 second(s)

11-03-2025T03:52:32 - [TEST_STEP][FAILED] - if (verifyTextNotPresent("нет данных", false) == true): Text 'нет данных' is present on page  (Root cause: com.kms.katalon.core.exception.StepFailedException: Text 'нет данных' is present on page 
	at com.kms.katalon.core.webui.keyword.internal.WebUIKeywordMain.stepFailed(WebUIKeywordMain.groovy:64)
	at com.kms.katalon.core.webui.keyword.builtin.VerifyTextNotPresentKeyword$_verifyTextNotPresent_closure1.doCall(VerifyTextNotPresentKeyword.groovy:77)
	at com.kms.katalon.core.webui.keyword.builtin.VerifyTextNotPresentKeyword$_verifyTextNotPresent_closure1.call(VerifyTextNotPresentKeyword.groovy)
	at com.kms.katalon.core.webui.keyword.internal.WebUIKeywordMain.runKeyword(WebUIKeywordMain.groovy:20)
	at com.kms.katalon.core.webui.keyword.builtin.VerifyTextNotPresentKeyword.verifyTextNotPresent(VerifyTextNotPresentKeyword.groovy:82)
	at com.kms.katalon.core.webui.keyword.builtin.VerifyTextNotPresentKeyword.execute(VerifyTextNotPresentKeyword.groovy:68)
	at com.kms.katalon.core.keyword.internal.KeywordExecutor.executeKeywordForPlatform(KeywordExecutor.groovy:74)
	at com.kms.katalon.core.webui.keyword.WebUiBuiltInKeywords.verifyTextNotPresent(WebUiBuiltInKeywords.groovy:1795)
	at Выручка по ДЗО отображение данных все филиалы.Test(Выручка по ДЗО отображение данных все филиалы:772)
	at Выручка по ДЗО отображение данных все филиалы.Tumbler(Выручка по ДЗО отображение данных все филиалы:726)
	at Выручка по ДЗО отображение данных все филиалы.Change(Выручка по ДЗО отображение данных все филиалы:760)
	at Выручка по ДЗО отображение данных все филиалы.DzoTest(Выручка по ДЗО отображение данных все филиалы:628)
	at Выручка по ДЗО отображение данных все филиалы.run(Выручка по ДЗО отображение данных все филиалы:122)
	at com.kms.katalon.core.main.ScriptEngine.run(ScriptEngine.java:194)
	at com.kms.katalon.core.main.ScriptEngine.runScriptAsRawText(ScriptEngine.java:119)
	at com.kms.katalon.core.main.TestCaseExecutor.runScript(TestCaseExecutor.java:448)
	at com.kms.katalon.core.main.TestCaseExecutor.doExecute(TestCaseExecutor.java:439)
	at com.kms.katalon.core.main.TestCaseExecutor.processExecutionPhase(TestCaseExecutor.java:418)
	at com.kms.katalon.core.main.TestCaseExecutor.accessMainPhase(TestCaseExecutor.java:410)
	at com.kms.katalon.core.main.TestCaseExecutor.execute(TestCaseExecutor.java:285)
	at com.kms.katalon.core.common.CommonExecutor.accessTestCaseMainPhase(CommonExecutor.java:65)
	at com.kms.katalon.core.main.TestSuiteExecutor.accessTestSuiteMainPhase(TestSuiteExecutor.java:150)
	at com.kms.katalon.core.main.TestSuiteExecutor.execute(TestSuiteExecutor.java:106)
	at com.kms.katalon.core.main.TestCaseMain.startTestSuite(TestCaseMain.java:180)
	at TempTestSuite1741649958618.run(TempTestSuite1741649958618.groovy:35)
	at java.base/jdk.internal.reflect.NativeMethodAccessorImpl.invoke0(Native Method)
	at java.base/jdk.internal.reflect.NativeMethodAccessorImpl.invoke(NativeMethodAccessorImpl.java:77)
	at java.base/jdk.internal.reflect.DelegatingMethodAccessorImpl.invoke(DelegatingMethodAccessorImpl.java:43)
)

11-03-2025T03:52:32 - [MESSAGE][FAILED] - Text 'нет данных' is present on page  (Root cause: com.kms.katalon.core.exception.StepFailedException: Text 'нет данных' is present on page 
	at com.kms.katalon.core.webui.keyword.internal.WebUIKeywordMain.stepFailed(WebUIKeywordMain.groovy:64)
	at com.kms.katalon.core.webui.keyword.builtin.VerifyTextNotPresentKeyword$_verifyTextNotPresent_closure1.doCall(VerifyTextNotPresentKeyword.groovy:77)
	at com.kms.katalon.core.webui.keyword.builtin.VerifyTextNotPresentKeyword$_verifyTextNotPresent_closure1.call(VerifyTextNotPresentKeyword.groovy)
	at com.kms.katalon.core.webui.keyword.internal.WebUIKeywordMain.runKeyword(WebUIKeywordMain.groovy:20)
	at com.kms.katalon.core.webui.keyword.builtin.VerifyTextNotPresentKeyword.verifyTextNotPresent(VerifyTextNotPresentKeyword.groovy:82)
	at com.kms.katalon.core.webui.keyword.builtin.VerifyTextNotPresentKeyword.execute(VerifyTextNotPresentKeyword.groovy:68)
	at com.kms.katalon.core.keyword.internal.KeywordExecutor.executeKeywordForPlatform(KeywordExecutor.groovy:74)
	at com.kms.katalon.core.webui.keyword.WebUiBuiltInKeywords.verifyTextNotPresent(WebUiBuiltInKeywords.groovy:1795)
	at Выручка по ДЗО отображение данных все филиалы.Test(Выручка по ДЗО отображение данных все филиалы:772)
	at Выручка по ДЗО отображение данных все филиалы.Tumbler(Выручка по ДЗО отображение данных все филиалы:726)
	at Выручка по ДЗО отображение данных все филиалы.Change(Выручка по ДЗО отображение данных все филиалы:760)
	at Выручка по ДЗО отображение данных все филиалы.DzoTest(Выручка по ДЗО отображение данных все филиалы:628)
	at Выручка по ДЗО отображение данных все филиалы.run(Выручка по ДЗО отображение данных все филиалы:122)
	at com.kms.katalon.core.main.ScriptEngine.run(ScriptEngine.java:194)
	at com.kms.katalon.core.main.ScriptEngine.runScriptAsRawText(ScriptEngine.java:119)
	at com.kms.katalon.core.main.TestCaseExecutor.runScript(TestCaseExecutor.java:448)
	at com.kms.katalon.core.main.TestCaseExecutor.doExecute(TestCaseExecutor.java:439)
	at com.kms.katalon.core.main.TestCaseExecutor.processExecutionPhase(TestCaseExecutor.java:418)
	at com.kms.katalon.core.main.TestCaseExecutor.accessMainPhase(TestCaseExecutor.java:410)
	at com.kms.katalon.core.main.TestCaseExecutor.execute(TestCaseExecutor.java:285)
	at com.kms.katalon.core.common.CommonExecutor.accessTestCaseMainPhase(CommonExecutor.java:65)
	at com.kms.katalon.core.main.TestSuiteExecutor.accessTestSuiteMainPhase(TestSuiteExecutor.java:150)
	at com.kms.katalon.core.main.TestSuiteExecutor.execute(TestSuiteExecutor.java:106)
	at com.kms.katalon.core.main.TestCaseMain.startTestSuite(TestCaseMain.java:180)
	at TempTestSuite1741649958618.run(TempTestSuite1741649958618.groovy:35)
	at java.base/jdk.internal.reflect.NativeMethodAccessorImpl.invoke0(Native Method)
	at java.base/jdk.internal.reflect.NativeMethodAccessorImpl.invoke(NativeMethodAccessorImpl.java:77)
	at java.base/jdk.internal.reflect.DelegatingMethodAccessorImpl.invoke(DelegatingMethodAccessorImpl.java:43)
)

11-03-2025T03:52:32 - [TEST_STEP][PASSED] - else: null

11-03-2025T03:52:32 - [TEST_STEP][PASSED] - Script1687405711779.WriteToExcel(todaysDate): null

11-03-2025T03:52:32 - [TEST_STEP][PASSED] - sheetName = "Sheet1": null

11-03-2025T03:52:32 - [TEST_STEP][PASSED] - data = findTestData("PlanFact"): null

11-03-2025T03:52:32 - [TEST_STEP][PASSED] - n = data.getRowNumbers() + 1: null

11-03-2025T03:52:32 - [TEST_STEP][PASSED] - dZO = getText(findTestObject("Выручка по ДЗО/Фильтр ДЗО")): Text of object 'Object Repository/Выручка по ДЗО/Фильтр ДЗО' is: 'ПАО Россети - РаспредКомплекс - Россети Центр и Приволжье (ГК) - Мариэнерго'

11-03-2025T03:52:32 - [MESSAGE][PASSED] - Text of object 'Object Repository/Выручка по ДЗО/Фильтр ДЗО' is: 'ПАО Россети - РаспредКомплекс - Россети Центр и Приволжье (ГК) - Мариэнерго'

11-03-2025T03:52:32 - [TEST_STEP][PASSED] - period = getText(findTestObject("Выручка по ДЗО/Фильтр Дата")): Text of object 'Object Repository/Выручка по ДЗО/Фильтр Дата' is: 'Январь 2025 года'

11-03-2025T03:52:33 - [MESSAGE][PASSED] - Text of object 'Object Repository/Выручка по ДЗО/Фильтр Дата' is: 'Январь 2025 года'

11-03-2025T03:52:33 - [TEST_STEP][PASSED] - viruchka = getText(findTestObject("Выручка по ДЗО/Фильтр Выручка")): Text of object 'Object Repository/Выручка по ДЗО/Фильтр Выручка' is: 'внутренний оборот'

11-03-2025T03:52:33 - [MESSAGE][PASSED] - Text of object 'Object Repository/Выручка по ДЗО/Фильтр Выручка' is: 'внутренний оборот'

11-03-2025T03:52:33 - [TEST_STEP][PASSED] - if (viruchka == "Выбрано: 2"): null

11-03-2025T03:52:33 - [TEST_STEP][PASSED] - if (viruchka == "Все"): null

11-03-2025T03:52:33 - [TEST_STEP][PASSED] - println(period): null

11-03-2025T03:52:33 - [TEST_STEP][PASSED] - dashboardName = "Выручка по ДЗО": null

11-03-2025T03:52:33 - [TEST_STEP][PASSED] - workbook01 = getWorkbook(excelFilePath): null

11-03-2025T03:52:33 - [TEST_STEP][PASSED] - sheet01 = getExcelSheet(workbook01, sheetName): null

11-03-2025T03:52:33 - [TEST_STEP][PASSED] - setValueToCellByIndex(sheet01, n, 0, dashboardName): null

11-03-2025T03:52:33 - [TEST_STEP][PASSED] - setValueToCellByIndex(sheet01, n, 1, dZO): null

11-03-2025T03:52:33 - [TEST_STEP][PASSED] - setValueToCellByIndex(sheet01, n, 2, period): null

11-03-2025T03:52:33 - [TEST_STEP][PASSED] - setValueToCellByIndex(sheet01, n, 3, viruchka): null

11-03-2025T03:52:33 - [TEST_STEP][PASSED] - setValueToCellByIndex(sheet01, n, 4, todaysDate): null

11-03-2025T03:52:33 - [TEST_STEP][PASSED] - n = n + 1: null

11-03-2025T03:52:33 - [TEST_STEP][PASSED] - saveWorkbook(excelFilePath, workbook01): null

11-03-2025T03:52:33 - [TEST_STEP][PASSED] - click(findTestObject("Выручка по ДЗО/Фильтр Выручка")): Object: 'Object Repository/Выручка по ДЗО/Фильтр Выручка' is clicked on

11-03-2025T03:52:34 - [MESSAGE][PASSED] - Object: 'Object Repository/Выручка по ДЗО/Фильтр Выручка' is clicked on

11-03-2025T03:52:34 - [TEST_STEP][PASSED] - click(findTestObject("Выручка по ДЗО/По передаче в фильтре Выручка")): Object: 'Object Repository/Выручка по ДЗО/По передаче в фильтре Выручка' is clicked on

11-03-2025T03:52:34 - [MESSAGE][PASSED] - Object: 'Object Repository/Выручка по ДЗО/По передаче в фильтре Выручка' is clicked on

11-03-2025T03:52:34 - [TEST_STEP][PASSED] - click(findTestObject("Выручка по ДЗО/Применить в фильтре Выручка")): Object: 'Object Repository/Выручка по ДЗО/Применить в фильтре Выручка' is clicked on

11-03-2025T03:52:35 - [MESSAGE][PASSED] - Object: 'Object Repository/Выручка по ДЗО/Применить в фильтре Выручка' is clicked on

11-03-2025T03:52:35 - [TEST_STEP][PASSED] - Script1687405711779.Test(todaysDate): null

11-03-2025T03:52:35 - [TEST_STEP][PASSED] - delay(10): Delayed 10 second(s)

11-03-2025T03:52:45 - [MESSAGE][PASSED] - Delayed 10 second(s)

11-03-2025T03:52:45 - [TEST_STEP][PASSED] - if (verifyTextNotPresent("нет данных", false) == true): null

11-03-2025T03:52:45 - [MESSAGE][PASSED] - Text 'нет данных' is not present on page

11-03-2025T03:52:45 - [TEST_STEP][PASSED] - if (verifyTextNotPresent("Ошибка запроса данных", false) == true): null

11-03-2025T03:52:46 - [MESSAGE][PASSED] - Text 'Ошибка запроса данных' is not present on page

11-03-2025T03:52:46 - [TEST_STEP][PASSED] - if (verifyTextNotPresent("Произошла ошибка при выполнении пользовательского кода", false) == true): null

11-03-2025T03:52:46 - [MESSAGE][PASSED] - Text 'Произошла ошибка при выполнении пользовательского кода' is not present on page

11-03-2025T03:52:46 - [TEST_STEP][PASSED] - if (verifyTextNotPresent("У виджета нет данных", false) == true): null

11-03-2025T03:52:47 - [MESSAGE][PASSED] - Text 'У виджета нет данных' is not present on page

11-03-2025T03:52:47 - [TEST_STEP][PASSED] - if (verifyTextNotPresent("У виджета нет данных", false) == true): Text 'У виджета нет данных' is not present on page

11-03-2025T03:52:47 - [MESSAGE][PASSED] - Text 'У виджета нет данных' is not present on page

11-03-2025T03:52:47 - [TEST_STEP][PASSED] - click(findTestObject("Выручка по ДЗО/Фильтр Выручка")): Object: 'Object Repository/Выручка по ДЗО/Фильтр Выручка' is clicked on

11-03-2025T03:52:48 - [MESSAGE][PASSED] - Object: 'Object Repository/Выручка по ДЗО/Фильтр Выручка' is clicked on

11-03-2025T03:52:48 - [TEST_STEP][PASSED] - click(findTestObject("Выручка по ДЗО/Снять выделение в фильтре Выручка")): Object: 'Object Repository/Выручка по ДЗО/Снять выделение в фильтре Выручка' is clicked on

11-03-2025T03:52:48 - [MESSAGE][PASSED] - Object: 'Object Repository/Выручка по ДЗО/Снять выделение в фильтре Выручка' is clicked on

11-03-2025T03:52:48 - [TEST_STEP][PASSED] - click(findTestObject("Выручка по ДЗО/По передаче в фильтре Выручка")): Object: 'Object Repository/Выручка по ДЗО/По передаче в фильтре Выручка' is clicked on

11-03-2025T03:52:48 - [MESSAGE][PASSED] - Object: 'Object Repository/Выручка по ДЗО/По передаче в фильтре Выручка' is clicked on

11-03-2025T03:52:48 - [TEST_STEP][PASSED] - click(findTestObject("Выручка по ДЗО/Применить в фильтре Выручка")): Object: 'Object Repository/Выручка по ДЗО/Применить в фильтре Выручка' is clicked on

11-03-2025T03:52:49 - [MESSAGE][PASSED] - Object: 'Object Repository/Выручка по ДЗО/Применить в фильтре Выручка' is clicked on

11-03-2025T03:52:49 - [TEST_STEP][PASSED] - Script1687405711779.Test(todaysDate): null

11-03-2025T03:52:49 - [TEST_STEP][PASSED] - delay(10): Delayed 10 second(s)

11-03-2025T03:52:59 - [MESSAGE][PASSED] - Delayed 10 second(s)

11-03-2025T03:52:59 - [TEST_STEP][PASSED] - if (verifyTextNotPresent("нет данных", false) == true): null

11-03-2025T03:52:59 - [MESSAGE][PASSED] - Text 'нет данных' is not present on page

11-03-2025T03:52:59 - [TEST_STEP][PASSED] - if (verifyTextNotPresent("Ошибка запроса данных", false) == true): null

11-03-2025T03:53:00 - [MESSAGE][PASSED] - Text 'Ошибка запроса данных' is not present on page

11-03-2025T03:53:00 - [TEST_STEP][PASSED] - if (verifyTextNotPresent("Произошла ошибка при выполнении пользовательского кода", false) == true): null

11-03-2025T03:53:00 - [MESSAGE][PASSED] - Text 'Произошла ошибка при выполнении пользовательского кода' is not present on page

11-03-2025T03:53:00 - [TEST_STEP][PASSED] - if (verifyTextNotPresent("У виджета нет данных", false) == true): null

11-03-2025T03:53:01 - [MESSAGE][PASSED] - Text 'У виджета нет данных' is not present on page

11-03-2025T03:53:01 - [TEST_STEP][PASSED] - if (verifyTextNotPresent("У виджета нет данных", false) == true): Text 'У виджета нет данных' is not present on page

11-03-2025T03:53:01 - [MESSAGE][PASSED] - Text 'У виджета нет данных' is not present on page

11-03-2025T03:53:01 - [TEST_STEP][PASSED] - click(findTestObject("Выручка по ДЗО/Фильтр Выручка")): Object: 'Object Repository/Выручка по ДЗО/Фильтр Выручка' is clicked on

11-03-2025T03:53:02 - [MESSAGE][PASSED] - Object: 'Object Repository/Выручка по ДЗО/Фильтр Выручка' is clicked on

11-03-2025T03:53:02 - [TEST_STEP][PASSED] - click(findTestObject("Выручка по ДЗО/Снять выделение в фильтре Выручка")): Object: 'Object Repository/Выручка по ДЗО/Снять выделение в фильтре Выручка' is clicked on

11-03-2025T03:53:02 - [MESSAGE][PASSED] - Object: 'Object Repository/Выручка по ДЗО/Снять выделение в фильтре Выручка' is clicked on

11-03-2025T03:53:02 - [TEST_STEP][PASSED] - click(findTestObject("Выручка по ДЗО/Применить в фильтре Выручка")): Object: 'Object Repository/Выручка по ДЗО/Применить в фильтре Выручка' is clicked on

11-03-2025T03:53:03 - [MESSAGE][PASSED] - Object: 'Object Repository/Выручка по ДЗО/Применить в фильтре Выручка' is clicked on

11-03-2025T03:53:03 - [TEST_STEP][PASSED] - click(findTestObject("Выручка по ДЗО/Фильтр ДЗО")): Object: 'Object Repository/Выручка по ДЗО/Фильтр ДЗО' is clicked on

11-03-2025T03:53:04 - [MESSAGE][PASSED] - Object: 'Object Repository/Выручка по ДЗО/Фильтр ДЗО' is clicked on

11-03-2025T03:53:04 - [TEST_STEP][PASSED] - click(findTestObject("Выручка по ДЗО/Снять выделение в фильтре ДЗО")): Object: 'Object Repository/Выручка по ДЗО/Снять выделение в фильтре ДЗО' is clicked on

11-03-2025T03:53:05 - [MESSAGE][PASSED] - Object: 'Object Repository/Выручка по ДЗО/Снять выделение в фильтре ДЗО' is clicked on

11-03-2025T03:53:05 - [TEST_STEP][PASSED] - scrollToElement(findTestObject("Общие объекты/Нижновэнерго"), 30): Scroll to object 'Object Repository/Общие объекты/Нижновэнерго' successfully

11-03-2025T03:53:05 - [MESSAGE][PASSED] - Scroll to object 'Object Repository/Общие объекты/Нижновэнерго' successfully

11-03-2025T03:53:05 - [TEST_STEP][PASSED] - click(findTestObject("Общие объекты/Нижновэнерго"), CONTINUE_ON_FAILURE): Object: 'Object Repository/Общие объекты/Нижновэнерго' is clicked on

11-03-2025T03:53:06 - [MESSAGE][PASSED] - Object: 'Object Repository/Общие объекты/Нижновэнерго' is clicked on

11-03-2025T03:53:06 - [TEST_STEP][PASSED] - Script1687405711779.Change(todaysDate): null

11-03-2025T03:53:06 - [TEST_STEP][PASSED] - scrollToElement(findTestObject("Выручка по ДЗО/Заголовок дашборда"), 30): Scroll to object 'Object Repository/Выручка по ДЗО/Заголовок дашборда' successfully

11-03-2025T03:53:06 - [MESSAGE][PASSED] - Scroll to object 'Object Repository/Выручка по ДЗО/Заголовок дашборда' successfully

11-03-2025T03:53:06 - [TEST_STEP][PASSED] - click(findTestObject("Выручка по ДЗО/Применить в фильтре ДЗО")): Object: 'Object Repository/Выручка по ДЗО/Применить в фильтре ДЗО' is clicked on

11-03-2025T03:53:07 - [MESSAGE][PASSED] - Object: 'Object Repository/Выручка по ДЗО/Применить в фильтре ДЗО' is clicked on

11-03-2025T03:53:07 - [TEST_STEP][PASSED] - Script1687405711779.Tumbler(todaysDate): null

11-03-2025T03:53:07 - [TEST_STEP][PASSED] - Script1687405711779.Test(todaysDate): null

11-03-2025T03:53:07 - [TEST_STEP][PASSED] - delay(10): Delayed 10 second(s)

11-03-2025T03:53:17 - [MESSAGE][PASSED] - Delayed 10 second(s)

11-03-2025T03:53:17 - [TEST_STEP][PASSED] - if (verifyTextNotPresent("нет данных", false) == true): null

11-03-2025T03:53:17 - [MESSAGE][PASSED] - Text 'нет данных' is not present on page

11-03-2025T03:53:17 - [TEST_STEP][PASSED] - if (verifyTextNotPresent("Ошибка запроса данных", false) == true): null

11-03-2025T03:53:18 - [MESSAGE][PASSED] - Text 'Ошибка запроса данных' is not present on page

11-03-2025T03:53:18 - [TEST_STEP][PASSED] - if (verifyTextNotPresent("Произошла ошибка при выполнении пользовательского кода", false) == true): null

11-03-2025T03:53:18 - [MESSAGE][PASSED] - Text 'Произошла ошибка при выполнении пользовательского кода' is not present on page

11-03-2025T03:53:18 - [TEST_STEP][PASSED] - if (verifyTextNotPresent("У виджета нет данных", false) == true): null

11-03-2025T03:53:19 - [MESSAGE][PASSED] - Text 'У виджета нет данных' is not present on page

11-03-2025T03:53:19 - [TEST_STEP][PASSED] - if (verifyTextNotPresent("У виджета нет данных", false) == true): Text 'У виджета нет данных' is not present on page

11-03-2025T03:53:19 - [MESSAGE][PASSED] - Text 'У виджета нет данных' is not present on page

11-03-2025T03:53:19 - [TEST_STEP][PASSED] - click(findTestObject("Выручка по ДЗО/Фильтр Выручка")): Object: 'Object Repository/Выручка по ДЗО/Фильтр Выручка' is clicked on

11-03-2025T03:53:19 - [MESSAGE][PASSED] - Object: 'Object Repository/Выручка по ДЗО/Фильтр Выручка' is clicked on

11-03-2025T03:53:19 - [TEST_STEP][PASSED] - click(findTestObject("Выручка по ДЗО/Внутренний оборот в фильтре Выручка")): Object: 'Object Repository/Выручка по ДЗО/Внутренний оборот в фильтре Выручка' is clicked on

11-03-2025T03:53:20 - [MESSAGE][PASSED] - Object: 'Object Repository/Выручка по ДЗО/Внутренний оборот в фильтре Выручка' is clicked on

11-03-2025T03:53:20 - [TEST_STEP][PASSED] - click(findTestObject("Выручка по ДЗО/Применить в фильтре Выручка")): Object: 'Object Repository/Выручка по ДЗО/Применить в фильтре Выручка' is clicked on

11-03-2025T03:53:21 - [MESSAGE][PASSED] - Object: 'Object Repository/Выручка по ДЗО/Применить в фильтре Выручка' is clicked on

11-03-2025T03:53:21 - [TEST_STEP][PASSED] - Script1687405711779.Test(todaysDate): null

11-03-2025T03:53:21 - [TEST_STEP][PASSED] - delay(10): Delayed 10 second(s)

11-03-2025T03:53:31 - [MESSAGE][PASSED] - Delayed 10 second(s)

11-03-2025T03:53:31 - [TEST_STEP][FAILED] - if (verifyTextNotPresent("нет данных", false) == true): Text 'нет данных' is present on page  (Root cause: com.kms.katalon.core.exception.StepFailedException: Text 'нет данных' is present on page 
	at com.kms.katalon.core.webui.keyword.internal.WebUIKeywordMain.stepFailed(WebUIKeywordMain.groovy:64)
	at com.kms.katalon.core.webui.keyword.builtin.VerifyTextNotPresentKeyword$_verifyTextNotPresent_closure1.doCall(VerifyTextNotPresentKeyword.groovy:77)
	at com.kms.katalon.core.webui.keyword.builtin.VerifyTextNotPresentKeyword$_verifyTextNotPresent_closure1.call(VerifyTextNotPresentKeyword.groovy)
	at com.kms.katalon.core.webui.keyword.internal.WebUIKeywordMain.runKeyword(WebUIKeywordMain.groovy:20)
	at com.kms.katalon.core.webui.keyword.builtin.VerifyTextNotPresentKeyword.verifyTextNotPresent(VerifyTextNotPresentKeyword.groovy:82)
	at com.kms.katalon.core.webui.keyword.builtin.VerifyTextNotPresentKeyword.execute(VerifyTextNotPresentKeyword.groovy:68)
	at com.kms.katalon.core.keyword.internal.KeywordExecutor.executeKeywordForPlatform(KeywordExecutor.groovy:74)
	at com.kms.katalon.core.webui.keyword.WebUiBuiltInKeywords.verifyTextNotPresent(WebUiBuiltInKeywords.groovy:1795)
	at Выручка по ДЗО отображение данных все филиалы.Test(Выручка по ДЗО отображение данных все филиалы:772)
	at Выручка по ДЗО отображение данных все филиалы.Tumbler(Выручка по ДЗО отображение данных все филиалы:726)
	at Выручка по ДЗО отображение данных все филиалы.Change(Выручка по ДЗО отображение данных все филиалы:760)
	at Выручка по ДЗО отображение данных все филиалы.DzoTest(Выручка по ДЗО отображение данных все филиалы:634)
	at Выручка по ДЗО отображение данных все филиалы.run(Выручка по ДЗО отображение данных все филиалы:122)
	at com.kms.katalon.core.main.ScriptEngine.run(ScriptEngine.java:194)
	at com.kms.katalon.core.main.ScriptEngine.runScriptAsRawText(ScriptEngine.java:119)
	at com.kms.katalon.core.main.TestCaseExecutor.runScript(TestCaseExecutor.java:448)
	at com.kms.katalon.core.main.TestCaseExecutor.doExecute(TestCaseExecutor.java:439)
	at com.kms.katalon.core.main.TestCaseExecutor.processExecutionPhase(TestCaseExecutor.java:418)
	at com.kms.katalon.core.main.TestCaseExecutor.accessMainPhase(TestCaseExecutor.java:410)
	at com.kms.katalon.core.main.TestCaseExecutor.execute(TestCaseExecutor.java:285)
	at com.kms.katalon.core.common.CommonExecutor.accessTestCaseMainPhase(CommonExecutor.java:65)
	at com.kms.katalon.core.main.TestSuiteExecutor.accessTestSuiteMainPhase(TestSuiteExecutor.java:150)
	at com.kms.katalon.core.main.TestSuiteExecutor.execute(TestSuiteExecutor.java:106)
	at com.kms.katalon.core.main.TestCaseMain.startTestSuite(TestCaseMain.java:180)
	at TempTestSuite1741649958618.run(TempTestSuite1741649958618.groovy:35)
	at java.base/jdk.internal.reflect.NativeMethodAccessorImpl.invoke0(Native Method)
	at java.base/jdk.internal.reflect.NativeMethodAccessorImpl.invoke(NativeMethodAccessorImpl.java:77)
	at java.base/jdk.internal.reflect.DelegatingMethodAccessorImpl.invoke(DelegatingMethodAccessorImpl.java:43)
)

11-03-2025T03:53:31 - [MESSAGE][FAILED] - Text 'нет данных' is present on page  (Root cause: com.kms.katalon.core.exception.StepFailedException: Text 'нет данных' is present on page 
	at com.kms.katalon.core.webui.keyword.internal.WebUIKeywordMain.stepFailed(WebUIKeywordMain.groovy:64)
	at com.kms.katalon.core.webui.keyword.builtin.VerifyTextNotPresentKeyword$_verifyTextNotPresent_closure1.doCall(VerifyTextNotPresentKeyword.groovy:77)
	at com.kms.katalon.core.webui.keyword.builtin.VerifyTextNotPresentKeyword$_verifyTextNotPresent_closure1.call(VerifyTextNotPresentKeyword.groovy)
	at com.kms.katalon.core.webui.keyword.internal.WebUIKeywordMain.runKeyword(WebUIKeywordMain.groovy:20)
	at com.kms.katalon.core.webui.keyword.builtin.VerifyTextNotPresentKeyword.verifyTextNotPresent(VerifyTextNotPresentKeyword.groovy:82)
	at com.kms.katalon.core.webui.keyword.builtin.VerifyTextNotPresentKeyword.execute(VerifyTextNotPresentKeyword.groovy:68)
	at com.kms.katalon.core.keyword.internal.KeywordExecutor.executeKeywordForPlatform(KeywordExecutor.groovy:74)
	at com.kms.katalon.core.webui.keyword.WebUiBuiltInKeywords.verifyTextNotPresent(WebUiBuiltInKeywords.groovy:1795)
	at Выручка по ДЗО отображение данных все филиалы.Test(Выручка по ДЗО отображение данных все филиалы:772)
	at Выручка по ДЗО отображение данных все филиалы.Tumbler(Выручка по ДЗО отображение данных все филиалы:726)
	at Выручка по ДЗО отображение данных все филиалы.Change(Выручка по ДЗО отображение данных все филиалы:760)
	at Выручка по ДЗО отображение данных все филиалы.DzoTest(Выручка по ДЗО отображение данных все филиалы:634)
	at Выручка по ДЗО отображение данных все филиалы.run(Выручка по ДЗО отображение данных все филиалы:122)
	at com.kms.katalon.core.main.ScriptEngine.run(ScriptEngine.java:194)
	at com.kms.katalon.core.main.ScriptEngine.runScriptAsRawText(ScriptEngine.java:119)
	at com.kms.katalon.core.main.TestCaseExecutor.runScript(TestCaseExecutor.java:448)
	at com.kms.katalon.core.main.TestCaseExecutor.doExecute(TestCaseExecutor.java:439)
	at com.kms.katalon.core.main.TestCaseExecutor.processExecutionPhase(TestCaseExecutor.java:418)
	at com.kms.katalon.core.main.TestCaseExecutor.accessMainPhase(TestCaseExecutor.java:410)
	at com.kms.katalon.core.main.TestCaseExecutor.execute(TestCaseExecutor.java:285)
	at com.kms.katalon.core.common.CommonExecutor.accessTestCaseMainPhase(CommonExecutor.java:65)
	at com.kms.katalon.core.main.TestSuiteExecutor.accessTestSuiteMainPhase(TestSuiteExecutor.java:150)
	at com.kms.katalon.core.main.TestSuiteExecutor.execute(TestSuiteExecutor.java:106)
	at com.kms.katalon.core.main.TestCaseMain.startTestSuite(TestCaseMain.java:180)
	at TempTestSuite1741649958618.run(TempTestSuite1741649958618.groovy:35)
	at java.base/jdk.internal.reflect.NativeMethodAccessorImpl.invoke0(Native Method)
	at java.base/jdk.internal.reflect.NativeMethodAccessorImpl.invoke(NativeMethodAccessorImpl.java:77)
	at java.base/jdk.internal.reflect.DelegatingMethodAccessorImpl.invoke(DelegatingMethodAccessorImpl.java:43)
)

11-03-2025T03:53:31 - [TEST_STEP][PASSED] - else: null

11-03-2025T03:53:31 - [TEST_STEP][PASSED] - Script1687405711779.WriteToExcel(todaysDate): null

11-03-2025T03:53:31 - [TEST_STEP][PASSED] - sheetName = "Sheet1": null

11-03-2025T03:53:31 - [TEST_STEP][PASSED] - data = findTestData("PlanFact"): null

11-03-2025T03:53:31 - [TEST_STEP][PASSED] - n = data.getRowNumbers() + 1: null

11-03-2025T03:53:31 - [TEST_STEP][PASSED] - dZO = getText(findTestObject("Выручка по ДЗО/Фильтр ДЗО")): Text of object 'Object Repository/Выручка по ДЗО/Фильтр ДЗО' is: 'ПАО Россети - РаспредКомплекс - Россети Центр и Приволжье (ГК) - Нижновэнерго'

11-03-2025T03:53:31 - [MESSAGE][PASSED] - Text of object 'Object Repository/Выручка по ДЗО/Фильтр ДЗО' is: 'ПАО Россети - РаспредКомплекс - Россети Центр и Приволжье (ГК) - Нижновэнерго'

11-03-2025T03:53:31 - [TEST_STEP][PASSED] - period = getText(findTestObject("Выручка по ДЗО/Фильтр Дата")): Text of object 'Object Repository/Выручка по ДЗО/Фильтр Дата' is: 'Январь 2025 года'

11-03-2025T03:53:32 - [MESSAGE][PASSED] - Text of object 'Object Repository/Выручка по ДЗО/Фильтр Дата' is: 'Январь 2025 года'

11-03-2025T03:53:32 - [TEST_STEP][PASSED] - viruchka = getText(findTestObject("Выручка по ДЗО/Фильтр Выручка")): Text of object 'Object Repository/Выручка по ДЗО/Фильтр Выручка' is: 'внутренний оборот'

11-03-2025T03:53:32 - [MESSAGE][PASSED] - Text of object 'Object Repository/Выручка по ДЗО/Фильтр Выручка' is: 'внутренний оборот'

11-03-2025T03:53:32 - [TEST_STEP][PASSED] - if (viruchka == "Выбрано: 2"): null

11-03-2025T03:53:32 - [TEST_STEP][PASSED] - if (viruchka == "Все"): null

11-03-2025T03:53:32 - [TEST_STEP][PASSED] - println(period): null

11-03-2025T03:53:32 - [TEST_STEP][PASSED] - dashboardName = "Выручка по ДЗО": null

11-03-2025T03:53:32 - [TEST_STEP][PASSED] - workbook01 = getWorkbook(excelFilePath): null

11-03-2025T03:53:32 - [TEST_STEP][PASSED] - sheet01 = getExcelSheet(workbook01, sheetName): null

11-03-2025T03:53:32 - [TEST_STEP][PASSED] - setValueToCellByIndex(sheet01, n, 0, dashboardName): null

11-03-2025T03:53:32 - [TEST_STEP][PASSED] - setValueToCellByIndex(sheet01, n, 1, dZO): null

11-03-2025T03:53:32 - [TEST_STEP][PASSED] - setValueToCellByIndex(sheet01, n, 2, period): null

11-03-2025T03:53:32 - [TEST_STEP][PASSED] - setValueToCellByIndex(sheet01, n, 3, viruchka): null

11-03-2025T03:53:32 - [TEST_STEP][PASSED] - setValueToCellByIndex(sheet01, n, 4, todaysDate): null

11-03-2025T03:53:32 - [TEST_STEP][PASSED] - n = n + 1: null

11-03-2025T03:53:32 - [TEST_STEP][PASSED] - saveWorkbook(excelFilePath, workbook01): null

11-03-2025T03:53:32 - [TEST_STEP][PASSED] - click(findTestObject("Выручка по ДЗО/Фильтр Выручка")): Object: 'Object Repository/Выручка по ДЗО/Фильтр Выручка' is clicked on

11-03-2025T03:53:32 - [MESSAGE][PASSED] - Object: 'Object Repository/Выручка по ДЗО/Фильтр Выручка' is clicked on

11-03-2025T03:53:32 - [TEST_STEP][PASSED] - click(findTestObject("Выручка по ДЗО/По передаче в фильтре Выручка")): Object: 'Object Repository/Выручка по ДЗО/По передаче в фильтре Выручка' is clicked on

11-03-2025T03:53:33 - [MESSAGE][PASSED] - Object: 'Object Repository/Выручка по ДЗО/По передаче в фильтре Выручка' is clicked on

11-03-2025T03:53:33 - [TEST_STEP][PASSED] - click(findTestObject("Выручка по ДЗО/Применить в фильтре Выручка")): Object: 'Object Repository/Выручка по ДЗО/Применить в фильтре Выручка' is clicked on

11-03-2025T03:53:34 - [MESSAGE][PASSED] - Object: 'Object Repository/Выручка по ДЗО/Применить в фильтре Выручка' is clicked on

11-03-2025T03:53:34 - [TEST_STEP][PASSED] - Script1687405711779.Test(todaysDate): null

11-03-2025T03:53:34 - [TEST_STEP][PASSED] - delay(10): Delayed 10 second(s)

11-03-2025T03:53:44 - [MESSAGE][PASSED] - Delayed 10 second(s)

11-03-2025T03:53:44 - [TEST_STEP][PASSED] - if (verifyTextNotPresent("нет данных", false) == true): null

11-03-2025T03:53:44 - [MESSAGE][PASSED] - Text 'нет данных' is not present on page

11-03-2025T03:53:44 - [TEST_STEP][PASSED] - if (verifyTextNotPresent("Ошибка запроса данных", false) == true): null

11-03-2025T03:53:45 - [MESSAGE][PASSED] - Text 'Ошибка запроса данных' is not present on page

11-03-2025T03:53:45 - [TEST_STEP][PASSED] - if (verifyTextNotPresent("Произошла ошибка при выполнении пользовательского кода", false) == true): null

11-03-2025T03:53:45 - [MESSAGE][PASSED] - Text 'Произошла ошибка при выполнении пользовательского кода' is not present on page

11-03-2025T03:53:45 - [TEST_STEP][PASSED] - if (verifyTextNotPresent("У виджета нет данных", false) == true): null

11-03-2025T03:53:46 - [MESSAGE][PASSED] - Text 'У виджета нет данных' is not present on page

11-03-2025T03:53:46 - [TEST_STEP][PASSED] - if (verifyTextNotPresent("У виджета нет данных", false) == true): Text 'У виджета нет данных' is not present on page

11-03-2025T03:53:46 - [MESSAGE][PASSED] - Text 'У виджета нет данных' is not present on page

11-03-2025T03:53:46 - [TEST_STEP][PASSED] - click(findTestObject("Выручка по ДЗО/Фильтр Выручка")): Object: 'Object Repository/Выручка по ДЗО/Фильтр Выручка' is clicked on

11-03-2025T03:53:46 - [MESSAGE][PASSED] - Object: 'Object Repository/Выручка по ДЗО/Фильтр Выручка' is clicked on

11-03-2025T03:53:46 - [TEST_STEP][PASSED] - click(findTestObject("Выручка по ДЗО/Снять выделение в фильтре Выручка")): Object: 'Object Repository/Выручка по ДЗО/Снять выделение в фильтре Выручка' is clicked on

11-03-2025T03:53:47 - [MESSAGE][PASSED] - Object: 'Object Repository/Выручка по ДЗО/Снять выделение в фильтре Выручка' is clicked on

11-03-2025T03:53:47 - [TEST_STEP][PASSED] - click(findTestObject("Выручка по ДЗО/По передаче в фильтре Выручка")): Object: 'Object Repository/Выручка по ДЗО/По передаче в фильтре Выручка' is clicked on

11-03-2025T03:53:47 - [MESSAGE][PASSED] - Object: 'Object Repository/Выручка по ДЗО/По передаче в фильтре Выручка' is clicked on

11-03-2025T03:53:47 - [TEST_STEP][PASSED] - click(findTestObject("Выручка по ДЗО/Применить в фильтре Выручка")): Object: 'Object Repository/Выручка по ДЗО/Применить в фильтре Выручка' is clicked on

11-03-2025T03:53:48 - [MESSAGE][PASSED] - Object: 'Object Repository/Выручка по ДЗО/Применить в фильтре Выручка' is clicked on

11-03-2025T03:53:48 - [TEST_STEP][PASSED] - Script1687405711779.Test(todaysDate): null

11-03-2025T03:53:48 - [TEST_STEP][PASSED] - delay(10): Delayed 10 second(s)

11-03-2025T03:53:58 - [MESSAGE][PASSED] - Delayed 10 second(s)

11-03-2025T03:53:58 - [TEST_STEP][PASSED] - if (verifyTextNotPresent("нет данных", false) == true): null

11-03-2025T03:53:58 - [MESSAGE][PASSED] - Text 'нет данных' is not present on page

11-03-2025T03:53:58 - [TEST_STEP][PASSED] - if (verifyTextNotPresent("Ошибка запроса данных", false) == true): null

11-03-2025T03:53:59 - [MESSAGE][PASSED] - Text 'Ошибка запроса данных' is not present on page

11-03-2025T03:53:59 - [TEST_STEP][PASSED] - if (verifyTextNotPresent("Произошла ошибка при выполнении пользовательского кода", false) == true): null

11-03-2025T03:53:59 - [MESSAGE][PASSED] - Text 'Произошла ошибка при выполнении пользовательского кода' is not present on page

11-03-2025T03:53:59 - [TEST_STEP][PASSED] - if (verifyTextNotPresent("У виджета нет данных", false) == true): null

11-03-2025T03:54:00 - [MESSAGE][PASSED] - Text 'У виджета нет данных' is not present on page

11-03-2025T03:54:00 - [TEST_STEP][PASSED] - if (verifyTextNotPresent("У виджета нет данных", false) == true): Text 'У виджета нет данных' is not present on page

11-03-2025T03:54:00 - [MESSAGE][PASSED] - Text 'У виджета нет данных' is not present on page

11-03-2025T03:54:00 - [TEST_STEP][PASSED] - click(findTestObject("Выручка по ДЗО/Фильтр Выручка")): Object: 'Object Repository/Выручка по ДЗО/Фильтр Выручка' is clicked on

11-03-2025T03:54:01 - [MESSAGE][PASSED] - Object: 'Object Repository/Выручка по ДЗО/Фильтр Выручка' is clicked on

11-03-2025T03:54:01 - [TEST_STEP][PASSED] - click(findTestObject("Выручка по ДЗО/Снять выделение в фильтре Выручка")): Object: 'Object Repository/Выручка по ДЗО/Снять выделение в фильтре Выручка' is clicked on

11-03-2025T03:54:01 - [MESSAGE][PASSED] - Object: 'Object Repository/Выручка по ДЗО/Снять выделение в фильтре Выручка' is clicked on

11-03-2025T03:54:01 - [TEST_STEP][PASSED] - click(findTestObject("Выручка по ДЗО/Применить в фильтре Выручка")): Object: 'Object Repository/Выручка по ДЗО/Применить в фильтре Выручка' is clicked on

11-03-2025T03:54:02 - [MESSAGE][PASSED] - Object: 'Object Repository/Выручка по ДЗО/Применить в фильтре Выручка' is clicked on

11-03-2025T03:54:02 - [TEST_STEP][PASSED] - click(findTestObject("Выручка по ДЗО/Фильтр ДЗО")): Object: 'Object Repository/Выручка по ДЗО/Фильтр ДЗО' is clicked on

11-03-2025T03:54:03 - [MESSAGE][PASSED] - Object: 'Object Repository/Выручка по ДЗО/Фильтр ДЗО' is clicked on

11-03-2025T03:54:03 - [TEST_STEP][PASSED] - click(findTestObject("Выручка по ДЗО/Снять выделение в фильтре ДЗО")): Object: 'Object Repository/Выручка по ДЗО/Снять выделение в фильтре ДЗО' is clicked on

11-03-2025T03:54:04 - [MESSAGE][PASSED] - Object: 'Object Repository/Выручка по ДЗО/Снять выделение в фильтре ДЗО' is clicked on

11-03-2025T03:54:04 - [TEST_STEP][PASSED] - scrollToElement(findTestObject("Общие объекты/Рязаньэнерго"), 30): Scroll to object 'Object Repository/Общие объекты/Рязаньэнерго' successfully

11-03-2025T03:54:04 - [MESSAGE][PASSED] - Scroll to object 'Object Repository/Общие объекты/Рязаньэнерго' successfully

11-03-2025T03:54:04 - [TEST_STEP][PASSED] - click(findTestObject("Общие объекты/Рязаньэнерго"), CONTINUE_ON_FAILURE): Object: 'Object Repository/Общие объекты/Рязаньэнерго' is clicked on

11-03-2025T03:54:04 - [MESSAGE][PASSED] - Object: 'Object Repository/Общие объекты/Рязаньэнерго' is clicked on

11-03-2025T03:54:04 - [TEST_STEP][PASSED] - Script1687405711779.Change(todaysDate): null

11-03-2025T03:54:04 - [TEST_STEP][PASSED] - scrollToElement(findTestObject("Выручка по ДЗО/Заголовок дашборда"), 30): Scroll to object 'Object Repository/Выручка по ДЗО/Заголовок дашборда' successfully

11-03-2025T03:54:05 - [MESSAGE][PASSED] - Scroll to object 'Object Repository/Выручка по ДЗО/Заголовок дашборда' successfully

11-03-2025T03:54:05 - [TEST_STEP][PASSED] - click(findTestObject("Выручка по ДЗО/Применить в фильтре ДЗО")): Object: 'Object Repository/Выручка по ДЗО/Применить в фильтре ДЗО' is clicked on

11-03-2025T03:54:05 - [MESSAGE][PASSED] - Object: 'Object Repository/Выручка по ДЗО/Применить в фильтре ДЗО' is clicked on

11-03-2025T03:54:05 - [TEST_STEP][PASSED] - Script1687405711779.Tumbler(todaysDate): null

11-03-2025T03:54:05 - [TEST_STEP][PASSED] - Script1687405711779.Test(todaysDate): null

11-03-2025T03:54:05 - [TEST_STEP][PASSED] - delay(10): Delayed 10 second(s)

11-03-2025T03:54:15 - [MESSAGE][PASSED] - Delayed 10 second(s)

11-03-2025T03:54:15 - [TEST_STEP][PASSED] - if (verifyTextNotPresent("нет данных", false) == true): null

11-03-2025T03:54:16 - [MESSAGE][PASSED] - Text 'нет данных' is not present on page

11-03-2025T03:54:16 - [TEST_STEP][PASSED] - if (verifyTextNotPresent("Ошибка запроса данных", false) == true): null

11-03-2025T03:54:16 - [MESSAGE][PASSED] - Text 'Ошибка запроса данных' is not present on page

11-03-2025T03:54:16 - [TEST_STEP][PASSED] - if (verifyTextNotPresent("Произошла ошибка при выполнении пользовательского кода", false) == true): null

11-03-2025T03:54:17 - [MESSAGE][PASSED] - Text 'Произошла ошибка при выполнении пользовательского кода' is not present on page

11-03-2025T03:54:17 - [TEST_STEP][PASSED] - if (verifyTextNotPresent("У виджета нет данных", false) == true): null

11-03-2025T03:54:17 - [MESSAGE][PASSED] - Text 'У виджета нет данных' is not present on page

11-03-2025T03:54:17 - [TEST_STEP][PASSED] - if (verifyTextNotPresent("У виджета нет данных", false) == true): Text 'У виджета нет данных' is not present on page

11-03-2025T03:54:18 - [MESSAGE][PASSED] - Text 'У виджета нет данных' is not present on page

11-03-2025T03:54:18 - [TEST_STEP][PASSED] - click(findTestObject("Выручка по ДЗО/Фильтр Выручка")): Object: 'Object Repository/Выручка по ДЗО/Фильтр Выручка' is clicked on

11-03-2025T03:54:18 - [MESSAGE][PASSED] - Object: 'Object Repository/Выручка по ДЗО/Фильтр Выручка' is clicked on

11-03-2025T03:54:18 - [TEST_STEP][PASSED] - click(findTestObject("Выручка по ДЗО/Внутренний оборот в фильтре Выручка")): Object: 'Object Repository/Выручка по ДЗО/Внутренний оборот в фильтре Выручка' is clicked on

11-03-2025T03:54:19 - [MESSAGE][PASSED] - Object: 'Object Repository/Выручка по ДЗО/Внутренний оборот в фильтре Выручка' is clicked on

11-03-2025T03:54:19 - [TEST_STEP][PASSED] - click(findTestObject("Выручка по ДЗО/Применить в фильтре Выручка")): Object: 'Object Repository/Выручка по ДЗО/Применить в фильтре Выручка' is clicked on

11-03-2025T03:54:19 - [MESSAGE][PASSED] - Object: 'Object Repository/Выручка по ДЗО/Применить в фильтре Выручка' is clicked on

11-03-2025T03:54:19 - [TEST_STEP][PASSED] - Script1687405711779.Test(todaysDate): null

11-03-2025T03:54:19 - [TEST_STEP][PASSED] - delay(10): Delayed 10 second(s)

11-03-2025T03:54:29 - [MESSAGE][PASSED] - Delayed 10 second(s)

11-03-2025T03:54:29 - [TEST_STEP][FAILED] - if (verifyTextNotPresent("нет данных", false) == true): Text 'нет данных' is present on page  (Root cause: com.kms.katalon.core.exception.StepFailedException: Text 'нет данных' is present on page 
	at com.kms.katalon.core.webui.keyword.internal.WebUIKeywordMain.stepFailed(WebUIKeywordMain.groovy:64)
	at com.kms.katalon.core.webui.keyword.builtin.VerifyTextNotPresentKeyword$_verifyTextNotPresent_closure1.doCall(VerifyTextNotPresentKeyword.groovy:77)
	at com.kms.katalon.core.webui.keyword.builtin.VerifyTextNotPresentKeyword$_verifyTextNotPresent_closure1.call(VerifyTextNotPresentKeyword.groovy)
	at com.kms.katalon.core.webui.keyword.internal.WebUIKeywordMain.runKeyword(WebUIKeywordMain.groovy:20)
	at com.kms.katalon.core.webui.keyword.builtin.VerifyTextNotPresentKeyword.verifyTextNotPresent(VerifyTextNotPresentKeyword.groovy:82)
	at com.kms.katalon.core.webui.keyword.builtin.VerifyTextNotPresentKeyword.execute(VerifyTextNotPresentKeyword.groovy:68)
	at com.kms.katalon.core.keyword.internal.KeywordExecutor.executeKeywordForPlatform(KeywordExecutor.groovy:74)
	at com.kms.katalon.core.webui.keyword.WebUiBuiltInKeywords.verifyTextNotPresent(WebUiBuiltInKeywords.groovy:1795)
	at Выручка по ДЗО отображение данных все филиалы.Test(Выручка по ДЗО отображение данных все филиалы:772)
	at Выручка по ДЗО отображение данных все филиалы.Tumbler(Выручка по ДЗО отображение данных все филиалы:726)
	at Выручка по ДЗО отображение данных все филиалы.Change(Выручка по ДЗО отображение данных все филиалы:760)
	at Выручка по ДЗО отображение данных все филиалы.DzoTest(Выручка по ДЗО отображение данных все филиалы:640)
	at Выручка по ДЗО отображение данных все филиалы.run(Выручка по ДЗО отображение данных все филиалы:122)
	at com.kms.katalon.core.main.ScriptEngine.run(ScriptEngine.java:194)
	at com.kms.katalon.core.main.ScriptEngine.runScriptAsRawText(ScriptEngine.java:119)
	at com.kms.katalon.core.main.TestCaseExecutor.runScript(TestCaseExecutor.java:448)
	at com.kms.katalon.core.main.TestCaseExecutor.doExecute(TestCaseExecutor.java:439)
	at com.kms.katalon.core.main.TestCaseExecutor.processExecutionPhase(TestCaseExecutor.java:418)
	at com.kms.katalon.core.main.TestCaseExecutor.accessMainPhase(TestCaseExecutor.java:410)
	at com.kms.katalon.core.main.TestCaseExecutor.execute(TestCaseExecutor.java:285)
	at com.kms.katalon.core.common.CommonExecutor.accessTestCaseMainPhase(CommonExecutor.java:65)
	at com.kms.katalon.core.main.TestSuiteExecutor.accessTestSuiteMainPhase(TestSuiteExecutor.java:150)
	at com.kms.katalon.core.main.TestSuiteExecutor.execute(TestSuiteExecutor.java:106)
	at com.kms.katalon.core.main.TestCaseMain.startTestSuite(TestCaseMain.java:180)
	at TempTestSuite1741649958618.run(TempTestSuite1741649958618.groovy:35)
	at java.base/jdk.internal.reflect.NativeMethodAccessorImpl.invoke0(Native Method)
	at java.base/jdk.internal.reflect.NativeMethodAccessorImpl.invoke(NativeMethodAccessorImpl.java:77)
	at java.base/jdk.internal.reflect.DelegatingMethodAccessorImpl.invoke(DelegatingMethodAccessorImpl.java:43)
)

11-03-2025T03:54:30 - [MESSAGE][FAILED] - Text 'нет данных' is present on page  (Root cause: com.kms.katalon.core.exception.StepFailedException: Text 'нет данных' is present on page 
	at com.kms.katalon.core.webui.keyword.internal.WebUIKeywordMain.stepFailed(WebUIKeywordMain.groovy:64)
	at com.kms.katalon.core.webui.keyword.builtin.VerifyTextNotPresentKeyword$_verifyTextNotPresent_closure1.doCall(VerifyTextNotPresentKeyword.groovy:77)
	at com.kms.katalon.core.webui.keyword.builtin.VerifyTextNotPresentKeyword$_verifyTextNotPresent_closure1.call(VerifyTextNotPresentKeyword.groovy)
	at com.kms.katalon.core.webui.keyword.internal.WebUIKeywordMain.runKeyword(WebUIKeywordMain.groovy:20)
	at com.kms.katalon.core.webui.keyword.builtin.VerifyTextNotPresentKeyword.verifyTextNotPresent(VerifyTextNotPresentKeyword.groovy:82)
	at com.kms.katalon.core.webui.keyword.builtin.VerifyTextNotPresentKeyword.execute(VerifyTextNotPresentKeyword.groovy:68)
	at com.kms.katalon.core.keyword.internal.KeywordExecutor.executeKeywordForPlatform(KeywordExecutor.groovy:74)
	at com.kms.katalon.core.webui.keyword.WebUiBuiltInKeywords.verifyTextNotPresent(WebUiBuiltInKeywords.groovy:1795)
	at Выручка по ДЗО отображение данных все филиалы.Test(Выручка по ДЗО отображение данных все филиалы:772)
	at Выручка по ДЗО отображение данных все филиалы.Tumbler(Выручка по ДЗО отображение данных все филиалы:726)
	at Выручка по ДЗО отображение данных все филиалы.Change(Выручка по ДЗО отображение данных все филиалы:760)
	at Выручка по ДЗО отображение данных все филиалы.DzoTest(Выручка по ДЗО отображение данных все филиалы:640)
	at Выручка по ДЗО отображение данных все филиалы.run(Выручка по ДЗО отображение данных все филиалы:122)
	at com.kms.katalon.core.main.ScriptEngine.run(ScriptEngine.java:194)
	at com.kms.katalon.core.main.ScriptEngine.runScriptAsRawText(ScriptEngine.java:119)
	at com.kms.katalon.core.main.TestCaseExecutor.runScript(TestCaseExecutor.java:448)
	at com.kms.katalon.core.main.TestCaseExecutor.doExecute(TestCaseExecutor.java:439)
	at com.kms.katalon.core.main.TestCaseExecutor.processExecutionPhase(TestCaseExecutor.java:418)
	at com.kms.katalon.core.main.TestCaseExecutor.accessMainPhase(TestCaseExecutor.java:410)
	at com.kms.katalon.core.main.TestCaseExecutor.execute(TestCaseExecutor.java:285)
	at com.kms.katalon.core.common.CommonExecutor.accessTestCaseMainPhase(CommonExecutor.java:65)
	at com.kms.katalon.core.main.TestSuiteExecutor.accessTestSuiteMainPhase(TestSuiteExecutor.java:150)
	at com.kms.katalon.core.main.TestSuiteExecutor.execute(TestSuiteExecutor.java:106)
	at com.kms.katalon.core.main.TestCaseMain.startTestSuite(TestCaseMain.java:180)
	at TempTestSuite1741649958618.run(TempTestSuite1741649958618.groovy:35)
	at java.base/jdk.internal.reflect.NativeMethodAccessorImpl.invoke0(Native Method)
	at java.base/jdk.internal.reflect.NativeMethodAccessorImpl.invoke(NativeMethodAccessorImpl.java:77)
	at java.base/jdk.internal.reflect.DelegatingMethodAccessorImpl.invoke(DelegatingMethodAccessorImpl.java:43)
)

11-03-2025T03:54:30 - [TEST_STEP][PASSED] - else: null

11-03-2025T03:54:30 - [TEST_STEP][PASSED] - Script1687405711779.WriteToExcel(todaysDate): null

11-03-2025T03:54:30 - [TEST_STEP][PASSED] - sheetName = "Sheet1": null

11-03-2025T03:54:30 - [TEST_STEP][PASSED] - data = findTestData("PlanFact"): null

11-03-2025T03:54:30 - [TEST_STEP][PASSED] - n = data.getRowNumbers() + 1: null

11-03-2025T03:54:30 - [TEST_STEP][PASSED] - dZO = getText(findTestObject("Выручка по ДЗО/Фильтр ДЗО")): Text of object 'Object Repository/Выручка по ДЗО/Фильтр ДЗО' is: 'ПАО Россети - РаспредКомплекс - Россети Центр и Приволжье (ГК) - Рязаньэнерго'

11-03-2025T03:54:30 - [MESSAGE][PASSED] - Text of object 'Object Repository/Выручка по ДЗО/Фильтр ДЗО' is: 'ПАО Россети - РаспредКомплекс - Россети Центр и Приволжье (ГК) - Рязаньэнерго'

11-03-2025T03:54:30 - [TEST_STEP][PASSED] - period = getText(findTestObject("Выручка по ДЗО/Фильтр Дата")): Text of object 'Object Repository/Выручка по ДЗО/Фильтр Дата' is: 'Январь 2025 года'

11-03-2025T03:54:30 - [MESSAGE][PASSED] - Text of object 'Object Repository/Выручка по ДЗО/Фильтр Дата' is: 'Январь 2025 года'

11-03-2025T03:54:30 - [TEST_STEP][PASSED] - viruchka = getText(findTestObject("Выручка по ДЗО/Фильтр Выручка")): Text of object 'Object Repository/Выручка по ДЗО/Фильтр Выручка' is: 'внутренний оборот'

11-03-2025T03:54:31 - [MESSAGE][PASSED] - Text of object 'Object Repository/Выручка по ДЗО/Фильтр Выручка' is: 'внутренний оборот'

11-03-2025T03:54:31 - [TEST_STEP][PASSED] - if (viruchka == "Выбрано: 2"): null

11-03-2025T03:54:31 - [TEST_STEP][PASSED] - if (viruchka == "Все"): null

11-03-2025T03:54:31 - [TEST_STEP][PASSED] - println(period): null

11-03-2025T03:54:31 - [TEST_STEP][PASSED] - dashboardName = "Выручка по ДЗО": null

11-03-2025T03:54:31 - [TEST_STEP][PASSED] - workbook01 = getWorkbook(excelFilePath): null

11-03-2025T03:54:31 - [TEST_STEP][PASSED] - sheet01 = getExcelSheet(workbook01, sheetName): null

11-03-2025T03:54:31 - [TEST_STEP][PASSED] - setValueToCellByIndex(sheet01, n, 0, dashboardName): null

11-03-2025T03:54:31 - [TEST_STEP][PASSED] - setValueToCellByIndex(sheet01, n, 1, dZO): null

11-03-2025T03:54:31 - [TEST_STEP][PASSED] - setValueToCellByIndex(sheet01, n, 2, period): null

11-03-2025T03:54:31 - [TEST_STEP][PASSED] - setValueToCellByIndex(sheet01, n, 3, viruchka): null

11-03-2025T03:54:31 - [TEST_STEP][PASSED] - setValueToCellByIndex(sheet01, n, 4, todaysDate): null

11-03-2025T03:54:31 - [TEST_STEP][PASSED] - n = n + 1: null

11-03-2025T03:54:31 - [TEST_STEP][PASSED] - saveWorkbook(excelFilePath, workbook01): null

11-03-2025T03:54:31 - [TEST_STEP][PASSED] - click(findTestObject("Выручка по ДЗО/Фильтр Выручка")): Object: 'Object Repository/Выручка по ДЗО/Фильтр Выручка' is clicked on

11-03-2025T03:54:31 - [MESSAGE][PASSED] - Object: 'Object Repository/Выручка по ДЗО/Фильтр Выручка' is clicked on

11-03-2025T03:54:31 - [TEST_STEP][PASSED] - click(findTestObject("Выручка по ДЗО/По передаче в фильтре Выручка")): Object: 'Object Repository/Выручка по ДЗО/По передаче в фильтре Выручка' is clicked on

11-03-2025T03:54:32 - [MESSAGE][PASSED] - Object: 'Object Repository/Выручка по ДЗО/По передаче в фильтре Выручка' is clicked on

11-03-2025T03:54:32 - [TEST_STEP][PASSED] - click(findTestObject("Выручка по ДЗО/Применить в фильтре Выручка")): Object: 'Object Repository/Выручка по ДЗО/Применить в фильтре Выручка' is clicked on

11-03-2025T03:54:32 - [MESSAGE][PASSED] - Object: 'Object Repository/Выручка по ДЗО/Применить в фильтре Выручка' is clicked on

11-03-2025T03:54:32 - [TEST_STEP][PASSED] - Script1687405711779.Test(todaysDate): null

11-03-2025T03:54:32 - [TEST_STEP][PASSED] - delay(10): Delayed 10 second(s)

11-03-2025T03:54:42 - [MESSAGE][PASSED] - Delayed 10 second(s)

11-03-2025T03:54:42 - [TEST_STEP][PASSED] - if (verifyTextNotPresent("нет данных", false) == true): null

11-03-2025T03:54:43 - [MESSAGE][PASSED] - Text 'нет данных' is not present on page

11-03-2025T03:54:43 - [TEST_STEP][PASSED] - if (verifyTextNotPresent("Ошибка запроса данных", false) == true): null

11-03-2025T03:54:43 - [MESSAGE][PASSED] - Text 'Ошибка запроса данных' is not present on page

11-03-2025T03:54:43 - [TEST_STEP][PASSED] - if (verifyTextNotPresent("Произошла ошибка при выполнении пользовательского кода", false) == true): null

11-03-2025T03:54:44 - [MESSAGE][PASSED] - Text 'Произошла ошибка при выполнении пользовательского кода' is not present on page

11-03-2025T03:54:44 - [TEST_STEP][PASSED] - if (verifyTextNotPresent("У виджета нет данных", false) == true): null

11-03-2025T03:54:44 - [MESSAGE][PASSED] - Text 'У виджета нет данных' is not present on page

11-03-2025T03:54:44 - [TEST_STEP][PASSED] - if (verifyTextNotPresent("У виджета нет данных", false) == true): Text 'У виджета нет данных' is not present on page

11-03-2025T03:54:45 - [MESSAGE][PASSED] - Text 'У виджета нет данных' is not present on page

11-03-2025T03:54:45 - [TEST_STEP][PASSED] - click(findTestObject("Выручка по ДЗО/Фильтр Выручка")): Object: 'Object Repository/Выручка по ДЗО/Фильтр Выручка' is clicked on

11-03-2025T03:54:45 - [MESSAGE][PASSED] - Object: 'Object Repository/Выручка по ДЗО/Фильтр Выручка' is clicked on

11-03-2025T03:54:45 - [TEST_STEP][PASSED] - click(findTestObject("Выручка по ДЗО/Снять выделение в фильтре Выручка")): Object: 'Object Repository/Выручка по ДЗО/Снять выделение в фильтре Выручка' is clicked on

11-03-2025T03:54:46 - [MESSAGE][PASSED] - Object: 'Object Repository/Выручка по ДЗО/Снять выделение в фильтре Выручка' is clicked on

11-03-2025T03:54:46 - [TEST_STEP][PASSED] - click(findTestObject("Выручка по ДЗО/По передаче в фильтре Выручка")): Object: 'Object Repository/Выручка по ДЗО/По передаче в фильтре Выручка' is clicked on

11-03-2025T03:54:46 - [MESSAGE][PASSED] - Object: 'Object Repository/Выручка по ДЗО/По передаче в фильтре Выручка' is clicked on

11-03-2025T03:54:46 - [TEST_STEP][PASSED] - click(findTestObject("Выручка по ДЗО/Применить в фильтре Выручка")): Object: 'Object Repository/Выручка по ДЗО/Применить в фильтре Выручка' is clicked on

11-03-2025T03:54:47 - [MESSAGE][PASSED] - Object: 'Object Repository/Выручка по ДЗО/Применить в фильтре Выручка' is clicked on

11-03-2025T03:54:47 - [TEST_STEP][PASSED] - Script1687405711779.Test(todaysDate): null

11-03-2025T03:54:47 - [TEST_STEP][PASSED] - delay(10): Delayed 10 second(s)

11-03-2025T03:54:57 - [MESSAGE][PASSED] - Delayed 10 second(s)

11-03-2025T03:54:57 - [TEST_STEP][PASSED] - if (verifyTextNotPresent("нет данных", false) == true): null

11-03-2025T03:54:57 - [MESSAGE][PASSED] - Text 'нет данных' is not present on page

11-03-2025T03:54:57 - [TEST_STEP][PASSED] - if (verifyTextNotPresent("Ошибка запроса данных", false) == true): null

11-03-2025T03:54:58 - [MESSAGE][PASSED] - Text 'Ошибка запроса данных' is not present on page

11-03-2025T03:54:58 - [TEST_STEP][PASSED] - if (verifyTextNotPresent("Произошла ошибка при выполнении пользовательского кода", false) == true): null

11-03-2025T03:54:58 - [MESSAGE][PASSED] - Text 'Произошла ошибка при выполнении пользовательского кода' is not present on page

11-03-2025T03:54:58 - [TEST_STEP][PASSED] - if (verifyTextNotPresent("У виджета нет данных", false) == true): null

11-03-2025T03:54:59 - [MESSAGE][PASSED] - Text 'У виджета нет данных' is not present on page

11-03-2025T03:54:59 - [TEST_STEP][PASSED] - if (verifyTextNotPresent("У виджета нет данных", false) == true): Text 'У виджета нет данных' is not present on page

11-03-2025T03:54:59 - [MESSAGE][PASSED] - Text 'У виджета нет данных' is not present on page

11-03-2025T03:54:59 - [TEST_STEP][PASSED] - click(findTestObject("Выручка по ДЗО/Фильтр Выручка")): Object: 'Object Repository/Выручка по ДЗО/Фильтр Выручка' is clicked on

11-03-2025T03:55:00 - [MESSAGE][PASSED] - Object: 'Object Repository/Выручка по ДЗО/Фильтр Выручка' is clicked on

11-03-2025T03:55:00 - [TEST_STEP][PASSED] - click(findTestObject("Выручка по ДЗО/Снять выделение в фильтре Выручка")): Object: 'Object Repository/Выручка по ДЗО/Снять выделение в фильтре Выручка' is clicked on

11-03-2025T03:55:00 - [MESSAGE][PASSED] - Object: 'Object Repository/Выручка по ДЗО/Снять выделение в фильтре Выручка' is clicked on

11-03-2025T03:55:00 - [TEST_STEP][PASSED] - click(findTestObject("Выручка по ДЗО/Применить в фильтре Выручка")): Object: 'Object Repository/Выручка по ДЗО/Применить в фильтре Выручка' is clicked on

11-03-2025T03:55:00 - [MESSAGE][PASSED] - Object: 'Object Repository/Выручка по ДЗО/Применить в фильтре Выручка' is clicked on

11-03-2025T03:55:00 - [TEST_STEP][PASSED] - click(findTestObject("Выручка по ДЗО/Фильтр ДЗО")): Object: 'Object Repository/Выручка по ДЗО/Фильтр ДЗО' is clicked on

11-03-2025T03:55:02 - [MESSAGE][PASSED] - Object: 'Object Repository/Выручка по ДЗО/Фильтр ДЗО' is clicked on

11-03-2025T03:55:02 - [TEST_STEP][PASSED] - click(findTestObject("Выручка по ДЗО/Снять выделение в фильтре ДЗО")): Object: 'Object Repository/Выручка по ДЗО/Снять выделение в фильтре ДЗО' is clicked on

11-03-2025T03:55:03 - [MESSAGE][PASSED] - Object: 'Object Repository/Выручка по ДЗО/Снять выделение в фильтре ДЗО' is clicked on

11-03-2025T03:55:03 - [TEST_STEP][PASSED] - scrollToElement(findTestObject("Общие объекты/Тулэнерго"), 30): Scroll to object 'Object Repository/Общие объекты/Тулэнерго' successfully

11-03-2025T03:55:03 - [MESSAGE][PASSED] - Scroll to object 'Object Repository/Общие объекты/Тулэнерго' successfully

11-03-2025T03:55:03 - [TEST_STEP][PASSED] - click(findTestObject("Общие объекты/Тулэнерго"), CONTINUE_ON_FAILURE): Object: 'Object Repository/Общие объекты/Тулэнерго' is clicked on

11-03-2025T03:55:03 - [MESSAGE][PASSED] - Object: 'Object Repository/Общие объекты/Тулэнерго' is clicked on

11-03-2025T03:55:03 - [TEST_STEP][PASSED] - Script1687405711779.Change(todaysDate): null

11-03-2025T03:55:03 - [TEST_STEP][PASSED] - scrollToElement(findTestObject("Выручка по ДЗО/Заголовок дашборда"), 30): Scroll to object 'Object Repository/Выручка по ДЗО/Заголовок дашборда' successfully

11-03-2025T03:55:04 - [MESSAGE][PASSED] - Scroll to object 'Object Repository/Выручка по ДЗО/Заголовок дашборда' successfully

11-03-2025T03:55:04 - [TEST_STEP][PASSED] - click(findTestObject("Выручка по ДЗО/Применить в фильтре ДЗО")): Object: 'Object Repository/Выручка по ДЗО/Применить в фильтре ДЗО' is clicked on

11-03-2025T03:55:04 - [MESSAGE][PASSED] - Object: 'Object Repository/Выручка по ДЗО/Применить в фильтре ДЗО' is clicked on

11-03-2025T03:55:04 - [TEST_STEP][PASSED] - Script1687405711779.Tumbler(todaysDate): null

11-03-2025T03:55:04 - [TEST_STEP][PASSED] - Script1687405711779.Test(todaysDate): null

11-03-2025T03:55:04 - [TEST_STEP][PASSED] - delay(10): Delayed 10 second(s)

11-03-2025T03:55:14 - [MESSAGE][PASSED] - Delayed 10 second(s)

11-03-2025T03:55:14 - [TEST_STEP][PASSED] - if (verifyTextNotPresent("нет данных", false) == true): null

11-03-2025T03:55:15 - [MESSAGE][PASSED] - Text 'нет данных' is not present on page

11-03-2025T03:55:15 - [TEST_STEP][PASSED] - if (verifyTextNotPresent("Ошибка запроса данных", false) == true): null

11-03-2025T03:55:15 - [MESSAGE][PASSED] - Text 'Ошибка запроса данных' is not present on page

11-03-2025T03:55:15 - [TEST_STEP][PASSED] - if (verifyTextNotPresent("Произошла ошибка при выполнении пользовательского кода", false) == true): null

11-03-2025T03:55:16 - [MESSAGE][PASSED] - Text 'Произошла ошибка при выполнении пользовательского кода' is not present on page

11-03-2025T03:55:16 - [TEST_STEP][PASSED] - if (verifyTextNotPresent("У виджета нет данных", false) == true): null

11-03-2025T03:55:16 - [MESSAGE][PASSED] - Text 'У виджета нет данных' is not present on page

11-03-2025T03:55:16 - [TEST_STEP][PASSED] - if (verifyTextNotPresent("У виджета нет данных", false) == true): Text 'У виджета нет данных' is not present on page

11-03-2025T03:55:17 - [MESSAGE][PASSED] - Text 'У виджета нет данных' is not present on page

11-03-2025T03:55:17 - [TEST_STEP][PASSED] - click(findTestObject("Выручка по ДЗО/Фильтр Выручка")): Object: 'Object Repository/Выручка по ДЗО/Фильтр Выручка' is clicked on

11-03-2025T03:55:17 - [MESSAGE][PASSED] - Object: 'Object Repository/Выручка по ДЗО/Фильтр Выручка' is clicked on

11-03-2025T03:55:17 - [TEST_STEP][PASSED] - click(findTestObject("Выручка по ДЗО/Внутренний оборот в фильтре Выручка")): Object: 'Object Repository/Выручка по ДЗО/Внутренний оборот в фильтре Выручка' is clicked on

11-03-2025T03:55:17 - [MESSAGE][PASSED] - Object: 'Object Repository/Выручка по ДЗО/Внутренний оборот в фильтре Выручка' is clicked on

11-03-2025T03:55:17 - [TEST_STEP][PASSED] - click(findTestObject("Выручка по ДЗО/Применить в фильтре Выручка")): Object: 'Object Repository/Выручка по ДЗО/Применить в фильтре Выручка' is clicked on

11-03-2025T03:55:18 - [MESSAGE][PASSED] - Object: 'Object Repository/Выручка по ДЗО/Применить в фильтре Выручка' is clicked on

11-03-2025T03:55:18 - [TEST_STEP][PASSED] - Script1687405711779.Test(todaysDate): null

11-03-2025T03:55:18 - [TEST_STEP][PASSED] - delay(10): Delayed 10 second(s)

11-03-2025T03:55:28 - [MESSAGE][PASSED] - Delayed 10 second(s)

11-03-2025T03:55:28 - [TEST_STEP][FAILED] - if (verifyTextNotPresent("нет данных", false) == true): Text 'нет данных' is present on page  (Root cause: com.kms.katalon.core.exception.StepFailedException: Text 'нет данных' is present on page 
	at com.kms.katalon.core.webui.keyword.internal.WebUIKeywordMain.stepFailed(WebUIKeywordMain.groovy:64)
	at com.kms.katalon.core.webui.keyword.builtin.VerifyTextNotPresentKeyword$_verifyTextNotPresent_closure1.doCall(VerifyTextNotPresentKeyword.groovy:77)
	at com.kms.katalon.core.webui.keyword.builtin.VerifyTextNotPresentKeyword$_verifyTextNotPresent_closure1.call(VerifyTextNotPresentKeyword.groovy)
	at com.kms.katalon.core.webui.keyword.internal.WebUIKeywordMain.runKeyword(WebUIKeywordMain.groovy:20)
	at com.kms.katalon.core.webui.keyword.builtin.VerifyTextNotPresentKeyword.verifyTextNotPresent(VerifyTextNotPresentKeyword.groovy:82)
	at com.kms.katalon.core.webui.keyword.builtin.VerifyTextNotPresentKeyword.execute(VerifyTextNotPresentKeyword.groovy:68)
	at com.kms.katalon.core.keyword.internal.KeywordExecutor.executeKeywordForPlatform(KeywordExecutor.groovy:74)
	at com.kms.katalon.core.webui.keyword.WebUiBuiltInKeywords.verifyTextNotPresent(WebUiBuiltInKeywords.groovy:1795)
	at Выручка по ДЗО отображение данных все филиалы.Test(Выручка по ДЗО отображение данных все филиалы:772)
	at Выручка по ДЗО отображение данных все филиалы.Tumbler(Выручка по ДЗО отображение данных все филиалы:726)
	at Выручка по ДЗО отображение данных все филиалы.Change(Выручка по ДЗО отображение данных все филиалы:760)
	at Выручка по ДЗО отображение данных все филиалы.DzoTest(Выручка по ДЗО отображение данных все филиалы:646)
	at Выручка по ДЗО отображение данных все филиалы.run(Выручка по ДЗО отображение данных все филиалы:122)
	at com.kms.katalon.core.main.ScriptEngine.run(ScriptEngine.java:194)
	at com.kms.katalon.core.main.ScriptEngine.runScriptAsRawText(ScriptEngine.java:119)
	at com.kms.katalon.core.main.TestCaseExecutor.runScript(TestCaseExecutor.java:448)
	at com.kms.katalon.core.main.TestCaseExecutor.doExecute(TestCaseExecutor.java:439)
	at com.kms.katalon.core.main.TestCaseExecutor.processExecutionPhase(TestCaseExecutor.java:418)
	at com.kms.katalon.core.main.TestCaseExecutor.accessMainPhase(TestCaseExecutor.java:410)
	at com.kms.katalon.core.main.TestCaseExecutor.execute(TestCaseExecutor.java:285)
	at com.kms.katalon.core.common.CommonExecutor.accessTestCaseMainPhase(CommonExecutor.java:65)
	at com.kms.katalon.core.main.TestSuiteExecutor.accessTestSuiteMainPhase(TestSuiteExecutor.java:150)
	at com.kms.katalon.core.main.TestSuiteExecutor.execute(TestSuiteExecutor.java:106)
	at com.kms.katalon.core.main.TestCaseMain.startTestSuite(TestCaseMain.java:180)
	at TempTestSuite1741649958618.run(TempTestSuite1741649958618.groovy:35)
	at java.base/jdk.internal.reflect.NativeMethodAccessorImpl.invoke0(Native Method)
	at java.base/jdk.internal.reflect.NativeMethodAccessorImpl.invoke(NativeMethodAccessorImpl.java:77)
	at java.base/jdk.internal.reflect.DelegatingMethodAccessorImpl.invoke(DelegatingMethodAccessorImpl.java:43)
)

11-03-2025T03:55:29 - [MESSAGE][FAILED] - Text 'нет данных' is present on page  (Root cause: com.kms.katalon.core.exception.StepFailedException: Text 'нет данных' is present on page 
	at com.kms.katalon.core.webui.keyword.internal.WebUIKeywordMain.stepFailed(WebUIKeywordMain.groovy:64)
	at com.kms.katalon.core.webui.keyword.builtin.VerifyTextNotPresentKeyword$_verifyTextNotPresent_closure1.doCall(VerifyTextNotPresentKeyword.groovy:77)
	at com.kms.katalon.core.webui.keyword.builtin.VerifyTextNotPresentKeyword$_verifyTextNotPresent_closure1.call(VerifyTextNotPresentKeyword.groovy)
	at com.kms.katalon.core.webui.keyword.internal.WebUIKeywordMain.runKeyword(WebUIKeywordMain.groovy:20)
	at com.kms.katalon.core.webui.keyword.builtin.VerifyTextNotPresentKeyword.verifyTextNotPresent(VerifyTextNotPresentKeyword.groovy:82)
	at com.kms.katalon.core.webui.keyword.builtin.VerifyTextNotPresentKeyword.execute(VerifyTextNotPresentKeyword.groovy:68)
	at com.kms.katalon.core.keyword.internal.KeywordExecutor.executeKeywordForPlatform(KeywordExecutor.groovy:74)
	at com.kms.katalon.core.webui.keyword.WebUiBuiltInKeywords.verifyTextNotPresent(WebUiBuiltInKeywords.groovy:1795)
	at Выручка по ДЗО отображение данных все филиалы.Test(Выручка по ДЗО отображение данных все филиалы:772)
	at Выручка по ДЗО отображение данных все филиалы.Tumbler(Выручка по ДЗО отображение данных все филиалы:726)
	at Выручка по ДЗО отображение данных все филиалы.Change(Выручка по ДЗО отображение данных все филиалы:760)
	at Выручка по ДЗО отображение данных все филиалы.DzoTest(Выручка по ДЗО отображение данных все филиалы:646)
	at Выручка по ДЗО отображение данных все филиалы.run(Выручка по ДЗО отображение данных все филиалы:122)
	at com.kms.katalon.core.main.ScriptEngine.run(ScriptEngine.java:194)
	at com.kms.katalon.core.main.ScriptEngine.runScriptAsRawText(ScriptEngine.java:119)
	at com.kms.katalon.core.main.TestCaseExecutor.runScript(TestCaseExecutor.java:448)
	at com.kms.katalon.core.main.TestCaseExecutor.doExecute(TestCaseExecutor.java:439)
	at com.kms.katalon.core.main.TestCaseExecutor.processExecutionPhase(TestCaseExecutor.java:418)
	at com.kms.katalon.core.main.TestCaseExecutor.accessMainPhase(TestCaseExecutor.java:410)
	at com.kms.katalon.core.main.TestCaseExecutor.execute(TestCaseExecutor.java:285)
	at com.kms.katalon.core.common.CommonExecutor.accessTestCaseMainPhase(CommonExecutor.java:65)
	at com.kms.katalon.core.main.TestSuiteExecutor.accessTestSuiteMainPhase(TestSuiteExecutor.java:150)
	at com.kms.katalon.core.main.TestSuiteExecutor.execute(TestSuiteExecutor.java:106)
	at com.kms.katalon.core.main.TestCaseMain.startTestSuite(TestCaseMain.java:180)
	at TempTestSuite1741649958618.run(TempTestSuite1741649958618.groovy:35)
	at java.base/jdk.internal.reflect.NativeMethodAccessorImpl.invoke0(Native Method)
	at java.base/jdk.internal.reflect.NativeMethodAccessorImpl.invoke(NativeMethodAccessorImpl.java:77)
	at java.base/jdk.internal.reflect.DelegatingMethodAccessorImpl.invoke(DelegatingMethodAccessorImpl.java:43)
)

11-03-2025T03:55:29 - [TEST_STEP][PASSED] - else: null

11-03-2025T03:55:29 - [TEST_STEP][PASSED] - Script1687405711779.WriteToExcel(todaysDate): null

11-03-2025T03:55:29 - [TEST_STEP][PASSED] - sheetName = "Sheet1": null

11-03-2025T03:55:29 - [TEST_STEP][PASSED] - data = findTestData("PlanFact"): null

11-03-2025T03:55:29 - [TEST_STEP][PASSED] - n = data.getRowNumbers() + 1: null

11-03-2025T03:55:29 - [TEST_STEP][PASSED] - dZO = getText(findTestObject("Выручка по ДЗО/Фильтр ДЗО")): Text of object 'Object Repository/Выручка по ДЗО/Фильтр ДЗО' is: 'ПАО Россети - РаспредКомплекс - Россети Центр и Приволжье (ГК) - Тулэнерго'

11-03-2025T03:55:29 - [MESSAGE][PASSED] - Text of object 'Object Repository/Выручка по ДЗО/Фильтр ДЗО' is: 'ПАО Россети - РаспредКомплекс - Россети Центр и Приволжье (ГК) - Тулэнерго'

11-03-2025T03:55:29 - [TEST_STEP][PASSED] - period = getText(findTestObject("Выручка по ДЗО/Фильтр Дата")): Text of object 'Object Repository/Выручка по ДЗО/Фильтр Дата' is: 'Январь 2025 года'

11-03-2025T03:55:29 - [MESSAGE][PASSED] - Text of object 'Object Repository/Выручка по ДЗО/Фильтр Дата' is: 'Январь 2025 года'

11-03-2025T03:55:29 - [TEST_STEP][PASSED] - viruchka = getText(findTestObject("Выручка по ДЗО/Фильтр Выручка")): Text of object 'Object Repository/Выручка по ДЗО/Фильтр Выручка' is: 'внутренний оборот'

11-03-2025T03:55:30 - [MESSAGE][PASSED] - Text of object 'Object Repository/Выручка по ДЗО/Фильтр Выручка' is: 'внутренний оборот'

11-03-2025T03:55:30 - [TEST_STEP][PASSED] - if (viruchka == "Выбрано: 2"): null

11-03-2025T03:55:30 - [TEST_STEP][PASSED] - if (viruchka == "Все"): null

11-03-2025T03:55:30 - [TEST_STEP][PASSED] - println(period): null

11-03-2025T03:55:30 - [TEST_STEP][PASSED] - dashboardName = "Выручка по ДЗО": null

11-03-2025T03:55:30 - [TEST_STEP][PASSED] - workbook01 = getWorkbook(excelFilePath): null

11-03-2025T03:55:30 - [TEST_STEP][PASSED] - sheet01 = getExcelSheet(workbook01, sheetName): null

11-03-2025T03:55:30 - [TEST_STEP][PASSED] - setValueToCellByIndex(sheet01, n, 0, dashboardName): null

11-03-2025T03:55:30 - [TEST_STEP][PASSED] - setValueToCellByIndex(sheet01, n, 1, dZO): null

11-03-2025T03:55:30 - [TEST_STEP][PASSED] - setValueToCellByIndex(sheet01, n, 2, period): null

11-03-2025T03:55:30 - [TEST_STEP][PASSED] - setValueToCellByIndex(sheet01, n, 3, viruchka): null

11-03-2025T03:55:30 - [TEST_STEP][PASSED] - setValueToCellByIndex(sheet01, n, 4, todaysDate): null

11-03-2025T03:55:30 - [TEST_STEP][PASSED] - n = n + 1: null

11-03-2025T03:55:30 - [TEST_STEP][PASSED] - saveWorkbook(excelFilePath, workbook01): null

11-03-2025T03:55:30 - [TEST_STEP][PASSED] - click(findTestObject("Выручка по ДЗО/Фильтр Выручка")): Object: 'Object Repository/Выручка по ДЗО/Фильтр Выручка' is clicked on

11-03-2025T03:55:30 - [MESSAGE][PASSED] - Object: 'Object Repository/Выручка по ДЗО/Фильтр Выручка' is clicked on

11-03-2025T03:55:30 - [TEST_STEP][PASSED] - click(findTestObject("Выручка по ДЗО/По передаче в фильтре Выручка")): Object: 'Object Repository/Выручка по ДЗО/По передаче в фильтре Выручка' is clicked on

11-03-2025T03:55:31 - [MESSAGE][PASSED] - Object: 'Object Repository/Выручка по ДЗО/По передаче в фильтре Выручка' is clicked on

11-03-2025T03:55:31 - [TEST_STEP][PASSED] - click(findTestObject("Выручка по ДЗО/Применить в фильтре Выручка")): Object: 'Object Repository/Выручка по ДЗО/Применить в фильтре Выручка' is clicked on

11-03-2025T03:55:31 - [MESSAGE][PASSED] - Object: 'Object Repository/Выручка по ДЗО/Применить в фильтре Выручка' is clicked on

11-03-2025T03:55:31 - [TEST_STEP][PASSED] - Script1687405711779.Test(todaysDate): null

11-03-2025T03:55:31 - [TEST_STEP][PASSED] - delay(10): Delayed 10 second(s)

11-03-2025T03:55:41 - [MESSAGE][PASSED] - Delayed 10 second(s)

11-03-2025T03:55:41 - [TEST_STEP][PASSED] - if (verifyTextNotPresent("нет данных", false) == true): null

11-03-2025T03:55:42 - [MESSAGE][PASSED] - Text 'нет данных' is not present on page

11-03-2025T03:55:42 - [TEST_STEP][PASSED] - if (verifyTextNotPresent("Ошибка запроса данных", false) == true): null

11-03-2025T03:55:42 - [MESSAGE][PASSED] - Text 'Ошибка запроса данных' is not present on page

11-03-2025T03:55:42 - [TEST_STEP][PASSED] - if (verifyTextNotPresent("Произошла ошибка при выполнении пользовательского кода", false) == true): null

11-03-2025T03:55:43 - [MESSAGE][PASSED] - Text 'Произошла ошибка при выполнении пользовательского кода' is not present on page

11-03-2025T03:55:43 - [TEST_STEP][PASSED] - if (verifyTextNotPresent("У виджета нет данных", false) == true): null

11-03-2025T03:55:43 - [MESSAGE][PASSED] - Text 'У виджета нет данных' is not present on page

11-03-2025T03:55:43 - [TEST_STEP][PASSED] - if (verifyTextNotPresent("У виджета нет данных", false) == true): Text 'У виджета нет данных' is not present on page

11-03-2025T03:55:44 - [MESSAGE][PASSED] - Text 'У виджета нет данных' is not present on page

11-03-2025T03:55:44 - [TEST_STEP][PASSED] - click(findTestObject("Выручка по ДЗО/Фильтр Выручка")): Object: 'Object Repository/Выручка по ДЗО/Фильтр Выручка' is clicked on

11-03-2025T03:55:44 - [MESSAGE][PASSED] - Object: 'Object Repository/Выручка по ДЗО/Фильтр Выручка' is clicked on

11-03-2025T03:55:44 - [TEST_STEP][PASSED] - click(findTestObject("Выручка по ДЗО/Снять выделение в фильтре Выручка")): Object: 'Object Repository/Выручка по ДЗО/Снять выделение в фильтре Выручка' is clicked on

11-03-2025T03:55:45 - [MESSAGE][PASSED] - Object: 'Object Repository/Выручка по ДЗО/Снять выделение в фильтре Выручка' is clicked on

11-03-2025T03:55:45 - [TEST_STEP][PASSED] - click(findTestObject("Выручка по ДЗО/По передаче в фильтре Выручка")): Object: 'Object Repository/Выручка по ДЗО/По передаче в фильтре Выручка' is clicked on

11-03-2025T03:55:45 - [MESSAGE][PASSED] - Object: 'Object Repository/Выручка по ДЗО/По передаче в фильтре Выручка' is clicked on

11-03-2025T03:55:45 - [TEST_STEP][PASSED] - click(findTestObject("Выручка по ДЗО/Применить в фильтре Выручка")): Object: 'Object Repository/Выручка по ДЗО/Применить в фильтре Выручка' is clicked on

11-03-2025T03:55:46 - [MESSAGE][PASSED] - Object: 'Object Repository/Выручка по ДЗО/Применить в фильтре Выручка' is clicked on

11-03-2025T03:55:46 - [TEST_STEP][PASSED] - Script1687405711779.Test(todaysDate): null

11-03-2025T03:55:46 - [TEST_STEP][PASSED] - delay(10): Delayed 10 second(s)

11-03-2025T03:55:56 - [MESSAGE][PASSED] - Delayed 10 second(s)

11-03-2025T03:55:56 - [TEST_STEP][PASSED] - if (verifyTextNotPresent("нет данных", false) == true): null

11-03-2025T03:55:56 - [MESSAGE][PASSED] - Text 'нет данных' is not present on page

11-03-2025T03:55:56 - [TEST_STEP][PASSED] - if (verifyTextNotPresent("Ошибка запроса данных", false) == true): null

11-03-2025T03:55:57 - [MESSAGE][PASSED] - Text 'Ошибка запроса данных' is not present on page

11-03-2025T03:55:57 - [TEST_STEP][PASSED] - if (verifyTextNotPresent("Произошла ошибка при выполнении пользовательского кода", false) == true): null

11-03-2025T03:55:57 - [MESSAGE][PASSED] - Text 'Произошла ошибка при выполнении пользовательского кода' is not present on page

11-03-2025T03:55:57 - [TEST_STEP][PASSED] - if (verifyTextNotPresent("У виджета нет данных", false) == true): null

11-03-2025T03:55:58 - [MESSAGE][PASSED] - Text 'У виджета нет данных' is not present on page

11-03-2025T03:55:58 - [TEST_STEP][PASSED] - if (verifyTextNotPresent("У виджета нет данных", false) == true): Text 'У виджета нет данных' is not present on page

11-03-2025T03:55:58 - [MESSAGE][PASSED] - Text 'У виджета нет данных' is not present on page

11-03-2025T03:55:58 - [TEST_STEP][PASSED] - click(findTestObject("Выручка по ДЗО/Фильтр Выручка")): Object: 'Object Repository/Выручка по ДЗО/Фильтр Выручка' is clicked on

11-03-2025T03:55:59 - [MESSAGE][PASSED] - Object: 'Object Repository/Выручка по ДЗО/Фильтр Выручка' is clicked on

11-03-2025T03:55:59 - [TEST_STEP][PASSED] - click(findTestObject("Выручка по ДЗО/Снять выделение в фильтре Выручка")): Object: 'Object Repository/Выручка по ДЗО/Снять выделение в фильтре Выручка' is clicked on

11-03-2025T03:55:59 - [MESSAGE][PASSED] - Object: 'Object Repository/Выручка по ДЗО/Снять выделение в фильтре Выручка' is clicked on

11-03-2025T03:55:59 - [TEST_STEP][PASSED] - click(findTestObject("Выручка по ДЗО/Применить в фильтре Выручка")): Object: 'Object Repository/Выручка по ДЗО/Применить в фильтре Выручка' is clicked on

11-03-2025T03:56:00 - [MESSAGE][PASSED] - Object: 'Object Repository/Выручка по ДЗО/Применить в фильтре Выручка' is clicked on

11-03-2025T03:56:00 - [TEST_STEP][PASSED] - click(findTestObject("Выручка по ДЗО/Фильтр ДЗО")): Object: 'Object Repository/Выручка по ДЗО/Фильтр ДЗО' is clicked on

11-03-2025T03:56:01 - [MESSAGE][PASSED] - Object: 'Object Repository/Выручка по ДЗО/Фильтр ДЗО' is clicked on

11-03-2025T03:56:01 - [TEST_STEP][PASSED] - click(findTestObject("Выручка по ДЗО/Снять выделение в фильтре ДЗО")): Object: 'Object Repository/Выручка по ДЗО/Снять выделение в фильтре ДЗО' is clicked on

11-03-2025T03:56:01 - [MESSAGE][PASSED] - Object: 'Object Repository/Выручка по ДЗО/Снять выделение в фильтре ДЗО' is clicked on

11-03-2025T03:56:01 - [TEST_STEP][PASSED] - scrollToElement(findTestObject("Общие объекты/Удмуртэнерго"), 30): Scroll to object 'Object Repository/Общие объекты/Удмуртэнерго' successfully

11-03-2025T03:56:02 - [MESSAGE][PASSED] - Scroll to object 'Object Repository/Общие объекты/Удмуртэнерго' successfully

11-03-2025T03:56:02 - [TEST_STEP][PASSED] - click(findTestObject("Общие объекты/Удмуртэнерго"), CONTINUE_ON_FAILURE): Object: 'Object Repository/Общие объекты/Удмуртэнерго' is clicked on

11-03-2025T03:56:02 - [MESSAGE][PASSED] - Object: 'Object Repository/Общие объекты/Удмуртэнерго' is clicked on

11-03-2025T03:56:02 - [TEST_STEP][PASSED] - Script1687405711779.Change(todaysDate): null

11-03-2025T03:56:02 - [TEST_STEP][PASSED] - scrollToElement(findTestObject("Выручка по ДЗО/Заголовок дашборда"), 30): Scroll to object 'Object Repository/Выручка по ДЗО/Заголовок дашборда' successfully

11-03-2025T03:56:02 - [MESSAGE][PASSED] - Scroll to object 'Object Repository/Выручка по ДЗО/Заголовок дашборда' successfully

11-03-2025T03:56:02 - [TEST_STEP][PASSED] - click(findTestObject("Выручка по ДЗО/Применить в фильтре ДЗО")): Object: 'Object Repository/Выручка по ДЗО/Применить в фильтре ДЗО' is clicked on

11-03-2025T03:56:03 - [MESSAGE][PASSED] - Object: 'Object Repository/Выручка по ДЗО/Применить в фильтре ДЗО' is clicked on

11-03-2025T03:56:03 - [TEST_STEP][PASSED] - Script1687405711779.Tumbler(todaysDate): null

11-03-2025T03:56:03 - [TEST_STEP][PASSED] - Script1687405711779.Test(todaysDate): null

11-03-2025T03:56:03 - [TEST_STEP][PASSED] - delay(10): Delayed 10 second(s)

11-03-2025T03:56:13 - [MESSAGE][PASSED] - Delayed 10 second(s)

11-03-2025T03:56:13 - [TEST_STEP][PASSED] - if (verifyTextNotPresent("нет данных", false) == true): null

11-03-2025T03:56:14 - [MESSAGE][PASSED] - Text 'нет данных' is not present on page

11-03-2025T03:56:14 - [TEST_STEP][PASSED] - if (verifyTextNotPresent("Ошибка запроса данных", false) == true): null

11-03-2025T03:56:14 - [MESSAGE][PASSED] - Text 'Ошибка запроса данных' is not present on page

11-03-2025T03:56:14 - [TEST_STEP][PASSED] - if (verifyTextNotPresent("Произошла ошибка при выполнении пользовательского кода", false) == true): null

11-03-2025T03:56:15 - [MESSAGE][PASSED] - Text 'Произошла ошибка при выполнении пользовательского кода' is not present on page

11-03-2025T03:56:15 - [TEST_STEP][PASSED] - if (verifyTextNotPresent("У виджета нет данных", false) == true): null

11-03-2025T03:56:15 - [MESSAGE][PASSED] - Text 'У виджета нет данных' is not present on page

11-03-2025T03:56:15 - [TEST_STEP][PASSED] - if (verifyTextNotPresent("У виджета нет данных", false) == true): Text 'У виджета нет данных' is not present on page

11-03-2025T03:56:16 - [MESSAGE][PASSED] - Text 'У виджета нет данных' is not present on page

11-03-2025T03:56:16 - [TEST_STEP][PASSED] - click(findTestObject("Выручка по ДЗО/Фильтр Выручка")): Object: 'Object Repository/Выручка по ДЗО/Фильтр Выручка' is clicked on

11-03-2025T03:56:16 - [MESSAGE][PASSED] - Object: 'Object Repository/Выручка по ДЗО/Фильтр Выручка' is clicked on

11-03-2025T03:56:16 - [TEST_STEP][PASSED] - click(findTestObject("Выручка по ДЗО/Внутренний оборот в фильтре Выручка")): Object: 'Object Repository/Выручка по ДЗО/Внутренний оборот в фильтре Выручка' is clicked on

11-03-2025T03:56:16 - [MESSAGE][PASSED] - Object: 'Object Repository/Выручка по ДЗО/Внутренний оборот в фильтре Выручка' is clicked on

11-03-2025T03:56:16 - [TEST_STEP][PASSED] - click(findTestObject("Выручка по ДЗО/Применить в фильтре Выручка")): Object: 'Object Repository/Выручка по ДЗО/Применить в фильтре Выручка' is clicked on

11-03-2025T03:56:17 - [MESSAGE][PASSED] - Object: 'Object Repository/Выручка по ДЗО/Применить в фильтре Выручка' is clicked on

11-03-2025T03:56:17 - [TEST_STEP][PASSED] - Script1687405711779.Test(todaysDate): null

11-03-2025T03:56:17 - [TEST_STEP][PASSED] - delay(10): Delayed 10 second(s)

11-03-2025T03:56:27 - [MESSAGE][PASSED] - Delayed 10 second(s)

11-03-2025T03:56:27 - [TEST_STEP][FAILED] - if (verifyTextNotPresent("нет данных", false) == true): Text 'нет данных' is present on page  (Root cause: com.kms.katalon.core.exception.StepFailedException: Text 'нет данных' is present on page 
	at com.kms.katalon.core.webui.keyword.internal.WebUIKeywordMain.stepFailed(WebUIKeywordMain.groovy:64)
	at com.kms.katalon.core.webui.keyword.builtin.VerifyTextNotPresentKeyword$_verifyTextNotPresent_closure1.doCall(VerifyTextNotPresentKeyword.groovy:77)
	at com.kms.katalon.core.webui.keyword.builtin.VerifyTextNotPresentKeyword$_verifyTextNotPresent_closure1.call(VerifyTextNotPresentKeyword.groovy)
	at com.kms.katalon.core.webui.keyword.internal.WebUIKeywordMain.runKeyword(WebUIKeywordMain.groovy:20)
	at com.kms.katalon.core.webui.keyword.builtin.VerifyTextNotPresentKeyword.verifyTextNotPresent(VerifyTextNotPresentKeyword.groovy:82)
	at com.kms.katalon.core.webui.keyword.builtin.VerifyTextNotPresentKeyword.execute(VerifyTextNotPresentKeyword.groovy:68)
	at com.kms.katalon.core.keyword.internal.KeywordExecutor.executeKeywordForPlatform(KeywordExecutor.groovy:74)
	at com.kms.katalon.core.webui.keyword.WebUiBuiltInKeywords.verifyTextNotPresent(WebUiBuiltInKeywords.groovy:1795)
	at Выручка по ДЗО отображение данных все филиалы.Test(Выручка по ДЗО отображение данных все филиалы:772)
	at Выручка по ДЗО отображение данных все филиалы.Tumbler(Выручка по ДЗО отображение данных все филиалы:726)
	at Выручка по ДЗО отображение данных все филиалы.Change(Выручка по ДЗО отображение данных все филиалы:760)
	at Выручка по ДЗО отображение данных все филиалы.DzoTest(Выручка по ДЗО отображение данных все филиалы:652)
	at Выручка по ДЗО отображение данных все филиалы.run(Выручка по ДЗО отображение данных все филиалы:122)
	at com.kms.katalon.core.main.ScriptEngine.run(ScriptEngine.java:194)
	at com.kms.katalon.core.main.ScriptEngine.runScriptAsRawText(ScriptEngine.java:119)
	at com.kms.katalon.core.main.TestCaseExecutor.runScript(TestCaseExecutor.java:448)
	at com.kms.katalon.core.main.TestCaseExecutor.doExecute(TestCaseExecutor.java:439)
	at com.kms.katalon.core.main.TestCaseExecutor.processExecutionPhase(TestCaseExecutor.java:418)
	at com.kms.katalon.core.main.TestCaseExecutor.accessMainPhase(TestCaseExecutor.java:410)
	at com.kms.katalon.core.main.TestCaseExecutor.execute(TestCaseExecutor.java:285)
	at com.kms.katalon.core.common.CommonExecutor.accessTestCaseMainPhase(CommonExecutor.java:65)
	at com.kms.katalon.core.main.TestSuiteExecutor.accessTestSuiteMainPhase(TestSuiteExecutor.java:150)
	at com.kms.katalon.core.main.TestSuiteExecutor.execute(TestSuiteExecutor.java:106)
	at com.kms.katalon.core.main.TestCaseMain.startTestSuite(TestCaseMain.java:180)
	at TempTestSuite1741649958618.run(TempTestSuite1741649958618.groovy:35)
	at java.base/jdk.internal.reflect.NativeMethodAccessorImpl.invoke0(Native Method)
	at java.base/jdk.internal.reflect.NativeMethodAccessorImpl.invoke(NativeMethodAccessorImpl.java:77)
	at java.base/jdk.internal.reflect.DelegatingMethodAccessorImpl.invoke(DelegatingMethodAccessorImpl.java:43)
)

11-03-2025T03:56:28 - [MESSAGE][FAILED] - Text 'нет данных' is present on page  (Root cause: com.kms.katalon.core.exception.StepFailedException: Text 'нет данных' is present on page 
	at com.kms.katalon.core.webui.keyword.internal.WebUIKeywordMain.stepFailed(WebUIKeywordMain.groovy:64)
	at com.kms.katalon.core.webui.keyword.builtin.VerifyTextNotPresentKeyword$_verifyTextNotPresent_closure1.doCall(VerifyTextNotPresentKeyword.groovy:77)
	at com.kms.katalon.core.webui.keyword.builtin.VerifyTextNotPresentKeyword$_verifyTextNotPresent_closure1.call(VerifyTextNotPresentKeyword.groovy)
	at com.kms.katalon.core.webui.keyword.internal.WebUIKeywordMain.runKeyword(WebUIKeywordMain.groovy:20)
	at com.kms.katalon.core.webui.keyword.builtin.VerifyTextNotPresentKeyword.verifyTextNotPresent(VerifyTextNotPresentKeyword.groovy:82)
	at com.kms.katalon.core.webui.keyword.builtin.VerifyTextNotPresentKeyword.execute(VerifyTextNotPresentKeyword.groovy:68)
	at com.kms.katalon.core.keyword.internal.KeywordExecutor.executeKeywordForPlatform(KeywordExecutor.groovy:74)
	at com.kms.katalon.core.webui.keyword.WebUiBuiltInKeywords.verifyTextNotPresent(WebUiBuiltInKeywords.groovy:1795)
	at Выручка по ДЗО отображение данных все филиалы.Test(Выручка по ДЗО отображение данных все филиалы:772)
	at Выручка по ДЗО отображение данных все филиалы.Tumbler(Выручка по ДЗО отображение данных все филиалы:726)
	at Выручка по ДЗО отображение данных все филиалы.Change(Выручка по ДЗО отображение данных все филиалы:760)
	at Выручка по ДЗО отображение данных все филиалы.DzoTest(Выручка по ДЗО отображение данных все филиалы:652)
	at Выручка по ДЗО отображение данных все филиалы.run(Выручка по ДЗО отображение данных все филиалы:122)
	at com.kms.katalon.core.main.ScriptEngine.run(ScriptEngine.java:194)
	at com.kms.katalon.core.main.ScriptEngine.runScriptAsRawText(ScriptEngine.java:119)
	at com.kms.katalon.core.main.TestCaseExecutor.runScript(TestCaseExecutor.java:448)
	at com.kms.katalon.core.main.TestCaseExecutor.doExecute(TestCaseExecutor.java:439)
	at com.kms.katalon.core.main.TestCaseExecutor.processExecutionPhase(TestCaseExecutor.java:418)
	at com.kms.katalon.core.main.TestCaseExecutor.accessMainPhase(TestCaseExecutor.java:410)
	at com.kms.katalon.core.main.TestCaseExecutor.execute(TestCaseExecutor.java:285)
	at com.kms.katalon.core.common.CommonExecutor.accessTestCaseMainPhase(CommonExecutor.java:65)
	at com.kms.katalon.core.main.TestSuiteExecutor.accessTestSuiteMainPhase(TestSuiteExecutor.java:150)
	at com.kms.katalon.core.main.TestSuiteExecutor.execute(TestSuiteExecutor.java:106)
	at com.kms.katalon.core.main.TestCaseMain.startTestSuite(TestCaseMain.java:180)
	at TempTestSuite1741649958618.run(TempTestSuite1741649958618.groovy:35)
	at java.base/jdk.internal.reflect.NativeMethodAccessorImpl.invoke0(Native Method)
	at java.base/jdk.internal.reflect.NativeMethodAccessorImpl.invoke(NativeMethodAccessorImpl.java:77)
	at java.base/jdk.internal.reflect.DelegatingMethodAccessorImpl.invoke(DelegatingMethodAccessorImpl.java:43)
)

11-03-2025T03:56:28 - [TEST_STEP][PASSED] - else: null

11-03-2025T03:56:28 - [TEST_STEP][PASSED] - Script1687405711779.WriteToExcel(todaysDate): null

11-03-2025T03:56:28 - [TEST_STEP][PASSED] - sheetName = "Sheet1": null

11-03-2025T03:56:28 - [TEST_STEP][PASSED] - data = findTestData("PlanFact"): null

11-03-2025T03:56:28 - [TEST_STEP][PASSED] - n = data.getRowNumbers() + 1: null

11-03-2025T03:56:28 - [TEST_STEP][PASSED] - dZO = getText(findTestObject("Выручка по ДЗО/Фильтр ДЗО")): Text of object 'Object Repository/Выручка по ДЗО/Фильтр ДЗО' is: 'ПАО Россети - РаспредКомплекс - Россети Центр и Приволжье (ГК) - Удмуртэнерго'

11-03-2025T03:56:28 - [MESSAGE][PASSED] - Text of object 'Object Repository/Выручка по ДЗО/Фильтр ДЗО' is: 'ПАО Россети - РаспредКомплекс - Россети Центр и Приволжье (ГК) - Удмуртэнерго'

11-03-2025T03:56:28 - [TEST_STEP][PASSED] - period = getText(findTestObject("Выручка по ДЗО/Фильтр Дата")): Text of object 'Object Repository/Выручка по ДЗО/Фильтр Дата' is: 'Январь 2025 года'

11-03-2025T03:56:28 - [MESSAGE][PASSED] - Text of object 'Object Repository/Выручка по ДЗО/Фильтр Дата' is: 'Январь 2025 года'

11-03-2025T03:56:28 - [TEST_STEP][PASSED] - viruchka = getText(findTestObject("Выручка по ДЗО/Фильтр Выручка")): Text of object 'Object Repository/Выручка по ДЗО/Фильтр Выручка' is: 'внутренний оборот'

11-03-2025T03:56:28 - [MESSAGE][PASSED] - Text of object 'Object Repository/Выручка по ДЗО/Фильтр Выручка' is: 'внутренний оборот'

11-03-2025T03:56:28 - [TEST_STEP][PASSED] - if (viruchka == "Выбрано: 2"): null

11-03-2025T03:56:28 - [TEST_STEP][PASSED] - if (viruchka == "Все"): null

11-03-2025T03:56:28 - [TEST_STEP][PASSED] - println(period): null

11-03-2025T03:56:28 - [TEST_STEP][PASSED] - dashboardName = "Выручка по ДЗО": null

11-03-2025T03:56:28 - [TEST_STEP][PASSED] - workbook01 = getWorkbook(excelFilePath): null

11-03-2025T03:56:28 - [TEST_STEP][PASSED] - sheet01 = getExcelSheet(workbook01, sheetName): null

11-03-2025T03:56:28 - [TEST_STEP][PASSED] - setValueToCellByIndex(sheet01, n, 0, dashboardName): null

11-03-2025T03:56:28 - [TEST_STEP][PASSED] - setValueToCellByIndex(sheet01, n, 1, dZO): null

11-03-2025T03:56:28 - [TEST_STEP][PASSED] - setValueToCellByIndex(sheet01, n, 2, period): null

11-03-2025T03:56:28 - [TEST_STEP][PASSED] - setValueToCellByIndex(sheet01, n, 3, viruchka): null

11-03-2025T03:56:28 - [TEST_STEP][PASSED] - setValueToCellByIndex(sheet01, n, 4, todaysDate): null

11-03-2025T03:56:28 - [TEST_STEP][PASSED] - n = n + 1: null

11-03-2025T03:56:28 - [TEST_STEP][PASSED] - saveWorkbook(excelFilePath, workbook01): null

11-03-2025T03:56:29 - [TEST_STEP][PASSED] - click(findTestObject("Выручка по ДЗО/Фильтр Выручка")): Object: 'Object Repository/Выручка по ДЗО/Фильтр Выручка' is clicked on

11-03-2025T03:56:29 - [MESSAGE][PASSED] - Object: 'Object Repository/Выручка по ДЗО/Фильтр Выручка' is clicked on

11-03-2025T03:56:29 - [TEST_STEP][PASSED] - click(findTestObject("Выручка по ДЗО/По передаче в фильтре Выручка")): Object: 'Object Repository/Выручка по ДЗО/По передаче в фильтре Выручка' is clicked on

11-03-2025T03:56:30 - [MESSAGE][PASSED] - Object: 'Object Repository/Выручка по ДЗО/По передаче в фильтре Выручка' is clicked on

11-03-2025T03:56:30 - [TEST_STEP][PASSED] - click(findTestObject("Выручка по ДЗО/Применить в фильтре Выручка")): Object: 'Object Repository/Выручка по ДЗО/Применить в фильтре Выручка' is clicked on

11-03-2025T03:56:30 - [MESSAGE][PASSED] - Object: 'Object Repository/Выручка по ДЗО/Применить в фильтре Выручка' is clicked on

11-03-2025T03:56:30 - [TEST_STEP][PASSED] - Script1687405711779.Test(todaysDate): null

11-03-2025T03:56:30 - [TEST_STEP][PASSED] - delay(10): Delayed 10 second(s)

11-03-2025T03:56:40 - [MESSAGE][PASSED] - Delayed 10 second(s)

11-03-2025T03:56:40 - [TEST_STEP][PASSED] - if (verifyTextNotPresent("нет данных", false) == true): null

11-03-2025T03:56:41 - [MESSAGE][PASSED] - Text 'нет данных' is not present on page

11-03-2025T03:56:41 - [TEST_STEP][PASSED] - if (verifyTextNotPresent("Ошибка запроса данных", false) == true): null

11-03-2025T03:56:41 - [MESSAGE][PASSED] - Text 'Ошибка запроса данных' is not present on page

11-03-2025T03:56:41 - [TEST_STEP][PASSED] - if (verifyTextNotPresent("Произошла ошибка при выполнении пользовательского кода", false) == true): null

11-03-2025T03:56:42 - [MESSAGE][PASSED] - Text 'Произошла ошибка при выполнении пользовательского кода' is not present on page

11-03-2025T03:56:42 - [TEST_STEP][PASSED] - if (verifyTextNotPresent("У виджета нет данных", false) == true): null

11-03-2025T03:56:42 - [MESSAGE][PASSED] - Text 'У виджета нет данных' is not present on page

11-03-2025T03:56:42 - [TEST_STEP][PASSED] - if (verifyTextNotPresent("У виджета нет данных", false) == true): Text 'У виджета нет данных' is not present on page

11-03-2025T03:56:43 - [MESSAGE][PASSED] - Text 'У виджета нет данных' is not present on page

11-03-2025T03:56:43 - [TEST_STEP][PASSED] - click(findTestObject("Выручка по ДЗО/Фильтр Выручка")): Object: 'Object Repository/Выручка по ДЗО/Фильтр Выручка' is clicked on

11-03-2025T03:56:43 - [MESSAGE][PASSED] - Object: 'Object Repository/Выручка по ДЗО/Фильтр Выручка' is clicked on

11-03-2025T03:56:43 - [TEST_STEP][PASSED] - click(findTestObject("Выручка по ДЗО/Снять выделение в фильтре Выручка")): Object: 'Object Repository/Выручка по ДЗО/Снять выделение в фильтре Выручка' is clicked on

11-03-2025T03:56:43 - [MESSAGE][PASSED] - Object: 'Object Repository/Выручка по ДЗО/Снять выделение в фильтре Выручка' is clicked on

11-03-2025T03:56:43 - [TEST_STEP][PASSED] - click(findTestObject("Выручка по ДЗО/По передаче в фильтре Выручка")): Object: 'Object Repository/Выручка по ДЗО/По передаче в фильтре Выручка' is clicked on

11-03-2025T03:56:44 - [MESSAGE][PASSED] - Object: 'Object Repository/Выручка по ДЗО/По передаче в фильтре Выручка' is clicked on

11-03-2025T03:56:44 - [TEST_STEP][PASSED] - click(findTestObject("Выручка по ДЗО/Применить в фильтре Выручка")): Object: 'Object Repository/Выручка по ДЗО/Применить в фильтре Выручка' is clicked on

11-03-2025T03:56:44 - [MESSAGE][PASSED] - Object: 'Object Repository/Выручка по ДЗО/Применить в фильтре Выручка' is clicked on

11-03-2025T03:56:44 - [TEST_STEP][PASSED] - Script1687405711779.Test(todaysDate): null

11-03-2025T03:56:44 - [TEST_STEP][PASSED] - delay(10): Delayed 10 second(s)

11-03-2025T03:56:54 - [MESSAGE][PASSED] - Delayed 10 second(s)

11-03-2025T03:56:54 - [TEST_STEP][PASSED] - if (verifyTextNotPresent("нет данных", false) == true): null

11-03-2025T03:56:55 - [MESSAGE][PASSED] - Text 'нет данных' is not present on page

11-03-2025T03:56:55 - [TEST_STEP][PASSED] - if (verifyTextNotPresent("Ошибка запроса данных", false) == true): null

11-03-2025T03:56:55 - [MESSAGE][PASSED] - Text 'Ошибка запроса данных' is not present on page

11-03-2025T03:56:55 - [TEST_STEP][PASSED] - if (verifyTextNotPresent("Произошла ошибка при выполнении пользовательского кода", false) == true): null

11-03-2025T03:56:56 - [MESSAGE][PASSED] - Text 'Произошла ошибка при выполнении пользовательского кода' is not present on page

11-03-2025T03:56:56 - [TEST_STEP][PASSED] - if (verifyTextNotPresent("У виджета нет данных", false) == true): null

11-03-2025T03:56:56 - [MESSAGE][PASSED] - Text 'У виджета нет данных' is not present on page

11-03-2025T03:56:56 - [TEST_STEP][PASSED] - if (verifyTextNotPresent("У виджета нет данных", false) == true): Text 'У виджета нет данных' is not present on page

11-03-2025T03:56:57 - [MESSAGE][PASSED] - Text 'У виджета нет данных' is not present on page

11-03-2025T03:56:57 - [TEST_STEP][PASSED] - click(findTestObject("Выручка по ДЗО/Фильтр Выручка")): Object: 'Object Repository/Выручка по ДЗО/Фильтр Выручка' is clicked on

11-03-2025T03:56:57 - [MESSAGE][PASSED] - Object: 'Object Repository/Выручка по ДЗО/Фильтр Выручка' is clicked on

11-03-2025T03:56:57 - [TEST_STEP][PASSED] - click(findTestObject("Выручка по ДЗО/Снять выделение в фильтре Выручка")): Object: 'Object Repository/Выручка по ДЗО/Снять выделение в фильтре Выручка' is clicked on

11-03-2025T03:56:58 - [MESSAGE][PASSED] - Object: 'Object Repository/Выручка по ДЗО/Снять выделение в фильтре Выручка' is clicked on

11-03-2025T03:56:58 - [TEST_STEP][PASSED] - click(findTestObject("Выручка по ДЗО/Применить в фильтре Выручка")): Object: 'Object Repository/Выручка по ДЗО/Применить в фильтре Выручка' is clicked on

11-03-2025T03:56:58 - [MESSAGE][PASSED] - Object: 'Object Repository/Выручка по ДЗО/Применить в фильтре Выручка' is clicked on

11-03-2025T03:56:58 - [TEST_STEP][PASSED] - click(findTestObject("Выручка по ДЗО/Фильтр ДЗО")): Object: 'Object Repository/Выручка по ДЗО/Фильтр ДЗО' is clicked on

11-03-2025T03:56:59 - [MESSAGE][PASSED] - Object: 'Object Repository/Выручка по ДЗО/Фильтр ДЗО' is clicked on

11-03-2025T03:56:59 - [TEST_STEP][PASSED] - click(findTestObject("Выручка по ДЗО/Снять выделение в фильтре ДЗО")): Object: 'Object Repository/Выручка по ДЗО/Снять выделение в фильтре ДЗО' is clicked on

11-03-2025T03:57:00 - [MESSAGE][PASSED] - Object: 'Object Repository/Выручка по ДЗО/Снять выделение в фильтре ДЗО' is clicked on

11-03-2025T03:57:00 - [TEST_STEP][PASSED] - scrollToElement(findTestObject("Выручка по ДЗО/Россети Юг Выручка по ДЗО"), 30): Scroll to object 'Object Repository/Выручка по ДЗО/Россети Юг Выручка по ДЗО' successfully

11-03-2025T03:57:00 - [MESSAGE][PASSED] - Scroll to object 'Object Repository/Выручка по ДЗО/Россети Юг Выручка по ДЗО' successfully

11-03-2025T03:57:00 - [TEST_STEP][PASSED] - click(findTestObject("Выручка по ДЗО/Россети Юг Выручка по ДЗО")): Object: 'Object Repository/Выручка по ДЗО/Россети Юг Выручка по ДЗО' is clicked on

11-03-2025T03:57:00 - [MESSAGE][PASSED] - Object: 'Object Repository/Выручка по ДЗО/Россети Юг Выручка по ДЗО' is clicked on

11-03-2025T03:57:00 - [TEST_STEP][PASSED] - Script1687405711779.Change(todaysDate): null

11-03-2025T03:57:00 - [TEST_STEP][PASSED] - scrollToElement(findTestObject("Выручка по ДЗО/Заголовок дашборда"), 30): Scroll to object 'Object Repository/Выручка по ДЗО/Заголовок дашборда' successfully

11-03-2025T03:57:01 - [MESSAGE][PASSED] - Scroll to object 'Object Repository/Выручка по ДЗО/Заголовок дашборда' successfully

11-03-2025T03:57:01 - [TEST_STEP][PASSED] - click(findTestObject("Выручка по ДЗО/Применить в фильтре ДЗО")): Object: 'Object Repository/Выручка по ДЗО/Применить в фильтре ДЗО' is clicked on

11-03-2025T03:57:01 - [MESSAGE][PASSED] - Object: 'Object Repository/Выручка по ДЗО/Применить в фильтре ДЗО' is clicked on

11-03-2025T03:57:01 - [TEST_STEP][PASSED] - Script1687405711779.Tumbler(todaysDate): null

11-03-2025T03:57:01 - [TEST_STEP][PASSED] - Script1687405711779.Test(todaysDate): null

11-03-2025T03:57:01 - [TEST_STEP][PASSED] - delay(10): Delayed 10 second(s)

11-03-2025T03:57:11 - [MESSAGE][PASSED] - Delayed 10 second(s)

11-03-2025T03:57:11 - [TEST_STEP][PASSED] - if (verifyTextNotPresent("нет данных", false) == true): null

11-03-2025T03:57:12 - [MESSAGE][PASSED] - Text 'нет данных' is not present on page

11-03-2025T03:57:12 - [TEST_STEP][PASSED] - if (verifyTextNotPresent("Ошибка запроса данных", false) == true): null

11-03-2025T03:57:12 - [MESSAGE][PASSED] - Text 'Ошибка запроса данных' is not present on page

11-03-2025T03:57:12 - [TEST_STEP][PASSED] - if (verifyTextNotPresent("Произошла ошибка при выполнении пользовательского кода", false) == true): null

11-03-2025T03:57:13 - [MESSAGE][PASSED] - Text 'Произошла ошибка при выполнении пользовательского кода' is not present on page

11-03-2025T03:57:13 - [TEST_STEP][PASSED] - if (verifyTextNotPresent("У виджета нет данных", false) == true): null

11-03-2025T03:57:13 - [MESSAGE][PASSED] - Text 'У виджета нет данных' is not present on page

11-03-2025T03:57:13 - [TEST_STEP][PASSED] - if (verifyTextNotPresent("У виджета нет данных", false) == true): Text 'У виджета нет данных' is not present on page

11-03-2025T03:57:14 - [MESSAGE][PASSED] - Text 'У виджета нет данных' is not present on page

11-03-2025T03:57:14 - [TEST_STEP][PASSED] - click(findTestObject("Выручка по ДЗО/Фильтр Выручка")): Object: 'Object Repository/Выручка по ДЗО/Фильтр Выручка' is clicked on

11-03-2025T03:57:14 - [MESSAGE][PASSED] - Object: 'Object Repository/Выручка по ДЗО/Фильтр Выручка' is clicked on

11-03-2025T03:57:14 - [TEST_STEP][PASSED] - click(findTestObject("Выручка по ДЗО/Внутренний оборот в фильтре Выручка")): Object: 'Object Repository/Выручка по ДЗО/Внутренний оборот в фильтре Выручка' is clicked on

11-03-2025T03:57:14 - [MESSAGE][PASSED] - Object: 'Object Repository/Выручка по ДЗО/Внутренний оборот в фильтре Выручка' is clicked on

11-03-2025T03:57:14 - [TEST_STEP][PASSED] - click(findTestObject("Выручка по ДЗО/Применить в фильтре Выручка")): Object: 'Object Repository/Выручка по ДЗО/Применить в фильтре Выручка' is clicked on

11-03-2025T03:57:15 - [MESSAGE][PASSED] - Object: 'Object Repository/Выручка по ДЗО/Применить в фильтре Выручка' is clicked on

11-03-2025T03:57:15 - [TEST_STEP][PASSED] - Script1687405711779.Test(todaysDate): null

11-03-2025T03:57:15 - [TEST_STEP][PASSED] - delay(10): Delayed 10 second(s)

11-03-2025T03:57:25 - [MESSAGE][PASSED] - Delayed 10 second(s)

11-03-2025T03:57:25 - [TEST_STEP][PASSED] - if (verifyTextNotPresent("нет данных", false) == true): null

11-03-2025T03:57:26 - [MESSAGE][PASSED] - Text 'нет данных' is not present on page

11-03-2025T03:57:26 - [TEST_STEP][PASSED] - if (verifyTextNotPresent("Ошибка запроса данных", false) == true): null

11-03-2025T03:57:26 - [MESSAGE][PASSED] - Text 'Ошибка запроса данных' is not present on page

11-03-2025T03:57:26 - [TEST_STEP][PASSED] - if (verifyTextNotPresent("Произошла ошибка при выполнении пользовательского кода", false) == true): null

11-03-2025T03:57:26 - [MESSAGE][PASSED] - Text 'Произошла ошибка при выполнении пользовательского кода' is not present on page

11-03-2025T03:57:26 - [TEST_STEP][PASSED] - if (verifyTextNotPresent("У виджета нет данных", false) == true): null

11-03-2025T03:57:27 - [MESSAGE][PASSED] - Text 'У виджета нет данных' is not present on page

11-03-2025T03:57:27 - [TEST_STEP][PASSED] - if (verifyTextNotPresent("У виджета нет данных", false) == true): Text 'У виджета нет данных' is not present on page

11-03-2025T03:57:27 - [MESSAGE][PASSED] - Text 'У виджета нет данных' is not present on page

11-03-2025T03:57:27 - [TEST_STEP][PASSED] - click(findTestObject("Выручка по ДЗО/Фильтр Выручка")): Object: 'Object Repository/Выручка по ДЗО/Фильтр Выручка' is clicked on

11-03-2025T03:57:28 - [MESSAGE][PASSED] - Object: 'Object Repository/Выручка по ДЗО/Фильтр Выручка' is clicked on

11-03-2025T03:57:28 - [TEST_STEP][PASSED] - click(findTestObject("Выручка по ДЗО/По передаче в фильтре Выручка")): Object: 'Object Repository/Выручка по ДЗО/По передаче в фильтре Выручка' is clicked on

11-03-2025T03:57:28 - [MESSAGE][PASSED] - Object: 'Object Repository/Выручка по ДЗО/По передаче в фильтре Выручка' is clicked on

11-03-2025T03:57:28 - [TEST_STEP][PASSED] - click(findTestObject("Выручка по ДЗО/Применить в фильтре Выручка")): Object: 'Object Repository/Выручка по ДЗО/Применить в фильтре Выручка' is clicked on

11-03-2025T03:57:29 - [MESSAGE][PASSED] - Object: 'Object Repository/Выручка по ДЗО/Применить в фильтре Выручка' is clicked on

11-03-2025T03:57:29 - [TEST_STEP][PASSED] - Script1687405711779.Test(todaysDate): null

11-03-2025T03:57:29 - [TEST_STEP][PASSED] - delay(10): Delayed 10 second(s)

11-03-2025T03:57:39 - [MESSAGE][PASSED] - Delayed 10 second(s)

11-03-2025T03:57:39 - [TEST_STEP][PASSED] - if (verifyTextNotPresent("нет данных", false) == true): null

11-03-2025T03:57:39 - [MESSAGE][PASSED] - Text 'нет данных' is not present on page

11-03-2025T03:57:39 - [TEST_STEP][PASSED] - if (verifyTextNotPresent("Ошибка запроса данных", false) == true): null

11-03-2025T03:57:40 - [MESSAGE][PASSED] - Text 'Ошибка запроса данных' is not present on page

11-03-2025T03:57:40 - [TEST_STEP][PASSED] - if (verifyTextNotPresent("Произошла ошибка при выполнении пользовательского кода", false) == true): null

11-03-2025T03:57:40 - [MESSAGE][PASSED] - Text 'Произошла ошибка при выполнении пользовательского кода' is not present on page

11-03-2025T03:57:40 - [TEST_STEP][PASSED] - if (verifyTextNotPresent("У виджета нет данных", false) == true): null

11-03-2025T03:57:41 - [MESSAGE][PASSED] - Text 'У виджета нет данных' is not present on page

11-03-2025T03:57:41 - [TEST_STEP][PASSED] - if (verifyTextNotPresent("У виджета нет данных", false) == true): Text 'У виджета нет данных' is not present on page

11-03-2025T03:57:41 - [MESSAGE][PASSED] - Text 'У виджета нет данных' is not present on page

11-03-2025T03:57:41 - [TEST_STEP][PASSED] - click(findTestObject("Выручка по ДЗО/Фильтр Выручка")): Object: 'Object Repository/Выручка по ДЗО/Фильтр Выручка' is clicked on

11-03-2025T03:57:42 - [MESSAGE][PASSED] - Object: 'Object Repository/Выручка по ДЗО/Фильтр Выручка' is clicked on

11-03-2025T03:57:42 - [TEST_STEP][PASSED] - click(findTestObject("Выручка по ДЗО/Снять выделение в фильтре Выручка")): Object: 'Object Repository/Выручка по ДЗО/Снять выделение в фильтре Выручка' is clicked on

11-03-2025T03:57:42 - [MESSAGE][PASSED] - Object: 'Object Repository/Выручка по ДЗО/Снять выделение в фильтре Выручка' is clicked on

11-03-2025T03:57:42 - [TEST_STEP][PASSED] - click(findTestObject("Выручка по ДЗО/По передаче в фильтре Выручка")): Object: 'Object Repository/Выручка по ДЗО/По передаче в фильтре Выручка' is clicked on

11-03-2025T03:57:42 - [MESSAGE][PASSED] - Object: 'Object Repository/Выручка по ДЗО/По передаче в фильтре Выручка' is clicked on

11-03-2025T03:57:42 - [TEST_STEP][PASSED] - click(findTestObject("Выручка по ДЗО/Применить в фильтре Выручка")): Object: 'Object Repository/Выручка по ДЗО/Применить в фильтре Выручка' is clicked on

11-03-2025T03:57:43 - [MESSAGE][PASSED] - Object: 'Object Repository/Выручка по ДЗО/Применить в фильтре Выручка' is clicked on

11-03-2025T03:57:43 - [TEST_STEP][PASSED] - Script1687405711779.Test(todaysDate): null

11-03-2025T03:57:43 - [TEST_STEP][PASSED] - delay(10): Delayed 10 second(s)

11-03-2025T03:57:53 - [MESSAGE][PASSED] - Delayed 10 second(s)

11-03-2025T03:57:53 - [TEST_STEP][PASSED] - if (verifyTextNotPresent("нет данных", false) == true): null

11-03-2025T03:57:53 - [MESSAGE][PASSED] - Text 'нет данных' is not present on page

11-03-2025T03:57:53 - [TEST_STEP][PASSED] - if (verifyTextNotPresent("Ошибка запроса данных", false) == true): null

11-03-2025T03:57:54 - [MESSAGE][PASSED] - Text 'Ошибка запроса данных' is not present on page

11-03-2025T03:57:54 - [TEST_STEP][PASSED] - if (verifyTextNotPresent("Произошла ошибка при выполнении пользовательского кода", false) == true): null

11-03-2025T03:57:54 - [MESSAGE][PASSED] - Text 'Произошла ошибка при выполнении пользовательского кода' is not present on page

11-03-2025T03:57:54 - [TEST_STEP][PASSED] - if (verifyTextNotPresent("У виджета нет данных", false) == true): null

11-03-2025T03:57:55 - [MESSAGE][PASSED] - Text 'У виджета нет данных' is not present on page

11-03-2025T03:57:55 - [TEST_STEP][PASSED] - if (verifyTextNotPresent("У виджета нет данных", false) == true): Text 'У виджета нет данных' is not present on page

11-03-2025T03:57:55 - [MESSAGE][PASSED] - Text 'У виджета нет данных' is not present on page

11-03-2025T03:57:55 - [TEST_STEP][PASSED] - click(findTestObject("Выручка по ДЗО/Фильтр Выручка")): Object: 'Object Repository/Выручка по ДЗО/Фильтр Выручка' is clicked on

11-03-2025T03:57:56 - [MESSAGE][PASSED] - Object: 'Object Repository/Выручка по ДЗО/Фильтр Выручка' is clicked on

11-03-2025T03:57:56 - [TEST_STEP][PASSED] - click(findTestObject("Выручка по ДЗО/Снять выделение в фильтре Выручка")): Object: 'Object Repository/Выручка по ДЗО/Снять выделение в фильтре Выручка' is clicked on

11-03-2025T03:57:56 - [MESSAGE][PASSED] - Object: 'Object Repository/Выручка по ДЗО/Снять выделение в фильтре Выручка' is clicked on

11-03-2025T03:57:56 - [TEST_STEP][PASSED] - click(findTestObject("Выручка по ДЗО/Применить в фильтре Выручка")): Object: 'Object Repository/Выручка по ДЗО/Применить в фильтре Выручка' is clicked on

11-03-2025T03:57:57 - [MESSAGE][PASSED] - Object: 'Object Repository/Выручка по ДЗО/Применить в фильтре Выручка' is clicked on

11-03-2025T03:57:57 - [TEST_STEP][PASSED] - click(findTestObject("Выручка по ДЗО/Фильтр ДЗО")): Object: 'Object Repository/Выручка по ДЗО/Фильтр ДЗО' is clicked on

11-03-2025T03:57:58 - [MESSAGE][PASSED] - Object: 'Object Repository/Выручка по ДЗО/Фильтр ДЗО' is clicked on

11-03-2025T03:57:58 - [TEST_STEP][PASSED] - click(findTestObject("Выручка по ДЗО/Снять выделение в фильтре ДЗО")): Object: 'Object Repository/Выручка по ДЗО/Снять выделение в фильтре ДЗО' is clicked on

11-03-2025T03:57:58 - [MESSAGE][PASSED] - Object: 'Object Repository/Выручка по ДЗО/Снять выделение в фильтре ДЗО' is clicked on

11-03-2025T03:57:58 - [TEST_STEP][PASSED] - scrollToElement(findTestObject("Общие объекты/Раскрыть список Россети Юг"), 30): Scroll to object 'Object Repository/Общие объекты/Раскрыть список Россети Юг' successfully

11-03-2025T03:57:58 - [MESSAGE][PASSED] - Scroll to object 'Object Repository/Общие объекты/Раскрыть список Россети Юг' successfully

11-03-2025T03:57:58 - [TEST_STEP][PASSED] - click(findTestObject("Общие объекты/Раскрыть список Россети Юг"), CONTINUE_ON_FAILURE): Object: 'Object Repository/Общие объекты/Раскрыть список Россети Юг' is clicked on

11-03-2025T03:57:59 - [MESSAGE][PASSED] - Object: 'Object Repository/Общие объекты/Раскрыть список Россети Юг' is clicked on

11-03-2025T03:57:59 - [TEST_STEP][PASSED] - scrollToElement(findTestObject("Общие объекты/ВМЭС"), 30): Scroll to object 'Object Repository/Общие объекты/ВМЭС' successfully

11-03-2025T03:57:59 - [MESSAGE][PASSED] - Scroll to object 'Object Repository/Общие объекты/ВМЭС' successfully

11-03-2025T03:57:59 - [TEST_STEP][PASSED] - click(findTestObject("Общие объекты/ВМЭС"), CONTINUE_ON_FAILURE): Object: 'Object Repository/Общие объекты/ВМЭС' is clicked on

11-03-2025T03:57:59 - [MESSAGE][PASSED] - Object: 'Object Repository/Общие объекты/ВМЭС' is clicked on

11-03-2025T03:57:59 - [TEST_STEP][PASSED] - Script1687405711779.Change(todaysDate): null

11-03-2025T03:57:59 - [TEST_STEP][PASSED] - scrollToElement(findTestObject("Выручка по ДЗО/Заголовок дашборда"), 30): Scroll to object 'Object Repository/Выручка по ДЗО/Заголовок дашборда' successfully

11-03-2025T03:58:00 - [MESSAGE][PASSED] - Scroll to object 'Object Repository/Выручка по ДЗО/Заголовок дашборда' successfully

11-03-2025T03:58:00 - [TEST_STEP][PASSED] - click(findTestObject("Выручка по ДЗО/Применить в фильтре ДЗО")): Object: 'Object Repository/Выручка по ДЗО/Применить в фильтре ДЗО' is clicked on

11-03-2025T03:58:00 - [MESSAGE][PASSED] - Object: 'Object Repository/Выручка по ДЗО/Применить в фильтре ДЗО' is clicked on

11-03-2025T03:58:00 - [TEST_STEP][PASSED] - Script1687405711779.Tumbler(todaysDate): null

11-03-2025T03:58:00 - [TEST_STEP][PASSED] - Script1687405711779.Test(todaysDate): null

11-03-2025T03:58:00 - [TEST_STEP][PASSED] - delay(10): Delayed 10 second(s)

11-03-2025T03:58:10 - [MESSAGE][PASSED] - Delayed 10 second(s)

11-03-2025T03:58:10 - [TEST_STEP][PASSED] - if (verifyTextNotPresent("нет данных", false) == true): null

11-03-2025T03:58:11 - [MESSAGE][PASSED] - Text 'нет данных' is not present on page

11-03-2025T03:58:11 - [TEST_STEP][PASSED] - if (verifyTextNotPresent("Ошибка запроса данных", false) == true): null

11-03-2025T03:58:11 - [MESSAGE][PASSED] - Text 'Ошибка запроса данных' is not present on page

11-03-2025T03:58:11 - [TEST_STEP][PASSED] - if (verifyTextNotPresent("Произошла ошибка при выполнении пользовательского кода", false) == true): null

11-03-2025T03:58:12 - [MESSAGE][PASSED] - Text 'Произошла ошибка при выполнении пользовательского кода' is not present on page

11-03-2025T03:58:12 - [TEST_STEP][PASSED] - if (verifyTextNotPresent("У виджета нет данных", false) == true): null

11-03-2025T03:58:12 - [MESSAGE][PASSED] - Text 'У виджета нет данных' is not present on page

11-03-2025T03:58:12 - [TEST_STEP][PASSED] - if (verifyTextNotPresent("У виджета нет данных", false) == true): Text 'У виджета нет данных' is not present on page

11-03-2025T03:58:13 - [MESSAGE][PASSED] - Text 'У виджета нет данных' is not present on page

11-03-2025T03:58:13 - [TEST_STEP][PASSED] - click(findTestObject("Выручка по ДЗО/Фильтр Выручка")): Object: 'Object Repository/Выручка по ДЗО/Фильтр Выручка' is clicked on

11-03-2025T03:58:13 - [MESSAGE][PASSED] - Object: 'Object Repository/Выручка по ДЗО/Фильтр Выручка' is clicked on

11-03-2025T03:58:13 - [TEST_STEP][PASSED] - click(findTestObject("Выручка по ДЗО/Внутренний оборот в фильтре Выручка")): Object: 'Object Repository/Выручка по ДЗО/Внутренний оборот в фильтре Выручка' is clicked on

11-03-2025T03:58:14 - [MESSAGE][PASSED] - Object: 'Object Repository/Выручка по ДЗО/Внутренний оборот в фильтре Выручка' is clicked on

11-03-2025T03:58:14 - [TEST_STEP][PASSED] - click(findTestObject("Выручка по ДЗО/Применить в фильтре Выручка")): Object: 'Object Repository/Выручка по ДЗО/Применить в фильтре Выручка' is clicked on

11-03-2025T03:58:14 - [MESSAGE][PASSED] - Object: 'Object Repository/Выручка по ДЗО/Применить в фильтре Выручка' is clicked on

11-03-2025T03:58:14 - [TEST_STEP][PASSED] - Script1687405711779.Test(todaysDate): null

11-03-2025T03:58:14 - [TEST_STEP][PASSED] - delay(10): Delayed 10 second(s)

11-03-2025T03:58:24 - [MESSAGE][PASSED] - Delayed 10 second(s)

11-03-2025T03:58:24 - [TEST_STEP][FAILED] - if (verifyTextNotPresent("нет данных", false) == true): Text 'нет данных' is present on page  (Root cause: com.kms.katalon.core.exception.StepFailedException: Text 'нет данных' is present on page 
	at com.kms.katalon.core.webui.keyword.internal.WebUIKeywordMain.stepFailed(WebUIKeywordMain.groovy:64)
	at com.kms.katalon.core.webui.keyword.builtin.VerifyTextNotPresentKeyword$_verifyTextNotPresent_closure1.doCall(VerifyTextNotPresentKeyword.groovy:77)
	at com.kms.katalon.core.webui.keyword.builtin.VerifyTextNotPresentKeyword$_verifyTextNotPresent_closure1.call(VerifyTextNotPresentKeyword.groovy)
	at com.kms.katalon.core.webui.keyword.internal.WebUIKeywordMain.runKeyword(WebUIKeywordMain.groovy:20)
	at com.kms.katalon.core.webui.keyword.builtin.VerifyTextNotPresentKeyword.verifyTextNotPresent(VerifyTextNotPresentKeyword.groovy:82)
	at com.kms.katalon.core.webui.keyword.builtin.VerifyTextNotPresentKeyword.execute(VerifyTextNotPresentKeyword.groovy:68)
	at com.kms.katalon.core.keyword.internal.KeywordExecutor.executeKeywordForPlatform(KeywordExecutor.groovy:74)
	at com.kms.katalon.core.webui.keyword.WebUiBuiltInKeywords.verifyTextNotPresent(WebUiBuiltInKeywords.groovy:1795)
	at Выручка по ДЗО отображение данных все филиалы.Test(Выручка по ДЗО отображение данных все филиалы:772)
	at Выручка по ДЗО отображение данных все филиалы.Tumbler(Выручка по ДЗО отображение данных все филиалы:726)
	at Выручка по ДЗО отображение данных все филиалы.Change(Выручка по ДЗО отображение данных все филиалы:760)
	at Выручка по ДЗО отображение данных все филиалы.DzoTest(Выручка по ДЗО отображение данных все филиалы:668)
	at Выручка по ДЗО отображение данных все филиалы.run(Выручка по ДЗО отображение данных все филиалы:122)
	at com.kms.katalon.core.main.ScriptEngine.run(ScriptEngine.java:194)
	at com.kms.katalon.core.main.ScriptEngine.runScriptAsRawText(ScriptEngine.java:119)
	at com.kms.katalon.core.main.TestCaseExecutor.runScript(TestCaseExecutor.java:448)
	at com.kms.katalon.core.main.TestCaseExecutor.doExecute(TestCaseExecutor.java:439)
	at com.kms.katalon.core.main.TestCaseExecutor.processExecutionPhase(TestCaseExecutor.java:418)
	at com.kms.katalon.core.main.TestCaseExecutor.accessMainPhase(TestCaseExecutor.java:410)
	at com.kms.katalon.core.main.TestCaseExecutor.execute(TestCaseExecutor.java:285)
	at com.kms.katalon.core.common.CommonExecutor.accessTestCaseMainPhase(CommonExecutor.java:65)
	at com.kms.katalon.core.main.TestSuiteExecutor.accessTestSuiteMainPhase(TestSuiteExecutor.java:150)
	at com.kms.katalon.core.main.TestSuiteExecutor.execute(TestSuiteExecutor.java:106)
	at com.kms.katalon.core.main.TestCaseMain.startTestSuite(TestCaseMain.java:180)
	at TempTestSuite1741649958618.run(TempTestSuite1741649958618.groovy:35)
	at java.base/jdk.internal.reflect.NativeMethodAccessorImpl.invoke0(Native Method)
	at java.base/jdk.internal.reflect.NativeMethodAccessorImpl.invoke(NativeMethodAccessorImpl.java:77)
	at java.base/jdk.internal.reflect.DelegatingMethodAccessorImpl.invoke(DelegatingMethodAccessorImpl.java:43)
)

11-03-2025T03:58:25 - [MESSAGE][FAILED] - Text 'нет данных' is present on page  (Root cause: com.kms.katalon.core.exception.StepFailedException: Text 'нет данных' is present on page 
	at com.kms.katalon.core.webui.keyword.internal.WebUIKeywordMain.stepFailed(WebUIKeywordMain.groovy:64)
	at com.kms.katalon.core.webui.keyword.builtin.VerifyTextNotPresentKeyword$_verifyTextNotPresent_closure1.doCall(VerifyTextNotPresentKeyword.groovy:77)
	at com.kms.katalon.core.webui.keyword.builtin.VerifyTextNotPresentKeyword$_verifyTextNotPresent_closure1.call(VerifyTextNotPresentKeyword.groovy)
	at com.kms.katalon.core.webui.keyword.internal.WebUIKeywordMain.runKeyword(WebUIKeywordMain.groovy:20)
	at com.kms.katalon.core.webui.keyword.builtin.VerifyTextNotPresentKeyword.verifyTextNotPresent(VerifyTextNotPresentKeyword.groovy:82)
	at com.kms.katalon.core.webui.keyword.builtin.VerifyTextNotPresentKeyword.execute(VerifyTextNotPresentKeyword.groovy:68)
	at com.kms.katalon.core.keyword.internal.KeywordExecutor.executeKeywordForPlatform(KeywordExecutor.groovy:74)
	at com.kms.katalon.core.webui.keyword.WebUiBuiltInKeywords.verifyTextNotPresent(WebUiBuiltInKeywords.groovy:1795)
	at Выручка по ДЗО отображение данных все филиалы.Test(Выручка по ДЗО отображение данных все филиалы:772)
	at Выручка по ДЗО отображение данных все филиалы.Tumbler(Выручка по ДЗО отображение данных все филиалы:726)
	at Выручка по ДЗО отображение данных все филиалы.Change(Выручка по ДЗО отображение данных все филиалы:760)
	at Выручка по ДЗО отображение данных все филиалы.DzoTest(Выручка по ДЗО отображение данных все филиалы:668)
	at Выручка по ДЗО отображение данных все филиалы.run(Выручка по ДЗО отображение данных все филиалы:122)
	at com.kms.katalon.core.main.ScriptEngine.run(ScriptEngine.java:194)
	at com.kms.katalon.core.main.ScriptEngine.runScriptAsRawText(ScriptEngine.java:119)
	at com.kms.katalon.core.main.TestCaseExecutor.runScript(TestCaseExecutor.java:448)
	at com.kms.katalon.core.main.TestCaseExecutor.doExecute(TestCaseExecutor.java:439)
	at com.kms.katalon.core.main.TestCaseExecutor.processExecutionPhase(TestCaseExecutor.java:418)
	at com.kms.katalon.core.main.TestCaseExecutor.accessMainPhase(TestCaseExecutor.java:410)
	at com.kms.katalon.core.main.TestCaseExecutor.execute(TestCaseExecutor.java:285)
	at com.kms.katalon.core.common.CommonExecutor.accessTestCaseMainPhase(CommonExecutor.java:65)
	at com.kms.katalon.core.main.TestSuiteExecutor.accessTestSuiteMainPhase(TestSuiteExecutor.java:150)
	at com.kms.katalon.core.main.TestSuiteExecutor.execute(TestSuiteExecutor.java:106)
	at com.kms.katalon.core.main.TestCaseMain.startTestSuite(TestCaseMain.java:180)
	at TempTestSuite1741649958618.run(TempTestSuite1741649958618.groovy:35)
	at java.base/jdk.internal.reflect.NativeMethodAccessorImpl.invoke0(Native Method)
	at java.base/jdk.internal.reflect.NativeMethodAccessorImpl.invoke(NativeMethodAccessorImpl.java:77)
	at java.base/jdk.internal.reflect.DelegatingMethodAccessorImpl.invoke(DelegatingMethodAccessorImpl.java:43)
)

11-03-2025T03:58:25 - [TEST_STEP][PASSED] - else: null

11-03-2025T03:58:25 - [TEST_STEP][PASSED] - Script1687405711779.WriteToExcel(todaysDate): null

11-03-2025T03:58:25 - [TEST_STEP][PASSED] - sheetName = "Sheet1": null

11-03-2025T03:58:25 - [TEST_STEP][PASSED] - data = findTestData("PlanFact"): null

11-03-2025T03:58:25 - [TEST_STEP][PASSED] - n = data.getRowNumbers() + 1: null

11-03-2025T03:58:25 - [TEST_STEP][PASSED] - dZO = getText(findTestObject("Выручка по ДЗО/Фильтр ДЗО")): Text of object 'Object Repository/Выручка по ДЗО/Фильтр ДЗО' is: 'ПАО Россети - РаспредКомплекс - Россети Юг (ГК) - АО «ВМЭС»'

11-03-2025T03:58:25 - [MESSAGE][PASSED] - Text of object 'Object Repository/Выручка по ДЗО/Фильтр ДЗО' is: 'ПАО Россети - РаспредКомплекс - Россети Юг (ГК) - АО «ВМЭС»'

11-03-2025T03:58:25 - [TEST_STEP][PASSED] - period = getText(findTestObject("Выручка по ДЗО/Фильтр Дата")): Text of object 'Object Repository/Выручка по ДЗО/Фильтр Дата' is: 'Январь 2025 года'

11-03-2025T03:58:25 - [MESSAGE][PASSED] - Text of object 'Object Repository/Выручка по ДЗО/Фильтр Дата' is: 'Январь 2025 года'

11-03-2025T03:58:25 - [TEST_STEP][PASSED] - viruchka = getText(findTestObject("Выручка по ДЗО/Фильтр Выручка")): Text of object 'Object Repository/Выручка по ДЗО/Фильтр Выручка' is: 'внутренний оборот'

11-03-2025T03:58:26 - [MESSAGE][PASSED] - Text of object 'Object Repository/Выручка по ДЗО/Фильтр Выручка' is: 'внутренний оборот'

11-03-2025T03:58:26 - [TEST_STEP][PASSED] - if (viruchka == "Выбрано: 2"): null

11-03-2025T03:58:26 - [TEST_STEP][PASSED] - if (viruchka == "Все"): null

11-03-2025T03:58:26 - [TEST_STEP][PASSED] - println(period): null

11-03-2025T03:58:26 - [TEST_STEP][PASSED] - dashboardName = "Выручка по ДЗО": null

11-03-2025T03:58:26 - [TEST_STEP][PASSED] - workbook01 = getWorkbook(excelFilePath): null

11-03-2025T03:58:26 - [TEST_STEP][PASSED] - sheet01 = getExcelSheet(workbook01, sheetName): null

11-03-2025T03:58:26 - [TEST_STEP][PASSED] - setValueToCellByIndex(sheet01, n, 0, dashboardName): null

11-03-2025T03:58:26 - [TEST_STEP][PASSED] - setValueToCellByIndex(sheet01, n, 1, dZO): null

11-03-2025T03:58:26 - [TEST_STEP][PASSED] - setValueToCellByIndex(sheet01, n, 2, period): null

11-03-2025T03:58:26 - [TEST_STEP][PASSED] - setValueToCellByIndex(sheet01, n, 3, viruchka): null

11-03-2025T03:58:26 - [TEST_STEP][PASSED] - setValueToCellByIndex(sheet01, n, 4, todaysDate): null

11-03-2025T03:58:26 - [TEST_STEP][PASSED] - n = n + 1: null

11-03-2025T03:58:26 - [TEST_STEP][PASSED] - saveWorkbook(excelFilePath, workbook01): null

11-03-2025T03:58:26 - [TEST_STEP][PASSED] - click(findTestObject("Выручка по ДЗО/Фильтр Выручка")): Object: 'Object Repository/Выручка по ДЗО/Фильтр Выручка' is clicked on

11-03-2025T03:58:26 - [MESSAGE][PASSED] - Object: 'Object Repository/Выручка по ДЗО/Фильтр Выручка' is clicked on

11-03-2025T03:58:26 - [TEST_STEP][PASSED] - click(findTestObject("Выручка по ДЗО/По передаче в фильтре Выручка")): Object: 'Object Repository/Выручка по ДЗО/По передаче в фильтре Выручка' is clicked on

11-03-2025T03:58:27 - [MESSAGE][PASSED] - Object: 'Object Repository/Выручка по ДЗО/По передаче в фильтре Выручка' is clicked on

11-03-2025T03:58:27 - [TEST_STEP][PASSED] - click(findTestObject("Выручка по ДЗО/Применить в фильтре Выручка")): Object: 'Object Repository/Выручка по ДЗО/Применить в фильтре Выручка' is clicked on

11-03-2025T03:58:27 - [MESSAGE][PASSED] - Object: 'Object Repository/Выручка по ДЗО/Применить в фильтре Выручка' is clicked on

11-03-2025T03:58:27 - [TEST_STEP][PASSED] - Script1687405711779.Test(todaysDate): null

11-03-2025T03:58:27 - [TEST_STEP][PASSED] - delay(10): Delayed 10 second(s)

11-03-2025T03:58:37 - [MESSAGE][PASSED] - Delayed 10 second(s)

11-03-2025T03:58:37 - [TEST_STEP][PASSED] - if (verifyTextNotPresent("нет данных", false) == true): null

11-03-2025T03:58:38 - [MESSAGE][PASSED] - Text 'нет данных' is not present on page

11-03-2025T03:58:38 - [TEST_STEP][PASSED] - if (verifyTextNotPresent("Ошибка запроса данных", false) == true): null

11-03-2025T03:58:38 - [MESSAGE][PASSED] - Text 'Ошибка запроса данных' is not present on page

11-03-2025T03:58:38 - [TEST_STEP][PASSED] - if (verifyTextNotPresent("Произошла ошибка при выполнении пользовательского кода", false) == true): null

11-03-2025T03:58:39 - [MESSAGE][PASSED] - Text 'Произошла ошибка при выполнении пользовательского кода' is not present on page

11-03-2025T03:58:39 - [TEST_STEP][PASSED] - if (verifyTextNotPresent("У виджета нет данных", false) == true): null

11-03-2025T03:58:39 - [MESSAGE][PASSED] - Text 'У виджета нет данных' is not present on page

11-03-2025T03:58:39 - [TEST_STEP][PASSED] - if (verifyTextNotPresent("У виджета нет данных", false) == true): Text 'У виджета нет данных' is not present on page

11-03-2025T03:58:40 - [MESSAGE][PASSED] - Text 'У виджета нет данных' is not present on page

11-03-2025T03:58:40 - [TEST_STEP][PASSED] - click(findTestObject("Выручка по ДЗО/Фильтр Выручка")): Object: 'Object Repository/Выручка по ДЗО/Фильтр Выручка' is clicked on

11-03-2025T03:58:40 - [MESSAGE][PASSED] - Object: 'Object Repository/Выручка по ДЗО/Фильтр Выручка' is clicked on

11-03-2025T03:58:40 - [TEST_STEP][PASSED] - click(findTestObject("Выручка по ДЗО/Снять выделение в фильтре Выручка")): Object: 'Object Repository/Выручка по ДЗО/Снять выделение в фильтре Выручка' is clicked on

11-03-2025T03:58:41 - [MESSAGE][PASSED] - Object: 'Object Repository/Выручка по ДЗО/Снять выделение в фильтре Выручка' is clicked on

11-03-2025T03:58:41 - [TEST_STEP][PASSED] - click(findTestObject("Выручка по ДЗО/По передаче в фильтре Выручка")): Object: 'Object Repository/Выручка по ДЗО/По передаче в фильтре Выручка' is clicked on

11-03-2025T03:58:41 - [MESSAGE][PASSED] - Object: 'Object Repository/Выручка по ДЗО/По передаче в фильтре Выручка' is clicked on

11-03-2025T03:58:41 - [TEST_STEP][PASSED] - click(findTestObject("Выручка по ДЗО/Применить в фильтре Выручка")): Object: 'Object Repository/Выручка по ДЗО/Применить в фильтре Выручка' is clicked on

11-03-2025T03:58:41 - [MESSAGE][PASSED] - Object: 'Object Repository/Выручка по ДЗО/Применить в фильтре Выручка' is clicked on

11-03-2025T03:58:41 - [TEST_STEP][PASSED] - Script1687405711779.Test(todaysDate): null

11-03-2025T03:58:41 - [TEST_STEP][PASSED] - delay(10): Delayed 10 second(s)

11-03-2025T03:58:52 - [MESSAGE][PASSED] - Delayed 10 second(s)

11-03-2025T03:58:52 - [TEST_STEP][PASSED] - if (verifyTextNotPresent("нет данных", false) == true): null

11-03-2025T03:58:52 - [MESSAGE][PASSED] - Text 'нет данных' is not present on page

11-03-2025T03:58:52 - [TEST_STEP][PASSED] - if (verifyTextNotPresent("Ошибка запроса данных", false) == true): null

11-03-2025T03:58:52 - [MESSAGE][PASSED] - Text 'Ошибка запроса данных' is not present on page

11-03-2025T03:58:52 - [TEST_STEP][PASSED] - if (verifyTextNotPresent("Произошла ошибка при выполнении пользовательского кода", false) == true): null

11-03-2025T03:58:53 - [MESSAGE][PASSED] - Text 'Произошла ошибка при выполнении пользовательского кода' is not present on page

11-03-2025T03:58:53 - [TEST_STEP][PASSED] - if (verifyTextNotPresent("У виджета нет данных", false) == true): null

11-03-2025T03:58:53 - [MESSAGE][PASSED] - Text 'У виджета нет данных' is not present on page

11-03-2025T03:58:53 - [TEST_STEP][PASSED] - if (verifyTextNotPresent("У виджета нет данных", false) == true): Text 'У виджета нет данных' is not present on page

11-03-2025T03:58:54 - [MESSAGE][PASSED] - Text 'У виджета нет данных' is not present on page

11-03-2025T03:58:54 - [TEST_STEP][PASSED] - click(findTestObject("Выручка по ДЗО/Фильтр Выручка")): Object: 'Object Repository/Выручка по ДЗО/Фильтр Выручка' is clicked on

11-03-2025T03:58:54 - [MESSAGE][PASSED] - Object: 'Object Repository/Выручка по ДЗО/Фильтр Выручка' is clicked on

11-03-2025T03:58:54 - [TEST_STEP][PASSED] - click(findTestObject("Выручка по ДЗО/Снять выделение в фильтре Выручка")): Object: 'Object Repository/Выручка по ДЗО/Снять выделение в фильтре Выручка' is clicked on

11-03-2025T03:58:55 - [MESSAGE][PASSED] - Object: 'Object Repository/Выручка по ДЗО/Снять выделение в фильтре Выручка' is clicked on

11-03-2025T03:58:55 - [TEST_STEP][PASSED] - click(findTestObject("Выручка по ДЗО/Применить в фильтре Выручка")): Object: 'Object Repository/Выручка по ДЗО/Применить в фильтре Выручка' is clicked on

11-03-2025T03:58:55 - [MESSAGE][PASSED] - Object: 'Object Repository/Выручка по ДЗО/Применить в фильтре Выручка' is clicked on

11-03-2025T03:58:55 - [TEST_STEP][PASSED] - click(findTestObject("Выручка по ДЗО/Фильтр ДЗО")): Object: 'Object Repository/Выручка по ДЗО/Фильтр ДЗО' is clicked on

11-03-2025T03:58:56 - [MESSAGE][PASSED] - Object: 'Object Repository/Выручка по ДЗО/Фильтр ДЗО' is clicked on

11-03-2025T03:58:56 - [TEST_STEP][PASSED] - click(findTestObject("Выручка по ДЗО/Снять выделение в фильтре ДЗО")): Object: 'Object Repository/Выручка по ДЗО/Снять выделение в фильтре ДЗО' is clicked on

11-03-2025T03:58:57 - [MESSAGE][PASSED] - Object: 'Object Repository/Выручка по ДЗО/Снять выделение в фильтре ДЗО' is clicked on

11-03-2025T03:58:57 - [TEST_STEP][PASSED] - scrollToElement(findTestObject("Общие объекты/Астраханьэнерго"), 30): Scroll to object 'Object Repository/Общие объекты/Астраханьэнерго' successfully

11-03-2025T03:58:57 - [MESSAGE][PASSED] - Scroll to object 'Object Repository/Общие объекты/Астраханьэнерго' successfully

11-03-2025T03:58:57 - [TEST_STEP][PASSED] - click(findTestObject("Общие объекты/Астраханьэнерго"), CONTINUE_ON_FAILURE): Object: 'Object Repository/Общие объекты/Астраханьэнерго' is clicked on

11-03-2025T03:58:57 - [MESSAGE][PASSED] - Object: 'Object Repository/Общие объекты/Астраханьэнерго' is clicked on

11-03-2025T03:58:57 - [TEST_STEP][PASSED] - Script1687405711779.Change(todaysDate): null

11-03-2025T03:58:57 - [TEST_STEP][PASSED] - scrollToElement(findTestObject("Выручка по ДЗО/Заголовок дашборда"), 30): Scroll to object 'Object Repository/Выручка по ДЗО/Заголовок дашборда' successfully

11-03-2025T03:58:58 - [MESSAGE][PASSED] - Scroll to object 'Object Repository/Выручка по ДЗО/Заголовок дашборда' successfully

11-03-2025T03:58:58 - [TEST_STEP][PASSED] - click(findTestObject("Выручка по ДЗО/Применить в фильтре ДЗО")): Object: 'Object Repository/Выручка по ДЗО/Применить в фильтре ДЗО' is clicked on

11-03-2025T03:58:58 - [MESSAGE][PASSED] - Object: 'Object Repository/Выручка по ДЗО/Применить в фильтре ДЗО' is clicked on

11-03-2025T03:58:58 - [TEST_STEP][PASSED] - Script1687405711779.Tumbler(todaysDate): null

11-03-2025T03:58:58 - [TEST_STEP][PASSED] - Script1687405711779.Test(todaysDate): null

11-03-2025T03:58:58 - [TEST_STEP][PASSED] - delay(10): Delayed 10 second(s)

11-03-2025T03:59:08 - [MESSAGE][PASSED] - Delayed 10 second(s)

11-03-2025T03:59:08 - [TEST_STEP][PASSED] - if (verifyTextNotPresent("нет данных", false) == true): null

11-03-2025T03:59:09 - [MESSAGE][PASSED] - Text 'нет данных' is not present on page

11-03-2025T03:59:09 - [TEST_STEP][PASSED] - if (verifyTextNotPresent("Ошибка запроса данных", false) == true): null

11-03-2025T03:59:09 - [MESSAGE][PASSED] - Text 'Ошибка запроса данных' is not present on page

11-03-2025T03:59:09 - [TEST_STEP][PASSED] - if (verifyTextNotPresent("Произошла ошибка при выполнении пользовательского кода", false) == true): null

11-03-2025T03:59:10 - [MESSAGE][PASSED] - Text 'Произошла ошибка при выполнении пользовательского кода' is not present on page

11-03-2025T03:59:10 - [TEST_STEP][PASSED] - if (verifyTextNotPresent("У виджета нет данных", false) == true): null

11-03-2025T03:59:10 - [MESSAGE][PASSED] - Text 'У виджета нет данных' is not present on page

11-03-2025T03:59:10 - [TEST_STEP][PASSED] - if (verifyTextNotPresent("У виджета нет данных", false) == true): Text 'У виджета нет данных' is not present on page

11-03-2025T03:59:11 - [MESSAGE][PASSED] - Text 'У виджета нет данных' is not present on page

11-03-2025T03:59:11 - [TEST_STEP][PASSED] - click(findTestObject("Выручка по ДЗО/Фильтр Выручка")): Object: 'Object Repository/Выручка по ДЗО/Фильтр Выручка' is clicked on

11-03-2025T03:59:11 - [MESSAGE][PASSED] - Object: 'Object Repository/Выручка по ДЗО/Фильтр Выручка' is clicked on

11-03-2025T03:59:11 - [TEST_STEP][PASSED] - click(findTestObject("Выручка по ДЗО/Внутренний оборот в фильтре Выручка")): Object: 'Object Repository/Выручка по ДЗО/Внутренний оборот в фильтре Выручка' is clicked on

11-03-2025T03:59:11 - [MESSAGE][PASSED] - Object: 'Object Repository/Выручка по ДЗО/Внутренний оборот в фильтре Выручка' is clicked on

11-03-2025T03:59:11 - [TEST_STEP][PASSED] - click(findTestObject("Выручка по ДЗО/Применить в фильтре Выручка")): Object: 'Object Repository/Выручка по ДЗО/Применить в фильтре Выручка' is clicked on

11-03-2025T03:59:12 - [MESSAGE][PASSED] - Object: 'Object Repository/Выручка по ДЗО/Применить в фильтре Выручка' is clicked on

11-03-2025T03:59:12 - [TEST_STEP][PASSED] - Script1687405711779.Test(todaysDate): null

11-03-2025T03:59:12 - [TEST_STEP][PASSED] - delay(10): Delayed 10 second(s)

11-03-2025T03:59:22 - [MESSAGE][PASSED] - Delayed 10 second(s)

11-03-2025T03:59:22 - [TEST_STEP][FAILED] - if (verifyTextNotPresent("нет данных", false) == true): Text 'нет данных' is present on page  (Root cause: com.kms.katalon.core.exception.StepFailedException: Text 'нет данных' is present on page 
	at com.kms.katalon.core.webui.keyword.internal.WebUIKeywordMain.stepFailed(WebUIKeywordMain.groovy:64)
	at com.kms.katalon.core.webui.keyword.builtin.VerifyTextNotPresentKeyword$_verifyTextNotPresent_closure1.doCall(VerifyTextNotPresentKeyword.groovy:77)
	at com.kms.katalon.core.webui.keyword.builtin.VerifyTextNotPresentKeyword$_verifyTextNotPresent_closure1.call(VerifyTextNotPresentKeyword.groovy)
	at com.kms.katalon.core.webui.keyword.internal.WebUIKeywordMain.runKeyword(WebUIKeywordMain.groovy:20)
	at com.kms.katalon.core.webui.keyword.builtin.VerifyTextNotPresentKeyword.verifyTextNotPresent(VerifyTextNotPresentKeyword.groovy:82)
	at com.kms.katalon.core.webui.keyword.builtin.VerifyTextNotPresentKeyword.execute(VerifyTextNotPresentKeyword.groovy:68)
	at com.kms.katalon.core.keyword.internal.KeywordExecutor.executeKeywordForPlatform(KeywordExecutor.groovy:74)
	at com.kms.katalon.core.webui.keyword.WebUiBuiltInKeywords.verifyTextNotPresent(WebUiBuiltInKeywords.groovy:1795)
	at Выручка по ДЗО отображение данных все филиалы.Test(Выручка по ДЗО отображение данных все филиалы:772)
	at Выручка по ДЗО отображение данных все филиалы.Tumbler(Выручка по ДЗО отображение данных все филиалы:726)
	at Выручка по ДЗО отображение данных все филиалы.Change(Выручка по ДЗО отображение данных все филиалы:760)
	at Выручка по ДЗО отображение данных все филиалы.DzoTest(Выручка по ДЗО отображение данных все филиалы:674)
	at Выручка по ДЗО отображение данных все филиалы.run(Выручка по ДЗО отображение данных все филиалы:122)
	at com.kms.katalon.core.main.ScriptEngine.run(ScriptEngine.java:194)
	at com.kms.katalon.core.main.ScriptEngine.runScriptAsRawText(ScriptEngine.java:119)
	at com.kms.katalon.core.main.TestCaseExecutor.runScript(TestCaseExecutor.java:448)
	at com.kms.katalon.core.main.TestCaseExecutor.doExecute(TestCaseExecutor.java:439)
	at com.kms.katalon.core.main.TestCaseExecutor.processExecutionPhase(TestCaseExecutor.java:418)
	at com.kms.katalon.core.main.TestCaseExecutor.accessMainPhase(TestCaseExecutor.java:410)
	at com.kms.katalon.core.main.TestCaseExecutor.execute(TestCaseExecutor.java:285)
	at com.kms.katalon.core.common.CommonExecutor.accessTestCaseMainPhase(CommonExecutor.java:65)
	at com.kms.katalon.core.main.TestSuiteExecutor.accessTestSuiteMainPhase(TestSuiteExecutor.java:150)
	at com.kms.katalon.core.main.TestSuiteExecutor.execute(TestSuiteExecutor.java:106)
	at com.kms.katalon.core.main.TestCaseMain.startTestSuite(TestCaseMain.java:180)
	at TempTestSuite1741649958618.run(TempTestSuite1741649958618.groovy:35)
	at java.base/jdk.internal.reflect.NativeMethodAccessorImpl.invoke0(Native Method)
	at java.base/jdk.internal.reflect.NativeMethodAccessorImpl.invoke(NativeMethodAccessorImpl.java:77)
	at java.base/jdk.internal.reflect.DelegatingMethodAccessorImpl.invoke(DelegatingMethodAccessorImpl.java:43)
)

11-03-2025T03:59:23 - [MESSAGE][FAILED] - Text 'нет данных' is present on page  (Root cause: com.kms.katalon.core.exception.StepFailedException: Text 'нет данных' is present on page 
	at com.kms.katalon.core.webui.keyword.internal.WebUIKeywordMain.stepFailed(WebUIKeywordMain.groovy:64)
	at com.kms.katalon.core.webui.keyword.builtin.VerifyTextNotPresentKeyword$_verifyTextNotPresent_closure1.doCall(VerifyTextNotPresentKeyword.groovy:77)
	at com.kms.katalon.core.webui.keyword.builtin.VerifyTextNotPresentKeyword$_verifyTextNotPresent_closure1.call(VerifyTextNotPresentKeyword.groovy)
	at com.kms.katalon.core.webui.keyword.internal.WebUIKeywordMain.runKeyword(WebUIKeywordMain.groovy:20)
	at com.kms.katalon.core.webui.keyword.builtin.VerifyTextNotPresentKeyword.verifyTextNotPresent(VerifyTextNotPresentKeyword.groovy:82)
	at com.kms.katalon.core.webui.keyword.builtin.VerifyTextNotPresentKeyword.execute(VerifyTextNotPresentKeyword.groovy:68)
	at com.kms.katalon.core.keyword.internal.KeywordExecutor.executeKeywordForPlatform(KeywordExecutor.groovy:74)
	at com.kms.katalon.core.webui.keyword.WebUiBuiltInKeywords.verifyTextNotPresent(WebUiBuiltInKeywords.groovy:1795)
	at Выручка по ДЗО отображение данных все филиалы.Test(Выручка по ДЗО отображение данных все филиалы:772)
	at Выручка по ДЗО отображение данных все филиалы.Tumbler(Выручка по ДЗО отображение данных все филиалы:726)
	at Выручка по ДЗО отображение данных все филиалы.Change(Выручка по ДЗО отображение данных все филиалы:760)
	at Выручка по ДЗО отображение данных все филиалы.DzoTest(Выручка по ДЗО отображение данных все филиалы:674)
	at Выручка по ДЗО отображение данных все филиалы.run(Выручка по ДЗО отображение данных все филиалы:122)
	at com.kms.katalon.core.main.ScriptEngine.run(ScriptEngine.java:194)
	at com.kms.katalon.core.main.ScriptEngine.runScriptAsRawText(ScriptEngine.java:119)
	at com.kms.katalon.core.main.TestCaseExecutor.runScript(TestCaseExecutor.java:448)
	at com.kms.katalon.core.main.TestCaseExecutor.doExecute(TestCaseExecutor.java:439)
	at com.kms.katalon.core.main.TestCaseExecutor.processExecutionPhase(TestCaseExecutor.java:418)
	at com.kms.katalon.core.main.TestCaseExecutor.accessMainPhase(TestCaseExecutor.java:410)
	at com.kms.katalon.core.main.TestCaseExecutor.execute(TestCaseExecutor.java:285)
	at com.kms.katalon.core.common.CommonExecutor.accessTestCaseMainPhase(CommonExecutor.java:65)
	at com.kms.katalon.core.main.TestSuiteExecutor.accessTestSuiteMainPhase(TestSuiteExecutor.java:150)
	at com.kms.katalon.core.main.TestSuiteExecutor.execute(TestSuiteExecutor.java:106)
	at com.kms.katalon.core.main.TestCaseMain.startTestSuite(TestCaseMain.java:180)
	at TempTestSuite1741649958618.run(TempTestSuite1741649958618.groovy:35)
	at java.base/jdk.internal.reflect.NativeMethodAccessorImpl.invoke0(Native Method)
	at java.base/jdk.internal.reflect.NativeMethodAccessorImpl.invoke(NativeMethodAccessorImpl.java:77)
	at java.base/jdk.internal.reflect.DelegatingMethodAccessorImpl.invoke(DelegatingMethodAccessorImpl.java:43)
)

11-03-2025T03:59:23 - [TEST_STEP][PASSED] - else: null

11-03-2025T03:59:23 - [TEST_STEP][PASSED] - Script1687405711779.WriteToExcel(todaysDate): null

11-03-2025T03:59:23 - [TEST_STEP][PASSED] - sheetName = "Sheet1": null

11-03-2025T03:59:23 - [TEST_STEP][PASSED] - data = findTestData("PlanFact"): null

11-03-2025T03:59:23 - [TEST_STEP][PASSED] - n = data.getRowNumbers() + 1: null

11-03-2025T03:59:23 - [TEST_STEP][PASSED] - dZO = getText(findTestObject("Выручка по ДЗО/Фильтр ДЗО")): Text of object 'Object Repository/Выручка по ДЗО/Фильтр ДЗО' is: 'ПАО Россети - РаспредКомплекс - Россети Юг (ГК) - Астраханьэнерго'

11-03-2025T03:59:23 - [MESSAGE][PASSED] - Text of object 'Object Repository/Выручка по ДЗО/Фильтр ДЗО' is: 'ПАО Россети - РаспредКомплекс - Россети Юг (ГК) - Астраханьэнерго'

11-03-2025T03:59:23 - [TEST_STEP][PASSED] - period = getText(findTestObject("Выручка по ДЗО/Фильтр Дата")): Text of object 'Object Repository/Выручка по ДЗО/Фильтр Дата' is: 'Январь 2025 года'

11-03-2025T03:59:23 - [MESSAGE][PASSED] - Text of object 'Object Repository/Выручка по ДЗО/Фильтр Дата' is: 'Январь 2025 года'

11-03-2025T03:59:23 - [TEST_STEP][PASSED] - viruchka = getText(findTestObject("Выручка по ДЗО/Фильтр Выручка")): Text of object 'Object Repository/Выручка по ДЗО/Фильтр Выручка' is: 'внутренний оборот'

11-03-2025T03:59:23 - [MESSAGE][PASSED] - Text of object 'Object Repository/Выручка по ДЗО/Фильтр Выручка' is: 'внутренний оборот'

11-03-2025T03:59:23 - [TEST_STEP][PASSED] - if (viruchka == "Выбрано: 2"): null

11-03-2025T03:59:23 - [TEST_STEP][PASSED] - if (viruchka == "Все"): null

11-03-2025T03:59:23 - [TEST_STEP][PASSED] - println(period): null

11-03-2025T03:59:23 - [TEST_STEP][PASSED] - dashboardName = "Выручка по ДЗО": null

11-03-2025T03:59:23 - [TEST_STEP][PASSED] - workbook01 = getWorkbook(excelFilePath): null

11-03-2025T03:59:24 - [TEST_STEP][PASSED] - sheet01 = getExcelSheet(workbook01, sheetName): null

11-03-2025T03:59:24 - [TEST_STEP][PASSED] - setValueToCellByIndex(sheet01, n, 0, dashboardName): null

11-03-2025T03:59:24 - [TEST_STEP][PASSED] - setValueToCellByIndex(sheet01, n, 1, dZO): null

11-03-2025T03:59:24 - [TEST_STEP][PASSED] - setValueToCellByIndex(sheet01, n, 2, period): null

11-03-2025T03:59:24 - [TEST_STEP][PASSED] - setValueToCellByIndex(sheet01, n, 3, viruchka): null

11-03-2025T03:59:24 - [TEST_STEP][PASSED] - setValueToCellByIndex(sheet01, n, 4, todaysDate): null

11-03-2025T03:59:24 - [TEST_STEP][PASSED] - n = n + 1: null

11-03-2025T03:59:24 - [TEST_STEP][PASSED] - saveWorkbook(excelFilePath, workbook01): null

11-03-2025T03:59:24 - [TEST_STEP][PASSED] - click(findTestObject("Выручка по ДЗО/Фильтр Выручка")): Object: 'Object Repository/Выручка по ДЗО/Фильтр Выручка' is clicked on

11-03-2025T03:59:24 - [MESSAGE][PASSED] - Object: 'Object Repository/Выручка по ДЗО/Фильтр Выручка' is clicked on

11-03-2025T03:59:24 - [TEST_STEP][PASSED] - click(findTestObject("Выручка по ДЗО/По передаче в фильтре Выручка")): Object: 'Object Repository/Выручка по ДЗО/По передаче в фильтре Выручка' is clicked on

11-03-2025T03:59:25 - [MESSAGE][PASSED] - Object: 'Object Repository/Выручка по ДЗО/По передаче в фильтре Выручка' is clicked on

11-03-2025T03:59:25 - [TEST_STEP][PASSED] - click(findTestObject("Выручка по ДЗО/Применить в фильтре Выручка")): Object: 'Object Repository/Выручка по ДЗО/Применить в фильтре Выручка' is clicked on

11-03-2025T03:59:25 - [MESSAGE][PASSED] - Object: 'Object Repository/Выручка по ДЗО/Применить в фильтре Выручка' is clicked on

11-03-2025T03:59:25 - [TEST_STEP][PASSED] - Script1687405711779.Test(todaysDate): null

11-03-2025T03:59:25 - [TEST_STEP][PASSED] - delay(10): Delayed 10 second(s)

11-03-2025T03:59:35 - [MESSAGE][PASSED] - Delayed 10 second(s)

11-03-2025T03:59:35 - [TEST_STEP][PASSED] - if (verifyTextNotPresent("нет данных", false) == true): null

11-03-2025T03:59:36 - [MESSAGE][PASSED] - Text 'нет данных' is not present on page

11-03-2025T03:59:36 - [TEST_STEP][PASSED] - if (verifyTextNotPresent("Ошибка запроса данных", false) == true): null

11-03-2025T03:59:36 - [MESSAGE][PASSED] - Text 'Ошибка запроса данных' is not present on page

11-03-2025T03:59:36 - [TEST_STEP][PASSED] - if (verifyTextNotPresent("Произошла ошибка при выполнении пользовательского кода", false) == true): null

11-03-2025T03:59:37 - [MESSAGE][PASSED] - Text 'Произошла ошибка при выполнении пользовательского кода' is not present on page

11-03-2025T03:59:37 - [TEST_STEP][PASSED] - if (verifyTextNotPresent("У виджета нет данных", false) == true): null

11-03-2025T03:59:37 - [MESSAGE][PASSED] - Text 'У виджета нет данных' is not present on page

11-03-2025T03:59:37 - [TEST_STEP][PASSED] - if (verifyTextNotPresent("У виджета нет данных", false) == true): Text 'У виджета нет данных' is not present on page

11-03-2025T03:59:38 - [MESSAGE][PASSED] - Text 'У виджета нет данных' is not present on page

11-03-2025T03:59:38 - [TEST_STEP][PASSED] - click(findTestObject("Выручка по ДЗО/Фильтр Выручка")): Object: 'Object Repository/Выручка по ДЗО/Фильтр Выручка' is clicked on

11-03-2025T03:59:38 - [MESSAGE][PASSED] - Object: 'Object Repository/Выручка по ДЗО/Фильтр Выручка' is clicked on

11-03-2025T03:59:38 - [TEST_STEP][PASSED] - click(findTestObject("Выручка по ДЗО/Снять выделение в фильтре Выручка")): Object: 'Object Repository/Выручка по ДЗО/Снять выделение в фильтре Выручка' is clicked on

11-03-2025T03:59:39 - [MESSAGE][PASSED] - Object: 'Object Repository/Выручка по ДЗО/Снять выделение в фильтре Выручка' is clicked on

11-03-2025T03:59:39 - [TEST_STEP][PASSED] - click(findTestObject("Выручка по ДЗО/По передаче в фильтре Выручка")): Object: 'Object Repository/Выручка по ДЗО/По передаче в фильтре Выручка' is clicked on

11-03-2025T03:59:39 - [MESSAGE][PASSED] - Object: 'Object Repository/Выручка по ДЗО/По передаче в фильтре Выручка' is clicked on

11-03-2025T03:59:39 - [TEST_STEP][PASSED] - click(findTestObject("Выручка по ДЗО/Применить в фильтре Выручка")): Object: 'Object Repository/Выручка по ДЗО/Применить в фильтре Выручка' is clicked on

11-03-2025T03:59:39 - [MESSAGE][PASSED] - Object: 'Object Repository/Выручка по ДЗО/Применить в фильтре Выручка' is clicked on

11-03-2025T03:59:39 - [TEST_STEP][PASSED] - Script1687405711779.Test(todaysDate): null

11-03-2025T03:59:39 - [TEST_STEP][PASSED] - delay(10): Delayed 10 second(s)

11-03-2025T03:59:49 - [MESSAGE][PASSED] - Delayed 10 second(s)

11-03-2025T03:59:49 - [TEST_STEP][PASSED] - if (verifyTextNotPresent("нет данных", false) == true): null

11-03-2025T03:59:50 - [MESSAGE][PASSED] - Text 'нет данных' is not present on page

11-03-2025T03:59:50 - [TEST_STEP][PASSED] - if (verifyTextNotPresent("Ошибка запроса данных", false) == true): null

11-03-2025T03:59:50 - [MESSAGE][PASSED] - Text 'Ошибка запроса данных' is not present on page

11-03-2025T03:59:50 - [TEST_STEP][PASSED] - if (verifyTextNotPresent("Произошла ошибка при выполнении пользовательского кода", false) == true): null

11-03-2025T03:59:51 - [MESSAGE][PASSED] - Text 'Произошла ошибка при выполнении пользовательского кода' is not present on page

11-03-2025T03:59:51 - [TEST_STEP][PASSED] - if (verifyTextNotPresent("У виджета нет данных", false) == true): null

11-03-2025T03:59:51 - [MESSAGE][PASSED] - Text 'У виджета нет данных' is not present on page

11-03-2025T03:59:51 - [TEST_STEP][PASSED] - if (verifyTextNotPresent("У виджета нет данных", false) == true): Text 'У виджета нет данных' is not present on page

11-03-2025T03:59:52 - [MESSAGE][PASSED] - Text 'У виджета нет данных' is not present on page

11-03-2025T03:59:52 - [TEST_STEP][PASSED] - click(findTestObject("Выручка по ДЗО/Фильтр Выручка")): Object: 'Object Repository/Выручка по ДЗО/Фильтр Выручка' is clicked on

11-03-2025T03:59:52 - [MESSAGE][PASSED] - Object: 'Object Repository/Выручка по ДЗО/Фильтр Выручка' is clicked on

11-03-2025T03:59:52 - [TEST_STEP][PASSED] - click(findTestObject("Выручка по ДЗО/Снять выделение в фильтре Выручка")): Object: 'Object Repository/Выручка по ДЗО/Снять выделение в фильтре Выручка' is clicked on

11-03-2025T03:59:53 - [MESSAGE][PASSED] - Object: 'Object Repository/Выручка по ДЗО/Снять выделение в фильтре Выручка' is clicked on

11-03-2025T03:59:53 - [TEST_STEP][PASSED] - click(findTestObject("Выручка по ДЗО/Применить в фильтре Выручка")): Object: 'Object Repository/Выручка по ДЗО/Применить в фильтре Выручка' is clicked on

11-03-2025T03:59:53 - [MESSAGE][PASSED] - Object: 'Object Repository/Выручка по ДЗО/Применить в фильтре Выручка' is clicked on

11-03-2025T03:59:53 - [TEST_STEP][PASSED] - click(findTestObject("Выручка по ДЗО/Фильтр ДЗО")): Object: 'Object Repository/Выручка по ДЗО/Фильтр ДЗО' is clicked on

11-03-2025T03:59:54 - [MESSAGE][PASSED] - Object: 'Object Repository/Выручка по ДЗО/Фильтр ДЗО' is clicked on

11-03-2025T03:59:54 - [TEST_STEP][PASSED] - click(findTestObject("Выручка по ДЗО/Снять выделение в фильтре ДЗО")): Object: 'Object Repository/Выручка по ДЗО/Снять выделение в фильтре ДЗО' is clicked on

11-03-2025T03:59:55 - [MESSAGE][PASSED] - Object: 'Object Repository/Выручка по ДЗО/Снять выделение в фильтре ДЗО' is clicked on

11-03-2025T03:59:55 - [TEST_STEP][PASSED] - scrollToElement(findTestObject("Общие объекты/Волгоградэнерго"), 30): Scroll to object 'Object Repository/Общие объекты/Волгоградэнерго' successfully

11-03-2025T03:59:55 - [MESSAGE][PASSED] - Scroll to object 'Object Repository/Общие объекты/Волгоградэнерго' successfully

11-03-2025T03:59:55 - [TEST_STEP][PASSED] - click(findTestObject("Общие объекты/Волгоградэнерго"), CONTINUE_ON_FAILURE): Object: 'Object Repository/Общие объекты/Волгоградэнерго' is clicked on

11-03-2025T03:59:55 - [MESSAGE][PASSED] - Object: 'Object Repository/Общие объекты/Волгоградэнерго' is clicked on

11-03-2025T03:59:55 - [TEST_STEP][PASSED] - Script1687405711779.Change(todaysDate): null

11-03-2025T03:59:55 - [TEST_STEP][PASSED] - scrollToElement(findTestObject("Выручка по ДЗО/Заголовок дашборда"), 30): Scroll to object 'Object Repository/Выручка по ДЗО/Заголовок дашборда' successfully

11-03-2025T03:59:56 - [MESSAGE][PASSED] - Scroll to object 'Object Repository/Выручка по ДЗО/Заголовок дашборда' successfully

11-03-2025T03:59:56 - [TEST_STEP][PASSED] - click(findTestObject("Выручка по ДЗО/Применить в фильтре ДЗО")): Object: 'Object Repository/Выручка по ДЗО/Применить в фильтре ДЗО' is clicked on

11-03-2025T03:59:56 - [MESSAGE][PASSED] - Object: 'Object Repository/Выручка по ДЗО/Применить в фильтре ДЗО' is clicked on

11-03-2025T03:59:56 - [TEST_STEP][PASSED] - Script1687405711779.Tumbler(todaysDate): null

11-03-2025T03:59:56 - [TEST_STEP][PASSED] - Script1687405711779.Test(todaysDate): null

11-03-2025T03:59:56 - [TEST_STEP][PASSED] - delay(10): Delayed 10 second(s)

11-03-2025T04:00:06 - [MESSAGE][PASSED] - Delayed 10 second(s)

11-03-2025T04:00:06 - [TEST_STEP][PASSED] - if (verifyTextNotPresent("нет данных", false) == true): null

11-03-2025T04:00:07 - [MESSAGE][PASSED] - Text 'нет данных' is not present on page

11-03-2025T04:00:07 - [TEST_STEP][PASSED] - if (verifyTextNotPresent("Ошибка запроса данных", false) == true): null

11-03-2025T04:00:07 - [MESSAGE][PASSED] - Text 'Ошибка запроса данных' is not present on page

11-03-2025T04:00:07 - [TEST_STEP][PASSED] - if (verifyTextNotPresent("Произошла ошибка при выполнении пользовательского кода", false) == true): null

11-03-2025T04:00:08 - [MESSAGE][PASSED] - Text 'Произошла ошибка при выполнении пользовательского кода' is not present on page

11-03-2025T04:00:08 - [TEST_STEP][PASSED] - if (verifyTextNotPresent("У виджета нет данных", false) == true): null

11-03-2025T04:00:08 - [MESSAGE][PASSED] - Text 'У виджета нет данных' is not present on page

11-03-2025T04:00:08 - [TEST_STEP][PASSED] - if (verifyTextNotPresent("У виджета нет данных", false) == true): Text 'У виджета нет данных' is not present on page

11-03-2025T04:00:09 - [MESSAGE][PASSED] - Text 'У виджета нет данных' is not present on page

11-03-2025T04:00:09 - [TEST_STEP][PASSED] - click(findTestObject("Выручка по ДЗО/Фильтр Выручка")): Object: 'Object Repository/Выручка по ДЗО/Фильтр Выручка' is clicked on

11-03-2025T04:00:09 - [MESSAGE][PASSED] - Object: 'Object Repository/Выручка по ДЗО/Фильтр Выручка' is clicked on

11-03-2025T04:00:09 - [TEST_STEP][PASSED] - click(findTestObject("Выручка по ДЗО/Внутренний оборот в фильтре Выручка")): Object: 'Object Repository/Выручка по ДЗО/Внутренний оборот в фильтре Выручка' is clicked on

11-03-2025T04:00:09 - [MESSAGE][PASSED] - Object: 'Object Repository/Выручка по ДЗО/Внутренний оборот в фильтре Выручка' is clicked on

11-03-2025T04:00:09 - [TEST_STEP][PASSED] - click(findTestObject("Выручка по ДЗО/Применить в фильтре Выручка")): Object: 'Object Repository/Выручка по ДЗО/Применить в фильтре Выручка' is clicked on

11-03-2025T04:00:10 - [MESSAGE][PASSED] - Object: 'Object Repository/Выручка по ДЗО/Применить в фильтре Выручка' is clicked on

11-03-2025T04:00:10 - [TEST_STEP][PASSED] - Script1687405711779.Test(todaysDate): null

11-03-2025T04:00:10 - [TEST_STEP][PASSED] - delay(10): Delayed 10 second(s)

11-03-2025T04:00:20 - [MESSAGE][PASSED] - Delayed 10 second(s)

11-03-2025T04:00:20 - [TEST_STEP][FAILED] - if (verifyTextNotPresent("нет данных", false) == true): Text 'нет данных' is present on page  (Root cause: com.kms.katalon.core.exception.StepFailedException: Text 'нет данных' is present on page 
	at com.kms.katalon.core.webui.keyword.internal.WebUIKeywordMain.stepFailed(WebUIKeywordMain.groovy:64)
	at com.kms.katalon.core.webui.keyword.builtin.VerifyTextNotPresentKeyword$_verifyTextNotPresent_closure1.doCall(VerifyTextNotPresentKeyword.groovy:77)
	at com.kms.katalon.core.webui.keyword.builtin.VerifyTextNotPresentKeyword$_verifyTextNotPresent_closure1.call(VerifyTextNotPresentKeyword.groovy)
	at com.kms.katalon.core.webui.keyword.internal.WebUIKeywordMain.runKeyword(WebUIKeywordMain.groovy:20)
	at com.kms.katalon.core.webui.keyword.builtin.VerifyTextNotPresentKeyword.verifyTextNotPresent(VerifyTextNotPresentKeyword.groovy:82)
	at com.kms.katalon.core.webui.keyword.builtin.VerifyTextNotPresentKeyword.execute(VerifyTextNotPresentKeyword.groovy:68)
	at com.kms.katalon.core.keyword.internal.KeywordExecutor.executeKeywordForPlatform(KeywordExecutor.groovy:74)
	at com.kms.katalon.core.webui.keyword.WebUiBuiltInKeywords.verifyTextNotPresent(WebUiBuiltInKeywords.groovy:1795)
	at Выручка по ДЗО отображение данных все филиалы.Test(Выручка по ДЗО отображение данных все филиалы:772)
	at Выручка по ДЗО отображение данных все филиалы.Tumbler(Выручка по ДЗО отображение данных все филиалы:726)
	at Выручка по ДЗО отображение данных все филиалы.Change(Выручка по ДЗО отображение данных все филиалы:760)
	at Выручка по ДЗО отображение данных все филиалы.DzoTest(Выручка по ДЗО отображение данных все филиалы:680)
	at Выручка по ДЗО отображение данных все филиалы.run(Выручка по ДЗО отображение данных все филиалы:122)
	at com.kms.katalon.core.main.ScriptEngine.run(ScriptEngine.java:194)
	at com.kms.katalon.core.main.ScriptEngine.runScriptAsRawText(ScriptEngine.java:119)
	at com.kms.katalon.core.main.TestCaseExecutor.runScript(TestCaseExecutor.java:448)
	at com.kms.katalon.core.main.TestCaseExecutor.doExecute(TestCaseExecutor.java:439)
	at com.kms.katalon.core.main.TestCaseExecutor.processExecutionPhase(TestCaseExecutor.java:418)
	at com.kms.katalon.core.main.TestCaseExecutor.accessMainPhase(TestCaseExecutor.java:410)
	at com.kms.katalon.core.main.TestCaseExecutor.execute(TestCaseExecutor.java:285)
	at com.kms.katalon.core.common.CommonExecutor.accessTestCaseMainPhase(CommonExecutor.java:65)
	at com.kms.katalon.core.main.TestSuiteExecutor.accessTestSuiteMainPhase(TestSuiteExecutor.java:150)
	at com.kms.katalon.core.main.TestSuiteExecutor.execute(TestSuiteExecutor.java:106)
	at com.kms.katalon.core.main.TestCaseMain.startTestSuite(TestCaseMain.java:180)
	at TempTestSuite1741649958618.run(TempTestSuite1741649958618.groovy:35)
	at java.base/jdk.internal.reflect.NativeMethodAccessorImpl.invoke0(Native Method)
	at java.base/jdk.internal.reflect.NativeMethodAccessorImpl.invoke(NativeMethodAccessorImpl.java:77)
	at java.base/jdk.internal.reflect.DelegatingMethodAccessorImpl.invoke(DelegatingMethodAccessorImpl.java:43)
)

11-03-2025T04:00:21 - [MESSAGE][FAILED] - Text 'нет данных' is present on page  (Root cause: com.kms.katalon.core.exception.StepFailedException: Text 'нет данных' is present on page 
	at com.kms.katalon.core.webui.keyword.internal.WebUIKeywordMain.stepFailed(WebUIKeywordMain.groovy:64)
	at com.kms.katalon.core.webui.keyword.builtin.VerifyTextNotPresentKeyword$_verifyTextNotPresent_closure1.doCall(VerifyTextNotPresentKeyword.groovy:77)
	at com.kms.katalon.core.webui.keyword.builtin.VerifyTextNotPresentKeyword$_verifyTextNotPresent_closure1.call(VerifyTextNotPresentKeyword.groovy)
	at com.kms.katalon.core.webui.keyword.internal.WebUIKeywordMain.runKeyword(WebUIKeywordMain.groovy:20)
	at com.kms.katalon.core.webui.keyword.builtin.VerifyTextNotPresentKeyword.verifyTextNotPresent(VerifyTextNotPresentKeyword.groovy:82)
	at com.kms.katalon.core.webui.keyword.builtin.VerifyTextNotPresentKeyword.execute(VerifyTextNotPresentKeyword.groovy:68)
	at com.kms.katalon.core.keyword.internal.KeywordExecutor.executeKeywordForPlatform(KeywordExecutor.groovy:74)
	at com.kms.katalon.core.webui.keyword.WebUiBuiltInKeywords.verifyTextNotPresent(WebUiBuiltInKeywords.groovy:1795)
	at Выручка по ДЗО отображение данных все филиалы.Test(Выручка по ДЗО отображение данных все филиалы:772)
	at Выручка по ДЗО отображение данных все филиалы.Tumbler(Выручка по ДЗО отображение данных все филиалы:726)
	at Выручка по ДЗО отображение данных все филиалы.Change(Выручка по ДЗО отображение данных все филиалы:760)
	at Выручка по ДЗО отображение данных все филиалы.DzoTest(Выручка по ДЗО отображение данных все филиалы:680)
	at Выручка по ДЗО отображение данных все филиалы.run(Выручка по ДЗО отображение данных все филиалы:122)
	at com.kms.katalon.core.main.ScriptEngine.run(ScriptEngine.java:194)
	at com.kms.katalon.core.main.ScriptEngine.runScriptAsRawText(ScriptEngine.java:119)
	at com.kms.katalon.core.main.TestCaseExecutor.runScript(TestCaseExecutor.java:448)
	at com.kms.katalon.core.main.TestCaseExecutor.doExecute(TestCaseExecutor.java:439)
	at com.kms.katalon.core.main.TestCaseExecutor.processExecutionPhase(TestCaseExecutor.java:418)
	at com.kms.katalon.core.main.TestCaseExecutor.accessMainPhase(TestCaseExecutor.java:410)
	at com.kms.katalon.core.main.TestCaseExecutor.execute(TestCaseExecutor.java:285)
	at com.kms.katalon.core.common.CommonExecutor.accessTestCaseMainPhase(CommonExecutor.java:65)
	at com.kms.katalon.core.main.TestSuiteExecutor.accessTestSuiteMainPhase(TestSuiteExecutor.java:150)
	at com.kms.katalon.core.main.TestSuiteExecutor.execute(TestSuiteExecutor.java:106)
	at com.kms.katalon.core.main.TestCaseMain.startTestSuite(TestCaseMain.java:180)
	at TempTestSuite1741649958618.run(TempTestSuite1741649958618.groovy:35)
	at java.base/jdk.internal.reflect.NativeMethodAccessorImpl.invoke0(Native Method)
	at java.base/jdk.internal.reflect.NativeMethodAccessorImpl.invoke(NativeMethodAccessorImpl.java:77)
	at java.base/jdk.internal.reflect.DelegatingMethodAccessorImpl.invoke(DelegatingMethodAccessorImpl.java:43)
)

11-03-2025T04:00:21 - [TEST_STEP][PASSED] - else: null

11-03-2025T04:00:21 - [TEST_STEP][PASSED] - Script1687405711779.WriteToExcel(todaysDate): null

11-03-2025T04:00:21 - [TEST_STEP][PASSED] - sheetName = "Sheet1": null

11-03-2025T04:00:21 - [TEST_STEP][PASSED] - data = findTestData("PlanFact"): null

11-03-2025T04:00:21 - [TEST_STEP][PASSED] - n = data.getRowNumbers() + 1: null

11-03-2025T04:00:21 - [TEST_STEP][PASSED] - dZO = getText(findTestObject("Выручка по ДЗО/Фильтр ДЗО")): Text of object 'Object Repository/Выручка по ДЗО/Фильтр ДЗО' is: 'ПАО Россети - РаспредКомплекс - Россети Юг (ГК) - Волгоградэнерго'

11-03-2025T04:00:21 - [MESSAGE][PASSED] - Text of object 'Object Repository/Выручка по ДЗО/Фильтр ДЗО' is: 'ПАО Россети - РаспредКомплекс - Россети Юг (ГК) - Волгоградэнерго'

11-03-2025T04:00:21 - [TEST_STEP][PASSED] - period = getText(findTestObject("Выручка по ДЗО/Фильтр Дата")): Text of object 'Object Repository/Выручка по ДЗО/Фильтр Дата' is: 'Январь 2025 года'

11-03-2025T04:00:21 - [MESSAGE][PASSED] - Text of object 'Object Repository/Выручка по ДЗО/Фильтр Дата' is: 'Январь 2025 года'

11-03-2025T04:00:21 - [TEST_STEP][PASSED] - viruchka = getText(findTestObject("Выручка по ДЗО/Фильтр Выручка")): Text of object 'Object Repository/Выручка по ДЗО/Фильтр Выручка' is: 'внутренний оборот'

11-03-2025T04:00:21 - [MESSAGE][PASSED] - Text of object 'Object Repository/Выручка по ДЗО/Фильтр Выручка' is: 'внутренний оборот'

11-03-2025T04:00:21 - [TEST_STEP][PASSED] - if (viruchka == "Выбрано: 2"): null

11-03-2025T04:00:21 - [TEST_STEP][PASSED] - if (viruchka == "Все"): null

11-03-2025T04:00:21 - [TEST_STEP][PASSED] - println(period): null

11-03-2025T04:00:21 - [TEST_STEP][PASSED] - dashboardName = "Выручка по ДЗО": null

11-03-2025T04:00:21 - [TEST_STEP][PASSED] - workbook01 = getWorkbook(excelFilePath): null

11-03-2025T04:00:21 - [TEST_STEP][PASSED] - sheet01 = getExcelSheet(workbook01, sheetName): null

11-03-2025T04:00:21 - [TEST_STEP][PASSED] - setValueToCellByIndex(sheet01, n, 0, dashboardName): null

11-03-2025T04:00:21 - [TEST_STEP][PASSED] - setValueToCellByIndex(sheet01, n, 1, dZO): null

11-03-2025T04:00:21 - [TEST_STEP][PASSED] - setValueToCellByIndex(sheet01, n, 2, period): null

11-03-2025T04:00:21 - [TEST_STEP][PASSED] - setValueToCellByIndex(sheet01, n, 3, viruchka): null

11-03-2025T04:00:21 - [TEST_STEP][PASSED] - setValueToCellByIndex(sheet01, n, 4, todaysDate): null

11-03-2025T04:00:21 - [TEST_STEP][PASSED] - n = n + 1: null

11-03-2025T04:00:21 - [TEST_STEP][PASSED] - saveWorkbook(excelFilePath, workbook01): null

11-03-2025T04:00:22 - [TEST_STEP][PASSED] - click(findTestObject("Выручка по ДЗО/Фильтр Выручка")): Object: 'Object Repository/Выручка по ДЗО/Фильтр Выручка' is clicked on

11-03-2025T04:00:22 - [MESSAGE][PASSED] - Object: 'Object Repository/Выручка по ДЗО/Фильтр Выручка' is clicked on

11-03-2025T04:00:22 - [TEST_STEP][PASSED] - click(findTestObject("Выручка по ДЗО/По передаче в фильтре Выручка")): Object: 'Object Repository/Выручка по ДЗО/По передаче в фильтре Выручка' is clicked on

11-03-2025T04:00:23 - [MESSAGE][PASSED] - Object: 'Object Repository/Выручка по ДЗО/По передаче в фильтре Выручка' is clicked on

11-03-2025T04:00:23 - [TEST_STEP][PASSED] - click(findTestObject("Выручка по ДЗО/Применить в фильтре Выручка")): Object: 'Object Repository/Выручка по ДЗО/Применить в фильтре Выручка' is clicked on

11-03-2025T04:00:23 - [MESSAGE][PASSED] - Object: 'Object Repository/Выручка по ДЗО/Применить в фильтре Выручка' is clicked on

11-03-2025T04:00:23 - [TEST_STEP][PASSED] - Script1687405711779.Test(todaysDate): null

11-03-2025T04:00:23 - [TEST_STEP][PASSED] - delay(10): Delayed 10 second(s)

11-03-2025T04:00:33 - [MESSAGE][PASSED] - Delayed 10 second(s)

11-03-2025T04:00:33 - [TEST_STEP][PASSED] - if (verifyTextNotPresent("нет данных", false) == true): null

11-03-2025T04:00:34 - [MESSAGE][PASSED] - Text 'нет данных' is not present on page

11-03-2025T04:00:34 - [TEST_STEP][PASSED] - if (verifyTextNotPresent("Ошибка запроса данных", false) == true): null

11-03-2025T04:00:34 - [MESSAGE][PASSED] - Text 'Ошибка запроса данных' is not present on page

11-03-2025T04:00:34 - [TEST_STEP][PASSED] - if (verifyTextNotPresent("Произошла ошибка при выполнении пользовательского кода", false) == true): null

11-03-2025T04:00:35 - [MESSAGE][PASSED] - Text 'Произошла ошибка при выполнении пользовательского кода' is not present on page

11-03-2025T04:00:35 - [TEST_STEP][PASSED] - if (verifyTextNotPresent("У виджета нет данных", false) == true): null

11-03-2025T04:00:35 - [MESSAGE][PASSED] - Text 'У виджета нет данных' is not present on page

11-03-2025T04:00:35 - [TEST_STEP][PASSED] - if (verifyTextNotPresent("У виджета нет данных", false) == true): Text 'У виджета нет данных' is not present on page

11-03-2025T04:00:36 - [MESSAGE][PASSED] - Text 'У виджета нет данных' is not present on page

11-03-2025T04:00:36 - [TEST_STEP][PASSED] - click(findTestObject("Выручка по ДЗО/Фильтр Выручка")): Object: 'Object Repository/Выручка по ДЗО/Фильтр Выручка' is clicked on

11-03-2025T04:00:36 - [MESSAGE][PASSED] - Object: 'Object Repository/Выручка по ДЗО/Фильтр Выручка' is clicked on

11-03-2025T04:00:36 - [TEST_STEP][PASSED] - click(findTestObject("Выручка по ДЗО/Снять выделение в фильтре Выручка")): Object: 'Object Repository/Выручка по ДЗО/Снять выделение в фильтре Выручка' is clicked on

11-03-2025T04:00:36 - [MESSAGE][PASSED] - Object: 'Object Repository/Выручка по ДЗО/Снять выделение в фильтре Выручка' is clicked on

11-03-2025T04:00:36 - [TEST_STEP][PASSED] - click(findTestObject("Выручка по ДЗО/По передаче в фильтре Выручка")): Object: 'Object Repository/Выручка по ДЗО/По передаче в фильтре Выручка' is clicked on

11-03-2025T04:00:37 - [MESSAGE][PASSED] - Object: 'Object Repository/Выручка по ДЗО/По передаче в фильтре Выручка' is clicked on

11-03-2025T04:00:37 - [TEST_STEP][PASSED] - click(findTestObject("Выручка по ДЗО/Применить в фильтре Выручка")): Object: 'Object Repository/Выручка по ДЗО/Применить в фильтре Выручка' is clicked on

11-03-2025T04:00:37 - [MESSAGE][PASSED] - Object: 'Object Repository/Выручка по ДЗО/Применить в фильтре Выручка' is clicked on

11-03-2025T04:00:37 - [TEST_STEP][PASSED] - Script1687405711779.Test(todaysDate): null

11-03-2025T04:00:37 - [TEST_STEP][PASSED] - delay(10): Delayed 10 second(s)

11-03-2025T04:00:47 - [MESSAGE][PASSED] - Delayed 10 second(s)

11-03-2025T04:00:47 - [TEST_STEP][PASSED] - if (verifyTextNotPresent("нет данных", false) == true): null

11-03-2025T04:00:48 - [MESSAGE][PASSED] - Text 'нет данных' is not present on page

11-03-2025T04:00:48 - [TEST_STEP][PASSED] - if (verifyTextNotPresent("Ошибка запроса данных", false) == true): null

11-03-2025T04:00:48 - [MESSAGE][PASSED] - Text 'Ошибка запроса данных' is not present on page

11-03-2025T04:00:48 - [TEST_STEP][PASSED] - if (verifyTextNotPresent("Произошла ошибка при выполнении пользовательского кода", false) == true): null

11-03-2025T04:00:49 - [MESSAGE][PASSED] - Text 'Произошла ошибка при выполнении пользовательского кода' is not present on page

11-03-2025T04:00:49 - [TEST_STEP][PASSED] - if (verifyTextNotPresent("У виджета нет данных", false) == true): null

11-03-2025T04:00:49 - [MESSAGE][PASSED] - Text 'У виджета нет данных' is not present on page

11-03-2025T04:00:49 - [TEST_STEP][PASSED] - if (verifyTextNotPresent("У виджета нет данных", false) == true): Text 'У виджета нет данных' is not present on page

11-03-2025T04:00:50 - [MESSAGE][PASSED] - Text 'У виджета нет данных' is not present on page

11-03-2025T04:00:50 - [TEST_STEP][PASSED] - click(findTestObject("Выручка по ДЗО/Фильтр Выручка")): Object: 'Object Repository/Выручка по ДЗО/Фильтр Выручка' is clicked on

11-03-2025T04:00:50 - [MESSAGE][PASSED] - Object: 'Object Repository/Выручка по ДЗО/Фильтр Выручка' is clicked on

11-03-2025T04:00:50 - [TEST_STEP][PASSED] - click(findTestObject("Выручка по ДЗО/Снять выделение в фильтре Выручка")): Object: 'Object Repository/Выручка по ДЗО/Снять выделение в фильтре Выручка' is clicked on

11-03-2025T04:00:51 - [MESSAGE][PASSED] - Object: 'Object Repository/Выручка по ДЗО/Снять выделение в фильтре Выручка' is clicked on

11-03-2025T04:00:51 - [TEST_STEP][PASSED] - click(findTestObject("Выручка по ДЗО/Применить в фильтре Выручка")): Object: 'Object Repository/Выручка по ДЗО/Применить в фильтре Выручка' is clicked on

11-03-2025T04:00:51 - [MESSAGE][PASSED] - Object: 'Object Repository/Выручка по ДЗО/Применить в фильтре Выручка' is clicked on

11-03-2025T04:00:51 - [TEST_STEP][PASSED] - click(findTestObject("Выручка по ДЗО/Фильтр ДЗО")): Object: 'Object Repository/Выручка по ДЗО/Фильтр ДЗО' is clicked on

11-03-2025T04:00:52 - [MESSAGE][PASSED] - Object: 'Object Repository/Выручка по ДЗО/Фильтр ДЗО' is clicked on

11-03-2025T04:00:52 - [TEST_STEP][PASSED] - click(findTestObject("Выручка по ДЗО/Снять выделение в фильтре ДЗО")): Object: 'Object Repository/Выручка по ДЗО/Снять выделение в фильтре ДЗО' is clicked on

11-03-2025T04:00:52 - [MESSAGE][PASSED] - Object: 'Object Repository/Выручка по ДЗО/Снять выделение в фильтре ДЗО' is clicked on

11-03-2025T04:00:52 - [TEST_STEP][PASSED] - scrollToElement(findTestObject("Общие объекты/Калмэнерго"), 30): Scroll to object 'Object Repository/Общие объекты/Калмэнерго' successfully

11-03-2025T04:00:53 - [MESSAGE][PASSED] - Scroll to object 'Object Repository/Общие объекты/Калмэнерго' successfully

11-03-2025T04:00:53 - [TEST_STEP][PASSED] - click(findTestObject("Общие объекты/Калмэнерго"), CONTINUE_ON_FAILURE): Object: 'Object Repository/Общие объекты/Калмэнерго' is clicked on

11-03-2025T04:00:53 - [MESSAGE][PASSED] - Object: 'Object Repository/Общие объекты/Калмэнерго' is clicked on

11-03-2025T04:00:53 - [TEST_STEP][PASSED] - Script1687405711779.Change(todaysDate): null

11-03-2025T04:00:53 - [TEST_STEP][PASSED] - scrollToElement(findTestObject("Выручка по ДЗО/Заголовок дашборда"), 30): Scroll to object 'Object Repository/Выручка по ДЗО/Заголовок дашборда' successfully

11-03-2025T04:00:54 - [MESSAGE][PASSED] - Scroll to object 'Object Repository/Выручка по ДЗО/Заголовок дашборда' successfully

11-03-2025T04:00:54 - [TEST_STEP][PASSED] - click(findTestObject("Выручка по ДЗО/Применить в фильтре ДЗО")): Object: 'Object Repository/Выручка по ДЗО/Применить в фильтре ДЗО' is clicked on

11-03-2025T04:00:54 - [MESSAGE][PASSED] - Object: 'Object Repository/Выручка по ДЗО/Применить в фильтре ДЗО' is clicked on

11-03-2025T04:00:54 - [TEST_STEP][PASSED] - Script1687405711779.Tumbler(todaysDate): null

11-03-2025T04:00:54 - [TEST_STEP][PASSED] - Script1687405711779.Test(todaysDate): null

11-03-2025T04:00:54 - [TEST_STEP][PASSED] - delay(10): Delayed 10 second(s)

11-03-2025T04:01:04 - [MESSAGE][PASSED] - Delayed 10 second(s)

11-03-2025T04:01:04 - [TEST_STEP][PASSED] - if (verifyTextNotPresent("нет данных", false) == true): null

11-03-2025T04:01:05 - [MESSAGE][PASSED] - Text 'нет данных' is not present on page

11-03-2025T04:01:05 - [TEST_STEP][PASSED] - if (verifyTextNotPresent("Ошибка запроса данных", false) == true): null

11-03-2025T04:01:05 - [MESSAGE][PASSED] - Text 'Ошибка запроса данных' is not present on page

11-03-2025T04:01:05 - [TEST_STEP][PASSED] - if (verifyTextNotPresent("Произошла ошибка при выполнении пользовательского кода", false) == true): null

11-03-2025T04:01:05 - [MESSAGE][PASSED] - Text 'Произошла ошибка при выполнении пользовательского кода' is not present on page

11-03-2025T04:01:05 - [TEST_STEP][PASSED] - if (verifyTextNotPresent("У виджета нет данных", false) == true): null

11-03-2025T04:01:06 - [MESSAGE][PASSED] - Text 'У виджета нет данных' is not present on page

11-03-2025T04:01:06 - [TEST_STEP][PASSED] - if (verifyTextNotPresent("У виджета нет данных", false) == true): Text 'У виджета нет данных' is not present on page

11-03-2025T04:01:06 - [MESSAGE][PASSED] - Text 'У виджета нет данных' is not present on page

11-03-2025T04:01:06 - [TEST_STEP][PASSED] - click(findTestObject("Выручка по ДЗО/Фильтр Выручка")): Object: 'Object Repository/Выручка по ДЗО/Фильтр Выручка' is clicked on

11-03-2025T04:01:07 - [MESSAGE][PASSED] - Object: 'Object Repository/Выручка по ДЗО/Фильтр Выручка' is clicked on

11-03-2025T04:01:07 - [TEST_STEP][PASSED] - click(findTestObject("Выручка по ДЗО/Внутренний оборот в фильтре Выручка")): Object: 'Object Repository/Выручка по ДЗО/Внутренний оборот в фильтре Выручка' is clicked on

11-03-2025T04:01:07 - [MESSAGE][PASSED] - Object: 'Object Repository/Выручка по ДЗО/Внутренний оборот в фильтре Выручка' is clicked on

11-03-2025T04:01:07 - [TEST_STEP][PASSED] - click(findTestObject("Выручка по ДЗО/Применить в фильтре Выручка")): Object: 'Object Repository/Выручка по ДЗО/Применить в фильтре Выручка' is clicked on

11-03-2025T04:01:08 - [MESSAGE][PASSED] - Object: 'Object Repository/Выручка по ДЗО/Применить в фильтре Выручка' is clicked on

11-03-2025T04:01:08 - [TEST_STEP][PASSED] - Script1687405711779.Test(todaysDate): null

11-03-2025T04:01:08 - [TEST_STEP][PASSED] - delay(10): Delayed 10 second(s)

11-03-2025T04:01:18 - [MESSAGE][PASSED] - Delayed 10 second(s)

11-03-2025T04:01:18 - [TEST_STEP][PASSED] - if (verifyTextNotPresent("нет данных", false) == true): null

11-03-2025T04:01:18 - [MESSAGE][PASSED] - Text 'нет данных' is not present on page

11-03-2025T04:01:18 - [TEST_STEP][PASSED] - if (verifyTextNotPresent("Ошибка запроса данных", false) == true): null

11-03-2025T04:01:19 - [MESSAGE][PASSED] - Text 'Ошибка запроса данных' is not present on page

11-03-2025T04:01:19 - [TEST_STEP][PASSED] - if (verifyTextNotPresent("Произошла ошибка при выполнении пользовательского кода", false) == true): null

11-03-2025T04:01:19 - [MESSAGE][PASSED] - Text 'Произошла ошибка при выполнении пользовательского кода' is not present on page

11-03-2025T04:01:19 - [TEST_STEP][PASSED] - if (verifyTextNotPresent("У виджета нет данных", false) == true): null

11-03-2025T04:01:20 - [MESSAGE][PASSED] - Text 'У виджета нет данных' is not present on page

11-03-2025T04:01:20 - [TEST_STEP][PASSED] - if (verifyTextNotPresent("У виджета нет данных", false) == true): Text 'У виджета нет данных' is not present on page

11-03-2025T04:01:20 - [MESSAGE][PASSED] - Text 'У виджета нет данных' is not present on page

11-03-2025T04:01:20 - [TEST_STEP][PASSED] - click(findTestObject("Выручка по ДЗО/Фильтр Выручка")): Object: 'Object Repository/Выручка по ДЗО/Фильтр Выручка' is clicked on

11-03-2025T04:01:21 - [MESSAGE][PASSED] - Object: 'Object Repository/Выручка по ДЗО/Фильтр Выручка' is clicked on

11-03-2025T04:01:21 - [TEST_STEP][PASSED] - click(findTestObject("Выручка по ДЗО/По передаче в фильтре Выручка")): Object: 'Object Repository/Выручка по ДЗО/По передаче в фильтре Выручка' is clicked on

11-03-2025T04:01:21 - [MESSAGE][PASSED] - Object: 'Object Repository/Выручка по ДЗО/По передаче в фильтре Выручка' is clicked on

11-03-2025T04:01:21 - [TEST_STEP][PASSED] - click(findTestObject("Выручка по ДЗО/Применить в фильтре Выручка")): Object: 'Object Repository/Выручка по ДЗО/Применить в фильтре Выручка' is clicked on

11-03-2025T04:01:22 - [MESSAGE][PASSED] - Object: 'Object Repository/Выручка по ДЗО/Применить в фильтре Выручка' is clicked on

11-03-2025T04:01:22 - [TEST_STEP][PASSED] - Script1687405711779.Test(todaysDate): null

11-03-2025T04:01:22 - [TEST_STEP][PASSED] - delay(10): Delayed 10 second(s)

11-03-2025T04:01:32 - [MESSAGE][PASSED] - Delayed 10 second(s)

11-03-2025T04:01:32 - [TEST_STEP][PASSED] - if (verifyTextNotPresent("нет данных", false) == true): null

11-03-2025T04:01:32 - [MESSAGE][PASSED] - Text 'нет данных' is not present on page

11-03-2025T04:01:32 - [TEST_STEP][PASSED] - if (verifyTextNotPresent("Ошибка запроса данных", false) == true): null

11-03-2025T04:01:33 - [MESSAGE][PASSED] - Text 'Ошибка запроса данных' is not present on page

11-03-2025T04:01:33 - [TEST_STEP][PASSED] - if (verifyTextNotPresent("Произошла ошибка при выполнении пользовательского кода", false) == true): null

11-03-2025T04:01:33 - [MESSAGE][PASSED] - Text 'Произошла ошибка при выполнении пользовательского кода' is not present on page

11-03-2025T04:01:33 - [TEST_STEP][PASSED] - if (verifyTextNotPresent("У виджета нет данных", false) == true): null

11-03-2025T04:01:33 - [MESSAGE][PASSED] - Text 'У виджета нет данных' is not present on page

11-03-2025T04:01:33 - [TEST_STEP][PASSED] - if (verifyTextNotPresent("У виджета нет данных", false) == true): Text 'У виджета нет данных' is not present on page

11-03-2025T04:01:34 - [MESSAGE][PASSED] - Text 'У виджета нет данных' is not present on page

11-03-2025T04:01:34 - [TEST_STEP][PASSED] - click(findTestObject("Выручка по ДЗО/Фильтр Выручка")): Object: 'Object Repository/Выручка по ДЗО/Фильтр Выручка' is clicked on

11-03-2025T04:01:34 - [MESSAGE][PASSED] - Object: 'Object Repository/Выручка по ДЗО/Фильтр Выручка' is clicked on

11-03-2025T04:01:34 - [TEST_STEP][PASSED] - click(findTestObject("Выручка по ДЗО/Снять выделение в фильтре Выручка")): Object: 'Object Repository/Выручка по ДЗО/Снять выделение в фильтре Выручка' is clicked on

11-03-2025T04:01:35 - [MESSAGE][PASSED] - Object: 'Object Repository/Выручка по ДЗО/Снять выделение в фильтре Выручка' is clicked on

11-03-2025T04:01:35 - [TEST_STEP][PASSED] - click(findTestObject("Выручка по ДЗО/По передаче в фильтре Выручка")): Object: 'Object Repository/Выручка по ДЗО/По передаче в фильтре Выручка' is clicked on

11-03-2025T04:01:35 - [MESSAGE][PASSED] - Object: 'Object Repository/Выручка по ДЗО/По передаче в фильтре Выручка' is clicked on

11-03-2025T04:01:35 - [TEST_STEP][PASSED] - click(findTestObject("Выручка по ДЗО/Применить в фильтре Выручка")): Object: 'Object Repository/Выручка по ДЗО/Применить в фильтре Выручка' is clicked on

11-03-2025T04:01:36 - [MESSAGE][PASSED] - Object: 'Object Repository/Выручка по ДЗО/Применить в фильтре Выручка' is clicked on

11-03-2025T04:01:36 - [TEST_STEP][PASSED] - Script1687405711779.Test(todaysDate): null

11-03-2025T04:01:36 - [TEST_STEP][PASSED] - delay(10): Delayed 10 second(s)

11-03-2025T04:01:46 - [MESSAGE][PASSED] - Delayed 10 second(s)

11-03-2025T04:01:46 - [TEST_STEP][PASSED] - if (verifyTextNotPresent("нет данных", false) == true): null

11-03-2025T04:01:46 - [MESSAGE][PASSED] - Text 'нет данных' is not present on page

11-03-2025T04:01:46 - [TEST_STEP][PASSED] - if (verifyTextNotPresent("Ошибка запроса данных", false) == true): null

11-03-2025T04:01:47 - [MESSAGE][PASSED] - Text 'Ошибка запроса данных' is not present on page

11-03-2025T04:01:47 - [TEST_STEP][PASSED] - if (verifyTextNotPresent("Произошла ошибка при выполнении пользовательского кода", false) == true): null

11-03-2025T04:01:47 - [MESSAGE][PASSED] - Text 'Произошла ошибка при выполнении пользовательского кода' is not present on page

11-03-2025T04:01:47 - [TEST_STEP][PASSED] - if (verifyTextNotPresent("У виджета нет данных", false) == true): null

11-03-2025T04:01:48 - [MESSAGE][PASSED] - Text 'У виджета нет данных' is not present on page

11-03-2025T04:01:48 - [TEST_STEP][PASSED] - if (verifyTextNotPresent("У виджета нет данных", false) == true): Text 'У виджета нет данных' is not present on page

11-03-2025T04:01:48 - [MESSAGE][PASSED] - Text 'У виджета нет данных' is not present on page

11-03-2025T04:01:48 - [TEST_STEP][PASSED] - click(findTestObject("Выручка по ДЗО/Фильтр Выручка")): Object: 'Object Repository/Выручка по ДЗО/Фильтр Выручка' is clicked on

11-03-2025T04:01:48 - [MESSAGE][PASSED] - Object: 'Object Repository/Выручка по ДЗО/Фильтр Выручка' is clicked on

11-03-2025T04:01:48 - [TEST_STEP][PASSED] - click(findTestObject("Выручка по ДЗО/Снять выделение в фильтре Выручка")): Object: 'Object Repository/Выручка по ДЗО/Снять выделение в фильтре Выручка' is clicked on

11-03-2025T04:01:49 - [MESSAGE][PASSED] - Object: 'Object Repository/Выручка по ДЗО/Снять выделение в фильтре Выручка' is clicked on

11-03-2025T04:01:49 - [TEST_STEP][PASSED] - click(findTestObject("Выручка по ДЗО/Применить в фильтре Выручка")): Object: 'Object Repository/Выручка по ДЗО/Применить в фильтре Выручка' is clicked on

11-03-2025T04:01:49 - [MESSAGE][PASSED] - Object: 'Object Repository/Выручка по ДЗО/Применить в фильтре Выручка' is clicked on

11-03-2025T04:01:49 - [TEST_STEP][PASSED] - click(findTestObject("Выручка по ДЗО/Фильтр ДЗО")): Object: 'Object Repository/Выручка по ДЗО/Фильтр ДЗО' is clicked on

11-03-2025T04:01:51 - [MESSAGE][PASSED] - Object: 'Object Repository/Выручка по ДЗО/Фильтр ДЗО' is clicked on

11-03-2025T04:01:51 - [TEST_STEP][PASSED] - click(findTestObject("Выручка по ДЗО/Снять выделение в фильтре ДЗО")): Object: 'Object Repository/Выручка по ДЗО/Снять выделение в фильтре ДЗО' is clicked on

11-03-2025T04:01:52 - [MESSAGE][PASSED] - Object: 'Object Repository/Выручка по ДЗО/Снять выделение в фильтре ДЗО' is clicked on

11-03-2025T04:01:52 - [TEST_STEP][PASSED] - scrollToElement(findTestObject("Общие объекты/Ростовэнерго"), 30): Scroll to object 'Object Repository/Общие объекты/Ростовэнерго' successfully

11-03-2025T04:01:52 - [MESSAGE][PASSED] - Scroll to object 'Object Repository/Общие объекты/Ростовэнерго' successfully

11-03-2025T04:01:52 - [TEST_STEP][PASSED] - click(findTestObject("Общие объекты/Ростовэнерго"), CONTINUE_ON_FAILURE): Object: 'Object Repository/Общие объекты/Ростовэнерго' is clicked on

11-03-2025T04:01:52 - [MESSAGE][PASSED] - Object: 'Object Repository/Общие объекты/Ростовэнерго' is clicked on

11-03-2025T04:01:52 - [TEST_STEP][PASSED] - Script1687405711779.Change(todaysDate): null

11-03-2025T04:01:52 - [TEST_STEP][PASSED] - scrollToElement(findTestObject("Выручка по ДЗО/Заголовок дашборда"), 30): Scroll to object 'Object Repository/Выручка по ДЗО/Заголовок дашборда' successfully

11-03-2025T04:01:53 - [MESSAGE][PASSED] - Scroll to object 'Object Repository/Выручка по ДЗО/Заголовок дашборда' successfully

11-03-2025T04:01:53 - [TEST_STEP][PASSED] - click(findTestObject("Выручка по ДЗО/Применить в фильтре ДЗО")): Object: 'Object Repository/Выручка по ДЗО/Применить в фильтре ДЗО' is clicked on

11-03-2025T04:01:54 - [MESSAGE][PASSED] - Object: 'Object Repository/Выручка по ДЗО/Применить в фильтре ДЗО' is clicked on

11-03-2025T04:01:54 - [TEST_STEP][PASSED] - Script1687405711779.Tumbler(todaysDate): null

11-03-2025T04:01:54 - [TEST_STEP][PASSED] - Script1687405711779.Test(todaysDate): null

11-03-2025T04:01:54 - [TEST_STEP][PASSED] - delay(10): Delayed 10 second(s)

11-03-2025T04:02:04 - [MESSAGE][PASSED] - Delayed 10 second(s)

11-03-2025T04:02:04 - [TEST_STEP][PASSED] - if (verifyTextNotPresent("нет данных", false) == true): null

11-03-2025T04:02:04 - [MESSAGE][PASSED] - Text 'нет данных' is not present on page

11-03-2025T04:02:04 - [TEST_STEP][PASSED] - if (verifyTextNotPresent("Ошибка запроса данных", false) == true): null

11-03-2025T04:02:04 - [MESSAGE][PASSED] - Text 'Ошибка запроса данных' is not present on page

11-03-2025T04:02:04 - [TEST_STEP][PASSED] - if (verifyTextNotPresent("Произошла ошибка при выполнении пользовательского кода", false) == true): null

11-03-2025T04:02:05 - [MESSAGE][PASSED] - Text 'Произошла ошибка при выполнении пользовательского кода' is not present on page

11-03-2025T04:02:05 - [TEST_STEP][PASSED] - if (verifyTextNotPresent("У виджета нет данных", false) == true): null

11-03-2025T04:02:05 - [MESSAGE][PASSED] - Text 'У виджета нет данных' is not present on page

11-03-2025T04:02:05 - [TEST_STEP][PASSED] - if (verifyTextNotPresent("У виджета нет данных", false) == true): Text 'У виджета нет данных' is not present on page

11-03-2025T04:02:06 - [MESSAGE][PASSED] - Text 'У виджета нет данных' is not present on page

11-03-2025T04:02:06 - [TEST_STEP][PASSED] - click(findTestObject("Выручка по ДЗО/Фильтр Выручка")): Object: 'Object Repository/Выручка по ДЗО/Фильтр Выручка' is clicked on

11-03-2025T04:02:06 - [MESSAGE][PASSED] - Object: 'Object Repository/Выручка по ДЗО/Фильтр Выручка' is clicked on

11-03-2025T04:02:06 - [TEST_STEP][PASSED] - click(findTestObject("Выручка по ДЗО/Внутренний оборот в фильтре Выручка")): Object: 'Object Repository/Выручка по ДЗО/Внутренний оборот в фильтре Выручка' is clicked on

11-03-2025T04:02:07 - [MESSAGE][PASSED] - Object: 'Object Repository/Выручка по ДЗО/Внутренний оборот в фильтре Выручка' is clicked on

11-03-2025T04:02:07 - [TEST_STEP][PASSED] - click(findTestObject("Выручка по ДЗО/Применить в фильтре Выручка")): Object: 'Object Repository/Выручка по ДЗО/Применить в фильтре Выручка' is clicked on

11-03-2025T04:02:07 - [MESSAGE][PASSED] - Object: 'Object Repository/Выручка по ДЗО/Применить в фильтре Выручка' is clicked on

11-03-2025T04:02:07 - [TEST_STEP][PASSED] - Script1687405711779.Test(todaysDate): null

11-03-2025T04:02:07 - [TEST_STEP][PASSED] - delay(10): Delayed 10 second(s)

11-03-2025T04:02:17 - [MESSAGE][PASSED] - Delayed 10 second(s)

11-03-2025T04:02:17 - [TEST_STEP][FAILED] - if (verifyTextNotPresent("нет данных", false) == true): Text 'нет данных' is present on page  (Root cause: com.kms.katalon.core.exception.StepFailedException: Text 'нет данных' is present on page 
	at com.kms.katalon.core.webui.keyword.internal.WebUIKeywordMain.stepFailed(WebUIKeywordMain.groovy:64)
	at com.kms.katalon.core.webui.keyword.builtin.VerifyTextNotPresentKeyword$_verifyTextNotPresent_closure1.doCall(VerifyTextNotPresentKeyword.groovy:77)
	at com.kms.katalon.core.webui.keyword.builtin.VerifyTextNotPresentKeyword$_verifyTextNotPresent_closure1.call(VerifyTextNotPresentKeyword.groovy)
	at com.kms.katalon.core.webui.keyword.internal.WebUIKeywordMain.runKeyword(WebUIKeywordMain.groovy:20)
	at com.kms.katalon.core.webui.keyword.builtin.VerifyTextNotPresentKeyword.verifyTextNotPresent(VerifyTextNotPresentKeyword.groovy:82)
	at com.kms.katalon.core.webui.keyword.builtin.VerifyTextNotPresentKeyword.execute(VerifyTextNotPresentKeyword.groovy:68)
	at com.kms.katalon.core.keyword.internal.KeywordExecutor.executeKeywordForPlatform(KeywordExecutor.groovy:74)
	at com.kms.katalon.core.webui.keyword.WebUiBuiltInKeywords.verifyTextNotPresent(WebUiBuiltInKeywords.groovy:1795)
	at Выручка по ДЗО отображение данных все филиалы.Test(Выручка по ДЗО отображение данных все филиалы:772)
	at Выручка по ДЗО отображение данных все филиалы.Tumbler(Выручка по ДЗО отображение данных все филиалы:726)
	at Выручка по ДЗО отображение данных все филиалы.Change(Выручка по ДЗО отображение данных все филиалы:760)
	at Выручка по ДЗО отображение данных все филиалы.DzoTest(Выручка по ДЗО отображение данных все филиалы:692)
	at Выручка по ДЗО отображение данных все филиалы.run(Выручка по ДЗО отображение данных все филиалы:122)
	at com.kms.katalon.core.main.ScriptEngine.run(ScriptEngine.java:194)
	at com.kms.katalon.core.main.ScriptEngine.runScriptAsRawText(ScriptEngine.java:119)
	at com.kms.katalon.core.main.TestCaseExecutor.runScript(TestCaseExecutor.java:448)
	at com.kms.katalon.core.main.TestCaseExecutor.doExecute(TestCaseExecutor.java:439)
	at com.kms.katalon.core.main.TestCaseExecutor.processExecutionPhase(TestCaseExecutor.java:418)
	at com.kms.katalon.core.main.TestCaseExecutor.accessMainPhase(TestCaseExecutor.java:410)
	at com.kms.katalon.core.main.TestCaseExecutor.execute(TestCaseExecutor.java:285)
	at com.kms.katalon.core.common.CommonExecutor.accessTestCaseMainPhase(CommonExecutor.java:65)
	at com.kms.katalon.core.main.TestSuiteExecutor.accessTestSuiteMainPhase(TestSuiteExecutor.java:150)
	at com.kms.katalon.core.main.TestSuiteExecutor.execute(TestSuiteExecutor.java:106)
	at com.kms.katalon.core.main.TestCaseMain.startTestSuite(TestCaseMain.java:180)
	at TempTestSuite1741649958618.run(TempTestSuite1741649958618.groovy:35)
	at java.base/jdk.internal.reflect.NativeMethodAccessorImpl.invoke0(Native Method)
	at java.base/jdk.internal.reflect.NativeMethodAccessorImpl.invoke(NativeMethodAccessorImpl.java:77)
	at java.base/jdk.internal.reflect.DelegatingMethodAccessorImpl.invoke(DelegatingMethodAccessorImpl.java:43)
)

11-03-2025T04:02:18 - [MESSAGE][FAILED] - Text 'нет данных' is present on page  (Root cause: com.kms.katalon.core.exception.StepFailedException: Text 'нет данных' is present on page 
	at com.kms.katalon.core.webui.keyword.internal.WebUIKeywordMain.stepFailed(WebUIKeywordMain.groovy:64)
	at com.kms.katalon.core.webui.keyword.builtin.VerifyTextNotPresentKeyword$_verifyTextNotPresent_closure1.doCall(VerifyTextNotPresentKeyword.groovy:77)
	at com.kms.katalon.core.webui.keyword.builtin.VerifyTextNotPresentKeyword$_verifyTextNotPresent_closure1.call(VerifyTextNotPresentKeyword.groovy)
	at com.kms.katalon.core.webui.keyword.internal.WebUIKeywordMain.runKeyword(WebUIKeywordMain.groovy:20)
	at com.kms.katalon.core.webui.keyword.builtin.VerifyTextNotPresentKeyword.verifyTextNotPresent(VerifyTextNotPresentKeyword.groovy:82)
	at com.kms.katalon.core.webui.keyword.builtin.VerifyTextNotPresentKeyword.execute(VerifyTextNotPresentKeyword.groovy:68)
	at com.kms.katalon.core.keyword.internal.KeywordExecutor.executeKeywordForPlatform(KeywordExecutor.groovy:74)
	at com.kms.katalon.core.webui.keyword.WebUiBuiltInKeywords.verifyTextNotPresent(WebUiBuiltInKeywords.groovy:1795)
	at Выручка по ДЗО отображение данных все филиалы.Test(Выручка по ДЗО отображение данных все филиалы:772)
	at Выручка по ДЗО отображение данных все филиалы.Tumbler(Выручка по ДЗО отображение данных все филиалы:726)
	at Выручка по ДЗО отображение данных все филиалы.Change(Выручка по ДЗО отображение данных все филиалы:760)
	at Выручка по ДЗО отображение данных все филиалы.DzoTest(Выручка по ДЗО отображение данных все филиалы:692)
	at Выручка по ДЗО отображение данных все филиалы.run(Выручка по ДЗО отображение данных все филиалы:122)
	at com.kms.katalon.core.main.ScriptEngine.run(ScriptEngine.java:194)
	at com.kms.katalon.core.main.ScriptEngine.runScriptAsRawText(ScriptEngine.java:119)
	at com.kms.katalon.core.main.TestCaseExecutor.runScript(TestCaseExecutor.java:448)
	at com.kms.katalon.core.main.TestCaseExecutor.doExecute(TestCaseExecutor.java:439)
	at com.kms.katalon.core.main.TestCaseExecutor.processExecutionPhase(TestCaseExecutor.java:418)
	at com.kms.katalon.core.main.TestCaseExecutor.accessMainPhase(TestCaseExecutor.java:410)
	at com.kms.katalon.core.main.TestCaseExecutor.execute(TestCaseExecutor.java:285)
	at com.kms.katalon.core.common.CommonExecutor.accessTestCaseMainPhase(CommonExecutor.java:65)
	at com.kms.katalon.core.main.TestSuiteExecutor.accessTestSuiteMainPhase(TestSuiteExecutor.java:150)
	at com.kms.katalon.core.main.TestSuiteExecutor.execute(TestSuiteExecutor.java:106)
	at com.kms.katalon.core.main.TestCaseMain.startTestSuite(TestCaseMain.java:180)
	at TempTestSuite1741649958618.run(TempTestSuite1741649958618.groovy:35)
	at java.base/jdk.internal.reflect.NativeMethodAccessorImpl.invoke0(Native Method)
	at java.base/jdk.internal.reflect.NativeMethodAccessorImpl.invoke(NativeMethodAccessorImpl.java:77)
	at java.base/jdk.internal.reflect.DelegatingMethodAccessorImpl.invoke(DelegatingMethodAccessorImpl.java:43)
)

11-03-2025T04:02:18 - [TEST_STEP][PASSED] - else: null

11-03-2025T04:02:18 - [TEST_STEP][PASSED] - Script1687405711779.WriteToExcel(todaysDate): null

11-03-2025T04:02:18 - [TEST_STEP][PASSED] - sheetName = "Sheet1": null

11-03-2025T04:02:18 - [TEST_STEP][PASSED] - data = findTestData("PlanFact"): null

11-03-2025T04:02:18 - [TEST_STEP][PASSED] - n = data.getRowNumbers() + 1: null

11-03-2025T04:02:18 - [TEST_STEP][PASSED] - dZO = getText(findTestObject("Выручка по ДЗО/Фильтр ДЗО")): Text of object 'Object Repository/Выручка по ДЗО/Фильтр ДЗО' is: 'ПАО Россети - РаспредКомплекс - Россети Юг (ГК) - Ростовэнерго'

11-03-2025T04:02:18 - [MESSAGE][PASSED] - Text of object 'Object Repository/Выручка по ДЗО/Фильтр ДЗО' is: 'ПАО Россети - РаспредКомплекс - Россети Юг (ГК) - Ростовэнерго'

11-03-2025T04:02:18 - [TEST_STEP][PASSED] - period = getText(findTestObject("Выручка по ДЗО/Фильтр Дата")): Text of object 'Object Repository/Выручка по ДЗО/Фильтр Дата' is: 'Январь 2025 года'

11-03-2025T04:02:18 - [MESSAGE][PASSED] - Text of object 'Object Repository/Выручка по ДЗО/Фильтр Дата' is: 'Январь 2025 года'

11-03-2025T04:02:18 - [TEST_STEP][PASSED] - viruchka = getText(findTestObject("Выручка по ДЗО/Фильтр Выручка")): Text of object 'Object Repository/Выручка по ДЗО/Фильтр Выручка' is: 'внутренний оборот'

11-03-2025T04:02:19 - [MESSAGE][PASSED] - Text of object 'Object Repository/Выручка по ДЗО/Фильтр Выручка' is: 'внутренний оборот'

11-03-2025T04:02:19 - [TEST_STEP][PASSED] - if (viruchka == "Выбрано: 2"): null

11-03-2025T04:02:19 - [TEST_STEP][PASSED] - if (viruchka == "Все"): null

11-03-2025T04:02:19 - [TEST_STEP][PASSED] - println(period): null

11-03-2025T04:02:19 - [TEST_STEP][PASSED] - dashboardName = "Выручка по ДЗО": null

11-03-2025T04:02:19 - [TEST_STEP][PASSED] - workbook01 = getWorkbook(excelFilePath): null

11-03-2025T04:02:19 - [TEST_STEP][PASSED] - sheet01 = getExcelSheet(workbook01, sheetName): null

11-03-2025T04:02:19 - [TEST_STEP][PASSED] - setValueToCellByIndex(sheet01, n, 0, dashboardName): null

11-03-2025T04:02:19 - [TEST_STEP][PASSED] - setValueToCellByIndex(sheet01, n, 1, dZO): null

11-03-2025T04:02:19 - [TEST_STEP][PASSED] - setValueToCellByIndex(sheet01, n, 2, period): null

11-03-2025T04:02:19 - [TEST_STEP][PASSED] - setValueToCellByIndex(sheet01, n, 3, viruchka): null

11-03-2025T04:02:19 - [TEST_STEP][PASSED] - setValueToCellByIndex(sheet01, n, 4, todaysDate): null

11-03-2025T04:02:19 - [TEST_STEP][PASSED] - n = n + 1: null

11-03-2025T04:02:19 - [TEST_STEP][PASSED] - saveWorkbook(excelFilePath, workbook01): null

11-03-2025T04:02:19 - [TEST_STEP][PASSED] - click(findTestObject("Выручка по ДЗО/Фильтр Выручка")): Object: 'Object Repository/Выручка по ДЗО/Фильтр Выручка' is clicked on

11-03-2025T04:02:19 - [MESSAGE][PASSED] - Object: 'Object Repository/Выручка по ДЗО/Фильтр Выручка' is clicked on

11-03-2025T04:02:19 - [TEST_STEP][PASSED] - click(findTestObject("Выручка по ДЗО/По передаче в фильтре Выручка")): Object: 'Object Repository/Выручка по ДЗО/По передаче в фильтре Выручка' is clicked on

11-03-2025T04:02:20 - [MESSAGE][PASSED] - Object: 'Object Repository/Выручка по ДЗО/По передаче в фильтре Выручка' is clicked on

11-03-2025T04:02:20 - [TEST_STEP][PASSED] - click(findTestObject("Выручка по ДЗО/Применить в фильтре Выручка")): Object: 'Object Repository/Выручка по ДЗО/Применить в фильтре Выручка' is clicked on

11-03-2025T04:02:20 - [MESSAGE][PASSED] - Object: 'Object Repository/Выручка по ДЗО/Применить в фильтре Выручка' is clicked on

11-03-2025T04:02:20 - [TEST_STEP][PASSED] - Script1687405711779.Test(todaysDate): null

11-03-2025T04:02:20 - [TEST_STEP][PASSED] - delay(10): Delayed 10 second(s)

11-03-2025T04:02:30 - [MESSAGE][PASSED] - Delayed 10 second(s)

11-03-2025T04:02:30 - [TEST_STEP][PASSED] - if (verifyTextNotPresent("нет данных", false) == true): null

11-03-2025T04:02:31 - [MESSAGE][PASSED] - Text 'нет данных' is not present on page

11-03-2025T04:02:31 - [TEST_STEP][PASSED] - if (verifyTextNotPresent("Ошибка запроса данных", false) == true): null

11-03-2025T04:02:31 - [MESSAGE][PASSED] - Text 'Ошибка запроса данных' is not present on page

11-03-2025T04:02:31 - [TEST_STEP][PASSED] - if (verifyTextNotPresent("Произошла ошибка при выполнении пользовательского кода", false) == true): null

11-03-2025T04:02:32 - [MESSAGE][PASSED] - Text 'Произошла ошибка при выполнении пользовательского кода' is not present on page

11-03-2025T04:02:32 - [TEST_STEP][PASSED] - if (verifyTextNotPresent("У виджета нет данных", false) == true): null

11-03-2025T04:02:32 - [MESSAGE][PASSED] - Text 'У виджета нет данных' is not present on page

11-03-2025T04:02:32 - [TEST_STEP][PASSED] - if (verifyTextNotPresent("У виджета нет данных", false) == true): Text 'У виджета нет данных' is not present on page

11-03-2025T04:02:33 - [MESSAGE][PASSED] - Text 'У виджета нет данных' is not present on page

11-03-2025T04:02:33 - [TEST_STEP][PASSED] - click(findTestObject("Выручка по ДЗО/Фильтр Выручка")): Object: 'Object Repository/Выручка по ДЗО/Фильтр Выручка' is clicked on

11-03-2025T04:02:33 - [MESSAGE][PASSED] - Object: 'Object Repository/Выручка по ДЗО/Фильтр Выручка' is clicked on

11-03-2025T04:02:33 - [TEST_STEP][PASSED] - click(findTestObject("Выручка по ДЗО/Снять выделение в фильтре Выручка")): Object: 'Object Repository/Выручка по ДЗО/Снять выделение в фильтре Выручка' is clicked on

11-03-2025T04:02:34 - [MESSAGE][PASSED] - Object: 'Object Repository/Выручка по ДЗО/Снять выделение в фильтре Выручка' is clicked on

11-03-2025T04:02:34 - [TEST_STEP][PASSED] - click(findTestObject("Выручка по ДЗО/По передаче в фильтре Выручка")): Object: 'Object Repository/Выручка по ДЗО/По передаче в фильтре Выручка' is clicked on

11-03-2025T04:02:34 - [MESSAGE][PASSED] - Object: 'Object Repository/Выручка по ДЗО/По передаче в фильтре Выручка' is clicked on

11-03-2025T04:02:34 - [TEST_STEP][PASSED] - click(findTestObject("Выручка по ДЗО/Применить в фильтре Выручка")): Object: 'Object Repository/Выручка по ДЗО/Применить в фильтре Выручка' is clicked on

11-03-2025T04:02:35 - [MESSAGE][PASSED] - Object: 'Object Repository/Выручка по ДЗО/Применить в фильтре Выручка' is clicked on

11-03-2025T04:02:35 - [TEST_STEP][PASSED] - Script1687405711779.Test(todaysDate): null

11-03-2025T04:02:35 - [TEST_STEP][PASSED] - delay(10): Delayed 10 second(s)

11-03-2025T04:02:45 - [MESSAGE][PASSED] - Delayed 10 second(s)

11-03-2025T04:02:45 - [TEST_STEP][PASSED] - if (verifyTextNotPresent("нет данных", false) == true): null

11-03-2025T04:02:45 - [MESSAGE][PASSED] - Text 'нет данных' is not present on page

11-03-2025T04:02:45 - [TEST_STEP][PASSED] - if (verifyTextNotPresent("Ошибка запроса данных", false) == true): null

11-03-2025T04:02:46 - [MESSAGE][PASSED] - Text 'Ошибка запроса данных' is not present on page

11-03-2025T04:02:46 - [TEST_STEP][PASSED] - if (verifyTextNotPresent("Произошла ошибка при выполнении пользовательского кода", false) == true): null

11-03-2025T04:02:46 - [MESSAGE][PASSED] - Text 'Произошла ошибка при выполнении пользовательского кода' is not present on page

11-03-2025T04:02:46 - [TEST_STEP][PASSED] - if (verifyTextNotPresent("У виджета нет данных", false) == true): null

11-03-2025T04:02:46 - [MESSAGE][PASSED] - Text 'У виджета нет данных' is not present on page

11-03-2025T04:02:46 - [TEST_STEP][PASSED] - if (verifyTextNotPresent("У виджета нет данных", false) == true): Text 'У виджета нет данных' is not present on page

11-03-2025T04:02:47 - [MESSAGE][PASSED] - Text 'У виджета нет данных' is not present on page

11-03-2025T04:02:47 - [TEST_STEP][PASSED] - click(findTestObject("Выручка по ДЗО/Фильтр Выручка")): Object: 'Object Repository/Выручка по ДЗО/Фильтр Выручка' is clicked on

11-03-2025T04:02:47 - [MESSAGE][PASSED] - Object: 'Object Repository/Выручка по ДЗО/Фильтр Выручка' is clicked on

11-03-2025T04:02:47 - [TEST_STEP][PASSED] - click(findTestObject("Выручка по ДЗО/Снять выделение в фильтре Выручка")): Object: 'Object Repository/Выручка по ДЗО/Снять выделение в фильтре Выручка' is clicked on

11-03-2025T04:02:48 - [MESSAGE][PASSED] - Object: 'Object Repository/Выручка по ДЗО/Снять выделение в фильтре Выручка' is clicked on

11-03-2025T04:02:48 - [TEST_STEP][PASSED] - click(findTestObject("Выручка по ДЗО/Применить в фильтре Выручка")): Object: 'Object Repository/Выручка по ДЗО/Применить в фильтре Выручка' is clicked on

11-03-2025T04:02:48 - [MESSAGE][PASSED] - Object: 'Object Repository/Выручка по ДЗО/Применить в фильтре Выручка' is clicked on

11-03-2025T04:02:48 - [TEST_STEP][PASSED] - click(findTestObject("Выручка по ДЗО/Фильтр ДЗО")): Object: 'Object Repository/Выручка по ДЗО/Фильтр ДЗО' is clicked on

11-03-2025T04:02:49 - [MESSAGE][PASSED] - Object: 'Object Repository/Выручка по ДЗО/Фильтр ДЗО' is clicked on

11-03-2025T04:02:49 - [TEST_STEP][PASSED] - click(findTestObject("Выручка по ДЗО/Снять выделение в фильтре ДЗО")): Object: 'Object Repository/Выручка по ДЗО/Снять выделение в фильтре ДЗО' is clicked on

11-03-2025T04:02:50 - [MESSAGE][PASSED] - Object: 'Object Repository/Выручка по ДЗО/Снять выделение в фильтре ДЗО' is clicked on

11-03-2025T04:02:50 - [TEST_STEP][PASSED] - scrollToElement(findTestObject("Выручка по ДЗО/Россети Янтарь Выручка по ДЗО"), 30): Scroll to object 'Object Repository/Выручка по ДЗО/Россети Янтарь Выручка по ДЗО' successfully

11-03-2025T04:02:50 - [MESSAGE][PASSED] - Scroll to object 'Object Repository/Выручка по ДЗО/Россети Янтарь Выручка по ДЗО' successfully

11-03-2025T04:02:50 - [TEST_STEP][PASSED] - click(findTestObject("Выручка по ДЗО/Россети Янтарь Выручка по ДЗО")): Object: 'Object Repository/Выручка по ДЗО/Россети Янтарь Выручка по ДЗО' is clicked on

11-03-2025T04:02:50 - [MESSAGE][PASSED] - Object: 'Object Repository/Выручка по ДЗО/Россети Янтарь Выручка по ДЗО' is clicked on

11-03-2025T04:02:50 - [TEST_STEP][PASSED] - Script1687405711779.Change(todaysDate): null

11-03-2025T04:02:50 - [TEST_STEP][PASSED] - scrollToElement(findTestObject("Выручка по ДЗО/Заголовок дашборда"), 30): Scroll to object 'Object Repository/Выручка по ДЗО/Заголовок дашборда' successfully

11-03-2025T04:02:51 - [MESSAGE][PASSED] - Scroll to object 'Object Repository/Выручка по ДЗО/Заголовок дашборда' successfully

11-03-2025T04:02:51 - [TEST_STEP][PASSED] - click(findTestObject("Выручка по ДЗО/Применить в фильтре ДЗО")): Object: 'Object Repository/Выручка по ДЗО/Применить в фильтре ДЗО' is clicked on

11-03-2025T04:02:51 - [MESSAGE][PASSED] - Object: 'Object Repository/Выручка по ДЗО/Применить в фильтре ДЗО' is clicked on

11-03-2025T04:02:51 - [TEST_STEP][PASSED] - Script1687405711779.Tumbler(todaysDate): null

11-03-2025T04:02:51 - [TEST_STEP][PASSED] - Script1687405711779.Test(todaysDate): null

11-03-2025T04:02:51 - [TEST_STEP][PASSED] - delay(10): Delayed 10 second(s)

11-03-2025T04:03:01 - [MESSAGE][PASSED] - Delayed 10 second(s)

11-03-2025T04:03:01 - [TEST_STEP][PASSED] - if (verifyTextNotPresent("нет данных", false) == true): null

11-03-2025T04:03:02 - [MESSAGE][PASSED] - Text 'нет данных' is not present on page

11-03-2025T04:03:02 - [TEST_STEP][PASSED] - if (verifyTextNotPresent("Ошибка запроса данных", false) == true): null

11-03-2025T04:03:02 - [MESSAGE][PASSED] - Text 'Ошибка запроса данных' is not present on page

11-03-2025T04:03:02 - [TEST_STEP][PASSED] - if (verifyTextNotPresent("Произошла ошибка при выполнении пользовательского кода", false) == true): null

11-03-2025T04:03:02 - [MESSAGE][PASSED] - Text 'Произошла ошибка при выполнении пользовательского кода' is not present on page

11-03-2025T04:03:02 - [TEST_STEP][PASSED] - if (verifyTextNotPresent("У виджета нет данных", false) == true): null

11-03-2025T04:03:03 - [MESSAGE][PASSED] - Text 'У виджета нет данных' is not present on page

11-03-2025T04:03:03 - [TEST_STEP][PASSED] - if (verifyTextNotPresent("У виджета нет данных", false) == true): Text 'У виджета нет данных' is not present on page

11-03-2025T04:03:03 - [MESSAGE][PASSED] - Text 'У виджета нет данных' is not present on page

11-03-2025T04:03:03 - [TEST_STEP][PASSED] - click(findTestObject("Выручка по ДЗО/Фильтр Выручка")): Object: 'Object Repository/Выручка по ДЗО/Фильтр Выручка' is clicked on

11-03-2025T04:03:04 - [MESSAGE][PASSED] - Object: 'Object Repository/Выручка по ДЗО/Фильтр Выручка' is clicked on

11-03-2025T04:03:04 - [TEST_STEP][PASSED] - click(findTestObject("Выручка по ДЗО/Внутренний оборот в фильтре Выручка")): Object: 'Object Repository/Выручка по ДЗО/Внутренний оборот в фильтре Выручка' is clicked on

11-03-2025T04:03:04 - [MESSAGE][PASSED] - Object: 'Object Repository/Выручка по ДЗО/Внутренний оборот в фильтре Выручка' is clicked on

11-03-2025T04:03:04 - [TEST_STEP][PASSED] - click(findTestObject("Выручка по ДЗО/Применить в фильтре Выручка")): Object: 'Object Repository/Выручка по ДЗО/Применить в фильтре Выручка' is clicked on

11-03-2025T04:03:05 - [MESSAGE][PASSED] - Object: 'Object Repository/Выручка по ДЗО/Применить в фильтре Выручка' is clicked on

11-03-2025T04:03:05 - [TEST_STEP][PASSED] - Script1687405711779.Test(todaysDate): null

11-03-2025T04:03:05 - [TEST_STEP][PASSED] - delay(10): Delayed 10 second(s)

11-03-2025T04:03:15 - [MESSAGE][PASSED] - Delayed 10 second(s)

11-03-2025T04:03:15 - [TEST_STEP][FAILED] - if (verifyTextNotPresent("нет данных", false) == true): Text 'нет данных' is present on page  (Root cause: com.kms.katalon.core.exception.StepFailedException: Text 'нет данных' is present on page 
	at com.kms.katalon.core.webui.keyword.internal.WebUIKeywordMain.stepFailed(WebUIKeywordMain.groovy:64)
	at com.kms.katalon.core.webui.keyword.builtin.VerifyTextNotPresentKeyword$_verifyTextNotPresent_closure1.doCall(VerifyTextNotPresentKeyword.groovy:77)
	at com.kms.katalon.core.webui.keyword.builtin.VerifyTextNotPresentKeyword$_verifyTextNotPresent_closure1.call(VerifyTextNotPresentKeyword.groovy)
	at com.kms.katalon.core.webui.keyword.internal.WebUIKeywordMain.runKeyword(WebUIKeywordMain.groovy:20)
	at com.kms.katalon.core.webui.keyword.builtin.VerifyTextNotPresentKeyword.verifyTextNotPresent(VerifyTextNotPresentKeyword.groovy:82)
	at com.kms.katalon.core.webui.keyword.builtin.VerifyTextNotPresentKeyword.execute(VerifyTextNotPresentKeyword.groovy:68)
	at com.kms.katalon.core.keyword.internal.KeywordExecutor.executeKeywordForPlatform(KeywordExecutor.groovy:74)
	at com.kms.katalon.core.webui.keyword.WebUiBuiltInKeywords.verifyTextNotPresent(WebUiBuiltInKeywords.groovy:1795)
	at Выручка по ДЗО отображение данных все филиалы.Test(Выручка по ДЗО отображение данных все филиалы:772)
	at Выручка по ДЗО отображение данных все филиалы.Tumbler(Выручка по ДЗО отображение данных все филиалы:726)
	at Выручка по ДЗО отображение данных все филиалы.Change(Выручка по ДЗО отображение данных все филиалы:760)
	at Выручка по ДЗО отображение данных все филиалы.DzoTest(Выручка по ДЗО отображение данных все филиалы:698)
	at Выручка по ДЗО отображение данных все филиалы.run(Выручка по ДЗО отображение данных все филиалы:122)
	at com.kms.katalon.core.main.ScriptEngine.run(ScriptEngine.java:194)
	at com.kms.katalon.core.main.ScriptEngine.runScriptAsRawText(ScriptEngine.java:119)
	at com.kms.katalon.core.main.TestCaseExecutor.runScript(TestCaseExecutor.java:448)
	at com.kms.katalon.core.main.TestCaseExecutor.doExecute(TestCaseExecutor.java:439)
	at com.kms.katalon.core.main.TestCaseExecutor.processExecutionPhase(TestCaseExecutor.java:418)
	at com.kms.katalon.core.main.TestCaseExecutor.accessMainPhase(TestCaseExecutor.java:410)
	at com.kms.katalon.core.main.TestCaseExecutor.execute(TestCaseExecutor.java:285)
	at com.kms.katalon.core.common.CommonExecutor.accessTestCaseMainPhase(CommonExecutor.java:65)
	at com.kms.katalon.core.main.TestSuiteExecutor.accessTestSuiteMainPhase(TestSuiteExecutor.java:150)
	at com.kms.katalon.core.main.TestSuiteExecutor.execute(TestSuiteExecutor.java:106)
	at com.kms.katalon.core.main.TestCaseMain.startTestSuite(TestCaseMain.java:180)
	at TempTestSuite1741649958618.run(TempTestSuite1741649958618.groovy:35)
	at java.base/jdk.internal.reflect.NativeMethodAccessorImpl.invoke0(Native Method)
	at java.base/jdk.internal.reflect.NativeMethodAccessorImpl.invoke(NativeMethodAccessorImpl.java:77)
	at java.base/jdk.internal.reflect.DelegatingMethodAccessorImpl.invoke(DelegatingMethodAccessorImpl.java:43)
)

11-03-2025T04:03:15 - [MESSAGE][FAILED] - Text 'нет данных' is present on page  (Root cause: com.kms.katalon.core.exception.StepFailedException: Text 'нет данных' is present on page 
	at com.kms.katalon.core.webui.keyword.internal.WebUIKeywordMain.stepFailed(WebUIKeywordMain.groovy:64)
	at com.kms.katalon.core.webui.keyword.builtin.VerifyTextNotPresentKeyword$_verifyTextNotPresent_closure1.doCall(VerifyTextNotPresentKeyword.groovy:77)
	at com.kms.katalon.core.webui.keyword.builtin.VerifyTextNotPresentKeyword$_verifyTextNotPresent_closure1.call(VerifyTextNotPresentKeyword.groovy)
	at com.kms.katalon.core.webui.keyword.internal.WebUIKeywordMain.runKeyword(WebUIKeywordMain.groovy:20)
	at com.kms.katalon.core.webui.keyword.builtin.VerifyTextNotPresentKeyword.verifyTextNotPresent(VerifyTextNotPresentKeyword.groovy:82)
	at com.kms.katalon.core.webui.keyword.builtin.VerifyTextNotPresentKeyword.execute(VerifyTextNotPresentKeyword.groovy:68)
	at com.kms.katalon.core.keyword.internal.KeywordExecutor.executeKeywordForPlatform(KeywordExecutor.groovy:74)
	at com.kms.katalon.core.webui.keyword.WebUiBuiltInKeywords.verifyTextNotPresent(WebUiBuiltInKeywords.groovy:1795)
	at Выручка по ДЗО отображение данных все филиалы.Test(Выручка по ДЗО отображение данных все филиалы:772)
	at Выручка по ДЗО отображение данных все филиалы.Tumbler(Выручка по ДЗО отображение данных все филиалы:726)
	at Выручка по ДЗО отображение данных все филиалы.Change(Выручка по ДЗО отображение данных все филиалы:760)
	at Выручка по ДЗО отображение данных все филиалы.DzoTest(Выручка по ДЗО отображение данных все филиалы:698)
	at Выручка по ДЗО отображение данных все филиалы.run(Выручка по ДЗО отображение данных все филиалы:122)
	at com.kms.katalon.core.main.ScriptEngine.run(ScriptEngine.java:194)
	at com.kms.katalon.core.main.ScriptEngine.runScriptAsRawText(ScriptEngine.java:119)
	at com.kms.katalon.core.main.TestCaseExecutor.runScript(TestCaseExecutor.java:448)
	at com.kms.katalon.core.main.TestCaseExecutor.doExecute(TestCaseExecutor.java:439)
	at com.kms.katalon.core.main.TestCaseExecutor.processExecutionPhase(TestCaseExecutor.java:418)
	at com.kms.katalon.core.main.TestCaseExecutor.accessMainPhase(TestCaseExecutor.java:410)
	at com.kms.katalon.core.main.TestCaseExecutor.execute(TestCaseExecutor.java:285)
	at com.kms.katalon.core.common.CommonExecutor.accessTestCaseMainPhase(CommonExecutor.java:65)
	at com.kms.katalon.core.main.TestSuiteExecutor.accessTestSuiteMainPhase(TestSuiteExecutor.java:150)
	at com.kms.katalon.core.main.TestSuiteExecutor.execute(TestSuiteExecutor.java:106)
	at com.kms.katalon.core.main.TestCaseMain.startTestSuite(TestCaseMain.java:180)
	at TempTestSuite1741649958618.run(TempTestSuite1741649958618.groovy:35)
	at java.base/jdk.internal.reflect.NativeMethodAccessorImpl.invoke0(Native Method)
	at java.base/jdk.internal.reflect.NativeMethodAccessorImpl.invoke(NativeMethodAccessorImpl.java:77)
	at java.base/jdk.internal.reflect.DelegatingMethodAccessorImpl.invoke(DelegatingMethodAccessorImpl.java:43)
)

11-03-2025T04:03:15 - [TEST_STEP][PASSED] - else: null

11-03-2025T04:03:15 - [TEST_STEP][PASSED] - Script1687405711779.WriteToExcel(todaysDate): null

11-03-2025T04:03:15 - [TEST_STEP][PASSED] - sheetName = "Sheet1": null

11-03-2025T04:03:15 - [TEST_STEP][PASSED] - data = findTestData("PlanFact"): null

11-03-2025T04:03:15 - [TEST_STEP][PASSED] - n = data.getRowNumbers() + 1: null

11-03-2025T04:03:15 - [TEST_STEP][PASSED] - dZO = getText(findTestObject("Выручка по ДЗО/Фильтр ДЗО")): Text of object 'Object Repository/Выручка по ДЗО/Фильтр ДЗО' is: 'ПАО Россети - РаспредКомплекс - Россети Янтарь'

11-03-2025T04:03:16 - [MESSAGE][PASSED] - Text of object 'Object Repository/Выручка по ДЗО/Фильтр ДЗО' is: 'ПАО Россети - РаспредКомплекс - Россети Янтарь'

11-03-2025T04:03:16 - [TEST_STEP][PASSED] - period = getText(findTestObject("Выручка по ДЗО/Фильтр Дата")): Text of object 'Object Repository/Выручка по ДЗО/Фильтр Дата' is: 'Январь 2025 года'

11-03-2025T04:03:16 - [MESSAGE][PASSED] - Text of object 'Object Repository/Выручка по ДЗО/Фильтр Дата' is: 'Январь 2025 года'

11-03-2025T04:03:16 - [TEST_STEP][PASSED] - viruchka = getText(findTestObject("Выручка по ДЗО/Фильтр Выручка")): Text of object 'Object Repository/Выручка по ДЗО/Фильтр Выручка' is: 'внутренний оборот'

11-03-2025T04:03:16 - [MESSAGE][PASSED] - Text of object 'Object Repository/Выручка по ДЗО/Фильтр Выручка' is: 'внутренний оборот'

11-03-2025T04:03:16 - [TEST_STEP][PASSED] - if (viruchka == "Выбрано: 2"): null

11-03-2025T04:03:16 - [TEST_STEP][PASSED] - if (viruchka == "Все"): null

11-03-2025T04:03:16 - [TEST_STEP][PASSED] - println(period): null

11-03-2025T04:03:16 - [TEST_STEP][PASSED] - dashboardName = "Выручка по ДЗО": null

11-03-2025T04:03:16 - [TEST_STEP][PASSED] - workbook01 = getWorkbook(excelFilePath): null

11-03-2025T04:03:16 - [TEST_STEP][PASSED] - sheet01 = getExcelSheet(workbook01, sheetName): null

11-03-2025T04:03:16 - [TEST_STEP][PASSED] - setValueToCellByIndex(sheet01, n, 0, dashboardName): null

11-03-2025T04:03:16 - [TEST_STEP][PASSED] - setValueToCellByIndex(sheet01, n, 1, dZO): null

11-03-2025T04:03:16 - [TEST_STEP][PASSED] - setValueToCellByIndex(sheet01, n, 2, period): null

11-03-2025T04:03:16 - [TEST_STEP][PASSED] - setValueToCellByIndex(sheet01, n, 3, viruchka): null

11-03-2025T04:03:16 - [TEST_STEP][PASSED] - setValueToCellByIndex(sheet01, n, 4, todaysDate): null

11-03-2025T04:03:16 - [TEST_STEP][PASSED] - n = n + 1: null

11-03-2025T04:03:16 - [TEST_STEP][PASSED] - saveWorkbook(excelFilePath, workbook01): null

11-03-2025T04:03:16 - [TEST_STEP][PASSED] - click(findTestObject("Выручка по ДЗО/Фильтр Выручка")): Object: 'Object Repository/Выручка по ДЗО/Фильтр Выручка' is clicked on

11-03-2025T04:03:17 - [MESSAGE][PASSED] - Object: 'Object Repository/Выручка по ДЗО/Фильтр Выручка' is clicked on

11-03-2025T04:03:17 - [TEST_STEP][PASSED] - click(findTestObject("Выручка по ДЗО/По передаче в фильтре Выручка")): Object: 'Object Repository/Выручка по ДЗО/По передаче в фильтре Выручка' is clicked on

11-03-2025T04:03:17 - [MESSAGE][PASSED] - Object: 'Object Repository/Выручка по ДЗО/По передаче в фильтре Выручка' is clicked on

11-03-2025T04:03:17 - [TEST_STEP][PASSED] - click(findTestObject("Выручка по ДЗО/Применить в фильтре Выручка")): Object: 'Object Repository/Выручка по ДЗО/Применить в фильтре Выручка' is clicked on

11-03-2025T04:03:18 - [MESSAGE][PASSED] - Object: 'Object Repository/Выручка по ДЗО/Применить в фильтре Выручка' is clicked on

11-03-2025T04:03:18 - [TEST_STEP][PASSED] - Script1687405711779.Test(todaysDate): null

11-03-2025T04:03:18 - [TEST_STEP][PASSED] - delay(10): Delayed 10 second(s)

11-03-2025T04:03:28 - [MESSAGE][PASSED] - Delayed 10 second(s)

11-03-2025T04:03:28 - [TEST_STEP][PASSED] - if (verifyTextNotPresent("нет данных", false) == true): null

11-03-2025T04:03:28 - [MESSAGE][PASSED] - Text 'нет данных' is not present on page

11-03-2025T04:03:28 - [TEST_STEP][PASSED] - if (verifyTextNotPresent("Ошибка запроса данных", false) == true): null

11-03-2025T04:03:29 - [MESSAGE][PASSED] - Text 'Ошибка запроса данных' is not present on page

11-03-2025T04:03:29 - [TEST_STEP][PASSED] - if (verifyTextNotPresent("Произошла ошибка при выполнении пользовательского кода", false) == true): null

11-03-2025T04:03:29 - [MESSAGE][PASSED] - Text 'Произошла ошибка при выполнении пользовательского кода' is not present on page

11-03-2025T04:03:29 - [TEST_STEP][PASSED] - if (verifyTextNotPresent("У виджета нет данных", false) == true): null

11-03-2025T04:03:30 - [MESSAGE][PASSED] - Text 'У виджета нет данных' is not present on page

11-03-2025T04:03:30 - [TEST_STEP][PASSED] - if (verifyTextNotPresent("У виджета нет данных", false) == true): Text 'У виджета нет данных' is not present on page

11-03-2025T04:03:30 - [MESSAGE][PASSED] - Text 'У виджета нет данных' is not present on page

11-03-2025T04:03:30 - [TEST_STEP][PASSED] - click(findTestObject("Выручка по ДЗО/Фильтр Выручка")): Object: 'Object Repository/Выручка по ДЗО/Фильтр Выручка' is clicked on

11-03-2025T04:03:30 - [MESSAGE][PASSED] - Object: 'Object Repository/Выручка по ДЗО/Фильтр Выручка' is clicked on

11-03-2025T04:03:30 - [TEST_STEP][PASSED] - click(findTestObject("Выручка по ДЗО/Снять выделение в фильтре Выручка")): Object: 'Object Repository/Выручка по ДЗО/Снять выделение в фильтре Выручка' is clicked on

11-03-2025T04:03:31 - [MESSAGE][PASSED] - Object: 'Object Repository/Выручка по ДЗО/Снять выделение в фильтре Выручка' is clicked on

11-03-2025T04:03:31 - [TEST_STEP][PASSED] - click(findTestObject("Выручка по ДЗО/По передаче в фильтре Выручка")): Object: 'Object Repository/Выручка по ДЗО/По передаче в фильтре Выручка' is clicked on

11-03-2025T04:03:31 - [MESSAGE][PASSED] - Object: 'Object Repository/Выручка по ДЗО/По передаче в фильтре Выручка' is clicked on

11-03-2025T04:03:31 - [TEST_STEP][PASSED] - click(findTestObject("Выручка по ДЗО/Применить в фильтре Выручка")): Object: 'Object Repository/Выручка по ДЗО/Применить в фильтре Выручка' is clicked on

11-03-2025T04:03:32 - [MESSAGE][PASSED] - Object: 'Object Repository/Выручка по ДЗО/Применить в фильтре Выручка' is clicked on

11-03-2025T04:03:32 - [TEST_STEP][PASSED] - Script1687405711779.Test(todaysDate): null

11-03-2025T04:03:32 - [TEST_STEP][PASSED] - delay(10): Delayed 10 second(s)

11-03-2025T04:03:42 - [MESSAGE][PASSED] - Delayed 10 second(s)

11-03-2025T04:03:42 - [TEST_STEP][PASSED] - if (verifyTextNotPresent("нет данных", false) == true): null

11-03-2025T04:03:42 - [MESSAGE][PASSED] - Text 'нет данных' is not present on page

11-03-2025T04:03:42 - [TEST_STEP][PASSED] - if (verifyTextNotPresent("Ошибка запроса данных", false) == true): null

11-03-2025T04:03:43 - [MESSAGE][PASSED] - Text 'Ошибка запроса данных' is not present on page

11-03-2025T04:03:43 - [TEST_STEP][PASSED] - if (verifyTextNotPresent("Произошла ошибка при выполнении пользовательского кода", false) == true): null

11-03-2025T04:03:43 - [MESSAGE][PASSED] - Text 'Произошла ошибка при выполнении пользовательского кода' is not present on page

11-03-2025T04:03:43 - [TEST_STEP][PASSED] - if (verifyTextNotPresent("У виджета нет данных", false) == true): null

11-03-2025T04:03:44 - [MESSAGE][PASSED] - Text 'У виджета нет данных' is not present on page

11-03-2025T04:03:44 - [TEST_STEP][PASSED] - if (verifyTextNotPresent("У виджета нет данных", false) == true): Text 'У виджета нет данных' is not present on page

11-03-2025T04:03:44 - [MESSAGE][PASSED] - Text 'У виджета нет данных' is not present on page

11-03-2025T04:03:44 - [TEST_STEP][PASSED] - click(findTestObject("Выручка по ДЗО/Фильтр Выручка")): Object: 'Object Repository/Выручка по ДЗО/Фильтр Выручка' is clicked on

11-03-2025T04:03:44 - [MESSAGE][PASSED] - Object: 'Object Repository/Выручка по ДЗО/Фильтр Выручка' is clicked on

11-03-2025T04:03:44 - [TEST_STEP][PASSED] - click(findTestObject("Выручка по ДЗО/Снять выделение в фильтре Выручка")): Object: 'Object Repository/Выручка по ДЗО/Снять выделение в фильтре Выручка' is clicked on

11-03-2025T04:03:45 - [MESSAGE][PASSED] - Object: 'Object Repository/Выручка по ДЗО/Снять выделение в фильтре Выручка' is clicked on

11-03-2025T04:03:45 - [TEST_STEP][PASSED] - click(findTestObject("Выручка по ДЗО/Применить в фильтре Выручка")): Object: 'Object Repository/Выручка по ДЗО/Применить в фильтре Выручка' is clicked on

11-03-2025T04:03:45 - [MESSAGE][PASSED] - Object: 'Object Repository/Выручка по ДЗО/Применить в фильтре Выручка' is clicked on

11-03-2025T04:03:45 - [TEST_STEP][PASSED] - click(findTestObject("Выручка по ДЗО/Фильтр ДЗО")): Object: 'Object Repository/Выручка по ДЗО/Фильтр ДЗО' is clicked on

11-03-2025T04:03:46 - [MESSAGE][PASSED] - Object: 'Object Repository/Выручка по ДЗО/Фильтр ДЗО' is clicked on

11-03-2025T04:03:46 - [TEST_STEP][PASSED] - click(findTestObject("Выручка по ДЗО/Снять выделение в фильтре ДЗО")): Object: 'Object Repository/Выручка по ДЗО/Снять выделение в фильтре ДЗО' is clicked on

11-03-2025T04:03:47 - [MESSAGE][PASSED] - Object: 'Object Repository/Выручка по ДЗО/Снять выделение в фильтре ДЗО' is clicked on

11-03-2025T04:03:47 - [TEST_STEP][PASSED] - scrollToElement(findTestObject("Общие объекты/Раскрыть список Россети Янтарь"), 30): Scroll to object 'Object Repository/Общие объекты/Раскрыть список Россети Янтарь' successfully

11-03-2025T04:03:47 - [MESSAGE][PASSED] - Scroll to object 'Object Repository/Общие объекты/Раскрыть список Россети Янтарь' successfully

11-03-2025T04:03:47 - [TEST_STEP][PASSED] - click(findTestObject("Общие объекты/Раскрыть список Россети Янтарь"), CONTINUE_ON_FAILURE): Object: 'Object Repository/Общие объекты/Раскрыть список Россети Янтарь' is clicked on

11-03-2025T04:03:47 - [MESSAGE][PASSED] - Object: 'Object Repository/Общие объекты/Раскрыть список Россети Янтарь' is clicked on

11-03-2025T04:03:47 - [TEST_STEP][PASSED] - scrollToElement(findTestObject("Выручка по ДЗО/Россети Янтарь нижний уровень"), 30): Scroll to object 'Object Repository/Выручка по ДЗО/Россети Янтарь нижний уровень' successfully

11-03-2025T04:03:48 - [MESSAGE][PASSED] - Scroll to object 'Object Repository/Выручка по ДЗО/Россети Янтарь нижний уровень' successfully

11-03-2025T04:03:48 - [TEST_STEP][PASSED] - click(findTestObject("Выручка по ДЗО/Россети Янтарь нижний уровень"), CONTINUE_ON_FAILURE): Object: 'Object Repository/Выручка по ДЗО/Россети Янтарь нижний уровень' is clicked on

11-03-2025T04:03:48 - [MESSAGE][PASSED] - Object: 'Object Repository/Выручка по ДЗО/Россети Янтарь нижний уровень' is clicked on

11-03-2025T04:03:48 - [TEST_STEP][PASSED] - scrollToElement(findTestObject("Выручка по ДЗО/Заголовок дашборда"), 30): Scroll to object 'Object Repository/Выручка по ДЗО/Заголовок дашборда' successfully

11-03-2025T04:03:48 - [MESSAGE][PASSED] - Scroll to object 'Object Repository/Выручка по ДЗО/Заголовок дашборда' successfully

11-03-2025T04:03:48 - [TEST_STEP][PASSED] - click(findTestObject("Выручка по ДЗО/Применить в фильтре ДЗО")): Object: 'Object Repository/Выручка по ДЗО/Применить в фильтре ДЗО' is clicked on

11-03-2025T04:03:49 - [MESSAGE][PASSED] - Object: 'Object Repository/Выручка по ДЗО/Применить в фильтре ДЗО' is clicked on

11-03-2025T04:03:49 - [TEST_STEP][PASSED] - Script1687405711779.Tumbler(todaysDate): null

11-03-2025T04:03:49 - [TEST_STEP][PASSED] - Script1687405711779.Test(todaysDate): null

11-03-2025T04:03:49 - [TEST_STEP][PASSED] - delay(10): Delayed 10 second(s)

11-03-2025T04:03:59 - [MESSAGE][PASSED] - Delayed 10 second(s)

11-03-2025T04:03:59 - [TEST_STEP][PASSED] - if (verifyTextNotPresent("нет данных", false) == true): null

11-03-2025T04:03:59 - [MESSAGE][PASSED] - Text 'нет данных' is not present on page

11-03-2025T04:03:59 - [TEST_STEP][PASSED] - if (verifyTextNotPresent("Ошибка запроса данных", false) == true): null

11-03-2025T04:04:00 - [MESSAGE][PASSED] - Text 'Ошибка запроса данных' is not present on page

11-03-2025T04:04:00 - [TEST_STEP][PASSED] - if (verifyTextNotPresent("Произошла ошибка при выполнении пользовательского кода", false) == true): null

11-03-2025T04:04:00 - [MESSAGE][PASSED] - Text 'Произошла ошибка при выполнении пользовательского кода' is not present on page

11-03-2025T04:04:00 - [TEST_STEP][PASSED] - if (verifyTextNotPresent("У виджета нет данных", false) == true): null

11-03-2025T04:04:01 - [MESSAGE][PASSED] - Text 'У виджета нет данных' is not present on page

11-03-2025T04:04:01 - [TEST_STEP][PASSED] - if (verifyTextNotPresent("У виджета нет данных", false) == true): Text 'У виджета нет данных' is not present on page

11-03-2025T04:04:01 - [MESSAGE][PASSED] - Text 'У виджета нет данных' is not present on page

11-03-2025T04:04:01 - [TEST_STEP][PASSED] - click(findTestObject("Выручка по ДЗО/Фильтр Выручка")): Object: 'Object Repository/Выручка по ДЗО/Фильтр Выручка' is clicked on

11-03-2025T04:04:02 - [MESSAGE][PASSED] - Object: 'Object Repository/Выручка по ДЗО/Фильтр Выручка' is clicked on

11-03-2025T04:04:02 - [TEST_STEP][PASSED] - click(findTestObject("Выручка по ДЗО/Внутренний оборот в фильтре Выручка")): Object: 'Object Repository/Выручка по ДЗО/Внутренний оборот в фильтре Выручка' is clicked on

11-03-2025T04:04:02 - [MESSAGE][PASSED] - Object: 'Object Repository/Выручка по ДЗО/Внутренний оборот в фильтре Выручка' is clicked on

11-03-2025T04:04:02 - [TEST_STEP][PASSED] - click(findTestObject("Выручка по ДЗО/Применить в фильтре Выручка")): Object: 'Object Repository/Выручка по ДЗО/Применить в фильтре Выручка' is clicked on

11-03-2025T04:04:03 - [MESSAGE][PASSED] - Object: 'Object Repository/Выручка по ДЗО/Применить в фильтре Выручка' is clicked on

11-03-2025T04:04:03 - [TEST_STEP][PASSED] - Script1687405711779.Test(todaysDate): null

11-03-2025T04:04:03 - [TEST_STEP][PASSED] - delay(10): Delayed 10 second(s)

11-03-2025T04:04:13 - [MESSAGE][PASSED] - Delayed 10 second(s)

11-03-2025T04:04:13 - [TEST_STEP][FAILED] - if (verifyTextNotPresent("нет данных", false) == true): Text 'нет данных' is present on page  (Root cause: com.kms.katalon.core.exception.StepFailedException: Text 'нет данных' is present on page 
	at com.kms.katalon.core.webui.keyword.internal.WebUIKeywordMain.stepFailed(WebUIKeywordMain.groovy:64)
	at com.kms.katalon.core.webui.keyword.builtin.VerifyTextNotPresentKeyword$_verifyTextNotPresent_closure1.doCall(VerifyTextNotPresentKeyword.groovy:77)
	at com.kms.katalon.core.webui.keyword.builtin.VerifyTextNotPresentKeyword$_verifyTextNotPresent_closure1.call(VerifyTextNotPresentKeyword.groovy)
	at com.kms.katalon.core.webui.keyword.internal.WebUIKeywordMain.runKeyword(WebUIKeywordMain.groovy:20)
	at com.kms.katalon.core.webui.keyword.builtin.VerifyTextNotPresentKeyword.verifyTextNotPresent(VerifyTextNotPresentKeyword.groovy:82)
	at com.kms.katalon.core.webui.keyword.builtin.VerifyTextNotPresentKeyword.execute(VerifyTextNotPresentKeyword.groovy:68)
	at com.kms.katalon.core.keyword.internal.KeywordExecutor.executeKeywordForPlatform(KeywordExecutor.groovy:74)
	at com.kms.katalon.core.webui.keyword.WebUiBuiltInKeywords.verifyTextNotPresent(WebUiBuiltInKeywords.groovy:1795)
	at Выручка по ДЗО отображение данных все филиалы.Test(Выручка по ДЗО отображение данных все филиалы:772)
	at Выручка по ДЗО отображение данных все филиалы.Tumbler(Выручка по ДЗО отображение данных все филиалы:726)
	at Выручка по ДЗО отображение данных все филиалы.DzoTest(Выручка по ДЗО отображение данных все филиалы:714)
	at Выручка по ДЗО отображение данных все филиалы.run(Выручка по ДЗО отображение данных все филиалы:122)
	at com.kms.katalon.core.main.ScriptEngine.run(ScriptEngine.java:194)
	at com.kms.katalon.core.main.ScriptEngine.runScriptAsRawText(ScriptEngine.java:119)
	at com.kms.katalon.core.main.TestCaseExecutor.runScript(TestCaseExecutor.java:448)
	at com.kms.katalon.core.main.TestCaseExecutor.doExecute(TestCaseExecutor.java:439)
	at com.kms.katalon.core.main.TestCaseExecutor.processExecutionPhase(TestCaseExecutor.java:418)
	at com.kms.katalon.core.main.TestCaseExecutor.accessMainPhase(TestCaseExecutor.java:410)
	at com.kms.katalon.core.main.TestCaseExecutor.execute(TestCaseExecutor.java:285)
	at com.kms.katalon.core.common.CommonExecutor.accessTestCaseMainPhase(CommonExecutor.java:65)
	at com.kms.katalon.core.main.TestSuiteExecutor.accessTestSuiteMainPhase(TestSuiteExecutor.java:150)
	at com.kms.katalon.core.main.TestSuiteExecutor.execute(TestSuiteExecutor.java:106)
	at com.kms.katalon.core.main.TestCaseMain.startTestSuite(TestCaseMain.java:180)
	at TempTestSuite1741649958618.run(TempTestSuite1741649958618.groovy:35)
	at java.base/jdk.internal.reflect.NativeMethodAccessorImpl.invoke0(Native Method)
	at java.base/jdk.internal.reflect.NativeMethodAccessorImpl.invoke(NativeMethodAccessorImpl.java:77)
	at java.base/jdk.internal.reflect.DelegatingMethodAccessorImpl.invoke(DelegatingMethodAccessorImpl.java:43)
)

11-03-2025T04:04:13 - [MESSAGE][FAILED] - Text 'нет данных' is present on page  (Root cause: com.kms.katalon.core.exception.StepFailedException: Text 'нет данных' is present on page 
	at com.kms.katalon.core.webui.keyword.internal.WebUIKeywordMain.stepFailed(WebUIKeywordMain.groovy:64)
	at com.kms.katalon.core.webui.keyword.builtin.VerifyTextNotPresentKeyword$_verifyTextNotPresent_closure1.doCall(VerifyTextNotPresentKeyword.groovy:77)
	at com.kms.katalon.core.webui.keyword.builtin.VerifyTextNotPresentKeyword$_verifyTextNotPresent_closure1.call(VerifyTextNotPresentKeyword.groovy)
	at com.kms.katalon.core.webui.keyword.internal.WebUIKeywordMain.runKeyword(WebUIKeywordMain.groovy:20)
	at com.kms.katalon.core.webui.keyword.builtin.VerifyTextNotPresentKeyword.verifyTextNotPresent(VerifyTextNotPresentKeyword.groovy:82)
	at com.kms.katalon.core.webui.keyword.builtin.VerifyTextNotPresentKeyword.execute(VerifyTextNotPresentKeyword.groovy:68)
	at com.kms.katalon.core.keyword.internal.KeywordExecutor.executeKeywordForPlatform(KeywordExecutor.groovy:74)
	at com.kms.katalon.core.webui.keyword.WebUiBuiltInKeywords.verifyTextNotPresent(WebUiBuiltInKeywords.groovy:1795)
	at Выручка по ДЗО отображение данных все филиалы.Test(Выручка по ДЗО отображение данных все филиалы:772)
	at Выручка по ДЗО отображение данных все филиалы.Tumbler(Выручка по ДЗО отображение данных все филиалы:726)
	at Выручка по ДЗО отображение данных все филиалы.DzoTest(Выручка по ДЗО отображение данных все филиалы:714)
	at Выручка по ДЗО отображение данных все филиалы.run(Выручка по ДЗО отображение данных все филиалы:122)
	at com.kms.katalon.core.main.ScriptEngine.run(ScriptEngine.java:194)
	at com.kms.katalon.core.main.ScriptEngine.runScriptAsRawText(ScriptEngine.java:119)
	at com.kms.katalon.core.main.TestCaseExecutor.runScript(TestCaseExecutor.java:448)
	at com.kms.katalon.core.main.TestCaseExecutor.doExecute(TestCaseExecutor.java:439)
	at com.kms.katalon.core.main.TestCaseExecutor.processExecutionPhase(TestCaseExecutor.java:418)
	at com.kms.katalon.core.main.TestCaseExecutor.accessMainPhase(TestCaseExecutor.java:410)
	at com.kms.katalon.core.main.TestCaseExecutor.execute(TestCaseExecutor.java:285)
	at com.kms.katalon.core.common.CommonExecutor.accessTestCaseMainPhase(CommonExecutor.java:65)
	at com.kms.katalon.core.main.TestSuiteExecutor.accessTestSuiteMainPhase(TestSuiteExecutor.java:150)
	at com.kms.katalon.core.main.TestSuiteExecutor.execute(TestSuiteExecutor.java:106)
	at com.kms.katalon.core.main.TestCaseMain.startTestSuite(TestCaseMain.java:180)
	at TempTestSuite1741649958618.run(TempTestSuite1741649958618.groovy:35)
	at java.base/jdk.internal.reflect.NativeMethodAccessorImpl.invoke0(Native Method)
	at java.base/jdk.internal.reflect.NativeMethodAccessorImpl.invoke(NativeMethodAccessorImpl.java:77)
	at java.base/jdk.internal.reflect.DelegatingMethodAccessorImpl.invoke(DelegatingMethodAccessorImpl.java:43)
)

11-03-2025T04:04:13 - [TEST_STEP][PASSED] - else: null

11-03-2025T04:04:13 - [TEST_STEP][PASSED] - Script1687405711779.WriteToExcel(todaysDate): null

11-03-2025T04:04:13 - [TEST_STEP][PASSED] - sheetName = "Sheet1": null

11-03-2025T04:04:13 - [TEST_STEP][PASSED] - data = findTestData("PlanFact"): null

11-03-2025T04:04:13 - [TEST_STEP][PASSED] - n = data.getRowNumbers() + 1: null

11-03-2025T04:04:13 - [TEST_STEP][PASSED] - dZO = getText(findTestObject("Выручка по ДЗО/Фильтр ДЗО")): Text of object 'Object Repository/Выручка по ДЗО/Фильтр ДЗО' is: 'ПАО Россети - РаспредКомплекс - Россети Янтарь - Россети Янтарь'

11-03-2025T04:04:13 - [MESSAGE][PASSED] - Text of object 'Object Repository/Выручка по ДЗО/Фильтр ДЗО' is: 'ПАО Россети - РаспредКомплекс - Россети Янтарь - Россети Янтарь'

11-03-2025T04:04:13 - [TEST_STEP][PASSED] - period = getText(findTestObject("Выручка по ДЗО/Фильтр Дата")): Text of object 'Object Repository/Выручка по ДЗО/Фильтр Дата' is: 'Январь 2025 года'

11-03-2025T04:04:14 - [MESSAGE][PASSED] - Text of object 'Object Repository/Выручка по ДЗО/Фильтр Дата' is: 'Январь 2025 года'

11-03-2025T04:04:14 - [TEST_STEP][PASSED] - viruchka = getText(findTestObject("Выручка по ДЗО/Фильтр Выручка")): Text of object 'Object Repository/Выручка по ДЗО/Фильтр Выручка' is: 'внутренний оборот'

11-03-2025T04:04:14 - [MESSAGE][PASSED] - Text of object 'Object Repository/Выручка по ДЗО/Фильтр Выручка' is: 'внутренний оборот'

11-03-2025T04:04:14 - [TEST_STEP][PASSED] - if (viruchka == "Выбрано: 2"): null

11-03-2025T04:04:14 - [TEST_STEP][PASSED] - if (viruchka == "Все"): null

11-03-2025T04:04:14 - [TEST_STEP][PASSED] - println(period): null

11-03-2025T04:04:14 - [TEST_STEP][PASSED] - dashboardName = "Выручка по ДЗО": null

11-03-2025T04:04:14 - [TEST_STEP][PASSED] - workbook01 = getWorkbook(excelFilePath): null

11-03-2025T04:04:14 - [TEST_STEP][PASSED] - sheet01 = getExcelSheet(workbook01, sheetName): null

11-03-2025T04:04:14 - [TEST_STEP][PASSED] - setValueToCellByIndex(sheet01, n, 0, dashboardName): null

11-03-2025T04:04:14 - [TEST_STEP][PASSED] - setValueToCellByIndex(sheet01, n, 1, dZO): null

11-03-2025T04:04:14 - [TEST_STEP][PASSED] - setValueToCellByIndex(sheet01, n, 2, period): null

11-03-2025T04:04:14 - [TEST_STEP][PASSED] - setValueToCellByIndex(sheet01, n, 3, viruchka): null

11-03-2025T04:04:14 - [TEST_STEP][PASSED] - setValueToCellByIndex(sheet01, n, 4, todaysDate): null

11-03-2025T04:04:14 - [TEST_STEP][PASSED] - n = n + 1: null

11-03-2025T04:04:14 - [TEST_STEP][PASSED] - saveWorkbook(excelFilePath, workbook01): null

11-03-2025T04:04:14 - [TEST_STEP][PASSED] - click(findTestObject("Выручка по ДЗО/Фильтр Выручка")): Object: 'Object Repository/Выручка по ДЗО/Фильтр Выручка' is clicked on

11-03-2025T04:04:15 - [MESSAGE][PASSED] - Object: 'Object Repository/Выручка по ДЗО/Фильтр Выручка' is clicked on

11-03-2025T04:04:15 - [TEST_STEP][PASSED] - click(findTestObject("Выручка по ДЗО/По передаче в фильтре Выручка")): Object: 'Object Repository/Выручка по ДЗО/По передаче в фильтре Выручка' is clicked on

11-03-2025T04:04:15 - [MESSAGE][PASSED] - Object: 'Object Repository/Выручка по ДЗО/По передаче в фильтре Выручка' is clicked on

11-03-2025T04:04:15 - [TEST_STEP][PASSED] - click(findTestObject("Выручка по ДЗО/Применить в фильтре Выручка")): Object: 'Object Repository/Выручка по ДЗО/Применить в фильтре Выручка' is clicked on

11-03-2025T04:04:16 - [MESSAGE][PASSED] - Object: 'Object Repository/Выручка по ДЗО/Применить в фильтре Выручка' is clicked on

11-03-2025T04:04:16 - [TEST_STEP][PASSED] - Script1687405711779.Test(todaysDate): null

11-03-2025T04:04:16 - [TEST_STEP][PASSED] - delay(10): Delayed 10 second(s)

11-03-2025T04:04:26 - [MESSAGE][PASSED] - Delayed 10 second(s)

11-03-2025T04:04:26 - [TEST_STEP][PASSED] - if (verifyTextNotPresent("нет данных", false) == true): null

11-03-2025T04:04:26 - [MESSAGE][PASSED] - Text 'нет данных' is not present on page

11-03-2025T04:04:26 - [TEST_STEP][PASSED] - if (verifyTextNotPresent("Ошибка запроса данных", false) == true): null

11-03-2025T04:04:27 - [MESSAGE][PASSED] - Text 'Ошибка запроса данных' is not present on page

11-03-2025T04:04:27 - [TEST_STEP][PASSED] - if (verifyTextNotPresent("Произошла ошибка при выполнении пользовательского кода", false) == true): null

11-03-2025T04:04:27 - [MESSAGE][PASSED] - Text 'Произошла ошибка при выполнении пользовательского кода' is not present on page

11-03-2025T04:04:27 - [TEST_STEP][PASSED] - if (verifyTextNotPresent("У виджета нет данных", false) == true): null

11-03-2025T04:04:28 - [MESSAGE][PASSED] - Text 'У виджета нет данных' is not present on page

11-03-2025T04:04:28 - [TEST_STEP][PASSED] - if (verifyTextNotPresent("У виджета нет данных", false) == true): Text 'У виджета нет данных' is not present on page

11-03-2025T04:04:28 - [MESSAGE][PASSED] - Text 'У виджета нет данных' is not present on page

11-03-2025T04:04:28 - [TEST_STEP][PASSED] - click(findTestObject("Выручка по ДЗО/Фильтр Выручка")): Object: 'Object Repository/Выручка по ДЗО/Фильтр Выручка' is clicked on

11-03-2025T04:04:28 - [MESSAGE][PASSED] - Object: 'Object Repository/Выручка по ДЗО/Фильтр Выручка' is clicked on

11-03-2025T04:04:28 - [TEST_STEP][PASSED] - click(findTestObject("Выручка по ДЗО/Снять выделение в фильтре Выручка")): Object: 'Object Repository/Выручка по ДЗО/Снять выделение в фильтре Выручка' is clicked on

11-03-2025T04:04:29 - [MESSAGE][PASSED] - Object: 'Object Repository/Выручка по ДЗО/Снять выделение в фильтре Выручка' is clicked on

11-03-2025T04:04:29 - [TEST_STEP][PASSED] - click(findTestObject("Выручка по ДЗО/По передаче в фильтре Выручка")): Object: 'Object Repository/Выручка по ДЗО/По передаче в фильтре Выручка' is clicked on

11-03-2025T04:04:29 - [MESSAGE][PASSED] - Object: 'Object Repository/Выручка по ДЗО/По передаче в фильтре Выручка' is clicked on

11-03-2025T04:04:29 - [TEST_STEP][PASSED] - click(findTestObject("Выручка по ДЗО/Применить в фильтре Выручка")): Object: 'Object Repository/Выручка по ДЗО/Применить в фильтре Выручка' is clicked on

11-03-2025T04:04:30 - [MESSAGE][PASSED] - Object: 'Object Repository/Выручка по ДЗО/Применить в фильтре Выручка' is clicked on

11-03-2025T04:04:30 - [TEST_STEP][PASSED] - Script1687405711779.Test(todaysDate): null

11-03-2025T04:04:30 - [TEST_STEP][PASSED] - delay(10): Delayed 10 second(s)

11-03-2025T04:04:40 - [MESSAGE][PASSED] - Delayed 10 second(s)

11-03-2025T04:04:40 - [TEST_STEP][PASSED] - if (verifyTextNotPresent("нет данных", false) == true): null

11-03-2025T04:04:40 - [MESSAGE][PASSED] - Text 'нет данных' is not present on page

11-03-2025T04:04:40 - [TEST_STEP][PASSED] - if (verifyTextNotPresent("Ошибка запроса данных", false) == true): null

11-03-2025T04:04:41 - [MESSAGE][PASSED] - Text 'Ошибка запроса данных' is not present on page

11-03-2025T04:04:41 - [TEST_STEP][PASSED] - if (verifyTextNotPresent("Произошла ошибка при выполнении пользовательского кода", false) == true): null

11-03-2025T04:04:41 - [MESSAGE][PASSED] - Text 'Произошла ошибка при выполнении пользовательского кода' is not present on page

11-03-2025T04:04:41 - [TEST_STEP][PASSED] - if (verifyTextNotPresent("У виджета нет данных", false) == true): null

11-03-2025T04:04:41 - [MESSAGE][PASSED] - Text 'У виджета нет данных' is not present on page

11-03-2025T04:04:41 - [TEST_STEP][PASSED] - if (verifyTextNotPresent("У виджета нет данных", false) == true): Text 'У виджета нет данных' is not present on page

11-03-2025T04:04:42 - [MESSAGE][PASSED] - Text 'У виджета нет данных' is not present on page

11-03-2025T04:04:42 - [TEST_STEP][PASSED] - click(findTestObject("Выручка по ДЗО/Фильтр Выручка")): Object: 'Object Repository/Выручка по ДЗО/Фильтр Выручка' is clicked on

11-03-2025T04:04:42 - [MESSAGE][PASSED] - Object: 'Object Repository/Выручка по ДЗО/Фильтр Выручка' is clicked on

11-03-2025T04:04:42 - [TEST_STEP][PASSED] - click(findTestObject("Выручка по ДЗО/Снять выделение в фильтре Выручка")): Object: 'Object Repository/Выручка по ДЗО/Снять выделение в фильтре Выручка' is clicked on

11-03-2025T04:04:43 - [MESSAGE][PASSED] - Object: 'Object Repository/Выручка по ДЗО/Снять выделение в фильтре Выручка' is clicked on

11-03-2025T04:04:43 - [TEST_STEP][PASSED] - click(findTestObject("Выручка по ДЗО/Применить в фильтре Выручка")): Object: 'Object Repository/Выручка по ДЗО/Применить в фильтре Выручка' is clicked on

11-03-2025T04:04:43 - [MESSAGE][PASSED] - Object: 'Object Repository/Выручка по ДЗО/Применить в фильтре Выручка' is clicked on

11-03-2025T04:04:43 - [TEST_STEP][PASSED] - closeBrowser(): Browser is closed

11-03-2025T04:04:44 - [MESSAGE][PASSED] - Browser is closed]]></system-out>
         <system-err><![CDATA[11-03-2025T02:39:23 - [TEST_CASE][FAILED] - Test Cases/Выручка по ДЗО/Выручка по ДЗО отображение данных все филиалы: Test Cases/Выручка по ДЗО/Выручка по ДЗО отображение данных все филиалы FAILED.
Reason:
com.kms.katalon.core.exception.StepFailedException: Text 'нет данных' is present on page  (Root cause: com.kms.katalon.core.exception.StepFailedException: Text 'нет данных' is present on page 
	at com.kms.katalon.core.webui.keyword.internal.WebUIKeywordMain.stepFailed(WebUIKeywordMain.groovy:64)
	at com.kms.katalon.core.webui.keyword.builtin.VerifyTextNotPresentKeyword$_verifyTextNotPresent_closure1.doCall(VerifyTextNotPresentKeyword.groovy:77)
	at com.kms.katalon.core.webui.keyword.builtin.VerifyTextNotPresentKeyword$_verifyTextNotPresent_closure1.call(VerifyTextNotPresentKeyword.groovy)
	at com.kms.katalon.core.webui.keyword.internal.WebUIKeywordMain.runKeyword(WebUIKeywordMain.groovy:20)
	at com.kms.katalon.core.webui.keyword.builtin.VerifyTextNotPresentKeyword.verifyTextNotPresent(VerifyTextNotPresentKeyword.groovy:82)
	at com.kms.katalon.core.webui.keyword.builtin.VerifyTextNotPresentKeyword.execute(VerifyTextNotPresentKeyword.groovy:68)
	at com.kms.katalon.core.keyword.internal.KeywordExecutor.executeKeywordForPlatform(KeywordExecutor.groovy:74)
	at com.kms.katalon.core.webui.keyword.WebUiBuiltInKeywords.verifyTextNotPresent(WebUiBuiltInKeywords.groovy:1795)
	at Выручка по ДЗО отображение данных все филиалы.Test(Выручка по ДЗО отображение данных все филиалы:772)
	at Выручка по ДЗО отображение данных все филиалы.Tumbler(Выручка по ДЗО отображение данных все филиалы:726)
	at Выручка по ДЗО отображение данных все филиалы.Change(Выручка по ДЗО отображение данных все филиалы:760)
	at Выручка по ДЗО отображение данных все филиалы.DzoTest(Выручка по ДЗО отображение данных все филиалы:144)
	at Выручка по ДЗО отображение данных все филиалы.run(Выручка по ДЗО отображение данных все филиалы:122)
	at com.kms.katalon.core.main.ScriptEngine.run(ScriptEngine.java:194)
	at com.kms.katalon.core.main.ScriptEngine.runScriptAsRawText(ScriptEngine.java:119)
	at com.kms.katalon.core.main.TestCaseExecutor.runScript(TestCaseExecutor.java:448)
	at com.kms.katalon.core.main.TestCaseExecutor.doExecute(TestCaseExecutor.java:439)
	at com.kms.katalon.core.main.TestCaseExecutor.processExecutionPhase(TestCaseExecutor.java:418)
	at com.kms.katalon.core.main.TestCaseExecutor.accessMainPhase(TestCaseExecutor.java:410)
	at com.kms.katalon.core.main.TestCaseExecutor.execute(TestCaseExecutor.java:285)
	at com.kms.katalon.core.common.CommonExecutor.accessTestCaseMainPhase(CommonExecutor.java:65)
	at com.kms.katalon.core.main.TestSuiteExecutor.accessTestSuiteMainPhase(TestSuiteExecutor.java:150)
	at com.kms.katalon.core.main.TestSuiteExecutor.execute(TestSuiteExecutor.java:106)
	at com.kms.katalon.core.main.TestCaseMain.startTestSuite(TestCaseMain.java:180)
	at TempTestSuite1741649958618.run(TempTestSuite1741649958618.groovy:35)
	at java.base/jdk.internal.reflect.NativeMethodAccessorImpl.invoke0(Native Method)
	at java.base/jdk.internal.reflect.NativeMethodAccessorImpl.invoke(NativeMethodAccessorImpl.java:77)
	at java.base/jdk.internal.reflect.DelegatingMethodAccessorImpl.invoke(DelegatingMethodAccessorImpl.java:43)
)
	at com.kms.katalon.core.keyword.internal.KeywordMain.stepFailed(KeywordMain.groovy:39)
	at com.kms.katalon.core.webui.keyword.internal.WebUIKeywordMain.stepFailed(WebUIKeywordMain.groovy:64)
	at com.kms.katalon.core.webui.keyword.builtin.VerifyTextNotPresentKeyword$_verifyTextNotPresent_closure1.doCall(VerifyTextNotPresentKeyword.groovy:77)
	at com.kms.katalon.core.webui.keyword.builtin.VerifyTextNotPresentKeyword$_verifyTextNotPresent_closure1.call(VerifyTextNotPresentKeyword.groovy)
	at com.kms.katalon.core.webui.keyword.internal.WebUIKeywordMain.runKeyword(WebUIKeywordMain.groovy:20)
	at com.kms.katalon.core.webui.keyword.builtin.VerifyTextNotPresentKeyword.verifyTextNotPresent(VerifyTextNotPresentKeyword.groovy:82)
	at com.kms.katalon.core.webui.keyword.builtin.VerifyTextNotPresentKeyword.execute(VerifyTextNotPresentKeyword.groovy:68)
	at com.kms.katalon.core.keyword.internal.KeywordExecutor.executeKeywordForPlatform(KeywordExecutor.groovy:74)
	at com.kms.katalon.core.webui.keyword.WebUiBuiltInKeywords.verifyTextNotPresent(WebUiBuiltInKeywords.groovy:1795)
	at Выручка по ДЗО отображение данных все филиалы.Test(Выручка по ДЗО отображение данных все филиалы:772)
	at Выручка по ДЗО отображение данных все филиалы.Tumbler(Выручка по ДЗО отображение данных все филиалы:726)
	at Выручка по ДЗО отображение данных все филиалы.Change(Выручка по ДЗО отображение данных все филиалы:760)
	at Выручка по ДЗО отображение данных все филиалы.DzoTest(Выручка по ДЗО отображение данных все филиалы:144)
	at Выручка по ДЗО отображение данных все филиалы.run(Выручка по ДЗО отображение данных все филиалы:122)
	at com.kms.katalon.core.main.ScriptEngine.run(ScriptEngine.java:194)
	at com.kms.katalon.core.main.ScriptEngine.runScriptAsRawText(ScriptEngine.java:119)
	at com.kms.katalon.core.main.TestCaseExecutor.runScript(TestCaseExecutor.java:448)
	at com.kms.katalon.core.main.TestCaseExecutor.doExecute(TestCaseExecutor.java:439)
	at com.kms.katalon.core.main.TestCaseExecutor.processExecutionPhase(TestCaseExecutor.java:418)
	at com.kms.katalon.core.main.TestCaseExecutor.accessMainPhase(TestCaseExecutor.java:410)
	at com.kms.katalon.core.main.TestCaseExecutor.execute(TestCaseExecutor.java:285)
	at com.kms.katalon.core.common.CommonExecutor.accessTestCaseMainPhase(CommonExecutor.java:65)
	at com.kms.katalon.core.main.TestSuiteExecutor.accessTestSuiteMainPhase(TestSuiteExecutor.java:150)
	at com.kms.katalon.core.main.TestSuiteExecutor.execute(TestSuiteExecutor.java:106)
	at com.kms.katalon.core.main.TestCaseMain.startTestSuite(TestCaseMain.java:180)
	at TempTestSuite1741649958618.run(TempTestSuite1741649958618.groovy:35)
	at java.base/jdk.internal.reflect.NativeMethodAccessorImpl.invoke0(Native Method)
	at java.base/jdk.internal.reflect.NativeMethodAccessorImpl.invoke(NativeMethodAccessorImpl.java:77)
	at java.base/jdk.internal.reflect.DelegatingMethodAccessorImpl.invoke(DelegatingMethodAccessorImpl.java:43)
Caused by: com.kms.katalon.core.exception.StepFailedException: Text 'нет данных' is present on page 
	... 28 more]]></system-err>
      </testcase>
      <testcase name="Test Cases/Факторный анализ/Факторный анализ отображение данных все филиалы" time="2526.724" classname="Test Cases/Факторный анализ/Факторный анализ отображение данных все филиалы" status="FAILED">
         <failure type="FAILED" message="Test Cases/Факторный анализ/Факторный анализ отображение данных все филиалы FAILED.&#xa;Reason:&#xa;com.kms.katalon.core.exception.StepFailedException: Text 'нет данных' is present on page  (Root cause: com.kms.katalon.core.exception.StepFailedException: Text 'нет данных' is present on page &#xa;	at com.kms.katalon.core.webui.keyword.internal.WebUIKeywordMain.stepFailed(WebUIKeywordMain.groovy:64)&#xa;	at com.kms.katalon.core.webui.keyword.builtin.VerifyTextNotPresentKeyword$_verifyTextNotPresent_closure1.doCall(VerifyTextNotPresentKeyword.groovy:77)&#xa;	at com.kms.katalon.core.webui.keyword.builtin.VerifyTextNotPresentKeyword$_verifyTextNotPresent_closure1.call(VerifyTextNotPresentKeyword.groovy)&#xa;	at com.kms.katalon.core.webui.keyword.internal.WebUIKeywordMain.runKeyword(WebUIKeywordMain.groovy:20)&#xa;	at com.kms.katalon.core.webui.keyword.builtin.VerifyTextNotPresentKeyword.verifyTextNotPresent(VerifyTextNotPresentKeyword.groovy:82)&#xa;	at com.kms.katalon.core.webui.keyword.builtin.VerifyTextNotPresentKeyword.execute(VerifyTextNotPresentKeyword.groovy:68)&#xa;	at com.kms.katalon.core.keyword.internal.KeywordExecutor.executeKeywordForPlatform(KeywordExecutor.groovy:74)&#xa;	at com.kms.katalon.core.webui.keyword.WebUiBuiltInKeywords.verifyTextNotPresent(WebUiBuiltInKeywords.groovy:1795)&#xa;	at Факторный анализ отображение данных все филиалы.Test(Факторный анализ отображение данных все филиалы:789)&#xa;	at Факторный анализ отображение данных все филиалы.Change(Факторный анализ отображение данных все филиалы:775)&#xa;	at Факторный анализ отображение данных все филиалы.run(Факторный анализ отображение данных все филиалы:168)&#xa;	at com.kms.katalon.core.main.ScriptEngine.run(ScriptEngine.java:194)&#xa;	at com.kms.katalon.core.main.ScriptEngine.runScriptAsRawText(ScriptEngine.java:119)&#xa;	at com.kms.katalon.core.main.TestCaseExecutor.runScript(TestCaseExecutor.java:448)&#xa;	at com.kms.katalon.core.main.TestCaseExecutor.doExecute(TestCaseExecutor.java:439)&#xa;	at com.kms.katalon.core.main.TestCaseExecutor.processExecutionPhase(TestCaseExecutor.java:418)&#xa;	at com.kms.katalon.core.main.TestCaseExecutor.accessMainPhase(TestCaseExecutor.java:410)&#xa;	at com.kms.katalon.core.main.TestCaseExecutor.execute(TestCaseExecutor.java:285)&#xa;	at com.kms.katalon.core.common.CommonExecutor.accessTestCaseMainPhase(CommonExecutor.java:65)&#xa;	at com.kms.katalon.core.main.TestSuiteExecutor.accessTestSuiteMainPhase(TestSuiteExecutor.java:150)&#xa;	at com.kms.katalon.core.main.TestSuiteExecutor.execute(TestSuiteExecutor.java:106)&#xa;	at com.kms.katalon.core.main.TestCaseMain.startTestSuite(TestCaseMain.java:180)&#xa;	at TempTestSuite1741649958618.run(TempTestSuite1741649958618.groovy:35)&#xa;	at java.base/jdk.internal.reflect.NativeMethodAccessorImpl.invoke0(Native Method)&#xa;	at java.base/jdk.internal.reflect.NativeMethodAccessorImpl.invoke(NativeMethodAccessorImpl.java:77)&#xa;	at java.base/jdk.internal.reflect.DelegatingMethodAccessorImpl.invoke(DelegatingMethodAccessorImpl.java:43)&#xa;)&#xa;	at com.kms.katalon.core.keyword.internal.KeywordMain.stepFailed(KeywordMain.groovy:39)&#xa;	at com.kms.katalon.core.webui.keyword.internal.WebUIKeywordMain.stepFailed(WebUIKeywordMain.groovy:64)&#xa;	at com.kms.katalon.core.webui.keyword.builtin.VerifyTextNotPresentKeyword$_verifyTextNotPresent_closure1.doCall(VerifyTextNotPresentKeyword.groovy:77)&#xa;	at com.kms.katalon.core.webui.keyword.builtin.VerifyTextNotPresentKeyword$_verifyTextNotPresent_closure1.call(VerifyTextNotPresentKeyword.groovy)&#xa;	at com.kms.katalon.core.webui.keyword.internal.WebUIKeywordMain.runKeyword(WebUIKeywordMain.groovy:20)&#xa;	at com.kms.katalon.core.webui.keyword.builtin.VerifyTextNotPresentKeyword.verifyTextNotPresent(VerifyTextNotPresentKeyword.groovy:82)&#xa;	at com.kms.katalon.core.webui.keyword.builtin.VerifyTextNotPresentKeyword.execute(VerifyTextNotPresentKeyword.groovy:68)&#xa;	at com.kms.katalon.core.keyword.internal.KeywordExecutor.executeKeywordForPlatform(KeywordExecutor.groovy:74)&#xa;	at com.kms.katalon.core.webui.keyword.WebUiBuiltInKeywords.verifyTextNotPresent(WebUiBuiltInKeywords.groovy:1795)&#xa;	at Факторный анализ отображение данных все филиалы.Test(Факторный анализ отображение данных все филиалы:789)&#xa;	at Факторный анализ отображение данных все филиалы.Change(Факторный анализ отображение данных все филиалы:775)&#xa;	at Факторный анализ отображение данных все филиалы.run(Факторный анализ отображение данных все филиалы:168)&#xa;	at com.kms.katalon.core.main.ScriptEngine.run(ScriptEngine.java:194)&#xa;	at com.kms.katalon.core.main.ScriptEngine.runScriptAsRawText(ScriptEngine.java:119)&#xa;	at com.kms.katalon.core.main.TestCaseExecutor.runScript(TestCaseExecutor.java:448)&#xa;	at com.kms.katalon.core.main.TestCaseExecutor.doExecute(TestCaseExecutor.java:439)&#xa;	at com.kms.katalon.core.main.TestCaseExecutor.processExecutionPhase(TestCaseExecutor.java:418)&#xa;	at com.kms.katalon.core.main.TestCaseExecutor.accessMainPhase(TestCaseExecutor.java:410)&#xa;	at com.kms.katalon.core.main.TestCaseExecutor.execute(TestCaseExecutor.java:285)&#xa;	at com.kms.katalon.core.common.CommonExecutor.accessTestCaseMainPhase(CommonExecutor.java:65)&#xa;	at com.kms.katalon.core.main.TestSuiteExecutor.accessTestSuiteMainPhase(TestSuiteExecutor.java:150)&#xa;	at com.kms.katalon.core.main.TestSuiteExecutor.execute(TestSuiteExecutor.java:106)&#xa;	at com.kms.katalon.core.main.TestCaseMain.startTestSuite(TestCaseMain.java:180)&#xa;	at TempTestSuite1741649958618.run(TempTestSuite1741649958618.groovy:35)&#xa;	at java.base/jdk.internal.reflect.NativeMethodAccessorImpl.invoke0(Native Method)&#xa;	at java.base/jdk.internal.reflect.NativeMethodAccessorImpl.invoke(NativeMethodAccessorImpl.java:77)&#xa;	at java.base/jdk.internal.reflect.DelegatingMethodAccessorImpl.invoke(DelegatingMethodAccessorImpl.java:43)&#xa;Caused by: com.kms.katalon.core.exception.StepFailedException: Text 'нет данных' is present on page &#xa;	... 26 more&#xa;"/>
         <system-out><![CDATA[11-03-2025T04:04:44 - [TEST_CASE][FAILED] - Test Cases/Факторный анализ/Факторный анализ отображение данных все филиалы: Test Cases/Факторный анализ/Факторный анализ отображение данных все филиалы FAILED.
Reason:
com.kms.katalon.core.exception.StepFailedException: Text 'нет данных' is present on page  (Root cause: com.kms.katalon.core.exception.StepFailedException: Text 'нет данных' is present on page 
	at com.kms.katalon.core.webui.keyword.internal.WebUIKeywordMain.stepFailed(WebUIKeywordMain.groovy:64)
	at com.kms.katalon.core.webui.keyword.builtin.VerifyTextNotPresentKeyword$_verifyTextNotPresent_closure1.doCall(VerifyTextNotPresentKeyword.groovy:77)
	at com.kms.katalon.core.webui.keyword.builtin.VerifyTextNotPresentKeyword$_verifyTextNotPresent_closure1.call(VerifyTextNotPresentKeyword.groovy)
	at com.kms.katalon.core.webui.keyword.internal.WebUIKeywordMain.runKeyword(WebUIKeywordMain.groovy:20)
	at com.kms.katalon.core.webui.keyword.builtin.VerifyTextNotPresentKeyword.verifyTextNotPresent(VerifyTextNotPresentKeyword.groovy:82)
	at com.kms.katalon.core.webui.keyword.builtin.VerifyTextNotPresentKeyword.execute(VerifyTextNotPresentKeyword.groovy:68)
	at com.kms.katalon.core.keyword.internal.KeywordExecutor.executeKeywordForPlatform(KeywordExecutor.groovy:74)
	at com.kms.katalon.core.webui.keyword.WebUiBuiltInKeywords.verifyTextNotPresent(WebUiBuiltInKeywords.groovy:1795)
	at Факторный анализ отображение данных все филиалы.Test(Факторный анализ отображение данных все филиалы:789)
	at Факторный анализ отображение данных все филиалы.Change(Факторный анализ отображение данных все филиалы:775)
	at Факторный анализ отображение данных все филиалы.run(Факторный анализ отображение данных все филиалы:168)
	at com.kms.katalon.core.main.ScriptEngine.run(ScriptEngine.java:194)
	at com.kms.katalon.core.main.ScriptEngine.runScriptAsRawText(ScriptEngine.java:119)
	at com.kms.katalon.core.main.TestCaseExecutor.runScript(TestCaseExecutor.java:448)
	at com.kms.katalon.core.main.TestCaseExecutor.doExecute(TestCaseExecutor.java:439)
	at com.kms.katalon.core.main.TestCaseExecutor.processExecutionPhase(TestCaseExecutor.java:418)
	at com.kms.katalon.core.main.TestCaseExecutor.accessMainPhase(TestCaseExecutor.java:410)
	at com.kms.katalon.core.main.TestCaseExecutor.execute(TestCaseExecutor.java:285)
	at com.kms.katalon.core.common.CommonExecutor.accessTestCaseMainPhase(CommonExecutor.java:65)
	at com.kms.katalon.core.main.TestSuiteExecutor.accessTestSuiteMainPhase(TestSuiteExecutor.java:150)
	at com.kms.katalon.core.main.TestSuiteExecutor.execute(TestSuiteExecutor.java:106)
	at com.kms.katalon.core.main.TestCaseMain.startTestSuite(TestCaseMain.java:180)
	at TempTestSuite1741649958618.run(TempTestSuite1741649958618.groovy:35)
	at java.base/jdk.internal.reflect.NativeMethodAccessorImpl.invoke0(Native Method)
	at java.base/jdk.internal.reflect.NativeMethodAccessorImpl.invoke(NativeMethodAccessorImpl.java:77)
	at java.base/jdk.internal.reflect.DelegatingMethodAccessorImpl.invoke(DelegatingMethodAccessorImpl.java:43)
)
	at com.kms.katalon.core.keyword.internal.KeywordMain.stepFailed(KeywordMain.groovy:39)
	at com.kms.katalon.core.webui.keyword.internal.WebUIKeywordMain.stepFailed(WebUIKeywordMain.groovy:64)
	at com.kms.katalon.core.webui.keyword.builtin.VerifyTextNotPresentKeyword$_verifyTextNotPresent_closure1.doCall(VerifyTextNotPresentKeyword.groovy:77)
	at com.kms.katalon.core.webui.keyword.builtin.VerifyTextNotPresentKeyword$_verifyTextNotPresent_closure1.call(VerifyTextNotPresentKeyword.groovy)
	at com.kms.katalon.core.webui.keyword.internal.WebUIKeywordMain.runKeyword(WebUIKeywordMain.groovy:20)
	at com.kms.katalon.core.webui.keyword.builtin.VerifyTextNotPresentKeyword.verifyTextNotPresent(VerifyTextNotPresentKeyword.groovy:82)
	at com.kms.katalon.core.webui.keyword.builtin.VerifyTextNotPresentKeyword.execute(VerifyTextNotPresentKeyword.groovy:68)
	at com.kms.katalon.core.keyword.internal.KeywordExecutor.executeKeywordForPlatform(KeywordExecutor.groovy:74)
	at com.kms.katalon.core.webui.keyword.WebUiBuiltInKeywords.verifyTextNotPresent(WebUiBuiltInKeywords.groovy:1795)
	at Факторный анализ отображение данных все филиалы.Test(Факторный анализ отображение данных все филиалы:789)
	at Факторный анализ отображение данных все филиалы.Change(Факторный анализ отображение данных все филиалы:775)
	at Факторный анализ отображение данных все филиалы.run(Факторный анализ отображение данных все филиалы:168)
	at com.kms.katalon.core.main.ScriptEngine.run(ScriptEngine.java:194)
	at com.kms.katalon.core.main.ScriptEngine.runScriptAsRawText(ScriptEngine.java:119)
	at com.kms.katalon.core.main.TestCaseExecutor.runScript(TestCaseExecutor.java:448)
	at com.kms.katalon.core.main.TestCaseExecutor.doExecute(TestCaseExecutor.java:439)
	at com.kms.katalon.core.main.TestCaseExecutor.processExecutionPhase(TestCaseExecutor.java:418)
	at com.kms.katalon.core.main.TestCaseExecutor.accessMainPhase(TestCaseExecutor.java:410)
	at com.kms.katalon.core.main.TestCaseExecutor.execute(TestCaseExecutor.java:285)
	at com.kms.katalon.core.common.CommonExecutor.accessTestCaseMainPhase(CommonExecutor.java:65)
	at com.kms.katalon.core.main.TestSuiteExecutor.accessTestSuiteMainPhase(TestSuiteExecutor.java:150)
	at com.kms.katalon.core.main.TestSuiteExecutor.execute(TestSuiteExecutor.java:106)
	at com.kms.katalon.core.main.TestCaseMain.startTestSuite(TestCaseMain.java:180)
	at TempTestSuite1741649958618.run(TempTestSuite1741649958618.groovy:35)
	at java.base/jdk.internal.reflect.NativeMethodAccessorImpl.invoke0(Native Method)
	at java.base/jdk.internal.reflect.NativeMethodAccessorImpl.invoke(NativeMethodAccessorImpl.java:77)
	at java.base/jdk.internal.reflect.DelegatingMethodAccessorImpl.invoke(DelegatingMethodAccessorImpl.java:43)
Caused by: com.kms.katalon.core.exception.StepFailedException: Text 'нет данных' is present on page 
	... 26 more


11-03-2025T04:04:44 - [TEST_STEP][PASSED] - date = new java.util.Date(): null

11-03-2025T04:04:44 - [TEST_STEP][PASSED] - todaysDate = date.format("dd.MM.yyyy"): null

11-03-2025T04:04:44 - [TEST_STEP][PASSED] - println(todaysDate): null

11-03-2025T04:04:44 - [TEST_STEP][PASSED] - typeOfData = <not implemented yet for class: org.codehaus.groovy.ast.expr.EmptyExpression>: null

11-03-2025T04:04:44 - [TEST_STEP][PASSED] - urlText = <not implemented yet for class: org.codehaus.groovy.ast.expr.EmptyExpression>: null

11-03-2025T04:04:44 - [TEST_STEP][PASSED] - searchWord = <not implemented yet for class: org.codehaus.groovy.ast.expr.EmptyExpression>: null

11-03-2025T04:04:44 - [TEST_STEP][PASSED] - i = <not implemented yet for class: org.codehaus.groovy.ast.expr.EmptyExpression>: null

11-03-2025T04:04:44 - [TEST_STEP][PASSED] - ii = <not implemented yet for class: org.codehaus.groovy.ast.expr.EmptyExpression>: null

11-03-2025T04:04:44 - [TEST_STEP][PASSED] - openBrowser(""): Browser is opened with url: ''

11-03-2025T04:04:44 - [MESSAGE][INFO] - Starting 'Chrome' driver

11-03-2025T04:04:44 - [MESSAGE][INFO] - Action delay is set to 0 milliseconds

11-03-2025T04:04:45 - [MESSAGE][PASSED] - Browser is opened with url: ''

11-03-2025T04:04:45 - [TEST_STEP][PASSED] - navigateToUrl(findTestData("PlanFact").getValue(10, 3)): Navigate to 'https://bi.rosseti.digital/viewer?dashboardGuid=2301950b23be4ed89c1df75f2020051e&sheetGuid=ccd7d7486b3d4e6fa0ee9b1eaebed46c&fit=true' successfully

11-03-2025T04:04:49 - [MESSAGE][PASSED] - Navigate to 'https://bi.rosseti.digital/viewer?dashboardGuid=2301950b23be4ed89c1df75f2020051e&sheetGuid=ccd7d7486b3d4e6fa0ee9b1eaebed46c&fit=true' successfully

11-03-2025T04:04:49 - [TEST_STEP][PASSED] - urlText = getText(findTestObject("Страница авторизации/Text")): Text of object 'Object Repository/Страница авторизации/Text' is: 'Вход'

11-03-2025T04:04:51 - [MESSAGE][PASSED] - Text of object 'Object Repository/Страница авторизации/Text' is: 'Вход'

11-03-2025T04:04:51 - [TEST_STEP][PASSED] - delay(10): Delayed 10 second(s)

11-03-2025T04:05:01 - [MESSAGE][PASSED] - Delayed 10 second(s)

11-03-2025T04:05:01 - [TEST_STEP][PASSED] - searchWord = "Вход": null

11-03-2025T04:05:01 - [TEST_STEP][PASSED] - if (urlText.contains(searchWord) == false): null

11-03-2025T04:05:01 - [TEST_STEP][PASSED] - setText(findTestObject("Страница авторизации/input__username"), findTestData("PlanFact").getValue(8, 1)): Text 'liazgina-di' is set on object 'Object Repository/Страница авторизации/input__username'

11-03-2025T04:05:02 - [MESSAGE][PASSED] - Text 'liazgina-di' is set on object 'Object Repository/Страница авторизации/input__username'

11-03-2025T04:05:02 - [TEST_STEP][PASSED] - setText(findTestObject("Страница авторизации/input__password"), findTestData("PlanFact").getValue(9, 1)): Text ')$%5srZ8o688Dm#q' is set on object 'Object Repository/Страница авторизации/input__password'

11-03-2025T04:05:02 - [MESSAGE][PASSED] - Text ')$%5srZ8o688Dm#q' is set on object 'Object Repository/Страница авторизации/input__password'

11-03-2025T04:05:02 - [TEST_STEP][PASSED] - click(findTestObject("Страница авторизации/button_")): Object: 'Object Repository/Страница авторизации/button_' is clicked on

11-03-2025T04:05:03 - [MESSAGE][PASSED] - Object: 'Object Repository/Страница авторизации/button_' is clicked on

11-03-2025T04:05:03 - [TEST_STEP][PASSED] - delay(50): Delayed 50 second(s)

11-03-2025T04:05:53 - [MESSAGE][PASSED] - Delayed 50 second(s)

11-03-2025T04:05:53 - [TEST_STEP][PASSED] - searchWord = "ДЗО": null

11-03-2025T04:05:53 - [TEST_STEP][PASSED] - urlText = getText(findTestObject("Страница авторизации/Text")): Text of object 'Object Repository/Страница авторизации/Text' is: 'Период
Январь 2025 года
ДЗО 
ПАО Россети
Подписи данных
Итого отклонения по группе компаний: 22 888 млн.руб.
Филиал
Месяц
Факторный анализ
Всего отклонения по факторам по ПАО Россети за Январь 2025 года
ДЗО
Филиал
Отклонение (объём услуг)
Отклонение (средний тариф)
АО "РЭС" АО "РЭС" -76 3
АО «Тываэнерго» АО "Тываэнерго" 19 4
АО «Чеченэнерго» АО «Чеченэнерго» -35 -48
Россети Волга Мордовэнерго - 150 -6
Оренбургэнерго -62 -9
Пензаэнерго -35 -1
Самарские РС -78 142
Саратовские РС -77 -49
Ульяновские РС 14 6
Чувашэнерго -4 12
Россети Кубань Кубаньэнерго - 341 287
Россети Ленэнерго (ГК) Ленинградская область - 311 187
г. Санкт-Петербург - 291 12
Россети Московский регион Московская область - 780 53
г. Москва - 195 -5
Россети Северный Кавказ (ГК) Дагэнерго - 238 -48
Ингушэнерго -60 14
Каббалкэнерго 20 -4
Карачаево-Черкесскэнерго -10 - 109
Севкавказэнерго - 121 -10
Ставропольэнерго -68 28
Россети Северо-Запад Архангельский филиал -52 21
Вологодский филиал -40 10
Карельский филиал -50 -15
Мурманский филиал 20 -17
Новгородский филиал -49 0
Псковский филиал -48 13
филиал в Республике Коми -53 9
Россети Сибирь (ГК) Алтайэнерго 39 16
Бурятэнерго 10 -7
ГАЭС 9 2
Красноярскэнерго 117 -4
Кузбассэнерго-РЭС 37 147
Омскэнерго -2 -21
Хакасэнерго -10 -12
Читаэнерго -1 25
Россети Томск Томская распределительная компания -62 5
Россети Тюмень Россети Тюмень - 986 - 117
Россети Урал (ГК) Пермэнерго - 187 5
Свердловэнерго - 152 -4
Челябэнерго - 141 5
Россети ФСК ЕЭС Итого по ФСК ЕЭС - 311 252
Россети Центр Белгородэнерго -85 14
Брянскэнерго -50 -8
Воронежэнерго -98 -2
Костромаэнерго -42 3
Курскэнерго -32 8
Липецкэнерго -79 20
Орелэнерго -40 5
Смоленскэнерго -52 -7
Тамбовэнерго -25 -5
Тверьэнерго - 133 0
Ярэнерго -60 -7
Россети Центр и Приволжье (ГК) Владимирэнерго - 134 -19
Ивэнерго -16 -6
Калугаэнерго -73 20
Кировэнерго -51 3
Мариэнерго -10 9
Нижновэнерго - 171 -4
Рязаньэнерго -93 1
Тулэнерго -82 7
Удмуртэнерго -55 60
Россети Юг (ГК) АО «ВМЭС» 0 4
Астраханьэнерго 1 -6
Волгоградэнерго - 140 -12
Калмэнерго -8 2
Ростовэнерго -47 16
Россети Янтарь Россети Янтарь -31 12
Отклонения выручки по факторам по выбранным ДЗО, руб
-134 977-134 977
1 3521 352
Отклонение (объём услуг)
Отклонение (средний тариф)
ПАО Россети'

11-03-2025T04:05:54 - [MESSAGE][PASSED] - Text of object 'Object Repository/Страница авторизации/Text' is: 'Период
Январь 2025 года
ДЗО 
ПАО Россети
Подписи данных
Итого отклонения по группе компаний: 22 888 млн.руб.
Филиал
Месяц
Факторный анализ
Всего отклонения по факторам по ПАО Россети за Январь 2025 года
ДЗО
Филиал
Отклонение (объём услуг)
Отклонение (средний тариф)
АО "РЭС" АО "РЭС" -76 3
АО «Тываэнерго» АО "Тываэнерго" 19 4
АО «Чеченэнерго» АО «Чеченэнерго» -35 -48
Россети Волга Мордовэнерго - 150 -6
Оренбургэнерго -62 -9
Пензаэнерго -35 -1
Самарские РС -78 142
Саратовские РС -77 -49
Ульяновские РС 14 6
Чувашэнерго -4 12
Россети Кубань Кубаньэнерго - 341 287
Россети Ленэнерго (ГК) Ленинградская область - 311 187
г. Санкт-Петербург - 291 12
Россети Московский регион Московская область - 780 53
г. Москва - 195 -5
Россети Северный Кавказ (ГК) Дагэнерго - 238 -48
Ингушэнерго -60 14
Каббалкэнерго 20 -4
Карачаево-Черкесскэнерго -10 - 109
Севкавказэнерго - 121 -10
Ставропольэнерго -68 28
Россети Северо-Запад Архангельский филиал -52 21
Вологодский филиал -40 10
Карельский филиал -50 -15
Мурманский филиал 20 -17
Новгородский филиал -49 0
Псковский филиал -48 13
филиал в Республике Коми -53 9
Россети Сибирь (ГК) Алтайэнерго 39 16
Бурятэнерго 10 -7
ГАЭС 9 2
Красноярскэнерго 117 -4
Кузбассэнерго-РЭС 37 147
Омскэнерго -2 -21
Хакасэнерго -10 -12
Читаэнерго -1 25
Россети Томск Томская распределительная компания -62 5
Россети Тюмень Россети Тюмень - 986 - 117
Россети Урал (ГК) Пермэнерго - 187 5
Свердловэнерго - 152 -4
Челябэнерго - 141 5
Россети ФСК ЕЭС Итого по ФСК ЕЭС - 311 252
Россети Центр Белгородэнерго -85 14
Брянскэнерго -50 -8
Воронежэнерго -98 -2
Костромаэнерго -42 3
Курскэнерго -32 8
Липецкэнерго -79 20
Орелэнерго -40 5
Смоленскэнерго -52 -7
Тамбовэнерго -25 -5
Тверьэнерго - 133 0
Ярэнерго -60 -7
Россети Центр и Приволжье (ГК) Владимирэнерго - 134 -19
Ивэнерго -16 -6
Калугаэнерго -73 20
Кировэнерго -51 3
Мариэнерго -10 9
Нижновэнерго - 171 -4
Рязаньэнерго -93 1
Тулэнерго -82 7
Удмуртэнерго -55 60
Россети Юг (ГК) АО «ВМЭС» 0 4
Астраханьэнерго 1 -6
Волгоградэнерго - 140 -12
Калмэнерго -8 2
Ростовэнерго -47 16
Россети Янтарь Россети Янтарь -31 12
Отклонения выручки по факторам по выбранным ДЗО, руб
-134 977-134 977
1 3521 352
Отклонение (объём услуг)
Отклонение (средний тариф)
ПАО Россети'

11-03-2025T04:05:54 - [TEST_STEP][PASSED] - if (urlText.contains("ошибка") || urlText.contains(searchWord) == false): null

11-03-2025T04:05:54 - [TEST_STEP][PASSED] - click(findTestObject("Факторный анализ/Фильтр Период")): Object: 'Object Repository/Факторный анализ/Фильтр Период' is clicked on

11-03-2025T04:05:54 - [MESSAGE][PASSED] - Object: 'Object Repository/Факторный анализ/Фильтр Период' is clicked on

11-03-2025T04:05:54 - [TEST_STEP][PASSED] - click(findTestObject("Факторный анализ/Снять выделение в фильтре Дата")): Object: 'Object Repository/Факторный анализ/Снять выделение в фильтре Дата' is clicked on

11-03-2025T04:05:55 - [MESSAGE][PASSED] - Object: 'Object Repository/Факторный анализ/Снять выделение в фильтре Дата' is clicked on

11-03-2025T04:05:55 - [TEST_STEP][PASSED] - click(findTestObject("Факторный анализ/Применить в фильтре Дата")): Object: 'Object Repository/Факторный анализ/Применить в фильтре Дата' is clicked on

11-03-2025T04:05:55 - [MESSAGE][PASSED] - Object: 'Object Repository/Факторный анализ/Применить в фильтре Дата' is clicked on

11-03-2025T04:05:55 - [TEST_STEP][PASSED] - click(findTestObject("Факторный анализ/Фильтр Период")): Object: 'Object Repository/Факторный анализ/Фильтр Период' is clicked on

11-03-2025T04:05:57 - [MESSAGE][PASSED] - Object: 'Object Repository/Факторный анализ/Фильтр Период' is clicked on

11-03-2025T04:05:57 - [TEST_STEP][PASSED] - click(findTestObject("Факторный анализ/Снять выделение в фильтре Дата")): Object: 'Object Repository/Факторный анализ/Снять выделение в фильтре Дата' is clicked on

11-03-2025T04:05:58 - [MESSAGE][PASSED] - Object: 'Object Repository/Факторный анализ/Снять выделение в фильтре Дата' is clicked on

11-03-2025T04:05:58 - [TEST_STEP][PASSED] - scrollToElement(findTestObject("Факторный анализ/2025 список"), 30): Scroll to object 'Object Repository/Факторный анализ/2025 список' successfully

11-03-2025T04:05:58 - [MESSAGE][PASSED] - Scroll to object 'Object Repository/Факторный анализ/2025 список' successfully

11-03-2025T04:05:58 - [TEST_STEP][PASSED] - click(findTestObject("Факторный анализ/2025 список")): Object: 'Object Repository/Факторный анализ/2025 список' is clicked on

11-03-2025T04:05:58 - [MESSAGE][PASSED] - Object: 'Object Repository/Факторный анализ/2025 список' is clicked on

11-03-2025T04:05:58 - [TEST_STEP][PASSED] - scrollToElement(findTestObject("Факторный анализ/1 квартал 2025 список"), 30): Scroll to object 'Object Repository/Факторный анализ/1 квартал 2025 список' successfully

11-03-2025T04:05:59 - [MESSAGE][PASSED] - Scroll to object 'Object Repository/Факторный анализ/1 квартал 2025 список' successfully

11-03-2025T04:05:59 - [TEST_STEP][PASSED] - click(findTestObject("Факторный анализ/1 квартал 2025 список"), CONTINUE_ON_FAILURE): Object: 'Object Repository/Факторный анализ/1 квартал 2025 список' is clicked on

11-03-2025T04:05:59 - [MESSAGE][PASSED] - Object: 'Object Repository/Факторный анализ/1 квартал 2025 список' is clicked on

11-03-2025T04:05:59 - [TEST_STEP][PASSED] - scrollToElement(findTestObject("Факторный анализ/Январь 2025"), 30): Scroll to object 'Object Repository/Факторный анализ/Январь 2025' successfully

11-03-2025T04:06:00 - [MESSAGE][PASSED] - Scroll to object 'Object Repository/Факторный анализ/Январь 2025' successfully

11-03-2025T04:06:00 - [TEST_STEP][PASSED] - click(findTestObject("Факторный анализ/Январь 2025"), CONTINUE_ON_FAILURE): Object: 'Object Repository/Факторный анализ/Январь 2025' is clicked on

11-03-2025T04:06:00 - [MESSAGE][PASSED] - Object: 'Object Repository/Факторный анализ/Январь 2025' is clicked on

11-03-2025T04:06:00 - [TEST_STEP][PASSED] - scrollToElement(findTestObject("Факторный анализ/Заголовок фильтра Период"), 30): Scroll to object 'Object Repository/Факторный анализ/Заголовок фильтра Период' successfully

11-03-2025T04:06:00 - [MESSAGE][PASSED] - Scroll to object 'Object Repository/Факторный анализ/Заголовок фильтра Период' successfully

11-03-2025T04:06:00 - [TEST_STEP][PASSED] - click(findTestObject("Факторный анализ/Применить в фильтре Дата")): Object: 'Object Repository/Факторный анализ/Применить в фильтре Дата' is clicked on

11-03-2025T04:06:01 - [MESSAGE][PASSED] - Object: 'Object Repository/Факторный анализ/Применить в фильтре Дата' is clicked on

11-03-2025T04:06:01 - [TEST_STEP][PASSED] - click(findTestObject("Факторный анализ/Фильтр ДЗО")): Object: 'Object Repository/Факторный анализ/Фильтр ДЗО' is clicked on

11-03-2025T04:06:03 - [MESSAGE][PASSED] - Object: 'Object Repository/Факторный анализ/Фильтр ДЗО' is clicked on

11-03-2025T04:06:03 - [TEST_STEP][PASSED] - click(findTestObject("Факторный анализ/Снять выделение в Фильтре ДЗО")): Object: 'Object Repository/Факторный анализ/Снять выделение в Фильтре ДЗО' is clicked on

11-03-2025T04:06:03 - [MESSAGE][PASSED] - Object: 'Object Repository/Факторный анализ/Снять выделение в Фильтре ДЗО' is clicked on

11-03-2025T04:06:03 - [TEST_STEP][PASSED] - click(findTestObject("Факторный анализ/ПАО Россети")): Object: 'Object Repository/Факторный анализ/ПАО Россети' is clicked on

11-03-2025T04:06:04 - [MESSAGE][PASSED] - Object: 'Object Repository/Факторный анализ/ПАО Россети' is clicked on

11-03-2025T04:06:04 - [TEST_STEP][PASSED] - click(findTestObject("Факторный анализ/ПАО Россети")): Object: 'Object Repository/Факторный анализ/ПАО Россети' is clicked on

11-03-2025T04:06:04 - [MESSAGE][PASSED] - Object: 'Object Repository/Факторный анализ/ПАО Россети' is clicked on

11-03-2025T04:06:04 - [TEST_STEP][PASSED] - Script1687405718449.Change(todaysDate, typeOfData): null

11-03-2025T04:06:04 - [TEST_STEP][PASSED] - scrollToElement(findTestObject("Факторный анализ/Заголовок дашборда"), 30): Scroll to object 'Object Repository/Факторный анализ/Заголовок дашборда' successfully

11-03-2025T04:06:04 - [MESSAGE][PASSED] - Scroll to object 'Object Repository/Факторный анализ/Заголовок дашборда' successfully

11-03-2025T04:06:04 - [TEST_STEP][PASSED] - click(findTestObject("Факторный анализ/Применить в фильтре ДЗО")): Object: 'Object Repository/Факторный анализ/Применить в фильтре ДЗО' is clicked on

11-03-2025T04:06:05 - [MESSAGE][PASSED] - Object: 'Object Repository/Факторный анализ/Применить в фильтре ДЗО' is clicked on

11-03-2025T04:06:05 - [TEST_STEP][PASSED] - typeOfData = "Филиал": null

11-03-2025T04:06:05 - [TEST_STEP][PASSED] - Script1687405718449.Test(todaysDate, typeOfData): null

11-03-2025T04:06:05 - [TEST_STEP][PASSED] - delay(10): Delayed 10 second(s)

11-03-2025T04:06:15 - [MESSAGE][PASSED] - Delayed 10 second(s)

11-03-2025T04:06:15 - [TEST_STEP][PASSED] - if (verifyTextNotPresent("нет данных", false) == true): null

11-03-2025T04:06:16 - [MESSAGE][PASSED] - Text 'нет данных' is not present on page

11-03-2025T04:06:16 - [TEST_STEP][PASSED] - if (verifyTextNotPresent("Ошибка запроса данных", false) == true): null

11-03-2025T04:06:16 - [MESSAGE][PASSED] - Text 'Ошибка запроса данных' is not present on page

11-03-2025T04:06:16 - [TEST_STEP][PASSED] - if (verifyTextNotPresent("Произошла ошибка при выполнении пользовательского кода", false) == true): null

11-03-2025T04:06:17 - [MESSAGE][PASSED] - Text 'Произошла ошибка при выполнении пользовательского кода' is not present on page

11-03-2025T04:06:17 - [TEST_STEP][PASSED] - if (verifyTextNotPresent("У виджета нет данных", false) == true): null

11-03-2025T04:06:17 - [MESSAGE][PASSED] - Text 'У виджета нет данных' is not present on page

11-03-2025T04:06:17 - [TEST_STEP][PASSED] - if (verifyTextNotPresent("У виджета нет данных", false) == true): Text 'У виджета нет данных' is not present on page

11-03-2025T04:06:18 - [MESSAGE][PASSED] - Text 'У виджета нет данных' is not present on page

11-03-2025T04:06:18 - [TEST_STEP][PASSED] - click(findTestObject("Факторный анализ/Переключить отображение с филиала на месяц")): Object: 'Object Repository/Факторный анализ/Переключить отображение с филиала на месяц' is clicked on

11-03-2025T04:06:18 - [MESSAGE][PASSED] - Object: 'Object Repository/Факторный анализ/Переключить отображение с филиала на месяц' is clicked on

11-03-2025T04:06:18 - [TEST_STEP][PASSED] - typeOfData = "Месяц": null

11-03-2025T04:06:18 - [TEST_STEP][PASSED] - Script1687405718449.Test(todaysDate, typeOfData): null

11-03-2025T04:06:18 - [TEST_STEP][PASSED] - delay(10): Delayed 10 second(s)

11-03-2025T04:06:28 - [MESSAGE][PASSED] - Delayed 10 second(s)

11-03-2025T04:06:28 - [TEST_STEP][PASSED] - if (verifyTextNotPresent("нет данных", false) == true): null

11-03-2025T04:06:29 - [MESSAGE][PASSED] - Text 'нет данных' is not present on page

11-03-2025T04:06:29 - [TEST_STEP][PASSED] - if (verifyTextNotPresent("Ошибка запроса данных", false) == true): null

11-03-2025T04:06:29 - [MESSAGE][PASSED] - Text 'Ошибка запроса данных' is not present on page

11-03-2025T04:06:29 - [TEST_STEP][PASSED] - if (verifyTextNotPresent("Произошла ошибка при выполнении пользовательского кода", false) == true): null

11-03-2025T04:06:30 - [MESSAGE][PASSED] - Text 'Произошла ошибка при выполнении пользовательского кода' is not present on page

11-03-2025T04:06:30 - [TEST_STEP][PASSED] - if (verifyTextNotPresent("У виджета нет данных", false) == true): null

11-03-2025T04:06:30 - [MESSAGE][PASSED] - Text 'У виджета нет данных' is not present on page

11-03-2025T04:06:30 - [TEST_STEP][PASSED] - if (verifyTextNotPresent("У виджета нет данных", false) == true): Text 'У виджета нет данных' is not present on page

11-03-2025T04:06:31 - [MESSAGE][PASSED] - Text 'У виджета нет данных' is not present on page

11-03-2025T04:06:31 - [TEST_STEP][PASSED] - click(findTestObject("Факторный анализ/Переключить отображение с месяца на филиал")): Object: 'Object Repository/Факторный анализ/Переключить отображение с месяца на филиал' is clicked on

11-03-2025T04:06:31 - [MESSAGE][PASSED] - Object: 'Object Repository/Факторный анализ/Переключить отображение с месяца на филиал' is clicked on

11-03-2025T04:06:31 - [TEST_STEP][PASSED] - click(findTestObject("Факторный анализ/Фильтр ДЗО")): Object: 'Object Repository/Факторный анализ/Фильтр ДЗО' is clicked on

11-03-2025T04:06:31 - [MESSAGE][PASSED] - Object: 'Object Repository/Факторный анализ/Фильтр ДЗО' is clicked on

11-03-2025T04:06:31 - [TEST_STEP][PASSED] - click(findTestObject("Факторный анализ/Снять выделение в фильтре ДЗО")): Object: 'Object Repository/Факторный анализ/Снять выделение в фильтре ДЗО' is clicked on

11-03-2025T04:06:32 - [MESSAGE][PASSED] - Object: 'Object Repository/Факторный анализ/Снять выделение в фильтре ДЗО' is clicked on

11-03-2025T04:06:32 - [TEST_STEP][PASSED] - doubleClick(findTestObject("Факторный анализ/Раскрыть список ПАО Россети")): Object: 'Object Repository/Факторный анализ/Раскрыть список ПАО Россети' is double clicked on

11-03-2025T04:06:32 - [MESSAGE][PASSED] - Object: 'Object Repository/Факторный анализ/Раскрыть список ПАО Россети' is double clicked on

11-03-2025T04:06:32 - [TEST_STEP][PASSED] - click(findTestObject("Факторный анализ/Магистральные сети")): Object: 'Object Repository/Факторный анализ/Магистральные сети' is clicked on

11-03-2025T04:06:33 - [MESSAGE][PASSED] - Object: 'Object Repository/Факторный анализ/Магистральные сети' is clicked on

11-03-2025T04:06:33 - [TEST_STEP][PASSED] - Script1687405718449.Change(todaysDate, typeOfData): null

11-03-2025T04:06:33 - [TEST_STEP][PASSED] - scrollToElement(findTestObject("Факторный анализ/Заголовок дашборда"), 30): Scroll to object 'Object Repository/Факторный анализ/Заголовок дашборда' successfully

11-03-2025T04:06:34 - [MESSAGE][PASSED] - Scroll to object 'Object Repository/Факторный анализ/Заголовок дашборда' successfully

11-03-2025T04:06:34 - [TEST_STEP][PASSED] - click(findTestObject("Факторный анализ/Применить в фильтре ДЗО")): Object: 'Object Repository/Факторный анализ/Применить в фильтре ДЗО' is clicked on

11-03-2025T04:06:34 - [MESSAGE][PASSED] - Object: 'Object Repository/Факторный анализ/Применить в фильтре ДЗО' is clicked on

11-03-2025T04:06:34 - [TEST_STEP][PASSED] - typeOfData = "Филиал": null

11-03-2025T04:06:34 - [TEST_STEP][PASSED] - Script1687405718449.Test(todaysDate, typeOfData): null

11-03-2025T04:06:34 - [TEST_STEP][PASSED] - delay(10): Delayed 10 second(s)

11-03-2025T04:06:44 - [MESSAGE][PASSED] - Delayed 10 second(s)

11-03-2025T04:06:44 - [TEST_STEP][PASSED] - if (verifyTextNotPresent("нет данных", false) == true): null

11-03-2025T04:06:45 - [MESSAGE][PASSED] - Text 'нет данных' is not present on page

11-03-2025T04:06:45 - [TEST_STEP][PASSED] - if (verifyTextNotPresent("Ошибка запроса данных", false) == true): null

11-03-2025T04:06:45 - [MESSAGE][PASSED] - Text 'Ошибка запроса данных' is not present on page

11-03-2025T04:06:45 - [TEST_STEP][PASSED] - if (verifyTextNotPresent("Произошла ошибка при выполнении пользовательского кода", false) == true): null

11-03-2025T04:06:46 - [MESSAGE][PASSED] - Text 'Произошла ошибка при выполнении пользовательского кода' is not present on page

11-03-2025T04:06:46 - [TEST_STEP][PASSED] - if (verifyTextNotPresent("У виджета нет данных", false) == true): null

11-03-2025T04:06:46 - [MESSAGE][PASSED] - Text 'У виджета нет данных' is not present on page

11-03-2025T04:06:46 - [TEST_STEP][PASSED] - if (verifyTextNotPresent("У виджета нет данных", false) == true): Text 'У виджета нет данных' is not present on page

11-03-2025T04:06:47 - [MESSAGE][PASSED] - Text 'У виджета нет данных' is not present on page

11-03-2025T04:06:47 - [TEST_STEP][PASSED] - click(findTestObject("Факторный анализ/Переключить отображение с филиала на месяц")): Object: 'Object Repository/Факторный анализ/Переключить отображение с филиала на месяц' is clicked on

11-03-2025T04:06:47 - [MESSAGE][PASSED] - Object: 'Object Repository/Факторный анализ/Переключить отображение с филиала на месяц' is clicked on

11-03-2025T04:06:47 - [TEST_STEP][PASSED] - typeOfData = "Месяц": null

11-03-2025T04:06:47 - [TEST_STEP][PASSED] - Script1687405718449.Test(todaysDate, typeOfData): null

11-03-2025T04:06:47 - [TEST_STEP][PASSED] - delay(10): Delayed 10 second(s)

11-03-2025T04:06:57 - [MESSAGE][PASSED] - Delayed 10 second(s)

11-03-2025T04:06:57 - [TEST_STEP][PASSED] - if (verifyTextNotPresent("нет данных", false) == true): null

11-03-2025T04:06:57 - [MESSAGE][PASSED] - Text 'нет данных' is not present on page

11-03-2025T04:06:57 - [TEST_STEP][PASSED] - if (verifyTextNotPresent("Ошибка запроса данных", false) == true): null

11-03-2025T04:06:58 - [MESSAGE][PASSED] - Text 'Ошибка запроса данных' is not present on page

11-03-2025T04:06:58 - [TEST_STEP][PASSED] - if (verifyTextNotPresent("Произошла ошибка при выполнении пользовательского кода", false) == true): null

11-03-2025T04:06:58 - [MESSAGE][PASSED] - Text 'Произошла ошибка при выполнении пользовательского кода' is not present on page

11-03-2025T04:06:58 - [TEST_STEP][PASSED] - if (verifyTextNotPresent("У виджета нет данных", false) == true): null

11-03-2025T04:06:59 - [MESSAGE][PASSED] - Text 'У виджета нет данных' is not present on page

11-03-2025T04:06:59 - [TEST_STEP][PASSED] - if (verifyTextNotPresent("У виджета нет данных", false) == true): Text 'У виджета нет данных' is not present on page

11-03-2025T04:06:59 - [MESSAGE][PASSED] - Text 'У виджета нет данных' is not present on page

11-03-2025T04:06:59 - [TEST_STEP][PASSED] - click(findTestObject("Факторный анализ/Переключить отображение с месяца на филиал")): Object: 'Object Repository/Факторный анализ/Переключить отображение с месяца на филиал' is clicked on

11-03-2025T04:07:00 - [MESSAGE][PASSED] - Object: 'Object Repository/Факторный анализ/Переключить отображение с месяца на филиал' is clicked on

11-03-2025T04:07:00 - [TEST_STEP][PASSED] - click(findTestObject("Факторный анализ/Фильтр ДЗО")): Object: 'Object Repository/Факторный анализ/Фильтр ДЗО' is clicked on

11-03-2025T04:07:00 - [MESSAGE][PASSED] - Object: 'Object Repository/Факторный анализ/Фильтр ДЗО' is clicked on

11-03-2025T04:07:00 - [TEST_STEP][PASSED] - click(findTestObject("Факторный анализ/Снять выделение в фильтре ДЗО")): Object: 'Object Repository/Факторный анализ/Снять выделение в фильтре ДЗО' is clicked on

11-03-2025T04:07:00 - [MESSAGE][PASSED] - Object: 'Object Repository/Факторный анализ/Снять выделение в фильтре ДЗО' is clicked on

11-03-2025T04:07:00 - [TEST_STEP][PASSED] - click(findTestObject("Общие объекты/Развернуть элемент Магистральные сети")): Object: 'Object Repository/Общие объекты/Развернуть элемент Магистральные сети' is clicked on

11-03-2025T04:07:01 - [MESSAGE][PASSED] - Object: 'Object Repository/Общие объекты/Развернуть элемент Магистральные сети' is clicked on

11-03-2025T04:07:01 - [TEST_STEP][PASSED] - click(findTestObject("Факторный анализ/Россети ФСК ЕЭС")): Object: 'Object Repository/Факторный анализ/Россети ФСК ЕЭС' is clicked on

11-03-2025T04:07:02 - [MESSAGE][PASSED] - Object: 'Object Repository/Факторный анализ/Россети ФСК ЕЭС' is clicked on

11-03-2025T04:07:02 - [TEST_STEP][PASSED] - Script1687405718449.Change(todaysDate, typeOfData): null

11-03-2025T04:07:02 - [TEST_STEP][PASSED] - scrollToElement(findTestObject("Факторный анализ/Заголовок дашборда"), 30): Scroll to object 'Object Repository/Факторный анализ/Заголовок дашборда' successfully

11-03-2025T04:07:03 - [MESSAGE][PASSED] - Scroll to object 'Object Repository/Факторный анализ/Заголовок дашборда' successfully

11-03-2025T04:07:03 - [TEST_STEP][PASSED] - click(findTestObject("Факторный анализ/Применить в фильтре ДЗО")): Object: 'Object Repository/Факторный анализ/Применить в фильтре ДЗО' is clicked on

11-03-2025T04:07:03 - [MESSAGE][PASSED] - Object: 'Object Repository/Факторный анализ/Применить в фильтре ДЗО' is clicked on

11-03-2025T04:07:03 - [TEST_STEP][PASSED] - typeOfData = "Филиал": null

11-03-2025T04:07:03 - [TEST_STEP][PASSED] - Script1687405718449.Test(todaysDate, typeOfData): null

11-03-2025T04:07:03 - [TEST_STEP][PASSED] - delay(10): Delayed 10 second(s)

11-03-2025T04:07:13 - [MESSAGE][PASSED] - Delayed 10 second(s)

11-03-2025T04:07:13 - [TEST_STEP][PASSED] - if (verifyTextNotPresent("нет данных", false) == true): null

11-03-2025T04:07:14 - [MESSAGE][PASSED] - Text 'нет данных' is not present on page

11-03-2025T04:07:14 - [TEST_STEP][PASSED] - if (verifyTextNotPresent("Ошибка запроса данных", false) == true): null

11-03-2025T04:07:14 - [MESSAGE][PASSED] - Text 'Ошибка запроса данных' is not present on page

11-03-2025T04:07:14 - [TEST_STEP][PASSED] - if (verifyTextNotPresent("Произошла ошибка при выполнении пользовательского кода", false) == true): null

11-03-2025T04:07:14 - [MESSAGE][PASSED] - Text 'Произошла ошибка при выполнении пользовательского кода' is not present on page

11-03-2025T04:07:14 - [TEST_STEP][PASSED] - if (verifyTextNotPresent("У виджета нет данных", false) == true): null

11-03-2025T04:07:15 - [MESSAGE][PASSED] - Text 'У виджета нет данных' is not present on page

11-03-2025T04:07:15 - [TEST_STEP][PASSED] - if (verifyTextNotPresent("У виджета нет данных", false) == true): Text 'У виджета нет данных' is not present on page

11-03-2025T04:07:15 - [MESSAGE][PASSED] - Text 'У виджета нет данных' is not present on page

11-03-2025T04:07:15 - [TEST_STEP][PASSED] - click(findTestObject("Факторный анализ/Переключить отображение с филиала на месяц")): Object: 'Object Repository/Факторный анализ/Переключить отображение с филиала на месяц' is clicked on

11-03-2025T04:07:16 - [MESSAGE][PASSED] - Object: 'Object Repository/Факторный анализ/Переключить отображение с филиала на месяц' is clicked on

11-03-2025T04:07:16 - [TEST_STEP][PASSED] - typeOfData = "Месяц": null

11-03-2025T04:07:16 - [TEST_STEP][PASSED] - Script1687405718449.Test(todaysDate, typeOfData): null

11-03-2025T04:07:16 - [TEST_STEP][PASSED] - delay(10): Delayed 10 second(s)

11-03-2025T04:07:26 - [MESSAGE][PASSED] - Delayed 10 second(s)

11-03-2025T04:07:26 - [TEST_STEP][PASSED] - if (verifyTextNotPresent("нет данных", false) == true): null

11-03-2025T04:07:26 - [MESSAGE][PASSED] - Text 'нет данных' is not present on page

11-03-2025T04:07:26 - [TEST_STEP][PASSED] - if (verifyTextNotPresent("Ошибка запроса данных", false) == true): null

11-03-2025T04:07:27 - [MESSAGE][PASSED] - Text 'Ошибка запроса данных' is not present on page

11-03-2025T04:07:27 - [TEST_STEP][PASSED] - if (verifyTextNotPresent("Произошла ошибка при выполнении пользовательского кода", false) == true): null

11-03-2025T04:07:27 - [MESSAGE][PASSED] - Text 'Произошла ошибка при выполнении пользовательского кода' is not present on page

11-03-2025T04:07:27 - [TEST_STEP][PASSED] - if (verifyTextNotPresent("У виджета нет данных", false) == true): null

11-03-2025T04:07:28 - [MESSAGE][PASSED] - Text 'У виджета нет данных' is not present on page

11-03-2025T04:07:28 - [TEST_STEP][PASSED] - if (verifyTextNotPresent("У виджета нет данных", false) == true): Text 'У виджета нет данных' is not present on page

11-03-2025T04:07:28 - [MESSAGE][PASSED] - Text 'У виджета нет данных' is not present on page

11-03-2025T04:07:28 - [TEST_STEP][PASSED] - click(findTestObject("Факторный анализ/Переключить отображение с месяца на филиал")): Object: 'Object Repository/Факторный анализ/Переключить отображение с месяца на филиал' is clicked on

11-03-2025T04:07:28 - [MESSAGE][PASSED] - Object: 'Object Repository/Факторный анализ/Переключить отображение с месяца на филиал' is clicked on

11-03-2025T04:07:28 - [TEST_STEP][PASSED] - click(findTestObject("Факторный анализ/Фильтр ДЗО")): Object: 'Object Repository/Факторный анализ/Фильтр ДЗО' is clicked on

11-03-2025T04:07:29 - [MESSAGE][PASSED] - Object: 'Object Repository/Факторный анализ/Фильтр ДЗО' is clicked on

11-03-2025T04:07:29 - [TEST_STEP][PASSED] - click(findTestObject("Факторный анализ/Снять выделение в фильтре ДЗО")): Object: 'Object Repository/Факторный анализ/Снять выделение в фильтре ДЗО' is clicked on

11-03-2025T04:07:29 - [MESSAGE][PASSED] - Object: 'Object Repository/Факторный анализ/Снять выделение в фильтре ДЗО' is clicked on

11-03-2025T04:07:29 - [TEST_STEP][PASSED] - click(findTestObject("Общие объекты/Развернуть элемент Россети ФСК ЕЭС")): Object: 'Object Repository/Общие объекты/Развернуть элемент Россети ФСК ЕЭС' is clicked on

11-03-2025T04:07:30 - [MESSAGE][PASSED] - Object: 'Object Repository/Общие объекты/Развернуть элемент Россети ФСК ЕЭС' is clicked on

11-03-2025T04:07:30 - [TEST_STEP][PASSED] - click(findTestObject("Факторный анализ/Итого по ФСК ЕЭС")): Object: 'Object Repository/Факторный анализ/Итого по ФСК ЕЭС' is clicked on

11-03-2025T04:07:31 - [MESSAGE][PASSED] - Object: 'Object Repository/Факторный анализ/Итого по ФСК ЕЭС' is clicked on

11-03-2025T04:07:31 - [TEST_STEP][PASSED] - Script1687405718449.Change(todaysDate, typeOfData): null

11-03-2025T04:07:31 - [TEST_STEP][PASSED] - scrollToElement(findTestObject("Факторный анализ/Заголовок дашборда"), 30): Scroll to object 'Object Repository/Факторный анализ/Заголовок дашборда' successfully

11-03-2025T04:07:31 - [MESSAGE][PASSED] - Scroll to object 'Object Repository/Факторный анализ/Заголовок дашборда' successfully

11-03-2025T04:07:31 - [TEST_STEP][PASSED] - click(findTestObject("Факторный анализ/Применить в фильтре ДЗО")): Object: 'Object Repository/Факторный анализ/Применить в фильтре ДЗО' is clicked on

11-03-2025T04:07:32 - [MESSAGE][PASSED] - Object: 'Object Repository/Факторный анализ/Применить в фильтре ДЗО' is clicked on

11-03-2025T04:07:32 - [TEST_STEP][PASSED] - typeOfData = "Филиал": null

11-03-2025T04:07:32 - [TEST_STEP][PASSED] - Script1687405718449.Test(todaysDate, typeOfData): null

11-03-2025T04:07:32 - [TEST_STEP][PASSED] - delay(10): Delayed 10 second(s)

11-03-2025T04:07:42 - [MESSAGE][PASSED] - Delayed 10 second(s)

11-03-2025T04:07:42 - [TEST_STEP][PASSED] - if (verifyTextNotPresent("нет данных", false) == true): null

11-03-2025T04:07:42 - [MESSAGE][PASSED] - Text 'нет данных' is not present on page

11-03-2025T04:07:42 - [TEST_STEP][PASSED] - if (verifyTextNotPresent("Ошибка запроса данных", false) == true): null

11-03-2025T04:07:43 - [MESSAGE][PASSED] - Text 'Ошибка запроса данных' is not present on page

11-03-2025T04:07:43 - [TEST_STEP][PASSED] - if (verifyTextNotPresent("Произошла ошибка при выполнении пользовательского кода", false) == true): null

11-03-2025T04:07:43 - [MESSAGE][PASSED] - Text 'Произошла ошибка при выполнении пользовательского кода' is not present on page

11-03-2025T04:07:43 - [TEST_STEP][PASSED] - if (verifyTextNotPresent("У виджета нет данных", false) == true): null

11-03-2025T04:07:44 - [MESSAGE][PASSED] - Text 'У виджета нет данных' is not present on page

11-03-2025T04:07:44 - [TEST_STEP][PASSED] - if (verifyTextNotPresent("У виджета нет данных", false) == true): Text 'У виджета нет данных' is not present on page

11-03-2025T04:07:44 - [MESSAGE][PASSED] - Text 'У виджета нет данных' is not present on page

11-03-2025T04:07:44 - [TEST_STEP][PASSED] - click(findTestObject("Факторный анализ/Переключить отображение с филиала на месяц")): Object: 'Object Repository/Факторный анализ/Переключить отображение с филиала на месяц' is clicked on

11-03-2025T04:07:44 - [MESSAGE][PASSED] - Object: 'Object Repository/Факторный анализ/Переключить отображение с филиала на месяц' is clicked on

11-03-2025T04:07:44 - [TEST_STEP][PASSED] - typeOfData = "Месяц": null

11-03-2025T04:07:44 - [TEST_STEP][PASSED] - Script1687405718449.Test(todaysDate, typeOfData): null

11-03-2025T04:07:44 - [TEST_STEP][PASSED] - delay(10): Delayed 10 second(s)

11-03-2025T04:07:54 - [MESSAGE][PASSED] - Delayed 10 second(s)

11-03-2025T04:07:54 - [TEST_STEP][PASSED] - if (verifyTextNotPresent("нет данных", false) == true): null

11-03-2025T04:07:55 - [MESSAGE][PASSED] - Text 'нет данных' is not present on page

11-03-2025T04:07:55 - [TEST_STEP][PASSED] - if (verifyTextNotPresent("Ошибка запроса данных", false) == true): null

11-03-2025T04:07:55 - [MESSAGE][PASSED] - Text 'Ошибка запроса данных' is not present on page

11-03-2025T04:07:55 - [TEST_STEP][PASSED] - if (verifyTextNotPresent("Произошла ошибка при выполнении пользовательского кода", false) == true): null

11-03-2025T04:07:56 - [MESSAGE][PASSED] - Text 'Произошла ошибка при выполнении пользовательского кода' is not present on page

11-03-2025T04:07:56 - [TEST_STEP][PASSED] - if (verifyTextNotPresent("У виджета нет данных", false) == true): null

11-03-2025T04:07:56 - [MESSAGE][PASSED] - Text 'У виджета нет данных' is not present on page

11-03-2025T04:07:56 - [TEST_STEP][PASSED] - if (verifyTextNotPresent("У виджета нет данных", false) == true): Text 'У виджета нет данных' is not present on page

11-03-2025T04:07:57 - [MESSAGE][PASSED] - Text 'У виджета нет данных' is not present on page

11-03-2025T04:07:57 - [TEST_STEP][PASSED] - click(findTestObject("Факторный анализ/Переключить отображение с месяца на филиал")): Object: 'Object Repository/Факторный анализ/Переключить отображение с месяца на филиал' is clicked on

11-03-2025T04:07:57 - [MESSAGE][PASSED] - Object: 'Object Repository/Факторный анализ/Переключить отображение с месяца на филиал' is clicked on

11-03-2025T04:07:57 - [TEST_STEP][PASSED] - click(findTestObject("Факторный анализ/Фильтр ДЗО")): Object: 'Object Repository/Факторный анализ/Фильтр ДЗО' is clicked on

11-03-2025T04:07:57 - [MESSAGE][PASSED] - Object: 'Object Repository/Факторный анализ/Фильтр ДЗО' is clicked on

11-03-2025T04:07:57 - [TEST_STEP][PASSED] - click(findTestObject("Факторный анализ/Снять выделение в фильтре ДЗО")): Object: 'Object Repository/Факторный анализ/Снять выделение в фильтре ДЗО' is clicked on

11-03-2025T04:07:58 - [MESSAGE][PASSED] - Object: 'Object Repository/Факторный анализ/Снять выделение в фильтре ДЗО' is clicked on

11-03-2025T04:07:58 - [TEST_STEP][PASSED] - click(findTestObject("Общие объекты/Развернуть элемент Магистральные сети")): Object: 'Object Repository/Общие объекты/Развернуть элемент Магистральные сети' is clicked on

11-03-2025T04:07:58 - [MESSAGE][PASSED] - Object: 'Object Repository/Общие объекты/Развернуть элемент Магистральные сети' is clicked on

11-03-2025T04:07:58 - [TEST_STEP][PASSED] - click(findTestObject("Факторный анализ/РаспредКомплекс")): Object: 'Object Repository/Факторный анализ/РаспредКомплекс' is clicked on

11-03-2025T04:07:59 - [MESSAGE][PASSED] - Object: 'Object Repository/Факторный анализ/РаспредКомплекс' is clicked on

11-03-2025T04:07:59 - [TEST_STEP][PASSED] - Script1687405718449.Change(todaysDate, typeOfData): null

11-03-2025T04:07:59 - [TEST_STEP][PASSED] - scrollToElement(findTestObject("Факторный анализ/Заголовок дашборда"), 30): Scroll to object 'Object Repository/Факторный анализ/Заголовок дашборда' successfully

11-03-2025T04:07:59 - [MESSAGE][PASSED] - Scroll to object 'Object Repository/Факторный анализ/Заголовок дашборда' successfully

11-03-2025T04:07:59 - [TEST_STEP][PASSED] - click(findTestObject("Факторный анализ/Применить в фильтре ДЗО")): Object: 'Object Repository/Факторный анализ/Применить в фильтре ДЗО' is clicked on

11-03-2025T04:07:59 - [MESSAGE][PASSED] - Object: 'Object Repository/Факторный анализ/Применить в фильтре ДЗО' is clicked on

11-03-2025T04:07:59 - [TEST_STEP][PASSED] - typeOfData = "Филиал": null

11-03-2025T04:07:59 - [TEST_STEP][PASSED] - Script1687405718449.Test(todaysDate, typeOfData): null

11-03-2025T04:07:59 - [TEST_STEP][PASSED] - delay(10): Delayed 10 second(s)

11-03-2025T04:08:09 - [MESSAGE][PASSED] - Delayed 10 second(s)

11-03-2025T04:08:09 - [TEST_STEP][PASSED] - if (verifyTextNotPresent("нет данных", false) == true): null

11-03-2025T04:08:10 - [MESSAGE][PASSED] - Text 'нет данных' is not present on page

11-03-2025T04:08:10 - [TEST_STEP][PASSED] - if (verifyTextNotPresent("Ошибка запроса данных", false) == true): null

11-03-2025T04:08:11 - [MESSAGE][PASSED] - Text 'Ошибка запроса данных' is not present on page

11-03-2025T04:08:11 - [TEST_STEP][PASSED] - if (verifyTextNotPresent("Произошла ошибка при выполнении пользовательского кода", false) == true): null

11-03-2025T04:08:11 - [MESSAGE][PASSED] - Text 'Произошла ошибка при выполнении пользовательского кода' is not present on page

11-03-2025T04:08:11 - [TEST_STEP][PASSED] - if (verifyTextNotPresent("У виджета нет данных", false) == true): null

11-03-2025T04:08:12 - [MESSAGE][PASSED] - Text 'У виджета нет данных' is not present on page

11-03-2025T04:08:12 - [TEST_STEP][PASSED] - if (verifyTextNotPresent("У виджета нет данных", false) == true): Text 'У виджета нет данных' is not present on page

11-03-2025T04:08:12 - [MESSAGE][PASSED] - Text 'У виджета нет данных' is not present on page

11-03-2025T04:08:12 - [TEST_STEP][PASSED] - click(findTestObject("Факторный анализ/Переключить отображение с филиала на месяц")): Object: 'Object Repository/Факторный анализ/Переключить отображение с филиала на месяц' is clicked on

11-03-2025T04:08:12 - [MESSAGE][PASSED] - Object: 'Object Repository/Факторный анализ/Переключить отображение с филиала на месяц' is clicked on

11-03-2025T04:08:12 - [TEST_STEP][PASSED] - typeOfData = "Месяц": null

11-03-2025T04:08:12 - [TEST_STEP][PASSED] - Script1687405718449.Test(todaysDate, typeOfData): null

11-03-2025T04:08:12 - [TEST_STEP][PASSED] - delay(10): Delayed 10 second(s)

11-03-2025T04:08:22 - [MESSAGE][PASSED] - Delayed 10 second(s)

11-03-2025T04:08:22 - [TEST_STEP][PASSED] - if (verifyTextNotPresent("нет данных", false) == true): null

11-03-2025T04:08:23 - [MESSAGE][PASSED] - Text 'нет данных' is not present on page

11-03-2025T04:08:23 - [TEST_STEP][PASSED] - if (verifyTextNotPresent("Ошибка запроса данных", false) == true): null

11-03-2025T04:08:23 - [MESSAGE][PASSED] - Text 'Ошибка запроса данных' is not present on page

11-03-2025T04:08:23 - [TEST_STEP][PASSED] - if (verifyTextNotPresent("Произошла ошибка при выполнении пользовательского кода", false) == true): null

11-03-2025T04:08:24 - [MESSAGE][PASSED] - Text 'Произошла ошибка при выполнении пользовательского кода' is not present on page

11-03-2025T04:08:24 - [TEST_STEP][PASSED] - if (verifyTextNotPresent("У виджета нет данных", false) == true): null

11-03-2025T04:08:24 - [MESSAGE][PASSED] - Text 'У виджета нет данных' is not present on page

11-03-2025T04:08:24 - [TEST_STEP][PASSED] - if (verifyTextNotPresent("У виджета нет данных", false) == true): Text 'У виджета нет данных' is not present on page

11-03-2025T04:08:25 - [MESSAGE][PASSED] - Text 'У виджета нет данных' is not present on page

11-03-2025T04:08:25 - [TEST_STEP][PASSED] - click(findTestObject("Факторный анализ/Переключить отображение с месяца на филиал")): Object: 'Object Repository/Факторный анализ/Переключить отображение с месяца на филиал' is clicked on

11-03-2025T04:08:25 - [MESSAGE][PASSED] - Object: 'Object Repository/Факторный анализ/Переключить отображение с месяца на филиал' is clicked on

11-03-2025T04:08:25 - [TEST_STEP][PASSED] - click(findTestObject("Факторный анализ/Фильтр ДЗО")): Object: 'Object Repository/Факторный анализ/Фильтр ДЗО' is clicked on

11-03-2025T04:08:26 - [MESSAGE][PASSED] - Object: 'Object Repository/Факторный анализ/Фильтр ДЗО' is clicked on

11-03-2025T04:08:26 - [TEST_STEP][PASSED] - click(findTestObject("Факторный анализ/Снять выделение в фильтре ДЗО")): Object: 'Object Repository/Факторный анализ/Снять выделение в фильтре ДЗО' is clicked on

11-03-2025T04:08:26 - [MESSAGE][PASSED] - Object: 'Object Repository/Факторный анализ/Снять выделение в фильтре ДЗО' is clicked on

11-03-2025T04:08:26 - [TEST_STEP][PASSED] - click(findTestObject("Общие объекты/Раскрыть список РаспредКомплекс")): Object: 'Object Repository/Общие объекты/Раскрыть список РаспредКомплекс' is clicked on

11-03-2025T04:08:26 - [MESSAGE][PASSED] - Object: 'Object Repository/Общие объекты/Раскрыть список РаспредКомплекс' is clicked on

11-03-2025T04:08:26 - [TEST_STEP][PASSED] - click(findTestObject("Общие объекты/Раскрыть список РаспредКомплекс")): Object: 'Object Repository/Общие объекты/Раскрыть список РаспредКомплекс' is clicked on

11-03-2025T04:08:27 - [MESSAGE][PASSED] - Object: 'Object Repository/Общие объекты/Раскрыть список РаспредКомплекс' is clicked on

11-03-2025T04:08:27 - [TEST_STEP][PASSED] - scrollToElement(findTestObject("Факторный анализ/АО Тываэнерго"), 30): Scroll to object 'Object Repository/Факторный анализ/АО Тываэнерго' successfully

11-03-2025T04:08:28 - [MESSAGE][PASSED] - Scroll to object 'Object Repository/Факторный анализ/АО Тываэнерго' successfully

11-03-2025T04:08:28 - [TEST_STEP][PASSED] - click(findTestObject("Факторный анализ/АО Тываэнерго")): Object: 'Object Repository/Факторный анализ/АО Тываэнерго' is clicked on

11-03-2025T04:08:28 - [MESSAGE][PASSED] - Object: 'Object Repository/Факторный анализ/АО Тываэнерго' is clicked on

11-03-2025T04:08:28 - [TEST_STEP][PASSED] - Script1687405718449.Change(todaysDate, typeOfData): null

11-03-2025T04:08:28 - [TEST_STEP][PASSED] - scrollToElement(findTestObject("Факторный анализ/Заголовок дашборда"), 30): Scroll to object 'Object Repository/Факторный анализ/Заголовок дашборда' successfully

11-03-2025T04:08:28 - [MESSAGE][PASSED] - Scroll to object 'Object Repository/Факторный анализ/Заголовок дашборда' successfully

11-03-2025T04:08:28 - [TEST_STEP][PASSED] - click(findTestObject("Факторный анализ/Применить в фильтре ДЗО")): Object: 'Object Repository/Факторный анализ/Применить в фильтре ДЗО' is clicked on

11-03-2025T04:08:29 - [MESSAGE][PASSED] - Object: 'Object Repository/Факторный анализ/Применить в фильтре ДЗО' is clicked on

11-03-2025T04:08:29 - [TEST_STEP][PASSED] - typeOfData = "Филиал": null

11-03-2025T04:08:29 - [TEST_STEP][PASSED] - Script1687405718449.Test(todaysDate, typeOfData): null

11-03-2025T04:08:29 - [TEST_STEP][PASSED] - delay(10): Delayed 10 second(s)

11-03-2025T04:08:39 - [MESSAGE][PASSED] - Delayed 10 second(s)

11-03-2025T04:08:39 - [TEST_STEP][PASSED] - if (verifyTextNotPresent("нет данных", false) == true): null

11-03-2025T04:08:39 - [MESSAGE][PASSED] - Text 'нет данных' is not present on page

11-03-2025T04:08:39 - [TEST_STEP][PASSED] - if (verifyTextNotPresent("Ошибка запроса данных", false) == true): null

11-03-2025T04:08:40 - [MESSAGE][PASSED] - Text 'Ошибка запроса данных' is not present on page

11-03-2025T04:08:40 - [TEST_STEP][PASSED] - if (verifyTextNotPresent("Произошла ошибка при выполнении пользовательского кода", false) == true): null

11-03-2025T04:08:40 - [MESSAGE][PASSED] - Text 'Произошла ошибка при выполнении пользовательского кода' is not present on page

11-03-2025T04:08:40 - [TEST_STEP][PASSED] - if (verifyTextNotPresent("У виджета нет данных", false) == true): null

11-03-2025T04:08:41 - [MESSAGE][PASSED] - Text 'У виджета нет данных' is not present on page

11-03-2025T04:08:41 - [TEST_STEP][PASSED] - if (verifyTextNotPresent("У виджета нет данных", false) == true): Text 'У виджета нет данных' is not present on page

11-03-2025T04:08:41 - [MESSAGE][PASSED] - Text 'У виджета нет данных' is not present on page

11-03-2025T04:08:41 - [TEST_STEP][PASSED] - click(findTestObject("Факторный анализ/Переключить отображение с филиала на месяц")): Object: 'Object Repository/Факторный анализ/Переключить отображение с филиала на месяц' is clicked on

11-03-2025T04:08:41 - [MESSAGE][PASSED] - Object: 'Object Repository/Факторный анализ/Переключить отображение с филиала на месяц' is clicked on

11-03-2025T04:08:41 - [TEST_STEP][PASSED] - typeOfData = "Месяц": null

11-03-2025T04:08:41 - [TEST_STEP][PASSED] - Script1687405718449.Test(todaysDate, typeOfData): null

11-03-2025T04:08:41 - [TEST_STEP][PASSED] - delay(10): Delayed 10 second(s)

11-03-2025T04:08:51 - [MESSAGE][PASSED] - Delayed 10 second(s)

11-03-2025T04:08:51 - [TEST_STEP][FAILED] - if (verifyTextNotPresent("нет данных", false) == true): Text 'нет данных' is present on page  (Root cause: com.kms.katalon.core.exception.StepFailedException: Text 'нет данных' is present on page 
	at com.kms.katalon.core.webui.keyword.internal.WebUIKeywordMain.stepFailed(WebUIKeywordMain.groovy:64)
	at com.kms.katalon.core.webui.keyword.builtin.VerifyTextNotPresentKeyword$_verifyTextNotPresent_closure1.doCall(VerifyTextNotPresentKeyword.groovy:77)
	at com.kms.katalon.core.webui.keyword.builtin.VerifyTextNotPresentKeyword$_verifyTextNotPresent_closure1.call(VerifyTextNotPresentKeyword.groovy)
	at com.kms.katalon.core.webui.keyword.internal.WebUIKeywordMain.runKeyword(WebUIKeywordMain.groovy:20)
	at com.kms.katalon.core.webui.keyword.builtin.VerifyTextNotPresentKeyword.verifyTextNotPresent(VerifyTextNotPresentKeyword.groovy:82)
	at com.kms.katalon.core.webui.keyword.builtin.VerifyTextNotPresentKeyword.execute(VerifyTextNotPresentKeyword.groovy:68)
	at com.kms.katalon.core.keyword.internal.KeywordExecutor.executeKeywordForPlatform(KeywordExecutor.groovy:74)
	at com.kms.katalon.core.webui.keyword.WebUiBuiltInKeywords.verifyTextNotPresent(WebUiBuiltInKeywords.groovy:1795)
	at Факторный анализ отображение данных все филиалы.Test(Факторный анализ отображение данных все филиалы:789)
	at Факторный анализ отображение данных все филиалы.Change(Факторный анализ отображение данных все филиалы:775)
	at Факторный анализ отображение данных все филиалы.run(Факторный анализ отображение данных все филиалы:168)
	at com.kms.katalon.core.main.ScriptEngine.run(ScriptEngine.java:194)
	at com.kms.katalon.core.main.ScriptEngine.runScriptAsRawText(ScriptEngine.java:119)
	at com.kms.katalon.core.main.TestCaseExecutor.runScript(TestCaseExecutor.java:448)
	at com.kms.katalon.core.main.TestCaseExecutor.doExecute(TestCaseExecutor.java:439)
	at com.kms.katalon.core.main.TestCaseExecutor.processExecutionPhase(TestCaseExecutor.java:418)
	at com.kms.katalon.core.main.TestCaseExecutor.accessMainPhase(TestCaseExecutor.java:410)
	at com.kms.katalon.core.main.TestCaseExecutor.execute(TestCaseExecutor.java:285)
	at com.kms.katalon.core.common.CommonExecutor.accessTestCaseMainPhase(CommonExecutor.java:65)
	at com.kms.katalon.core.main.TestSuiteExecutor.accessTestSuiteMainPhase(TestSuiteExecutor.java:150)
	at com.kms.katalon.core.main.TestSuiteExecutor.execute(TestSuiteExecutor.java:106)
	at com.kms.katalon.core.main.TestCaseMain.startTestSuite(TestCaseMain.java:180)
	at TempTestSuite1741649958618.run(TempTestSuite1741649958618.groovy:35)
	at java.base/jdk.internal.reflect.NativeMethodAccessorImpl.invoke0(Native Method)
	at java.base/jdk.internal.reflect.NativeMethodAccessorImpl.invoke(NativeMethodAccessorImpl.java:77)
	at java.base/jdk.internal.reflect.DelegatingMethodAccessorImpl.invoke(DelegatingMethodAccessorImpl.java:43)
)

11-03-2025T04:08:52 - [MESSAGE][FAILED] - Text 'нет данных' is present on page  (Root cause: com.kms.katalon.core.exception.StepFailedException: Text 'нет данных' is present on page 
	at com.kms.katalon.core.webui.keyword.internal.WebUIKeywordMain.stepFailed(WebUIKeywordMain.groovy:64)
	at com.kms.katalon.core.webui.keyword.builtin.VerifyTextNotPresentKeyword$_verifyTextNotPresent_closure1.doCall(VerifyTextNotPresentKeyword.groovy:77)
	at com.kms.katalon.core.webui.keyword.builtin.VerifyTextNotPresentKeyword$_verifyTextNotPresent_closure1.call(VerifyTextNotPresentKeyword.groovy)
	at com.kms.katalon.core.webui.keyword.internal.WebUIKeywordMain.runKeyword(WebUIKeywordMain.groovy:20)
	at com.kms.katalon.core.webui.keyword.builtin.VerifyTextNotPresentKeyword.verifyTextNotPresent(VerifyTextNotPresentKeyword.groovy:82)
	at com.kms.katalon.core.webui.keyword.builtin.VerifyTextNotPresentKeyword.execute(VerifyTextNotPresentKeyword.groovy:68)
	at com.kms.katalon.core.keyword.internal.KeywordExecutor.executeKeywordForPlatform(KeywordExecutor.groovy:74)
	at com.kms.katalon.core.webui.keyword.WebUiBuiltInKeywords.verifyTextNotPresent(WebUiBuiltInKeywords.groovy:1795)
	at Факторный анализ отображение данных все филиалы.Test(Факторный анализ отображение данных все филиалы:789)
	at Факторный анализ отображение данных все филиалы.Change(Факторный анализ отображение данных все филиалы:775)
	at Факторный анализ отображение данных все филиалы.run(Факторный анализ отображение данных все филиалы:168)
	at com.kms.katalon.core.main.ScriptEngine.run(ScriptEngine.java:194)
	at com.kms.katalon.core.main.ScriptEngine.runScriptAsRawText(ScriptEngine.java:119)
	at com.kms.katalon.core.main.TestCaseExecutor.runScript(TestCaseExecutor.java:448)
	at com.kms.katalon.core.main.TestCaseExecutor.doExecute(TestCaseExecutor.java:439)
	at com.kms.katalon.core.main.TestCaseExecutor.processExecutionPhase(TestCaseExecutor.java:418)
	at com.kms.katalon.core.main.TestCaseExecutor.accessMainPhase(TestCaseExecutor.java:410)
	at com.kms.katalon.core.main.TestCaseExecutor.execute(TestCaseExecutor.java:285)
	at com.kms.katalon.core.common.CommonExecutor.accessTestCaseMainPhase(CommonExecutor.java:65)
	at com.kms.katalon.core.main.TestSuiteExecutor.accessTestSuiteMainPhase(TestSuiteExecutor.java:150)
	at com.kms.katalon.core.main.TestSuiteExecutor.execute(TestSuiteExecutor.java:106)
	at com.kms.katalon.core.main.TestCaseMain.startTestSuite(TestCaseMain.java:180)
	at TempTestSuite1741649958618.run(TempTestSuite1741649958618.groovy:35)
	at java.base/jdk.internal.reflect.NativeMethodAccessorImpl.invoke0(Native Method)
	at java.base/jdk.internal.reflect.NativeMethodAccessorImpl.invoke(NativeMethodAccessorImpl.java:77)
	at java.base/jdk.internal.reflect.DelegatingMethodAccessorImpl.invoke(DelegatingMethodAccessorImpl.java:43)
)

11-03-2025T04:08:52 - [TEST_STEP][PASSED] - else: null

11-03-2025T04:08:52 - [TEST_STEP][PASSED] - Script1687405718449.WriteToExcel(todaysDate, typeOfData): null

11-03-2025T04:08:52 - [TEST_STEP][PASSED] - sheetName = "Sheet1": null

11-03-2025T04:08:52 - [TEST_STEP][PASSED] - data = findTestData("PlanFact"): null

11-03-2025T04:08:52 - [TEST_STEP][PASSED] - n = data.getRowNumbers() + 1: null

11-03-2025T04:08:52 - [TEST_STEP][PASSED] - dZO = getText(findTestObject("Факторный анализ/Фильтр ДЗО")): Text of object 'Object Repository/Факторный анализ/Фильтр ДЗО' is: 'ПАО Россети - РаспредКомплекс - АО «Тываэнерго»'

11-03-2025T04:08:52 - [MESSAGE][PASSED] - Text of object 'Object Repository/Факторный анализ/Фильтр ДЗО' is: 'ПАО Россети - РаспредКомплекс - АО «Тываэнерго»'

11-03-2025T04:08:52 - [TEST_STEP][PASSED] - period = getText(findTestObject("Факторный анализ/Фильтр Период")): Text of object 'Object Repository/Факторный анализ/Фильтр Период' is: 'Январь 2025 года'

11-03-2025T04:08:53 - [MESSAGE][PASSED] - Text of object 'Object Repository/Факторный анализ/Фильтр Период' is: 'Январь 2025 года'

11-03-2025T04:08:53 - [TEST_STEP][PASSED] - println(period): null

11-03-2025T04:08:53 - [TEST_STEP][PASSED] - dashboardName = "Факторный анализ": null

11-03-2025T04:08:53 - [TEST_STEP][PASSED] - workbook01 = getWorkbook(excelFilePath): null

11-03-2025T04:08:53 - [TEST_STEP][PASSED] - sheet01 = getExcelSheet(workbook01, sheetName): null

11-03-2025T04:08:53 - [TEST_STEP][PASSED] - setValueToCellByIndex(sheet01, n, 0, dashboardName): null

11-03-2025T04:08:53 - [TEST_STEP][PASSED] - setValueToCellByIndex(sheet01, n, 1, dZO): null

11-03-2025T04:08:53 - [TEST_STEP][PASSED] - setValueToCellByIndex(sheet01, n, 2, period): null

11-03-2025T04:08:53 - [TEST_STEP][PASSED] - setValueToCellByIndex(sheet01, n, 3, typeOfData): null

11-03-2025T04:08:53 - [TEST_STEP][PASSED] - setValueToCellByIndex(sheet01, n, 4, todaysDate): null

11-03-2025T04:08:53 - [TEST_STEP][PASSED] - n = n + 1: null

11-03-2025T04:08:53 - [TEST_STEP][PASSED] - saveWorkbook(excelFilePath, workbook01): null

11-03-2025T04:08:53 - [TEST_STEP][PASSED] - click(findTestObject("Факторный анализ/Переключить отображение с месяца на филиал")): Object: 'Object Repository/Факторный анализ/Переключить отображение с месяца на филиал' is clicked on

11-03-2025T04:08:53 - [MESSAGE][PASSED] - Object: 'Object Repository/Факторный анализ/Переключить отображение с месяца на филиал' is clicked on

11-03-2025T04:08:53 - [TEST_STEP][PASSED] - click(findTestObject("Факторный анализ/Фильтр ДЗО")): Object: 'Object Repository/Факторный анализ/Фильтр ДЗО' is clicked on

11-03-2025T04:08:53 - [MESSAGE][PASSED] - Object: 'Object Repository/Факторный анализ/Фильтр ДЗО' is clicked on

11-03-2025T04:08:53 - [TEST_STEP][PASSED] - click(findTestObject("Факторный анализ/Снять выделение в фильтре ДЗО")): Object: 'Object Repository/Факторный анализ/Снять выделение в фильтре ДЗО' is clicked on

11-03-2025T04:08:54 - [MESSAGE][PASSED] - Object: 'Object Repository/Факторный анализ/Снять выделение в фильтре ДЗО' is clicked on

11-03-2025T04:08:54 - [TEST_STEP][PASSED] - scrollToElement(findTestObject("Общие объекты/Раскрыть список Тываэнерго"), 30): Scroll to object 'Object Repository/Общие объекты/Раскрыть список Тываэнерго' successfully

11-03-2025T04:08:54 - [MESSAGE][PASSED] - Scroll to object 'Object Repository/Общие объекты/Раскрыть список Тываэнерго' successfully

11-03-2025T04:08:54 - [TEST_STEP][PASSED] - click(findTestObject("Общие объекты/Раскрыть список Тываэнерго"), CONTINUE_ON_FAILURE): Object: 'Object Repository/Общие объекты/Раскрыть список Тываэнерго' is clicked on

11-03-2025T04:08:55 - [MESSAGE][PASSED] - Object: 'Object Repository/Общие объекты/Раскрыть список Тываэнерго' is clicked on

11-03-2025T04:08:55 - [TEST_STEP][PASSED] - click(findTestObject("Факторный анализ/Тываэнерго нижний уровень"), CONTINUE_ON_FAILURE): Object: 'Object Repository/Факторный анализ/Тываэнерго нижний уровень' is clicked on

11-03-2025T04:08:56 - [MESSAGE][PASSED] - Object: 'Object Repository/Факторный анализ/Тываэнерго нижний уровень' is clicked on

11-03-2025T04:08:56 - [TEST_STEP][PASSED] - Script1687405718449.Change(todaysDate, typeOfData): null

11-03-2025T04:08:56 - [TEST_STEP][PASSED] - scrollToElement(findTestObject("Факторный анализ/Заголовок дашборда"), 30): Scroll to object 'Object Repository/Факторный анализ/Заголовок дашборда' successfully

11-03-2025T04:08:56 - [MESSAGE][PASSED] - Scroll to object 'Object Repository/Факторный анализ/Заголовок дашборда' successfully

11-03-2025T04:08:56 - [TEST_STEP][PASSED] - click(findTestObject("Факторный анализ/Применить в фильтре ДЗО")): Object: 'Object Repository/Факторный анализ/Применить в фильтре ДЗО' is clicked on

11-03-2025T04:08:57 - [MESSAGE][PASSED] - Object: 'Object Repository/Факторный анализ/Применить в фильтре ДЗО' is clicked on

11-03-2025T04:08:57 - [TEST_STEP][PASSED] - typeOfData = "Филиал": null

11-03-2025T04:08:57 - [TEST_STEP][PASSED] - Script1687405718449.Test(todaysDate, typeOfData): null

11-03-2025T04:08:57 - [TEST_STEP][PASSED] - delay(10): Delayed 10 second(s)

11-03-2025T04:09:07 - [MESSAGE][PASSED] - Delayed 10 second(s)

11-03-2025T04:09:07 - [TEST_STEP][PASSED] - if (verifyTextNotPresent("нет данных", false) == true): null

11-03-2025T04:09:07 - [MESSAGE][PASSED] - Text 'нет данных' is not present on page

11-03-2025T04:09:07 - [TEST_STEP][PASSED] - if (verifyTextNotPresent("Ошибка запроса данных", false) == true): null

11-03-2025T04:09:07 - [MESSAGE][PASSED] - Text 'Ошибка запроса данных' is not present on page

11-03-2025T04:09:07 - [TEST_STEP][PASSED] - if (verifyTextNotPresent("Произошла ошибка при выполнении пользовательского кода", false) == true): null

11-03-2025T04:09:08 - [MESSAGE][PASSED] - Text 'Произошла ошибка при выполнении пользовательского кода' is not present on page

11-03-2025T04:09:08 - [TEST_STEP][PASSED] - if (verifyTextNotPresent("У виджета нет данных", false) == true): null

11-03-2025T04:09:08 - [MESSAGE][PASSED] - Text 'У виджета нет данных' is not present on page

11-03-2025T04:09:08 - [TEST_STEP][PASSED] - if (verifyTextNotPresent("У виджета нет данных", false) == true): Text 'У виджета нет данных' is not present on page

11-03-2025T04:09:09 - [MESSAGE][PASSED] - Text 'У виджета нет данных' is not present on page

11-03-2025T04:09:09 - [TEST_STEP][PASSED] - click(findTestObject("Факторный анализ/Переключить отображение с филиала на месяц")): Object: 'Object Repository/Факторный анализ/Переключить отображение с филиала на месяц' is clicked on

11-03-2025T04:09:09 - [MESSAGE][PASSED] - Object: 'Object Repository/Факторный анализ/Переключить отображение с филиала на месяц' is clicked on

11-03-2025T04:09:09 - [TEST_STEP][PASSED] - typeOfData = "Месяц": null

11-03-2025T04:09:09 - [TEST_STEP][PASSED] - Script1687405718449.Test(todaysDate, typeOfData): null

11-03-2025T04:09:09 - [TEST_STEP][PASSED] - delay(10): Delayed 10 second(s)

11-03-2025T04:09:19 - [MESSAGE][PASSED] - Delayed 10 second(s)

11-03-2025T04:09:19 - [TEST_STEP][FAILED] - if (verifyTextNotPresent("нет данных", false) == true): Text 'нет данных' is present on page  (Root cause: com.kms.katalon.core.exception.StepFailedException: Text 'нет данных' is present on page 
	at com.kms.katalon.core.webui.keyword.internal.WebUIKeywordMain.stepFailed(WebUIKeywordMain.groovy:64)
	at com.kms.katalon.core.webui.keyword.builtin.VerifyTextNotPresentKeyword$_verifyTextNotPresent_closure1.doCall(VerifyTextNotPresentKeyword.groovy:77)
	at com.kms.katalon.core.webui.keyword.builtin.VerifyTextNotPresentKeyword$_verifyTextNotPresent_closure1.call(VerifyTextNotPresentKeyword.groovy)
	at com.kms.katalon.core.webui.keyword.internal.WebUIKeywordMain.runKeyword(WebUIKeywordMain.groovy:20)
	at com.kms.katalon.core.webui.keyword.builtin.VerifyTextNotPresentKeyword.verifyTextNotPresent(VerifyTextNotPresentKeyword.groovy:82)
	at com.kms.katalon.core.webui.keyword.builtin.VerifyTextNotPresentKeyword.execute(VerifyTextNotPresentKeyword.groovy:68)
	at com.kms.katalon.core.keyword.internal.KeywordExecutor.executeKeywordForPlatform(KeywordExecutor.groovy:74)
	at com.kms.katalon.core.webui.keyword.WebUiBuiltInKeywords.verifyTextNotPresent(WebUiBuiltInKeywords.groovy:1795)
	at Факторный анализ отображение данных все филиалы.Test(Факторный анализ отображение данных все филиалы:789)
	at Факторный анализ отображение данных все филиалы.Change(Факторный анализ отображение данных все филиалы:775)
	at Факторный анализ отображение данных все филиалы.run(Факторный анализ отображение данных все филиалы:176)
	at com.kms.katalon.core.main.ScriptEngine.run(ScriptEngine.java:194)
	at com.kms.katalon.core.main.ScriptEngine.runScriptAsRawText(ScriptEngine.java:119)
	at com.kms.katalon.core.main.TestCaseExecutor.runScript(TestCaseExecutor.java:448)
	at com.kms.katalon.core.main.TestCaseExecutor.doExecute(TestCaseExecutor.java:439)
	at com.kms.katalon.core.main.TestCaseExecutor.processExecutionPhase(TestCaseExecutor.java:418)
	at com.kms.katalon.core.main.TestCaseExecutor.accessMainPhase(TestCaseExecutor.java:410)
	at com.kms.katalon.core.main.TestCaseExecutor.execute(TestCaseExecutor.java:285)
	at com.kms.katalon.core.common.CommonExecutor.accessTestCaseMainPhase(CommonExecutor.java:65)
	at com.kms.katalon.core.main.TestSuiteExecutor.accessTestSuiteMainPhase(TestSuiteExecutor.java:150)
	at com.kms.katalon.core.main.TestSuiteExecutor.execute(TestSuiteExecutor.java:106)
	at com.kms.katalon.core.main.TestCaseMain.startTestSuite(TestCaseMain.java:180)
	at TempTestSuite1741649958618.run(TempTestSuite1741649958618.groovy:35)
	at java.base/jdk.internal.reflect.NativeMethodAccessorImpl.invoke0(Native Method)
	at java.base/jdk.internal.reflect.NativeMethodAccessorImpl.invoke(NativeMethodAccessorImpl.java:77)
	at java.base/jdk.internal.reflect.DelegatingMethodAccessorImpl.invoke(DelegatingMethodAccessorImpl.java:43)
)

11-03-2025T04:09:19 - [MESSAGE][FAILED] - Text 'нет данных' is present on page  (Root cause: com.kms.katalon.core.exception.StepFailedException: Text 'нет данных' is present on page 
	at com.kms.katalon.core.webui.keyword.internal.WebUIKeywordMain.stepFailed(WebUIKeywordMain.groovy:64)
	at com.kms.katalon.core.webui.keyword.builtin.VerifyTextNotPresentKeyword$_verifyTextNotPresent_closure1.doCall(VerifyTextNotPresentKeyword.groovy:77)
	at com.kms.katalon.core.webui.keyword.builtin.VerifyTextNotPresentKeyword$_verifyTextNotPresent_closure1.call(VerifyTextNotPresentKeyword.groovy)
	at com.kms.katalon.core.webui.keyword.internal.WebUIKeywordMain.runKeyword(WebUIKeywordMain.groovy:20)
	at com.kms.katalon.core.webui.keyword.builtin.VerifyTextNotPresentKeyword.verifyTextNotPresent(VerifyTextNotPresentKeyword.groovy:82)
	at com.kms.katalon.core.webui.keyword.builtin.VerifyTextNotPresentKeyword.execute(VerifyTextNotPresentKeyword.groovy:68)
	at com.kms.katalon.core.keyword.internal.KeywordExecutor.executeKeywordForPlatform(KeywordExecutor.groovy:74)
	at com.kms.katalon.core.webui.keyword.WebUiBuiltInKeywords.verifyTextNotPresent(WebUiBuiltInKeywords.groovy:1795)
	at Факторный анализ отображение данных все филиалы.Test(Факторный анализ отображение данных все филиалы:789)
	at Факторный анализ отображение данных все филиалы.Change(Факторный анализ отображение данных все филиалы:775)
	at Факторный анализ отображение данных все филиалы.run(Факторный анализ отображение данных все филиалы:176)
	at com.kms.katalon.core.main.ScriptEngine.run(ScriptEngine.java:194)
	at com.kms.katalon.core.main.ScriptEngine.runScriptAsRawText(ScriptEngine.java:119)
	at com.kms.katalon.core.main.TestCaseExecutor.runScript(TestCaseExecutor.java:448)
	at com.kms.katalon.core.main.TestCaseExecutor.doExecute(TestCaseExecutor.java:439)
	at com.kms.katalon.core.main.TestCaseExecutor.processExecutionPhase(TestCaseExecutor.java:418)
	at com.kms.katalon.core.main.TestCaseExecutor.accessMainPhase(TestCaseExecutor.java:410)
	at com.kms.katalon.core.main.TestCaseExecutor.execute(TestCaseExecutor.java:285)
	at com.kms.katalon.core.common.CommonExecutor.accessTestCaseMainPhase(CommonExecutor.java:65)
	at com.kms.katalon.core.main.TestSuiteExecutor.accessTestSuiteMainPhase(TestSuiteExecutor.java:150)
	at com.kms.katalon.core.main.TestSuiteExecutor.execute(TestSuiteExecutor.java:106)
	at com.kms.katalon.core.main.TestCaseMain.startTestSuite(TestCaseMain.java:180)
	at TempTestSuite1741649958618.run(TempTestSuite1741649958618.groovy:35)
	at java.base/jdk.internal.reflect.NativeMethodAccessorImpl.invoke0(Native Method)
	at java.base/jdk.internal.reflect.NativeMethodAccessorImpl.invoke(NativeMethodAccessorImpl.java:77)
	at java.base/jdk.internal.reflect.DelegatingMethodAccessorImpl.invoke(DelegatingMethodAccessorImpl.java:43)
)

11-03-2025T04:09:19 - [TEST_STEP][PASSED] - else: null

11-03-2025T04:09:19 - [TEST_STEP][PASSED] - Script1687405718449.WriteToExcel(todaysDate, typeOfData): null

11-03-2025T04:09:19 - [TEST_STEP][PASSED] - sheetName = "Sheet1": null

11-03-2025T04:09:19 - [TEST_STEP][PASSED] - data = findTestData("PlanFact"): null

11-03-2025T04:09:19 - [TEST_STEP][PASSED] - n = data.getRowNumbers() + 1: null

11-03-2025T04:09:19 - [TEST_STEP][PASSED] - dZO = getText(findTestObject("Факторный анализ/Фильтр ДЗО")): Text of object 'Object Repository/Факторный анализ/Фильтр ДЗО' is: 'ПАО Россети - РаспредКомплекс - АО «Тываэнерго» - АО "Тываэнерго"'

11-03-2025T04:09:20 - [MESSAGE][PASSED] - Text of object 'Object Repository/Факторный анализ/Фильтр ДЗО' is: 'ПАО Россети - РаспредКомплекс - АО «Тываэнерго» - АО "Тываэнерго"'

11-03-2025T04:09:20 - [TEST_STEP][PASSED] - period = getText(findTestObject("Факторный анализ/Фильтр Период")): Text of object 'Object Repository/Факторный анализ/Фильтр Период' is: 'Январь 2025 года'

11-03-2025T04:09:20 - [MESSAGE][PASSED] - Text of object 'Object Repository/Факторный анализ/Фильтр Период' is: 'Январь 2025 года'

11-03-2025T04:09:20 - [TEST_STEP][PASSED] - println(period): null

11-03-2025T04:09:20 - [TEST_STEP][PASSED] - dashboardName = "Факторный анализ": null

11-03-2025T04:09:20 - [TEST_STEP][PASSED] - workbook01 = getWorkbook(excelFilePath): null

11-03-2025T04:09:20 - [TEST_STEP][PASSED] - sheet01 = getExcelSheet(workbook01, sheetName): null

11-03-2025T04:09:20 - [TEST_STEP][PASSED] - setValueToCellByIndex(sheet01, n, 0, dashboardName): null

11-03-2025T04:09:20 - [TEST_STEP][PASSED] - setValueToCellByIndex(sheet01, n, 1, dZO): null

11-03-2025T04:09:20 - [TEST_STEP][PASSED] - setValueToCellByIndex(sheet01, n, 2, period): null

11-03-2025T04:09:20 - [TEST_STEP][PASSED] - setValueToCellByIndex(sheet01, n, 3, typeOfData): null

11-03-2025T04:09:20 - [TEST_STEP][PASSED] - setValueToCellByIndex(sheet01, n, 4, todaysDate): null

11-03-2025T04:09:20 - [TEST_STEP][PASSED] - n = n + 1: null

11-03-2025T04:09:20 - [TEST_STEP][PASSED] - saveWorkbook(excelFilePath, workbook01): null

11-03-2025T04:09:20 - [TEST_STEP][PASSED] - click(findTestObject("Факторный анализ/Переключить отображение с месяца на филиал")): Object: 'Object Repository/Факторный анализ/Переключить отображение с месяца на филиал' is clicked on

11-03-2025T04:09:21 - [MESSAGE][PASSED] - Object: 'Object Repository/Факторный анализ/Переключить отображение с месяца на филиал' is clicked on

11-03-2025T04:09:21 - [TEST_STEP][PASSED] - click(findTestObject("Факторный анализ/Фильтр ДЗО")): Object: 'Object Repository/Факторный анализ/Фильтр ДЗО' is clicked on

11-03-2025T04:09:21 - [MESSAGE][PASSED] - Object: 'Object Repository/Факторный анализ/Фильтр ДЗО' is clicked on

11-03-2025T04:09:21 - [TEST_STEP][PASSED] - click(findTestObject("Факторный анализ/Снять выделение в фильтре ДЗО")): Object: 'Object Repository/Факторный анализ/Снять выделение в фильтре ДЗО' is clicked on

11-03-2025T04:09:21 - [MESSAGE][PASSED] - Object: 'Object Repository/Факторный анализ/Снять выделение в фильтре ДЗО' is clicked on

11-03-2025T04:09:21 - [TEST_STEP][PASSED] - scrollToElement(findTestObject("Факторный анализ/АО Чеченэнерго"), 30): Scroll to object 'Object Repository/Факторный анализ/АО Чеченэнерго' successfully

11-03-2025T04:09:22 - [MESSAGE][PASSED] - Scroll to object 'Object Repository/Факторный анализ/АО Чеченэнерго' successfully

11-03-2025T04:09:22 - [TEST_STEP][PASSED] - click(findTestObject("Факторный анализ/АО Чеченэнерго")): Object: 'Object Repository/Факторный анализ/АО Чеченэнерго' is clicked on

11-03-2025T04:09:22 - [MESSAGE][PASSED] - Object: 'Object Repository/Факторный анализ/АО Чеченэнерго' is clicked on

11-03-2025T04:09:22 - [TEST_STEP][PASSED] - Script1687405718449.Change(todaysDate, typeOfData): null

11-03-2025T04:09:22 - [TEST_STEP][PASSED] - scrollToElement(findTestObject("Факторный анализ/Заголовок дашборда"), 30): Scroll to object 'Object Repository/Факторный анализ/Заголовок дашборда' successfully

11-03-2025T04:09:23 - [MESSAGE][PASSED] - Scroll to object 'Object Repository/Факторный анализ/Заголовок дашборда' successfully

11-03-2025T04:09:23 - [TEST_STEP][PASSED] - click(findTestObject("Факторный анализ/Применить в фильтре ДЗО")): Object: 'Object Repository/Факторный анализ/Применить в фильтре ДЗО' is clicked on

11-03-2025T04:09:23 - [MESSAGE][PASSED] - Object: 'Object Repository/Факторный анализ/Применить в фильтре ДЗО' is clicked on

11-03-2025T04:09:23 - [TEST_STEP][PASSED] - typeOfData = "Филиал": null

11-03-2025T04:09:23 - [TEST_STEP][PASSED] - Script1687405718449.Test(todaysDate, typeOfData): null

11-03-2025T04:09:23 - [TEST_STEP][PASSED] - delay(10): Delayed 10 second(s)

11-03-2025T04:09:33 - [MESSAGE][PASSED] - Delayed 10 second(s)

11-03-2025T04:09:33 - [TEST_STEP][PASSED] - if (verifyTextNotPresent("нет данных", false) == true): null

11-03-2025T04:09:33 - [MESSAGE][PASSED] - Text 'нет данных' is not present on page

11-03-2025T04:09:33 - [TEST_STEP][PASSED] - if (verifyTextNotPresent("Ошибка запроса данных", false) == true): null

11-03-2025T04:09:34 - [MESSAGE][PASSED] - Text 'Ошибка запроса данных' is not present on page

11-03-2025T04:09:34 - [TEST_STEP][PASSED] - if (verifyTextNotPresent("Произошла ошибка при выполнении пользовательского кода", false) == true): null

11-03-2025T04:09:34 - [MESSAGE][PASSED] - Text 'Произошла ошибка при выполнении пользовательского кода' is not present on page

11-03-2025T04:09:34 - [TEST_STEP][PASSED] - if (verifyTextNotPresent("У виджета нет данных", false) == true): null

11-03-2025T04:09:35 - [MESSAGE][PASSED] - Text 'У виджета нет данных' is not present on page

11-03-2025T04:09:35 - [TEST_STEP][PASSED] - if (verifyTextNotPresent("У виджета нет данных", false) == true): Text 'У виджета нет данных' is not present on page

11-03-2025T04:09:35 - [MESSAGE][PASSED] - Text 'У виджета нет данных' is not present on page

11-03-2025T04:09:35 - [TEST_STEP][PASSED] - click(findTestObject("Факторный анализ/Переключить отображение с филиала на месяц")): Object: 'Object Repository/Факторный анализ/Переключить отображение с филиала на месяц' is clicked on

11-03-2025T04:09:35 - [MESSAGE][PASSED] - Object: 'Object Repository/Факторный анализ/Переключить отображение с филиала на месяц' is clicked on

11-03-2025T04:09:35 - [TEST_STEP][PASSED] - typeOfData = "Месяц": null

11-03-2025T04:09:35 - [TEST_STEP][PASSED] - Script1687405718449.Test(todaysDate, typeOfData): null

11-03-2025T04:09:35 - [TEST_STEP][PASSED] - delay(10): Delayed 10 second(s)

11-03-2025T04:09:45 - [MESSAGE][PASSED] - Delayed 10 second(s)

11-03-2025T04:09:45 - [TEST_STEP][FAILED] - if (verifyTextNotPresent("нет данных", false) == true): Text 'нет данных' is present on page  (Root cause: com.kms.katalon.core.exception.StepFailedException: Text 'нет данных' is present on page 
	at com.kms.katalon.core.webui.keyword.internal.WebUIKeywordMain.stepFailed(WebUIKeywordMain.groovy:64)
	at com.kms.katalon.core.webui.keyword.builtin.VerifyTextNotPresentKeyword$_verifyTextNotPresent_closure1.doCall(VerifyTextNotPresentKeyword.groovy:77)
	at com.kms.katalon.core.webui.keyword.builtin.VerifyTextNotPresentKeyword$_verifyTextNotPresent_closure1.call(VerifyTextNotPresentKeyword.groovy)
	at com.kms.katalon.core.webui.keyword.internal.WebUIKeywordMain.runKeyword(WebUIKeywordMain.groovy:20)
	at com.kms.katalon.core.webui.keyword.builtin.VerifyTextNotPresentKeyword.verifyTextNotPresent(VerifyTextNotPresentKeyword.groovy:82)
	at com.kms.katalon.core.webui.keyword.builtin.VerifyTextNotPresentKeyword.execute(VerifyTextNotPresentKeyword.groovy:68)
	at com.kms.katalon.core.keyword.internal.KeywordExecutor.executeKeywordForPlatform(KeywordExecutor.groovy:74)
	at com.kms.katalon.core.webui.keyword.WebUiBuiltInKeywords.verifyTextNotPresent(WebUiBuiltInKeywords.groovy:1795)
	at Факторный анализ отображение данных все филиалы.Test(Факторный анализ отображение данных все филиалы:789)
	at Факторный анализ отображение данных все филиалы.Change(Факторный анализ отображение данных все филиалы:775)
	at Факторный анализ отображение данных все филиалы.run(Факторный анализ отображение данных все филиалы:182)
	at com.kms.katalon.core.main.ScriptEngine.run(ScriptEngine.java:194)
	at com.kms.katalon.core.main.ScriptEngine.runScriptAsRawText(ScriptEngine.java:119)
	at com.kms.katalon.core.main.TestCaseExecutor.runScript(TestCaseExecutor.java:448)
	at com.kms.katalon.core.main.TestCaseExecutor.doExecute(TestCaseExecutor.java:439)
	at com.kms.katalon.core.main.TestCaseExecutor.processExecutionPhase(TestCaseExecutor.java:418)
	at com.kms.katalon.core.main.TestCaseExecutor.accessMainPhase(TestCaseExecutor.java:410)
	at com.kms.katalon.core.main.TestCaseExecutor.execute(TestCaseExecutor.java:285)
	at com.kms.katalon.core.common.CommonExecutor.accessTestCaseMainPhase(CommonExecutor.java:65)
	at com.kms.katalon.core.main.TestSuiteExecutor.accessTestSuiteMainPhase(TestSuiteExecutor.java:150)
	at com.kms.katalon.core.main.TestSuiteExecutor.execute(TestSuiteExecutor.java:106)
	at com.kms.katalon.core.main.TestCaseMain.startTestSuite(TestCaseMain.java:180)
	at TempTestSuite1741649958618.run(TempTestSuite1741649958618.groovy:35)
	at java.base/jdk.internal.reflect.NativeMethodAccessorImpl.invoke0(Native Method)
	at java.base/jdk.internal.reflect.NativeMethodAccessorImpl.invoke(NativeMethodAccessorImpl.java:77)
	at java.base/jdk.internal.reflect.DelegatingMethodAccessorImpl.invoke(DelegatingMethodAccessorImpl.java:43)
)

11-03-2025T04:09:46 - [MESSAGE][FAILED] - Text 'нет данных' is present on page  (Root cause: com.kms.katalon.core.exception.StepFailedException: Text 'нет данных' is present on page 
	at com.kms.katalon.core.webui.keyword.internal.WebUIKeywordMain.stepFailed(WebUIKeywordMain.groovy:64)
	at com.kms.katalon.core.webui.keyword.builtin.VerifyTextNotPresentKeyword$_verifyTextNotPresent_closure1.doCall(VerifyTextNotPresentKeyword.groovy:77)
	at com.kms.katalon.core.webui.keyword.builtin.VerifyTextNotPresentKeyword$_verifyTextNotPresent_closure1.call(VerifyTextNotPresentKeyword.groovy)
	at com.kms.katalon.core.webui.keyword.internal.WebUIKeywordMain.runKeyword(WebUIKeywordMain.groovy:20)
	at com.kms.katalon.core.webui.keyword.builtin.VerifyTextNotPresentKeyword.verifyTextNotPresent(VerifyTextNotPresentKeyword.groovy:82)
	at com.kms.katalon.core.webui.keyword.builtin.VerifyTextNotPresentKeyword.execute(VerifyTextNotPresentKeyword.groovy:68)
	at com.kms.katalon.core.keyword.internal.KeywordExecutor.executeKeywordForPlatform(KeywordExecutor.groovy:74)
	at com.kms.katalon.core.webui.keyword.WebUiBuiltInKeywords.verifyTextNotPresent(WebUiBuiltInKeywords.groovy:1795)
	at Факторный анализ отображение данных все филиалы.Test(Факторный анализ отображение данных все филиалы:789)
	at Факторный анализ отображение данных все филиалы.Change(Факторный анализ отображение данных все филиалы:775)
	at Факторный анализ отображение данных все филиалы.run(Факторный анализ отображение данных все филиалы:182)
	at com.kms.katalon.core.main.ScriptEngine.run(ScriptEngine.java:194)
	at com.kms.katalon.core.main.ScriptEngine.runScriptAsRawText(ScriptEngine.java:119)
	at com.kms.katalon.core.main.TestCaseExecutor.runScript(TestCaseExecutor.java:448)
	at com.kms.katalon.core.main.TestCaseExecutor.doExecute(TestCaseExecutor.java:439)
	at com.kms.katalon.core.main.TestCaseExecutor.processExecutionPhase(TestCaseExecutor.java:418)
	at com.kms.katalon.core.main.TestCaseExecutor.accessMainPhase(TestCaseExecutor.java:410)
	at com.kms.katalon.core.main.TestCaseExecutor.execute(TestCaseExecutor.java:285)
	at com.kms.katalon.core.common.CommonExecutor.accessTestCaseMainPhase(CommonExecutor.java:65)
	at com.kms.katalon.core.main.TestSuiteExecutor.accessTestSuiteMainPhase(TestSuiteExecutor.java:150)
	at com.kms.katalon.core.main.TestSuiteExecutor.execute(TestSuiteExecutor.java:106)
	at com.kms.katalon.core.main.TestCaseMain.startTestSuite(TestCaseMain.java:180)
	at TempTestSuite1741649958618.run(TempTestSuite1741649958618.groovy:35)
	at java.base/jdk.internal.reflect.NativeMethodAccessorImpl.invoke0(Native Method)
	at java.base/jdk.internal.reflect.NativeMethodAccessorImpl.invoke(NativeMethodAccessorImpl.java:77)
	at java.base/jdk.internal.reflect.DelegatingMethodAccessorImpl.invoke(DelegatingMethodAccessorImpl.java:43)
)

11-03-2025T04:09:46 - [TEST_STEP][PASSED] - else: null

11-03-2025T04:09:46 - [TEST_STEP][PASSED] - Script1687405718449.WriteToExcel(todaysDate, typeOfData): null

11-03-2025T04:09:46 - [TEST_STEP][PASSED] - sheetName = "Sheet1": null

11-03-2025T04:09:46 - [TEST_STEP][PASSED] - data = findTestData("PlanFact"): null

11-03-2025T04:09:46 - [TEST_STEP][PASSED] - n = data.getRowNumbers() + 1: null

11-03-2025T04:09:46 - [TEST_STEP][PASSED] - dZO = getText(findTestObject("Факторный анализ/Фильтр ДЗО")): Text of object 'Object Repository/Факторный анализ/Фильтр ДЗО' is: 'ПАО Россети - РаспредКомплекс - АО «Чеченэнерго»'

11-03-2025T04:09:46 - [MESSAGE][PASSED] - Text of object 'Object Repository/Факторный анализ/Фильтр ДЗО' is: 'ПАО Россети - РаспредКомплекс - АО «Чеченэнерго»'

11-03-2025T04:09:46 - [TEST_STEP][PASSED] - period = getText(findTestObject("Факторный анализ/Фильтр Период")): Text of object 'Object Repository/Факторный анализ/Фильтр Период' is: 'Январь 2025 года'

11-03-2025T04:09:46 - [MESSAGE][PASSED] - Text of object 'Object Repository/Факторный анализ/Фильтр Период' is: 'Январь 2025 года'

11-03-2025T04:09:46 - [TEST_STEP][PASSED] - println(period): null

11-03-2025T04:09:46 - [TEST_STEP][PASSED] - dashboardName = "Факторный анализ": null

11-03-2025T04:09:46 - [TEST_STEP][PASSED] - workbook01 = getWorkbook(excelFilePath): null

11-03-2025T04:09:47 - [TEST_STEP][PASSED] - sheet01 = getExcelSheet(workbook01, sheetName): null

11-03-2025T04:09:47 - [TEST_STEP][PASSED] - setValueToCellByIndex(sheet01, n, 0, dashboardName): null

11-03-2025T04:09:47 - [TEST_STEP][PASSED] - setValueToCellByIndex(sheet01, n, 1, dZO): null

11-03-2025T04:09:47 - [TEST_STEP][PASSED] - setValueToCellByIndex(sheet01, n, 2, period): null

11-03-2025T04:09:47 - [TEST_STEP][PASSED] - setValueToCellByIndex(sheet01, n, 3, typeOfData): null

11-03-2025T04:09:47 - [TEST_STEP][PASSED] - setValueToCellByIndex(sheet01, n, 4, todaysDate): null

11-03-2025T04:09:47 - [TEST_STEP][PASSED] - n = n + 1: null

11-03-2025T04:09:47 - [TEST_STEP][PASSED] - saveWorkbook(excelFilePath, workbook01): null

11-03-2025T04:09:47 - [TEST_STEP][PASSED] - click(findTestObject("Факторный анализ/Переключить отображение с месяца на филиал")): Object: 'Object Repository/Факторный анализ/Переключить отображение с месяца на филиал' is clicked on

11-03-2025T04:09:47 - [MESSAGE][PASSED] - Object: 'Object Repository/Факторный анализ/Переключить отображение с месяца на филиал' is clicked on

11-03-2025T04:09:47 - [TEST_STEP][PASSED] - click(findTestObject("Факторный анализ/Фильтр ДЗО")): Object: 'Object Repository/Факторный анализ/Фильтр ДЗО' is clicked on

11-03-2025T04:09:47 - [MESSAGE][PASSED] - Object: 'Object Repository/Факторный анализ/Фильтр ДЗО' is clicked on

11-03-2025T04:09:47 - [TEST_STEP][PASSED] - click(findTestObject("Факторный анализ/Снять выделение в фильтре ДЗО")): Object: 'Object Repository/Факторный анализ/Снять выделение в фильтре ДЗО' is clicked on

11-03-2025T04:09:48 - [MESSAGE][PASSED] - Object: 'Object Repository/Факторный анализ/Снять выделение в фильтре ДЗО' is clicked on

11-03-2025T04:09:48 - [TEST_STEP][PASSED] - scrollToElement(findTestObject("Факторный анализ/Раскрыть список Чеченэнерго"), 30): Scroll to object 'Object Repository/Факторный анализ/Раскрыть список Чеченэнерго' successfully

11-03-2025T04:09:48 - [MESSAGE][PASSED] - Scroll to object 'Object Repository/Факторный анализ/Раскрыть список Чеченэнерго' successfully

11-03-2025T04:09:48 - [TEST_STEP][PASSED] - click(findTestObject("Факторный анализ/Раскрыть список Чеченэнерго"), CONTINUE_ON_FAILURE): Object: 'Object Repository/Факторный анализ/Раскрыть список Чеченэнерго' is clicked on

11-03-2025T04:09:49 - [MESSAGE][PASSED] - Object: 'Object Repository/Факторный анализ/Раскрыть список Чеченэнерго' is clicked on

11-03-2025T04:09:49 - [TEST_STEP][PASSED] - click(findTestObject("Факторный анализ/Раскрыть список Чеченэнерго"), CONTINUE_ON_FAILURE): Object: 'Object Repository/Факторный анализ/Раскрыть список Чеченэнерго' is clicked on

11-03-2025T04:09:50 - [MESSAGE][PASSED] - Object: 'Object Repository/Факторный анализ/Раскрыть список Чеченэнерго' is clicked on

11-03-2025T04:09:50 - [TEST_STEP][PASSED] - click(findTestObject("Факторный анализ/Чеченэнерго нижний уровень"), CONTINUE_ON_FAILURE): Object: 'Object Repository/Факторный анализ/Чеченэнерго нижний уровень' is clicked on

11-03-2025T04:09:50 - [MESSAGE][PASSED] - Object: 'Object Repository/Факторный анализ/Чеченэнерго нижний уровень' is clicked on

11-03-2025T04:09:50 - [TEST_STEP][PASSED] - Script1687405718449.Change(todaysDate, typeOfData): null

11-03-2025T04:09:50 - [TEST_STEP][PASSED] - scrollToElement(findTestObject("Факторный анализ/Заголовок дашборда"), 30): Scroll to object 'Object Repository/Факторный анализ/Заголовок дашборда' successfully

11-03-2025T04:09:51 - [MESSAGE][PASSED] - Scroll to object 'Object Repository/Факторный анализ/Заголовок дашборда' successfully

11-03-2025T04:09:51 - [TEST_STEP][PASSED] - click(findTestObject("Факторный анализ/Применить в фильтре ДЗО")): Object: 'Object Repository/Факторный анализ/Применить в фильтре ДЗО' is clicked on

11-03-2025T04:09:51 - [MESSAGE][PASSED] - Object: 'Object Repository/Факторный анализ/Применить в фильтре ДЗО' is clicked on

11-03-2025T04:09:51 - [TEST_STEP][PASSED] - typeOfData = "Филиал": null

11-03-2025T04:09:51 - [TEST_STEP][PASSED] - Script1687405718449.Test(todaysDate, typeOfData): null

11-03-2025T04:09:51 - [TEST_STEP][PASSED] - delay(10): Delayed 10 second(s)

11-03-2025T04:10:01 - [MESSAGE][PASSED] - Delayed 10 second(s)

11-03-2025T04:10:01 - [TEST_STEP][PASSED] - if (verifyTextNotPresent("нет данных", false) == true): null

11-03-2025T04:10:02 - [MESSAGE][PASSED] - Text 'нет данных' is not present on page

11-03-2025T04:10:02 - [TEST_STEP][PASSED] - if (verifyTextNotPresent("Ошибка запроса данных", false) == true): null

11-03-2025T04:10:02 - [MESSAGE][PASSED] - Text 'Ошибка запроса данных' is not present on page

11-03-2025T04:10:02 - [TEST_STEP][PASSED] - if (verifyTextNotPresent("Произошла ошибка при выполнении пользовательского кода", false) == true): null

11-03-2025T04:10:03 - [MESSAGE][PASSED] - Text 'Произошла ошибка при выполнении пользовательского кода' is not present on page

11-03-2025T04:10:03 - [TEST_STEP][PASSED] - if (verifyTextNotPresent("У виджета нет данных", false) == true): null

11-03-2025T04:10:03 - [MESSAGE][PASSED] - Text 'У виджета нет данных' is not present on page

11-03-2025T04:10:03 - [TEST_STEP][PASSED] - if (verifyTextNotPresent("У виджета нет данных", false) == true): Text 'У виджета нет данных' is not present on page

11-03-2025T04:10:03 - [MESSAGE][PASSED] - Text 'У виджета нет данных' is not present on page

11-03-2025T04:10:03 - [TEST_STEP][PASSED] - click(findTestObject("Факторный анализ/Переключить отображение с филиала на месяц")): Object: 'Object Repository/Факторный анализ/Переключить отображение с филиала на месяц' is clicked on

11-03-2025T04:10:04 - [MESSAGE][PASSED] - Object: 'Object Repository/Факторный анализ/Переключить отображение с филиала на месяц' is clicked on

11-03-2025T04:10:04 - [TEST_STEP][PASSED] - typeOfData = "Месяц": null

11-03-2025T04:10:04 - [TEST_STEP][PASSED] - Script1687405718449.Test(todaysDate, typeOfData): null

11-03-2025T04:10:04 - [TEST_STEP][PASSED] - delay(10): Delayed 10 second(s)

11-03-2025T04:10:14 - [MESSAGE][PASSED] - Delayed 10 second(s)

11-03-2025T04:10:14 - [TEST_STEP][FAILED] - if (verifyTextNotPresent("нет данных", false) == true): Text 'нет данных' is present on page  (Root cause: com.kms.katalon.core.exception.StepFailedException: Text 'нет данных' is present on page 
	at com.kms.katalon.core.webui.keyword.internal.WebUIKeywordMain.stepFailed(WebUIKeywordMain.groovy:64)
	at com.kms.katalon.core.webui.keyword.builtin.VerifyTextNotPresentKeyword$_verifyTextNotPresent_closure1.doCall(VerifyTextNotPresentKeyword.groovy:77)
	at com.kms.katalon.core.webui.keyword.builtin.VerifyTextNotPresentKeyword$_verifyTextNotPresent_closure1.call(VerifyTextNotPresentKeyword.groovy)
	at com.kms.katalon.core.webui.keyword.internal.WebUIKeywordMain.runKeyword(WebUIKeywordMain.groovy:20)
	at com.kms.katalon.core.webui.keyword.builtin.VerifyTextNotPresentKeyword.verifyTextNotPresent(VerifyTextNotPresentKeyword.groovy:82)
	at com.kms.katalon.core.webui.keyword.builtin.VerifyTextNotPresentKeyword.execute(VerifyTextNotPresentKeyword.groovy:68)
	at com.kms.katalon.core.keyword.internal.KeywordExecutor.executeKeywordForPlatform(KeywordExecutor.groovy:74)
	at com.kms.katalon.core.webui.keyword.WebUiBuiltInKeywords.verifyTextNotPresent(WebUiBuiltInKeywords.groovy:1795)
	at Факторный анализ отображение данных все филиалы.Test(Факторный анализ отображение данных все филиалы:789)
	at Факторный анализ отображение данных все филиалы.Change(Факторный анализ отображение данных все филиалы:775)
	at Факторный анализ отображение данных все филиалы.run(Факторный анализ отображение данных все филиалы:192)
	at com.kms.katalon.core.main.ScriptEngine.run(ScriptEngine.java:194)
	at com.kms.katalon.core.main.ScriptEngine.runScriptAsRawText(ScriptEngine.java:119)
	at com.kms.katalon.core.main.TestCaseExecutor.runScript(TestCaseExecutor.java:448)
	at com.kms.katalon.core.main.TestCaseExecutor.doExecute(TestCaseExecutor.java:439)
	at com.kms.katalon.core.main.TestCaseExecutor.processExecutionPhase(TestCaseExecutor.java:418)
	at com.kms.katalon.core.main.TestCaseExecutor.accessMainPhase(TestCaseExecutor.java:410)
	at com.kms.katalon.core.main.TestCaseExecutor.execute(TestCaseExecutor.java:285)
	at com.kms.katalon.core.common.CommonExecutor.accessTestCaseMainPhase(CommonExecutor.java:65)
	at com.kms.katalon.core.main.TestSuiteExecutor.accessTestSuiteMainPhase(TestSuiteExecutor.java:150)
	at com.kms.katalon.core.main.TestSuiteExecutor.execute(TestSuiteExecutor.java:106)
	at com.kms.katalon.core.main.TestCaseMain.startTestSuite(TestCaseMain.java:180)
	at TempTestSuite1741649958618.run(TempTestSuite1741649958618.groovy:35)
	at java.base/jdk.internal.reflect.NativeMethodAccessorImpl.invoke0(Native Method)
	at java.base/jdk.internal.reflect.NativeMethodAccessorImpl.invoke(NativeMethodAccessorImpl.java:77)
	at java.base/jdk.internal.reflect.DelegatingMethodAccessorImpl.invoke(DelegatingMethodAccessorImpl.java:43)
)

11-03-2025T04:10:14 - [MESSAGE][FAILED] - Text 'нет данных' is present on page  (Root cause: com.kms.katalon.core.exception.StepFailedException: Text 'нет данных' is present on page 
	at com.kms.katalon.core.webui.keyword.internal.WebUIKeywordMain.stepFailed(WebUIKeywordMain.groovy:64)
	at com.kms.katalon.core.webui.keyword.builtin.VerifyTextNotPresentKeyword$_verifyTextNotPresent_closure1.doCall(VerifyTextNotPresentKeyword.groovy:77)
	at com.kms.katalon.core.webui.keyword.builtin.VerifyTextNotPresentKeyword$_verifyTextNotPresent_closure1.call(VerifyTextNotPresentKeyword.groovy)
	at com.kms.katalon.core.webui.keyword.internal.WebUIKeywordMain.runKeyword(WebUIKeywordMain.groovy:20)
	at com.kms.katalon.core.webui.keyword.builtin.VerifyTextNotPresentKeyword.verifyTextNotPresent(VerifyTextNotPresentKeyword.groovy:82)
	at com.kms.katalon.core.webui.keyword.builtin.VerifyTextNotPresentKeyword.execute(VerifyTextNotPresentKeyword.groovy:68)
	at com.kms.katalon.core.keyword.internal.KeywordExecutor.executeKeywordForPlatform(KeywordExecutor.groovy:74)
	at com.kms.katalon.core.webui.keyword.WebUiBuiltInKeywords.verifyTextNotPresent(WebUiBuiltInKeywords.groovy:1795)
	at Факторный анализ отображение данных все филиалы.Test(Факторный анализ отображение данных все филиалы:789)
	at Факторный анализ отображение данных все филиалы.Change(Факторный анализ отображение данных все филиалы:775)
	at Факторный анализ отображение данных все филиалы.run(Факторный анализ отображение данных все филиалы:192)
	at com.kms.katalon.core.main.ScriptEngine.run(ScriptEngine.java:194)
	at com.kms.katalon.core.main.ScriptEngine.runScriptAsRawText(ScriptEngine.java:119)
	at com.kms.katalon.core.main.TestCaseExecutor.runScript(TestCaseExecutor.java:448)
	at com.kms.katalon.core.main.TestCaseExecutor.doExecute(TestCaseExecutor.java:439)
	at com.kms.katalon.core.main.TestCaseExecutor.processExecutionPhase(TestCaseExecutor.java:418)
	at com.kms.katalon.core.main.TestCaseExecutor.accessMainPhase(TestCaseExecutor.java:410)
	at com.kms.katalon.core.main.TestCaseExecutor.execute(TestCaseExecutor.java:285)
	at com.kms.katalon.core.common.CommonExecutor.accessTestCaseMainPhase(CommonExecutor.java:65)
	at com.kms.katalon.core.main.TestSuiteExecutor.accessTestSuiteMainPhase(TestSuiteExecutor.java:150)
	at com.kms.katalon.core.main.TestSuiteExecutor.execute(TestSuiteExecutor.java:106)
	at com.kms.katalon.core.main.TestCaseMain.startTestSuite(TestCaseMain.java:180)
	at TempTestSuite1741649958618.run(TempTestSuite1741649958618.groovy:35)
	at java.base/jdk.internal.reflect.NativeMethodAccessorImpl.invoke0(Native Method)
	at java.base/jdk.internal.reflect.NativeMethodAccessorImpl.invoke(NativeMethodAccessorImpl.java:77)
	at java.base/jdk.internal.reflect.DelegatingMethodAccessorImpl.invoke(DelegatingMethodAccessorImpl.java:43)
)

11-03-2025T04:10:14 - [TEST_STEP][PASSED] - else: null

11-03-2025T04:10:14 - [TEST_STEP][PASSED] - Script1687405718449.WriteToExcel(todaysDate, typeOfData): null

11-03-2025T04:10:14 - [TEST_STEP][PASSED] - sheetName = "Sheet1": null

11-03-2025T04:10:14 - [TEST_STEP][PASSED] - data = findTestData("PlanFact"): null

11-03-2025T04:10:14 - [TEST_STEP][PASSED] - n = data.getRowNumbers() + 1: null

11-03-2025T04:10:14 - [TEST_STEP][PASSED] - dZO = getText(findTestObject("Факторный анализ/Фильтр ДЗО")): Text of object 'Object Repository/Факторный анализ/Фильтр ДЗО' is: 'ПАО Россети - РаспредКомплекс - АО «Чеченэнерго» - АО «Чеченэнерго»'

11-03-2025T04:10:14 - [MESSAGE][PASSED] - Text of object 'Object Repository/Факторный анализ/Фильтр ДЗО' is: 'ПАО Россети - РаспредКомплекс - АО «Чеченэнерго» - АО «Чеченэнерго»'

11-03-2025T04:10:14 - [TEST_STEP][PASSED] - period = getText(findTestObject("Факторный анализ/Фильтр Период")): Text of object 'Object Repository/Факторный анализ/Фильтр Период' is: 'Январь 2025 года'

11-03-2025T04:10:15 - [MESSAGE][PASSED] - Text of object 'Object Repository/Факторный анализ/Фильтр Период' is: 'Январь 2025 года'

11-03-2025T04:10:15 - [TEST_STEP][PASSED] - println(period): null

11-03-2025T04:10:15 - [TEST_STEP][PASSED] - dashboardName = "Факторный анализ": null

11-03-2025T04:10:15 - [TEST_STEP][PASSED] - workbook01 = getWorkbook(excelFilePath): null

11-03-2025T04:10:15 - [TEST_STEP][PASSED] - sheet01 = getExcelSheet(workbook01, sheetName): null

11-03-2025T04:10:15 - [TEST_STEP][PASSED] - setValueToCellByIndex(sheet01, n, 0, dashboardName): null

11-03-2025T04:10:15 - [TEST_STEP][PASSED] - setValueToCellByIndex(sheet01, n, 1, dZO): null

11-03-2025T04:10:15 - [TEST_STEP][PASSED] - setValueToCellByIndex(sheet01, n, 2, period): null

11-03-2025T04:10:15 - [TEST_STEP][PASSED] - setValueToCellByIndex(sheet01, n, 3, typeOfData): null

11-03-2025T04:10:15 - [TEST_STEP][PASSED] - setValueToCellByIndex(sheet01, n, 4, todaysDate): null

11-03-2025T04:10:15 - [TEST_STEP][PASSED] - n = n + 1: null

11-03-2025T04:10:15 - [TEST_STEP][PASSED] - saveWorkbook(excelFilePath, workbook01): null

11-03-2025T04:10:15 - [TEST_STEP][PASSED] - click(findTestObject("Факторный анализ/Переключить отображение с месяца на филиал")): Object: 'Object Repository/Факторный анализ/Переключить отображение с месяца на филиал' is clicked on

11-03-2025T04:10:15 - [MESSAGE][PASSED] - Object: 'Object Repository/Факторный анализ/Переключить отображение с месяца на филиал' is clicked on

11-03-2025T04:10:15 - [TEST_STEP][PASSED] - click(findTestObject("Факторный анализ/Фильтр ДЗО")): Object: 'Object Repository/Факторный анализ/Фильтр ДЗО' is clicked on

11-03-2025T04:10:16 - [MESSAGE][PASSED] - Object: 'Object Repository/Факторный анализ/Фильтр ДЗО' is clicked on

11-03-2025T04:10:16 - [TEST_STEP][PASSED] - click(findTestObject("Факторный анализ/Снять выделение в фильтре ДЗО")): Object: 'Object Repository/Факторный анализ/Снять выделение в фильтре ДЗО' is clicked on

11-03-2025T04:10:16 - [MESSAGE][PASSED] - Object: 'Object Repository/Факторный анализ/Снять выделение в фильтре ДЗО' is clicked on

11-03-2025T04:10:16 - [TEST_STEP][PASSED] - scrollToElement(findTestObject("Факторный анализ/Россети Волга"), 30): Scroll to object 'Object Repository/Факторный анализ/Россети Волга' successfully

11-03-2025T04:10:17 - [MESSAGE][PASSED] - Scroll to object 'Object Repository/Факторный анализ/Россети Волга' successfully

11-03-2025T04:10:17 - [TEST_STEP][PASSED] - click(findTestObject("Факторный анализ/Россети Волга")): Object: 'Object Repository/Факторный анализ/Россети Волга' is clicked on

11-03-2025T04:10:17 - [MESSAGE][PASSED] - Object: 'Object Repository/Факторный анализ/Россети Волга' is clicked on

11-03-2025T04:10:17 - [TEST_STEP][PASSED] - Script1687405718449.Change(todaysDate, typeOfData): null

11-03-2025T04:10:17 - [TEST_STEP][PASSED] - scrollToElement(findTestObject("Факторный анализ/Заголовок дашборда"), 30): Scroll to object 'Object Repository/Факторный анализ/Заголовок дашборда' successfully

11-03-2025T04:10:17 - [MESSAGE][PASSED] - Scroll to object 'Object Repository/Факторный анализ/Заголовок дашборда' successfully

11-03-2025T04:10:17 - [TEST_STEP][PASSED] - click(findTestObject("Факторный анализ/Применить в фильтре ДЗО")): Object: 'Object Repository/Факторный анализ/Применить в фильтре ДЗО' is clicked on

11-03-2025T04:10:18 - [MESSAGE][PASSED] - Object: 'Object Repository/Факторный анализ/Применить в фильтре ДЗО' is clicked on

11-03-2025T04:10:18 - [TEST_STEP][PASSED] - typeOfData = "Филиал": null

11-03-2025T04:10:18 - [TEST_STEP][PASSED] - Script1687405718449.Test(todaysDate, typeOfData): null

11-03-2025T04:10:18 - [TEST_STEP][PASSED] - delay(10): Delayed 10 second(s)

11-03-2025T04:10:28 - [MESSAGE][PASSED] - Delayed 10 second(s)

11-03-2025T04:10:28 - [TEST_STEP][PASSED] - if (verifyTextNotPresent("нет данных", false) == true): null

11-03-2025T04:10:28 - [MESSAGE][PASSED] - Text 'нет данных' is not present on page

11-03-2025T04:10:28 - [TEST_STEP][PASSED] - if (verifyTextNotPresent("Ошибка запроса данных", false) == true): null

11-03-2025T04:10:29 - [MESSAGE][PASSED] - Text 'Ошибка запроса данных' is not present on page

11-03-2025T04:10:29 - [TEST_STEP][PASSED] - if (verifyTextNotPresent("Произошла ошибка при выполнении пользовательского кода", false) == true): null

11-03-2025T04:10:29 - [MESSAGE][PASSED] - Text 'Произошла ошибка при выполнении пользовательского кода' is not present on page

11-03-2025T04:10:29 - [TEST_STEP][PASSED] - if (verifyTextNotPresent("У виджета нет данных", false) == true): null

11-03-2025T04:10:30 - [MESSAGE][PASSED] - Text 'У виджета нет данных' is not present on page

11-03-2025T04:10:30 - [TEST_STEP][PASSED] - if (verifyTextNotPresent("У виджета нет данных", false) == true): Text 'У виджета нет данных' is not present on page

11-03-2025T04:10:30 - [MESSAGE][PASSED] - Text 'У виджета нет данных' is not present on page

11-03-2025T04:10:30 - [TEST_STEP][PASSED] - click(findTestObject("Факторный анализ/Переключить отображение с филиала на месяц")): Object: 'Object Repository/Факторный анализ/Переключить отображение с филиала на месяц' is clicked on

11-03-2025T04:10:31 - [MESSAGE][PASSED] - Object: 'Object Repository/Факторный анализ/Переключить отображение с филиала на месяц' is clicked on

11-03-2025T04:10:31 - [TEST_STEP][PASSED] - typeOfData = "Месяц": null

11-03-2025T04:10:31 - [TEST_STEP][PASSED] - Script1687405718449.Test(todaysDate, typeOfData): null

11-03-2025T04:10:31 - [TEST_STEP][PASSED] - delay(10): Delayed 10 second(s)

11-03-2025T04:10:41 - [MESSAGE][PASSED] - Delayed 10 second(s)

11-03-2025T04:10:41 - [TEST_STEP][PASSED] - if (verifyTextNotPresent("нет данных", false) == true): null

11-03-2025T04:10:41 - [MESSAGE][PASSED] - Text 'нет данных' is not present on page

11-03-2025T04:10:41 - [TEST_STEP][PASSED] - if (verifyTextNotPresent("Ошибка запроса данных", false) == true): null

11-03-2025T04:10:42 - [MESSAGE][PASSED] - Text 'Ошибка запроса данных' is not present on page

11-03-2025T04:10:42 - [TEST_STEP][PASSED] - if (verifyTextNotPresent("Произошла ошибка при выполнении пользовательского кода", false) == true): null

11-03-2025T04:10:42 - [MESSAGE][PASSED] - Text 'Произошла ошибка при выполнении пользовательского кода' is not present on page

11-03-2025T04:10:42 - [TEST_STEP][PASSED] - if (verifyTextNotPresent("У виджета нет данных", false) == true): null

11-03-2025T04:10:42 - [MESSAGE][PASSED] - Text 'У виджета нет данных' is not present on page

11-03-2025T04:10:42 - [TEST_STEP][PASSED] - if (verifyTextNotPresent("У виджета нет данных", false) == true): Text 'У виджета нет данных' is not present on page

11-03-2025T04:10:43 - [MESSAGE][PASSED] - Text 'У виджета нет данных' is not present on page

11-03-2025T04:10:43 - [TEST_STEP][PASSED] - click(findTestObject("Факторный анализ/Переключить отображение с месяца на филиал")): Object: 'Object Repository/Факторный анализ/Переключить отображение с месяца на филиал' is clicked on

11-03-2025T04:10:43 - [MESSAGE][PASSED] - Object: 'Object Repository/Факторный анализ/Переключить отображение с месяца на филиал' is clicked on

11-03-2025T04:10:43 - [TEST_STEP][PASSED] - click(findTestObject("Факторный анализ/Фильтр ДЗО")): Object: 'Object Repository/Факторный анализ/Фильтр ДЗО' is clicked on

11-03-2025T04:10:44 - [MESSAGE][PASSED] - Object: 'Object Repository/Факторный анализ/Фильтр ДЗО' is clicked on

11-03-2025T04:10:44 - [TEST_STEP][PASSED] - click(findTestObject("Факторный анализ/Снять выделение в фильтре ДЗО")): Object: 'Object Repository/Факторный анализ/Снять выделение в фильтре ДЗО' is clicked on

11-03-2025T04:10:44 - [MESSAGE][PASSED] - Object: 'Object Repository/Факторный анализ/Снять выделение в фильтре ДЗО' is clicked on

11-03-2025T04:10:44 - [TEST_STEP][PASSED] - click(findTestObject("Общие объекты/Раскрыть список Россети Волга")): Object: 'Object Repository/Общие объекты/Раскрыть список Россети Волга' is clicked on

11-03-2025T04:10:44 - [MESSAGE][PASSED] - Object: 'Object Repository/Общие объекты/Раскрыть список Россети Волга' is clicked on

11-03-2025T04:10:44 - [TEST_STEP][PASSED] - click(findTestObject("Общие объекты/Раскрыть список Россети Волга")): Object: 'Object Repository/Общие объекты/Раскрыть список Россети Волга' is clicked on

11-03-2025T04:10:45 - [MESSAGE][PASSED] - Object: 'Object Repository/Общие объекты/Раскрыть список Россети Волга' is clicked on

11-03-2025T04:10:45 - [TEST_STEP][PASSED] - scrollToElement(findTestObject("Общие объекты/Мордовэнерго"), 30): Scroll to object 'Object Repository/Общие объекты/Мордовэнерго' successfully

11-03-2025T04:10:46 - [MESSAGE][PASSED] - Scroll to object 'Object Repository/Общие объекты/Мордовэнерго' successfully

11-03-2025T04:10:46 - [TEST_STEP][PASSED] - click(findTestObject("Общие объекты/Мордовэнерго")): Object: 'Object Repository/Общие объекты/Мордовэнерго' is clicked on

11-03-2025T04:10:46 - [MESSAGE][PASSED] - Object: 'Object Repository/Общие объекты/Мордовэнерго' is clicked on

11-03-2025T04:10:46 - [TEST_STEP][PASSED] - Script1687405718449.Change(todaysDate, typeOfData): null

11-03-2025T04:10:46 - [TEST_STEP][PASSED] - scrollToElement(findTestObject("Факторный анализ/Заголовок дашборда"), 30): Scroll to object 'Object Repository/Факторный анализ/Заголовок дашборда' successfully

11-03-2025T04:10:47 - [MESSAGE][PASSED] - Scroll to object 'Object Repository/Факторный анализ/Заголовок дашборда' successfully

11-03-2025T04:10:47 - [TEST_STEP][PASSED] - click(findTestObject("Факторный анализ/Применить в фильтре ДЗО")): Object: 'Object Repository/Факторный анализ/Применить в фильтре ДЗО' is clicked on

11-03-2025T04:10:47 - [MESSAGE][PASSED] - Object: 'Object Repository/Факторный анализ/Применить в фильтре ДЗО' is clicked on

11-03-2025T04:10:47 - [TEST_STEP][PASSED] - typeOfData = "Филиал": null

11-03-2025T04:10:47 - [TEST_STEP][PASSED] - Script1687405718449.Test(todaysDate, typeOfData): null

11-03-2025T04:10:47 - [TEST_STEP][PASSED] - delay(10): Delayed 10 second(s)

11-03-2025T04:10:57 - [MESSAGE][PASSED] - Delayed 10 second(s)

11-03-2025T04:10:57 - [TEST_STEP][PASSED] - if (verifyTextNotPresent("нет данных", false) == true): null

11-03-2025T04:10:58 - [MESSAGE][PASSED] - Text 'нет данных' is not present on page

11-03-2025T04:10:58 - [TEST_STEP][PASSED] - if (verifyTextNotPresent("Ошибка запроса данных", false) == true): null

11-03-2025T04:10:58 - [MESSAGE][PASSED] - Text 'Ошибка запроса данных' is not present on page

11-03-2025T04:10:58 - [TEST_STEP][PASSED] - if (verifyTextNotPresent("Произошла ошибка при выполнении пользовательского кода", false) == true): null

11-03-2025T04:10:58 - [MESSAGE][PASSED] - Text 'Произошла ошибка при выполнении пользовательского кода' is not present on page

11-03-2025T04:10:58 - [TEST_STEP][PASSED] - if (verifyTextNotPresent("У виджета нет данных", false) == true): null

11-03-2025T04:10:59 - [MESSAGE][PASSED] - Text 'У виджета нет данных' is not present on page

11-03-2025T04:10:59 - [TEST_STEP][PASSED] - if (verifyTextNotPresent("У виджета нет данных", false) == true): Text 'У виджета нет данных' is not present on page

11-03-2025T04:10:59 - [MESSAGE][PASSED] - Text 'У виджета нет данных' is not present on page

11-03-2025T04:10:59 - [TEST_STEP][PASSED] - click(findTestObject("Факторный анализ/Переключить отображение с филиала на месяц")): Object: 'Object Repository/Факторный анализ/Переключить отображение с филиала на месяц' is clicked on

11-03-2025T04:11:00 - [MESSAGE][PASSED] - Object: 'Object Repository/Факторный анализ/Переключить отображение с филиала на месяц' is clicked on

11-03-2025T04:11:00 - [TEST_STEP][PASSED] - typeOfData = "Месяц": null

11-03-2025T04:11:00 - [TEST_STEP][PASSED] - Script1687405718449.Test(todaysDate, typeOfData): null

11-03-2025T04:11:00 - [TEST_STEP][PASSED] - delay(10): Delayed 10 second(s)

11-03-2025T04:11:10 - [MESSAGE][PASSED] - Delayed 10 second(s)

11-03-2025T04:11:10 - [TEST_STEP][PASSED] - if (verifyTextNotPresent("нет данных", false) == true): null

11-03-2025T04:11:10 - [MESSAGE][PASSED] - Text 'нет данных' is not present on page

11-03-2025T04:11:10 - [TEST_STEP][PASSED] - if (verifyTextNotPresent("Ошибка запроса данных", false) == true): null

11-03-2025T04:11:11 - [MESSAGE][PASSED] - Text 'Ошибка запроса данных' is not present on page

11-03-2025T04:11:11 - [TEST_STEP][PASSED] - if (verifyTextNotPresent("Произошла ошибка при выполнении пользовательского кода", false) == true): null

11-03-2025T04:11:11 - [MESSAGE][PASSED] - Text 'Произошла ошибка при выполнении пользовательского кода' is not present on page

11-03-2025T04:11:11 - [TEST_STEP][PASSED] - if (verifyTextNotPresent("У виджета нет данных", false) == true): null

11-03-2025T04:11:12 - [MESSAGE][PASSED] - Text 'У виджета нет данных' is not present on page

11-03-2025T04:11:12 - [TEST_STEP][PASSED] - if (verifyTextNotPresent("У виджета нет данных", false) == true): Text 'У виджета нет данных' is not present on page

11-03-2025T04:11:12 - [MESSAGE][PASSED] - Text 'У виджета нет данных' is not present on page

11-03-2025T04:11:12 - [TEST_STEP][PASSED] - click(findTestObject("Факторный анализ/Переключить отображение с месяца на филиал")): Object: 'Object Repository/Факторный анализ/Переключить отображение с месяца на филиал' is clicked on

11-03-2025T04:11:12 - [MESSAGE][PASSED] - Object: 'Object Repository/Факторный анализ/Переключить отображение с месяца на филиал' is clicked on

11-03-2025T04:11:12 - [TEST_STEP][PASSED] - click(findTestObject("Факторный анализ/Фильтр ДЗО")): Object: 'Object Repository/Факторный анализ/Фильтр ДЗО' is clicked on

11-03-2025T04:11:13 - [MESSAGE][PASSED] - Object: 'Object Repository/Факторный анализ/Фильтр ДЗО' is clicked on

11-03-2025T04:11:13 - [TEST_STEP][PASSED] - click(findTestObject("Факторный анализ/Снять выделение в фильтре ДЗО")): Object: 'Object Repository/Факторный анализ/Снять выделение в фильтре ДЗО' is clicked on

11-03-2025T04:11:13 - [MESSAGE][PASSED] - Object: 'Object Repository/Факторный анализ/Снять выделение в фильтре ДЗО' is clicked on

11-03-2025T04:11:13 - [TEST_STEP][PASSED] - scrollToElement(findTestObject("Общие объекты/Оренбургэнерго"), 30): Scroll to object 'Object Repository/Общие объекты/Оренбургэнерго' successfully

11-03-2025T04:11:14 - [MESSAGE][PASSED] - Scroll to object 'Object Repository/Общие объекты/Оренбургэнерго' successfully

11-03-2025T04:11:14 - [TEST_STEP][PASSED] - click(findTestObject("Общие объекты/Оренбургэнерго")): Object: 'Object Repository/Общие объекты/Оренбургэнерго' is clicked on

11-03-2025T04:11:14 - [MESSAGE][PASSED] - Object: 'Object Repository/Общие объекты/Оренбургэнерго' is clicked on

11-03-2025T04:11:14 - [TEST_STEP][PASSED] - Script1687405718449.Change(todaysDate, typeOfData): null

11-03-2025T04:11:14 - [TEST_STEP][PASSED] - scrollToElement(findTestObject("Факторный анализ/Заголовок дашборда"), 30): Scroll to object 'Object Repository/Факторный анализ/Заголовок дашборда' successfully

11-03-2025T04:11:14 - [MESSAGE][PASSED] - Scroll to object 'Object Repository/Факторный анализ/Заголовок дашборда' successfully

11-03-2025T04:11:14 - [TEST_STEP][PASSED] - click(findTestObject("Факторный анализ/Применить в фильтре ДЗО")): Object: 'Object Repository/Факторный анализ/Применить в фильтре ДЗО' is clicked on

11-03-2025T04:11:15 - [MESSAGE][PASSED] - Object: 'Object Repository/Факторный анализ/Применить в фильтре ДЗО' is clicked on

11-03-2025T04:11:15 - [TEST_STEP][PASSED] - typeOfData = "Филиал": null

11-03-2025T04:11:15 - [TEST_STEP][PASSED] - Script1687405718449.Test(todaysDate, typeOfData): null

11-03-2025T04:11:15 - [TEST_STEP][PASSED] - delay(10): Delayed 10 second(s)

11-03-2025T04:11:25 - [MESSAGE][PASSED] - Delayed 10 second(s)

11-03-2025T04:11:25 - [TEST_STEP][PASSED] - if (verifyTextNotPresent("нет данных", false) == true): null

11-03-2025T04:11:25 - [MESSAGE][PASSED] - Text 'нет данных' is not present on page

11-03-2025T04:11:25 - [TEST_STEP][PASSED] - if (verifyTextNotPresent("Ошибка запроса данных", false) == true): null

11-03-2025T04:11:26 - [MESSAGE][PASSED] - Text 'Ошибка запроса данных' is not present on page

11-03-2025T04:11:26 - [TEST_STEP][PASSED] - if (verifyTextNotPresent("Произошла ошибка при выполнении пользовательского кода", false) == true): null

11-03-2025T04:11:26 - [MESSAGE][PASSED] - Text 'Произошла ошибка при выполнении пользовательского кода' is not present on page

11-03-2025T04:11:26 - [TEST_STEP][PASSED] - if (verifyTextNotPresent("У виджета нет данных", false) == true): null

11-03-2025T04:11:27 - [MESSAGE][PASSED] - Text 'У виджета нет данных' is not present on page

11-03-2025T04:11:27 - [TEST_STEP][PASSED] - if (verifyTextNotPresent("У виджета нет данных", false) == true): Text 'У виджета нет данных' is not present on page

11-03-2025T04:11:27 - [MESSAGE][PASSED] - Text 'У виджета нет данных' is not present on page

11-03-2025T04:11:27 - [TEST_STEP][PASSED] - click(findTestObject("Факторный анализ/Переключить отображение с филиала на месяц")): Object: 'Object Repository/Факторный анализ/Переключить отображение с филиала на месяц' is clicked on

11-03-2025T04:11:27 - [MESSAGE][PASSED] - Object: 'Object Repository/Факторный анализ/Переключить отображение с филиала на месяц' is clicked on

11-03-2025T04:11:27 - [TEST_STEP][PASSED] - typeOfData = "Месяц": null

11-03-2025T04:11:27 - [TEST_STEP][PASSED] - Script1687405718449.Test(todaysDate, typeOfData): null

11-03-2025T04:11:27 - [TEST_STEP][PASSED] - delay(10): Delayed 10 second(s)

11-03-2025T04:11:37 - [MESSAGE][PASSED] - Delayed 10 second(s)

11-03-2025T04:11:37 - [TEST_STEP][FAILED] - if (verifyTextNotPresent("нет данных", false) == true): Text 'нет данных' is present on page  (Root cause: com.kms.katalon.core.exception.StepFailedException: Text 'нет данных' is present on page 
	at com.kms.katalon.core.webui.keyword.internal.WebUIKeywordMain.stepFailed(WebUIKeywordMain.groovy:64)
	at com.kms.katalon.core.webui.keyword.builtin.VerifyTextNotPresentKeyword$_verifyTextNotPresent_closure1.doCall(VerifyTextNotPresentKeyword.groovy:77)
	at com.kms.katalon.core.webui.keyword.builtin.VerifyTextNotPresentKeyword$_verifyTextNotPresent_closure1.call(VerifyTextNotPresentKeyword.groovy)
	at com.kms.katalon.core.webui.keyword.internal.WebUIKeywordMain.runKeyword(WebUIKeywordMain.groovy:20)
	at com.kms.katalon.core.webui.keyword.builtin.VerifyTextNotPresentKeyword.verifyTextNotPresent(VerifyTextNotPresentKeyword.groovy:82)
	at com.kms.katalon.core.webui.keyword.builtin.VerifyTextNotPresentKeyword.execute(VerifyTextNotPresentKeyword.groovy:68)
	at com.kms.katalon.core.keyword.internal.KeywordExecutor.executeKeywordForPlatform(KeywordExecutor.groovy:74)
	at com.kms.katalon.core.webui.keyword.WebUiBuiltInKeywords.verifyTextNotPresent(WebUiBuiltInKeywords.groovy:1795)
	at Факторный анализ отображение данных все филиалы.Test(Факторный анализ отображение данных все филиалы:789)
	at Факторный анализ отображение данных все филиалы.Change(Факторный анализ отображение данных все филиалы:775)
	at Факторный анализ отображение данных все филиалы.run(Факторный анализ отображение данных все филиалы:214)
	at com.kms.katalon.core.main.ScriptEngine.run(ScriptEngine.java:194)
	at com.kms.katalon.core.main.ScriptEngine.runScriptAsRawText(ScriptEngine.java:119)
	at com.kms.katalon.core.main.TestCaseExecutor.runScript(TestCaseExecutor.java:448)
	at com.kms.katalon.core.main.TestCaseExecutor.doExecute(TestCaseExecutor.java:439)
	at com.kms.katalon.core.main.TestCaseExecutor.processExecutionPhase(TestCaseExecutor.java:418)
	at com.kms.katalon.core.main.TestCaseExecutor.accessMainPhase(TestCaseExecutor.java:410)
	at com.kms.katalon.core.main.TestCaseExecutor.execute(TestCaseExecutor.java:285)
	at com.kms.katalon.core.common.CommonExecutor.accessTestCaseMainPhase(CommonExecutor.java:65)
	at com.kms.katalon.core.main.TestSuiteExecutor.accessTestSuiteMainPhase(TestSuiteExecutor.java:150)
	at com.kms.katalon.core.main.TestSuiteExecutor.execute(TestSuiteExecutor.java:106)
	at com.kms.katalon.core.main.TestCaseMain.startTestSuite(TestCaseMain.java:180)
	at TempTestSuite1741649958618.run(TempTestSuite1741649958618.groovy:35)
	at java.base/jdk.internal.reflect.NativeMethodAccessorImpl.invoke0(Native Method)
	at java.base/jdk.internal.reflect.NativeMethodAccessorImpl.invoke(NativeMethodAccessorImpl.java:77)
	at java.base/jdk.internal.reflect.DelegatingMethodAccessorImpl.invoke(DelegatingMethodAccessorImpl.java:43)
)

11-03-2025T04:11:38 - [MESSAGE][FAILED] - Text 'нет данных' is present on page  (Root cause: com.kms.katalon.core.exception.StepFailedException: Text 'нет данных' is present on page 
	at com.kms.katalon.core.webui.keyword.internal.WebUIKeywordMain.stepFailed(WebUIKeywordMain.groovy:64)
	at com.kms.katalon.core.webui.keyword.builtin.VerifyTextNotPresentKeyword$_verifyTextNotPresent_closure1.doCall(VerifyTextNotPresentKeyword.groovy:77)
	at com.kms.katalon.core.webui.keyword.builtin.VerifyTextNotPresentKeyword$_verifyTextNotPresent_closure1.call(VerifyTextNotPresentKeyword.groovy)
	at com.kms.katalon.core.webui.keyword.internal.WebUIKeywordMain.runKeyword(WebUIKeywordMain.groovy:20)
	at com.kms.katalon.core.webui.keyword.builtin.VerifyTextNotPresentKeyword.verifyTextNotPresent(VerifyTextNotPresentKeyword.groovy:82)
	at com.kms.katalon.core.webui.keyword.builtin.VerifyTextNotPresentKeyword.execute(VerifyTextNotPresentKeyword.groovy:68)
	at com.kms.katalon.core.keyword.internal.KeywordExecutor.executeKeywordForPlatform(KeywordExecutor.groovy:74)
	at com.kms.katalon.core.webui.keyword.WebUiBuiltInKeywords.verifyTextNotPresent(WebUiBuiltInKeywords.groovy:1795)
	at Факторный анализ отображение данных все филиалы.Test(Факторный анализ отображение данных все филиалы:789)
	at Факторный анализ отображение данных все филиалы.Change(Факторный анализ отображение данных все филиалы:775)
	at Факторный анализ отображение данных все филиалы.run(Факторный анализ отображение данных все филиалы:214)
	at com.kms.katalon.core.main.ScriptEngine.run(ScriptEngine.java:194)
	at com.kms.katalon.core.main.ScriptEngine.runScriptAsRawText(ScriptEngine.java:119)
	at com.kms.katalon.core.main.TestCaseExecutor.runScript(TestCaseExecutor.java:448)
	at com.kms.katalon.core.main.TestCaseExecutor.doExecute(TestCaseExecutor.java:439)
	at com.kms.katalon.core.main.TestCaseExecutor.processExecutionPhase(TestCaseExecutor.java:418)
	at com.kms.katalon.core.main.TestCaseExecutor.accessMainPhase(TestCaseExecutor.java:410)
	at com.kms.katalon.core.main.TestCaseExecutor.execute(TestCaseExecutor.java:285)
	at com.kms.katalon.core.common.CommonExecutor.accessTestCaseMainPhase(CommonExecutor.java:65)
	at com.kms.katalon.core.main.TestSuiteExecutor.accessTestSuiteMainPhase(TestSuiteExecutor.java:150)
	at com.kms.katalon.core.main.TestSuiteExecutor.execute(TestSuiteExecutor.java:106)
	at com.kms.katalon.core.main.TestCaseMain.startTestSuite(TestCaseMain.java:180)
	at TempTestSuite1741649958618.run(TempTestSuite1741649958618.groovy:35)
	at java.base/jdk.internal.reflect.NativeMethodAccessorImpl.invoke0(Native Method)
	at java.base/jdk.internal.reflect.NativeMethodAccessorImpl.invoke(NativeMethodAccessorImpl.java:77)
	at java.base/jdk.internal.reflect.DelegatingMethodAccessorImpl.invoke(DelegatingMethodAccessorImpl.java:43)
)

11-03-2025T04:11:38 - [TEST_STEP][PASSED] - else: null

11-03-2025T04:11:38 - [TEST_STEP][PASSED] - Script1687405718449.WriteToExcel(todaysDate, typeOfData): null

11-03-2025T04:11:38 - [TEST_STEP][PASSED] - sheetName = "Sheet1": null

11-03-2025T04:11:38 - [TEST_STEP][PASSED] - data = findTestData("PlanFact"): null

11-03-2025T04:11:38 - [TEST_STEP][PASSED] - n = data.getRowNumbers() + 1: null

11-03-2025T04:11:38 - [TEST_STEP][PASSED] - dZO = getText(findTestObject("Факторный анализ/Фильтр ДЗО")): Text of object 'Object Repository/Факторный анализ/Фильтр ДЗО' is: 'ПАО Россети - РаспредКомплекс - Россети Волга - Оренбургэнерго'

11-03-2025T04:11:38 - [MESSAGE][PASSED] - Text of object 'Object Repository/Факторный анализ/Фильтр ДЗО' is: 'ПАО Россети - РаспредКомплекс - Россети Волга - Оренбургэнерго'

11-03-2025T04:11:38 - [TEST_STEP][PASSED] - period = getText(findTestObject("Факторный анализ/Фильтр Период")): Text of object 'Object Repository/Факторный анализ/Фильтр Период' is: 'Январь 2025 года'

11-03-2025T04:11:38 - [MESSAGE][PASSED] - Text of object 'Object Repository/Факторный анализ/Фильтр Период' is: 'Январь 2025 года'

11-03-2025T04:11:38 - [TEST_STEP][PASSED] - println(period): null

11-03-2025T04:11:38 - [TEST_STEP][PASSED] - dashboardName = "Факторный анализ": null

11-03-2025T04:11:38 - [TEST_STEP][PASSED] - workbook01 = getWorkbook(excelFilePath): null

11-03-2025T04:11:38 - [TEST_STEP][PASSED] - sheet01 = getExcelSheet(workbook01, sheetName): null

11-03-2025T04:11:38 - [TEST_STEP][PASSED] - setValueToCellByIndex(sheet01, n, 0, dashboardName): null

11-03-2025T04:11:39 - [TEST_STEP][PASSED] - setValueToCellByIndex(sheet01, n, 1, dZO): null

11-03-2025T04:11:39 - [TEST_STEP][PASSED] - setValueToCellByIndex(sheet01, n, 2, period): null

11-03-2025T04:11:39 - [TEST_STEP][PASSED] - setValueToCellByIndex(sheet01, n, 3, typeOfData): null

11-03-2025T04:11:39 - [TEST_STEP][PASSED] - setValueToCellByIndex(sheet01, n, 4, todaysDate): null

11-03-2025T04:11:39 - [TEST_STEP][PASSED] - n = n + 1: null

11-03-2025T04:11:39 - [TEST_STEP][PASSED] - saveWorkbook(excelFilePath, workbook01): null

11-03-2025T04:11:39 - [TEST_STEP][PASSED] - click(findTestObject("Факторный анализ/Переключить отображение с месяца на филиал")): Object: 'Object Repository/Факторный анализ/Переключить отображение с месяца на филиал' is clicked on

11-03-2025T04:11:39 - [MESSAGE][PASSED] - Object: 'Object Repository/Факторный анализ/Переключить отображение с месяца на филиал' is clicked on

11-03-2025T04:11:39 - [TEST_STEP][PASSED] - click(findTestObject("Факторный анализ/Фильтр ДЗО")): Object: 'Object Repository/Факторный анализ/Фильтр ДЗО' is clicked on

11-03-2025T04:11:39 - [MESSAGE][PASSED] - Object: 'Object Repository/Факторный анализ/Фильтр ДЗО' is clicked on

11-03-2025T04:11:39 - [TEST_STEP][PASSED] - click(findTestObject("Факторный анализ/Снять выделение в фильтре ДЗО")): Object: 'Object Repository/Факторный анализ/Снять выделение в фильтре ДЗО' is clicked on

11-03-2025T04:11:40 - [MESSAGE][PASSED] - Object: 'Object Repository/Факторный анализ/Снять выделение в фильтре ДЗО' is clicked on

11-03-2025T04:11:40 - [TEST_STEP][PASSED] - scrollToElement(findTestObject("Общие объекты/Пензаэнерго"), 30): Scroll to object 'Object Repository/Общие объекты/Пензаэнерго' successfully

11-03-2025T04:11:40 - [MESSAGE][PASSED] - Scroll to object 'Object Repository/Общие объекты/Пензаэнерго' successfully

11-03-2025T04:11:40 - [TEST_STEP][PASSED] - click(findTestObject("Общие объекты/Пензаэнерго")): Object: 'Object Repository/Общие объекты/Пензаэнерго' is clicked on

11-03-2025T04:11:40 - [MESSAGE][PASSED] - Object: 'Object Repository/Общие объекты/Пензаэнерго' is clicked on

11-03-2025T04:11:40 - [TEST_STEP][PASSED] - Script1687405718449.Change(todaysDate, typeOfData): null

11-03-2025T04:11:40 - [TEST_STEP][PASSED] - scrollToElement(findTestObject("Факторный анализ/Заголовок дашборда"), 30): Scroll to object 'Object Repository/Факторный анализ/Заголовок дашборда' successfully

11-03-2025T04:11:41 - [MESSAGE][PASSED] - Scroll to object 'Object Repository/Факторный анализ/Заголовок дашборда' successfully

11-03-2025T04:11:41 - [TEST_STEP][PASSED] - click(findTestObject("Факторный анализ/Применить в фильтре ДЗО")): Object: 'Object Repository/Факторный анализ/Применить в фильтре ДЗО' is clicked on

11-03-2025T04:11:41 - [MESSAGE][PASSED] - Object: 'Object Repository/Факторный анализ/Применить в фильтре ДЗО' is clicked on

11-03-2025T04:11:41 - [TEST_STEP][PASSED] - typeOfData = "Филиал": null

11-03-2025T04:11:41 - [TEST_STEP][PASSED] - Script1687405718449.Test(todaysDate, typeOfData): null

11-03-2025T04:11:41 - [TEST_STEP][PASSED] - delay(10): Delayed 10 second(s)

11-03-2025T04:11:51 - [MESSAGE][PASSED] - Delayed 10 second(s)

11-03-2025T04:11:51 - [TEST_STEP][PASSED] - if (verifyTextNotPresent("нет данных", false) == true): null

11-03-2025T04:11:52 - [MESSAGE][PASSED] - Text 'нет данных' is not present on page

11-03-2025T04:11:52 - [TEST_STEP][PASSED] - if (verifyTextNotPresent("Ошибка запроса данных", false) == true): null

11-03-2025T04:11:52 - [MESSAGE][PASSED] - Text 'Ошибка запроса данных' is not present on page

11-03-2025T04:11:52 - [TEST_STEP][PASSED] - if (verifyTextNotPresent("Произошла ошибка при выполнении пользовательского кода", false) == true): null

11-03-2025T04:11:53 - [MESSAGE][PASSED] - Text 'Произошла ошибка при выполнении пользовательского кода' is not present on page

11-03-2025T04:11:53 - [TEST_STEP][PASSED] - if (verifyTextNotPresent("У виджета нет данных", false) == true): null

11-03-2025T04:11:53 - [MESSAGE][PASSED] - Text 'У виджета нет данных' is not present on page

11-03-2025T04:11:53 - [TEST_STEP][PASSED] - if (verifyTextNotPresent("У виджета нет данных", false) == true): Text 'У виджета нет данных' is not present on page

11-03-2025T04:11:54 - [MESSAGE][PASSED] - Text 'У виджета нет данных' is not present on page

11-03-2025T04:11:54 - [TEST_STEP][PASSED] - click(findTestObject("Факторный анализ/Переключить отображение с филиала на месяц")): Object: 'Object Repository/Факторный анализ/Переключить отображение с филиала на месяц' is clicked on

11-03-2025T04:11:54 - [MESSAGE][PASSED] - Object: 'Object Repository/Факторный анализ/Переключить отображение с филиала на месяц' is clicked on

11-03-2025T04:11:54 - [TEST_STEP][PASSED] - typeOfData = "Месяц": null

11-03-2025T04:11:54 - [TEST_STEP][PASSED] - Script1687405718449.Test(todaysDate, typeOfData): null

11-03-2025T04:11:54 - [TEST_STEP][PASSED] - delay(10): Delayed 10 second(s)

11-03-2025T04:12:04 - [MESSAGE][PASSED] - Delayed 10 second(s)

11-03-2025T04:12:04 - [TEST_STEP][PASSED] - if (verifyTextNotPresent("нет данных", false) == true): null

11-03-2025T04:12:05 - [MESSAGE][PASSED] - Text 'нет данных' is not present on page

11-03-2025T04:12:05 - [TEST_STEP][PASSED] - if (verifyTextNotPresent("Ошибка запроса данных", false) == true): null

11-03-2025T04:12:05 - [MESSAGE][PASSED] - Text 'Ошибка запроса данных' is not present on page

11-03-2025T04:12:05 - [TEST_STEP][PASSED] - if (verifyTextNotPresent("Произошла ошибка при выполнении пользовательского кода", false) == true): null

11-03-2025T04:12:06 - [MESSAGE][PASSED] - Text 'Произошла ошибка при выполнении пользовательского кода' is not present on page

11-03-2025T04:12:06 - [TEST_STEP][PASSED] - if (verifyTextNotPresent("У виджета нет данных", false) == true): null

11-03-2025T04:12:06 - [MESSAGE][PASSED] - Text 'У виджета нет данных' is not present on page

11-03-2025T04:12:06 - [TEST_STEP][PASSED] - if (verifyTextNotPresent("У виджета нет данных", false) == true): Text 'У виджета нет данных' is not present on page

11-03-2025T04:12:06 - [MESSAGE][PASSED] - Text 'У виджета нет данных' is not present on page

11-03-2025T04:12:06 - [TEST_STEP][PASSED] - click(findTestObject("Факторный анализ/Переключить отображение с месяца на филиал")): Object: 'Object Repository/Факторный анализ/Переключить отображение с месяца на филиал' is clicked on

11-03-2025T04:12:07 - [MESSAGE][PASSED] - Object: 'Object Repository/Факторный анализ/Переключить отображение с месяца на филиал' is clicked on

11-03-2025T04:12:07 - [TEST_STEP][PASSED] - click(findTestObject("Факторный анализ/Фильтр ДЗО")): Object: 'Object Repository/Факторный анализ/Фильтр ДЗО' is clicked on

11-03-2025T04:12:07 - [MESSAGE][PASSED] - Object: 'Object Repository/Факторный анализ/Фильтр ДЗО' is clicked on

11-03-2025T04:12:07 - [TEST_STEP][PASSED] - click(findTestObject("Факторный анализ/Снять выделение в фильтре ДЗО")): Object: 'Object Repository/Факторный анализ/Снять выделение в фильтре ДЗО' is clicked on

11-03-2025T04:12:08 - [MESSAGE][PASSED] - Object: 'Object Repository/Факторный анализ/Снять выделение в фильтре ДЗО' is clicked on

11-03-2025T04:12:08 - [TEST_STEP][PASSED] - scrollToElement(findTestObject("Общие объекты/Самарские РС"), 30): Scroll to object 'Object Repository/Общие объекты/Самарские РС' successfully

11-03-2025T04:12:08 - [MESSAGE][PASSED] - Scroll to object 'Object Repository/Общие объекты/Самарские РС' successfully

11-03-2025T04:12:08 - [TEST_STEP][PASSED] - click(findTestObject("Общие объекты/Самарские РС")): Object: 'Object Repository/Общие объекты/Самарские РС' is clicked on

11-03-2025T04:12:08 - [MESSAGE][PASSED] - Object: 'Object Repository/Общие объекты/Самарские РС' is clicked on

11-03-2025T04:12:08 - [TEST_STEP][PASSED] - Script1687405718449.Change(todaysDate, typeOfData): null

11-03-2025T04:12:08 - [TEST_STEP][PASSED] - scrollToElement(findTestObject("Факторный анализ/Заголовок дашборда"), 30): Scroll to object 'Object Repository/Факторный анализ/Заголовок дашборда' successfully

11-03-2025T04:12:09 - [MESSAGE][PASSED] - Scroll to object 'Object Repository/Факторный анализ/Заголовок дашборда' successfully

11-03-2025T04:12:09 - [TEST_STEP][PASSED] - click(findTestObject("Факторный анализ/Применить в фильтре ДЗО")): Object: 'Object Repository/Факторный анализ/Применить в фильтре ДЗО' is clicked on

11-03-2025T04:12:09 - [MESSAGE][PASSED] - Object: 'Object Repository/Факторный анализ/Применить в фильтре ДЗО' is clicked on

11-03-2025T04:12:09 - [TEST_STEP][PASSED] - typeOfData = "Филиал": null

11-03-2025T04:12:09 - [TEST_STEP][PASSED] - Script1687405718449.Test(todaysDate, typeOfData): null

11-03-2025T04:12:09 - [TEST_STEP][PASSED] - delay(10): Delayed 10 second(s)

11-03-2025T04:12:19 - [MESSAGE][PASSED] - Delayed 10 second(s)

11-03-2025T04:12:19 - [TEST_STEP][PASSED] - if (verifyTextNotPresent("нет данных", false) == true): null

11-03-2025T04:12:20 - [MESSAGE][PASSED] - Text 'нет данных' is not present on page

11-03-2025T04:12:20 - [TEST_STEP][PASSED] - if (verifyTextNotPresent("Ошибка запроса данных", false) == true): null

11-03-2025T04:12:20 - [MESSAGE][PASSED] - Text 'Ошибка запроса данных' is not present on page

11-03-2025T04:12:20 - [TEST_STEP][PASSED] - if (verifyTextNotPresent("Произошла ошибка при выполнении пользовательского кода", false) == true): null

11-03-2025T04:12:21 - [MESSAGE][PASSED] - Text 'Произошла ошибка при выполнении пользовательского кода' is not present on page

11-03-2025T04:12:21 - [TEST_STEP][PASSED] - if (verifyTextNotPresent("У виджета нет данных", false) == true): null

11-03-2025T04:12:21 - [MESSAGE][PASSED] - Text 'У виджета нет данных' is not present on page

11-03-2025T04:12:21 - [TEST_STEP][PASSED] - if (verifyTextNotPresent("У виджета нет данных", false) == true): Text 'У виджета нет данных' is not present on page

11-03-2025T04:12:22 - [MESSAGE][PASSED] - Text 'У виджета нет данных' is not present on page

11-03-2025T04:12:22 - [TEST_STEP][PASSED] - click(findTestObject("Факторный анализ/Переключить отображение с филиала на месяц")): Object: 'Object Repository/Факторный анализ/Переключить отображение с филиала на месяц' is clicked on

11-03-2025T04:12:22 - [MESSAGE][PASSED] - Object: 'Object Repository/Факторный анализ/Переключить отображение с филиала на месяц' is clicked on

11-03-2025T04:12:22 - [TEST_STEP][PASSED] - typeOfData = "Месяц": null

11-03-2025T04:12:22 - [TEST_STEP][PASSED] - Script1687405718449.Test(todaysDate, typeOfData): null

11-03-2025T04:12:22 - [TEST_STEP][PASSED] - delay(10): Delayed 10 second(s)

11-03-2025T04:12:32 - [MESSAGE][PASSED] - Delayed 10 second(s)

11-03-2025T04:12:32 - [TEST_STEP][PASSED] - if (verifyTextNotPresent("нет данных", false) == true): null

11-03-2025T04:12:32 - [MESSAGE][PASSED] - Text 'нет данных' is not present on page

11-03-2025T04:12:32 - [TEST_STEP][PASSED] - if (verifyTextNotPresent("Ошибка запроса данных", false) == true): null

11-03-2025T04:12:33 - [MESSAGE][PASSED] - Text 'Ошибка запроса данных' is not present on page

11-03-2025T04:12:33 - [TEST_STEP][PASSED] - if (verifyTextNotPresent("Произошла ошибка при выполнении пользовательского кода", false) == true): null

11-03-2025T04:12:33 - [MESSAGE][PASSED] - Text 'Произошла ошибка при выполнении пользовательского кода' is not present on page

11-03-2025T04:12:33 - [TEST_STEP][PASSED] - if (verifyTextNotPresent("У виджета нет данных", false) == true): null

11-03-2025T04:12:34 - [MESSAGE][PASSED] - Text 'У виджета нет данных' is not present on page

11-03-2025T04:12:34 - [TEST_STEP][PASSED] - if (verifyTextNotPresent("У виджета нет данных", false) == true): Text 'У виджета нет данных' is not present on page

11-03-2025T04:12:34 - [MESSAGE][PASSED] - Text 'У виджета нет данных' is not present on page

11-03-2025T04:12:34 - [TEST_STEP][PASSED] - click(findTestObject("Факторный анализ/Переключить отображение с месяца на филиал")): Object: 'Object Repository/Факторный анализ/Переключить отображение с месяца на филиал' is clicked on

11-03-2025T04:12:35 - [MESSAGE][PASSED] - Object: 'Object Repository/Факторный анализ/Переключить отображение с месяца на филиал' is clicked on

11-03-2025T04:12:35 - [TEST_STEP][PASSED] - click(findTestObject("Факторный анализ/Фильтр ДЗО")): Object: 'Object Repository/Факторный анализ/Фильтр ДЗО' is clicked on

11-03-2025T04:12:35 - [MESSAGE][PASSED] - Object: 'Object Repository/Факторный анализ/Фильтр ДЗО' is clicked on

11-03-2025T04:12:35 - [TEST_STEP][PASSED] - click(findTestObject("Факторный анализ/Снять выделение в фильтре ДЗО")): Object: 'Object Repository/Факторный анализ/Снять выделение в фильтре ДЗО' is clicked on

11-03-2025T04:12:35 - [MESSAGE][PASSED] - Object: 'Object Repository/Факторный анализ/Снять выделение в фильтре ДЗО' is clicked on

11-03-2025T04:12:35 - [TEST_STEP][PASSED] - scrollToElement(findTestObject("Общие объекты/Саратовские РС"), 30): Scroll to object 'Object Repository/Общие объекты/Саратовские РС' successfully

11-03-2025T04:12:36 - [MESSAGE][PASSED] - Scroll to object 'Object Repository/Общие объекты/Саратовские РС' successfully

11-03-2025T04:12:36 - [TEST_STEP][PASSED] - click(findTestObject("Общие объекты/Саратовские РС")): Object: 'Object Repository/Общие объекты/Саратовские РС' is clicked on

11-03-2025T04:12:36 - [MESSAGE][PASSED] - Object: 'Object Repository/Общие объекты/Саратовские РС' is clicked on

11-03-2025T04:12:36 - [TEST_STEP][PASSED] - Script1687405718449.Change(todaysDate, typeOfData): null

11-03-2025T04:12:36 - [TEST_STEP][PASSED] - scrollToElement(findTestObject("Факторный анализ/Заголовок дашборда"), 30): Scroll to object 'Object Repository/Факторный анализ/Заголовок дашборда' successfully

11-03-2025T04:12:37 - [MESSAGE][PASSED] - Scroll to object 'Object Repository/Факторный анализ/Заголовок дашборда' successfully

11-03-2025T04:12:37 - [TEST_STEP][PASSED] - click(findTestObject("Факторный анализ/Применить в фильтре ДЗО")): Object: 'Object Repository/Факторный анализ/Применить в фильтре ДЗО' is clicked on

11-03-2025T04:12:37 - [MESSAGE][PASSED] - Object: 'Object Repository/Факторный анализ/Применить в фильтре ДЗО' is clicked on

11-03-2025T04:12:37 - [TEST_STEP][PASSED] - typeOfData = "Филиал": null

11-03-2025T04:12:37 - [TEST_STEP][PASSED] - Script1687405718449.Test(todaysDate, typeOfData): null

11-03-2025T04:12:37 - [TEST_STEP][PASSED] - delay(10): Delayed 10 second(s)

11-03-2025T04:12:47 - [MESSAGE][PASSED] - Delayed 10 second(s)

11-03-2025T04:12:47 - [TEST_STEP][PASSED] - if (verifyTextNotPresent("нет данных", false) == true): null

11-03-2025T04:12:48 - [MESSAGE][PASSED] - Text 'нет данных' is not present on page

11-03-2025T04:12:48 - [TEST_STEP][PASSED] - if (verifyTextNotPresent("Ошибка запроса данных", false) == true): null

11-03-2025T04:12:48 - [MESSAGE][PASSED] - Text 'Ошибка запроса данных' is not present on page

11-03-2025T04:12:48 - [TEST_STEP][PASSED] - if (verifyTextNotPresent("Произошла ошибка при выполнении пользовательского кода", false) == true): null

11-03-2025T04:12:48 - [MESSAGE][PASSED] - Text 'Произошла ошибка при выполнении пользовательского кода' is not present on page

11-03-2025T04:12:48 - [TEST_STEP][PASSED] - if (verifyTextNotPresent("У виджета нет данных", false) == true): null

11-03-2025T04:12:49 - [MESSAGE][PASSED] - Text 'У виджета нет данных' is not present on page

11-03-2025T04:12:49 - [TEST_STEP][PASSED] - if (verifyTextNotPresent("У виджета нет данных", false) == true): Text 'У виджета нет данных' is not present on page

11-03-2025T04:12:49 - [MESSAGE][PASSED] - Text 'У виджета нет данных' is not present on page

11-03-2025T04:12:49 - [TEST_STEP][PASSED] - click(findTestObject("Факторный анализ/Переключить отображение с филиала на месяц")): Object: 'Object Repository/Факторный анализ/Переключить отображение с филиала на месяц' is clicked on

11-03-2025T04:12:50 - [MESSAGE][PASSED] - Object: 'Object Repository/Факторный анализ/Переключить отображение с филиала на месяц' is clicked on

11-03-2025T04:12:50 - [TEST_STEP][PASSED] - typeOfData = "Месяц": null

11-03-2025T04:12:50 - [TEST_STEP][PASSED] - Script1687405718449.Test(todaysDate, typeOfData): null

11-03-2025T04:12:50 - [TEST_STEP][PASSED] - delay(10): Delayed 10 second(s)

11-03-2025T04:13:00 - [MESSAGE][PASSED] - Delayed 10 second(s)

11-03-2025T04:13:00 - [TEST_STEP][PASSED] - if (verifyTextNotPresent("нет данных", false) == true): null

11-03-2025T04:13:00 - [MESSAGE][PASSED] - Text 'нет данных' is not present on page

11-03-2025T04:13:00 - [TEST_STEP][PASSED] - if (verifyTextNotPresent("Ошибка запроса данных", false) == true): null

11-03-2025T04:13:01 - [MESSAGE][PASSED] - Text 'Ошибка запроса данных' is not present on page

11-03-2025T04:13:01 - [TEST_STEP][PASSED] - if (verifyTextNotPresent("Произошла ошибка при выполнении пользовательского кода", false) == true): null

11-03-2025T04:13:01 - [MESSAGE][PASSED] - Text 'Произошла ошибка при выполнении пользовательского кода' is not present on page

11-03-2025T04:13:01 - [TEST_STEP][PASSED] - if (verifyTextNotPresent("У виджета нет данных", false) == true): null

11-03-2025T04:13:02 - [MESSAGE][PASSED] - Text 'У виджета нет данных' is not present on page

11-03-2025T04:13:02 - [TEST_STEP][PASSED] - if (verifyTextNotPresent("У виджета нет данных", false) == true): Text 'У виджета нет данных' is not present on page

11-03-2025T04:13:02 - [MESSAGE][PASSED] - Text 'У виджета нет данных' is not present on page

11-03-2025T04:13:02 - [TEST_STEP][PASSED] - click(findTestObject("Факторный анализ/Переключить отображение с месяца на филиал")): Object: 'Object Repository/Факторный анализ/Переключить отображение с месяца на филиал' is clicked on

11-03-2025T04:13:02 - [MESSAGE][PASSED] - Object: 'Object Repository/Факторный анализ/Переключить отображение с месяца на филиал' is clicked on

11-03-2025T04:13:02 - [TEST_STEP][PASSED] - click(findTestObject("Факторный анализ/Фильтр ДЗО")): Object: 'Object Repository/Факторный анализ/Фильтр ДЗО' is clicked on

11-03-2025T04:13:03 - [MESSAGE][PASSED] - Object: 'Object Repository/Факторный анализ/Фильтр ДЗО' is clicked on

11-03-2025T04:13:03 - [TEST_STEP][PASSED] - click(findTestObject("Факторный анализ/Снять выделение в фильтре ДЗО")): Object: 'Object Repository/Факторный анализ/Снять выделение в фильтре ДЗО' is clicked on

11-03-2025T04:13:03 - [MESSAGE][PASSED] - Object: 'Object Repository/Факторный анализ/Снять выделение в фильтре ДЗО' is clicked on

11-03-2025T04:13:03 - [TEST_STEP][PASSED] - scrollToElement(findTestObject("Общие объекты/Ульяновские РС"), 30): Scroll to object 'Object Repository/Общие объекты/Ульяновские РС' successfully

11-03-2025T04:13:03 - [MESSAGE][PASSED] - Scroll to object 'Object Repository/Общие объекты/Ульяновские РС' successfully

11-03-2025T04:13:03 - [TEST_STEP][PASSED] - click(findTestObject("Общие объекты/Ульяновские РС")): Object: 'Object Repository/Общие объекты/Ульяновские РС' is clicked on

11-03-2025T04:13:04 - [MESSAGE][PASSED] - Object: 'Object Repository/Общие объекты/Ульяновские РС' is clicked on

11-03-2025T04:13:04 - [TEST_STEP][PASSED] - Script1687405718449.Change(todaysDate, typeOfData): null

11-03-2025T04:13:04 - [TEST_STEP][PASSED] - scrollToElement(findTestObject("Факторный анализ/Заголовок дашборда"), 30): Scroll to object 'Object Repository/Факторный анализ/Заголовок дашборда' successfully

11-03-2025T04:13:04 - [MESSAGE][PASSED] - Scroll to object 'Object Repository/Факторный анализ/Заголовок дашборда' successfully

11-03-2025T04:13:04 - [TEST_STEP][PASSED] - click(findTestObject("Факторный анализ/Применить в фильтре ДЗО")): Object: 'Object Repository/Факторный анализ/Применить в фильтре ДЗО' is clicked on

11-03-2025T04:13:05 - [MESSAGE][PASSED] - Object: 'Object Repository/Факторный анализ/Применить в фильтре ДЗО' is clicked on

11-03-2025T04:13:05 - [TEST_STEP][PASSED] - typeOfData = "Филиал": null

11-03-2025T04:13:05 - [TEST_STEP][PASSED] - Script1687405718449.Test(todaysDate, typeOfData): null

11-03-2025T04:13:05 - [TEST_STEP][PASSED] - delay(10): Delayed 10 second(s)

11-03-2025T04:13:15 - [MESSAGE][PASSED] - Delayed 10 second(s)

11-03-2025T04:13:15 - [TEST_STEP][PASSED] - if (verifyTextNotPresent("нет данных", false) == true): null

11-03-2025T04:13:15 - [MESSAGE][PASSED] - Text 'нет данных' is not present on page

11-03-2025T04:13:15 - [TEST_STEP][PASSED] - if (verifyTextNotPresent("Ошибка запроса данных", false) == true): null

11-03-2025T04:13:16 - [MESSAGE][PASSED] - Text 'Ошибка запроса данных' is not present on page

11-03-2025T04:13:16 - [TEST_STEP][PASSED] - if (verifyTextNotPresent("Произошла ошибка при выполнении пользовательского кода", false) == true): null

11-03-2025T04:13:16 - [MESSAGE][PASSED] - Text 'Произошла ошибка при выполнении пользовательского кода' is not present on page

11-03-2025T04:13:16 - [TEST_STEP][PASSED] - if (verifyTextNotPresent("У виджета нет данных", false) == true): null

11-03-2025T04:13:17 - [MESSAGE][PASSED] - Text 'У виджета нет данных' is not present on page

11-03-2025T04:13:17 - [TEST_STEP][PASSED] - if (verifyTextNotPresent("У виджета нет данных", false) == true): Text 'У виджета нет данных' is not present on page

11-03-2025T04:13:17 - [MESSAGE][PASSED] - Text 'У виджета нет данных' is not present on page

11-03-2025T04:13:17 - [TEST_STEP][PASSED] - click(findTestObject("Факторный анализ/Переключить отображение с филиала на месяц")): Object: 'Object Repository/Факторный анализ/Переключить отображение с филиала на месяц' is clicked on

11-03-2025T04:13:17 - [MESSAGE][PASSED] - Object: 'Object Repository/Факторный анализ/Переключить отображение с филиала на месяц' is clicked on

11-03-2025T04:13:17 - [TEST_STEP][PASSED] - typeOfData = "Месяц": null

11-03-2025T04:13:17 - [TEST_STEP][PASSED] - Script1687405718449.Test(todaysDate, typeOfData): null

11-03-2025T04:13:17 - [TEST_STEP][PASSED] - delay(10): Delayed 10 second(s)

11-03-2025T04:13:28 - [MESSAGE][PASSED] - Delayed 10 second(s)

11-03-2025T04:13:28 - [TEST_STEP][PASSED] - if (verifyTextNotPresent("нет данных", false) == true): null

11-03-2025T04:13:28 - [MESSAGE][PASSED] - Text 'нет данных' is not present on page

11-03-2025T04:13:28 - [TEST_STEP][PASSED] - if (verifyTextNotPresent("Ошибка запроса данных", false) == true): null

11-03-2025T04:13:28 - [MESSAGE][PASSED] - Text 'Ошибка запроса данных' is not present on page

11-03-2025T04:13:28 - [TEST_STEP][PASSED] - if (verifyTextNotPresent("Произошла ошибка при выполнении пользовательского кода", false) == true): null

11-03-2025T04:13:29 - [MESSAGE][PASSED] - Text 'Произошла ошибка при выполнении пользовательского кода' is not present on page

11-03-2025T04:13:29 - [TEST_STEP][PASSED] - if (verifyTextNotPresent("У виджета нет данных", false) == true): null

11-03-2025T04:13:29 - [MESSAGE][PASSED] - Text 'У виджета нет данных' is not present on page

11-03-2025T04:13:29 - [TEST_STEP][PASSED] - if (verifyTextNotPresent("У виджета нет данных", false) == true): Text 'У виджета нет данных' is not present on page

11-03-2025T04:13:30 - [MESSAGE][PASSED] - Text 'У виджета нет данных' is not present on page

11-03-2025T04:13:30 - [TEST_STEP][PASSED] - click(findTestObject("Факторный анализ/Переключить отображение с месяца на филиал")): Object: 'Object Repository/Факторный анализ/Переключить отображение с месяца на филиал' is clicked on

11-03-2025T04:13:30 - [MESSAGE][PASSED] - Object: 'Object Repository/Факторный анализ/Переключить отображение с месяца на филиал' is clicked on

11-03-2025T04:13:30 - [TEST_STEP][PASSED] - click(findTestObject("Факторный анализ/Фильтр ДЗО")): Object: 'Object Repository/Факторный анализ/Фильтр ДЗО' is clicked on

11-03-2025T04:13:30 - [MESSAGE][PASSED] - Object: 'Object Repository/Факторный анализ/Фильтр ДЗО' is clicked on

11-03-2025T04:13:30 - [TEST_STEP][PASSED] - click(findTestObject("Факторный анализ/Снять выделение в фильтре ДЗО")): Object: 'Object Repository/Факторный анализ/Снять выделение в фильтре ДЗО' is clicked on

11-03-2025T04:13:31 - [MESSAGE][PASSED] - Object: 'Object Repository/Факторный анализ/Снять выделение в фильтре ДЗО' is clicked on

11-03-2025T04:13:31 - [TEST_STEP][PASSED] - scrollToElement(findTestObject("Общие объекты/Чувашэнерго"), 30): Scroll to object 'Object Repository/Общие объекты/Чувашэнерго' successfully

11-03-2025T04:13:31 - [MESSAGE][PASSED] - Scroll to object 'Object Repository/Общие объекты/Чувашэнерго' successfully

11-03-2025T04:13:31 - [TEST_STEP][PASSED] - click(findTestObject("Общие объекты/Чувашэнерго")): Object: 'Object Repository/Общие объекты/Чувашэнерго' is clicked on

11-03-2025T04:13:32 - [MESSAGE][PASSED] - Object: 'Object Repository/Общие объекты/Чувашэнерго' is clicked on

11-03-2025T04:13:32 - [TEST_STEP][PASSED] - Script1687405718449.Change(todaysDate, typeOfData): null

11-03-2025T04:13:32 - [TEST_STEP][PASSED] - scrollToElement(findTestObject("Факторный анализ/Заголовок дашборда"), 30): Scroll to object 'Object Repository/Факторный анализ/Заголовок дашборда' successfully

11-03-2025T04:13:32 - [MESSAGE][PASSED] - Scroll to object 'Object Repository/Факторный анализ/Заголовок дашборда' successfully

11-03-2025T04:13:32 - [TEST_STEP][PASSED] - click(findTestObject("Факторный анализ/Применить в фильтре ДЗО")): Object: 'Object Repository/Факторный анализ/Применить в фильтре ДЗО' is clicked on

11-03-2025T04:13:33 - [MESSAGE][PASSED] - Object: 'Object Repository/Факторный анализ/Применить в фильтре ДЗО' is clicked on

11-03-2025T04:13:33 - [TEST_STEP][PASSED] - typeOfData = "Филиал": null

11-03-2025T04:13:33 - [TEST_STEP][PASSED] - Script1687405718449.Test(todaysDate, typeOfData): null

11-03-2025T04:13:33 - [TEST_STEP][PASSED] - delay(10): Delayed 10 second(s)

11-03-2025T04:13:43 - [MESSAGE][PASSED] - Delayed 10 second(s)

11-03-2025T04:13:43 - [TEST_STEP][PASSED] - if (verifyTextNotPresent("нет данных", false) == true): null

11-03-2025T04:13:43 - [MESSAGE][PASSED] - Text 'нет данных' is not present on page

11-03-2025T04:13:43 - [TEST_STEP][PASSED] - if (verifyTextNotPresent("Ошибка запроса данных", false) == true): null

11-03-2025T04:13:44 - [MESSAGE][PASSED] - Text 'Ошибка запроса данных' is not present on page

11-03-2025T04:13:44 - [TEST_STEP][PASSED] - if (verifyTextNotPresent("Произошла ошибка при выполнении пользовательского кода", false) == true): null

11-03-2025T04:13:44 - [MESSAGE][PASSED] - Text 'Произошла ошибка при выполнении пользовательского кода' is not present on page

11-03-2025T04:13:44 - [TEST_STEP][PASSED] - if (verifyTextNotPresent("У виджета нет данных", false) == true): null

11-03-2025T04:13:45 - [MESSAGE][PASSED] - Text 'У виджета нет данных' is not present on page

11-03-2025T04:13:45 - [TEST_STEP][PASSED] - if (verifyTextNotPresent("У виджета нет данных", false) == true): Text 'У виджета нет данных' is not present on page

11-03-2025T04:13:45 - [MESSAGE][PASSED] - Text 'У виджета нет данных' is not present on page

11-03-2025T04:13:45 - [TEST_STEP][PASSED] - click(findTestObject("Факторный анализ/Переключить отображение с филиала на месяц")): Object: 'Object Repository/Факторный анализ/Переключить отображение с филиала на месяц' is clicked on

11-03-2025T04:13:45 - [MESSAGE][PASSED] - Object: 'Object Repository/Факторный анализ/Переключить отображение с филиала на месяц' is clicked on

11-03-2025T04:13:45 - [TEST_STEP][PASSED] - typeOfData = "Месяц": null

11-03-2025T04:13:45 - [TEST_STEP][PASSED] - Script1687405718449.Test(todaysDate, typeOfData): null

11-03-2025T04:13:45 - [TEST_STEP][PASSED] - delay(10): Delayed 10 second(s)

11-03-2025T04:13:55 - [MESSAGE][PASSED] - Delayed 10 second(s)

11-03-2025T04:13:55 - [TEST_STEP][PASSED] - if (verifyTextNotPresent("нет данных", false) == true): null

11-03-2025T04:13:56 - [MESSAGE][PASSED] - Text 'нет данных' is not present on page

11-03-2025T04:13:56 - [TEST_STEP][PASSED] - if (verifyTextNotPresent("Ошибка запроса данных", false) == true): null

11-03-2025T04:13:56 - [MESSAGE][PASSED] - Text 'Ошибка запроса данных' is not present on page

11-03-2025T04:13:56 - [TEST_STEP][PASSED] - if (verifyTextNotPresent("Произошла ошибка при выполнении пользовательского кода", false) == true): null

11-03-2025T04:13:57 - [MESSAGE][PASSED] - Text 'Произошла ошибка при выполнении пользовательского кода' is not present on page

11-03-2025T04:13:57 - [TEST_STEP][PASSED] - if (verifyTextNotPresent("У виджета нет данных", false) == true): null

11-03-2025T04:13:57 - [MESSAGE][PASSED] - Text 'У виджета нет данных' is not present on page

11-03-2025T04:13:57 - [TEST_STEP][PASSED] - if (verifyTextNotPresent("У виджета нет данных", false) == true): Text 'У виджета нет данных' is not present on page

11-03-2025T04:13:58 - [MESSAGE][PASSED] - Text 'У виджета нет данных' is not present on page

11-03-2025T04:13:58 - [TEST_STEP][PASSED] - click(findTestObject("Факторный анализ/Переключить отображение с месяца на филиал")): Object: 'Object Repository/Факторный анализ/Переключить отображение с месяца на филиал' is clicked on

11-03-2025T04:13:58 - [MESSAGE][PASSED] - Object: 'Object Repository/Факторный анализ/Переключить отображение с месяца на филиал' is clicked on

11-03-2025T04:13:58 - [TEST_STEP][PASSED] - click(findTestObject("Факторный анализ/Фильтр ДЗО")): Object: 'Object Repository/Факторный анализ/Фильтр ДЗО' is clicked on

11-03-2025T04:13:58 - [MESSAGE][PASSED] - Object: 'Object Repository/Факторный анализ/Фильтр ДЗО' is clicked on

11-03-2025T04:13:58 - [TEST_STEP][PASSED] - click(findTestObject("Факторный анализ/Снять выделение в фильтре ДЗО")): Object: 'Object Repository/Факторный анализ/Снять выделение в фильтре ДЗО' is clicked on

11-03-2025T04:13:59 - [MESSAGE][PASSED] - Object: 'Object Repository/Факторный анализ/Снять выделение в фильтре ДЗО' is clicked on

11-03-2025T04:13:59 - [TEST_STEP][PASSED] - scrollToElement(findTestObject("Общие объекты/Раскрыть список Россети Кубань"), 30): Scroll to object 'Object Repository/Общие объекты/Раскрыть список Россети Кубань' successfully

11-03-2025T04:13:59 - [MESSAGE][PASSED] - Scroll to object 'Object Repository/Общие объекты/Раскрыть список Россети Кубань' successfully

11-03-2025T04:13:59 - [TEST_STEP][PASSED] - click(findTestObject("Факторный анализ/Россети Кубань")): Object: 'Object Repository/Факторный анализ/Россети Кубань' is clicked on

11-03-2025T04:14:00 - [MESSAGE][PASSED] - Object: 'Object Repository/Факторный анализ/Россети Кубань' is clicked on

11-03-2025T04:14:00 - [TEST_STEP][PASSED] - Script1687405718449.Change(todaysDate, typeOfData): null

11-03-2025T04:14:00 - [TEST_STEP][PASSED] - scrollToElement(findTestObject("Факторный анализ/Заголовок дашборда"), 30): Scroll to object 'Object Repository/Факторный анализ/Заголовок дашборда' successfully

11-03-2025T04:14:00 - [MESSAGE][PASSED] - Scroll to object 'Object Repository/Факторный анализ/Заголовок дашборда' successfully

11-03-2025T04:14:00 - [TEST_STEP][PASSED] - click(findTestObject("Факторный анализ/Применить в фильтре ДЗО")): Object: 'Object Repository/Факторный анализ/Применить в фильтре ДЗО' is clicked on

11-03-2025T04:14:01 - [MESSAGE][PASSED] - Object: 'Object Repository/Факторный анализ/Применить в фильтре ДЗО' is clicked on

11-03-2025T04:14:01 - [TEST_STEP][PASSED] - typeOfData = "Филиал": null

11-03-2025T04:14:01 - [TEST_STEP][PASSED] - Script1687405718449.Test(todaysDate, typeOfData): null

11-03-2025T04:14:01 - [TEST_STEP][PASSED] - delay(10): Delayed 10 second(s)

11-03-2025T04:14:11 - [MESSAGE][PASSED] - Delayed 10 second(s)

11-03-2025T04:14:11 - [TEST_STEP][PASSED] - if (verifyTextNotPresent("нет данных", false) == true): null

11-03-2025T04:14:11 - [MESSAGE][PASSED] - Text 'нет данных' is not present on page

11-03-2025T04:14:11 - [TEST_STEP][PASSED] - if (verifyTextNotPresent("Ошибка запроса данных", false) == true): null

11-03-2025T04:14:12 - [MESSAGE][PASSED] - Text 'Ошибка запроса данных' is not present on page

11-03-2025T04:14:12 - [TEST_STEP][PASSED] - if (verifyTextNotPresent("Произошла ошибка при выполнении пользовательского кода", false) == true): null

11-03-2025T04:14:12 - [MESSAGE][PASSED] - Text 'Произошла ошибка при выполнении пользовательского кода' is not present on page

11-03-2025T04:14:12 - [TEST_STEP][PASSED] - if (verifyTextNotPresent("У виджета нет данных", false) == true): null

11-03-2025T04:14:12 - [MESSAGE][PASSED] - Text 'У виджета нет данных' is not present on page

11-03-2025T04:14:12 - [TEST_STEP][PASSED] - if (verifyTextNotPresent("У виджета нет данных", false) == true): Text 'У виджета нет данных' is not present on page

11-03-2025T04:14:13 - [MESSAGE][PASSED] - Text 'У виджета нет данных' is not present on page

11-03-2025T04:14:13 - [TEST_STEP][PASSED] - click(findTestObject("Факторный анализ/Переключить отображение с филиала на месяц")): Object: 'Object Repository/Факторный анализ/Переключить отображение с филиала на месяц' is clicked on

11-03-2025T04:14:13 - [MESSAGE][PASSED] - Object: 'Object Repository/Факторный анализ/Переключить отображение с филиала на месяц' is clicked on

11-03-2025T04:14:13 - [TEST_STEP][PASSED] - typeOfData = "Месяц": null

11-03-2025T04:14:13 - [TEST_STEP][PASSED] - Script1687405718449.Test(todaysDate, typeOfData): null

11-03-2025T04:14:13 - [TEST_STEP][PASSED] - delay(10): Delayed 10 second(s)

11-03-2025T04:14:23 - [MESSAGE][PASSED] - Delayed 10 second(s)

11-03-2025T04:14:23 - [TEST_STEP][PASSED] - if (verifyTextNotPresent("нет данных", false) == true): null

11-03-2025T04:14:24 - [MESSAGE][PASSED] - Text 'нет данных' is not present on page

11-03-2025T04:14:24 - [TEST_STEP][PASSED] - if (verifyTextNotPresent("Ошибка запроса данных", false) == true): null

11-03-2025T04:14:24 - [MESSAGE][PASSED] - Text 'Ошибка запроса данных' is not present on page

11-03-2025T04:14:24 - [TEST_STEP][PASSED] - if (verifyTextNotPresent("Произошла ошибка при выполнении пользовательского кода", false) == true): null

11-03-2025T04:14:25 - [MESSAGE][PASSED] - Text 'Произошла ошибка при выполнении пользовательского кода' is not present on page

11-03-2025T04:14:25 - [TEST_STEP][PASSED] - if (verifyTextNotPresent("У виджета нет данных", false) == true): null

11-03-2025T04:14:25 - [MESSAGE][PASSED] - Text 'У виджета нет данных' is not present on page

11-03-2025T04:14:25 - [TEST_STEP][PASSED] - if (verifyTextNotPresent("У виджета нет данных", false) == true): Text 'У виджета нет данных' is not present on page

11-03-2025T04:14:26 - [MESSAGE][PASSED] - Text 'У виджета нет данных' is not present on page

11-03-2025T04:14:26 - [TEST_STEP][PASSED] - click(findTestObject("Факторный анализ/Переключить отображение с месяца на филиал")): Object: 'Object Repository/Факторный анализ/Переключить отображение с месяца на филиал' is clicked on

11-03-2025T04:14:26 - [MESSAGE][PASSED] - Object: 'Object Repository/Факторный анализ/Переключить отображение с месяца на филиал' is clicked on

11-03-2025T04:14:26 - [TEST_STEP][PASSED] - click(findTestObject("Факторный анализ/Фильтр ДЗО")): Object: 'Object Repository/Факторный анализ/Фильтр ДЗО' is clicked on

11-03-2025T04:14:26 - [MESSAGE][PASSED] - Object: 'Object Repository/Факторный анализ/Фильтр ДЗО' is clicked on

11-03-2025T04:14:26 - [TEST_STEP][PASSED] - click(findTestObject("Факторный анализ/Снять выделение в фильтре ДЗО")): Object: 'Object Repository/Факторный анализ/Снять выделение в фильтре ДЗО' is clicked on

11-03-2025T04:14:27 - [MESSAGE][PASSED] - Object: 'Object Repository/Факторный анализ/Снять выделение в фильтре ДЗО' is clicked on

11-03-2025T04:14:27 - [TEST_STEP][PASSED] - scrollToElement(findTestObject("Общие объекты/Раскрыть список Россети Кубань"), 30): Scroll to object 'Object Repository/Общие объекты/Раскрыть список Россети Кубань' successfully

11-03-2025T04:14:27 - [MESSAGE][PASSED] - Scroll to object 'Object Repository/Общие объекты/Раскрыть список Россети Кубань' successfully

11-03-2025T04:14:27 - [TEST_STEP][PASSED] - click(findTestObject("Общие объекты/Раскрыть список Россети Кубань")): Object: 'Object Repository/Общие объекты/Раскрыть список Россети Кубань' is clicked on

11-03-2025T04:14:27 - [MESSAGE][PASSED] - Object: 'Object Repository/Общие объекты/Раскрыть список Россети Кубань' is clicked on

11-03-2025T04:14:27 - [TEST_STEP][PASSED] - click(findTestObject("Общие объекты/Раскрыть список Россети Кубань")): Object: 'Object Repository/Общие объекты/Раскрыть список Россети Кубань' is clicked on

11-03-2025T04:14:28 - [MESSAGE][PASSED] - Object: 'Object Repository/Общие объекты/Раскрыть список Россети Кубань' is clicked on

11-03-2025T04:14:28 - [TEST_STEP][PASSED] - scrollToElement(findTestObject("Общие объекты/Кубаньэнерго"), 30): Scroll to object 'Object Repository/Общие объекты/Кубаньэнерго' successfully

11-03-2025T04:14:28 - [MESSAGE][PASSED] - Scroll to object 'Object Repository/Общие объекты/Кубаньэнерго' successfully

11-03-2025T04:14:28 - [TEST_STEP][PASSED] - click(findTestObject("Общие объекты/Кубаньэнерго")): Object: 'Object Repository/Общие объекты/Кубаньэнерго' is clicked on

11-03-2025T04:14:29 - [MESSAGE][PASSED] - Object: 'Object Repository/Общие объекты/Кубаньэнерго' is clicked on

11-03-2025T04:14:29 - [TEST_STEP][PASSED] - Script1687405718449.Change(todaysDate, typeOfData): null

11-03-2025T04:14:29 - [TEST_STEP][PASSED] - scrollToElement(findTestObject("Факторный анализ/Заголовок дашборда"), 30): Scroll to object 'Object Repository/Факторный анализ/Заголовок дашборда' successfully

11-03-2025T04:14:29 - [MESSAGE][PASSED] - Scroll to object 'Object Repository/Факторный анализ/Заголовок дашборда' successfully

11-03-2025T04:14:29 - [TEST_STEP][PASSED] - click(findTestObject("Факторный анализ/Применить в фильтре ДЗО")): Object: 'Object Repository/Факторный анализ/Применить в фильтре ДЗО' is clicked on

11-03-2025T04:14:30 - [MESSAGE][PASSED] - Object: 'Object Repository/Факторный анализ/Применить в фильтре ДЗО' is clicked on

11-03-2025T04:14:30 - [TEST_STEP][PASSED] - typeOfData = "Филиал": null

11-03-2025T04:14:30 - [TEST_STEP][PASSED] - Script1687405718449.Test(todaysDate, typeOfData): null

11-03-2025T04:14:30 - [TEST_STEP][PASSED] - delay(10): Delayed 10 second(s)

11-03-2025T04:14:40 - [MESSAGE][PASSED] - Delayed 10 second(s)

11-03-2025T04:14:40 - [TEST_STEP][PASSED] - if (verifyTextNotPresent("нет данных", false) == true): null

11-03-2025T04:14:40 - [MESSAGE][PASSED] - Text 'нет данных' is not present on page

11-03-2025T04:14:40 - [TEST_STEP][PASSED] - if (verifyTextNotPresent("Ошибка запроса данных", false) == true): null

11-03-2025T04:14:41 - [MESSAGE][PASSED] - Text 'Ошибка запроса данных' is not present on page

11-03-2025T04:14:41 - [TEST_STEP][PASSED] - if (verifyTextNotPresent("Произошла ошибка при выполнении пользовательского кода", false) == true): null

11-03-2025T04:14:41 - [MESSAGE][PASSED] - Text 'Произошла ошибка при выполнении пользовательского кода' is not present on page

11-03-2025T04:14:41 - [TEST_STEP][PASSED] - if (verifyTextNotPresent("У виджета нет данных", false) == true): null

11-03-2025T04:14:42 - [MESSAGE][PASSED] - Text 'У виджета нет данных' is not present on page

11-03-2025T04:14:42 - [TEST_STEP][PASSED] - if (verifyTextNotPresent("У виджета нет данных", false) == true): Text 'У виджета нет данных' is not present on page

11-03-2025T04:14:42 - [MESSAGE][PASSED] - Text 'У виджета нет данных' is not present on page

11-03-2025T04:14:42 - [TEST_STEP][PASSED] - click(findTestObject("Факторный анализ/Переключить отображение с филиала на месяц")): Object: 'Object Repository/Факторный анализ/Переключить отображение с филиала на месяц' is clicked on

11-03-2025T04:14:42 - [MESSAGE][PASSED] - Object: 'Object Repository/Факторный анализ/Переключить отображение с филиала на месяц' is clicked on

11-03-2025T04:14:42 - [TEST_STEP][PASSED] - typeOfData = "Месяц": null

11-03-2025T04:14:42 - [TEST_STEP][PASSED] - Script1687405718449.Test(todaysDate, typeOfData): null

11-03-2025T04:14:42 - [TEST_STEP][PASSED] - delay(10): Delayed 10 second(s)

11-03-2025T04:14:52 - [MESSAGE][PASSED] - Delayed 10 second(s)

11-03-2025T04:14:52 - [TEST_STEP][PASSED] - if (verifyTextNotPresent("нет данных", false) == true): null

11-03-2025T04:14:53 - [MESSAGE][PASSED] - Text 'нет данных' is not present on page

11-03-2025T04:14:53 - [TEST_STEP][PASSED] - if (verifyTextNotPresent("Ошибка запроса данных", false) == true): null

11-03-2025T04:14:53 - [MESSAGE][PASSED] - Text 'Ошибка запроса данных' is not present on page

11-03-2025T04:14:53 - [TEST_STEP][PASSED] - if (verifyTextNotPresent("Произошла ошибка при выполнении пользовательского кода", false) == true): null

11-03-2025T04:14:54 - [MESSAGE][PASSED] - Text 'Произошла ошибка при выполнении пользовательского кода' is not present on page

11-03-2025T04:14:54 - [TEST_STEP][PASSED] - if (verifyTextNotPresent("У виджета нет данных", false) == true): null

11-03-2025T04:14:54 - [MESSAGE][PASSED] - Text 'У виджета нет данных' is not present on page

11-03-2025T04:14:54 - [TEST_STEP][PASSED] - if (verifyTextNotPresent("У виджета нет данных", false) == true): Text 'У виджета нет данных' is not present on page

11-03-2025T04:14:55 - [MESSAGE][PASSED] - Text 'У виджета нет данных' is not present on page

11-03-2025T04:14:55 - [TEST_STEP][PASSED] - click(findTestObject("Факторный анализ/Переключить отображение с месяца на филиал")): Object: 'Object Repository/Факторный анализ/Переключить отображение с месяца на филиал' is clicked on

11-03-2025T04:14:55 - [MESSAGE][PASSED] - Object: 'Object Repository/Факторный анализ/Переключить отображение с месяца на филиал' is clicked on

11-03-2025T04:14:55 - [TEST_STEP][PASSED] - click(findTestObject("Факторный анализ/Фильтр ДЗО")): Object: 'Object Repository/Факторный анализ/Фильтр ДЗО' is clicked on

11-03-2025T04:14:55 - [MESSAGE][PASSED] - Object: 'Object Repository/Факторный анализ/Фильтр ДЗО' is clicked on

11-03-2025T04:14:55 - [TEST_STEP][PASSED] - click(findTestObject("Факторный анализ/Снять выделение в фильтре ДЗО")): Object: 'Object Repository/Факторный анализ/Снять выделение в фильтре ДЗО' is clicked on

11-03-2025T04:14:56 - [MESSAGE][PASSED] - Object: 'Object Repository/Факторный анализ/Снять выделение в фильтре ДЗО' is clicked on

11-03-2025T04:14:56 - [TEST_STEP][PASSED] - scrollToElement(findTestObject("Общие объекты/Раскрыть список Россети Ленэнерго"), 30): Scroll to object 'Object Repository/Общие объекты/Раскрыть список Россети Ленэнерго' successfully

11-03-2025T04:14:56 - [MESSAGE][PASSED] - Scroll to object 'Object Repository/Общие объекты/Раскрыть список Россети Ленэнерго' successfully

11-03-2025T04:14:56 - [TEST_STEP][PASSED] - click(findTestObject("Факторный анализ/Россети Ленэнерго")): Object: 'Object Repository/Факторный анализ/Россети Ленэнерго' is clicked on

11-03-2025T04:14:56 - [MESSAGE][PASSED] - Object: 'Object Repository/Факторный анализ/Россети Ленэнерго' is clicked on

11-03-2025T04:14:56 - [TEST_STEP][PASSED] - Script1687405718449.Change(todaysDate, typeOfData): null

11-03-2025T04:14:56 - [TEST_STEP][PASSED] - scrollToElement(findTestObject("Факторный анализ/Заголовок дашборда"), 30): Scroll to object 'Object Repository/Факторный анализ/Заголовок дашборда' successfully

11-03-2025T04:14:57 - [MESSAGE][PASSED] - Scroll to object 'Object Repository/Факторный анализ/Заголовок дашборда' successfully

11-03-2025T04:14:57 - [TEST_STEP][PASSED] - click(findTestObject("Факторный анализ/Применить в фильтре ДЗО")): Object: 'Object Repository/Факторный анализ/Применить в фильтре ДЗО' is clicked on

11-03-2025T04:14:57 - [MESSAGE][PASSED] - Object: 'Object Repository/Факторный анализ/Применить в фильтре ДЗО' is clicked on

11-03-2025T04:14:57 - [TEST_STEP][PASSED] - typeOfData = "Филиал": null

11-03-2025T04:14:57 - [TEST_STEP][PASSED] - Script1687405718449.Test(todaysDate, typeOfData): null

11-03-2025T04:14:57 - [TEST_STEP][PASSED] - delay(10): Delayed 10 second(s)

11-03-2025T04:15:08 - [MESSAGE][PASSED] - Delayed 10 second(s)

11-03-2025T04:15:08 - [TEST_STEP][PASSED] - if (verifyTextNotPresent("нет данных", false) == true): null

11-03-2025T04:15:08 - [MESSAGE][PASSED] - Text 'нет данных' is not present on page

11-03-2025T04:15:08 - [TEST_STEP][PASSED] - if (verifyTextNotPresent("Ошибка запроса данных", false) == true): null

11-03-2025T04:15:08 - [MESSAGE][PASSED] - Text 'Ошибка запроса данных' is not present on page

11-03-2025T04:15:08 - [TEST_STEP][PASSED] - if (verifyTextNotPresent("Произошла ошибка при выполнении пользовательского кода", false) == true): null

11-03-2025T04:15:09 - [MESSAGE][PASSED] - Text 'Произошла ошибка при выполнении пользовательского кода' is not present on page

11-03-2025T04:15:09 - [TEST_STEP][PASSED] - if (verifyTextNotPresent("У виджета нет данных", false) == true): null

11-03-2025T04:15:09 - [MESSAGE][PASSED] - Text 'У виджета нет данных' is not present on page

11-03-2025T04:15:09 - [TEST_STEP][PASSED] - if (verifyTextNotPresent("У виджета нет данных", false) == true): Text 'У виджета нет данных' is not present on page

11-03-2025T04:15:10 - [MESSAGE][PASSED] - Text 'У виджета нет данных' is not present on page

11-03-2025T04:15:10 - [TEST_STEP][PASSED] - click(findTestObject("Факторный анализ/Переключить отображение с филиала на месяц")): Object: 'Object Repository/Факторный анализ/Переключить отображение с филиала на месяц' is clicked on

11-03-2025T04:15:10 - [MESSAGE][PASSED] - Object: 'Object Repository/Факторный анализ/Переключить отображение с филиала на месяц' is clicked on

11-03-2025T04:15:10 - [TEST_STEP][PASSED] - typeOfData = "Месяц": null

11-03-2025T04:15:10 - [TEST_STEP][PASSED] - Script1687405718449.Test(todaysDate, typeOfData): null

11-03-2025T04:15:10 - [TEST_STEP][PASSED] - delay(10): Delayed 10 second(s)

11-03-2025T04:15:20 - [MESSAGE][PASSED] - Delayed 10 second(s)

11-03-2025T04:15:20 - [TEST_STEP][PASSED] - if (verifyTextNotPresent("нет данных", false) == true): null

11-03-2025T04:15:21 - [MESSAGE][PASSED] - Text 'нет данных' is not present on page

11-03-2025T04:15:21 - [TEST_STEP][PASSED] - if (verifyTextNotPresent("Ошибка запроса данных", false) == true): null

11-03-2025T04:15:21 - [MESSAGE][PASSED] - Text 'Ошибка запроса данных' is not present on page

11-03-2025T04:15:21 - [TEST_STEP][PASSED] - if (verifyTextNotPresent("Произошла ошибка при выполнении пользовательского кода", false) == true): null

11-03-2025T04:15:22 - [MESSAGE][PASSED] - Text 'Произошла ошибка при выполнении пользовательского кода' is not present on page

11-03-2025T04:15:22 - [TEST_STEP][PASSED] - if (verifyTextNotPresent("У виджета нет данных", false) == true): null

11-03-2025T04:15:22 - [MESSAGE][PASSED] - Text 'У виджета нет данных' is not present on page

11-03-2025T04:15:22 - [TEST_STEP][PASSED] - if (verifyTextNotPresent("У виджета нет данных", false) == true): Text 'У виджета нет данных' is not present on page

11-03-2025T04:15:23 - [MESSAGE][PASSED] - Text 'У виджета нет данных' is not present on page

11-03-2025T04:15:23 - [TEST_STEP][PASSED] - click(findTestObject("Факторный анализ/Переключить отображение с месяца на филиал")): Object: 'Object Repository/Факторный анализ/Переключить отображение с месяца на филиал' is clicked on

11-03-2025T04:15:23 - [MESSAGE][PASSED] - Object: 'Object Repository/Факторный анализ/Переключить отображение с месяца на филиал' is clicked on

11-03-2025T04:15:23 - [TEST_STEP][PASSED] - click(findTestObject("Факторный анализ/Фильтр ДЗО")): Object: 'Object Repository/Факторный анализ/Фильтр ДЗО' is clicked on

11-03-2025T04:15:23 - [MESSAGE][PASSED] - Object: 'Object Repository/Факторный анализ/Фильтр ДЗО' is clicked on

11-03-2025T04:15:23 - [TEST_STEP][PASSED] - click(findTestObject("Факторный анализ/Снять выделение в фильтре ДЗО")): Object: 'Object Repository/Факторный анализ/Снять выделение в фильтре ДЗО' is clicked on

11-03-2025T04:15:24 - [MESSAGE][PASSED] - Object: 'Object Repository/Факторный анализ/Снять выделение в фильтре ДЗО' is clicked on

11-03-2025T04:15:24 - [TEST_STEP][PASSED] - scrollToElement(findTestObject("Общие объекты/Раскрыть список Россети Ленэнерго"), 30): Scroll to object 'Object Repository/Общие объекты/Раскрыть список Россети Ленэнерго' successfully

11-03-2025T04:15:24 - [MESSAGE][PASSED] - Scroll to object 'Object Repository/Общие объекты/Раскрыть список Россети Ленэнерго' successfully

11-03-2025T04:15:24 - [TEST_STEP][PASSED] - click(findTestObject("Общие объекты/Раскрыть список Россети Ленэнерго")): Object: 'Object Repository/Общие объекты/Раскрыть список Россети Ленэнерго' is clicked on

11-03-2025T04:15:24 - [MESSAGE][PASSED] - Object: 'Object Repository/Общие объекты/Раскрыть список Россети Ленэнерго' is clicked on

11-03-2025T04:15:24 - [TEST_STEP][PASSED] - click(findTestObject("Общие объекты/Раскрыть список Россети Ленэнерго")): Object: 'Object Repository/Общие объекты/Раскрыть список Россети Ленэнерго' is clicked on

11-03-2025T04:15:26 - [MESSAGE][PASSED] - Object: 'Object Repository/Общие объекты/Раскрыть список Россети Ленэнерго' is clicked on

11-03-2025T04:15:26 - [TEST_STEP][PASSED] - scrollToElement(findTestObject("Общие объекты/Ленинградская область"), 30): Scroll to object 'Object Repository/Общие объекты/Ленинградская область' successfully

11-03-2025T04:15:26 - [MESSAGE][PASSED] - Scroll to object 'Object Repository/Общие объекты/Ленинградская область' successfully

11-03-2025T04:15:26 - [TEST_STEP][PASSED] - click(findTestObject("Общие объекты/Ленинградская область")): Object: 'Object Repository/Общие объекты/Ленинградская область' is clicked on

11-03-2025T04:15:26 - [MESSAGE][PASSED] - Object: 'Object Repository/Общие объекты/Ленинградская область' is clicked on

11-03-2025T04:15:26 - [TEST_STEP][PASSED] - Script1687405718449.Change(todaysDate, typeOfData): null

11-03-2025T04:15:26 - [TEST_STEP][PASSED] - scrollToElement(findTestObject("Факторный анализ/Заголовок дашборда"), 30): Scroll to object 'Object Repository/Факторный анализ/Заголовок дашборда' successfully

11-03-2025T04:15:27 - [MESSAGE][PASSED] - Scroll to object 'Object Repository/Факторный анализ/Заголовок дашборда' successfully

11-03-2025T04:15:27 - [TEST_STEP][PASSED] - click(findTestObject("Факторный анализ/Применить в фильтре ДЗО")): Object: 'Object Repository/Факторный анализ/Применить в фильтре ДЗО' is clicked on

11-03-2025T04:15:27 - [MESSAGE][PASSED] - Object: 'Object Repository/Факторный анализ/Применить в фильтре ДЗО' is clicked on

11-03-2025T04:15:27 - [TEST_STEP][PASSED] - typeOfData = "Филиал": null

11-03-2025T04:15:27 - [TEST_STEP][PASSED] - Script1687405718449.Test(todaysDate, typeOfData): null

11-03-2025T04:15:27 - [TEST_STEP][PASSED] - delay(10): Delayed 10 second(s)

11-03-2025T04:15:37 - [MESSAGE][PASSED] - Delayed 10 second(s)

11-03-2025T04:15:37 - [TEST_STEP][PASSED] - if (verifyTextNotPresent("нет данных", false) == true): null

11-03-2025T04:15:38 - [MESSAGE][PASSED] - Text 'нет данных' is not present on page

11-03-2025T04:15:38 - [TEST_STEP][PASSED] - if (verifyTextNotPresent("Ошибка запроса данных", false) == true): null

11-03-2025T04:15:38 - [MESSAGE][PASSED] - Text 'Ошибка запроса данных' is not present on page

11-03-2025T04:15:38 - [TEST_STEP][PASSED] - if (verifyTextNotPresent("Произошла ошибка при выполнении пользовательского кода", false) == true): null

11-03-2025T04:15:39 - [MESSAGE][PASSED] - Text 'Произошла ошибка при выполнении пользовательского кода' is not present on page

11-03-2025T04:15:39 - [TEST_STEP][PASSED] - if (verifyTextNotPresent("У виджета нет данных", false) == true): null

11-03-2025T04:15:39 - [MESSAGE][PASSED] - Text 'У виджета нет данных' is not present on page

11-03-2025T04:15:39 - [TEST_STEP][PASSED] - if (verifyTextNotPresent("У виджета нет данных", false) == true): Text 'У виджета нет данных' is not present on page

11-03-2025T04:15:40 - [MESSAGE][PASSED] - Text 'У виджета нет данных' is not present on page

11-03-2025T04:15:40 - [TEST_STEP][PASSED] - click(findTestObject("Факторный анализ/Переключить отображение с филиала на месяц")): Object: 'Object Repository/Факторный анализ/Переключить отображение с филиала на месяц' is clicked on

11-03-2025T04:15:40 - [MESSAGE][PASSED] - Object: 'Object Repository/Факторный анализ/Переключить отображение с филиала на месяц' is clicked on

11-03-2025T04:15:40 - [TEST_STEP][PASSED] - typeOfData = "Месяц": null

11-03-2025T04:15:40 - [TEST_STEP][PASSED] - Script1687405718449.Test(todaysDate, typeOfData): null

11-03-2025T04:15:40 - [TEST_STEP][PASSED] - delay(10): Delayed 10 second(s)

11-03-2025T04:15:50 - [MESSAGE][PASSED] - Delayed 10 second(s)

11-03-2025T04:15:50 - [TEST_STEP][PASSED] - if (verifyTextNotPresent("нет данных", false) == true): null

11-03-2025T04:15:50 - [MESSAGE][PASSED] - Text 'нет данных' is not present on page

11-03-2025T04:15:50 - [TEST_STEP][PASSED] - if (verifyTextNotPresent("Ошибка запроса данных", false) == true): null

11-03-2025T04:15:51 - [MESSAGE][PASSED] - Text 'Ошибка запроса данных' is not present on page

11-03-2025T04:15:51 - [TEST_STEP][PASSED] - if (verifyTextNotPresent("Произошла ошибка при выполнении пользовательского кода", false) == true): null

11-03-2025T04:15:51 - [MESSAGE][PASSED] - Text 'Произошла ошибка при выполнении пользовательского кода' is not present on page

11-03-2025T04:15:51 - [TEST_STEP][PASSED] - if (verifyTextNotPresent("У виджета нет данных", false) == true): null

11-03-2025T04:15:52 - [MESSAGE][PASSED] - Text 'У виджета нет данных' is not present on page

11-03-2025T04:15:52 - [TEST_STEP][PASSED] - if (verifyTextNotPresent("У виджета нет данных", false) == true): Text 'У виджета нет данных' is not present on page

11-03-2025T04:15:52 - [MESSAGE][PASSED] - Text 'У виджета нет данных' is not present on page

11-03-2025T04:15:52 - [TEST_STEP][PASSED] - click(findTestObject("Факторный анализ/Переключить отображение с месяца на филиал")): Object: 'Object Repository/Факторный анализ/Переключить отображение с месяца на филиал' is clicked on

11-03-2025T04:15:53 - [MESSAGE][PASSED] - Object: 'Object Repository/Факторный анализ/Переключить отображение с месяца на филиал' is clicked on

11-03-2025T04:15:53 - [TEST_STEP][PASSED] - click(findTestObject("Факторный анализ/Фильтр ДЗО")): Object: 'Object Repository/Факторный анализ/Фильтр ДЗО' is clicked on

11-03-2025T04:15:53 - [MESSAGE][PASSED] - Object: 'Object Repository/Факторный анализ/Фильтр ДЗО' is clicked on

11-03-2025T04:15:53 - [TEST_STEP][PASSED] - click(findTestObject("Факторный анализ/Снять выделение в фильтре ДЗО")): Object: 'Object Repository/Факторный анализ/Снять выделение в фильтре ДЗО' is clicked on

11-03-2025T04:15:53 - [MESSAGE][PASSED] - Object: 'Object Repository/Факторный анализ/Снять выделение в фильтре ДЗО' is clicked on

11-03-2025T04:15:53 - [TEST_STEP][PASSED] - scrollToElement(findTestObject("Общие объекты/Санкт-Петербург"), 30): Scroll to object 'Object Repository/Общие объекты/Санкт-Петербург' successfully

11-03-2025T04:15:54 - [MESSAGE][PASSED] - Scroll to object 'Object Repository/Общие объекты/Санкт-Петербург' successfully

11-03-2025T04:15:54 - [TEST_STEP][PASSED] - click(findTestObject("Общие объекты/Санкт-Петербург")): Object: 'Object Repository/Общие объекты/Санкт-Петербург' is clicked on

11-03-2025T04:15:54 - [MESSAGE][PASSED] - Object: 'Object Repository/Общие объекты/Санкт-Петербург' is clicked on

11-03-2025T04:15:54 - [TEST_STEP][PASSED] - Script1687405718449.Change(todaysDate, typeOfData): null

11-03-2025T04:15:54 - [TEST_STEP][PASSED] - scrollToElement(findTestObject("Факторный анализ/Заголовок дашборда"), 30): Scroll to object 'Object Repository/Факторный анализ/Заголовок дашборда' successfully

11-03-2025T04:15:55 - [MESSAGE][PASSED] - Scroll to object 'Object Repository/Факторный анализ/Заголовок дашборда' successfully

11-03-2025T04:15:55 - [TEST_STEP][PASSED] - click(findTestObject("Факторный анализ/Применить в фильтре ДЗО")): Object: 'Object Repository/Факторный анализ/Применить в фильтре ДЗО' is clicked on

11-03-2025T04:15:55 - [MESSAGE][PASSED] - Object: 'Object Repository/Факторный анализ/Применить в фильтре ДЗО' is clicked on

11-03-2025T04:15:55 - [TEST_STEP][PASSED] - typeOfData = "Филиал": null

11-03-2025T04:15:55 - [TEST_STEP][PASSED] - Script1687405718449.Test(todaysDate, typeOfData): null

11-03-2025T04:15:55 - [TEST_STEP][PASSED] - delay(10): Delayed 10 second(s)

11-03-2025T04:16:05 - [MESSAGE][PASSED] - Delayed 10 second(s)

11-03-2025T04:16:05 - [TEST_STEP][PASSED] - if (verifyTextNotPresent("нет данных", false) == true): null

11-03-2025T04:16:05 - [MESSAGE][PASSED] - Text 'нет данных' is not present on page

11-03-2025T04:16:05 - [TEST_STEP][PASSED] - if (verifyTextNotPresent("Ошибка запроса данных", false) == true): null

11-03-2025T04:16:06 - [MESSAGE][PASSED] - Text 'Ошибка запроса данных' is not present on page

11-03-2025T04:16:06 - [TEST_STEP][PASSED] - if (verifyTextNotPresent("Произошла ошибка при выполнении пользовательского кода", false) == true): null

11-03-2025T04:16:06 - [MESSAGE][PASSED] - Text 'Произошла ошибка при выполнении пользовательского кода' is not present on page

11-03-2025T04:16:06 - [TEST_STEP][PASSED] - if (verifyTextNotPresent("У виджета нет данных", false) == true): null

11-03-2025T04:16:07 - [MESSAGE][PASSED] - Text 'У виджета нет данных' is not present on page

11-03-2025T04:16:07 - [TEST_STEP][PASSED] - if (verifyTextNotPresent("У виджета нет данных", false) == true): Text 'У виджета нет данных' is not present on page

11-03-2025T04:16:07 - [MESSAGE][PASSED] - Text 'У виджета нет данных' is not present on page

11-03-2025T04:16:07 - [TEST_STEP][PASSED] - click(findTestObject("Факторный анализ/Переключить отображение с филиала на месяц")): Object: 'Object Repository/Факторный анализ/Переключить отображение с филиала на месяц' is clicked on

11-03-2025T04:16:08 - [MESSAGE][PASSED] - Object: 'Object Repository/Факторный анализ/Переключить отображение с филиала на месяц' is clicked on

11-03-2025T04:16:08 - [TEST_STEP][PASSED] - typeOfData = "Месяц": null

11-03-2025T04:16:08 - [TEST_STEP][PASSED] - Script1687405718449.Test(todaysDate, typeOfData): null

11-03-2025T04:16:08 - [TEST_STEP][PASSED] - delay(10): Delayed 10 second(s)

11-03-2025T04:16:18 - [MESSAGE][PASSED] - Delayed 10 second(s)

11-03-2025T04:16:18 - [TEST_STEP][PASSED] - if (verifyTextNotPresent("нет данных", false) == true): null

11-03-2025T04:16:18 - [MESSAGE][PASSED] - Text 'нет данных' is not present on page

11-03-2025T04:16:18 - [TEST_STEP][PASSED] - if (verifyTextNotPresent("Ошибка запроса данных", false) == true): null

11-03-2025T04:16:19 - [MESSAGE][PASSED] - Text 'Ошибка запроса данных' is not present on page

11-03-2025T04:16:19 - [TEST_STEP][PASSED] - if (verifyTextNotPresent("Произошла ошибка при выполнении пользовательского кода", false) == true): null

11-03-2025T04:16:19 - [MESSAGE][PASSED] - Text 'Произошла ошибка при выполнении пользовательского кода' is not present on page

11-03-2025T04:16:19 - [TEST_STEP][PASSED] - if (verifyTextNotPresent("У виджета нет данных", false) == true): null

11-03-2025T04:16:20 - [MESSAGE][PASSED] - Text 'У виджета нет данных' is not present on page

11-03-2025T04:16:20 - [TEST_STEP][PASSED] - if (verifyTextNotPresent("У виджета нет данных", false) == true): Text 'У виджета нет данных' is not present on page

11-03-2025T04:16:20 - [MESSAGE][PASSED] - Text 'У виджета нет данных' is not present on page

11-03-2025T04:16:20 - [TEST_STEP][PASSED] - click(findTestObject("Факторный анализ/Переключить отображение с месяца на филиал")): Object: 'Object Repository/Факторный анализ/Переключить отображение с месяца на филиал' is clicked on

11-03-2025T04:16:20 - [MESSAGE][PASSED] - Object: 'Object Repository/Факторный анализ/Переключить отображение с месяца на филиал' is clicked on

11-03-2025T04:16:20 - [TEST_STEP][PASSED] - click(findTestObject("Факторный анализ/Фильтр ДЗО")): Object: 'Object Repository/Факторный анализ/Фильтр ДЗО' is clicked on

11-03-2025T04:16:21 - [MESSAGE][PASSED] - Object: 'Object Repository/Факторный анализ/Фильтр ДЗО' is clicked on

11-03-2025T04:16:21 - [TEST_STEP][PASSED] - click(findTestObject("Факторный анализ/Снять выделение в фильтре ДЗО")): Object: 'Object Repository/Факторный анализ/Снять выделение в фильтре ДЗО' is clicked on

11-03-2025T04:16:21 - [MESSAGE][PASSED] - Object: 'Object Repository/Факторный анализ/Снять выделение в фильтре ДЗО' is clicked on

11-03-2025T04:16:21 - [TEST_STEP][PASSED] - scrollToElement(findTestObject("Общие объекты/Раскрыть список Россети Московский регион"), 30): Scroll to object 'Object Repository/Общие объекты/Раскрыть список Россети Московский регион' successfully

11-03-2025T04:16:21 - [MESSAGE][PASSED] - Scroll to object 'Object Repository/Общие объекты/Раскрыть список Россети Московский регион' successfully

11-03-2025T04:16:21 - [TEST_STEP][PASSED] - click(findTestObject("Факторный анализ/Россети Московский регион")): Object: 'Object Repository/Факторный анализ/Россети Московский регион' is clicked on

11-03-2025T04:16:22 - [MESSAGE][PASSED] - Object: 'Object Repository/Факторный анализ/Россети Московский регион' is clicked on

11-03-2025T04:16:22 - [TEST_STEP][PASSED] - Script1687405718449.Change(todaysDate, typeOfData): null

11-03-2025T04:16:22 - [TEST_STEP][PASSED] - scrollToElement(findTestObject("Факторный анализ/Заголовок дашборда"), 30): Scroll to object 'Object Repository/Факторный анализ/Заголовок дашборда' successfully

11-03-2025T04:16:22 - [MESSAGE][PASSED] - Scroll to object 'Object Repository/Факторный анализ/Заголовок дашборда' successfully

11-03-2025T04:16:22 - [TEST_STEP][PASSED] - click(findTestObject("Факторный анализ/Применить в фильтре ДЗО")): Object: 'Object Repository/Факторный анализ/Применить в фильтре ДЗО' is clicked on

11-03-2025T04:16:23 - [MESSAGE][PASSED] - Object: 'Object Repository/Факторный анализ/Применить в фильтре ДЗО' is clicked on

11-03-2025T04:16:23 - [TEST_STEP][PASSED] - typeOfData = "Филиал": null

11-03-2025T04:16:23 - [TEST_STEP][PASSED] - Script1687405718449.Test(todaysDate, typeOfData): null

11-03-2025T04:16:23 - [TEST_STEP][PASSED] - delay(10): Delayed 10 second(s)

11-03-2025T04:16:33 - [MESSAGE][PASSED] - Delayed 10 second(s)

11-03-2025T04:16:33 - [TEST_STEP][PASSED] - if (verifyTextNotPresent("нет данных", false) == true): null

11-03-2025T04:16:33 - [MESSAGE][PASSED] - Text 'нет данных' is not present on page

11-03-2025T04:16:33 - [TEST_STEP][PASSED] - if (verifyTextNotPresent("Ошибка запроса данных", false) == true): null

11-03-2025T04:16:34 - [MESSAGE][PASSED] - Text 'Ошибка запроса данных' is not present on page

11-03-2025T04:16:34 - [TEST_STEP][PASSED] - if (verifyTextNotPresent("Произошла ошибка при выполнении пользовательского кода", false) == true): null

11-03-2025T04:16:34 - [MESSAGE][PASSED] - Text 'Произошла ошибка при выполнении пользовательского кода' is not present on page

11-03-2025T04:16:34 - [TEST_STEP][PASSED] - if (verifyTextNotPresent("У виджета нет данных", false) == true): null

11-03-2025T04:16:35 - [MESSAGE][PASSED] - Text 'У виджета нет данных' is not present on page

11-03-2025T04:16:35 - [TEST_STEP][PASSED] - if (verifyTextNotPresent("У виджета нет данных", false) == true): Text 'У виджета нет данных' is not present on page

11-03-2025T04:16:35 - [MESSAGE][PASSED] - Text 'У виджета нет данных' is not present on page

11-03-2025T04:16:35 - [TEST_STEP][PASSED] - click(findTestObject("Факторный анализ/Переключить отображение с филиала на месяц")): Object: 'Object Repository/Факторный анализ/Переключить отображение с филиала на месяц' is clicked on

11-03-2025T04:16:35 - [MESSAGE][PASSED] - Object: 'Object Repository/Факторный анализ/Переключить отображение с филиала на месяц' is clicked on

11-03-2025T04:16:35 - [TEST_STEP][PASSED] - typeOfData = "Месяц": null

11-03-2025T04:16:35 - [TEST_STEP][PASSED] - Script1687405718449.Test(todaysDate, typeOfData): null

11-03-2025T04:16:35 - [TEST_STEP][PASSED] - delay(10): Delayed 10 second(s)

11-03-2025T04:16:45 - [MESSAGE][PASSED] - Delayed 10 second(s)

11-03-2025T04:16:45 - [TEST_STEP][PASSED] - if (verifyTextNotPresent("нет данных", false) == true): null

11-03-2025T04:16:46 - [MESSAGE][PASSED] - Text 'нет данных' is not present on page

11-03-2025T04:16:46 - [TEST_STEP][PASSED] - if (verifyTextNotPresent("Ошибка запроса данных", false) == true): null

11-03-2025T04:16:46 - [MESSAGE][PASSED] - Text 'Ошибка запроса данных' is not present on page

11-03-2025T04:16:46 - [TEST_STEP][PASSED] - if (verifyTextNotPresent("Произошла ошибка при выполнении пользовательского кода", false) == true): null

11-03-2025T04:16:47 - [MESSAGE][PASSED] - Text 'Произошла ошибка при выполнении пользовательского кода' is not present on page

11-03-2025T04:16:47 - [TEST_STEP][PASSED] - if (verifyTextNotPresent("У виджета нет данных", false) == true): null

11-03-2025T04:16:47 - [MESSAGE][PASSED] - Text 'У виджета нет данных' is not present on page

11-03-2025T04:16:47 - [TEST_STEP][PASSED] - if (verifyTextNotPresent("У виджета нет данных", false) == true): Text 'У виджета нет данных' is not present on page

11-03-2025T04:16:48 - [MESSAGE][PASSED] - Text 'У виджета нет данных' is not present on page

11-03-2025T04:16:48 - [TEST_STEP][PASSED] - click(findTestObject("Факторный анализ/Переключить отображение с месяца на филиал")): Object: 'Object Repository/Факторный анализ/Переключить отображение с месяца на филиал' is clicked on

11-03-2025T04:16:48 - [MESSAGE][PASSED] - Object: 'Object Repository/Факторный анализ/Переключить отображение с месяца на филиал' is clicked on

11-03-2025T04:16:48 - [TEST_STEP][PASSED] - click(findTestObject("Факторный анализ/Фильтр ДЗО")): Object: 'Object Repository/Факторный анализ/Фильтр ДЗО' is clicked on

11-03-2025T04:16:48 - [MESSAGE][PASSED] - Object: 'Object Repository/Факторный анализ/Фильтр ДЗО' is clicked on

11-03-2025T04:16:48 - [TEST_STEP][PASSED] - click(findTestObject("Факторный анализ/Снять выделение в фильтре ДЗО")): Object: 'Object Repository/Факторный анализ/Снять выделение в фильтре ДЗО' is clicked on

11-03-2025T04:16:49 - [MESSAGE][PASSED] - Object: 'Object Repository/Факторный анализ/Снять выделение в фильтре ДЗО' is clicked on

11-03-2025T04:16:49 - [TEST_STEP][PASSED] - scrollToElement(findTestObject("Общие объекты/Раскрыть список Россети Московский регион"), 30): Scroll to object 'Object Repository/Общие объекты/Раскрыть список Россети Московский регион' successfully

11-03-2025T04:16:49 - [MESSAGE][PASSED] - Scroll to object 'Object Repository/Общие объекты/Раскрыть список Россети Московский регион' successfully

11-03-2025T04:16:49 - [TEST_STEP][PASSED] - click(findTestObject("Общие объекты/Раскрыть список Россети Московский регион")): Object: 'Object Repository/Общие объекты/Раскрыть список Россети Московский регион' is clicked on

11-03-2025T04:16:50 - [MESSAGE][PASSED] - Object: 'Object Repository/Общие объекты/Раскрыть список Россети Московский регион' is clicked on

11-03-2025T04:16:50 - [TEST_STEP][PASSED] - click(findTestObject("Общие объекты/Раскрыть список Россети Московский регион")): Object: 'Object Repository/Общие объекты/Раскрыть список Россети Московский регион' is clicked on

11-03-2025T04:16:50 - [MESSAGE][PASSED] - Object: 'Object Repository/Общие объекты/Раскрыть список Россети Московский регион' is clicked on

11-03-2025T04:16:50 - [TEST_STEP][PASSED] - click(findTestObject("Общие объекты/Московская область")): Object: 'Object Repository/Общие объекты/Московская область' is clicked on

11-03-2025T04:16:51 - [MESSAGE][PASSED] - Object: 'Object Repository/Общие объекты/Московская область' is clicked on

11-03-2025T04:16:51 - [TEST_STEP][PASSED] - Script1687405718449.Change(todaysDate, typeOfData): null

11-03-2025T04:16:51 - [TEST_STEP][PASSED] - scrollToElement(findTestObject("Факторный анализ/Заголовок дашборда"), 30): Scroll to object 'Object Repository/Факторный анализ/Заголовок дашборда' successfully

11-03-2025T04:16:51 - [MESSAGE][PASSED] - Scroll to object 'Object Repository/Факторный анализ/Заголовок дашборда' successfully

11-03-2025T04:16:51 - [TEST_STEP][PASSED] - click(findTestObject("Факторный анализ/Применить в фильтре ДЗО")): Object: 'Object Repository/Факторный анализ/Применить в фильтре ДЗО' is clicked on

11-03-2025T04:16:52 - [MESSAGE][PASSED] - Object: 'Object Repository/Факторный анализ/Применить в фильтре ДЗО' is clicked on

11-03-2025T04:16:52 - [TEST_STEP][PASSED] - typeOfData = "Филиал": null

11-03-2025T04:16:52 - [TEST_STEP][PASSED] - Script1687405718449.Test(todaysDate, typeOfData): null

11-03-2025T04:16:52 - [TEST_STEP][PASSED] - delay(10): Delayed 10 second(s)

11-03-2025T04:17:02 - [MESSAGE][PASSED] - Delayed 10 second(s)

11-03-2025T04:17:02 - [TEST_STEP][PASSED] - if (verifyTextNotPresent("нет данных", false) == true): null

11-03-2025T04:17:02 - [MESSAGE][PASSED] - Text 'нет данных' is not present on page

11-03-2025T04:17:02 - [TEST_STEP][PASSED] - if (verifyTextNotPresent("Ошибка запроса данных", false) == true): null

11-03-2025T04:17:03 - [MESSAGE][PASSED] - Text 'Ошибка запроса данных' is not present on page

11-03-2025T04:17:03 - [TEST_STEP][PASSED] - if (verifyTextNotPresent("Произошла ошибка при выполнении пользовательского кода", false) == true): null

11-03-2025T04:17:03 - [MESSAGE][PASSED] - Text 'Произошла ошибка при выполнении пользовательского кода' is not present on page

11-03-2025T04:17:03 - [TEST_STEP][PASSED] - if (verifyTextNotPresent("У виджета нет данных", false) == true): null

11-03-2025T04:17:04 - [MESSAGE][PASSED] - Text 'У виджета нет данных' is not present on page

11-03-2025T04:17:04 - [TEST_STEP][PASSED] - if (verifyTextNotPresent("У виджета нет данных", false) == true): Text 'У виджета нет данных' is not present on page

11-03-2025T04:17:04 - [MESSAGE][PASSED] - Text 'У виджета нет данных' is not present on page

11-03-2025T04:17:04 - [TEST_STEP][PASSED] - click(findTestObject("Факторный анализ/Переключить отображение с филиала на месяц")): Object: 'Object Repository/Факторный анализ/Переключить отображение с филиала на месяц' is clicked on

11-03-2025T04:17:04 - [MESSAGE][PASSED] - Object: 'Object Repository/Факторный анализ/Переключить отображение с филиала на месяц' is clicked on

11-03-2025T04:17:04 - [TEST_STEP][PASSED] - typeOfData = "Месяц": null

11-03-2025T04:17:04 - [TEST_STEP][PASSED] - Script1687405718449.Test(todaysDate, typeOfData): null

11-03-2025T04:17:04 - [TEST_STEP][PASSED] - delay(10): Delayed 10 second(s)

11-03-2025T04:17:14 - [MESSAGE][PASSED] - Delayed 10 second(s)

11-03-2025T04:17:14 - [TEST_STEP][PASSED] - if (verifyTextNotPresent("нет данных", false) == true): null

11-03-2025T04:17:15 - [MESSAGE][PASSED] - Text 'нет данных' is not present on page

11-03-2025T04:17:15 - [TEST_STEP][PASSED] - if (verifyTextNotPresent("Ошибка запроса данных", false) == true): null

11-03-2025T04:17:15 - [MESSAGE][PASSED] - Text 'Ошибка запроса данных' is not present on page

11-03-2025T04:17:15 - [TEST_STEP][PASSED] - if (verifyTextNotPresent("Произошла ошибка при выполнении пользовательского кода", false) == true): null

11-03-2025T04:17:16 - [MESSAGE][PASSED] - Text 'Произошла ошибка при выполнении пользовательского кода' is not present on page

11-03-2025T04:17:16 - [TEST_STEP][PASSED] - if (verifyTextNotPresent("У виджета нет данных", false) == true): null

11-03-2025T04:17:16 - [MESSAGE][PASSED] - Text 'У виджета нет данных' is not present on page

11-03-2025T04:17:16 - [TEST_STEP][PASSED] - if (verifyTextNotPresent("У виджета нет данных", false) == true): Text 'У виджета нет данных' is not present on page

11-03-2025T04:17:17 - [MESSAGE][PASSED] - Text 'У виджета нет данных' is not present on page

11-03-2025T04:17:17 - [TEST_STEP][PASSED] - click(findTestObject("Факторный анализ/Переключить отображение с месяца на филиал")): Object: 'Object Repository/Факторный анализ/Переключить отображение с месяца на филиал' is clicked on

11-03-2025T04:17:17 - [MESSAGE][PASSED] - Object: 'Object Repository/Факторный анализ/Переключить отображение с месяца на филиал' is clicked on

11-03-2025T04:17:17 - [TEST_STEP][PASSED] - click(findTestObject("Факторный анализ/Фильтр ДЗО")): Object: 'Object Repository/Факторный анализ/Фильтр ДЗО' is clicked on

11-03-2025T04:17:17 - [MESSAGE][PASSED] - Object: 'Object Repository/Факторный анализ/Фильтр ДЗО' is clicked on

11-03-2025T04:17:17 - [TEST_STEP][PASSED] - click(findTestObject("Факторный анализ/Снять выделение в фильтре ДЗО")): Object: 'Object Repository/Факторный анализ/Снять выделение в фильтре ДЗО' is clicked on

11-03-2025T04:17:18 - [MESSAGE][PASSED] - Object: 'Object Repository/Факторный анализ/Снять выделение в фильтре ДЗО' is clicked on

11-03-2025T04:17:18 - [TEST_STEP][PASSED] - scrollToElement(findTestObject("Общие объекты/Москва"), 30): Scroll to object 'Object Repository/Общие объекты/Москва' successfully

11-03-2025T04:17:18 - [MESSAGE][PASSED] - Scroll to object 'Object Repository/Общие объекты/Москва' successfully

11-03-2025T04:17:18 - [TEST_STEP][PASSED] - click(findTestObject("Общие объекты/Москва")): Object: 'Object Repository/Общие объекты/Москва' is clicked on

11-03-2025T04:17:18 - [MESSAGE][PASSED] - Object: 'Object Repository/Общие объекты/Москва' is clicked on

11-03-2025T04:17:18 - [TEST_STEP][PASSED] - Script1687405718449.Change(todaysDate, typeOfData): null

11-03-2025T04:17:18 - [TEST_STEP][PASSED] - scrollToElement(findTestObject("Факторный анализ/Заголовок дашборда"), 30): Scroll to object 'Object Repository/Факторный анализ/Заголовок дашборда' successfully

11-03-2025T04:17:19 - [MESSAGE][PASSED] - Scroll to object 'Object Repository/Факторный анализ/Заголовок дашборда' successfully

11-03-2025T04:17:19 - [TEST_STEP][PASSED] - click(findTestObject("Факторный анализ/Применить в фильтре ДЗО")): Object: 'Object Repository/Факторный анализ/Применить в фильтре ДЗО' is clicked on

11-03-2025T04:17:20 - [MESSAGE][PASSED] - Object: 'Object Repository/Факторный анализ/Применить в фильтре ДЗО' is clicked on

11-03-2025T04:17:20 - [TEST_STEP][PASSED] - typeOfData = "Филиал": null

11-03-2025T04:17:20 - [TEST_STEP][PASSED] - Script1687405718449.Test(todaysDate, typeOfData): null

11-03-2025T04:17:20 - [TEST_STEP][PASSED] - delay(10): Delayed 10 second(s)

11-03-2025T04:17:30 - [MESSAGE][PASSED] - Delayed 10 second(s)

11-03-2025T04:17:30 - [TEST_STEP][PASSED] - if (verifyTextNotPresent("нет данных", false) == true): null

11-03-2025T04:17:30 - [MESSAGE][PASSED] - Text 'нет данных' is not present on page

11-03-2025T04:17:30 - [TEST_STEP][PASSED] - if (verifyTextNotPresent("Ошибка запроса данных", false) == true): null

11-03-2025T04:17:30 - [MESSAGE][PASSED] - Text 'Ошибка запроса данных' is not present on page

11-03-2025T04:17:30 - [TEST_STEP][PASSED] - if (verifyTextNotPresent("Произошла ошибка при выполнении пользовательского кода", false) == true): null

11-03-2025T04:17:31 - [MESSAGE][PASSED] - Text 'Произошла ошибка при выполнении пользовательского кода' is not present on page

11-03-2025T04:17:31 - [TEST_STEP][PASSED] - if (verifyTextNotPresent("У виджета нет данных", false) == true): null

11-03-2025T04:17:31 - [MESSAGE][PASSED] - Text 'У виджета нет данных' is not present on page

11-03-2025T04:17:31 - [TEST_STEP][PASSED] - if (verifyTextNotPresent("У виджета нет данных", false) == true): Text 'У виджета нет данных' is not present on page

11-03-2025T04:17:32 - [MESSAGE][PASSED] - Text 'У виджета нет данных' is not present on page

11-03-2025T04:17:32 - [TEST_STEP][PASSED] - click(findTestObject("Факторный анализ/Переключить отображение с филиала на месяц")): Object: 'Object Repository/Факторный анализ/Переключить отображение с филиала на месяц' is clicked on

11-03-2025T04:17:32 - [MESSAGE][PASSED] - Object: 'Object Repository/Факторный анализ/Переключить отображение с филиала на месяц' is clicked on

11-03-2025T04:17:32 - [TEST_STEP][PASSED] - typeOfData = "Месяц": null

11-03-2025T04:17:32 - [TEST_STEP][PASSED] - Script1687405718449.Test(todaysDate, typeOfData): null

11-03-2025T04:17:32 - [TEST_STEP][PASSED] - delay(10): Delayed 10 second(s)

11-03-2025T04:17:42 - [MESSAGE][PASSED] - Delayed 10 second(s)

11-03-2025T04:17:42 - [TEST_STEP][FAILED] - if (verifyTextNotPresent("нет данных", false) == true): Text 'нет данных' is present on page  (Root cause: com.kms.katalon.core.exception.StepFailedException: Text 'нет данных' is present on page 
	at com.kms.katalon.core.webui.keyword.internal.WebUIKeywordMain.stepFailed(WebUIKeywordMain.groovy:64)
	at com.kms.katalon.core.webui.keyword.builtin.VerifyTextNotPresentKeyword$_verifyTextNotPresent_closure1.doCall(VerifyTextNotPresentKeyword.groovy:77)
	at com.kms.katalon.core.webui.keyword.builtin.VerifyTextNotPresentKeyword$_verifyTextNotPresent_closure1.call(VerifyTextNotPresentKeyword.groovy)
	at com.kms.katalon.core.webui.keyword.internal.WebUIKeywordMain.runKeyword(WebUIKeywordMain.groovy:20)
	at com.kms.katalon.core.webui.keyword.builtin.VerifyTextNotPresentKeyword.verifyTextNotPresent(VerifyTextNotPresentKeyword.groovy:82)
	at com.kms.katalon.core.webui.keyword.builtin.VerifyTextNotPresentKeyword.execute(VerifyTextNotPresentKeyword.groovy:68)
	at com.kms.katalon.core.keyword.internal.KeywordExecutor.executeKeywordForPlatform(KeywordExecutor.groovy:74)
	at com.kms.katalon.core.webui.keyword.WebUiBuiltInKeywords.verifyTextNotPresent(WebUiBuiltInKeywords.groovy:1795)
	at Факторный анализ отображение данных все филиалы.Test(Факторный анализ отображение данных все филиалы:789)
	at Факторный анализ отображение данных все филиалы.Change(Факторный анализ отображение данных все филиалы:775)
	at Факторный анализ отображение данных все филиалы.run(Факторный анализ отображение данных все филиалы:308)
	at com.kms.katalon.core.main.ScriptEngine.run(ScriptEngine.java:194)
	at com.kms.katalon.core.main.ScriptEngine.runScriptAsRawText(ScriptEngine.java:119)
	at com.kms.katalon.core.main.TestCaseExecutor.runScript(TestCaseExecutor.java:448)
	at com.kms.katalon.core.main.TestCaseExecutor.doExecute(TestCaseExecutor.java:439)
	at com.kms.katalon.core.main.TestCaseExecutor.processExecutionPhase(TestCaseExecutor.java:418)
	at com.kms.katalon.core.main.TestCaseExecutor.accessMainPhase(TestCaseExecutor.java:410)
	at com.kms.katalon.core.main.TestCaseExecutor.execute(TestCaseExecutor.java:285)
	at com.kms.katalon.core.common.CommonExecutor.accessTestCaseMainPhase(CommonExecutor.java:65)
	at com.kms.katalon.core.main.TestSuiteExecutor.accessTestSuiteMainPhase(TestSuiteExecutor.java:150)
	at com.kms.katalon.core.main.TestSuiteExecutor.execute(TestSuiteExecutor.java:106)
	at com.kms.katalon.core.main.TestCaseMain.startTestSuite(TestCaseMain.java:180)
	at TempTestSuite1741649958618.run(TempTestSuite1741649958618.groovy:35)
	at java.base/jdk.internal.reflect.NativeMethodAccessorImpl.invoke0(Native Method)
	at java.base/jdk.internal.reflect.NativeMethodAccessorImpl.invoke(NativeMethodAccessorImpl.java:77)
	at java.base/jdk.internal.reflect.DelegatingMethodAccessorImpl.invoke(DelegatingMethodAccessorImpl.java:43)
)

11-03-2025T04:17:42 - [MESSAGE][FAILED] - Text 'нет данных' is present on page  (Root cause: com.kms.katalon.core.exception.StepFailedException: Text 'нет данных' is present on page 
	at com.kms.katalon.core.webui.keyword.internal.WebUIKeywordMain.stepFailed(WebUIKeywordMain.groovy:64)
	at com.kms.katalon.core.webui.keyword.builtin.VerifyTextNotPresentKeyword$_verifyTextNotPresent_closure1.doCall(VerifyTextNotPresentKeyword.groovy:77)
	at com.kms.katalon.core.webui.keyword.builtin.VerifyTextNotPresentKeyword$_verifyTextNotPresent_closure1.call(VerifyTextNotPresentKeyword.groovy)
	at com.kms.katalon.core.webui.keyword.internal.WebUIKeywordMain.runKeyword(WebUIKeywordMain.groovy:20)
	at com.kms.katalon.core.webui.keyword.builtin.VerifyTextNotPresentKeyword.verifyTextNotPresent(VerifyTextNotPresentKeyword.groovy:82)
	at com.kms.katalon.core.webui.keyword.builtin.VerifyTextNotPresentKeyword.execute(VerifyTextNotPresentKeyword.groovy:68)
	at com.kms.katalon.core.keyword.internal.KeywordExecutor.executeKeywordForPlatform(KeywordExecutor.groovy:74)
	at com.kms.katalon.core.webui.keyword.WebUiBuiltInKeywords.verifyTextNotPresent(WebUiBuiltInKeywords.groovy:1795)
	at Факторный анализ отображение данных все филиалы.Test(Факторный анализ отображение данных все филиалы:789)
	at Факторный анализ отображение данных все филиалы.Change(Факторный анализ отображение данных все филиалы:775)
	at Факторный анализ отображение данных все филиалы.run(Факторный анализ отображение данных все филиалы:308)
	at com.kms.katalon.core.main.ScriptEngine.run(ScriptEngine.java:194)
	at com.kms.katalon.core.main.ScriptEngine.runScriptAsRawText(ScriptEngine.java:119)
	at com.kms.katalon.core.main.TestCaseExecutor.runScript(TestCaseExecutor.java:448)
	at com.kms.katalon.core.main.TestCaseExecutor.doExecute(TestCaseExecutor.java:439)
	at com.kms.katalon.core.main.TestCaseExecutor.processExecutionPhase(TestCaseExecutor.java:418)
	at com.kms.katalon.core.main.TestCaseExecutor.accessMainPhase(TestCaseExecutor.java:410)
	at com.kms.katalon.core.main.TestCaseExecutor.execute(TestCaseExecutor.java:285)
	at com.kms.katalon.core.common.CommonExecutor.accessTestCaseMainPhase(CommonExecutor.java:65)
	at com.kms.katalon.core.main.TestSuiteExecutor.accessTestSuiteMainPhase(TestSuiteExecutor.java:150)
	at com.kms.katalon.core.main.TestSuiteExecutor.execute(TestSuiteExecutor.java:106)
	at com.kms.katalon.core.main.TestCaseMain.startTestSuite(TestCaseMain.java:180)
	at TempTestSuite1741649958618.run(TempTestSuite1741649958618.groovy:35)
	at java.base/jdk.internal.reflect.NativeMethodAccessorImpl.invoke0(Native Method)
	at java.base/jdk.internal.reflect.NativeMethodAccessorImpl.invoke(NativeMethodAccessorImpl.java:77)
	at java.base/jdk.internal.reflect.DelegatingMethodAccessorImpl.invoke(DelegatingMethodAccessorImpl.java:43)
)

11-03-2025T04:17:42 - [TEST_STEP][PASSED] - else: null

11-03-2025T04:17:42 - [TEST_STEP][PASSED] - Script1687405718449.WriteToExcel(todaysDate, typeOfData): null

11-03-2025T04:17:42 - [TEST_STEP][PASSED] - sheetName = "Sheet1": null

11-03-2025T04:17:42 - [TEST_STEP][PASSED] - data = findTestData("PlanFact"): null

11-03-2025T04:17:42 - [TEST_STEP][PASSED] - n = data.getRowNumbers() + 1: null

11-03-2025T04:17:42 - [TEST_STEP][PASSED] - dZO = getText(findTestObject("Факторный анализ/Фильтр ДЗО")): Text of object 'Object Repository/Факторный анализ/Фильтр ДЗО' is: 'ПАО Россети - РаспредКомплекс - Россети Московский регион - г. Москва'

11-03-2025T04:17:43 - [MESSAGE][PASSED] - Text of object 'Object Repository/Факторный анализ/Фильтр ДЗО' is: 'ПАО Россети - РаспредКомплекс - Россети Московский регион - г. Москва'

11-03-2025T04:17:43 - [TEST_STEP][PASSED] - period = getText(findTestObject("Факторный анализ/Фильтр Период")): Text of object 'Object Repository/Факторный анализ/Фильтр Период' is: 'Январь 2025 года'

11-03-2025T04:17:43 - [MESSAGE][PASSED] - Text of object 'Object Repository/Факторный анализ/Фильтр Период' is: 'Январь 2025 года'

11-03-2025T04:17:43 - [TEST_STEP][PASSED] - println(period): null

11-03-2025T04:17:43 - [TEST_STEP][PASSED] - dashboardName = "Факторный анализ": null

11-03-2025T04:17:43 - [TEST_STEP][PASSED] - workbook01 = getWorkbook(excelFilePath): null

11-03-2025T04:17:43 - [TEST_STEP][PASSED] - sheet01 = getExcelSheet(workbook01, sheetName): null

11-03-2025T04:17:43 - [TEST_STEP][PASSED] - setValueToCellByIndex(sheet01, n, 0, dashboardName): null

11-03-2025T04:17:43 - [TEST_STEP][PASSED] - setValueToCellByIndex(sheet01, n, 1, dZO): null

11-03-2025T04:17:43 - [TEST_STEP][PASSED] - setValueToCellByIndex(sheet01, n, 2, period): null

11-03-2025T04:17:43 - [TEST_STEP][PASSED] - setValueToCellByIndex(sheet01, n, 3, typeOfData): null

11-03-2025T04:17:43 - [TEST_STEP][PASSED] - setValueToCellByIndex(sheet01, n, 4, todaysDate): null

11-03-2025T04:17:43 - [TEST_STEP][PASSED] - n = n + 1: null

11-03-2025T04:17:43 - [TEST_STEP][PASSED] - saveWorkbook(excelFilePath, workbook01): null

11-03-2025T04:17:43 - [TEST_STEP][PASSED] - click(findTestObject("Факторный анализ/Переключить отображение с месяца на филиал")): Object: 'Object Repository/Факторный анализ/Переключить отображение с месяца на филиал' is clicked on

11-03-2025T04:17:44 - [MESSAGE][PASSED] - Object: 'Object Repository/Факторный анализ/Переключить отображение с месяца на филиал' is clicked on

11-03-2025T04:17:44 - [TEST_STEP][PASSED] - click(findTestObject("Факторный анализ/Фильтр ДЗО")): Object: 'Object Repository/Факторный анализ/Фильтр ДЗО' is clicked on

11-03-2025T04:17:44 - [MESSAGE][PASSED] - Object: 'Object Repository/Факторный анализ/Фильтр ДЗО' is clicked on

11-03-2025T04:17:44 - [TEST_STEP][PASSED] - click(findTestObject("Факторный анализ/Снять выделение в фильтре ДЗО")): Object: 'Object Repository/Факторный анализ/Снять выделение в фильтре ДЗО' is clicked on

11-03-2025T04:17:44 - [MESSAGE][PASSED] - Object: 'Object Repository/Факторный анализ/Снять выделение в фильтре ДЗО' is clicked on

11-03-2025T04:17:44 - [TEST_STEP][PASSED] - scrollToElement(findTestObject("Общие объекты/Раскрыть список Россети Северный Кавказ"), 30): Scroll to object 'Object Repository/Общие объекты/Раскрыть список Россети Северный Кавказ' successfully

11-03-2025T04:17:45 - [MESSAGE][PASSED] - Scroll to object 'Object Repository/Общие объекты/Раскрыть список Россети Северный Кавказ' successfully

11-03-2025T04:17:45 - [TEST_STEP][PASSED] - click(findTestObject("Факторный анализ/Россети Северный Кавказ")): Object: 'Object Repository/Факторный анализ/Россети Северный Кавказ' is clicked on

11-03-2025T04:17:45 - [MESSAGE][PASSED] - Object: 'Object Repository/Факторный анализ/Россети Северный Кавказ' is clicked on

11-03-2025T04:17:45 - [TEST_STEP][PASSED] - Script1687405718449.Change(todaysDate, typeOfData): null

11-03-2025T04:17:45 - [TEST_STEP][PASSED] - scrollToElement(findTestObject("Факторный анализ/Заголовок дашборда"), 30): Scroll to object 'Object Repository/Факторный анализ/Заголовок дашборда' successfully

11-03-2025T04:17:46 - [MESSAGE][PASSED] - Scroll to object 'Object Repository/Факторный анализ/Заголовок дашборда' successfully

11-03-2025T04:17:46 - [TEST_STEP][PASSED] - click(findTestObject("Факторный анализ/Применить в фильтре ДЗО")): Object: 'Object Repository/Факторный анализ/Применить в фильтре ДЗО' is clicked on

11-03-2025T04:17:46 - [MESSAGE][PASSED] - Object: 'Object Repository/Факторный анализ/Применить в фильтре ДЗО' is clicked on

11-03-2025T04:17:46 - [TEST_STEP][PASSED] - typeOfData = "Филиал": null

11-03-2025T04:17:46 - [TEST_STEP][PASSED] - Script1687405718449.Test(todaysDate, typeOfData): null

11-03-2025T04:17:46 - [TEST_STEP][PASSED] - delay(10): Delayed 10 second(s)

11-03-2025T04:17:56 - [MESSAGE][PASSED] - Delayed 10 second(s)

11-03-2025T04:17:56 - [TEST_STEP][PASSED] - if (verifyTextNotPresent("нет данных", false) == true): null

11-03-2025T04:17:56 - [MESSAGE][PASSED] - Text 'нет данных' is not present on page

11-03-2025T04:17:56 - [TEST_STEP][PASSED] - if (verifyTextNotPresent("Ошибка запроса данных", false) == true): null

11-03-2025T04:17:57 - [MESSAGE][PASSED] - Text 'Ошибка запроса данных' is not present on page

11-03-2025T04:17:57 - [TEST_STEP][PASSED] - if (verifyTextNotPresent("Произошла ошибка при выполнении пользовательского кода", false) == true): null

11-03-2025T04:17:57 - [MESSAGE][PASSED] - Text 'Произошла ошибка при выполнении пользовательского кода' is not present on page

11-03-2025T04:17:57 - [TEST_STEP][PASSED] - if (verifyTextNotPresent("У виджета нет данных", false) == true): null

11-03-2025T04:17:58 - [MESSAGE][PASSED] - Text 'У виджета нет данных' is not present on page

11-03-2025T04:17:58 - [TEST_STEP][PASSED] - if (verifyTextNotPresent("У виджета нет данных", false) == true): Text 'У виджета нет данных' is not present on page

11-03-2025T04:17:58 - [MESSAGE][PASSED] - Text 'У виджета нет данных' is not present on page

11-03-2025T04:17:58 - [TEST_STEP][PASSED] - click(findTestObject("Факторный анализ/Переключить отображение с филиала на месяц")): Object: 'Object Repository/Факторный анализ/Переключить отображение с филиала на месяц' is clicked on

11-03-2025T04:17:58 - [MESSAGE][PASSED] - Object: 'Object Repository/Факторный анализ/Переключить отображение с филиала на месяц' is clicked on

11-03-2025T04:17:58 - [TEST_STEP][PASSED] - typeOfData = "Месяц": null

11-03-2025T04:17:58 - [TEST_STEP][PASSED] - Script1687405718449.Test(todaysDate, typeOfData): null

11-03-2025T04:17:58 - [TEST_STEP][PASSED] - delay(10): Delayed 10 second(s)

11-03-2025T04:18:08 - [MESSAGE][PASSED] - Delayed 10 second(s)

11-03-2025T04:18:08 - [TEST_STEP][FAILED] - if (verifyTextNotPresent("нет данных", false) == true): Text 'нет данных' is present on page  (Root cause: com.kms.katalon.core.exception.StepFailedException: Text 'нет данных' is present on page 
	at com.kms.katalon.core.webui.keyword.internal.WebUIKeywordMain.stepFailed(WebUIKeywordMain.groovy:64)
	at com.kms.katalon.core.webui.keyword.builtin.VerifyTextNotPresentKeyword$_verifyTextNotPresent_closure1.doCall(VerifyTextNotPresentKeyword.groovy:77)
	at com.kms.katalon.core.webui.keyword.builtin.VerifyTextNotPresentKeyword$_verifyTextNotPresent_closure1.call(VerifyTextNotPresentKeyword.groovy)
	at com.kms.katalon.core.webui.keyword.internal.WebUIKeywordMain.runKeyword(WebUIKeywordMain.groovy:20)
	at com.kms.katalon.core.webui.keyword.builtin.VerifyTextNotPresentKeyword.verifyTextNotPresent(VerifyTextNotPresentKeyword.groovy:82)
	at com.kms.katalon.core.webui.keyword.builtin.VerifyTextNotPresentKeyword.execute(VerifyTextNotPresentKeyword.groovy:68)
	at com.kms.katalon.core.keyword.internal.KeywordExecutor.executeKeywordForPlatform(KeywordExecutor.groovy:74)
	at com.kms.katalon.core.webui.keyword.WebUiBuiltInKeywords.verifyTextNotPresent(WebUiBuiltInKeywords.groovy:1795)
	at Факторный анализ отображение данных все филиалы.Test(Факторный анализ отображение данных все филиалы:789)
	at Факторный анализ отображение данных все филиалы.Change(Факторный анализ отображение данных все филиалы:775)
	at Факторный анализ отображение данных все филиалы.run(Факторный анализ отображение данных все филиалы:314)
	at com.kms.katalon.core.main.ScriptEngine.run(ScriptEngine.java:194)
	at com.kms.katalon.core.main.ScriptEngine.runScriptAsRawText(ScriptEngine.java:119)
	at com.kms.katalon.core.main.TestCaseExecutor.runScript(TestCaseExecutor.java:448)
	at com.kms.katalon.core.main.TestCaseExecutor.doExecute(TestCaseExecutor.java:439)
	at com.kms.katalon.core.main.TestCaseExecutor.processExecutionPhase(TestCaseExecutor.java:418)
	at com.kms.katalon.core.main.TestCaseExecutor.accessMainPhase(TestCaseExecutor.java:410)
	at com.kms.katalon.core.main.TestCaseExecutor.execute(TestCaseExecutor.java:285)
	at com.kms.katalon.core.common.CommonExecutor.accessTestCaseMainPhase(CommonExecutor.java:65)
	at com.kms.katalon.core.main.TestSuiteExecutor.accessTestSuiteMainPhase(TestSuiteExecutor.java:150)
	at com.kms.katalon.core.main.TestSuiteExecutor.execute(TestSuiteExecutor.java:106)
	at com.kms.katalon.core.main.TestCaseMain.startTestSuite(TestCaseMain.java:180)
	at TempTestSuite1741649958618.run(TempTestSuite1741649958618.groovy:35)
	at java.base/jdk.internal.reflect.NativeMethodAccessorImpl.invoke0(Native Method)
	at java.base/jdk.internal.reflect.NativeMethodAccessorImpl.invoke(NativeMethodAccessorImpl.java:77)
	at java.base/jdk.internal.reflect.DelegatingMethodAccessorImpl.invoke(DelegatingMethodAccessorImpl.java:43)
)

11-03-2025T04:18:09 - [MESSAGE][FAILED] - Text 'нет данных' is present on page  (Root cause: com.kms.katalon.core.exception.StepFailedException: Text 'нет данных' is present on page 
	at com.kms.katalon.core.webui.keyword.internal.WebUIKeywordMain.stepFailed(WebUIKeywordMain.groovy:64)
	at com.kms.katalon.core.webui.keyword.builtin.VerifyTextNotPresentKeyword$_verifyTextNotPresent_closure1.doCall(VerifyTextNotPresentKeyword.groovy:77)
	at com.kms.katalon.core.webui.keyword.builtin.VerifyTextNotPresentKeyword$_verifyTextNotPresent_closure1.call(VerifyTextNotPresentKeyword.groovy)
	at com.kms.katalon.core.webui.keyword.internal.WebUIKeywordMain.runKeyword(WebUIKeywordMain.groovy:20)
	at com.kms.katalon.core.webui.keyword.builtin.VerifyTextNotPresentKeyword.verifyTextNotPresent(VerifyTextNotPresentKeyword.groovy:82)
	at com.kms.katalon.core.webui.keyword.builtin.VerifyTextNotPresentKeyword.execute(VerifyTextNotPresentKeyword.groovy:68)
	at com.kms.katalon.core.keyword.internal.KeywordExecutor.executeKeywordForPlatform(KeywordExecutor.groovy:74)
	at com.kms.katalon.core.webui.keyword.WebUiBuiltInKeywords.verifyTextNotPresent(WebUiBuiltInKeywords.groovy:1795)
	at Факторный анализ отображение данных все филиалы.Test(Факторный анализ отображение данных все филиалы:789)
	at Факторный анализ отображение данных все филиалы.Change(Факторный анализ отображение данных все филиалы:775)
	at Факторный анализ отображение данных все филиалы.run(Факторный анализ отображение данных все филиалы:314)
	at com.kms.katalon.core.main.ScriptEngine.run(ScriptEngine.java:194)
	at com.kms.katalon.core.main.ScriptEngine.runScriptAsRawText(ScriptEngine.java:119)
	at com.kms.katalon.core.main.TestCaseExecutor.runScript(TestCaseExecutor.java:448)
	at com.kms.katalon.core.main.TestCaseExecutor.doExecute(TestCaseExecutor.java:439)
	at com.kms.katalon.core.main.TestCaseExecutor.processExecutionPhase(TestCaseExecutor.java:418)
	at com.kms.katalon.core.main.TestCaseExecutor.accessMainPhase(TestCaseExecutor.java:410)
	at com.kms.katalon.core.main.TestCaseExecutor.execute(TestCaseExecutor.java:285)
	at com.kms.katalon.core.common.CommonExecutor.accessTestCaseMainPhase(CommonExecutor.java:65)
	at com.kms.katalon.core.main.TestSuiteExecutor.accessTestSuiteMainPhase(TestSuiteExecutor.java:150)
	at com.kms.katalon.core.main.TestSuiteExecutor.execute(TestSuiteExecutor.java:106)
	at com.kms.katalon.core.main.TestCaseMain.startTestSuite(TestCaseMain.java:180)
	at TempTestSuite1741649958618.run(TempTestSuite1741649958618.groovy:35)
	at java.base/jdk.internal.reflect.NativeMethodAccessorImpl.invoke0(Native Method)
	at java.base/jdk.internal.reflect.NativeMethodAccessorImpl.invoke(NativeMethodAccessorImpl.java:77)
	at java.base/jdk.internal.reflect.DelegatingMethodAccessorImpl.invoke(DelegatingMethodAccessorImpl.java:43)
)

11-03-2025T04:18:09 - [TEST_STEP][PASSED] - else: null

11-03-2025T04:18:09 - [TEST_STEP][PASSED] - Script1687405718449.WriteToExcel(todaysDate, typeOfData): null

11-03-2025T04:18:09 - [TEST_STEP][PASSED] - sheetName = "Sheet1": null

11-03-2025T04:18:09 - [TEST_STEP][PASSED] - data = findTestData("PlanFact"): null

11-03-2025T04:18:09 - [TEST_STEP][PASSED] - n = data.getRowNumbers() + 1: null

11-03-2025T04:18:09 - [TEST_STEP][PASSED] - dZO = getText(findTestObject("Факторный анализ/Фильтр ДЗО")): Text of object 'Object Repository/Факторный анализ/Фильтр ДЗО' is: 'ПАО Россети - РаспредКомплекс - Россети Северный Кавказ (ГК)'

11-03-2025T04:18:09 - [MESSAGE][PASSED] - Text of object 'Object Repository/Факторный анализ/Фильтр ДЗО' is: 'ПАО Россети - РаспредКомплекс - Россети Северный Кавказ (ГК)'

11-03-2025T04:18:09 - [TEST_STEP][PASSED] - period = getText(findTestObject("Факторный анализ/Фильтр Период")): Text of object 'Object Repository/Факторный анализ/Фильтр Период' is: 'Январь 2025 года'

11-03-2025T04:18:10 - [MESSAGE][PASSED] - Text of object 'Object Repository/Факторный анализ/Фильтр Период' is: 'Январь 2025 года'

11-03-2025T04:18:10 - [TEST_STEP][PASSED] - println(period): null

11-03-2025T04:18:10 - [TEST_STEP][PASSED] - dashboardName = "Факторный анализ": null

11-03-2025T04:18:10 - [TEST_STEP][PASSED] - workbook01 = getWorkbook(excelFilePath): null

11-03-2025T04:18:10 - [TEST_STEP][PASSED] - sheet01 = getExcelSheet(workbook01, sheetName): null

11-03-2025T04:18:10 - [TEST_STEP][PASSED] - setValueToCellByIndex(sheet01, n, 0, dashboardName): null

11-03-2025T04:18:10 - [TEST_STEP][PASSED] - setValueToCellByIndex(sheet01, n, 1, dZO): null

11-03-2025T04:18:10 - [TEST_STEP][PASSED] - setValueToCellByIndex(sheet01, n, 2, period): null

11-03-2025T04:18:10 - [TEST_STEP][PASSED] - setValueToCellByIndex(sheet01, n, 3, typeOfData): null

11-03-2025T04:18:10 - [TEST_STEP][PASSED] - setValueToCellByIndex(sheet01, n, 4, todaysDate): null

11-03-2025T04:18:10 - [TEST_STEP][PASSED] - n = n + 1: null

11-03-2025T04:18:10 - [TEST_STEP][PASSED] - saveWorkbook(excelFilePath, workbook01): null

11-03-2025T04:18:10 - [TEST_STEP][PASSED] - click(findTestObject("Факторный анализ/Переключить отображение с месяца на филиал")): Object: 'Object Repository/Факторный анализ/Переключить отображение с месяца на филиал' is clicked on

11-03-2025T04:18:10 - [MESSAGE][PASSED] - Object: 'Object Repository/Факторный анализ/Переключить отображение с месяца на филиал' is clicked on

11-03-2025T04:18:10 - [TEST_STEP][PASSED] - click(findTestObject("Факторный анализ/Фильтр ДЗО")): Object: 'Object Repository/Факторный анализ/Фильтр ДЗО' is clicked on

11-03-2025T04:18:10 - [MESSAGE][PASSED] - Object: 'Object Repository/Факторный анализ/Фильтр ДЗО' is clicked on

11-03-2025T04:18:10 - [TEST_STEP][PASSED] - click(findTestObject("Факторный анализ/Снять выделение в фильтре ДЗО")): Object: 'Object Repository/Факторный анализ/Снять выделение в фильтре ДЗО' is clicked on

11-03-2025T04:18:11 - [MESSAGE][PASSED] - Object: 'Object Repository/Факторный анализ/Снять выделение в фильтре ДЗО' is clicked on

11-03-2025T04:18:11 - [TEST_STEP][PASSED] - scrollToElement(findTestObject("Общие объекты/Раскрыть список Россети Северный Кавказ"), 30): Scroll to object 'Object Repository/Общие объекты/Раскрыть список Россети Северный Кавказ' successfully

11-03-2025T04:18:11 - [MESSAGE][PASSED] - Scroll to object 'Object Repository/Общие объекты/Раскрыть список Россети Северный Кавказ' successfully

11-03-2025T04:18:11 - [TEST_STEP][PASSED] - click(findTestObject("Общие объекты/Раскрыть список Россети Северный Кавказ")): Object: 'Object Repository/Общие объекты/Раскрыть список Россети Северный Кавказ' is clicked on

11-03-2025T04:18:12 - [MESSAGE][PASSED] - Object: 'Object Repository/Общие объекты/Раскрыть список Россети Северный Кавказ' is clicked on

11-03-2025T04:18:12 - [TEST_STEP][PASSED] - click(findTestObject("Общие объекты/Раскрыть список Россети Северный Кавказ")): Object: 'Object Repository/Общие объекты/Раскрыть список Россети Северный Кавказ' is clicked on

11-03-2025T04:18:12 - [MESSAGE][PASSED] - Object: 'Object Repository/Общие объекты/Раскрыть список Россети Северный Кавказ' is clicked on

11-03-2025T04:18:12 - [TEST_STEP][PASSED] - scrollToElement(findTestObject("Общие объекты/Дагэнерго"), 30): Scroll to object 'Object Repository/Общие объекты/Дагэнерго' successfully

11-03-2025T04:18:13 - [MESSAGE][PASSED] - Scroll to object 'Object Repository/Общие объекты/Дагэнерго' successfully

11-03-2025T04:18:13 - [TEST_STEP][PASSED] - click(findTestObject("Общие объекты/Дагэнерго")): Object: 'Object Repository/Общие объекты/Дагэнерго' is clicked on

11-03-2025T04:18:13 - [MESSAGE][PASSED] - Object: 'Object Repository/Общие объекты/Дагэнерго' is clicked on

11-03-2025T04:18:13 - [TEST_STEP][PASSED] - Script1687405718449.Change(todaysDate, typeOfData): null

11-03-2025T04:18:13 - [TEST_STEP][PASSED] - scrollToElement(findTestObject("Факторный анализ/Заголовок дашборда"), 30): Scroll to object 'Object Repository/Факторный анализ/Заголовок дашборда' successfully

11-03-2025T04:18:14 - [MESSAGE][PASSED] - Scroll to object 'Object Repository/Факторный анализ/Заголовок дашборда' successfully

11-03-2025T04:18:14 - [TEST_STEP][PASSED] - click(findTestObject("Факторный анализ/Применить в фильтре ДЗО")): Object: 'Object Repository/Факторный анализ/Применить в фильтре ДЗО' is clicked on

11-03-2025T04:18:14 - [MESSAGE][PASSED] - Object: 'Object Repository/Факторный анализ/Применить в фильтре ДЗО' is clicked on

11-03-2025T04:18:14 - [TEST_STEP][PASSED] - typeOfData = "Филиал": null

11-03-2025T04:18:14 - [TEST_STEP][PASSED] - Script1687405718449.Test(todaysDate, typeOfData): null

11-03-2025T04:18:14 - [TEST_STEP][PASSED] - delay(10): Delayed 10 second(s)

11-03-2025T04:18:24 - [MESSAGE][PASSED] - Delayed 10 second(s)

11-03-2025T04:18:24 - [TEST_STEP][PASSED] - if (verifyTextNotPresent("нет данных", false) == true): null

11-03-2025T04:18:24 - [MESSAGE][PASSED] - Text 'нет данных' is not present on page

11-03-2025T04:18:24 - [TEST_STEP][PASSED] - if (verifyTextNotPresent("Ошибка запроса данных", false) == true): null

11-03-2025T04:18:25 - [MESSAGE][PASSED] - Text 'Ошибка запроса данных' is not present on page

11-03-2025T04:18:25 - [TEST_STEP][PASSED] - if (verifyTextNotPresent("Произошла ошибка при выполнении пользовательского кода", false) == true): null

11-03-2025T04:18:25 - [MESSAGE][PASSED] - Text 'Произошла ошибка при выполнении пользовательского кода' is not present on page

11-03-2025T04:18:25 - [TEST_STEP][PASSED] - if (verifyTextNotPresent("У виджета нет данных", false) == true): null

11-03-2025T04:18:26 - [MESSAGE][PASSED] - Text 'У виджета нет данных' is not present on page

11-03-2025T04:18:26 - [TEST_STEP][PASSED] - if (verifyTextNotPresent("У виджета нет данных", false) == true): Text 'У виджета нет данных' is not present on page

11-03-2025T04:18:26 - [MESSAGE][PASSED] - Text 'У виджета нет данных' is not present on page

11-03-2025T04:18:26 - [TEST_STEP][PASSED] - click(findTestObject("Факторный анализ/Переключить отображение с филиала на месяц")): Object: 'Object Repository/Факторный анализ/Переключить отображение с филиала на месяц' is clicked on

11-03-2025T04:18:26 - [MESSAGE][PASSED] - Object: 'Object Repository/Факторный анализ/Переключить отображение с филиала на месяц' is clicked on

11-03-2025T04:18:26 - [TEST_STEP][PASSED] - typeOfData = "Месяц": null

11-03-2025T04:18:26 - [TEST_STEP][PASSED] - Script1687405718449.Test(todaysDate, typeOfData): null

11-03-2025T04:18:26 - [TEST_STEP][PASSED] - delay(10): Delayed 10 second(s)

11-03-2025T04:18:36 - [MESSAGE][PASSED] - Delayed 10 second(s)

11-03-2025T04:18:36 - [TEST_STEP][FAILED] - if (verifyTextNotPresent("нет данных", false) == true): Text 'нет данных' is present on page  (Root cause: com.kms.katalon.core.exception.StepFailedException: Text 'нет данных' is present on page 
	at com.kms.katalon.core.webui.keyword.internal.WebUIKeywordMain.stepFailed(WebUIKeywordMain.groovy:64)
	at com.kms.katalon.core.webui.keyword.builtin.VerifyTextNotPresentKeyword$_verifyTextNotPresent_closure1.doCall(VerifyTextNotPresentKeyword.groovy:77)
	at com.kms.katalon.core.webui.keyword.builtin.VerifyTextNotPresentKeyword$_verifyTextNotPresent_closure1.call(VerifyTextNotPresentKeyword.groovy)
	at com.kms.katalon.core.webui.keyword.internal.WebUIKeywordMain.runKeyword(WebUIKeywordMain.groovy:20)
	at com.kms.katalon.core.webui.keyword.builtin.VerifyTextNotPresentKeyword.verifyTextNotPresent(VerifyTextNotPresentKeyword.groovy:82)
	at com.kms.katalon.core.webui.keyword.builtin.VerifyTextNotPresentKeyword.execute(VerifyTextNotPresentKeyword.groovy:68)
	at com.kms.katalon.core.keyword.internal.KeywordExecutor.executeKeywordForPlatform(KeywordExecutor.groovy:74)
	at com.kms.katalon.core.webui.keyword.WebUiBuiltInKeywords.verifyTextNotPresent(WebUiBuiltInKeywords.groovy:1795)
	at Факторный анализ отображение данных все филиалы.Test(Факторный анализ отображение данных все филиалы:789)
	at Факторный анализ отображение данных все филиалы.Change(Факторный анализ отображение данных все филиалы:775)
	at Факторный анализ отображение данных все филиалы.run(Факторный анализ отображение данных все филиалы:326)
	at com.kms.katalon.core.main.ScriptEngine.run(ScriptEngine.java:194)
	at com.kms.katalon.core.main.ScriptEngine.runScriptAsRawText(ScriptEngine.java:119)
	at com.kms.katalon.core.main.TestCaseExecutor.runScript(TestCaseExecutor.java:448)
	at com.kms.katalon.core.main.TestCaseExecutor.doExecute(TestCaseExecutor.java:439)
	at com.kms.katalon.core.main.TestCaseExecutor.processExecutionPhase(TestCaseExecutor.java:418)
	at com.kms.katalon.core.main.TestCaseExecutor.accessMainPhase(TestCaseExecutor.java:410)
	at com.kms.katalon.core.main.TestCaseExecutor.execute(TestCaseExecutor.java:285)
	at com.kms.katalon.core.common.CommonExecutor.accessTestCaseMainPhase(CommonExecutor.java:65)
	at com.kms.katalon.core.main.TestSuiteExecutor.accessTestSuiteMainPhase(TestSuiteExecutor.java:150)
	at com.kms.katalon.core.main.TestSuiteExecutor.execute(TestSuiteExecutor.java:106)
	at com.kms.katalon.core.main.TestCaseMain.startTestSuite(TestCaseMain.java:180)
	at TempTestSuite1741649958618.run(TempTestSuite1741649958618.groovy:35)
	at java.base/jdk.internal.reflect.NativeMethodAccessorImpl.invoke0(Native Method)
	at java.base/jdk.internal.reflect.NativeMethodAccessorImpl.invoke(NativeMethodAccessorImpl.java:77)
	at java.base/jdk.internal.reflect.DelegatingMethodAccessorImpl.invoke(DelegatingMethodAccessorImpl.java:43)
)

11-03-2025T04:18:37 - [MESSAGE][FAILED] - Text 'нет данных' is present on page  (Root cause: com.kms.katalon.core.exception.StepFailedException: Text 'нет данных' is present on page 
	at com.kms.katalon.core.webui.keyword.internal.WebUIKeywordMain.stepFailed(WebUIKeywordMain.groovy:64)
	at com.kms.katalon.core.webui.keyword.builtin.VerifyTextNotPresentKeyword$_verifyTextNotPresent_closure1.doCall(VerifyTextNotPresentKeyword.groovy:77)
	at com.kms.katalon.core.webui.keyword.builtin.VerifyTextNotPresentKeyword$_verifyTextNotPresent_closure1.call(VerifyTextNotPresentKeyword.groovy)
	at com.kms.katalon.core.webui.keyword.internal.WebUIKeywordMain.runKeyword(WebUIKeywordMain.groovy:20)
	at com.kms.katalon.core.webui.keyword.builtin.VerifyTextNotPresentKeyword.verifyTextNotPresent(VerifyTextNotPresentKeyword.groovy:82)
	at com.kms.katalon.core.webui.keyword.builtin.VerifyTextNotPresentKeyword.execute(VerifyTextNotPresentKeyword.groovy:68)
	at com.kms.katalon.core.keyword.internal.KeywordExecutor.executeKeywordForPlatform(KeywordExecutor.groovy:74)
	at com.kms.katalon.core.webui.keyword.WebUiBuiltInKeywords.verifyTextNotPresent(WebUiBuiltInKeywords.groovy:1795)
	at Факторный анализ отображение данных все филиалы.Test(Факторный анализ отображение данных все филиалы:789)
	at Факторный анализ отображение данных все филиалы.Change(Факторный анализ отображение данных все филиалы:775)
	at Факторный анализ отображение данных все филиалы.run(Факторный анализ отображение данных все филиалы:326)
	at com.kms.katalon.core.main.ScriptEngine.run(ScriptEngine.java:194)
	at com.kms.katalon.core.main.ScriptEngine.runScriptAsRawText(ScriptEngine.java:119)
	at com.kms.katalon.core.main.TestCaseExecutor.runScript(TestCaseExecutor.java:448)
	at com.kms.katalon.core.main.TestCaseExecutor.doExecute(TestCaseExecutor.java:439)
	at com.kms.katalon.core.main.TestCaseExecutor.processExecutionPhase(TestCaseExecutor.java:418)
	at com.kms.katalon.core.main.TestCaseExecutor.accessMainPhase(TestCaseExecutor.java:410)
	at com.kms.katalon.core.main.TestCaseExecutor.execute(TestCaseExecutor.java:285)
	at com.kms.katalon.core.common.CommonExecutor.accessTestCaseMainPhase(CommonExecutor.java:65)
	at com.kms.katalon.core.main.TestSuiteExecutor.accessTestSuiteMainPhase(TestSuiteExecutor.java:150)
	at com.kms.katalon.core.main.TestSuiteExecutor.execute(TestSuiteExecutor.java:106)
	at com.kms.katalon.core.main.TestCaseMain.startTestSuite(TestCaseMain.java:180)
	at TempTestSuite1741649958618.run(TempTestSuite1741649958618.groovy:35)
	at java.base/jdk.internal.reflect.NativeMethodAccessorImpl.invoke0(Native Method)
	at java.base/jdk.internal.reflect.NativeMethodAccessorImpl.invoke(NativeMethodAccessorImpl.java:77)
	at java.base/jdk.internal.reflect.DelegatingMethodAccessorImpl.invoke(DelegatingMethodAccessorImpl.java:43)
)

11-03-2025T04:18:37 - [TEST_STEP][PASSED] - else: null

11-03-2025T04:18:37 - [TEST_STEP][PASSED] - Script1687405718449.WriteToExcel(todaysDate, typeOfData): null

11-03-2025T04:18:37 - [TEST_STEP][PASSED] - sheetName = "Sheet1": null

11-03-2025T04:18:37 - [TEST_STEP][PASSED] - data = findTestData("PlanFact"): null

11-03-2025T04:18:37 - [TEST_STEP][PASSED] - n = data.getRowNumbers() + 1: null

11-03-2025T04:18:37 - [TEST_STEP][PASSED] - dZO = getText(findTestObject("Факторный анализ/Фильтр ДЗО")): Text of object 'Object Repository/Факторный анализ/Фильтр ДЗО' is: 'ПАО Россети - РаспредКомплекс - Россети Северный Кавказ (ГК) - Дагэнерго'

11-03-2025T04:18:37 - [MESSAGE][PASSED] - Text of object 'Object Repository/Факторный анализ/Фильтр ДЗО' is: 'ПАО Россети - РаспредКомплекс - Россети Северный Кавказ (ГК) - Дагэнерго'

11-03-2025T04:18:37 - [TEST_STEP][PASSED] - period = getText(findTestObject("Факторный анализ/Фильтр Период")): Text of object 'Object Repository/Факторный анализ/Фильтр Период' is: 'Январь 2025 года'

11-03-2025T04:18:38 - [MESSAGE][PASSED] - Text of object 'Object Repository/Факторный анализ/Фильтр Период' is: 'Январь 2025 года'

11-03-2025T04:18:38 - [TEST_STEP][PASSED] - println(period): null

11-03-2025T04:18:38 - [TEST_STEP][PASSED] - dashboardName = "Факторный анализ": null

11-03-2025T04:18:38 - [TEST_STEP][PASSED] - workbook01 = getWorkbook(excelFilePath): null

11-03-2025T04:18:38 - [TEST_STEP][PASSED] - sheet01 = getExcelSheet(workbook01, sheetName): null

11-03-2025T04:18:38 - [TEST_STEP][PASSED] - setValueToCellByIndex(sheet01, n, 0, dashboardName): null

11-03-2025T04:18:38 - [TEST_STEP][PASSED] - setValueToCellByIndex(sheet01, n, 1, dZO): null

11-03-2025T04:18:38 - [TEST_STEP][PASSED] - setValueToCellByIndex(sheet01, n, 2, period): null

11-03-2025T04:18:38 - [TEST_STEP][PASSED] - setValueToCellByIndex(sheet01, n, 3, typeOfData): null

11-03-2025T04:18:38 - [TEST_STEP][PASSED] - setValueToCellByIndex(sheet01, n, 4, todaysDate): null

11-03-2025T04:18:38 - [TEST_STEP][PASSED] - n = n + 1: null

11-03-2025T04:18:38 - [TEST_STEP][PASSED] - saveWorkbook(excelFilePath, workbook01): null

11-03-2025T04:18:38 - [TEST_STEP][PASSED] - click(findTestObject("Факторный анализ/Переключить отображение с месяца на филиал")): Object: 'Object Repository/Факторный анализ/Переключить отображение с месяца на филиал' is clicked on

11-03-2025T04:18:38 - [MESSAGE][PASSED] - Object: 'Object Repository/Факторный анализ/Переключить отображение с месяца на филиал' is clicked on

11-03-2025T04:18:38 - [TEST_STEP][PASSED] - click(findTestObject("Факторный анализ/Фильтр ДЗО")): Object: 'Object Repository/Факторный анализ/Фильтр ДЗО' is clicked on

11-03-2025T04:18:38 - [MESSAGE][PASSED] - Object: 'Object Repository/Факторный анализ/Фильтр ДЗО' is clicked on

11-03-2025T04:18:38 - [TEST_STEP][PASSED] - click(findTestObject("Факторный анализ/Снять выделение в фильтре ДЗО")): Object: 'Object Repository/Факторный анализ/Снять выделение в фильтре ДЗО' is clicked on

11-03-2025T04:18:39 - [MESSAGE][PASSED] - Object: 'Object Repository/Факторный анализ/Снять выделение в фильтре ДЗО' is clicked on

11-03-2025T04:18:39 - [TEST_STEP][PASSED] - scrollToElement(findTestObject("Общие объекты/Ингушэнерго"), 30): Scroll to object 'Object Repository/Общие объекты/Ингушэнерго' successfully

11-03-2025T04:18:39 - [MESSAGE][PASSED] - Scroll to object 'Object Repository/Общие объекты/Ингушэнерго' successfully

11-03-2025T04:18:39 - [TEST_STEP][PASSED] - click(findTestObject("Общие объекты/Ингушэнерго")): Object: 'Object Repository/Общие объекты/Ингушэнерго' is clicked on

11-03-2025T04:18:40 - [MESSAGE][PASSED] - Object: 'Object Repository/Общие объекты/Ингушэнерго' is clicked on

11-03-2025T04:18:40 - [TEST_STEP][PASSED] - Script1687405718449.Change(todaysDate, typeOfData): null

11-03-2025T04:18:40 - [TEST_STEP][PASSED] - scrollToElement(findTestObject("Факторный анализ/Заголовок дашборда"), 30): Scroll to object 'Object Repository/Факторный анализ/Заголовок дашборда' successfully

11-03-2025T04:18:40 - [MESSAGE][PASSED] - Scroll to object 'Object Repository/Факторный анализ/Заголовок дашборда' successfully

11-03-2025T04:18:40 - [TEST_STEP][PASSED] - click(findTestObject("Факторный анализ/Применить в фильтре ДЗО")): Object: 'Object Repository/Факторный анализ/Применить в фильтре ДЗО' is clicked on

11-03-2025T04:18:41 - [MESSAGE][PASSED] - Object: 'Object Repository/Факторный анализ/Применить в фильтре ДЗО' is clicked on

11-03-2025T04:18:41 - [TEST_STEP][PASSED] - typeOfData = "Филиал": null

11-03-2025T04:18:41 - [TEST_STEP][PASSED] - Script1687405718449.Test(todaysDate, typeOfData): null

11-03-2025T04:18:41 - [TEST_STEP][PASSED] - delay(10): Delayed 10 second(s)

11-03-2025T04:18:51 - [MESSAGE][PASSED] - Delayed 10 second(s)

11-03-2025T04:18:51 - [TEST_STEP][PASSED] - if (verifyTextNotPresent("нет данных", false) == true): null

11-03-2025T04:18:51 - [MESSAGE][PASSED] - Text 'нет данных' is not present on page

11-03-2025T04:18:51 - [TEST_STEP][PASSED] - if (verifyTextNotPresent("Ошибка запроса данных", false) == true): null

11-03-2025T04:18:51 - [MESSAGE][PASSED] - Text 'Ошибка запроса данных' is not present on page

11-03-2025T04:18:51 - [TEST_STEP][PASSED] - if (verifyTextNotPresent("Произошла ошибка при выполнении пользовательского кода", false) == true): null

11-03-2025T04:18:52 - [MESSAGE][PASSED] - Text 'Произошла ошибка при выполнении пользовательского кода' is not present on page

11-03-2025T04:18:52 - [TEST_STEP][PASSED] - if (verifyTextNotPresent("У виджета нет данных", false) == true): null

11-03-2025T04:18:52 - [MESSAGE][PASSED] - Text 'У виджета нет данных' is not present on page

11-03-2025T04:18:52 - [TEST_STEP][PASSED] - if (verifyTextNotPresent("У виджета нет данных", false) == true): Text 'У виджета нет данных' is not present on page

11-03-2025T04:18:53 - [MESSAGE][PASSED] - Text 'У виджета нет данных' is not present on page

11-03-2025T04:18:53 - [TEST_STEP][PASSED] - click(findTestObject("Факторный анализ/Переключить отображение с филиала на месяц")): Object: 'Object Repository/Факторный анализ/Переключить отображение с филиала на месяц' is clicked on

11-03-2025T04:18:53 - [MESSAGE][PASSED] - Object: 'Object Repository/Факторный анализ/Переключить отображение с филиала на месяц' is clicked on

11-03-2025T04:18:53 - [TEST_STEP][PASSED] - typeOfData = "Месяц": null

11-03-2025T04:18:53 - [TEST_STEP][PASSED] - Script1687405718449.Test(todaysDate, typeOfData): null

11-03-2025T04:18:53 - [TEST_STEP][PASSED] - delay(10): Delayed 10 second(s)

11-03-2025T04:19:03 - [MESSAGE][PASSED] - Delayed 10 second(s)

11-03-2025T04:19:03 - [TEST_STEP][FAILED] - if (verifyTextNotPresent("нет данных", false) == true): Text 'нет данных' is present on page  (Root cause: com.kms.katalon.core.exception.StepFailedException: Text 'нет данных' is present on page 
	at com.kms.katalon.core.webui.keyword.internal.WebUIKeywordMain.stepFailed(WebUIKeywordMain.groovy:64)
	at com.kms.katalon.core.webui.keyword.builtin.VerifyTextNotPresentKeyword$_verifyTextNotPresent_closure1.doCall(VerifyTextNotPresentKeyword.groovy:77)
	at com.kms.katalon.core.webui.keyword.builtin.VerifyTextNotPresentKeyword$_verifyTextNotPresent_closure1.call(VerifyTextNotPresentKeyword.groovy)
	at com.kms.katalon.core.webui.keyword.internal.WebUIKeywordMain.runKeyword(WebUIKeywordMain.groovy:20)
	at com.kms.katalon.core.webui.keyword.builtin.VerifyTextNotPresentKeyword.verifyTextNotPresent(VerifyTextNotPresentKeyword.groovy:82)
	at com.kms.katalon.core.webui.keyword.builtin.VerifyTextNotPresentKeyword.execute(VerifyTextNotPresentKeyword.groovy:68)
	at com.kms.katalon.core.keyword.internal.KeywordExecutor.executeKeywordForPlatform(KeywordExecutor.groovy:74)
	at com.kms.katalon.core.webui.keyword.WebUiBuiltInKeywords.verifyTextNotPresent(WebUiBuiltInKeywords.groovy:1795)
	at Факторный анализ отображение данных все филиалы.Test(Факторный анализ отображение данных все филиалы:789)
	at Факторный анализ отображение данных все филиалы.Change(Факторный анализ отображение данных все филиалы:775)
	at Факторный анализ отображение данных все филиалы.run(Факторный анализ отображение данных все филиалы:332)
	at com.kms.katalon.core.main.ScriptEngine.run(ScriptEngine.java:194)
	at com.kms.katalon.core.main.ScriptEngine.runScriptAsRawText(ScriptEngine.java:119)
	at com.kms.katalon.core.main.TestCaseExecutor.runScript(TestCaseExecutor.java:448)
	at com.kms.katalon.core.main.TestCaseExecutor.doExecute(TestCaseExecutor.java:439)
	at com.kms.katalon.core.main.TestCaseExecutor.processExecutionPhase(TestCaseExecutor.java:418)
	at com.kms.katalon.core.main.TestCaseExecutor.accessMainPhase(TestCaseExecutor.java:410)
	at com.kms.katalon.core.main.TestCaseExecutor.execute(TestCaseExecutor.java:285)
	at com.kms.katalon.core.common.CommonExecutor.accessTestCaseMainPhase(CommonExecutor.java:65)
	at com.kms.katalon.core.main.TestSuiteExecutor.accessTestSuiteMainPhase(TestSuiteExecutor.java:150)
	at com.kms.katalon.core.main.TestSuiteExecutor.execute(TestSuiteExecutor.java:106)
	at com.kms.katalon.core.main.TestCaseMain.startTestSuite(TestCaseMain.java:180)
	at TempTestSuite1741649958618.run(TempTestSuite1741649958618.groovy:35)
	at java.base/jdk.internal.reflect.NativeMethodAccessorImpl.invoke0(Native Method)
	at java.base/jdk.internal.reflect.NativeMethodAccessorImpl.invoke(NativeMethodAccessorImpl.java:77)
	at java.base/jdk.internal.reflect.DelegatingMethodAccessorImpl.invoke(DelegatingMethodAccessorImpl.java:43)
)

11-03-2025T04:19:03 - [MESSAGE][FAILED] - Text 'нет данных' is present on page  (Root cause: com.kms.katalon.core.exception.StepFailedException: Text 'нет данных' is present on page 
	at com.kms.katalon.core.webui.keyword.internal.WebUIKeywordMain.stepFailed(WebUIKeywordMain.groovy:64)
	at com.kms.katalon.core.webui.keyword.builtin.VerifyTextNotPresentKeyword$_verifyTextNotPresent_closure1.doCall(VerifyTextNotPresentKeyword.groovy:77)
	at com.kms.katalon.core.webui.keyword.builtin.VerifyTextNotPresentKeyword$_verifyTextNotPresent_closure1.call(VerifyTextNotPresentKeyword.groovy)
	at com.kms.katalon.core.webui.keyword.internal.WebUIKeywordMain.runKeyword(WebUIKeywordMain.groovy:20)
	at com.kms.katalon.core.webui.keyword.builtin.VerifyTextNotPresentKeyword.verifyTextNotPresent(VerifyTextNotPresentKeyword.groovy:82)
	at com.kms.katalon.core.webui.keyword.builtin.VerifyTextNotPresentKeyword.execute(VerifyTextNotPresentKeyword.groovy:68)
	at com.kms.katalon.core.keyword.internal.KeywordExecutor.executeKeywordForPlatform(KeywordExecutor.groovy:74)
	at com.kms.katalon.core.webui.keyword.WebUiBuiltInKeywords.verifyTextNotPresent(WebUiBuiltInKeywords.groovy:1795)
	at Факторный анализ отображение данных все филиалы.Test(Факторный анализ отображение данных все филиалы:789)
	at Факторный анализ отображение данных все филиалы.Change(Факторный анализ отображение данных все филиалы:775)
	at Факторный анализ отображение данных все филиалы.run(Факторный анализ отображение данных все филиалы:332)
	at com.kms.katalon.core.main.ScriptEngine.run(ScriptEngine.java:194)
	at com.kms.katalon.core.main.ScriptEngine.runScriptAsRawText(ScriptEngine.java:119)
	at com.kms.katalon.core.main.TestCaseExecutor.runScript(TestCaseExecutor.java:448)
	at com.kms.katalon.core.main.TestCaseExecutor.doExecute(TestCaseExecutor.java:439)
	at com.kms.katalon.core.main.TestCaseExecutor.processExecutionPhase(TestCaseExecutor.java:418)
	at com.kms.katalon.core.main.TestCaseExecutor.accessMainPhase(TestCaseExecutor.java:410)
	at com.kms.katalon.core.main.TestCaseExecutor.execute(TestCaseExecutor.java:285)
	at com.kms.katalon.core.common.CommonExecutor.accessTestCaseMainPhase(CommonExecutor.java:65)
	at com.kms.katalon.core.main.TestSuiteExecutor.accessTestSuiteMainPhase(TestSuiteExecutor.java:150)
	at com.kms.katalon.core.main.TestSuiteExecutor.execute(TestSuiteExecutor.java:106)
	at com.kms.katalon.core.main.TestCaseMain.startTestSuite(TestCaseMain.java:180)
	at TempTestSuite1741649958618.run(TempTestSuite1741649958618.groovy:35)
	at java.base/jdk.internal.reflect.NativeMethodAccessorImpl.invoke0(Native Method)
	at java.base/jdk.internal.reflect.NativeMethodAccessorImpl.invoke(NativeMethodAccessorImpl.java:77)
	at java.base/jdk.internal.reflect.DelegatingMethodAccessorImpl.invoke(DelegatingMethodAccessorImpl.java:43)
)

11-03-2025T04:19:03 - [TEST_STEP][PASSED] - else: null

11-03-2025T04:19:03 - [TEST_STEP][PASSED] - Script1687405718449.WriteToExcel(todaysDate, typeOfData): null

11-03-2025T04:19:03 - [TEST_STEP][PASSED] - sheetName = "Sheet1": null

11-03-2025T04:19:03 - [TEST_STEP][PASSED] - data = findTestData("PlanFact"): null

11-03-2025T04:19:03 - [TEST_STEP][PASSED] - n = data.getRowNumbers() + 1: null

11-03-2025T04:19:03 - [TEST_STEP][PASSED] - dZO = getText(findTestObject("Факторный анализ/Фильтр ДЗО")): Text of object 'Object Repository/Факторный анализ/Фильтр ДЗО' is: 'ПАО Россети - РаспредКомплекс - Россети Северный Кавказ (ГК) - Ингушэнерго'

11-03-2025T04:19:04 - [MESSAGE][PASSED] - Text of object 'Object Repository/Факторный анализ/Фильтр ДЗО' is: 'ПАО Россети - РаспредКомплекс - Россети Северный Кавказ (ГК) - Ингушэнерго'

11-03-2025T04:19:04 - [TEST_STEP][PASSED] - period = getText(findTestObject("Факторный анализ/Фильтр Период")): Text of object 'Object Repository/Факторный анализ/Фильтр Период' is: 'Январь 2025 года'

11-03-2025T04:19:04 - [MESSAGE][PASSED] - Text of object 'Object Repository/Факторный анализ/Фильтр Период' is: 'Январь 2025 года'

11-03-2025T04:19:04 - [TEST_STEP][PASSED] - println(period): null

11-03-2025T04:19:04 - [TEST_STEP][PASSED] - dashboardName = "Факторный анализ": null

11-03-2025T04:19:04 - [TEST_STEP][PASSED] - workbook01 = getWorkbook(excelFilePath): null

11-03-2025T04:19:04 - [TEST_STEP][PASSED] - sheet01 = getExcelSheet(workbook01, sheetName): null

11-03-2025T04:19:04 - [TEST_STEP][PASSED] - setValueToCellByIndex(sheet01, n, 0, dashboardName): null

11-03-2025T04:19:04 - [TEST_STEP][PASSED] - setValueToCellByIndex(sheet01, n, 1, dZO): null

11-03-2025T04:19:04 - [TEST_STEP][PASSED] - setValueToCellByIndex(sheet01, n, 2, period): null

11-03-2025T04:19:04 - [TEST_STEP][PASSED] - setValueToCellByIndex(sheet01, n, 3, typeOfData): null

11-03-2025T04:19:04 - [TEST_STEP][PASSED] - setValueToCellByIndex(sheet01, n, 4, todaysDate): null

11-03-2025T04:19:04 - [TEST_STEP][PASSED] - n = n + 1: null

11-03-2025T04:19:04 - [TEST_STEP][PASSED] - saveWorkbook(excelFilePath, workbook01): null

11-03-2025T04:19:04 - [TEST_STEP][PASSED] - click(findTestObject("Факторный анализ/Переключить отображение с месяца на филиал")): Object: 'Object Repository/Факторный анализ/Переключить отображение с месяца на филиал' is clicked on

11-03-2025T04:19:05 - [MESSAGE][PASSED] - Object: 'Object Repository/Факторный анализ/Переключить отображение с месяца на филиал' is clicked on

11-03-2025T04:19:05 - [TEST_STEP][PASSED] - click(findTestObject("Факторный анализ/Фильтр ДЗО")): Object: 'Object Repository/Факторный анализ/Фильтр ДЗО' is clicked on

11-03-2025T04:19:05 - [MESSAGE][PASSED] - Object: 'Object Repository/Факторный анализ/Фильтр ДЗО' is clicked on

11-03-2025T04:19:05 - [TEST_STEP][PASSED] - click(findTestObject("Факторный анализ/Снять выделение в фильтре ДЗО")): Object: 'Object Repository/Факторный анализ/Снять выделение в фильтре ДЗО' is clicked on

11-03-2025T04:19:05 - [MESSAGE][PASSED] - Object: 'Object Repository/Факторный анализ/Снять выделение в фильтре ДЗО' is clicked on

11-03-2025T04:19:05 - [TEST_STEP][PASSED] - scrollToElement(findTestObject("Общие объекты/Каббалкэнерго"), 30): Scroll to object 'Object Repository/Общие объекты/Каббалкэнерго' successfully

11-03-2025T04:19:06 - [MESSAGE][PASSED] - Scroll to object 'Object Repository/Общие объекты/Каббалкэнерго' successfully

11-03-2025T04:19:06 - [TEST_STEP][PASSED] - click(findTestObject("Общие объекты/Каббалкэнерго")): Object: 'Object Repository/Общие объекты/Каббалкэнерго' is clicked on

11-03-2025T04:19:06 - [MESSAGE][PASSED] - Object: 'Object Repository/Общие объекты/Каббалкэнерго' is clicked on

11-03-2025T04:19:06 - [TEST_STEP][PASSED] - Script1687405718449.Change(todaysDate, typeOfData): null

11-03-2025T04:19:06 - [TEST_STEP][PASSED] - scrollToElement(findTestObject("Факторный анализ/Заголовок дашборда"), 30): Scroll to object 'Object Repository/Факторный анализ/Заголовок дашборда' successfully

11-03-2025T04:19:06 - [MESSAGE][PASSED] - Scroll to object 'Object Repository/Факторный анализ/Заголовок дашборда' successfully

11-03-2025T04:19:06 - [TEST_STEP][PASSED] - click(findTestObject("Факторный анализ/Применить в фильтре ДЗО")): Object: 'Object Repository/Факторный анализ/Применить в фильтре ДЗО' is clicked on

11-03-2025T04:19:07 - [MESSAGE][PASSED] - Object: 'Object Repository/Факторный анализ/Применить в фильтре ДЗО' is clicked on

11-03-2025T04:19:07 - [TEST_STEP][PASSED] - typeOfData = "Филиал": null

11-03-2025T04:19:07 - [TEST_STEP][PASSED] - Script1687405718449.Test(todaysDate, typeOfData): null

11-03-2025T04:19:07 - [TEST_STEP][PASSED] - delay(10): Delayed 10 second(s)

11-03-2025T04:19:17 - [MESSAGE][PASSED] - Delayed 10 second(s)

11-03-2025T04:19:17 - [TEST_STEP][PASSED] - if (verifyTextNotPresent("нет данных", false) == true): null

11-03-2025T04:19:17 - [MESSAGE][PASSED] - Text 'нет данных' is not present on page

11-03-2025T04:19:17 - [TEST_STEP][PASSED] - if (verifyTextNotPresent("Ошибка запроса данных", false) == true): null

11-03-2025T04:19:18 - [MESSAGE][PASSED] - Text 'Ошибка запроса данных' is not present on page

11-03-2025T04:19:18 - [TEST_STEP][PASSED] - if (verifyTextNotPresent("Произошла ошибка при выполнении пользовательского кода", false) == true): null

11-03-2025T04:19:18 - [MESSAGE][PASSED] - Text 'Произошла ошибка при выполнении пользовательского кода' is not present on page

11-03-2025T04:19:18 - [TEST_STEP][PASSED] - if (verifyTextNotPresent("У виджета нет данных", false) == true): null

11-03-2025T04:19:19 - [MESSAGE][PASSED] - Text 'У виджета нет данных' is not present on page

11-03-2025T04:19:19 - [TEST_STEP][PASSED] - if (verifyTextNotPresent("У виджета нет данных", false) == true): Text 'У виджета нет данных' is not present on page

11-03-2025T04:19:19 - [MESSAGE][PASSED] - Text 'У виджета нет данных' is not present on page

11-03-2025T04:19:19 - [TEST_STEP][PASSED] - click(findTestObject("Факторный анализ/Переключить отображение с филиала на месяц")): Object: 'Object Repository/Факторный анализ/Переключить отображение с филиала на месяц' is clicked on

11-03-2025T04:19:19 - [MESSAGE][PASSED] - Object: 'Object Repository/Факторный анализ/Переключить отображение с филиала на месяц' is clicked on

11-03-2025T04:19:19 - [TEST_STEP][PASSED] - typeOfData = "Месяц": null

11-03-2025T04:19:19 - [TEST_STEP][PASSED] - Script1687405718449.Test(todaysDate, typeOfData): null

11-03-2025T04:19:19 - [TEST_STEP][PASSED] - delay(10): Delayed 10 second(s)

11-03-2025T04:19:29 - [MESSAGE][PASSED] - Delayed 10 second(s)

11-03-2025T04:19:29 - [TEST_STEP][FAILED] - if (verifyTextNotPresent("нет данных", false) == true): Text 'нет данных' is present on page  (Root cause: com.kms.katalon.core.exception.StepFailedException: Text 'нет данных' is present on page 
	at com.kms.katalon.core.webui.keyword.internal.WebUIKeywordMain.stepFailed(WebUIKeywordMain.groovy:64)
	at com.kms.katalon.core.webui.keyword.builtin.VerifyTextNotPresentKeyword$_verifyTextNotPresent_closure1.doCall(VerifyTextNotPresentKeyword.groovy:77)
	at com.kms.katalon.core.webui.keyword.builtin.VerifyTextNotPresentKeyword$_verifyTextNotPresent_closure1.call(VerifyTextNotPresentKeyword.groovy)
	at com.kms.katalon.core.webui.keyword.internal.WebUIKeywordMain.runKeyword(WebUIKeywordMain.groovy:20)
	at com.kms.katalon.core.webui.keyword.builtin.VerifyTextNotPresentKeyword.verifyTextNotPresent(VerifyTextNotPresentKeyword.groovy:82)
	at com.kms.katalon.core.webui.keyword.builtin.VerifyTextNotPresentKeyword.execute(VerifyTextNotPresentKeyword.groovy:68)
	at com.kms.katalon.core.keyword.internal.KeywordExecutor.executeKeywordForPlatform(KeywordExecutor.groovy:74)
	at com.kms.katalon.core.webui.keyword.WebUiBuiltInKeywords.verifyTextNotPresent(WebUiBuiltInKeywords.groovy:1795)
	at Факторный анализ отображение данных все филиалы.Test(Факторный анализ отображение данных все филиалы:789)
	at Факторный анализ отображение данных все филиалы.Change(Факторный анализ отображение данных все филиалы:775)
	at Факторный анализ отображение данных все филиалы.run(Факторный анализ отображение данных все филиалы:338)
	at com.kms.katalon.core.main.ScriptEngine.run(ScriptEngine.java:194)
	at com.kms.katalon.core.main.ScriptEngine.runScriptAsRawText(ScriptEngine.java:119)
	at com.kms.katalon.core.main.TestCaseExecutor.runScript(TestCaseExecutor.java:448)
	at com.kms.katalon.core.main.TestCaseExecutor.doExecute(TestCaseExecutor.java:439)
	at com.kms.katalon.core.main.TestCaseExecutor.processExecutionPhase(TestCaseExecutor.java:418)
	at com.kms.katalon.core.main.TestCaseExecutor.accessMainPhase(TestCaseExecutor.java:410)
	at com.kms.katalon.core.main.TestCaseExecutor.execute(TestCaseExecutor.java:285)
	at com.kms.katalon.core.common.CommonExecutor.accessTestCaseMainPhase(CommonExecutor.java:65)
	at com.kms.katalon.core.main.TestSuiteExecutor.accessTestSuiteMainPhase(TestSuiteExecutor.java:150)
	at com.kms.katalon.core.main.TestSuiteExecutor.execute(TestSuiteExecutor.java:106)
	at com.kms.katalon.core.main.TestCaseMain.startTestSuite(TestCaseMain.java:180)
	at TempTestSuite1741649958618.run(TempTestSuite1741649958618.groovy:35)
	at java.base/jdk.internal.reflect.NativeMethodAccessorImpl.invoke0(Native Method)
	at java.base/jdk.internal.reflect.NativeMethodAccessorImpl.invoke(NativeMethodAccessorImpl.java:77)
	at java.base/jdk.internal.reflect.DelegatingMethodAccessorImpl.invoke(DelegatingMethodAccessorImpl.java:43)
)

11-03-2025T04:19:30 - [MESSAGE][FAILED] - Text 'нет данных' is present on page  (Root cause: com.kms.katalon.core.exception.StepFailedException: Text 'нет данных' is present on page 
	at com.kms.katalon.core.webui.keyword.internal.WebUIKeywordMain.stepFailed(WebUIKeywordMain.groovy:64)
	at com.kms.katalon.core.webui.keyword.builtin.VerifyTextNotPresentKeyword$_verifyTextNotPresent_closure1.doCall(VerifyTextNotPresentKeyword.groovy:77)
	at com.kms.katalon.core.webui.keyword.builtin.VerifyTextNotPresentKeyword$_verifyTextNotPresent_closure1.call(VerifyTextNotPresentKeyword.groovy)
	at com.kms.katalon.core.webui.keyword.internal.WebUIKeywordMain.runKeyword(WebUIKeywordMain.groovy:20)
	at com.kms.katalon.core.webui.keyword.builtin.VerifyTextNotPresentKeyword.verifyTextNotPresent(VerifyTextNotPresentKeyword.groovy:82)
	at com.kms.katalon.core.webui.keyword.builtin.VerifyTextNotPresentKeyword.execute(VerifyTextNotPresentKeyword.groovy:68)
	at com.kms.katalon.core.keyword.internal.KeywordExecutor.executeKeywordForPlatform(KeywordExecutor.groovy:74)
	at com.kms.katalon.core.webui.keyword.WebUiBuiltInKeywords.verifyTextNotPresent(WebUiBuiltInKeywords.groovy:1795)
	at Факторный анализ отображение данных все филиалы.Test(Факторный анализ отображение данных все филиалы:789)
	at Факторный анализ отображение данных все филиалы.Change(Факторный анализ отображение данных все филиалы:775)
	at Факторный анализ отображение данных все филиалы.run(Факторный анализ отображение данных все филиалы:338)
	at com.kms.katalon.core.main.ScriptEngine.run(ScriptEngine.java:194)
	at com.kms.katalon.core.main.ScriptEngine.runScriptAsRawText(ScriptEngine.java:119)
	at com.kms.katalon.core.main.TestCaseExecutor.runScript(TestCaseExecutor.java:448)
	at com.kms.katalon.core.main.TestCaseExecutor.doExecute(TestCaseExecutor.java:439)
	at com.kms.katalon.core.main.TestCaseExecutor.processExecutionPhase(TestCaseExecutor.java:418)
	at com.kms.katalon.core.main.TestCaseExecutor.accessMainPhase(TestCaseExecutor.java:410)
	at com.kms.katalon.core.main.TestCaseExecutor.execute(TestCaseExecutor.java:285)
	at com.kms.katalon.core.common.CommonExecutor.accessTestCaseMainPhase(CommonExecutor.java:65)
	at com.kms.katalon.core.main.TestSuiteExecutor.accessTestSuiteMainPhase(TestSuiteExecutor.java:150)
	at com.kms.katalon.core.main.TestSuiteExecutor.execute(TestSuiteExecutor.java:106)
	at com.kms.katalon.core.main.TestCaseMain.startTestSuite(TestCaseMain.java:180)
	at TempTestSuite1741649958618.run(TempTestSuite1741649958618.groovy:35)
	at java.base/jdk.internal.reflect.NativeMethodAccessorImpl.invoke0(Native Method)
	at java.base/jdk.internal.reflect.NativeMethodAccessorImpl.invoke(NativeMethodAccessorImpl.java:77)
	at java.base/jdk.internal.reflect.DelegatingMethodAccessorImpl.invoke(DelegatingMethodAccessorImpl.java:43)
)

11-03-2025T04:19:30 - [TEST_STEP][PASSED] - else: null

11-03-2025T04:19:30 - [TEST_STEP][PASSED] - Script1687405718449.WriteToExcel(todaysDate, typeOfData): null

11-03-2025T04:19:30 - [TEST_STEP][PASSED] - sheetName = "Sheet1": null

11-03-2025T04:19:30 - [TEST_STEP][PASSED] - data = findTestData("PlanFact"): null

11-03-2025T04:19:30 - [TEST_STEP][PASSED] - n = data.getRowNumbers() + 1: null

11-03-2025T04:19:30 - [TEST_STEP][PASSED] - dZO = getText(findTestObject("Факторный анализ/Фильтр ДЗО")): Text of object 'Object Repository/Факторный анализ/Фильтр ДЗО' is: 'ПАО Россети - РаспредКомплекс - Россети Северный Кавказ (ГК) - Каббалкэнерго'

11-03-2025T04:19:30 - [MESSAGE][PASSED] - Text of object 'Object Repository/Факторный анализ/Фильтр ДЗО' is: 'ПАО Россети - РаспредКомплекс - Россети Северный Кавказ (ГК) - Каббалкэнерго'

11-03-2025T04:19:30 - [TEST_STEP][PASSED] - period = getText(findTestObject("Факторный анализ/Фильтр Период")): Text of object 'Object Repository/Факторный анализ/Фильтр Период' is: 'Январь 2025 года'

11-03-2025T04:19:30 - [MESSAGE][PASSED] - Text of object 'Object Repository/Факторный анализ/Фильтр Период' is: 'Январь 2025 года'

11-03-2025T04:19:30 - [TEST_STEP][PASSED] - println(period): null

11-03-2025T04:19:30 - [TEST_STEP][PASSED] - dashboardName = "Факторный анализ": null

11-03-2025T04:19:30 - [TEST_STEP][PASSED] - workbook01 = getWorkbook(excelFilePath): null

11-03-2025T04:19:31 - [TEST_STEP][PASSED] - sheet01 = getExcelSheet(workbook01, sheetName): null

11-03-2025T04:19:31 - [TEST_STEP][PASSED] - setValueToCellByIndex(sheet01, n, 0, dashboardName): null

11-03-2025T04:19:31 - [TEST_STEP][PASSED] - setValueToCellByIndex(sheet01, n, 1, dZO): null

11-03-2025T04:19:31 - [TEST_STEP][PASSED] - setValueToCellByIndex(sheet01, n, 2, period): null

11-03-2025T04:19:31 - [TEST_STEP][PASSED] - setValueToCellByIndex(sheet01, n, 3, typeOfData): null

11-03-2025T04:19:31 - [TEST_STEP][PASSED] - setValueToCellByIndex(sheet01, n, 4, todaysDate): null

11-03-2025T04:19:31 - [TEST_STEP][PASSED] - n = n + 1: null

11-03-2025T04:19:31 - [TEST_STEP][PASSED] - saveWorkbook(excelFilePath, workbook01): null

11-03-2025T04:19:31 - [TEST_STEP][PASSED] - click(findTestObject("Факторный анализ/Переключить отображение с месяца на филиал")): Object: 'Object Repository/Факторный анализ/Переключить отображение с месяца на филиал' is clicked on

11-03-2025T04:19:31 - [MESSAGE][PASSED] - Object: 'Object Repository/Факторный анализ/Переключить отображение с месяца на филиал' is clicked on

11-03-2025T04:19:31 - [TEST_STEP][PASSED] - click(findTestObject("Факторный анализ/Фильтр ДЗО")): Object: 'Object Repository/Факторный анализ/Фильтр ДЗО' is clicked on

11-03-2025T04:19:31 - [MESSAGE][PASSED] - Object: 'Object Repository/Факторный анализ/Фильтр ДЗО' is clicked on

11-03-2025T04:19:31 - [TEST_STEP][PASSED] - click(findTestObject("Факторный анализ/Снять выделение в фильтре ДЗО")): Object: 'Object Repository/Факторный анализ/Снять выделение в фильтре ДЗО' is clicked on

11-03-2025T04:19:32 - [MESSAGE][PASSED] - Object: 'Object Repository/Факторный анализ/Снять выделение в фильтре ДЗО' is clicked on

11-03-2025T04:19:32 - [TEST_STEP][PASSED] - scrollToElement(findTestObject("Общие объекты/Карачаево-Черкесскэнерго"), 30): Scroll to object 'Object Repository/Общие объекты/Карачаево-Черкесскэнерго' successfully

11-03-2025T04:19:32 - [MESSAGE][PASSED] - Scroll to object 'Object Repository/Общие объекты/Карачаево-Черкесскэнерго' successfully

11-03-2025T04:19:32 - [TEST_STEP][PASSED] - click(findTestObject("Общие объекты/Карачаево-Черкесскэнерго")): Object: 'Object Repository/Общие объекты/Карачаево-Черкесскэнерго' is clicked on

11-03-2025T04:19:32 - [MESSAGE][PASSED] - Object: 'Object Repository/Общие объекты/Карачаево-Черкесскэнерго' is clicked on

11-03-2025T04:19:32 - [TEST_STEP][PASSED] - Script1687405718449.Change(todaysDate, typeOfData): null

11-03-2025T04:19:32 - [TEST_STEP][PASSED] - scrollToElement(findTestObject("Факторный анализ/Заголовок дашборда"), 30): Scroll to object 'Object Repository/Факторный анализ/Заголовок дашборда' successfully

11-03-2025T04:19:33 - [MESSAGE][PASSED] - Scroll to object 'Object Repository/Факторный анализ/Заголовок дашборда' successfully

11-03-2025T04:19:33 - [TEST_STEP][PASSED] - click(findTestObject("Факторный анализ/Применить в фильтре ДЗО")): Object: 'Object Repository/Факторный анализ/Применить в фильтре ДЗО' is clicked on

11-03-2025T04:19:33 - [MESSAGE][PASSED] - Object: 'Object Repository/Факторный анализ/Применить в фильтре ДЗО' is clicked on

11-03-2025T04:19:33 - [TEST_STEP][PASSED] - typeOfData = "Филиал": null

11-03-2025T04:19:33 - [TEST_STEP][PASSED] - Script1687405718449.Test(todaysDate, typeOfData): null

11-03-2025T04:19:33 - [TEST_STEP][PASSED] - delay(10): Delayed 10 second(s)

11-03-2025T04:19:43 - [MESSAGE][PASSED] - Delayed 10 second(s)

11-03-2025T04:19:43 - [TEST_STEP][PASSED] - if (verifyTextNotPresent("нет данных", false) == true): null

11-03-2025T04:19:44 - [MESSAGE][PASSED] - Text 'нет данных' is not present on page

11-03-2025T04:19:44 - [TEST_STEP][PASSED] - if (verifyTextNotPresent("Ошибка запроса данных", false) == true): null

11-03-2025T04:19:44 - [MESSAGE][PASSED] - Text 'Ошибка запроса данных' is not present on page

11-03-2025T04:19:44 - [TEST_STEP][PASSED] - if (verifyTextNotPresent("Произошла ошибка при выполнении пользовательского кода", false) == true): null

11-03-2025T04:19:45 - [MESSAGE][PASSED] - Text 'Произошла ошибка при выполнении пользовательского кода' is not present on page

11-03-2025T04:19:45 - [TEST_STEP][PASSED] - if (verifyTextNotPresent("У виджета нет данных", false) == true): null

11-03-2025T04:19:45 - [MESSAGE][PASSED] - Text 'У виджета нет данных' is not present on page

11-03-2025T04:19:45 - [TEST_STEP][PASSED] - if (verifyTextNotPresent("У виджета нет данных", false) == true): Text 'У виджета нет данных' is not present on page

11-03-2025T04:19:46 - [MESSAGE][PASSED] - Text 'У виджета нет данных' is not present on page

11-03-2025T04:19:46 - [TEST_STEP][PASSED] - click(findTestObject("Факторный анализ/Переключить отображение с филиала на месяц")): Object: 'Object Repository/Факторный анализ/Переключить отображение с филиала на месяц' is clicked on

11-03-2025T04:19:46 - [MESSAGE][PASSED] - Object: 'Object Repository/Факторный анализ/Переключить отображение с филиала на месяц' is clicked on

11-03-2025T04:19:46 - [TEST_STEP][PASSED] - typeOfData = "Месяц": null

11-03-2025T04:19:46 - [TEST_STEP][PASSED] - Script1687405718449.Test(todaysDate, typeOfData): null

11-03-2025T04:19:46 - [TEST_STEP][PASSED] - delay(10): Delayed 10 second(s)

11-03-2025T04:19:56 - [MESSAGE][PASSED] - Delayed 10 second(s)

11-03-2025T04:19:56 - [TEST_STEP][FAILED] - if (verifyTextNotPresent("нет данных", false) == true): Text 'нет данных' is present on page  (Root cause: com.kms.katalon.core.exception.StepFailedException: Text 'нет данных' is present on page 
	at com.kms.katalon.core.webui.keyword.internal.WebUIKeywordMain.stepFailed(WebUIKeywordMain.groovy:64)
	at com.kms.katalon.core.webui.keyword.builtin.VerifyTextNotPresentKeyword$_verifyTextNotPresent_closure1.doCall(VerifyTextNotPresentKeyword.groovy:77)
	at com.kms.katalon.core.webui.keyword.builtin.VerifyTextNotPresentKeyword$_verifyTextNotPresent_closure1.call(VerifyTextNotPresentKeyword.groovy)
	at com.kms.katalon.core.webui.keyword.internal.WebUIKeywordMain.runKeyword(WebUIKeywordMain.groovy:20)
	at com.kms.katalon.core.webui.keyword.builtin.VerifyTextNotPresentKeyword.verifyTextNotPresent(VerifyTextNotPresentKeyword.groovy:82)
	at com.kms.katalon.core.webui.keyword.builtin.VerifyTextNotPresentKeyword.execute(VerifyTextNotPresentKeyword.groovy:68)
	at com.kms.katalon.core.keyword.internal.KeywordExecutor.executeKeywordForPlatform(KeywordExecutor.groovy:74)
	at com.kms.katalon.core.webui.keyword.WebUiBuiltInKeywords.verifyTextNotPresent(WebUiBuiltInKeywords.groovy:1795)
	at Факторный анализ отображение данных все филиалы.Test(Факторный анализ отображение данных все филиалы:789)
	at Факторный анализ отображение данных все филиалы.Change(Факторный анализ отображение данных все филиалы:775)
	at Факторный анализ отображение данных все филиалы.run(Факторный анализ отображение данных все филиалы:344)
	at com.kms.katalon.core.main.ScriptEngine.run(ScriptEngine.java:194)
	at com.kms.katalon.core.main.ScriptEngine.runScriptAsRawText(ScriptEngine.java:119)
	at com.kms.katalon.core.main.TestCaseExecutor.runScript(TestCaseExecutor.java:448)
	at com.kms.katalon.core.main.TestCaseExecutor.doExecute(TestCaseExecutor.java:439)
	at com.kms.katalon.core.main.TestCaseExecutor.processExecutionPhase(TestCaseExecutor.java:418)
	at com.kms.katalon.core.main.TestCaseExecutor.accessMainPhase(TestCaseExecutor.java:410)
	at com.kms.katalon.core.main.TestCaseExecutor.execute(TestCaseExecutor.java:285)
	at com.kms.katalon.core.common.CommonExecutor.accessTestCaseMainPhase(CommonExecutor.java:65)
	at com.kms.katalon.core.main.TestSuiteExecutor.accessTestSuiteMainPhase(TestSuiteExecutor.java:150)
	at com.kms.katalon.core.main.TestSuiteExecutor.execute(TestSuiteExecutor.java:106)
	at com.kms.katalon.core.main.TestCaseMain.startTestSuite(TestCaseMain.java:180)
	at TempTestSuite1741649958618.run(TempTestSuite1741649958618.groovy:35)
	at java.base/jdk.internal.reflect.NativeMethodAccessorImpl.invoke0(Native Method)
	at java.base/jdk.internal.reflect.NativeMethodAccessorImpl.invoke(NativeMethodAccessorImpl.java:77)
	at java.base/jdk.internal.reflect.DelegatingMethodAccessorImpl.invoke(DelegatingMethodAccessorImpl.java:43)
)

11-03-2025T04:19:56 - [MESSAGE][FAILED] - Text 'нет данных' is present on page  (Root cause: com.kms.katalon.core.exception.StepFailedException: Text 'нет данных' is present on page 
	at com.kms.katalon.core.webui.keyword.internal.WebUIKeywordMain.stepFailed(WebUIKeywordMain.groovy:64)
	at com.kms.katalon.core.webui.keyword.builtin.VerifyTextNotPresentKeyword$_verifyTextNotPresent_closure1.doCall(VerifyTextNotPresentKeyword.groovy:77)
	at com.kms.katalon.core.webui.keyword.builtin.VerifyTextNotPresentKeyword$_verifyTextNotPresent_closure1.call(VerifyTextNotPresentKeyword.groovy)
	at com.kms.katalon.core.webui.keyword.internal.WebUIKeywordMain.runKeyword(WebUIKeywordMain.groovy:20)
	at com.kms.katalon.core.webui.keyword.builtin.VerifyTextNotPresentKeyword.verifyTextNotPresent(VerifyTextNotPresentKeyword.groovy:82)
	at com.kms.katalon.core.webui.keyword.builtin.VerifyTextNotPresentKeyword.execute(VerifyTextNotPresentKeyword.groovy:68)
	at com.kms.katalon.core.keyword.internal.KeywordExecutor.executeKeywordForPlatform(KeywordExecutor.groovy:74)
	at com.kms.katalon.core.webui.keyword.WebUiBuiltInKeywords.verifyTextNotPresent(WebUiBuiltInKeywords.groovy:1795)
	at Факторный анализ отображение данных все филиалы.Test(Факторный анализ отображение данных все филиалы:789)
	at Факторный анализ отображение данных все филиалы.Change(Факторный анализ отображение данных все филиалы:775)
	at Факторный анализ отображение данных все филиалы.run(Факторный анализ отображение данных все филиалы:344)
	at com.kms.katalon.core.main.ScriptEngine.run(ScriptEngine.java:194)
	at com.kms.katalon.core.main.ScriptEngine.runScriptAsRawText(ScriptEngine.java:119)
	at com.kms.katalon.core.main.TestCaseExecutor.runScript(TestCaseExecutor.java:448)
	at com.kms.katalon.core.main.TestCaseExecutor.doExecute(TestCaseExecutor.java:439)
	at com.kms.katalon.core.main.TestCaseExecutor.processExecutionPhase(TestCaseExecutor.java:418)
	at com.kms.katalon.core.main.TestCaseExecutor.accessMainPhase(TestCaseExecutor.java:410)
	at com.kms.katalon.core.main.TestCaseExecutor.execute(TestCaseExecutor.java:285)
	at com.kms.katalon.core.common.CommonExecutor.accessTestCaseMainPhase(CommonExecutor.java:65)
	at com.kms.katalon.core.main.TestSuiteExecutor.accessTestSuiteMainPhase(TestSuiteExecutor.java:150)
	at com.kms.katalon.core.main.TestSuiteExecutor.execute(TestSuiteExecutor.java:106)
	at com.kms.katalon.core.main.TestCaseMain.startTestSuite(TestCaseMain.java:180)
	at TempTestSuite1741649958618.run(TempTestSuite1741649958618.groovy:35)
	at java.base/jdk.internal.reflect.NativeMethodAccessorImpl.invoke0(Native Method)
	at java.base/jdk.internal.reflect.NativeMethodAccessorImpl.invoke(NativeMethodAccessorImpl.java:77)
	at java.base/jdk.internal.reflect.DelegatingMethodAccessorImpl.invoke(DelegatingMethodAccessorImpl.java:43)
)

11-03-2025T04:19:56 - [TEST_STEP][PASSED] - else: null

11-03-2025T04:19:56 - [TEST_STEP][PASSED] - Script1687405718449.WriteToExcel(todaysDate, typeOfData): null

11-03-2025T04:19:56 - [TEST_STEP][PASSED] - sheetName = "Sheet1": null

11-03-2025T04:19:56 - [TEST_STEP][PASSED] - data = findTestData("PlanFact"): null

11-03-2025T04:19:56 - [TEST_STEP][PASSED] - n = data.getRowNumbers() + 1: null

11-03-2025T04:19:56 - [TEST_STEP][PASSED] - dZO = getText(findTestObject("Факторный анализ/Фильтр ДЗО")): Text of object 'Object Repository/Факторный анализ/Фильтр ДЗО' is: 'ПАО Россети - РаспредКомплекс - Россети Северный Кавказ (ГК) - Карачаево-Черкесскэнерго'

11-03-2025T04:19:57 - [MESSAGE][PASSED] - Text of object 'Object Repository/Факторный анализ/Фильтр ДЗО' is: 'ПАО Россети - РаспредКомплекс - Россети Северный Кавказ (ГК) - Карачаево-Черкесскэнерго'

11-03-2025T04:19:57 - [TEST_STEP][PASSED] - period = getText(findTestObject("Факторный анализ/Фильтр Период")): Text of object 'Object Repository/Факторный анализ/Фильтр Период' is: 'Январь 2025 года'

11-03-2025T04:19:57 - [MESSAGE][PASSED] - Text of object 'Object Repository/Факторный анализ/Фильтр Период' is: 'Январь 2025 года'

11-03-2025T04:19:57 - [TEST_STEP][PASSED] - println(period): null

11-03-2025T04:19:57 - [TEST_STEP][PASSED] - dashboardName = "Факторный анализ": null

11-03-2025T04:19:57 - [TEST_STEP][PASSED] - workbook01 = getWorkbook(excelFilePath): null

11-03-2025T04:19:57 - [TEST_STEP][PASSED] - sheet01 = getExcelSheet(workbook01, sheetName): null

11-03-2025T04:19:57 - [TEST_STEP][PASSED] - setValueToCellByIndex(sheet01, n, 0, dashboardName): null

11-03-2025T04:19:57 - [TEST_STEP][PASSED] - setValueToCellByIndex(sheet01, n, 1, dZO): null

11-03-2025T04:19:57 - [TEST_STEP][PASSED] - setValueToCellByIndex(sheet01, n, 2, period): null

11-03-2025T04:19:57 - [TEST_STEP][PASSED] - setValueToCellByIndex(sheet01, n, 3, typeOfData): null

11-03-2025T04:19:57 - [TEST_STEP][PASSED] - setValueToCellByIndex(sheet01, n, 4, todaysDate): null

11-03-2025T04:19:57 - [TEST_STEP][PASSED] - n = n + 1: null

11-03-2025T04:19:57 - [TEST_STEP][PASSED] - saveWorkbook(excelFilePath, workbook01): null

11-03-2025T04:19:57 - [TEST_STEP][PASSED] - click(findTestObject("Факторный анализ/Переключить отображение с месяца на филиал")): Object: 'Object Repository/Факторный анализ/Переключить отображение с месяца на филиал' is clicked on

11-03-2025T04:19:57 - [MESSAGE][PASSED] - Object: 'Object Repository/Факторный анализ/Переключить отображение с месяца на филиал' is clicked on

11-03-2025T04:19:57 - [TEST_STEP][PASSED] - click(findTestObject("Факторный анализ/Фильтр ДЗО")): Object: 'Object Repository/Факторный анализ/Фильтр ДЗО' is clicked on

11-03-2025T04:19:58 - [MESSAGE][PASSED] - Object: 'Object Repository/Факторный анализ/Фильтр ДЗО' is clicked on

11-03-2025T04:19:58 - [TEST_STEP][PASSED] - click(findTestObject("Факторный анализ/Снять выделение в фильтре ДЗО")): Object: 'Object Repository/Факторный анализ/Снять выделение в фильтре ДЗО' is clicked on

11-03-2025T04:19:58 - [MESSAGE][PASSED] - Object: 'Object Repository/Факторный анализ/Снять выделение в фильтре ДЗО' is clicked on

11-03-2025T04:19:58 - [TEST_STEP][PASSED] - scrollToElement(findTestObject("Общие объекты/Севкавказэнерго"), 30): Scroll to object 'Object Repository/Общие объекты/Севкавказэнерго' successfully

11-03-2025T04:19:59 - [MESSAGE][PASSED] - Scroll to object 'Object Repository/Общие объекты/Севкавказэнерго' successfully

11-03-2025T04:19:59 - [TEST_STEP][PASSED] - click(findTestObject("Общие объекты/Севкавказэнерго")): Object: 'Object Repository/Общие объекты/Севкавказэнерго' is clicked on

11-03-2025T04:19:59 - [MESSAGE][PASSED] - Object: 'Object Repository/Общие объекты/Севкавказэнерго' is clicked on

11-03-2025T04:19:59 - [TEST_STEP][PASSED] - Script1687405718449.Change(todaysDate, typeOfData): null

11-03-2025T04:19:59 - [TEST_STEP][PASSED] - scrollToElement(findTestObject("Факторный анализ/Заголовок дашборда"), 30): Scroll to object 'Object Repository/Факторный анализ/Заголовок дашборда' successfully

11-03-2025T04:19:59 - [MESSAGE][PASSED] - Scroll to object 'Object Repository/Факторный анализ/Заголовок дашборда' successfully

11-03-2025T04:19:59 - [TEST_STEP][PASSED] - click(findTestObject("Факторный анализ/Применить в фильтре ДЗО")): Object: 'Object Repository/Факторный анализ/Применить в фильтре ДЗО' is clicked on

11-03-2025T04:20:00 - [MESSAGE][PASSED] - Object: 'Object Repository/Факторный анализ/Применить в фильтре ДЗО' is clicked on

11-03-2025T04:20:00 - [TEST_STEP][PASSED] - typeOfData = "Филиал": null

11-03-2025T04:20:00 - [TEST_STEP][PASSED] - Script1687405718449.Test(todaysDate, typeOfData): null

11-03-2025T04:20:00 - [TEST_STEP][PASSED] - delay(10): Delayed 10 second(s)

11-03-2025T04:20:10 - [MESSAGE][PASSED] - Delayed 10 second(s)

11-03-2025T04:20:10 - [TEST_STEP][PASSED] - if (verifyTextNotPresent("нет данных", false) == true): null

11-03-2025T04:20:10 - [MESSAGE][PASSED] - Text 'нет данных' is not present on page

11-03-2025T04:20:10 - [TEST_STEP][PASSED] - if (verifyTextNotPresent("Ошибка запроса данных", false) == true): null

11-03-2025T04:20:11 - [MESSAGE][PASSED] - Text 'Ошибка запроса данных' is not present on page

11-03-2025T04:20:11 - [TEST_STEP][PASSED] - if (verifyTextNotPresent("Произошла ошибка при выполнении пользовательского кода", false) == true): null

11-03-2025T04:20:11 - [MESSAGE][PASSED] - Text 'Произошла ошибка при выполнении пользовательского кода' is not present on page

11-03-2025T04:20:11 - [TEST_STEP][PASSED] - if (verifyTextNotPresent("У виджета нет данных", false) == true): null

11-03-2025T04:20:12 - [MESSAGE][PASSED] - Text 'У виджета нет данных' is not present on page

11-03-2025T04:20:12 - [TEST_STEP][PASSED] - if (verifyTextNotPresent("У виджета нет данных", false) == true): Text 'У виджета нет данных' is not present on page

11-03-2025T04:20:12 - [MESSAGE][PASSED] - Text 'У виджета нет данных' is not present on page

11-03-2025T04:20:12 - [TEST_STEP][PASSED] - click(findTestObject("Факторный анализ/Переключить отображение с филиала на месяц")): Object: 'Object Repository/Факторный анализ/Переключить отображение с филиала на месяц' is clicked on

11-03-2025T04:20:12 - [MESSAGE][PASSED] - Object: 'Object Repository/Факторный анализ/Переключить отображение с филиала на месяц' is clicked on

11-03-2025T04:20:12 - [TEST_STEP][PASSED] - typeOfData = "Месяц": null

11-03-2025T04:20:12 - [TEST_STEP][PASSED] - Script1687405718449.Test(todaysDate, typeOfData): null

11-03-2025T04:20:12 - [TEST_STEP][PASSED] - delay(10): Delayed 10 second(s)

11-03-2025T04:20:22 - [MESSAGE][PASSED] - Delayed 10 second(s)

11-03-2025T04:20:22 - [TEST_STEP][FAILED] - if (verifyTextNotPresent("нет данных", false) == true): Text 'нет данных' is present on page  (Root cause: com.kms.katalon.core.exception.StepFailedException: Text 'нет данных' is present on page 
	at com.kms.katalon.core.webui.keyword.internal.WebUIKeywordMain.stepFailed(WebUIKeywordMain.groovy:64)
	at com.kms.katalon.core.webui.keyword.builtin.VerifyTextNotPresentKeyword$_verifyTextNotPresent_closure1.doCall(VerifyTextNotPresentKeyword.groovy:77)
	at com.kms.katalon.core.webui.keyword.builtin.VerifyTextNotPresentKeyword$_verifyTextNotPresent_closure1.call(VerifyTextNotPresentKeyword.groovy)
	at com.kms.katalon.core.webui.keyword.internal.WebUIKeywordMain.runKeyword(WebUIKeywordMain.groovy:20)
	at com.kms.katalon.core.webui.keyword.builtin.VerifyTextNotPresentKeyword.verifyTextNotPresent(VerifyTextNotPresentKeyword.groovy:82)
	at com.kms.katalon.core.webui.keyword.builtin.VerifyTextNotPresentKeyword.execute(VerifyTextNotPresentKeyword.groovy:68)
	at com.kms.katalon.core.keyword.internal.KeywordExecutor.executeKeywordForPlatform(KeywordExecutor.groovy:74)
	at com.kms.katalon.core.webui.keyword.WebUiBuiltInKeywords.verifyTextNotPresent(WebUiBuiltInKeywords.groovy:1795)
	at Факторный анализ отображение данных все филиалы.Test(Факторный анализ отображение данных все филиалы:789)
	at Факторный анализ отображение данных все филиалы.Change(Факторный анализ отображение данных все филиалы:775)
	at Факторный анализ отображение данных все филиалы.run(Факторный анализ отображение данных все филиалы:350)
	at com.kms.katalon.core.main.ScriptEngine.run(ScriptEngine.java:194)
	at com.kms.katalon.core.main.ScriptEngine.runScriptAsRawText(ScriptEngine.java:119)
	at com.kms.katalon.core.main.TestCaseExecutor.runScript(TestCaseExecutor.java:448)
	at com.kms.katalon.core.main.TestCaseExecutor.doExecute(TestCaseExecutor.java:439)
	at com.kms.katalon.core.main.TestCaseExecutor.processExecutionPhase(TestCaseExecutor.java:418)
	at com.kms.katalon.core.main.TestCaseExecutor.accessMainPhase(TestCaseExecutor.java:410)
	at com.kms.katalon.core.main.TestCaseExecutor.execute(TestCaseExecutor.java:285)
	at com.kms.katalon.core.common.CommonExecutor.accessTestCaseMainPhase(CommonExecutor.java:65)
	at com.kms.katalon.core.main.TestSuiteExecutor.accessTestSuiteMainPhase(TestSuiteExecutor.java:150)
	at com.kms.katalon.core.main.TestSuiteExecutor.execute(TestSuiteExecutor.java:106)
	at com.kms.katalon.core.main.TestCaseMain.startTestSuite(TestCaseMain.java:180)
	at TempTestSuite1741649958618.run(TempTestSuite1741649958618.groovy:35)
	at java.base/jdk.internal.reflect.NativeMethodAccessorImpl.invoke0(Native Method)
	at java.base/jdk.internal.reflect.NativeMethodAccessorImpl.invoke(NativeMethodAccessorImpl.java:77)
	at java.base/jdk.internal.reflect.DelegatingMethodAccessorImpl.invoke(DelegatingMethodAccessorImpl.java:43)
)

11-03-2025T04:20:23 - [MESSAGE][FAILED] - Text 'нет данных' is present on page  (Root cause: com.kms.katalon.core.exception.StepFailedException: Text 'нет данных' is present on page 
	at com.kms.katalon.core.webui.keyword.internal.WebUIKeywordMain.stepFailed(WebUIKeywordMain.groovy:64)
	at com.kms.katalon.core.webui.keyword.builtin.VerifyTextNotPresentKeyword$_verifyTextNotPresent_closure1.doCall(VerifyTextNotPresentKeyword.groovy:77)
	at com.kms.katalon.core.webui.keyword.builtin.VerifyTextNotPresentKeyword$_verifyTextNotPresent_closure1.call(VerifyTextNotPresentKeyword.groovy)
	at com.kms.katalon.core.webui.keyword.internal.WebUIKeywordMain.runKeyword(WebUIKeywordMain.groovy:20)
	at com.kms.katalon.core.webui.keyword.builtin.VerifyTextNotPresentKeyword.verifyTextNotPresent(VerifyTextNotPresentKeyword.groovy:82)
	at com.kms.katalon.core.webui.keyword.builtin.VerifyTextNotPresentKeyword.execute(VerifyTextNotPresentKeyword.groovy:68)
	at com.kms.katalon.core.keyword.internal.KeywordExecutor.executeKeywordForPlatform(KeywordExecutor.groovy:74)
	at com.kms.katalon.core.webui.keyword.WebUiBuiltInKeywords.verifyTextNotPresent(WebUiBuiltInKeywords.groovy:1795)
	at Факторный анализ отображение данных все филиалы.Test(Факторный анализ отображение данных все филиалы:789)
	at Факторный анализ отображение данных все филиалы.Change(Факторный анализ отображение данных все филиалы:775)
	at Факторный анализ отображение данных все филиалы.run(Факторный анализ отображение данных все филиалы:350)
	at com.kms.katalon.core.main.ScriptEngine.run(ScriptEngine.java:194)
	at com.kms.katalon.core.main.ScriptEngine.runScriptAsRawText(ScriptEngine.java:119)
	at com.kms.katalon.core.main.TestCaseExecutor.runScript(TestCaseExecutor.java:448)
	at com.kms.katalon.core.main.TestCaseExecutor.doExecute(TestCaseExecutor.java:439)
	at com.kms.katalon.core.main.TestCaseExecutor.processExecutionPhase(TestCaseExecutor.java:418)
	at com.kms.katalon.core.main.TestCaseExecutor.accessMainPhase(TestCaseExecutor.java:410)
	at com.kms.katalon.core.main.TestCaseExecutor.execute(TestCaseExecutor.java:285)
	at com.kms.katalon.core.common.CommonExecutor.accessTestCaseMainPhase(CommonExecutor.java:65)
	at com.kms.katalon.core.main.TestSuiteExecutor.accessTestSuiteMainPhase(TestSuiteExecutor.java:150)
	at com.kms.katalon.core.main.TestSuiteExecutor.execute(TestSuiteExecutor.java:106)
	at com.kms.katalon.core.main.TestCaseMain.startTestSuite(TestCaseMain.java:180)
	at TempTestSuite1741649958618.run(TempTestSuite1741649958618.groovy:35)
	at java.base/jdk.internal.reflect.NativeMethodAccessorImpl.invoke0(Native Method)
	at java.base/jdk.internal.reflect.NativeMethodAccessorImpl.invoke(NativeMethodAccessorImpl.java:77)
	at java.base/jdk.internal.reflect.DelegatingMethodAccessorImpl.invoke(DelegatingMethodAccessorImpl.java:43)
)

11-03-2025T04:20:23 - [TEST_STEP][PASSED] - else: null

11-03-2025T04:20:23 - [TEST_STEP][PASSED] - Script1687405718449.WriteToExcel(todaysDate, typeOfData): null

11-03-2025T04:20:23 - [TEST_STEP][PASSED] - sheetName = "Sheet1": null

11-03-2025T04:20:23 - [TEST_STEP][PASSED] - data = findTestData("PlanFact"): null

11-03-2025T04:20:23 - [TEST_STEP][PASSED] - n = data.getRowNumbers() + 1: null

11-03-2025T04:20:23 - [TEST_STEP][PASSED] - dZO = getText(findTestObject("Факторный анализ/Фильтр ДЗО")): Text of object 'Object Repository/Факторный анализ/Фильтр ДЗО' is: 'ПАО Россети - РаспредКомплекс - Россети Северный Кавказ (ГК) - Севкавказэнерго'

11-03-2025T04:20:23 - [MESSAGE][PASSED] - Text of object 'Object Repository/Факторный анализ/Фильтр ДЗО' is: 'ПАО Россети - РаспредКомплекс - Россети Северный Кавказ (ГК) - Севкавказэнерго'

11-03-2025T04:20:23 - [TEST_STEP][PASSED] - period = getText(findTestObject("Факторный анализ/Фильтр Период")): Text of object 'Object Repository/Факторный анализ/Фильтр Период' is: 'Январь 2025 года'

11-03-2025T04:20:23 - [MESSAGE][PASSED] - Text of object 'Object Repository/Факторный анализ/Фильтр Период' is: 'Январь 2025 года'

11-03-2025T04:20:23 - [TEST_STEP][PASSED] - println(period): null

11-03-2025T04:20:23 - [TEST_STEP][PASSED] - dashboardName = "Факторный анализ": null

11-03-2025T04:20:23 - [TEST_STEP][PASSED] - workbook01 = getWorkbook(excelFilePath): null

11-03-2025T04:20:23 - [TEST_STEP][PASSED] - sheet01 = getExcelSheet(workbook01, sheetName): null

11-03-2025T04:20:23 - [TEST_STEP][PASSED] - setValueToCellByIndex(sheet01, n, 0, dashboardName): null

11-03-2025T04:20:23 - [TEST_STEP][PASSED] - setValueToCellByIndex(sheet01, n, 1, dZO): null

11-03-2025T04:20:23 - [TEST_STEP][PASSED] - setValueToCellByIndex(sheet01, n, 2, period): null

11-03-2025T04:20:23 - [TEST_STEP][PASSED] - setValueToCellByIndex(sheet01, n, 3, typeOfData): null

11-03-2025T04:20:23 - [TEST_STEP][PASSED] - setValueToCellByIndex(sheet01, n, 4, todaysDate): null

11-03-2025T04:20:23 - [TEST_STEP][PASSED] - n = n + 1: null

11-03-2025T04:20:23 - [TEST_STEP][PASSED] - saveWorkbook(excelFilePath, workbook01): null

11-03-2025T04:20:24 - [TEST_STEP][PASSED] - click(findTestObject("Факторный анализ/Переключить отображение с месяца на филиал")): Object: 'Object Repository/Факторный анализ/Переключить отображение с месяца на филиал' is clicked on

11-03-2025T04:20:24 - [MESSAGE][PASSED] - Object: 'Object Repository/Факторный анализ/Переключить отображение с месяца на филиал' is clicked on

11-03-2025T04:20:24 - [TEST_STEP][PASSED] - click(findTestObject("Факторный анализ/Фильтр ДЗО")): Object: 'Object Repository/Факторный анализ/Фильтр ДЗО' is clicked on

11-03-2025T04:20:24 - [MESSAGE][PASSED] - Object: 'Object Repository/Факторный анализ/Фильтр ДЗО' is clicked on

11-03-2025T04:20:24 - [TEST_STEP][PASSED] - click(findTestObject("Факторный анализ/Снять выделение в фильтре ДЗО")): Object: 'Object Repository/Факторный анализ/Снять выделение в фильтре ДЗО' is clicked on

11-03-2025T04:20:25 - [MESSAGE][PASSED] - Object: 'Object Repository/Факторный анализ/Снять выделение в фильтре ДЗО' is clicked on

11-03-2025T04:20:25 - [TEST_STEP][PASSED] - scrollToElement(findTestObject("Общие объекты/Ставропольэнерго"), 30): Scroll to object 'Object Repository/Общие объекты/Ставропольэнерго' successfully

11-03-2025T04:20:25 - [MESSAGE][PASSED] - Scroll to object 'Object Repository/Общие объекты/Ставропольэнерго' successfully

11-03-2025T04:20:25 - [TEST_STEP][PASSED] - click(findTestObject("Общие объекты/Ставропольэнерго")): Object: 'Object Repository/Общие объекты/Ставропольэнерго' is clicked on

11-03-2025T04:20:25 - [MESSAGE][PASSED] - Object: 'Object Repository/Общие объекты/Ставропольэнерго' is clicked on

11-03-2025T04:20:25 - [TEST_STEP][PASSED] - Script1687405718449.Change(todaysDate, typeOfData): null

11-03-2025T04:20:25 - [TEST_STEP][PASSED] - scrollToElement(findTestObject("Факторный анализ/Заголовок дашборда"), 30): Scroll to object 'Object Repository/Факторный анализ/Заголовок дашборда' successfully

11-03-2025T04:20:26 - [MESSAGE][PASSED] - Scroll to object 'Object Repository/Факторный анализ/Заголовок дашборда' successfully

11-03-2025T04:20:26 - [TEST_STEP][PASSED] - click(findTestObject("Факторный анализ/Применить в фильтре ДЗО")): Object: 'Object Repository/Факторный анализ/Применить в фильтре ДЗО' is clicked on

11-03-2025T04:20:26 - [MESSAGE][PASSED] - Object: 'Object Repository/Факторный анализ/Применить в фильтре ДЗО' is clicked on

11-03-2025T04:20:26 - [TEST_STEP][PASSED] - typeOfData = "Филиал": null

11-03-2025T04:20:26 - [TEST_STEP][PASSED] - Script1687405718449.Test(todaysDate, typeOfData): null

11-03-2025T04:20:26 - [TEST_STEP][PASSED] - delay(10): Delayed 10 second(s)

11-03-2025T04:20:36 - [MESSAGE][PASSED] - Delayed 10 second(s)

11-03-2025T04:20:36 - [TEST_STEP][PASSED] - if (verifyTextNotPresent("нет данных", false) == true): null

11-03-2025T04:20:37 - [MESSAGE][PASSED] - Text 'нет данных' is not present on page

11-03-2025T04:20:37 - [TEST_STEP][PASSED] - if (verifyTextNotPresent("Ошибка запроса данных", false) == true): null

11-03-2025T04:20:37 - [MESSAGE][PASSED] - Text 'Ошибка запроса данных' is not present on page

11-03-2025T04:20:37 - [TEST_STEP][PASSED] - if (verifyTextNotPresent("Произошла ошибка при выполнении пользовательского кода", false) == true): null

11-03-2025T04:20:38 - [MESSAGE][PASSED] - Text 'Произошла ошибка при выполнении пользовательского кода' is not present on page

11-03-2025T04:20:38 - [TEST_STEP][PASSED] - if (verifyTextNotPresent("У виджета нет данных", false) == true): null

11-03-2025T04:20:38 - [MESSAGE][PASSED] - Text 'У виджета нет данных' is not present on page

11-03-2025T04:20:38 - [TEST_STEP][PASSED] - if (verifyTextNotPresent("У виджета нет данных", false) == true): Text 'У виджета нет данных' is not present on page

11-03-2025T04:20:39 - [MESSAGE][PASSED] - Text 'У виджета нет данных' is not present on page

11-03-2025T04:20:39 - [TEST_STEP][PASSED] - click(findTestObject("Факторный анализ/Переключить отображение с филиала на месяц")): Object: 'Object Repository/Факторный анализ/Переключить отображение с филиала на месяц' is clicked on

11-03-2025T04:20:39 - [MESSAGE][PASSED] - Object: 'Object Repository/Факторный анализ/Переключить отображение с филиала на месяц' is clicked on

11-03-2025T04:20:39 - [TEST_STEP][PASSED] - typeOfData = "Месяц": null

11-03-2025T04:20:39 - [TEST_STEP][PASSED] - Script1687405718449.Test(todaysDate, typeOfData): null

11-03-2025T04:20:39 - [TEST_STEP][PASSED] - delay(10): Delayed 10 second(s)

11-03-2025T04:20:49 - [MESSAGE][PASSED] - Delayed 10 second(s)

11-03-2025T04:20:49 - [TEST_STEP][FAILED] - if (verifyTextNotPresent("нет данных", false) == true): Text 'нет данных' is present on page  (Root cause: com.kms.katalon.core.exception.StepFailedException: Text 'нет данных' is present on page 
	at com.kms.katalon.core.webui.keyword.internal.WebUIKeywordMain.stepFailed(WebUIKeywordMain.groovy:64)
	at com.kms.katalon.core.webui.keyword.builtin.VerifyTextNotPresentKeyword$_verifyTextNotPresent_closure1.doCall(VerifyTextNotPresentKeyword.groovy:77)
	at com.kms.katalon.core.webui.keyword.builtin.VerifyTextNotPresentKeyword$_verifyTextNotPresent_closure1.call(VerifyTextNotPresentKeyword.groovy)
	at com.kms.katalon.core.webui.keyword.internal.WebUIKeywordMain.runKeyword(WebUIKeywordMain.groovy:20)
	at com.kms.katalon.core.webui.keyword.builtin.VerifyTextNotPresentKeyword.verifyTextNotPresent(VerifyTextNotPresentKeyword.groovy:82)
	at com.kms.katalon.core.webui.keyword.builtin.VerifyTextNotPresentKeyword.execute(VerifyTextNotPresentKeyword.groovy:68)
	at com.kms.katalon.core.keyword.internal.KeywordExecutor.executeKeywordForPlatform(KeywordExecutor.groovy:74)
	at com.kms.katalon.core.webui.keyword.WebUiBuiltInKeywords.verifyTextNotPresent(WebUiBuiltInKeywords.groovy:1795)
	at Факторный анализ отображение данных все филиалы.Test(Факторный анализ отображение данных все филиалы:789)
	at Факторный анализ отображение данных все филиалы.Change(Факторный анализ отображение данных все филиалы:775)
	at Факторный анализ отображение данных все филиалы.run(Факторный анализ отображение данных все филиалы:356)
	at com.kms.katalon.core.main.ScriptEngine.run(ScriptEngine.java:194)
	at com.kms.katalon.core.main.ScriptEngine.runScriptAsRawText(ScriptEngine.java:119)
	at com.kms.katalon.core.main.TestCaseExecutor.runScript(TestCaseExecutor.java:448)
	at com.kms.katalon.core.main.TestCaseExecutor.doExecute(TestCaseExecutor.java:439)
	at com.kms.katalon.core.main.TestCaseExecutor.processExecutionPhase(TestCaseExecutor.java:418)
	at com.kms.katalon.core.main.TestCaseExecutor.accessMainPhase(TestCaseExecutor.java:410)
	at com.kms.katalon.core.main.TestCaseExecutor.execute(TestCaseExecutor.java:285)
	at com.kms.katalon.core.common.CommonExecutor.accessTestCaseMainPhase(CommonExecutor.java:65)
	at com.kms.katalon.core.main.TestSuiteExecutor.accessTestSuiteMainPhase(TestSuiteExecutor.java:150)
	at com.kms.katalon.core.main.TestSuiteExecutor.execute(TestSuiteExecutor.java:106)
	at com.kms.katalon.core.main.TestCaseMain.startTestSuite(TestCaseMain.java:180)
	at TempTestSuite1741649958618.run(TempTestSuite1741649958618.groovy:35)
	at java.base/jdk.internal.reflect.NativeMethodAccessorImpl.invoke0(Native Method)
	at java.base/jdk.internal.reflect.NativeMethodAccessorImpl.invoke(NativeMethodAccessorImpl.java:77)
	at java.base/jdk.internal.reflect.DelegatingMethodAccessorImpl.invoke(DelegatingMethodAccessorImpl.java:43)
)

11-03-2025T04:20:49 - [MESSAGE][FAILED] - Text 'нет данных' is present on page  (Root cause: com.kms.katalon.core.exception.StepFailedException: Text 'нет данных' is present on page 
	at com.kms.katalon.core.webui.keyword.internal.WebUIKeywordMain.stepFailed(WebUIKeywordMain.groovy:64)
	at com.kms.katalon.core.webui.keyword.builtin.VerifyTextNotPresentKeyword$_verifyTextNotPresent_closure1.doCall(VerifyTextNotPresentKeyword.groovy:77)
	at com.kms.katalon.core.webui.keyword.builtin.VerifyTextNotPresentKeyword$_verifyTextNotPresent_closure1.call(VerifyTextNotPresentKeyword.groovy)
	at com.kms.katalon.core.webui.keyword.internal.WebUIKeywordMain.runKeyword(WebUIKeywordMain.groovy:20)
	at com.kms.katalon.core.webui.keyword.builtin.VerifyTextNotPresentKeyword.verifyTextNotPresent(VerifyTextNotPresentKeyword.groovy:82)
	at com.kms.katalon.core.webui.keyword.builtin.VerifyTextNotPresentKeyword.execute(VerifyTextNotPresentKeyword.groovy:68)
	at com.kms.katalon.core.keyword.internal.KeywordExecutor.executeKeywordForPlatform(KeywordExecutor.groovy:74)
	at com.kms.katalon.core.webui.keyword.WebUiBuiltInKeywords.verifyTextNotPresent(WebUiBuiltInKeywords.groovy:1795)
	at Факторный анализ отображение данных все филиалы.Test(Факторный анализ отображение данных все филиалы:789)
	at Факторный анализ отображение данных все филиалы.Change(Факторный анализ отображение данных все филиалы:775)
	at Факторный анализ отображение данных все филиалы.run(Факторный анализ отображение данных все филиалы:356)
	at com.kms.katalon.core.main.ScriptEngine.run(ScriptEngine.java:194)
	at com.kms.katalon.core.main.ScriptEngine.runScriptAsRawText(ScriptEngine.java:119)
	at com.kms.katalon.core.main.TestCaseExecutor.runScript(TestCaseExecutor.java:448)
	at com.kms.katalon.core.main.TestCaseExecutor.doExecute(TestCaseExecutor.java:439)
	at com.kms.katalon.core.main.TestCaseExecutor.processExecutionPhase(TestCaseExecutor.java:418)
	at com.kms.katalon.core.main.TestCaseExecutor.accessMainPhase(TestCaseExecutor.java:410)
	at com.kms.katalon.core.main.TestCaseExecutor.execute(TestCaseExecutor.java:285)
	at com.kms.katalon.core.common.CommonExecutor.accessTestCaseMainPhase(CommonExecutor.java:65)
	at com.kms.katalon.core.main.TestSuiteExecutor.accessTestSuiteMainPhase(TestSuiteExecutor.java:150)
	at com.kms.katalon.core.main.TestSuiteExecutor.execute(TestSuiteExecutor.java:106)
	at com.kms.katalon.core.main.TestCaseMain.startTestSuite(TestCaseMain.java:180)
	at TempTestSuite1741649958618.run(TempTestSuite1741649958618.groovy:35)
	at java.base/jdk.internal.reflect.NativeMethodAccessorImpl.invoke0(Native Method)
	at java.base/jdk.internal.reflect.NativeMethodAccessorImpl.invoke(NativeMethodAccessorImpl.java:77)
	at java.base/jdk.internal.reflect.DelegatingMethodAccessorImpl.invoke(DelegatingMethodAccessorImpl.java:43)
)

11-03-2025T04:20:49 - [TEST_STEP][PASSED] - else: null

11-03-2025T04:20:49 - [TEST_STEP][PASSED] - Script1687405718449.WriteToExcel(todaysDate, typeOfData): null

11-03-2025T04:20:49 - [TEST_STEP][PASSED] - sheetName = "Sheet1": null

11-03-2025T04:20:49 - [TEST_STEP][PASSED] - data = findTestData("PlanFact"): null

11-03-2025T04:20:49 - [TEST_STEP][PASSED] - n = data.getRowNumbers() + 1: null

11-03-2025T04:20:49 - [TEST_STEP][PASSED] - dZO = getText(findTestObject("Факторный анализ/Фильтр ДЗО")): Text of object 'Object Repository/Факторный анализ/Фильтр ДЗО' is: 'ПАО Россети - РаспредКомплекс - Россети Северный Кавказ (ГК) - Ставропольэнерго'

11-03-2025T04:20:50 - [MESSAGE][PASSED] - Text of object 'Object Repository/Факторный анализ/Фильтр ДЗО' is: 'ПАО Россети - РаспредКомплекс - Россети Северный Кавказ (ГК) - Ставропольэнерго'

11-03-2025T04:20:50 - [TEST_STEP][PASSED] - period = getText(findTestObject("Факторный анализ/Фильтр Период")): Text of object 'Object Repository/Факторный анализ/Фильтр Период' is: 'Январь 2025 года'

11-03-2025T04:20:50 - [MESSAGE][PASSED] - Text of object 'Object Repository/Факторный анализ/Фильтр Период' is: 'Январь 2025 года'

11-03-2025T04:20:50 - [TEST_STEP][PASSED] - println(period): null

11-03-2025T04:20:50 - [TEST_STEP][PASSED] - dashboardName = "Факторный анализ": null

11-03-2025T04:20:50 - [TEST_STEP][PASSED] - workbook01 = getWorkbook(excelFilePath): null

11-03-2025T04:20:50 - [TEST_STEP][PASSED] - sheet01 = getExcelSheet(workbook01, sheetName): null

11-03-2025T04:20:50 - [TEST_STEP][PASSED] - setValueToCellByIndex(sheet01, n, 0, dashboardName): null

11-03-2025T04:20:50 - [TEST_STEP][PASSED] - setValueToCellByIndex(sheet01, n, 1, dZO): null

11-03-2025T04:20:50 - [TEST_STEP][PASSED] - setValueToCellByIndex(sheet01, n, 2, period): null

11-03-2025T04:20:50 - [TEST_STEP][PASSED] - setValueToCellByIndex(sheet01, n, 3, typeOfData): null

11-03-2025T04:20:50 - [TEST_STEP][PASSED] - setValueToCellByIndex(sheet01, n, 4, todaysDate): null

11-03-2025T04:20:50 - [TEST_STEP][PASSED] - n = n + 1: null

11-03-2025T04:20:50 - [TEST_STEP][PASSED] - saveWorkbook(excelFilePath, workbook01): null

11-03-2025T04:20:50 - [TEST_STEP][PASSED] - click(findTestObject("Факторный анализ/Переключить отображение с месяца на филиал")): Object: 'Object Repository/Факторный анализ/Переключить отображение с месяца на филиал' is clicked on

11-03-2025T04:20:51 - [MESSAGE][PASSED] - Object: 'Object Repository/Факторный анализ/Переключить отображение с месяца на филиал' is clicked on

11-03-2025T04:20:51 - [TEST_STEP][PASSED] - click(findTestObject("Факторный анализ/Фильтр ДЗО")): Object: 'Object Repository/Факторный анализ/Фильтр ДЗО' is clicked on

11-03-2025T04:20:51 - [MESSAGE][PASSED] - Object: 'Object Repository/Факторный анализ/Фильтр ДЗО' is clicked on

11-03-2025T04:20:51 - [TEST_STEP][PASSED] - click(findTestObject("Факторный анализ/Снять выделение в фильтре ДЗО")): Object: 'Object Repository/Факторный анализ/Снять выделение в фильтре ДЗО' is clicked on

11-03-2025T04:20:51 - [MESSAGE][PASSED] - Object: 'Object Repository/Факторный анализ/Снять выделение в фильтре ДЗО' is clicked on

11-03-2025T04:20:51 - [TEST_STEP][PASSED] - scrollToElement(findTestObject("Общие объекты/Раскрыть список Россети Северо-Запад"), 30): Scroll to object 'Object Repository/Общие объекты/Раскрыть список Россети Северо-Запад' successfully

11-03-2025T04:20:52 - [MESSAGE][PASSED] - Scroll to object 'Object Repository/Общие объекты/Раскрыть список Россети Северо-Запад' successfully

11-03-2025T04:20:52 - [TEST_STEP][PASSED] - click(findTestObject("Факторный анализ/Россети Северо-Запад")): Object: 'Object Repository/Факторный анализ/Россети Северо-Запад' is clicked on

11-03-2025T04:20:52 - [MESSAGE][PASSED] - Object: 'Object Repository/Факторный анализ/Россети Северо-Запад' is clicked on

11-03-2025T04:20:52 - [TEST_STEP][PASSED] - Script1687405718449.Change(todaysDate, typeOfData): null

11-03-2025T04:20:52 - [TEST_STEP][PASSED] - scrollToElement(findTestObject("Факторный анализ/Заголовок дашборда"), 30): Scroll to object 'Object Repository/Факторный анализ/Заголовок дашборда' successfully

11-03-2025T04:20:52 - [MESSAGE][PASSED] - Scroll to object 'Object Repository/Факторный анализ/Заголовок дашборда' successfully

11-03-2025T04:20:52 - [TEST_STEP][PASSED] - click(findTestObject("Факторный анализ/Применить в фильтре ДЗО")): Object: 'Object Repository/Факторный анализ/Применить в фильтре ДЗО' is clicked on

11-03-2025T04:20:53 - [MESSAGE][PASSED] - Object: 'Object Repository/Факторный анализ/Применить в фильтре ДЗО' is clicked on

11-03-2025T04:20:53 - [TEST_STEP][PASSED] - typeOfData = "Филиал": null

11-03-2025T04:20:53 - [TEST_STEP][PASSED] - Script1687405718449.Test(todaysDate, typeOfData): null

11-03-2025T04:20:53 - [TEST_STEP][PASSED] - delay(10): Delayed 10 second(s)

11-03-2025T04:21:03 - [MESSAGE][PASSED] - Delayed 10 second(s)

11-03-2025T04:21:03 - [TEST_STEP][PASSED] - if (verifyTextNotPresent("нет данных", false) == true): null

11-03-2025T04:21:04 - [MESSAGE][PASSED] - Text 'нет данных' is not present on page

11-03-2025T04:21:04 - [TEST_STEP][PASSED] - if (verifyTextNotPresent("Ошибка запроса данных", false) == true): null

11-03-2025T04:21:04 - [MESSAGE][PASSED] - Text 'Ошибка запроса данных' is not present on page

11-03-2025T04:21:04 - [TEST_STEP][PASSED] - if (verifyTextNotPresent("Произошла ошибка при выполнении пользовательского кода", false) == true): null

11-03-2025T04:21:05 - [MESSAGE][PASSED] - Text 'Произошла ошибка при выполнении пользовательского кода' is not present on page

11-03-2025T04:21:05 - [TEST_STEP][PASSED] - if (verifyTextNotPresent("У виджета нет данных", false) == true): null

11-03-2025T04:21:05 - [MESSAGE][PASSED] - Text 'У виджета нет данных' is not present on page

11-03-2025T04:21:05 - [TEST_STEP][PASSED] - if (verifyTextNotPresent("У виджета нет данных", false) == true): Text 'У виджета нет данных' is not present on page

11-03-2025T04:21:05 - [MESSAGE][PASSED] - Text 'У виджета нет данных' is not present on page

11-03-2025T04:21:05 - [TEST_STEP][PASSED] - click(findTestObject("Факторный анализ/Переключить отображение с филиала на месяц")): Object: 'Object Repository/Факторный анализ/Переключить отображение с филиала на месяц' is clicked on

11-03-2025T04:21:06 - [MESSAGE][PASSED] - Object: 'Object Repository/Факторный анализ/Переключить отображение с филиала на месяц' is clicked on

11-03-2025T04:21:06 - [TEST_STEP][PASSED] - typeOfData = "Месяц": null

11-03-2025T04:21:06 - [TEST_STEP][PASSED] - Script1687405718449.Test(todaysDate, typeOfData): null

11-03-2025T04:21:06 - [TEST_STEP][PASSED] - delay(10): Delayed 10 second(s)

11-03-2025T04:21:16 - [MESSAGE][PASSED] - Delayed 10 second(s)

11-03-2025T04:21:16 - [TEST_STEP][PASSED] - if (verifyTextNotPresent("нет данных", false) == true): null

11-03-2025T04:21:16 - [MESSAGE][PASSED] - Text 'нет данных' is not present on page

11-03-2025T04:21:16 - [TEST_STEP][PASSED] - if (verifyTextNotPresent("Ошибка запроса данных", false) == true): null

11-03-2025T04:21:17 - [MESSAGE][PASSED] - Text 'Ошибка запроса данных' is not present on page

11-03-2025T04:21:17 - [TEST_STEP][PASSED] - if (verifyTextNotPresent("Произошла ошибка при выполнении пользовательского кода", false) == true): null

11-03-2025T04:21:17 - [MESSAGE][PASSED] - Text 'Произошла ошибка при выполнении пользовательского кода' is not present on page

11-03-2025T04:21:17 - [TEST_STEP][PASSED] - if (verifyTextNotPresent("У виджета нет данных", false) == true): null

11-03-2025T04:21:18 - [MESSAGE][PASSED] - Text 'У виджета нет данных' is not present on page

11-03-2025T04:21:18 - [TEST_STEP][PASSED] - if (verifyTextNotPresent("У виджета нет данных", false) == true): Text 'У виджета нет данных' is not present on page

11-03-2025T04:21:18 - [MESSAGE][PASSED] - Text 'У виджета нет данных' is not present on page

11-03-2025T04:21:18 - [TEST_STEP][PASSED] - click(findTestObject("Факторный анализ/Переключить отображение с месяца на филиал")): Object: 'Object Repository/Факторный анализ/Переключить отображение с месяца на филиал' is clicked on

11-03-2025T04:21:18 - [MESSAGE][PASSED] - Object: 'Object Repository/Факторный анализ/Переключить отображение с месяца на филиал' is clicked on

11-03-2025T04:21:18 - [TEST_STEP][PASSED] - click(findTestObject("Факторный анализ/Фильтр ДЗО")): Object: 'Object Repository/Факторный анализ/Фильтр ДЗО' is clicked on

11-03-2025T04:21:19 - [MESSAGE][PASSED] - Object: 'Object Repository/Факторный анализ/Фильтр ДЗО' is clicked on

11-03-2025T04:21:19 - [TEST_STEP][PASSED] - click(findTestObject("Факторный анализ/Снять выделение в фильтре ДЗО")): Object: 'Object Repository/Факторный анализ/Снять выделение в фильтре ДЗО' is clicked on

11-03-2025T04:21:19 - [MESSAGE][PASSED] - Object: 'Object Repository/Факторный анализ/Снять выделение в фильтре ДЗО' is clicked on

11-03-2025T04:21:19 - [TEST_STEP][PASSED] - scrollToElement(findTestObject("Общие объекты/Раскрыть список Россети Северо-Запад"), 30): Scroll to object 'Object Repository/Общие объекты/Раскрыть список Россети Северо-Запад' successfully

11-03-2025T04:21:20 - [MESSAGE][PASSED] - Scroll to object 'Object Repository/Общие объекты/Раскрыть список Россети Северо-Запад' successfully

11-03-2025T04:21:20 - [TEST_STEP][PASSED] - click(findTestObject("Общие объекты/Раскрыть список Россети Северо-Запад")): Object: 'Object Repository/Общие объекты/Раскрыть список Россети Северо-Запад' is clicked on

11-03-2025T04:21:20 - [MESSAGE][PASSED] - Object: 'Object Repository/Общие объекты/Раскрыть список Россети Северо-Запад' is clicked on

11-03-2025T04:21:20 - [TEST_STEP][PASSED] - click(findTestObject("Общие объекты/Раскрыть список Россети Северо-Запад")): Object: 'Object Repository/Общие объекты/Раскрыть список Россети Северо-Запад' is clicked on

11-03-2025T04:21:21 - [MESSAGE][PASSED] - Object: 'Object Repository/Общие объекты/Раскрыть список Россети Северо-Запад' is clicked on

11-03-2025T04:21:21 - [TEST_STEP][PASSED] - click(findTestObject("Общие объекты/Архангельский филиал")): Object: 'Object Repository/Общие объекты/Архангельский филиал' is clicked on

11-03-2025T04:21:21 - [MESSAGE][PASSED] - Object: 'Object Repository/Общие объекты/Архангельский филиал' is clicked on

11-03-2025T04:21:21 - [TEST_STEP][PASSED] - Script1687405718449.Change(todaysDate, typeOfData): null

11-03-2025T04:21:21 - [TEST_STEP][PASSED] - scrollToElement(findTestObject("Факторный анализ/Заголовок дашборда"), 30): Scroll to object 'Object Repository/Факторный анализ/Заголовок дашборда' successfully

11-03-2025T04:21:22 - [MESSAGE][PASSED] - Scroll to object 'Object Repository/Факторный анализ/Заголовок дашборда' successfully

11-03-2025T04:21:22 - [TEST_STEP][PASSED] - click(findTestObject("Факторный анализ/Применить в фильтре ДЗО")): Object: 'Object Repository/Факторный анализ/Применить в фильтре ДЗО' is clicked on

11-03-2025T04:21:22 - [MESSAGE][PASSED] - Object: 'Object Repository/Факторный анализ/Применить в фильтре ДЗО' is clicked on

11-03-2025T04:21:22 - [TEST_STEP][PASSED] - typeOfData = "Филиал": null

11-03-2025T04:21:22 - [TEST_STEP][PASSED] - Script1687405718449.Test(todaysDate, typeOfData): null

11-03-2025T04:21:22 - [TEST_STEP][PASSED] - delay(10): Delayed 10 second(s)

11-03-2025T04:21:32 - [MESSAGE][PASSED] - Delayed 10 second(s)

11-03-2025T04:21:32 - [TEST_STEP][PASSED] - if (verifyTextNotPresent("нет данных", false) == true): null

11-03-2025T04:21:33 - [MESSAGE][PASSED] - Text 'нет данных' is not present on page

11-03-2025T04:21:33 - [TEST_STEP][PASSED] - if (verifyTextNotPresent("Ошибка запроса данных", false) == true): null

11-03-2025T04:21:33 - [MESSAGE][PASSED] - Text 'Ошибка запроса данных' is not present on page

11-03-2025T04:21:33 - [TEST_STEP][PASSED] - if (verifyTextNotPresent("Произошла ошибка при выполнении пользовательского кода", false) == true): null

11-03-2025T04:21:34 - [MESSAGE][PASSED] - Text 'Произошла ошибка при выполнении пользовательского кода' is not present on page

11-03-2025T04:21:34 - [TEST_STEP][PASSED] - if (verifyTextNotPresent("У виджета нет данных", false) == true): null

11-03-2025T04:21:34 - [MESSAGE][PASSED] - Text 'У виджета нет данных' is not present on page

11-03-2025T04:21:34 - [TEST_STEP][PASSED] - if (verifyTextNotPresent("У виджета нет данных", false) == true): Text 'У виджета нет данных' is not present on page

11-03-2025T04:21:35 - [MESSAGE][PASSED] - Text 'У виджета нет данных' is not present on page

11-03-2025T04:21:35 - [TEST_STEP][PASSED] - click(findTestObject("Факторный анализ/Переключить отображение с филиала на месяц")): Object: 'Object Repository/Факторный анализ/Переключить отображение с филиала на месяц' is clicked on

11-03-2025T04:21:35 - [MESSAGE][PASSED] - Object: 'Object Repository/Факторный анализ/Переключить отображение с филиала на месяц' is clicked on

11-03-2025T04:21:35 - [TEST_STEP][PASSED] - typeOfData = "Месяц": null

11-03-2025T04:21:35 - [TEST_STEP][PASSED] - Script1687405718449.Test(todaysDate, typeOfData): null

11-03-2025T04:21:35 - [TEST_STEP][PASSED] - delay(10): Delayed 10 second(s)

11-03-2025T04:21:45 - [MESSAGE][PASSED] - Delayed 10 second(s)

11-03-2025T04:21:45 - [TEST_STEP][PASSED] - if (verifyTextNotPresent("нет данных", false) == true): null

11-03-2025T04:21:46 - [MESSAGE][PASSED] - Text 'нет данных' is not present on page

11-03-2025T04:21:46 - [TEST_STEP][PASSED] - if (verifyTextNotPresent("Ошибка запроса данных", false) == true): null

11-03-2025T04:21:46 - [MESSAGE][PASSED] - Text 'Ошибка запроса данных' is not present on page

11-03-2025T04:21:46 - [TEST_STEP][PASSED] - if (verifyTextNotPresent("Произошла ошибка при выполнении пользовательского кода", false) == true): null

11-03-2025T04:21:47 - [MESSAGE][PASSED] - Text 'Произошла ошибка при выполнении пользовательского кода' is not present on page

11-03-2025T04:21:47 - [TEST_STEP][PASSED] - if (verifyTextNotPresent("У виджета нет данных", false) == true): null

11-03-2025T04:21:47 - [MESSAGE][PASSED] - Text 'У виджета нет данных' is not present on page

11-03-2025T04:21:47 - [TEST_STEP][PASSED] - if (verifyTextNotPresent("У виджета нет данных", false) == true): Text 'У виджета нет данных' is not present on page

11-03-2025T04:21:47 - [MESSAGE][PASSED] - Text 'У виджета нет данных' is not present on page

11-03-2025T04:21:47 - [TEST_STEP][PASSED] - click(findTestObject("Факторный анализ/Переключить отображение с месяца на филиал")): Object: 'Object Repository/Факторный анализ/Переключить отображение с месяца на филиал' is clicked on

11-03-2025T04:21:48 - [MESSAGE][PASSED] - Object: 'Object Repository/Факторный анализ/Переключить отображение с месяца на филиал' is clicked on

11-03-2025T04:21:48 - [TEST_STEP][PASSED] - click(findTestObject("Факторный анализ/Фильтр ДЗО")): Object: 'Object Repository/Факторный анализ/Фильтр ДЗО' is clicked on

11-03-2025T04:21:48 - [MESSAGE][PASSED] - Object: 'Object Repository/Факторный анализ/Фильтр ДЗО' is clicked on

11-03-2025T04:21:48 - [TEST_STEP][PASSED] - click(findTestObject("Факторный анализ/Снять выделение в фильтре ДЗО")): Object: 'Object Repository/Факторный анализ/Снять выделение в фильтре ДЗО' is clicked on

11-03-2025T04:21:49 - [MESSAGE][PASSED] - Object: 'Object Repository/Факторный анализ/Снять выделение в фильтре ДЗО' is clicked on

11-03-2025T04:21:49 - [TEST_STEP][PASSED] - scrollToElement(findTestObject("Общие объекты/Вологодский филиал"), 30): Scroll to object 'Object Repository/Общие объекты/Вологодский филиал' successfully

11-03-2025T04:21:49 - [MESSAGE][PASSED] - Scroll to object 'Object Repository/Общие объекты/Вологодский филиал' successfully

11-03-2025T04:21:49 - [TEST_STEP][PASSED] - click(findTestObject("Общие объекты/Вологодский филиал")): Object: 'Object Repository/Общие объекты/Вологодский филиал' is clicked on

11-03-2025T04:21:49 - [MESSAGE][PASSED] - Object: 'Object Repository/Общие объекты/Вологодский филиал' is clicked on

11-03-2025T04:21:49 - [TEST_STEP][PASSED] - Script1687405718449.Change(todaysDate, typeOfData): null

11-03-2025T04:21:49 - [TEST_STEP][PASSED] - scrollToElement(findTestObject("Факторный анализ/Заголовок дашборда"), 30): Scroll to object 'Object Repository/Факторный анализ/Заголовок дашборда' successfully

11-03-2025T04:21:50 - [MESSAGE][PASSED] - Scroll to object 'Object Repository/Факторный анализ/Заголовок дашборда' successfully

11-03-2025T04:21:50 - [TEST_STEP][PASSED] - click(findTestObject("Факторный анализ/Применить в фильтре ДЗО")): Object: 'Object Repository/Факторный анализ/Применить в фильтре ДЗО' is clicked on

11-03-2025T04:21:50 - [MESSAGE][PASSED] - Object: 'Object Repository/Факторный анализ/Применить в фильтре ДЗО' is clicked on

11-03-2025T04:21:50 - [TEST_STEP][PASSED] - typeOfData = "Филиал": null

11-03-2025T04:21:50 - [TEST_STEP][PASSED] - Script1687405718449.Test(todaysDate, typeOfData): null

11-03-2025T04:21:50 - [TEST_STEP][PASSED] - delay(10): Delayed 10 second(s)

11-03-2025T04:22:00 - [MESSAGE][PASSED] - Delayed 10 second(s)

11-03-2025T04:22:00 - [TEST_STEP][PASSED] - if (verifyTextNotPresent("нет данных", false) == true): null

11-03-2025T04:22:01 - [MESSAGE][PASSED] - Text 'нет данных' is not present on page

11-03-2025T04:22:01 - [TEST_STEP][PASSED] - if (verifyTextNotPresent("Ошибка запроса данных", false) == true): null

11-03-2025T04:22:01 - [MESSAGE][PASSED] - Text 'Ошибка запроса данных' is not present on page

11-03-2025T04:22:01 - [TEST_STEP][PASSED] - if (verifyTextNotPresent("Произошла ошибка при выполнении пользовательского кода", false) == true): null

11-03-2025T04:22:02 - [MESSAGE][PASSED] - Text 'Произошла ошибка при выполнении пользовательского кода' is not present on page

11-03-2025T04:22:02 - [TEST_STEP][PASSED] - if (verifyTextNotPresent("У виджета нет данных", false) == true): null

11-03-2025T04:22:02 - [MESSAGE][PASSED] - Text 'У виджета нет данных' is not present on page

11-03-2025T04:22:02 - [TEST_STEP][PASSED] - if (verifyTextNotPresent("У виджета нет данных", false) == true): Text 'У виджета нет данных' is not present on page

11-03-2025T04:22:03 - [MESSAGE][PASSED] - Text 'У виджета нет данных' is not present on page

11-03-2025T04:22:03 - [TEST_STEP][PASSED] - click(findTestObject("Факторный анализ/Переключить отображение с филиала на месяц")): Object: 'Object Repository/Факторный анализ/Переключить отображение с филиала на месяц' is clicked on

11-03-2025T04:22:03 - [MESSAGE][PASSED] - Object: 'Object Repository/Факторный анализ/Переключить отображение с филиала на месяц' is clicked on

11-03-2025T04:22:03 - [TEST_STEP][PASSED] - typeOfData = "Месяц": null

11-03-2025T04:22:03 - [TEST_STEP][PASSED] - Script1687405718449.Test(todaysDate, typeOfData): null

11-03-2025T04:22:03 - [TEST_STEP][PASSED] - delay(10): Delayed 10 second(s)

11-03-2025T04:22:13 - [MESSAGE][PASSED] - Delayed 10 second(s)

11-03-2025T04:22:13 - [TEST_STEP][PASSED] - if (verifyTextNotPresent("нет данных", false) == true): null

11-03-2025T04:22:13 - [MESSAGE][PASSED] - Text 'нет данных' is not present on page

11-03-2025T04:22:13 - [TEST_STEP][PASSED] - if (verifyTextNotPresent("Ошибка запроса данных", false) == true): null

11-03-2025T04:22:14 - [MESSAGE][PASSED] - Text 'Ошибка запроса данных' is not present on page

11-03-2025T04:22:14 - [TEST_STEP][PASSED] - if (verifyTextNotPresent("Произошла ошибка при выполнении пользовательского кода", false) == true): null

11-03-2025T04:22:14 - [MESSAGE][PASSED] - Text 'Произошла ошибка при выполнении пользовательского кода' is not present on page

11-03-2025T04:22:14 - [TEST_STEP][PASSED] - if (verifyTextNotPresent("У виджета нет данных", false) == true): null

11-03-2025T04:22:15 - [MESSAGE][PASSED] - Text 'У виджета нет данных' is not present on page

11-03-2025T04:22:15 - [TEST_STEP][PASSED] - if (verifyTextNotPresent("У виджета нет данных", false) == true): Text 'У виджета нет данных' is not present on page

11-03-2025T04:22:15 - [MESSAGE][PASSED] - Text 'У виджета нет данных' is not present on page

11-03-2025T04:22:15 - [TEST_STEP][PASSED] - click(findTestObject("Факторный анализ/Переключить отображение с месяца на филиал")): Object: 'Object Repository/Факторный анализ/Переключить отображение с месяца на филиал' is clicked on

11-03-2025T04:22:16 - [MESSAGE][PASSED] - Object: 'Object Repository/Факторный анализ/Переключить отображение с месяца на филиал' is clicked on

11-03-2025T04:22:16 - [TEST_STEP][PASSED] - click(findTestObject("Факторный анализ/Фильтр ДЗО")): Object: 'Object Repository/Факторный анализ/Фильтр ДЗО' is clicked on

11-03-2025T04:22:16 - [MESSAGE][PASSED] - Object: 'Object Repository/Факторный анализ/Фильтр ДЗО' is clicked on

11-03-2025T04:22:16 - [TEST_STEP][PASSED] - click(findTestObject("Факторный анализ/Снять выделение в фильтре ДЗО")): Object: 'Object Repository/Факторный анализ/Снять выделение в фильтре ДЗО' is clicked on

11-03-2025T04:22:17 - [MESSAGE][PASSED] - Object: 'Object Repository/Факторный анализ/Снять выделение в фильтре ДЗО' is clicked on

11-03-2025T04:22:17 - [TEST_STEP][PASSED] - scrollToElement(findTestObject("Общие объекты/Карельский филиал"), 30): Scroll to object 'Object Repository/Общие объекты/Карельский филиал' successfully

11-03-2025T04:22:17 - [MESSAGE][PASSED] - Scroll to object 'Object Repository/Общие объекты/Карельский филиал' successfully

11-03-2025T04:22:17 - [TEST_STEP][PASSED] - click(findTestObject("Общие объекты/Карельский филиал")): Object: 'Object Repository/Общие объекты/Карельский филиал' is clicked on

11-03-2025T04:22:17 - [MESSAGE][PASSED] - Object: 'Object Repository/Общие объекты/Карельский филиал' is clicked on

11-03-2025T04:22:17 - [TEST_STEP][PASSED] - Script1687405718449.Change(todaysDate, typeOfData): null

11-03-2025T04:22:17 - [TEST_STEP][PASSED] - scrollToElement(findTestObject("Факторный анализ/Заголовок дашборда"), 30): Scroll to object 'Object Repository/Факторный анализ/Заголовок дашборда' successfully

11-03-2025T04:22:18 - [MESSAGE][PASSED] - Scroll to object 'Object Repository/Факторный анализ/Заголовок дашборда' successfully

11-03-2025T04:22:18 - [TEST_STEP][PASSED] - click(findTestObject("Факторный анализ/Применить в фильтре ДЗО")): Object: 'Object Repository/Факторный анализ/Применить в фильтре ДЗО' is clicked on

11-03-2025T04:22:18 - [MESSAGE][PASSED] - Object: 'Object Repository/Факторный анализ/Применить в фильтре ДЗО' is clicked on

11-03-2025T04:22:18 - [TEST_STEP][PASSED] - typeOfData = "Филиал": null

11-03-2025T04:22:18 - [TEST_STEP][PASSED] - Script1687405718449.Test(todaysDate, typeOfData): null

11-03-2025T04:22:18 - [TEST_STEP][PASSED] - delay(10): Delayed 10 second(s)

11-03-2025T04:22:28 - [MESSAGE][PASSED] - Delayed 10 second(s)

11-03-2025T04:22:28 - [TEST_STEP][PASSED] - if (verifyTextNotPresent("нет данных", false) == true): null

11-03-2025T04:22:29 - [MESSAGE][PASSED] - Text 'нет данных' is not present on page

11-03-2025T04:22:29 - [TEST_STEP][PASSED] - if (verifyTextNotPresent("Ошибка запроса данных", false) == true): null

11-03-2025T04:22:29 - [MESSAGE][PASSED] - Text 'Ошибка запроса данных' is not present on page

11-03-2025T04:22:29 - [TEST_STEP][PASSED] - if (verifyTextNotPresent("Произошла ошибка при выполнении пользовательского кода", false) == true): null

11-03-2025T04:22:30 - [MESSAGE][PASSED] - Text 'Произошла ошибка при выполнении пользовательского кода' is not present on page

11-03-2025T04:22:30 - [TEST_STEP][PASSED] - if (verifyTextNotPresent("У виджета нет данных", false) == true): null

11-03-2025T04:22:30 - [MESSAGE][PASSED] - Text 'У виджета нет данных' is not present on page

11-03-2025T04:22:30 - [TEST_STEP][PASSED] - if (verifyTextNotPresent("У виджета нет данных", false) == true): Text 'У виджета нет данных' is not present on page

11-03-2025T04:22:31 - [MESSAGE][PASSED] - Text 'У виджета нет данных' is not present on page

11-03-2025T04:22:31 - [TEST_STEP][PASSED] - click(findTestObject("Факторный анализ/Переключить отображение с филиала на месяц")): Object: 'Object Repository/Факторный анализ/Переключить отображение с филиала на месяц' is clicked on

11-03-2025T04:22:31 - [MESSAGE][PASSED] - Object: 'Object Repository/Факторный анализ/Переключить отображение с филиала на месяц' is clicked on

11-03-2025T04:22:31 - [TEST_STEP][PASSED] - typeOfData = "Месяц": null

11-03-2025T04:22:31 - [TEST_STEP][PASSED] - Script1687405718449.Test(todaysDate, typeOfData): null

11-03-2025T04:22:31 - [TEST_STEP][PASSED] - delay(10): Delayed 10 second(s)

11-03-2025T04:22:41 - [MESSAGE][PASSED] - Delayed 10 second(s)

11-03-2025T04:22:41 - [TEST_STEP][PASSED] - if (verifyTextNotPresent("нет данных", false) == true): null

11-03-2025T04:22:41 - [MESSAGE][PASSED] - Text 'нет данных' is not present on page

11-03-2025T04:22:41 - [TEST_STEP][PASSED] - if (verifyTextNotPresent("Ошибка запроса данных", false) == true): null

11-03-2025T04:22:42 - [MESSAGE][PASSED] - Text 'Ошибка запроса данных' is not present on page

11-03-2025T04:22:42 - [TEST_STEP][PASSED] - if (verifyTextNotPresent("Произошла ошибка при выполнении пользовательского кода", false) == true): null

11-03-2025T04:22:42 - [MESSAGE][PASSED] - Text 'Произошла ошибка при выполнении пользовательского кода' is not present on page

11-03-2025T04:22:42 - [TEST_STEP][PASSED] - if (verifyTextNotPresent("У виджета нет данных", false) == true): null

11-03-2025T04:22:43 - [MESSAGE][PASSED] - Text 'У виджета нет данных' is not present on page

11-03-2025T04:22:43 - [TEST_STEP][PASSED] - if (verifyTextNotPresent("У виджета нет данных", false) == true): Text 'У виджета нет данных' is not present on page

11-03-2025T04:22:43 - [MESSAGE][PASSED] - Text 'У виджета нет данных' is not present on page

11-03-2025T04:22:43 - [TEST_STEP][PASSED] - click(findTestObject("Факторный анализ/Переключить отображение с месяца на филиал")): Object: 'Object Repository/Факторный анализ/Переключить отображение с месяца на филиал' is clicked on

11-03-2025T04:22:44 - [MESSAGE][PASSED] - Object: 'Object Repository/Факторный анализ/Переключить отображение с месяца на филиал' is clicked on

11-03-2025T04:22:44 - [TEST_STEP][PASSED] - click(findTestObject("Факторный анализ/Фильтр ДЗО")): Object: 'Object Repository/Факторный анализ/Фильтр ДЗО' is clicked on

11-03-2025T04:22:44 - [MESSAGE][PASSED] - Object: 'Object Repository/Факторный анализ/Фильтр ДЗО' is clicked on

11-03-2025T04:22:44 - [TEST_STEP][PASSED] - click(findTestObject("Факторный анализ/Снять выделение в фильтре ДЗО")): Object: 'Object Repository/Факторный анализ/Снять выделение в фильтре ДЗО' is clicked on

11-03-2025T04:22:44 - [MESSAGE][PASSED] - Object: 'Object Repository/Факторный анализ/Снять выделение в фильтре ДЗО' is clicked on

11-03-2025T04:22:44 - [TEST_STEP][PASSED] - scrollToElement(findTestObject("Общие объекты/Мурманский филиал"), 30): Scroll to object 'Object Repository/Общие объекты/Мурманский филиал' successfully

11-03-2025T04:22:45 - [MESSAGE][PASSED] - Scroll to object 'Object Repository/Общие объекты/Мурманский филиал' successfully

11-03-2025T04:22:45 - [TEST_STEP][PASSED] - click(findTestObject("Общие объекты/Мурманский филиал")): Object: 'Object Repository/Общие объекты/Мурманский филиал' is clicked on

11-03-2025T04:22:45 - [MESSAGE][PASSED] - Object: 'Object Repository/Общие объекты/Мурманский филиал' is clicked on

11-03-2025T04:22:45 - [TEST_STEP][PASSED] - Script1687405718449.Change(todaysDate, typeOfData): null

11-03-2025T04:22:45 - [TEST_STEP][PASSED] - scrollToElement(findTestObject("Факторный анализ/Заголовок дашборда"), 30): Scroll to object 'Object Repository/Факторный анализ/Заголовок дашборда' successfully

11-03-2025T04:22:46 - [MESSAGE][PASSED] - Scroll to object 'Object Repository/Факторный анализ/Заголовок дашборда' successfully

11-03-2025T04:22:46 - [TEST_STEP][PASSED] - click(findTestObject("Факторный анализ/Применить в фильтре ДЗО")): Object: 'Object Repository/Факторный анализ/Применить в фильтре ДЗО' is clicked on

11-03-2025T04:22:46 - [MESSAGE][PASSED] - Object: 'Object Repository/Факторный анализ/Применить в фильтре ДЗО' is clicked on

11-03-2025T04:22:46 - [TEST_STEP][PASSED] - typeOfData = "Филиал": null

11-03-2025T04:22:46 - [TEST_STEP][PASSED] - Script1687405718449.Test(todaysDate, typeOfData): null

11-03-2025T04:22:46 - [TEST_STEP][PASSED] - delay(10): Delayed 10 second(s)

11-03-2025T04:22:56 - [MESSAGE][PASSED] - Delayed 10 second(s)

11-03-2025T04:22:56 - [TEST_STEP][PASSED] - if (verifyTextNotPresent("нет данных", false) == true): null

11-03-2025T04:22:56 - [MESSAGE][PASSED] - Text 'нет данных' is not present on page

11-03-2025T04:22:56 - [TEST_STEP][PASSED] - if (verifyTextNotPresent("Ошибка запроса данных", false) == true): null

11-03-2025T04:22:57 - [MESSAGE][PASSED] - Text 'Ошибка запроса данных' is not present on page

11-03-2025T04:22:57 - [TEST_STEP][PASSED] - if (verifyTextNotPresent("Произошла ошибка при выполнении пользовательского кода", false) == true): null

11-03-2025T04:22:57 - [MESSAGE][PASSED] - Text 'Произошла ошибка при выполнении пользовательского кода' is not present on page

11-03-2025T04:22:57 - [TEST_STEP][PASSED] - if (verifyTextNotPresent("У виджета нет данных", false) == true): null

11-03-2025T04:22:58 - [MESSAGE][PASSED] - Text 'У виджета нет данных' is not present on page

11-03-2025T04:22:58 - [TEST_STEP][PASSED] - if (verifyTextNotPresent("У виджета нет данных", false) == true): Text 'У виджета нет данных' is not present on page

11-03-2025T04:22:58 - [MESSAGE][PASSED] - Text 'У виджета нет данных' is not present on page

11-03-2025T04:22:58 - [TEST_STEP][PASSED] - click(findTestObject("Факторный анализ/Переключить отображение с филиала на месяц")): Object: 'Object Repository/Факторный анализ/Переключить отображение с филиала на месяц' is clicked on

11-03-2025T04:22:59 - [MESSAGE][PASSED] - Object: 'Object Repository/Факторный анализ/Переключить отображение с филиала на месяц' is clicked on

11-03-2025T04:22:59 - [TEST_STEP][PASSED] - typeOfData = "Месяц": null

11-03-2025T04:22:59 - [TEST_STEP][PASSED] - Script1687405718449.Test(todaysDate, typeOfData): null

11-03-2025T04:22:59 - [TEST_STEP][PASSED] - delay(10): Delayed 10 second(s)

11-03-2025T04:23:09 - [MESSAGE][PASSED] - Delayed 10 second(s)

11-03-2025T04:23:09 - [TEST_STEP][PASSED] - if (verifyTextNotPresent("нет данных", false) == true): null

11-03-2025T04:23:09 - [MESSAGE][PASSED] - Text 'нет данных' is not present on page

11-03-2025T04:23:09 - [TEST_STEP][PASSED] - if (verifyTextNotPresent("Ошибка запроса данных", false) == true): null

11-03-2025T04:23:10 - [MESSAGE][PASSED] - Text 'Ошибка запроса данных' is not present on page

11-03-2025T04:23:10 - [TEST_STEP][PASSED] - if (verifyTextNotPresent("Произошла ошибка при выполнении пользовательского кода", false) == true): null

11-03-2025T04:23:10 - [MESSAGE][PASSED] - Text 'Произошла ошибка при выполнении пользовательского кода' is not present on page

11-03-2025T04:23:10 - [TEST_STEP][PASSED] - if (verifyTextNotPresent("У виджета нет данных", false) == true): null

11-03-2025T04:23:11 - [MESSAGE][PASSED] - Text 'У виджета нет данных' is not present on page

11-03-2025T04:23:11 - [TEST_STEP][PASSED] - if (verifyTextNotPresent("У виджета нет данных", false) == true): Text 'У виджета нет данных' is not present on page

11-03-2025T04:23:11 - [MESSAGE][PASSED] - Text 'У виджета нет данных' is not present on page

11-03-2025T04:23:11 - [TEST_STEP][PASSED] - click(findTestObject("Факторный анализ/Переключить отображение с месяца на филиал")): Object: 'Object Repository/Факторный анализ/Переключить отображение с месяца на филиал' is clicked on

11-03-2025T04:23:11 - [MESSAGE][PASSED] - Object: 'Object Repository/Факторный анализ/Переключить отображение с месяца на филиал' is clicked on

11-03-2025T04:23:11 - [TEST_STEP][PASSED] - click(findTestObject("Факторный анализ/Фильтр ДЗО")): Object: 'Object Repository/Факторный анализ/Фильтр ДЗО' is clicked on

11-03-2025T04:23:12 - [MESSAGE][PASSED] - Object: 'Object Repository/Факторный анализ/Фильтр ДЗО' is clicked on

11-03-2025T04:23:12 - [TEST_STEP][PASSED] - click(findTestObject("Факторный анализ/Снять выделение в фильтре ДЗО")): Object: 'Object Repository/Факторный анализ/Снять выделение в фильтре ДЗО' is clicked on

11-03-2025T04:23:12 - [MESSAGE][PASSED] - Object: 'Object Repository/Факторный анализ/Снять выделение в фильтре ДЗО' is clicked on

11-03-2025T04:23:12 - [TEST_STEP][PASSED] - scrollToElement(findTestObject("Общие объекты/Новгородский филиал"), 30): Scroll to object 'Object Repository/Общие объекты/Новгородский филиал' successfully

11-03-2025T04:23:13 - [MESSAGE][PASSED] - Scroll to object 'Object Repository/Общие объекты/Новгородский филиал' successfully

11-03-2025T04:23:13 - [TEST_STEP][PASSED] - click(findTestObject("Общие объекты/Новгородский филиал")): Object: 'Object Repository/Общие объекты/Новгородский филиал' is clicked on

11-03-2025T04:23:13 - [MESSAGE][PASSED] - Object: 'Object Repository/Общие объекты/Новгородский филиал' is clicked on

11-03-2025T04:23:13 - [TEST_STEP][PASSED] - Script1687405718449.Change(todaysDate, typeOfData): null

11-03-2025T04:23:13 - [TEST_STEP][PASSED] - scrollToElement(findTestObject("Факторный анализ/Заголовок дашборда"), 30): Scroll to object 'Object Repository/Факторный анализ/Заголовок дашборда' successfully

11-03-2025T04:23:13 - [MESSAGE][PASSED] - Scroll to object 'Object Repository/Факторный анализ/Заголовок дашборда' successfully

11-03-2025T04:23:13 - [TEST_STEP][PASSED] - click(findTestObject("Факторный анализ/Применить в фильтре ДЗО")): Object: 'Object Repository/Факторный анализ/Применить в фильтре ДЗО' is clicked on

11-03-2025T04:23:14 - [MESSAGE][PASSED] - Object: 'Object Repository/Факторный анализ/Применить в фильтре ДЗО' is clicked on

11-03-2025T04:23:14 - [TEST_STEP][PASSED] - typeOfData = "Филиал": null

11-03-2025T04:23:14 - [TEST_STEP][PASSED] - Script1687405718449.Test(todaysDate, typeOfData): null

11-03-2025T04:23:14 - [TEST_STEP][PASSED] - delay(10): Delayed 10 second(s)

11-03-2025T04:23:24 - [MESSAGE][PASSED] - Delayed 10 second(s)

11-03-2025T04:23:24 - [TEST_STEP][PASSED] - if (verifyTextNotPresent("нет данных", false) == true): null

11-03-2025T04:23:24 - [MESSAGE][PASSED] - Text 'нет данных' is not present on page

11-03-2025T04:23:24 - [TEST_STEP][PASSED] - if (verifyTextNotPresent("Ошибка запроса данных", false) == true): null

11-03-2025T04:23:25 - [MESSAGE][PASSED] - Text 'Ошибка запроса данных' is not present on page

11-03-2025T04:23:25 - [TEST_STEP][PASSED] - if (verifyTextNotPresent("Произошла ошибка при выполнении пользовательского кода", false) == true): null

11-03-2025T04:23:25 - [MESSAGE][PASSED] - Text 'Произошла ошибка при выполнении пользовательского кода' is not present on page

11-03-2025T04:23:25 - [TEST_STEP][PASSED] - if (verifyTextNotPresent("У виджета нет данных", false) == true): null

11-03-2025T04:23:26 - [MESSAGE][PASSED] - Text 'У виджета нет данных' is not present on page

11-03-2025T04:23:26 - [TEST_STEP][PASSED] - if (verifyTextNotPresent("У виджета нет данных", false) == true): Text 'У виджета нет данных' is not present on page

11-03-2025T04:23:26 - [MESSAGE][PASSED] - Text 'У виджета нет данных' is not present on page

11-03-2025T04:23:26 - [TEST_STEP][PASSED] - click(findTestObject("Факторный анализ/Переключить отображение с филиала на месяц")): Object: 'Object Repository/Факторный анализ/Переключить отображение с филиала на месяц' is clicked on

11-03-2025T04:23:27 - [MESSAGE][PASSED] - Object: 'Object Repository/Факторный анализ/Переключить отображение с филиала на месяц' is clicked on

11-03-2025T04:23:27 - [TEST_STEP][PASSED] - typeOfData = "Месяц": null

11-03-2025T04:23:27 - [TEST_STEP][PASSED] - Script1687405718449.Test(todaysDate, typeOfData): null

11-03-2025T04:23:27 - [TEST_STEP][PASSED] - delay(10): Delayed 10 second(s)

11-03-2025T04:23:37 - [MESSAGE][PASSED] - Delayed 10 second(s)

11-03-2025T04:23:37 - [TEST_STEP][PASSED] - if (verifyTextNotPresent("нет данных", false) == true): null

11-03-2025T04:23:37 - [MESSAGE][PASSED] - Text 'нет данных' is not present on page

11-03-2025T04:23:37 - [TEST_STEP][PASSED] - if (verifyTextNotPresent("Ошибка запроса данных", false) == true): null

11-03-2025T04:23:37 - [MESSAGE][PASSED] - Text 'Ошибка запроса данных' is not present on page

11-03-2025T04:23:37 - [TEST_STEP][PASSED] - if (verifyTextNotPresent("Произошла ошибка при выполнении пользовательского кода", false) == true): null

11-03-2025T04:23:38 - [MESSAGE][PASSED] - Text 'Произошла ошибка при выполнении пользовательского кода' is not present on page

11-03-2025T04:23:38 - [TEST_STEP][PASSED] - if (verifyTextNotPresent("У виджета нет данных", false) == true): null

11-03-2025T04:23:38 - [MESSAGE][PASSED] - Text 'У виджета нет данных' is not present on page

11-03-2025T04:23:38 - [TEST_STEP][PASSED] - if (verifyTextNotPresent("У виджета нет данных", false) == true): Text 'У виджета нет данных' is not present on page

11-03-2025T04:23:39 - [MESSAGE][PASSED] - Text 'У виджета нет данных' is not present on page

11-03-2025T04:23:39 - [TEST_STEP][PASSED] - click(findTestObject("Факторный анализ/Переключить отображение с месяца на филиал")): Object: 'Object Repository/Факторный анализ/Переключить отображение с месяца на филиал' is clicked on

11-03-2025T04:23:39 - [MESSAGE][PASSED] - Object: 'Object Repository/Факторный анализ/Переключить отображение с месяца на филиал' is clicked on

11-03-2025T04:23:39 - [TEST_STEP][PASSED] - click(findTestObject("Факторный анализ/Фильтр ДЗО")): Object: 'Object Repository/Факторный анализ/Фильтр ДЗО' is clicked on

11-03-2025T04:23:39 - [MESSAGE][PASSED] - Object: 'Object Repository/Факторный анализ/Фильтр ДЗО' is clicked on

11-03-2025T04:23:39 - [TEST_STEP][PASSED] - click(findTestObject("Факторный анализ/Снять выделение в фильтре ДЗО")): Object: 'Object Repository/Факторный анализ/Снять выделение в фильтре ДЗО' is clicked on

11-03-2025T04:23:40 - [MESSAGE][PASSED] - Object: 'Object Repository/Факторный анализ/Снять выделение в фильтре ДЗО' is clicked on

11-03-2025T04:23:40 - [TEST_STEP][PASSED] - scrollToElement(findTestObject("Общие объекты/Псковский филиал"), 30): Scroll to object 'Object Repository/Общие объекты/Псковский филиал' successfully

11-03-2025T04:23:40 - [MESSAGE][PASSED] - Scroll to object 'Object Repository/Общие объекты/Псковский филиал' successfully

11-03-2025T04:23:40 - [TEST_STEP][PASSED] - click(findTestObject("Общие объекты/Псковский филиал")): Object: 'Object Repository/Общие объекты/Псковский филиал' is clicked on

11-03-2025T04:23:41 - [MESSAGE][PASSED] - Object: 'Object Repository/Общие объекты/Псковский филиал' is clicked on

11-03-2025T04:23:41 - [TEST_STEP][PASSED] - Script1687405718449.Change(todaysDate, typeOfData): null

11-03-2025T04:23:41 - [TEST_STEP][PASSED] - scrollToElement(findTestObject("Факторный анализ/Заголовок дашборда"), 30): Scroll to object 'Object Repository/Факторный анализ/Заголовок дашборда' successfully

11-03-2025T04:23:41 - [MESSAGE][PASSED] - Scroll to object 'Object Repository/Факторный анализ/Заголовок дашборда' successfully

11-03-2025T04:23:41 - [TEST_STEP][PASSED] - click(findTestObject("Факторный анализ/Применить в фильтре ДЗО")): Object: 'Object Repository/Факторный анализ/Применить в фильтре ДЗО' is clicked on

11-03-2025T04:23:42 - [MESSAGE][PASSED] - Object: 'Object Repository/Факторный анализ/Применить в фильтре ДЗО' is clicked on

11-03-2025T04:23:42 - [TEST_STEP][PASSED] - typeOfData = "Филиал": null

11-03-2025T04:23:42 - [TEST_STEP][PASSED] - Script1687405718449.Test(todaysDate, typeOfData): null

11-03-2025T04:23:42 - [TEST_STEP][PASSED] - delay(10): Delayed 10 second(s)

11-03-2025T04:23:52 - [MESSAGE][PASSED] - Delayed 10 second(s)

11-03-2025T04:23:52 - [TEST_STEP][PASSED] - if (verifyTextNotPresent("нет данных", false) == true): null

11-03-2025T04:23:52 - [MESSAGE][PASSED] - Text 'нет данных' is not present on page

11-03-2025T04:23:52 - [TEST_STEP][PASSED] - if (verifyTextNotPresent("Ошибка запроса данных", false) == true): null

11-03-2025T04:23:53 - [MESSAGE][PASSED] - Text 'Ошибка запроса данных' is not present on page

11-03-2025T04:23:53 - [TEST_STEP][PASSED] - if (verifyTextNotPresent("Произошла ошибка при выполнении пользовательского кода", false) == true): null

11-03-2025T04:23:53 - [MESSAGE][PASSED] - Text 'Произошла ошибка при выполнении пользовательского кода' is not present on page

11-03-2025T04:23:53 - [TEST_STEP][PASSED] - if (verifyTextNotPresent("У виджета нет данных", false) == true): null

11-03-2025T04:23:54 - [MESSAGE][PASSED] - Text 'У виджета нет данных' is not present on page

11-03-2025T04:23:54 - [TEST_STEP][PASSED] - if (verifyTextNotPresent("У виджета нет данных", false) == true): Text 'У виджета нет данных' is not present on page

11-03-2025T04:23:54 - [MESSAGE][PASSED] - Text 'У виджета нет данных' is not present on page

11-03-2025T04:23:54 - [TEST_STEP][PASSED] - click(findTestObject("Факторный анализ/Переключить отображение с филиала на месяц")): Object: 'Object Repository/Факторный анализ/Переключить отображение с филиала на месяц' is clicked on

11-03-2025T04:23:54 - [MESSAGE][PASSED] - Object: 'Object Repository/Факторный анализ/Переключить отображение с филиала на месяц' is clicked on

11-03-2025T04:23:54 - [TEST_STEP][PASSED] - typeOfData = "Месяц": null

11-03-2025T04:23:54 - [TEST_STEP][PASSED] - Script1687405718449.Test(todaysDate, typeOfData): null

11-03-2025T04:23:54 - [TEST_STEP][PASSED] - delay(10): Delayed 10 second(s)

11-03-2025T04:24:04 - [MESSAGE][PASSED] - Delayed 10 second(s)

11-03-2025T04:24:04 - [TEST_STEP][PASSED] - if (verifyTextNotPresent("нет данных", false) == true): null

11-03-2025T04:24:05 - [MESSAGE][PASSED] - Text 'нет данных' is not present on page

11-03-2025T04:24:05 - [TEST_STEP][PASSED] - if (verifyTextNotPresent("Ошибка запроса данных", false) == true): null

11-03-2025T04:24:05 - [MESSAGE][PASSED] - Text 'Ошибка запроса данных' is not present on page

11-03-2025T04:24:05 - [TEST_STEP][PASSED] - if (verifyTextNotPresent("Произошла ошибка при выполнении пользовательского кода", false) == true): null

11-03-2025T04:24:06 - [MESSAGE][PASSED] - Text 'Произошла ошибка при выполнении пользовательского кода' is not present on page

11-03-2025T04:24:06 - [TEST_STEP][PASSED] - if (verifyTextNotPresent("У виджета нет данных", false) == true): null

11-03-2025T04:24:06 - [MESSAGE][PASSED] - Text 'У виджета нет данных' is not present on page

11-03-2025T04:24:06 - [TEST_STEP][PASSED] - if (verifyTextNotPresent("У виджета нет данных", false) == true): Text 'У виджета нет данных' is not present on page

11-03-2025T04:24:07 - [MESSAGE][PASSED] - Text 'У виджета нет данных' is not present on page

11-03-2025T04:24:07 - [TEST_STEP][PASSED] - click(findTestObject("Факторный анализ/Переключить отображение с месяца на филиал")): Object: 'Object Repository/Факторный анализ/Переключить отображение с месяца на филиал' is clicked on

11-03-2025T04:24:07 - [MESSAGE][PASSED] - Object: 'Object Repository/Факторный анализ/Переключить отображение с месяца на филиал' is clicked on

11-03-2025T04:24:07 - [TEST_STEP][PASSED] - click(findTestObject("Факторный анализ/Фильтр ДЗО")): Object: 'Object Repository/Факторный анализ/Фильтр ДЗО' is clicked on

11-03-2025T04:24:07 - [MESSAGE][PASSED] - Object: 'Object Repository/Факторный анализ/Фильтр ДЗО' is clicked on

11-03-2025T04:24:07 - [TEST_STEP][PASSED] - click(findTestObject("Факторный анализ/Снять выделение в фильтре ДЗО")): Object: 'Object Repository/Факторный анализ/Снять выделение в фильтре ДЗО' is clicked on

11-03-2025T04:24:08 - [MESSAGE][PASSED] - Object: 'Object Repository/Факторный анализ/Снять выделение в фильтре ДЗО' is clicked on

11-03-2025T04:24:08 - [TEST_STEP][PASSED] - scrollToElement(findTestObject("Общие объекты/филиал в Республике Коми"), 30): Scroll to object 'Object Repository/Общие объекты/филиал в Республике Коми' successfully

11-03-2025T04:24:08 - [MESSAGE][PASSED] - Scroll to object 'Object Repository/Общие объекты/филиал в Республике Коми' successfully

11-03-2025T04:24:08 - [TEST_STEP][PASSED] - click(findTestObject("Общие объекты/филиал в Республике Коми")): Object: 'Object Repository/Общие объекты/филиал в Республике Коми' is clicked on

11-03-2025T04:24:09 - [MESSAGE][PASSED] - Object: 'Object Repository/Общие объекты/филиал в Республике Коми' is clicked on

11-03-2025T04:24:09 - [TEST_STEP][PASSED] - Script1687405718449.Change(todaysDate, typeOfData): null

11-03-2025T04:24:09 - [TEST_STEP][PASSED] - scrollToElement(findTestObject("Факторный анализ/Заголовок дашборда"), 30): Scroll to object 'Object Repository/Факторный анализ/Заголовок дашборда' successfully

11-03-2025T04:24:09 - [MESSAGE][PASSED] - Scroll to object 'Object Repository/Факторный анализ/Заголовок дашборда' successfully

11-03-2025T04:24:09 - [TEST_STEP][PASSED] - click(findTestObject("Факторный анализ/Применить в фильтре ДЗО")): Object: 'Object Repository/Факторный анализ/Применить в фильтре ДЗО' is clicked on

11-03-2025T04:24:10 - [MESSAGE][PASSED] - Object: 'Object Repository/Факторный анализ/Применить в фильтре ДЗО' is clicked on

11-03-2025T04:24:10 - [TEST_STEP][PASSED] - typeOfData = "Филиал": null

11-03-2025T04:24:10 - [TEST_STEP][PASSED] - Script1687405718449.Test(todaysDate, typeOfData): null

11-03-2025T04:24:10 - [TEST_STEP][PASSED] - delay(10): Delayed 10 second(s)

11-03-2025T04:24:20 - [MESSAGE][PASSED] - Delayed 10 second(s)

11-03-2025T04:24:20 - [TEST_STEP][PASSED] - if (verifyTextNotPresent("нет данных", false) == true): null

11-03-2025T04:24:20 - [MESSAGE][PASSED] - Text 'нет данных' is not present on page

11-03-2025T04:24:20 - [TEST_STEP][PASSED] - if (verifyTextNotPresent("Ошибка запроса данных", false) == true): null

11-03-2025T04:24:21 - [MESSAGE][PASSED] - Text 'Ошибка запроса данных' is not present on page

11-03-2025T04:24:21 - [TEST_STEP][PASSED] - if (verifyTextNotPresent("Произошла ошибка при выполнении пользовательского кода", false) == true): null

11-03-2025T04:24:21 - [MESSAGE][PASSED] - Text 'Произошла ошибка при выполнении пользовательского кода' is not present on page

11-03-2025T04:24:21 - [TEST_STEP][PASSED] - if (verifyTextNotPresent("У виджета нет данных", false) == true): null

11-03-2025T04:24:21 - [MESSAGE][PASSED] - Text 'У виджета нет данных' is not present on page

11-03-2025T04:24:21 - [TEST_STEP][PASSED] - if (verifyTextNotPresent("У виджета нет данных", false) == true): Text 'У виджета нет данных' is not present on page

11-03-2025T04:24:22 - [MESSAGE][PASSED] - Text 'У виджета нет данных' is not present on page

11-03-2025T04:24:22 - [TEST_STEP][PASSED] - click(findTestObject("Факторный анализ/Переключить отображение с филиала на месяц")): Object: 'Object Repository/Факторный анализ/Переключить отображение с филиала на месяц' is clicked on

11-03-2025T04:24:22 - [MESSAGE][PASSED] - Object: 'Object Repository/Факторный анализ/Переключить отображение с филиала на месяц' is clicked on

11-03-2025T04:24:22 - [TEST_STEP][PASSED] - typeOfData = "Месяц": null

11-03-2025T04:24:22 - [TEST_STEP][PASSED] - Script1687405718449.Test(todaysDate, typeOfData): null

11-03-2025T04:24:22 - [TEST_STEP][PASSED] - delay(10): Delayed 10 second(s)

11-03-2025T04:24:32 - [MESSAGE][PASSED] - Delayed 10 second(s)

11-03-2025T04:24:32 - [TEST_STEP][PASSED] - if (verifyTextNotPresent("нет данных", false) == true): null

11-03-2025T04:24:33 - [MESSAGE][PASSED] - Text 'нет данных' is not present on page

11-03-2025T04:24:33 - [TEST_STEP][PASSED] - if (verifyTextNotPresent("Ошибка запроса данных", false) == true): null

11-03-2025T04:24:33 - [MESSAGE][PASSED] - Text 'Ошибка запроса данных' is not present on page

11-03-2025T04:24:33 - [TEST_STEP][PASSED] - if (verifyTextNotPresent("Произошла ошибка при выполнении пользовательского кода", false) == true): null

11-03-2025T04:24:34 - [MESSAGE][PASSED] - Text 'Произошла ошибка при выполнении пользовательского кода' is not present on page

11-03-2025T04:24:34 - [TEST_STEP][PASSED] - if (verifyTextNotPresent("У виджета нет данных", false) == true): null

11-03-2025T04:24:34 - [MESSAGE][PASSED] - Text 'У виджета нет данных' is not present on page

11-03-2025T04:24:34 - [TEST_STEP][PASSED] - if (verifyTextNotPresent("У виджета нет данных", false) == true): Text 'У виджета нет данных' is not present on page

11-03-2025T04:24:35 - [MESSAGE][PASSED] - Text 'У виджета нет данных' is not present on page

11-03-2025T04:24:35 - [TEST_STEP][PASSED] - click(findTestObject("Факторный анализ/Переключить отображение с месяца на филиал")): Object: 'Object Repository/Факторный анализ/Переключить отображение с месяца на филиал' is clicked on

11-03-2025T04:24:35 - [MESSAGE][PASSED] - Object: 'Object Repository/Факторный анализ/Переключить отображение с месяца на филиал' is clicked on

11-03-2025T04:24:35 - [TEST_STEP][PASSED] - click(findTestObject("Факторный анализ/Фильтр ДЗО")): Object: 'Object Repository/Факторный анализ/Фильтр ДЗО' is clicked on

11-03-2025T04:24:35 - [MESSAGE][PASSED] - Object: 'Object Repository/Факторный анализ/Фильтр ДЗО' is clicked on

11-03-2025T04:24:35 - [TEST_STEP][PASSED] - click(findTestObject("Факторный анализ/Снять выделение в фильтре ДЗО")): Object: 'Object Repository/Факторный анализ/Снять выделение в фильтре ДЗО' is clicked on

11-03-2025T04:24:36 - [MESSAGE][PASSED] - Object: 'Object Repository/Факторный анализ/Снять выделение в фильтре ДЗО' is clicked on

11-03-2025T04:24:36 - [TEST_STEP][PASSED] - scrollToElement(findTestObject("Общие объекты/Раскрыть список Россети Сибирь"), 30): Scroll to object 'Object Repository/Общие объекты/Раскрыть список Россети Сибирь' successfully

11-03-2025T04:24:36 - [MESSAGE][PASSED] - Scroll to object 'Object Repository/Общие объекты/Раскрыть список Россети Сибирь' successfully

11-03-2025T04:24:36 - [TEST_STEP][PASSED] - click(findTestObject("Факторный анализ/Россети Сибирь")): Object: 'Object Repository/Факторный анализ/Россети Сибирь' is clicked on

11-03-2025T04:24:36 - [MESSAGE][PASSED] - Object: 'Object Repository/Факторный анализ/Россети Сибирь' is clicked on

11-03-2025T04:24:36 - [TEST_STEP][PASSED] - Script1687405718449.Change(todaysDate, typeOfData): null

11-03-2025T04:24:36 - [TEST_STEP][PASSED] - scrollToElement(findTestObject("Факторный анализ/Заголовок дашборда"), 30): Scroll to object 'Object Repository/Факторный анализ/Заголовок дашборда' successfully

11-03-2025T04:24:37 - [MESSAGE][PASSED] - Scroll to object 'Object Repository/Факторный анализ/Заголовок дашборда' successfully

11-03-2025T04:24:37 - [TEST_STEP][PASSED] - click(findTestObject("Факторный анализ/Применить в фильтре ДЗО")): Object: 'Object Repository/Факторный анализ/Применить в фильтре ДЗО' is clicked on

11-03-2025T04:24:37 - [MESSAGE][PASSED] - Object: 'Object Repository/Факторный анализ/Применить в фильтре ДЗО' is clicked on

11-03-2025T04:24:37 - [TEST_STEP][PASSED] - typeOfData = "Филиал": null

11-03-2025T04:24:37 - [TEST_STEP][PASSED] - Script1687405718449.Test(todaysDate, typeOfData): null

11-03-2025T04:24:37 - [TEST_STEP][PASSED] - delay(10): Delayed 10 second(s)

11-03-2025T04:24:47 - [MESSAGE][PASSED] - Delayed 10 second(s)

11-03-2025T04:24:47 - [TEST_STEP][PASSED] - if (verifyTextNotPresent("нет данных", false) == true): null

11-03-2025T04:24:48 - [MESSAGE][PASSED] - Text 'нет данных' is not present on page

11-03-2025T04:24:48 - [TEST_STEP][PASSED] - if (verifyTextNotPresent("Ошибка запроса данных", false) == true): null

11-03-2025T04:24:48 - [MESSAGE][PASSED] - Text 'Ошибка запроса данных' is not present on page

11-03-2025T04:24:48 - [TEST_STEP][PASSED] - if (verifyTextNotPresent("Произошла ошибка при выполнении пользовательского кода", false) == true): null

11-03-2025T04:24:49 - [MESSAGE][PASSED] - Text 'Произошла ошибка при выполнении пользовательского кода' is not present on page

11-03-2025T04:24:49 - [TEST_STEP][PASSED] - if (verifyTextNotPresent("У виджета нет данных", false) == true): null

11-03-2025T04:24:49 - [MESSAGE][PASSED] - Text 'У виджета нет данных' is not present on page

11-03-2025T04:24:49 - [TEST_STEP][PASSED] - if (verifyTextNotPresent("У виджета нет данных", false) == true): Text 'У виджета нет данных' is not present on page

11-03-2025T04:24:50 - [MESSAGE][PASSED] - Text 'У виджета нет данных' is not present on page

11-03-2025T04:24:50 - [TEST_STEP][PASSED] - click(findTestObject("Факторный анализ/Переключить отображение с филиала на месяц")): Object: 'Object Repository/Факторный анализ/Переключить отображение с филиала на месяц' is clicked on

11-03-2025T04:24:50 - [MESSAGE][PASSED] - Object: 'Object Repository/Факторный анализ/Переключить отображение с филиала на месяц' is clicked on

11-03-2025T04:24:50 - [TEST_STEP][PASSED] - typeOfData = "Месяц": null

11-03-2025T04:24:50 - [TEST_STEP][PASSED] - Script1687405718449.Test(todaysDate, typeOfData): null

11-03-2025T04:24:50 - [TEST_STEP][PASSED] - delay(10): Delayed 10 second(s)

11-03-2025T04:25:00 - [MESSAGE][PASSED] - Delayed 10 second(s)

11-03-2025T04:25:00 - [TEST_STEP][FAILED] - if (verifyTextNotPresent("нет данных", false) == true): Text 'нет данных' is present on page  (Root cause: com.kms.katalon.core.exception.StepFailedException: Text 'нет данных' is present on page 
	at com.kms.katalon.core.webui.keyword.internal.WebUIKeywordMain.stepFailed(WebUIKeywordMain.groovy:64)
	at com.kms.katalon.core.webui.keyword.builtin.VerifyTextNotPresentKeyword$_verifyTextNotPresent_closure1.doCall(VerifyTextNotPresentKeyword.groovy:77)
	at com.kms.katalon.core.webui.keyword.builtin.VerifyTextNotPresentKeyword$_verifyTextNotPresent_closure1.call(VerifyTextNotPresentKeyword.groovy)
	at com.kms.katalon.core.webui.keyword.internal.WebUIKeywordMain.runKeyword(WebUIKeywordMain.groovy:20)
	at com.kms.katalon.core.webui.keyword.builtin.VerifyTextNotPresentKeyword.verifyTextNotPresent(VerifyTextNotPresentKeyword.groovy:82)
	at com.kms.katalon.core.webui.keyword.builtin.VerifyTextNotPresentKeyword.execute(VerifyTextNotPresentKeyword.groovy:68)
	at com.kms.katalon.core.keyword.internal.KeywordExecutor.executeKeywordForPlatform(KeywordExecutor.groovy:74)
	at com.kms.katalon.core.webui.keyword.WebUiBuiltInKeywords.verifyTextNotPresent(WebUiBuiltInKeywords.groovy:1795)
	at Факторный анализ отображение данных все филиалы.Test(Факторный анализ отображение данных все филиалы:789)
	at Факторный анализ отображение данных все филиалы.Change(Факторный анализ отображение данных все филиалы:775)
	at Факторный анализ отображение данных все филиалы.run(Факторный анализ отображение данных все филиалы:414)
	at com.kms.katalon.core.main.ScriptEngine.run(ScriptEngine.java:194)
	at com.kms.katalon.core.main.ScriptEngine.runScriptAsRawText(ScriptEngine.java:119)
	at com.kms.katalon.core.main.TestCaseExecutor.runScript(TestCaseExecutor.java:448)
	at com.kms.katalon.core.main.TestCaseExecutor.doExecute(TestCaseExecutor.java:439)
	at com.kms.katalon.core.main.TestCaseExecutor.processExecutionPhase(TestCaseExecutor.java:418)
	at com.kms.katalon.core.main.TestCaseExecutor.accessMainPhase(TestCaseExecutor.java:410)
	at com.kms.katalon.core.main.TestCaseExecutor.execute(TestCaseExecutor.java:285)
	at com.kms.katalon.core.common.CommonExecutor.accessTestCaseMainPhase(CommonExecutor.java:65)
	at com.kms.katalon.core.main.TestSuiteExecutor.accessTestSuiteMainPhase(TestSuiteExecutor.java:150)
	at com.kms.katalon.core.main.TestSuiteExecutor.execute(TestSuiteExecutor.java:106)
	at com.kms.katalon.core.main.TestCaseMain.startTestSuite(TestCaseMain.java:180)
	at TempTestSuite1741649958618.run(TempTestSuite1741649958618.groovy:35)
	at java.base/jdk.internal.reflect.NativeMethodAccessorImpl.invoke0(Native Method)
	at java.base/jdk.internal.reflect.NativeMethodAccessorImpl.invoke(NativeMethodAccessorImpl.java:77)
	at java.base/jdk.internal.reflect.DelegatingMethodAccessorImpl.invoke(DelegatingMethodAccessorImpl.java:43)
)

11-03-2025T04:25:00 - [MESSAGE][FAILED] - Text 'нет данных' is present on page  (Root cause: com.kms.katalon.core.exception.StepFailedException: Text 'нет данных' is present on page 
	at com.kms.katalon.core.webui.keyword.internal.WebUIKeywordMain.stepFailed(WebUIKeywordMain.groovy:64)
	at com.kms.katalon.core.webui.keyword.builtin.VerifyTextNotPresentKeyword$_verifyTextNotPresent_closure1.doCall(VerifyTextNotPresentKeyword.groovy:77)
	at com.kms.katalon.core.webui.keyword.builtin.VerifyTextNotPresentKeyword$_verifyTextNotPresent_closure1.call(VerifyTextNotPresentKeyword.groovy)
	at com.kms.katalon.core.webui.keyword.internal.WebUIKeywordMain.runKeyword(WebUIKeywordMain.groovy:20)
	at com.kms.katalon.core.webui.keyword.builtin.VerifyTextNotPresentKeyword.verifyTextNotPresent(VerifyTextNotPresentKeyword.groovy:82)
	at com.kms.katalon.core.webui.keyword.builtin.VerifyTextNotPresentKeyword.execute(VerifyTextNotPresentKeyword.groovy:68)
	at com.kms.katalon.core.keyword.internal.KeywordExecutor.executeKeywordForPlatform(KeywordExecutor.groovy:74)
	at com.kms.katalon.core.webui.keyword.WebUiBuiltInKeywords.verifyTextNotPresent(WebUiBuiltInKeywords.groovy:1795)
	at Факторный анализ отображение данных все филиалы.Test(Факторный анализ отображение данных все филиалы:789)
	at Факторный анализ отображение данных все филиалы.Change(Факторный анализ отображение данных все филиалы:775)
	at Факторный анализ отображение данных все филиалы.run(Факторный анализ отображение данных все филиалы:414)
	at com.kms.katalon.core.main.ScriptEngine.run(ScriptEngine.java:194)
	at com.kms.katalon.core.main.ScriptEngine.runScriptAsRawText(ScriptEngine.java:119)
	at com.kms.katalon.core.main.TestCaseExecutor.runScript(TestCaseExecutor.java:448)
	at com.kms.katalon.core.main.TestCaseExecutor.doExecute(TestCaseExecutor.java:439)
	at com.kms.katalon.core.main.TestCaseExecutor.processExecutionPhase(TestCaseExecutor.java:418)
	at com.kms.katalon.core.main.TestCaseExecutor.accessMainPhase(TestCaseExecutor.java:410)
	at com.kms.katalon.core.main.TestCaseExecutor.execute(TestCaseExecutor.java:285)
	at com.kms.katalon.core.common.CommonExecutor.accessTestCaseMainPhase(CommonExecutor.java:65)
	at com.kms.katalon.core.main.TestSuiteExecutor.accessTestSuiteMainPhase(TestSuiteExecutor.java:150)
	at com.kms.katalon.core.main.TestSuiteExecutor.execute(TestSuiteExecutor.java:106)
	at com.kms.katalon.core.main.TestCaseMain.startTestSuite(TestCaseMain.java:180)
	at TempTestSuite1741649958618.run(TempTestSuite1741649958618.groovy:35)
	at java.base/jdk.internal.reflect.NativeMethodAccessorImpl.invoke0(Native Method)
	at java.base/jdk.internal.reflect.NativeMethodAccessorImpl.invoke(NativeMethodAccessorImpl.java:77)
	at java.base/jdk.internal.reflect.DelegatingMethodAccessorImpl.invoke(DelegatingMethodAccessorImpl.java:43)
)

11-03-2025T04:25:00 - [TEST_STEP][PASSED] - else: null

11-03-2025T04:25:00 - [TEST_STEP][PASSED] - Script1687405718449.WriteToExcel(todaysDate, typeOfData): null

11-03-2025T04:25:00 - [TEST_STEP][PASSED] - sheetName = "Sheet1": null

11-03-2025T04:25:00 - [TEST_STEP][PASSED] - data = findTestData("PlanFact"): null

11-03-2025T04:25:00 - [TEST_STEP][PASSED] - n = data.getRowNumbers() + 1: null

11-03-2025T04:25:00 - [TEST_STEP][PASSED] - dZO = getText(findTestObject("Факторный анализ/Фильтр ДЗО")): Text of object 'Object Repository/Факторный анализ/Фильтр ДЗО' is: 'ПАО Россети - РаспредКомплекс - Россети Сибирь (ГК)'

11-03-2025T04:25:01 - [MESSAGE][PASSED] - Text of object 'Object Repository/Факторный анализ/Фильтр ДЗО' is: 'ПАО Россети - РаспредКомплекс - Россети Сибирь (ГК)'

11-03-2025T04:25:01 - [TEST_STEP][PASSED] - period = getText(findTestObject("Факторный анализ/Фильтр Период")): Text of object 'Object Repository/Факторный анализ/Фильтр Период' is: 'Январь 2025 года'

11-03-2025T04:25:01 - [MESSAGE][PASSED] - Text of object 'Object Repository/Факторный анализ/Фильтр Период' is: 'Январь 2025 года'

11-03-2025T04:25:01 - [TEST_STEP][PASSED] - println(period): null

11-03-2025T04:25:01 - [TEST_STEP][PASSED] - dashboardName = "Факторный анализ": null

11-03-2025T04:25:01 - [TEST_STEP][PASSED] - workbook01 = getWorkbook(excelFilePath): null

11-03-2025T04:25:01 - [TEST_STEP][PASSED] - sheet01 = getExcelSheet(workbook01, sheetName): null

11-03-2025T04:25:01 - [TEST_STEP][PASSED] - setValueToCellByIndex(sheet01, n, 0, dashboardName): null

11-03-2025T04:25:01 - [TEST_STEP][PASSED] - setValueToCellByIndex(sheet01, n, 1, dZO): null

11-03-2025T04:25:01 - [TEST_STEP][PASSED] - setValueToCellByIndex(sheet01, n, 2, period): null

11-03-2025T04:25:01 - [TEST_STEP][PASSED] - setValueToCellByIndex(sheet01, n, 3, typeOfData): null

11-03-2025T04:25:01 - [TEST_STEP][PASSED] - setValueToCellByIndex(sheet01, n, 4, todaysDate): null

11-03-2025T04:25:01 - [TEST_STEP][PASSED] - n = n + 1: null

11-03-2025T04:25:01 - [TEST_STEP][PASSED] - saveWorkbook(excelFilePath, workbook01): null

11-03-2025T04:25:01 - [TEST_STEP][PASSED] - click(findTestObject("Факторный анализ/Переключить отображение с месяца на филиал")): Object: 'Object Repository/Факторный анализ/Переключить отображение с месяца на филиал' is clicked on

11-03-2025T04:25:02 - [MESSAGE][PASSED] - Object: 'Object Repository/Факторный анализ/Переключить отображение с месяца на филиал' is clicked on

11-03-2025T04:25:02 - [TEST_STEP][PASSED] - click(findTestObject("Факторный анализ/Фильтр ДЗО")): Object: 'Object Repository/Факторный анализ/Фильтр ДЗО' is clicked on

11-03-2025T04:25:02 - [MESSAGE][PASSED] - Object: 'Object Repository/Факторный анализ/Фильтр ДЗО' is clicked on

11-03-2025T04:25:02 - [TEST_STEP][PASSED] - click(findTestObject("Факторный анализ/Снять выделение в фильтре ДЗО")): Object: 'Object Repository/Факторный анализ/Снять выделение в фильтре ДЗО' is clicked on

11-03-2025T04:25:02 - [MESSAGE][PASSED] - Object: 'Object Repository/Факторный анализ/Снять выделение в фильтре ДЗО' is clicked on

11-03-2025T04:25:02 - [TEST_STEP][PASSED] - scrollToElement(findTestObject("Общие объекты/Раскрыть список Россети Сибирь"), 30): Scroll to object 'Object Repository/Общие объекты/Раскрыть список Россети Сибирь' successfully

11-03-2025T04:25:03 - [MESSAGE][PASSED] - Scroll to object 'Object Repository/Общие объекты/Раскрыть список Россети Сибирь' successfully

11-03-2025T04:25:03 - [TEST_STEP][PASSED] - click(findTestObject("Общие объекты/Раскрыть список Россети Сибирь")): Object: 'Object Repository/Общие объекты/Раскрыть список Россети Сибирь' is clicked on

11-03-2025T04:25:03 - [MESSAGE][PASSED] - Object: 'Object Repository/Общие объекты/Раскрыть список Россети Сибирь' is clicked on

11-03-2025T04:25:03 - [TEST_STEP][PASSED] - click(findTestObject("Общие объекты/Раскрыть список Россети Сибирь")): Object: 'Object Repository/Общие объекты/Раскрыть список Россети Сибирь' is clicked on

11-03-2025T04:25:04 - [MESSAGE][PASSED] - Object: 'Object Repository/Общие объекты/Раскрыть список Россети Сибирь' is clicked on

11-03-2025T04:25:04 - [TEST_STEP][PASSED] - scrollToElement(findTestObject("Общие объекты/Алтайэнерго"), 30): Scroll to object 'Object Repository/Общие объекты/Алтайэнерго' successfully

11-03-2025T04:25:05 - [MESSAGE][PASSED] - Scroll to object 'Object Repository/Общие объекты/Алтайэнерго' successfully

11-03-2025T04:25:05 - [TEST_STEP][PASSED] - click(findTestObject("Общие объекты/Алтайэнерго")): Object: 'Object Repository/Общие объекты/Алтайэнерго' is clicked on

11-03-2025T04:25:05 - [MESSAGE][PASSED] - Object: 'Object Repository/Общие объекты/Алтайэнерго' is clicked on

11-03-2025T04:25:05 - [TEST_STEP][PASSED] - Script1687405718449.Change(todaysDate, typeOfData): null

11-03-2025T04:25:05 - [TEST_STEP][PASSED] - scrollToElement(findTestObject("Факторный анализ/Заголовок дашборда"), 30): Scroll to object 'Object Repository/Факторный анализ/Заголовок дашборда' successfully

11-03-2025T04:25:05 - [MESSAGE][PASSED] - Scroll to object 'Object Repository/Факторный анализ/Заголовок дашборда' successfully

11-03-2025T04:25:05 - [TEST_STEP][PASSED] - click(findTestObject("Факторный анализ/Применить в фильтре ДЗО")): Object: 'Object Repository/Факторный анализ/Применить в фильтре ДЗО' is clicked on

11-03-2025T04:25:06 - [MESSAGE][PASSED] - Object: 'Object Repository/Факторный анализ/Применить в фильтре ДЗО' is clicked on

11-03-2025T04:25:06 - [TEST_STEP][PASSED] - typeOfData = "Филиал": null

11-03-2025T04:25:06 - [TEST_STEP][PASSED] - Script1687405718449.Test(todaysDate, typeOfData): null

11-03-2025T04:25:06 - [TEST_STEP][PASSED] - delay(10): Delayed 10 second(s)

11-03-2025T04:25:16 - [MESSAGE][PASSED] - Delayed 10 second(s)

11-03-2025T04:25:16 - [TEST_STEP][PASSED] - if (verifyTextNotPresent("нет данных", false) == true): null

11-03-2025T04:25:16 - [MESSAGE][PASSED] - Text 'нет данных' is not present on page

11-03-2025T04:25:16 - [TEST_STEP][PASSED] - if (verifyTextNotPresent("Ошибка запроса данных", false) == true): null

11-03-2025T04:25:17 - [MESSAGE][PASSED] - Text 'Ошибка запроса данных' is not present on page

11-03-2025T04:25:17 - [TEST_STEP][PASSED] - if (verifyTextNotPresent("Произошла ошибка при выполнении пользовательского кода", false) == true): null

11-03-2025T04:25:17 - [MESSAGE][PASSED] - Text 'Произошла ошибка при выполнении пользовательского кода' is not present on page

11-03-2025T04:25:17 - [TEST_STEP][PASSED] - if (verifyTextNotPresent("У виджета нет данных", false) == true): null

11-03-2025T04:25:18 - [MESSAGE][PASSED] - Text 'У виджета нет данных' is not present on page

11-03-2025T04:25:18 - [TEST_STEP][PASSED] - if (verifyTextNotPresent("У виджета нет данных", false) == true): Text 'У виджета нет данных' is not present on page

11-03-2025T04:25:18 - [MESSAGE][PASSED] - Text 'У виджета нет данных' is not present on page

11-03-2025T04:25:18 - [TEST_STEP][PASSED] - click(findTestObject("Факторный анализ/Переключить отображение с филиала на месяц")): Object: 'Object Repository/Факторный анализ/Переключить отображение с филиала на месяц' is clicked on

11-03-2025T04:25:18 - [MESSAGE][PASSED] - Object: 'Object Repository/Факторный анализ/Переключить отображение с филиала на месяц' is clicked on

11-03-2025T04:25:18 - [TEST_STEP][PASSED] - typeOfData = "Месяц": null

11-03-2025T04:25:18 - [TEST_STEP][PASSED] - Script1687405718449.Test(todaysDate, typeOfData): null

11-03-2025T04:25:18 - [TEST_STEP][PASSED] - delay(10): Delayed 10 second(s)

11-03-2025T04:25:28 - [MESSAGE][PASSED] - Delayed 10 second(s)

11-03-2025T04:25:28 - [TEST_STEP][FAILED] - if (verifyTextNotPresent("нет данных", false) == true): Text 'нет данных' is present on page  (Root cause: com.kms.katalon.core.exception.StepFailedException: Text 'нет данных' is present on page 
	at com.kms.katalon.core.webui.keyword.internal.WebUIKeywordMain.stepFailed(WebUIKeywordMain.groovy:64)
	at com.kms.katalon.core.webui.keyword.builtin.VerifyTextNotPresentKeyword$_verifyTextNotPresent_closure1.doCall(VerifyTextNotPresentKeyword.groovy:77)
	at com.kms.katalon.core.webui.keyword.builtin.VerifyTextNotPresentKeyword$_verifyTextNotPresent_closure1.call(VerifyTextNotPresentKeyword.groovy)
	at com.kms.katalon.core.webui.keyword.internal.WebUIKeywordMain.runKeyword(WebUIKeywordMain.groovy:20)
	at com.kms.katalon.core.webui.keyword.builtin.VerifyTextNotPresentKeyword.verifyTextNotPresent(VerifyTextNotPresentKeyword.groovy:82)
	at com.kms.katalon.core.webui.keyword.builtin.VerifyTextNotPresentKeyword.execute(VerifyTextNotPresentKeyword.groovy:68)
	at com.kms.katalon.core.keyword.internal.KeywordExecutor.executeKeywordForPlatform(KeywordExecutor.groovy:74)
	at com.kms.katalon.core.webui.keyword.WebUiBuiltInKeywords.verifyTextNotPresent(WebUiBuiltInKeywords.groovy:1795)
	at Факторный анализ отображение данных все филиалы.Test(Факторный анализ отображение данных все филиалы:789)
	at Факторный анализ отображение данных все филиалы.Change(Факторный анализ отображение данных все филиалы:775)
	at Факторный анализ отображение данных все филиалы.run(Факторный анализ отображение данных все филиалы:426)
	at com.kms.katalon.core.main.ScriptEngine.run(ScriptEngine.java:194)
	at com.kms.katalon.core.main.ScriptEngine.runScriptAsRawText(ScriptEngine.java:119)
	at com.kms.katalon.core.main.TestCaseExecutor.runScript(TestCaseExecutor.java:448)
	at com.kms.katalon.core.main.TestCaseExecutor.doExecute(TestCaseExecutor.java:439)
	at com.kms.katalon.core.main.TestCaseExecutor.processExecutionPhase(TestCaseExecutor.java:418)
	at com.kms.katalon.core.main.TestCaseExecutor.accessMainPhase(TestCaseExecutor.java:410)
	at com.kms.katalon.core.main.TestCaseExecutor.execute(TestCaseExecutor.java:285)
	at com.kms.katalon.core.common.CommonExecutor.accessTestCaseMainPhase(CommonExecutor.java:65)
	at com.kms.katalon.core.main.TestSuiteExecutor.accessTestSuiteMainPhase(TestSuiteExecutor.java:150)
	at com.kms.katalon.core.main.TestSuiteExecutor.execute(TestSuiteExecutor.java:106)
	at com.kms.katalon.core.main.TestCaseMain.startTestSuite(TestCaseMain.java:180)
	at TempTestSuite1741649958618.run(TempTestSuite1741649958618.groovy:35)
	at java.base/jdk.internal.reflect.NativeMethodAccessorImpl.invoke0(Native Method)
	at java.base/jdk.internal.reflect.NativeMethodAccessorImpl.invoke(NativeMethodAccessorImpl.java:77)
	at java.base/jdk.internal.reflect.DelegatingMethodAccessorImpl.invoke(DelegatingMethodAccessorImpl.java:43)
)

11-03-2025T04:25:29 - [MESSAGE][FAILED] - Text 'нет данных' is present on page  (Root cause: com.kms.katalon.core.exception.StepFailedException: Text 'нет данных' is present on page 
	at com.kms.katalon.core.webui.keyword.internal.WebUIKeywordMain.stepFailed(WebUIKeywordMain.groovy:64)
	at com.kms.katalon.core.webui.keyword.builtin.VerifyTextNotPresentKeyword$_verifyTextNotPresent_closure1.doCall(VerifyTextNotPresentKeyword.groovy:77)
	at com.kms.katalon.core.webui.keyword.builtin.VerifyTextNotPresentKeyword$_verifyTextNotPresent_closure1.call(VerifyTextNotPresentKeyword.groovy)
	at com.kms.katalon.core.webui.keyword.internal.WebUIKeywordMain.runKeyword(WebUIKeywordMain.groovy:20)
	at com.kms.katalon.core.webui.keyword.builtin.VerifyTextNotPresentKeyword.verifyTextNotPresent(VerifyTextNotPresentKeyword.groovy:82)
	at com.kms.katalon.core.webui.keyword.builtin.VerifyTextNotPresentKeyword.execute(VerifyTextNotPresentKeyword.groovy:68)
	at com.kms.katalon.core.keyword.internal.KeywordExecutor.executeKeywordForPlatform(KeywordExecutor.groovy:74)
	at com.kms.katalon.core.webui.keyword.WebUiBuiltInKeywords.verifyTextNotPresent(WebUiBuiltInKeywords.groovy:1795)
	at Факторный анализ отображение данных все филиалы.Test(Факторный анализ отображение данных все филиалы:789)
	at Факторный анализ отображение данных все филиалы.Change(Факторный анализ отображение данных все филиалы:775)
	at Факторный анализ отображение данных все филиалы.run(Факторный анализ отображение данных все филиалы:426)
	at com.kms.katalon.core.main.ScriptEngine.run(ScriptEngine.java:194)
	at com.kms.katalon.core.main.ScriptEngine.runScriptAsRawText(ScriptEngine.java:119)
	at com.kms.katalon.core.main.TestCaseExecutor.runScript(TestCaseExecutor.java:448)
	at com.kms.katalon.core.main.TestCaseExecutor.doExecute(TestCaseExecutor.java:439)
	at com.kms.katalon.core.main.TestCaseExecutor.processExecutionPhase(TestCaseExecutor.java:418)
	at com.kms.katalon.core.main.TestCaseExecutor.accessMainPhase(TestCaseExecutor.java:410)
	at com.kms.katalon.core.main.TestCaseExecutor.execute(TestCaseExecutor.java:285)
	at com.kms.katalon.core.common.CommonExecutor.accessTestCaseMainPhase(CommonExecutor.java:65)
	at com.kms.katalon.core.main.TestSuiteExecutor.accessTestSuiteMainPhase(TestSuiteExecutor.java:150)
	at com.kms.katalon.core.main.TestSuiteExecutor.execute(TestSuiteExecutor.java:106)
	at com.kms.katalon.core.main.TestCaseMain.startTestSuite(TestCaseMain.java:180)
	at TempTestSuite1741649958618.run(TempTestSuite1741649958618.groovy:35)
	at java.base/jdk.internal.reflect.NativeMethodAccessorImpl.invoke0(Native Method)
	at java.base/jdk.internal.reflect.NativeMethodAccessorImpl.invoke(NativeMethodAccessorImpl.java:77)
	at java.base/jdk.internal.reflect.DelegatingMethodAccessorImpl.invoke(DelegatingMethodAccessorImpl.java:43)
)

11-03-2025T04:25:29 - [TEST_STEP][PASSED] - else: null

11-03-2025T04:25:29 - [TEST_STEP][PASSED] - Script1687405718449.WriteToExcel(todaysDate, typeOfData): null

11-03-2025T04:25:29 - [TEST_STEP][PASSED] - sheetName = "Sheet1": null

11-03-2025T04:25:29 - [TEST_STEP][PASSED] - data = findTestData("PlanFact"): null

11-03-2025T04:25:29 - [TEST_STEP][PASSED] - n = data.getRowNumbers() + 1: null

11-03-2025T04:25:29 - [TEST_STEP][PASSED] - dZO = getText(findTestObject("Факторный анализ/Фильтр ДЗО")): Text of object 'Object Repository/Факторный анализ/Фильтр ДЗО' is: 'ПАО Россети - РаспредКомплекс - Россети Сибирь (ГК) - Алтайэнерго'

11-03-2025T04:25:29 - [MESSAGE][PASSED] - Text of object 'Object Repository/Факторный анализ/Фильтр ДЗО' is: 'ПАО Россети - РаспредКомплекс - Россети Сибирь (ГК) - Алтайэнерго'

11-03-2025T04:25:29 - [TEST_STEP][PASSED] - period = getText(findTestObject("Факторный анализ/Фильтр Период")): Text of object 'Object Repository/Факторный анализ/Фильтр Период' is: 'Январь 2025 года'

11-03-2025T04:25:29 - [MESSAGE][PASSED] - Text of object 'Object Repository/Факторный анализ/Фильтр Период' is: 'Январь 2025 года'

11-03-2025T04:25:29 - [TEST_STEP][PASSED] - println(period): null

11-03-2025T04:25:29 - [TEST_STEP][PASSED] - dashboardName = "Факторный анализ": null

11-03-2025T04:25:29 - [TEST_STEP][PASSED] - workbook01 = getWorkbook(excelFilePath): null

11-03-2025T04:25:29 - [TEST_STEP][PASSED] - sheet01 = getExcelSheet(workbook01, sheetName): null

11-03-2025T04:25:29 - [TEST_STEP][PASSED] - setValueToCellByIndex(sheet01, n, 0, dashboardName): null

11-03-2025T04:25:29 - [TEST_STEP][PASSED] - setValueToCellByIndex(sheet01, n, 1, dZO): null

11-03-2025T04:25:29 - [TEST_STEP][PASSED] - setValueToCellByIndex(sheet01, n, 2, period): null

11-03-2025T04:25:29 - [TEST_STEP][PASSED] - setValueToCellByIndex(sheet01, n, 3, typeOfData): null

11-03-2025T04:25:29 - [TEST_STEP][PASSED] - setValueToCellByIndex(sheet01, n, 4, todaysDate): null

11-03-2025T04:25:29 - [TEST_STEP][PASSED] - n = n + 1: null

11-03-2025T04:25:29 - [TEST_STEP][PASSED] - saveWorkbook(excelFilePath, workbook01): null

11-03-2025T04:25:30 - [TEST_STEP][PASSED] - click(findTestObject("Факторный анализ/Переключить отображение с месяца на филиал")): Object: 'Object Repository/Факторный анализ/Переключить отображение с месяца на филиал' is clicked on

11-03-2025T04:25:30 - [MESSAGE][PASSED] - Object: 'Object Repository/Факторный анализ/Переключить отображение с месяца на филиал' is clicked on

11-03-2025T04:25:30 - [TEST_STEP][PASSED] - click(findTestObject("Факторный анализ/Фильтр ДЗО")): Object: 'Object Repository/Факторный анализ/Фильтр ДЗО' is clicked on

11-03-2025T04:25:30 - [MESSAGE][PASSED] - Object: 'Object Repository/Факторный анализ/Фильтр ДЗО' is clicked on

11-03-2025T04:25:30 - [TEST_STEP][PASSED] - click(findTestObject("Факторный анализ/Снять выделение в фильтре ДЗО")): Object: 'Object Repository/Факторный анализ/Снять выделение в фильтре ДЗО' is clicked on

11-03-2025T04:25:31 - [MESSAGE][PASSED] - Object: 'Object Repository/Факторный анализ/Снять выделение в фильтре ДЗО' is clicked on

11-03-2025T04:25:31 - [TEST_STEP][PASSED] - scrollToElement(findTestObject("Общие объекты/Бурятэнерго"), 30): Scroll to object 'Object Repository/Общие объекты/Бурятэнерго' successfully

11-03-2025T04:25:31 - [MESSAGE][PASSED] - Scroll to object 'Object Repository/Общие объекты/Бурятэнерго' successfully

11-03-2025T04:25:31 - [TEST_STEP][PASSED] - click(findTestObject("Общие объекты/Бурятэнерго")): Object: 'Object Repository/Общие объекты/Бурятэнерго' is clicked on

11-03-2025T04:25:31 - [MESSAGE][PASSED] - Object: 'Object Repository/Общие объекты/Бурятэнерго' is clicked on

11-03-2025T04:25:31 - [TEST_STEP][PASSED] - Script1687405718449.Change(todaysDate, typeOfData): null

11-03-2025T04:25:31 - [TEST_STEP][PASSED] - scrollToElement(findTestObject("Факторный анализ/Заголовок дашборда"), 30): Scroll to object 'Object Repository/Факторный анализ/Заголовок дашборда' successfully

11-03-2025T04:25:32 - [MESSAGE][PASSED] - Scroll to object 'Object Repository/Факторный анализ/Заголовок дашборда' successfully

11-03-2025T04:25:32 - [TEST_STEP][PASSED] - click(findTestObject("Факторный анализ/Применить в фильтре ДЗО")): Object: 'Object Repository/Факторный анализ/Применить в фильтре ДЗО' is clicked on

11-03-2025T04:25:32 - [MESSAGE][PASSED] - Object: 'Object Repository/Факторный анализ/Применить в фильтре ДЗО' is clicked on

11-03-2025T04:25:32 - [TEST_STEP][PASSED] - typeOfData = "Филиал": null

11-03-2025T04:25:32 - [TEST_STEP][PASSED] - Script1687405718449.Test(todaysDate, typeOfData): null

11-03-2025T04:25:32 - [TEST_STEP][PASSED] - delay(10): Delayed 10 second(s)

11-03-2025T04:25:42 - [MESSAGE][PASSED] - Delayed 10 second(s)

11-03-2025T04:25:42 - [TEST_STEP][PASSED] - if (verifyTextNotPresent("нет данных", false) == true): null

11-03-2025T04:25:43 - [MESSAGE][PASSED] - Text 'нет данных' is not present on page

11-03-2025T04:25:43 - [TEST_STEP][PASSED] - if (verifyTextNotPresent("Ошибка запроса данных", false) == true): null

11-03-2025T04:25:43 - [MESSAGE][PASSED] - Text 'Ошибка запроса данных' is not present on page

11-03-2025T04:25:43 - [TEST_STEP][PASSED] - if (verifyTextNotPresent("Произошла ошибка при выполнении пользовательского кода", false) == true): null

11-03-2025T04:25:44 - [MESSAGE][PASSED] - Text 'Произошла ошибка при выполнении пользовательского кода' is not present on page

11-03-2025T04:25:44 - [TEST_STEP][PASSED] - if (verifyTextNotPresent("У виджета нет данных", false) == true): null

11-03-2025T04:25:44 - [MESSAGE][PASSED] - Text 'У виджета нет данных' is not present on page

11-03-2025T04:25:44 - [TEST_STEP][PASSED] - if (verifyTextNotPresent("У виджета нет данных", false) == true): Text 'У виджета нет данных' is not present on page

11-03-2025T04:25:45 - [MESSAGE][PASSED] - Text 'У виджета нет данных' is not present on page

11-03-2025T04:25:45 - [TEST_STEP][PASSED] - click(findTestObject("Факторный анализ/Переключить отображение с филиала на месяц")): Object: 'Object Repository/Факторный анализ/Переключить отображение с филиала на месяц' is clicked on

11-03-2025T04:25:45 - [MESSAGE][PASSED] - Object: 'Object Repository/Факторный анализ/Переключить отображение с филиала на месяц' is clicked on

11-03-2025T04:25:45 - [TEST_STEP][PASSED] - typeOfData = "Месяц": null

11-03-2025T04:25:45 - [TEST_STEP][PASSED] - Script1687405718449.Test(todaysDate, typeOfData): null

11-03-2025T04:25:45 - [TEST_STEP][PASSED] - delay(10): Delayed 10 second(s)

11-03-2025T04:25:55 - [MESSAGE][PASSED] - Delayed 10 second(s)

11-03-2025T04:25:55 - [TEST_STEP][FAILED] - if (verifyTextNotPresent("нет данных", false) == true): Text 'нет данных' is present on page  (Root cause: com.kms.katalon.core.exception.StepFailedException: Text 'нет данных' is present on page 
	at com.kms.katalon.core.webui.keyword.internal.WebUIKeywordMain.stepFailed(WebUIKeywordMain.groovy:64)
	at com.kms.katalon.core.webui.keyword.builtin.VerifyTextNotPresentKeyword$_verifyTextNotPresent_closure1.doCall(VerifyTextNotPresentKeyword.groovy:77)
	at com.kms.katalon.core.webui.keyword.builtin.VerifyTextNotPresentKeyword$_verifyTextNotPresent_closure1.call(VerifyTextNotPresentKeyword.groovy)
	at com.kms.katalon.core.webui.keyword.internal.WebUIKeywordMain.runKeyword(WebUIKeywordMain.groovy:20)
	at com.kms.katalon.core.webui.keyword.builtin.VerifyTextNotPresentKeyword.verifyTextNotPresent(VerifyTextNotPresentKeyword.groovy:82)
	at com.kms.katalon.core.webui.keyword.builtin.VerifyTextNotPresentKeyword.execute(VerifyTextNotPresentKeyword.groovy:68)
	at com.kms.katalon.core.keyword.internal.KeywordExecutor.executeKeywordForPlatform(KeywordExecutor.groovy:74)
	at com.kms.katalon.core.webui.keyword.WebUiBuiltInKeywords.verifyTextNotPresent(WebUiBuiltInKeywords.groovy:1795)
	at Факторный анализ отображение данных все филиалы.Test(Факторный анализ отображение данных все филиалы:789)
	at Факторный анализ отображение данных все филиалы.Change(Факторный анализ отображение данных все филиалы:775)
	at Факторный анализ отображение данных все филиалы.run(Факторный анализ отображение данных все филиалы:432)
	at com.kms.katalon.core.main.ScriptEngine.run(ScriptEngine.java:194)
	at com.kms.katalon.core.main.ScriptEngine.runScriptAsRawText(ScriptEngine.java:119)
	at com.kms.katalon.core.main.TestCaseExecutor.runScript(TestCaseExecutor.java:448)
	at com.kms.katalon.core.main.TestCaseExecutor.doExecute(TestCaseExecutor.java:439)
	at com.kms.katalon.core.main.TestCaseExecutor.processExecutionPhase(TestCaseExecutor.java:418)
	at com.kms.katalon.core.main.TestCaseExecutor.accessMainPhase(TestCaseExecutor.java:410)
	at com.kms.katalon.core.main.TestCaseExecutor.execute(TestCaseExecutor.java:285)
	at com.kms.katalon.core.common.CommonExecutor.accessTestCaseMainPhase(CommonExecutor.java:65)
	at com.kms.katalon.core.main.TestSuiteExecutor.accessTestSuiteMainPhase(TestSuiteExecutor.java:150)
	at com.kms.katalon.core.main.TestSuiteExecutor.execute(TestSuiteExecutor.java:106)
	at com.kms.katalon.core.main.TestCaseMain.startTestSuite(TestCaseMain.java:180)
	at TempTestSuite1741649958618.run(TempTestSuite1741649958618.groovy:35)
	at java.base/jdk.internal.reflect.NativeMethodAccessorImpl.invoke0(Native Method)
	at java.base/jdk.internal.reflect.NativeMethodAccessorImpl.invoke(NativeMethodAccessorImpl.java:77)
	at java.base/jdk.internal.reflect.DelegatingMethodAccessorImpl.invoke(DelegatingMethodAccessorImpl.java:43)
)

11-03-2025T04:25:55 - [MESSAGE][FAILED] - Text 'нет данных' is present on page  (Root cause: com.kms.katalon.core.exception.StepFailedException: Text 'нет данных' is present on page 
	at com.kms.katalon.core.webui.keyword.internal.WebUIKeywordMain.stepFailed(WebUIKeywordMain.groovy:64)
	at com.kms.katalon.core.webui.keyword.builtin.VerifyTextNotPresentKeyword$_verifyTextNotPresent_closure1.doCall(VerifyTextNotPresentKeyword.groovy:77)
	at com.kms.katalon.core.webui.keyword.builtin.VerifyTextNotPresentKeyword$_verifyTextNotPresent_closure1.call(VerifyTextNotPresentKeyword.groovy)
	at com.kms.katalon.core.webui.keyword.internal.WebUIKeywordMain.runKeyword(WebUIKeywordMain.groovy:20)
	at com.kms.katalon.core.webui.keyword.builtin.VerifyTextNotPresentKeyword.verifyTextNotPresent(VerifyTextNotPresentKeyword.groovy:82)
	at com.kms.katalon.core.webui.keyword.builtin.VerifyTextNotPresentKeyword.execute(VerifyTextNotPresentKeyword.groovy:68)
	at com.kms.katalon.core.keyword.internal.KeywordExecutor.executeKeywordForPlatform(KeywordExecutor.groovy:74)
	at com.kms.katalon.core.webui.keyword.WebUiBuiltInKeywords.verifyTextNotPresent(WebUiBuiltInKeywords.groovy:1795)
	at Факторный анализ отображение данных все филиалы.Test(Факторный анализ отображение данных все филиалы:789)
	at Факторный анализ отображение данных все филиалы.Change(Факторный анализ отображение данных все филиалы:775)
	at Факторный анализ отображение данных все филиалы.run(Факторный анализ отображение данных все филиалы:432)
	at com.kms.katalon.core.main.ScriptEngine.run(ScriptEngine.java:194)
	at com.kms.katalon.core.main.ScriptEngine.runScriptAsRawText(ScriptEngine.java:119)
	at com.kms.katalon.core.main.TestCaseExecutor.runScript(TestCaseExecutor.java:448)
	at com.kms.katalon.core.main.TestCaseExecutor.doExecute(TestCaseExecutor.java:439)
	at com.kms.katalon.core.main.TestCaseExecutor.processExecutionPhase(TestCaseExecutor.java:418)
	at com.kms.katalon.core.main.TestCaseExecutor.accessMainPhase(TestCaseExecutor.java:410)
	at com.kms.katalon.core.main.TestCaseExecutor.execute(TestCaseExecutor.java:285)
	at com.kms.katalon.core.common.CommonExecutor.accessTestCaseMainPhase(CommonExecutor.java:65)
	at com.kms.katalon.core.main.TestSuiteExecutor.accessTestSuiteMainPhase(TestSuiteExecutor.java:150)
	at com.kms.katalon.core.main.TestSuiteExecutor.execute(TestSuiteExecutor.java:106)
	at com.kms.katalon.core.main.TestCaseMain.startTestSuite(TestCaseMain.java:180)
	at TempTestSuite1741649958618.run(TempTestSuite1741649958618.groovy:35)
	at java.base/jdk.internal.reflect.NativeMethodAccessorImpl.invoke0(Native Method)
	at java.base/jdk.internal.reflect.NativeMethodAccessorImpl.invoke(NativeMethodAccessorImpl.java:77)
	at java.base/jdk.internal.reflect.DelegatingMethodAccessorImpl.invoke(DelegatingMethodAccessorImpl.java:43)
)

11-03-2025T04:25:55 - [TEST_STEP][PASSED] - else: null

11-03-2025T04:25:55 - [TEST_STEP][PASSED] - Script1687405718449.WriteToExcel(todaysDate, typeOfData): null

11-03-2025T04:25:55 - [TEST_STEP][PASSED] - sheetName = "Sheet1": null

11-03-2025T04:25:55 - [TEST_STEP][PASSED] - data = findTestData("PlanFact"): null

11-03-2025T04:25:55 - [TEST_STEP][PASSED] - n = data.getRowNumbers() + 1: null

11-03-2025T04:25:55 - [TEST_STEP][PASSED] - dZO = getText(findTestObject("Факторный анализ/Фильтр ДЗО")): Text of object 'Object Repository/Факторный анализ/Фильтр ДЗО' is: 'ПАО Россети - РаспредКомплекс - Россети Сибирь (ГК) - Бурятэнерго'

11-03-2025T04:25:56 - [MESSAGE][PASSED] - Text of object 'Object Repository/Факторный анализ/Фильтр ДЗО' is: 'ПАО Россети - РаспредКомплекс - Россети Сибирь (ГК) - Бурятэнерго'

11-03-2025T04:25:56 - [TEST_STEP][PASSED] - period = getText(findTestObject("Факторный анализ/Фильтр Период")): Text of object 'Object Repository/Факторный анализ/Фильтр Период' is: 'Январь 2025 года'

11-03-2025T04:25:56 - [MESSAGE][PASSED] - Text of object 'Object Repository/Факторный анализ/Фильтр Период' is: 'Январь 2025 года'

11-03-2025T04:25:56 - [TEST_STEP][PASSED] - println(period): null

11-03-2025T04:25:56 - [TEST_STEP][PASSED] - dashboardName = "Факторный анализ": null

11-03-2025T04:25:56 - [TEST_STEP][PASSED] - workbook01 = getWorkbook(excelFilePath): null

11-03-2025T04:25:56 - [TEST_STEP][PASSED] - sheet01 = getExcelSheet(workbook01, sheetName): null

11-03-2025T04:25:56 - [TEST_STEP][PASSED] - setValueToCellByIndex(sheet01, n, 0, dashboardName): null

11-03-2025T04:25:56 - [TEST_STEP][PASSED] - setValueToCellByIndex(sheet01, n, 1, dZO): null

11-03-2025T04:25:56 - [TEST_STEP][PASSED] - setValueToCellByIndex(sheet01, n, 2, period): null

11-03-2025T04:25:56 - [TEST_STEP][PASSED] - setValueToCellByIndex(sheet01, n, 3, typeOfData): null

11-03-2025T04:25:56 - [TEST_STEP][PASSED] - setValueToCellByIndex(sheet01, n, 4, todaysDate): null

11-03-2025T04:25:56 - [TEST_STEP][PASSED] - n = n + 1: null

11-03-2025T04:25:56 - [TEST_STEP][PASSED] - saveWorkbook(excelFilePath, workbook01): null

11-03-2025T04:25:56 - [TEST_STEP][PASSED] - click(findTestObject("Факторный анализ/Переключить отображение с месяца на филиал")): Object: 'Object Repository/Факторный анализ/Переключить отображение с месяца на филиал' is clicked on

11-03-2025T04:25:57 - [MESSAGE][PASSED] - Object: 'Object Repository/Факторный анализ/Переключить отображение с месяца на филиал' is clicked on

11-03-2025T04:25:57 - [TEST_STEP][PASSED] - click(findTestObject("Факторный анализ/Фильтр ДЗО")): Object: 'Object Repository/Факторный анализ/Фильтр ДЗО' is clicked on

11-03-2025T04:25:57 - [MESSAGE][PASSED] - Object: 'Object Repository/Факторный анализ/Фильтр ДЗО' is clicked on

11-03-2025T04:25:57 - [TEST_STEP][PASSED] - click(findTestObject("Факторный анализ/Снять выделение в фильтре ДЗО")): Object: 'Object Repository/Факторный анализ/Снять выделение в фильтре ДЗО' is clicked on

11-03-2025T04:25:57 - [MESSAGE][PASSED] - Object: 'Object Repository/Факторный анализ/Снять выделение в фильтре ДЗО' is clicked on

11-03-2025T04:25:57 - [TEST_STEP][PASSED] - scrollToElement(findTestObject("Общие объекты/ГАЭС"), 30): Scroll to object 'Object Repository/Общие объекты/ГАЭС' successfully

11-03-2025T04:25:58 - [MESSAGE][PASSED] - Scroll to object 'Object Repository/Общие объекты/ГАЭС' successfully

11-03-2025T04:25:58 - [TEST_STEP][PASSED] - click(findTestObject("Общие объекты/ГАЭС")): Object: 'Object Repository/Общие объекты/ГАЭС' is clicked on

11-03-2025T04:25:58 - [MESSAGE][PASSED] - Object: 'Object Repository/Общие объекты/ГАЭС' is clicked on

11-03-2025T04:25:58 - [TEST_STEP][PASSED] - Script1687405718449.Change(todaysDate, typeOfData): null

11-03-2025T04:25:58 - [TEST_STEP][PASSED] - scrollToElement(findTestObject("Факторный анализ/Заголовок дашборда"), 30): Scroll to object 'Object Repository/Факторный анализ/Заголовок дашборда' successfully

11-03-2025T04:25:58 - [MESSAGE][PASSED] - Scroll to object 'Object Repository/Факторный анализ/Заголовок дашборда' successfully

11-03-2025T04:25:58 - [TEST_STEP][PASSED] - click(findTestObject("Факторный анализ/Применить в фильтре ДЗО")): Object: 'Object Repository/Факторный анализ/Применить в фильтре ДЗО' is clicked on

11-03-2025T04:25:59 - [MESSAGE][PASSED] - Object: 'Object Repository/Факторный анализ/Применить в фильтре ДЗО' is clicked on

11-03-2025T04:25:59 - [TEST_STEP][PASSED] - typeOfData = "Филиал": null

11-03-2025T04:25:59 - [TEST_STEP][PASSED] - Script1687405718449.Test(todaysDate, typeOfData): null

11-03-2025T04:25:59 - [TEST_STEP][PASSED] - delay(10): Delayed 10 second(s)

11-03-2025T04:26:09 - [MESSAGE][PASSED] - Delayed 10 second(s)

11-03-2025T04:26:09 - [TEST_STEP][PASSED] - if (verifyTextNotPresent("нет данных", false) == true): null

11-03-2025T04:26:09 - [MESSAGE][PASSED] - Text 'нет данных' is not present on page

11-03-2025T04:26:09 - [TEST_STEP][PASSED] - if (verifyTextNotPresent("Ошибка запроса данных", false) == true): null

11-03-2025T04:26:10 - [MESSAGE][PASSED] - Text 'Ошибка запроса данных' is not present on page

11-03-2025T04:26:10 - [TEST_STEP][PASSED] - if (verifyTextNotPresent("Произошла ошибка при выполнении пользовательского кода", false) == true): null

11-03-2025T04:26:10 - [MESSAGE][PASSED] - Text 'Произошла ошибка при выполнении пользовательского кода' is not present on page

11-03-2025T04:26:10 - [TEST_STEP][PASSED] - if (verifyTextNotPresent("У виджета нет данных", false) == true): null

11-03-2025T04:26:11 - [MESSAGE][PASSED] - Text 'У виджета нет данных' is not present on page

11-03-2025T04:26:11 - [TEST_STEP][PASSED] - if (verifyTextNotPresent("У виджета нет данных", false) == true): Text 'У виджета нет данных' is not present on page

11-03-2025T04:26:11 - [MESSAGE][PASSED] - Text 'У виджета нет данных' is not present on page

11-03-2025T04:26:11 - [TEST_STEP][PASSED] - click(findTestObject("Факторный анализ/Переключить отображение с филиала на месяц")): Object: 'Object Repository/Факторный анализ/Переключить отображение с филиала на месяц' is clicked on

11-03-2025T04:26:11 - [MESSAGE][PASSED] - Object: 'Object Repository/Факторный анализ/Переключить отображение с филиала на месяц' is clicked on

11-03-2025T04:26:11 - [TEST_STEP][PASSED] - typeOfData = "Месяц": null

11-03-2025T04:26:11 - [TEST_STEP][PASSED] - Script1687405718449.Test(todaysDate, typeOfData): null

11-03-2025T04:26:11 - [TEST_STEP][PASSED] - delay(10): Delayed 10 second(s)

11-03-2025T04:26:21 - [MESSAGE][PASSED] - Delayed 10 second(s)

11-03-2025T04:26:21 - [TEST_STEP][FAILED] - if (verifyTextNotPresent("нет данных", false) == true): Text 'нет данных' is present on page  (Root cause: com.kms.katalon.core.exception.StepFailedException: Text 'нет данных' is present on page 
	at com.kms.katalon.core.webui.keyword.internal.WebUIKeywordMain.stepFailed(WebUIKeywordMain.groovy:64)
	at com.kms.katalon.core.webui.keyword.builtin.VerifyTextNotPresentKeyword$_verifyTextNotPresent_closure1.doCall(VerifyTextNotPresentKeyword.groovy:77)
	at com.kms.katalon.core.webui.keyword.builtin.VerifyTextNotPresentKeyword$_verifyTextNotPresent_closure1.call(VerifyTextNotPresentKeyword.groovy)
	at com.kms.katalon.core.webui.keyword.internal.WebUIKeywordMain.runKeyword(WebUIKeywordMain.groovy:20)
	at com.kms.katalon.core.webui.keyword.builtin.VerifyTextNotPresentKeyword.verifyTextNotPresent(VerifyTextNotPresentKeyword.groovy:82)
	at com.kms.katalon.core.webui.keyword.builtin.VerifyTextNotPresentKeyword.execute(VerifyTextNotPresentKeyword.groovy:68)
	at com.kms.katalon.core.keyword.internal.KeywordExecutor.executeKeywordForPlatform(KeywordExecutor.groovy:74)
	at com.kms.katalon.core.webui.keyword.WebUiBuiltInKeywords.verifyTextNotPresent(WebUiBuiltInKeywords.groovy:1795)
	at Факторный анализ отображение данных все филиалы.Test(Факторный анализ отображение данных все филиалы:789)
	at Факторный анализ отображение данных все филиалы.Change(Факторный анализ отображение данных все филиалы:775)
	at Факторный анализ отображение данных все филиалы.run(Факторный анализ отображение данных все филиалы:438)
	at com.kms.katalon.core.main.ScriptEngine.run(ScriptEngine.java:194)
	at com.kms.katalon.core.main.ScriptEngine.runScriptAsRawText(ScriptEngine.java:119)
	at com.kms.katalon.core.main.TestCaseExecutor.runScript(TestCaseExecutor.java:448)
	at com.kms.katalon.core.main.TestCaseExecutor.doExecute(TestCaseExecutor.java:439)
	at com.kms.katalon.core.main.TestCaseExecutor.processExecutionPhase(TestCaseExecutor.java:418)
	at com.kms.katalon.core.main.TestCaseExecutor.accessMainPhase(TestCaseExecutor.java:410)
	at com.kms.katalon.core.main.TestCaseExecutor.execute(TestCaseExecutor.java:285)
	at com.kms.katalon.core.common.CommonExecutor.accessTestCaseMainPhase(CommonExecutor.java:65)
	at com.kms.katalon.core.main.TestSuiteExecutor.accessTestSuiteMainPhase(TestSuiteExecutor.java:150)
	at com.kms.katalon.core.main.TestSuiteExecutor.execute(TestSuiteExecutor.java:106)
	at com.kms.katalon.core.main.TestCaseMain.startTestSuite(TestCaseMain.java:180)
	at TempTestSuite1741649958618.run(TempTestSuite1741649958618.groovy:35)
	at java.base/jdk.internal.reflect.NativeMethodAccessorImpl.invoke0(Native Method)
	at java.base/jdk.internal.reflect.NativeMethodAccessorImpl.invoke(NativeMethodAccessorImpl.java:77)
	at java.base/jdk.internal.reflect.DelegatingMethodAccessorImpl.invoke(DelegatingMethodAccessorImpl.java:43)
)

11-03-2025T04:26:22 - [MESSAGE][FAILED] - Text 'нет данных' is present on page  (Root cause: com.kms.katalon.core.exception.StepFailedException: Text 'нет данных' is present on page 
	at com.kms.katalon.core.webui.keyword.internal.WebUIKeywordMain.stepFailed(WebUIKeywordMain.groovy:64)
	at com.kms.katalon.core.webui.keyword.builtin.VerifyTextNotPresentKeyword$_verifyTextNotPresent_closure1.doCall(VerifyTextNotPresentKeyword.groovy:77)
	at com.kms.katalon.core.webui.keyword.builtin.VerifyTextNotPresentKeyword$_verifyTextNotPresent_closure1.call(VerifyTextNotPresentKeyword.groovy)
	at com.kms.katalon.core.webui.keyword.internal.WebUIKeywordMain.runKeyword(WebUIKeywordMain.groovy:20)
	at com.kms.katalon.core.webui.keyword.builtin.VerifyTextNotPresentKeyword.verifyTextNotPresent(VerifyTextNotPresentKeyword.groovy:82)
	at com.kms.katalon.core.webui.keyword.builtin.VerifyTextNotPresentKeyword.execute(VerifyTextNotPresentKeyword.groovy:68)
	at com.kms.katalon.core.keyword.internal.KeywordExecutor.executeKeywordForPlatform(KeywordExecutor.groovy:74)
	at com.kms.katalon.core.webui.keyword.WebUiBuiltInKeywords.verifyTextNotPresent(WebUiBuiltInKeywords.groovy:1795)
	at Факторный анализ отображение данных все филиалы.Test(Факторный анализ отображение данных все филиалы:789)
	at Факторный анализ отображение данных все филиалы.Change(Факторный анализ отображение данных все филиалы:775)
	at Факторный анализ отображение данных все филиалы.run(Факторный анализ отображение данных все филиалы:438)
	at com.kms.katalon.core.main.ScriptEngine.run(ScriptEngine.java:194)
	at com.kms.katalon.core.main.ScriptEngine.runScriptAsRawText(ScriptEngine.java:119)
	at com.kms.katalon.core.main.TestCaseExecutor.runScript(TestCaseExecutor.java:448)
	at com.kms.katalon.core.main.TestCaseExecutor.doExecute(TestCaseExecutor.java:439)
	at com.kms.katalon.core.main.TestCaseExecutor.processExecutionPhase(TestCaseExecutor.java:418)
	at com.kms.katalon.core.main.TestCaseExecutor.accessMainPhase(TestCaseExecutor.java:410)
	at com.kms.katalon.core.main.TestCaseExecutor.execute(TestCaseExecutor.java:285)
	at com.kms.katalon.core.common.CommonExecutor.accessTestCaseMainPhase(CommonExecutor.java:65)
	at com.kms.katalon.core.main.TestSuiteExecutor.accessTestSuiteMainPhase(TestSuiteExecutor.java:150)
	at com.kms.katalon.core.main.TestSuiteExecutor.execute(TestSuiteExecutor.java:106)
	at com.kms.katalon.core.main.TestCaseMain.startTestSuite(TestCaseMain.java:180)
	at TempTestSuite1741649958618.run(TempTestSuite1741649958618.groovy:35)
	at java.base/jdk.internal.reflect.NativeMethodAccessorImpl.invoke0(Native Method)
	at java.base/jdk.internal.reflect.NativeMethodAccessorImpl.invoke(NativeMethodAccessorImpl.java:77)
	at java.base/jdk.internal.reflect.DelegatingMethodAccessorImpl.invoke(DelegatingMethodAccessorImpl.java:43)
)

11-03-2025T04:26:22 - [TEST_STEP][PASSED] - else: null

11-03-2025T04:26:22 - [TEST_STEP][PASSED] - Script1687405718449.WriteToExcel(todaysDate, typeOfData): null

11-03-2025T04:26:22 - [TEST_STEP][PASSED] - sheetName = "Sheet1": null

11-03-2025T04:26:22 - [TEST_STEP][PASSED] - data = findTestData("PlanFact"): null

11-03-2025T04:26:22 - [TEST_STEP][PASSED] - n = data.getRowNumbers() + 1: null

11-03-2025T04:26:22 - [TEST_STEP][PASSED] - dZO = getText(findTestObject("Факторный анализ/Фильтр ДЗО")): Text of object 'Object Repository/Факторный анализ/Фильтр ДЗО' is: 'ПАО Россети - РаспредКомплекс - Россети Сибирь (ГК) - ГАЭС'

11-03-2025T04:26:22 - [MESSAGE][PASSED] - Text of object 'Object Repository/Факторный анализ/Фильтр ДЗО' is: 'ПАО Россети - РаспредКомплекс - Россети Сибирь (ГК) - ГАЭС'

11-03-2025T04:26:22 - [TEST_STEP][PASSED] - period = getText(findTestObject("Факторный анализ/Фильтр Период")): Text of object 'Object Repository/Факторный анализ/Фильтр Период' is: 'Январь 2025 года'

11-03-2025T04:26:22 - [MESSAGE][PASSED] - Text of object 'Object Repository/Факторный анализ/Фильтр Период' is: 'Январь 2025 года'

11-03-2025T04:26:22 - [TEST_STEP][PASSED] - println(period): null

11-03-2025T04:26:22 - [TEST_STEP][PASSED] - dashboardName = "Факторный анализ": null

11-03-2025T04:26:22 - [TEST_STEP][PASSED] - workbook01 = getWorkbook(excelFilePath): null

11-03-2025T04:26:22 - [TEST_STEP][PASSED] - sheet01 = getExcelSheet(workbook01, sheetName): null

11-03-2025T04:26:22 - [TEST_STEP][PASSED] - setValueToCellByIndex(sheet01, n, 0, dashboardName): null

11-03-2025T04:26:22 - [TEST_STEP][PASSED] - setValueToCellByIndex(sheet01, n, 1, dZO): null

11-03-2025T04:26:22 - [TEST_STEP][PASSED] - setValueToCellByIndex(sheet01, n, 2, period): null

11-03-2025T04:26:22 - [TEST_STEP][PASSED] - setValueToCellByIndex(sheet01, n, 3, typeOfData): null

11-03-2025T04:26:22 - [TEST_STEP][PASSED] - setValueToCellByIndex(sheet01, n, 4, todaysDate): null

11-03-2025T04:26:22 - [TEST_STEP][PASSED] - n = n + 1: null

11-03-2025T04:26:22 - [TEST_STEP][PASSED] - saveWorkbook(excelFilePath, workbook01): null

11-03-2025T04:26:23 - [TEST_STEP][PASSED] - click(findTestObject("Факторный анализ/Переключить отображение с месяца на филиал")): Object: 'Object Repository/Факторный анализ/Переключить отображение с месяца на филиал' is clicked on

11-03-2025T04:26:23 - [MESSAGE][PASSED] - Object: 'Object Repository/Факторный анализ/Переключить отображение с месяца на филиал' is clicked on

11-03-2025T04:26:23 - [TEST_STEP][PASSED] - click(findTestObject("Факторный анализ/Фильтр ДЗО")): Object: 'Object Repository/Факторный анализ/Фильтр ДЗО' is clicked on

11-03-2025T04:26:23 - [MESSAGE][PASSED] - Object: 'Object Repository/Факторный анализ/Фильтр ДЗО' is clicked on

11-03-2025T04:26:23 - [TEST_STEP][PASSED] - click(findTestObject("Факторный анализ/Снять выделение в фильтре ДЗО")): Object: 'Object Repository/Факторный анализ/Снять выделение в фильтре ДЗО' is clicked on

11-03-2025T04:26:24 - [MESSAGE][PASSED] - Object: 'Object Repository/Факторный анализ/Снять выделение в фильтре ДЗО' is clicked on

11-03-2025T04:26:24 - [TEST_STEP][PASSED] - scrollToElement(findTestObject("Общие объекты/Красноярскэнерго"), 30): Scroll to object 'Object Repository/Общие объекты/Красноярскэнерго' successfully

11-03-2025T04:26:24 - [MESSAGE][PASSED] - Scroll to object 'Object Repository/Общие объекты/Красноярскэнерго' successfully

11-03-2025T04:26:24 - [TEST_STEP][PASSED] - click(findTestObject("Общие объекты/Красноярскэнерго")): Object: 'Object Repository/Общие объекты/Красноярскэнерго' is clicked on

11-03-2025T04:26:24 - [MESSAGE][PASSED] - Object: 'Object Repository/Общие объекты/Красноярскэнерго' is clicked on

11-03-2025T04:26:24 - [TEST_STEP][PASSED] - Script1687405718449.Change(todaysDate, typeOfData): null

11-03-2025T04:26:24 - [TEST_STEP][PASSED] - scrollToElement(findTestObject("Факторный анализ/Заголовок дашборда"), 30): Scroll to object 'Object Repository/Факторный анализ/Заголовок дашборда' successfully

11-03-2025T04:26:25 - [MESSAGE][PASSED] - Scroll to object 'Object Repository/Факторный анализ/Заголовок дашборда' successfully

11-03-2025T04:26:25 - [TEST_STEP][PASSED] - click(findTestObject("Факторный анализ/Применить в фильтре ДЗО")): Object: 'Object Repository/Факторный анализ/Применить в фильтре ДЗО' is clicked on

11-03-2025T04:26:25 - [MESSAGE][PASSED] - Object: 'Object Repository/Факторный анализ/Применить в фильтре ДЗО' is clicked on

11-03-2025T04:26:25 - [TEST_STEP][PASSED] - typeOfData = "Филиал": null

11-03-2025T04:26:25 - [TEST_STEP][PASSED] - Script1687405718449.Test(todaysDate, typeOfData): null

11-03-2025T04:26:25 - [TEST_STEP][PASSED] - delay(10): Delayed 10 second(s)

11-03-2025T04:26:35 - [MESSAGE][PASSED] - Delayed 10 second(s)

11-03-2025T04:26:35 - [TEST_STEP][PASSED] - if (verifyTextNotPresent("нет данных", false) == true): null

11-03-2025T04:26:36 - [MESSAGE][PASSED] - Text 'нет данных' is not present on page

11-03-2025T04:26:36 - [TEST_STEP][PASSED] - if (verifyTextNotPresent("Ошибка запроса данных", false) == true): null

11-03-2025T04:26:36 - [MESSAGE][PASSED] - Text 'Ошибка запроса данных' is not present on page

11-03-2025T04:26:36 - [TEST_STEP][PASSED] - if (verifyTextNotPresent("Произошла ошибка при выполнении пользовательского кода", false) == true): null

11-03-2025T04:26:37 - [MESSAGE][PASSED] - Text 'Произошла ошибка при выполнении пользовательского кода' is not present on page

11-03-2025T04:26:37 - [TEST_STEP][PASSED] - if (verifyTextNotPresent("У виджета нет данных", false) == true): null

11-03-2025T04:26:37 - [MESSAGE][PASSED] - Text 'У виджета нет данных' is not present on page

11-03-2025T04:26:37 - [TEST_STEP][PASSED] - if (verifyTextNotPresent("У виджета нет данных", false) == true): Text 'У виджета нет данных' is not present on page

11-03-2025T04:26:38 - [MESSAGE][PASSED] - Text 'У виджета нет данных' is not present on page

11-03-2025T04:26:38 - [TEST_STEP][PASSED] - click(findTestObject("Факторный анализ/Переключить отображение с филиала на месяц")): Object: 'Object Repository/Факторный анализ/Переключить отображение с филиала на месяц' is clicked on

11-03-2025T04:26:38 - [MESSAGE][PASSED] - Object: 'Object Repository/Факторный анализ/Переключить отображение с филиала на месяц' is clicked on

11-03-2025T04:26:38 - [TEST_STEP][PASSED] - typeOfData = "Месяц": null

11-03-2025T04:26:38 - [TEST_STEP][PASSED] - Script1687405718449.Test(todaysDate, typeOfData): null

11-03-2025T04:26:38 - [TEST_STEP][PASSED] - delay(10): Delayed 10 second(s)

11-03-2025T04:26:48 - [MESSAGE][PASSED] - Delayed 10 second(s)

11-03-2025T04:26:48 - [TEST_STEP][FAILED] - if (verifyTextNotPresent("нет данных", false) == true): Text 'нет данных' is present on page  (Root cause: com.kms.katalon.core.exception.StepFailedException: Text 'нет данных' is present on page 
	at com.kms.katalon.core.webui.keyword.internal.WebUIKeywordMain.stepFailed(WebUIKeywordMain.groovy:64)
	at com.kms.katalon.core.webui.keyword.builtin.VerifyTextNotPresentKeyword$_verifyTextNotPresent_closure1.doCall(VerifyTextNotPresentKeyword.groovy:77)
	at com.kms.katalon.core.webui.keyword.builtin.VerifyTextNotPresentKeyword$_verifyTextNotPresent_closure1.call(VerifyTextNotPresentKeyword.groovy)
	at com.kms.katalon.core.webui.keyword.internal.WebUIKeywordMain.runKeyword(WebUIKeywordMain.groovy:20)
	at com.kms.katalon.core.webui.keyword.builtin.VerifyTextNotPresentKeyword.verifyTextNotPresent(VerifyTextNotPresentKeyword.groovy:82)
	at com.kms.katalon.core.webui.keyword.builtin.VerifyTextNotPresentKeyword.execute(VerifyTextNotPresentKeyword.groovy:68)
	at com.kms.katalon.core.keyword.internal.KeywordExecutor.executeKeywordForPlatform(KeywordExecutor.groovy:74)
	at com.kms.katalon.core.webui.keyword.WebUiBuiltInKeywords.verifyTextNotPresent(WebUiBuiltInKeywords.groovy:1795)
	at Факторный анализ отображение данных все филиалы.Test(Факторный анализ отображение данных все филиалы:789)
	at Факторный анализ отображение данных все филиалы.Change(Факторный анализ отображение данных все филиалы:775)
	at Факторный анализ отображение данных все филиалы.run(Факторный анализ отображение данных все филиалы:444)
	at com.kms.katalon.core.main.ScriptEngine.run(ScriptEngine.java:194)
	at com.kms.katalon.core.main.ScriptEngine.runScriptAsRawText(ScriptEngine.java:119)
	at com.kms.katalon.core.main.TestCaseExecutor.runScript(TestCaseExecutor.java:448)
	at com.kms.katalon.core.main.TestCaseExecutor.doExecute(TestCaseExecutor.java:439)
	at com.kms.katalon.core.main.TestCaseExecutor.processExecutionPhase(TestCaseExecutor.java:418)
	at com.kms.katalon.core.main.TestCaseExecutor.accessMainPhase(TestCaseExecutor.java:410)
	at com.kms.katalon.core.main.TestCaseExecutor.execute(TestCaseExecutor.java:285)
	at com.kms.katalon.core.common.CommonExecutor.accessTestCaseMainPhase(CommonExecutor.java:65)
	at com.kms.katalon.core.main.TestSuiteExecutor.accessTestSuiteMainPhase(TestSuiteExecutor.java:150)
	at com.kms.katalon.core.main.TestSuiteExecutor.execute(TestSuiteExecutor.java:106)
	at com.kms.katalon.core.main.TestCaseMain.startTestSuite(TestCaseMain.java:180)
	at TempTestSuite1741649958618.run(TempTestSuite1741649958618.groovy:35)
	at java.base/jdk.internal.reflect.NativeMethodAccessorImpl.invoke0(Native Method)
	at java.base/jdk.internal.reflect.NativeMethodAccessorImpl.invoke(NativeMethodAccessorImpl.java:77)
	at java.base/jdk.internal.reflect.DelegatingMethodAccessorImpl.invoke(DelegatingMethodAccessorImpl.java:43)
)

11-03-2025T04:26:48 - [MESSAGE][FAILED] - Text 'нет данных' is present on page  (Root cause: com.kms.katalon.core.exception.StepFailedException: Text 'нет данных' is present on page 
	at com.kms.katalon.core.webui.keyword.internal.WebUIKeywordMain.stepFailed(WebUIKeywordMain.groovy:64)
	at com.kms.katalon.core.webui.keyword.builtin.VerifyTextNotPresentKeyword$_verifyTextNotPresent_closure1.doCall(VerifyTextNotPresentKeyword.groovy:77)
	at com.kms.katalon.core.webui.keyword.builtin.VerifyTextNotPresentKeyword$_verifyTextNotPresent_closure1.call(VerifyTextNotPresentKeyword.groovy)
	at com.kms.katalon.core.webui.keyword.internal.WebUIKeywordMain.runKeyword(WebUIKeywordMain.groovy:20)
	at com.kms.katalon.core.webui.keyword.builtin.VerifyTextNotPresentKeyword.verifyTextNotPresent(VerifyTextNotPresentKeyword.groovy:82)
	at com.kms.katalon.core.webui.keyword.builtin.VerifyTextNotPresentKeyword.execute(VerifyTextNotPresentKeyword.groovy:68)
	at com.kms.katalon.core.keyword.internal.KeywordExecutor.executeKeywordForPlatform(KeywordExecutor.groovy:74)
	at com.kms.katalon.core.webui.keyword.WebUiBuiltInKeywords.verifyTextNotPresent(WebUiBuiltInKeywords.groovy:1795)
	at Факторный анализ отображение данных все филиалы.Test(Факторный анализ отображение данных все филиалы:789)
	at Факторный анализ отображение данных все филиалы.Change(Факторный анализ отображение данных все филиалы:775)
	at Факторный анализ отображение данных все филиалы.run(Факторный анализ отображение данных все филиалы:444)
	at com.kms.katalon.core.main.ScriptEngine.run(ScriptEngine.java:194)
	at com.kms.katalon.core.main.ScriptEngine.runScriptAsRawText(ScriptEngine.java:119)
	at com.kms.katalon.core.main.TestCaseExecutor.runScript(TestCaseExecutor.java:448)
	at com.kms.katalon.core.main.TestCaseExecutor.doExecute(TestCaseExecutor.java:439)
	at com.kms.katalon.core.main.TestCaseExecutor.processExecutionPhase(TestCaseExecutor.java:418)
	at com.kms.katalon.core.main.TestCaseExecutor.accessMainPhase(TestCaseExecutor.java:410)
	at com.kms.katalon.core.main.TestCaseExecutor.execute(TestCaseExecutor.java:285)
	at com.kms.katalon.core.common.CommonExecutor.accessTestCaseMainPhase(CommonExecutor.java:65)
	at com.kms.katalon.core.main.TestSuiteExecutor.accessTestSuiteMainPhase(TestSuiteExecutor.java:150)
	at com.kms.katalon.core.main.TestSuiteExecutor.execute(TestSuiteExecutor.java:106)
	at com.kms.katalon.core.main.TestCaseMain.startTestSuite(TestCaseMain.java:180)
	at TempTestSuite1741649958618.run(TempTestSuite1741649958618.groovy:35)
	at java.base/jdk.internal.reflect.NativeMethodAccessorImpl.invoke0(Native Method)
	at java.base/jdk.internal.reflect.NativeMethodAccessorImpl.invoke(NativeMethodAccessorImpl.java:77)
	at java.base/jdk.internal.reflect.DelegatingMethodAccessorImpl.invoke(DelegatingMethodAccessorImpl.java:43)
)

11-03-2025T04:26:48 - [TEST_STEP][PASSED] - else: null

11-03-2025T04:26:48 - [TEST_STEP][PASSED] - Script1687405718449.WriteToExcel(todaysDate, typeOfData): null

11-03-2025T04:26:48 - [TEST_STEP][PASSED] - sheetName = "Sheet1": null

11-03-2025T04:26:48 - [TEST_STEP][PASSED] - data = findTestData("PlanFact"): null

11-03-2025T04:26:48 - [TEST_STEP][PASSED] - n = data.getRowNumbers() + 1: null

11-03-2025T04:26:48 - [TEST_STEP][PASSED] - dZO = getText(findTestObject("Факторный анализ/Фильтр ДЗО")): Text of object 'Object Repository/Факторный анализ/Фильтр ДЗО' is: 'ПАО Россети - РаспредКомплекс - Россети Сибирь (ГК) - Красноярскэнерго'

11-03-2025T04:26:49 - [MESSAGE][PASSED] - Text of object 'Object Repository/Факторный анализ/Фильтр ДЗО' is: 'ПАО Россети - РаспредКомплекс - Россети Сибирь (ГК) - Красноярскэнерго'

11-03-2025T04:26:49 - [TEST_STEP][PASSED] - period = getText(findTestObject("Факторный анализ/Фильтр Период")): Text of object 'Object Repository/Факторный анализ/Фильтр Период' is: 'Январь 2025 года'

11-03-2025T04:26:49 - [MESSAGE][PASSED] - Text of object 'Object Repository/Факторный анализ/Фильтр Период' is: 'Январь 2025 года'

11-03-2025T04:26:49 - [TEST_STEP][PASSED] - println(period): null

11-03-2025T04:26:49 - [TEST_STEP][PASSED] - dashboardName = "Факторный анализ": null

11-03-2025T04:26:49 - [TEST_STEP][PASSED] - workbook01 = getWorkbook(excelFilePath): null

11-03-2025T04:26:49 - [TEST_STEP][PASSED] - sheet01 = getExcelSheet(workbook01, sheetName): null

11-03-2025T04:26:49 - [TEST_STEP][PASSED] - setValueToCellByIndex(sheet01, n, 0, dashboardName): null

11-03-2025T04:26:49 - [TEST_STEP][PASSED] - setValueToCellByIndex(sheet01, n, 1, dZO): null

11-03-2025T04:26:49 - [TEST_STEP][PASSED] - setValueToCellByIndex(sheet01, n, 2, period): null

11-03-2025T04:26:49 - [TEST_STEP][PASSED] - setValueToCellByIndex(sheet01, n, 3, typeOfData): null

11-03-2025T04:26:49 - [TEST_STEP][PASSED] - setValueToCellByIndex(sheet01, n, 4, todaysDate): null

11-03-2025T04:26:49 - [TEST_STEP][PASSED] - n = n + 1: null

11-03-2025T04:26:49 - [TEST_STEP][PASSED] - saveWorkbook(excelFilePath, workbook01): null

11-03-2025T04:26:49 - [TEST_STEP][PASSED] - click(findTestObject("Факторный анализ/Переключить отображение с месяца на филиал")): Object: 'Object Repository/Факторный анализ/Переключить отображение с месяца на филиал' is clicked on

11-03-2025T04:26:49 - [MESSAGE][PASSED] - Object: 'Object Repository/Факторный анализ/Переключить отображение с месяца на филиал' is clicked on

11-03-2025T04:26:49 - [TEST_STEP][PASSED] - click(findTestObject("Факторный анализ/Фильтр ДЗО")): Object: 'Object Repository/Факторный анализ/Фильтр ДЗО' is clicked on

11-03-2025T04:26:50 - [MESSAGE][PASSED] - Object: 'Object Repository/Факторный анализ/Фильтр ДЗО' is clicked on

11-03-2025T04:26:50 - [TEST_STEP][PASSED] - click(findTestObject("Факторный анализ/Снять выделение в фильтре ДЗО")): Object: 'Object Repository/Факторный анализ/Снять выделение в фильтре ДЗО' is clicked on

11-03-2025T04:26:50 - [MESSAGE][PASSED] - Object: 'Object Repository/Факторный анализ/Снять выделение в фильтре ДЗО' is clicked on

11-03-2025T04:26:50 - [TEST_STEP][PASSED] - scrollToElement(findTestObject("Общие объекты/Кузбассэнерго-РЭС"), 30): Scroll to object 'Object Repository/Общие объекты/Кузбассэнерго-РЭС' successfully

11-03-2025T04:26:51 - [MESSAGE][PASSED] - Scroll to object 'Object Repository/Общие объекты/Кузбассэнерго-РЭС' successfully

11-03-2025T04:26:51 - [TEST_STEP][PASSED] - click(findTestObject("Общие объекты/Кузбассэнерго-РЭС")): Object: 'Object Repository/Общие объекты/Кузбассэнерго-РЭС' is clicked on

11-03-2025T04:26:51 - [MESSAGE][PASSED] - Object: 'Object Repository/Общие объекты/Кузбассэнерго-РЭС' is clicked on

11-03-2025T04:26:51 - [TEST_STEP][PASSED] - Script1687405718449.Change(todaysDate, typeOfData): null

11-03-2025T04:26:51 - [TEST_STEP][PASSED] - scrollToElement(findTestObject("Факторный анализ/Заголовок дашборда"), 30): Scroll to object 'Object Repository/Факторный анализ/Заголовок дашборда' successfully

11-03-2025T04:26:52 - [MESSAGE][PASSED] - Scroll to object 'Object Repository/Факторный анализ/Заголовок дашборда' successfully

11-03-2025T04:26:52 - [TEST_STEP][PASSED] - click(findTestObject("Факторный анализ/Применить в фильтре ДЗО")): Object: 'Object Repository/Факторный анализ/Применить в фильтре ДЗО' is clicked on

11-03-2025T04:26:52 - [MESSAGE][PASSED] - Object: 'Object Repository/Факторный анализ/Применить в фильтре ДЗО' is clicked on

11-03-2025T04:26:52 - [TEST_STEP][PASSED] - typeOfData = "Филиал": null

11-03-2025T04:26:52 - [TEST_STEP][PASSED] - Script1687405718449.Test(todaysDate, typeOfData): null

11-03-2025T04:26:52 - [TEST_STEP][PASSED] - delay(10): Delayed 10 second(s)

11-03-2025T04:27:02 - [MESSAGE][PASSED] - Delayed 10 second(s)

11-03-2025T04:27:02 - [TEST_STEP][PASSED] - if (verifyTextNotPresent("нет данных", false) == true): null

11-03-2025T04:27:03 - [MESSAGE][PASSED] - Text 'нет данных' is not present on page

11-03-2025T04:27:03 - [TEST_STEP][PASSED] - if (verifyTextNotPresent("Ошибка запроса данных", false) == true): null

11-03-2025T04:27:03 - [MESSAGE][PASSED] - Text 'Ошибка запроса данных' is not present on page

11-03-2025T04:27:03 - [TEST_STEP][PASSED] - if (verifyTextNotPresent("Произошла ошибка при выполнении пользовательского кода", false) == true): null

11-03-2025T04:27:03 - [MESSAGE][PASSED] - Text 'Произошла ошибка при выполнении пользовательского кода' is not present on page

11-03-2025T04:27:03 - [TEST_STEP][PASSED] - if (verifyTextNotPresent("У виджета нет данных", false) == true): null

11-03-2025T04:27:04 - [MESSAGE][PASSED] - Text 'У виджета нет данных' is not present on page

11-03-2025T04:27:04 - [TEST_STEP][PASSED] - if (verifyTextNotPresent("У виджета нет данных", false) == true): Text 'У виджета нет данных' is not present on page

11-03-2025T04:27:04 - [MESSAGE][PASSED] - Text 'У виджета нет данных' is not present on page

11-03-2025T04:27:04 - [TEST_STEP][PASSED] - click(findTestObject("Факторный анализ/Переключить отображение с филиала на месяц")): Object: 'Object Repository/Факторный анализ/Переключить отображение с филиала на месяц' is clicked on

11-03-2025T04:27:04 - [MESSAGE][PASSED] - Object: 'Object Repository/Факторный анализ/Переключить отображение с филиала на месяц' is clicked on

11-03-2025T04:27:04 - [TEST_STEP][PASSED] - typeOfData = "Месяц": null

11-03-2025T04:27:04 - [TEST_STEP][PASSED] - Script1687405718449.Test(todaysDate, typeOfData): null

11-03-2025T04:27:04 - [TEST_STEP][PASSED] - delay(10): Delayed 10 second(s)

11-03-2025T04:27:14 - [MESSAGE][PASSED] - Delayed 10 second(s)

11-03-2025T04:27:14 - [TEST_STEP][FAILED] - if (verifyTextNotPresent("нет данных", false) == true): Text 'нет данных' is present on page  (Root cause: com.kms.katalon.core.exception.StepFailedException: Text 'нет данных' is present on page 
	at com.kms.katalon.core.webui.keyword.internal.WebUIKeywordMain.stepFailed(WebUIKeywordMain.groovy:64)
	at com.kms.katalon.core.webui.keyword.builtin.VerifyTextNotPresentKeyword$_verifyTextNotPresent_closure1.doCall(VerifyTextNotPresentKeyword.groovy:77)
	at com.kms.katalon.core.webui.keyword.builtin.VerifyTextNotPresentKeyword$_verifyTextNotPresent_closure1.call(VerifyTextNotPresentKeyword.groovy)
	at com.kms.katalon.core.webui.keyword.internal.WebUIKeywordMain.runKeyword(WebUIKeywordMain.groovy:20)
	at com.kms.katalon.core.webui.keyword.builtin.VerifyTextNotPresentKeyword.verifyTextNotPresent(VerifyTextNotPresentKeyword.groovy:82)
	at com.kms.katalon.core.webui.keyword.builtin.VerifyTextNotPresentKeyword.execute(VerifyTextNotPresentKeyword.groovy:68)
	at com.kms.katalon.core.keyword.internal.KeywordExecutor.executeKeywordForPlatform(KeywordExecutor.groovy:74)
	at com.kms.katalon.core.webui.keyword.WebUiBuiltInKeywords.verifyTextNotPresent(WebUiBuiltInKeywords.groovy:1795)
	at Факторный анализ отображение данных все филиалы.Test(Факторный анализ отображение данных все филиалы:789)
	at Факторный анализ отображение данных все филиалы.Change(Факторный анализ отображение данных все филиалы:775)
	at Факторный анализ отображение данных все филиалы.run(Факторный анализ отображение данных все филиалы:450)
	at com.kms.katalon.core.main.ScriptEngine.run(ScriptEngine.java:194)
	at com.kms.katalon.core.main.ScriptEngine.runScriptAsRawText(ScriptEngine.java:119)
	at com.kms.katalon.core.main.TestCaseExecutor.runScript(TestCaseExecutor.java:448)
	at com.kms.katalon.core.main.TestCaseExecutor.doExecute(TestCaseExecutor.java:439)
	at com.kms.katalon.core.main.TestCaseExecutor.processExecutionPhase(TestCaseExecutor.java:418)
	at com.kms.katalon.core.main.TestCaseExecutor.accessMainPhase(TestCaseExecutor.java:410)
	at com.kms.katalon.core.main.TestCaseExecutor.execute(TestCaseExecutor.java:285)
	at com.kms.katalon.core.common.CommonExecutor.accessTestCaseMainPhase(CommonExecutor.java:65)
	at com.kms.katalon.core.main.TestSuiteExecutor.accessTestSuiteMainPhase(TestSuiteExecutor.java:150)
	at com.kms.katalon.core.main.TestSuiteExecutor.execute(TestSuiteExecutor.java:106)
	at com.kms.katalon.core.main.TestCaseMain.startTestSuite(TestCaseMain.java:180)
	at TempTestSuite1741649958618.run(TempTestSuite1741649958618.groovy:35)
	at java.base/jdk.internal.reflect.NativeMethodAccessorImpl.invoke0(Native Method)
	at java.base/jdk.internal.reflect.NativeMethodAccessorImpl.invoke(NativeMethodAccessorImpl.java:77)
	at java.base/jdk.internal.reflect.DelegatingMethodAccessorImpl.invoke(DelegatingMethodAccessorImpl.java:43)
)

11-03-2025T04:27:15 - [MESSAGE][FAILED] - Text 'нет данных' is present on page  (Root cause: com.kms.katalon.core.exception.StepFailedException: Text 'нет данных' is present on page 
	at com.kms.katalon.core.webui.keyword.internal.WebUIKeywordMain.stepFailed(WebUIKeywordMain.groovy:64)
	at com.kms.katalon.core.webui.keyword.builtin.VerifyTextNotPresentKeyword$_verifyTextNotPresent_closure1.doCall(VerifyTextNotPresentKeyword.groovy:77)
	at com.kms.katalon.core.webui.keyword.builtin.VerifyTextNotPresentKeyword$_verifyTextNotPresent_closure1.call(VerifyTextNotPresentKeyword.groovy)
	at com.kms.katalon.core.webui.keyword.internal.WebUIKeywordMain.runKeyword(WebUIKeywordMain.groovy:20)
	at com.kms.katalon.core.webui.keyword.builtin.VerifyTextNotPresentKeyword.verifyTextNotPresent(VerifyTextNotPresentKeyword.groovy:82)
	at com.kms.katalon.core.webui.keyword.builtin.VerifyTextNotPresentKeyword.execute(VerifyTextNotPresentKeyword.groovy:68)
	at com.kms.katalon.core.keyword.internal.KeywordExecutor.executeKeywordForPlatform(KeywordExecutor.groovy:74)
	at com.kms.katalon.core.webui.keyword.WebUiBuiltInKeywords.verifyTextNotPresent(WebUiBuiltInKeywords.groovy:1795)
	at Факторный анализ отображение данных все филиалы.Test(Факторный анализ отображение данных все филиалы:789)
	at Факторный анализ отображение данных все филиалы.Change(Факторный анализ отображение данных все филиалы:775)
	at Факторный анализ отображение данных все филиалы.run(Факторный анализ отображение данных все филиалы:450)
	at com.kms.katalon.core.main.ScriptEngine.run(ScriptEngine.java:194)
	at com.kms.katalon.core.main.ScriptEngine.runScriptAsRawText(ScriptEngine.java:119)
	at com.kms.katalon.core.main.TestCaseExecutor.runScript(TestCaseExecutor.java:448)
	at com.kms.katalon.core.main.TestCaseExecutor.doExecute(TestCaseExecutor.java:439)
	at com.kms.katalon.core.main.TestCaseExecutor.processExecutionPhase(TestCaseExecutor.java:418)
	at com.kms.katalon.core.main.TestCaseExecutor.accessMainPhase(TestCaseExecutor.java:410)
	at com.kms.katalon.core.main.TestCaseExecutor.execute(TestCaseExecutor.java:285)
	at com.kms.katalon.core.common.CommonExecutor.accessTestCaseMainPhase(CommonExecutor.java:65)
	at com.kms.katalon.core.main.TestSuiteExecutor.accessTestSuiteMainPhase(TestSuiteExecutor.java:150)
	at com.kms.katalon.core.main.TestSuiteExecutor.execute(TestSuiteExecutor.java:106)
	at com.kms.katalon.core.main.TestCaseMain.startTestSuite(TestCaseMain.java:180)
	at TempTestSuite1741649958618.run(TempTestSuite1741649958618.groovy:35)
	at java.base/jdk.internal.reflect.NativeMethodAccessorImpl.invoke0(Native Method)
	at java.base/jdk.internal.reflect.NativeMethodAccessorImpl.invoke(NativeMethodAccessorImpl.java:77)
	at java.base/jdk.internal.reflect.DelegatingMethodAccessorImpl.invoke(DelegatingMethodAccessorImpl.java:43)
)

11-03-2025T04:27:15 - [TEST_STEP][PASSED] - else: null

11-03-2025T04:27:15 - [TEST_STEP][PASSED] - Script1687405718449.WriteToExcel(todaysDate, typeOfData): null

11-03-2025T04:27:15 - [TEST_STEP][PASSED] - sheetName = "Sheet1": null

11-03-2025T04:27:15 - [TEST_STEP][PASSED] - data = findTestData("PlanFact"): null

11-03-2025T04:27:15 - [TEST_STEP][PASSED] - n = data.getRowNumbers() + 1: null

11-03-2025T04:27:15 - [TEST_STEP][PASSED] - dZO = getText(findTestObject("Факторный анализ/Фильтр ДЗО")): Text of object 'Object Repository/Факторный анализ/Фильтр ДЗО' is: 'ПАО Россети - РаспредКомплекс - Россети Сибирь (ГК) - Кузбассэнерго-РЭС'

11-03-2025T04:27:15 - [MESSAGE][PASSED] - Text of object 'Object Repository/Факторный анализ/Фильтр ДЗО' is: 'ПАО Россети - РаспредКомплекс - Россети Сибирь (ГК) - Кузбассэнерго-РЭС'

11-03-2025T04:27:15 - [TEST_STEP][PASSED] - period = getText(findTestObject("Факторный анализ/Фильтр Период")): Text of object 'Object Repository/Факторный анализ/Фильтр Период' is: 'Январь 2025 года'

11-03-2025T04:27:16 - [MESSAGE][PASSED] - Text of object 'Object Repository/Факторный анализ/Фильтр Период' is: 'Январь 2025 года'

11-03-2025T04:27:16 - [TEST_STEP][PASSED] - println(period): null

11-03-2025T04:27:16 - [TEST_STEP][PASSED] - dashboardName = "Факторный анализ": null

11-03-2025T04:27:16 - [TEST_STEP][PASSED] - workbook01 = getWorkbook(excelFilePath): null

11-03-2025T04:27:16 - [TEST_STEP][PASSED] - sheet01 = getExcelSheet(workbook01, sheetName): null

11-03-2025T04:27:16 - [TEST_STEP][PASSED] - setValueToCellByIndex(sheet01, n, 0, dashboardName): null

11-03-2025T04:27:16 - [TEST_STEP][PASSED] - setValueToCellByIndex(sheet01, n, 1, dZO): null

11-03-2025T04:27:16 - [TEST_STEP][PASSED] - setValueToCellByIndex(sheet01, n, 2, period): null

11-03-2025T04:27:16 - [TEST_STEP][PASSED] - setValueToCellByIndex(sheet01, n, 3, typeOfData): null

11-03-2025T04:27:16 - [TEST_STEP][PASSED] - setValueToCellByIndex(sheet01, n, 4, todaysDate): null

11-03-2025T04:27:16 - [TEST_STEP][PASSED] - n = n + 1: null

11-03-2025T04:27:16 - [TEST_STEP][PASSED] - saveWorkbook(excelFilePath, workbook01): null

11-03-2025T04:27:16 - [TEST_STEP][PASSED] - click(findTestObject("Факторный анализ/Переключить отображение с месяца на филиал")): Object: 'Object Repository/Факторный анализ/Переключить отображение с месяца на филиал' is clicked on

11-03-2025T04:27:16 - [MESSAGE][PASSED] - Object: 'Object Repository/Факторный анализ/Переключить отображение с месяца на филиал' is clicked on

11-03-2025T04:27:16 - [TEST_STEP][PASSED] - click(findTestObject("Факторный анализ/Фильтр ДЗО")): Object: 'Object Repository/Факторный анализ/Фильтр ДЗО' is clicked on

11-03-2025T04:27:16 - [MESSAGE][PASSED] - Object: 'Object Repository/Факторный анализ/Фильтр ДЗО' is clicked on

11-03-2025T04:27:16 - [TEST_STEP][PASSED] - click(findTestObject("Факторный анализ/Снять выделение в фильтре ДЗО")): Object: 'Object Repository/Факторный анализ/Снять выделение в фильтре ДЗО' is clicked on

11-03-2025T04:27:17 - [MESSAGE][PASSED] - Object: 'Object Repository/Факторный анализ/Снять выделение в фильтре ДЗО' is clicked on

11-03-2025T04:27:17 - [TEST_STEP][PASSED] - scrollToElement(findTestObject("Общие объекты/Омскэнерго"), 30): Scroll to object 'Object Repository/Общие объекты/Омскэнерго' successfully

11-03-2025T04:27:17 - [MESSAGE][PASSED] - Scroll to object 'Object Repository/Общие объекты/Омскэнерго' successfully

11-03-2025T04:27:17 - [TEST_STEP][PASSED] - click(findTestObject("Общие объекты/Омскэнерго")): Object: 'Object Repository/Общие объекты/Омскэнерго' is clicked on

11-03-2025T04:27:18 - [MESSAGE][PASSED] - Object: 'Object Repository/Общие объекты/Омскэнерго' is clicked on

11-03-2025T04:27:18 - [TEST_STEP][PASSED] - Script1687405718449.Change(todaysDate, typeOfData): null

11-03-2025T04:27:18 - [TEST_STEP][PASSED] - scrollToElement(findTestObject("Факторный анализ/Заголовок дашборда"), 30): Scroll to object 'Object Repository/Факторный анализ/Заголовок дашборда' successfully

11-03-2025T04:27:18 - [MESSAGE][PASSED] - Scroll to object 'Object Repository/Факторный анализ/Заголовок дашборда' successfully

11-03-2025T04:27:18 - [TEST_STEP][PASSED] - click(findTestObject("Факторный анализ/Применить в фильтре ДЗО")): Object: 'Object Repository/Факторный анализ/Применить в фильтре ДЗО' is clicked on

11-03-2025T04:27:19 - [MESSAGE][PASSED] - Object: 'Object Repository/Факторный анализ/Применить в фильтре ДЗО' is clicked on

11-03-2025T04:27:19 - [TEST_STEP][PASSED] - typeOfData = "Филиал": null

11-03-2025T04:27:19 - [TEST_STEP][PASSED] - Script1687405718449.Test(todaysDate, typeOfData): null

11-03-2025T04:27:19 - [TEST_STEP][PASSED] - delay(10): Delayed 10 second(s)

11-03-2025T04:27:29 - [MESSAGE][PASSED] - Delayed 10 second(s)

11-03-2025T04:27:29 - [TEST_STEP][PASSED] - if (verifyTextNotPresent("нет данных", false) == true): null

11-03-2025T04:27:29 - [MESSAGE][PASSED] - Text 'нет данных' is not present on page

11-03-2025T04:27:29 - [TEST_STEP][PASSED] - if (verifyTextNotPresent("Ошибка запроса данных", false) == true): null

11-03-2025T04:27:29 - [MESSAGE][PASSED] - Text 'Ошибка запроса данных' is not present on page

11-03-2025T04:27:29 - [TEST_STEP][PASSED] - if (verifyTextNotPresent("Произошла ошибка при выполнении пользовательского кода", false) == true): null

11-03-2025T04:27:30 - [MESSAGE][PASSED] - Text 'Произошла ошибка при выполнении пользовательского кода' is not present on page

11-03-2025T04:27:30 - [TEST_STEP][PASSED] - if (verifyTextNotPresent("У виджета нет данных", false) == true): null

11-03-2025T04:27:30 - [MESSAGE][PASSED] - Text 'У виджета нет данных' is not present on page

11-03-2025T04:27:30 - [TEST_STEP][PASSED] - if (verifyTextNotPresent("У виджета нет данных", false) == true): Text 'У виджета нет данных' is not present on page

11-03-2025T04:27:31 - [MESSAGE][PASSED] - Text 'У виджета нет данных' is not present on page

11-03-2025T04:27:31 - [TEST_STEP][PASSED] - click(findTestObject("Факторный анализ/Переключить отображение с филиала на месяц")): Object: 'Object Repository/Факторный анализ/Переключить отображение с филиала на месяц' is clicked on

11-03-2025T04:27:31 - [MESSAGE][PASSED] - Object: 'Object Repository/Факторный анализ/Переключить отображение с филиала на месяц' is clicked on

11-03-2025T04:27:31 - [TEST_STEP][PASSED] - typeOfData = "Месяц": null

11-03-2025T04:27:31 - [TEST_STEP][PASSED] - Script1687405718449.Test(todaysDate, typeOfData): null

11-03-2025T04:27:31 - [TEST_STEP][PASSED] - delay(10): Delayed 10 second(s)

11-03-2025T04:27:41 - [MESSAGE][PASSED] - Delayed 10 second(s)

11-03-2025T04:27:41 - [TEST_STEP][FAILED] - if (verifyTextNotPresent("нет данных", false) == true): Text 'нет данных' is present on page  (Root cause: com.kms.katalon.core.exception.StepFailedException: Text 'нет данных' is present on page 
	at com.kms.katalon.core.webui.keyword.internal.WebUIKeywordMain.stepFailed(WebUIKeywordMain.groovy:64)
	at com.kms.katalon.core.webui.keyword.builtin.VerifyTextNotPresentKeyword$_verifyTextNotPresent_closure1.doCall(VerifyTextNotPresentKeyword.groovy:77)
	at com.kms.katalon.core.webui.keyword.builtin.VerifyTextNotPresentKeyword$_verifyTextNotPresent_closure1.call(VerifyTextNotPresentKeyword.groovy)
	at com.kms.katalon.core.webui.keyword.internal.WebUIKeywordMain.runKeyword(WebUIKeywordMain.groovy:20)
	at com.kms.katalon.core.webui.keyword.builtin.VerifyTextNotPresentKeyword.verifyTextNotPresent(VerifyTextNotPresentKeyword.groovy:82)
	at com.kms.katalon.core.webui.keyword.builtin.VerifyTextNotPresentKeyword.execute(VerifyTextNotPresentKeyword.groovy:68)
	at com.kms.katalon.core.keyword.internal.KeywordExecutor.executeKeywordForPlatform(KeywordExecutor.groovy:74)
	at com.kms.katalon.core.webui.keyword.WebUiBuiltInKeywords.verifyTextNotPresent(WebUiBuiltInKeywords.groovy:1795)
	at Факторный анализ отображение данных все филиалы.Test(Факторный анализ отображение данных все филиалы:789)
	at Факторный анализ отображение данных все филиалы.Change(Факторный анализ отображение данных все филиалы:775)
	at Факторный анализ отображение данных все филиалы.run(Факторный анализ отображение данных все филиалы:456)
	at com.kms.katalon.core.main.ScriptEngine.run(ScriptEngine.java:194)
	at com.kms.katalon.core.main.ScriptEngine.runScriptAsRawText(ScriptEngine.java:119)
	at com.kms.katalon.core.main.TestCaseExecutor.runScript(TestCaseExecutor.java:448)
	at com.kms.katalon.core.main.TestCaseExecutor.doExecute(TestCaseExecutor.java:439)
	at com.kms.katalon.core.main.TestCaseExecutor.processExecutionPhase(TestCaseExecutor.java:418)
	at com.kms.katalon.core.main.TestCaseExecutor.accessMainPhase(TestCaseExecutor.java:410)
	at com.kms.katalon.core.main.TestCaseExecutor.execute(TestCaseExecutor.java:285)
	at com.kms.katalon.core.common.CommonExecutor.accessTestCaseMainPhase(CommonExecutor.java:65)
	at com.kms.katalon.core.main.TestSuiteExecutor.accessTestSuiteMainPhase(TestSuiteExecutor.java:150)
	at com.kms.katalon.core.main.TestSuiteExecutor.execute(TestSuiteExecutor.java:106)
	at com.kms.katalon.core.main.TestCaseMain.startTestSuite(TestCaseMain.java:180)
	at TempTestSuite1741649958618.run(TempTestSuite1741649958618.groovy:35)
	at java.base/jdk.internal.reflect.NativeMethodAccessorImpl.invoke0(Native Method)
	at java.base/jdk.internal.reflect.NativeMethodAccessorImpl.invoke(NativeMethodAccessorImpl.java:77)
	at java.base/jdk.internal.reflect.DelegatingMethodAccessorImpl.invoke(DelegatingMethodAccessorImpl.java:43)
)

11-03-2025T04:27:41 - [MESSAGE][FAILED] - Text 'нет данных' is present on page  (Root cause: com.kms.katalon.core.exception.StepFailedException: Text 'нет данных' is present on page 
	at com.kms.katalon.core.webui.keyword.internal.WebUIKeywordMain.stepFailed(WebUIKeywordMain.groovy:64)
	at com.kms.katalon.core.webui.keyword.builtin.VerifyTextNotPresentKeyword$_verifyTextNotPresent_closure1.doCall(VerifyTextNotPresentKeyword.groovy:77)
	at com.kms.katalon.core.webui.keyword.builtin.VerifyTextNotPresentKeyword$_verifyTextNotPresent_closure1.call(VerifyTextNotPresentKeyword.groovy)
	at com.kms.katalon.core.webui.keyword.internal.WebUIKeywordMain.runKeyword(WebUIKeywordMain.groovy:20)
	at com.kms.katalon.core.webui.keyword.builtin.VerifyTextNotPresentKeyword.verifyTextNotPresent(VerifyTextNotPresentKeyword.groovy:82)
	at com.kms.katalon.core.webui.keyword.builtin.VerifyTextNotPresentKeyword.execute(VerifyTextNotPresentKeyword.groovy:68)
	at com.kms.katalon.core.keyword.internal.KeywordExecutor.executeKeywordForPlatform(KeywordExecutor.groovy:74)
	at com.kms.katalon.core.webui.keyword.WebUiBuiltInKeywords.verifyTextNotPresent(WebUiBuiltInKeywords.groovy:1795)
	at Факторный анализ отображение данных все филиалы.Test(Факторный анализ отображение данных все филиалы:789)
	at Факторный анализ отображение данных все филиалы.Change(Факторный анализ отображение данных все филиалы:775)
	at Факторный анализ отображение данных все филиалы.run(Факторный анализ отображение данных все филиалы:456)
	at com.kms.katalon.core.main.ScriptEngine.run(ScriptEngine.java:194)
	at com.kms.katalon.core.main.ScriptEngine.runScriptAsRawText(ScriptEngine.java:119)
	at com.kms.katalon.core.main.TestCaseExecutor.runScript(TestCaseExecutor.java:448)
	at com.kms.katalon.core.main.TestCaseExecutor.doExecute(TestCaseExecutor.java:439)
	at com.kms.katalon.core.main.TestCaseExecutor.processExecutionPhase(TestCaseExecutor.java:418)
	at com.kms.katalon.core.main.TestCaseExecutor.accessMainPhase(TestCaseExecutor.java:410)
	at com.kms.katalon.core.main.TestCaseExecutor.execute(TestCaseExecutor.java:285)
	at com.kms.katalon.core.common.CommonExecutor.accessTestCaseMainPhase(CommonExecutor.java:65)
	at com.kms.katalon.core.main.TestSuiteExecutor.accessTestSuiteMainPhase(TestSuiteExecutor.java:150)
	at com.kms.katalon.core.main.TestSuiteExecutor.execute(TestSuiteExecutor.java:106)
	at com.kms.katalon.core.main.TestCaseMain.startTestSuite(TestCaseMain.java:180)
	at TempTestSuite1741649958618.run(TempTestSuite1741649958618.groovy:35)
	at java.base/jdk.internal.reflect.NativeMethodAccessorImpl.invoke0(Native Method)
	at java.base/jdk.internal.reflect.NativeMethodAccessorImpl.invoke(NativeMethodAccessorImpl.java:77)
	at java.base/jdk.internal.reflect.DelegatingMethodAccessorImpl.invoke(DelegatingMethodAccessorImpl.java:43)
)

11-03-2025T04:27:41 - [TEST_STEP][PASSED] - else: null

11-03-2025T04:27:41 - [TEST_STEP][PASSED] - Script1687405718449.WriteToExcel(todaysDate, typeOfData): null

11-03-2025T04:27:41 - [TEST_STEP][PASSED] - sheetName = "Sheet1": null

11-03-2025T04:27:41 - [TEST_STEP][PASSED] - data = findTestData("PlanFact"): null

11-03-2025T04:27:42 - [TEST_STEP][PASSED] - n = data.getRowNumbers() + 1: null

11-03-2025T04:27:42 - [TEST_STEP][PASSED] - dZO = getText(findTestObject("Факторный анализ/Фильтр ДЗО")): Text of object 'Object Repository/Факторный анализ/Фильтр ДЗО' is: 'ПАО Россети - РаспредКомплекс - Россети Сибирь (ГК) - Омскэнерго'

11-03-2025T04:27:42 - [MESSAGE][PASSED] - Text of object 'Object Repository/Факторный анализ/Фильтр ДЗО' is: 'ПАО Россети - РаспредКомплекс - Россети Сибирь (ГК) - Омскэнерго'

11-03-2025T04:27:42 - [TEST_STEP][PASSED] - period = getText(findTestObject("Факторный анализ/Фильтр Период")): Text of object 'Object Repository/Факторный анализ/Фильтр Период' is: 'Январь 2025 года'

11-03-2025T04:27:42 - [MESSAGE][PASSED] - Text of object 'Object Repository/Факторный анализ/Фильтр Период' is: 'Январь 2025 года'

11-03-2025T04:27:42 - [TEST_STEP][PASSED] - println(period): null

11-03-2025T04:27:42 - [TEST_STEP][PASSED] - dashboardName = "Факторный анализ": null

11-03-2025T04:27:42 - [TEST_STEP][PASSED] - workbook01 = getWorkbook(excelFilePath): null

11-03-2025T04:27:42 - [TEST_STEP][PASSED] - sheet01 = getExcelSheet(workbook01, sheetName): null

11-03-2025T04:27:42 - [TEST_STEP][PASSED] - setValueToCellByIndex(sheet01, n, 0, dashboardName): null

11-03-2025T04:27:42 - [TEST_STEP][PASSED] - setValueToCellByIndex(sheet01, n, 1, dZO): null

11-03-2025T04:27:42 - [TEST_STEP][PASSED] - setValueToCellByIndex(sheet01, n, 2, period): null

11-03-2025T04:27:42 - [TEST_STEP][PASSED] - setValueToCellByIndex(sheet01, n, 3, typeOfData): null

11-03-2025T04:27:42 - [TEST_STEP][PASSED] - setValueToCellByIndex(sheet01, n, 4, todaysDate): null

11-03-2025T04:27:42 - [TEST_STEP][PASSED] - n = n + 1: null

11-03-2025T04:27:42 - [TEST_STEP][PASSED] - saveWorkbook(excelFilePath, workbook01): null

11-03-2025T04:27:42 - [TEST_STEP][PASSED] - click(findTestObject("Факторный анализ/Переключить отображение с месяца на филиал")): Object: 'Object Repository/Факторный анализ/Переключить отображение с месяца на филиал' is clicked on

11-03-2025T04:27:43 - [MESSAGE][PASSED] - Object: 'Object Repository/Факторный анализ/Переключить отображение с месяца на филиал' is clicked on

11-03-2025T04:27:43 - [TEST_STEP][PASSED] - click(findTestObject("Факторный анализ/Фильтр ДЗО")): Object: 'Object Repository/Факторный анализ/Фильтр ДЗО' is clicked on

11-03-2025T04:27:43 - [MESSAGE][PASSED] - Object: 'Object Repository/Факторный анализ/Фильтр ДЗО' is clicked on

11-03-2025T04:27:43 - [TEST_STEP][PASSED] - click(findTestObject("Факторный анализ/Снять выделение в фильтре ДЗО")): Object: 'Object Repository/Факторный анализ/Снять выделение в фильтре ДЗО' is clicked on

11-03-2025T04:27:44 - [MESSAGE][PASSED] - Object: 'Object Repository/Факторный анализ/Снять выделение в фильтре ДЗО' is clicked on

11-03-2025T04:27:44 - [TEST_STEP][PASSED] - scrollToElement(findTestObject("Общие объекты/Хакасэнерго"), 30): Scroll to object 'Object Repository/Общие объекты/Хакасэнерго' successfully

11-03-2025T04:27:44 - [MESSAGE][PASSED] - Scroll to object 'Object Repository/Общие объекты/Хакасэнерго' successfully

11-03-2025T04:27:44 - [TEST_STEP][PASSED] - click(findTestObject("Общие объекты/Хакасэнерго")): Object: 'Object Repository/Общие объекты/Хакасэнерго' is clicked on

11-03-2025T04:27:44 - [MESSAGE][PASSED] - Object: 'Object Repository/Общие объекты/Хакасэнерго' is clicked on

11-03-2025T04:27:44 - [TEST_STEP][PASSED] - Script1687405718449.Change(todaysDate, typeOfData): null

11-03-2025T04:27:44 - [TEST_STEP][PASSED] - scrollToElement(findTestObject("Факторный анализ/Заголовок дашборда"), 30): Scroll to object 'Object Repository/Факторный анализ/Заголовок дашборда' successfully

11-03-2025T04:27:45 - [MESSAGE][PASSED] - Scroll to object 'Object Repository/Факторный анализ/Заголовок дашборда' successfully

11-03-2025T04:27:45 - [TEST_STEP][PASSED] - click(findTestObject("Факторный анализ/Применить в фильтре ДЗО")): Object: 'Object Repository/Факторный анализ/Применить в фильтре ДЗО' is clicked on

11-03-2025T04:27:45 - [MESSAGE][PASSED] - Object: 'Object Repository/Факторный анализ/Применить в фильтре ДЗО' is clicked on

11-03-2025T04:27:45 - [TEST_STEP][PASSED] - typeOfData = "Филиал": null

11-03-2025T04:27:45 - [TEST_STEP][PASSED] - Script1687405718449.Test(todaysDate, typeOfData): null

11-03-2025T04:27:45 - [TEST_STEP][PASSED] - delay(10): Delayed 10 second(s)

11-03-2025T04:27:55 - [MESSAGE][PASSED] - Delayed 10 second(s)

11-03-2025T04:27:55 - [TEST_STEP][PASSED] - if (verifyTextNotPresent("нет данных", false) == true): null

11-03-2025T04:27:56 - [MESSAGE][PASSED] - Text 'нет данных' is not present on page

11-03-2025T04:27:56 - [TEST_STEP][PASSED] - if (verifyTextNotPresent("Ошибка запроса данных", false) == true): null

11-03-2025T04:27:56 - [MESSAGE][PASSED] - Text 'Ошибка запроса данных' is not present on page

11-03-2025T04:27:56 - [TEST_STEP][PASSED] - if (verifyTextNotPresent("Произошла ошибка при выполнении пользовательского кода", false) == true): null

11-03-2025T04:27:56 - [MESSAGE][PASSED] - Text 'Произошла ошибка при выполнении пользовательского кода' is not present on page

11-03-2025T04:27:56 - [TEST_STEP][PASSED] - if (verifyTextNotPresent("У виджета нет данных", false) == true): null

11-03-2025T04:27:57 - [MESSAGE][PASSED] - Text 'У виджета нет данных' is not present on page

11-03-2025T04:27:57 - [TEST_STEP][PASSED] - if (verifyTextNotPresent("У виджета нет данных", false) == true): Text 'У виджета нет данных' is not present on page

11-03-2025T04:27:57 - [MESSAGE][PASSED] - Text 'У виджета нет данных' is not present on page

11-03-2025T04:27:57 - [TEST_STEP][PASSED] - click(findTestObject("Факторный анализ/Переключить отображение с филиала на месяц")): Object: 'Object Repository/Факторный анализ/Переключить отображение с филиала на месяц' is clicked on

11-03-2025T04:27:58 - [MESSAGE][PASSED] - Object: 'Object Repository/Факторный анализ/Переключить отображение с филиала на месяц' is clicked on

11-03-2025T04:27:58 - [TEST_STEP][PASSED] - typeOfData = "Месяц": null

11-03-2025T04:27:58 - [TEST_STEP][PASSED] - Script1687405718449.Test(todaysDate, typeOfData): null

11-03-2025T04:27:58 - [TEST_STEP][PASSED] - delay(10): Delayed 10 second(s)

11-03-2025T04:28:08 - [MESSAGE][PASSED] - Delayed 10 second(s)

11-03-2025T04:28:08 - [TEST_STEP][FAILED] - if (verifyTextNotPresent("нет данных", false) == true): Text 'нет данных' is present on page  (Root cause: com.kms.katalon.core.exception.StepFailedException: Text 'нет данных' is present on page 
	at com.kms.katalon.core.webui.keyword.internal.WebUIKeywordMain.stepFailed(WebUIKeywordMain.groovy:64)
	at com.kms.katalon.core.webui.keyword.builtin.VerifyTextNotPresentKeyword$_verifyTextNotPresent_closure1.doCall(VerifyTextNotPresentKeyword.groovy:77)
	at com.kms.katalon.core.webui.keyword.builtin.VerifyTextNotPresentKeyword$_verifyTextNotPresent_closure1.call(VerifyTextNotPresentKeyword.groovy)
	at com.kms.katalon.core.webui.keyword.internal.WebUIKeywordMain.runKeyword(WebUIKeywordMain.groovy:20)
	at com.kms.katalon.core.webui.keyword.builtin.VerifyTextNotPresentKeyword.verifyTextNotPresent(VerifyTextNotPresentKeyword.groovy:82)
	at com.kms.katalon.core.webui.keyword.builtin.VerifyTextNotPresentKeyword.execute(VerifyTextNotPresentKeyword.groovy:68)
	at com.kms.katalon.core.keyword.internal.KeywordExecutor.executeKeywordForPlatform(KeywordExecutor.groovy:74)
	at com.kms.katalon.core.webui.keyword.WebUiBuiltInKeywords.verifyTextNotPresent(WebUiBuiltInKeywords.groovy:1795)
	at Факторный анализ отображение данных все филиалы.Test(Факторный анализ отображение данных все филиалы:789)
	at Факторный анализ отображение данных все филиалы.Change(Факторный анализ отображение данных все филиалы:775)
	at Факторный анализ отображение данных все филиалы.run(Факторный анализ отображение данных все филиалы:462)
	at com.kms.katalon.core.main.ScriptEngine.run(ScriptEngine.java:194)
	at com.kms.katalon.core.main.ScriptEngine.runScriptAsRawText(ScriptEngine.java:119)
	at com.kms.katalon.core.main.TestCaseExecutor.runScript(TestCaseExecutor.java:448)
	at com.kms.katalon.core.main.TestCaseExecutor.doExecute(TestCaseExecutor.java:439)
	at com.kms.katalon.core.main.TestCaseExecutor.processExecutionPhase(TestCaseExecutor.java:418)
	at com.kms.katalon.core.main.TestCaseExecutor.accessMainPhase(TestCaseExecutor.java:410)
	at com.kms.katalon.core.main.TestCaseExecutor.execute(TestCaseExecutor.java:285)
	at com.kms.katalon.core.common.CommonExecutor.accessTestCaseMainPhase(CommonExecutor.java:65)
	at com.kms.katalon.core.main.TestSuiteExecutor.accessTestSuiteMainPhase(TestSuiteExecutor.java:150)
	at com.kms.katalon.core.main.TestSuiteExecutor.execute(TestSuiteExecutor.java:106)
	at com.kms.katalon.core.main.TestCaseMain.startTestSuite(TestCaseMain.java:180)
	at TempTestSuite1741649958618.run(TempTestSuite1741649958618.groovy:35)
	at java.base/jdk.internal.reflect.NativeMethodAccessorImpl.invoke0(Native Method)
	at java.base/jdk.internal.reflect.NativeMethodAccessorImpl.invoke(NativeMethodAccessorImpl.java:77)
	at java.base/jdk.internal.reflect.DelegatingMethodAccessorImpl.invoke(DelegatingMethodAccessorImpl.java:43)
)

11-03-2025T04:28:08 - [MESSAGE][FAILED] - Text 'нет данных' is present on page  (Root cause: com.kms.katalon.core.exception.StepFailedException: Text 'нет данных' is present on page 
	at com.kms.katalon.core.webui.keyword.internal.WebUIKeywordMain.stepFailed(WebUIKeywordMain.groovy:64)
	at com.kms.katalon.core.webui.keyword.builtin.VerifyTextNotPresentKeyword$_verifyTextNotPresent_closure1.doCall(VerifyTextNotPresentKeyword.groovy:77)
	at com.kms.katalon.core.webui.keyword.builtin.VerifyTextNotPresentKeyword$_verifyTextNotPresent_closure1.call(VerifyTextNotPresentKeyword.groovy)
	at com.kms.katalon.core.webui.keyword.internal.WebUIKeywordMain.runKeyword(WebUIKeywordMain.groovy:20)
	at com.kms.katalon.core.webui.keyword.builtin.VerifyTextNotPresentKeyword.verifyTextNotPresent(VerifyTextNotPresentKeyword.groovy:82)
	at com.kms.katalon.core.webui.keyword.builtin.VerifyTextNotPresentKeyword.execute(VerifyTextNotPresentKeyword.groovy:68)
	at com.kms.katalon.core.keyword.internal.KeywordExecutor.executeKeywordForPlatform(KeywordExecutor.groovy:74)
	at com.kms.katalon.core.webui.keyword.WebUiBuiltInKeywords.verifyTextNotPresent(WebUiBuiltInKeywords.groovy:1795)
	at Факторный анализ отображение данных все филиалы.Test(Факторный анализ отображение данных все филиалы:789)
	at Факторный анализ отображение данных все филиалы.Change(Факторный анализ отображение данных все филиалы:775)
	at Факторный анализ отображение данных все филиалы.run(Факторный анализ отображение данных все филиалы:462)
	at com.kms.katalon.core.main.ScriptEngine.run(ScriptEngine.java:194)
	at com.kms.katalon.core.main.ScriptEngine.runScriptAsRawText(ScriptEngine.java:119)
	at com.kms.katalon.core.main.TestCaseExecutor.runScript(TestCaseExecutor.java:448)
	at com.kms.katalon.core.main.TestCaseExecutor.doExecute(TestCaseExecutor.java:439)
	at com.kms.katalon.core.main.TestCaseExecutor.processExecutionPhase(TestCaseExecutor.java:418)
	at com.kms.katalon.core.main.TestCaseExecutor.accessMainPhase(TestCaseExecutor.java:410)
	at com.kms.katalon.core.main.TestCaseExecutor.execute(TestCaseExecutor.java:285)
	at com.kms.katalon.core.common.CommonExecutor.accessTestCaseMainPhase(CommonExecutor.java:65)
	at com.kms.katalon.core.main.TestSuiteExecutor.accessTestSuiteMainPhase(TestSuiteExecutor.java:150)
	at com.kms.katalon.core.main.TestSuiteExecutor.execute(TestSuiteExecutor.java:106)
	at com.kms.katalon.core.main.TestCaseMain.startTestSuite(TestCaseMain.java:180)
	at TempTestSuite1741649958618.run(TempTestSuite1741649958618.groovy:35)
	at java.base/jdk.internal.reflect.NativeMethodAccessorImpl.invoke0(Native Method)
	at java.base/jdk.internal.reflect.NativeMethodAccessorImpl.invoke(NativeMethodAccessorImpl.java:77)
	at java.base/jdk.internal.reflect.DelegatingMethodAccessorImpl.invoke(DelegatingMethodAccessorImpl.java:43)
)

11-03-2025T04:28:08 - [TEST_STEP][PASSED] - else: null

11-03-2025T04:28:08 - [TEST_STEP][PASSED] - Script1687405718449.WriteToExcel(todaysDate, typeOfData): null

11-03-2025T04:28:08 - [TEST_STEP][PASSED] - sheetName = "Sheet1": null

11-03-2025T04:28:08 - [TEST_STEP][PASSED] - data = findTestData("PlanFact"): null

11-03-2025T04:28:08 - [TEST_STEP][PASSED] - n = data.getRowNumbers() + 1: null

11-03-2025T04:28:08 - [TEST_STEP][PASSED] - dZO = getText(findTestObject("Факторный анализ/Фильтр ДЗО")): Text of object 'Object Repository/Факторный анализ/Фильтр ДЗО' is: 'ПАО Россети - РаспредКомплекс - Россети Сибирь (ГК) - Хакасэнерго'

11-03-2025T04:28:08 - [MESSAGE][PASSED] - Text of object 'Object Repository/Факторный анализ/Фильтр ДЗО' is: 'ПАО Россети - РаспредКомплекс - Россети Сибирь (ГК) - Хакасэнерго'

11-03-2025T04:28:08 - [TEST_STEP][PASSED] - period = getText(findTestObject("Факторный анализ/Фильтр Период")): Text of object 'Object Repository/Факторный анализ/Фильтр Период' is: 'Январь 2025 года'

11-03-2025T04:28:09 - [MESSAGE][PASSED] - Text of object 'Object Repository/Факторный анализ/Фильтр Период' is: 'Январь 2025 года'

11-03-2025T04:28:09 - [TEST_STEP][PASSED] - println(period): null

11-03-2025T04:28:09 - [TEST_STEP][PASSED] - dashboardName = "Факторный анализ": null

11-03-2025T04:28:09 - [TEST_STEP][PASSED] - workbook01 = getWorkbook(excelFilePath): null

11-03-2025T04:28:09 - [TEST_STEP][PASSED] - sheet01 = getExcelSheet(workbook01, sheetName): null

11-03-2025T04:28:09 - [TEST_STEP][PASSED] - setValueToCellByIndex(sheet01, n, 0, dashboardName): null

11-03-2025T04:28:09 - [TEST_STEP][PASSED] - setValueToCellByIndex(sheet01, n, 1, dZO): null

11-03-2025T04:28:09 - [TEST_STEP][PASSED] - setValueToCellByIndex(sheet01, n, 2, period): null

11-03-2025T04:28:09 - [TEST_STEP][PASSED] - setValueToCellByIndex(sheet01, n, 3, typeOfData): null

11-03-2025T04:28:09 - [TEST_STEP][PASSED] - setValueToCellByIndex(sheet01, n, 4, todaysDate): null

11-03-2025T04:28:09 - [TEST_STEP][PASSED] - n = n + 1: null

11-03-2025T04:28:09 - [TEST_STEP][PASSED] - saveWorkbook(excelFilePath, workbook01): null

11-03-2025T04:28:09 - [TEST_STEP][PASSED] - click(findTestObject("Факторный анализ/Переключить отображение с месяца на филиал")): Object: 'Object Repository/Факторный анализ/Переключить отображение с месяца на филиал' is clicked on

11-03-2025T04:28:09 - [MESSAGE][PASSED] - Object: 'Object Repository/Факторный анализ/Переключить отображение с месяца на филиал' is clicked on

11-03-2025T04:28:09 - [TEST_STEP][PASSED] - click(findTestObject("Факторный анализ/Фильтр ДЗО")): Object: 'Object Repository/Факторный анализ/Фильтр ДЗО' is clicked on

11-03-2025T04:28:10 - [MESSAGE][PASSED] - Object: 'Object Repository/Факторный анализ/Фильтр ДЗО' is clicked on

11-03-2025T04:28:10 - [TEST_STEP][PASSED] - click(findTestObject("Факторный анализ/Снять выделение в фильтре ДЗО")): Object: 'Object Repository/Факторный анализ/Снять выделение в фильтре ДЗО' is clicked on

11-03-2025T04:28:10 - [MESSAGE][PASSED] - Object: 'Object Repository/Факторный анализ/Снять выделение в фильтре ДЗО' is clicked on

11-03-2025T04:28:10 - [TEST_STEP][PASSED] - scrollToElement(findTestObject("Общие объекты/Читаэнерго"), 30): Scroll to object 'Object Repository/Общие объекты/Читаэнерго' successfully

11-03-2025T04:28:10 - [MESSAGE][PASSED] - Scroll to object 'Object Repository/Общие объекты/Читаэнерго' successfully

11-03-2025T04:28:10 - [TEST_STEP][PASSED] - click(findTestObject("Общие объекты/Читаэнерго")): Object: 'Object Repository/Общие объекты/Читаэнерго' is clicked on

11-03-2025T04:28:11 - [MESSAGE][PASSED] - Object: 'Object Repository/Общие объекты/Читаэнерго' is clicked on

11-03-2025T04:28:11 - [TEST_STEP][PASSED] - Script1687405718449.Change(todaysDate, typeOfData): null

11-03-2025T04:28:11 - [TEST_STEP][PASSED] - scrollToElement(findTestObject("Факторный анализ/Заголовок дашборда"), 30): Scroll to object 'Object Repository/Факторный анализ/Заголовок дашборда' successfully

11-03-2025T04:28:11 - [MESSAGE][PASSED] - Scroll to object 'Object Repository/Факторный анализ/Заголовок дашборда' successfully

11-03-2025T04:28:11 - [TEST_STEP][PASSED] - click(findTestObject("Факторный анализ/Применить в фильтре ДЗО")): Object: 'Object Repository/Факторный анализ/Применить в фильтре ДЗО' is clicked on

11-03-2025T04:28:12 - [MESSAGE][PASSED] - Object: 'Object Repository/Факторный анализ/Применить в фильтре ДЗО' is clicked on

11-03-2025T04:28:12 - [TEST_STEP][PASSED] - typeOfData = "Филиал": null

11-03-2025T04:28:12 - [TEST_STEP][PASSED] - Script1687405718449.Test(todaysDate, typeOfData): null

11-03-2025T04:28:12 - [TEST_STEP][PASSED] - delay(10): Delayed 10 second(s)

11-03-2025T04:28:22 - [MESSAGE][PASSED] - Delayed 10 second(s)

11-03-2025T04:28:22 - [TEST_STEP][PASSED] - if (verifyTextNotPresent("нет данных", false) == true): null

11-03-2025T04:28:22 - [MESSAGE][PASSED] - Text 'нет данных' is not present on page

11-03-2025T04:28:22 - [TEST_STEP][PASSED] - if (verifyTextNotPresent("Ошибка запроса данных", false) == true): null

11-03-2025T04:28:23 - [MESSAGE][PASSED] - Text 'Ошибка запроса данных' is not present on page

11-03-2025T04:28:23 - [TEST_STEP][PASSED] - if (verifyTextNotPresent("Произошла ошибка при выполнении пользовательского кода", false) == true): null

11-03-2025T04:28:23 - [MESSAGE][PASSED] - Text 'Произошла ошибка при выполнении пользовательского кода' is not present on page

11-03-2025T04:28:23 - [TEST_STEP][PASSED] - if (verifyTextNotPresent("У виджета нет данных", false) == true): null

11-03-2025T04:28:23 - [MESSAGE][PASSED] - Text 'У виджета нет данных' is not present on page

11-03-2025T04:28:23 - [TEST_STEP][PASSED] - if (verifyTextNotPresent("У виджета нет данных", false) == true): Text 'У виджета нет данных' is not present on page

11-03-2025T04:28:24 - [MESSAGE][PASSED] - Text 'У виджета нет данных' is not present on page

11-03-2025T04:28:24 - [TEST_STEP][PASSED] - click(findTestObject("Факторный анализ/Переключить отображение с филиала на месяц")): Object: 'Object Repository/Факторный анализ/Переключить отображение с филиала на месяц' is clicked on

11-03-2025T04:28:24 - [MESSAGE][PASSED] - Object: 'Object Repository/Факторный анализ/Переключить отображение с филиала на месяц' is clicked on

11-03-2025T04:28:24 - [TEST_STEP][PASSED] - typeOfData = "Месяц": null

11-03-2025T04:28:24 - [TEST_STEP][PASSED] - Script1687405718449.Test(todaysDate, typeOfData): null

11-03-2025T04:28:24 - [TEST_STEP][PASSED] - delay(10): Delayed 10 second(s)

11-03-2025T04:28:34 - [MESSAGE][PASSED] - Delayed 10 second(s)

11-03-2025T04:28:34 - [TEST_STEP][FAILED] - if (verifyTextNotPresent("нет данных", false) == true): Text 'нет данных' is present on page  (Root cause: com.kms.katalon.core.exception.StepFailedException: Text 'нет данных' is present on page 
	at com.kms.katalon.core.webui.keyword.internal.WebUIKeywordMain.stepFailed(WebUIKeywordMain.groovy:64)
	at com.kms.katalon.core.webui.keyword.builtin.VerifyTextNotPresentKeyword$_verifyTextNotPresent_closure1.doCall(VerifyTextNotPresentKeyword.groovy:77)
	at com.kms.katalon.core.webui.keyword.builtin.VerifyTextNotPresentKeyword$_verifyTextNotPresent_closure1.call(VerifyTextNotPresentKeyword.groovy)
	at com.kms.katalon.core.webui.keyword.internal.WebUIKeywordMain.runKeyword(WebUIKeywordMain.groovy:20)
	at com.kms.katalon.core.webui.keyword.builtin.VerifyTextNotPresentKeyword.verifyTextNotPresent(VerifyTextNotPresentKeyword.groovy:82)
	at com.kms.katalon.core.webui.keyword.builtin.VerifyTextNotPresentKeyword.execute(VerifyTextNotPresentKeyword.groovy:68)
	at com.kms.katalon.core.keyword.internal.KeywordExecutor.executeKeywordForPlatform(KeywordExecutor.groovy:74)
	at com.kms.katalon.core.webui.keyword.WebUiBuiltInKeywords.verifyTextNotPresent(WebUiBuiltInKeywords.groovy:1795)
	at Факторный анализ отображение данных все филиалы.Test(Факторный анализ отображение данных все филиалы:789)
	at Факторный анализ отображение данных все филиалы.Change(Факторный анализ отображение данных все филиалы:775)
	at Факторный анализ отображение данных все филиалы.run(Факторный анализ отображение данных все филиалы:468)
	at com.kms.katalon.core.main.ScriptEngine.run(ScriptEngine.java:194)
	at com.kms.katalon.core.main.ScriptEngine.runScriptAsRawText(ScriptEngine.java:119)
	at com.kms.katalon.core.main.TestCaseExecutor.runScript(TestCaseExecutor.java:448)
	at com.kms.katalon.core.main.TestCaseExecutor.doExecute(TestCaseExecutor.java:439)
	at com.kms.katalon.core.main.TestCaseExecutor.processExecutionPhase(TestCaseExecutor.java:418)
	at com.kms.katalon.core.main.TestCaseExecutor.accessMainPhase(TestCaseExecutor.java:410)
	at com.kms.katalon.core.main.TestCaseExecutor.execute(TestCaseExecutor.java:285)
	at com.kms.katalon.core.common.CommonExecutor.accessTestCaseMainPhase(CommonExecutor.java:65)
	at com.kms.katalon.core.main.TestSuiteExecutor.accessTestSuiteMainPhase(TestSuiteExecutor.java:150)
	at com.kms.katalon.core.main.TestSuiteExecutor.execute(TestSuiteExecutor.java:106)
	at com.kms.katalon.core.main.TestCaseMain.startTestSuite(TestCaseMain.java:180)
	at TempTestSuite1741649958618.run(TempTestSuite1741649958618.groovy:35)
	at java.base/jdk.internal.reflect.NativeMethodAccessorImpl.invoke0(Native Method)
	at java.base/jdk.internal.reflect.NativeMethodAccessorImpl.invoke(NativeMethodAccessorImpl.java:77)
	at java.base/jdk.internal.reflect.DelegatingMethodAccessorImpl.invoke(DelegatingMethodAccessorImpl.java:43)
)

11-03-2025T04:28:35 - [MESSAGE][FAILED] - Text 'нет данных' is present on page  (Root cause: com.kms.katalon.core.exception.StepFailedException: Text 'нет данных' is present on page 
	at com.kms.katalon.core.webui.keyword.internal.WebUIKeywordMain.stepFailed(WebUIKeywordMain.groovy:64)
	at com.kms.katalon.core.webui.keyword.builtin.VerifyTextNotPresentKeyword$_verifyTextNotPresent_closure1.doCall(VerifyTextNotPresentKeyword.groovy:77)
	at com.kms.katalon.core.webui.keyword.builtin.VerifyTextNotPresentKeyword$_verifyTextNotPresent_closure1.call(VerifyTextNotPresentKeyword.groovy)
	at com.kms.katalon.core.webui.keyword.internal.WebUIKeywordMain.runKeyword(WebUIKeywordMain.groovy:20)
	at com.kms.katalon.core.webui.keyword.builtin.VerifyTextNotPresentKeyword.verifyTextNotPresent(VerifyTextNotPresentKeyword.groovy:82)
	at com.kms.katalon.core.webui.keyword.builtin.VerifyTextNotPresentKeyword.execute(VerifyTextNotPresentKeyword.groovy:68)
	at com.kms.katalon.core.keyword.internal.KeywordExecutor.executeKeywordForPlatform(KeywordExecutor.groovy:74)
	at com.kms.katalon.core.webui.keyword.WebUiBuiltInKeywords.verifyTextNotPresent(WebUiBuiltInKeywords.groovy:1795)
	at Факторный анализ отображение данных все филиалы.Test(Факторный анализ отображение данных все филиалы:789)
	at Факторный анализ отображение данных все филиалы.Change(Факторный анализ отображение данных все филиалы:775)
	at Факторный анализ отображение данных все филиалы.run(Факторный анализ отображение данных все филиалы:468)
	at com.kms.katalon.core.main.ScriptEngine.run(ScriptEngine.java:194)
	at com.kms.katalon.core.main.ScriptEngine.runScriptAsRawText(ScriptEngine.java:119)
	at com.kms.katalon.core.main.TestCaseExecutor.runScript(TestCaseExecutor.java:448)
	at com.kms.katalon.core.main.TestCaseExecutor.doExecute(TestCaseExecutor.java:439)
	at com.kms.katalon.core.main.TestCaseExecutor.processExecutionPhase(TestCaseExecutor.java:418)
	at com.kms.katalon.core.main.TestCaseExecutor.accessMainPhase(TestCaseExecutor.java:410)
	at com.kms.katalon.core.main.TestCaseExecutor.execute(TestCaseExecutor.java:285)
	at com.kms.katalon.core.common.CommonExecutor.accessTestCaseMainPhase(CommonExecutor.java:65)
	at com.kms.katalon.core.main.TestSuiteExecutor.accessTestSuiteMainPhase(TestSuiteExecutor.java:150)
	at com.kms.katalon.core.main.TestSuiteExecutor.execute(TestSuiteExecutor.java:106)
	at com.kms.katalon.core.main.TestCaseMain.startTestSuite(TestCaseMain.java:180)
	at TempTestSuite1741649958618.run(TempTestSuite1741649958618.groovy:35)
	at java.base/jdk.internal.reflect.NativeMethodAccessorImpl.invoke0(Native Method)
	at java.base/jdk.internal.reflect.NativeMethodAccessorImpl.invoke(NativeMethodAccessorImpl.java:77)
	at java.base/jdk.internal.reflect.DelegatingMethodAccessorImpl.invoke(DelegatingMethodAccessorImpl.java:43)
)

11-03-2025T04:28:35 - [TEST_STEP][PASSED] - else: null

11-03-2025T04:28:35 - [TEST_STEP][PASSED] - Script1687405718449.WriteToExcel(todaysDate, typeOfData): null

11-03-2025T04:28:35 - [TEST_STEP][PASSED] - sheetName = "Sheet1": null

11-03-2025T04:28:35 - [TEST_STEP][PASSED] - data = findTestData("PlanFact"): null

11-03-2025T04:28:35 - [TEST_STEP][PASSED] - n = data.getRowNumbers() + 1: null

11-03-2025T04:28:35 - [TEST_STEP][PASSED] - dZO = getText(findTestObject("Факторный анализ/Фильтр ДЗО")): Text of object 'Object Repository/Факторный анализ/Фильтр ДЗО' is: 'ПАО Россети - РаспредКомплекс - Россети Сибирь (ГК) - Читаэнерго'

11-03-2025T04:28:35 - [MESSAGE][PASSED] - Text of object 'Object Repository/Факторный анализ/Фильтр ДЗО' is: 'ПАО Россети - РаспредКомплекс - Россети Сибирь (ГК) - Читаэнерго'

11-03-2025T04:28:35 - [TEST_STEP][PASSED] - period = getText(findTestObject("Факторный анализ/Фильтр Период")): Text of object 'Object Repository/Факторный анализ/Фильтр Период' is: 'Январь 2025 года'

11-03-2025T04:28:35 - [MESSAGE][PASSED] - Text of object 'Object Repository/Факторный анализ/Фильтр Период' is: 'Январь 2025 года'

11-03-2025T04:28:35 - [TEST_STEP][PASSED] - println(period): null

11-03-2025T04:28:35 - [TEST_STEP][PASSED] - dashboardName = "Факторный анализ": null

11-03-2025T04:28:35 - [TEST_STEP][PASSED] - workbook01 = getWorkbook(excelFilePath): null

11-03-2025T04:28:35 - [TEST_STEP][PASSED] - sheet01 = getExcelSheet(workbook01, sheetName): null

11-03-2025T04:28:35 - [TEST_STEP][PASSED] - setValueToCellByIndex(sheet01, n, 0, dashboardName): null

11-03-2025T04:28:35 - [TEST_STEP][PASSED] - setValueToCellByIndex(sheet01, n, 1, dZO): null

11-03-2025T04:28:35 - [TEST_STEP][PASSED] - setValueToCellByIndex(sheet01, n, 2, period): null

11-03-2025T04:28:35 - [TEST_STEP][PASSED] - setValueToCellByIndex(sheet01, n, 3, typeOfData): null

11-03-2025T04:28:35 - [TEST_STEP][PASSED] - setValueToCellByIndex(sheet01, n, 4, todaysDate): null

11-03-2025T04:28:35 - [TEST_STEP][PASSED] - n = n + 1: null

11-03-2025T04:28:35 - [TEST_STEP][PASSED] - saveWorkbook(excelFilePath, workbook01): null

11-03-2025T04:28:35 - [TEST_STEP][PASSED] - click(findTestObject("Факторный анализ/Переключить отображение с месяца на филиал")): Object: 'Object Repository/Факторный анализ/Переключить отображение с месяца на филиал' is clicked on

11-03-2025T04:28:36 - [MESSAGE][PASSED] - Object: 'Object Repository/Факторный анализ/Переключить отображение с месяца на филиал' is clicked on

11-03-2025T04:28:36 - [TEST_STEP][PASSED] - click(findTestObject("Факторный анализ/Фильтр ДЗО")): Object: 'Object Repository/Факторный анализ/Фильтр ДЗО' is clicked on

11-03-2025T04:28:36 - [MESSAGE][PASSED] - Object: 'Object Repository/Факторный анализ/Фильтр ДЗО' is clicked on

11-03-2025T04:28:36 - [TEST_STEP][PASSED] - click(findTestObject("Факторный анализ/Снять выделение в фильтре ДЗО")): Object: 'Object Repository/Факторный анализ/Снять выделение в фильтре ДЗО' is clicked on

11-03-2025T04:28:37 - [MESSAGE][PASSED] - Object: 'Object Repository/Факторный анализ/Снять выделение в фильтре ДЗО' is clicked on

11-03-2025T04:28:37 - [TEST_STEP][PASSED] - scrollToElement(findTestObject("Общие объекты/Раскрыть список Россети Томск"), 30): Scroll to object 'Object Repository/Общие объекты/Раскрыть список Россети Томск' successfully

11-03-2025T04:28:37 - [MESSAGE][PASSED] - Scroll to object 'Object Repository/Общие объекты/Раскрыть список Россети Томск' successfully

11-03-2025T04:28:37 - [TEST_STEP][PASSED] - click(findTestObject("Факторный анализ/Россети Томск")): Object: 'Object Repository/Факторный анализ/Россети Томск' is clicked on

11-03-2025T04:28:37 - [MESSAGE][PASSED] - Object: 'Object Repository/Факторный анализ/Россети Томск' is clicked on

11-03-2025T04:28:37 - [TEST_STEP][PASSED] - Script1687405718449.Change(todaysDate, typeOfData): null

11-03-2025T04:28:37 - [TEST_STEP][PASSED] - scrollToElement(findTestObject("Факторный анализ/Заголовок дашборда"), 30): Scroll to object 'Object Repository/Факторный анализ/Заголовок дашборда' successfully

11-03-2025T04:28:38 - [MESSAGE][PASSED] - Scroll to object 'Object Repository/Факторный анализ/Заголовок дашборда' successfully

11-03-2025T04:28:38 - [TEST_STEP][PASSED] - click(findTestObject("Факторный анализ/Применить в фильтре ДЗО")): Object: 'Object Repository/Факторный анализ/Применить в фильтре ДЗО' is clicked on

11-03-2025T04:28:38 - [MESSAGE][PASSED] - Object: 'Object Repository/Факторный анализ/Применить в фильтре ДЗО' is clicked on

11-03-2025T04:28:38 - [TEST_STEP][PASSED] - typeOfData = "Филиал": null

11-03-2025T04:28:38 - [TEST_STEP][PASSED] - Script1687405718449.Test(todaysDate, typeOfData): null

11-03-2025T04:28:38 - [TEST_STEP][PASSED] - delay(10): Delayed 10 second(s)

11-03-2025T04:28:48 - [MESSAGE][PASSED] - Delayed 10 second(s)

11-03-2025T04:28:48 - [TEST_STEP][PASSED] - if (verifyTextNotPresent("нет данных", false) == true): null

11-03-2025T04:28:49 - [MESSAGE][PASSED] - Text 'нет данных' is not present on page

11-03-2025T04:28:49 - [TEST_STEP][PASSED] - if (verifyTextNotPresent("Ошибка запроса данных", false) == true): null

11-03-2025T04:28:49 - [MESSAGE][PASSED] - Text 'Ошибка запроса данных' is not present on page

11-03-2025T04:28:49 - [TEST_STEP][PASSED] - if (verifyTextNotPresent("Произошла ошибка при выполнении пользовательского кода", false) == true): null

11-03-2025T04:28:50 - [MESSAGE][PASSED] - Text 'Произошла ошибка при выполнении пользовательского кода' is not present on page

11-03-2025T04:28:50 - [TEST_STEP][PASSED] - if (verifyTextNotPresent("У виджета нет данных", false) == true): null

11-03-2025T04:28:50 - [MESSAGE][PASSED] - Text 'У виджета нет данных' is not present on page

11-03-2025T04:28:50 - [TEST_STEP][PASSED] - if (verifyTextNotPresent("У виджета нет данных", false) == true): Text 'У виджета нет данных' is not present on page

11-03-2025T04:28:51 - [MESSAGE][PASSED] - Text 'У виджета нет данных' is not present on page

11-03-2025T04:28:51 - [TEST_STEP][PASSED] - click(findTestObject("Факторный анализ/Переключить отображение с филиала на месяц")): Object: 'Object Repository/Факторный анализ/Переключить отображение с филиала на месяц' is clicked on

11-03-2025T04:28:51 - [MESSAGE][PASSED] - Object: 'Object Repository/Факторный анализ/Переключить отображение с филиала на месяц' is clicked on

11-03-2025T04:28:51 - [TEST_STEP][PASSED] - typeOfData = "Месяц": null

11-03-2025T04:28:51 - [TEST_STEP][PASSED] - Script1687405718449.Test(todaysDate, typeOfData): null

11-03-2025T04:28:51 - [TEST_STEP][PASSED] - delay(10): Delayed 10 second(s)

11-03-2025T04:29:01 - [MESSAGE][PASSED] - Delayed 10 second(s)

11-03-2025T04:29:01 - [TEST_STEP][PASSED] - if (verifyTextNotPresent("нет данных", false) == true): null

11-03-2025T04:29:01 - [MESSAGE][PASSED] - Text 'нет данных' is not present on page

11-03-2025T04:29:01 - [TEST_STEP][PASSED] - if (verifyTextNotPresent("Ошибка запроса данных", false) == true): null

11-03-2025T04:29:02 - [MESSAGE][PASSED] - Text 'Ошибка запроса данных' is not present on page

11-03-2025T04:29:02 - [TEST_STEP][PASSED] - if (verifyTextNotPresent("Произошла ошибка при выполнении пользовательского кода", false) == true): null

11-03-2025T04:29:02 - [MESSAGE][PASSED] - Text 'Произошла ошибка при выполнении пользовательского кода' is not present on page

11-03-2025T04:29:02 - [TEST_STEP][PASSED] - if (verifyTextNotPresent("У виджета нет данных", false) == true): null

11-03-2025T04:29:03 - [MESSAGE][PASSED] - Text 'У виджета нет данных' is not present on page

11-03-2025T04:29:03 - [TEST_STEP][PASSED] - if (verifyTextNotPresent("У виджета нет данных", false) == true): Text 'У виджета нет данных' is not present on page

11-03-2025T04:29:03 - [MESSAGE][PASSED] - Text 'У виджета нет данных' is not present on page

11-03-2025T04:29:03 - [TEST_STEP][PASSED] - click(findTestObject("Факторный анализ/Переключить отображение с месяца на филиал")): Object: 'Object Repository/Факторный анализ/Переключить отображение с месяца на филиал' is clicked on

11-03-2025T04:29:04 - [MESSAGE][PASSED] - Object: 'Object Repository/Факторный анализ/Переключить отображение с месяца на филиал' is clicked on

11-03-2025T04:29:04 - [TEST_STEP][PASSED] - click(findTestObject("Факторный анализ/Фильтр ДЗО")): Object: 'Object Repository/Факторный анализ/Фильтр ДЗО' is clicked on

11-03-2025T04:29:04 - [MESSAGE][PASSED] - Object: 'Object Repository/Факторный анализ/Фильтр ДЗО' is clicked on

11-03-2025T04:29:04 - [TEST_STEP][PASSED] - click(findTestObject("Факторный анализ/Снять выделение в фильтре ДЗО")): Object: 'Object Repository/Факторный анализ/Снять выделение в фильтре ДЗО' is clicked on

11-03-2025T04:29:04 - [MESSAGE][PASSED] - Object: 'Object Repository/Факторный анализ/Снять выделение в фильтре ДЗО' is clicked on

11-03-2025T04:29:04 - [TEST_STEP][PASSED] - scrollToElement(findTestObject("Общие объекты/Раскрыть список Россети Томск"), 30): Scroll to object 'Object Repository/Общие объекты/Раскрыть список Россети Томск' successfully

11-03-2025T04:29:05 - [MESSAGE][PASSED] - Scroll to object 'Object Repository/Общие объекты/Раскрыть список Россети Томск' successfully

11-03-2025T04:29:05 - [TEST_STEP][PASSED] - click(findTestObject("Общие объекты/Раскрыть список Россети Томск")): Object: 'Object Repository/Общие объекты/Раскрыть список Россети Томск' is clicked on

11-03-2025T04:29:05 - [MESSAGE][PASSED] - Object: 'Object Repository/Общие объекты/Раскрыть список Россети Томск' is clicked on

11-03-2025T04:29:05 - [TEST_STEP][PASSED] - click(findTestObject("Общие объекты/Раскрыть список Россети Томск")): Object: 'Object Repository/Общие объекты/Раскрыть список Россети Томск' is clicked on

11-03-2025T04:29:06 - [MESSAGE][PASSED] - Object: 'Object Repository/Общие объекты/Раскрыть список Россети Томск' is clicked on

11-03-2025T04:29:06 - [TEST_STEP][PASSED] - scrollToElement(findTestObject("Общие объекты/Томская распределительная компания"), 30): Scroll to object 'Object Repository/Общие объекты/Томская распределительная компания' successfully

11-03-2025T04:29:07 - [MESSAGE][PASSED] - Scroll to object 'Object Repository/Общие объекты/Томская распределительная компания' successfully

11-03-2025T04:29:07 - [TEST_STEP][PASSED] - click(findTestObject("Общие объекты/Томская распределительная компания")): Object: 'Object Repository/Общие объекты/Томская распределительная компания' is clicked on

11-03-2025T04:29:07 - [MESSAGE][PASSED] - Object: 'Object Repository/Общие объекты/Томская распределительная компания' is clicked on

11-03-2025T04:29:07 - [TEST_STEP][PASSED] - Script1687405718449.Change(todaysDate, typeOfData): null

11-03-2025T04:29:07 - [TEST_STEP][PASSED] - scrollToElement(findTestObject("Факторный анализ/Заголовок дашборда"), 30): Scroll to object 'Object Repository/Факторный анализ/Заголовок дашборда' successfully

11-03-2025T04:29:07 - [MESSAGE][PASSED] - Scroll to object 'Object Repository/Факторный анализ/Заголовок дашборда' successfully

11-03-2025T04:29:07 - [TEST_STEP][PASSED] - click(findTestObject("Факторный анализ/Применить в фильтре ДЗО")): Object: 'Object Repository/Факторный анализ/Применить в фильтре ДЗО' is clicked on

11-03-2025T04:29:08 - [MESSAGE][PASSED] - Object: 'Object Repository/Факторный анализ/Применить в фильтре ДЗО' is clicked on

11-03-2025T04:29:08 - [TEST_STEP][PASSED] - typeOfData = "Филиал": null

11-03-2025T04:29:08 - [TEST_STEP][PASSED] - Script1687405718449.Test(todaysDate, typeOfData): null

11-03-2025T04:29:08 - [TEST_STEP][PASSED] - delay(10): Delayed 10 second(s)

11-03-2025T04:29:18 - [MESSAGE][PASSED] - Delayed 10 second(s)

11-03-2025T04:29:18 - [TEST_STEP][PASSED] - if (verifyTextNotPresent("нет данных", false) == true): null

11-03-2025T04:29:18 - [MESSAGE][PASSED] - Text 'нет данных' is not present on page

11-03-2025T04:29:18 - [TEST_STEP][PASSED] - if (verifyTextNotPresent("Ошибка запроса данных", false) == true): null

11-03-2025T04:29:19 - [MESSAGE][PASSED] - Text 'Ошибка запроса данных' is not present on page

11-03-2025T04:29:19 - [TEST_STEP][PASSED] - if (verifyTextNotPresent("Произошла ошибка при выполнении пользовательского кода", false) == true): null

11-03-2025T04:29:19 - [MESSAGE][PASSED] - Text 'Произошла ошибка при выполнении пользовательского кода' is not present on page

11-03-2025T04:29:19 - [TEST_STEP][PASSED] - if (verifyTextNotPresent("У виджета нет данных", false) == true): null

11-03-2025T04:29:20 - [MESSAGE][PASSED] - Text 'У виджета нет данных' is not present on page

11-03-2025T04:29:20 - [TEST_STEP][PASSED] - if (verifyTextNotPresent("У виджета нет данных", false) == true): Text 'У виджета нет данных' is not present on page

11-03-2025T04:29:20 - [MESSAGE][PASSED] - Text 'У виджета нет данных' is not present on page

11-03-2025T04:29:20 - [TEST_STEP][PASSED] - click(findTestObject("Факторный анализ/Переключить отображение с филиала на месяц")): Object: 'Object Repository/Факторный анализ/Переключить отображение с филиала на месяц' is clicked on

11-03-2025T04:29:21 - [MESSAGE][PASSED] - Object: 'Object Repository/Факторный анализ/Переключить отображение с филиала на месяц' is clicked on

11-03-2025T04:29:21 - [TEST_STEP][PASSED] - typeOfData = "Месяц": null

11-03-2025T04:29:21 - [TEST_STEP][PASSED] - Script1687405718449.Test(todaysDate, typeOfData): null

11-03-2025T04:29:21 - [TEST_STEP][PASSED] - delay(10): Delayed 10 second(s)

11-03-2025T04:29:31 - [MESSAGE][PASSED] - Delayed 10 second(s)

11-03-2025T04:29:31 - [TEST_STEP][PASSED] - if (verifyTextNotPresent("нет данных", false) == true): null

11-03-2025T04:29:31 - [MESSAGE][PASSED] - Text 'нет данных' is not present on page

11-03-2025T04:29:31 - [TEST_STEP][PASSED] - if (verifyTextNotPresent("Ошибка запроса данных", false) == true): null

11-03-2025T04:29:32 - [MESSAGE][PASSED] - Text 'Ошибка запроса данных' is not present on page

11-03-2025T04:29:32 - [TEST_STEP][PASSED] - if (verifyTextNotPresent("Произошла ошибка при выполнении пользовательского кода", false) == true): null

11-03-2025T04:29:32 - [MESSAGE][PASSED] - Text 'Произошла ошибка при выполнении пользовательского кода' is not present on page

11-03-2025T04:29:32 - [TEST_STEP][PASSED] - if (verifyTextNotPresent("У виджета нет данных", false) == true): null

11-03-2025T04:29:33 - [MESSAGE][PASSED] - Text 'У виджета нет данных' is not present on page

11-03-2025T04:29:33 - [TEST_STEP][PASSED] - if (verifyTextNotPresent("У виджета нет данных", false) == true): Text 'У виджета нет данных' is not present on page

11-03-2025T04:29:33 - [MESSAGE][PASSED] - Text 'У виджета нет данных' is not present on page

11-03-2025T04:29:33 - [TEST_STEP][PASSED] - click(findTestObject("Факторный анализ/Переключить отображение с месяца на филиал")): Object: 'Object Repository/Факторный анализ/Переключить отображение с месяца на филиал' is clicked on

11-03-2025T04:29:33 - [MESSAGE][PASSED] - Object: 'Object Repository/Факторный анализ/Переключить отображение с месяца на филиал' is clicked on

11-03-2025T04:29:33 - [TEST_STEP][PASSED] - click(findTestObject("Факторный анализ/Фильтр ДЗО")): Object: 'Object Repository/Факторный анализ/Фильтр ДЗО' is clicked on

11-03-2025T04:29:34 - [MESSAGE][PASSED] - Object: 'Object Repository/Факторный анализ/Фильтр ДЗО' is clicked on

11-03-2025T04:29:34 - [TEST_STEP][PASSED] - click(findTestObject("Факторный анализ/Снять выделение в фильтре ДЗО")): Object: 'Object Repository/Факторный анализ/Снять выделение в фильтре ДЗО' is clicked on

11-03-2025T04:29:34 - [MESSAGE][PASSED] - Object: 'Object Repository/Факторный анализ/Снять выделение в фильтре ДЗО' is clicked on

11-03-2025T04:29:34 - [TEST_STEP][PASSED] - scrollToElement(findTestObject("Общие объекты/Раскрыть список Россети Тюмень"), 30): Scroll to object 'Object Repository/Общие объекты/Раскрыть список Россети Тюмень' successfully

11-03-2025T04:29:34 - [MESSAGE][PASSED] - Scroll to object 'Object Repository/Общие объекты/Раскрыть список Россети Тюмень' successfully

11-03-2025T04:29:34 - [TEST_STEP][PASSED] - click(findTestObject("Факторный анализ/Россети Тюмень")): Object: 'Object Repository/Факторный анализ/Россети Тюмень' is clicked on

11-03-2025T04:29:35 - [MESSAGE][PASSED] - Object: 'Object Repository/Факторный анализ/Россети Тюмень' is clicked on

11-03-2025T04:29:35 - [TEST_STEP][PASSED] - Script1687405718449.Change(todaysDate, typeOfData): null

11-03-2025T04:29:35 - [TEST_STEP][PASSED] - scrollToElement(findTestObject("Факторный анализ/Заголовок дашборда"), 30): Scroll to object 'Object Repository/Факторный анализ/Заголовок дашборда' successfully

11-03-2025T04:29:35 - [MESSAGE][PASSED] - Scroll to object 'Object Repository/Факторный анализ/Заголовок дашборда' successfully

11-03-2025T04:29:35 - [TEST_STEP][PASSED] - click(findTestObject("Факторный анализ/Применить в фильтре ДЗО")): Object: 'Object Repository/Факторный анализ/Применить в фильтре ДЗО' is clicked on

11-03-2025T04:29:36 - [MESSAGE][PASSED] - Object: 'Object Repository/Факторный анализ/Применить в фильтре ДЗО' is clicked on

11-03-2025T04:29:36 - [TEST_STEP][PASSED] - typeOfData = "Филиал": null

11-03-2025T04:29:36 - [TEST_STEP][PASSED] - Script1687405718449.Test(todaysDate, typeOfData): null

11-03-2025T04:29:36 - [TEST_STEP][PASSED] - delay(10): Delayed 10 second(s)

11-03-2025T04:29:46 - [MESSAGE][PASSED] - Delayed 10 second(s)

11-03-2025T04:29:46 - [TEST_STEP][PASSED] - if (verifyTextNotPresent("нет данных", false) == true): null

11-03-2025T04:29:46 - [MESSAGE][PASSED] - Text 'нет данных' is not present on page

11-03-2025T04:29:46 - [TEST_STEP][PASSED] - if (verifyTextNotPresent("Ошибка запроса данных", false) == true): null

11-03-2025T04:29:47 - [MESSAGE][PASSED] - Text 'Ошибка запроса данных' is not present on page

11-03-2025T04:29:47 - [TEST_STEP][PASSED] - if (verifyTextNotPresent("Произошла ошибка при выполнении пользовательского кода", false) == true): null

11-03-2025T04:29:47 - [MESSAGE][PASSED] - Text 'Произошла ошибка при выполнении пользовательского кода' is not present on page

11-03-2025T04:29:47 - [TEST_STEP][PASSED] - if (verifyTextNotPresent("У виджета нет данных", false) == true): null

11-03-2025T04:29:48 - [MESSAGE][PASSED] - Text 'У виджета нет данных' is not present on page

11-03-2025T04:29:48 - [TEST_STEP][PASSED] - if (verifyTextNotPresent("У виджета нет данных", false) == true): Text 'У виджета нет данных' is not present on page

11-03-2025T04:29:48 - [MESSAGE][PASSED] - Text 'У виджета нет данных' is not present on page

11-03-2025T04:29:48 - [TEST_STEP][PASSED] - click(findTestObject("Факторный анализ/Переключить отображение с филиала на месяц")): Object: 'Object Repository/Факторный анализ/Переключить отображение с филиала на месяц' is clicked on

11-03-2025T04:29:48 - [MESSAGE][PASSED] - Object: 'Object Repository/Факторный анализ/Переключить отображение с филиала на месяц' is clicked on

11-03-2025T04:29:48 - [TEST_STEP][PASSED] - typeOfData = "Месяц": null

11-03-2025T04:29:48 - [TEST_STEP][PASSED] - Script1687405718449.Test(todaysDate, typeOfData): null

11-03-2025T04:29:48 - [TEST_STEP][PASSED] - delay(10): Delayed 10 second(s)

11-03-2025T04:29:58 - [MESSAGE][PASSED] - Delayed 10 second(s)

11-03-2025T04:29:58 - [TEST_STEP][PASSED] - if (verifyTextNotPresent("нет данных", false) == true): null

11-03-2025T04:29:59 - [MESSAGE][PASSED] - Text 'нет данных' is not present on page

11-03-2025T04:29:59 - [TEST_STEP][PASSED] - if (verifyTextNotPresent("Ошибка запроса данных", false) == true): null

11-03-2025T04:29:59 - [MESSAGE][PASSED] - Text 'Ошибка запроса данных' is not present on page

11-03-2025T04:29:59 - [TEST_STEP][PASSED] - if (verifyTextNotPresent("Произошла ошибка при выполнении пользовательского кода", false) == true): null

11-03-2025T04:30:00 - [MESSAGE][PASSED] - Text 'Произошла ошибка при выполнении пользовательского кода' is not present on page

11-03-2025T04:30:00 - [TEST_STEP][PASSED] - if (verifyTextNotPresent("У виджета нет данных", false) == true): null

11-03-2025T04:30:00 - [MESSAGE][PASSED] - Text 'У виджета нет данных' is not present on page

11-03-2025T04:30:00 - [TEST_STEP][PASSED] - if (verifyTextNotPresent("У виджета нет данных", false) == true): Text 'У виджета нет данных' is not present on page

11-03-2025T04:30:01 - [MESSAGE][PASSED] - Text 'У виджета нет данных' is not present on page

11-03-2025T04:30:01 - [TEST_STEP][PASSED] - click(findTestObject("Факторный анализ/Переключить отображение с месяца на филиал")): Object: 'Object Repository/Факторный анализ/Переключить отображение с месяца на филиал' is clicked on

11-03-2025T04:30:01 - [MESSAGE][PASSED] - Object: 'Object Repository/Факторный анализ/Переключить отображение с месяца на филиал' is clicked on

11-03-2025T04:30:01 - [TEST_STEP][PASSED] - click(findTestObject("Факторный анализ/Фильтр ДЗО")): Object: 'Object Repository/Факторный анализ/Фильтр ДЗО' is clicked on

11-03-2025T04:30:01 - [MESSAGE][PASSED] - Object: 'Object Repository/Факторный анализ/Фильтр ДЗО' is clicked on

11-03-2025T04:30:01 - [TEST_STEP][PASSED] - click(findTestObject("Факторный анализ/Снять выделение в фильтре ДЗО")): Object: 'Object Repository/Факторный анализ/Снять выделение в фильтре ДЗО' is clicked on

11-03-2025T04:30:02 - [MESSAGE][PASSED] - Object: 'Object Repository/Факторный анализ/Снять выделение в фильтре ДЗО' is clicked on

11-03-2025T04:30:02 - [TEST_STEP][PASSED] - scrollToElement(findTestObject("Общие объекты/Раскрыть список Россети Тюмень"), 30): Scroll to object 'Object Repository/Общие объекты/Раскрыть список Россети Тюмень' successfully

11-03-2025T04:30:02 - [MESSAGE][PASSED] - Scroll to object 'Object Repository/Общие объекты/Раскрыть список Россети Тюмень' successfully

11-03-2025T04:30:02 - [TEST_STEP][PASSED] - click(findTestObject("Общие объекты/Раскрыть список Россети Тюмень")): Object: 'Object Repository/Общие объекты/Раскрыть список Россети Тюмень' is clicked on

11-03-2025T04:30:03 - [MESSAGE][PASSED] - Object: 'Object Repository/Общие объекты/Раскрыть список Россети Тюмень' is clicked on

11-03-2025T04:30:03 - [TEST_STEP][PASSED] - click(findTestObject("Общие объекты/Раскрыть список Россети Тюмень")): Object: 'Object Repository/Общие объекты/Раскрыть список Россети Тюмень' is clicked on

11-03-2025T04:30:03 - [MESSAGE][PASSED] - Object: 'Object Repository/Общие объекты/Раскрыть список Россети Тюмень' is clicked on

11-03-2025T04:30:03 - [TEST_STEP][PASSED] - click(findTestObject("Факторный анализ/Россети Тюмень нижний уровень")): Object: 'Object Repository/Факторный анализ/Россети Тюмень нижний уровень' is clicked on

11-03-2025T04:30:04 - [MESSAGE][PASSED] - Object: 'Object Repository/Факторный анализ/Россети Тюмень нижний уровень' is clicked on

11-03-2025T04:30:04 - [TEST_STEP][PASSED] - Script1687405718449.Change(todaysDate, typeOfData): null

11-03-2025T04:30:04 - [TEST_STEP][PASSED] - scrollToElement(findTestObject("Факторный анализ/Заголовок дашборда"), 30): Scroll to object 'Object Repository/Факторный анализ/Заголовок дашборда' successfully

11-03-2025T04:30:04 - [MESSAGE][PASSED] - Scroll to object 'Object Repository/Факторный анализ/Заголовок дашборда' successfully

11-03-2025T04:30:04 - [TEST_STEP][PASSED] - click(findTestObject("Факторный анализ/Применить в фильтре ДЗО")): Object: 'Object Repository/Факторный анализ/Применить в фильтре ДЗО' is clicked on

11-03-2025T04:30:05 - [MESSAGE][PASSED] - Object: 'Object Repository/Факторный анализ/Применить в фильтре ДЗО' is clicked on

11-03-2025T04:30:05 - [TEST_STEP][PASSED] - typeOfData = "Филиал": null

11-03-2025T04:30:05 - [TEST_STEP][PASSED] - Script1687405718449.Test(todaysDate, typeOfData): null

11-03-2025T04:30:05 - [TEST_STEP][PASSED] - delay(10): Delayed 10 second(s)

11-03-2025T04:30:15 - [MESSAGE][PASSED] - Delayed 10 second(s)

11-03-2025T04:30:15 - [TEST_STEP][PASSED] - if (verifyTextNotPresent("нет данных", false) == true): null

11-03-2025T04:30:15 - [MESSAGE][PASSED] - Text 'нет данных' is not present on page

11-03-2025T04:30:15 - [TEST_STEP][PASSED] - if (verifyTextNotPresent("Ошибка запроса данных", false) == true): null

11-03-2025T04:30:16 - [MESSAGE][PASSED] - Text 'Ошибка запроса данных' is not present on page

11-03-2025T04:30:16 - [TEST_STEP][PASSED] - if (verifyTextNotPresent("Произошла ошибка при выполнении пользовательского кода", false) == true): null

11-03-2025T04:30:16 - [MESSAGE][PASSED] - Text 'Произошла ошибка при выполнении пользовательского кода' is not present on page

11-03-2025T04:30:16 - [TEST_STEP][PASSED] - if (verifyTextNotPresent("У виджета нет данных", false) == true): null

11-03-2025T04:30:17 - [MESSAGE][PASSED] - Text 'У виджета нет данных' is not present on page

11-03-2025T04:30:17 - [TEST_STEP][PASSED] - if (verifyTextNotPresent("У виджета нет данных", false) == true): Text 'У виджета нет данных' is not present on page

11-03-2025T04:30:17 - [MESSAGE][PASSED] - Text 'У виджета нет данных' is not present on page

11-03-2025T04:30:17 - [TEST_STEP][PASSED] - click(findTestObject("Факторный анализ/Переключить отображение с филиала на месяц")): Object: 'Object Repository/Факторный анализ/Переключить отображение с филиала на месяц' is clicked on

11-03-2025T04:30:17 - [MESSAGE][PASSED] - Object: 'Object Repository/Факторный анализ/Переключить отображение с филиала на месяц' is clicked on

11-03-2025T04:30:17 - [TEST_STEP][PASSED] - typeOfData = "Месяц": null

11-03-2025T04:30:17 - [TEST_STEP][PASSED] - Script1687405718449.Test(todaysDate, typeOfData): null

11-03-2025T04:30:17 - [TEST_STEP][PASSED] - delay(10): Delayed 10 second(s)

11-03-2025T04:30:27 - [MESSAGE][PASSED] - Delayed 10 second(s)

11-03-2025T04:30:27 - [TEST_STEP][PASSED] - if (verifyTextNotPresent("нет данных", false) == true): null

11-03-2025T04:30:28 - [MESSAGE][PASSED] - Text 'нет данных' is not present on page

11-03-2025T04:30:28 - [TEST_STEP][PASSED] - if (verifyTextNotPresent("Ошибка запроса данных", false) == true): null

11-03-2025T04:30:28 - [MESSAGE][PASSED] - Text 'Ошибка запроса данных' is not present on page

11-03-2025T04:30:28 - [TEST_STEP][PASSED] - if (verifyTextNotPresent("Произошла ошибка при выполнении пользовательского кода", false) == true): null

11-03-2025T04:30:29 - [MESSAGE][PASSED] - Text 'Произошла ошибка при выполнении пользовательского кода' is not present on page

11-03-2025T04:30:29 - [TEST_STEP][PASSED] - if (verifyTextNotPresent("У виджета нет данных", false) == true): null

11-03-2025T04:30:29 - [MESSAGE][PASSED] - Text 'У виджета нет данных' is not present on page

11-03-2025T04:30:29 - [TEST_STEP][PASSED] - if (verifyTextNotPresent("У виджета нет данных", false) == true): Text 'У виджета нет данных' is not present on page

11-03-2025T04:30:30 - [MESSAGE][PASSED] - Text 'У виджета нет данных' is not present on page

11-03-2025T04:30:30 - [TEST_STEP][PASSED] - click(findTestObject("Факторный анализ/Переключить отображение с месяца на филиал")): Object: 'Object Repository/Факторный анализ/Переключить отображение с месяца на филиал' is clicked on

11-03-2025T04:30:30 - [MESSAGE][PASSED] - Object: 'Object Repository/Факторный анализ/Переключить отображение с месяца на филиал' is clicked on

11-03-2025T04:30:30 - [TEST_STEP][PASSED] - click(findTestObject("Факторный анализ/Фильтр ДЗО")): Object: 'Object Repository/Факторный анализ/Фильтр ДЗО' is clicked on

11-03-2025T04:30:30 - [MESSAGE][PASSED] - Object: 'Object Repository/Факторный анализ/Фильтр ДЗО' is clicked on

11-03-2025T04:30:30 - [TEST_STEP][PASSED] - click(findTestObject("Факторный анализ/Снять выделение в фильтре ДЗО")): Object: 'Object Repository/Факторный анализ/Снять выделение в фильтре ДЗО' is clicked on

11-03-2025T04:30:31 - [MESSAGE][PASSED] - Object: 'Object Repository/Факторный анализ/Снять выделение в фильтре ДЗО' is clicked on

11-03-2025T04:30:31 - [TEST_STEP][PASSED] - scrollToElement(findTestObject("Общие объекты/Раскрыть список Россети Урал"), 30): Scroll to object 'Object Repository/Общие объекты/Раскрыть список Россети Урал' successfully

11-03-2025T04:30:31 - [MESSAGE][PASSED] - Scroll to object 'Object Repository/Общие объекты/Раскрыть список Россети Урал' successfully

11-03-2025T04:30:31 - [TEST_STEP][PASSED] - click(findTestObject("Факторный анализ/Россети Урал")): Object: 'Object Repository/Факторный анализ/Россети Урал' is clicked on

11-03-2025T04:30:32 - [MESSAGE][PASSED] - Object: 'Object Repository/Факторный анализ/Россети Урал' is clicked on

11-03-2025T04:30:32 - [TEST_STEP][PASSED] - Script1687405718449.Change(todaysDate, typeOfData): null

11-03-2025T04:30:32 - [TEST_STEP][PASSED] - scrollToElement(findTestObject("Факторный анализ/Заголовок дашборда"), 30): Scroll to object 'Object Repository/Факторный анализ/Заголовок дашборда' successfully

11-03-2025T04:30:32 - [MESSAGE][PASSED] - Scroll to object 'Object Repository/Факторный анализ/Заголовок дашборда' successfully

11-03-2025T04:30:32 - [TEST_STEP][PASSED] - click(findTestObject("Факторный анализ/Применить в фильтре ДЗО")): Object: 'Object Repository/Факторный анализ/Применить в фильтре ДЗО' is clicked on

11-03-2025T04:30:33 - [MESSAGE][PASSED] - Object: 'Object Repository/Факторный анализ/Применить в фильтре ДЗО' is clicked on

11-03-2025T04:30:33 - [TEST_STEP][PASSED] - typeOfData = "Филиал": null

11-03-2025T04:30:33 - [TEST_STEP][PASSED] - Script1687405718449.Test(todaysDate, typeOfData): null

11-03-2025T04:30:33 - [TEST_STEP][PASSED] - delay(10): Delayed 10 second(s)

11-03-2025T04:30:43 - [MESSAGE][PASSED] - Delayed 10 second(s)

11-03-2025T04:30:43 - [TEST_STEP][PASSED] - if (verifyTextNotPresent("нет данных", false) == true): null

11-03-2025T04:30:43 - [MESSAGE][PASSED] - Text 'нет данных' is not present on page

11-03-2025T04:30:43 - [TEST_STEP][PASSED] - if (verifyTextNotPresent("Ошибка запроса данных", false) == true): null

11-03-2025T04:30:44 - [MESSAGE][PASSED] - Text 'Ошибка запроса данных' is not present on page

11-03-2025T04:30:44 - [TEST_STEP][PASSED] - if (verifyTextNotPresent("Произошла ошибка при выполнении пользовательского кода", false) == true): null

11-03-2025T04:30:44 - [MESSAGE][PASSED] - Text 'Произошла ошибка при выполнении пользовательского кода' is not present on page

11-03-2025T04:30:44 - [TEST_STEP][PASSED] - if (verifyTextNotPresent("У виджета нет данных", false) == true): null

11-03-2025T04:30:44 - [MESSAGE][PASSED] - Text 'У виджета нет данных' is not present on page

11-03-2025T04:30:44 - [TEST_STEP][PASSED] - if (verifyTextNotPresent("У виджета нет данных", false) == true): Text 'У виджета нет данных' is not present on page

11-03-2025T04:30:45 - [MESSAGE][PASSED] - Text 'У виджета нет данных' is not present on page

11-03-2025T04:30:45 - [TEST_STEP][PASSED] - click(findTestObject("Факторный анализ/Переключить отображение с филиала на месяц")): Object: 'Object Repository/Факторный анализ/Переключить отображение с филиала на месяц' is clicked on

11-03-2025T04:30:45 - [MESSAGE][PASSED] - Object: 'Object Repository/Факторный анализ/Переключить отображение с филиала на месяц' is clicked on

11-03-2025T04:30:45 - [TEST_STEP][PASSED] - typeOfData = "Месяц": null

11-03-2025T04:30:45 - [TEST_STEP][PASSED] - Script1687405718449.Test(todaysDate, typeOfData): null

11-03-2025T04:30:45 - [TEST_STEP][PASSED] - delay(10): Delayed 10 second(s)

11-03-2025T04:30:55 - [MESSAGE][PASSED] - Delayed 10 second(s)

11-03-2025T04:30:55 - [TEST_STEP][PASSED] - if (verifyTextNotPresent("нет данных", false) == true): null

11-03-2025T04:30:56 - [MESSAGE][PASSED] - Text 'нет данных' is not present on page

11-03-2025T04:30:56 - [TEST_STEP][PASSED] - if (verifyTextNotPresent("Ошибка запроса данных", false) == true): null

11-03-2025T04:30:56 - [MESSAGE][PASSED] - Text 'Ошибка запроса данных' is not present on page

11-03-2025T04:30:56 - [TEST_STEP][PASSED] - if (verifyTextNotPresent("Произошла ошибка при выполнении пользовательского кода", false) == true): null

11-03-2025T04:30:57 - [MESSAGE][PASSED] - Text 'Произошла ошибка при выполнении пользовательского кода' is not present on page

11-03-2025T04:30:57 - [TEST_STEP][PASSED] - if (verifyTextNotPresent("У виджета нет данных", false) == true): null

11-03-2025T04:30:57 - [MESSAGE][PASSED] - Text 'У виджета нет данных' is not present on page

11-03-2025T04:30:57 - [TEST_STEP][PASSED] - if (verifyTextNotPresent("У виджета нет данных", false) == true): Text 'У виджета нет данных' is not present on page

11-03-2025T04:30:58 - [MESSAGE][PASSED] - Text 'У виджета нет данных' is not present on page

11-03-2025T04:30:58 - [TEST_STEP][PASSED] - click(findTestObject("Факторный анализ/Переключить отображение с месяца на филиал")): Object: 'Object Repository/Факторный анализ/Переключить отображение с месяца на филиал' is clicked on

11-03-2025T04:30:58 - [MESSAGE][PASSED] - Object: 'Object Repository/Факторный анализ/Переключить отображение с месяца на филиал' is clicked on

11-03-2025T04:30:58 - [TEST_STEP][PASSED] - click(findTestObject("Факторный анализ/Фильтр ДЗО")): Object: 'Object Repository/Факторный анализ/Фильтр ДЗО' is clicked on

11-03-2025T04:30:58 - [MESSAGE][PASSED] - Object: 'Object Repository/Факторный анализ/Фильтр ДЗО' is clicked on

11-03-2025T04:30:58 - [TEST_STEP][PASSED] - click(findTestObject("Факторный анализ/Снять выделение в фильтре ДЗО")): Object: 'Object Repository/Факторный анализ/Снять выделение в фильтре ДЗО' is clicked on

11-03-2025T04:30:59 - [MESSAGE][PASSED] - Object: 'Object Repository/Факторный анализ/Снять выделение в фильтре ДЗО' is clicked on

11-03-2025T04:30:59 - [TEST_STEP][PASSED] - scrollToElement(findTestObject("Общие объекты/Раскрыть список Россети Урал"), 30): Scroll to object 'Object Repository/Общие объекты/Раскрыть список Россети Урал' successfully

11-03-2025T04:30:59 - [MESSAGE][PASSED] - Scroll to object 'Object Repository/Общие объекты/Раскрыть список Россети Урал' successfully

11-03-2025T04:30:59 - [TEST_STEP][PASSED] - click(findTestObject("Общие объекты/Раскрыть список Россети Урал")): Object: 'Object Repository/Общие объекты/Раскрыть список Россети Урал' is clicked on

11-03-2025T04:30:59 - [MESSAGE][PASSED] - Object: 'Object Repository/Общие объекты/Раскрыть список Россети Урал' is clicked on

11-03-2025T04:30:59 - [TEST_STEP][PASSED] - click(findTestObject("Общие объекты/Раскрыть список Россети Урал")): Object: 'Object Repository/Общие объекты/Раскрыть список Россети Урал' is clicked on

11-03-2025T04:31:01 - [MESSAGE][PASSED] - Object: 'Object Repository/Общие объекты/Раскрыть список Россети Урал' is clicked on

11-03-2025T04:31:01 - [TEST_STEP][PASSED] - scrollToElement(findTestObject("Общие объекты/Пермэнерго"), 30): Scroll to object 'Object Repository/Общие объекты/Пермэнерго' successfully

11-03-2025T04:31:01 - [MESSAGE][PASSED] - Scroll to object 'Object Repository/Общие объекты/Пермэнерго' successfully

11-03-2025T04:31:01 - [TEST_STEP][PASSED] - click(findTestObject("Общие объекты/Пермэнерго")): Object: 'Object Repository/Общие объекты/Пермэнерго' is clicked on

11-03-2025T04:31:01 - [MESSAGE][PASSED] - Object: 'Object Repository/Общие объекты/Пермэнерго' is clicked on

11-03-2025T04:31:01 - [TEST_STEP][PASSED] - Script1687405718449.Change(todaysDate, typeOfData): null

11-03-2025T04:31:01 - [TEST_STEP][PASSED] - scrollToElement(findTestObject("Факторный анализ/Заголовок дашборда"), 30): Scroll to object 'Object Repository/Факторный анализ/Заголовок дашборда' successfully

11-03-2025T04:31:02 - [MESSAGE][PASSED] - Scroll to object 'Object Repository/Факторный анализ/Заголовок дашборда' successfully

11-03-2025T04:31:02 - [TEST_STEP][PASSED] - click(findTestObject("Факторный анализ/Применить в фильтре ДЗО")): Object: 'Object Repository/Факторный анализ/Применить в фильтре ДЗО' is clicked on

11-03-2025T04:31:02 - [MESSAGE][PASSED] - Object: 'Object Repository/Факторный анализ/Применить в фильтре ДЗО' is clicked on

11-03-2025T04:31:02 - [TEST_STEP][PASSED] - typeOfData = "Филиал": null

11-03-2025T04:31:02 - [TEST_STEP][PASSED] - Script1687405718449.Test(todaysDate, typeOfData): null

11-03-2025T04:31:02 - [TEST_STEP][PASSED] - delay(10): Delayed 10 second(s)

11-03-2025T04:31:12 - [MESSAGE][PASSED] - Delayed 10 second(s)

11-03-2025T04:31:12 - [TEST_STEP][PASSED] - if (verifyTextNotPresent("нет данных", false) == true): null

11-03-2025T04:31:13 - [MESSAGE][PASSED] - Text 'нет данных' is not present on page

11-03-2025T04:31:13 - [TEST_STEP][PASSED] - if (verifyTextNotPresent("Ошибка запроса данных", false) == true): null

11-03-2025T04:31:13 - [MESSAGE][PASSED] - Text 'Ошибка запроса данных' is not present on page

11-03-2025T04:31:13 - [TEST_STEP][PASSED] - if (verifyTextNotPresent("Произошла ошибка при выполнении пользовательского кода", false) == true): null

11-03-2025T04:31:14 - [MESSAGE][PASSED] - Text 'Произошла ошибка при выполнении пользовательского кода' is not present on page

11-03-2025T04:31:14 - [TEST_STEP][PASSED] - if (verifyTextNotPresent("У виджета нет данных", false) == true): null

11-03-2025T04:31:14 - [MESSAGE][PASSED] - Text 'У виджета нет данных' is not present on page

11-03-2025T04:31:14 - [TEST_STEP][PASSED] - if (verifyTextNotPresent("У виджета нет данных", false) == true): Text 'У виджета нет данных' is not present on page

11-03-2025T04:31:15 - [MESSAGE][PASSED] - Text 'У виджета нет данных' is not present on page

11-03-2025T04:31:15 - [TEST_STEP][PASSED] - click(findTestObject("Факторный анализ/Переключить отображение с филиала на месяц")): Object: 'Object Repository/Факторный анализ/Переключить отображение с филиала на месяц' is clicked on

11-03-2025T04:31:15 - [MESSAGE][PASSED] - Object: 'Object Repository/Факторный анализ/Переключить отображение с филиала на месяц' is clicked on

11-03-2025T04:31:15 - [TEST_STEP][PASSED] - typeOfData = "Месяц": null

11-03-2025T04:31:15 - [TEST_STEP][PASSED] - Script1687405718449.Test(todaysDate, typeOfData): null

11-03-2025T04:31:15 - [TEST_STEP][PASSED] - delay(10): Delayed 10 second(s)

11-03-2025T04:31:25 - [MESSAGE][PASSED] - Delayed 10 second(s)

11-03-2025T04:31:25 - [TEST_STEP][PASSED] - if (verifyTextNotPresent("нет данных", false) == true): null

11-03-2025T04:31:26 - [MESSAGE][PASSED] - Text 'нет данных' is not present on page

11-03-2025T04:31:26 - [TEST_STEP][PASSED] - if (verifyTextNotPresent("Ошибка запроса данных", false) == true): null

11-03-2025T04:31:26 - [MESSAGE][PASSED] - Text 'Ошибка запроса данных' is not present on page

11-03-2025T04:31:26 - [TEST_STEP][PASSED] - if (verifyTextNotPresent("Произошла ошибка при выполнении пользовательского кода", false) == true): null

11-03-2025T04:31:26 - [MESSAGE][PASSED] - Text 'Произошла ошибка при выполнении пользовательского кода' is not present on page

11-03-2025T04:31:26 - [TEST_STEP][PASSED] - if (verifyTextNotPresent("У виджета нет данных", false) == true): null

11-03-2025T04:31:27 - [MESSAGE][PASSED] - Text 'У виджета нет данных' is not present on page

11-03-2025T04:31:27 - [TEST_STEP][PASSED] - if (verifyTextNotPresent("У виджета нет данных", false) == true): Text 'У виджета нет данных' is not present on page

11-03-2025T04:31:27 - [MESSAGE][PASSED] - Text 'У виджета нет данных' is not present on page

11-03-2025T04:31:27 - [TEST_STEP][PASSED] - click(findTestObject("Факторный анализ/Переключить отображение с месяца на филиал")): Object: 'Object Repository/Факторный анализ/Переключить отображение с месяца на филиал' is clicked on

11-03-2025T04:31:28 - [MESSAGE][PASSED] - Object: 'Object Repository/Факторный анализ/Переключить отображение с месяца на филиал' is clicked on

11-03-2025T04:31:28 - [TEST_STEP][PASSED] - click(findTestObject("Факторный анализ/Фильтр ДЗО")): Object: 'Object Repository/Факторный анализ/Фильтр ДЗО' is clicked on

11-03-2025T04:31:28 - [MESSAGE][PASSED] - Object: 'Object Repository/Факторный анализ/Фильтр ДЗО' is clicked on

11-03-2025T04:31:28 - [TEST_STEP][PASSED] - click(findTestObject("Факторный анализ/Снять выделение в фильтре ДЗО")): Object: 'Object Repository/Факторный анализ/Снять выделение в фильтре ДЗО' is clicked on

11-03-2025T04:31:29 - [MESSAGE][PASSED] - Object: 'Object Repository/Факторный анализ/Снять выделение в фильтре ДЗО' is clicked on

11-03-2025T04:31:29 - [TEST_STEP][PASSED] - scrollToElement(findTestObject("Общие объекты/Свердловэнерго"), 30): Scroll to object 'Object Repository/Общие объекты/Свердловэнерго' successfully

11-03-2025T04:31:29 - [MESSAGE][PASSED] - Scroll to object 'Object Repository/Общие объекты/Свердловэнерго' successfully

11-03-2025T04:31:29 - [TEST_STEP][PASSED] - click(findTestObject("Общие объекты/Свердловэнерго")): Object: 'Object Repository/Общие объекты/Свердловэнерго' is clicked on

11-03-2025T04:31:29 - [MESSAGE][PASSED] - Object: 'Object Repository/Общие объекты/Свердловэнерго' is clicked on

11-03-2025T04:31:29 - [TEST_STEP][PASSED] - Script1687405718449.Change(todaysDate, typeOfData): null

11-03-2025T04:31:29 - [TEST_STEP][PASSED] - scrollToElement(findTestObject("Факторный анализ/Заголовок дашборда"), 30): Scroll to object 'Object Repository/Факторный анализ/Заголовок дашборда' successfully

11-03-2025T04:31:30 - [MESSAGE][PASSED] - Scroll to object 'Object Repository/Факторный анализ/Заголовок дашборда' successfully

11-03-2025T04:31:30 - [TEST_STEP][PASSED] - click(findTestObject("Факторный анализ/Применить в фильтре ДЗО")): Object: 'Object Repository/Факторный анализ/Применить в фильтре ДЗО' is clicked on

11-03-2025T04:31:30 - [MESSAGE][PASSED] - Object: 'Object Repository/Факторный анализ/Применить в фильтре ДЗО' is clicked on

11-03-2025T04:31:30 - [TEST_STEP][PASSED] - typeOfData = "Филиал": null

11-03-2025T04:31:30 - [TEST_STEP][PASSED] - Script1687405718449.Test(todaysDate, typeOfData): null

11-03-2025T04:31:30 - [TEST_STEP][PASSED] - delay(10): Delayed 10 second(s)

11-03-2025T04:31:40 - [MESSAGE][PASSED] - Delayed 10 second(s)

11-03-2025T04:31:40 - [TEST_STEP][PASSED] - if (verifyTextNotPresent("нет данных", false) == true): null

11-03-2025T04:31:41 - [MESSAGE][PASSED] - Text 'нет данных' is not present on page

11-03-2025T04:31:41 - [TEST_STEP][PASSED] - if (verifyTextNotPresent("Ошибка запроса данных", false) == true): null

11-03-2025T04:31:41 - [MESSAGE][PASSED] - Text 'Ошибка запроса данных' is not present on page

11-03-2025T04:31:41 - [TEST_STEP][PASSED] - if (verifyTextNotPresent("Произошла ошибка при выполнении пользовательского кода", false) == true): null

11-03-2025T04:31:42 - [MESSAGE][PASSED] - Text 'Произошла ошибка при выполнении пользовательского кода' is not present on page

11-03-2025T04:31:42 - [TEST_STEP][PASSED] - if (verifyTextNotPresent("У виджета нет данных", false) == true): null

11-03-2025T04:31:42 - [MESSAGE][PASSED] - Text 'У виджета нет данных' is not present on page

11-03-2025T04:31:42 - [TEST_STEP][PASSED] - if (verifyTextNotPresent("У виджета нет данных", false) == true): Text 'У виджета нет данных' is not present on page

11-03-2025T04:31:43 - [MESSAGE][PASSED] - Text 'У виджета нет данных' is not present on page

11-03-2025T04:31:43 - [TEST_STEP][PASSED] - click(findTestObject("Факторный анализ/Переключить отображение с филиала на месяц")): Object: 'Object Repository/Факторный анализ/Переключить отображение с филиала на месяц' is clicked on

11-03-2025T04:31:43 - [MESSAGE][PASSED] - Object: 'Object Repository/Факторный анализ/Переключить отображение с филиала на месяц' is clicked on

11-03-2025T04:31:43 - [TEST_STEP][PASSED] - typeOfData = "Месяц": null

11-03-2025T04:31:43 - [TEST_STEP][PASSED] - Script1687405718449.Test(todaysDate, typeOfData): null

11-03-2025T04:31:43 - [TEST_STEP][PASSED] - delay(10): Delayed 10 second(s)

11-03-2025T04:31:53 - [MESSAGE][PASSED] - Delayed 10 second(s)

11-03-2025T04:31:53 - [TEST_STEP][PASSED] - if (verifyTextNotPresent("нет данных", false) == true): null

11-03-2025T04:31:53 - [MESSAGE][PASSED] - Text 'нет данных' is not present on page

11-03-2025T04:31:53 - [TEST_STEP][PASSED] - if (verifyTextNotPresent("Ошибка запроса данных", false) == true): null

11-03-2025T04:31:54 - [MESSAGE][PASSED] - Text 'Ошибка запроса данных' is not present on page

11-03-2025T04:31:54 - [TEST_STEP][PASSED] - if (verifyTextNotPresent("Произошла ошибка при выполнении пользовательского кода", false) == true): null

11-03-2025T04:31:54 - [MESSAGE][PASSED] - Text 'Произошла ошибка при выполнении пользовательского кода' is not present on page

11-03-2025T04:31:54 - [TEST_STEP][PASSED] - if (verifyTextNotPresent("У виджета нет данных", false) == true): null

11-03-2025T04:31:55 - [MESSAGE][PASSED] - Text 'У виджета нет данных' is not present on page

11-03-2025T04:31:55 - [TEST_STEP][PASSED] - if (verifyTextNotPresent("У виджета нет данных", false) == true): Text 'У виджета нет данных' is not present on page

11-03-2025T04:31:55 - [MESSAGE][PASSED] - Text 'У виджета нет данных' is not present on page

11-03-2025T04:31:55 - [TEST_STEP][PASSED] - click(findTestObject("Факторный анализ/Переключить отображение с месяца на филиал")): Object: 'Object Repository/Факторный анализ/Переключить отображение с месяца на филиал' is clicked on

11-03-2025T04:31:55 - [MESSAGE][PASSED] - Object: 'Object Repository/Факторный анализ/Переключить отображение с месяца на филиал' is clicked on

11-03-2025T04:31:55 - [TEST_STEP][PASSED] - click(findTestObject("Факторный анализ/Фильтр ДЗО")): Object: 'Object Repository/Факторный анализ/Фильтр ДЗО' is clicked on

11-03-2025T04:31:56 - [MESSAGE][PASSED] - Object: 'Object Repository/Факторный анализ/Фильтр ДЗО' is clicked on

11-03-2025T04:31:56 - [TEST_STEP][PASSED] - click(findTestObject("Факторный анализ/Снять выделение в фильтре ДЗО")): Object: 'Object Repository/Факторный анализ/Снять выделение в фильтре ДЗО' is clicked on

11-03-2025T04:31:56 - [MESSAGE][PASSED] - Object: 'Object Repository/Факторный анализ/Снять выделение в фильтре ДЗО' is clicked on

11-03-2025T04:31:56 - [TEST_STEP][PASSED] - scrollToElement(findTestObject("Общие объекты/Челябэнерго"), 30): Scroll to object 'Object Repository/Общие объекты/Челябэнерго' successfully

11-03-2025T04:31:57 - [MESSAGE][PASSED] - Scroll to object 'Object Repository/Общие объекты/Челябэнерго' successfully

11-03-2025T04:31:57 - [TEST_STEP][PASSED] - click(findTestObject("Общие объекты/Челябэнерго")): Object: 'Object Repository/Общие объекты/Челябэнерго' is clicked on

11-03-2025T04:31:57 - [MESSAGE][PASSED] - Object: 'Object Repository/Общие объекты/Челябэнерго' is clicked on

11-03-2025T04:31:57 - [TEST_STEP][PASSED] - Script1687405718449.Change(todaysDate, typeOfData): null

11-03-2025T04:31:57 - [TEST_STEP][PASSED] - scrollToElement(findTestObject("Факторный анализ/Заголовок дашборда"), 30): Scroll to object 'Object Repository/Факторный анализ/Заголовок дашборда' successfully

11-03-2025T04:31:57 - [MESSAGE][PASSED] - Scroll to object 'Object Repository/Факторный анализ/Заголовок дашборда' successfully

11-03-2025T04:31:57 - [TEST_STEP][PASSED] - click(findTestObject("Факторный анализ/Применить в фильтре ДЗО")): Object: 'Object Repository/Факторный анализ/Применить в фильтре ДЗО' is clicked on

11-03-2025T04:31:58 - [MESSAGE][PASSED] - Object: 'Object Repository/Факторный анализ/Применить в фильтре ДЗО' is clicked on

11-03-2025T04:31:58 - [TEST_STEP][PASSED] - typeOfData = "Филиал": null

11-03-2025T04:31:58 - [TEST_STEP][PASSED] - Script1687405718449.Test(todaysDate, typeOfData): null

11-03-2025T04:31:58 - [TEST_STEP][PASSED] - delay(10): Delayed 10 second(s)

11-03-2025T04:32:08 - [MESSAGE][PASSED] - Delayed 10 second(s)

11-03-2025T04:32:08 - [TEST_STEP][PASSED] - if (verifyTextNotPresent("нет данных", false) == true): null

11-03-2025T04:32:08 - [MESSAGE][PASSED] - Text 'нет данных' is not present on page

11-03-2025T04:32:08 - [TEST_STEP][PASSED] - if (verifyTextNotPresent("Ошибка запроса данных", false) == true): null

11-03-2025T04:32:09 - [MESSAGE][PASSED] - Text 'Ошибка запроса данных' is not present on page

11-03-2025T04:32:09 - [TEST_STEP][PASSED] - if (verifyTextNotPresent("Произошла ошибка при выполнении пользовательского кода", false) == true): null

11-03-2025T04:32:09 - [MESSAGE][PASSED] - Text 'Произошла ошибка при выполнении пользовательского кода' is not present on page

11-03-2025T04:32:09 - [TEST_STEP][PASSED] - if (verifyTextNotPresent("У виджета нет данных", false) == true): null

11-03-2025T04:32:10 - [MESSAGE][PASSED] - Text 'У виджета нет данных' is not present on page

11-03-2025T04:32:10 - [TEST_STEP][PASSED] - if (verifyTextNotPresent("У виджета нет данных", false) == true): Text 'У виджета нет данных' is not present on page

11-03-2025T04:32:10 - [MESSAGE][PASSED] - Text 'У виджета нет данных' is not present on page

11-03-2025T04:32:10 - [TEST_STEP][PASSED] - click(findTestObject("Факторный анализ/Переключить отображение с филиала на месяц")): Object: 'Object Repository/Факторный анализ/Переключить отображение с филиала на месяц' is clicked on

11-03-2025T04:32:11 - [MESSAGE][PASSED] - Object: 'Object Repository/Факторный анализ/Переключить отображение с филиала на месяц' is clicked on

11-03-2025T04:32:11 - [TEST_STEP][PASSED] - typeOfData = "Месяц": null

11-03-2025T04:32:11 - [TEST_STEP][PASSED] - Script1687405718449.Test(todaysDate, typeOfData): null

11-03-2025T04:32:11 - [TEST_STEP][PASSED] - delay(10): Delayed 10 second(s)

11-03-2025T04:32:21 - [MESSAGE][PASSED] - Delayed 10 second(s)

11-03-2025T04:32:21 - [TEST_STEP][PASSED] - if (verifyTextNotPresent("нет данных", false) == true): null

11-03-2025T04:32:21 - [MESSAGE][PASSED] - Text 'нет данных' is not present on page

11-03-2025T04:32:21 - [TEST_STEP][PASSED] - if (verifyTextNotPresent("Ошибка запроса данных", false) == true): null

11-03-2025T04:32:21 - [MESSAGE][PASSED] - Text 'Ошибка запроса данных' is not present on page

11-03-2025T04:32:21 - [TEST_STEP][PASSED] - if (verifyTextNotPresent("Произошла ошибка при выполнении пользовательского кода", false) == true): null

11-03-2025T04:32:22 - [MESSAGE][PASSED] - Text 'Произошла ошибка при выполнении пользовательского кода' is not present on page

11-03-2025T04:32:22 - [TEST_STEP][PASSED] - if (verifyTextNotPresent("У виджета нет данных", false) == true): null

11-03-2025T04:32:22 - [MESSAGE][PASSED] - Text 'У виджета нет данных' is not present on page

11-03-2025T04:32:22 - [TEST_STEP][PASSED] - if (verifyTextNotPresent("У виджета нет данных", false) == true): Text 'У виджета нет данных' is not present on page

11-03-2025T04:32:23 - [MESSAGE][PASSED] - Text 'У виджета нет данных' is not present on page

11-03-2025T04:32:23 - [TEST_STEP][PASSED] - click(findTestObject("Факторный анализ/Переключить отображение с месяца на филиал")): Object: 'Object Repository/Факторный анализ/Переключить отображение с месяца на филиал' is clicked on

11-03-2025T04:32:23 - [MESSAGE][PASSED] - Object: 'Object Repository/Факторный анализ/Переключить отображение с месяца на филиал' is clicked on

11-03-2025T04:32:23 - [TEST_STEP][PASSED] - click(findTestObject("Факторный анализ/Фильтр ДЗО")): Object: 'Object Repository/Факторный анализ/Фильтр ДЗО' is clicked on

11-03-2025T04:32:24 - [MESSAGE][PASSED] - Object: 'Object Repository/Факторный анализ/Фильтр ДЗО' is clicked on

11-03-2025T04:32:24 - [TEST_STEP][PASSED] - click(findTestObject("Факторный анализ/Снять выделение в фильтре ДЗО")): Object: 'Object Repository/Факторный анализ/Снять выделение в фильтре ДЗО' is clicked on

11-03-2025T04:32:24 - [MESSAGE][PASSED] - Object: 'Object Repository/Факторный анализ/Снять выделение в фильтре ДЗО' is clicked on

11-03-2025T04:32:24 - [TEST_STEP][PASSED] - scrollToElement(findTestObject("Общие объекты/Раскрыть список Россети Центр"), 30): Scroll to object 'Object Repository/Общие объекты/Раскрыть список Россети Центр' successfully

11-03-2025T04:32:24 - [MESSAGE][PASSED] - Scroll to object 'Object Repository/Общие объекты/Раскрыть список Россети Центр' successfully

11-03-2025T04:32:24 - [TEST_STEP][PASSED] - click(findTestObject("Факторный анализ/Россети Центр")): Object: 'Object Repository/Факторный анализ/Россети Центр' is clicked on

11-03-2025T04:32:25 - [MESSAGE][PASSED] - Object: 'Object Repository/Факторный анализ/Россети Центр' is clicked on

11-03-2025T04:32:25 - [TEST_STEP][PASSED] - Script1687405718449.Change(todaysDate, typeOfData): null

11-03-2025T04:32:25 - [TEST_STEP][PASSED] - scrollToElement(findTestObject("Факторный анализ/Заголовок дашборда"), 30): Scroll to object 'Object Repository/Факторный анализ/Заголовок дашборда' successfully

11-03-2025T04:32:25 - [MESSAGE][PASSED] - Scroll to object 'Object Repository/Факторный анализ/Заголовок дашборда' successfully

11-03-2025T04:32:25 - [TEST_STEP][PASSED] - click(findTestObject("Факторный анализ/Применить в фильтре ДЗО")): Object: 'Object Repository/Факторный анализ/Применить в фильтре ДЗО' is clicked on

11-03-2025T04:32:26 - [MESSAGE][PASSED] - Object: 'Object Repository/Факторный анализ/Применить в фильтре ДЗО' is clicked on

11-03-2025T04:32:26 - [TEST_STEP][PASSED] - typeOfData = "Филиал": null

11-03-2025T04:32:26 - [TEST_STEP][PASSED] - Script1687405718449.Test(todaysDate, typeOfData): null

11-03-2025T04:32:26 - [TEST_STEP][PASSED] - delay(10): Delayed 10 second(s)

11-03-2025T04:32:36 - [MESSAGE][PASSED] - Delayed 10 second(s)

11-03-2025T04:32:36 - [TEST_STEP][PASSED] - if (verifyTextNotPresent("нет данных", false) == true): null

11-03-2025T04:32:36 - [MESSAGE][PASSED] - Text 'нет данных' is not present on page

11-03-2025T04:32:36 - [TEST_STEP][PASSED] - if (verifyTextNotPresent("Ошибка запроса данных", false) == true): null

11-03-2025T04:32:37 - [MESSAGE][PASSED] - Text 'Ошибка запроса данных' is not present on page

11-03-2025T04:32:37 - [TEST_STEP][PASSED] - if (verifyTextNotPresent("Произошла ошибка при выполнении пользовательского кода", false) == true): null

11-03-2025T04:32:37 - [MESSAGE][PASSED] - Text 'Произошла ошибка при выполнении пользовательского кода' is not present on page

11-03-2025T04:32:37 - [TEST_STEP][PASSED] - if (verifyTextNotPresent("У виджета нет данных", false) == true): null

11-03-2025T04:32:38 - [MESSAGE][PASSED] - Text 'У виджета нет данных' is not present on page

11-03-2025T04:32:38 - [TEST_STEP][PASSED] - if (verifyTextNotPresent("У виджета нет данных", false) == true): Text 'У виджета нет данных' is not present on page

11-03-2025T04:32:38 - [MESSAGE][PASSED] - Text 'У виджета нет данных' is not present on page

11-03-2025T04:32:38 - [TEST_STEP][PASSED] - click(findTestObject("Факторный анализ/Переключить отображение с филиала на месяц")): Object: 'Object Repository/Факторный анализ/Переключить отображение с филиала на месяц' is clicked on

11-03-2025T04:32:38 - [MESSAGE][PASSED] - Object: 'Object Repository/Факторный анализ/Переключить отображение с филиала на месяц' is clicked on

11-03-2025T04:32:38 - [TEST_STEP][PASSED] - typeOfData = "Месяц": null

11-03-2025T04:32:38 - [TEST_STEP][PASSED] - Script1687405718449.Test(todaysDate, typeOfData): null

11-03-2025T04:32:38 - [TEST_STEP][PASSED] - delay(10): Delayed 10 second(s)

11-03-2025T04:32:48 - [MESSAGE][PASSED] - Delayed 10 second(s)

11-03-2025T04:32:48 - [TEST_STEP][PASSED] - if (verifyTextNotPresent("нет данных", false) == true): null

11-03-2025T04:32:49 - [MESSAGE][PASSED] - Text 'нет данных' is not present on page

11-03-2025T04:32:49 - [TEST_STEP][PASSED] - if (verifyTextNotPresent("Ошибка запроса данных", false) == true): null

11-03-2025T04:32:49 - [MESSAGE][PASSED] - Text 'Ошибка запроса данных' is not present on page

11-03-2025T04:32:49 - [TEST_STEP][PASSED] - if (verifyTextNotPresent("Произошла ошибка при выполнении пользовательского кода", false) == true): null

11-03-2025T04:32:50 - [MESSAGE][PASSED] - Text 'Произошла ошибка при выполнении пользовательского кода' is not present on page

11-03-2025T04:32:50 - [TEST_STEP][PASSED] - if (verifyTextNotPresent("У виджета нет данных", false) == true): null

11-03-2025T04:32:50 - [MESSAGE][PASSED] - Text 'У виджета нет данных' is not present on page

11-03-2025T04:32:50 - [TEST_STEP][PASSED] - if (verifyTextNotPresent("У виджета нет данных", false) == true): Text 'У виджета нет данных' is not present on page

11-03-2025T04:32:51 - [MESSAGE][PASSED] - Text 'У виджета нет данных' is not present on page

11-03-2025T04:32:51 - [TEST_STEP][PASSED] - click(findTestObject("Факторный анализ/Переключить отображение с месяца на филиал")): Object: 'Object Repository/Факторный анализ/Переключить отображение с месяца на филиал' is clicked on

11-03-2025T04:32:51 - [MESSAGE][PASSED] - Object: 'Object Repository/Факторный анализ/Переключить отображение с месяца на филиал' is clicked on

11-03-2025T04:32:51 - [TEST_STEP][PASSED] - click(findTestObject("Факторный анализ/Фильтр ДЗО")): Object: 'Object Repository/Факторный анализ/Фильтр ДЗО' is clicked on

11-03-2025T04:32:51 - [MESSAGE][PASSED] - Object: 'Object Repository/Факторный анализ/Фильтр ДЗО' is clicked on

11-03-2025T04:32:51 - [TEST_STEP][PASSED] - click(findTestObject("Факторный анализ/Снять выделение в фильтре ДЗО")): Object: 'Object Repository/Факторный анализ/Снять выделение в фильтре ДЗО' is clicked on

11-03-2025T04:32:52 - [MESSAGE][PASSED] - Object: 'Object Repository/Факторный анализ/Снять выделение в фильтре ДЗО' is clicked on

11-03-2025T04:32:52 - [TEST_STEP][PASSED] - scrollToElement(findTestObject("Общие объекты/Раскрыть список Россети Центр"), 30): Scroll to object 'Object Repository/Общие объекты/Раскрыть список Россети Центр' successfully

11-03-2025T04:32:52 - [MESSAGE][PASSED] - Scroll to object 'Object Repository/Общие объекты/Раскрыть список Россети Центр' successfully

11-03-2025T04:32:52 - [TEST_STEP][PASSED] - click(findTestObject("Общие объекты/Раскрыть список Россети Центр")): Object: 'Object Repository/Общие объекты/Раскрыть список Россети Центр' is clicked on

11-03-2025T04:32:53 - [MESSAGE][PASSED] - Object: 'Object Repository/Общие объекты/Раскрыть список Россети Центр' is clicked on

11-03-2025T04:32:53 - [TEST_STEP][PASSED] - click(findTestObject("Общие объекты/Раскрыть список Россети Центр")): Object: 'Object Repository/Общие объекты/Раскрыть список Россети Центр' is clicked on

11-03-2025T04:32:54 - [MESSAGE][PASSED] - Object: 'Object Repository/Общие объекты/Раскрыть список Россети Центр' is clicked on

11-03-2025T04:32:54 - [TEST_STEP][PASSED] - scrollToElement(findTestObject("Общие объекты/Белгородэнерго"), 30): Scroll to object 'Object Repository/Общие объекты/Белгородэнерго' successfully

11-03-2025T04:32:54 - [MESSAGE][PASSED] - Scroll to object 'Object Repository/Общие объекты/Белгородэнерго' successfully

11-03-2025T04:32:54 - [TEST_STEP][PASSED] - click(findTestObject("Общие объекты/Белгородэнерго")): Object: 'Object Repository/Общие объекты/Белгородэнерго' is clicked on

11-03-2025T04:32:54 - [MESSAGE][PASSED] - Object: 'Object Repository/Общие объекты/Белгородэнерго' is clicked on

11-03-2025T04:32:54 - [TEST_STEP][PASSED] - Script1687405718449.Change(todaysDate, typeOfData): null

11-03-2025T04:32:54 - [TEST_STEP][PASSED] - scrollToElement(findTestObject("Факторный анализ/Заголовок дашборда"), 30): Scroll to object 'Object Repository/Факторный анализ/Заголовок дашборда' successfully

11-03-2025T04:32:55 - [MESSAGE][PASSED] - Scroll to object 'Object Repository/Факторный анализ/Заголовок дашборда' successfully

11-03-2025T04:32:55 - [TEST_STEP][PASSED] - click(findTestObject("Факторный анализ/Применить в фильтре ДЗО")): Object: 'Object Repository/Факторный анализ/Применить в фильтре ДЗО' is clicked on

11-03-2025T04:32:55 - [MESSAGE][PASSED] - Object: 'Object Repository/Факторный анализ/Применить в фильтре ДЗО' is clicked on

11-03-2025T04:32:55 - [TEST_STEP][PASSED] - typeOfData = "Филиал": null

11-03-2025T04:32:55 - [TEST_STEP][PASSED] - Script1687405718449.Test(todaysDate, typeOfData): null

11-03-2025T04:32:55 - [TEST_STEP][PASSED] - delay(10): Delayed 10 second(s)

11-03-2025T04:33:05 - [MESSAGE][PASSED] - Delayed 10 second(s)

11-03-2025T04:33:05 - [TEST_STEP][PASSED] - if (verifyTextNotPresent("нет данных", false) == true): null

11-03-2025T04:33:06 - [MESSAGE][PASSED] - Text 'нет данных' is not present on page

11-03-2025T04:33:06 - [TEST_STEP][PASSED] - if (verifyTextNotPresent("Ошибка запроса данных", false) == true): null

11-03-2025T04:33:06 - [MESSAGE][PASSED] - Text 'Ошибка запроса данных' is not present on page

11-03-2025T04:33:06 - [TEST_STEP][PASSED] - if (verifyTextNotPresent("Произошла ошибка при выполнении пользовательского кода", false) == true): null

11-03-2025T04:33:07 - [MESSAGE][PASSED] - Text 'Произошла ошибка при выполнении пользовательского кода' is not present on page

11-03-2025T04:33:07 - [TEST_STEP][PASSED] - if (verifyTextNotPresent("У виджета нет данных", false) == true): null

11-03-2025T04:33:07 - [MESSAGE][PASSED] - Text 'У виджета нет данных' is not present on page

11-03-2025T04:33:07 - [TEST_STEP][PASSED] - if (verifyTextNotPresent("У виджета нет данных", false) == true): Text 'У виджета нет данных' is not present on page

11-03-2025T04:33:08 - [MESSAGE][PASSED] - Text 'У виджета нет данных' is not present on page

11-03-2025T04:33:08 - [TEST_STEP][PASSED] - click(findTestObject("Факторный анализ/Переключить отображение с филиала на месяц")): Object: 'Object Repository/Факторный анализ/Переключить отображение с филиала на месяц' is clicked on

11-03-2025T04:33:08 - [MESSAGE][PASSED] - Object: 'Object Repository/Факторный анализ/Переключить отображение с филиала на месяц' is clicked on

11-03-2025T04:33:08 - [TEST_STEP][PASSED] - typeOfData = "Месяц": null

11-03-2025T04:33:08 - [TEST_STEP][PASSED] - Script1687405718449.Test(todaysDate, typeOfData): null

11-03-2025T04:33:08 - [TEST_STEP][PASSED] - delay(10): Delayed 10 second(s)

11-03-2025T04:33:18 - [MESSAGE][PASSED] - Delayed 10 second(s)

11-03-2025T04:33:18 - [TEST_STEP][PASSED] - if (verifyTextNotPresent("нет данных", false) == true): null

11-03-2025T04:33:18 - [MESSAGE][PASSED] - Text 'нет данных' is not present on page

11-03-2025T04:33:18 - [TEST_STEP][PASSED] - if (verifyTextNotPresent("Ошибка запроса данных", false) == true): null

11-03-2025T04:33:19 - [MESSAGE][PASSED] - Text 'Ошибка запроса данных' is not present on page

11-03-2025T04:33:19 - [TEST_STEP][PASSED] - if (verifyTextNotPresent("Произошла ошибка при выполнении пользовательского кода", false) == true): null

11-03-2025T04:33:19 - [MESSAGE][PASSED] - Text 'Произошла ошибка при выполнении пользовательского кода' is not present on page

11-03-2025T04:33:19 - [TEST_STEP][PASSED] - if (verifyTextNotPresent("У виджета нет данных", false) == true): null

11-03-2025T04:33:20 - [MESSAGE][PASSED] - Text 'У виджета нет данных' is not present on page

11-03-2025T04:33:20 - [TEST_STEP][PASSED] - if (verifyTextNotPresent("У виджета нет данных", false) == true): Text 'У виджета нет данных' is not present on page

11-03-2025T04:33:20 - [MESSAGE][PASSED] - Text 'У виджета нет данных' is not present on page

11-03-2025T04:33:20 - [TEST_STEP][PASSED] - click(findTestObject("Факторный анализ/Переключить отображение с месяца на филиал")): Object: 'Object Repository/Факторный анализ/Переключить отображение с месяца на филиал' is clicked on

11-03-2025T04:33:21 - [MESSAGE][PASSED] - Object: 'Object Repository/Факторный анализ/Переключить отображение с месяца на филиал' is clicked on

11-03-2025T04:33:21 - [TEST_STEP][PASSED] - click(findTestObject("Факторный анализ/Фильтр ДЗО")): Object: 'Object Repository/Факторный анализ/Фильтр ДЗО' is clicked on

11-03-2025T04:33:21 - [MESSAGE][PASSED] - Object: 'Object Repository/Факторный анализ/Фильтр ДЗО' is clicked on

11-03-2025T04:33:21 - [TEST_STEP][PASSED] - click(findTestObject("Факторный анализ/Снять выделение в фильтре ДЗО")): Object: 'Object Repository/Факторный анализ/Снять выделение в фильтре ДЗО' is clicked on

11-03-2025T04:33:21 - [MESSAGE][PASSED] - Object: 'Object Repository/Факторный анализ/Снять выделение в фильтре ДЗО' is clicked on

11-03-2025T04:33:21 - [TEST_STEP][PASSED] - scrollToElement(findTestObject("Общие объекты/Брянскэнерго"), 30): Scroll to object 'Object Repository/Общие объекты/Брянскэнерго' successfully

11-03-2025T04:33:22 - [MESSAGE][PASSED] - Scroll to object 'Object Repository/Общие объекты/Брянскэнерго' successfully

11-03-2025T04:33:22 - [TEST_STEP][PASSED] - click(findTestObject("Общие объекты/Брянскэнерго")): Object: 'Object Repository/Общие объекты/Брянскэнерго' is clicked on

11-03-2025T04:33:22 - [MESSAGE][PASSED] - Object: 'Object Repository/Общие объекты/Брянскэнерго' is clicked on

11-03-2025T04:33:22 - [TEST_STEP][PASSED] - Script1687405718449.Change(todaysDate, typeOfData): null

11-03-2025T04:33:22 - [TEST_STEP][PASSED] - scrollToElement(findTestObject("Факторный анализ/Заголовок дашборда"), 30): Scroll to object 'Object Repository/Факторный анализ/Заголовок дашборда' successfully

11-03-2025T04:33:23 - [MESSAGE][PASSED] - Scroll to object 'Object Repository/Факторный анализ/Заголовок дашборда' successfully

11-03-2025T04:33:23 - [TEST_STEP][PASSED] - click(findTestObject("Факторный анализ/Применить в фильтре ДЗО")): Object: 'Object Repository/Факторный анализ/Применить в фильтре ДЗО' is clicked on

11-03-2025T04:33:23 - [MESSAGE][PASSED] - Object: 'Object Repository/Факторный анализ/Применить в фильтре ДЗО' is clicked on

11-03-2025T04:33:23 - [TEST_STEP][PASSED] - typeOfData = "Филиал": null

11-03-2025T04:33:23 - [TEST_STEP][PASSED] - Script1687405718449.Test(todaysDate, typeOfData): null

11-03-2025T04:33:23 - [TEST_STEP][PASSED] - delay(10): Delayed 10 second(s)

11-03-2025T04:33:33 - [MESSAGE][PASSED] - Delayed 10 second(s)

11-03-2025T04:33:33 - [TEST_STEP][PASSED] - if (verifyTextNotPresent("нет данных", false) == true): null

11-03-2025T04:33:34 - [MESSAGE][PASSED] - Text 'нет данных' is not present on page

11-03-2025T04:33:34 - [TEST_STEP][PASSED] - if (verifyTextNotPresent("Ошибка запроса данных", false) == true): null

11-03-2025T04:33:34 - [MESSAGE][PASSED] - Text 'Ошибка запроса данных' is not present on page

11-03-2025T04:33:34 - [TEST_STEP][PASSED] - if (verifyTextNotPresent("Произошла ошибка при выполнении пользовательского кода", false) == true): null

11-03-2025T04:33:34 - [MESSAGE][PASSED] - Text 'Произошла ошибка при выполнении пользовательского кода' is not present on page

11-03-2025T04:33:34 - [TEST_STEP][PASSED] - if (verifyTextNotPresent("У виджета нет данных", false) == true): null

11-03-2025T04:33:35 - [MESSAGE][PASSED] - Text 'У виджета нет данных' is not present on page

11-03-2025T04:33:35 - [TEST_STEP][PASSED] - if (verifyTextNotPresent("У виджета нет данных", false) == true): Text 'У виджета нет данных' is not present on page

11-03-2025T04:33:35 - [MESSAGE][PASSED] - Text 'У виджета нет данных' is not present on page

11-03-2025T04:33:35 - [TEST_STEP][PASSED] - click(findTestObject("Факторный анализ/Переключить отображение с филиала на месяц")): Object: 'Object Repository/Факторный анализ/Переключить отображение с филиала на месяц' is clicked on

11-03-2025T04:33:36 - [MESSAGE][PASSED] - Object: 'Object Repository/Факторный анализ/Переключить отображение с филиала на месяц' is clicked on

11-03-2025T04:33:36 - [TEST_STEP][PASSED] - typeOfData = "Месяц": null

11-03-2025T04:33:36 - [TEST_STEP][PASSED] - Script1687405718449.Test(todaysDate, typeOfData): null

11-03-2025T04:33:36 - [TEST_STEP][PASSED] - delay(10): Delayed 10 second(s)

11-03-2025T04:33:46 - [MESSAGE][PASSED] - Delayed 10 second(s)

11-03-2025T04:33:46 - [TEST_STEP][PASSED] - if (verifyTextNotPresent("нет данных", false) == true): null

11-03-2025T04:33:46 - [MESSAGE][PASSED] - Text 'нет данных' is not present on page

11-03-2025T04:33:46 - [TEST_STEP][PASSED] - if (verifyTextNotPresent("Ошибка запроса данных", false) == true): null

11-03-2025T04:33:47 - [MESSAGE][PASSED] - Text 'Ошибка запроса данных' is not present on page

11-03-2025T04:33:47 - [TEST_STEP][PASSED] - if (verifyTextNotPresent("Произошла ошибка при выполнении пользовательского кода", false) == true): null

11-03-2025T04:33:47 - [MESSAGE][PASSED] - Text 'Произошла ошибка при выполнении пользовательского кода' is not present on page

11-03-2025T04:33:47 - [TEST_STEP][PASSED] - if (verifyTextNotPresent("У виджета нет данных", false) == true): null

11-03-2025T04:33:48 - [MESSAGE][PASSED] - Text 'У виджета нет данных' is not present on page

11-03-2025T04:33:48 - [TEST_STEP][PASSED] - if (verifyTextNotPresent("У виджета нет данных", false) == true): Text 'У виджета нет данных' is not present on page

11-03-2025T04:33:48 - [MESSAGE][PASSED] - Text 'У виджета нет данных' is not present on page

11-03-2025T04:33:48 - [TEST_STEP][PASSED] - click(findTestObject("Факторный анализ/Переключить отображение с месяца на филиал")): Object: 'Object Repository/Факторный анализ/Переключить отображение с месяца на филиал' is clicked on

11-03-2025T04:33:48 - [MESSAGE][PASSED] - Object: 'Object Repository/Факторный анализ/Переключить отображение с месяца на филиал' is clicked on

11-03-2025T04:33:48 - [TEST_STEP][PASSED] - click(findTestObject("Факторный анализ/Фильтр ДЗО")): Object: 'Object Repository/Факторный анализ/Фильтр ДЗО' is clicked on

11-03-2025T04:33:49 - [MESSAGE][PASSED] - Object: 'Object Repository/Факторный анализ/Фильтр ДЗО' is clicked on

11-03-2025T04:33:49 - [TEST_STEP][PASSED] - click(findTestObject("Факторный анализ/Снять выделение в фильтре ДЗО")): Object: 'Object Repository/Факторный анализ/Снять выделение в фильтре ДЗО' is clicked on

11-03-2025T04:33:49 - [MESSAGE][PASSED] - Object: 'Object Repository/Факторный анализ/Снять выделение в фильтре ДЗО' is clicked on

11-03-2025T04:33:49 - [TEST_STEP][PASSED] - scrollToElement(findTestObject("Общие объекты/Воронежэнерго"), 30): Scroll to object 'Object Repository/Общие объекты/Воронежэнерго' successfully

11-03-2025T04:33:50 - [MESSAGE][PASSED] - Scroll to object 'Object Repository/Общие объекты/Воронежэнерго' successfully

11-03-2025T04:33:50 - [TEST_STEP][PASSED] - click(findTestObject("Общие объекты/Воронежэнерго")): Object: 'Object Repository/Общие объекты/Воронежэнерго' is clicked on

11-03-2025T04:33:50 - [MESSAGE][PASSED] - Object: 'Object Repository/Общие объекты/Воронежэнерго' is clicked on

11-03-2025T04:33:50 - [TEST_STEP][PASSED] - Script1687405718449.Change(todaysDate, typeOfData): null

11-03-2025T04:33:50 - [TEST_STEP][PASSED] - scrollToElement(findTestObject("Факторный анализ/Заголовок дашборда"), 30): Scroll to object 'Object Repository/Факторный анализ/Заголовок дашборда' successfully

11-03-2025T04:33:50 - [MESSAGE][PASSED] - Scroll to object 'Object Repository/Факторный анализ/Заголовок дашборда' successfully

11-03-2025T04:33:50 - [TEST_STEP][PASSED] - click(findTestObject("Факторный анализ/Применить в фильтре ДЗО")): Object: 'Object Repository/Факторный анализ/Применить в фильтре ДЗО' is clicked on

11-03-2025T04:33:51 - [MESSAGE][PASSED] - Object: 'Object Repository/Факторный анализ/Применить в фильтре ДЗО' is clicked on

11-03-2025T04:33:51 - [TEST_STEP][PASSED] - typeOfData = "Филиал": null

11-03-2025T04:33:51 - [TEST_STEP][PASSED] - Script1687405718449.Test(todaysDate, typeOfData): null

11-03-2025T04:33:51 - [TEST_STEP][PASSED] - delay(10): Delayed 10 second(s)

11-03-2025T04:34:01 - [MESSAGE][PASSED] - Delayed 10 second(s)

11-03-2025T04:34:01 - [TEST_STEP][PASSED] - if (verifyTextNotPresent("нет данных", false) == true): null

11-03-2025T04:34:01 - [MESSAGE][PASSED] - Text 'нет данных' is not present on page

11-03-2025T04:34:01 - [TEST_STEP][PASSED] - if (verifyTextNotPresent("Ошибка запроса данных", false) == true): null

11-03-2025T04:34:02 - [MESSAGE][PASSED] - Text 'Ошибка запроса данных' is not present on page

11-03-2025T04:34:02 - [TEST_STEP][PASSED] - if (verifyTextNotPresent("Произошла ошибка при выполнении пользовательского кода", false) == true): null

11-03-2025T04:34:02 - [MESSAGE][PASSED] - Text 'Произошла ошибка при выполнении пользовательского кода' is not present on page

11-03-2025T04:34:02 - [TEST_STEP][PASSED] - if (verifyTextNotPresent("У виджета нет данных", false) == true): null

11-03-2025T04:34:03 - [MESSAGE][PASSED] - Text 'У виджета нет данных' is not present on page

11-03-2025T04:34:03 - [TEST_STEP][PASSED] - if (verifyTextNotPresent("У виджета нет данных", false) == true): Text 'У виджета нет данных' is not present on page

11-03-2025T04:34:03 - [MESSAGE][PASSED] - Text 'У виджета нет данных' is not present on page

11-03-2025T04:34:03 - [TEST_STEP][PASSED] - click(findTestObject("Факторный анализ/Переключить отображение с филиала на месяц")): Object: 'Object Repository/Факторный анализ/Переключить отображение с филиала на месяц' is clicked on

11-03-2025T04:34:04 - [MESSAGE][PASSED] - Object: 'Object Repository/Факторный анализ/Переключить отображение с филиала на месяц' is clicked on

11-03-2025T04:34:04 - [TEST_STEP][PASSED] - typeOfData = "Месяц": null

11-03-2025T04:34:04 - [TEST_STEP][PASSED] - Script1687405718449.Test(todaysDate, typeOfData): null

11-03-2025T04:34:04 - [TEST_STEP][PASSED] - delay(10): Delayed 10 second(s)

11-03-2025T04:34:14 - [MESSAGE][PASSED] - Delayed 10 second(s)

11-03-2025T04:34:14 - [TEST_STEP][PASSED] - if (verifyTextNotPresent("нет данных", false) == true): null

11-03-2025T04:34:14 - [MESSAGE][PASSED] - Text 'нет данных' is not present on page

11-03-2025T04:34:14 - [TEST_STEP][PASSED] - if (verifyTextNotPresent("Ошибка запроса данных", false) == true): null

11-03-2025T04:34:15 - [MESSAGE][PASSED] - Text 'Ошибка запроса данных' is not present on page

11-03-2025T04:34:15 - [TEST_STEP][PASSED] - if (verifyTextNotPresent("Произошла ошибка при выполнении пользовательского кода", false) == true): null

11-03-2025T04:34:15 - [MESSAGE][PASSED] - Text 'Произошла ошибка при выполнении пользовательского кода' is not present on page

11-03-2025T04:34:15 - [TEST_STEP][PASSED] - if (verifyTextNotPresent("У виджета нет данных", false) == true): null

11-03-2025T04:34:16 - [MESSAGE][PASSED] - Text 'У виджета нет данных' is not present on page

11-03-2025T04:34:16 - [TEST_STEP][PASSED] - if (verifyTextNotPresent("У виджета нет данных", false) == true): Text 'У виджета нет данных' is not present on page

11-03-2025T04:34:16 - [MESSAGE][PASSED] - Text 'У виджета нет данных' is not present on page

11-03-2025T04:34:16 - [TEST_STEP][PASSED] - click(findTestObject("Факторный анализ/Переключить отображение с месяца на филиал")): Object: 'Object Repository/Факторный анализ/Переключить отображение с месяца на филиал' is clicked on

11-03-2025T04:34:16 - [MESSAGE][PASSED] - Object: 'Object Repository/Факторный анализ/Переключить отображение с месяца на филиал' is clicked on

11-03-2025T04:34:16 - [TEST_STEP][PASSED] - click(findTestObject("Факторный анализ/Фильтр ДЗО")): Object: 'Object Repository/Факторный анализ/Фильтр ДЗО' is clicked on

11-03-2025T04:34:17 - [MESSAGE][PASSED] - Object: 'Object Repository/Факторный анализ/Фильтр ДЗО' is clicked on

11-03-2025T04:34:17 - [TEST_STEP][PASSED] - click(findTestObject("Факторный анализ/Снять выделение в фильтре ДЗО")): Object: 'Object Repository/Факторный анализ/Снять выделение в фильтре ДЗО' is clicked on

11-03-2025T04:34:17 - [MESSAGE][PASSED] - Object: 'Object Repository/Факторный анализ/Снять выделение в фильтре ДЗО' is clicked on

11-03-2025T04:34:17 - [TEST_STEP][PASSED] - scrollToElement(findTestObject("Общие объекты/Костромаэнерго"), 30): Scroll to object 'Object Repository/Общие объекты/Костромаэнерго' successfully

11-03-2025T04:34:17 - [MESSAGE][PASSED] - Scroll to object 'Object Repository/Общие объекты/Костромаэнерго' successfully

11-03-2025T04:34:17 - [TEST_STEP][PASSED] - click(findTestObject("Общие объекты/Костромаэнерго")): Object: 'Object Repository/Общие объекты/Костромаэнерго' is clicked on

11-03-2025T04:34:18 - [MESSAGE][PASSED] - Object: 'Object Repository/Общие объекты/Костромаэнерго' is clicked on

11-03-2025T04:34:18 - [TEST_STEP][PASSED] - Script1687405718449.Change(todaysDate, typeOfData): null

11-03-2025T04:34:18 - [TEST_STEP][PASSED] - scrollToElement(findTestObject("Факторный анализ/Заголовок дашборда"), 30): Scroll to object 'Object Repository/Факторный анализ/Заголовок дашборда' successfully

11-03-2025T04:34:18 - [MESSAGE][PASSED] - Scroll to object 'Object Repository/Факторный анализ/Заголовок дашборда' successfully

11-03-2025T04:34:18 - [TEST_STEP][PASSED] - click(findTestObject("Факторный анализ/Применить в фильтре ДЗО")): Object: 'Object Repository/Факторный анализ/Применить в фильтре ДЗО' is clicked on

11-03-2025T04:34:19 - [MESSAGE][PASSED] - Object: 'Object Repository/Факторный анализ/Применить в фильтре ДЗО' is clicked on

11-03-2025T04:34:19 - [TEST_STEP][PASSED] - typeOfData = "Филиал": null

11-03-2025T04:34:19 - [TEST_STEP][PASSED] - Script1687405718449.Test(todaysDate, typeOfData): null

11-03-2025T04:34:19 - [TEST_STEP][PASSED] - delay(10): Delayed 10 second(s)

11-03-2025T04:34:29 - [MESSAGE][PASSED] - Delayed 10 second(s)

11-03-2025T04:34:29 - [TEST_STEP][PASSED] - if (verifyTextNotPresent("нет данных", false) == true): null

11-03-2025T04:34:29 - [MESSAGE][PASSED] - Text 'нет данных' is not present on page

11-03-2025T04:34:29 - [TEST_STEP][PASSED] - if (verifyTextNotPresent("Ошибка запроса данных", false) == true): null

11-03-2025T04:34:30 - [MESSAGE][PASSED] - Text 'Ошибка запроса данных' is not present on page

11-03-2025T04:34:30 - [TEST_STEP][PASSED] - if (verifyTextNotPresent("Произошла ошибка при выполнении пользовательского кода", false) == true): null

11-03-2025T04:34:30 - [MESSAGE][PASSED] - Text 'Произошла ошибка при выполнении пользовательского кода' is not present on page

11-03-2025T04:34:30 - [TEST_STEP][PASSED] - if (verifyTextNotPresent("У виджета нет данных", false) == true): null

11-03-2025T04:34:31 - [MESSAGE][PASSED] - Text 'У виджета нет данных' is not present on page

11-03-2025T04:34:31 - [TEST_STEP][PASSED] - if (verifyTextNotPresent("У виджета нет данных", false) == true): Text 'У виджета нет данных' is not present on page

11-03-2025T04:34:31 - [MESSAGE][PASSED] - Text 'У виджета нет данных' is not present on page

11-03-2025T04:34:31 - [TEST_STEP][PASSED] - click(findTestObject("Факторный анализ/Переключить отображение с филиала на месяц")): Object: 'Object Repository/Факторный анализ/Переключить отображение с филиала на месяц' is clicked on

11-03-2025T04:34:31 - [MESSAGE][PASSED] - Object: 'Object Repository/Факторный анализ/Переключить отображение с филиала на месяц' is clicked on

11-03-2025T04:34:31 - [TEST_STEP][PASSED] - typeOfData = "Месяц": null

11-03-2025T04:34:31 - [TEST_STEP][PASSED] - Script1687405718449.Test(todaysDate, typeOfData): null

11-03-2025T04:34:31 - [TEST_STEP][PASSED] - delay(10): Delayed 10 second(s)

11-03-2025T04:34:41 - [MESSAGE][PASSED] - Delayed 10 second(s)

11-03-2025T04:34:41 - [TEST_STEP][PASSED] - if (verifyTextNotPresent("нет данных", false) == true): null

11-03-2025T04:34:42 - [MESSAGE][PASSED] - Text 'нет данных' is not present on page

11-03-2025T04:34:42 - [TEST_STEP][PASSED] - if (verifyTextNotPresent("Ошибка запроса данных", false) == true): null

11-03-2025T04:34:42 - [MESSAGE][PASSED] - Text 'Ошибка запроса данных' is not present on page

11-03-2025T04:34:42 - [TEST_STEP][PASSED] - if (verifyTextNotPresent("Произошла ошибка при выполнении пользовательского кода", false) == true): null

11-03-2025T04:34:43 - [MESSAGE][PASSED] - Text 'Произошла ошибка при выполнении пользовательского кода' is not present on page

11-03-2025T04:34:43 - [TEST_STEP][PASSED] - if (verifyTextNotPresent("У виджета нет данных", false) == true): null

11-03-2025T04:34:43 - [MESSAGE][PASSED] - Text 'У виджета нет данных' is not present on page

11-03-2025T04:34:43 - [TEST_STEP][PASSED] - if (verifyTextNotPresent("У виджета нет данных", false) == true): Text 'У виджета нет данных' is not present on page

11-03-2025T04:34:44 - [MESSAGE][PASSED] - Text 'У виджета нет данных' is not present on page

11-03-2025T04:34:44 - [TEST_STEP][PASSED] - click(findTestObject("Факторный анализ/Переключить отображение с месяца на филиал")): Object: 'Object Repository/Факторный анализ/Переключить отображение с месяца на филиал' is clicked on

11-03-2025T04:34:44 - [MESSAGE][PASSED] - Object: 'Object Repository/Факторный анализ/Переключить отображение с месяца на филиал' is clicked on

11-03-2025T04:34:44 - [TEST_STEP][PASSED] - click(findTestObject("Факторный анализ/Фильтр ДЗО")): Object: 'Object Repository/Факторный анализ/Фильтр ДЗО' is clicked on

11-03-2025T04:34:44 - [MESSAGE][PASSED] - Object: 'Object Repository/Факторный анализ/Фильтр ДЗО' is clicked on

11-03-2025T04:34:44 - [TEST_STEP][PASSED] - click(findTestObject("Факторный анализ/Снять выделение в фильтре ДЗО")): Object: 'Object Repository/Факторный анализ/Снять выделение в фильтре ДЗО' is clicked on

11-03-2025T04:34:45 - [MESSAGE][PASSED] - Object: 'Object Repository/Факторный анализ/Снять выделение в фильтре ДЗО' is clicked on

11-03-2025T04:34:45 - [TEST_STEP][PASSED] - scrollToElement(findTestObject("Общие объекты/Курскэнерго"), 30): Scroll to object 'Object Repository/Общие объекты/Курскэнерго' successfully

11-03-2025T04:34:45 - [MESSAGE][PASSED] - Scroll to object 'Object Repository/Общие объекты/Курскэнерго' successfully

11-03-2025T04:34:45 - [TEST_STEP][PASSED] - click(findTestObject("Общие объекты/Курскэнерго")): Object: 'Object Repository/Общие объекты/Курскэнерго' is clicked on

11-03-2025T04:34:46 - [MESSAGE][PASSED] - Object: 'Object Repository/Общие объекты/Курскэнерго' is clicked on

11-03-2025T04:34:46 - [TEST_STEP][PASSED] - Script1687405718449.Change(todaysDate, typeOfData): null

11-03-2025T04:34:46 - [TEST_STEP][PASSED] - scrollToElement(findTestObject("Факторный анализ/Заголовок дашборда"), 30): Scroll to object 'Object Repository/Факторный анализ/Заголовок дашборда' successfully

11-03-2025T04:34:46 - [MESSAGE][PASSED] - Scroll to object 'Object Repository/Факторный анализ/Заголовок дашборда' successfully

11-03-2025T04:34:46 - [TEST_STEP][PASSED] - click(findTestObject("Факторный анализ/Применить в фильтре ДЗО")): Object: 'Object Repository/Факторный анализ/Применить в фильтре ДЗО' is clicked on

11-03-2025T04:34:47 - [MESSAGE][PASSED] - Object: 'Object Repository/Факторный анализ/Применить в фильтре ДЗО' is clicked on

11-03-2025T04:34:47 - [TEST_STEP][PASSED] - typeOfData = "Филиал": null

11-03-2025T04:34:47 - [TEST_STEP][PASSED] - Script1687405718449.Test(todaysDate, typeOfData): null

11-03-2025T04:34:47 - [TEST_STEP][PASSED] - delay(10): Delayed 10 second(s)

11-03-2025T04:34:57 - [MESSAGE][PASSED] - Delayed 10 second(s)

11-03-2025T04:34:57 - [TEST_STEP][PASSED] - if (verifyTextNotPresent("нет данных", false) == true): null

11-03-2025T04:34:57 - [MESSAGE][PASSED] - Text 'нет данных' is not present on page

11-03-2025T04:34:57 - [TEST_STEP][PASSED] - if (verifyTextNotPresent("Ошибка запроса данных", false) == true): null

11-03-2025T04:34:58 - [MESSAGE][PASSED] - Text 'Ошибка запроса данных' is not present on page

11-03-2025T04:34:58 - [TEST_STEP][PASSED] - if (verifyTextNotPresent("Произошла ошибка при выполнении пользовательского кода", false) == true): null

11-03-2025T04:34:58 - [MESSAGE][PASSED] - Text 'Произошла ошибка при выполнении пользовательского кода' is not present on page

11-03-2025T04:34:58 - [TEST_STEP][PASSED] - if (verifyTextNotPresent("У виджета нет данных", false) == true): null

11-03-2025T04:34:58 - [MESSAGE][PASSED] - Text 'У виджета нет данных' is not present on page

11-03-2025T04:34:58 - [TEST_STEP][PASSED] - if (verifyTextNotPresent("У виджета нет данных", false) == true): Text 'У виджета нет данных' is not present on page

11-03-2025T04:34:59 - [MESSAGE][PASSED] - Text 'У виджета нет данных' is not present on page

11-03-2025T04:34:59 - [TEST_STEP][PASSED] - click(findTestObject("Факторный анализ/Переключить отображение с филиала на месяц")): Object: 'Object Repository/Факторный анализ/Переключить отображение с филиала на месяц' is clicked on

11-03-2025T04:34:59 - [MESSAGE][PASSED] - Object: 'Object Repository/Факторный анализ/Переключить отображение с филиала на месяц' is clicked on

11-03-2025T04:34:59 - [TEST_STEP][PASSED] - typeOfData = "Месяц": null

11-03-2025T04:34:59 - [TEST_STEP][PASSED] - Script1687405718449.Test(todaysDate, typeOfData): null

11-03-2025T04:34:59 - [TEST_STEP][PASSED] - delay(10): Delayed 10 second(s)

11-03-2025T04:35:09 - [MESSAGE][PASSED] - Delayed 10 second(s)

11-03-2025T04:35:09 - [TEST_STEP][PASSED] - if (verifyTextNotPresent("нет данных", false) == true): null

11-03-2025T04:35:10 - [MESSAGE][PASSED] - Text 'нет данных' is not present on page

11-03-2025T04:35:10 - [TEST_STEP][PASSED] - if (verifyTextNotPresent("Ошибка запроса данных", false) == true): null

11-03-2025T04:35:10 - [MESSAGE][PASSED] - Text 'Ошибка запроса данных' is not present on page

11-03-2025T04:35:10 - [TEST_STEP][PASSED] - if (verifyTextNotPresent("Произошла ошибка при выполнении пользовательского кода", false) == true): null

11-03-2025T04:35:11 - [MESSAGE][PASSED] - Text 'Произошла ошибка при выполнении пользовательского кода' is not present on page

11-03-2025T04:35:11 - [TEST_STEP][PASSED] - if (verifyTextNotPresent("У виджета нет данных", false) == true): null

11-03-2025T04:35:11 - [MESSAGE][PASSED] - Text 'У виджета нет данных' is not present on page

11-03-2025T04:35:11 - [TEST_STEP][PASSED] - if (verifyTextNotPresent("У виджета нет данных", false) == true): Text 'У виджета нет данных' is not present on page

11-03-2025T04:35:12 - [MESSAGE][PASSED] - Text 'У виджета нет данных' is not present on page

11-03-2025T04:35:12 - [TEST_STEP][PASSED] - click(findTestObject("Факторный анализ/Переключить отображение с месяца на филиал")): Object: 'Object Repository/Факторный анализ/Переключить отображение с месяца на филиал' is clicked on

11-03-2025T04:35:12 - [MESSAGE][PASSED] - Object: 'Object Repository/Факторный анализ/Переключить отображение с месяца на филиал' is clicked on

11-03-2025T04:35:12 - [TEST_STEP][PASSED] - click(findTestObject("Факторный анализ/Фильтр ДЗО")): Object: 'Object Repository/Факторный анализ/Фильтр ДЗО' is clicked on

11-03-2025T04:35:12 - [MESSAGE][PASSED] - Object: 'Object Repository/Факторный анализ/Фильтр ДЗО' is clicked on

11-03-2025T04:35:12 - [TEST_STEP][PASSED] - click(findTestObject("Факторный анализ/Снять выделение в фильтре ДЗО")): Object: 'Object Repository/Факторный анализ/Снять выделение в фильтре ДЗО' is clicked on

11-03-2025T04:35:13 - [MESSAGE][PASSED] - Object: 'Object Repository/Факторный анализ/Снять выделение в фильтре ДЗО' is clicked on

11-03-2025T04:35:13 - [TEST_STEP][PASSED] - scrollToElement(findTestObject("Общие объекты/Липецкэнерго"), 30): Scroll to object 'Object Repository/Общие объекты/Липецкэнерго' successfully

11-03-2025T04:35:13 - [MESSAGE][PASSED] - Scroll to object 'Object Repository/Общие объекты/Липецкэнерго' successfully

11-03-2025T04:35:13 - [TEST_STEP][PASSED] - click(findTestObject("Общие объекты/Липецкэнерго")): Object: 'Object Repository/Общие объекты/Липецкэнерго' is clicked on

11-03-2025T04:35:13 - [MESSAGE][PASSED] - Object: 'Object Repository/Общие объекты/Липецкэнерго' is clicked on

11-03-2025T04:35:13 - [TEST_STEP][PASSED] - Script1687405718449.Change(todaysDate, typeOfData): null

11-03-2025T04:35:13 - [TEST_STEP][PASSED] - scrollToElement(findTestObject("Факторный анализ/Заголовок дашборда"), 30): Scroll to object 'Object Repository/Факторный анализ/Заголовок дашборда' successfully

11-03-2025T04:35:14 - [MESSAGE][PASSED] - Scroll to object 'Object Repository/Факторный анализ/Заголовок дашборда' successfully

11-03-2025T04:35:14 - [TEST_STEP][PASSED] - click(findTestObject("Факторный анализ/Применить в фильтре ДЗО")): Object: 'Object Repository/Факторный анализ/Применить в фильтре ДЗО' is clicked on

11-03-2025T04:35:14 - [MESSAGE][PASSED] - Object: 'Object Repository/Факторный анализ/Применить в фильтре ДЗО' is clicked on

11-03-2025T04:35:14 - [TEST_STEP][PASSED] - typeOfData = "Филиал": null

11-03-2025T04:35:14 - [TEST_STEP][PASSED] - Script1687405718449.Test(todaysDate, typeOfData): null

11-03-2025T04:35:14 - [TEST_STEP][PASSED] - delay(10): Delayed 10 second(s)

11-03-2025T04:35:24 - [MESSAGE][PASSED] - Delayed 10 second(s)

11-03-2025T04:35:24 - [TEST_STEP][PASSED] - if (verifyTextNotPresent("нет данных", false) == true): null

11-03-2025T04:35:25 - [MESSAGE][PASSED] - Text 'нет данных' is not present on page

11-03-2025T04:35:25 - [TEST_STEP][PASSED] - if (verifyTextNotPresent("Ошибка запроса данных", false) == true): null

11-03-2025T04:35:25 - [MESSAGE][PASSED] - Text 'Ошибка запроса данных' is not present on page

11-03-2025T04:35:25 - [TEST_STEP][PASSED] - if (verifyTextNotPresent("Произошла ошибка при выполнении пользовательского кода", false) == true): null

11-03-2025T04:35:26 - [MESSAGE][PASSED] - Text 'Произошла ошибка при выполнении пользовательского кода' is not present on page

11-03-2025T04:35:26 - [TEST_STEP][PASSED] - if (verifyTextNotPresent("У виджета нет данных", false) == true): null

11-03-2025T04:35:26 - [MESSAGE][PASSED] - Text 'У виджета нет данных' is not present on page

11-03-2025T04:35:26 - [TEST_STEP][PASSED] - if (verifyTextNotPresent("У виджета нет данных", false) == true): Text 'У виджета нет данных' is not present on page

11-03-2025T04:35:27 - [MESSAGE][PASSED] - Text 'У виджета нет данных' is not present on page

11-03-2025T04:35:27 - [TEST_STEP][PASSED] - click(findTestObject("Факторный анализ/Переключить отображение с филиала на месяц")): Object: 'Object Repository/Факторный анализ/Переключить отображение с филиала на месяц' is clicked on

11-03-2025T04:35:27 - [MESSAGE][PASSED] - Object: 'Object Repository/Факторный анализ/Переключить отображение с филиала на месяц' is clicked on

11-03-2025T04:35:27 - [TEST_STEP][PASSED] - typeOfData = "Месяц": null

11-03-2025T04:35:27 - [TEST_STEP][PASSED] - Script1687405718449.Test(todaysDate, typeOfData): null

11-03-2025T04:35:27 - [TEST_STEP][PASSED] - delay(10): Delayed 10 second(s)

11-03-2025T04:35:37 - [MESSAGE][PASSED] - Delayed 10 second(s)

11-03-2025T04:35:37 - [TEST_STEP][PASSED] - if (verifyTextNotPresent("нет данных", false) == true): null

11-03-2025T04:35:38 - [MESSAGE][PASSED] - Text 'нет данных' is not present on page

11-03-2025T04:35:38 - [TEST_STEP][PASSED] - if (verifyTextNotPresent("Ошибка запроса данных", false) == true): null

11-03-2025T04:35:38 - [MESSAGE][PASSED] - Text 'Ошибка запроса данных' is not present on page

11-03-2025T04:35:38 - [TEST_STEP][PASSED] - if (verifyTextNotPresent("Произошла ошибка при выполнении пользовательского кода", false) == true): null

11-03-2025T04:35:39 - [MESSAGE][PASSED] - Text 'Произошла ошибка при выполнении пользовательского кода' is not present on page

11-03-2025T04:35:39 - [TEST_STEP][PASSED] - if (verifyTextNotPresent("У виджета нет данных", false) == true): null

11-03-2025T04:35:39 - [MESSAGE][PASSED] - Text 'У виджета нет данных' is not present on page

11-03-2025T04:35:39 - [TEST_STEP][PASSED] - if (verifyTextNotPresent("У виджета нет данных", false) == true): Text 'У виджета нет данных' is not present on page

11-03-2025T04:35:40 - [MESSAGE][PASSED] - Text 'У виджета нет данных' is not present on page

11-03-2025T04:35:40 - [TEST_STEP][PASSED] - click(findTestObject("Факторный анализ/Переключить отображение с месяца на филиал")): Object: 'Object Repository/Факторный анализ/Переключить отображение с месяца на филиал' is clicked on

11-03-2025T04:35:40 - [MESSAGE][PASSED] - Object: 'Object Repository/Факторный анализ/Переключить отображение с месяца на филиал' is clicked on

11-03-2025T04:35:40 - [TEST_STEP][PASSED] - click(findTestObject("Факторный анализ/Фильтр ДЗО")): Object: 'Object Repository/Факторный анализ/Фильтр ДЗО' is clicked on

11-03-2025T04:35:40 - [MESSAGE][PASSED] - Object: 'Object Repository/Факторный анализ/Фильтр ДЗО' is clicked on

11-03-2025T04:35:40 - [TEST_STEP][PASSED] - click(findTestObject("Факторный анализ/Снять выделение в фильтре ДЗО")): Object: 'Object Repository/Факторный анализ/Снять выделение в фильтре ДЗО' is clicked on

11-03-2025T04:35:41 - [MESSAGE][PASSED] - Object: 'Object Repository/Факторный анализ/Снять выделение в фильтре ДЗО' is clicked on

11-03-2025T04:35:41 - [TEST_STEP][PASSED] - scrollToElement(findTestObject("Общие объекты/Орелэнерго"), 30): Scroll to object 'Object Repository/Общие объекты/Орелэнерго' successfully

11-03-2025T04:35:41 - [MESSAGE][PASSED] - Scroll to object 'Object Repository/Общие объекты/Орелэнерго' successfully

11-03-2025T04:35:41 - [TEST_STEP][PASSED] - click(findTestObject("Общие объекты/Орелэнерго")): Object: 'Object Repository/Общие объекты/Орелэнерго' is clicked on

11-03-2025T04:35:41 - [MESSAGE][PASSED] - Object: 'Object Repository/Общие объекты/Орелэнерго' is clicked on

11-03-2025T04:35:41 - [TEST_STEP][PASSED] - Script1687405718449.Change(todaysDate, typeOfData): null

11-03-2025T04:35:41 - [TEST_STEP][PASSED] - scrollToElement(findTestObject("Факторный анализ/Заголовок дашборда"), 30): Scroll to object 'Object Repository/Факторный анализ/Заголовок дашборда' successfully

11-03-2025T04:35:42 - [MESSAGE][PASSED] - Scroll to object 'Object Repository/Факторный анализ/Заголовок дашборда' successfully

11-03-2025T04:35:42 - [TEST_STEP][PASSED] - click(findTestObject("Факторный анализ/Применить в фильтре ДЗО")): Object: 'Object Repository/Факторный анализ/Применить в фильтре ДЗО' is clicked on

11-03-2025T04:35:42 - [MESSAGE][PASSED] - Object: 'Object Repository/Факторный анализ/Применить в фильтре ДЗО' is clicked on

11-03-2025T04:35:42 - [TEST_STEP][PASSED] - typeOfData = "Филиал": null

11-03-2025T04:35:42 - [TEST_STEP][PASSED] - Script1687405718449.Test(todaysDate, typeOfData): null

11-03-2025T04:35:42 - [TEST_STEP][PASSED] - delay(10): Delayed 10 second(s)

11-03-2025T04:35:52 - [MESSAGE][PASSED] - Delayed 10 second(s)

11-03-2025T04:35:52 - [TEST_STEP][PASSED] - if (verifyTextNotPresent("нет данных", false) == true): null

11-03-2025T04:35:53 - [MESSAGE][PASSED] - Text 'нет данных' is not present on page

11-03-2025T04:35:53 - [TEST_STEP][PASSED] - if (verifyTextNotPresent("Ошибка запроса данных", false) == true): null

11-03-2025T04:35:53 - [MESSAGE][PASSED] - Text 'Ошибка запроса данных' is not present on page

11-03-2025T04:35:53 - [TEST_STEP][PASSED] - if (verifyTextNotPresent("Произошла ошибка при выполнении пользовательского кода", false) == true): null

11-03-2025T04:35:54 - [MESSAGE][PASSED] - Text 'Произошла ошибка при выполнении пользовательского кода' is not present on page

11-03-2025T04:35:54 - [TEST_STEP][PASSED] - if (verifyTextNotPresent("У виджета нет данных", false) == true): null

11-03-2025T04:35:54 - [MESSAGE][PASSED] - Text 'У виджета нет данных' is not present on page

11-03-2025T04:35:54 - [TEST_STEP][PASSED] - if (verifyTextNotPresent("У виджета нет данных", false) == true): Text 'У виджета нет данных' is not present on page

11-03-2025T04:35:55 - [MESSAGE][PASSED] - Text 'У виджета нет данных' is not present on page

11-03-2025T04:35:55 - [TEST_STEP][PASSED] - click(findTestObject("Факторный анализ/Переключить отображение с филиала на месяц")): Object: 'Object Repository/Факторный анализ/Переключить отображение с филиала на месяц' is clicked on

11-03-2025T04:35:55 - [MESSAGE][PASSED] - Object: 'Object Repository/Факторный анализ/Переключить отображение с филиала на месяц' is clicked on

11-03-2025T04:35:55 - [TEST_STEP][PASSED] - typeOfData = "Месяц": null

11-03-2025T04:35:55 - [TEST_STEP][PASSED] - Script1687405718449.Test(todaysDate, typeOfData): null

11-03-2025T04:35:55 - [TEST_STEP][PASSED] - delay(10): Delayed 10 second(s)

11-03-2025T04:36:05 - [MESSAGE][PASSED] - Delayed 10 second(s)

11-03-2025T04:36:05 - [TEST_STEP][PASSED] - if (verifyTextNotPresent("нет данных", false) == true): null

11-03-2025T04:36:06 - [MESSAGE][PASSED] - Text 'нет данных' is not present on page

11-03-2025T04:36:06 - [TEST_STEP][PASSED] - if (verifyTextNotPresent("Ошибка запроса данных", false) == true): null

11-03-2025T04:36:06 - [MESSAGE][PASSED] - Text 'Ошибка запроса данных' is not present on page

11-03-2025T04:36:06 - [TEST_STEP][PASSED] - if (verifyTextNotPresent("Произошла ошибка при выполнении пользовательского кода", false) == true): null

11-03-2025T04:36:07 - [MESSAGE][PASSED] - Text 'Произошла ошибка при выполнении пользовательского кода' is not present on page

11-03-2025T04:36:07 - [TEST_STEP][PASSED] - if (verifyTextNotPresent("У виджета нет данных", false) == true): null

11-03-2025T04:36:07 - [MESSAGE][PASSED] - Text 'У виджета нет данных' is not present on page

11-03-2025T04:36:07 - [TEST_STEP][PASSED] - if (verifyTextNotPresent("У виджета нет данных", false) == true): Text 'У виджета нет данных' is not present on page

11-03-2025T04:36:07 - [MESSAGE][PASSED] - Text 'У виджета нет данных' is not present on page

11-03-2025T04:36:07 - [TEST_STEP][PASSED] - click(findTestObject("Факторный анализ/Переключить отображение с месяца на филиал")): Object: 'Object Repository/Факторный анализ/Переключить отображение с месяца на филиал' is clicked on

11-03-2025T04:36:08 - [MESSAGE][PASSED] - Object: 'Object Repository/Факторный анализ/Переключить отображение с месяца на филиал' is clicked on

11-03-2025T04:36:08 - [TEST_STEP][PASSED] - click(findTestObject("Факторный анализ/Фильтр ДЗО")): Object: 'Object Repository/Факторный анализ/Фильтр ДЗО' is clicked on

11-03-2025T04:36:08 - [MESSAGE][PASSED] - Object: 'Object Repository/Факторный анализ/Фильтр ДЗО' is clicked on

11-03-2025T04:36:08 - [TEST_STEP][PASSED] - click(findTestObject("Факторный анализ/Снять выделение в фильтре ДЗО")): Object: 'Object Repository/Факторный анализ/Снять выделение в фильтре ДЗО' is clicked on

11-03-2025T04:36:09 - [MESSAGE][PASSED] - Object: 'Object Repository/Факторный анализ/Снять выделение в фильтре ДЗО' is clicked on

11-03-2025T04:36:09 - [TEST_STEP][PASSED] - scrollToElement(findTestObject("Общие объекты/Смоленскэнерго"), 30): Scroll to object 'Object Repository/Общие объекты/Смоленскэнерго' successfully

11-03-2025T04:36:09 - [MESSAGE][PASSED] - Scroll to object 'Object Repository/Общие объекты/Смоленскэнерго' successfully

11-03-2025T04:36:09 - [TEST_STEP][PASSED] - click(findTestObject("Общие объекты/Смоленскэнерго")): Object: 'Object Repository/Общие объекты/Смоленскэнерго' is clicked on

11-03-2025T04:36:09 - [MESSAGE][PASSED] - Object: 'Object Repository/Общие объекты/Смоленскэнерго' is clicked on

11-03-2025T04:36:09 - [TEST_STEP][PASSED] - Script1687405718449.Change(todaysDate, typeOfData): null

11-03-2025T04:36:09 - [TEST_STEP][PASSED] - scrollToElement(findTestObject("Факторный анализ/Заголовок дашборда"), 30): Scroll to object 'Object Repository/Факторный анализ/Заголовок дашборда' successfully

11-03-2025T04:36:10 - [MESSAGE][PASSED] - Scroll to object 'Object Repository/Факторный анализ/Заголовок дашборда' successfully

11-03-2025T04:36:10 - [TEST_STEP][PASSED] - click(findTestObject("Факторный анализ/Применить в фильтре ДЗО")): Object: 'Object Repository/Факторный анализ/Применить в фильтре ДЗО' is clicked on

11-03-2025T04:36:10 - [MESSAGE][PASSED] - Object: 'Object Repository/Факторный анализ/Применить в фильтре ДЗО' is clicked on

11-03-2025T04:36:10 - [TEST_STEP][PASSED] - typeOfData = "Филиал": null

11-03-2025T04:36:10 - [TEST_STEP][PASSED] - Script1687405718449.Test(todaysDate, typeOfData): null

11-03-2025T04:36:10 - [TEST_STEP][PASSED] - delay(10): Delayed 10 second(s)

11-03-2025T04:36:20 - [MESSAGE][PASSED] - Delayed 10 second(s)

11-03-2025T04:36:20 - [TEST_STEP][PASSED] - if (verifyTextNotPresent("нет данных", false) == true): null

11-03-2025T04:36:21 - [MESSAGE][PASSED] - Text 'нет данных' is not present on page

11-03-2025T04:36:21 - [TEST_STEP][PASSED] - if (verifyTextNotPresent("Ошибка запроса данных", false) == true): null

11-03-2025T04:36:21 - [MESSAGE][PASSED] - Text 'Ошибка запроса данных' is not present on page

11-03-2025T04:36:21 - [TEST_STEP][PASSED] - if (verifyTextNotPresent("Произошла ошибка при выполнении пользовательского кода", false) == true): null

11-03-2025T04:36:22 - [MESSAGE][PASSED] - Text 'Произошла ошибка при выполнении пользовательского кода' is not present on page

11-03-2025T04:36:22 - [TEST_STEP][PASSED] - if (verifyTextNotPresent("У виджета нет данных", false) == true): null

11-03-2025T04:36:22 - [MESSAGE][PASSED] - Text 'У виджета нет данных' is not present on page

11-03-2025T04:36:22 - [TEST_STEP][PASSED] - if (verifyTextNotPresent("У виджета нет данных", false) == true): Text 'У виджета нет данных' is not present on page

11-03-2025T04:36:23 - [MESSAGE][PASSED] - Text 'У виджета нет данных' is not present on page

11-03-2025T04:36:23 - [TEST_STEP][PASSED] - click(findTestObject("Факторный анализ/Переключить отображение с филиала на месяц")): Object: 'Object Repository/Факторный анализ/Переключить отображение с филиала на месяц' is clicked on

11-03-2025T04:36:23 - [MESSAGE][PASSED] - Object: 'Object Repository/Факторный анализ/Переключить отображение с филиала на месяц' is clicked on

11-03-2025T04:36:23 - [TEST_STEP][PASSED] - typeOfData = "Месяц": null

11-03-2025T04:36:23 - [TEST_STEP][PASSED] - Script1687405718449.Test(todaysDate, typeOfData): null

11-03-2025T04:36:23 - [TEST_STEP][PASSED] - delay(10): Delayed 10 second(s)

11-03-2025T04:36:33 - [MESSAGE][PASSED] - Delayed 10 second(s)

11-03-2025T04:36:33 - [TEST_STEP][PASSED] - if (verifyTextNotPresent("нет данных", false) == true): null

11-03-2025T04:36:33 - [MESSAGE][PASSED] - Text 'нет данных' is not present on page

11-03-2025T04:36:33 - [TEST_STEP][PASSED] - if (verifyTextNotPresent("Ошибка запроса данных", false) == true): null

11-03-2025T04:36:34 - [MESSAGE][PASSED] - Text 'Ошибка запроса данных' is not present on page

11-03-2025T04:36:34 - [TEST_STEP][PASSED] - if (verifyTextNotPresent("Произошла ошибка при выполнении пользовательского кода", false) == true): null

11-03-2025T04:36:34 - [MESSAGE][PASSED] - Text 'Произошла ошибка при выполнении пользовательского кода' is not present on page

11-03-2025T04:36:34 - [TEST_STEP][PASSED] - if (verifyTextNotPresent("У виджета нет данных", false) == true): null

11-03-2025T04:36:35 - [MESSAGE][PASSED] - Text 'У виджета нет данных' is not present on page

11-03-2025T04:36:35 - [TEST_STEP][PASSED] - if (verifyTextNotPresent("У виджета нет данных", false) == true): Text 'У виджета нет данных' is not present on page

11-03-2025T04:36:35 - [MESSAGE][PASSED] - Text 'У виджета нет данных' is not present on page

11-03-2025T04:36:35 - [TEST_STEP][PASSED] - click(findTestObject("Факторный анализ/Переключить отображение с месяца на филиал")): Object: 'Object Repository/Факторный анализ/Переключить отображение с месяца на филиал' is clicked on

11-03-2025T04:36:36 - [MESSAGE][PASSED] - Object: 'Object Repository/Факторный анализ/Переключить отображение с месяца на филиал' is clicked on

11-03-2025T04:36:36 - [TEST_STEP][PASSED] - click(findTestObject("Факторный анализ/Фильтр ДЗО")): Object: 'Object Repository/Факторный анализ/Фильтр ДЗО' is clicked on

11-03-2025T04:36:36 - [MESSAGE][PASSED] - Object: 'Object Repository/Факторный анализ/Фильтр ДЗО' is clicked on

11-03-2025T04:36:36 - [TEST_STEP][PASSED] - click(findTestObject("Факторный анализ/Снять выделение в фильтре ДЗО")): Object: 'Object Repository/Факторный анализ/Снять выделение в фильтре ДЗО' is clicked on

11-03-2025T04:36:36 - [MESSAGE][PASSED] - Object: 'Object Repository/Факторный анализ/Снять выделение в фильтре ДЗО' is clicked on

11-03-2025T04:36:36 - [TEST_STEP][PASSED] - scrollToElement(findTestObject("Общие объекты/Тамбовэнерго"), 30): Scroll to object 'Object Repository/Общие объекты/Тамбовэнерго' successfully

11-03-2025T04:36:37 - [MESSAGE][PASSED] - Scroll to object 'Object Repository/Общие объекты/Тамбовэнерго' successfully

11-03-2025T04:36:37 - [TEST_STEP][PASSED] - click(findTestObject("Общие объекты/Тамбовэнерго")): Object: 'Object Repository/Общие объекты/Тамбовэнерго' is clicked on

11-03-2025T04:36:37 - [MESSAGE][PASSED] - Object: 'Object Repository/Общие объекты/Тамбовэнерго' is clicked on

11-03-2025T04:36:37 - [TEST_STEP][PASSED] - Script1687405718449.Change(todaysDate, typeOfData): null

11-03-2025T04:36:37 - [TEST_STEP][PASSED] - scrollToElement(findTestObject("Факторный анализ/Заголовок дашборда"), 30): Scroll to object 'Object Repository/Факторный анализ/Заголовок дашборда' successfully

11-03-2025T04:36:38 - [MESSAGE][PASSED] - Scroll to object 'Object Repository/Факторный анализ/Заголовок дашборда' successfully

11-03-2025T04:36:38 - [TEST_STEP][PASSED] - click(findTestObject("Факторный анализ/Применить в фильтре ДЗО")): Object: 'Object Repository/Факторный анализ/Применить в фильтре ДЗО' is clicked on

11-03-2025T04:36:38 - [MESSAGE][PASSED] - Object: 'Object Repository/Факторный анализ/Применить в фильтре ДЗО' is clicked on

11-03-2025T04:36:38 - [TEST_STEP][PASSED] - typeOfData = "Филиал": null

11-03-2025T04:36:38 - [TEST_STEP][PASSED] - Script1687405718449.Test(todaysDate, typeOfData): null

11-03-2025T04:36:38 - [TEST_STEP][PASSED] - delay(10): Delayed 10 second(s)

11-03-2025T04:36:48 - [MESSAGE][PASSED] - Delayed 10 second(s)

11-03-2025T04:36:48 - [TEST_STEP][PASSED] - if (verifyTextNotPresent("нет данных", false) == true): null

11-03-2025T04:36:49 - [MESSAGE][PASSED] - Text 'нет данных' is not present on page

11-03-2025T04:36:49 - [TEST_STEP][PASSED] - if (verifyTextNotPresent("Ошибка запроса данных", false) == true): null

11-03-2025T04:36:49 - [MESSAGE][PASSED] - Text 'Ошибка запроса данных' is not present on page

11-03-2025T04:36:49 - [TEST_STEP][PASSED] - if (verifyTextNotPresent("Произошла ошибка при выполнении пользовательского кода", false) == true): null

11-03-2025T04:36:50 - [MESSAGE][PASSED] - Text 'Произошла ошибка при выполнении пользовательского кода' is not present on page

11-03-2025T04:36:50 - [TEST_STEP][PASSED] - if (verifyTextNotPresent("У виджета нет данных", false) == true): null

11-03-2025T04:36:50 - [MESSAGE][PASSED] - Text 'У виджета нет данных' is not present on page

11-03-2025T04:36:50 - [TEST_STEP][PASSED] - if (verifyTextNotPresent("У виджета нет данных", false) == true): Text 'У виджета нет данных' is not present on page

11-03-2025T04:36:50 - [MESSAGE][PASSED] - Text 'У виджета нет данных' is not present on page

11-03-2025T04:36:50 - [TEST_STEP][PASSED] - click(findTestObject("Факторный анализ/Переключить отображение с филиала на месяц")): Object: 'Object Repository/Факторный анализ/Переключить отображение с филиала на месяц' is clicked on

11-03-2025T04:36:51 - [MESSAGE][PASSED] - Object: 'Object Repository/Факторный анализ/Переключить отображение с филиала на месяц' is clicked on

11-03-2025T04:36:51 - [TEST_STEP][PASSED] - typeOfData = "Месяц": null

11-03-2025T04:36:51 - [TEST_STEP][PASSED] - Script1687405718449.Test(todaysDate, typeOfData): null

11-03-2025T04:36:51 - [TEST_STEP][PASSED] - delay(10): Delayed 10 second(s)

11-03-2025T04:37:01 - [MESSAGE][PASSED] - Delayed 10 second(s)

11-03-2025T04:37:01 - [TEST_STEP][PASSED] - if (verifyTextNotPresent("нет данных", false) == true): null

11-03-2025T04:37:01 - [MESSAGE][PASSED] - Text 'нет данных' is not present on page

11-03-2025T04:37:01 - [TEST_STEP][PASSED] - if (verifyTextNotPresent("Ошибка запроса данных", false) == true): null

11-03-2025T04:37:02 - [MESSAGE][PASSED] - Text 'Ошибка запроса данных' is not present on page

11-03-2025T04:37:02 - [TEST_STEP][PASSED] - if (verifyTextNotPresent("Произошла ошибка при выполнении пользовательского кода", false) == true): null

11-03-2025T04:37:02 - [MESSAGE][PASSED] - Text 'Произошла ошибка при выполнении пользовательского кода' is not present on page

11-03-2025T04:37:02 - [TEST_STEP][PASSED] - if (verifyTextNotPresent("У виджета нет данных", false) == true): null

11-03-2025T04:37:03 - [MESSAGE][PASSED] - Text 'У виджета нет данных' is not present on page

11-03-2025T04:37:03 - [TEST_STEP][PASSED] - if (verifyTextNotPresent("У виджета нет данных", false) == true): Text 'У виджета нет данных' is not present on page

11-03-2025T04:37:03 - [MESSAGE][PASSED] - Text 'У виджета нет данных' is not present on page

11-03-2025T04:37:03 - [TEST_STEP][PASSED] - click(findTestObject("Факторный анализ/Переключить отображение с месяца на филиал")): Object: 'Object Repository/Факторный анализ/Переключить отображение с месяца на филиал' is clicked on

11-03-2025T04:37:03 - [MESSAGE][PASSED] - Object: 'Object Repository/Факторный анализ/Переключить отображение с месяца на филиал' is clicked on

11-03-2025T04:37:03 - [TEST_STEP][PASSED] - click(findTestObject("Факторный анализ/Фильтр ДЗО")): Object: 'Object Repository/Факторный анализ/Фильтр ДЗО' is clicked on

11-03-2025T04:37:04 - [MESSAGE][PASSED] - Object: 'Object Repository/Факторный анализ/Фильтр ДЗО' is clicked on

11-03-2025T04:37:04 - [TEST_STEP][PASSED] - click(findTestObject("Факторный анализ/Снять выделение в фильтре ДЗО")): Object: 'Object Repository/Факторный анализ/Снять выделение в фильтре ДЗО' is clicked on

11-03-2025T04:37:04 - [MESSAGE][PASSED] - Object: 'Object Repository/Факторный анализ/Снять выделение в фильтре ДЗО' is clicked on

11-03-2025T04:37:04 - [TEST_STEP][PASSED] - scrollToElement(findTestObject("Общие объекты/Тверьэнерго"), 30): Scroll to object 'Object Repository/Общие объекты/Тверьэнерго' successfully

11-03-2025T04:37:05 - [MESSAGE][PASSED] - Scroll to object 'Object Repository/Общие объекты/Тверьэнерго' successfully

11-03-2025T04:37:05 - [TEST_STEP][PASSED] - click(findTestObject("Общие объекты/Тверьэнерго")): Object: 'Object Repository/Общие объекты/Тверьэнерго' is clicked on

11-03-2025T04:37:05 - [MESSAGE][PASSED] - Object: 'Object Repository/Общие объекты/Тверьэнерго' is clicked on

11-03-2025T04:37:05 - [TEST_STEP][PASSED] - Script1687405718449.Change(todaysDate, typeOfData): null

11-03-2025T04:37:05 - [TEST_STEP][PASSED] - scrollToElement(findTestObject("Факторный анализ/Заголовок дашборда"), 30): Scroll to object 'Object Repository/Факторный анализ/Заголовок дашборда' successfully

11-03-2025T04:37:05 - [MESSAGE][PASSED] - Scroll to object 'Object Repository/Факторный анализ/Заголовок дашборда' successfully

11-03-2025T04:37:05 - [TEST_STEP][PASSED] - click(findTestObject("Факторный анализ/Применить в фильтре ДЗО")): Object: 'Object Repository/Факторный анализ/Применить в фильтре ДЗО' is clicked on

11-03-2025T04:37:06 - [MESSAGE][PASSED] - Object: 'Object Repository/Факторный анализ/Применить в фильтре ДЗО' is clicked on

11-03-2025T04:37:06 - [TEST_STEP][PASSED] - typeOfData = "Филиал": null

11-03-2025T04:37:06 - [TEST_STEP][PASSED] - Script1687405718449.Test(todaysDate, typeOfData): null

11-03-2025T04:37:06 - [TEST_STEP][PASSED] - delay(10): Delayed 10 second(s)

11-03-2025T04:37:16 - [MESSAGE][PASSED] - Delayed 10 second(s)

11-03-2025T04:37:16 - [TEST_STEP][PASSED] - if (verifyTextNotPresent("нет данных", false) == true): null

11-03-2025T04:37:16 - [MESSAGE][PASSED] - Text 'нет данных' is not present on page

11-03-2025T04:37:16 - [TEST_STEP][PASSED] - if (verifyTextNotPresent("Ошибка запроса данных", false) == true): null

11-03-2025T04:37:17 - [MESSAGE][PASSED] - Text 'Ошибка запроса данных' is not present on page

11-03-2025T04:37:17 - [TEST_STEP][PASSED] - if (verifyTextNotPresent("Произошла ошибка при выполнении пользовательского кода", false) == true): null

11-03-2025T04:37:17 - [MESSAGE][PASSED] - Text 'Произошла ошибка при выполнении пользовательского кода' is not present on page

11-03-2025T04:37:17 - [TEST_STEP][PASSED] - if (verifyTextNotPresent("У виджета нет данных", false) == true): null

11-03-2025T04:37:18 - [MESSAGE][PASSED] - Text 'У виджета нет данных' is not present on page

11-03-2025T04:37:18 - [TEST_STEP][PASSED] - if (verifyTextNotPresent("У виджета нет данных", false) == true): Text 'У виджета нет данных' is not present on page

11-03-2025T04:37:18 - [MESSAGE][PASSED] - Text 'У виджета нет данных' is not present on page

11-03-2025T04:37:18 - [TEST_STEP][PASSED] - click(findTestObject("Факторный анализ/Переключить отображение с филиала на месяц")): Object: 'Object Repository/Факторный анализ/Переключить отображение с филиала на месяц' is clicked on

11-03-2025T04:37:19 - [MESSAGE][PASSED] - Object: 'Object Repository/Факторный анализ/Переключить отображение с филиала на месяц' is clicked on

11-03-2025T04:37:19 - [TEST_STEP][PASSED] - typeOfData = "Месяц": null

11-03-2025T04:37:19 - [TEST_STEP][PASSED] - Script1687405718449.Test(todaysDate, typeOfData): null

11-03-2025T04:37:19 - [TEST_STEP][PASSED] - delay(10): Delayed 10 second(s)

11-03-2025T04:37:29 - [MESSAGE][PASSED] - Delayed 10 second(s)

11-03-2025T04:37:29 - [TEST_STEP][PASSED] - if (verifyTextNotPresent("нет данных", false) == true): null

11-03-2025T04:37:29 - [MESSAGE][PASSED] - Text 'нет данных' is not present on page

11-03-2025T04:37:29 - [TEST_STEP][PASSED] - if (verifyTextNotPresent("Ошибка запроса данных", false) == true): null

11-03-2025T04:37:30 - [MESSAGE][PASSED] - Text 'Ошибка запроса данных' is not present on page

11-03-2025T04:37:30 - [TEST_STEP][PASSED] - if (verifyTextNotPresent("Произошла ошибка при выполнении пользовательского кода", false) == true): null

11-03-2025T04:37:30 - [MESSAGE][PASSED] - Text 'Произошла ошибка при выполнении пользовательского кода' is not present on page

11-03-2025T04:37:30 - [TEST_STEP][PASSED] - if (verifyTextNotPresent("У виджета нет данных", false) == true): null

11-03-2025T04:37:31 - [MESSAGE][PASSED] - Text 'У виджета нет данных' is not present on page

11-03-2025T04:37:31 - [TEST_STEP][PASSED] - if (verifyTextNotPresent("У виджета нет данных", false) == true): Text 'У виджета нет данных' is not present on page

11-03-2025T04:37:31 - [MESSAGE][PASSED] - Text 'У виджета нет данных' is not present on page

11-03-2025T04:37:31 - [TEST_STEP][PASSED] - click(findTestObject("Факторный анализ/Переключить отображение с месяца на филиал")): Object: 'Object Repository/Факторный анализ/Переключить отображение с месяца на филиал' is clicked on

11-03-2025T04:37:31 - [MESSAGE][PASSED] - Object: 'Object Repository/Факторный анализ/Переключить отображение с месяца на филиал' is clicked on

11-03-2025T04:37:31 - [TEST_STEP][PASSED] - click(findTestObject("Факторный анализ/Фильтр ДЗО")): Object: 'Object Repository/Факторный анализ/Фильтр ДЗО' is clicked on

11-03-2025T04:37:32 - [MESSAGE][PASSED] - Object: 'Object Repository/Факторный анализ/Фильтр ДЗО' is clicked on

11-03-2025T04:37:32 - [TEST_STEP][PASSED] - click(findTestObject("Факторный анализ/Снять выделение в фильтре ДЗО")): Object: 'Object Repository/Факторный анализ/Снять выделение в фильтре ДЗО' is clicked on

11-03-2025T04:37:32 - [MESSAGE][PASSED] - Object: 'Object Repository/Факторный анализ/Снять выделение в фильтре ДЗО' is clicked on

11-03-2025T04:37:32 - [TEST_STEP][PASSED] - scrollToElement(findTestObject("Общие объекты/Ярэнерго"), 30): Scroll to object 'Object Repository/Общие объекты/Ярэнерго' successfully

11-03-2025T04:37:33 - [MESSAGE][PASSED] - Scroll to object 'Object Repository/Общие объекты/Ярэнерго' successfully

11-03-2025T04:37:33 - [TEST_STEP][PASSED] - click(findTestObject("Общие объекты/Ярэнерго")): Object: 'Object Repository/Общие объекты/Ярэнерго' is clicked on

11-03-2025T04:37:33 - [MESSAGE][PASSED] - Object: 'Object Repository/Общие объекты/Ярэнерго' is clicked on

11-03-2025T04:37:33 - [TEST_STEP][PASSED] - Script1687405718449.Change(todaysDate, typeOfData): null

11-03-2025T04:37:33 - [TEST_STEP][PASSED] - scrollToElement(findTestObject("Факторный анализ/Заголовок дашборда"), 30): Scroll to object 'Object Repository/Факторный анализ/Заголовок дашборда' successfully

11-03-2025T04:37:33 - [MESSAGE][PASSED] - Scroll to object 'Object Repository/Факторный анализ/Заголовок дашборда' successfully

11-03-2025T04:37:33 - [TEST_STEP][PASSED] - click(findTestObject("Факторный анализ/Применить в фильтре ДЗО")): Object: 'Object Repository/Факторный анализ/Применить в фильтре ДЗО' is clicked on

11-03-2025T04:37:34 - [MESSAGE][PASSED] - Object: 'Object Repository/Факторный анализ/Применить в фильтре ДЗО' is clicked on

11-03-2025T04:37:34 - [TEST_STEP][PASSED] - typeOfData = "Филиал": null

11-03-2025T04:37:34 - [TEST_STEP][PASSED] - Script1687405718449.Test(todaysDate, typeOfData): null

11-03-2025T04:37:34 - [TEST_STEP][PASSED] - delay(10): Delayed 10 second(s)

11-03-2025T04:37:44 - [MESSAGE][PASSED] - Delayed 10 second(s)

11-03-2025T04:37:44 - [TEST_STEP][PASSED] - if (verifyTextNotPresent("нет данных", false) == true): null

11-03-2025T04:37:44 - [MESSAGE][PASSED] - Text 'нет данных' is not present on page

11-03-2025T04:37:44 - [TEST_STEP][PASSED] - if (verifyTextNotPresent("Ошибка запроса данных", false) == true): null

11-03-2025T04:37:45 - [MESSAGE][PASSED] - Text 'Ошибка запроса данных' is not present on page

11-03-2025T04:37:45 - [TEST_STEP][PASSED] - if (verifyTextNotPresent("Произошла ошибка при выполнении пользовательского кода", false) == true): null

11-03-2025T04:37:45 - [MESSAGE][PASSED] - Text 'Произошла ошибка при выполнении пользовательского кода' is not present on page

11-03-2025T04:37:45 - [TEST_STEP][PASSED] - if (verifyTextNotPresent("У виджета нет данных", false) == true): null

11-03-2025T04:37:46 - [MESSAGE][PASSED] - Text 'У виджета нет данных' is not present on page

11-03-2025T04:37:46 - [TEST_STEP][PASSED] - if (verifyTextNotPresent("У виджета нет данных", false) == true): Text 'У виджета нет данных' is not present on page

11-03-2025T04:37:46 - [MESSAGE][PASSED] - Text 'У виджета нет данных' is not present on page

11-03-2025T04:37:46 - [TEST_STEP][PASSED] - click(findTestObject("Факторный анализ/Переключить отображение с филиала на месяц")): Object: 'Object Repository/Факторный анализ/Переключить отображение с филиала на месяц' is clicked on

11-03-2025T04:37:47 - [MESSAGE][PASSED] - Object: 'Object Repository/Факторный анализ/Переключить отображение с филиала на месяц' is clicked on

11-03-2025T04:37:47 - [TEST_STEP][PASSED] - typeOfData = "Месяц": null

11-03-2025T04:37:47 - [TEST_STEP][PASSED] - Script1687405718449.Test(todaysDate, typeOfData): null

11-03-2025T04:37:47 - [TEST_STEP][PASSED] - delay(10): Delayed 10 second(s)

11-03-2025T04:37:57 - [MESSAGE][PASSED] - Delayed 10 second(s)

11-03-2025T04:37:57 - [TEST_STEP][PASSED] - if (verifyTextNotPresent("нет данных", false) == true): null

11-03-2025T04:37:57 - [MESSAGE][PASSED] - Text 'нет данных' is not present on page

11-03-2025T04:37:57 - [TEST_STEP][PASSED] - if (verifyTextNotPresent("Ошибка запроса данных", false) == true): null

11-03-2025T04:37:58 - [MESSAGE][PASSED] - Text 'Ошибка запроса данных' is not present on page

11-03-2025T04:37:58 - [TEST_STEP][PASSED] - if (verifyTextNotPresent("Произошла ошибка при выполнении пользовательского кода", false) == true): null

11-03-2025T04:37:58 - [MESSAGE][PASSED] - Text 'Произошла ошибка при выполнении пользовательского кода' is not present on page

11-03-2025T04:37:58 - [TEST_STEP][PASSED] - if (verifyTextNotPresent("У виджета нет данных", false) == true): null

11-03-2025T04:37:58 - [MESSAGE][PASSED] - Text 'У виджета нет данных' is not present on page

11-03-2025T04:37:58 - [TEST_STEP][PASSED] - if (verifyTextNotPresent("У виджета нет данных", false) == true): Text 'У виджета нет данных' is not present on page

11-03-2025T04:37:59 - [MESSAGE][PASSED] - Text 'У виджета нет данных' is not present on page

11-03-2025T04:37:59 - [TEST_STEP][PASSED] - click(findTestObject("Факторный анализ/Переключить отображение с месяца на филиал")): Object: 'Object Repository/Факторный анализ/Переключить отображение с месяца на филиал' is clicked on

11-03-2025T04:37:59 - [MESSAGE][PASSED] - Object: 'Object Repository/Факторный анализ/Переключить отображение с месяца на филиал' is clicked on

11-03-2025T04:37:59 - [TEST_STEP][PASSED] - click(findTestObject("Факторный анализ/Фильтр ДЗО")): Object: 'Object Repository/Факторный анализ/Фильтр ДЗО' is clicked on

11-03-2025T04:38:00 - [MESSAGE][PASSED] - Object: 'Object Repository/Факторный анализ/Фильтр ДЗО' is clicked on

11-03-2025T04:38:00 - [TEST_STEP][PASSED] - click(findTestObject("Факторный анализ/Снять выделение в фильтре ДЗО")): Object: 'Object Repository/Факторный анализ/Снять выделение в фильтре ДЗО' is clicked on

11-03-2025T04:38:00 - [MESSAGE][PASSED] - Object: 'Object Repository/Факторный анализ/Снять выделение в фильтре ДЗО' is clicked on

11-03-2025T04:38:00 - [TEST_STEP][PASSED] - scrollToElement(findTestObject("Общие объекты/Раскрыть список Россети Центр и Приволжье"), 30): Scroll to object 'Object Repository/Общие объекты/Раскрыть список Россети Центр и Приволжье' successfully

11-03-2025T04:38:00 - [MESSAGE][PASSED] - Scroll to object 'Object Repository/Общие объекты/Раскрыть список Россети Центр и Приволжье' successfully

11-03-2025T04:38:00 - [TEST_STEP][PASSED] - click(findTestObject("Факторный анализ/Россети Центр и Приволжье")): Object: 'Object Repository/Факторный анализ/Россети Центр и Приволжье' is clicked on

11-03-2025T04:38:01 - [MESSAGE][PASSED] - Object: 'Object Repository/Факторный анализ/Россети Центр и Приволжье' is clicked on

11-03-2025T04:38:01 - [TEST_STEP][PASSED] - Script1687405718449.Change(todaysDate, typeOfData): null

11-03-2025T04:38:01 - [TEST_STEP][PASSED] - scrollToElement(findTestObject("Факторный анализ/Заголовок дашборда"), 30): Scroll to object 'Object Repository/Факторный анализ/Заголовок дашборда' successfully

11-03-2025T04:38:01 - [MESSAGE][PASSED] - Scroll to object 'Object Repository/Факторный анализ/Заголовок дашборда' successfully

11-03-2025T04:38:01 - [TEST_STEP][PASSED] - click(findTestObject("Факторный анализ/Применить в фильтре ДЗО")): Object: 'Object Repository/Факторный анализ/Применить в фильтре ДЗО' is clicked on

11-03-2025T04:38:02 - [MESSAGE][PASSED] - Object: 'Object Repository/Факторный анализ/Применить в фильтре ДЗО' is clicked on

11-03-2025T04:38:02 - [TEST_STEP][PASSED] - typeOfData = "Филиал": null

11-03-2025T04:38:02 - [TEST_STEP][PASSED] - Script1687405718449.Test(todaysDate, typeOfData): null

11-03-2025T04:38:02 - [TEST_STEP][PASSED] - delay(10): Delayed 10 second(s)

11-03-2025T04:38:12 - [MESSAGE][PASSED] - Delayed 10 second(s)

11-03-2025T04:38:12 - [TEST_STEP][PASSED] - if (verifyTextNotPresent("нет данных", false) == true): null

11-03-2025T04:38:12 - [MESSAGE][PASSED] - Text 'нет данных' is not present on page

11-03-2025T04:38:12 - [TEST_STEP][PASSED] - if (verifyTextNotPresent("Ошибка запроса данных", false) == true): null

11-03-2025T04:38:13 - [MESSAGE][PASSED] - Text 'Ошибка запроса данных' is not present on page

11-03-2025T04:38:13 - [TEST_STEP][PASSED] - if (verifyTextNotPresent("Произошла ошибка при выполнении пользовательского кода", false) == true): null

11-03-2025T04:38:13 - [MESSAGE][PASSED] - Text 'Произошла ошибка при выполнении пользовательского кода' is not present on page

11-03-2025T04:38:13 - [TEST_STEP][PASSED] - if (verifyTextNotPresent("У виджета нет данных", false) == true): null

11-03-2025T04:38:14 - [MESSAGE][PASSED] - Text 'У виджета нет данных' is not present on page

11-03-2025T04:38:14 - [TEST_STEP][PASSED] - if (verifyTextNotPresent("У виджета нет данных", false) == true): Text 'У виджета нет данных' is not present on page

11-03-2025T04:38:14 - [MESSAGE][PASSED] - Text 'У виджета нет данных' is not present on page

11-03-2025T04:38:14 - [TEST_STEP][PASSED] - click(findTestObject("Факторный анализ/Переключить отображение с филиала на месяц")): Object: 'Object Repository/Факторный анализ/Переключить отображение с филиала на месяц' is clicked on

11-03-2025T04:38:14 - [MESSAGE][PASSED] - Object: 'Object Repository/Факторный анализ/Переключить отображение с филиала на месяц' is clicked on

11-03-2025T04:38:14 - [TEST_STEP][PASSED] - typeOfData = "Месяц": null

11-03-2025T04:38:14 - [TEST_STEP][PASSED] - Script1687405718449.Test(todaysDate, typeOfData): null

11-03-2025T04:38:14 - [TEST_STEP][PASSED] - delay(10): Delayed 10 second(s)

11-03-2025T04:38:24 - [MESSAGE][PASSED] - Delayed 10 second(s)

11-03-2025T04:38:24 - [TEST_STEP][PASSED] - if (verifyTextNotPresent("нет данных", false) == true): null

11-03-2025T04:38:25 - [MESSAGE][PASSED] - Text 'нет данных' is not present on page

11-03-2025T04:38:25 - [TEST_STEP][PASSED] - if (verifyTextNotPresent("Ошибка запроса данных", false) == true): null

11-03-2025T04:38:25 - [MESSAGE][PASSED] - Text 'Ошибка запроса данных' is not present on page

11-03-2025T04:38:25 - [TEST_STEP][PASSED] - if (verifyTextNotPresent("Произошла ошибка при выполнении пользовательского кода", false) == true): null

11-03-2025T04:38:26 - [MESSAGE][PASSED] - Text 'Произошла ошибка при выполнении пользовательского кода' is not present on page

11-03-2025T04:38:26 - [TEST_STEP][PASSED] - if (verifyTextNotPresent("У виджета нет данных", false) == true): null

11-03-2025T04:38:26 - [MESSAGE][PASSED] - Text 'У виджета нет данных' is not present on page

11-03-2025T04:38:26 - [TEST_STEP][PASSED] - if (verifyTextNotPresent("У виджета нет данных", false) == true): Text 'У виджета нет данных' is not present on page

11-03-2025T04:38:27 - [MESSAGE][PASSED] - Text 'У виджета нет данных' is not present on page

11-03-2025T04:38:27 - [TEST_STEP][PASSED] - click(findTestObject("Факторный анализ/Переключить отображение с месяца на филиал")): Object: 'Object Repository/Факторный анализ/Переключить отображение с месяца на филиал' is clicked on

11-03-2025T04:38:27 - [MESSAGE][PASSED] - Object: 'Object Repository/Факторный анализ/Переключить отображение с месяца на филиал' is clicked on

11-03-2025T04:38:27 - [TEST_STEP][PASSED] - click(findTestObject("Факторный анализ/Фильтр ДЗО")): Object: 'Object Repository/Факторный анализ/Фильтр ДЗО' is clicked on

11-03-2025T04:38:28 - [MESSAGE][PASSED] - Object: 'Object Repository/Факторный анализ/Фильтр ДЗО' is clicked on

11-03-2025T04:38:28 - [TEST_STEP][PASSED] - click(findTestObject("Факторный анализ/Снять выделение в фильтре ДЗО")): Object: 'Object Repository/Факторный анализ/Снять выделение в фильтре ДЗО' is clicked on

11-03-2025T04:38:28 - [MESSAGE][PASSED] - Object: 'Object Repository/Факторный анализ/Снять выделение в фильтре ДЗО' is clicked on

11-03-2025T04:38:28 - [TEST_STEP][PASSED] - scrollToElement(findTestObject("Общие объекты/Раскрыть список Россети Центр и Приволжье"), 30): Scroll to object 'Object Repository/Общие объекты/Раскрыть список Россети Центр и Приволжье' successfully

11-03-2025T04:38:28 - [MESSAGE][PASSED] - Scroll to object 'Object Repository/Общие объекты/Раскрыть список Россети Центр и Приволжье' successfully

11-03-2025T04:38:28 - [TEST_STEP][PASSED] - click(findTestObject("Общие объекты/Раскрыть список Россети Центр и Приволжье")): Object: 'Object Repository/Общие объекты/Раскрыть список Россети Центр и Приволжье' is clicked on

11-03-2025T04:38:29 - [MESSAGE][PASSED] - Object: 'Object Repository/Общие объекты/Раскрыть список Россети Центр и Приволжье' is clicked on

11-03-2025T04:38:29 - [TEST_STEP][PASSED] - click(findTestObject("Общие объекты/Раскрыть список Россети Центр и Приволжье")): Object: 'Object Repository/Общие объекты/Раскрыть список Россети Центр и Приволжье' is clicked on

11-03-2025T04:38:30 - [MESSAGE][PASSED] - Object: 'Object Repository/Общие объекты/Раскрыть список Россети Центр и Приволжье' is clicked on

11-03-2025T04:38:30 - [TEST_STEP][PASSED] - scrollToElement(findTestObject("Общие объекты/Владимирэнерго"), 30): Scroll to object 'Object Repository/Общие объекты/Владимирэнерго' successfully

11-03-2025T04:38:30 - [MESSAGE][PASSED] - Scroll to object 'Object Repository/Общие объекты/Владимирэнерго' successfully

11-03-2025T04:38:30 - [TEST_STEP][PASSED] - click(findTestObject("Общие объекты/Владимирэнерго")): Object: 'Object Repository/Общие объекты/Владимирэнерго' is clicked on

11-03-2025T04:38:30 - [MESSAGE][PASSED] - Object: 'Object Repository/Общие объекты/Владимирэнерго' is clicked on

11-03-2025T04:38:30 - [TEST_STEP][PASSED] - Script1687405718449.Change(todaysDate, typeOfData): null

11-03-2025T04:38:30 - [TEST_STEP][PASSED] - scrollToElement(findTestObject("Факторный анализ/Заголовок дашборда"), 30): Scroll to object 'Object Repository/Факторный анализ/Заголовок дашборда' successfully

11-03-2025T04:38:31 - [MESSAGE][PASSED] - Scroll to object 'Object Repository/Факторный анализ/Заголовок дашборда' successfully

11-03-2025T04:38:31 - [TEST_STEP][PASSED] - click(findTestObject("Факторный анализ/Применить в фильтре ДЗО")): Object: 'Object Repository/Факторный анализ/Применить в фильтре ДЗО' is clicked on

11-03-2025T04:38:31 - [MESSAGE][PASSED] - Object: 'Object Repository/Факторный анализ/Применить в фильтре ДЗО' is clicked on

11-03-2025T04:38:31 - [TEST_STEP][PASSED] - typeOfData = "Филиал": null

11-03-2025T04:38:31 - [TEST_STEP][PASSED] - Script1687405718449.Test(todaysDate, typeOfData): null

11-03-2025T04:38:31 - [TEST_STEP][PASSED] - delay(10): Delayed 10 second(s)

11-03-2025T04:38:41 - [MESSAGE][PASSED] - Delayed 10 second(s)

11-03-2025T04:38:41 - [TEST_STEP][PASSED] - if (verifyTextNotPresent("нет данных", false) == true): null

11-03-2025T04:38:42 - [MESSAGE][PASSED] - Text 'нет данных' is not present on page

11-03-2025T04:38:42 - [TEST_STEP][PASSED] - if (verifyTextNotPresent("Ошибка запроса данных", false) == true): null

11-03-2025T04:38:42 - [MESSAGE][PASSED] - Text 'Ошибка запроса данных' is not present on page

11-03-2025T04:38:42 - [TEST_STEP][PASSED] - if (verifyTextNotPresent("Произошла ошибка при выполнении пользовательского кода", false) == true): null

11-03-2025T04:38:43 - [MESSAGE][PASSED] - Text 'Произошла ошибка при выполнении пользовательского кода' is not present on page

11-03-2025T04:38:43 - [TEST_STEP][PASSED] - if (verifyTextNotPresent("У виджета нет данных", false) == true): null

11-03-2025T04:38:43 - [MESSAGE][PASSED] - Text 'У виджета нет данных' is not present on page

11-03-2025T04:38:43 - [TEST_STEP][PASSED] - if (verifyTextNotPresent("У виджета нет данных", false) == true): Text 'У виджета нет данных' is not present on page

11-03-2025T04:38:44 - [MESSAGE][PASSED] - Text 'У виджета нет данных' is not present on page

11-03-2025T04:38:44 - [TEST_STEP][PASSED] - click(findTestObject("Факторный анализ/Переключить отображение с филиала на месяц")): Object: 'Object Repository/Факторный анализ/Переключить отображение с филиала на месяц' is clicked on

11-03-2025T04:38:44 - [MESSAGE][PASSED] - Object: 'Object Repository/Факторный анализ/Переключить отображение с филиала на месяц' is clicked on

11-03-2025T04:38:44 - [TEST_STEP][PASSED] - typeOfData = "Месяц": null

11-03-2025T04:38:44 - [TEST_STEP][PASSED] - Script1687405718449.Test(todaysDate, typeOfData): null

11-03-2025T04:38:44 - [TEST_STEP][PASSED] - delay(10): Delayed 10 second(s)

11-03-2025T04:38:54 - [MESSAGE][PASSED] - Delayed 10 second(s)

11-03-2025T04:38:54 - [TEST_STEP][PASSED] - if (verifyTextNotPresent("нет данных", false) == true): null

11-03-2025T04:38:54 - [MESSAGE][PASSED] - Text 'нет данных' is not present on page

11-03-2025T04:38:54 - [TEST_STEP][PASSED] - if (verifyTextNotPresent("Ошибка запроса данных", false) == true): null

11-03-2025T04:38:55 - [MESSAGE][PASSED] - Text 'Ошибка запроса данных' is not present on page

11-03-2025T04:38:55 - [TEST_STEP][PASSED] - if (verifyTextNotPresent("Произошла ошибка при выполнении пользовательского кода", false) == true): null

11-03-2025T04:38:55 - [MESSAGE][PASSED] - Text 'Произошла ошибка при выполнении пользовательского кода' is not present on page

11-03-2025T04:38:55 - [TEST_STEP][PASSED] - if (verifyTextNotPresent("У виджета нет данных", false) == true): null

11-03-2025T04:38:56 - [MESSAGE][PASSED] - Text 'У виджета нет данных' is not present on page

11-03-2025T04:38:56 - [TEST_STEP][PASSED] - if (verifyTextNotPresent("У виджета нет данных", false) == true): Text 'У виджета нет данных' is not present on page

11-03-2025T04:38:56 - [MESSAGE][PASSED] - Text 'У виджета нет данных' is not present on page

11-03-2025T04:38:56 - [TEST_STEP][PASSED] - click(findTestObject("Факторный анализ/Переключить отображение с месяца на филиал")): Object: 'Object Repository/Факторный анализ/Переключить отображение с месяца на филиал' is clicked on

11-03-2025T04:38:57 - [MESSAGE][PASSED] - Object: 'Object Repository/Факторный анализ/Переключить отображение с месяца на филиал' is clicked on

11-03-2025T04:38:57 - [TEST_STEP][PASSED] - click(findTestObject("Факторный анализ/Фильтр ДЗО")): Object: 'Object Repository/Факторный анализ/Фильтр ДЗО' is clicked on

11-03-2025T04:38:57 - [MESSAGE][PASSED] - Object: 'Object Repository/Факторный анализ/Фильтр ДЗО' is clicked on

11-03-2025T04:38:57 - [TEST_STEP][PASSED] - click(findTestObject("Факторный анализ/Снять выделение в фильтре ДЗО")): Object: 'Object Repository/Факторный анализ/Снять выделение в фильтре ДЗО' is clicked on

11-03-2025T04:38:57 - [MESSAGE][PASSED] - Object: 'Object Repository/Факторный анализ/Снять выделение в фильтре ДЗО' is clicked on

11-03-2025T04:38:57 - [TEST_STEP][PASSED] - scrollToElement(findTestObject("Общие объекты/Ивэнерго"), 30): Scroll to object 'Object Repository/Общие объекты/Ивэнерго' successfully

11-03-2025T04:38:58 - [MESSAGE][PASSED] - Scroll to object 'Object Repository/Общие объекты/Ивэнерго' successfully

11-03-2025T04:38:58 - [TEST_STEP][PASSED] - click(findTestObject("Общие объекты/Ивэнерго")): Object: 'Object Repository/Общие объекты/Ивэнерго' is clicked on

11-03-2025T04:38:58 - [MESSAGE][PASSED] - Object: 'Object Repository/Общие объекты/Ивэнерго' is clicked on

11-03-2025T04:38:58 - [TEST_STEP][PASSED] - Script1687405718449.Change(todaysDate, typeOfData): null

11-03-2025T04:38:58 - [TEST_STEP][PASSED] - scrollToElement(findTestObject("Факторный анализ/Заголовок дашборда"), 30): Scroll to object 'Object Repository/Факторный анализ/Заголовок дашборда' successfully

11-03-2025T04:38:59 - [MESSAGE][PASSED] - Scroll to object 'Object Repository/Факторный анализ/Заголовок дашборда' successfully

11-03-2025T04:38:59 - [TEST_STEP][PASSED] - click(findTestObject("Факторный анализ/Применить в фильтре ДЗО")): Object: 'Object Repository/Факторный анализ/Применить в фильтре ДЗО' is clicked on

11-03-2025T04:38:59 - [MESSAGE][PASSED] - Object: 'Object Repository/Факторный анализ/Применить в фильтре ДЗО' is clicked on

11-03-2025T04:38:59 - [TEST_STEP][PASSED] - typeOfData = "Филиал": null

11-03-2025T04:38:59 - [TEST_STEP][PASSED] - Script1687405718449.Test(todaysDate, typeOfData): null

11-03-2025T04:38:59 - [TEST_STEP][PASSED] - delay(10): Delayed 10 second(s)

11-03-2025T04:39:09 - [MESSAGE][PASSED] - Delayed 10 second(s)

11-03-2025T04:39:09 - [TEST_STEP][PASSED] - if (verifyTextNotPresent("нет данных", false) == true): null

11-03-2025T04:39:10 - [MESSAGE][PASSED] - Text 'нет данных' is not present on page

11-03-2025T04:39:10 - [TEST_STEP][PASSED] - if (verifyTextNotPresent("Ошибка запроса данных", false) == true): null

11-03-2025T04:39:10 - [MESSAGE][PASSED] - Text 'Ошибка запроса данных' is not present on page

11-03-2025T04:39:10 - [TEST_STEP][PASSED] - if (verifyTextNotPresent("Произошла ошибка при выполнении пользовательского кода", false) == true): null

11-03-2025T04:39:11 - [MESSAGE][PASSED] - Text 'Произошла ошибка при выполнении пользовательского кода' is not present on page

11-03-2025T04:39:11 - [TEST_STEP][PASSED] - if (verifyTextNotPresent("У виджета нет данных", false) == true): null

11-03-2025T04:39:11 - [MESSAGE][PASSED] - Text 'У виджета нет данных' is not present on page

11-03-2025T04:39:11 - [TEST_STEP][PASSED] - if (verifyTextNotPresent("У виджета нет данных", false) == true): Text 'У виджета нет данных' is not present on page

11-03-2025T04:39:11 - [MESSAGE][PASSED] - Text 'У виджета нет данных' is not present on page

11-03-2025T04:39:11 - [TEST_STEP][PASSED] - click(findTestObject("Факторный анализ/Переключить отображение с филиала на месяц")): Object: 'Object Repository/Факторный анализ/Переключить отображение с филиала на месяц' is clicked on

11-03-2025T04:39:12 - [MESSAGE][PASSED] - Object: 'Object Repository/Факторный анализ/Переключить отображение с филиала на месяц' is clicked on

11-03-2025T04:39:12 - [TEST_STEP][PASSED] - typeOfData = "Месяц": null

11-03-2025T04:39:12 - [TEST_STEP][PASSED] - Script1687405718449.Test(todaysDate, typeOfData): null

11-03-2025T04:39:12 - [TEST_STEP][PASSED] - delay(10): Delayed 10 second(s)

11-03-2025T04:39:22 - [MESSAGE][PASSED] - Delayed 10 second(s)

11-03-2025T04:39:22 - [TEST_STEP][PASSED] - if (verifyTextNotPresent("нет данных", false) == true): null

11-03-2025T04:39:22 - [MESSAGE][PASSED] - Text 'нет данных' is not present on page

11-03-2025T04:39:22 - [TEST_STEP][PASSED] - if (verifyTextNotPresent("Ошибка запроса данных", false) == true): null

11-03-2025T04:39:23 - [MESSAGE][PASSED] - Text 'Ошибка запроса данных' is not present on page

11-03-2025T04:39:23 - [TEST_STEP][PASSED] - if (verifyTextNotPresent("Произошла ошибка при выполнении пользовательского кода", false) == true): null

11-03-2025T04:39:23 - [MESSAGE][PASSED] - Text 'Произошла ошибка при выполнении пользовательского кода' is not present on page

11-03-2025T04:39:23 - [TEST_STEP][PASSED] - if (verifyTextNotPresent("У виджета нет данных", false) == true): null

11-03-2025T04:39:24 - [MESSAGE][PASSED] - Text 'У виджета нет данных' is not present on page

11-03-2025T04:39:24 - [TEST_STEP][PASSED] - if (verifyTextNotPresent("У виджета нет данных", false) == true): Text 'У виджета нет данных' is not present on page

11-03-2025T04:39:24 - [MESSAGE][PASSED] - Text 'У виджета нет данных' is not present on page

11-03-2025T04:39:24 - [TEST_STEP][PASSED] - click(findTestObject("Факторный анализ/Переключить отображение с месяца на филиал")): Object: 'Object Repository/Факторный анализ/Переключить отображение с месяца на филиал' is clicked on

11-03-2025T04:39:24 - [MESSAGE][PASSED] - Object: 'Object Repository/Факторный анализ/Переключить отображение с месяца на филиал' is clicked on

11-03-2025T04:39:24 - [TEST_STEP][PASSED] - click(findTestObject("Факторный анализ/Фильтр ДЗО")): Object: 'Object Repository/Факторный анализ/Фильтр ДЗО' is clicked on

11-03-2025T04:39:25 - [MESSAGE][PASSED] - Object: 'Object Repository/Факторный анализ/Фильтр ДЗО' is clicked on

11-03-2025T04:39:25 - [TEST_STEP][PASSED] - click(findTestObject("Факторный анализ/Снять выделение в фильтре ДЗО")): Object: 'Object Repository/Факторный анализ/Снять выделение в фильтре ДЗО' is clicked on

11-03-2025T04:39:25 - [MESSAGE][PASSED] - Object: 'Object Repository/Факторный анализ/Снять выделение в фильтре ДЗО' is clicked on

11-03-2025T04:39:25 - [TEST_STEP][PASSED] - scrollToElement(findTestObject("Общие объекты/Калугаэнерго"), 30): Scroll to object 'Object Repository/Общие объекты/Калугаэнерго' successfully

11-03-2025T04:39:26 - [MESSAGE][PASSED] - Scroll to object 'Object Repository/Общие объекты/Калугаэнерго' successfully

11-03-2025T04:39:26 - [TEST_STEP][PASSED] - click(findTestObject("Общие объекты/Калугаэнерго")): Object: 'Object Repository/Общие объекты/Калугаэнерго' is clicked on

11-03-2025T04:39:26 - [MESSAGE][PASSED] - Object: 'Object Repository/Общие объекты/Калугаэнерго' is clicked on

11-03-2025T04:39:26 - [TEST_STEP][PASSED] - Script1687405718449.Change(todaysDate, typeOfData): null

11-03-2025T04:39:26 - [TEST_STEP][PASSED] - scrollToElement(findTestObject("Факторный анализ/Заголовок дашборда"), 30): Scroll to object 'Object Repository/Факторный анализ/Заголовок дашборда' successfully

11-03-2025T04:39:26 - [MESSAGE][PASSED] - Scroll to object 'Object Repository/Факторный анализ/Заголовок дашборда' successfully

11-03-2025T04:39:26 - [TEST_STEP][PASSED] - click(findTestObject("Факторный анализ/Применить в фильтре ДЗО")): Object: 'Object Repository/Факторный анализ/Применить в фильтре ДЗО' is clicked on

11-03-2025T04:39:27 - [MESSAGE][PASSED] - Object: 'Object Repository/Факторный анализ/Применить в фильтре ДЗО' is clicked on

11-03-2025T04:39:27 - [TEST_STEP][PASSED] - typeOfData = "Филиал": null

11-03-2025T04:39:27 - [TEST_STEP][PASSED] - Script1687405718449.Test(todaysDate, typeOfData): null

11-03-2025T04:39:27 - [TEST_STEP][PASSED] - delay(10): Delayed 10 second(s)

11-03-2025T04:39:37 - [MESSAGE][PASSED] - Delayed 10 second(s)

11-03-2025T04:39:37 - [TEST_STEP][PASSED] - if (verifyTextNotPresent("нет данных", false) == true): null

11-03-2025T04:39:37 - [MESSAGE][PASSED] - Text 'нет данных' is not present on page

11-03-2025T04:39:37 - [TEST_STEP][PASSED] - if (verifyTextNotPresent("Ошибка запроса данных", false) == true): null

11-03-2025T04:39:38 - [MESSAGE][PASSED] - Text 'Ошибка запроса данных' is not present on page

11-03-2025T04:39:38 - [TEST_STEP][PASSED] - if (verifyTextNotPresent("Произошла ошибка при выполнении пользовательского кода", false) == true): null

11-03-2025T04:39:38 - [MESSAGE][PASSED] - Text 'Произошла ошибка при выполнении пользовательского кода' is not present on page

11-03-2025T04:39:38 - [TEST_STEP][PASSED] - if (verifyTextNotPresent("У виджета нет данных", false) == true): null

11-03-2025T04:39:39 - [MESSAGE][PASSED] - Text 'У виджета нет данных' is not present on page

11-03-2025T04:39:39 - [TEST_STEP][PASSED] - if (verifyTextNotPresent("У виджета нет данных", false) == true): Text 'У виджета нет данных' is not present on page

11-03-2025T04:39:39 - [MESSAGE][PASSED] - Text 'У виджета нет данных' is not present on page

11-03-2025T04:39:39 - [TEST_STEP][PASSED] - click(findTestObject("Факторный анализ/Переключить отображение с филиала на месяц")): Object: 'Object Repository/Факторный анализ/Переключить отображение с филиала на месяц' is clicked on

11-03-2025T04:39:40 - [MESSAGE][PASSED] - Object: 'Object Repository/Факторный анализ/Переключить отображение с филиала на месяц' is clicked on

11-03-2025T04:39:40 - [TEST_STEP][PASSED] - typeOfData = "Месяц": null

11-03-2025T04:39:40 - [TEST_STEP][PASSED] - Script1687405718449.Test(todaysDate, typeOfData): null

11-03-2025T04:39:40 - [TEST_STEP][PASSED] - delay(10): Delayed 10 second(s)

11-03-2025T04:39:50 - [MESSAGE][PASSED] - Delayed 10 second(s)

11-03-2025T04:39:50 - [TEST_STEP][PASSED] - if (verifyTextNotPresent("нет данных", false) == true): null

11-03-2025T04:39:50 - [MESSAGE][PASSED] - Text 'нет данных' is not present on page

11-03-2025T04:39:50 - [TEST_STEP][PASSED] - if (verifyTextNotPresent("Ошибка запроса данных", false) == true): null

11-03-2025T04:39:51 - [MESSAGE][PASSED] - Text 'Ошибка запроса данных' is not present on page

11-03-2025T04:39:51 - [TEST_STEP][PASSED] - if (verifyTextNotPresent("Произошла ошибка при выполнении пользовательского кода", false) == true): null

11-03-2025T04:39:51 - [MESSAGE][PASSED] - Text 'Произошла ошибка при выполнении пользовательского кода' is not present on page

11-03-2025T04:39:51 - [TEST_STEP][PASSED] - if (verifyTextNotPresent("У виджета нет данных", false) == true): null

11-03-2025T04:39:51 - [MESSAGE][PASSED] - Text 'У виджета нет данных' is not present on page

11-03-2025T04:39:51 - [TEST_STEP][PASSED] - if (verifyTextNotPresent("У виджета нет данных", false) == true): Text 'У виджета нет данных' is not present on page

11-03-2025T04:39:52 - [MESSAGE][PASSED] - Text 'У виджета нет данных' is not present on page

11-03-2025T04:39:52 - [TEST_STEP][PASSED] - click(findTestObject("Факторный анализ/Переключить отображение с месяца на филиал")): Object: 'Object Repository/Факторный анализ/Переключить отображение с месяца на филиал' is clicked on

11-03-2025T04:39:52 - [MESSAGE][PASSED] - Object: 'Object Repository/Факторный анализ/Переключить отображение с месяца на филиал' is clicked on

11-03-2025T04:39:52 - [TEST_STEP][PASSED] - click(findTestObject("Факторный анализ/Фильтр ДЗО")): Object: 'Object Repository/Факторный анализ/Фильтр ДЗО' is clicked on

11-03-2025T04:39:53 - [MESSAGE][PASSED] - Object: 'Object Repository/Факторный анализ/Фильтр ДЗО' is clicked on

11-03-2025T04:39:53 - [TEST_STEP][PASSED] - click(findTestObject("Факторный анализ/Снять выделение в фильтре ДЗО")): Object: 'Object Repository/Факторный анализ/Снять выделение в фильтре ДЗО' is clicked on

11-03-2025T04:39:53 - [MESSAGE][PASSED] - Object: 'Object Repository/Факторный анализ/Снять выделение в фильтре ДЗО' is clicked on

11-03-2025T04:39:53 - [TEST_STEP][PASSED] - scrollToElement(findTestObject("Общие объекты/Кировэнерго"), 30): Scroll to object 'Object Repository/Общие объекты/Кировэнерго' successfully

11-03-2025T04:39:53 - [MESSAGE][PASSED] - Scroll to object 'Object Repository/Общие объекты/Кировэнерго' successfully

11-03-2025T04:39:53 - [TEST_STEP][PASSED] - click(findTestObject("Общие объекты/Кировэнерго")): Object: 'Object Repository/Общие объекты/Кировэнерго' is clicked on

11-03-2025T04:39:54 - [MESSAGE][PASSED] - Object: 'Object Repository/Общие объекты/Кировэнерго' is clicked on

11-03-2025T04:39:54 - [TEST_STEP][PASSED] - Script1687405718449.Change(todaysDate, typeOfData): null

11-03-2025T04:39:54 - [TEST_STEP][PASSED] - scrollToElement(findTestObject("Факторный анализ/Заголовок дашборда"), 30): Scroll to object 'Object Repository/Факторный анализ/Заголовок дашборда' successfully

11-03-2025T04:39:54 - [MESSAGE][PASSED] - Scroll to object 'Object Repository/Факторный анализ/Заголовок дашборда' successfully

11-03-2025T04:39:54 - [TEST_STEP][PASSED] - click(findTestObject("Факторный анализ/Применить в фильтре ДЗО")): Object: 'Object Repository/Факторный анализ/Применить в фильтре ДЗО' is clicked on

11-03-2025T04:39:55 - [MESSAGE][PASSED] - Object: 'Object Repository/Факторный анализ/Применить в фильтре ДЗО' is clicked on

11-03-2025T04:39:55 - [TEST_STEP][PASSED] - typeOfData = "Филиал": null

11-03-2025T04:39:55 - [TEST_STEP][PASSED] - Script1687405718449.Test(todaysDate, typeOfData): null

11-03-2025T04:39:55 - [TEST_STEP][PASSED] - delay(10): Delayed 10 second(s)

11-03-2025T04:40:05 - [MESSAGE][PASSED] - Delayed 10 second(s)

11-03-2025T04:40:05 - [TEST_STEP][PASSED] - if (verifyTextNotPresent("нет данных", false) == true): null

11-03-2025T04:40:05 - [MESSAGE][PASSED] - Text 'нет данных' is not present on page

11-03-2025T04:40:05 - [TEST_STEP][PASSED] - if (verifyTextNotPresent("Ошибка запроса данных", false) == true): null

11-03-2025T04:40:06 - [MESSAGE][PASSED] - Text 'Ошибка запроса данных' is not present on page

11-03-2025T04:40:06 - [TEST_STEP][PASSED] - if (verifyTextNotPresent("Произошла ошибка при выполнении пользовательского кода", false) == true): null

11-03-2025T04:40:06 - [MESSAGE][PASSED] - Text 'Произошла ошибка при выполнении пользовательского кода' is not present on page

11-03-2025T04:40:06 - [TEST_STEP][PASSED] - if (verifyTextNotPresent("У виджета нет данных", false) == true): null

11-03-2025T04:40:07 - [MESSAGE][PASSED] - Text 'У виджета нет данных' is not present on page

11-03-2025T04:40:07 - [TEST_STEP][PASSED] - if (verifyTextNotPresent("У виджета нет данных", false) == true): Text 'У виджета нет данных' is not present on page

11-03-2025T04:40:07 - [MESSAGE][PASSED] - Text 'У виджета нет данных' is not present on page

11-03-2025T04:40:07 - [TEST_STEP][PASSED] - click(findTestObject("Факторный анализ/Переключить отображение с филиала на месяц")): Object: 'Object Repository/Факторный анализ/Переключить отображение с филиала на месяц' is clicked on

11-03-2025T04:40:07 - [MESSAGE][PASSED] - Object: 'Object Repository/Факторный анализ/Переключить отображение с филиала на месяц' is clicked on

11-03-2025T04:40:07 - [TEST_STEP][PASSED] - typeOfData = "Месяц": null

11-03-2025T04:40:07 - [TEST_STEP][PASSED] - Script1687405718449.Test(todaysDate, typeOfData): null

11-03-2025T04:40:07 - [TEST_STEP][PASSED] - delay(10): Delayed 10 second(s)

11-03-2025T04:40:17 - [MESSAGE][PASSED] - Delayed 10 second(s)

11-03-2025T04:40:17 - [TEST_STEP][PASSED] - if (verifyTextNotPresent("нет данных", false) == true): null

11-03-2025T04:40:18 - [MESSAGE][PASSED] - Text 'нет данных' is not present on page

11-03-2025T04:40:18 - [TEST_STEP][PASSED] - if (verifyTextNotPresent("Ошибка запроса данных", false) == true): null

11-03-2025T04:40:18 - [MESSAGE][PASSED] - Text 'Ошибка запроса данных' is not present on page

11-03-2025T04:40:18 - [TEST_STEP][PASSED] - if (verifyTextNotPresent("Произошла ошибка при выполнении пользовательского кода", false) == true): null

11-03-2025T04:40:19 - [MESSAGE][PASSED] - Text 'Произошла ошибка при выполнении пользовательского кода' is not present on page

11-03-2025T04:40:19 - [TEST_STEP][PASSED] - if (verifyTextNotPresent("У виджета нет данных", false) == true): null

11-03-2025T04:40:19 - [MESSAGE][PASSED] - Text 'У виджета нет данных' is not present on page

11-03-2025T04:40:19 - [TEST_STEP][PASSED] - if (verifyTextNotPresent("У виджета нет данных", false) == true): Text 'У виджета нет данных' is not present on page

11-03-2025T04:40:20 - [MESSAGE][PASSED] - Text 'У виджета нет данных' is not present on page

11-03-2025T04:40:20 - [TEST_STEP][PASSED] - click(findTestObject("Факторный анализ/Переключить отображение с месяца на филиал")): Object: 'Object Repository/Факторный анализ/Переключить отображение с месяца на филиал' is clicked on

11-03-2025T04:40:20 - [MESSAGE][PASSED] - Object: 'Object Repository/Факторный анализ/Переключить отображение с месяца на филиал' is clicked on

11-03-2025T04:40:20 - [TEST_STEP][PASSED] - click(findTestObject("Факторный анализ/Фильтр ДЗО")): Object: 'Object Repository/Факторный анализ/Фильтр ДЗО' is clicked on

11-03-2025T04:40:21 - [MESSAGE][PASSED] - Object: 'Object Repository/Факторный анализ/Фильтр ДЗО' is clicked on

11-03-2025T04:40:21 - [TEST_STEP][PASSED] - click(findTestObject("Факторный анализ/Снять выделение в фильтре ДЗО")): Object: 'Object Repository/Факторный анализ/Снять выделение в фильтре ДЗО' is clicked on

11-03-2025T04:40:21 - [MESSAGE][PASSED] - Object: 'Object Repository/Факторный анализ/Снять выделение в фильтре ДЗО' is clicked on

11-03-2025T04:40:21 - [TEST_STEP][PASSED] - scrollToElement(findTestObject("Общие объекты/Мариэнерго"), 30): Scroll to object 'Object Repository/Общие объекты/Мариэнерго' successfully

11-03-2025T04:40:21 - [MESSAGE][PASSED] - Scroll to object 'Object Repository/Общие объекты/Мариэнерго' successfully

11-03-2025T04:40:21 - [TEST_STEP][PASSED] - click(findTestObject("Общие объекты/Мариэнерго")): Object: 'Object Repository/Общие объекты/Мариэнерго' is clicked on

11-03-2025T04:40:22 - [MESSAGE][PASSED] - Object: 'Object Repository/Общие объекты/Мариэнерго' is clicked on

11-03-2025T04:40:22 - [TEST_STEP][PASSED] - Script1687405718449.Change(todaysDate, typeOfData): null

11-03-2025T04:40:22 - [TEST_STEP][PASSED] - scrollToElement(findTestObject("Факторный анализ/Заголовок дашборда"), 30): Scroll to object 'Object Repository/Факторный анализ/Заголовок дашборда' successfully

11-03-2025T04:40:22 - [MESSAGE][PASSED] - Scroll to object 'Object Repository/Факторный анализ/Заголовок дашборда' successfully

11-03-2025T04:40:22 - [TEST_STEP][PASSED] - click(findTestObject("Факторный анализ/Применить в фильтре ДЗО")): Object: 'Object Repository/Факторный анализ/Применить в фильтре ДЗО' is clicked on

11-03-2025T04:40:23 - [MESSAGE][PASSED] - Object: 'Object Repository/Факторный анализ/Применить в фильтре ДЗО' is clicked on

11-03-2025T04:40:23 - [TEST_STEP][PASSED] - typeOfData = "Филиал": null

11-03-2025T04:40:23 - [TEST_STEP][PASSED] - Script1687405718449.Test(todaysDate, typeOfData): null

11-03-2025T04:40:23 - [TEST_STEP][PASSED] - delay(10): Delayed 10 second(s)

11-03-2025T04:40:33 - [MESSAGE][PASSED] - Delayed 10 second(s)

11-03-2025T04:40:33 - [TEST_STEP][PASSED] - if (verifyTextNotPresent("нет данных", false) == true): null

11-03-2025T04:40:33 - [MESSAGE][PASSED] - Text 'нет данных' is not present on page

11-03-2025T04:40:33 - [TEST_STEP][PASSED] - if (verifyTextNotPresent("Ошибка запроса данных", false) == true): null

11-03-2025T04:40:34 - [MESSAGE][PASSED] - Text 'Ошибка запроса данных' is not present on page

11-03-2025T04:40:34 - [TEST_STEP][PASSED] - if (verifyTextNotPresent("Произошла ошибка при выполнении пользовательского кода", false) == true): null

11-03-2025T04:40:34 - [MESSAGE][PASSED] - Text 'Произошла ошибка при выполнении пользовательского кода' is not present on page

11-03-2025T04:40:34 - [TEST_STEP][PASSED] - if (verifyTextNotPresent("У виджета нет данных", false) == true): null

11-03-2025T04:40:35 - [MESSAGE][PASSED] - Text 'У виджета нет данных' is not present on page

11-03-2025T04:40:35 - [TEST_STEP][PASSED] - if (verifyTextNotPresent("У виджета нет данных", false) == true): Text 'У виджета нет данных' is not present on page

11-03-2025T04:40:35 - [MESSAGE][PASSED] - Text 'У виджета нет данных' is not present on page

11-03-2025T04:40:35 - [TEST_STEP][PASSED] - click(findTestObject("Факторный анализ/Переключить отображение с филиала на месяц")): Object: 'Object Repository/Факторный анализ/Переключить отображение с филиала на месяц' is clicked on

11-03-2025T04:40:35 - [MESSAGE][PASSED] - Object: 'Object Repository/Факторный анализ/Переключить отображение с филиала на месяц' is clicked on

11-03-2025T04:40:35 - [TEST_STEP][PASSED] - typeOfData = "Месяц": null

11-03-2025T04:40:35 - [TEST_STEP][PASSED] - Script1687405718449.Test(todaysDate, typeOfData): null

11-03-2025T04:40:35 - [TEST_STEP][PASSED] - delay(10): Delayed 10 second(s)

11-03-2025T04:40:45 - [MESSAGE][PASSED] - Delayed 10 second(s)

11-03-2025T04:40:45 - [TEST_STEP][PASSED] - if (verifyTextNotPresent("нет данных", false) == true): null

11-03-2025T04:40:46 - [MESSAGE][PASSED] - Text 'нет данных' is not present on page

11-03-2025T04:40:46 - [TEST_STEP][PASSED] - if (verifyTextNotPresent("Ошибка запроса данных", false) == true): null

11-03-2025T04:40:46 - [MESSAGE][PASSED] - Text 'Ошибка запроса данных' is not present on page

11-03-2025T04:40:46 - [TEST_STEP][PASSED] - if (verifyTextNotPresent("Произошла ошибка при выполнении пользовательского кода", false) == true): null

11-03-2025T04:40:47 - [MESSAGE][PASSED] - Text 'Произошла ошибка при выполнении пользовательского кода' is not present on page

11-03-2025T04:40:47 - [TEST_STEP][PASSED] - if (verifyTextNotPresent("У виджета нет данных", false) == true): null

11-03-2025T04:40:47 - [MESSAGE][PASSED] - Text 'У виджета нет данных' is not present on page

11-03-2025T04:40:47 - [TEST_STEP][PASSED] - if (verifyTextNotPresent("У виджета нет данных", false) == true): Text 'У виджета нет данных' is not present on page

11-03-2025T04:40:48 - [MESSAGE][PASSED] - Text 'У виджета нет данных' is not present on page

11-03-2025T04:40:48 - [TEST_STEP][PASSED] - click(findTestObject("Факторный анализ/Переключить отображение с месяца на филиал")): Object: 'Object Repository/Факторный анализ/Переключить отображение с месяца на филиал' is clicked on

11-03-2025T04:40:48 - [MESSAGE][PASSED] - Object: 'Object Repository/Факторный анализ/Переключить отображение с месяца на филиал' is clicked on

11-03-2025T04:40:48 - [TEST_STEP][PASSED] - click(findTestObject("Факторный анализ/Фильтр ДЗО")): Object: 'Object Repository/Факторный анализ/Фильтр ДЗО' is clicked on

11-03-2025T04:40:48 - [MESSAGE][PASSED] - Object: 'Object Repository/Факторный анализ/Фильтр ДЗО' is clicked on

11-03-2025T04:40:48 - [TEST_STEP][PASSED] - click(findTestObject("Факторный анализ/Снять выделение в фильтре ДЗО")): Object: 'Object Repository/Факторный анализ/Снять выделение в фильтре ДЗО' is clicked on

11-03-2025T04:40:49 - [MESSAGE][PASSED] - Object: 'Object Repository/Факторный анализ/Снять выделение в фильтре ДЗО' is clicked on

11-03-2025T04:40:49 - [TEST_STEP][PASSED] - scrollToElement(findTestObject("Общие объекты/Нижновэнерго"), 30): Scroll to object 'Object Repository/Общие объекты/Нижновэнерго' successfully

11-03-2025T04:40:49 - [MESSAGE][PASSED] - Scroll to object 'Object Repository/Общие объекты/Нижновэнерго' successfully

11-03-2025T04:40:49 - [TEST_STEP][PASSED] - click(findTestObject("Общие объекты/Нижновэнерго")): Object: 'Object Repository/Общие объекты/Нижновэнерго' is clicked on

11-03-2025T04:40:50 - [MESSAGE][PASSED] - Object: 'Object Repository/Общие объекты/Нижновэнерго' is clicked on

11-03-2025T04:40:50 - [TEST_STEP][PASSED] - Script1687405718449.Change(todaysDate, typeOfData): null

11-03-2025T04:40:50 - [TEST_STEP][PASSED] - scrollToElement(findTestObject("Факторный анализ/Заголовок дашборда"), 30): Scroll to object 'Object Repository/Факторный анализ/Заголовок дашборда' successfully

11-03-2025T04:40:50 - [MESSAGE][PASSED] - Scroll to object 'Object Repository/Факторный анализ/Заголовок дашборда' successfully

11-03-2025T04:40:50 - [TEST_STEP][PASSED] - click(findTestObject("Факторный анализ/Применить в фильтре ДЗО")): Object: 'Object Repository/Факторный анализ/Применить в фильтре ДЗО' is clicked on

11-03-2025T04:40:51 - [MESSAGE][PASSED] - Object: 'Object Repository/Факторный анализ/Применить в фильтре ДЗО' is clicked on

11-03-2025T04:40:51 - [TEST_STEP][PASSED] - typeOfData = "Филиал": null

11-03-2025T04:40:51 - [TEST_STEP][PASSED] - Script1687405718449.Test(todaysDate, typeOfData): null

11-03-2025T04:40:51 - [TEST_STEP][PASSED] - delay(10): Delayed 10 second(s)

11-03-2025T04:41:01 - [MESSAGE][PASSED] - Delayed 10 second(s)

11-03-2025T04:41:01 - [TEST_STEP][PASSED] - if (verifyTextNotPresent("нет данных", false) == true): null

11-03-2025T04:41:01 - [MESSAGE][PASSED] - Text 'нет данных' is not present on page

11-03-2025T04:41:01 - [TEST_STEP][PASSED] - if (verifyTextNotPresent("Ошибка запроса данных", false) == true): null

11-03-2025T04:41:02 - [MESSAGE][PASSED] - Text 'Ошибка запроса данных' is not present on page

11-03-2025T04:41:02 - [TEST_STEP][PASSED] - if (verifyTextNotPresent("Произошла ошибка при выполнении пользовательского кода", false) == true): null

11-03-2025T04:41:02 - [MESSAGE][PASSED] - Text 'Произошла ошибка при выполнении пользовательского кода' is not present on page

11-03-2025T04:41:02 - [TEST_STEP][PASSED] - if (verifyTextNotPresent("У виджета нет данных", false) == true): null

11-03-2025T04:41:03 - [MESSAGE][PASSED] - Text 'У виджета нет данных' is not present on page

11-03-2025T04:41:03 - [TEST_STEP][PASSED] - if (verifyTextNotPresent("У виджета нет данных", false) == true): Text 'У виджета нет данных' is not present on page

11-03-2025T04:41:03 - [MESSAGE][PASSED] - Text 'У виджета нет данных' is not present on page

11-03-2025T04:41:03 - [TEST_STEP][PASSED] - click(findTestObject("Факторный анализ/Переключить отображение с филиала на месяц")): Object: 'Object Repository/Факторный анализ/Переключить отображение с филиала на месяц' is clicked on

11-03-2025T04:41:03 - [MESSAGE][PASSED] - Object: 'Object Repository/Факторный анализ/Переключить отображение с филиала на месяц' is clicked on

11-03-2025T04:41:03 - [TEST_STEP][PASSED] - typeOfData = "Месяц": null

11-03-2025T04:41:03 - [TEST_STEP][PASSED] - Script1687405718449.Test(todaysDate, typeOfData): null

11-03-2025T04:41:03 - [TEST_STEP][PASSED] - delay(10): Delayed 10 second(s)

11-03-2025T04:41:13 - [MESSAGE][PASSED] - Delayed 10 second(s)

11-03-2025T04:41:13 - [TEST_STEP][PASSED] - if (verifyTextNotPresent("нет данных", false) == true): null

11-03-2025T04:41:14 - [MESSAGE][PASSED] - Text 'нет данных' is not present on page

11-03-2025T04:41:14 - [TEST_STEP][PASSED] - if (verifyTextNotPresent("Ошибка запроса данных", false) == true): null

11-03-2025T04:41:14 - [MESSAGE][PASSED] - Text 'Ошибка запроса данных' is not present on page

11-03-2025T04:41:14 - [TEST_STEP][PASSED] - if (verifyTextNotPresent("Произошла ошибка при выполнении пользовательского кода", false) == true): null

11-03-2025T04:41:15 - [MESSAGE][PASSED] - Text 'Произошла ошибка при выполнении пользовательского кода' is not present on page

11-03-2025T04:41:15 - [TEST_STEP][PASSED] - if (verifyTextNotPresent("У виджета нет данных", false) == true): null

11-03-2025T04:41:15 - [MESSAGE][PASSED] - Text 'У виджета нет данных' is not present on page

11-03-2025T04:41:15 - [TEST_STEP][PASSED] - if (verifyTextNotPresent("У виджета нет данных", false) == true): Text 'У виджета нет данных' is not present on page

11-03-2025T04:41:16 - [MESSAGE][PASSED] - Text 'У виджета нет данных' is not present on page

11-03-2025T04:41:16 - [TEST_STEP][PASSED] - click(findTestObject("Факторный анализ/Переключить отображение с месяца на филиал")): Object: 'Object Repository/Факторный анализ/Переключить отображение с месяца на филиал' is clicked on

11-03-2025T04:41:16 - [MESSAGE][PASSED] - Object: 'Object Repository/Факторный анализ/Переключить отображение с месяца на филиал' is clicked on

11-03-2025T04:41:16 - [TEST_STEP][PASSED] - click(findTestObject("Факторный анализ/Фильтр ДЗО")): Object: 'Object Repository/Факторный анализ/Фильтр ДЗО' is clicked on

11-03-2025T04:41:16 - [MESSAGE][PASSED] - Object: 'Object Repository/Факторный анализ/Фильтр ДЗО' is clicked on

11-03-2025T04:41:16 - [TEST_STEP][PASSED] - click(findTestObject("Факторный анализ/Снять выделение в фильтре ДЗО")): Object: 'Object Repository/Факторный анализ/Снять выделение в фильтре ДЗО' is clicked on

11-03-2025T04:41:17 - [MESSAGE][PASSED] - Object: 'Object Repository/Факторный анализ/Снять выделение в фильтре ДЗО' is clicked on

11-03-2025T04:41:17 - [TEST_STEP][PASSED] - scrollToElement(findTestObject("Общие объекты/Рязаньэнерго"), 30): Scroll to object 'Object Repository/Общие объекты/Рязаньэнерго' successfully

11-03-2025T04:41:17 - [MESSAGE][PASSED] - Scroll to object 'Object Repository/Общие объекты/Рязаньэнерго' successfully

11-03-2025T04:41:17 - [TEST_STEP][PASSED] - click(findTestObject("Общие объекты/Рязаньэнерго")): Object: 'Object Repository/Общие объекты/Рязаньэнерго' is clicked on

11-03-2025T04:41:17 - [MESSAGE][PASSED] - Object: 'Object Repository/Общие объекты/Рязаньэнерго' is clicked on

11-03-2025T04:41:17 - [TEST_STEP][PASSED] - Script1687405718449.Change(todaysDate, typeOfData): null

11-03-2025T04:41:17 - [TEST_STEP][PASSED] - scrollToElement(findTestObject("Факторный анализ/Заголовок дашборда"), 30): Scroll to object 'Object Repository/Факторный анализ/Заголовок дашборда' successfully

11-03-2025T04:41:18 - [MESSAGE][PASSED] - Scroll to object 'Object Repository/Факторный анализ/Заголовок дашборда' successfully

11-03-2025T04:41:18 - [TEST_STEP][PASSED] - click(findTestObject("Факторный анализ/Применить в фильтре ДЗО")): Object: 'Object Repository/Факторный анализ/Применить в фильтре ДЗО' is clicked on

11-03-2025T04:41:18 - [MESSAGE][PASSED] - Object: 'Object Repository/Факторный анализ/Применить в фильтре ДЗО' is clicked on

11-03-2025T04:41:18 - [TEST_STEP][PASSED] - typeOfData = "Филиал": null

11-03-2025T04:41:18 - [TEST_STEP][PASSED] - Script1687405718449.Test(todaysDate, typeOfData): null

11-03-2025T04:41:18 - [TEST_STEP][PASSED] - delay(10): Delayed 10 second(s)

11-03-2025T04:41:28 - [MESSAGE][PASSED] - Delayed 10 second(s)

11-03-2025T04:41:28 - [TEST_STEP][PASSED] - if (verifyTextNotPresent("нет данных", false) == true): null

11-03-2025T04:41:29 - [MESSAGE][PASSED] - Text 'нет данных' is not present on page

11-03-2025T04:41:29 - [TEST_STEP][PASSED] - if (verifyTextNotPresent("Ошибка запроса данных", false) == true): null

11-03-2025T04:41:29 - [MESSAGE][PASSED] - Text 'Ошибка запроса данных' is not present on page

11-03-2025T04:41:29 - [TEST_STEP][PASSED] - if (verifyTextNotPresent("Произошла ошибка при выполнении пользовательского кода", false) == true): null

11-03-2025T04:41:30 - [MESSAGE][PASSED] - Text 'Произошла ошибка при выполнении пользовательского кода' is not present on page

11-03-2025T04:41:30 - [TEST_STEP][PASSED] - if (verifyTextNotPresent("У виджета нет данных", false) == true): null

11-03-2025T04:41:30 - [MESSAGE][PASSED] - Text 'У виджета нет данных' is not present on page

11-03-2025T04:41:30 - [TEST_STEP][PASSED] - if (verifyTextNotPresent("У виджета нет данных", false) == true): Text 'У виджета нет данных' is not present on page

11-03-2025T04:41:31 - [MESSAGE][PASSED] - Text 'У виджета нет данных' is not present on page

11-03-2025T04:41:31 - [TEST_STEP][PASSED] - click(findTestObject("Факторный анализ/Переключить отображение с филиала на месяц")): Object: 'Object Repository/Факторный анализ/Переключить отображение с филиала на месяц' is clicked on

11-03-2025T04:41:31 - [MESSAGE][PASSED] - Object: 'Object Repository/Факторный анализ/Переключить отображение с филиала на месяц' is clicked on

11-03-2025T04:41:31 - [TEST_STEP][PASSED] - typeOfData = "Месяц": null

11-03-2025T04:41:31 - [TEST_STEP][PASSED] - Script1687405718449.Test(todaysDate, typeOfData): null

11-03-2025T04:41:31 - [TEST_STEP][PASSED] - delay(10): Delayed 10 second(s)

11-03-2025T04:41:41 - [MESSAGE][PASSED] - Delayed 10 second(s)

11-03-2025T04:41:41 - [TEST_STEP][PASSED] - if (verifyTextNotPresent("нет данных", false) == true): null

11-03-2025T04:41:42 - [MESSAGE][PASSED] - Text 'нет данных' is not present on page

11-03-2025T04:41:42 - [TEST_STEP][PASSED] - if (verifyTextNotPresent("Ошибка запроса данных", false) == true): null

11-03-2025T04:41:42 - [MESSAGE][PASSED] - Text 'Ошибка запроса данных' is not present on page

11-03-2025T04:41:42 - [TEST_STEP][PASSED] - if (verifyTextNotPresent("Произошла ошибка при выполнении пользовательского кода", false) == true): null

11-03-2025T04:41:43 - [MESSAGE][PASSED] - Text 'Произошла ошибка при выполнении пользовательского кода' is not present on page

11-03-2025T04:41:43 - [TEST_STEP][PASSED] - if (verifyTextNotPresent("У виджета нет данных", false) == true): null

11-03-2025T04:41:43 - [MESSAGE][PASSED] - Text 'У виджета нет данных' is not present on page

11-03-2025T04:41:43 - [TEST_STEP][PASSED] - if (verifyTextNotPresent("У виджета нет данных", false) == true): Text 'У виджета нет данных' is not present on page

11-03-2025T04:41:44 - [MESSAGE][PASSED] - Text 'У виджета нет данных' is not present on page

11-03-2025T04:41:44 - [TEST_STEP][PASSED] - click(findTestObject("Факторный анализ/Переключить отображение с месяца на филиал")): Object: 'Object Repository/Факторный анализ/Переключить отображение с месяца на филиал' is clicked on

11-03-2025T04:41:44 - [MESSAGE][PASSED] - Object: 'Object Repository/Факторный анализ/Переключить отображение с месяца на филиал' is clicked on

11-03-2025T04:41:44 - [TEST_STEP][PASSED] - click(findTestObject("Факторный анализ/Фильтр ДЗО")): Object: 'Object Repository/Факторный анализ/Фильтр ДЗО' is clicked on

11-03-2025T04:41:44 - [MESSAGE][PASSED] - Object: 'Object Repository/Факторный анализ/Фильтр ДЗО' is clicked on

11-03-2025T04:41:44 - [TEST_STEP][PASSED] - click(findTestObject("Факторный анализ/Снять выделение в фильтре ДЗО")): Object: 'Object Repository/Факторный анализ/Снять выделение в фильтре ДЗО' is clicked on

11-03-2025T04:41:45 - [MESSAGE][PASSED] - Object: 'Object Repository/Факторный анализ/Снять выделение в фильтре ДЗО' is clicked on

11-03-2025T04:41:45 - [TEST_STEP][PASSED] - scrollToElement(findTestObject("Общие объекты/Тулэнерго"), 30): Scroll to object 'Object Repository/Общие объекты/Тулэнерго' successfully

11-03-2025T04:41:45 - [MESSAGE][PASSED] - Scroll to object 'Object Repository/Общие объекты/Тулэнерго' successfully

11-03-2025T04:41:45 - [TEST_STEP][PASSED] - click(findTestObject("Общие объекты/Тулэнерго")): Object: 'Object Repository/Общие объекты/Тулэнерго' is clicked on

11-03-2025T04:41:45 - [MESSAGE][PASSED] - Object: 'Object Repository/Общие объекты/Тулэнерго' is clicked on

11-03-2025T04:41:45 - [TEST_STEP][PASSED] - Script1687405718449.Change(todaysDate, typeOfData): null

11-03-2025T04:41:45 - [TEST_STEP][PASSED] - scrollToElement(findTestObject("Факторный анализ/Заголовок дашборда"), 30): Scroll to object 'Object Repository/Факторный анализ/Заголовок дашборда' successfully

11-03-2025T04:41:46 - [MESSAGE][PASSED] - Scroll to object 'Object Repository/Факторный анализ/Заголовок дашборда' successfully

11-03-2025T04:41:46 - [TEST_STEP][PASSED] - click(findTestObject("Факторный анализ/Применить в фильтре ДЗО")): Object: 'Object Repository/Факторный анализ/Применить в фильтре ДЗО' is clicked on

11-03-2025T04:41:46 - [MESSAGE][PASSED] - Object: 'Object Repository/Факторный анализ/Применить в фильтре ДЗО' is clicked on

11-03-2025T04:41:46 - [TEST_STEP][PASSED] - typeOfData = "Филиал": null

11-03-2025T04:41:46 - [TEST_STEP][PASSED] - Script1687405718449.Test(todaysDate, typeOfData): null

11-03-2025T04:41:46 - [TEST_STEP][PASSED] - delay(10): Delayed 10 second(s)

11-03-2025T04:41:56 - [MESSAGE][PASSED] - Delayed 10 second(s)

11-03-2025T04:41:56 - [TEST_STEP][PASSED] - if (verifyTextNotPresent("нет данных", false) == true): null

11-03-2025T04:41:57 - [MESSAGE][PASSED] - Text 'нет данных' is not present on page

11-03-2025T04:41:57 - [TEST_STEP][PASSED] - if (verifyTextNotPresent("Ошибка запроса данных", false) == true): null

11-03-2025T04:41:57 - [MESSAGE][PASSED] - Text 'Ошибка запроса данных' is not present on page

11-03-2025T04:41:57 - [TEST_STEP][PASSED] - if (verifyTextNotPresent("Произошла ошибка при выполнении пользовательского кода", false) == true): null

11-03-2025T04:41:58 - [MESSAGE][PASSED] - Text 'Произошла ошибка при выполнении пользовательского кода' is not present on page

11-03-2025T04:41:58 - [TEST_STEP][PASSED] - if (verifyTextNotPresent("У виджета нет данных", false) == true): null

11-03-2025T04:41:58 - [MESSAGE][PASSED] - Text 'У виджета нет данных' is not present on page

11-03-2025T04:41:58 - [TEST_STEP][PASSED] - if (verifyTextNotPresent("У виджета нет данных", false) == true): Text 'У виджета нет данных' is not present on page

11-03-2025T04:41:59 - [MESSAGE][PASSED] - Text 'У виджета нет данных' is not present on page

11-03-2025T04:41:59 - [TEST_STEP][PASSED] - click(findTestObject("Факторный анализ/Переключить отображение с филиала на месяц")): Object: 'Object Repository/Факторный анализ/Переключить отображение с филиала на месяц' is clicked on

11-03-2025T04:41:59 - [MESSAGE][PASSED] - Object: 'Object Repository/Факторный анализ/Переключить отображение с филиала на месяц' is clicked on

11-03-2025T04:41:59 - [TEST_STEP][PASSED] - typeOfData = "Месяц": null

11-03-2025T04:41:59 - [TEST_STEP][PASSED] - Script1687405718449.Test(todaysDate, typeOfData): null

11-03-2025T04:41:59 - [TEST_STEP][PASSED] - delay(10): Delayed 10 second(s)

11-03-2025T04:42:09 - [MESSAGE][PASSED] - Delayed 10 second(s)

11-03-2025T04:42:09 - [TEST_STEP][PASSED] - if (verifyTextNotPresent("нет данных", false) == true): null

11-03-2025T04:42:10 - [MESSAGE][PASSED] - Text 'нет данных' is not present on page

11-03-2025T04:42:10 - [TEST_STEP][PASSED] - if (verifyTextNotPresent("Ошибка запроса данных", false) == true): null

11-03-2025T04:42:10 - [MESSAGE][PASSED] - Text 'Ошибка запроса данных' is not present on page

11-03-2025T04:42:10 - [TEST_STEP][PASSED] - if (verifyTextNotPresent("Произошла ошибка при выполнении пользовательского кода", false) == true): null

11-03-2025T04:42:10 - [MESSAGE][PASSED] - Text 'Произошла ошибка при выполнении пользовательского кода' is not present on page

11-03-2025T04:42:10 - [TEST_STEP][PASSED] - if (verifyTextNotPresent("У виджета нет данных", false) == true): null

11-03-2025T04:42:11 - [MESSAGE][PASSED] - Text 'У виджета нет данных' is not present on page

11-03-2025T04:42:11 - [TEST_STEP][PASSED] - if (verifyTextNotPresent("У виджета нет данных", false) == true): Text 'У виджета нет данных' is not present on page

11-03-2025T04:42:11 - [MESSAGE][PASSED] - Text 'У виджета нет данных' is not present on page

11-03-2025T04:42:11 - [TEST_STEP][PASSED] - click(findTestObject("Факторный анализ/Переключить отображение с месяца на филиал")): Object: 'Object Repository/Факторный анализ/Переключить отображение с месяца на филиал' is clicked on

11-03-2025T04:42:12 - [MESSAGE][PASSED] - Object: 'Object Repository/Факторный анализ/Переключить отображение с месяца на филиал' is clicked on

11-03-2025T04:42:12 - [TEST_STEP][PASSED] - click(findTestObject("Факторный анализ/Фильтр ДЗО")): Object: 'Object Repository/Факторный анализ/Фильтр ДЗО' is clicked on

11-03-2025T04:42:12 - [MESSAGE][PASSED] - Object: 'Object Repository/Факторный анализ/Фильтр ДЗО' is clicked on

11-03-2025T04:42:12 - [TEST_STEP][PASSED] - click(findTestObject("Факторный анализ/Снять выделение в фильтре ДЗО")): Object: 'Object Repository/Факторный анализ/Снять выделение в фильтре ДЗО' is clicked on

11-03-2025T04:42:13 - [MESSAGE][PASSED] - Object: 'Object Repository/Факторный анализ/Снять выделение в фильтре ДЗО' is clicked on

11-03-2025T04:42:13 - [TEST_STEP][PASSED] - scrollToElement(findTestObject("Общие объекты/Удмуртэнерго"), 30): Scroll to object 'Object Repository/Общие объекты/Удмуртэнерго' successfully

11-03-2025T04:42:13 - [MESSAGE][PASSED] - Scroll to object 'Object Repository/Общие объекты/Удмуртэнерго' successfully

11-03-2025T04:42:13 - [TEST_STEP][PASSED] - click(findTestObject("Общие объекты/Удмуртэнерго")): Object: 'Object Repository/Общие объекты/Удмуртэнерго' is clicked on

11-03-2025T04:42:13 - [MESSAGE][PASSED] - Object: 'Object Repository/Общие объекты/Удмуртэнерго' is clicked on

11-03-2025T04:42:13 - [TEST_STEP][PASSED] - Script1687405718449.Change(todaysDate, typeOfData): null

11-03-2025T04:42:13 - [TEST_STEP][PASSED] - scrollToElement(findTestObject("Факторный анализ/Заголовок дашборда"), 30): Scroll to object 'Object Repository/Факторный анализ/Заголовок дашборда' successfully

11-03-2025T04:42:14 - [MESSAGE][PASSED] - Scroll to object 'Object Repository/Факторный анализ/Заголовок дашборда' successfully

11-03-2025T04:42:14 - [TEST_STEP][PASSED] - click(findTestObject("Факторный анализ/Применить в фильтре ДЗО")): Object: 'Object Repository/Факторный анализ/Применить в фильтре ДЗО' is clicked on

11-03-2025T04:42:14 - [MESSAGE][PASSED] - Object: 'Object Repository/Факторный анализ/Применить в фильтре ДЗО' is clicked on

11-03-2025T04:42:14 - [TEST_STEP][PASSED] - typeOfData = "Филиал": null

11-03-2025T04:42:14 - [TEST_STEP][PASSED] - Script1687405718449.Test(todaysDate, typeOfData): null

11-03-2025T04:42:14 - [TEST_STEP][PASSED] - delay(10): Delayed 10 second(s)

11-03-2025T04:42:24 - [MESSAGE][PASSED] - Delayed 10 second(s)

11-03-2025T04:42:24 - [TEST_STEP][PASSED] - if (verifyTextNotPresent("нет данных", false) == true): null

11-03-2025T04:42:25 - [MESSAGE][PASSED] - Text 'нет данных' is not present on page

11-03-2025T04:42:25 - [TEST_STEP][PASSED] - if (verifyTextNotPresent("Ошибка запроса данных", false) == true): null

11-03-2025T04:42:25 - [MESSAGE][PASSED] - Text 'Ошибка запроса данных' is not present on page

11-03-2025T04:42:25 - [TEST_STEP][PASSED] - if (verifyTextNotPresent("Произошла ошибка при выполнении пользовательского кода", false) == true): null

11-03-2025T04:42:26 - [MESSAGE][PASSED] - Text 'Произошла ошибка при выполнении пользовательского кода' is not present on page

11-03-2025T04:42:26 - [TEST_STEP][PASSED] - if (verifyTextNotPresent("У виджета нет данных", false) == true): null

11-03-2025T04:42:26 - [MESSAGE][PASSED] - Text 'У виджета нет данных' is not present on page

11-03-2025T04:42:26 - [TEST_STEP][PASSED] - if (verifyTextNotPresent("У виджета нет данных", false) == true): Text 'У виджета нет данных' is not present on page

11-03-2025T04:42:27 - [MESSAGE][PASSED] - Text 'У виджета нет данных' is not present on page

11-03-2025T04:42:27 - [TEST_STEP][PASSED] - click(findTestObject("Факторный анализ/Переключить отображение с филиала на месяц")): Object: 'Object Repository/Факторный анализ/Переключить отображение с филиала на месяц' is clicked on

11-03-2025T04:42:27 - [MESSAGE][PASSED] - Object: 'Object Repository/Факторный анализ/Переключить отображение с филиала на месяц' is clicked on

11-03-2025T04:42:27 - [TEST_STEP][PASSED] - typeOfData = "Месяц": null

11-03-2025T04:42:27 - [TEST_STEP][PASSED] - Script1687405718449.Test(todaysDate, typeOfData): null

11-03-2025T04:42:27 - [TEST_STEP][PASSED] - delay(10): Delayed 10 second(s)

11-03-2025T04:42:37 - [MESSAGE][PASSED] - Delayed 10 second(s)

11-03-2025T04:42:37 - [TEST_STEP][PASSED] - if (verifyTextNotPresent("нет данных", false) == true): null

11-03-2025T04:42:37 - [MESSAGE][PASSED] - Text 'нет данных' is not present on page

11-03-2025T04:42:37 - [TEST_STEP][PASSED] - if (verifyTextNotPresent("Ошибка запроса данных", false) == true): null

11-03-2025T04:42:38 - [MESSAGE][PASSED] - Text 'Ошибка запроса данных' is not present on page

11-03-2025T04:42:38 - [TEST_STEP][PASSED] - if (verifyTextNotPresent("Произошла ошибка при выполнении пользовательского кода", false) == true): null

11-03-2025T04:42:38 - [MESSAGE][PASSED] - Text 'Произошла ошибка при выполнении пользовательского кода' is not present on page

11-03-2025T04:42:38 - [TEST_STEP][PASSED] - if (verifyTextNotPresent("У виджета нет данных", false) == true): null

11-03-2025T04:42:39 - [MESSAGE][PASSED] - Text 'У виджета нет данных' is not present on page

11-03-2025T04:42:39 - [TEST_STEP][PASSED] - if (verifyTextNotPresent("У виджета нет данных", false) == true): Text 'У виджета нет данных' is not present on page

11-03-2025T04:42:39 - [MESSAGE][PASSED] - Text 'У виджета нет данных' is not present on page

11-03-2025T04:42:39 - [TEST_STEP][PASSED] - click(findTestObject("Факторный анализ/Переключить отображение с месяца на филиал")): Object: 'Object Repository/Факторный анализ/Переключить отображение с месяца на филиал' is clicked on

11-03-2025T04:42:40 - [MESSAGE][PASSED] - Object: 'Object Repository/Факторный анализ/Переключить отображение с месяца на филиал' is clicked on

11-03-2025T04:42:40 - [TEST_STEP][PASSED] - click(findTestObject("Факторный анализ/Фильтр ДЗО")): Object: 'Object Repository/Факторный анализ/Фильтр ДЗО' is clicked on

11-03-2025T04:42:40 - [MESSAGE][PASSED] - Object: 'Object Repository/Факторный анализ/Фильтр ДЗО' is clicked on

11-03-2025T04:42:40 - [TEST_STEP][PASSED] - click(findTestObject("Факторный анализ/Снять выделение в фильтре ДЗО")): Object: 'Object Repository/Факторный анализ/Снять выделение в фильтре ДЗО' is clicked on

11-03-2025T04:42:40 - [MESSAGE][PASSED] - Object: 'Object Repository/Факторный анализ/Снять выделение в фильтре ДЗО' is clicked on

11-03-2025T04:42:40 - [TEST_STEP][PASSED] - scrollToElement(findTestObject("Общие объекты/Раскрыть список Россети Юг"), 30): Scroll to object 'Object Repository/Общие объекты/Раскрыть список Россети Юг' successfully

11-03-2025T04:42:41 - [MESSAGE][PASSED] - Scroll to object 'Object Repository/Общие объекты/Раскрыть список Россети Юг' successfully

11-03-2025T04:42:41 - [TEST_STEP][PASSED] - click(findTestObject("Факторный анализ/Россети Юг")): Object: 'Object Repository/Факторный анализ/Россети Юг' is clicked on

11-03-2025T04:42:41 - [MESSAGE][PASSED] - Object: 'Object Repository/Факторный анализ/Россети Юг' is clicked on

11-03-2025T04:42:41 - [TEST_STEP][PASSED] - Script1687405718449.Change(todaysDate, typeOfData): null

11-03-2025T04:42:41 - [TEST_STEP][PASSED] - scrollToElement(findTestObject("Факторный анализ/Заголовок дашборда"), 30): Scroll to object 'Object Repository/Факторный анализ/Заголовок дашборда' successfully

11-03-2025T04:42:42 - [MESSAGE][PASSED] - Scroll to object 'Object Repository/Факторный анализ/Заголовок дашборда' successfully

11-03-2025T04:42:42 - [TEST_STEP][PASSED] - click(findTestObject("Факторный анализ/Применить в фильтре ДЗО")): Object: 'Object Repository/Факторный анализ/Применить в фильтре ДЗО' is clicked on

11-03-2025T04:42:42 - [MESSAGE][PASSED] - Object: 'Object Repository/Факторный анализ/Применить в фильтре ДЗО' is clicked on

11-03-2025T04:42:42 - [TEST_STEP][PASSED] - typeOfData = "Филиал": null

11-03-2025T04:42:42 - [TEST_STEP][PASSED] - Script1687405718449.Test(todaysDate, typeOfData): null

11-03-2025T04:42:42 - [TEST_STEP][PASSED] - delay(10): Delayed 10 second(s)

11-03-2025T04:42:52 - [MESSAGE][PASSED] - Delayed 10 second(s)

11-03-2025T04:42:52 - [TEST_STEP][PASSED] - if (verifyTextNotPresent("нет данных", false) == true): null

11-03-2025T04:42:53 - [MESSAGE][PASSED] - Text 'нет данных' is not present on page

11-03-2025T04:42:53 - [TEST_STEP][PASSED] - if (verifyTextNotPresent("Ошибка запроса данных", false) == true): null

11-03-2025T04:42:53 - [MESSAGE][PASSED] - Text 'Ошибка запроса данных' is not present on page

11-03-2025T04:42:53 - [TEST_STEP][PASSED] - if (verifyTextNotPresent("Произошла ошибка при выполнении пользовательского кода", false) == true): null

11-03-2025T04:42:54 - [MESSAGE][PASSED] - Text 'Произошла ошибка при выполнении пользовательского кода' is not present on page

11-03-2025T04:42:54 - [TEST_STEP][PASSED] - if (verifyTextNotPresent("У виджета нет данных", false) == true): null

11-03-2025T04:42:54 - [MESSAGE][PASSED] - Text 'У виджета нет данных' is not present on page

11-03-2025T04:42:54 - [TEST_STEP][PASSED] - if (verifyTextNotPresent("У виджета нет данных", false) == true): Text 'У виджета нет данных' is not present on page

11-03-2025T04:42:54 - [MESSAGE][PASSED] - Text 'У виджета нет данных' is not present on page

11-03-2025T04:42:54 - [TEST_STEP][PASSED] - click(findTestObject("Факторный анализ/Переключить отображение с филиала на месяц")): Object: 'Object Repository/Факторный анализ/Переключить отображение с филиала на месяц' is clicked on

11-03-2025T04:42:55 - [MESSAGE][PASSED] - Object: 'Object Repository/Факторный анализ/Переключить отображение с филиала на месяц' is clicked on

11-03-2025T04:42:55 - [TEST_STEP][PASSED] - typeOfData = "Месяц": null

11-03-2025T04:42:55 - [TEST_STEP][PASSED] - Script1687405718449.Test(todaysDate, typeOfData): null

11-03-2025T04:42:55 - [TEST_STEP][PASSED] - delay(10): Delayed 10 second(s)

11-03-2025T04:43:05 - [MESSAGE][PASSED] - Delayed 10 second(s)

11-03-2025T04:43:05 - [TEST_STEP][PASSED] - if (verifyTextNotPresent("нет данных", false) == true): null

11-03-2025T04:43:05 - [MESSAGE][PASSED] - Text 'нет данных' is not present on page

11-03-2025T04:43:05 - [TEST_STEP][PASSED] - if (verifyTextNotPresent("Ошибка запроса данных", false) == true): null

11-03-2025T04:43:06 - [MESSAGE][PASSED] - Text 'Ошибка запроса данных' is not present on page

11-03-2025T04:43:06 - [TEST_STEP][PASSED] - if (verifyTextNotPresent("Произошла ошибка при выполнении пользовательского кода", false) == true): null

11-03-2025T04:43:06 - [MESSAGE][PASSED] - Text 'Произошла ошибка при выполнении пользовательского кода' is not present on page

11-03-2025T04:43:06 - [TEST_STEP][PASSED] - if (verifyTextNotPresent("У виджета нет данных", false) == true): null

11-03-2025T04:43:07 - [MESSAGE][PASSED] - Text 'У виджета нет данных' is not present on page

11-03-2025T04:43:07 - [TEST_STEP][PASSED] - if (verifyTextNotPresent("У виджета нет данных", false) == true): Text 'У виджета нет данных' is not present on page

11-03-2025T04:43:07 - [MESSAGE][PASSED] - Text 'У виджета нет данных' is not present on page

11-03-2025T04:43:07 - [TEST_STEP][PASSED] - click(findTestObject("Факторный анализ/Переключить отображение с месяца на филиал")): Object: 'Object Repository/Факторный анализ/Переключить отображение с месяца на филиал' is clicked on

11-03-2025T04:43:07 - [MESSAGE][PASSED] - Object: 'Object Repository/Факторный анализ/Переключить отображение с месяца на филиал' is clicked on

11-03-2025T04:43:07 - [TEST_STEP][PASSED] - click(findTestObject("Факторный анализ/Фильтр ДЗО")): Object: 'Object Repository/Факторный анализ/Фильтр ДЗО' is clicked on

11-03-2025T04:43:08 - [MESSAGE][PASSED] - Object: 'Object Repository/Факторный анализ/Фильтр ДЗО' is clicked on

11-03-2025T04:43:08 - [TEST_STEP][PASSED] - click(findTestObject("Факторный анализ/Снять выделение в фильтре ДЗО")): Object: 'Object Repository/Факторный анализ/Снять выделение в фильтре ДЗО' is clicked on

11-03-2025T04:43:08 - [MESSAGE][PASSED] - Object: 'Object Repository/Факторный анализ/Снять выделение в фильтре ДЗО' is clicked on

11-03-2025T04:43:08 - [TEST_STEP][PASSED] - scrollToElement(findTestObject("Общие объекты/Раскрыть список Россети Юг"), 30): Scroll to object 'Object Repository/Общие объекты/Раскрыть список Россети Юг' successfully

11-03-2025T04:43:09 - [MESSAGE][PASSED] - Scroll to object 'Object Repository/Общие объекты/Раскрыть список Россети Юг' successfully

11-03-2025T04:43:09 - [TEST_STEP][PASSED] - click(findTestObject("Общие объекты/Раскрыть список Россети Юг")): Object: 'Object Repository/Общие объекты/Раскрыть список Россети Юг' is clicked on

11-03-2025T04:43:09 - [MESSAGE][PASSED] - Object: 'Object Repository/Общие объекты/Раскрыть список Россети Юг' is clicked on

11-03-2025T04:43:09 - [TEST_STEP][PASSED] - click(findTestObject("Общие объекты/Раскрыть список Россети Юг")): Object: 'Object Repository/Общие объекты/Раскрыть список Россети Юг' is clicked on

11-03-2025T04:43:10 - [MESSAGE][PASSED] - Object: 'Object Repository/Общие объекты/Раскрыть список Россети Юг' is clicked on

11-03-2025T04:43:10 - [TEST_STEP][PASSED] - scrollToElement(findTestObject("Общие объекты/ВМЭС"), 30): Scroll to object 'Object Repository/Общие объекты/ВМЭС' successfully

11-03-2025T04:43:10 - [MESSAGE][PASSED] - Scroll to object 'Object Repository/Общие объекты/ВМЭС' successfully

11-03-2025T04:43:10 - [TEST_STEP][PASSED] - click(findTestObject("Общие объекты/ВМЭС")): Object: 'Object Repository/Общие объекты/ВМЭС' is clicked on

11-03-2025T04:43:11 - [MESSAGE][PASSED] - Object: 'Object Repository/Общие объекты/ВМЭС' is clicked on

11-03-2025T04:43:11 - [TEST_STEP][PASSED] - Script1687405718449.Change(todaysDate, typeOfData): null

11-03-2025T04:43:11 - [TEST_STEP][PASSED] - scrollToElement(findTestObject("Факторный анализ/Заголовок дашборда"), 30): Scroll to object 'Object Repository/Факторный анализ/Заголовок дашборда' successfully

11-03-2025T04:43:11 - [MESSAGE][PASSED] - Scroll to object 'Object Repository/Факторный анализ/Заголовок дашборда' successfully

11-03-2025T04:43:11 - [TEST_STEP][PASSED] - click(findTestObject("Факторный анализ/Применить в фильтре ДЗО")): Object: 'Object Repository/Факторный анализ/Применить в фильтре ДЗО' is clicked on

11-03-2025T04:43:12 - [MESSAGE][PASSED] - Object: 'Object Repository/Факторный анализ/Применить в фильтре ДЗО' is clicked on

11-03-2025T04:43:12 - [TEST_STEP][PASSED] - typeOfData = "Филиал": null

11-03-2025T04:43:12 - [TEST_STEP][PASSED] - Script1687405718449.Test(todaysDate, typeOfData): null

11-03-2025T04:43:12 - [TEST_STEP][PASSED] - delay(10): Delayed 10 second(s)

11-03-2025T04:43:22 - [MESSAGE][PASSED] - Delayed 10 second(s)

11-03-2025T04:43:22 - [TEST_STEP][PASSED] - if (verifyTextNotPresent("нет данных", false) == true): null

11-03-2025T04:43:22 - [MESSAGE][PASSED] - Text 'нет данных' is not present on page

11-03-2025T04:43:22 - [TEST_STEP][PASSED] - if (verifyTextNotPresent("Ошибка запроса данных", false) == true): null

11-03-2025T04:43:23 - [MESSAGE][PASSED] - Text 'Ошибка запроса данных' is not present on page

11-03-2025T04:43:23 - [TEST_STEP][PASSED] - if (verifyTextNotPresent("Произошла ошибка при выполнении пользовательского кода", false) == true): null

11-03-2025T04:43:23 - [MESSAGE][PASSED] - Text 'Произошла ошибка при выполнении пользовательского кода' is not present on page

11-03-2025T04:43:23 - [TEST_STEP][PASSED] - if (verifyTextNotPresent("У виджета нет данных", false) == true): null

11-03-2025T04:43:24 - [MESSAGE][PASSED] - Text 'У виджета нет данных' is not present on page

11-03-2025T04:43:24 - [TEST_STEP][PASSED] - if (verifyTextNotPresent("У виджета нет данных", false) == true): Text 'У виджета нет данных' is not present on page

11-03-2025T04:43:24 - [MESSAGE][PASSED] - Text 'У виджета нет данных' is not present on page

11-03-2025T04:43:24 - [TEST_STEP][PASSED] - click(findTestObject("Факторный анализ/Переключить отображение с филиала на месяц")): Object: 'Object Repository/Факторный анализ/Переключить отображение с филиала на месяц' is clicked on

11-03-2025T04:43:24 - [MESSAGE][PASSED] - Object: 'Object Repository/Факторный анализ/Переключить отображение с филиала на месяц' is clicked on

11-03-2025T04:43:24 - [TEST_STEP][PASSED] - typeOfData = "Месяц": null

11-03-2025T04:43:24 - [TEST_STEP][PASSED] - Script1687405718449.Test(todaysDate, typeOfData): null

11-03-2025T04:43:24 - [TEST_STEP][PASSED] - delay(10): Delayed 10 second(s)

11-03-2025T04:43:34 - [MESSAGE][PASSED] - Delayed 10 second(s)

11-03-2025T04:43:34 - [TEST_STEP][PASSED] - if (verifyTextNotPresent("нет данных", false) == true): null

11-03-2025T04:43:35 - [MESSAGE][PASSED] - Text 'нет данных' is not present on page

11-03-2025T04:43:35 - [TEST_STEP][PASSED] - if (verifyTextNotPresent("Ошибка запроса данных", false) == true): null

11-03-2025T04:43:35 - [MESSAGE][PASSED] - Text 'Ошибка запроса данных' is not present on page

11-03-2025T04:43:35 - [TEST_STEP][PASSED] - if (verifyTextNotPresent("Произошла ошибка при выполнении пользовательского кода", false) == true): null

11-03-2025T04:43:36 - [MESSAGE][PASSED] - Text 'Произошла ошибка при выполнении пользовательского кода' is not present on page

11-03-2025T04:43:36 - [TEST_STEP][PASSED] - if (verifyTextNotPresent("У виджета нет данных", false) == true): null

11-03-2025T04:43:36 - [MESSAGE][PASSED] - Text 'У виджета нет данных' is not present on page

11-03-2025T04:43:36 - [TEST_STEP][PASSED] - if (verifyTextNotPresent("У виджета нет данных", false) == true): Text 'У виджета нет данных' is not present on page

11-03-2025T04:43:37 - [MESSAGE][PASSED] - Text 'У виджета нет данных' is not present on page

11-03-2025T04:43:37 - [TEST_STEP][PASSED] - click(findTestObject("Факторный анализ/Переключить отображение с месяца на филиал")): Object: 'Object Repository/Факторный анализ/Переключить отображение с месяца на филиал' is clicked on

11-03-2025T04:43:37 - [MESSAGE][PASSED] - Object: 'Object Repository/Факторный анализ/Переключить отображение с месяца на филиал' is clicked on

11-03-2025T04:43:37 - [TEST_STEP][PASSED] - click(findTestObject("Факторный анализ/Фильтр ДЗО")): Object: 'Object Repository/Факторный анализ/Фильтр ДЗО' is clicked on

11-03-2025T04:43:38 - [MESSAGE][PASSED] - Object: 'Object Repository/Факторный анализ/Фильтр ДЗО' is clicked on

11-03-2025T04:43:38 - [TEST_STEP][PASSED] - click(findTestObject("Факторный анализ/Снять выделение в фильтре ДЗО")): Object: 'Object Repository/Факторный анализ/Снять выделение в фильтре ДЗО' is clicked on

11-03-2025T04:43:38 - [MESSAGE][PASSED] - Object: 'Object Repository/Факторный анализ/Снять выделение в фильтре ДЗО' is clicked on

11-03-2025T04:43:38 - [TEST_STEP][PASSED] - scrollToElement(findTestObject("Общие объекты/Астраханьэнерго"), 30): Scroll to object 'Object Repository/Общие объекты/Астраханьэнерго' successfully

11-03-2025T04:43:38 - [MESSAGE][PASSED] - Scroll to object 'Object Repository/Общие объекты/Астраханьэнерго' successfully

11-03-2025T04:43:38 - [TEST_STEP][PASSED] - click(findTestObject("Общие объекты/Астраханьэнерго")): Object: 'Object Repository/Общие объекты/Астраханьэнерго' is clicked on

11-03-2025T04:43:39 - [MESSAGE][PASSED] - Object: 'Object Repository/Общие объекты/Астраханьэнерго' is clicked on

11-03-2025T04:43:39 - [TEST_STEP][PASSED] - Script1687405718449.Change(todaysDate, typeOfData): null

11-03-2025T04:43:39 - [TEST_STEP][PASSED] - scrollToElement(findTestObject("Факторный анализ/Заголовок дашборда"), 30): Scroll to object 'Object Repository/Факторный анализ/Заголовок дашборда' successfully

11-03-2025T04:43:39 - [MESSAGE][PASSED] - Scroll to object 'Object Repository/Факторный анализ/Заголовок дашборда' successfully

11-03-2025T04:43:39 - [TEST_STEP][PASSED] - click(findTestObject("Факторный анализ/Применить в фильтре ДЗО")): Object: 'Object Repository/Факторный анализ/Применить в фильтре ДЗО' is clicked on

11-03-2025T04:43:40 - [MESSAGE][PASSED] - Object: 'Object Repository/Факторный анализ/Применить в фильтре ДЗО' is clicked on

11-03-2025T04:43:40 - [TEST_STEP][PASSED] - typeOfData = "Филиал": null

11-03-2025T04:43:40 - [TEST_STEP][PASSED] - Script1687405718449.Test(todaysDate, typeOfData): null

11-03-2025T04:43:40 - [TEST_STEP][PASSED] - delay(10): Delayed 10 second(s)

11-03-2025T04:43:50 - [MESSAGE][PASSED] - Delayed 10 second(s)

11-03-2025T04:43:50 - [TEST_STEP][PASSED] - if (verifyTextNotPresent("нет данных", false) == true): null

11-03-2025T04:43:50 - [MESSAGE][PASSED] - Text 'нет данных' is not present on page

11-03-2025T04:43:50 - [TEST_STEP][PASSED] - if (verifyTextNotPresent("Ошибка запроса данных", false) == true): null

11-03-2025T04:43:50 - [MESSAGE][PASSED] - Text 'Ошибка запроса данных' is not present on page

11-03-2025T04:43:50 - [TEST_STEP][PASSED] - if (verifyTextNotPresent("Произошла ошибка при выполнении пользовательского кода", false) == true): null

11-03-2025T04:43:51 - [MESSAGE][PASSED] - Text 'Произошла ошибка при выполнении пользовательского кода' is not present on page

11-03-2025T04:43:51 - [TEST_STEP][PASSED] - if (verifyTextNotPresent("У виджета нет данных", false) == true): null

11-03-2025T04:43:51 - [MESSAGE][PASSED] - Text 'У виджета нет данных' is not present on page

11-03-2025T04:43:51 - [TEST_STEP][PASSED] - if (verifyTextNotPresent("У виджета нет данных", false) == true): Text 'У виджета нет данных' is not present on page

11-03-2025T04:43:52 - [MESSAGE][PASSED] - Text 'У виджета нет данных' is not present on page

11-03-2025T04:43:52 - [TEST_STEP][PASSED] - click(findTestObject("Факторный анализ/Переключить отображение с филиала на месяц")): Object: 'Object Repository/Факторный анализ/Переключить отображение с филиала на месяц' is clicked on

11-03-2025T04:43:52 - [MESSAGE][PASSED] - Object: 'Object Repository/Факторный анализ/Переключить отображение с филиала на месяц' is clicked on

11-03-2025T04:43:52 - [TEST_STEP][PASSED] - typeOfData = "Месяц": null

11-03-2025T04:43:52 - [TEST_STEP][PASSED] - Script1687405718449.Test(todaysDate, typeOfData): null

11-03-2025T04:43:52 - [TEST_STEP][PASSED] - delay(10): Delayed 10 second(s)

11-03-2025T04:44:02 - [MESSAGE][PASSED] - Delayed 10 second(s)

11-03-2025T04:44:02 - [TEST_STEP][FAILED] - if (verifyTextNotPresent("нет данных", false) == true): Text 'нет данных' is present on page  (Root cause: com.kms.katalon.core.exception.StepFailedException: Text 'нет данных' is present on page 
	at com.kms.katalon.core.webui.keyword.internal.WebUIKeywordMain.stepFailed(WebUIKeywordMain.groovy:64)
	at com.kms.katalon.core.webui.keyword.builtin.VerifyTextNotPresentKeyword$_verifyTextNotPresent_closure1.doCall(VerifyTextNotPresentKeyword.groovy:77)
	at com.kms.katalon.core.webui.keyword.builtin.VerifyTextNotPresentKeyword$_verifyTextNotPresent_closure1.call(VerifyTextNotPresentKeyword.groovy)
	at com.kms.katalon.core.webui.keyword.internal.WebUIKeywordMain.runKeyword(WebUIKeywordMain.groovy:20)
	at com.kms.katalon.core.webui.keyword.builtin.VerifyTextNotPresentKeyword.verifyTextNotPresent(VerifyTextNotPresentKeyword.groovy:82)
	at com.kms.katalon.core.webui.keyword.builtin.VerifyTextNotPresentKeyword.execute(VerifyTextNotPresentKeyword.groovy:68)
	at com.kms.katalon.core.keyword.internal.KeywordExecutor.executeKeywordForPlatform(KeywordExecutor.groovy:74)
	at com.kms.katalon.core.webui.keyword.WebUiBuiltInKeywords.verifyTextNotPresent(WebUiBuiltInKeywords.groovy:1795)
	at Факторный анализ отображение данных все филиалы.Test(Факторный анализ отображение данных все филиалы:789)
	at Факторный анализ отображение данных все филиалы.Change(Факторный анализ отображение данных все филиалы:775)
	at Факторный анализ отображение данных все филиалы.run(Факторный анализ отображение данных все филиалы:700)
	at com.kms.katalon.core.main.ScriptEngine.run(ScriptEngine.java:194)
	at com.kms.katalon.core.main.ScriptEngine.runScriptAsRawText(ScriptEngine.java:119)
	at com.kms.katalon.core.main.TestCaseExecutor.runScript(TestCaseExecutor.java:448)
	at com.kms.katalon.core.main.TestCaseExecutor.doExecute(TestCaseExecutor.java:439)
	at com.kms.katalon.core.main.TestCaseExecutor.processExecutionPhase(TestCaseExecutor.java:418)
	at com.kms.katalon.core.main.TestCaseExecutor.accessMainPhase(TestCaseExecutor.java:410)
	at com.kms.katalon.core.main.TestCaseExecutor.execute(TestCaseExecutor.java:285)
	at com.kms.katalon.core.common.CommonExecutor.accessTestCaseMainPhase(CommonExecutor.java:65)
	at com.kms.katalon.core.main.TestSuiteExecutor.accessTestSuiteMainPhase(TestSuiteExecutor.java:150)
	at com.kms.katalon.core.main.TestSuiteExecutor.execute(TestSuiteExecutor.java:106)
	at com.kms.katalon.core.main.TestCaseMain.startTestSuite(TestCaseMain.java:180)
	at TempTestSuite1741649958618.run(TempTestSuite1741649958618.groovy:35)
	at java.base/jdk.internal.reflect.NativeMethodAccessorImpl.invoke0(Native Method)
	at java.base/jdk.internal.reflect.NativeMethodAccessorImpl.invoke(NativeMethodAccessorImpl.java:77)
	at java.base/jdk.internal.reflect.DelegatingMethodAccessorImpl.invoke(DelegatingMethodAccessorImpl.java:43)
)

11-03-2025T04:44:02 - [MESSAGE][FAILED] - Text 'нет данных' is present on page  (Root cause: com.kms.katalon.core.exception.StepFailedException: Text 'нет данных' is present on page 
	at com.kms.katalon.core.webui.keyword.internal.WebUIKeywordMain.stepFailed(WebUIKeywordMain.groovy:64)
	at com.kms.katalon.core.webui.keyword.builtin.VerifyTextNotPresentKeyword$_verifyTextNotPresent_closure1.doCall(VerifyTextNotPresentKeyword.groovy:77)
	at com.kms.katalon.core.webui.keyword.builtin.VerifyTextNotPresentKeyword$_verifyTextNotPresent_closure1.call(VerifyTextNotPresentKeyword.groovy)
	at com.kms.katalon.core.webui.keyword.internal.WebUIKeywordMain.runKeyword(WebUIKeywordMain.groovy:20)
	at com.kms.katalon.core.webui.keyword.builtin.VerifyTextNotPresentKeyword.verifyTextNotPresent(VerifyTextNotPresentKeyword.groovy:82)
	at com.kms.katalon.core.webui.keyword.builtin.VerifyTextNotPresentKeyword.execute(VerifyTextNotPresentKeyword.groovy:68)
	at com.kms.katalon.core.keyword.internal.KeywordExecutor.executeKeywordForPlatform(KeywordExecutor.groovy:74)
	at com.kms.katalon.core.webui.keyword.WebUiBuiltInKeywords.verifyTextNotPresent(WebUiBuiltInKeywords.groovy:1795)
	at Факторный анализ отображение данных все филиалы.Test(Факторный анализ отображение данных все филиалы:789)
	at Факторный анализ отображение данных все филиалы.Change(Факторный анализ отображение данных все филиалы:775)
	at Факторный анализ отображение данных все филиалы.run(Факторный анализ отображение данных все филиалы:700)
	at com.kms.katalon.core.main.ScriptEngine.run(ScriptEngine.java:194)
	at com.kms.katalon.core.main.ScriptEngine.runScriptAsRawText(ScriptEngine.java:119)
	at com.kms.katalon.core.main.TestCaseExecutor.runScript(TestCaseExecutor.java:448)
	at com.kms.katalon.core.main.TestCaseExecutor.doExecute(TestCaseExecutor.java:439)
	at com.kms.katalon.core.main.TestCaseExecutor.processExecutionPhase(TestCaseExecutor.java:418)
	at com.kms.katalon.core.main.TestCaseExecutor.accessMainPhase(TestCaseExecutor.java:410)
	at com.kms.katalon.core.main.TestCaseExecutor.execute(TestCaseExecutor.java:285)
	at com.kms.katalon.core.common.CommonExecutor.accessTestCaseMainPhase(CommonExecutor.java:65)
	at com.kms.katalon.core.main.TestSuiteExecutor.accessTestSuiteMainPhase(TestSuiteExecutor.java:150)
	at com.kms.katalon.core.main.TestSuiteExecutor.execute(TestSuiteExecutor.java:106)
	at com.kms.katalon.core.main.TestCaseMain.startTestSuite(TestCaseMain.java:180)
	at TempTestSuite1741649958618.run(TempTestSuite1741649958618.groovy:35)
	at java.base/jdk.internal.reflect.NativeMethodAccessorImpl.invoke0(Native Method)
	at java.base/jdk.internal.reflect.NativeMethodAccessorImpl.invoke(NativeMethodAccessorImpl.java:77)
	at java.base/jdk.internal.reflect.DelegatingMethodAccessorImpl.invoke(DelegatingMethodAccessorImpl.java:43)
)

11-03-2025T04:44:02 - [TEST_STEP][PASSED] - else: null

11-03-2025T04:44:02 - [TEST_STEP][PASSED] - Script1687405718449.WriteToExcel(todaysDate, typeOfData): null

11-03-2025T04:44:02 - [TEST_STEP][PASSED] - sheetName = "Sheet1": null

11-03-2025T04:44:02 - [TEST_STEP][PASSED] - data = findTestData("PlanFact"): null

11-03-2025T04:44:03 - [TEST_STEP][PASSED] - n = data.getRowNumbers() + 1: null

11-03-2025T04:44:03 - [TEST_STEP][PASSED] - dZO = getText(findTestObject("Факторный анализ/Фильтр ДЗО")): Text of object 'Object Repository/Факторный анализ/Фильтр ДЗО' is: 'ПАО Россети - РаспредКомплекс - Россети Юг (ГК) - Астраханьэнерго'

11-03-2025T04:44:03 - [MESSAGE][PASSED] - Text of object 'Object Repository/Факторный анализ/Фильтр ДЗО' is: 'ПАО Россети - РаспредКомплекс - Россети Юг (ГК) - Астраханьэнерго'

11-03-2025T04:44:03 - [TEST_STEP][PASSED] - period = getText(findTestObject("Факторный анализ/Фильтр Период")): Text of object 'Object Repository/Факторный анализ/Фильтр Период' is: 'Январь 2025 года'

11-03-2025T04:44:03 - [MESSAGE][PASSED] - Text of object 'Object Repository/Факторный анализ/Фильтр Период' is: 'Январь 2025 года'

11-03-2025T04:44:03 - [TEST_STEP][PASSED] - println(period): null

11-03-2025T04:44:03 - [TEST_STEP][PASSED] - dashboardName = "Факторный анализ": null

11-03-2025T04:44:03 - [TEST_STEP][PASSED] - workbook01 = getWorkbook(excelFilePath): null

11-03-2025T04:44:03 - [TEST_STEP][PASSED] - sheet01 = getExcelSheet(workbook01, sheetName): null

11-03-2025T04:44:03 - [TEST_STEP][PASSED] - setValueToCellByIndex(sheet01, n, 0, dashboardName): null

11-03-2025T04:44:03 - [TEST_STEP][PASSED] - setValueToCellByIndex(sheet01, n, 1, dZO): null

11-03-2025T04:44:03 - [TEST_STEP][PASSED] - setValueToCellByIndex(sheet01, n, 2, period): null

11-03-2025T04:44:03 - [TEST_STEP][PASSED] - setValueToCellByIndex(sheet01, n, 3, typeOfData): null

11-03-2025T04:44:03 - [TEST_STEP][PASSED] - setValueToCellByIndex(sheet01, n, 4, todaysDate): null

11-03-2025T04:44:03 - [TEST_STEP][PASSED] - n = n + 1: null

11-03-2025T04:44:03 - [TEST_STEP][PASSED] - saveWorkbook(excelFilePath, workbook01): null

11-03-2025T04:44:03 - [TEST_STEP][PASSED] - click(findTestObject("Факторный анализ/Переключить отображение с месяца на филиал")): Object: 'Object Repository/Факторный анализ/Переключить отображение с месяца на филиал' is clicked on

11-03-2025T04:44:04 - [MESSAGE][PASSED] - Object: 'Object Repository/Факторный анализ/Переключить отображение с месяца на филиал' is clicked on

11-03-2025T04:44:04 - [TEST_STEP][PASSED] - click(findTestObject("Факторный анализ/Фильтр ДЗО")): Object: 'Object Repository/Факторный анализ/Фильтр ДЗО' is clicked on

11-03-2025T04:44:04 - [MESSAGE][PASSED] - Object: 'Object Repository/Факторный анализ/Фильтр ДЗО' is clicked on

11-03-2025T04:44:04 - [TEST_STEP][PASSED] - click(findTestObject("Факторный анализ/Снять выделение в фильтре ДЗО")): Object: 'Object Repository/Факторный анализ/Снять выделение в фильтре ДЗО' is clicked on

11-03-2025T04:44:05 - [MESSAGE][PASSED] - Object: 'Object Repository/Факторный анализ/Снять выделение в фильтре ДЗО' is clicked on

11-03-2025T04:44:05 - [TEST_STEP][PASSED] - scrollToElement(findTestObject("Общие объекты/Волгоградэнерго"), 30): Scroll to object 'Object Repository/Общие объекты/Волгоградэнерго' successfully

11-03-2025T04:44:05 - [MESSAGE][PASSED] - Scroll to object 'Object Repository/Общие объекты/Волгоградэнерго' successfully

11-03-2025T04:44:05 - [TEST_STEP][PASSED] - click(findTestObject("Общие объекты/Волгоградэнерго")): Object: 'Object Repository/Общие объекты/Волгоградэнерго' is clicked on

11-03-2025T04:44:05 - [MESSAGE][PASSED] - Object: 'Object Repository/Общие объекты/Волгоградэнерго' is clicked on

11-03-2025T04:44:05 - [TEST_STEP][PASSED] - Script1687405718449.Change(todaysDate, typeOfData): null

11-03-2025T04:44:05 - [TEST_STEP][PASSED] - scrollToElement(findTestObject("Факторный анализ/Заголовок дашборда"), 30): Scroll to object 'Object Repository/Факторный анализ/Заголовок дашборда' successfully

11-03-2025T04:44:06 - [MESSAGE][PASSED] - Scroll to object 'Object Repository/Факторный анализ/Заголовок дашборда' successfully

11-03-2025T04:44:06 - [TEST_STEP][PASSED] - click(findTestObject("Факторный анализ/Применить в фильтре ДЗО")): Object: 'Object Repository/Факторный анализ/Применить в фильтре ДЗО' is clicked on

11-03-2025T04:44:06 - [MESSAGE][PASSED] - Object: 'Object Repository/Факторный анализ/Применить в фильтре ДЗО' is clicked on

11-03-2025T04:44:06 - [TEST_STEP][PASSED] - typeOfData = "Филиал": null

11-03-2025T04:44:06 - [TEST_STEP][PASSED] - Script1687405718449.Test(todaysDate, typeOfData): null

11-03-2025T04:44:06 - [TEST_STEP][PASSED] - delay(10): Delayed 10 second(s)

11-03-2025T04:44:16 - [MESSAGE][PASSED] - Delayed 10 second(s)

11-03-2025T04:44:16 - [TEST_STEP][PASSED] - if (verifyTextNotPresent("нет данных", false) == true): null

11-03-2025T04:44:17 - [MESSAGE][PASSED] - Text 'нет данных' is not present on page

11-03-2025T04:44:17 - [TEST_STEP][PASSED] - if (verifyTextNotPresent("Ошибка запроса данных", false) == true): null

11-03-2025T04:44:17 - [MESSAGE][PASSED] - Text 'Ошибка запроса данных' is not present on page

11-03-2025T04:44:17 - [TEST_STEP][PASSED] - if (verifyTextNotPresent("Произошла ошибка при выполнении пользовательского кода", false) == true): null

11-03-2025T04:44:18 - [MESSAGE][PASSED] - Text 'Произошла ошибка при выполнении пользовательского кода' is not present on page

11-03-2025T04:44:18 - [TEST_STEP][PASSED] - if (verifyTextNotPresent("У виджета нет данных", false) == true): null

11-03-2025T04:44:18 - [MESSAGE][PASSED] - Text 'У виджета нет данных' is not present on page

11-03-2025T04:44:18 - [TEST_STEP][PASSED] - if (verifyTextNotPresent("У виджета нет данных", false) == true): Text 'У виджета нет данных' is not present on page

11-03-2025T04:44:19 - [MESSAGE][PASSED] - Text 'У виджета нет данных' is not present on page

11-03-2025T04:44:19 - [TEST_STEP][PASSED] - click(findTestObject("Факторный анализ/Переключить отображение с филиала на месяц")): Object: 'Object Repository/Факторный анализ/Переключить отображение с филиала на месяц' is clicked on

11-03-2025T04:44:19 - [MESSAGE][PASSED] - Object: 'Object Repository/Факторный анализ/Переключить отображение с филиала на месяц' is clicked on

11-03-2025T04:44:19 - [TEST_STEP][PASSED] - typeOfData = "Месяц": null

11-03-2025T04:44:19 - [TEST_STEP][PASSED] - Script1687405718449.Test(todaysDate, typeOfData): null

11-03-2025T04:44:19 - [TEST_STEP][PASSED] - delay(10): Delayed 10 second(s)

11-03-2025T04:44:29 - [MESSAGE][PASSED] - Delayed 10 second(s)

11-03-2025T04:44:29 - [TEST_STEP][PASSED] - if (verifyTextNotPresent("нет данных", false) == true): null

11-03-2025T04:44:29 - [MESSAGE][PASSED] - Text 'нет данных' is not present on page

11-03-2025T04:44:29 - [TEST_STEP][PASSED] - if (verifyTextNotPresent("Ошибка запроса данных", false) == true): null

11-03-2025T04:44:30 - [MESSAGE][PASSED] - Text 'Ошибка запроса данных' is not present on page

11-03-2025T04:44:30 - [TEST_STEP][PASSED] - if (verifyTextNotPresent("Произошла ошибка при выполнении пользовательского кода", false) == true): null

11-03-2025T04:44:30 - [MESSAGE][PASSED] - Text 'Произошла ошибка при выполнении пользовательского кода' is not present on page

11-03-2025T04:44:30 - [TEST_STEP][PASSED] - if (verifyTextNotPresent("У виджета нет данных", false) == true): null

11-03-2025T04:44:31 - [MESSAGE][PASSED] - Text 'У виджета нет данных' is not present on page

11-03-2025T04:44:31 - [TEST_STEP][PASSED] - if (verifyTextNotPresent("У виджета нет данных", false) == true): Text 'У виджета нет данных' is not present on page

11-03-2025T04:44:31 - [MESSAGE][PASSED] - Text 'У виджета нет данных' is not present on page

11-03-2025T04:44:31 - [TEST_STEP][PASSED] - click(findTestObject("Факторный анализ/Переключить отображение с месяца на филиал")): Object: 'Object Repository/Факторный анализ/Переключить отображение с месяца на филиал' is clicked on

11-03-2025T04:44:32 - [MESSAGE][PASSED] - Object: 'Object Repository/Факторный анализ/Переключить отображение с месяца на филиал' is clicked on

11-03-2025T04:44:32 - [TEST_STEP][PASSED] - click(findTestObject("Факторный анализ/Фильтр ДЗО")): Object: 'Object Repository/Факторный анализ/Фильтр ДЗО' is clicked on

11-03-2025T04:44:32 - [MESSAGE][PASSED] - Object: 'Object Repository/Факторный анализ/Фильтр ДЗО' is clicked on

11-03-2025T04:44:32 - [TEST_STEP][PASSED] - click(findTestObject("Факторный анализ/Снять выделение в фильтре ДЗО")): Object: 'Object Repository/Факторный анализ/Снять выделение в фильтре ДЗО' is clicked on

11-03-2025T04:44:32 - [MESSAGE][PASSED] - Object: 'Object Repository/Факторный анализ/Снять выделение в фильтре ДЗО' is clicked on

11-03-2025T04:44:32 - [TEST_STEP][PASSED] - scrollToElement(findTestObject("Общие объекты/Калмэнерго"), 30): Scroll to object 'Object Repository/Общие объекты/Калмэнерго' successfully

11-03-2025T04:44:33 - [MESSAGE][PASSED] - Scroll to object 'Object Repository/Общие объекты/Калмэнерго' successfully

11-03-2025T04:44:33 - [TEST_STEP][PASSED] - click(findTestObject("Общие объекты/Калмэнерго")): Object: 'Object Repository/Общие объекты/Калмэнерго' is clicked on

11-03-2025T04:44:33 - [MESSAGE][PASSED] - Object: 'Object Repository/Общие объекты/Калмэнерго' is clicked on

11-03-2025T04:44:33 - [TEST_STEP][PASSED] - Script1687405718449.Change(todaysDate, typeOfData): null

11-03-2025T04:44:33 - [TEST_STEP][PASSED] - scrollToElement(findTestObject("Факторный анализ/Заголовок дашборда"), 30): Scroll to object 'Object Repository/Факторный анализ/Заголовок дашборда' successfully

11-03-2025T04:44:34 - [MESSAGE][PASSED] - Scroll to object 'Object Repository/Факторный анализ/Заголовок дашборда' successfully

11-03-2025T04:44:34 - [TEST_STEP][PASSED] - click(findTestObject("Факторный анализ/Применить в фильтре ДЗО")): Object: 'Object Repository/Факторный анализ/Применить в фильтре ДЗО' is clicked on

11-03-2025T04:44:34 - [MESSAGE][PASSED] - Object: 'Object Repository/Факторный анализ/Применить в фильтре ДЗО' is clicked on

11-03-2025T04:44:34 - [TEST_STEP][PASSED] - typeOfData = "Филиал": null

11-03-2025T04:44:34 - [TEST_STEP][PASSED] - Script1687405718449.Test(todaysDate, typeOfData): null

11-03-2025T04:44:34 - [TEST_STEP][PASSED] - delay(10): Delayed 10 second(s)

11-03-2025T04:44:44 - [MESSAGE][PASSED] - Delayed 10 second(s)

11-03-2025T04:44:44 - [TEST_STEP][PASSED] - if (verifyTextNotPresent("нет данных", false) == true): null

11-03-2025T04:44:45 - [MESSAGE][PASSED] - Text 'нет данных' is not present on page

11-03-2025T04:44:45 - [TEST_STEP][PASSED] - if (verifyTextNotPresent("Ошибка запроса данных", false) == true): null

11-03-2025T04:44:45 - [MESSAGE][PASSED] - Text 'Ошибка запроса данных' is not present on page

11-03-2025T04:44:45 - [TEST_STEP][PASSED] - if (verifyTextNotPresent("Произошла ошибка при выполнении пользовательского кода", false) == true): null

11-03-2025T04:44:46 - [MESSAGE][PASSED] - Text 'Произошла ошибка при выполнении пользовательского кода' is not present on page

11-03-2025T04:44:46 - [TEST_STEP][PASSED] - if (verifyTextNotPresent("У виджета нет данных", false) == true): null

11-03-2025T04:44:46 - [MESSAGE][PASSED] - Text 'У виджета нет данных' is not present on page

11-03-2025T04:44:46 - [TEST_STEP][PASSED] - if (verifyTextNotPresent("У виджета нет данных", false) == true): Text 'У виджета нет данных' is not present on page

11-03-2025T04:44:47 - [MESSAGE][PASSED] - Text 'У виджета нет данных' is not present on page

11-03-2025T04:44:47 - [TEST_STEP][PASSED] - click(findTestObject("Факторный анализ/Переключить отображение с филиала на месяц")): Object: 'Object Repository/Факторный анализ/Переключить отображение с филиала на месяц' is clicked on

11-03-2025T04:44:47 - [MESSAGE][PASSED] - Object: 'Object Repository/Факторный анализ/Переключить отображение с филиала на месяц' is clicked on

11-03-2025T04:44:47 - [TEST_STEP][PASSED] - typeOfData = "Месяц": null

11-03-2025T04:44:47 - [TEST_STEP][PASSED] - Script1687405718449.Test(todaysDate, typeOfData): null

11-03-2025T04:44:47 - [TEST_STEP][PASSED] - delay(10): Delayed 10 second(s)

11-03-2025T04:44:57 - [MESSAGE][PASSED] - Delayed 10 second(s)

11-03-2025T04:44:57 - [TEST_STEP][PASSED] - if (verifyTextNotPresent("нет данных", false) == true): null

11-03-2025T04:44:57 - [MESSAGE][PASSED] - Text 'нет данных' is not present on page

11-03-2025T04:44:57 - [TEST_STEP][PASSED] - if (verifyTextNotPresent("Ошибка запроса данных", false) == true): null

11-03-2025T04:44:58 - [MESSAGE][PASSED] - Text 'Ошибка запроса данных' is not present on page

11-03-2025T04:44:58 - [TEST_STEP][PASSED] - if (verifyTextNotPresent("Произошла ошибка при выполнении пользовательского кода", false) == true): null

11-03-2025T04:44:58 - [MESSAGE][PASSED] - Text 'Произошла ошибка при выполнении пользовательского кода' is not present on page

11-03-2025T04:44:58 - [TEST_STEP][PASSED] - if (verifyTextNotPresent("У виджета нет данных", false) == true): null

11-03-2025T04:44:59 - [MESSAGE][PASSED] - Text 'У виджета нет данных' is not present on page

11-03-2025T04:44:59 - [TEST_STEP][PASSED] - if (verifyTextNotPresent("У виджета нет данных", false) == true): Text 'У виджета нет данных' is not present on page

11-03-2025T04:44:59 - [MESSAGE][PASSED] - Text 'У виджета нет данных' is not present on page

11-03-2025T04:44:59 - [TEST_STEP][PASSED] - click(findTestObject("Факторный анализ/Переключить отображение с месяца на филиал")): Object: 'Object Repository/Факторный анализ/Переключить отображение с месяца на филиал' is clicked on

11-03-2025T04:44:59 - [MESSAGE][PASSED] - Object: 'Object Repository/Факторный анализ/Переключить отображение с месяца на филиал' is clicked on

11-03-2025T04:44:59 - [TEST_STEP][PASSED] - click(findTestObject("Факторный анализ/Фильтр ДЗО")): Object: 'Object Repository/Факторный анализ/Фильтр ДЗО' is clicked on

11-03-2025T04:45:00 - [MESSAGE][PASSED] - Object: 'Object Repository/Факторный анализ/Фильтр ДЗО' is clicked on

11-03-2025T04:45:00 - [TEST_STEP][PASSED] - click(findTestObject("Факторный анализ/Снять выделение в фильтре ДЗО")): Object: 'Object Repository/Факторный анализ/Снять выделение в фильтре ДЗО' is clicked on

11-03-2025T04:45:00 - [MESSAGE][PASSED] - Object: 'Object Repository/Факторный анализ/Снять выделение в фильтре ДЗО' is clicked on

11-03-2025T04:45:00 - [TEST_STEP][PASSED] - scrollToElement(findTestObject("Общие объекты/Ростовэнерго"), 30): Scroll to object 'Object Repository/Общие объекты/Ростовэнерго' successfully

11-03-2025T04:45:01 - [MESSAGE][PASSED] - Scroll to object 'Object Repository/Общие объекты/Ростовэнерго' successfully

11-03-2025T04:45:01 - [TEST_STEP][PASSED] - click(findTestObject("Общие объекты/Ростовэнерго")): Object: 'Object Repository/Общие объекты/Ростовэнерго' is clicked on

11-03-2025T04:45:01 - [MESSAGE][PASSED] - Object: 'Object Repository/Общие объекты/Ростовэнерго' is clicked on

11-03-2025T04:45:01 - [TEST_STEP][PASSED] - Script1687405718449.Change(todaysDate, typeOfData): null

11-03-2025T04:45:01 - [TEST_STEP][PASSED] - scrollToElement(findTestObject("Факторный анализ/Заголовок дашборда"), 30): Scroll to object 'Object Repository/Факторный анализ/Заголовок дашборда' successfully

11-03-2025T04:45:02 - [MESSAGE][PASSED] - Scroll to object 'Object Repository/Факторный анализ/Заголовок дашборда' successfully

11-03-2025T04:45:02 - [TEST_STEP][PASSED] - click(findTestObject("Факторный анализ/Применить в фильтре ДЗО")): Object: 'Object Repository/Факторный анализ/Применить в фильтре ДЗО' is clicked on

11-03-2025T04:45:02 - [MESSAGE][PASSED] - Object: 'Object Repository/Факторный анализ/Применить в фильтре ДЗО' is clicked on

11-03-2025T04:45:02 - [TEST_STEP][PASSED] - typeOfData = "Филиал": null

11-03-2025T04:45:02 - [TEST_STEP][PASSED] - Script1687405718449.Test(todaysDate, typeOfData): null

11-03-2025T04:45:02 - [TEST_STEP][PASSED] - delay(10): Delayed 10 second(s)

11-03-2025T04:45:12 - [MESSAGE][PASSED] - Delayed 10 second(s)

11-03-2025T04:45:12 - [TEST_STEP][PASSED] - if (verifyTextNotPresent("нет данных", false) == true): null

11-03-2025T04:45:13 - [MESSAGE][PASSED] - Text 'нет данных' is not present on page

11-03-2025T04:45:13 - [TEST_STEP][PASSED] - if (verifyTextNotPresent("Ошибка запроса данных", false) == true): null

11-03-2025T04:45:13 - [MESSAGE][PASSED] - Text 'Ошибка запроса данных' is not present on page

11-03-2025T04:45:13 - [TEST_STEP][PASSED] - if (verifyTextNotPresent("Произошла ошибка при выполнении пользовательского кода", false) == true): null

11-03-2025T04:45:13 - [MESSAGE][PASSED] - Text 'Произошла ошибка при выполнении пользовательского кода' is not present on page

11-03-2025T04:45:13 - [TEST_STEP][PASSED] - if (verifyTextNotPresent("У виджета нет данных", false) == true): null

11-03-2025T04:45:14 - [MESSAGE][PASSED] - Text 'У виджета нет данных' is not present on page

11-03-2025T04:45:14 - [TEST_STEP][PASSED] - if (verifyTextNotPresent("У виджета нет данных", false) == true): Text 'У виджета нет данных' is not present on page

11-03-2025T04:45:14 - [MESSAGE][PASSED] - Text 'У виджета нет данных' is not present on page

11-03-2025T04:45:14 - [TEST_STEP][PASSED] - click(findTestObject("Факторный анализ/Переключить отображение с филиала на месяц")): Object: 'Object Repository/Факторный анализ/Переключить отображение с филиала на месяц' is clicked on

11-03-2025T04:45:15 - [MESSAGE][PASSED] - Object: 'Object Repository/Факторный анализ/Переключить отображение с филиала на месяц' is clicked on

11-03-2025T04:45:15 - [TEST_STEP][PASSED] - typeOfData = "Месяц": null

11-03-2025T04:45:15 - [TEST_STEP][PASSED] - Script1687405718449.Test(todaysDate, typeOfData): null

11-03-2025T04:45:15 - [TEST_STEP][PASSED] - delay(10): Delayed 10 second(s)

11-03-2025T04:45:25 - [MESSAGE][PASSED] - Delayed 10 second(s)

11-03-2025T04:45:25 - [TEST_STEP][PASSED] - if (verifyTextNotPresent("нет данных", false) == true): null

11-03-2025T04:45:25 - [MESSAGE][PASSED] - Text 'нет данных' is not present on page

11-03-2025T04:45:25 - [TEST_STEP][PASSED] - if (verifyTextNotPresent("Ошибка запроса данных", false) == true): null

11-03-2025T04:45:26 - [MESSAGE][PASSED] - Text 'Ошибка запроса данных' is not present on page

11-03-2025T04:45:26 - [TEST_STEP][PASSED] - if (verifyTextNotPresent("Произошла ошибка при выполнении пользовательского кода", false) == true): null

11-03-2025T04:45:26 - [MESSAGE][PASSED] - Text 'Произошла ошибка при выполнении пользовательского кода' is not present on page

11-03-2025T04:45:26 - [TEST_STEP][PASSED] - if (verifyTextNotPresent("У виджета нет данных", false) == true): null

11-03-2025T04:45:27 - [MESSAGE][PASSED] - Text 'У виджета нет данных' is not present on page

11-03-2025T04:45:27 - [TEST_STEP][PASSED] - if (verifyTextNotPresent("У виджета нет данных", false) == true): Text 'У виджета нет данных' is not present on page

11-03-2025T04:45:27 - [MESSAGE][PASSED] - Text 'У виджета нет данных' is not present on page

11-03-2025T04:45:27 - [TEST_STEP][PASSED] - click(findTestObject("Факторный анализ/Переключить отображение с месяца на филиал")): Object: 'Object Repository/Факторный анализ/Переключить отображение с месяца на филиал' is clicked on

11-03-2025T04:45:27 - [MESSAGE][PASSED] - Object: 'Object Repository/Факторный анализ/Переключить отображение с месяца на филиал' is clicked on

11-03-2025T04:45:27 - [TEST_STEP][PASSED] - click(findTestObject("Факторный анализ/Фильтр ДЗО")): Object: 'Object Repository/Факторный анализ/Фильтр ДЗО' is clicked on

11-03-2025T04:45:28 - [MESSAGE][PASSED] - Object: 'Object Repository/Факторный анализ/Фильтр ДЗО' is clicked on

11-03-2025T04:45:28 - [TEST_STEP][PASSED] - click(findTestObject("Факторный анализ/Снять выделение в фильтре ДЗО")): Object: 'Object Repository/Факторный анализ/Снять выделение в фильтре ДЗО' is clicked on

11-03-2025T04:45:28 - [MESSAGE][PASSED] - Object: 'Object Repository/Факторный анализ/Снять выделение в фильтре ДЗО' is clicked on

11-03-2025T04:45:28 - [TEST_STEP][PASSED] - scrollToElement(findTestObject("Общие объекты/Раскрыть список Россети Янтарь"), 30): Scroll to object 'Object Repository/Общие объекты/Раскрыть список Россети Янтарь' successfully

11-03-2025T04:45:29 - [MESSAGE][PASSED] - Scroll to object 'Object Repository/Общие объекты/Раскрыть список Россети Янтарь' successfully

11-03-2025T04:45:29 - [TEST_STEP][PASSED] - click(findTestObject("Факторный анализ/Россети Янтарь")): Object: 'Object Repository/Факторный анализ/Россети Янтарь' is clicked on

11-03-2025T04:45:29 - [MESSAGE][PASSED] - Object: 'Object Repository/Факторный анализ/Россети Янтарь' is clicked on

11-03-2025T04:45:29 - [TEST_STEP][PASSED] - Script1687405718449.Change(todaysDate, typeOfData): null

11-03-2025T04:45:29 - [TEST_STEP][PASSED] - scrollToElement(findTestObject("Факторный анализ/Заголовок дашборда"), 30): Scroll to object 'Object Repository/Факторный анализ/Заголовок дашборда' successfully

11-03-2025T04:45:29 - [MESSAGE][PASSED] - Scroll to object 'Object Repository/Факторный анализ/Заголовок дашборда' successfully

11-03-2025T04:45:29 - [TEST_STEP][PASSED] - click(findTestObject("Факторный анализ/Применить в фильтре ДЗО")): Object: 'Object Repository/Факторный анализ/Применить в фильтре ДЗО' is clicked on

11-03-2025T04:45:30 - [MESSAGE][PASSED] - Object: 'Object Repository/Факторный анализ/Применить в фильтре ДЗО' is clicked on

11-03-2025T04:45:30 - [TEST_STEP][PASSED] - typeOfData = "Филиал": null

11-03-2025T04:45:30 - [TEST_STEP][PASSED] - Script1687405718449.Test(todaysDate, typeOfData): null

11-03-2025T04:45:30 - [TEST_STEP][PASSED] - delay(10): Delayed 10 second(s)

11-03-2025T04:45:40 - [MESSAGE][PASSED] - Delayed 10 second(s)

11-03-2025T04:45:40 - [TEST_STEP][PASSED] - if (verifyTextNotPresent("нет данных", false) == true): null

11-03-2025T04:45:40 - [MESSAGE][PASSED] - Text 'нет данных' is not present on page

11-03-2025T04:45:40 - [TEST_STEP][PASSED] - if (verifyTextNotPresent("Ошибка запроса данных", false) == true): null

11-03-2025T04:45:41 - [MESSAGE][PASSED] - Text 'Ошибка запроса данных' is not present on page

11-03-2025T04:45:41 - [TEST_STEP][PASSED] - if (verifyTextNotPresent("Произошла ошибка при выполнении пользовательского кода", false) == true): null

11-03-2025T04:45:41 - [MESSAGE][PASSED] - Text 'Произошла ошибка при выполнении пользовательского кода' is not present on page

11-03-2025T04:45:41 - [TEST_STEP][PASSED] - if (verifyTextNotPresent("У виджета нет данных", false) == true): null

11-03-2025T04:45:42 - [MESSAGE][PASSED] - Text 'У виджета нет данных' is not present on page

11-03-2025T04:45:42 - [TEST_STEP][PASSED] - if (verifyTextNotPresent("У виджета нет данных", false) == true): Text 'У виджета нет данных' is not present on page

11-03-2025T04:45:42 - [MESSAGE][PASSED] - Text 'У виджета нет данных' is not present on page

11-03-2025T04:45:42 - [TEST_STEP][PASSED] - click(findTestObject("Факторный анализ/Переключить отображение с филиала на месяц")): Object: 'Object Repository/Факторный анализ/Переключить отображение с филиала на месяц' is clicked on

11-03-2025T04:45:43 - [MESSAGE][PASSED] - Object: 'Object Repository/Факторный анализ/Переключить отображение с филиала на месяц' is clicked on

11-03-2025T04:45:43 - [TEST_STEP][PASSED] - typeOfData = "Месяц": null

11-03-2025T04:45:43 - [TEST_STEP][PASSED] - Script1687405718449.Test(todaysDate, typeOfData): null

11-03-2025T04:45:43 - [TEST_STEP][PASSED] - delay(10): Delayed 10 second(s)

11-03-2025T04:45:53 - [MESSAGE][PASSED] - Delayed 10 second(s)

11-03-2025T04:45:53 - [TEST_STEP][PASSED] - if (verifyTextNotPresent("нет данных", false) == true): null

11-03-2025T04:45:53 - [MESSAGE][PASSED] - Text 'нет данных' is not present on page

11-03-2025T04:45:53 - [TEST_STEP][PASSED] - if (verifyTextNotPresent("Ошибка запроса данных", false) == true): null

11-03-2025T04:45:54 - [MESSAGE][PASSED] - Text 'Ошибка запроса данных' is not present on page

11-03-2025T04:45:54 - [TEST_STEP][PASSED] - if (verifyTextNotPresent("Произошла ошибка при выполнении пользовательского кода", false) == true): null

11-03-2025T04:45:54 - [MESSAGE][PASSED] - Text 'Произошла ошибка при выполнении пользовательского кода' is not present on page

11-03-2025T04:45:54 - [TEST_STEP][PASSED] - if (verifyTextNotPresent("У виджета нет данных", false) == true): null

11-03-2025T04:45:54 - [MESSAGE][PASSED] - Text 'У виджета нет данных' is not present on page

11-03-2025T04:45:54 - [TEST_STEP][PASSED] - if (verifyTextNotPresent("У виджета нет данных", false) == true): Text 'У виджета нет данных' is not present on page

11-03-2025T04:45:55 - [MESSAGE][PASSED] - Text 'У виджета нет данных' is not present on page

11-03-2025T04:45:55 - [TEST_STEP][PASSED] - click(findTestObject("Факторный анализ/Переключить отображение с месяца на филиал")): Object: 'Object Repository/Факторный анализ/Переключить отображение с месяца на филиал' is clicked on

11-03-2025T04:45:55 - [MESSAGE][PASSED] - Object: 'Object Repository/Факторный анализ/Переключить отображение с месяца на филиал' is clicked on

11-03-2025T04:45:55 - [TEST_STEP][PASSED] - click(findTestObject("Факторный анализ/Фильтр ДЗО")): Object: 'Object Repository/Факторный анализ/Фильтр ДЗО' is clicked on

11-03-2025T04:45:56 - [MESSAGE][PASSED] - Object: 'Object Repository/Факторный анализ/Фильтр ДЗО' is clicked on

11-03-2025T04:45:56 - [TEST_STEP][PASSED] - click(findTestObject("Факторный анализ/Снять выделение в фильтре ДЗО")): Object: 'Object Repository/Факторный анализ/Снять выделение в фильтре ДЗО' is clicked on

11-03-2025T04:45:56 - [MESSAGE][PASSED] - Object: 'Object Repository/Факторный анализ/Снять выделение в фильтре ДЗО' is clicked on

11-03-2025T04:45:56 - [TEST_STEP][PASSED] - scrollToElement(findTestObject("Общие объекты/Раскрыть список Россети Янтарь"), 30): Scroll to object 'Object Repository/Общие объекты/Раскрыть список Россети Янтарь' successfully

11-03-2025T04:45:56 - [MESSAGE][PASSED] - Scroll to object 'Object Repository/Общие объекты/Раскрыть список Россети Янтарь' successfully

11-03-2025T04:45:56 - [TEST_STEP][PASSED] - click(findTestObject("Общие объекты/Раскрыть список Россети Янтарь")): Object: 'Object Repository/Общие объекты/Раскрыть список Россети Янтарь' is clicked on

11-03-2025T04:45:57 - [MESSAGE][PASSED] - Object: 'Object Repository/Общие объекты/Раскрыть список Россети Янтарь' is clicked on

11-03-2025T04:45:57 - [TEST_STEP][PASSED] - click(findTestObject("Общие объекты/Раскрыть список Россети Янтарь")): Object: 'Object Repository/Общие объекты/Раскрыть список Россети Янтарь' is clicked on

11-03-2025T04:45:58 - [MESSAGE][PASSED] - Object: 'Object Repository/Общие объекты/Раскрыть список Россети Янтарь' is clicked on

11-03-2025T04:45:58 - [TEST_STEP][PASSED] - scrollToElement(findTestObject("Факторный анализ/Восточные электрические сети"), 30): Scroll to object 'Object Repository/Факторный анализ/Восточные электрические сети' successfully

11-03-2025T04:45:58 - [MESSAGE][PASSED] - Scroll to object 'Object Repository/Факторный анализ/Восточные электрические сети' successfully

11-03-2025T04:45:58 - [TEST_STEP][PASSED] - click(findTestObject("Факторный анализ/Восточные электрические сети")): Object: 'Object Repository/Факторный анализ/Восточные электрические сети' is clicked on

11-03-2025T04:45:58 - [MESSAGE][PASSED] - Object: 'Object Repository/Факторный анализ/Восточные электрические сети' is clicked on

11-03-2025T04:45:58 - [TEST_STEP][PASSED] - Script1687405718449.Change(todaysDate, typeOfData): null

11-03-2025T04:45:58 - [TEST_STEP][PASSED] - scrollToElement(findTestObject("Факторный анализ/Заголовок дашборда"), 30): Scroll to object 'Object Repository/Факторный анализ/Заголовок дашборда' successfully

11-03-2025T04:45:59 - [MESSAGE][PASSED] - Scroll to object 'Object Repository/Факторный анализ/Заголовок дашборда' successfully

11-03-2025T04:45:59 - [TEST_STEP][PASSED] - click(findTestObject("Факторный анализ/Применить в фильтре ДЗО")): Object: 'Object Repository/Факторный анализ/Применить в фильтре ДЗО' is clicked on

11-03-2025T04:45:59 - [MESSAGE][PASSED] - Object: 'Object Repository/Факторный анализ/Применить в фильтре ДЗО' is clicked on

11-03-2025T04:45:59 - [TEST_STEP][PASSED] - typeOfData = "Филиал": null

11-03-2025T04:45:59 - [TEST_STEP][PASSED] - Script1687405718449.Test(todaysDate, typeOfData): null

11-03-2025T04:45:59 - [TEST_STEP][PASSED] - delay(10): Delayed 10 second(s)

11-03-2025T04:46:09 - [MESSAGE][PASSED] - Delayed 10 second(s)

11-03-2025T04:46:09 - [TEST_STEP][FAILED] - if (verifyTextNotPresent("нет данных", false) == true): Text 'нет данных' is present on page  (Root cause: com.kms.katalon.core.exception.StepFailedException: Text 'нет данных' is present on page 
	at com.kms.katalon.core.webui.keyword.internal.WebUIKeywordMain.stepFailed(WebUIKeywordMain.groovy:64)
	at com.kms.katalon.core.webui.keyword.builtin.VerifyTextNotPresentKeyword$_verifyTextNotPresent_closure1.doCall(VerifyTextNotPresentKeyword.groovy:77)
	at com.kms.katalon.core.webui.keyword.builtin.VerifyTextNotPresentKeyword$_verifyTextNotPresent_closure1.call(VerifyTextNotPresentKeyword.groovy)
	at com.kms.katalon.core.webui.keyword.internal.WebUIKeywordMain.runKeyword(WebUIKeywordMain.groovy:20)
	at com.kms.katalon.core.webui.keyword.builtin.VerifyTextNotPresentKeyword.verifyTextNotPresent(VerifyTextNotPresentKeyword.groovy:82)
	at com.kms.katalon.core.webui.keyword.builtin.VerifyTextNotPresentKeyword.execute(VerifyTextNotPresentKeyword.groovy:68)
	at com.kms.katalon.core.keyword.internal.KeywordExecutor.executeKeywordForPlatform(KeywordExecutor.groovy:74)
	at com.kms.katalon.core.webui.keyword.WebUiBuiltInKeywords.verifyTextNotPresent(WebUiBuiltInKeywords.groovy:1795)
	at Факторный анализ отображение данных все филиалы.Test(Факторный анализ отображение данных все филиалы:789)
	at Факторный анализ отображение данных все филиалы.Change(Факторный анализ отображение данных все филиалы:769)
	at Факторный анализ отображение данных все филиалы.run(Факторный анализ отображение данных все филиалы:736)
	at com.kms.katalon.core.main.ScriptEngine.run(ScriptEngine.java:194)
	at com.kms.katalon.core.main.ScriptEngine.runScriptAsRawText(ScriptEngine.java:119)
	at com.kms.katalon.core.main.TestCaseExecutor.runScript(TestCaseExecutor.java:448)
	at com.kms.katalon.core.main.TestCaseExecutor.doExecute(TestCaseExecutor.java:439)
	at com.kms.katalon.core.main.TestCaseExecutor.processExecutionPhase(TestCaseExecutor.java:418)
	at com.kms.katalon.core.main.TestCaseExecutor.accessMainPhase(TestCaseExecutor.java:410)
	at com.kms.katalon.core.main.TestCaseExecutor.execute(TestCaseExecutor.java:285)
	at com.kms.katalon.core.common.CommonExecutor.accessTestCaseMainPhase(CommonExecutor.java:65)
	at com.kms.katalon.core.main.TestSuiteExecutor.accessTestSuiteMainPhase(TestSuiteExecutor.java:150)
	at com.kms.katalon.core.main.TestSuiteExecutor.execute(TestSuiteExecutor.java:106)
	at com.kms.katalon.core.main.TestCaseMain.startTestSuite(TestCaseMain.java:180)
	at TempTestSuite1741649958618.run(TempTestSuite1741649958618.groovy:35)
	at java.base/jdk.internal.reflect.NativeMethodAccessorImpl.invoke0(Native Method)
	at java.base/jdk.internal.reflect.NativeMethodAccessorImpl.invoke(NativeMethodAccessorImpl.java:77)
	at java.base/jdk.internal.reflect.DelegatingMethodAccessorImpl.invoke(DelegatingMethodAccessorImpl.java:43)
)

11-03-2025T04:46:10 - [MESSAGE][FAILED] - Text 'нет данных' is present on page  (Root cause: com.kms.katalon.core.exception.StepFailedException: Text 'нет данных' is present on page 
	at com.kms.katalon.core.webui.keyword.internal.WebUIKeywordMain.stepFailed(WebUIKeywordMain.groovy:64)
	at com.kms.katalon.core.webui.keyword.builtin.VerifyTextNotPresentKeyword$_verifyTextNotPresent_closure1.doCall(VerifyTextNotPresentKeyword.groovy:77)
	at com.kms.katalon.core.webui.keyword.builtin.VerifyTextNotPresentKeyword$_verifyTextNotPresent_closure1.call(VerifyTextNotPresentKeyword.groovy)
	at com.kms.katalon.core.webui.keyword.internal.WebUIKeywordMain.runKeyword(WebUIKeywordMain.groovy:20)
	at com.kms.katalon.core.webui.keyword.builtin.VerifyTextNotPresentKeyword.verifyTextNotPresent(VerifyTextNotPresentKeyword.groovy:82)
	at com.kms.katalon.core.webui.keyword.builtin.VerifyTextNotPresentKeyword.execute(VerifyTextNotPresentKeyword.groovy:68)
	at com.kms.katalon.core.keyword.internal.KeywordExecutor.executeKeywordForPlatform(KeywordExecutor.groovy:74)
	at com.kms.katalon.core.webui.keyword.WebUiBuiltInKeywords.verifyTextNotPresent(WebUiBuiltInKeywords.groovy:1795)
	at Факторный анализ отображение данных все филиалы.Test(Факторный анализ отображение данных все филиалы:789)
	at Факторный анализ отображение данных все филиалы.Change(Факторный анализ отображение данных все филиалы:769)
	at Факторный анализ отображение данных все филиалы.run(Факторный анализ отображение данных все филиалы:736)
	at com.kms.katalon.core.main.ScriptEngine.run(ScriptEngine.java:194)
	at com.kms.katalon.core.main.ScriptEngine.runScriptAsRawText(ScriptEngine.java:119)
	at com.kms.katalon.core.main.TestCaseExecutor.runScript(TestCaseExecutor.java:448)
	at com.kms.katalon.core.main.TestCaseExecutor.doExecute(TestCaseExecutor.java:439)
	at com.kms.katalon.core.main.TestCaseExecutor.processExecutionPhase(TestCaseExecutor.java:418)
	at com.kms.katalon.core.main.TestCaseExecutor.accessMainPhase(TestCaseExecutor.java:410)
	at com.kms.katalon.core.main.TestCaseExecutor.execute(TestCaseExecutor.java:285)
	at com.kms.katalon.core.common.CommonExecutor.accessTestCaseMainPhase(CommonExecutor.java:65)
	at com.kms.katalon.core.main.TestSuiteExecutor.accessTestSuiteMainPhase(TestSuiteExecutor.java:150)
	at com.kms.katalon.core.main.TestSuiteExecutor.execute(TestSuiteExecutor.java:106)
	at com.kms.katalon.core.main.TestCaseMain.startTestSuite(TestCaseMain.java:180)
	at TempTestSuite1741649958618.run(TempTestSuite1741649958618.groovy:35)
	at java.base/jdk.internal.reflect.NativeMethodAccessorImpl.invoke0(Native Method)
	at java.base/jdk.internal.reflect.NativeMethodAccessorImpl.invoke(NativeMethodAccessorImpl.java:77)
	at java.base/jdk.internal.reflect.DelegatingMethodAccessorImpl.invoke(DelegatingMethodAccessorImpl.java:43)
)

11-03-2025T04:46:10 - [TEST_STEP][PASSED] - else: null

11-03-2025T04:46:10 - [TEST_STEP][PASSED] - Script1687405718449.WriteToExcel(todaysDate, typeOfData): null

11-03-2025T04:46:10 - [TEST_STEP][PASSED] - sheetName = "Sheet1": null

11-03-2025T04:46:10 - [TEST_STEP][PASSED] - data = findTestData("PlanFact"): null

11-03-2025T04:46:10 - [TEST_STEP][PASSED] - n = data.getRowNumbers() + 1: null

11-03-2025T04:46:10 - [TEST_STEP][PASSED] - dZO = getText(findTestObject("Факторный анализ/Фильтр ДЗО")): Text of object 'Object Repository/Факторный анализ/Фильтр ДЗО' is: 'ПАО Россети - РаспредКомплекс - Россети Янтарь - Восточные электрические сети'

11-03-2025T04:46:10 - [MESSAGE][PASSED] - Text of object 'Object Repository/Факторный анализ/Фильтр ДЗО' is: 'ПАО Россети - РаспредКомплекс - Россети Янтарь - Восточные электрические сети'

11-03-2025T04:46:10 - [TEST_STEP][PASSED] - period = getText(findTestObject("Факторный анализ/Фильтр Период")): Text of object 'Object Repository/Факторный анализ/Фильтр Период' is: 'Январь 2025 года'

11-03-2025T04:46:10 - [MESSAGE][PASSED] - Text of object 'Object Repository/Факторный анализ/Фильтр Период' is: 'Январь 2025 года'

11-03-2025T04:46:10 - [TEST_STEP][PASSED] - println(period): null

11-03-2025T04:46:10 - [TEST_STEP][PASSED] - dashboardName = "Факторный анализ": null

11-03-2025T04:46:10 - [TEST_STEP][PASSED] - workbook01 = getWorkbook(excelFilePath): null

11-03-2025T04:46:10 - [TEST_STEP][PASSED] - sheet01 = getExcelSheet(workbook01, sheetName): null

11-03-2025T04:46:10 - [TEST_STEP][PASSED] - setValueToCellByIndex(sheet01, n, 0, dashboardName): null

11-03-2025T04:46:10 - [TEST_STEP][PASSED] - setValueToCellByIndex(sheet01, n, 1, dZO): null

11-03-2025T04:46:10 - [TEST_STEP][PASSED] - setValueToCellByIndex(sheet01, n, 2, period): null

11-03-2025T04:46:10 - [TEST_STEP][PASSED] - setValueToCellByIndex(sheet01, n, 3, typeOfData): null

11-03-2025T04:46:10 - [TEST_STEP][PASSED] - setValueToCellByIndex(sheet01, n, 4, todaysDate): null

11-03-2025T04:46:10 - [TEST_STEP][PASSED] - n = n + 1: null

11-03-2025T04:46:10 - [TEST_STEP][PASSED] - saveWorkbook(excelFilePath, workbook01): null

11-03-2025T04:46:11 - [TEST_STEP][PASSED] - click(findTestObject("Факторный анализ/Переключить отображение с филиала на месяц")): Object: 'Object Repository/Факторный анализ/Переключить отображение с филиала на месяц' is clicked on

11-03-2025T04:46:11 - [MESSAGE][PASSED] - Object: 'Object Repository/Факторный анализ/Переключить отображение с филиала на месяц' is clicked on

11-03-2025T04:46:11 - [TEST_STEP][PASSED] - typeOfData = "Месяц": null

11-03-2025T04:46:11 - [TEST_STEP][PASSED] - Script1687405718449.Test(todaysDate, typeOfData): null

11-03-2025T04:46:11 - [TEST_STEP][PASSED] - delay(10): Delayed 10 second(s)

11-03-2025T04:46:21 - [MESSAGE][PASSED] - Delayed 10 second(s)

11-03-2025T04:46:21 - [TEST_STEP][FAILED] - if (verifyTextNotPresent("нет данных", false) == true): Text 'нет данных' is present on page  (Root cause: com.kms.katalon.core.exception.StepFailedException: Text 'нет данных' is present on page 
	at com.kms.katalon.core.webui.keyword.internal.WebUIKeywordMain.stepFailed(WebUIKeywordMain.groovy:64)
	at com.kms.katalon.core.webui.keyword.builtin.VerifyTextNotPresentKeyword$_verifyTextNotPresent_closure1.doCall(VerifyTextNotPresentKeyword.groovy:77)
	at com.kms.katalon.core.webui.keyword.builtin.VerifyTextNotPresentKeyword$_verifyTextNotPresent_closure1.call(VerifyTextNotPresentKeyword.groovy)
	at com.kms.katalon.core.webui.keyword.internal.WebUIKeywordMain.runKeyword(WebUIKeywordMain.groovy:20)
	at com.kms.katalon.core.webui.keyword.builtin.VerifyTextNotPresentKeyword.verifyTextNotPresent(VerifyTextNotPresentKeyword.groovy:82)
	at com.kms.katalon.core.webui.keyword.builtin.VerifyTextNotPresentKeyword.execute(VerifyTextNotPresentKeyword.groovy:68)
	at com.kms.katalon.core.keyword.internal.KeywordExecutor.executeKeywordForPlatform(KeywordExecutor.groovy:74)
	at com.kms.katalon.core.webui.keyword.WebUiBuiltInKeywords.verifyTextNotPresent(WebUiBuiltInKeywords.groovy:1795)
	at Факторный анализ отображение данных все филиалы.Test(Факторный анализ отображение данных все филиалы:789)
	at Факторный анализ отображение данных все филиалы.Change(Факторный анализ отображение данных все филиалы:775)
	at Факторный анализ отображение данных все филиалы.run(Факторный анализ отображение данных все филиалы:736)
	at com.kms.katalon.core.main.ScriptEngine.run(ScriptEngine.java:194)
	at com.kms.katalon.core.main.ScriptEngine.runScriptAsRawText(ScriptEngine.java:119)
	at com.kms.katalon.core.main.TestCaseExecutor.runScript(TestCaseExecutor.java:448)
	at com.kms.katalon.core.main.TestCaseExecutor.doExecute(TestCaseExecutor.java:439)
	at com.kms.katalon.core.main.TestCaseExecutor.processExecutionPhase(TestCaseExecutor.java:418)
	at com.kms.katalon.core.main.TestCaseExecutor.accessMainPhase(TestCaseExecutor.java:410)
	at com.kms.katalon.core.main.TestCaseExecutor.execute(TestCaseExecutor.java:285)
	at com.kms.katalon.core.common.CommonExecutor.accessTestCaseMainPhase(CommonExecutor.java:65)
	at com.kms.katalon.core.main.TestSuiteExecutor.accessTestSuiteMainPhase(TestSuiteExecutor.java:150)
	at com.kms.katalon.core.main.TestSuiteExecutor.execute(TestSuiteExecutor.java:106)
	at com.kms.katalon.core.main.TestCaseMain.startTestSuite(TestCaseMain.java:180)
	at TempTestSuite1741649958618.run(TempTestSuite1741649958618.groovy:35)
	at java.base/jdk.internal.reflect.NativeMethodAccessorImpl.invoke0(Native Method)
	at java.base/jdk.internal.reflect.NativeMethodAccessorImpl.invoke(NativeMethodAccessorImpl.java:77)
	at java.base/jdk.internal.reflect.DelegatingMethodAccessorImpl.invoke(DelegatingMethodAccessorImpl.java:43)
)

11-03-2025T04:46:21 - [MESSAGE][FAILED] - Text 'нет данных' is present on page  (Root cause: com.kms.katalon.core.exception.StepFailedException: Text 'нет данных' is present on page 
	at com.kms.katalon.core.webui.keyword.internal.WebUIKeywordMain.stepFailed(WebUIKeywordMain.groovy:64)
	at com.kms.katalon.core.webui.keyword.builtin.VerifyTextNotPresentKeyword$_verifyTextNotPresent_closure1.doCall(VerifyTextNotPresentKeyword.groovy:77)
	at com.kms.katalon.core.webui.keyword.builtin.VerifyTextNotPresentKeyword$_verifyTextNotPresent_closure1.call(VerifyTextNotPresentKeyword.groovy)
	at com.kms.katalon.core.webui.keyword.internal.WebUIKeywordMain.runKeyword(WebUIKeywordMain.groovy:20)
	at com.kms.katalon.core.webui.keyword.builtin.VerifyTextNotPresentKeyword.verifyTextNotPresent(VerifyTextNotPresentKeyword.groovy:82)
	at com.kms.katalon.core.webui.keyword.builtin.VerifyTextNotPresentKeyword.execute(VerifyTextNotPresentKeyword.groovy:68)
	at com.kms.katalon.core.keyword.internal.KeywordExecutor.executeKeywordForPlatform(KeywordExecutor.groovy:74)
	at com.kms.katalon.core.webui.keyword.WebUiBuiltInKeywords.verifyTextNotPresent(WebUiBuiltInKeywords.groovy:1795)
	at Факторный анализ отображение данных все филиалы.Test(Факторный анализ отображение данных все филиалы:789)
	at Факторный анализ отображение данных все филиалы.Change(Факторный анализ отображение данных все филиалы:775)
	at Факторный анализ отображение данных все филиалы.run(Факторный анализ отображение данных все филиалы:736)
	at com.kms.katalon.core.main.ScriptEngine.run(ScriptEngine.java:194)
	at com.kms.katalon.core.main.ScriptEngine.runScriptAsRawText(ScriptEngine.java:119)
	at com.kms.katalon.core.main.TestCaseExecutor.runScript(TestCaseExecutor.java:448)
	at com.kms.katalon.core.main.TestCaseExecutor.doExecute(TestCaseExecutor.java:439)
	at com.kms.katalon.core.main.TestCaseExecutor.processExecutionPhase(TestCaseExecutor.java:418)
	at com.kms.katalon.core.main.TestCaseExecutor.accessMainPhase(TestCaseExecutor.java:410)
	at com.kms.katalon.core.main.TestCaseExecutor.execute(TestCaseExecutor.java:285)
	at com.kms.katalon.core.common.CommonExecutor.accessTestCaseMainPhase(CommonExecutor.java:65)
	at com.kms.katalon.core.main.TestSuiteExecutor.accessTestSuiteMainPhase(TestSuiteExecutor.java:150)
	at com.kms.katalon.core.main.TestSuiteExecutor.execute(TestSuiteExecutor.java:106)
	at com.kms.katalon.core.main.TestCaseMain.startTestSuite(TestCaseMain.java:180)
	at TempTestSuite1741649958618.run(TempTestSuite1741649958618.groovy:35)
	at java.base/jdk.internal.reflect.NativeMethodAccessorImpl.invoke0(Native Method)
	at java.base/jdk.internal.reflect.NativeMethodAccessorImpl.invoke(NativeMethodAccessorImpl.java:77)
	at java.base/jdk.internal.reflect.DelegatingMethodAccessorImpl.invoke(DelegatingMethodAccessorImpl.java:43)
)

11-03-2025T04:46:21 - [TEST_STEP][PASSED] - else: null

11-03-2025T04:46:21 - [TEST_STEP][PASSED] - Script1687405718449.WriteToExcel(todaysDate, typeOfData): null

11-03-2025T04:46:21 - [TEST_STEP][PASSED] - sheetName = "Sheet1": null

11-03-2025T04:46:21 - [TEST_STEP][PASSED] - data = findTestData("PlanFact"): null

11-03-2025T04:46:21 - [TEST_STEP][PASSED] - n = data.getRowNumbers() + 1: null

11-03-2025T04:46:21 - [TEST_STEP][PASSED] - dZO = getText(findTestObject("Факторный анализ/Фильтр ДЗО")): Text of object 'Object Repository/Факторный анализ/Фильтр ДЗО' is: 'ПАО Россети - РаспредКомплекс - Россети Янтарь - Восточные электрические сети'

11-03-2025T04:46:22 - [MESSAGE][PASSED] - Text of object 'Object Repository/Факторный анализ/Фильтр ДЗО' is: 'ПАО Россети - РаспредКомплекс - Россети Янтарь - Восточные электрические сети'

11-03-2025T04:46:22 - [TEST_STEP][PASSED] - period = getText(findTestObject("Факторный анализ/Фильтр Период")): Text of object 'Object Repository/Факторный анализ/Фильтр Период' is: 'Январь 2025 года'

11-03-2025T04:46:22 - [MESSAGE][PASSED] - Text of object 'Object Repository/Факторный анализ/Фильтр Период' is: 'Январь 2025 года'

11-03-2025T04:46:22 - [TEST_STEP][PASSED] - println(period): null

11-03-2025T04:46:22 - [TEST_STEP][PASSED] - dashboardName = "Факторный анализ": null

11-03-2025T04:46:22 - [TEST_STEP][PASSED] - workbook01 = getWorkbook(excelFilePath): null

11-03-2025T04:46:22 - [TEST_STEP][PASSED] - sheet01 = getExcelSheet(workbook01, sheetName): null

11-03-2025T04:46:22 - [TEST_STEP][PASSED] - setValueToCellByIndex(sheet01, n, 0, dashboardName): null

11-03-2025T04:46:22 - [TEST_STEP][PASSED] - setValueToCellByIndex(sheet01, n, 1, dZO): null

11-03-2025T04:46:22 - [TEST_STEP][PASSED] - setValueToCellByIndex(sheet01, n, 2, period): null

11-03-2025T04:46:22 - [TEST_STEP][PASSED] - setValueToCellByIndex(sheet01, n, 3, typeOfData): null

11-03-2025T04:46:22 - [TEST_STEP][PASSED] - setValueToCellByIndex(sheet01, n, 4, todaysDate): null

11-03-2025T04:46:22 - [TEST_STEP][PASSED] - n = n + 1: null

11-03-2025T04:46:22 - [TEST_STEP][PASSED] - saveWorkbook(excelFilePath, workbook01): null

11-03-2025T04:46:22 - [TEST_STEP][PASSED] - click(findTestObject("Факторный анализ/Переключить отображение с месяца на филиал")): Object: 'Object Repository/Факторный анализ/Переключить отображение с месяца на филиал' is clicked on

11-03-2025T04:46:23 - [MESSAGE][PASSED] - Object: 'Object Repository/Факторный анализ/Переключить отображение с месяца на филиал' is clicked on

11-03-2025T04:46:23 - [TEST_STEP][PASSED] - click(findTestObject("Факторный анализ/Фильтр ДЗО")): Object: 'Object Repository/Факторный анализ/Фильтр ДЗО' is clicked on

11-03-2025T04:46:23 - [MESSAGE][PASSED] - Object: 'Object Repository/Факторный анализ/Фильтр ДЗО' is clicked on

11-03-2025T04:46:23 - [TEST_STEP][PASSED] - click(findTestObject("Факторный анализ/Снять выделение в фильтре ДЗО")): Object: 'Object Repository/Факторный анализ/Снять выделение в фильтре ДЗО' is clicked on

11-03-2025T04:46:23 - [MESSAGE][PASSED] - Object: 'Object Repository/Факторный анализ/Снять выделение в фильтре ДЗО' is clicked on

11-03-2025T04:46:23 - [TEST_STEP][PASSED] - scrollToElement(findTestObject("Факторный анализ/Россети Янтарь нижний уровень"), 30): Scroll to object 'Object Repository/Факторный анализ/Россети Янтарь нижний уровень' successfully

11-03-2025T04:46:24 - [MESSAGE][PASSED] - Scroll to object 'Object Repository/Факторный анализ/Россети Янтарь нижний уровень' successfully

11-03-2025T04:46:24 - [TEST_STEP][PASSED] - click(findTestObject("Факторный анализ/Россети Янтарь нижний уровень")): Object: 'Object Repository/Факторный анализ/Россети Янтарь нижний уровень' is clicked on

11-03-2025T04:46:24 - [MESSAGE][PASSED] - Object: 'Object Repository/Факторный анализ/Россети Янтарь нижний уровень' is clicked on

11-03-2025T04:46:24 - [TEST_STEP][PASSED] - scrollToElement(findTestObject("Факторный анализ/Заголовок дашборда"), 30): Scroll to object 'Object Repository/Факторный анализ/Заголовок дашборда' successfully

11-03-2025T04:46:25 - [MESSAGE][PASSED] - Scroll to object 'Object Repository/Факторный анализ/Заголовок дашборда' successfully

11-03-2025T04:46:25 - [TEST_STEP][PASSED] - click(findTestObject("Факторный анализ/Применить в фильтре ДЗО")): Object: 'Object Repository/Факторный анализ/Применить в фильтре ДЗО' is clicked on

11-03-2025T04:46:25 - [MESSAGE][PASSED] - Object: 'Object Repository/Факторный анализ/Применить в фильтре ДЗО' is clicked on

11-03-2025T04:46:25 - [TEST_STEP][PASSED] - typeOfData = "Филиал": null

11-03-2025T04:46:25 - [TEST_STEP][PASSED] - Script1687405718449.Test(todaysDate, typeOfData): null

11-03-2025T04:46:25 - [TEST_STEP][PASSED] - delay(10): Delayed 10 second(s)

11-03-2025T04:46:35 - [MESSAGE][PASSED] - Delayed 10 second(s)

11-03-2025T04:46:35 - [TEST_STEP][PASSED] - if (verifyTextNotPresent("нет данных", false) == true): null

11-03-2025T04:46:36 - [MESSAGE][PASSED] - Text 'нет данных' is not present on page

11-03-2025T04:46:36 - [TEST_STEP][PASSED] - if (verifyTextNotPresent("Ошибка запроса данных", false) == true): null

11-03-2025T04:46:36 - [MESSAGE][PASSED] - Text 'Ошибка запроса данных' is not present on page

11-03-2025T04:46:36 - [TEST_STEP][PASSED] - if (verifyTextNotPresent("Произошла ошибка при выполнении пользовательского кода", false) == true): null

11-03-2025T04:46:37 - [MESSAGE][PASSED] - Text 'Произошла ошибка при выполнении пользовательского кода' is not present on page

11-03-2025T04:46:37 - [TEST_STEP][PASSED] - if (verifyTextNotPresent("У виджета нет данных", false) == true): null

11-03-2025T04:46:37 - [MESSAGE][PASSED] - Text 'У виджета нет данных' is not present on page

11-03-2025T04:46:37 - [TEST_STEP][PASSED] - if (verifyTextNotPresent("У виджета нет данных", false) == true): Text 'У виджета нет данных' is not present on page

11-03-2025T04:46:37 - [MESSAGE][PASSED] - Text 'У виджета нет данных' is not present on page

11-03-2025T04:46:37 - [TEST_STEP][PASSED] - click(findTestObject("Факторный анализ/Переключить отображение с филиала на месяц")): Object: 'Object Repository/Факторный анализ/Переключить отображение с филиала на месяц' is clicked on

11-03-2025T04:46:38 - [MESSAGE][PASSED] - Object: 'Object Repository/Факторный анализ/Переключить отображение с филиала на месяц' is clicked on

11-03-2025T04:46:38 - [TEST_STEP][PASSED] - typeOfData = "Месяц": null

11-03-2025T04:46:38 - [TEST_STEP][PASSED] - Script1687405718449.Test(todaysDate, typeOfData): null

11-03-2025T04:46:38 - [TEST_STEP][PASSED] - delay(10): Delayed 10 second(s)

11-03-2025T04:46:48 - [MESSAGE][PASSED] - Delayed 10 second(s)

11-03-2025T04:46:48 - [TEST_STEP][PASSED] - if (verifyTextNotPresent("нет данных", false) == true): null

11-03-2025T04:46:48 - [MESSAGE][PASSED] - Text 'нет данных' is not present on page

11-03-2025T04:46:48 - [TEST_STEP][PASSED] - if (verifyTextNotPresent("Ошибка запроса данных", false) == true): null

11-03-2025T04:46:49 - [MESSAGE][PASSED] - Text 'Ошибка запроса данных' is not present on page

11-03-2025T04:46:49 - [TEST_STEP][PASSED] - if (verifyTextNotPresent("Произошла ошибка при выполнении пользовательского кода", false) == true): null

11-03-2025T04:46:49 - [MESSAGE][PASSED] - Text 'Произошла ошибка при выполнении пользовательского кода' is not present on page

11-03-2025T04:46:49 - [TEST_STEP][PASSED] - if (verifyTextNotPresent("У виджета нет данных", false) == true): null

11-03-2025T04:46:50 - [MESSAGE][PASSED] - Text 'У виджета нет данных' is not present on page

11-03-2025T04:46:50 - [TEST_STEP][PASSED] - if (verifyTextNotPresent("У виджета нет данных", false) == true): Text 'У виджета нет данных' is not present on page

11-03-2025T04:46:50 - [MESSAGE][PASSED] - Text 'У виджета нет данных' is not present on page

11-03-2025T04:46:50 - [TEST_STEP][PASSED] - closeBrowser(): Browser is closed

11-03-2025T04:46:50 - [MESSAGE][PASSED] - Browser is closed]]></system-out>
         <system-err><![CDATA[11-03-2025T04:04:44 - [TEST_CASE][FAILED] - Test Cases/Факторный анализ/Факторный анализ отображение данных все филиалы: Test Cases/Факторный анализ/Факторный анализ отображение данных все филиалы FAILED.
Reason:
com.kms.katalon.core.exception.StepFailedException: Text 'нет данных' is present on page  (Root cause: com.kms.katalon.core.exception.StepFailedException: Text 'нет данных' is present on page 
	at com.kms.katalon.core.webui.keyword.internal.WebUIKeywordMain.stepFailed(WebUIKeywordMain.groovy:64)
	at com.kms.katalon.core.webui.keyword.builtin.VerifyTextNotPresentKeyword$_verifyTextNotPresent_closure1.doCall(VerifyTextNotPresentKeyword.groovy:77)
	at com.kms.katalon.core.webui.keyword.builtin.VerifyTextNotPresentKeyword$_verifyTextNotPresent_closure1.call(VerifyTextNotPresentKeyword.groovy)
	at com.kms.katalon.core.webui.keyword.internal.WebUIKeywordMain.runKeyword(WebUIKeywordMain.groovy:20)
	at com.kms.katalon.core.webui.keyword.builtin.VerifyTextNotPresentKeyword.verifyTextNotPresent(VerifyTextNotPresentKeyword.groovy:82)
	at com.kms.katalon.core.webui.keyword.builtin.VerifyTextNotPresentKeyword.execute(VerifyTextNotPresentKeyword.groovy:68)
	at com.kms.katalon.core.keyword.internal.KeywordExecutor.executeKeywordForPlatform(KeywordExecutor.groovy:74)
	at com.kms.katalon.core.webui.keyword.WebUiBuiltInKeywords.verifyTextNotPresent(WebUiBuiltInKeywords.groovy:1795)
	at Факторный анализ отображение данных все филиалы.Test(Факторный анализ отображение данных все филиалы:789)
	at Факторный анализ отображение данных все филиалы.Change(Факторный анализ отображение данных все филиалы:775)
	at Факторный анализ отображение данных все филиалы.run(Факторный анализ отображение данных все филиалы:168)
	at com.kms.katalon.core.main.ScriptEngine.run(ScriptEngine.java:194)
	at com.kms.katalon.core.main.ScriptEngine.runScriptAsRawText(ScriptEngine.java:119)
	at com.kms.katalon.core.main.TestCaseExecutor.runScript(TestCaseExecutor.java:448)
	at com.kms.katalon.core.main.TestCaseExecutor.doExecute(TestCaseExecutor.java:439)
	at com.kms.katalon.core.main.TestCaseExecutor.processExecutionPhase(TestCaseExecutor.java:418)
	at com.kms.katalon.core.main.TestCaseExecutor.accessMainPhase(TestCaseExecutor.java:410)
	at com.kms.katalon.core.main.TestCaseExecutor.execute(TestCaseExecutor.java:285)
	at com.kms.katalon.core.common.CommonExecutor.accessTestCaseMainPhase(CommonExecutor.java:65)
	at com.kms.katalon.core.main.TestSuiteExecutor.accessTestSuiteMainPhase(TestSuiteExecutor.java:150)
	at com.kms.katalon.core.main.TestSuiteExecutor.execute(TestSuiteExecutor.java:106)
	at com.kms.katalon.core.main.TestCaseMain.startTestSuite(TestCaseMain.java:180)
	at TempTestSuite1741649958618.run(TempTestSuite1741649958618.groovy:35)
	at java.base/jdk.internal.reflect.NativeMethodAccessorImpl.invoke0(Native Method)
	at java.base/jdk.internal.reflect.NativeMethodAccessorImpl.invoke(NativeMethodAccessorImpl.java:77)
	at java.base/jdk.internal.reflect.DelegatingMethodAccessorImpl.invoke(DelegatingMethodAccessorImpl.java:43)
)
	at com.kms.katalon.core.keyword.internal.KeywordMain.stepFailed(KeywordMain.groovy:39)
	at com.kms.katalon.core.webui.keyword.internal.WebUIKeywordMain.stepFailed(WebUIKeywordMain.groovy:64)
	at com.kms.katalon.core.webui.keyword.builtin.VerifyTextNotPresentKeyword$_verifyTextNotPresent_closure1.doCall(VerifyTextNotPresentKeyword.groovy:77)
	at com.kms.katalon.core.webui.keyword.builtin.VerifyTextNotPresentKeyword$_verifyTextNotPresent_closure1.call(VerifyTextNotPresentKeyword.groovy)
	at com.kms.katalon.core.webui.keyword.internal.WebUIKeywordMain.runKeyword(WebUIKeywordMain.groovy:20)
	at com.kms.katalon.core.webui.keyword.builtin.VerifyTextNotPresentKeyword.verifyTextNotPresent(VerifyTextNotPresentKeyword.groovy:82)
	at com.kms.katalon.core.webui.keyword.builtin.VerifyTextNotPresentKeyword.execute(VerifyTextNotPresentKeyword.groovy:68)
	at com.kms.katalon.core.keyword.internal.KeywordExecutor.executeKeywordForPlatform(KeywordExecutor.groovy:74)
	at com.kms.katalon.core.webui.keyword.WebUiBuiltInKeywords.verifyTextNotPresent(WebUiBuiltInKeywords.groovy:1795)
	at Факторный анализ отображение данных все филиалы.Test(Факторный анализ отображение данных все филиалы:789)
	at Факторный анализ отображение данных все филиалы.Change(Факторный анализ отображение данных все филиалы:775)
	at Факторный анализ отображение данных все филиалы.run(Факторный анализ отображение данных все филиалы:168)
	at com.kms.katalon.core.main.ScriptEngine.run(ScriptEngine.java:194)
	at com.kms.katalon.core.main.ScriptEngine.runScriptAsRawText(ScriptEngine.java:119)
	at com.kms.katalon.core.main.TestCaseExecutor.runScript(TestCaseExecutor.java:448)
	at com.kms.katalon.core.main.TestCaseExecutor.doExecute(TestCaseExecutor.java:439)
	at com.kms.katalon.core.main.TestCaseExecutor.processExecutionPhase(TestCaseExecutor.java:418)
	at com.kms.katalon.core.main.TestCaseExecutor.accessMainPhase(TestCaseExecutor.java:410)
	at com.kms.katalon.core.main.TestCaseExecutor.execute(TestCaseExecutor.java:285)
	at com.kms.katalon.core.common.CommonExecutor.accessTestCaseMainPhase(CommonExecutor.java:65)
	at com.kms.katalon.core.main.TestSuiteExecutor.accessTestSuiteMainPhase(TestSuiteExecutor.java:150)
	at com.kms.katalon.core.main.TestSuiteExecutor.execute(TestSuiteExecutor.java:106)
	at com.kms.katalon.core.main.TestCaseMain.startTestSuite(TestCaseMain.java:180)
	at TempTestSuite1741649958618.run(TempTestSuite1741649958618.groovy:35)
	at java.base/jdk.internal.reflect.NativeMethodAccessorImpl.invoke0(Native Method)
	at java.base/jdk.internal.reflect.NativeMethodAccessorImpl.invoke(NativeMethodAccessorImpl.java:77)
	at java.base/jdk.internal.reflect.DelegatingMethodAccessorImpl.invoke(DelegatingMethodAccessorImpl.java:43)
Caused by: com.kms.katalon.core.exception.StepFailedException: Text 'нет данных' is present on page 
	... 26 more]]></system-err>
      </testcase>
      <system-out><![CDATA[11-03-2025T02:39:23 - [TEST_SUITE][FAILED] - Отображение данных: Test Cases/Выручка по ДЗО/Выручка по ДЗО отображение данных все филиалы FAILED.
Reason:
com.kms.katalon.core.exception.StepFailedException: Text 'нет данных' is present on page  (Root cause: com.kms.katalon.core.exception.StepFailedException: Text 'нет данных' is present on page 
	at com.kms.katalon.core.webui.keyword.internal.WebUIKeywordMain.stepFailed(WebUIKeywordMain.groovy:64)
	at com.kms.katalon.core.webui.keyword.builtin.VerifyTextNotPresentKeyword$_verifyTextNotPresent_closure1.doCall(VerifyTextNotPresentKeyword.groovy:77)
	at com.kms.katalon.core.webui.keyword.builtin.VerifyTextNotPresentKeyword$_verifyTextNotPresent_closure1.call(VerifyTextNotPresentKeyword.groovy)
	at com.kms.katalon.core.webui.keyword.internal.WebUIKeywordMain.runKeyword(WebUIKeywordMain.groovy:20)
	at com.kms.katalon.core.webui.keyword.builtin.VerifyTextNotPresentKeyword.verifyTextNotPresent(VerifyTextNotPresentKeyword.groovy:82)
	at com.kms.katalon.core.webui.keyword.builtin.VerifyTextNotPresentKeyword.execute(VerifyTextNotPresentKeyword.groovy:68)
	at com.kms.katalon.core.keyword.internal.KeywordExecutor.executeKeywordForPlatform(KeywordExecutor.groovy:74)
	at com.kms.katalon.core.webui.keyword.WebUiBuiltInKeywords.verifyTextNotPresent(WebUiBuiltInKeywords.groovy:1795)
	at Выручка по ДЗО отображение данных все филиалы.Test(Выручка по ДЗО отображение данных все филиалы:772)
	at Выручка по ДЗО отображение данных все филиалы.Tumbler(Выручка по ДЗО отображение данных все филиалы:726)
	at Выручка по ДЗО отображение данных все филиалы.Change(Выручка по ДЗО отображение данных все филиалы:760)
	at Выручка по ДЗО отображение данных все филиалы.DzoTest(Выручка по ДЗО отображение данных все филиалы:144)
	at Выручка по ДЗО отображение данных все филиалы.run(Выручка по ДЗО отображение данных все филиалы:122)
	at com.kms.katalon.core.main.ScriptEngine.run(ScriptEngine.java:194)
	at com.kms.katalon.core.main.ScriptEngine.runScriptAsRawText(ScriptEngine.java:119)
	at com.kms.katalon.core.main.TestCaseExecutor.runScript(TestCaseExecutor.java:448)
	at com.kms.katalon.core.main.TestCaseExecutor.doExecute(TestCaseExecutor.java:439)
	at com.kms.katalon.core.main.TestCaseExecutor.processExecutionPhase(TestCaseExecutor.java:418)
	at com.kms.katalon.core.main.TestCaseExecutor.accessMainPhase(TestCaseExecutor.java:410)
	at com.kms.katalon.core.main.TestCaseExecutor.execute(TestCaseExecutor.java:285)
	at com.kms.katalon.core.common.CommonExecutor.accessTestCaseMainPhase(CommonExecutor.java:65)
	at com.kms.katalon.core.main.TestSuiteExecutor.accessTestSuiteMainPhase(TestSuiteExecutor.java:150)
	at com.kms.katalon.core.main.TestSuiteExecutor.execute(TestSuiteExecutor.java:106)
	at com.kms.katalon.core.main.TestCaseMain.startTestSuite(TestCaseMain.java:180)
	at TempTestSuite1741649958618.run(TempTestSuite1741649958618.groovy:35)
	at java.base/jdk.internal.reflect.NativeMethodAccessorImpl.invoke0(Native Method)
	at java.base/jdk.internal.reflect.NativeMethodAccessorImpl.invoke(NativeMethodAccessorImpl.java:77)
	at java.base/jdk.internal.reflect.DelegatingMethodAccessorImpl.invoke(DelegatingMethodAccessorImpl.java:43)
)
	at com.kms.katalon.core.keyword.internal.KeywordMain.stepFailed(KeywordMain.groovy:39)
	at com.kms.katalon.core.webui.keyword.internal.WebUIKeywordMain.stepFailed(WebUIKeywordMain.groovy:64)
	at com.kms.katalon.core.webui.keyword.builtin.VerifyTextNotPresentKeyword$_verifyTextNotPresent_closure1.doCall(VerifyTextNotPresentKeyword.groovy:77)
	at com.kms.katalon.core.webui.keyword.builtin.VerifyTextNotPresentKeyword$_verifyTextNotPresent_closure1.call(VerifyTextNotPresentKeyword.groovy)
	at com.kms.katalon.core.webui.keyword.internal.WebUIKeywordMain.runKeyword(WebUIKeywordMain.groovy:20)
	at com.kms.katalon.core.webui.keyword.builtin.VerifyTextNotPresentKeyword.verifyTextNotPresent(VerifyTextNotPresentKeyword.groovy:82)
	at com.kms.katalon.core.webui.keyword.builtin.VerifyTextNotPresentKeyword.execute(VerifyTextNotPresentKeyword.groovy:68)
	at com.kms.katalon.core.keyword.internal.KeywordExecutor.executeKeywordForPlatform(KeywordExecutor.groovy:74)
	at com.kms.katalon.core.webui.keyword.WebUiBuiltInKeywords.verifyTextNotPresent(WebUiBuiltInKeywords.groovy:1795)
	at Выручка по ДЗО отображение данных все филиалы.Test(Выручка по ДЗО отображение данных все филиалы:772)
	at Выручка по ДЗО отображение данных все филиалы.Tumbler(Выручка по ДЗО отображение данных все филиалы:726)
	at Выручка по ДЗО отображение данных все филиалы.Change(Выручка по ДЗО отображение данных все филиалы:760)
	at Выручка по ДЗО отображение данных все филиалы.DzoTest(Выручка по ДЗО отображение данных все филиалы:144)
	at Выручка по ДЗО отображение данных все филиалы.run(Выручка по ДЗО отображение данных все филиалы:122)
	at com.kms.katalon.core.main.ScriptEngine.run(ScriptEngine.java:194)
	at com.kms.katalon.core.main.ScriptEngine.runScriptAsRawText(ScriptEngine.java:119)
	at com.kms.katalon.core.main.TestCaseExecutor.runScript(TestCaseExecutor.java:448)
	at com.kms.katalon.core.main.TestCaseExecutor.doExecute(TestCaseExecutor.java:439)
	at com.kms.katalon.core.main.TestCaseExecutor.processExecutionPhase(TestCaseExecutor.java:418)
	at com.kms.katalon.core.main.TestCaseExecutor.accessMainPhase(TestCaseExecutor.java:410)
	at com.kms.katalon.core.main.TestCaseExecutor.execute(TestCaseExecutor.java:285)
	at com.kms.katalon.core.common.CommonExecutor.accessTestCaseMainPhase(CommonExecutor.java:65)
	at com.kms.katalon.core.main.TestSuiteExecutor.accessTestSuiteMainPhase(TestSuiteExecutor.java:150)
	at com.kms.katalon.core.main.TestSuiteExecutor.execute(TestSuiteExecutor.java:106)
	at com.kms.katalon.core.main.TestCaseMain.startTestSuite(TestCaseMain.java:180)
	at TempTestSuite1741649958618.run(TempTestSuite1741649958618.groovy:35)
	at java.base/jdk.internal.reflect.NativeMethodAccessorImpl.invoke0(Native Method)
	at java.base/jdk.internal.reflect.NativeMethodAccessorImpl.invoke(NativeMethodAccessorImpl.java:77)
	at java.base/jdk.internal.reflect.DelegatingMethodAccessorImpl.invoke(DelegatingMethodAccessorImpl.java:43)
Caused by: com.kms.katalon.core.exception.StepFailedException: Text 'нет данных' is present on page 
	... 28 more]]></system-out>
      <system-err><![CDATA[11-03-2025T02:39:23 - [TEST_SUITE][FAILED] - Отображение данных: Test Cases/Выручка по ДЗО/Выручка по ДЗО отображение данных все филиалы FAILED.
Reason:
com.kms.katalon.core.exception.StepFailedException: Text 'нет данных' is present on page  (Root cause: com.kms.katalon.core.exception.StepFailedException: Text 'нет данных' is present on page 
	at com.kms.katalon.core.webui.keyword.internal.WebUIKeywordMain.stepFailed(WebUIKeywordMain.groovy:64)
	at com.kms.katalon.core.webui.keyword.builtin.VerifyTextNotPresentKeyword$_verifyTextNotPresent_closure1.doCall(VerifyTextNotPresentKeyword.groovy:77)
	at com.kms.katalon.core.webui.keyword.builtin.VerifyTextNotPresentKeyword$_verifyTextNotPresent_closure1.call(VerifyTextNotPresentKeyword.groovy)
	at com.kms.katalon.core.webui.keyword.internal.WebUIKeywordMain.runKeyword(WebUIKeywordMain.groovy:20)
	at com.kms.katalon.core.webui.keyword.builtin.VerifyTextNotPresentKeyword.verifyTextNotPresent(VerifyTextNotPresentKeyword.groovy:82)
	at com.kms.katalon.core.webui.keyword.builtin.VerifyTextNotPresentKeyword.execute(VerifyTextNotPresentKeyword.groovy:68)
	at com.kms.katalon.core.keyword.internal.KeywordExecutor.executeKeywordForPlatform(KeywordExecutor.groovy:74)
	at com.kms.katalon.core.webui.keyword.WebUiBuiltInKeywords.verifyTextNotPresent(WebUiBuiltInKeywords.groovy:1795)
	at Выручка по ДЗО отображение данных все филиалы.Test(Выручка по ДЗО отображение данных все филиалы:772)
	at Выручка по ДЗО отображение данных все филиалы.Tumbler(Выручка по ДЗО отображение данных все филиалы:726)
	at Выручка по ДЗО отображение данных все филиалы.Change(Выручка по ДЗО отображение данных все филиалы:760)
	at Выручка по ДЗО отображение данных все филиалы.DzoTest(Выручка по ДЗО отображение данных все филиалы:144)
	at Выручка по ДЗО отображение данных все филиалы.run(Выручка по ДЗО отображение данных все филиалы:122)
	at com.kms.katalon.core.main.ScriptEngine.run(ScriptEngine.java:194)
	at com.kms.katalon.core.main.ScriptEngine.runScriptAsRawText(ScriptEngine.java:119)
	at com.kms.katalon.core.main.TestCaseExecutor.runScript(TestCaseExecutor.java:448)
	at com.kms.katalon.core.main.TestCaseExecutor.doExecute(TestCaseExecutor.java:439)
	at com.kms.katalon.core.main.TestCaseExecutor.processExecutionPhase(TestCaseExecutor.java:418)
	at com.kms.katalon.core.main.TestCaseExecutor.accessMainPhase(TestCaseExecutor.java:410)
	at com.kms.katalon.core.main.TestCaseExecutor.execute(TestCaseExecutor.java:285)
	at com.kms.katalon.core.common.CommonExecutor.accessTestCaseMainPhase(CommonExecutor.java:65)
	at com.kms.katalon.core.main.TestSuiteExecutor.accessTestSuiteMainPhase(TestSuiteExecutor.java:150)
	at com.kms.katalon.core.main.TestSuiteExecutor.execute(TestSuiteExecutor.java:106)
	at com.kms.katalon.core.main.TestCaseMain.startTestSuite(TestCaseMain.java:180)
	at TempTestSuite1741649958618.run(TempTestSuite1741649958618.groovy:35)
	at java.base/jdk.internal.reflect.NativeMethodAccessorImpl.invoke0(Native Method)
	at java.base/jdk.internal.reflect.NativeMethodAccessorImpl.invoke(NativeMethodAccessorImpl.java:77)
	at java.base/jdk.internal.reflect.DelegatingMethodAccessorImpl.invoke(DelegatingMethodAccessorImpl.java:43)
)
	at com.kms.katalon.core.keyword.internal.KeywordMain.stepFailed(KeywordMain.groovy:39)
	at com.kms.katalon.core.webui.keyword.internal.WebUIKeywordMain.stepFailed(WebUIKeywordMain.groovy:64)
	at com.kms.katalon.core.webui.keyword.builtin.VerifyTextNotPresentKeyword$_verifyTextNotPresent_closure1.doCall(VerifyTextNotPresentKeyword.groovy:77)
	at com.kms.katalon.core.webui.keyword.builtin.VerifyTextNotPresentKeyword$_verifyTextNotPresent_closure1.call(VerifyTextNotPresentKeyword.groovy)
	at com.kms.katalon.core.webui.keyword.internal.WebUIKeywordMain.runKeyword(WebUIKeywordMain.groovy:20)
	at com.kms.katalon.core.webui.keyword.builtin.VerifyTextNotPresentKeyword.verifyTextNotPresent(VerifyTextNotPresentKeyword.groovy:82)
	at com.kms.katalon.core.webui.keyword.builtin.VerifyTextNotPresentKeyword.execute(VerifyTextNotPresentKeyword.groovy:68)
	at com.kms.katalon.core.keyword.internal.KeywordExecutor.executeKeywordForPlatform(KeywordExecutor.groovy:74)
	at com.kms.katalon.core.webui.keyword.WebUiBuiltInKeywords.verifyTextNotPresent(WebUiBuiltInKeywords.groovy:1795)
	at Выручка по ДЗО отображение данных все филиалы.Test(Выручка по ДЗО отображение данных все филиалы:772)
	at Выручка по ДЗО отображение данных все филиалы.Tumbler(Выручка по ДЗО отображение данных все филиалы:726)
	at Выручка по ДЗО отображение данных все филиалы.Change(Выручка по ДЗО отображение данных все филиалы:760)
	at Выручка по ДЗО отображение данных все филиалы.DzoTest(Выручка по ДЗО отображение данных все филиалы:144)
	at Выручка по ДЗО отображение данных все филиалы.run(Выручка по ДЗО отображение данных все филиалы:122)
	at com.kms.katalon.core.main.ScriptEngine.run(ScriptEngine.java:194)
	at com.kms.katalon.core.main.ScriptEngine.runScriptAsRawText(ScriptEngine.java:119)
	at com.kms.katalon.core.main.TestCaseExecutor.runScript(TestCaseExecutor.java:448)
	at com.kms.katalon.core.main.TestCaseExecutor.doExecute(TestCaseExecutor.java:439)
	at com.kms.katalon.core.main.TestCaseExecutor.processExecutionPhase(TestCaseExecutor.java:418)
	at com.kms.katalon.core.main.TestCaseExecutor.accessMainPhase(TestCaseExecutor.java:410)
	at com.kms.katalon.core.main.TestCaseExecutor.execute(TestCaseExecutor.java:285)
	at com.kms.katalon.core.common.CommonExecutor.accessTestCaseMainPhase(CommonExecutor.java:65)
	at com.kms.katalon.core.main.TestSuiteExecutor.accessTestSuiteMainPhase(TestSuiteExecutor.java:150)
	at com.kms.katalon.core.main.TestSuiteExecutor.execute(TestSuiteExecutor.java:106)
	at com.kms.katalon.core.main.TestCaseMain.startTestSuite(TestCaseMain.java:180)
	at TempTestSuite1741649958618.run(TempTestSuite1741649958618.groovy:35)
	at java.base/jdk.internal.reflect.NativeMethodAccessorImpl.invoke0(Native Method)
	at java.base/jdk.internal.reflect.NativeMethodAccessorImpl.invoke(NativeMethodAccessorImpl.java:77)
	at java.base/jdk.internal.reflect.DelegatingMethodAccessorImpl.invoke(DelegatingMethodAccessorImpl.java:43)
Caused by: com.kms.katalon.core.exception.StepFailedException: Text 'нет данных' is present on page 
	... 28 more]]></system-err>
   </testsuite>
</testsuites>
