<?xml version="1.0" encoding="UTF-8"?>
<testsuites name="Блок руководителя под разными учётками" time="15854.366" tests="1" failures="1" errors="0">
   <testsuite name="Блок руководителя под разными учётками" tests="1" failures="1" errors="0" time="15854.366" skipped="0" timestamp="11-11-2024T10:41:34" hostname="liazgina-di - UVV-WS904-D.ot.ru" id="Test Suites/Пн-Ср-Пт/Блок руководителя под разными учётками">
      <properties>
         <property name="deviceName" value=""/>
         <property name="devicePlatform"/>
         <property name="logFolder" value="C:\\Users\\LIAZGINA-DI\\git\\SPORU\\Reports\\20241111_104130\\\u041F\u043D-\u0421\u0440-\u041F\u0442\\\u0411\u043B\u043E\u043A \u0440\u0443\u043A\u043E\u0432\u043E\u0434\u0438\u0442\u0435\u043B\u044F \u043F\u043E\u0434 \u0440\u0430\u0437\u043D\u044B\u043C\u0438 \u0443\u0447\u0451\u0442\u043A\u0430\u043C\u0438\\20241111_104130"/>
         <property name="logFiles" value="C:\\Users\\LIAZGINA-DI\\git\\SPORU\\Reports\\20241111_104130\\\u041F\u043D-\u0421\u0440-\u041F\u0442\\\u0411\u043B\u043E\u043A \u0440\u0443\u043A\u043E\u0432\u043E\u0434\u0438\u0442\u0435\u043B\u044F \u043F\u043E\u0434 \u0440\u0430\u0437\u043D\u044B\u043C\u0438 \u0443\u0447\u0451\u0442\u043A\u0430\u043C\u0438\\20241111_104130\\execution0.log"/>
         <property name="attachments" value="C:\\Users\\LIAZGINA-DI\\git\\SPORU\\Reports\\20241111_104130\\\u041F\u043D-\u0421\u0440-\u041F\u0442\\\u0411\u043B\u043E\u043A \u0440\u0443\u043A\u043E\u0432\u043E\u0434\u0438\u0442\u0435\u043B\u044F \u043F\u043E\u0434 \u0440\u0430\u0437\u043D\u044B\u043C\u0438 \u0443\u0447\u0451\u0442\u043A\u0430\u043C\u0438\\20241111_104130\\1731315665214.png, C:\\Users\\LIAZGINA-DI\\git\\SPORU\\Reports\\20241111_104130\\\u041F\u043D-\u0421\u0440-\u041F\u0442\\\u0411\u043B\u043E\u043A \u0440\u0443\u043A\u043E\u0432\u043E\u0434\u0438\u0442\u0435\u043B\u044F \u043F\u043E\u0434 \u0440\u0430\u0437\u043D\u044B\u043C\u0438 \u0443\u0447\u0451\u0442\u043A\u0430\u043C\u0438\\20241111_104130\\1731315781495.png, C:\\Users\\LIAZGINA-DI\\git\\SPORU\\Reports\\20241111_104130\\\u041F\u043D-\u0421\u0440-\u041F\u0442\\\u0411\u043B\u043E\u043A \u0440\u0443\u043A\u043E\u0432\u043E\u0434\u0438\u0442\u0435\u043B\u044F \u043F\u043E\u0434 \u0440\u0430\u0437\u043D\u044B\u043C\u0438 \u0443\u0447\u0451\u0442\u043A\u0430\u043C\u0438\\20241111_104130\\1731325722922.png"/>
         <property name="hostName" value="liazgina-di - UVV-WS904-D.ot.ru"/>
         <property name="os" value="Windows 10 64bit"/>
         <property name="katalonVersion" value="9.5.0.217"/>
         <property name="browser" value="Chrome 130.0.0.0"/>
         <property name="hostAddress" value="192.168.0.19"/>
         <property name="sessionId" value="cd81eb2bbe09ea63be7d1bf969f18265"/>
         <property name="seleniumVersion" value="3.141.59"/>
         <property name="proxyInformation" value="ProxyInformation { proxyOption=NO_PROXY, proxyServerType=HTTP, username=, password=********, proxyServerAddress=, proxyServerPort=0, executionList=&quot;&quot;, isApplyToDesiredCapabilities=true }"/>
         <property name="platform" value="Windows 10"/>
      </properties>
      <testcase name="Test Cases/Сверки дашбордов/Блок руководителя сверка дашбордов под разными учётками" time="15854.174" classname="Test Cases/Сверки дашбордов/Блок руководителя сверка дашбордов под разными учётками" status="FAILED">
         <failure type="FAILED" message="Test Cases/Сверки дашбордов/Блок руководителя сверка дашбордов под разными учётками FAILED.&#xa;Reason:&#xa;com.kms.katalon.core.exception.StepFailedException: Unable to click on object 'Object Repository/Страница авторизации/button_' (Root cause: com.kms.katalon.core.exception.StepFailedException: Unable to click on object 'Object Repository/Страница авторизации/button_'&#xa;	at com.kms.katalon.core.webui.keyword.internal.WebUIKeywordMain.stepFailed(WebUIKeywordMain.groovy:64)&#xa;	at com.kms.katalon.core.webui.keyword.internal.WebUIKeywordMain.runKeyword(WebUIKeywordMain.groovy:26)&#xa;	at com.kms.katalon.core.webui.keyword.builtin.ClickKeyword.click(ClickKeyword.groovy:74)&#xa;	at com.kms.katalon.core.webui.keyword.builtin.ClickKeyword.execute(ClickKeyword.groovy:40)&#xa;	at com.kms.katalon.core.keyword.internal.KeywordExecutor.executeKeywordForPlatform(KeywordExecutor.groovy:74)&#xa;	at com.kms.katalon.core.webui.keyword.WebUiBuiltInKeywords.click(WebUiBuiltInKeywords.groovy:659)&#xa;	at Блок руководителя сверка дашбордов под разными учётками.CheckPageDownload(Блок руководителя сверка дашбордов под разными учётками:168)&#xa;	at Блок руководителя сверка дашбордов под разными учётками.OtpuskIzSeti(Блок руководителя сверка дашбордов под разными учётками:671)&#xa;	at Блок руководителя сверка дашбордов под разными учётками.run(Блок руководителя сверка дашбордов под разными учётками:70)&#xa;	at com.kms.katalon.core.main.ScriptEngine.run(ScriptEngine.java:194)&#xa;	at com.kms.katalon.core.main.ScriptEngine.runScriptAsRawText(ScriptEngine.java:119)&#xa;	at com.kms.katalon.core.main.TestCaseExecutor.runScript(TestCaseExecutor.java:448)&#xa;	at com.kms.katalon.core.main.TestCaseExecutor.doExecute(TestCaseExecutor.java:439)&#xa;	at com.kms.katalon.core.main.TestCaseExecutor.processExecutionPhase(TestCaseExecutor.java:418)&#xa;	at com.kms.katalon.core.main.TestCaseExecutor.accessMainPhase(TestCaseExecutor.java:410)&#xa;	at com.kms.katalon.core.main.TestCaseExecutor.execute(TestCaseExecutor.java:285)&#xa;	at com.kms.katalon.core.common.CommonExecutor.accessTestCaseMainPhase(CommonExecutor.java:65)&#xa;	at com.kms.katalon.core.main.TestSuiteExecutor.accessTestSuiteMainPhase(TestSuiteExecutor.java:150)&#xa;	at com.kms.katalon.core.main.TestSuiteExecutor.execute(TestSuiteExecutor.java:106)&#xa;	at com.kms.katalon.core.main.TestCaseMain.startTestSuite(TestCaseMain.java:180)&#xa;	at TempTestSuite1731310890476.run(TempTestSuite1731310890476.groovy:35)&#xa;	at java.base/jdk.internal.reflect.NativeMethodAccessorImpl.invoke0(Native Method)&#xa;	at java.base/jdk.internal.reflect.NativeMethodAccessorImpl.invoke(NativeMethodAccessorImpl.java:77)&#xa;	at java.base/jdk.internal.reflect.DelegatingMethodAccessorImpl.invoke(DelegatingMethodAccessorImpl.java:43)&#xa;Caused by: org.openqa.selenium.TimeoutException: timeout: Timed out receiving message from renderer: 300.000&#xa;  (Session info: chrome=130.0.6723.117)&#xa;Build info: version: '3.141.59', revision: 'unknown', time: 'unknown'&#xa;System info: host: 'UVV-WS904-D', ip: '192.168.0.19', os.name: 'Windows 10', os.arch: 'amd64', os.version: '10.0', java.version: '17.0.7'&#xa;Driver info: com.kms.katalon.selenium.driver.CChromeDriver&#xa;Capabilities {acceptInsecureCerts: false, browserName: chrome, browserVersion: 130.0.6723.117, chrome: {chromedriverVersion: 129.0.6668.58 (81a06fb873a9..., userDataDir: C:\Users\LIAZGI~1\AppData\L...}, fedcm:accounts: true, goog:chromeOptions: {debuggerAddress: localhost:61744}, javascriptEnabled: true, networkConnectionEnabled: false, pageLoadStrategy: normal, platform: WINDOWS, platformName: WINDOWS, proxy: Proxy(), setWindowRect: true, strictFileInteractability: false, timeouts: {implicit: 0, pageLoad: 300000, script: 30000}, unhandledPromptBehavior: dismiss and notify, webauthn:extension:credBlob: true, webauthn:extension:largeBlob: true, webauthn:extension:minPinLength: true, webauthn:extension:prf: true, webauthn:virtualAuthenticators: true}&#xa;Session ID: c4422713013d04fb4acd86f6507a6629&#xa;	at java.base/jdk.internal.reflect.NativeConstructorAccessorImpl.newInstance0(Native Method)&#xa;	at java.base/jdk.internal.reflect.NativeConstructorAccessorImpl.newInstance(NativeConstructorAccessorImpl.java:77)&#xa;	at java.base/jdk.internal.reflect.DelegatingConstructorAccessorImpl.newInstance(DelegatingConstructorAccessorImpl.java:45)&#xa;	at org.openqa.selenium.remote.http.W3CHttpResponseCodec.createException(W3CHttpResponseCodec.java:187)&#xa;	at org.openqa.selenium.remote.http.W3CHttpResponseCodec.decode(W3CHttpResponseCodec.java:122)&#xa;	at org.openqa.selenium.remote.http.W3CHttpResponseCodec.decode(W3CHttpResponseCodec.java:49)&#xa;	at org.openqa.selenium.remote.HttpCommandExecutor.execute(HttpCommandExecutor.java:158)&#xa;	at org.openqa.selenium.remote.service.DriverCommandExecutor.execute(DriverCommandExecutor.java:83)&#xa;	at org.openqa.selenium.remote.RemoteWebDriver.execute(RemoteWebDriver.java:552)&#xa;	at com.kms.katalon.selenium.driver.CChromeDriver.execute(CChromeDriver.java:19)&#xa;	at org.openqa.selenium.remote.RemoteWebElement.execute(RemoteWebElement.java:285)&#xa;	at org.openqa.selenium.remote.RemoteWebElement.click(RemoteWebElement.java:84)&#xa;	at jdk.internal.reflect.GeneratedMethodAccessor15.invoke(Unknown Source)&#xa;	at java.base/jdk.internal.reflect.DelegatingMethodAccessorImpl.invoke(DelegatingMethodAccessorImpl.java:43)&#xa;	at org.openqa.selenium.support.events.EventFiringWebDriver$EventFiringWebElement.lambda$new$0(EventFiringWebDriver.java:404)&#xa;	at jdk.proxy2/jdk.proxy2.$Proxy24.click(Unknown Source)&#xa;	at org.openqa.selenium.support.events.EventFiringWebDriver$EventFiringWebElement.click(EventFiringWebDriver.java:417)&#xa;	at org.openqa.selenium.WebElement$click.call(Unknown Source)&#xa;	at com.kms.katalon.core.webui.keyword.builtin.ClickKeyword.clickUntilSuccessWithTimeout(ClickKeyword.groovy:81)&#xa;	at com.kms.katalon.core.webui.keyword.builtin.ClickKeyword.clickUntilSuccessWithTimeout(ClickKeyword.groovy)&#xa;	at jdk.internal.reflect.GeneratedMethodAccessor13.invoke(Unknown Source)&#xa;	at java.base/jdk.internal.reflect.DelegatingMethodAccessorImpl.invoke(DelegatingMethodAccessorImpl.java:43)&#xa;	at com.kms.katalon.core.webui.keyword.builtin.ClickKeyword$_click_closure1.doCall(ClickKeyword.groovy:67)&#xa;	at com.kms.katalon.core.webui.keyword.builtin.ClickKeyword$_click_closure1.call(ClickKeyword.groovy)&#xa;	at com.kms.katalon.core.webui.keyword.internal.WebUIKeywordMain.runKeyword(WebUIKeywordMain.groovy:20)&#xa;	at com.kms.katalon.core.webui.keyword.builtin.ClickKeyword.click(ClickKeyword.groovy:74)&#xa;	at com.kms.katalon.core.webui.keyword.builtin.ClickKeyword.execute(ClickKeyword.groovy:40)&#xa;	at com.kms.katalon.core.keyword.internal.KeywordExecutor.executeKeywordForPlatform(KeywordExecutor.groovy:74)&#xa;	at com.kms.katalon.core.webui.keyword.WebUiBuiltInKeywords.click(WebUiBuiltInKeywords.groovy:659)&#xa;	at Script1686231490255.CheckPageDownload(Script1686231490255.groovy:168)&#xa;	at Script1686231490255.OtpuskIzSeti(Script1686231490255.groovy:671)&#xa;	at Script1686231490255.run(Script1686231490255.groovy:70)&#xa;	... 15 more&#xa;)&#xa;	at com.kms.katalon.core.keyword.internal.KeywordMain.stepFailed(KeywordMain.groovy:39)&#xa;	at com.kms.katalon.core.webui.keyword.internal.WebUIKeywordMain.stepFailed(WebUIKeywordMain.groovy:64)&#xa;	at com.kms.katalon.core.webui.keyword.internal.WebUIKeywordMain.runKeyword(WebUIKeywordMain.groovy:26)&#xa;	at com.kms.katalon.core.webui.keyword.builtin.ClickKeyword.click(ClickKeyword.groovy:74)&#xa;	at com.kms.katalon.core.webui.keyword.builtin.ClickKeyword.execute(ClickKeyword.groovy:40)&#xa;	at com.kms.katalon.core.keyword.internal.KeywordExecutor.executeKeywordForPlatform(KeywordExecutor.groovy:74)&#xa;	at com.kms.katalon.core.webui.keyword.WebUiBuiltInKeywords.click(WebUiBuiltInKeywords.groovy:659)&#xa;	at Блок руководителя сверка дашбордов под разными учётками.CheckPageDownload(Блок руководителя сверка дашбордов под разными учётками:168)&#xa;	at Блок руководителя сверка дашбордов под разными учётками.OtpuskIzSeti(Блок руководителя сверка дашбордов под разными учётками:671)&#xa;	at Блок руководителя сверка дашбордов под разными учётками.run(Блок руководителя сверка дашбордов под разными учётками:70)&#xa;	at com.kms.katalon.core.main.ScriptEngine.run(ScriptEngine.java:194)&#xa;	at com.kms.katalon.core.main.ScriptEngine.runScriptAsRawText(ScriptEngine.java:119)&#xa;	at com.kms.katalon.core.main.TestCaseExecutor.runScript(TestCaseExecutor.java:448)&#xa;	at com.kms.katalon.core.main.TestCaseExecutor.doExecute(TestCaseExecutor.java:439)&#xa;	at com.kms.katalon.core.main.TestCaseExecutor.processExecutionPhase(TestCaseExecutor.java:418)&#xa;	at com.kms.katalon.core.main.TestCaseExecutor.accessMainPhase(TestCaseExecutor.java:410)&#xa;	at com.kms.katalon.core.main.TestCaseExecutor.execute(TestCaseExecutor.java:285)&#xa;	at com.kms.katalon.core.common.CommonExecutor.accessTestCaseMainPhase(CommonExecutor.java:65)&#xa;	at com.kms.katalon.core.main.TestSuiteExecutor.accessTestSuiteMainPhase(TestSuiteExecutor.java:150)&#xa;	at com.kms.katalon.core.main.TestSuiteExecutor.execute(TestSuiteExecutor.java:106)&#xa;	at com.kms.katalon.core.main.TestCaseMain.startTestSuite(TestCaseMain.java:180)&#xa;	at TempTestSuite1731310890476.run(TempTestSuite1731310890476.groovy:35)&#xa;	at java.base/jdk.internal.reflect.NativeMethodAccessorImpl.invoke0(Native Method)&#xa;	at java.base/jdk.internal.reflect.NativeMethodAccessorImpl.invoke(NativeMethodAccessorImpl.java:77)&#xa;	at java.base/jdk.internal.reflect.DelegatingMethodAccessorImpl.invoke(DelegatingMethodAccessorImpl.java:43)&#xa;Caused by: com.kms.katalon.core.exception.StepFailedException: Unable to click on object 'Object Repository/Страница авторизации/button_'&#xa;	... 24 more&#xa;Caused by: org.openqa.selenium.TimeoutException: timeout: Timed out receiving message from renderer: 300.000&#xa;  (Session info: chrome=130.0.6723.117)&#xa;Build info: version: '3.141.59', revision: 'unknown', time: 'unknown'&#xa;System info: host: 'UVV-WS904-D', ip: '192.168.0.19', os.name: 'Windows 10', os.arch: 'amd64', os.version: '10.0', java.version: '17.0.7'&#xa;Driver info: com.kms.katalon.selenium.driver.CChromeDriver&#xa;Capabilities {acceptInsecureCerts: false, browserName: chrome, browserVersion: 130.0.6723.117, chrome: {chromedriverVersion: 129.0.6668.58 (81a06fb873a9..., userDataDir: C:\Users\LIAZGI~1\AppData\L...}, fedcm:accounts: true, goog:chromeOptions: {debuggerAddress: localhost:61744}, javascriptEnabled: true, networkConnectionEnabled: false, pageLoadStrategy: normal, platform: WINDOWS, platformName: WINDOWS, proxy: Proxy(), setWindowRect: true, strictFileInteractability: false, timeouts: {implicit: 0, pageLoad: 300000, script: 30000}, unhandledPromptBehavior: dismiss and notify, webauthn:extension:credBlob: true, webauthn:extension:largeBlob: true, webauthn:extension:minPinLength: true, webauthn:extension:prf: true, webauthn:virtualAuthenticators: true}&#xa;Session ID: c4422713013d04fb4acd86f6507a6629&#xa;	at java.base/jdk.internal.reflect.NativeConstructorAccessorImpl.newInstance0(Native Method)&#xa;	at java.base/jdk.internal.reflect.NativeConstructorAccessorImpl.newInstance(NativeConstructorAccessorImpl.java:77)&#xa;	at java.base/jdk.internal.reflect.DelegatingConstructorAccessorImpl.newInstance(DelegatingConstructorAccessorImpl.java:45)&#xa;	at org.openqa.selenium.remote.http.W3CHttpResponseCodec.createException(W3CHttpResponseCodec.java:187)&#xa;	at org.openqa.selenium.remote.http.W3CHttpResponseCodec.decode(W3CHttpResponseCodec.java:122)&#xa;	at org.openqa.selenium.remote.http.W3CHttpResponseCodec.decode(W3CHttpResponseCodec.java:49)&#xa;	at org.openqa.selenium.remote.HttpCommandExecutor.execute(HttpCommandExecutor.java:158)&#xa;	at org.openqa.selenium.remote.service.DriverCommandExecutor.execute(DriverCommandExecutor.java:83)&#xa;	at org.openqa.selenium.remote.RemoteWebDriver.execute(RemoteWebDriver.java:552)&#xa;	at com.kms.katalon.selenium.driver.CChromeDriver.execute(CChromeDriver.java:19)&#xa;	at org.openqa.selenium.remote.RemoteWebElement.execute(RemoteWebElement.java:285)&#xa;	at org.openqa.selenium.remote.RemoteWebElement.click(RemoteWebElement.java:84)&#xa;	at jdk.internal.reflect.GeneratedMethodAccessor15.invoke(Unknown Source)&#xa;	at java.base/jdk.internal.reflect.DelegatingMethodAccessorImpl.invoke(DelegatingMethodAccessorImpl.java:43)&#xa;	at org.openqa.selenium.support.events.EventFiringWebDriver$EventFiringWebElement.lambda$new$0(EventFiringWebDriver.java:404)&#xa;	at jdk.proxy2/jdk.proxy2.$Proxy24.click(Unknown Source)&#xa;	at org.openqa.selenium.support.events.EventFiringWebDriver$EventFiringWebElement.click(EventFiringWebDriver.java:417)&#xa;	at org.openqa.selenium.WebElement$click.call(Unknown Source)&#xa;	at com.kms.katalon.core.webui.keyword.builtin.ClickKeyword.clickUntilSuccessWithTimeout(ClickKeyword.groovy:81)&#xa;	at com.kms.katalon.core.webui.keyword.builtin.ClickKeyword.clickUntilSuccessWithTimeout(ClickKeyword.groovy)&#xa;	at jdk.internal.reflect.GeneratedMethodAccessor13.invoke(Unknown Source)&#xa;	at java.base/jdk.internal.reflect.DelegatingMethodAccessorImpl.invoke(DelegatingMethodAccessorImpl.java:43)&#xa;	at com.kms.katalon.core.webui.keyword.builtin.ClickKeyword$_click_closure1.doCall(ClickKeyword.groovy:67)&#xa;	at com.kms.katalon.core.webui.keyword.builtin.ClickKeyword$_click_closure1.call(ClickKeyword.groovy)&#xa;	at com.kms.katalon.core.webui.keyword.internal.WebUIKeywordMain.runKeyword(WebUIKeywordMain.groovy:20)&#xa;	... 22 more&#xa;"/>
         <system-out><![CDATA[11-11-2024T10:41:35 - [TEST_CASE][FAILED] - Test Cases/Сверки дашбордов/Блок руководителя сверка дашбордов под разными учётками: Test Cases/Сверки дашбордов/Блок руководителя сверка дашбордов под разными учётками FAILED.
Reason:
com.kms.katalon.core.exception.StepFailedException: Unable to click on object 'Object Repository/Страница авторизации/button_' (Root cause: com.kms.katalon.core.exception.StepFailedException: Unable to click on object 'Object Repository/Страница авторизации/button_'
	at com.kms.katalon.core.webui.keyword.internal.WebUIKeywordMain.stepFailed(WebUIKeywordMain.groovy:64)
	at com.kms.katalon.core.webui.keyword.internal.WebUIKeywordMain.runKeyword(WebUIKeywordMain.groovy:26)
	at com.kms.katalon.core.webui.keyword.builtin.ClickKeyword.click(ClickKeyword.groovy:74)
	at com.kms.katalon.core.webui.keyword.builtin.ClickKeyword.execute(ClickKeyword.groovy:40)
	at com.kms.katalon.core.keyword.internal.KeywordExecutor.executeKeywordForPlatform(KeywordExecutor.groovy:74)
	at com.kms.katalon.core.webui.keyword.WebUiBuiltInKeywords.click(WebUiBuiltInKeywords.groovy:659)
	at Блок руководителя сверка дашбордов под разными учётками.CheckPageDownload(Блок руководителя сверка дашбордов под разными учётками:168)
	at Блок руководителя сверка дашбордов под разными учётками.OtpuskIzSeti(Блок руководителя сверка дашбордов под разными учётками:671)
	at Блок руководителя сверка дашбордов под разными учётками.run(Блок руководителя сверка дашбордов под разными учётками:70)
	at com.kms.katalon.core.main.ScriptEngine.run(ScriptEngine.java:194)
	at com.kms.katalon.core.main.ScriptEngine.runScriptAsRawText(ScriptEngine.java:119)
	at com.kms.katalon.core.main.TestCaseExecutor.runScript(TestCaseExecutor.java:448)
	at com.kms.katalon.core.main.TestCaseExecutor.doExecute(TestCaseExecutor.java:439)
	at com.kms.katalon.core.main.TestCaseExecutor.processExecutionPhase(TestCaseExecutor.java:418)
	at com.kms.katalon.core.main.TestCaseExecutor.accessMainPhase(TestCaseExecutor.java:410)
	at com.kms.katalon.core.main.TestCaseExecutor.execute(TestCaseExecutor.java:285)
	at com.kms.katalon.core.common.CommonExecutor.accessTestCaseMainPhase(CommonExecutor.java:65)
	at com.kms.katalon.core.main.TestSuiteExecutor.accessTestSuiteMainPhase(TestSuiteExecutor.java:150)
	at com.kms.katalon.core.main.TestSuiteExecutor.execute(TestSuiteExecutor.java:106)
	at com.kms.katalon.core.main.TestCaseMain.startTestSuite(TestCaseMain.java:180)
	at TempTestSuite1731310890476.run(TempTestSuite1731310890476.groovy:35)
	at java.base/jdk.internal.reflect.NativeMethodAccessorImpl.invoke0(Native Method)
	at java.base/jdk.internal.reflect.NativeMethodAccessorImpl.invoke(NativeMethodAccessorImpl.java:77)
	at java.base/jdk.internal.reflect.DelegatingMethodAccessorImpl.invoke(DelegatingMethodAccessorImpl.java:43)
Caused by: org.openqa.selenium.TimeoutException: timeout: Timed out receiving message from renderer: 300.000
  (Session info: chrome=130.0.6723.117)
Build info: version: '3.141.59', revision: 'unknown', time: 'unknown'
System info: host: 'UVV-WS904-D', ip: '192.168.0.19', os.name: 'Windows 10', os.arch: 'amd64', os.version: '10.0', java.version: '17.0.7'
Driver info: com.kms.katalon.selenium.driver.CChromeDriver
Capabilities {acceptInsecureCerts: false, browserName: chrome, browserVersion: 130.0.6723.117, chrome: {chromedriverVersion: 129.0.6668.58 (81a06fb873a9..., userDataDir: C:\Users\LIAZGI~1\AppData\L...}, fedcm:accounts: true, goog:chromeOptions: {debuggerAddress: localhost:61744}, javascriptEnabled: true, networkConnectionEnabled: false, pageLoadStrategy: normal, platform: WINDOWS, platformName: WINDOWS, proxy: Proxy(), setWindowRect: true, strictFileInteractability: false, timeouts: {implicit: 0, pageLoad: 300000, script: 30000}, unhandledPromptBehavior: dismiss and notify, webauthn:extension:credBlob: true, webauthn:extension:largeBlob: true, webauthn:extension:minPinLength: true, webauthn:extension:prf: true, webauthn:virtualAuthenticators: true}
Session ID: c4422713013d04fb4acd86f6507a6629
	at java.base/jdk.internal.reflect.NativeConstructorAccessorImpl.newInstance0(Native Method)
	at java.base/jdk.internal.reflect.NativeConstructorAccessorImpl.newInstance(NativeConstructorAccessorImpl.java:77)
	at java.base/jdk.internal.reflect.DelegatingConstructorAccessorImpl.newInstance(DelegatingConstructorAccessorImpl.java:45)
	at org.openqa.selenium.remote.http.W3CHttpResponseCodec.createException(W3CHttpResponseCodec.java:187)
	at org.openqa.selenium.remote.http.W3CHttpResponseCodec.decode(W3CHttpResponseCodec.java:122)
	at org.openqa.selenium.remote.http.W3CHttpResponseCodec.decode(W3CHttpResponseCodec.java:49)
	at org.openqa.selenium.remote.HttpCommandExecutor.execute(HttpCommandExecutor.java:158)
	at org.openqa.selenium.remote.service.DriverCommandExecutor.execute(DriverCommandExecutor.java:83)
	at org.openqa.selenium.remote.RemoteWebDriver.execute(RemoteWebDriver.java:552)
	at com.kms.katalon.selenium.driver.CChromeDriver.execute(CChromeDriver.java:19)
	at org.openqa.selenium.remote.RemoteWebElement.execute(RemoteWebElement.java:285)
	at org.openqa.selenium.remote.RemoteWebElement.click(RemoteWebElement.java:84)
	at jdk.internal.reflect.GeneratedMethodAccessor15.invoke(Unknown Source)
	at java.base/jdk.internal.reflect.DelegatingMethodAccessorImpl.invoke(DelegatingMethodAccessorImpl.java:43)
	at org.openqa.selenium.support.events.EventFiringWebDriver$EventFiringWebElement.lambda$new$0(EventFiringWebDriver.java:404)
	at jdk.proxy2/jdk.proxy2.$Proxy24.click(Unknown Source)
	at org.openqa.selenium.support.events.EventFiringWebDriver$EventFiringWebElement.click(EventFiringWebDriver.java:417)
	at org.openqa.selenium.WebElement$click.call(Unknown Source)
	at com.kms.katalon.core.webui.keyword.builtin.ClickKeyword.clickUntilSuccessWithTimeout(ClickKeyword.groovy:81)
	at com.kms.katalon.core.webui.keyword.builtin.ClickKeyword.clickUntilSuccessWithTimeout(ClickKeyword.groovy)
	at jdk.internal.reflect.GeneratedMethodAccessor13.invoke(Unknown Source)
	at java.base/jdk.internal.reflect.DelegatingMethodAccessorImpl.invoke(DelegatingMethodAccessorImpl.java:43)
	at com.kms.katalon.core.webui.keyword.builtin.ClickKeyword$_click_closure1.doCall(ClickKeyword.groovy:67)
	at com.kms.katalon.core.webui.keyword.builtin.ClickKeyword$_click_closure1.call(ClickKeyword.groovy)
	at com.kms.katalon.core.webui.keyword.internal.WebUIKeywordMain.runKeyword(WebUIKeywordMain.groovy:20)
	at com.kms.katalon.core.webui.keyword.builtin.ClickKeyword.click(ClickKeyword.groovy:74)
	at com.kms.katalon.core.webui.keyword.builtin.ClickKeyword.execute(ClickKeyword.groovy:40)
	at com.kms.katalon.core.keyword.internal.KeywordExecutor.executeKeywordForPlatform(KeywordExecutor.groovy:74)
	at com.kms.katalon.core.webui.keyword.WebUiBuiltInKeywords.click(WebUiBuiltInKeywords.groovy:659)
	at Script1686231490255.CheckPageDownload(Script1686231490255.groovy:168)
	at Script1686231490255.OtpuskIzSeti(Script1686231490255.groovy:671)
	at Script1686231490255.run(Script1686231490255.groovy:70)
	... 15 more
)
	at com.kms.katalon.core.keyword.internal.KeywordMain.stepFailed(KeywordMain.groovy:39)
	at com.kms.katalon.core.webui.keyword.internal.WebUIKeywordMain.stepFailed(WebUIKeywordMain.groovy:64)
	at com.kms.katalon.core.webui.keyword.internal.WebUIKeywordMain.runKeyword(WebUIKeywordMain.groovy:26)
	at com.kms.katalon.core.webui.keyword.builtin.ClickKeyword.click(ClickKeyword.groovy:74)
	at com.kms.katalon.core.webui.keyword.builtin.ClickKeyword.execute(ClickKeyword.groovy:40)
	at com.kms.katalon.core.keyword.internal.KeywordExecutor.executeKeywordForPlatform(KeywordExecutor.groovy:74)
	at com.kms.katalon.core.webui.keyword.WebUiBuiltInKeywords.click(WebUiBuiltInKeywords.groovy:659)
	at Блок руководителя сверка дашбордов под разными учётками.CheckPageDownload(Блок руководителя сверка дашбордов под разными учётками:168)
	at Блок руководителя сверка дашбордов под разными учётками.OtpuskIzSeti(Блок руководителя сверка дашбордов под разными учётками:671)
	at Блок руководителя сверка дашбордов под разными учётками.run(Блок руководителя сверка дашбордов под разными учётками:70)
	at com.kms.katalon.core.main.ScriptEngine.run(ScriptEngine.java:194)
	at com.kms.katalon.core.main.ScriptEngine.runScriptAsRawText(ScriptEngine.java:119)
	at com.kms.katalon.core.main.TestCaseExecutor.runScript(TestCaseExecutor.java:448)
	at com.kms.katalon.core.main.TestCaseExecutor.doExecute(TestCaseExecutor.java:439)
	at com.kms.katalon.core.main.TestCaseExecutor.processExecutionPhase(TestCaseExecutor.java:418)
	at com.kms.katalon.core.main.TestCaseExecutor.accessMainPhase(TestCaseExecutor.java:410)
	at com.kms.katalon.core.main.TestCaseExecutor.execute(TestCaseExecutor.java:285)
	at com.kms.katalon.core.common.CommonExecutor.accessTestCaseMainPhase(CommonExecutor.java:65)
	at com.kms.katalon.core.main.TestSuiteExecutor.accessTestSuiteMainPhase(TestSuiteExecutor.java:150)
	at com.kms.katalon.core.main.TestSuiteExecutor.execute(TestSuiteExecutor.java:106)
	at com.kms.katalon.core.main.TestCaseMain.startTestSuite(TestCaseMain.java:180)
	at TempTestSuite1731310890476.run(TempTestSuite1731310890476.groovy:35)
	at java.base/jdk.internal.reflect.NativeMethodAccessorImpl.invoke0(Native Method)
	at java.base/jdk.internal.reflect.NativeMethodAccessorImpl.invoke(NativeMethodAccessorImpl.java:77)
	at java.base/jdk.internal.reflect.DelegatingMethodAccessorImpl.invoke(DelegatingMethodAccessorImpl.java:43)
Caused by: com.kms.katalon.core.exception.StepFailedException: Unable to click on object 'Object Repository/Страница авторизации/button_'
	... 24 more
Caused by: org.openqa.selenium.TimeoutException: timeout: Timed out receiving message from renderer: 300.000
  (Session info: chrome=130.0.6723.117)
Build info: version: '3.141.59', revision: 'unknown', time: 'unknown'
System info: host: 'UVV-WS904-D', ip: '192.168.0.19', os.name: 'Windows 10', os.arch: 'amd64', os.version: '10.0', java.version: '17.0.7'
Driver info: com.kms.katalon.selenium.driver.CChromeDriver
Capabilities {acceptInsecureCerts: false, browserName: chrome, browserVersion: 130.0.6723.117, chrome: {chromedriverVersion: 129.0.6668.58 (81a06fb873a9..., userDataDir: C:\Users\LIAZGI~1\AppData\L...}, fedcm:accounts: true, goog:chromeOptions: {debuggerAddress: localhost:61744}, javascriptEnabled: true, networkConnectionEnabled: false, pageLoadStrategy: normal, platform: WINDOWS, platformName: WINDOWS, proxy: Proxy(), setWindowRect: true, strictFileInteractability: false, timeouts: {implicit: 0, pageLoad: 300000, script: 30000}, unhandledPromptBehavior: dismiss and notify, webauthn:extension:credBlob: true, webauthn:extension:largeBlob: true, webauthn:extension:minPinLength: true, webauthn:extension:prf: true, webauthn:virtualAuthenticators: true}
Session ID: c4422713013d04fb4acd86f6507a6629
	at java.base/jdk.internal.reflect.NativeConstructorAccessorImpl.newInstance0(Native Method)
	at java.base/jdk.internal.reflect.NativeConstructorAccessorImpl.newInstance(NativeConstructorAccessorImpl.java:77)
	at java.base/jdk.internal.reflect.DelegatingConstructorAccessorImpl.newInstance(DelegatingConstructorAccessorImpl.java:45)
	at org.openqa.selenium.remote.http.W3CHttpResponseCodec.createException(W3CHttpResponseCodec.java:187)
	at org.openqa.selenium.remote.http.W3CHttpResponseCodec.decode(W3CHttpResponseCodec.java:122)
	at org.openqa.selenium.remote.http.W3CHttpResponseCodec.decode(W3CHttpResponseCodec.java:49)
	at org.openqa.selenium.remote.HttpCommandExecutor.execute(HttpCommandExecutor.java:158)
	at org.openqa.selenium.remote.service.DriverCommandExecutor.execute(DriverCommandExecutor.java:83)
	at org.openqa.selenium.remote.RemoteWebDriver.execute(RemoteWebDriver.java:552)
	at com.kms.katalon.selenium.driver.CChromeDriver.execute(CChromeDriver.java:19)
	at org.openqa.selenium.remote.RemoteWebElement.execute(RemoteWebElement.java:285)
	at org.openqa.selenium.remote.RemoteWebElement.click(RemoteWebElement.java:84)
	at jdk.internal.reflect.GeneratedMethodAccessor15.invoke(Unknown Source)
	at java.base/jdk.internal.reflect.DelegatingMethodAccessorImpl.invoke(DelegatingMethodAccessorImpl.java:43)
	at org.openqa.selenium.support.events.EventFiringWebDriver$EventFiringWebElement.lambda$new$0(EventFiringWebDriver.java:404)
	at jdk.proxy2/jdk.proxy2.$Proxy24.click(Unknown Source)
	at org.openqa.selenium.support.events.EventFiringWebDriver$EventFiringWebElement.click(EventFiringWebDriver.java:417)
	at org.openqa.selenium.WebElement$click.call(Unknown Source)
	at com.kms.katalon.core.webui.keyword.builtin.ClickKeyword.clickUntilSuccessWithTimeout(ClickKeyword.groovy:81)
	at com.kms.katalon.core.webui.keyword.builtin.ClickKeyword.clickUntilSuccessWithTimeout(ClickKeyword.groovy)
	at jdk.internal.reflect.GeneratedMethodAccessor13.invoke(Unknown Source)
	at java.base/jdk.internal.reflect.DelegatingMethodAccessorImpl.invoke(DelegatingMethodAccessorImpl.java:43)
	at com.kms.katalon.core.webui.keyword.builtin.ClickKeyword$_click_closure1.doCall(ClickKeyword.groovy:67)
	at com.kms.katalon.core.webui.keyword.builtin.ClickKeyword$_click_closure1.call(ClickKeyword.groovy)
	at com.kms.katalon.core.webui.keyword.internal.WebUIKeywordMain.runKeyword(WebUIKeywordMain.groovy:20)
	... 22 more


11-11-2024T10:41:36 - [TEST_STEP][PASSED] - run = 1: null

11-11-2024T10:41:36 - [TEST_STEP][PASSED] - data = findTestData("PlanFact"): null

11-11-2024T10:41:36 - [TEST_STEP][PASSED] - n = <not implemented yet for class: org.codehaus.groovy.ast.expr.EmptyExpression>: null

11-11-2024T10:41:36 - [TEST_STEP][PASSED] - urlData = <not implemented yet for class: org.codehaus.groovy.ast.expr.EmptyExpression>: null

11-11-2024T10:41:36 - [TEST_STEP][PASSED] - dashboardName = <not implemented yet for class: org.codehaus.groovy.ast.expr.EmptyExpression>: null

11-11-2024T10:41:36 - [TEST_STEP][PASSED] - a1 = <not implemented yet for class: org.codehaus.groovy.ast.expr.EmptyExpression>: null

11-11-2024T10:41:36 - [TEST_STEP][PASSED] - a2 = <not implemented yet for class: org.codehaus.groovy.ast.expr.EmptyExpression>: null

11-11-2024T10:41:36 - [TEST_STEP][PASSED] - a3 = <not implemented yet for class: org.codehaus.groovy.ast.expr.EmptyExpression>: null

11-11-2024T10:41:36 - [TEST_STEP][PASSED] - a4 = <not implemented yet for class: org.codehaus.groovy.ast.expr.EmptyExpression>: null

11-11-2024T10:41:36 - [TEST_STEP][PASSED] - a5 = <not implemented yet for class: org.codehaus.groovy.ast.expr.EmptyExpression>: null

11-11-2024T10:41:36 - [TEST_STEP][PASSED] - a6 = <not implemented yet for class: org.codehaus.groovy.ast.expr.EmptyExpression>: null

11-11-2024T10:41:36 - [TEST_STEP][PASSED] - a7 = <not implemented yet for class: org.codehaus.groovy.ast.expr.EmptyExpression>: null

11-11-2024T10:41:36 - [TEST_STEP][PASSED] - a8 = <not implemented yet for class: org.codehaus.groovy.ast.expr.EmptyExpression>: null

11-11-2024T10:41:36 - [TEST_STEP][PASSED] - a9 = <not implemented yet for class: org.codehaus.groovy.ast.expr.EmptyExpression>: null

11-11-2024T10:41:36 - [TEST_STEP][PASSED] - user = <not implemented yet for class: org.codehaus.groovy.ast.expr.EmptyExpression>: null

11-11-2024T10:41:36 - [TEST_STEP][PASSED] - for ([run = 1, run < 4, (run++)]): null

11-11-2024T10:41:36 - [TEST_STEP][PASSED] - VipolnenieBiznesPlana(user, dashboardName, n, data, run, a1, a2, a3, a4, a5, a6, a7, a8, a9, urlData): null

11-11-2024T10:41:37 - [TEST_STEP][PASSED] - n = data.getRowNumbers() + 1: null

11-11-2024T10:41:37 - [TEST_STEP][PASSED] - println(n): null

11-11-2024T10:41:37 - [TEST_STEP][PASSED] - dashboardName = "Выполнение бизнес-плана": null

11-11-2024T10:41:37 - [TEST_STEP][PASSED] - openBrowser(""): Browser is opened with url: ''

11-11-2024T10:41:37 - [MESSAGE][INFO] - Starting 'Chrome' driver

11-11-2024T10:41:37 - [MESSAGE][INFO] - Action delay is set to 0 milliseconds

11-11-2024T10:41:39 - [MESSAGE][PASSED] - Browser is opened with url: ''

11-11-2024T10:41:39 - [TEST_STEP][PASSED] - urlData = 1: null

11-11-2024T10:41:39 - [TEST_STEP][PASSED] - Script1686231490255.CheckPageDownload(urlData, run): null

11-11-2024T10:41:39 - [TEST_STEP][PASSED] - i = 1: null

11-11-2024T10:41:39 - [TEST_STEP][PASSED] - ii = 0: null

11-11-2024T10:41:39 - [TEST_STEP][PASSED] - urlText = <not implemented yet for class: org.codehaus.groovy.ast.expr.EmptyExpression>: null

11-11-2024T10:41:39 - [TEST_STEP][PASSED] - searchWord = <not implemented yet for class: org.codehaus.groovy.ast.expr.EmptyExpression>: null

11-11-2024T10:41:39 - [TEST_STEP][PASSED] - deleteAllCookies(): Delete all cookies successfully

11-11-2024T10:41:39 - [MESSAGE][PASSED] - Delete all cookies successfully

11-11-2024T10:41:39 - [TEST_STEP][PASSED] - refresh(): Refresh successfully

11-11-2024T10:41:39 - [MESSAGE][PASSED] - Refresh successfully

11-11-2024T10:41:39 - [TEST_STEP][PASSED] - delay(65): Delayed 65 second(s)

11-11-2024T10:42:44 - [MESSAGE][PASSED] - Delayed 65 second(s)

11-11-2024T10:42:44 - [TEST_STEP][PASSED] - navigateToUrl(findTestData("PlanFact").getValue(10, urlData)): Navigate to 'https://bi.rosseti.digital/viewer?dashboardGuid=d154a8eaf6824e2b9de1bb04dd061c18&sheetGuid=1305e8ce744049e1abdacea1ea397a26&fit=true' successfully

11-11-2024T10:42:52 - [MESSAGE][PASSED] - Navigate to 'https://bi.rosseti.digital/viewer?dashboardGuid=d154a8eaf6824e2b9de1bb04dd061c18&sheetGuid=1305e8ce744049e1abdacea1ea397a26&fit=true' successfully

11-11-2024T10:42:52 - [TEST_STEP][PASSED] - pageLoaded1 = verifyElementPresent(findTestObject("Страница авторизации/Text"), 30): Object 'Object Repository/Страница авторизации/Text' is present

11-11-2024T10:42:56 - [MESSAGE][PASSED] - Object 'Object Repository/Страница авторизации/Text' is present

11-11-2024T10:42:56 - [TEST_STEP][PASSED] - if (pageLoaded1 == false): null

11-11-2024T10:42:56 - [TEST_STEP][PASSED] - urlText = getText(findTestObject("Страница авторизации/Text")): Text of object 'Object Repository/Страница авторизации/Text' is: 'Вход'

11-11-2024T10:42:56 - [MESSAGE][PASSED] - Text of object 'Object Repository/Страница авторизации/Text' is: 'Вход'

11-11-2024T10:42:56 - [TEST_STEP][PASSED] - delay(65): Delayed 65 second(s)

11-11-2024T10:44:01 - [MESSAGE][PASSED] - Delayed 65 second(s)

11-11-2024T10:44:01 - [TEST_STEP][PASSED] - searchWord = "Вход": null

11-11-2024T10:44:01 - [TEST_STEP][PASSED] - if (urlText.contains(searchWord) == false): null

11-11-2024T10:44:01 - [TEST_STEP][PASSED] - setText(findTestObject("Страница авторизации/input__username"), findTestData("PlanFact").getValue(8, run)): Text 'liazgina-di' is set on object 'Object Repository/Страница авторизации/input__username'

11-11-2024T10:44:02 - [MESSAGE][PASSED] - Text 'liazgina-di' is set on object 'Object Repository/Страница авторизации/input__username'

11-11-2024T10:44:02 - [TEST_STEP][PASSED] - setText(findTestObject("Страница авторизации/input__password"), findTestData("PlanFact").getValue(9, run)): Text ')$%5srZ8o688Dm#q' is set on object 'Object Repository/Страница авторизации/input__password'

11-11-2024T10:44:03 - [MESSAGE][PASSED] - Text ')$%5srZ8o688Dm#q' is set on object 'Object Repository/Страница авторизации/input__password'

11-11-2024T10:44:03 - [TEST_STEP][PASSED] - click(findTestObject("Страница авторизации/button_")): Object: 'Object Repository/Страница авторизации/button_' is clicked on

11-11-2024T10:44:11 - [MESSAGE][PASSED] - Object: 'Object Repository/Страница авторизации/button_' is clicked on

11-11-2024T10:44:11 - [TEST_STEP][PASSED] - delay(65): Delayed 65 second(s)

11-11-2024T10:45:16 - [MESSAGE][PASSED] - Delayed 65 second(s)

11-11-2024T10:45:16 - [TEST_STEP][PASSED] - searchWord = "а": null

11-11-2024T10:45:16 - [TEST_STEP][PASSED] - pageLoaded2 = verifyElementPresent(findTestObject("Страница авторизации/Text"), 50): Object 'Object Repository/Страница авторизации/Text' is present

11-11-2024T10:45:20 - [MESSAGE][PASSED] - Object 'Object Repository/Страница авторизации/Text' is present

11-11-2024T10:45:20 - [TEST_STEP][PASSED] - if (pageLoaded2 == false): null

11-11-2024T10:45:20 - [TEST_STEP][PASSED] - urlText = getText(findTestObject("Страница авторизации/Text")): Text of object 'Object Repository/Страница авторизации/Text' is: 'ДЗО 
Все
Период
1, 2, 3 кв. 2024 года
Отклонения фактического уровня потерь от бизнес-плана, п.п.
-0.07
3.72
3.86
-0.05
0.09
-0.51
-0.25
АО «Тываэнерго»
АО «Чеченэнерго»
Россети Северный Кавказ
Россети Сибирь
Россети Тюмень
Россети Центр (ГК)
Россети Центр и Приволжье (ГК)
-1
0
1
2
3
4
5
6
7

Уровень потерь электроэнергии
АО «Тываэнерго»
АО «Чеченэнерго»
Россети Северный Кавказ
Россети Сибирь
Россети Тюмень
Россети Центр (ГК)
Россети Центр и Приволжье (ГК)
0
10
20
30
40
50
60
70
21.03
|
32.87
23.77
6.97
|
2.51
9.98
|
6.88
|
20.96
36.59
|
27.64
|
6.92
2.60
|
9.48
6.63
п.п.
0.05
Итого
0
0.02
0.04
0.06
%
5.29 5.29
5.26 5.26
План
Факт
1
100

● Бизнес-план выполнен● ●● Превышение бизнес-плана
Отклонения фактического уровня потерь от бизнес-плана за 3 месяца (нарастающим итогом), п.п.
0.10.1
3.73.7
3.83.8
-0.1-0.1
0.10.1
-0.5-0.5
-0.2-0.2
-0.0-0.0
4.14.1
4.04.0
-0.1-0.1
0.10.1
-0.4-0.4
-0.2-0.2
-0.1-0.1
3.73.7
3.93.9
-0.0-0.0
0.10.1
-0.5-0.5
-0.2-0.2
Россети ФСКЕЭС
АО«Тываэнерго»
АО«Чеченэнерго»
Россети Волга
РоссетиКубань
РоссетиЛенэнерго (ГК)
РоссетиМосковскийрегион
РоссетиСеверныйКавказ (ГК)
Россети Северо-Запад
Россети Сибирь(ГК)
Россети Томск
Россети Тюмень
Россети Урал(ГК)
Россети Центр
Россети Центр иПриволжье (ГК)
Россети Юг (Г…
РоссетиЯнтарь
0
-5
5
п.п.
Отклонения фактического уровня потерь от бизнес-плана за 3 месяца (нарастающим итогом)
-0.2-0.2
-0.4-0.4
0.10.1
-0.1-0.1
-0.3-0.3
4.14.1
-1.9-1.9
-0.2-0.2
-0.5-0.5
-0.1-0.1
0.40.4
-0.7-0.7
-0.4-0.4
7.97.9
0.10.1
13.113.1
-0.2-0.2
-0.3-0.3
-0.0-0.0
0.20.2
-0.1-0.1
4.24.2
-1.7-1.7
-0.1-0.1
-0.3-0.3
-0.1-0.1
0.30.3
-0.7-0.7
-0.4-0.4
8.48.4
0.20.2
13.213.2
-0.2-0.2
-0.3-0.3
-0.1-0.1
-0.5-0.5
-0.3-0.3
3.83.8
-1.8-1.8
-0.1-0.1
-0.3-0.3
-0.2-0.2
0.40.4
-0.7-0.7
-0.4-0.4
8.08.0
0.30.3
13.213.2
Итого по ФСК ЕЭС
Каббалкэнерго
Калмэнерго
Калугаэнерго
АО "Кинешемская электросеть"
АО "Тываэнерго"
АО «ВМЭС»
АО «Воронежская горэлектросеть»
АО «Тульские городские электрические сети»
АО «Чеченэнерго»
АО «Ярославская электросетевая компания»
АО ЕЭСК
Алтайэнерго
Архангельский филиал
Астраханьэнерго
Белгородэнерго
Брянскэнерго
Бурятэнерго
Владимирэнерго
Волгоградэнерго
Вологодский филиал
Воронежэнерго
Дагэнерго
Ивэнерго
Ингушэнерго
-5
15

Статус данных
Просьба обратить внимание
— все данные не занесены
Факт
План
Итого – Факт
Отпуск в сеть 192 146 383
Отпуск из сети 174 962 090
Потери 17 184 293
Итого – План
Отпуск в сеть 187 410 759
Отпуск из сети 171 357 921
Потери 16 052 838
Выполнение бизнес-плана в части показателя «Уровень потерь электроэнергии»
Показатели баланса электроэнергии по ДЗО – Факт 
572 217 3 034 612 17 266 464 46 928 172 39 079 081 44 371 600 40 894 236
452 291 1 924 288 12 494 824 43 678 766 38 062 639 40 166 359 38 182 923
119 926 1 110 325 4 771 641 3 249 406 1 016 442 4 205 240 2 711 313
Показатели баланса электроэнергии по ДЗО – План
544 127 2 822 152 16 209 599 44 875 501 40 452 567 43 055 315 39 451 497
429 681 1 894 447 12 356 339 41 746 891 39 436 282 38 756 246 36 738 034
114 446 927 705 3 853 260 3 128 610 1 016 285 4 299 069 2 713 463'

11-11-2024T10:45:21 - [MESSAGE][PASSED] - Text of object 'Object Repository/Страница авторизации/Text' is: 'ДЗО 
Все
Период
1, 2, 3 кв. 2024 года
Отклонения фактического уровня потерь от бизнес-плана, п.п.
-0.07
3.72
3.86
-0.05
0.09
-0.51
-0.25
АО «Тываэнерго»
АО «Чеченэнерго»
Россети Северный Кавказ
Россети Сибирь
Россети Тюмень
Россети Центр (ГК)
Россети Центр и Приволжье (ГК)
-1
0
1
2
3
4
5
6
7

Уровень потерь электроэнергии
АО «Тываэнерго»
АО «Чеченэнерго»
Россети Северный Кавказ
Россети Сибирь
Россети Тюмень
Россети Центр (ГК)
Россети Центр и Приволжье (ГК)
0
10
20
30
40
50
60
70
21.03
|
32.87
23.77
6.97
|
2.51
9.98
|
6.88
|
20.96
36.59
|
27.64
|
6.92
2.60
|
9.48
6.63
п.п.
0.05
Итого
0
0.02
0.04
0.06
%
5.29 5.29
5.26 5.26
План
Факт
1
100

● Бизнес-план выполнен● ●● Превышение бизнес-плана
Отклонения фактического уровня потерь от бизнес-плана за 3 месяца (нарастающим итогом), п.п.
0.10.1
3.73.7
3.83.8
-0.1-0.1
0.10.1
-0.5-0.5
-0.2-0.2
-0.0-0.0
4.14.1
4.04.0
-0.1-0.1
0.10.1
-0.4-0.4
-0.2-0.2
-0.1-0.1
3.73.7
3.93.9
-0.0-0.0
0.10.1
-0.5-0.5
-0.2-0.2
Россети ФСКЕЭС
АО«Тываэнерго»
АО«Чеченэнерго»
Россети Волга
РоссетиКубань
РоссетиЛенэнерго (ГК)
РоссетиМосковскийрегион
РоссетиСеверныйКавказ (ГК)
Россети Северо-Запад
Россети Сибирь(ГК)
Россети Томск
Россети Тюмень
Россети Урал(ГК)
Россети Центр
Россети Центр иПриволжье (ГК)
Россети Юг (Г…
РоссетиЯнтарь
0
-5
5
п.п.
Отклонения фактического уровня потерь от бизнес-плана за 3 месяца (нарастающим итогом)
-0.2-0.2
-0.4-0.4
0.10.1
-0.1-0.1
-0.3-0.3
4.14.1
-1.9-1.9
-0.2-0.2
-0.5-0.5
-0.1-0.1
0.40.4
-0.7-0.7
-0.4-0.4
7.97.9
0.10.1
13.113.1
-0.2-0.2
-0.3-0.3
-0.0-0.0
0.20.2
-0.1-0.1
4.24.2
-1.7-1.7
-0.1-0.1
-0.3-0.3
-0.1-0.1
0.30.3
-0.7-0.7
-0.4-0.4
8.48.4
0.20.2
13.213.2
-0.2-0.2
-0.3-0.3
-0.1-0.1
-0.5-0.5
-0.3-0.3
3.83.8
-1.8-1.8
-0.1-0.1
-0.3-0.3
-0.2-0.2
0.40.4
-0.7-0.7
-0.4-0.4
8.08.0
0.30.3
13.213.2
Итого по ФСК ЕЭС
Каббалкэнерго
Калмэнерго
Калугаэнерго
АО "Кинешемская электросеть"
АО "Тываэнерго"
АО «ВМЭС»
АО «Воронежская горэлектросеть»
АО «Тульские городские электрические сети»
АО «Чеченэнерго»
АО «Ярославская электросетевая компания»
АО ЕЭСК
Алтайэнерго
Архангельский филиал
Астраханьэнерго
Белгородэнерго
Брянскэнерго
Бурятэнерго
Владимирэнерго
Волгоградэнерго
Вологодский филиал
Воронежэнерго
Дагэнерго
Ивэнерго
Ингушэнерго
-5
15

Статус данных
Просьба обратить внимание
— все данные не занесены
Факт
План
Итого – Факт
Отпуск в сеть 192 146 383
Отпуск из сети 174 962 090
Потери 17 184 293
Итого – План
Отпуск в сеть 187 410 759
Отпуск из сети 171 357 921
Потери 16 052 838
Выполнение бизнес-плана в части показателя «Уровень потерь электроэнергии»
Показатели баланса электроэнергии по ДЗО – Факт 
572 217 3 034 612 17 266 464 46 928 172 39 079 081 44 371 600 40 894 236
452 291 1 924 288 12 494 824 43 678 766 38 062 639 40 166 359 38 182 923
119 926 1 110 325 4 771 641 3 249 406 1 016 442 4 205 240 2 711 313
Показатели баланса электроэнергии по ДЗО – План
544 127 2 822 152 16 209 599 44 875 501 40 452 567 43 055 315 39 451 497
429 681 1 894 447 12 356 339 41 746 891 39 436 282 38 756 246 36 738 034
114 446 927 705 3 853 260 3 128 610 1 016 285 4 299 069 2 713 463'

11-11-2024T10:45:21 - [TEST_STEP][PASSED] - if (urlText.contains("ошибка") || urlText.contains(searchWord) == false): null

11-11-2024T10:45:21 - [TEST_STEP][PASSED] - Script1686231490255.ZakrytOpoveshenie(): null

11-11-2024T10:45:21 - [TEST_STEP][PASSED] - opoveshenie = getText(findTestObject("Выполнение бизнес-плана/Просьба обратить внимание")): Text of object 'Object Repository/Выполнение бизнес-плана/Просьба обратить внимание' is: 'Просьба обратить внимание'

11-11-2024T10:45:21 - [MESSAGE][PASSED] - Text of object 'Object Repository/Выполнение бизнес-плана/Просьба обратить внимание' is: 'Просьба обратить внимание'

11-11-2024T10:45:21 - [TEST_STEP][PASSED] - println(opoveshenie): null

11-11-2024T10:45:21 - [TEST_STEP][PASSED] - if (opoveshenie == "Просьба обратить внимание"): Object: 'Object Repository/Выполнение бизнес-плана/Закрыть оповещение' is clicked on

11-11-2024T10:45:21 - [TEST_STEP][PASSED] - click(findTestObject("Выполнение бизнес-плана/Закрыть оповещение")): Object: 'Object Repository/Выполнение бизнес-плана/Закрыть оповещение' is clicked on

11-11-2024T10:45:22 - [MESSAGE][PASSED] - Object: 'Object Repository/Выполнение бизнес-плана/Закрыть оповещение' is clicked on

11-11-2024T10:45:22 - [TEST_STEP][PASSED] - click(findTestObject("Object Repository/Выполнение бизнес-плана/Фильтр Дата")): Object: 'Object Repository/Выполнение бизнес-плана/Фильтр Дата' is clicked on

11-11-2024T10:45:22 - [MESSAGE][PASSED] - Object: 'Object Repository/Выполнение бизнес-плана/Фильтр Дата' is clicked on

11-11-2024T10:45:22 - [TEST_STEP][PASSED] - click(findTestObject("Выполнение бизнес-плана/Снять выделение в фильтре Дата")): Object: 'Object Repository/Выполнение бизнес-плана/Снять выделение в фильтре Дата' is clicked on

11-11-2024T10:45:22 - [MESSAGE][PASSED] - Object: 'Object Repository/Выполнение бизнес-плана/Снять выделение в фильтре Дата' is clicked on

11-11-2024T10:45:22 - [TEST_STEP][PASSED] - click(findTestObject("Object Repository/Выполнение бизнес-плана/Применить в фильтре Дата")): Object: 'Object Repository/Выполнение бизнес-плана/Применить в фильтре Дата' is clicked on

11-11-2024T10:45:23 - [MESSAGE][PASSED] - Object: 'Object Repository/Выполнение бизнес-плана/Применить в фильтре Дата' is clicked on

11-11-2024T10:45:23 - [TEST_STEP][PASSED] - delay(65): Delayed 65 second(s)

11-11-2024T10:46:28 - [MESSAGE][PASSED] - Delayed 65 second(s)

11-11-2024T10:46:28 - [TEST_STEP][PASSED] - Script1686231490255.ZakrytOpoveshenie(): null

11-11-2024T10:46:28 - [TEST_STEP][PASSED] - opoveshenie = getText(findTestObject("Выполнение бизнес-плана/Просьба обратить внимание")): Text of object 'Object Repository/Выполнение бизнес-плана/Просьба обратить внимание' is: 'Просьба обратить внимание'

11-11-2024T10:46:29 - [MESSAGE][PASSED] - Text of object 'Object Repository/Выполнение бизнес-плана/Просьба обратить внимание' is: 'Просьба обратить внимание'

11-11-2024T10:46:29 - [TEST_STEP][PASSED] - println(opoveshenie): null

11-11-2024T10:46:29 - [TEST_STEP][PASSED] - if (opoveshenie == "Просьба обратить внимание"): Object: 'Object Repository/Выполнение бизнес-плана/Закрыть оповещение' is clicked on

11-11-2024T10:46:29 - [TEST_STEP][PASSED] - click(findTestObject("Выполнение бизнес-плана/Закрыть оповещение")): Object: 'Object Repository/Выполнение бизнес-плана/Закрыть оповещение' is clicked on

11-11-2024T10:46:29 - [MESSAGE][PASSED] - Object: 'Object Repository/Выполнение бизнес-плана/Закрыть оповещение' is clicked on

11-11-2024T10:46:29 - [TEST_STEP][PASSED] - click(findTestObject("Object Repository/Выполнение бизнес-плана/Фильтр Дата")): Object: 'Object Repository/Выполнение бизнес-плана/Фильтр Дата' is clicked on

11-11-2024T10:46:29 - [MESSAGE][PASSED] - Object: 'Object Repository/Выполнение бизнес-плана/Фильтр Дата' is clicked on

11-11-2024T10:46:29 - [TEST_STEP][PASSED] - scrollToElement(findTestObject("Выполнение бизнес-плана/2024 список"), 30): Scroll to object 'Object Repository/Выполнение бизнес-плана/2024 список' successfully

11-11-2024T10:46:30 - [MESSAGE][PASSED] - Scroll to object 'Object Repository/Выполнение бизнес-плана/2024 список' successfully

11-11-2024T10:46:30 - [TEST_STEP][PASSED] - click(findTestObject("Выполнение бизнес-плана/2024 список")): Object: 'Object Repository/Выполнение бизнес-плана/2024 список' is clicked on

11-11-2024T10:46:30 - [MESSAGE][PASSED] - Object: 'Object Repository/Выполнение бизнес-плана/2024 список' is clicked on

11-11-2024T10:46:30 - [TEST_STEP][PASSED] - scrollToElement(findTestObject("Выполнение бизнес-плана/4 квартал 2024 список"), 30): Scroll to object 'Object Repository/Выполнение бизнес-плана/4 квартал 2024 список' successfully

11-11-2024T10:46:31 - [MESSAGE][PASSED] - Scroll to object 'Object Repository/Выполнение бизнес-плана/4 квартал 2024 список' successfully

11-11-2024T10:46:31 - [TEST_STEP][PASSED] - scrollToElement(findTestObject("Выполнение бизнес-плана/Заголовок дашборда"), 30): Scroll to object 'Object Repository/Выполнение бизнес-плана/Заголовок дашборда' successfully

11-11-2024T10:46:31 - [MESSAGE][PASSED] - Scroll to object 'Object Repository/Выполнение бизнес-плана/Заголовок дашборда' successfully

11-11-2024T10:46:31 - [TEST_STEP][PASSED] - click(findTestObject("Выполнение бизнес-плана/1 квартал 2024 список")): Object: 'Object Repository/Выполнение бизнес-плана/1 квартал 2024 список' is clicked on

11-11-2024T10:46:31 - [MESSAGE][PASSED] - Object: 'Object Repository/Выполнение бизнес-плана/1 квартал 2024 список' is clicked on

11-11-2024T10:46:31 - [TEST_STEP][PASSED] - click(findTestObject("Выполнение бизнес-плана/Январь 2024")): Object: 'Object Repository/Выполнение бизнес-плана/Январь 2024' is clicked on

11-11-2024T10:46:32 - [MESSAGE][PASSED] - Object: 'Object Repository/Выполнение бизнес-плана/Январь 2024' is clicked on

11-11-2024T10:46:32 - [TEST_STEP][PASSED] - click(findTestObject("Выполнение бизнес-плана/Февраль 2024")): Object: 'Object Repository/Выполнение бизнес-плана/Февраль 2024' is clicked on

11-11-2024T10:46:32 - [MESSAGE][PASSED] - Object: 'Object Repository/Выполнение бизнес-плана/Февраль 2024' is clicked on

11-11-2024T10:46:32 - [TEST_STEP][PASSED] - click(findTestObject("Выполнение бизнес-плана/Март 2024")): Object: 'Object Repository/Выполнение бизнес-плана/Март 2024' is clicked on

11-11-2024T10:46:33 - [MESSAGE][PASSED] - Object: 'Object Repository/Выполнение бизнес-плана/Март 2024' is clicked on

11-11-2024T10:46:33 - [TEST_STEP][PASSED] - scrollToElement(findTestObject("Выполнение бизнес-плана/2 квартал 2024"), 30): Scroll to object 'Object Repository/Выполнение бизнес-плана/2 квартал 2024' successfully

11-11-2024T10:46:33 - [MESSAGE][PASSED] - Scroll to object 'Object Repository/Выполнение бизнес-плана/2 квартал 2024' successfully

11-11-2024T10:46:33 - [TEST_STEP][PASSED] - click(findTestObject("Выполнение бизнес-плана/2 квартал 2024")): Object: 'Object Repository/Выполнение бизнес-плана/2 квартал 2024' is clicked on

11-11-2024T10:46:33 - [MESSAGE][PASSED] - Object: 'Object Repository/Выполнение бизнес-плана/2 квартал 2024' is clicked on

11-11-2024T10:46:33 - [TEST_STEP][PASSED] - scrollToElement(findTestObject("Выполнение бизнес-плана/3 квартал 2024 список"), 30): Scroll to object 'Object Repository/Выполнение бизнес-плана/3 квартал 2024 список' successfully

11-11-2024T10:46:34 - [MESSAGE][PASSED] - Scroll to object 'Object Repository/Выполнение бизнес-плана/3 квартал 2024 список' successfully

11-11-2024T10:46:34 - [TEST_STEP][PASSED] - click(findTestObject("Выполнение бизнес-плана/3 квартал 2024"), CONTINUE_ON_FAILURE): Object: 'Object Repository/Выполнение бизнес-плана/3 квартал 2024' is clicked on

11-11-2024T10:46:34 - [MESSAGE][PASSED] - Object: 'Object Repository/Выполнение бизнес-плана/3 квартал 2024' is clicked on

11-11-2024T10:46:34 - [TEST_STEP][PASSED] - click(findTestObject("Object Repository/Выполнение бизнес-плана/Применить в фильтре Дата")): Object: 'Object Repository/Выполнение бизнес-плана/Применить в фильтре Дата' is clicked on

11-11-2024T10:46:35 - [MESSAGE][PASSED] - Object: 'Object Repository/Выполнение бизнес-плана/Применить в фильтре Дата' is clicked on

11-11-2024T10:46:35 - [TEST_STEP][PASSED] - scrollToElement(findTestObject("Выполнение бизнес-плана/Заголовок дашборда"), 30): Scroll to object 'Object Repository/Выполнение бизнес-плана/Заголовок дашборда' successfully

11-11-2024T10:47:05 - [MESSAGE][PASSED] - Scroll to object 'Object Repository/Выполнение бизнес-плана/Заголовок дашборда' successfully

11-11-2024T10:47:05 - [TEST_STEP][PASSED] - delay(65): Delayed 65 second(s)

11-11-2024T10:48:10 - [MESSAGE][PASSED] - Delayed 65 second(s)

11-11-2024T10:48:10 - [TEST_STEP][PASSED] - Script1686231490255.ZakrytOpoveshenie(): null

11-11-2024T10:48:10 - [TEST_STEP][PASSED] - opoveshenie = getText(findTestObject("Выполнение бизнес-плана/Просьба обратить внимание")): Text of object 'Object Repository/Выполнение бизнес-плана/Просьба обратить внимание' is: 'Просьба обратить внимание'

11-11-2024T10:48:11 - [MESSAGE][PASSED] - Text of object 'Object Repository/Выполнение бизнес-плана/Просьба обратить внимание' is: 'Просьба обратить внимание'

11-11-2024T10:48:11 - [TEST_STEP][PASSED] - println(opoveshenie): null

11-11-2024T10:48:11 - [TEST_STEP][PASSED] - if (opoveshenie == "Просьба обратить внимание"): Object: 'Object Repository/Выполнение бизнес-плана/Закрыть оповещение' is clicked on

11-11-2024T10:48:11 - [TEST_STEP][PASSED] - click(findTestObject("Выполнение бизнес-плана/Закрыть оповещение")): Object: 'Object Repository/Выполнение бизнес-плана/Закрыть оповещение' is clicked on

11-11-2024T10:48:11 - [MESSAGE][PASSED] - Object: 'Object Repository/Выполнение бизнес-плана/Закрыть оповещение' is clicked on

11-11-2024T10:48:11 - [TEST_STEP][PASSED] - click(findTestObject("Object Repository/Выполнение бизнес-плана/Фильтр ДЗО")): Object: 'Object Repository/Выполнение бизнес-плана/Фильтр ДЗО' is clicked on

11-11-2024T10:48:12 - [MESSAGE][PASSED] - Object: 'Object Repository/Выполнение бизнес-плана/Фильтр ДЗО' is clicked on

11-11-2024T10:48:12 - [TEST_STEP][PASSED] - click(findTestObject("Выполнение бизнес-плана/Снять выделение в фильтре ДЗО")): Object: 'Object Repository/Выполнение бизнес-плана/Снять выделение в фильтре ДЗО' is clicked on

11-11-2024T10:48:12 - [MESSAGE][PASSED] - Object: 'Object Repository/Выполнение бизнес-плана/Снять выделение в фильтре ДЗО' is clicked on

11-11-2024T10:48:12 - [TEST_STEP][PASSED] - click(findTestObject("Выполнение бизнес-плана/ПАО Россети")): Object: 'Object Repository/Выполнение бизнес-плана/ПАО Россети' is clicked on

11-11-2024T10:48:12 - [MESSAGE][PASSED] - Object: 'Object Repository/Выполнение бизнес-плана/ПАО Россети' is clicked on

11-11-2024T10:48:12 - [TEST_STEP][PASSED] - click(findTestObject("Object Repository/Выполнение бизнес-плана/Применить в фильтре ДЗО")): Object: 'Object Repository/Выполнение бизнес-плана/Применить в фильтре ДЗО' is clicked on

11-11-2024T10:48:13 - [MESSAGE][PASSED] - Object: 'Object Repository/Выполнение бизнес-плана/Применить в фильтре ДЗО' is clicked on

11-11-2024T10:48:13 - [TEST_STEP][PASSED] - delay(65): Delayed 65 second(s)

11-11-2024T10:49:18 - [MESSAGE][PASSED] - Delayed 65 second(s)

11-11-2024T10:49:18 - [TEST_STEP][PASSED] - if (run == 1): null

11-11-2024T10:49:18 - [TEST_STEP][PASSED] - user = "админ": null

11-11-2024T10:49:18 - [TEST_STEP][PASSED] - a1 = getText(findTestObject("Выполнение бизнес-плана/Проценты")): Text of object 'Object Repository/Выполнение бизнес-плана/Проценты' is: '%
5.29 5.29
5.26 5.26
План
Факт
1
100'

11-11-2024T10:49:19 - [MESSAGE][PASSED] - Text of object 'Object Repository/Выполнение бизнес-плана/Проценты' is: '%
5.29 5.29
5.26 5.26
План
Факт
1
100'

11-11-2024T10:49:19 - [TEST_STEP][PASSED] - a2 = getText(findTestObject("Выполнение бизнес-плана/vidget 2")): Text of object 'Object Repository/Выполнение бизнес-плана/vidget 2' is: 'АО «Тываэнерго»
АО «Чеченэнерго»
Россети Северный Кавказ
Россети Сибирь
Россети Тюмень
Россети Центр (ГК)
Россети Центр и Приволжье (ГК)
0
10
20
30
40
50
60
70'

11-11-2024T10:49:19 - [MESSAGE][PASSED] - Text of object 'Object Repository/Выполнение бизнес-плана/vidget 2' is: 'АО «Тываэнерго»
АО «Чеченэнерго»
Россети Северный Кавказ
Россети Сибирь
Россети Тюмень
Россети Центр (ГК)
Россети Центр и Приволжье (ГК)
0
10
20
30
40
50
60
70'

11-11-2024T10:49:19 - [TEST_STEP][PASSED] - a3 = getText(findTestObject("Выполнение бизнес-плана/table")): Text of object 'Object Repository/Выполнение бизнес-плана/table' is: ''

11-11-2024T10:49:19 - [MESSAGE][PASSED] - Text of object 'Object Repository/Выполнение бизнес-плана/table' is: ''

11-11-2024T10:49:19 - [TEST_STEP][PASSED] - a4 = getText(findTestObject("Выполнение бизнес-плана/Список ДЗО")): Text of object 'Object Repository/Выполнение бизнес-плана/Список ДЗО' is: '-0.07
3.72
3.86
-0.05
0.09
-0.51
-0.25
АО «Тываэнерго»
АО «Чеченэнерго»
Россети Северный Кавказ
Россети Сибирь
Россети Тюмень
Россети Центр (ГК)
Россети Центр и Приволжье (ГК)
-1
0
1
2
3
4
5
6
7'

11-11-2024T10:49:20 - [MESSAGE][PASSED] - Text of object 'Object Repository/Выполнение бизнес-плана/Список ДЗО' is: '-0.07
3.72
3.86
-0.05
0.09
-0.51
-0.25
АО «Тываэнерго»
АО «Чеченэнерго»
Россети Северный Кавказ
Россети Сибирь
Россети Тюмень
Россети Центр (ГК)
Россети Центр и Приволжье (ГК)
-1
0
1
2
3
4
5
6
7'

11-11-2024T10:49:20 - [TEST_STEP][PASSED] - a5 = getText(findTestObject("Выполнение бизнес-плана/svg1")): Text of object 'Object Repository/Выполнение бизнес-плана/svg1' is: '%
5.29 5.29
5.26 5.26
План
Факт
1
100'

11-11-2024T10:49:20 - [MESSAGE][PASSED] - Text of object 'Object Repository/Выполнение бизнес-плана/svg1' is: '%
5.29 5.29
5.26 5.26
План
Факт
1
100'

11-11-2024T10:49:20 - [TEST_STEP][PASSED] - a6 = getText(findTestObject("Выполнение бизнес-плана/svg2")): Text of object 'Object Repository/Выполнение бизнес-плана/svg2' is: 'п.п.
0.05
Итого
0
0.02
0.04
0.06'

11-11-2024T10:49:20 - [MESSAGE][PASSED] - Text of object 'Object Repository/Выполнение бизнес-плана/svg2' is: 'п.п.
0.05
Итого
0
0.02
0.04
0.06'

11-11-2024T10:49:20 - [TEST_STEP][PASSED] - a7 = getText(findTestObject("Выполнение бизнес-плана/Значения со страницы Выполнение бизнес-плана/Факт Отпуск в сеть за отчётный период ПАО Россети")): Text of object 'Object Repository/Выполнение бизнес-плана/Значения со страницы Выполнение бизнес-плана/Факт Отпуск в сеть за отчётный период ПАО Россети' is: '192 146 383'

11-11-2024T10:49:21 - [MESSAGE][PASSED] - Text of object 'Object Repository/Выполнение бизнес-плана/Значения со страницы Выполнение бизнес-плана/Факт Отпуск в сеть за отчётный период ПАО Россети' is: '192 146 383'

11-11-2024T10:49:21 - [TEST_STEP][PASSED] - a8 = getText(findTestObject("Выполнение бизнес-плана/Значения со страницы Выполнение бизнес-плана/Факт Отпуск из сети за отчётный период ПАО Россети")): Text of object 'Object Repository/Выполнение бизнес-плана/Значения со страницы Выполнение бизнес-плана/Факт Отпуск из сети за отчётный период ПАО Россети' is: '174 962 090'

11-11-2024T10:49:21 - [MESSAGE][PASSED] - Text of object 'Object Repository/Выполнение бизнес-плана/Значения со страницы Выполнение бизнес-плана/Факт Отпуск из сети за отчётный период ПАО Россети' is: '174 962 090'

11-11-2024T10:49:21 - [TEST_STEP][PASSED] - a9 = getText(findTestObject("Выполнение бизнес-плана/Значения со страницы Выполнение бизнес-плана/Факт Потери за отчётный период ПАО Россети")): Text of object 'Object Repository/Выполнение бизнес-плана/Значения со страницы Выполнение бизнес-плана/Факт Потери за отчётный период ПАО Россети' is: '17 184 293'

11-11-2024T10:49:21 - [MESSAGE][PASSED] - Text of object 'Object Repository/Выполнение бизнес-плана/Значения со страницы Выполнение бизнес-плана/Факт Потери за отчётный период ПАО Россети' is: '17 184 293'

11-11-2024T10:49:21 - [TEST_STEP][PASSED] - Script1686231490255.WriteToExcel(user, dashboardName, n, data, run, a1, a2, a3, a4, a5, a6, a7, a8, a9): null

11-11-2024T10:49:21 - [TEST_STEP][PASSED] - sheetName = "Sheet1": null

11-11-2024T10:49:21 - [TEST_STEP][PASSED] - workbook01 = getWorkbook(excelFilePath): null

11-11-2024T10:49:21 - [TEST_STEP][PASSED] - sheet01 = getExcelSheet(workbook01, sheetName): null

11-11-2024T10:49:21 - [TEST_STEP][PASSED] - setValueToCellByIndex(sheet01, n, 0, dashboardName): null

11-11-2024T10:49:21 - [TEST_STEP][PASSED] - setValueToCellByIndex(sheet01, n, 10, user): null

11-11-2024T10:49:21 - [TEST_STEP][PASSED] - setValueToCellByIndex(sheet01, n, 1, a1): null

11-11-2024T10:49:21 - [TEST_STEP][PASSED] - setValueToCellByIndex(sheet01, n, 2, a2): null

11-11-2024T10:49:21 - [TEST_STEP][PASSED] - setValueToCellByIndex(sheet01, n, 3, a3): null

11-11-2024T10:49:21 - [TEST_STEP][PASSED] - setValueToCellByIndex(sheet01, n, 4, a4): null

11-11-2024T10:49:21 - [TEST_STEP][PASSED] - setValueToCellByIndex(sheet01, n, 5, a5): null

11-11-2024T10:49:21 - [TEST_STEP][PASSED] - setValueToCellByIndex(sheet01, n, 6, a6): null

11-11-2024T10:49:21 - [TEST_STEP][PASSED] - setValueToCellByIndex(sheet01, n, 7, a7): null

11-11-2024T10:49:21 - [TEST_STEP][PASSED] - setValueToCellByIndex(sheet01, n, 8, a8): null

11-11-2024T10:49:21 - [TEST_STEP][PASSED] - setValueToCellByIndex(sheet01, n, 9, a9): null

11-11-2024T10:49:21 - [TEST_STEP][PASSED] - n = n + 1: null

11-11-2024T10:49:21 - [TEST_STEP][PASSED] - saveWorkbook(excelFilePath, workbook01): null

11-11-2024T10:49:22 - [TEST_STEP][PASSED] - if (run == 2): null

11-11-2024T10:49:22 - [TEST_STEP][PASSED] - if (run == 3): null

11-11-2024T10:49:22 - [TEST_STEP][PASSED] - closeBrowser(): null

11-11-2024T10:49:22 - [MESSAGE][PASSED] - Browser is closed

11-11-2024T10:49:22 - [TEST_STEP][PASSED] - VipolnenieBiznesPlana(user, dashboardName, n, data, run, a1, a2, a3, a4, a5, a6, a7, a8, a9, urlData): null

11-11-2024T10:49:22 - [TEST_STEP][PASSED] - n = data.getRowNumbers() + 1: null

11-11-2024T10:49:22 - [TEST_STEP][PASSED] - println(n): null

11-11-2024T10:49:22 - [TEST_STEP][PASSED] - dashboardName = "Выполнение бизнес-плана": null

11-11-2024T10:49:22 - [TEST_STEP][PASSED] - openBrowser(""): Browser is opened with url: ''

11-11-2024T10:49:22 - [MESSAGE][INFO] - Starting 'Chrome' driver

11-11-2024T10:49:22 - [MESSAGE][INFO] - Action delay is set to 0 milliseconds

11-11-2024T10:49:23 - [MESSAGE][PASSED] - Browser is opened with url: ''

11-11-2024T10:49:23 - [TEST_STEP][PASSED] - urlData = 1: null

11-11-2024T10:49:23 - [TEST_STEP][PASSED] - Script1686231490255.CheckPageDownload(urlData, run): null

11-11-2024T10:49:23 - [TEST_STEP][PASSED] - i = 1: null

11-11-2024T10:49:23 - [TEST_STEP][PASSED] - ii = 0: null

11-11-2024T10:49:23 - [TEST_STEP][PASSED] - urlText = <not implemented yet for class: org.codehaus.groovy.ast.expr.EmptyExpression>: null

11-11-2024T10:49:23 - [TEST_STEP][PASSED] - searchWord = <not implemented yet for class: org.codehaus.groovy.ast.expr.EmptyExpression>: null

11-11-2024T10:49:23 - [TEST_STEP][PASSED] - deleteAllCookies(): Delete all cookies successfully

11-11-2024T10:49:23 - [MESSAGE][PASSED] - Delete all cookies successfully

11-11-2024T10:49:23 - [TEST_STEP][PASSED] - refresh(): Refresh successfully

11-11-2024T10:49:23 - [MESSAGE][PASSED] - Refresh successfully

11-11-2024T10:49:23 - [TEST_STEP][PASSED] - delay(65): Delayed 65 second(s)

11-11-2024T10:50:28 - [MESSAGE][PASSED] - Delayed 65 second(s)

11-11-2024T10:50:28 - [TEST_STEP][PASSED] - navigateToUrl(findTestData("PlanFact").getValue(10, urlData)): Navigate to 'https://bi.rosseti.digital/viewer?dashboardGuid=d154a8eaf6824e2b9de1bb04dd061c18&sheetGuid=1305e8ce744049e1abdacea1ea397a26&fit=true' successfully

11-11-2024T10:50:37 - [MESSAGE][PASSED] - Navigate to 'https://bi.rosseti.digital/viewer?dashboardGuid=d154a8eaf6824e2b9de1bb04dd061c18&sheetGuid=1305e8ce744049e1abdacea1ea397a26&fit=true' successfully

11-11-2024T10:50:37 - [TEST_STEP][PASSED] - pageLoaded1 = verifyElementPresent(findTestObject("Страница авторизации/Text"), 30): Object 'Object Repository/Страница авторизации/Text' is present

11-11-2024T10:50:37 - [MESSAGE][PASSED] - Object 'Object Repository/Страница авторизации/Text' is present

11-11-2024T10:50:37 - [TEST_STEP][PASSED] - if (pageLoaded1 == false): null

11-11-2024T10:50:37 - [TEST_STEP][PASSED] - urlText = getText(findTestObject("Страница авторизации/Text")): Text of object 'Object Repository/Страница авторизации/Text' is: 'Вход'

11-11-2024T10:50:37 - [MESSAGE][PASSED] - Text of object 'Object Repository/Страница авторизации/Text' is: 'Вход'

11-11-2024T10:50:37 - [TEST_STEP][PASSED] - delay(65): Delayed 65 second(s)

11-11-2024T10:51:42 - [MESSAGE][PASSED] - Delayed 65 second(s)

11-11-2024T10:51:42 - [TEST_STEP][PASSED] - searchWord = "Вход": null

11-11-2024T10:51:42 - [TEST_STEP][PASSED] - if (urlText.contains(searchWord) == false): null

11-11-2024T10:51:42 - [TEST_STEP][PASSED] - setText(findTestObject("Страница авторизации/input__username"), findTestData("PlanFact").getValue(8, run)): Text 'Andreeva-EV' is set on object 'Object Repository/Страница авторизации/input__username'

11-11-2024T10:51:43 - [MESSAGE][PASSED] - Text 'Andreeva-EV' is set on object 'Object Repository/Страница авторизации/input__username'

11-11-2024T10:51:43 - [TEST_STEP][PASSED] - setText(findTestObject("Страница авторизации/input__password"), findTestData("PlanFact").getValue(9, run)): Text '2nPePKDwCPH3ul7xMZ' is set on object 'Object Repository/Страница авторизации/input__password'

11-11-2024T10:51:44 - [MESSAGE][PASSED] - Text '2nPePKDwCPH3ul7xMZ' is set on object 'Object Repository/Страница авторизации/input__password'

11-11-2024T10:51:44 - [TEST_STEP][PASSED] - click(findTestObject("Страница авторизации/button_")): Object: 'Object Repository/Страница авторизации/button_' is clicked on

11-11-2024T10:51:47 - [MESSAGE][PASSED] - Object: 'Object Repository/Страница авторизации/button_' is clicked on

11-11-2024T10:51:47 - [TEST_STEP][PASSED] - delay(65): Delayed 65 second(s)

11-11-2024T10:52:52 - [MESSAGE][PASSED] - Delayed 65 second(s)

11-11-2024T10:52:52 - [TEST_STEP][PASSED] - searchWord = "а": null

11-11-2024T10:52:52 - [TEST_STEP][PASSED] - pageLoaded2 = verifyElementPresent(findTestObject("Страница авторизации/Text"), 50): Object 'Object Repository/Страница авторизации/Text' is present

11-11-2024T10:53:15 - [MESSAGE][PASSED] - Object 'Object Repository/Страница авторизации/Text' is present

11-11-2024T10:53:15 - [TEST_STEP][PASSED] - if (pageLoaded2 == false): null

11-11-2024T10:53:15 - [TEST_STEP][PASSED] - urlText = getText(findTestObject("Страница авторизации/Text")): Text of object 'Object Repository/Страница авторизации/Text' is: 'ДЗО 
Все
Период
1, 2, 3 кв. 2024 года
Отклонения фактического уровня потерь от бизнес-плана, п.п.
-0.07
3.72
3.86
-0.05
0.09
-0.51
-0.25
АО «Тываэнерго»
АО «Чеченэнерго»
Россети Северный Кавказ
Россети Сибирь
Россети Тюмень
Россети Центр (ГК)
Россети Центр и Приволжье (ГК)
-1
0
1
2
3
4
5
6
7

Уровень потерь электроэнергии
АО «Тываэнерго»
АО «Чеченэнерго»
Россети Северный Кавказ
Россети Сибирь
Россети Тюмень
Россети Центр (ГК)
Россети Центр и Приволжье (ГК)
0
10
20
30
40
50
60
70
21.03
|
32.87
23.77
6.97
|
2.51
9.98
|
6.88
|
20.96
36.59
|
27.64
|
6.92
2.60
|
9.48
6.63
п.п.
0.05
Итого
0
0.02
0.04
0.06
%
5.29 5.29
5.26 5.26
План
Факт
1
100

● Бизнес-план выполнен● ●● Превышение бизнес-плана
Отклонения фактического уровня потерь от бизнес-плана за 3 месяца (нарастающим итогом), п.п.
0.10.1
3.73.7
3.83.8
-0.1-0.1
0.10.1
-0.5-0.5
-0.2-0.2
-0.0-0.0
4.14.1
4.04.0
-0.1-0.1
0.10.1
-0.4-0.4
-0.2-0.2
-0.1-0.1
3.73.7
3.93.9
-0.0-0.0
0.10.1
-0.5-0.5
-0.2-0.2
Россети ФСКЕЭС
АО«Тываэнерго»
АО«Чеченэнерго»
Россети Волга
РоссетиКубань
РоссетиЛенэнерго (ГК)
РоссетиМосковскийрегион
РоссетиСеверныйКавказ (ГК)
Россети Северо-Запад
Россети Сибирь(ГК)
Россети Томск
Россети Тюмень
Россети Урал(ГК)
Россети Центр
Россети Центр иПриволжье (ГК)
Россети Юг (Г…
РоссетиЯнтарь
0
-5
5
п.п.
Отклонения фактического уровня потерь от бизнес-плана за 3 месяца (нарастающим итогом)
-0.2-0.2
-0.4-0.4
0.10.1
-0.1-0.1
-0.3-0.3
4.14.1
-1.9-1.9
-0.2-0.2
-0.5-0.5
-0.1-0.1
0.40.4
-0.7-0.7
-0.4-0.4
7.97.9
0.10.1
13.113.1
-0.2-0.2
-0.3-0.3
-0.0-0.0
0.20.2
-0.1-0.1
4.24.2
-1.7-1.7
-0.1-0.1
-0.3-0.3
-0.1-0.1
0.30.3
-0.7-0.7
-0.4-0.4
8.48.4
0.20.2
13.213.2
-0.2-0.2
-0.3-0.3
-0.1-0.1
-0.5-0.5
-0.3-0.3
3.83.8
-1.8-1.8
-0.1-0.1
-0.3-0.3
-0.2-0.2
0.40.4
-0.7-0.7
-0.4-0.4
8.08.0
0.30.3
13.213.2
Итого по ФСК ЕЭС
Каббалкэнерго
Калмэнерго
Калугаэнерго
АО "Кинешемская электросеть"
АО "Тываэнерго"
АО «ВМЭС»
АО «Воронежская горэлектросеть»
АО «Тульские городские электрические сети»
АО «Чеченэнерго»
АО «Ярославская электросетевая компания»
АО ЕЭСК
Алтайэнерго
Архангельский филиал
Астраханьэнерго
Белгородэнерго
Брянскэнерго
Бурятэнерго
Владимирэнерго
Волгоградэнерго
Вологодский филиал
Воронежэнерго
Дагэнерго
Ивэнерго
Ингушэнерго
-5
15

Статус данных
Просьба обратить внимание
— все данные не занесены
Факт
План
Итого – Факт
Отпуск в сеть 192 146 383
Отпуск из сети 174 962 090
Потери 17 184 293
Итого – План
Отпуск в сеть 187 410 759
Отпуск из сети 171 357 921
Потери 16 052 838
Выполнение бизнес-плана в части показателя «Уровень потерь электроэнергии»
Показатели баланса электроэнергии по ДЗО – Факт 
572 217 3 034 612 17 266 464 46 928 172 39 079 081 44 371 600 40 894 236
452 291 1 924 288 12 494 824 43 678 766 38 062 639 40 166 359 38 182 923
119 926 1 110 325 4 771 641 3 249 406 1 016 442 4 205 240 2 711 313
Показатели баланса электроэнергии по ДЗО – План
544 127 2 822 152 16 209 599 44 875 501 40 452 567 43 055 315 39 451 497
429 681 1 894 447 12 356 339 41 746 891 39 436 282 38 756 246 36 738 034
114 446 927 705 3 853 260 3 128 610 1 016 285 4 299 069 2 713 463'

11-11-2024T10:53:16 - [MESSAGE][PASSED] - Text of object 'Object Repository/Страница авторизации/Text' is: 'ДЗО 
Все
Период
1, 2, 3 кв. 2024 года
Отклонения фактического уровня потерь от бизнес-плана, п.п.
-0.07
3.72
3.86
-0.05
0.09
-0.51
-0.25
АО «Тываэнерго»
АО «Чеченэнерго»
Россети Северный Кавказ
Россети Сибирь
Россети Тюмень
Россети Центр (ГК)
Россети Центр и Приволжье (ГК)
-1
0
1
2
3
4
5
6
7

Уровень потерь электроэнергии
АО «Тываэнерго»
АО «Чеченэнерго»
Россети Северный Кавказ
Россети Сибирь
Россети Тюмень
Россети Центр (ГК)
Россети Центр и Приволжье (ГК)
0
10
20
30
40
50
60
70
21.03
|
32.87
23.77
6.97
|
2.51
9.98
|
6.88
|
20.96
36.59
|
27.64
|
6.92
2.60
|
9.48
6.63
п.п.
0.05
Итого
0
0.02
0.04
0.06
%
5.29 5.29
5.26 5.26
План
Факт
1
100

● Бизнес-план выполнен● ●● Превышение бизнес-плана
Отклонения фактического уровня потерь от бизнес-плана за 3 месяца (нарастающим итогом), п.п.
0.10.1
3.73.7
3.83.8
-0.1-0.1
0.10.1
-0.5-0.5
-0.2-0.2
-0.0-0.0
4.14.1
4.04.0
-0.1-0.1
0.10.1
-0.4-0.4
-0.2-0.2
-0.1-0.1
3.73.7
3.93.9
-0.0-0.0
0.10.1
-0.5-0.5
-0.2-0.2
Россети ФСКЕЭС
АО«Тываэнерго»
АО«Чеченэнерго»
Россети Волга
РоссетиКубань
РоссетиЛенэнерго (ГК)
РоссетиМосковскийрегион
РоссетиСеверныйКавказ (ГК)
Россети Северо-Запад
Россети Сибирь(ГК)
Россети Томск
Россети Тюмень
Россети Урал(ГК)
Россети Центр
Россети Центр иПриволжье (ГК)
Россети Юг (Г…
РоссетиЯнтарь
0
-5
5
п.п.
Отклонения фактического уровня потерь от бизнес-плана за 3 месяца (нарастающим итогом)
-0.2-0.2
-0.4-0.4
0.10.1
-0.1-0.1
-0.3-0.3
4.14.1
-1.9-1.9
-0.2-0.2
-0.5-0.5
-0.1-0.1
0.40.4
-0.7-0.7
-0.4-0.4
7.97.9
0.10.1
13.113.1
-0.2-0.2
-0.3-0.3
-0.0-0.0
0.20.2
-0.1-0.1
4.24.2
-1.7-1.7
-0.1-0.1
-0.3-0.3
-0.1-0.1
0.30.3
-0.7-0.7
-0.4-0.4
8.48.4
0.20.2
13.213.2
-0.2-0.2
-0.3-0.3
-0.1-0.1
-0.5-0.5
-0.3-0.3
3.83.8
-1.8-1.8
-0.1-0.1
-0.3-0.3
-0.2-0.2
0.40.4
-0.7-0.7
-0.4-0.4
8.08.0
0.30.3
13.213.2
Итого по ФСК ЕЭС
Каббалкэнерго
Калмэнерго
Калугаэнерго
АО "Кинешемская электросеть"
АО "Тываэнерго"
АО «ВМЭС»
АО «Воронежская горэлектросеть»
АО «Тульские городские электрические сети»
АО «Чеченэнерго»
АО «Ярославская электросетевая компания»
АО ЕЭСК
Алтайэнерго
Архангельский филиал
Астраханьэнерго
Белгородэнерго
Брянскэнерго
Бурятэнерго
Владимирэнерго
Волгоградэнерго
Вологодский филиал
Воронежэнерго
Дагэнерго
Ивэнерго
Ингушэнерго
-5
15

Статус данных
Просьба обратить внимание
— все данные не занесены
Факт
План
Итого – Факт
Отпуск в сеть 192 146 383
Отпуск из сети 174 962 090
Потери 17 184 293
Итого – План
Отпуск в сеть 187 410 759
Отпуск из сети 171 357 921
Потери 16 052 838
Выполнение бизнес-плана в части показателя «Уровень потерь электроэнергии»
Показатели баланса электроэнергии по ДЗО – Факт 
572 217 3 034 612 17 266 464 46 928 172 39 079 081 44 371 600 40 894 236
452 291 1 924 288 12 494 824 43 678 766 38 062 639 40 166 359 38 182 923
119 926 1 110 325 4 771 641 3 249 406 1 016 442 4 205 240 2 711 313
Показатели баланса электроэнергии по ДЗО – План
544 127 2 822 152 16 209 599 44 875 501 40 452 567 43 055 315 39 451 497
429 681 1 894 447 12 356 339 41 746 891 39 436 282 38 756 246 36 738 034
114 446 927 705 3 853 260 3 128 610 1 016 285 4 299 069 2 713 463'

11-11-2024T10:53:16 - [TEST_STEP][PASSED] - if (urlText.contains("ошибка") || urlText.contains(searchWord) == false): null

11-11-2024T10:53:16 - [TEST_STEP][PASSED] - Script1686231490255.ZakrytOpoveshenie(): null

11-11-2024T10:53:16 - [TEST_STEP][PASSED] - opoveshenie = getText(findTestObject("Выполнение бизнес-плана/Просьба обратить внимание")): Text of object 'Object Repository/Выполнение бизнес-плана/Просьба обратить внимание' is: 'Просьба обратить внимание'

11-11-2024T10:53:17 - [MESSAGE][PASSED] - Text of object 'Object Repository/Выполнение бизнес-плана/Просьба обратить внимание' is: 'Просьба обратить внимание'

11-11-2024T10:53:17 - [TEST_STEP][PASSED] - println(opoveshenie): null

11-11-2024T10:53:17 - [TEST_STEP][PASSED] - if (opoveshenie == "Просьба обратить внимание"): Object: 'Object Repository/Выполнение бизнес-плана/Закрыть оповещение' is clicked on

11-11-2024T10:53:17 - [TEST_STEP][PASSED] - click(findTestObject("Выполнение бизнес-плана/Закрыть оповещение")): Object: 'Object Repository/Выполнение бизнес-плана/Закрыть оповещение' is clicked on

11-11-2024T10:53:17 - [MESSAGE][PASSED] - Object: 'Object Repository/Выполнение бизнес-плана/Закрыть оповещение' is clicked on

11-11-2024T10:53:17 - [TEST_STEP][PASSED] - click(findTestObject("Object Repository/Выполнение бизнес-плана/Фильтр Дата")): Object: 'Object Repository/Выполнение бизнес-плана/Фильтр Дата' is clicked on

11-11-2024T10:53:17 - [MESSAGE][PASSED] - Object: 'Object Repository/Выполнение бизнес-плана/Фильтр Дата' is clicked on

11-11-2024T10:53:17 - [TEST_STEP][PASSED] - click(findTestObject("Выполнение бизнес-плана/Снять выделение в фильтре Дата")): Object: 'Object Repository/Выполнение бизнес-плана/Снять выделение в фильтре Дата' is clicked on

11-11-2024T10:53:18 - [MESSAGE][PASSED] - Object: 'Object Repository/Выполнение бизнес-плана/Снять выделение в фильтре Дата' is clicked on

11-11-2024T10:53:18 - [TEST_STEP][PASSED] - click(findTestObject("Object Repository/Выполнение бизнес-плана/Применить в фильтре Дата")): Object: 'Object Repository/Выполнение бизнес-плана/Применить в фильтре Дата' is clicked on

11-11-2024T10:53:19 - [MESSAGE][PASSED] - Object: 'Object Repository/Выполнение бизнес-плана/Применить в фильтре Дата' is clicked on

11-11-2024T10:53:19 - [TEST_STEP][PASSED] - delay(65): Delayed 65 second(s)

11-11-2024T10:54:24 - [MESSAGE][PASSED] - Delayed 65 second(s)

11-11-2024T10:54:24 - [TEST_STEP][PASSED] - Script1686231490255.ZakrytOpoveshenie(): null

11-11-2024T10:54:24 - [TEST_STEP][PASSED] - opoveshenie = getText(findTestObject("Выполнение бизнес-плана/Просьба обратить внимание")): Text of object 'Object Repository/Выполнение бизнес-плана/Просьба обратить внимание' is: 'Просьба обратить внимание'

11-11-2024T10:54:24 - [MESSAGE][PASSED] - Text of object 'Object Repository/Выполнение бизнес-плана/Просьба обратить внимание' is: 'Просьба обратить внимание'

11-11-2024T10:54:24 - [TEST_STEP][PASSED] - println(opoveshenie): null

11-11-2024T10:54:24 - [TEST_STEP][PASSED] - if (opoveshenie == "Просьба обратить внимание"): Object: 'Object Repository/Выполнение бизнес-плана/Закрыть оповещение' is clicked on

11-11-2024T10:54:24 - [TEST_STEP][PASSED] - click(findTestObject("Выполнение бизнес-плана/Закрыть оповещение")): Object: 'Object Repository/Выполнение бизнес-плана/Закрыть оповещение' is clicked on

11-11-2024T10:54:24 - [MESSAGE][PASSED] - Object: 'Object Repository/Выполнение бизнес-плана/Закрыть оповещение' is clicked on

11-11-2024T10:54:24 - [TEST_STEP][PASSED] - click(findTestObject("Object Repository/Выполнение бизнес-плана/Фильтр Дата")): Object: 'Object Repository/Выполнение бизнес-плана/Фильтр Дата' is clicked on

11-11-2024T10:54:25 - [MESSAGE][PASSED] - Object: 'Object Repository/Выполнение бизнес-плана/Фильтр Дата' is clicked on

11-11-2024T10:54:25 - [TEST_STEP][PASSED] - scrollToElement(findTestObject("Выполнение бизнес-плана/2024 список"), 30): Scroll to object 'Object Repository/Выполнение бизнес-плана/2024 список' successfully

11-11-2024T10:54:25 - [MESSAGE][PASSED] - Scroll to object 'Object Repository/Выполнение бизнес-плана/2024 список' successfully

11-11-2024T10:54:25 - [TEST_STEP][PASSED] - click(findTestObject("Выполнение бизнес-плана/2024 список")): Object: 'Object Repository/Выполнение бизнес-плана/2024 список' is clicked on

11-11-2024T10:54:25 - [MESSAGE][PASSED] - Object: 'Object Repository/Выполнение бизнес-плана/2024 список' is clicked on

11-11-2024T10:54:25 - [TEST_STEP][PASSED] - scrollToElement(findTestObject("Выполнение бизнес-плана/4 квартал 2024 список"), 30): Scroll to object 'Object Repository/Выполнение бизнес-плана/4 квартал 2024 список' successfully

11-11-2024T10:54:26 - [MESSAGE][PASSED] - Scroll to object 'Object Repository/Выполнение бизнес-плана/4 квартал 2024 список' successfully

11-11-2024T10:54:26 - [TEST_STEP][PASSED] - scrollToElement(findTestObject("Выполнение бизнес-плана/Заголовок дашборда"), 30): Scroll to object 'Object Repository/Выполнение бизнес-плана/Заголовок дашборда' successfully

11-11-2024T10:54:26 - [MESSAGE][PASSED] - Scroll to object 'Object Repository/Выполнение бизнес-плана/Заголовок дашборда' successfully

11-11-2024T10:54:26 - [TEST_STEP][PASSED] - click(findTestObject("Выполнение бизнес-плана/1 квартал 2024 список")): Object: 'Object Repository/Выполнение бизнес-плана/1 квартал 2024 список' is clicked on

11-11-2024T10:54:27 - [MESSAGE][PASSED] - Object: 'Object Repository/Выполнение бизнес-плана/1 квартал 2024 список' is clicked on

11-11-2024T10:54:27 - [TEST_STEP][PASSED] - click(findTestObject("Выполнение бизнес-плана/Январь 2024")): Object: 'Object Repository/Выполнение бизнес-плана/Январь 2024' is clicked on

11-11-2024T10:54:27 - [MESSAGE][PASSED] - Object: 'Object Repository/Выполнение бизнес-плана/Январь 2024' is clicked on

11-11-2024T10:54:27 - [TEST_STEP][PASSED] - click(findTestObject("Выполнение бизнес-плана/Февраль 2024")): Object: 'Object Repository/Выполнение бизнес-плана/Февраль 2024' is clicked on

11-11-2024T10:54:27 - [MESSAGE][PASSED] - Object: 'Object Repository/Выполнение бизнес-плана/Февраль 2024' is clicked on

11-11-2024T10:54:27 - [TEST_STEP][PASSED] - click(findTestObject("Выполнение бизнес-плана/Март 2024")): Object: 'Object Repository/Выполнение бизнес-плана/Март 2024' is clicked on

11-11-2024T10:54:28 - [MESSAGE][PASSED] - Object: 'Object Repository/Выполнение бизнес-плана/Март 2024' is clicked on

11-11-2024T10:54:28 - [TEST_STEP][PASSED] - scrollToElement(findTestObject("Выполнение бизнес-плана/2 квартал 2024"), 30): Scroll to object 'Object Repository/Выполнение бизнес-плана/2 квартал 2024' successfully

11-11-2024T10:54:28 - [MESSAGE][PASSED] - Scroll to object 'Object Repository/Выполнение бизнес-плана/2 квартал 2024' successfully

11-11-2024T10:54:28 - [TEST_STEP][PASSED] - click(findTestObject("Выполнение бизнес-плана/2 квартал 2024")): Object: 'Object Repository/Выполнение бизнес-плана/2 квартал 2024' is clicked on

11-11-2024T10:54:29 - [MESSAGE][PASSED] - Object: 'Object Repository/Выполнение бизнес-плана/2 квартал 2024' is clicked on

11-11-2024T10:54:29 - [TEST_STEP][PASSED] - scrollToElement(findTestObject("Выполнение бизнес-плана/3 квартал 2024 список"), 30): Scroll to object 'Object Repository/Выполнение бизнес-плана/3 квартал 2024 список' successfully

11-11-2024T10:54:29 - [MESSAGE][PASSED] - Scroll to object 'Object Repository/Выполнение бизнес-плана/3 квартал 2024 список' successfully

11-11-2024T10:54:29 - [TEST_STEP][PASSED] - click(findTestObject("Выполнение бизнес-плана/3 квартал 2024"), CONTINUE_ON_FAILURE): Object: 'Object Repository/Выполнение бизнес-плана/3 квартал 2024' is clicked on

11-11-2024T10:54:30 - [MESSAGE][PASSED] - Object: 'Object Repository/Выполнение бизнес-плана/3 квартал 2024' is clicked on

11-11-2024T10:54:30 - [TEST_STEP][PASSED] - click(findTestObject("Object Repository/Выполнение бизнес-плана/Применить в фильтре Дата")): Object: 'Object Repository/Выполнение бизнес-плана/Применить в фильтре Дата' is clicked on

11-11-2024T10:54:31 - [MESSAGE][PASSED] - Object: 'Object Repository/Выполнение бизнес-плана/Применить в фильтре Дата' is clicked on

11-11-2024T10:54:31 - [TEST_STEP][PASSED] - scrollToElement(findTestObject("Выполнение бизнес-плана/Заголовок дашборда"), 30): Scroll to object 'Object Repository/Выполнение бизнес-плана/Заголовок дашборда' successfully

11-11-2024T10:55:01 - [MESSAGE][PASSED] - Scroll to object 'Object Repository/Выполнение бизнес-плана/Заголовок дашборда' successfully

11-11-2024T10:55:01 - [TEST_STEP][PASSED] - delay(65): Delayed 65 second(s)

11-11-2024T10:56:06 - [MESSAGE][PASSED] - Delayed 65 second(s)

11-11-2024T10:56:06 - [TEST_STEP][PASSED] - Script1686231490255.ZakrytOpoveshenie(): null

11-11-2024T10:56:06 - [TEST_STEP][PASSED] - opoveshenie = getText(findTestObject("Выполнение бизнес-плана/Просьба обратить внимание")): Text of object 'Object Repository/Выполнение бизнес-плана/Просьба обратить внимание' is: 'Просьба обратить внимание'

11-11-2024T10:56:06 - [MESSAGE][PASSED] - Text of object 'Object Repository/Выполнение бизнес-плана/Просьба обратить внимание' is: 'Просьба обратить внимание'

11-11-2024T10:56:06 - [TEST_STEP][PASSED] - println(opoveshenie): null

11-11-2024T10:56:06 - [TEST_STEP][PASSED] - if (opoveshenie == "Просьба обратить внимание"): Object: 'Object Repository/Выполнение бизнес-плана/Закрыть оповещение' is clicked on

11-11-2024T10:56:06 - [TEST_STEP][PASSED] - click(findTestObject("Выполнение бизнес-плана/Закрыть оповещение")): Object: 'Object Repository/Выполнение бизнес-плана/Закрыть оповещение' is clicked on

11-11-2024T10:56:06 - [MESSAGE][PASSED] - Object: 'Object Repository/Выполнение бизнес-плана/Закрыть оповещение' is clicked on

11-11-2024T10:56:06 - [TEST_STEP][PASSED] - click(findTestObject("Object Repository/Выполнение бизнес-плана/Фильтр ДЗО")): Object: 'Object Repository/Выполнение бизнес-плана/Фильтр ДЗО' is clicked on

11-11-2024T10:56:07 - [MESSAGE][PASSED] - Object: 'Object Repository/Выполнение бизнес-плана/Фильтр ДЗО' is clicked on

11-11-2024T10:56:07 - [TEST_STEP][PASSED] - click(findTestObject("Выполнение бизнес-плана/Снять выделение в фильтре ДЗО")): Object: 'Object Repository/Выполнение бизнес-плана/Снять выделение в фильтре ДЗО' is clicked on

11-11-2024T10:56:07 - [MESSAGE][PASSED] - Object: 'Object Repository/Выполнение бизнес-плана/Снять выделение в фильтре ДЗО' is clicked on

11-11-2024T10:56:07 - [TEST_STEP][PASSED] - click(findTestObject("Выполнение бизнес-плана/ПАО Россети")): Object: 'Object Repository/Выполнение бизнес-плана/ПАО Россети' is clicked on

11-11-2024T10:56:08 - [MESSAGE][PASSED] - Object: 'Object Repository/Выполнение бизнес-плана/ПАО Россети' is clicked on

11-11-2024T10:56:08 - [TEST_STEP][PASSED] - click(findTestObject("Object Repository/Выполнение бизнес-плана/Применить в фильтре ДЗО")): Object: 'Object Repository/Выполнение бизнес-плана/Применить в фильтре ДЗО' is clicked on

11-11-2024T10:56:09 - [MESSAGE][PASSED] - Object: 'Object Repository/Выполнение бизнес-плана/Применить в фильтре ДЗО' is clicked on

11-11-2024T10:56:09 - [TEST_STEP][PASSED] - delay(65): Delayed 65 second(s)

11-11-2024T10:57:14 - [MESSAGE][PASSED] - Delayed 65 second(s)

11-11-2024T10:57:14 - [TEST_STEP][PASSED] - if (run == 1): null

11-11-2024T10:57:14 - [TEST_STEP][PASSED] - if (run == 2): null

11-11-2024T10:57:14 - [TEST_STEP][PASSED] - user = "Андреева": null

11-11-2024T10:57:14 - [TEST_STEP][PASSED] - a1 = getText(findTestObject("Выполнение бизнес-плана/Проценты")): Text of object 'Object Repository/Выполнение бизнес-плана/Проценты' is: '%
5.29 5.29
5.26 5.26
План
Факт
1
100'

11-11-2024T10:57:14 - [MESSAGE][PASSED] - Text of object 'Object Repository/Выполнение бизнес-плана/Проценты' is: '%
5.29 5.29
5.26 5.26
План
Факт
1
100'

11-11-2024T10:57:14 - [TEST_STEP][PASSED] - a2 = getText(findTestObject("Выполнение бизнес-плана/vidget 2")): Text of object 'Object Repository/Выполнение бизнес-плана/vidget 2' is: 'АО «Тываэнерго»
АО «Чеченэнерго»
Россети Северный Кавказ
Россети Сибирь
Россети Тюмень
Россети Центр (ГК)
Россети Центр и Приволжье (ГК)
0
10
20
30
40
50
60
70'

11-11-2024T10:57:14 - [MESSAGE][PASSED] - Text of object 'Object Repository/Выполнение бизнес-плана/vidget 2' is: 'АО «Тываэнерго»
АО «Чеченэнерго»
Россети Северный Кавказ
Россети Сибирь
Россети Тюмень
Россети Центр (ГК)
Россети Центр и Приволжье (ГК)
0
10
20
30
40
50
60
70'

11-11-2024T10:57:14 - [TEST_STEP][PASSED] - a3 = getText(findTestObject("Выполнение бизнес-плана/table")): Text of object 'Object Repository/Выполнение бизнес-плана/table' is: ''

11-11-2024T10:57:15 - [MESSAGE][PASSED] - Text of object 'Object Repository/Выполнение бизнес-плана/table' is: ''

11-11-2024T10:57:15 - [TEST_STEP][PASSED] - a4 = getText(findTestObject("Выполнение бизнес-плана/Список ДЗО")): Text of object 'Object Repository/Выполнение бизнес-плана/Список ДЗО' is: '-0.07
3.72
3.86
-0.05
0.09
-0.51
-0.25
АО «Тываэнерго»
АО «Чеченэнерго»
Россети Северный Кавказ
Россети Сибирь
Россети Тюмень
Россети Центр (ГК)
Россети Центр и Приволжье (ГК)
-1
0
1
2
3
4
5
6
7'

11-11-2024T10:57:15 - [MESSAGE][PASSED] - Text of object 'Object Repository/Выполнение бизнес-плана/Список ДЗО' is: '-0.07
3.72
3.86
-0.05
0.09
-0.51
-0.25
АО «Тываэнерго»
АО «Чеченэнерго»
Россети Северный Кавказ
Россети Сибирь
Россети Тюмень
Россети Центр (ГК)
Россети Центр и Приволжье (ГК)
-1
0
1
2
3
4
5
6
7'

11-11-2024T10:57:15 - [TEST_STEP][PASSED] - a5 = getText(findTestObject("Выполнение бизнес-плана/svg1")): Text of object 'Object Repository/Выполнение бизнес-плана/svg1' is: '%
5.29 5.29
5.26 5.26
План
Факт
1
100'

11-11-2024T10:57:15 - [MESSAGE][PASSED] - Text of object 'Object Repository/Выполнение бизнес-плана/svg1' is: '%
5.29 5.29
5.26 5.26
План
Факт
1
100'

11-11-2024T10:57:15 - [TEST_STEP][PASSED] - a6 = getText(findTestObject("Выполнение бизнес-плана/svg2")): Text of object 'Object Repository/Выполнение бизнес-плана/svg2' is: 'п.п.
0.05
Итого
0
0.02
0.04
0.06'

11-11-2024T10:57:15 - [MESSAGE][PASSED] - Text of object 'Object Repository/Выполнение бизнес-плана/svg2' is: 'п.п.
0.05
Итого
0
0.02
0.04
0.06'

11-11-2024T10:57:15 - [TEST_STEP][PASSED] - a7 = getText(findTestObject("Выполнение бизнес-плана/Значения со страницы Выполнение бизнес-плана/Факт Отпуск в сеть за отчётный период ПАО Россети")): Text of object 'Object Repository/Выполнение бизнес-плана/Значения со страницы Выполнение бизнес-плана/Факт Отпуск в сеть за отчётный период ПАО Россети' is: '192 146 383'

11-11-2024T10:57:16 - [MESSAGE][PASSED] - Text of object 'Object Repository/Выполнение бизнес-плана/Значения со страницы Выполнение бизнес-плана/Факт Отпуск в сеть за отчётный период ПАО Россети' is: '192 146 383'

11-11-2024T10:57:16 - [TEST_STEP][PASSED] - a8 = getText(findTestObject("Выполнение бизнес-плана/Значения со страницы Выполнение бизнес-плана/Факт Отпуск из сети за отчётный период ПАО Россети")): Text of object 'Object Repository/Выполнение бизнес-плана/Значения со страницы Выполнение бизнес-плана/Факт Отпуск из сети за отчётный период ПАО Россети' is: '174 962 090'

11-11-2024T10:57:16 - [MESSAGE][PASSED] - Text of object 'Object Repository/Выполнение бизнес-плана/Значения со страницы Выполнение бизнес-плана/Факт Отпуск из сети за отчётный период ПАО Россети' is: '174 962 090'

11-11-2024T10:57:16 - [TEST_STEP][PASSED] - a9 = getText(findTestObject("Выполнение бизнес-плана/Значения со страницы Выполнение бизнес-плана/Факт Потери за отчётный период ПАО Россети")): Text of object 'Object Repository/Выполнение бизнес-плана/Значения со страницы Выполнение бизнес-плана/Факт Потери за отчётный период ПАО Россети' is: '17 184 293'

11-11-2024T10:57:16 - [MESSAGE][PASSED] - Text of object 'Object Repository/Выполнение бизнес-плана/Значения со страницы Выполнение бизнес-плана/Факт Потери за отчётный период ПАО Россети' is: '17 184 293'

11-11-2024T10:57:16 - [TEST_STEP][PASSED] - n = n + 1: null

11-11-2024T10:57:16 - [TEST_STEP][PASSED] - b = data.getRowNumbers() + 1: null

11-11-2024T10:57:16 - [TEST_STEP][PASSED] - verifyEqual(findTestData("PlanFact").getValue(2, b), a1): Actual object '%
5.29 5.29
5.26 5.26
План
Факт
1
100' and expected object '%
5.29 5.29
5.26 5.26
План
Факт
1
100' are equal

11-11-2024T10:57:17 - [MESSAGE][PASSED] - Actual object '%
5.29 5.29
5.26 5.26
План
Факт
1
100' and expected object '%
5.29 5.29
5.26 5.26
План
Факт
1
100' are equal

11-11-2024T10:57:17 - [TEST_STEP][PASSED] - verifyEqual(findTestData("PlanFact").getValue(3, b), a2): Actual object 'АО «Тываэнерго»
АО «Чеченэнерго»
Россети Северный Кавказ
Россети Сибирь
Россети Тюмень
Россети Центр (ГК)
Россети Центр и Приволжье (ГК)
0
10
20
30
40
50
60
70' and expected object 'АО «Тываэнерго»
АО «Чеченэнерго»
Россети Северный Кавказ
Россети Сибирь
Россети Тюмень
Россети Центр (ГК)
Россети Центр и Приволжье (ГК)
0
10
20
30
40
50
60
70' are equal

11-11-2024T10:57:17 - [MESSAGE][PASSED] - Actual object 'АО «Тываэнерго»
АО «Чеченэнерго»
Россети Северный Кавказ
Россети Сибирь
Россети Тюмень
Россети Центр (ГК)
Россети Центр и Приволжье (ГК)
0
10
20
30
40
50
60
70' and expected object 'АО «Тываэнерго»
АО «Чеченэнерго»
Россети Северный Кавказ
Россети Сибирь
Россети Тюмень
Россети Центр (ГК)
Россети Центр и Приволжье (ГК)
0
10
20
30
40
50
60
70' are equal

11-11-2024T10:57:17 - [TEST_STEP][PASSED] - verifyEqual(findTestData("PlanFact").getValue(4, b), a3): Actual object '' and expected object '' are equal

11-11-2024T10:57:17 - [MESSAGE][PASSED] - Actual object '' and expected object '' are equal

11-11-2024T10:57:17 - [TEST_STEP][PASSED] - verifyEqual(findTestData("PlanFact").getValue(5, b), a4): Actual object '-0.07
3.72
3.86
-0.05
0.09
-0.51
-0.25
АО «Тываэнерго»
АО «Чеченэнерго»
Россети Северный Кавказ
Россети Сибирь
Россети Тюмень
Россети Центр (ГК)
Россети Центр и Приволжье (ГК)
-1
0
1
2
3
4
5
6
7' and expected object '-0.07
3.72
3.86
-0.05
0.09
-0.51
-0.25
АО «Тываэнерго»
АО «Чеченэнерго»
Россети Северный Кавказ
Россети Сибирь
Россети Тюмень
Россети Центр (ГК)
Россети Центр и Приволжье (ГК)
-1
0
1
2
3
4
5
6
7' are equal

11-11-2024T10:57:17 - [MESSAGE][PASSED] - Actual object '-0.07
3.72
3.86
-0.05
0.09
-0.51
-0.25
АО «Тываэнерго»
АО «Чеченэнерго»
Россети Северный Кавказ
Россети Сибирь
Россети Тюмень
Россети Центр (ГК)
Россети Центр и Приволжье (ГК)
-1
0
1
2
3
4
5
6
7' and expected object '-0.07
3.72
3.86
-0.05
0.09
-0.51
-0.25
АО «Тываэнерго»
АО «Чеченэнерго»
Россети Северный Кавказ
Россети Сибирь
Россети Тюмень
Россети Центр (ГК)
Россети Центр и Приволжье (ГК)
-1
0
1
2
3
4
5
6
7' are equal

11-11-2024T10:57:17 - [TEST_STEP][PASSED] - verifyEqual(findTestData("PlanFact").getValue(6, b), a5): Actual object '%
5.29 5.29
5.26 5.26
План
Факт
1
100' and expected object '%
5.29 5.29
5.26 5.26
План
Факт
1
100' are equal

11-11-2024T10:57:17 - [MESSAGE][PASSED] - Actual object '%
5.29 5.29
5.26 5.26
План
Факт
1
100' and expected object '%
5.29 5.29
5.26 5.26
План
Факт
1
100' are equal

11-11-2024T10:57:17 - [TEST_STEP][PASSED] - verifyEqual(findTestData("PlanFact").getValue(7, b), a6): Actual object 'п.п.
0.05
Итого
0
0.02
0.04
0.06' and expected object 'п.п.
0.05
Итого
0
0.02
0.04
0.06' are equal

11-11-2024T10:57:17 - [MESSAGE][PASSED] - Actual object 'п.п.
0.05
Итого
0
0.02
0.04
0.06' and expected object 'п.п.
0.05
Итого
0
0.02
0.04
0.06' are equal

11-11-2024T10:57:17 - [TEST_STEP][PASSED] - verifyEqual(findTestData("PlanFact").getValue(8, b), a7): Actual object '192 146 383' and expected object '192 146 383' are equal

11-11-2024T10:57:17 - [MESSAGE][PASSED] - Actual object '192 146 383' and expected object '192 146 383' are equal

11-11-2024T10:57:17 - [TEST_STEP][PASSED] - verifyEqual(findTestData("PlanFact").getValue(9, b), a8): Actual object '174 962 090' and expected object '174 962 090' are equal

11-11-2024T10:57:17 - [MESSAGE][PASSED] - Actual object '174 962 090' and expected object '174 962 090' are equal

11-11-2024T10:57:17 - [TEST_STEP][PASSED] - verifyEqual(findTestData("PlanFact").getValue(10, b), a9): Actual object '17 184 293' and expected object '17 184 293' are equal

11-11-2024T10:57:17 - [MESSAGE][PASSED] - Actual object '17 184 293' and expected object '17 184 293' are equal

11-11-2024T10:57:17 - [TEST_STEP][PASSED] - Script1686231490255.WriteToExcel(user, dashboardName, n, data, run, a1, a2, a3, a4, a5, a6, a7, a8, a9): null

11-11-2024T10:57:17 - [TEST_STEP][PASSED] - sheetName = "Sheet1": null

11-11-2024T10:57:17 - [TEST_STEP][PASSED] - workbook01 = getWorkbook(excelFilePath): null

11-11-2024T10:57:17 - [TEST_STEP][PASSED] - sheet01 = getExcelSheet(workbook01, sheetName): null

11-11-2024T10:57:17 - [TEST_STEP][PASSED] - setValueToCellByIndex(sheet01, n, 0, dashboardName): null

11-11-2024T10:57:17 - [TEST_STEP][PASSED] - setValueToCellByIndex(sheet01, n, 10, user): null

11-11-2024T10:57:17 - [TEST_STEP][PASSED] - setValueToCellByIndex(sheet01, n, 1, a1): null

11-11-2024T10:57:17 - [TEST_STEP][PASSED] - setValueToCellByIndex(sheet01, n, 2, a2): null

11-11-2024T10:57:17 - [TEST_STEP][PASSED] - setValueToCellByIndex(sheet01, n, 3, a3): null

11-11-2024T10:57:17 - [TEST_STEP][PASSED] - setValueToCellByIndex(sheet01, n, 4, a4): null

11-11-2024T10:57:17 - [TEST_STEP][PASSED] - setValueToCellByIndex(sheet01, n, 5, a5): null

11-11-2024T10:57:17 - [TEST_STEP][PASSED] - setValueToCellByIndex(sheet01, n, 6, a6): null

11-11-2024T10:57:17 - [TEST_STEP][PASSED] - setValueToCellByIndex(sheet01, n, 7, a7): null

11-11-2024T10:57:17 - [TEST_STEP][PASSED] - setValueToCellByIndex(sheet01, n, 8, a8): null

11-11-2024T10:57:17 - [TEST_STEP][PASSED] - setValueToCellByIndex(sheet01, n, 9, a9): null

11-11-2024T10:57:17 - [TEST_STEP][PASSED] - n = n + 1: null

11-11-2024T10:57:17 - [TEST_STEP][PASSED] - saveWorkbook(excelFilePath, workbook01): null

11-11-2024T10:57:17 - [TEST_STEP][PASSED] - if (run == 3): null

11-11-2024T10:57:17 - [TEST_STEP][PASSED] - closeBrowser(): null

11-11-2024T10:57:18 - [MESSAGE][PASSED] - Browser is closed

11-11-2024T10:57:18 - [TEST_STEP][PASSED] - VipolnenieBiznesPlana(user, dashboardName, n, data, run, a1, a2, a3, a4, a5, a6, a7, a8, a9, urlData): null

11-11-2024T10:57:18 - [TEST_STEP][PASSED] - n = data.getRowNumbers() + 1: null

11-11-2024T10:57:18 - [TEST_STEP][PASSED] - println(n): null

11-11-2024T10:57:18 - [TEST_STEP][PASSED] - dashboardName = "Выполнение бизнес-плана": null

11-11-2024T10:57:18 - [TEST_STEP][PASSED] - openBrowser(""): Browser is opened with url: ''

11-11-2024T10:57:18 - [MESSAGE][INFO] - Starting 'Chrome' driver

11-11-2024T10:57:18 - [MESSAGE][INFO] - Action delay is set to 0 milliseconds

11-11-2024T10:57:18 - [MESSAGE][PASSED] - Browser is opened with url: ''

11-11-2024T10:57:18 - [TEST_STEP][PASSED] - urlData = 1: null

11-11-2024T10:57:18 - [TEST_STEP][PASSED] - Script1686231490255.CheckPageDownload(urlData, run): null

11-11-2024T10:57:18 - [TEST_STEP][PASSED] - i = 1: null

11-11-2024T10:57:18 - [TEST_STEP][PASSED] - ii = 0: null

11-11-2024T10:57:18 - [TEST_STEP][PASSED] - urlText = <not implemented yet for class: org.codehaus.groovy.ast.expr.EmptyExpression>: null

11-11-2024T10:57:18 - [TEST_STEP][PASSED] - searchWord = <not implemented yet for class: org.codehaus.groovy.ast.expr.EmptyExpression>: null

11-11-2024T10:57:18 - [TEST_STEP][PASSED] - deleteAllCookies(): Delete all cookies successfully

11-11-2024T10:57:18 - [MESSAGE][PASSED] - Delete all cookies successfully

11-11-2024T10:57:18 - [TEST_STEP][PASSED] - refresh(): Refresh successfully

11-11-2024T10:57:18 - [MESSAGE][PASSED] - Refresh successfully

11-11-2024T10:57:18 - [TEST_STEP][PASSED] - delay(65): Delayed 65 second(s)

11-11-2024T10:58:23 - [MESSAGE][PASSED] - Delayed 65 second(s)

11-11-2024T10:58:23 - [TEST_STEP][PASSED] - navigateToUrl(findTestData("PlanFact").getValue(10, urlData)): Navigate to 'https://bi.rosseti.digital/viewer?dashboardGuid=d154a8eaf6824e2b9de1bb04dd061c18&sheetGuid=1305e8ce744049e1abdacea1ea397a26&fit=true' successfully

11-11-2024T10:58:33 - [MESSAGE][PASSED] - Navigate to 'https://bi.rosseti.digital/viewer?dashboardGuid=d154a8eaf6824e2b9de1bb04dd061c18&sheetGuid=1305e8ce744049e1abdacea1ea397a26&fit=true' successfully

11-11-2024T10:58:33 - [TEST_STEP][PASSED] - pageLoaded1 = verifyElementPresent(findTestObject("Страница авторизации/Text"), 30): Object 'Object Repository/Страница авторизации/Text' is present

11-11-2024T10:58:33 - [MESSAGE][PASSED] - Object 'Object Repository/Страница авторизации/Text' is present

11-11-2024T10:58:33 - [TEST_STEP][PASSED] - if (pageLoaded1 == false): null

11-11-2024T10:58:33 - [TEST_STEP][PASSED] - urlText = getText(findTestObject("Страница авторизации/Text")): Text of object 'Object Repository/Страница авторизации/Text' is: 'Вход'

11-11-2024T10:58:33 - [MESSAGE][PASSED] - Text of object 'Object Repository/Страница авторизации/Text' is: 'Вход'

11-11-2024T10:58:33 - [TEST_STEP][PASSED] - delay(65): Delayed 65 second(s)

11-11-2024T10:59:38 - [MESSAGE][PASSED] - Delayed 65 second(s)

11-11-2024T10:59:38 - [TEST_STEP][PASSED] - searchWord = "Вход": null

11-11-2024T10:59:38 - [TEST_STEP][PASSED] - if (urlText.contains(searchWord) == false): null

11-11-2024T10:59:38 - [TEST_STEP][PASSED] - setText(findTestObject("Страница авторизации/input__username"), findTestData("PlanFact").getValue(8, run)): Text 'Petrova-OV' is set on object 'Object Repository/Страница авторизации/input__username'

11-11-2024T10:59:39 - [MESSAGE][PASSED] - Text 'Petrova-OV' is set on object 'Object Repository/Страница авторизации/input__username'

11-11-2024T10:59:39 - [TEST_STEP][PASSED] - setText(findTestObject("Страница авторизации/input__password"), findTestData("PlanFact").getValue(9, run)): Text '4Ex@~R53r&3x&BVe7' is set on object 'Object Repository/Страница авторизации/input__password'

11-11-2024T10:59:40 - [MESSAGE][PASSED] - Text '4Ex@~R53r&3x&BVe7' is set on object 'Object Repository/Страница авторизации/input__password'

11-11-2024T10:59:40 - [TEST_STEP][PASSED] - click(findTestObject("Страница авторизации/button_")): Object: 'Object Repository/Страница авторизации/button_' is clicked on

11-11-2024T10:59:43 - [MESSAGE][PASSED] - Object: 'Object Repository/Страница авторизации/button_' is clicked on

11-11-2024T10:59:43 - [TEST_STEP][PASSED] - delay(65): Delayed 65 second(s)

11-11-2024T11:00:48 - [MESSAGE][PASSED] - Delayed 65 second(s)

11-11-2024T11:00:48 - [TEST_STEP][PASSED] - searchWord = "а": null

11-11-2024T11:00:48 - [TEST_STEP][PASSED] - pageLoaded2 = verifyElementPresent(findTestObject("Страница авторизации/Text"), 50): Object 'Object Repository/Страница авторизации/Text' is present

11-11-2024T11:01:02 - [MESSAGE][PASSED] - Object 'Object Repository/Страница авторизации/Text' is present

11-11-2024T11:01:02 - [TEST_STEP][PASSED] - if (pageLoaded2 == false): null

11-11-2024T11:01:02 - [TEST_STEP][PASSED] - urlText = getText(findTestObject("Страница авторизации/Text")): Text of object 'Object Repository/Страница авторизации/Text' is: 'ДЗО 
Все
Период
1, 2, 3 кв. 2024 года
Отклонения фактического уровня потерь от бизнес-плана, п.п.
-0.07
3.72
3.86
-0.05
0.09
-0.51
-0.25
АО «Тываэнерго»
АО «Чеченэнерго»
Россети Северный Кавказ
Россети Сибирь
Россети Тюмень
Россети Центр (ГК)
Россети Центр и Приволжье (ГК)
-1
0
1
2
3
4
5
6
7

Уровень потерь электроэнергии
АО «Тываэнерго»
АО «Чеченэнерго»
Россети Северный Кавказ
Россети Сибирь
Россети Тюмень
Россети Центр (ГК)
Россети Центр и Приволжье (ГК)
0
10
20
30
40
50
60
70
21.03
|
32.87
23.77
6.97
|
2.51
9.98
|
6.88
|
20.96
36.59
|
27.64
|
6.92
2.60
|
9.48
6.63
п.п.
0.05
Итого
0
0.02
0.04
0.06
%
5.29 5.29
5.26 5.26
План
Факт
1
100

● Бизнес-план выполнен● ●● Превышение бизнес-плана
Отклонения фактического уровня потерь от бизнес-плана за 3 месяца (нарастающим итогом), п.п.
0.10.1
3.73.7
3.83.8
-0.1-0.1
0.10.1
-0.5-0.5
-0.2-0.2
-0.0-0.0
4.14.1
4.04.0
-0.1-0.1
0.10.1
-0.4-0.4
-0.2-0.2
-0.1-0.1
3.73.7
3.93.9
-0.0-0.0
0.10.1
-0.5-0.5
-0.2-0.2
Россети ФСКЕЭС
АО«Тываэнерго»
АО«Чеченэнерго»
Россети Волга
РоссетиКубань
РоссетиЛенэнерго (ГК)
РоссетиМосковскийрегион
РоссетиСеверныйКавказ (ГК)
Россети Северо-Запад
Россети Сибирь(ГК)
Россети Томск
Россети Тюмень
Россети Урал(ГК)
Россети Центр
Россети Центр иПриволжье (ГК)
Россети Юг (Г…
РоссетиЯнтарь
0
-5
5
п.п.
Отклонения фактического уровня потерь от бизнес-плана за 3 месяца (нарастающим итогом)
-0.2-0.2
-0.4-0.4
0.10.1
-0.1-0.1
-0.3-0.3
4.14.1
-1.9-1.9
-0.2-0.2
-0.5-0.5
-0.1-0.1
0.40.4
-0.7-0.7
-0.4-0.4
7.97.9
0.10.1
13.113.1
-0.2-0.2
-0.3-0.3
-0.0-0.0
0.20.2
-0.1-0.1
4.24.2
-1.7-1.7
-0.1-0.1
-0.3-0.3
-0.1-0.1
0.30.3
-0.7-0.7
-0.4-0.4
8.48.4
0.20.2
13.213.2
-0.2-0.2
-0.3-0.3
-0.1-0.1
-0.5-0.5
-0.3-0.3
3.83.8
-1.8-1.8
-0.1-0.1
-0.3-0.3
-0.2-0.2
0.40.4
-0.7-0.7
-0.4-0.4
8.08.0
0.30.3
13.213.2
Итого по ФСК ЕЭС
Каббалкэнерго
Калмэнерго
Калугаэнерго
АО "Кинешемская электросеть"
АО "Тываэнерго"
АО «ВМЭС»
АО «Воронежская горэлектросеть»
АО «Тульские городские электрические сети»
АО «Чеченэнерго»
АО «Ярославская электросетевая компания»
АО ЕЭСК
Алтайэнерго
Архангельский филиал
Астраханьэнерго
Белгородэнерго
Брянскэнерго
Бурятэнерго
Владимирэнерго
Волгоградэнерго
Вологодский филиал
Воронежэнерго
Дагэнерго
Ивэнерго
Ингушэнерго
-5
15

Статус данных
Просьба обратить внимание
— все данные не занесены
Факт
План
Итого – Факт
Отпуск в сеть 192 146 383
Отпуск из сети 174 962 090
Потери 17 184 293
Итого – План
Отпуск в сеть 187 410 759
Отпуск из сети 171 357 921
Потери 16 052 838
Выполнение бизнес-плана в части показателя «Уровень потерь электроэнергии»
Показатели баланса электроэнергии по ДЗО – Факт 
572 217 3 034 612 17 266 464 46 928 172 39 079 081 44 371 600 40 894 236
452 291 1 924 288 12 494 824 43 678 766 38 062 639 40 166 359 38 182 923
119 926 1 110 325 4 771 641 3 249 406 1 016 442 4 205 240 2 711 313
Показатели баланса электроэнергии по ДЗО – План
544 127 2 822 152 16 209 599 44 875 501 40 452 567 43 055 315 39 451 497
429 681 1 894 447 12 356 339 41 746 891 39 436 282 38 756 246 36 738 034
114 446 927 705 3 853 260 3 128 610 1 016 285 4 299 069 2 713 463'

11-11-2024T11:01:03 - [MESSAGE][PASSED] - Text of object 'Object Repository/Страница авторизации/Text' is: 'ДЗО 
Все
Период
1, 2, 3 кв. 2024 года
Отклонения фактического уровня потерь от бизнес-плана, п.п.
-0.07
3.72
3.86
-0.05
0.09
-0.51
-0.25
АО «Тываэнерго»
АО «Чеченэнерго»
Россети Северный Кавказ
Россети Сибирь
Россети Тюмень
Россети Центр (ГК)
Россети Центр и Приволжье (ГК)
-1
0
1
2
3
4
5
6
7

Уровень потерь электроэнергии
АО «Тываэнерго»
АО «Чеченэнерго»
Россети Северный Кавказ
Россети Сибирь
Россети Тюмень
Россети Центр (ГК)
Россети Центр и Приволжье (ГК)
0
10
20
30
40
50
60
70
21.03
|
32.87
23.77
6.97
|
2.51
9.98
|
6.88
|
20.96
36.59
|
27.64
|
6.92
2.60
|
9.48
6.63
п.п.
0.05
Итого
0
0.02
0.04
0.06
%
5.29 5.29
5.26 5.26
План
Факт
1
100

● Бизнес-план выполнен● ●● Превышение бизнес-плана
Отклонения фактического уровня потерь от бизнес-плана за 3 месяца (нарастающим итогом), п.п.
0.10.1
3.73.7
3.83.8
-0.1-0.1
0.10.1
-0.5-0.5
-0.2-0.2
-0.0-0.0
4.14.1
4.04.0
-0.1-0.1
0.10.1
-0.4-0.4
-0.2-0.2
-0.1-0.1
3.73.7
3.93.9
-0.0-0.0
0.10.1
-0.5-0.5
-0.2-0.2
Россети ФСКЕЭС
АО«Тываэнерго»
АО«Чеченэнерго»
Россети Волга
РоссетиКубань
РоссетиЛенэнерго (ГК)
РоссетиМосковскийрегион
РоссетиСеверныйКавказ (ГК)
Россети Северо-Запад
Россети Сибирь(ГК)
Россети Томск
Россети Тюмень
Россети Урал(ГК)
Россети Центр
Россети Центр иПриволжье (ГК)
Россети Юг (Г…
РоссетиЯнтарь
0
-5
5
п.п.
Отклонения фактического уровня потерь от бизнес-плана за 3 месяца (нарастающим итогом)
-0.2-0.2
-0.4-0.4
0.10.1
-0.1-0.1
-0.3-0.3
4.14.1
-1.9-1.9
-0.2-0.2
-0.5-0.5
-0.1-0.1
0.40.4
-0.7-0.7
-0.4-0.4
7.97.9
0.10.1
13.113.1
-0.2-0.2
-0.3-0.3
-0.0-0.0
0.20.2
-0.1-0.1
4.24.2
-1.7-1.7
-0.1-0.1
-0.3-0.3
-0.1-0.1
0.30.3
-0.7-0.7
-0.4-0.4
8.48.4
0.20.2
13.213.2
-0.2-0.2
-0.3-0.3
-0.1-0.1
-0.5-0.5
-0.3-0.3
3.83.8
-1.8-1.8
-0.1-0.1
-0.3-0.3
-0.2-0.2
0.40.4
-0.7-0.7
-0.4-0.4
8.08.0
0.30.3
13.213.2
Итого по ФСК ЕЭС
Каббалкэнерго
Калмэнерго
Калугаэнерго
АО "Кинешемская электросеть"
АО "Тываэнерго"
АО «ВМЭС»
АО «Воронежская горэлектросеть»
АО «Тульские городские электрические сети»
АО «Чеченэнерго»
АО «Ярославская электросетевая компания»
АО ЕЭСК
Алтайэнерго
Архангельский филиал
Астраханьэнерго
Белгородэнерго
Брянскэнерго
Бурятэнерго
Владимирэнерго
Волгоградэнерго
Вологодский филиал
Воронежэнерго
Дагэнерго
Ивэнерго
Ингушэнерго
-5
15

Статус данных
Просьба обратить внимание
— все данные не занесены
Факт
План
Итого – Факт
Отпуск в сеть 192 146 383
Отпуск из сети 174 962 090
Потери 17 184 293
Итого – План
Отпуск в сеть 187 410 759
Отпуск из сети 171 357 921
Потери 16 052 838
Выполнение бизнес-плана в части показателя «Уровень потерь электроэнергии»
Показатели баланса электроэнергии по ДЗО – Факт 
572 217 3 034 612 17 266 464 46 928 172 39 079 081 44 371 600 40 894 236
452 291 1 924 288 12 494 824 43 678 766 38 062 639 40 166 359 38 182 923
119 926 1 110 325 4 771 641 3 249 406 1 016 442 4 205 240 2 711 313
Показатели баланса электроэнергии по ДЗО – План
544 127 2 822 152 16 209 599 44 875 501 40 452 567 43 055 315 39 451 497
429 681 1 894 447 12 356 339 41 746 891 39 436 282 38 756 246 36 738 034
114 446 927 705 3 853 260 3 128 610 1 016 285 4 299 069 2 713 463'

11-11-2024T11:01:03 - [TEST_STEP][PASSED] - if (urlText.contains("ошибка") || urlText.contains(searchWord) == false): null

11-11-2024T11:01:03 - [TEST_STEP][PASSED] - Script1686231490255.ZakrytOpoveshenie(): null

11-11-2024T11:01:03 - [TEST_STEP][PASSED] - opoveshenie = getText(findTestObject("Выполнение бизнес-плана/Просьба обратить внимание")): Text of object 'Object Repository/Выполнение бизнес-плана/Просьба обратить внимание' is: 'Просьба обратить внимание'

11-11-2024T11:01:03 - [MESSAGE][PASSED] - Text of object 'Object Repository/Выполнение бизнес-плана/Просьба обратить внимание' is: 'Просьба обратить внимание'

11-11-2024T11:01:03 - [TEST_STEP][PASSED] - println(opoveshenie): null

11-11-2024T11:01:03 - [TEST_STEP][PASSED] - if (opoveshenie == "Просьба обратить внимание"): Object: 'Object Repository/Выполнение бизнес-плана/Закрыть оповещение' is clicked on

11-11-2024T11:01:03 - [TEST_STEP][PASSED] - click(findTestObject("Выполнение бизнес-плана/Закрыть оповещение")): Object: 'Object Repository/Выполнение бизнес-плана/Закрыть оповещение' is clicked on

11-11-2024T11:01:03 - [MESSAGE][PASSED] - Object: 'Object Repository/Выполнение бизнес-плана/Закрыть оповещение' is clicked on

11-11-2024T11:01:03 - [TEST_STEP][PASSED] - click(findTestObject("Object Repository/Выполнение бизнес-плана/Фильтр Дата")): Object: 'Object Repository/Выполнение бизнес-плана/Фильтр Дата' is clicked on

11-11-2024T11:01:04 - [MESSAGE][PASSED] - Object: 'Object Repository/Выполнение бизнес-плана/Фильтр Дата' is clicked on

11-11-2024T11:01:04 - [TEST_STEP][PASSED] - click(findTestObject("Выполнение бизнес-плана/Снять выделение в фильтре Дата")): Object: 'Object Repository/Выполнение бизнес-плана/Снять выделение в фильтре Дата' is clicked on

11-11-2024T11:01:04 - [MESSAGE][PASSED] - Object: 'Object Repository/Выполнение бизнес-плана/Снять выделение в фильтре Дата' is clicked on

11-11-2024T11:01:04 - [TEST_STEP][PASSED] - click(findTestObject("Object Repository/Выполнение бизнес-плана/Применить в фильтре Дата")): Object: 'Object Repository/Выполнение бизнес-плана/Применить в фильтре Дата' is clicked on

11-11-2024T11:01:05 - [MESSAGE][PASSED] - Object: 'Object Repository/Выполнение бизнес-плана/Применить в фильтре Дата' is clicked on

11-11-2024T11:01:05 - [TEST_STEP][PASSED] - delay(65): Delayed 65 second(s)

11-11-2024T11:02:10 - [MESSAGE][PASSED] - Delayed 65 second(s)

11-11-2024T11:02:10 - [TEST_STEP][PASSED] - Script1686231490255.ZakrytOpoveshenie(): null

11-11-2024T11:02:10 - [TEST_STEP][PASSED] - opoveshenie = getText(findTestObject("Выполнение бизнес-плана/Просьба обратить внимание")): Text of object 'Object Repository/Выполнение бизнес-плана/Просьба обратить внимание' is: 'Просьба обратить внимание'

11-11-2024T11:02:10 - [MESSAGE][PASSED] - Text of object 'Object Repository/Выполнение бизнес-плана/Просьба обратить внимание' is: 'Просьба обратить внимание'

11-11-2024T11:02:10 - [TEST_STEP][PASSED] - println(opoveshenie): null

11-11-2024T11:02:10 - [TEST_STEP][PASSED] - if (opoveshenie == "Просьба обратить внимание"): Object: 'Object Repository/Выполнение бизнес-плана/Закрыть оповещение' is clicked on

11-11-2024T11:02:10 - [TEST_STEP][PASSED] - click(findTestObject("Выполнение бизнес-плана/Закрыть оповещение")): Object: 'Object Repository/Выполнение бизнес-плана/Закрыть оповещение' is clicked on

11-11-2024T11:02:11 - [MESSAGE][PASSED] - Object: 'Object Repository/Выполнение бизнес-плана/Закрыть оповещение' is clicked on

11-11-2024T11:02:11 - [TEST_STEP][PASSED] - click(findTestObject("Object Repository/Выполнение бизнес-плана/Фильтр Дата")): Object: 'Object Repository/Выполнение бизнес-плана/Фильтр Дата' is clicked on

11-11-2024T11:02:11 - [MESSAGE][PASSED] - Object: 'Object Repository/Выполнение бизнес-плана/Фильтр Дата' is clicked on

11-11-2024T11:02:11 - [TEST_STEP][PASSED] - scrollToElement(findTestObject("Выполнение бизнес-плана/2024 список"), 30): Scroll to object 'Object Repository/Выполнение бизнес-плана/2024 список' successfully

11-11-2024T11:02:12 - [MESSAGE][PASSED] - Scroll to object 'Object Repository/Выполнение бизнес-плана/2024 список' successfully

11-11-2024T11:02:12 - [TEST_STEP][PASSED] - click(findTestObject("Выполнение бизнес-плана/2024 список")): Object: 'Object Repository/Выполнение бизнес-плана/2024 список' is clicked on

11-11-2024T11:02:12 - [MESSAGE][PASSED] - Object: 'Object Repository/Выполнение бизнес-плана/2024 список' is clicked on

11-11-2024T11:02:12 - [TEST_STEP][PASSED] - scrollToElement(findTestObject("Выполнение бизнес-плана/4 квартал 2024 список"), 30): Scroll to object 'Object Repository/Выполнение бизнес-плана/4 квартал 2024 список' successfully

11-11-2024T11:02:13 - [MESSAGE][PASSED] - Scroll to object 'Object Repository/Выполнение бизнес-плана/4 квартал 2024 список' successfully

11-11-2024T11:02:13 - [TEST_STEP][PASSED] - scrollToElement(findTestObject("Выполнение бизнес-плана/Заголовок дашборда"), 30): Scroll to object 'Object Repository/Выполнение бизнес-плана/Заголовок дашборда' successfully

11-11-2024T11:02:13 - [MESSAGE][PASSED] - Scroll to object 'Object Repository/Выполнение бизнес-плана/Заголовок дашборда' successfully

11-11-2024T11:02:13 - [TEST_STEP][PASSED] - click(findTestObject("Выполнение бизнес-плана/1 квартал 2024 список")): Object: 'Object Repository/Выполнение бизнес-плана/1 квартал 2024 список' is clicked on

11-11-2024T11:02:13 - [MESSAGE][PASSED] - Object: 'Object Repository/Выполнение бизнес-плана/1 квартал 2024 список' is clicked on

11-11-2024T11:02:13 - [TEST_STEP][PASSED] - click(findTestObject("Выполнение бизнес-плана/Январь 2024")): Object: 'Object Repository/Выполнение бизнес-плана/Январь 2024' is clicked on

11-11-2024T11:02:13 - [MESSAGE][PASSED] - Object: 'Object Repository/Выполнение бизнес-плана/Январь 2024' is clicked on

11-11-2024T11:02:13 - [TEST_STEP][PASSED] - click(findTestObject("Выполнение бизнес-плана/Февраль 2024")): Object: 'Object Repository/Выполнение бизнес-плана/Февраль 2024' is clicked on

11-11-2024T11:02:14 - [MESSAGE][PASSED] - Object: 'Object Repository/Выполнение бизнес-плана/Февраль 2024' is clicked on

11-11-2024T11:02:14 - [TEST_STEP][PASSED] - click(findTestObject("Выполнение бизнес-плана/Март 2024")): Object: 'Object Repository/Выполнение бизнес-плана/Март 2024' is clicked on

11-11-2024T11:02:15 - [MESSAGE][PASSED] - Object: 'Object Repository/Выполнение бизнес-плана/Март 2024' is clicked on

11-11-2024T11:02:15 - [TEST_STEP][PASSED] - scrollToElement(findTestObject("Выполнение бизнес-плана/2 квартал 2024"), 30): Scroll to object 'Object Repository/Выполнение бизнес-плана/2 квартал 2024' successfully

11-11-2024T11:02:15 - [MESSAGE][PASSED] - Scroll to object 'Object Repository/Выполнение бизнес-плана/2 квартал 2024' successfully

11-11-2024T11:02:15 - [TEST_STEP][PASSED] - click(findTestObject("Выполнение бизнес-плана/2 квартал 2024")): Object: 'Object Repository/Выполнение бизнес-плана/2 квартал 2024' is clicked on

11-11-2024T11:02:15 - [MESSAGE][PASSED] - Object: 'Object Repository/Выполнение бизнес-плана/2 квартал 2024' is clicked on

11-11-2024T11:02:15 - [TEST_STEP][PASSED] - scrollToElement(findTestObject("Выполнение бизнес-плана/3 квартал 2024 список"), 30): Scroll to object 'Object Repository/Выполнение бизнес-плана/3 квартал 2024 список' successfully

11-11-2024T11:02:16 - [MESSAGE][PASSED] - Scroll to object 'Object Repository/Выполнение бизнес-плана/3 квартал 2024 список' successfully

11-11-2024T11:02:16 - [TEST_STEP][PASSED] - click(findTestObject("Выполнение бизнес-плана/3 квартал 2024"), CONTINUE_ON_FAILURE): Object: 'Object Repository/Выполнение бизнес-плана/3 квартал 2024' is clicked on

11-11-2024T11:02:16 - [MESSAGE][PASSED] - Object: 'Object Repository/Выполнение бизнес-плана/3 квартал 2024' is clicked on

11-11-2024T11:02:16 - [TEST_STEP][PASSED] - click(findTestObject("Object Repository/Выполнение бизнес-плана/Применить в фильтре Дата")): Object: 'Object Repository/Выполнение бизнес-плана/Применить в фильтре Дата' is clicked on

11-11-2024T11:02:17 - [MESSAGE][PASSED] - Object: 'Object Repository/Выполнение бизнес-плана/Применить в фильтре Дата' is clicked on

11-11-2024T11:02:17 - [TEST_STEP][PASSED] - scrollToElement(findTestObject("Выполнение бизнес-плана/Заголовок дашборда"), 30): Scroll to object 'Object Repository/Выполнение бизнес-плана/Заголовок дашборда' successfully

11-11-2024T11:02:47 - [MESSAGE][PASSED] - Scroll to object 'Object Repository/Выполнение бизнес-плана/Заголовок дашборда' successfully

11-11-2024T11:02:47 - [TEST_STEP][PASSED] - delay(65): Delayed 65 second(s)

11-11-2024T11:03:52 - [MESSAGE][PASSED] - Delayed 65 second(s)

11-11-2024T11:03:52 - [TEST_STEP][PASSED] - Script1686231490255.ZakrytOpoveshenie(): null

11-11-2024T11:03:52 - [TEST_STEP][PASSED] - opoveshenie = getText(findTestObject("Выполнение бизнес-плана/Просьба обратить внимание")): Text of object 'Object Repository/Выполнение бизнес-плана/Просьба обратить внимание' is: 'Просьба обратить внимание'

11-11-2024T11:03:53 - [MESSAGE][PASSED] - Text of object 'Object Repository/Выполнение бизнес-плана/Просьба обратить внимание' is: 'Просьба обратить внимание'

11-11-2024T11:03:53 - [TEST_STEP][PASSED] - println(opoveshenie): null

11-11-2024T11:03:53 - [TEST_STEP][PASSED] - if (opoveshenie == "Просьба обратить внимание"): Object: 'Object Repository/Выполнение бизнес-плана/Закрыть оповещение' is clicked on

11-11-2024T11:03:53 - [TEST_STEP][PASSED] - click(findTestObject("Выполнение бизнес-плана/Закрыть оповещение")): Object: 'Object Repository/Выполнение бизнес-плана/Закрыть оповещение' is clicked on

11-11-2024T11:03:53 - [MESSAGE][PASSED] - Object: 'Object Repository/Выполнение бизнес-плана/Закрыть оповещение' is clicked on

11-11-2024T11:03:53 - [TEST_STEP][PASSED] - click(findTestObject("Object Repository/Выполнение бизнес-плана/Фильтр ДЗО")): Object: 'Object Repository/Выполнение бизнес-плана/Фильтр ДЗО' is clicked on

11-11-2024T11:03:53 - [MESSAGE][PASSED] - Object: 'Object Repository/Выполнение бизнес-плана/Фильтр ДЗО' is clicked on

11-11-2024T11:03:53 - [TEST_STEP][PASSED] - click(findTestObject("Выполнение бизнес-плана/Снять выделение в фильтре ДЗО")): Object: 'Object Repository/Выполнение бизнес-плана/Снять выделение в фильтре ДЗО' is clicked on

11-11-2024T11:03:54 - [MESSAGE][PASSED] - Object: 'Object Repository/Выполнение бизнес-плана/Снять выделение в фильтре ДЗО' is clicked on

11-11-2024T11:03:54 - [TEST_STEP][PASSED] - click(findTestObject("Выполнение бизнес-плана/ПАО Россети")): Object: 'Object Repository/Выполнение бизнес-плана/ПАО Россети' is clicked on

11-11-2024T11:03:54 - [MESSAGE][PASSED] - Object: 'Object Repository/Выполнение бизнес-плана/ПАО Россети' is clicked on

11-11-2024T11:03:54 - [TEST_STEP][PASSED] - click(findTestObject("Object Repository/Выполнение бизнес-плана/Применить в фильтре ДЗО")): Object: 'Object Repository/Выполнение бизнес-плана/Применить в фильтре ДЗО' is clicked on

11-11-2024T11:03:55 - [MESSAGE][PASSED] - Object: 'Object Repository/Выполнение бизнес-плана/Применить в фильтре ДЗО' is clicked on

11-11-2024T11:03:55 - [TEST_STEP][PASSED] - delay(65): Delayed 65 second(s)

11-11-2024T11:05:00 - [MESSAGE][PASSED] - Delayed 65 second(s)

11-11-2024T11:05:00 - [TEST_STEP][PASSED] - if (run == 1): null

11-11-2024T11:05:00 - [TEST_STEP][PASSED] - if (run == 2): null

11-11-2024T11:05:00 - [TEST_STEP][PASSED] - if (run == 3): null

11-11-2024T11:05:00 - [TEST_STEP][PASSED] - user = "Попова": null

11-11-2024T11:05:00 - [TEST_STEP][PASSED] - a1 = getText(findTestObject("Выполнение бизнес-плана/Проценты")): Text of object 'Object Repository/Выполнение бизнес-плана/Проценты' is: '%
5.29 5.29
5.26 5.26
План
Факт
1
100'

11-11-2024T11:05:01 - [MESSAGE][PASSED] - Text of object 'Object Repository/Выполнение бизнес-плана/Проценты' is: '%
5.29 5.29
5.26 5.26
План
Факт
1
100'

11-11-2024T11:05:01 - [TEST_STEP][PASSED] - a2 = getText(findTestObject("Выполнение бизнес-плана/vidget 2")): Text of object 'Object Repository/Выполнение бизнес-плана/vidget 2' is: 'АО «Тываэнерго»
АО «Чеченэнерго»
Россети Северный Кавказ
Россети Сибирь
Россети Тюмень
Россети Центр (ГК)
Россети Центр и Приволжье (ГК)
0
10
20
30
40
50
60
70'

11-11-2024T11:05:01 - [MESSAGE][PASSED] - Text of object 'Object Repository/Выполнение бизнес-плана/vidget 2' is: 'АО «Тываэнерго»
АО «Чеченэнерго»
Россети Северный Кавказ
Россети Сибирь
Россети Тюмень
Россети Центр (ГК)
Россети Центр и Приволжье (ГК)
0
10
20
30
40
50
60
70'

11-11-2024T11:05:01 - [TEST_STEP][PASSED] - a3 = getText(findTestObject("Выполнение бизнес-плана/table")): Text of object 'Object Repository/Выполнение бизнес-плана/table' is: ''

11-11-2024T11:05:01 - [MESSAGE][PASSED] - Text of object 'Object Repository/Выполнение бизнес-плана/table' is: ''

11-11-2024T11:05:01 - [TEST_STEP][PASSED] - a4 = getText(findTestObject("Выполнение бизнес-плана/Список ДЗО")): Text of object 'Object Repository/Выполнение бизнес-плана/Список ДЗО' is: '-0.07
3.72
3.86
-0.05
0.09
-0.51
-0.25
АО «Тываэнерго»
АО «Чеченэнерго»
Россети Северный Кавказ
Россети Сибирь
Россети Тюмень
Россети Центр (ГК)
Россети Центр и Приволжье (ГК)
-1
0
1
2
3
4
5
6
7'

11-11-2024T11:05:01 - [MESSAGE][PASSED] - Text of object 'Object Repository/Выполнение бизнес-плана/Список ДЗО' is: '-0.07
3.72
3.86
-0.05
0.09
-0.51
-0.25
АО «Тываэнерго»
АО «Чеченэнерго»
Россети Северный Кавказ
Россети Сибирь
Россети Тюмень
Россети Центр (ГК)
Россети Центр и Приволжье (ГК)
-1
0
1
2
3
4
5
6
7'

11-11-2024T11:05:01 - [TEST_STEP][PASSED] - a5 = getText(findTestObject("Выполнение бизнес-плана/svg1")): Text of object 'Object Repository/Выполнение бизнес-плана/svg1' is: '%
5.29 5.29
5.26 5.26
План
Факт
1
100'

11-11-2024T11:05:02 - [MESSAGE][PASSED] - Text of object 'Object Repository/Выполнение бизнес-плана/svg1' is: '%
5.29 5.29
5.26 5.26
План
Факт
1
100'

11-11-2024T11:05:02 - [TEST_STEP][PASSED] - a6 = getText(findTestObject("Выполнение бизнес-плана/svg2")): Text of object 'Object Repository/Выполнение бизнес-плана/svg2' is: 'п.п.
0.05
Итого
0
0.02
0.04
0.06'

11-11-2024T11:05:02 - [MESSAGE][PASSED] - Text of object 'Object Repository/Выполнение бизнес-плана/svg2' is: 'п.п.
0.05
Итого
0
0.02
0.04
0.06'

11-11-2024T11:05:02 - [TEST_STEP][PASSED] - a7 = getText(findTestObject("Выполнение бизнес-плана/Значения со страницы Выполнение бизнес-плана/Факт Отпуск в сеть за отчётный период ПАО Россети")): Text of object 'Object Repository/Выполнение бизнес-плана/Значения со страницы Выполнение бизнес-плана/Факт Отпуск в сеть за отчётный период ПАО Россети' is: '192 146 383'

11-11-2024T11:05:02 - [MESSAGE][PASSED] - Text of object 'Object Repository/Выполнение бизнес-плана/Значения со страницы Выполнение бизнес-плана/Факт Отпуск в сеть за отчётный период ПАО Россети' is: '192 146 383'

11-11-2024T11:05:02 - [TEST_STEP][PASSED] - a8 = getText(findTestObject("Выполнение бизнес-плана/Значения со страницы Выполнение бизнес-плана/Факт Отпуск из сети за отчётный период ПАО Россети")): Text of object 'Object Repository/Выполнение бизнес-плана/Значения со страницы Выполнение бизнес-плана/Факт Отпуск из сети за отчётный период ПАО Россети' is: '174 962 090'

11-11-2024T11:05:03 - [MESSAGE][PASSED] - Text of object 'Object Repository/Выполнение бизнес-плана/Значения со страницы Выполнение бизнес-плана/Факт Отпуск из сети за отчётный период ПАО Россети' is: '174 962 090'

11-11-2024T11:05:03 - [TEST_STEP][PASSED] - a9 = getText(findTestObject("Выполнение бизнес-плана/Значения со страницы Выполнение бизнес-плана/Факт Потери за отчётный период ПАО Россети")): Text of object 'Object Repository/Выполнение бизнес-плана/Значения со страницы Выполнение бизнес-плана/Факт Потери за отчётный период ПАО Россети' is: '17 184 293'

11-11-2024T11:05:03 - [MESSAGE][PASSED] - Text of object 'Object Repository/Выполнение бизнес-плана/Значения со страницы Выполнение бизнес-плана/Факт Потери за отчётный период ПАО Россети' is: '17 184 293'

11-11-2024T11:05:03 - [TEST_STEP][PASSED] - n = n + 2: null

11-11-2024T11:05:03 - [TEST_STEP][PASSED] - b = data.getRowNumbers() + 1: null

11-11-2024T11:05:03 - [TEST_STEP][PASSED] - verifyEqual(findTestData("PlanFact").getValue(2, b), a1): Actual object '%
5.29 5.29
5.26 5.26
План
Факт
1
100' and expected object '%
5.29 5.29
5.26 5.26
План
Факт
1
100' are equal

11-11-2024T11:05:03 - [MESSAGE][PASSED] - Actual object '%
5.29 5.29
5.26 5.26
План
Факт
1
100' and expected object '%
5.29 5.29
5.26 5.26
План
Факт
1
100' are equal

11-11-2024T11:05:03 - [TEST_STEP][PASSED] - verifyEqual(findTestData("PlanFact").getValue(3, b), a2): Actual object 'АО «Тываэнерго»
АО «Чеченэнерго»
Россети Северный Кавказ
Россети Сибирь
Россети Тюмень
Россети Центр (ГК)
Россети Центр и Приволжье (ГК)
0
10
20
30
40
50
60
70' and expected object 'АО «Тываэнерго»
АО «Чеченэнерго»
Россети Северный Кавказ
Россети Сибирь
Россети Тюмень
Россети Центр (ГК)
Россети Центр и Приволжье (ГК)
0
10
20
30
40
50
60
70' are equal

11-11-2024T11:05:03 - [MESSAGE][PASSED] - Actual object 'АО «Тываэнерго»
АО «Чеченэнерго»
Россети Северный Кавказ
Россети Сибирь
Россети Тюмень
Россети Центр (ГК)
Россети Центр и Приволжье (ГК)
0
10
20
30
40
50
60
70' and expected object 'АО «Тываэнерго»
АО «Чеченэнерго»
Россети Северный Кавказ
Россети Сибирь
Россети Тюмень
Россети Центр (ГК)
Россети Центр и Приволжье (ГК)
0
10
20
30
40
50
60
70' are equal

11-11-2024T11:05:03 - [TEST_STEP][PASSED] - verifyEqual(findTestData("PlanFact").getValue(4, b), a3): Actual object '' and expected object '' are equal

11-11-2024T11:05:03 - [MESSAGE][PASSED] - Actual object '' and expected object '' are equal

11-11-2024T11:05:03 - [TEST_STEP][PASSED] - verifyEqual(findTestData("PlanFact").getValue(5, b), a4): Actual object '-0.07
3.72
3.86
-0.05
0.09
-0.51
-0.25
АО «Тываэнерго»
АО «Чеченэнерго»
Россети Северный Кавказ
Россети Сибирь
Россети Тюмень
Россети Центр (ГК)
Россети Центр и Приволжье (ГК)
-1
0
1
2
3
4
5
6
7' and expected object '-0.07
3.72
3.86
-0.05
0.09
-0.51
-0.25
АО «Тываэнерго»
АО «Чеченэнерго»
Россети Северный Кавказ
Россети Сибирь
Россети Тюмень
Россети Центр (ГК)
Россети Центр и Приволжье (ГК)
-1
0
1
2
3
4
5
6
7' are equal

11-11-2024T11:05:03 - [MESSAGE][PASSED] - Actual object '-0.07
3.72
3.86
-0.05
0.09
-0.51
-0.25
АО «Тываэнерго»
АО «Чеченэнерго»
Россети Северный Кавказ
Россети Сибирь
Россети Тюмень
Россети Центр (ГК)
Россети Центр и Приволжье (ГК)
-1
0
1
2
3
4
5
6
7' and expected object '-0.07
3.72
3.86
-0.05
0.09
-0.51
-0.25
АО «Тываэнерго»
АО «Чеченэнерго»
Россети Северный Кавказ
Россети Сибирь
Россети Тюмень
Россети Центр (ГК)
Россети Центр и Приволжье (ГК)
-1
0
1
2
3
4
5
6
7' are equal

11-11-2024T11:05:03 - [TEST_STEP][PASSED] - verifyEqual(findTestData("PlanFact").getValue(6, b), a5): Actual object '%
5.29 5.29
5.26 5.26
План
Факт
1
100' and expected object '%
5.29 5.29
5.26 5.26
План
Факт
1
100' are equal

11-11-2024T11:05:03 - [MESSAGE][PASSED] - Actual object '%
5.29 5.29
5.26 5.26
План
Факт
1
100' and expected object '%
5.29 5.29
5.26 5.26
План
Факт
1
100' are equal

11-11-2024T11:05:03 - [TEST_STEP][PASSED] - verifyEqual(findTestData("PlanFact").getValue(7, b), a6): Actual object 'п.п.
0.05
Итого
0
0.02
0.04
0.06' and expected object 'п.п.
0.05
Итого
0
0.02
0.04
0.06' are equal

11-11-2024T11:05:03 - [MESSAGE][PASSED] - Actual object 'п.п.
0.05
Итого
0
0.02
0.04
0.06' and expected object 'п.п.
0.05
Итого
0
0.02
0.04
0.06' are equal

11-11-2024T11:05:03 - [TEST_STEP][PASSED] - verifyEqual(findTestData("PlanFact").getValue(8, b), a7): Actual object '192 146 383' and expected object '192 146 383' are equal

11-11-2024T11:05:03 - [MESSAGE][PASSED] - Actual object '192 146 383' and expected object '192 146 383' are equal

11-11-2024T11:05:03 - [TEST_STEP][PASSED] - verifyEqual(findTestData("PlanFact").getValue(9, b), a8): Actual object '174 962 090' and expected object '174 962 090' are equal

11-11-2024T11:05:03 - [MESSAGE][PASSED] - Actual object '174 962 090' and expected object '174 962 090' are equal

11-11-2024T11:05:03 - [TEST_STEP][PASSED] - verifyEqual(findTestData("PlanFact").getValue(10, b), a9): Actual object '17 184 293' and expected object '17 184 293' are equal

11-11-2024T11:05:04 - [MESSAGE][PASSED] - Actual object '17 184 293' and expected object '17 184 293' are equal

11-11-2024T11:05:04 - [TEST_STEP][PASSED] - Script1686231490255.WriteToExcel(user, dashboardName, n, data, run, a1, a2, a3, a4, a5, a6, a7, a8, a9): null

11-11-2024T11:05:04 - [TEST_STEP][PASSED] - sheetName = "Sheet1": null

11-11-2024T11:05:04 - [TEST_STEP][PASSED] - workbook01 = getWorkbook(excelFilePath): null

11-11-2024T11:05:04 - [TEST_STEP][PASSED] - sheet01 = getExcelSheet(workbook01, sheetName): null

11-11-2024T11:05:04 - [TEST_STEP][PASSED] - setValueToCellByIndex(sheet01, n, 0, dashboardName): null

11-11-2024T11:05:04 - [TEST_STEP][PASSED] - setValueToCellByIndex(sheet01, n, 10, user): null

11-11-2024T11:05:04 - [TEST_STEP][PASSED] - setValueToCellByIndex(sheet01, n, 1, a1): null

11-11-2024T11:05:04 - [TEST_STEP][PASSED] - setValueToCellByIndex(sheet01, n, 2, a2): null

11-11-2024T11:05:04 - [TEST_STEP][PASSED] - setValueToCellByIndex(sheet01, n, 3, a3): null

11-11-2024T11:05:04 - [TEST_STEP][PASSED] - setValueToCellByIndex(sheet01, n, 4, a4): null

11-11-2024T11:05:04 - [TEST_STEP][PASSED] - setValueToCellByIndex(sheet01, n, 5, a5): null

11-11-2024T11:05:04 - [TEST_STEP][PASSED] - setValueToCellByIndex(sheet01, n, 6, a6): null

11-11-2024T11:05:04 - [TEST_STEP][PASSED] - setValueToCellByIndex(sheet01, n, 7, a7): null

11-11-2024T11:05:04 - [TEST_STEP][PASSED] - setValueToCellByIndex(sheet01, n, 8, a8): null

11-11-2024T11:05:04 - [TEST_STEP][PASSED] - setValueToCellByIndex(sheet01, n, 9, a9): null

11-11-2024T11:05:04 - [TEST_STEP][PASSED] - n = n + 1: null

11-11-2024T11:05:04 - [TEST_STEP][PASSED] - saveWorkbook(excelFilePath, workbook01): null

11-11-2024T11:05:04 - [TEST_STEP][PASSED] - closeBrowser(): Browser is closed

11-11-2024T11:05:04 - [MESSAGE][PASSED] - Browser is closed

11-11-2024T11:05:04 - [TEST_STEP][PASSED] - delay(65): Delayed 65 second(s)

11-11-2024T11:06:09 - [MESSAGE][PASSED] - Delayed 65 second(s)

11-11-2024T11:06:09 - [TEST_STEP][PASSED] - for ([run = 1, run < 4, (run++)]): null

11-11-2024T11:06:09 - [TEST_STEP][PASSED] - ViruchkaVRublyah(user, dashboardName, n, data, run, a1, a2, a3, a4, a5, a6, a7, a8, a9, urlData): null

11-11-2024T11:06:09 - [TEST_STEP][PASSED] - n = data.getRowNumbers() + 1: null

11-11-2024T11:06:09 - [TEST_STEP][PASSED] - println(n): null

11-11-2024T11:06:09 - [TEST_STEP][PASSED] - dashboardName = "Вырука в рублях": null

11-11-2024T11:06:09 - [TEST_STEP][PASSED] - openBrowser(""): Browser is opened with url: ''

11-11-2024T11:06:09 - [MESSAGE][INFO] - Starting 'Chrome' driver

11-11-2024T11:06:09 - [MESSAGE][INFO] - Action delay is set to 0 milliseconds

11-11-2024T11:06:10 - [MESSAGE][PASSED] - Browser is opened with url: ''

11-11-2024T11:06:10 - [TEST_STEP][PASSED] - urlData = 2: null

11-11-2024T11:06:10 - [TEST_STEP][PASSED] - Script1686231490255.CheckPageDownload(urlData, run): null

11-11-2024T11:06:10 - [TEST_STEP][PASSED] - i = 1: null

11-11-2024T11:06:10 - [TEST_STEP][PASSED] - ii = 0: null

11-11-2024T11:06:10 - [TEST_STEP][PASSED] - urlText = <not implemented yet for class: org.codehaus.groovy.ast.expr.EmptyExpression>: null

11-11-2024T11:06:10 - [TEST_STEP][PASSED] - searchWord = <not implemented yet for class: org.codehaus.groovy.ast.expr.EmptyExpression>: null

11-11-2024T11:06:10 - [TEST_STEP][PASSED] - deleteAllCookies(): Delete all cookies successfully

11-11-2024T11:06:10 - [MESSAGE][PASSED] - Delete all cookies successfully

11-11-2024T11:06:10 - [TEST_STEP][PASSED] - refresh(): Refresh successfully

11-11-2024T11:06:10 - [MESSAGE][PASSED] - Refresh successfully

11-11-2024T11:06:10 - [TEST_STEP][PASSED] - delay(65): Delayed 65 second(s)

11-11-2024T11:07:15 - [MESSAGE][PASSED] - Delayed 65 second(s)

11-11-2024T11:07:15 - [TEST_STEP][PASSED] - navigateToUrl(findTestData("PlanFact").getValue(10, urlData)): Navigate to 'https://bi.rosseti.digital/viewer?dashboardGuid=2301950b23be4ed89c1df75f2020051e&sheetGuid=b723206f698544fb87299f3095c00435&fit=true' successfully

11-11-2024T11:07:21 - [MESSAGE][PASSED] - Navigate to 'https://bi.rosseti.digital/viewer?dashboardGuid=2301950b23be4ed89c1df75f2020051e&sheetGuid=b723206f698544fb87299f3095c00435&fit=true' successfully

11-11-2024T11:07:21 - [TEST_STEP][PASSED] - pageLoaded1 = verifyElementPresent(findTestObject("Страница авторизации/Text"), 30): Object 'Object Repository/Страница авторизации/Text' is present

11-11-2024T11:07:23 - [MESSAGE][PASSED] - Object 'Object Repository/Страница авторизации/Text' is present

11-11-2024T11:07:23 - [TEST_STEP][PASSED] - if (pageLoaded1 == false): null

11-11-2024T11:07:23 - [TEST_STEP][PASSED] - urlText = getText(findTestObject("Страница авторизации/Text")): Text of object 'Object Repository/Страница авторизации/Text' is: 'Вход'

11-11-2024T11:07:24 - [MESSAGE][PASSED] - Text of object 'Object Repository/Страница авторизации/Text' is: 'Вход'

11-11-2024T11:07:24 - [TEST_STEP][PASSED] - delay(65): Delayed 65 second(s)

11-11-2024T11:08:29 - [MESSAGE][PASSED] - Delayed 65 second(s)

11-11-2024T11:08:29 - [TEST_STEP][PASSED] - searchWord = "Вход": null

11-11-2024T11:08:29 - [TEST_STEP][PASSED] - if (urlText.contains(searchWord) == false): null

11-11-2024T11:08:29 - [TEST_STEP][PASSED] - setText(findTestObject("Страница авторизации/input__username"), findTestData("PlanFact").getValue(8, run)): Text 'liazgina-di' is set on object 'Object Repository/Страница авторизации/input__username'

11-11-2024T11:08:29 - [MESSAGE][PASSED] - Text 'liazgina-di' is set on object 'Object Repository/Страница авторизации/input__username'

11-11-2024T11:08:29 - [TEST_STEP][PASSED] - setText(findTestObject("Страница авторизации/input__password"), findTestData("PlanFact").getValue(9, run)): Text ')$%5srZ8o688Dm#q' is set on object 'Object Repository/Страница авторизации/input__password'

11-11-2024T11:08:30 - [MESSAGE][PASSED] - Text ')$%5srZ8o688Dm#q' is set on object 'Object Repository/Страница авторизации/input__password'

11-11-2024T11:08:30 - [TEST_STEP][PASSED] - click(findTestObject("Страница авторизации/button_")): Object: 'Object Repository/Страница авторизации/button_' is clicked on

11-11-2024T11:08:33 - [MESSAGE][PASSED] - Object: 'Object Repository/Страница авторизации/button_' is clicked on

11-11-2024T11:08:33 - [TEST_STEP][PASSED] - delay(65): Delayed 65 second(s)

11-11-2024T11:09:38 - [MESSAGE][PASSED] - Delayed 65 second(s)

11-11-2024T11:09:38 - [TEST_STEP][PASSED] - searchWord = "а": null

11-11-2024T11:09:38 - [TEST_STEP][PASSED] - pageLoaded2 = verifyElementPresent(findTestObject("Страница авторизации/Text"), 50): Object 'Object Repository/Страница авторизации/Text' is present

11-11-2024T11:09:39 - [MESSAGE][PASSED] - Object 'Object Repository/Страница авторизации/Text' is present

11-11-2024T11:09:39 - [TEST_STEP][PASSED] - if (pageLoaded2 == false): null

11-11-2024T11:09:39 - [TEST_STEP][PASSED] - urlText = getText(findTestObject("Страница авторизации/Text")): Text of object 'Object Repository/Страница авторизации/Text' is: 'Период
1, 2, 3 кв. 2024 года
Выручка
Все
Выполнение плановых показателей по ПАО Россети за 1, 2, 3 кв. 2024 года
План
Факт
Динамика
2024 год
0 млн.руб.
100 000 млн.руб.
200 000 млн.руб.
300 000 млн.руб.
400 000 млн.руб.
500 000 млн.руб.
600 000 млн.руб.
700 000 млн.руб.
800 000 млн.руб.
900 000 млн.руб.
1 000 000 млн.руб.
1 100 000 млн.руб.
1 200 000 млн.руб.
1 300 000 млн.руб.
1 056 816
1 056 549
↓
ДЗО 
Все
Внутренний оборот - выручка за услуги по передаче электрической энергии, учтенная в выручке за электроэнергию для конечных потребителей, при выполнении ДЗО функций гарантирующего поставщика
Подписи данных
⬤Отклонение
АО «Тываэнерго»
АО «Чеченэнерго»
Россети Волга
Россети Кубань
Россети Ленэнерго (ГК)
Россети Московский регион
Россети Северный Кавказ (ГК)
Россети Северо-Запад
Россети Сибирь (ГК)
Россети Томск
Россети Тюмень
Россети Урал (ГК)
Россети ФСК ЕЭС
Россети Центр
Россети Центр и Приволжье (ГК)
Россети Юг (ГК)
Россети Янтарь
-25 000млн.руб.
-20 000млн.руб.
-15 000млн.руб.
-10 000млн.руб.
-5 000млн.руб.
0млн.руб.
5 000млн.руб.
10 …
-30 000млн.руб.
239
68
25
3 470
3 855
6 900
821
839
2 116
213
-4 312
1 715
-25 094
3 410
3 873
1 315
277
млн.
%
Выручка
Отклонение выручки по ПАО Россети за 1, 2, 3 кв. 2024 года (факт/план, млн. руб)
ПАО Россети
-267.6 млн.руб.
 '

11-11-2024T11:09:40 - [MESSAGE][PASSED] - Text of object 'Object Repository/Страница авторизации/Text' is: 'Период
1, 2, 3 кв. 2024 года
Выручка
Все
Выполнение плановых показателей по ПАО Россети за 1, 2, 3 кв. 2024 года
План
Факт
Динамика
2024 год
0 млн.руб.
100 000 млн.руб.
200 000 млн.руб.
300 000 млн.руб.
400 000 млн.руб.
500 000 млн.руб.
600 000 млн.руб.
700 000 млн.руб.
800 000 млн.руб.
900 000 млн.руб.
1 000 000 млн.руб.
1 100 000 млн.руб.
1 200 000 млн.руб.
1 300 000 млн.руб.
1 056 816
1 056 549
↓
ДЗО 
Все
Внутренний оборот - выручка за услуги по передаче электрической энергии, учтенная в выручке за электроэнергию для конечных потребителей, при выполнении ДЗО функций гарантирующего поставщика
Подписи данных
⬤Отклонение
АО «Тываэнерго»
АО «Чеченэнерго»
Россети Волга
Россети Кубань
Россети Ленэнерго (ГК)
Россети Московский регион
Россети Северный Кавказ (ГК)
Россети Северо-Запад
Россети Сибирь (ГК)
Россети Томск
Россети Тюмень
Россети Урал (ГК)
Россети ФСК ЕЭС
Россети Центр
Россети Центр и Приволжье (ГК)
Россети Юг (ГК)
Россети Янтарь
-25 000млн.руб.
-20 000млн.руб.
-15 000млн.руб.
-10 000млн.руб.
-5 000млн.руб.
0млн.руб.
5 000млн.руб.
10 …
-30 000млн.руб.
239
68
25
3 470
3 855
6 900
821
839
2 116
213
-4 312
1 715
-25 094
3 410
3 873
1 315
277
млн.
%
Выручка
Отклонение выручки по ПАО Россети за 1, 2, 3 кв. 2024 года (факт/план, млн. руб)
ПАО Россети
-267.6 млн.руб.
 '

11-11-2024T11:09:40 - [TEST_STEP][PASSED] - if (urlText.contains("ошибка") || urlText.contains(searchWord) == false): null

11-11-2024T11:09:40 - [TEST_STEP][PASSED] - click(findTestObject("Выручка в рублях/Фильтр Период")): Object: 'Object Repository/Выручка в рублях/Фильтр Период' is clicked on

11-11-2024T11:09:40 - [MESSAGE][PASSED] - Object: 'Object Repository/Выручка в рублях/Фильтр Период' is clicked on

11-11-2024T11:09:40 - [TEST_STEP][PASSED] - click(findTestObject("Выручка в рублях/Снять выделение в фильтре Дата")): Object: 'Object Repository/Выручка в рублях/Снять выделение в фильтре Дата' is clicked on

11-11-2024T11:09:40 - [MESSAGE][PASSED] - Object: 'Object Repository/Выручка в рублях/Снять выделение в фильтре Дата' is clicked on

11-11-2024T11:09:40 - [TEST_STEP][PASSED] - click(findTestObject("Выручка в рублях/Применить в фильтре Дата")): Object: 'Object Repository/Выручка в рублях/Применить в фильтре Дата' is clicked on

11-11-2024T11:09:41 - [MESSAGE][PASSED] - Object: 'Object Repository/Выручка в рублях/Применить в фильтре Дата' is clicked on

11-11-2024T11:09:41 - [TEST_STEP][PASSED] - click(findTestObject("Выручка в рублях/Фильтр Период")): Object: 'Object Repository/Выручка в рублях/Фильтр Период' is clicked on

11-11-2024T11:09:45 - [MESSAGE][PASSED] - Object: 'Object Repository/Выручка в рублях/Фильтр Период' is clicked on

11-11-2024T11:09:45 - [TEST_STEP][PASSED] - click(findTestObject("Выручка в рублях/Снять выделение в фильтре Дата")): Object: 'Object Repository/Выручка в рублях/Снять выделение в фильтре Дата' is clicked on

11-11-2024T11:09:45 - [MESSAGE][PASSED] - Object: 'Object Repository/Выручка в рублях/Снять выделение в фильтре Дата' is clicked on

11-11-2024T11:09:45 - [TEST_STEP][PASSED] - scrollToElement(findTestObject("Выручка в рублях/2024 список"), 30): Scroll to object 'Object Repository/Выручка в рублях/2024 список' successfully

11-11-2024T11:09:46 - [MESSAGE][PASSED] - Scroll to object 'Object Repository/Выручка в рублях/2024 список' successfully

11-11-2024T11:09:46 - [TEST_STEP][PASSED] - click(findTestObject("Выручка в рублях/2024 список")): Object: 'Object Repository/Выручка в рублях/2024 список' is clicked on

11-11-2024T11:09:46 - [MESSAGE][PASSED] - Object: 'Object Repository/Выручка в рублях/2024 список' is clicked on

11-11-2024T11:09:46 - [TEST_STEP][PASSED] - scrollToElement(findTestObject("Выручка в рублях/1 квартал 2024 выбрать"), 30): Scroll to object 'Object Repository/Выручка в рублях/1 квартал 2024 выбрать' successfully

11-11-2024T11:09:46 - [MESSAGE][PASSED] - Scroll to object 'Object Repository/Выручка в рублях/1 квартал 2024 выбрать' successfully

11-11-2024T11:09:46 - [TEST_STEP][PASSED] - click(findTestObject("Выручка в рублях/1 квартал 2024 выбрать"), CONTINUE_ON_FAILURE): Object: 'Object Repository/Выручка в рублях/1 квартал 2024 выбрать' is clicked on

11-11-2024T11:09:47 - [MESSAGE][PASSED] - Object: 'Object Repository/Выручка в рублях/1 квартал 2024 выбрать' is clicked on

11-11-2024T11:09:47 - [TEST_STEP][PASSED] - scrollToElement(findTestObject("Выручка в рублях/2 квартал 2024 выбрать"), 30): Scroll to object 'Object Repository/Выручка в рублях/2 квартал 2024 выбрать' successfully

11-11-2024T11:09:47 - [MESSAGE][PASSED] - Scroll to object 'Object Repository/Выручка в рублях/2 квартал 2024 выбрать' successfully

11-11-2024T11:09:47 - [TEST_STEP][PASSED] - click(findTestObject("Выручка в рублях/2 квартал 2024 выбрать")): Object: 'Object Repository/Выручка в рублях/2 квартал 2024 выбрать' is clicked on

11-11-2024T11:09:48 - [MESSAGE][PASSED] - Object: 'Object Repository/Выручка в рублях/2 квартал 2024 выбрать' is clicked on

11-11-2024T11:09:48 - [TEST_STEP][PASSED] - scrollToElement(findTestObject("Выручка в рублях/3 квартал 2024 список"), 30): Scroll to object 'Object Repository/Выручка в рублях/3 квартал 2024 список' successfully

11-11-2024T11:09:48 - [MESSAGE][PASSED] - Scroll to object 'Object Repository/Выручка в рублях/3 квартал 2024 список' successfully

11-11-2024T11:09:48 - [TEST_STEP][PASSED] - click(findTestObject("Выручка в рублях/3 квартал 2024"), CONTINUE_ON_FAILURE): Object: 'Object Repository/Выручка в рублях/3 квартал 2024' is clicked on

11-11-2024T11:09:48 - [MESSAGE][PASSED] - Object: 'Object Repository/Выручка в рублях/3 квартал 2024' is clicked on

11-11-2024T11:09:48 - [TEST_STEP][PASSED] - click(findTestObject("Выручка в рублях/Применить в фильтре Дата")): Object: 'Object Repository/Выручка в рублях/Применить в фильтре Дата' is clicked on

11-11-2024T11:09:49 - [MESSAGE][PASSED] - Object: 'Object Repository/Выручка в рублях/Применить в фильтре Дата' is clicked on

11-11-2024T11:09:49 - [TEST_STEP][PASSED] - scrollToElement(findTestObject("Выручка в рублях/Заголовок дашборда"), 30): Scroll to object 'Object Repository/Выручка в рублях/Заголовок дашборда' successfully

11-11-2024T11:09:51 - [MESSAGE][PASSED] - Scroll to object 'Object Repository/Выручка в рублях/Заголовок дашборда' successfully

11-11-2024T11:09:51 - [TEST_STEP][PASSED] - delay(65): Delayed 65 second(s)

11-11-2024T11:10:56 - [MESSAGE][PASSED] - Delayed 65 second(s)

11-11-2024T11:10:56 - [TEST_STEP][PASSED] - a5 = "": null

11-11-2024T11:10:56 - [TEST_STEP][PASSED] - a6 = "": null

11-11-2024T11:10:56 - [TEST_STEP][PASSED] - a7 = "": null

11-11-2024T11:10:56 - [TEST_STEP][PASSED] - a8 = "": null

11-11-2024T11:10:56 - [TEST_STEP][PASSED] - a9 = "": null

11-11-2024T11:10:56 - [TEST_STEP][PASSED] - if (run == 1): null

11-11-2024T11:10:56 - [TEST_STEP][PASSED] - user = "админ": null

11-11-2024T11:10:56 - [TEST_STEP][PASSED] - a1 = getText(findTestObject("Выручка в рублях/График План")): Text of object 'Object Repository/Выручка в рублях/График План' is: '1 056 816'

11-11-2024T11:10:56 - [MESSAGE][PASSED] - Text of object 'Object Repository/Выручка в рублях/График План' is: '1 056 816'

11-11-2024T11:10:56 - [TEST_STEP][PASSED] - a2 = getText(findTestObject("Выручка в рублях/График Факт")): Text of object 'Object Repository/Выручка в рублях/График Факт' is: '1 056 549'

11-11-2024T11:10:56 - [MESSAGE][PASSED] - Text of object 'Object Repository/Выручка в рублях/График Факт' is: '1 056 549'

11-11-2024T11:10:56 - [TEST_STEP][PASSED] - a3 = getText(findTestObject("Выручка в рублях/График Отклонение выручки")): Text of object 'Object Repository/Выручка в рублях/График Отклонение выручки' is: 'Период
1, 2, 3 кв. 2024 года
Выручка
Все
Выполнение плановых показателей по ПАО Россети за 1, 2, 3 кв. 2024 года
План
Факт
Динамика
2024 год
0 млн.руб.
100 000 млн.руб.
200 000 млн.руб.
300 000 млн.руб.
400 000 млн.руб.
500 000 млн.руб.
600 000 млн.руб.
700 000 млн.руб.
800 000 млн.руб.
900 000 млн.руб.
1 000 000 млн.руб.
1 100 000 млн.руб.
1 200 000 млн.руб.
1 300 000 млн.руб.
1 056 816
1 056 549
↓
ДЗО 
Все
Внутренний оборот - выручка за услуги по передаче электрической энергии, учтенная в выручке за электроэнергию для конечных потребителей, при выполнении ДЗО функций гарантирующего поставщика
Подписи данных
⬤Отклонение
АО «Тываэнерго»
АО «Чеченэнерго»
Россети Волга
Россети Кубань
Россети Ленэнерго (ГК)
Россети Московский регион
Россети Северный Кавказ (ГК)
Россети Северо-Запад
Россети Сибирь (ГК)
Россети Томск
Россети Тюмень
Россети Урал (ГК)
Россети ФСК ЕЭС
Россети Центр
Россети Центр и Приволжье (ГК)
Россети Юг (ГК)
Россети Янтарь
-25 000млн.руб.
-20 000млн.руб.
-15 000млн.руб.
-10 000млн.руб.
-5 000млн.руб.
0млн.руб.
5 000млн.руб.
10 …
-30 000млн.руб.
239
68
25
3 470
3 855
6 900
821
839
2 116
213
-4 312
1 715
-25 094
3 410
3 873
1 315
277
млн.
%
Выручка
Отклонение выручки по ПАО Россети за 1, 2, 3 кв. 2024 года (факт/план, млн. руб)
ПАО Россети
-267.6 млн.руб.
 '

11-11-2024T11:10:57 - [MESSAGE][PASSED] - Text of object 'Object Repository/Выручка в рублях/График Отклонение выручки' is: 'Период
1, 2, 3 кв. 2024 года
Выручка
Все
Выполнение плановых показателей по ПАО Россети за 1, 2, 3 кв. 2024 года
План
Факт
Динамика
2024 год
0 млн.руб.
100 000 млн.руб.
200 000 млн.руб.
300 000 млн.руб.
400 000 млн.руб.
500 000 млн.руб.
600 000 млн.руб.
700 000 млн.руб.
800 000 млн.руб.
900 000 млн.руб.
1 000 000 млн.руб.
1 100 000 млн.руб.
1 200 000 млн.руб.
1 300 000 млн.руб.
1 056 816
1 056 549
↓
ДЗО 
Все
Внутренний оборот - выручка за услуги по передаче электрической энергии, учтенная в выручке за электроэнергию для конечных потребителей, при выполнении ДЗО функций гарантирующего поставщика
Подписи данных
⬤Отклонение
АО «Тываэнерго»
АО «Чеченэнерго»
Россети Волга
Россети Кубань
Россети Ленэнерго (ГК)
Россети Московский регион
Россети Северный Кавказ (ГК)
Россети Северо-Запад
Россети Сибирь (ГК)
Россети Томск
Россети Тюмень
Россети Урал (ГК)
Россети ФСК ЕЭС
Россети Центр
Россети Центр и Приволжье (ГК)
Россети Юг (ГК)
Россети Янтарь
-25 000млн.руб.
-20 000млн.руб.
-15 000млн.руб.
-10 000млн.руб.
-5 000млн.руб.
0млн.руб.
5 000млн.руб.
10 …
-30 000млн.руб.
239
68
25
3 470
3 855
6 900
821
839
2 116
213
-4 312
1 715
-25 094
3 410
3 873
1 315
277
млн.
%
Выручка
Отклонение выручки по ПАО Россети за 1, 2, 3 кв. 2024 года (факт/план, млн. руб)
ПАО Россети
-267.6 млн.руб.
 '

11-11-2024T11:10:57 - [TEST_STEP][PASSED] - a3 = a3.substring(a3.lastIndexOf("Отклонение")): null

11-11-2024T11:10:57 - [TEST_STEP][PASSED] - click(findTestObject("Выручка в рублях/Переключить отображение с млн на проценты Выручка в рублях")): Object: 'Object Repository/Выручка в рублях/Переключить отображение с млн на проценты Выручка в рублях' is clicked on

11-11-2024T11:10:57 - [MESSAGE][PASSED] - Object: 'Object Repository/Выручка в рублях/Переключить отображение с млн на проценты Выручка в рублях' is clicked on

11-11-2024T11:10:57 - [TEST_STEP][PASSED] - a4 = getText(findTestObject("Выручка в рублях/График Отклонение выручки")): Text of object 'Object Repository/Выручка в рублях/График Отклонение выручки' is: 'Период
1, 2, 3 кв. 2024 года
Выручка
Все
Выполнение плановых показателей по ПАО Россети за 1, 2, 3 кв. 2024 года
План
Факт
Динамика
2024 год
0 млн.руб.
100 000 млн.руб.
200 000 млн.руб.
300 000 млн.руб.
400 000 млн.руб.
500 000 млн.руб.
600 000 млн.руб.
700 000 млн.руб.
800 000 млн.руб.
900 000 млн.руб.
1 000 000 млн.руб.
1 100 000 млн.руб.
1 200 000 млн.руб.
1 300 000 млн.руб.
1 056 816
1 056 549
↓
ДЗО 
Все
Отклонение выручки по ПАО Россети за 1, 2, 3 кв. 2024 года (факт/план, %)
ПАО Россети
-25.75 %
Внутренний оборот - выручка за услуги по передаче электрической энергии, учтенная в выручке за электроэнергию для конечных потребителей, при выполнении ДЗО функций гарантирующего поставщика
⬤Отклонение
АО «Тываэнерго»
АО «Чеченэнерго»
Россети Волга
Россети Кубань
Россети Ленэнерго (ГК)
Россети Московский регион
Россети Северный Кавказ (ГК)
Россети Северо-Запад
Россети Сибирь (ГК)
Россети Томск
Россети Тюмень
Россети Урал (ГК)
Россети ФСК ЕЭС
Россети Центр
Россети Центр и Приволжье (ГК)
Россети Юг (ГК)
Россети Янтарь
-60 %
-50 %
-40 %
-30 %
-20 %
-10 %
0 %
10 %
20 %
30 %
17.34 %
-48.99 %
-49.98 %
-46.94 %
-47.39 %
4.51 %
-49.02 %
2.16 %
4.15 %
-48.47 %
-53.49 %
2.23 %
-10.91 %
-30.67 %
4.25 %
-48.3 %
3.93 %
Подписи данных
млн.
%
Выручка
 '

11-11-2024T11:10:58 - [MESSAGE][PASSED] - Text of object 'Object Repository/Выручка в рублях/График Отклонение выручки' is: 'Период
1, 2, 3 кв. 2024 года
Выручка
Все
Выполнение плановых показателей по ПАО Россети за 1, 2, 3 кв. 2024 года
План
Факт
Динамика
2024 год
0 млн.руб.
100 000 млн.руб.
200 000 млн.руб.
300 000 млн.руб.
400 000 млн.руб.
500 000 млн.руб.
600 000 млн.руб.
700 000 млн.руб.
800 000 млн.руб.
900 000 млн.руб.
1 000 000 млн.руб.
1 100 000 млн.руб.
1 200 000 млн.руб.
1 300 000 млн.руб.
1 056 816
1 056 549
↓
ДЗО 
Все
Отклонение выручки по ПАО Россети за 1, 2, 3 кв. 2024 года (факт/план, %)
ПАО Россети
-25.75 %
Внутренний оборот - выручка за услуги по передаче электрической энергии, учтенная в выручке за электроэнергию для конечных потребителей, при выполнении ДЗО функций гарантирующего поставщика
⬤Отклонение
АО «Тываэнерго»
АО «Чеченэнерго»
Россети Волга
Россети Кубань
Россети Ленэнерго (ГК)
Россети Московский регион
Россети Северный Кавказ (ГК)
Россети Северо-Запад
Россети Сибирь (ГК)
Россети Томск
Россети Тюмень
Россети Урал (ГК)
Россети ФСК ЕЭС
Россети Центр
Россети Центр и Приволжье (ГК)
Россети Юг (ГК)
Россети Янтарь
-60 %
-50 %
-40 %
-30 %
-20 %
-10 %
0 %
10 %
20 %
30 %
17.34 %
-48.99 %
-49.98 %
-46.94 %
-47.39 %
4.51 %
-49.02 %
2.16 %
4.15 %
-48.47 %
-53.49 %
2.23 %
-10.91 %
-30.67 %
4.25 %
-48.3 %
3.93 %
Подписи данных
млн.
%
Выручка
 '

11-11-2024T11:10:58 - [TEST_STEP][PASSED] - a4 = a4.substring(a4.lastIndexOf("Отклонение")): null

11-11-2024T11:10:58 - [TEST_STEP][PASSED] - click(findTestObject("Выручка в рублях/Переключить отображение с процентов на млн Выручка в рублях")): Object: 'Object Repository/Выручка в рублях/Переключить отображение с процентов на млн Выручка в рублях' is clicked on

11-11-2024T11:10:58 - [MESSAGE][PASSED] - Object: 'Object Repository/Выручка в рублях/Переключить отображение с процентов на млн Выручка в рублях' is clicked on

11-11-2024T11:10:58 - [TEST_STEP][PASSED] - n = n + 3: null

11-11-2024T11:10:58 - [TEST_STEP][PASSED] - Script1686231490255.WriteToExcel(user, dashboardName, n, data, run, a1, a2, a3, a4, a5, a6, a7, a8, a9): null

11-11-2024T11:10:58 - [TEST_STEP][PASSED] - sheetName = "Sheet1": null

11-11-2024T11:10:58 - [TEST_STEP][PASSED] - workbook01 = getWorkbook(excelFilePath): null

11-11-2024T11:10:58 - [TEST_STEP][PASSED] - sheet01 = getExcelSheet(workbook01, sheetName): null

11-11-2024T11:10:58 - [TEST_STEP][PASSED] - setValueToCellByIndex(sheet01, n, 0, dashboardName): null

11-11-2024T11:10:58 - [TEST_STEP][PASSED] - setValueToCellByIndex(sheet01, n, 10, user): null

11-11-2024T11:10:58 - [TEST_STEP][PASSED] - setValueToCellByIndex(sheet01, n, 1, a1): null

11-11-2024T11:10:58 - [TEST_STEP][PASSED] - setValueToCellByIndex(sheet01, n, 2, a2): null

11-11-2024T11:10:58 - [TEST_STEP][PASSED] - setValueToCellByIndex(sheet01, n, 3, a3): null

11-11-2024T11:10:58 - [TEST_STEP][PASSED] - setValueToCellByIndex(sheet01, n, 4, a4): null

11-11-2024T11:10:58 - [TEST_STEP][PASSED] - setValueToCellByIndex(sheet01, n, 5, a5): null

11-11-2024T11:10:58 - [TEST_STEP][PASSED] - setValueToCellByIndex(sheet01, n, 6, a6): null

11-11-2024T11:10:58 - [TEST_STEP][PASSED] - setValueToCellByIndex(sheet01, n, 7, a7): null

11-11-2024T11:10:58 - [TEST_STEP][PASSED] - setValueToCellByIndex(sheet01, n, 8, a8): null

11-11-2024T11:10:58 - [TEST_STEP][PASSED] - setValueToCellByIndex(sheet01, n, 9, a9): null

11-11-2024T11:10:58 - [TEST_STEP][PASSED] - n = n + 1: null

11-11-2024T11:10:58 - [TEST_STEP][PASSED] - saveWorkbook(excelFilePath, workbook01): null

11-11-2024T11:10:59 - [TEST_STEP][PASSED] - if (run == 2): null

11-11-2024T11:10:59 - [TEST_STEP][PASSED] - if (run == 3): null

11-11-2024T11:10:59 - [TEST_STEP][PASSED] - closeBrowser(): null

11-11-2024T11:10:59 - [MESSAGE][PASSED] - Browser is closed

11-11-2024T11:10:59 - [TEST_STEP][PASSED] - ViruchkaVRublyah(user, dashboardName, n, data, run, a1, a2, a3, a4, a5, a6, a7, a8, a9, urlData): null

11-11-2024T11:10:59 - [TEST_STEP][PASSED] - n = data.getRowNumbers() + 1: null

11-11-2024T11:10:59 - [TEST_STEP][PASSED] - println(n): null

11-11-2024T11:10:59 - [TEST_STEP][PASSED] - dashboardName = "Вырука в рублях": null

11-11-2024T11:10:59 - [TEST_STEP][PASSED] - openBrowser(""): Browser is opened with url: ''

11-11-2024T11:10:59 - [MESSAGE][INFO] - Starting 'Chrome' driver

11-11-2024T11:10:59 - [MESSAGE][INFO] - Action delay is set to 0 milliseconds

11-11-2024T11:11:00 - [MESSAGE][PASSED] - Browser is opened with url: ''

11-11-2024T11:11:00 - [TEST_STEP][PASSED] - urlData = 2: null

11-11-2024T11:11:00 - [TEST_STEP][PASSED] - Script1686231490255.CheckPageDownload(urlData, run): null

11-11-2024T11:11:00 - [TEST_STEP][PASSED] - i = 1: null

11-11-2024T11:11:00 - [TEST_STEP][PASSED] - ii = 0: null

11-11-2024T11:11:00 - [TEST_STEP][PASSED] - urlText = <not implemented yet for class: org.codehaus.groovy.ast.expr.EmptyExpression>: null

11-11-2024T11:11:00 - [TEST_STEP][PASSED] - searchWord = <not implemented yet for class: org.codehaus.groovy.ast.expr.EmptyExpression>: null

11-11-2024T11:11:00 - [TEST_STEP][PASSED] - deleteAllCookies(): Delete all cookies successfully

11-11-2024T11:11:00 - [MESSAGE][PASSED] - Delete all cookies successfully

11-11-2024T11:11:00 - [TEST_STEP][PASSED] - refresh(): Refresh successfully

11-11-2024T11:11:00 - [MESSAGE][PASSED] - Refresh successfully

11-11-2024T11:11:00 - [TEST_STEP][PASSED] - delay(65): Delayed 65 second(s)

11-11-2024T11:12:05 - [MESSAGE][PASSED] - Delayed 65 second(s)

11-11-2024T11:12:05 - [TEST_STEP][PASSED] - navigateToUrl(findTestData("PlanFact").getValue(10, urlData)): Navigate to 'https://bi.rosseti.digital/viewer?dashboardGuid=2301950b23be4ed89c1df75f2020051e&sheetGuid=b723206f698544fb87299f3095c00435&fit=true' successfully

11-11-2024T11:12:16 - [MESSAGE][PASSED] - Navigate to 'https://bi.rosseti.digital/viewer?dashboardGuid=2301950b23be4ed89c1df75f2020051e&sheetGuid=b723206f698544fb87299f3095c00435&fit=true' successfully

11-11-2024T11:12:16 - [TEST_STEP][PASSED] - pageLoaded1 = verifyElementPresent(findTestObject("Страница авторизации/Text"), 30): Object 'Object Repository/Страница авторизации/Text' is present

11-11-2024T11:12:20 - [MESSAGE][PASSED] - Object 'Object Repository/Страница авторизации/Text' is present

11-11-2024T11:12:20 - [TEST_STEP][PASSED] - if (pageLoaded1 == false): null

11-11-2024T11:12:20 - [TEST_STEP][PASSED] - urlText = getText(findTestObject("Страница авторизации/Text")): Text of object 'Object Repository/Страница авторизации/Text' is: 'Вход'

11-11-2024T11:12:20 - [MESSAGE][PASSED] - Text of object 'Object Repository/Страница авторизации/Text' is: 'Вход'

11-11-2024T11:12:20 - [TEST_STEP][PASSED] - delay(65): Delayed 65 second(s)

11-11-2024T11:13:25 - [MESSAGE][PASSED] - Delayed 65 second(s)

11-11-2024T11:13:25 - [TEST_STEP][PASSED] - searchWord = "Вход": null

11-11-2024T11:13:25 - [TEST_STEP][PASSED] - if (urlText.contains(searchWord) == false): null

11-11-2024T11:13:25 - [TEST_STEP][PASSED] - setText(findTestObject("Страница авторизации/input__username"), findTestData("PlanFact").getValue(8, run)): Text 'Andreeva-EV' is set on object 'Object Repository/Страница авторизации/input__username'

11-11-2024T11:13:26 - [MESSAGE][PASSED] - Text 'Andreeva-EV' is set on object 'Object Repository/Страница авторизации/input__username'

11-11-2024T11:13:26 - [TEST_STEP][PASSED] - setText(findTestObject("Страница авторизации/input__password"), findTestData("PlanFact").getValue(9, run)): Text '2nPePKDwCPH3ul7xMZ' is set on object 'Object Repository/Страница авторизации/input__password'

11-11-2024T11:13:26 - [MESSAGE][PASSED] - Text '2nPePKDwCPH3ul7xMZ' is set on object 'Object Repository/Страница авторизации/input__password'

11-11-2024T11:13:26 - [TEST_STEP][PASSED] - click(findTestObject("Страница авторизации/button_")): Object: 'Object Repository/Страница авторизации/button_' is clicked on

11-11-2024T11:13:32 - [MESSAGE][PASSED] - Object: 'Object Repository/Страница авторизации/button_' is clicked on

11-11-2024T11:13:32 - [TEST_STEP][PASSED] - delay(65): Delayed 65 second(s)

11-11-2024T11:14:37 - [MESSAGE][PASSED] - Delayed 65 second(s)

11-11-2024T11:14:37 - [TEST_STEP][PASSED] - searchWord = "а": null

11-11-2024T11:14:37 - [TEST_STEP][PASSED] - pageLoaded2 = verifyElementPresent(findTestObject("Страница авторизации/Text"), 50): Object 'Object Repository/Страница авторизации/Text' is present

11-11-2024T11:14:37 - [MESSAGE][PASSED] - Object 'Object Repository/Страница авторизации/Text' is present

11-11-2024T11:14:37 - [TEST_STEP][PASSED] - if (pageLoaded2 == false): null

11-11-2024T11:14:37 - [TEST_STEP][PASSED] - urlText = getText(findTestObject("Страница авторизации/Text")): Text of object 'Object Repository/Страница авторизации/Text' is: 'Период
1, 2, 3 кв. 2024 года
Выручка
Все
Выполнение плановых показателей по ПАО Россети за 1, 2, 3 кв. 2024 года
План
Факт
Динамика
2024 год
0 млн.руб.
100 000 млн.руб.
200 000 млн.руб.
300 000 млн.руб.
400 000 млн.руб.
500 000 млн.руб.
600 000 млн.руб.
700 000 млн.руб.
800 000 млн.руб.
900 000 млн.руб.
1 000 000 млн.руб.
1 100 000 млн.руб.
1 200 000 млн.руб.
1 300 000 млн.руб.
1 056 816
1 056 549
↓
ДЗО 
Все
Внутренний оборот - выручка за услуги по передаче электрической энергии, учтенная в выручке за электроэнергию для конечных потребителей, при выполнении ДЗО функций гарантирующего поставщика
Подписи данных
⬤Отклонение
АО «Тываэнерго»
АО «Чеченэнерго»
Россети Волга
Россети Кубань
Россети Ленэнерго (ГК)
Россети Московский регион
Россети Северный Кавказ (ГК)
Россети Северо-Запад
Россети Сибирь (ГК)
Россети Томск
Россети Тюмень
Россети Урал (ГК)
Россети ФСК ЕЭС
Россети Центр
Россети Центр и Приволжье (ГК)
Россети Юг (ГК)
Россети Янтарь
-25 000млн.руб.
-20 000млн.руб.
-15 000млн.руб.
-10 000млн.руб.
-5 000млн.руб.
0млн.руб.
5 000млн.руб.
10 …
-30 000млн.руб.
239
68
25
3 470
3 855
6 900
821
839
2 116
213
-4 312
1 715
-25 094
3 410
3 873
1 315
277
млн.
%
Выручка
Отклонение выручки по ПАО Россети за 1, 2, 3 кв. 2024 года (факт/план, млн. руб)
ПАО Россети
-267.6 млн.руб.
 '

11-11-2024T11:14:38 - [MESSAGE][PASSED] - Text of object 'Object Repository/Страница авторизации/Text' is: 'Период
1, 2, 3 кв. 2024 года
Выручка
Все
Выполнение плановых показателей по ПАО Россети за 1, 2, 3 кв. 2024 года
План
Факт
Динамика
2024 год
0 млн.руб.
100 000 млн.руб.
200 000 млн.руб.
300 000 млн.руб.
400 000 млн.руб.
500 000 млн.руб.
600 000 млн.руб.
700 000 млн.руб.
800 000 млн.руб.
900 000 млн.руб.
1 000 000 млн.руб.
1 100 000 млн.руб.
1 200 000 млн.руб.
1 300 000 млн.руб.
1 056 816
1 056 549
↓
ДЗО 
Все
Внутренний оборот - выручка за услуги по передаче электрической энергии, учтенная в выручке за электроэнергию для конечных потребителей, при выполнении ДЗО функций гарантирующего поставщика
Подписи данных
⬤Отклонение
АО «Тываэнерго»
АО «Чеченэнерго»
Россети Волга
Россети Кубань
Россети Ленэнерго (ГК)
Россети Московский регион
Россети Северный Кавказ (ГК)
Россети Северо-Запад
Россети Сибирь (ГК)
Россети Томск
Россети Тюмень
Россети Урал (ГК)
Россети ФСК ЕЭС
Россети Центр
Россети Центр и Приволжье (ГК)
Россети Юг (ГК)
Россети Янтарь
-25 000млн.руб.
-20 000млн.руб.
-15 000млн.руб.
-10 000млн.руб.
-5 000млн.руб.
0млн.руб.
5 000млн.руб.
10 …
-30 000млн.руб.
239
68
25
3 470
3 855
6 900
821
839
2 116
213
-4 312
1 715
-25 094
3 410
3 873
1 315
277
млн.
%
Выручка
Отклонение выручки по ПАО Россети за 1, 2, 3 кв. 2024 года (факт/план, млн. руб)
ПАО Россети
-267.6 млн.руб.
 '

11-11-2024T11:14:38 - [TEST_STEP][PASSED] - if (urlText.contains("ошибка") || urlText.contains(searchWord) == false): null

11-11-2024T11:14:38 - [TEST_STEP][PASSED] - click(findTestObject("Выручка в рублях/Фильтр Период")): Object: 'Object Repository/Выручка в рублях/Фильтр Период' is clicked on

11-11-2024T11:14:38 - [MESSAGE][PASSED] - Object: 'Object Repository/Выручка в рублях/Фильтр Период' is clicked on

11-11-2024T11:14:38 - [TEST_STEP][PASSED] - click(findTestObject("Выручка в рублях/Снять выделение в фильтре Дата")): Object: 'Object Repository/Выручка в рублях/Снять выделение в фильтре Дата' is clicked on

11-11-2024T11:14:39 - [MESSAGE][PASSED] - Object: 'Object Repository/Выручка в рублях/Снять выделение в фильтре Дата' is clicked on

11-11-2024T11:14:39 - [TEST_STEP][PASSED] - click(findTestObject("Выручка в рублях/Применить в фильтре Дата")): Object: 'Object Repository/Выручка в рублях/Применить в фильтре Дата' is clicked on

11-11-2024T11:14:39 - [MESSAGE][PASSED] - Object: 'Object Repository/Выручка в рублях/Применить в фильтре Дата' is clicked on

11-11-2024T11:14:39 - [TEST_STEP][PASSED] - click(findTestObject("Выручка в рублях/Фильтр Период")): Object: 'Object Repository/Выручка в рублях/Фильтр Период' is clicked on

11-11-2024T11:14:41 - [MESSAGE][PASSED] - Object: 'Object Repository/Выручка в рублях/Фильтр Период' is clicked on

11-11-2024T11:14:41 - [TEST_STEP][PASSED] - click(findTestObject("Выручка в рублях/Снять выделение в фильтре Дата")): Object: 'Object Repository/Выручка в рублях/Снять выделение в фильтре Дата' is clicked on

11-11-2024T11:14:42 - [MESSAGE][PASSED] - Object: 'Object Repository/Выручка в рублях/Снять выделение в фильтре Дата' is clicked on

11-11-2024T11:14:42 - [TEST_STEP][PASSED] - scrollToElement(findTestObject("Выручка в рублях/2024 список"), 30): Scroll to object 'Object Repository/Выручка в рублях/2024 список' successfully

11-11-2024T11:14:42 - [MESSAGE][PASSED] - Scroll to object 'Object Repository/Выручка в рублях/2024 список' successfully

11-11-2024T11:14:42 - [TEST_STEP][PASSED] - click(findTestObject("Выручка в рублях/2024 список")): Object: 'Object Repository/Выручка в рублях/2024 список' is clicked on

11-11-2024T11:14:42 - [MESSAGE][PASSED] - Object: 'Object Repository/Выручка в рублях/2024 список' is clicked on

11-11-2024T11:14:42 - [TEST_STEP][PASSED] - scrollToElement(findTestObject("Выручка в рублях/1 квартал 2024 выбрать"), 30): Scroll to object 'Object Repository/Выручка в рублях/1 квартал 2024 выбрать' successfully

11-11-2024T11:14:43 - [MESSAGE][PASSED] - Scroll to object 'Object Repository/Выручка в рублях/1 квартал 2024 выбрать' successfully

11-11-2024T11:14:43 - [TEST_STEP][PASSED] - click(findTestObject("Выручка в рублях/1 квартал 2024 выбрать"), CONTINUE_ON_FAILURE): Object: 'Object Repository/Выручка в рублях/1 квартал 2024 выбрать' is clicked on

11-11-2024T11:14:43 - [MESSAGE][PASSED] - Object: 'Object Repository/Выручка в рублях/1 квартал 2024 выбрать' is clicked on

11-11-2024T11:14:43 - [TEST_STEP][PASSED] - scrollToElement(findTestObject("Выручка в рублях/2 квартал 2024 выбрать"), 30): Scroll to object 'Object Repository/Выручка в рублях/2 квартал 2024 выбрать' successfully

11-11-2024T11:14:44 - [MESSAGE][PASSED] - Scroll to object 'Object Repository/Выручка в рублях/2 квартал 2024 выбрать' successfully

11-11-2024T11:14:44 - [TEST_STEP][PASSED] - click(findTestObject("Выручка в рублях/2 квартал 2024 выбрать")): Object: 'Object Repository/Выручка в рублях/2 квартал 2024 выбрать' is clicked on

11-11-2024T11:14:44 - [MESSAGE][PASSED] - Object: 'Object Repository/Выручка в рублях/2 квартал 2024 выбрать' is clicked on

11-11-2024T11:14:44 - [TEST_STEP][PASSED] - scrollToElement(findTestObject("Выручка в рублях/3 квартал 2024 список"), 30): Scroll to object 'Object Repository/Выручка в рублях/3 квартал 2024 список' successfully

11-11-2024T11:14:45 - [MESSAGE][PASSED] - Scroll to object 'Object Repository/Выручка в рублях/3 квартал 2024 список' successfully

11-11-2024T11:14:45 - [TEST_STEP][PASSED] - click(findTestObject("Выручка в рублях/3 квартал 2024"), CONTINUE_ON_FAILURE): Object: 'Object Repository/Выручка в рублях/3 квартал 2024' is clicked on

11-11-2024T11:14:45 - [MESSAGE][PASSED] - Object: 'Object Repository/Выручка в рублях/3 квартал 2024' is clicked on

11-11-2024T11:14:45 - [TEST_STEP][PASSED] - click(findTestObject("Выручка в рублях/Применить в фильтре Дата")): Object: 'Object Repository/Выручка в рублях/Применить в фильтре Дата' is clicked on

11-11-2024T11:14:46 - [MESSAGE][PASSED] - Object: 'Object Repository/Выручка в рублях/Применить в фильтре Дата' is clicked on

11-11-2024T11:14:46 - [TEST_STEP][PASSED] - scrollToElement(findTestObject("Выручка в рублях/Заголовок дашборда"), 30): Scroll to object 'Object Repository/Выручка в рублях/Заголовок дашборда' successfully

11-11-2024T11:14:47 - [MESSAGE][PASSED] - Scroll to object 'Object Repository/Выручка в рублях/Заголовок дашборда' successfully

11-11-2024T11:14:47 - [TEST_STEP][PASSED] - delay(65): Delayed 65 second(s)

11-11-2024T11:15:52 - [MESSAGE][PASSED] - Delayed 65 second(s)

11-11-2024T11:15:52 - [TEST_STEP][PASSED] - a5 = "": null

11-11-2024T11:15:52 - [TEST_STEP][PASSED] - a6 = "": null

11-11-2024T11:15:52 - [TEST_STEP][PASSED] - a7 = "": null

11-11-2024T11:15:52 - [TEST_STEP][PASSED] - a8 = "": null

11-11-2024T11:15:52 - [TEST_STEP][PASSED] - a9 = "": null

11-11-2024T11:15:52 - [TEST_STEP][PASSED] - if (run == 1): null

11-11-2024T11:15:52 - [TEST_STEP][PASSED] - if (run == 2): null

11-11-2024T11:15:52 - [TEST_STEP][PASSED] - user = "Андреева": null

11-11-2024T11:15:52 - [TEST_STEP][PASSED] - a1 = getText(findTestObject("Выручка в рублях/График План")): Text of object 'Object Repository/Выручка в рублях/График План' is: '1 056 816'

11-11-2024T11:15:52 - [MESSAGE][PASSED] - Text of object 'Object Repository/Выручка в рублях/График План' is: '1 056 816'

11-11-2024T11:15:52 - [TEST_STEP][PASSED] - a2 = getText(findTestObject("Выручка в рублях/График Факт")): Text of object 'Object Repository/Выручка в рублях/График Факт' is: '1 056 549'

11-11-2024T11:15:53 - [MESSAGE][PASSED] - Text of object 'Object Repository/Выручка в рублях/График Факт' is: '1 056 549'

11-11-2024T11:15:53 - [TEST_STEP][PASSED] - a3 = getText(findTestObject("Выручка в рублях/График Отклонение выручки")): Text of object 'Object Repository/Выручка в рублях/График Отклонение выручки' is: 'Период
1, 2, 3 кв. 2024 года
Выручка
Все
Выполнение плановых показателей по ПАО Россети за 1, 2, 3 кв. 2024 года
План
Факт
Динамика
2024 год
0 млн.руб.
100 000 млн.руб.
200 000 млн.руб.
300 000 млн.руб.
400 000 млн.руб.
500 000 млн.руб.
600 000 млн.руб.
700 000 млн.руб.
800 000 млн.руб.
900 000 млн.руб.
1 000 000 млн.руб.
1 100 000 млн.руб.
1 200 000 млн.руб.
1 300 000 млн.руб.
1 056 816
1 056 549
↓
ДЗО 
Все
Внутренний оборот - выручка за услуги по передаче электрической энергии, учтенная в выручке за электроэнергию для конечных потребителей, при выполнении ДЗО функций гарантирующего поставщика
Подписи данных
⬤Отклонение
АО «Тываэнерго»
АО «Чеченэнерго»
Россети Волга
Россети Кубань
Россети Ленэнерго (ГК)
Россети Московский регион
Россети Северный Кавказ (ГК)
Россети Северо-Запад
Россети Сибирь (ГК)
Россети Томск
Россети Тюмень
Россети Урал (ГК)
Россети ФСК ЕЭС
Россети Центр
Россети Центр и Приволжье (ГК)
Россети Юг (ГК)
Россети Янтарь
-25 000млн.руб.
-20 000млн.руб.
-15 000млн.руб.
-10 000млн.руб.
-5 000млн.руб.
0млн.руб.
5 000млн.руб.
10 …
-30 000млн.руб.
239
68
25
3 470
3 855
6 900
821
839
2 116
213
-4 312
1 715
-25 094
3 410
3 873
1 315
277
млн.
%
Выручка
Отклонение выручки по ПАО Россети за 1, 2, 3 кв. 2024 года (факт/план, млн. руб)
ПАО Россети
-267.6 млн.руб.
 '

11-11-2024T11:15:53 - [MESSAGE][PASSED] - Text of object 'Object Repository/Выручка в рублях/График Отклонение выручки' is: 'Период
1, 2, 3 кв. 2024 года
Выручка
Все
Выполнение плановых показателей по ПАО Россети за 1, 2, 3 кв. 2024 года
План
Факт
Динамика
2024 год
0 млн.руб.
100 000 млн.руб.
200 000 млн.руб.
300 000 млн.руб.
400 000 млн.руб.
500 000 млн.руб.
600 000 млн.руб.
700 000 млн.руб.
800 000 млн.руб.
900 000 млн.руб.
1 000 000 млн.руб.
1 100 000 млн.руб.
1 200 000 млн.руб.
1 300 000 млн.руб.
1 056 816
1 056 549
↓
ДЗО 
Все
Внутренний оборот - выручка за услуги по передаче электрической энергии, учтенная в выручке за электроэнергию для конечных потребителей, при выполнении ДЗО функций гарантирующего поставщика
Подписи данных
⬤Отклонение
АО «Тываэнерго»
АО «Чеченэнерго»
Россети Волга
Россети Кубань
Россети Ленэнерго (ГК)
Россети Московский регион
Россети Северный Кавказ (ГК)
Россети Северо-Запад
Россети Сибирь (ГК)
Россети Томск
Россети Тюмень
Россети Урал (ГК)
Россети ФСК ЕЭС
Россети Центр
Россети Центр и Приволжье (ГК)
Россети Юг (ГК)
Россети Янтарь
-25 000млн.руб.
-20 000млн.руб.
-15 000млн.руб.
-10 000млн.руб.
-5 000млн.руб.
0млн.руб.
5 000млн.руб.
10 …
-30 000млн.руб.
239
68
25
3 470
3 855
6 900
821
839
2 116
213
-4 312
1 715
-25 094
3 410
3 873
1 315
277
млн.
%
Выручка
Отклонение выручки по ПАО Россети за 1, 2, 3 кв. 2024 года (факт/план, млн. руб)
ПАО Россети
-267.6 млн.руб.
 '

11-11-2024T11:15:53 - [TEST_STEP][PASSED] - a3 = a3.substring(a3.lastIndexOf("Отклонение")): null

11-11-2024T11:15:53 - [TEST_STEP][PASSED] - click(findTestObject("Выручка в рублях/Переключить отображение с млн на проценты Выручка в рублях")): Object: 'Object Repository/Выручка в рублях/Переключить отображение с млн на проценты Выручка в рублях' is clicked on

11-11-2024T11:15:54 - [MESSAGE][PASSED] - Object: 'Object Repository/Выручка в рублях/Переключить отображение с млн на проценты Выручка в рублях' is clicked on

11-11-2024T11:15:54 - [TEST_STEP][PASSED] - a4 = getText(findTestObject("Выручка в рублях/График Отклонение выручки")): Text of object 'Object Repository/Выручка в рублях/График Отклонение выручки' is: 'Период
1, 2, 3 кв. 2024 года
Выручка
Все
Выполнение плановых показателей по ПАО Россети за 1, 2, 3 кв. 2024 года
План
Факт
Динамика
2024 год
0 млн.руб.
100 000 млн.руб.
200 000 млн.руб.
300 000 млн.руб.
400 000 млн.руб.
500 000 млн.руб.
600 000 млн.руб.
700 000 млн.руб.
800 000 млн.руб.
900 000 млн.руб.
1 000 000 млн.руб.
1 100 000 млн.руб.
1 200 000 млн.руб.
1 300 000 млн.руб.
1 056 816
1 056 549
↓
ДЗО 
Все
Отклонение выручки по ПАО Россети за 1, 2, 3 кв. 2024 года (факт/план, %)
ПАО Россети
-25.75 %
Внутренний оборот - выручка за услуги по передаче электрической энергии, учтенная в выручке за электроэнергию для конечных потребителей, при выполнении ДЗО функций гарантирующего поставщика
⬤Отклонение
АО «Тываэнерго»
АО «Чеченэнерго»
Россети Волга
Россети Кубань
Россети Ленэнерго (ГК)
Россети Московский регион
Россети Северный Кавказ (ГК)
Россети Северо-Запад
Россети Сибирь (ГК)
Россети Томск
Россети Тюмень
Россети Урал (ГК)
Россети ФСК ЕЭС
Россети Центр
Россети Центр и Приволжье (ГК)
Россети Юг (ГК)
Россети Янтарь
-60 %
-50 %
-40 %
-30 %
-20 %
-10 %
0 %
10 %
20 %
30 %
17.34 %
-48.99 %
-49.98 %
-46.94 %
-47.39 %
4.51 %
-49.02 %
2.16 %
4.15 %
-48.47 %
-53.49 %
2.23 %
-10.91 %
-30.67 %
4.25 %
-48.3 %
3.93 %
Подписи данных
млн.
%
Выручка
 '

11-11-2024T11:15:54 - [MESSAGE][PASSED] - Text of object 'Object Repository/Выручка в рублях/График Отклонение выручки' is: 'Период
1, 2, 3 кв. 2024 года
Выручка
Все
Выполнение плановых показателей по ПАО Россети за 1, 2, 3 кв. 2024 года
План
Факт
Динамика
2024 год
0 млн.руб.
100 000 млн.руб.
200 000 млн.руб.
300 000 млн.руб.
400 000 млн.руб.
500 000 млн.руб.
600 000 млн.руб.
700 000 млн.руб.
800 000 млн.руб.
900 000 млн.руб.
1 000 000 млн.руб.
1 100 000 млн.руб.
1 200 000 млн.руб.
1 300 000 млн.руб.
1 056 816
1 056 549
↓
ДЗО 
Все
Отклонение выручки по ПАО Россети за 1, 2, 3 кв. 2024 года (факт/план, %)
ПАО Россети
-25.75 %
Внутренний оборот - выручка за услуги по передаче электрической энергии, учтенная в выручке за электроэнергию для конечных потребителей, при выполнении ДЗО функций гарантирующего поставщика
⬤Отклонение
АО «Тываэнерго»
АО «Чеченэнерго»
Россети Волга
Россети Кубань
Россети Ленэнерго (ГК)
Россети Московский регион
Россети Северный Кавказ (ГК)
Россети Северо-Запад
Россети Сибирь (ГК)
Россети Томск
Россети Тюмень
Россети Урал (ГК)
Россети ФСК ЕЭС
Россети Центр
Россети Центр и Приволжье (ГК)
Россети Юг (ГК)
Россети Янтарь
-60 %
-50 %
-40 %
-30 %
-20 %
-10 %
0 %
10 %
20 %
30 %
17.34 %
-48.99 %
-49.98 %
-46.94 %
-47.39 %
4.51 %
-49.02 %
2.16 %
4.15 %
-48.47 %
-53.49 %
2.23 %
-10.91 %
-30.67 %
4.25 %
-48.3 %
3.93 %
Подписи данных
млн.
%
Выручка
 '

11-11-2024T11:15:54 - [TEST_STEP][PASSED] - a4 = a4.substring(a4.lastIndexOf("Отклонение")): null

11-11-2024T11:15:54 - [TEST_STEP][PASSED] - click(findTestObject("Выручка в рублях/Переключить отображение с процентов на млн Выручка в рублях")): Object: 'Object Repository/Выручка в рублях/Переключить отображение с процентов на млн Выручка в рублях' is clicked on

11-11-2024T11:15:55 - [MESSAGE][PASSED] - Object: 'Object Repository/Выручка в рублях/Переключить отображение с процентов на млн Выручка в рублях' is clicked on

11-11-2024T11:15:55 - [TEST_STEP][PASSED] - n = n + 4: null

11-11-2024T11:15:55 - [TEST_STEP][PASSED] - b = n - run + 1: null

11-11-2024T11:15:55 - [TEST_STEP][PASSED] - verifyEqual(findTestData("PlanFact").getValue(2, b), a1): Actual object '1 056 816' and expected object '1 056 816' are equal

11-11-2024T11:15:55 - [MESSAGE][PASSED] - Actual object '1 056 816' and expected object '1 056 816' are equal

11-11-2024T11:15:55 - [TEST_STEP][PASSED] - verifyEqual(findTestData("PlanFact").getValue(3, b), a2): Actual object '1 056 549' and expected object '1 056 549' are equal

11-11-2024T11:15:55 - [MESSAGE][PASSED] - Actual object '1 056 549' and expected object '1 056 549' are equal

11-11-2024T11:15:55 - [TEST_STEP][PASSED] - verifyEqual(findTestData("PlanFact").getValue(4, b), a3): Actual object 'Отклонение выручки по ПАО Россети за 1, 2, 3 кв. 2024 года (факт/план, млн. руб)
ПАО Россети
-267.6 млн.руб.
 ' and expected object 'Отклонение выручки по ПАО Россети за 1, 2, 3 кв. 2024 года (факт/план, млн. руб)
ПАО Россети
-267.6 млн.руб.
 ' are equal

11-11-2024T11:15:55 - [MESSAGE][PASSED] - Actual object 'Отклонение выручки по ПАО Россети за 1, 2, 3 кв. 2024 года (факт/план, млн. руб)
ПАО Россети
-267.6 млн.руб.
 ' and expected object 'Отклонение выручки по ПАО Россети за 1, 2, 3 кв. 2024 года (факт/план, млн. руб)
ПАО Россети
-267.6 млн.руб.
 ' are equal

11-11-2024T11:15:55 - [TEST_STEP][PASSED] - verifyEqual(findTestData("PlanFact").getValue(5, b), a4): Actual object 'Отклонение
АО «Тываэнерго»
АО «Чеченэнерго»
Россети Волга
Россети Кубань
Россети Ленэнерго (ГК)
Россети Московский регион
Россети Северный Кавказ (ГК)
Россети Северо-Запад
Россети Сибирь (ГК)
Россети Томск
Россети Тюмень
Россети Урал (ГК)
Россети ФСК ЕЭС
Россети Центр
Россети Центр и Приволжье (ГК)
Россети Юг (ГК)
Россети Янтарь
-60 %
-50 %
-40 %
-30 %
-20 %
-10 %
0 %
10 %
20 %
30 %
17.34 %
-48.99 %
-49.98 %
-46.94 %
-47.39 %
4.51 %
-49.02 %
2.16 %
4.15 %
-48.47 %
-53.49 %
2.23 %
-10.91 %
-30.67 %
4.25 %
-48.3 %
3.93 %
Подписи данных
млн.
%
Выручка
 ' and expected object 'Отклонение
АО «Тываэнерго»
АО «Чеченэнерго»
Россети Волга
Россети Кубань
Россети Ленэнерго (ГК)
Россети Московский регион
Россети Северный Кавказ (ГК)
Россети Северо-Запад
Россети Сибирь (ГК)
Россети Томск
Россети Тюмень
Россети Урал (ГК)
Россети ФСК ЕЭС
Россети Центр
Россети Центр и Приволжье (ГК)
Россети Юг (ГК)
Россети Янтарь
-60 %
-50 %
-40 %
-30 %
-20 %
-10 %
0 %
10 %
20 %
30 %
17.34 %
-48.99 %
-49.98 %
-46.94 %
-47.39 %
4.51 %
-49.02 %
2.16 %
4.15 %
-48.47 %
-53.49 %
2.23 %
-10.91 %
-30.67 %
4.25 %
-48.3 %
3.93 %
Подписи данных
млн.
%
Выручка
 ' are equal

11-11-2024T11:15:55 - [MESSAGE][PASSED] - Actual object 'Отклонение
АО «Тываэнерго»
АО «Чеченэнерго»
Россети Волга
Россети Кубань
Россети Ленэнерго (ГК)
Россети Московский регион
Россети Северный Кавказ (ГК)
Россети Северо-Запад
Россети Сибирь (ГК)
Россети Томск
Россети Тюмень
Россети Урал (ГК)
Россети ФСК ЕЭС
Россети Центр
Россети Центр и Приволжье (ГК)
Россети Юг (ГК)
Россети Янтарь
-60 %
-50 %
-40 %
-30 %
-20 %
-10 %
0 %
10 %
20 %
30 %
17.34 %
-48.99 %
-49.98 %
-46.94 %
-47.39 %
4.51 %
-49.02 %
2.16 %
4.15 %
-48.47 %
-53.49 %
2.23 %
-10.91 %
-30.67 %
4.25 %
-48.3 %
3.93 %
Подписи данных
млн.
%
Выручка
 ' and expected object 'Отклонение
АО «Тываэнерго»
АО «Чеченэнерго»
Россети Волга
Россети Кубань
Россети Ленэнерго (ГК)
Россети Московский регион
Россети Северный Кавказ (ГК)
Россети Северо-Запад
Россети Сибирь (ГК)
Россети Томск
Россети Тюмень
Россети Урал (ГК)
Россети ФСК ЕЭС
Россети Центр
Россети Центр и Приволжье (ГК)
Россети Юг (ГК)
Россети Янтарь
-60 %
-50 %
-40 %
-30 %
-20 %
-10 %
0 %
10 %
20 %
30 %
17.34 %
-48.99 %
-49.98 %
-46.94 %
-47.39 %
4.51 %
-49.02 %
2.16 %
4.15 %
-48.47 %
-53.49 %
2.23 %
-10.91 %
-30.67 %
4.25 %
-48.3 %
3.93 %
Подписи данных
млн.
%
Выручка
 ' are equal

11-11-2024T11:15:55 - [TEST_STEP][PASSED] - Script1686231490255.WriteToExcel(user, dashboardName, n, data, run, a1, a2, a3, a4, a5, a6, a7, a8, a9): null

11-11-2024T11:15:55 - [TEST_STEP][PASSED] - sheetName = "Sheet1": null

11-11-2024T11:15:55 - [TEST_STEP][PASSED] - workbook01 = getWorkbook(excelFilePath): null

11-11-2024T11:15:55 - [TEST_STEP][PASSED] - sheet01 = getExcelSheet(workbook01, sheetName): null

11-11-2024T11:15:55 - [TEST_STEP][PASSED] - setValueToCellByIndex(sheet01, n, 0, dashboardName): null

11-11-2024T11:15:55 - [TEST_STEP][PASSED] - setValueToCellByIndex(sheet01, n, 10, user): null

11-11-2024T11:15:55 - [TEST_STEP][PASSED] - setValueToCellByIndex(sheet01, n, 1, a1): null

11-11-2024T11:15:55 - [TEST_STEP][PASSED] - setValueToCellByIndex(sheet01, n, 2, a2): null

11-11-2024T11:15:55 - [TEST_STEP][PASSED] - setValueToCellByIndex(sheet01, n, 3, a3): null

11-11-2024T11:15:55 - [TEST_STEP][PASSED] - setValueToCellByIndex(sheet01, n, 4, a4): null

11-11-2024T11:15:55 - [TEST_STEP][PASSED] - setValueToCellByIndex(sheet01, n, 5, a5): null

11-11-2024T11:15:55 - [TEST_STEP][PASSED] - setValueToCellByIndex(sheet01, n, 6, a6): null

11-11-2024T11:15:55 - [TEST_STEP][PASSED] - setValueToCellByIndex(sheet01, n, 7, a7): null

11-11-2024T11:15:55 - [TEST_STEP][PASSED] - setValueToCellByIndex(sheet01, n, 8, a8): null

11-11-2024T11:15:55 - [TEST_STEP][PASSED] - setValueToCellByIndex(sheet01, n, 9, a9): null

11-11-2024T11:15:55 - [TEST_STEP][PASSED] - n = n + 1: null

11-11-2024T11:15:55 - [TEST_STEP][PASSED] - saveWorkbook(excelFilePath, workbook01): null

11-11-2024T11:15:55 - [TEST_STEP][PASSED] - if (run == 3): null

11-11-2024T11:15:55 - [TEST_STEP][PASSED] - closeBrowser(): null

11-11-2024T11:15:55 - [MESSAGE][PASSED] - Browser is closed

11-11-2024T11:15:55 - [TEST_STEP][PASSED] - ViruchkaVRublyah(user, dashboardName, n, data, run, a1, a2, a3, a4, a5, a6, a7, a8, a9, urlData): null

11-11-2024T11:15:55 - [TEST_STEP][PASSED] - n = data.getRowNumbers() + 1: null

11-11-2024T11:15:55 - [TEST_STEP][PASSED] - println(n): null

11-11-2024T11:15:55 - [TEST_STEP][PASSED] - dashboardName = "Вырука в рублях": null

11-11-2024T11:15:55 - [TEST_STEP][PASSED] - openBrowser(""): Browser is opened with url: ''

11-11-2024T11:15:55 - [MESSAGE][INFO] - Starting 'Chrome' driver

11-11-2024T11:15:55 - [MESSAGE][INFO] - Action delay is set to 0 milliseconds

11-11-2024T11:15:56 - [MESSAGE][PASSED] - Browser is opened with url: ''

11-11-2024T11:15:56 - [TEST_STEP][PASSED] - urlData = 2: null

11-11-2024T11:15:56 - [TEST_STEP][PASSED] - Script1686231490255.CheckPageDownload(urlData, run): null

11-11-2024T11:15:56 - [TEST_STEP][PASSED] - i = 1: null

11-11-2024T11:15:56 - [TEST_STEP][PASSED] - ii = 0: null

11-11-2024T11:15:56 - [TEST_STEP][PASSED] - urlText = <not implemented yet for class: org.codehaus.groovy.ast.expr.EmptyExpression>: null

11-11-2024T11:15:56 - [TEST_STEP][PASSED] - searchWord = <not implemented yet for class: org.codehaus.groovy.ast.expr.EmptyExpression>: null

11-11-2024T11:15:56 - [TEST_STEP][PASSED] - deleteAllCookies(): Delete all cookies successfully

11-11-2024T11:15:56 - [MESSAGE][PASSED] - Delete all cookies successfully

11-11-2024T11:15:56 - [TEST_STEP][PASSED] - refresh(): Refresh successfully

11-11-2024T11:15:56 - [MESSAGE][PASSED] - Refresh successfully

11-11-2024T11:15:56 - [TEST_STEP][PASSED] - delay(65): Delayed 65 second(s)

11-11-2024T11:17:01 - [MESSAGE][PASSED] - Delayed 65 second(s)

11-11-2024T11:17:01 - [TEST_STEP][PASSED] - navigateToUrl(findTestData("PlanFact").getValue(10, urlData)): Navigate to 'https://bi.rosseti.digital/viewer?dashboardGuid=2301950b23be4ed89c1df75f2020051e&sheetGuid=b723206f698544fb87299f3095c00435&fit=true' successfully

11-11-2024T11:17:07 - [MESSAGE][PASSED] - Navigate to 'https://bi.rosseti.digital/viewer?dashboardGuid=2301950b23be4ed89c1df75f2020051e&sheetGuid=b723206f698544fb87299f3095c00435&fit=true' successfully

11-11-2024T11:17:07 - [TEST_STEP][PASSED] - pageLoaded1 = verifyElementPresent(findTestObject("Страница авторизации/Text"), 30): Object 'Object Repository/Страница авторизации/Text' is present

11-11-2024T11:17:11 - [MESSAGE][PASSED] - Object 'Object Repository/Страница авторизации/Text' is present

11-11-2024T11:17:11 - [TEST_STEP][PASSED] - if (pageLoaded1 == false): null

11-11-2024T11:17:11 - [TEST_STEP][PASSED] - urlText = getText(findTestObject("Страница авторизации/Text")): Text of object 'Object Repository/Страница авторизации/Text' is: 'Вход'

11-11-2024T11:17:11 - [MESSAGE][PASSED] - Text of object 'Object Repository/Страница авторизации/Text' is: 'Вход'

11-11-2024T11:17:11 - [TEST_STEP][PASSED] - delay(65): Delayed 65 second(s)

11-11-2024T11:18:16 - [MESSAGE][PASSED] - Delayed 65 second(s)

11-11-2024T11:18:16 - [TEST_STEP][PASSED] - searchWord = "Вход": null

11-11-2024T11:18:16 - [TEST_STEP][PASSED] - if (urlText.contains(searchWord) == false): null

11-11-2024T11:18:16 - [TEST_STEP][PASSED] - setText(findTestObject("Страница авторизации/input__username"), findTestData("PlanFact").getValue(8, run)): Text 'Petrova-OV' is set on object 'Object Repository/Страница авторизации/input__username'

11-11-2024T11:18:16 - [MESSAGE][PASSED] - Text 'Petrova-OV' is set on object 'Object Repository/Страница авторизации/input__username'

11-11-2024T11:18:16 - [TEST_STEP][PASSED] - setText(findTestObject("Страница авторизации/input__password"), findTestData("PlanFact").getValue(9, run)): Text '4Ex@~R53r&3x&BVe7' is set on object 'Object Repository/Страница авторизации/input__password'

11-11-2024T11:18:17 - [MESSAGE][PASSED] - Text '4Ex@~R53r&3x&BVe7' is set on object 'Object Repository/Страница авторизации/input__password'

11-11-2024T11:18:17 - [TEST_STEP][PASSED] - click(findTestObject("Страница авторизации/button_")): Object: 'Object Repository/Страница авторизации/button_' is clicked on

11-11-2024T11:18:20 - [MESSAGE][PASSED] - Object: 'Object Repository/Страница авторизации/button_' is clicked on

11-11-2024T11:18:20 - [TEST_STEP][PASSED] - delay(65): Delayed 65 second(s)

11-11-2024T11:19:25 - [MESSAGE][PASSED] - Delayed 65 second(s)

11-11-2024T11:19:25 - [TEST_STEP][PASSED] - searchWord = "а": null

11-11-2024T11:19:25 - [TEST_STEP][PASSED] - pageLoaded2 = verifyElementPresent(findTestObject("Страница авторизации/Text"), 50): Object 'Object Repository/Страница авторизации/Text' is present

11-11-2024T11:19:26 - [MESSAGE][PASSED] - Object 'Object Repository/Страница авторизации/Text' is present

11-11-2024T11:19:26 - [TEST_STEP][PASSED] - if (pageLoaded2 == false): null

11-11-2024T11:19:26 - [TEST_STEP][PASSED] - urlText = getText(findTestObject("Страница авторизации/Text")): Text of object 'Object Repository/Страница авторизации/Text' is: 'Период
1, 2, 3 кв. 2024 года
Выручка
Все
Выполнение плановых показателей по ПАО Россети за 1, 2, 3 кв. 2024 года
План
Факт
Динамика
2024 год
0 млн.руб.
100 000 млн.руб.
200 000 млн.руб.
300 000 млн.руб.
400 000 млн.руб.
500 000 млн.руб.
600 000 млн.руб.
700 000 млн.руб.
800 000 млн.руб.
900 000 млн.руб.
1 000 000 млн.руб.
1 100 000 млн.руб.
1 200 000 млн.руб.
1 300 000 млн.руб.
1 056 816
1 056 549
↓
ДЗО 
Все
Внутренний оборот - выручка за услуги по передаче электрической энергии, учтенная в выручке за электроэнергию для конечных потребителей, при выполнении ДЗО функций гарантирующего поставщика
Подписи данных
⬤Отклонение
АО «Тываэнерго»
АО «Чеченэнерго»
Россети Волга
Россети Кубань
Россети Ленэнерго (ГК)
Россети Московский регион
Россети Северный Кавказ (ГК)
Россети Северо-Запад
Россети Сибирь (ГК)
Россети Томск
Россети Тюмень
Россети Урал (ГК)
Россети ФСК ЕЭС
Россети Центр
Россети Центр и Приволжье (ГК)
Россети Юг (ГК)
Россети Янтарь
-25 000млн.руб.
-20 000млн.руб.
-15 000млн.руб.
-10 000млн.руб.
-5 000млн.руб.
0млн.руб.
5 000млн.руб.
10 …
-30 000млн.руб.
239
68
25
3 470
3 855
6 900
821
839
2 116
213
-4 312
1 715
-25 094
3 410
3 873
1 315
277
млн.
%
Выручка
Отклонение выручки по ПАО Россети за 1, 2, 3 кв. 2024 года (факт/план, млн. руб)
ПАО Россети
-267.6 млн.руб.
 '

11-11-2024T11:19:27 - [MESSAGE][PASSED] - Text of object 'Object Repository/Страница авторизации/Text' is: 'Период
1, 2, 3 кв. 2024 года
Выручка
Все
Выполнение плановых показателей по ПАО Россети за 1, 2, 3 кв. 2024 года
План
Факт
Динамика
2024 год
0 млн.руб.
100 000 млн.руб.
200 000 млн.руб.
300 000 млн.руб.
400 000 млн.руб.
500 000 млн.руб.
600 000 млн.руб.
700 000 млн.руб.
800 000 млн.руб.
900 000 млн.руб.
1 000 000 млн.руб.
1 100 000 млн.руб.
1 200 000 млн.руб.
1 300 000 млн.руб.
1 056 816
1 056 549
↓
ДЗО 
Все
Внутренний оборот - выручка за услуги по передаче электрической энергии, учтенная в выручке за электроэнергию для конечных потребителей, при выполнении ДЗО функций гарантирующего поставщика
Подписи данных
⬤Отклонение
АО «Тываэнерго»
АО «Чеченэнерго»
Россети Волга
Россети Кубань
Россети Ленэнерго (ГК)
Россети Московский регион
Россети Северный Кавказ (ГК)
Россети Северо-Запад
Россети Сибирь (ГК)
Россети Томск
Россети Тюмень
Россети Урал (ГК)
Россети ФСК ЕЭС
Россети Центр
Россети Центр и Приволжье (ГК)
Россети Юг (ГК)
Россети Янтарь
-25 000млн.руб.
-20 000млн.руб.
-15 000млн.руб.
-10 000млн.руб.
-5 000млн.руб.
0млн.руб.
5 000млн.руб.
10 …
-30 000млн.руб.
239
68
25
3 470
3 855
6 900
821
839
2 116
213
-4 312
1 715
-25 094
3 410
3 873
1 315
277
млн.
%
Выручка
Отклонение выручки по ПАО Россети за 1, 2, 3 кв. 2024 года (факт/план, млн. руб)
ПАО Россети
-267.6 млн.руб.
 '

11-11-2024T11:19:27 - [TEST_STEP][PASSED] - if (urlText.contains("ошибка") || urlText.contains(searchWord) == false): null

11-11-2024T11:19:27 - [TEST_STEP][PASSED] - click(findTestObject("Выручка в рублях/Фильтр Период")): Object: 'Object Repository/Выручка в рублях/Фильтр Период' is clicked on

11-11-2024T11:19:27 - [MESSAGE][PASSED] - Object: 'Object Repository/Выручка в рублях/Фильтр Период' is clicked on

11-11-2024T11:19:27 - [TEST_STEP][PASSED] - click(findTestObject("Выручка в рублях/Снять выделение в фильтре Дата")): Object: 'Object Repository/Выручка в рублях/Снять выделение в фильтре Дата' is clicked on

11-11-2024T11:19:28 - [MESSAGE][PASSED] - Object: 'Object Repository/Выручка в рублях/Снять выделение в фильтре Дата' is clicked on

11-11-2024T11:19:28 - [TEST_STEP][PASSED] - click(findTestObject("Выручка в рублях/Применить в фильтре Дата")): Object: 'Object Repository/Выручка в рублях/Применить в фильтре Дата' is clicked on

11-11-2024T11:19:28 - [MESSAGE][PASSED] - Object: 'Object Repository/Выручка в рублях/Применить в фильтре Дата' is clicked on

11-11-2024T11:19:28 - [TEST_STEP][PASSED] - click(findTestObject("Выручка в рублях/Фильтр Период")): Object: 'Object Repository/Выручка в рублях/Фильтр Период' is clicked on

11-11-2024T11:19:31 - [MESSAGE][PASSED] - Object: 'Object Repository/Выручка в рублях/Фильтр Период' is clicked on

11-11-2024T11:19:31 - [TEST_STEP][PASSED] - click(findTestObject("Выручка в рублях/Снять выделение в фильтре Дата")): Object: 'Object Repository/Выручка в рублях/Снять выделение в фильтре Дата' is clicked on

11-11-2024T11:19:32 - [MESSAGE][PASSED] - Object: 'Object Repository/Выручка в рублях/Снять выделение в фильтре Дата' is clicked on

11-11-2024T11:19:32 - [TEST_STEP][PASSED] - scrollToElement(findTestObject("Выручка в рублях/2024 список"), 30): Scroll to object 'Object Repository/Выручка в рублях/2024 список' successfully

11-11-2024T11:19:32 - [MESSAGE][PASSED] - Scroll to object 'Object Repository/Выручка в рублях/2024 список' successfully

11-11-2024T11:19:32 - [TEST_STEP][PASSED] - click(findTestObject("Выручка в рублях/2024 список")): Object: 'Object Repository/Выручка в рублях/2024 список' is clicked on

11-11-2024T11:19:32 - [MESSAGE][PASSED] - Object: 'Object Repository/Выручка в рублях/2024 список' is clicked on

11-11-2024T11:19:32 - [TEST_STEP][PASSED] - scrollToElement(findTestObject("Выручка в рублях/1 квартал 2024 выбрать"), 30): Scroll to object 'Object Repository/Выручка в рублях/1 квартал 2024 выбрать' successfully

11-11-2024T11:19:33 - [MESSAGE][PASSED] - Scroll to object 'Object Repository/Выручка в рублях/1 квартал 2024 выбрать' successfully

11-11-2024T11:19:33 - [TEST_STEP][PASSED] - click(findTestObject("Выручка в рублях/1 квартал 2024 выбрать"), CONTINUE_ON_FAILURE): Object: 'Object Repository/Выручка в рублях/1 квартал 2024 выбрать' is clicked on

11-11-2024T11:19:33 - [MESSAGE][PASSED] - Object: 'Object Repository/Выручка в рублях/1 квартал 2024 выбрать' is clicked on

11-11-2024T11:19:33 - [TEST_STEP][PASSED] - scrollToElement(findTestObject("Выручка в рублях/2 квартал 2024 выбрать"), 30): Scroll to object 'Object Repository/Выручка в рублях/2 квартал 2024 выбрать' successfully

11-11-2024T11:19:34 - [MESSAGE][PASSED] - Scroll to object 'Object Repository/Выручка в рублях/2 квартал 2024 выбрать' successfully

11-11-2024T11:19:34 - [TEST_STEP][PASSED] - click(findTestObject("Выручка в рублях/2 квартал 2024 выбрать")): Object: 'Object Repository/Выручка в рублях/2 квартал 2024 выбрать' is clicked on

11-11-2024T11:19:34 - [MESSAGE][PASSED] - Object: 'Object Repository/Выручка в рублях/2 квартал 2024 выбрать' is clicked on

11-11-2024T11:19:34 - [TEST_STEP][PASSED] - scrollToElement(findTestObject("Выручка в рублях/3 квартал 2024 список"), 30): Scroll to object 'Object Repository/Выручка в рублях/3 квартал 2024 список' successfully

11-11-2024T11:19:34 - [MESSAGE][PASSED] - Scroll to object 'Object Repository/Выручка в рублях/3 квартал 2024 список' successfully

11-11-2024T11:19:34 - [TEST_STEP][PASSED] - click(findTestObject("Выручка в рублях/3 квартал 2024"), CONTINUE_ON_FAILURE): Object: 'Object Repository/Выручка в рублях/3 квартал 2024' is clicked on

11-11-2024T11:19:35 - [MESSAGE][PASSED] - Object: 'Object Repository/Выручка в рублях/3 квартал 2024' is clicked on

11-11-2024T11:19:35 - [TEST_STEP][PASSED] - click(findTestObject("Выручка в рублях/Применить в фильтре Дата")): Object: 'Object Repository/Выручка в рублях/Применить в фильтре Дата' is clicked on

11-11-2024T11:19:35 - [MESSAGE][PASSED] - Object: 'Object Repository/Выручка в рублях/Применить в фильтре Дата' is clicked on

11-11-2024T11:19:35 - [TEST_STEP][PASSED] - scrollToElement(findTestObject("Выручка в рублях/Заголовок дашборда"), 30): Scroll to object 'Object Repository/Выручка в рублях/Заголовок дашборда' successfully

11-11-2024T11:19:37 - [MESSAGE][PASSED] - Scroll to object 'Object Repository/Выручка в рублях/Заголовок дашборда' successfully

11-11-2024T11:19:37 - [TEST_STEP][PASSED] - delay(65): Delayed 65 second(s)

11-11-2024T11:20:42 - [MESSAGE][PASSED] - Delayed 65 second(s)

11-11-2024T11:20:42 - [TEST_STEP][PASSED] - a5 = "": null

11-11-2024T11:20:42 - [TEST_STEP][PASSED] - a6 = "": null

11-11-2024T11:20:42 - [TEST_STEP][PASSED] - a7 = "": null

11-11-2024T11:20:42 - [TEST_STEP][PASSED] - a8 = "": null

11-11-2024T11:20:42 - [TEST_STEP][PASSED] - a9 = "": null

11-11-2024T11:20:42 - [TEST_STEP][PASSED] - if (run == 1): null

11-11-2024T11:20:42 - [TEST_STEP][PASSED] - if (run == 2): null

11-11-2024T11:20:42 - [TEST_STEP][PASSED] - if (run == 3): null

11-11-2024T11:20:42 - [TEST_STEP][PASSED] - user = "Попова": null

11-11-2024T11:20:42 - [TEST_STEP][PASSED] - a1 = getText(findTestObject("Выручка в рублях/График План")): Text of object 'Object Repository/Выручка в рублях/График План' is: '1 056 816'

11-11-2024T11:20:42 - [MESSAGE][PASSED] - Text of object 'Object Repository/Выручка в рублях/График План' is: '1 056 816'

11-11-2024T11:20:42 - [TEST_STEP][PASSED] - a2 = getText(findTestObject("Выручка в рублях/График Факт")): Text of object 'Object Repository/Выручка в рублях/График Факт' is: '1 056 549'

11-11-2024T11:20:43 - [MESSAGE][PASSED] - Text of object 'Object Repository/Выручка в рублях/График Факт' is: '1 056 549'

11-11-2024T11:20:43 - [TEST_STEP][PASSED] - a3 = getText(findTestObject("Выручка в рублях/График Отклонение выручки")): Text of object 'Object Repository/Выручка в рублях/График Отклонение выручки' is: 'Период
1, 2, 3 кв. 2024 года
Выручка
Все
Выполнение плановых показателей по ПАО Россети за 1, 2, 3 кв. 2024 года
План
Факт
Динамика
2024 год
0 млн.руб.
100 000 млн.руб.
200 000 млн.руб.
300 000 млн.руб.
400 000 млн.руб.
500 000 млн.руб.
600 000 млн.руб.
700 000 млн.руб.
800 000 млн.руб.
900 000 млн.руб.
1 000 000 млн.руб.
1 100 000 млн.руб.
1 200 000 млн.руб.
1 300 000 млн.руб.
1 056 816
1 056 549
↓
ДЗО 
Все
Внутренний оборот - выручка за услуги по передаче электрической энергии, учтенная в выручке за электроэнергию для конечных потребителей, при выполнении ДЗО функций гарантирующего поставщика
Подписи данных
⬤Отклонение
АО «Тываэнерго»
АО «Чеченэнерго»
Россети Волга
Россети Кубань
Россети Ленэнерго (ГК)
Россети Московский регион
Россети Северный Кавказ (ГК)
Россети Северо-Запад
Россети Сибирь (ГК)
Россети Томск
Россети Тюмень
Россети Урал (ГК)
Россети ФСК ЕЭС
Россети Центр
Россети Центр и Приволжье (ГК)
Россети Юг (ГК)
Россети Янтарь
-25 000млн.руб.
-20 000млн.руб.
-15 000млн.руб.
-10 000млн.руб.
-5 000млн.руб.
0млн.руб.
5 000млн.руб.
10 …
-30 000млн.руб.
239
68
25
3 470
3 855
6 900
821
839
2 116
213
-4 312
1 715
-25 094
3 410
3 873
1 315
277
млн.
%
Выручка
Отклонение выручки по ПАО Россети за 1, 2, 3 кв. 2024 года (факт/план, млн. руб)
ПАО Россети
-267.6 млн.руб.
 '

11-11-2024T11:20:43 - [MESSAGE][PASSED] - Text of object 'Object Repository/Выручка в рублях/График Отклонение выручки' is: 'Период
1, 2, 3 кв. 2024 года
Выручка
Все
Выполнение плановых показателей по ПАО Россети за 1, 2, 3 кв. 2024 года
План
Факт
Динамика
2024 год
0 млн.руб.
100 000 млн.руб.
200 000 млн.руб.
300 000 млн.руб.
400 000 млн.руб.
500 000 млн.руб.
600 000 млн.руб.
700 000 млн.руб.
800 000 млн.руб.
900 000 млн.руб.
1 000 000 млн.руб.
1 100 000 млн.руб.
1 200 000 млн.руб.
1 300 000 млн.руб.
1 056 816
1 056 549
↓
ДЗО 
Все
Внутренний оборот - выручка за услуги по передаче электрической энергии, учтенная в выручке за электроэнергию для конечных потребителей, при выполнении ДЗО функций гарантирующего поставщика
Подписи данных
⬤Отклонение
АО «Тываэнерго»
АО «Чеченэнерго»
Россети Волга
Россети Кубань
Россети Ленэнерго (ГК)
Россети Московский регион
Россети Северный Кавказ (ГК)
Россети Северо-Запад
Россети Сибирь (ГК)
Россети Томск
Россети Тюмень
Россети Урал (ГК)
Россети ФСК ЕЭС
Россети Центр
Россети Центр и Приволжье (ГК)
Россети Юг (ГК)
Россети Янтарь
-25 000млн.руб.
-20 000млн.руб.
-15 000млн.руб.
-10 000млн.руб.
-5 000млн.руб.
0млн.руб.
5 000млн.руб.
10 …
-30 000млн.руб.
239
68
25
3 470
3 855
6 900
821
839
2 116
213
-4 312
1 715
-25 094
3 410
3 873
1 315
277
млн.
%
Выручка
Отклонение выручки по ПАО Россети за 1, 2, 3 кв. 2024 года (факт/план, млн. руб)
ПАО Россети
-267.6 млн.руб.
 '

11-11-2024T11:20:43 - [TEST_STEP][PASSED] - a3 = a3.substring(a3.lastIndexOf("Отклонение")): null

11-11-2024T11:20:43 - [TEST_STEP][PASSED] - click(findTestObject("Выручка в рублях/Переключить отображение с млн на проценты Выручка в рублях")): Object: 'Object Repository/Выручка в рублях/Переключить отображение с млн на проценты Выручка в рублях' is clicked on

11-11-2024T11:20:44 - [MESSAGE][PASSED] - Object: 'Object Repository/Выручка в рублях/Переключить отображение с млн на проценты Выручка в рублях' is clicked on

11-11-2024T11:20:44 - [TEST_STEP][PASSED] - a4 = getText(findTestObject("Выручка в рублях/График Отклонение выручки")): Text of object 'Object Repository/Выручка в рублях/График Отклонение выручки' is: 'Период
1, 2, 3 кв. 2024 года
Выручка
Все
Выполнение плановых показателей по ПАО Россети за 1, 2, 3 кв. 2024 года
План
Факт
Динамика
2024 год
0 млн.руб.
100 000 млн.руб.
200 000 млн.руб.
300 000 млн.руб.
400 000 млн.руб.
500 000 млн.руб.
600 000 млн.руб.
700 000 млн.руб.
800 000 млн.руб.
900 000 млн.руб.
1 000 000 млн.руб.
1 100 000 млн.руб.
1 200 000 млн.руб.
1 300 000 млн.руб.
1 056 816
1 056 549
↓
ДЗО 
Все
Отклонение выручки по ПАО Россети за 1, 2, 3 кв. 2024 года (факт/план, %)
ПАО Россети
-25.75 %
Внутренний оборот - выручка за услуги по передаче электрической энергии, учтенная в выручке за электроэнергию для конечных потребителей, при выполнении ДЗО функций гарантирующего поставщика
⬤Отклонение
АО «Тываэнерго»
АО «Чеченэнерго»
Россети Волга
Россети Кубань
Россети Ленэнерго (ГК)
Россети Московский регион
Россети Северный Кавказ (ГК)
Россети Северо-Запад
Россети Сибирь (ГК)
Россети Томск
Россети Тюмень
Россети Урал (ГК)
Россети ФСК ЕЭС
Россети Центр
Россети Центр и Приволжье (ГК)
Россети Юг (ГК)
Россети Янтарь
-60 %
-50 %
-40 %
-30 %
-20 %
-10 %
0 %
10 %
20 %
30 %
17.34 %
-48.99 %
-49.98 %
-46.94 %
-47.39 %
4.51 %
-49.02 %
2.16 %
4.15 %
-48.47 %
-53.49 %
2.23 %
-10.91 %
-30.67 %
4.25 %
-48.3 %
3.93 %
Подписи данных
млн.
%
Выручка
 '

11-11-2024T11:20:44 - [MESSAGE][PASSED] - Text of object 'Object Repository/Выручка в рублях/График Отклонение выручки' is: 'Период
1, 2, 3 кв. 2024 года
Выручка
Все
Выполнение плановых показателей по ПАО Россети за 1, 2, 3 кв. 2024 года
План
Факт
Динамика
2024 год
0 млн.руб.
100 000 млн.руб.
200 000 млн.руб.
300 000 млн.руб.
400 000 млн.руб.
500 000 млн.руб.
600 000 млн.руб.
700 000 млн.руб.
800 000 млн.руб.
900 000 млн.руб.
1 000 000 млн.руб.
1 100 000 млн.руб.
1 200 000 млн.руб.
1 300 000 млн.руб.
1 056 816
1 056 549
↓
ДЗО 
Все
Отклонение выручки по ПАО Россети за 1, 2, 3 кв. 2024 года (факт/план, %)
ПАО Россети
-25.75 %
Внутренний оборот - выручка за услуги по передаче электрической энергии, учтенная в выручке за электроэнергию для конечных потребителей, при выполнении ДЗО функций гарантирующего поставщика
⬤Отклонение
АО «Тываэнерго»
АО «Чеченэнерго»
Россети Волга
Россети Кубань
Россети Ленэнерго (ГК)
Россети Московский регион
Россети Северный Кавказ (ГК)
Россети Северо-Запад
Россети Сибирь (ГК)
Россети Томск
Россети Тюмень
Россети Урал (ГК)
Россети ФСК ЕЭС
Россети Центр
Россети Центр и Приволжье (ГК)
Россети Юг (ГК)
Россети Янтарь
-60 %
-50 %
-40 %
-30 %
-20 %
-10 %
0 %
10 %
20 %
30 %
17.34 %
-48.99 %
-49.98 %
-46.94 %
-47.39 %
4.51 %
-49.02 %
2.16 %
4.15 %
-48.47 %
-53.49 %
2.23 %
-10.91 %
-30.67 %
4.25 %
-48.3 %
3.93 %
Подписи данных
млн.
%
Выручка
 '

11-11-2024T11:20:44 - [TEST_STEP][PASSED] - a4 = a4.substring(a4.lastIndexOf("Отклонение")): null

11-11-2024T11:20:44 - [TEST_STEP][PASSED] - click(findTestObject("Выручка в рублях/Переключить отображение с процентов на млн Выручка в рублях")): Object: 'Object Repository/Выручка в рублях/Переключить отображение с процентов на млн Выручка в рублях' is clicked on

11-11-2024T11:20:45 - [MESSAGE][PASSED] - Object: 'Object Repository/Выручка в рублях/Переключить отображение с процентов на млн Выручка в рублях' is clicked on

11-11-2024T11:20:45 - [TEST_STEP][PASSED] - n = n + 5: null

11-11-2024T11:20:45 - [TEST_STEP][PASSED] - b = n - run + 1: null

11-11-2024T11:20:45 - [TEST_STEP][PASSED] - verifyEqual(findTestData("PlanFact").getValue(2, b), a1): Actual object '1 056 816' and expected object '1 056 816' are equal

11-11-2024T11:20:45 - [MESSAGE][PASSED] - Actual object '1 056 816' and expected object '1 056 816' are equal

11-11-2024T11:20:45 - [TEST_STEP][PASSED] - verifyEqual(findTestData("PlanFact").getValue(3, b), a2): Actual object '1 056 549' and expected object '1 056 549' are equal

11-11-2024T11:20:45 - [MESSAGE][PASSED] - Actual object '1 056 549' and expected object '1 056 549' are equal

11-11-2024T11:20:45 - [TEST_STEP][PASSED] - verifyEqual(findTestData("PlanFact").getValue(4, b), a3): Actual object 'Отклонение выручки по ПАО Россети за 1, 2, 3 кв. 2024 года (факт/план, млн. руб)
ПАО Россети
-267.6 млн.руб.
 ' and expected object 'Отклонение выручки по ПАО Россети за 1, 2, 3 кв. 2024 года (факт/план, млн. руб)
ПАО Россети
-267.6 млн.руб.
 ' are equal

11-11-2024T11:20:45 - [MESSAGE][PASSED] - Actual object 'Отклонение выручки по ПАО Россети за 1, 2, 3 кв. 2024 года (факт/план, млн. руб)
ПАО Россети
-267.6 млн.руб.
 ' and expected object 'Отклонение выручки по ПАО Россети за 1, 2, 3 кв. 2024 года (факт/план, млн. руб)
ПАО Россети
-267.6 млн.руб.
 ' are equal

11-11-2024T11:20:45 - [TEST_STEP][PASSED] - verifyEqual(findTestData("PlanFact").getValue(5, b), a4): Actual object 'Отклонение
АО «Тываэнерго»
АО «Чеченэнерго»
Россети Волга
Россети Кубань
Россети Ленэнерго (ГК)
Россети Московский регион
Россети Северный Кавказ (ГК)
Россети Северо-Запад
Россети Сибирь (ГК)
Россети Томск
Россети Тюмень
Россети Урал (ГК)
Россети ФСК ЕЭС
Россети Центр
Россети Центр и Приволжье (ГК)
Россети Юг (ГК)
Россети Янтарь
-60 %
-50 %
-40 %
-30 %
-20 %
-10 %
0 %
10 %
20 %
30 %
17.34 %
-48.99 %
-49.98 %
-46.94 %
-47.39 %
4.51 %
-49.02 %
2.16 %
4.15 %
-48.47 %
-53.49 %
2.23 %
-10.91 %
-30.67 %
4.25 %
-48.3 %
3.93 %
Подписи данных
млн.
%
Выручка
 ' and expected object 'Отклонение
АО «Тываэнерго»
АО «Чеченэнерго»
Россети Волга
Россети Кубань
Россети Ленэнерго (ГК)
Россети Московский регион
Россети Северный Кавказ (ГК)
Россети Северо-Запад
Россети Сибирь (ГК)
Россети Томск
Россети Тюмень
Россети Урал (ГК)
Россети ФСК ЕЭС
Россети Центр
Россети Центр и Приволжье (ГК)
Россети Юг (ГК)
Россети Янтарь
-60 %
-50 %
-40 %
-30 %
-20 %
-10 %
0 %
10 %
20 %
30 %
17.34 %
-48.99 %
-49.98 %
-46.94 %
-47.39 %
4.51 %
-49.02 %
2.16 %
4.15 %
-48.47 %
-53.49 %
2.23 %
-10.91 %
-30.67 %
4.25 %
-48.3 %
3.93 %
Подписи данных
млн.
%
Выручка
 ' are equal

11-11-2024T11:20:45 - [MESSAGE][PASSED] - Actual object 'Отклонение
АО «Тываэнерго»
АО «Чеченэнерго»
Россети Волга
Россети Кубань
Россети Ленэнерго (ГК)
Россети Московский регион
Россети Северный Кавказ (ГК)
Россети Северо-Запад
Россети Сибирь (ГК)
Россети Томск
Россети Тюмень
Россети Урал (ГК)
Россети ФСК ЕЭС
Россети Центр
Россети Центр и Приволжье (ГК)
Россети Юг (ГК)
Россети Янтарь
-60 %
-50 %
-40 %
-30 %
-20 %
-10 %
0 %
10 %
20 %
30 %
17.34 %
-48.99 %
-49.98 %
-46.94 %
-47.39 %
4.51 %
-49.02 %
2.16 %
4.15 %
-48.47 %
-53.49 %
2.23 %
-10.91 %
-30.67 %
4.25 %
-48.3 %
3.93 %
Подписи данных
млн.
%
Выручка
 ' and expected object 'Отклонение
АО «Тываэнерго»
АО «Чеченэнерго»
Россети Волга
Россети Кубань
Россети Ленэнерго (ГК)
Россети Московский регион
Россети Северный Кавказ (ГК)
Россети Северо-Запад
Россети Сибирь (ГК)
Россети Томск
Россети Тюмень
Россети Урал (ГК)
Россети ФСК ЕЭС
Россети Центр
Россети Центр и Приволжье (ГК)
Россети Юг (ГК)
Россети Янтарь
-60 %
-50 %
-40 %
-30 %
-20 %
-10 %
0 %
10 %
20 %
30 %
17.34 %
-48.99 %
-49.98 %
-46.94 %
-47.39 %
4.51 %
-49.02 %
2.16 %
4.15 %
-48.47 %
-53.49 %
2.23 %
-10.91 %
-30.67 %
4.25 %
-48.3 %
3.93 %
Подписи данных
млн.
%
Выручка
 ' are equal

11-11-2024T11:20:45 - [TEST_STEP][PASSED] - Script1686231490255.WriteToExcel(user, dashboardName, n, data, run, a1, a2, a3, a4, a5, a6, a7, a8, a9): null

11-11-2024T11:20:45 - [TEST_STEP][PASSED] - sheetName = "Sheet1": null

11-11-2024T11:20:45 - [TEST_STEP][PASSED] - workbook01 = getWorkbook(excelFilePath): null

11-11-2024T11:20:45 - [TEST_STEP][PASSED] - sheet01 = getExcelSheet(workbook01, sheetName): null

11-11-2024T11:20:45 - [TEST_STEP][PASSED] - setValueToCellByIndex(sheet01, n, 0, dashboardName): null

11-11-2024T11:20:45 - [TEST_STEP][PASSED] - setValueToCellByIndex(sheet01, n, 10, user): null

11-11-2024T11:20:45 - [TEST_STEP][PASSED] - setValueToCellByIndex(sheet01, n, 1, a1): null

11-11-2024T11:20:45 - [TEST_STEP][PASSED] - setValueToCellByIndex(sheet01, n, 2, a2): null

11-11-2024T11:20:45 - [TEST_STEP][PASSED] - setValueToCellByIndex(sheet01, n, 3, a3): null

11-11-2024T11:20:45 - [TEST_STEP][PASSED] - setValueToCellByIndex(sheet01, n, 4, a4): null

11-11-2024T11:20:45 - [TEST_STEP][PASSED] - setValueToCellByIndex(sheet01, n, 5, a5): null

11-11-2024T11:20:45 - [TEST_STEP][PASSED] - setValueToCellByIndex(sheet01, n, 6, a6): null

11-11-2024T11:20:45 - [TEST_STEP][PASSED] - setValueToCellByIndex(sheet01, n, 7, a7): null

11-11-2024T11:20:45 - [TEST_STEP][PASSED] - setValueToCellByIndex(sheet01, n, 8, a8): null

11-11-2024T11:20:45 - [TEST_STEP][PASSED] - setValueToCellByIndex(sheet01, n, 9, a9): null

11-11-2024T11:20:45 - [TEST_STEP][PASSED] - n = n + 1: null

11-11-2024T11:20:45 - [TEST_STEP][PASSED] - saveWorkbook(excelFilePath, workbook01): null

11-11-2024T11:20:45 - [TEST_STEP][PASSED] - closeBrowser(): Browser is closed

11-11-2024T11:20:46 - [MESSAGE][PASSED] - Browser is closed

11-11-2024T11:20:46 - [TEST_STEP][PASSED] - delay(65): Delayed 65 second(s)

11-11-2024T11:21:51 - [MESSAGE][PASSED] - Delayed 65 second(s)

11-11-2024T11:21:51 - [TEST_STEP][PASSED] - for ([run = 1, run < 4, (run++)]): null

11-11-2024T11:21:51 - [TEST_STEP][PASSED] - ObyemPoter(user, dashboardName, n, data, run, a1, a2, a3, a4, a5, a6, a7, a8, a9, urlData): null

11-11-2024T11:21:51 - [TEST_STEP][PASSED] - n = data.getRowNumbers() + 1: null

11-11-2024T11:21:51 - [TEST_STEP][PASSED] - println(n): null

11-11-2024T11:21:51 - [TEST_STEP][PASSED] - dashboardName = "Объём потерь": null

11-11-2024T11:21:51 - [TEST_STEP][PASSED] - openBrowser(""): Browser is opened with url: ''

11-11-2024T11:21:51 - [MESSAGE][INFO] - Starting 'Chrome' driver

11-11-2024T11:21:51 - [MESSAGE][INFO] - Action delay is set to 0 milliseconds

11-11-2024T11:21:51 - [MESSAGE][PASSED] - Browser is opened with url: ''

11-11-2024T11:21:51 - [TEST_STEP][PASSED] - urlData = 14: null

11-11-2024T11:21:51 - [TEST_STEP][PASSED] - Script1686231490255.CheckPageDownload(urlData, run): null

11-11-2024T11:21:51 - [TEST_STEP][PASSED] - i = 1: null

11-11-2024T11:21:51 - [TEST_STEP][PASSED] - ii = 0: null

11-11-2024T11:21:51 - [TEST_STEP][PASSED] - urlText = <not implemented yet for class: org.codehaus.groovy.ast.expr.EmptyExpression>: null

11-11-2024T11:21:51 - [TEST_STEP][PASSED] - searchWord = <not implemented yet for class: org.codehaus.groovy.ast.expr.EmptyExpression>: null

11-11-2024T11:21:51 - [TEST_STEP][PASSED] - deleteAllCookies(): Delete all cookies successfully

11-11-2024T11:21:51 - [MESSAGE][PASSED] - Delete all cookies successfully

11-11-2024T11:21:51 - [TEST_STEP][PASSED] - refresh(): Refresh successfully

11-11-2024T11:21:51 - [MESSAGE][PASSED] - Refresh successfully

11-11-2024T11:21:51 - [TEST_STEP][PASSED] - delay(65): Delayed 65 second(s)

11-11-2024T11:22:56 - [MESSAGE][PASSED] - Delayed 65 second(s)

11-11-2024T11:22:56 - [TEST_STEP][PASSED] - navigateToUrl(findTestData("PlanFact").getValue(10, urlData)): Navigate to 'https://bi.rosseti.digital/viewer?dashboardGuid=d154a8eaf6824e2b9de1bb04dd061c18&sheetGuid=aa9766f159804cfeb6006ba98edf3a23&fit=true' successfully

11-11-2024T11:23:02 - [MESSAGE][PASSED] - Navigate to 'https://bi.rosseti.digital/viewer?dashboardGuid=d154a8eaf6824e2b9de1bb04dd061c18&sheetGuid=aa9766f159804cfeb6006ba98edf3a23&fit=true' successfully

11-11-2024T11:23:02 - [TEST_STEP][PASSED] - pageLoaded1 = verifyElementPresent(findTestObject("Страница авторизации/Text"), 30): Object 'Object Repository/Страница авторизации/Text' is present

11-11-2024T11:23:04 - [MESSAGE][PASSED] - Object 'Object Repository/Страница авторизации/Text' is present

11-11-2024T11:23:04 - [TEST_STEP][PASSED] - if (pageLoaded1 == false): null

11-11-2024T11:23:04 - [TEST_STEP][PASSED] - urlText = getText(findTestObject("Страница авторизации/Text")): Text of object 'Object Repository/Страница авторизации/Text' is: 'Вход'

11-11-2024T11:23:05 - [MESSAGE][PASSED] - Text of object 'Object Repository/Страница авторизации/Text' is: 'Вход'

11-11-2024T11:23:05 - [TEST_STEP][PASSED] - delay(65): Delayed 65 second(s)

11-11-2024T11:24:10 - [MESSAGE][PASSED] - Delayed 65 second(s)

11-11-2024T11:24:10 - [TEST_STEP][PASSED] - searchWord = "Вход": null

11-11-2024T11:24:10 - [TEST_STEP][PASSED] - if (urlText.contains(searchWord) == false): null

11-11-2024T11:24:10 - [TEST_STEP][PASSED] - setText(findTestObject("Страница авторизации/input__username"), findTestData("PlanFact").getValue(8, run)): Text 'liazgina-di' is set on object 'Object Repository/Страница авторизации/input__username'

11-11-2024T11:24:10 - [MESSAGE][PASSED] - Text 'liazgina-di' is set on object 'Object Repository/Страница авторизации/input__username'

11-11-2024T11:24:10 - [TEST_STEP][PASSED] - setText(findTestObject("Страница авторизации/input__password"), findTestData("PlanFact").getValue(9, run)): Text ')$%5srZ8o688Dm#q' is set on object 'Object Repository/Страница авторизации/input__password'

11-11-2024T11:24:11 - [MESSAGE][PASSED] - Text ')$%5srZ8o688Dm#q' is set on object 'Object Repository/Страница авторизации/input__password'

11-11-2024T11:24:11 - [TEST_STEP][PASSED] - click(findTestObject("Страница авторизации/button_")): Object: 'Object Repository/Страница авторизации/button_' is clicked on

11-11-2024T11:24:14 - [MESSAGE][PASSED] - Object: 'Object Repository/Страница авторизации/button_' is clicked on

11-11-2024T11:24:14 - [TEST_STEP][PASSED] - delay(65): Delayed 65 second(s)

11-11-2024T11:25:19 - [MESSAGE][PASSED] - Delayed 65 second(s)

11-11-2024T11:25:19 - [TEST_STEP][PASSED] - searchWord = "а": null

11-11-2024T11:25:19 - [TEST_STEP][PASSED] - pageLoaded2 = verifyElementPresent(findTestObject("Страница авторизации/Text"), 50): Object 'Object Repository/Страница авторизации/Text' is present

11-11-2024T11:25:20 - [MESSAGE][PASSED] - Object 'Object Repository/Страница авторизации/Text' is present

11-11-2024T11:25:20 - [TEST_STEP][PASSED] - if (pageLoaded2 == false): null

11-11-2024T11:25:20 - [TEST_STEP][PASSED] - urlText = getText(findTestObject("Страница авторизации/Text")): Text of object 'Object Repository/Страница авторизации/Text' is: 'Неизвестная ошибка (детали в консоли)
Перезагрузить дашборд'

11-11-2024T11:25:20 - [MESSAGE][PASSED] - Text of object 'Object Repository/Страница авторизации/Text' is: 'Неизвестная ошибка (детали в консоли)
Перезагрузить дашборд'

11-11-2024T11:25:20 - [TEST_STEP][PASSED] - if (urlText.contains("ошибка") || urlText.contains(searchWord) == false): Text of object 'Object Repository/Страница авторизации/Text' is: 'ДЗО 
Все
Период
Выбрано: 9
тыс. кВт⋅ч
п.п.
Объем потерь
51 180 55951 180 559
52 400 71652 400 716
52 796 30652 796 306
2022 год
2023 год
2024 год
0
10 000
20 000
30 000
40 000
50 000
60 000
Уровень потерь
8.158.15
8.268.26
7.927.92
Факт
2022 год
2023 год
2024 год
0
2
4
6
8
10
●● Отклонения, тыс. кВт⋅ч
тыс. кВт⋅ч
Отклонения объема потерь
1 220 1571 220 157
395 589395 589
2022/2023
2023/2024
0
250 000
500 000
750 000
1 000 000
1 250 000
1 500 000
●● Отклонения, п.п.
п.п.
Отклонения уровня потерь
0.110.11
-0.34-0.34
2022/2023
2023/2024
-0.4
-0.3
-0.2
-0.1
0
0.1
0.2
Фактические данные по объему и уровню потерь электроэнергии'

11-11-2024T11:25:20 - [TEST_STEP][PASSED] - for ([urlText.contains(searchWord) == false, i < 10, (ii++)]): Text of object 'Object Repository/Страница авторизации/Text' is: 'ДЗО 
Все
Период
Выбрано: 9
тыс. кВт⋅ч
п.п.
Объем потерь
51 180 55951 180 559
52 400 71652 400 716
52 796 30652 796 306
2022 год
2023 год
2024 год
0
10 000
20 000
30 000
40 000
50 000
60 000
Уровень потерь
8.158.15
8.268.26
7.927.92
Факт
2022 год
2023 год
2024 год
0
2
4
6
8
10
●● Отклонения, тыс. кВт⋅ч
тыс. кВт⋅ч
Отклонения объема потерь
1 220 1571 220 157
395 589395 589
2022/2023
2023/2024
0
250 000
500 000
750 000
1 000 000
1 250 000
1 500 000
●● Отклонения, п.п.
п.п.
Отклонения уровня потерь
0.110.11
-0.34-0.34
2022/2023
2023/2024
-0.4
-0.3
-0.2
-0.1
0
0.1
0.2
Фактические данные по объему и уровню потерь электроэнергии'

11-11-2024T11:25:20 - [TEST_STEP][PASSED] - i = i + 1: null

11-11-2024T11:25:20 - [TEST_STEP][PASSED] - refresh(): Refresh successfully

11-11-2024T11:25:21 - [MESSAGE][PASSED] - Refresh successfully

11-11-2024T11:25:21 - [TEST_STEP][PASSED] - delay(65): Delayed 65 second(s)

11-11-2024T11:26:26 - [MESSAGE][PASSED] - Delayed 65 second(s)

11-11-2024T11:26:26 - [TEST_STEP][PASSED] - navigateToUrl(findTestData("PlanFact").getValue(10, urlData)): Navigate to 'https://bi.rosseti.digital/viewer?dashboardGuid=d154a8eaf6824e2b9de1bb04dd061c18&sheetGuid=aa9766f159804cfeb6006ba98edf3a23&fit=true' successfully

11-11-2024T11:26:26 - [MESSAGE][PASSED] - Navigate to 'https://bi.rosseti.digital/viewer?dashboardGuid=d154a8eaf6824e2b9de1bb04dd061c18&sheetGuid=aa9766f159804cfeb6006ba98edf3a23&fit=true' successfully

11-11-2024T11:26:26 - [TEST_STEP][PASSED] - delay(65): Delayed 65 second(s)

11-11-2024T11:27:31 - [MESSAGE][PASSED] - Delayed 65 second(s)

11-11-2024T11:27:31 - [TEST_STEP][PASSED] - urlText = getText(findTestObject("Страница авторизации/Text")): Text of object 'Object Repository/Страница авторизации/Text' is: 'ДЗО 
Все
Период
Выбрано: 9
тыс. кВт⋅ч
п.п.
Объем потерь
51 180 55951 180 559
52 400 71652 400 716
52 796 30652 796 306
2022 год
2023 год
2024 год
0
10 000
20 000
30 000
40 000
50 000
60 000
Уровень потерь
8.158.15
8.268.26
7.927.92
Факт
2022 год
2023 год
2024 год
0
2
4
6
8
10
●● Отклонения, тыс. кВт⋅ч
тыс. кВт⋅ч
Отклонения объема потерь
1 220 1571 220 157
395 589395 589
2022/2023
2023/2024
0
250 000
500 000
750 000
1 000 000
1 250 000
1 500 000
●● Отклонения, п.п.
п.п.
Отклонения уровня потерь
0.110.11
-0.34-0.34
2022/2023
2023/2024
-0.4
-0.3
-0.2
-0.1
0
0.1
0.2
Фактические данные по объему и уровню потерь электроэнергии'

11-11-2024T11:27:32 - [MESSAGE][PASSED] - Text of object 'Object Repository/Страница авторизации/Text' is: 'ДЗО 
Все
Период
Выбрано: 9
тыс. кВт⋅ч
п.п.
Объем потерь
51 180 55951 180 559
52 400 71652 400 716
52 796 30652 796 306
2022 год
2023 год
2024 год
0
10 000
20 000
30 000
40 000
50 000
60 000
Уровень потерь
8.158.15
8.268.26
7.927.92
Факт
2022 год
2023 год
2024 год
0
2
4
6
8
10
●● Отклонения, тыс. кВт⋅ч
тыс. кВт⋅ч
Отклонения объема потерь
1 220 1571 220 157
395 589395 589
2022/2023
2023/2024
0
250 000
500 000
750 000
1 000 000
1 250 000
1 500 000
●● Отклонения, п.п.
п.п.
Отклонения уровня потерь
0.110.11
-0.34-0.34
2022/2023
2023/2024
-0.4
-0.3
-0.2
-0.1
0
0.1
0.2
Фактические данные по объему и уровню потерь электроэнергии'

11-11-2024T11:27:32 - [TEST_STEP][PASSED] - i = i + 1: null

11-11-2024T11:27:32 - [TEST_STEP][PASSED] - refresh(): Refresh successfully

11-11-2024T11:27:32 - [MESSAGE][PASSED] - Refresh successfully

11-11-2024T11:27:32 - [TEST_STEP][PASSED] - delay(65): Delayed 65 second(s)

11-11-2024T11:28:37 - [MESSAGE][PASSED] - Delayed 65 second(s)

11-11-2024T11:28:37 - [TEST_STEP][PASSED] - navigateToUrl(findTestData("PlanFact").getValue(10, urlData)): Navigate to 'https://bi.rosseti.digital/viewer?dashboardGuid=d154a8eaf6824e2b9de1bb04dd061c18&sheetGuid=aa9766f159804cfeb6006ba98edf3a23&fit=true' successfully

11-11-2024T11:28:39 - [MESSAGE][PASSED] - Navigate to 'https://bi.rosseti.digital/viewer?dashboardGuid=d154a8eaf6824e2b9de1bb04dd061c18&sheetGuid=aa9766f159804cfeb6006ba98edf3a23&fit=true' successfully

11-11-2024T11:28:39 - [TEST_STEP][PASSED] - delay(65): Delayed 65 second(s)

11-11-2024T11:29:44 - [MESSAGE][PASSED] - Delayed 65 second(s)

11-11-2024T11:29:44 - [TEST_STEP][PASSED] - urlText = getText(findTestObject("Страница авторизации/Text")): Text of object 'Object Repository/Страница авторизации/Text' is: 'ДЗО 
Все
Период
Выбрано: 9
тыс. кВт⋅ч
п.п.
Объем потерь
51 180 55951 180 559
52 400 71652 400 716
52 796 30652 796 306
2022 год
2023 год
2024 год
0
10 000
20 000
30 000
40 000
50 000
60 000
Уровень потерь
8.158.15
8.268.26
7.927.92
Факт
2022 год
2023 год
2024 год
0
2
4
6
8
10
●● Отклонения, тыс. кВт⋅ч
тыс. кВт⋅ч
Отклонения объема потерь
1 220 1571 220 157
395 589395 589
2022/2023
2023/2024
0
250 000
500 000
750 000
1 000 000
1 250 000
1 500 000
●● Отклонения, п.п.
п.п.
Отклонения уровня потерь
0.110.11
-0.34-0.34
2022/2023
2023/2024
-0.4
-0.3
-0.2
-0.1
0
0.1
0.2
Фактические данные по объему и уровню потерь электроэнергии'

11-11-2024T11:29:44 - [MESSAGE][PASSED] - Text of object 'Object Repository/Страница авторизации/Text' is: 'ДЗО 
Все
Период
Выбрано: 9
тыс. кВт⋅ч
п.п.
Объем потерь
51 180 55951 180 559
52 400 71652 400 716
52 796 30652 796 306
2022 год
2023 год
2024 год
0
10 000
20 000
30 000
40 000
50 000
60 000
Уровень потерь
8.158.15
8.268.26
7.927.92
Факт
2022 год
2023 год
2024 год
0
2
4
6
8
10
●● Отклонения, тыс. кВт⋅ч
тыс. кВт⋅ч
Отклонения объема потерь
1 220 1571 220 157
395 589395 589
2022/2023
2023/2024
0
250 000
500 000
750 000
1 000 000
1 250 000
1 500 000
●● Отклонения, п.п.
п.п.
Отклонения уровня потерь
0.110.11
-0.34-0.34
2022/2023
2023/2024
-0.4
-0.3
-0.2
-0.1
0
0.1
0.2
Фактические данные по объему и уровню потерь электроэнергии'

11-11-2024T11:29:44 - [TEST_STEP][PASSED] - i = i + 1: null

11-11-2024T11:29:44 - [TEST_STEP][PASSED] - refresh(): Refresh successfully

11-11-2024T11:29:45 - [MESSAGE][PASSED] - Refresh successfully

11-11-2024T11:29:45 - [TEST_STEP][PASSED] - delay(65): Delayed 65 second(s)

11-11-2024T11:30:50 - [MESSAGE][PASSED] - Delayed 65 second(s)

11-11-2024T11:30:50 - [TEST_STEP][PASSED] - navigateToUrl(findTestData("PlanFact").getValue(10, urlData)): Navigate to 'https://bi.rosseti.digital/viewer?dashboardGuid=d154a8eaf6824e2b9de1bb04dd061c18&sheetGuid=aa9766f159804cfeb6006ba98edf3a23&fit=true' successfully

11-11-2024T11:30:51 - [MESSAGE][PASSED] - Navigate to 'https://bi.rosseti.digital/viewer?dashboardGuid=d154a8eaf6824e2b9de1bb04dd061c18&sheetGuid=aa9766f159804cfeb6006ba98edf3a23&fit=true' successfully

11-11-2024T11:30:51 - [TEST_STEP][PASSED] - delay(65): Delayed 65 second(s)

11-11-2024T11:31:56 - [MESSAGE][PASSED] - Delayed 65 second(s)

11-11-2024T11:31:56 - [TEST_STEP][PASSED] - urlText = getText(findTestObject("Страница авторизации/Text")): Text of object 'Object Repository/Страница авторизации/Text' is: 'ДЗО 
Все
Период
Выбрано: 9
тыс. кВт⋅ч
п.п.
Объем потерь
51 180 55951 180 559
52 400 71652 400 716
52 796 30652 796 306
2022 год
2023 год
2024 год
0
10 000
20 000
30 000
40 000
50 000
60 000
Уровень потерь
8.158.15
8.268.26
7.927.92
Факт
2022 год
2023 год
2024 год
0
2
4
6
8
10
●● Отклонения, тыс. кВт⋅ч
тыс. кВт⋅ч
Отклонения объема потерь
1 220 1571 220 157
395 589395 589
2022/2023
2023/2024
0
250 000
500 000
750 000
1 000 000
1 250 000
1 500 000
●● Отклонения, п.п.
п.п.
Отклонения уровня потерь
0.110.11
-0.34-0.34
2022/2023
2023/2024
-0.4
-0.3
-0.2
-0.1
0
0.1
0.2
Фактические данные по объему и уровню потерь электроэнергии'

11-11-2024T11:31:56 - [MESSAGE][PASSED] - Text of object 'Object Repository/Страница авторизации/Text' is: 'ДЗО 
Все
Период
Выбрано: 9
тыс. кВт⋅ч
п.п.
Объем потерь
51 180 55951 180 559
52 400 71652 400 716
52 796 30652 796 306
2022 год
2023 год
2024 год
0
10 000
20 000
30 000
40 000
50 000
60 000
Уровень потерь
8.158.15
8.268.26
7.927.92
Факт
2022 год
2023 год
2024 год
0
2
4
6
8
10
●● Отклонения, тыс. кВт⋅ч
тыс. кВт⋅ч
Отклонения объема потерь
1 220 1571 220 157
395 589395 589
2022/2023
2023/2024
0
250 000
500 000
750 000
1 000 000
1 250 000
1 500 000
●● Отклонения, п.п.
п.п.
Отклонения уровня потерь
0.110.11
-0.34-0.34
2022/2023
2023/2024
-0.4
-0.3
-0.2
-0.1
0
0.1
0.2
Фактические данные по объему и уровню потерь электроэнергии'

11-11-2024T11:31:56 - [TEST_STEP][PASSED] - i = i + 1: null

11-11-2024T11:31:56 - [TEST_STEP][PASSED] - refresh(): Refresh successfully

11-11-2024T11:31:57 - [MESSAGE][PASSED] - Refresh successfully

11-11-2024T11:31:57 - [TEST_STEP][PASSED] - delay(65): Delayed 65 second(s)

11-11-2024T11:33:02 - [MESSAGE][PASSED] - Delayed 65 second(s)

11-11-2024T11:33:02 - [TEST_STEP][PASSED] - navigateToUrl(findTestData("PlanFact").getValue(10, urlData)): Navigate to 'https://bi.rosseti.digital/viewer?dashboardGuid=d154a8eaf6824e2b9de1bb04dd061c18&sheetGuid=aa9766f159804cfeb6006ba98edf3a23&fit=true' successfully

11-11-2024T11:33:03 - [MESSAGE][PASSED] - Navigate to 'https://bi.rosseti.digital/viewer?dashboardGuid=d154a8eaf6824e2b9de1bb04dd061c18&sheetGuid=aa9766f159804cfeb6006ba98edf3a23&fit=true' successfully

11-11-2024T11:33:03 - [TEST_STEP][PASSED] - delay(65): Delayed 65 second(s)

11-11-2024T11:34:08 - [MESSAGE][PASSED] - Delayed 65 second(s)

11-11-2024T11:34:08 - [TEST_STEP][PASSED] - urlText = getText(findTestObject("Страница авторизации/Text")): Text of object 'Object Repository/Страница авторизации/Text' is: 'ДЗО 
Все
Период
Выбрано: 9
тыс. кВт⋅ч
п.п.
Объем потерь
51 180 55951 180 559
52 400 71652 400 716
52 796 30652 796 306
2022 год
2023 год
2024 год
0
10 000
20 000
30 000
40 000
50 000
60 000
Уровень потерь
8.158.15
8.268.26
7.927.92
Факт
2022 год
2023 год
2024 год
0
2
4
6
8
10
●● Отклонения, тыс. кВт⋅ч
тыс. кВт⋅ч
Отклонения объема потерь
1 220 1571 220 157
395 589395 589
2022/2023
2023/2024
0
250 000
500 000
750 000
1 000 000
1 250 000
1 500 000
●● Отклонения, п.п.
п.п.
Отклонения уровня потерь
0.110.11
-0.34-0.34
2022/2023
2023/2024
-0.4
-0.3
-0.2
-0.1
0
0.1
0.2
Фактические данные по объему и уровню потерь электроэнергии'

11-11-2024T11:34:08 - [MESSAGE][PASSED] - Text of object 'Object Repository/Страница авторизации/Text' is: 'ДЗО 
Все
Период
Выбрано: 9
тыс. кВт⋅ч
п.п.
Объем потерь
51 180 55951 180 559
52 400 71652 400 716
52 796 30652 796 306
2022 год
2023 год
2024 год
0
10 000
20 000
30 000
40 000
50 000
60 000
Уровень потерь
8.158.15
8.268.26
7.927.92
Факт
2022 год
2023 год
2024 год
0
2
4
6
8
10
●● Отклонения, тыс. кВт⋅ч
тыс. кВт⋅ч
Отклонения объема потерь
1 220 1571 220 157
395 589395 589
2022/2023
2023/2024
0
250 000
500 000
750 000
1 000 000
1 250 000
1 500 000
●● Отклонения, п.п.
п.п.
Отклонения уровня потерь
0.110.11
-0.34-0.34
2022/2023
2023/2024
-0.4
-0.3
-0.2
-0.1
0
0.1
0.2
Фактические данные по объему и уровню потерь электроэнергии'

11-11-2024T11:34:08 - [TEST_STEP][PASSED] - i = i + 1: null

11-11-2024T11:34:08 - [TEST_STEP][PASSED] - refresh(): Refresh successfully

11-11-2024T11:34:09 - [MESSAGE][PASSED] - Refresh successfully

11-11-2024T11:34:09 - [TEST_STEP][PASSED] - delay(65): Delayed 65 second(s)

11-11-2024T11:35:14 - [MESSAGE][PASSED] - Delayed 65 second(s)

11-11-2024T11:35:14 - [TEST_STEP][PASSED] - navigateToUrl(findTestData("PlanFact").getValue(10, urlData)): Navigate to 'https://bi.rosseti.digital/viewer?dashboardGuid=d154a8eaf6824e2b9de1bb04dd061c18&sheetGuid=aa9766f159804cfeb6006ba98edf3a23&fit=true' successfully

11-11-2024T11:35:15 - [MESSAGE][PASSED] - Navigate to 'https://bi.rosseti.digital/viewer?dashboardGuid=d154a8eaf6824e2b9de1bb04dd061c18&sheetGuid=aa9766f159804cfeb6006ba98edf3a23&fit=true' successfully

11-11-2024T11:35:15 - [TEST_STEP][PASSED] - delay(65): Delayed 65 second(s)

11-11-2024T11:36:20 - [MESSAGE][PASSED] - Delayed 65 second(s)

11-11-2024T11:36:20 - [TEST_STEP][PASSED] - urlText = getText(findTestObject("Страница авторизации/Text")): Text of object 'Object Repository/Страница авторизации/Text' is: 'ДЗО 
Все
Период
Выбрано: 9
тыс. кВт⋅ч
п.п.
Объем потерь
51 180 55951 180 559
52 400 71652 400 716
52 796 30652 796 306
2022 год
2023 год
2024 год
0
10 000
20 000
30 000
40 000
50 000
60 000
Уровень потерь
8.158.15
8.268.26
7.927.92
Факт
2022 год
2023 год
2024 год
0
2
4
6
8
10
●● Отклонения, тыс. кВт⋅ч
тыс. кВт⋅ч
Отклонения объема потерь
1 220 1571 220 157
395 589395 589
2022/2023
2023/2024
0
250 000
500 000
750 000
1 000 000
1 250 000
1 500 000
●● Отклонения, п.п.
п.п.
Отклонения уровня потерь
0.110.11
-0.34-0.34
2022/2023
2023/2024
-0.4
-0.3
-0.2
-0.1
0
0.1
0.2
Фактические данные по объему и уровню потерь электроэнергии'

11-11-2024T11:36:20 - [MESSAGE][PASSED] - Text of object 'Object Repository/Страница авторизации/Text' is: 'ДЗО 
Все
Период
Выбрано: 9
тыс. кВт⋅ч
п.п.
Объем потерь
51 180 55951 180 559
52 400 71652 400 716
52 796 30652 796 306
2022 год
2023 год
2024 год
0
10 000
20 000
30 000
40 000
50 000
60 000
Уровень потерь
8.158.15
8.268.26
7.927.92
Факт
2022 год
2023 год
2024 год
0
2
4
6
8
10
●● Отклонения, тыс. кВт⋅ч
тыс. кВт⋅ч
Отклонения объема потерь
1 220 1571 220 157
395 589395 589
2022/2023
2023/2024
0
250 000
500 000
750 000
1 000 000
1 250 000
1 500 000
●● Отклонения, п.п.
п.п.
Отклонения уровня потерь
0.110.11
-0.34-0.34
2022/2023
2023/2024
-0.4
-0.3
-0.2
-0.1
0
0.1
0.2
Фактические данные по объему и уровню потерь электроэнергии'

11-11-2024T11:36:20 - [TEST_STEP][PASSED] - i = i + 1: null

11-11-2024T11:36:20 - [TEST_STEP][PASSED] - refresh(): Refresh successfully

11-11-2024T11:36:21 - [MESSAGE][PASSED] - Refresh successfully

11-11-2024T11:36:21 - [TEST_STEP][PASSED] - delay(65): Delayed 65 second(s)

11-11-2024T11:37:26 - [MESSAGE][PASSED] - Delayed 65 second(s)

11-11-2024T11:37:26 - [TEST_STEP][PASSED] - navigateToUrl(findTestData("PlanFact").getValue(10, urlData)): Navigate to 'https://bi.rosseti.digital/viewer?dashboardGuid=d154a8eaf6824e2b9de1bb04dd061c18&sheetGuid=aa9766f159804cfeb6006ba98edf3a23&fit=true' successfully

11-11-2024T11:37:27 - [MESSAGE][PASSED] - Navigate to 'https://bi.rosseti.digital/viewer?dashboardGuid=d154a8eaf6824e2b9de1bb04dd061c18&sheetGuid=aa9766f159804cfeb6006ba98edf3a23&fit=true' successfully

11-11-2024T11:37:27 - [TEST_STEP][PASSED] - delay(65): Delayed 65 second(s)

11-11-2024T11:38:32 - [MESSAGE][PASSED] - Delayed 65 second(s)

11-11-2024T11:38:32 - [TEST_STEP][PASSED] - urlText = getText(findTestObject("Страница авторизации/Text")): Text of object 'Object Repository/Страница авторизации/Text' is: 'ДЗО 
Все
Период
Выбрано: 9
тыс. кВт⋅ч
п.п.
Объем потерь
51 180 55951 180 559
52 400 71652 400 716
52 796 30652 796 306
2022 год
2023 год
2024 год
0
10 000
20 000
30 000
40 000
50 000
60 000
Уровень потерь
8.158.15
8.268.26
7.927.92
Факт
2022 год
2023 год
2024 год
0
2
4
6
8
10
●● Отклонения, тыс. кВт⋅ч
тыс. кВт⋅ч
Отклонения объема потерь
1 220 1571 220 157
395 589395 589
2022/2023
2023/2024
0
250 000
500 000
750 000
1 000 000
1 250 000
1 500 000
●● Отклонения, п.п.
п.п.
Отклонения уровня потерь
0.110.11
-0.34-0.34
2022/2023
2023/2024
-0.4
-0.3
-0.2
-0.1
0
0.1
0.2
Фактические данные по объему и уровню потерь электроэнергии'

11-11-2024T11:38:32 - [MESSAGE][PASSED] - Text of object 'Object Repository/Страница авторизации/Text' is: 'ДЗО 
Все
Период
Выбрано: 9
тыс. кВт⋅ч
п.п.
Объем потерь
51 180 55951 180 559
52 400 71652 400 716
52 796 30652 796 306
2022 год
2023 год
2024 год
0
10 000
20 000
30 000
40 000
50 000
60 000
Уровень потерь
8.158.15
8.268.26
7.927.92
Факт
2022 год
2023 год
2024 год
0
2
4
6
8
10
●● Отклонения, тыс. кВт⋅ч
тыс. кВт⋅ч
Отклонения объема потерь
1 220 1571 220 157
395 589395 589
2022/2023
2023/2024
0
250 000
500 000
750 000
1 000 000
1 250 000
1 500 000
●● Отклонения, п.п.
п.п.
Отклонения уровня потерь
0.110.11
-0.34-0.34
2022/2023
2023/2024
-0.4
-0.3
-0.2
-0.1
0
0.1
0.2
Фактические данные по объему и уровню потерь электроэнергии'

11-11-2024T11:38:32 - [TEST_STEP][PASSED] - i = i + 1: null

11-11-2024T11:38:32 - [TEST_STEP][PASSED] - refresh(): Refresh successfully

11-11-2024T11:38:33 - [MESSAGE][PASSED] - Refresh successfully

11-11-2024T11:38:33 - [TEST_STEP][PASSED] - delay(65): Delayed 65 second(s)

11-11-2024T11:39:38 - [MESSAGE][PASSED] - Delayed 65 second(s)

11-11-2024T11:39:38 - [TEST_STEP][PASSED] - navigateToUrl(findTestData("PlanFact").getValue(10, urlData)): Navigate to 'https://bi.rosseti.digital/viewer?dashboardGuid=d154a8eaf6824e2b9de1bb04dd061c18&sheetGuid=aa9766f159804cfeb6006ba98edf3a23&fit=true' successfully

11-11-2024T11:39:39 - [MESSAGE][PASSED] - Navigate to 'https://bi.rosseti.digital/viewer?dashboardGuid=d154a8eaf6824e2b9de1bb04dd061c18&sheetGuid=aa9766f159804cfeb6006ba98edf3a23&fit=true' successfully

11-11-2024T11:39:39 - [TEST_STEP][PASSED] - delay(65): Delayed 65 second(s)

11-11-2024T11:40:44 - [MESSAGE][PASSED] - Delayed 65 second(s)

11-11-2024T11:40:44 - [TEST_STEP][PASSED] - urlText = getText(findTestObject("Страница авторизации/Text")): Text of object 'Object Repository/Страница авторизации/Text' is: 'ДЗО 
Все
Период
Выбрано: 9
тыс. кВт⋅ч
п.п.
Объем потерь
51 180 55951 180 559
52 400 71652 400 716
52 796 30652 796 306
2022 год
2023 год
2024 год
0
10 000
20 000
30 000
40 000
50 000
60 000
Уровень потерь
8.158.15
8.268.26
7.927.92
Факт
2022 год
2023 год
2024 год
0
2
4
6
8
10
●● Отклонения, тыс. кВт⋅ч
тыс. кВт⋅ч
Отклонения объема потерь
1 220 1571 220 157
395 589395 589
2022/2023
2023/2024
0
250 000
500 000
750 000
1 000 000
1 250 000
1 500 000
●● Отклонения, п.п.
п.п.
Отклонения уровня потерь
0.110.11
-0.34-0.34
2022/2023
2023/2024
-0.4
-0.3
-0.2
-0.1
0
0.1
0.2
Фактические данные по объему и уровню потерь электроэнергии'

11-11-2024T11:40:59 - [MESSAGE][PASSED] - Text of object 'Object Repository/Страница авторизации/Text' is: 'ДЗО 
Все
Период
Выбрано: 9
тыс. кВт⋅ч
п.п.
Объем потерь
51 180 55951 180 559
52 400 71652 400 716
52 796 30652 796 306
2022 год
2023 год
2024 год
0
10 000
20 000
30 000
40 000
50 000
60 000
Уровень потерь
8.158.15
8.268.26
7.927.92
Факт
2022 год
2023 год
2024 год
0
2
4
6
8
10
●● Отклонения, тыс. кВт⋅ч
тыс. кВт⋅ч
Отклонения объема потерь
1 220 1571 220 157
395 589395 589
2022/2023
2023/2024
0
250 000
500 000
750 000
1 000 000
1 250 000
1 500 000
●● Отклонения, п.п.
п.п.
Отклонения уровня потерь
0.110.11
-0.34-0.34
2022/2023
2023/2024
-0.4
-0.3
-0.2
-0.1
0
0.1
0.2
Фактические данные по объему и уровню потерь электроэнергии'

11-11-2024T11:40:59 - [TEST_STEP][PASSED] - i = i + 1: null

11-11-2024T11:40:59 - [TEST_STEP][PASSED] - refresh(): Refresh successfully

11-11-2024T11:40:59 - [MESSAGE][PASSED] - Refresh successfully

11-11-2024T11:40:59 - [TEST_STEP][PASSED] - delay(65): Delayed 65 second(s)

11-11-2024T11:42:04 - [MESSAGE][PASSED] - Delayed 65 second(s)

11-11-2024T11:42:04 - [TEST_STEP][PASSED] - navigateToUrl(findTestData("PlanFact").getValue(10, urlData)): Navigate to 'https://bi.rosseti.digital/viewer?dashboardGuid=d154a8eaf6824e2b9de1bb04dd061c18&sheetGuid=aa9766f159804cfeb6006ba98edf3a23&fit=true' successfully

11-11-2024T11:42:05 - [MESSAGE][PASSED] - Navigate to 'https://bi.rosseti.digital/viewer?dashboardGuid=d154a8eaf6824e2b9de1bb04dd061c18&sheetGuid=aa9766f159804cfeb6006ba98edf3a23&fit=true' successfully

11-11-2024T11:42:05 - [TEST_STEP][PASSED] - delay(65): Delayed 65 second(s)

11-11-2024T11:43:10 - [MESSAGE][PASSED] - Delayed 65 second(s)

11-11-2024T11:43:10 - [TEST_STEP][PASSED] - urlText = getText(findTestObject("Страница авторизации/Text")): Text of object 'Object Repository/Страница авторизации/Text' is: 'ДЗО 
Все
Период
Выбрано: 9
тыс. кВт⋅ч
п.п.
Объем потерь
51 180 55951 180 559
52 400 71652 400 716
52 796 30652 796 306
2022 год
2023 год
2024 год
0
10 000
20 000
30 000
40 000
50 000
60 000
Уровень потерь
8.158.15
8.268.26
7.927.92
Факт
2022 год
2023 год
2024 год
0
2
4
6
8
10
●● Отклонения, тыс. кВт⋅ч
тыс. кВт⋅ч
Отклонения объема потерь
1 220 1571 220 157
395 589395 589
2022/2023
2023/2024
0
250 000
500 000
750 000
1 000 000
1 250 000
1 500 000
●● Отклонения, п.п.
п.п.
Отклонения уровня потерь
0.110.11
-0.34-0.34
2022/2023
2023/2024
-0.4
-0.3
-0.2
-0.1
0
0.1
0.2
Фактические данные по объему и уровню потерь электроэнергии'

11-11-2024T11:43:10 - [MESSAGE][PASSED] - Text of object 'Object Repository/Страница авторизации/Text' is: 'ДЗО 
Все
Период
Выбрано: 9
тыс. кВт⋅ч
п.п.
Объем потерь
51 180 55951 180 559
52 400 71652 400 716
52 796 30652 796 306
2022 год
2023 год
2024 год
0
10 000
20 000
30 000
40 000
50 000
60 000
Уровень потерь
8.158.15
8.268.26
7.927.92
Факт
2022 год
2023 год
2024 год
0
2
4
6
8
10
●● Отклонения, тыс. кВт⋅ч
тыс. кВт⋅ч
Отклонения объема потерь
1 220 1571 220 157
395 589395 589
2022/2023
2023/2024
0
250 000
500 000
750 000
1 000 000
1 250 000
1 500 000
●● Отклонения, п.п.
п.п.
Отклонения уровня потерь
0.110.11
-0.34-0.34
2022/2023
2023/2024
-0.4
-0.3
-0.2
-0.1
0
0.1
0.2
Фактические данные по объему и уровню потерь электроэнергии'

11-11-2024T11:43:10 - [TEST_STEP][PASSED] - i = i + 1: null

11-11-2024T11:43:10 - [TEST_STEP][PASSED] - refresh(): Refresh successfully

11-11-2024T11:43:11 - [MESSAGE][PASSED] - Refresh successfully

11-11-2024T11:43:11 - [TEST_STEP][PASSED] - delay(65): Delayed 65 second(s)

11-11-2024T11:44:16 - [MESSAGE][PASSED] - Delayed 65 second(s)

11-11-2024T11:44:16 - [TEST_STEP][PASSED] - navigateToUrl(findTestData("PlanFact").getValue(10, urlData)): Navigate to 'https://bi.rosseti.digital/viewer?dashboardGuid=d154a8eaf6824e2b9de1bb04dd061c18&sheetGuid=aa9766f159804cfeb6006ba98edf3a23&fit=true' successfully

11-11-2024T11:44:17 - [MESSAGE][PASSED] - Navigate to 'https://bi.rosseti.digital/viewer?dashboardGuid=d154a8eaf6824e2b9de1bb04dd061c18&sheetGuid=aa9766f159804cfeb6006ba98edf3a23&fit=true' successfully

11-11-2024T11:44:17 - [TEST_STEP][PASSED] - delay(65): Delayed 65 second(s)

11-11-2024T11:45:22 - [MESSAGE][PASSED] - Delayed 65 second(s)

11-11-2024T11:45:22 - [TEST_STEP][PASSED] - urlText = getText(findTestObject("Страница авторизации/Text")): Text of object 'Object Repository/Страница авторизации/Text' is: 'ДЗО 
Все
Период
Выбрано: 9
тыс. кВт⋅ч
п.п.
Объем потерь
51 180 55951 180 559
52 400 71652 400 716
52 796 30652 796 306
2022 год
2023 год
2024 год
0
10 000
20 000
30 000
40 000
50 000
60 000
Уровень потерь
8.158.15
8.268.26
7.927.92
Факт
2022 год
2023 год
2024 год
0
2
4
6
8
10
●● Отклонения, тыс. кВт⋅ч
тыс. кВт⋅ч
Отклонения объема потерь
1 220 1571 220 157
395 589395 589
2022/2023
2023/2024
0
250 000
500 000
750 000
1 000 000
1 250 000
1 500 000
●● Отклонения, п.п.
п.п.
Отклонения уровня потерь
0.110.11
-0.34-0.34
2022/2023
2023/2024
-0.4
-0.3
-0.2
-0.1
0
0.1
0.2
Фактические данные по объему и уровню потерь электроэнергии'

11-11-2024T11:45:22 - [MESSAGE][PASSED] - Text of object 'Object Repository/Страница авторизации/Text' is: 'ДЗО 
Все
Период
Выбрано: 9
тыс. кВт⋅ч
п.п.
Объем потерь
51 180 55951 180 559
52 400 71652 400 716
52 796 30652 796 306
2022 год
2023 год
2024 год
0
10 000
20 000
30 000
40 000
50 000
60 000
Уровень потерь
8.158.15
8.268.26
7.927.92
Факт
2022 год
2023 год
2024 год
0
2
4
6
8
10
●● Отклонения, тыс. кВт⋅ч
тыс. кВт⋅ч
Отклонения объема потерь
1 220 1571 220 157
395 589395 589
2022/2023
2023/2024
0
250 000
500 000
750 000
1 000 000
1 250 000
1 500 000
●● Отклонения, п.п.
п.п.
Отклонения уровня потерь
0.110.11
-0.34-0.34
2022/2023
2023/2024
-0.4
-0.3
-0.2
-0.1
0
0.1
0.2
Фактические данные по объему и уровню потерь электроэнергии'

11-11-2024T11:45:22 - [TEST_STEP][PASSED] - a9 = "": null

11-11-2024T11:45:22 - [TEST_STEP][PASSED] - a3 = "": null

11-11-2024T11:45:22 - [TEST_STEP][PASSED] - a6 = "": null

11-11-2024T11:45:22 - [TEST_STEP][PASSED] - if (run == 1): null

11-11-2024T11:45:22 - [TEST_STEP][PASSED] - user = "админ": null

11-11-2024T11:45:22 - [TEST_STEP][PASSED] - a1 = getText(findTestObject("Объем потерь/divObemPoter")): Text of object 'Object Repository/Объем потерь/divObemPoter' is: 'Объем потерь
51 180 55951 180 559
52 400 71652 400 716
52 796 30652 796 306
2022 год
2023 год
2024 год
0
10 000
20 000
30 000
40 000
50 000
60 000'

11-11-2024T11:45:23 - [MESSAGE][PASSED] - Text of object 'Object Repository/Объем потерь/divObemPoter' is: 'Объем потерь
51 180 55951 180 559
52 400 71652 400 716
52 796 30652 796 306
2022 год
2023 год
2024 год
0
10 000
20 000
30 000
40 000
50 000
60 000'

11-11-2024T11:45:23 - [TEST_STEP][PASSED] - a2 = getText(findTestObject("Объем потерь/divUrovenPoter")): Text of object 'Object Repository/Объем потерь/divUrovenPoter' is: 'Уровень потерь
8.158.15
8.268.26
7.927.92
Факт
2022 год
2023 год
2024 год
0
2
4
6
8
10'

11-11-2024T11:45:23 - [MESSAGE][PASSED] - Text of object 'Object Repository/Объем потерь/divUrovenPoter' is: 'Уровень потерь
8.158.15
8.268.26
7.927.92
Факт
2022 год
2023 год
2024 год
0
2
4
6
8
10'

11-11-2024T11:45:23 - [TEST_STEP][PASSED] - a3 = getText(findTestObject("Объем потерь/divOtkloneniyaObemaPoter")): Text of object 'Object Repository/Объем потерь/divOtkloneniyaObemaPoter' is: '●● Отклонения, тыс. кВт⋅ч
тыс. кВт⋅ч
Отклонения объема потерь
1 220 1571 220 157
395 589395 589
2022/2023
2023/2024
0
250 000
500 000
750 000
1 000 000
1 250 000
1 500 000'

11-11-2024T11:45:23 - [MESSAGE][PASSED] - Text of object 'Object Repository/Объем потерь/divOtkloneniyaObemaPoter' is: '●● Отклонения, тыс. кВт⋅ч
тыс. кВт⋅ч
Отклонения объема потерь
1 220 1571 220 157
395 589395 589
2022/2023
2023/2024
0
250 000
500 000
750 000
1 000 000
1 250 000
1 500 000'

11-11-2024T11:45:23 - [TEST_STEP][PASSED] - a4 = getText(findTestObject("Объем потерь/divOtkloneniyaUrovnyaPoter")): Text of object 'Object Repository/Объем потерь/divOtkloneniyaUrovnyaPoter' is: '●● Отклонения, п.п.
п.п.
Отклонения уровня потерь
0.110.11
-0.34-0.34
2022/2023
2023/2024
-0.4
-0.3
-0.2
-0.1
0
0.1
0.2'

11-11-2024T11:45:24 - [MESSAGE][PASSED] - Text of object 'Object Repository/Объем потерь/divOtkloneniyaUrovnyaPoter' is: '●● Отклонения, п.п.
п.п.
Отклонения уровня потерь
0.110.11
-0.34-0.34
2022/2023
2023/2024
-0.4
-0.3
-0.2
-0.1
0
0.1
0.2'

11-11-2024T11:45:24 - [TEST_STEP][PASSED] - n = n + 6: null

11-11-2024T11:45:24 - [TEST_STEP][PASSED] - Script1686231490255.WriteToExcel(user, dashboardName, n, data, run, a1, a2, a3, a4, a5, a6, a7, a8, a9): null

11-11-2024T11:45:24 - [TEST_STEP][PASSED] - sheetName = "Sheet1": null

11-11-2024T11:45:24 - [TEST_STEP][PASSED] - workbook01 = getWorkbook(excelFilePath): null

11-11-2024T11:45:24 - [TEST_STEP][PASSED] - sheet01 = getExcelSheet(workbook01, sheetName): null

11-11-2024T11:45:24 - [TEST_STEP][PASSED] - setValueToCellByIndex(sheet01, n, 0, dashboardName): null

11-11-2024T11:45:24 - [TEST_STEP][PASSED] - setValueToCellByIndex(sheet01, n, 10, user): null

11-11-2024T11:45:24 - [TEST_STEP][PASSED] - setValueToCellByIndex(sheet01, n, 1, a1): null

11-11-2024T11:45:24 - [TEST_STEP][PASSED] - setValueToCellByIndex(sheet01, n, 2, a2): null

11-11-2024T11:45:24 - [TEST_STEP][PASSED] - setValueToCellByIndex(sheet01, n, 3, a3): null

11-11-2024T11:45:24 - [TEST_STEP][PASSED] - setValueToCellByIndex(sheet01, n, 4, a4): null

11-11-2024T11:45:24 - [TEST_STEP][PASSED] - setValueToCellByIndex(sheet01, n, 5, a5): null

11-11-2024T11:45:24 - [TEST_STEP][PASSED] - setValueToCellByIndex(sheet01, n, 6, a6): null

11-11-2024T11:45:24 - [TEST_STEP][PASSED] - setValueToCellByIndex(sheet01, n, 7, a7): null

11-11-2024T11:45:24 - [TEST_STEP][PASSED] - setValueToCellByIndex(sheet01, n, 8, a8): null

11-11-2024T11:45:24 - [TEST_STEP][PASSED] - setValueToCellByIndex(sheet01, n, 9, a9): null

11-11-2024T11:45:24 - [TEST_STEP][PASSED] - n = n + 1: null

11-11-2024T11:45:24 - [TEST_STEP][PASSED] - saveWorkbook(excelFilePath, workbook01): null

11-11-2024T11:45:24 - [TEST_STEP][PASSED] - if (run == 2): null

11-11-2024T11:45:24 - [TEST_STEP][PASSED] - if (run == 3): null

11-11-2024T11:45:24 - [TEST_STEP][PASSED] - closeBrowser(): null

11-11-2024T11:45:24 - [MESSAGE][PASSED] - Browser is closed

11-11-2024T11:45:24 - [TEST_STEP][PASSED] - ObyemPoter(user, dashboardName, n, data, run, a1, a2, a3, a4, a5, a6, a7, a8, a9, urlData): null

11-11-2024T11:45:24 - [TEST_STEP][PASSED] - n = data.getRowNumbers() + 1: null

11-11-2024T11:45:24 - [TEST_STEP][PASSED] - println(n): null

11-11-2024T11:45:24 - [TEST_STEP][PASSED] - dashboardName = "Объём потерь": null

11-11-2024T11:45:24 - [TEST_STEP][PASSED] - openBrowser(""): Browser is opened with url: ''

11-11-2024T11:45:24 - [MESSAGE][INFO] - Starting 'Chrome' driver

11-11-2024T11:45:24 - [MESSAGE][INFO] - Action delay is set to 0 milliseconds

11-11-2024T11:45:25 - [MESSAGE][PASSED] - Browser is opened with url: ''

11-11-2024T11:45:25 - [TEST_STEP][PASSED] - urlData = 14: null

11-11-2024T11:45:25 - [TEST_STEP][PASSED] - Script1686231490255.CheckPageDownload(urlData, run): null

11-11-2024T11:45:25 - [TEST_STEP][PASSED] - i = 1: null

11-11-2024T11:45:25 - [TEST_STEP][PASSED] - ii = 0: null

11-11-2024T11:45:25 - [TEST_STEP][PASSED] - urlText = <not implemented yet for class: org.codehaus.groovy.ast.expr.EmptyExpression>: null

11-11-2024T11:45:25 - [TEST_STEP][PASSED] - searchWord = <not implemented yet for class: org.codehaus.groovy.ast.expr.EmptyExpression>: null

11-11-2024T11:45:25 - [TEST_STEP][PASSED] - deleteAllCookies(): Delete all cookies successfully

11-11-2024T11:45:25 - [MESSAGE][PASSED] - Delete all cookies successfully

11-11-2024T11:45:25 - [TEST_STEP][PASSED] - refresh(): Refresh successfully

11-11-2024T11:45:25 - [MESSAGE][PASSED] - Refresh successfully

11-11-2024T11:45:25 - [TEST_STEP][PASSED] - delay(65): Delayed 65 second(s)

11-11-2024T11:46:30 - [MESSAGE][PASSED] - Delayed 65 second(s)

11-11-2024T11:46:30 - [TEST_STEP][PASSED] - navigateToUrl(findTestData("PlanFact").getValue(10, urlData)): Navigate to 'https://bi.rosseti.digital/viewer?dashboardGuid=d154a8eaf6824e2b9de1bb04dd061c18&sheetGuid=aa9766f159804cfeb6006ba98edf3a23&fit=true' successfully

11-11-2024T11:46:36 - [MESSAGE][PASSED] - Navigate to 'https://bi.rosseti.digital/viewer?dashboardGuid=d154a8eaf6824e2b9de1bb04dd061c18&sheetGuid=aa9766f159804cfeb6006ba98edf3a23&fit=true' successfully

11-11-2024T11:46:36 - [TEST_STEP][PASSED] - pageLoaded1 = verifyElementPresent(findTestObject("Страница авторизации/Text"), 30): Object 'Object Repository/Страница авторизации/Text' is present

11-11-2024T11:46:38 - [MESSAGE][PASSED] - Object 'Object Repository/Страница авторизации/Text' is present

11-11-2024T11:46:38 - [TEST_STEP][PASSED] - if (pageLoaded1 == false): null

11-11-2024T11:46:38 - [TEST_STEP][PASSED] - urlText = getText(findTestObject("Страница авторизации/Text")): Text of object 'Object Repository/Страница авторизации/Text' is: 'Вход'

11-11-2024T11:46:39 - [MESSAGE][PASSED] - Text of object 'Object Repository/Страница авторизации/Text' is: 'Вход'

11-11-2024T11:46:39 - [TEST_STEP][PASSED] - delay(65): Delayed 65 second(s)

11-11-2024T11:47:44 - [MESSAGE][PASSED] - Delayed 65 second(s)

11-11-2024T11:47:44 - [TEST_STEP][PASSED] - searchWord = "Вход": null

11-11-2024T11:47:44 - [TEST_STEP][PASSED] - if (urlText.contains(searchWord) == false): null

11-11-2024T11:47:44 - [TEST_STEP][PASSED] - setText(findTestObject("Страница авторизации/input__username"), findTestData("PlanFact").getValue(8, run)): Text 'Andreeva-EV' is set on object 'Object Repository/Страница авторизации/input__username'

11-11-2024T11:47:44 - [MESSAGE][PASSED] - Text 'Andreeva-EV' is set on object 'Object Repository/Страница авторизации/input__username'

11-11-2024T11:47:44 - [TEST_STEP][PASSED] - setText(findTestObject("Страница авторизации/input__password"), findTestData("PlanFact").getValue(9, run)): Text '2nPePKDwCPH3ul7xMZ' is set on object 'Object Repository/Страница авторизации/input__password'

11-11-2024T11:47:45 - [MESSAGE][PASSED] - Text '2nPePKDwCPH3ul7xMZ' is set on object 'Object Repository/Страница авторизации/input__password'

11-11-2024T11:47:45 - [TEST_STEP][PASSED] - click(findTestObject("Страница авторизации/button_")): Object: 'Object Repository/Страница авторизации/button_' is clicked on

11-11-2024T11:47:49 - [MESSAGE][PASSED] - Object: 'Object Repository/Страница авторизации/button_' is clicked on

11-11-2024T11:47:49 - [TEST_STEP][PASSED] - delay(65): Delayed 65 second(s)

11-11-2024T11:48:54 - [MESSAGE][PASSED] - Delayed 65 second(s)

11-11-2024T11:48:54 - [TEST_STEP][PASSED] - searchWord = "а": null

11-11-2024T11:48:54 - [TEST_STEP][PASSED] - pageLoaded2 = verifyElementPresent(findTestObject("Страница авторизации/Text"), 50): Object 'Object Repository/Страница авторизации/Text' is present

11-11-2024T11:48:54 - [MESSAGE][PASSED] - Object 'Object Repository/Страница авторизации/Text' is present

11-11-2024T11:48:54 - [TEST_STEP][PASSED] - if (pageLoaded2 == false): null

11-11-2024T11:48:54 - [TEST_STEP][PASSED] - urlText = getText(findTestObject("Страница авторизации/Text")): Text of object 'Object Repository/Страница авторизации/Text' is: 'ДЗО 
Все
Период
Выбрано: 9
тыс. кВт⋅ч
п.п.
Объем потерь
51 180 55951 180 559
52 400 71652 400 716
52 796 30652 796 306
2022 год
2023 год
2024 год
0
10 000
20 000
30 000
40 000
50 000
60 000
Уровень потерь
8.158.15
8.268.26
7.927.92
Факт
2022 год
2023 год
2024 год
0
2
4
6
8
10
●● Отклонения, тыс. кВт⋅ч
тыс. кВт⋅ч
Отклонения объема потерь
1 220 1571 220 157
395 589395 589
2022/2023
2023/2024
0
250 000
500 000
750 000
1 000 000
1 250 000
1 500 000
●● Отклонения, п.п.
п.п.
Отклонения уровня потерь
0.110.11
-0.34-0.34
2022/2023
2023/2024
-0.4
-0.3
-0.2
-0.1
0
0.1
0.2
Фактические данные по объему и уровню потерь электроэнергии'

11-11-2024T11:48:54 - [MESSAGE][PASSED] - Text of object 'Object Repository/Страница авторизации/Text' is: 'ДЗО 
Все
Период
Выбрано: 9
тыс. кВт⋅ч
п.п.
Объем потерь
51 180 55951 180 559
52 400 71652 400 716
52 796 30652 796 306
2022 год
2023 год
2024 год
0
10 000
20 000
30 000
40 000
50 000
60 000
Уровень потерь
8.158.15
8.268.26
7.927.92
Факт
2022 год
2023 год
2024 год
0
2
4
6
8
10
●● Отклонения, тыс. кВт⋅ч
тыс. кВт⋅ч
Отклонения объема потерь
1 220 1571 220 157
395 589395 589
2022/2023
2023/2024
0
250 000
500 000
750 000
1 000 000
1 250 000
1 500 000
●● Отклонения, п.п.
п.п.
Отклонения уровня потерь
0.110.11
-0.34-0.34
2022/2023
2023/2024
-0.4
-0.3
-0.2
-0.1
0
0.1
0.2
Фактические данные по объему и уровню потерь электроэнергии'

11-11-2024T11:48:54 - [TEST_STEP][PASSED] - if (urlText.contains("ошибка") || urlText.contains(searchWord) == false): null

11-11-2024T11:48:54 - [TEST_STEP][PASSED] - a9 = "": null

11-11-2024T11:48:54 - [TEST_STEP][PASSED] - a3 = "": null

11-11-2024T11:48:54 - [TEST_STEP][PASSED] - a6 = "": null

11-11-2024T11:48:54 - [TEST_STEP][PASSED] - if (run == 1): null

11-11-2024T11:48:54 - [TEST_STEP][PASSED] - if (run == 2): null

11-11-2024T11:48:54 - [TEST_STEP][PASSED] - user = "Андреева": null

11-11-2024T11:48:54 - [TEST_STEP][PASSED] - a1 = getText(findTestObject("Объем потерь/divObemPoter")): Text of object 'Object Repository/Объем потерь/divObemPoter' is: 'Объем потерь
51 180 55951 180 559
52 400 71652 400 716
52 796 30652 796 306
2022 год
2023 год
2024 год
0
10 000
20 000
30 000
40 000
50 000
60 000'

11-11-2024T11:48:55 - [MESSAGE][PASSED] - Text of object 'Object Repository/Объем потерь/divObemPoter' is: 'Объем потерь
51 180 55951 180 559
52 400 71652 400 716
52 796 30652 796 306
2022 год
2023 год
2024 год
0
10 000
20 000
30 000
40 000
50 000
60 000'

11-11-2024T11:48:55 - [TEST_STEP][PASSED] - a2 = getText(findTestObject("Объем потерь/divUrovenPoter")): Text of object 'Object Repository/Объем потерь/divUrovenPoter' is: 'Уровень потерь
8.158.15
8.268.26
7.927.92
Факт
2022 год
2023 год
2024 год
0
2
4
6
8
10'

11-11-2024T11:48:55 - [MESSAGE][PASSED] - Text of object 'Object Repository/Объем потерь/divUrovenPoter' is: 'Уровень потерь
8.158.15
8.268.26
7.927.92
Факт
2022 год
2023 год
2024 год
0
2
4
6
8
10'

11-11-2024T11:48:55 - [TEST_STEP][PASSED] - a3 = getText(findTestObject("Объем потерь/divOtkloneniyaObemaPoter")): Text of object 'Object Repository/Объем потерь/divOtkloneniyaObemaPoter' is: '●● Отклонения, тыс. кВт⋅ч
тыс. кВт⋅ч
Отклонения объема потерь
1 220 1571 220 157
395 589395 589
2022/2023
2023/2024
0
250 000
500 000
750 000
1 000 000
1 250 000
1 500 000'

11-11-2024T11:48:55 - [MESSAGE][PASSED] - Text of object 'Object Repository/Объем потерь/divOtkloneniyaObemaPoter' is: '●● Отклонения, тыс. кВт⋅ч
тыс. кВт⋅ч
Отклонения объема потерь
1 220 1571 220 157
395 589395 589
2022/2023
2023/2024
0
250 000
500 000
750 000
1 000 000
1 250 000
1 500 000'

11-11-2024T11:48:55 - [TEST_STEP][PASSED] - a4 = getText(findTestObject("Объем потерь/divOtkloneniyaUrovnyaPoter")): Text of object 'Object Repository/Объем потерь/divOtkloneniyaUrovnyaPoter' is: '●● Отклонения, п.п.
п.п.
Отклонения уровня потерь
0.110.11
-0.34-0.34
2022/2023
2023/2024
-0.4
-0.3
-0.2
-0.1
0
0.1
0.2'

11-11-2024T11:48:56 - [MESSAGE][PASSED] - Text of object 'Object Repository/Объем потерь/divOtkloneniyaUrovnyaPoter' is: '●● Отклонения, п.п.
п.п.
Отклонения уровня потерь
0.110.11
-0.34-0.34
2022/2023
2023/2024
-0.4
-0.3
-0.2
-0.1
0
0.1
0.2'

11-11-2024T11:48:56 - [TEST_STEP][PASSED] - n = n + 7: null

11-11-2024T11:48:56 - [TEST_STEP][PASSED] - b = n - run + 1: null

11-11-2024T11:48:56 - [TEST_STEP][PASSED] - verifyEqual(findTestData("PlanFact").getValue(2, b), a1): Actual object 'Объем потерь
51 180 55951 180 559
52 400 71652 400 716
52 796 30652 796 306
2022 год
2023 год
2024 год
0
10 000
20 000
30 000
40 000
50 000
60 000' and expected object 'Объем потерь
51 180 55951 180 559
52 400 71652 400 716
52 796 30652 796 306
2022 год
2023 год
2024 год
0
10 000
20 000
30 000
40 000
50 000
60 000' are equal

11-11-2024T11:48:56 - [MESSAGE][PASSED] - Actual object 'Объем потерь
51 180 55951 180 559
52 400 71652 400 716
52 796 30652 796 306
2022 год
2023 год
2024 год
0
10 000
20 000
30 000
40 000
50 000
60 000' and expected object 'Объем потерь
51 180 55951 180 559
52 400 71652 400 716
52 796 30652 796 306
2022 год
2023 год
2024 год
0
10 000
20 000
30 000
40 000
50 000
60 000' are equal

11-11-2024T11:48:56 - [TEST_STEP][PASSED] - verifyEqual(findTestData("PlanFact").getValue(3, b), a2): Actual object 'Уровень потерь
8.158.15
8.268.26
7.927.92
Факт
2022 год
2023 год
2024 год
0
2
4
6
8
10' and expected object 'Уровень потерь
8.158.15
8.268.26
7.927.92
Факт
2022 год
2023 год
2024 год
0
2
4
6
8
10' are equal

11-11-2024T11:48:56 - [MESSAGE][PASSED] - Actual object 'Уровень потерь
8.158.15
8.268.26
7.927.92
Факт
2022 год
2023 год
2024 год
0
2
4
6
8
10' and expected object 'Уровень потерь
8.158.15
8.268.26
7.927.92
Факт
2022 год
2023 год
2024 год
0
2
4
6
8
10' are equal

11-11-2024T11:48:56 - [TEST_STEP][PASSED] - verifyEqual(findTestData("PlanFact").getValue(4, b), a3): Actual object '●● Отклонения, тыс. кВт⋅ч
тыс. кВт⋅ч
Отклонения объема потерь
1 220 1571 220 157
395 589395 589
2022/2023
2023/2024
0
250 000
500 000
750 000
1 000 000
1 250 000
1 500 000' and expected object '●● Отклонения, тыс. кВт⋅ч
тыс. кВт⋅ч
Отклонения объема потерь
1 220 1571 220 157
395 589395 589
2022/2023
2023/2024
0
250 000
500 000
750 000
1 000 000
1 250 000
1 500 000' are equal

11-11-2024T11:48:56 - [MESSAGE][PASSED] - Actual object '●● Отклонения, тыс. кВт⋅ч
тыс. кВт⋅ч
Отклонения объема потерь
1 220 1571 220 157
395 589395 589
2022/2023
2023/2024
0
250 000
500 000
750 000
1 000 000
1 250 000
1 500 000' and expected object '●● Отклонения, тыс. кВт⋅ч
тыс. кВт⋅ч
Отклонения объема потерь
1 220 1571 220 157
395 589395 589
2022/2023
2023/2024
0
250 000
500 000
750 000
1 000 000
1 250 000
1 500 000' are equal

11-11-2024T11:48:56 - [TEST_STEP][PASSED] - verifyEqual(findTestData("PlanFact").getValue(5, b), a4): Actual object '●● Отклонения, п.п.
п.п.
Отклонения уровня потерь
0.110.11
-0.34-0.34
2022/2023
2023/2024
-0.4
-0.3
-0.2
-0.1
0
0.1
0.2' and expected object '●● Отклонения, п.п.
п.п.
Отклонения уровня потерь
0.110.11
-0.34-0.34
2022/2023
2023/2024
-0.4
-0.3
-0.2
-0.1
0
0.1
0.2' are equal

11-11-2024T11:48:56 - [MESSAGE][PASSED] - Actual object '●● Отклонения, п.п.
п.п.
Отклонения уровня потерь
0.110.11
-0.34-0.34
2022/2023
2023/2024
-0.4
-0.3
-0.2
-0.1
0
0.1
0.2' and expected object '●● Отклонения, п.п.
п.п.
Отклонения уровня потерь
0.110.11
-0.34-0.34
2022/2023
2023/2024
-0.4
-0.3
-0.2
-0.1
0
0.1
0.2' are equal

11-11-2024T11:48:56 - [TEST_STEP][PASSED] - Script1686231490255.WriteToExcel(user, dashboardName, n, data, run, a1, a2, a3, a4, a5, a6, a7, a8, a9): null

11-11-2024T11:48:56 - [TEST_STEP][PASSED] - sheetName = "Sheet1": null

11-11-2024T11:48:56 - [TEST_STEP][PASSED] - workbook01 = getWorkbook(excelFilePath): null

11-11-2024T11:48:56 - [TEST_STEP][PASSED] - sheet01 = getExcelSheet(workbook01, sheetName): null

11-11-2024T11:48:56 - [TEST_STEP][PASSED] - setValueToCellByIndex(sheet01, n, 0, dashboardName): null

11-11-2024T11:48:56 - [TEST_STEP][PASSED] - setValueToCellByIndex(sheet01, n, 10, user): null

11-11-2024T11:48:56 - [TEST_STEP][PASSED] - setValueToCellByIndex(sheet01, n, 1, a1): null

11-11-2024T11:48:56 - [TEST_STEP][PASSED] - setValueToCellByIndex(sheet01, n, 2, a2): null

11-11-2024T11:48:56 - [TEST_STEP][PASSED] - setValueToCellByIndex(sheet01, n, 3, a3): null

11-11-2024T11:48:56 - [TEST_STEP][PASSED] - setValueToCellByIndex(sheet01, n, 4, a4): null

11-11-2024T11:48:56 - [TEST_STEP][PASSED] - setValueToCellByIndex(sheet01, n, 5, a5): null

11-11-2024T11:48:56 - [TEST_STEP][PASSED] - setValueToCellByIndex(sheet01, n, 6, a6): null

11-11-2024T11:48:56 - [TEST_STEP][PASSED] - setValueToCellByIndex(sheet01, n, 7, a7): null

11-11-2024T11:48:56 - [TEST_STEP][PASSED] - setValueToCellByIndex(sheet01, n, 8, a8): null

11-11-2024T11:48:56 - [TEST_STEP][PASSED] - setValueToCellByIndex(sheet01, n, 9, a9): null

11-11-2024T11:48:56 - [TEST_STEP][PASSED] - n = n + 1: null

11-11-2024T11:48:56 - [TEST_STEP][PASSED] - saveWorkbook(excelFilePath, workbook01): null

11-11-2024T11:48:56 - [TEST_STEP][PASSED] - if (run == 3): null

11-11-2024T11:48:56 - [TEST_STEP][PASSED] - closeBrowser(): null

11-11-2024T11:48:56 - [MESSAGE][PASSED] - Browser is closed

11-11-2024T11:48:56 - [TEST_STEP][PASSED] - ObyemPoter(user, dashboardName, n, data, run, a1, a2, a3, a4, a5, a6, a7, a8, a9, urlData): null

11-11-2024T11:48:56 - [TEST_STEP][PASSED] - n = data.getRowNumbers() + 1: null

11-11-2024T11:48:56 - [TEST_STEP][PASSED] - println(n): null

11-11-2024T11:48:56 - [TEST_STEP][PASSED] - dashboardName = "Объём потерь": null

11-11-2024T11:48:56 - [TEST_STEP][PASSED] - openBrowser(""): Browser is opened with url: ''

11-11-2024T11:48:56 - [MESSAGE][INFO] - Starting 'Chrome' driver

11-11-2024T11:48:56 - [MESSAGE][INFO] - Action delay is set to 0 milliseconds

11-11-2024T11:48:57 - [MESSAGE][PASSED] - Browser is opened with url: ''

11-11-2024T11:48:57 - [TEST_STEP][PASSED] - urlData = 14: null

11-11-2024T11:48:57 - [TEST_STEP][PASSED] - Script1686231490255.CheckPageDownload(urlData, run): null

11-11-2024T11:48:57 - [TEST_STEP][PASSED] - i = 1: null

11-11-2024T11:48:57 - [TEST_STEP][PASSED] - ii = 0: null

11-11-2024T11:48:57 - [TEST_STEP][PASSED] - urlText = <not implemented yet for class: org.codehaus.groovy.ast.expr.EmptyExpression>: null

11-11-2024T11:48:57 - [TEST_STEP][PASSED] - searchWord = <not implemented yet for class: org.codehaus.groovy.ast.expr.EmptyExpression>: null

11-11-2024T11:48:57 - [TEST_STEP][PASSED] - deleteAllCookies(): Delete all cookies successfully

11-11-2024T11:48:57 - [MESSAGE][PASSED] - Delete all cookies successfully

11-11-2024T11:48:57 - [TEST_STEP][PASSED] - refresh(): Refresh successfully

11-11-2024T11:48:57 - [MESSAGE][PASSED] - Refresh successfully

11-11-2024T11:48:57 - [TEST_STEP][PASSED] - delay(65): Delayed 65 second(s)

11-11-2024T11:50:02 - [MESSAGE][PASSED] - Delayed 65 second(s)

11-11-2024T11:50:02 - [TEST_STEP][PASSED] - navigateToUrl(findTestData("PlanFact").getValue(10, urlData)): Navigate to 'https://bi.rosseti.digital/viewer?dashboardGuid=d154a8eaf6824e2b9de1bb04dd061c18&sheetGuid=aa9766f159804cfeb6006ba98edf3a23&fit=true' successfully

11-11-2024T11:50:15 - [MESSAGE][PASSED] - Navigate to 'https://bi.rosseti.digital/viewer?dashboardGuid=d154a8eaf6824e2b9de1bb04dd061c18&sheetGuid=aa9766f159804cfeb6006ba98edf3a23&fit=true' successfully

11-11-2024T11:50:15 - [TEST_STEP][PASSED] - pageLoaded1 = verifyElementPresent(findTestObject("Страница авторизации/Text"), 30): Object 'Object Repository/Страница авторизации/Text' is present

11-11-2024T11:50:19 - [MESSAGE][PASSED] - Object 'Object Repository/Страница авторизации/Text' is present

11-11-2024T11:50:19 - [TEST_STEP][PASSED] - if (pageLoaded1 == false): null

11-11-2024T11:50:19 - [TEST_STEP][PASSED] - urlText = getText(findTestObject("Страница авторизации/Text")): Text of object 'Object Repository/Страница авторизации/Text' is: 'Вход'

11-11-2024T11:50:19 - [MESSAGE][PASSED] - Text of object 'Object Repository/Страница авторизации/Text' is: 'Вход'

11-11-2024T11:50:19 - [TEST_STEP][PASSED] - delay(65): Delayed 65 second(s)

11-11-2024T11:51:24 - [MESSAGE][PASSED] - Delayed 65 second(s)

11-11-2024T11:51:24 - [TEST_STEP][PASSED] - searchWord = "Вход": null

11-11-2024T11:51:24 - [TEST_STEP][PASSED] - if (urlText.contains(searchWord) == false): null

11-11-2024T11:51:24 - [TEST_STEP][PASSED] - setText(findTestObject("Страница авторизации/input__username"), findTestData("PlanFact").getValue(8, run)): Text 'Petrova-OV' is set on object 'Object Repository/Страница авторизации/input__username'

11-11-2024T11:51:25 - [MESSAGE][PASSED] - Text 'Petrova-OV' is set on object 'Object Repository/Страница авторизации/input__username'

11-11-2024T11:51:25 - [TEST_STEP][PASSED] - setText(findTestObject("Страница авторизации/input__password"), findTestData("PlanFact").getValue(9, run)): Text '4Ex@~R53r&3x&BVe7' is set on object 'Object Repository/Страница авторизации/input__password'

11-11-2024T11:51:25 - [MESSAGE][PASSED] - Text '4Ex@~R53r&3x&BVe7' is set on object 'Object Repository/Страница авторизации/input__password'

11-11-2024T11:51:25 - [TEST_STEP][PASSED] - click(findTestObject("Страница авторизации/button_")): Object: 'Object Repository/Страница авторизации/button_' is clicked on

11-11-2024T11:51:30 - [MESSAGE][PASSED] - Object: 'Object Repository/Страница авторизации/button_' is clicked on

11-11-2024T11:51:30 - [TEST_STEP][PASSED] - delay(65): Delayed 65 second(s)

11-11-2024T11:52:35 - [MESSAGE][PASSED] - Delayed 65 second(s)

11-11-2024T11:52:35 - [TEST_STEP][PASSED] - searchWord = "а": null

11-11-2024T11:52:35 - [TEST_STEP][PASSED] - pageLoaded2 = verifyElementPresent(findTestObject("Страница авторизации/Text"), 50): Object 'Object Repository/Страница авторизации/Text' is present

11-11-2024T11:52:35 - [MESSAGE][PASSED] - Object 'Object Repository/Страница авторизации/Text' is present

11-11-2024T11:52:35 - [TEST_STEP][PASSED] - if (pageLoaded2 == false): null

11-11-2024T11:52:35 - [TEST_STEP][PASSED] - urlText = getText(findTestObject("Страница авторизации/Text")): Text of object 'Object Repository/Страница авторизации/Text' is: 'ДЗО 
Все
Период
Выбрано: 9
тыс. кВт⋅ч
п.п.
Объем потерь
51 180 55951 180 559
52 400 71652 400 716
52 796 30652 796 306
2022 год
2023 год
2024 год
0
10 000
20 000
30 000
40 000
50 000
60 000
Уровень потерь
8.158.15
8.268.26
7.927.92
Факт
2022 год
2023 год
2024 год
0
2
4
6
8
10
●● Отклонения, тыс. кВт⋅ч
тыс. кВт⋅ч
Отклонения объема потерь
1 220 1571 220 157
395 589395 589
2022/2023
2023/2024
0
250 000
500 000
750 000
1 000 000
1 250 000
1 500 000
●● Отклонения, п.п.
п.п.
Отклонения уровня потерь
0.110.11
-0.34-0.34
2022/2023
2023/2024
-0.4
-0.3
-0.2
-0.1
0
0.1
0.2
Фактические данные по объему и уровню потерь электроэнергии'

11-11-2024T11:52:35 - [MESSAGE][PASSED] - Text of object 'Object Repository/Страница авторизации/Text' is: 'ДЗО 
Все
Период
Выбрано: 9
тыс. кВт⋅ч
п.п.
Объем потерь
51 180 55951 180 559
52 400 71652 400 716
52 796 30652 796 306
2022 год
2023 год
2024 год
0
10 000
20 000
30 000
40 000
50 000
60 000
Уровень потерь
8.158.15
8.268.26
7.927.92
Факт
2022 год
2023 год
2024 год
0
2
4
6
8
10
●● Отклонения, тыс. кВт⋅ч
тыс. кВт⋅ч
Отклонения объема потерь
1 220 1571 220 157
395 589395 589
2022/2023
2023/2024
0
250 000
500 000
750 000
1 000 000
1 250 000
1 500 000
●● Отклонения, п.п.
п.п.
Отклонения уровня потерь
0.110.11
-0.34-0.34
2022/2023
2023/2024
-0.4
-0.3
-0.2
-0.1
0
0.1
0.2
Фактические данные по объему и уровню потерь электроэнергии'

11-11-2024T11:52:35 - [TEST_STEP][PASSED] - if (urlText.contains("ошибка") || urlText.contains(searchWord) == false): null

11-11-2024T11:52:35 - [TEST_STEP][PASSED] - a9 = "": null

11-11-2024T11:52:35 - [TEST_STEP][PASSED] - a3 = "": null

11-11-2024T11:52:35 - [TEST_STEP][PASSED] - a6 = "": null

11-11-2024T11:52:35 - [TEST_STEP][PASSED] - if (run == 1): null

11-11-2024T11:52:35 - [TEST_STEP][PASSED] - if (run == 2): null

11-11-2024T11:52:35 - [TEST_STEP][PASSED] - if (run == 3): null

11-11-2024T11:52:35 - [TEST_STEP][PASSED] - user = "Попова": null

11-11-2024T11:52:35 - [TEST_STEP][PASSED] - a1 = getText(findTestObject("Объем потерь/divObemPoter")): Text of object 'Object Repository/Объем потерь/divObemPoter' is: 'Объем потерь
51 180 55951 180 559
52 400 71652 400 716
52 796 30652 796 306
2022 год
2023 год
2024 год
0
10 000
20 000
30 000
40 000
50 000
60 000'

11-11-2024T11:52:36 - [MESSAGE][PASSED] - Text of object 'Object Repository/Объем потерь/divObemPoter' is: 'Объем потерь
51 180 55951 180 559
52 400 71652 400 716
52 796 30652 796 306
2022 год
2023 год
2024 год
0
10 000
20 000
30 000
40 000
50 000
60 000'

11-11-2024T11:52:36 - [TEST_STEP][PASSED] - a2 = getText(findTestObject("Объем потерь/divUrovenPoter")): Text of object 'Object Repository/Объем потерь/divUrovenPoter' is: 'Уровень потерь
8.158.15
8.268.26
7.927.92
Факт
2022 год
2023 год
2024 год
0
2
4
6
8
10'

11-11-2024T11:52:36 - [MESSAGE][PASSED] - Text of object 'Object Repository/Объем потерь/divUrovenPoter' is: 'Уровень потерь
8.158.15
8.268.26
7.927.92
Факт
2022 год
2023 год
2024 год
0
2
4
6
8
10'

11-11-2024T11:52:36 - [TEST_STEP][PASSED] - a3 = getText(findTestObject("Объем потерь/divOtkloneniyaObemaPoter")): Text of object 'Object Repository/Объем потерь/divOtkloneniyaObemaPoter' is: '●● Отклонения, тыс. кВт⋅ч
тыс. кВт⋅ч
Отклонения объема потерь
1 220 1571 220 157
395 589395 589
2022/2023
2023/2024
0
250 000
500 000
750 000
1 000 000
1 250 000
1 500 000'

11-11-2024T11:52:36 - [MESSAGE][PASSED] - Text of object 'Object Repository/Объем потерь/divOtkloneniyaObemaPoter' is: '●● Отклонения, тыс. кВт⋅ч
тыс. кВт⋅ч
Отклонения объема потерь
1 220 1571 220 157
395 589395 589
2022/2023
2023/2024
0
250 000
500 000
750 000
1 000 000
1 250 000
1 500 000'

11-11-2024T11:52:36 - [TEST_STEP][PASSED] - a4 = getText(findTestObject("Объем потерь/divOtkloneniyaUrovnyaPoter")): Text of object 'Object Repository/Объем потерь/divOtkloneniyaUrovnyaPoter' is: '●● Отклонения, п.п.
п.п.
Отклонения уровня потерь
0.110.11
-0.34-0.34
2022/2023
2023/2024
-0.4
-0.3
-0.2
-0.1
0
0.1
0.2'

11-11-2024T11:52:37 - [MESSAGE][PASSED] - Text of object 'Object Repository/Объем потерь/divOtkloneniyaUrovnyaPoter' is: '●● Отклонения, п.п.
п.п.
Отклонения уровня потерь
0.110.11
-0.34-0.34
2022/2023
2023/2024
-0.4
-0.3
-0.2
-0.1
0
0.1
0.2'

11-11-2024T11:52:37 - [TEST_STEP][PASSED] - n = n + 8: null

11-11-2024T11:52:37 - [TEST_STEP][PASSED] - b = n - run + 1: null

11-11-2024T11:52:37 - [TEST_STEP][PASSED] - verifyEqual(findTestData("PlanFact").getValue(2, b), a1): Actual object 'Объем потерь
51 180 55951 180 559
52 400 71652 400 716
52 796 30652 796 306
2022 год
2023 год
2024 год
0
10 000
20 000
30 000
40 000
50 000
60 000' and expected object 'Объем потерь
51 180 55951 180 559
52 400 71652 400 716
52 796 30652 796 306
2022 год
2023 год
2024 год
0
10 000
20 000
30 000
40 000
50 000
60 000' are equal

11-11-2024T11:52:37 - [MESSAGE][PASSED] - Actual object 'Объем потерь
51 180 55951 180 559
52 400 71652 400 716
52 796 30652 796 306
2022 год
2023 год
2024 год
0
10 000
20 000
30 000
40 000
50 000
60 000' and expected object 'Объем потерь
51 180 55951 180 559
52 400 71652 400 716
52 796 30652 796 306
2022 год
2023 год
2024 год
0
10 000
20 000
30 000
40 000
50 000
60 000' are equal

11-11-2024T11:52:37 - [TEST_STEP][PASSED] - verifyEqual(findTestData("PlanFact").getValue(3, b), a2): Actual object 'Уровень потерь
8.158.15
8.268.26
7.927.92
Факт
2022 год
2023 год
2024 год
0
2
4
6
8
10' and expected object 'Уровень потерь
8.158.15
8.268.26
7.927.92
Факт
2022 год
2023 год
2024 год
0
2
4
6
8
10' are equal

11-11-2024T11:52:37 - [MESSAGE][PASSED] - Actual object 'Уровень потерь
8.158.15
8.268.26
7.927.92
Факт
2022 год
2023 год
2024 год
0
2
4
6
8
10' and expected object 'Уровень потерь
8.158.15
8.268.26
7.927.92
Факт
2022 год
2023 год
2024 год
0
2
4
6
8
10' are equal

11-11-2024T11:52:37 - [TEST_STEP][PASSED] - verifyEqual(findTestData("PlanFact").getValue(4, b), a3): Actual object '●● Отклонения, тыс. кВт⋅ч
тыс. кВт⋅ч
Отклонения объема потерь
1 220 1571 220 157
395 589395 589
2022/2023
2023/2024
0
250 000
500 000
750 000
1 000 000
1 250 000
1 500 000' and expected object '●● Отклонения, тыс. кВт⋅ч
тыс. кВт⋅ч
Отклонения объема потерь
1 220 1571 220 157
395 589395 589
2022/2023
2023/2024
0
250 000
500 000
750 000
1 000 000
1 250 000
1 500 000' are equal

11-11-2024T11:52:37 - [MESSAGE][PASSED] - Actual object '●● Отклонения, тыс. кВт⋅ч
тыс. кВт⋅ч
Отклонения объема потерь
1 220 1571 220 157
395 589395 589
2022/2023
2023/2024
0
250 000
500 000
750 000
1 000 000
1 250 000
1 500 000' and expected object '●● Отклонения, тыс. кВт⋅ч
тыс. кВт⋅ч
Отклонения объема потерь
1 220 1571 220 157
395 589395 589
2022/2023
2023/2024
0
250 000
500 000
750 000
1 000 000
1 250 000
1 500 000' are equal

11-11-2024T11:52:37 - [TEST_STEP][PASSED] - verifyEqual(findTestData("PlanFact").getValue(5, b), a4): Actual object '●● Отклонения, п.п.
п.п.
Отклонения уровня потерь
0.110.11
-0.34-0.34
2022/2023
2023/2024
-0.4
-0.3
-0.2
-0.1
0
0.1
0.2' and expected object '●● Отклонения, п.п.
п.п.
Отклонения уровня потерь
0.110.11
-0.34-0.34
2022/2023
2023/2024
-0.4
-0.3
-0.2
-0.1
0
0.1
0.2' are equal

11-11-2024T11:52:37 - [MESSAGE][PASSED] - Actual object '●● Отклонения, п.п.
п.п.
Отклонения уровня потерь
0.110.11
-0.34-0.34
2022/2023
2023/2024
-0.4
-0.3
-0.2
-0.1
0
0.1
0.2' and expected object '●● Отклонения, п.п.
п.п.
Отклонения уровня потерь
0.110.11
-0.34-0.34
2022/2023
2023/2024
-0.4
-0.3
-0.2
-0.1
0
0.1
0.2' are equal

11-11-2024T11:52:37 - [TEST_STEP][PASSED] - Script1686231490255.WriteToExcel(user, dashboardName, n, data, run, a1, a2, a3, a4, a5, a6, a7, a8, a9): null

11-11-2024T11:52:37 - [TEST_STEP][PASSED] - sheetName = "Sheet1": null

11-11-2024T11:52:37 - [TEST_STEP][PASSED] - workbook01 = getWorkbook(excelFilePath): null

11-11-2024T11:52:37 - [TEST_STEP][PASSED] - sheet01 = getExcelSheet(workbook01, sheetName): null

11-11-2024T11:52:37 - [TEST_STEP][PASSED] - setValueToCellByIndex(sheet01, n, 0, dashboardName): null

11-11-2024T11:52:37 - [TEST_STEP][PASSED] - setValueToCellByIndex(sheet01, n, 10, user): null

11-11-2024T11:52:37 - [TEST_STEP][PASSED] - setValueToCellByIndex(sheet01, n, 1, a1): null

11-11-2024T11:52:37 - [TEST_STEP][PASSED] - setValueToCellByIndex(sheet01, n, 2, a2): null

11-11-2024T11:52:37 - [TEST_STEP][PASSED] - setValueToCellByIndex(sheet01, n, 3, a3): null

11-11-2024T11:52:37 - [TEST_STEP][PASSED] - setValueToCellByIndex(sheet01, n, 4, a4): null

11-11-2024T11:52:37 - [TEST_STEP][PASSED] - setValueToCellByIndex(sheet01, n, 5, a5): null

11-11-2024T11:52:37 - [TEST_STEP][PASSED] - setValueToCellByIndex(sheet01, n, 6, a6): null

11-11-2024T11:52:37 - [TEST_STEP][PASSED] - setValueToCellByIndex(sheet01, n, 7, a7): null

11-11-2024T11:52:37 - [TEST_STEP][PASSED] - setValueToCellByIndex(sheet01, n, 8, a8): null

11-11-2024T11:52:37 - [TEST_STEP][PASSED] - setValueToCellByIndex(sheet01, n, 9, a9): null

11-11-2024T11:52:37 - [TEST_STEP][PASSED] - n = n + 1: null

11-11-2024T11:52:37 - [TEST_STEP][PASSED] - saveWorkbook(excelFilePath, workbook01): null

11-11-2024T11:52:37 - [TEST_STEP][PASSED] - closeBrowser(): Browser is closed

11-11-2024T11:52:37 - [MESSAGE][PASSED] - Browser is closed

11-11-2024T11:52:37 - [TEST_STEP][PASSED] - delay(65): Delayed 65 second(s)

11-11-2024T11:53:42 - [MESSAGE][PASSED] - Delayed 65 second(s)

11-11-2024T11:53:42 - [TEST_STEP][PASSED] - for ([run = 1, run < 4, (run++)]): null

11-11-2024T11:53:42 - [TEST_STEP][PASSED] - OtpuskIzSeti(user, dashboardName, n, data, run, a1, a2, a3, a4, a5, a6, a7, a8, a9, urlData): null

11-11-2024T11:53:42 - [TEST_STEP][PASSED] - n = data.getRowNumbers() + 1: null

11-11-2024T11:53:42 - [TEST_STEP][PASSED] - println(n): null

11-11-2024T11:53:42 - [TEST_STEP][PASSED] - dashboardName = "Отпуск из сети": null

11-11-2024T11:53:42 - [TEST_STEP][PASSED] - openBrowser(""): Browser is opened with url: ''

11-11-2024T11:53:42 - [MESSAGE][INFO] - Starting 'Chrome' driver

11-11-2024T11:53:42 - [MESSAGE][INFO] - Action delay is set to 0 milliseconds

11-11-2024T11:53:43 - [MESSAGE][PASSED] - Browser is opened with url: ''

11-11-2024T11:53:43 - [TEST_STEP][PASSED] - urlData = 15: null

11-11-2024T11:53:43 - [TEST_STEP][PASSED] - Script1686231490255.CheckPageDownload(urlData, run): null

11-11-2024T11:53:43 - [TEST_STEP][PASSED] - i = 1: null

11-11-2024T11:53:43 - [TEST_STEP][PASSED] - ii = 0: null

11-11-2024T11:53:43 - [TEST_STEP][PASSED] - urlText = <not implemented yet for class: org.codehaus.groovy.ast.expr.EmptyExpression>: null

11-11-2024T11:53:43 - [TEST_STEP][PASSED] - searchWord = <not implemented yet for class: org.codehaus.groovy.ast.expr.EmptyExpression>: null

11-11-2024T11:53:43 - [TEST_STEP][PASSED] - deleteAllCookies(): Delete all cookies successfully

11-11-2024T11:53:43 - [MESSAGE][PASSED] - Delete all cookies successfully

11-11-2024T11:53:43 - [TEST_STEP][PASSED] - refresh(): Refresh successfully

11-11-2024T11:53:43 - [MESSAGE][PASSED] - Refresh successfully

11-11-2024T11:53:43 - [TEST_STEP][PASSED] - delay(65): Delayed 65 second(s)

11-11-2024T11:54:48 - [MESSAGE][PASSED] - Delayed 65 second(s)

11-11-2024T11:54:48 - [TEST_STEP][PASSED] - navigateToUrl(findTestData("PlanFact").getValue(10, urlData)): Navigate to 'https://bi.rosseti.digital/viewer?dashboardGuid=d154a8eaf6824e2b9de1bb04dd061c18&sheetGuid=f217cc6775674247871931fed0993c14&fit=true' successfully

11-11-2024T11:54:54 - [MESSAGE][PASSED] - Navigate to 'https://bi.rosseti.digital/viewer?dashboardGuid=d154a8eaf6824e2b9de1bb04dd061c18&sheetGuid=f217cc6775674247871931fed0993c14&fit=true' successfully

11-11-2024T11:54:54 - [TEST_STEP][PASSED] - pageLoaded1 = verifyElementPresent(findTestObject("Страница авторизации/Text"), 30): Object 'Object Repository/Страница авторизации/Text' is present

11-11-2024T11:54:58 - [MESSAGE][PASSED] - Object 'Object Repository/Страница авторизации/Text' is present

11-11-2024T11:54:58 - [TEST_STEP][PASSED] - if (pageLoaded1 == false): null

11-11-2024T11:54:58 - [TEST_STEP][PASSED] - urlText = getText(findTestObject("Страница авторизации/Text")): Text of object 'Object Repository/Страница авторизации/Text' is: 'Вход'

11-11-2024T11:54:58 - [MESSAGE][PASSED] - Text of object 'Object Repository/Страница авторизации/Text' is: 'Вход'

11-11-2024T11:54:58 - [TEST_STEP][PASSED] - delay(65): Delayed 65 second(s)

11-11-2024T11:56:03 - [MESSAGE][PASSED] - Delayed 65 second(s)

11-11-2024T11:56:03 - [TEST_STEP][PASSED] - searchWord = "Вход": null

11-11-2024T11:56:03 - [TEST_STEP][PASSED] - if (urlText.contains(searchWord) == false): null

11-11-2024T11:56:03 - [TEST_STEP][PASSED] - setText(findTestObject("Страница авторизации/input__username"), findTestData("PlanFact").getValue(8, run)): Text 'liazgina-di' is set on object 'Object Repository/Страница авторизации/input__username'

11-11-2024T11:56:04 - [MESSAGE][PASSED] - Text 'liazgina-di' is set on object 'Object Repository/Страница авторизации/input__username'

11-11-2024T11:56:04 - [TEST_STEP][PASSED] - setText(findTestObject("Страница авторизации/input__password"), findTestData("PlanFact").getValue(9, run)): Text ')$%5srZ8o688Dm#q' is set on object 'Object Repository/Страница авторизации/input__password'

11-11-2024T11:56:04 - [MESSAGE][PASSED] - Text ')$%5srZ8o688Dm#q' is set on object 'Object Repository/Страница авторизации/input__password'

11-11-2024T11:56:04 - [TEST_STEP][FAILED] - click(findTestObject("Страница авторизации/button_")): Unable to click on object 'Object Repository/Страница авторизации/button_' (Root cause: com.kms.katalon.core.exception.StepFailedException: Unable to click on object 'Object Repository/Страница авторизации/button_'
	at com.kms.katalon.core.webui.keyword.internal.WebUIKeywordMain.stepFailed(WebUIKeywordMain.groovy:64)
	at com.kms.katalon.core.webui.keyword.internal.WebUIKeywordMain.runKeyword(WebUIKeywordMain.groovy:26)
	at com.kms.katalon.core.webui.keyword.builtin.ClickKeyword.click(ClickKeyword.groovy:74)
	at com.kms.katalon.core.webui.keyword.builtin.ClickKeyword.execute(ClickKeyword.groovy:40)
	at com.kms.katalon.core.keyword.internal.KeywordExecutor.executeKeywordForPlatform(KeywordExecutor.groovy:74)
	at com.kms.katalon.core.webui.keyword.WebUiBuiltInKeywords.click(WebUiBuiltInKeywords.groovy:659)
	at Блок руководителя сверка дашбордов под разными учётками.CheckPageDownload(Блок руководителя сверка дашбордов под разными учётками:168)
	at Блок руководителя сверка дашбордов под разными учётками.OtpuskIzSeti(Блок руководителя сверка дашбордов под разными учётками:671)
	at Блок руководителя сверка дашбордов под разными учётками.run(Блок руководителя сверка дашбордов под разными учётками:70)
	at com.kms.katalon.core.main.ScriptEngine.run(ScriptEngine.java:194)
	at com.kms.katalon.core.main.ScriptEngine.runScriptAsRawText(ScriptEngine.java:119)
	at com.kms.katalon.core.main.TestCaseExecutor.runScript(TestCaseExecutor.java:448)
	at com.kms.katalon.core.main.TestCaseExecutor.doExecute(TestCaseExecutor.java:439)
	at com.kms.katalon.core.main.TestCaseExecutor.processExecutionPhase(TestCaseExecutor.java:418)
	at com.kms.katalon.core.main.TestCaseExecutor.accessMainPhase(TestCaseExecutor.java:410)
	at com.kms.katalon.core.main.TestCaseExecutor.execute(TestCaseExecutor.java:285)
	at com.kms.katalon.core.common.CommonExecutor.accessTestCaseMainPhase(CommonExecutor.java:65)
	at com.kms.katalon.core.main.TestSuiteExecutor.accessTestSuiteMainPhase(TestSuiteExecutor.java:150)
	at com.kms.katalon.core.main.TestSuiteExecutor.execute(TestSuiteExecutor.java:106)
	at com.kms.katalon.core.main.TestCaseMain.startTestSuite(TestCaseMain.java:180)
	at TempTestSuite1731310890476.run(TempTestSuite1731310890476.groovy:35)
	at java.base/jdk.internal.reflect.NativeMethodAccessorImpl.invoke0(Native Method)
	at java.base/jdk.internal.reflect.NativeMethodAccessorImpl.invoke(NativeMethodAccessorImpl.java:77)
	at java.base/jdk.internal.reflect.DelegatingMethodAccessorImpl.invoke(DelegatingMethodAccessorImpl.java:43)
Caused by: org.openqa.selenium.TimeoutException: timeout: Timed out receiving message from renderer: 300.000
  (Session info: chrome=130.0.6723.117)
Build info: version: '3.141.59', revision: 'unknown', time: 'unknown'
System info: host: 'UVV-WS904-D', ip: '192.168.0.19', os.name: 'Windows 10', os.arch: 'amd64', os.version: '10.0', java.version: '17.0.7'
Driver info: com.kms.katalon.selenium.driver.CChromeDriver
Capabilities {acceptInsecureCerts: false, browserName: chrome, browserVersion: 130.0.6723.117, chrome: {chromedriverVersion: 129.0.6668.58 (81a06fb873a9..., userDataDir: C:\Users\LIAZGI~1\AppData\L...}, fedcm:accounts: true, goog:chromeOptions: {debuggerAddress: localhost:61744}, javascriptEnabled: true, networkConnectionEnabled: false, pageLoadStrategy: normal, platform: WINDOWS, platformName: WINDOWS, proxy: Proxy(), setWindowRect: true, strictFileInteractability: false, timeouts: {implicit: 0, pageLoad: 300000, script: 30000}, unhandledPromptBehavior: dismiss and notify, webauthn:extension:credBlob: true, webauthn:extension:largeBlob: true, webauthn:extension:minPinLength: true, webauthn:extension:prf: true, webauthn:virtualAuthenticators: true}
Session ID: c4422713013d04fb4acd86f6507a6629
	at java.base/jdk.internal.reflect.NativeConstructorAccessorImpl.newInstance0(Native Method)
	at java.base/jdk.internal.reflect.NativeConstructorAccessorImpl.newInstance(NativeConstructorAccessorImpl.java:77)
	at java.base/jdk.internal.reflect.DelegatingConstructorAccessorImpl.newInstance(DelegatingConstructorAccessorImpl.java:45)
	at org.openqa.selenium.remote.http.W3CHttpResponseCodec.createException(W3CHttpResponseCodec.java:187)
	at org.openqa.selenium.remote.http.W3CHttpResponseCodec.decode(W3CHttpResponseCodec.java:122)
	at org.openqa.selenium.remote.http.W3CHttpResponseCodec.decode(W3CHttpResponseCodec.java:49)
	at org.openqa.selenium.remote.HttpCommandExecutor.execute(HttpCommandExecutor.java:158)
	at org.openqa.selenium.remote.service.DriverCommandExecutor.execute(DriverCommandExecutor.java:83)
	at org.openqa.selenium.remote.RemoteWebDriver.execute(RemoteWebDriver.java:552)
	at com.kms.katalon.selenium.driver.CChromeDriver.execute(CChromeDriver.java:19)
	at org.openqa.selenium.remote.RemoteWebElement.execute(RemoteWebElement.java:285)
	at org.openqa.selenium.remote.RemoteWebElement.click(RemoteWebElement.java:84)
	at jdk.internal.reflect.GeneratedMethodAccessor15.invoke(Unknown Source)
	at java.base/jdk.internal.reflect.DelegatingMethodAccessorImpl.invoke(DelegatingMethodAccessorImpl.java:43)
	at org.openqa.selenium.support.events.EventFiringWebDriver$EventFiringWebElement.lambda$new$0(EventFiringWebDriver.java:404)
	at jdk.proxy2/jdk.proxy2.$Proxy24.click(Unknown Source)
	at org.openqa.selenium.support.events.EventFiringWebDriver$EventFiringWebElement.click(EventFiringWebDriver.java:417)
	at org.openqa.selenium.WebElement$click.call(Unknown Source)
	at com.kms.katalon.core.webui.keyword.builtin.ClickKeyword.clickUntilSuccessWithTimeout(ClickKeyword.groovy:81)
	at com.kms.katalon.core.webui.keyword.builtin.ClickKeyword.clickUntilSuccessWithTimeout(ClickKeyword.groovy)
	at jdk.internal.reflect.GeneratedMethodAccessor13.invoke(Unknown Source)
	at java.base/jdk.internal.reflect.DelegatingMethodAccessorImpl.invoke(DelegatingMethodAccessorImpl.java:43)
	at com.kms.katalon.core.webui.keyword.builtin.ClickKeyword$_click_closure1.doCall(ClickKeyword.groovy:67)
	at com.kms.katalon.core.webui.keyword.builtin.ClickKeyword$_click_closure1.call(ClickKeyword.groovy)
	at com.kms.katalon.core.webui.keyword.internal.WebUIKeywordMain.runKeyword(WebUIKeywordMain.groovy:20)
	at com.kms.katalon.core.webui.keyword.builtin.ClickKeyword.click(ClickKeyword.groovy:74)
	at com.kms.katalon.core.webui.keyword.builtin.ClickKeyword.execute(ClickKeyword.groovy:40)
	at com.kms.katalon.core.keyword.internal.KeywordExecutor.executeKeywordForPlatform(KeywordExecutor.groovy:74)
	at com.kms.katalon.core.webui.keyword.WebUiBuiltInKeywords.click(WebUiBuiltInKeywords.groovy:659)
	at Script1686231490255.CheckPageDownload(Script1686231490255.groovy:168)
	at Script1686231490255.OtpuskIzSeti(Script1686231490255.groovy:671)
	at Script1686231490255.run(Script1686231490255.groovy:70)
	... 15 more
)

11-11-2024T12:01:05 - [MESSAGE][FAILED] - Unable to click on object 'Object Repository/Страница авторизации/button_' (Root cause: com.kms.katalon.core.exception.StepFailedException: Unable to click on object 'Object Repository/Страница авторизации/button_'
	at com.kms.katalon.core.webui.keyword.internal.WebUIKeywordMain.stepFailed(WebUIKeywordMain.groovy:64)
	at com.kms.katalon.core.webui.keyword.internal.WebUIKeywordMain.runKeyword(WebUIKeywordMain.groovy:26)
	at com.kms.katalon.core.webui.keyword.builtin.ClickKeyword.click(ClickKeyword.groovy:74)
	at com.kms.katalon.core.webui.keyword.builtin.ClickKeyword.execute(ClickKeyword.groovy:40)
	at com.kms.katalon.core.keyword.internal.KeywordExecutor.executeKeywordForPlatform(KeywordExecutor.groovy:74)
	at com.kms.katalon.core.webui.keyword.WebUiBuiltInKeywords.click(WebUiBuiltInKeywords.groovy:659)
	at Блок руководителя сверка дашбордов под разными учётками.CheckPageDownload(Блок руководителя сверка дашбордов под разными учётками:168)
	at Блок руководителя сверка дашбордов под разными учётками.OtpuskIzSeti(Блок руководителя сверка дашбордов под разными учётками:671)
	at Блок руководителя сверка дашбордов под разными учётками.run(Блок руководителя сверка дашбордов под разными учётками:70)
	at com.kms.katalon.core.main.ScriptEngine.run(ScriptEngine.java:194)
	at com.kms.katalon.core.main.ScriptEngine.runScriptAsRawText(ScriptEngine.java:119)
	at com.kms.katalon.core.main.TestCaseExecutor.runScript(TestCaseExecutor.java:448)
	at com.kms.katalon.core.main.TestCaseExecutor.doExecute(TestCaseExecutor.java:439)
	at com.kms.katalon.core.main.TestCaseExecutor.processExecutionPhase(TestCaseExecutor.java:418)
	at com.kms.katalon.core.main.TestCaseExecutor.accessMainPhase(TestCaseExecutor.java:410)
	at com.kms.katalon.core.main.TestCaseExecutor.execute(TestCaseExecutor.java:285)
	at com.kms.katalon.core.common.CommonExecutor.accessTestCaseMainPhase(CommonExecutor.java:65)
	at com.kms.katalon.core.main.TestSuiteExecutor.accessTestSuiteMainPhase(TestSuiteExecutor.java:150)
	at com.kms.katalon.core.main.TestSuiteExecutor.execute(TestSuiteExecutor.java:106)
	at com.kms.katalon.core.main.TestCaseMain.startTestSuite(TestCaseMain.java:180)
	at TempTestSuite1731310890476.run(TempTestSuite1731310890476.groovy:35)
	at java.base/jdk.internal.reflect.NativeMethodAccessorImpl.invoke0(Native Method)
	at java.base/jdk.internal.reflect.NativeMethodAccessorImpl.invoke(NativeMethodAccessorImpl.java:77)
	at java.base/jdk.internal.reflect.DelegatingMethodAccessorImpl.invoke(DelegatingMethodAccessorImpl.java:43)
Caused by: org.openqa.selenium.TimeoutException: timeout: Timed out receiving message from renderer: 300.000
  (Session info: chrome=130.0.6723.117)
Build info: version: '3.141.59', revision: 'unknown', time: 'unknown'
System info: host: 'UVV-WS904-D', ip: '192.168.0.19', os.name: 'Windows 10', os.arch: 'amd64', os.version: '10.0', java.version: '17.0.7'
Driver info: com.kms.katalon.selenium.driver.CChromeDriver
Capabilities {acceptInsecureCerts: false, browserName: chrome, browserVersion: 130.0.6723.117, chrome: {chromedriverVersion: 129.0.6668.58 (81a06fb873a9..., userDataDir: C:\Users\LIAZGI~1\AppData\L...}, fedcm:accounts: true, goog:chromeOptions: {debuggerAddress: localhost:61744}, javascriptEnabled: true, networkConnectionEnabled: false, pageLoadStrategy: normal, platform: WINDOWS, platformName: WINDOWS, proxy: Proxy(), setWindowRect: true, strictFileInteractability: false, timeouts: {implicit: 0, pageLoad: 300000, script: 30000}, unhandledPromptBehavior: dismiss and notify, webauthn:extension:credBlob: true, webauthn:extension:largeBlob: true, webauthn:extension:minPinLength: true, webauthn:extension:prf: true, webauthn:virtualAuthenticators: true}
Session ID: c4422713013d04fb4acd86f6507a6629
	at java.base/jdk.internal.reflect.NativeConstructorAccessorImpl.newInstance0(Native Method)
	at java.base/jdk.internal.reflect.NativeConstructorAccessorImpl.newInstance(NativeConstructorAccessorImpl.java:77)
	at java.base/jdk.internal.reflect.DelegatingConstructorAccessorImpl.newInstance(DelegatingConstructorAccessorImpl.java:45)
	at org.openqa.selenium.remote.http.W3CHttpResponseCodec.createException(W3CHttpResponseCodec.java:187)
	at org.openqa.selenium.remote.http.W3CHttpResponseCodec.decode(W3CHttpResponseCodec.java:122)
	at org.openqa.selenium.remote.http.W3CHttpResponseCodec.decode(W3CHttpResponseCodec.java:49)
	at org.openqa.selenium.remote.HttpCommandExecutor.execute(HttpCommandExecutor.java:158)
	at org.openqa.selenium.remote.service.DriverCommandExecutor.execute(DriverCommandExecutor.java:83)
	at org.openqa.selenium.remote.RemoteWebDriver.execute(RemoteWebDriver.java:552)
	at com.kms.katalon.selenium.driver.CChromeDriver.execute(CChromeDriver.java:19)
	at org.openqa.selenium.remote.RemoteWebElement.execute(RemoteWebElement.java:285)
	at org.openqa.selenium.remote.RemoteWebElement.click(RemoteWebElement.java:84)
	at jdk.internal.reflect.GeneratedMethodAccessor15.invoke(Unknown Source)
	at java.base/jdk.internal.reflect.DelegatingMethodAccessorImpl.invoke(DelegatingMethodAccessorImpl.java:43)
	at org.openqa.selenium.support.events.EventFiringWebDriver$EventFiringWebElement.lambda$new$0(EventFiringWebDriver.java:404)
	at jdk.proxy2/jdk.proxy2.$Proxy24.click(Unknown Source)
	at org.openqa.selenium.support.events.EventFiringWebDriver$EventFiringWebElement.click(EventFiringWebDriver.java:417)
	at org.openqa.selenium.WebElement$click.call(Unknown Source)
	at com.kms.katalon.core.webui.keyword.builtin.ClickKeyword.clickUntilSuccessWithTimeout(ClickKeyword.groovy:81)
	at com.kms.katalon.core.webui.keyword.builtin.ClickKeyword.clickUntilSuccessWithTimeout(ClickKeyword.groovy)
	at jdk.internal.reflect.GeneratedMethodAccessor13.invoke(Unknown Source)
	at java.base/jdk.internal.reflect.DelegatingMethodAccessorImpl.invoke(DelegatingMethodAccessorImpl.java:43)
	at com.kms.katalon.core.webui.keyword.builtin.ClickKeyword$_click_closure1.doCall(ClickKeyword.groovy:67)
	at com.kms.katalon.core.webui.keyword.builtin.ClickKeyword$_click_closure1.call(ClickKeyword.groovy)
	at com.kms.katalon.core.webui.keyword.internal.WebUIKeywordMain.runKeyword(WebUIKeywordMain.groovy:20)
	at com.kms.katalon.core.webui.keyword.builtin.ClickKeyword.click(ClickKeyword.groovy:74)
	at com.kms.katalon.core.webui.keyword.builtin.ClickKeyword.execute(ClickKeyword.groovy:40)
	at com.kms.katalon.core.keyword.internal.KeywordExecutor.executeKeywordForPlatform(KeywordExecutor.groovy:74)
	at com.kms.katalon.core.webui.keyword.WebUiBuiltInKeywords.click(WebUiBuiltInKeywords.groovy:659)
	at Script1686231490255.CheckPageDownload(Script1686231490255.groovy:168)
	at Script1686231490255.OtpuskIzSeti(Script1686231490255.groovy:671)
	at Script1686231490255.run(Script1686231490255.groovy:70)
	... 15 more
)
[[ATTACHMENT|C:\\Users\\LIAZGINA-DI\\git\\SPORU\\Reports\\20241111_104130\\\u041F\u043D-\u0421\u0440-\u041F\u0442\\\u0411\u043B\u043E\u043A \u0440\u0443\u043A\u043E\u0432\u043E\u0434\u0438\u0442\u0435\u043B\u044F \u043F\u043E\u0434 \u0440\u0430\u0437\u043D\u044B\u043C\u0438 \u0443\u0447\u0451\u0442\u043A\u0430\u043C\u0438\\20241111_104130\\1731315665214.png]]

11-11-2024T12:01:05 - [TEST_STEP][PASSED] - delay(65): Delayed 65 second(s)

11-11-2024T12:02:10 - [MESSAGE][PASSED] - Delayed 65 second(s)

11-11-2024T12:02:10 - [TEST_STEP][PASSED] - searchWord = "а": null

11-11-2024T12:02:10 - [TEST_STEP][FAILED] - pageLoaded2 = verifyElementPresent(findTestObject("Страница авторизации/Text"), 50): com.kms.katalon.core.webui.exception.WebElementNotFoundException: Web element with id: 'Object Repository/Страница авторизации/Text' located by '//div' not found (Root cause: com.kms.katalon.core.exception.StepFailedException: com.kms.katalon.core.webui.exception.WebElementNotFoundException: Web element with id: 'Object Repository/Страница авторизации/Text' located by '//div' not found
	at com.kms.katalon.core.webui.keyword.internal.WebUIKeywordMain.stepFailed(WebUIKeywordMain.groovy:64)
	at com.kms.katalon.core.webui.keyword.builtin.VerifyElementPresentKeyword$_verifyElementPresent_closure1.doCall(VerifyElementPresentKeyword.groovy:85)
	at com.kms.katalon.core.webui.keyword.builtin.VerifyElementPresentKeyword$_verifyElementPresent_closure1.call(VerifyElementPresentKeyword.groovy)
	at com.kms.katalon.core.webui.keyword.internal.WebUIKeywordMain.runKeyword(WebUIKeywordMain.groovy:20)
	at com.kms.katalon.core.webui.keyword.builtin.VerifyElementPresentKeyword.verifyElementPresent(VerifyElementPresentKeyword.groovy:92)
	at com.kms.katalon.core.webui.keyword.builtin.VerifyElementPresentKeyword.execute(VerifyElementPresentKeyword.groovy:68)
	at com.kms.katalon.core.keyword.internal.KeywordExecutor.executeKeywordForPlatform(KeywordExecutor.groovy:74)
	at com.kms.katalon.core.webui.keyword.WebUiBuiltInKeywords.verifyElementPresent(WebUiBuiltInKeywords.groovy:1503)
	at Блок руководителя сверка дашбордов под разными учётками.CheckPageDownload(Блок руководителя сверка дашбордов под разными учётками:174)
	at Блок руководителя сверка дашбордов под разными учётками.OtpuskIzSeti(Блок руководителя сверка дашбордов под разными учётками:671)
	at Блок руководителя сверка дашбордов под разными учётками.run(Блок руководителя сверка дашбордов под разными учётками:70)
	at com.kms.katalon.core.main.ScriptEngine.run(ScriptEngine.java:194)
	at com.kms.katalon.core.main.ScriptEngine.runScriptAsRawText(ScriptEngine.java:119)
	at com.kms.katalon.core.main.TestCaseExecutor.runScript(TestCaseExecutor.java:448)
	at com.kms.katalon.core.main.TestCaseExecutor.doExecute(TestCaseExecutor.java:439)
	at com.kms.katalon.core.main.TestCaseExecutor.processExecutionPhase(TestCaseExecutor.java:418)
	at com.kms.katalon.core.main.TestCaseExecutor.accessMainPhase(TestCaseExecutor.java:410)
	at com.kms.katalon.core.main.TestCaseExecutor.execute(TestCaseExecutor.java:285)
	at com.kms.katalon.core.common.CommonExecutor.accessTestCaseMainPhase(CommonExecutor.java:65)
	at com.kms.katalon.core.main.TestSuiteExecutor.accessTestSuiteMainPhase(TestSuiteExecutor.java:150)
	at com.kms.katalon.core.main.TestSuiteExecutor.execute(TestSuiteExecutor.java:106)
	at com.kms.katalon.core.main.TestCaseMain.startTestSuite(TestCaseMain.java:180)
	at TempTestSuite1731310890476.run(TempTestSuite1731310890476.groovy:35)
	at java.base/jdk.internal.reflect.NativeMethodAccessorImpl.invoke0(Native Method)
	at java.base/jdk.internal.reflect.NativeMethodAccessorImpl.invoke(NativeMethodAccessorImpl.java:77)
	at java.base/jdk.internal.reflect.DelegatingMethodAccessorImpl.invoke(DelegatingMethodAccessorImpl.java:43)
)

11-11-2024T12:03:01 - [MESSAGE][INFO] - Unable to find the element located by 'By.xpath: //div'. Please recheck the objects properties to make sure the desired element is located. 

11-11-2024T12:03:01 - [MESSAGE][FAILED] - com.kms.katalon.core.webui.exception.WebElementNotFoundException: Web element with id: 'Object Repository/Страница авторизации/Text' located by '//div' not found (Root cause: com.kms.katalon.core.exception.StepFailedException: com.kms.katalon.core.webui.exception.WebElementNotFoundException: Web element with id: 'Object Repository/Страница авторизации/Text' located by '//div' not found
	at com.kms.katalon.core.webui.keyword.internal.WebUIKeywordMain.stepFailed(WebUIKeywordMain.groovy:64)
	at com.kms.katalon.core.webui.keyword.builtin.VerifyElementPresentKeyword$_verifyElementPresent_closure1.doCall(VerifyElementPresentKeyword.groovy:85)
	at com.kms.katalon.core.webui.keyword.builtin.VerifyElementPresentKeyword$_verifyElementPresent_closure1.call(VerifyElementPresentKeyword.groovy)
	at com.kms.katalon.core.webui.keyword.internal.WebUIKeywordMain.runKeyword(WebUIKeywordMain.groovy:20)
	at com.kms.katalon.core.webui.keyword.builtin.VerifyElementPresentKeyword.verifyElementPresent(VerifyElementPresentKeyword.groovy:92)
	at com.kms.katalon.core.webui.keyword.builtin.VerifyElementPresentKeyword.execute(VerifyElementPresentKeyword.groovy:68)
	at com.kms.katalon.core.keyword.internal.KeywordExecutor.executeKeywordForPlatform(KeywordExecutor.groovy:74)
	at com.kms.katalon.core.webui.keyword.WebUiBuiltInKeywords.verifyElementPresent(WebUiBuiltInKeywords.groovy:1503)
	at Блок руководителя сверка дашбордов под разными учётками.CheckPageDownload(Блок руководителя сверка дашбордов под разными учётками:174)
	at Блок руководителя сверка дашбордов под разными учётками.OtpuskIzSeti(Блок руководителя сверка дашбордов под разными учётками:671)
	at Блок руководителя сверка дашбордов под разными учётками.run(Блок руководителя сверка дашбордов под разными учётками:70)
	at com.kms.katalon.core.main.ScriptEngine.run(ScriptEngine.java:194)
	at com.kms.katalon.core.main.ScriptEngine.runScriptAsRawText(ScriptEngine.java:119)
	at com.kms.katalon.core.main.TestCaseExecutor.runScript(TestCaseExecutor.java:448)
	at com.kms.katalon.core.main.TestCaseExecutor.doExecute(TestCaseExecutor.java:439)
	at com.kms.katalon.core.main.TestCaseExecutor.processExecutionPhase(TestCaseExecutor.java:418)
	at com.kms.katalon.core.main.TestCaseExecutor.accessMainPhase(TestCaseExecutor.java:410)
	at com.kms.katalon.core.main.TestCaseExecutor.execute(TestCaseExecutor.java:285)
	at com.kms.katalon.core.common.CommonExecutor.accessTestCaseMainPhase(CommonExecutor.java:65)
	at com.kms.katalon.core.main.TestSuiteExecutor.accessTestSuiteMainPhase(TestSuiteExecutor.java:150)
	at com.kms.katalon.core.main.TestSuiteExecutor.execute(TestSuiteExecutor.java:106)
	at com.kms.katalon.core.main.TestCaseMain.startTestSuite(TestCaseMain.java:180)
	at TempTestSuite1731310890476.run(TempTestSuite1731310890476.groovy:35)
	at java.base/jdk.internal.reflect.NativeMethodAccessorImpl.invoke0(Native Method)
	at java.base/jdk.internal.reflect.NativeMethodAccessorImpl.invoke(NativeMethodAccessorImpl.java:77)
	at java.base/jdk.internal.reflect.DelegatingMethodAccessorImpl.invoke(DelegatingMethodAccessorImpl.java:43)
)
[[ATTACHMENT|C:\\Users\\LIAZGINA-DI\\git\\SPORU\\Reports\\20241111_104130\\\u041F\u043D-\u0421\u0440-\u041F\u0442\\\u0411\u043B\u043E\u043A \u0440\u0443\u043A\u043E\u0432\u043E\u0434\u0438\u0442\u0435\u043B\u044F \u043F\u043E\u0434 \u0440\u0430\u0437\u043D\u044B\u043C\u0438 \u0443\u0447\u0451\u0442\u043A\u0430\u043C\u0438\\20241111_104130\\1731315781495.png]]

11-11-2024T12:03:01 - [TEST_STEP][PASSED] - if (pageLoaded2 == false): Navigate to 'https://bi.rosseti.digital/viewer?dashboardGuid=d154a8eaf6824e2b9de1bb04dd061c18&sheetGuid=f217cc6775674247871931fed0993c14&fit=true' successfully

11-11-2024T12:03:01 - [TEST_STEP][PASSED] - refresh(): Refresh successfully

11-11-2024T12:03:03 - [MESSAGE][PASSED] - Refresh successfully

11-11-2024T12:03:03 - [TEST_STEP][PASSED] - delay(65): Delayed 65 second(s)

11-11-2024T12:04:08 - [MESSAGE][PASSED] - Delayed 65 second(s)

11-11-2024T12:04:08 - [TEST_STEP][PASSED] - navigateToUrl(findTestData("PlanFact").getValue(10, urlData)): Navigate to 'https://bi.rosseti.digital/viewer?dashboardGuid=d154a8eaf6824e2b9de1bb04dd061c18&sheetGuid=f217cc6775674247871931fed0993c14&fit=true' successfully

11-11-2024T12:04:10 - [MESSAGE][PASSED] - Navigate to 'https://bi.rosseti.digital/viewer?dashboardGuid=d154a8eaf6824e2b9de1bb04dd061c18&sheetGuid=f217cc6775674247871931fed0993c14&fit=true' successfully

11-11-2024T12:04:10 - [TEST_STEP][PASSED] - urlText = getText(findTestObject("Страница авторизации/Text")): Text of object 'Object Repository/Страница авторизации/Text' is: ''

11-11-2024T12:04:15 - [MESSAGE][PASSED] - Text of object 'Object Repository/Страница авторизации/Text' is: ''

11-11-2024T12:04:15 - [TEST_STEP][PASSED] - if (urlText.contains("ошибка") || urlText.contains(searchWord) == false): Text of object 'Object Repository/Страница авторизации/Text' is: 'ДЗО 
Все
Период
Выбрано: 9
Отпуск из сети
Факт
2022 год
2023 год
2024 год
0
50 000
100 000
150 000
200 000
250 000
300 000
350 000
400 000
450 000
500 000
550 000
600 000
650 000
577 112 226
582 175 559
174 962 090
●● Отклонения, тыс. кВт⋅ч
тыс. кВт⋅ч
Отклонения по отпуску из сети
5 063 3325 063 332
-407 213 468-407 213 468
2022/2023
2023/2024
-500 000 000
-400 000 000
-300 000 000
-200 000 000
-100 000 000
0
100 000 000
●● Отклонения, %
%
Отклонения по отпуску из сети
0.880.88
-69.95-69.95
2022/2023
2023/2024
-80
-60
-40
-20
0
20
тыс. кВт⋅ч
Фактические данные по отпуску из сети'

11-11-2024T12:04:15 - [TEST_STEP][PASSED] - for ([urlText.contains(searchWord) == false, i < 10, (ii++)]): Text of object 'Object Repository/Страница авторизации/Text' is: 'ДЗО 
Все
Период
Выбрано: 9
Отпуск из сети
Факт
2022 год
2023 год
2024 год
0
50 000
100 000
150 000
200 000
250 000
300 000
350 000
400 000
450 000
500 000
550 000
600 000
650 000
577 112 226
582 175 559
174 962 090
●● Отклонения, тыс. кВт⋅ч
тыс. кВт⋅ч
Отклонения по отпуску из сети
5 063 3325 063 332
-407 213 468-407 213 468
2022/2023
2023/2024
-500 000 000
-400 000 000
-300 000 000
-200 000 000
-100 000 000
0
100 000 000
●● Отклонения, %
%
Отклонения по отпуску из сети
0.880.88
-69.95-69.95
2022/2023
2023/2024
-80
-60
-40
-20
0
20
тыс. кВт⋅ч
Фактические данные по отпуску из сети'

11-11-2024T12:04:15 - [TEST_STEP][PASSED] - i = i + 1: null

11-11-2024T12:04:15 - [TEST_STEP][PASSED] - refresh(): Refresh successfully

11-11-2024T12:04:16 - [MESSAGE][PASSED] - Refresh successfully

11-11-2024T12:04:16 - [TEST_STEP][PASSED] - delay(65): Delayed 65 second(s)

11-11-2024T12:05:21 - [MESSAGE][PASSED] - Delayed 65 second(s)

11-11-2024T12:05:21 - [TEST_STEP][PASSED] - navigateToUrl(findTestData("PlanFact").getValue(10, urlData)): Navigate to 'https://bi.rosseti.digital/viewer?dashboardGuid=d154a8eaf6824e2b9de1bb04dd061c18&sheetGuid=f217cc6775674247871931fed0993c14&fit=true' successfully

11-11-2024T12:05:22 - [MESSAGE][PASSED] - Navigate to 'https://bi.rosseti.digital/viewer?dashboardGuid=d154a8eaf6824e2b9de1bb04dd061c18&sheetGuid=f217cc6775674247871931fed0993c14&fit=true' successfully

11-11-2024T12:05:22 - [TEST_STEP][PASSED] - delay(65): Delayed 65 second(s)

11-11-2024T12:06:27 - [MESSAGE][PASSED] - Delayed 65 second(s)

11-11-2024T12:06:27 - [TEST_STEP][PASSED] - urlText = getText(findTestObject("Страница авторизации/Text")): Text of object 'Object Repository/Страница авторизации/Text' is: 'ДЗО 
Все
Период
Выбрано: 9
Отпуск из сети
Факт
2022 год
2023 год
2024 год
0
50 000
100 000
150 000
200 000
250 000
300 000
350 000
400 000
450 000
500 000
550 000
600 000
650 000
577 112 226
582 175 559
174 962 090
●● Отклонения, тыс. кВт⋅ч
тыс. кВт⋅ч
Отклонения по отпуску из сети
5 063 3325 063 332
-407 213 468-407 213 468
2022/2023
2023/2024
-500 000 000
-400 000 000
-300 000 000
-200 000 000
-100 000 000
0
100 000 000
●● Отклонения, %
%
Отклонения по отпуску из сети
0.880.88
-69.95-69.95
2022/2023
2023/2024
-80
-60
-40
-20
0
20
тыс. кВт⋅ч
Фактические данные по отпуску из сети'

11-11-2024T12:06:27 - [MESSAGE][PASSED] - Text of object 'Object Repository/Страница авторизации/Text' is: 'ДЗО 
Все
Период
Выбрано: 9
Отпуск из сети
Факт
2022 год
2023 год
2024 год
0
50 000
100 000
150 000
200 000
250 000
300 000
350 000
400 000
450 000
500 000
550 000
600 000
650 000
577 112 226
582 175 559
174 962 090
●● Отклонения, тыс. кВт⋅ч
тыс. кВт⋅ч
Отклонения по отпуску из сети
5 063 3325 063 332
-407 213 468-407 213 468
2022/2023
2023/2024
-500 000 000
-400 000 000
-300 000 000
-200 000 000
-100 000 000
0
100 000 000
●● Отклонения, %
%
Отклонения по отпуску из сети
0.880.88
-69.95-69.95
2022/2023
2023/2024
-80
-60
-40
-20
0
20
тыс. кВт⋅ч
Фактические данные по отпуску из сети'

11-11-2024T12:06:27 - [TEST_STEP][PASSED] - i = i + 1: null

11-11-2024T12:06:27 - [TEST_STEP][PASSED] - refresh(): Refresh successfully

11-11-2024T12:06:28 - [MESSAGE][PASSED] - Refresh successfully

11-11-2024T12:06:28 - [TEST_STEP][PASSED] - delay(65): Delayed 65 second(s)

11-11-2024T12:07:33 - [MESSAGE][PASSED] - Delayed 65 second(s)

11-11-2024T12:07:33 - [TEST_STEP][PASSED] - navigateToUrl(findTestData("PlanFact").getValue(10, urlData)): Navigate to 'https://bi.rosseti.digital/viewer?dashboardGuid=d154a8eaf6824e2b9de1bb04dd061c18&sheetGuid=f217cc6775674247871931fed0993c14&fit=true' successfully

11-11-2024T12:07:34 - [MESSAGE][PASSED] - Navigate to 'https://bi.rosseti.digital/viewer?dashboardGuid=d154a8eaf6824e2b9de1bb04dd061c18&sheetGuid=f217cc6775674247871931fed0993c14&fit=true' successfully

11-11-2024T12:07:34 - [TEST_STEP][PASSED] - delay(65): Delayed 65 second(s)

11-11-2024T12:08:39 - [MESSAGE][PASSED] - Delayed 65 second(s)

11-11-2024T12:08:39 - [TEST_STEP][PASSED] - urlText = getText(findTestObject("Страница авторизации/Text")): Text of object 'Object Repository/Страница авторизации/Text' is: 'ДЗО 
Все
Период
Выбрано: 9
Отпуск из сети
Факт
2022 год
2023 год
2024 год
0
50 000
100 000
150 000
200 000
250 000
300 000
350 000
400 000
450 000
500 000
550 000
600 000
650 000
577 112 226
582 175 559
174 962 090
●● Отклонения, тыс. кВт⋅ч
тыс. кВт⋅ч
Отклонения по отпуску из сети
5 063 3325 063 332
-407 213 468-407 213 468
2022/2023
2023/2024
-500 000 000
-400 000 000
-300 000 000
-200 000 000
-100 000 000
0
100 000 000
●● Отклонения, %
%
Отклонения по отпуску из сети
0.880.88
-69.95-69.95
2022/2023
2023/2024
-80
-60
-40
-20
0
20
тыс. кВт⋅ч
Фактические данные по отпуску из сети'

11-11-2024T12:08:40 - [MESSAGE][PASSED] - Text of object 'Object Repository/Страница авторизации/Text' is: 'ДЗО 
Все
Период
Выбрано: 9
Отпуск из сети
Факт
2022 год
2023 год
2024 год
0
50 000
100 000
150 000
200 000
250 000
300 000
350 000
400 000
450 000
500 000
550 000
600 000
650 000
577 112 226
582 175 559
174 962 090
●● Отклонения, тыс. кВт⋅ч
тыс. кВт⋅ч
Отклонения по отпуску из сети
5 063 3325 063 332
-407 213 468-407 213 468
2022/2023
2023/2024
-500 000 000
-400 000 000
-300 000 000
-200 000 000
-100 000 000
0
100 000 000
●● Отклонения, %
%
Отклонения по отпуску из сети
0.880.88
-69.95-69.95
2022/2023
2023/2024
-80
-60
-40
-20
0
20
тыс. кВт⋅ч
Фактические данные по отпуску из сети'

11-11-2024T12:08:40 - [TEST_STEP][PASSED] - i = i + 1: null

11-11-2024T12:08:40 - [TEST_STEP][PASSED] - refresh(): Refresh successfully

11-11-2024T12:08:40 - [MESSAGE][PASSED] - Refresh successfully

11-11-2024T12:08:40 - [TEST_STEP][PASSED] - delay(65): Delayed 65 second(s)

11-11-2024T12:09:45 - [MESSAGE][PASSED] - Delayed 65 second(s)

11-11-2024T12:09:45 - [TEST_STEP][PASSED] - navigateToUrl(findTestData("PlanFact").getValue(10, urlData)): Navigate to 'https://bi.rosseti.digital/viewer?dashboardGuid=d154a8eaf6824e2b9de1bb04dd061c18&sheetGuid=f217cc6775674247871931fed0993c14&fit=true' successfully

11-11-2024T12:09:46 - [MESSAGE][PASSED] - Navigate to 'https://bi.rosseti.digital/viewer?dashboardGuid=d154a8eaf6824e2b9de1bb04dd061c18&sheetGuid=f217cc6775674247871931fed0993c14&fit=true' successfully

11-11-2024T12:09:46 - [TEST_STEP][PASSED] - delay(65): Delayed 65 second(s)

11-11-2024T12:10:51 - [MESSAGE][PASSED] - Delayed 65 second(s)

11-11-2024T12:10:51 - [TEST_STEP][PASSED] - urlText = getText(findTestObject("Страница авторизации/Text")): Text of object 'Object Repository/Страница авторизации/Text' is: 'ДЗО 
Все
Период
Выбрано: 9
Отпуск из сети
Факт
2022 год
2023 год
2024 год
0
50 000
100 000
150 000
200 000
250 000
300 000
350 000
400 000
450 000
500 000
550 000
600 000
650 000
577 112 226
582 175 559
174 962 090
●● Отклонения, тыс. кВт⋅ч
тыс. кВт⋅ч
Отклонения по отпуску из сети
5 063 3325 063 332
-407 213 468-407 213 468
2022/2023
2023/2024
-500 000 000
-400 000 000
-300 000 000
-200 000 000
-100 000 000
0
100 000 000
●● Отклонения, %
%
Отклонения по отпуску из сети
0.880.88
-69.95-69.95
2022/2023
2023/2024
-80
-60
-40
-20
0
20
тыс. кВт⋅ч
Фактические данные по отпуску из сети'

11-11-2024T12:10:52 - [MESSAGE][PASSED] - Text of object 'Object Repository/Страница авторизации/Text' is: 'ДЗО 
Все
Период
Выбрано: 9
Отпуск из сети
Факт
2022 год
2023 год
2024 год
0
50 000
100 000
150 000
200 000
250 000
300 000
350 000
400 000
450 000
500 000
550 000
600 000
650 000
577 112 226
582 175 559
174 962 090
●● Отклонения, тыс. кВт⋅ч
тыс. кВт⋅ч
Отклонения по отпуску из сети
5 063 3325 063 332
-407 213 468-407 213 468
2022/2023
2023/2024
-500 000 000
-400 000 000
-300 000 000
-200 000 000
-100 000 000
0
100 000 000
●● Отклонения, %
%
Отклонения по отпуску из сети
0.880.88
-69.95-69.95
2022/2023
2023/2024
-80
-60
-40
-20
0
20
тыс. кВт⋅ч
Фактические данные по отпуску из сети'

11-11-2024T12:10:52 - [TEST_STEP][PASSED] - i = i + 1: null

11-11-2024T12:10:52 - [TEST_STEP][PASSED] - refresh(): Refresh successfully

11-11-2024T12:10:53 - [MESSAGE][PASSED] - Refresh successfully

11-11-2024T12:10:53 - [TEST_STEP][PASSED] - delay(65): Delayed 65 second(s)

11-11-2024T12:11:58 - [MESSAGE][PASSED] - Delayed 65 second(s)

11-11-2024T12:11:58 - [TEST_STEP][PASSED] - navigateToUrl(findTestData("PlanFact").getValue(10, urlData)): Navigate to 'https://bi.rosseti.digital/viewer?dashboardGuid=d154a8eaf6824e2b9de1bb04dd061c18&sheetGuid=f217cc6775674247871931fed0993c14&fit=true' successfully

11-11-2024T12:11:59 - [MESSAGE][PASSED] - Navigate to 'https://bi.rosseti.digital/viewer?dashboardGuid=d154a8eaf6824e2b9de1bb04dd061c18&sheetGuid=f217cc6775674247871931fed0993c14&fit=true' successfully

11-11-2024T12:11:59 - [TEST_STEP][PASSED] - delay(65): Delayed 65 second(s)

11-11-2024T12:13:04 - [MESSAGE][PASSED] - Delayed 65 second(s)

11-11-2024T12:13:04 - [TEST_STEP][PASSED] - urlText = getText(findTestObject("Страница авторизации/Text")): Text of object 'Object Repository/Страница авторизации/Text' is: 'ДЗО 
Все
Период
Выбрано: 9
Отпуск из сети
Факт
2022 год
2023 год
2024 год
0
50 000
100 000
150 000
200 000
250 000
300 000
350 000
400 000
450 000
500 000
550 000
600 000
650 000
577 112 226
582 175 559
174 962 090
●● Отклонения, тыс. кВт⋅ч
тыс. кВт⋅ч
Отклонения по отпуску из сети
5 063 3325 063 332
-407 213 468-407 213 468
2022/2023
2023/2024
-500 000 000
-400 000 000
-300 000 000
-200 000 000
-100 000 000
0
100 000 000
●● Отклонения, %
%
Отклонения по отпуску из сети
0.880.88
-69.95-69.95
2022/2023
2023/2024
-80
-60
-40
-20
0
20
тыс. кВт⋅ч
Фактические данные по отпуску из сети'

11-11-2024T12:13:04 - [MESSAGE][PASSED] - Text of object 'Object Repository/Страница авторизации/Text' is: 'ДЗО 
Все
Период
Выбрано: 9
Отпуск из сети
Факт
2022 год
2023 год
2024 год
0
50 000
100 000
150 000
200 000
250 000
300 000
350 000
400 000
450 000
500 000
550 000
600 000
650 000
577 112 226
582 175 559
174 962 090
●● Отклонения, тыс. кВт⋅ч
тыс. кВт⋅ч
Отклонения по отпуску из сети
5 063 3325 063 332
-407 213 468-407 213 468
2022/2023
2023/2024
-500 000 000
-400 000 000
-300 000 000
-200 000 000
-100 000 000
0
100 000 000
●● Отклонения, %
%
Отклонения по отпуску из сети
0.880.88
-69.95-69.95
2022/2023
2023/2024
-80
-60
-40
-20
0
20
тыс. кВт⋅ч
Фактические данные по отпуску из сети'

11-11-2024T12:13:04 - [TEST_STEP][PASSED] - i = i + 1: null

11-11-2024T12:13:04 - [TEST_STEP][PASSED] - refresh(): Refresh successfully

11-11-2024T12:13:05 - [MESSAGE][PASSED] - Refresh successfully

11-11-2024T12:13:05 - [TEST_STEP][PASSED] - delay(65): Delayed 65 second(s)

11-11-2024T12:14:10 - [MESSAGE][PASSED] - Delayed 65 second(s)

11-11-2024T12:14:10 - [TEST_STEP][PASSED] - navigateToUrl(findTestData("PlanFact").getValue(10, urlData)): Navigate to 'https://bi.rosseti.digital/viewer?dashboardGuid=d154a8eaf6824e2b9de1bb04dd061c18&sheetGuid=f217cc6775674247871931fed0993c14&fit=true' successfully

11-11-2024T12:14:11 - [MESSAGE][PASSED] - Navigate to 'https://bi.rosseti.digital/viewer?dashboardGuid=d154a8eaf6824e2b9de1bb04dd061c18&sheetGuid=f217cc6775674247871931fed0993c14&fit=true' successfully

11-11-2024T12:14:11 - [TEST_STEP][PASSED] - delay(65): Delayed 65 second(s)

11-11-2024T12:15:16 - [MESSAGE][PASSED] - Delayed 65 second(s)

11-11-2024T12:15:16 - [TEST_STEP][PASSED] - urlText = getText(findTestObject("Страница авторизации/Text")): Text of object 'Object Repository/Страница авторизации/Text' is: 'ДЗО 
Все
Период
Выбрано: 9
Отпуск из сети
Факт
2022 год
2023 год
2024 год
0
50 000
100 000
150 000
200 000
250 000
300 000
350 000
400 000
450 000
500 000
550 000
600 000
650 000
577 112 226
582 175 559
174 962 090
●● Отклонения, тыс. кВт⋅ч
тыс. кВт⋅ч
Отклонения по отпуску из сети
5 063 3325 063 332
-407 213 468-407 213 468
2022/2023
2023/2024
-500 000 000
-400 000 000
-300 000 000
-200 000 000
-100 000 000
0
100 000 000
●● Отклонения, %
%
Отклонения по отпуску из сети
0.880.88
-69.95-69.95
2022/2023
2023/2024
-80
-60
-40
-20
0
20
тыс. кВт⋅ч
Фактические данные по отпуску из сети'

11-11-2024T12:15:17 - [MESSAGE][PASSED] - Text of object 'Object Repository/Страница авторизации/Text' is: 'ДЗО 
Все
Период
Выбрано: 9
Отпуск из сети
Факт
2022 год
2023 год
2024 год
0
50 000
100 000
150 000
200 000
250 000
300 000
350 000
400 000
450 000
500 000
550 000
600 000
650 000
577 112 226
582 175 559
174 962 090
●● Отклонения, тыс. кВт⋅ч
тыс. кВт⋅ч
Отклонения по отпуску из сети
5 063 3325 063 332
-407 213 468-407 213 468
2022/2023
2023/2024
-500 000 000
-400 000 000
-300 000 000
-200 000 000
-100 000 000
0
100 000 000
●● Отклонения, %
%
Отклонения по отпуску из сети
0.880.88
-69.95-69.95
2022/2023
2023/2024
-80
-60
-40
-20
0
20
тыс. кВт⋅ч
Фактические данные по отпуску из сети'

11-11-2024T12:15:17 - [TEST_STEP][PASSED] - i = i + 1: null

11-11-2024T12:15:17 - [TEST_STEP][PASSED] - refresh(): Refresh successfully

11-11-2024T12:15:17 - [MESSAGE][PASSED] - Refresh successfully

11-11-2024T12:15:17 - [TEST_STEP][PASSED] - delay(65): Delayed 65 second(s)

11-11-2024T12:16:22 - [MESSAGE][PASSED] - Delayed 65 second(s)

11-11-2024T12:16:22 - [TEST_STEP][PASSED] - navigateToUrl(findTestData("PlanFact").getValue(10, urlData)): Navigate to 'https://bi.rosseti.digital/viewer?dashboardGuid=d154a8eaf6824e2b9de1bb04dd061c18&sheetGuid=f217cc6775674247871931fed0993c14&fit=true' successfully

11-11-2024T12:16:23 - [MESSAGE][PASSED] - Navigate to 'https://bi.rosseti.digital/viewer?dashboardGuid=d154a8eaf6824e2b9de1bb04dd061c18&sheetGuid=f217cc6775674247871931fed0993c14&fit=true' successfully

11-11-2024T12:16:23 - [TEST_STEP][PASSED] - delay(65): Delayed 65 second(s)

11-11-2024T12:17:28 - [MESSAGE][PASSED] - Delayed 65 second(s)

11-11-2024T12:17:28 - [TEST_STEP][PASSED] - urlText = getText(findTestObject("Страница авторизации/Text")): Text of object 'Object Repository/Страница авторизации/Text' is: 'ДЗО 
Все
Период
Выбрано: 9
Отпуск из сети
Факт
2022 год
2023 год
2024 год
0
50 000
100 000
150 000
200 000
250 000
300 000
350 000
400 000
450 000
500 000
550 000
600 000
650 000
577 112 226
582 175 559
174 962 090
●● Отклонения, тыс. кВт⋅ч
тыс. кВт⋅ч
Отклонения по отпуску из сети
5 063 3325 063 332
-407 213 468-407 213 468
2022/2023
2023/2024
-500 000 000
-400 000 000
-300 000 000
-200 000 000
-100 000 000
0
100 000 000
●● Отклонения, %
%
Отклонения по отпуску из сети
0.880.88
-69.95-69.95
2022/2023
2023/2024
-80
-60
-40
-20
0
20
тыс. кВт⋅ч
Фактические данные по отпуску из сети'

11-11-2024T12:17:29 - [MESSAGE][PASSED] - Text of object 'Object Repository/Страница авторизации/Text' is: 'ДЗО 
Все
Период
Выбрано: 9
Отпуск из сети
Факт
2022 год
2023 год
2024 год
0
50 000
100 000
150 000
200 000
250 000
300 000
350 000
400 000
450 000
500 000
550 000
600 000
650 000
577 112 226
582 175 559
174 962 090
●● Отклонения, тыс. кВт⋅ч
тыс. кВт⋅ч
Отклонения по отпуску из сети
5 063 3325 063 332
-407 213 468-407 213 468
2022/2023
2023/2024
-500 000 000
-400 000 000
-300 000 000
-200 000 000
-100 000 000
0
100 000 000
●● Отклонения, %
%
Отклонения по отпуску из сети
0.880.88
-69.95-69.95
2022/2023
2023/2024
-80
-60
-40
-20
0
20
тыс. кВт⋅ч
Фактические данные по отпуску из сети'

11-11-2024T12:17:29 - [TEST_STEP][PASSED] - i = i + 1: null

11-11-2024T12:17:29 - [TEST_STEP][PASSED] - refresh(): Refresh successfully

11-11-2024T12:17:30 - [MESSAGE][PASSED] - Refresh successfully

11-11-2024T12:17:30 - [TEST_STEP][PASSED] - delay(65): Delayed 65 second(s)

11-11-2024T12:18:35 - [MESSAGE][PASSED] - Delayed 65 second(s)

11-11-2024T12:18:35 - [TEST_STEP][PASSED] - navigateToUrl(findTestData("PlanFact").getValue(10, urlData)): Navigate to 'https://bi.rosseti.digital/viewer?dashboardGuid=d154a8eaf6824e2b9de1bb04dd061c18&sheetGuid=f217cc6775674247871931fed0993c14&fit=true' successfully

11-11-2024T12:18:36 - [MESSAGE][PASSED] - Navigate to 'https://bi.rosseti.digital/viewer?dashboardGuid=d154a8eaf6824e2b9de1bb04dd061c18&sheetGuid=f217cc6775674247871931fed0993c14&fit=true' successfully

11-11-2024T12:18:36 - [TEST_STEP][PASSED] - delay(65): Delayed 65 second(s)

11-11-2024T12:19:41 - [MESSAGE][PASSED] - Delayed 65 second(s)

11-11-2024T12:19:41 - [TEST_STEP][PASSED] - urlText = getText(findTestObject("Страница авторизации/Text")): Text of object 'Object Repository/Страница авторизации/Text' is: 'ДЗО 
Все
Период
Выбрано: 9
Отпуск из сети
Факт
2022 год
2023 год
2024 год
0
50 000
100 000
150 000
200 000
250 000
300 000
350 000
400 000
450 000
500 000
550 000
600 000
650 000
577 112 226
582 175 559
174 962 090
●● Отклонения, тыс. кВт⋅ч
тыс. кВт⋅ч
Отклонения по отпуску из сети
5 063 3325 063 332
-407 213 468-407 213 468
2022/2023
2023/2024
-500 000 000
-400 000 000
-300 000 000
-200 000 000
-100 000 000
0
100 000 000
●● Отклонения, %
%
Отклонения по отпуску из сети
0.880.88
-69.95-69.95
2022/2023
2023/2024
-80
-60
-40
-20
0
20
тыс. кВт⋅ч
Фактические данные по отпуску из сети'

11-11-2024T12:19:41 - [MESSAGE][PASSED] - Text of object 'Object Repository/Страница авторизации/Text' is: 'ДЗО 
Все
Период
Выбрано: 9
Отпуск из сети
Факт
2022 год
2023 год
2024 год
0
50 000
100 000
150 000
200 000
250 000
300 000
350 000
400 000
450 000
500 000
550 000
600 000
650 000
577 112 226
582 175 559
174 962 090
●● Отклонения, тыс. кВт⋅ч
тыс. кВт⋅ч
Отклонения по отпуску из сети
5 063 3325 063 332
-407 213 468-407 213 468
2022/2023
2023/2024
-500 000 000
-400 000 000
-300 000 000
-200 000 000
-100 000 000
0
100 000 000
●● Отклонения, %
%
Отклонения по отпуску из сети
0.880.88
-69.95-69.95
2022/2023
2023/2024
-80
-60
-40
-20
0
20
тыс. кВт⋅ч
Фактические данные по отпуску из сети'

11-11-2024T12:19:41 - [TEST_STEP][PASSED] - i = i + 1: null

11-11-2024T12:19:41 - [TEST_STEP][PASSED] - refresh(): Refresh successfully

11-11-2024T12:19:42 - [MESSAGE][PASSED] - Refresh successfully

11-11-2024T12:19:42 - [TEST_STEP][PASSED] - delay(65): Delayed 65 second(s)

11-11-2024T12:20:47 - [MESSAGE][PASSED] - Delayed 65 second(s)

11-11-2024T12:20:47 - [TEST_STEP][PASSED] - navigateToUrl(findTestData("PlanFact").getValue(10, urlData)): Navigate to 'https://bi.rosseti.digital/viewer?dashboardGuid=d154a8eaf6824e2b9de1bb04dd061c18&sheetGuid=f217cc6775674247871931fed0993c14&fit=true' successfully

11-11-2024T12:20:48 - [MESSAGE][PASSED] - Navigate to 'https://bi.rosseti.digital/viewer?dashboardGuid=d154a8eaf6824e2b9de1bb04dd061c18&sheetGuid=f217cc6775674247871931fed0993c14&fit=true' successfully

11-11-2024T12:20:48 - [TEST_STEP][PASSED] - delay(65): Delayed 65 second(s)

11-11-2024T12:21:53 - [MESSAGE][PASSED] - Delayed 65 second(s)

11-11-2024T12:21:53 - [TEST_STEP][PASSED] - urlText = getText(findTestObject("Страница авторизации/Text")): Text of object 'Object Repository/Страница авторизации/Text' is: ''

11-11-2024T12:22:23 - [MESSAGE][PASSED] - Text of object 'Object Repository/Страница авторизации/Text' is: ''

11-11-2024T12:22:23 - [TEST_STEP][PASSED] - i = i + 1: null

11-11-2024T12:22:23 - [TEST_STEP][PASSED] - refresh(): Refresh successfully

11-11-2024T12:22:24 - [MESSAGE][PASSED] - Refresh successfully

11-11-2024T12:22:24 - [TEST_STEP][PASSED] - delay(65): Delayed 65 second(s)

11-11-2024T12:23:29 - [MESSAGE][PASSED] - Delayed 65 second(s)

11-11-2024T12:23:29 - [TEST_STEP][PASSED] - navigateToUrl(findTestData("PlanFact").getValue(10, urlData)): Navigate to 'https://bi.rosseti.digital/viewer?dashboardGuid=d154a8eaf6824e2b9de1bb04dd061c18&sheetGuid=f217cc6775674247871931fed0993c14&fit=true' successfully

11-11-2024T12:23:29 - [MESSAGE][PASSED] - Navigate to 'https://bi.rosseti.digital/viewer?dashboardGuid=d154a8eaf6824e2b9de1bb04dd061c18&sheetGuid=f217cc6775674247871931fed0993c14&fit=true' successfully

11-11-2024T12:23:29 - [TEST_STEP][PASSED] - delay(65): Delayed 65 second(s)

11-11-2024T12:24:34 - [MESSAGE][PASSED] - Delayed 65 second(s)

11-11-2024T12:24:34 - [TEST_STEP][PASSED] - urlText = getText(findTestObject("Страница авторизации/Text")): Text of object 'Object Repository/Страница авторизации/Text' is: 'ДЗО 
Все
Период
Выбрано: 9
Отпуск из сети
Факт
2022 год
2023 год
2024 год
0
50 000
100 000
150 000
200 000
250 000
300 000
350 000
400 000
450 000
500 000
550 000
600 000
650 000
577 112 226
582 175 559
174 962 090
●● Отклонения, тыс. кВт⋅ч
тыс. кВт⋅ч
Отклонения по отпуску из сети
5 063 3325 063 332
-407 213 468-407 213 468
2022/2023
2023/2024
-500 000 000
-400 000 000
-300 000 000
-200 000 000
-100 000 000
0
100 000 000
●● Отклонения, %
%
Отклонения по отпуску из сети
0.880.88
-69.95-69.95
2022/2023
2023/2024
-80
-60
-40
-20
0
20
тыс. кВт⋅ч
Фактические данные по отпуску из сети'

11-11-2024T12:24:35 - [MESSAGE][PASSED] - Text of object 'Object Repository/Страница авторизации/Text' is: 'ДЗО 
Все
Период
Выбрано: 9
Отпуск из сети
Факт
2022 год
2023 год
2024 год
0
50 000
100 000
150 000
200 000
250 000
300 000
350 000
400 000
450 000
500 000
550 000
600 000
650 000
577 112 226
582 175 559
174 962 090
●● Отклонения, тыс. кВт⋅ч
тыс. кВт⋅ч
Отклонения по отпуску из сети
5 063 3325 063 332
-407 213 468-407 213 468
2022/2023
2023/2024
-500 000 000
-400 000 000
-300 000 000
-200 000 000
-100 000 000
0
100 000 000
●● Отклонения, %
%
Отклонения по отпуску из сети
0.880.88
-69.95-69.95
2022/2023
2023/2024
-80
-60
-40
-20
0
20
тыс. кВт⋅ч
Фактические данные по отпуску из сети'

11-11-2024T12:24:35 - [TEST_STEP][PASSED] - a6 = "": null

11-11-2024T12:24:35 - [TEST_STEP][PASSED] - a7 = "": null

11-11-2024T12:24:35 - [TEST_STEP][PASSED] - a8 = "": null

11-11-2024T12:24:35 - [TEST_STEP][PASSED] - a9 = "": null

11-11-2024T12:24:35 - [TEST_STEP][PASSED] - if (run == 1): null

11-11-2024T12:24:35 - [TEST_STEP][PASSED] - user = "админ": null

11-11-2024T12:24:35 - [TEST_STEP][PASSED] - a1 = getText(findTestObject("Отпуск из сети/span1")): Text of object 'Object Repository/Отпуск из сети/span1' is: '577 112 226'

11-11-2024T12:24:35 - [MESSAGE][PASSED] - Text of object 'Object Repository/Отпуск из сети/span1' is: '577 112 226'

11-11-2024T12:24:35 - [TEST_STEP][PASSED] - a2 = getText(findTestObject("Отпуск из сети/span2")): Text of object 'Object Repository/Отпуск из сети/span2' is: '582 175 559'

11-11-2024T12:24:36 - [MESSAGE][PASSED] - Text of object 'Object Repository/Отпуск из сети/span2' is: '582 175 559'

11-11-2024T12:24:36 - [TEST_STEP][PASSED] - a3 = getText(findTestObject("Отпуск из сети/span3")): Text of object 'Object Repository/Отпуск из сети/span3' is: '174 962 090'

11-11-2024T12:24:36 - [MESSAGE][PASSED] - Text of object 'Object Repository/Отпуск из сети/span3' is: '174 962 090'

11-11-2024T12:24:36 - [TEST_STEP][PASSED] - a4 = getText(findTestObject("Отпуск из сети/График1")): Text of object 'Object Repository/Отпуск из сети/График1' is: '●● Отклонения, тыс. кВт⋅ч
тыс. кВт⋅ч
Отклонения по отпуску из сети
5 063 3325 063 332
-407 213 468-407 213 468
2022/2023
2023/2024
-500 000 000
-400 000 000
-300 000 000
-200 000 000
-100 000 000
0
100 000 000'

11-11-2024T12:24:36 - [MESSAGE][PASSED] - Text of object 'Object Repository/Отпуск из сети/График1' is: '●● Отклонения, тыс. кВт⋅ч
тыс. кВт⋅ч
Отклонения по отпуску из сети
5 063 3325 063 332
-407 213 468-407 213 468
2022/2023
2023/2024
-500 000 000
-400 000 000
-300 000 000
-200 000 000
-100 000 000
0
100 000 000'

11-11-2024T12:24:36 - [TEST_STEP][PASSED] - a5 = getText(findTestObject("Отпуск из сети/График2")): Text of object 'Object Repository/Отпуск из сети/График2' is: '●● Отклонения, %
%
Отклонения по отпуску из сети
0.880.88
-69.95-69.95
2022/2023
2023/2024
-80
-60
-40
-20
0
20'

11-11-2024T12:24:37 - [MESSAGE][PASSED] - Text of object 'Object Repository/Отпуск из сети/График2' is: '●● Отклонения, %
%
Отклонения по отпуску из сети
0.880.88
-69.95-69.95
2022/2023
2023/2024
-80
-60
-40
-20
0
20'

11-11-2024T12:24:37 - [TEST_STEP][PASSED] - n = n + 9: null

11-11-2024T12:24:37 - [TEST_STEP][PASSED] - Script1686231490255.WriteToExcel(user, dashboardName, n, data, run, a1, a2, a3, a4, a5, a6, a7, a8, a9): null

11-11-2024T12:24:37 - [TEST_STEP][PASSED] - sheetName = "Sheet1": null

11-11-2024T12:24:37 - [TEST_STEP][PASSED] - workbook01 = getWorkbook(excelFilePath): null

11-11-2024T12:24:37 - [TEST_STEP][PASSED] - sheet01 = getExcelSheet(workbook01, sheetName): null

11-11-2024T12:24:37 - [TEST_STEP][PASSED] - setValueToCellByIndex(sheet01, n, 0, dashboardName): null

11-11-2024T12:24:37 - [TEST_STEP][PASSED] - setValueToCellByIndex(sheet01, n, 10, user): null

11-11-2024T12:24:37 - [TEST_STEP][PASSED] - setValueToCellByIndex(sheet01, n, 1, a1): null

11-11-2024T12:24:37 - [TEST_STEP][PASSED] - setValueToCellByIndex(sheet01, n, 2, a2): null

11-11-2024T12:24:37 - [TEST_STEP][PASSED] - setValueToCellByIndex(sheet01, n, 3, a3): null

11-11-2024T12:24:37 - [TEST_STEP][PASSED] - setValueToCellByIndex(sheet01, n, 4, a4): null

11-11-2024T12:24:37 - [TEST_STEP][PASSED] - setValueToCellByIndex(sheet01, n, 5, a5): null

11-11-2024T12:24:37 - [TEST_STEP][PASSED] - setValueToCellByIndex(sheet01, n, 6, a6): null

11-11-2024T12:24:37 - [TEST_STEP][PASSED] - setValueToCellByIndex(sheet01, n, 7, a7): null

11-11-2024T12:24:37 - [TEST_STEP][PASSED] - setValueToCellByIndex(sheet01, n, 8, a8): null

11-11-2024T12:24:37 - [TEST_STEP][PASSED] - setValueToCellByIndex(sheet01, n, 9, a9): null

11-11-2024T12:24:37 - [TEST_STEP][PASSED] - n = n + 1: null

11-11-2024T12:24:37 - [TEST_STEP][PASSED] - saveWorkbook(excelFilePath, workbook01): null

11-11-2024T12:24:37 - [TEST_STEP][PASSED] - if (run == 2): null

11-11-2024T12:24:37 - [TEST_STEP][PASSED] - if (run == 3): null

11-11-2024T12:24:37 - [TEST_STEP][PASSED] - closeBrowser(): null

11-11-2024T12:24:37 - [MESSAGE][PASSED] - Browser is closed

11-11-2024T12:24:37 - [TEST_STEP][PASSED] - OtpuskIzSeti(user, dashboardName, n, data, run, a1, a2, a3, a4, a5, a6, a7, a8, a9, urlData): null

11-11-2024T12:24:37 - [TEST_STEP][PASSED] - n = data.getRowNumbers() + 1: null

11-11-2024T12:24:37 - [TEST_STEP][PASSED] - println(n): null

11-11-2024T12:24:37 - [TEST_STEP][PASSED] - dashboardName = "Отпуск из сети": null

11-11-2024T12:24:37 - [TEST_STEP][PASSED] - openBrowser(""): Browser is opened with url: ''

11-11-2024T12:24:37 - [MESSAGE][INFO] - Starting 'Chrome' driver

11-11-2024T12:24:37 - [MESSAGE][INFO] - Action delay is set to 0 milliseconds

11-11-2024T12:24:39 - [MESSAGE][PASSED] - Browser is opened with url: ''

11-11-2024T12:24:39 - [TEST_STEP][PASSED] - urlData = 15: null

11-11-2024T12:24:39 - [TEST_STEP][PASSED] - Script1686231490255.CheckPageDownload(urlData, run): null

11-11-2024T12:24:39 - [TEST_STEP][PASSED] - i = 1: null

11-11-2024T12:24:39 - [TEST_STEP][PASSED] - ii = 0: null

11-11-2024T12:24:39 - [TEST_STEP][PASSED] - urlText = <not implemented yet for class: org.codehaus.groovy.ast.expr.EmptyExpression>: null

11-11-2024T12:24:39 - [TEST_STEP][PASSED] - searchWord = <not implemented yet for class: org.codehaus.groovy.ast.expr.EmptyExpression>: null

11-11-2024T12:24:39 - [TEST_STEP][PASSED] - deleteAllCookies(): Delete all cookies successfully

11-11-2024T12:24:39 - [MESSAGE][PASSED] - Delete all cookies successfully

11-11-2024T12:24:39 - [TEST_STEP][PASSED] - refresh(): Refresh successfully

11-11-2024T12:24:39 - [MESSAGE][PASSED] - Refresh successfully

11-11-2024T12:24:39 - [TEST_STEP][PASSED] - delay(65): Delayed 65 second(s)

11-11-2024T12:25:44 - [MESSAGE][PASSED] - Delayed 65 second(s)

11-11-2024T12:25:44 - [TEST_STEP][PASSED] - navigateToUrl(findTestData("PlanFact").getValue(10, urlData)): Navigate to 'https://bi.rosseti.digital/viewer?dashboardGuid=d154a8eaf6824e2b9de1bb04dd061c18&sheetGuid=f217cc6775674247871931fed0993c14&fit=true' successfully

11-11-2024T12:25:53 - [MESSAGE][PASSED] - Navigate to 'https://bi.rosseti.digital/viewer?dashboardGuid=d154a8eaf6824e2b9de1bb04dd061c18&sheetGuid=f217cc6775674247871931fed0993c14&fit=true' successfully

11-11-2024T12:25:53 - [TEST_STEP][PASSED] - pageLoaded1 = verifyElementPresent(findTestObject("Страница авторизации/Text"), 30): Object 'Object Repository/Страница авторизации/Text' is present

11-11-2024T12:25:53 - [MESSAGE][PASSED] - Object 'Object Repository/Страница авторизации/Text' is present

11-11-2024T12:25:53 - [TEST_STEP][PASSED] - if (pageLoaded1 == false): null

11-11-2024T12:25:53 - [TEST_STEP][PASSED] - urlText = getText(findTestObject("Страница авторизации/Text")): Text of object 'Object Repository/Страница авторизации/Text' is: 'Вход'

11-11-2024T12:25:53 - [MESSAGE][PASSED] - Text of object 'Object Repository/Страница авторизации/Text' is: 'Вход'

11-11-2024T12:25:53 - [TEST_STEP][PASSED] - delay(65): Delayed 65 second(s)

11-11-2024T12:26:58 - [MESSAGE][PASSED] - Delayed 65 second(s)

11-11-2024T12:26:58 - [TEST_STEP][PASSED] - searchWord = "Вход": null

11-11-2024T12:26:58 - [TEST_STEP][PASSED] - if (urlText.contains(searchWord) == false): null

11-11-2024T12:26:58 - [TEST_STEP][PASSED] - setText(findTestObject("Страница авторизации/input__username"), findTestData("PlanFact").getValue(8, run)): Text 'Andreeva-EV' is set on object 'Object Repository/Страница авторизации/input__username'

11-11-2024T12:26:59 - [MESSAGE][PASSED] - Text 'Andreeva-EV' is set on object 'Object Repository/Страница авторизации/input__username'

11-11-2024T12:26:59 - [TEST_STEP][PASSED] - setText(findTestObject("Страница авторизации/input__password"), findTestData("PlanFact").getValue(9, run)): Text '2nPePKDwCPH3ul7xMZ' is set on object 'Object Repository/Страница авторизации/input__password'

11-11-2024T12:27:00 - [MESSAGE][PASSED] - Text '2nPePKDwCPH3ul7xMZ' is set on object 'Object Repository/Страница авторизации/input__password'

11-11-2024T12:27:00 - [TEST_STEP][PASSED] - click(findTestObject("Страница авторизации/button_")): Object: 'Object Repository/Страница авторизации/button_' is clicked on

11-11-2024T12:27:03 - [MESSAGE][PASSED] - Object: 'Object Repository/Страница авторизации/button_' is clicked on

11-11-2024T12:27:03 - [TEST_STEP][PASSED] - delay(65): Delayed 65 second(s)

11-11-2024T12:28:08 - [MESSAGE][PASSED] - Delayed 65 second(s)

11-11-2024T12:28:08 - [TEST_STEP][PASSED] - searchWord = "а": null

11-11-2024T12:28:08 - [TEST_STEP][PASSED] - pageLoaded2 = verifyElementPresent(findTestObject("Страница авторизации/Text"), 50): Object 'Object Repository/Страница авторизации/Text' is present

11-11-2024T12:28:09 - [MESSAGE][PASSED] - Object 'Object Repository/Страница авторизации/Text' is present

11-11-2024T12:28:09 - [TEST_STEP][PASSED] - if (pageLoaded2 == false): null

11-11-2024T12:28:09 - [TEST_STEP][PASSED] - urlText = getText(findTestObject("Страница авторизации/Text")): Text of object 'Object Repository/Страница авторизации/Text' is: 'ДЗО 
Все
Период
Выбрано: 9
Отпуск из сети
Факт
2022 год
2023 год
2024 год
0
50 000
100 000
150 000
200 000
250 000
300 000
350 000
400 000
450 000
500 000
550 000
600 000
650 000
577 112 226
582 175 559
174 962 090
●● Отклонения, тыс. кВт⋅ч
тыс. кВт⋅ч
Отклонения по отпуску из сети
5 063 3325 063 332
-407 213 468-407 213 468
2022/2023
2023/2024
-500 000 000
-400 000 000
-300 000 000
-200 000 000
-100 000 000
0
100 000 000
●● Отклонения, %
%
Отклонения по отпуску из сети
0.880.88
-69.95-69.95
2022/2023
2023/2024
-80
-60
-40
-20
0
20
тыс. кВт⋅ч
Фактические данные по отпуску из сети'

11-11-2024T12:28:09 - [MESSAGE][PASSED] - Text of object 'Object Repository/Страница авторизации/Text' is: 'ДЗО 
Все
Период
Выбрано: 9
Отпуск из сети
Факт
2022 год
2023 год
2024 год
0
50 000
100 000
150 000
200 000
250 000
300 000
350 000
400 000
450 000
500 000
550 000
600 000
650 000
577 112 226
582 175 559
174 962 090
●● Отклонения, тыс. кВт⋅ч
тыс. кВт⋅ч
Отклонения по отпуску из сети
5 063 3325 063 332
-407 213 468-407 213 468
2022/2023
2023/2024
-500 000 000
-400 000 000
-300 000 000
-200 000 000
-100 000 000
0
100 000 000
●● Отклонения, %
%
Отклонения по отпуску из сети
0.880.88
-69.95-69.95
2022/2023
2023/2024
-80
-60
-40
-20
0
20
тыс. кВт⋅ч
Фактические данные по отпуску из сети'

11-11-2024T12:28:09 - [TEST_STEP][PASSED] - if (urlText.contains("ошибка") || urlText.contains(searchWord) == false): null

11-11-2024T12:28:09 - [TEST_STEP][PASSED] - a6 = "": null

11-11-2024T12:28:09 - [TEST_STEP][PASSED] - a7 = "": null

11-11-2024T12:28:09 - [TEST_STEP][PASSED] - a8 = "": null

11-11-2024T12:28:09 - [TEST_STEP][PASSED] - a9 = "": null

11-11-2024T12:28:09 - [TEST_STEP][PASSED] - if (run == 1): null

11-11-2024T12:28:09 - [TEST_STEP][PASSED] - if (run == 2): null

11-11-2024T12:28:09 - [TEST_STEP][PASSED] - user = "Андреева": null

11-11-2024T12:28:09 - [TEST_STEP][PASSED] - a1 = getText(findTestObject("Отпуск из сети/span1")): Text of object 'Object Repository/Отпуск из сети/span1' is: '577 112 226'

11-11-2024T12:28:10 - [MESSAGE][PASSED] - Text of object 'Object Repository/Отпуск из сети/span1' is: '577 112 226'

11-11-2024T12:28:10 - [TEST_STEP][PASSED] - a2 = getText(findTestObject("Отпуск из сети/span2")): Text of object 'Object Repository/Отпуск из сети/span2' is: '582 175 559'

11-11-2024T12:28:10 - [MESSAGE][PASSED] - Text of object 'Object Repository/Отпуск из сети/span2' is: '582 175 559'

11-11-2024T12:28:10 - [TEST_STEP][PASSED] - a3 = getText(findTestObject("Отпуск из сети/span3")): Text of object 'Object Repository/Отпуск из сети/span3' is: '174 962 090'

11-11-2024T12:28:10 - [MESSAGE][PASSED] - Text of object 'Object Repository/Отпуск из сети/span3' is: '174 962 090'

11-11-2024T12:28:10 - [TEST_STEP][PASSED] - a4 = getText(findTestObject("Отпуск из сети/График1")): Text of object 'Object Repository/Отпуск из сети/График1' is: '●● Отклонения, тыс. кВт⋅ч
тыс. кВт⋅ч
Отклонения по отпуску из сети
5 063 3325 063 332
-407 213 468-407 213 468
2022/2023
2023/2024
-500 000 000
-400 000 000
-300 000 000
-200 000 000
-100 000 000
0
100 000 000'

11-11-2024T12:28:10 - [MESSAGE][PASSED] - Text of object 'Object Repository/Отпуск из сети/График1' is: '●● Отклонения, тыс. кВт⋅ч
тыс. кВт⋅ч
Отклонения по отпуску из сети
5 063 3325 063 332
-407 213 468-407 213 468
2022/2023
2023/2024
-500 000 000
-400 000 000
-300 000 000
-200 000 000
-100 000 000
0
100 000 000'

11-11-2024T12:28:10 - [TEST_STEP][PASSED] - a5 = getText(findTestObject("Отпуск из сети/График2")): Text of object 'Object Repository/Отпуск из сети/График2' is: '●● Отклонения, %
%
Отклонения по отпуску из сети
0.880.88
-69.95-69.95
2022/2023
2023/2024
-80
-60
-40
-20
0
20'

11-11-2024T12:28:11 - [MESSAGE][PASSED] - Text of object 'Object Repository/Отпуск из сети/График2' is: '●● Отклонения, %
%
Отклонения по отпуску из сети
0.880.88
-69.95-69.95
2022/2023
2023/2024
-80
-60
-40
-20
0
20'

11-11-2024T12:28:11 - [TEST_STEP][PASSED] - n = n + 10: null

11-11-2024T12:28:11 - [TEST_STEP][PASSED] - b = n - run + 1: null

11-11-2024T12:28:11 - [TEST_STEP][PASSED] - verifyEqual(findTestData("PlanFact").getValue(2, b), a1): Actual object '577 112 226' and expected object '577 112 226' are equal

11-11-2024T12:28:11 - [MESSAGE][PASSED] - Actual object '577 112 226' and expected object '577 112 226' are equal

11-11-2024T12:28:11 - [TEST_STEP][PASSED] - verifyEqual(findTestData("PlanFact").getValue(3, b), a2): Actual object '582 175 559' and expected object '582 175 559' are equal

11-11-2024T12:28:11 - [MESSAGE][PASSED] - Actual object '582 175 559' and expected object '582 175 559' are equal

11-11-2024T12:28:11 - [TEST_STEP][PASSED] - verifyEqual(findTestData("PlanFact").getValue(4, b), a3): Actual object '174 962 090' and expected object '174 962 090' are equal

11-11-2024T12:28:11 - [MESSAGE][PASSED] - Actual object '174 962 090' and expected object '174 962 090' are equal

11-11-2024T12:28:11 - [TEST_STEP][PASSED] - verifyEqual(findTestData("PlanFact").getValue(5, b), a4): Actual object '●● Отклонения, тыс. кВт⋅ч
тыс. кВт⋅ч
Отклонения по отпуску из сети
5 063 3325 063 332
-407 213 468-407 213 468
2022/2023
2023/2024
-500 000 000
-400 000 000
-300 000 000
-200 000 000
-100 000 000
0
100 000 000' and expected object '●● Отклонения, тыс. кВт⋅ч
тыс. кВт⋅ч
Отклонения по отпуску из сети
5 063 3325 063 332
-407 213 468-407 213 468
2022/2023
2023/2024
-500 000 000
-400 000 000
-300 000 000
-200 000 000
-100 000 000
0
100 000 000' are equal

11-11-2024T12:28:11 - [MESSAGE][PASSED] - Actual object '●● Отклонения, тыс. кВт⋅ч
тыс. кВт⋅ч
Отклонения по отпуску из сети
5 063 3325 063 332
-407 213 468-407 213 468
2022/2023
2023/2024
-500 000 000
-400 000 000
-300 000 000
-200 000 000
-100 000 000
0
100 000 000' and expected object '●● Отклонения, тыс. кВт⋅ч
тыс. кВт⋅ч
Отклонения по отпуску из сети
5 063 3325 063 332
-407 213 468-407 213 468
2022/2023
2023/2024
-500 000 000
-400 000 000
-300 000 000
-200 000 000
-100 000 000
0
100 000 000' are equal

11-11-2024T12:28:11 - [TEST_STEP][PASSED] - verifyEqual(findTestData("PlanFact").getValue(6, b), a5): Actual object '●● Отклонения, %
%
Отклонения по отпуску из сети
0.880.88
-69.95-69.95
2022/2023
2023/2024
-80
-60
-40
-20
0
20' and expected object '●● Отклонения, %
%
Отклонения по отпуску из сети
0.880.88
-69.95-69.95
2022/2023
2023/2024
-80
-60
-40
-20
0
20' are equal

11-11-2024T12:28:11 - [MESSAGE][PASSED] - Actual object '●● Отклонения, %
%
Отклонения по отпуску из сети
0.880.88
-69.95-69.95
2022/2023
2023/2024
-80
-60
-40
-20
0
20' and expected object '●● Отклонения, %
%
Отклонения по отпуску из сети
0.880.88
-69.95-69.95
2022/2023
2023/2024
-80
-60
-40
-20
0
20' are equal

11-11-2024T12:28:11 - [TEST_STEP][PASSED] - Script1686231490255.WriteToExcel(user, dashboardName, n, data, run, a1, a2, a3, a4, a5, a6, a7, a8, a9): null

11-11-2024T12:28:11 - [TEST_STEP][PASSED] - sheetName = "Sheet1": null

11-11-2024T12:28:11 - [TEST_STEP][PASSED] - workbook01 = getWorkbook(excelFilePath): null

11-11-2024T12:28:11 - [TEST_STEP][PASSED] - sheet01 = getExcelSheet(workbook01, sheetName): null

11-11-2024T12:28:11 - [TEST_STEP][PASSED] - setValueToCellByIndex(sheet01, n, 0, dashboardName): null

11-11-2024T12:28:11 - [TEST_STEP][PASSED] - setValueToCellByIndex(sheet01, n, 10, user): null

11-11-2024T12:28:11 - [TEST_STEP][PASSED] - setValueToCellByIndex(sheet01, n, 1, a1): null

11-11-2024T12:28:11 - [TEST_STEP][PASSED] - setValueToCellByIndex(sheet01, n, 2, a2): null

11-11-2024T12:28:11 - [TEST_STEP][PASSED] - setValueToCellByIndex(sheet01, n, 3, a3): null

11-11-2024T12:28:11 - [TEST_STEP][PASSED] - setValueToCellByIndex(sheet01, n, 4, a4): null

11-11-2024T12:28:11 - [TEST_STEP][PASSED] - setValueToCellByIndex(sheet01, n, 5, a5): null

11-11-2024T12:28:11 - [TEST_STEP][PASSED] - setValueToCellByIndex(sheet01, n, 6, a6): null

11-11-2024T12:28:11 - [TEST_STEP][PASSED] - setValueToCellByIndex(sheet01, n, 7, a7): null

11-11-2024T12:28:11 - [TEST_STEP][PASSED] - setValueToCellByIndex(sheet01, n, 8, a8): null

11-11-2024T12:28:11 - [TEST_STEP][PASSED] - setValueToCellByIndex(sheet01, n, 9, a9): null

11-11-2024T12:28:11 - [TEST_STEP][PASSED] - n = n + 1: null

11-11-2024T12:28:11 - [TEST_STEP][PASSED] - saveWorkbook(excelFilePath, workbook01): null

11-11-2024T12:28:12 - [TEST_STEP][PASSED] - if (run == 3): null

11-11-2024T12:28:12 - [TEST_STEP][PASSED] - closeBrowser(): null

11-11-2024T12:28:12 - [MESSAGE][PASSED] - Browser is closed

11-11-2024T12:28:12 - [TEST_STEP][PASSED] - OtpuskIzSeti(user, dashboardName, n, data, run, a1, a2, a3, a4, a5, a6, a7, a8, a9, urlData): null

11-11-2024T12:28:12 - [TEST_STEP][PASSED] - n = data.getRowNumbers() + 1: null

11-11-2024T12:28:12 - [TEST_STEP][PASSED] - println(n): null

11-11-2024T12:28:12 - [TEST_STEP][PASSED] - dashboardName = "Отпуск из сети": null

11-11-2024T12:28:12 - [TEST_STEP][PASSED] - openBrowser(""): Browser is opened with url: ''

11-11-2024T12:28:12 - [MESSAGE][INFO] - Starting 'Chrome' driver

11-11-2024T12:28:12 - [MESSAGE][INFO] - Action delay is set to 0 milliseconds

11-11-2024T12:28:13 - [MESSAGE][PASSED] - Browser is opened with url: ''

11-11-2024T12:28:13 - [TEST_STEP][PASSED] - urlData = 15: null

11-11-2024T12:28:13 - [TEST_STEP][PASSED] - Script1686231490255.CheckPageDownload(urlData, run): null

11-11-2024T12:28:13 - [TEST_STEP][PASSED] - i = 1: null

11-11-2024T12:28:13 - [TEST_STEP][PASSED] - ii = 0: null

11-11-2024T12:28:13 - [TEST_STEP][PASSED] - urlText = <not implemented yet for class: org.codehaus.groovy.ast.expr.EmptyExpression>: null

11-11-2024T12:28:13 - [TEST_STEP][PASSED] - searchWord = <not implemented yet for class: org.codehaus.groovy.ast.expr.EmptyExpression>: null

11-11-2024T12:28:13 - [TEST_STEP][PASSED] - deleteAllCookies(): Delete all cookies successfully

11-11-2024T12:28:13 - [MESSAGE][PASSED] - Delete all cookies successfully

11-11-2024T12:28:13 - [TEST_STEP][PASSED] - refresh(): Refresh successfully

11-11-2024T12:28:13 - [MESSAGE][PASSED] - Refresh successfully

11-11-2024T12:28:13 - [TEST_STEP][PASSED] - delay(65): Delayed 65 second(s)

11-11-2024T12:29:18 - [MESSAGE][PASSED] - Delayed 65 second(s)

11-11-2024T12:29:18 - [TEST_STEP][PASSED] - navigateToUrl(findTestData("PlanFact").getValue(10, urlData)): Navigate to 'https://bi.rosseti.digital/viewer?dashboardGuid=d154a8eaf6824e2b9de1bb04dd061c18&sheetGuid=f217cc6775674247871931fed0993c14&fit=true' successfully

11-11-2024T12:29:23 - [MESSAGE][PASSED] - Navigate to 'https://bi.rosseti.digital/viewer?dashboardGuid=d154a8eaf6824e2b9de1bb04dd061c18&sheetGuid=f217cc6775674247871931fed0993c14&fit=true' successfully

11-11-2024T12:29:23 - [TEST_STEP][PASSED] - pageLoaded1 = verifyElementPresent(findTestObject("Страница авторизации/Text"), 30): Object 'Object Repository/Страница авторизации/Text' is present

11-11-2024T12:29:27 - [MESSAGE][PASSED] - Object 'Object Repository/Страница авторизации/Text' is present

11-11-2024T12:29:27 - [TEST_STEP][PASSED] - if (pageLoaded1 == false): null

11-11-2024T12:29:27 - [TEST_STEP][PASSED] - urlText = getText(findTestObject("Страница авторизации/Text")): Text of object 'Object Repository/Страница авторизации/Text' is: 'Вход'

11-11-2024T12:29:27 - [MESSAGE][PASSED] - Text of object 'Object Repository/Страница авторизации/Text' is: 'Вход'

11-11-2024T12:29:27 - [TEST_STEP][PASSED] - delay(65): Delayed 65 second(s)

11-11-2024T12:30:32 - [MESSAGE][PASSED] - Delayed 65 second(s)

11-11-2024T12:30:32 - [TEST_STEP][PASSED] - searchWord = "Вход": null

11-11-2024T12:30:32 - [TEST_STEP][PASSED] - if (urlText.contains(searchWord) == false): null

11-11-2024T12:30:32 - [TEST_STEP][PASSED] - setText(findTestObject("Страница авторизации/input__username"), findTestData("PlanFact").getValue(8, run)): Text 'Petrova-OV' is set on object 'Object Repository/Страница авторизации/input__username'

11-11-2024T12:30:33 - [MESSAGE][PASSED] - Text 'Petrova-OV' is set on object 'Object Repository/Страница авторизации/input__username'

11-11-2024T12:30:33 - [TEST_STEP][PASSED] - setText(findTestObject("Страница авторизации/input__password"), findTestData("PlanFact").getValue(9, run)): Text '4Ex@~R53r&3x&BVe7' is set on object 'Object Repository/Страница авторизации/input__password'

11-11-2024T12:30:33 - [MESSAGE][PASSED] - Text '4Ex@~R53r&3x&BVe7' is set on object 'Object Repository/Страница авторизации/input__password'

11-11-2024T12:30:33 - [TEST_STEP][PASSED] - click(findTestObject("Страница авторизации/button_")): Object: 'Object Repository/Страница авторизации/button_' is clicked on

11-11-2024T12:30:37 - [MESSAGE][PASSED] - Object: 'Object Repository/Страница авторизации/button_' is clicked on

11-11-2024T12:30:37 - [TEST_STEP][PASSED] - delay(65): Delayed 65 second(s)

11-11-2024T12:31:42 - [MESSAGE][PASSED] - Delayed 65 second(s)

11-11-2024T12:31:42 - [TEST_STEP][PASSED] - searchWord = "а": null

11-11-2024T12:31:42 - [TEST_STEP][PASSED] - pageLoaded2 = verifyElementPresent(findTestObject("Страница авторизации/Text"), 50): Object 'Object Repository/Страница авторизации/Text' is present

11-11-2024T12:32:13 - [MESSAGE][PASSED] - Object 'Object Repository/Страница авторизации/Text' is present

11-11-2024T12:32:13 - [TEST_STEP][PASSED] - if (pageLoaded2 == false): null

11-11-2024T12:32:13 - [TEST_STEP][PASSED] - urlText = getText(findTestObject("Страница авторизации/Text")): Text of object 'Object Repository/Страница авторизации/Text' is: ''

11-11-2024T12:32:43 - [MESSAGE][PASSED] - Text of object 'Object Repository/Страница авторизации/Text' is: ''

11-11-2024T12:32:43 - [TEST_STEP][PASSED] - if (urlText.contains("ошибка") || urlText.contains(searchWord) == false): Text of object 'Object Repository/Страница авторизации/Text' is: 'ДЗО 
Все
Период
Выбрано: 9
Отпуск из сети
Факт
2022 год
2023 год
2024 год
0
50 000
100 000
150 000
200 000
250 000
300 000
350 000
400 000
450 000
500 000
550 000
600 000
650 000
577 112 226
582 175 559
174 962 090
●● Отклонения, тыс. кВт⋅ч
тыс. кВт⋅ч
Отклонения по отпуску из сети
5 063 3325 063 332
-407 213 468-407 213 468
2022/2023
2023/2024
-500 000 000
-400 000 000
-300 000 000
-200 000 000
-100 000 000
0
100 000 000
●● Отклонения, %
%
Отклонения по отпуску из сети
0.880.88
-69.95-69.95
2022/2023
2023/2024
-80
-60
-40
-20
0
20
тыс. кВт⋅ч
Фактические данные по отпуску из сети'

11-11-2024T12:32:43 - [TEST_STEP][PASSED] - for ([urlText.contains(searchWord) == false, i < 10, (ii++)]): Text of object 'Object Repository/Страница авторизации/Text' is: 'ДЗО 
Все
Период
Выбрано: 9
Отпуск из сети
Факт
2022 год
2023 год
2024 год
0
50 000
100 000
150 000
200 000
250 000
300 000
350 000
400 000
450 000
500 000
550 000
600 000
650 000
577 112 226
582 175 559
174 962 090
●● Отклонения, тыс. кВт⋅ч
тыс. кВт⋅ч
Отклонения по отпуску из сети
5 063 3325 063 332
-407 213 468-407 213 468
2022/2023
2023/2024
-500 000 000
-400 000 000
-300 000 000
-200 000 000
-100 000 000
0
100 000 000
●● Отклонения, %
%
Отклонения по отпуску из сети
0.880.88
-69.95-69.95
2022/2023
2023/2024
-80
-60
-40
-20
0
20
тыс. кВт⋅ч
Фактические данные по отпуску из сети'

11-11-2024T12:32:43 - [TEST_STEP][PASSED] - i = i + 1: null

11-11-2024T12:32:43 - [TEST_STEP][PASSED] - refresh(): Refresh successfully

11-11-2024T12:32:44 - [MESSAGE][PASSED] - Refresh successfully

11-11-2024T12:32:44 - [TEST_STEP][PASSED] - delay(65): Delayed 65 second(s)

11-11-2024T12:33:49 - [MESSAGE][PASSED] - Delayed 65 second(s)

11-11-2024T12:33:49 - [TEST_STEP][PASSED] - navigateToUrl(findTestData("PlanFact").getValue(10, urlData)): Navigate to 'https://bi.rosseti.digital/viewer?dashboardGuid=d154a8eaf6824e2b9de1bb04dd061c18&sheetGuid=f217cc6775674247871931fed0993c14&fit=true' successfully

11-11-2024T12:33:50 - [MESSAGE][PASSED] - Navigate to 'https://bi.rosseti.digital/viewer?dashboardGuid=d154a8eaf6824e2b9de1bb04dd061c18&sheetGuid=f217cc6775674247871931fed0993c14&fit=true' successfully

11-11-2024T12:33:50 - [TEST_STEP][PASSED] - delay(65): Delayed 65 second(s)

11-11-2024T12:34:55 - [MESSAGE][PASSED] - Delayed 65 second(s)

11-11-2024T12:34:55 - [TEST_STEP][PASSED] - urlText = getText(findTestObject("Страница авторизации/Text")): Text of object 'Object Repository/Страница авторизации/Text' is: 'ДЗО 
Все
Период
Выбрано: 9
Отпуск из сети
Факт
2022 год
2023 год
2024 год
0
50 000
100 000
150 000
200 000
250 000
300 000
350 000
400 000
450 000
500 000
550 000
600 000
650 000
577 112 226
582 175 559
174 962 090
●● Отклонения, тыс. кВт⋅ч
тыс. кВт⋅ч
Отклонения по отпуску из сети
5 063 3325 063 332
-407 213 468-407 213 468
2022/2023
2023/2024
-500 000 000
-400 000 000
-300 000 000
-200 000 000
-100 000 000
0
100 000 000
●● Отклонения, %
%
Отклонения по отпуску из сети
0.880.88
-69.95-69.95
2022/2023
2023/2024
-80
-60
-40
-20
0
20
тыс. кВт⋅ч
Фактические данные по отпуску из сети'

11-11-2024T12:34:56 - [MESSAGE][PASSED] - Text of object 'Object Repository/Страница авторизации/Text' is: 'ДЗО 
Все
Период
Выбрано: 9
Отпуск из сети
Факт
2022 год
2023 год
2024 год
0
50 000
100 000
150 000
200 000
250 000
300 000
350 000
400 000
450 000
500 000
550 000
600 000
650 000
577 112 226
582 175 559
174 962 090
●● Отклонения, тыс. кВт⋅ч
тыс. кВт⋅ч
Отклонения по отпуску из сети
5 063 3325 063 332
-407 213 468-407 213 468
2022/2023
2023/2024
-500 000 000
-400 000 000
-300 000 000
-200 000 000
-100 000 000
0
100 000 000
●● Отклонения, %
%
Отклонения по отпуску из сети
0.880.88
-69.95-69.95
2022/2023
2023/2024
-80
-60
-40
-20
0
20
тыс. кВт⋅ч
Фактические данные по отпуску из сети'

11-11-2024T12:34:56 - [TEST_STEP][PASSED] - i = i + 1: null

11-11-2024T12:34:56 - [TEST_STEP][PASSED] - refresh(): Refresh successfully

11-11-2024T12:34:56 - [MESSAGE][PASSED] - Refresh successfully

11-11-2024T12:34:56 - [TEST_STEP][PASSED] - delay(65): Delayed 65 second(s)

11-11-2024T12:36:01 - [MESSAGE][PASSED] - Delayed 65 second(s)

11-11-2024T12:36:01 - [TEST_STEP][PASSED] - navigateToUrl(findTestData("PlanFact").getValue(10, urlData)): Navigate to 'https://bi.rosseti.digital/viewer?dashboardGuid=d154a8eaf6824e2b9de1bb04dd061c18&sheetGuid=f217cc6775674247871931fed0993c14&fit=true' successfully

11-11-2024T12:36:02 - [MESSAGE][PASSED] - Navigate to 'https://bi.rosseti.digital/viewer?dashboardGuid=d154a8eaf6824e2b9de1bb04dd061c18&sheetGuid=f217cc6775674247871931fed0993c14&fit=true' successfully

11-11-2024T12:36:02 - [TEST_STEP][PASSED] - delay(65): Delayed 65 second(s)

11-11-2024T12:37:07 - [MESSAGE][PASSED] - Delayed 65 second(s)

11-11-2024T12:37:07 - [TEST_STEP][PASSED] - urlText = getText(findTestObject("Страница авторизации/Text")): Text of object 'Object Repository/Страница авторизации/Text' is: 'ДЗО 
Все
Период
Выбрано: 9
Отпуск из сети
Факт
2022 год
2023 год
2024 год
0
50 000
100 000
150 000
200 000
250 000
300 000
350 000
400 000
450 000
500 000
550 000
600 000
650 000
577 112 226
582 175 559
174 962 090
●● Отклонения, тыс. кВт⋅ч
тыс. кВт⋅ч
Отклонения по отпуску из сети
5 063 3325 063 332
-407 213 468-407 213 468
2022/2023
2023/2024
-500 000 000
-400 000 000
-300 000 000
-200 000 000
-100 000 000
0
100 000 000
●● Отклонения, %
%
Отклонения по отпуску из сети
0.880.88
-69.95-69.95
2022/2023
2023/2024
-80
-60
-40
-20
0
20
тыс. кВт⋅ч
Фактические данные по отпуску из сети'

11-11-2024T12:37:08 - [MESSAGE][PASSED] - Text of object 'Object Repository/Страница авторизации/Text' is: 'ДЗО 
Все
Период
Выбрано: 9
Отпуск из сети
Факт
2022 год
2023 год
2024 год
0
50 000
100 000
150 000
200 000
250 000
300 000
350 000
400 000
450 000
500 000
550 000
600 000
650 000
577 112 226
582 175 559
174 962 090
●● Отклонения, тыс. кВт⋅ч
тыс. кВт⋅ч
Отклонения по отпуску из сети
5 063 3325 063 332
-407 213 468-407 213 468
2022/2023
2023/2024
-500 000 000
-400 000 000
-300 000 000
-200 000 000
-100 000 000
0
100 000 000
●● Отклонения, %
%
Отклонения по отпуску из сети
0.880.88
-69.95-69.95
2022/2023
2023/2024
-80
-60
-40
-20
0
20
тыс. кВт⋅ч
Фактические данные по отпуску из сети'

11-11-2024T12:37:08 - [TEST_STEP][PASSED] - i = i + 1: null

11-11-2024T12:37:08 - [TEST_STEP][PASSED] - refresh(): Refresh successfully

11-11-2024T12:37:09 - [MESSAGE][PASSED] - Refresh successfully

11-11-2024T12:37:09 - [TEST_STEP][PASSED] - delay(65): Delayed 65 second(s)

11-11-2024T12:38:14 - [MESSAGE][PASSED] - Delayed 65 second(s)

11-11-2024T12:38:14 - [TEST_STEP][PASSED] - navigateToUrl(findTestData("PlanFact").getValue(10, urlData)): Navigate to 'https://bi.rosseti.digital/viewer?dashboardGuid=d154a8eaf6824e2b9de1bb04dd061c18&sheetGuid=f217cc6775674247871931fed0993c14&fit=true' successfully

11-11-2024T12:38:15 - [MESSAGE][PASSED] - Navigate to 'https://bi.rosseti.digital/viewer?dashboardGuid=d154a8eaf6824e2b9de1bb04dd061c18&sheetGuid=f217cc6775674247871931fed0993c14&fit=true' successfully

11-11-2024T12:38:15 - [TEST_STEP][PASSED] - delay(65): Delayed 65 second(s)

11-11-2024T12:39:20 - [MESSAGE][PASSED] - Delayed 65 second(s)

11-11-2024T12:39:20 - [TEST_STEP][PASSED] - urlText = getText(findTestObject("Страница авторизации/Text")): Text of object 'Object Repository/Страница авторизации/Text' is: 'ДЗО 
Все
Период
Выбрано: 9
Отпуск из сети
Факт
2022 год
2023 год
2024 год
0
50 000
100 000
150 000
200 000
250 000
300 000
350 000
400 000
450 000
500 000
550 000
600 000
650 000
577 112 226
582 175 559
174 962 090
●● Отклонения, тыс. кВт⋅ч
тыс. кВт⋅ч
Отклонения по отпуску из сети
5 063 3325 063 332
-407 213 468-407 213 468
2022/2023
2023/2024
-500 000 000
-400 000 000
-300 000 000
-200 000 000
-100 000 000
0
100 000 000
●● Отклонения, %
%
Отклонения по отпуску из сети
0.880.88
-69.95-69.95
2022/2023
2023/2024
-80
-60
-40
-20
0
20
тыс. кВт⋅ч
Фактические данные по отпуску из сети'

11-11-2024T12:39:21 - [MESSAGE][PASSED] - Text of object 'Object Repository/Страница авторизации/Text' is: 'ДЗО 
Все
Период
Выбрано: 9
Отпуск из сети
Факт
2022 год
2023 год
2024 год
0
50 000
100 000
150 000
200 000
250 000
300 000
350 000
400 000
450 000
500 000
550 000
600 000
650 000
577 112 226
582 175 559
174 962 090
●● Отклонения, тыс. кВт⋅ч
тыс. кВт⋅ч
Отклонения по отпуску из сети
5 063 3325 063 332
-407 213 468-407 213 468
2022/2023
2023/2024
-500 000 000
-400 000 000
-300 000 000
-200 000 000
-100 000 000
0
100 000 000
●● Отклонения, %
%
Отклонения по отпуску из сети
0.880.88
-69.95-69.95
2022/2023
2023/2024
-80
-60
-40
-20
0
20
тыс. кВт⋅ч
Фактические данные по отпуску из сети'

11-11-2024T12:39:21 - [TEST_STEP][PASSED] - i = i + 1: null

11-11-2024T12:39:21 - [TEST_STEP][PASSED] - refresh(): Refresh successfully

11-11-2024T12:39:21 - [MESSAGE][PASSED] - Refresh successfully

11-11-2024T12:39:21 - [TEST_STEP][PASSED] - delay(65): Delayed 65 second(s)

11-11-2024T12:40:26 - [MESSAGE][PASSED] - Delayed 65 second(s)

11-11-2024T12:40:26 - [TEST_STEP][PASSED] - navigateToUrl(findTestData("PlanFact").getValue(10, urlData)): Navigate to 'https://bi.rosseti.digital/viewer?dashboardGuid=d154a8eaf6824e2b9de1bb04dd061c18&sheetGuid=f217cc6775674247871931fed0993c14&fit=true' successfully

11-11-2024T12:40:27 - [MESSAGE][PASSED] - Navigate to 'https://bi.rosseti.digital/viewer?dashboardGuid=d154a8eaf6824e2b9de1bb04dd061c18&sheetGuid=f217cc6775674247871931fed0993c14&fit=true' successfully

11-11-2024T12:40:27 - [TEST_STEP][PASSED] - delay(65): Delayed 65 second(s)

11-11-2024T12:41:32 - [MESSAGE][PASSED] - Delayed 65 second(s)

11-11-2024T12:41:32 - [TEST_STEP][PASSED] - urlText = getText(findTestObject("Страница авторизации/Text")): Text of object 'Object Repository/Страница авторизации/Text' is: 'ДЗО 
Все
Период
Выбрано: 9
Отпуск из сети
Факт
2022 год
2023 год
2024 год
0
50 000
100 000
150 000
200 000
250 000
300 000
350 000
400 000
450 000
500 000
550 000
600 000
650 000
577 112 226
582 175 559
174 962 090
●● Отклонения, тыс. кВт⋅ч
тыс. кВт⋅ч
Отклонения по отпуску из сети
5 063 3325 063 332
-407 213 468-407 213 468
2022/2023
2023/2024
-500 000 000
-400 000 000
-300 000 000
-200 000 000
-100 000 000
0
100 000 000
●● Отклонения, %
%
Отклонения по отпуску из сети
0.880.88
-69.95-69.95
2022/2023
2023/2024
-80
-60
-40
-20
0
20
тыс. кВт⋅ч
Фактические данные по отпуску из сети'

11-11-2024T12:41:33 - [MESSAGE][PASSED] - Text of object 'Object Repository/Страница авторизации/Text' is: 'ДЗО 
Все
Период
Выбрано: 9
Отпуск из сети
Факт
2022 год
2023 год
2024 год
0
50 000
100 000
150 000
200 000
250 000
300 000
350 000
400 000
450 000
500 000
550 000
600 000
650 000
577 112 226
582 175 559
174 962 090
●● Отклонения, тыс. кВт⋅ч
тыс. кВт⋅ч
Отклонения по отпуску из сети
5 063 3325 063 332
-407 213 468-407 213 468
2022/2023
2023/2024
-500 000 000
-400 000 000
-300 000 000
-200 000 000
-100 000 000
0
100 000 000
●● Отклонения, %
%
Отклонения по отпуску из сети
0.880.88
-69.95-69.95
2022/2023
2023/2024
-80
-60
-40
-20
0
20
тыс. кВт⋅ч
Фактические данные по отпуску из сети'

11-11-2024T12:41:33 - [TEST_STEP][PASSED] - i = i + 1: null

11-11-2024T12:41:33 - [TEST_STEP][PASSED] - refresh(): Refresh successfully

11-11-2024T12:41:34 - [MESSAGE][PASSED] - Refresh successfully

11-11-2024T12:41:34 - [TEST_STEP][PASSED] - delay(65): Delayed 65 second(s)

11-11-2024T12:42:39 - [MESSAGE][PASSED] - Delayed 65 second(s)

11-11-2024T12:42:39 - [TEST_STEP][PASSED] - navigateToUrl(findTestData("PlanFact").getValue(10, urlData)): Navigate to 'https://bi.rosseti.digital/viewer?dashboardGuid=d154a8eaf6824e2b9de1bb04dd061c18&sheetGuid=f217cc6775674247871931fed0993c14&fit=true' successfully

11-11-2024T12:42:40 - [MESSAGE][PASSED] - Navigate to 'https://bi.rosseti.digital/viewer?dashboardGuid=d154a8eaf6824e2b9de1bb04dd061c18&sheetGuid=f217cc6775674247871931fed0993c14&fit=true' successfully

11-11-2024T12:42:40 - [TEST_STEP][PASSED] - delay(65): Delayed 65 second(s)

11-11-2024T12:43:45 - [MESSAGE][PASSED] - Delayed 65 second(s)

11-11-2024T12:43:45 - [TEST_STEP][PASSED] - urlText = getText(findTestObject("Страница авторизации/Text")): Text of object 'Object Repository/Страница авторизации/Text' is: 'ДЗО 
Все
Период
Выбрано: 9
Отпуск из сети
Факт
2022 год
2023 год
2024 год
0
50 000
100 000
150 000
200 000
250 000
300 000
350 000
400 000
450 000
500 000
550 000
600 000
650 000
577 112 226
582 175 559
174 962 090
●● Отклонения, тыс. кВт⋅ч
тыс. кВт⋅ч
Отклонения по отпуску из сети
5 063 3325 063 332
-407 213 468-407 213 468
2022/2023
2023/2024
-500 000 000
-400 000 000
-300 000 000
-200 000 000
-100 000 000
0
100 000 000
●● Отклонения, %
%
Отклонения по отпуску из сети
0.880.88
-69.95-69.95
2022/2023
2023/2024
-80
-60
-40
-20
0
20
тыс. кВт⋅ч
Фактические данные по отпуску из сети'

11-11-2024T12:43:45 - [MESSAGE][PASSED] - Text of object 'Object Repository/Страница авторизации/Text' is: 'ДЗО 
Все
Период
Выбрано: 9
Отпуск из сети
Факт
2022 год
2023 год
2024 год
0
50 000
100 000
150 000
200 000
250 000
300 000
350 000
400 000
450 000
500 000
550 000
600 000
650 000
577 112 226
582 175 559
174 962 090
●● Отклонения, тыс. кВт⋅ч
тыс. кВт⋅ч
Отклонения по отпуску из сети
5 063 3325 063 332
-407 213 468-407 213 468
2022/2023
2023/2024
-500 000 000
-400 000 000
-300 000 000
-200 000 000
-100 000 000
0
100 000 000
●● Отклонения, %
%
Отклонения по отпуску из сети
0.880.88
-69.95-69.95
2022/2023
2023/2024
-80
-60
-40
-20
0
20
тыс. кВт⋅ч
Фактические данные по отпуску из сети'

11-11-2024T12:43:45 - [TEST_STEP][PASSED] - i = i + 1: null

11-11-2024T12:43:45 - [TEST_STEP][PASSED] - refresh(): Refresh successfully

11-11-2024T12:43:46 - [MESSAGE][PASSED] - Refresh successfully

11-11-2024T12:43:46 - [TEST_STEP][PASSED] - delay(65): Delayed 65 second(s)

11-11-2024T12:44:51 - [MESSAGE][PASSED] - Delayed 65 second(s)

11-11-2024T12:44:51 - [TEST_STEP][PASSED] - navigateToUrl(findTestData("PlanFact").getValue(10, urlData)): Navigate to 'https://bi.rosseti.digital/viewer?dashboardGuid=d154a8eaf6824e2b9de1bb04dd061c18&sheetGuid=f217cc6775674247871931fed0993c14&fit=true' successfully

11-11-2024T12:44:52 - [MESSAGE][PASSED] - Navigate to 'https://bi.rosseti.digital/viewer?dashboardGuid=d154a8eaf6824e2b9de1bb04dd061c18&sheetGuid=f217cc6775674247871931fed0993c14&fit=true' successfully

11-11-2024T12:44:52 - [TEST_STEP][PASSED] - delay(65): Delayed 65 second(s)

11-11-2024T12:45:57 - [MESSAGE][PASSED] - Delayed 65 second(s)

11-11-2024T12:45:57 - [TEST_STEP][PASSED] - urlText = getText(findTestObject("Страница авторизации/Text")): Text of object 'Object Repository/Страница авторизации/Text' is: 'ДЗО 
Все
Период
Выбрано: 9
Отпуск из сети
Факт
2022 год
2023 год
2024 год
0
50 000
100 000
150 000
200 000
250 000
300 000
350 000
400 000
450 000
500 000
550 000
600 000
650 000
577 112 226
582 175 559
174 962 090
●● Отклонения, тыс. кВт⋅ч
тыс. кВт⋅ч
Отклонения по отпуску из сети
5 063 3325 063 332
-407 213 468-407 213 468
2022/2023
2023/2024
-500 000 000
-400 000 000
-300 000 000
-200 000 000
-100 000 000
0
100 000 000
●● Отклонения, %
%
Отклонения по отпуску из сети
0.880.88
-69.95-69.95
2022/2023
2023/2024
-80
-60
-40
-20
0
20
тыс. кВт⋅ч
Фактические данные по отпуску из сети'

11-11-2024T12:45:57 - [MESSAGE][PASSED] - Text of object 'Object Repository/Страница авторизации/Text' is: 'ДЗО 
Все
Период
Выбрано: 9
Отпуск из сети
Факт
2022 год
2023 год
2024 год
0
50 000
100 000
150 000
200 000
250 000
300 000
350 000
400 000
450 000
500 000
550 000
600 000
650 000
577 112 226
582 175 559
174 962 090
●● Отклонения, тыс. кВт⋅ч
тыс. кВт⋅ч
Отклонения по отпуску из сети
5 063 3325 063 332
-407 213 468-407 213 468
2022/2023
2023/2024
-500 000 000
-400 000 000
-300 000 000
-200 000 000
-100 000 000
0
100 000 000
●● Отклонения, %
%
Отклонения по отпуску из сети
0.880.88
-69.95-69.95
2022/2023
2023/2024
-80
-60
-40
-20
0
20
тыс. кВт⋅ч
Фактические данные по отпуску из сети'

11-11-2024T12:45:57 - [TEST_STEP][PASSED] - i = i + 1: null

11-11-2024T12:45:57 - [TEST_STEP][PASSED] - refresh(): Refresh successfully

11-11-2024T12:45:58 - [MESSAGE][PASSED] - Refresh successfully

11-11-2024T12:45:58 - [TEST_STEP][PASSED] - delay(65): Delayed 65 second(s)

11-11-2024T12:47:03 - [MESSAGE][PASSED] - Delayed 65 second(s)

11-11-2024T12:47:03 - [TEST_STEP][PASSED] - navigateToUrl(findTestData("PlanFact").getValue(10, urlData)): Navigate to 'https://bi.rosseti.digital/viewer?dashboardGuid=d154a8eaf6824e2b9de1bb04dd061c18&sheetGuid=f217cc6775674247871931fed0993c14&fit=true' successfully

11-11-2024T12:47:04 - [MESSAGE][PASSED] - Navigate to 'https://bi.rosseti.digital/viewer?dashboardGuid=d154a8eaf6824e2b9de1bb04dd061c18&sheetGuid=f217cc6775674247871931fed0993c14&fit=true' successfully

11-11-2024T12:47:04 - [TEST_STEP][PASSED] - delay(65): Delayed 65 second(s)

11-11-2024T12:48:09 - [MESSAGE][PASSED] - Delayed 65 second(s)

11-11-2024T12:48:09 - [TEST_STEP][PASSED] - urlText = getText(findTestObject("Страница авторизации/Text")): Text of object 'Object Repository/Страница авторизации/Text' is: 'ДЗО 
Все
Период
Выбрано: 9
Отпуск из сети
Факт
2022 год
2023 год
2024 год
0
50 000
100 000
150 000
200 000
250 000
300 000
350 000
400 000
450 000
500 000
550 000
600 000
650 000
577 112 226
582 175 559
174 962 090
●● Отклонения, тыс. кВт⋅ч
тыс. кВт⋅ч
Отклонения по отпуску из сети
5 063 3325 063 332
-407 213 468-407 213 468
2022/2023
2023/2024
-500 000 000
-400 000 000
-300 000 000
-200 000 000
-100 000 000
0
100 000 000
●● Отклонения, %
%
Отклонения по отпуску из сети
0.880.88
-69.95-69.95
2022/2023
2023/2024
-80
-60
-40
-20
0
20
тыс. кВт⋅ч
Фактические данные по отпуску из сети'

11-11-2024T12:48:09 - [MESSAGE][PASSED] - Text of object 'Object Repository/Страница авторизации/Text' is: 'ДЗО 
Все
Период
Выбрано: 9
Отпуск из сети
Факт
2022 год
2023 год
2024 год
0
50 000
100 000
150 000
200 000
250 000
300 000
350 000
400 000
450 000
500 000
550 000
600 000
650 000
577 112 226
582 175 559
174 962 090
●● Отклонения, тыс. кВт⋅ч
тыс. кВт⋅ч
Отклонения по отпуску из сети
5 063 3325 063 332
-407 213 468-407 213 468
2022/2023
2023/2024
-500 000 000
-400 000 000
-300 000 000
-200 000 000
-100 000 000
0
100 000 000
●● Отклонения, %
%
Отклонения по отпуску из сети
0.880.88
-69.95-69.95
2022/2023
2023/2024
-80
-60
-40
-20
0
20
тыс. кВт⋅ч
Фактические данные по отпуску из сети'

11-11-2024T12:48:09 - [TEST_STEP][PASSED] - i = i + 1: null

11-11-2024T12:48:09 - [TEST_STEP][PASSED] - refresh(): Refresh successfully

11-11-2024T12:48:10 - [MESSAGE][PASSED] - Refresh successfully

11-11-2024T12:48:10 - [TEST_STEP][PASSED] - delay(65): Delayed 65 second(s)

11-11-2024T12:49:15 - [MESSAGE][PASSED] - Delayed 65 second(s)

11-11-2024T12:49:15 - [TEST_STEP][PASSED] - navigateToUrl(findTestData("PlanFact").getValue(10, urlData)): Navigate to 'https://bi.rosseti.digital/viewer?dashboardGuid=d154a8eaf6824e2b9de1bb04dd061c18&sheetGuid=f217cc6775674247871931fed0993c14&fit=true' successfully

11-11-2024T12:49:16 - [MESSAGE][PASSED] - Navigate to 'https://bi.rosseti.digital/viewer?dashboardGuid=d154a8eaf6824e2b9de1bb04dd061c18&sheetGuid=f217cc6775674247871931fed0993c14&fit=true' successfully

11-11-2024T12:49:16 - [TEST_STEP][PASSED] - delay(65): Delayed 65 second(s)

11-11-2024T12:50:21 - [MESSAGE][PASSED] - Delayed 65 second(s)

11-11-2024T12:50:21 - [TEST_STEP][PASSED] - urlText = getText(findTestObject("Страница авторизации/Text")): Text of object 'Object Repository/Страница авторизации/Text' is: 'ДЗО 
Все
Период
Выбрано: 9
Отпуск из сети
Факт
2022 год
2023 год
2024 год
0
50 000
100 000
150 000
200 000
250 000
300 000
350 000
400 000
450 000
500 000
550 000
600 000
650 000
577 112 226
582 175 559
174 962 090
●● Отклонения, тыс. кВт⋅ч
тыс. кВт⋅ч
Отклонения по отпуску из сети
5 063 3325 063 332
-407 213 468-407 213 468
2022/2023
2023/2024
-500 000 000
-400 000 000
-300 000 000
-200 000 000
-100 000 000
0
100 000 000
●● Отклонения, %
%
Отклонения по отпуску из сети
0.880.88
-69.95-69.95
2022/2023
2023/2024
-80
-60
-40
-20
0
20
Фактические данные по отпуску из сети'

11-11-2024T12:50:51 - [MESSAGE][PASSED] - Text of object 'Object Repository/Страница авторизации/Text' is: 'ДЗО 
Все
Период
Выбрано: 9
Отпуск из сети
Факт
2022 год
2023 год
2024 год
0
50 000
100 000
150 000
200 000
250 000
300 000
350 000
400 000
450 000
500 000
550 000
600 000
650 000
577 112 226
582 175 559
174 962 090
●● Отклонения, тыс. кВт⋅ч
тыс. кВт⋅ч
Отклонения по отпуску из сети
5 063 3325 063 332
-407 213 468-407 213 468
2022/2023
2023/2024
-500 000 000
-400 000 000
-300 000 000
-200 000 000
-100 000 000
0
100 000 000
●● Отклонения, %
%
Отклонения по отпуску из сети
0.880.88
-69.95-69.95
2022/2023
2023/2024
-80
-60
-40
-20
0
20
Фактические данные по отпуску из сети'

11-11-2024T12:50:51 - [TEST_STEP][PASSED] - i = i + 1: null

11-11-2024T12:50:51 - [TEST_STEP][PASSED] - refresh(): Refresh successfully

11-11-2024T12:50:52 - [MESSAGE][PASSED] - Refresh successfully

11-11-2024T12:50:52 - [TEST_STEP][PASSED] - delay(65): Delayed 65 second(s)

11-11-2024T12:51:57 - [MESSAGE][PASSED] - Delayed 65 second(s)

11-11-2024T12:51:57 - [TEST_STEP][PASSED] - navigateToUrl(findTestData("PlanFact").getValue(10, urlData)): Navigate to 'https://bi.rosseti.digital/viewer?dashboardGuid=d154a8eaf6824e2b9de1bb04dd061c18&sheetGuid=f217cc6775674247871931fed0993c14&fit=true' successfully

11-11-2024T12:51:57 - [MESSAGE][PASSED] - Navigate to 'https://bi.rosseti.digital/viewer?dashboardGuid=d154a8eaf6824e2b9de1bb04dd061c18&sheetGuid=f217cc6775674247871931fed0993c14&fit=true' successfully

11-11-2024T12:51:57 - [TEST_STEP][PASSED] - delay(65): Delayed 65 second(s)

11-11-2024T12:53:02 - [MESSAGE][PASSED] - Delayed 65 second(s)

11-11-2024T12:53:02 - [TEST_STEP][PASSED] - urlText = getText(findTestObject("Страница авторизации/Text")): Text of object 'Object Repository/Страница авторизации/Text' is: 'ДЗО 
Все
Период
Выбрано: 9
Отпуск из сети
Факт
2022 год
2023 год
2024 год
0
50 000
100 000
150 000
200 000
250 000
300 000
350 000
400 000
450 000
500 000
550 000
600 000
650 000
577 112 226
582 175 559
174 962 090
●● Отклонения, тыс. кВт⋅ч
тыс. кВт⋅ч
Отклонения по отпуску из сети
5 063 3325 063 332
-407 213 468-407 213 468
2022/2023
2023/2024
-500 000 000
-400 000 000
-300 000 000
-200 000 000
-100 000 000
0
100 000 000
●● Отклонения, %
%
Отклонения по отпуску из сети
0.880.88
-69.95-69.95
2022/2023
2023/2024
-80
-60
-40
-20
0
20
тыс. кВт⋅ч
Фактические данные по отпуску из сети'

11-11-2024T12:53:03 - [MESSAGE][PASSED] - Text of object 'Object Repository/Страница авторизации/Text' is: 'ДЗО 
Все
Период
Выбрано: 9
Отпуск из сети
Факт
2022 год
2023 год
2024 год
0
50 000
100 000
150 000
200 000
250 000
300 000
350 000
400 000
450 000
500 000
550 000
600 000
650 000
577 112 226
582 175 559
174 962 090
●● Отклонения, тыс. кВт⋅ч
тыс. кВт⋅ч
Отклонения по отпуску из сети
5 063 3325 063 332
-407 213 468-407 213 468
2022/2023
2023/2024
-500 000 000
-400 000 000
-300 000 000
-200 000 000
-100 000 000
0
100 000 000
●● Отклонения, %
%
Отклонения по отпуску из сети
0.880.88
-69.95-69.95
2022/2023
2023/2024
-80
-60
-40
-20
0
20
тыс. кВт⋅ч
Фактические данные по отпуску из сети'

11-11-2024T12:53:03 - [TEST_STEP][PASSED] - a6 = "": null

11-11-2024T12:53:03 - [TEST_STEP][PASSED] - a7 = "": null

11-11-2024T12:53:03 - [TEST_STEP][PASSED] - a8 = "": null

11-11-2024T12:53:03 - [TEST_STEP][PASSED] - a9 = "": null

11-11-2024T12:53:03 - [TEST_STEP][PASSED] - if (run == 1): null

11-11-2024T12:53:03 - [TEST_STEP][PASSED] - if (run == 2): null

11-11-2024T12:53:03 - [TEST_STEP][PASSED] - if (run == 3): null

11-11-2024T12:53:03 - [TEST_STEP][PASSED] - user = "Попова": null

11-11-2024T12:53:03 - [TEST_STEP][PASSED] - a1 = getText(findTestObject("Отпуск из сети/span1")): Text of object 'Object Repository/Отпуск из сети/span1' is: '577 112 226'

11-11-2024T12:53:03 - [MESSAGE][PASSED] - Text of object 'Object Repository/Отпуск из сети/span1' is: '577 112 226'

11-11-2024T12:53:03 - [TEST_STEP][PASSED] - a2 = getText(findTestObject("Отпуск из сети/span2")): Text of object 'Object Repository/Отпуск из сети/span2' is: '582 175 559'

11-11-2024T12:53:04 - [MESSAGE][PASSED] - Text of object 'Object Repository/Отпуск из сети/span2' is: '582 175 559'

11-11-2024T12:53:04 - [TEST_STEP][PASSED] - a3 = getText(findTestObject("Отпуск из сети/span3")): Text of object 'Object Repository/Отпуск из сети/span3' is: '174 962 090'

11-11-2024T12:53:04 - [MESSAGE][PASSED] - Text of object 'Object Repository/Отпуск из сети/span3' is: '174 962 090'

11-11-2024T12:53:04 - [TEST_STEP][PASSED] - a4 = getText(findTestObject("Отпуск из сети/График1")): Text of object 'Object Repository/Отпуск из сети/График1' is: '●● Отклонения, тыс. кВт⋅ч
тыс. кВт⋅ч
Отклонения по отпуску из сети
5 063 3325 063 332
-407 213 468-407 213 468
2022/2023
2023/2024
-500 000 000
-400 000 000
-300 000 000
-200 000 000
-100 000 000
0
100 000 000'

11-11-2024T12:53:04 - [MESSAGE][PASSED] - Text of object 'Object Repository/Отпуск из сети/График1' is: '●● Отклонения, тыс. кВт⋅ч
тыс. кВт⋅ч
Отклонения по отпуску из сети
5 063 3325 063 332
-407 213 468-407 213 468
2022/2023
2023/2024
-500 000 000
-400 000 000
-300 000 000
-200 000 000
-100 000 000
0
100 000 000'

11-11-2024T12:53:04 - [TEST_STEP][PASSED] - a5 = getText(findTestObject("Отпуск из сети/График2")): Text of object 'Object Repository/Отпуск из сети/График2' is: '●● Отклонения, %
%
Отклонения по отпуску из сети
0.880.88
-69.95-69.95
2022/2023
2023/2024
-80
-60
-40
-20
0
20'

11-11-2024T12:53:05 - [MESSAGE][PASSED] - Text of object 'Object Repository/Отпуск из сети/График2' is: '●● Отклонения, %
%
Отклонения по отпуску из сети
0.880.88
-69.95-69.95
2022/2023
2023/2024
-80
-60
-40
-20
0
20'

11-11-2024T12:53:05 - [TEST_STEP][PASSED] - n = n + 11: null

11-11-2024T12:53:05 - [TEST_STEP][PASSED] - b = n - run + 1: null

11-11-2024T12:53:05 - [TEST_STEP][PASSED] - verifyEqual(findTestData("PlanFact").getValue(2, b), a1): Actual object '577 112 226' and expected object '577 112 226' are equal

11-11-2024T12:53:05 - [MESSAGE][PASSED] - Actual object '577 112 226' and expected object '577 112 226' are equal

11-11-2024T12:53:05 - [TEST_STEP][PASSED] - verifyEqual(findTestData("PlanFact").getValue(3, b), a2): Actual object '582 175 559' and expected object '582 175 559' are equal

11-11-2024T12:53:05 - [MESSAGE][PASSED] - Actual object '582 175 559' and expected object '582 175 559' are equal

11-11-2024T12:53:05 - [TEST_STEP][PASSED] - verifyEqual(findTestData("PlanFact").getValue(4, b), a3): Actual object '174 962 090' and expected object '174 962 090' are equal

11-11-2024T12:53:05 - [MESSAGE][PASSED] - Actual object '174 962 090' and expected object '174 962 090' are equal

11-11-2024T12:53:05 - [TEST_STEP][PASSED] - verifyEqual(findTestData("PlanFact").getValue(5, b), a4): Actual object '●● Отклонения, тыс. кВт⋅ч
тыс. кВт⋅ч
Отклонения по отпуску из сети
5 063 3325 063 332
-407 213 468-407 213 468
2022/2023
2023/2024
-500 000 000
-400 000 000
-300 000 000
-200 000 000
-100 000 000
0
100 000 000' and expected object '●● Отклонения, тыс. кВт⋅ч
тыс. кВт⋅ч
Отклонения по отпуску из сети
5 063 3325 063 332
-407 213 468-407 213 468
2022/2023
2023/2024
-500 000 000
-400 000 000
-300 000 000
-200 000 000
-100 000 000
0
100 000 000' are equal

11-11-2024T12:53:05 - [MESSAGE][PASSED] - Actual object '●● Отклонения, тыс. кВт⋅ч
тыс. кВт⋅ч
Отклонения по отпуску из сети
5 063 3325 063 332
-407 213 468-407 213 468
2022/2023
2023/2024
-500 000 000
-400 000 000
-300 000 000
-200 000 000
-100 000 000
0
100 000 000' and expected object '●● Отклонения, тыс. кВт⋅ч
тыс. кВт⋅ч
Отклонения по отпуску из сети
5 063 3325 063 332
-407 213 468-407 213 468
2022/2023
2023/2024
-500 000 000
-400 000 000
-300 000 000
-200 000 000
-100 000 000
0
100 000 000' are equal

11-11-2024T12:53:05 - [TEST_STEP][PASSED] - verifyEqual(findTestData("PlanFact").getValue(6, b), a5): Actual object '●● Отклонения, %
%
Отклонения по отпуску из сети
0.880.88
-69.95-69.95
2022/2023
2023/2024
-80
-60
-40
-20
0
20' and expected object '●● Отклонения, %
%
Отклонения по отпуску из сети
0.880.88
-69.95-69.95
2022/2023
2023/2024
-80
-60
-40
-20
0
20' are equal

11-11-2024T12:53:05 - [MESSAGE][PASSED] - Actual object '●● Отклонения, %
%
Отклонения по отпуску из сети
0.880.88
-69.95-69.95
2022/2023
2023/2024
-80
-60
-40
-20
0
20' and expected object '●● Отклонения, %
%
Отклонения по отпуску из сети
0.880.88
-69.95-69.95
2022/2023
2023/2024
-80
-60
-40
-20
0
20' are equal

11-11-2024T12:53:05 - [TEST_STEP][PASSED] - Script1686231490255.WriteToExcel(user, dashboardName, n, data, run, a1, a2, a3, a4, a5, a6, a7, a8, a9): null

11-11-2024T12:53:05 - [TEST_STEP][PASSED] - sheetName = "Sheet1": null

11-11-2024T12:53:05 - [TEST_STEP][PASSED] - workbook01 = getWorkbook(excelFilePath): null

11-11-2024T12:53:05 - [TEST_STEP][PASSED] - sheet01 = getExcelSheet(workbook01, sheetName): null

11-11-2024T12:53:05 - [TEST_STEP][PASSED] - setValueToCellByIndex(sheet01, n, 0, dashboardName): null

11-11-2024T12:53:05 - [TEST_STEP][PASSED] - setValueToCellByIndex(sheet01, n, 10, user): null

11-11-2024T12:53:05 - [TEST_STEP][PASSED] - setValueToCellByIndex(sheet01, n, 1, a1): null

11-11-2024T12:53:05 - [TEST_STEP][PASSED] - setValueToCellByIndex(sheet01, n, 2, a2): null

11-11-2024T12:53:05 - [TEST_STEP][PASSED] - setValueToCellByIndex(sheet01, n, 3, a3): null

11-11-2024T12:53:05 - [TEST_STEP][PASSED] - setValueToCellByIndex(sheet01, n, 4, a4): null

11-11-2024T12:53:05 - [TEST_STEP][PASSED] - setValueToCellByIndex(sheet01, n, 5, a5): null

11-11-2024T12:53:05 - [TEST_STEP][PASSED] - setValueToCellByIndex(sheet01, n, 6, a6): null

11-11-2024T12:53:05 - [TEST_STEP][PASSED] - setValueToCellByIndex(sheet01, n, 7, a7): null

11-11-2024T12:53:05 - [TEST_STEP][PASSED] - setValueToCellByIndex(sheet01, n, 8, a8): null

11-11-2024T12:53:05 - [TEST_STEP][PASSED] - setValueToCellByIndex(sheet01, n, 9, a9): null

11-11-2024T12:53:05 - [TEST_STEP][PASSED] - n = n + 1: null

11-11-2024T12:53:05 - [TEST_STEP][PASSED] - saveWorkbook(excelFilePath, workbook01): null

11-11-2024T12:53:05 - [TEST_STEP][PASSED] - closeBrowser(): Browser is closed

11-11-2024T12:53:05 - [MESSAGE][PASSED] - Browser is closed

11-11-2024T12:53:05 - [TEST_STEP][PASSED] - delay(65): Delayed 65 second(s)

11-11-2024T12:54:10 - [MESSAGE][PASSED] - Delayed 65 second(s)

11-11-2024T12:54:10 - [TEST_STEP][PASSED] - for ([run = 1, run < 4, (run++)]): null

11-11-2024T12:54:10 - [TEST_STEP][PASSED] - OtpuskVSet(user, dashboardName, n, data, run, a1, a2, a3, a4, a5, a6, a7, a8, a9, urlData): null

11-11-2024T12:54:10 - [TEST_STEP][PASSED] - n = data.getRowNumbers() + 1: null

11-11-2024T12:54:10 - [TEST_STEP][PASSED] - println(n): null

11-11-2024T12:54:10 - [TEST_STEP][PASSED] - dashboardName = "Отпуск в сеть": null

11-11-2024T12:54:10 - [TEST_STEP][PASSED] - openBrowser(""): Browser is opened with url: ''

11-11-2024T12:54:10 - [MESSAGE][INFO] - Starting 'Chrome' driver

11-11-2024T12:54:10 - [MESSAGE][INFO] - Action delay is set to 0 milliseconds

11-11-2024T12:54:12 - [MESSAGE][PASSED] - Browser is opened with url: ''

11-11-2024T12:54:12 - [TEST_STEP][PASSED] - urlData = 16: null

11-11-2024T12:54:12 - [TEST_STEP][PASSED] - Script1686231490255.CheckPageDownload(urlData, run): null

11-11-2024T12:54:12 - [TEST_STEP][PASSED] - i = 1: null

11-11-2024T12:54:12 - [TEST_STEP][PASSED] - ii = 0: null

11-11-2024T12:54:12 - [TEST_STEP][PASSED] - urlText = <not implemented yet for class: org.codehaus.groovy.ast.expr.EmptyExpression>: null

11-11-2024T12:54:12 - [TEST_STEP][PASSED] - searchWord = <not implemented yet for class: org.codehaus.groovy.ast.expr.EmptyExpression>: null

11-11-2024T12:54:12 - [TEST_STEP][PASSED] - deleteAllCookies(): Delete all cookies successfully

11-11-2024T12:54:12 - [MESSAGE][PASSED] - Delete all cookies successfully

11-11-2024T12:54:12 - [TEST_STEP][PASSED] - refresh(): Refresh successfully

11-11-2024T12:54:12 - [MESSAGE][PASSED] - Refresh successfully

11-11-2024T12:54:12 - [TEST_STEP][PASSED] - delay(65): Delayed 65 second(s)

11-11-2024T12:55:17 - [MESSAGE][PASSED] - Delayed 65 second(s)

11-11-2024T12:55:17 - [TEST_STEP][PASSED] - navigateToUrl(findTestData("PlanFact").getValue(10, urlData)): Navigate to 'https://bi.rosseti.digital/viewer?dashboardGuid=d154a8eaf6824e2b9de1bb04dd061c18&sheetGuid=33f591ea3cbf498897e314a4cd5a9f29&fit=true' successfully

11-11-2024T12:55:21 - [MESSAGE][PASSED] - Navigate to 'https://bi.rosseti.digital/viewer?dashboardGuid=d154a8eaf6824e2b9de1bb04dd061c18&sheetGuid=33f591ea3cbf498897e314a4cd5a9f29&fit=true' successfully

11-11-2024T12:55:21 - [TEST_STEP][PASSED] - pageLoaded1 = verifyElementPresent(findTestObject("Страница авторизации/Text"), 30): Object 'Object Repository/Страница авторизации/Text' is present

11-11-2024T12:55:24 - [MESSAGE][PASSED] - Object 'Object Repository/Страница авторизации/Text' is present

11-11-2024T12:55:24 - [TEST_STEP][PASSED] - if (pageLoaded1 == false): null

11-11-2024T12:55:24 - [TEST_STEP][PASSED] - urlText = getText(findTestObject("Страница авторизации/Text")): Text of object 'Object Repository/Страница авторизации/Text' is: 'Вход'

11-11-2024T12:55:24 - [MESSAGE][PASSED] - Text of object 'Object Repository/Страница авторизации/Text' is: 'Вход'

11-11-2024T12:55:24 - [TEST_STEP][PASSED] - delay(65): Delayed 65 second(s)

11-11-2024T12:56:29 - [MESSAGE][PASSED] - Delayed 65 second(s)

11-11-2024T12:56:29 - [TEST_STEP][PASSED] - searchWord = "Вход": null

11-11-2024T12:56:29 - [TEST_STEP][PASSED] - if (urlText.contains(searchWord) == false): null

11-11-2024T12:56:29 - [TEST_STEP][PASSED] - setText(findTestObject("Страница авторизации/input__username"), findTestData("PlanFact").getValue(8, run)): Text 'liazgina-di' is set on object 'Object Repository/Страница авторизации/input__username'

11-11-2024T12:56:30 - [MESSAGE][PASSED] - Text 'liazgina-di' is set on object 'Object Repository/Страница авторизации/input__username'

11-11-2024T12:56:30 - [TEST_STEP][PASSED] - setText(findTestObject("Страница авторизации/input__password"), findTestData("PlanFact").getValue(9, run)): Text ')$%5srZ8o688Dm#q' is set on object 'Object Repository/Страница авторизации/input__password'

11-11-2024T12:56:31 - [MESSAGE][PASSED] - Text ')$%5srZ8o688Dm#q' is set on object 'Object Repository/Страница авторизации/input__password'

11-11-2024T12:56:31 - [TEST_STEP][PASSED] - click(findTestObject("Страница авторизации/button_")): Object: 'Object Repository/Страница авторизации/button_' is clicked on

11-11-2024T12:56:34 - [MESSAGE][PASSED] - Object: 'Object Repository/Страница авторизации/button_' is clicked on

11-11-2024T12:56:34 - [TEST_STEP][PASSED] - delay(65): Delayed 65 second(s)

11-11-2024T12:57:39 - [MESSAGE][PASSED] - Delayed 65 second(s)

11-11-2024T12:57:39 - [TEST_STEP][PASSED] - searchWord = "а": null

11-11-2024T12:57:39 - [TEST_STEP][PASSED] - pageLoaded2 = verifyElementPresent(findTestObject("Страница авторизации/Text"), 50): Object 'Object Repository/Страница авторизации/Text' is present

11-11-2024T12:57:39 - [MESSAGE][PASSED] - Object 'Object Repository/Страница авторизации/Text' is present

11-11-2024T12:57:39 - [TEST_STEP][PASSED] - if (pageLoaded2 == false): null

11-11-2024T12:57:39 - [TEST_STEP][PASSED] - urlText = getText(findTestObject("Страница авторизации/Text")): Text of object 'Object Repository/Страница авторизации/Text' is: 'ДЗО 
Все
Период
Выбрано: 9
тыс. кВт⋅ч
Отпуск в сеть
Факт
2022 год
2023 год
2024 год
0
50 000
100 000
150 000
200 000
250 000
300 000
350 000
400 000
450 000
500 000
550 000
600 000
650 000
700 000
628 292 786
634 576 275
192 146 383
●● Отклонения, %
%
Отклонения по отпуску в сеть
1.001.00
-69.72-69.72
2022/2023
2023/2024
-80
-60
-40
-20
0
20
●● Отклонения, тыс. кВт⋅ч
тыс. кВт⋅ч
Отклонения по отпуску в сеть
6 283 4896 283 489
-442 429 892-442 429 892
2022/2023
2023/2024
-500 000 000
-400 000 000
-300 000 000
-200 000 000
-100 000 000
0
100 000 000
Фактические данные по отпуску в сеть'

11-11-2024T12:57:40 - [MESSAGE][PASSED] - Text of object 'Object Repository/Страница авторизации/Text' is: 'ДЗО 
Все
Период
Выбрано: 9
тыс. кВт⋅ч
Отпуск в сеть
Факт
2022 год
2023 год
2024 год
0
50 000
100 000
150 000
200 000
250 000
300 000
350 000
400 000
450 000
500 000
550 000
600 000
650 000
700 000
628 292 786
634 576 275
192 146 383
●● Отклонения, %
%
Отклонения по отпуску в сеть
1.001.00
-69.72-69.72
2022/2023
2023/2024
-80
-60
-40
-20
0
20
●● Отклонения, тыс. кВт⋅ч
тыс. кВт⋅ч
Отклонения по отпуску в сеть
6 283 4896 283 489
-442 429 892-442 429 892
2022/2023
2023/2024
-500 000 000
-400 000 000
-300 000 000
-200 000 000
-100 000 000
0
100 000 000
Фактические данные по отпуску в сеть'

11-11-2024T12:57:40 - [TEST_STEP][PASSED] - if (urlText.contains("ошибка") || urlText.contains(searchWord) == false): null

11-11-2024T12:57:40 - [TEST_STEP][PASSED] - a5 = "": null

11-11-2024T12:57:40 - [TEST_STEP][PASSED] - a6 = "": null

11-11-2024T12:57:40 - [TEST_STEP][PASSED] - a7 = "": null

11-11-2024T12:57:40 - [TEST_STEP][PASSED] - a8 = "": null

11-11-2024T12:57:40 - [TEST_STEP][PASSED] - a9 = "": null

11-11-2024T12:57:40 - [TEST_STEP][PASSED] - if (run == 1): null

11-11-2024T12:57:40 - [TEST_STEP][PASSED] - user = "админ": null

11-11-2024T12:57:40 - [TEST_STEP][PASSED] - a1 = getText(findTestObject("Отпуск в сеть/span1")): Text of object 'Object Repository/Отпуск в сеть/span1' is: '628 292 786'

11-11-2024T12:57:40 - [MESSAGE][PASSED] - Text of object 'Object Repository/Отпуск в сеть/span1' is: '628 292 786'

11-11-2024T12:57:40 - [TEST_STEP][PASSED] - a2 = getText(findTestObject("Отпуск в сеть/span2")): Text of object 'Object Repository/Отпуск в сеть/span2' is: '634 576 275'

11-11-2024T12:57:41 - [MESSAGE][PASSED] - Text of object 'Object Repository/Отпуск в сеть/span2' is: '634 576 275'

11-11-2024T12:57:41 - [TEST_STEP][PASSED] - a3 = getText(findTestObject("Отпуск в сеть/График1")): Text of object 'Object Repository/Отпуск в сеть/График1' is: '●● Отклонения, тыс. кВт⋅ч
тыс. кВт⋅ч
Отклонения по отпуску в сеть
6 283 4896 283 489
-442 429 892-442 429 892
2022/2023
2023/2024
-500 000 000
-400 000 000
-300 000 000
-200 000 000
-100 000 000
0
100 000 000'

11-11-2024T12:57:41 - [MESSAGE][PASSED] - Text of object 'Object Repository/Отпуск в сеть/График1' is: '●● Отклонения, тыс. кВт⋅ч
тыс. кВт⋅ч
Отклонения по отпуску в сеть
6 283 4896 283 489
-442 429 892-442 429 892
2022/2023
2023/2024
-500 000 000
-400 000 000
-300 000 000
-200 000 000
-100 000 000
0
100 000 000'

11-11-2024T12:57:41 - [TEST_STEP][PASSED] - a4 = getText(findTestObject("Отпуск в сеть/График2")): Text of object 'Object Repository/Отпуск в сеть/График2' is: '●● Отклонения, %
%
Отклонения по отпуску в сеть
1.001.00
-69.72-69.72
2022/2023
2023/2024
-80
-60
-40
-20
0
20'

11-11-2024T12:57:41 - [MESSAGE][PASSED] - Text of object 'Object Repository/Отпуск в сеть/График2' is: '●● Отклонения, %
%
Отклонения по отпуску в сеть
1.001.00
-69.72-69.72
2022/2023
2023/2024
-80
-60
-40
-20
0
20'

11-11-2024T12:57:41 - [TEST_STEP][PASSED] - n = n + 12: null

11-11-2024T12:57:41 - [TEST_STEP][PASSED] - Script1686231490255.WriteToExcel(user, dashboardName, n, data, run, a1, a2, a3, a4, a5, a6, a7, a8, a9): null

11-11-2024T12:57:41 - [TEST_STEP][PASSED] - sheetName = "Sheet1": null

11-11-2024T12:57:41 - [TEST_STEP][PASSED] - workbook01 = getWorkbook(excelFilePath): null

11-11-2024T12:57:41 - [TEST_STEP][PASSED] - sheet01 = getExcelSheet(workbook01, sheetName): null

11-11-2024T12:57:41 - [TEST_STEP][PASSED] - setValueToCellByIndex(sheet01, n, 0, dashboardName): null

11-11-2024T12:57:41 - [TEST_STEP][PASSED] - setValueToCellByIndex(sheet01, n, 10, user): null

11-11-2024T12:57:41 - [TEST_STEP][PASSED] - setValueToCellByIndex(sheet01, n, 1, a1): null

11-11-2024T12:57:41 - [TEST_STEP][PASSED] - setValueToCellByIndex(sheet01, n, 2, a2): null

11-11-2024T12:57:41 - [TEST_STEP][PASSED] - setValueToCellByIndex(sheet01, n, 3, a3): null

11-11-2024T12:57:41 - [TEST_STEP][PASSED] - setValueToCellByIndex(sheet01, n, 4, a4): null

11-11-2024T12:57:41 - [TEST_STEP][PASSED] - setValueToCellByIndex(sheet01, n, 5, a5): null

11-11-2024T12:57:41 - [TEST_STEP][PASSED] - setValueToCellByIndex(sheet01, n, 6, a6): null

11-11-2024T12:57:41 - [TEST_STEP][PASSED] - setValueToCellByIndex(sheet01, n, 7, a7): null

11-11-2024T12:57:41 - [TEST_STEP][PASSED] - setValueToCellByIndex(sheet01, n, 8, a8): null

11-11-2024T12:57:41 - [TEST_STEP][PASSED] - setValueToCellByIndex(sheet01, n, 9, a9): null

11-11-2024T12:57:41 - [TEST_STEP][PASSED] - n = n + 1: null

11-11-2024T12:57:41 - [TEST_STEP][PASSED] - saveWorkbook(excelFilePath, workbook01): null

11-11-2024T12:57:42 - [TEST_STEP][PASSED] - if (run == 2): null

11-11-2024T12:57:42 - [TEST_STEP][PASSED] - if (run == 3): null

11-11-2024T12:57:42 - [TEST_STEP][PASSED] - closeBrowser(): null

11-11-2024T12:57:42 - [MESSAGE][PASSED] - Browser is closed

11-11-2024T12:57:42 - [TEST_STEP][PASSED] - OtpuskVSet(user, dashboardName, n, data, run, a1, a2, a3, a4, a5, a6, a7, a8, a9, urlData): null

11-11-2024T12:57:42 - [TEST_STEP][PASSED] - n = data.getRowNumbers() + 1: null

11-11-2024T12:57:42 - [TEST_STEP][PASSED] - println(n): null

11-11-2024T12:57:42 - [TEST_STEP][PASSED] - dashboardName = "Отпуск в сеть": null

11-11-2024T12:57:42 - [TEST_STEP][PASSED] - openBrowser(""): Browser is opened with url: ''

11-11-2024T12:57:42 - [MESSAGE][INFO] - Starting 'Chrome' driver

11-11-2024T12:57:42 - [MESSAGE][INFO] - Action delay is set to 0 milliseconds

11-11-2024T12:57:43 - [MESSAGE][PASSED] - Browser is opened with url: ''

11-11-2024T12:57:43 - [TEST_STEP][PASSED] - urlData = 16: null

11-11-2024T12:57:43 - [TEST_STEP][PASSED] - Script1686231490255.CheckPageDownload(urlData, run): null

11-11-2024T12:57:43 - [TEST_STEP][PASSED] - i = 1: null

11-11-2024T12:57:43 - [TEST_STEP][PASSED] - ii = 0: null

11-11-2024T12:57:43 - [TEST_STEP][PASSED] - urlText = <not implemented yet for class: org.codehaus.groovy.ast.expr.EmptyExpression>: null

11-11-2024T12:57:43 - [TEST_STEP][PASSED] - searchWord = <not implemented yet for class: org.codehaus.groovy.ast.expr.EmptyExpression>: null

11-11-2024T12:57:43 - [TEST_STEP][PASSED] - deleteAllCookies(): Delete all cookies successfully

11-11-2024T12:57:43 - [MESSAGE][PASSED] - Delete all cookies successfully

11-11-2024T12:57:43 - [TEST_STEP][PASSED] - refresh(): Refresh successfully

11-11-2024T12:57:43 - [MESSAGE][PASSED] - Refresh successfully

11-11-2024T12:57:43 - [TEST_STEP][PASSED] - delay(65): Delayed 65 second(s)

11-11-2024T12:58:48 - [MESSAGE][PASSED] - Delayed 65 second(s)

11-11-2024T12:58:48 - [TEST_STEP][PASSED] - navigateToUrl(findTestData("PlanFact").getValue(10, urlData)): Navigate to 'https://bi.rosseti.digital/viewer?dashboardGuid=d154a8eaf6824e2b9de1bb04dd061c18&sheetGuid=33f591ea3cbf498897e314a4cd5a9f29&fit=true' successfully

11-11-2024T12:58:54 - [MESSAGE][PASSED] - Navigate to 'https://bi.rosseti.digital/viewer?dashboardGuid=d154a8eaf6824e2b9de1bb04dd061c18&sheetGuid=33f591ea3cbf498897e314a4cd5a9f29&fit=true' successfully

11-11-2024T12:58:54 - [TEST_STEP][PASSED] - pageLoaded1 = verifyElementPresent(findTestObject("Страница авторизации/Text"), 30): Object 'Object Repository/Страница авторизации/Text' is present

11-11-2024T12:58:57 - [MESSAGE][PASSED] - Object 'Object Repository/Страница авторизации/Text' is present

11-11-2024T12:58:57 - [TEST_STEP][PASSED] - if (pageLoaded1 == false): null

11-11-2024T12:58:57 - [TEST_STEP][PASSED] - urlText = getText(findTestObject("Страница авторизации/Text")): Text of object 'Object Repository/Страница авторизации/Text' is: 'Вход'

11-11-2024T12:58:57 - [MESSAGE][PASSED] - Text of object 'Object Repository/Страница авторизации/Text' is: 'Вход'

11-11-2024T12:58:57 - [TEST_STEP][PASSED] - delay(65): Delayed 65 second(s)

11-11-2024T13:00:02 - [MESSAGE][PASSED] - Delayed 65 second(s)

11-11-2024T13:00:02 - [TEST_STEP][PASSED] - searchWord = "Вход": null

11-11-2024T13:00:02 - [TEST_STEP][PASSED] - if (urlText.contains(searchWord) == false): null

11-11-2024T13:00:02 - [TEST_STEP][PASSED] - setText(findTestObject("Страница авторизации/input__username"), findTestData("PlanFact").getValue(8, run)): Text 'Andreeva-EV' is set on object 'Object Repository/Страница авторизации/input__username'

11-11-2024T13:00:03 - [MESSAGE][PASSED] - Text 'Andreeva-EV' is set on object 'Object Repository/Страница авторизации/input__username'

11-11-2024T13:00:03 - [TEST_STEP][PASSED] - setText(findTestObject("Страница авторизации/input__password"), findTestData("PlanFact").getValue(9, run)): Text '2nPePKDwCPH3ul7xMZ' is set on object 'Object Repository/Страница авторизации/input__password'

11-11-2024T13:00:03 - [MESSAGE][PASSED] - Text '2nPePKDwCPH3ul7xMZ' is set on object 'Object Repository/Страница авторизации/input__password'

11-11-2024T13:00:03 - [TEST_STEP][PASSED] - click(findTestObject("Страница авторизации/button_")): Object: 'Object Repository/Страница авторизации/button_' is clicked on

11-11-2024T13:00:07 - [MESSAGE][PASSED] - Object: 'Object Repository/Страница авторизации/button_' is clicked on

11-11-2024T13:00:07 - [TEST_STEP][PASSED] - delay(65): Delayed 65 second(s)

11-11-2024T13:01:12 - [MESSAGE][PASSED] - Delayed 65 second(s)

11-11-2024T13:01:12 - [TEST_STEP][PASSED] - searchWord = "а": null

11-11-2024T13:01:12 - [TEST_STEP][PASSED] - pageLoaded2 = verifyElementPresent(findTestObject("Страница авторизации/Text"), 50): Object 'Object Repository/Страница авторизации/Text' is present

11-11-2024T13:01:12 - [MESSAGE][PASSED] - Object 'Object Repository/Страница авторизации/Text' is present

11-11-2024T13:01:12 - [TEST_STEP][PASSED] - if (pageLoaded2 == false): null

11-11-2024T13:01:12 - [TEST_STEP][PASSED] - urlText = getText(findTestObject("Страница авторизации/Text")): Text of object 'Object Repository/Страница авторизации/Text' is: 'ДЗО 
Все
Период
Выбрано: 9
тыс. кВт⋅ч
Отпуск в сеть
Факт
2022 год
2023 год
2024 год
0
50 000
100 000
150 000
200 000
250 000
300 000
350 000
400 000
450 000
500 000
550 000
600 000
650 000
700 000
628 292 786
634 576 275
192 146 383
●● Отклонения, %
%
Отклонения по отпуску в сеть
1.001.00
-69.72-69.72
2022/2023
2023/2024
-80
-60
-40
-20
0
20
●● Отклонения, тыс. кВт⋅ч
тыс. кВт⋅ч
Отклонения по отпуску в сеть
6 283 4896 283 489
-442 429 892-442 429 892
2022/2023
2023/2024
-500 000 000
-400 000 000
-300 000 000
-200 000 000
-100 000 000
0
100 000 000
Фактические данные по отпуску в сеть'

11-11-2024T13:01:13 - [MESSAGE][PASSED] - Text of object 'Object Repository/Страница авторизации/Text' is: 'ДЗО 
Все
Период
Выбрано: 9
тыс. кВт⋅ч
Отпуск в сеть
Факт
2022 год
2023 год
2024 год
0
50 000
100 000
150 000
200 000
250 000
300 000
350 000
400 000
450 000
500 000
550 000
600 000
650 000
700 000
628 292 786
634 576 275
192 146 383
●● Отклонения, %
%
Отклонения по отпуску в сеть
1.001.00
-69.72-69.72
2022/2023
2023/2024
-80
-60
-40
-20
0
20
●● Отклонения, тыс. кВт⋅ч
тыс. кВт⋅ч
Отклонения по отпуску в сеть
6 283 4896 283 489
-442 429 892-442 429 892
2022/2023
2023/2024
-500 000 000
-400 000 000
-300 000 000
-200 000 000
-100 000 000
0
100 000 000
Фактические данные по отпуску в сеть'

11-11-2024T13:01:13 - [TEST_STEP][PASSED] - if (urlText.contains("ошибка") || urlText.contains(searchWord) == false): null

11-11-2024T13:01:13 - [TEST_STEP][PASSED] - a5 = "": null

11-11-2024T13:01:13 - [TEST_STEP][PASSED] - a6 = "": null

11-11-2024T13:01:13 - [TEST_STEP][PASSED] - a7 = "": null

11-11-2024T13:01:13 - [TEST_STEP][PASSED] - a8 = "": null

11-11-2024T13:01:13 - [TEST_STEP][PASSED] - a9 = "": null

11-11-2024T13:01:13 - [TEST_STEP][PASSED] - if (run == 1): null

11-11-2024T13:01:13 - [TEST_STEP][PASSED] - if (run == 2): null

11-11-2024T13:01:13 - [TEST_STEP][PASSED] - user = "Андреева": null

11-11-2024T13:01:13 - [TEST_STEP][PASSED] - a1 = getText(findTestObject("Отпуск в сеть/span1")): Text of object 'Object Repository/Отпуск в сеть/span1' is: '628 292 786'

11-11-2024T13:01:13 - [MESSAGE][PASSED] - Text of object 'Object Repository/Отпуск в сеть/span1' is: '628 292 786'

11-11-2024T13:01:13 - [TEST_STEP][PASSED] - a2 = getText(findTestObject("Отпуск в сеть/span2")): Text of object 'Object Repository/Отпуск в сеть/span2' is: '634 576 275'

11-11-2024T13:01:13 - [MESSAGE][PASSED] - Text of object 'Object Repository/Отпуск в сеть/span2' is: '634 576 275'

11-11-2024T13:01:13 - [TEST_STEP][PASSED] - a3 = getText(findTestObject("Отпуск в сеть/График1")): Text of object 'Object Repository/Отпуск в сеть/График1' is: '●● Отклонения, тыс. кВт⋅ч
тыс. кВт⋅ч
Отклонения по отпуску в сеть
6 283 4896 283 489
-442 429 892-442 429 892
2022/2023
2023/2024
-500 000 000
-400 000 000
-300 000 000
-200 000 000
-100 000 000
0
100 000 000'

11-11-2024T13:01:14 - [MESSAGE][PASSED] - Text of object 'Object Repository/Отпуск в сеть/График1' is: '●● Отклонения, тыс. кВт⋅ч
тыс. кВт⋅ч
Отклонения по отпуску в сеть
6 283 4896 283 489
-442 429 892-442 429 892
2022/2023
2023/2024
-500 000 000
-400 000 000
-300 000 000
-200 000 000
-100 000 000
0
100 000 000'

11-11-2024T13:01:14 - [TEST_STEP][PASSED] - a4 = getText(findTestObject("Отпуск в сеть/График2")): Text of object 'Object Repository/Отпуск в сеть/График2' is: '●● Отклонения, %
%
Отклонения по отпуску в сеть
1.001.00
-69.72-69.72
2022/2023
2023/2024
-80
-60
-40
-20
0
20'

11-11-2024T13:01:14 - [MESSAGE][PASSED] - Text of object 'Object Repository/Отпуск в сеть/График2' is: '●● Отклонения, %
%
Отклонения по отпуску в сеть
1.001.00
-69.72-69.72
2022/2023
2023/2024
-80
-60
-40
-20
0
20'

11-11-2024T13:01:14 - [TEST_STEP][PASSED] - n = n + 13: null

11-11-2024T13:01:14 - [TEST_STEP][PASSED] - b = n - run + 1: null

11-11-2024T13:01:14 - [TEST_STEP][PASSED] - verifyEqual(findTestData("PlanFact").getValue(2, b), a1): Actual object '628 292 786' and expected object '628 292 786' are equal

11-11-2024T13:01:14 - [MESSAGE][PASSED] - Actual object '628 292 786' and expected object '628 292 786' are equal

11-11-2024T13:01:14 - [TEST_STEP][PASSED] - verifyEqual(findTestData("PlanFact").getValue(3, b), a2): Actual object '634 576 275' and expected object '634 576 275' are equal

11-11-2024T13:01:14 - [MESSAGE][PASSED] - Actual object '634 576 275' and expected object '634 576 275' are equal

11-11-2024T13:01:14 - [TEST_STEP][PASSED] - verifyEqual(findTestData("PlanFact").getValue(4, b), a3): Actual object '●● Отклонения, тыс. кВт⋅ч
тыс. кВт⋅ч
Отклонения по отпуску в сеть
6 283 4896 283 489
-442 429 892-442 429 892
2022/2023
2023/2024
-500 000 000
-400 000 000
-300 000 000
-200 000 000
-100 000 000
0
100 000 000' and expected object '●● Отклонения, тыс. кВт⋅ч
тыс. кВт⋅ч
Отклонения по отпуску в сеть
6 283 4896 283 489
-442 429 892-442 429 892
2022/2023
2023/2024
-500 000 000
-400 000 000
-300 000 000
-200 000 000
-100 000 000
0
100 000 000' are equal

11-11-2024T13:01:14 - [MESSAGE][PASSED] - Actual object '●● Отклонения, тыс. кВт⋅ч
тыс. кВт⋅ч
Отклонения по отпуску в сеть
6 283 4896 283 489
-442 429 892-442 429 892
2022/2023
2023/2024
-500 000 000
-400 000 000
-300 000 000
-200 000 000
-100 000 000
0
100 000 000' and expected object '●● Отклонения, тыс. кВт⋅ч
тыс. кВт⋅ч
Отклонения по отпуску в сеть
6 283 4896 283 489
-442 429 892-442 429 892
2022/2023
2023/2024
-500 000 000
-400 000 000
-300 000 000
-200 000 000
-100 000 000
0
100 000 000' are equal

11-11-2024T13:01:14 - [TEST_STEP][PASSED] - verifyEqual(findTestData("PlanFact").getValue(5, b), a4): Actual object '●● Отклонения, %
%
Отклонения по отпуску в сеть
1.001.00
-69.72-69.72
2022/2023
2023/2024
-80
-60
-40
-20
0
20' and expected object '●● Отклонения, %
%
Отклонения по отпуску в сеть
1.001.00
-69.72-69.72
2022/2023
2023/2024
-80
-60
-40
-20
0
20' are equal

11-11-2024T13:01:14 - [MESSAGE][PASSED] - Actual object '●● Отклонения, %
%
Отклонения по отпуску в сеть
1.001.00
-69.72-69.72
2022/2023
2023/2024
-80
-60
-40
-20
0
20' and expected object '●● Отклонения, %
%
Отклонения по отпуску в сеть
1.001.00
-69.72-69.72
2022/2023
2023/2024
-80
-60
-40
-20
0
20' are equal

11-11-2024T13:01:14 - [TEST_STEP][PASSED] - Script1686231490255.WriteToExcel(user, dashboardName, n, data, run, a1, a2, a3, a4, a5, a6, a7, a8, a9): null

11-11-2024T13:01:14 - [TEST_STEP][PASSED] - sheetName = "Sheet1": null

11-11-2024T13:01:14 - [TEST_STEP][PASSED] - workbook01 = getWorkbook(excelFilePath): null

11-11-2024T13:01:14 - [TEST_STEP][PASSED] - sheet01 = getExcelSheet(workbook01, sheetName): null

11-11-2024T13:01:14 - [TEST_STEP][PASSED] - setValueToCellByIndex(sheet01, n, 0, dashboardName): null

11-11-2024T13:01:14 - [TEST_STEP][PASSED] - setValueToCellByIndex(sheet01, n, 10, user): null

11-11-2024T13:01:14 - [TEST_STEP][PASSED] - setValueToCellByIndex(sheet01, n, 1, a1): null

11-11-2024T13:01:14 - [TEST_STEP][PASSED] - setValueToCellByIndex(sheet01, n, 2, a2): null

11-11-2024T13:01:14 - [TEST_STEP][PASSED] - setValueToCellByIndex(sheet01, n, 3, a3): null

11-11-2024T13:01:14 - [TEST_STEP][PASSED] - setValueToCellByIndex(sheet01, n, 4, a4): null

11-11-2024T13:01:14 - [TEST_STEP][PASSED] - setValueToCellByIndex(sheet01, n, 5, a5): null

11-11-2024T13:01:14 - [TEST_STEP][PASSED] - setValueToCellByIndex(sheet01, n, 6, a6): null

11-11-2024T13:01:14 - [TEST_STEP][PASSED] - setValueToCellByIndex(sheet01, n, 7, a7): null

11-11-2024T13:01:14 - [TEST_STEP][PASSED] - setValueToCellByIndex(sheet01, n, 8, a8): null

11-11-2024T13:01:14 - [TEST_STEP][PASSED] - setValueToCellByIndex(sheet01, n, 9, a9): null

11-11-2024T13:01:14 - [TEST_STEP][PASSED] - n = n + 1: null

11-11-2024T13:01:14 - [TEST_STEP][PASSED] - saveWorkbook(excelFilePath, workbook01): null

11-11-2024T13:01:15 - [TEST_STEP][PASSED] - if (run == 3): null

11-11-2024T13:01:15 - [TEST_STEP][PASSED] - closeBrowser(): null

11-11-2024T13:01:15 - [MESSAGE][PASSED] - Browser is closed

11-11-2024T13:01:15 - [TEST_STEP][PASSED] - OtpuskVSet(user, dashboardName, n, data, run, a1, a2, a3, a4, a5, a6, a7, a8, a9, urlData): null

11-11-2024T13:01:15 - [TEST_STEP][PASSED] - n = data.getRowNumbers() + 1: null

11-11-2024T13:01:15 - [TEST_STEP][PASSED] - println(n): null

11-11-2024T13:01:15 - [TEST_STEP][PASSED] - dashboardName = "Отпуск в сеть": null

11-11-2024T13:01:15 - [TEST_STEP][PASSED] - openBrowser(""): Browser is opened with url: ''

11-11-2024T13:01:15 - [MESSAGE][INFO] - Starting 'Chrome' driver

11-11-2024T13:01:15 - [MESSAGE][INFO] - Action delay is set to 0 milliseconds

11-11-2024T13:01:16 - [MESSAGE][PASSED] - Browser is opened with url: ''

11-11-2024T13:01:16 - [TEST_STEP][PASSED] - urlData = 16: null

11-11-2024T13:01:16 - [TEST_STEP][PASSED] - Script1686231490255.CheckPageDownload(urlData, run): null

11-11-2024T13:01:16 - [TEST_STEP][PASSED] - i = 1: null

11-11-2024T13:01:16 - [TEST_STEP][PASSED] - ii = 0: null

11-11-2024T13:01:16 - [TEST_STEP][PASSED] - urlText = <not implemented yet for class: org.codehaus.groovy.ast.expr.EmptyExpression>: null

11-11-2024T13:01:16 - [TEST_STEP][PASSED] - searchWord = <not implemented yet for class: org.codehaus.groovy.ast.expr.EmptyExpression>: null

11-11-2024T13:01:16 - [TEST_STEP][PASSED] - deleteAllCookies(): Delete all cookies successfully

11-11-2024T13:01:16 - [MESSAGE][PASSED] - Delete all cookies successfully

11-11-2024T13:01:16 - [TEST_STEP][PASSED] - refresh(): Refresh successfully

11-11-2024T13:01:16 - [MESSAGE][PASSED] - Refresh successfully

11-11-2024T13:01:16 - [TEST_STEP][PASSED] - delay(65): Delayed 65 second(s)

11-11-2024T13:02:21 - [MESSAGE][PASSED] - Delayed 65 second(s)

11-11-2024T13:02:21 - [TEST_STEP][PASSED] - navigateToUrl(findTestData("PlanFact").getValue(10, urlData)): Navigate to 'https://bi.rosseti.digital/viewer?dashboardGuid=d154a8eaf6824e2b9de1bb04dd061c18&sheetGuid=33f591ea3cbf498897e314a4cd5a9f29&fit=true' successfully

11-11-2024T13:02:30 - [MESSAGE][PASSED] - Navigate to 'https://bi.rosseti.digital/viewer?dashboardGuid=d154a8eaf6824e2b9de1bb04dd061c18&sheetGuid=33f591ea3cbf498897e314a4cd5a9f29&fit=true' successfully

11-11-2024T13:02:30 - [TEST_STEP][PASSED] - pageLoaded1 = verifyElementPresent(findTestObject("Страница авторизации/Text"), 30): Object 'Object Repository/Страница авторизации/Text' is present

11-11-2024T13:02:30 - [MESSAGE][PASSED] - Object 'Object Repository/Страница авторизации/Text' is present

11-11-2024T13:02:30 - [TEST_STEP][PASSED] - if (pageLoaded1 == false): null

11-11-2024T13:02:30 - [TEST_STEP][PASSED] - urlText = getText(findTestObject("Страница авторизации/Text")): Text of object 'Object Repository/Страница авторизации/Text' is: 'Вход'

11-11-2024T13:02:31 - [MESSAGE][PASSED] - Text of object 'Object Repository/Страница авторизации/Text' is: 'Вход'

11-11-2024T13:02:31 - [TEST_STEP][PASSED] - delay(65): Delayed 65 second(s)

11-11-2024T13:03:36 - [MESSAGE][PASSED] - Delayed 65 second(s)

11-11-2024T13:03:36 - [TEST_STEP][PASSED] - searchWord = "Вход": null

11-11-2024T13:03:36 - [TEST_STEP][PASSED] - if (urlText.contains(searchWord) == false): null

11-11-2024T13:03:36 - [TEST_STEP][PASSED] - setText(findTestObject("Страница авторизации/input__username"), findTestData("PlanFact").getValue(8, run)): Text 'Petrova-OV' is set on object 'Object Repository/Страница авторизации/input__username'

11-11-2024T13:03:36 - [MESSAGE][PASSED] - Text 'Petrova-OV' is set on object 'Object Repository/Страница авторизации/input__username'

11-11-2024T13:03:36 - [TEST_STEP][PASSED] - setText(findTestObject("Страница авторизации/input__password"), findTestData("PlanFact").getValue(9, run)): Text '4Ex@~R53r&3x&BVe7' is set on object 'Object Repository/Страница авторизации/input__password'

11-11-2024T13:03:37 - [MESSAGE][PASSED] - Text '4Ex@~R53r&3x&BVe7' is set on object 'Object Repository/Страница авторизации/input__password'

11-11-2024T13:03:37 - [TEST_STEP][PASSED] - click(findTestObject("Страница авторизации/button_")): Object: 'Object Repository/Страница авторизации/button_' is clicked on

11-11-2024T13:03:40 - [MESSAGE][PASSED] - Object: 'Object Repository/Страница авторизации/button_' is clicked on

11-11-2024T13:03:40 - [TEST_STEP][PASSED] - delay(65): Delayed 65 second(s)

11-11-2024T13:04:45 - [MESSAGE][PASSED] - Delayed 65 second(s)

11-11-2024T13:04:45 - [TEST_STEP][PASSED] - searchWord = "а": null

11-11-2024T13:04:45 - [TEST_STEP][PASSED] - pageLoaded2 = verifyElementPresent(findTestObject("Страница авторизации/Text"), 50): Object 'Object Repository/Страница авторизации/Text' is present

11-11-2024T13:04:46 - [MESSAGE][PASSED] - Object 'Object Repository/Страница авторизации/Text' is present

11-11-2024T13:04:46 - [TEST_STEP][PASSED] - if (pageLoaded2 == false): null

11-11-2024T13:04:46 - [TEST_STEP][PASSED] - urlText = getText(findTestObject("Страница авторизации/Text")): Text of object 'Object Repository/Страница авторизации/Text' is: 'ДЗО 
Все
Период
Выбрано: 9
тыс. кВт⋅ч
Отпуск в сеть
Факт
2022 год
2023 год
2024 год
0
50 000
100 000
150 000
200 000
250 000
300 000
350 000
400 000
450 000
500 000
550 000
600 000
650 000
700 000
628 292 786
634 576 275
192 146 383
●● Отклонения, %
%
Отклонения по отпуску в сеть
1.001.00
-69.72-69.72
2022/2023
2023/2024
-80
-60
-40
-20
0
20
●● Отклонения, тыс. кВт⋅ч
тыс. кВт⋅ч
Отклонения по отпуску в сеть
6 283 4896 283 489
-442 429 892-442 429 892
2022/2023
2023/2024
-500 000 000
-400 000 000
-300 000 000
-200 000 000
-100 000 000
0
100 000 000
Фактические данные по отпуску в сеть'

11-11-2024T13:04:46 - [MESSAGE][PASSED] - Text of object 'Object Repository/Страница авторизации/Text' is: 'ДЗО 
Все
Период
Выбрано: 9
тыс. кВт⋅ч
Отпуск в сеть
Факт
2022 год
2023 год
2024 год
0
50 000
100 000
150 000
200 000
250 000
300 000
350 000
400 000
450 000
500 000
550 000
600 000
650 000
700 000
628 292 786
634 576 275
192 146 383
●● Отклонения, %
%
Отклонения по отпуску в сеть
1.001.00
-69.72-69.72
2022/2023
2023/2024
-80
-60
-40
-20
0
20
●● Отклонения, тыс. кВт⋅ч
тыс. кВт⋅ч
Отклонения по отпуску в сеть
6 283 4896 283 489
-442 429 892-442 429 892
2022/2023
2023/2024
-500 000 000
-400 000 000
-300 000 000
-200 000 000
-100 000 000
0
100 000 000
Фактические данные по отпуску в сеть'

11-11-2024T13:04:46 - [TEST_STEP][PASSED] - if (urlText.contains("ошибка") || urlText.contains(searchWord) == false): null

11-11-2024T13:04:46 - [TEST_STEP][PASSED] - a5 = "": null

11-11-2024T13:04:46 - [TEST_STEP][PASSED] - a6 = "": null

11-11-2024T13:04:46 - [TEST_STEP][PASSED] - a7 = "": null

11-11-2024T13:04:46 - [TEST_STEP][PASSED] - a8 = "": null

11-11-2024T13:04:46 - [TEST_STEP][PASSED] - a9 = "": null

11-11-2024T13:04:46 - [TEST_STEP][PASSED] - if (run == 1): null

11-11-2024T13:04:46 - [TEST_STEP][PASSED] - if (run == 2): null

11-11-2024T13:04:46 - [TEST_STEP][PASSED] - if (run == 3): null

11-11-2024T13:04:46 - [TEST_STEP][PASSED] - user = "Попова": null

11-11-2024T13:04:46 - [TEST_STEP][PASSED] - a1 = getText(findTestObject("Отпуск в сеть/span1")): Text of object 'Object Repository/Отпуск в сеть/span1' is: '628 292 786'

11-11-2024T13:04:46 - [MESSAGE][PASSED] - Text of object 'Object Repository/Отпуск в сеть/span1' is: '628 292 786'

11-11-2024T13:04:46 - [TEST_STEP][PASSED] - a2 = getText(findTestObject("Отпуск в сеть/span2")): Text of object 'Object Repository/Отпуск в сеть/span2' is: '634 576 275'

11-11-2024T13:04:47 - [MESSAGE][PASSED] - Text of object 'Object Repository/Отпуск в сеть/span2' is: '634 576 275'

11-11-2024T13:04:47 - [TEST_STEP][PASSED] - a3 = getText(findTestObject("Отпуск в сеть/График1")): Text of object 'Object Repository/Отпуск в сеть/График1' is: '●● Отклонения, тыс. кВт⋅ч
тыс. кВт⋅ч
Отклонения по отпуску в сеть
6 283 4896 283 489
-442 429 892-442 429 892
2022/2023
2023/2024
-500 000 000
-400 000 000
-300 000 000
-200 000 000
-100 000 000
0
100 000 000'

11-11-2024T13:04:47 - [MESSAGE][PASSED] - Text of object 'Object Repository/Отпуск в сеть/График1' is: '●● Отклонения, тыс. кВт⋅ч
тыс. кВт⋅ч
Отклонения по отпуску в сеть
6 283 4896 283 489
-442 429 892-442 429 892
2022/2023
2023/2024
-500 000 000
-400 000 000
-300 000 000
-200 000 000
-100 000 000
0
100 000 000'

11-11-2024T13:04:47 - [TEST_STEP][PASSED] - a4 = getText(findTestObject("Отпуск в сеть/График2")): Text of object 'Object Repository/Отпуск в сеть/График2' is: '●● Отклонения, %
%
Отклонения по отпуску в сеть
1.001.00
-69.72-69.72
2022/2023
2023/2024
-80
-60
-40
-20
0
20'

11-11-2024T13:04:47 - [MESSAGE][PASSED] - Text of object 'Object Repository/Отпуск в сеть/График2' is: '●● Отклонения, %
%
Отклонения по отпуску в сеть
1.001.00
-69.72-69.72
2022/2023
2023/2024
-80
-60
-40
-20
0
20'

11-11-2024T13:04:47 - [TEST_STEP][PASSED] - n = n + 14: null

11-11-2024T13:04:47 - [TEST_STEP][PASSED] - b = n - run + 1: null

11-11-2024T13:04:47 - [TEST_STEP][PASSED] - verifyEqual(findTestData("PlanFact").getValue(2, b), a1): Actual object '628 292 786' and expected object '628 292 786' are equal

11-11-2024T13:04:47 - [MESSAGE][PASSED] - Actual object '628 292 786' and expected object '628 292 786' are equal

11-11-2024T13:04:47 - [TEST_STEP][PASSED] - verifyEqual(findTestData("PlanFact").getValue(3, b), a2): Actual object '634 576 275' and expected object '634 576 275' are equal

11-11-2024T13:04:47 - [MESSAGE][PASSED] - Actual object '634 576 275' and expected object '634 576 275' are equal

11-11-2024T13:04:47 - [TEST_STEP][PASSED] - verifyEqual(findTestData("PlanFact").getValue(4, b), a3): Actual object '●● Отклонения, тыс. кВт⋅ч
тыс. кВт⋅ч
Отклонения по отпуску в сеть
6 283 4896 283 489
-442 429 892-442 429 892
2022/2023
2023/2024
-500 000 000
-400 000 000
-300 000 000
-200 000 000
-100 000 000
0
100 000 000' and expected object '●● Отклонения, тыс. кВт⋅ч
тыс. кВт⋅ч
Отклонения по отпуску в сеть
6 283 4896 283 489
-442 429 892-442 429 892
2022/2023
2023/2024
-500 000 000
-400 000 000
-300 000 000
-200 000 000
-100 000 000
0
100 000 000' are equal

11-11-2024T13:04:48 - [MESSAGE][PASSED] - Actual object '●● Отклонения, тыс. кВт⋅ч
тыс. кВт⋅ч
Отклонения по отпуску в сеть
6 283 4896 283 489
-442 429 892-442 429 892
2022/2023
2023/2024
-500 000 000
-400 000 000
-300 000 000
-200 000 000
-100 000 000
0
100 000 000' and expected object '●● Отклонения, тыс. кВт⋅ч
тыс. кВт⋅ч
Отклонения по отпуску в сеть
6 283 4896 283 489
-442 429 892-442 429 892
2022/2023
2023/2024
-500 000 000
-400 000 000
-300 000 000
-200 000 000
-100 000 000
0
100 000 000' are equal

11-11-2024T13:04:48 - [TEST_STEP][PASSED] - verifyEqual(findTestData("PlanFact").getValue(5, b), a4): Actual object '●● Отклонения, %
%
Отклонения по отпуску в сеть
1.001.00
-69.72-69.72
2022/2023
2023/2024
-80
-60
-40
-20
0
20' and expected object '●● Отклонения, %
%
Отклонения по отпуску в сеть
1.001.00
-69.72-69.72
2022/2023
2023/2024
-80
-60
-40
-20
0
20' are equal

11-11-2024T13:04:48 - [MESSAGE][PASSED] - Actual object '●● Отклонения, %
%
Отклонения по отпуску в сеть
1.001.00
-69.72-69.72
2022/2023
2023/2024
-80
-60
-40
-20
0
20' and expected object '●● Отклонения, %
%
Отклонения по отпуску в сеть
1.001.00
-69.72-69.72
2022/2023
2023/2024
-80
-60
-40
-20
0
20' are equal

11-11-2024T13:04:48 - [TEST_STEP][PASSED] - Script1686231490255.WriteToExcel(user, dashboardName, n, data, run, a1, a2, a3, a4, a5, a6, a7, a8, a9): null

11-11-2024T13:04:48 - [TEST_STEP][PASSED] - sheetName = "Sheet1": null

11-11-2024T13:04:48 - [TEST_STEP][PASSED] - workbook01 = getWorkbook(excelFilePath): null

11-11-2024T13:04:48 - [TEST_STEP][PASSED] - sheet01 = getExcelSheet(workbook01, sheetName): null

11-11-2024T13:04:48 - [TEST_STEP][PASSED] - setValueToCellByIndex(sheet01, n, 0, dashboardName): null

11-11-2024T13:04:48 - [TEST_STEP][PASSED] - setValueToCellByIndex(sheet01, n, 10, user): null

11-11-2024T13:04:48 - [TEST_STEP][PASSED] - setValueToCellByIndex(sheet01, n, 1, a1): null

11-11-2024T13:04:48 - [TEST_STEP][PASSED] - setValueToCellByIndex(sheet01, n, 2, a2): null

11-11-2024T13:04:48 - [TEST_STEP][PASSED] - setValueToCellByIndex(sheet01, n, 3, a3): null

11-11-2024T13:04:48 - [TEST_STEP][PASSED] - setValueToCellByIndex(sheet01, n, 4, a4): null

11-11-2024T13:04:48 - [TEST_STEP][PASSED] - setValueToCellByIndex(sheet01, n, 5, a5): null

11-11-2024T13:04:48 - [TEST_STEP][PASSED] - setValueToCellByIndex(sheet01, n, 6, a6): null

11-11-2024T13:04:48 - [TEST_STEP][PASSED] - setValueToCellByIndex(sheet01, n, 7, a7): null

11-11-2024T13:04:48 - [TEST_STEP][PASSED] - setValueToCellByIndex(sheet01, n, 8, a8): null

11-11-2024T13:04:48 - [TEST_STEP][PASSED] - setValueToCellByIndex(sheet01, n, 9, a9): null

11-11-2024T13:04:48 - [TEST_STEP][PASSED] - n = n + 1: null

11-11-2024T13:04:48 - [TEST_STEP][PASSED] - saveWorkbook(excelFilePath, workbook01): null

11-11-2024T13:04:48 - [TEST_STEP][PASSED] - closeBrowser(): Browser is closed

11-11-2024T13:04:48 - [MESSAGE][PASSED] - Browser is closed

11-11-2024T13:04:48 - [TEST_STEP][PASSED] - delay(65): Delayed 65 second(s)

11-11-2024T13:05:53 - [MESSAGE][PASSED] - Delayed 65 second(s)

11-11-2024T13:05:53 - [TEST_STEP][PASSED] - for ([run = 1, run < 4, (run++)]): null

11-11-2024T13:05:53 - [TEST_STEP][PASSED] - KotlovoyPolezniyOtpusk(user, dashboardName, n, data, run, a1, a2, a3, a4, a5, a6, a7, a8, a9, urlData): null

11-11-2024T13:05:53 - [TEST_STEP][PASSED] - n = data.getRowNumbers() + 1: null

11-11-2024T13:05:53 - [TEST_STEP][PASSED] - println(n): null

11-11-2024T13:05:53 - [TEST_STEP][PASSED] - dashboardName = "Котловой полезный отпуск": null

11-11-2024T13:05:53 - [TEST_STEP][PASSED] - openBrowser(""): Browser is opened with url: ''

11-11-2024T13:05:53 - [MESSAGE][INFO] - Starting 'Chrome' driver

11-11-2024T13:05:53 - [MESSAGE][INFO] - Action delay is set to 0 milliseconds

11-11-2024T13:05:54 - [MESSAGE][PASSED] - Browser is opened with url: ''

11-11-2024T13:05:54 - [TEST_STEP][PASSED] - urlData = 18: null

11-11-2024T13:05:54 - [TEST_STEP][PASSED] - Script1686231490255.CheckPageDownload(urlData, run): null

11-11-2024T13:05:54 - [TEST_STEP][PASSED] - i = 1: null

11-11-2024T13:05:54 - [TEST_STEP][PASSED] - ii = 0: null

11-11-2024T13:05:54 - [TEST_STEP][PASSED] - urlText = <not implemented yet for class: org.codehaus.groovy.ast.expr.EmptyExpression>: null

11-11-2024T13:05:54 - [TEST_STEP][PASSED] - searchWord = <not implemented yet for class: org.codehaus.groovy.ast.expr.EmptyExpression>: null

11-11-2024T13:05:54 - [TEST_STEP][PASSED] - deleteAllCookies(): Delete all cookies successfully

11-11-2024T13:05:54 - [MESSAGE][PASSED] - Delete all cookies successfully

11-11-2024T13:05:54 - [TEST_STEP][PASSED] - refresh(): Refresh successfully

11-11-2024T13:05:54 - [MESSAGE][PASSED] - Refresh successfully

11-11-2024T13:05:54 - [TEST_STEP][PASSED] - delay(65): Delayed 65 second(s)

11-11-2024T13:06:59 - [MESSAGE][PASSED] - Delayed 65 second(s)

11-11-2024T13:06:59 - [TEST_STEP][PASSED] - navigateToUrl(findTestData("PlanFact").getValue(10, urlData)): Navigate to 'https://bi.rosseti.digital/viewer?dashboardGuid=2301950b23be4ed89c1df75f2020051e&sheetGuid=9de09c51f7e14f6a9e9103985ef32ea6&fit=true' successfully

11-11-2024T13:07:09 - [MESSAGE][PASSED] - Navigate to 'https://bi.rosseti.digital/viewer?dashboardGuid=2301950b23be4ed89c1df75f2020051e&sheetGuid=9de09c51f7e14f6a9e9103985ef32ea6&fit=true' successfully

11-11-2024T13:07:09 - [TEST_STEP][PASSED] - pageLoaded1 = verifyElementPresent(findTestObject("Страница авторизации/Text"), 30): Object 'Object Repository/Страница авторизации/Text' is present

11-11-2024T13:07:09 - [MESSAGE][PASSED] - Object 'Object Repository/Страница авторизации/Text' is present

11-11-2024T13:07:09 - [TEST_STEP][PASSED] - if (pageLoaded1 == false): null

11-11-2024T13:07:09 - [TEST_STEP][PASSED] - urlText = getText(findTestObject("Страница авторизации/Text")): Text of object 'Object Repository/Страница авторизации/Text' is: 'Вход'

11-11-2024T13:07:10 - [MESSAGE][PASSED] - Text of object 'Object Repository/Страница авторизации/Text' is: 'Вход'

11-11-2024T13:07:10 - [TEST_STEP][PASSED] - delay(65): Delayed 65 second(s)

11-11-2024T13:08:15 - [MESSAGE][PASSED] - Delayed 65 second(s)

11-11-2024T13:08:15 - [TEST_STEP][PASSED] - searchWord = "Вход": null

11-11-2024T13:08:15 - [TEST_STEP][PASSED] - if (urlText.contains(searchWord) == false): null

11-11-2024T13:08:15 - [TEST_STEP][PASSED] - setText(findTestObject("Страница авторизации/input__username"), findTestData("PlanFact").getValue(8, run)): Text 'liazgina-di' is set on object 'Object Repository/Страница авторизации/input__username'

11-11-2024T13:08:15 - [MESSAGE][PASSED] - Text 'liazgina-di' is set on object 'Object Repository/Страница авторизации/input__username'

11-11-2024T13:08:15 - [TEST_STEP][PASSED] - setText(findTestObject("Страница авторизации/input__password"), findTestData("PlanFact").getValue(9, run)): Text ')$%5srZ8o688Dm#q' is set on object 'Object Repository/Страница авторизации/input__password'

11-11-2024T13:08:16 - [MESSAGE][PASSED] - Text ')$%5srZ8o688Dm#q' is set on object 'Object Repository/Страница авторизации/input__password'

11-11-2024T13:08:16 - [TEST_STEP][PASSED] - click(findTestObject("Страница авторизации/button_")): Object: 'Object Repository/Страница авторизации/button_' is clicked on

11-11-2024T13:08:19 - [MESSAGE][PASSED] - Object: 'Object Repository/Страница авторизации/button_' is clicked on

11-11-2024T13:08:19 - [TEST_STEP][PASSED] - delay(65): Delayed 65 second(s)

11-11-2024T13:09:24 - [MESSAGE][PASSED] - Delayed 65 second(s)

11-11-2024T13:09:24 - [TEST_STEP][PASSED] - searchWord = "а": null

11-11-2024T13:09:24 - [TEST_STEP][PASSED] - pageLoaded2 = verifyElementPresent(findTestObject("Страница авторизации/Text"), 50): Object 'Object Repository/Страница авторизации/Text' is present

11-11-2024T13:09:25 - [MESSAGE][PASSED] - Object 'Object Repository/Страница авторизации/Text' is present

11-11-2024T13:09:25 - [TEST_STEP][PASSED] - if (pageLoaded2 == false): null

11-11-2024T13:09:25 - [TEST_STEP][PASSED] - urlText = getText(findTestObject("Страница авторизации/Text")): Text of object 'Object Repository/Страница авторизации/Text' is: 'Период
1, 2, 3 кв. 2024 года
Выручка
Все
ДЗО 
Все
Внутренний оборот – выручка за услуги по передаче электрической энергии, входящая в стоимость электроэнергии (продажа) при выполнении ДЗО функций гарантирующего поставщика
Подписи данных
Отклонение котлового полезного отпуска ПАО Россети за 1, 2, 3 кв. 2024 года (факт/план, млн. кВтч)
ПАО Россети
10 591 млн.кВтч.
млн.
%
Котловой полезный отпуск
Выполнение плановых показателей по ПАО Россети за 1, 2, 3 кв. 2024 года
План
Факт
Динамика
2024 год
0 млн.кВтч.
50 000 млн.кВтч.
100 000 млн.кВтч.
150 000 млн.кВтч.
200 000 млн.кВтч.
250 000 млн.кВтч.
300 000 млн.кВтч.
350 000 млн.кВтч.
400 000 млн.кВтч.
450 000 млн.кВтч.
500 000 млн.кВтч.
389 616
401 414
↑
⬤Отклонение
АО «Тываэнерго»
АО «Чеченэнерго»
Россети Волга
Россети Кубань
Россети Ленэнерго (ГК)
Россети Московский регион
Россети Северный Кавказ (ГК)
Россети Северо-Запад
Россети Сибирь (ГК)
Россети Томск
Россети Тюмень
Россети Урал (ГК)
Россети ФСК ЕЭС
Россети Центр
Россети Центр и Приволжье (ГК)
Россети Юг (ГК)
Россети Янтарь
-2 500 млн.кВтч.
-2 000 млн.кВтч.
-1 500 млн.кВтч.
-1 000 млн.кВтч.
- 500 млн.кВтч.
0 млн.кВтч.
500 млн.кВтч.
1 000 млн.кВтч.
1 500 млн.кВтч.
2 000 млн.кВтч.
2 500 млн.кВтч.
3 000 млн.кВтч.
3 500 млн.кВтч.
86
27
1 090
993
1 054
2 987
243
433
1 733
159
-2 044
1 335
-1 206
1 341
1 490
744
126'

11-11-2024T13:09:25 - [MESSAGE][PASSED] - Text of object 'Object Repository/Страница авторизации/Text' is: 'Период
1, 2, 3 кв. 2024 года
Выручка
Все
ДЗО 
Все
Внутренний оборот – выручка за услуги по передаче электрической энергии, входящая в стоимость электроэнергии (продажа) при выполнении ДЗО функций гарантирующего поставщика
Подписи данных
Отклонение котлового полезного отпуска ПАО Россети за 1, 2, 3 кв. 2024 года (факт/план, млн. кВтч)
ПАО Россети
10 591 млн.кВтч.
млн.
%
Котловой полезный отпуск
Выполнение плановых показателей по ПАО Россети за 1, 2, 3 кв. 2024 года
План
Факт
Динамика
2024 год
0 млн.кВтч.
50 000 млн.кВтч.
100 000 млн.кВтч.
150 000 млн.кВтч.
200 000 млн.кВтч.
250 000 млн.кВтч.
300 000 млн.кВтч.
350 000 млн.кВтч.
400 000 млн.кВтч.
450 000 млн.кВтч.
500 000 млн.кВтч.
389 616
401 414
↑
⬤Отклонение
АО «Тываэнерго»
АО «Чеченэнерго»
Россети Волга
Россети Кубань
Россети Ленэнерго (ГК)
Россети Московский регион
Россети Северный Кавказ (ГК)
Россети Северо-Запад
Россети Сибирь (ГК)
Россети Томск
Россети Тюмень
Россети Урал (ГК)
Россети ФСК ЕЭС
Россети Центр
Россети Центр и Приволжье (ГК)
Россети Юг (ГК)
Россети Янтарь
-2 500 млн.кВтч.
-2 000 млн.кВтч.
-1 500 млн.кВтч.
-1 000 млн.кВтч.
- 500 млн.кВтч.
0 млн.кВтч.
500 млн.кВтч.
1 000 млн.кВтч.
1 500 млн.кВтч.
2 000 млн.кВтч.
2 500 млн.кВтч.
3 000 млн.кВтч.
3 500 млн.кВтч.
86
27
1 090
993
1 054
2 987
243
433
1 733
159
-2 044
1 335
-1 206
1 341
1 490
744
126'

11-11-2024T13:09:25 - [TEST_STEP][PASSED] - if (urlText.contains("ошибка") || urlText.contains(searchWord) == false): null

11-11-2024T13:09:25 - [TEST_STEP][PASSED] - a2 = "": null

11-11-2024T13:09:25 - [TEST_STEP][PASSED] - a3 = "": null

11-11-2024T13:09:25 - [TEST_STEP][PASSED] - a4 = "": null

11-11-2024T13:09:25 - [TEST_STEP][PASSED] - a5 = "": null

11-11-2024T13:09:25 - [TEST_STEP][PASSED] - a6 = "": null

11-11-2024T13:09:25 - [TEST_STEP][PASSED] - a7 = "": null

11-11-2024T13:09:25 - [TEST_STEP][PASSED] - a8 = "": null

11-11-2024T13:09:25 - [TEST_STEP][PASSED] - a9 = "": null

11-11-2024T13:09:25 - [TEST_STEP][PASSED] - if (run == 1): null

11-11-2024T13:09:25 - [TEST_STEP][PASSED] - user = "админ": null

11-11-2024T13:09:25 - [TEST_STEP][PASSED] - a1 = getText(findTestObject("Котловой полезный отпуск/График 1")): Text of object 'Object Repository/Котловой полезный отпуск/График 1' is: 'Период
1, 2, 3 кв. 2024 года
Выручка
Все
ДЗО 
Все
Внутренний оборот – выручка за услуги по передаче электрической энергии, входящая в стоимость электроэнергии (продажа) при выполнении ДЗО функций гарантирующего поставщика
Подписи данных
Отклонение котлового полезного отпуска ПАО Россети за 1, 2, 3 кв. 2024 года (факт/план, млн. кВтч)
ПАО Россети
10 591 млн.кВтч.
млн.
%
Котловой полезный отпуск
Выполнение плановых показателей по ПАО Россети за 1, 2, 3 кв. 2024 года
План
Факт
Динамика
2024 год
0 млн.кВтч.
50 000 млн.кВтч.
100 000 млн.кВтч.
150 000 млн.кВтч.
200 000 млн.кВтч.
250 000 млн.кВтч.
300 000 млн.кВтч.
350 000 млн.кВтч.
400 000 млн.кВтч.
450 000 млн.кВтч.
500 000 млн.кВтч.
389 616
401 414
↑
⬤Отклонение
АО «Тываэнерго»
АО «Чеченэнерго»
Россети Волга
Россети Кубань
Россети Ленэнерго (ГК)
Россети Московский регион
Россети Северный Кавказ (ГК)
Россети Северо-Запад
Россети Сибирь (ГК)
Россети Томск
Россети Тюмень
Россети Урал (ГК)
Россети ФСК ЕЭС
Россети Центр
Россети Центр и Приволжье (ГК)
Россети Юг (ГК)
Россети Янтарь
-2 500 млн.кВтч.
-2 000 млн.кВтч.
-1 500 млн.кВтч.
-1 000 млн.кВтч.
- 500 млн.кВтч.
0 млн.кВтч.
500 млн.кВтч.
1 000 млн.кВтч.
1 500 млн.кВтч.
2 000 млн.кВтч.
2 500 млн.кВтч.
3 000 млн.кВтч.
3 500 млн.кВтч.
86
27
1 090
993
1 054
2 987
243
433
1 733
159
-2 044
1 335
-1 206
1 341
1 490
744
126'

11-11-2024T13:09:26 - [MESSAGE][PASSED] - Text of object 'Object Repository/Котловой полезный отпуск/График 1' is: 'Период
1, 2, 3 кв. 2024 года
Выручка
Все
ДЗО 
Все
Внутренний оборот – выручка за услуги по передаче электрической энергии, входящая в стоимость электроэнергии (продажа) при выполнении ДЗО функций гарантирующего поставщика
Подписи данных
Отклонение котлового полезного отпуска ПАО Россети за 1, 2, 3 кв. 2024 года (факт/план, млн. кВтч)
ПАО Россети
10 591 млн.кВтч.
млн.
%
Котловой полезный отпуск
Выполнение плановых показателей по ПАО Россети за 1, 2, 3 кв. 2024 года
План
Факт
Динамика
2024 год
0 млн.кВтч.
50 000 млн.кВтч.
100 000 млн.кВтч.
150 000 млн.кВтч.
200 000 млн.кВтч.
250 000 млн.кВтч.
300 000 млн.кВтч.
350 000 млн.кВтч.
400 000 млн.кВтч.
450 000 млн.кВтч.
500 000 млн.кВтч.
389 616
401 414
↑
⬤Отклонение
АО «Тываэнерго»
АО «Чеченэнерго»
Россети Волга
Россети Кубань
Россети Ленэнерго (ГК)
Россети Московский регион
Россети Северный Кавказ (ГК)
Россети Северо-Запад
Россети Сибирь (ГК)
Россети Томск
Россети Тюмень
Россети Урал (ГК)
Россети ФСК ЕЭС
Россети Центр
Россети Центр и Приволжье (ГК)
Россети Юг (ГК)
Россети Янтарь
-2 500 млн.кВтч.
-2 000 млн.кВтч.
-1 500 млн.кВтч.
-1 000 млн.кВтч.
- 500 млн.кВтч.
0 млн.кВтч.
500 млн.кВтч.
1 000 млн.кВтч.
1 500 млн.кВтч.
2 000 млн.кВтч.
2 500 млн.кВтч.
3 000 млн.кВтч.
3 500 млн.кВтч.
86
27
1 090
993
1 054
2 987
243
433
1 733
159
-2 044
1 335
-1 206
1 341
1 490
744
126'

11-11-2024T13:09:26 - [TEST_STEP][PASSED] - a1 = replaceAll("[\r?
|
]", "").replaceAll("\s+", ""): null

11-11-2024T13:09:26 - [TEST_STEP][PASSED] - if (a1 == ""): null

11-11-2024T13:09:26 - [TEST_STEP][PASSED] - n = n + 21: null

11-11-2024T13:09:26 - [TEST_STEP][PASSED] - Script1686231490255.WriteToExcel(user, dashboardName, n, data, run, a1, a2, a3, a4, a5, a6, a7, a8, a9): null

11-11-2024T13:09:26 - [TEST_STEP][PASSED] - sheetName = "Sheet1": null

11-11-2024T13:09:26 - [TEST_STEP][PASSED] - workbook01 = getWorkbook(excelFilePath): null

11-11-2024T13:09:26 - [TEST_STEP][PASSED] - sheet01 = getExcelSheet(workbook01, sheetName): null

11-11-2024T13:09:26 - [TEST_STEP][PASSED] - setValueToCellByIndex(sheet01, n, 0, dashboardName): null

11-11-2024T13:09:26 - [TEST_STEP][PASSED] - setValueToCellByIndex(sheet01, n, 10, user): null

11-11-2024T13:09:26 - [TEST_STEP][PASSED] - setValueToCellByIndex(sheet01, n, 1, a1): null

11-11-2024T13:09:26 - [TEST_STEP][PASSED] - setValueToCellByIndex(sheet01, n, 2, a2): null

11-11-2024T13:09:26 - [TEST_STEP][PASSED] - setValueToCellByIndex(sheet01, n, 3, a3): null

11-11-2024T13:09:26 - [TEST_STEP][PASSED] - setValueToCellByIndex(sheet01, n, 4, a4): null

11-11-2024T13:09:26 - [TEST_STEP][PASSED] - setValueToCellByIndex(sheet01, n, 5, a5): null

11-11-2024T13:09:26 - [TEST_STEP][PASSED] - setValueToCellByIndex(sheet01, n, 6, a6): null

11-11-2024T13:09:26 - [TEST_STEP][PASSED] - setValueToCellByIndex(sheet01, n, 7, a7): null

11-11-2024T13:09:26 - [TEST_STEP][PASSED] - setValueToCellByIndex(sheet01, n, 8, a8): null

11-11-2024T13:09:26 - [TEST_STEP][PASSED] - setValueToCellByIndex(sheet01, n, 9, a9): null

11-11-2024T13:09:26 - [TEST_STEP][PASSED] - n = n + 1: null

11-11-2024T13:09:26 - [TEST_STEP][PASSED] - saveWorkbook(excelFilePath, workbook01): null

11-11-2024T13:09:26 - [TEST_STEP][PASSED] - if (run == 2): null

11-11-2024T13:09:26 - [TEST_STEP][PASSED] - if (run == 3): null

11-11-2024T13:09:26 - [TEST_STEP][PASSED] - closeBrowser(): null

11-11-2024T13:09:27 - [MESSAGE][PASSED] - Browser is closed

11-11-2024T13:09:27 - [TEST_STEP][PASSED] - KotlovoyPolezniyOtpusk(user, dashboardName, n, data, run, a1, a2, a3, a4, a5, a6, a7, a8, a9, urlData): null

11-11-2024T13:09:27 - [TEST_STEP][PASSED] - n = data.getRowNumbers() + 1: null

11-11-2024T13:09:27 - [TEST_STEP][PASSED] - println(n): null

11-11-2024T13:09:27 - [TEST_STEP][PASSED] - dashboardName = "Котловой полезный отпуск": null

11-11-2024T13:09:27 - [TEST_STEP][PASSED] - openBrowser(""): Browser is opened with url: ''

11-11-2024T13:09:27 - [MESSAGE][INFO] - Starting 'Chrome' driver

11-11-2024T13:09:27 - [MESSAGE][INFO] - Action delay is set to 0 milliseconds

11-11-2024T13:09:27 - [MESSAGE][PASSED] - Browser is opened with url: ''

11-11-2024T13:09:27 - [TEST_STEP][PASSED] - urlData = 18: null

11-11-2024T13:09:27 - [TEST_STEP][PASSED] - Script1686231490255.CheckPageDownload(urlData, run): null

11-11-2024T13:09:27 - [TEST_STEP][PASSED] - i = 1: null

11-11-2024T13:09:27 - [TEST_STEP][PASSED] - ii = 0: null

11-11-2024T13:09:27 - [TEST_STEP][PASSED] - urlText = <not implemented yet for class: org.codehaus.groovy.ast.expr.EmptyExpression>: null

11-11-2024T13:09:27 - [TEST_STEP][PASSED] - searchWord = <not implemented yet for class: org.codehaus.groovy.ast.expr.EmptyExpression>: null

11-11-2024T13:09:27 - [TEST_STEP][PASSED] - deleteAllCookies(): Delete all cookies successfully

11-11-2024T13:09:27 - [MESSAGE][PASSED] - Delete all cookies successfully

11-11-2024T13:09:27 - [TEST_STEP][PASSED] - refresh(): Refresh successfully

11-11-2024T13:09:28 - [MESSAGE][PASSED] - Refresh successfully

11-11-2024T13:09:28 - [TEST_STEP][PASSED] - delay(65): Delayed 65 second(s)

11-11-2024T13:10:33 - [MESSAGE][PASSED] - Delayed 65 second(s)

11-11-2024T13:10:33 - [TEST_STEP][PASSED] - navigateToUrl(findTestData("PlanFact").getValue(10, urlData)): Navigate to 'https://bi.rosseti.digital/viewer?dashboardGuid=2301950b23be4ed89c1df75f2020051e&sheetGuid=9de09c51f7e14f6a9e9103985ef32ea6&fit=true' successfully

11-11-2024T13:10:42 - [MESSAGE][PASSED] - Navigate to 'https://bi.rosseti.digital/viewer?dashboardGuid=2301950b23be4ed89c1df75f2020051e&sheetGuid=9de09c51f7e14f6a9e9103985ef32ea6&fit=true' successfully

11-11-2024T13:10:42 - [TEST_STEP][PASSED] - pageLoaded1 = verifyElementPresent(findTestObject("Страница авторизации/Text"), 30): Object 'Object Repository/Страница авторизации/Text' is present

11-11-2024T13:10:43 - [MESSAGE][PASSED] - Object 'Object Repository/Страница авторизации/Text' is present

11-11-2024T13:10:43 - [TEST_STEP][PASSED] - if (pageLoaded1 == false): null

11-11-2024T13:10:43 - [TEST_STEP][PASSED] - urlText = getText(findTestObject("Страница авторизации/Text")): Text of object 'Object Repository/Страница авторизации/Text' is: 'Вход'

11-11-2024T13:10:43 - [MESSAGE][PASSED] - Text of object 'Object Repository/Страница авторизации/Text' is: 'Вход'

11-11-2024T13:10:43 - [TEST_STEP][PASSED] - delay(65): Delayed 65 second(s)

11-11-2024T13:11:48 - [MESSAGE][PASSED] - Delayed 65 second(s)

11-11-2024T13:11:48 - [TEST_STEP][PASSED] - searchWord = "Вход": null

11-11-2024T13:11:48 - [TEST_STEP][PASSED] - if (urlText.contains(searchWord) == false): null

11-11-2024T13:11:48 - [TEST_STEP][PASSED] - setText(findTestObject("Страница авторизации/input__username"), findTestData("PlanFact").getValue(8, run)): Text 'Andreeva-EV' is set on object 'Object Repository/Страница авторизации/input__username'

11-11-2024T13:11:49 - [MESSAGE][PASSED] - Text 'Andreeva-EV' is set on object 'Object Repository/Страница авторизации/input__username'

11-11-2024T13:11:49 - [TEST_STEP][PASSED] - setText(findTestObject("Страница авторизации/input__password"), findTestData("PlanFact").getValue(9, run)): Text '2nPePKDwCPH3ul7xMZ' is set on object 'Object Repository/Страница авторизации/input__password'

11-11-2024T13:11:49 - [MESSAGE][PASSED] - Text '2nPePKDwCPH3ul7xMZ' is set on object 'Object Repository/Страница авторизации/input__password'

11-11-2024T13:11:49 - [TEST_STEP][PASSED] - click(findTestObject("Страница авторизации/button_")): Object: 'Object Repository/Страница авторизации/button_' is clicked on

11-11-2024T13:11:53 - [MESSAGE][PASSED] - Object: 'Object Repository/Страница авторизации/button_' is clicked on

11-11-2024T13:11:53 - [TEST_STEP][PASSED] - delay(65): Delayed 65 second(s)

11-11-2024T13:12:58 - [MESSAGE][PASSED] - Delayed 65 second(s)

11-11-2024T13:12:58 - [TEST_STEP][PASSED] - searchWord = "а": null

11-11-2024T13:12:58 - [TEST_STEP][PASSED] - pageLoaded2 = verifyElementPresent(findTestObject("Страница авторизации/Text"), 50): Object 'Object Repository/Страница авторизации/Text' is present

11-11-2024T13:12:58 - [MESSAGE][PASSED] - Object 'Object Repository/Страница авторизации/Text' is present

11-11-2024T13:12:58 - [TEST_STEP][PASSED] - if (pageLoaded2 == false): null

11-11-2024T13:12:58 - [TEST_STEP][PASSED] - urlText = getText(findTestObject("Страница авторизации/Text")): Text of object 'Object Repository/Страница авторизации/Text' is: 'Период
1, 2, 3 кв. 2024 года
Выручка
Все
ДЗО 
Все
Внутренний оборот – выручка за услуги по передаче электрической энергии, входящая в стоимость электроэнергии (продажа) при выполнении ДЗО функций гарантирующего поставщика
Подписи данных
Отклонение котлового полезного отпуска ПАО Россети за 1, 2, 3 кв. 2024 года (факт/план, млн. кВтч)
ПАО Россети
10 591 млн.кВтч.
млн.
%
Котловой полезный отпуск
Выполнение плановых показателей по ПАО Россети за 1, 2, 3 кв. 2024 года
План
Факт
Динамика
2024 год
0 млн.кВтч.
50 000 млн.кВтч.
100 000 млн.кВтч.
150 000 млн.кВтч.
200 000 млн.кВтч.
250 000 млн.кВтч.
300 000 млн.кВтч.
350 000 млн.кВтч.
400 000 млн.кВтч.
450 000 млн.кВтч.
500 000 млн.кВтч.
389 616
401 414
↑
⬤Отклонение
АО «Тываэнерго»
АО «Чеченэнерго»
Россети Волга
Россети Кубань
Россети Ленэнерго (ГК)
Россети Московский регион
Россети Северный Кавказ (ГК)
Россети Северо-Запад
Россети Сибирь (ГК)
Россети Томск
Россети Тюмень
Россети Урал (ГК)
Россети ФСК ЕЭС
Россети Центр
Россети Центр и Приволжье (ГК)
Россети Юг (ГК)
Россети Янтарь
-2 500 млн.кВтч.
-2 000 млн.кВтч.
-1 500 млн.кВтч.
-1 000 млн.кВтч.
- 500 млн.кВтч.
0 млн.кВтч.
500 млн.кВтч.
1 000 млн.кВтч.
1 500 млн.кВтч.
2 000 млн.кВтч.
2 500 млн.кВтч.
3 000 млн.кВтч.
3 500 млн.кВтч.
86
27
1 090
993
1 054
2 987
243
433
1 733
159
-2 044
1 335
-1 206
1 341
1 490
744
126'

11-11-2024T13:12:59 - [MESSAGE][PASSED] - Text of object 'Object Repository/Страница авторизации/Text' is: 'Период
1, 2, 3 кв. 2024 года
Выручка
Все
ДЗО 
Все
Внутренний оборот – выручка за услуги по передаче электрической энергии, входящая в стоимость электроэнергии (продажа) при выполнении ДЗО функций гарантирующего поставщика
Подписи данных
Отклонение котлового полезного отпуска ПАО Россети за 1, 2, 3 кв. 2024 года (факт/план, млн. кВтч)
ПАО Россети
10 591 млн.кВтч.
млн.
%
Котловой полезный отпуск
Выполнение плановых показателей по ПАО Россети за 1, 2, 3 кв. 2024 года
План
Факт
Динамика
2024 год
0 млн.кВтч.
50 000 млн.кВтч.
100 000 млн.кВтч.
150 000 млн.кВтч.
200 000 млн.кВтч.
250 000 млн.кВтч.
300 000 млн.кВтч.
350 000 млн.кВтч.
400 000 млн.кВтч.
450 000 млн.кВтч.
500 000 млн.кВтч.
389 616
401 414
↑
⬤Отклонение
АО «Тываэнерго»
АО «Чеченэнерго»
Россети Волга
Россети Кубань
Россети Ленэнерго (ГК)
Россети Московский регион
Россети Северный Кавказ (ГК)
Россети Северо-Запад
Россети Сибирь (ГК)
Россети Томск
Россети Тюмень
Россети Урал (ГК)
Россети ФСК ЕЭС
Россети Центр
Россети Центр и Приволжье (ГК)
Россети Юг (ГК)
Россети Янтарь
-2 500 млн.кВтч.
-2 000 млн.кВтч.
-1 500 млн.кВтч.
-1 000 млн.кВтч.
- 500 млн.кВтч.
0 млн.кВтч.
500 млн.кВтч.
1 000 млн.кВтч.
1 500 млн.кВтч.
2 000 млн.кВтч.
2 500 млн.кВтч.
3 000 млн.кВтч.
3 500 млн.кВтч.
86
27
1 090
993
1 054
2 987
243
433
1 733
159
-2 044
1 335
-1 206
1 341
1 490
744
126'

11-11-2024T13:12:59 - [TEST_STEP][PASSED] - if (urlText.contains("ошибка") || urlText.contains(searchWord) == false): null

11-11-2024T13:12:59 - [TEST_STEP][PASSED] - a2 = "": null

11-11-2024T13:12:59 - [TEST_STEP][PASSED] - a3 = "": null

11-11-2024T13:12:59 - [TEST_STEP][PASSED] - a4 = "": null

11-11-2024T13:12:59 - [TEST_STEP][PASSED] - a5 = "": null

11-11-2024T13:12:59 - [TEST_STEP][PASSED] - a6 = "": null

11-11-2024T13:12:59 - [TEST_STEP][PASSED] - a7 = "": null

11-11-2024T13:12:59 - [TEST_STEP][PASSED] - a8 = "": null

11-11-2024T13:12:59 - [TEST_STEP][PASSED] - a9 = "": null

11-11-2024T13:12:59 - [TEST_STEP][PASSED] - if (run == 1): null

11-11-2024T13:12:59 - [TEST_STEP][PASSED] - if (run == 2): null

11-11-2024T13:12:59 - [TEST_STEP][PASSED] - user = "Андреева": null

11-11-2024T13:12:59 - [TEST_STEP][PASSED] - a1 = getText(findTestObject("Котловой полезный отпуск/График 1")): Text of object 'Object Repository/Котловой полезный отпуск/График 1' is: 'Период
1, 2, 3 кв. 2024 года
Выручка
Все
ДЗО 
Все
Внутренний оборот – выручка за услуги по передаче электрической энергии, входящая в стоимость электроэнергии (продажа) при выполнении ДЗО функций гарантирующего поставщика
Подписи данных
Отклонение котлового полезного отпуска ПАО Россети за 1, 2, 3 кв. 2024 года (факт/план, млн. кВтч)
ПАО Россети
10 591 млн.кВтч.
млн.
%
Котловой полезный отпуск
Выполнение плановых показателей по ПАО Россети за 1, 2, 3 кв. 2024 года
План
Факт
Динамика
2024 год
0 млн.кВтч.
50 000 млн.кВтч.
100 000 млн.кВтч.
150 000 млн.кВтч.
200 000 млн.кВтч.
250 000 млн.кВтч.
300 000 млн.кВтч.
350 000 млн.кВтч.
400 000 млн.кВтч.
450 000 млн.кВтч.
500 000 млн.кВтч.
389 616
401 414
↑
⬤Отклонение
АО «Тываэнерго»
АО «Чеченэнерго»
Россети Волга
Россети Кубань
Россети Ленэнерго (ГК)
Россети Московский регион
Россети Северный Кавказ (ГК)
Россети Северо-Запад
Россети Сибирь (ГК)
Россети Томск
Россети Тюмень
Россети Урал (ГК)
Россети ФСК ЕЭС
Россети Центр
Россети Центр и Приволжье (ГК)
Россети Юг (ГК)
Россети Янтарь
-2 500 млн.кВтч.
-2 000 млн.кВтч.
-1 500 млн.кВтч.
-1 000 млн.кВтч.
- 500 млн.кВтч.
0 млн.кВтч.
500 млн.кВтч.
1 000 млн.кВтч.
1 500 млн.кВтч.
2 000 млн.кВтч.
2 500 млн.кВтч.
3 000 млн.кВтч.
3 500 млн.кВтч.
86
27
1 090
993
1 054
2 987
243
433
1 733
159
-2 044
1 335
-1 206
1 341
1 490
744
126'

11-11-2024T13:12:59 - [MESSAGE][PASSED] - Text of object 'Object Repository/Котловой полезный отпуск/График 1' is: 'Период
1, 2, 3 кв. 2024 года
Выручка
Все
ДЗО 
Все
Внутренний оборот – выручка за услуги по передаче электрической энергии, входящая в стоимость электроэнергии (продажа) при выполнении ДЗО функций гарантирующего поставщика
Подписи данных
Отклонение котлового полезного отпуска ПАО Россети за 1, 2, 3 кв. 2024 года (факт/план, млн. кВтч)
ПАО Россети
10 591 млн.кВтч.
млн.
%
Котловой полезный отпуск
Выполнение плановых показателей по ПАО Россети за 1, 2, 3 кв. 2024 года
План
Факт
Динамика
2024 год
0 млн.кВтч.
50 000 млн.кВтч.
100 000 млн.кВтч.
150 000 млн.кВтч.
200 000 млн.кВтч.
250 000 млн.кВтч.
300 000 млн.кВтч.
350 000 млн.кВтч.
400 000 млн.кВтч.
450 000 млн.кВтч.
500 000 млн.кВтч.
389 616
401 414
↑
⬤Отклонение
АО «Тываэнерго»
АО «Чеченэнерго»
Россети Волга
Россети Кубань
Россети Ленэнерго (ГК)
Россети Московский регион
Россети Северный Кавказ (ГК)
Россети Северо-Запад
Россети Сибирь (ГК)
Россети Томск
Россети Тюмень
Россети Урал (ГК)
Россети ФСК ЕЭС
Россети Центр
Россети Центр и Приволжье (ГК)
Россети Юг (ГК)
Россети Янтарь
-2 500 млн.кВтч.
-2 000 млн.кВтч.
-1 500 млн.кВтч.
-1 000 млн.кВтч.
- 500 млн.кВтч.
0 млн.кВтч.
500 млн.кВтч.
1 000 млн.кВтч.
1 500 млн.кВтч.
2 000 млн.кВтч.
2 500 млн.кВтч.
3 000 млн.кВтч.
3 500 млн.кВтч.
86
27
1 090
993
1 054
2 987
243
433
1 733
159
-2 044
1 335
-1 206
1 341
1 490
744
126'

11-11-2024T13:12:59 - [TEST_STEP][PASSED] - a1 = replaceAll("[\r?
|
]", "").replaceAll("\s+", ""): null

11-11-2024T13:12:59 - [TEST_STEP][PASSED] - if (a1 == ""): null

11-11-2024T13:12:59 - [TEST_STEP][PASSED] - n = n + 22: null

11-11-2024T13:12:59 - [TEST_STEP][PASSED] - b = n - run + 1: null

11-11-2024T13:12:59 - [TEST_STEP][PASSED] - verifyEqual(findTestData("PlanFact").getValue(2, b), a1): Actual object '123202412320241059112320242024050000100000150000200000250000300000350000400000450000500000389616401414↑⬤250020001500100050005001000150020002500300035008627109099310542987243433173315920441335120613411490744126' and expected object '123202412320241059112320242024050000100000150000200000250000300000350000400000450000500000389616401414↑⬤250020001500100050005001000150020002500300035008627109099310542987243433173315920441335120613411490744126' are equal

11-11-2024T13:13:00 - [MESSAGE][PASSED] - Actual object '123202412320241059112320242024050000100000150000200000250000300000350000400000450000500000389616401414↑⬤250020001500100050005001000150020002500300035008627109099310542987243433173315920441335120613411490744126' and expected object '123202412320241059112320242024050000100000150000200000250000300000350000400000450000500000389616401414↑⬤250020001500100050005001000150020002500300035008627109099310542987243433173315920441335120613411490744126' are equal

11-11-2024T13:13:00 - [TEST_STEP][PASSED] - Script1686231490255.WriteToExcel(user, dashboardName, n, data, run, a1, a2, a3, a4, a5, a6, a7, a8, a9): null

11-11-2024T13:13:00 - [TEST_STEP][PASSED] - sheetName = "Sheet1": null

11-11-2024T13:13:00 - [TEST_STEP][PASSED] - workbook01 = getWorkbook(excelFilePath): null

11-11-2024T13:13:00 - [TEST_STEP][PASSED] - sheet01 = getExcelSheet(workbook01, sheetName): null

11-11-2024T13:13:00 - [TEST_STEP][PASSED] - setValueToCellByIndex(sheet01, n, 0, dashboardName): null

11-11-2024T13:13:00 - [TEST_STEP][PASSED] - setValueToCellByIndex(sheet01, n, 10, user): null

11-11-2024T13:13:00 - [TEST_STEP][PASSED] - setValueToCellByIndex(sheet01, n, 1, a1): null

11-11-2024T13:13:00 - [TEST_STEP][PASSED] - setValueToCellByIndex(sheet01, n, 2, a2): null

11-11-2024T13:13:00 - [TEST_STEP][PASSED] - setValueToCellByIndex(sheet01, n, 3, a3): null

11-11-2024T13:13:00 - [TEST_STEP][PASSED] - setValueToCellByIndex(sheet01, n, 4, a4): null

11-11-2024T13:13:00 - [TEST_STEP][PASSED] - setValueToCellByIndex(sheet01, n, 5, a5): null

11-11-2024T13:13:00 - [TEST_STEP][PASSED] - setValueToCellByIndex(sheet01, n, 6, a6): null

11-11-2024T13:13:00 - [TEST_STEP][PASSED] - setValueToCellByIndex(sheet01, n, 7, a7): null

11-11-2024T13:13:00 - [TEST_STEP][PASSED] - setValueToCellByIndex(sheet01, n, 8, a8): null

11-11-2024T13:13:00 - [TEST_STEP][PASSED] - setValueToCellByIndex(sheet01, n, 9, a9): null

11-11-2024T13:13:00 - [TEST_STEP][PASSED] - n = n + 1: null

11-11-2024T13:13:00 - [TEST_STEP][PASSED] - saveWorkbook(excelFilePath, workbook01): null

11-11-2024T13:13:00 - [TEST_STEP][PASSED] - if (run == 3): null

11-11-2024T13:13:00 - [TEST_STEP][PASSED] - closeBrowser(): null

11-11-2024T13:13:00 - [MESSAGE][PASSED] - Browser is closed

11-11-2024T13:13:00 - [TEST_STEP][PASSED] - KotlovoyPolezniyOtpusk(user, dashboardName, n, data, run, a1, a2, a3, a4, a5, a6, a7, a8, a9, urlData): null

11-11-2024T13:13:00 - [TEST_STEP][PASSED] - n = data.getRowNumbers() + 1: null

11-11-2024T13:13:00 - [TEST_STEP][PASSED] - println(n): null

11-11-2024T13:13:00 - [TEST_STEP][PASSED] - dashboardName = "Котловой полезный отпуск": null

11-11-2024T13:13:00 - [TEST_STEP][PASSED] - openBrowser(""): Browser is opened with url: ''

11-11-2024T13:13:00 - [MESSAGE][INFO] - Starting 'Chrome' driver

11-11-2024T13:13:00 - [MESSAGE][INFO] - Action delay is set to 0 milliseconds

11-11-2024T13:13:01 - [MESSAGE][PASSED] - Browser is opened with url: ''

11-11-2024T13:13:01 - [TEST_STEP][PASSED] - urlData = 18: null

11-11-2024T13:13:01 - [TEST_STEP][PASSED] - Script1686231490255.CheckPageDownload(urlData, run): null

11-11-2024T13:13:01 - [TEST_STEP][PASSED] - i = 1: null

11-11-2024T13:13:01 - [TEST_STEP][PASSED] - ii = 0: null

11-11-2024T13:13:01 - [TEST_STEP][PASSED] - urlText = <not implemented yet for class: org.codehaus.groovy.ast.expr.EmptyExpression>: null

11-11-2024T13:13:01 - [TEST_STEP][PASSED] - searchWord = <not implemented yet for class: org.codehaus.groovy.ast.expr.EmptyExpression>: null

11-11-2024T13:13:01 - [TEST_STEP][PASSED] - deleteAllCookies(): Delete all cookies successfully

11-11-2024T13:13:01 - [MESSAGE][PASSED] - Delete all cookies successfully

11-11-2024T13:13:01 - [TEST_STEP][PASSED] - refresh(): Refresh successfully

11-11-2024T13:13:01 - [MESSAGE][PASSED] - Refresh successfully

11-11-2024T13:13:01 - [TEST_STEP][PASSED] - delay(65): Delayed 65 second(s)

11-11-2024T13:14:06 - [MESSAGE][PASSED] - Delayed 65 second(s)

11-11-2024T13:14:06 - [TEST_STEP][PASSED] - navigateToUrl(findTestData("PlanFact").getValue(10, urlData)): Navigate to 'https://bi.rosseti.digital/viewer?dashboardGuid=2301950b23be4ed89c1df75f2020051e&sheetGuid=9de09c51f7e14f6a9e9103985ef32ea6&fit=true' successfully

11-11-2024T13:14:17 - [MESSAGE][PASSED] - Navigate to 'https://bi.rosseti.digital/viewer?dashboardGuid=2301950b23be4ed89c1df75f2020051e&sheetGuid=9de09c51f7e14f6a9e9103985ef32ea6&fit=true' successfully

11-11-2024T13:14:17 - [TEST_STEP][PASSED] - pageLoaded1 = verifyElementPresent(findTestObject("Страница авторизации/Text"), 30): Object 'Object Repository/Страница авторизации/Text' is present

11-11-2024T13:14:20 - [MESSAGE][PASSED] - Object 'Object Repository/Страница авторизации/Text' is present

11-11-2024T13:14:20 - [TEST_STEP][PASSED] - if (pageLoaded1 == false): null

11-11-2024T13:14:20 - [TEST_STEP][PASSED] - urlText = getText(findTestObject("Страница авторизации/Text")): Text of object 'Object Repository/Страница авторизации/Text' is: 'Вход'

11-11-2024T13:14:20 - [MESSAGE][PASSED] - Text of object 'Object Repository/Страница авторизации/Text' is: 'Вход'

11-11-2024T13:14:20 - [TEST_STEP][PASSED] - delay(65): Delayed 65 second(s)

11-11-2024T13:15:25 - [MESSAGE][PASSED] - Delayed 65 second(s)

11-11-2024T13:15:25 - [TEST_STEP][PASSED] - searchWord = "Вход": null

11-11-2024T13:15:25 - [TEST_STEP][PASSED] - if (urlText.contains(searchWord) == false): null

11-11-2024T13:15:25 - [TEST_STEP][PASSED] - setText(findTestObject("Страница авторизации/input__username"), findTestData("PlanFact").getValue(8, run)): Text 'Petrova-OV' is set on object 'Object Repository/Страница авторизации/input__username'

11-11-2024T13:15:26 - [MESSAGE][PASSED] - Text 'Petrova-OV' is set on object 'Object Repository/Страница авторизации/input__username'

11-11-2024T13:15:26 - [TEST_STEP][PASSED] - setText(findTestObject("Страница авторизации/input__password"), findTestData("PlanFact").getValue(9, run)): Text '4Ex@~R53r&3x&BVe7' is set on object 'Object Repository/Страница авторизации/input__password'

11-11-2024T13:15:27 - [MESSAGE][PASSED] - Text '4Ex@~R53r&3x&BVe7' is set on object 'Object Repository/Страница авторизации/input__password'

11-11-2024T13:15:27 - [TEST_STEP][PASSED] - click(findTestObject("Страница авторизации/button_")): Object: 'Object Repository/Страница авторизации/button_' is clicked on

11-11-2024T13:15:31 - [MESSAGE][PASSED] - Object: 'Object Repository/Страница авторизации/button_' is clicked on

11-11-2024T13:15:31 - [TEST_STEP][PASSED] - delay(65): Delayed 65 second(s)

11-11-2024T13:16:36 - [MESSAGE][PASSED] - Delayed 65 second(s)

11-11-2024T13:16:36 - [TEST_STEP][PASSED] - searchWord = "а": null

11-11-2024T13:16:36 - [TEST_STEP][PASSED] - pageLoaded2 = verifyElementPresent(findTestObject("Страница авторизации/Text"), 50): Object 'Object Repository/Страница авторизации/Text' is present

11-11-2024T13:17:06 - [MESSAGE][PASSED] - Object 'Object Repository/Страница авторизации/Text' is present

11-11-2024T13:17:06 - [TEST_STEP][PASSED] - if (pageLoaded2 == false): null

11-11-2024T13:17:06 - [TEST_STEP][PASSED] - urlText = getText(findTestObject("Страница авторизации/Text")): Text of object 'Object Repository/Страница авторизации/Text' is: ''

11-11-2024T13:17:36 - [MESSAGE][PASSED] - Text of object 'Object Repository/Страница авторизации/Text' is: ''

11-11-2024T13:17:36 - [TEST_STEP][PASSED] - if (urlText.contains("ошибка") || urlText.contains(searchWord) == false): Text of object 'Object Repository/Страница авторизации/Text' is: 'Период
1, 2, 3 кв. 2024 года
Выручка
Все
ДЗО 
Все
Внутренний оборот – выручка за услуги по передаче электрической энергии, входящая в стоимость электроэнергии (продажа) при выполнении ДЗО функций гарантирующего поставщика
Подписи данных
Отклонение котлового полезного отпуска ПАО Россети за 1, 2, 3 кв. 2024 года (факт/план, млн. кВтч)
ПАО Россети
10 591 млн.кВтч.
млн.
%
Котловой полезный отпуск
Выполнение плановых показателей по ПАО Россети за 1, 2, 3 кв. 2024 года
План
Факт
Динамика
2024 год
0 млн.кВтч.
50 000 млн.кВтч.
100 000 млн.кВтч.
150 000 млн.кВтч.
200 000 млн.кВтч.
250 000 млн.кВтч.
300 000 млн.кВтч.
350 000 млн.кВтч.
400 000 млн.кВтч.
450 000 млн.кВтч.
500 000 млн.кВтч.
389 616
401 414
↑
⬤Отклонение
АО «Тываэнерго»
АО «Чеченэнерго»
Россети Волга
Россети Кубань
Россети Ленэнерго (ГК)
Россети Московский регион
Россети Северный Кавказ (ГК)
Россети Северо-Запад
Россети Сибирь (ГК)
Россети Томск
Россети Тюмень
Россети Урал (ГК)
Россети ФСК ЕЭС
Россети Центр
Россети Центр и Приволжье (ГК)
Россети Юг (ГК)
Россети Янтарь
-2 500 млн.кВтч.
-2 000 млн.кВтч.
-1 500 млн.кВтч.
-1 000 млн.кВтч.
- 500 млн.кВтч.
0 млн.кВтч.
500 млн.кВтч.
1 000 млн.кВтч.
1 500 млн.кВтч.
2 000 млн.кВтч.
2 500 млн.кВтч.
3 000 млн.кВтч.
3 500 млн.кВтч.
86
27
1 090
993
1 054
2 987
243
433
1 733
159
-2 044
1 335
-1 206
1 341
1 490
744
126'

11-11-2024T13:17:36 - [TEST_STEP][PASSED] - for ([urlText.contains(searchWord) == false, i < 10, (ii++)]): Text of object 'Object Repository/Страница авторизации/Text' is: 'Период
1, 2, 3 кв. 2024 года
Выручка
Все
ДЗО 
Все
Внутренний оборот – выручка за услуги по передаче электрической энергии, входящая в стоимость электроэнергии (продажа) при выполнении ДЗО функций гарантирующего поставщика
Подписи данных
Отклонение котлового полезного отпуска ПАО Россети за 1, 2, 3 кв. 2024 года (факт/план, млн. кВтч)
ПАО Россети
10 591 млн.кВтч.
млн.
%
Котловой полезный отпуск
Выполнение плановых показателей по ПАО Россети за 1, 2, 3 кв. 2024 года
План
Факт
Динамика
2024 год
0 млн.кВтч.
50 000 млн.кВтч.
100 000 млн.кВтч.
150 000 млн.кВтч.
200 000 млн.кВтч.
250 000 млн.кВтч.
300 000 млн.кВтч.
350 000 млн.кВтч.
400 000 млн.кВтч.
450 000 млн.кВтч.
500 000 млн.кВтч.
389 616
401 414
↑
⬤Отклонение
АО «Тываэнерго»
АО «Чеченэнерго»
Россети Волга
Россети Кубань
Россети Ленэнерго (ГК)
Россети Московский регион
Россети Северный Кавказ (ГК)
Россети Северо-Запад
Россети Сибирь (ГК)
Россети Томск
Россети Тюмень
Россети Урал (ГК)
Россети ФСК ЕЭС
Россети Центр
Россети Центр и Приволжье (ГК)
Россети Юг (ГК)
Россети Янтарь
-2 500 млн.кВтч.
-2 000 млн.кВтч.
-1 500 млн.кВтч.
-1 000 млн.кВтч.
- 500 млн.кВтч.
0 млн.кВтч.
500 млн.кВтч.
1 000 млн.кВтч.
1 500 млн.кВтч.
2 000 млн.кВтч.
2 500 млн.кВтч.
3 000 млн.кВтч.
3 500 млн.кВтч.
86
27
1 090
993
1 054
2 987
243
433
1 733
159
-2 044
1 335
-1 206
1 341
1 490
744
126'

11-11-2024T13:17:36 - [TEST_STEP][PASSED] - i = i + 1: null

11-11-2024T13:17:36 - [TEST_STEP][PASSED] - refresh(): Refresh successfully

11-11-2024T13:17:37 - [MESSAGE][PASSED] - Refresh successfully

11-11-2024T13:17:37 - [TEST_STEP][PASSED] - delay(65): Delayed 65 second(s)

11-11-2024T13:18:42 - [MESSAGE][PASSED] - Delayed 65 second(s)

11-11-2024T13:18:42 - [TEST_STEP][PASSED] - navigateToUrl(findTestData("PlanFact").getValue(10, urlData)): Navigate to 'https://bi.rosseti.digital/viewer?dashboardGuid=2301950b23be4ed89c1df75f2020051e&sheetGuid=9de09c51f7e14f6a9e9103985ef32ea6&fit=true' successfully

11-11-2024T13:18:43 - [MESSAGE][PASSED] - Navigate to 'https://bi.rosseti.digital/viewer?dashboardGuid=2301950b23be4ed89c1df75f2020051e&sheetGuid=9de09c51f7e14f6a9e9103985ef32ea6&fit=true' successfully

11-11-2024T13:18:43 - [TEST_STEP][PASSED] - delay(65): Delayed 65 second(s)

11-11-2024T13:19:48 - [MESSAGE][PASSED] - Delayed 65 second(s)

11-11-2024T13:19:48 - [TEST_STEP][PASSED] - urlText = getText(findTestObject("Страница авторизации/Text")): Text of object 'Object Repository/Страница авторизации/Text' is: 'Период
1, 2, 3 кв. 2024 года
Выручка
Все
ДЗО 
Все
Внутренний оборот – выручка за услуги по передаче электрической энергии, входящая в стоимость электроэнергии (продажа) при выполнении ДЗО функций гарантирующего поставщика
Подписи данных
Отклонение котлового полезного отпуска ПАО Россети за 1, 2, 3 кв. 2024 года (факт/план, млн. кВтч)
ПАО Россети
10 591 млн.кВтч.
млн.
%
Котловой полезный отпуск
Выполнение плановых показателей по ПАО Россети за 1, 2, 3 кв. 2024 года
План
Факт
Динамика
2024 год
0 млн.кВтч.
50 000 млн.кВтч.
100 000 млн.кВтч.
150 000 млн.кВтч.
200 000 млн.кВтч.
250 000 млн.кВтч.
300 000 млн.кВтч.
350 000 млн.кВтч.
400 000 млн.кВтч.
450 000 млн.кВтч.
500 000 млн.кВтч.
389 616
401 414
↑
⬤Отклонение
АО «Тываэнерго»
АО «Чеченэнерго»
Россети Волга
Россети Кубань
Россети Ленэнерго (ГК)
Россети Московский регион
Россети Северный Кавказ (ГК)
Россети Северо-Запад
Россети Сибирь (ГК)
Россети Томск
Россети Тюмень
Россети Урал (ГК)
Россети ФСК ЕЭС
Россети Центр
Россети Центр и Приволжье (ГК)
Россети Юг (ГК)
Россети Янтарь
-2 500 млн.кВтч.
-2 000 млн.кВтч.
-1 500 млн.кВтч.
-1 000 млн.кВтч.
- 500 млн.кВтч.
0 млн.кВтч.
500 млн.кВтч.
1 000 млн.кВтч.
1 500 млн.кВтч.
2 000 млн.кВтч.
2 500 млн.кВтч.
3 000 млн.кВтч.
3 500 млн.кВтч.
86
27
1 090
993
1 054
2 987
243
433
1 733
159
-2 044
1 335
-1 206
1 341
1 490
744
126'

11-11-2024T13:19:49 - [MESSAGE][PASSED] - Text of object 'Object Repository/Страница авторизации/Text' is: 'Период
1, 2, 3 кв. 2024 года
Выручка
Все
ДЗО 
Все
Внутренний оборот – выручка за услуги по передаче электрической энергии, входящая в стоимость электроэнергии (продажа) при выполнении ДЗО функций гарантирующего поставщика
Подписи данных
Отклонение котлового полезного отпуска ПАО Россети за 1, 2, 3 кв. 2024 года (факт/план, млн. кВтч)
ПАО Россети
10 591 млн.кВтч.
млн.
%
Котловой полезный отпуск
Выполнение плановых показателей по ПАО Россети за 1, 2, 3 кв. 2024 года
План
Факт
Динамика
2024 год
0 млн.кВтч.
50 000 млн.кВтч.
100 000 млн.кВтч.
150 000 млн.кВтч.
200 000 млн.кВтч.
250 000 млн.кВтч.
300 000 млн.кВтч.
350 000 млн.кВтч.
400 000 млн.кВтч.
450 000 млн.кВтч.
500 000 млн.кВтч.
389 616
401 414
↑
⬤Отклонение
АО «Тываэнерго»
АО «Чеченэнерго»
Россети Волга
Россети Кубань
Россети Ленэнерго (ГК)
Россети Московский регион
Россети Северный Кавказ (ГК)
Россети Северо-Запад
Россети Сибирь (ГК)
Россети Томск
Россети Тюмень
Россети Урал (ГК)
Россети ФСК ЕЭС
Россети Центр
Россети Центр и Приволжье (ГК)
Россети Юг (ГК)
Россети Янтарь
-2 500 млн.кВтч.
-2 000 млн.кВтч.
-1 500 млн.кВтч.
-1 000 млн.кВтч.
- 500 млн.кВтч.
0 млн.кВтч.
500 млн.кВтч.
1 000 млн.кВтч.
1 500 млн.кВтч.
2 000 млн.кВтч.
2 500 млн.кВтч.
3 000 млн.кВтч.
3 500 млн.кВтч.
86
27
1 090
993
1 054
2 987
243
433
1 733
159
-2 044
1 335
-1 206
1 341
1 490
744
126'

11-11-2024T13:19:49 - [TEST_STEP][PASSED] - i = i + 1: null

11-11-2024T13:19:49 - [TEST_STEP][PASSED] - refresh(): Refresh successfully

11-11-2024T13:19:49 - [MESSAGE][PASSED] - Refresh successfully

11-11-2024T13:19:49 - [TEST_STEP][PASSED] - delay(65): Delayed 65 second(s)

11-11-2024T13:20:54 - [MESSAGE][PASSED] - Delayed 65 second(s)

11-11-2024T13:20:54 - [TEST_STEP][PASSED] - navigateToUrl(findTestData("PlanFact").getValue(10, urlData)): Navigate to 'https://bi.rosseti.digital/viewer?dashboardGuid=2301950b23be4ed89c1df75f2020051e&sheetGuid=9de09c51f7e14f6a9e9103985ef32ea6&fit=true' successfully

11-11-2024T13:20:55 - [MESSAGE][PASSED] - Navigate to 'https://bi.rosseti.digital/viewer?dashboardGuid=2301950b23be4ed89c1df75f2020051e&sheetGuid=9de09c51f7e14f6a9e9103985ef32ea6&fit=true' successfully

11-11-2024T13:20:55 - [TEST_STEP][PASSED] - delay(65): Delayed 65 second(s)

11-11-2024T13:22:00 - [MESSAGE][PASSED] - Delayed 65 second(s)

11-11-2024T13:22:00 - [TEST_STEP][PASSED] - urlText = getText(findTestObject("Страница авторизации/Text")): Text of object 'Object Repository/Страница авторизации/Text' is: 'Период
1, 2, 3 кв. 2024 года
Выручка
Все
ДЗО 
Все
Внутренний оборот – выручка за услуги по передаче электрической энергии, входящая в стоимость электроэнергии (продажа) при выполнении ДЗО функций гарантирующего поставщика
Подписи данных
Отклонение котлового полезного отпуска ПАО Россети за 1, 2, 3 кв. 2024 года (факт/план, млн. кВтч)
ПАО Россети
10 591 млн.кВтч.
млн.
%
Котловой полезный отпуск
Выполнение плановых показателей по ПАО Россети за 1, 2, 3 кв. 2024 года
План
Факт
Динамика
2024 год
0 млн.кВтч.
50 000 млн.кВтч.
100 000 млн.кВтч.
150 000 млн.кВтч.
200 000 млн.кВтч.
250 000 млн.кВтч.
300 000 млн.кВтч.
350 000 млн.кВтч.
400 000 млн.кВтч.
450 000 млн.кВтч.
500 000 млн.кВтч.
389 616
401 414
↑
⬤Отклонение
АО «Тываэнерго»
АО «Чеченэнерго»
Россети Волга
Россети Кубань
Россети Ленэнерго (ГК)
Россети Московский регион
Россети Северный Кавказ (ГК)
Россети Северо-Запад
Россети Сибирь (ГК)
Россети Томск
Россети Тюмень
Россети Урал (ГК)
Россети ФСК ЕЭС
Россети Центр
Россети Центр и Приволжье (ГК)
Россети Юг (ГК)
Россети Янтарь
-2 500 млн.кВтч.
-2 000 млн.кВтч.
-1 500 млн.кВтч.
-1 000 млн.кВтч.
- 500 млн.кВтч.
0 млн.кВтч.
500 млн.кВтч.
1 000 млн.кВтч.
1 500 млн.кВтч.
2 000 млн.кВтч.
2 500 млн.кВтч.
3 000 млн.кВтч.
3 500 млн.кВтч.
86
27
1 090
993
1 054
2 987
243
433
1 733
159
-2 044
1 335
-1 206
1 341
1 490
744
126'

11-11-2024T13:22:01 - [MESSAGE][PASSED] - Text of object 'Object Repository/Страница авторизации/Text' is: 'Период
1, 2, 3 кв. 2024 года
Выручка
Все
ДЗО 
Все
Внутренний оборот – выручка за услуги по передаче электрической энергии, входящая в стоимость электроэнергии (продажа) при выполнении ДЗО функций гарантирующего поставщика
Подписи данных
Отклонение котлового полезного отпуска ПАО Россети за 1, 2, 3 кв. 2024 года (факт/план, млн. кВтч)
ПАО Россети
10 591 млн.кВтч.
млн.
%
Котловой полезный отпуск
Выполнение плановых показателей по ПАО Россети за 1, 2, 3 кв. 2024 года
План
Факт
Динамика
2024 год
0 млн.кВтч.
50 000 млн.кВтч.
100 000 млн.кВтч.
150 000 млн.кВтч.
200 000 млн.кВтч.
250 000 млн.кВтч.
300 000 млн.кВтч.
350 000 млн.кВтч.
400 000 млн.кВтч.
450 000 млн.кВтч.
500 000 млн.кВтч.
389 616
401 414
↑
⬤Отклонение
АО «Тываэнерго»
АО «Чеченэнерго»
Россети Волга
Россети Кубань
Россети Ленэнерго (ГК)
Россети Московский регион
Россети Северный Кавказ (ГК)
Россети Северо-Запад
Россети Сибирь (ГК)
Россети Томск
Россети Тюмень
Россети Урал (ГК)
Россети ФСК ЕЭС
Россети Центр
Россети Центр и Приволжье (ГК)
Россети Юг (ГК)
Россети Янтарь
-2 500 млн.кВтч.
-2 000 млн.кВтч.
-1 500 млн.кВтч.
-1 000 млн.кВтч.
- 500 млн.кВтч.
0 млн.кВтч.
500 млн.кВтч.
1 000 млн.кВтч.
1 500 млн.кВтч.
2 000 млн.кВтч.
2 500 млн.кВтч.
3 000 млн.кВтч.
3 500 млн.кВтч.
86
27
1 090
993
1 054
2 987
243
433
1 733
159
-2 044
1 335
-1 206
1 341
1 490
744
126'

11-11-2024T13:22:01 - [TEST_STEP][PASSED] - i = i + 1: null

11-11-2024T13:22:01 - [TEST_STEP][PASSED] - refresh(): Refresh successfully

11-11-2024T13:22:02 - [MESSAGE][PASSED] - Refresh successfully

11-11-2024T13:22:02 - [TEST_STEP][PASSED] - delay(65): Delayed 65 second(s)

11-11-2024T13:23:07 - [MESSAGE][PASSED] - Delayed 65 second(s)

11-11-2024T13:23:07 - [TEST_STEP][PASSED] - navigateToUrl(findTestData("PlanFact").getValue(10, urlData)): Navigate to 'https://bi.rosseti.digital/viewer?dashboardGuid=2301950b23be4ed89c1df75f2020051e&sheetGuid=9de09c51f7e14f6a9e9103985ef32ea6&fit=true' successfully

11-11-2024T13:23:07 - [MESSAGE][PASSED] - Navigate to 'https://bi.rosseti.digital/viewer?dashboardGuid=2301950b23be4ed89c1df75f2020051e&sheetGuid=9de09c51f7e14f6a9e9103985ef32ea6&fit=true' successfully

11-11-2024T13:23:07 - [TEST_STEP][PASSED] - delay(65): Delayed 65 second(s)

11-11-2024T13:24:12 - [MESSAGE][PASSED] - Delayed 65 second(s)

11-11-2024T13:24:12 - [TEST_STEP][PASSED] - urlText = getText(findTestObject("Страница авторизации/Text")): Text of object 'Object Repository/Страница авторизации/Text' is: 'Период
1, 2, 3 кв. 2024 года
Выручка
Все
ДЗО 
Все
Внутренний оборот – выручка за услуги по передаче электрической энергии, входящая в стоимость электроэнергии (продажа) при выполнении ДЗО функций гарантирующего поставщика
Подписи данных
Отклонение котлового полезного отпуска ПАО Россети за 1, 2, 3 кв. 2024 года (факт/план, млн. кВтч)
ПАО Россети
10 591 млн.кВтч.
млн.
%
Котловой полезный отпуск
Выполнение плановых показателей по ПАО Россети за 1, 2, 3 кв. 2024 года
План
Факт
Динамика
2024 год
0 млн.кВтч.
50 000 млн.кВтч.
100 000 млн.кВтч.
150 000 млн.кВтч.
200 000 млн.кВтч.
250 000 млн.кВтч.
300 000 млн.кВтч.
350 000 млн.кВтч.
400 000 млн.кВтч.
450 000 млн.кВтч.
500 000 млн.кВтч.
389 616
401 414
↑
⬤Отклонение
АО «Тываэнерго»
АО «Чеченэнерго»
Россети Волга
Россети Кубань
Россети Ленэнерго (ГК)
Россети Московский регион
Россети Северный Кавказ (ГК)
Россети Северо-Запад
Россети Сибирь (ГК)
Россети Томск
Россети Тюмень
Россети Урал (ГК)
Россети ФСК ЕЭС
Россети Центр
Россети Центр и Приволжье (ГК)
Россети Юг (ГК)
Россети Янтарь
-2 500 млн.кВтч.
-2 000 млн.кВтч.
-1 500 млн.кВтч.
-1 000 млн.кВтч.
- 500 млн.кВтч.
0 млн.кВтч.
500 млн.кВтч.
1 000 млн.кВтч.
1 500 млн.кВтч.
2 000 млн.кВтч.
2 500 млн.кВтч.
3 000 млн.кВтч.
3 500 млн.кВтч.
86
27
1 090
993
1 054
2 987
243
433
1 733
159
-2 044
1 335
-1 206
1 341
1 490
744
126'

11-11-2024T13:24:13 - [MESSAGE][PASSED] - Text of object 'Object Repository/Страница авторизации/Text' is: 'Период
1, 2, 3 кв. 2024 года
Выручка
Все
ДЗО 
Все
Внутренний оборот – выручка за услуги по передаче электрической энергии, входящая в стоимость электроэнергии (продажа) при выполнении ДЗО функций гарантирующего поставщика
Подписи данных
Отклонение котлового полезного отпуска ПАО Россети за 1, 2, 3 кв. 2024 года (факт/план, млн. кВтч)
ПАО Россети
10 591 млн.кВтч.
млн.
%
Котловой полезный отпуск
Выполнение плановых показателей по ПАО Россети за 1, 2, 3 кв. 2024 года
План
Факт
Динамика
2024 год
0 млн.кВтч.
50 000 млн.кВтч.
100 000 млн.кВтч.
150 000 млн.кВтч.
200 000 млн.кВтч.
250 000 млн.кВтч.
300 000 млн.кВтч.
350 000 млн.кВтч.
400 000 млн.кВтч.
450 000 млн.кВтч.
500 000 млн.кВтч.
389 616
401 414
↑
⬤Отклонение
АО «Тываэнерго»
АО «Чеченэнерго»
Россети Волга
Россети Кубань
Россети Ленэнерго (ГК)
Россети Московский регион
Россети Северный Кавказ (ГК)
Россети Северо-Запад
Россети Сибирь (ГК)
Россети Томск
Россети Тюмень
Россети Урал (ГК)
Россети ФСК ЕЭС
Россети Центр
Россети Центр и Приволжье (ГК)
Россети Юг (ГК)
Россети Янтарь
-2 500 млн.кВтч.
-2 000 млн.кВтч.
-1 500 млн.кВтч.
-1 000 млн.кВтч.
- 500 млн.кВтч.
0 млн.кВтч.
500 млн.кВтч.
1 000 млн.кВтч.
1 500 млн.кВтч.
2 000 млн.кВтч.
2 500 млн.кВтч.
3 000 млн.кВтч.
3 500 млн.кВтч.
86
27
1 090
993
1 054
2 987
243
433
1 733
159
-2 044
1 335
-1 206
1 341
1 490
744
126'

11-11-2024T13:24:13 - [TEST_STEP][PASSED] - i = i + 1: null

11-11-2024T13:24:13 - [TEST_STEP][PASSED] - refresh(): Refresh successfully

11-11-2024T13:24:14 - [MESSAGE][PASSED] - Refresh successfully

11-11-2024T13:24:14 - [TEST_STEP][PASSED] - delay(65): Delayed 65 second(s)

11-11-2024T13:25:19 - [MESSAGE][PASSED] - Delayed 65 second(s)

11-11-2024T13:25:19 - [TEST_STEP][PASSED] - navigateToUrl(findTestData("PlanFact").getValue(10, urlData)): Navigate to 'https://bi.rosseti.digital/viewer?dashboardGuid=2301950b23be4ed89c1df75f2020051e&sheetGuid=9de09c51f7e14f6a9e9103985ef32ea6&fit=true' successfully

11-11-2024T13:25:19 - [MESSAGE][PASSED] - Navigate to 'https://bi.rosseti.digital/viewer?dashboardGuid=2301950b23be4ed89c1df75f2020051e&sheetGuid=9de09c51f7e14f6a9e9103985ef32ea6&fit=true' successfully

11-11-2024T13:25:19 - [TEST_STEP][PASSED] - delay(65): Delayed 65 second(s)

11-11-2024T13:26:24 - [MESSAGE][PASSED] - Delayed 65 second(s)

11-11-2024T13:26:24 - [TEST_STEP][PASSED] - urlText = getText(findTestObject("Страница авторизации/Text")): Text of object 'Object Repository/Страница авторизации/Text' is: 'Период
1, 2, 3 кв. 2024 года
Выручка
Все
ДЗО 
Все
Внутренний оборот – выручка за услуги по передаче электрической энергии, входящая в стоимость электроэнергии (продажа) при выполнении ДЗО функций гарантирующего поставщика
Подписи данных
Отклонение котлового полезного отпуска ПАО Россети за 1, 2, 3 кв. 2024 года (факт/план, млн. кВтч)
ПАО Россети
10 591 млн.кВтч.
млн.
%
Котловой полезный отпуск
Выполнение плановых показателей по ПАО Россети за 1, 2, 3 кв. 2024 года
План
Факт
Динамика
2024 год
0 млн.кВтч.
50 000 млн.кВтч.
100 000 млн.кВтч.
150 000 млн.кВтч.
200 000 млн.кВтч.
250 000 млн.кВтч.
300 000 млн.кВтч.
350 000 млн.кВтч.
400 000 млн.кВтч.
450 000 млн.кВтч.
500 000 млн.кВтч.
389 616
401 414
↑
⬤Отклонение
АО «Тываэнерго»
АО «Чеченэнерго»
Россети Волга
Россети Кубань
Россети Ленэнерго (ГК)
Россети Московский регион
Россети Северный Кавказ (ГК)
Россети Северо-Запад
Россети Сибирь (ГК)
Россети Томск
Россети Тюмень
Россети Урал (ГК)
Россети ФСК ЕЭС
Россети Центр
Россети Центр и Приволжье (ГК)
Россети Юг (ГК)
Россети Янтарь
-2 500 млн.кВтч.
-2 000 млн.кВтч.
-1 500 млн.кВтч.
-1 000 млн.кВтч.
- 500 млн.кВтч.
0 млн.кВтч.
500 млн.кВтч.
1 000 млн.кВтч.
1 500 млн.кВтч.
2 000 млн.кВтч.
2 500 млн.кВтч.
3 000 млн.кВтч.
3 500 млн.кВтч.
86
27
1 090
993
1 054
2 987
243
433
1 733
159
-2 044
1 335
-1 206
1 341
1 490
744
126'

11-11-2024T13:26:25 - [MESSAGE][PASSED] - Text of object 'Object Repository/Страница авторизации/Text' is: 'Период
1, 2, 3 кв. 2024 года
Выручка
Все
ДЗО 
Все
Внутренний оборот – выручка за услуги по передаче электрической энергии, входящая в стоимость электроэнергии (продажа) при выполнении ДЗО функций гарантирующего поставщика
Подписи данных
Отклонение котлового полезного отпуска ПАО Россети за 1, 2, 3 кв. 2024 года (факт/план, млн. кВтч)
ПАО Россети
10 591 млн.кВтч.
млн.
%
Котловой полезный отпуск
Выполнение плановых показателей по ПАО Россети за 1, 2, 3 кв. 2024 года
План
Факт
Динамика
2024 год
0 млн.кВтч.
50 000 млн.кВтч.
100 000 млн.кВтч.
150 000 млн.кВтч.
200 000 млн.кВтч.
250 000 млн.кВтч.
300 000 млн.кВтч.
350 000 млн.кВтч.
400 000 млн.кВтч.
450 000 млн.кВтч.
500 000 млн.кВтч.
389 616
401 414
↑
⬤Отклонение
АО «Тываэнерго»
АО «Чеченэнерго»
Россети Волга
Россети Кубань
Россети Ленэнерго (ГК)
Россети Московский регион
Россети Северный Кавказ (ГК)
Россети Северо-Запад
Россети Сибирь (ГК)
Россети Томск
Россети Тюмень
Россети Урал (ГК)
Россети ФСК ЕЭС
Россети Центр
Россети Центр и Приволжье (ГК)
Россети Юг (ГК)
Россети Янтарь
-2 500 млн.кВтч.
-2 000 млн.кВтч.
-1 500 млн.кВтч.
-1 000 млн.кВтч.
- 500 млн.кВтч.
0 млн.кВтч.
500 млн.кВтч.
1 000 млн.кВтч.
1 500 млн.кВтч.
2 000 млн.кВтч.
2 500 млн.кВтч.
3 000 млн.кВтч.
3 500 млн.кВтч.
86
27
1 090
993
1 054
2 987
243
433
1 733
159
-2 044
1 335
-1 206
1 341
1 490
744
126'

11-11-2024T13:26:25 - [TEST_STEP][PASSED] - i = i + 1: null

11-11-2024T13:26:25 - [TEST_STEP][PASSED] - refresh(): Refresh successfully

11-11-2024T13:26:26 - [MESSAGE][PASSED] - Refresh successfully

11-11-2024T13:26:26 - [TEST_STEP][PASSED] - delay(65): Delayed 65 second(s)

11-11-2024T13:27:31 - [MESSAGE][PASSED] - Delayed 65 second(s)

11-11-2024T13:27:31 - [TEST_STEP][PASSED] - navigateToUrl(findTestData("PlanFact").getValue(10, urlData)): Navigate to 'https://bi.rosseti.digital/viewer?dashboardGuid=2301950b23be4ed89c1df75f2020051e&sheetGuid=9de09c51f7e14f6a9e9103985ef32ea6&fit=true' successfully

11-11-2024T13:27:31 - [MESSAGE][PASSED] - Navigate to 'https://bi.rosseti.digital/viewer?dashboardGuid=2301950b23be4ed89c1df75f2020051e&sheetGuid=9de09c51f7e14f6a9e9103985ef32ea6&fit=true' successfully

11-11-2024T13:27:31 - [TEST_STEP][PASSED] - delay(65): Delayed 65 second(s)

11-11-2024T13:28:36 - [MESSAGE][PASSED] - Delayed 65 second(s)

11-11-2024T13:28:36 - [TEST_STEP][PASSED] - urlText = getText(findTestObject("Страница авторизации/Text")): Text of object 'Object Repository/Страница авторизации/Text' is: 'Период
1, 2, 3 кв. 2024 года
Выручка
Все
ДЗО 
Все
Внутренний оборот – выручка за услуги по передаче электрической энергии, входящая в стоимость электроэнергии (продажа) при выполнении ДЗО функций гарантирующего поставщика
Подписи данных
Отклонение котлового полезного отпуска ПАО Россети за 1, 2, 3 кв. 2024 года (факт/план, млн. кВтч)
ПАО Россети
10 591 млн.кВтч.
млн.
%
Котловой полезный отпуск
Выполнение плановых показателей по ПАО Россети за 1, 2, 3 кв. 2024 года
План
Факт
Динамика
2024 год
0 млн.кВтч.
50 000 млн.кВтч.
100 000 млн.кВтч.
150 000 млн.кВтч.
200 000 млн.кВтч.
250 000 млн.кВтч.
300 000 млн.кВтч.
350 000 млн.кВтч.
400 000 млн.кВтч.
450 000 млн.кВтч.
500 000 млн.кВтч.
389 616
401 414
↑
⬤Отклонение
АО «Тываэнерго»
АО «Чеченэнерго»
Россети Волга
Россети Кубань
Россети Ленэнерго (ГК)
Россети Московский регион
Россети Северный Кавказ (ГК)
Россети Северо-Запад
Россети Сибирь (ГК)
Россети Томск
Россети Тюмень
Россети Урал (ГК)
Россети ФСК ЕЭС
Россети Центр
Россети Центр и Приволжье (ГК)
Россети Юг (ГК)
Россети Янтарь
-2 500 млн.кВтч.
-2 000 млн.кВтч.
-1 500 млн.кВтч.
-1 000 млн.кВтч.
- 500 млн.кВтч.
0 млн.кВтч.
500 млн.кВтч.
1 000 млн.кВтч.
1 500 млн.кВтч.
2 000 млн.кВтч.
2 500 млн.кВтч.
3 000 млн.кВтч.
3 500 млн.кВтч.
86
27
1 090
993
1 054
2 987
243
433
1 733
159
-2 044
1 335
-1 206
1 341
1 490
744
126'

11-11-2024T13:28:37 - [MESSAGE][PASSED] - Text of object 'Object Repository/Страница авторизации/Text' is: 'Период
1, 2, 3 кв. 2024 года
Выручка
Все
ДЗО 
Все
Внутренний оборот – выручка за услуги по передаче электрической энергии, входящая в стоимость электроэнергии (продажа) при выполнении ДЗО функций гарантирующего поставщика
Подписи данных
Отклонение котлового полезного отпуска ПАО Россети за 1, 2, 3 кв. 2024 года (факт/план, млн. кВтч)
ПАО Россети
10 591 млн.кВтч.
млн.
%
Котловой полезный отпуск
Выполнение плановых показателей по ПАО Россети за 1, 2, 3 кв. 2024 года
План
Факт
Динамика
2024 год
0 млн.кВтч.
50 000 млн.кВтч.
100 000 млн.кВтч.
150 000 млн.кВтч.
200 000 млн.кВтч.
250 000 млн.кВтч.
300 000 млн.кВтч.
350 000 млн.кВтч.
400 000 млн.кВтч.
450 000 млн.кВтч.
500 000 млн.кВтч.
389 616
401 414
↑
⬤Отклонение
АО «Тываэнерго»
АО «Чеченэнерго»
Россети Волга
Россети Кубань
Россети Ленэнерго (ГК)
Россети Московский регион
Россети Северный Кавказ (ГК)
Россети Северо-Запад
Россети Сибирь (ГК)
Россети Томск
Россети Тюмень
Россети Урал (ГК)
Россети ФСК ЕЭС
Россети Центр
Россети Центр и Приволжье (ГК)
Россети Юг (ГК)
Россети Янтарь
-2 500 млн.кВтч.
-2 000 млн.кВтч.
-1 500 млн.кВтч.
-1 000 млн.кВтч.
- 500 млн.кВтч.
0 млн.кВтч.
500 млн.кВтч.
1 000 млн.кВтч.
1 500 млн.кВтч.
2 000 млн.кВтч.
2 500 млн.кВтч.
3 000 млн.кВтч.
3 500 млн.кВтч.
86
27
1 090
993
1 054
2 987
243
433
1 733
159
-2 044
1 335
-1 206
1 341
1 490
744
126'

11-11-2024T13:28:37 - [TEST_STEP][PASSED] - i = i + 1: null

11-11-2024T13:28:37 - [TEST_STEP][PASSED] - refresh(): Refresh successfully

11-11-2024T13:28:38 - [MESSAGE][PASSED] - Refresh successfully

11-11-2024T13:28:38 - [TEST_STEP][PASSED] - delay(65): Delayed 65 second(s)

11-11-2024T13:29:43 - [MESSAGE][PASSED] - Delayed 65 second(s)

11-11-2024T13:29:43 - [TEST_STEP][PASSED] - navigateToUrl(findTestData("PlanFact").getValue(10, urlData)): Navigate to 'https://bi.rosseti.digital/viewer?dashboardGuid=2301950b23be4ed89c1df75f2020051e&sheetGuid=9de09c51f7e14f6a9e9103985ef32ea6&fit=true' successfully

11-11-2024T13:29:44 - [MESSAGE][PASSED] - Navigate to 'https://bi.rosseti.digital/viewer?dashboardGuid=2301950b23be4ed89c1df75f2020051e&sheetGuid=9de09c51f7e14f6a9e9103985ef32ea6&fit=true' successfully

11-11-2024T13:29:44 - [TEST_STEP][PASSED] - delay(65): Delayed 65 second(s)

11-11-2024T13:30:49 - [MESSAGE][PASSED] - Delayed 65 second(s)

11-11-2024T13:30:49 - [TEST_STEP][PASSED] - urlText = getText(findTestObject("Страница авторизации/Text")): Text of object 'Object Repository/Страница авторизации/Text' is: 'Период
1, 2, 3 кв. 2024 года
Выручка
Все
ДЗО 
Все
Внутренний оборот – выручка за услуги по передаче электрической энергии, входящая в стоимость электроэнергии (продажа) при выполнении ДЗО функций гарантирующего поставщика
Подписи данных
Отклонение котлового полезного отпуска ПАО Россети за 1, 2, 3 кв. 2024 года (факт/план, млн. кВтч)
ПАО Россети
10 591 млн.кВтч.
млн.
%
Котловой полезный отпуск
Выполнение плановых показателей по ПАО Россети за 1, 2, 3 кв. 2024 года
План
Факт
Динамика
2024 год
0 млн.кВтч.
50 000 млн.кВтч.
100 000 млн.кВтч.
150 000 млн.кВтч.
200 000 млн.кВтч.
250 000 млн.кВтч.
300 000 млн.кВтч.
350 000 млн.кВтч.
400 000 млн.кВтч.
450 000 млн.кВтч.
500 000 млн.кВтч.
389 616
401 414
↑
⬤Отклонение
АО «Тываэнерго»
АО «Чеченэнерго»
Россети Волга
Россети Кубань
Россети Ленэнерго (ГК)
Россети Московский регион
Россети Северный Кавказ (ГК)
Россети Северо-Запад
Россети Сибирь (ГК)
Россети Томск
Россети Тюмень
Россети Урал (ГК)
Россети ФСК ЕЭС
Россети Центр
Россети Центр и Приволжье (ГК)
Россети Юг (ГК)
Россети Янтарь
-2 500 млн.кВтч.
-2 000 млн.кВтч.
-1 500 млн.кВтч.
-1 000 млн.кВтч.
- 500 млн.кВтч.
0 млн.кВтч.
500 млн.кВтч.
1 000 млн.кВтч.
1 500 млн.кВтч.
2 000 млн.кВтч.
2 500 млн.кВтч.
3 000 млн.кВтч.
3 500 млн.кВтч.
86
27
1 090
993
1 054
2 987
243
433
1 733
159
-2 044
1 335
-1 206
1 341
1 490
744
126'

11-11-2024T13:30:49 - [MESSAGE][PASSED] - Text of object 'Object Repository/Страница авторизации/Text' is: 'Период
1, 2, 3 кв. 2024 года
Выручка
Все
ДЗО 
Все
Внутренний оборот – выручка за услуги по передаче электрической энергии, входящая в стоимость электроэнергии (продажа) при выполнении ДЗО функций гарантирующего поставщика
Подписи данных
Отклонение котлового полезного отпуска ПАО Россети за 1, 2, 3 кв. 2024 года (факт/план, млн. кВтч)
ПАО Россети
10 591 млн.кВтч.
млн.
%
Котловой полезный отпуск
Выполнение плановых показателей по ПАО Россети за 1, 2, 3 кв. 2024 года
План
Факт
Динамика
2024 год
0 млн.кВтч.
50 000 млн.кВтч.
100 000 млн.кВтч.
150 000 млн.кВтч.
200 000 млн.кВтч.
250 000 млн.кВтч.
300 000 млн.кВтч.
350 000 млн.кВтч.
400 000 млн.кВтч.
450 000 млн.кВтч.
500 000 млн.кВтч.
389 616
401 414
↑
⬤Отклонение
АО «Тываэнерго»
АО «Чеченэнерго»
Россети Волга
Россети Кубань
Россети Ленэнерго (ГК)
Россети Московский регион
Россети Северный Кавказ (ГК)
Россети Северо-Запад
Россети Сибирь (ГК)
Россети Томск
Россети Тюмень
Россети Урал (ГК)
Россети ФСК ЕЭС
Россети Центр
Россети Центр и Приволжье (ГК)
Россети Юг (ГК)
Россети Янтарь
-2 500 млн.кВтч.
-2 000 млн.кВтч.
-1 500 млн.кВтч.
-1 000 млн.кВтч.
- 500 млн.кВтч.
0 млн.кВтч.
500 млн.кВтч.
1 000 млн.кВтч.
1 500 млн.кВтч.
2 000 млн.кВтч.
2 500 млн.кВтч.
3 000 млн.кВтч.
3 500 млн.кВтч.
86
27
1 090
993
1 054
2 987
243
433
1 733
159
-2 044
1 335
-1 206
1 341
1 490
744
126'

11-11-2024T13:30:49 - [TEST_STEP][PASSED] - i = i + 1: null

11-11-2024T13:30:49 - [TEST_STEP][PASSED] - refresh(): Refresh successfully

11-11-2024T13:30:50 - [MESSAGE][PASSED] - Refresh successfully

11-11-2024T13:30:50 - [TEST_STEP][PASSED] - delay(65): Delayed 65 second(s)

11-11-2024T13:31:55 - [MESSAGE][PASSED] - Delayed 65 second(s)

11-11-2024T13:31:55 - [TEST_STEP][PASSED] - navigateToUrl(findTestData("PlanFact").getValue(10, urlData)): Navigate to 'https://bi.rosseti.digital/viewer?dashboardGuid=2301950b23be4ed89c1df75f2020051e&sheetGuid=9de09c51f7e14f6a9e9103985ef32ea6&fit=true' successfully

11-11-2024T13:31:56 - [MESSAGE][PASSED] - Navigate to 'https://bi.rosseti.digital/viewer?dashboardGuid=2301950b23be4ed89c1df75f2020051e&sheetGuid=9de09c51f7e14f6a9e9103985ef32ea6&fit=true' successfully

11-11-2024T13:31:56 - [TEST_STEP][PASSED] - delay(65): Delayed 65 second(s)

11-11-2024T13:33:01 - [MESSAGE][PASSED] - Delayed 65 second(s)

11-11-2024T13:33:01 - [TEST_STEP][PASSED] - urlText = getText(findTestObject("Страница авторизации/Text")): Text of object 'Object Repository/Страница авторизации/Text' is: 'Период
1, 2, 3 кв. 2024 года
Выручка
Все
ДЗО 
Все
Внутренний оборот – выручка за услуги по передаче электрической энергии, входящая в стоимость электроэнергии (продажа) при выполнении ДЗО функций гарантирующего поставщика
Подписи данных
Отклонение котлового полезного отпуска ПАО Россети за 1, 2, 3 кв. 2024 года (факт/план, млн. кВтч)
ПАО Россети
10 591 млн.кВтч.
млн.
%
Котловой полезный отпуск
Выполнение плановых показателей по ПАО Россети за 1, 2, 3 кв. 2024 года
План
Факт
Динамика
2024 год
0 млн.кВтч.
50 000 млн.кВтч.
100 000 млн.кВтч.
150 000 млн.кВтч.
200 000 млн.кВтч.
250 000 млн.кВтч.
300 000 млн.кВтч.
350 000 млн.кВтч.
400 000 млн.кВтч.
450 000 млн.кВтч.
500 000 млн.кВтч.
389 616
401 414
↑
⬤Отклонение
АО «Тываэнерго»
АО «Чеченэнерго»
Россети Волга
Россети Кубань
Россети Ленэнерго (ГК)
Россети Московский регион
Россети Северный Кавказ (ГК)
Россети Северо-Запад
Россети Сибирь (ГК)
Россети Томск
Россети Тюмень
Россети Урал (ГК)
Россети ФСК ЕЭС
Россети Центр
Россети Центр и Приволжье (ГК)
Россети Юг (ГК)
Россети Янтарь
-2 500 млн.кВтч.
-2 000 млн.кВтч.
-1 500 млн.кВтч.
-1 000 млн.кВтч.
- 500 млн.кВтч.
0 млн.кВтч.
500 млн.кВтч.
1 000 млн.кВтч.
1 500 млн.кВтч.
2 000 млн.кВтч.
2 500 млн.кВтч.
3 000 млн.кВтч.
3 500 млн.кВтч.
86
27
1 090
993
1 054
2 987
243
433
1 733
159
-2 044
1 335
-1 206
1 341
1 490
744
126'

11-11-2024T13:33:02 - [MESSAGE][PASSED] - Text of object 'Object Repository/Страница авторизации/Text' is: 'Период
1, 2, 3 кв. 2024 года
Выручка
Все
ДЗО 
Все
Внутренний оборот – выручка за услуги по передаче электрической энергии, входящая в стоимость электроэнергии (продажа) при выполнении ДЗО функций гарантирующего поставщика
Подписи данных
Отклонение котлового полезного отпуска ПАО Россети за 1, 2, 3 кв. 2024 года (факт/план, млн. кВтч)
ПАО Россети
10 591 млн.кВтч.
млн.
%
Котловой полезный отпуск
Выполнение плановых показателей по ПАО Россети за 1, 2, 3 кв. 2024 года
План
Факт
Динамика
2024 год
0 млн.кВтч.
50 000 млн.кВтч.
100 000 млн.кВтч.
150 000 млн.кВтч.
200 000 млн.кВтч.
250 000 млн.кВтч.
300 000 млн.кВтч.
350 000 млн.кВтч.
400 000 млн.кВтч.
450 000 млн.кВтч.
500 000 млн.кВтч.
389 616
401 414
↑
⬤Отклонение
АО «Тываэнерго»
АО «Чеченэнерго»
Россети Волга
Россети Кубань
Россети Ленэнерго (ГК)
Россети Московский регион
Россети Северный Кавказ (ГК)
Россети Северо-Запад
Россети Сибирь (ГК)
Россети Томск
Россети Тюмень
Россети Урал (ГК)
Россети ФСК ЕЭС
Россети Центр
Россети Центр и Приволжье (ГК)
Россети Юг (ГК)
Россети Янтарь
-2 500 млн.кВтч.
-2 000 млн.кВтч.
-1 500 млн.кВтч.
-1 000 млн.кВтч.
- 500 млн.кВтч.
0 млн.кВтч.
500 млн.кВтч.
1 000 млн.кВтч.
1 500 млн.кВтч.
2 000 млн.кВтч.
2 500 млн.кВтч.
3 000 млн.кВтч.
3 500 млн.кВтч.
86
27
1 090
993
1 054
2 987
243
433
1 733
159
-2 044
1 335
-1 206
1 341
1 490
744
126'

11-11-2024T13:33:02 - [TEST_STEP][PASSED] - i = i + 1: null

11-11-2024T13:33:02 - [TEST_STEP][PASSED] - refresh(): Refresh successfully

11-11-2024T13:33:02 - [MESSAGE][PASSED] - Refresh successfully

11-11-2024T13:33:02 - [TEST_STEP][PASSED] - delay(65): Delayed 65 second(s)

11-11-2024T13:34:07 - [MESSAGE][PASSED] - Delayed 65 second(s)

11-11-2024T13:34:07 - [TEST_STEP][PASSED] - navigateToUrl(findTestData("PlanFact").getValue(10, urlData)): Navigate to 'https://bi.rosseti.digital/viewer?dashboardGuid=2301950b23be4ed89c1df75f2020051e&sheetGuid=9de09c51f7e14f6a9e9103985ef32ea6&fit=true' successfully

11-11-2024T13:34:10 - [MESSAGE][PASSED] - Navigate to 'https://bi.rosseti.digital/viewer?dashboardGuid=2301950b23be4ed89c1df75f2020051e&sheetGuid=9de09c51f7e14f6a9e9103985ef32ea6&fit=true' successfully

11-11-2024T13:34:10 - [TEST_STEP][PASSED] - delay(65): Delayed 65 second(s)

11-11-2024T13:35:15 - [MESSAGE][PASSED] - Delayed 65 second(s)

11-11-2024T13:35:15 - [TEST_STEP][PASSED] - urlText = getText(findTestObject("Страница авторизации/Text")): Text of object 'Object Repository/Страница авторизации/Text' is: 'Период
1, 2, 3 кв. 2024 года
Выручка
Все
ДЗО 
Все
Внутренний оборот – выручка за услуги по передаче электрической энергии, входящая в стоимость электроэнергии (продажа) при выполнении ДЗО функций гарантирующего поставщика
Подписи данных
Отклонение котлового полезного отпуска ПАО Россети за 1, 2, 3 кв. 2024 года (факт/план, млн. кВтч)
ПАО Россети
10 591 млн.кВтч.
млн.
%
Котловой полезный отпуск
Выполнение плановых показателей по ПАО Россети за 1, 2, 3 кв. 2024 года
План
Факт
Динамика
2024 год
0 млн.кВтч.
50 000 млн.кВтч.
100 000 млн.кВтч.
150 000 млн.кВтч.
200 000 млн.кВтч.
250 000 млн.кВтч.
300 000 млн.кВтч.
350 000 млн.кВтч.
400 000 млн.кВтч.
450 000 млн.кВтч.
500 000 млн.кВтч.
389 616
401 414
↑
⬤Отклонение
АО «Тываэнерго»
АО «Чеченэнерго»
Россети Волга
Россети Кубань
Россети Ленэнерго (ГК)
Россети Московский регион
Россети Северный Кавказ (ГК)
Россети Северо-Запад
Россети Сибирь (ГК)
Россети Томск
Россети Тюмень
Россети Урал (ГК)
Россети ФСК ЕЭС
Россети Центр
Россети Центр и Приволжье (ГК)
Россети Юг (ГК)
Россети Янтарь
-2 500 млн.кВтч.
-2 000 млн.кВтч.
-1 500 млн.кВтч.
-1 000 млн.кВтч.
- 500 млн.кВтч.
0 млн.кВтч.
500 млн.кВтч.
1 000 млн.кВтч.
1 500 млн.кВтч.
2 000 млн.кВтч.
2 500 млн.кВтч.
3 000 млн.кВтч.
3 500 млн.кВтч.
86
27
1 090
993
1 054
2 987
243
433
1 733
159
-2 044
1 335
-1 206
1 341
1 490
744
126'

11-11-2024T13:35:16 - [MESSAGE][PASSED] - Text of object 'Object Repository/Страница авторизации/Text' is: 'Период
1, 2, 3 кв. 2024 года
Выручка
Все
ДЗО 
Все
Внутренний оборот – выручка за услуги по передаче электрической энергии, входящая в стоимость электроэнергии (продажа) при выполнении ДЗО функций гарантирующего поставщика
Подписи данных
Отклонение котлового полезного отпуска ПАО Россети за 1, 2, 3 кв. 2024 года (факт/план, млн. кВтч)
ПАО Россети
10 591 млн.кВтч.
млн.
%
Котловой полезный отпуск
Выполнение плановых показателей по ПАО Россети за 1, 2, 3 кв. 2024 года
План
Факт
Динамика
2024 год
0 млн.кВтч.
50 000 млн.кВтч.
100 000 млн.кВтч.
150 000 млн.кВтч.
200 000 млн.кВтч.
250 000 млн.кВтч.
300 000 млн.кВтч.
350 000 млн.кВтч.
400 000 млн.кВтч.
450 000 млн.кВтч.
500 000 млн.кВтч.
389 616
401 414
↑
⬤Отклонение
АО «Тываэнерго»
АО «Чеченэнерго»
Россети Волга
Россети Кубань
Россети Ленэнерго (ГК)
Россети Московский регион
Россети Северный Кавказ (ГК)
Россети Северо-Запад
Россети Сибирь (ГК)
Россети Томск
Россети Тюмень
Россети Урал (ГК)
Россети ФСК ЕЭС
Россети Центр
Россети Центр и Приволжье (ГК)
Россети Юг (ГК)
Россети Янтарь
-2 500 млн.кВтч.
-2 000 млн.кВтч.
-1 500 млн.кВтч.
-1 000 млн.кВтч.
- 500 млн.кВтч.
0 млн.кВтч.
500 млн.кВтч.
1 000 млн.кВтч.
1 500 млн.кВтч.
2 000 млн.кВтч.
2 500 млн.кВтч.
3 000 млн.кВтч.
3 500 млн.кВтч.
86
27
1 090
993
1 054
2 987
243
433
1 733
159
-2 044
1 335
-1 206
1 341
1 490
744
126'

11-11-2024T13:35:16 - [TEST_STEP][PASSED] - i = i + 1: null

11-11-2024T13:35:16 - [TEST_STEP][PASSED] - refresh(): Refresh successfully

11-11-2024T13:35:17 - [MESSAGE][PASSED] - Refresh successfully

11-11-2024T13:35:17 - [TEST_STEP][PASSED] - delay(65): Delayed 65 second(s)

11-11-2024T13:36:22 - [MESSAGE][PASSED] - Delayed 65 second(s)

11-11-2024T13:36:22 - [TEST_STEP][PASSED] - navigateToUrl(findTestData("PlanFact").getValue(10, urlData)): Navigate to 'https://bi.rosseti.digital/viewer?dashboardGuid=2301950b23be4ed89c1df75f2020051e&sheetGuid=9de09c51f7e14f6a9e9103985ef32ea6&fit=true' successfully

11-11-2024T13:36:22 - [MESSAGE][PASSED] - Navigate to 'https://bi.rosseti.digital/viewer?dashboardGuid=2301950b23be4ed89c1df75f2020051e&sheetGuid=9de09c51f7e14f6a9e9103985ef32ea6&fit=true' successfully

11-11-2024T13:36:22 - [TEST_STEP][PASSED] - delay(65): Delayed 65 second(s)

11-11-2024T13:37:27 - [MESSAGE][PASSED] - Delayed 65 second(s)

11-11-2024T13:37:27 - [TEST_STEP][PASSED] - urlText = getText(findTestObject("Страница авторизации/Text")): Text of object 'Object Repository/Страница авторизации/Text' is: 'Период
1, 2, 3 кв. 2024 года
Выручка
Все
ДЗО 
Все
Внутренний оборот – выручка за услуги по передаче электрической энергии, входящая в стоимость электроэнергии (продажа) при выполнении ДЗО функций гарантирующего поставщика
Подписи данных
Отклонение котлового полезного отпуска ПАО Россети за 1, 2, 3 кв. 2024 года (факт/план, млн. кВтч)
ПАО Россети
10 591 млн.кВтч.
млн.
%
Котловой полезный отпуск
Выполнение плановых показателей по ПАО Россети за 1, 2, 3 кв. 2024 года
План
Факт
Динамика
2024 год
0 млн.кВтч.
50 000 млн.кВтч.
100 000 млн.кВтч.
150 000 млн.кВтч.
200 000 млн.кВтч.
250 000 млн.кВтч.
300 000 млн.кВтч.
350 000 млн.кВтч.
400 000 млн.кВтч.
450 000 млн.кВтч.
500 000 млн.кВтч.
389 616
401 414
↑
⬤Отклонение
АО «Тываэнерго»
АО «Чеченэнерго»
Россети Волга
Россети Кубань
Россети Ленэнерго (ГК)
Россети Московский регион
Россети Северный Кавказ (ГК)
Россети Северо-Запад
Россети Сибирь (ГК)
Россети Томск
Россети Тюмень
Россети Урал (ГК)
Россети ФСК ЕЭС
Россети Центр
Россети Центр и Приволжье (ГК)
Россети Юг (ГК)
Россети Янтарь
-2 500 млн.кВтч.
-2 000 млн.кВтч.
-1 500 млн.кВтч.
-1 000 млн.кВтч.
- 500 млн.кВтч.
0 млн.кВтч.
500 млн.кВтч.
1 000 млн.кВтч.
1 500 млн.кВтч.
2 000 млн.кВтч.
2 500 млн.кВтч.
3 000 млн.кВтч.
3 500 млн.кВтч.
86
27
1 090
993
1 054
2 987
243
433
1 733
159
-2 044
1 335
-1 206
1 341
1 490
744
126'

11-11-2024T13:37:28 - [MESSAGE][PASSED] - Text of object 'Object Repository/Страница авторизации/Text' is: 'Период
1, 2, 3 кв. 2024 года
Выручка
Все
ДЗО 
Все
Внутренний оборот – выручка за услуги по передаче электрической энергии, входящая в стоимость электроэнергии (продажа) при выполнении ДЗО функций гарантирующего поставщика
Подписи данных
Отклонение котлового полезного отпуска ПАО Россети за 1, 2, 3 кв. 2024 года (факт/план, млн. кВтч)
ПАО Россети
10 591 млн.кВтч.
млн.
%
Котловой полезный отпуск
Выполнение плановых показателей по ПАО Россети за 1, 2, 3 кв. 2024 года
План
Факт
Динамика
2024 год
0 млн.кВтч.
50 000 млн.кВтч.
100 000 млн.кВтч.
150 000 млн.кВтч.
200 000 млн.кВтч.
250 000 млн.кВтч.
300 000 млн.кВтч.
350 000 млн.кВтч.
400 000 млн.кВтч.
450 000 млн.кВтч.
500 000 млн.кВтч.
389 616
401 414
↑
⬤Отклонение
АО «Тываэнерго»
АО «Чеченэнерго»
Россети Волга
Россети Кубань
Россети Ленэнерго (ГК)
Россети Московский регион
Россети Северный Кавказ (ГК)
Россети Северо-Запад
Россети Сибирь (ГК)
Россети Томск
Россети Тюмень
Россети Урал (ГК)
Россети ФСК ЕЭС
Россети Центр
Россети Центр и Приволжье (ГК)
Россети Юг (ГК)
Россети Янтарь
-2 500 млн.кВтч.
-2 000 млн.кВтч.
-1 500 млн.кВтч.
-1 000 млн.кВтч.
- 500 млн.кВтч.
0 млн.кВтч.
500 млн.кВтч.
1 000 млн.кВтч.
1 500 млн.кВтч.
2 000 млн.кВтч.
2 500 млн.кВтч.
3 000 млн.кВтч.
3 500 млн.кВтч.
86
27
1 090
993
1 054
2 987
243
433
1 733
159
-2 044
1 335
-1 206
1 341
1 490
744
126'

11-11-2024T13:37:28 - [TEST_STEP][PASSED] - a2 = "": null

11-11-2024T13:37:28 - [TEST_STEP][PASSED] - a3 = "": null

11-11-2024T13:37:28 - [TEST_STEP][PASSED] - a4 = "": null

11-11-2024T13:37:28 - [TEST_STEP][PASSED] - a5 = "": null

11-11-2024T13:37:28 - [TEST_STEP][PASSED] - a6 = "": null

11-11-2024T13:37:28 - [TEST_STEP][PASSED] - a7 = "": null

11-11-2024T13:37:28 - [TEST_STEP][PASSED] - a8 = "": null

11-11-2024T13:37:28 - [TEST_STEP][PASSED] - a9 = "": null

11-11-2024T13:37:28 - [TEST_STEP][PASSED] - if (run == 1): null

11-11-2024T13:37:28 - [TEST_STEP][PASSED] - if (run == 2): null

11-11-2024T13:37:28 - [TEST_STEP][PASSED] - if (run == 3): null

11-11-2024T13:37:28 - [TEST_STEP][PASSED] - user = "Попова": null

11-11-2024T13:37:28 - [TEST_STEP][PASSED] - a1 = getText(findTestObject("Котловой полезный отпуск/График 1")): Text of object 'Object Repository/Котловой полезный отпуск/График 1' is: 'Период
1, 2, 3 кв. 2024 года
Выручка
Все
ДЗО 
Все
Внутренний оборот – выручка за услуги по передаче электрической энергии, входящая в стоимость электроэнергии (продажа) при выполнении ДЗО функций гарантирующего поставщика
Подписи данных
Отклонение котлового полезного отпуска ПАО Россети за 1, 2, 3 кв. 2024 года (факт/план, млн. кВтч)
ПАО Россети
10 591 млн.кВтч.
млн.
%
Котловой полезный отпуск
Выполнение плановых показателей по ПАО Россети за 1, 2, 3 кв. 2024 года
План
Факт
Динамика
2024 год
0 млн.кВтч.
50 000 млн.кВтч.
100 000 млн.кВтч.
150 000 млн.кВтч.
200 000 млн.кВтч.
250 000 млн.кВтч.
300 000 млн.кВтч.
350 000 млн.кВтч.
400 000 млн.кВтч.
450 000 млн.кВтч.
500 000 млн.кВтч.
389 616
401 414
↑
⬤Отклонение
АО «Тываэнерго»
АО «Чеченэнерго»
Россети Волга
Россети Кубань
Россети Ленэнерго (ГК)
Россети Московский регион
Россети Северный Кавказ (ГК)
Россети Северо-Запад
Россети Сибирь (ГК)
Россети Томск
Россети Тюмень
Россети Урал (ГК)
Россети ФСК ЕЭС
Россети Центр
Россети Центр и Приволжье (ГК)
Россети Юг (ГК)
Россети Янтарь
-2 500 млн.кВтч.
-2 000 млн.кВтч.
-1 500 млн.кВтч.
-1 000 млн.кВтч.
- 500 млн.кВтч.
0 млн.кВтч.
500 млн.кВтч.
1 000 млн.кВтч.
1 500 млн.кВтч.
2 000 млн.кВтч.
2 500 млн.кВтч.
3 000 млн.кВтч.
3 500 млн.кВтч.
86
27
1 090
993
1 054
2 987
243
433
1 733
159
-2 044
1 335
-1 206
1 341
1 490
744
126'

11-11-2024T13:37:29 - [MESSAGE][PASSED] - Text of object 'Object Repository/Котловой полезный отпуск/График 1' is: 'Период
1, 2, 3 кв. 2024 года
Выручка
Все
ДЗО 
Все
Внутренний оборот – выручка за услуги по передаче электрической энергии, входящая в стоимость электроэнергии (продажа) при выполнении ДЗО функций гарантирующего поставщика
Подписи данных
Отклонение котлового полезного отпуска ПАО Россети за 1, 2, 3 кв. 2024 года (факт/план, млн. кВтч)
ПАО Россети
10 591 млн.кВтч.
млн.
%
Котловой полезный отпуск
Выполнение плановых показателей по ПАО Россети за 1, 2, 3 кв. 2024 года
План
Факт
Динамика
2024 год
0 млн.кВтч.
50 000 млн.кВтч.
100 000 млн.кВтч.
150 000 млн.кВтч.
200 000 млн.кВтч.
250 000 млн.кВтч.
300 000 млн.кВтч.
350 000 млн.кВтч.
400 000 млн.кВтч.
450 000 млн.кВтч.
500 000 млн.кВтч.
389 616
401 414
↑
⬤Отклонение
АО «Тываэнерго»
АО «Чеченэнерго»
Россети Волга
Россети Кубань
Россети Ленэнерго (ГК)
Россети Московский регион
Россети Северный Кавказ (ГК)
Россети Северо-Запад
Россети Сибирь (ГК)
Россети Томск
Россети Тюмень
Россети Урал (ГК)
Россети ФСК ЕЭС
Россети Центр
Россети Центр и Приволжье (ГК)
Россети Юг (ГК)
Россети Янтарь
-2 500 млн.кВтч.
-2 000 млн.кВтч.
-1 500 млн.кВтч.
-1 000 млн.кВтч.
- 500 млн.кВтч.
0 млн.кВтч.
500 млн.кВтч.
1 000 млн.кВтч.
1 500 млн.кВтч.
2 000 млн.кВтч.
2 500 млн.кВтч.
3 000 млн.кВтч.
3 500 млн.кВтч.
86
27
1 090
993
1 054
2 987
243
433
1 733
159
-2 044
1 335
-1 206
1 341
1 490
744
126'

11-11-2024T13:37:29 - [TEST_STEP][PASSED] - a1 = replaceAll("[\r?
|
]", "").replaceAll("\s+", ""): null

11-11-2024T13:37:29 - [TEST_STEP][PASSED] - if (a1 == ""): null

11-11-2024T13:37:29 - [TEST_STEP][PASSED] - n = n + 23: null

11-11-2024T13:37:29 - [TEST_STEP][PASSED] - b = n - run + 1: null

11-11-2024T13:37:29 - [TEST_STEP][PASSED] - verifyEqual(findTestData("PlanFact").getValue(2, b), a1): Actual object '123202412320241059112320242024050000100000150000200000250000300000350000400000450000500000389616401414↑⬤250020001500100050005001000150020002500300035008627109099310542987243433173315920441335120613411490744126' and expected object '123202412320241059112320242024050000100000150000200000250000300000350000400000450000500000389616401414↑⬤250020001500100050005001000150020002500300035008627109099310542987243433173315920441335120613411490744126' are equal

11-11-2024T13:37:29 - [MESSAGE][PASSED] - Actual object '123202412320241059112320242024050000100000150000200000250000300000350000400000450000500000389616401414↑⬤250020001500100050005001000150020002500300035008627109099310542987243433173315920441335120613411490744126' and expected object '123202412320241059112320242024050000100000150000200000250000300000350000400000450000500000389616401414↑⬤250020001500100050005001000150020002500300035008627109099310542987243433173315920441335120613411490744126' are equal

11-11-2024T13:37:29 - [TEST_STEP][PASSED] - Script1686231490255.WriteToExcel(user, dashboardName, n, data, run, a1, a2, a3, a4, a5, a6, a7, a8, a9): null

11-11-2024T13:37:29 - [TEST_STEP][PASSED] - sheetName = "Sheet1": null

11-11-2024T13:37:29 - [TEST_STEP][PASSED] - workbook01 = getWorkbook(excelFilePath): null

11-11-2024T13:37:29 - [TEST_STEP][PASSED] - sheet01 = getExcelSheet(workbook01, sheetName): null

11-11-2024T13:37:29 - [TEST_STEP][PASSED] - setValueToCellByIndex(sheet01, n, 0, dashboardName): null

11-11-2024T13:37:29 - [TEST_STEP][PASSED] - setValueToCellByIndex(sheet01, n, 10, user): null

11-11-2024T13:37:29 - [TEST_STEP][PASSED] - setValueToCellByIndex(sheet01, n, 1, a1): null

11-11-2024T13:37:29 - [TEST_STEP][PASSED] - setValueToCellByIndex(sheet01, n, 2, a2): null

11-11-2024T13:37:29 - [TEST_STEP][PASSED] - setValueToCellByIndex(sheet01, n, 3, a3): null

11-11-2024T13:37:29 - [TEST_STEP][PASSED] - setValueToCellByIndex(sheet01, n, 4, a4): null

11-11-2024T13:37:29 - [TEST_STEP][PASSED] - setValueToCellByIndex(sheet01, n, 5, a5): null

11-11-2024T13:37:29 - [TEST_STEP][PASSED] - setValueToCellByIndex(sheet01, n, 6, a6): null

11-11-2024T13:37:29 - [TEST_STEP][PASSED] - setValueToCellByIndex(sheet01, n, 7, a7): null

11-11-2024T13:37:29 - [TEST_STEP][PASSED] - setValueToCellByIndex(sheet01, n, 8, a8): null

11-11-2024T13:37:29 - [TEST_STEP][PASSED] - setValueToCellByIndex(sheet01, n, 9, a9): null

11-11-2024T13:37:29 - [TEST_STEP][PASSED] - n = n + 1: null

11-11-2024T13:37:29 - [TEST_STEP][PASSED] - saveWorkbook(excelFilePath, workbook01): null

11-11-2024T13:37:29 - [TEST_STEP][PASSED] - closeBrowser(): Browser is closed

11-11-2024T13:37:30 - [MESSAGE][PASSED] - Browser is closed

11-11-2024T13:37:30 - [TEST_STEP][PASSED] - delay(65): Delayed 65 second(s)

11-11-2024T13:38:35 - [MESSAGE][PASSED] - Delayed 65 second(s)

11-11-2024T13:38:35 - [TEST_STEP][PASSED] - for ([run = 1, run < 4, (run++)]): null

11-11-2024T13:38:35 - [TEST_STEP][PASSED] - FaktorniyAnaliz(user, dashboardName, n, data, run, a1, a2, a3, a4, a5, a6, a7, a8, a9, urlData): null

11-11-2024T13:38:35 - [TEST_STEP][PASSED] - n = data.getRowNumbers() + 1: null

11-11-2024T13:38:35 - [TEST_STEP][PASSED] - println(n): null

11-11-2024T13:38:35 - [TEST_STEP][PASSED] - dashboardName = "Факторный анализ": null

11-11-2024T13:38:35 - [TEST_STEP][PASSED] - openBrowser(""): Browser is opened with url: ''

11-11-2024T13:38:35 - [MESSAGE][INFO] - Starting 'Chrome' driver

11-11-2024T13:38:35 - [MESSAGE][INFO] - Action delay is set to 0 milliseconds

11-11-2024T13:38:37 - [MESSAGE][PASSED] - Browser is opened with url: ''

11-11-2024T13:38:37 - [TEST_STEP][PASSED] - urlData = 3: null

11-11-2024T13:38:37 - [TEST_STEP][PASSED] - Script1686231490255.CheckPageDownload(urlData, run): null

11-11-2024T13:38:37 - [TEST_STEP][PASSED] - i = 1: null

11-11-2024T13:38:37 - [TEST_STEP][PASSED] - ii = 0: null

11-11-2024T13:38:37 - [TEST_STEP][PASSED] - urlText = <not implemented yet for class: org.codehaus.groovy.ast.expr.EmptyExpression>: null

11-11-2024T13:38:37 - [TEST_STEP][PASSED] - searchWord = <not implemented yet for class: org.codehaus.groovy.ast.expr.EmptyExpression>: null

11-11-2024T13:38:37 - [TEST_STEP][PASSED] - deleteAllCookies(): Delete all cookies successfully

11-11-2024T13:38:37 - [MESSAGE][PASSED] - Delete all cookies successfully

11-11-2024T13:38:37 - [TEST_STEP][PASSED] - refresh(): Refresh successfully

11-11-2024T13:38:37 - [MESSAGE][PASSED] - Refresh successfully

11-11-2024T13:38:37 - [TEST_STEP][PASSED] - delay(65): Delayed 65 second(s)

11-11-2024T13:39:42 - [MESSAGE][PASSED] - Delayed 65 second(s)

11-11-2024T13:39:42 - [TEST_STEP][PASSED] - navigateToUrl(findTestData("PlanFact").getValue(10, urlData)): Navigate to 'https://bi.rosseti.digital/viewer?dashboardGuid=2301950b23be4ed89c1df75f2020051e&sheetGuid=ccd7d7486b3d4e6fa0ee9b1eaebed46c&fit=true' successfully

11-11-2024T13:39:47 - [MESSAGE][PASSED] - Navigate to 'https://bi.rosseti.digital/viewer?dashboardGuid=2301950b23be4ed89c1df75f2020051e&sheetGuid=ccd7d7486b3d4e6fa0ee9b1eaebed46c&fit=true' successfully

11-11-2024T13:39:47 - [TEST_STEP][PASSED] - pageLoaded1 = verifyElementPresent(findTestObject("Страница авторизации/Text"), 30): Object 'Object Repository/Страница авторизации/Text' is present

11-11-2024T13:39:51 - [MESSAGE][PASSED] - Object 'Object Repository/Страница авторизации/Text' is present

11-11-2024T13:39:51 - [TEST_STEP][PASSED] - if (pageLoaded1 == false): null

11-11-2024T13:39:51 - [TEST_STEP][PASSED] - urlText = getText(findTestObject("Страница авторизации/Text")): Text of object 'Object Repository/Страница авторизации/Text' is: 'Вход'

11-11-2024T13:39:52 - [MESSAGE][PASSED] - Text of object 'Object Repository/Страница авторизации/Text' is: 'Вход'

11-11-2024T13:39:52 - [TEST_STEP][PASSED] - delay(65): Delayed 65 second(s)

11-11-2024T13:40:57 - [MESSAGE][PASSED] - Delayed 65 second(s)

11-11-2024T13:40:57 - [TEST_STEP][PASSED] - searchWord = "Вход": null

11-11-2024T13:40:57 - [TEST_STEP][PASSED] - if (urlText.contains(searchWord) == false): null

11-11-2024T13:40:57 - [TEST_STEP][PASSED] - setText(findTestObject("Страница авторизации/input__username"), findTestData("PlanFact").getValue(8, run)): Text 'liazgina-di' is set on object 'Object Repository/Страница авторизации/input__username'

11-11-2024T13:40:57 - [MESSAGE][PASSED] - Text 'liazgina-di' is set on object 'Object Repository/Страница авторизации/input__username'

11-11-2024T13:40:57 - [TEST_STEP][PASSED] - setText(findTestObject("Страница авторизации/input__password"), findTestData("PlanFact").getValue(9, run)): Text ')$%5srZ8o688Dm#q' is set on object 'Object Repository/Страница авторизации/input__password'

11-11-2024T13:40:58 - [MESSAGE][PASSED] - Text ')$%5srZ8o688Dm#q' is set on object 'Object Repository/Страница авторизации/input__password'

11-11-2024T13:40:58 - [TEST_STEP][PASSED] - click(findTestObject("Страница авторизации/button_")): Object: 'Object Repository/Страница авторизации/button_' is clicked on

11-11-2024T13:41:01 - [MESSAGE][PASSED] - Object: 'Object Repository/Страница авторизации/button_' is clicked on

11-11-2024T13:41:01 - [TEST_STEP][PASSED] - delay(65): Delayed 65 second(s)

11-11-2024T13:42:06 - [MESSAGE][PASSED] - Delayed 65 second(s)

11-11-2024T13:42:06 - [TEST_STEP][PASSED] - searchWord = "а": null

11-11-2024T13:42:06 - [TEST_STEP][PASSED] - pageLoaded2 = verifyElementPresent(findTestObject("Страница авторизации/Text"), 50): Object 'Object Repository/Страница авторизации/Text' is present

11-11-2024T13:42:07 - [MESSAGE][PASSED] - Object 'Object Repository/Страница авторизации/Text' is present

11-11-2024T13:42:07 - [TEST_STEP][PASSED] - if (pageLoaded2 == false): null

11-11-2024T13:42:07 - [TEST_STEP][PASSED] - urlText = getText(findTestObject("Страница авторизации/Text")): Text of object 'Object Repository/Страница авторизации/Text' is: 'Период
1, 2, 3 кв. 2024 года
ДЗО 
Все
Подписи данных
Итого отклонения по группе компаний: - 366 403 млн.руб.
Филиал
Месяц
Факторный анализ
Всего отклонения по факторам по ПАО Россети за 1, 2, 3 кв. 2024 года
ДЗО
Филиал
Отклонение (объём услуг)
Отклонение (средний тариф)
АО «Тываэнерго» АО "Тываэнерго" 276 -37
АО «Чеченэнерго» АО «Чеченэнерго» -3 339 14
Россети Волга Мордовэнерго -2 825 -86
Оренбургэнерго -11 247 - 162
Пензаэнерго -6 748 -72
Самарские РС -13 058 -1 024
Саратовские РС -13 303 - 443
Ульяновские РС -4 845 - 201
Чувашэнерго -4 186 126
Россети Кубань Кубаньэнерго -53 529 241
Россети Ленэнерго (ГК) Ленинградская область -29 499 598
г. Санкт-Петербург -41 171 -39
Россети Московский регион Московская область 4 566 - 535
г. Москва 2 812 57
Россети Северный Кавказ (ГК) Дагестанская энергосбытовая компания - 111 69
Дагэнерго -6 378 480
Ингушэнерго -1 440 100
Каббалкэнерго -2 677 26
Карачаево-Черкесскэнерго -1 725 -9
Севкавказэнерго -3 016 125
Ставропольэнерго -8 347 - 222
Россети Северо-Запад Архангельский филиал 63 -80
Вологодский филиал 229 -6
Карельский филиал -21 160
Мурманский филиал 102 64
Новгородский филиал 207 -40
Псковский филиал 146 -18
филиал в Республике Коми 10 23
Россети Сибирь (ГК) Алтайэнерго 275 275
Бурятэнерго -95 298
ГАЭС 114 -15
Красноярскэнерго 1 087 - 413
Кузбассэнерго-РЭС 329 205
Омскэнерго 127 - 112
Хакасэнерго 327 - 363
Читаэнерго -44 120
Россети Томск Томская распределительная компания -6 624 - 125
Россети Тюмень Россети Тюмень -65 636 - 459
Россети Урал (ГК) Пермэнерго 594 - 218
Свердловэнерго 805 233
Челябэнерго 973 - 671
Россети ФСК ЕЭС Итого по ФСК ЕЭС -16 312 -8 781
Россети Центр Белгородэнерго 299 111
Брянскэнерго -4 489 32
Воронежэнерго -12 187 182
Костромаэнерго 83 2
Курскэнерго -2 381 132
Липецкэнерго 731 - 322
Орелэнерго -3 553 -22
Смоленскэнерго -6 765 35
Тамбовэнерго -5 262 -4
Тверьэнерго 319 127
Ярэнерго -6 307 31
Россети Центр и Приволжье (ГК) Владимирэнерго 517 49
Ивэнерго 169 40
Калугаэнерго 558 -42
Кировэнерго 403 0
Мариэнерго 144 19
Нижновэнерго 658 231
Рязаньэнерго 259 47
Тулэнерго 733 - 209
Удмуртэнерго 294 3
Россети Юг (ГК) АО «ВМЭС» -3 370 41
Астраханьэнерго -5 158 90
Волгоградэнерго -8 953 - 310
Калмэнерго -1 477 -5
Ростовэнерго -18 198 44
Россети Янтарь Россети Янтарь 305 -28
Отклонения выручки по факторам по выбранным ДЗО, руб
-355 761-355 761
-10 642-10 642
Отклонение (объём услуг)
Отклонение (средний тариф)
ПАО Россети'

11-11-2024T13:42:07 - [MESSAGE][PASSED] - Text of object 'Object Repository/Страница авторизации/Text' is: 'Период
1, 2, 3 кв. 2024 года
ДЗО 
Все
Подписи данных
Итого отклонения по группе компаний: - 366 403 млн.руб.
Филиал
Месяц
Факторный анализ
Всего отклонения по факторам по ПАО Россети за 1, 2, 3 кв. 2024 года
ДЗО
Филиал
Отклонение (объём услуг)
Отклонение (средний тариф)
АО «Тываэнерго» АО "Тываэнерго" 276 -37
АО «Чеченэнерго» АО «Чеченэнерго» -3 339 14
Россети Волга Мордовэнерго -2 825 -86
Оренбургэнерго -11 247 - 162
Пензаэнерго -6 748 -72
Самарские РС -13 058 -1 024
Саратовские РС -13 303 - 443
Ульяновские РС -4 845 - 201
Чувашэнерго -4 186 126
Россети Кубань Кубаньэнерго -53 529 241
Россети Ленэнерго (ГК) Ленинградская область -29 499 598
г. Санкт-Петербург -41 171 -39
Россети Московский регион Московская область 4 566 - 535
г. Москва 2 812 57
Россети Северный Кавказ (ГК) Дагестанская энергосбытовая компания - 111 69
Дагэнерго -6 378 480
Ингушэнерго -1 440 100
Каббалкэнерго -2 677 26
Карачаево-Черкесскэнерго -1 725 -9
Севкавказэнерго -3 016 125
Ставропольэнерго -8 347 - 222
Россети Северо-Запад Архангельский филиал 63 -80
Вологодский филиал 229 -6
Карельский филиал -21 160
Мурманский филиал 102 64
Новгородский филиал 207 -40
Псковский филиал 146 -18
филиал в Республике Коми 10 23
Россети Сибирь (ГК) Алтайэнерго 275 275
Бурятэнерго -95 298
ГАЭС 114 -15
Красноярскэнерго 1 087 - 413
Кузбассэнерго-РЭС 329 205
Омскэнерго 127 - 112
Хакасэнерго 327 - 363
Читаэнерго -44 120
Россети Томск Томская распределительная компания -6 624 - 125
Россети Тюмень Россети Тюмень -65 636 - 459
Россети Урал (ГК) Пермэнерго 594 - 218
Свердловэнерго 805 233
Челябэнерго 973 - 671
Россети ФСК ЕЭС Итого по ФСК ЕЭС -16 312 -8 781
Россети Центр Белгородэнерго 299 111
Брянскэнерго -4 489 32
Воронежэнерго -12 187 182
Костромаэнерго 83 2
Курскэнерго -2 381 132
Липецкэнерго 731 - 322
Орелэнерго -3 553 -22
Смоленскэнерго -6 765 35
Тамбовэнерго -5 262 -4
Тверьэнерго 319 127
Ярэнерго -6 307 31
Россети Центр и Приволжье (ГК) Владимирэнерго 517 49
Ивэнерго 169 40
Калугаэнерго 558 -42
Кировэнерго 403 0
Мариэнерго 144 19
Нижновэнерго 658 231
Рязаньэнерго 259 47
Тулэнерго 733 - 209
Удмуртэнерго 294 3
Россети Юг (ГК) АО «ВМЭС» -3 370 41
Астраханьэнерго -5 158 90
Волгоградэнерго -8 953 - 310
Калмэнерго -1 477 -5
Ростовэнерго -18 198 44
Россети Янтарь Россети Янтарь 305 -28
Отклонения выручки по факторам по выбранным ДЗО, руб
-355 761-355 761
-10 642-10 642
Отклонение (объём услуг)
Отклонение (средний тариф)
ПАО Россети'

11-11-2024T13:42:07 - [TEST_STEP][PASSED] - if (urlText.contains("ошибка") || urlText.contains(searchWord) == false): null

11-11-2024T13:42:07 - [TEST_STEP][PASSED] - click(findTestObject("Факторный анализ/Фильтр Период")): Object: 'Object Repository/Факторный анализ/Фильтр Период' is clicked on

11-11-2024T13:42:08 - [MESSAGE][PASSED] - Object: 'Object Repository/Факторный анализ/Фильтр Период' is clicked on

11-11-2024T13:42:08 - [TEST_STEP][PASSED] - click(findTestObject("Факторный анализ/Снять выделение в фильтре Дата")): Object: 'Object Repository/Факторный анализ/Снять выделение в фильтре Дата' is clicked on

11-11-2024T13:42:08 - [MESSAGE][PASSED] - Object: 'Object Repository/Факторный анализ/Снять выделение в фильтре Дата' is clicked on

11-11-2024T13:42:08 - [TEST_STEP][PASSED] - click(findTestObject("Факторный анализ/Применить в фильтре Дата")): Object: 'Object Repository/Факторный анализ/Применить в фильтре Дата' is clicked on

11-11-2024T13:42:09 - [MESSAGE][PASSED] - Object: 'Object Repository/Факторный анализ/Применить в фильтре Дата' is clicked on

11-11-2024T13:42:09 - [TEST_STEP][PASSED] - click(findTestObject("Факторный анализ/Фильтр Период")): Object: 'Object Repository/Факторный анализ/Фильтр Период' is clicked on

11-11-2024T13:42:39 - [MESSAGE][PASSED] - Object: 'Object Repository/Факторный анализ/Фильтр Период' is clicked on

11-11-2024T13:42:39 - [TEST_STEP][PASSED] - click(findTestObject("Факторный анализ/Снять выделение в фильтре Дата")): Object: 'Object Repository/Факторный анализ/Снять выделение в фильтре Дата' is clicked on

11-11-2024T13:43:09 - [MESSAGE][PASSED] - Object: 'Object Repository/Факторный анализ/Снять выделение в фильтре Дата' is clicked on

11-11-2024T13:43:09 - [TEST_STEP][PASSED] - scrollToElement(findTestObject("Факторный анализ/2024 список"), 30): Scroll to object 'Object Repository/Факторный анализ/2024 список' successfully

11-11-2024T13:43:39 - [MESSAGE][PASSED] - Scroll to object 'Object Repository/Факторный анализ/2024 список' successfully

11-11-2024T13:43:39 - [TEST_STEP][PASSED] - click(findTestObject("Факторный анализ/2024 список")): Object: 'Object Repository/Факторный анализ/2024 список' is clicked on

11-11-2024T13:44:09 - [MESSAGE][PASSED] - Object: 'Object Repository/Факторный анализ/2024 список' is clicked on

11-11-2024T13:44:09 - [TEST_STEP][PASSED] - scrollToElement(findTestObject("Факторный анализ/1 квартал 2024 выбрать"), 30): Scroll to object 'Object Repository/Факторный анализ/1 квартал 2024 выбрать' successfully

11-11-2024T13:44:39 - [MESSAGE][PASSED] - Scroll to object 'Object Repository/Факторный анализ/1 квартал 2024 выбрать' successfully

11-11-2024T13:44:39 - [TEST_STEP][PASSED] - click(findTestObject("Факторный анализ/1 квартал 2024 выбрать")): Object: 'Object Repository/Факторный анализ/1 квартал 2024 выбрать' is clicked on

11-11-2024T13:45:09 - [MESSAGE][PASSED] - Object: 'Object Repository/Факторный анализ/1 квартал 2024 выбрать' is clicked on

11-11-2024T13:45:09 - [TEST_STEP][PASSED] - scrollToElement(findTestObject("Факторный анализ/1 квартал 2024 выбрать"), 30): Scroll to object 'Object Repository/Факторный анализ/1 квартал 2024 выбрать' successfully

11-11-2024T13:45:39 - [MESSAGE][PASSED] - Scroll to object 'Object Repository/Факторный анализ/1 квартал 2024 выбрать' successfully

11-11-2024T13:45:39 - [TEST_STEP][PASSED] - click(findTestObject("Факторный анализ/2 квартал 2024 выбрать"), CONTINUE_ON_FAILURE): Object: 'Object Repository/Факторный анализ/2 квартал 2024 выбрать' is clicked on

11-11-2024T13:46:10 - [MESSAGE][PASSED] - Object: 'Object Repository/Факторный анализ/2 квартал 2024 выбрать' is clicked on

11-11-2024T13:46:10 - [TEST_STEP][PASSED] - scrollToElement(findTestObject("Факторный анализ/3 квартал 2024 список"), 30): Scroll to object 'Object Repository/Факторный анализ/3 квартал 2024 список' successfully

11-11-2024T13:46:40 - [MESSAGE][PASSED] - Scroll to object 'Object Repository/Факторный анализ/3 квартал 2024 список' successfully

11-11-2024T13:46:40 - [TEST_STEP][PASSED] - click(findTestObject("Факторный анализ/3 квартал 2024 выбрать"), CONTINUE_ON_FAILURE): Object: 'Object Repository/Факторный анализ/3 квартал 2024 выбрать' is clicked on

11-11-2024T13:47:10 - [MESSAGE][PASSED] - Object: 'Object Repository/Факторный анализ/3 квартал 2024 выбрать' is clicked on

11-11-2024T13:47:10 - [TEST_STEP][PASSED] - scrollToElement(findTestObject("Факторный анализ/Заголовок дашборда"), 30): Scroll to object 'Object Repository/Факторный анализ/Заголовок дашборда' successfully

11-11-2024T13:47:40 - [MESSAGE][PASSED] - Scroll to object 'Object Repository/Факторный анализ/Заголовок дашборда' successfully

11-11-2024T13:47:40 - [TEST_STEP][PASSED] - click(findTestObject("Факторный анализ/Применить в фильтре Дата")): Object: 'Object Repository/Факторный анализ/Применить в фильтре Дата' is clicked on

11-11-2024T13:48:10 - [MESSAGE][PASSED] - Object: 'Object Repository/Факторный анализ/Применить в фильтре Дата' is clicked on

11-11-2024T13:48:10 - [TEST_STEP][PASSED] - a5 = "": null

11-11-2024T13:48:10 - [TEST_STEP][PASSED] - a6 = "": null

11-11-2024T13:48:10 - [TEST_STEP][PASSED] - a7 = "": null

11-11-2024T13:48:10 - [TEST_STEP][PASSED] - a8 = "": null

11-11-2024T13:48:10 - [TEST_STEP][PASSED] - a9 = "": null

11-11-2024T13:48:10 - [TEST_STEP][PASSED] - if (run == 1): null

11-11-2024T13:48:10 - [TEST_STEP][PASSED] - user = "админ": null

11-11-2024T13:48:10 - [TEST_STEP][PASSED] - a1 = getText(findTestObject("Факторный анализ/span1 Блок руководителя")): Text of object 'Object Repository/Факторный анализ/span1 Блок руководителя' is: ''

11-11-2024T13:48:14 - [MESSAGE][PASSED] - Text of object 'Object Repository/Факторный анализ/span1 Блок руководителя' is: ''

11-11-2024T13:48:14 - [TEST_STEP][PASSED] - a2 = getText(findTestObject("Факторный анализ/span2 Блок руководителя")): Text of object 'Object Repository/Факторный анализ/span2 Блок руководителя' is: ''

11-11-2024T13:48:14 - [MESSAGE][PASSED] - Text of object 'Object Repository/Факторный анализ/span2 Блок руководителя' is: ''

11-11-2024T13:48:14 - [TEST_STEP][PASSED] - a3 = getText(findTestObject("Факторный анализ/График Всего отклонения по факторам Блок руководителя")): Text of object 'Object Repository/Факторный анализ/График Всего отклонения по факторам Блок руководителя' is: 'ДЗО
Филиал
Отклонение (объём услуг)
Отклонение (средний тариф)
АО «Тываэнерго» АО "Тываэнерго" 276 -37
АО «Чеченэнерго» АО «Чеченэнерго» -3 339 14
Россети Волга Мордовэнерго -2 825 -86
Оренбургэнерго -11 247 - 162
Пензаэнерго -6 748 -72
Самарские РС -13 058 -1 024
Саратовские РС -13 303 - 443
Ульяновские РС -4 845 - 201
Чувашэнерго -4 186 126
Россети Кубань Кубаньэнерго -53 529 241
Россети Ленэнерго (ГК) Ленинградская область -29 499 598
г. Санкт-Петербург -41 171 -39
Россети Московский регион Московская область 4 566 - 535
г. Москва 2 812 57
Россети Северный Кавказ (ГК) Дагестанская энергосбытовая компания - 111 69
Дагэнерго -6 378 480
Ингушэнерго -1 440 100
Каббалкэнерго -2 677 26
Карачаево-Черкесскэнерго -1 725 -9
Севкавказэнерго -3 016 125
Ставропольэнерго -8 347 - 222
Россети Северо-Запад Архангельский филиал 63 -80
Вологодский филиал 229 -6
Карельский филиал -21 160
Мурманский филиал 102 64
Новгородский филиал 207 -40
Псковский филиал 146 -18
филиал в Республике Коми 10 23
Россети Сибирь (ГК) Алтайэнерго 275 275
Бурятэнерго -95 298
ГАЭС 114 -15
Красноярскэнерго 1 087 - 413
Кузбассэнерго-РЭС 329 205
Омскэнерго 127 - 112
Хакасэнерго 327 - 363
Читаэнерго -44 120
Россети Томск Томская распределительная компания -6 624 - 125
Россети Тюмень Россети Тюмень -65 636 - 459
Россети Урал (ГК) Пермэнерго 594 - 218
Свердловэнерго 805 233
Челябэнерго 973 - 671
Россети ФСК ЕЭС Итого по ФСК ЕЭС -16 312 -8 781
Россети Центр Белгородэнерго 299 111
Брянскэнерго -4 489 32
Воронежэнерго -12 187 182
Костромаэнерго 83 2
Курскэнерго -2 381 132
Липецкэнерго 731 - 322
Орелэнерго -3 553 -22
Смоленскэнерго -6 765 35
Тамбовэнерго -5 262 -4
Тверьэнерго 319 127
Ярэнерго -6 307 31
Россети Центр и Приволжье (ГК) Владимирэнерго 517 49
Ивэнерго 169 40
Калугаэнерго 558 -42
Кировэнерго 403 0
Мариэнерго 144 19
Нижновэнерго 658 231
Рязаньэнерго 259 47
Тулэнерго 733 - 209
Удмуртэнерго 294 3
Россети Юг (ГК) АО «ВМЭС» -3 370 41
Астраханьэнерго -5 158 90
Волгоградэнерго -8 953 - 310
Калмэнерго -1 477 -5
Ростовэнерго -18 198 44
Россети Янтарь Россети Янтарь 305 -28'

11-11-2024T13:48:14 - [MESSAGE][PASSED] - Text of object 'Object Repository/Факторный анализ/График Всего отклонения по факторам Блок руководителя' is: 'ДЗО
Филиал
Отклонение (объём услуг)
Отклонение (средний тариф)
АО «Тываэнерго» АО "Тываэнерго" 276 -37
АО «Чеченэнерго» АО «Чеченэнерго» -3 339 14
Россети Волга Мордовэнерго -2 825 -86
Оренбургэнерго -11 247 - 162
Пензаэнерго -6 748 -72
Самарские РС -13 058 -1 024
Саратовские РС -13 303 - 443
Ульяновские РС -4 845 - 201
Чувашэнерго -4 186 126
Россети Кубань Кубаньэнерго -53 529 241
Россети Ленэнерго (ГК) Ленинградская область -29 499 598
г. Санкт-Петербург -41 171 -39
Россети Московский регион Московская область 4 566 - 535
г. Москва 2 812 57
Россети Северный Кавказ (ГК) Дагестанская энергосбытовая компания - 111 69
Дагэнерго -6 378 480
Ингушэнерго -1 440 100
Каббалкэнерго -2 677 26
Карачаево-Черкесскэнерго -1 725 -9
Севкавказэнерго -3 016 125
Ставропольэнерго -8 347 - 222
Россети Северо-Запад Архангельский филиал 63 -80
Вологодский филиал 229 -6
Карельский филиал -21 160
Мурманский филиал 102 64
Новгородский филиал 207 -40
Псковский филиал 146 -18
филиал в Республике Коми 10 23
Россети Сибирь (ГК) Алтайэнерго 275 275
Бурятэнерго -95 298
ГАЭС 114 -15
Красноярскэнерго 1 087 - 413
Кузбассэнерго-РЭС 329 205
Омскэнерго 127 - 112
Хакасэнерго 327 - 363
Читаэнерго -44 120
Россети Томск Томская распределительная компания -6 624 - 125
Россети Тюмень Россети Тюмень -65 636 - 459
Россети Урал (ГК) Пермэнерго 594 - 218
Свердловэнерго 805 233
Челябэнерго 973 - 671
Россети ФСК ЕЭС Итого по ФСК ЕЭС -16 312 -8 781
Россети Центр Белгородэнерго 299 111
Брянскэнерго -4 489 32
Воронежэнерго -12 187 182
Костромаэнерго 83 2
Курскэнерго -2 381 132
Липецкэнерго 731 - 322
Орелэнерго -3 553 -22
Смоленскэнерго -6 765 35
Тамбовэнерго -5 262 -4
Тверьэнерго 319 127
Ярэнерго -6 307 31
Россети Центр и Приволжье (ГК) Владимирэнерго 517 49
Ивэнерго 169 40
Калугаэнерго 558 -42
Кировэнерго 403 0
Мариэнерго 144 19
Нижновэнерго 658 231
Рязаньэнерго 259 47
Тулэнерго 733 - 209
Удмуртэнерго 294 3
Россети Юг (ГК) АО «ВМЭС» -3 370 41
Астраханьэнерго -5 158 90
Волгоградэнерго -8 953 - 310
Калмэнерго -1 477 -5
Ростовэнерго -18 198 44
Россети Янтарь Россети Янтарь 305 -28'

11-11-2024T13:48:14 - [TEST_STEP][PASSED] - click(findTestObject("Факторный анализ/Переключить отображение с филиала на месяц")): Object: 'Object Repository/Факторный анализ/Переключить отображение с филиала на месяц' is clicked on

11-11-2024T13:48:15 - [MESSAGE][PASSED] - Object: 'Object Repository/Факторный анализ/Переключить отображение с филиала на месяц' is clicked on

11-11-2024T13:48:15 - [TEST_STEP][PASSED] - a4 = getText(findTestObject("Факторный анализ/График Всего отклонения по факторам Блок руководителя")): Text of object 'Object Repository/Факторный анализ/График Всего отклонения по факторам Блок руководителя' is: 'ДЗО
Филиал
Отклонение (объём услуг)
Отклонение (средний тариф)
АО «Тываэнерго» АО "Тываэнерго" 276 -37
АО «Чеченэнерго» АО «Чеченэнерго» -3 339 14
Россети Волга Мордовэнерго -2 825 -86
Оренбургэнерго -11 247 - 162
Пензаэнерго -6 748 -72
Самарские РС -13 058 -1 024
Саратовские РС -13 303 - 443
Ульяновские РС -4 845 - 201
Чувашэнерго -4 186 126
Россети Кубань Кубаньэнерго -53 529 241
Россети Ленэнерго (ГК) Ленинградская область -29 499 598
г. Санкт-Петербург -41 171 -39
Россети Московский регион Московская область 4 566 - 535
г. Москва 2 812 57
Россети Северный Кавказ (ГК) Дагестанская энергосбытовая компания - 111 69
Дагэнерго -6 378 480
Ингушэнерго -1 440 100
Каббалкэнерго -2 677 26
Карачаево-Черкесскэнерго -1 725 -9
Севкавказэнерго -3 016 125
Ставропольэнерго -8 347 - 222
Россети Северо-Запад Архангельский филиал 63 -80
Вологодский филиал 229 -6
Карельский филиал -21 160
Мурманский филиал 102 64
Новгородский филиал 207 -40
Псковский филиал 146 -18
филиал в Республике Коми 10 23
Россети Сибирь (ГК) Алтайэнерго 275 275
Бурятэнерго -95 298
ГАЭС 114 -15
Красноярскэнерго 1 087 - 413
Кузбассэнерго-РЭС 329 205
Омскэнерго 127 - 112
Хакасэнерго 327 - 363
Читаэнерго -44 120
Россети Томск Томская распределительная компания -6 624 - 125
Россети Тюмень Россети Тюмень -65 636 - 459
Россети Урал (ГК) Пермэнерго 594 - 218
Свердловэнерго 805 233
Челябэнерго 973 - 671
Россети ФСК ЕЭС Итого по ФСК ЕЭС -16 312 -8 781
Россети Центр Белгородэнерго 299 111
Брянскэнерго -4 489 32
Воронежэнерго -12 187 182
Костромаэнерго 83 2
Курскэнерго -2 381 132
Липецкэнерго 731 - 322
Орелэнерго -3 553 -22
Смоленскэнерго -6 765 35
Тамбовэнерго -5 262 -4
Тверьэнерго 319 127
Ярэнерго -6 307 31
Россети Центр и Приволжье (ГК) Владимирэнерго 517 49
Ивэнерго 169 40
Калугаэнерго 558 -42
Кировэнерго 403 0
Мариэнерго 144 19
Нижновэнерго 658 231
Рязаньэнерго 259 47
Тулэнерго 733 - 209
Удмуртэнерго 294 3
Россети Юг (ГК) АО «ВМЭС» -3 370 41
Астраханьэнерго -5 158 90
Волгоградэнерго -8 953 - 310
Калмэнерго -1 477 -5
Ростовэнерго -18 198 44
Россети Янтарь Россети Янтарь 305 -28'

11-11-2024T13:48:15 - [MESSAGE][PASSED] - Text of object 'Object Repository/Факторный анализ/График Всего отклонения по факторам Блок руководителя' is: 'ДЗО
Филиал
Отклонение (объём услуг)
Отклонение (средний тариф)
АО «Тываэнерго» АО "Тываэнерго" 276 -37
АО «Чеченэнерго» АО «Чеченэнерго» -3 339 14
Россети Волга Мордовэнерго -2 825 -86
Оренбургэнерго -11 247 - 162
Пензаэнерго -6 748 -72
Самарские РС -13 058 -1 024
Саратовские РС -13 303 - 443
Ульяновские РС -4 845 - 201
Чувашэнерго -4 186 126
Россети Кубань Кубаньэнерго -53 529 241
Россети Ленэнерго (ГК) Ленинградская область -29 499 598
г. Санкт-Петербург -41 171 -39
Россети Московский регион Московская область 4 566 - 535
г. Москва 2 812 57
Россети Северный Кавказ (ГК) Дагестанская энергосбытовая компания - 111 69
Дагэнерго -6 378 480
Ингушэнерго -1 440 100
Каббалкэнерго -2 677 26
Карачаево-Черкесскэнерго -1 725 -9
Севкавказэнерго -3 016 125
Ставропольэнерго -8 347 - 222
Россети Северо-Запад Архангельский филиал 63 -80
Вологодский филиал 229 -6
Карельский филиал -21 160
Мурманский филиал 102 64
Новгородский филиал 207 -40
Псковский филиал 146 -18
филиал в Республике Коми 10 23
Россети Сибирь (ГК) Алтайэнерго 275 275
Бурятэнерго -95 298
ГАЭС 114 -15
Красноярскэнерго 1 087 - 413
Кузбассэнерго-РЭС 329 205
Омскэнерго 127 - 112
Хакасэнерго 327 - 363
Читаэнерго -44 120
Россети Томск Томская распределительная компания -6 624 - 125
Россети Тюмень Россети Тюмень -65 636 - 459
Россети Урал (ГК) Пермэнерго 594 - 218
Свердловэнерго 805 233
Челябэнерго 973 - 671
Россети ФСК ЕЭС Итого по ФСК ЕЭС -16 312 -8 781
Россети Центр Белгородэнерго 299 111
Брянскэнерго -4 489 32
Воронежэнерго -12 187 182
Костромаэнерго 83 2
Курскэнерго -2 381 132
Липецкэнерго 731 - 322
Орелэнерго -3 553 -22
Смоленскэнерго -6 765 35
Тамбовэнерго -5 262 -4
Тверьэнерго 319 127
Ярэнерго -6 307 31
Россети Центр и Приволжье (ГК) Владимирэнерго 517 49
Ивэнерго 169 40
Калугаэнерго 558 -42
Кировэнерго 403 0
Мариэнерго 144 19
Нижновэнерго 658 231
Рязаньэнерго 259 47
Тулэнерго 733 - 209
Удмуртэнерго 294 3
Россети Юг (ГК) АО «ВМЭС» -3 370 41
Астраханьэнерго -5 158 90
Волгоградэнерго -8 953 - 310
Калмэнерго -1 477 -5
Ростовэнерго -18 198 44
Россети Янтарь Россети Янтарь 305 -28'

11-11-2024T13:48:15 - [TEST_STEP][PASSED] - n = n + 24: null

11-11-2024T13:48:15 - [TEST_STEP][PASSED] - Script1686231490255.WriteToExcel(user, dashboardName, n, data, run, a1, a2, a3, a4, a5, a6, a7, a8, a9): null

11-11-2024T13:48:15 - [TEST_STEP][PASSED] - sheetName = "Sheet1": null

11-11-2024T13:48:15 - [TEST_STEP][PASSED] - workbook01 = getWorkbook(excelFilePath): null

11-11-2024T13:48:15 - [TEST_STEP][PASSED] - sheet01 = getExcelSheet(workbook01, sheetName): null

11-11-2024T13:48:15 - [TEST_STEP][PASSED] - setValueToCellByIndex(sheet01, n, 0, dashboardName): null

11-11-2024T13:48:15 - [TEST_STEP][PASSED] - setValueToCellByIndex(sheet01, n, 10, user): null

11-11-2024T13:48:15 - [TEST_STEP][PASSED] - setValueToCellByIndex(sheet01, n, 1, a1): null

11-11-2024T13:48:15 - [TEST_STEP][PASSED] - setValueToCellByIndex(sheet01, n, 2, a2): null

11-11-2024T13:48:15 - [TEST_STEP][PASSED] - setValueToCellByIndex(sheet01, n, 3, a3): null

11-11-2024T13:48:15 - [TEST_STEP][PASSED] - setValueToCellByIndex(sheet01, n, 4, a4): null

11-11-2024T13:48:15 - [TEST_STEP][PASSED] - setValueToCellByIndex(sheet01, n, 5, a5): null

11-11-2024T13:48:15 - [TEST_STEP][PASSED] - setValueToCellByIndex(sheet01, n, 6, a6): null

11-11-2024T13:48:15 - [TEST_STEP][PASSED] - setValueToCellByIndex(sheet01, n, 7, a7): null

11-11-2024T13:48:15 - [TEST_STEP][PASSED] - setValueToCellByIndex(sheet01, n, 8, a8): null

11-11-2024T13:48:15 - [TEST_STEP][PASSED] - setValueToCellByIndex(sheet01, n, 9, a9): null

11-11-2024T13:48:15 - [TEST_STEP][PASSED] - n = n + 1: null

11-11-2024T13:48:15 - [TEST_STEP][PASSED] - saveWorkbook(excelFilePath, workbook01): null

11-11-2024T13:48:15 - [TEST_STEP][PASSED] - if (run == 2): null

11-11-2024T13:48:15 - [TEST_STEP][PASSED] - if (run == 3): null

11-11-2024T13:48:15 - [TEST_STEP][PASSED] - closeBrowser(): null

11-11-2024T13:48:16 - [MESSAGE][PASSED] - Browser is closed

11-11-2024T13:48:16 - [TEST_STEP][PASSED] - FaktorniyAnaliz(user, dashboardName, n, data, run, a1, a2, a3, a4, a5, a6, a7, a8, a9, urlData): null

11-11-2024T13:48:16 - [TEST_STEP][PASSED] - n = data.getRowNumbers() + 1: null

11-11-2024T13:48:16 - [TEST_STEP][PASSED] - println(n): null

11-11-2024T13:48:16 - [TEST_STEP][PASSED] - dashboardName = "Факторный анализ": null

11-11-2024T13:48:16 - [TEST_STEP][PASSED] - openBrowser(""): Browser is opened with url: ''

11-11-2024T13:48:16 - [MESSAGE][INFO] - Starting 'Chrome' driver

11-11-2024T13:48:16 - [MESSAGE][INFO] - Action delay is set to 0 milliseconds

11-11-2024T13:48:16 - [MESSAGE][PASSED] - Browser is opened with url: ''

11-11-2024T13:48:16 - [TEST_STEP][PASSED] - urlData = 3: null

11-11-2024T13:48:16 - [TEST_STEP][PASSED] - Script1686231490255.CheckPageDownload(urlData, run): null

11-11-2024T13:48:16 - [TEST_STEP][PASSED] - i = 1: null

11-11-2024T13:48:16 - [TEST_STEP][PASSED] - ii = 0: null

11-11-2024T13:48:16 - [TEST_STEP][PASSED] - urlText = <not implemented yet for class: org.codehaus.groovy.ast.expr.EmptyExpression>: null

11-11-2024T13:48:16 - [TEST_STEP][PASSED] - searchWord = <not implemented yet for class: org.codehaus.groovy.ast.expr.EmptyExpression>: null

11-11-2024T13:48:16 - [TEST_STEP][PASSED] - deleteAllCookies(): Delete all cookies successfully

11-11-2024T13:48:16 - [MESSAGE][PASSED] - Delete all cookies successfully

11-11-2024T13:48:16 - [TEST_STEP][PASSED] - refresh(): Refresh successfully

11-11-2024T13:48:17 - [MESSAGE][PASSED] - Refresh successfully

11-11-2024T13:48:17 - [TEST_STEP][PASSED] - delay(65): Delayed 65 second(s)

11-11-2024T13:49:22 - [MESSAGE][PASSED] - Delayed 65 second(s)

11-11-2024T13:49:22 - [TEST_STEP][PASSED] - navigateToUrl(findTestData("PlanFact").getValue(10, urlData)): Navigate to 'https://bi.rosseti.digital/viewer?dashboardGuid=2301950b23be4ed89c1df75f2020051e&sheetGuid=ccd7d7486b3d4e6fa0ee9b1eaebed46c&fit=true' successfully

11-11-2024T13:49:27 - [MESSAGE][PASSED] - Navigate to 'https://bi.rosseti.digital/viewer?dashboardGuid=2301950b23be4ed89c1df75f2020051e&sheetGuid=ccd7d7486b3d4e6fa0ee9b1eaebed46c&fit=true' successfully

11-11-2024T13:49:27 - [TEST_STEP][PASSED] - pageLoaded1 = verifyElementPresent(findTestObject("Страница авторизации/Text"), 30): Object 'Object Repository/Страница авторизации/Text' is present

11-11-2024T13:49:31 - [MESSAGE][PASSED] - Object 'Object Repository/Страница авторизации/Text' is present

11-11-2024T13:49:31 - [TEST_STEP][PASSED] - if (pageLoaded1 == false): null

11-11-2024T13:49:31 - [TEST_STEP][PASSED] - urlText = getText(findTestObject("Страница авторизации/Text")): Text of object 'Object Repository/Страница авторизации/Text' is: 'Вход'

11-11-2024T13:49:31 - [MESSAGE][PASSED] - Text of object 'Object Repository/Страница авторизации/Text' is: 'Вход'

11-11-2024T13:49:31 - [TEST_STEP][PASSED] - delay(65): Delayed 65 second(s)

11-11-2024T13:50:36 - [MESSAGE][PASSED] - Delayed 65 second(s)

11-11-2024T13:50:36 - [TEST_STEP][PASSED] - searchWord = "Вход": null

11-11-2024T13:50:36 - [TEST_STEP][PASSED] - if (urlText.contains(searchWord) == false): null

11-11-2024T13:50:36 - [TEST_STEP][PASSED] - setText(findTestObject("Страница авторизации/input__username"), findTestData("PlanFact").getValue(8, run)): Text 'Andreeva-EV' is set on object 'Object Repository/Страница авторизации/input__username'

11-11-2024T13:50:37 - [MESSAGE][PASSED] - Text 'Andreeva-EV' is set on object 'Object Repository/Страница авторизации/input__username'

11-11-2024T13:50:37 - [TEST_STEP][PASSED] - setText(findTestObject("Страница авторизации/input__password"), findTestData("PlanFact").getValue(9, run)): Text '2nPePKDwCPH3ul7xMZ' is set on object 'Object Repository/Страница авторизации/input__password'

11-11-2024T13:50:38 - [MESSAGE][PASSED] - Text '2nPePKDwCPH3ul7xMZ' is set on object 'Object Repository/Страница авторизации/input__password'

11-11-2024T13:50:38 - [TEST_STEP][PASSED] - click(findTestObject("Страница авторизации/button_")): Object: 'Object Repository/Страница авторизации/button_' is clicked on

11-11-2024T13:50:42 - [MESSAGE][PASSED] - Object: 'Object Repository/Страница авторизации/button_' is clicked on

11-11-2024T13:50:42 - [TEST_STEP][PASSED] - delay(65): Delayed 65 second(s)

11-11-2024T13:51:47 - [MESSAGE][PASSED] - Delayed 65 second(s)

11-11-2024T13:51:47 - [TEST_STEP][PASSED] - searchWord = "а": null

11-11-2024T13:51:47 - [TEST_STEP][PASSED] - pageLoaded2 = verifyElementPresent(findTestObject("Страница авторизации/Text"), 50): Object 'Object Repository/Страница авторизации/Text' is present

11-11-2024T13:52:17 - [MESSAGE][PASSED] - Object 'Object Repository/Страница авторизации/Text' is present

11-11-2024T13:52:17 - [TEST_STEP][PASSED] - if (pageLoaded2 == false): null

11-11-2024T13:52:17 - [TEST_STEP][PASSED] - urlText = getText(findTestObject("Страница авторизации/Text")): Text of object 'Object Repository/Страница авторизации/Text' is: 'Период
1, 2, 3 кв. 2024 года
ДЗО 
Все
Подписи данных
Итого отклонения по группе компаний: - 366 403 млн.руб.
Филиал
Месяц
Факторный анализ
Всего отклонения по факторам по ПАО Россети за 1, 2, 3 кв. 2024 года
ДЗО
Филиал
Отклонение (объём услуг)
Отклонение (средний тариф)
АО «Тываэнерго» АО "Тываэнерго" 276 -37
АО «Чеченэнерго» АО «Чеченэнерго» -3 339 14
Россети Волга Мордовэнерго -2 825 -86
Оренбургэнерго -11 247 - 162
Пензаэнерго -6 748 -72
Самарские РС -13 058 -1 024
Саратовские РС -13 303 - 443
Ульяновские РС -4 845 - 201
Чувашэнерго -4 186 126
Россети Кубань Кубаньэнерго -53 529 241
Россети Ленэнерго (ГК) Ленинградская область -29 499 598
г. Санкт-Петербург -41 171 -39
Россети Московский регион Московская область 4 566 - 535
г. Москва 2 812 57
Россети Северный Кавказ (ГК) Дагестанская энергосбытовая компания - 111 69
Дагэнерго -6 378 480
Ингушэнерго -1 440 100
Каббалкэнерго -2 677 26
Карачаево-Черкесскэнерго -1 725 -9
Севкавказэнерго -3 016 125
Ставропольэнерго -8 347 - 222
Россети Северо-Запад Архангельский филиал 63 -80
Вологодский филиал 229 -6
Карельский филиал -21 160
Мурманский филиал 102 64
Новгородский филиал 207 -40
Псковский филиал 146 -18
филиал в Республике Коми 10 23
Россети Сибирь (ГК) Алтайэнерго 275 275
Бурятэнерго -95 298
ГАЭС 114 -15
Красноярскэнерго 1 087 - 413
Кузбассэнерго-РЭС 329 205
Омскэнерго 127 - 112
Хакасэнерго 327 - 363
Читаэнерго -44 120
Россети Томск Томская распределительная компания -6 624 - 125
Россети Тюмень Россети Тюмень -65 636 - 459
Россети Урал (ГК) Пермэнерго 594 - 218
Свердловэнерго 805 233
Челябэнерго 973 - 671
Россети ФСК ЕЭС Итого по ФСК ЕЭС -16 312 -8 781
Россети Центр Белгородэнерго 299 111
Брянскэнерго -4 489 32
Воронежэнерго -12 187 182
Костромаэнерго 83 2
Курскэнерго -2 381 132
Липецкэнерго 731 - 322
Орелэнерго -3 553 -22
Смоленскэнерго -6 765 35
Тамбовэнерго -5 262 -4
Тверьэнерго 319 127
Ярэнерго -6 307 31
Россети Центр и Приволжье (ГК) Владимирэнерго 517 49
Ивэнерго 169 40
Калугаэнерго 558 -42
Кировэнерго 403 0
Мариэнерго 144 19
Нижновэнерго 658 231
Рязаньэнерго 259 47
Тулэнерго 733 - 209
Удмуртэнерго 294 3
Россети Юг (ГК) АО «ВМЭС» -3 370 41
Астраханьэнерго -5 158 90
Волгоградэнерго -8 953 - 310
Калмэнерго -1 477 -5
Ростовэнерго -18 198 44
Россети Янтарь Россети Янтарь 305 -28
Отклонения выручки по факторам по выбранным ДЗО, руб
-355 761-355 761
-10 642-10 642
Отклонение (объём услуг)
Отклонение (средний тариф)
ПАО Россети'

11-11-2024T13:52:48 - [MESSAGE][PASSED] - Text of object 'Object Repository/Страница авторизации/Text' is: 'Период
1, 2, 3 кв. 2024 года
ДЗО 
Все
Подписи данных
Итого отклонения по группе компаний: - 366 403 млн.руб.
Филиал
Месяц
Факторный анализ
Всего отклонения по факторам по ПАО Россети за 1, 2, 3 кв. 2024 года
ДЗО
Филиал
Отклонение (объём услуг)
Отклонение (средний тариф)
АО «Тываэнерго» АО "Тываэнерго" 276 -37
АО «Чеченэнерго» АО «Чеченэнерго» -3 339 14
Россети Волга Мордовэнерго -2 825 -86
Оренбургэнерго -11 247 - 162
Пензаэнерго -6 748 -72
Самарские РС -13 058 -1 024
Саратовские РС -13 303 - 443
Ульяновские РС -4 845 - 201
Чувашэнерго -4 186 126
Россети Кубань Кубаньэнерго -53 529 241
Россети Ленэнерго (ГК) Ленинградская область -29 499 598
г. Санкт-Петербург -41 171 -39
Россети Московский регион Московская область 4 566 - 535
г. Москва 2 812 57
Россети Северный Кавказ (ГК) Дагестанская энергосбытовая компания - 111 69
Дагэнерго -6 378 480
Ингушэнерго -1 440 100
Каббалкэнерго -2 677 26
Карачаево-Черкесскэнерго -1 725 -9
Севкавказэнерго -3 016 125
Ставропольэнерго -8 347 - 222
Россети Северо-Запад Архангельский филиал 63 -80
Вологодский филиал 229 -6
Карельский филиал -21 160
Мурманский филиал 102 64
Новгородский филиал 207 -40
Псковский филиал 146 -18
филиал в Республике Коми 10 23
Россети Сибирь (ГК) Алтайэнерго 275 275
Бурятэнерго -95 298
ГАЭС 114 -15
Красноярскэнерго 1 087 - 413
Кузбассэнерго-РЭС 329 205
Омскэнерго 127 - 112
Хакасэнерго 327 - 363
Читаэнерго -44 120
Россети Томск Томская распределительная компания -6 624 - 125
Россети Тюмень Россети Тюмень -65 636 - 459
Россети Урал (ГК) Пермэнерго 594 - 218
Свердловэнерго 805 233
Челябэнерго 973 - 671
Россети ФСК ЕЭС Итого по ФСК ЕЭС -16 312 -8 781
Россети Центр Белгородэнерго 299 111
Брянскэнерго -4 489 32
Воронежэнерго -12 187 182
Костромаэнерго 83 2
Курскэнерго -2 381 132
Липецкэнерго 731 - 322
Орелэнерго -3 553 -22
Смоленскэнерго -6 765 35
Тамбовэнерго -5 262 -4
Тверьэнерго 319 127
Ярэнерго -6 307 31
Россети Центр и Приволжье (ГК) Владимирэнерго 517 49
Ивэнерго 169 40
Калугаэнерго 558 -42
Кировэнерго 403 0
Мариэнерго 144 19
Нижновэнерго 658 231
Рязаньэнерго 259 47
Тулэнерго 733 - 209
Удмуртэнерго 294 3
Россети Юг (ГК) АО «ВМЭС» -3 370 41
Астраханьэнерго -5 158 90
Волгоградэнерго -8 953 - 310
Калмэнерго -1 477 -5
Ростовэнерго -18 198 44
Россети Янтарь Россети Янтарь 305 -28
Отклонения выручки по факторам по выбранным ДЗО, руб
-355 761-355 761
-10 642-10 642
Отклонение (объём услуг)
Отклонение (средний тариф)
ПАО Россети'

11-11-2024T13:52:48 - [TEST_STEP][PASSED] - if (urlText.contains("ошибка") || urlText.contains(searchWord) == false): null

11-11-2024T13:52:48 - [TEST_STEP][PASSED] - click(findTestObject("Факторный анализ/Фильтр Период")): Object: 'Object Repository/Факторный анализ/Фильтр Период' is clicked on

11-11-2024T13:53:18 - [MESSAGE][PASSED] - Object: 'Object Repository/Факторный анализ/Фильтр Период' is clicked on

11-11-2024T13:53:18 - [TEST_STEP][PASSED] - click(findTestObject("Факторный анализ/Снять выделение в фильтре Дата")): Object: 'Object Repository/Факторный анализ/Снять выделение в фильтре Дата' is clicked on

11-11-2024T13:53:48 - [MESSAGE][PASSED] - Object: 'Object Repository/Факторный анализ/Снять выделение в фильтре Дата' is clicked on

11-11-2024T13:53:48 - [TEST_STEP][PASSED] - click(findTestObject("Факторный анализ/Применить в фильтре Дата")): Object: 'Object Repository/Факторный анализ/Применить в фильтре Дата' is clicked on

11-11-2024T13:54:18 - [MESSAGE][PASSED] - Object: 'Object Repository/Факторный анализ/Применить в фильтре Дата' is clicked on

11-11-2024T13:54:18 - [TEST_STEP][PASSED] - click(findTestObject("Факторный анализ/Фильтр Период")): Object: 'Object Repository/Факторный анализ/Фильтр Период' is clicked on

11-11-2024T13:54:48 - [MESSAGE][PASSED] - Object: 'Object Repository/Факторный анализ/Фильтр Период' is clicked on

11-11-2024T13:54:48 - [TEST_STEP][PASSED] - click(findTestObject("Факторный анализ/Снять выделение в фильтре Дата")): Object: 'Object Repository/Факторный анализ/Снять выделение в фильтре Дата' is clicked on

11-11-2024T13:55:19 - [MESSAGE][PASSED] - Object: 'Object Repository/Факторный анализ/Снять выделение в фильтре Дата' is clicked on

11-11-2024T13:55:19 - [TEST_STEP][PASSED] - scrollToElement(findTestObject("Факторный анализ/2024 список"), 30): Scroll to object 'Object Repository/Факторный анализ/2024 список' successfully

11-11-2024T13:55:49 - [MESSAGE][PASSED] - Scroll to object 'Object Repository/Факторный анализ/2024 список' successfully

11-11-2024T13:55:49 - [TEST_STEP][PASSED] - click(findTestObject("Факторный анализ/2024 список")): Object: 'Object Repository/Факторный анализ/2024 список' is clicked on

11-11-2024T13:56:19 - [MESSAGE][PASSED] - Object: 'Object Repository/Факторный анализ/2024 список' is clicked on

11-11-2024T13:56:19 - [TEST_STEP][PASSED] - scrollToElement(findTestObject("Факторный анализ/1 квартал 2024 выбрать"), 30): Scroll to object 'Object Repository/Факторный анализ/1 квартал 2024 выбрать' successfully

11-11-2024T13:56:49 - [MESSAGE][PASSED] - Scroll to object 'Object Repository/Факторный анализ/1 квартал 2024 выбрать' successfully

11-11-2024T13:56:49 - [TEST_STEP][PASSED] - click(findTestObject("Факторный анализ/1 квартал 2024 выбрать")): Object: 'Object Repository/Факторный анализ/1 квартал 2024 выбрать' is clicked on

11-11-2024T13:57:19 - [MESSAGE][PASSED] - Object: 'Object Repository/Факторный анализ/1 квартал 2024 выбрать' is clicked on

11-11-2024T13:57:19 - [TEST_STEP][PASSED] - scrollToElement(findTestObject("Факторный анализ/1 квартал 2024 выбрать"), 30): Scroll to object 'Object Repository/Факторный анализ/1 квартал 2024 выбрать' successfully

11-11-2024T13:57:49 - [MESSAGE][PASSED] - Scroll to object 'Object Repository/Факторный анализ/1 квартал 2024 выбрать' successfully

11-11-2024T13:57:49 - [TEST_STEP][PASSED] - click(findTestObject("Факторный анализ/2 квартал 2024 выбрать"), CONTINUE_ON_FAILURE): Object: 'Object Repository/Факторный анализ/2 квартал 2024 выбрать' is clicked on

11-11-2024T13:58:19 - [MESSAGE][PASSED] - Object: 'Object Repository/Факторный анализ/2 квартал 2024 выбрать' is clicked on

11-11-2024T13:58:19 - [TEST_STEP][PASSED] - scrollToElement(findTestObject("Факторный анализ/3 квартал 2024 список"), 30): Scroll to object 'Object Repository/Факторный анализ/3 квартал 2024 список' successfully

11-11-2024T13:58:49 - [MESSAGE][PASSED] - Scroll to object 'Object Repository/Факторный анализ/3 квартал 2024 список' successfully

11-11-2024T13:58:49 - [TEST_STEP][PASSED] - click(findTestObject("Факторный анализ/3 квартал 2024 выбрать"), CONTINUE_ON_FAILURE): Object: 'Object Repository/Факторный анализ/3 квартал 2024 выбрать' is clicked on

11-11-2024T13:59:19 - [MESSAGE][PASSED] - Object: 'Object Repository/Факторный анализ/3 квартал 2024 выбрать' is clicked on

11-11-2024T13:59:19 - [TEST_STEP][PASSED] - scrollToElement(findTestObject("Факторный анализ/Заголовок дашборда"), 30): Scroll to object 'Object Repository/Факторный анализ/Заголовок дашборда' successfully

11-11-2024T13:59:49 - [MESSAGE][PASSED] - Scroll to object 'Object Repository/Факторный анализ/Заголовок дашборда' successfully

11-11-2024T13:59:49 - [TEST_STEP][PASSED] - click(findTestObject("Факторный анализ/Применить в фильтре Дата")): Object: 'Object Repository/Факторный анализ/Применить в фильтре Дата' is clicked on

11-11-2024T14:00:20 - [MESSAGE][PASSED] - Object: 'Object Repository/Факторный анализ/Применить в фильтре Дата' is clicked on

11-11-2024T14:00:20 - [TEST_STEP][PASSED] - a5 = "": null

11-11-2024T14:00:20 - [TEST_STEP][PASSED] - a6 = "": null

11-11-2024T14:00:20 - [TEST_STEP][PASSED] - a7 = "": null

11-11-2024T14:00:20 - [TEST_STEP][PASSED] - a8 = "": null

11-11-2024T14:00:20 - [TEST_STEP][PASSED] - a9 = "": null

11-11-2024T14:00:20 - [TEST_STEP][PASSED] - if (run == 1): null

11-11-2024T14:00:20 - [TEST_STEP][PASSED] - if (run == 2): null

11-11-2024T14:00:20 - [TEST_STEP][PASSED] - user = "Андреева": null

11-11-2024T14:00:20 - [TEST_STEP][PASSED] - a1 = getText(findTestObject("Факторный анализ/span1 Блок руководителя")): Text of object 'Object Repository/Факторный анализ/span1 Блок руководителя' is: ''

11-11-2024T14:00:50 - [MESSAGE][PASSED] - Text of object 'Object Repository/Факторный анализ/span1 Блок руководителя' is: ''

11-11-2024T14:00:50 - [TEST_STEP][PASSED] - a2 = getText(findTestObject("Факторный анализ/span2 Блок руководителя")): Text of object 'Object Repository/Факторный анализ/span2 Блок руководителя' is: ''

11-11-2024T14:01:20 - [MESSAGE][PASSED] - Text of object 'Object Repository/Факторный анализ/span2 Блок руководителя' is: ''

11-11-2024T14:01:20 - [TEST_STEP][PASSED] - a3 = getText(findTestObject("Факторный анализ/График Всего отклонения по факторам Блок руководителя")): Text of object 'Object Repository/Факторный анализ/График Всего отклонения по факторам Блок руководителя' is: 'ДЗО
Филиал
Отклонение (объём услуг)
Отклонение (средний тариф)
АО «Тываэнерго» АО "Тываэнерго" 276 -37
АО «Чеченэнерго» АО «Чеченэнерго» -3 339 14
Россети Волга Мордовэнерго -2 825 -86
Оренбургэнерго -11 247 - 162
Пензаэнерго -6 748 -72
Самарские РС -13 058 -1 024
Саратовские РС -13 303 - 443
Ульяновские РС -4 845 - 201
Чувашэнерго -4 186 126
Россети Кубань Кубаньэнерго -53 529 241
Россети Ленэнерго (ГК) Ленинградская область -29 499 598
г. Санкт-Петербург -41 171 -39
Россети Московский регион Московская область 4 566 - 535
г. Москва 2 812 57
Россети Северный Кавказ (ГК) Дагестанская энергосбытовая компания - 111 69
Дагэнерго -6 378 480
Ингушэнерго -1 440 100
Каббалкэнерго -2 677 26
Карачаево-Черкесскэнерго -1 725 -9
Севкавказэнерго -3 016 125
Ставропольэнерго -8 347 - 222
Россети Северо-Запад Архангельский филиал 63 -80
Вологодский филиал 229 -6
Карельский филиал -21 160
Мурманский филиал 102 64
Новгородский филиал 207 -40
Псковский филиал 146 -18
филиал в Республике Коми 10 23
Россети Сибирь (ГК) Алтайэнерго 275 275
Бурятэнерго -95 298
ГАЭС 114 -15
Красноярскэнерго 1 087 - 413
Кузбассэнерго-РЭС 329 205
Омскэнерго 127 - 112
Хакасэнерго 327 - 363
Читаэнерго -44 120
Россети Томск Томская распределительная компания -6 624 - 125
Россети Тюмень Россети Тюмень -65 636 - 459
Россети Урал (ГК) Пермэнерго 594 - 218
Свердловэнерго 805 233
Челябэнерго 973 - 671
Россети ФСК ЕЭС Итого по ФСК ЕЭС -16 312 -8 781
Россети Центр Белгородэнерго 299 111
Брянскэнерго -4 489 32
Воронежэнерго -12 187 182
Костромаэнерго 83 2
Курскэнерго -2 381 132
Липецкэнерго 731 - 322
Орелэнерго -3 553 -22
Смоленскэнерго -6 765 35
Тамбовэнерго -5 262 -4
Тверьэнерго 319 127
Ярэнерго -6 307 31
Россети Центр и Приволжье (ГК) Владимирэнерго 517 49
Ивэнерго 169 40
Калугаэнерго 558 -42
Кировэнерго 403 0
Мариэнерго 144 19
Нижновэнерго 658 231
Рязаньэнерго 259 47
Тулэнерго 733 - 209
Удмуртэнерго 294 3
Россети Юг (ГК) АО «ВМЭС» -3 370 41
Астраханьэнерго -5 158 90
Волгоградэнерго -8 953 - 310
Калмэнерго -1 477 -5
Ростовэнерго -18 198 44
Россети Янтарь Россети Янтарь 305 -28'

11-11-2024T14:01:50 - [MESSAGE][PASSED] - Text of object 'Object Repository/Факторный анализ/График Всего отклонения по факторам Блок руководителя' is: 'ДЗО
Филиал
Отклонение (объём услуг)
Отклонение (средний тариф)
АО «Тываэнерго» АО "Тываэнерго" 276 -37
АО «Чеченэнерго» АО «Чеченэнерго» -3 339 14
Россети Волга Мордовэнерго -2 825 -86
Оренбургэнерго -11 247 - 162
Пензаэнерго -6 748 -72
Самарские РС -13 058 -1 024
Саратовские РС -13 303 - 443
Ульяновские РС -4 845 - 201
Чувашэнерго -4 186 126
Россети Кубань Кубаньэнерго -53 529 241
Россети Ленэнерго (ГК) Ленинградская область -29 499 598
г. Санкт-Петербург -41 171 -39
Россети Московский регион Московская область 4 566 - 535
г. Москва 2 812 57
Россети Северный Кавказ (ГК) Дагестанская энергосбытовая компания - 111 69
Дагэнерго -6 378 480
Ингушэнерго -1 440 100
Каббалкэнерго -2 677 26
Карачаево-Черкесскэнерго -1 725 -9
Севкавказэнерго -3 016 125
Ставропольэнерго -8 347 - 222
Россети Северо-Запад Архангельский филиал 63 -80
Вологодский филиал 229 -6
Карельский филиал -21 160
Мурманский филиал 102 64
Новгородский филиал 207 -40
Псковский филиал 146 -18
филиал в Республике Коми 10 23
Россети Сибирь (ГК) Алтайэнерго 275 275
Бурятэнерго -95 298
ГАЭС 114 -15
Красноярскэнерго 1 087 - 413
Кузбассэнерго-РЭС 329 205
Омскэнерго 127 - 112
Хакасэнерго 327 - 363
Читаэнерго -44 120
Россети Томск Томская распределительная компания -6 624 - 125
Россети Тюмень Россети Тюмень -65 636 - 459
Россети Урал (ГК) Пермэнерго 594 - 218
Свердловэнерго 805 233
Челябэнерго 973 - 671
Россети ФСК ЕЭС Итого по ФСК ЕЭС -16 312 -8 781
Россети Центр Белгородэнерго 299 111
Брянскэнерго -4 489 32
Воронежэнерго -12 187 182
Костромаэнерго 83 2
Курскэнерго -2 381 132
Липецкэнерго 731 - 322
Орелэнерго -3 553 -22
Смоленскэнерго -6 765 35
Тамбовэнерго -5 262 -4
Тверьэнерго 319 127
Ярэнерго -6 307 31
Россети Центр и Приволжье (ГК) Владимирэнерго 517 49
Ивэнерго 169 40
Калугаэнерго 558 -42
Кировэнерго 403 0
Мариэнерго 144 19
Нижновэнерго 658 231
Рязаньэнерго 259 47
Тулэнерго 733 - 209
Удмуртэнерго 294 3
Россети Юг (ГК) АО «ВМЭС» -3 370 41
Астраханьэнерго -5 158 90
Волгоградэнерго -8 953 - 310
Калмэнерго -1 477 -5
Ростовэнерго -18 198 44
Россети Янтарь Россети Янтарь 305 -28'

11-11-2024T14:01:50 - [TEST_STEP][PASSED] - click(findTestObject("Факторный анализ/Переключить отображение с филиала на месяц")): Object: 'Object Repository/Факторный анализ/Переключить отображение с филиала на месяц' is clicked on

11-11-2024T14:02:20 - [MESSAGE][PASSED] - Object: 'Object Repository/Факторный анализ/Переключить отображение с филиала на месяц' is clicked on

11-11-2024T14:02:20 - [TEST_STEP][PASSED] - a4 = getText(findTestObject("Факторный анализ/График Всего отклонения по факторам Блок руководителя")): Text of object 'Object Repository/Факторный анализ/График Всего отклонения по факторам Блок руководителя' is: 'ДЗО
Филиал
Отклонение (объём услуг)
Отклонение (средний тариф)
АО «Тываэнерго» АО "Тываэнерго" 276 -37
АО «Чеченэнерго» АО «Чеченэнерго» -3 339 14
Россети Волга Мордовэнерго -2 825 -86
Оренбургэнерго -11 247 - 162
Пензаэнерго -6 748 -72
Самарские РС -13 058 -1 024
Саратовские РС -13 303 - 443
Ульяновские РС -4 845 - 201
Чувашэнерго -4 186 126
Россети Кубань Кубаньэнерго -53 529 241
Россети Ленэнерго (ГК) Ленинградская область -29 499 598
г. Санкт-Петербург -41 171 -39
Россети Московский регион Московская область 4 566 - 535
г. Москва 2 812 57
Россети Северный Кавказ (ГК) Дагестанская энергосбытовая компания - 111 69
Дагэнерго -6 378 480
Ингушэнерго -1 440 100
Каббалкэнерго -2 677 26
Карачаево-Черкесскэнерго -1 725 -9
Севкавказэнерго -3 016 125
Ставропольэнерго -8 347 - 222
Россети Северо-Запад Архангельский филиал 63 -80
Вологодский филиал 229 -6
Карельский филиал -21 160
Мурманский филиал 102 64
Новгородский филиал 207 -40
Псковский филиал 146 -18
филиал в Республике Коми 10 23
Россети Сибирь (ГК) Алтайэнерго 275 275
Бурятэнерго -95 298
ГАЭС 114 -15
Красноярскэнерго 1 087 - 413
Кузбассэнерго-РЭС 329 205
Омскэнерго 127 - 112
Хакасэнерго 327 - 363
Читаэнерго -44 120
Россети Томск Томская распределительная компания -6 624 - 125
Россети Тюмень Россети Тюмень -65 636 - 459
Россети Урал (ГК) Пермэнерго 594 - 218
Свердловэнерго 805 233
Челябэнерго 973 - 671
Россети ФСК ЕЭС Итого по ФСК ЕЭС -16 312 -8 781
Россети Центр Белгородэнерго 299 111
Брянскэнерго -4 489 32
Воронежэнерго -12 187 182
Костромаэнерго 83 2
Курскэнерго -2 381 132
Липецкэнерго 731 - 322
Орелэнерго -3 553 -22
Смоленскэнерго -6 765 35
Тамбовэнерго -5 262 -4
Тверьэнерго 319 127
Ярэнерго -6 307 31
Россети Центр и Приволжье (ГК) Владимирэнерго 517 49
Ивэнерго 169 40
Калугаэнерго 558 -42
Кировэнерго 403 0
Мариэнерго 144 19
Нижновэнерго 658 231
Рязаньэнерго 259 47
Тулэнерго 733 - 209
Удмуртэнерго 294 3
Россети Юг (ГК) АО «ВМЭС» -3 370 41
Астраханьэнерго -5 158 90
Волгоградэнерго -8 953 - 310
Калмэнерго -1 477 -5
Ростовэнерго -18 198 44
Россети Янтарь Россети Янтарь 305 -28'

11-11-2024T14:02:50 - [MESSAGE][PASSED] - Text of object 'Object Repository/Факторный анализ/График Всего отклонения по факторам Блок руководителя' is: 'ДЗО
Филиал
Отклонение (объём услуг)
Отклонение (средний тариф)
АО «Тываэнерго» АО "Тываэнерго" 276 -37
АО «Чеченэнерго» АО «Чеченэнерго» -3 339 14
Россети Волга Мордовэнерго -2 825 -86
Оренбургэнерго -11 247 - 162
Пензаэнерго -6 748 -72
Самарские РС -13 058 -1 024
Саратовские РС -13 303 - 443
Ульяновские РС -4 845 - 201
Чувашэнерго -4 186 126
Россети Кубань Кубаньэнерго -53 529 241
Россети Ленэнерго (ГК) Ленинградская область -29 499 598
г. Санкт-Петербург -41 171 -39
Россети Московский регион Московская область 4 566 - 535
г. Москва 2 812 57
Россети Северный Кавказ (ГК) Дагестанская энергосбытовая компания - 111 69
Дагэнерго -6 378 480
Ингушэнерго -1 440 100
Каббалкэнерго -2 677 26
Карачаево-Черкесскэнерго -1 725 -9
Севкавказэнерго -3 016 125
Ставропольэнерго -8 347 - 222
Россети Северо-Запад Архангельский филиал 63 -80
Вологодский филиал 229 -6
Карельский филиал -21 160
Мурманский филиал 102 64
Новгородский филиал 207 -40
Псковский филиал 146 -18
филиал в Республике Коми 10 23
Россети Сибирь (ГК) Алтайэнерго 275 275
Бурятэнерго -95 298
ГАЭС 114 -15
Красноярскэнерго 1 087 - 413
Кузбассэнерго-РЭС 329 205
Омскэнерго 127 - 112
Хакасэнерго 327 - 363
Читаэнерго -44 120
Россети Томск Томская распределительная компания -6 624 - 125
Россети Тюмень Россети Тюмень -65 636 - 459
Россети Урал (ГК) Пермэнерго 594 - 218
Свердловэнерго 805 233
Челябэнерго 973 - 671
Россети ФСК ЕЭС Итого по ФСК ЕЭС -16 312 -8 781
Россети Центр Белгородэнерго 299 111
Брянскэнерго -4 489 32
Воронежэнерго -12 187 182
Костромаэнерго 83 2
Курскэнерго -2 381 132
Липецкэнерго 731 - 322
Орелэнерго -3 553 -22
Смоленскэнерго -6 765 35
Тамбовэнерго -5 262 -4
Тверьэнерго 319 127
Ярэнерго -6 307 31
Россети Центр и Приволжье (ГК) Владимирэнерго 517 49
Ивэнерго 169 40
Калугаэнерго 558 -42
Кировэнерго 403 0
Мариэнерго 144 19
Нижновэнерго 658 231
Рязаньэнерго 259 47
Тулэнерго 733 - 209
Удмуртэнерго 294 3
Россети Юг (ГК) АО «ВМЭС» -3 370 41
Астраханьэнерго -5 158 90
Волгоградэнерго -8 953 - 310
Калмэнерго -1 477 -5
Ростовэнерго -18 198 44
Россети Янтарь Россети Янтарь 305 -28'

11-11-2024T14:02:50 - [TEST_STEP][PASSED] - n = n + 25: null

11-11-2024T14:02:50 - [TEST_STEP][PASSED] - b = n - run + 1: null

11-11-2024T14:02:50 - [TEST_STEP][PASSED] - verifyEqual(findTestData("PlanFact").getValue(2, b), a1): Actual object '' and expected object '' are equal

11-11-2024T14:02:50 - [MESSAGE][PASSED] - Actual object '' and expected object '' are equal

11-11-2024T14:02:50 - [TEST_STEP][PASSED] - verifyEqual(findTestData("PlanFact").getValue(3, b), a2): Actual object '' and expected object '' are equal

11-11-2024T14:02:50 - [MESSAGE][PASSED] - Actual object '' and expected object '' are equal

11-11-2024T14:02:50 - [TEST_STEP][PASSED] - verifyEqual(findTestData("PlanFact").getValue(4, b), a3): Actual object 'ДЗО
Филиал
Отклонение (объём услуг)
Отклонение (средний тариф)
АО «Тываэнерго» АО "Тываэнерго" 276 -37
АО «Чеченэнерго» АО «Чеченэнерго» -3 339 14
Россети Волга Мордовэнерго -2 825 -86
Оренбургэнерго -11 247 - 162
Пензаэнерго -6 748 -72
Самарские РС -13 058 -1 024
Саратовские РС -13 303 - 443
Ульяновские РС -4 845 - 201
Чувашэнерго -4 186 126
Россети Кубань Кубаньэнерго -53 529 241
Россети Ленэнерго (ГК) Ленинградская область -29 499 598
г. Санкт-Петербург -41 171 -39
Россети Московский регион Московская область 4 566 - 535
г. Москва 2 812 57
Россети Северный Кавказ (ГК) Дагестанская энергосбытовая компания - 111 69
Дагэнерго -6 378 480
Ингушэнерго -1 440 100
Каббалкэнерго -2 677 26
Карачаево-Черкесскэнерго -1 725 -9
Севкавказэнерго -3 016 125
Ставропольэнерго -8 347 - 222
Россети Северо-Запад Архангельский филиал 63 -80
Вологодский филиал 229 -6
Карельский филиал -21 160
Мурманский филиал 102 64
Новгородский филиал 207 -40
Псковский филиал 146 -18
филиал в Республике Коми 10 23
Россети Сибирь (ГК) Алтайэнерго 275 275
Бурятэнерго -95 298
ГАЭС 114 -15
Красноярскэнерго 1 087 - 413
Кузбассэнерго-РЭС 329 205
Омскэнерго 127 - 112
Хакасэнерго 327 - 363
Читаэнерго -44 120
Россети Томск Томская распределительная компания -6 624 - 125
Россети Тюмень Россети Тюмень -65 636 - 459
Россети Урал (ГК) Пермэнерго 594 - 218
Свердловэнерго 805 233
Челябэнерго 973 - 671
Россети ФСК ЕЭС Итого по ФСК ЕЭС -16 312 -8 781
Россети Центр Белгородэнерго 299 111
Брянскэнерго -4 489 32
Воронежэнерго -12 187 182
Костромаэнерго 83 2
Курскэнерго -2 381 132
Липецкэнерго 731 - 322
Орелэнерго -3 553 -22
Смоленскэнерго -6 765 35
Тамбовэнерго -5 262 -4
Тверьэнерго 319 127
Ярэнерго -6 307 31
Россети Центр и Приволжье (ГК) Владимирэнерго 517 49
Ивэнерго 169 40
Калугаэнерго 558 -42
Кировэнерго 403 0
Мариэнерго 144 19
Нижновэнерго 658 231
Рязаньэнерго 259 47
Тулэнерго 733 - 209
Удмуртэнерго 294 3
Россети Юг (ГК) АО «ВМЭС» -3 370 41
Астраханьэнерго -5 158 90
Волгоградэнерго -8 953 - 310
Калмэнерго -1 477 -5
Ростовэнерго -18 198 44
Россети Янтарь Россети Янтарь 305 -28' and expected object 'ДЗО
Филиал
Отклонение (объём услуг)
Отклонение (средний тариф)
АО «Тываэнерго» АО "Тываэнерго" 276 -37
АО «Чеченэнерго» АО «Чеченэнерго» -3 339 14
Россети Волга Мордовэнерго -2 825 -86
Оренбургэнерго -11 247 - 162
Пензаэнерго -6 748 -72
Самарские РС -13 058 -1 024
Саратовские РС -13 303 - 443
Ульяновские РС -4 845 - 201
Чувашэнерго -4 186 126
Россети Кубань Кубаньэнерго -53 529 241
Россети Ленэнерго (ГК) Ленинградская область -29 499 598
г. Санкт-Петербург -41 171 -39
Россети Московский регион Московская область 4 566 - 535
г. Москва 2 812 57
Россети Северный Кавказ (ГК) Дагестанская энергосбытовая компания - 111 69
Дагэнерго -6 378 480
Ингушэнерго -1 440 100
Каббалкэнерго -2 677 26
Карачаево-Черкесскэнерго -1 725 -9
Севкавказэнерго -3 016 125
Ставропольэнерго -8 347 - 222
Россети Северо-Запад Архангельский филиал 63 -80
Вологодский филиал 229 -6
Карельский филиал -21 160
Мурманский филиал 102 64
Новгородский филиал 207 -40
Псковский филиал 146 -18
филиал в Республике Коми 10 23
Россети Сибирь (ГК) Алтайэнерго 275 275
Бурятэнерго -95 298
ГАЭС 114 -15
Красноярскэнерго 1 087 - 413
Кузбассэнерго-РЭС 329 205
Омскэнерго 127 - 112
Хакасэнерго 327 - 363
Читаэнерго -44 120
Россети Томск Томская распределительная компания -6 624 - 125
Россети Тюмень Россети Тюмень -65 636 - 459
Россети Урал (ГК) Пермэнерго 594 - 218
Свердловэнерго 805 233
Челябэнерго 973 - 671
Россети ФСК ЕЭС Итого по ФСК ЕЭС -16 312 -8 781
Россети Центр Белгородэнерго 299 111
Брянскэнерго -4 489 32
Воронежэнерго -12 187 182
Костромаэнерго 83 2
Курскэнерго -2 381 132
Липецкэнерго 731 - 322
Орелэнерго -3 553 -22
Смоленскэнерго -6 765 35
Тамбовэнерго -5 262 -4
Тверьэнерго 319 127
Ярэнерго -6 307 31
Россети Центр и Приволжье (ГК) Владимирэнерго 517 49
Ивэнерго 169 40
Калугаэнерго 558 -42
Кировэнерго 403 0
Мариэнерго 144 19
Нижновэнерго 658 231
Рязаньэнерго 259 47
Тулэнерго 733 - 209
Удмуртэнерго 294 3
Россети Юг (ГК) АО «ВМЭС» -3 370 41
Астраханьэнерго -5 158 90
Волгоградэнерго -8 953 - 310
Калмэнерго -1 477 -5
Ростовэнерго -18 198 44
Россети Янтарь Россети Янтарь 305 -28' are equal

11-11-2024T14:02:50 - [MESSAGE][PASSED] - Actual object 'ДЗО
Филиал
Отклонение (объём услуг)
Отклонение (средний тариф)
АО «Тываэнерго» АО "Тываэнерго" 276 -37
АО «Чеченэнерго» АО «Чеченэнерго» -3 339 14
Россети Волга Мордовэнерго -2 825 -86
Оренбургэнерго -11 247 - 162
Пензаэнерго -6 748 -72
Самарские РС -13 058 -1 024
Саратовские РС -13 303 - 443
Ульяновские РС -4 845 - 201
Чувашэнерго -4 186 126
Россети Кубань Кубаньэнерго -53 529 241
Россети Ленэнерго (ГК) Ленинградская область -29 499 598
г. Санкт-Петербург -41 171 -39
Россети Московский регион Московская область 4 566 - 535
г. Москва 2 812 57
Россети Северный Кавказ (ГК) Дагестанская энергосбытовая компания - 111 69
Дагэнерго -6 378 480
Ингушэнерго -1 440 100
Каббалкэнерго -2 677 26
Карачаево-Черкесскэнерго -1 725 -9
Севкавказэнерго -3 016 125
Ставропольэнерго -8 347 - 222
Россети Северо-Запад Архангельский филиал 63 -80
Вологодский филиал 229 -6
Карельский филиал -21 160
Мурманский филиал 102 64
Новгородский филиал 207 -40
Псковский филиал 146 -18
филиал в Республике Коми 10 23
Россети Сибирь (ГК) Алтайэнерго 275 275
Бурятэнерго -95 298
ГАЭС 114 -15
Красноярскэнерго 1 087 - 413
Кузбассэнерго-РЭС 329 205
Омскэнерго 127 - 112
Хакасэнерго 327 - 363
Читаэнерго -44 120
Россети Томск Томская распределительная компания -6 624 - 125
Россети Тюмень Россети Тюмень -65 636 - 459
Россети Урал (ГК) Пермэнерго 594 - 218
Свердловэнерго 805 233
Челябэнерго 973 - 671
Россети ФСК ЕЭС Итого по ФСК ЕЭС -16 312 -8 781
Россети Центр Белгородэнерго 299 111
Брянскэнерго -4 489 32
Воронежэнерго -12 187 182
Костромаэнерго 83 2
Курскэнерго -2 381 132
Липецкэнерго 731 - 322
Орелэнерго -3 553 -22
Смоленскэнерго -6 765 35
Тамбовэнерго -5 262 -4
Тверьэнерго 319 127
Ярэнерго -6 307 31
Россети Центр и Приволжье (ГК) Владимирэнерго 517 49
Ивэнерго 169 40
Калугаэнерго 558 -42
Кировэнерго 403 0
Мариэнерго 144 19
Нижновэнерго 658 231
Рязаньэнерго 259 47
Тулэнерго 733 - 209
Удмуртэнерго 294 3
Россети Юг (ГК) АО «ВМЭС» -3 370 41
Астраханьэнерго -5 158 90
Волгоградэнерго -8 953 - 310
Калмэнерго -1 477 -5
Ростовэнерго -18 198 44
Россети Янтарь Россети Янтарь 305 -28' and expected object 'ДЗО
Филиал
Отклонение (объём услуг)
Отклонение (средний тариф)
АО «Тываэнерго» АО "Тываэнерго" 276 -37
АО «Чеченэнерго» АО «Чеченэнерго» -3 339 14
Россети Волга Мордовэнерго -2 825 -86
Оренбургэнерго -11 247 - 162
Пензаэнерго -6 748 -72
Самарские РС -13 058 -1 024
Саратовские РС -13 303 - 443
Ульяновские РС -4 845 - 201
Чувашэнерго -4 186 126
Россети Кубань Кубаньэнерго -53 529 241
Россети Ленэнерго (ГК) Ленинградская область -29 499 598
г. Санкт-Петербург -41 171 -39
Россети Московский регион Московская область 4 566 - 535
г. Москва 2 812 57
Россети Северный Кавказ (ГК) Дагестанская энергосбытовая компания - 111 69
Дагэнерго -6 378 480
Ингушэнерго -1 440 100
Каббалкэнерго -2 677 26
Карачаево-Черкесскэнерго -1 725 -9
Севкавказэнерго -3 016 125
Ставропольэнерго -8 347 - 222
Россети Северо-Запад Архангельский филиал 63 -80
Вологодский филиал 229 -6
Карельский филиал -21 160
Мурманский филиал 102 64
Новгородский филиал 207 -40
Псковский филиал 146 -18
филиал в Республике Коми 10 23
Россети Сибирь (ГК) Алтайэнерго 275 275
Бурятэнерго -95 298
ГАЭС 114 -15
Красноярскэнерго 1 087 - 413
Кузбассэнерго-РЭС 329 205
Омскэнерго 127 - 112
Хакасэнерго 327 - 363
Читаэнерго -44 120
Россети Томск Томская распределительная компания -6 624 - 125
Россети Тюмень Россети Тюмень -65 636 - 459
Россети Урал (ГК) Пермэнерго 594 - 218
Свердловэнерго 805 233
Челябэнерго 973 - 671
Россети ФСК ЕЭС Итого по ФСК ЕЭС -16 312 -8 781
Россети Центр Белгородэнерго 299 111
Брянскэнерго -4 489 32
Воронежэнерго -12 187 182
Костромаэнерго 83 2
Курскэнерго -2 381 132
Липецкэнерго 731 - 322
Орелэнерго -3 553 -22
Смоленскэнерго -6 765 35
Тамбовэнерго -5 262 -4
Тверьэнерго 319 127
Ярэнерго -6 307 31
Россети Центр и Приволжье (ГК) Владимирэнерго 517 49
Ивэнерго 169 40
Калугаэнерго 558 -42
Кировэнерго 403 0
Мариэнерго 144 19
Нижновэнерго 658 231
Рязаньэнерго 259 47
Тулэнерго 733 - 209
Удмуртэнерго 294 3
Россети Юг (ГК) АО «ВМЭС» -3 370 41
Астраханьэнерго -5 158 90
Волгоградэнерго -8 953 - 310
Калмэнерго -1 477 -5
Ростовэнерго -18 198 44
Россети Янтарь Россети Янтарь 305 -28' are equal

11-11-2024T14:02:50 - [TEST_STEP][PASSED] - verifyEqual(findTestData("PlanFact").getValue(5, b), a4): Actual object 'ДЗО
Филиал
Отклонение (объём услуг)
Отклонение (средний тариф)
АО «Тываэнерго» АО "Тываэнерго" 276 -37
АО «Чеченэнерго» АО «Чеченэнерго» -3 339 14
Россети Волга Мордовэнерго -2 825 -86
Оренбургэнерго -11 247 - 162
Пензаэнерго -6 748 -72
Самарские РС -13 058 -1 024
Саратовские РС -13 303 - 443
Ульяновские РС -4 845 - 201
Чувашэнерго -4 186 126
Россети Кубань Кубаньэнерго -53 529 241
Россети Ленэнерго (ГК) Ленинградская область -29 499 598
г. Санкт-Петербург -41 171 -39
Россети Московский регион Московская область 4 566 - 535
г. Москва 2 812 57
Россети Северный Кавказ (ГК) Дагестанская энергосбытовая компания - 111 69
Дагэнерго -6 378 480
Ингушэнерго -1 440 100
Каббалкэнерго -2 677 26
Карачаево-Черкесскэнерго -1 725 -9
Севкавказэнерго -3 016 125
Ставропольэнерго -8 347 - 222
Россети Северо-Запад Архангельский филиал 63 -80
Вологодский филиал 229 -6
Карельский филиал -21 160
Мурманский филиал 102 64
Новгородский филиал 207 -40
Псковский филиал 146 -18
филиал в Республике Коми 10 23
Россети Сибирь (ГК) Алтайэнерго 275 275
Бурятэнерго -95 298
ГАЭС 114 -15
Красноярскэнерго 1 087 - 413
Кузбассэнерго-РЭС 329 205
Омскэнерго 127 - 112
Хакасэнерго 327 - 363
Читаэнерго -44 120
Россети Томск Томская распределительная компания -6 624 - 125
Россети Тюмень Россети Тюмень -65 636 - 459
Россети Урал (ГК) Пермэнерго 594 - 218
Свердловэнерго 805 233
Челябэнерго 973 - 671
Россети ФСК ЕЭС Итого по ФСК ЕЭС -16 312 -8 781
Россети Центр Белгородэнерго 299 111
Брянскэнерго -4 489 32
Воронежэнерго -12 187 182
Костромаэнерго 83 2
Курскэнерго -2 381 132
Липецкэнерго 731 - 322
Орелэнерго -3 553 -22
Смоленскэнерго -6 765 35
Тамбовэнерго -5 262 -4
Тверьэнерго 319 127
Ярэнерго -6 307 31
Россети Центр и Приволжье (ГК) Владимирэнерго 517 49
Ивэнерго 169 40
Калугаэнерго 558 -42
Кировэнерго 403 0
Мариэнерго 144 19
Нижновэнерго 658 231
Рязаньэнерго 259 47
Тулэнерго 733 - 209
Удмуртэнерго 294 3
Россети Юг (ГК) АО «ВМЭС» -3 370 41
Астраханьэнерго -5 158 90
Волгоградэнерго -8 953 - 310
Калмэнерго -1 477 -5
Ростовэнерго -18 198 44
Россети Янтарь Россети Янтарь 305 -28' and expected object 'ДЗО
Филиал
Отклонение (объём услуг)
Отклонение (средний тариф)
АО «Тываэнерго» АО "Тываэнерго" 276 -37
АО «Чеченэнерго» АО «Чеченэнерго» -3 339 14
Россети Волга Мордовэнерго -2 825 -86
Оренбургэнерго -11 247 - 162
Пензаэнерго -6 748 -72
Самарские РС -13 058 -1 024
Саратовские РС -13 303 - 443
Ульяновские РС -4 845 - 201
Чувашэнерго -4 186 126
Россети Кубань Кубаньэнерго -53 529 241
Россети Ленэнерго (ГК) Ленинградская область -29 499 598
г. Санкт-Петербург -41 171 -39
Россети Московский регион Московская область 4 566 - 535
г. Москва 2 812 57
Россети Северный Кавказ (ГК) Дагестанская энергосбытовая компания - 111 69
Дагэнерго -6 378 480
Ингушэнерго -1 440 100
Каббалкэнерго -2 677 26
Карачаево-Черкесскэнерго -1 725 -9
Севкавказэнерго -3 016 125
Ставропольэнерго -8 347 - 222
Россети Северо-Запад Архангельский филиал 63 -80
Вологодский филиал 229 -6
Карельский филиал -21 160
Мурманский филиал 102 64
Новгородский филиал 207 -40
Псковский филиал 146 -18
филиал в Республике Коми 10 23
Россети Сибирь (ГК) Алтайэнерго 275 275
Бурятэнерго -95 298
ГАЭС 114 -15
Красноярскэнерго 1 087 - 413
Кузбассэнерго-РЭС 329 205
Омскэнерго 127 - 112
Хакасэнерго 327 - 363
Читаэнерго -44 120
Россети Томск Томская распределительная компания -6 624 - 125
Россети Тюмень Россети Тюмень -65 636 - 459
Россети Урал (ГК) Пермэнерго 594 - 218
Свердловэнерго 805 233
Челябэнерго 973 - 671
Россети ФСК ЕЭС Итого по ФСК ЕЭС -16 312 -8 781
Россети Центр Белгородэнерго 299 111
Брянскэнерго -4 489 32
Воронежэнерго -12 187 182
Костромаэнерго 83 2
Курскэнерго -2 381 132
Липецкэнерго 731 - 322
Орелэнерго -3 553 -22
Смоленскэнерго -6 765 35
Тамбовэнерго -5 262 -4
Тверьэнерго 319 127
Ярэнерго -6 307 31
Россети Центр и Приволжье (ГК) Владимирэнерго 517 49
Ивэнерго 169 40
Калугаэнерго 558 -42
Кировэнерго 403 0
Мариэнерго 144 19
Нижновэнерго 658 231
Рязаньэнерго 259 47
Тулэнерго 733 - 209
Удмуртэнерго 294 3
Россети Юг (ГК) АО «ВМЭС» -3 370 41
Астраханьэнерго -5 158 90
Волгоградэнерго -8 953 - 310
Калмэнерго -1 477 -5
Ростовэнерго -18 198 44
Россети Янтарь Россети Янтарь 305 -28' are equal

11-11-2024T14:02:50 - [MESSAGE][PASSED] - Actual object 'ДЗО
Филиал
Отклонение (объём услуг)
Отклонение (средний тариф)
АО «Тываэнерго» АО "Тываэнерго" 276 -37
АО «Чеченэнерго» АО «Чеченэнерго» -3 339 14
Россети Волга Мордовэнерго -2 825 -86
Оренбургэнерго -11 247 - 162
Пензаэнерго -6 748 -72
Самарские РС -13 058 -1 024
Саратовские РС -13 303 - 443
Ульяновские РС -4 845 - 201
Чувашэнерго -4 186 126
Россети Кубань Кубаньэнерго -53 529 241
Россети Ленэнерго (ГК) Ленинградская область -29 499 598
г. Санкт-Петербург -41 171 -39
Россети Московский регион Московская область 4 566 - 535
г. Москва 2 812 57
Россети Северный Кавказ (ГК) Дагестанская энергосбытовая компания - 111 69
Дагэнерго -6 378 480
Ингушэнерго -1 440 100
Каббалкэнерго -2 677 26
Карачаево-Черкесскэнерго -1 725 -9
Севкавказэнерго -3 016 125
Ставропольэнерго -8 347 - 222
Россети Северо-Запад Архангельский филиал 63 -80
Вологодский филиал 229 -6
Карельский филиал -21 160
Мурманский филиал 102 64
Новгородский филиал 207 -40
Псковский филиал 146 -18
филиал в Республике Коми 10 23
Россети Сибирь (ГК) Алтайэнерго 275 275
Бурятэнерго -95 298
ГАЭС 114 -15
Красноярскэнерго 1 087 - 413
Кузбассэнерго-РЭС 329 205
Омскэнерго 127 - 112
Хакасэнерго 327 - 363
Читаэнерго -44 120
Россети Томск Томская распределительная компания -6 624 - 125
Россети Тюмень Россети Тюмень -65 636 - 459
Россети Урал (ГК) Пермэнерго 594 - 218
Свердловэнерго 805 233
Челябэнерго 973 - 671
Россети ФСК ЕЭС Итого по ФСК ЕЭС -16 312 -8 781
Россети Центр Белгородэнерго 299 111
Брянскэнерго -4 489 32
Воронежэнерго -12 187 182
Костромаэнерго 83 2
Курскэнерго -2 381 132
Липецкэнерго 731 - 322
Орелэнерго -3 553 -22
Смоленскэнерго -6 765 35
Тамбовэнерго -5 262 -4
Тверьэнерго 319 127
Ярэнерго -6 307 31
Россети Центр и Приволжье (ГК) Владимирэнерго 517 49
Ивэнерго 169 40
Калугаэнерго 558 -42
Кировэнерго 403 0
Мариэнерго 144 19
Нижновэнерго 658 231
Рязаньэнерго 259 47
Тулэнерго 733 - 209
Удмуртэнерго 294 3
Россети Юг (ГК) АО «ВМЭС» -3 370 41
Астраханьэнерго -5 158 90
Волгоградэнерго -8 953 - 310
Калмэнерго -1 477 -5
Ростовэнерго -18 198 44
Россети Янтарь Россети Янтарь 305 -28' and expected object 'ДЗО
Филиал
Отклонение (объём услуг)
Отклонение (средний тариф)
АО «Тываэнерго» АО "Тываэнерго" 276 -37
АО «Чеченэнерго» АО «Чеченэнерго» -3 339 14
Россети Волга Мордовэнерго -2 825 -86
Оренбургэнерго -11 247 - 162
Пензаэнерго -6 748 -72
Самарские РС -13 058 -1 024
Саратовские РС -13 303 - 443
Ульяновские РС -4 845 - 201
Чувашэнерго -4 186 126
Россети Кубань Кубаньэнерго -53 529 241
Россети Ленэнерго (ГК) Ленинградская область -29 499 598
г. Санкт-Петербург -41 171 -39
Россети Московский регион Московская область 4 566 - 535
г. Москва 2 812 57
Россети Северный Кавказ (ГК) Дагестанская энергосбытовая компания - 111 69
Дагэнерго -6 378 480
Ингушэнерго -1 440 100
Каббалкэнерго -2 677 26
Карачаево-Черкесскэнерго -1 725 -9
Севкавказэнерго -3 016 125
Ставропольэнерго -8 347 - 222
Россети Северо-Запад Архангельский филиал 63 -80
Вологодский филиал 229 -6
Карельский филиал -21 160
Мурманский филиал 102 64
Новгородский филиал 207 -40
Псковский филиал 146 -18
филиал в Республике Коми 10 23
Россети Сибирь (ГК) Алтайэнерго 275 275
Бурятэнерго -95 298
ГАЭС 114 -15
Красноярскэнерго 1 087 - 413
Кузбассэнерго-РЭС 329 205
Омскэнерго 127 - 112
Хакасэнерго 327 - 363
Читаэнерго -44 120
Россети Томск Томская распределительная компания -6 624 - 125
Россети Тюмень Россети Тюмень -65 636 - 459
Россети Урал (ГК) Пермэнерго 594 - 218
Свердловэнерго 805 233
Челябэнерго 973 - 671
Россети ФСК ЕЭС Итого по ФСК ЕЭС -16 312 -8 781
Россети Центр Белгородэнерго 299 111
Брянскэнерго -4 489 32
Воронежэнерго -12 187 182
Костромаэнерго 83 2
Курскэнерго -2 381 132
Липецкэнерго 731 - 322
Орелэнерго -3 553 -22
Смоленскэнерго -6 765 35
Тамбовэнерго -5 262 -4
Тверьэнерго 319 127
Ярэнерго -6 307 31
Россети Центр и Приволжье (ГК) Владимирэнерго 517 49
Ивэнерго 169 40
Калугаэнерго 558 -42
Кировэнерго 403 0
Мариэнерго 144 19
Нижновэнерго 658 231
Рязаньэнерго 259 47
Тулэнерго 733 - 209
Удмуртэнерго 294 3
Россети Юг (ГК) АО «ВМЭС» -3 370 41
Астраханьэнерго -5 158 90
Волгоградэнерго -8 953 - 310
Калмэнерго -1 477 -5
Ростовэнерго -18 198 44
Россети Янтарь Россети Янтарь 305 -28' are equal

11-11-2024T14:02:50 - [TEST_STEP][PASSED] - Script1686231490255.WriteToExcel(user, dashboardName, n, data, run, a1, a2, a3, a4, a5, a6, a7, a8, a9): null

11-11-2024T14:02:50 - [TEST_STEP][PASSED] - sheetName = "Sheet1": null

11-11-2024T14:02:50 - [TEST_STEP][PASSED] - workbook01 = getWorkbook(excelFilePath): null

11-11-2024T14:02:50 - [TEST_STEP][PASSED] - sheet01 = getExcelSheet(workbook01, sheetName): null

11-11-2024T14:02:50 - [TEST_STEP][PASSED] - setValueToCellByIndex(sheet01, n, 0, dashboardName): null

11-11-2024T14:02:50 - [TEST_STEP][PASSED] - setValueToCellByIndex(sheet01, n, 10, user): null

11-11-2024T14:02:50 - [TEST_STEP][PASSED] - setValueToCellByIndex(sheet01, n, 1, a1): null

11-11-2024T14:02:50 - [TEST_STEP][PASSED] - setValueToCellByIndex(sheet01, n, 2, a2): null

11-11-2024T14:02:50 - [TEST_STEP][PASSED] - setValueToCellByIndex(sheet01, n, 3, a3): null

11-11-2024T14:02:50 - [TEST_STEP][PASSED] - setValueToCellByIndex(sheet01, n, 4, a4): null

11-11-2024T14:02:50 - [TEST_STEP][PASSED] - setValueToCellByIndex(sheet01, n, 5, a5): null

11-11-2024T14:02:50 - [TEST_STEP][PASSED] - setValueToCellByIndex(sheet01, n, 6, a6): null

11-11-2024T14:02:50 - [TEST_STEP][PASSED] - setValueToCellByIndex(sheet01, n, 7, a7): null

11-11-2024T14:02:50 - [TEST_STEP][PASSED] - setValueToCellByIndex(sheet01, n, 8, a8): null

11-11-2024T14:02:50 - [TEST_STEP][PASSED] - setValueToCellByIndex(sheet01, n, 9, a9): null

11-11-2024T14:02:50 - [TEST_STEP][PASSED] - n = n + 1: null

11-11-2024T14:02:50 - [TEST_STEP][PASSED] - saveWorkbook(excelFilePath, workbook01): null

11-11-2024T14:02:51 - [TEST_STEP][PASSED] - if (run == 3): null

11-11-2024T14:02:51 - [TEST_STEP][PASSED] - closeBrowser(): null

11-11-2024T14:02:51 - [MESSAGE][PASSED] - Browser is closed

11-11-2024T14:02:51 - [TEST_STEP][PASSED] - FaktorniyAnaliz(user, dashboardName, n, data, run, a1, a2, a3, a4, a5, a6, a7, a8, a9, urlData): null

11-11-2024T14:02:51 - [TEST_STEP][PASSED] - n = data.getRowNumbers() + 1: null

11-11-2024T14:02:51 - [TEST_STEP][PASSED] - println(n): null

11-11-2024T14:02:51 - [TEST_STEP][PASSED] - dashboardName = "Факторный анализ": null

11-11-2024T14:02:51 - [TEST_STEP][PASSED] - openBrowser(""): Browser is opened with url: ''

11-11-2024T14:02:51 - [MESSAGE][INFO] - Starting 'Chrome' driver

11-11-2024T14:02:51 - [MESSAGE][INFO] - Action delay is set to 0 milliseconds

11-11-2024T14:02:53 - [MESSAGE][PASSED] - Browser is opened with url: ''

11-11-2024T14:02:53 - [TEST_STEP][PASSED] - urlData = 3: null

11-11-2024T14:02:53 - [TEST_STEP][PASSED] - Script1686231490255.CheckPageDownload(urlData, run): null

11-11-2024T14:02:53 - [TEST_STEP][PASSED] - i = 1: null

11-11-2024T14:02:53 - [TEST_STEP][PASSED] - ii = 0: null

11-11-2024T14:02:53 - [TEST_STEP][PASSED] - urlText = <not implemented yet for class: org.codehaus.groovy.ast.expr.EmptyExpression>: null

11-11-2024T14:02:53 - [TEST_STEP][PASSED] - searchWord = <not implemented yet for class: org.codehaus.groovy.ast.expr.EmptyExpression>: null

11-11-2024T14:02:53 - [TEST_STEP][PASSED] - deleteAllCookies(): Delete all cookies successfully

11-11-2024T14:02:53 - [MESSAGE][PASSED] - Delete all cookies successfully

11-11-2024T14:02:53 - [TEST_STEP][PASSED] - refresh(): Refresh successfully

11-11-2024T14:02:53 - [MESSAGE][PASSED] - Refresh successfully

11-11-2024T14:02:53 - [TEST_STEP][PASSED] - delay(65): Delayed 65 second(s)

11-11-2024T14:03:58 - [MESSAGE][PASSED] - Delayed 65 second(s)

11-11-2024T14:03:58 - [TEST_STEP][PASSED] - navigateToUrl(findTestData("PlanFact").getValue(10, urlData)): Navigate to 'https://bi.rosseti.digital/viewer?dashboardGuid=2301950b23be4ed89c1df75f2020051e&sheetGuid=ccd7d7486b3d4e6fa0ee9b1eaebed46c&fit=true' successfully

11-11-2024T14:04:07 - [MESSAGE][PASSED] - Navigate to 'https://bi.rosseti.digital/viewer?dashboardGuid=2301950b23be4ed89c1df75f2020051e&sheetGuid=ccd7d7486b3d4e6fa0ee9b1eaebed46c&fit=true' successfully

11-11-2024T14:04:07 - [TEST_STEP][PASSED] - pageLoaded1 = verifyElementPresent(findTestObject("Страница авторизации/Text"), 30): Object 'Object Repository/Страница авторизации/Text' is present

11-11-2024T14:04:07 - [MESSAGE][PASSED] - Object 'Object Repository/Страница авторизации/Text' is present

11-11-2024T14:04:07 - [TEST_STEP][PASSED] - if (pageLoaded1 == false): null

11-11-2024T14:04:07 - [TEST_STEP][PASSED] - urlText = getText(findTestObject("Страница авторизации/Text")): Text of object 'Object Repository/Страница авторизации/Text' is: 'Вход'

11-11-2024T14:04:07 - [MESSAGE][PASSED] - Text of object 'Object Repository/Страница авторизации/Text' is: 'Вход'

11-11-2024T14:04:07 - [TEST_STEP][PASSED] - delay(65): Delayed 65 second(s)

11-11-2024T14:05:12 - [MESSAGE][PASSED] - Delayed 65 second(s)

11-11-2024T14:05:12 - [TEST_STEP][PASSED] - searchWord = "Вход": null

11-11-2024T14:05:12 - [TEST_STEP][PASSED] - if (urlText.contains(searchWord) == false): null

11-11-2024T14:05:12 - [TEST_STEP][PASSED] - setText(findTestObject("Страница авторизации/input__username"), findTestData("PlanFact").getValue(8, run)): Text 'Petrova-OV' is set on object 'Object Repository/Страница авторизации/input__username'

11-11-2024T14:05:13 - [MESSAGE][PASSED] - Text 'Petrova-OV' is set on object 'Object Repository/Страница авторизации/input__username'

11-11-2024T14:05:13 - [TEST_STEP][PASSED] - setText(findTestObject("Страница авторизации/input__password"), findTestData("PlanFact").getValue(9, run)): Text '4Ex@~R53r&3x&BVe7' is set on object 'Object Repository/Страница авторизации/input__password'

11-11-2024T14:05:14 - [MESSAGE][PASSED] - Text '4Ex@~R53r&3x&BVe7' is set on object 'Object Repository/Страница авторизации/input__password'

11-11-2024T14:05:14 - [TEST_STEP][PASSED] - click(findTestObject("Страница авторизации/button_")): Object: 'Object Repository/Страница авторизации/button_' is clicked on

11-11-2024T14:05:17 - [MESSAGE][PASSED] - Object: 'Object Repository/Страница авторизации/button_' is clicked on

11-11-2024T14:05:17 - [TEST_STEP][PASSED] - delay(65): Delayed 65 second(s)

11-11-2024T14:06:22 - [MESSAGE][PASSED] - Delayed 65 second(s)

11-11-2024T14:06:22 - [TEST_STEP][PASSED] - searchWord = "а": null

11-11-2024T14:06:22 - [TEST_STEP][PASSED] - pageLoaded2 = verifyElementPresent(findTestObject("Страница авторизации/Text"), 50): Object 'Object Repository/Страница авторизации/Text' is present

11-11-2024T14:06:23 - [MESSAGE][PASSED] - Object 'Object Repository/Страница авторизации/Text' is present

11-11-2024T14:06:23 - [TEST_STEP][PASSED] - if (pageLoaded2 == false): null

11-11-2024T14:06:23 - [TEST_STEP][PASSED] - urlText = getText(findTestObject("Страница авторизации/Text")): Text of object 'Object Repository/Страница авторизации/Text' is: 'Период
1, 2, 3 кв. 2024 года
ДЗО 
Все
Подписи данных
Итого отклонения по группе компаний: - 366 403 млн.руб.
Филиал
Месяц
Факторный анализ
Всего отклонения по факторам по ПАО Россети за 1, 2, 3 кв. 2024 года
ДЗО
Филиал
Отклонение (объём услуг)
Отклонение (средний тариф)
АО «Тываэнерго» АО "Тываэнерго" 276 -37
АО «Чеченэнерго» АО «Чеченэнерго» -3 339 14
Россети Волга Мордовэнерго -2 825 -86
Оренбургэнерго -11 247 - 162
Пензаэнерго -6 748 -72
Самарские РС -13 058 -1 024
Саратовские РС -13 303 - 443
Ульяновские РС -4 845 - 201
Чувашэнерго -4 186 126
Россети Кубань Кубаньэнерго -53 529 241
Россети Ленэнерго (ГК) Ленинградская область -29 499 598
г. Санкт-Петербург -41 171 -39
Россети Московский регион Московская область 4 566 - 535
г. Москва 2 812 57
Россети Северный Кавказ (ГК) Дагестанская энергосбытовая компания - 111 69
Дагэнерго -6 378 480
Ингушэнерго -1 440 100
Каббалкэнерго -2 677 26
Карачаево-Черкесскэнерго -1 725 -9
Севкавказэнерго -3 016 125
Ставропольэнерго -8 347 - 222
Россети Северо-Запад Архангельский филиал 63 -80
Вологодский филиал 229 -6
Карельский филиал -21 160
Мурманский филиал 102 64
Новгородский филиал 207 -40
Псковский филиал 146 -18
филиал в Республике Коми 10 23
Россети Сибирь (ГК) Алтайэнерго 275 275
Бурятэнерго -95 298
ГАЭС 114 -15
Красноярскэнерго 1 087 - 413
Кузбассэнерго-РЭС 329 205
Омскэнерго 127 - 112
Хакасэнерго 327 - 363
Читаэнерго -44 120
Россети Томск Томская распределительная компания -6 624 - 125
Россети Тюмень Россети Тюмень -65 636 - 459
Россети Урал (ГК) Пермэнерго 594 - 218
Свердловэнерго 805 233
Челябэнерго 973 - 671
Россети ФСК ЕЭС Итого по ФСК ЕЭС -16 312 -8 781
Россети Центр Белгородэнерго 299 111
Брянскэнерго -4 489 32
Воронежэнерго -12 187 182
Костромаэнерго 83 2
Курскэнерго -2 381 132
Липецкэнерго 731 - 322
Орелэнерго -3 553 -22
Смоленскэнерго -6 765 35
Тамбовэнерго -5 262 -4
Тверьэнерго 319 127
Ярэнерго -6 307 31
Россети Центр и Приволжье (ГК) Владимирэнерго 517 49
Ивэнерго 169 40
Калугаэнерго 558 -42
Кировэнерго 403 0
Мариэнерго 144 19
Нижновэнерго 658 231
Рязаньэнерго 259 47
Тулэнерго 733 - 209
Удмуртэнерго 294 3
Россети Юг (ГК) АО «ВМЭС» -3 370 41
Астраханьэнерго -5 158 90
Волгоградэнерго -8 953 - 310
Калмэнерго -1 477 -5
Ростовэнерго -18 198 44
Россети Янтарь Россети Янтарь 305 -28
Отклонения выручки по факторам по выбранным ДЗО, руб
-355 761-355 761
-10 642-10 642
Отклонение (объём услуг)
Отклонение (средний тариф)
ПАО Россети'

11-11-2024T14:06:23 - [MESSAGE][PASSED] - Text of object 'Object Repository/Страница авторизации/Text' is: 'Период
1, 2, 3 кв. 2024 года
ДЗО 
Все
Подписи данных
Итого отклонения по группе компаний: - 366 403 млн.руб.
Филиал
Месяц
Факторный анализ
Всего отклонения по факторам по ПАО Россети за 1, 2, 3 кв. 2024 года
ДЗО
Филиал
Отклонение (объём услуг)
Отклонение (средний тариф)
АО «Тываэнерго» АО "Тываэнерго" 276 -37
АО «Чеченэнерго» АО «Чеченэнерго» -3 339 14
Россети Волга Мордовэнерго -2 825 -86
Оренбургэнерго -11 247 - 162
Пензаэнерго -6 748 -72
Самарские РС -13 058 -1 024
Саратовские РС -13 303 - 443
Ульяновские РС -4 845 - 201
Чувашэнерго -4 186 126
Россети Кубань Кубаньэнерго -53 529 241
Россети Ленэнерго (ГК) Ленинградская область -29 499 598
г. Санкт-Петербург -41 171 -39
Россети Московский регион Московская область 4 566 - 535
г. Москва 2 812 57
Россети Северный Кавказ (ГК) Дагестанская энергосбытовая компания - 111 69
Дагэнерго -6 378 480
Ингушэнерго -1 440 100
Каббалкэнерго -2 677 26
Карачаево-Черкесскэнерго -1 725 -9
Севкавказэнерго -3 016 125
Ставропольэнерго -8 347 - 222
Россети Северо-Запад Архангельский филиал 63 -80
Вологодский филиал 229 -6
Карельский филиал -21 160
Мурманский филиал 102 64
Новгородский филиал 207 -40
Псковский филиал 146 -18
филиал в Республике Коми 10 23
Россети Сибирь (ГК) Алтайэнерго 275 275
Бурятэнерго -95 298
ГАЭС 114 -15
Красноярскэнерго 1 087 - 413
Кузбассэнерго-РЭС 329 205
Омскэнерго 127 - 112
Хакасэнерго 327 - 363
Читаэнерго -44 120
Россети Томск Томская распределительная компания -6 624 - 125
Россети Тюмень Россети Тюмень -65 636 - 459
Россети Урал (ГК) Пермэнерго 594 - 218
Свердловэнерго 805 233
Челябэнерго 973 - 671
Россети ФСК ЕЭС Итого по ФСК ЕЭС -16 312 -8 781
Россети Центр Белгородэнерго 299 111
Брянскэнерго -4 489 32
Воронежэнерго -12 187 182
Костромаэнерго 83 2
Курскэнерго -2 381 132
Липецкэнерго 731 - 322
Орелэнерго -3 553 -22
Смоленскэнерго -6 765 35
Тамбовэнерго -5 262 -4
Тверьэнерго 319 127
Ярэнерго -6 307 31
Россети Центр и Приволжье (ГК) Владимирэнерго 517 49
Ивэнерго 169 40
Калугаэнерго 558 -42
Кировэнерго 403 0
Мариэнерго 144 19
Нижновэнерго 658 231
Рязаньэнерго 259 47
Тулэнерго 733 - 209
Удмуртэнерго 294 3
Россети Юг (ГК) АО «ВМЭС» -3 370 41
Астраханьэнерго -5 158 90
Волгоградэнерго -8 953 - 310
Калмэнерго -1 477 -5
Ростовэнерго -18 198 44
Россети Янтарь Россети Янтарь 305 -28
Отклонения выручки по факторам по выбранным ДЗО, руб
-355 761-355 761
-10 642-10 642
Отклонение (объём услуг)
Отклонение (средний тариф)
ПАО Россети'

11-11-2024T14:06:23 - [TEST_STEP][PASSED] - if (urlText.contains("ошибка") || urlText.contains(searchWord) == false): null

11-11-2024T14:06:23 - [TEST_STEP][PASSED] - click(findTestObject("Факторный анализ/Фильтр Период")): Object: 'Object Repository/Факторный анализ/Фильтр Период' is clicked on

11-11-2024T14:06:24 - [MESSAGE][PASSED] - Object: 'Object Repository/Факторный анализ/Фильтр Период' is clicked on

11-11-2024T14:06:24 - [TEST_STEP][PASSED] - click(findTestObject("Факторный анализ/Снять выделение в фильтре Дата")): Object: 'Object Repository/Факторный анализ/Снять выделение в фильтре Дата' is clicked on

11-11-2024T14:06:24 - [MESSAGE][PASSED] - Object: 'Object Repository/Факторный анализ/Снять выделение в фильтре Дата' is clicked on

11-11-2024T14:06:24 - [TEST_STEP][PASSED] - click(findTestObject("Факторный анализ/Применить в фильтре Дата")): Object: 'Object Repository/Факторный анализ/Применить в фильтре Дата' is clicked on

11-11-2024T14:06:25 - [MESSAGE][PASSED] - Object: 'Object Repository/Факторный анализ/Применить в фильтре Дата' is clicked on

11-11-2024T14:06:25 - [TEST_STEP][PASSED] - click(findTestObject("Факторный анализ/Фильтр Период")): Object: 'Object Repository/Факторный анализ/Фильтр Период' is clicked on

11-11-2024T14:06:28 - [MESSAGE][PASSED] - Object: 'Object Repository/Факторный анализ/Фильтр Период' is clicked on

11-11-2024T14:06:28 - [TEST_STEP][PASSED] - click(findTestObject("Факторный анализ/Снять выделение в фильтре Дата")): Object: 'Object Repository/Факторный анализ/Снять выделение в фильтре Дата' is clicked on

11-11-2024T14:06:28 - [MESSAGE][PASSED] - Object: 'Object Repository/Факторный анализ/Снять выделение в фильтре Дата' is clicked on

11-11-2024T14:06:28 - [TEST_STEP][PASSED] - scrollToElement(findTestObject("Факторный анализ/2024 список"), 30): Scroll to object 'Object Repository/Факторный анализ/2024 список' successfully

11-11-2024T14:06:29 - [MESSAGE][PASSED] - Scroll to object 'Object Repository/Факторный анализ/2024 список' successfully

11-11-2024T14:06:29 - [TEST_STEP][PASSED] - click(findTestObject("Факторный анализ/2024 список")): Object: 'Object Repository/Факторный анализ/2024 список' is clicked on

11-11-2024T14:06:29 - [MESSAGE][PASSED] - Object: 'Object Repository/Факторный анализ/2024 список' is clicked on

11-11-2024T14:06:29 - [TEST_STEP][PASSED] - scrollToElement(findTestObject("Факторный анализ/1 квартал 2024 выбрать"), 30): Scroll to object 'Object Repository/Факторный анализ/1 квартал 2024 выбрать' successfully

11-11-2024T14:06:29 - [MESSAGE][PASSED] - Scroll to object 'Object Repository/Факторный анализ/1 квартал 2024 выбрать' successfully

11-11-2024T14:06:29 - [TEST_STEP][PASSED] - click(findTestObject("Факторный анализ/1 квартал 2024 выбрать")): Object: 'Object Repository/Факторный анализ/1 квартал 2024 выбрать' is clicked on

11-11-2024T14:06:30 - [MESSAGE][PASSED] - Object: 'Object Repository/Факторный анализ/1 квартал 2024 выбрать' is clicked on

11-11-2024T14:06:30 - [TEST_STEP][PASSED] - scrollToElement(findTestObject("Факторный анализ/1 квартал 2024 выбрать"), 30): Scroll to object 'Object Repository/Факторный анализ/1 квартал 2024 выбрать' successfully

11-11-2024T14:06:30 - [MESSAGE][PASSED] - Scroll to object 'Object Repository/Факторный анализ/1 квартал 2024 выбрать' successfully

11-11-2024T14:06:30 - [TEST_STEP][PASSED] - click(findTestObject("Факторный анализ/2 квартал 2024 выбрать"), CONTINUE_ON_FAILURE): Object: 'Object Repository/Факторный анализ/2 квартал 2024 выбрать' is clicked on

11-11-2024T14:06:31 - [MESSAGE][PASSED] - Object: 'Object Repository/Факторный анализ/2 квартал 2024 выбрать' is clicked on

11-11-2024T14:06:31 - [TEST_STEP][PASSED] - scrollToElement(findTestObject("Факторный анализ/3 квартал 2024 список"), 30): Scroll to object 'Object Repository/Факторный анализ/3 квартал 2024 список' successfully

11-11-2024T14:06:31 - [MESSAGE][PASSED] - Scroll to object 'Object Repository/Факторный анализ/3 квартал 2024 список' successfully

11-11-2024T14:06:31 - [TEST_STEP][PASSED] - click(findTestObject("Факторный анализ/3 квартал 2024 выбрать"), CONTINUE_ON_FAILURE): Object: 'Object Repository/Факторный анализ/3 квартал 2024 выбрать' is clicked on

11-11-2024T14:06:31 - [MESSAGE][PASSED] - Object: 'Object Repository/Факторный анализ/3 квартал 2024 выбрать' is clicked on

11-11-2024T14:06:31 - [TEST_STEP][PASSED] - scrollToElement(findTestObject("Факторный анализ/Заголовок дашборда"), 30): Scroll to object 'Object Repository/Факторный анализ/Заголовок дашборда' successfully

11-11-2024T14:06:32 - [MESSAGE][PASSED] - Scroll to object 'Object Repository/Факторный анализ/Заголовок дашборда' successfully

11-11-2024T14:06:32 - [TEST_STEP][PASSED] - click(findTestObject("Факторный анализ/Применить в фильтре Дата")): Object: 'Object Repository/Факторный анализ/Применить в фильтре Дата' is clicked on

11-11-2024T14:06:32 - [MESSAGE][PASSED] - Object: 'Object Repository/Факторный анализ/Применить в фильтре Дата' is clicked on

11-11-2024T14:06:32 - [TEST_STEP][PASSED] - a5 = "": null

11-11-2024T14:06:32 - [TEST_STEP][PASSED] - a6 = "": null

11-11-2024T14:06:32 - [TEST_STEP][PASSED] - a7 = "": null

11-11-2024T14:06:32 - [TEST_STEP][PASSED] - a8 = "": null

11-11-2024T14:06:32 - [TEST_STEP][PASSED] - a9 = "": null

11-11-2024T14:06:32 - [TEST_STEP][PASSED] - if (run == 1): null

11-11-2024T14:06:32 - [TEST_STEP][PASSED] - if (run == 2): null

11-11-2024T14:06:32 - [TEST_STEP][PASSED] - if (run == 3): null

11-11-2024T14:06:32 - [TEST_STEP][PASSED] - user = "Попова": null

11-11-2024T14:06:32 - [TEST_STEP][PASSED] - a1 = getText(findTestObject("Факторный анализ/span1 Блок руководителя")): Text of object 'Object Repository/Факторный анализ/span1 Блок руководителя' is: ''

11-11-2024T14:06:34 - [MESSAGE][PASSED] - Text of object 'Object Repository/Факторный анализ/span1 Блок руководителя' is: ''

11-11-2024T14:06:34 - [TEST_STEP][PASSED] - a2 = getText(findTestObject("Факторный анализ/span2 Блок руководителя")): Text of object 'Object Repository/Факторный анализ/span2 Блок руководителя' is: ''

11-11-2024T14:06:34 - [MESSAGE][PASSED] - Text of object 'Object Repository/Факторный анализ/span2 Блок руководителя' is: ''

11-11-2024T14:06:34 - [TEST_STEP][PASSED] - a3 = getText(findTestObject("Факторный анализ/График Всего отклонения по факторам Блок руководителя")): Text of object 'Object Repository/Факторный анализ/График Всего отклонения по факторам Блок руководителя' is: 'ДЗО
Филиал
Отклонение (объём услуг)
Отклонение (средний тариф)
АО «Тываэнерго» АО "Тываэнерго" 276 -37
АО «Чеченэнерго» АО «Чеченэнерго» -3 339 14
Россети Волга Мордовэнерго -2 825 -86
Оренбургэнерго -11 247 - 162
Пензаэнерго -6 748 -72
Самарские РС -13 058 -1 024
Саратовские РС -13 303 - 443
Ульяновские РС -4 845 - 201
Чувашэнерго -4 186 126
Россети Кубань Кубаньэнерго -53 529 241
Россети Ленэнерго (ГК) Ленинградская область -29 499 598
г. Санкт-Петербург -41 171 -39
Россети Московский регион Московская область 4 566 - 535
г. Москва 2 812 57
Россети Северный Кавказ (ГК) Дагестанская энергосбытовая компания - 111 69
Дагэнерго -6 378 480
Ингушэнерго -1 440 100
Каббалкэнерго -2 677 26
Карачаево-Черкесскэнерго -1 725 -9
Севкавказэнерго -3 016 125
Ставропольэнерго -8 347 - 222
Россети Северо-Запад Архангельский филиал 63 -80
Вологодский филиал 229 -6
Карельский филиал -21 160
Мурманский филиал 102 64
Новгородский филиал 207 -40
Псковский филиал 146 -18
филиал в Республике Коми 10 23
Россети Сибирь (ГК) Алтайэнерго 275 275
Бурятэнерго -95 298
ГАЭС 114 -15
Красноярскэнерго 1 087 - 413
Кузбассэнерго-РЭС 329 205
Омскэнерго 127 - 112
Хакасэнерго 327 - 363
Читаэнерго -44 120
Россети Томск Томская распределительная компания -6 624 - 125
Россети Тюмень Россети Тюмень -65 636 - 459
Россети Урал (ГК) Пермэнерго 594 - 218
Свердловэнерго 805 233
Челябэнерго 973 - 671
Россети ФСК ЕЭС Итого по ФСК ЕЭС -16 312 -8 781
Россети Центр Белгородэнерго 299 111
Брянскэнерго -4 489 32
Воронежэнерго -12 187 182
Костромаэнерго 83 2
Курскэнерго -2 381 132
Липецкэнерго 731 - 322
Орелэнерго -3 553 -22
Смоленскэнерго -6 765 35
Тамбовэнерго -5 262 -4
Тверьэнерго 319 127
Ярэнерго -6 307 31
Россети Центр и Приволжье (ГК) Владимирэнерго 517 49
Ивэнерго 169 40
Калугаэнерго 558 -42
Кировэнерго 403 0
Мариэнерго 144 19
Нижновэнерго 658 231
Рязаньэнерго 259 47
Тулэнерго 733 - 209
Удмуртэнерго 294 3
Россети Юг (ГК) АО «ВМЭС» -3 370 41
Астраханьэнерго -5 158 90
Волгоградэнерго -8 953 - 310
Калмэнерго -1 477 -5
Ростовэнерго -18 198 44
Россети Янтарь Россети Янтарь 305 -28'

11-11-2024T14:06:35 - [MESSAGE][PASSED] - Text of object 'Object Repository/Факторный анализ/График Всего отклонения по факторам Блок руководителя' is: 'ДЗО
Филиал
Отклонение (объём услуг)
Отклонение (средний тариф)
АО «Тываэнерго» АО "Тываэнерго" 276 -37
АО «Чеченэнерго» АО «Чеченэнерго» -3 339 14
Россети Волга Мордовэнерго -2 825 -86
Оренбургэнерго -11 247 - 162
Пензаэнерго -6 748 -72
Самарские РС -13 058 -1 024
Саратовские РС -13 303 - 443
Ульяновские РС -4 845 - 201
Чувашэнерго -4 186 126
Россети Кубань Кубаньэнерго -53 529 241
Россети Ленэнерго (ГК) Ленинградская область -29 499 598
г. Санкт-Петербург -41 171 -39
Россети Московский регион Московская область 4 566 - 535
г. Москва 2 812 57
Россети Северный Кавказ (ГК) Дагестанская энергосбытовая компания - 111 69
Дагэнерго -6 378 480
Ингушэнерго -1 440 100
Каббалкэнерго -2 677 26
Карачаево-Черкесскэнерго -1 725 -9
Севкавказэнерго -3 016 125
Ставропольэнерго -8 347 - 222
Россети Северо-Запад Архангельский филиал 63 -80
Вологодский филиал 229 -6
Карельский филиал -21 160
Мурманский филиал 102 64
Новгородский филиал 207 -40
Псковский филиал 146 -18
филиал в Республике Коми 10 23
Россети Сибирь (ГК) Алтайэнерго 275 275
Бурятэнерго -95 298
ГАЭС 114 -15
Красноярскэнерго 1 087 - 413
Кузбассэнерго-РЭС 329 205
Омскэнерго 127 - 112
Хакасэнерго 327 - 363
Читаэнерго -44 120
Россети Томск Томская распределительная компания -6 624 - 125
Россети Тюмень Россети Тюмень -65 636 - 459
Россети Урал (ГК) Пермэнерго 594 - 218
Свердловэнерго 805 233
Челябэнерго 973 - 671
Россети ФСК ЕЭС Итого по ФСК ЕЭС -16 312 -8 781
Россети Центр Белгородэнерго 299 111
Брянскэнерго -4 489 32
Воронежэнерго -12 187 182
Костромаэнерго 83 2
Курскэнерго -2 381 132
Липецкэнерго 731 - 322
Орелэнерго -3 553 -22
Смоленскэнерго -6 765 35
Тамбовэнерго -5 262 -4
Тверьэнерго 319 127
Ярэнерго -6 307 31
Россети Центр и Приволжье (ГК) Владимирэнерго 517 49
Ивэнерго 169 40
Калугаэнерго 558 -42
Кировэнерго 403 0
Мариэнерго 144 19
Нижновэнерго 658 231
Рязаньэнерго 259 47
Тулэнерго 733 - 209
Удмуртэнерго 294 3
Россети Юг (ГК) АО «ВМЭС» -3 370 41
Астраханьэнерго -5 158 90
Волгоградэнерго -8 953 - 310
Калмэнерго -1 477 -5
Ростовэнерго -18 198 44
Россети Янтарь Россети Янтарь 305 -28'

11-11-2024T14:06:35 - [TEST_STEP][PASSED] - click(findTestObject("Факторный анализ/Переключить отображение с филиала на месяц")): Object: 'Object Repository/Факторный анализ/Переключить отображение с филиала на месяц' is clicked on

11-11-2024T14:06:35 - [MESSAGE][PASSED] - Object: 'Object Repository/Факторный анализ/Переключить отображение с филиала на месяц' is clicked on

11-11-2024T14:06:35 - [TEST_STEP][PASSED] - a4 = getText(findTestObject("Факторный анализ/График Всего отклонения по факторам Блок руководителя")): Text of object 'Object Repository/Факторный анализ/График Всего отклонения по факторам Блок руководителя' is: 'ДЗО
Филиал
Отклонение (объём услуг)
Отклонение (средний тариф)
АО «Тываэнерго» АО "Тываэнерго" 276 -37
АО «Чеченэнерго» АО «Чеченэнерго» -3 339 14
Россети Волга Мордовэнерго -2 825 -86
Оренбургэнерго -11 247 - 162
Пензаэнерго -6 748 -72
Самарские РС -13 058 -1 024
Саратовские РС -13 303 - 443
Ульяновские РС -4 845 - 201
Чувашэнерго -4 186 126
Россети Кубань Кубаньэнерго -53 529 241
Россети Ленэнерго (ГК) Ленинградская область -29 499 598
г. Санкт-Петербург -41 171 -39
Россети Московский регион Московская область 4 566 - 535
г. Москва 2 812 57
Россети Северный Кавказ (ГК) Дагестанская энергосбытовая компания - 111 69
Дагэнерго -6 378 480
Ингушэнерго -1 440 100
Каббалкэнерго -2 677 26
Карачаево-Черкесскэнерго -1 725 -9
Севкавказэнерго -3 016 125
Ставропольэнерго -8 347 - 222
Россети Северо-Запад Архангельский филиал 63 -80
Вологодский филиал 229 -6
Карельский филиал -21 160
Мурманский филиал 102 64
Новгородский филиал 207 -40
Псковский филиал 146 -18
филиал в Республике Коми 10 23
Россети Сибирь (ГК) Алтайэнерго 275 275
Бурятэнерго -95 298
ГАЭС 114 -15
Красноярскэнерго 1 087 - 413
Кузбассэнерго-РЭС 329 205
Омскэнерго 127 - 112
Хакасэнерго 327 - 363
Читаэнерго -44 120
Россети Томск Томская распределительная компания -6 624 - 125
Россети Тюмень Россети Тюмень -65 636 - 459
Россети Урал (ГК) Пермэнерго 594 - 218
Свердловэнерго 805 233
Челябэнерго 973 - 671
Россети ФСК ЕЭС Итого по ФСК ЕЭС -16 312 -8 781
Россети Центр Белгородэнерго 299 111
Брянскэнерго -4 489 32
Воронежэнерго -12 187 182
Костромаэнерго 83 2
Курскэнерго -2 381 132
Липецкэнерго 731 - 322
Орелэнерго -3 553 -22
Смоленскэнерго -6 765 35
Тамбовэнерго -5 262 -4
Тверьэнерго 319 127
Ярэнерго -6 307 31
Россети Центр и Приволжье (ГК) Владимирэнерго 517 49
Ивэнерго 169 40
Калугаэнерго 558 -42
Кировэнерго 403 0
Мариэнерго 144 19
Нижновэнерго 658 231
Рязаньэнерго 259 47
Тулэнерго 733 - 209
Удмуртэнерго 294 3
Россети Юг (ГК) АО «ВМЭС» -3 370 41
Астраханьэнерго -5 158 90
Волгоградэнерго -8 953 - 310
Калмэнерго -1 477 -5
Ростовэнерго -18 198 44
Россети Янтарь Россети Янтарь 305 -28'

11-11-2024T14:06:35 - [MESSAGE][PASSED] - Text of object 'Object Repository/Факторный анализ/График Всего отклонения по факторам Блок руководителя' is: 'ДЗО
Филиал
Отклонение (объём услуг)
Отклонение (средний тариф)
АО «Тываэнерго» АО "Тываэнерго" 276 -37
АО «Чеченэнерго» АО «Чеченэнерго» -3 339 14
Россети Волга Мордовэнерго -2 825 -86
Оренбургэнерго -11 247 - 162
Пензаэнерго -6 748 -72
Самарские РС -13 058 -1 024
Саратовские РС -13 303 - 443
Ульяновские РС -4 845 - 201
Чувашэнерго -4 186 126
Россети Кубань Кубаньэнерго -53 529 241
Россети Ленэнерго (ГК) Ленинградская область -29 499 598
г. Санкт-Петербург -41 171 -39
Россети Московский регион Московская область 4 566 - 535
г. Москва 2 812 57
Россети Северный Кавказ (ГК) Дагестанская энергосбытовая компания - 111 69
Дагэнерго -6 378 480
Ингушэнерго -1 440 100
Каббалкэнерго -2 677 26
Карачаево-Черкесскэнерго -1 725 -9
Севкавказэнерго -3 016 125
Ставропольэнерго -8 347 - 222
Россети Северо-Запад Архангельский филиал 63 -80
Вологодский филиал 229 -6
Карельский филиал -21 160
Мурманский филиал 102 64
Новгородский филиал 207 -40
Псковский филиал 146 -18
филиал в Республике Коми 10 23
Россети Сибирь (ГК) Алтайэнерго 275 275
Бурятэнерго -95 298
ГАЭС 114 -15
Красноярскэнерго 1 087 - 413
Кузбассэнерго-РЭС 329 205
Омскэнерго 127 - 112
Хакасэнерго 327 - 363
Читаэнерго -44 120
Россети Томск Томская распределительная компания -6 624 - 125
Россети Тюмень Россети Тюмень -65 636 - 459
Россети Урал (ГК) Пермэнерго 594 - 218
Свердловэнерго 805 233
Челябэнерго 973 - 671
Россети ФСК ЕЭС Итого по ФСК ЕЭС -16 312 -8 781
Россети Центр Белгородэнерго 299 111
Брянскэнерго -4 489 32
Воронежэнерго -12 187 182
Костромаэнерго 83 2
Курскэнерго -2 381 132
Липецкэнерго 731 - 322
Орелэнерго -3 553 -22
Смоленскэнерго -6 765 35
Тамбовэнерго -5 262 -4
Тверьэнерго 319 127
Ярэнерго -6 307 31
Россети Центр и Приволжье (ГК) Владимирэнерго 517 49
Ивэнерго 169 40
Калугаэнерго 558 -42
Кировэнерго 403 0
Мариэнерго 144 19
Нижновэнерго 658 231
Рязаньэнерго 259 47
Тулэнерго 733 - 209
Удмуртэнерго 294 3
Россети Юг (ГК) АО «ВМЭС» -3 370 41
Астраханьэнерго -5 158 90
Волгоградэнерго -8 953 - 310
Калмэнерго -1 477 -5
Ростовэнерго -18 198 44
Россети Янтарь Россети Янтарь 305 -28'

11-11-2024T14:06:35 - [TEST_STEP][PASSED] - n = n + 26: null

11-11-2024T14:06:35 - [TEST_STEP][PASSED] - b = n - run + 1: null

11-11-2024T14:06:35 - [TEST_STEP][PASSED] - verifyEqual(findTestData("PlanFact").getValue(2, b), a1): Actual object '' and expected object '' are equal

11-11-2024T14:06:36 - [MESSAGE][PASSED] - Actual object '' and expected object '' are equal

11-11-2024T14:06:36 - [TEST_STEP][PASSED] - verifyEqual(findTestData("PlanFact").getValue(3, b), a2): Actual object '' and expected object '' are equal

11-11-2024T14:06:36 - [MESSAGE][PASSED] - Actual object '' and expected object '' are equal

11-11-2024T14:06:36 - [TEST_STEP][PASSED] - verifyEqual(findTestData("PlanFact").getValue(4, b), a3): Actual object 'ДЗО
Филиал
Отклонение (объём услуг)
Отклонение (средний тариф)
АО «Тываэнерго» АО "Тываэнерго" 276 -37
АО «Чеченэнерго» АО «Чеченэнерго» -3 339 14
Россети Волга Мордовэнерго -2 825 -86
Оренбургэнерго -11 247 - 162
Пензаэнерго -6 748 -72
Самарские РС -13 058 -1 024
Саратовские РС -13 303 - 443
Ульяновские РС -4 845 - 201
Чувашэнерго -4 186 126
Россети Кубань Кубаньэнерго -53 529 241
Россети Ленэнерго (ГК) Ленинградская область -29 499 598
г. Санкт-Петербург -41 171 -39
Россети Московский регион Московская область 4 566 - 535
г. Москва 2 812 57
Россети Северный Кавказ (ГК) Дагестанская энергосбытовая компания - 111 69
Дагэнерго -6 378 480
Ингушэнерго -1 440 100
Каббалкэнерго -2 677 26
Карачаево-Черкесскэнерго -1 725 -9
Севкавказэнерго -3 016 125
Ставропольэнерго -8 347 - 222
Россети Северо-Запад Архангельский филиал 63 -80
Вологодский филиал 229 -6
Карельский филиал -21 160
Мурманский филиал 102 64
Новгородский филиал 207 -40
Псковский филиал 146 -18
филиал в Республике Коми 10 23
Россети Сибирь (ГК) Алтайэнерго 275 275
Бурятэнерго -95 298
ГАЭС 114 -15
Красноярскэнерго 1 087 - 413
Кузбассэнерго-РЭС 329 205
Омскэнерго 127 - 112
Хакасэнерго 327 - 363
Читаэнерго -44 120
Россети Томск Томская распределительная компания -6 624 - 125
Россети Тюмень Россети Тюмень -65 636 - 459
Россети Урал (ГК) Пермэнерго 594 - 218
Свердловэнерго 805 233
Челябэнерго 973 - 671
Россети ФСК ЕЭС Итого по ФСК ЕЭС -16 312 -8 781
Россети Центр Белгородэнерго 299 111
Брянскэнерго -4 489 32
Воронежэнерго -12 187 182
Костромаэнерго 83 2
Курскэнерго -2 381 132
Липецкэнерго 731 - 322
Орелэнерго -3 553 -22
Смоленскэнерго -6 765 35
Тамбовэнерго -5 262 -4
Тверьэнерго 319 127
Ярэнерго -6 307 31
Россети Центр и Приволжье (ГК) Владимирэнерго 517 49
Ивэнерго 169 40
Калугаэнерго 558 -42
Кировэнерго 403 0
Мариэнерго 144 19
Нижновэнерго 658 231
Рязаньэнерго 259 47
Тулэнерго 733 - 209
Удмуртэнерго 294 3
Россети Юг (ГК) АО «ВМЭС» -3 370 41
Астраханьэнерго -5 158 90
Волгоградэнерго -8 953 - 310
Калмэнерго -1 477 -5
Ростовэнерго -18 198 44
Россети Янтарь Россети Янтарь 305 -28' and expected object 'ДЗО
Филиал
Отклонение (объём услуг)
Отклонение (средний тариф)
АО «Тываэнерго» АО "Тываэнерго" 276 -37
АО «Чеченэнерго» АО «Чеченэнерго» -3 339 14
Россети Волга Мордовэнерго -2 825 -86
Оренбургэнерго -11 247 - 162
Пензаэнерго -6 748 -72
Самарские РС -13 058 -1 024
Саратовские РС -13 303 - 443
Ульяновские РС -4 845 - 201
Чувашэнерго -4 186 126
Россети Кубань Кубаньэнерго -53 529 241
Россети Ленэнерго (ГК) Ленинградская область -29 499 598
г. Санкт-Петербург -41 171 -39
Россети Московский регион Московская область 4 566 - 535
г. Москва 2 812 57
Россети Северный Кавказ (ГК) Дагестанская энергосбытовая компания - 111 69
Дагэнерго -6 378 480
Ингушэнерго -1 440 100
Каббалкэнерго -2 677 26
Карачаево-Черкесскэнерго -1 725 -9
Севкавказэнерго -3 016 125
Ставропольэнерго -8 347 - 222
Россети Северо-Запад Архангельский филиал 63 -80
Вологодский филиал 229 -6
Карельский филиал -21 160
Мурманский филиал 102 64
Новгородский филиал 207 -40
Псковский филиал 146 -18
филиал в Республике Коми 10 23
Россети Сибирь (ГК) Алтайэнерго 275 275
Бурятэнерго -95 298
ГАЭС 114 -15
Красноярскэнерго 1 087 - 413
Кузбассэнерго-РЭС 329 205
Омскэнерго 127 - 112
Хакасэнерго 327 - 363
Читаэнерго -44 120
Россети Томск Томская распределительная компания -6 624 - 125
Россети Тюмень Россети Тюмень -65 636 - 459
Россети Урал (ГК) Пермэнерго 594 - 218
Свердловэнерго 805 233
Челябэнерго 973 - 671
Россети ФСК ЕЭС Итого по ФСК ЕЭС -16 312 -8 781
Россети Центр Белгородэнерго 299 111
Брянскэнерго -4 489 32
Воронежэнерго -12 187 182
Костромаэнерго 83 2
Курскэнерго -2 381 132
Липецкэнерго 731 - 322
Орелэнерго -3 553 -22
Смоленскэнерго -6 765 35
Тамбовэнерго -5 262 -4
Тверьэнерго 319 127
Ярэнерго -6 307 31
Россети Центр и Приволжье (ГК) Владимирэнерго 517 49
Ивэнерго 169 40
Калугаэнерго 558 -42
Кировэнерго 403 0
Мариэнерго 144 19
Нижновэнерго 658 231
Рязаньэнерго 259 47
Тулэнерго 733 - 209
Удмуртэнерго 294 3
Россети Юг (ГК) АО «ВМЭС» -3 370 41
Астраханьэнерго -5 158 90
Волгоградэнерго -8 953 - 310
Калмэнерго -1 477 -5
Ростовэнерго -18 198 44
Россети Янтарь Россети Янтарь 305 -28' are equal

11-11-2024T14:06:36 - [MESSAGE][PASSED] - Actual object 'ДЗО
Филиал
Отклонение (объём услуг)
Отклонение (средний тариф)
АО «Тываэнерго» АО "Тываэнерго" 276 -37
АО «Чеченэнерго» АО «Чеченэнерго» -3 339 14
Россети Волга Мордовэнерго -2 825 -86
Оренбургэнерго -11 247 - 162
Пензаэнерго -6 748 -72
Самарские РС -13 058 -1 024
Саратовские РС -13 303 - 443
Ульяновские РС -4 845 - 201
Чувашэнерго -4 186 126
Россети Кубань Кубаньэнерго -53 529 241
Россети Ленэнерго (ГК) Ленинградская область -29 499 598
г. Санкт-Петербург -41 171 -39
Россети Московский регион Московская область 4 566 - 535
г. Москва 2 812 57
Россети Северный Кавказ (ГК) Дагестанская энергосбытовая компания - 111 69
Дагэнерго -6 378 480
Ингушэнерго -1 440 100
Каббалкэнерго -2 677 26
Карачаево-Черкесскэнерго -1 725 -9
Севкавказэнерго -3 016 125
Ставропольэнерго -8 347 - 222
Россети Северо-Запад Архангельский филиал 63 -80
Вологодский филиал 229 -6
Карельский филиал -21 160
Мурманский филиал 102 64
Новгородский филиал 207 -40
Псковский филиал 146 -18
филиал в Республике Коми 10 23
Россети Сибирь (ГК) Алтайэнерго 275 275
Бурятэнерго -95 298
ГАЭС 114 -15
Красноярскэнерго 1 087 - 413
Кузбассэнерго-РЭС 329 205
Омскэнерго 127 - 112
Хакасэнерго 327 - 363
Читаэнерго -44 120
Россети Томск Томская распределительная компания -6 624 - 125
Россети Тюмень Россети Тюмень -65 636 - 459
Россети Урал (ГК) Пермэнерго 594 - 218
Свердловэнерго 805 233
Челябэнерго 973 - 671
Россети ФСК ЕЭС Итого по ФСК ЕЭС -16 312 -8 781
Россети Центр Белгородэнерго 299 111
Брянскэнерго -4 489 32
Воронежэнерго -12 187 182
Костромаэнерго 83 2
Курскэнерго -2 381 132
Липецкэнерго 731 - 322
Орелэнерго -3 553 -22
Смоленскэнерго -6 765 35
Тамбовэнерго -5 262 -4
Тверьэнерго 319 127
Ярэнерго -6 307 31
Россети Центр и Приволжье (ГК) Владимирэнерго 517 49
Ивэнерго 169 40
Калугаэнерго 558 -42
Кировэнерго 403 0
Мариэнерго 144 19
Нижновэнерго 658 231
Рязаньэнерго 259 47
Тулэнерго 733 - 209
Удмуртэнерго 294 3
Россети Юг (ГК) АО «ВМЭС» -3 370 41
Астраханьэнерго -5 158 90
Волгоградэнерго -8 953 - 310
Калмэнерго -1 477 -5
Ростовэнерго -18 198 44
Россети Янтарь Россети Янтарь 305 -28' and expected object 'ДЗО
Филиал
Отклонение (объём услуг)
Отклонение (средний тариф)
АО «Тываэнерго» АО "Тываэнерго" 276 -37
АО «Чеченэнерго» АО «Чеченэнерго» -3 339 14
Россети Волга Мордовэнерго -2 825 -86
Оренбургэнерго -11 247 - 162
Пензаэнерго -6 748 -72
Самарские РС -13 058 -1 024
Саратовские РС -13 303 - 443
Ульяновские РС -4 845 - 201
Чувашэнерго -4 186 126
Россети Кубань Кубаньэнерго -53 529 241
Россети Ленэнерго (ГК) Ленинградская область -29 499 598
г. Санкт-Петербург -41 171 -39
Россети Московский регион Московская область 4 566 - 535
г. Москва 2 812 57
Россети Северный Кавказ (ГК) Дагестанская энергосбытовая компания - 111 69
Дагэнерго -6 378 480
Ингушэнерго -1 440 100
Каббалкэнерго -2 677 26
Карачаево-Черкесскэнерго -1 725 -9
Севкавказэнерго -3 016 125
Ставропольэнерго -8 347 - 222
Россети Северо-Запад Архангельский филиал 63 -80
Вологодский филиал 229 -6
Карельский филиал -21 160
Мурманский филиал 102 64
Новгородский филиал 207 -40
Псковский филиал 146 -18
филиал в Республике Коми 10 23
Россети Сибирь (ГК) Алтайэнерго 275 275
Бурятэнерго -95 298
ГАЭС 114 -15
Красноярскэнерго 1 087 - 413
Кузбассэнерго-РЭС 329 205
Омскэнерго 127 - 112
Хакасэнерго 327 - 363
Читаэнерго -44 120
Россети Томск Томская распределительная компания -6 624 - 125
Россети Тюмень Россети Тюмень -65 636 - 459
Россети Урал (ГК) Пермэнерго 594 - 218
Свердловэнерго 805 233
Челябэнерго 973 - 671
Россети ФСК ЕЭС Итого по ФСК ЕЭС -16 312 -8 781
Россети Центр Белгородэнерго 299 111
Брянскэнерго -4 489 32
Воронежэнерго -12 187 182
Костромаэнерго 83 2
Курскэнерго -2 381 132
Липецкэнерго 731 - 322
Орелэнерго -3 553 -22
Смоленскэнерго -6 765 35
Тамбовэнерго -5 262 -4
Тверьэнерго 319 127
Ярэнерго -6 307 31
Россети Центр и Приволжье (ГК) Владимирэнерго 517 49
Ивэнерго 169 40
Калугаэнерго 558 -42
Кировэнерго 403 0
Мариэнерго 144 19
Нижновэнерго 658 231
Рязаньэнерго 259 47
Тулэнерго 733 - 209
Удмуртэнерго 294 3
Россети Юг (ГК) АО «ВМЭС» -3 370 41
Астраханьэнерго -5 158 90
Волгоградэнерго -8 953 - 310
Калмэнерго -1 477 -5
Ростовэнерго -18 198 44
Россети Янтарь Россети Янтарь 305 -28' are equal

11-11-2024T14:06:36 - [TEST_STEP][PASSED] - verifyEqual(findTestData("PlanFact").getValue(5, b), a4): Actual object 'ДЗО
Филиал
Отклонение (объём услуг)
Отклонение (средний тариф)
АО «Тываэнерго» АО "Тываэнерго" 276 -37
АО «Чеченэнерго» АО «Чеченэнерго» -3 339 14
Россети Волга Мордовэнерго -2 825 -86
Оренбургэнерго -11 247 - 162
Пензаэнерго -6 748 -72
Самарские РС -13 058 -1 024
Саратовские РС -13 303 - 443
Ульяновские РС -4 845 - 201
Чувашэнерго -4 186 126
Россети Кубань Кубаньэнерго -53 529 241
Россети Ленэнерго (ГК) Ленинградская область -29 499 598
г. Санкт-Петербург -41 171 -39
Россети Московский регион Московская область 4 566 - 535
г. Москва 2 812 57
Россети Северный Кавказ (ГК) Дагестанская энергосбытовая компания - 111 69
Дагэнерго -6 378 480
Ингушэнерго -1 440 100
Каббалкэнерго -2 677 26
Карачаево-Черкесскэнерго -1 725 -9
Севкавказэнерго -3 016 125
Ставропольэнерго -8 347 - 222
Россети Северо-Запад Архангельский филиал 63 -80
Вологодский филиал 229 -6
Карельский филиал -21 160
Мурманский филиал 102 64
Новгородский филиал 207 -40
Псковский филиал 146 -18
филиал в Республике Коми 10 23
Россети Сибирь (ГК) Алтайэнерго 275 275
Бурятэнерго -95 298
ГАЭС 114 -15
Красноярскэнерго 1 087 - 413
Кузбассэнерго-РЭС 329 205
Омскэнерго 127 - 112
Хакасэнерго 327 - 363
Читаэнерго -44 120
Россети Томск Томская распределительная компания -6 624 - 125
Россети Тюмень Россети Тюмень -65 636 - 459
Россети Урал (ГК) Пермэнерго 594 - 218
Свердловэнерго 805 233
Челябэнерго 973 - 671
Россети ФСК ЕЭС Итого по ФСК ЕЭС -16 312 -8 781
Россети Центр Белгородэнерго 299 111
Брянскэнерго -4 489 32
Воронежэнерго -12 187 182
Костромаэнерго 83 2
Курскэнерго -2 381 132
Липецкэнерго 731 - 322
Орелэнерго -3 553 -22
Смоленскэнерго -6 765 35
Тамбовэнерго -5 262 -4
Тверьэнерго 319 127
Ярэнерго -6 307 31
Россети Центр и Приволжье (ГК) Владимирэнерго 517 49
Ивэнерго 169 40
Калугаэнерго 558 -42
Кировэнерго 403 0
Мариэнерго 144 19
Нижновэнерго 658 231
Рязаньэнерго 259 47
Тулэнерго 733 - 209
Удмуртэнерго 294 3
Россети Юг (ГК) АО «ВМЭС» -3 370 41
Астраханьэнерго -5 158 90
Волгоградэнерго -8 953 - 310
Калмэнерго -1 477 -5
Ростовэнерго -18 198 44
Россети Янтарь Россети Янтарь 305 -28' and expected object 'ДЗО
Филиал
Отклонение (объём услуг)
Отклонение (средний тариф)
АО «Тываэнерго» АО "Тываэнерго" 276 -37
АО «Чеченэнерго» АО «Чеченэнерго» -3 339 14
Россети Волга Мордовэнерго -2 825 -86
Оренбургэнерго -11 247 - 162
Пензаэнерго -6 748 -72
Самарские РС -13 058 -1 024
Саратовские РС -13 303 - 443
Ульяновские РС -4 845 - 201
Чувашэнерго -4 186 126
Россети Кубань Кубаньэнерго -53 529 241
Россети Ленэнерго (ГК) Ленинградская область -29 499 598
г. Санкт-Петербург -41 171 -39
Россети Московский регион Московская область 4 566 - 535
г. Москва 2 812 57
Россети Северный Кавказ (ГК) Дагестанская энергосбытовая компания - 111 69
Дагэнерго -6 378 480
Ингушэнерго -1 440 100
Каббалкэнерго -2 677 26
Карачаево-Черкесскэнерго -1 725 -9
Севкавказэнерго -3 016 125
Ставропольэнерго -8 347 - 222
Россети Северо-Запад Архангельский филиал 63 -80
Вологодский филиал 229 -6
Карельский филиал -21 160
Мурманский филиал 102 64
Новгородский филиал 207 -40
Псковский филиал 146 -18
филиал в Республике Коми 10 23
Россети Сибирь (ГК) Алтайэнерго 275 275
Бурятэнерго -95 298
ГАЭС 114 -15
Красноярскэнерго 1 087 - 413
Кузбассэнерго-РЭС 329 205
Омскэнерго 127 - 112
Хакасэнерго 327 - 363
Читаэнерго -44 120
Россети Томск Томская распределительная компания -6 624 - 125
Россети Тюмень Россети Тюмень -65 636 - 459
Россети Урал (ГК) Пермэнерго 594 - 218
Свердловэнерго 805 233
Челябэнерго 973 - 671
Россети ФСК ЕЭС Итого по ФСК ЕЭС -16 312 -8 781
Россети Центр Белгородэнерго 299 111
Брянскэнерго -4 489 32
Воронежэнерго -12 187 182
Костромаэнерго 83 2
Курскэнерго -2 381 132
Липецкэнерго 731 - 322
Орелэнерго -3 553 -22
Смоленскэнерго -6 765 35
Тамбовэнерго -5 262 -4
Тверьэнерго 319 127
Ярэнерго -6 307 31
Россети Центр и Приволжье (ГК) Владимирэнерго 517 49
Ивэнерго 169 40
Калугаэнерго 558 -42
Кировэнерго 403 0
Мариэнерго 144 19
Нижновэнерго 658 231
Рязаньэнерго 259 47
Тулэнерго 733 - 209
Удмуртэнерго 294 3
Россети Юг (ГК) АО «ВМЭС» -3 370 41
Астраханьэнерго -5 158 90
Волгоградэнерго -8 953 - 310
Калмэнерго -1 477 -5
Ростовэнерго -18 198 44
Россети Янтарь Россети Янтарь 305 -28' are equal

11-11-2024T14:06:36 - [MESSAGE][PASSED] - Actual object 'ДЗО
Филиал
Отклонение (объём услуг)
Отклонение (средний тариф)
АО «Тываэнерго» АО "Тываэнерго" 276 -37
АО «Чеченэнерго» АО «Чеченэнерго» -3 339 14
Россети Волга Мордовэнерго -2 825 -86
Оренбургэнерго -11 247 - 162
Пензаэнерго -6 748 -72
Самарские РС -13 058 -1 024
Саратовские РС -13 303 - 443
Ульяновские РС -4 845 - 201
Чувашэнерго -4 186 126
Россети Кубань Кубаньэнерго -53 529 241
Россети Ленэнерго (ГК) Ленинградская область -29 499 598
г. Санкт-Петербург -41 171 -39
Россети Московский регион Московская область 4 566 - 535
г. Москва 2 812 57
Россети Северный Кавказ (ГК) Дагестанская энергосбытовая компания - 111 69
Дагэнерго -6 378 480
Ингушэнерго -1 440 100
Каббалкэнерго -2 677 26
Карачаево-Черкесскэнерго -1 725 -9
Севкавказэнерго -3 016 125
Ставропольэнерго -8 347 - 222
Россети Северо-Запад Архангельский филиал 63 -80
Вологодский филиал 229 -6
Карельский филиал -21 160
Мурманский филиал 102 64
Новгородский филиал 207 -40
Псковский филиал 146 -18
филиал в Республике Коми 10 23
Россети Сибирь (ГК) Алтайэнерго 275 275
Бурятэнерго -95 298
ГАЭС 114 -15
Красноярскэнерго 1 087 - 413
Кузбассэнерго-РЭС 329 205
Омскэнерго 127 - 112
Хакасэнерго 327 - 363
Читаэнерго -44 120
Россети Томск Томская распределительная компания -6 624 - 125
Россети Тюмень Россети Тюмень -65 636 - 459
Россети Урал (ГК) Пермэнерго 594 - 218
Свердловэнерго 805 233
Челябэнерго 973 - 671
Россети ФСК ЕЭС Итого по ФСК ЕЭС -16 312 -8 781
Россети Центр Белгородэнерго 299 111
Брянскэнерго -4 489 32
Воронежэнерго -12 187 182
Костромаэнерго 83 2
Курскэнерго -2 381 132
Липецкэнерго 731 - 322
Орелэнерго -3 553 -22
Смоленскэнерго -6 765 35
Тамбовэнерго -5 262 -4
Тверьэнерго 319 127
Ярэнерго -6 307 31
Россети Центр и Приволжье (ГК) Владимирэнерго 517 49
Ивэнерго 169 40
Калугаэнерго 558 -42
Кировэнерго 403 0
Мариэнерго 144 19
Нижновэнерго 658 231
Рязаньэнерго 259 47
Тулэнерго 733 - 209
Удмуртэнерго 294 3
Россети Юг (ГК) АО «ВМЭС» -3 370 41
Астраханьэнерго -5 158 90
Волгоградэнерго -8 953 - 310
Калмэнерго -1 477 -5
Ростовэнерго -18 198 44
Россети Янтарь Россети Янтарь 305 -28' and expected object 'ДЗО
Филиал
Отклонение (объём услуг)
Отклонение (средний тариф)
АО «Тываэнерго» АО "Тываэнерго" 276 -37
АО «Чеченэнерго» АО «Чеченэнерго» -3 339 14
Россети Волга Мордовэнерго -2 825 -86
Оренбургэнерго -11 247 - 162
Пензаэнерго -6 748 -72
Самарские РС -13 058 -1 024
Саратовские РС -13 303 - 443
Ульяновские РС -4 845 - 201
Чувашэнерго -4 186 126
Россети Кубань Кубаньэнерго -53 529 241
Россети Ленэнерго (ГК) Ленинградская область -29 499 598
г. Санкт-Петербург -41 171 -39
Россети Московский регион Московская область 4 566 - 535
г. Москва 2 812 57
Россети Северный Кавказ (ГК) Дагестанская энергосбытовая компания - 111 69
Дагэнерго -6 378 480
Ингушэнерго -1 440 100
Каббалкэнерго -2 677 26
Карачаево-Черкесскэнерго -1 725 -9
Севкавказэнерго -3 016 125
Ставропольэнерго -8 347 - 222
Россети Северо-Запад Архангельский филиал 63 -80
Вологодский филиал 229 -6
Карельский филиал -21 160
Мурманский филиал 102 64
Новгородский филиал 207 -40
Псковский филиал 146 -18
филиал в Республике Коми 10 23
Россети Сибирь (ГК) Алтайэнерго 275 275
Бурятэнерго -95 298
ГАЭС 114 -15
Красноярскэнерго 1 087 - 413
Кузбассэнерго-РЭС 329 205
Омскэнерго 127 - 112
Хакасэнерго 327 - 363
Читаэнерго -44 120
Россети Томск Томская распределительная компания -6 624 - 125
Россети Тюмень Россети Тюмень -65 636 - 459
Россети Урал (ГК) Пермэнерго 594 - 218
Свердловэнерго 805 233
Челябэнерго 973 - 671
Россети ФСК ЕЭС Итого по ФСК ЕЭС -16 312 -8 781
Россети Центр Белгородэнерго 299 111
Брянскэнерго -4 489 32
Воронежэнерго -12 187 182
Костромаэнерго 83 2
Курскэнерго -2 381 132
Липецкэнерго 731 - 322
Орелэнерго -3 553 -22
Смоленскэнерго -6 765 35
Тамбовэнерго -5 262 -4
Тверьэнерго 319 127
Ярэнерго -6 307 31
Россети Центр и Приволжье (ГК) Владимирэнерго 517 49
Ивэнерго 169 40
Калугаэнерго 558 -42
Кировэнерго 403 0
Мариэнерго 144 19
Нижновэнерго 658 231
Рязаньэнерго 259 47
Тулэнерго 733 - 209
Удмуртэнерго 294 3
Россети Юг (ГК) АО «ВМЭС» -3 370 41
Астраханьэнерго -5 158 90
Волгоградэнерго -8 953 - 310
Калмэнерго -1 477 -5
Ростовэнерго -18 198 44
Россети Янтарь Россети Янтарь 305 -28' are equal

11-11-2024T14:06:36 - [TEST_STEP][PASSED] - Script1686231490255.WriteToExcel(user, dashboardName, n, data, run, a1, a2, a3, a4, a5, a6, a7, a8, a9): null

11-11-2024T14:06:36 - [TEST_STEP][PASSED] - sheetName = "Sheet1": null

11-11-2024T14:06:36 - [TEST_STEP][PASSED] - workbook01 = getWorkbook(excelFilePath): null

11-11-2024T14:06:36 - [TEST_STEP][PASSED] - sheet01 = getExcelSheet(workbook01, sheetName): null

11-11-2024T14:06:36 - [TEST_STEP][PASSED] - setValueToCellByIndex(sheet01, n, 0, dashboardName): null

11-11-2024T14:06:36 - [TEST_STEP][PASSED] - setValueToCellByIndex(sheet01, n, 10, user): null

11-11-2024T14:06:36 - [TEST_STEP][PASSED] - setValueToCellByIndex(sheet01, n, 1, a1): null

11-11-2024T14:06:36 - [TEST_STEP][PASSED] - setValueToCellByIndex(sheet01, n, 2, a2): null

11-11-2024T14:06:36 - [TEST_STEP][PASSED] - setValueToCellByIndex(sheet01, n, 3, a3): null

11-11-2024T14:06:36 - [TEST_STEP][PASSED] - setValueToCellByIndex(sheet01, n, 4, a4): null

11-11-2024T14:06:36 - [TEST_STEP][PASSED] - setValueToCellByIndex(sheet01, n, 5, a5): null

11-11-2024T14:06:36 - [TEST_STEP][PASSED] - setValueToCellByIndex(sheet01, n, 6, a6): null

11-11-2024T14:06:36 - [TEST_STEP][PASSED] - setValueToCellByIndex(sheet01, n, 7, a7): null

11-11-2024T14:06:36 - [TEST_STEP][PASSED] - setValueToCellByIndex(sheet01, n, 8, a8): null

11-11-2024T14:06:36 - [TEST_STEP][PASSED] - setValueToCellByIndex(sheet01, n, 9, a9): null

11-11-2024T14:06:36 - [TEST_STEP][PASSED] - n = n + 1: null

11-11-2024T14:06:36 - [TEST_STEP][PASSED] - saveWorkbook(excelFilePath, workbook01): null

11-11-2024T14:06:36 - [TEST_STEP][PASSED] - closeBrowser(): Browser is closed

11-11-2024T14:06:36 - [MESSAGE][PASSED] - Browser is closed

11-11-2024T14:06:36 - [TEST_STEP][PASSED] - delay(65): Delayed 65 second(s)

11-11-2024T14:07:41 - [MESSAGE][PASSED] - Delayed 65 second(s)

11-11-2024T14:07:41 - [TEST_STEP][PASSED] - for ([run = 1, run < 4, (run++)]): null

11-11-2024T14:07:41 - [TEST_STEP][PASSED] - ViruchkaPoDZO(user, dashboardName, n, data, run, a1, a2, a3, a4, a5, a6, a7, a8, a9, urlData): null

11-11-2024T14:07:41 - [TEST_STEP][PASSED] - n = data.getRowNumbers() + 1: null

11-11-2024T14:07:41 - [TEST_STEP][PASSED] - println(n): null

11-11-2024T14:07:41 - [TEST_STEP][PASSED] - dashboardName = "Выручка по ДЗО": null

11-11-2024T14:07:41 - [TEST_STEP][PASSED] - openBrowser(""): Browser is opened with url: ''

11-11-2024T14:07:41 - [MESSAGE][INFO] - Starting 'Chrome' driver

11-11-2024T14:07:41 - [MESSAGE][INFO] - Action delay is set to 0 milliseconds

11-11-2024T14:07:42 - [MESSAGE][PASSED] - Browser is opened with url: ''

11-11-2024T14:07:42 - [TEST_STEP][PASSED] - urlData = 5: null

11-11-2024T14:07:42 - [TEST_STEP][PASSED] - Script1686231490255.CheckPageDownload(urlData, run): null

11-11-2024T14:07:42 - [TEST_STEP][PASSED] - i = 1: null

11-11-2024T14:07:42 - [TEST_STEP][PASSED] - ii = 0: null

11-11-2024T14:07:42 - [TEST_STEP][PASSED] - urlText = <not implemented yet for class: org.codehaus.groovy.ast.expr.EmptyExpression>: null

11-11-2024T14:07:42 - [TEST_STEP][PASSED] - searchWord = <not implemented yet for class: org.codehaus.groovy.ast.expr.EmptyExpression>: null

11-11-2024T14:07:42 - [TEST_STEP][PASSED] - deleteAllCookies(): Delete all cookies successfully

11-11-2024T14:07:42 - [MESSAGE][PASSED] - Delete all cookies successfully

11-11-2024T14:07:42 - [TEST_STEP][PASSED] - refresh(): Refresh successfully

11-11-2024T14:07:42 - [MESSAGE][PASSED] - Refresh successfully

11-11-2024T14:07:42 - [TEST_STEP][PASSED] - delay(65): Delayed 65 second(s)

11-11-2024T14:08:47 - [MESSAGE][PASSED] - Delayed 65 second(s)

11-11-2024T14:08:47 - [TEST_STEP][PASSED] - navigateToUrl(findTestData("PlanFact").getValue(10, urlData)): Navigate to 'https://bi.rosseti.digital/viewer?dashboardGuid=2301950b23be4ed89c1df75f2020051e&sheetGuid=31530aa0b6664c09b016b7f2ab9d853e&fit=true' successfully

11-11-2024T14:08:56 - [MESSAGE][PASSED] - Navigate to 'https://bi.rosseti.digital/viewer?dashboardGuid=2301950b23be4ed89c1df75f2020051e&sheetGuid=31530aa0b6664c09b016b7f2ab9d853e&fit=true' successfully

11-11-2024T14:08:56 - [TEST_STEP][PASSED] - pageLoaded1 = verifyElementPresent(findTestObject("Страница авторизации/Text"), 30): Object 'Object Repository/Страница авторизации/Text' is present

11-11-2024T14:08:57 - [MESSAGE][PASSED] - Object 'Object Repository/Страница авторизации/Text' is present

11-11-2024T14:08:57 - [TEST_STEP][PASSED] - if (pageLoaded1 == false): null

11-11-2024T14:08:57 - [TEST_STEP][PASSED] - urlText = getText(findTestObject("Страница авторизации/Text")): Text of object 'Object Repository/Страница авторизации/Text' is: 'Вход'

11-11-2024T14:08:57 - [MESSAGE][PASSED] - Text of object 'Object Repository/Страница авторизации/Text' is: 'Вход'

11-11-2024T14:08:57 - [TEST_STEP][PASSED] - delay(65): Delayed 65 second(s)

11-11-2024T14:10:02 - [MESSAGE][PASSED] - Delayed 65 second(s)

11-11-2024T14:10:02 - [TEST_STEP][PASSED] - searchWord = "Вход": null

11-11-2024T14:10:02 - [TEST_STEP][PASSED] - if (urlText.contains(searchWord) == false): null

11-11-2024T14:10:02 - [TEST_STEP][PASSED] - setText(findTestObject("Страница авторизации/input__username"), findTestData("PlanFact").getValue(8, run)): Text 'liazgina-di' is set on object 'Object Repository/Страница авторизации/input__username'

11-11-2024T14:10:03 - [MESSAGE][PASSED] - Text 'liazgina-di' is set on object 'Object Repository/Страница авторизации/input__username'

11-11-2024T14:10:03 - [TEST_STEP][PASSED] - setText(findTestObject("Страница авторизации/input__password"), findTestData("PlanFact").getValue(9, run)): Text ')$%5srZ8o688Dm#q' is set on object 'Object Repository/Страница авторизации/input__password'

11-11-2024T14:10:03 - [MESSAGE][PASSED] - Text ')$%5srZ8o688Dm#q' is set on object 'Object Repository/Страница авторизации/input__password'

11-11-2024T14:10:03 - [TEST_STEP][PASSED] - click(findTestObject("Страница авторизации/button_")): Object: 'Object Repository/Страница авторизации/button_' is clicked on

11-11-2024T14:10:07 - [MESSAGE][PASSED] - Object: 'Object Repository/Страница авторизации/button_' is clicked on

11-11-2024T14:10:07 - [TEST_STEP][PASSED] - delay(65): Delayed 65 second(s)

11-11-2024T14:11:12 - [MESSAGE][PASSED] - Delayed 65 second(s)

11-11-2024T14:11:12 - [TEST_STEP][PASSED] - searchWord = "а": null

11-11-2024T14:11:12 - [TEST_STEP][PASSED] - pageLoaded2 = verifyElementPresent(findTestObject("Страница авторизации/Text"), 50): Object 'Object Repository/Страница авторизации/Text' is present

11-11-2024T14:11:12 - [MESSAGE][PASSED] - Object 'Object Repository/Страница авторизации/Text' is present

11-11-2024T14:11:12 - [TEST_STEP][PASSED] - if (pageLoaded2 == false): null

11-11-2024T14:11:12 - [TEST_STEP][PASSED] - urlText = getText(findTestObject("Страница авторизации/Text")): Text of object 'Object Repository/Страница авторизации/Text' is: 'Период
1, 2, 3 кв. 2024 года
Выручка
Все
ДЗО 
Все
Выручка по ДЗО
Выполнение плановых показателей по ПАО Россети за 1, 2, 3 кв. 2024 года
1 376 1 376
3 393 3 393
58 100 58 100
56 758 56 758
73 967 73 967
152 892 152 892
23 234 23 234
38 849 38 849
50 960 50 960
6 962 6 962
61 784 61 784
76 788 76 788
230 075 230 075
84 937 84 937
91 081 91 081
38 611 38 611
7 049 7 049
1 615 1 615
3 461 3 461
58 125 58 125
60 228 60 228
77 822 77 822
159 792 159 792
24 054 24 054
39 689 39 689
53 076 53 076
7 175 7 175
57 472 57 472
78 503 78 503
204 982 204 982
88 347 88 347
94 954 94 954
39 927 39 927
7 326 7 326
План
Факт
АО «Тываэнерго»
АО «Чеченэнерго»
Россети Волга
Россети Кубань
Россети Ленэнерго (ГК)
Россети Московский регион
Россети Северный Кавказ (ГК)
Россети Северо-Запад
Россети Сибирь (ГК)
Россети Томск
Россети Тюмень
Россети Урал (ГК)
Россети ФСК ЕЭС
Россети Центр
Россети Центр и Приволжье (ГК)
Россети Юг (ГК)
Россети Янтарь
0 млн. руб.
25 000 млн. руб.
50 000 млн. руб.
75 000 млн. руб.
100 000 млн. руб.
125 000 млн. руб.
150 000 млн. руб.
175 000 млн. руб.
200 000 млн. руб.
225 000 млн. руб.
250 000 млн. руб.
Выполнение плановых показателей по ПАО Россети за 1, 2, 3 кв. 2024 года
0,15%0,15%
0,33%0,33%
5,5%5,5%
5,7%5,7%
7,37%7,37%
15,12%15,12%
2,28%2,28%
3,76%3,76%
5,02%5,02%
0,68%0,68%
5,44%5,44%
7,43%7,43%
19,4%19,4%
8,36%8,36%
8,99%8,99%
3,78%3,78%
0,69%0,69%
АО «Тываэнерго»
АО «Чеченэнерго»
Россети Волга
Россети Кубань
Россети Ленэнерго (ГК)
Россети Московский регион
Россети Северный Кавказ (ГК)
Россети Северо-Запад
Россети Сибирь (ГК)
Россети Томск
Россети Тюмень
Россети Урал (ГК)
Россети ФСК ЕЭС
Россети Центр
Россети Центр и Приволжье (ГК)
Россети Юг (ГК)
Россети Янтарь'

11-11-2024T14:11:13 - [MESSAGE][PASSED] - Text of object 'Object Repository/Страница авторизации/Text' is: 'Период
1, 2, 3 кв. 2024 года
Выручка
Все
ДЗО 
Все
Выручка по ДЗО
Выполнение плановых показателей по ПАО Россети за 1, 2, 3 кв. 2024 года
1 376 1 376
3 393 3 393
58 100 58 100
56 758 56 758
73 967 73 967
152 892 152 892
23 234 23 234
38 849 38 849
50 960 50 960
6 962 6 962
61 784 61 784
76 788 76 788
230 075 230 075
84 937 84 937
91 081 91 081
38 611 38 611
7 049 7 049
1 615 1 615
3 461 3 461
58 125 58 125
60 228 60 228
77 822 77 822
159 792 159 792
24 054 24 054
39 689 39 689
53 076 53 076
7 175 7 175
57 472 57 472
78 503 78 503
204 982 204 982
88 347 88 347
94 954 94 954
39 927 39 927
7 326 7 326
План
Факт
АО «Тываэнерго»
АО «Чеченэнерго»
Россети Волга
Россети Кубань
Россети Ленэнерго (ГК)
Россети Московский регион
Россети Северный Кавказ (ГК)
Россети Северо-Запад
Россети Сибирь (ГК)
Россети Томск
Россети Тюмень
Россети Урал (ГК)
Россети ФСК ЕЭС
Россети Центр
Россети Центр и Приволжье (ГК)
Россети Юг (ГК)
Россети Янтарь
0 млн. руб.
25 000 млн. руб.
50 000 млн. руб.
75 000 млн. руб.
100 000 млн. руб.
125 000 млн. руб.
150 000 млн. руб.
175 000 млн. руб.
200 000 млн. руб.
225 000 млн. руб.
250 000 млн. руб.
Выполнение плановых показателей по ПАО Россети за 1, 2, 3 кв. 2024 года
0,15%0,15%
0,33%0,33%
5,5%5,5%
5,7%5,7%
7,37%7,37%
15,12%15,12%
2,28%2,28%
3,76%3,76%
5,02%5,02%
0,68%0,68%
5,44%5,44%
7,43%7,43%
19,4%19,4%
8,36%8,36%
8,99%8,99%
3,78%3,78%
0,69%0,69%
АО «Тываэнерго»
АО «Чеченэнерго»
Россети Волга
Россети Кубань
Россети Ленэнерго (ГК)
Россети Московский регион
Россети Северный Кавказ (ГК)
Россети Северо-Запад
Россети Сибирь (ГК)
Россети Томск
Россети Тюмень
Россети Урал (ГК)
Россети ФСК ЕЭС
Россети Центр
Россети Центр и Приволжье (ГК)
Россети Юг (ГК)
Россети Янтарь'

11-11-2024T14:11:13 - [TEST_STEP][PASSED] - if (urlText.contains("ошибка") || urlText.contains(searchWord) == false): null

11-11-2024T14:11:13 - [TEST_STEP][PASSED] - click(findTestObject("Выручка по ДЗО/Фильтр Дата")): Object: 'Object Repository/Выручка по ДЗО/Фильтр Дата' is clicked on

11-11-2024T14:11:13 - [MESSAGE][PASSED] - Object: 'Object Repository/Выручка по ДЗО/Фильтр Дата' is clicked on

11-11-2024T14:11:13 - [TEST_STEP][PASSED] - click(findTestObject("Выручка по ДЗО/Снять выделение в фильтре Дата")): Object: 'Object Repository/Выручка по ДЗО/Снять выделение в фильтре Дата' is clicked on

11-11-2024T14:11:14 - [MESSAGE][PASSED] - Object: 'Object Repository/Выручка по ДЗО/Снять выделение в фильтре Дата' is clicked on

11-11-2024T14:11:14 - [TEST_STEP][PASSED] - click(findTestObject("Выручка по ДЗО/Применить в фильтре Дата")): Object: 'Object Repository/Выручка по ДЗО/Применить в фильтре Дата' is clicked on

11-11-2024T14:11:14 - [MESSAGE][PASSED] - Object: 'Object Repository/Выручка по ДЗО/Применить в фильтре Дата' is clicked on

11-11-2024T14:11:14 - [TEST_STEP][PASSED] - click(findTestObject("Выручка по ДЗО/Фильтр Дата")): Object: 'Object Repository/Выручка по ДЗО/Фильтр Дата' is clicked on

11-11-2024T14:11:16 - [MESSAGE][PASSED] - Object: 'Object Repository/Выручка по ДЗО/Фильтр Дата' is clicked on

11-11-2024T14:11:16 - [TEST_STEP][PASSED] - click(findTestObject("Выручка по ДЗО/Снять выделение в фильтре Дата")): Object: 'Object Repository/Выручка по ДЗО/Снять выделение в фильтре Дата' is clicked on

11-11-2024T14:11:16 - [MESSAGE][PASSED] - Object: 'Object Repository/Выручка по ДЗО/Снять выделение в фильтре Дата' is clicked on

11-11-2024T14:11:16 - [TEST_STEP][PASSED] - scrollToElement(findTestObject("Выручка по ДЗО/2024 список"), 30): Scroll to object 'Object Repository/Выручка по ДЗО/2024 список' successfully

11-11-2024T14:11:17 - [MESSAGE][PASSED] - Scroll to object 'Object Repository/Выручка по ДЗО/2024 список' successfully

11-11-2024T14:11:17 - [TEST_STEP][PASSED] - click(findTestObject("Выручка по ДЗО/2024 список")): Object: 'Object Repository/Выручка по ДЗО/2024 список' is clicked on

11-11-2024T14:11:17 - [MESSAGE][PASSED] - Object: 'Object Repository/Выручка по ДЗО/2024 список' is clicked on

11-11-2024T14:11:17 - [TEST_STEP][PASSED] - scrollToElement(findTestObject("Выручка по ДЗО/1 квартал 2024 выбрать"), 30): Scroll to object 'Object Repository/Выручка по ДЗО/1 квартал 2024 выбрать' successfully

11-11-2024T14:11:17 - [MESSAGE][PASSED] - Scroll to object 'Object Repository/Выручка по ДЗО/1 квартал 2024 выбрать' successfully

11-11-2024T14:11:17 - [TEST_STEP][PASSED] - click(findTestObject("Выручка по ДЗО/1 квартал 2024 выбрать")): Object: 'Object Repository/Выручка по ДЗО/1 квартал 2024 выбрать' is clicked on

11-11-2024T14:11:18 - [MESSAGE][PASSED] - Object: 'Object Repository/Выручка по ДЗО/1 квартал 2024 выбрать' is clicked on

11-11-2024T14:11:18 - [TEST_STEP][PASSED] - scrollToElement(findTestObject("Выручка по ДЗО/2 квартал 2024 выбрать"), 30): Scroll to object 'Object Repository/Выручка по ДЗО/2 квартал 2024 выбрать' successfully

11-11-2024T14:11:18 - [MESSAGE][PASSED] - Scroll to object 'Object Repository/Выручка по ДЗО/2 квартал 2024 выбрать' successfully

11-11-2024T14:11:18 - [TEST_STEP][PASSED] - click(findTestObject("Выручка по ДЗО/2 квартал 2024 выбрать"), CONTINUE_ON_FAILURE): Object: 'Object Repository/Выручка по ДЗО/2 квартал 2024 выбрать' is clicked on

11-11-2024T14:11:19 - [MESSAGE][PASSED] - Object: 'Object Repository/Выручка по ДЗО/2 квартал 2024 выбрать' is clicked on

11-11-2024T14:11:19 - [TEST_STEP][PASSED] - scrollToElement(findTestObject("Выручка по ДЗО/3 квартал 2024 список"), 30): Scroll to object 'Object Repository/Выручка по ДЗО/3 квартал 2024 список' successfully

11-11-2024T14:11:19 - [MESSAGE][PASSED] - Scroll to object 'Object Repository/Выручка по ДЗО/3 квартал 2024 список' successfully

11-11-2024T14:11:19 - [TEST_STEP][PASSED] - click(findTestObject("Выручка по ДЗО/3 квартал 2024 выбрать"), CONTINUE_ON_FAILURE): Object: 'Object Repository/Выручка по ДЗО/3 квартал 2024 выбрать' is clicked on

11-11-2024T14:11:19 - [MESSAGE][PASSED] - Object: 'Object Repository/Выручка по ДЗО/3 квартал 2024 выбрать' is clicked on

11-11-2024T14:11:19 - [TEST_STEP][PASSED] - scrollToElement(findTestObject("Выручка по ДЗО/Заголовок дашборда"), 30): Scroll to object 'Object Repository/Выручка по ДЗО/Заголовок дашборда' successfully

11-11-2024T14:11:20 - [MESSAGE][PASSED] - Scroll to object 'Object Repository/Выручка по ДЗО/Заголовок дашборда' successfully

11-11-2024T14:11:20 - [TEST_STEP][PASSED] - click(findTestObject("Выручка по ДЗО/Применить в фильтре Дата")): Object: 'Object Repository/Выручка по ДЗО/Применить в фильтре Дата' is clicked on

11-11-2024T14:11:20 - [MESSAGE][PASSED] - Object: 'Object Repository/Выручка по ДЗО/Применить в фильтре Дата' is clicked on

11-11-2024T14:11:20 - [TEST_STEP][PASSED] - a3 = "": null

11-11-2024T14:11:20 - [TEST_STEP][PASSED] - a4 = "": null

11-11-2024T14:11:20 - [TEST_STEP][PASSED] - a5 = "": null

11-11-2024T14:11:20 - [TEST_STEP][PASSED] - a6 = "": null

11-11-2024T14:11:20 - [TEST_STEP][PASSED] - a7 = "": null

11-11-2024T14:11:20 - [TEST_STEP][PASSED] - a8 = "": null

11-11-2024T14:11:20 - [TEST_STEP][PASSED] - a9 = "": null

11-11-2024T14:11:20 - [TEST_STEP][PASSED] - if (run == 1): null

11-11-2024T14:11:20 - [TEST_STEP][PASSED] - user = "админ": null

11-11-2024T14:11:20 - [TEST_STEP][PASSED] - a1 = getText(findTestObject("Выручка по ДЗО/График1 Выполнение плановых показателей Блок руководителя")): Text of object 'Object Repository/Выручка по ДЗО/График1 Выполнение плановых показателей Блок руководителя' is: '1 376 1 376
3 393 3 393
58 100 58 100
56 758 56 758
73 967 73 967
152 892 152 892
23 234 23 234
38 849 38 849
50 960 50 960
6 962 6 962
61 784 61 784
76 788 76 788
230 075 230 075
84 937 84 937
91 081 91 081
38 611 38 611
7 049 7 049
1 615 1 615
3 461 3 461
58 125 58 125
60 228 60 228
77 822 77 822
159 792 159 792
24 054 24 054
39 689 39 689
53 076 53 076
7 175 7 175
57 472 57 472
78 503 78 503
204 982 204 982
88 347 88 347
94 954 94 954
39 927 39 927
7 326 7 326
План
Факт
АО «Тываэнерго»
АО «Чеченэнерго»
Россети Волга
Россети Кубань
Россети Ленэнерго (ГК)
Россети Московский регион
Россети Северный Кавказ (ГК)
Россети Северо-Запад
Россети Сибирь (ГК)
Россети Томск
Россети Тюмень
Россети Урал (ГК)
Россети ФСК ЕЭС
Россети Центр
Россети Центр и Приволжье (ГК)
Россети Юг (ГК)
Россети Янтарь
0 млн. руб.
25 000 млн. руб.
50 000 млн. руб.
75 000 млн. руб.
100 000 млн. руб.
125 000 млн. руб.
150 000 млн. руб.
175 000 млн. руб.
200 000 млн. руб.
225 000 млн. руб.
250 000 млн. руб.'

11-11-2024T14:11:22 - [MESSAGE][PASSED] - Text of object 'Object Repository/Выручка по ДЗО/График1 Выполнение плановых показателей Блок руководителя' is: '1 376 1 376
3 393 3 393
58 100 58 100
56 758 56 758
73 967 73 967
152 892 152 892
23 234 23 234
38 849 38 849
50 960 50 960
6 962 6 962
61 784 61 784
76 788 76 788
230 075 230 075
84 937 84 937
91 081 91 081
38 611 38 611
7 049 7 049
1 615 1 615
3 461 3 461
58 125 58 125
60 228 60 228
77 822 77 822
159 792 159 792
24 054 24 054
39 689 39 689
53 076 53 076
7 175 7 175
57 472 57 472
78 503 78 503
204 982 204 982
88 347 88 347
94 954 94 954
39 927 39 927
7 326 7 326
План
Факт
АО «Тываэнерго»
АО «Чеченэнерго»
Россети Волга
Россети Кубань
Россети Ленэнерго (ГК)
Россети Московский регион
Россети Северный Кавказ (ГК)
Россети Северо-Запад
Россети Сибирь (ГК)
Россети Томск
Россети Тюмень
Россети Урал (ГК)
Россети ФСК ЕЭС
Россети Центр
Россети Центр и Приволжье (ГК)
Россети Юг (ГК)
Россети Янтарь
0 млн. руб.
25 000 млн. руб.
50 000 млн. руб.
75 000 млн. руб.
100 000 млн. руб.
125 000 млн. руб.
150 000 млн. руб.
175 000 млн. руб.
200 000 млн. руб.
225 000 млн. руб.
250 000 млн. руб.'

11-11-2024T14:11:22 - [TEST_STEP][PASSED] - a2 = getText(findTestObject("Выручка по ДЗО/График2 Выполнение плановых показателей Блок руководителя")): Text of object 'Object Repository/Выручка по ДЗО/График2 Выполнение плановых показателей Блок руководителя' is: '0,15%0,15%
0,33%0,33%
5,5%5,5%
5,7%5,7%
7,37%7,37%
15,12%15,12%
2,28%2,28%
3,76%3,76%
5,02%5,02%
0,68%0,68%
5,44%5,44%
7,43%7,43%
19,4%19,4%
8,36%8,36%
8,99%8,99%
3,78%3,78%
0,69%0,69%
АО «Тываэнерго»
АО «Чеченэнерго»
Россети Волга
Россети Кубань
Россети Ленэнерго (ГК)
Россети Московский регион
Россети Северный Кавказ (ГК)
Россети Северо-Запад
Россети Сибирь (ГК)
Россети Томск
Россети Тюмень
Россети Урал (ГК)
Россети ФСК ЕЭС
Россети Центр
Россети Центр и Приволжье (ГК)
Россети Юг (ГК)
Россети Янтарь
Россети Центр и Приволжье (ГК): 94 954 028,58'

11-11-2024T14:11:22 - [MESSAGE][PASSED] - Text of object 'Object Repository/Выручка по ДЗО/График2 Выполнение плановых показателей Блок руководителя' is: '0,15%0,15%
0,33%0,33%
5,5%5,5%
5,7%5,7%
7,37%7,37%
15,12%15,12%
2,28%2,28%
3,76%3,76%
5,02%5,02%
0,68%0,68%
5,44%5,44%
7,43%7,43%
19,4%19,4%
8,36%8,36%
8,99%8,99%
3,78%3,78%
0,69%0,69%
АО «Тываэнерго»
АО «Чеченэнерго»
Россети Волга
Россети Кубань
Россети Ленэнерго (ГК)
Россети Московский регион
Россети Северный Кавказ (ГК)
Россети Северо-Запад
Россети Сибирь (ГК)
Россети Томск
Россети Тюмень
Россети Урал (ГК)
Россети ФСК ЕЭС
Россети Центр
Россети Центр и Приволжье (ГК)
Россети Юг (ГК)
Россети Янтарь
Россети Центр и Приволжье (ГК): 94 954 028,58'

11-11-2024T14:11:22 - [TEST_STEP][PASSED] - a2 = indexOf("АО «Тываэнерго»")).replaceAll("[а-яА-Я]", ""): null

11-11-2024T14:11:22 - [TEST_STEP][PASSED] - n = n + 27: null

11-11-2024T14:11:22 - [TEST_STEP][PASSED] - Script1686231490255.WriteToExcel(user, dashboardName, n, data, run, a1, a2, a3, a4, a5, a6, a7, a8, a9): null

11-11-2024T14:11:22 - [TEST_STEP][PASSED] - sheetName = "Sheet1": null

11-11-2024T14:11:22 - [TEST_STEP][PASSED] - workbook01 = getWorkbook(excelFilePath): null

11-11-2024T14:11:22 - [TEST_STEP][PASSED] - sheet01 = getExcelSheet(workbook01, sheetName): null

11-11-2024T14:11:22 - [TEST_STEP][PASSED] - setValueToCellByIndex(sheet01, n, 0, dashboardName): null

11-11-2024T14:11:22 - [TEST_STEP][PASSED] - setValueToCellByIndex(sheet01, n, 10, user): null

11-11-2024T14:11:22 - [TEST_STEP][PASSED] - setValueToCellByIndex(sheet01, n, 1, a1): null

11-11-2024T14:11:22 - [TEST_STEP][PASSED] - setValueToCellByIndex(sheet01, n, 2, a2): null

11-11-2024T14:11:22 - [TEST_STEP][PASSED] - setValueToCellByIndex(sheet01, n, 3, a3): null

11-11-2024T14:11:22 - [TEST_STEP][PASSED] - setValueToCellByIndex(sheet01, n, 4, a4): null

11-11-2024T14:11:22 - [TEST_STEP][PASSED] - setValueToCellByIndex(sheet01, n, 5, a5): null

11-11-2024T14:11:22 - [TEST_STEP][PASSED] - setValueToCellByIndex(sheet01, n, 6, a6): null

11-11-2024T14:11:22 - [TEST_STEP][PASSED] - setValueToCellByIndex(sheet01, n, 7, a7): null

11-11-2024T14:11:22 - [TEST_STEP][PASSED] - setValueToCellByIndex(sheet01, n, 8, a8): null

11-11-2024T14:11:22 - [TEST_STEP][PASSED] - setValueToCellByIndex(sheet01, n, 9, a9): null

11-11-2024T14:11:22 - [TEST_STEP][PASSED] - n = n + 1: null

11-11-2024T14:11:22 - [TEST_STEP][PASSED] - saveWorkbook(excelFilePath, workbook01): null

11-11-2024T14:11:23 - [TEST_STEP][PASSED] - if (run == 2): null

11-11-2024T14:11:23 - [TEST_STEP][PASSED] - if (run == 3): null

11-11-2024T14:11:23 - [TEST_STEP][PASSED] - closeBrowser(): null

11-11-2024T14:11:23 - [MESSAGE][PASSED] - Browser is closed

11-11-2024T14:11:23 - [TEST_STEP][PASSED] - ViruchkaPoDZO(user, dashboardName, n, data, run, a1, a2, a3, a4, a5, a6, a7, a8, a9, urlData): null

11-11-2024T14:11:23 - [TEST_STEP][PASSED] - n = data.getRowNumbers() + 1: null

11-11-2024T14:11:23 - [TEST_STEP][PASSED] - println(n): null

11-11-2024T14:11:23 - [TEST_STEP][PASSED] - dashboardName = "Выручка по ДЗО": null

11-11-2024T14:11:23 - [TEST_STEP][PASSED] - openBrowser(""): Browser is opened with url: ''

11-11-2024T14:11:23 - [MESSAGE][INFO] - Starting 'Chrome' driver

11-11-2024T14:11:23 - [MESSAGE][INFO] - Action delay is set to 0 milliseconds

11-11-2024T14:11:24 - [MESSAGE][PASSED] - Browser is opened with url: ''

11-11-2024T14:11:24 - [TEST_STEP][PASSED] - urlData = 5: null

11-11-2024T14:11:24 - [TEST_STEP][PASSED] - Script1686231490255.CheckPageDownload(urlData, run): null

11-11-2024T14:11:24 - [TEST_STEP][PASSED] - i = 1: null

11-11-2024T14:11:24 - [TEST_STEP][PASSED] - ii = 0: null

11-11-2024T14:11:24 - [TEST_STEP][PASSED] - urlText = <not implemented yet for class: org.codehaus.groovy.ast.expr.EmptyExpression>: null

11-11-2024T14:11:24 - [TEST_STEP][PASSED] - searchWord = <not implemented yet for class: org.codehaus.groovy.ast.expr.EmptyExpression>: null

11-11-2024T14:11:24 - [TEST_STEP][PASSED] - deleteAllCookies(): Delete all cookies successfully

11-11-2024T14:11:24 - [MESSAGE][PASSED] - Delete all cookies successfully

11-11-2024T14:11:24 - [TEST_STEP][PASSED] - refresh(): Refresh successfully

11-11-2024T14:11:24 - [MESSAGE][PASSED] - Refresh successfully

11-11-2024T14:11:24 - [TEST_STEP][PASSED] - delay(65): Delayed 65 second(s)

11-11-2024T14:12:29 - [MESSAGE][PASSED] - Delayed 65 second(s)

11-11-2024T14:12:29 - [TEST_STEP][PASSED] - navigateToUrl(findTestData("PlanFact").getValue(10, urlData)): Navigate to 'https://bi.rosseti.digital/viewer?dashboardGuid=2301950b23be4ed89c1df75f2020051e&sheetGuid=31530aa0b6664c09b016b7f2ab9d853e&fit=true' successfully

11-11-2024T14:12:34 - [MESSAGE][PASSED] - Navigate to 'https://bi.rosseti.digital/viewer?dashboardGuid=2301950b23be4ed89c1df75f2020051e&sheetGuid=31530aa0b6664c09b016b7f2ab9d853e&fit=true' successfully

11-11-2024T14:12:34 - [TEST_STEP][PASSED] - pageLoaded1 = verifyElementPresent(findTestObject("Страница авторизации/Text"), 30): Object 'Object Repository/Страница авторизации/Text' is present

11-11-2024T14:12:38 - [MESSAGE][PASSED] - Object 'Object Repository/Страница авторизации/Text' is present

11-11-2024T14:12:38 - [TEST_STEP][PASSED] - if (pageLoaded1 == false): null

11-11-2024T14:12:38 - [TEST_STEP][PASSED] - urlText = getText(findTestObject("Страница авторизации/Text")): Text of object 'Object Repository/Страница авторизации/Text' is: 'Вход'

11-11-2024T14:12:39 - [MESSAGE][PASSED] - Text of object 'Object Repository/Страница авторизации/Text' is: 'Вход'

11-11-2024T14:12:39 - [TEST_STEP][PASSED] - delay(65): Delayed 65 second(s)

11-11-2024T14:13:44 - [MESSAGE][PASSED] - Delayed 65 second(s)

11-11-2024T14:13:44 - [TEST_STEP][PASSED] - searchWord = "Вход": null

11-11-2024T14:13:44 - [TEST_STEP][PASSED] - if (urlText.contains(searchWord) == false): null

11-11-2024T14:13:44 - [TEST_STEP][PASSED] - setText(findTestObject("Страница авторизации/input__username"), findTestData("PlanFact").getValue(8, run)): Text 'Andreeva-EV' is set on object 'Object Repository/Страница авторизации/input__username'

11-11-2024T14:13:44 - [MESSAGE][PASSED] - Text 'Andreeva-EV' is set on object 'Object Repository/Страница авторизации/input__username'

11-11-2024T14:13:44 - [TEST_STEP][PASSED] - setText(findTestObject("Страница авторизации/input__password"), findTestData("PlanFact").getValue(9, run)): Text '2nPePKDwCPH3ul7xMZ' is set on object 'Object Repository/Страница авторизации/input__password'

11-11-2024T14:13:45 - [MESSAGE][PASSED] - Text '2nPePKDwCPH3ul7xMZ' is set on object 'Object Repository/Страница авторизации/input__password'

11-11-2024T14:13:45 - [TEST_STEP][PASSED] - click(findTestObject("Страница авторизации/button_")): Object: 'Object Repository/Страница авторизации/button_' is clicked on

11-11-2024T14:13:49 - [MESSAGE][PASSED] - Object: 'Object Repository/Страница авторизации/button_' is clicked on

11-11-2024T14:13:49 - [TEST_STEP][PASSED] - delay(65): Delayed 65 second(s)

11-11-2024T14:14:54 - [MESSAGE][PASSED] - Delayed 65 second(s)

11-11-2024T14:14:54 - [TEST_STEP][PASSED] - searchWord = "а": null

11-11-2024T14:14:54 - [TEST_STEP][PASSED] - pageLoaded2 = verifyElementPresent(findTestObject("Страница авторизации/Text"), 50): Object 'Object Repository/Страница авторизации/Text' is present

11-11-2024T14:14:54 - [MESSAGE][PASSED] - Object 'Object Repository/Страница авторизации/Text' is present

11-11-2024T14:14:54 - [TEST_STEP][PASSED] - if (pageLoaded2 == false): null

11-11-2024T14:14:54 - [TEST_STEP][PASSED] - urlText = getText(findTestObject("Страница авторизации/Text")): Text of object 'Object Repository/Страница авторизации/Text' is: 'Период
1, 2, 3 кв. 2024 года
Выручка
Все
ДЗО 
Все
Выручка по ДЗО
Выполнение плановых показателей по ПАО Россети за 1, 2, 3 кв. 2024 года
1 376 1 376
3 393 3 393
58 100 58 100
56 758 56 758
73 967 73 967
152 892 152 892
23 234 23 234
38 849 38 849
50 960 50 960
6 962 6 962
61 784 61 784
76 788 76 788
230 075 230 075
84 937 84 937
91 081 91 081
38 611 38 611
7 049 7 049
1 615 1 615
3 461 3 461
58 125 58 125
60 228 60 228
77 822 77 822
159 792 159 792
24 054 24 054
39 689 39 689
53 076 53 076
7 175 7 175
57 472 57 472
78 503 78 503
204 982 204 982
88 347 88 347
94 954 94 954
39 927 39 927
7 326 7 326
План
Факт
АО «Тываэнерго»
АО «Чеченэнерго»
Россети Волга
Россети Кубань
Россети Ленэнерго (ГК)
Россети Московский регион
Россети Северный Кавказ (ГК)
Россети Северо-Запад
Россети Сибирь (ГК)
Россети Томск
Россети Тюмень
Россети Урал (ГК)
Россети ФСК ЕЭС
Россети Центр
Россети Центр и Приволжье (ГК)
Россети Юг (ГК)
Россети Янтарь
0 млн. руб.
25 000 млн. руб.
50 000 млн. руб.
75 000 млн. руб.
100 000 млн. руб.
125 000 млн. руб.
150 000 млн. руб.
175 000 млн. руб.
200 000 млн. руб.
225 000 млн. руб.
250 000 млн. руб.
Выполнение плановых показателей по ПАО Россети за 1, 2, 3 кв. 2024 года
0,15%0,15%
0,33%0,33%
5,5%5,5%
5,7%5,7%
7,37%7,37%
15,12%15,12%
2,28%2,28%
3,76%3,76%
5,02%5,02%
0,68%0,68%
5,44%5,44%
7,43%7,43%
19,4%19,4%
8,36%8,36%
8,99%8,99%
3,78%3,78%
0,69%0,69%
АО «Тываэнерго»
АО «Чеченэнерго»
Россети Волга
Россети Кубань
Россети Ленэнерго (ГК)
Россети Московский регион
Россети Северный Кавказ (ГК)
Россети Северо-Запад
Россети Сибирь (ГК)
Россети Томск
Россети Тюмень
Россети Урал (ГК)
Россети ФСК ЕЭС
Россети Центр
Россети Центр и Приволжье (ГК)
Россети Юг (ГК)
Россети Янтарь'

11-11-2024T14:14:55 - [MESSAGE][PASSED] - Text of object 'Object Repository/Страница авторизации/Text' is: 'Период
1, 2, 3 кв. 2024 года
Выручка
Все
ДЗО 
Все
Выручка по ДЗО
Выполнение плановых показателей по ПАО Россети за 1, 2, 3 кв. 2024 года
1 376 1 376
3 393 3 393
58 100 58 100
56 758 56 758
73 967 73 967
152 892 152 892
23 234 23 234
38 849 38 849
50 960 50 960
6 962 6 962
61 784 61 784
76 788 76 788
230 075 230 075
84 937 84 937
91 081 91 081
38 611 38 611
7 049 7 049
1 615 1 615
3 461 3 461
58 125 58 125
60 228 60 228
77 822 77 822
159 792 159 792
24 054 24 054
39 689 39 689
53 076 53 076
7 175 7 175
57 472 57 472
78 503 78 503
204 982 204 982
88 347 88 347
94 954 94 954
39 927 39 927
7 326 7 326
План
Факт
АО «Тываэнерго»
АО «Чеченэнерго»
Россети Волга
Россети Кубань
Россети Ленэнерго (ГК)
Россети Московский регион
Россети Северный Кавказ (ГК)
Россети Северо-Запад
Россети Сибирь (ГК)
Россети Томск
Россети Тюмень
Россети Урал (ГК)
Россети ФСК ЕЭС
Россети Центр
Россети Центр и Приволжье (ГК)
Россети Юг (ГК)
Россети Янтарь
0 млн. руб.
25 000 млн. руб.
50 000 млн. руб.
75 000 млн. руб.
100 000 млн. руб.
125 000 млн. руб.
150 000 млн. руб.
175 000 млн. руб.
200 000 млн. руб.
225 000 млн. руб.
250 000 млн. руб.
Выполнение плановых показателей по ПАО Россети за 1, 2, 3 кв. 2024 года
0,15%0,15%
0,33%0,33%
5,5%5,5%
5,7%5,7%
7,37%7,37%
15,12%15,12%
2,28%2,28%
3,76%3,76%
5,02%5,02%
0,68%0,68%
5,44%5,44%
7,43%7,43%
19,4%19,4%
8,36%8,36%
8,99%8,99%
3,78%3,78%
0,69%0,69%
АО «Тываэнерго»
АО «Чеченэнерго»
Россети Волга
Россети Кубань
Россети Ленэнерго (ГК)
Россети Московский регион
Россети Северный Кавказ (ГК)
Россети Северо-Запад
Россети Сибирь (ГК)
Россети Томск
Россети Тюмень
Россети Урал (ГК)
Россети ФСК ЕЭС
Россети Центр
Россети Центр и Приволжье (ГК)
Россети Юг (ГК)
Россети Янтарь'

11-11-2024T14:14:55 - [TEST_STEP][PASSED] - if (urlText.contains("ошибка") || urlText.contains(searchWord) == false): null

11-11-2024T14:14:55 - [TEST_STEP][PASSED] - click(findTestObject("Выручка по ДЗО/Фильтр Дата")): Object: 'Object Repository/Выручка по ДЗО/Фильтр Дата' is clicked on

11-11-2024T14:14:55 - [MESSAGE][PASSED] - Object: 'Object Repository/Выручка по ДЗО/Фильтр Дата' is clicked on

11-11-2024T14:14:55 - [TEST_STEP][PASSED] - click(findTestObject("Выручка по ДЗО/Снять выделение в фильтре Дата")): Object: 'Object Repository/Выручка по ДЗО/Снять выделение в фильтре Дата' is clicked on

11-11-2024T14:14:56 - [MESSAGE][PASSED] - Object: 'Object Repository/Выручка по ДЗО/Снять выделение в фильтре Дата' is clicked on

11-11-2024T14:14:56 - [TEST_STEP][PASSED] - click(findTestObject("Выручка по ДЗО/Применить в фильтре Дата")): Object: 'Object Repository/Выручка по ДЗО/Применить в фильтре Дата' is clicked on

11-11-2024T14:14:56 - [MESSAGE][PASSED] - Object: 'Object Repository/Выручка по ДЗО/Применить в фильтре Дата' is clicked on

11-11-2024T14:14:56 - [TEST_STEP][PASSED] - click(findTestObject("Выручка по ДЗО/Фильтр Дата")): Object: 'Object Repository/Выручка по ДЗО/Фильтр Дата' is clicked on

11-11-2024T14:14:58 - [MESSAGE][PASSED] - Object: 'Object Repository/Выручка по ДЗО/Фильтр Дата' is clicked on

11-11-2024T14:14:58 - [TEST_STEP][PASSED] - click(findTestObject("Выручка по ДЗО/Снять выделение в фильтре Дата")): Object: 'Object Repository/Выручка по ДЗО/Снять выделение в фильтре Дата' is clicked on

11-11-2024T14:14:58 - [MESSAGE][PASSED] - Object: 'Object Repository/Выручка по ДЗО/Снять выделение в фильтре Дата' is clicked on

11-11-2024T14:14:58 - [TEST_STEP][PASSED] - scrollToElement(findTestObject("Выручка по ДЗО/2024 список"), 30): Scroll to object 'Object Repository/Выручка по ДЗО/2024 список' successfully

11-11-2024T14:14:59 - [MESSAGE][PASSED] - Scroll to object 'Object Repository/Выручка по ДЗО/2024 список' successfully

11-11-2024T14:14:59 - [TEST_STEP][PASSED] - click(findTestObject("Выручка по ДЗО/2024 список")): Object: 'Object Repository/Выручка по ДЗО/2024 список' is clicked on

11-11-2024T14:14:59 - [MESSAGE][PASSED] - Object: 'Object Repository/Выручка по ДЗО/2024 список' is clicked on

11-11-2024T14:14:59 - [TEST_STEP][PASSED] - scrollToElement(findTestObject("Выручка по ДЗО/1 квартал 2024 выбрать"), 30): Scroll to object 'Object Repository/Выручка по ДЗО/1 квартал 2024 выбрать' successfully

11-11-2024T14:15:00 - [MESSAGE][PASSED] - Scroll to object 'Object Repository/Выручка по ДЗО/1 квартал 2024 выбрать' successfully

11-11-2024T14:15:00 - [TEST_STEP][PASSED] - click(findTestObject("Выручка по ДЗО/1 квартал 2024 выбрать")): Object: 'Object Repository/Выручка по ДЗО/1 квартал 2024 выбрать' is clicked on

11-11-2024T14:15:00 - [MESSAGE][PASSED] - Object: 'Object Repository/Выручка по ДЗО/1 квартал 2024 выбрать' is clicked on

11-11-2024T14:15:00 - [TEST_STEP][PASSED] - scrollToElement(findTestObject("Выручка по ДЗО/2 квартал 2024 выбрать"), 30): Scroll to object 'Object Repository/Выручка по ДЗО/2 квартал 2024 выбрать' successfully

11-11-2024T14:15:00 - [MESSAGE][PASSED] - Scroll to object 'Object Repository/Выручка по ДЗО/2 квартал 2024 выбрать' successfully

11-11-2024T14:15:00 - [TEST_STEP][PASSED] - click(findTestObject("Выручка по ДЗО/2 квартал 2024 выбрать"), CONTINUE_ON_FAILURE): Object: 'Object Repository/Выручка по ДЗО/2 квартал 2024 выбрать' is clicked on

11-11-2024T14:15:01 - [MESSAGE][PASSED] - Object: 'Object Repository/Выручка по ДЗО/2 квартал 2024 выбрать' is clicked on

11-11-2024T14:15:01 - [TEST_STEP][PASSED] - scrollToElement(findTestObject("Выручка по ДЗО/3 квартал 2024 список"), 30): Scroll to object 'Object Repository/Выручка по ДЗО/3 квартал 2024 список' successfully

11-11-2024T14:15:01 - [MESSAGE][PASSED] - Scroll to object 'Object Repository/Выручка по ДЗО/3 квартал 2024 список' successfully

11-11-2024T14:15:01 - [TEST_STEP][PASSED] - click(findTestObject("Выручка по ДЗО/3 квартал 2024 выбрать"), CONTINUE_ON_FAILURE): Object: 'Object Repository/Выручка по ДЗО/3 квартал 2024 выбрать' is clicked on

11-11-2024T14:15:02 - [MESSAGE][PASSED] - Object: 'Object Repository/Выручка по ДЗО/3 квартал 2024 выбрать' is clicked on

11-11-2024T14:15:02 - [TEST_STEP][PASSED] - scrollToElement(findTestObject("Выручка по ДЗО/Заголовок дашборда"), 30): Scroll to object 'Object Repository/Выручка по ДЗО/Заголовок дашборда' successfully

11-11-2024T14:15:02 - [MESSAGE][PASSED] - Scroll to object 'Object Repository/Выручка по ДЗО/Заголовок дашборда' successfully

11-11-2024T14:15:02 - [TEST_STEP][PASSED] - click(findTestObject("Выручка по ДЗО/Применить в фильтре Дата")): Object: 'Object Repository/Выручка по ДЗО/Применить в фильтре Дата' is clicked on

11-11-2024T14:15:03 - [MESSAGE][PASSED] - Object: 'Object Repository/Выручка по ДЗО/Применить в фильтре Дата' is clicked on

11-11-2024T14:15:03 - [TEST_STEP][PASSED] - a3 = "": null

11-11-2024T14:15:03 - [TEST_STEP][PASSED] - a4 = "": null

11-11-2024T14:15:03 - [TEST_STEP][PASSED] - a5 = "": null

11-11-2024T14:15:03 - [TEST_STEP][PASSED] - a6 = "": null

11-11-2024T14:15:03 - [TEST_STEP][PASSED] - a7 = "": null

11-11-2024T14:15:03 - [TEST_STEP][PASSED] - a8 = "": null

11-11-2024T14:15:03 - [TEST_STEP][PASSED] - a9 = "": null

11-11-2024T14:15:03 - [TEST_STEP][PASSED] - if (run == 1): null

11-11-2024T14:15:03 - [TEST_STEP][PASSED] - if (run == 2): null

11-11-2024T14:15:03 - [TEST_STEP][PASSED] - user = "Андреева": null

11-11-2024T14:15:03 - [TEST_STEP][PASSED] - a1 = getText(findTestObject("Выручка по ДЗО/График1 Выполнение плановых показателей Блок руководителя")): Text of object 'Object Repository/Выручка по ДЗО/График1 Выполнение плановых показателей Блок руководителя' is: '1 376 1 376
3 393 3 393
58 100 58 100
56 758 56 758
73 967 73 967
152 892 152 892
23 234 23 234
38 849 38 849
50 960 50 960
6 962 6 962
61 784 61 784
76 788 76 788
230 075 230 075
84 937 84 937
91 081 91 081
38 611 38 611
7 049 7 049
1 615 1 615
3 461 3 461
58 125 58 125
60 228 60 228
77 822 77 822
159 792 159 792
24 054 24 054
39 689 39 689
53 076 53 076
7 175 7 175
57 472 57 472
78 503 78 503
204 982 204 982
88 347 88 347
94 954 94 954
39 927 39 927
7 326 7 326
План
Факт
АО «Тываэнерго»
АО «Чеченэнерго»
Россети Волга
Россети Кубань
Россети Ленэнерго (ГК)
Россети Московский регион
Россети Северный Кавказ (ГК)
Россети Северо-Запад
Россети Сибирь (ГК)
Россети Томск
Россети Тюмень
Россети Урал (ГК)
Россети ФСК ЕЭС
Россети Центр
Россети Центр и Приволжье (ГК)
Россети Юг (ГК)
Россети Янтарь
0 млн. руб.
25 000 млн. руб.
50 000 млн. руб.
75 000 млн. руб.
100 000 млн. руб.
125 000 млн. руб.
150 000 млн. руб.
175 000 млн. руб.
200 000 млн. руб.
225 000 млн. руб.
250 000 млн. руб.'

11-11-2024T14:15:04 - [MESSAGE][PASSED] - Text of object 'Object Repository/Выручка по ДЗО/График1 Выполнение плановых показателей Блок руководителя' is: '1 376 1 376
3 393 3 393
58 100 58 100
56 758 56 758
73 967 73 967
152 892 152 892
23 234 23 234
38 849 38 849
50 960 50 960
6 962 6 962
61 784 61 784
76 788 76 788
230 075 230 075
84 937 84 937
91 081 91 081
38 611 38 611
7 049 7 049
1 615 1 615
3 461 3 461
58 125 58 125
60 228 60 228
77 822 77 822
159 792 159 792
24 054 24 054
39 689 39 689
53 076 53 076
7 175 7 175
57 472 57 472
78 503 78 503
204 982 204 982
88 347 88 347
94 954 94 954
39 927 39 927
7 326 7 326
План
Факт
АО «Тываэнерго»
АО «Чеченэнерго»
Россети Волга
Россети Кубань
Россети Ленэнерго (ГК)
Россети Московский регион
Россети Северный Кавказ (ГК)
Россети Северо-Запад
Россети Сибирь (ГК)
Россети Томск
Россети Тюмень
Россети Урал (ГК)
Россети ФСК ЕЭС
Россети Центр
Россети Центр и Приволжье (ГК)
Россети Юг (ГК)
Россети Янтарь
0 млн. руб.
25 000 млн. руб.
50 000 млн. руб.
75 000 млн. руб.
100 000 млн. руб.
125 000 млн. руб.
150 000 млн. руб.
175 000 млн. руб.
200 000 млн. руб.
225 000 млн. руб.
250 000 млн. руб.'

11-11-2024T14:15:04 - [TEST_STEP][PASSED] - a2 = getText(findTestObject("Выручка по ДЗО/График2 Выполнение плановых показателей Блок руководителя")): Text of object 'Object Repository/Выручка по ДЗО/График2 Выполнение плановых показателей Блок руководителя' is: '0,15%0,15%
0,33%0,33%
5,5%5,5%
5,7%5,7%
7,37%7,37%
15,12%15,12%
2,28%2,28%
3,76%3,76%
5,02%5,02%
0,68%0,68%
5,44%5,44%
7,43%7,43%
19,4%19,4%
8,36%8,36%
8,99%8,99%
3,78%3,78%
0,69%0,69%
АО «Тываэнерго»
АО «Чеченэнерго»
Россети Волга
Россети Кубань
Россети Ленэнерго (ГК)
Россети Московский регион
Россети Северный Кавказ (ГК)
Россети Северо-Запад
Россети Сибирь (ГК)
Россети Томск
Россети Тюмень
Россети Урал (ГК)
Россети ФСК ЕЭС
Россети Центр
Россети Центр и Приволжье (ГК)
Россети Юг (ГК)
Россети Янтарь
Россети Центр и Приволжье (ГК): 94 954 028,58'

11-11-2024T14:15:04 - [MESSAGE][PASSED] - Text of object 'Object Repository/Выручка по ДЗО/График2 Выполнение плановых показателей Блок руководителя' is: '0,15%0,15%
0,33%0,33%
5,5%5,5%
5,7%5,7%
7,37%7,37%
15,12%15,12%
2,28%2,28%
3,76%3,76%
5,02%5,02%
0,68%0,68%
5,44%5,44%
7,43%7,43%
19,4%19,4%
8,36%8,36%
8,99%8,99%
3,78%3,78%
0,69%0,69%
АО «Тываэнерго»
АО «Чеченэнерго»
Россети Волга
Россети Кубань
Россети Ленэнерго (ГК)
Россети Московский регион
Россети Северный Кавказ (ГК)
Россети Северо-Запад
Россети Сибирь (ГК)
Россети Томск
Россети Тюмень
Россети Урал (ГК)
Россети ФСК ЕЭС
Россети Центр
Россети Центр и Приволжье (ГК)
Россети Юг (ГК)
Россети Янтарь
Россети Центр и Приволжье (ГК): 94 954 028,58'

11-11-2024T14:15:04 - [TEST_STEP][PASSED] - a2 = indexOf("АО «Тываэнерго»")).replaceAll("[а-яА-Я]", ""): null

11-11-2024T14:15:04 - [TEST_STEP][PASSED] - n = n + 28: null

11-11-2024T14:15:04 - [TEST_STEP][PASSED] - b = n - run + 1: null

11-11-2024T14:15:04 - [TEST_STEP][PASSED] - verifyEqual(findTestData("PlanFact").getValue(2, b), a1): Actual object '1 376 1 376
3 393 3 393
58 100 58 100
56 758 56 758
73 967 73 967
152 892 152 892
23 234 23 234
38 849 38 849
50 960 50 960
6 962 6 962
61 784 61 784
76 788 76 788
230 075 230 075
84 937 84 937
91 081 91 081
38 611 38 611
7 049 7 049
1 615 1 615
3 461 3 461
58 125 58 125
60 228 60 228
77 822 77 822
159 792 159 792
24 054 24 054
39 689 39 689
53 076 53 076
7 175 7 175
57 472 57 472
78 503 78 503
204 982 204 982
88 347 88 347
94 954 94 954
39 927 39 927
7 326 7 326
План
Факт
АО «Тываэнерго»
АО «Чеченэнерго»
Россети Волга
Россети Кубань
Россети Ленэнерго (ГК)
Россети Московский регион
Россети Северный Кавказ (ГК)
Россети Северо-Запад
Россети Сибирь (ГК)
Россети Томск
Россети Тюмень
Россети Урал (ГК)
Россети ФСК ЕЭС
Россети Центр
Россети Центр и Приволжье (ГК)
Россети Юг (ГК)
Россети Янтарь
0 млн. руб.
25 000 млн. руб.
50 000 млн. руб.
75 000 млн. руб.
100 000 млн. руб.
125 000 млн. руб.
150 000 млн. руб.
175 000 млн. руб.
200 000 млн. руб.
225 000 млн. руб.
250 000 млн. руб.' and expected object '1 376 1 376
3 393 3 393
58 100 58 100
56 758 56 758
73 967 73 967
152 892 152 892
23 234 23 234
38 849 38 849
50 960 50 960
6 962 6 962
61 784 61 784
76 788 76 788
230 075 230 075
84 937 84 937
91 081 91 081
38 611 38 611
7 049 7 049
1 615 1 615
3 461 3 461
58 125 58 125
60 228 60 228
77 822 77 822
159 792 159 792
24 054 24 054
39 689 39 689
53 076 53 076
7 175 7 175
57 472 57 472
78 503 78 503
204 982 204 982
88 347 88 347
94 954 94 954
39 927 39 927
7 326 7 326
План
Факт
АО «Тываэнерго»
АО «Чеченэнерго»
Россети Волга
Россети Кубань
Россети Ленэнерго (ГК)
Россети Московский регион
Россети Северный Кавказ (ГК)
Россети Северо-Запад
Россети Сибирь (ГК)
Россети Томск
Россети Тюмень
Россети Урал (ГК)
Россети ФСК ЕЭС
Россети Центр
Россети Центр и Приволжье (ГК)
Россети Юг (ГК)
Россети Янтарь
0 млн. руб.
25 000 млн. руб.
50 000 млн. руб.
75 000 млн. руб.
100 000 млн. руб.
125 000 млн. руб.
150 000 млн. руб.
175 000 млн. руб.
200 000 млн. руб.
225 000 млн. руб.
250 000 млн. руб.' are equal

11-11-2024T14:15:04 - [MESSAGE][PASSED] - Actual object '1 376 1 376
3 393 3 393
58 100 58 100
56 758 56 758
73 967 73 967
152 892 152 892
23 234 23 234
38 849 38 849
50 960 50 960
6 962 6 962
61 784 61 784
76 788 76 788
230 075 230 075
84 937 84 937
91 081 91 081
38 611 38 611
7 049 7 049
1 615 1 615
3 461 3 461
58 125 58 125
60 228 60 228
77 822 77 822
159 792 159 792
24 054 24 054
39 689 39 689
53 076 53 076
7 175 7 175
57 472 57 472
78 503 78 503
204 982 204 982
88 347 88 347
94 954 94 954
39 927 39 927
7 326 7 326
План
Факт
АО «Тываэнерго»
АО «Чеченэнерго»
Россети Волга
Россети Кубань
Россети Ленэнерго (ГК)
Россети Московский регион
Россети Северный Кавказ (ГК)
Россети Северо-Запад
Россети Сибирь (ГК)
Россети Томск
Россети Тюмень
Россети Урал (ГК)
Россети ФСК ЕЭС
Россети Центр
Россети Центр и Приволжье (ГК)
Россети Юг (ГК)
Россети Янтарь
0 млн. руб.
25 000 млн. руб.
50 000 млн. руб.
75 000 млн. руб.
100 000 млн. руб.
125 000 млн. руб.
150 000 млн. руб.
175 000 млн. руб.
200 000 млн. руб.
225 000 млн. руб.
250 000 млн. руб.' and expected object '1 376 1 376
3 393 3 393
58 100 58 100
56 758 56 758
73 967 73 967
152 892 152 892
23 234 23 234
38 849 38 849
50 960 50 960
6 962 6 962
61 784 61 784
76 788 76 788
230 075 230 075
84 937 84 937
91 081 91 081
38 611 38 611
7 049 7 049
1 615 1 615
3 461 3 461
58 125 58 125
60 228 60 228
77 822 77 822
159 792 159 792
24 054 24 054
39 689 39 689
53 076 53 076
7 175 7 175
57 472 57 472
78 503 78 503
204 982 204 982
88 347 88 347
94 954 94 954
39 927 39 927
7 326 7 326
План
Факт
АО «Тываэнерго»
АО «Чеченэнерго»
Россети Волга
Россети Кубань
Россети Ленэнерго (ГК)
Россети Московский регион
Россети Северный Кавказ (ГК)
Россети Северо-Запад
Россети Сибирь (ГК)
Россети Томск
Россети Тюмень
Россети Урал (ГК)
Россети ФСК ЕЭС
Россети Центр
Россети Центр и Приволжье (ГК)
Россети Юг (ГК)
Россети Янтарь
0 млн. руб.
25 000 млн. руб.
50 000 млн. руб.
75 000 млн. руб.
100 000 млн. руб.
125 000 млн. руб.
150 000 млн. руб.
175 000 млн. руб.
200 000 млн. руб.
225 000 млн. руб.
250 000 млн. руб.' are equal

11-11-2024T14:15:04 - [TEST_STEP][PASSED] - verifyEqual(findTestData("PlanFact").getValue(3, b), a2): Actual object '0,15%0,15%
0,33%0,33%
5,5%5,5%
5,7%5,7%
7,37%7,37%
15,12%15,12%
2,28%2,28%
3,76%3,76%
5,02%5,02%
0,68%0,68%
5,44%5,44%
7,43%7,43%
19,4%19,4%
8,36%8,36%
8,99%8,99%
3,78%3,78%
0,69%0,69%
' and expected object '0,15%0,15%
0,33%0,33%
5,5%5,5%
5,7%5,7%
7,37%7,37%
15,12%15,12%
2,28%2,28%
3,76%3,76%
5,02%5,02%
0,68%0,68%
5,44%5,44%
7,43%7,43%
19,4%19,4%
8,36%8,36%
8,99%8,99%
3,78%3,78%
0,69%0,69%
' are equal

11-11-2024T14:15:04 - [MESSAGE][PASSED] - Actual object '0,15%0,15%
0,33%0,33%
5,5%5,5%
5,7%5,7%
7,37%7,37%
15,12%15,12%
2,28%2,28%
3,76%3,76%
5,02%5,02%
0,68%0,68%
5,44%5,44%
7,43%7,43%
19,4%19,4%
8,36%8,36%
8,99%8,99%
3,78%3,78%
0,69%0,69%
' and expected object '0,15%0,15%
0,33%0,33%
5,5%5,5%
5,7%5,7%
7,37%7,37%
15,12%15,12%
2,28%2,28%
3,76%3,76%
5,02%5,02%
0,68%0,68%
5,44%5,44%
7,43%7,43%
19,4%19,4%
8,36%8,36%
8,99%8,99%
3,78%3,78%
0,69%0,69%
' are equal

11-11-2024T14:15:04 - [TEST_STEP][PASSED] - Script1686231490255.WriteToExcel(user, dashboardName, n, data, run, a1, a2, a3, a4, a5, a6, a7, a8, a9): null

11-11-2024T14:15:04 - [TEST_STEP][PASSED] - sheetName = "Sheet1": null

11-11-2024T14:15:04 - [TEST_STEP][PASSED] - workbook01 = getWorkbook(excelFilePath): null

11-11-2024T14:15:05 - [TEST_STEP][PASSED] - sheet01 = getExcelSheet(workbook01, sheetName): null

11-11-2024T14:15:05 - [TEST_STEP][PASSED] - setValueToCellByIndex(sheet01, n, 0, dashboardName): null

11-11-2024T14:15:05 - [TEST_STEP][PASSED] - setValueToCellByIndex(sheet01, n, 10, user): null

11-11-2024T14:15:05 - [TEST_STEP][PASSED] - setValueToCellByIndex(sheet01, n, 1, a1): null

11-11-2024T14:15:05 - [TEST_STEP][PASSED] - setValueToCellByIndex(sheet01, n, 2, a2): null

11-11-2024T14:15:05 - [TEST_STEP][PASSED] - setValueToCellByIndex(sheet01, n, 3, a3): null

11-11-2024T14:15:05 - [TEST_STEP][PASSED] - setValueToCellByIndex(sheet01, n, 4, a4): null

11-11-2024T14:15:05 - [TEST_STEP][PASSED] - setValueToCellByIndex(sheet01, n, 5, a5): null

11-11-2024T14:15:05 - [TEST_STEP][PASSED] - setValueToCellByIndex(sheet01, n, 6, a6): null

11-11-2024T14:15:05 - [TEST_STEP][PASSED] - setValueToCellByIndex(sheet01, n, 7, a7): null

11-11-2024T14:15:05 - [TEST_STEP][PASSED] - setValueToCellByIndex(sheet01, n, 8, a8): null

11-11-2024T14:15:05 - [TEST_STEP][PASSED] - setValueToCellByIndex(sheet01, n, 9, a9): null

11-11-2024T14:15:05 - [TEST_STEP][PASSED] - n = n + 1: null

11-11-2024T14:15:05 - [TEST_STEP][PASSED] - saveWorkbook(excelFilePath, workbook01): null

11-11-2024T14:15:05 - [TEST_STEP][PASSED] - if (run == 3): null

11-11-2024T14:15:05 - [TEST_STEP][PASSED] - closeBrowser(): null

11-11-2024T14:15:05 - [MESSAGE][PASSED] - Browser is closed

11-11-2024T14:15:05 - [TEST_STEP][PASSED] - ViruchkaPoDZO(user, dashboardName, n, data, run, a1, a2, a3, a4, a5, a6, a7, a8, a9, urlData): null

11-11-2024T14:15:05 - [TEST_STEP][PASSED] - n = data.getRowNumbers() + 1: null

11-11-2024T14:15:05 - [TEST_STEP][PASSED] - println(n): null

11-11-2024T14:15:05 - [TEST_STEP][PASSED] - dashboardName = "Выручка по ДЗО": null

11-11-2024T14:15:05 - [TEST_STEP][PASSED] - openBrowser(""): Browser is opened with url: ''

11-11-2024T14:15:05 - [MESSAGE][INFO] - Starting 'Chrome' driver

11-11-2024T14:15:05 - [MESSAGE][INFO] - Action delay is set to 0 milliseconds

11-11-2024T14:15:06 - [MESSAGE][PASSED] - Browser is opened with url: ''

11-11-2024T14:15:06 - [TEST_STEP][PASSED] - urlData = 5: null

11-11-2024T14:15:06 - [TEST_STEP][PASSED] - Script1686231490255.CheckPageDownload(urlData, run): null

11-11-2024T14:15:06 - [TEST_STEP][PASSED] - i = 1: null

11-11-2024T14:15:06 - [TEST_STEP][PASSED] - ii = 0: null

11-11-2024T14:15:06 - [TEST_STEP][PASSED] - urlText = <not implemented yet for class: org.codehaus.groovy.ast.expr.EmptyExpression>: null

11-11-2024T14:15:06 - [TEST_STEP][PASSED] - searchWord = <not implemented yet for class: org.codehaus.groovy.ast.expr.EmptyExpression>: null

11-11-2024T14:15:06 - [TEST_STEP][PASSED] - deleteAllCookies(): Delete all cookies successfully

11-11-2024T14:15:06 - [MESSAGE][PASSED] - Delete all cookies successfully

11-11-2024T14:15:06 - [TEST_STEP][PASSED] - refresh(): Refresh successfully

11-11-2024T14:15:06 - [MESSAGE][PASSED] - Refresh successfully

11-11-2024T14:15:06 - [TEST_STEP][PASSED] - delay(65): Delayed 65 second(s)

11-11-2024T14:16:11 - [MESSAGE][PASSED] - Delayed 65 second(s)

11-11-2024T14:16:11 - [TEST_STEP][PASSED] - navigateToUrl(findTestData("PlanFact").getValue(10, urlData)): Navigate to 'https://bi.rosseti.digital/viewer?dashboardGuid=2301950b23be4ed89c1df75f2020051e&sheetGuid=31530aa0b6664c09b016b7f2ab9d853e&fit=true' successfully

11-11-2024T14:16:22 - [MESSAGE][PASSED] - Navigate to 'https://bi.rosseti.digital/viewer?dashboardGuid=2301950b23be4ed89c1df75f2020051e&sheetGuid=31530aa0b6664c09b016b7f2ab9d853e&fit=true' successfully

11-11-2024T14:16:22 - [TEST_STEP][PASSED] - pageLoaded1 = verifyElementPresent(findTestObject("Страница авторизации/Text"), 30): Object 'Object Repository/Страница авторизации/Text' is present

11-11-2024T14:16:25 - [MESSAGE][PASSED] - Object 'Object Repository/Страница авторизации/Text' is present

11-11-2024T14:16:25 - [TEST_STEP][PASSED] - if (pageLoaded1 == false): null

11-11-2024T14:16:25 - [TEST_STEP][PASSED] - urlText = getText(findTestObject("Страница авторизации/Text")): Text of object 'Object Repository/Страница авторизации/Text' is: 'Вход'

11-11-2024T14:16:25 - [MESSAGE][PASSED] - Text of object 'Object Repository/Страница авторизации/Text' is: 'Вход'

11-11-2024T14:16:25 - [TEST_STEP][PASSED] - delay(65): Delayed 65 second(s)

11-11-2024T14:17:30 - [MESSAGE][PASSED] - Delayed 65 second(s)

11-11-2024T14:17:30 - [TEST_STEP][PASSED] - searchWord = "Вход": null

11-11-2024T14:17:30 - [TEST_STEP][PASSED] - if (urlText.contains(searchWord) == false): null

11-11-2024T14:17:30 - [TEST_STEP][PASSED] - setText(findTestObject("Страница авторизации/input__username"), findTestData("PlanFact").getValue(8, run)): Text 'Petrova-OV' is set on object 'Object Repository/Страница авторизации/input__username'

11-11-2024T14:17:31 - [MESSAGE][PASSED] - Text 'Petrova-OV' is set on object 'Object Repository/Страница авторизации/input__username'

11-11-2024T14:17:31 - [TEST_STEP][PASSED] - setText(findTestObject("Страница авторизации/input__password"), findTestData("PlanFact").getValue(9, run)): Text '4Ex@~R53r&3x&BVe7' is set on object 'Object Repository/Страница авторизации/input__password'

11-11-2024T14:17:31 - [MESSAGE][PASSED] - Text '4Ex@~R53r&3x&BVe7' is set on object 'Object Repository/Страница авторизации/input__password'

11-11-2024T14:17:31 - [TEST_STEP][PASSED] - click(findTestObject("Страница авторизации/button_")): Object: 'Object Repository/Страница авторизации/button_' is clicked on

11-11-2024T14:17:35 - [MESSAGE][PASSED] - Object: 'Object Repository/Страница авторизации/button_' is clicked on

11-11-2024T14:17:35 - [TEST_STEP][PASSED] - delay(65): Delayed 65 second(s)

11-11-2024T14:18:40 - [MESSAGE][PASSED] - Delayed 65 second(s)

11-11-2024T14:18:40 - [TEST_STEP][PASSED] - searchWord = "а": null

11-11-2024T14:18:40 - [TEST_STEP][PASSED] - pageLoaded2 = verifyElementPresent(findTestObject("Страница авторизации/Text"), 50): Object 'Object Repository/Страница авторизации/Text' is present

11-11-2024T14:18:41 - [MESSAGE][PASSED] - Object 'Object Repository/Страница авторизации/Text' is present

11-11-2024T14:18:41 - [TEST_STEP][PASSED] - if (pageLoaded2 == false): null

11-11-2024T14:18:41 - [TEST_STEP][PASSED] - urlText = getText(findTestObject("Страница авторизации/Text")): Text of object 'Object Repository/Страница авторизации/Text' is: 'Период
1, 2, 3 кв. 2024 года
Выручка
Все
ДЗО 
Все
Выручка по ДЗО
Выполнение плановых показателей по ПАО Россети за 1, 2, 3 кв. 2024 года
1 376 1 376
3 393 3 393
58 100 58 100
56 758 56 758
73 967 73 967
152 892 152 892
23 234 23 234
38 849 38 849
50 960 50 960
6 962 6 962
61 784 61 784
76 788 76 788
230 075 230 075
84 937 84 937
91 081 91 081
38 611 38 611
7 049 7 049
1 615 1 615
3 461 3 461
58 125 58 125
60 228 60 228
77 822 77 822
159 792 159 792
24 054 24 054
39 689 39 689
53 076 53 076
7 175 7 175
57 472 57 472
78 503 78 503
204 982 204 982
88 347 88 347
94 954 94 954
39 927 39 927
7 326 7 326
План
Факт
АО «Тываэнерго»
АО «Чеченэнерго»
Россети Волга
Россети Кубань
Россети Ленэнерго (ГК)
Россети Московский регион
Россети Северный Кавказ (ГК)
Россети Северо-Запад
Россети Сибирь (ГК)
Россети Томск
Россети Тюмень
Россети Урал (ГК)
Россети ФСК ЕЭС
Россети Центр
Россети Центр и Приволжье (ГК)
Россети Юг (ГК)
Россети Янтарь
0 млн. руб.
25 000 млн. руб.
50 000 млн. руб.
75 000 млн. руб.
100 000 млн. руб.
125 000 млн. руб.
150 000 млн. руб.
175 000 млн. руб.
200 000 млн. руб.
225 000 млн. руб.
250 000 млн. руб.
Выполнение плановых показателей по ПАО Россети за 1, 2, 3 кв. 2024 года
0,15%0,15%
0,33%0,33%
5,5%5,5%
5,7%5,7%
7,37%7,37%
15,12%15,12%
2,28%2,28%
3,76%3,76%
5,02%5,02%
0,68%0,68%
5,44%5,44%
7,43%7,43%
19,4%19,4%
8,36%8,36%
8,99%8,99%
3,78%3,78%
0,69%0,69%
АО «Тываэнерго»
АО «Чеченэнерго»
Россети Волга
Россети Кубань
Россети Ленэнерго (ГК)
Россети Московский регион
Россети Северный Кавказ (ГК)
Россети Северо-Запад
Россети Сибирь (ГК)
Россети Томск
Россети Тюмень
Россети Урал (ГК)
Россети ФСК ЕЭС
Россети Центр
Россети Центр и Приволжье (ГК)
Россети Юг (ГК)
Россети Янтарь'

11-11-2024T14:18:41 - [MESSAGE][PASSED] - Text of object 'Object Repository/Страница авторизации/Text' is: 'Период
1, 2, 3 кв. 2024 года
Выручка
Все
ДЗО 
Все
Выручка по ДЗО
Выполнение плановых показателей по ПАО Россети за 1, 2, 3 кв. 2024 года
1 376 1 376
3 393 3 393
58 100 58 100
56 758 56 758
73 967 73 967
152 892 152 892
23 234 23 234
38 849 38 849
50 960 50 960
6 962 6 962
61 784 61 784
76 788 76 788
230 075 230 075
84 937 84 937
91 081 91 081
38 611 38 611
7 049 7 049
1 615 1 615
3 461 3 461
58 125 58 125
60 228 60 228
77 822 77 822
159 792 159 792
24 054 24 054
39 689 39 689
53 076 53 076
7 175 7 175
57 472 57 472
78 503 78 503
204 982 204 982
88 347 88 347
94 954 94 954
39 927 39 927
7 326 7 326
План
Факт
АО «Тываэнерго»
АО «Чеченэнерго»
Россети Волга
Россети Кубань
Россети Ленэнерго (ГК)
Россети Московский регион
Россети Северный Кавказ (ГК)
Россети Северо-Запад
Россети Сибирь (ГК)
Россети Томск
Россети Тюмень
Россети Урал (ГК)
Россети ФСК ЕЭС
Россети Центр
Россети Центр и Приволжье (ГК)
Россети Юг (ГК)
Россети Янтарь
0 млн. руб.
25 000 млн. руб.
50 000 млн. руб.
75 000 млн. руб.
100 000 млн. руб.
125 000 млн. руб.
150 000 млн. руб.
175 000 млн. руб.
200 000 млн. руб.
225 000 млн. руб.
250 000 млн. руб.
Выполнение плановых показателей по ПАО Россети за 1, 2, 3 кв. 2024 года
0,15%0,15%
0,33%0,33%
5,5%5,5%
5,7%5,7%
7,37%7,37%
15,12%15,12%
2,28%2,28%
3,76%3,76%
5,02%5,02%
0,68%0,68%
5,44%5,44%
7,43%7,43%
19,4%19,4%
8,36%8,36%
8,99%8,99%
3,78%3,78%
0,69%0,69%
АО «Тываэнерго»
АО «Чеченэнерго»
Россети Волга
Россети Кубань
Россети Ленэнерго (ГК)
Россети Московский регион
Россети Северный Кавказ (ГК)
Россети Северо-Запад
Россети Сибирь (ГК)
Россети Томск
Россети Тюмень
Россети Урал (ГК)
Россети ФСК ЕЭС
Россети Центр
Россети Центр и Приволжье (ГК)
Россети Юг (ГК)
Россети Янтарь'

11-11-2024T14:18:41 - [TEST_STEP][PASSED] - if (urlText.contains("ошибка") || urlText.contains(searchWord) == false): null

11-11-2024T14:18:41 - [TEST_STEP][PASSED] - click(findTestObject("Выручка по ДЗО/Фильтр Дата")): Object: 'Object Repository/Выручка по ДЗО/Фильтр Дата' is clicked on

11-11-2024T14:18:42 - [MESSAGE][PASSED] - Object: 'Object Repository/Выручка по ДЗО/Фильтр Дата' is clicked on

11-11-2024T14:18:42 - [TEST_STEP][PASSED] - click(findTestObject("Выручка по ДЗО/Снять выделение в фильтре Дата")): Object: 'Object Repository/Выручка по ДЗО/Снять выделение в фильтре Дата' is clicked on

11-11-2024T14:18:42 - [MESSAGE][PASSED] - Object: 'Object Repository/Выручка по ДЗО/Снять выделение в фильтре Дата' is clicked on

11-11-2024T14:18:42 - [TEST_STEP][PASSED] - click(findTestObject("Выручка по ДЗО/Применить в фильтре Дата")): Object: 'Object Repository/Выручка по ДЗО/Применить в фильтре Дата' is clicked on

11-11-2024T14:18:43 - [MESSAGE][PASSED] - Object: 'Object Repository/Выручка по ДЗО/Применить в фильтре Дата' is clicked on

11-11-2024T14:18:43 - [TEST_STEP][PASSED] - click(findTestObject("Выручка по ДЗО/Фильтр Дата")): Object: 'Object Repository/Выручка по ДЗО/Фильтр Дата' is clicked on

11-11-2024T14:18:45 - [MESSAGE][PASSED] - Object: 'Object Repository/Выручка по ДЗО/Фильтр Дата' is clicked on

11-11-2024T14:18:45 - [TEST_STEP][PASSED] - click(findTestObject("Выручка по ДЗО/Снять выделение в фильтре Дата")): Object: 'Object Repository/Выручка по ДЗО/Снять выделение в фильтре Дата' is clicked on

11-11-2024T14:18:45 - [MESSAGE][PASSED] - Object: 'Object Repository/Выручка по ДЗО/Снять выделение в фильтре Дата' is clicked on

11-11-2024T14:18:45 - [TEST_STEP][PASSED] - scrollToElement(findTestObject("Выручка по ДЗО/2024 список"), 30): Scroll to object 'Object Repository/Выручка по ДЗО/2024 список' successfully

11-11-2024T14:18:46 - [MESSAGE][PASSED] - Scroll to object 'Object Repository/Выручка по ДЗО/2024 список' successfully

11-11-2024T14:18:46 - [TEST_STEP][PASSED] - click(findTestObject("Выручка по ДЗО/2024 список")): Object: 'Object Repository/Выручка по ДЗО/2024 список' is clicked on

11-11-2024T14:18:46 - [MESSAGE][PASSED] - Object: 'Object Repository/Выручка по ДЗО/2024 список' is clicked on

11-11-2024T14:18:46 - [TEST_STEP][PASSED] - scrollToElement(findTestObject("Выручка по ДЗО/1 квартал 2024 выбрать"), 30): Scroll to object 'Object Repository/Выручка по ДЗО/1 квартал 2024 выбрать' successfully

11-11-2024T14:18:46 - [MESSAGE][PASSED] - Scroll to object 'Object Repository/Выручка по ДЗО/1 квартал 2024 выбрать' successfully

11-11-2024T14:18:46 - [TEST_STEP][PASSED] - click(findTestObject("Выручка по ДЗО/1 квартал 2024 выбрать")): Object: 'Object Repository/Выручка по ДЗО/1 квартал 2024 выбрать' is clicked on

11-11-2024T14:18:47 - [MESSAGE][PASSED] - Object: 'Object Repository/Выручка по ДЗО/1 квартал 2024 выбрать' is clicked on

11-11-2024T14:18:47 - [TEST_STEP][PASSED] - scrollToElement(findTestObject("Выручка по ДЗО/2 квартал 2024 выбрать"), 30): Scroll to object 'Object Repository/Выручка по ДЗО/2 квартал 2024 выбрать' successfully

11-11-2024T14:18:47 - [MESSAGE][PASSED] - Scroll to object 'Object Repository/Выручка по ДЗО/2 квартал 2024 выбрать' successfully

11-11-2024T14:18:47 - [TEST_STEP][PASSED] - click(findTestObject("Выручка по ДЗО/2 квартал 2024 выбрать"), CONTINUE_ON_FAILURE): Object: 'Object Repository/Выручка по ДЗО/2 квартал 2024 выбрать' is clicked on

11-11-2024T14:18:48 - [MESSAGE][PASSED] - Object: 'Object Repository/Выручка по ДЗО/2 квартал 2024 выбрать' is clicked on

11-11-2024T14:18:48 - [TEST_STEP][PASSED] - scrollToElement(findTestObject("Выручка по ДЗО/3 квартал 2024 список"), 30): Scroll to object 'Object Repository/Выручка по ДЗО/3 квартал 2024 список' successfully

11-11-2024T14:18:48 - [MESSAGE][PASSED] - Scroll to object 'Object Repository/Выручка по ДЗО/3 квартал 2024 список' successfully

11-11-2024T14:18:48 - [TEST_STEP][PASSED] - click(findTestObject("Выручка по ДЗО/3 квартал 2024 выбрать"), CONTINUE_ON_FAILURE): Object: 'Object Repository/Выручка по ДЗО/3 квартал 2024 выбрать' is clicked on

11-11-2024T14:18:48 - [MESSAGE][PASSED] - Object: 'Object Repository/Выручка по ДЗО/3 квартал 2024 выбрать' is clicked on

11-11-2024T14:18:48 - [TEST_STEP][PASSED] - scrollToElement(findTestObject("Выручка по ДЗО/Заголовок дашборда"), 30): Scroll to object 'Object Repository/Выручка по ДЗО/Заголовок дашборда' successfully

11-11-2024T14:18:49 - [MESSAGE][PASSED] - Scroll to object 'Object Repository/Выручка по ДЗО/Заголовок дашборда' successfully

11-11-2024T14:18:49 - [TEST_STEP][PASSED] - click(findTestObject("Выручка по ДЗО/Применить в фильтре Дата")): Object: 'Object Repository/Выручка по ДЗО/Применить в фильтре Дата' is clicked on

11-11-2024T14:18:49 - [MESSAGE][PASSED] - Object: 'Object Repository/Выручка по ДЗО/Применить в фильтре Дата' is clicked on

11-11-2024T14:18:49 - [TEST_STEP][PASSED] - a3 = "": null

11-11-2024T14:18:49 - [TEST_STEP][PASSED] - a4 = "": null

11-11-2024T14:18:49 - [TEST_STEP][PASSED] - a5 = "": null

11-11-2024T14:18:49 - [TEST_STEP][PASSED] - a6 = "": null

11-11-2024T14:18:49 - [TEST_STEP][PASSED] - a7 = "": null

11-11-2024T14:18:49 - [TEST_STEP][PASSED] - a8 = "": null

11-11-2024T14:18:49 - [TEST_STEP][PASSED] - a9 = "": null

11-11-2024T14:18:49 - [TEST_STEP][PASSED] - if (run == 1): null

11-11-2024T14:18:49 - [TEST_STEP][PASSED] - if (run == 2): null

11-11-2024T14:18:49 - [TEST_STEP][PASSED] - if (run == 3): null

11-11-2024T14:18:49 - [TEST_STEP][PASSED] - user = "Попова": null

11-11-2024T14:18:49 - [TEST_STEP][PASSED] - a1 = getText(findTestObject("Выручка по ДЗО/График1 Выполнение плановых показателей Блок руководителя")): Text of object 'Object Repository/Выручка по ДЗО/График1 Выполнение плановых показателей Блок руководителя' is: '1 376 1 376
3 393 3 393
58 100 58 100
56 758 56 758
73 967 73 967
152 892 152 892
23 234 23 234
38 849 38 849
50 960 50 960
6 962 6 962
61 784 61 784
76 788 76 788
230 075 230 075
84 937 84 937
91 081 91 081
38 611 38 611
7 049 7 049
1 615 1 615
3 461 3 461
58 125 58 125
60 228 60 228
77 822 77 822
159 792 159 792
24 054 24 054
39 689 39 689
53 076 53 076
7 175 7 175
57 472 57 472
78 503 78 503
204 982 204 982
88 347 88 347
94 954 94 954
39 927 39 927
7 326 7 326
План
Факт
АО «Тываэнерго»
АО «Чеченэнерго»
Россети Волга
Россети Кубань
Россети Ленэнерго (ГК)
Россети Московский регион
Россети Северный Кавказ (ГК)
Россети Северо-Запад
Россети Сибирь (ГК)
Россети Томск
Россети Тюмень
Россети Урал (ГК)
Россети ФСК ЕЭС
Россети Центр
Россети Центр и Приволжье (ГК)
Россети Юг (ГК)
Россети Янтарь
0 млн. руб.
25 000 млн. руб.
50 000 млн. руб.
75 000 млн. руб.
100 000 млн. руб.
125 000 млн. руб.
150 000 млн. руб.
175 000 млн. руб.
200 000 млн. руб.
225 000 млн. руб.
250 000 млн. руб.'

11-11-2024T14:18:51 - [MESSAGE][PASSED] - Text of object 'Object Repository/Выручка по ДЗО/График1 Выполнение плановых показателей Блок руководителя' is: '1 376 1 376
3 393 3 393
58 100 58 100
56 758 56 758
73 967 73 967
152 892 152 892
23 234 23 234
38 849 38 849
50 960 50 960
6 962 6 962
61 784 61 784
76 788 76 788
230 075 230 075
84 937 84 937
91 081 91 081
38 611 38 611
7 049 7 049
1 615 1 615
3 461 3 461
58 125 58 125
60 228 60 228
77 822 77 822
159 792 159 792
24 054 24 054
39 689 39 689
53 076 53 076
7 175 7 175
57 472 57 472
78 503 78 503
204 982 204 982
88 347 88 347
94 954 94 954
39 927 39 927
7 326 7 326
План
Факт
АО «Тываэнерго»
АО «Чеченэнерго»
Россети Волга
Россети Кубань
Россети Ленэнерго (ГК)
Россети Московский регион
Россети Северный Кавказ (ГК)
Россети Северо-Запад
Россети Сибирь (ГК)
Россети Томск
Россети Тюмень
Россети Урал (ГК)
Россети ФСК ЕЭС
Россети Центр
Россети Центр и Приволжье (ГК)
Россети Юг (ГК)
Россети Янтарь
0 млн. руб.
25 000 млн. руб.
50 000 млн. руб.
75 000 млн. руб.
100 000 млн. руб.
125 000 млн. руб.
150 000 млн. руб.
175 000 млн. руб.
200 000 млн. руб.
225 000 млн. руб.
250 000 млн. руб.'

11-11-2024T14:18:51 - [TEST_STEP][PASSED] - a2 = getText(findTestObject("Выручка по ДЗО/График2 Выполнение плановых показателей Блок руководителя")): Text of object 'Object Repository/Выручка по ДЗО/График2 Выполнение плановых показателей Блок руководителя' is: '0,15%0,15%
0,33%0,33%
5,5%5,5%
5,7%5,7%
7,37%7,37%
15,12%15,12%
2,28%2,28%
3,76%3,76%
5,02%5,02%
0,68%0,68%
5,44%5,44%
7,43%7,43%
19,4%19,4%
8,36%8,36%
8,99%8,99%
3,78%3,78%
0,69%0,69%
АО «Тываэнерго»
АО «Чеченэнерго»
Россети Волга
Россети Кубань
Россети Ленэнерго (ГК)
Россети Московский регион
Россети Северный Кавказ (ГК)
Россети Северо-Запад
Россети Сибирь (ГК)
Россети Томск
Россети Тюмень
Россети Урал (ГК)
Россети ФСК ЕЭС
Россети Центр
Россети Центр и Приволжье (ГК)
Россети Юг (ГК)
Россети Янтарь
Россети Центр и Приволжье (ГК): 94 954 028,58'

11-11-2024T14:18:51 - [MESSAGE][PASSED] - Text of object 'Object Repository/Выручка по ДЗО/График2 Выполнение плановых показателей Блок руководителя' is: '0,15%0,15%
0,33%0,33%
5,5%5,5%
5,7%5,7%
7,37%7,37%
15,12%15,12%
2,28%2,28%
3,76%3,76%
5,02%5,02%
0,68%0,68%
5,44%5,44%
7,43%7,43%
19,4%19,4%
8,36%8,36%
8,99%8,99%
3,78%3,78%
0,69%0,69%
АО «Тываэнерго»
АО «Чеченэнерго»
Россети Волга
Россети Кубань
Россети Ленэнерго (ГК)
Россети Московский регион
Россети Северный Кавказ (ГК)
Россети Северо-Запад
Россети Сибирь (ГК)
Россети Томск
Россети Тюмень
Россети Урал (ГК)
Россети ФСК ЕЭС
Россети Центр
Россети Центр и Приволжье (ГК)
Россети Юг (ГК)
Россети Янтарь
Россети Центр и Приволжье (ГК): 94 954 028,58'

11-11-2024T14:18:51 - [TEST_STEP][PASSED] - a2 = indexOf("АО «Тываэнерго»")).replaceAll("[а-яА-Я]", ""): null

11-11-2024T14:18:51 - [TEST_STEP][PASSED] - n = n + 29: null

11-11-2024T14:18:51 - [TEST_STEP][PASSED] - b = n - run + 1: null

11-11-2024T14:18:51 - [TEST_STEP][PASSED] - verifyEqual(findTestData("PlanFact").getValue(2, b), a1): Actual object '1 376 1 376
3 393 3 393
58 100 58 100
56 758 56 758
73 967 73 967
152 892 152 892
23 234 23 234
38 849 38 849
50 960 50 960
6 962 6 962
61 784 61 784
76 788 76 788
230 075 230 075
84 937 84 937
91 081 91 081
38 611 38 611
7 049 7 049
1 615 1 615
3 461 3 461
58 125 58 125
60 228 60 228
77 822 77 822
159 792 159 792
24 054 24 054
39 689 39 689
53 076 53 076
7 175 7 175
57 472 57 472
78 503 78 503
204 982 204 982
88 347 88 347
94 954 94 954
39 927 39 927
7 326 7 326
План
Факт
АО «Тываэнерго»
АО «Чеченэнерго»
Россети Волга
Россети Кубань
Россети Ленэнерго (ГК)
Россети Московский регион
Россети Северный Кавказ (ГК)
Россети Северо-Запад
Россети Сибирь (ГК)
Россети Томск
Россети Тюмень
Россети Урал (ГК)
Россети ФСК ЕЭС
Россети Центр
Россети Центр и Приволжье (ГК)
Россети Юг (ГК)
Россети Янтарь
0 млн. руб.
25 000 млн. руб.
50 000 млн. руб.
75 000 млн. руб.
100 000 млн. руб.
125 000 млн. руб.
150 000 млн. руб.
175 000 млн. руб.
200 000 млн. руб.
225 000 млн. руб.
250 000 млн. руб.' and expected object '1 376 1 376
3 393 3 393
58 100 58 100
56 758 56 758
73 967 73 967
152 892 152 892
23 234 23 234
38 849 38 849
50 960 50 960
6 962 6 962
61 784 61 784
76 788 76 788
230 075 230 075
84 937 84 937
91 081 91 081
38 611 38 611
7 049 7 049
1 615 1 615
3 461 3 461
58 125 58 125
60 228 60 228
77 822 77 822
159 792 159 792
24 054 24 054
39 689 39 689
53 076 53 076
7 175 7 175
57 472 57 472
78 503 78 503
204 982 204 982
88 347 88 347
94 954 94 954
39 927 39 927
7 326 7 326
План
Факт
АО «Тываэнерго»
АО «Чеченэнерго»
Россети Волга
Россети Кубань
Россети Ленэнерго (ГК)
Россети Московский регион
Россети Северный Кавказ (ГК)
Россети Северо-Запад
Россети Сибирь (ГК)
Россети Томск
Россети Тюмень
Россети Урал (ГК)
Россети ФСК ЕЭС
Россети Центр
Россети Центр и Приволжье (ГК)
Россети Юг (ГК)
Россети Янтарь
0 млн. руб.
25 000 млн. руб.
50 000 млн. руб.
75 000 млн. руб.
100 000 млн. руб.
125 000 млн. руб.
150 000 млн. руб.
175 000 млн. руб.
200 000 млн. руб.
225 000 млн. руб.
250 000 млн. руб.' are equal

11-11-2024T14:18:51 - [MESSAGE][PASSED] - Actual object '1 376 1 376
3 393 3 393
58 100 58 100
56 758 56 758
73 967 73 967
152 892 152 892
23 234 23 234
38 849 38 849
50 960 50 960
6 962 6 962
61 784 61 784
76 788 76 788
230 075 230 075
84 937 84 937
91 081 91 081
38 611 38 611
7 049 7 049
1 615 1 615
3 461 3 461
58 125 58 125
60 228 60 228
77 822 77 822
159 792 159 792
24 054 24 054
39 689 39 689
53 076 53 076
7 175 7 175
57 472 57 472
78 503 78 503
204 982 204 982
88 347 88 347
94 954 94 954
39 927 39 927
7 326 7 326
План
Факт
АО «Тываэнерго»
АО «Чеченэнерго»
Россети Волга
Россети Кубань
Россети Ленэнерго (ГК)
Россети Московский регион
Россети Северный Кавказ (ГК)
Россети Северо-Запад
Россети Сибирь (ГК)
Россети Томск
Россети Тюмень
Россети Урал (ГК)
Россети ФСК ЕЭС
Россети Центр
Россети Центр и Приволжье (ГК)
Россети Юг (ГК)
Россети Янтарь
0 млн. руб.
25 000 млн. руб.
50 000 млн. руб.
75 000 млн. руб.
100 000 млн. руб.
125 000 млн. руб.
150 000 млн. руб.
175 000 млн. руб.
200 000 млн. руб.
225 000 млн. руб.
250 000 млн. руб.' and expected object '1 376 1 376
3 393 3 393
58 100 58 100
56 758 56 758
73 967 73 967
152 892 152 892
23 234 23 234
38 849 38 849
50 960 50 960
6 962 6 962
61 784 61 784
76 788 76 788
230 075 230 075
84 937 84 937
91 081 91 081
38 611 38 611
7 049 7 049
1 615 1 615
3 461 3 461
58 125 58 125
60 228 60 228
77 822 77 822
159 792 159 792
24 054 24 054
39 689 39 689
53 076 53 076
7 175 7 175
57 472 57 472
78 503 78 503
204 982 204 982
88 347 88 347
94 954 94 954
39 927 39 927
7 326 7 326
План
Факт
АО «Тываэнерго»
АО «Чеченэнерго»
Россети Волга
Россети Кубань
Россети Ленэнерго (ГК)
Россети Московский регион
Россети Северный Кавказ (ГК)
Россети Северо-Запад
Россети Сибирь (ГК)
Россети Томск
Россети Тюмень
Россети Урал (ГК)
Россети ФСК ЕЭС
Россети Центр
Россети Центр и Приволжье (ГК)
Россети Юг (ГК)
Россети Янтарь
0 млн. руб.
25 000 млн. руб.
50 000 млн. руб.
75 000 млн. руб.
100 000 млн. руб.
125 000 млн. руб.
150 000 млн. руб.
175 000 млн. руб.
200 000 млн. руб.
225 000 млн. руб.
250 000 млн. руб.' are equal

11-11-2024T14:18:51 - [TEST_STEP][PASSED] - verifyEqual(findTestData("PlanFact").getValue(3, b), a2): Actual object '0,15%0,15%
0,33%0,33%
5,5%5,5%
5,7%5,7%
7,37%7,37%
15,12%15,12%
2,28%2,28%
3,76%3,76%
5,02%5,02%
0,68%0,68%
5,44%5,44%
7,43%7,43%
19,4%19,4%
8,36%8,36%
8,99%8,99%
3,78%3,78%
0,69%0,69%
' and expected object '0,15%0,15%
0,33%0,33%
5,5%5,5%
5,7%5,7%
7,37%7,37%
15,12%15,12%
2,28%2,28%
3,76%3,76%
5,02%5,02%
0,68%0,68%
5,44%5,44%
7,43%7,43%
19,4%19,4%
8,36%8,36%
8,99%8,99%
3,78%3,78%
0,69%0,69%
' are equal

11-11-2024T14:18:51 - [MESSAGE][PASSED] - Actual object '0,15%0,15%
0,33%0,33%
5,5%5,5%
5,7%5,7%
7,37%7,37%
15,12%15,12%
2,28%2,28%
3,76%3,76%
5,02%5,02%
0,68%0,68%
5,44%5,44%
7,43%7,43%
19,4%19,4%
8,36%8,36%
8,99%8,99%
3,78%3,78%
0,69%0,69%
' and expected object '0,15%0,15%
0,33%0,33%
5,5%5,5%
5,7%5,7%
7,37%7,37%
15,12%15,12%
2,28%2,28%
3,76%3,76%
5,02%5,02%
0,68%0,68%
5,44%5,44%
7,43%7,43%
19,4%19,4%
8,36%8,36%
8,99%8,99%
3,78%3,78%
0,69%0,69%
' are equal

11-11-2024T14:18:51 - [TEST_STEP][PASSED] - Script1686231490255.WriteToExcel(user, dashboardName, n, data, run, a1, a2, a3, a4, a5, a6, a7, a8, a9): null

11-11-2024T14:18:51 - [TEST_STEP][PASSED] - sheetName = "Sheet1": null

11-11-2024T14:18:51 - [TEST_STEP][PASSED] - workbook01 = getWorkbook(excelFilePath): null

11-11-2024T14:18:51 - [TEST_STEP][PASSED] - sheet01 = getExcelSheet(workbook01, sheetName): null

11-11-2024T14:18:51 - [TEST_STEP][PASSED] - setValueToCellByIndex(sheet01, n, 0, dashboardName): null

11-11-2024T14:18:51 - [TEST_STEP][PASSED] - setValueToCellByIndex(sheet01, n, 10, user): null

11-11-2024T14:18:51 - [TEST_STEP][PASSED] - setValueToCellByIndex(sheet01, n, 1, a1): null

11-11-2024T14:18:51 - [TEST_STEP][PASSED] - setValueToCellByIndex(sheet01, n, 2, a2): null

11-11-2024T14:18:51 - [TEST_STEP][PASSED] - setValueToCellByIndex(sheet01, n, 3, a3): null

11-11-2024T14:18:51 - [TEST_STEP][PASSED] - setValueToCellByIndex(sheet01, n, 4, a4): null

11-11-2024T14:18:51 - [TEST_STEP][PASSED] - setValueToCellByIndex(sheet01, n, 5, a5): null

11-11-2024T14:18:51 - [TEST_STEP][PASSED] - setValueToCellByIndex(sheet01, n, 6, a6): null

11-11-2024T14:18:51 - [TEST_STEP][PASSED] - setValueToCellByIndex(sheet01, n, 7, a7): null

11-11-2024T14:18:51 - [TEST_STEP][PASSED] - setValueToCellByIndex(sheet01, n, 8, a8): null

11-11-2024T14:18:51 - [TEST_STEP][PASSED] - setValueToCellByIndex(sheet01, n, 9, a9): null

11-11-2024T14:18:51 - [TEST_STEP][PASSED] - n = n + 1: null

11-11-2024T14:18:51 - [TEST_STEP][PASSED] - saveWorkbook(excelFilePath, workbook01): null

11-11-2024T14:18:52 - [TEST_STEP][PASSED] - closeBrowser(): Browser is closed

11-11-2024T14:18:52 - [MESSAGE][PASSED] - Browser is closed

11-11-2024T14:18:52 - [TEST_STEP][PASSED] - delay(65): Delayed 65 second(s)

11-11-2024T14:19:57 - [MESSAGE][PASSED] - Delayed 65 second(s)

11-11-2024T14:19:57 - [TEST_STEP][PASSED] - for ([run = 1, run < 4, (run++)]): null

11-11-2024T14:19:57 - [TEST_STEP][PASSED] - PrognozPoDZO(user, dashboardName, n, data, run, a1, a2, a3, a4, a5, a6, a7, a8, a9, urlData): null

11-11-2024T14:19:57 - [TEST_STEP][PASSED] - n = data.getRowNumbers() + 1: null

11-11-2024T14:19:57 - [TEST_STEP][PASSED] - println(n): null

11-11-2024T14:19:57 - [TEST_STEP][PASSED] - dashboardName = "Прогноз по ДЗО": null

11-11-2024T14:19:57 - [TEST_STEP][PASSED] - openBrowser(""): Browser is opened with url: ''

11-11-2024T14:19:57 - [MESSAGE][INFO] - Starting 'Chrome' driver

11-11-2024T14:19:57 - [MESSAGE][INFO] - Action delay is set to 0 milliseconds

11-11-2024T14:19:58 - [MESSAGE][PASSED] - Browser is opened with url: ''

11-11-2024T14:19:58 - [TEST_STEP][PASSED] - urlData = 19: null

11-11-2024T14:19:58 - [TEST_STEP][PASSED] - Script1686231490255.CheckPageDownload(urlData, run): null

11-11-2024T14:19:58 - [TEST_STEP][PASSED] - i = 1: null

11-11-2024T14:19:58 - [TEST_STEP][PASSED] - ii = 0: null

11-11-2024T14:19:58 - [TEST_STEP][PASSED] - urlText = <not implemented yet for class: org.codehaus.groovy.ast.expr.EmptyExpression>: null

11-11-2024T14:19:58 - [TEST_STEP][PASSED] - searchWord = <not implemented yet for class: org.codehaus.groovy.ast.expr.EmptyExpression>: null

11-11-2024T14:19:58 - [TEST_STEP][PASSED] - deleteAllCookies(): Delete all cookies successfully

11-11-2024T14:19:58 - [MESSAGE][PASSED] - Delete all cookies successfully

11-11-2024T14:19:58 - [TEST_STEP][PASSED] - refresh(): Refresh successfully

11-11-2024T14:19:58 - [MESSAGE][PASSED] - Refresh successfully

11-11-2024T14:19:58 - [TEST_STEP][PASSED] - delay(65): Delayed 65 second(s)

11-11-2024T14:21:03 - [MESSAGE][PASSED] - Delayed 65 second(s)

11-11-2024T14:21:03 - [TEST_STEP][PASSED] - navigateToUrl(findTestData("PlanFact").getValue(10, urlData)): Navigate to 'https://bi.rosseti.digital/viewer?dashboardGuid=d6acb5b1a7114a9791b34de39263106e&sheetGuid=752a4d1009e74632abe0071aea7fa3c6&fit=true' successfully

11-11-2024T14:21:12 - [MESSAGE][PASSED] - Navigate to 'https://bi.rosseti.digital/viewer?dashboardGuid=d6acb5b1a7114a9791b34de39263106e&sheetGuid=752a4d1009e74632abe0071aea7fa3c6&fit=true' successfully

11-11-2024T14:21:12 - [TEST_STEP][PASSED] - pageLoaded1 = verifyElementPresent(findTestObject("Страница авторизации/Text"), 30): Object 'Object Repository/Страница авторизации/Text' is present

11-11-2024T14:21:12 - [MESSAGE][PASSED] - Object 'Object Repository/Страница авторизации/Text' is present

11-11-2024T14:21:12 - [TEST_STEP][PASSED] - if (pageLoaded1 == false): null

11-11-2024T14:21:12 - [TEST_STEP][PASSED] - urlText = getText(findTestObject("Страница авторизации/Text")): Text of object 'Object Repository/Страница авторизации/Text' is: 'Вход'

11-11-2024T14:21:12 - [MESSAGE][PASSED] - Text of object 'Object Repository/Страница авторизации/Text' is: 'Вход'

11-11-2024T14:21:12 - [TEST_STEP][PASSED] - delay(65): Delayed 65 second(s)

11-11-2024T14:22:17 - [MESSAGE][PASSED] - Delayed 65 second(s)

11-11-2024T14:22:17 - [TEST_STEP][PASSED] - searchWord = "Вход": null

11-11-2024T14:22:17 - [TEST_STEP][PASSED] - if (urlText.contains(searchWord) == false): null

11-11-2024T14:22:17 - [TEST_STEP][PASSED] - setText(findTestObject("Страница авторизации/input__username"), findTestData("PlanFact").getValue(8, run)): Text 'liazgina-di' is set on object 'Object Repository/Страница авторизации/input__username'

11-11-2024T14:22:18 - [MESSAGE][PASSED] - Text 'liazgina-di' is set on object 'Object Repository/Страница авторизации/input__username'

11-11-2024T14:22:18 - [TEST_STEP][PASSED] - setText(findTestObject("Страница авторизации/input__password"), findTestData("PlanFact").getValue(9, run)): Text ')$%5srZ8o688Dm#q' is set on object 'Object Repository/Страница авторизации/input__password'

11-11-2024T14:22:19 - [MESSAGE][PASSED] - Text ')$%5srZ8o688Dm#q' is set on object 'Object Repository/Страница авторизации/input__password'

11-11-2024T14:22:19 - [TEST_STEP][PASSED] - click(findTestObject("Страница авторизации/button_")): Object: 'Object Repository/Страница авторизации/button_' is clicked on

11-11-2024T14:22:22 - [MESSAGE][PASSED] - Object: 'Object Repository/Страница авторизации/button_' is clicked on

11-11-2024T14:22:22 - [TEST_STEP][PASSED] - delay(65): Delayed 65 second(s)

11-11-2024T14:23:27 - [MESSAGE][PASSED] - Delayed 65 second(s)

11-11-2024T14:23:27 - [TEST_STEP][PASSED] - searchWord = "а": null

11-11-2024T14:23:27 - [TEST_STEP][PASSED] - pageLoaded2 = verifyElementPresent(findTestObject("Страница авторизации/Text"), 50): Object 'Object Repository/Страница авторизации/Text' is present

11-11-2024T14:23:27 - [MESSAGE][PASSED] - Object 'Object Repository/Страница авторизации/Text' is present

11-11-2024T14:23:27 - [TEST_STEP][PASSED] - if (pageLoaded2 == false): null

11-11-2024T14:23:27 - [TEST_STEP][PASSED] - urlText = getText(findTestObject("Страница авторизации/Text")): Text of object 'Object Repository/Страница авторизации/Text' is: 'Сравнение с 
План
абс.
%
Отклонения по ПАО Россети на 2024 год
⬤ Отклонение, %
Выручка отклонения по ПАО Россети на 2024 год
⬤ Отклонение, %
Год 
2024 год
Динамика электропотребления, млрд. кВт.ч.
У виджета нет данных
Выручка, млрд. руб.
У виджета нет данных
Прогноз на месяц 
Ноябрь
КПО/Отпуск из сети 
Отпуск из сети, млн. кВт.ч
Организация 
Все

Прогноз электропотребления и выручки за услуги по передаче в разрезе ДЗО'

11-11-2024T14:23:28 - [MESSAGE][PASSED] - Text of object 'Object Repository/Страница авторизации/Text' is: 'Сравнение с 
План
абс.
%
Отклонения по ПАО Россети на 2024 год
⬤ Отклонение, %
Выручка отклонения по ПАО Россети на 2024 год
⬤ Отклонение, %
Год 
2024 год
Динамика электропотребления, млрд. кВт.ч.
У виджета нет данных
Выручка, млрд. руб.
У виджета нет данных
Прогноз на месяц 
Ноябрь
КПО/Отпуск из сети 
Отпуск из сети, млн. кВт.ч
Организация 
Все

Прогноз электропотребления и выручки за услуги по передаче в разрезе ДЗО'

11-11-2024T14:23:28 - [TEST_STEP][PASSED] - if (urlText.contains("ошибка") || urlText.contains(searchWord) == false): null

11-11-2024T14:23:28 - [TEST_STEP][PASSED] - a3 = "": null

11-11-2024T14:23:28 - [TEST_STEP][PASSED] - a4 = "": null

11-11-2024T14:23:28 - [TEST_STEP][PASSED] - a5 = "": null

11-11-2024T14:23:28 - [TEST_STEP][PASSED] - a6 = "": null

11-11-2024T14:23:28 - [TEST_STEP][PASSED] - a7 = "": null

11-11-2024T14:23:28 - [TEST_STEP][PASSED] - a8 = "": null

11-11-2024T14:23:28 - [TEST_STEP][PASSED] - a9 = "": null

11-11-2024T14:23:28 - [TEST_STEP][PASSED] - if (run == 1): null

11-11-2024T14:23:28 - [TEST_STEP][PASSED] - user = "админ": null

11-11-2024T14:23:28 - [TEST_STEP][PASSED] - a1 = getText(findTestObject("Прогноз по ДЗО/График1")): Text of object 'Object Repository/Прогноз по ДЗО/График1' is: 'Динамика электропотребления, млрд. кВт.ч.
У виджета нет данных'

11-11-2024T14:23:28 - [MESSAGE][PASSED] - Text of object 'Object Repository/Прогноз по ДЗО/График1' is: 'Динамика электропотребления, млрд. кВт.ч.
У виджета нет данных'

11-11-2024T14:23:28 - [TEST_STEP][PASSED] - i = a1.indexOf("по ПАО Россети на 2023 год"): null

11-11-2024T14:23:28 - [TEST_STEP][PASSED] - if (i > -1): null

11-11-2024T14:23:28 - [TEST_STEP][PASSED] - i = a1.indexOf("Динамика электропотребления, млн. кВт.ч."): null

11-11-2024T14:23:28 - [TEST_STEP][PASSED] - if (i > -1): null

11-11-2024T14:23:28 - [TEST_STEP][PASSED] - a1 = a1.trim(): null

11-11-2024T14:23:28 - [TEST_STEP][PASSED] - a2 = getText(findTestObject("Прогноз по ДЗО/График2")): Text of object 'Object Repository/Прогноз по ДЗО/График2' is: 'Выручка, млрд. руб.
У виджета нет данных'

11-11-2024T14:23:28 - [MESSAGE][PASSED] - Text of object 'Object Repository/Прогноз по ДЗО/График2' is: 'Выручка, млрд. руб.
У виджета нет данных'

11-11-2024T14:23:28 - [TEST_STEP][PASSED] - a3 = getText(findTestObject("Прогноз по ДЗО/График3")): Text of object 'Object Repository/Прогноз по ДЗО/График3' is: 'Отклонения по ПАО Россети на 2024 год
⬤ Отклонение, %'

11-11-2024T14:23:29 - [MESSAGE][PASSED] - Text of object 'Object Repository/Прогноз по ДЗО/График3' is: 'Отклонения по ПАО Россети на 2024 год
⬤ Отклонение, %'

11-11-2024T14:23:29 - [TEST_STEP][PASSED] - a4 = getText(findTestObject("Прогноз по ДЗО/График4")): Text of object 'Object Repository/Прогноз по ДЗО/График4' is: 'Выручка отклонения по ПАО Россети на 2024 год
⬤ Отклонение, %'

11-11-2024T14:23:29 - [MESSAGE][PASSED] - Text of object 'Object Repository/Прогноз по ДЗО/График4' is: 'Выручка отклонения по ПАО Россети на 2024 год
⬤ Отклонение, %'

11-11-2024T14:23:29 - [TEST_STEP][PASSED] - click(findTestObject("Прогноз по ДЗО/Переключить отображение с процентов на абс Блок руководителя")): Object: 'Object Repository/Прогноз по ДЗО/Переключить отображение с процентов на абс Блок руководителя' is clicked on

11-11-2024T14:23:29 - [MESSAGE][PASSED] - Object: 'Object Repository/Прогноз по ДЗО/Переключить отображение с процентов на абс Блок руководителя' is clicked on

11-11-2024T14:23:29 - [TEST_STEP][PASSED] - a5 = getText(findTestObject("Прогноз по ДЗО/График5")): Text of object 'Object Repository/Прогноз по ДЗО/График5' is: 'Отклонения по ПАО Россети на 2024 год
⬤ Отклонение, млн. кВт.ч'

11-11-2024T14:23:30 - [MESSAGE][PASSED] - Text of object 'Object Repository/Прогноз по ДЗО/График5' is: 'Отклонения по ПАО Россети на 2024 год
⬤ Отклонение, млн. кВт.ч'

11-11-2024T14:23:30 - [TEST_STEP][PASSED] - a6 = getText(findTestObject("Прогноз по ДЗО/График6")): Text of object 'Object Repository/Прогноз по ДЗО/График6' is: 'Выручка отклонения по ПАО Россети на 2024 год
⬤ Отклонение, млн. руб'

11-11-2024T14:23:30 - [MESSAGE][PASSED] - Text of object 'Object Repository/Прогноз по ДЗО/График6' is: 'Выручка отклонения по ПАО Россети на 2024 год
⬤ Отклонение, млн. руб'

11-11-2024T14:23:30 - [TEST_STEP][PASSED] - click(findTestObject("Прогноз по ДЗО/Переключить отображение с абс на проценты")): Object: 'Object Repository/Прогноз по ДЗО/Переключить отображение с абс на проценты' is clicked on

11-11-2024T14:23:30 - [MESSAGE][PASSED] - Object: 'Object Repository/Прогноз по ДЗО/Переключить отображение с абс на проценты' is clicked on

11-11-2024T14:23:30 - [TEST_STEP][PASSED] - n = n + 30: null

11-11-2024T14:23:30 - [TEST_STEP][PASSED] - Script1686231490255.WriteToExcel(user, dashboardName, n, data, run, a1, a2, a3, a4, a5, a6, a7, a8, a9): null

11-11-2024T14:23:30 - [TEST_STEP][PASSED] - sheetName = "Sheet1": null

11-11-2024T14:23:30 - [TEST_STEP][PASSED] - workbook01 = getWorkbook(excelFilePath): null

11-11-2024T14:23:30 - [TEST_STEP][PASSED] - sheet01 = getExcelSheet(workbook01, sheetName): null

11-11-2024T14:23:30 - [TEST_STEP][PASSED] - setValueToCellByIndex(sheet01, n, 0, dashboardName): null

11-11-2024T14:23:30 - [TEST_STEP][PASSED] - setValueToCellByIndex(sheet01, n, 10, user): null

11-11-2024T14:23:30 - [TEST_STEP][PASSED] - setValueToCellByIndex(sheet01, n, 1, a1): null

11-11-2024T14:23:30 - [TEST_STEP][PASSED] - setValueToCellByIndex(sheet01, n, 2, a2): null

11-11-2024T14:23:30 - [TEST_STEP][PASSED] - setValueToCellByIndex(sheet01, n, 3, a3): null

11-11-2024T14:23:30 - [TEST_STEP][PASSED] - setValueToCellByIndex(sheet01, n, 4, a4): null

11-11-2024T14:23:30 - [TEST_STEP][PASSED] - setValueToCellByIndex(sheet01, n, 5, a5): null

11-11-2024T14:23:30 - [TEST_STEP][PASSED] - setValueToCellByIndex(sheet01, n, 6, a6): null

11-11-2024T14:23:30 - [TEST_STEP][PASSED] - setValueToCellByIndex(sheet01, n, 7, a7): null

11-11-2024T14:23:30 - [TEST_STEP][PASSED] - setValueToCellByIndex(sheet01, n, 8, a8): null

11-11-2024T14:23:30 - [TEST_STEP][PASSED] - setValueToCellByIndex(sheet01, n, 9, a9): null

11-11-2024T14:23:30 - [TEST_STEP][PASSED] - n = n + 1: null

11-11-2024T14:23:30 - [TEST_STEP][PASSED] - saveWorkbook(excelFilePath, workbook01): null

11-11-2024T14:23:30 - [TEST_STEP][PASSED] - if (run == 2): null

11-11-2024T14:23:30 - [TEST_STEP][PASSED] - if (run == 3): null

11-11-2024T14:23:30 - [TEST_STEP][PASSED] - closeBrowser(): null

11-11-2024T14:23:31 - [MESSAGE][PASSED] - Browser is closed

11-11-2024T14:23:31 - [TEST_STEP][PASSED] - PrognozPoDZO(user, dashboardName, n, data, run, a1, a2, a3, a4, a5, a6, a7, a8, a9, urlData): null

11-11-2024T14:23:31 - [TEST_STEP][PASSED] - n = data.getRowNumbers() + 1: null

11-11-2024T14:23:31 - [TEST_STEP][PASSED] - println(n): null

11-11-2024T14:23:31 - [TEST_STEP][PASSED] - dashboardName = "Прогноз по ДЗО": null

11-11-2024T14:23:31 - [TEST_STEP][PASSED] - openBrowser(""): Browser is opened with url: ''

11-11-2024T14:23:31 - [MESSAGE][INFO] - Starting 'Chrome' driver

11-11-2024T14:23:31 - [MESSAGE][INFO] - Action delay is set to 0 milliseconds

11-11-2024T14:23:32 - [MESSAGE][PASSED] - Browser is opened with url: ''

11-11-2024T14:23:32 - [TEST_STEP][PASSED] - urlData = 19: null

11-11-2024T14:23:32 - [TEST_STEP][PASSED] - Script1686231490255.CheckPageDownload(urlData, run): null

11-11-2024T14:23:32 - [TEST_STEP][PASSED] - i = 1: null

11-11-2024T14:23:32 - [TEST_STEP][PASSED] - ii = 0: null

11-11-2024T14:23:32 - [TEST_STEP][PASSED] - urlText = <not implemented yet for class: org.codehaus.groovy.ast.expr.EmptyExpression>: null

11-11-2024T14:23:32 - [TEST_STEP][PASSED] - searchWord = <not implemented yet for class: org.codehaus.groovy.ast.expr.EmptyExpression>: null

11-11-2024T14:23:32 - [TEST_STEP][PASSED] - deleteAllCookies(): Delete all cookies successfully

11-11-2024T14:23:32 - [MESSAGE][PASSED] - Delete all cookies successfully

11-11-2024T14:23:32 - [TEST_STEP][PASSED] - refresh(): Refresh successfully

11-11-2024T14:23:32 - [MESSAGE][PASSED] - Refresh successfully

11-11-2024T14:23:32 - [TEST_STEP][PASSED] - delay(65): Delayed 65 second(s)

11-11-2024T14:24:37 - [MESSAGE][PASSED] - Delayed 65 second(s)

11-11-2024T14:24:37 - [TEST_STEP][PASSED] - navigateToUrl(findTestData("PlanFact").getValue(10, urlData)): Navigate to 'https://bi.rosseti.digital/viewer?dashboardGuid=d6acb5b1a7114a9791b34de39263106e&sheetGuid=752a4d1009e74632abe0071aea7fa3c6&fit=true' successfully

11-11-2024T14:24:42 - [MESSAGE][PASSED] - Navigate to 'https://bi.rosseti.digital/viewer?dashboardGuid=d6acb5b1a7114a9791b34de39263106e&sheetGuid=752a4d1009e74632abe0071aea7fa3c6&fit=true' successfully

11-11-2024T14:24:42 - [TEST_STEP][PASSED] - pageLoaded1 = verifyElementPresent(findTestObject("Страница авторизации/Text"), 30): Object 'Object Repository/Страница авторизации/Text' is present

11-11-2024T14:24:44 - [MESSAGE][PASSED] - Object 'Object Repository/Страница авторизации/Text' is present

11-11-2024T14:24:44 - [TEST_STEP][PASSED] - if (pageLoaded1 == false): null

11-11-2024T14:24:44 - [TEST_STEP][PASSED] - urlText = getText(findTestObject("Страница авторизации/Text")): Text of object 'Object Repository/Страница авторизации/Text' is: 'Вход'

11-11-2024T14:24:44 - [MESSAGE][PASSED] - Text of object 'Object Repository/Страница авторизации/Text' is: 'Вход'

11-11-2024T14:24:44 - [TEST_STEP][PASSED] - delay(65): Delayed 65 second(s)

11-11-2024T14:25:49 - [MESSAGE][PASSED] - Delayed 65 second(s)

11-11-2024T14:25:49 - [TEST_STEP][PASSED] - searchWord = "Вход": null

11-11-2024T14:25:49 - [TEST_STEP][PASSED] - if (urlText.contains(searchWord) == false): null

11-11-2024T14:25:49 - [TEST_STEP][PASSED] - setText(findTestObject("Страница авторизации/input__username"), findTestData("PlanFact").getValue(8, run)): Text 'Andreeva-EV' is set on object 'Object Repository/Страница авторизации/input__username'

11-11-2024T14:25:50 - [MESSAGE][PASSED] - Text 'Andreeva-EV' is set on object 'Object Repository/Страница авторизации/input__username'

11-11-2024T14:25:50 - [TEST_STEP][PASSED] - setText(findTestObject("Страница авторизации/input__password"), findTestData("PlanFact").getValue(9, run)): Text '2nPePKDwCPH3ul7xMZ' is set on object 'Object Repository/Страница авторизации/input__password'

11-11-2024T14:25:51 - [MESSAGE][PASSED] - Text '2nPePKDwCPH3ul7xMZ' is set on object 'Object Repository/Страница авторизации/input__password'

11-11-2024T14:25:51 - [TEST_STEP][PASSED] - click(findTestObject("Страница авторизации/button_")): Object: 'Object Repository/Страница авторизации/button_' is clicked on

11-11-2024T14:25:54 - [MESSAGE][PASSED] - Object: 'Object Repository/Страница авторизации/button_' is clicked on

11-11-2024T14:25:54 - [TEST_STEP][PASSED] - delay(65): Delayed 65 second(s)

11-11-2024T14:26:59 - [MESSAGE][PASSED] - Delayed 65 second(s)

11-11-2024T14:26:59 - [TEST_STEP][PASSED] - searchWord = "а": null

11-11-2024T14:26:59 - [TEST_STEP][PASSED] - pageLoaded2 = verifyElementPresent(findTestObject("Страница авторизации/Text"), 50): Object 'Object Repository/Страница авторизации/Text' is present

11-11-2024T14:26:59 - [MESSAGE][PASSED] - Object 'Object Repository/Страница авторизации/Text' is present

11-11-2024T14:26:59 - [TEST_STEP][PASSED] - if (pageLoaded2 == false): null

11-11-2024T14:26:59 - [TEST_STEP][PASSED] - urlText = getText(findTestObject("Страница авторизации/Text")): Text of object 'Object Repository/Страница авторизации/Text' is: 'Сравнение с 
План
абс.
%
Отклонения по ПАО Россети на 2024 год
⬤ Отклонение, %
Выручка отклонения по ПАО Россети на 2024 год
⬤ Отклонение, %
Год 
2024 год
Динамика электропотребления, млрд. кВт.ч.
У виджета нет данных
Выручка, млрд. руб.
У виджета нет данных
Прогноз на месяц 
Ноябрь
КПО/Отпуск из сети 
Отпуск из сети, млн. кВт.ч
Организация 
Все

Прогноз электропотребления и выручки за услуги по передаче в разрезе ДЗО'

11-11-2024T14:27:00 - [MESSAGE][PASSED] - Text of object 'Object Repository/Страница авторизации/Text' is: 'Сравнение с 
План
абс.
%
Отклонения по ПАО Россети на 2024 год
⬤ Отклонение, %
Выручка отклонения по ПАО Россети на 2024 год
⬤ Отклонение, %
Год 
2024 год
Динамика электропотребления, млрд. кВт.ч.
У виджета нет данных
Выручка, млрд. руб.
У виджета нет данных
Прогноз на месяц 
Ноябрь
КПО/Отпуск из сети 
Отпуск из сети, млн. кВт.ч
Организация 
Все

Прогноз электропотребления и выручки за услуги по передаче в разрезе ДЗО'

11-11-2024T14:27:00 - [TEST_STEP][PASSED] - if (urlText.contains("ошибка") || urlText.contains(searchWord) == false): null

11-11-2024T14:27:00 - [TEST_STEP][PASSED] - a3 = "": null

11-11-2024T14:27:00 - [TEST_STEP][PASSED] - a4 = "": null

11-11-2024T14:27:00 - [TEST_STEP][PASSED] - a5 = "": null

11-11-2024T14:27:00 - [TEST_STEP][PASSED] - a6 = "": null

11-11-2024T14:27:00 - [TEST_STEP][PASSED] - a7 = "": null

11-11-2024T14:27:00 - [TEST_STEP][PASSED] - a8 = "": null

11-11-2024T14:27:00 - [TEST_STEP][PASSED] - a9 = "": null

11-11-2024T14:27:00 - [TEST_STEP][PASSED] - if (run == 1): null

11-11-2024T14:27:00 - [TEST_STEP][PASSED] - if (run == 2): null

11-11-2024T14:27:00 - [TEST_STEP][PASSED] - user = "Андреева": null

11-11-2024T14:27:00 - [TEST_STEP][PASSED] - a1 = getText(findTestObject("Прогноз по ДЗО/График1")): Text of object 'Object Repository/Прогноз по ДЗО/График1' is: 'Динамика электропотребления, млрд. кВт.ч.
У виджета нет данных'

11-11-2024T14:27:00 - [MESSAGE][PASSED] - Text of object 'Object Repository/Прогноз по ДЗО/График1' is: 'Динамика электропотребления, млрд. кВт.ч.
У виджета нет данных'

11-11-2024T14:27:00 - [TEST_STEP][PASSED] - i = a1.indexOf("по ПАО Россети на 2023 год"): null

11-11-2024T14:27:00 - [TEST_STEP][PASSED] - if (i > -1): null

11-11-2024T14:27:00 - [TEST_STEP][PASSED] - i = a1.indexOf("Динамика электропотребления, млн. кВт.ч."): null

11-11-2024T14:27:00 - [TEST_STEP][PASSED] - if (i > -1): null

11-11-2024T14:27:00 - [TEST_STEP][PASSED] - a1 = a1.trim(): null

11-11-2024T14:27:00 - [TEST_STEP][PASSED] - a2 = getText(findTestObject("Прогноз по ДЗО/График2")): Text of object 'Object Repository/Прогноз по ДЗО/График2' is: 'Выручка, млрд. руб.
У виджета нет данных'

11-11-2024T14:27:00 - [MESSAGE][PASSED] - Text of object 'Object Repository/Прогноз по ДЗО/График2' is: 'Выручка, млрд. руб.
У виджета нет данных'

11-11-2024T14:27:00 - [TEST_STEP][PASSED] - a3 = getText(findTestObject("Прогноз по ДЗО/График3")): Text of object 'Object Repository/Прогноз по ДЗО/График3' is: 'Отклонения по ПАО Россети на 2024 год
⬤ Отклонение, %'

11-11-2024T14:27:01 - [MESSAGE][PASSED] - Text of object 'Object Repository/Прогноз по ДЗО/График3' is: 'Отклонения по ПАО Россети на 2024 год
⬤ Отклонение, %'

11-11-2024T14:27:01 - [TEST_STEP][PASSED] - a4 = getText(findTestObject("Прогноз по ДЗО/График4")): Text of object 'Object Repository/Прогноз по ДЗО/График4' is: 'Выручка отклонения по ПАО Россети на 2024 год
⬤ Отклонение, %'

11-11-2024T14:27:01 - [MESSAGE][PASSED] - Text of object 'Object Repository/Прогноз по ДЗО/График4' is: 'Выручка отклонения по ПАО Россети на 2024 год
⬤ Отклонение, %'

11-11-2024T14:27:01 - [TEST_STEP][PASSED] - click(findTestObject("Прогноз по ДЗО/Переключить отображение с процентов на абс Блок руководителя")): Object: 'Object Repository/Прогноз по ДЗО/Переключить отображение с процентов на абс Блок руководителя' is clicked on

11-11-2024T14:27:01 - [MESSAGE][PASSED] - Object: 'Object Repository/Прогноз по ДЗО/Переключить отображение с процентов на абс Блок руководителя' is clicked on

11-11-2024T14:27:01 - [TEST_STEP][PASSED] - a5 = getText(findTestObject("Прогноз по ДЗО/График5")): Text of object 'Object Repository/Прогноз по ДЗО/График5' is: 'Отклонения по ПАО Россети на 2024 год
⬤ Отклонение, млн. кВт.ч'

11-11-2024T14:27:02 - [MESSAGE][PASSED] - Text of object 'Object Repository/Прогноз по ДЗО/График5' is: 'Отклонения по ПАО Россети на 2024 год
⬤ Отклонение, млн. кВт.ч'

11-11-2024T14:27:02 - [TEST_STEP][PASSED] - a6 = getText(findTestObject("Прогноз по ДЗО/График6")): Text of object 'Object Repository/Прогноз по ДЗО/График6' is: 'Выручка отклонения по ПАО Россети на 2024 год
⬤ Отклонение, млн. руб'

11-11-2024T14:27:02 - [MESSAGE][PASSED] - Text of object 'Object Repository/Прогноз по ДЗО/График6' is: 'Выручка отклонения по ПАО Россети на 2024 год
⬤ Отклонение, млн. руб'

11-11-2024T14:27:02 - [TEST_STEP][PASSED] - click(findTestObject("Прогноз по ДЗО/Переключить отображение с абс на проценты")): Object: 'Object Repository/Прогноз по ДЗО/Переключить отображение с абс на проценты' is clicked on

11-11-2024T14:27:02 - [MESSAGE][PASSED] - Object: 'Object Repository/Прогноз по ДЗО/Переключить отображение с абс на проценты' is clicked on

11-11-2024T14:27:02 - [TEST_STEP][PASSED] - n = n + 31: null

11-11-2024T14:27:02 - [TEST_STEP][PASSED] - b = n - run + 1: null

11-11-2024T14:27:02 - [TEST_STEP][PASSED] - verifyEqual(findTestData("PlanFact").getValue(2, b), a1): Actual object 'Динамика электропотребления, млрд. кВт.ч.
У виджета нет данных' and expected object 'Динамика электропотребления, млрд. кВт.ч.
У виджета нет данных' are equal

11-11-2024T14:27:02 - [MESSAGE][PASSED] - Actual object 'Динамика электропотребления, млрд. кВт.ч.
У виджета нет данных' and expected object 'Динамика электропотребления, млрд. кВт.ч.
У виджета нет данных' are equal

11-11-2024T14:27:02 - [TEST_STEP][PASSED] - verifyEqual(findTestData("PlanFact").getValue(3, b), a2): Actual object 'Выручка, млрд. руб.
У виджета нет данных' and expected object 'Выручка, млрд. руб.
У виджета нет данных' are equal

11-11-2024T14:27:02 - [MESSAGE][PASSED] - Actual object 'Выручка, млрд. руб.
У виджета нет данных' and expected object 'Выручка, млрд. руб.
У виджета нет данных' are equal

11-11-2024T14:27:02 - [TEST_STEP][PASSED] - verifyEqual(findTestData("PlanFact").getValue(4, b), a3): Actual object 'Отклонения по ПАО Россети на 2024 год
⬤ Отклонение, %' and expected object 'Отклонения по ПАО Россети на 2024 год
⬤ Отклонение, %' are equal

11-11-2024T14:27:02 - [MESSAGE][PASSED] - Actual object 'Отклонения по ПАО Россети на 2024 год
⬤ Отклонение, %' and expected object 'Отклонения по ПАО Россети на 2024 год
⬤ Отклонение, %' are equal

11-11-2024T14:27:03 - [TEST_STEP][PASSED] - verifyEqual(findTestData("PlanFact").getValue(5, b), a4): Actual object 'Выручка отклонения по ПАО Россети на 2024 год
⬤ Отклонение, %' and expected object 'Выручка отклонения по ПАО Россети на 2024 год
⬤ Отклонение, %' are equal

11-11-2024T14:27:03 - [MESSAGE][PASSED] - Actual object 'Выручка отклонения по ПАО Россети на 2024 год
⬤ Отклонение, %' and expected object 'Выручка отклонения по ПАО Россети на 2024 год
⬤ Отклонение, %' are equal

11-11-2024T14:27:03 - [TEST_STEP][PASSED] - verifyEqual(findTestData("PlanFact").getValue(6, b), a5): Actual object 'Отклонения по ПАО Россети на 2024 год
⬤ Отклонение, млн. кВт.ч' and expected object 'Отклонения по ПАО Россети на 2024 год
⬤ Отклонение, млн. кВт.ч' are equal

11-11-2024T14:27:03 - [MESSAGE][PASSED] - Actual object 'Отклонения по ПАО Россети на 2024 год
⬤ Отклонение, млн. кВт.ч' and expected object 'Отклонения по ПАО Россети на 2024 год
⬤ Отклонение, млн. кВт.ч' are equal

11-11-2024T14:27:03 - [TEST_STEP][PASSED] - verifyEqual(findTestData("PlanFact").getValue(7, b), a6): Actual object 'Выручка отклонения по ПАО Россети на 2024 год
⬤ Отклонение, млн. руб' and expected object 'Выручка отклонения по ПАО Россети на 2024 год
⬤ Отклонение, млн. руб' are equal

11-11-2024T14:27:03 - [MESSAGE][PASSED] - Actual object 'Выручка отклонения по ПАО Россети на 2024 год
⬤ Отклонение, млн. руб' and expected object 'Выручка отклонения по ПАО Россети на 2024 год
⬤ Отклонение, млн. руб' are equal

11-11-2024T14:27:03 - [TEST_STEP][PASSED] - Script1686231490255.WriteToExcel(user, dashboardName, n, data, run, a1, a2, a3, a4, a5, a6, a7, a8, a9): null

11-11-2024T14:27:03 - [TEST_STEP][PASSED] - sheetName = "Sheet1": null

11-11-2024T14:27:03 - [TEST_STEP][PASSED] - workbook01 = getWorkbook(excelFilePath): null

11-11-2024T14:27:03 - [TEST_STEP][PASSED] - sheet01 = getExcelSheet(workbook01, sheetName): null

11-11-2024T14:27:03 - [TEST_STEP][PASSED] - setValueToCellByIndex(sheet01, n, 0, dashboardName): null

11-11-2024T14:27:03 - [TEST_STEP][PASSED] - setValueToCellByIndex(sheet01, n, 10, user): null

11-11-2024T14:27:03 - [TEST_STEP][PASSED] - setValueToCellByIndex(sheet01, n, 1, a1): null

11-11-2024T14:27:03 - [TEST_STEP][PASSED] - setValueToCellByIndex(sheet01, n, 2, a2): null

11-11-2024T14:27:03 - [TEST_STEP][PASSED] - setValueToCellByIndex(sheet01, n, 3, a3): null

11-11-2024T14:27:03 - [TEST_STEP][PASSED] - setValueToCellByIndex(sheet01, n, 4, a4): null

11-11-2024T14:27:03 - [TEST_STEP][PASSED] - setValueToCellByIndex(sheet01, n, 5, a5): null

11-11-2024T14:27:03 - [TEST_STEP][PASSED] - setValueToCellByIndex(sheet01, n, 6, a6): null

11-11-2024T14:27:03 - [TEST_STEP][PASSED] - setValueToCellByIndex(sheet01, n, 7, a7): null

11-11-2024T14:27:03 - [TEST_STEP][PASSED] - setValueToCellByIndex(sheet01, n, 8, a8): null

11-11-2024T14:27:03 - [TEST_STEP][PASSED] - setValueToCellByIndex(sheet01, n, 9, a9): null

11-11-2024T14:27:03 - [TEST_STEP][PASSED] - n = n + 1: null

11-11-2024T14:27:03 - [TEST_STEP][PASSED] - saveWorkbook(excelFilePath, workbook01): null

11-11-2024T14:27:03 - [TEST_STEP][PASSED] - if (run == 3): null

11-11-2024T14:27:03 - [TEST_STEP][PASSED] - closeBrowser(): null

11-11-2024T14:27:03 - [MESSAGE][PASSED] - Browser is closed

11-11-2024T14:27:03 - [TEST_STEP][PASSED] - PrognozPoDZO(user, dashboardName, n, data, run, a1, a2, a3, a4, a5, a6, a7, a8, a9, urlData): null

11-11-2024T14:27:03 - [TEST_STEP][PASSED] - n = data.getRowNumbers() + 1: null

11-11-2024T14:27:03 - [TEST_STEP][PASSED] - println(n): null

11-11-2024T14:27:03 - [TEST_STEP][PASSED] - dashboardName = "Прогноз по ДЗО": null

11-11-2024T14:27:03 - [TEST_STEP][PASSED] - openBrowser(""): Browser is opened with url: ''

11-11-2024T14:27:03 - [MESSAGE][INFO] - Starting 'Chrome' driver

11-11-2024T14:27:03 - [MESSAGE][INFO] - Action delay is set to 0 milliseconds

11-11-2024T14:27:04 - [MESSAGE][PASSED] - Browser is opened with url: ''

11-11-2024T14:27:04 - [TEST_STEP][PASSED] - urlData = 19: null

11-11-2024T14:27:04 - [TEST_STEP][PASSED] - Script1686231490255.CheckPageDownload(urlData, run): null

11-11-2024T14:27:04 - [TEST_STEP][PASSED] - i = 1: null

11-11-2024T14:27:04 - [TEST_STEP][PASSED] - ii = 0: null

11-11-2024T14:27:04 - [TEST_STEP][PASSED] - urlText = <not implemented yet for class: org.codehaus.groovy.ast.expr.EmptyExpression>: null

11-11-2024T14:27:04 - [TEST_STEP][PASSED] - searchWord = <not implemented yet for class: org.codehaus.groovy.ast.expr.EmptyExpression>: null

11-11-2024T14:27:04 - [TEST_STEP][PASSED] - deleteAllCookies(): Delete all cookies successfully

11-11-2024T14:27:04 - [MESSAGE][PASSED] - Delete all cookies successfully

11-11-2024T14:27:04 - [TEST_STEP][PASSED] - refresh(): Refresh successfully

11-11-2024T14:27:04 - [MESSAGE][PASSED] - Refresh successfully

11-11-2024T14:27:04 - [TEST_STEP][PASSED] - delay(65): Delayed 65 second(s)

11-11-2024T14:28:09 - [MESSAGE][PASSED] - Delayed 65 second(s)

11-11-2024T14:28:09 - [TEST_STEP][PASSED] - navigateToUrl(findTestData("PlanFact").getValue(10, urlData)): Navigate to 'https://bi.rosseti.digital/viewer?dashboardGuid=d6acb5b1a7114a9791b34de39263106e&sheetGuid=752a4d1009e74632abe0071aea7fa3c6&fit=true' successfully

11-11-2024T14:28:18 - [MESSAGE][PASSED] - Navigate to 'https://bi.rosseti.digital/viewer?dashboardGuid=d6acb5b1a7114a9791b34de39263106e&sheetGuid=752a4d1009e74632abe0071aea7fa3c6&fit=true' successfully

11-11-2024T14:28:18 - [TEST_STEP][PASSED] - pageLoaded1 = verifyElementPresent(findTestObject("Страница авторизации/Text"), 30): Object 'Object Repository/Страница авторизации/Text' is present

11-11-2024T14:28:18 - [MESSAGE][PASSED] - Object 'Object Repository/Страница авторизации/Text' is present

11-11-2024T14:28:18 - [TEST_STEP][PASSED] - if (pageLoaded1 == false): null

11-11-2024T14:28:18 - [TEST_STEP][PASSED] - urlText = getText(findTestObject("Страница авторизации/Text")): Text of object 'Object Repository/Страница авторизации/Text' is: 'Вход'

11-11-2024T14:28:19 - [MESSAGE][PASSED] - Text of object 'Object Repository/Страница авторизации/Text' is: 'Вход'

11-11-2024T14:28:19 - [TEST_STEP][PASSED] - delay(65): Delayed 65 second(s)

11-11-2024T14:29:24 - [MESSAGE][PASSED] - Delayed 65 second(s)

11-11-2024T14:29:24 - [TEST_STEP][PASSED] - searchWord = "Вход": null

11-11-2024T14:29:24 - [TEST_STEP][PASSED] - if (urlText.contains(searchWord) == false): null

11-11-2024T14:29:24 - [TEST_STEP][PASSED] - setText(findTestObject("Страница авторизации/input__username"), findTestData("PlanFact").getValue(8, run)): Text 'Petrova-OV' is set on object 'Object Repository/Страница авторизации/input__username'

11-11-2024T14:29:24 - [MESSAGE][PASSED] - Text 'Petrova-OV' is set on object 'Object Repository/Страница авторизации/input__username'

11-11-2024T14:29:24 - [TEST_STEP][PASSED] - setText(findTestObject("Страница авторизации/input__password"), findTestData("PlanFact").getValue(9, run)): Text '4Ex@~R53r&3x&BVe7' is set on object 'Object Repository/Страница авторизации/input__password'

11-11-2024T14:29:25 - [MESSAGE][PASSED] - Text '4Ex@~R53r&3x&BVe7' is set on object 'Object Repository/Страница авторизации/input__password'

11-11-2024T14:29:25 - [TEST_STEP][PASSED] - click(findTestObject("Страница авторизации/button_")): Object: 'Object Repository/Страница авторизации/button_' is clicked on

11-11-2024T14:29:29 - [MESSAGE][PASSED] - Object: 'Object Repository/Страница авторизации/button_' is clicked on

11-11-2024T14:29:29 - [TEST_STEP][PASSED] - delay(65): Delayed 65 second(s)

11-11-2024T14:30:34 - [MESSAGE][PASSED] - Delayed 65 second(s)

11-11-2024T14:30:34 - [TEST_STEP][PASSED] - searchWord = "а": null

11-11-2024T14:30:34 - [TEST_STEP][PASSED] - pageLoaded2 = verifyElementPresent(findTestObject("Страница авторизации/Text"), 50): Object 'Object Repository/Страница авторизации/Text' is present

11-11-2024T14:30:34 - [MESSAGE][PASSED] - Object 'Object Repository/Страница авторизации/Text' is present

11-11-2024T14:30:34 - [TEST_STEP][PASSED] - if (pageLoaded2 == false): null

11-11-2024T14:30:34 - [TEST_STEP][PASSED] - urlText = getText(findTestObject("Страница авторизации/Text")): Text of object 'Object Repository/Страница авторизации/Text' is: 'Сравнение с 
План
абс.
%
Отклонения по ПАО Россети на 2024 год
⬤ Отклонение, %
Выручка отклонения по ПАО Россети на 2024 год
⬤ Отклонение, %
Год 
2024 год
Динамика электропотребления, млрд. кВт.ч.
У виджета нет данных
Выручка, млрд. руб.
У виджета нет данных
Прогноз на месяц 
Ноябрь
КПО/Отпуск из сети 
Отпуск из сети, млн. кВт.ч
Организация 
Все

Прогноз электропотребления и выручки за услуги по передаче в разрезе ДЗО'

11-11-2024T14:30:34 - [MESSAGE][PASSED] - Text of object 'Object Repository/Страница авторизации/Text' is: 'Сравнение с 
План
абс.
%
Отклонения по ПАО Россети на 2024 год
⬤ Отклонение, %
Выручка отклонения по ПАО Россети на 2024 год
⬤ Отклонение, %
Год 
2024 год
Динамика электропотребления, млрд. кВт.ч.
У виджета нет данных
Выручка, млрд. руб.
У виджета нет данных
Прогноз на месяц 
Ноябрь
КПО/Отпуск из сети 
Отпуск из сети, млн. кВт.ч
Организация 
Все

Прогноз электропотребления и выручки за услуги по передаче в разрезе ДЗО'

11-11-2024T14:30:34 - [TEST_STEP][PASSED] - if (urlText.contains("ошибка") || urlText.contains(searchWord) == false): null

11-11-2024T14:30:34 - [TEST_STEP][PASSED] - a3 = "": null

11-11-2024T14:30:34 - [TEST_STEP][PASSED] - a4 = "": null

11-11-2024T14:30:34 - [TEST_STEP][PASSED] - a5 = "": null

11-11-2024T14:30:34 - [TEST_STEP][PASSED] - a6 = "": null

11-11-2024T14:30:34 - [TEST_STEP][PASSED] - a7 = "": null

11-11-2024T14:30:34 - [TEST_STEP][PASSED] - a8 = "": null

11-11-2024T14:30:34 - [TEST_STEP][PASSED] - a9 = "": null

11-11-2024T14:30:34 - [TEST_STEP][PASSED] - if (run == 1): null

11-11-2024T14:30:34 - [TEST_STEP][PASSED] - if (run == 2): null

11-11-2024T14:30:34 - [TEST_STEP][PASSED] - if (run == 3): null

11-11-2024T14:30:34 - [TEST_STEP][PASSED] - user = "Попова": null

11-11-2024T14:30:34 - [TEST_STEP][PASSED] - a1 = getText(findTestObject("Прогноз по ДЗО/График1")): Text of object 'Object Repository/Прогноз по ДЗО/График1' is: 'Динамика электропотребления, млрд. кВт.ч.
У виджета нет данных'

11-11-2024T14:30:35 - [MESSAGE][PASSED] - Text of object 'Object Repository/Прогноз по ДЗО/График1' is: 'Динамика электропотребления, млрд. кВт.ч.
У виджета нет данных'

11-11-2024T14:30:35 - [TEST_STEP][PASSED] - i = a1.indexOf("по ПАО Россети на 2023 год"): null

11-11-2024T14:30:35 - [TEST_STEP][PASSED] - if (i > -1): null

11-11-2024T14:30:35 - [TEST_STEP][PASSED] - i = a1.indexOf("Динамика электропотребления, млн. кВт.ч."): null

11-11-2024T14:30:35 - [TEST_STEP][PASSED] - if (i > -1): null

11-11-2024T14:30:35 - [TEST_STEP][PASSED] - a1 = a1.trim(): null

11-11-2024T14:30:35 - [TEST_STEP][PASSED] - a2 = getText(findTestObject("Прогноз по ДЗО/График2")): Text of object 'Object Repository/Прогноз по ДЗО/График2' is: 'Выручка, млрд. руб.
У виджета нет данных'

11-11-2024T14:30:35 - [MESSAGE][PASSED] - Text of object 'Object Repository/Прогноз по ДЗО/График2' is: 'Выручка, млрд. руб.
У виджета нет данных'

11-11-2024T14:30:35 - [TEST_STEP][PASSED] - a3 = getText(findTestObject("Прогноз по ДЗО/График3")): Text of object 'Object Repository/Прогноз по ДЗО/График3' is: 'Отклонения по ПАО Россети на 2024 год
⬤ Отклонение, %'

11-11-2024T14:30:35 - [MESSAGE][PASSED] - Text of object 'Object Repository/Прогноз по ДЗО/График3' is: 'Отклонения по ПАО Россети на 2024 год
⬤ Отклонение, %'

11-11-2024T14:30:35 - [TEST_STEP][PASSED] - a4 = getText(findTestObject("Прогноз по ДЗО/График4")): Text of object 'Object Repository/Прогноз по ДЗО/График4' is: 'Выручка отклонения по ПАО Россети на 2024 год
⬤ Отклонение, %'

11-11-2024T14:30:36 - [MESSAGE][PASSED] - Text of object 'Object Repository/Прогноз по ДЗО/График4' is: 'Выручка отклонения по ПАО Россети на 2024 год
⬤ Отклонение, %'

11-11-2024T14:30:36 - [TEST_STEP][PASSED] - click(findTestObject("Прогноз по ДЗО/Переключить отображение с процентов на абс Блок руководителя")): Object: 'Object Repository/Прогноз по ДЗО/Переключить отображение с процентов на абс Блок руководителя' is clicked on

11-11-2024T14:30:36 - [MESSAGE][PASSED] - Object: 'Object Repository/Прогноз по ДЗО/Переключить отображение с процентов на абс Блок руководителя' is clicked on

11-11-2024T14:30:36 - [TEST_STEP][PASSED] - a5 = getText(findTestObject("Прогноз по ДЗО/График5")): Text of object 'Object Repository/Прогноз по ДЗО/График5' is: 'Отклонения по ПАО Россети на 2024 год
⬤ Отклонение, млн. кВт.ч'

11-11-2024T14:30:36 - [MESSAGE][PASSED] - Text of object 'Object Repository/Прогноз по ДЗО/График5' is: 'Отклонения по ПАО Россети на 2024 год
⬤ Отклонение, млн. кВт.ч'

11-11-2024T14:30:36 - [TEST_STEP][PASSED] - a6 = getText(findTestObject("Прогноз по ДЗО/График6")): Text of object 'Object Repository/Прогноз по ДЗО/График6' is: 'Выручка отклонения по ПАО Россети на 2024 год
⬤ Отклонение, млн. руб'

11-11-2024T14:30:36 - [MESSAGE][PASSED] - Text of object 'Object Repository/Прогноз по ДЗО/График6' is: 'Выручка отклонения по ПАО Россети на 2024 год
⬤ Отклонение, млн. руб'

11-11-2024T14:30:36 - [TEST_STEP][PASSED] - click(findTestObject("Прогноз по ДЗО/Переключить отображение с абс на проценты")): Object: 'Object Repository/Прогноз по ДЗО/Переключить отображение с абс на проценты' is clicked on

11-11-2024T14:30:37 - [MESSAGE][PASSED] - Object: 'Object Repository/Прогноз по ДЗО/Переключить отображение с абс на проценты' is clicked on

11-11-2024T14:30:37 - [TEST_STEP][PASSED] - n = n + 32: null

11-11-2024T14:30:37 - [TEST_STEP][PASSED] - b = n - run + 1: null

11-11-2024T14:30:37 - [TEST_STEP][PASSED] - verifyEqual(findTestData("PlanFact").getValue(2, b), a1): Actual object 'Динамика электропотребления, млрд. кВт.ч.
У виджета нет данных' and expected object 'Динамика электропотребления, млрд. кВт.ч.
У виджета нет данных' are equal

11-11-2024T14:30:37 - [MESSAGE][PASSED] - Actual object 'Динамика электропотребления, млрд. кВт.ч.
У виджета нет данных' and expected object 'Динамика электропотребления, млрд. кВт.ч.
У виджета нет данных' are equal

11-11-2024T14:30:37 - [TEST_STEP][PASSED] - verifyEqual(findTestData("PlanFact").getValue(3, b), a2): Actual object 'Выручка, млрд. руб.
У виджета нет данных' and expected object 'Выручка, млрд. руб.
У виджета нет данных' are equal

11-11-2024T14:30:37 - [MESSAGE][PASSED] - Actual object 'Выручка, млрд. руб.
У виджета нет данных' and expected object 'Выручка, млрд. руб.
У виджета нет данных' are equal

11-11-2024T14:30:37 - [TEST_STEP][PASSED] - verifyEqual(findTestData("PlanFact").getValue(4, b), a3): Actual object 'Отклонения по ПАО Россети на 2024 год
⬤ Отклонение, %' and expected object 'Отклонения по ПАО Россети на 2024 год
⬤ Отклонение, %' are equal

11-11-2024T14:30:37 - [MESSAGE][PASSED] - Actual object 'Отклонения по ПАО Россети на 2024 год
⬤ Отклонение, %' and expected object 'Отклонения по ПАО Россети на 2024 год
⬤ Отклонение, %' are equal

11-11-2024T14:30:37 - [TEST_STEP][PASSED] - verifyEqual(findTestData("PlanFact").getValue(5, b), a4): Actual object 'Выручка отклонения по ПАО Россети на 2024 год
⬤ Отклонение, %' and expected object 'Выручка отклонения по ПАО Россети на 2024 год
⬤ Отклонение, %' are equal

11-11-2024T14:30:37 - [MESSAGE][PASSED] - Actual object 'Выручка отклонения по ПАО Россети на 2024 год
⬤ Отклонение, %' and expected object 'Выручка отклонения по ПАО Россети на 2024 год
⬤ Отклонение, %' are equal

11-11-2024T14:30:37 - [TEST_STEP][PASSED] - verifyEqual(findTestData("PlanFact").getValue(6, b), a5): Actual object 'Отклонения по ПАО Россети на 2024 год
⬤ Отклонение, млн. кВт.ч' and expected object 'Отклонения по ПАО Россети на 2024 год
⬤ Отклонение, млн. кВт.ч' are equal

11-11-2024T14:30:37 - [MESSAGE][PASSED] - Actual object 'Отклонения по ПАО Россети на 2024 год
⬤ Отклонение, млн. кВт.ч' and expected object 'Отклонения по ПАО Россети на 2024 год
⬤ Отклонение, млн. кВт.ч' are equal

11-11-2024T14:30:37 - [TEST_STEP][PASSED] - verifyEqual(findTestData("PlanFact").getValue(7, b), a6): Actual object 'Выручка отклонения по ПАО Россети на 2024 год
⬤ Отклонение, млн. руб' and expected object 'Выручка отклонения по ПАО Россети на 2024 год
⬤ Отклонение, млн. руб' are equal

11-11-2024T14:30:37 - [MESSAGE][PASSED] - Actual object 'Выручка отклонения по ПАО Россети на 2024 год
⬤ Отклонение, млн. руб' and expected object 'Выручка отклонения по ПАО Россети на 2024 год
⬤ Отклонение, млн. руб' are equal

11-11-2024T14:30:37 - [TEST_STEP][PASSED] - Script1686231490255.WriteToExcel(user, dashboardName, n, data, run, a1, a2, a3, a4, a5, a6, a7, a8, a9): null

11-11-2024T14:30:37 - [TEST_STEP][PASSED] - sheetName = "Sheet1": null

11-11-2024T14:30:37 - [TEST_STEP][PASSED] - workbook01 = getWorkbook(excelFilePath): null

11-11-2024T14:30:37 - [TEST_STEP][PASSED] - sheet01 = getExcelSheet(workbook01, sheetName): null

11-11-2024T14:30:37 - [TEST_STEP][PASSED] - setValueToCellByIndex(sheet01, n, 0, dashboardName): null

11-11-2024T14:30:37 - [TEST_STEP][PASSED] - setValueToCellByIndex(sheet01, n, 10, user): null

11-11-2024T14:30:37 - [TEST_STEP][PASSED] - setValueToCellByIndex(sheet01, n, 1, a1): null

11-11-2024T14:30:37 - [TEST_STEP][PASSED] - setValueToCellByIndex(sheet01, n, 2, a2): null

11-11-2024T14:30:37 - [TEST_STEP][PASSED] - setValueToCellByIndex(sheet01, n, 3, a3): null

11-11-2024T14:30:37 - [TEST_STEP][PASSED] - setValueToCellByIndex(sheet01, n, 4, a4): null

11-11-2024T14:30:37 - [TEST_STEP][PASSED] - setValueToCellByIndex(sheet01, n, 5, a5): null

11-11-2024T14:30:37 - [TEST_STEP][PASSED] - setValueToCellByIndex(sheet01, n, 6, a6): null

11-11-2024T14:30:37 - [TEST_STEP][PASSED] - setValueToCellByIndex(sheet01, n, 7, a7): null

11-11-2024T14:30:37 - [TEST_STEP][PASSED] - setValueToCellByIndex(sheet01, n, 8, a8): null

11-11-2024T14:30:37 - [TEST_STEP][PASSED] - setValueToCellByIndex(sheet01, n, 9, a9): null

11-11-2024T14:30:37 - [TEST_STEP][PASSED] - n = n + 1: null

11-11-2024T14:30:37 - [TEST_STEP][PASSED] - saveWorkbook(excelFilePath, workbook01): null

11-11-2024T14:30:37 - [TEST_STEP][PASSED] - closeBrowser(): Browser is closed

11-11-2024T14:30:38 - [MESSAGE][PASSED] - Browser is closed

11-11-2024T14:30:38 - [TEST_STEP][PASSED] - delay(65): Delayed 65 second(s)

11-11-2024T14:31:43 - [MESSAGE][PASSED] - Delayed 65 second(s)

11-11-2024T14:31:43 - [TEST_STEP][PASSED] - for ([run = 1, run < 4, (run++)]): null

11-11-2024T14:31:43 - [TEST_STEP][PASSED] - PrognozPoOtraslyam(user, dashboardName, n, data, run, a1, a2, a3, a4, a5, a6, a7, a8, a9, urlData): null

11-11-2024T14:31:43 - [TEST_STEP][PASSED] - n = data.getRowNumbers() + 1: null

11-11-2024T14:31:43 - [TEST_STEP][PASSED] - println(n): null

11-11-2024T14:31:43 - [TEST_STEP][PASSED] - dashboardName = "Прогноз по отраслям": null

11-11-2024T14:31:43 - [TEST_STEP][PASSED] - openBrowser(""): Browser is opened with url: ''

11-11-2024T14:31:43 - [MESSAGE][INFO] - Starting 'Chrome' driver

11-11-2024T14:31:43 - [MESSAGE][INFO] - Action delay is set to 0 milliseconds

11-11-2024T14:31:43 - [MESSAGE][PASSED] - Browser is opened with url: ''

11-11-2024T14:31:43 - [TEST_STEP][PASSED] - urlData = 6: null

11-11-2024T14:31:43 - [TEST_STEP][PASSED] - Script1686231490255.CheckPageDownload(urlData, run): null

11-11-2024T14:31:43 - [TEST_STEP][PASSED] - i = 1: null

11-11-2024T14:31:43 - [TEST_STEP][PASSED] - ii = 0: null

11-11-2024T14:31:43 - [TEST_STEP][PASSED] - urlText = <not implemented yet for class: org.codehaus.groovy.ast.expr.EmptyExpression>: null

11-11-2024T14:31:43 - [TEST_STEP][PASSED] - searchWord = <not implemented yet for class: org.codehaus.groovy.ast.expr.EmptyExpression>: null

11-11-2024T14:31:43 - [TEST_STEP][PASSED] - deleteAllCookies(): Delete all cookies successfully

11-11-2024T14:31:43 - [MESSAGE][PASSED] - Delete all cookies successfully

11-11-2024T14:31:43 - [TEST_STEP][PASSED] - refresh(): Refresh successfully

11-11-2024T14:31:44 - [MESSAGE][PASSED] - Refresh successfully

11-11-2024T14:31:44 - [TEST_STEP][PASSED] - delay(65): Delayed 65 second(s)

11-11-2024T14:32:49 - [MESSAGE][PASSED] - Delayed 65 second(s)

11-11-2024T14:32:49 - [TEST_STEP][FAILED] - navigateToUrl(findTestData("PlanFact").getValue(10, urlData)): Unable to navigate to 'https://bi.rosseti.digital/viewer?dashboardGuid=d6acb5b1a7114a9791b34de39263106e&sheetGuid=0b6d261d7f7b4424a967aa8f3a724189&fit=true' (Root cause: com.kms.katalon.core.exception.StepFailedException: Unable to navigate to 'https://bi.rosseti.digital/viewer?dashboardGuid=d6acb5b1a7114a9791b34de39263106e&sheetGuid=0b6d261d7f7b4424a967aa8f3a724189&fit=true'
	at com.kms.katalon.core.webui.keyword.internal.WebUIKeywordMain.stepFailed(WebUIKeywordMain.groovy:64)
	at com.kms.katalon.core.webui.keyword.internal.WebUIKeywordMain.runKeyword(WebUIKeywordMain.groovy:26)
	at com.kms.katalon.core.webui.keyword.builtin.NavigateToUrlKeyword.navigateToUrl(NavigateToUrlKeyword.groovy:83)
	at com.kms.katalon.core.webui.keyword.builtin.NavigateToUrlKeyword.execute(NavigateToUrlKeyword.groovy:67)
	at com.kms.katalon.core.keyword.internal.KeywordExecutor.executeKeywordForPlatform(KeywordExecutor.groovy:74)
	at com.kms.katalon.core.webui.keyword.WebUiBuiltInKeywords.navigateToUrl(WebUiBuiltInKeywords.groovy:187)
	at Блок руководителя сверка дашбордов под разными учётками.CheckPageDownload(Блок руководителя сверка дашбордов под разными учётками:130)
	at Блок руководителя сверка дашбордов под разными учётками.PrognozPoOtraslyam(Блок руководителя сверка дашбордов под разными учётками:1592)
	at Блок руководителя сверка дашбордов под разными учётками.run(Блок руководителя сверка дашбордов под разными учётками:112)
	at com.kms.katalon.core.main.ScriptEngine.run(ScriptEngine.java:194)
	at com.kms.katalon.core.main.ScriptEngine.runScriptAsRawText(ScriptEngine.java:119)
	at com.kms.katalon.core.main.TestCaseExecutor.runScript(TestCaseExecutor.java:448)
	at com.kms.katalon.core.main.TestCaseExecutor.doExecute(TestCaseExecutor.java:439)
	at com.kms.katalon.core.main.TestCaseExecutor.processExecutionPhase(TestCaseExecutor.java:418)
	at com.kms.katalon.core.main.TestCaseExecutor.accessMainPhase(TestCaseExecutor.java:410)
	at com.kms.katalon.core.main.TestCaseExecutor.execute(TestCaseExecutor.java:285)
	at com.kms.katalon.core.common.CommonExecutor.accessTestCaseMainPhase(CommonExecutor.java:65)
	at com.kms.katalon.core.main.TestSuiteExecutor.accessTestSuiteMainPhase(TestSuiteExecutor.java:150)
	at com.kms.katalon.core.main.TestSuiteExecutor.execute(TestSuiteExecutor.java:106)
	at com.kms.katalon.core.main.TestCaseMain.startTestSuite(TestCaseMain.java:180)
	at TempTestSuite1731310890476.run(TempTestSuite1731310890476.groovy:35)
	at java.base/jdk.internal.reflect.NativeMethodAccessorImpl.invoke0(Native Method)
	at java.base/jdk.internal.reflect.NativeMethodAccessorImpl.invoke(NativeMethodAccessorImpl.java:77)
	at java.base/jdk.internal.reflect.DelegatingMethodAccessorImpl.invoke(DelegatingMethodAccessorImpl.java:43)
Caused by: org.openqa.selenium.TimeoutException: timeout: Timed out receiving message from renderer: 299.254
  (Session info: chrome=130.0.6723.117)
Build info: version: '3.141.59', revision: 'unknown', time: 'unknown'
System info: host: 'UVV-WS904-D', ip: '192.168.0.19', os.name: 'Windows 10', os.arch: 'amd64', os.version: '10.0', java.version: '17.0.7'
Driver info: com.kms.katalon.selenium.driver.CChromeDriver
Capabilities {acceptInsecureCerts: false, browserName: chrome, browserVersion: 130.0.6723.117, chrome: {chromedriverVersion: 129.0.6668.58 (81a06fb873a9..., userDataDir: C:\Users\LIAZGI~1\AppData\L...}, fedcm:accounts: true, goog:chromeOptions: {debuggerAddress: localhost:50359}, javascriptEnabled: true, networkConnectionEnabled: false, pageLoadStrategy: normal, platform: WINDOWS, platformName: WINDOWS, proxy: Proxy(), setWindowRect: true, strictFileInteractability: false, timeouts: {implicit: 0, pageLoad: 300000, script: 30000}, unhandledPromptBehavior: dismiss and notify, webauthn:extension:credBlob: true, webauthn:extension:largeBlob: true, webauthn:extension:minPinLength: true, webauthn:extension:prf: true, webauthn:virtualAuthenticators: true}
Session ID: 049db98dbd24e5af003f66ead36e7b52
	at java.base/jdk.internal.reflect.NativeConstructorAccessorImpl.newInstance0(Native Method)
	at java.base/jdk.internal.reflect.NativeConstructorAccessorImpl.newInstance(NativeConstructorAccessorImpl.java:77)
	at java.base/jdk.internal.reflect.DelegatingConstructorAccessorImpl.newInstance(DelegatingConstructorAccessorImpl.java:45)
	at org.openqa.selenium.remote.http.W3CHttpResponseCodec.createException(W3CHttpResponseCodec.java:187)
	at org.openqa.selenium.remote.http.W3CHttpResponseCodec.decode(W3CHttpResponseCodec.java:122)
	at org.openqa.selenium.remote.http.W3CHttpResponseCodec.decode(W3CHttpResponseCodec.java:49)
	at org.openqa.selenium.remote.HttpCommandExecutor.execute(HttpCommandExecutor.java:158)
	at org.openqa.selenium.remote.service.DriverCommandExecutor.execute(DriverCommandExecutor.java:83)
	at org.openqa.selenium.remote.RemoteWebDriver.execute(RemoteWebDriver.java:552)
	at com.kms.katalon.selenium.driver.CChromeDriver.execute(CChromeDriver.java:19)
	at org.openqa.selenium.remote.RemoteWebDriver.get(RemoteWebDriver.java:277)
	at org.openqa.selenium.remote.RemoteWebDriver$RemoteNavigation.to(RemoteWebDriver.java:857)
	at org.openqa.selenium.support.events.EventFiringWebDriver$EventFiringNavigation.to(EventFiringWebDriver.java:569)
	at com.kms.katalon.core.webui.keyword.builtin.NavigateToUrlKeyword$_navigateToUrl_closure1.doCall(NavigateToUrlKeyword.groovy:81)
	at com.kms.katalon.core.webui.keyword.builtin.NavigateToUrlKeyword$_navigateToUrl_closure1.call(NavigateToUrlKeyword.groovy)
	at com.kms.katalon.core.webui.keyword.internal.WebUIKeywordMain.runKeyword(WebUIKeywordMain.groovy:20)
	at com.kms.katalon.core.webui.keyword.builtin.NavigateToUrlKeyword.navigateToUrl(NavigateToUrlKeyword.groovy:83)
	at com.kms.katalon.core.webui.keyword.builtin.NavigateToUrlKeyword.execute(NavigateToUrlKeyword.groovy:67)
	at com.kms.katalon.core.keyword.internal.KeywordExecutor.executeKeywordForPlatform(KeywordExecutor.groovy:74)
	at com.kms.katalon.core.webui.keyword.WebUiBuiltInKeywords.navigateToUrl(WebUiBuiltInKeywords.groovy:187)
	at Script1686231490255.CheckPageDownload(Script1686231490255.groovy:130)
	at Script1686231490255.PrognozPoOtraslyam(Script1686231490255.groovy:1592)
	at Script1686231490255.run(Script1686231490255.groovy:112)
	... 15 more
)

11-11-2024T14:38:49 - [MESSAGE][WARNING] - Cannot take screenshot

11-11-2024T14:38:49 - [MESSAGE][FAILED] - Unable to navigate to 'https://bi.rosseti.digital/viewer?dashboardGuid=d6acb5b1a7114a9791b34de39263106e&sheetGuid=0b6d261d7f7b4424a967aa8f3a724189&fit=true' (Root cause: com.kms.katalon.core.exception.StepFailedException: Unable to navigate to 'https://bi.rosseti.digital/viewer?dashboardGuid=d6acb5b1a7114a9791b34de39263106e&sheetGuid=0b6d261d7f7b4424a967aa8f3a724189&fit=true'
	at com.kms.katalon.core.webui.keyword.internal.WebUIKeywordMain.stepFailed(WebUIKeywordMain.groovy:64)
	at com.kms.katalon.core.webui.keyword.internal.WebUIKeywordMain.runKeyword(WebUIKeywordMain.groovy:26)
	at com.kms.katalon.core.webui.keyword.builtin.NavigateToUrlKeyword.navigateToUrl(NavigateToUrlKeyword.groovy:83)
	at com.kms.katalon.core.webui.keyword.builtin.NavigateToUrlKeyword.execute(NavigateToUrlKeyword.groovy:67)
	at com.kms.katalon.core.keyword.internal.KeywordExecutor.executeKeywordForPlatform(KeywordExecutor.groovy:74)
	at com.kms.katalon.core.webui.keyword.WebUiBuiltInKeywords.navigateToUrl(WebUiBuiltInKeywords.groovy:187)
	at Блок руководителя сверка дашбордов под разными учётками.CheckPageDownload(Блок руководителя сверка дашбордов под разными учётками:130)
	at Блок руководителя сверка дашбордов под разными учётками.PrognozPoOtraslyam(Блок руководителя сверка дашбордов под разными учётками:1592)
	at Блок руководителя сверка дашбордов под разными учётками.run(Блок руководителя сверка дашбордов под разными учётками:112)
	at com.kms.katalon.core.main.ScriptEngine.run(ScriptEngine.java:194)
	at com.kms.katalon.core.main.ScriptEngine.runScriptAsRawText(ScriptEngine.java:119)
	at com.kms.katalon.core.main.TestCaseExecutor.runScript(TestCaseExecutor.java:448)
	at com.kms.katalon.core.main.TestCaseExecutor.doExecute(TestCaseExecutor.java:439)
	at com.kms.katalon.core.main.TestCaseExecutor.processExecutionPhase(TestCaseExecutor.java:418)
	at com.kms.katalon.core.main.TestCaseExecutor.accessMainPhase(TestCaseExecutor.java:410)
	at com.kms.katalon.core.main.TestCaseExecutor.execute(TestCaseExecutor.java:285)
	at com.kms.katalon.core.common.CommonExecutor.accessTestCaseMainPhase(CommonExecutor.java:65)
	at com.kms.katalon.core.main.TestSuiteExecutor.accessTestSuiteMainPhase(TestSuiteExecutor.java:150)
	at com.kms.katalon.core.main.TestSuiteExecutor.execute(TestSuiteExecutor.java:106)
	at com.kms.katalon.core.main.TestCaseMain.startTestSuite(TestCaseMain.java:180)
	at TempTestSuite1731310890476.run(TempTestSuite1731310890476.groovy:35)
	at java.base/jdk.internal.reflect.NativeMethodAccessorImpl.invoke0(Native Method)
	at java.base/jdk.internal.reflect.NativeMethodAccessorImpl.invoke(NativeMethodAccessorImpl.java:77)
	at java.base/jdk.internal.reflect.DelegatingMethodAccessorImpl.invoke(DelegatingMethodAccessorImpl.java:43)
Caused by: org.openqa.selenium.TimeoutException: timeout: Timed out receiving message from renderer: 299.254
  (Session info: chrome=130.0.6723.117)
Build info: version: '3.141.59', revision: 'unknown', time: 'unknown'
System info: host: 'UVV-WS904-D', ip: '192.168.0.19', os.name: 'Windows 10', os.arch: 'amd64', os.version: '10.0', java.version: '17.0.7'
Driver info: com.kms.katalon.selenium.driver.CChromeDriver
Capabilities {acceptInsecureCerts: false, browserName: chrome, browserVersion: 130.0.6723.117, chrome: {chromedriverVersion: 129.0.6668.58 (81a06fb873a9..., userDataDir: C:\Users\LIAZGI~1\AppData\L...}, fedcm:accounts: true, goog:chromeOptions: {debuggerAddress: localhost:50359}, javascriptEnabled: true, networkConnectionEnabled: false, pageLoadStrategy: normal, platform: WINDOWS, platformName: WINDOWS, proxy: Proxy(), setWindowRect: true, strictFileInteractability: false, timeouts: {implicit: 0, pageLoad: 300000, script: 30000}, unhandledPromptBehavior: dismiss and notify, webauthn:extension:credBlob: true, webauthn:extension:largeBlob: true, webauthn:extension:minPinLength: true, webauthn:extension:prf: true, webauthn:virtualAuthenticators: true}
Session ID: 049db98dbd24e5af003f66ead36e7b52
	at java.base/jdk.internal.reflect.NativeConstructorAccessorImpl.newInstance0(Native Method)
	at java.base/jdk.internal.reflect.NativeConstructorAccessorImpl.newInstance(NativeConstructorAccessorImpl.java:77)
	at java.base/jdk.internal.reflect.DelegatingConstructorAccessorImpl.newInstance(DelegatingConstructorAccessorImpl.java:45)
	at org.openqa.selenium.remote.http.W3CHttpResponseCodec.createException(W3CHttpResponseCodec.java:187)
	at org.openqa.selenium.remote.http.W3CHttpResponseCodec.decode(W3CHttpResponseCodec.java:122)
	at org.openqa.selenium.remote.http.W3CHttpResponseCodec.decode(W3CHttpResponseCodec.java:49)
	at org.openqa.selenium.remote.HttpCommandExecutor.execute(HttpCommandExecutor.java:158)
	at org.openqa.selenium.remote.service.DriverCommandExecutor.execute(DriverCommandExecutor.java:83)
	at org.openqa.selenium.remote.RemoteWebDriver.execute(RemoteWebDriver.java:552)
	at com.kms.katalon.selenium.driver.CChromeDriver.execute(CChromeDriver.java:19)
	at org.openqa.selenium.remote.RemoteWebDriver.get(RemoteWebDriver.java:277)
	at org.openqa.selenium.remote.RemoteWebDriver$RemoteNavigation.to(RemoteWebDriver.java:857)
	at org.openqa.selenium.support.events.EventFiringWebDriver$EventFiringNavigation.to(EventFiringWebDriver.java:569)
	at com.kms.katalon.core.webui.keyword.builtin.NavigateToUrlKeyword$_navigateToUrl_closure1.doCall(NavigateToUrlKeyword.groovy:81)
	at com.kms.katalon.core.webui.keyword.builtin.NavigateToUrlKeyword$_navigateToUrl_closure1.call(NavigateToUrlKeyword.groovy)
	at com.kms.katalon.core.webui.keyword.internal.WebUIKeywordMain.runKeyword(WebUIKeywordMain.groovy:20)
	at com.kms.katalon.core.webui.keyword.builtin.NavigateToUrlKeyword.navigateToUrl(NavigateToUrlKeyword.groovy:83)
	at com.kms.katalon.core.webui.keyword.builtin.NavigateToUrlKeyword.execute(NavigateToUrlKeyword.groovy:67)
	at com.kms.katalon.core.keyword.internal.KeywordExecutor.executeKeywordForPlatform(KeywordExecutor.groovy:74)
	at com.kms.katalon.core.webui.keyword.WebUiBuiltInKeywords.navigateToUrl(WebUiBuiltInKeywords.groovy:187)
	at Script1686231490255.CheckPageDownload(Script1686231490255.groovy:130)
	at Script1686231490255.PrognozPoOtraslyam(Script1686231490255.groovy:1592)
	at Script1686231490255.run(Script1686231490255.groovy:112)
	... 15 more
)

11-11-2024T14:38:49 - [TEST_STEP][FAILED] - pageLoaded1 = verifyElementPresent(findTestObject("Страница авторизации/Text"), 30): com.kms.katalon.core.webui.exception.WebElementNotFoundException: Web element with id: 'Object Repository/Страница авторизации/Text' located by '//div' not found (Root cause: com.kms.katalon.core.exception.StepFailedException: com.kms.katalon.core.webui.exception.WebElementNotFoundException: Web element with id: 'Object Repository/Страница авторизации/Text' located by '//div' not found
	at com.kms.katalon.core.webui.keyword.internal.WebUIKeywordMain.stepFailed(WebUIKeywordMain.groovy:64)
	at com.kms.katalon.core.webui.keyword.builtin.VerifyElementPresentKeyword$_verifyElementPresent_closure1.doCall(VerifyElementPresentKeyword.groovy:85)
	at com.kms.katalon.core.webui.keyword.builtin.VerifyElementPresentKeyword$_verifyElementPresent_closure1.call(VerifyElementPresentKeyword.groovy)
	at com.kms.katalon.core.webui.keyword.internal.WebUIKeywordMain.runKeyword(WebUIKeywordMain.groovy:20)
	at com.kms.katalon.core.webui.keyword.builtin.VerifyElementPresentKeyword.verifyElementPresent(VerifyElementPresentKeyword.groovy:92)
	at com.kms.katalon.core.webui.keyword.builtin.VerifyElementPresentKeyword.execute(VerifyElementPresentKeyword.groovy:68)
	at com.kms.katalon.core.keyword.internal.KeywordExecutor.executeKeywordForPlatform(KeywordExecutor.groovy:74)
	at com.kms.katalon.core.webui.keyword.WebUiBuiltInKeywords.verifyElementPresent(WebUiBuiltInKeywords.groovy:1503)
	at Блок руководителя сверка дашбордов под разными учётками.CheckPageDownload(Блок руководителя сверка дашбордов под разными учётками:132)
	at Блок руководителя сверка дашбордов под разными учётками.PrognozPoOtraslyam(Блок руководителя сверка дашбордов под разными учётками:1592)
	at Блок руководителя сверка дашбордов под разными учётками.run(Блок руководителя сверка дашбордов под разными учётками:112)
	at com.kms.katalon.core.main.ScriptEngine.run(ScriptEngine.java:194)
	at com.kms.katalon.core.main.ScriptEngine.runScriptAsRawText(ScriptEngine.java:119)
	at com.kms.katalon.core.main.TestCaseExecutor.runScript(TestCaseExecutor.java:448)
	at com.kms.katalon.core.main.TestCaseExecutor.doExecute(TestCaseExecutor.java:439)
	at com.kms.katalon.core.main.TestCaseExecutor.processExecutionPhase(TestCaseExecutor.java:418)
	at com.kms.katalon.core.main.TestCaseExecutor.accessMainPhase(TestCaseExecutor.java:410)
	at com.kms.katalon.core.main.TestCaseExecutor.execute(TestCaseExecutor.java:285)
	at com.kms.katalon.core.common.CommonExecutor.accessTestCaseMainPhase(CommonExecutor.java:65)
	at com.kms.katalon.core.main.TestSuiteExecutor.accessTestSuiteMainPhase(TestSuiteExecutor.java:150)
	at com.kms.katalon.core.main.TestSuiteExecutor.execute(TestSuiteExecutor.java:106)
	at com.kms.katalon.core.main.TestCaseMain.startTestSuite(TestCaseMain.java:180)
	at TempTestSuite1731310890476.run(TempTestSuite1731310890476.groovy:35)
	at java.base/jdk.internal.reflect.NativeMethodAccessorImpl.invoke0(Native Method)
	at java.base/jdk.internal.reflect.NativeMethodAccessorImpl.invoke(NativeMethodAccessorImpl.java:77)
	at java.base/jdk.internal.reflect.DelegatingMethodAccessorImpl.invoke(DelegatingMethodAccessorImpl.java:43)
)

11-11-2024T14:39:20 - [MESSAGE][INFO] - Unable to find the element located by 'By.xpath: //div'. Please recheck the objects properties to make sure the desired element is located. 

11-11-2024T14:40:20 - [MESSAGE][WARNING] - Cannot take screenshot

11-11-2024T14:40:20 - [MESSAGE][FAILED] - com.kms.katalon.core.webui.exception.WebElementNotFoundException: Web element with id: 'Object Repository/Страница авторизации/Text' located by '//div' not found (Root cause: com.kms.katalon.core.exception.StepFailedException: com.kms.katalon.core.webui.exception.WebElementNotFoundException: Web element with id: 'Object Repository/Страница авторизации/Text' located by '//div' not found
	at com.kms.katalon.core.webui.keyword.internal.WebUIKeywordMain.stepFailed(WebUIKeywordMain.groovy:64)
	at com.kms.katalon.core.webui.keyword.builtin.VerifyElementPresentKeyword$_verifyElementPresent_closure1.doCall(VerifyElementPresentKeyword.groovy:85)
	at com.kms.katalon.core.webui.keyword.builtin.VerifyElementPresentKeyword$_verifyElementPresent_closure1.call(VerifyElementPresentKeyword.groovy)
	at com.kms.katalon.core.webui.keyword.internal.WebUIKeywordMain.runKeyword(WebUIKeywordMain.groovy:20)
	at com.kms.katalon.core.webui.keyword.builtin.VerifyElementPresentKeyword.verifyElementPresent(VerifyElementPresentKeyword.groovy:92)
	at com.kms.katalon.core.webui.keyword.builtin.VerifyElementPresentKeyword.execute(VerifyElementPresentKeyword.groovy:68)
	at com.kms.katalon.core.keyword.internal.KeywordExecutor.executeKeywordForPlatform(KeywordExecutor.groovy:74)
	at com.kms.katalon.core.webui.keyword.WebUiBuiltInKeywords.verifyElementPresent(WebUiBuiltInKeywords.groovy:1503)
	at Блок руководителя сверка дашбордов под разными учётками.CheckPageDownload(Блок руководителя сверка дашбордов под разными учётками:132)
	at Блок руководителя сверка дашбордов под разными учётками.PrognozPoOtraslyam(Блок руководителя сверка дашбордов под разными учётками:1592)
	at Блок руководителя сверка дашбордов под разными учётками.run(Блок руководителя сверка дашбордов под разными учётками:112)
	at com.kms.katalon.core.main.ScriptEngine.run(ScriptEngine.java:194)
	at com.kms.katalon.core.main.ScriptEngine.runScriptAsRawText(ScriptEngine.java:119)
	at com.kms.katalon.core.main.TestCaseExecutor.runScript(TestCaseExecutor.java:448)
	at com.kms.katalon.core.main.TestCaseExecutor.doExecute(TestCaseExecutor.java:439)
	at com.kms.katalon.core.main.TestCaseExecutor.processExecutionPhase(TestCaseExecutor.java:418)
	at com.kms.katalon.core.main.TestCaseExecutor.accessMainPhase(TestCaseExecutor.java:410)
	at com.kms.katalon.core.main.TestCaseExecutor.execute(TestCaseExecutor.java:285)
	at com.kms.katalon.core.common.CommonExecutor.accessTestCaseMainPhase(CommonExecutor.java:65)
	at com.kms.katalon.core.main.TestSuiteExecutor.accessTestSuiteMainPhase(TestSuiteExecutor.java:150)
	at com.kms.katalon.core.main.TestSuiteExecutor.execute(TestSuiteExecutor.java:106)
	at com.kms.katalon.core.main.TestCaseMain.startTestSuite(TestCaseMain.java:180)
	at TempTestSuite1731310890476.run(TempTestSuite1731310890476.groovy:35)
	at java.base/jdk.internal.reflect.NativeMethodAccessorImpl.invoke0(Native Method)
	at java.base/jdk.internal.reflect.NativeMethodAccessorImpl.invoke(NativeMethodAccessorImpl.java:77)
	at java.base/jdk.internal.reflect.DelegatingMethodAccessorImpl.invoke(DelegatingMethodAccessorImpl.java:43)
)

11-11-2024T14:40:20 - [TEST_STEP][PASSED] - if (pageLoaded1 == false): Navigate to 'https://bi.rosseti.digital/viewer?dashboardGuid=d6acb5b1a7114a9791b34de39263106e&sheetGuid=0b6d261d7f7b4424a967aa8f3a724189&fit=true' successfully

11-11-2024T14:40:20 - [TEST_STEP][PASSED] - refresh(): Refresh successfully

11-11-2024T14:40:23 - [MESSAGE][PASSED] - Refresh successfully

11-11-2024T14:40:23 - [TEST_STEP][PASSED] - delay(65): Delayed 65 second(s)

11-11-2024T14:41:28 - [MESSAGE][PASSED] - Delayed 65 second(s)

11-11-2024T14:41:28 - [TEST_STEP][PASSED] - navigateToUrl(findTestData("PlanFact").getValue(10, urlData)): Navigate to 'https://bi.rosseti.digital/viewer?dashboardGuid=d6acb5b1a7114a9791b34de39263106e&sheetGuid=0b6d261d7f7b4424a967aa8f3a724189&fit=true' successfully

11-11-2024T14:41:29 - [MESSAGE][PASSED] - Navigate to 'https://bi.rosseti.digital/viewer?dashboardGuid=d6acb5b1a7114a9791b34de39263106e&sheetGuid=0b6d261d7f7b4424a967aa8f3a724189&fit=true' successfully

11-11-2024T14:41:29 - [TEST_STEP][PASSED] - urlText = getText(findTestObject("Страница авторизации/Text")): Text of object 'Object Repository/Страница авторизации/Text' is: ''

11-11-2024T14:41:31 - [MESSAGE][PASSED] - Text of object 'Object Repository/Страница авторизации/Text' is: ''

11-11-2024T14:41:31 - [TEST_STEP][PASSED] - delay(65): Delayed 65 second(s)

11-11-2024T14:42:36 - [MESSAGE][PASSED] - Delayed 65 second(s)

11-11-2024T14:42:36 - [TEST_STEP][PASSED] - searchWord = "Вход": null

11-11-2024T14:42:36 - [TEST_STEP][FAILED] - if (urlText.contains(searchWord) == false): null

11-11-2024T14:42:36 - [TEST_STEP][FAILED] - for ([urlText.contains(searchWord) == false, i < 4, (ii++)]): null

11-11-2024T14:42:36 - [TEST_STEP][PASSED] - i = i + 1: null

11-11-2024T14:42:36 - [TEST_STEP][PASSED] - refresh(): Refresh successfully

11-11-2024T14:42:37 - [MESSAGE][PASSED] - Refresh successfully

11-11-2024T14:42:37 - [TEST_STEP][PASSED] - delay(65): Delayed 65 second(s)

11-11-2024T14:43:42 - [MESSAGE][PASSED] - Delayed 65 second(s)

11-11-2024T14:43:42 - [TEST_STEP][FAILED] - navigateToUrl(findTestData("PlanFact").getValue(10, urlData)): Unable to navigate to 'https://bi.rosseti.digital/viewer?dashboardGuid=d6acb5b1a7114a9791b34de39263106e&sheetGuid=0b6d261d7f7b4424a967aa8f3a724189&fit=true' (Root cause: com.kms.katalon.core.exception.StepFailedException: Unable to navigate to 'https://bi.rosseti.digital/viewer?dashboardGuid=d6acb5b1a7114a9791b34de39263106e&sheetGuid=0b6d261d7f7b4424a967aa8f3a724189&fit=true'
	at com.kms.katalon.core.webui.keyword.internal.WebUIKeywordMain.stepFailed(WebUIKeywordMain.groovy:64)
	at com.kms.katalon.core.webui.keyword.internal.WebUIKeywordMain.runKeyword(WebUIKeywordMain.groovy:26)
	at com.kms.katalon.core.webui.keyword.builtin.NavigateToUrlKeyword.navigateToUrl(NavigateToUrlKeyword.groovy:83)
	at com.kms.katalon.core.webui.keyword.builtin.NavigateToUrlKeyword.execute(NavigateToUrlKeyword.groovy:67)
	at com.kms.katalon.core.keyword.internal.KeywordExecutor.executeKeywordForPlatform(KeywordExecutor.groovy:74)
	at com.kms.katalon.core.webui.keyword.WebUiBuiltInKeywords.navigateToUrl(WebUiBuiltInKeywords.groovy:187)
	at Блок руководителя сверка дашбордов под разными учётками.CheckPageDownload(Блок руководителя сверка дашбордов под разными учётками:156)
	at Блок руководителя сверка дашбордов под разными учётками.PrognozPoOtraslyam(Блок руководителя сверка дашбордов под разными учётками:1592)
	at Блок руководителя сверка дашбордов под разными учётками.run(Блок руководителя сверка дашбордов под разными учётками:112)
	at com.kms.katalon.core.main.ScriptEngine.run(ScriptEngine.java:194)
	at com.kms.katalon.core.main.ScriptEngine.runScriptAsRawText(ScriptEngine.java:119)
	at com.kms.katalon.core.main.TestCaseExecutor.runScript(TestCaseExecutor.java:448)
	at com.kms.katalon.core.main.TestCaseExecutor.doExecute(TestCaseExecutor.java:439)
	at com.kms.katalon.core.main.TestCaseExecutor.processExecutionPhase(TestCaseExecutor.java:418)
	at com.kms.katalon.core.main.TestCaseExecutor.accessMainPhase(TestCaseExecutor.java:410)
	at com.kms.katalon.core.main.TestCaseExecutor.execute(TestCaseExecutor.java:285)
	at com.kms.katalon.core.common.CommonExecutor.accessTestCaseMainPhase(CommonExecutor.java:65)
	at com.kms.katalon.core.main.TestSuiteExecutor.accessTestSuiteMainPhase(TestSuiteExecutor.java:150)
	at com.kms.katalon.core.main.TestSuiteExecutor.execute(TestSuiteExecutor.java:106)
	at com.kms.katalon.core.main.TestCaseMain.startTestSuite(TestCaseMain.java:180)
	at TempTestSuite1731310890476.run(TempTestSuite1731310890476.groovy:35)
	at java.base/jdk.internal.reflect.NativeMethodAccessorImpl.invoke0(Native Method)
	at java.base/jdk.internal.reflect.NativeMethodAccessorImpl.invoke(NativeMethodAccessorImpl.java:77)
	at java.base/jdk.internal.reflect.DelegatingMethodAccessorImpl.invoke(DelegatingMethodAccessorImpl.java:43)
Caused by: org.openqa.selenium.TimeoutException: timeout: Timed out receiving message from renderer: -0.006
  (Session info: chrome=130.0.6723.117)
Build info: version: '3.141.59', revision: 'unknown', time: 'unknown'
System info: host: 'UVV-WS904-D', ip: '192.168.0.19', os.name: 'Windows 10', os.arch: 'amd64', os.version: '10.0', java.version: '17.0.7'
Driver info: com.kms.katalon.selenium.driver.CChromeDriver
Capabilities {acceptInsecureCerts: false, browserName: chrome, browserVersion: 130.0.6723.117, chrome: {chromedriverVersion: 129.0.6668.58 (81a06fb873a9..., userDataDir: C:\Users\LIAZGI~1\AppData\L...}, fedcm:accounts: true, goog:chromeOptions: {debuggerAddress: localhost:50359}, javascriptEnabled: true, networkConnectionEnabled: false, pageLoadStrategy: normal, platform: WINDOWS, platformName: WINDOWS, proxy: Proxy(), setWindowRect: true, strictFileInteractability: false, timeouts: {implicit: 0, pageLoad: 300000, script: 30000}, unhandledPromptBehavior: dismiss and notify, webauthn:extension:credBlob: true, webauthn:extension:largeBlob: true, webauthn:extension:minPinLength: true, webauthn:extension:prf: true, webauthn:virtualAuthenticators: true}
Session ID: 049db98dbd24e5af003f66ead36e7b52
	at java.base/jdk.internal.reflect.NativeConstructorAccessorImpl.newInstance0(Native Method)
	at java.base/jdk.internal.reflect.NativeConstructorAccessorImpl.newInstance(NativeConstructorAccessorImpl.java:77)
	at java.base/jdk.internal.reflect.DelegatingConstructorAccessorImpl.newInstance(DelegatingConstructorAccessorImpl.java:45)
	at org.openqa.selenium.remote.http.W3CHttpResponseCodec.createException(W3CHttpResponseCodec.java:187)
	at org.openqa.selenium.remote.http.W3CHttpResponseCodec.decode(W3CHttpResponseCodec.java:122)
	at org.openqa.selenium.remote.http.W3CHttpResponseCodec.decode(W3CHttpResponseCodec.java:49)
	at org.openqa.selenium.remote.HttpCommandExecutor.execute(HttpCommandExecutor.java:158)
	at org.openqa.selenium.remote.service.DriverCommandExecutor.execute(DriverCommandExecutor.java:83)
	at org.openqa.selenium.remote.RemoteWebDriver.execute(RemoteWebDriver.java:552)
	at com.kms.katalon.selenium.driver.CChromeDriver.execute(CChromeDriver.java:19)
	at org.openqa.selenium.remote.RemoteWebDriver.get(RemoteWebDriver.java:277)
	at org.openqa.selenium.remote.RemoteWebDriver$RemoteNavigation.to(RemoteWebDriver.java:857)
	at org.openqa.selenium.support.events.EventFiringWebDriver$EventFiringNavigation.to(EventFiringWebDriver.java:569)
	at com.kms.katalon.core.webui.keyword.builtin.NavigateToUrlKeyword$_navigateToUrl_closure1.doCall(NavigateToUrlKeyword.groovy:81)
	at com.kms.katalon.core.webui.keyword.builtin.NavigateToUrlKeyword$_navigateToUrl_closure1.call(NavigateToUrlKeyword.groovy)
	at com.kms.katalon.core.webui.keyword.internal.WebUIKeywordMain.runKeyword(WebUIKeywordMain.groovy:20)
	at com.kms.katalon.core.webui.keyword.builtin.NavigateToUrlKeyword.navigateToUrl(NavigateToUrlKeyword.groovy:83)
	at com.kms.katalon.core.webui.keyword.builtin.NavigateToUrlKeyword.execute(NavigateToUrlKeyword.groovy:67)
	at com.kms.katalon.core.keyword.internal.KeywordExecutor.executeKeywordForPlatform(KeywordExecutor.groovy:74)
	at com.kms.katalon.core.webui.keyword.WebUiBuiltInKeywords.navigateToUrl(WebUiBuiltInKeywords.groovy:187)
	at Script1686231490255.CheckPageDownload(Script1686231490255.groovy:156)
	at Script1686231490255.PrognozPoOtraslyam(Script1686231490255.groovy:1592)
	at Script1686231490255.run(Script1686231490255.groovy:112)
	... 15 more
)

11-11-2024T14:48:42 - [MESSAGE][FAILED] - Unable to navigate to 'https://bi.rosseti.digital/viewer?dashboardGuid=d6acb5b1a7114a9791b34de39263106e&sheetGuid=0b6d261d7f7b4424a967aa8f3a724189&fit=true' (Root cause: com.kms.katalon.core.exception.StepFailedException: Unable to navigate to 'https://bi.rosseti.digital/viewer?dashboardGuid=d6acb5b1a7114a9791b34de39263106e&sheetGuid=0b6d261d7f7b4424a967aa8f3a724189&fit=true'
	at com.kms.katalon.core.webui.keyword.internal.WebUIKeywordMain.stepFailed(WebUIKeywordMain.groovy:64)
	at com.kms.katalon.core.webui.keyword.internal.WebUIKeywordMain.runKeyword(WebUIKeywordMain.groovy:26)
	at com.kms.katalon.core.webui.keyword.builtin.NavigateToUrlKeyword.navigateToUrl(NavigateToUrlKeyword.groovy:83)
	at com.kms.katalon.core.webui.keyword.builtin.NavigateToUrlKeyword.execute(NavigateToUrlKeyword.groovy:67)
	at com.kms.katalon.core.keyword.internal.KeywordExecutor.executeKeywordForPlatform(KeywordExecutor.groovy:74)
	at com.kms.katalon.core.webui.keyword.WebUiBuiltInKeywords.navigateToUrl(WebUiBuiltInKeywords.groovy:187)
	at Блок руководителя сверка дашбордов под разными учётками.CheckPageDownload(Блок руководителя сверка дашбордов под разными учётками:156)
	at Блок руководителя сверка дашбордов под разными учётками.PrognozPoOtraslyam(Блок руководителя сверка дашбордов под разными учётками:1592)
	at Блок руководителя сверка дашбордов под разными учётками.run(Блок руководителя сверка дашбордов под разными учётками:112)
	at com.kms.katalon.core.main.ScriptEngine.run(ScriptEngine.java:194)
	at com.kms.katalon.core.main.ScriptEngine.runScriptAsRawText(ScriptEngine.java:119)
	at com.kms.katalon.core.main.TestCaseExecutor.runScript(TestCaseExecutor.java:448)
	at com.kms.katalon.core.main.TestCaseExecutor.doExecute(TestCaseExecutor.java:439)
	at com.kms.katalon.core.main.TestCaseExecutor.processExecutionPhase(TestCaseExecutor.java:418)
	at com.kms.katalon.core.main.TestCaseExecutor.accessMainPhase(TestCaseExecutor.java:410)
	at com.kms.katalon.core.main.TestCaseExecutor.execute(TestCaseExecutor.java:285)
	at com.kms.katalon.core.common.CommonExecutor.accessTestCaseMainPhase(CommonExecutor.java:65)
	at com.kms.katalon.core.main.TestSuiteExecutor.accessTestSuiteMainPhase(TestSuiteExecutor.java:150)
	at com.kms.katalon.core.main.TestSuiteExecutor.execute(TestSuiteExecutor.java:106)
	at com.kms.katalon.core.main.TestCaseMain.startTestSuite(TestCaseMain.java:180)
	at TempTestSuite1731310890476.run(TempTestSuite1731310890476.groovy:35)
	at java.base/jdk.internal.reflect.NativeMethodAccessorImpl.invoke0(Native Method)
	at java.base/jdk.internal.reflect.NativeMethodAccessorImpl.invoke(NativeMethodAccessorImpl.java:77)
	at java.base/jdk.internal.reflect.DelegatingMethodAccessorImpl.invoke(DelegatingMethodAccessorImpl.java:43)
Caused by: org.openqa.selenium.TimeoutException: timeout: Timed out receiving message from renderer: -0.006
  (Session info: chrome=130.0.6723.117)
Build info: version: '3.141.59', revision: 'unknown', time: 'unknown'
System info: host: 'UVV-WS904-D', ip: '192.168.0.19', os.name: 'Windows 10', os.arch: 'amd64', os.version: '10.0', java.version: '17.0.7'
Driver info: com.kms.katalon.selenium.driver.CChromeDriver
Capabilities {acceptInsecureCerts: false, browserName: chrome, browserVersion: 130.0.6723.117, chrome: {chromedriverVersion: 129.0.6668.58 (81a06fb873a9..., userDataDir: C:\Users\LIAZGI~1\AppData\L...}, fedcm:accounts: true, goog:chromeOptions: {debuggerAddress: localhost:50359}, javascriptEnabled: true, networkConnectionEnabled: false, pageLoadStrategy: normal, platform: WINDOWS, platformName: WINDOWS, proxy: Proxy(), setWindowRect: true, strictFileInteractability: false, timeouts: {implicit: 0, pageLoad: 300000, script: 30000}, unhandledPromptBehavior: dismiss and notify, webauthn:extension:credBlob: true, webauthn:extension:largeBlob: true, webauthn:extension:minPinLength: true, webauthn:extension:prf: true, webauthn:virtualAuthenticators: true}
Session ID: 049db98dbd24e5af003f66ead36e7b52
	at java.base/jdk.internal.reflect.NativeConstructorAccessorImpl.newInstance0(Native Method)
	at java.base/jdk.internal.reflect.NativeConstructorAccessorImpl.newInstance(NativeConstructorAccessorImpl.java:77)
	at java.base/jdk.internal.reflect.DelegatingConstructorAccessorImpl.newInstance(DelegatingConstructorAccessorImpl.java:45)
	at org.openqa.selenium.remote.http.W3CHttpResponseCodec.createException(W3CHttpResponseCodec.java:187)
	at org.openqa.selenium.remote.http.W3CHttpResponseCodec.decode(W3CHttpResponseCodec.java:122)
	at org.openqa.selenium.remote.http.W3CHttpResponseCodec.decode(W3CHttpResponseCodec.java:49)
	at org.openqa.selenium.remote.HttpCommandExecutor.execute(HttpCommandExecutor.java:158)
	at org.openqa.selenium.remote.service.DriverCommandExecutor.execute(DriverCommandExecutor.java:83)
	at org.openqa.selenium.remote.RemoteWebDriver.execute(RemoteWebDriver.java:552)
	at com.kms.katalon.selenium.driver.CChromeDriver.execute(CChromeDriver.java:19)
	at org.openqa.selenium.remote.RemoteWebDriver.get(RemoteWebDriver.java:277)
	at org.openqa.selenium.remote.RemoteWebDriver$RemoteNavigation.to(RemoteWebDriver.java:857)
	at org.openqa.selenium.support.events.EventFiringWebDriver$EventFiringNavigation.to(EventFiringWebDriver.java:569)
	at com.kms.katalon.core.webui.keyword.builtin.NavigateToUrlKeyword$_navigateToUrl_closure1.doCall(NavigateToUrlKeyword.groovy:81)
	at com.kms.katalon.core.webui.keyword.builtin.NavigateToUrlKeyword$_navigateToUrl_closure1.call(NavigateToUrlKeyword.groovy)
	at com.kms.katalon.core.webui.keyword.internal.WebUIKeywordMain.runKeyword(WebUIKeywordMain.groovy:20)
	at com.kms.katalon.core.webui.keyword.builtin.NavigateToUrlKeyword.navigateToUrl(NavigateToUrlKeyword.groovy:83)
	at com.kms.katalon.core.webui.keyword.builtin.NavigateToUrlKeyword.execute(NavigateToUrlKeyword.groovy:67)
	at com.kms.katalon.core.keyword.internal.KeywordExecutor.executeKeywordForPlatform(KeywordExecutor.groovy:74)
	at com.kms.katalon.core.webui.keyword.WebUiBuiltInKeywords.navigateToUrl(WebUiBuiltInKeywords.groovy:187)
	at Script1686231490255.CheckPageDownload(Script1686231490255.groovy:156)
	at Script1686231490255.PrognozPoOtraslyam(Script1686231490255.groovy:1592)
	at Script1686231490255.run(Script1686231490255.groovy:112)
	... 15 more
)
[[ATTACHMENT|C:\\Users\\LIAZGINA-DI\\git\\SPORU\\Reports\\20241111_104130\\\u041F\u043D-\u0421\u0440-\u041F\u0442\\\u0411\u043B\u043E\u043A \u0440\u0443\u043A\u043E\u0432\u043E\u0434\u0438\u0442\u0435\u043B\u044F \u043F\u043E\u0434 \u0440\u0430\u0437\u043D\u044B\u043C\u0438 \u0443\u0447\u0451\u0442\u043A\u0430\u043C\u0438\\20241111_104130\\1731325722922.png]]

11-11-2024T14:48:43 - [TEST_STEP][PASSED] - delay(65): Delayed 65 second(s)

11-11-2024T14:49:48 - [MESSAGE][PASSED] - Delayed 65 second(s)

11-11-2024T14:49:48 - [TEST_STEP][PASSED] - urlText = getText(findTestObject("Страница авторизации/Text")): Text of object 'Object Repository/Страница авторизации/Text' is: 'Вход'

11-11-2024T14:49:48 - [MESSAGE][PASSED] - Text of object 'Object Repository/Страница авторизации/Text' is: 'Вход'

11-11-2024T14:49:48 - [TEST_STEP][PASSED] - i = i + 1: null

11-11-2024T14:49:48 - [TEST_STEP][PASSED] - refresh(): Refresh successfully

11-11-2024T14:49:49 - [MESSAGE][PASSED] - Refresh successfully

11-11-2024T14:49:49 - [TEST_STEP][PASSED] - delay(65): Delayed 65 second(s)

11-11-2024T14:50:54 - [MESSAGE][PASSED] - Delayed 65 second(s)

11-11-2024T14:50:54 - [TEST_STEP][PASSED] - navigateToUrl(findTestData("PlanFact").getValue(10, urlData)): Navigate to 'https://bi.rosseti.digital/viewer?dashboardGuid=d6acb5b1a7114a9791b34de39263106e&sheetGuid=0b6d261d7f7b4424a967aa8f3a724189&fit=true' successfully

11-11-2024T14:50:55 - [MESSAGE][PASSED] - Navigate to 'https://bi.rosseti.digital/viewer?dashboardGuid=d6acb5b1a7114a9791b34de39263106e&sheetGuid=0b6d261d7f7b4424a967aa8f3a724189&fit=true' successfully

11-11-2024T14:50:55 - [TEST_STEP][PASSED] - delay(65): Delayed 65 second(s)

11-11-2024T14:52:00 - [MESSAGE][PASSED] - Delayed 65 second(s)

11-11-2024T14:52:00 - [TEST_STEP][PASSED] - urlText = getText(findTestObject("Страница авторизации/Text")): Text of object 'Object Repository/Страница авторизации/Text' is: 'Вход'

11-11-2024T14:52:00 - [MESSAGE][PASSED] - Text of object 'Object Repository/Страница авторизации/Text' is: 'Вход'

11-11-2024T14:52:00 - [TEST_STEP][PASSED] - i = i + 1: null

11-11-2024T14:52:00 - [TEST_STEP][PASSED] - refresh(): Refresh successfully

11-11-2024T14:52:01 - [MESSAGE][PASSED] - Refresh successfully

11-11-2024T14:52:01 - [TEST_STEP][PASSED] - delay(65): Delayed 65 second(s)

11-11-2024T14:53:06 - [MESSAGE][PASSED] - Delayed 65 second(s)

11-11-2024T14:53:06 - [TEST_STEP][PASSED] - navigateToUrl(findTestData("PlanFact").getValue(10, urlData)): Navigate to 'https://bi.rosseti.digital/viewer?dashboardGuid=d6acb5b1a7114a9791b34de39263106e&sheetGuid=0b6d261d7f7b4424a967aa8f3a724189&fit=true' successfully

11-11-2024T14:53:07 - [MESSAGE][PASSED] - Navigate to 'https://bi.rosseti.digital/viewer?dashboardGuid=d6acb5b1a7114a9791b34de39263106e&sheetGuid=0b6d261d7f7b4424a967aa8f3a724189&fit=true' successfully

11-11-2024T14:53:07 - [TEST_STEP][PASSED] - delay(65): Delayed 65 second(s)

11-11-2024T14:54:12 - [MESSAGE][PASSED] - Delayed 65 second(s)

11-11-2024T14:54:12 - [TEST_STEP][PASSED] - urlText = getText(findTestObject("Страница авторизации/Text")): Text of object 'Object Repository/Страница авторизации/Text' is: 'Вход'

11-11-2024T14:54:12 - [MESSAGE][PASSED] - Text of object 'Object Repository/Страница авторизации/Text' is: 'Вход'

11-11-2024T14:54:12 - [TEST_STEP][PASSED] - setText(findTestObject("Страница авторизации/input__username"), findTestData("PlanFact").getValue(8, run)): Text 'liazgina-di' is set on object 'Object Repository/Страница авторизации/input__username'

11-11-2024T14:54:13 - [MESSAGE][PASSED] - Text 'liazgina-di' is set on object 'Object Repository/Страница авторизации/input__username'

11-11-2024T14:54:13 - [TEST_STEP][PASSED] - setText(findTestObject("Страница авторизации/input__password"), findTestData("PlanFact").getValue(9, run)): Text ')$%5srZ8o688Dm#q' is set on object 'Object Repository/Страница авторизации/input__password'

11-11-2024T14:54:14 - [MESSAGE][PASSED] - Text ')$%5srZ8o688Dm#q' is set on object 'Object Repository/Страница авторизации/input__password'

11-11-2024T14:54:14 - [TEST_STEP][PASSED] - click(findTestObject("Страница авторизации/button_")): Object: 'Object Repository/Страница авторизации/button_' is clicked on

11-11-2024T14:54:17 - [MESSAGE][PASSED] - Object: 'Object Repository/Страница авторизации/button_' is clicked on

11-11-2024T14:54:17 - [TEST_STEP][PASSED] - delay(65): Delayed 65 second(s)

11-11-2024T14:55:22 - [MESSAGE][PASSED] - Delayed 65 second(s)

11-11-2024T14:55:22 - [TEST_STEP][PASSED] - searchWord = "а": null

11-11-2024T14:55:22 - [TEST_STEP][PASSED] - pageLoaded2 = verifyElementPresent(findTestObject("Страница авторизации/Text"), 50): Object 'Object Repository/Страница авторизации/Text' is present

11-11-2024T14:55:52 - [MESSAGE][PASSED] - Object 'Object Repository/Страница авторизации/Text' is present

11-11-2024T14:55:52 - [TEST_STEP][PASSED] - if (pageLoaded2 == false): null

11-11-2024T14:55:52 - [TEST_STEP][PASSED] - urlText = getText(findTestObject("Страница авторизации/Text")): Text of object 'Object Repository/Страница авторизации/Text' is: 'Год 
2023 год
Сравнение с 
Динамика электропотребления, млрд. кВт.ч. по ПАО Россети на 2023 год
10 10
190 190
36 36
14 14
9 9
14 14
4 4
17 17
80 80
19 19
82 82
588 588
10 10
197 197
37 37
48 48
10 10
15 15
4 4
18 18
80 80
19 19
82 82
608 608
План
Ожидаемое (прогноз по конца года)
Интер РАО (дляФСК)
Промышленныепотребители
Транспорт
Нефтедобыча
Нефтепереработка
Нефтепроводы
Газопроводы
Сельскоехозяйство ипищеваяпромышленность
Непромышленныепотребители
Государственные(муниципальные)организации ипрочиебюджетныепотребители
Население иприравненныегруппыпотребителей
Территориальныесетевыеорганизации
Выручка по ПАО Россети на 2023 год
5 5
319 319
81 81
16 16
16 16
20 20
2 2
56 56
215 215
67 67
218 218
239 239
6 6
331 331
82 82
77 77
20 20
20 20
3 3
57 57
220 220
68 68
214 214
258 258
План
Ожидаемое (прогноз по конца года)
Интер РАО (дляФСК)
Промышленныепотребители
Транспорт
Нефтедобыча
Нефтепереработка
Нефтепроводы
Газопроводы
Сельскоехозяйство ипищеваяпромышленность
Непромышленныепотребители
Государственные(муниципальные)организации ипрочиебюджетныепотребители
Население иприравненныегруппыпотребителей
Территориальныесетевыеорганизации
Отклонения по ПАО Россети на 2023 год
-4.7% -4.7%
3.8% 3.8%
1.9% 1.9%
230.3% 230.3%
10.9% 10.9%
4.2% 4.2%
21.7% 21.7%
3.9% 3.9%
-0.6% -0.6%
1.6% 1.6%
-1.0% -1.0%
3.3% 3.3%
⬤ Отклонение, %
Интер РАО (для ФСК)
Промышленные потребители
Транспорт
Нефтедобыча
Нефтепереработка
Нефтепроводы
Газопроводы
Сельское хозяйство и пищевая пр…
Непромышленные потребители
Государственные (муниципальные…
Население и приравненные групп…
Территориальные сетевые органи…
Выручка отклонения по ПАО Россети на 2023 год
15.6% 15.6%
3.8% 3.8%
1.2% 1.2%
398.2% 398.2%
26.9% 26.9%
-0.6% -0.6%
26.9% 26.9%
1.5% 1.5%
2.7% 2.7%
2.0% 2.0%
-2.0% -2.0%
7.9% 7.9%
⬤ Отклонение, %
Интер РАО (для ФСК)
Промышленные потребители
Транспорт
Нефтедобыча
Нефтепереработка
Нефтепроводы
Газопроводы
Сельское хозяйство и пищевая пр…
Непромышленные потребители
Государственные (муниципальные…
Население и приравненные групп…
Территориальные сетевые органи…
абс.
%
Прогноз на месяц 
Ноябрь
КПО/Отпуск из сети 
Отпуск из сети, млн. кВт.ч
Организация 
Все
Прогноз электропотребления и выручки за услуги по передаче в разрезе отраслей'

11-11-2024T14:56:23 - [MESSAGE][PASSED] - Text of object 'Object Repository/Страница авторизации/Text' is: 'Год 
2023 год
Сравнение с 
Динамика электропотребления, млрд. кВт.ч. по ПАО Россети на 2023 год
10 10
190 190
36 36
14 14
9 9
14 14
4 4
17 17
80 80
19 19
82 82
588 588
10 10
197 197
37 37
48 48
10 10
15 15
4 4
18 18
80 80
19 19
82 82
608 608
План
Ожидаемое (прогноз по конца года)
Интер РАО (дляФСК)
Промышленныепотребители
Транспорт
Нефтедобыча
Нефтепереработка
Нефтепроводы
Газопроводы
Сельскоехозяйство ипищеваяпромышленность
Непромышленныепотребители
Государственные(муниципальные)организации ипрочиебюджетныепотребители
Население иприравненныегруппыпотребителей
Территориальныесетевыеорганизации
Выручка по ПАО Россети на 2023 год
5 5
319 319
81 81
16 16
16 16
20 20
2 2
56 56
215 215
67 67
218 218
239 239
6 6
331 331
82 82
77 77
20 20
20 20
3 3
57 57
220 220
68 68
214 214
258 258
План
Ожидаемое (прогноз по конца года)
Интер РАО (дляФСК)
Промышленныепотребители
Транспорт
Нефтедобыча
Нефтепереработка
Нефтепроводы
Газопроводы
Сельскоехозяйство ипищеваяпромышленность
Непромышленныепотребители
Государственные(муниципальные)организации ипрочиебюджетныепотребители
Население иприравненныегруппыпотребителей
Территориальныесетевыеорганизации
Отклонения по ПАО Россети на 2023 год
-4.7% -4.7%
3.8% 3.8%
1.9% 1.9%
230.3% 230.3%
10.9% 10.9%
4.2% 4.2%
21.7% 21.7%
3.9% 3.9%
-0.6% -0.6%
1.6% 1.6%
-1.0% -1.0%
3.3% 3.3%
⬤ Отклонение, %
Интер РАО (для ФСК)
Промышленные потребители
Транспорт
Нефтедобыча
Нефтепереработка
Нефтепроводы
Газопроводы
Сельское хозяйство и пищевая пр…
Непромышленные потребители
Государственные (муниципальные…
Население и приравненные групп…
Территориальные сетевые органи…
Выручка отклонения по ПАО Россети на 2023 год
15.6% 15.6%
3.8% 3.8%
1.2% 1.2%
398.2% 398.2%
26.9% 26.9%
-0.6% -0.6%
26.9% 26.9%
1.5% 1.5%
2.7% 2.7%
2.0% 2.0%
-2.0% -2.0%
7.9% 7.9%
⬤ Отклонение, %
Интер РАО (для ФСК)
Промышленные потребители
Транспорт
Нефтедобыча
Нефтепереработка
Нефтепроводы
Газопроводы
Сельское хозяйство и пищевая пр…
Непромышленные потребители
Государственные (муниципальные…
Население и приравненные групп…
Территориальные сетевые органи…
абс.
%
Прогноз на месяц 
Ноябрь
КПО/Отпуск из сети 
Отпуск из сети, млн. кВт.ч
Организация 
Все
Прогноз электропотребления и выручки за услуги по передаче в разрезе отраслей'

11-11-2024T14:56:23 - [TEST_STEP][PASSED] - if (urlText.contains("ошибка") || urlText.contains(searchWord) == false): null

11-11-2024T14:56:23 - [TEST_STEP][PASSED] - a3 = "": null

11-11-2024T14:56:23 - [TEST_STEP][PASSED] - a4 = "": null

11-11-2024T14:56:23 - [TEST_STEP][PASSED] - a5 = "": null

11-11-2024T14:56:23 - [TEST_STEP][PASSED] - a6 = "": null

11-11-2024T14:56:23 - [TEST_STEP][PASSED] - a7 = "": null

11-11-2024T14:56:23 - [TEST_STEP][PASSED] - a8 = "": null

11-11-2024T14:56:23 - [TEST_STEP][PASSED] - a9 = "": null

11-11-2024T14:56:23 - [TEST_STEP][PASSED] - if (run == 1): null

11-11-2024T14:56:23 - [TEST_STEP][PASSED] - user = "админ": null

11-11-2024T14:56:23 - [TEST_STEP][PASSED] - a1 = getText(findTestObject("Прогноз по отраслям/Виджеты дашборда")): Text of object 'Object Repository/Прогноз по отраслям/Виджеты дашборда' is: 'Год 
2023 год
Сравнение с 
Динамика электропотребления, млрд. кВт.ч. по ПАО Россети на 2023 год
10 10
190 190
36 36
14 14
9 9
14 14
4 4
17 17
80 80
19 19
82 82
588 588
10 10
197 197
37 37
48 48
10 10
15 15
4 4
18 18
80 80
19 19
82 82
608 608
План
Ожидаемое (прогноз по конца года)
Интер РАО (дляФСК)
Промышленныепотребители
Транспорт
Нефтедобыча
Нефтепереработка
Нефтепроводы
Газопроводы
Сельскоехозяйство ипищеваяпромышленность
Непромышленныепотребители
Государственные(муниципальные)организации ипрочиебюджетныепотребители
Население иприравненныегруппыпотребителей
Территориальныесетевыеорганизации
Выручка по ПАО Россети на 2023 год
5 5
319 319
81 81
16 16
16 16
20 20
2 2
56 56
215 215
67 67
218 218
239 239
6 6
331 331
82 82
77 77
20 20
20 20
3 3
57 57
220 220
68 68
214 214
258 258
План
Ожидаемое (прогноз по конца года)
Интер РАО (дляФСК)
Промышленныепотребители
Транспорт
Нефтедобыча
Нефтепереработка
Нефтепроводы
Газопроводы
Сельскоехозяйство ипищеваяпромышленность
Непромышленныепотребители
Государственные(муниципальные)организации ипрочиебюджетныепотребители
Население иприравненныегруппыпотребителей
Территориальныесетевыеорганизации
Отклонения по ПАО Россети на 2023 год
-4.7% -4.7%
3.8% 3.8%
1.9% 1.9%
230.3% 230.3%
10.9% 10.9%
4.2% 4.2%
21.7% 21.7%
3.9% 3.9%
-0.6% -0.6%
1.6% 1.6%
-1.0% -1.0%
3.3% 3.3%
⬤ Отклонение, %
Интер РАО (для ФСК)
Промышленные потребители
Транспорт
Нефтедобыча
Нефтепереработка
Нефтепроводы
Газопроводы
Сельское хозяйство и пищевая пр…
Непромышленные потребители
Государственные (муниципальные…
Население и приравненные групп…
Территориальные сетевые органи…
Выручка отклонения по ПАО Россети на 2023 год
15.6% 15.6%
3.8% 3.8%
1.2% 1.2%
398.2% 398.2%
26.9% 26.9%
-0.6% -0.6%
26.9% 26.9%
1.5% 1.5%
2.7% 2.7%
2.0% 2.0%
-2.0% -2.0%
7.9% 7.9%
⬤ Отклонение, %
Интер РАО (для ФСК)
Промышленные потребители
Транспорт
Нефтедобыча
Нефтепереработка
Нефтепроводы
Газопроводы
Сельское хозяйство и пищевая пр…
Непромышленные потребители
Государственные (муниципальные…
Население и приравненные групп…
Территориальные сетевые органи…
абс.
%
Прогноз на месяц 
Ноябрь
КПО/Отпуск из сети 
Отпуск из сети, млн. кВт.ч
Организация 
Все
Прогноз электропотребления и выручки за услуги по передаче в разрезе отраслей'

11-11-2024T14:56:53 - [MESSAGE][PASSED] - Text of object 'Object Repository/Прогноз по отраслям/Виджеты дашборда' is: 'Год 
2023 год
Сравнение с 
Динамика электропотребления, млрд. кВт.ч. по ПАО Россети на 2023 год
10 10
190 190
36 36
14 14
9 9
14 14
4 4
17 17
80 80
19 19
82 82
588 588
10 10
197 197
37 37
48 48
10 10
15 15
4 4
18 18
80 80
19 19
82 82
608 608
План
Ожидаемое (прогноз по конца года)
Интер РАО (дляФСК)
Промышленныепотребители
Транспорт
Нефтедобыча
Нефтепереработка
Нефтепроводы
Газопроводы
Сельскоехозяйство ипищеваяпромышленность
Непромышленныепотребители
Государственные(муниципальные)организации ипрочиебюджетныепотребители
Население иприравненныегруппыпотребителей
Территориальныесетевыеорганизации
Выручка по ПАО Россети на 2023 год
5 5
319 319
81 81
16 16
16 16
20 20
2 2
56 56
215 215
67 67
218 218
239 239
6 6
331 331
82 82
77 77
20 20
20 20
3 3
57 57
220 220
68 68
214 214
258 258
План
Ожидаемое (прогноз по конца года)
Интер РАО (дляФСК)
Промышленныепотребители
Транспорт
Нефтедобыча
Нефтепереработка
Нефтепроводы
Газопроводы
Сельскоехозяйство ипищеваяпромышленность
Непромышленныепотребители
Государственные(муниципальные)организации ипрочиебюджетныепотребители
Население иприравненныегруппыпотребителей
Территориальныесетевыеорганизации
Отклонения по ПАО Россети на 2023 год
-4.7% -4.7%
3.8% 3.8%
1.9% 1.9%
230.3% 230.3%
10.9% 10.9%
4.2% 4.2%
21.7% 21.7%
3.9% 3.9%
-0.6% -0.6%
1.6% 1.6%
-1.0% -1.0%
3.3% 3.3%
⬤ Отклонение, %
Интер РАО (для ФСК)
Промышленные потребители
Транспорт
Нефтедобыча
Нефтепереработка
Нефтепроводы
Газопроводы
Сельское хозяйство и пищевая пр…
Непромышленные потребители
Государственные (муниципальные…
Население и приравненные групп…
Территориальные сетевые органи…
Выручка отклонения по ПАО Россети на 2023 год
15.6% 15.6%
3.8% 3.8%
1.2% 1.2%
398.2% 398.2%
26.9% 26.9%
-0.6% -0.6%
26.9% 26.9%
1.5% 1.5%
2.7% 2.7%
2.0% 2.0%
-2.0% -2.0%
7.9% 7.9%
⬤ Отклонение, %
Интер РАО (для ФСК)
Промышленные потребители
Транспорт
Нефтедобыча
Нефтепереработка
Нефтепроводы
Газопроводы
Сельское хозяйство и пищевая пр…
Непромышленные потребители
Государственные (муниципальные…
Население и приравненные групп…
Территориальные сетевые органи…
абс.
%
Прогноз на месяц 
Ноябрь
КПО/Отпуск из сети 
Отпуск из сети, млн. кВт.ч
Организация 
Все
Прогноз электропотребления и выручки за услуги по передаче в разрезе отраслей'

11-11-2024T14:56:53 - [TEST_STEP][PASSED] - click(findTestObject("Прогноз по отраслям/Переключить отображение с процентов на абс Блок руководителя")): Object: 'Object Repository/Прогноз по отраслям/Переключить отображение с процентов на абс Блок руководителя' is clicked on

11-11-2024T14:57:23 - [MESSAGE][PASSED] - Object: 'Object Repository/Прогноз по отраслям/Переключить отображение с процентов на абс Блок руководителя' is clicked on

11-11-2024T14:57:23 - [TEST_STEP][PASSED] - a2 = getText(findTestObject("Прогноз по отраслям/Виджеты дашборда")): Text of object 'Object Repository/Прогноз по отраслям/Виджеты дашборда' is: 'Год 
2023 год
Сравнение с 
Отклонения по ПАО Россети на 2023 год
-492.2 -492.2
7 165.1 7 165.1
689.3 689.3
33 271.7 33 271.7
986.4 986.4
593.8 593.8
764.0 764.0
670.4 670.4
-592.4 -592.4
308.8 308.8
-940.9 -940.9
19 604.1 19 604.1
⬤ Отклонение, млн. кВт.ч
Интер РАО (для ФСК)
Промышленные потребители
Транспорт
Нефтедобыча
Нефтепереработка
Нефтепроводы
Газопроводы
Сельское хозяйство и пищевая пр…
Непромышленные потребители
Государственные (муниципальные…
Население и приравненные групп…
Территориальные сетевые органи…
Выручка отклонения по ПАО Россети на 2023 год
794.9 794.9
12 195.0 12 195.0
972.7 972.7
61 803.9 61 803.9
4 222.3 4 222.3
-121.8 -121.8
666.2 666.2
873.2 873.2
5 809.6 5 809.6
1 342.6 1 342.6
-4 463.2 -4 463.2
18 375.5 18 375.5
⬤ Отклонение, млн. руб.
Интер РАО (для ФСК)
Промышленные потребители
Транспорт
Нефтедобыча
Нефтепереработка
Нефтепроводы
Газопроводы
Сельское хозяйство и пищевая пр…
Непромышленные потребители
Государственные (муниципальные…
Население и приравненные групп…
Территориальные сетевые органи…
Динамика электропотребления, млрд. кВт.ч. по ПАО Россети на 2023 год
10 10
190 190
36 36
14 14
9 9
14 14
4 4
17 17
80 80
19 19
82 82
588 588
10 10
197 197
37 37
48 48
10 10
15 15
4 4
18 18
80 80
19 19
82 82
608 608
План
Ожидаемое (прогноз по конца года)
Интер РАО (дляФСК)
Промышленныепотребители
Транспорт
Нефтедобыча
Нефтепереработка
Нефтепроводы
Газопроводы
Сельскоехозяйство ипищеваяпромышленность
Непромышленныепотребители
Государственные(муниципальные)организации ипрочиебюджетныепотребители
Население иприравненныегруппыпотребителей
Территориальныесетевыеорганизации
Выручка по ПАО Россети на 2023 год
5 5
319 319
81 81
16 16
16 16
20 20
2 2
56 56
215 215
67 67
218 218
239 239
6 6
331 331
82 82
77 77
20 20
20 20
3 3
57 57
220 220
68 68
214 214
258 258
План
Ожидаемое (прогноз по конца года)
Интер РАО (дляФСК)
Промышленныепотребители
Транспорт
Нефтедобыча
Нефтепереработка
Нефтепроводы
Газопроводы
Сельскоехозяйство ипищеваяпромышленность
Непромышленныепотребители
Государственные(муниципальные)организации ипрочиебюджетныепотребители
Население иприравненныегруппыпотребителей
Территориальныесетевыеорганизации
абс.
%
Прогноз на месяц 
Ноябрь
КПО/Отпуск из сети 
Отпуск из сети, млн. кВт.ч
Организация 
Все
Прогноз электропотребления и выручки за услуги по передаче в разрезе отраслей'

11-11-2024T14:57:53 - [MESSAGE][PASSED] - Text of object 'Object Repository/Прогноз по отраслям/Виджеты дашборда' is: 'Год 
2023 год
Сравнение с 
Отклонения по ПАО Россети на 2023 год
-492.2 -492.2
7 165.1 7 165.1
689.3 689.3
33 271.7 33 271.7
986.4 986.4
593.8 593.8
764.0 764.0
670.4 670.4
-592.4 -592.4
308.8 308.8
-940.9 -940.9
19 604.1 19 604.1
⬤ Отклонение, млн. кВт.ч
Интер РАО (для ФСК)
Промышленные потребители
Транспорт
Нефтедобыча
Нефтепереработка
Нефтепроводы
Газопроводы
Сельское хозяйство и пищевая пр…
Непромышленные потребители
Государственные (муниципальные…
Население и приравненные групп…
Территориальные сетевые органи…
Выручка отклонения по ПАО Россети на 2023 год
794.9 794.9
12 195.0 12 195.0
972.7 972.7
61 803.9 61 803.9
4 222.3 4 222.3
-121.8 -121.8
666.2 666.2
873.2 873.2
5 809.6 5 809.6
1 342.6 1 342.6
-4 463.2 -4 463.2
18 375.5 18 375.5
⬤ Отклонение, млн. руб.
Интер РАО (для ФСК)
Промышленные потребители
Транспорт
Нефтедобыча
Нефтепереработка
Нефтепроводы
Газопроводы
Сельское хозяйство и пищевая пр…
Непромышленные потребители
Государственные (муниципальные…
Население и приравненные групп…
Территориальные сетевые органи…
Динамика электропотребления, млрд. кВт.ч. по ПАО Россети на 2023 год
10 10
190 190
36 36
14 14
9 9
14 14
4 4
17 17
80 80
19 19
82 82
588 588
10 10
197 197
37 37
48 48
10 10
15 15
4 4
18 18
80 80
19 19
82 82
608 608
План
Ожидаемое (прогноз по конца года)
Интер РАО (дляФСК)
Промышленныепотребители
Транспорт
Нефтедобыча
Нефтепереработка
Нефтепроводы
Газопроводы
Сельскоехозяйство ипищеваяпромышленность
Непромышленныепотребители
Государственные(муниципальные)организации ипрочиебюджетныепотребители
Население иприравненныегруппыпотребителей
Территориальныесетевыеорганизации
Выручка по ПАО Россети на 2023 год
5 5
319 319
81 81
16 16
16 16
20 20
2 2
56 56
215 215
67 67
218 218
239 239
6 6
331 331
82 82
77 77
20 20
20 20
3 3
57 57
220 220
68 68
214 214
258 258
План
Ожидаемое (прогноз по конца года)
Интер РАО (дляФСК)
Промышленныепотребители
Транспорт
Нефтедобыча
Нефтепереработка
Нефтепроводы
Газопроводы
Сельскоехозяйство ипищеваяпромышленность
Непромышленныепотребители
Государственные(муниципальные)организации ипрочиебюджетныепотребители
Население иприравненныегруппыпотребителей
Территориальныесетевыеорганизации
абс.
%
Прогноз на месяц 
Ноябрь
КПО/Отпуск из сети 
Отпуск из сети, млн. кВт.ч
Организация 
Все
Прогноз электропотребления и выручки за услуги по передаче в разрезе отраслей'

11-11-2024T14:57:53 - [TEST_STEP][PASSED] - click(findTestObject("Прогноз по отраслям/Переключить отображение с абс на проценты")): Object: 'Object Repository/Прогноз по отраслям/Переключить отображение с абс на проценты' is clicked on

11-11-2024T14:58:23 - [MESSAGE][PASSED] - Object: 'Object Repository/Прогноз по отраслям/Переключить отображение с абс на проценты' is clicked on

11-11-2024T14:58:23 - [TEST_STEP][PASSED] - i = a1.indexOf("млрд. кВт.ч."): null

11-11-2024T14:58:23 - [TEST_STEP][PASSED] - if (i > -1): null

11-11-2024T14:58:23 - [TEST_STEP][PASSED] - a1 = a1.substring(0, i) + a1.substring(i + 12, a1.length()): null

11-11-2024T14:58:24 - [TEST_STEP][PASSED] - i = a1.indexOf("Выручка"): null

11-11-2024T14:58:24 - [TEST_STEP][PASSED] - if (i > -1): null

11-11-2024T14:58:24 - [TEST_STEP][PASSED] - a1 = a1.substring(0, i) + a1.substring(i + 8, a1.length()): null

11-11-2024T14:58:24 - [TEST_STEP][PASSED] - i = a1.indexOf("по ПАО Россети на 2023 год"): null

11-11-2024T14:58:24 - [TEST_STEP][PASSED] - if (i > -1): null

11-11-2024T14:58:24 - [TEST_STEP][PASSED] - a1 = a1.substring(0, i) + a1.substring(i + 27, a1.length()): null

11-11-2024T14:58:24 - [TEST_STEP][PASSED] - i = a1.indexOf("по ПАО Россети на 2023 год"): null

11-11-2024T14:58:24 - [TEST_STEP][PASSED] - if (i > -1): null

11-11-2024T14:58:24 - [TEST_STEP][PASSED] - a1 = a1.substring(0, i) + a1.substring(i + 27, a1.length()): null

11-11-2024T14:58:24 - [TEST_STEP][PASSED] - i = a1.indexOf("по ПАО Россети на 2023 год"): null

11-11-2024T14:58:24 - [TEST_STEP][PASSED] - if (i > -1): null

11-11-2024T14:58:24 - [TEST_STEP][PASSED] - a1 = a1.substring(0, i) + a1.substring(i + 27, a1.length()): null

11-11-2024T14:58:24 - [TEST_STEP][PASSED] - i = a1.indexOf("Отклонения"): null

11-11-2024T14:58:24 - [TEST_STEP][PASSED] - if (i > -1): null

11-11-2024T14:58:24 - [TEST_STEP][PASSED] - a1 = a1.substring(0, i) + a1.substring(i + 11, a1.length()): null

11-11-2024T14:58:24 - [TEST_STEP][PASSED] - n = n + 33: null

11-11-2024T14:58:24 - [TEST_STEP][PASSED] - Script1686231490255.WriteToExcel(user, dashboardName, n, data, run, a1, a2, a3, a4, a5, a6, a7, a8, a9): null

11-11-2024T14:58:24 - [TEST_STEP][PASSED] - sheetName = "Sheet1": null

11-11-2024T14:58:24 - [TEST_STEP][PASSED] - workbook01 = getWorkbook(excelFilePath): null

11-11-2024T14:58:24 - [TEST_STEP][PASSED] - sheet01 = getExcelSheet(workbook01, sheetName): null

11-11-2024T14:58:24 - [TEST_STEP][PASSED] - setValueToCellByIndex(sheet01, n, 0, dashboardName): null

11-11-2024T14:58:24 - [TEST_STEP][PASSED] - setValueToCellByIndex(sheet01, n, 10, user): null

11-11-2024T14:58:24 - [TEST_STEP][PASSED] - setValueToCellByIndex(sheet01, n, 1, a1): null

11-11-2024T14:58:24 - [TEST_STEP][PASSED] - setValueToCellByIndex(sheet01, n, 2, a2): null

11-11-2024T14:58:24 - [TEST_STEP][PASSED] - setValueToCellByIndex(sheet01, n, 3, a3): null

11-11-2024T14:58:24 - [TEST_STEP][PASSED] - setValueToCellByIndex(sheet01, n, 4, a4): null

11-11-2024T14:58:24 - [TEST_STEP][PASSED] - setValueToCellByIndex(sheet01, n, 5, a5): null

11-11-2024T14:58:24 - [TEST_STEP][PASSED] - setValueToCellByIndex(sheet01, n, 6, a6): null

11-11-2024T14:58:24 - [TEST_STEP][PASSED] - setValueToCellByIndex(sheet01, n, 7, a7): null

11-11-2024T14:58:24 - [TEST_STEP][PASSED] - setValueToCellByIndex(sheet01, n, 8, a8): null

11-11-2024T14:58:24 - [TEST_STEP][PASSED] - setValueToCellByIndex(sheet01, n, 9, a9): null

11-11-2024T14:58:24 - [TEST_STEP][PASSED] - n = n + 1: null

11-11-2024T14:58:24 - [TEST_STEP][PASSED] - saveWorkbook(excelFilePath, workbook01): null

11-11-2024T14:58:24 - [TEST_STEP][PASSED] - if (run == 2): null

11-11-2024T14:58:24 - [TEST_STEP][PASSED] - if (run == 3): null

11-11-2024T14:58:24 - [TEST_STEP][PASSED] - closeBrowser(): null

11-11-2024T14:58:24 - [MESSAGE][PASSED] - Browser is closed

11-11-2024T14:58:24 - [TEST_STEP][PASSED] - PrognozPoOtraslyam(user, dashboardName, n, data, run, a1, a2, a3, a4, a5, a6, a7, a8, a9, urlData): null

11-11-2024T14:58:24 - [TEST_STEP][PASSED] - n = data.getRowNumbers() + 1: null

11-11-2024T14:58:24 - [TEST_STEP][PASSED] - println(n): null

11-11-2024T14:58:24 - [TEST_STEP][PASSED] - dashboardName = "Прогноз по отраслям": null

11-11-2024T14:58:24 - [TEST_STEP][PASSED] - openBrowser(""): Browser is opened with url: ''

11-11-2024T14:58:24 - [MESSAGE][INFO] - Starting 'Chrome' driver

11-11-2024T14:58:24 - [MESSAGE][INFO] - Action delay is set to 0 milliseconds

11-11-2024T14:58:25 - [MESSAGE][PASSED] - Browser is opened with url: ''

11-11-2024T14:58:25 - [TEST_STEP][PASSED] - urlData = 6: null

11-11-2024T14:58:25 - [TEST_STEP][PASSED] - Script1686231490255.CheckPageDownload(urlData, run): null

11-11-2024T14:58:25 - [TEST_STEP][PASSED] - i = 1: null

11-11-2024T14:58:25 - [TEST_STEP][PASSED] - ii = 0: null

11-11-2024T14:58:25 - [TEST_STEP][PASSED] - urlText = <not implemented yet for class: org.codehaus.groovy.ast.expr.EmptyExpression>: null

11-11-2024T14:58:25 - [TEST_STEP][PASSED] - searchWord = <not implemented yet for class: org.codehaus.groovy.ast.expr.EmptyExpression>: null

11-11-2024T14:58:25 - [TEST_STEP][PASSED] - deleteAllCookies(): Delete all cookies successfully

11-11-2024T14:58:25 - [MESSAGE][PASSED] - Delete all cookies successfully

11-11-2024T14:58:25 - [TEST_STEP][PASSED] - refresh(): Refresh successfully

11-11-2024T14:58:25 - [MESSAGE][PASSED] - Refresh successfully

11-11-2024T14:58:25 - [TEST_STEP][PASSED] - delay(65): Delayed 65 second(s)

11-11-2024T14:59:30 - [MESSAGE][PASSED] - Delayed 65 second(s)

11-11-2024T14:59:30 - [TEST_STEP][PASSED] - navigateToUrl(findTestData("PlanFact").getValue(10, urlData)): Navigate to 'https://bi.rosseti.digital/viewer?dashboardGuid=d6acb5b1a7114a9791b34de39263106e&sheetGuid=0b6d261d7f7b4424a967aa8f3a724189&fit=true' successfully

11-11-2024T14:59:35 - [MESSAGE][PASSED] - Navigate to 'https://bi.rosseti.digital/viewer?dashboardGuid=d6acb5b1a7114a9791b34de39263106e&sheetGuid=0b6d261d7f7b4424a967aa8f3a724189&fit=true' successfully

11-11-2024T14:59:35 - [TEST_STEP][PASSED] - pageLoaded1 = verifyElementPresent(findTestObject("Страница авторизации/Text"), 30): Object 'Object Repository/Страница авторизации/Text' is present

11-11-2024T14:59:39 - [MESSAGE][PASSED] - Object 'Object Repository/Страница авторизации/Text' is present

11-11-2024T14:59:39 - [TEST_STEP][PASSED] - if (pageLoaded1 == false): null

11-11-2024T14:59:39 - [TEST_STEP][PASSED] - urlText = getText(findTestObject("Страница авторизации/Text")): Text of object 'Object Repository/Страница авторизации/Text' is: 'Вход'

11-11-2024T14:59:39 - [MESSAGE][PASSED] - Text of object 'Object Repository/Страница авторизации/Text' is: 'Вход'

11-11-2024T14:59:39 - [TEST_STEP][PASSED] - delay(65): Delayed 65 second(s)

11-11-2024T15:00:44 - [MESSAGE][PASSED] - Delayed 65 second(s)

11-11-2024T15:00:44 - [TEST_STEP][PASSED] - searchWord = "Вход": null

11-11-2024T15:00:44 - [TEST_STEP][PASSED] - if (urlText.contains(searchWord) == false): null

11-11-2024T15:00:44 - [TEST_STEP][PASSED] - setText(findTestObject("Страница авторизации/input__username"), findTestData("PlanFact").getValue(8, run)): Text 'Andreeva-EV' is set on object 'Object Repository/Страница авторизации/input__username'

11-11-2024T15:00:45 - [MESSAGE][PASSED] - Text 'Andreeva-EV' is set on object 'Object Repository/Страница авторизации/input__username'

11-11-2024T15:00:45 - [TEST_STEP][PASSED] - setText(findTestObject("Страница авторизации/input__password"), findTestData("PlanFact").getValue(9, run)): Text '2nPePKDwCPH3ul7xMZ' is set on object 'Object Repository/Страница авторизации/input__password'

11-11-2024T15:00:45 - [MESSAGE][PASSED] - Text '2nPePKDwCPH3ul7xMZ' is set on object 'Object Repository/Страница авторизации/input__password'

11-11-2024T15:00:45 - [TEST_STEP][PASSED] - click(findTestObject("Страница авторизации/button_")): Object: 'Object Repository/Страница авторизации/button_' is clicked on

11-11-2024T15:00:49 - [MESSAGE][PASSED] - Object: 'Object Repository/Страница авторизации/button_' is clicked on

11-11-2024T15:00:49 - [TEST_STEP][PASSED] - delay(65): Delayed 65 second(s)

11-11-2024T15:01:54 - [MESSAGE][PASSED] - Delayed 65 second(s)

11-11-2024T15:01:54 - [TEST_STEP][PASSED] - searchWord = "а": null

11-11-2024T15:01:54 - [TEST_STEP][PASSED] - pageLoaded2 = verifyElementPresent(findTestObject("Страница авторизации/Text"), 50): Object 'Object Repository/Страница авторизации/Text' is present

11-11-2024T15:01:55 - [MESSAGE][PASSED] - Object 'Object Repository/Страница авторизации/Text' is present

11-11-2024T15:01:55 - [TEST_STEP][PASSED] - if (pageLoaded2 == false): null

11-11-2024T15:01:55 - [TEST_STEP][PASSED] - urlText = getText(findTestObject("Страница авторизации/Text")): Text of object 'Object Repository/Страница авторизации/Text' is: 'Год 
2023 год
Сравнение с 
План
Динамика электропотребления, млрд. кВт.ч. по ПАО Россети на 2023 год
10 10
190 190
36 36
14 14
9 9
14 14
4 4
17 17
80 80
19 19
82 82
588 588
10 10
197 197
37 37
48 48
10 10
15 15
4 4
18 18
80 80
19 19
82 82
608 608
План
Ожидаемое (прогноз по конца года)
Интер РАО (дляФСК)
Промышленныепотребители
Транспорт
Нефтедобыча
Нефтепереработка
Нефтепроводы
Газопроводы
Сельскоехозяйство ипищеваяпромышленность
Непромышленныепотребители
Государственные(муниципальные)организации ипрочиебюджетныепотребители
Население иприравненныегруппыпотребителей
Территориальныесетевыеорганизации
Выручка по ПАО Россети на 2023 год
5 5
319 319
81 81
16 16
16 16
20 20
2 2
56 56
215 215
67 67
218 218
239 239
6 6
331 331
82 82
77 77
20 20
20 20
3 3
57 57
220 220
68 68
214 214
258 258
План
Ожидаемое (прогноз по конца года)
Интер РАО (дляФСК)
Промышленныепотребители
Транспорт
Нефтедобыча
Нефтепереработка
Нефтепроводы
Газопроводы
Сельскоехозяйство ипищеваяпромышленность
Непромышленныепотребители
Государственные(муниципальные)организации ипрочиебюджетныепотребители
Население иприравненныегруппыпотребителей
Территориальныесетевыеорганизации
Отклонения по ПАО Россети на 2023 год
-4.7% -4.7%
3.8% 3.8%
1.9% 1.9%
230.3% 230.3%
10.9% 10.9%
4.2% 4.2%
21.7% 21.7%
3.9% 3.9%
-0.6% -0.6%
1.6% 1.6%
-1.0% -1.0%
3.3% 3.3%
⬤ Отклонение, %
Интер РАО (для ФСК)
Промышленные потребители
Транспорт
Нефтедобыча
Нефтепереработка
Нефтепроводы
Газопроводы
Сельское хозяйство и пищевая пр…
Непромышленные потребители
Государственные (муниципальные…
Население и приравненные групп…
Территориальные сетевые органи…
Выручка отклонения по ПАО Россети на 2023 год
15.6% 15.6%
3.8% 3.8%
1.2% 1.2%
398.2% 398.2%
26.9% 26.9%
-0.6% -0.6%
26.9% 26.9%
1.5% 1.5%
2.7% 2.7%
2.0% 2.0%
-2.0% -2.0%
7.9% 7.9%
⬤ Отклонение, %
Интер РАО (для ФСК)
Промышленные потребители
Транспорт
Нефтедобыча
Нефтепереработка
Нефтепроводы
Газопроводы
Сельское хозяйство и пищевая пр…
Непромышленные потребители
Государственные (муниципальные…
Население и приравненные групп…
Территориальные сетевые органи…
абс.
%
Прогноз на месяц 
Ноябрь
КПО/Отпуск из сети 
Отпуск из сети, млн. кВт.ч
Организация 
Все
Прогноз электропотребления и выручки за услуги по передаче в разрезе отраслей'

11-11-2024T15:01:55 - [MESSAGE][PASSED] - Text of object 'Object Repository/Страница авторизации/Text' is: 'Год 
2023 год
Сравнение с 
План
Динамика электропотребления, млрд. кВт.ч. по ПАО Россети на 2023 год
10 10
190 190
36 36
14 14
9 9
14 14
4 4
17 17
80 80
19 19
82 82
588 588
10 10
197 197
37 37
48 48
10 10
15 15
4 4
18 18
80 80
19 19
82 82
608 608
План
Ожидаемое (прогноз по конца года)
Интер РАО (дляФСК)
Промышленныепотребители
Транспорт
Нефтедобыча
Нефтепереработка
Нефтепроводы
Газопроводы
Сельскоехозяйство ипищеваяпромышленность
Непромышленныепотребители
Государственные(муниципальные)организации ипрочиебюджетныепотребители
Население иприравненныегруппыпотребителей
Территориальныесетевыеорганизации
Выручка по ПАО Россети на 2023 год
5 5
319 319
81 81
16 16
16 16
20 20
2 2
56 56
215 215
67 67
218 218
239 239
6 6
331 331
82 82
77 77
20 20
20 20
3 3
57 57
220 220
68 68
214 214
258 258
План
Ожидаемое (прогноз по конца года)
Интер РАО (дляФСК)
Промышленныепотребители
Транспорт
Нефтедобыча
Нефтепереработка
Нефтепроводы
Газопроводы
Сельскоехозяйство ипищеваяпромышленность
Непромышленныепотребители
Государственные(муниципальные)организации ипрочиебюджетныепотребители
Население иприравненныегруппыпотребителей
Территориальныесетевыеорганизации
Отклонения по ПАО Россети на 2023 год
-4.7% -4.7%
3.8% 3.8%
1.9% 1.9%
230.3% 230.3%
10.9% 10.9%
4.2% 4.2%
21.7% 21.7%
3.9% 3.9%
-0.6% -0.6%
1.6% 1.6%
-1.0% -1.0%
3.3% 3.3%
⬤ Отклонение, %
Интер РАО (для ФСК)
Промышленные потребители
Транспорт
Нефтедобыча
Нефтепереработка
Нефтепроводы
Газопроводы
Сельское хозяйство и пищевая пр…
Непромышленные потребители
Государственные (муниципальные…
Население и приравненные групп…
Территориальные сетевые органи…
Выручка отклонения по ПАО Россети на 2023 год
15.6% 15.6%
3.8% 3.8%
1.2% 1.2%
398.2% 398.2%
26.9% 26.9%
-0.6% -0.6%
26.9% 26.9%
1.5% 1.5%
2.7% 2.7%
2.0% 2.0%
-2.0% -2.0%
7.9% 7.9%
⬤ Отклонение, %
Интер РАО (для ФСК)
Промышленные потребители
Транспорт
Нефтедобыча
Нефтепереработка
Нефтепроводы
Газопроводы
Сельское хозяйство и пищевая пр…
Непромышленные потребители
Государственные (муниципальные…
Население и приравненные групп…
Территориальные сетевые органи…
абс.
%
Прогноз на месяц 
Ноябрь
КПО/Отпуск из сети 
Отпуск из сети, млн. кВт.ч
Организация 
Все
Прогноз электропотребления и выручки за услуги по передаче в разрезе отраслей'

11-11-2024T15:01:55 - [TEST_STEP][PASSED] - if (urlText.contains("ошибка") || urlText.contains(searchWord) == false): null

11-11-2024T15:01:55 - [TEST_STEP][PASSED] - a3 = "": null

11-11-2024T15:01:55 - [TEST_STEP][PASSED] - a4 = "": null

11-11-2024T15:01:55 - [TEST_STEP][PASSED] - a5 = "": null

11-11-2024T15:01:55 - [TEST_STEP][PASSED] - a6 = "": null

11-11-2024T15:01:55 - [TEST_STEP][PASSED] - a7 = "": null

11-11-2024T15:01:55 - [TEST_STEP][PASSED] - a8 = "": null

11-11-2024T15:01:55 - [TEST_STEP][PASSED] - a9 = "": null

11-11-2024T15:01:55 - [TEST_STEP][PASSED] - if (run == 1): null

11-11-2024T15:01:55 - [TEST_STEP][FAILED] - if (run == 2): null

11-11-2024T15:01:55 - [TEST_STEP][PASSED] - user = "Андреева": null

11-11-2024T15:01:55 - [TEST_STEP][PASSED] - a1 = getText(findTestObject("Прогноз по отраслям/Виджеты дашборда")): Text of object 'Object Repository/Прогноз по отраслям/Виджеты дашборда' is: 'Год 
2023 год
Сравнение с 
План
Динамика электропотребления, млрд. кВт.ч. по ПАО Россети на 2023 год
10 10
190 190
36 36
14 14
9 9
14 14
4 4
17 17
80 80
19 19
82 82
588 588
10 10
197 197
37 37
48 48
10 10
15 15
4 4
18 18
80 80
19 19
82 82
608 608
План
Ожидаемое (прогноз по конца года)
Интер РАО (дляФСК)
Промышленныепотребители
Транспорт
Нефтедобыча
Нефтепереработка
Нефтепроводы
Газопроводы
Сельскоехозяйство ипищеваяпромышленность
Непромышленныепотребители
Государственные(муниципальные)организации ипрочиебюджетныепотребители
Население иприравненныегруппыпотребителей
Территориальныесетевыеорганизации
Выручка по ПАО Россети на 2023 год
5 5
319 319
81 81
16 16
16 16
20 20
2 2
56 56
215 215
67 67
218 218
239 239
6 6
331 331
82 82
77 77
20 20
20 20
3 3
57 57
220 220
68 68
214 214
258 258
План
Ожидаемое (прогноз по конца года)
Интер РАО (дляФСК)
Промышленныепотребители
Транспорт
Нефтедобыча
Нефтепереработка
Нефтепроводы
Газопроводы
Сельскоехозяйство ипищеваяпромышленность
Непромышленныепотребители
Государственные(муниципальные)организации ипрочиебюджетныепотребители
Население иприравненныегруппыпотребителей
Территориальныесетевыеорганизации
Отклонения по ПАО Россети на 2023 год
-4.7% -4.7%
3.8% 3.8%
1.9% 1.9%
230.3% 230.3%
10.9% 10.9%
4.2% 4.2%
21.7% 21.7%
3.9% 3.9%
-0.6% -0.6%
1.6% 1.6%
-1.0% -1.0%
3.3% 3.3%
⬤ Отклонение, %
Интер РАО (для ФСК)
Промышленные потребители
Транспорт
Нефтедобыча
Нефтепереработка
Нефтепроводы
Газопроводы
Сельское хозяйство и пищевая пр…
Непромышленные потребители
Государственные (муниципальные…
Население и приравненные групп…
Территориальные сетевые органи…
Выручка отклонения по ПАО Россети на 2023 год
15.6% 15.6%
3.8% 3.8%
1.2% 1.2%
398.2% 398.2%
26.9% 26.9%
-0.6% -0.6%
26.9% 26.9%
1.5% 1.5%
2.7% 2.7%
2.0% 2.0%
-2.0% -2.0%
7.9% 7.9%
⬤ Отклонение, %
Интер РАО (для ФСК)
Промышленные потребители
Транспорт
Нефтедобыча
Нефтепереработка
Нефтепроводы
Газопроводы
Сельское хозяйство и пищевая пр…
Непромышленные потребители
Государственные (муниципальные…
Население и приравненные групп…
Территориальные сетевые органи…
абс.
%
Прогноз на месяц 
Ноябрь
КПО/Отпуск из сети 
Отпуск из сети, млн. кВт.ч
Организация 
Все
Прогноз электропотребления и выручки за услуги по передаче в разрезе отраслей'

11-11-2024T15:01:56 - [MESSAGE][PASSED] - Text of object 'Object Repository/Прогноз по отраслям/Виджеты дашборда' is: 'Год 
2023 год
Сравнение с 
План
Динамика электропотребления, млрд. кВт.ч. по ПАО Россети на 2023 год
10 10
190 190
36 36
14 14
9 9
14 14
4 4
17 17
80 80
19 19
82 82
588 588
10 10
197 197
37 37
48 48
10 10
15 15
4 4
18 18
80 80
19 19
82 82
608 608
План
Ожидаемое (прогноз по конца года)
Интер РАО (дляФСК)
Промышленныепотребители
Транспорт
Нефтедобыча
Нефтепереработка
Нефтепроводы
Газопроводы
Сельскоехозяйство ипищеваяпромышленность
Непромышленныепотребители
Государственные(муниципальные)организации ипрочиебюджетныепотребители
Население иприравненныегруппыпотребителей
Территориальныесетевыеорганизации
Выручка по ПАО Россети на 2023 год
5 5
319 319
81 81
16 16
16 16
20 20
2 2
56 56
215 215
67 67
218 218
239 239
6 6
331 331
82 82
77 77
20 20
20 20
3 3
57 57
220 220
68 68
214 214
258 258
План
Ожидаемое (прогноз по конца года)
Интер РАО (дляФСК)
Промышленныепотребители
Транспорт
Нефтедобыча
Нефтепереработка
Нефтепроводы
Газопроводы
Сельскоехозяйство ипищеваяпромышленность
Непромышленныепотребители
Государственные(муниципальные)организации ипрочиебюджетныепотребители
Население иприравненныегруппыпотребителей
Территориальныесетевыеорганизации
Отклонения по ПАО Россети на 2023 год
-4.7% -4.7%
3.8% 3.8%
1.9% 1.9%
230.3% 230.3%
10.9% 10.9%
4.2% 4.2%
21.7% 21.7%
3.9% 3.9%
-0.6% -0.6%
1.6% 1.6%
-1.0% -1.0%
3.3% 3.3%
⬤ Отклонение, %
Интер РАО (для ФСК)
Промышленные потребители
Транспорт
Нефтедобыча
Нефтепереработка
Нефтепроводы
Газопроводы
Сельское хозяйство и пищевая пр…
Непромышленные потребители
Государственные (муниципальные…
Население и приравненные групп…
Территориальные сетевые органи…
Выручка отклонения по ПАО Россети на 2023 год
15.6% 15.6%
3.8% 3.8%
1.2% 1.2%
398.2% 398.2%
26.9% 26.9%
-0.6% -0.6%
26.9% 26.9%
1.5% 1.5%
2.7% 2.7%
2.0% 2.0%
-2.0% -2.0%
7.9% 7.9%
⬤ Отклонение, %
Интер РАО (для ФСК)
Промышленные потребители
Транспорт
Нефтедобыча
Нефтепереработка
Нефтепроводы
Газопроводы
Сельское хозяйство и пищевая пр…
Непромышленные потребители
Государственные (муниципальные…
Население и приравненные групп…
Территориальные сетевые органи…
абс.
%
Прогноз на месяц 
Ноябрь
КПО/Отпуск из сети 
Отпуск из сети, млн. кВт.ч
Организация 
Все
Прогноз электропотребления и выручки за услуги по передаче в разрезе отраслей'

11-11-2024T15:01:56 - [TEST_STEP][PASSED] - click(findTestObject("Прогноз по отраслям/Переключить отображение с процентов на абс Блок руководителя")): Object: 'Object Repository/Прогноз по отраслям/Переключить отображение с процентов на абс Блок руководителя' is clicked on

11-11-2024T15:01:56 - [MESSAGE][PASSED] - Object: 'Object Repository/Прогноз по отраслям/Переключить отображение с процентов на абс Блок руководителя' is clicked on

11-11-2024T15:01:56 - [TEST_STEP][PASSED] - a2 = getText(findTestObject("Прогноз по отраслям/Виджеты дашборда")): Text of object 'Object Repository/Прогноз по отраслям/Виджеты дашборда' is: 'Год 
2023 год
Сравнение с 
План
Отклонения по ПАО Россети на 2023 год
-492.2 -492.2
7 165.1 7 165.1
689.3 689.3
33 271.7 33 271.7
986.4 986.4
593.8 593.8
764.0 764.0
670.4 670.4
-592.4 -592.4
308.8 308.8
-940.9 -940.9
19 604.1 19 604.1
⬤ Отклонение, млн. кВт.ч
Интер РАО (для ФСК)
Промышленные потребители
Транспорт
Нефтедобыча
Нефтепереработка
Нефтепроводы
Газопроводы
Сельское хозяйство и пищевая пр…
Непромышленные потребители
Государственные (муниципальные…
Население и приравненные групп…
Территориальные сетевые органи…
Выручка отклонения по ПАО Россети на 2023 год
794.9 794.9
12 195.0 12 195.0
972.7 972.7
61 803.9 61 803.9
4 222.3 4 222.3
-121.8 -121.8
666.2 666.2
873.2 873.2
5 809.6 5 809.6
1 342.6 1 342.6
-4 463.2 -4 463.2
18 375.5 18 375.5
⬤ Отклонение, млн. руб.
Интер РАО (для ФСК)
Промышленные потребители
Транспорт
Нефтедобыча
Нефтепереработка
Нефтепроводы
Газопроводы
Сельское хозяйство и пищевая пр…
Непромышленные потребители
Государственные (муниципальные…
Население и приравненные групп…
Территориальные сетевые органи…
Динамика электропотребления, млрд. кВт.ч. по ПАО Россети на 2023 год
10 10
190 190
36 36
14 14
9 9
14 14
4 4
17 17
80 80
19 19
82 82
588 588
10 10
197 197
37 37
48 48
10 10
15 15
4 4
18 18
80 80
19 19
82 82
608 608
План
Ожидаемое (прогноз по конца года)
Интер РАО (дляФСК)
Промышленныепотребители
Транспорт
Нефтедобыча
Нефтепереработка
Нефтепроводы
Газопроводы
Сельскоехозяйство ипищеваяпромышленность
Непромышленныепотребители
Государственные(муниципальные)организации ипрочиебюджетныепотребители
Население иприравненныегруппыпотребителей
Территориальныесетевыеорганизации
Выручка по ПАО Россети на 2023 год
5 5
319 319
81 81
16 16
16 16
20 20
2 2
56 56
215 215
67 67
218 218
239 239
6 6
331 331
82 82
77 77
20 20
20 20
3 3
57 57
220 220
68 68
214 214
258 258
План
Ожидаемое (прогноз по конца года)
Интер РАО (дляФСК)
Промышленныепотребители
Транспорт
Нефтедобыча
Нефтепереработка
Нефтепроводы
Газопроводы
Сельскоехозяйство ипищеваяпромышленность
Непромышленныепотребители
Государственные(муниципальные)организации ипрочиебюджетныепотребители
Население иприравненныегруппыпотребителей
Территориальныесетевыеорганизации
абс.
%
Прогноз на месяц 
Ноябрь
КПО/Отпуск из сети 
Отпуск из сети, млн. кВт.ч
Организация 
Все
Прогноз электропотребления и выручки за услуги по передаче в разрезе отраслей'

11-11-2024T15:01:56 - [MESSAGE][PASSED] - Text of object 'Object Repository/Прогноз по отраслям/Виджеты дашборда' is: 'Год 
2023 год
Сравнение с 
План
Отклонения по ПАО Россети на 2023 год
-492.2 -492.2
7 165.1 7 165.1
689.3 689.3
33 271.7 33 271.7
986.4 986.4
593.8 593.8
764.0 764.0
670.4 670.4
-592.4 -592.4
308.8 308.8
-940.9 -940.9
19 604.1 19 604.1
⬤ Отклонение, млн. кВт.ч
Интер РАО (для ФСК)
Промышленные потребители
Транспорт
Нефтедобыча
Нефтепереработка
Нефтепроводы
Газопроводы
Сельское хозяйство и пищевая пр…
Непромышленные потребители
Государственные (муниципальные…
Население и приравненные групп…
Территориальные сетевые органи…
Выручка отклонения по ПАО Россети на 2023 год
794.9 794.9
12 195.0 12 195.0
972.7 972.7
61 803.9 61 803.9
4 222.3 4 222.3
-121.8 -121.8
666.2 666.2
873.2 873.2
5 809.6 5 809.6
1 342.6 1 342.6
-4 463.2 -4 463.2
18 375.5 18 375.5
⬤ Отклонение, млн. руб.
Интер РАО (для ФСК)
Промышленные потребители
Транспорт
Нефтедобыча
Нефтепереработка
Нефтепроводы
Газопроводы
Сельское хозяйство и пищевая пр…
Непромышленные потребители
Государственные (муниципальные…
Население и приравненные групп…
Территориальные сетевые органи…
Динамика электропотребления, млрд. кВт.ч. по ПАО Россети на 2023 год
10 10
190 190
36 36
14 14
9 9
14 14
4 4
17 17
80 80
19 19
82 82
588 588
10 10
197 197
37 37
48 48
10 10
15 15
4 4
18 18
80 80
19 19
82 82
608 608
План
Ожидаемое (прогноз по конца года)
Интер РАО (дляФСК)
Промышленныепотребители
Транспорт
Нефтедобыча
Нефтепереработка
Нефтепроводы
Газопроводы
Сельскоехозяйство ипищеваяпромышленность
Непромышленныепотребители
Государственные(муниципальные)организации ипрочиебюджетныепотребители
Население иприравненныегруппыпотребителей
Территориальныесетевыеорганизации
Выручка по ПАО Россети на 2023 год
5 5
319 319
81 81
16 16
16 16
20 20
2 2
56 56
215 215
67 67
218 218
239 239
6 6
331 331
82 82
77 77
20 20
20 20
3 3
57 57
220 220
68 68
214 214
258 258
План
Ожидаемое (прогноз по конца года)
Интер РАО (дляФСК)
Промышленныепотребители
Транспорт
Нефтедобыча
Нефтепереработка
Нефтепроводы
Газопроводы
Сельскоехозяйство ипищеваяпромышленность
Непромышленныепотребители
Государственные(муниципальные)организации ипрочиебюджетныепотребители
Население иприравненныегруппыпотребителей
Территориальныесетевыеорганизации
абс.
%
Прогноз на месяц 
Ноябрь
КПО/Отпуск из сети 
Отпуск из сети, млн. кВт.ч
Организация 
Все
Прогноз электропотребления и выручки за услуги по передаче в разрезе отраслей'

11-11-2024T15:01:56 - [TEST_STEP][PASSED] - click(findTestObject("Прогноз по отраслям/Переключить отображение с абс на проценты")): Object: 'Object Repository/Прогноз по отраслям/Переключить отображение с абс на проценты' is clicked on

11-11-2024T15:01:57 - [MESSAGE][PASSED] - Object: 'Object Repository/Прогноз по отраслям/Переключить отображение с абс на проценты' is clicked on

11-11-2024T15:01:57 - [TEST_STEP][PASSED] - i = a1.indexOf("млрд. кВт.ч."): null

11-11-2024T15:01:57 - [TEST_STEP][PASSED] - if (i > -1): null

11-11-2024T15:01:57 - [TEST_STEP][PASSED] - a1 = a1.substring(0, i) + a1.substring(i + 12, a1.length()): null

11-11-2024T15:01:57 - [TEST_STEP][PASSED] - i = a1.indexOf("по ПАО Россети на 2023 год"): null

11-11-2024T15:01:57 - [TEST_STEP][PASSED] - if (i > -1): null

11-11-2024T15:01:57 - [TEST_STEP][PASSED] - a1 = a1.substring(0, i) + a1.substring(i + 27, a1.length()): null

11-11-2024T15:01:57 - [TEST_STEP][PASSED] - i = a1.indexOf("Выручка"): null

11-11-2024T15:01:57 - [TEST_STEP][PASSED] - if (i > -1): null

11-11-2024T15:01:57 - [TEST_STEP][PASSED] - a1 = a1.substring(0, i) + a1.substring(i + 8, a1.length()): null

11-11-2024T15:01:57 - [TEST_STEP][PASSED] - i = a1.indexOf("по ПАО Россети на 2023 год"): null

11-11-2024T15:01:57 - [TEST_STEP][PASSED] - if (i > -1): null

11-11-2024T15:01:57 - [TEST_STEP][PASSED] - a1 = a1.substring(0, i) + a1.substring(i + 27, a1.length()): null

11-11-2024T15:01:57 - [TEST_STEP][PASSED] - i = a1.indexOf("по ПАО Россети на 2023 год"): null

11-11-2024T15:01:57 - [TEST_STEP][PASSED] - if (i > -1): null

11-11-2024T15:01:57 - [TEST_STEP][PASSED] - a1 = a1.substring(0, i) + a1.substring(i + 27, a1.length()): null

11-11-2024T15:01:57 - [TEST_STEP][PASSED] - i = a1.indexOf("Отклонения по ПАО Россети на 2023 год"): null

11-11-2024T15:01:57 - [TEST_STEP][PASSED] - if (i > -1): null

11-11-2024T15:01:57 - [TEST_STEP][PASSED] - i = a1.indexOf("Отклонения"): null

11-11-2024T15:01:57 - [TEST_STEP][PASSED] - if (i > -1): null

11-11-2024T15:01:57 - [TEST_STEP][PASSED] - a1 = a1.substring(0, i) + a1.substring(i + 11, a1.length()): null

11-11-2024T15:01:57 - [TEST_STEP][PASSED] - n = n + 34: null

11-11-2024T15:01:57 - [TEST_STEP][PASSED] - b = n - run + 1: null

11-11-2024T15:01:57 - [TEST_STEP][FAILED] - verifyEqual(findTestData("PlanFact").getValue(2, b), a1): Unable to verify equal between actual object 'Год 
2023 год
Сравнение с 
Динамика электропотребления,  10 10
190 190
36 36
14 14
9 9
14 14
4 4
17 17
80 80
19 19
82 82
588 588
10 10
197 197
37 37
48 48
10 10
15 15
4 4
18 18
80 80
19 19
82 82
608 608
План
Ожидаемое (прогноз по конца года)
Интер РАО (дляФСК)
Промышленныепотребители
Транспорт
Нефтедобыча
Нефтепереработка
Нефтепроводы
Газопроводы
Сельскоехозяйство ипищеваяпромышленность
Непромышленныепотребители
Государственные(муниципальные)организации ипрочиебюджетныепотребители
Население иприравненныегруппыпотребителей
Территориальныесетевыеорганизации
5 5
319 319
81 81
16 16
16 16
20 20
2 2
56 56
215 215
67 67
218 218
239 239
6 6
331 331
82 82
77 77
20 20
20 20
3 3
57 57
220 220
68 68
214 214
258 258
План
Ожидаемое (прогноз по конца года)
Интер РАО (дляФСК)
Промышленныепотребители
Транспорт
Нефтедобыча
Нефтепереработка
Нефтепроводы
Газопроводы
Сельскоехозяйство ипищеваяпромышленность
Непромышленныепотребители
Государственные(муниципальные)организации ипрочиебюджетныепотребители
Население иприравненныегруппыпотребителей
Территориальныесетевыеорганизации
-4.7% -4.7%
3.8% 3.8%
1.9% 1.9%
230.3% 230.3%
10.9% 10.9%
4.2% 4.2%
21.7% 21.7%
3.9% 3.9%
-0.6% -0.6%
1.6% 1.6%
-1.0% -1.0%
3.3% 3.3%
⬤ Отклонение, %
Интер РАО (для ФСК)
Промышленные потребители
Транспорт
Нефтедобыча
Нефтепереработка
Нефтепроводы
Газопроводы
Сельское хозяйство и пищевая пр…
Непромышленные потребители
Государственные (муниципальные…
Население и приравненные групп…
Территориальные сетевые органи…
Выручка отклонения по ПАО Россети на 2023 год
15.6% 15.6%
3.8% 3.8%
1.2% 1.2%
398.2% 398.2%
26.9% 26.9%
-0.6% -0.6%
26.9% 26.9%
1.5% 1.5%
2.7% 2.7%
2.0% 2.0%
-2.0% -2.0%
7.9% 7.9%
⬤ Отклонение, %
Интер РАО (для ФСК)
Промышленные потребители
Транспорт
Нефтедобыча
Нефтепереработка
Нефтепроводы
Газопроводы
Сельское хозяйство и пищевая пр…
Непромышленные потребители
Государственные (муниципальные…
Население и приравненные групп…
Территориальные сетевые органи…
абс.
%
Прогноз на месяц 
Ноябрь
КПО/Отпуск из сети 
Отпуск из сети, млн. кВт.ч
Организация 
Все
Прогноз электропотребления и выручки за услуги по передаче в разрезе отраслей' and expected object 'Год 
2023 год
Сравнение с 
План
Динамика электропотребления,  10 10
190 190
36 36
14 14
9 9
14 14
4 4
17 17
80 80
19 19
82 82
588 588
10 10
197 197
37 37
48 48
10 10
15 15
4 4
18 18
80 80
19 19
82 82
608 608
План
Ожидаемое (прогноз по конца года)
Интер РАО (дляФСК)
Промышленныепотребители
Транспорт
Нефтедобыча
Нефтепереработка
Нефтепроводы
Газопроводы
Сельскоехозяйство ипищеваяпромышленность
Непромышленныепотребители
Государственные(муниципальные)организации ипрочиебюджетныепотребители
Население иприравненныегруппыпотребителей
Территориальныесетевыеорганизации
5 5
319 319
81 81
16 16
16 16
20 20
2 2
56 56
215 215
67 67
218 218
239 239
6 6
331 331
82 82
77 77
20 20
20 20
3 3
57 57
220 220
68 68
214 214
258 258
План
Ожидаемое (прогноз по конца года)
Интер РАО (дляФСК)
Промышленныепотребители
Транспорт
Нефтедобыча
Нефтепереработка
Нефтепроводы
Газопроводы
Сельскоехозяйство ипищеваяпромышленность
Непромышленныепотребители
Государственные(муниципальные)организации ипрочиебюджетныепотребители
Население иприравненныегруппыпотребителей
Территориальныесетевыеорганизации
-4.7% -4.7%
3.8% 3.8%
1.9% 1.9%
230.3% 230.3%
10.9% 10.9%
4.2% 4.2%
21.7% 21.7%
3.9% 3.9%
-0.6% -0.6%
1.6% 1.6%
-1.0% -1.0%
3.3% 3.3%
⬤ Отклонение, %
Интер РАО (для ФСК)
Промышленные потребители
Транспорт
Нефтедобыча
Нефтепереработка
Нефтепроводы
Газопроводы
Сельское хозяйство и пищевая пр…
Непромышленные потребители
Государственные (муниципальные…
Население и приравненные групп…
Территориальные сетевые органи…
Выручка отклонения по ПАО Россети на 2023 год
15.6% 15.6%
3.8% 3.8%
1.2% 1.2%
398.2% 398.2%
26.9% 26.9%
-0.6% -0.6%
26.9% 26.9%
1.5% 1.5%
2.7% 2.7%
2.0% 2.0%
-2.0% -2.0%
7.9% 7.9%
⬤ Отклонение, %
Интер РАО (для ФСК)
Промышленные потребители
Транспорт
Нефтедобыча
Нефтепереработка
Нефтепроводы
Газопроводы
Сельское хозяйство и пищевая пр…
Непромышленные потребители
Государственные (муниципальные…
Население и приравненные групп…
Территориальные сетевые органи…
абс.
%
Прогноз на месяц 
Ноябрь
КПО/Отпуск из сети 
Отпуск из сети, млн. кВт.ч
Организация 
Все
Прогноз электропотребления и выручки за услуги по передаче в разрезе отраслей' (Root cause: com.kms.katalon.core.exception.StepFailedException: Actual object 'Год 
2023 год
Сравнение с 
Динамика электропотребления,  10 10
190 190
36 36
14 14
9 9
14 14
4 4
17 17
80 80
19 19
82 82
588 588
10 10
197 197
37 37
48 48
10 10
15 15
4 4
18 18
80 80
19 19
82 82
608 608
План
Ожидаемое (прогноз по конца года)
Интер РАО (дляФСК)
Промышленныепотребители
Транспорт
Нефтедобыча
Нефтепереработка
Нефтепроводы
Газопроводы
Сельскоехозяйство ипищеваяпромышленность
Непромышленныепотребители
Государственные(муниципальные)организации ипрочиебюджетныепотребители
Население иприравненныегруппыпотребителей
Территориальныесетевыеорганизации
5 5
319 319
81 81
16 16
16 16
20 20
2 2
56 56
215 215
67 67
218 218
239 239
6 6
331 331
82 82
77 77
20 20
20 20
3 3
57 57
220 220
68 68
214 214
258 258
План
Ожидаемое (прогноз по конца года)
Интер РАО (дляФСК)
Промышленныепотребители
Транспорт
Нефтедобыча
Нефтепереработка
Нефтепроводы
Газопроводы
Сельскоехозяйство ипищеваяпромышленность
Непромышленныепотребители
Государственные(муниципальные)организации ипрочиебюджетныепотребители
Население иприравненныегруппыпотребителей
Территориальныесетевыеорганизации
-4.7% -4.7%
3.8% 3.8%
1.9% 1.9%
230.3% 230.3%
10.9% 10.9%
4.2% 4.2%
21.7% 21.7%
3.9% 3.9%
-0.6% -0.6%
1.6% 1.6%
-1.0% -1.0%
3.3% 3.3%
⬤ Отклонение, %
Интер РАО (для ФСК)
Промышленные потребители
Транспорт
Нефтедобыча
Нефтепереработка
Нефтепроводы
Газопроводы
Сельское хозяйство и пищевая пр…
Непромышленные потребители
Государственные (муниципальные…
Население и приравненные групп…
Территориальные сетевые органи…
Выручка отклонения по ПАО Россети на 2023 год
15.6% 15.6%
3.8% 3.8%
1.2% 1.2%
398.2% 398.2%
26.9% 26.9%
-0.6% -0.6%
26.9% 26.9%
1.5% 1.5%
2.7% 2.7%
2.0% 2.0%
-2.0% -2.0%
7.9% 7.9%
⬤ Отклонение, %
Интер РАО (для ФСК)
Промышленные потребители
Транспорт
Нефтедобыча
Нефтепереработка
Нефтепроводы
Газопроводы
Сельское хозяйство и пищевая пр…
Непромышленные потребители
Государственные (муниципальные…
Население и приравненные групп…
Территориальные сетевые органи…
абс.
%
Прогноз на месяц 
Ноябрь
КПО/Отпуск из сети 
Отпуск из сети, млн. кВт.ч
Организация 
Все
Прогноз электропотребления и выручки за услуги по передаче в разрезе отраслей' and expected object 'Год 
2023 год
Сравнение с 
План
Динамика электропотребления,  10 10
190 190
36 36
14 14
9 9
14 14
4 4
17 17
80 80
19 19
82 82
588 588
10 10
197 197
37 37
48 48
10 10
15 15
4 4
18 18
80 80
19 19
82 82
608 608
План
Ожидаемое (прогноз по конца года)
Интер РАО (дляФСК)
Промышленныепотребители
Транспорт
Нефтедобыча
Нефтепереработка
Нефтепроводы
Газопроводы
Сельскоехозяйство ипищеваяпромышленность
Непромышленныепотребители
Государственные(муниципальные)организации ипрочиебюджетныепотребители
Население иприравненныегруппыпотребителей
Территориальныесетевыеорганизации
5 5
319 319
81 81
16 16
16 16
20 20
2 2
56 56
215 215
67 67
218 218
239 239
6 6
331 331
82 82
77 77
20 20
20 20
3 3
57 57
220 220
68 68
214 214
258 258
План
Ожидаемое (прогноз по конца года)
Интер РАО (дляФСК)
Промышленныепотребители
Транспорт
Нефтедобыча
Нефтепереработка
Нефтепроводы
Газопроводы
Сельскоехозяйство ипищеваяпромышленность
Непромышленныепотребители
Государственные(муниципальные)организации ипрочиебюджетныепотребители
Население иприравненныегруппыпотребителей
Территориальныесетевыеорганизации
-4.7% -4.7%
3.8% 3.8%
1.9% 1.9%
230.3% 230.3%
10.9% 10.9%
4.2% 4.2%
21.7% 21.7%
3.9% 3.9%
-0.6% -0.6%
1.6% 1.6%
-1.0% -1.0%
3.3% 3.3%
⬤ Отклонение, %
Интер РАО (для ФСК)
Промышленные потребители
Транспорт
Нефтедобыча
Нефтепереработка
Нефтепроводы
Газопроводы
Сельское хозяйство и пищевая пр…
Непромышленные потребители
Государственные (муниципальные…
Население и приравненные групп…
Территориальные сетевые органи…
Выручка отклонения по ПАО Россети на 2023 год
15.6% 15.6%
3.8% 3.8%
1.2% 1.2%
398.2% 398.2%
26.9% 26.9%
-0.6% -0.6%
26.9% 26.9%
1.5% 1.5%
2.7% 2.7%
2.0% 2.0%
-2.0% -2.0%
7.9% 7.9%
⬤ Отклонение, %
Интер РАО (для ФСК)
Промышленные потребители
Транспорт
Нефтедобыча
Нефтепереработка
Нефтепроводы
Газопроводы
Сельское хозяйство и пищевая пр…
Непромышленные потребители
Государственные (муниципальные…
Население и приравненные групп…
Территориальные сетевые органи…
абс.
%
Прогноз на месяц 
Ноябрь
КПО/Отпуск из сети 
Отпуск из сети, млн. кВт.ч
Организация 
Все
Прогноз электропотребления и выручки за услуги по передаче в разрезе отраслей' are not equal
	at com.kms.katalon.core.keyword.builtin.VerifyEqualKeyword$_verifyEqual_closure1.doCall(VerifyEqualKeyword.groovy:58)
	at com.kms.katalon.core.keyword.builtin.VerifyEqualKeyword$_verifyEqual_closure1.call(VerifyEqualKeyword.groovy)
	at com.kms.katalon.core.keyword.internal.KeywordMain.runKeyword(KeywordMain.groovy:75)
	at com.kms.katalon.core.keyword.builtin.VerifyEqualKeyword.verifyEqual(VerifyEqualKeyword.groovy:63)
	at com.kms.katalon.core.keyword.builtin.VerifyEqualKeyword.execute(VerifyEqualKeyword.groovy:44)
	at com.kms.katalon.core.keyword.internal.KeywordExecutor.executeKeywordForPlatform(KeywordExecutor.groovy:74)
	at com.kms.katalon.core.keyword.BuiltinKeywords.verifyEqual(BuiltinKeywords.groovy:146)
	at jdk.internal.reflect.GeneratedMethodAccessor24.invoke(Unknown Source)
	at java.base/jdk.internal.reflect.DelegatingMethodAccessorImpl.invoke(DelegatingMethodAccessorImpl.java:43)
	at Блок руководителя сверка дашбордов под разными учётками.PrognozPoOtraslyam(Блок руководителя сверка дашбордов под разными учётками:1717)
	at Блок руководителя сверка дашбордов под разными учётками.run(Блок руководителя сверка дашбордов под разными учётками:112)
	at com.kms.katalon.core.main.ScriptEngine.run(ScriptEngine.java:194)
	at com.kms.katalon.core.main.ScriptEngine.runScriptAsRawText(ScriptEngine.java:119)
	at com.kms.katalon.core.main.TestCaseExecutor.runScript(TestCaseExecutor.java:448)
	at com.kms.katalon.core.main.TestCaseExecutor.doExecute(TestCaseExecutor.java:439)
	at com.kms.katalon.core.main.TestCaseExecutor.processExecutionPhase(TestCaseExecutor.java:418)
	at com.kms.katalon.core.main.TestCaseExecutor.accessMainPhase(TestCaseExecutor.java:410)
	at com.kms.katalon.core.main.TestCaseExecutor.execute(TestCaseExecutor.java:285)
	at com.kms.katalon.core.common.CommonExecutor.accessTestCaseMainPhase(CommonExecutor.java:65)
	at com.kms.katalon.core.main.TestSuiteExecutor.accessTestSuiteMainPhase(TestSuiteExecutor.java:150)
	at com.kms.katalon.core.main.TestSuiteExecutor.execute(TestSuiteExecutor.java:106)
	at com.kms.katalon.core.main.TestCaseMain.startTestSuite(TestCaseMain.java:180)
	at TempTestSuite1731310890476.run(TempTestSuite1731310890476.groovy:35)
	at java.base/jdk.internal.reflect.NativeMethodAccessorImpl.invoke0(Native Method)
	at java.base/jdk.internal.reflect.NativeMethodAccessorImpl.invoke(NativeMethodAccessorImpl.java:77)
	at java.base/jdk.internal.reflect.DelegatingMethodAccessorImpl.invoke(DelegatingMethodAccessorImpl.java:43)
)

11-11-2024T15:01:57 - [MESSAGE][FAILED] - Unable to verify equal between actual object 'Год 
2023 год
Сравнение с 
Динамика электропотребления,  10 10
190 190
36 36
14 14
9 9
14 14
4 4
17 17
80 80
19 19
82 82
588 588
10 10
197 197
37 37
48 48
10 10
15 15
4 4
18 18
80 80
19 19
82 82
608 608
План
Ожидаемое (прогноз по конца года)
Интер РАО (дляФСК)
Промышленныепотребители
Транспорт
Нефтедобыча
Нефтепереработка
Нефтепроводы
Газопроводы
Сельскоехозяйство ипищеваяпромышленность
Непромышленныепотребители
Государственные(муниципальные)организации ипрочиебюджетныепотребители
Население иприравненныегруппыпотребителей
Территориальныесетевыеорганизации
5 5
319 319
81 81
16 16
16 16
20 20
2 2
56 56
215 215
67 67
218 218
239 239
6 6
331 331
82 82
77 77
20 20
20 20
3 3
57 57
220 220
68 68
214 214
258 258
План
Ожидаемое (прогноз по конца года)
Интер РАО (дляФСК)
Промышленныепотребители
Транспорт
Нефтедобыча
Нефтепереработка
Нефтепроводы
Газопроводы
Сельскоехозяйство ипищеваяпромышленность
Непромышленныепотребители
Государственные(муниципальные)организации ипрочиебюджетныепотребители
Население иприравненныегруппыпотребителей
Территориальныесетевыеорганизации
-4.7% -4.7%
3.8% 3.8%
1.9% 1.9%
230.3% 230.3%
10.9% 10.9%
4.2% 4.2%
21.7% 21.7%
3.9% 3.9%
-0.6% -0.6%
1.6% 1.6%
-1.0% -1.0%
3.3% 3.3%
⬤ Отклонение, %
Интер РАО (для ФСК)
Промышленные потребители
Транспорт
Нефтедобыча
Нефтепереработка
Нефтепроводы
Газопроводы
Сельское хозяйство и пищевая пр…
Непромышленные потребители
Государственные (муниципальные…
Население и приравненные групп…
Территориальные сетевые органи…
Выручка отклонения по ПАО Россети на 2023 год
15.6% 15.6%
3.8% 3.8%
1.2% 1.2%
398.2% 398.2%
26.9% 26.9%
-0.6% -0.6%
26.9% 26.9%
1.5% 1.5%
2.7% 2.7%
2.0% 2.0%
-2.0% -2.0%
7.9% 7.9%
⬤ Отклонение, %
Интер РАО (для ФСК)
Промышленные потребители
Транспорт
Нефтедобыча
Нефтепереработка
Нефтепроводы
Газопроводы
Сельское хозяйство и пищевая пр…
Непромышленные потребители
Государственные (муниципальные…
Население и приравненные групп…
Территориальные сетевые органи…
абс.
%
Прогноз на месяц 
Ноябрь
КПО/Отпуск из сети 
Отпуск из сети, млн. кВт.ч
Организация 
Все
Прогноз электропотребления и выручки за услуги по передаче в разрезе отраслей' and expected object 'Год 
2023 год
Сравнение с 
План
Динамика электропотребления,  10 10
190 190
36 36
14 14
9 9
14 14
4 4
17 17
80 80
19 19
82 82
588 588
10 10
197 197
37 37
48 48
10 10
15 15
4 4
18 18
80 80
19 19
82 82
608 608
План
Ожидаемое (прогноз по конца года)
Интер РАО (дляФСК)
Промышленныепотребители
Транспорт
Нефтедобыча
Нефтепереработка
Нефтепроводы
Газопроводы
Сельскоехозяйство ипищеваяпромышленность
Непромышленныепотребители
Государственные(муниципальные)организации ипрочиебюджетныепотребители
Население иприравненныегруппыпотребителей
Территориальныесетевыеорганизации
5 5
319 319
81 81
16 16
16 16
20 20
2 2
56 56
215 215
67 67
218 218
239 239
6 6
331 331
82 82
77 77
20 20
20 20
3 3
57 57
220 220
68 68
214 214
258 258
План
Ожидаемое (прогноз по конца года)
Интер РАО (дляФСК)
Промышленныепотребители
Транспорт
Нефтедобыча
Нефтепереработка
Нефтепроводы
Газопроводы
Сельскоехозяйство ипищеваяпромышленность
Непромышленныепотребители
Государственные(муниципальные)организации ипрочиебюджетныепотребители
Население иприравненныегруппыпотребителей
Территориальныесетевыеорганизации
-4.7% -4.7%
3.8% 3.8%
1.9% 1.9%
230.3% 230.3%
10.9% 10.9%
4.2% 4.2%
21.7% 21.7%
3.9% 3.9%
-0.6% -0.6%
1.6% 1.6%
-1.0% -1.0%
3.3% 3.3%
⬤ Отклонение, %
Интер РАО (для ФСК)
Промышленные потребители
Транспорт
Нефтедобыча
Нефтепереработка
Нефтепроводы
Газопроводы
Сельское хозяйство и пищевая пр…
Непромышленные потребители
Государственные (муниципальные…
Население и приравненные групп…
Территориальные сетевые органи…
Выручка отклонения по ПАО Россети на 2023 год
15.6% 15.6%
3.8% 3.8%
1.2% 1.2%
398.2% 398.2%
26.9% 26.9%
-0.6% -0.6%
26.9% 26.9%
1.5% 1.5%
2.7% 2.7%
2.0% 2.0%
-2.0% -2.0%
7.9% 7.9%
⬤ Отклонение, %
Интер РАО (для ФСК)
Промышленные потребители
Транспорт
Нефтедобыча
Нефтепереработка
Нефтепроводы
Газопроводы
Сельское хозяйство и пищевая пр…
Непромышленные потребители
Государственные (муниципальные…
Население и приравненные групп…
Территориальные сетевые органи…
абс.
%
Прогноз на месяц 
Ноябрь
КПО/Отпуск из сети 
Отпуск из сети, млн. кВт.ч
Организация 
Все
Прогноз электропотребления и выручки за услуги по передаче в разрезе отраслей' (Root cause: com.kms.katalon.core.exception.StepFailedException: Actual object 'Год 
2023 год
Сравнение с 
Динамика электропотребления,  10 10
190 190
36 36
14 14
9 9
14 14
4 4
17 17
80 80
19 19
82 82
588 588
10 10
197 197
37 37
48 48
10 10
15 15
4 4
18 18
80 80
19 19
82 82
608 608
План
Ожидаемое (прогноз по конца года)
Интер РАО (дляФСК)
Промышленныепотребители
Транспорт
Нефтедобыча
Нефтепереработка
Нефтепроводы
Газопроводы
Сельскоехозяйство ипищеваяпромышленность
Непромышленныепотребители
Государственные(муниципальные)организации ипрочиебюджетныепотребители
Население иприравненныегруппыпотребителей
Территориальныесетевыеорганизации
5 5
319 319
81 81
16 16
16 16
20 20
2 2
56 56
215 215
67 67
218 218
239 239
6 6
331 331
82 82
77 77
20 20
20 20
3 3
57 57
220 220
68 68
214 214
258 258
План
Ожидаемое (прогноз по конца года)
Интер РАО (дляФСК)
Промышленныепотребители
Транспорт
Нефтедобыча
Нефтепереработка
Нефтепроводы
Газопроводы
Сельскоехозяйство ипищеваяпромышленность
Непромышленныепотребители
Государственные(муниципальные)организации ипрочиебюджетныепотребители
Население иприравненныегруппыпотребителей
Территориальныесетевыеорганизации
-4.7% -4.7%
3.8% 3.8%
1.9% 1.9%
230.3% 230.3%
10.9% 10.9%
4.2% 4.2%
21.7% 21.7%
3.9% 3.9%
-0.6% -0.6%
1.6% 1.6%
-1.0% -1.0%
3.3% 3.3%
⬤ Отклонение, %
Интер РАО (для ФСК)
Промышленные потребители
Транспорт
Нефтедобыча
Нефтепереработка
Нефтепроводы
Газопроводы
Сельское хозяйство и пищевая пр…
Непромышленные потребители
Государственные (муниципальные…
Население и приравненные групп…
Территориальные сетевые органи…
Выручка отклонения по ПАО Россети на 2023 год
15.6% 15.6%
3.8% 3.8%
1.2% 1.2%
398.2% 398.2%
26.9% 26.9%
-0.6% -0.6%
26.9% 26.9%
1.5% 1.5%
2.7% 2.7%
2.0% 2.0%
-2.0% -2.0%
7.9% 7.9%
⬤ Отклонение, %
Интер РАО (для ФСК)
Промышленные потребители
Транспорт
Нефтедобыча
Нефтепереработка
Нефтепроводы
Газопроводы
Сельское хозяйство и пищевая пр…
Непромышленные потребители
Государственные (муниципальные…
Население и приравненные групп…
Территориальные сетевые органи…
абс.
%
Прогноз на месяц 
Ноябрь
КПО/Отпуск из сети 
Отпуск из сети, млн. кВт.ч
Организация 
Все
Прогноз электропотребления и выручки за услуги по передаче в разрезе отраслей' and expected object 'Год 
2023 год
Сравнение с 
План
Динамика электропотребления,  10 10
190 190
36 36
14 14
9 9
14 14
4 4
17 17
80 80
19 19
82 82
588 588
10 10
197 197
37 37
48 48
10 10
15 15
4 4
18 18
80 80
19 19
82 82
608 608
План
Ожидаемое (прогноз по конца года)
Интер РАО (дляФСК)
Промышленныепотребители
Транспорт
Нефтедобыча
Нефтепереработка
Нефтепроводы
Газопроводы
Сельскоехозяйство ипищеваяпромышленность
Непромышленныепотребители
Государственные(муниципальные)организации ипрочиебюджетныепотребители
Население иприравненныегруппыпотребителей
Территориальныесетевыеорганизации
5 5
319 319
81 81
16 16
16 16
20 20
2 2
56 56
215 215
67 67
218 218
239 239
6 6
331 331
82 82
77 77
20 20
20 20
3 3
57 57
220 220
68 68
214 214
258 258
План
Ожидаемое (прогноз по конца года)
Интер РАО (дляФСК)
Промышленныепотребители
Транспорт
Нефтедобыча
Нефтепереработка
Нефтепроводы
Газопроводы
Сельскоехозяйство ипищеваяпромышленность
Непромышленныепотребители
Государственные(муниципальные)организации ипрочиебюджетныепотребители
Население иприравненныегруппыпотребителей
Территориальныесетевыеорганизации
-4.7% -4.7%
3.8% 3.8%
1.9% 1.9%
230.3% 230.3%
10.9% 10.9%
4.2% 4.2%
21.7% 21.7%
3.9% 3.9%
-0.6% -0.6%
1.6% 1.6%
-1.0% -1.0%
3.3% 3.3%
⬤ Отклонение, %
Интер РАО (для ФСК)
Промышленные потребители
Транспорт
Нефтедобыча
Нефтепереработка
Нефтепроводы
Газопроводы
Сельское хозяйство и пищевая пр…
Непромышленные потребители
Государственные (муниципальные…
Население и приравненные групп…
Территориальные сетевые органи…
Выручка отклонения по ПАО Россети на 2023 год
15.6% 15.6%
3.8% 3.8%
1.2% 1.2%
398.2% 398.2%
26.9% 26.9%
-0.6% -0.6%
26.9% 26.9%
1.5% 1.5%
2.7% 2.7%
2.0% 2.0%
-2.0% -2.0%
7.9% 7.9%
⬤ Отклонение, %
Интер РАО (для ФСК)
Промышленные потребители
Транспорт
Нефтедобыча
Нефтепереработка
Нефтепроводы
Газопроводы
Сельское хозяйство и пищевая пр…
Непромышленные потребители
Государственные (муниципальные…
Население и приравненные групп…
Территориальные сетевые органи…
абс.
%
Прогноз на месяц 
Ноябрь
КПО/Отпуск из сети 
Отпуск из сети, млн. кВт.ч
Организация 
Все
Прогноз электропотребления и выручки за услуги по передаче в разрезе отраслей' are not equal
	at com.kms.katalon.core.keyword.builtin.VerifyEqualKeyword$_verifyEqual_closure1.doCall(VerifyEqualKeyword.groovy:58)
	at com.kms.katalon.core.keyword.builtin.VerifyEqualKeyword$_verifyEqual_closure1.call(VerifyEqualKeyword.groovy)
	at com.kms.katalon.core.keyword.internal.KeywordMain.runKeyword(KeywordMain.groovy:75)
	at com.kms.katalon.core.keyword.builtin.VerifyEqualKeyword.verifyEqual(VerifyEqualKeyword.groovy:63)
	at com.kms.katalon.core.keyword.builtin.VerifyEqualKeyword.execute(VerifyEqualKeyword.groovy:44)
	at com.kms.katalon.core.keyword.internal.KeywordExecutor.executeKeywordForPlatform(KeywordExecutor.groovy:74)
	at com.kms.katalon.core.keyword.BuiltinKeywords.verifyEqual(BuiltinKeywords.groovy:146)
	at jdk.internal.reflect.GeneratedMethodAccessor24.invoke(Unknown Source)
	at java.base/jdk.internal.reflect.DelegatingMethodAccessorImpl.invoke(DelegatingMethodAccessorImpl.java:43)
	at Блок руководителя сверка дашбордов под разными учётками.PrognozPoOtraslyam(Блок руководителя сверка дашбордов под разными учётками:1717)
	at Блок руководителя сверка дашбордов под разными учётками.run(Блок руководителя сверка дашбордов под разными учётками:112)
	at com.kms.katalon.core.main.ScriptEngine.run(ScriptEngine.java:194)
	at com.kms.katalon.core.main.ScriptEngine.runScriptAsRawText(ScriptEngine.java:119)
	at com.kms.katalon.core.main.TestCaseExecutor.runScript(TestCaseExecutor.java:448)
	at com.kms.katalon.core.main.TestCaseExecutor.doExecute(TestCaseExecutor.java:439)
	at com.kms.katalon.core.main.TestCaseExecutor.processExecutionPhase(TestCaseExecutor.java:418)
	at com.kms.katalon.core.main.TestCaseExecutor.accessMainPhase(TestCaseExecutor.java:410)
	at com.kms.katalon.core.main.TestCaseExecutor.execute(TestCaseExecutor.java:285)
	at com.kms.katalon.core.common.CommonExecutor.accessTestCaseMainPhase(CommonExecutor.java:65)
	at com.kms.katalon.core.main.TestSuiteExecutor.accessTestSuiteMainPhase(TestSuiteExecutor.java:150)
	at com.kms.katalon.core.main.TestSuiteExecutor.execute(TestSuiteExecutor.java:106)
	at com.kms.katalon.core.main.TestCaseMain.startTestSuite(TestCaseMain.java:180)
	at TempTestSuite1731310890476.run(TempTestSuite1731310890476.groovy:35)
	at java.base/jdk.internal.reflect.NativeMethodAccessorImpl.invoke0(Native Method)
	at java.base/jdk.internal.reflect.NativeMethodAccessorImpl.invoke(NativeMethodAccessorImpl.java:77)
	at java.base/jdk.internal.reflect.DelegatingMethodAccessorImpl.invoke(DelegatingMethodAccessorImpl.java:43)
)

11-11-2024T15:01:57 - [TEST_STEP][FAILED] - verifyEqual(findTestData("PlanFact").getValue(3, b), a2): Unable to verify equal between actual object 'Год 
2023 год
Сравнение с 
Отклонения по ПАО Россети на 2023 год
-492.2 -492.2
7 165.1 7 165.1
689.3 689.3
33 271.7 33 271.7
986.4 986.4
593.8 593.8
764.0 764.0
670.4 670.4
-592.4 -592.4
308.8 308.8
-940.9 -940.9
19 604.1 19 604.1
⬤ Отклонение, млн. кВт.ч
Интер РАО (для ФСК)
Промышленные потребители
Транспорт
Нефтедобыча
Нефтепереработка
Нефтепроводы
Газопроводы
Сельское хозяйство и пищевая пр…
Непромышленные потребители
Государственные (муниципальные…
Население и приравненные групп…
Территориальные сетевые органи…
Выручка отклонения по ПАО Россети на 2023 год
794.9 794.9
12 195.0 12 195.0
972.7 972.7
61 803.9 61 803.9
4 222.3 4 222.3
-121.8 -121.8
666.2 666.2
873.2 873.2
5 809.6 5 809.6
1 342.6 1 342.6
-4 463.2 -4 463.2
18 375.5 18 375.5
⬤ Отклонение, млн. руб.
Интер РАО (для ФСК)
Промышленные потребители
Транспорт
Нефтедобыча
Нефтепереработка
Нефтепроводы
Газопроводы
Сельское хозяйство и пищевая пр…
Непромышленные потребители
Государственные (муниципальные…
Население и приравненные групп…
Территориальные сетевые органи…
Динамика электропотребления, млрд. кВт.ч. по ПАО Россети на 2023 год
10 10
190 190
36 36
14 14
9 9
14 14
4 4
17 17
80 80
19 19
82 82
588 588
10 10
197 197
37 37
48 48
10 10
15 15
4 4
18 18
80 80
19 19
82 82
608 608
План
Ожидаемое (прогноз по конца года)
Интер РАО (дляФСК)
Промышленныепотребители
Транспорт
Нефтедобыча
Нефтепереработка
Нефтепроводы
Газопроводы
Сельскоехозяйство ипищеваяпромышленность
Непромышленныепотребители
Государственные(муниципальные)организации ипрочиебюджетныепотребители
Население иприравненныегруппыпотребителей
Территориальныесетевыеорганизации
Выручка по ПАО Россети на 2023 год
5 5
319 319
81 81
16 16
16 16
20 20
2 2
56 56
215 215
67 67
218 218
239 239
6 6
331 331
82 82
77 77
20 20
20 20
3 3
57 57
220 220
68 68
214 214
258 258
План
Ожидаемое (прогноз по конца года)
Интер РАО (дляФСК)
Промышленныепотребители
Транспорт
Нефтедобыча
Нефтепереработка
Нефтепроводы
Газопроводы
Сельскоехозяйство ипищеваяпромышленность
Непромышленныепотребители
Государственные(муниципальные)организации ипрочиебюджетныепотребители
Население иприравненныегруппыпотребителей
Территориальныесетевыеорганизации
абс.
%
Прогноз на месяц 
Ноябрь
КПО/Отпуск из сети 
Отпуск из сети, млн. кВт.ч
Организация 
Все
Прогноз электропотребления и выручки за услуги по передаче в разрезе отраслей' and expected object 'Год 
2023 год
Сравнение с 
План
Отклонения по ПАО Россети на 2023 год
-492.2 -492.2
7 165.1 7 165.1
689.3 689.3
33 271.7 33 271.7
986.4 986.4
593.8 593.8
764.0 764.0
670.4 670.4
-592.4 -592.4
308.8 308.8
-940.9 -940.9
19 604.1 19 604.1
⬤ Отклонение, млн. кВт.ч
Интер РАО (для ФСК)
Промышленные потребители
Транспорт
Нефтедобыча
Нефтепереработка
Нефтепроводы
Газопроводы
Сельское хозяйство и пищевая пр…
Непромышленные потребители
Государственные (муниципальные…
Население и приравненные групп…
Территориальные сетевые органи…
Выручка отклонения по ПАО Россети на 2023 год
794.9 794.9
12 195.0 12 195.0
972.7 972.7
61 803.9 61 803.9
4 222.3 4 222.3
-121.8 -121.8
666.2 666.2
873.2 873.2
5 809.6 5 809.6
1 342.6 1 342.6
-4 463.2 -4 463.2
18 375.5 18 375.5
⬤ Отклонение, млн. руб.
Интер РАО (для ФСК)
Промышленные потребители
Транспорт
Нефтедобыча
Нефтепереработка
Нефтепроводы
Газопроводы
Сельское хозяйство и пищевая пр…
Непромышленные потребители
Государственные (муниципальные…
Население и приравненные групп…
Территориальные сетевые органи…
Динамика электропотребления, млрд. кВт.ч. по ПАО Россети на 2023 год
10 10
190 190
36 36
14 14
9 9
14 14
4 4
17 17
80 80
19 19
82 82
588 588
10 10
197 197
37 37
48 48
10 10
15 15
4 4
18 18
80 80
19 19
82 82
608 608
План
Ожидаемое (прогноз по конца года)
Интер РАО (дляФСК)
Промышленныепотребители
Транспорт
Нефтедобыча
Нефтепереработка
Нефтепроводы
Газопроводы
Сельскоехозяйство ипищеваяпромышленность
Непромышленныепотребители
Государственные(муниципальные)организации ипрочиебюджетныепотребители
Население иприравненныегруппыпотребителей
Территориальныесетевыеорганизации
Выручка по ПАО Россети на 2023 год
5 5
319 319
81 81
16 16
16 16
20 20
2 2
56 56
215 215
67 67
218 218
239 239
6 6
331 331
82 82
77 77
20 20
20 20
3 3
57 57
220 220
68 68
214 214
258 258
План
Ожидаемое (прогноз по конца года)
Интер РАО (дляФСК)
Промышленныепотребители
Транспорт
Нефтедобыча
Нефтепереработка
Нефтепроводы
Газопроводы
Сельскоехозяйство ипищеваяпромышленность
Непромышленныепотребители
Государственные(муниципальные)организации ипрочиебюджетныепотребители
Население иприравненныегруппыпотребителей
Территориальныесетевыеорганизации
абс.
%
Прогноз на месяц 
Ноябрь
КПО/Отпуск из сети 
Отпуск из сети, млн. кВт.ч
Организация 
Все
Прогноз электропотребления и выручки за услуги по передаче в разрезе отраслей' (Root cause: com.kms.katalon.core.exception.StepFailedException: Actual object 'Год 
2023 год
Сравнение с 
Отклонения по ПАО Россети на 2023 год
-492.2 -492.2
7 165.1 7 165.1
689.3 689.3
33 271.7 33 271.7
986.4 986.4
593.8 593.8
764.0 764.0
670.4 670.4
-592.4 -592.4
308.8 308.8
-940.9 -940.9
19 604.1 19 604.1
⬤ Отклонение, млн. кВт.ч
Интер РАО (для ФСК)
Промышленные потребители
Транспорт
Нефтедобыча
Нефтепереработка
Нефтепроводы
Газопроводы
Сельское хозяйство и пищевая пр…
Непромышленные потребители
Государственные (муниципальные…
Население и приравненные групп…
Территориальные сетевые органи…
Выручка отклонения по ПАО Россети на 2023 год
794.9 794.9
12 195.0 12 195.0
972.7 972.7
61 803.9 61 803.9
4 222.3 4 222.3
-121.8 -121.8
666.2 666.2
873.2 873.2
5 809.6 5 809.6
1 342.6 1 342.6
-4 463.2 -4 463.2
18 375.5 18 375.5
⬤ Отклонение, млн. руб.
Интер РАО (для ФСК)
Промышленные потребители
Транспорт
Нефтедобыча
Нефтепереработка
Нефтепроводы
Газопроводы
Сельское хозяйство и пищевая пр…
Непромышленные потребители
Государственные (муниципальные…
Население и приравненные групп…
Территориальные сетевые органи…
Динамика электропотребления, млрд. кВт.ч. по ПАО Россети на 2023 год
10 10
190 190
36 36
14 14
9 9
14 14
4 4
17 17
80 80
19 19
82 82
588 588
10 10
197 197
37 37
48 48
10 10
15 15
4 4
18 18
80 80
19 19
82 82
608 608
План
Ожидаемое (прогноз по конца года)
Интер РАО (дляФСК)
Промышленныепотребители
Транспорт
Нефтедобыча
Нефтепереработка
Нефтепроводы
Газопроводы
Сельскоехозяйство ипищеваяпромышленность
Непромышленныепотребители
Государственные(муниципальные)организации ипрочиебюджетныепотребители
Население иприравненныегруппыпотребителей
Территориальныесетевыеорганизации
Выручка по ПАО Россети на 2023 год
5 5
319 319
81 81
16 16
16 16
20 20
2 2
56 56
215 215
67 67
218 218
239 239
6 6
331 331
82 82
77 77
20 20
20 20
3 3
57 57
220 220
68 68
214 214
258 258
План
Ожидаемое (прогноз по конца года)
Интер РАО (дляФСК)
Промышленныепотребители
Транспорт
Нефтедобыча
Нефтепереработка
Нефтепроводы
Газопроводы
Сельскоехозяйство ипищеваяпромышленность
Непромышленныепотребители
Государственные(муниципальные)организации ипрочиебюджетныепотребители
Население иприравненныегруппыпотребителей
Территориальныесетевыеорганизации
абс.
%
Прогноз на месяц 
Ноябрь
КПО/Отпуск из сети 
Отпуск из сети, млн. кВт.ч
Организация 
Все
Прогноз электропотребления и выручки за услуги по передаче в разрезе отраслей' and expected object 'Год 
2023 год
Сравнение с 
План
Отклонения по ПАО Россети на 2023 год
-492.2 -492.2
7 165.1 7 165.1
689.3 689.3
33 271.7 33 271.7
986.4 986.4
593.8 593.8
764.0 764.0
670.4 670.4
-592.4 -592.4
308.8 308.8
-940.9 -940.9
19 604.1 19 604.1
⬤ Отклонение, млн. кВт.ч
Интер РАО (для ФСК)
Промышленные потребители
Транспорт
Нефтедобыча
Нефтепереработка
Нефтепроводы
Газопроводы
Сельское хозяйство и пищевая пр…
Непромышленные потребители
Государственные (муниципальные…
Население и приравненные групп…
Территориальные сетевые органи…
Выручка отклонения по ПАО Россети на 2023 год
794.9 794.9
12 195.0 12 195.0
972.7 972.7
61 803.9 61 803.9
4 222.3 4 222.3
-121.8 -121.8
666.2 666.2
873.2 873.2
5 809.6 5 809.6
1 342.6 1 342.6
-4 463.2 -4 463.2
18 375.5 18 375.5
⬤ Отклонение, млн. руб.
Интер РАО (для ФСК)
Промышленные потребители
Транспорт
Нефтедобыча
Нефтепереработка
Нефтепроводы
Газопроводы
Сельское хозяйство и пищевая пр…
Непромышленные потребители
Государственные (муниципальные…
Население и приравненные групп…
Территориальные сетевые органи…
Динамика электропотребления, млрд. кВт.ч. по ПАО Россети на 2023 год
10 10
190 190
36 36
14 14
9 9
14 14
4 4
17 17
80 80
19 19
82 82
588 588
10 10
197 197
37 37
48 48
10 10
15 15
4 4
18 18
80 80
19 19
82 82
608 608
План
Ожидаемое (прогноз по конца года)
Интер РАО (дляФСК)
Промышленныепотребители
Транспорт
Нефтедобыча
Нефтепереработка
Нефтепроводы
Газопроводы
Сельскоехозяйство ипищеваяпромышленность
Непромышленныепотребители
Государственные(муниципальные)организации ипрочиебюджетныепотребители
Население иприравненныегруппыпотребителей
Территориальныесетевыеорганизации
Выручка по ПАО Россети на 2023 год
5 5
319 319
81 81
16 16
16 16
20 20
2 2
56 56
215 215
67 67
218 218
239 239
6 6
331 331
82 82
77 77
20 20
20 20
3 3
57 57
220 220
68 68
214 214
258 258
План
Ожидаемое (прогноз по конца года)
Интер РАО (дляФСК)
Промышленныепотребители
Транспорт
Нефтедобыча
Нефтепереработка
Нефтепроводы
Газопроводы
Сельскоехозяйство ипищеваяпромышленность
Непромышленныепотребители
Государственные(муниципальные)организации ипрочиебюджетныепотребители
Население иприравненныегруппыпотребителей
Территориальныесетевыеорганизации
абс.
%
Прогноз на месяц 
Ноябрь
КПО/Отпуск из сети 
Отпуск из сети, млн. кВт.ч
Организация 
Все
Прогноз электропотребления и выручки за услуги по передаче в разрезе отраслей' are not equal
	at com.kms.katalon.core.keyword.builtin.VerifyEqualKeyword$_verifyEqual_closure1.doCall(VerifyEqualKeyword.groovy:58)
	at com.kms.katalon.core.keyword.builtin.VerifyEqualKeyword$_verifyEqual_closure1.call(VerifyEqualKeyword.groovy)
	at com.kms.katalon.core.keyword.internal.KeywordMain.runKeyword(KeywordMain.groovy:75)
	at com.kms.katalon.core.keyword.builtin.VerifyEqualKeyword.verifyEqual(VerifyEqualKeyword.groovy:63)
	at com.kms.katalon.core.keyword.builtin.VerifyEqualKeyword.execute(VerifyEqualKeyword.groovy:44)
	at com.kms.katalon.core.keyword.internal.KeywordExecutor.executeKeywordForPlatform(KeywordExecutor.groovy:74)
	at com.kms.katalon.core.keyword.BuiltinKeywords.verifyEqual(BuiltinKeywords.groovy:146)
	at jdk.internal.reflect.GeneratedMethodAccessor24.invoke(Unknown Source)
	at java.base/jdk.internal.reflect.DelegatingMethodAccessorImpl.invoke(DelegatingMethodAccessorImpl.java:43)
	at Блок руководителя сверка дашбордов под разными учётками.PrognozPoOtraslyam(Блок руководителя сверка дашбордов под разными учётками:1719)
	at Блок руководителя сверка дашбордов под разными учётками.run(Блок руководителя сверка дашбордов под разными учётками:112)
	at com.kms.katalon.core.main.ScriptEngine.run(ScriptEngine.java:194)
	at com.kms.katalon.core.main.ScriptEngine.runScriptAsRawText(ScriptEngine.java:119)
	at com.kms.katalon.core.main.TestCaseExecutor.runScript(TestCaseExecutor.java:448)
	at com.kms.katalon.core.main.TestCaseExecutor.doExecute(TestCaseExecutor.java:439)
	at com.kms.katalon.core.main.TestCaseExecutor.processExecutionPhase(TestCaseExecutor.java:418)
	at com.kms.katalon.core.main.TestCaseExecutor.accessMainPhase(TestCaseExecutor.java:410)
	at com.kms.katalon.core.main.TestCaseExecutor.execute(TestCaseExecutor.java:285)
	at com.kms.katalon.core.common.CommonExecutor.accessTestCaseMainPhase(CommonExecutor.java:65)
	at com.kms.katalon.core.main.TestSuiteExecutor.accessTestSuiteMainPhase(TestSuiteExecutor.java:150)
	at com.kms.katalon.core.main.TestSuiteExecutor.execute(TestSuiteExecutor.java:106)
	at com.kms.katalon.core.main.TestCaseMain.startTestSuite(TestCaseMain.java:180)
	at TempTestSuite1731310890476.run(TempTestSuite1731310890476.groovy:35)
	at java.base/jdk.internal.reflect.NativeMethodAccessorImpl.invoke0(Native Method)
	at java.base/jdk.internal.reflect.NativeMethodAccessorImpl.invoke(NativeMethodAccessorImpl.java:77)
	at java.base/jdk.internal.reflect.DelegatingMethodAccessorImpl.invoke(DelegatingMethodAccessorImpl.java:43)
)

11-11-2024T15:01:57 - [MESSAGE][FAILED] - Unable to verify equal between actual object 'Год 
2023 год
Сравнение с 
Отклонения по ПАО Россети на 2023 год
-492.2 -492.2
7 165.1 7 165.1
689.3 689.3
33 271.7 33 271.7
986.4 986.4
593.8 593.8
764.0 764.0
670.4 670.4
-592.4 -592.4
308.8 308.8
-940.9 -940.9
19 604.1 19 604.1
⬤ Отклонение, млн. кВт.ч
Интер РАО (для ФСК)
Промышленные потребители
Транспорт
Нефтедобыча
Нефтепереработка
Нефтепроводы
Газопроводы
Сельское хозяйство и пищевая пр…
Непромышленные потребители
Государственные (муниципальные…
Население и приравненные групп…
Территориальные сетевые органи…
Выручка отклонения по ПАО Россети на 2023 год
794.9 794.9
12 195.0 12 195.0
972.7 972.7
61 803.9 61 803.9
4 222.3 4 222.3
-121.8 -121.8
666.2 666.2
873.2 873.2
5 809.6 5 809.6
1 342.6 1 342.6
-4 463.2 -4 463.2
18 375.5 18 375.5
⬤ Отклонение, млн. руб.
Интер РАО (для ФСК)
Промышленные потребители
Транспорт
Нефтедобыча
Нефтепереработка
Нефтепроводы
Газопроводы
Сельское хозяйство и пищевая пр…
Непромышленные потребители
Государственные (муниципальные…
Население и приравненные групп…
Территориальные сетевые органи…
Динамика электропотребления, млрд. кВт.ч. по ПАО Россети на 2023 год
10 10
190 190
36 36
14 14
9 9
14 14
4 4
17 17
80 80
19 19
82 82
588 588
10 10
197 197
37 37
48 48
10 10
15 15
4 4
18 18
80 80
19 19
82 82
608 608
План
Ожидаемое (прогноз по конца года)
Интер РАО (дляФСК)
Промышленныепотребители
Транспорт
Нефтедобыча
Нефтепереработка
Нефтепроводы
Газопроводы
Сельскоехозяйство ипищеваяпромышленность
Непромышленныепотребители
Государственные(муниципальные)организации ипрочиебюджетныепотребители
Население иприравненныегруппыпотребителей
Территориальныесетевыеорганизации
Выручка по ПАО Россети на 2023 год
5 5
319 319
81 81
16 16
16 16
20 20
2 2
56 56
215 215
67 67
218 218
239 239
6 6
331 331
82 82
77 77
20 20
20 20
3 3
57 57
220 220
68 68
214 214
258 258
План
Ожидаемое (прогноз по конца года)
Интер РАО (дляФСК)
Промышленныепотребители
Транспорт
Нефтедобыча
Нефтепереработка
Нефтепроводы
Газопроводы
Сельскоехозяйство ипищеваяпромышленность
Непромышленныепотребители
Государственные(муниципальные)организации ипрочиебюджетныепотребители
Население иприравненныегруппыпотребителей
Территориальныесетевыеорганизации
абс.
%
Прогноз на месяц 
Ноябрь
КПО/Отпуск из сети 
Отпуск из сети, млн. кВт.ч
Организация 
Все
Прогноз электропотребления и выручки за услуги по передаче в разрезе отраслей' and expected object 'Год 
2023 год
Сравнение с 
План
Отклонения по ПАО Россети на 2023 год
-492.2 -492.2
7 165.1 7 165.1
689.3 689.3
33 271.7 33 271.7
986.4 986.4
593.8 593.8
764.0 764.0
670.4 670.4
-592.4 -592.4
308.8 308.8
-940.9 -940.9
19 604.1 19 604.1
⬤ Отклонение, млн. кВт.ч
Интер РАО (для ФСК)
Промышленные потребители
Транспорт
Нефтедобыча
Нефтепереработка
Нефтепроводы
Газопроводы
Сельское хозяйство и пищевая пр…
Непромышленные потребители
Государственные (муниципальные…
Население и приравненные групп…
Территориальные сетевые органи…
Выручка отклонения по ПАО Россети на 2023 год
794.9 794.9
12 195.0 12 195.0
972.7 972.7
61 803.9 61 803.9
4 222.3 4 222.3
-121.8 -121.8
666.2 666.2
873.2 873.2
5 809.6 5 809.6
1 342.6 1 342.6
-4 463.2 -4 463.2
18 375.5 18 375.5
⬤ Отклонение, млн. руб.
Интер РАО (для ФСК)
Промышленные потребители
Транспорт
Нефтедобыча
Нефтепереработка
Нефтепроводы
Газопроводы
Сельское хозяйство и пищевая пр…
Непромышленные потребители
Государственные (муниципальные…
Население и приравненные групп…
Территориальные сетевые органи…
Динамика электропотребления, млрд. кВт.ч. по ПАО Россети на 2023 год
10 10
190 190
36 36
14 14
9 9
14 14
4 4
17 17
80 80
19 19
82 82
588 588
10 10
197 197
37 37
48 48
10 10
15 15
4 4
18 18
80 80
19 19
82 82
608 608
План
Ожидаемое (прогноз по конца года)
Интер РАО (дляФСК)
Промышленныепотребители
Транспорт
Нефтедобыча
Нефтепереработка
Нефтепроводы
Газопроводы
Сельскоехозяйство ипищеваяпромышленность
Непромышленныепотребители
Государственные(муниципальные)организации ипрочиебюджетныепотребители
Население иприравненныегруппыпотребителей
Территориальныесетевыеорганизации
Выручка по ПАО Россети на 2023 год
5 5
319 319
81 81
16 16
16 16
20 20
2 2
56 56
215 215
67 67
218 218
239 239
6 6
331 331
82 82
77 77
20 20
20 20
3 3
57 57
220 220
68 68
214 214
258 258
План
Ожидаемое (прогноз по конца года)
Интер РАО (дляФСК)
Промышленныепотребители
Транспорт
Нефтедобыча
Нефтепереработка
Нефтепроводы
Газопроводы
Сельскоехозяйство ипищеваяпромышленность
Непромышленныепотребители
Государственные(муниципальные)организации ипрочиебюджетныепотребители
Население иприравненныегруппыпотребителей
Территориальныесетевыеорганизации
абс.
%
Прогноз на месяц 
Ноябрь
КПО/Отпуск из сети 
Отпуск из сети, млн. кВт.ч
Организация 
Все
Прогноз электропотребления и выручки за услуги по передаче в разрезе отраслей' (Root cause: com.kms.katalon.core.exception.StepFailedException: Actual object 'Год 
2023 год
Сравнение с 
Отклонения по ПАО Россети на 2023 год
-492.2 -492.2
7 165.1 7 165.1
689.3 689.3
33 271.7 33 271.7
986.4 986.4
593.8 593.8
764.0 764.0
670.4 670.4
-592.4 -592.4
308.8 308.8
-940.9 -940.9
19 604.1 19 604.1
⬤ Отклонение, млн. кВт.ч
Интер РАО (для ФСК)
Промышленные потребители
Транспорт
Нефтедобыча
Нефтепереработка
Нефтепроводы
Газопроводы
Сельское хозяйство и пищевая пр…
Непромышленные потребители
Государственные (муниципальные…
Население и приравненные групп…
Территориальные сетевые органи…
Выручка отклонения по ПАО Россети на 2023 год
794.9 794.9
12 195.0 12 195.0
972.7 972.7
61 803.9 61 803.9
4 222.3 4 222.3
-121.8 -121.8
666.2 666.2
873.2 873.2
5 809.6 5 809.6
1 342.6 1 342.6
-4 463.2 -4 463.2
18 375.5 18 375.5
⬤ Отклонение, млн. руб.
Интер РАО (для ФСК)
Промышленные потребители
Транспорт
Нефтедобыча
Нефтепереработка
Нефтепроводы
Газопроводы
Сельское хозяйство и пищевая пр…
Непромышленные потребители
Государственные (муниципальные…
Население и приравненные групп…
Территориальные сетевые органи…
Динамика электропотребления, млрд. кВт.ч. по ПАО Россети на 2023 год
10 10
190 190
36 36
14 14
9 9
14 14
4 4
17 17
80 80
19 19
82 82
588 588
10 10
197 197
37 37
48 48
10 10
15 15
4 4
18 18
80 80
19 19
82 82
608 608
План
Ожидаемое (прогноз по конца года)
Интер РАО (дляФСК)
Промышленныепотребители
Транспорт
Нефтедобыча
Нефтепереработка
Нефтепроводы
Газопроводы
Сельскоехозяйство ипищеваяпромышленность
Непромышленныепотребители
Государственные(муниципальные)организации ипрочиебюджетныепотребители
Население иприравненныегруппыпотребителей
Территориальныесетевыеорганизации
Выручка по ПАО Россети на 2023 год
5 5
319 319
81 81
16 16
16 16
20 20
2 2
56 56
215 215
67 67
218 218
239 239
6 6
331 331
82 82
77 77
20 20
20 20
3 3
57 57
220 220
68 68
214 214
258 258
План
Ожидаемое (прогноз по конца года)
Интер РАО (дляФСК)
Промышленныепотребители
Транспорт
Нефтедобыча
Нефтепереработка
Нефтепроводы
Газопроводы
Сельскоехозяйство ипищеваяпромышленность
Непромышленныепотребители
Государственные(муниципальные)организации ипрочиебюджетныепотребители
Население иприравненныегруппыпотребителей
Территориальныесетевыеорганизации
абс.
%
Прогноз на месяц 
Ноябрь
КПО/Отпуск из сети 
Отпуск из сети, млн. кВт.ч
Организация 
Все
Прогноз электропотребления и выручки за услуги по передаче в разрезе отраслей' and expected object 'Год 
2023 год
Сравнение с 
План
Отклонения по ПАО Россети на 2023 год
-492.2 -492.2
7 165.1 7 165.1
689.3 689.3
33 271.7 33 271.7
986.4 986.4
593.8 593.8
764.0 764.0
670.4 670.4
-592.4 -592.4
308.8 308.8
-940.9 -940.9
19 604.1 19 604.1
⬤ Отклонение, млн. кВт.ч
Интер РАО (для ФСК)
Промышленные потребители
Транспорт
Нефтедобыча
Нефтепереработка
Нефтепроводы
Газопроводы
Сельское хозяйство и пищевая пр…
Непромышленные потребители
Государственные (муниципальные…
Население и приравненные групп…
Территориальные сетевые органи…
Выручка отклонения по ПАО Россети на 2023 год
794.9 794.9
12 195.0 12 195.0
972.7 972.7
61 803.9 61 803.9
4 222.3 4 222.3
-121.8 -121.8
666.2 666.2
873.2 873.2
5 809.6 5 809.6
1 342.6 1 342.6
-4 463.2 -4 463.2
18 375.5 18 375.5
⬤ Отклонение, млн. руб.
Интер РАО (для ФСК)
Промышленные потребители
Транспорт
Нефтедобыча
Нефтепереработка
Нефтепроводы
Газопроводы
Сельское хозяйство и пищевая пр…
Непромышленные потребители
Государственные (муниципальные…
Население и приравненные групп…
Территориальные сетевые органи…
Динамика электропотребления, млрд. кВт.ч. по ПАО Россети на 2023 год
10 10
190 190
36 36
14 14
9 9
14 14
4 4
17 17
80 80
19 19
82 82
588 588
10 10
197 197
37 37
48 48
10 10
15 15
4 4
18 18
80 80
19 19
82 82
608 608
План
Ожидаемое (прогноз по конца года)
Интер РАО (дляФСК)
Промышленныепотребители
Транспорт
Нефтедобыча
Нефтепереработка
Нефтепроводы
Газопроводы
Сельскоехозяйство ипищеваяпромышленность
Непромышленныепотребители
Государственные(муниципальные)организации ипрочиебюджетныепотребители
Население иприравненныегруппыпотребителей
Территориальныесетевыеорганизации
Выручка по ПАО Россети на 2023 год
5 5
319 319
81 81
16 16
16 16
20 20
2 2
56 56
215 215
67 67
218 218
239 239
6 6
331 331
82 82
77 77
20 20
20 20
3 3
57 57
220 220
68 68
214 214
258 258
План
Ожидаемое (прогноз по конца года)
Интер РАО (дляФСК)
Промышленныепотребители
Транспорт
Нефтедобыча
Нефтепереработка
Нефтепроводы
Газопроводы
Сельскоехозяйство ипищеваяпромышленность
Непромышленныепотребители
Государственные(муниципальные)организации ипрочиебюджетныепотребители
Население иприравненныегруппыпотребителей
Территориальныесетевыеорганизации
абс.
%
Прогноз на месяц 
Ноябрь
КПО/Отпуск из сети 
Отпуск из сети, млн. кВт.ч
Организация 
Все
Прогноз электропотребления и выручки за услуги по передаче в разрезе отраслей' are not equal
	at com.kms.katalon.core.keyword.builtin.VerifyEqualKeyword$_verifyEqual_closure1.doCall(VerifyEqualKeyword.groovy:58)
	at com.kms.katalon.core.keyword.builtin.VerifyEqualKeyword$_verifyEqual_closure1.call(VerifyEqualKeyword.groovy)
	at com.kms.katalon.core.keyword.internal.KeywordMain.runKeyword(KeywordMain.groovy:75)
	at com.kms.katalon.core.keyword.builtin.VerifyEqualKeyword.verifyEqual(VerifyEqualKeyword.groovy:63)
	at com.kms.katalon.core.keyword.builtin.VerifyEqualKeyword.execute(VerifyEqualKeyword.groovy:44)
	at com.kms.katalon.core.keyword.internal.KeywordExecutor.executeKeywordForPlatform(KeywordExecutor.groovy:74)
	at com.kms.katalon.core.keyword.BuiltinKeywords.verifyEqual(BuiltinKeywords.groovy:146)
	at jdk.internal.reflect.GeneratedMethodAccessor24.invoke(Unknown Source)
	at java.base/jdk.internal.reflect.DelegatingMethodAccessorImpl.invoke(DelegatingMethodAccessorImpl.java:43)
	at Блок руководителя сверка дашбордов под разными учётками.PrognozPoOtraslyam(Блок руководителя сверка дашбордов под разными учётками:1719)
	at Блок руководителя сверка дашбордов под разными учётками.run(Блок руководителя сверка дашбордов под разными учётками:112)
	at com.kms.katalon.core.main.ScriptEngine.run(ScriptEngine.java:194)
	at com.kms.katalon.core.main.ScriptEngine.runScriptAsRawText(ScriptEngine.java:119)
	at com.kms.katalon.core.main.TestCaseExecutor.runScript(TestCaseExecutor.java:448)
	at com.kms.katalon.core.main.TestCaseExecutor.doExecute(TestCaseExecutor.java:439)
	at com.kms.katalon.core.main.TestCaseExecutor.processExecutionPhase(TestCaseExecutor.java:418)
	at com.kms.katalon.core.main.TestCaseExecutor.accessMainPhase(TestCaseExecutor.java:410)
	at com.kms.katalon.core.main.TestCaseExecutor.execute(TestCaseExecutor.java:285)
	at com.kms.katalon.core.common.CommonExecutor.accessTestCaseMainPhase(CommonExecutor.java:65)
	at com.kms.katalon.core.main.TestSuiteExecutor.accessTestSuiteMainPhase(TestSuiteExecutor.java:150)
	at com.kms.katalon.core.main.TestSuiteExecutor.execute(TestSuiteExecutor.java:106)
	at com.kms.katalon.core.main.TestCaseMain.startTestSuite(TestCaseMain.java:180)
	at TempTestSuite1731310890476.run(TempTestSuite1731310890476.groovy:35)
	at java.base/jdk.internal.reflect.NativeMethodAccessorImpl.invoke0(Native Method)
	at java.base/jdk.internal.reflect.NativeMethodAccessorImpl.invoke(NativeMethodAccessorImpl.java:77)
	at java.base/jdk.internal.reflect.DelegatingMethodAccessorImpl.invoke(DelegatingMethodAccessorImpl.java:43)
)

11-11-2024T15:01:57 - [TEST_STEP][PASSED] - Script1686231490255.WriteToExcel(user, dashboardName, n, data, run, a1, a2, a3, a4, a5, a6, a7, a8, a9): null

11-11-2024T15:01:57 - [TEST_STEP][PASSED] - sheetName = "Sheet1": null

11-11-2024T15:01:57 - [TEST_STEP][PASSED] - workbook01 = getWorkbook(excelFilePath): null

11-11-2024T15:01:57 - [TEST_STEP][PASSED] - sheet01 = getExcelSheet(workbook01, sheetName): null

11-11-2024T15:01:57 - [TEST_STEP][PASSED] - setValueToCellByIndex(sheet01, n, 0, dashboardName): null

11-11-2024T15:01:57 - [TEST_STEP][PASSED] - setValueToCellByIndex(sheet01, n, 10, user): null

11-11-2024T15:01:57 - [TEST_STEP][PASSED] - setValueToCellByIndex(sheet01, n, 1, a1): null

11-11-2024T15:01:57 - [TEST_STEP][PASSED] - setValueToCellByIndex(sheet01, n, 2, a2): null

11-11-2024T15:01:57 - [TEST_STEP][PASSED] - setValueToCellByIndex(sheet01, n, 3, a3): null

11-11-2024T15:01:57 - [TEST_STEP][PASSED] - setValueToCellByIndex(sheet01, n, 4, a4): null

11-11-2024T15:01:57 - [TEST_STEP][PASSED] - setValueToCellByIndex(sheet01, n, 5, a5): null

11-11-2024T15:01:57 - [TEST_STEP][PASSED] - setValueToCellByIndex(sheet01, n, 6, a6): null

11-11-2024T15:01:57 - [TEST_STEP][PASSED] - setValueToCellByIndex(sheet01, n, 7, a7): null

11-11-2024T15:01:57 - [TEST_STEP][PASSED] - setValueToCellByIndex(sheet01, n, 8, a8): null

11-11-2024T15:01:57 - [TEST_STEP][PASSED] - setValueToCellByIndex(sheet01, n, 9, a9): null

11-11-2024T15:01:57 - [TEST_STEP][PASSED] - n = n + 1: null

11-11-2024T15:01:57 - [TEST_STEP][PASSED] - saveWorkbook(excelFilePath, workbook01): null

11-11-2024T15:01:57 - [TEST_STEP][PASSED] - if (run == 3): null

11-11-2024T15:01:57 - [TEST_STEP][PASSED] - closeBrowser(): null

11-11-2024T15:01:57 - [MESSAGE][PASSED] - Browser is closed

11-11-2024T15:01:57 - [TEST_STEP][PASSED] - PrognozPoOtraslyam(user, dashboardName, n, data, run, a1, a2, a3, a4, a5, a6, a7, a8, a9, urlData): null

11-11-2024T15:01:57 - [TEST_STEP][PASSED] - n = data.getRowNumbers() + 1: null

11-11-2024T15:01:57 - [TEST_STEP][PASSED] - println(n): null

11-11-2024T15:01:57 - [TEST_STEP][PASSED] - dashboardName = "Прогноз по отраслям": null

11-11-2024T15:01:57 - [TEST_STEP][PASSED] - openBrowser(""): Browser is opened with url: ''

11-11-2024T15:01:57 - [MESSAGE][INFO] - Starting 'Chrome' driver

11-11-2024T15:01:57 - [MESSAGE][INFO] - Action delay is set to 0 milliseconds

11-11-2024T15:01:58 - [MESSAGE][PASSED] - Browser is opened with url: ''

11-11-2024T15:01:58 - [TEST_STEP][PASSED] - urlData = 6: null

11-11-2024T15:01:58 - [TEST_STEP][PASSED] - Script1686231490255.CheckPageDownload(urlData, run): null

11-11-2024T15:01:58 - [TEST_STEP][PASSED] - i = 1: null

11-11-2024T15:01:58 - [TEST_STEP][PASSED] - ii = 0: null

11-11-2024T15:01:58 - [TEST_STEP][PASSED] - urlText = <not implemented yet for class: org.codehaus.groovy.ast.expr.EmptyExpression>: null

11-11-2024T15:01:58 - [TEST_STEP][PASSED] - searchWord = <not implemented yet for class: org.codehaus.groovy.ast.expr.EmptyExpression>: null

11-11-2024T15:01:58 - [TEST_STEP][PASSED] - deleteAllCookies(): Delete all cookies successfully

11-11-2024T15:01:58 - [MESSAGE][PASSED] - Delete all cookies successfully

11-11-2024T15:01:58 - [TEST_STEP][PASSED] - refresh(): Refresh successfully

11-11-2024T15:01:58 - [MESSAGE][PASSED] - Refresh successfully

11-11-2024T15:01:58 - [TEST_STEP][PASSED] - delay(65): Delayed 65 second(s)

11-11-2024T15:03:03 - [MESSAGE][PASSED] - Delayed 65 second(s)

11-11-2024T15:03:03 - [TEST_STEP][PASSED] - navigateToUrl(findTestData("PlanFact").getValue(10, urlData)): Navigate to 'https://bi.rosseti.digital/viewer?dashboardGuid=d6acb5b1a7114a9791b34de39263106e&sheetGuid=0b6d261d7f7b4424a967aa8f3a724189&fit=true' successfully

11-11-2024T15:03:10 - [MESSAGE][PASSED] - Navigate to 'https://bi.rosseti.digital/viewer?dashboardGuid=d6acb5b1a7114a9791b34de39263106e&sheetGuid=0b6d261d7f7b4424a967aa8f3a724189&fit=true' successfully

11-11-2024T15:03:10 - [TEST_STEP][PASSED] - pageLoaded1 = verifyElementPresent(findTestObject("Страница авторизации/Text"), 30): Object 'Object Repository/Страница авторизации/Text' is present

11-11-2024T15:03:13 - [MESSAGE][PASSED] - Object 'Object Repository/Страница авторизации/Text' is present

11-11-2024T15:03:13 - [TEST_STEP][PASSED] - if (pageLoaded1 == false): null

11-11-2024T15:03:13 - [TEST_STEP][PASSED] - urlText = getText(findTestObject("Страница авторизации/Text")): Text of object 'Object Repository/Страница авторизации/Text' is: 'Вход'

11-11-2024T15:03:13 - [MESSAGE][PASSED] - Text of object 'Object Repository/Страница авторизации/Text' is: 'Вход'

11-11-2024T15:03:13 - [TEST_STEP][PASSED] - delay(65): Delayed 65 second(s)

11-11-2024T15:04:18 - [MESSAGE][PASSED] - Delayed 65 second(s)

11-11-2024T15:04:18 - [TEST_STEP][PASSED] - searchWord = "Вход": null

11-11-2024T15:04:18 - [TEST_STEP][PASSED] - if (urlText.contains(searchWord) == false): null

11-11-2024T15:04:18 - [TEST_STEP][PASSED] - setText(findTestObject("Страница авторизации/input__username"), findTestData("PlanFact").getValue(8, run)): Text 'Petrova-OV' is set on object 'Object Repository/Страница авторизации/input__username'

11-11-2024T15:04:19 - [MESSAGE][PASSED] - Text 'Petrova-OV' is set on object 'Object Repository/Страница авторизации/input__username'

11-11-2024T15:04:19 - [TEST_STEP][PASSED] - setText(findTestObject("Страница авторизации/input__password"), findTestData("PlanFact").getValue(9, run)): Text '4Ex@~R53r&3x&BVe7' is set on object 'Object Repository/Страница авторизации/input__password'

11-11-2024T15:04:20 - [MESSAGE][PASSED] - Text '4Ex@~R53r&3x&BVe7' is set on object 'Object Repository/Страница авторизации/input__password'

11-11-2024T15:04:20 - [TEST_STEP][PASSED] - click(findTestObject("Страница авторизации/button_")): Object: 'Object Repository/Страница авторизации/button_' is clicked on

11-11-2024T15:04:41 - [MESSAGE][PASSED] - Object: 'Object Repository/Страница авторизации/button_' is clicked on

11-11-2024T15:04:41 - [TEST_STEP][PASSED] - delay(65): Delayed 65 second(s)

11-11-2024T15:05:46 - [MESSAGE][PASSED] - Delayed 65 second(s)

11-11-2024T15:05:46 - [TEST_STEP][PASSED] - searchWord = "а": null

11-11-2024T15:05:46 - [TEST_STEP][PASSED] - pageLoaded2 = verifyElementPresent(findTestObject("Страница авторизации/Text"), 50): Object 'Object Repository/Страница авторизации/Text' is present

11-11-2024T15:05:46 - [MESSAGE][PASSED] - Object 'Object Repository/Страница авторизации/Text' is present

11-11-2024T15:05:46 - [TEST_STEP][PASSED] - if (pageLoaded2 == false): null

11-11-2024T15:05:46 - [TEST_STEP][PASSED] - urlText = getText(findTestObject("Страница авторизации/Text")): Text of object 'Object Repository/Страница авторизации/Text' is: 'Год 
2023 год
Сравнение с 
План
Динамика электропотребления, млрд. кВт.ч. по ПАО Россети на 2023 год
10 10
190 190
36 36
14 14
9 9
14 14
4 4
17 17
80 80
19 19
82 82
588 588
10 10
197 197
37 37
48 48
10 10
15 15
4 4
18 18
80 80
19 19
82 82
608 608
План
Ожидаемое (прогноз по конца года)
Интер РАО (дляФСК)
Промышленныепотребители
Транспорт
Нефтедобыча
Нефтепереработка
Нефтепроводы
Газопроводы
Сельскоехозяйство ипищеваяпромышленность
Непромышленныепотребители
Государственные(муниципальные)организации ипрочиебюджетныепотребители
Население иприравненныегруппыпотребителей
Территориальныесетевыеорганизации
Выручка по ПАО Россети на 2023 год
5 5
319 319
81 81
16 16
16 16
20 20
2 2
56 56
215 215
67 67
218 218
239 239
6 6
331 331
82 82
77 77
20 20
20 20
3 3
57 57
220 220
68 68
214 214
258 258
План
Ожидаемое (прогноз по конца года)
Интер РАО (дляФСК)
Промышленныепотребители
Транспорт
Нефтедобыча
Нефтепереработка
Нефтепроводы
Газопроводы
Сельскоехозяйство ипищеваяпромышленность
Непромышленныепотребители
Государственные(муниципальные)организации ипрочиебюджетныепотребители
Население иприравненныегруппыпотребителей
Территориальныесетевыеорганизации
Отклонения по ПАО Россети на 2023 год
-4.7% -4.7%
3.8% 3.8%
1.9% 1.9%
230.3% 230.3%
10.9% 10.9%
4.2% 4.2%
21.7% 21.7%
3.9% 3.9%
-0.6% -0.6%
1.6% 1.6%
-1.0% -1.0%
3.3% 3.3%
⬤ Отклонение, %
Интер РАО (для ФСК)
Промышленные потребители
Транспорт
Нефтедобыча
Нефтепереработка
Нефтепроводы
Газопроводы
Сельское хозяйство и пищевая пр…
Непромышленные потребители
Государственные (муниципальные…
Население и приравненные групп…
Территориальные сетевые органи…
Выручка отклонения по ПАО Россети на 2023 год
15.6% 15.6%
3.8% 3.8%
1.2% 1.2%
398.2% 398.2%
26.9% 26.9%
-0.6% -0.6%
26.9% 26.9%
1.5% 1.5%
2.7% 2.7%
2.0% 2.0%
-2.0% -2.0%
7.9% 7.9%
⬤ Отклонение, %
Интер РАО (для ФСК)
Промышленные потребители
Транспорт
Нефтедобыча
Нефтепереработка
Нефтепроводы
Газопроводы
Сельское хозяйство и пищевая пр…
Непромышленные потребители
Государственные (муниципальные…
Население и приравненные групп…
Территориальные сетевые органи…
абс.
%
Прогноз на месяц 
Ноябрь
КПО/Отпуск из сети 
Отпуск из сети, млн. кВт.ч
Организация 
Все
Прогноз электропотребления и выручки за услуги по передаче в разрезе отраслей'

11-11-2024T15:05:46 - [MESSAGE][PASSED] - Text of object 'Object Repository/Страница авторизации/Text' is: 'Год 
2023 год
Сравнение с 
План
Динамика электропотребления, млрд. кВт.ч. по ПАО Россети на 2023 год
10 10
190 190
36 36
14 14
9 9
14 14
4 4
17 17
80 80
19 19
82 82
588 588
10 10
197 197
37 37
48 48
10 10
15 15
4 4
18 18
80 80
19 19
82 82
608 608
План
Ожидаемое (прогноз по конца года)
Интер РАО (дляФСК)
Промышленныепотребители
Транспорт
Нефтедобыча
Нефтепереработка
Нефтепроводы
Газопроводы
Сельскоехозяйство ипищеваяпромышленность
Непромышленныепотребители
Государственные(муниципальные)организации ипрочиебюджетныепотребители
Население иприравненныегруппыпотребителей
Территориальныесетевыеорганизации
Выручка по ПАО Россети на 2023 год
5 5
319 319
81 81
16 16
16 16
20 20
2 2
56 56
215 215
67 67
218 218
239 239
6 6
331 331
82 82
77 77
20 20
20 20
3 3
57 57
220 220
68 68
214 214
258 258
План
Ожидаемое (прогноз по конца года)
Интер РАО (дляФСК)
Промышленныепотребители
Транспорт
Нефтедобыча
Нефтепереработка
Нефтепроводы
Газопроводы
Сельскоехозяйство ипищеваяпромышленность
Непромышленныепотребители
Государственные(муниципальные)организации ипрочиебюджетныепотребители
Население иприравненныегруппыпотребителей
Территориальныесетевыеорганизации
Отклонения по ПАО Россети на 2023 год
-4.7% -4.7%
3.8% 3.8%
1.9% 1.9%
230.3% 230.3%
10.9% 10.9%
4.2% 4.2%
21.7% 21.7%
3.9% 3.9%
-0.6% -0.6%
1.6% 1.6%
-1.0% -1.0%
3.3% 3.3%
⬤ Отклонение, %
Интер РАО (для ФСК)
Промышленные потребители
Транспорт
Нефтедобыча
Нефтепереработка
Нефтепроводы
Газопроводы
Сельское хозяйство и пищевая пр…
Непромышленные потребители
Государственные (муниципальные…
Население и приравненные групп…
Территориальные сетевые органи…
Выручка отклонения по ПАО Россети на 2023 год
15.6% 15.6%
3.8% 3.8%
1.2% 1.2%
398.2% 398.2%
26.9% 26.9%
-0.6% -0.6%
26.9% 26.9%
1.5% 1.5%
2.7% 2.7%
2.0% 2.0%
-2.0% -2.0%
7.9% 7.9%
⬤ Отклонение, %
Интер РАО (для ФСК)
Промышленные потребители
Транспорт
Нефтедобыча
Нефтепереработка
Нефтепроводы
Газопроводы
Сельское хозяйство и пищевая пр…
Непромышленные потребители
Государственные (муниципальные…
Население и приравненные групп…
Территориальные сетевые органи…
абс.
%
Прогноз на месяц 
Ноябрь
КПО/Отпуск из сети 
Отпуск из сети, млн. кВт.ч
Организация 
Все
Прогноз электропотребления и выручки за услуги по передаче в разрезе отраслей'

11-11-2024T15:05:46 - [TEST_STEP][PASSED] - if (urlText.contains("ошибка") || urlText.contains(searchWord) == false): null

11-11-2024T15:05:46 - [TEST_STEP][PASSED] - a3 = "": null

11-11-2024T15:05:46 - [TEST_STEP][PASSED] - a4 = "": null

11-11-2024T15:05:46 - [TEST_STEP][PASSED] - a5 = "": null

11-11-2024T15:05:46 - [TEST_STEP][PASSED] - a6 = "": null

11-11-2024T15:05:46 - [TEST_STEP][PASSED] - a7 = "": null

11-11-2024T15:05:46 - [TEST_STEP][PASSED] - a8 = "": null

11-11-2024T15:05:46 - [TEST_STEP][PASSED] - a9 = "": null

11-11-2024T15:05:46 - [TEST_STEP][PASSED] - if (run == 1): null

11-11-2024T15:05:46 - [TEST_STEP][PASSED] - if (run == 2): null

11-11-2024T15:05:46 - [TEST_STEP][FAILED] - if (run == 3): null

11-11-2024T15:05:46 - [TEST_STEP][PASSED] - user = "Попова": null

11-11-2024T15:05:46 - [TEST_STEP][PASSED] - a1 = getText(findTestObject("Прогноз по отраслям/Виджеты дашборда")): Text of object 'Object Repository/Прогноз по отраслям/Виджеты дашборда' is: 'Год 
2023 год
Сравнение с 
План
Динамика электропотребления, млрд. кВт.ч. по ПАО Россети на 2023 год
10 10
190 190
36 36
14 14
9 9
14 14
4 4
17 17
80 80
19 19
82 82
588 588
10 10
197 197
37 37
48 48
10 10
15 15
4 4
18 18
80 80
19 19
82 82
608 608
План
Ожидаемое (прогноз по конца года)
Интер РАО (дляФСК)
Промышленныепотребители
Транспорт
Нефтедобыча
Нефтепереработка
Нефтепроводы
Газопроводы
Сельскоехозяйство ипищеваяпромышленность
Непромышленныепотребители
Государственные(муниципальные)организации ипрочиебюджетныепотребители
Население иприравненныегруппыпотребителей
Территориальныесетевыеорганизации
Выручка по ПАО Россети на 2023 год
5 5
319 319
81 81
16 16
16 16
20 20
2 2
56 56
215 215
67 67
218 218
239 239
6 6
331 331
82 82
77 77
20 20
20 20
3 3
57 57
220 220
68 68
214 214
258 258
План
Ожидаемое (прогноз по конца года)
Интер РАО (дляФСК)
Промышленныепотребители
Транспорт
Нефтедобыча
Нефтепереработка
Нефтепроводы
Газопроводы
Сельскоехозяйство ипищеваяпромышленность
Непромышленныепотребители
Государственные(муниципальные)организации ипрочиебюджетныепотребители
Население иприравненныегруппыпотребителей
Территориальныесетевыеорганизации
Отклонения по ПАО Россети на 2023 год
-4.7% -4.7%
3.8% 3.8%
1.9% 1.9%
230.3% 230.3%
10.9% 10.9%
4.2% 4.2%
21.7% 21.7%
3.9% 3.9%
-0.6% -0.6%
1.6% 1.6%
-1.0% -1.0%
3.3% 3.3%
⬤ Отклонение, %
Интер РАО (для ФСК)
Промышленные потребители
Транспорт
Нефтедобыча
Нефтепереработка
Нефтепроводы
Газопроводы
Сельское хозяйство и пищевая пр…
Непромышленные потребители
Государственные (муниципальные…
Население и приравненные групп…
Территориальные сетевые органи…
Выручка отклонения по ПАО Россети на 2023 год
15.6% 15.6%
3.8% 3.8%
1.2% 1.2%
398.2% 398.2%
26.9% 26.9%
-0.6% -0.6%
26.9% 26.9%
1.5% 1.5%
2.7% 2.7%
2.0% 2.0%
-2.0% -2.0%
7.9% 7.9%
⬤ Отклонение, %
Интер РАО (для ФСК)
Промышленные потребители
Транспорт
Нефтедобыча
Нефтепереработка
Нефтепроводы
Газопроводы
Сельское хозяйство и пищевая пр…
Непромышленные потребители
Государственные (муниципальные…
Население и приравненные групп…
Территориальные сетевые органи…
абс.
%
Прогноз на месяц 
Ноябрь
КПО/Отпуск из сети 
Отпуск из сети, млн. кВт.ч
Организация 
Все
Прогноз электропотребления и выручки за услуги по передаче в разрезе отраслей'

11-11-2024T15:05:47 - [MESSAGE][PASSED] - Text of object 'Object Repository/Прогноз по отраслям/Виджеты дашборда' is: 'Год 
2023 год
Сравнение с 
План
Динамика электропотребления, млрд. кВт.ч. по ПАО Россети на 2023 год
10 10
190 190
36 36
14 14
9 9
14 14
4 4
17 17
80 80
19 19
82 82
588 588
10 10
197 197
37 37
48 48
10 10
15 15
4 4
18 18
80 80
19 19
82 82
608 608
План
Ожидаемое (прогноз по конца года)
Интер РАО (дляФСК)
Промышленныепотребители
Транспорт
Нефтедобыча
Нефтепереработка
Нефтепроводы
Газопроводы
Сельскоехозяйство ипищеваяпромышленность
Непромышленныепотребители
Государственные(муниципальные)организации ипрочиебюджетныепотребители
Население иприравненныегруппыпотребителей
Территориальныесетевыеорганизации
Выручка по ПАО Россети на 2023 год
5 5
319 319
81 81
16 16
16 16
20 20
2 2
56 56
215 215
67 67
218 218
239 239
6 6
331 331
82 82
77 77
20 20
20 20
3 3
57 57
220 220
68 68
214 214
258 258
План
Ожидаемое (прогноз по конца года)
Интер РАО (дляФСК)
Промышленныепотребители
Транспорт
Нефтедобыча
Нефтепереработка
Нефтепроводы
Газопроводы
Сельскоехозяйство ипищеваяпромышленность
Непромышленныепотребители
Государственные(муниципальные)организации ипрочиебюджетныепотребители
Население иприравненныегруппыпотребителей
Территориальныесетевыеорганизации
Отклонения по ПАО Россети на 2023 год
-4.7% -4.7%
3.8% 3.8%
1.9% 1.9%
230.3% 230.3%
10.9% 10.9%
4.2% 4.2%
21.7% 21.7%
3.9% 3.9%
-0.6% -0.6%
1.6% 1.6%
-1.0% -1.0%
3.3% 3.3%
⬤ Отклонение, %
Интер РАО (для ФСК)
Промышленные потребители
Транспорт
Нефтедобыча
Нефтепереработка
Нефтепроводы
Газопроводы
Сельское хозяйство и пищевая пр…
Непромышленные потребители
Государственные (муниципальные…
Население и приравненные групп…
Территориальные сетевые органи…
Выручка отклонения по ПАО Россети на 2023 год
15.6% 15.6%
3.8% 3.8%
1.2% 1.2%
398.2% 398.2%
26.9% 26.9%
-0.6% -0.6%
26.9% 26.9%
1.5% 1.5%
2.7% 2.7%
2.0% 2.0%
-2.0% -2.0%
7.9% 7.9%
⬤ Отклонение, %
Интер РАО (для ФСК)
Промышленные потребители
Транспорт
Нефтедобыча
Нефтепереработка
Нефтепроводы
Газопроводы
Сельское хозяйство и пищевая пр…
Непромышленные потребители
Государственные (муниципальные…
Население и приравненные групп…
Территориальные сетевые органи…
абс.
%
Прогноз на месяц 
Ноябрь
КПО/Отпуск из сети 
Отпуск из сети, млн. кВт.ч
Организация 
Все
Прогноз электропотребления и выручки за услуги по передаче в разрезе отраслей'

11-11-2024T15:05:47 - [TEST_STEP][PASSED] - click(findTestObject("Прогноз по отраслям/Переключить отображение с процентов на абс Блок руководителя")): Object: 'Object Repository/Прогноз по отраслям/Переключить отображение с процентов на абс Блок руководителя' is clicked on

11-11-2024T15:05:47 - [MESSAGE][PASSED] - Object: 'Object Repository/Прогноз по отраслям/Переключить отображение с процентов на абс Блок руководителя' is clicked on

11-11-2024T15:05:47 - [TEST_STEP][PASSED] - a2 = getText(findTestObject("Прогноз по отраслям/Виджеты дашборда")): Text of object 'Object Repository/Прогноз по отраслям/Виджеты дашборда' is: 'Год 
2023 год
Сравнение с 
План
Отклонения по ПАО Россети на 2023 год
-492.2 -492.2
7 165.1 7 165.1
689.3 689.3
33 271.7 33 271.7
986.4 986.4
593.8 593.8
764.0 764.0
670.4 670.4
-592.4 -592.4
308.8 308.8
-940.9 -940.9
19 604.1 19 604.1
⬤ Отклонение, млн. кВт.ч
Интер РАО (для ФСК)
Промышленные потребители
Транспорт
Нефтедобыча
Нефтепереработка
Нефтепроводы
Газопроводы
Сельское хозяйство и пищевая пр…
Непромышленные потребители
Государственные (муниципальные…
Население и приравненные групп…
Территориальные сетевые органи…
Выручка отклонения по ПАО Россети на 2023 год
794.9 794.9
12 195.0 12 195.0
972.7 972.7
61 803.9 61 803.9
4 222.3 4 222.3
-121.8 -121.8
666.2 666.2
873.2 873.2
5 809.6 5 809.6
1 342.6 1 342.6
-4 463.2 -4 463.2
18 375.5 18 375.5
⬤ Отклонение, млн. руб.
Интер РАО (для ФСК)
Промышленные потребители
Транспорт
Нефтедобыча
Нефтепереработка
Нефтепроводы
Газопроводы
Сельское хозяйство и пищевая пр…
Непромышленные потребители
Государственные (муниципальные…
Население и приравненные групп…
Территориальные сетевые органи…
Динамика электропотребления, млрд. кВт.ч. по ПАО Россети на 2023 год
10 10
190 190
36 36
14 14
9 9
14 14
4 4
17 17
80 80
19 19
82 82
588 588
10 10
197 197
37 37
48 48
10 10
15 15
4 4
18 18
80 80
19 19
82 82
608 608
План
Ожидаемое (прогноз по конца года)
Интер РАО (дляФСК)
Промышленныепотребители
Транспорт
Нефтедобыча
Нефтепереработка
Нефтепроводы
Газопроводы
Сельскоехозяйство ипищеваяпромышленность
Непромышленныепотребители
Государственные(муниципальные)организации ипрочиебюджетныепотребители
Население иприравненныегруппыпотребителей
Территориальныесетевыеорганизации
Выручка по ПАО Россети на 2023 год
5 5
319 319
81 81
16 16
16 16
20 20
2 2
56 56
215 215
67 67
218 218
239 239
6 6
331 331
82 82
77 77
20 20
20 20
3 3
57 57
220 220
68 68
214 214
258 258
План
Ожидаемое (прогноз по конца года)
Интер РАО (дляФСК)
Промышленныепотребители
Транспорт
Нефтедобыча
Нефтепереработка
Нефтепроводы
Газопроводы
Сельскоехозяйство ипищеваяпромышленность
Непромышленныепотребители
Государственные(муниципальные)организации ипрочиебюджетныепотребители
Население иприравненныегруппыпотребителей
Территориальныесетевыеорганизации
абс.
%
Прогноз на месяц 
Ноябрь
КПО/Отпуск из сети 
Отпуск из сети, млн. кВт.ч
Организация 
Все
Прогноз электропотребления и выручки за услуги по передаче в разрезе отраслей'

11-11-2024T15:05:48 - [MESSAGE][PASSED] - Text of object 'Object Repository/Прогноз по отраслям/Виджеты дашборда' is: 'Год 
2023 год
Сравнение с 
План
Отклонения по ПАО Россети на 2023 год
-492.2 -492.2
7 165.1 7 165.1
689.3 689.3
33 271.7 33 271.7
986.4 986.4
593.8 593.8
764.0 764.0
670.4 670.4
-592.4 -592.4
308.8 308.8
-940.9 -940.9
19 604.1 19 604.1
⬤ Отклонение, млн. кВт.ч
Интер РАО (для ФСК)
Промышленные потребители
Транспорт
Нефтедобыча
Нефтепереработка
Нефтепроводы
Газопроводы
Сельское хозяйство и пищевая пр…
Непромышленные потребители
Государственные (муниципальные…
Население и приравненные групп…
Территориальные сетевые органи…
Выручка отклонения по ПАО Россети на 2023 год
794.9 794.9
12 195.0 12 195.0
972.7 972.7
61 803.9 61 803.9
4 222.3 4 222.3
-121.8 -121.8
666.2 666.2
873.2 873.2
5 809.6 5 809.6
1 342.6 1 342.6
-4 463.2 -4 463.2
18 375.5 18 375.5
⬤ Отклонение, млн. руб.
Интер РАО (для ФСК)
Промышленные потребители
Транспорт
Нефтедобыча
Нефтепереработка
Нефтепроводы
Газопроводы
Сельское хозяйство и пищевая пр…
Непромышленные потребители
Государственные (муниципальные…
Население и приравненные групп…
Территориальные сетевые органи…
Динамика электропотребления, млрд. кВт.ч. по ПАО Россети на 2023 год
10 10
190 190
36 36
14 14
9 9
14 14
4 4
17 17
80 80
19 19
82 82
588 588
10 10
197 197
37 37
48 48
10 10
15 15
4 4
18 18
80 80
19 19
82 82
608 608
План
Ожидаемое (прогноз по конца года)
Интер РАО (дляФСК)
Промышленныепотребители
Транспорт
Нефтедобыча
Нефтепереработка
Нефтепроводы
Газопроводы
Сельскоехозяйство ипищеваяпромышленность
Непромышленныепотребители
Государственные(муниципальные)организации ипрочиебюджетныепотребители
Население иприравненныегруппыпотребителей
Территориальныесетевыеорганизации
Выручка по ПАО Россети на 2023 год
5 5
319 319
81 81
16 16
16 16
20 20
2 2
56 56
215 215
67 67
218 218
239 239
6 6
331 331
82 82
77 77
20 20
20 20
3 3
57 57
220 220
68 68
214 214
258 258
План
Ожидаемое (прогноз по конца года)
Интер РАО (дляФСК)
Промышленныепотребители
Транспорт
Нефтедобыча
Нефтепереработка
Нефтепроводы
Газопроводы
Сельскоехозяйство ипищеваяпромышленность
Непромышленныепотребители
Государственные(муниципальные)организации ипрочиебюджетныепотребители
Население иприравненныегруппыпотребителей
Территориальныесетевыеорганизации
абс.
%
Прогноз на месяц 
Ноябрь
КПО/Отпуск из сети 
Отпуск из сети, млн. кВт.ч
Организация 
Все
Прогноз электропотребления и выручки за услуги по передаче в разрезе отраслей'

11-11-2024T15:05:48 - [TEST_STEP][PASSED] - click(findTestObject("Прогноз по отраслям/Переключить отображение с абс на проценты")): Object: 'Object Repository/Прогноз по отраслям/Переключить отображение с абс на проценты' is clicked on

11-11-2024T15:05:48 - [MESSAGE][PASSED] - Object: 'Object Repository/Прогноз по отраслям/Переключить отображение с абс на проценты' is clicked on

11-11-2024T15:05:48 - [TEST_STEP][PASSED] - i = a1.indexOf("млрд. кВт.ч."): null

11-11-2024T15:05:48 - [TEST_STEP][PASSED] - if (i > -1): null

11-11-2024T15:05:48 - [TEST_STEP][PASSED] - a1 = a1.substring(0, i) + a1.substring(i + 12, a1.length()): null

11-11-2024T15:05:48 - [TEST_STEP][PASSED] - i = a1.indexOf("Выручка, млрд. руб."): null

11-11-2024T15:05:48 - [TEST_STEP][PASSED] - if (i > -1): null

11-11-2024T15:05:48 - [TEST_STEP][PASSED] - i = a1.indexOf("Выручка"): null

11-11-2024T15:05:48 - [TEST_STEP][PASSED] - if (i > -1): null

11-11-2024T15:05:48 - [TEST_STEP][PASSED] - a1 = a1.substring(0, i) + a1.substring(i + 8, a1.length()): null

11-11-2024T15:05:48 - [TEST_STEP][PASSED] - i = a1.indexOf("по ПАО Россети на 2023 год"): null

11-11-2024T15:05:48 - [TEST_STEP][PASSED] - if (i > -1): null

11-11-2024T15:05:48 - [TEST_STEP][PASSED] - a1 = a1.substring(0, i) + a1.substring(i + 27, a1.length()): null

11-11-2024T15:05:48 - [TEST_STEP][PASSED] - i = a1.indexOf("Отклонения"): null

11-11-2024T15:05:48 - [TEST_STEP][PASSED] - if (i > -1): null

11-11-2024T15:05:48 - [TEST_STEP][PASSED] - a1 = a1.substring(0, i) + a1.substring(i + 11, a1.length()): null

11-11-2024T15:05:48 - [TEST_STEP][PASSED] - i = a1.indexOf("по ПАО Россети на 2023 год"): null

11-11-2024T15:05:48 - [TEST_STEP][PASSED] - if (i > -1): null

11-11-2024T15:05:48 - [TEST_STEP][PASSED] - a1 = a1.substring(0, i) + a1.substring(i + 27, a1.length()): null

11-11-2024T15:05:48 - [TEST_STEP][PASSED] - i = a1.indexOf("по ПАО Россети на 2023 год"): null

11-11-2024T15:05:48 - [TEST_STEP][PASSED] - if (i > -1): null

11-11-2024T15:05:48 - [TEST_STEP][PASSED] - a1 = a1.substring(0, i) + a1.substring(i + 27, a1.length()): null

11-11-2024T15:05:48 - [TEST_STEP][PASSED] - println(a1): null

11-11-2024T15:05:48 - [TEST_STEP][PASSED] - n = n + 35: null

11-11-2024T15:05:48 - [TEST_STEP][PASSED] - b = n - run + 1: null

11-11-2024T15:05:48 - [TEST_STEP][FAILED] - verifyEqual(findTestData("PlanFact").getValue(2, b), a1): Unable to verify equal between actual object 'Год 
2023 год
Сравнение с 
Динамика электропотребления,  10 10
190 190
36 36
14 14
9 9
14 14
4 4
17 17
80 80
19 19
82 82
588 588
10 10
197 197
37 37
48 48
10 10
15 15
4 4
18 18
80 80
19 19
82 82
608 608
План
Ожидаемое (прогноз по конца года)
Интер РАО (дляФСК)
Промышленныепотребители
Транспорт
Нефтедобыча
Нефтепереработка
Нефтепроводы
Газопроводы
Сельскоехозяйство ипищеваяпромышленность
Непромышленныепотребители
Государственные(муниципальные)организации ипрочиебюджетныепотребители
Население иприравненныегруппыпотребителей
Территориальныесетевыеорганизации
5 5
319 319
81 81
16 16
16 16
20 20
2 2
56 56
215 215
67 67
218 218
239 239
6 6
331 331
82 82
77 77
20 20
20 20
3 3
57 57
220 220
68 68
214 214
258 258
План
Ожидаемое (прогноз по конца года)
Интер РАО (дляФСК)
Промышленныепотребители
Транспорт
Нефтедобыча
Нефтепереработка
Нефтепроводы
Газопроводы
Сельскоехозяйство ипищеваяпромышленность
Непромышленныепотребители
Государственные(муниципальные)организации ипрочиебюджетныепотребители
Население иприравненныегруппыпотребителей
Территориальныесетевыеорганизации
-4.7% -4.7%
3.8% 3.8%
1.9% 1.9%
230.3% 230.3%
10.9% 10.9%
4.2% 4.2%
21.7% 21.7%
3.9% 3.9%
-0.6% -0.6%
1.6% 1.6%
-1.0% -1.0%
3.3% 3.3%
⬤ Отклонение, %
Интер РАО (для ФСК)
Промышленные потребители
Транспорт
Нефтедобыча
Нефтепереработка
Нефтепроводы
Газопроводы
Сельское хозяйство и пищевая пр…
Непромышленные потребители
Государственные (муниципальные…
Население и приравненные групп…
Территориальные сетевые органи…
Выручка отклонения по ПАО Россети на 2023 год
15.6% 15.6%
3.8% 3.8%
1.2% 1.2%
398.2% 398.2%
26.9% 26.9%
-0.6% -0.6%
26.9% 26.9%
1.5% 1.5%
2.7% 2.7%
2.0% 2.0%
-2.0% -2.0%
7.9% 7.9%
⬤ Отклонение, %
Интер РАО (для ФСК)
Промышленные потребители
Транспорт
Нефтедобыча
Нефтепереработка
Нефтепроводы
Газопроводы
Сельское хозяйство и пищевая пр…
Непромышленные потребители
Государственные (муниципальные…
Население и приравненные групп…
Территориальные сетевые органи…
абс.
%
Прогноз на месяц 
Ноябрь
КПО/Отпуск из сети 
Отпуск из сети, млн. кВт.ч
Организация 
Все
Прогноз электропотребления и выручки за услуги по передаче в разрезе отраслей' and expected object 'Год 
2023 год
Сравнение с 
План
Динамика электропотребления,  10 10
190 190
36 36
14 14
9 9
14 14
4 4
17 17
80 80
19 19
82 82
588 588
10 10
197 197
37 37
48 48
10 10
15 15
4 4
18 18
80 80
19 19
82 82
608 608
План
Ожидаемое (прогноз по конца года)
Интер РАО (дляФСК)
Промышленныепотребители
Транспорт
Нефтедобыча
Нефтепереработка
Нефтепроводы
Газопроводы
Сельскоехозяйство ипищеваяпромышленность
Непромышленныепотребители
Государственные(муниципальные)организации ипрочиебюджетныепотребители
Население иприравненныегруппыпотребителей
Территориальныесетевыеорганизации
5 5
319 319
81 81
16 16
16 16
20 20
2 2
56 56
215 215
67 67
218 218
239 239
6 6
331 331
82 82
77 77
20 20
20 20
3 3
57 57
220 220
68 68
214 214
258 258
План
Ожидаемое (прогноз по конца года)
Интер РАО (дляФСК)
Промышленныепотребители
Транспорт
Нефтедобыча
Нефтепереработка
Нефтепроводы
Газопроводы
Сельскоехозяйство ипищеваяпромышленность
Непромышленныепотребители
Государственные(муниципальные)организации ипрочиебюджетныепотребители
Население иприравненныегруппыпотребителей
Территориальныесетевыеорганизации
-4.7% -4.7%
3.8% 3.8%
1.9% 1.9%
230.3% 230.3%
10.9% 10.9%
4.2% 4.2%
21.7% 21.7%
3.9% 3.9%
-0.6% -0.6%
1.6% 1.6%
-1.0% -1.0%
3.3% 3.3%
⬤ Отклонение, %
Интер РАО (для ФСК)
Промышленные потребители
Транспорт
Нефтедобыча
Нефтепереработка
Нефтепроводы
Газопроводы
Сельское хозяйство и пищевая пр…
Непромышленные потребители
Государственные (муниципальные…
Население и приравненные групп…
Территориальные сетевые органи…
Выручка отклонения по ПАО Россети на 2023 год
15.6% 15.6%
3.8% 3.8%
1.2% 1.2%
398.2% 398.2%
26.9% 26.9%
-0.6% -0.6%
26.9% 26.9%
1.5% 1.5%
2.7% 2.7%
2.0% 2.0%
-2.0% -2.0%
7.9% 7.9%
⬤ Отклонение, %
Интер РАО (для ФСК)
Промышленные потребители
Транспорт
Нефтедобыча
Нефтепереработка
Нефтепроводы
Газопроводы
Сельское хозяйство и пищевая пр…
Непромышленные потребители
Государственные (муниципальные…
Население и приравненные групп…
Территориальные сетевые органи…
абс.
%
Прогноз на месяц 
Ноябрь
КПО/Отпуск из сети 
Отпуск из сети, млн. кВт.ч
Организация 
Все
Прогноз электропотребления и выручки за услуги по передаче в разрезе отраслей' (Root cause: com.kms.katalon.core.exception.StepFailedException: Actual object 'Год 
2023 год
Сравнение с 
Динамика электропотребления,  10 10
190 190
36 36
14 14
9 9
14 14
4 4
17 17
80 80
19 19
82 82
588 588
10 10
197 197
37 37
48 48
10 10
15 15
4 4
18 18
80 80
19 19
82 82
608 608
План
Ожидаемое (прогноз по конца года)
Интер РАО (дляФСК)
Промышленныепотребители
Транспорт
Нефтедобыча
Нефтепереработка
Нефтепроводы
Газопроводы
Сельскоехозяйство ипищеваяпромышленность
Непромышленныепотребители
Государственные(муниципальные)организации ипрочиебюджетныепотребители
Население иприравненныегруппыпотребителей
Территориальныесетевыеорганизации
5 5
319 319
81 81
16 16
16 16
20 20
2 2
56 56
215 215
67 67
218 218
239 239
6 6
331 331
82 82
77 77
20 20
20 20
3 3
57 57
220 220
68 68
214 214
258 258
План
Ожидаемое (прогноз по конца года)
Интер РАО (дляФСК)
Промышленныепотребители
Транспорт
Нефтедобыча
Нефтепереработка
Нефтепроводы
Газопроводы
Сельскоехозяйство ипищеваяпромышленность
Непромышленныепотребители
Государственные(муниципальные)организации ипрочиебюджетныепотребители
Население иприравненныегруппыпотребителей
Территориальныесетевыеорганизации
-4.7% -4.7%
3.8% 3.8%
1.9% 1.9%
230.3% 230.3%
10.9% 10.9%
4.2% 4.2%
21.7% 21.7%
3.9% 3.9%
-0.6% -0.6%
1.6% 1.6%
-1.0% -1.0%
3.3% 3.3%
⬤ Отклонение, %
Интер РАО (для ФСК)
Промышленные потребители
Транспорт
Нефтедобыча
Нефтепереработка
Нефтепроводы
Газопроводы
Сельское хозяйство и пищевая пр…
Непромышленные потребители
Государственные (муниципальные…
Население и приравненные групп…
Территориальные сетевые органи…
Выручка отклонения по ПАО Россети на 2023 год
15.6% 15.6%
3.8% 3.8%
1.2% 1.2%
398.2% 398.2%
26.9% 26.9%
-0.6% -0.6%
26.9% 26.9%
1.5% 1.5%
2.7% 2.7%
2.0% 2.0%
-2.0% -2.0%
7.9% 7.9%
⬤ Отклонение, %
Интер РАО (для ФСК)
Промышленные потребители
Транспорт
Нефтедобыча
Нефтепереработка
Нефтепроводы
Газопроводы
Сельское хозяйство и пищевая пр…
Непромышленные потребители
Государственные (муниципальные…
Население и приравненные групп…
Территориальные сетевые органи…
абс.
%
Прогноз на месяц 
Ноябрь
КПО/Отпуск из сети 
Отпуск из сети, млн. кВт.ч
Организация 
Все
Прогноз электропотребления и выручки за услуги по передаче в разрезе отраслей' and expected object 'Год 
2023 год
Сравнение с 
План
Динамика электропотребления,  10 10
190 190
36 36
14 14
9 9
14 14
4 4
17 17
80 80
19 19
82 82
588 588
10 10
197 197
37 37
48 48
10 10
15 15
4 4
18 18
80 80
19 19
82 82
608 608
План
Ожидаемое (прогноз по конца года)
Интер РАО (дляФСК)
Промышленныепотребители
Транспорт
Нефтедобыча
Нефтепереработка
Нефтепроводы
Газопроводы
Сельскоехозяйство ипищеваяпромышленность
Непромышленныепотребители
Государственные(муниципальные)организации ипрочиебюджетныепотребители
Население иприравненныегруппыпотребителей
Территориальныесетевыеорганизации
5 5
319 319
81 81
16 16
16 16
20 20
2 2
56 56
215 215
67 67
218 218
239 239
6 6
331 331
82 82
77 77
20 20
20 20
3 3
57 57
220 220
68 68
214 214
258 258
План
Ожидаемое (прогноз по конца года)
Интер РАО (дляФСК)
Промышленныепотребители
Транспорт
Нефтедобыча
Нефтепереработка
Нефтепроводы
Газопроводы
Сельскоехозяйство ипищеваяпромышленность
Непромышленныепотребители
Государственные(муниципальные)организации ипрочиебюджетныепотребители
Население иприравненныегруппыпотребителей
Территориальныесетевыеорганизации
-4.7% -4.7%
3.8% 3.8%
1.9% 1.9%
230.3% 230.3%
10.9% 10.9%
4.2% 4.2%
21.7% 21.7%
3.9% 3.9%
-0.6% -0.6%
1.6% 1.6%
-1.0% -1.0%
3.3% 3.3%
⬤ Отклонение, %
Интер РАО (для ФСК)
Промышленные потребители
Транспорт
Нефтедобыча
Нефтепереработка
Нефтепроводы
Газопроводы
Сельское хозяйство и пищевая пр…
Непромышленные потребители
Государственные (муниципальные…
Население и приравненные групп…
Территориальные сетевые органи…
Выручка отклонения по ПАО Россети на 2023 год
15.6% 15.6%
3.8% 3.8%
1.2% 1.2%
398.2% 398.2%
26.9% 26.9%
-0.6% -0.6%
26.9% 26.9%
1.5% 1.5%
2.7% 2.7%
2.0% 2.0%
-2.0% -2.0%
7.9% 7.9%
⬤ Отклонение, %
Интер РАО (для ФСК)
Промышленные потребители
Транспорт
Нефтедобыча
Нефтепереработка
Нефтепроводы
Газопроводы
Сельское хозяйство и пищевая пр…
Непромышленные потребители
Государственные (муниципальные…
Население и приравненные групп…
Территориальные сетевые органи…
абс.
%
Прогноз на месяц 
Ноябрь
КПО/Отпуск из сети 
Отпуск из сети, млн. кВт.ч
Организация 
Все
Прогноз электропотребления и выручки за услуги по передаче в разрезе отраслей' are not equal
	at com.kms.katalon.core.keyword.builtin.VerifyEqualKeyword$_verifyEqual_closure1.doCall(VerifyEqualKeyword.groovy:58)
	at com.kms.katalon.core.keyword.builtin.VerifyEqualKeyword$_verifyEqual_closure1.call(VerifyEqualKeyword.groovy)
	at com.kms.katalon.core.keyword.internal.KeywordMain.runKeyword(KeywordMain.groovy:75)
	at com.kms.katalon.core.keyword.builtin.VerifyEqualKeyword.verifyEqual(VerifyEqualKeyword.groovy:63)
	at com.kms.katalon.core.keyword.builtin.VerifyEqualKeyword.execute(VerifyEqualKeyword.groovy:44)
	at com.kms.katalon.core.keyword.internal.KeywordExecutor.executeKeywordForPlatform(KeywordExecutor.groovy:74)
	at com.kms.katalon.core.keyword.BuiltinKeywords.verifyEqual(BuiltinKeywords.groovy:146)
	at jdk.internal.reflect.GeneratedMethodAccessor24.invoke(Unknown Source)
	at java.base/jdk.internal.reflect.DelegatingMethodAccessorImpl.invoke(DelegatingMethodAccessorImpl.java:43)
	at Блок руководителя сверка дашбордов под разными учётками.PrognozPoOtraslyam(Блок руководителя сверка дашбордов под разными учётками:1783)
	at Блок руководителя сверка дашбордов под разными учётками.run(Блок руководителя сверка дашбордов под разными учётками:112)
	at com.kms.katalon.core.main.ScriptEngine.run(ScriptEngine.java:194)
	at com.kms.katalon.core.main.ScriptEngine.runScriptAsRawText(ScriptEngine.java:119)
	at com.kms.katalon.core.main.TestCaseExecutor.runScript(TestCaseExecutor.java:448)
	at com.kms.katalon.core.main.TestCaseExecutor.doExecute(TestCaseExecutor.java:439)
	at com.kms.katalon.core.main.TestCaseExecutor.processExecutionPhase(TestCaseExecutor.java:418)
	at com.kms.katalon.core.main.TestCaseExecutor.accessMainPhase(TestCaseExecutor.java:410)
	at com.kms.katalon.core.main.TestCaseExecutor.execute(TestCaseExecutor.java:285)
	at com.kms.katalon.core.common.CommonExecutor.accessTestCaseMainPhase(CommonExecutor.java:65)
	at com.kms.katalon.core.main.TestSuiteExecutor.accessTestSuiteMainPhase(TestSuiteExecutor.java:150)
	at com.kms.katalon.core.main.TestSuiteExecutor.execute(TestSuiteExecutor.java:106)
	at com.kms.katalon.core.main.TestCaseMain.startTestSuite(TestCaseMain.java:180)
	at TempTestSuite1731310890476.run(TempTestSuite1731310890476.groovy:35)
	at java.base/jdk.internal.reflect.NativeMethodAccessorImpl.invoke0(Native Method)
	at java.base/jdk.internal.reflect.NativeMethodAccessorImpl.invoke(NativeMethodAccessorImpl.java:77)
	at java.base/jdk.internal.reflect.DelegatingMethodAccessorImpl.invoke(DelegatingMethodAccessorImpl.java:43)
)

11-11-2024T15:05:48 - [MESSAGE][FAILED] - Unable to verify equal between actual object 'Год 
2023 год
Сравнение с 
Динамика электропотребления,  10 10
190 190
36 36
14 14
9 9
14 14
4 4
17 17
80 80
19 19
82 82
588 588
10 10
197 197
37 37
48 48
10 10
15 15
4 4
18 18
80 80
19 19
82 82
608 608
План
Ожидаемое (прогноз по конца года)
Интер РАО (дляФСК)
Промышленныепотребители
Транспорт
Нефтедобыча
Нефтепереработка
Нефтепроводы
Газопроводы
Сельскоехозяйство ипищеваяпромышленность
Непромышленныепотребители
Государственные(муниципальные)организации ипрочиебюджетныепотребители
Население иприравненныегруппыпотребителей
Территориальныесетевыеорганизации
5 5
319 319
81 81
16 16
16 16
20 20
2 2
56 56
215 215
67 67
218 218
239 239
6 6
331 331
82 82
77 77
20 20
20 20
3 3
57 57
220 220
68 68
214 214
258 258
План
Ожидаемое (прогноз по конца года)
Интер РАО (дляФСК)
Промышленныепотребители
Транспорт
Нефтедобыча
Нефтепереработка
Нефтепроводы
Газопроводы
Сельскоехозяйство ипищеваяпромышленность
Непромышленныепотребители
Государственные(муниципальные)организации ипрочиебюджетныепотребители
Население иприравненныегруппыпотребителей
Территориальныесетевыеорганизации
-4.7% -4.7%
3.8% 3.8%
1.9% 1.9%
230.3% 230.3%
10.9% 10.9%
4.2% 4.2%
21.7% 21.7%
3.9% 3.9%
-0.6% -0.6%
1.6% 1.6%
-1.0% -1.0%
3.3% 3.3%
⬤ Отклонение, %
Интер РАО (для ФСК)
Промышленные потребители
Транспорт
Нефтедобыча
Нефтепереработка
Нефтепроводы
Газопроводы
Сельское хозяйство и пищевая пр…
Непромышленные потребители
Государственные (муниципальные…
Население и приравненные групп…
Территориальные сетевые органи…
Выручка отклонения по ПАО Россети на 2023 год
15.6% 15.6%
3.8% 3.8%
1.2% 1.2%
398.2% 398.2%
26.9% 26.9%
-0.6% -0.6%
26.9% 26.9%
1.5% 1.5%
2.7% 2.7%
2.0% 2.0%
-2.0% -2.0%
7.9% 7.9%
⬤ Отклонение, %
Интер РАО (для ФСК)
Промышленные потребители
Транспорт
Нефтедобыча
Нефтепереработка
Нефтепроводы
Газопроводы
Сельское хозяйство и пищевая пр…
Непромышленные потребители
Государственные (муниципальные…
Население и приравненные групп…
Территориальные сетевые органи…
абс.
%
Прогноз на месяц 
Ноябрь
КПО/Отпуск из сети 
Отпуск из сети, млн. кВт.ч
Организация 
Все
Прогноз электропотребления и выручки за услуги по передаче в разрезе отраслей' and expected object 'Год 
2023 год
Сравнение с 
План
Динамика электропотребления,  10 10
190 190
36 36
14 14
9 9
14 14
4 4
17 17
80 80
19 19
82 82
588 588
10 10
197 197
37 37
48 48
10 10
15 15
4 4
18 18
80 80
19 19
82 82
608 608
План
Ожидаемое (прогноз по конца года)
Интер РАО (дляФСК)
Промышленныепотребители
Транспорт
Нефтедобыча
Нефтепереработка
Нефтепроводы
Газопроводы
Сельскоехозяйство ипищеваяпромышленность
Непромышленныепотребители
Государственные(муниципальные)организации ипрочиебюджетныепотребители
Население иприравненныегруппыпотребителей
Территориальныесетевыеорганизации
5 5
319 319
81 81
16 16
16 16
20 20
2 2
56 56
215 215
67 67
218 218
239 239
6 6
331 331
82 82
77 77
20 20
20 20
3 3
57 57
220 220
68 68
214 214
258 258
План
Ожидаемое (прогноз по конца года)
Интер РАО (дляФСК)
Промышленныепотребители
Транспорт
Нефтедобыча
Нефтепереработка
Нефтепроводы
Газопроводы
Сельскоехозяйство ипищеваяпромышленность
Непромышленныепотребители
Государственные(муниципальные)организации ипрочиебюджетныепотребители
Население иприравненныегруппыпотребителей
Территориальныесетевыеорганизации
-4.7% -4.7%
3.8% 3.8%
1.9% 1.9%
230.3% 230.3%
10.9% 10.9%
4.2% 4.2%
21.7% 21.7%
3.9% 3.9%
-0.6% -0.6%
1.6% 1.6%
-1.0% -1.0%
3.3% 3.3%
⬤ Отклонение, %
Интер РАО (для ФСК)
Промышленные потребители
Транспорт
Нефтедобыча
Нефтепереработка
Нефтепроводы
Газопроводы
Сельское хозяйство и пищевая пр…
Непромышленные потребители
Государственные (муниципальные…
Население и приравненные групп…
Территориальные сетевые органи…
Выручка отклонения по ПАО Россети на 2023 год
15.6% 15.6%
3.8% 3.8%
1.2% 1.2%
398.2% 398.2%
26.9% 26.9%
-0.6% -0.6%
26.9% 26.9%
1.5% 1.5%
2.7% 2.7%
2.0% 2.0%
-2.0% -2.0%
7.9% 7.9%
⬤ Отклонение, %
Интер РАО (для ФСК)
Промышленные потребители
Транспорт
Нефтедобыча
Нефтепереработка
Нефтепроводы
Газопроводы
Сельское хозяйство и пищевая пр…
Непромышленные потребители
Государственные (муниципальные…
Население и приравненные групп…
Территориальные сетевые органи…
абс.
%
Прогноз на месяц 
Ноябрь
КПО/Отпуск из сети 
Отпуск из сети, млн. кВт.ч
Организация 
Все
Прогноз электропотребления и выручки за услуги по передаче в разрезе отраслей' (Root cause: com.kms.katalon.core.exception.StepFailedException: Actual object 'Год 
2023 год
Сравнение с 
Динамика электропотребления,  10 10
190 190
36 36
14 14
9 9
14 14
4 4
17 17
80 80
19 19
82 82
588 588
10 10
197 197
37 37
48 48
10 10
15 15
4 4
18 18
80 80
19 19
82 82
608 608
План
Ожидаемое (прогноз по конца года)
Интер РАО (дляФСК)
Промышленныепотребители
Транспорт
Нефтедобыча
Нефтепереработка
Нефтепроводы
Газопроводы
Сельскоехозяйство ипищеваяпромышленность
Непромышленныепотребители
Государственные(муниципальные)организации ипрочиебюджетныепотребители
Население иприравненныегруппыпотребителей
Территориальныесетевыеорганизации
5 5
319 319
81 81
16 16
16 16
20 20
2 2
56 56
215 215
67 67
218 218
239 239
6 6
331 331
82 82
77 77
20 20
20 20
3 3
57 57
220 220
68 68
214 214
258 258
План
Ожидаемое (прогноз по конца года)
Интер РАО (дляФСК)
Промышленныепотребители
Транспорт
Нефтедобыча
Нефтепереработка
Нефтепроводы
Газопроводы
Сельскоехозяйство ипищеваяпромышленность
Непромышленныепотребители
Государственные(муниципальные)организации ипрочиебюджетныепотребители
Население иприравненныегруппыпотребителей
Территориальныесетевыеорганизации
-4.7% -4.7%
3.8% 3.8%
1.9% 1.9%
230.3% 230.3%
10.9% 10.9%
4.2% 4.2%
21.7% 21.7%
3.9% 3.9%
-0.6% -0.6%
1.6% 1.6%
-1.0% -1.0%
3.3% 3.3%
⬤ Отклонение, %
Интер РАО (для ФСК)
Промышленные потребители
Транспорт
Нефтедобыча
Нефтепереработка
Нефтепроводы
Газопроводы
Сельское хозяйство и пищевая пр…
Непромышленные потребители
Государственные (муниципальные…
Население и приравненные групп…
Территориальные сетевые органи…
Выручка отклонения по ПАО Россети на 2023 год
15.6% 15.6%
3.8% 3.8%
1.2% 1.2%
398.2% 398.2%
26.9% 26.9%
-0.6% -0.6%
26.9% 26.9%
1.5% 1.5%
2.7% 2.7%
2.0% 2.0%
-2.0% -2.0%
7.9% 7.9%
⬤ Отклонение, %
Интер РАО (для ФСК)
Промышленные потребители
Транспорт
Нефтедобыча
Нефтепереработка
Нефтепроводы
Газопроводы
Сельское хозяйство и пищевая пр…
Непромышленные потребители
Государственные (муниципальные…
Население и приравненные групп…
Территориальные сетевые органи…
абс.
%
Прогноз на месяц 
Ноябрь
КПО/Отпуск из сети 
Отпуск из сети, млн. кВт.ч
Организация 
Все
Прогноз электропотребления и выручки за услуги по передаче в разрезе отраслей' and expected object 'Год 
2023 год
Сравнение с 
План
Динамика электропотребления,  10 10
190 190
36 36
14 14
9 9
14 14
4 4
17 17
80 80
19 19
82 82
588 588
10 10
197 197
37 37
48 48
10 10
15 15
4 4
18 18
80 80
19 19
82 82
608 608
План
Ожидаемое (прогноз по конца года)
Интер РАО (дляФСК)
Промышленныепотребители
Транспорт
Нефтедобыча
Нефтепереработка
Нефтепроводы
Газопроводы
Сельскоехозяйство ипищеваяпромышленность
Непромышленныепотребители
Государственные(муниципальные)организации ипрочиебюджетныепотребители
Население иприравненныегруппыпотребителей
Территориальныесетевыеорганизации
5 5
319 319
81 81
16 16
16 16
20 20
2 2
56 56
215 215
67 67
218 218
239 239
6 6
331 331
82 82
77 77
20 20
20 20
3 3
57 57
220 220
68 68
214 214
258 258
План
Ожидаемое (прогноз по конца года)
Интер РАО (дляФСК)
Промышленныепотребители
Транспорт
Нефтедобыча
Нефтепереработка
Нефтепроводы
Газопроводы
Сельскоехозяйство ипищеваяпромышленность
Непромышленныепотребители
Государственные(муниципальные)организации ипрочиебюджетныепотребители
Население иприравненныегруппыпотребителей
Территориальныесетевыеорганизации
-4.7% -4.7%
3.8% 3.8%
1.9% 1.9%
230.3% 230.3%
10.9% 10.9%
4.2% 4.2%
21.7% 21.7%
3.9% 3.9%
-0.6% -0.6%
1.6% 1.6%
-1.0% -1.0%
3.3% 3.3%
⬤ Отклонение, %
Интер РАО (для ФСК)
Промышленные потребители
Транспорт
Нефтедобыча
Нефтепереработка
Нефтепроводы
Газопроводы
Сельское хозяйство и пищевая пр…
Непромышленные потребители
Государственные (муниципальные…
Население и приравненные групп…
Территориальные сетевые органи…
Выручка отклонения по ПАО Россети на 2023 год
15.6% 15.6%
3.8% 3.8%
1.2% 1.2%
398.2% 398.2%
26.9% 26.9%
-0.6% -0.6%
26.9% 26.9%
1.5% 1.5%
2.7% 2.7%
2.0% 2.0%
-2.0% -2.0%
7.9% 7.9%
⬤ Отклонение, %
Интер РАО (для ФСК)
Промышленные потребители
Транспорт
Нефтедобыча
Нефтепереработка
Нефтепроводы
Газопроводы
Сельское хозяйство и пищевая пр…
Непромышленные потребители
Государственные (муниципальные…
Население и приравненные групп…
Территориальные сетевые органи…
абс.
%
Прогноз на месяц 
Ноябрь
КПО/Отпуск из сети 
Отпуск из сети, млн. кВт.ч
Организация 
Все
Прогноз электропотребления и выручки за услуги по передаче в разрезе отраслей' are not equal
	at com.kms.katalon.core.keyword.builtin.VerifyEqualKeyword$_verifyEqual_closure1.doCall(VerifyEqualKeyword.groovy:58)
	at com.kms.katalon.core.keyword.builtin.VerifyEqualKeyword$_verifyEqual_closure1.call(VerifyEqualKeyword.groovy)
	at com.kms.katalon.core.keyword.internal.KeywordMain.runKeyword(KeywordMain.groovy:75)
	at com.kms.katalon.core.keyword.builtin.VerifyEqualKeyword.verifyEqual(VerifyEqualKeyword.groovy:63)
	at com.kms.katalon.core.keyword.builtin.VerifyEqualKeyword.execute(VerifyEqualKeyword.groovy:44)
	at com.kms.katalon.core.keyword.internal.KeywordExecutor.executeKeywordForPlatform(KeywordExecutor.groovy:74)
	at com.kms.katalon.core.keyword.BuiltinKeywords.verifyEqual(BuiltinKeywords.groovy:146)
	at jdk.internal.reflect.GeneratedMethodAccessor24.invoke(Unknown Source)
	at java.base/jdk.internal.reflect.DelegatingMethodAccessorImpl.invoke(DelegatingMethodAccessorImpl.java:43)
	at Блок руководителя сверка дашбордов под разными учётками.PrognozPoOtraslyam(Блок руководителя сверка дашбордов под разными учётками:1783)
	at Блок руководителя сверка дашбордов под разными учётками.run(Блок руководителя сверка дашбордов под разными учётками:112)
	at com.kms.katalon.core.main.ScriptEngine.run(ScriptEngine.java:194)
	at com.kms.katalon.core.main.ScriptEngine.runScriptAsRawText(ScriptEngine.java:119)
	at com.kms.katalon.core.main.TestCaseExecutor.runScript(TestCaseExecutor.java:448)
	at com.kms.katalon.core.main.TestCaseExecutor.doExecute(TestCaseExecutor.java:439)
	at com.kms.katalon.core.main.TestCaseExecutor.processExecutionPhase(TestCaseExecutor.java:418)
	at com.kms.katalon.core.main.TestCaseExecutor.accessMainPhase(TestCaseExecutor.java:410)
	at com.kms.katalon.core.main.TestCaseExecutor.execute(TestCaseExecutor.java:285)
	at com.kms.katalon.core.common.CommonExecutor.accessTestCaseMainPhase(CommonExecutor.java:65)
	at com.kms.katalon.core.main.TestSuiteExecutor.accessTestSuiteMainPhase(TestSuiteExecutor.java:150)
	at com.kms.katalon.core.main.TestSuiteExecutor.execute(TestSuiteExecutor.java:106)
	at com.kms.katalon.core.main.TestCaseMain.startTestSuite(TestCaseMain.java:180)
	at TempTestSuite1731310890476.run(TempTestSuite1731310890476.groovy:35)
	at java.base/jdk.internal.reflect.NativeMethodAccessorImpl.invoke0(Native Method)
	at java.base/jdk.internal.reflect.NativeMethodAccessorImpl.invoke(NativeMethodAccessorImpl.java:77)
	at java.base/jdk.internal.reflect.DelegatingMethodAccessorImpl.invoke(DelegatingMethodAccessorImpl.java:43)
)

11-11-2024T15:05:48 - [TEST_STEP][FAILED] - verifyEqual(findTestData("PlanFact").getValue(3, b), a2): Unable to verify equal between actual object 'Год 
2023 год
Сравнение с 
Отклонения по ПАО Россети на 2023 год
-492.2 -492.2
7 165.1 7 165.1
689.3 689.3
33 271.7 33 271.7
986.4 986.4
593.8 593.8
764.0 764.0
670.4 670.4
-592.4 -592.4
308.8 308.8
-940.9 -940.9
19 604.1 19 604.1
⬤ Отклонение, млн. кВт.ч
Интер РАО (для ФСК)
Промышленные потребители
Транспорт
Нефтедобыча
Нефтепереработка
Нефтепроводы
Газопроводы
Сельское хозяйство и пищевая пр…
Непромышленные потребители
Государственные (муниципальные…
Население и приравненные групп…
Территориальные сетевые органи…
Выручка отклонения по ПАО Россети на 2023 год
794.9 794.9
12 195.0 12 195.0
972.7 972.7
61 803.9 61 803.9
4 222.3 4 222.3
-121.8 -121.8
666.2 666.2
873.2 873.2
5 809.6 5 809.6
1 342.6 1 342.6
-4 463.2 -4 463.2
18 375.5 18 375.5
⬤ Отклонение, млн. руб.
Интер РАО (для ФСК)
Промышленные потребители
Транспорт
Нефтедобыча
Нефтепереработка
Нефтепроводы
Газопроводы
Сельское хозяйство и пищевая пр…
Непромышленные потребители
Государственные (муниципальные…
Население и приравненные групп…
Территориальные сетевые органи…
Динамика электропотребления, млрд. кВт.ч. по ПАО Россети на 2023 год
10 10
190 190
36 36
14 14
9 9
14 14
4 4
17 17
80 80
19 19
82 82
588 588
10 10
197 197
37 37
48 48
10 10
15 15
4 4
18 18
80 80
19 19
82 82
608 608
План
Ожидаемое (прогноз по конца года)
Интер РАО (дляФСК)
Промышленныепотребители
Транспорт
Нефтедобыча
Нефтепереработка
Нефтепроводы
Газопроводы
Сельскоехозяйство ипищеваяпромышленность
Непромышленныепотребители
Государственные(муниципальные)организации ипрочиебюджетныепотребители
Население иприравненныегруппыпотребителей
Территориальныесетевыеорганизации
Выручка по ПАО Россети на 2023 год
5 5
319 319
81 81
16 16
16 16
20 20
2 2
56 56
215 215
67 67
218 218
239 239
6 6
331 331
82 82
77 77
20 20
20 20
3 3
57 57
220 220
68 68
214 214
258 258
План
Ожидаемое (прогноз по конца года)
Интер РАО (дляФСК)
Промышленныепотребители
Транспорт
Нефтедобыча
Нефтепереработка
Нефтепроводы
Газопроводы
Сельскоехозяйство ипищеваяпромышленность
Непромышленныепотребители
Государственные(муниципальные)организации ипрочиебюджетныепотребители
Население иприравненныегруппыпотребителей
Территориальныесетевыеорганизации
абс.
%
Прогноз на месяц 
Ноябрь
КПО/Отпуск из сети 
Отпуск из сети, млн. кВт.ч
Организация 
Все
Прогноз электропотребления и выручки за услуги по передаче в разрезе отраслей' and expected object 'Год 
2023 год
Сравнение с 
План
Отклонения по ПАО Россети на 2023 год
-492.2 -492.2
7 165.1 7 165.1
689.3 689.3
33 271.7 33 271.7
986.4 986.4
593.8 593.8
764.0 764.0
670.4 670.4
-592.4 -592.4
308.8 308.8
-940.9 -940.9
19 604.1 19 604.1
⬤ Отклонение, млн. кВт.ч
Интер РАО (для ФСК)
Промышленные потребители
Транспорт
Нефтедобыча
Нефтепереработка
Нефтепроводы
Газопроводы
Сельское хозяйство и пищевая пр…
Непромышленные потребители
Государственные (муниципальные…
Население и приравненные групп…
Территориальные сетевые органи…
Выручка отклонения по ПАО Россети на 2023 год
794.9 794.9
12 195.0 12 195.0
972.7 972.7
61 803.9 61 803.9
4 222.3 4 222.3
-121.8 -121.8
666.2 666.2
873.2 873.2
5 809.6 5 809.6
1 342.6 1 342.6
-4 463.2 -4 463.2
18 375.5 18 375.5
⬤ Отклонение, млн. руб.
Интер РАО (для ФСК)
Промышленные потребители
Транспорт
Нефтедобыча
Нефтепереработка
Нефтепроводы
Газопроводы
Сельское хозяйство и пищевая пр…
Непромышленные потребители
Государственные (муниципальные…
Население и приравненные групп…
Территориальные сетевые органи…
Динамика электропотребления, млрд. кВт.ч. по ПАО Россети на 2023 год
10 10
190 190
36 36
14 14
9 9
14 14
4 4
17 17
80 80
19 19
82 82
588 588
10 10
197 197
37 37
48 48
10 10
15 15
4 4
18 18
80 80
19 19
82 82
608 608
План
Ожидаемое (прогноз по конца года)
Интер РАО (дляФСК)
Промышленныепотребители
Транспорт
Нефтедобыча
Нефтепереработка
Нефтепроводы
Газопроводы
Сельскоехозяйство ипищеваяпромышленность
Непромышленныепотребители
Государственные(муниципальные)организации ипрочиебюджетныепотребители
Население иприравненныегруппыпотребителей
Территориальныесетевыеорганизации
Выручка по ПАО Россети на 2023 год
5 5
319 319
81 81
16 16
16 16
20 20
2 2
56 56
215 215
67 67
218 218
239 239
6 6
331 331
82 82
77 77
20 20
20 20
3 3
57 57
220 220
68 68
214 214
258 258
План
Ожидаемое (прогноз по конца года)
Интер РАО (дляФСК)
Промышленныепотребители
Транспорт
Нефтедобыча
Нефтепереработка
Нефтепроводы
Газопроводы
Сельскоехозяйство ипищеваяпромышленность
Непромышленныепотребители
Государственные(муниципальные)организации ипрочиебюджетныепотребители
Население иприравненныегруппыпотребителей
Территориальныесетевыеорганизации
абс.
%
Прогноз на месяц 
Ноябрь
КПО/Отпуск из сети 
Отпуск из сети, млн. кВт.ч
Организация 
Все
Прогноз электропотребления и выручки за услуги по передаче в разрезе отраслей' (Root cause: com.kms.katalon.core.exception.StepFailedException: Actual object 'Год 
2023 год
Сравнение с 
Отклонения по ПАО Россети на 2023 год
-492.2 -492.2
7 165.1 7 165.1
689.3 689.3
33 271.7 33 271.7
986.4 986.4
593.8 593.8
764.0 764.0
670.4 670.4
-592.4 -592.4
308.8 308.8
-940.9 -940.9
19 604.1 19 604.1
⬤ Отклонение, млн. кВт.ч
Интер РАО (для ФСК)
Промышленные потребители
Транспорт
Нефтедобыча
Нефтепереработка
Нефтепроводы
Газопроводы
Сельское хозяйство и пищевая пр…
Непромышленные потребители
Государственные (муниципальные…
Население и приравненные групп…
Территориальные сетевые органи…
Выручка отклонения по ПАО Россети на 2023 год
794.9 794.9
12 195.0 12 195.0
972.7 972.7
61 803.9 61 803.9
4 222.3 4 222.3
-121.8 -121.8
666.2 666.2
873.2 873.2
5 809.6 5 809.6
1 342.6 1 342.6
-4 463.2 -4 463.2
18 375.5 18 375.5
⬤ Отклонение, млн. руб.
Интер РАО (для ФСК)
Промышленные потребители
Транспорт
Нефтедобыча
Нефтепереработка
Нефтепроводы
Газопроводы
Сельское хозяйство и пищевая пр…
Непромышленные потребители
Государственные (муниципальные…
Население и приравненные групп…
Территориальные сетевые органи…
Динамика электропотребления, млрд. кВт.ч. по ПАО Россети на 2023 год
10 10
190 190
36 36
14 14
9 9
14 14
4 4
17 17
80 80
19 19
82 82
588 588
10 10
197 197
37 37
48 48
10 10
15 15
4 4
18 18
80 80
19 19
82 82
608 608
План
Ожидаемое (прогноз по конца года)
Интер РАО (дляФСК)
Промышленныепотребители
Транспорт
Нефтедобыча
Нефтепереработка
Нефтепроводы
Газопроводы
Сельскоехозяйство ипищеваяпромышленность
Непромышленныепотребители
Государственные(муниципальные)организации ипрочиебюджетныепотребители
Население иприравненныегруппыпотребителей
Территориальныесетевыеорганизации
Выручка по ПАО Россети на 2023 год
5 5
319 319
81 81
16 16
16 16
20 20
2 2
56 56
215 215
67 67
218 218
239 239
6 6
331 331
82 82
77 77
20 20
20 20
3 3
57 57
220 220
68 68
214 214
258 258
План
Ожидаемое (прогноз по конца года)
Интер РАО (дляФСК)
Промышленныепотребители
Транспорт
Нефтедобыча
Нефтепереработка
Нефтепроводы
Газопроводы
Сельскоехозяйство ипищеваяпромышленность
Непромышленныепотребители
Государственные(муниципальные)организации ипрочиебюджетныепотребители
Население иприравненныегруппыпотребителей
Территориальныесетевыеорганизации
абс.
%
Прогноз на месяц 
Ноябрь
КПО/Отпуск из сети 
Отпуск из сети, млн. кВт.ч
Организация 
Все
Прогноз электропотребления и выручки за услуги по передаче в разрезе отраслей' and expected object 'Год 
2023 год
Сравнение с 
План
Отклонения по ПАО Россети на 2023 год
-492.2 -492.2
7 165.1 7 165.1
689.3 689.3
33 271.7 33 271.7
986.4 986.4
593.8 593.8
764.0 764.0
670.4 670.4
-592.4 -592.4
308.8 308.8
-940.9 -940.9
19 604.1 19 604.1
⬤ Отклонение, млн. кВт.ч
Интер РАО (для ФСК)
Промышленные потребители
Транспорт
Нефтедобыча
Нефтепереработка
Нефтепроводы
Газопроводы
Сельское хозяйство и пищевая пр…
Непромышленные потребители
Государственные (муниципальные…
Население и приравненные групп…
Территориальные сетевые органи…
Выручка отклонения по ПАО Россети на 2023 год
794.9 794.9
12 195.0 12 195.0
972.7 972.7
61 803.9 61 803.9
4 222.3 4 222.3
-121.8 -121.8
666.2 666.2
873.2 873.2
5 809.6 5 809.6
1 342.6 1 342.6
-4 463.2 -4 463.2
18 375.5 18 375.5
⬤ Отклонение, млн. руб.
Интер РАО (для ФСК)
Промышленные потребители
Транспорт
Нефтедобыча
Нефтепереработка
Нефтепроводы
Газопроводы
Сельское хозяйство и пищевая пр…
Непромышленные потребители
Государственные (муниципальные…
Население и приравненные групп…
Территориальные сетевые органи…
Динамика электропотребления, млрд. кВт.ч. по ПАО Россети на 2023 год
10 10
190 190
36 36
14 14
9 9
14 14
4 4
17 17
80 80
19 19
82 82
588 588
10 10
197 197
37 37
48 48
10 10
15 15
4 4
18 18
80 80
19 19
82 82
608 608
План
Ожидаемое (прогноз по конца года)
Интер РАО (дляФСК)
Промышленныепотребители
Транспорт
Нефтедобыча
Нефтепереработка
Нефтепроводы
Газопроводы
Сельскоехозяйство ипищеваяпромышленность
Непромышленныепотребители
Государственные(муниципальные)организации ипрочиебюджетныепотребители
Население иприравненныегруппыпотребителей
Территориальныесетевыеорганизации
Выручка по ПАО Россети на 2023 год
5 5
319 319
81 81
16 16
16 16
20 20
2 2
56 56
215 215
67 67
218 218
239 239
6 6
331 331
82 82
77 77
20 20
20 20
3 3
57 57
220 220
68 68
214 214
258 258
План
Ожидаемое (прогноз по конца года)
Интер РАО (дляФСК)
Промышленныепотребители
Транспорт
Нефтедобыча
Нефтепереработка
Нефтепроводы
Газопроводы
Сельскоехозяйство ипищеваяпромышленность
Непромышленныепотребители
Государственные(муниципальные)организации ипрочиебюджетныепотребители
Население иприравненныегруппыпотребителей
Территориальныесетевыеорганизации
абс.
%
Прогноз на месяц 
Ноябрь
КПО/Отпуск из сети 
Отпуск из сети, млн. кВт.ч
Организация 
Все
Прогноз электропотребления и выручки за услуги по передаче в разрезе отраслей' are not equal
	at com.kms.katalon.core.keyword.builtin.VerifyEqualKeyword$_verifyEqual_closure1.doCall(VerifyEqualKeyword.groovy:58)
	at com.kms.katalon.core.keyword.builtin.VerifyEqualKeyword$_verifyEqual_closure1.call(VerifyEqualKeyword.groovy)
	at com.kms.katalon.core.keyword.internal.KeywordMain.runKeyword(KeywordMain.groovy:75)
	at com.kms.katalon.core.keyword.builtin.VerifyEqualKeyword.verifyEqual(VerifyEqualKeyword.groovy:63)
	at com.kms.katalon.core.keyword.builtin.VerifyEqualKeyword.execute(VerifyEqualKeyword.groovy:44)
	at com.kms.katalon.core.keyword.internal.KeywordExecutor.executeKeywordForPlatform(KeywordExecutor.groovy:74)
	at com.kms.katalon.core.keyword.BuiltinKeywords.verifyEqual(BuiltinKeywords.groovy:146)
	at jdk.internal.reflect.GeneratedMethodAccessor24.invoke(Unknown Source)
	at java.base/jdk.internal.reflect.DelegatingMethodAccessorImpl.invoke(DelegatingMethodAccessorImpl.java:43)
	at Блок руководителя сверка дашбордов под разными учётками.PrognozPoOtraslyam(Блок руководителя сверка дашбордов под разными учётками:1785)
	at Блок руководителя сверка дашбордов под разными учётками.run(Блок руководителя сверка дашбордов под разными учётками:112)
	at com.kms.katalon.core.main.ScriptEngine.run(ScriptEngine.java:194)
	at com.kms.katalon.core.main.ScriptEngine.runScriptAsRawText(ScriptEngine.java:119)
	at com.kms.katalon.core.main.TestCaseExecutor.runScript(TestCaseExecutor.java:448)
	at com.kms.katalon.core.main.TestCaseExecutor.doExecute(TestCaseExecutor.java:439)
	at com.kms.katalon.core.main.TestCaseExecutor.processExecutionPhase(TestCaseExecutor.java:418)
	at com.kms.katalon.core.main.TestCaseExecutor.accessMainPhase(TestCaseExecutor.java:410)
	at com.kms.katalon.core.main.TestCaseExecutor.execute(TestCaseExecutor.java:285)
	at com.kms.katalon.core.common.CommonExecutor.accessTestCaseMainPhase(CommonExecutor.java:65)
	at com.kms.katalon.core.main.TestSuiteExecutor.accessTestSuiteMainPhase(TestSuiteExecutor.java:150)
	at com.kms.katalon.core.main.TestSuiteExecutor.execute(TestSuiteExecutor.java:106)
	at com.kms.katalon.core.main.TestCaseMain.startTestSuite(TestCaseMain.java:180)
	at TempTestSuite1731310890476.run(TempTestSuite1731310890476.groovy:35)
	at java.base/jdk.internal.reflect.NativeMethodAccessorImpl.invoke0(Native Method)
	at java.base/jdk.internal.reflect.NativeMethodAccessorImpl.invoke(NativeMethodAccessorImpl.java:77)
	at java.base/jdk.internal.reflect.DelegatingMethodAccessorImpl.invoke(DelegatingMethodAccessorImpl.java:43)
)

11-11-2024T15:05:48 - [MESSAGE][FAILED] - Unable to verify equal between actual object 'Год 
2023 год
Сравнение с 
Отклонения по ПАО Россети на 2023 год
-492.2 -492.2
7 165.1 7 165.1
689.3 689.3
33 271.7 33 271.7
986.4 986.4
593.8 593.8
764.0 764.0
670.4 670.4
-592.4 -592.4
308.8 308.8
-940.9 -940.9
19 604.1 19 604.1
⬤ Отклонение, млн. кВт.ч
Интер РАО (для ФСК)
Промышленные потребители
Транспорт
Нефтедобыча
Нефтепереработка
Нефтепроводы
Газопроводы
Сельское хозяйство и пищевая пр…
Непромышленные потребители
Государственные (муниципальные…
Население и приравненные групп…
Территориальные сетевые органи…
Выручка отклонения по ПАО Россети на 2023 год
794.9 794.9
12 195.0 12 195.0
972.7 972.7
61 803.9 61 803.9
4 222.3 4 222.3
-121.8 -121.8
666.2 666.2
873.2 873.2
5 809.6 5 809.6
1 342.6 1 342.6
-4 463.2 -4 463.2
18 375.5 18 375.5
⬤ Отклонение, млн. руб.
Интер РАО (для ФСК)
Промышленные потребители
Транспорт
Нефтедобыча
Нефтепереработка
Нефтепроводы
Газопроводы
Сельское хозяйство и пищевая пр…
Непромышленные потребители
Государственные (муниципальные…
Население и приравненные групп…
Территориальные сетевые органи…
Динамика электропотребления, млрд. кВт.ч. по ПАО Россети на 2023 год
10 10
190 190
36 36
14 14
9 9
14 14
4 4
17 17
80 80
19 19
82 82
588 588
10 10
197 197
37 37
48 48
10 10
15 15
4 4
18 18
80 80
19 19
82 82
608 608
План
Ожидаемое (прогноз по конца года)
Интер РАО (дляФСК)
Промышленныепотребители
Транспорт
Нефтедобыча
Нефтепереработка
Нефтепроводы
Газопроводы
Сельскоехозяйство ипищеваяпромышленность
Непромышленныепотребители
Государственные(муниципальные)организации ипрочиебюджетныепотребители
Население иприравненныегруппыпотребителей
Территориальныесетевыеорганизации
Выручка по ПАО Россети на 2023 год
5 5
319 319
81 81
16 16
16 16
20 20
2 2
56 56
215 215
67 67
218 218
239 239
6 6
331 331
82 82
77 77
20 20
20 20
3 3
57 57
220 220
68 68
214 214
258 258
План
Ожидаемое (прогноз по конца года)
Интер РАО (дляФСК)
Промышленныепотребители
Транспорт
Нефтедобыча
Нефтепереработка
Нефтепроводы
Газопроводы
Сельскоехозяйство ипищеваяпромышленность
Непромышленныепотребители
Государственные(муниципальные)организации ипрочиебюджетныепотребители
Население иприравненныегруппыпотребителей
Территориальныесетевыеорганизации
абс.
%
Прогноз на месяц 
Ноябрь
КПО/Отпуск из сети 
Отпуск из сети, млн. кВт.ч
Организация 
Все
Прогноз электропотребления и выручки за услуги по передаче в разрезе отраслей' and expected object 'Год 
2023 год
Сравнение с 
План
Отклонения по ПАО Россети на 2023 год
-492.2 -492.2
7 165.1 7 165.1
689.3 689.3
33 271.7 33 271.7
986.4 986.4
593.8 593.8
764.0 764.0
670.4 670.4
-592.4 -592.4
308.8 308.8
-940.9 -940.9
19 604.1 19 604.1
⬤ Отклонение, млн. кВт.ч
Интер РАО (для ФСК)
Промышленные потребители
Транспорт
Нефтедобыча
Нефтепереработка
Нефтепроводы
Газопроводы
Сельское хозяйство и пищевая пр…
Непромышленные потребители
Государственные (муниципальные…
Население и приравненные групп…
Территориальные сетевые органи…
Выручка отклонения по ПАО Россети на 2023 год
794.9 794.9
12 195.0 12 195.0
972.7 972.7
61 803.9 61 803.9
4 222.3 4 222.3
-121.8 -121.8
666.2 666.2
873.2 873.2
5 809.6 5 809.6
1 342.6 1 342.6
-4 463.2 -4 463.2
18 375.5 18 375.5
⬤ Отклонение, млн. руб.
Интер РАО (для ФСК)
Промышленные потребители
Транспорт
Нефтедобыча
Нефтепереработка
Нефтепроводы
Газопроводы
Сельское хозяйство и пищевая пр…
Непромышленные потребители
Государственные (муниципальные…
Население и приравненные групп…
Территориальные сетевые органи…
Динамика электропотребления, млрд. кВт.ч. по ПАО Россети на 2023 год
10 10
190 190
36 36
14 14
9 9
14 14
4 4
17 17
80 80
19 19
82 82
588 588
10 10
197 197
37 37
48 48
10 10
15 15
4 4
18 18
80 80
19 19
82 82
608 608
План
Ожидаемое (прогноз по конца года)
Интер РАО (дляФСК)
Промышленныепотребители
Транспорт
Нефтедобыча
Нефтепереработка
Нефтепроводы
Газопроводы
Сельскоехозяйство ипищеваяпромышленность
Непромышленныепотребители
Государственные(муниципальные)организации ипрочиебюджетныепотребители
Население иприравненныегруппыпотребителей
Территориальныесетевыеорганизации
Выручка по ПАО Россети на 2023 год
5 5
319 319
81 81
16 16
16 16
20 20
2 2
56 56
215 215
67 67
218 218
239 239
6 6
331 331
82 82
77 77
20 20
20 20
3 3
57 57
220 220
68 68
214 214
258 258
План
Ожидаемое (прогноз по конца года)
Интер РАО (дляФСК)
Промышленныепотребители
Транспорт
Нефтедобыча
Нефтепереработка
Нефтепроводы
Газопроводы
Сельскоехозяйство ипищеваяпромышленность
Непромышленныепотребители
Государственные(муниципальные)организации ипрочиебюджетныепотребители
Население иприравненныегруппыпотребителей
Территориальныесетевыеорганизации
абс.
%
Прогноз на месяц 
Ноябрь
КПО/Отпуск из сети 
Отпуск из сети, млн. кВт.ч
Организация 
Все
Прогноз электропотребления и выручки за услуги по передаче в разрезе отраслей' (Root cause: com.kms.katalon.core.exception.StepFailedException: Actual object 'Год 
2023 год
Сравнение с 
Отклонения по ПАО Россети на 2023 год
-492.2 -492.2
7 165.1 7 165.1
689.3 689.3
33 271.7 33 271.7
986.4 986.4
593.8 593.8
764.0 764.0
670.4 670.4
-592.4 -592.4
308.8 308.8
-940.9 -940.9
19 604.1 19 604.1
⬤ Отклонение, млн. кВт.ч
Интер РАО (для ФСК)
Промышленные потребители
Транспорт
Нефтедобыча
Нефтепереработка
Нефтепроводы
Газопроводы
Сельское хозяйство и пищевая пр…
Непромышленные потребители
Государственные (муниципальные…
Население и приравненные групп…
Территориальные сетевые органи…
Выручка отклонения по ПАО Россети на 2023 год
794.9 794.9
12 195.0 12 195.0
972.7 972.7
61 803.9 61 803.9
4 222.3 4 222.3
-121.8 -121.8
666.2 666.2
873.2 873.2
5 809.6 5 809.6
1 342.6 1 342.6
-4 463.2 -4 463.2
18 375.5 18 375.5
⬤ Отклонение, млн. руб.
Интер РАО (для ФСК)
Промышленные потребители
Транспорт
Нефтедобыча
Нефтепереработка
Нефтепроводы
Газопроводы
Сельское хозяйство и пищевая пр…
Непромышленные потребители
Государственные (муниципальные…
Население и приравненные групп…
Территориальные сетевые органи…
Динамика электропотребления, млрд. кВт.ч. по ПАО Россети на 2023 год
10 10
190 190
36 36
14 14
9 9
14 14
4 4
17 17
80 80
19 19
82 82
588 588
10 10
197 197
37 37
48 48
10 10
15 15
4 4
18 18
80 80
19 19
82 82
608 608
План
Ожидаемое (прогноз по конца года)
Интер РАО (дляФСК)
Промышленныепотребители
Транспорт
Нефтедобыча
Нефтепереработка
Нефтепроводы
Газопроводы
Сельскоехозяйство ипищеваяпромышленность
Непромышленныепотребители
Государственные(муниципальные)организации ипрочиебюджетныепотребители
Население иприравненныегруппыпотребителей
Территориальныесетевыеорганизации
Выручка по ПАО Россети на 2023 год
5 5
319 319
81 81
16 16
16 16
20 20
2 2
56 56
215 215
67 67
218 218
239 239
6 6
331 331
82 82
77 77
20 20
20 20
3 3
57 57
220 220
68 68
214 214
258 258
План
Ожидаемое (прогноз по конца года)
Интер РАО (дляФСК)
Промышленныепотребители
Транспорт
Нефтедобыча
Нефтепереработка
Нефтепроводы
Газопроводы
Сельскоехозяйство ипищеваяпромышленность
Непромышленныепотребители
Государственные(муниципальные)организации ипрочиебюджетныепотребители
Население иприравненныегруппыпотребителей
Территориальныесетевыеорганизации
абс.
%
Прогноз на месяц 
Ноябрь
КПО/Отпуск из сети 
Отпуск из сети, млн. кВт.ч
Организация 
Все
Прогноз электропотребления и выручки за услуги по передаче в разрезе отраслей' and expected object 'Год 
2023 год
Сравнение с 
План
Отклонения по ПАО Россети на 2023 год
-492.2 -492.2
7 165.1 7 165.1
689.3 689.3
33 271.7 33 271.7
986.4 986.4
593.8 593.8
764.0 764.0
670.4 670.4
-592.4 -592.4
308.8 308.8
-940.9 -940.9
19 604.1 19 604.1
⬤ Отклонение, млн. кВт.ч
Интер РАО (для ФСК)
Промышленные потребители
Транспорт
Нефтедобыча
Нефтепереработка
Нефтепроводы
Газопроводы
Сельское хозяйство и пищевая пр…
Непромышленные потребители
Государственные (муниципальные…
Население и приравненные групп…
Территориальные сетевые органи…
Выручка отклонения по ПАО Россети на 2023 год
794.9 794.9
12 195.0 12 195.0
972.7 972.7
61 803.9 61 803.9
4 222.3 4 222.3
-121.8 -121.8
666.2 666.2
873.2 873.2
5 809.6 5 809.6
1 342.6 1 342.6
-4 463.2 -4 463.2
18 375.5 18 375.5
⬤ Отклонение, млн. руб.
Интер РАО (для ФСК)
Промышленные потребители
Транспорт
Нефтедобыча
Нефтепереработка
Нефтепроводы
Газопроводы
Сельское хозяйство и пищевая пр…
Непромышленные потребители
Государственные (муниципальные…
Население и приравненные групп…
Территориальные сетевые органи…
Динамика электропотребления, млрд. кВт.ч. по ПАО Россети на 2023 год
10 10
190 190
36 36
14 14
9 9
14 14
4 4
17 17
80 80
19 19
82 82
588 588
10 10
197 197
37 37
48 48
10 10
15 15
4 4
18 18
80 80
19 19
82 82
608 608
План
Ожидаемое (прогноз по конца года)
Интер РАО (дляФСК)
Промышленныепотребители
Транспорт
Нефтедобыча
Нефтепереработка
Нефтепроводы
Газопроводы
Сельскоехозяйство ипищеваяпромышленность
Непромышленныепотребители
Государственные(муниципальные)организации ипрочиебюджетныепотребители
Население иприравненныегруппыпотребителей
Территориальныесетевыеорганизации
Выручка по ПАО Россети на 2023 год
5 5
319 319
81 81
16 16
16 16
20 20
2 2
56 56
215 215
67 67
218 218
239 239
6 6
331 331
82 82
77 77
20 20
20 20
3 3
57 57
220 220
68 68
214 214
258 258
План
Ожидаемое (прогноз по конца года)
Интер РАО (дляФСК)
Промышленныепотребители
Транспорт
Нефтедобыча
Нефтепереработка
Нефтепроводы
Газопроводы
Сельскоехозяйство ипищеваяпромышленность
Непромышленныепотребители
Государственные(муниципальные)организации ипрочиебюджетныепотребители
Население иприравненныегруппыпотребителей
Территориальныесетевыеорганизации
абс.
%
Прогноз на месяц 
Ноябрь
КПО/Отпуск из сети 
Отпуск из сети, млн. кВт.ч
Организация 
Все
Прогноз электропотребления и выручки за услуги по передаче в разрезе отраслей' are not equal
	at com.kms.katalon.core.keyword.builtin.VerifyEqualKeyword$_verifyEqual_closure1.doCall(VerifyEqualKeyword.groovy:58)
	at com.kms.katalon.core.keyword.builtin.VerifyEqualKeyword$_verifyEqual_closure1.call(VerifyEqualKeyword.groovy)
	at com.kms.katalon.core.keyword.internal.KeywordMain.runKeyword(KeywordMain.groovy:75)
	at com.kms.katalon.core.keyword.builtin.VerifyEqualKeyword.verifyEqual(VerifyEqualKeyword.groovy:63)
	at com.kms.katalon.core.keyword.builtin.VerifyEqualKeyword.execute(VerifyEqualKeyword.groovy:44)
	at com.kms.katalon.core.keyword.internal.KeywordExecutor.executeKeywordForPlatform(KeywordExecutor.groovy:74)
	at com.kms.katalon.core.keyword.BuiltinKeywords.verifyEqual(BuiltinKeywords.groovy:146)
	at jdk.internal.reflect.GeneratedMethodAccessor24.invoke(Unknown Source)
	at java.base/jdk.internal.reflect.DelegatingMethodAccessorImpl.invoke(DelegatingMethodAccessorImpl.java:43)
	at Блок руководителя сверка дашбордов под разными учётками.PrognozPoOtraslyam(Блок руководителя сверка дашбордов под разными учётками:1785)
	at Блок руководителя сверка дашбордов под разными учётками.run(Блок руководителя сверка дашбордов под разными учётками:112)
	at com.kms.katalon.core.main.ScriptEngine.run(ScriptEngine.java:194)
	at com.kms.katalon.core.main.ScriptEngine.runScriptAsRawText(ScriptEngine.java:119)
	at com.kms.katalon.core.main.TestCaseExecutor.runScript(TestCaseExecutor.java:448)
	at com.kms.katalon.core.main.TestCaseExecutor.doExecute(TestCaseExecutor.java:439)
	at com.kms.katalon.core.main.TestCaseExecutor.processExecutionPhase(TestCaseExecutor.java:418)
	at com.kms.katalon.core.main.TestCaseExecutor.accessMainPhase(TestCaseExecutor.java:410)
	at com.kms.katalon.core.main.TestCaseExecutor.execute(TestCaseExecutor.java:285)
	at com.kms.katalon.core.common.CommonExecutor.accessTestCaseMainPhase(CommonExecutor.java:65)
	at com.kms.katalon.core.main.TestSuiteExecutor.accessTestSuiteMainPhase(TestSuiteExecutor.java:150)
	at com.kms.katalon.core.main.TestSuiteExecutor.execute(TestSuiteExecutor.java:106)
	at com.kms.katalon.core.main.TestCaseMain.startTestSuite(TestCaseMain.java:180)
	at TempTestSuite1731310890476.run(TempTestSuite1731310890476.groovy:35)
	at java.base/jdk.internal.reflect.NativeMethodAccessorImpl.invoke0(Native Method)
	at java.base/jdk.internal.reflect.NativeMethodAccessorImpl.invoke(NativeMethodAccessorImpl.java:77)
	at java.base/jdk.internal.reflect.DelegatingMethodAccessorImpl.invoke(DelegatingMethodAccessorImpl.java:43)
)

11-11-2024T15:05:48 - [TEST_STEP][PASSED] - Script1686231490255.WriteToExcel(user, dashboardName, n, data, run, a1, a2, a3, a4, a5, a6, a7, a8, a9): null

11-11-2024T15:05:48 - [TEST_STEP][PASSED] - sheetName = "Sheet1": null

11-11-2024T15:05:48 - [TEST_STEP][PASSED] - workbook01 = getWorkbook(excelFilePath): null

11-11-2024T15:05:48 - [TEST_STEP][PASSED] - sheet01 = getExcelSheet(workbook01, sheetName): null

11-11-2024T15:05:48 - [TEST_STEP][PASSED] - setValueToCellByIndex(sheet01, n, 0, dashboardName): null

11-11-2024T15:05:48 - [TEST_STEP][PASSED] - setValueToCellByIndex(sheet01, n, 10, user): null

11-11-2024T15:05:48 - [TEST_STEP][PASSED] - setValueToCellByIndex(sheet01, n, 1, a1): null

11-11-2024T15:05:48 - [TEST_STEP][PASSED] - setValueToCellByIndex(sheet01, n, 2, a2): null

11-11-2024T15:05:48 - [TEST_STEP][PASSED] - setValueToCellByIndex(sheet01, n, 3, a3): null

11-11-2024T15:05:48 - [TEST_STEP][PASSED] - setValueToCellByIndex(sheet01, n, 4, a4): null

11-11-2024T15:05:48 - [TEST_STEP][PASSED] - setValueToCellByIndex(sheet01, n, 5, a5): null

11-11-2024T15:05:48 - [TEST_STEP][PASSED] - setValueToCellByIndex(sheet01, n, 6, a6): null

11-11-2024T15:05:48 - [TEST_STEP][PASSED] - setValueToCellByIndex(sheet01, n, 7, a7): null

11-11-2024T15:05:48 - [TEST_STEP][PASSED] - setValueToCellByIndex(sheet01, n, 8, a8): null

11-11-2024T15:05:48 - [TEST_STEP][PASSED] - setValueToCellByIndex(sheet01, n, 9, a9): null

11-11-2024T15:05:48 - [TEST_STEP][PASSED] - n = n + 1: null

11-11-2024T15:05:48 - [TEST_STEP][PASSED] - saveWorkbook(excelFilePath, workbook01): null

11-11-2024T15:05:49 - [TEST_STEP][PASSED] - closeBrowser(): Browser is closed

11-11-2024T15:05:49 - [MESSAGE][PASSED] - Browser is closed]]></system-out>
         <system-err><![CDATA[11-11-2024T10:41:35 - [TEST_CASE][FAILED] - Test Cases/Сверки дашбордов/Блок руководителя сверка дашбордов под разными учётками: Test Cases/Сверки дашбордов/Блок руководителя сверка дашбордов под разными учётками FAILED.
Reason:
com.kms.katalon.core.exception.StepFailedException: Unable to click on object 'Object Repository/Страница авторизации/button_' (Root cause: com.kms.katalon.core.exception.StepFailedException: Unable to click on object 'Object Repository/Страница авторизации/button_'
	at com.kms.katalon.core.webui.keyword.internal.WebUIKeywordMain.stepFailed(WebUIKeywordMain.groovy:64)
	at com.kms.katalon.core.webui.keyword.internal.WebUIKeywordMain.runKeyword(WebUIKeywordMain.groovy:26)
	at com.kms.katalon.core.webui.keyword.builtin.ClickKeyword.click(ClickKeyword.groovy:74)
	at com.kms.katalon.core.webui.keyword.builtin.ClickKeyword.execute(ClickKeyword.groovy:40)
	at com.kms.katalon.core.keyword.internal.KeywordExecutor.executeKeywordForPlatform(KeywordExecutor.groovy:74)
	at com.kms.katalon.core.webui.keyword.WebUiBuiltInKeywords.click(WebUiBuiltInKeywords.groovy:659)
	at Блок руководителя сверка дашбордов под разными учётками.CheckPageDownload(Блок руководителя сверка дашбордов под разными учётками:168)
	at Блок руководителя сверка дашбордов под разными учётками.OtpuskIzSeti(Блок руководителя сверка дашбордов под разными учётками:671)
	at Блок руководителя сверка дашбордов под разными учётками.run(Блок руководителя сверка дашбордов под разными учётками:70)
	at com.kms.katalon.core.main.ScriptEngine.run(ScriptEngine.java:194)
	at com.kms.katalon.core.main.ScriptEngine.runScriptAsRawText(ScriptEngine.java:119)
	at com.kms.katalon.core.main.TestCaseExecutor.runScript(TestCaseExecutor.java:448)
	at com.kms.katalon.core.main.TestCaseExecutor.doExecute(TestCaseExecutor.java:439)
	at com.kms.katalon.core.main.TestCaseExecutor.processExecutionPhase(TestCaseExecutor.java:418)
	at com.kms.katalon.core.main.TestCaseExecutor.accessMainPhase(TestCaseExecutor.java:410)
	at com.kms.katalon.core.main.TestCaseExecutor.execute(TestCaseExecutor.java:285)
	at com.kms.katalon.core.common.CommonExecutor.accessTestCaseMainPhase(CommonExecutor.java:65)
	at com.kms.katalon.core.main.TestSuiteExecutor.accessTestSuiteMainPhase(TestSuiteExecutor.java:150)
	at com.kms.katalon.core.main.TestSuiteExecutor.execute(TestSuiteExecutor.java:106)
	at com.kms.katalon.core.main.TestCaseMain.startTestSuite(TestCaseMain.java:180)
	at TempTestSuite1731310890476.run(TempTestSuite1731310890476.groovy:35)
	at java.base/jdk.internal.reflect.NativeMethodAccessorImpl.invoke0(Native Method)
	at java.base/jdk.internal.reflect.NativeMethodAccessorImpl.invoke(NativeMethodAccessorImpl.java:77)
	at java.base/jdk.internal.reflect.DelegatingMethodAccessorImpl.invoke(DelegatingMethodAccessorImpl.java:43)
Caused by: org.openqa.selenium.TimeoutException: timeout: Timed out receiving message from renderer: 300.000
  (Session info: chrome=130.0.6723.117)
Build info: version: '3.141.59', revision: 'unknown', time: 'unknown'
System info: host: 'UVV-WS904-D', ip: '192.168.0.19', os.name: 'Windows 10', os.arch: 'amd64', os.version: '10.0', java.version: '17.0.7'
Driver info: com.kms.katalon.selenium.driver.CChromeDriver
Capabilities {acceptInsecureCerts: false, browserName: chrome, browserVersion: 130.0.6723.117, chrome: {chromedriverVersion: 129.0.6668.58 (81a06fb873a9..., userDataDir: C:\Users\LIAZGI~1\AppData\L...}, fedcm:accounts: true, goog:chromeOptions: {debuggerAddress: localhost:61744}, javascriptEnabled: true, networkConnectionEnabled: false, pageLoadStrategy: normal, platform: WINDOWS, platformName: WINDOWS, proxy: Proxy(), setWindowRect: true, strictFileInteractability: false, timeouts: {implicit: 0, pageLoad: 300000, script: 30000}, unhandledPromptBehavior: dismiss and notify, webauthn:extension:credBlob: true, webauthn:extension:largeBlob: true, webauthn:extension:minPinLength: true, webauthn:extension:prf: true, webauthn:virtualAuthenticators: true}
Session ID: c4422713013d04fb4acd86f6507a6629
	at java.base/jdk.internal.reflect.NativeConstructorAccessorImpl.newInstance0(Native Method)
	at java.base/jdk.internal.reflect.NativeConstructorAccessorImpl.newInstance(NativeConstructorAccessorImpl.java:77)
	at java.base/jdk.internal.reflect.DelegatingConstructorAccessorImpl.newInstance(DelegatingConstructorAccessorImpl.java:45)
	at org.openqa.selenium.remote.http.W3CHttpResponseCodec.createException(W3CHttpResponseCodec.java:187)
	at org.openqa.selenium.remote.http.W3CHttpResponseCodec.decode(W3CHttpResponseCodec.java:122)
	at org.openqa.selenium.remote.http.W3CHttpResponseCodec.decode(W3CHttpResponseCodec.java:49)
	at org.openqa.selenium.remote.HttpCommandExecutor.execute(HttpCommandExecutor.java:158)
	at org.openqa.selenium.remote.service.DriverCommandExecutor.execute(DriverCommandExecutor.java:83)
	at org.openqa.selenium.remote.RemoteWebDriver.execute(RemoteWebDriver.java:552)
	at com.kms.katalon.selenium.driver.CChromeDriver.execute(CChromeDriver.java:19)
	at org.openqa.selenium.remote.RemoteWebElement.execute(RemoteWebElement.java:285)
	at org.openqa.selenium.remote.RemoteWebElement.click(RemoteWebElement.java:84)
	at jdk.internal.reflect.GeneratedMethodAccessor15.invoke(Unknown Source)
	at java.base/jdk.internal.reflect.DelegatingMethodAccessorImpl.invoke(DelegatingMethodAccessorImpl.java:43)
	at org.openqa.selenium.support.events.EventFiringWebDriver$EventFiringWebElement.lambda$new$0(EventFiringWebDriver.java:404)
	at jdk.proxy2/jdk.proxy2.$Proxy24.click(Unknown Source)
	at org.openqa.selenium.support.events.EventFiringWebDriver$EventFiringWebElement.click(EventFiringWebDriver.java:417)
	at org.openqa.selenium.WebElement$click.call(Unknown Source)
	at com.kms.katalon.core.webui.keyword.builtin.ClickKeyword.clickUntilSuccessWithTimeout(ClickKeyword.groovy:81)
	at com.kms.katalon.core.webui.keyword.builtin.ClickKeyword.clickUntilSuccessWithTimeout(ClickKeyword.groovy)
	at jdk.internal.reflect.GeneratedMethodAccessor13.invoke(Unknown Source)
	at java.base/jdk.internal.reflect.DelegatingMethodAccessorImpl.invoke(DelegatingMethodAccessorImpl.java:43)
	at com.kms.katalon.core.webui.keyword.builtin.ClickKeyword$_click_closure1.doCall(ClickKeyword.groovy:67)
	at com.kms.katalon.core.webui.keyword.builtin.ClickKeyword$_click_closure1.call(ClickKeyword.groovy)
	at com.kms.katalon.core.webui.keyword.internal.WebUIKeywordMain.runKeyword(WebUIKeywordMain.groovy:20)
	at com.kms.katalon.core.webui.keyword.builtin.ClickKeyword.click(ClickKeyword.groovy:74)
	at com.kms.katalon.core.webui.keyword.builtin.ClickKeyword.execute(ClickKeyword.groovy:40)
	at com.kms.katalon.core.keyword.internal.KeywordExecutor.executeKeywordForPlatform(KeywordExecutor.groovy:74)
	at com.kms.katalon.core.webui.keyword.WebUiBuiltInKeywords.click(WebUiBuiltInKeywords.groovy:659)
	at Script1686231490255.CheckPageDownload(Script1686231490255.groovy:168)
	at Script1686231490255.OtpuskIzSeti(Script1686231490255.groovy:671)
	at Script1686231490255.run(Script1686231490255.groovy:70)
	... 15 more
)
	at com.kms.katalon.core.keyword.internal.KeywordMain.stepFailed(KeywordMain.groovy:39)
	at com.kms.katalon.core.webui.keyword.internal.WebUIKeywordMain.stepFailed(WebUIKeywordMain.groovy:64)
	at com.kms.katalon.core.webui.keyword.internal.WebUIKeywordMain.runKeyword(WebUIKeywordMain.groovy:26)
	at com.kms.katalon.core.webui.keyword.builtin.ClickKeyword.click(ClickKeyword.groovy:74)
	at com.kms.katalon.core.webui.keyword.builtin.ClickKeyword.execute(ClickKeyword.groovy:40)
	at com.kms.katalon.core.keyword.internal.KeywordExecutor.executeKeywordForPlatform(KeywordExecutor.groovy:74)
	at com.kms.katalon.core.webui.keyword.WebUiBuiltInKeywords.click(WebUiBuiltInKeywords.groovy:659)
	at Блок руководителя сверка дашбордов под разными учётками.CheckPageDownload(Блок руководителя сверка дашбордов под разными учётками:168)
	at Блок руководителя сверка дашбордов под разными учётками.OtpuskIzSeti(Блок руководителя сверка дашбордов под разными учётками:671)
	at Блок руководителя сверка дашбордов под разными учётками.run(Блок руководителя сверка дашбордов под разными учётками:70)
	at com.kms.katalon.core.main.ScriptEngine.run(ScriptEngine.java:194)
	at com.kms.katalon.core.main.ScriptEngine.runScriptAsRawText(ScriptEngine.java:119)
	at com.kms.katalon.core.main.TestCaseExecutor.runScript(TestCaseExecutor.java:448)
	at com.kms.katalon.core.main.TestCaseExecutor.doExecute(TestCaseExecutor.java:439)
	at com.kms.katalon.core.main.TestCaseExecutor.processExecutionPhase(TestCaseExecutor.java:418)
	at com.kms.katalon.core.main.TestCaseExecutor.accessMainPhase(TestCaseExecutor.java:410)
	at com.kms.katalon.core.main.TestCaseExecutor.execute(TestCaseExecutor.java:285)
	at com.kms.katalon.core.common.CommonExecutor.accessTestCaseMainPhase(CommonExecutor.java:65)
	at com.kms.katalon.core.main.TestSuiteExecutor.accessTestSuiteMainPhase(TestSuiteExecutor.java:150)
	at com.kms.katalon.core.main.TestSuiteExecutor.execute(TestSuiteExecutor.java:106)
	at com.kms.katalon.core.main.TestCaseMain.startTestSuite(TestCaseMain.java:180)
	at TempTestSuite1731310890476.run(TempTestSuite1731310890476.groovy:35)
	at java.base/jdk.internal.reflect.NativeMethodAccessorImpl.invoke0(Native Method)
	at java.base/jdk.internal.reflect.NativeMethodAccessorImpl.invoke(NativeMethodAccessorImpl.java:77)
	at java.base/jdk.internal.reflect.DelegatingMethodAccessorImpl.invoke(DelegatingMethodAccessorImpl.java:43)
Caused by: com.kms.katalon.core.exception.StepFailedException: Unable to click on object 'Object Repository/Страница авторизации/button_'
	... 24 more
Caused by: org.openqa.selenium.TimeoutException: timeout: Timed out receiving message from renderer: 300.000
  (Session info: chrome=130.0.6723.117)
Build info: version: '3.141.59', revision: 'unknown', time: 'unknown'
System info: host: 'UVV-WS904-D', ip: '192.168.0.19', os.name: 'Windows 10', os.arch: 'amd64', os.version: '10.0', java.version: '17.0.7'
Driver info: com.kms.katalon.selenium.driver.CChromeDriver
Capabilities {acceptInsecureCerts: false, browserName: chrome, browserVersion: 130.0.6723.117, chrome: {chromedriverVersion: 129.0.6668.58 (81a06fb873a9..., userDataDir: C:\Users\LIAZGI~1\AppData\L...}, fedcm:accounts: true, goog:chromeOptions: {debuggerAddress: localhost:61744}, javascriptEnabled: true, networkConnectionEnabled: false, pageLoadStrategy: normal, platform: WINDOWS, platformName: WINDOWS, proxy: Proxy(), setWindowRect: true, strictFileInteractability: false, timeouts: {implicit: 0, pageLoad: 300000, script: 30000}, unhandledPromptBehavior: dismiss and notify, webauthn:extension:credBlob: true, webauthn:extension:largeBlob: true, webauthn:extension:minPinLength: true, webauthn:extension:prf: true, webauthn:virtualAuthenticators: true}
Session ID: c4422713013d04fb4acd86f6507a6629
	at java.base/jdk.internal.reflect.NativeConstructorAccessorImpl.newInstance0(Native Method)
	at java.base/jdk.internal.reflect.NativeConstructorAccessorImpl.newInstance(NativeConstructorAccessorImpl.java:77)
	at java.base/jdk.internal.reflect.DelegatingConstructorAccessorImpl.newInstance(DelegatingConstructorAccessorImpl.java:45)
	at org.openqa.selenium.remote.http.W3CHttpResponseCodec.createException(W3CHttpResponseCodec.java:187)
	at org.openqa.selenium.remote.http.W3CHttpResponseCodec.decode(W3CHttpResponseCodec.java:122)
	at org.openqa.selenium.remote.http.W3CHttpResponseCodec.decode(W3CHttpResponseCodec.java:49)
	at org.openqa.selenium.remote.HttpCommandExecutor.execute(HttpCommandExecutor.java:158)
	at org.openqa.selenium.remote.service.DriverCommandExecutor.execute(DriverCommandExecutor.java:83)
	at org.openqa.selenium.remote.RemoteWebDriver.execute(RemoteWebDriver.java:552)
	at com.kms.katalon.selenium.driver.CChromeDriver.execute(CChromeDriver.java:19)
	at org.openqa.selenium.remote.RemoteWebElement.execute(RemoteWebElement.java:285)
	at org.openqa.selenium.remote.RemoteWebElement.click(RemoteWebElement.java:84)
	at jdk.internal.reflect.GeneratedMethodAccessor15.invoke(Unknown Source)
	at java.base/jdk.internal.reflect.DelegatingMethodAccessorImpl.invoke(DelegatingMethodAccessorImpl.java:43)
	at org.openqa.selenium.support.events.EventFiringWebDriver$EventFiringWebElement.lambda$new$0(EventFiringWebDriver.java:404)
	at jdk.proxy2/jdk.proxy2.$Proxy24.click(Unknown Source)
	at org.openqa.selenium.support.events.EventFiringWebDriver$EventFiringWebElement.click(EventFiringWebDriver.java:417)
	at org.openqa.selenium.WebElement$click.call(Unknown Source)
	at com.kms.katalon.core.webui.keyword.builtin.ClickKeyword.clickUntilSuccessWithTimeout(ClickKeyword.groovy:81)
	at com.kms.katalon.core.webui.keyword.builtin.ClickKeyword.clickUntilSuccessWithTimeout(ClickKeyword.groovy)
	at jdk.internal.reflect.GeneratedMethodAccessor13.invoke(Unknown Source)
	at java.base/jdk.internal.reflect.DelegatingMethodAccessorImpl.invoke(DelegatingMethodAccessorImpl.java:43)
	at com.kms.katalon.core.webui.keyword.builtin.ClickKeyword$_click_closure1.doCall(ClickKeyword.groovy:67)
	at com.kms.katalon.core.webui.keyword.builtin.ClickKeyword$_click_closure1.call(ClickKeyword.groovy)
	at com.kms.katalon.core.webui.keyword.internal.WebUIKeywordMain.runKeyword(WebUIKeywordMain.groovy:20)
	... 22 more]]></system-err>
      </testcase>
      <system-out><![CDATA[11-11-2024T10:41:34 - [TEST_SUITE][FAILED] - Блок руководителя под разными учётками: Test Cases/Сверки дашбордов/Блок руководителя сверка дашбордов под разными учётками FAILED.
Reason:
com.kms.katalon.core.exception.StepFailedException: Unable to click on object 'Object Repository/Страница авторизации/button_' (Root cause: com.kms.katalon.core.exception.StepFailedException: Unable to click on object 'Object Repository/Страница авторизации/button_'
	at com.kms.katalon.core.webui.keyword.internal.WebUIKeywordMain.stepFailed(WebUIKeywordMain.groovy:64)
	at com.kms.katalon.core.webui.keyword.internal.WebUIKeywordMain.runKeyword(WebUIKeywordMain.groovy:26)
	at com.kms.katalon.core.webui.keyword.builtin.ClickKeyword.click(ClickKeyword.groovy:74)
	at com.kms.katalon.core.webui.keyword.builtin.ClickKeyword.execute(ClickKeyword.groovy:40)
	at com.kms.katalon.core.keyword.internal.KeywordExecutor.executeKeywordForPlatform(KeywordExecutor.groovy:74)
	at com.kms.katalon.core.webui.keyword.WebUiBuiltInKeywords.click(WebUiBuiltInKeywords.groovy:659)
	at Блок руководителя сверка дашбордов под разными учётками.CheckPageDownload(Блок руководителя сверка дашбордов под разными учётками:168)
	at Блок руководителя сверка дашбордов под разными учётками.OtpuskIzSeti(Блок руководителя сверка дашбордов под разными учётками:671)
	at Блок руководителя сверка дашбордов под разными учётками.run(Блок руководителя сверка дашбордов под разными учётками:70)
	at com.kms.katalon.core.main.ScriptEngine.run(ScriptEngine.java:194)
	at com.kms.katalon.core.main.ScriptEngine.runScriptAsRawText(ScriptEngine.java:119)
	at com.kms.katalon.core.main.TestCaseExecutor.runScript(TestCaseExecutor.java:448)
	at com.kms.katalon.core.main.TestCaseExecutor.doExecute(TestCaseExecutor.java:439)
	at com.kms.katalon.core.main.TestCaseExecutor.processExecutionPhase(TestCaseExecutor.java:418)
	at com.kms.katalon.core.main.TestCaseExecutor.accessMainPhase(TestCaseExecutor.java:410)
	at com.kms.katalon.core.main.TestCaseExecutor.execute(TestCaseExecutor.java:285)
	at com.kms.katalon.core.common.CommonExecutor.accessTestCaseMainPhase(CommonExecutor.java:65)
	at com.kms.katalon.core.main.TestSuiteExecutor.accessTestSuiteMainPhase(TestSuiteExecutor.java:150)
	at com.kms.katalon.core.main.TestSuiteExecutor.execute(TestSuiteExecutor.java:106)
	at com.kms.katalon.core.main.TestCaseMain.startTestSuite(TestCaseMain.java:180)
	at TempTestSuite1731310890476.run(TempTestSuite1731310890476.groovy:35)
	at java.base/jdk.internal.reflect.NativeMethodAccessorImpl.invoke0(Native Method)
	at java.base/jdk.internal.reflect.NativeMethodAccessorImpl.invoke(NativeMethodAccessorImpl.java:77)
	at java.base/jdk.internal.reflect.DelegatingMethodAccessorImpl.invoke(DelegatingMethodAccessorImpl.java:43)
Caused by: org.openqa.selenium.TimeoutException: timeout: Timed out receiving message from renderer: 300.000
  (Session info: chrome=130.0.6723.117)
Build info: version: '3.141.59', revision: 'unknown', time: 'unknown'
System info: host: 'UVV-WS904-D', ip: '192.168.0.19', os.name: 'Windows 10', os.arch: 'amd64', os.version: '10.0', java.version: '17.0.7'
Driver info: com.kms.katalon.selenium.driver.CChromeDriver
Capabilities {acceptInsecureCerts: false, browserName: chrome, browserVersion: 130.0.6723.117, chrome: {chromedriverVersion: 129.0.6668.58 (81a06fb873a9..., userDataDir: C:\Users\LIAZGI~1\AppData\L...}, fedcm:accounts: true, goog:chromeOptions: {debuggerAddress: localhost:61744}, javascriptEnabled: true, networkConnectionEnabled: false, pageLoadStrategy: normal, platform: WINDOWS, platformName: WINDOWS, proxy: Proxy(), setWindowRect: true, strictFileInteractability: false, timeouts: {implicit: 0, pageLoad: 300000, script: 30000}, unhandledPromptBehavior: dismiss and notify, webauthn:extension:credBlob: true, webauthn:extension:largeBlob: true, webauthn:extension:minPinLength: true, webauthn:extension:prf: true, webauthn:virtualAuthenticators: true}
Session ID: c4422713013d04fb4acd86f6507a6629
	at java.base/jdk.internal.reflect.NativeConstructorAccessorImpl.newInstance0(Native Method)
	at java.base/jdk.internal.reflect.NativeConstructorAccessorImpl.newInstance(NativeConstructorAccessorImpl.java:77)
	at java.base/jdk.internal.reflect.DelegatingConstructorAccessorImpl.newInstance(DelegatingConstructorAccessorImpl.java:45)
	at org.openqa.selenium.remote.http.W3CHttpResponseCodec.createException(W3CHttpResponseCodec.java:187)
	at org.openqa.selenium.remote.http.W3CHttpResponseCodec.decode(W3CHttpResponseCodec.java:122)
	at org.openqa.selenium.remote.http.W3CHttpResponseCodec.decode(W3CHttpResponseCodec.java:49)
	at org.openqa.selenium.remote.HttpCommandExecutor.execute(HttpCommandExecutor.java:158)
	at org.openqa.selenium.remote.service.DriverCommandExecutor.execute(DriverCommandExecutor.java:83)
	at org.openqa.selenium.remote.RemoteWebDriver.execute(RemoteWebDriver.java:552)
	at com.kms.katalon.selenium.driver.CChromeDriver.execute(CChromeDriver.java:19)
	at org.openqa.selenium.remote.RemoteWebElement.execute(RemoteWebElement.java:285)
	at org.openqa.selenium.remote.RemoteWebElement.click(RemoteWebElement.java:84)
	at jdk.internal.reflect.GeneratedMethodAccessor15.invoke(Unknown Source)
	at java.base/jdk.internal.reflect.DelegatingMethodAccessorImpl.invoke(DelegatingMethodAccessorImpl.java:43)
	at org.openqa.selenium.support.events.EventFiringWebDriver$EventFiringWebElement.lambda$new$0(EventFiringWebDriver.java:404)
	at jdk.proxy2/jdk.proxy2.$Proxy24.click(Unknown Source)
	at org.openqa.selenium.support.events.EventFiringWebDriver$EventFiringWebElement.click(EventFiringWebDriver.java:417)
	at org.openqa.selenium.WebElement$click.call(Unknown Source)
	at com.kms.katalon.core.webui.keyword.builtin.ClickKeyword.clickUntilSuccessWithTimeout(ClickKeyword.groovy:81)
	at com.kms.katalon.core.webui.keyword.builtin.ClickKeyword.clickUntilSuccessWithTimeout(ClickKeyword.groovy)
	at jdk.internal.reflect.GeneratedMethodAccessor13.invoke(Unknown Source)
	at java.base/jdk.internal.reflect.DelegatingMethodAccessorImpl.invoke(DelegatingMethodAccessorImpl.java:43)
	at com.kms.katalon.core.webui.keyword.builtin.ClickKeyword$_click_closure1.doCall(ClickKeyword.groovy:67)
	at com.kms.katalon.core.webui.keyword.builtin.ClickKeyword$_click_closure1.call(ClickKeyword.groovy)
	at com.kms.katalon.core.webui.keyword.internal.WebUIKeywordMain.runKeyword(WebUIKeywordMain.groovy:20)
	at com.kms.katalon.core.webui.keyword.builtin.ClickKeyword.click(ClickKeyword.groovy:74)
	at com.kms.katalon.core.webui.keyword.builtin.ClickKeyword.execute(ClickKeyword.groovy:40)
	at com.kms.katalon.core.keyword.internal.KeywordExecutor.executeKeywordForPlatform(KeywordExecutor.groovy:74)
	at com.kms.katalon.core.webui.keyword.WebUiBuiltInKeywords.click(WebUiBuiltInKeywords.groovy:659)
	at Script1686231490255.CheckPageDownload(Script1686231490255.groovy:168)
	at Script1686231490255.OtpuskIzSeti(Script1686231490255.groovy:671)
	at Script1686231490255.run(Script1686231490255.groovy:70)
	... 15 more
)
	at com.kms.katalon.core.keyword.internal.KeywordMain.stepFailed(KeywordMain.groovy:39)
	at com.kms.katalon.core.webui.keyword.internal.WebUIKeywordMain.stepFailed(WebUIKeywordMain.groovy:64)
	at com.kms.katalon.core.webui.keyword.internal.WebUIKeywordMain.runKeyword(WebUIKeywordMain.groovy:26)
	at com.kms.katalon.core.webui.keyword.builtin.ClickKeyword.click(ClickKeyword.groovy:74)
	at com.kms.katalon.core.webui.keyword.builtin.ClickKeyword.execute(ClickKeyword.groovy:40)
	at com.kms.katalon.core.keyword.internal.KeywordExecutor.executeKeywordForPlatform(KeywordExecutor.groovy:74)
	at com.kms.katalon.core.webui.keyword.WebUiBuiltInKeywords.click(WebUiBuiltInKeywords.groovy:659)
	at Блок руководителя сверка дашбордов под разными учётками.CheckPageDownload(Блок руководителя сверка дашбордов под разными учётками:168)
	at Блок руководителя сверка дашбордов под разными учётками.OtpuskIzSeti(Блок руководителя сверка дашбордов под разными учётками:671)
	at Блок руководителя сверка дашбордов под разными учётками.run(Блок руководителя сверка дашбордов под разными учётками:70)
	at com.kms.katalon.core.main.ScriptEngine.run(ScriptEngine.java:194)
	at com.kms.katalon.core.main.ScriptEngine.runScriptAsRawText(ScriptEngine.java:119)
	at com.kms.katalon.core.main.TestCaseExecutor.runScript(TestCaseExecutor.java:448)
	at com.kms.katalon.core.main.TestCaseExecutor.doExecute(TestCaseExecutor.java:439)
	at com.kms.katalon.core.main.TestCaseExecutor.processExecutionPhase(TestCaseExecutor.java:418)
	at com.kms.katalon.core.main.TestCaseExecutor.accessMainPhase(TestCaseExecutor.java:410)
	at com.kms.katalon.core.main.TestCaseExecutor.execute(TestCaseExecutor.java:285)
	at com.kms.katalon.core.common.CommonExecutor.accessTestCaseMainPhase(CommonExecutor.java:65)
	at com.kms.katalon.core.main.TestSuiteExecutor.accessTestSuiteMainPhase(TestSuiteExecutor.java:150)
	at com.kms.katalon.core.main.TestSuiteExecutor.execute(TestSuiteExecutor.java:106)
	at com.kms.katalon.core.main.TestCaseMain.startTestSuite(TestCaseMain.java:180)
	at TempTestSuite1731310890476.run(TempTestSuite1731310890476.groovy:35)
	at java.base/jdk.internal.reflect.NativeMethodAccessorImpl.invoke0(Native Method)
	at java.base/jdk.internal.reflect.NativeMethodAccessorImpl.invoke(NativeMethodAccessorImpl.java:77)
	at java.base/jdk.internal.reflect.DelegatingMethodAccessorImpl.invoke(DelegatingMethodAccessorImpl.java:43)
Caused by: com.kms.katalon.core.exception.StepFailedException: Unable to click on object 'Object Repository/Страница авторизации/button_'
	... 24 more
Caused by: org.openqa.selenium.TimeoutException: timeout: Timed out receiving message from renderer: 300.000
  (Session info: chrome=130.0.6723.117)
Build info: version: '3.141.59', revision: 'unknown', time: 'unknown'
System info: host: 'UVV-WS904-D', ip: '192.168.0.19', os.name: 'Windows 10', os.arch: 'amd64', os.version: '10.0', java.version: '17.0.7'
Driver info: com.kms.katalon.selenium.driver.CChromeDriver
Capabilities {acceptInsecureCerts: false, browserName: chrome, browserVersion: 130.0.6723.117, chrome: {chromedriverVersion: 129.0.6668.58 (81a06fb873a9..., userDataDir: C:\Users\LIAZGI~1\AppData\L...}, fedcm:accounts: true, goog:chromeOptions: {debuggerAddress: localhost:61744}, javascriptEnabled: true, networkConnectionEnabled: false, pageLoadStrategy: normal, platform: WINDOWS, platformName: WINDOWS, proxy: Proxy(), setWindowRect: true, strictFileInteractability: false, timeouts: {implicit: 0, pageLoad: 300000, script: 30000}, unhandledPromptBehavior: dismiss and notify, webauthn:extension:credBlob: true, webauthn:extension:largeBlob: true, webauthn:extension:minPinLength: true, webauthn:extension:prf: true, webauthn:virtualAuthenticators: true}
Session ID: c4422713013d04fb4acd86f6507a6629
	at java.base/jdk.internal.reflect.NativeConstructorAccessorImpl.newInstance0(Native Method)
	at java.base/jdk.internal.reflect.NativeConstructorAccessorImpl.newInstance(NativeConstructorAccessorImpl.java:77)
	at java.base/jdk.internal.reflect.DelegatingConstructorAccessorImpl.newInstance(DelegatingConstructorAccessorImpl.java:45)
	at org.openqa.selenium.remote.http.W3CHttpResponseCodec.createException(W3CHttpResponseCodec.java:187)
	at org.openqa.selenium.remote.http.W3CHttpResponseCodec.decode(W3CHttpResponseCodec.java:122)
	at org.openqa.selenium.remote.http.W3CHttpResponseCodec.decode(W3CHttpResponseCodec.java:49)
	at org.openqa.selenium.remote.HttpCommandExecutor.execute(HttpCommandExecutor.java:158)
	at org.openqa.selenium.remote.service.DriverCommandExecutor.execute(DriverCommandExecutor.java:83)
	at org.openqa.selenium.remote.RemoteWebDriver.execute(RemoteWebDriver.java:552)
	at com.kms.katalon.selenium.driver.CChromeDriver.execute(CChromeDriver.java:19)
	at org.openqa.selenium.remote.RemoteWebElement.execute(RemoteWebElement.java:285)
	at org.openqa.selenium.remote.RemoteWebElement.click(RemoteWebElement.java:84)
	at jdk.internal.reflect.GeneratedMethodAccessor15.invoke(Unknown Source)
	at java.base/jdk.internal.reflect.DelegatingMethodAccessorImpl.invoke(DelegatingMethodAccessorImpl.java:43)
	at org.openqa.selenium.support.events.EventFiringWebDriver$EventFiringWebElement.lambda$new$0(EventFiringWebDriver.java:404)
	at jdk.proxy2/jdk.proxy2.$Proxy24.click(Unknown Source)
	at org.openqa.selenium.support.events.EventFiringWebDriver$EventFiringWebElement.click(EventFiringWebDriver.java:417)
	at org.openqa.selenium.WebElement$click.call(Unknown Source)
	at com.kms.katalon.core.webui.keyword.builtin.ClickKeyword.clickUntilSuccessWithTimeout(ClickKeyword.groovy:81)
	at com.kms.katalon.core.webui.keyword.builtin.ClickKeyword.clickUntilSuccessWithTimeout(ClickKeyword.groovy)
	at jdk.internal.reflect.GeneratedMethodAccessor13.invoke(Unknown Source)
	at java.base/jdk.internal.reflect.DelegatingMethodAccessorImpl.invoke(DelegatingMethodAccessorImpl.java:43)
	at com.kms.katalon.core.webui.keyword.builtin.ClickKeyword$_click_closure1.doCall(ClickKeyword.groovy:67)
	at com.kms.katalon.core.webui.keyword.builtin.ClickKeyword$_click_closure1.call(ClickKeyword.groovy)
	at com.kms.katalon.core.webui.keyword.internal.WebUIKeywordMain.runKeyword(WebUIKeywordMain.groovy:20)
	... 22 more]]></system-out>
      <system-err><![CDATA[11-11-2024T10:41:34 - [TEST_SUITE][FAILED] - Блок руководителя под разными учётками: Test Cases/Сверки дашбордов/Блок руководителя сверка дашбордов под разными учётками FAILED.
Reason:
com.kms.katalon.core.exception.StepFailedException: Unable to click on object 'Object Repository/Страница авторизации/button_' (Root cause: com.kms.katalon.core.exception.StepFailedException: Unable to click on object 'Object Repository/Страница авторизации/button_'
	at com.kms.katalon.core.webui.keyword.internal.WebUIKeywordMain.stepFailed(WebUIKeywordMain.groovy:64)
	at com.kms.katalon.core.webui.keyword.internal.WebUIKeywordMain.runKeyword(WebUIKeywordMain.groovy:26)
	at com.kms.katalon.core.webui.keyword.builtin.ClickKeyword.click(ClickKeyword.groovy:74)
	at com.kms.katalon.core.webui.keyword.builtin.ClickKeyword.execute(ClickKeyword.groovy:40)
	at com.kms.katalon.core.keyword.internal.KeywordExecutor.executeKeywordForPlatform(KeywordExecutor.groovy:74)
	at com.kms.katalon.core.webui.keyword.WebUiBuiltInKeywords.click(WebUiBuiltInKeywords.groovy:659)
	at Блок руководителя сверка дашбордов под разными учётками.CheckPageDownload(Блок руководителя сверка дашбордов под разными учётками:168)
	at Блок руководителя сверка дашбордов под разными учётками.OtpuskIzSeti(Блок руководителя сверка дашбордов под разными учётками:671)
	at Блок руководителя сверка дашбордов под разными учётками.run(Блок руководителя сверка дашбордов под разными учётками:70)
	at com.kms.katalon.core.main.ScriptEngine.run(ScriptEngine.java:194)
	at com.kms.katalon.core.main.ScriptEngine.runScriptAsRawText(ScriptEngine.java:119)
	at com.kms.katalon.core.main.TestCaseExecutor.runScript(TestCaseExecutor.java:448)
	at com.kms.katalon.core.main.TestCaseExecutor.doExecute(TestCaseExecutor.java:439)
	at com.kms.katalon.core.main.TestCaseExecutor.processExecutionPhase(TestCaseExecutor.java:418)
	at com.kms.katalon.core.main.TestCaseExecutor.accessMainPhase(TestCaseExecutor.java:410)
	at com.kms.katalon.core.main.TestCaseExecutor.execute(TestCaseExecutor.java:285)
	at com.kms.katalon.core.common.CommonExecutor.accessTestCaseMainPhase(CommonExecutor.java:65)
	at com.kms.katalon.core.main.TestSuiteExecutor.accessTestSuiteMainPhase(TestSuiteExecutor.java:150)
	at com.kms.katalon.core.main.TestSuiteExecutor.execute(TestSuiteExecutor.java:106)
	at com.kms.katalon.core.main.TestCaseMain.startTestSuite(TestCaseMain.java:180)
	at TempTestSuite1731310890476.run(TempTestSuite1731310890476.groovy:35)
	at java.base/jdk.internal.reflect.NativeMethodAccessorImpl.invoke0(Native Method)
	at java.base/jdk.internal.reflect.NativeMethodAccessorImpl.invoke(NativeMethodAccessorImpl.java:77)
	at java.base/jdk.internal.reflect.DelegatingMethodAccessorImpl.invoke(DelegatingMethodAccessorImpl.java:43)
Caused by: org.openqa.selenium.TimeoutException: timeout: Timed out receiving message from renderer: 300.000
  (Session info: chrome=130.0.6723.117)
Build info: version: '3.141.59', revision: 'unknown', time: 'unknown'
System info: host: 'UVV-WS904-D', ip: '192.168.0.19', os.name: 'Windows 10', os.arch: 'amd64', os.version: '10.0', java.version: '17.0.7'
Driver info: com.kms.katalon.selenium.driver.CChromeDriver
Capabilities {acceptInsecureCerts: false, browserName: chrome, browserVersion: 130.0.6723.117, chrome: {chromedriverVersion: 129.0.6668.58 (81a06fb873a9..., userDataDir: C:\Users\LIAZGI~1\AppData\L...}, fedcm:accounts: true, goog:chromeOptions: {debuggerAddress: localhost:61744}, javascriptEnabled: true, networkConnectionEnabled: false, pageLoadStrategy: normal, platform: WINDOWS, platformName: WINDOWS, proxy: Proxy(), setWindowRect: true, strictFileInteractability: false, timeouts: {implicit: 0, pageLoad: 300000, script: 30000}, unhandledPromptBehavior: dismiss and notify, webauthn:extension:credBlob: true, webauthn:extension:largeBlob: true, webauthn:extension:minPinLength: true, webauthn:extension:prf: true, webauthn:virtualAuthenticators: true}
Session ID: c4422713013d04fb4acd86f6507a6629
	at java.base/jdk.internal.reflect.NativeConstructorAccessorImpl.newInstance0(Native Method)
	at java.base/jdk.internal.reflect.NativeConstructorAccessorImpl.newInstance(NativeConstructorAccessorImpl.java:77)
	at java.base/jdk.internal.reflect.DelegatingConstructorAccessorImpl.newInstance(DelegatingConstructorAccessorImpl.java:45)
	at org.openqa.selenium.remote.http.W3CHttpResponseCodec.createException(W3CHttpResponseCodec.java:187)
	at org.openqa.selenium.remote.http.W3CHttpResponseCodec.decode(W3CHttpResponseCodec.java:122)
	at org.openqa.selenium.remote.http.W3CHttpResponseCodec.decode(W3CHttpResponseCodec.java:49)
	at org.openqa.selenium.remote.HttpCommandExecutor.execute(HttpCommandExecutor.java:158)
	at org.openqa.selenium.remote.service.DriverCommandExecutor.execute(DriverCommandExecutor.java:83)
	at org.openqa.selenium.remote.RemoteWebDriver.execute(RemoteWebDriver.java:552)
	at com.kms.katalon.selenium.driver.CChromeDriver.execute(CChromeDriver.java:19)
	at org.openqa.selenium.remote.RemoteWebElement.execute(RemoteWebElement.java:285)
	at org.openqa.selenium.remote.RemoteWebElement.click(RemoteWebElement.java:84)
	at jdk.internal.reflect.GeneratedMethodAccessor15.invoke(Unknown Source)
	at java.base/jdk.internal.reflect.DelegatingMethodAccessorImpl.invoke(DelegatingMethodAccessorImpl.java:43)
	at org.openqa.selenium.support.events.EventFiringWebDriver$EventFiringWebElement.lambda$new$0(EventFiringWebDriver.java:404)
	at jdk.proxy2/jdk.proxy2.$Proxy24.click(Unknown Source)
	at org.openqa.selenium.support.events.EventFiringWebDriver$EventFiringWebElement.click(EventFiringWebDriver.java:417)
	at org.openqa.selenium.WebElement$click.call(Unknown Source)
	at com.kms.katalon.core.webui.keyword.builtin.ClickKeyword.clickUntilSuccessWithTimeout(ClickKeyword.groovy:81)
	at com.kms.katalon.core.webui.keyword.builtin.ClickKeyword.clickUntilSuccessWithTimeout(ClickKeyword.groovy)
	at jdk.internal.reflect.GeneratedMethodAccessor13.invoke(Unknown Source)
	at java.base/jdk.internal.reflect.DelegatingMethodAccessorImpl.invoke(DelegatingMethodAccessorImpl.java:43)
	at com.kms.katalon.core.webui.keyword.builtin.ClickKeyword$_click_closure1.doCall(ClickKeyword.groovy:67)
	at com.kms.katalon.core.webui.keyword.builtin.ClickKeyword$_click_closure1.call(ClickKeyword.groovy)
	at com.kms.katalon.core.webui.keyword.internal.WebUIKeywordMain.runKeyword(WebUIKeywordMain.groovy:20)
	at com.kms.katalon.core.webui.keyword.builtin.ClickKeyword.click(ClickKeyword.groovy:74)
	at com.kms.katalon.core.webui.keyword.builtin.ClickKeyword.execute(ClickKeyword.groovy:40)
	at com.kms.katalon.core.keyword.internal.KeywordExecutor.executeKeywordForPlatform(KeywordExecutor.groovy:74)
	at com.kms.katalon.core.webui.keyword.WebUiBuiltInKeywords.click(WebUiBuiltInKeywords.groovy:659)
	at Script1686231490255.CheckPageDownload(Script1686231490255.groovy:168)
	at Script1686231490255.OtpuskIzSeti(Script1686231490255.groovy:671)
	at Script1686231490255.run(Script1686231490255.groovy:70)
	... 15 more
)
	at com.kms.katalon.core.keyword.internal.KeywordMain.stepFailed(KeywordMain.groovy:39)
	at com.kms.katalon.core.webui.keyword.internal.WebUIKeywordMain.stepFailed(WebUIKeywordMain.groovy:64)
	at com.kms.katalon.core.webui.keyword.internal.WebUIKeywordMain.runKeyword(WebUIKeywordMain.groovy:26)
	at com.kms.katalon.core.webui.keyword.builtin.ClickKeyword.click(ClickKeyword.groovy:74)
	at com.kms.katalon.core.webui.keyword.builtin.ClickKeyword.execute(ClickKeyword.groovy:40)
	at com.kms.katalon.core.keyword.internal.KeywordExecutor.executeKeywordForPlatform(KeywordExecutor.groovy:74)
	at com.kms.katalon.core.webui.keyword.WebUiBuiltInKeywords.click(WebUiBuiltInKeywords.groovy:659)
	at Блок руководителя сверка дашбордов под разными учётками.CheckPageDownload(Блок руководителя сверка дашбордов под разными учётками:168)
	at Блок руководителя сверка дашбордов под разными учётками.OtpuskIzSeti(Блок руководителя сверка дашбордов под разными учётками:671)
	at Блок руководителя сверка дашбордов под разными учётками.run(Блок руководителя сверка дашбордов под разными учётками:70)
	at com.kms.katalon.core.main.ScriptEngine.run(ScriptEngine.java:194)
	at com.kms.katalon.core.main.ScriptEngine.runScriptAsRawText(ScriptEngine.java:119)
	at com.kms.katalon.core.main.TestCaseExecutor.runScript(TestCaseExecutor.java:448)
	at com.kms.katalon.core.main.TestCaseExecutor.doExecute(TestCaseExecutor.java:439)
	at com.kms.katalon.core.main.TestCaseExecutor.processExecutionPhase(TestCaseExecutor.java:418)
	at com.kms.katalon.core.main.TestCaseExecutor.accessMainPhase(TestCaseExecutor.java:410)
	at com.kms.katalon.core.main.TestCaseExecutor.execute(TestCaseExecutor.java:285)
	at com.kms.katalon.core.common.CommonExecutor.accessTestCaseMainPhase(CommonExecutor.java:65)
	at com.kms.katalon.core.main.TestSuiteExecutor.accessTestSuiteMainPhase(TestSuiteExecutor.java:150)
	at com.kms.katalon.core.main.TestSuiteExecutor.execute(TestSuiteExecutor.java:106)
	at com.kms.katalon.core.main.TestCaseMain.startTestSuite(TestCaseMain.java:180)
	at TempTestSuite1731310890476.run(TempTestSuite1731310890476.groovy:35)
	at java.base/jdk.internal.reflect.NativeMethodAccessorImpl.invoke0(Native Method)
	at java.base/jdk.internal.reflect.NativeMethodAccessorImpl.invoke(NativeMethodAccessorImpl.java:77)
	at java.base/jdk.internal.reflect.DelegatingMethodAccessorImpl.invoke(DelegatingMethodAccessorImpl.java:43)
Caused by: com.kms.katalon.core.exception.StepFailedException: Unable to click on object 'Object Repository/Страница авторизации/button_'
	... 24 more
Caused by: org.openqa.selenium.TimeoutException: timeout: Timed out receiving message from renderer: 300.000
  (Session info: chrome=130.0.6723.117)
Build info: version: '3.141.59', revision: 'unknown', time: 'unknown'
System info: host: 'UVV-WS904-D', ip: '192.168.0.19', os.name: 'Windows 10', os.arch: 'amd64', os.version: '10.0', java.version: '17.0.7'
Driver info: com.kms.katalon.selenium.driver.CChromeDriver
Capabilities {acceptInsecureCerts: false, browserName: chrome, browserVersion: 130.0.6723.117, chrome: {chromedriverVersion: 129.0.6668.58 (81a06fb873a9..., userDataDir: C:\Users\LIAZGI~1\AppData\L...}, fedcm:accounts: true, goog:chromeOptions: {debuggerAddress: localhost:61744}, javascriptEnabled: true, networkConnectionEnabled: false, pageLoadStrategy: normal, platform: WINDOWS, platformName: WINDOWS, proxy: Proxy(), setWindowRect: true, strictFileInteractability: false, timeouts: {implicit: 0, pageLoad: 300000, script: 30000}, unhandledPromptBehavior: dismiss and notify, webauthn:extension:credBlob: true, webauthn:extension:largeBlob: true, webauthn:extension:minPinLength: true, webauthn:extension:prf: true, webauthn:virtualAuthenticators: true}
Session ID: c4422713013d04fb4acd86f6507a6629
	at java.base/jdk.internal.reflect.NativeConstructorAccessorImpl.newInstance0(Native Method)
	at java.base/jdk.internal.reflect.NativeConstructorAccessorImpl.newInstance(NativeConstructorAccessorImpl.java:77)
	at java.base/jdk.internal.reflect.DelegatingConstructorAccessorImpl.newInstance(DelegatingConstructorAccessorImpl.java:45)
	at org.openqa.selenium.remote.http.W3CHttpResponseCodec.createException(W3CHttpResponseCodec.java:187)
	at org.openqa.selenium.remote.http.W3CHttpResponseCodec.decode(W3CHttpResponseCodec.java:122)
	at org.openqa.selenium.remote.http.W3CHttpResponseCodec.decode(W3CHttpResponseCodec.java:49)
	at org.openqa.selenium.remote.HttpCommandExecutor.execute(HttpCommandExecutor.java:158)
	at org.openqa.selenium.remote.service.DriverCommandExecutor.execute(DriverCommandExecutor.java:83)
	at org.openqa.selenium.remote.RemoteWebDriver.execute(RemoteWebDriver.java:552)
	at com.kms.katalon.selenium.driver.CChromeDriver.execute(CChromeDriver.java:19)
	at org.openqa.selenium.remote.RemoteWebElement.execute(RemoteWebElement.java:285)
	at org.openqa.selenium.remote.RemoteWebElement.click(RemoteWebElement.java:84)
	at jdk.internal.reflect.GeneratedMethodAccessor15.invoke(Unknown Source)
	at java.base/jdk.internal.reflect.DelegatingMethodAccessorImpl.invoke(DelegatingMethodAccessorImpl.java:43)
	at org.openqa.selenium.support.events.EventFiringWebDriver$EventFiringWebElement.lambda$new$0(EventFiringWebDriver.java:404)
	at jdk.proxy2/jdk.proxy2.$Proxy24.click(Unknown Source)
	at org.openqa.selenium.support.events.EventFiringWebDriver$EventFiringWebElement.click(EventFiringWebDriver.java:417)
	at org.openqa.selenium.WebElement$click.call(Unknown Source)
	at com.kms.katalon.core.webui.keyword.builtin.ClickKeyword.clickUntilSuccessWithTimeout(ClickKeyword.groovy:81)
	at com.kms.katalon.core.webui.keyword.builtin.ClickKeyword.clickUntilSuccessWithTimeout(ClickKeyword.groovy)
	at jdk.internal.reflect.GeneratedMethodAccessor13.invoke(Unknown Source)
	at java.base/jdk.internal.reflect.DelegatingMethodAccessorImpl.invoke(DelegatingMethodAccessorImpl.java:43)
	at com.kms.katalon.core.webui.keyword.builtin.ClickKeyword$_click_closure1.doCall(ClickKeyword.groovy:67)
	at com.kms.katalon.core.webui.keyword.builtin.ClickKeyword$_click_closure1.call(ClickKeyword.groovy)
	at com.kms.katalon.core.webui.keyword.internal.WebUIKeywordMain.runKeyword(WebUIKeywordMain.groovy:20)
	... 22 more]]></system-err>
   </testsuite>
</testsuites>
