<?xml version="1.0" encoding="UTF-8"?>
<testsuites name="Сверка дашбордов из разных блоков" time="7879.011" tests="5" failures="2" errors="0">
   <testsuite name="Сверка дашбордов из разных блоков" tests="5" failures="2" errors="0" time="7879.011" skipped="0" timestamp="30-03-2025T15:09:25" hostname="liazgina-di - UVV-WS904-D.ot.ru" id="Test Suites/Пн-Ср-Пт/Сверка дашбордов из разных блоков">
      <properties>
         <property name="deviceName" value=""/>
         <property name="devicePlatform"/>
         <property name="logFolder" value="C:\\Users\\LIAZGINA-DI\\git\\SPORU\\Reports\\20250330_150919\\\u041F\u043D-\u0421\u0440-\u041F\u0442\\\u0421\u0432\u0435\u0440\u043A\u0430 \u0434\u0430\u0448\u0431\u043E\u0440\u0434\u043E\u0432 \u0438\u0437 \u0440\u0430\u0437\u043D\u044B\u0445 \u0431\u043B\u043E\u043A\u043E\u0432\\20250330_150920"/>
         <property name="logFiles" value="C:\\Users\\LIAZGINA-DI\\git\\SPORU\\Reports\\20250330_150919\\\u041F\u043D-\u0421\u0440-\u041F\u0442\\\u0421\u0432\u0435\u0440\u043A\u0430 \u0434\u0430\u0448\u0431\u043E\u0440\u0434\u043E\u0432 \u0438\u0437 \u0440\u0430\u0437\u043D\u044B\u0445 \u0431\u043B\u043E\u043A\u043E\u0432\\20250330_150920\\execution0.log, C:\\Users\\LIAZGINA-DI\\git\\SPORU\\Reports\\20250330_150919\\\u041F\u043D-\u0421\u0440-\u041F\u0442\\\u0421\u0432\u0435\u0440\u043A\u0430 \u0434\u0430\u0448\u0431\u043E\u0440\u0434\u043E\u0432 \u0438\u0437 \u0440\u0430\u0437\u043D\u044B\u0445 \u0431\u043B\u043E\u043A\u043E\u0432\\20250330_150920\\execution1.log"/>
         <property name="attachments" value="C:\\Users\\LIAZGINA-DI\\git\\SPORU\\Reports\\20250330_150919\\\u041F\u043D-\u0421\u0440-\u041F\u0442\\\u0421\u0432\u0435\u0440\u043A\u0430 \u0434\u0430\u0448\u0431\u043E\u0440\u0434\u043E\u0432 \u0438\u0437 \u0440\u0430\u0437\u043D\u044B\u0445 \u0431\u043B\u043E\u043A\u043E\u0432\\20250330_150920\\1743342965413.png, C:\\Users\\LIAZGINA-DI\\git\\SPORU\\Reports\\20250330_150919\\\u041F\u043D-\u0421\u0440-\u041F\u0442\\\u0421\u0432\u0435\u0440\u043A\u0430 \u0434\u0430\u0448\u0431\u043E\u0440\u0434\u043E\u0432 \u0438\u0437 \u0440\u0430\u0437\u043D\u044B\u0445 \u0431\u043B\u043E\u043A\u043E\u0432\\20250330_150920\\1743343289023.png, C:\\Users\\LIAZGINA-DI\\git\\SPORU\\Reports\\20250330_150919\\\u041F\u043D-\u0421\u0440-\u041F\u0442\\\u0421\u0432\u0435\u0440\u043A\u0430 \u0434\u0430\u0448\u0431\u043E\u0440\u0434\u043E\u0432 \u0438\u0437 \u0440\u0430\u0437\u043D\u044B\u0445 \u0431\u043B\u043E\u043A\u043E\u0432\\20250330_150920\\1743343376767.png, C:\\Users\\LIAZGINA-DI\\git\\SPORU\\Reports\\20250330_150919\\\u041F\u043D-\u0421\u0440-\u041F\u0442\\\u0421\u0432\u0435\u0440\u043A\u0430 \u0434\u0430\u0448\u0431\u043E\u0440\u0434\u043E\u0432 \u0438\u0437 \u0440\u0430\u0437\u043D\u044B\u0445 \u0431\u043B\u043E\u043A\u043E\u0432\\20250330_150920\\1743343493454.png, C:\\Users\\LIAZGINA-DI\\git\\SPORU\\Reports\\20250330_150919\\\u041F\u043D-\u0421\u0440-\u041F\u0442\\\u0421\u0432\u0435\u0440\u043A\u0430 \u0434\u0430\u0448\u0431\u043E\u0440\u0434\u043E\u0432 \u0438\u0437 \u0440\u0430\u0437\u043D\u044B\u0445 \u0431\u043B\u043E\u043A\u043E\u0432\\20250330_150920\\1743343525315.png, C:\\Users\\LIAZGINA-DI\\git\\SPORU\\Reports\\20250330_150919\\\u041F\u043D-\u0421\u0440-\u041F\u0442\\\u0421\u0432\u0435\u0440\u043A\u0430 \u0434\u0430\u0448\u0431\u043E\u0440\u0434\u043E\u0432 \u0438\u0437 \u0440\u0430\u0437\u043D\u044B\u0445 \u0431\u043B\u043E\u043A\u043E\u0432\\20250330_150920\\1743343557722.png, C:\\Users\\LIAZGINA-DI\\git\\SPORU\\Reports\\20250330_150919\\\u041F\u043D-\u0421\u0440-\u041F\u0442\\\u0421\u0432\u0435\u0440\u043A\u0430 \u0434\u0430\u0448\u0431\u043E\u0440\u0434\u043E\u0432 \u0438\u0437 \u0440\u0430\u0437\u043D\u044B\u0445 \u0431\u043B\u043E\u043A\u043E\u0432\\20250330_150920\\1743343589596.png, C:\\Users\\LIAZGINA-DI\\git\\SPORU\\Reports\\20250330_150919\\\u041F\u043D-\u0421\u0440-\u041F\u0442\\\u0421\u0432\u0435\u0440\u043A\u0430 \u0434\u0430\u0448\u0431\u043E\u0440\u0434\u043E\u0432 \u0438\u0437 \u0440\u0430\u0437\u043D\u044B\u0445 \u0431\u043B\u043E\u043A\u043E\u0432\\20250330_150920\\1743343622602.png, C:\\Users\\LIAZGINA-DI\\git\\SPORU\\Reports\\20250330_150919\\\u041F\u043D-\u0421\u0440-\u041F\u0442\\\u0421\u0432\u0435\u0440\u043A\u0430 \u0434\u0430\u0448\u0431\u043E\u0440\u0434\u043E\u0432 \u0438\u0437 \u0440\u0430\u0437\u043D\u044B\u0445 \u0431\u043B\u043E\u043A\u043E\u0432\\20250330_150920\\1743343654394.png, C:\\Users\\LIAZGINA-DI\\git\\SPORU\\Reports\\20250330_150919\\\u041F\u043D-\u0421\u0440-\u041F\u0442\\\u0421\u0432\u0435\u0440\u043A\u0430 \u0434\u0430\u0448\u0431\u043E\u0440\u0434\u043E\u0432 \u0438\u0437 \u0440\u0430\u0437\u043D\u044B\u0445 \u0431\u043B\u043E\u043A\u043E\u0432\\20250330_150920\\1743343686677.png, C:\\Users\\LIAZGINA-DI\\git\\SPORU\\Reports\\20250330_150919\\\u041F\u043D-\u0421\u0440-\u041F\u0442\\\u0421\u0432\u0435\u0440\u043A\u0430 \u0434\u0430\u0448\u0431\u043E\u0440\u0434\u043E\u0432 \u0438\u0437 \u0440\u0430\u0437\u043D\u044B\u0445 \u0431\u043B\u043E\u043A\u043E\u0432\\20250330_150920\\1743343718555.png, C:\\Users\\LIAZGINA-DI\\git\\SPORU\\Reports\\20250330_150919\\\u041F\u043D-\u0421\u0440-\u041F\u0442\\\u0421\u0432\u0435\u0440\u043A\u0430 \u0434\u0430\u0448\u0431\u043E\u0440\u0434\u043E\u0432 \u0438\u0437 \u0440\u0430\u0437\u043D\u044B\u0445 \u0431\u043B\u043E\u043A\u043E\u0432\\20250330_150920\\1743343823843.png, C:\\Users\\LIAZGINA-DI\\git\\SPORU\\Reports\\20250330_150919\\\u041F\u043D-\u0421\u0440-\u041F\u0442\\\u0421\u0432\u0435\u0440\u043A\u0430 \u0434\u0430\u0448\u0431\u043E\u0440\u0434\u043E\u0432 \u0438\u0437 \u0440\u0430\u0437\u043D\u044B\u0445 \u0431\u043B\u043E\u043A\u043E\u0432\\20250330_150920\\1743343986831.png, C:\\Users\\LIAZGINA-DI\\git\\SPORU\\Reports\\20250330_150919\\\u041F\u043D-\u0421\u0440-\u041F\u0442\\\u0421\u0432\u0435\u0440\u043A\u0430 \u0434\u0430\u0448\u0431\u043E\u0440\u0434\u043E\u0432 \u0438\u0437 \u0440\u0430\u0437\u043D\u044B\u0445 \u0431\u043B\u043E\u043A\u043E\u0432\\20250330_150920\\1743344019376.png, C:\\Users\\LIAZGINA-DI\\git\\SPORU\\Reports\\20250330_150919\\\u041F\u043D-\u0421\u0440-\u041F\u0442\\\u0421\u0432\u0435\u0440\u043A\u0430 \u0434\u0430\u0448\u0431\u043E\u0440\u0434\u043E\u0432 \u0438\u0437 \u0440\u0430\u0437\u043D\u044B\u0445 \u0431\u043B\u043E\u043A\u043E\u0432\\20250330_150920\\1743344058233.png, C:\\Users\\LIAZGINA-DI\\git\\SPORU\\Reports\\20250330_150919\\\u041F\u043D-\u0421\u0440-\u041F\u0442\\\u0421\u0432\u0435\u0440\u043A\u0430 \u0434\u0430\u0448\u0431\u043E\u0440\u0434\u043E\u0432 \u0438\u0437 \u0440\u0430\u0437\u043D\u044B\u0445 \u0431\u043B\u043E\u043A\u043E\u0432\\20250330_150920\\1743344097766.png, C:\\Users\\LIAZGINA-DI\\git\\SPORU\\Reports\\20250330_150919\\\u041F\u043D-\u0421\u0440-\u041F\u0442\\\u0421\u0432\u0435\u0440\u043A\u0430 \u0434\u0430\u0448\u0431\u043E\u0440\u0434\u043E\u0432 \u0438\u0437 \u0440\u0430\u0437\u043D\u044B\u0445 \u0431\u043B\u043E\u043A\u043E\u0432\\20250330_150920\\1743344270200.png, C:\\Users\\LIAZGINA-DI\\git\\SPORU\\Reports\\20250330_150919\\\u041F\u043D-\u0421\u0440-\u041F\u0442\\\u0421\u0432\u0435\u0440\u043A\u0430 \u0434\u0430\u0448\u0431\u043E\u0440\u0434\u043E\u0432 \u0438\u0437 \u0440\u0430\u0437\u043D\u044B\u0445 \u0431\u043B\u043E\u043A\u043E\u0432\\20250330_150920\\1743344441481.png"/>
         <property name="hostName" value="liazgina-di - UVV-WS904-D.ot.ru"/>
         <property name="os" value="Windows 10 64bit"/>
         <property name="katalonVersion" value="9.5.0.217"/>
         <property name="browser" value="Chrome 134.0.0.0"/>
         <property name="hostAddress" value="192.168.0.19"/>
         <property name="sessionId" value="19a5294f59f5d3b3b51c894f6fac55a0"/>
         <property name="seleniumVersion" value="3.141.59"/>
         <property name="proxyInformation" value="ProxyInformation { proxyOption=NO_PROXY, proxyServerType=HTTP, username=, password=********, proxyServerAddress=, proxyServerPort=0, executionList=&quot;&quot;, isApplyToDesiredCapabilities=true }"/>
         <property name="platform" value="Windows 10"/>
      </properties>
      <testcase name="Test Cases/Сверки дашбордов/Выручка в рублях сверка дашбордов ПАО Россети" time="4995.079" classname="Test Cases/Сверки дашбордов/Выручка в рублях сверка дашбордов ПАО Россети" status="PASSED">
         <system-out><![CDATA[30-03-2025T15:09:25 - [TEST_CASE][PASSED] - Test Cases/Сверки дашбордов/Выручка в рублях сверка дашбордов ПАО Россети: Test Cases/Сверки дашбордов/Выручка в рублях сверка дашбордов ПАО Россети

30-03-2025T15:09:26 - [TEST_STEP][PASSED] - date = new java.util.Date(): null

30-03-2025T15:09:26 - [TEST_STEP][PASSED] - todaysDate = date.format("dd.MM.yyyy"): null

30-03-2025T15:09:26 - [TEST_STEP][PASSED] - println(todaysDate): null

30-03-2025T15:09:26 - [TEST_STEP][PASSED] - run = 1: null

30-03-2025T15:09:26 - [TEST_STEP][PASSED] - vir = 1: null

30-03-2025T15:09:26 - [TEST_STEP][PASSED] - block = 1: null

30-03-2025T15:09:26 - [TEST_STEP][PASSED] - vidget = <not implemented yet for class: org.codehaus.groovy.ast.expr.EmptyExpression>: null

30-03-2025T15:09:26 - [TEST_STEP][PASSED] - nameOfBlock = <not implemented yet for class: org.codehaus.groovy.ast.expr.EmptyExpression>: null

30-03-2025T15:09:26 - [TEST_STEP][PASSED] - typeOfData = <not implemented yet for class: org.codehaus.groovy.ast.expr.EmptyExpression>: null

30-03-2025T15:09:26 - [TEST_STEP][PASSED] - viruchka = <not implemented yet for class: org.codehaus.groovy.ast.expr.EmptyExpression>: null

30-03-2025T15:09:26 - [TEST_STEP][PASSED] - a = <not implemented yet for class: org.codehaus.groovy.ast.expr.EmptyExpression>: null

30-03-2025T15:09:26 - [TEST_STEP][PASSED] - b = <not implemented yet for class: org.codehaus.groovy.ast.expr.EmptyExpression>: null

30-03-2025T15:09:26 - [TEST_STEP][PASSED] - x = <not implemented yet for class: org.codehaus.groovy.ast.expr.EmptyExpression>: null

30-03-2025T15:09:26 - [TEST_STEP][PASSED] - y = <not implemented yet for class: org.codehaus.groovy.ast.expr.EmptyExpression>: null

30-03-2025T15:09:26 - [TEST_STEP][PASSED] - dZO = "ПАО Россети": null

30-03-2025T15:09:26 - [TEST_STEP][PASSED] - for ([run = 1, run < 3, (run++)]): null

30-03-2025T15:09:26 - [TEST_STEP][PASSED] - Script1742558545601.ViruchkaChange(run, vir, block, nameOfBlock, typeOfData, viruchka, vidget, todaysDate, a, b, dZO, x, y): null

30-03-2025T15:09:26 - [TEST_STEP][PASSED] - for ([vir = 1, vir < 4, (vir++)]): null

30-03-2025T15:09:26 - [TEST_STEP][PASSED] - Script1742558545601.Blocks(run, vir, block, nameOfBlock, typeOfData, viruchka, vidget, todaysDate, a, b, dZO, x, y): null

30-03-2025T15:09:26 - [TEST_STEP][PASSED] - i = <not implemented yet for class: org.codehaus.groovy.ast.expr.EmptyExpression>: null

30-03-2025T15:09:26 - [TEST_STEP][PASSED] - perc = "": null

30-03-2025T15:09:26 - [TEST_STEP][PASSED] - a1 = <not implemented yet for class: org.codehaus.groovy.ast.expr.EmptyExpression>: null

30-03-2025T15:09:26 - [TEST_STEP][PASSED] - a2 = <not implemented yet for class: org.codehaus.groovy.ast.expr.EmptyExpression>: null

30-03-2025T15:09:26 - [TEST_STEP][PASSED] - a30 = <not implemented yet for class: org.codehaus.groovy.ast.expr.EmptyExpression>: null

30-03-2025T15:09:26 - [TEST_STEP][PASSED] - a31 = <not implemented yet for class: org.codehaus.groovy.ast.expr.EmptyExpression>: null

30-03-2025T15:09:26 - [TEST_STEP][PASSED] - a32 = <not implemented yet for class: org.codehaus.groovy.ast.expr.EmptyExpression>: null

30-03-2025T15:09:26 - [TEST_STEP][PASSED] - a33 = <not implemented yet for class: org.codehaus.groovy.ast.expr.EmptyExpression>: null

30-03-2025T15:09:26 - [TEST_STEP][PASSED] - a34 = <not implemented yet for class: org.codehaus.groovy.ast.expr.EmptyExpression>: null

30-03-2025T15:09:26 - [TEST_STEP][PASSED] - a35 = <not implemented yet for class: org.codehaus.groovy.ast.expr.EmptyExpression>: null

30-03-2025T15:09:26 - [TEST_STEP][PASSED] - a36 = <not implemented yet for class: org.codehaus.groovy.ast.expr.EmptyExpression>: null

30-03-2025T15:09:26 - [TEST_STEP][PASSED] - a37 = <not implemented yet for class: org.codehaus.groovy.ast.expr.EmptyExpression>: null

30-03-2025T15:09:26 - [TEST_STEP][PASSED] - a38 = <not implemented yet for class: org.codehaus.groovy.ast.expr.EmptyExpression>: null

30-03-2025T15:09:26 - [TEST_STEP][PASSED] - a39 = <not implemented yet for class: org.codehaus.groovy.ast.expr.EmptyExpression>: null

30-03-2025T15:09:26 - [TEST_STEP][PASSED] - a310 = <not implemented yet for class: org.codehaus.groovy.ast.expr.EmptyExpression>: null

30-03-2025T15:09:26 - [TEST_STEP][PASSED] - a311 = <not implemented yet for class: org.codehaus.groovy.ast.expr.EmptyExpression>: null

30-03-2025T15:09:26 - [TEST_STEP][PASSED] - a312 = <not implemented yet for class: org.codehaus.groovy.ast.expr.EmptyExpression>: null

30-03-2025T15:09:26 - [TEST_STEP][PASSED] - a313 = <not implemented yet for class: org.codehaus.groovy.ast.expr.EmptyExpression>: null

30-03-2025T15:09:26 - [TEST_STEP][PASSED] - a314 = <not implemented yet for class: org.codehaus.groovy.ast.expr.EmptyExpression>: null

30-03-2025T15:09:26 - [TEST_STEP][PASSED] - a315 = <not implemented yet for class: org.codehaus.groovy.ast.expr.EmptyExpression>: null

30-03-2025T15:09:26 - [TEST_STEP][PASSED] - a316 = <not implemented yet for class: org.codehaus.groovy.ast.expr.EmptyExpression>: null

30-03-2025T15:09:26 - [TEST_STEP][PASSED] - a317 = <not implemented yet for class: org.codehaus.groovy.ast.expr.EmptyExpression>: null

30-03-2025T15:09:26 - [TEST_STEP][PASSED] - a318 = <not implemented yet for class: org.codehaus.groovy.ast.expr.EmptyExpression>: null

30-03-2025T15:09:26 - [TEST_STEP][PASSED] - b1 = <not implemented yet for class: org.codehaus.groovy.ast.expr.EmptyExpression>: null

30-03-2025T15:09:26 - [TEST_STEP][PASSED] - b2 = <not implemented yet for class: org.codehaus.groovy.ast.expr.EmptyExpression>: null

30-03-2025T15:09:26 - [TEST_STEP][PASSED] - b30 = <not implemented yet for class: org.codehaus.groovy.ast.expr.EmptyExpression>: null

30-03-2025T15:09:26 - [TEST_STEP][PASSED] - b31 = <not implemented yet for class: org.codehaus.groovy.ast.expr.EmptyExpression>: null

30-03-2025T15:09:26 - [TEST_STEP][PASSED] - b32 = <not implemented yet for class: org.codehaus.groovy.ast.expr.EmptyExpression>: null

30-03-2025T15:09:26 - [TEST_STEP][PASSED] - b33 = <not implemented yet for class: org.codehaus.groovy.ast.expr.EmptyExpression>: null

30-03-2025T15:09:26 - [TEST_STEP][PASSED] - b34 = <not implemented yet for class: org.codehaus.groovy.ast.expr.EmptyExpression>: null

30-03-2025T15:09:26 - [TEST_STEP][PASSED] - b35 = <not implemented yet for class: org.codehaus.groovy.ast.expr.EmptyExpression>: null

30-03-2025T15:09:26 - [TEST_STEP][PASSED] - b36 = <not implemented yet for class: org.codehaus.groovy.ast.expr.EmptyExpression>: null

30-03-2025T15:09:26 - [TEST_STEP][PASSED] - b37 = <not implemented yet for class: org.codehaus.groovy.ast.expr.EmptyExpression>: null

30-03-2025T15:09:26 - [TEST_STEP][PASSED] - b38 = <not implemented yet for class: org.codehaus.groovy.ast.expr.EmptyExpression>: null

30-03-2025T15:09:26 - [TEST_STEP][PASSED] - b39 = <not implemented yet for class: org.codehaus.groovy.ast.expr.EmptyExpression>: null

30-03-2025T15:09:26 - [TEST_STEP][PASSED] - b310 = <not implemented yet for class: org.codehaus.groovy.ast.expr.EmptyExpression>: null

30-03-2025T15:09:26 - [TEST_STEP][PASSED] - b311 = <not implemented yet for class: org.codehaus.groovy.ast.expr.EmptyExpression>: null

30-03-2025T15:09:26 - [TEST_STEP][PASSED] - b312 = <not implemented yet for class: org.codehaus.groovy.ast.expr.EmptyExpression>: null

30-03-2025T15:09:26 - [TEST_STEP][PASSED] - b313 = <not implemented yet for class: org.codehaus.groovy.ast.expr.EmptyExpression>: null

30-03-2025T15:09:26 - [TEST_STEP][PASSED] - b314 = <not implemented yet for class: org.codehaus.groovy.ast.expr.EmptyExpression>: null

30-03-2025T15:09:26 - [TEST_STEP][PASSED] - b315 = <not implemented yet for class: org.codehaus.groovy.ast.expr.EmptyExpression>: null

30-03-2025T15:09:26 - [TEST_STEP][PASSED] - b316 = <not implemented yet for class: org.codehaus.groovy.ast.expr.EmptyExpression>: null

30-03-2025T15:09:26 - [TEST_STEP][PASSED] - b317 = <not implemented yet for class: org.codehaus.groovy.ast.expr.EmptyExpression>: null

30-03-2025T15:09:26 - [TEST_STEP][PASSED] - b318 = <not implemented yet for class: org.codehaus.groovy.ast.expr.EmptyExpression>: null

30-03-2025T15:09:26 - [TEST_STEP][PASSED] - block = 1: null

30-03-2025T15:09:26 - [TEST_STEP][PASSED] - nameOfBlock = "": null

30-03-2025T15:09:26 - [TEST_STEP][PASSED] - Script1742558545601.PreSettings(run, vir, block, nameOfBlock, typeOfData, todaysDate): null

30-03-2025T15:09:26 - [TEST_STEP][PASSED] - openBrowser(""): Browser is opened with url: ''

30-03-2025T15:09:27 - [MESSAGE][INFO] - Starting 'Chrome' driver

30-03-2025T15:09:27 - [MESSAGE][INFO] - Action delay is set to 0 milliseconds

30-03-2025T15:09:29 - [MESSAGE][PASSED] - Browser is opened with url: ''

30-03-2025T15:09:29 - [TEST_STEP][PASSED] - refresh(): Refresh successfully

30-03-2025T15:09:29 - [MESSAGE][PASSED] - Refresh successfully

30-03-2025T15:09:29 - [TEST_STEP][PASSED] - delay(50): Delayed 50 second(s)

30-03-2025T15:10:19 - [MESSAGE][PASSED] - Delayed 50 second(s)

30-03-2025T15:10:19 - [TEST_STEP][PASSED] - println("run:" + run): null

30-03-2025T15:10:19 - [TEST_STEP][PASSED] - println("vir:" + vir): null

30-03-2025T15:10:19 - [TEST_STEP][PASSED] - println("block:" + block): null

30-03-2025T15:10:19 - [TEST_STEP][PASSED] - if (block == 1): null

30-03-2025T15:10:19 - [TEST_STEP][PASSED] - nameOfBlock = "": null

30-03-2025T15:10:19 - [TEST_STEP][PASSED] - println("nameOfBlock:" + nameOfBlock): null

30-03-2025T15:10:19 - [TEST_STEP][PASSED] - println("typeOfData:" + typeOfData): null

30-03-2025T15:10:19 - [TEST_STEP][PASSED] - println("todaysDate:" + todaysDate): null

30-03-2025T15:10:19 - [TEST_STEP][PASSED] - Script1742558545601.Autorization(block, nameOfBlock): null

30-03-2025T15:10:19 - [TEST_STEP][PASSED] - i = <not implemented yet for class: org.codehaus.groovy.ast.expr.EmptyExpression>: null

30-03-2025T15:10:19 - [TEST_STEP][PASSED] - ii = <not implemented yet for class: org.codehaus.groovy.ast.expr.EmptyExpression>: null

30-03-2025T15:10:19 - [TEST_STEP][PASSED] - urlData = <not implemented yet for class: org.codehaus.groovy.ast.expr.EmptyExpression>: null

30-03-2025T15:10:19 - [TEST_STEP][PASSED] - searchWord = <not implemented yet for class: org.codehaus.groovy.ast.expr.EmptyExpression>: null

30-03-2025T15:10:19 - [TEST_STEP][PASSED] - urlText = <not implemented yet for class: org.codehaus.groovy.ast.expr.EmptyExpression>: null

30-03-2025T15:10:19 - [TEST_STEP][PASSED] - println("block:" + block): null

30-03-2025T15:10:19 - [TEST_STEP][PASSED] - if (block == 1): null

30-03-2025T15:10:19 - [TEST_STEP][PASSED] - nameOfBlock = "": null

30-03-2025T15:10:19 - [TEST_STEP][PASSED] - println("nameOfBlock:" + nameOfBlock): null

30-03-2025T15:10:19 - [TEST_STEP][PASSED] - if (block == 1): Delayed 45 second(s)

30-03-2025T15:10:19 - [TEST_STEP][PASSED] - urlData = 2: null

30-03-2025T15:10:19 - [TEST_STEP][PASSED] - delay(45): Delayed 45 second(s)

30-03-2025T15:11:04 - [MESSAGE][PASSED] - Delayed 45 second(s)

30-03-2025T15:11:04 - [TEST_STEP][PASSED] - navigateToUrl(findTestData("PlanFact").getValue(10, urlData)): Navigate to 'https://bi.rosseti.digital/viewer?dashboardGuid=2301950b23be4ed89c1df75f2020051e&sheetGuid=b723206f698544fb87299f3095c00435&fit=true' successfully

30-03-2025T15:11:08 - [MESSAGE][PASSED] - Navigate to 'https://bi.rosseti.digital/viewer?dashboardGuid=2301950b23be4ed89c1df75f2020051e&sheetGuid=b723206f698544fb87299f3095c00435&fit=true' successfully

30-03-2025T15:11:08 - [TEST_STEP][PASSED] - urlText = getText(findTestObject("Страница авторизации/Text")): Text of object 'Object Repository/Страница авторизации/Text' is: 'Вход'

30-03-2025T15:11:09 - [MESSAGE][PASSED] - Text of object 'Object Repository/Страница авторизации/Text' is: 'Вход'

30-03-2025T15:11:09 - [TEST_STEP][PASSED] - searchWord = "Вход": null

30-03-2025T15:11:09 - [TEST_STEP][PASSED] - if (urlText == null || urlText.contains("ошибка") || urlText.contains(searchWord) == false): null

30-03-2025T15:11:09 - [TEST_STEP][PASSED] - if (verifyElementPresent(findTestObject("Страница авторизации/button_"), 30) == true): null

30-03-2025T15:11:10 - [MESSAGE][PASSED] - Object 'Object Repository/Страница авторизации/button_' is present

30-03-2025T15:11:10 - [TEST_STEP][PASSED] - setText(findTestObject("Страница авторизации/input__username"), findTestData("PlanFact").getValue(8, 1)): Text 'liazgina-di' is set on object 'Object Repository/Страница авторизации/input__username'

30-03-2025T15:11:11 - [MESSAGE][PASSED] - Text 'liazgina-di' is set on object 'Object Repository/Страница авторизации/input__username'

30-03-2025T15:11:11 - [TEST_STEP][PASSED] - setText(findTestObject("Страница авторизации/input__password"), findTestData("PlanFact").getValue(9, 1)): Text ')$%5srZ8o688Dm#q' is set on object 'Object Repository/Страница авторизации/input__password'

30-03-2025T15:11:11 - [MESSAGE][PASSED] - Text ')$%5srZ8o688Dm#q' is set on object 'Object Repository/Страница авторизации/input__password'

30-03-2025T15:11:11 - [TEST_STEP][PASSED] - click(findTestObject("Страница авторизации/button_")): Object: 'Object Repository/Страница авторизации/button_' is clicked on

30-03-2025T15:11:13 - [MESSAGE][PASSED] - Object: 'Object Repository/Страница авторизации/button_' is clicked on

30-03-2025T15:11:13 - [TEST_STEP][PASSED] - delay(45): Delayed 45 second(s)

30-03-2025T15:11:58 - [MESSAGE][PASSED] - Delayed 45 second(s)

30-03-2025T15:11:58 - [TEST_STEP][PASSED] - urlText = getText(findTestObject("Страница авторизации/Text")): Text of object 'Object Repository/Страница авторизации/Text' is: 'Период
Январь, Февраль 2025 года
Выручка
Все
Выполнение плановых показателей по ПАО Россети за Январь, Февраль 2025 года
План
Факт
Динамика
2025 год
0 млн.руб.
25 000 млн.руб.
50 000 млн.руб.
75 000 млн.руб.
100 000 млн.руб.
125 000 млн.руб.
150 000 млн.руб.
175 000 млн.руб.
200 000 млн.руб.
225 000 млн.руб.
250 000 млн.руб.
275 000 млн.руб.
300 000 млн.руб.
325 000 млн.руб.
350 000 млн.руб.
375 000 млн.руб.
318 025
284 426
↓
ДЗО 
ПАО Россети
Внутренний оборот - выручка за услуги по передаче электрической энергии, учтенная в выручке за электроэнергию для конечных потребителей, при выполнении ДЗО функций гарантирующего поставщика
Подписи данных
⬤Отклонение
АО "РЭС"
АО «Тываэнерго»
АО «Чеченэнерго»
Россети Волга
Россети Кубань
Россети Ленэнерго (ГК)
Россети Московский регион
Россети Северный Кавказ (ГК)
Россети Северо-Запад
Россети Сибирь (ГК)
Россети Томск
Россети Тюмень
Россети Урал (ГК)
Россети ФСК ЕЭС
Россети Центр
Россети Центр и Приволжье (ГК)
Россети Юг (ГК)
Россети Янтарь
-30 000млн.руб.
-25 000млн.руб.
-20 000млн.руб.
-15 000млн.руб.
-10 000млн.руб.
-5 000млн.руб.
0 млн.руб.
5 00…
-170
27
-76
-270
552
-244
-1 353
-805
-232
848
-47
-1 858
-701
-28 384
-520
-484
68
50
млн.
%
Выручка
Отклонение выручки по ПАО Россети за Январь, Февраль 2025 года (факт/план, млн. руб)
ПАО Россети
-33 598.6 млн.руб.
 '

30-03-2025T15:11:58 - [MESSAGE][PASSED] - Text of object 'Object Repository/Страница авторизации/Text' is: 'Период
Январь, Февраль 2025 года
Выручка
Все
Выполнение плановых показателей по ПАО Россети за Январь, Февраль 2025 года
План
Факт
Динамика
2025 год
0 млн.руб.
25 000 млн.руб.
50 000 млн.руб.
75 000 млн.руб.
100 000 млн.руб.
125 000 млн.руб.
150 000 млн.руб.
175 000 млн.руб.
200 000 млн.руб.
225 000 млн.руб.
250 000 млн.руб.
275 000 млн.руб.
300 000 млн.руб.
325 000 млн.руб.
350 000 млн.руб.
375 000 млн.руб.
318 025
284 426
↓
ДЗО 
ПАО Россети
Внутренний оборот - выручка за услуги по передаче электрической энергии, учтенная в выручке за электроэнергию для конечных потребителей, при выполнении ДЗО функций гарантирующего поставщика
Подписи данных
⬤Отклонение
АО "РЭС"
АО «Тываэнерго»
АО «Чеченэнерго»
Россети Волга
Россети Кубань
Россети Ленэнерго (ГК)
Россети Московский регион
Россети Северный Кавказ (ГК)
Россети Северо-Запад
Россети Сибирь (ГК)
Россети Томск
Россети Тюмень
Россети Урал (ГК)
Россети ФСК ЕЭС
Россети Центр
Россети Центр и Приволжье (ГК)
Россети Юг (ГК)
Россети Янтарь
-30 000млн.руб.
-25 000млн.руб.
-20 000млн.руб.
-15 000млн.руб.
-10 000млн.руб.
-5 000млн.руб.
0 млн.руб.
5 00…
-170
27
-76
-270
552
-244
-1 353
-805
-232
848
-47
-1 858
-701
-28 384
-520
-484
68
50
млн.
%
Выручка
Отклонение выручки по ПАО Россети за Январь, Февраль 2025 года (факт/план, млн. руб)
ПАО Россети
-33 598.6 млн.руб.
 '

30-03-2025T15:11:58 - [TEST_STEP][PASSED] - searchWord = "а": null

30-03-2025T15:11:58 - [TEST_STEP][PASSED] - if (urlText.contains("ошибка") || urlText.contains(searchWord) == false): null

30-03-2025T15:11:58 - [TEST_STEP][PASSED] - delay(45): Delayed 45 second(s)

30-03-2025T15:12:43 - [MESSAGE][PASSED] - Delayed 45 second(s)

30-03-2025T15:12:43 - [TEST_STEP][PASSED] - if (block == 2): null

30-03-2025T15:12:43 - [TEST_STEP][PASSED] - click(findTestObject("Выручка в рублях/Фильтр Период" + nameOfBlock)): Object: 'Object Repository/Выручка в рублях/Фильтр Период' is clicked on

30-03-2025T15:12:44 - [MESSAGE][PASSED] - Object: 'Object Repository/Выручка в рублях/Фильтр Период' is clicked on

30-03-2025T15:12:44 - [TEST_STEP][PASSED] - click(findTestObject("Выручка в рублях/Снять выделение в фильтре Дата" + nameOfBlock)): Object: 'Object Repository/Выручка в рублях/Снять выделение в фильтре Дата' is clicked on

30-03-2025T15:12:44 - [MESSAGE][PASSED] - Object: 'Object Repository/Выручка в рублях/Снять выделение в фильтре Дата' is clicked on

30-03-2025T15:12:44 - [TEST_STEP][PASSED] - click(findTestObject("Выручка в рублях/Применить в фильтре Дата" + nameOfBlock)): Object: 'Object Repository/Выручка в рублях/Применить в фильтре Дата' is clicked on

30-03-2025T15:12:45 - [MESSAGE][PASSED] - Object: 'Object Repository/Выручка в рублях/Применить в фильтре Дата' is clicked on

30-03-2025T15:12:45 - [TEST_STEP][PASSED] - delay(50): Delayed 50 second(s)

30-03-2025T15:13:35 - [MESSAGE][PASSED] - Delayed 50 second(s)

30-03-2025T15:13:35 - [TEST_STEP][PASSED] - click(findTestObject("Выручка в рублях/Фильтр Период" + nameOfBlock)): Object: 'Object Repository/Выручка в рублях/Фильтр Период' is clicked on

30-03-2025T15:13:35 - [MESSAGE][PASSED] - Object: 'Object Repository/Выручка в рублях/Фильтр Период' is clicked on

30-03-2025T15:13:35 - [TEST_STEP][PASSED] - click(findTestObject("Выручка в рублях/Снять выделение в фильтре Дата" + nameOfBlock)): Object: 'Object Repository/Выручка в рублях/Снять выделение в фильтре Дата' is clicked on

30-03-2025T15:13:36 - [MESSAGE][PASSED] - Object: 'Object Repository/Выручка в рублях/Снять выделение в фильтре Дата' is clicked on

30-03-2025T15:13:36 - [TEST_STEP][PASSED] - scrollToElement(findTestObject("Выручка в рублях/2025 список" + nameOfBlock), 30): Scroll to object 'Object Repository/Выручка в рублях/2025 список' successfully

30-03-2025T15:13:36 - [MESSAGE][PASSED] - Scroll to object 'Object Repository/Выручка в рублях/2025 список' successfully

30-03-2025T15:13:36 - [TEST_STEP][PASSED] - click(findTestObject("Выручка в рублях/2025 список" + nameOfBlock)): Object: 'Object Repository/Выручка в рублях/2025 список' is clicked on

30-03-2025T15:13:36 - [MESSAGE][PASSED] - Object: 'Object Repository/Выручка в рублях/2025 список' is clicked on

30-03-2025T15:13:36 - [TEST_STEP][PASSED] - scrollToElement(findTestObject("Выручка в рублях/1 квартал 2025 список Выручка"), 30): Scroll to object 'Object Repository/Выручка в рублях/1 квартал 2025 список Выручка' successfully

30-03-2025T15:13:37 - [MESSAGE][PASSED] - Scroll to object 'Object Repository/Выручка в рублях/1 квартал 2025 список Выручка' successfully

30-03-2025T15:13:37 - [TEST_STEP][PASSED] - click(findTestObject("Выручка в рублях/1 квартал 2025 список" + nameOfBlock)): Object: 'Object Repository/Выручка в рублях/1 квартал 2025 список' is clicked on

30-03-2025T15:13:37 - [MESSAGE][PASSED] - Object: 'Object Repository/Выручка в рублях/1 квартал 2025 список' is clicked on

30-03-2025T15:13:37 - [TEST_STEP][PASSED] - scrollToElement(findTestObject("Выручка в рублях/Январь 2025" + nameOfBlock), 30): Scroll to object 'Object Repository/Выручка в рублях/Январь 2025' successfully

30-03-2025T15:13:37 - [MESSAGE][PASSED] - Scroll to object 'Object Repository/Выручка в рублях/Январь 2025' successfully

30-03-2025T15:13:37 - [TEST_STEP][PASSED] - click(findTestObject("Выручка в рублях/Январь 2025" + nameOfBlock)): Object: 'Object Repository/Выручка в рублях/Январь 2025' is clicked on

30-03-2025T15:13:38 - [MESSAGE][PASSED] - Object: 'Object Repository/Выручка в рублях/Январь 2025' is clicked on

30-03-2025T15:13:38 - [TEST_STEP][PASSED] - scrollToElement(findTestObject("Выручка в рублях/Февраль 2025" + nameOfBlock), 30): Scroll to object 'Object Repository/Выручка в рублях/Февраль 2025' successfully

30-03-2025T15:13:38 - [MESSAGE][PASSED] - Scroll to object 'Object Repository/Выручка в рублях/Февраль 2025' successfully

30-03-2025T15:13:38 - [TEST_STEP][PASSED] - click(findTestObject("Выручка в рублях/Февраль 2025" + nameOfBlock)): Object: 'Object Repository/Выручка в рублях/Февраль 2025' is clicked on

30-03-2025T15:13:39 - [MESSAGE][PASSED] - Object: 'Object Repository/Выручка в рублях/Февраль 2025' is clicked on

30-03-2025T15:13:39 - [TEST_STEP][PASSED] - scrollToElement(findTestObject("Выручка в рублях/Заголовок дашборда" + nameOfBlock), 30): Scroll to object 'Object Repository/Выручка в рублях/Заголовок дашборда' successfully

30-03-2025T15:13:39 - [MESSAGE][PASSED] - Scroll to object 'Object Repository/Выручка в рублях/Заголовок дашборда' successfully

30-03-2025T15:13:39 - [TEST_STEP][PASSED] - click(findTestObject("Выручка в рублях/Применить в фильтре Дата" + nameOfBlock)): Object: 'Object Repository/Выручка в рублях/Применить в фильтре Дата' is clicked on

30-03-2025T15:13:40 - [MESSAGE][PASSED] - Object: 'Object Repository/Выручка в рублях/Применить в фильтре Дата' is clicked on

30-03-2025T15:13:40 - [TEST_STEP][PASSED] - delay(55): Delayed 55 second(s)

30-03-2025T15:14:35 - [MESSAGE][PASSED] - Delayed 55 second(s)

30-03-2025T15:14:35 - [TEST_STEP][PASSED] - click(findTestObject("Выручка в рублях/Фильтр ДЗО" + nameOfBlock)): Object: 'Object Repository/Выручка в рублях/Фильтр ДЗО' is clicked on

30-03-2025T15:14:35 - [MESSAGE][PASSED] - Object: 'Object Repository/Выручка в рублях/Фильтр ДЗО' is clicked on

30-03-2025T15:14:35 - [TEST_STEP][PASSED] - click(findTestObject("Выручка в рублях/Снять выделение в фильтре ДЗО" + nameOfBlock)): Object: 'Object Repository/Выручка в рублях/Снять выделение в фильтре ДЗО' is clicked on

30-03-2025T15:14:36 - [MESSAGE][PASSED] - Object: 'Object Repository/Выручка в рублях/Снять выделение в фильтре ДЗО' is clicked on

30-03-2025T15:14:36 - [TEST_STEP][PASSED] - click(findTestObject("Выручка в рублях/Применить в фильтре ДЗО" + nameOfBlock)): Object: 'Object Repository/Выручка в рублях/Применить в фильтре ДЗО' is clicked on

30-03-2025T15:14:36 - [MESSAGE][PASSED] - Object: 'Object Repository/Выручка в рублях/Применить в фильтре ДЗО' is clicked on

30-03-2025T15:14:36 - [TEST_STEP][PASSED] - delay(50): Delayed 50 second(s)

30-03-2025T15:15:26 - [MESSAGE][PASSED] - Delayed 50 second(s)

30-03-2025T15:15:26 - [TEST_STEP][PASSED] - Script1742558545601.Tumbler(run, vir, block, nameOfBlock): null

30-03-2025T15:15:26 - [TEST_STEP][PASSED] - println("run:" + run): null

30-03-2025T15:15:26 - [TEST_STEP][PASSED] - println("vir:" + vir): null

30-03-2025T15:15:26 - [TEST_STEP][PASSED] - println("block:" + block): null

30-03-2025T15:15:26 - [TEST_STEP][PASSED] - println("nameOfBlock:" + nameOfBlock): null

30-03-2025T15:15:26 - [TEST_STEP][PASSED] - if (vir == 1): null

30-03-2025T15:15:26 - [TEST_STEP][PASSED] - if (run == 2): null

30-03-2025T15:15:26 - [TEST_STEP][PASSED] - click(findTestObject("Выручка в рублях/Фильтр ДЗО" + nameOfBlock)): Object: 'Object Repository/Выручка в рублях/Фильтр ДЗО' is clicked on

30-03-2025T15:15:26 - [MESSAGE][PASSED] - Object: 'Object Repository/Выручка в рублях/Фильтр ДЗО' is clicked on

30-03-2025T15:15:26 - [TEST_STEP][PASSED] - Script1742558545601.Rosseti(nameOfBlock): null

30-03-2025T15:15:26 - [TEST_STEP][PASSED] - println("nameOfBlock:" + nameOfBlock): null

30-03-2025T15:15:26 - [TEST_STEP][PASSED] - click(findTestObject("Выручка в рублях/ПАО Россети" + nameOfBlock)): Object: 'Object Repository/Выручка в рублях/ПАО Россети' is clicked on

30-03-2025T15:15:27 - [MESSAGE][PASSED] - Object: 'Object Repository/Выручка в рублях/ПАО Россети' is clicked on

30-03-2025T15:15:27 - [TEST_STEP][PASSED] - click(findTestObject("Выручка в рублях/Применить в фильтре ДЗО" + nameOfBlock)): Object: 'Object Repository/Выручка в рублях/Применить в фильтре ДЗО' is clicked on

30-03-2025T15:15:28 - [MESSAGE][PASSED] - Object: 'Object Repository/Выручка в рублях/Применить в фильтре ДЗО' is clicked on

30-03-2025T15:15:28 - [TEST_STEP][PASSED] - if (run == 2): null

30-03-2025T15:15:28 - [TEST_STEP][PASSED] - if (vir == 1 || vir == 2): Text of object 'Object Repository/Выручка в рублях/График План' is: '318 025'

30-03-2025T15:15:28 - [TEST_STEP][PASSED] - a1 = getText(findTestObject("Выручка в рублях/График План")): Text of object 'Object Repository/Выручка в рублях/График План' is: '318 025'

30-03-2025T15:15:29 - [MESSAGE][PASSED] - Text of object 'Object Repository/Выручка в рублях/График План' is: '318 025'

30-03-2025T15:15:29 - [TEST_STEP][PASSED] - if (vir == 1 || vir == 2): Text of object 'Object Repository/Выручка в рублях/График Факт' is: '284 426'

30-03-2025T15:15:29 - [TEST_STEP][PASSED] - a2 = getText(findTestObject("Выручка в рублях/График Факт")): Text of object 'Object Repository/Выручка в рублях/График Факт' is: '284 426'

30-03-2025T15:15:30 - [MESSAGE][PASSED] - Text of object 'Object Repository/Выручка в рублях/График Факт' is: '284 426'

30-03-2025T15:15:30 - [TEST_STEP][PASSED] - a30 = getText(findTestObject("Выручка в рублях/span1" + perc)): Text of object 'Object Repository/Выручка в рублях/span1' is: '-33 598.6 млн.руб.'

30-03-2025T15:15:30 - [MESSAGE][PASSED] - Text of object 'Object Repository/Выручка в рублях/span1' is: '-33 598.6 млн.руб.'

30-03-2025T15:15:30 - [TEST_STEP][PASSED] - i = a30.indexOf("млн.руб."): null

30-03-2025T15:15:30 - [TEST_STEP][PASSED] - if (i > -1): null

30-03-2025T15:15:30 - [TEST_STEP][PASSED] - a30 = a30.substring(0, i): null

30-03-2025T15:15:30 - [TEST_STEP][PASSED] - a30 = a30.replaceAll(" ", ""): null

30-03-2025T15:15:30 - [TEST_STEP][PASSED] - if (a30.contains("%")): null

30-03-2025T15:15:30 - [TEST_STEP][PASSED] - a30 = ").trim(): null

30-03-2025T15:15:30 - [TEST_STEP][PASSED] - println("a30: " + a30): null

30-03-2025T15:15:30 - [TEST_STEP][PASSED] - if (vir == 1): Text of object 'Object Repository/Выручка в рублях/span19' is: '50'

30-03-2025T15:15:30 - [TEST_STEP][PASSED] - a31 = ").trim(): Text of object 'Object Repository/Выручка в рублях/span2' is: '-170'

30-03-2025T15:15:30 - [MESSAGE][PASSED] - Text of object 'Object Repository/Выручка в рублях/span2' is: '-170'

30-03-2025T15:15:30 - [TEST_STEP][PASSED] - a32 = ").trim(): Text of object 'Object Repository/Выручка в рублях/span3' is: '27'

30-03-2025T15:15:30 - [MESSAGE][PASSED] - Text of object 'Object Repository/Выручка в рублях/span3' is: '27'

30-03-2025T15:15:30 - [TEST_STEP][PASSED] - a33 = ").trim(): Text of object 'Object Repository/Выручка в рублях/span4' is: '-76'

30-03-2025T15:15:31 - [MESSAGE][PASSED] - Text of object 'Object Repository/Выручка в рублях/span4' is: '-76'

30-03-2025T15:15:31 - [TEST_STEP][PASSED] - a34 = ").trim(): Text of object 'Object Repository/Выручка в рублях/span5' is: '-270'

30-03-2025T15:15:31 - [MESSAGE][PASSED] - Text of object 'Object Repository/Выручка в рублях/span5' is: '-270'

30-03-2025T15:15:31 - [TEST_STEP][PASSED] - a35 = ").trim(): Text of object 'Object Repository/Выручка в рублях/span6' is: '552'

30-03-2025T15:15:31 - [MESSAGE][PASSED] - Text of object 'Object Repository/Выручка в рублях/span6' is: '552'

30-03-2025T15:15:31 - [TEST_STEP][PASSED] - a36 = ").trim(): Text of object 'Object Repository/Выручка в рублях/span7' is: '-244'

30-03-2025T15:15:32 - [MESSAGE][PASSED] - Text of object 'Object Repository/Выручка в рублях/span7' is: '-244'

30-03-2025T15:15:32 - [TEST_STEP][PASSED] - a37 = ").trim(): Text of object 'Object Repository/Выручка в рублях/span8' is: '-1 353'

30-03-2025T15:15:32 - [MESSAGE][PASSED] - Text of object 'Object Repository/Выручка в рублях/span8' is: '-1 353'

30-03-2025T15:15:32 - [TEST_STEP][PASSED] - a38 = ").trim(): Text of object 'Object Repository/Выручка в рублях/span9' is: '-805'

30-03-2025T15:15:32 - [MESSAGE][PASSED] - Text of object 'Object Repository/Выручка в рублях/span9' is: '-805'

30-03-2025T15:15:32 - [TEST_STEP][PASSED] - a39 = ").trim(): Text of object 'Object Repository/Выручка в рублях/span10' is: '-232'

30-03-2025T15:15:32 - [MESSAGE][PASSED] - Text of object 'Object Repository/Выручка в рублях/span10' is: '-232'

30-03-2025T15:15:32 - [TEST_STEP][PASSED] - a310 = ").trim(): Text of object 'Object Repository/Выручка в рублях/span11' is: '848'

30-03-2025T15:15:33 - [MESSAGE][PASSED] - Text of object 'Object Repository/Выручка в рублях/span11' is: '848'

30-03-2025T15:15:33 - [TEST_STEP][PASSED] - a311 = ").trim(): Text of object 'Object Repository/Выручка в рублях/span12' is: '-47'

30-03-2025T15:15:33 - [MESSAGE][PASSED] - Text of object 'Object Repository/Выручка в рублях/span12' is: '-47'

30-03-2025T15:15:33 - [TEST_STEP][PASSED] - a312 = ").trim(): Text of object 'Object Repository/Выручка в рублях/span13' is: '-1 858'

30-03-2025T15:15:33 - [MESSAGE][PASSED] - Text of object 'Object Repository/Выручка в рублях/span13' is: '-1 858'

30-03-2025T15:15:33 - [TEST_STEP][PASSED] - a313 = ").trim(): Text of object 'Object Repository/Выручка в рублях/span14' is: '-701'

30-03-2025T15:15:34 - [MESSAGE][PASSED] - Text of object 'Object Repository/Выручка в рублях/span14' is: '-701'

30-03-2025T15:15:34 - [TEST_STEP][PASSED] - a314 = ").trim(): Text of object 'Object Repository/Выручка в рублях/span15' is: '-28 384'

30-03-2025T15:15:34 - [MESSAGE][PASSED] - Text of object 'Object Repository/Выручка в рублях/span15' is: '-28 384'

30-03-2025T15:15:34 - [TEST_STEP][PASSED] - a315 = ").trim(): Text of object 'Object Repository/Выручка в рублях/span16' is: '-520'

30-03-2025T15:15:34 - [MESSAGE][PASSED] - Text of object 'Object Repository/Выручка в рублях/span16' is: '-520'

30-03-2025T15:15:34 - [TEST_STEP][PASSED] - a316 = ").trim(): Text of object 'Object Repository/Выручка в рублях/span17' is: '-484'

30-03-2025T15:15:34 - [MESSAGE][PASSED] - Text of object 'Object Repository/Выручка в рублях/span17' is: '-484'

30-03-2025T15:15:34 - [TEST_STEP][PASSED] - a317 = ").trim(): Text of object 'Object Repository/Выручка в рублях/span18' is: '68'

30-03-2025T15:15:35 - [MESSAGE][PASSED] - Text of object 'Object Repository/Выручка в рублях/span18' is: '68'

30-03-2025T15:15:35 - [TEST_STEP][PASSED] - a318 = ").trim(): Text of object 'Object Repository/Выручка в рублях/span19' is: '50'

30-03-2025T15:15:35 - [MESSAGE][PASSED] - Text of object 'Object Repository/Выручка в рублях/span19' is: '50'

30-03-2025T15:15:35 - [TEST_STEP][PASSED] - block = 2: null

30-03-2025T15:15:35 - [TEST_STEP][PASSED] - nameOfBlock = " Выручка": null

30-03-2025T15:15:35 - [TEST_STEP][PASSED] - Script1742558545601.PreSettings(run, vir, block, nameOfBlock, typeOfData, todaysDate): null

30-03-2025T15:15:35 - [TEST_STEP][PASSED] - openBrowser(""): Browser is opened with url: ''

30-03-2025T15:15:35 - [MESSAGE][WARNING] - A browser is already opened. Closing browser and opening a new one

30-03-2025T15:15:35 - [MESSAGE][INFO] - Starting 'Chrome' driver

30-03-2025T15:15:35 - [MESSAGE][INFO] - Action delay is set to 0 milliseconds

30-03-2025T15:15:36 - [MESSAGE][PASSED] - Browser is opened with url: ''

30-03-2025T15:15:36 - [TEST_STEP][PASSED] - refresh(): Refresh successfully

30-03-2025T15:15:36 - [MESSAGE][PASSED] - Refresh successfully

30-03-2025T15:15:36 - [TEST_STEP][PASSED] - delay(50): Delayed 50 second(s)

30-03-2025T15:16:26 - [MESSAGE][PASSED] - Delayed 50 second(s)

30-03-2025T15:16:26 - [TEST_STEP][PASSED] - println("run:" + run): null

30-03-2025T15:16:26 - [TEST_STEP][PASSED] - println("vir:" + vir): null

30-03-2025T15:16:26 - [TEST_STEP][PASSED] - println("block:" + block): null

30-03-2025T15:16:26 - [TEST_STEP][PASSED] - if (block == 1): null

30-03-2025T15:16:26 - [TEST_STEP][PASSED] - else: null

30-03-2025T15:16:26 - [TEST_STEP][PASSED] - nameOfBlock = " Выручка": null

30-03-2025T15:16:26 - [TEST_STEP][PASSED] - println("nameOfBlock:" + nameOfBlock): null

30-03-2025T15:16:26 - [TEST_STEP][PASSED] - println("typeOfData:" + typeOfData): null

30-03-2025T15:16:26 - [TEST_STEP][PASSED] - println("todaysDate:" + todaysDate): null

30-03-2025T15:16:26 - [TEST_STEP][PASSED] - Script1742558545601.Autorization(block, nameOfBlock): null

30-03-2025T15:16:26 - [TEST_STEP][PASSED] - i = <not implemented yet for class: org.codehaus.groovy.ast.expr.EmptyExpression>: null

30-03-2025T15:16:26 - [TEST_STEP][PASSED] - ii = <not implemented yet for class: org.codehaus.groovy.ast.expr.EmptyExpression>: null

30-03-2025T15:16:26 - [TEST_STEP][PASSED] - urlData = <not implemented yet for class: org.codehaus.groovy.ast.expr.EmptyExpression>: null

30-03-2025T15:16:26 - [TEST_STEP][PASSED] - searchWord = <not implemented yet for class: org.codehaus.groovy.ast.expr.EmptyExpression>: null

30-03-2025T15:16:26 - [TEST_STEP][PASSED] - urlText = <not implemented yet for class: org.codehaus.groovy.ast.expr.EmptyExpression>: null

30-03-2025T15:16:26 - [TEST_STEP][PASSED] - println("block:" + block): null

30-03-2025T15:16:26 - [TEST_STEP][PASSED] - if (block == 1): null

30-03-2025T15:16:26 - [TEST_STEP][PASSED] - else: null

30-03-2025T15:16:26 - [TEST_STEP][PASSED] - delay(45): Delayed 45 second(s)

30-03-2025T15:17:11 - [MESSAGE][PASSED] - Delayed 45 second(s)

30-03-2025T15:17:11 - [TEST_STEP][PASSED] - nameOfBlock = " Выручка": null

30-03-2025T15:17:11 - [TEST_STEP][PASSED] - println("nameOfBlock:" + nameOfBlock): null

30-03-2025T15:17:11 - [TEST_STEP][PASSED] - if (block == 1): null

30-03-2025T15:17:11 - [TEST_STEP][PASSED] - else: Delayed 45 second(s)

30-03-2025T15:17:11 - [TEST_STEP][PASSED] - urlData = 9: null

30-03-2025T15:17:11 - [TEST_STEP][PASSED] - delay(45): Delayed 45 second(s)

30-03-2025T15:17:56 - [MESSAGE][PASSED] - Delayed 45 second(s)

30-03-2025T15:17:56 - [TEST_STEP][PASSED] - navigateToUrl(findTestData("PlanFact").getValue(10, urlData)): Navigate to 'https://bi.rosseti.digital/viewer?dashboardGuid=a1fd28b3785d443cbc4d7690a1d78e31&sheetGuid=86092a20c5984827a0c87b24cac76a50&fit=true' successfully

30-03-2025T15:18:00 - [MESSAGE][PASSED] - Navigate to 'https://bi.rosseti.digital/viewer?dashboardGuid=a1fd28b3785d443cbc4d7690a1d78e31&sheetGuid=86092a20c5984827a0c87b24cac76a50&fit=true' successfully

30-03-2025T15:18:00 - [TEST_STEP][PASSED] - urlText = getText(findTestObject("Страница авторизации/Text")): Text of object 'Object Repository/Страница авторизации/Text' is: 'Вход'

30-03-2025T15:18:01 - [MESSAGE][PASSED] - Text of object 'Object Repository/Страница авторизации/Text' is: 'Вход'

30-03-2025T15:18:01 - [TEST_STEP][PASSED] - searchWord = "Вход": null

30-03-2025T15:18:01 - [TEST_STEP][PASSED] - if (urlText == null || urlText.contains("ошибка") || urlText.contains(searchWord) == false): null

30-03-2025T15:18:01 - [TEST_STEP][PASSED] - if (verifyElementPresent(findTestObject("Страница авторизации/button_"), 30) == true): null

30-03-2025T15:18:01 - [MESSAGE][PASSED] - Object 'Object Repository/Страница авторизации/button_' is present

30-03-2025T15:18:01 - [TEST_STEP][PASSED] - setText(findTestObject("Страница авторизации/input__username"), findTestData("PlanFact").getValue(8, 1)): Text 'liazgina-di' is set on object 'Object Repository/Страница авторизации/input__username'

30-03-2025T15:18:02 - [MESSAGE][PASSED] - Text 'liazgina-di' is set on object 'Object Repository/Страница авторизации/input__username'

30-03-2025T15:18:02 - [TEST_STEP][PASSED] - setText(findTestObject("Страница авторизации/input__password"), findTestData("PlanFact").getValue(9, 1)): Text ')$%5srZ8o688Dm#q' is set on object 'Object Repository/Страница авторизации/input__password'

30-03-2025T15:18:03 - [MESSAGE][PASSED] - Text ')$%5srZ8o688Dm#q' is set on object 'Object Repository/Страница авторизации/input__password'

30-03-2025T15:18:03 - [TEST_STEP][PASSED] - click(findTestObject("Страница авторизации/button_")): Object: 'Object Repository/Страница авторизации/button_' is clicked on

30-03-2025T15:18:04 - [MESSAGE][PASSED] - Object: 'Object Repository/Страница авторизации/button_' is clicked on

30-03-2025T15:18:04 - [TEST_STEP][PASSED] - delay(45): Delayed 45 second(s)

30-03-2025T15:18:49 - [MESSAGE][PASSED] - Delayed 45 second(s)

30-03-2025T15:18:49 - [TEST_STEP][PASSED] - urlText = getText(findTestObject("Страница авторизации/Text")): Text of object 'Object Repository/Страница авторизации/Text' is: 'Период
Январь, Февраль 2025 года
Выручка
Все
Выполнение плановых показателей по ПАО Россети за Январь, Февраль 2025 года
План
Факт
Динамика
2025 год
0 млн.руб.
50 000 млн.руб.
100 000 млн.руб.
150 000 млн.руб.
200 000 млн.руб.
250 000 млн.руб.
300 000 млн.руб.
350 000 млн.руб.
400 000 млн.руб.
318 025
284 426
↓
ДЗО 
Все
Подписи данных
⬤Отклонение
АО "РЭС"
АО «Тываэнерго»
АО «Чеченэнерго»
Россети Волга
Россети Кубань
Россети Ленэнерго (ГК)
Россети Московский регион
Россети Северный Кавказ (ГК)
Россети Северо-Запад
Россети Сибирь (ГК)
Россети Томск
Россети Тюмень
Россети Урал (ГК)
Россети ФСК ЕЭС
Россети Центр
Россети Центр и Приволжье (ГК)
Россети Юг (ГК)
Россети Янтарь
-30 000 млн.руб.
-27 500 млн.руб.
-25 000 млн.руб.
-22 500 млн.руб.
-20 000 млн.руб.
-17 500 млн.руб.
-15 000 млн.руб.
-12 500 млн.руб.
-10 000 млн.руб.
-7 500 млн.руб.
-5 000 млн.руб.
-2 500 млн.руб.
0 млн.руб.
2 500 млн.руб.
-170
27
-76
-270
552
-244
-1 353
-805
-232
848
-47
-1 858
-701
-28 384
-520
-484
68
50
млн.
%
Выручка
Отклонение выручки по ПАО Россети за Январь, Февраль 2025 года (факт/план, млн. руб)
ПАО Россети
-33 598.6 млн.руб.
Статус данных
×
Просьба обратить внимание
Данные занесены не полностью
ВЫБРАННЫЕ ЗНАЧЕНИЯ ФИЛЬТРОВ
ДЗО | ПЕРИОД
ПАО Россети: [«Выбраны все филиалы по всем ДЗО по всем категориям»]
2025: [Янв, Фев]
*Внутренний оборот'

30-03-2025T15:18:50 - [MESSAGE][PASSED] - Text of object 'Object Repository/Страница авторизации/Text' is: 'Период
Январь, Февраль 2025 года
Выручка
Все
Выполнение плановых показателей по ПАО Россети за Январь, Февраль 2025 года
План
Факт
Динамика
2025 год
0 млн.руб.
50 000 млн.руб.
100 000 млн.руб.
150 000 млн.руб.
200 000 млн.руб.
250 000 млн.руб.
300 000 млн.руб.
350 000 млн.руб.
400 000 млн.руб.
318 025
284 426
↓
ДЗО 
Все
Подписи данных
⬤Отклонение
АО "РЭС"
АО «Тываэнерго»
АО «Чеченэнерго»
Россети Волга
Россети Кубань
Россети Ленэнерго (ГК)
Россети Московский регион
Россети Северный Кавказ (ГК)
Россети Северо-Запад
Россети Сибирь (ГК)
Россети Томск
Россети Тюмень
Россети Урал (ГК)
Россети ФСК ЕЭС
Россети Центр
Россети Центр и Приволжье (ГК)
Россети Юг (ГК)
Россети Янтарь
-30 000 млн.руб.
-27 500 млн.руб.
-25 000 млн.руб.
-22 500 млн.руб.
-20 000 млн.руб.
-17 500 млн.руб.
-15 000 млн.руб.
-12 500 млн.руб.
-10 000 млн.руб.
-7 500 млн.руб.
-5 000 млн.руб.
-2 500 млн.руб.
0 млн.руб.
2 500 млн.руб.
-170
27
-76
-270
552
-244
-1 353
-805
-232
848
-47
-1 858
-701
-28 384
-520
-484
68
50
млн.
%
Выручка
Отклонение выручки по ПАО Россети за Январь, Февраль 2025 года (факт/план, млн. руб)
ПАО Россети
-33 598.6 млн.руб.
Статус данных
×
Просьба обратить внимание
Данные занесены не полностью
ВЫБРАННЫЕ ЗНАЧЕНИЯ ФИЛЬТРОВ
ДЗО | ПЕРИОД
ПАО Россети: [«Выбраны все филиалы по всем ДЗО по всем категориям»]
2025: [Янв, Фев]
*Внутренний оборот'

30-03-2025T15:18:50 - [TEST_STEP][PASSED] - searchWord = "а": null

30-03-2025T15:18:50 - [TEST_STEP][PASSED] - if (urlText.contains("ошибка") || urlText.contains(searchWord) == false): null

30-03-2025T15:18:50 - [TEST_STEP][PASSED] - delay(45): Delayed 45 second(s)

30-03-2025T15:19:35 - [MESSAGE][PASSED] - Delayed 45 second(s)

30-03-2025T15:19:35 - [TEST_STEP][PASSED] - if (block == 2): Delayed 50 second(s)

30-03-2025T15:19:35 - [TEST_STEP][PASSED] - opoveshenie = getText(findTestObject("Выручка в рублях/Просьба обратить внимание")): Text of object 'Object Repository/Выручка в рублях/Просьба обратить внимание' is: 'Просьба обратить внимание'

30-03-2025T15:19:35 - [MESSAGE][PASSED] - Text of object 'Object Repository/Выручка в рублях/Просьба обратить внимание' is: 'Просьба обратить внимание'

30-03-2025T15:19:35 - [TEST_STEP][PASSED] - if (opoveshenie == "Просьба обратить внимание"): Delayed 50 second(s)

30-03-2025T15:19:35 - [TEST_STEP][PASSED] - click(findTestObject("Выручка в рублях/Закрыть оповещение")): Object: 'Object Repository/Выручка в рублях/Закрыть оповещение' is clicked on

30-03-2025T15:19:36 - [MESSAGE][PASSED] - Object: 'Object Repository/Выручка в рублях/Закрыть оповещение' is clicked on

30-03-2025T15:19:36 - [TEST_STEP][PASSED] - delay(50): Delayed 50 second(s)

30-03-2025T15:20:26 - [MESSAGE][PASSED] - Delayed 50 second(s)

30-03-2025T15:20:26 - [TEST_STEP][PASSED] - click(findTestObject("Выручка в рублях/Фильтр Период" + nameOfBlock)): Object: 'Object Repository/Выручка в рублях/Фильтр Период Выручка' is clicked on

30-03-2025T15:20:26 - [MESSAGE][PASSED] - Object: 'Object Repository/Выручка в рублях/Фильтр Период Выручка' is clicked on

30-03-2025T15:20:26 - [TEST_STEP][PASSED] - click(findTestObject("Выручка в рублях/Снять выделение в фильтре Дата" + nameOfBlock)): Object: 'Object Repository/Выручка в рублях/Снять выделение в фильтре Дата Выручка' is clicked on

30-03-2025T15:20:27 - [MESSAGE][PASSED] - Object: 'Object Repository/Выручка в рублях/Снять выделение в фильтре Дата Выручка' is clicked on

30-03-2025T15:20:27 - [TEST_STEP][PASSED] - click(findTestObject("Выручка в рублях/Применить в фильтре Дата" + nameOfBlock)): Object: 'Object Repository/Выручка в рублях/Применить в фильтре Дата Выручка' is clicked on

30-03-2025T15:20:27 - [MESSAGE][PASSED] - Object: 'Object Repository/Выручка в рублях/Применить в фильтре Дата Выручка' is clicked on

30-03-2025T15:20:27 - [TEST_STEP][PASSED] - delay(50): Delayed 50 second(s)

30-03-2025T15:21:17 - [MESSAGE][PASSED] - Delayed 50 second(s)

30-03-2025T15:21:17 - [TEST_STEP][PASSED] - click(findTestObject("Выручка в рублях/Фильтр Период" + nameOfBlock)): Object: 'Object Repository/Выручка в рублях/Фильтр Период Выручка' is clicked on

30-03-2025T15:21:17 - [MESSAGE][PASSED] - Object: 'Object Repository/Выручка в рублях/Фильтр Период Выручка' is clicked on

30-03-2025T15:21:17 - [TEST_STEP][PASSED] - click(findTestObject("Выручка в рублях/Снять выделение в фильтре Дата" + nameOfBlock)): Object: 'Object Repository/Выручка в рублях/Снять выделение в фильтре Дата Выручка' is clicked on

30-03-2025T15:21:18 - [MESSAGE][PASSED] - Object: 'Object Repository/Выручка в рублях/Снять выделение в фильтре Дата Выручка' is clicked on

30-03-2025T15:21:18 - [TEST_STEP][PASSED] - scrollToElement(findTestObject("Выручка в рублях/2025 список" + nameOfBlock), 30): Scroll to object 'Object Repository/Выручка в рублях/2025 список Выручка' successfully

30-03-2025T15:21:18 - [MESSAGE][PASSED] - Scroll to object 'Object Repository/Выручка в рублях/2025 список Выручка' successfully

30-03-2025T15:21:18 - [TEST_STEP][PASSED] - click(findTestObject("Выручка в рублях/2025 список" + nameOfBlock)): Object: 'Object Repository/Выручка в рублях/2025 список Выручка' is clicked on

30-03-2025T15:21:19 - [MESSAGE][PASSED] - Object: 'Object Repository/Выручка в рублях/2025 список Выручка' is clicked on

30-03-2025T15:21:19 - [TEST_STEP][PASSED] - scrollToElement(findTestObject("Выручка в рублях/1 квартал 2025 список Выручка"), 30): Scroll to object 'Object Repository/Выручка в рублях/1 квартал 2025 список Выручка' successfully

30-03-2025T15:21:19 - [MESSAGE][PASSED] - Scroll to object 'Object Repository/Выручка в рублях/1 квартал 2025 список Выручка' successfully

30-03-2025T15:21:19 - [TEST_STEP][PASSED] - click(findTestObject("Выручка в рублях/1 квартал 2025 список" + nameOfBlock)): Object: 'Object Repository/Выручка в рублях/1 квартал 2025 список Выручка' is clicked on

30-03-2025T15:21:19 - [MESSAGE][PASSED] - Object: 'Object Repository/Выручка в рублях/1 квартал 2025 список Выручка' is clicked on

30-03-2025T15:21:19 - [TEST_STEP][PASSED] - scrollToElement(findTestObject("Выручка в рублях/Январь 2025" + nameOfBlock), 30): Scroll to object 'Object Repository/Выручка в рублях/Январь 2025 Выручка' successfully

30-03-2025T15:21:20 - [MESSAGE][PASSED] - Scroll to object 'Object Repository/Выручка в рублях/Январь 2025 Выручка' successfully

30-03-2025T15:21:20 - [TEST_STEP][PASSED] - click(findTestObject("Выручка в рублях/Январь 2025" + nameOfBlock)): Object: 'Object Repository/Выручка в рублях/Январь 2025 Выручка' is clicked on

30-03-2025T15:21:20 - [MESSAGE][PASSED] - Object: 'Object Repository/Выручка в рублях/Январь 2025 Выручка' is clicked on

30-03-2025T15:21:20 - [TEST_STEP][PASSED] - scrollToElement(findTestObject("Выручка в рублях/Февраль 2025" + nameOfBlock), 30): Scroll to object 'Object Repository/Выручка в рублях/Февраль 2025 Выручка' successfully

30-03-2025T15:21:21 - [MESSAGE][PASSED] - Scroll to object 'Object Repository/Выручка в рублях/Февраль 2025 Выручка' successfully

30-03-2025T15:21:21 - [TEST_STEP][PASSED] - click(findTestObject("Выручка в рублях/Февраль 2025" + nameOfBlock)): Object: 'Object Repository/Выручка в рублях/Февраль 2025 Выручка' is clicked on

30-03-2025T15:21:21 - [MESSAGE][PASSED] - Object: 'Object Repository/Выручка в рублях/Февраль 2025 Выручка' is clicked on

30-03-2025T15:21:21 - [TEST_STEP][PASSED] - scrollToElement(findTestObject("Выручка в рублях/Заголовок дашборда" + nameOfBlock), 30): Scroll to object 'Object Repository/Выручка в рублях/Заголовок дашборда Выручка' successfully

30-03-2025T15:21:21 - [MESSAGE][PASSED] - Scroll to object 'Object Repository/Выручка в рублях/Заголовок дашборда Выручка' successfully

30-03-2025T15:21:21 - [TEST_STEP][PASSED] - click(findTestObject("Выручка в рублях/Применить в фильтре Дата" + nameOfBlock)): Object: 'Object Repository/Выручка в рублях/Применить в фильтре Дата Выручка' is clicked on

30-03-2025T15:21:22 - [MESSAGE][PASSED] - Object: 'Object Repository/Выручка в рублях/Применить в фильтре Дата Выручка' is clicked on

30-03-2025T15:21:22 - [TEST_STEP][PASSED] - delay(55): Delayed 55 second(s)

30-03-2025T15:22:17 - [MESSAGE][PASSED] - Delayed 55 second(s)

30-03-2025T15:22:17 - [TEST_STEP][PASSED] - click(findTestObject("Выручка в рублях/Фильтр ДЗО" + nameOfBlock)): Object: 'Object Repository/Выручка в рублях/Фильтр ДЗО Выручка' is clicked on

30-03-2025T15:22:17 - [MESSAGE][PASSED] - Object: 'Object Repository/Выручка в рублях/Фильтр ДЗО Выручка' is clicked on

30-03-2025T15:22:17 - [TEST_STEP][PASSED] - click(findTestObject("Выручка в рублях/Снять выделение в фильтре ДЗО" + nameOfBlock)): Object: 'Object Repository/Выручка в рублях/Снять выделение в фильтре ДЗО Выручка' is clicked on

30-03-2025T15:22:18 - [MESSAGE][PASSED] - Object: 'Object Repository/Выручка в рублях/Снять выделение в фильтре ДЗО Выручка' is clicked on

30-03-2025T15:22:18 - [TEST_STEP][PASSED] - click(findTestObject("Выручка в рублях/Применить в фильтре ДЗО" + nameOfBlock)): Object: 'Object Repository/Выручка в рублях/Применить в фильтре ДЗО Выручка' is clicked on

30-03-2025T15:22:18 - [MESSAGE][PASSED] - Object: 'Object Repository/Выручка в рублях/Применить в фильтре ДЗО Выручка' is clicked on

30-03-2025T15:22:18 - [TEST_STEP][PASSED] - delay(50): Delayed 50 second(s)

30-03-2025T15:23:08 - [MESSAGE][PASSED] - Delayed 50 second(s)

30-03-2025T15:23:08 - [TEST_STEP][PASSED] - Script1742558545601.Tumbler(run, vir, block, nameOfBlock): null

30-03-2025T15:23:08 - [TEST_STEP][PASSED] - println("run:" + run): null

30-03-2025T15:23:08 - [TEST_STEP][PASSED] - println("vir:" + vir): null

30-03-2025T15:23:08 - [TEST_STEP][PASSED] - println("block:" + block): null

30-03-2025T15:23:08 - [TEST_STEP][PASSED] - println("nameOfBlock:" + nameOfBlock): null

30-03-2025T15:23:08 - [TEST_STEP][PASSED] - if (vir == 1): null

30-03-2025T15:23:08 - [TEST_STEP][PASSED] - if (run == 2): null

30-03-2025T15:23:08 - [TEST_STEP][PASSED] - click(findTestObject("Выручка в рублях/Фильтр ДЗО" + nameOfBlock)): Object: 'Object Repository/Выручка в рублях/Фильтр ДЗО Выручка' is clicked on

30-03-2025T15:23:09 - [MESSAGE][PASSED] - Object: 'Object Repository/Выручка в рублях/Фильтр ДЗО Выручка' is clicked on

30-03-2025T15:23:09 - [TEST_STEP][PASSED] - Script1742558545601.Rosseti(nameOfBlock): null

30-03-2025T15:23:09 - [TEST_STEP][PASSED] - println("nameOfBlock:" + nameOfBlock): null

30-03-2025T15:23:09 - [TEST_STEP][PASSED] - click(findTestObject("Выручка в рублях/ПАО Россети" + nameOfBlock)): Object: 'Object Repository/Выручка в рублях/ПАО Россети Выручка' is clicked on

30-03-2025T15:23:09 - [MESSAGE][PASSED] - Object: 'Object Repository/Выручка в рублях/ПАО Россети Выручка' is clicked on

30-03-2025T15:23:09 - [TEST_STEP][PASSED] - click(findTestObject("Выручка в рублях/Применить в фильтре ДЗО" + nameOfBlock)): Object: 'Object Repository/Выручка в рублях/Применить в фильтре ДЗО Выручка' is clicked on

30-03-2025T15:23:10 - [MESSAGE][PASSED] - Object: 'Object Repository/Выручка в рублях/Применить в фильтре ДЗО Выручка' is clicked on

30-03-2025T15:23:10 - [TEST_STEP][PASSED] - if (vir == 1 || vir == 2): Text of object 'Object Repository/Выручка в рублях/График План Выручка' is: '318 025'

30-03-2025T15:23:10 - [TEST_STEP][PASSED] - b1 = getText(findTestObject("Выручка в рублях/График План Выручка")): Text of object 'Object Repository/Выручка в рублях/График План Выручка' is: '318 025'

30-03-2025T15:23:12 - [MESSAGE][PASSED] - Text of object 'Object Repository/Выручка в рублях/График План Выручка' is: '318 025'

30-03-2025T15:23:12 - [TEST_STEP][PASSED] - if (vir == 1 || vir == 2): Text of object 'Object Repository/Выручка в рублях/График Факт Выручка' is: '284 426'

30-03-2025T15:23:12 - [TEST_STEP][PASSED] - b2 = getText(findTestObject("Выручка в рублях/График Факт Выручка")): Text of object 'Object Repository/Выручка в рублях/График Факт Выручка' is: '284 426'

30-03-2025T15:23:12 - [MESSAGE][PASSED] - Text of object 'Object Repository/Выручка в рублях/График Факт Выручка' is: '284 426'

30-03-2025T15:23:12 - [TEST_STEP][PASSED] - b30 = getText(findTestObject("Выручка в рублях/span1" + perc)): Text of object 'Object Repository/Выручка в рублях/span1' is: '-33 598.6 млн.руб.'

30-03-2025T15:23:12 - [MESSAGE][PASSED] - Text of object 'Object Repository/Выручка в рублях/span1' is: '-33 598.6 млн.руб.'

30-03-2025T15:23:12 - [TEST_STEP][PASSED] - i = b30.indexOf("млн.руб."): null

30-03-2025T15:23:12 - [TEST_STEP][PASSED] - if (i > -1): null

30-03-2025T15:23:12 - [TEST_STEP][PASSED] - b30 = b30.substring(0, i): null

30-03-2025T15:23:12 - [TEST_STEP][PASSED] - b30 = b30.replaceAll(" ", ""): null

30-03-2025T15:23:12 - [TEST_STEP][PASSED] - if (b30.contains("%")): null

30-03-2025T15:23:12 - [TEST_STEP][PASSED] - b30 = ").trim(): null

30-03-2025T15:23:12 - [TEST_STEP][PASSED] - println("b30: " + b30): null

30-03-2025T15:23:12 - [TEST_STEP][PASSED] - if (vir == 1): Text of object 'Object Repository/Выручка в рублях/span19' is: '50'

30-03-2025T15:23:12 - [TEST_STEP][PASSED] - b31 = ").trim(): Text of object 'Object Repository/Выручка в рублях/span2' is: '-170'

30-03-2025T15:23:12 - [MESSAGE][PASSED] - Text of object 'Object Repository/Выручка в рублях/span2' is: '-170'

30-03-2025T15:23:12 - [TEST_STEP][PASSED] - b32 = ").trim(): Text of object 'Object Repository/Выручка в рублях/span3' is: '27'

30-03-2025T15:23:13 - [MESSAGE][PASSED] - Text of object 'Object Repository/Выручка в рублях/span3' is: '27'

30-03-2025T15:23:13 - [TEST_STEP][PASSED] - b33 = ").trim(): Text of object 'Object Repository/Выручка в рублях/span4' is: '-76'

30-03-2025T15:23:13 - [MESSAGE][PASSED] - Text of object 'Object Repository/Выручка в рублях/span4' is: '-76'

30-03-2025T15:23:13 - [TEST_STEP][PASSED] - b34 = ").trim(): Text of object 'Object Repository/Выручка в рублях/span5' is: '-270'

30-03-2025T15:23:13 - [MESSAGE][PASSED] - Text of object 'Object Repository/Выручка в рублях/span5' is: '-270'

30-03-2025T15:23:13 - [TEST_STEP][PASSED] - b35 = ").trim(): Text of object 'Object Repository/Выручка в рублях/span6' is: '552'

30-03-2025T15:23:14 - [MESSAGE][PASSED] - Text of object 'Object Repository/Выручка в рублях/span6' is: '552'

30-03-2025T15:23:14 - [TEST_STEP][PASSED] - b36 = ").trim(): Text of object 'Object Repository/Выручка в рублях/span7' is: '-244'

30-03-2025T15:23:14 - [MESSAGE][PASSED] - Text of object 'Object Repository/Выручка в рублях/span7' is: '-244'

30-03-2025T15:23:14 - [TEST_STEP][PASSED] - b37 = ").trim(): Text of object 'Object Repository/Выручка в рублях/span8' is: '-1 353'

30-03-2025T15:23:14 - [MESSAGE][PASSED] - Text of object 'Object Repository/Выручка в рублях/span8' is: '-1 353'

30-03-2025T15:23:14 - [TEST_STEP][PASSED] - b38 = ").trim(): Text of object 'Object Repository/Выручка в рублях/span9' is: '-805'

30-03-2025T15:23:14 - [MESSAGE][PASSED] - Text of object 'Object Repository/Выручка в рублях/span9' is: '-805'

30-03-2025T15:23:14 - [TEST_STEP][PASSED] - b39 = ").trim(): Text of object 'Object Repository/Выручка в рублях/span10' is: '-232'

30-03-2025T15:23:15 - [MESSAGE][PASSED] - Text of object 'Object Repository/Выручка в рублях/span10' is: '-232'

30-03-2025T15:23:15 - [TEST_STEP][PASSED] - b310 = ").trim(): Text of object 'Object Repository/Выручка в рублях/span11' is: '848'

30-03-2025T15:23:15 - [MESSAGE][PASSED] - Text of object 'Object Repository/Выручка в рублях/span11' is: '848'

30-03-2025T15:23:15 - [TEST_STEP][PASSED] - b311 = ").trim(): Text of object 'Object Repository/Выручка в рублях/span12' is: '-47'

30-03-2025T15:23:15 - [MESSAGE][PASSED] - Text of object 'Object Repository/Выручка в рублях/span12' is: '-47'

30-03-2025T15:23:15 - [TEST_STEP][PASSED] - b312 = ").trim(): Text of object 'Object Repository/Выручка в рублях/span13' is: '-1 858'

30-03-2025T15:23:16 - [MESSAGE][PASSED] - Text of object 'Object Repository/Выручка в рублях/span13' is: '-1 858'

30-03-2025T15:23:16 - [TEST_STEP][PASSED] - b313 = ").trim(): Text of object 'Object Repository/Выручка в рублях/span14' is: '-701'

30-03-2025T15:23:16 - [MESSAGE][PASSED] - Text of object 'Object Repository/Выручка в рублях/span14' is: '-701'

30-03-2025T15:23:16 - [TEST_STEP][PASSED] - b314 = ").trim(): Text of object 'Object Repository/Выручка в рублях/span15' is: '-28 384'

30-03-2025T15:23:16 - [MESSAGE][PASSED] - Text of object 'Object Repository/Выручка в рублях/span15' is: '-28 384'

30-03-2025T15:23:16 - [TEST_STEP][PASSED] - b315 = ").trim(): Text of object 'Object Repository/Выручка в рублях/span16' is: '-520'

30-03-2025T15:23:16 - [MESSAGE][PASSED] - Text of object 'Object Repository/Выручка в рублях/span16' is: '-520'

30-03-2025T15:23:16 - [TEST_STEP][PASSED] - b316 = ").trim(): Text of object 'Object Repository/Выручка в рублях/span17' is: '-484'

30-03-2025T15:23:17 - [MESSAGE][PASSED] - Text of object 'Object Repository/Выручка в рублях/span17' is: '-484'

30-03-2025T15:23:17 - [TEST_STEP][PASSED] - b317 = ").trim(): Text of object 'Object Repository/Выручка в рублях/span18' is: '68'

30-03-2025T15:23:17 - [MESSAGE][PASSED] - Text of object 'Object Repository/Выручка в рублях/span18' is: '68'

30-03-2025T15:23:17 - [TEST_STEP][PASSED] - b318 = ").trim(): Text of object 'Object Repository/Выручка в рублях/span19' is: '50'

30-03-2025T15:23:17 - [MESSAGE][PASSED] - Text of object 'Object Repository/Выручка в рублях/span19' is: '50'

30-03-2025T15:23:17 - [TEST_STEP][PASSED] - dZO = "ПАО Россети": null

30-03-2025T15:23:17 - [TEST_STEP][PASSED] - if (verifyEqual(a1, b1) == false): Actual object '318 025' and expected object '318 025' are equal

30-03-2025T15:23:17 - [MESSAGE][PASSED] - Actual object '318 025' and expected object '318 025' are equal

30-03-2025T15:23:17 - [TEST_STEP][PASSED] - if (verifyEqual(a2, b2) == false): Actual object '284 426' and expected object '284 426' are equal

30-03-2025T15:23:17 - [MESSAGE][PASSED] - Actual object '284 426' and expected object '284 426' are equal

30-03-2025T15:23:17 - [TEST_STEP][PASSED] - vidget = "Отклонения": null

30-03-2025T15:23:17 - [TEST_STEP][PASSED] - if (verifyEqual(a30, b30) == false): Actual object '-33598.6' and expected object '-33598.6' are equal

30-03-2025T15:23:17 - [MESSAGE][PASSED] - Actual object '-33598.6' and expected object '-33598.6' are equal

30-03-2025T15:23:17 - [TEST_STEP][PASSED] - dZO = "АО «РЭС»": null

30-03-2025T15:23:17 - [TEST_STEP][PASSED] - if (verifyEqual(a31, b31) == false): Actual object '-170' and expected object '-170' are equal

30-03-2025T15:23:17 - [MESSAGE][PASSED] - Actual object '-170' and expected object '-170' are equal

30-03-2025T15:23:17 - [TEST_STEP][PASSED] - dZO = "АО «Тываэнерго»": null

30-03-2025T15:23:17 - [TEST_STEP][PASSED] - if (verifyEqual(a32, b32) == false): Actual object '27' and expected object '27' are equal

30-03-2025T15:23:17 - [MESSAGE][PASSED] - Actual object '27' and expected object '27' are equal

30-03-2025T15:23:17 - [TEST_STEP][PASSED] - dZO = "АО «Чеченэнерго»": null

30-03-2025T15:23:17 - [TEST_STEP][PASSED] - if (verifyEqual(a33, b33) == false): Actual object '-76' and expected object '-76' are equal

30-03-2025T15:23:17 - [MESSAGE][PASSED] - Actual object '-76' and expected object '-76' are equal

30-03-2025T15:23:17 - [TEST_STEP][PASSED] - dZO = "Россети Волга": null

30-03-2025T15:23:17 - [TEST_STEP][PASSED] - if (verifyEqual(a34, b34) == false): Actual object '-270' and expected object '-270' are equal

30-03-2025T15:23:17 - [MESSAGE][PASSED] - Actual object '-270' and expected object '-270' are equal

30-03-2025T15:23:17 - [TEST_STEP][PASSED] - dZO = "Россети Кубань": null

30-03-2025T15:23:17 - [TEST_STEP][PASSED] - if (verifyEqual(a35, b35) == false): Actual object '552' and expected object '552' are equal

30-03-2025T15:23:17 - [MESSAGE][PASSED] - Actual object '552' and expected object '552' are equal

30-03-2025T15:23:17 - [TEST_STEP][PASSED] - dZO = "Россети Ленэнерго (ГК)": null

30-03-2025T15:23:17 - [TEST_STEP][PASSED] - if (verifyEqual(a36, b36) == false): Actual object '-244' and expected object '-244' are equal

30-03-2025T15:23:17 - [MESSAGE][PASSED] - Actual object '-244' and expected object '-244' are equal

30-03-2025T15:23:17 - [TEST_STEP][PASSED] - dZO = "Россети Московский регион": null

30-03-2025T15:23:17 - [TEST_STEP][PASSED] - if (verifyEqual(a37, b37) == false): Actual object '-1 353' and expected object '-1 353' are equal

30-03-2025T15:23:17 - [MESSAGE][PASSED] - Actual object '-1 353' and expected object '-1 353' are equal

30-03-2025T15:23:17 - [TEST_STEP][PASSED] - dZO = "Россети Северный Кавказ (ГК)": null

30-03-2025T15:23:17 - [TEST_STEP][PASSED] - if (verifyEqual(a38, b38) == false): Actual object '-805' and expected object '-805' are equal

30-03-2025T15:23:17 - [MESSAGE][PASSED] - Actual object '-805' and expected object '-805' are equal

30-03-2025T15:23:17 - [TEST_STEP][PASSED] - dZO = "Россети Северо-Запад": null

30-03-2025T15:23:17 - [TEST_STEP][PASSED] - if (verifyEqual(a39, b39) == false): Actual object '-232' and expected object '-232' are equal

30-03-2025T15:23:17 - [MESSAGE][PASSED] - Actual object '-232' and expected object '-232' are equal

30-03-2025T15:23:17 - [TEST_STEP][PASSED] - dZO = "Россети Сибирь (ГК)": null

30-03-2025T15:23:17 - [TEST_STEP][PASSED] - if (verifyEqual(a310, b310) == false): Actual object '848' and expected object '848' are equal

30-03-2025T15:23:17 - [MESSAGE][PASSED] - Actual object '848' and expected object '848' are equal

30-03-2025T15:23:17 - [TEST_STEP][PASSED] - dZO = "Россети Томск": null

30-03-2025T15:23:17 - [TEST_STEP][PASSED] - if (verifyEqual(a311, b311) == false): Actual object '-47' and expected object '-47' are equal

30-03-2025T15:23:17 - [MESSAGE][PASSED] - Actual object '-47' and expected object '-47' are equal

30-03-2025T15:23:17 - [TEST_STEP][PASSED] - dZO = "Россети Тюмень": null

30-03-2025T15:23:17 - [TEST_STEP][PASSED] - if (verifyEqual(a312, b312) == false): Actual object '-1 858' and expected object '-1 858' are equal

30-03-2025T15:23:17 - [MESSAGE][PASSED] - Actual object '-1 858' and expected object '-1 858' are equal

30-03-2025T15:23:17 - [TEST_STEP][PASSED] - dZO = "Россети Урал (ГК)": null

30-03-2025T15:23:17 - [TEST_STEP][PASSED] - if (verifyEqual(a313, b313) == false): Actual object '-701' and expected object '-701' are equal

30-03-2025T15:23:17 - [MESSAGE][PASSED] - Actual object '-701' and expected object '-701' are equal

30-03-2025T15:23:17 - [TEST_STEP][PASSED] - dZO = "Россети ФСК ЕЭС": null

30-03-2025T15:23:17 - [TEST_STEP][PASSED] - if (verifyEqual(a314, b314) == false): Actual object '-28 384' and expected object '-28 384' are equal

30-03-2025T15:23:17 - [MESSAGE][PASSED] - Actual object '-28 384' and expected object '-28 384' are equal

30-03-2025T15:23:17 - [TEST_STEP][PASSED] - dZO = "Россети Центр": null

30-03-2025T15:23:17 - [TEST_STEP][PASSED] - if (verifyEqual(a315, b315) == false): Actual object '-520' and expected object '-520' are equal

30-03-2025T15:23:17 - [MESSAGE][PASSED] - Actual object '-520' and expected object '-520' are equal

30-03-2025T15:23:17 - [TEST_STEP][PASSED] - dZO = "Россети Центр и Приволжье (ГК)": null

30-03-2025T15:23:17 - [TEST_STEP][PASSED] - if (verifyEqual(a316, b316) == false): Actual object '-484' and expected object '-484' are equal

30-03-2025T15:23:17 - [MESSAGE][PASSED] - Actual object '-484' and expected object '-484' are equal

30-03-2025T15:23:17 - [TEST_STEP][PASSED] - dZO = "Россети Юг (ГК)": null

30-03-2025T15:23:17 - [TEST_STEP][PASSED] - if (verifyEqual(a317, b317) == false): Actual object '68' and expected object '68' are equal

30-03-2025T15:23:17 - [MESSAGE][PASSED] - Actual object '68' and expected object '68' are equal

30-03-2025T15:23:17 - [TEST_STEP][PASSED] - dZO = "Россети Янтарь": null

30-03-2025T15:23:17 - [TEST_STEP][PASSED] - if (verifyEqual(a318, b318) == false): Actual object '50' and expected object '50' are equal

30-03-2025T15:23:17 - [MESSAGE][PASSED] - Actual object '50' and expected object '50' are equal

30-03-2025T15:23:17 - [TEST_STEP][PASSED] - closeBrowser(): null

30-03-2025T15:23:18 - [MESSAGE][PASSED] - Browser is closed

30-03-2025T15:23:18 - [TEST_STEP][PASSED] - Script1742558545601.Blocks(run, vir, block, nameOfBlock, typeOfData, viruchka, vidget, todaysDate, a, b, dZO, x, y): null

30-03-2025T15:23:18 - [TEST_STEP][PASSED] - i = <not implemented yet for class: org.codehaus.groovy.ast.expr.EmptyExpression>: null

30-03-2025T15:23:18 - [TEST_STEP][PASSED] - perc = "": null

30-03-2025T15:23:18 - [TEST_STEP][PASSED] - a1 = <not implemented yet for class: org.codehaus.groovy.ast.expr.EmptyExpression>: null

30-03-2025T15:23:18 - [TEST_STEP][PASSED] - a2 = <not implemented yet for class: org.codehaus.groovy.ast.expr.EmptyExpression>: null

30-03-2025T15:23:18 - [TEST_STEP][PASSED] - a30 = <not implemented yet for class: org.codehaus.groovy.ast.expr.EmptyExpression>: null

30-03-2025T15:23:18 - [TEST_STEP][PASSED] - a31 = <not implemented yet for class: org.codehaus.groovy.ast.expr.EmptyExpression>: null

30-03-2025T15:23:18 - [TEST_STEP][PASSED] - a32 = <not implemented yet for class: org.codehaus.groovy.ast.expr.EmptyExpression>: null

30-03-2025T15:23:18 - [TEST_STEP][PASSED] - a33 = <not implemented yet for class: org.codehaus.groovy.ast.expr.EmptyExpression>: null

30-03-2025T15:23:18 - [TEST_STEP][PASSED] - a34 = <not implemented yet for class: org.codehaus.groovy.ast.expr.EmptyExpression>: null

30-03-2025T15:23:18 - [TEST_STEP][PASSED] - a35 = <not implemented yet for class: org.codehaus.groovy.ast.expr.EmptyExpression>: null

30-03-2025T15:23:18 - [TEST_STEP][PASSED] - a36 = <not implemented yet for class: org.codehaus.groovy.ast.expr.EmptyExpression>: null

30-03-2025T15:23:18 - [TEST_STEP][PASSED] - a37 = <not implemented yet for class: org.codehaus.groovy.ast.expr.EmptyExpression>: null

30-03-2025T15:23:18 - [TEST_STEP][PASSED] - a38 = <not implemented yet for class: org.codehaus.groovy.ast.expr.EmptyExpression>: null

30-03-2025T15:23:18 - [TEST_STEP][PASSED] - a39 = <not implemented yet for class: org.codehaus.groovy.ast.expr.EmptyExpression>: null

30-03-2025T15:23:18 - [TEST_STEP][PASSED] - a310 = <not implemented yet for class: org.codehaus.groovy.ast.expr.EmptyExpression>: null

30-03-2025T15:23:18 - [TEST_STEP][PASSED] - a311 = <not implemented yet for class: org.codehaus.groovy.ast.expr.EmptyExpression>: null

30-03-2025T15:23:18 - [TEST_STEP][PASSED] - a312 = <not implemented yet for class: org.codehaus.groovy.ast.expr.EmptyExpression>: null

30-03-2025T15:23:18 - [TEST_STEP][PASSED] - a313 = <not implemented yet for class: org.codehaus.groovy.ast.expr.EmptyExpression>: null

30-03-2025T15:23:18 - [TEST_STEP][PASSED] - a314 = <not implemented yet for class: org.codehaus.groovy.ast.expr.EmptyExpression>: null

30-03-2025T15:23:18 - [TEST_STEP][PASSED] - a315 = <not implemented yet for class: org.codehaus.groovy.ast.expr.EmptyExpression>: null

30-03-2025T15:23:18 - [TEST_STEP][PASSED] - a316 = <not implemented yet for class: org.codehaus.groovy.ast.expr.EmptyExpression>: null

30-03-2025T15:23:18 - [TEST_STEP][PASSED] - a317 = <not implemented yet for class: org.codehaus.groovy.ast.expr.EmptyExpression>: null

30-03-2025T15:23:18 - [TEST_STEP][PASSED] - a318 = <not implemented yet for class: org.codehaus.groovy.ast.expr.EmptyExpression>: null

30-03-2025T15:23:18 - [TEST_STEP][PASSED] - b1 = <not implemented yet for class: org.codehaus.groovy.ast.expr.EmptyExpression>: null

30-03-2025T15:23:18 - [TEST_STEP][PASSED] - b2 = <not implemented yet for class: org.codehaus.groovy.ast.expr.EmptyExpression>: null

30-03-2025T15:23:18 - [TEST_STEP][PASSED] - b30 = <not implemented yet for class: org.codehaus.groovy.ast.expr.EmptyExpression>: null

30-03-2025T15:23:18 - [TEST_STEP][PASSED] - b31 = <not implemented yet for class: org.codehaus.groovy.ast.expr.EmptyExpression>: null

30-03-2025T15:23:18 - [TEST_STEP][PASSED] - b32 = <not implemented yet for class: org.codehaus.groovy.ast.expr.EmptyExpression>: null

30-03-2025T15:23:18 - [TEST_STEP][PASSED] - b33 = <not implemented yet for class: org.codehaus.groovy.ast.expr.EmptyExpression>: null

30-03-2025T15:23:18 - [TEST_STEP][PASSED] - b34 = <not implemented yet for class: org.codehaus.groovy.ast.expr.EmptyExpression>: null

30-03-2025T15:23:18 - [TEST_STEP][PASSED] - b35 = <not implemented yet for class: org.codehaus.groovy.ast.expr.EmptyExpression>: null

30-03-2025T15:23:18 - [TEST_STEP][PASSED] - b36 = <not implemented yet for class: org.codehaus.groovy.ast.expr.EmptyExpression>: null

30-03-2025T15:23:18 - [TEST_STEP][PASSED] - b37 = <not implemented yet for class: org.codehaus.groovy.ast.expr.EmptyExpression>: null

30-03-2025T15:23:18 - [TEST_STEP][PASSED] - b38 = <not implemented yet for class: org.codehaus.groovy.ast.expr.EmptyExpression>: null

30-03-2025T15:23:18 - [TEST_STEP][PASSED] - b39 = <not implemented yet for class: org.codehaus.groovy.ast.expr.EmptyExpression>: null

30-03-2025T15:23:18 - [TEST_STEP][PASSED] - b310 = <not implemented yet for class: org.codehaus.groovy.ast.expr.EmptyExpression>: null

30-03-2025T15:23:18 - [TEST_STEP][PASSED] - b311 = <not implemented yet for class: org.codehaus.groovy.ast.expr.EmptyExpression>: null

30-03-2025T15:23:18 - [TEST_STEP][PASSED] - b312 = <not implemented yet for class: org.codehaus.groovy.ast.expr.EmptyExpression>: null

30-03-2025T15:23:18 - [TEST_STEP][PASSED] - b313 = <not implemented yet for class: org.codehaus.groovy.ast.expr.EmptyExpression>: null

30-03-2025T15:23:18 - [TEST_STEP][PASSED] - b314 = <not implemented yet for class: org.codehaus.groovy.ast.expr.EmptyExpression>: null

30-03-2025T15:23:18 - [TEST_STEP][PASSED] - b315 = <not implemented yet for class: org.codehaus.groovy.ast.expr.EmptyExpression>: null

30-03-2025T15:23:18 - [TEST_STEP][PASSED] - b316 = <not implemented yet for class: org.codehaus.groovy.ast.expr.EmptyExpression>: null

30-03-2025T15:23:18 - [TEST_STEP][PASSED] - b317 = <not implemented yet for class: org.codehaus.groovy.ast.expr.EmptyExpression>: null

30-03-2025T15:23:18 - [TEST_STEP][PASSED] - b318 = <not implemented yet for class: org.codehaus.groovy.ast.expr.EmptyExpression>: null

30-03-2025T15:23:18 - [TEST_STEP][PASSED] - block = 1: null

30-03-2025T15:23:18 - [TEST_STEP][PASSED] - nameOfBlock = "": null

30-03-2025T15:23:18 - [TEST_STEP][PASSED] - Script1742558545601.PreSettings(run, vir, block, nameOfBlock, typeOfData, todaysDate): null

30-03-2025T15:23:18 - [TEST_STEP][PASSED] - openBrowser(""): Browser is opened with url: ''

30-03-2025T15:23:18 - [MESSAGE][INFO] - Starting 'Chrome' driver

30-03-2025T15:23:18 - [MESSAGE][INFO] - Action delay is set to 0 milliseconds

30-03-2025T15:23:19 - [MESSAGE][PASSED] - Browser is opened with url: ''

30-03-2025T15:23:19 - [TEST_STEP][PASSED] - refresh(): Refresh successfully

30-03-2025T15:23:19 - [MESSAGE][PASSED] - Refresh successfully

30-03-2025T15:23:19 - [TEST_STEP][PASSED] - delay(50): Delayed 50 second(s)

30-03-2025T15:24:09 - [MESSAGE][PASSED] - Delayed 50 second(s)

30-03-2025T15:24:09 - [TEST_STEP][PASSED] - println("run:" + run): null

30-03-2025T15:24:09 - [TEST_STEP][PASSED] - println("vir:" + vir): null

30-03-2025T15:24:09 - [TEST_STEP][PASSED] - println("block:" + block): null

30-03-2025T15:24:09 - [TEST_STEP][PASSED] - if (block == 1): null

30-03-2025T15:24:09 - [TEST_STEP][PASSED] - nameOfBlock = "": null

30-03-2025T15:24:09 - [TEST_STEP][PASSED] - println("nameOfBlock:" + nameOfBlock): null

30-03-2025T15:24:09 - [TEST_STEP][PASSED] - println("typeOfData:" + typeOfData): null

30-03-2025T15:24:09 - [TEST_STEP][PASSED] - println("todaysDate:" + todaysDate): null

30-03-2025T15:24:09 - [TEST_STEP][PASSED] - Script1742558545601.Autorization(block, nameOfBlock): null

30-03-2025T15:24:09 - [TEST_STEP][PASSED] - i = <not implemented yet for class: org.codehaus.groovy.ast.expr.EmptyExpression>: null

30-03-2025T15:24:09 - [TEST_STEP][PASSED] - ii = <not implemented yet for class: org.codehaus.groovy.ast.expr.EmptyExpression>: null

30-03-2025T15:24:09 - [TEST_STEP][PASSED] - urlData = <not implemented yet for class: org.codehaus.groovy.ast.expr.EmptyExpression>: null

30-03-2025T15:24:09 - [TEST_STEP][PASSED] - searchWord = <not implemented yet for class: org.codehaus.groovy.ast.expr.EmptyExpression>: null

30-03-2025T15:24:09 - [TEST_STEP][PASSED] - urlText = <not implemented yet for class: org.codehaus.groovy.ast.expr.EmptyExpression>: null

30-03-2025T15:24:09 - [TEST_STEP][PASSED] - println("block:" + block): null

30-03-2025T15:24:09 - [TEST_STEP][PASSED] - if (block == 1): null

30-03-2025T15:24:09 - [TEST_STEP][PASSED] - nameOfBlock = "": null

30-03-2025T15:24:09 - [TEST_STEP][PASSED] - println("nameOfBlock:" + nameOfBlock): null

30-03-2025T15:24:09 - [TEST_STEP][PASSED] - if (block == 1): Delayed 45 second(s)

30-03-2025T15:24:09 - [TEST_STEP][PASSED] - urlData = 2: null

30-03-2025T15:24:09 - [TEST_STEP][PASSED] - delay(45): Delayed 45 second(s)

30-03-2025T15:24:54 - [MESSAGE][PASSED] - Delayed 45 second(s)

30-03-2025T15:24:54 - [TEST_STEP][PASSED] - navigateToUrl(findTestData("PlanFact").getValue(10, urlData)): Navigate to 'https://bi.rosseti.digital/viewer?dashboardGuid=2301950b23be4ed89c1df75f2020051e&sheetGuid=b723206f698544fb87299f3095c00435&fit=true' successfully

30-03-2025T15:25:03 - [MESSAGE][PASSED] - Navigate to 'https://bi.rosseti.digital/viewer?dashboardGuid=2301950b23be4ed89c1df75f2020051e&sheetGuid=b723206f698544fb87299f3095c00435&fit=true' successfully

30-03-2025T15:25:03 - [TEST_STEP][PASSED] - urlText = getText(findTestObject("Страница авторизации/Text")): Text of object 'Object Repository/Страница авторизации/Text' is: 'Вход'

30-03-2025T15:25:03 - [MESSAGE][PASSED] - Text of object 'Object Repository/Страница авторизации/Text' is: 'Вход'

30-03-2025T15:25:03 - [TEST_STEP][PASSED] - searchWord = "Вход": null

30-03-2025T15:25:03 - [TEST_STEP][PASSED] - if (urlText == null || urlText.contains("ошибка") || urlText.contains(searchWord) == false): null

30-03-2025T15:25:03 - [TEST_STEP][PASSED] - if (verifyElementPresent(findTestObject("Страница авторизации/button_"), 30) == true): null

30-03-2025T15:25:03 - [MESSAGE][PASSED] - Object 'Object Repository/Страница авторизации/button_' is present

30-03-2025T15:25:03 - [TEST_STEP][PASSED] - setText(findTestObject("Страница авторизации/input__username"), findTestData("PlanFact").getValue(8, 1)): Text 'liazgina-di' is set on object 'Object Repository/Страница авторизации/input__username'

30-03-2025T15:25:04 - [MESSAGE][PASSED] - Text 'liazgina-di' is set on object 'Object Repository/Страница авторизации/input__username'

30-03-2025T15:25:04 - [TEST_STEP][PASSED] - setText(findTestObject("Страница авторизации/input__password"), findTestData("PlanFact").getValue(9, 1)): Text ')$%5srZ8o688Dm#q' is set on object 'Object Repository/Страница авторизации/input__password'

30-03-2025T15:25:05 - [MESSAGE][PASSED] - Text ')$%5srZ8o688Dm#q' is set on object 'Object Repository/Страница авторизации/input__password'

30-03-2025T15:25:05 - [TEST_STEP][PASSED] - click(findTestObject("Страница авторизации/button_")): Object: 'Object Repository/Страница авторизации/button_' is clicked on

30-03-2025T15:25:06 - [MESSAGE][PASSED] - Object: 'Object Repository/Страница авторизации/button_' is clicked on

30-03-2025T15:25:06 - [TEST_STEP][PASSED] - delay(45): Delayed 45 second(s)

30-03-2025T15:25:51 - [MESSAGE][PASSED] - Delayed 45 second(s)

30-03-2025T15:25:51 - [TEST_STEP][PASSED] - urlText = getText(findTestObject("Страница авторизации/Text")): Text of object 'Object Repository/Страница авторизации/Text' is: 'Период
Январь, Февраль 2025 года
Выручка
Все
Выполнение плановых показателей по ПАО Россети за Январь, Февраль 2025 года
План
Факт
Динамика
2025 год
0 млн.руб.
25 000 млн.руб.
50 000 млн.руб.
75 000 млн.руб.
100 000 млн.руб.
125 000 млн.руб.
150 000 млн.руб.
175 000 млн.руб.
200 000 млн.руб.
225 000 млн.руб.
250 000 млн.руб.
275 000 млн.руб.
300 000 млн.руб.
325 000 млн.руб.
350 000 млн.руб.
375 000 млн.руб.
318 025
284 426
↓
ДЗО 
ПАО Россети
Внутренний оборот - выручка за услуги по передаче электрической энергии, учтенная в выручке за электроэнергию для конечных потребителей, при выполнении ДЗО функций гарантирующего поставщика
Подписи данных
⬤Отклонение
АО "РЭС"
АО «Тываэнерго»
АО «Чеченэнерго»
Россети Волга
Россети Кубань
Россети Ленэнерго (ГК)
Россети Московский регион
Россети Северный Кавказ (ГК)
Россети Северо-Запад
Россети Сибирь (ГК)
Россети Томск
Россети Тюмень
Россети Урал (ГК)
Россети ФСК ЕЭС
Россети Центр
Россети Центр и Приволжье (ГК)
Россети Юг (ГК)
Россети Янтарь
-30 000млн.руб.
-25 000млн.руб.
-20 000млн.руб.
-15 000млн.руб.
-10 000млн.руб.
-5 000млн.руб.
0 млн.руб.
5 00…
-170
27
-76
-270
552
-244
-1 353
-805
-232
848
-47
-1 858
-701
-28 384
-520
-484
68
50
млн.
%
Выручка
Отклонение выручки по ПАО Россети за Январь, Февраль 2025 года (факт/план, млн. руб)
ПАО Россети
-33 598.6 млн.руб.
 '

30-03-2025T15:25:52 - [MESSAGE][PASSED] - Text of object 'Object Repository/Страница авторизации/Text' is: 'Период
Январь, Февраль 2025 года
Выручка
Все
Выполнение плановых показателей по ПАО Россети за Январь, Февраль 2025 года
План
Факт
Динамика
2025 год
0 млн.руб.
25 000 млн.руб.
50 000 млн.руб.
75 000 млн.руб.
100 000 млн.руб.
125 000 млн.руб.
150 000 млн.руб.
175 000 млн.руб.
200 000 млн.руб.
225 000 млн.руб.
250 000 млн.руб.
275 000 млн.руб.
300 000 млн.руб.
325 000 млн.руб.
350 000 млн.руб.
375 000 млн.руб.
318 025
284 426
↓
ДЗО 
ПАО Россети
Внутренний оборот - выручка за услуги по передаче электрической энергии, учтенная в выручке за электроэнергию для конечных потребителей, при выполнении ДЗО функций гарантирующего поставщика
Подписи данных
⬤Отклонение
АО "РЭС"
АО «Тываэнерго»
АО «Чеченэнерго»
Россети Волга
Россети Кубань
Россети Ленэнерго (ГК)
Россети Московский регион
Россети Северный Кавказ (ГК)
Россети Северо-Запад
Россети Сибирь (ГК)
Россети Томск
Россети Тюмень
Россети Урал (ГК)
Россети ФСК ЕЭС
Россети Центр
Россети Центр и Приволжье (ГК)
Россети Юг (ГК)
Россети Янтарь
-30 000млн.руб.
-25 000млн.руб.
-20 000млн.руб.
-15 000млн.руб.
-10 000млн.руб.
-5 000млн.руб.
0 млн.руб.
5 00…
-170
27
-76
-270
552
-244
-1 353
-805
-232
848
-47
-1 858
-701
-28 384
-520
-484
68
50
млн.
%
Выручка
Отклонение выручки по ПАО Россети за Январь, Февраль 2025 года (факт/план, млн. руб)
ПАО Россети
-33 598.6 млн.руб.
 '

30-03-2025T15:25:52 - [TEST_STEP][PASSED] - searchWord = "а": null

30-03-2025T15:25:52 - [TEST_STEP][PASSED] - if (urlText.contains("ошибка") || urlText.contains(searchWord) == false): null

30-03-2025T15:25:52 - [TEST_STEP][PASSED] - delay(45): Delayed 45 second(s)

30-03-2025T15:26:37 - [MESSAGE][PASSED] - Delayed 45 second(s)

30-03-2025T15:26:37 - [TEST_STEP][PASSED] - if (block == 2): null

30-03-2025T15:26:37 - [TEST_STEP][PASSED] - click(findTestObject("Выручка в рублях/Фильтр Период" + nameOfBlock)): Object: 'Object Repository/Выручка в рублях/Фильтр Период' is clicked on

30-03-2025T15:26:38 - [MESSAGE][PASSED] - Object: 'Object Repository/Выручка в рублях/Фильтр Период' is clicked on

30-03-2025T15:26:38 - [TEST_STEP][PASSED] - click(findTestObject("Выручка в рублях/Снять выделение в фильтре Дата" + nameOfBlock)): Object: 'Object Repository/Выручка в рублях/Снять выделение в фильтре Дата' is clicked on

30-03-2025T15:26:38 - [MESSAGE][PASSED] - Object: 'Object Repository/Выручка в рублях/Снять выделение в фильтре Дата' is clicked on

30-03-2025T15:26:38 - [TEST_STEP][PASSED] - click(findTestObject("Выручка в рублях/Применить в фильтре Дата" + nameOfBlock)): Object: 'Object Repository/Выручка в рублях/Применить в фильтре Дата' is clicked on

30-03-2025T15:26:39 - [MESSAGE][PASSED] - Object: 'Object Repository/Выручка в рублях/Применить в фильтре Дата' is clicked on

30-03-2025T15:26:39 - [TEST_STEP][PASSED] - delay(50): Delayed 50 second(s)

30-03-2025T15:27:29 - [MESSAGE][PASSED] - Delayed 50 second(s)

30-03-2025T15:27:29 - [TEST_STEP][PASSED] - click(findTestObject("Выручка в рублях/Фильтр Период" + nameOfBlock)): Object: 'Object Repository/Выручка в рублях/Фильтр Период' is clicked on

30-03-2025T15:27:29 - [MESSAGE][PASSED] - Object: 'Object Repository/Выручка в рублях/Фильтр Период' is clicked on

30-03-2025T15:27:29 - [TEST_STEP][PASSED] - click(findTestObject("Выручка в рублях/Снять выделение в фильтре Дата" + nameOfBlock)): Object: 'Object Repository/Выручка в рублях/Снять выделение в фильтре Дата' is clicked on

30-03-2025T15:27:30 - [MESSAGE][PASSED] - Object: 'Object Repository/Выручка в рублях/Снять выделение в фильтре Дата' is clicked on

30-03-2025T15:27:30 - [TEST_STEP][PASSED] - scrollToElement(findTestObject("Выручка в рублях/2025 список" + nameOfBlock), 30): Scroll to object 'Object Repository/Выручка в рублях/2025 список' successfully

30-03-2025T15:27:30 - [MESSAGE][PASSED] - Scroll to object 'Object Repository/Выручка в рублях/2025 список' successfully

30-03-2025T15:27:30 - [TEST_STEP][PASSED] - click(findTestObject("Выручка в рублях/2025 список" + nameOfBlock)): Object: 'Object Repository/Выручка в рублях/2025 список' is clicked on

30-03-2025T15:27:30 - [MESSAGE][PASSED] - Object: 'Object Repository/Выручка в рублях/2025 список' is clicked on

30-03-2025T15:27:30 - [TEST_STEP][PASSED] - scrollToElement(findTestObject("Выручка в рублях/1 квартал 2025 список Выручка"), 30): Scroll to object 'Object Repository/Выручка в рублях/1 квартал 2025 список Выручка' successfully

30-03-2025T15:27:31 - [MESSAGE][PASSED] - Scroll to object 'Object Repository/Выручка в рублях/1 квартал 2025 список Выручка' successfully

30-03-2025T15:27:31 - [TEST_STEP][PASSED] - click(findTestObject("Выручка в рублях/1 квартал 2025 список" + nameOfBlock)): Object: 'Object Repository/Выручка в рублях/1 квартал 2025 список' is clicked on

30-03-2025T15:27:31 - [MESSAGE][PASSED] - Object: 'Object Repository/Выручка в рублях/1 квартал 2025 список' is clicked on

30-03-2025T15:27:31 - [TEST_STEP][PASSED] - scrollToElement(findTestObject("Выручка в рублях/Январь 2025" + nameOfBlock), 30): Scroll to object 'Object Repository/Выручка в рублях/Январь 2025' successfully

30-03-2025T15:27:31 - [MESSAGE][PASSED] - Scroll to object 'Object Repository/Выручка в рублях/Январь 2025' successfully

30-03-2025T15:27:31 - [TEST_STEP][PASSED] - click(findTestObject("Выручка в рублях/Январь 2025" + nameOfBlock)): Object: 'Object Repository/Выручка в рублях/Январь 2025' is clicked on

30-03-2025T15:27:32 - [MESSAGE][PASSED] - Object: 'Object Repository/Выручка в рублях/Январь 2025' is clicked on

30-03-2025T15:27:32 - [TEST_STEP][PASSED] - scrollToElement(findTestObject("Выручка в рублях/Февраль 2025" + nameOfBlock), 30): Scroll to object 'Object Repository/Выручка в рублях/Февраль 2025' successfully

30-03-2025T15:27:32 - [MESSAGE][PASSED] - Scroll to object 'Object Repository/Выручка в рублях/Февраль 2025' successfully

30-03-2025T15:27:32 - [TEST_STEP][PASSED] - click(findTestObject("Выручка в рублях/Февраль 2025" + nameOfBlock)): Object: 'Object Repository/Выручка в рублях/Февраль 2025' is clicked on

30-03-2025T15:27:32 - [MESSAGE][PASSED] - Object: 'Object Repository/Выручка в рублях/Февраль 2025' is clicked on

30-03-2025T15:27:32 - [TEST_STEP][PASSED] - scrollToElement(findTestObject("Выручка в рублях/Заголовок дашборда" + nameOfBlock), 30): Scroll to object 'Object Repository/Выручка в рублях/Заголовок дашборда' successfully

30-03-2025T15:27:33 - [MESSAGE][PASSED] - Scroll to object 'Object Repository/Выручка в рублях/Заголовок дашборда' successfully

30-03-2025T15:27:33 - [TEST_STEP][PASSED] - click(findTestObject("Выручка в рублях/Применить в фильтре Дата" + nameOfBlock)): Object: 'Object Repository/Выручка в рублях/Применить в фильтре Дата' is clicked on

30-03-2025T15:27:34 - [MESSAGE][PASSED] - Object: 'Object Repository/Выручка в рублях/Применить в фильтре Дата' is clicked on

30-03-2025T15:27:34 - [TEST_STEP][PASSED] - delay(55): Delayed 55 second(s)

30-03-2025T15:28:29 - [MESSAGE][PASSED] - Delayed 55 second(s)

30-03-2025T15:28:29 - [TEST_STEP][PASSED] - click(findTestObject("Выручка в рублях/Фильтр ДЗО" + nameOfBlock)): Object: 'Object Repository/Выручка в рублях/Фильтр ДЗО' is clicked on

30-03-2025T15:28:29 - [MESSAGE][PASSED] - Object: 'Object Repository/Выручка в рублях/Фильтр ДЗО' is clicked on

30-03-2025T15:28:29 - [TEST_STEP][PASSED] - click(findTestObject("Выручка в рублях/Снять выделение в фильтре ДЗО" + nameOfBlock)): Object: 'Object Repository/Выручка в рублях/Снять выделение в фильтре ДЗО' is clicked on

30-03-2025T15:28:29 - [MESSAGE][PASSED] - Object: 'Object Repository/Выручка в рублях/Снять выделение в фильтре ДЗО' is clicked on

30-03-2025T15:28:29 - [TEST_STEP][PASSED] - click(findTestObject("Выручка в рублях/Применить в фильтре ДЗО" + nameOfBlock)): Object: 'Object Repository/Выручка в рублях/Применить в фильтре ДЗО' is clicked on

30-03-2025T15:28:30 - [MESSAGE][PASSED] - Object: 'Object Repository/Выручка в рублях/Применить в фильтре ДЗО' is clicked on

30-03-2025T15:28:30 - [TEST_STEP][PASSED] - delay(50): Delayed 50 second(s)

30-03-2025T15:29:20 - [MESSAGE][PASSED] - Delayed 50 second(s)

30-03-2025T15:29:20 - [TEST_STEP][PASSED] - Script1742558545601.Tumbler(run, vir, block, nameOfBlock): null

30-03-2025T15:29:20 - [TEST_STEP][PASSED] - println("run:" + run): null

30-03-2025T15:29:20 - [TEST_STEP][PASSED] - println("vir:" + vir): null

30-03-2025T15:29:20 - [TEST_STEP][PASSED] - println("block:" + block): null

30-03-2025T15:29:20 - [TEST_STEP][PASSED] - println("nameOfBlock:" + nameOfBlock): null

30-03-2025T15:29:20 - [TEST_STEP][PASSED] - if (vir == 1): null

30-03-2025T15:29:20 - [TEST_STEP][PASSED] - else if (vir == 2): Object: 'Object Repository/Выручка в рублях/Применить в фильтре Выручка' is clicked on

30-03-2025T15:29:20 - [TEST_STEP][PASSED] - if (run == 2): null

30-03-2025T15:29:20 - [TEST_STEP][PASSED] - click(findTestObject("Выручка в рублях/Фильтр Выручка" + nameOfBlock)): Object: 'Object Repository/Выручка в рублях/Фильтр Выручка' is clicked on

30-03-2025T15:29:20 - [MESSAGE][PASSED] - Object: 'Object Repository/Выручка в рублях/Фильтр Выручка' is clicked on

30-03-2025T15:29:20 - [TEST_STEP][PASSED] - click(findTestObject("Выручка в рублях/Итого в фильтре Выручка" + nameOfBlock)): Object: 'Object Repository/Выручка в рублях/Итого в фильтре Выручка' is clicked on

30-03-2025T15:29:21 - [MESSAGE][PASSED] - Object: 'Object Repository/Выручка в рублях/Итого в фильтре Выручка' is clicked on

30-03-2025T15:29:21 - [TEST_STEP][PASSED] - click(findTestObject("Выручка в рублях/Применить в фильтре Выручка" + nameOfBlock)): Object: 'Object Repository/Выручка в рублях/Применить в фильтре Выручка' is clicked on

30-03-2025T15:29:22 - [MESSAGE][PASSED] - Object: 'Object Repository/Выручка в рублях/Применить в фильтре Выручка' is clicked on

30-03-2025T15:29:22 - [TEST_STEP][PASSED] - click(findTestObject("Выручка в рублях/Фильтр ДЗО" + nameOfBlock)): Object: 'Object Repository/Выручка в рублях/Фильтр ДЗО' is clicked on

30-03-2025T15:29:23 - [MESSAGE][PASSED] - Object: 'Object Repository/Выручка в рублях/Фильтр ДЗО' is clicked on

30-03-2025T15:29:23 - [TEST_STEP][PASSED] - Script1742558545601.Rosseti(nameOfBlock): null

30-03-2025T15:29:23 - [TEST_STEP][PASSED] - println("nameOfBlock:" + nameOfBlock): null

30-03-2025T15:29:23 - [TEST_STEP][PASSED] - click(findTestObject("Выручка в рублях/ПАО Россети" + nameOfBlock)): Object: 'Object Repository/Выручка в рублях/ПАО Россети' is clicked on

30-03-2025T15:29:24 - [MESSAGE][PASSED] - Object: 'Object Repository/Выручка в рублях/ПАО Россети' is clicked on

30-03-2025T15:29:24 - [TEST_STEP][PASSED] - click(findTestObject("Выручка в рублях/Применить в фильтре ДЗО" + nameOfBlock)): Object: 'Object Repository/Выручка в рублях/Применить в фильтре ДЗО' is clicked on

30-03-2025T15:29:24 - [MESSAGE][PASSED] - Object: 'Object Repository/Выручка в рублях/Применить в фильтре ДЗО' is clicked on

30-03-2025T15:29:24 - [TEST_STEP][PASSED] - if (run == 2): null

30-03-2025T15:29:24 - [TEST_STEP][PASSED] - if (vir == 1 || vir == 2): Text of object 'Object Repository/Выручка в рублях/График План' is: '312 362'

30-03-2025T15:29:24 - [TEST_STEP][PASSED] - a1 = getText(findTestObject("Выручка в рублях/График План")): Text of object 'Object Repository/Выручка в рублях/График План' is: '312 362'

30-03-2025T15:29:25 - [MESSAGE][PASSED] - Text of object 'Object Repository/Выручка в рублях/График План' is: '312 362'

30-03-2025T15:29:25 - [TEST_STEP][PASSED] - if (vir == 1 || vir == 2): Text of object 'Object Repository/Выручка в рублях/График Факт' is: '279 580'

30-03-2025T15:29:25 - [TEST_STEP][PASSED] - a2 = getText(findTestObject("Выручка в рублях/График Факт")): Text of object 'Object Repository/Выручка в рублях/График Факт' is: '279 580'

30-03-2025T15:29:26 - [MESSAGE][PASSED] - Text of object 'Object Repository/Выручка в рублях/График Факт' is: '279 580'

30-03-2025T15:29:26 - [TEST_STEP][PASSED] - a30 = getText(findTestObject("Выручка в рублях/span1" + perc)): Text of object 'Object Repository/Выручка в рублях/span1' is: '-32 781.5 млн.руб.'

30-03-2025T15:29:26 - [MESSAGE][PASSED] - Text of object 'Object Repository/Выручка в рублях/span1' is: '-32 781.5 млн.руб.'

30-03-2025T15:29:26 - [TEST_STEP][PASSED] - i = a30.indexOf("млн.руб."): null

30-03-2025T15:29:26 - [TEST_STEP][PASSED] - if (i > -1): null

30-03-2025T15:29:26 - [TEST_STEP][PASSED] - a30 = a30.substring(0, i): null

30-03-2025T15:29:26 - [TEST_STEP][PASSED] - a30 = a30.replaceAll(" ", ""): null

30-03-2025T15:29:26 - [TEST_STEP][PASSED] - if (a30.contains("%")): null

30-03-2025T15:29:26 - [TEST_STEP][PASSED] - a30 = ").trim(): null

30-03-2025T15:29:26 - [TEST_STEP][PASSED] - println("a30: " + a30): null

30-03-2025T15:29:26 - [TEST_STEP][PASSED] - if (vir == 1): null

30-03-2025T15:29:26 - [TEST_STEP][PASSED] - else if (vir == 2): Text of object 'Object Repository/Выручка в рублях/span18' is: '50'

30-03-2025T15:29:26 - [TEST_STEP][PASSED] - a31 = ").trim(): Text of object 'Object Repository/Выручка в рублях/span2' is: '-170'

30-03-2025T15:29:26 - [MESSAGE][PASSED] - Text of object 'Object Repository/Выручка в рублях/span2' is: '-170'

30-03-2025T15:29:26 - [TEST_STEP][PASSED] - a32 = ").trim(): Text of object 'Object Repository/Выручка в рублях/span3' is: '-0'

30-03-2025T15:29:26 - [MESSAGE][PASSED] - Text of object 'Object Repository/Выручка в рублях/span3' is: '-0'

30-03-2025T15:29:26 - [TEST_STEP][PASSED] - a34 = ").trim(): Text of object 'Object Repository/Выручка в рублях/span4' is: '-270'

30-03-2025T15:29:27 - [MESSAGE][PASSED] - Text of object 'Object Repository/Выручка в рублях/span4' is: '-270'

30-03-2025T15:29:27 - [TEST_STEP][PASSED] - a35 = ").trim(): Text of object 'Object Repository/Выручка в рублях/span5' is: '552'

30-03-2025T15:29:27 - [MESSAGE][PASSED] - Text of object 'Object Repository/Выручка в рублях/span5' is: '552'

30-03-2025T15:29:27 - [TEST_STEP][PASSED] - a36 = ").trim(): Text of object 'Object Repository/Выручка в рублях/span6' is: '-244'

30-03-2025T15:29:27 - [MESSAGE][PASSED] - Text of object 'Object Repository/Выручка в рублях/span6' is: '-244'

30-03-2025T15:29:27 - [TEST_STEP][PASSED] - a37 = ").trim(): Text of object 'Object Repository/Выручка в рублях/span7' is: '-1 353'

30-03-2025T15:29:28 - [MESSAGE][PASSED] - Text of object 'Object Repository/Выручка в рублях/span7' is: '-1 353'

30-03-2025T15:29:28 - [TEST_STEP][PASSED] - a38 = ").trim(): Text of object 'Object Repository/Выручка в рублях/span8' is: '-35'

30-03-2025T15:29:28 - [MESSAGE][PASSED] - Text of object 'Object Repository/Выручка в рублях/span8' is: '-35'

30-03-2025T15:29:28 - [TEST_STEP][PASSED] - a39 = ").trim(): Text of object 'Object Repository/Выручка в рублях/span9' is: '-232'

30-03-2025T15:29:28 - [MESSAGE][PASSED] - Text of object 'Object Repository/Выручка в рублях/span9' is: '-232'

30-03-2025T15:29:28 - [TEST_STEP][PASSED] - a310 = ").trim(): Text of object 'Object Repository/Выручка в рублях/span10' is: '848'

30-03-2025T15:29:28 - [MESSAGE][PASSED] - Text of object 'Object Repository/Выручка в рублях/span10' is: '848'

30-03-2025T15:29:28 - [TEST_STEP][PASSED] - a311 = ").trim(): Text of object 'Object Repository/Выручка в рублях/span11' is: '-47'

30-03-2025T15:29:29 - [MESSAGE][PASSED] - Text of object 'Object Repository/Выручка в рублях/span11' is: '-47'

30-03-2025T15:29:29 - [TEST_STEP][PASSED] - a312 = ").trim(): Text of object 'Object Repository/Выручка в рублях/span12' is: '-1 858'

30-03-2025T15:29:29 - [MESSAGE][PASSED] - Text of object 'Object Repository/Выручка в рублях/span12' is: '-1 858'

30-03-2025T15:29:29 - [TEST_STEP][PASSED] - a313 = ").trim(): Text of object 'Object Repository/Выручка в рублях/span13' is: '-701'

30-03-2025T15:29:29 - [MESSAGE][PASSED] - Text of object 'Object Repository/Выручка в рублях/span13' is: '-701'

30-03-2025T15:29:29 - [TEST_STEP][PASSED] - a314 = ").trim(): Text of object 'Object Repository/Выручка в рублях/span14' is: '-28 384'

30-03-2025T15:29:30 - [MESSAGE][PASSED] - Text of object 'Object Repository/Выручка в рублях/span14' is: '-28 384'

30-03-2025T15:29:30 - [TEST_STEP][PASSED] - a315 = ").trim(): Text of object 'Object Repository/Выручка в рублях/span15' is: '-520'

30-03-2025T15:29:30 - [MESSAGE][PASSED] - Text of object 'Object Repository/Выручка в рублях/span15' is: '-520'

30-03-2025T15:29:30 - [TEST_STEP][PASSED] - a316 = ").trim(): Text of object 'Object Repository/Выручка в рублях/span16' is: '-484'

30-03-2025T15:29:30 - [MESSAGE][PASSED] - Text of object 'Object Repository/Выручка в рублях/span16' is: '-484'

30-03-2025T15:29:30 - [TEST_STEP][PASSED] - a317 = ").trim(): Text of object 'Object Repository/Выручка в рублях/span17' is: '66'

30-03-2025T15:29:30 - [MESSAGE][PASSED] - Text of object 'Object Repository/Выручка в рублях/span17' is: '66'

30-03-2025T15:29:30 - [TEST_STEP][PASSED] - a318 = ").trim(): Text of object 'Object Repository/Выручка в рублях/span18' is: '50'

30-03-2025T15:29:31 - [MESSAGE][PASSED] - Text of object 'Object Repository/Выручка в рублях/span18' is: '50'

30-03-2025T15:29:31 - [TEST_STEP][PASSED] - block = 2: null

30-03-2025T15:29:31 - [TEST_STEP][PASSED] - nameOfBlock = " Выручка": null

30-03-2025T15:29:31 - [TEST_STEP][PASSED] - Script1742558545601.PreSettings(run, vir, block, nameOfBlock, typeOfData, todaysDate): null

30-03-2025T15:29:31 - [TEST_STEP][PASSED] - openBrowser(""): Browser is opened with url: ''

30-03-2025T15:29:31 - [MESSAGE][WARNING] - A browser is already opened. Closing browser and opening a new one

30-03-2025T15:29:31 - [MESSAGE][INFO] - Starting 'Chrome' driver

30-03-2025T15:29:31 - [MESSAGE][INFO] - Action delay is set to 0 milliseconds

30-03-2025T15:29:32 - [MESSAGE][PASSED] - Browser is opened with url: ''

30-03-2025T15:29:32 - [TEST_STEP][PASSED] - refresh(): Refresh successfully

30-03-2025T15:29:32 - [MESSAGE][PASSED] - Refresh successfully

30-03-2025T15:29:32 - [TEST_STEP][PASSED] - delay(50): Delayed 50 second(s)

30-03-2025T15:30:22 - [MESSAGE][PASSED] - Delayed 50 second(s)

30-03-2025T15:30:22 - [TEST_STEP][PASSED] - println("run:" + run): null

30-03-2025T15:30:22 - [TEST_STEP][PASSED] - println("vir:" + vir): null

30-03-2025T15:30:22 - [TEST_STEP][PASSED] - println("block:" + block): null

30-03-2025T15:30:22 - [TEST_STEP][PASSED] - if (block == 1): null

30-03-2025T15:30:22 - [TEST_STEP][PASSED] - else: null

30-03-2025T15:30:22 - [TEST_STEP][PASSED] - nameOfBlock = " Выручка": null

30-03-2025T15:30:22 - [TEST_STEP][PASSED] - println("nameOfBlock:" + nameOfBlock): null

30-03-2025T15:30:22 - [TEST_STEP][PASSED] - println("typeOfData:" + typeOfData): null

30-03-2025T15:30:22 - [TEST_STEP][PASSED] - println("todaysDate:" + todaysDate): null

30-03-2025T15:30:22 - [TEST_STEP][PASSED] - Script1742558545601.Autorization(block, nameOfBlock): null

30-03-2025T15:30:22 - [TEST_STEP][PASSED] - i = <not implemented yet for class: org.codehaus.groovy.ast.expr.EmptyExpression>: null

30-03-2025T15:30:22 - [TEST_STEP][PASSED] - ii = <not implemented yet for class: org.codehaus.groovy.ast.expr.EmptyExpression>: null

30-03-2025T15:30:22 - [TEST_STEP][PASSED] - urlData = <not implemented yet for class: org.codehaus.groovy.ast.expr.EmptyExpression>: null

30-03-2025T15:30:22 - [TEST_STEP][PASSED] - searchWord = <not implemented yet for class: org.codehaus.groovy.ast.expr.EmptyExpression>: null

30-03-2025T15:30:22 - [TEST_STEP][PASSED] - urlText = <not implemented yet for class: org.codehaus.groovy.ast.expr.EmptyExpression>: null

30-03-2025T15:30:22 - [TEST_STEP][PASSED] - println("block:" + block): null

30-03-2025T15:30:22 - [TEST_STEP][PASSED] - if (block == 1): null

30-03-2025T15:30:22 - [TEST_STEP][PASSED] - else: null

30-03-2025T15:30:22 - [TEST_STEP][PASSED] - delay(45): Delayed 45 second(s)

30-03-2025T15:31:07 - [MESSAGE][PASSED] - Delayed 45 second(s)

30-03-2025T15:31:07 - [TEST_STEP][PASSED] - nameOfBlock = " Выручка": null

30-03-2025T15:31:07 - [TEST_STEP][PASSED] - println("nameOfBlock:" + nameOfBlock): null

30-03-2025T15:31:07 - [TEST_STEP][PASSED] - if (block == 1): null

30-03-2025T15:31:07 - [TEST_STEP][PASSED] - else: Delayed 45 second(s)

30-03-2025T15:31:07 - [TEST_STEP][PASSED] - urlData = 9: null

30-03-2025T15:31:07 - [TEST_STEP][PASSED] - delay(45): Delayed 45 second(s)

30-03-2025T15:31:52 - [MESSAGE][PASSED] - Delayed 45 second(s)

30-03-2025T15:31:52 - [TEST_STEP][PASSED] - navigateToUrl(findTestData("PlanFact").getValue(10, urlData)): Navigate to 'https://bi.rosseti.digital/viewer?dashboardGuid=a1fd28b3785d443cbc4d7690a1d78e31&sheetGuid=86092a20c5984827a0c87b24cac76a50&fit=true' successfully

30-03-2025T15:31:57 - [MESSAGE][PASSED] - Navigate to 'https://bi.rosseti.digital/viewer?dashboardGuid=a1fd28b3785d443cbc4d7690a1d78e31&sheetGuid=86092a20c5984827a0c87b24cac76a50&fit=true' successfully

30-03-2025T15:31:57 - [TEST_STEP][PASSED] - urlText = getText(findTestObject("Страница авторизации/Text")): Text of object 'Object Repository/Страница авторизации/Text' is: 'Вход'

30-03-2025T15:31:58 - [MESSAGE][PASSED] - Text of object 'Object Repository/Страница авторизации/Text' is: 'Вход'

30-03-2025T15:31:58 - [TEST_STEP][PASSED] - searchWord = "Вход": null

30-03-2025T15:31:58 - [TEST_STEP][PASSED] - if (urlText == null || urlText.contains("ошибка") || urlText.contains(searchWord) == false): null

30-03-2025T15:31:58 - [TEST_STEP][PASSED] - if (verifyElementPresent(findTestObject("Страница авторизации/button_"), 30) == true): null

30-03-2025T15:31:59 - [MESSAGE][PASSED] - Object 'Object Repository/Страница авторизации/button_' is present

30-03-2025T15:31:59 - [TEST_STEP][PASSED] - setText(findTestObject("Страница авторизации/input__username"), findTestData("PlanFact").getValue(8, 1)): Text 'liazgina-di' is set on object 'Object Repository/Страница авторизации/input__username'

30-03-2025T15:31:59 - [MESSAGE][PASSED] - Text 'liazgina-di' is set on object 'Object Repository/Страница авторизации/input__username'

30-03-2025T15:31:59 - [TEST_STEP][PASSED] - setText(findTestObject("Страница авторизации/input__password"), findTestData("PlanFact").getValue(9, 1)): Text ')$%5srZ8o688Dm#q' is set on object 'Object Repository/Страница авторизации/input__password'

30-03-2025T15:32:00 - [MESSAGE][PASSED] - Text ')$%5srZ8o688Dm#q' is set on object 'Object Repository/Страница авторизации/input__password'

30-03-2025T15:32:00 - [TEST_STEP][PASSED] - click(findTestObject("Страница авторизации/button_")): Object: 'Object Repository/Страница авторизации/button_' is clicked on

30-03-2025T15:32:01 - [MESSAGE][PASSED] - Object: 'Object Repository/Страница авторизации/button_' is clicked on

30-03-2025T15:32:01 - [TEST_STEP][PASSED] - delay(45): Delayed 45 second(s)

30-03-2025T15:32:46 - [MESSAGE][PASSED] - Delayed 45 second(s)

30-03-2025T15:32:46 - [TEST_STEP][PASSED] - urlText = getText(findTestObject("Страница авторизации/Text")): Text of object 'Object Repository/Страница авторизации/Text' is: 'Период
Январь, Февраль 2025 года
Выручка
Все
Выполнение плановых показателей по ПАО Россети за Январь, Февраль 2025 года
План
Факт
Динамика
2025 год
0 млн.руб.
50 000 млн.руб.
100 000 млн.руб.
150 000 млн.руб.
200 000 млн.руб.
250 000 млн.руб.
300 000 млн.руб.
350 000 млн.руб.
400 000 млн.руб.
318 025
284 426
↓
ДЗО 
Все
Подписи данных
⬤Отклонение
АО "РЭС"
АО «Тываэнерго»
АО «Чеченэнерго»
Россети Волга
Россети Кубань
Россети Ленэнерго (ГК)
Россети Московский регион
Россети Северный Кавказ (ГК)
Россети Северо-Запад
Россети Сибирь (ГК)
Россети Томск
Россети Тюмень
Россети Урал (ГК)
Россети ФСК ЕЭС
Россети Центр
Россети Центр и Приволжье (ГК)
Россети Юг (ГК)
Россети Янтарь
-30 000 млн.руб.
-27 500 млн.руб.
-25 000 млн.руб.
-22 500 млн.руб.
-20 000 млн.руб.
-17 500 млн.руб.
-15 000 млн.руб.
-12 500 млн.руб.
-10 000 млн.руб.
-7 500 млн.руб.
-5 000 млн.руб.
-2 500 млн.руб.
0 млн.руб.
2 500 млн.руб.
-170
27
-76
-270
552
-244
-1 353
-805
-232
848
-47
-1 858
-701
-28 384
-520
-484
68
50
млн.
%
Выручка
Отклонение выручки по ПАО Россети за Январь, Февраль 2025 года (факт/план, млн. руб)
ПАО Россети
-33 598.6 млн.руб.
Статус данных
×
Просьба обратить внимание
Данные занесены не полностью
ВЫБРАННЫЕ ЗНАЧЕНИЯ ФИЛЬТРОВ
ДЗО | ПЕРИОД
ПАО Россети: [«Выбраны все филиалы по всем ДЗО по всем категориям»]
2025: [Янв, Фев]
*Внутренний оборот'

30-03-2025T15:32:47 - [MESSAGE][PASSED] - Text of object 'Object Repository/Страница авторизации/Text' is: 'Период
Январь, Февраль 2025 года
Выручка
Все
Выполнение плановых показателей по ПАО Россети за Январь, Февраль 2025 года
План
Факт
Динамика
2025 год
0 млн.руб.
50 000 млн.руб.
100 000 млн.руб.
150 000 млн.руб.
200 000 млн.руб.
250 000 млн.руб.
300 000 млн.руб.
350 000 млн.руб.
400 000 млн.руб.
318 025
284 426
↓
ДЗО 
Все
Подписи данных
⬤Отклонение
АО "РЭС"
АО «Тываэнерго»
АО «Чеченэнерго»
Россети Волга
Россети Кубань
Россети Ленэнерго (ГК)
Россети Московский регион
Россети Северный Кавказ (ГК)
Россети Северо-Запад
Россети Сибирь (ГК)
Россети Томск
Россети Тюмень
Россети Урал (ГК)
Россети ФСК ЕЭС
Россети Центр
Россети Центр и Приволжье (ГК)
Россети Юг (ГК)
Россети Янтарь
-30 000 млн.руб.
-27 500 млн.руб.
-25 000 млн.руб.
-22 500 млн.руб.
-20 000 млн.руб.
-17 500 млн.руб.
-15 000 млн.руб.
-12 500 млн.руб.
-10 000 млн.руб.
-7 500 млн.руб.
-5 000 млн.руб.
-2 500 млн.руб.
0 млн.руб.
2 500 млн.руб.
-170
27
-76
-270
552
-244
-1 353
-805
-232
848
-47
-1 858
-701
-28 384
-520
-484
68
50
млн.
%
Выручка
Отклонение выручки по ПАО Россети за Январь, Февраль 2025 года (факт/план, млн. руб)
ПАО Россети
-33 598.6 млн.руб.
Статус данных
×
Просьба обратить внимание
Данные занесены не полностью
ВЫБРАННЫЕ ЗНАЧЕНИЯ ФИЛЬТРОВ
ДЗО | ПЕРИОД
ПАО Россети: [«Выбраны все филиалы по всем ДЗО по всем категориям»]
2025: [Янв, Фев]
*Внутренний оборот'

30-03-2025T15:32:47 - [TEST_STEP][PASSED] - searchWord = "а": null

30-03-2025T15:32:47 - [TEST_STEP][PASSED] - if (urlText.contains("ошибка") || urlText.contains(searchWord) == false): null

30-03-2025T15:32:47 - [TEST_STEP][PASSED] - delay(45): Delayed 45 second(s)

30-03-2025T15:33:32 - [MESSAGE][PASSED] - Delayed 45 second(s)

30-03-2025T15:33:32 - [TEST_STEP][PASSED] - if (block == 2): Delayed 50 second(s)

30-03-2025T15:33:32 - [TEST_STEP][PASSED] - opoveshenie = getText(findTestObject("Выручка в рублях/Просьба обратить внимание")): Text of object 'Object Repository/Выручка в рублях/Просьба обратить внимание' is: 'Просьба обратить внимание'

30-03-2025T15:33:32 - [MESSAGE][PASSED] - Text of object 'Object Repository/Выручка в рублях/Просьба обратить внимание' is: 'Просьба обратить внимание'

30-03-2025T15:33:32 - [TEST_STEP][PASSED] - if (opoveshenie == "Просьба обратить внимание"): Delayed 50 second(s)

30-03-2025T15:33:32 - [TEST_STEP][PASSED] - click(findTestObject("Выручка в рублях/Закрыть оповещение")): Object: 'Object Repository/Выручка в рублях/Закрыть оповещение' is clicked on

30-03-2025T15:33:33 - [MESSAGE][PASSED] - Object: 'Object Repository/Выручка в рублях/Закрыть оповещение' is clicked on

30-03-2025T15:33:33 - [TEST_STEP][PASSED] - delay(50): Delayed 50 second(s)

30-03-2025T15:34:23 - [MESSAGE][PASSED] - Delayed 50 second(s)

30-03-2025T15:34:23 - [TEST_STEP][PASSED] - click(findTestObject("Выручка в рублях/Фильтр Период" + nameOfBlock)): Object: 'Object Repository/Выручка в рублях/Фильтр Период Выручка' is clicked on

30-03-2025T15:34:23 - [MESSAGE][PASSED] - Object: 'Object Repository/Выручка в рублях/Фильтр Период Выручка' is clicked on

30-03-2025T15:34:23 - [TEST_STEP][PASSED] - click(findTestObject("Выручка в рублях/Снять выделение в фильтре Дата" + nameOfBlock)): Object: 'Object Repository/Выручка в рублях/Снять выделение в фильтре Дата Выручка' is clicked on

30-03-2025T15:34:24 - [MESSAGE][PASSED] - Object: 'Object Repository/Выручка в рублях/Снять выделение в фильтре Дата Выручка' is clicked on

30-03-2025T15:34:24 - [TEST_STEP][PASSED] - click(findTestObject("Выручка в рублях/Применить в фильтре Дата" + nameOfBlock)): Object: 'Object Repository/Выручка в рублях/Применить в фильтре Дата Выручка' is clicked on

30-03-2025T15:34:24 - [MESSAGE][PASSED] - Object: 'Object Repository/Выручка в рублях/Применить в фильтре Дата Выручка' is clicked on

30-03-2025T15:34:24 - [TEST_STEP][PASSED] - delay(50): Delayed 50 second(s)

30-03-2025T15:35:14 - [MESSAGE][PASSED] - Delayed 50 second(s)

30-03-2025T15:35:14 - [TEST_STEP][PASSED] - click(findTestObject("Выручка в рублях/Фильтр Период" + nameOfBlock)): Object: 'Object Repository/Выручка в рублях/Фильтр Период Выручка' is clicked on

30-03-2025T15:35:15 - [MESSAGE][PASSED] - Object: 'Object Repository/Выручка в рублях/Фильтр Период Выручка' is clicked on

30-03-2025T15:35:15 - [TEST_STEP][PASSED] - click(findTestObject("Выручка в рублях/Снять выделение в фильтре Дата" + nameOfBlock)): Object: 'Object Repository/Выручка в рублях/Снять выделение в фильтре Дата Выручка' is clicked on

30-03-2025T15:35:15 - [MESSAGE][PASSED] - Object: 'Object Repository/Выручка в рублях/Снять выделение в фильтре Дата Выручка' is clicked on

30-03-2025T15:35:15 - [TEST_STEP][PASSED] - scrollToElement(findTestObject("Выручка в рублях/2025 список" + nameOfBlock), 30): Scroll to object 'Object Repository/Выручка в рублях/2025 список Выручка' successfully

30-03-2025T15:35:16 - [MESSAGE][PASSED] - Scroll to object 'Object Repository/Выручка в рублях/2025 список Выручка' successfully

30-03-2025T15:35:16 - [TEST_STEP][PASSED] - click(findTestObject("Выручка в рублях/2025 список" + nameOfBlock)): Object: 'Object Repository/Выручка в рублях/2025 список Выручка' is clicked on

30-03-2025T15:35:16 - [MESSAGE][PASSED] - Object: 'Object Repository/Выручка в рублях/2025 список Выручка' is clicked on

30-03-2025T15:35:16 - [TEST_STEP][PASSED] - scrollToElement(findTestObject("Выручка в рублях/1 квартал 2025 список Выручка"), 30): Scroll to object 'Object Repository/Выручка в рублях/1 квартал 2025 список Выручка' successfully

30-03-2025T15:35:16 - [MESSAGE][PASSED] - Scroll to object 'Object Repository/Выручка в рублях/1 квартал 2025 список Выручка' successfully

30-03-2025T15:35:16 - [TEST_STEP][PASSED] - click(findTestObject("Выручка в рублях/1 квартал 2025 список" + nameOfBlock)): Object: 'Object Repository/Выручка в рублях/1 квартал 2025 список Выручка' is clicked on

30-03-2025T15:35:17 - [MESSAGE][PASSED] - Object: 'Object Repository/Выручка в рублях/1 квартал 2025 список Выручка' is clicked on

30-03-2025T15:35:17 - [TEST_STEP][PASSED] - scrollToElement(findTestObject("Выручка в рублях/Январь 2025" + nameOfBlock), 30): Scroll to object 'Object Repository/Выручка в рублях/Январь 2025 Выручка' successfully

30-03-2025T15:35:17 - [MESSAGE][PASSED] - Scroll to object 'Object Repository/Выручка в рублях/Январь 2025 Выручка' successfully

30-03-2025T15:35:17 - [TEST_STEP][PASSED] - click(findTestObject("Выручка в рублях/Январь 2025" + nameOfBlock)): Object: 'Object Repository/Выручка в рублях/Январь 2025 Выручка' is clicked on

30-03-2025T15:35:17 - [MESSAGE][PASSED] - Object: 'Object Repository/Выручка в рублях/Январь 2025 Выручка' is clicked on

30-03-2025T15:35:17 - [TEST_STEP][PASSED] - scrollToElement(findTestObject("Выручка в рублях/Февраль 2025" + nameOfBlock), 30): Scroll to object 'Object Repository/Выручка в рублях/Февраль 2025 Выручка' successfully

30-03-2025T15:35:18 - [MESSAGE][PASSED] - Scroll to object 'Object Repository/Выручка в рублях/Февраль 2025 Выручка' successfully

30-03-2025T15:35:18 - [TEST_STEP][PASSED] - click(findTestObject("Выручка в рублях/Февраль 2025" + nameOfBlock)): Object: 'Object Repository/Выручка в рублях/Февраль 2025 Выручка' is clicked on

30-03-2025T15:35:18 - [MESSAGE][PASSED] - Object: 'Object Repository/Выручка в рублях/Февраль 2025 Выручка' is clicked on

30-03-2025T15:35:18 - [TEST_STEP][PASSED] - scrollToElement(findTestObject("Выручка в рублях/Заголовок дашборда" + nameOfBlock), 30): Scroll to object 'Object Repository/Выручка в рублях/Заголовок дашборда Выручка' successfully

30-03-2025T15:35:19 - [MESSAGE][PASSED] - Scroll to object 'Object Repository/Выручка в рублях/Заголовок дашборда Выручка' successfully

30-03-2025T15:35:19 - [TEST_STEP][PASSED] - click(findTestObject("Выручка в рублях/Применить в фильтре Дата" + nameOfBlock)): Object: 'Object Repository/Выручка в рублях/Применить в фильтре Дата Выручка' is clicked on

30-03-2025T15:35:19 - [MESSAGE][PASSED] - Object: 'Object Repository/Выручка в рублях/Применить в фильтре Дата Выручка' is clicked on

30-03-2025T15:35:19 - [TEST_STEP][PASSED] - delay(55): Delayed 55 second(s)

30-03-2025T15:36:14 - [MESSAGE][PASSED] - Delayed 55 second(s)

30-03-2025T15:36:14 - [TEST_STEP][PASSED] - click(findTestObject("Выручка в рублях/Фильтр ДЗО" + nameOfBlock)): Object: 'Object Repository/Выручка в рублях/Фильтр ДЗО Выручка' is clicked on

30-03-2025T15:36:15 - [MESSAGE][PASSED] - Object: 'Object Repository/Выручка в рублях/Фильтр ДЗО Выручка' is clicked on

30-03-2025T15:36:15 - [TEST_STEP][PASSED] - click(findTestObject("Выручка в рублях/Снять выделение в фильтре ДЗО" + nameOfBlock)): Object: 'Object Repository/Выручка в рублях/Снять выделение в фильтре ДЗО Выручка' is clicked on

30-03-2025T15:36:15 - [MESSAGE][PASSED] - Object: 'Object Repository/Выручка в рублях/Снять выделение в фильтре ДЗО Выручка' is clicked on

30-03-2025T15:36:15 - [TEST_STEP][PASSED] - click(findTestObject("Выручка в рублях/Применить в фильтре ДЗО" + nameOfBlock)): Object: 'Object Repository/Выручка в рублях/Применить в фильтре ДЗО Выручка' is clicked on

30-03-2025T15:36:16 - [MESSAGE][PASSED] - Object: 'Object Repository/Выручка в рублях/Применить в фильтре ДЗО Выручка' is clicked on

30-03-2025T15:36:16 - [TEST_STEP][PASSED] - delay(50): Delayed 50 second(s)

30-03-2025T15:37:06 - [MESSAGE][PASSED] - Delayed 50 second(s)

30-03-2025T15:37:06 - [TEST_STEP][PASSED] - Script1742558545601.Tumbler(run, vir, block, nameOfBlock): null

30-03-2025T15:37:06 - [TEST_STEP][PASSED] - println("run:" + run): null

30-03-2025T15:37:06 - [TEST_STEP][PASSED] - println("vir:" + vir): null

30-03-2025T15:37:06 - [TEST_STEP][PASSED] - println("block:" + block): null

30-03-2025T15:37:06 - [TEST_STEP][PASSED] - println("nameOfBlock:" + nameOfBlock): null

30-03-2025T15:37:06 - [TEST_STEP][PASSED] - if (vir == 1): null

30-03-2025T15:37:06 - [TEST_STEP][PASSED] - else if (vir == 2): Object: 'Object Repository/Выручка в рублях/Применить в фильтре Выручка Выручка' is clicked on

30-03-2025T15:37:06 - [TEST_STEP][PASSED] - if (run == 2): null

30-03-2025T15:37:06 - [TEST_STEP][PASSED] - click(findTestObject("Выручка в рублях/Фильтр Выручка" + nameOfBlock)): Object: 'Object Repository/Выручка в рублях/Фильтр Выручка Выручка' is clicked on

30-03-2025T15:37:06 - [MESSAGE][PASSED] - Object: 'Object Repository/Выручка в рублях/Фильтр Выручка Выручка' is clicked on

30-03-2025T15:37:06 - [TEST_STEP][PASSED] - click(findTestObject("Выручка в рублях/Итого в фильтре Выручка" + nameOfBlock)): Object: 'Object Repository/Выручка в рублях/Итого в фильтре Выручка Выручка' is clicked on

30-03-2025T15:37:07 - [MESSAGE][PASSED] - Object: 'Object Repository/Выручка в рублях/Итого в фильтре Выручка Выручка' is clicked on

30-03-2025T15:37:07 - [TEST_STEP][PASSED] - click(findTestObject("Выручка в рублях/Применить в фильтре Выручка" + nameOfBlock)): Object: 'Object Repository/Выручка в рублях/Применить в фильтре Выручка Выручка' is clicked on

30-03-2025T15:37:07 - [MESSAGE][PASSED] - Object: 'Object Repository/Выручка в рублях/Применить в фильтре Выручка Выручка' is clicked on

30-03-2025T15:37:07 - [TEST_STEP][PASSED] - click(findTestObject("Выручка в рублях/Фильтр ДЗО" + nameOfBlock)): Object: 'Object Repository/Выручка в рублях/Фильтр ДЗО Выручка' is clicked on

30-03-2025T15:37:09 - [MESSAGE][PASSED] - Object: 'Object Repository/Выручка в рублях/Фильтр ДЗО Выручка' is clicked on

30-03-2025T15:37:09 - [TEST_STEP][PASSED] - Script1742558545601.Rosseti(nameOfBlock): null

30-03-2025T15:37:09 - [TEST_STEP][PASSED] - println("nameOfBlock:" + nameOfBlock): null

30-03-2025T15:37:09 - [TEST_STEP][PASSED] - click(findTestObject("Выручка в рублях/ПАО Россети" + nameOfBlock)): Object: 'Object Repository/Выручка в рублях/ПАО Россети Выручка' is clicked on

30-03-2025T15:37:09 - [MESSAGE][PASSED] - Object: 'Object Repository/Выручка в рублях/ПАО Россети Выручка' is clicked on

30-03-2025T15:37:09 - [TEST_STEP][PASSED] - click(findTestObject("Выручка в рублях/Применить в фильтре ДЗО" + nameOfBlock)): Object: 'Object Repository/Выручка в рублях/Применить в фильтре ДЗО Выручка' is clicked on

30-03-2025T15:37:10 - [MESSAGE][PASSED] - Object: 'Object Repository/Выручка в рублях/Применить в фильтре ДЗО Выручка' is clicked on

30-03-2025T15:37:10 - [TEST_STEP][PASSED] - if (vir == 1 || vir == 2): Text of object 'Object Repository/Выручка в рублях/График План Выручка' is: '312 362'

30-03-2025T15:37:10 - [TEST_STEP][PASSED] - b1 = getText(findTestObject("Выручка в рублях/График План Выручка")): Text of object 'Object Repository/Выручка в рублях/График План Выручка' is: '312 362'

30-03-2025T15:37:11 - [MESSAGE][PASSED] - Text of object 'Object Repository/Выручка в рублях/График План Выручка' is: '312 362'

30-03-2025T15:37:11 - [TEST_STEP][PASSED] - if (vir == 1 || vir == 2): Text of object 'Object Repository/Выручка в рублях/График Факт Выручка' is: '279 580'

30-03-2025T15:37:11 - [TEST_STEP][PASSED] - b2 = getText(findTestObject("Выручка в рублях/График Факт Выручка")): Text of object 'Object Repository/Выручка в рублях/График Факт Выручка' is: '279 580'

30-03-2025T15:37:11 - [MESSAGE][PASSED] - Text of object 'Object Repository/Выручка в рублях/График Факт Выручка' is: '279 580'

30-03-2025T15:37:11 - [TEST_STEP][PASSED] - b30 = getText(findTestObject("Выручка в рублях/span1" + perc)): Text of object 'Object Repository/Выручка в рублях/span1' is: '-32 781.5 млн.руб.'

30-03-2025T15:37:12 - [MESSAGE][PASSED] - Text of object 'Object Repository/Выручка в рублях/span1' is: '-32 781.5 млн.руб.'

30-03-2025T15:37:12 - [TEST_STEP][PASSED] - i = b30.indexOf("млн.руб."): null

30-03-2025T15:37:12 - [TEST_STEP][PASSED] - if (i > -1): null

30-03-2025T15:37:12 - [TEST_STEP][PASSED] - b30 = b30.substring(0, i): null

30-03-2025T15:37:12 - [TEST_STEP][PASSED] - b30 = b30.replaceAll(" ", ""): null

30-03-2025T15:37:12 - [TEST_STEP][PASSED] - if (b30.contains("%")): null

30-03-2025T15:37:12 - [TEST_STEP][PASSED] - b30 = ").trim(): null

30-03-2025T15:37:12 - [TEST_STEP][PASSED] - println("b30: " + b30): null

30-03-2025T15:37:12 - [TEST_STEP][PASSED] - if (vir == 1): null

30-03-2025T15:37:12 - [TEST_STEP][PASSED] - else if (vir == 2): Text of object 'Object Repository/Выручка в рублях/span18' is: '50'

30-03-2025T15:37:12 - [TEST_STEP][PASSED] - b31 = ").trim(): Text of object 'Object Repository/Выручка в рублях/span2' is: '-170'

30-03-2025T15:37:12 - [MESSAGE][PASSED] - Text of object 'Object Repository/Выручка в рублях/span2' is: '-170'

30-03-2025T15:37:12 - [TEST_STEP][PASSED] - b32 = ").trim(): Text of object 'Object Repository/Выручка в рублях/span3' is: '-0'

30-03-2025T15:37:12 - [MESSAGE][PASSED] - Text of object 'Object Repository/Выручка в рублях/span3' is: '-0'

30-03-2025T15:37:12 - [TEST_STEP][PASSED] - b34 = ").trim(): Text of object 'Object Repository/Выручка в рублях/span4' is: '-270'

30-03-2025T15:37:13 - [MESSAGE][PASSED] - Text of object 'Object Repository/Выручка в рублях/span4' is: '-270'

30-03-2025T15:37:13 - [TEST_STEP][PASSED] - b35 = ").trim(): Text of object 'Object Repository/Выручка в рублях/span5' is: '552'

30-03-2025T15:37:13 - [MESSAGE][PASSED] - Text of object 'Object Repository/Выручка в рублях/span5' is: '552'

30-03-2025T15:37:13 - [TEST_STEP][PASSED] - b36 = ").trim(): Text of object 'Object Repository/Выручка в рублях/span6' is: '-244'

30-03-2025T15:37:13 - [MESSAGE][PASSED] - Text of object 'Object Repository/Выручка в рублях/span6' is: '-244'

30-03-2025T15:37:13 - [TEST_STEP][PASSED] - b37 = ").trim(): Text of object 'Object Repository/Выручка в рублях/span7' is: '-1 353'

30-03-2025T15:37:13 - [MESSAGE][PASSED] - Text of object 'Object Repository/Выручка в рублях/span7' is: '-1 353'

30-03-2025T15:37:13 - [TEST_STEP][PASSED] - b38 = ").trim(): Text of object 'Object Repository/Выручка в рублях/span8' is: '-35'

30-03-2025T15:37:14 - [MESSAGE][PASSED] - Text of object 'Object Repository/Выручка в рублях/span8' is: '-35'

30-03-2025T15:37:14 - [TEST_STEP][PASSED] - b39 = ").trim(): Text of object 'Object Repository/Выручка в рублях/span9' is: '-232'

30-03-2025T15:37:14 - [MESSAGE][PASSED] - Text of object 'Object Repository/Выручка в рублях/span9' is: '-232'

30-03-2025T15:37:14 - [TEST_STEP][PASSED] - b310 = ").trim(): Text of object 'Object Repository/Выручка в рублях/span10' is: '848'

30-03-2025T15:37:14 - [MESSAGE][PASSED] - Text of object 'Object Repository/Выручка в рублях/span10' is: '848'

30-03-2025T15:37:14 - [TEST_STEP][PASSED] - b311 = ").trim(): Text of object 'Object Repository/Выручка в рублях/span11' is: '-47'

30-03-2025T15:37:15 - [MESSAGE][PASSED] - Text of object 'Object Repository/Выручка в рублях/span11' is: '-47'

30-03-2025T15:37:15 - [TEST_STEP][PASSED] - b312 = ").trim(): Text of object 'Object Repository/Выручка в рублях/span12' is: '-1 858'

30-03-2025T15:37:15 - [MESSAGE][PASSED] - Text of object 'Object Repository/Выручка в рублях/span12' is: '-1 858'

30-03-2025T15:37:15 - [TEST_STEP][PASSED] - b313 = ").trim(): Text of object 'Object Repository/Выручка в рублях/span13' is: '-701'

30-03-2025T15:37:15 - [MESSAGE][PASSED] - Text of object 'Object Repository/Выручка в рублях/span13' is: '-701'

30-03-2025T15:37:15 - [TEST_STEP][PASSED] - b314 = ").trim(): Text of object 'Object Repository/Выручка в рублях/span14' is: '-28 384'

30-03-2025T15:37:15 - [MESSAGE][PASSED] - Text of object 'Object Repository/Выручка в рублях/span14' is: '-28 384'

30-03-2025T15:37:15 - [TEST_STEP][PASSED] - b315 = ").trim(): Text of object 'Object Repository/Выручка в рублях/span15' is: '-520'

30-03-2025T15:37:16 - [MESSAGE][PASSED] - Text of object 'Object Repository/Выручка в рублях/span15' is: '-520'

30-03-2025T15:37:16 - [TEST_STEP][PASSED] - b316 = ").trim(): Text of object 'Object Repository/Выручка в рублях/span16' is: '-484'

30-03-2025T15:37:16 - [MESSAGE][PASSED] - Text of object 'Object Repository/Выручка в рублях/span16' is: '-484'

30-03-2025T15:37:16 - [TEST_STEP][PASSED] - b317 = ").trim(): Text of object 'Object Repository/Выручка в рублях/span17' is: '66'

30-03-2025T15:37:16 - [MESSAGE][PASSED] - Text of object 'Object Repository/Выручка в рублях/span17' is: '66'

30-03-2025T15:37:16 - [TEST_STEP][PASSED] - b318 = ").trim(): Text of object 'Object Repository/Выручка в рублях/span18' is: '50'

30-03-2025T15:37:17 - [MESSAGE][PASSED] - Text of object 'Object Repository/Выручка в рублях/span18' is: '50'

30-03-2025T15:37:17 - [TEST_STEP][PASSED] - dZO = "ПАО Россети": null

30-03-2025T15:37:17 - [TEST_STEP][PASSED] - if (verifyEqual(a1, b1) == false): Actual object '312 362' and expected object '312 362' are equal

30-03-2025T15:37:17 - [MESSAGE][PASSED] - Actual object '312 362' and expected object '312 362' are equal

30-03-2025T15:37:17 - [TEST_STEP][PASSED] - if (verifyEqual(a2, b2) == false): Actual object '279 580' and expected object '279 580' are equal

30-03-2025T15:37:17 - [MESSAGE][PASSED] - Actual object '279 580' and expected object '279 580' are equal

30-03-2025T15:37:17 - [TEST_STEP][PASSED] - vidget = "Отклонения": null

30-03-2025T15:37:17 - [TEST_STEP][PASSED] - if (verifyEqual(a30, b30) == false): Actual object '-32781.5' and expected object '-32781.5' are equal

30-03-2025T15:37:17 - [MESSAGE][PASSED] - Actual object '-32781.5' and expected object '-32781.5' are equal

30-03-2025T15:37:17 - [TEST_STEP][PASSED] - dZO = "АО «РЭС»": null

30-03-2025T15:37:17 - [TEST_STEP][PASSED] - if (verifyEqual(a31, b31) == false): Actual object '-170' and expected object '-170' are equal

30-03-2025T15:37:17 - [MESSAGE][PASSED] - Actual object '-170' and expected object '-170' are equal

30-03-2025T15:37:17 - [TEST_STEP][PASSED] - dZO = "АО «Тываэнерго»": null

30-03-2025T15:37:17 - [TEST_STEP][PASSED] - if (verifyEqual(a32, b32) == false): Actual object '-0' and expected object '-0' are equal

30-03-2025T15:37:17 - [MESSAGE][PASSED] - Actual object '-0' and expected object '-0' are equal

30-03-2025T15:37:17 - [TEST_STEP][PASSED] - dZO = "АО «Чеченэнерго»": null

30-03-2025T15:37:17 - [TEST_STEP][PASSED] - if (verifyEqual(a33, b33) == false): Actual object 'null' and expected object 'null' are equal

30-03-2025T15:37:17 - [MESSAGE][PASSED] - Actual object 'null' and expected object 'null' are equal

30-03-2025T15:37:17 - [TEST_STEP][PASSED] - dZO = "Россети Волга": null

30-03-2025T15:37:17 - [TEST_STEP][PASSED] - if (verifyEqual(a34, b34) == false): Actual object '-270' and expected object '-270' are equal

30-03-2025T15:37:17 - [MESSAGE][PASSED] - Actual object '-270' and expected object '-270' are equal

30-03-2025T15:37:17 - [TEST_STEP][PASSED] - dZO = "Россети Кубань": null

30-03-2025T15:37:17 - [TEST_STEP][PASSED] - if (verifyEqual(a35, b35) == false): Actual object '552' and expected object '552' are equal

30-03-2025T15:37:17 - [MESSAGE][PASSED] - Actual object '552' and expected object '552' are equal

30-03-2025T15:37:17 - [TEST_STEP][PASSED] - dZO = "Россети Ленэнерго (ГК)": null

30-03-2025T15:37:17 - [TEST_STEP][PASSED] - if (verifyEqual(a36, b36) == false): Actual object '-244' and expected object '-244' are equal

30-03-2025T15:37:17 - [MESSAGE][PASSED] - Actual object '-244' and expected object '-244' are equal

30-03-2025T15:37:17 - [TEST_STEP][PASSED] - dZO = "Россети Московский регион": null

30-03-2025T15:37:17 - [TEST_STEP][PASSED] - if (verifyEqual(a37, b37) == false): Actual object '-1 353' and expected object '-1 353' are equal

30-03-2025T15:37:17 - [MESSAGE][PASSED] - Actual object '-1 353' and expected object '-1 353' are equal

30-03-2025T15:37:17 - [TEST_STEP][PASSED] - dZO = "Россети Северный Кавказ (ГК)": null

30-03-2025T15:37:17 - [TEST_STEP][PASSED] - if (verifyEqual(a38, b38) == false): Actual object '-35' and expected object '-35' are equal

30-03-2025T15:37:17 - [MESSAGE][PASSED] - Actual object '-35' and expected object '-35' are equal

30-03-2025T15:37:17 - [TEST_STEP][PASSED] - dZO = "Россети Северо-Запад": null

30-03-2025T15:37:17 - [TEST_STEP][PASSED] - if (verifyEqual(a39, b39) == false): Actual object '-232' and expected object '-232' are equal

30-03-2025T15:37:17 - [MESSAGE][PASSED] - Actual object '-232' and expected object '-232' are equal

30-03-2025T15:37:17 - [TEST_STEP][PASSED] - dZO = "Россети Сибирь (ГК)": null

30-03-2025T15:37:17 - [TEST_STEP][PASSED] - if (verifyEqual(a310, b310) == false): Actual object '848' and expected object '848' are equal

30-03-2025T15:37:17 - [MESSAGE][PASSED] - Actual object '848' and expected object '848' are equal

30-03-2025T15:37:17 - [TEST_STEP][PASSED] - dZO = "Россети Томск": null

30-03-2025T15:37:17 - [TEST_STEP][PASSED] - if (verifyEqual(a311, b311) == false): Actual object '-47' and expected object '-47' are equal

30-03-2025T15:37:17 - [MESSAGE][PASSED] - Actual object '-47' and expected object '-47' are equal

30-03-2025T15:37:17 - [TEST_STEP][PASSED] - dZO = "Россети Тюмень": null

30-03-2025T15:37:17 - [TEST_STEP][PASSED] - if (verifyEqual(a312, b312) == false): Actual object '-1 858' and expected object '-1 858' are equal

30-03-2025T15:37:17 - [MESSAGE][PASSED] - Actual object '-1 858' and expected object '-1 858' are equal

30-03-2025T15:37:17 - [TEST_STEP][PASSED] - dZO = "Россети Урал (ГК)": null

30-03-2025T15:37:17 - [TEST_STEP][PASSED] - if (verifyEqual(a313, b313) == false): Actual object '-701' and expected object '-701' are equal

30-03-2025T15:37:17 - [MESSAGE][PASSED] - Actual object '-701' and expected object '-701' are equal

30-03-2025T15:37:17 - [TEST_STEP][PASSED] - dZO = "Россети ФСК ЕЭС": null

30-03-2025T15:37:17 - [TEST_STEP][PASSED] - if (verifyEqual(a314, b314) == false): Actual object '-28 384' and expected object '-28 384' are equal

30-03-2025T15:37:17 - [MESSAGE][PASSED] - Actual object '-28 384' and expected object '-28 384' are equal

30-03-2025T15:37:17 - [TEST_STEP][PASSED] - dZO = "Россети Центр": null

30-03-2025T15:37:17 - [TEST_STEP][PASSED] - if (verifyEqual(a315, b315) == false): Actual object '-520' and expected object '-520' are equal

30-03-2025T15:37:17 - [MESSAGE][PASSED] - Actual object '-520' and expected object '-520' are equal

30-03-2025T15:37:17 - [TEST_STEP][PASSED] - dZO = "Россети Центр и Приволжье (ГК)": null

30-03-2025T15:37:17 - [TEST_STEP][PASSED] - if (verifyEqual(a316, b316) == false): Actual object '-484' and expected object '-484' are equal

30-03-2025T15:37:17 - [MESSAGE][PASSED] - Actual object '-484' and expected object '-484' are equal

30-03-2025T15:37:17 - [TEST_STEP][PASSED] - dZO = "Россети Юг (ГК)": null

30-03-2025T15:37:17 - [TEST_STEP][PASSED] - if (verifyEqual(a317, b317) == false): Actual object '66' and expected object '66' are equal

30-03-2025T15:37:17 - [MESSAGE][PASSED] - Actual object '66' and expected object '66' are equal

30-03-2025T15:37:17 - [TEST_STEP][PASSED] - dZO = "Россети Янтарь": null

30-03-2025T15:37:17 - [TEST_STEP][PASSED] - if (verifyEqual(a318, b318) == false): Actual object '50' and expected object '50' are equal

30-03-2025T15:37:17 - [MESSAGE][PASSED] - Actual object '50' and expected object '50' are equal

30-03-2025T15:37:17 - [TEST_STEP][PASSED] - closeBrowser(): null

30-03-2025T15:37:17 - [MESSAGE][PASSED] - Browser is closed

30-03-2025T15:37:17 - [TEST_STEP][PASSED] - Script1742558545601.Blocks(run, vir, block, nameOfBlock, typeOfData, viruchka, vidget, todaysDate, a, b, dZO, x, y): null

30-03-2025T15:37:17 - [TEST_STEP][PASSED] - i = <not implemented yet for class: org.codehaus.groovy.ast.expr.EmptyExpression>: null

30-03-2025T15:37:17 - [TEST_STEP][PASSED] - perc = "": null

30-03-2025T15:37:17 - [TEST_STEP][PASSED] - a1 = <not implemented yet for class: org.codehaus.groovy.ast.expr.EmptyExpression>: null

30-03-2025T15:37:17 - [TEST_STEP][PASSED] - a2 = <not implemented yet for class: org.codehaus.groovy.ast.expr.EmptyExpression>: null

30-03-2025T15:37:17 - [TEST_STEP][PASSED] - a30 = <not implemented yet for class: org.codehaus.groovy.ast.expr.EmptyExpression>: null

30-03-2025T15:37:17 - [TEST_STEP][PASSED] - a31 = <not implemented yet for class: org.codehaus.groovy.ast.expr.EmptyExpression>: null

30-03-2025T15:37:17 - [TEST_STEP][PASSED] - a32 = <not implemented yet for class: org.codehaus.groovy.ast.expr.EmptyExpression>: null

30-03-2025T15:37:17 - [TEST_STEP][PASSED] - a33 = <not implemented yet for class: org.codehaus.groovy.ast.expr.EmptyExpression>: null

30-03-2025T15:37:17 - [TEST_STEP][PASSED] - a34 = <not implemented yet for class: org.codehaus.groovy.ast.expr.EmptyExpression>: null

30-03-2025T15:37:17 - [TEST_STEP][PASSED] - a35 = <not implemented yet for class: org.codehaus.groovy.ast.expr.EmptyExpression>: null

30-03-2025T15:37:17 - [TEST_STEP][PASSED] - a36 = <not implemented yet for class: org.codehaus.groovy.ast.expr.EmptyExpression>: null

30-03-2025T15:37:17 - [TEST_STEP][PASSED] - a37 = <not implemented yet for class: org.codehaus.groovy.ast.expr.EmptyExpression>: null

30-03-2025T15:37:17 - [TEST_STEP][PASSED] - a38 = <not implemented yet for class: org.codehaus.groovy.ast.expr.EmptyExpression>: null

30-03-2025T15:37:17 - [TEST_STEP][PASSED] - a39 = <not implemented yet for class: org.codehaus.groovy.ast.expr.EmptyExpression>: null

30-03-2025T15:37:17 - [TEST_STEP][PASSED] - a310 = <not implemented yet for class: org.codehaus.groovy.ast.expr.EmptyExpression>: null

30-03-2025T15:37:17 - [TEST_STEP][PASSED] - a311 = <not implemented yet for class: org.codehaus.groovy.ast.expr.EmptyExpression>: null

30-03-2025T15:37:17 - [TEST_STEP][PASSED] - a312 = <not implemented yet for class: org.codehaus.groovy.ast.expr.EmptyExpression>: null

30-03-2025T15:37:17 - [TEST_STEP][PASSED] - a313 = <not implemented yet for class: org.codehaus.groovy.ast.expr.EmptyExpression>: null

30-03-2025T15:37:17 - [TEST_STEP][PASSED] - a314 = <not implemented yet for class: org.codehaus.groovy.ast.expr.EmptyExpression>: null

30-03-2025T15:37:17 - [TEST_STEP][PASSED] - a315 = <not implemented yet for class: org.codehaus.groovy.ast.expr.EmptyExpression>: null

30-03-2025T15:37:17 - [TEST_STEP][PASSED] - a316 = <not implemented yet for class: org.codehaus.groovy.ast.expr.EmptyExpression>: null

30-03-2025T15:37:17 - [TEST_STEP][PASSED] - a317 = <not implemented yet for class: org.codehaus.groovy.ast.expr.EmptyExpression>: null

30-03-2025T15:37:17 - [TEST_STEP][PASSED] - a318 = <not implemented yet for class: org.codehaus.groovy.ast.expr.EmptyExpression>: null

30-03-2025T15:37:17 - [TEST_STEP][PASSED] - b1 = <not implemented yet for class: org.codehaus.groovy.ast.expr.EmptyExpression>: null

30-03-2025T15:37:17 - [TEST_STEP][PASSED] - b2 = <not implemented yet for class: org.codehaus.groovy.ast.expr.EmptyExpression>: null

30-03-2025T15:37:17 - [TEST_STEP][PASSED] - b30 = <not implemented yet for class: org.codehaus.groovy.ast.expr.EmptyExpression>: null

30-03-2025T15:37:17 - [TEST_STEP][PASSED] - b31 = <not implemented yet for class: org.codehaus.groovy.ast.expr.EmptyExpression>: null

30-03-2025T15:37:17 - [TEST_STEP][PASSED] - b32 = <not implemented yet for class: org.codehaus.groovy.ast.expr.EmptyExpression>: null

30-03-2025T15:37:17 - [TEST_STEP][PASSED] - b33 = <not implemented yet for class: org.codehaus.groovy.ast.expr.EmptyExpression>: null

30-03-2025T15:37:17 - [TEST_STEP][PASSED] - b34 = <not implemented yet for class: org.codehaus.groovy.ast.expr.EmptyExpression>: null

30-03-2025T15:37:17 - [TEST_STEP][PASSED] - b35 = <not implemented yet for class: org.codehaus.groovy.ast.expr.EmptyExpression>: null

30-03-2025T15:37:17 - [TEST_STEP][PASSED] - b36 = <not implemented yet for class: org.codehaus.groovy.ast.expr.EmptyExpression>: null

30-03-2025T15:37:17 - [TEST_STEP][PASSED] - b37 = <not implemented yet for class: org.codehaus.groovy.ast.expr.EmptyExpression>: null

30-03-2025T15:37:17 - [TEST_STEP][PASSED] - b38 = <not implemented yet for class: org.codehaus.groovy.ast.expr.EmptyExpression>: null

30-03-2025T15:37:17 - [TEST_STEP][PASSED] - b39 = <not implemented yet for class: org.codehaus.groovy.ast.expr.EmptyExpression>: null

30-03-2025T15:37:17 - [TEST_STEP][PASSED] - b310 = <not implemented yet for class: org.codehaus.groovy.ast.expr.EmptyExpression>: null

30-03-2025T15:37:17 - [TEST_STEP][PASSED] - b311 = <not implemented yet for class: org.codehaus.groovy.ast.expr.EmptyExpression>: null

30-03-2025T15:37:17 - [TEST_STEP][PASSED] - b312 = <not implemented yet for class: org.codehaus.groovy.ast.expr.EmptyExpression>: null

30-03-2025T15:37:17 - [TEST_STEP][PASSED] - b313 = <not implemented yet for class: org.codehaus.groovy.ast.expr.EmptyExpression>: null

30-03-2025T15:37:17 - [TEST_STEP][PASSED] - b314 = <not implemented yet for class: org.codehaus.groovy.ast.expr.EmptyExpression>: null

30-03-2025T15:37:17 - [TEST_STEP][PASSED] - b315 = <not implemented yet for class: org.codehaus.groovy.ast.expr.EmptyExpression>: null

30-03-2025T15:37:17 - [TEST_STEP][PASSED] - b316 = <not implemented yet for class: org.codehaus.groovy.ast.expr.EmptyExpression>: null

30-03-2025T15:37:17 - [TEST_STEP][PASSED] - b317 = <not implemented yet for class: org.codehaus.groovy.ast.expr.EmptyExpression>: null

30-03-2025T15:37:17 - [TEST_STEP][PASSED] - b318 = <not implemented yet for class: org.codehaus.groovy.ast.expr.EmptyExpression>: null

30-03-2025T15:37:17 - [TEST_STEP][PASSED] - block = 1: null

30-03-2025T15:37:17 - [TEST_STEP][PASSED] - nameOfBlock = "": null

30-03-2025T15:37:17 - [TEST_STEP][PASSED] - Script1742558545601.PreSettings(run, vir, block, nameOfBlock, typeOfData, todaysDate): null

30-03-2025T15:37:17 - [TEST_STEP][PASSED] - openBrowser(""): Browser is opened with url: ''

30-03-2025T15:37:17 - [MESSAGE][INFO] - Starting 'Chrome' driver

30-03-2025T15:37:17 - [MESSAGE][INFO] - Action delay is set to 0 milliseconds

30-03-2025T15:37:18 - [MESSAGE][PASSED] - Browser is opened with url: ''

30-03-2025T15:37:18 - [TEST_STEP][PASSED] - refresh(): Refresh successfully

30-03-2025T15:37:18 - [MESSAGE][PASSED] - Refresh successfully

30-03-2025T15:37:18 - [TEST_STEP][PASSED] - delay(50): Delayed 50 second(s)

30-03-2025T15:38:08 - [MESSAGE][PASSED] - Delayed 50 second(s)

30-03-2025T15:38:08 - [TEST_STEP][PASSED] - println("run:" + run): null

30-03-2025T15:38:08 - [TEST_STEP][PASSED] - println("vir:" + vir): null

30-03-2025T15:38:08 - [TEST_STEP][PASSED] - println("block:" + block): null

30-03-2025T15:38:08 - [TEST_STEP][PASSED] - if (block == 1): null

30-03-2025T15:38:08 - [TEST_STEP][PASSED] - nameOfBlock = "": null

30-03-2025T15:38:08 - [TEST_STEP][PASSED] - println("nameOfBlock:" + nameOfBlock): null

30-03-2025T15:38:08 - [TEST_STEP][PASSED] - println("typeOfData:" + typeOfData): null

30-03-2025T15:38:08 - [TEST_STEP][PASSED] - println("todaysDate:" + todaysDate): null

30-03-2025T15:38:08 - [TEST_STEP][PASSED] - Script1742558545601.Autorization(block, nameOfBlock): null

30-03-2025T15:38:08 - [TEST_STEP][PASSED] - i = <not implemented yet for class: org.codehaus.groovy.ast.expr.EmptyExpression>: null

30-03-2025T15:38:08 - [TEST_STEP][PASSED] - ii = <not implemented yet for class: org.codehaus.groovy.ast.expr.EmptyExpression>: null

30-03-2025T15:38:08 - [TEST_STEP][PASSED] - urlData = <not implemented yet for class: org.codehaus.groovy.ast.expr.EmptyExpression>: null

30-03-2025T15:38:08 - [TEST_STEP][PASSED] - searchWord = <not implemented yet for class: org.codehaus.groovy.ast.expr.EmptyExpression>: null

30-03-2025T15:38:08 - [TEST_STEP][PASSED] - urlText = <not implemented yet for class: org.codehaus.groovy.ast.expr.EmptyExpression>: null

30-03-2025T15:38:08 - [TEST_STEP][PASSED] - println("block:" + block): null

30-03-2025T15:38:08 - [TEST_STEP][PASSED] - if (block == 1): null

30-03-2025T15:38:08 - [TEST_STEP][PASSED] - nameOfBlock = "": null

30-03-2025T15:38:08 - [TEST_STEP][PASSED] - println("nameOfBlock:" + nameOfBlock): null

30-03-2025T15:38:08 - [TEST_STEP][PASSED] - if (block == 1): Delayed 45 second(s)

30-03-2025T15:38:08 - [TEST_STEP][PASSED] - urlData = 2: null

30-03-2025T15:38:08 - [TEST_STEP][PASSED] - delay(45): Delayed 45 second(s)

30-03-2025T15:38:53 - [MESSAGE][PASSED] - Delayed 45 second(s)

30-03-2025T15:38:53 - [TEST_STEP][PASSED] - navigateToUrl(findTestData("PlanFact").getValue(10, urlData)): Navigate to 'https://bi.rosseti.digital/viewer?dashboardGuid=2301950b23be4ed89c1df75f2020051e&sheetGuid=b723206f698544fb87299f3095c00435&fit=true' successfully

30-03-2025T15:38:56 - [MESSAGE][PASSED] - Navigate to 'https://bi.rosseti.digital/viewer?dashboardGuid=2301950b23be4ed89c1df75f2020051e&sheetGuid=b723206f698544fb87299f3095c00435&fit=true' successfully

30-03-2025T15:38:56 - [TEST_STEP][PASSED] - urlText = getText(findTestObject("Страница авторизации/Text")): Text of object 'Object Repository/Страница авторизации/Text' is: 'Вход'

30-03-2025T15:38:58 - [MESSAGE][PASSED] - Text of object 'Object Repository/Страница авторизации/Text' is: 'Вход'

30-03-2025T15:38:58 - [TEST_STEP][PASSED] - searchWord = "Вход": null

30-03-2025T15:38:58 - [TEST_STEP][PASSED] - if (urlText == null || urlText.contains("ошибка") || urlText.contains(searchWord) == false): null

30-03-2025T15:38:58 - [TEST_STEP][PASSED] - if (verifyElementPresent(findTestObject("Страница авторизации/button_"), 30) == true): null

30-03-2025T15:38:58 - [MESSAGE][PASSED] - Object 'Object Repository/Страница авторизации/button_' is present

30-03-2025T15:38:58 - [TEST_STEP][PASSED] - setText(findTestObject("Страница авторизации/input__username"), findTestData("PlanFact").getValue(8, 1)): Text 'liazgina-di' is set on object 'Object Repository/Страница авторизации/input__username'

30-03-2025T15:38:59 - [MESSAGE][PASSED] - Text 'liazgina-di' is set on object 'Object Repository/Страница авторизации/input__username'

30-03-2025T15:38:59 - [TEST_STEP][PASSED] - setText(findTestObject("Страница авторизации/input__password"), findTestData("PlanFact").getValue(9, 1)): Text ')$%5srZ8o688Dm#q' is set on object 'Object Repository/Страница авторизации/input__password'

30-03-2025T15:39:00 - [MESSAGE][PASSED] - Text ')$%5srZ8o688Dm#q' is set on object 'Object Repository/Страница авторизации/input__password'

30-03-2025T15:39:00 - [TEST_STEP][PASSED] - click(findTestObject("Страница авторизации/button_")): Object: 'Object Repository/Страница авторизации/button_' is clicked on

30-03-2025T15:39:01 - [MESSAGE][PASSED] - Object: 'Object Repository/Страница авторизации/button_' is clicked on

30-03-2025T15:39:01 - [TEST_STEP][PASSED] - delay(45): Delayed 45 second(s)

30-03-2025T15:39:46 - [MESSAGE][PASSED] - Delayed 45 second(s)

30-03-2025T15:39:46 - [TEST_STEP][PASSED] - urlText = getText(findTestObject("Страница авторизации/Text")): Text of object 'Object Repository/Страница авторизации/Text' is: 'Период
Январь, Февраль 2025 года
Выручка
Все
Выполнение плановых показателей по ПАО Россети за Январь, Февраль 2025 года
План
Факт
Динамика
2025 год
0 млн.руб.
25 000 млн.руб.
50 000 млн.руб.
75 000 млн.руб.
100 000 млн.руб.
125 000 млн.руб.
150 000 млн.руб.
175 000 млн.руб.
200 000 млн.руб.
225 000 млн.руб.
250 000 млн.руб.
275 000 млн.руб.
300 000 млн.руб.
325 000 млн.руб.
350 000 млн.руб.
375 000 млн.руб.
318 025
284 426
↓
ДЗО 
ПАО Россети
Внутренний оборот - выручка за услуги по передаче электрической энергии, учтенная в выручке за электроэнергию для конечных потребителей, при выполнении ДЗО функций гарантирующего поставщика
Подписи данных
⬤Отклонение
АО "РЭС"
АО «Тываэнерго»
АО «Чеченэнерго»
Россети Волга
Россети Кубань
Россети Ленэнерго (ГК)
Россети Московский регион
Россети Северный Кавказ (ГК)
Россети Северо-Запад
Россети Сибирь (ГК)
Россети Томск
Россети Тюмень
Россети Урал (ГК)
Россети ФСК ЕЭС
Россети Центр
Россети Центр и Приволжье (ГК)
Россети Юг (ГК)
Россети Янтарь
-30 000млн.руб.
-25 000млн.руб.
-20 000млн.руб.
-15 000млн.руб.
-10 000млн.руб.
-5 000млн.руб.
0 млн.руб.
5 00…
-170
27
-76
-270
552
-244
-1 353
-805
-232
848
-47
-1 858
-701
-28 384
-520
-484
68
50
млн.
%
Выручка
Отклонение выручки по ПАО Россети за Январь, Февраль 2025 года (факт/план, млн. руб)
ПАО Россети
-33 598.6 млн.руб.
 '

30-03-2025T15:39:47 - [MESSAGE][PASSED] - Text of object 'Object Repository/Страница авторизации/Text' is: 'Период
Январь, Февраль 2025 года
Выручка
Все
Выполнение плановых показателей по ПАО Россети за Январь, Февраль 2025 года
План
Факт
Динамика
2025 год
0 млн.руб.
25 000 млн.руб.
50 000 млн.руб.
75 000 млн.руб.
100 000 млн.руб.
125 000 млн.руб.
150 000 млн.руб.
175 000 млн.руб.
200 000 млн.руб.
225 000 млн.руб.
250 000 млн.руб.
275 000 млн.руб.
300 000 млн.руб.
325 000 млн.руб.
350 000 млн.руб.
375 000 млн.руб.
318 025
284 426
↓
ДЗО 
ПАО Россети
Внутренний оборот - выручка за услуги по передаче электрической энергии, учтенная в выручке за электроэнергию для конечных потребителей, при выполнении ДЗО функций гарантирующего поставщика
Подписи данных
⬤Отклонение
АО "РЭС"
АО «Тываэнерго»
АО «Чеченэнерго»
Россети Волга
Россети Кубань
Россети Ленэнерго (ГК)
Россети Московский регион
Россети Северный Кавказ (ГК)
Россети Северо-Запад
Россети Сибирь (ГК)
Россети Томск
Россети Тюмень
Россети Урал (ГК)
Россети ФСК ЕЭС
Россети Центр
Россети Центр и Приволжье (ГК)
Россети Юг (ГК)
Россети Янтарь
-30 000млн.руб.
-25 000млн.руб.
-20 000млн.руб.
-15 000млн.руб.
-10 000млн.руб.
-5 000млн.руб.
0 млн.руб.
5 00…
-170
27
-76
-270
552
-244
-1 353
-805
-232
848
-47
-1 858
-701
-28 384
-520
-484
68
50
млн.
%
Выручка
Отклонение выручки по ПАО Россети за Январь, Февраль 2025 года (факт/план, млн. руб)
ПАО Россети
-33 598.6 млн.руб.
 '

30-03-2025T15:39:47 - [TEST_STEP][PASSED] - searchWord = "а": null

30-03-2025T15:39:47 - [TEST_STEP][PASSED] - if (urlText.contains("ошибка") || urlText.contains(searchWord) == false): null

30-03-2025T15:39:47 - [TEST_STEP][PASSED] - delay(45): Delayed 45 second(s)

30-03-2025T15:40:32 - [MESSAGE][PASSED] - Delayed 45 second(s)

30-03-2025T15:40:32 - [TEST_STEP][PASSED] - if (block == 2): null

30-03-2025T15:40:32 - [TEST_STEP][PASSED] - click(findTestObject("Выручка в рублях/Фильтр Период" + nameOfBlock)): Object: 'Object Repository/Выручка в рублях/Фильтр Период' is clicked on

30-03-2025T15:40:32 - [MESSAGE][PASSED] - Object: 'Object Repository/Выручка в рублях/Фильтр Период' is clicked on

30-03-2025T15:40:32 - [TEST_STEP][PASSED] - click(findTestObject("Выручка в рублях/Снять выделение в фильтре Дата" + nameOfBlock)): Object: 'Object Repository/Выручка в рублях/Снять выделение в фильтре Дата' is clicked on

30-03-2025T15:40:33 - [MESSAGE][PASSED] - Object: 'Object Repository/Выручка в рублях/Снять выделение в фильтре Дата' is clicked on

30-03-2025T15:40:33 - [TEST_STEP][PASSED] - click(findTestObject("Выручка в рублях/Применить в фильтре Дата" + nameOfBlock)): Object: 'Object Repository/Выручка в рублях/Применить в фильтре Дата' is clicked on

30-03-2025T15:40:33 - [MESSAGE][PASSED] - Object: 'Object Repository/Выручка в рублях/Применить в фильтре Дата' is clicked on

30-03-2025T15:40:33 - [TEST_STEP][PASSED] - delay(50): Delayed 50 second(s)

30-03-2025T15:41:23 - [MESSAGE][PASSED] - Delayed 50 second(s)

30-03-2025T15:41:23 - [TEST_STEP][PASSED] - click(findTestObject("Выручка в рублях/Фильтр Период" + nameOfBlock)): Object: 'Object Repository/Выручка в рублях/Фильтр Период' is clicked on

30-03-2025T15:41:24 - [MESSAGE][PASSED] - Object: 'Object Repository/Выручка в рублях/Фильтр Период' is clicked on

30-03-2025T15:41:24 - [TEST_STEP][PASSED] - click(findTestObject("Выручка в рублях/Снять выделение в фильтре Дата" + nameOfBlock)): Object: 'Object Repository/Выручка в рублях/Снять выделение в фильтре Дата' is clicked on

30-03-2025T15:41:24 - [MESSAGE][PASSED] - Object: 'Object Repository/Выручка в рублях/Снять выделение в фильтре Дата' is clicked on

30-03-2025T15:41:24 - [TEST_STEP][PASSED] - scrollToElement(findTestObject("Выручка в рублях/2025 список" + nameOfBlock), 30): Scroll to object 'Object Repository/Выручка в рублях/2025 список' successfully

30-03-2025T15:41:25 - [MESSAGE][PASSED] - Scroll to object 'Object Repository/Выручка в рублях/2025 список' successfully

30-03-2025T15:41:25 - [TEST_STEP][PASSED] - click(findTestObject("Выручка в рублях/2025 список" + nameOfBlock)): Object: 'Object Repository/Выручка в рублях/2025 список' is clicked on

30-03-2025T15:41:25 - [MESSAGE][PASSED] - Object: 'Object Repository/Выручка в рублях/2025 список' is clicked on

30-03-2025T15:41:25 - [TEST_STEP][PASSED] - scrollToElement(findTestObject("Выручка в рублях/1 квартал 2025 список Выручка"), 30): Scroll to object 'Object Repository/Выручка в рублях/1 квартал 2025 список Выручка' successfully

30-03-2025T15:41:25 - [MESSAGE][PASSED] - Scroll to object 'Object Repository/Выручка в рублях/1 квартал 2025 список Выручка' successfully

30-03-2025T15:41:25 - [TEST_STEP][PASSED] - click(findTestObject("Выручка в рублях/1 квартал 2025 список" + nameOfBlock)): Object: 'Object Repository/Выручка в рублях/1 квартал 2025 список' is clicked on

30-03-2025T15:41:26 - [MESSAGE][PASSED] - Object: 'Object Repository/Выручка в рублях/1 квартал 2025 список' is clicked on

30-03-2025T15:41:26 - [TEST_STEP][PASSED] - scrollToElement(findTestObject("Выручка в рублях/Январь 2025" + nameOfBlock), 30): Scroll to object 'Object Repository/Выручка в рублях/Январь 2025' successfully

30-03-2025T15:41:26 - [MESSAGE][PASSED] - Scroll to object 'Object Repository/Выручка в рублях/Январь 2025' successfully

30-03-2025T15:41:26 - [TEST_STEP][PASSED] - click(findTestObject("Выручка в рублях/Январь 2025" + nameOfBlock)): Object: 'Object Repository/Выручка в рублях/Январь 2025' is clicked on

30-03-2025T15:41:26 - [MESSAGE][PASSED] - Object: 'Object Repository/Выручка в рублях/Январь 2025' is clicked on

30-03-2025T15:41:26 - [TEST_STEP][PASSED] - scrollToElement(findTestObject("Выручка в рублях/Февраль 2025" + nameOfBlock), 30): Scroll to object 'Object Repository/Выручка в рублях/Февраль 2025' successfully

30-03-2025T15:41:27 - [MESSAGE][PASSED] - Scroll to object 'Object Repository/Выручка в рублях/Февраль 2025' successfully

30-03-2025T15:41:27 - [TEST_STEP][PASSED] - click(findTestObject("Выручка в рублях/Февраль 2025" + nameOfBlock)): Object: 'Object Repository/Выручка в рублях/Февраль 2025' is clicked on

30-03-2025T15:41:27 - [MESSAGE][PASSED] - Object: 'Object Repository/Выручка в рублях/Февраль 2025' is clicked on

30-03-2025T15:41:27 - [TEST_STEP][PASSED] - scrollToElement(findTestObject("Выручка в рублях/Заголовок дашборда" + nameOfBlock), 30): Scroll to object 'Object Repository/Выручка в рублях/Заголовок дашборда' successfully

30-03-2025T15:41:28 - [MESSAGE][PASSED] - Scroll to object 'Object Repository/Выручка в рублях/Заголовок дашборда' successfully

30-03-2025T15:41:28 - [TEST_STEP][PASSED] - click(findTestObject("Выручка в рублях/Применить в фильтре Дата" + nameOfBlock)): Object: 'Object Repository/Выручка в рублях/Применить в фильтре Дата' is clicked on

30-03-2025T15:41:28 - [MESSAGE][PASSED] - Object: 'Object Repository/Выручка в рублях/Применить в фильтре Дата' is clicked on

30-03-2025T15:41:28 - [TEST_STEP][PASSED] - delay(55): Delayed 55 second(s)

30-03-2025T15:42:23 - [MESSAGE][PASSED] - Delayed 55 second(s)

30-03-2025T15:42:23 - [TEST_STEP][PASSED] - click(findTestObject("Выручка в рублях/Фильтр ДЗО" + nameOfBlock)): Object: 'Object Repository/Выручка в рублях/Фильтр ДЗО' is clicked on

30-03-2025T15:42:23 - [MESSAGE][PASSED] - Object: 'Object Repository/Выручка в рублях/Фильтр ДЗО' is clicked on

30-03-2025T15:42:23 - [TEST_STEP][PASSED] - click(findTestObject("Выручка в рублях/Снять выделение в фильтре ДЗО" + nameOfBlock)): Object: 'Object Repository/Выручка в рублях/Снять выделение в фильтре ДЗО' is clicked on

30-03-2025T15:42:24 - [MESSAGE][PASSED] - Object: 'Object Repository/Выручка в рублях/Снять выделение в фильтре ДЗО' is clicked on

30-03-2025T15:42:24 - [TEST_STEP][PASSED] - click(findTestObject("Выручка в рублях/Применить в фильтре ДЗО" + nameOfBlock)): Object: 'Object Repository/Выручка в рублях/Применить в фильтре ДЗО' is clicked on

30-03-2025T15:42:24 - [MESSAGE][PASSED] - Object: 'Object Repository/Выручка в рублях/Применить в фильтре ДЗО' is clicked on

30-03-2025T15:42:24 - [TEST_STEP][PASSED] - delay(50): Delayed 50 second(s)

30-03-2025T15:43:14 - [MESSAGE][PASSED] - Delayed 50 second(s)

30-03-2025T15:43:14 - [TEST_STEP][PASSED] - Script1742558545601.Tumbler(run, vir, block, nameOfBlock): null

30-03-2025T15:43:15 - [TEST_STEP][PASSED] - println("run:" + run): null

30-03-2025T15:43:15 - [TEST_STEP][PASSED] - println("vir:" + vir): null

30-03-2025T15:43:15 - [TEST_STEP][PASSED] - println("block:" + block): null

30-03-2025T15:43:15 - [TEST_STEP][PASSED] - println("nameOfBlock:" + nameOfBlock): null

30-03-2025T15:43:15 - [TEST_STEP][PASSED] - if (vir == 1): null

30-03-2025T15:43:15 - [TEST_STEP][PASSED] - else if (vir == 2): null

30-03-2025T15:43:15 - [TEST_STEP][PASSED] - else if (vir == 3): Object: 'Object Repository/Выручка в рублях/Применить в фильтре Выручка' is clicked on

30-03-2025T15:43:15 - [TEST_STEP][PASSED] - if (run == 2): null

30-03-2025T15:43:15 - [TEST_STEP][PASSED] - click(findTestObject("Выручка в рублях/Фильтр Выручка" + nameOfBlock)): Object: 'Object Repository/Выручка в рублях/Фильтр Выручка' is clicked on

30-03-2025T15:43:15 - [MESSAGE][PASSED] - Object: 'Object Repository/Выручка в рублях/Фильтр Выручка' is clicked on

30-03-2025T15:43:15 - [TEST_STEP][PASSED] - click(findTestObject("Выручка в рублях/Внутренний оборот в фильтре Выручка" + nameOfBlock)): Object: 'Object Repository/Выручка в рублях/Внутренний оборот в фильтре Выручка' is clicked on

30-03-2025T15:43:15 - [MESSAGE][PASSED] - Object: 'Object Repository/Выручка в рублях/Внутренний оборот в фильтре Выручка' is clicked on

30-03-2025T15:43:15 - [TEST_STEP][PASSED] - click(findTestObject("Выручка в рублях/Применить в фильтре Выручка" + nameOfBlock)): Object: 'Object Repository/Выручка в рублях/Применить в фильтре Выручка' is clicked on

30-03-2025T15:43:16 - [MESSAGE][PASSED] - Object: 'Object Repository/Выручка в рублях/Применить в фильтре Выручка' is clicked on

30-03-2025T15:43:16 - [TEST_STEP][PASSED] - click(findTestObject("Выручка в рублях/Фильтр ДЗО" + nameOfBlock)): Object: 'Object Repository/Выручка в рублях/Фильтр ДЗО' is clicked on

30-03-2025T15:43:18 - [MESSAGE][PASSED] - Object: 'Object Repository/Выручка в рублях/Фильтр ДЗО' is clicked on

30-03-2025T15:43:18 - [TEST_STEP][PASSED] - Script1742558545601.Rosseti(nameOfBlock): null

30-03-2025T15:43:18 - [TEST_STEP][PASSED] - println("nameOfBlock:" + nameOfBlock): null

30-03-2025T15:43:18 - [TEST_STEP][PASSED] - click(findTestObject("Выручка в рублях/ПАО Россети" + nameOfBlock)): Object: 'Object Repository/Выручка в рублях/ПАО Россети' is clicked on

30-03-2025T15:43:18 - [MESSAGE][PASSED] - Object: 'Object Repository/Выручка в рублях/ПАО Россети' is clicked on

30-03-2025T15:43:18 - [TEST_STEP][PASSED] - click(findTestObject("Выручка в рублях/Применить в фильтре ДЗО" + nameOfBlock)): Object: 'Object Repository/Выручка в рублях/Применить в фильтре ДЗО' is clicked on

30-03-2025T15:43:19 - [MESSAGE][PASSED] - Object: 'Object Repository/Выручка в рублях/Применить в фильтре ДЗО' is clicked on

30-03-2025T15:43:19 - [TEST_STEP][PASSED] - if (run == 2): null

30-03-2025T15:43:19 - [TEST_STEP][PASSED] - if (vir == 1 || vir == 2): null

30-03-2025T15:43:19 - [TEST_STEP][PASSED] - else: Text of object 'Object Repository/Выручка в рублях/vir3Plan' is: '5 663'

30-03-2025T15:43:19 - [TEST_STEP][PASSED] - a1 = getText(findTestObject("Выручка в рублях/vir3Plan")): Text of object 'Object Repository/Выручка в рублях/vir3Plan' is: '5 663'

30-03-2025T15:43:20 - [MESSAGE][PASSED] - Text of object 'Object Repository/Выручка в рублях/vir3Plan' is: '5 663'

30-03-2025T15:43:20 - [TEST_STEP][PASSED] - if (vir == 1 || vir == 2): null

30-03-2025T15:43:20 - [TEST_STEP][PASSED] - else: Text of object 'Object Repository/Выручка в рублях/vir3Fact' is: '4 846'

30-03-2025T15:43:20 - [TEST_STEP][PASSED] - a2 = getText(findTestObject("Выручка в рублях/vir3Fact")): Text of object 'Object Repository/Выручка в рублях/vir3Fact' is: '4 846'

30-03-2025T15:43:20 - [MESSAGE][PASSED] - Text of object 'Object Repository/Выручка в рублях/vir3Fact' is: '4 846'

30-03-2025T15:43:20 - [TEST_STEP][PASSED] - a30 = getText(findTestObject("Выручка в рублях/span1" + perc)): Text of object 'Object Repository/Выручка в рублях/span1' is: '-817.1 млн.руб.'

30-03-2025T15:43:20 - [MESSAGE][PASSED] - Text of object 'Object Repository/Выручка в рублях/span1' is: '-817.1 млн.руб.'

30-03-2025T15:43:20 - [TEST_STEP][PASSED] - i = a30.indexOf("млн.руб."): null

30-03-2025T15:43:20 - [TEST_STEP][PASSED] - if (i > -1): null

30-03-2025T15:43:20 - [TEST_STEP][PASSED] - a30 = a30.substring(0, i): null

30-03-2025T15:43:20 - [TEST_STEP][PASSED] - a30 = a30.replaceAll(" ", ""): null

30-03-2025T15:43:20 - [TEST_STEP][PASSED] - if (a30.contains("%")): null

30-03-2025T15:43:20 - [TEST_STEP][PASSED] - a30 = ").trim(): null

30-03-2025T15:43:20 - [TEST_STEP][PASSED] - println("a30: " + a30): null

30-03-2025T15:43:20 - [TEST_STEP][PASSED] - if (vir == 1): null

30-03-2025T15:43:20 - [TEST_STEP][PASSED] - else if (vir == 2): null

30-03-2025T15:43:20 - [TEST_STEP][PASSED] - else: Text of object 'Object Repository/Выручка в рублях/span5' is: '2'

30-03-2025T15:43:20 - [TEST_STEP][PASSED] - a32 = ").trim(): Text of object 'Object Repository/Выручка в рублях/span2' is: '28'

30-03-2025T15:43:21 - [MESSAGE][PASSED] - Text of object 'Object Repository/Выручка в рублях/span2' is: '28'

30-03-2025T15:43:21 - [TEST_STEP][PASSED] - a33 = ").trim(): Text of object 'Object Repository/Выручка в рублях/span3' is: '-76'

30-03-2025T15:43:21 - [MESSAGE][PASSED] - Text of object 'Object Repository/Выручка в рублях/span3' is: '-76'

30-03-2025T15:43:21 - [TEST_STEP][PASSED] - a38 = ").trim(): Text of object 'Object Repository/Выручка в рублях/span4' is: '-770'

30-03-2025T15:43:21 - [MESSAGE][PASSED] - Text of object 'Object Repository/Выручка в рублях/span4' is: '-770'

30-03-2025T15:43:21 - [TEST_STEP][PASSED] - a317 = ").trim(): Text of object 'Object Repository/Выручка в рублях/span5' is: '2'

30-03-2025T15:43:21 - [MESSAGE][PASSED] - Text of object 'Object Repository/Выручка в рублях/span5' is: '2'

30-03-2025T15:43:21 - [TEST_STEP][PASSED] - block = 2: null

30-03-2025T15:43:21 - [TEST_STEP][PASSED] - nameOfBlock = " Выручка": null

30-03-2025T15:43:21 - [TEST_STEP][PASSED] - Script1742558545601.PreSettings(run, vir, block, nameOfBlock, typeOfData, todaysDate): null

30-03-2025T15:43:21 - [TEST_STEP][PASSED] - openBrowser(""): Browser is opened with url: ''

30-03-2025T15:43:21 - [MESSAGE][WARNING] - A browser is already opened. Closing browser and opening a new one

30-03-2025T15:43:22 - [MESSAGE][INFO] - Starting 'Chrome' driver

30-03-2025T15:43:22 - [MESSAGE][INFO] - Action delay is set to 0 milliseconds

30-03-2025T15:43:22 - [MESSAGE][PASSED] - Browser is opened with url: ''

30-03-2025T15:43:22 - [TEST_STEP][PASSED] - refresh(): Refresh successfully

30-03-2025T15:43:22 - [MESSAGE][PASSED] - Refresh successfully

30-03-2025T15:43:22 - [TEST_STEP][PASSED] - delay(50): Delayed 50 second(s)

30-03-2025T15:44:12 - [MESSAGE][PASSED] - Delayed 50 second(s)

30-03-2025T15:44:12 - [TEST_STEP][PASSED] - println("run:" + run): null

30-03-2025T15:44:12 - [TEST_STEP][PASSED] - println("vir:" + vir): null

30-03-2025T15:44:12 - [TEST_STEP][PASSED] - println("block:" + block): null

30-03-2025T15:44:12 - [TEST_STEP][PASSED] - if (block == 1): null

30-03-2025T15:44:12 - [TEST_STEP][PASSED] - else: null

30-03-2025T15:44:12 - [TEST_STEP][PASSED] - nameOfBlock = " Выручка": null

30-03-2025T15:44:12 - [TEST_STEP][PASSED] - println("nameOfBlock:" + nameOfBlock): null

30-03-2025T15:44:12 - [TEST_STEP][PASSED] - println("typeOfData:" + typeOfData): null

30-03-2025T15:44:12 - [TEST_STEP][PASSED] - println("todaysDate:" + todaysDate): null

30-03-2025T15:44:12 - [TEST_STEP][PASSED] - Script1742558545601.Autorization(block, nameOfBlock): null

30-03-2025T15:44:12 - [TEST_STEP][PASSED] - i = <not implemented yet for class: org.codehaus.groovy.ast.expr.EmptyExpression>: null

30-03-2025T15:44:12 - [TEST_STEP][PASSED] - ii = <not implemented yet for class: org.codehaus.groovy.ast.expr.EmptyExpression>: null

30-03-2025T15:44:12 - [TEST_STEP][PASSED] - urlData = <not implemented yet for class: org.codehaus.groovy.ast.expr.EmptyExpression>: null

30-03-2025T15:44:12 - [TEST_STEP][PASSED] - searchWord = <not implemented yet for class: org.codehaus.groovy.ast.expr.EmptyExpression>: null

30-03-2025T15:44:12 - [TEST_STEP][PASSED] - urlText = <not implemented yet for class: org.codehaus.groovy.ast.expr.EmptyExpression>: null

30-03-2025T15:44:12 - [TEST_STEP][PASSED] - println("block:" + block): null

30-03-2025T15:44:12 - [TEST_STEP][PASSED] - if (block == 1): null

30-03-2025T15:44:12 - [TEST_STEP][PASSED] - else: null

30-03-2025T15:44:12 - [TEST_STEP][PASSED] - delay(45): Delayed 45 second(s)

30-03-2025T15:44:57 - [MESSAGE][PASSED] - Delayed 45 second(s)

30-03-2025T15:44:57 - [TEST_STEP][PASSED] - nameOfBlock = " Выручка": null

30-03-2025T15:44:57 - [TEST_STEP][PASSED] - println("nameOfBlock:" + nameOfBlock): null

30-03-2025T15:44:57 - [TEST_STEP][PASSED] - if (block == 1): null

30-03-2025T15:44:57 - [TEST_STEP][PASSED] - else: Delayed 45 second(s)

30-03-2025T15:44:57 - [TEST_STEP][PASSED] - urlData = 9: null

30-03-2025T15:44:57 - [TEST_STEP][PASSED] - delay(45): Delayed 45 second(s)

30-03-2025T15:45:43 - [MESSAGE][PASSED] - Delayed 45 second(s)

30-03-2025T15:45:43 - [TEST_STEP][PASSED] - navigateToUrl(findTestData("PlanFact").getValue(10, urlData)): Navigate to 'https://bi.rosseti.digital/viewer?dashboardGuid=a1fd28b3785d443cbc4d7690a1d78e31&sheetGuid=86092a20c5984827a0c87b24cac76a50&fit=true' successfully

30-03-2025T15:45:47 - [MESSAGE][PASSED] - Navigate to 'https://bi.rosseti.digital/viewer?dashboardGuid=a1fd28b3785d443cbc4d7690a1d78e31&sheetGuid=86092a20c5984827a0c87b24cac76a50&fit=true' successfully

30-03-2025T15:45:47 - [TEST_STEP][PASSED] - urlText = getText(findTestObject("Страница авторизации/Text")): Text of object 'Object Repository/Страница авторизации/Text' is: 'Вход'

30-03-2025T15:45:48 - [MESSAGE][PASSED] - Text of object 'Object Repository/Страница авторизации/Text' is: 'Вход'

30-03-2025T15:45:48 - [TEST_STEP][PASSED] - searchWord = "Вход": null

30-03-2025T15:45:48 - [TEST_STEP][PASSED] - if (urlText == null || urlText.contains("ошибка") || urlText.contains(searchWord) == false): null

30-03-2025T15:45:48 - [TEST_STEP][PASSED] - if (verifyElementPresent(findTestObject("Страница авторизации/button_"), 30) == true): null

30-03-2025T15:45:48 - [MESSAGE][PASSED] - Object 'Object Repository/Страница авторизации/button_' is present

30-03-2025T15:45:48 - [TEST_STEP][PASSED] - setText(findTestObject("Страница авторизации/input__username"), findTestData("PlanFact").getValue(8, 1)): Text 'liazgina-di' is set on object 'Object Repository/Страница авторизации/input__username'

30-03-2025T15:45:49 - [MESSAGE][PASSED] - Text 'liazgina-di' is set on object 'Object Repository/Страница авторизации/input__username'

30-03-2025T15:45:49 - [TEST_STEP][PASSED] - setText(findTestObject("Страница авторизации/input__password"), findTestData("PlanFact").getValue(9, 1)): Text ')$%5srZ8o688Dm#q' is set on object 'Object Repository/Страница авторизации/input__password'

30-03-2025T15:45:49 - [MESSAGE][PASSED] - Text ')$%5srZ8o688Dm#q' is set on object 'Object Repository/Страница авторизации/input__password'

30-03-2025T15:45:49 - [TEST_STEP][PASSED] - click(findTestObject("Страница авторизации/button_")): Object: 'Object Repository/Страница авторизации/button_' is clicked on

30-03-2025T15:45:51 - [MESSAGE][PASSED] - Object: 'Object Repository/Страница авторизации/button_' is clicked on

30-03-2025T15:45:51 - [TEST_STEP][PASSED] - delay(45): Delayed 45 second(s)

30-03-2025T15:46:36 - [MESSAGE][PASSED] - Delayed 45 second(s)

30-03-2025T15:46:36 - [TEST_STEP][PASSED] - urlText = getText(findTestObject("Страница авторизации/Text")): Text of object 'Object Repository/Страница авторизации/Text' is: 'Период
Выбрано: 2
Выручка
Все
Выполнение плановых показателей, млн.руб.
План
Факт
Динамика
2025 год
0 млн.руб.
50 000 млн.руб.
100 000 млн.руб.
150 000 млн.руб.
200 000 млн.руб.
250 000 млн.руб.
300 000 млн.руб.
350 000 млн.руб.
400 000 млн.руб.
318 025
284 426
↓
ДЗО 
Все
Подписи данных
⬤Отклонение
АО "РЭС"
АО «Тываэнерго»
АО «Чеченэнерго»
Россети Волга
Россети Кубань
Россети Ленэнерго (ГК)
Россети Московский регион
Россети Северный Кавказ (ГК)
Россети Северо-Запад
Россети Сибирь (ГК)
Россети Томск
Россети Тюмень
Россети Урал (ГК)
Россети ФСК ЕЭС
Россети Центр
Россети Центр и Приволжье (ГК)
Россети Юг (ГК)
Россети Янтарь
-30 000 млн.руб.
-27 500 млн.руб.
-25 000 млн.руб.
-22 500 млн.руб.
-20 000 млн.руб.
-17 500 млн.руб.
-15 000 млн.руб.
-12 500 млн.руб.
-10 000 млн.руб.
-7 500 млн.руб.
-5 000 млн.руб.
-2 500 млн.руб.
0 млн.руб.
2 500 млн.руб.
-170
27
-76
-270
552
-244
-1 353
-805
-232
848
-47
-1 858
-701
-28 384
-520
-484
68
50
млн.
%
Выручка
Отклонение выручки (факт/план, млн. руб) 
ПАО Россети
-33 598.6 млн.руб.
Статус данных
×
Просьба обратить внимание
Данные занесены не полностью
ВЫБРАННЫЕ ЗНАЧЕНИЯ ФИЛЬТРОВ
ДЗО | ПЕРИОД
ПАО Россети: [«Выбраны все филиалы по всем ДЗО по всем категориям»]
2025: [Янв, Фев]
*Внутренний оборот'

30-03-2025T15:46:37 - [MESSAGE][PASSED] - Text of object 'Object Repository/Страница авторизации/Text' is: 'Период
Выбрано: 2
Выручка
Все
Выполнение плановых показателей, млн.руб.
План
Факт
Динамика
2025 год
0 млн.руб.
50 000 млн.руб.
100 000 млн.руб.
150 000 млн.руб.
200 000 млн.руб.
250 000 млн.руб.
300 000 млн.руб.
350 000 млн.руб.
400 000 млн.руб.
318 025
284 426
↓
ДЗО 
Все
Подписи данных
⬤Отклонение
АО "РЭС"
АО «Тываэнерго»
АО «Чеченэнерго»
Россети Волга
Россети Кубань
Россети Ленэнерго (ГК)
Россети Московский регион
Россети Северный Кавказ (ГК)
Россети Северо-Запад
Россети Сибирь (ГК)
Россети Томск
Россети Тюмень
Россети Урал (ГК)
Россети ФСК ЕЭС
Россети Центр
Россети Центр и Приволжье (ГК)
Россети Юг (ГК)
Россети Янтарь
-30 000 млн.руб.
-27 500 млн.руб.
-25 000 млн.руб.
-22 500 млн.руб.
-20 000 млн.руб.
-17 500 млн.руб.
-15 000 млн.руб.
-12 500 млн.руб.
-10 000 млн.руб.
-7 500 млн.руб.
-5 000 млн.руб.
-2 500 млн.руб.
0 млн.руб.
2 500 млн.руб.
-170
27
-76
-270
552
-244
-1 353
-805
-232
848
-47
-1 858
-701
-28 384
-520
-484
68
50
млн.
%
Выручка
Отклонение выручки (факт/план, млн. руб) 
ПАО Россети
-33 598.6 млн.руб.
Статус данных
×
Просьба обратить внимание
Данные занесены не полностью
ВЫБРАННЫЕ ЗНАЧЕНИЯ ФИЛЬТРОВ
ДЗО | ПЕРИОД
ПАО Россети: [«Выбраны все филиалы по всем ДЗО по всем категориям»]
2025: [Янв, Фев]
*Внутренний оборот'

30-03-2025T15:46:37 - [TEST_STEP][PASSED] - searchWord = "а": null

30-03-2025T15:46:37 - [TEST_STEP][PASSED] - if (urlText.contains("ошибка") || urlText.contains(searchWord) == false): null

30-03-2025T15:46:37 - [TEST_STEP][PASSED] - delay(45): Delayed 45 second(s)

30-03-2025T15:47:22 - [MESSAGE][PASSED] - Delayed 45 second(s)

30-03-2025T15:47:22 - [TEST_STEP][PASSED] - if (block == 2): Delayed 50 second(s)

30-03-2025T15:47:22 - [TEST_STEP][PASSED] - opoveshenie = getText(findTestObject("Выручка в рублях/Просьба обратить внимание")): Text of object 'Object Repository/Выручка в рублях/Просьба обратить внимание' is: 'Просьба обратить внимание'

30-03-2025T15:47:22 - [MESSAGE][PASSED] - Text of object 'Object Repository/Выручка в рублях/Просьба обратить внимание' is: 'Просьба обратить внимание'

30-03-2025T15:47:22 - [TEST_STEP][PASSED] - if (opoveshenie == "Просьба обратить внимание"): Delayed 50 second(s)

30-03-2025T15:47:22 - [TEST_STEP][PASSED] - click(findTestObject("Выручка в рублях/Закрыть оповещение")): Object: 'Object Repository/Выручка в рублях/Закрыть оповещение' is clicked on

30-03-2025T15:47:23 - [MESSAGE][PASSED] - Object: 'Object Repository/Выручка в рублях/Закрыть оповещение' is clicked on

30-03-2025T15:47:23 - [TEST_STEP][PASSED] - delay(50): Delayed 50 second(s)

30-03-2025T15:48:13 - [MESSAGE][PASSED] - Delayed 50 second(s)

30-03-2025T15:48:13 - [TEST_STEP][PASSED] - click(findTestObject("Выручка в рублях/Фильтр Период" + nameOfBlock)): Object: 'Object Repository/Выручка в рублях/Фильтр Период Выручка' is clicked on

30-03-2025T15:48:13 - [MESSAGE][PASSED] - Object: 'Object Repository/Выручка в рублях/Фильтр Период Выручка' is clicked on

30-03-2025T15:48:13 - [TEST_STEP][PASSED] - click(findTestObject("Выручка в рублях/Снять выделение в фильтре Дата" + nameOfBlock)): Object: 'Object Repository/Выручка в рублях/Снять выделение в фильтре Дата Выручка' is clicked on

30-03-2025T15:48:14 - [MESSAGE][PASSED] - Object: 'Object Repository/Выручка в рублях/Снять выделение в фильтре Дата Выручка' is clicked on

30-03-2025T15:48:14 - [TEST_STEP][PASSED] - click(findTestObject("Выручка в рублях/Применить в фильтре Дата" + nameOfBlock)): Object: 'Object Repository/Выручка в рублях/Применить в фильтре Дата Выручка' is clicked on

30-03-2025T15:48:14 - [MESSAGE][PASSED] - Object: 'Object Repository/Выручка в рублях/Применить в фильтре Дата Выручка' is clicked on

30-03-2025T15:48:14 - [TEST_STEP][PASSED] - delay(50): Delayed 50 second(s)

30-03-2025T15:49:04 - [MESSAGE][PASSED] - Delayed 50 second(s)

30-03-2025T15:49:04 - [TEST_STEP][PASSED] - click(findTestObject("Выручка в рублях/Фильтр Период" + nameOfBlock)): Object: 'Object Repository/Выручка в рублях/Фильтр Период Выручка' is clicked on

30-03-2025T15:49:04 - [MESSAGE][PASSED] - Object: 'Object Repository/Выручка в рублях/Фильтр Период Выручка' is clicked on

30-03-2025T15:49:04 - [TEST_STEP][PASSED] - click(findTestObject("Выручка в рублях/Снять выделение в фильтре Дата" + nameOfBlock)): Object: 'Object Repository/Выручка в рублях/Снять выделение в фильтре Дата Выручка' is clicked on

30-03-2025T15:49:05 - [MESSAGE][PASSED] - Object: 'Object Repository/Выручка в рублях/Снять выделение в фильтре Дата Выручка' is clicked on

30-03-2025T15:49:05 - [TEST_STEP][PASSED] - scrollToElement(findTestObject("Выручка в рублях/2025 список" + nameOfBlock), 30): Scroll to object 'Object Repository/Выручка в рублях/2025 список Выручка' successfully

30-03-2025T15:49:05 - [MESSAGE][PASSED] - Scroll to object 'Object Repository/Выручка в рублях/2025 список Выручка' successfully

30-03-2025T15:49:05 - [TEST_STEP][PASSED] - click(findTestObject("Выручка в рублях/2025 список" + nameOfBlock)): Object: 'Object Repository/Выручка в рублях/2025 список Выручка' is clicked on

30-03-2025T15:49:06 - [MESSAGE][PASSED] - Object: 'Object Repository/Выручка в рублях/2025 список Выручка' is clicked on

30-03-2025T15:49:06 - [TEST_STEP][PASSED] - scrollToElement(findTestObject("Выручка в рублях/1 квартал 2025 список Выручка"), 30): Scroll to object 'Object Repository/Выручка в рублях/1 квартал 2025 список Выручка' successfully

30-03-2025T15:49:06 - [MESSAGE][PASSED] - Scroll to object 'Object Repository/Выручка в рублях/1 квартал 2025 список Выручка' successfully

30-03-2025T15:49:06 - [TEST_STEP][PASSED] - click(findTestObject("Выручка в рублях/1 квартал 2025 список" + nameOfBlock)): Object: 'Object Repository/Выручка в рублях/1 квартал 2025 список Выручка' is clicked on

30-03-2025T15:49:06 - [MESSAGE][PASSED] - Object: 'Object Repository/Выручка в рублях/1 квартал 2025 список Выручка' is clicked on

30-03-2025T15:49:06 - [TEST_STEP][PASSED] - scrollToElement(findTestObject("Выручка в рублях/Январь 2025" + nameOfBlock), 30): Scroll to object 'Object Repository/Выручка в рублях/Январь 2025 Выручка' successfully

30-03-2025T15:49:07 - [MESSAGE][PASSED] - Scroll to object 'Object Repository/Выручка в рублях/Январь 2025 Выручка' successfully

30-03-2025T15:49:07 - [TEST_STEP][PASSED] - click(findTestObject("Выручка в рублях/Январь 2025" + nameOfBlock)): Object: 'Object Repository/Выручка в рублях/Январь 2025 Выручка' is clicked on

30-03-2025T15:49:07 - [MESSAGE][PASSED] - Object: 'Object Repository/Выручка в рублях/Январь 2025 Выручка' is clicked on

30-03-2025T15:49:07 - [TEST_STEP][PASSED] - scrollToElement(findTestObject("Выручка в рублях/Февраль 2025" + nameOfBlock), 30): Scroll to object 'Object Repository/Выручка в рублях/Февраль 2025 Выручка' successfully

30-03-2025T15:49:08 - [MESSAGE][PASSED] - Scroll to object 'Object Repository/Выручка в рублях/Февраль 2025 Выручка' successfully

30-03-2025T15:49:08 - [TEST_STEP][PASSED] - click(findTestObject("Выручка в рублях/Февраль 2025" + nameOfBlock)): Object: 'Object Repository/Выручка в рублях/Февраль 2025 Выручка' is clicked on

30-03-2025T15:49:08 - [MESSAGE][PASSED] - Object: 'Object Repository/Выручка в рублях/Февраль 2025 Выручка' is clicked on

30-03-2025T15:49:08 - [TEST_STEP][PASSED] - scrollToElement(findTestObject("Выручка в рублях/Заголовок дашборда" + nameOfBlock), 30): Scroll to object 'Object Repository/Выручка в рублях/Заголовок дашборда Выручка' successfully

30-03-2025T15:49:08 - [MESSAGE][PASSED] - Scroll to object 'Object Repository/Выручка в рублях/Заголовок дашборда Выручка' successfully

30-03-2025T15:49:08 - [TEST_STEP][PASSED] - click(findTestObject("Выручка в рублях/Применить в фильтре Дата" + nameOfBlock)): Object: 'Object Repository/Выручка в рублях/Применить в фильтре Дата Выручка' is clicked on

30-03-2025T15:49:09 - [MESSAGE][PASSED] - Object: 'Object Repository/Выручка в рублях/Применить в фильтре Дата Выручка' is clicked on

30-03-2025T15:49:09 - [TEST_STEP][PASSED] - delay(55): Delayed 55 second(s)

30-03-2025T15:50:04 - [MESSAGE][PASSED] - Delayed 55 second(s)

30-03-2025T15:50:04 - [TEST_STEP][PASSED] - click(findTestObject("Выручка в рублях/Фильтр ДЗО" + nameOfBlock)): Object: 'Object Repository/Выручка в рублях/Фильтр ДЗО Выручка' is clicked on

30-03-2025T15:50:04 - [MESSAGE][PASSED] - Object: 'Object Repository/Выручка в рублях/Фильтр ДЗО Выручка' is clicked on

30-03-2025T15:50:04 - [TEST_STEP][PASSED] - click(findTestObject("Выручка в рублях/Снять выделение в фильтре ДЗО" + nameOfBlock)): Object: 'Object Repository/Выручка в рублях/Снять выделение в фильтре ДЗО Выручка' is clicked on

30-03-2025T15:50:05 - [MESSAGE][PASSED] - Object: 'Object Repository/Выручка в рублях/Снять выделение в фильтре ДЗО Выручка' is clicked on

30-03-2025T15:50:05 - [TEST_STEP][PASSED] - click(findTestObject("Выручка в рублях/Применить в фильтре ДЗО" + nameOfBlock)): Object: 'Object Repository/Выручка в рублях/Применить в фильтре ДЗО Выручка' is clicked on

30-03-2025T15:50:05 - [MESSAGE][PASSED] - Object: 'Object Repository/Выручка в рублях/Применить в фильтре ДЗО Выручка' is clicked on

30-03-2025T15:50:05 - [TEST_STEP][PASSED] - delay(50): Delayed 50 second(s)

30-03-2025T15:50:55 - [MESSAGE][PASSED] - Delayed 50 second(s)

30-03-2025T15:50:55 - [TEST_STEP][PASSED] - Script1742558545601.Tumbler(run, vir, block, nameOfBlock): null

30-03-2025T15:50:55 - [TEST_STEP][PASSED] - println("run:" + run): null

30-03-2025T15:50:55 - [TEST_STEP][PASSED] - println("vir:" + vir): null

30-03-2025T15:50:55 - [TEST_STEP][PASSED] - println("block:" + block): null

30-03-2025T15:50:55 - [TEST_STEP][PASSED] - println("nameOfBlock:" + nameOfBlock): null

30-03-2025T15:50:55 - [TEST_STEP][PASSED] - if (vir == 1): null

30-03-2025T15:50:55 - [TEST_STEP][PASSED] - else if (vir == 2): null

30-03-2025T15:50:55 - [TEST_STEP][PASSED] - else if (vir == 3): Object: 'Object Repository/Выручка в рублях/Применить в фильтре Выручка Выручка' is clicked on

30-03-2025T15:50:55 - [TEST_STEP][PASSED] - if (run == 2): null

30-03-2025T15:50:55 - [TEST_STEP][PASSED] - click(findTestObject("Выручка в рублях/Фильтр Выручка" + nameOfBlock)): Object: 'Object Repository/Выручка в рублях/Фильтр Выручка Выручка' is clicked on

30-03-2025T15:50:56 - [MESSAGE][PASSED] - Object: 'Object Repository/Выручка в рублях/Фильтр Выручка Выручка' is clicked on

30-03-2025T15:50:56 - [TEST_STEP][PASSED] - click(findTestObject("Выручка в рублях/Внутренний оборот в фильтре Выручка" + nameOfBlock)): Object: 'Object Repository/Выручка в рублях/Внутренний оборот в фильтре Выручка Выручка' is clicked on

30-03-2025T15:50:56 - [MESSAGE][PASSED] - Object: 'Object Repository/Выручка в рублях/Внутренний оборот в фильтре Выручка Выручка' is clicked on

30-03-2025T15:50:56 - [TEST_STEP][PASSED] - click(findTestObject("Выручка в рублях/Применить в фильтре Выручка" + nameOfBlock)): Object: 'Object Repository/Выручка в рублях/Применить в фильтре Выручка Выручка' is clicked on

30-03-2025T15:50:57 - [MESSAGE][PASSED] - Object: 'Object Repository/Выручка в рублях/Применить в фильтре Выручка Выручка' is clicked on

30-03-2025T15:50:57 - [TEST_STEP][PASSED] - click(findTestObject("Выручка в рублях/Фильтр ДЗО" + nameOfBlock)): Object: 'Object Repository/Выручка в рублях/Фильтр ДЗО Выручка' is clicked on

30-03-2025T15:50:59 - [MESSAGE][PASSED] - Object: 'Object Repository/Выручка в рублях/Фильтр ДЗО Выручка' is clicked on

30-03-2025T15:50:59 - [TEST_STEP][PASSED] - Script1742558545601.Rosseti(nameOfBlock): null

30-03-2025T15:50:59 - [TEST_STEP][PASSED] - println("nameOfBlock:" + nameOfBlock): null

30-03-2025T15:50:59 - [TEST_STEP][PASSED] - click(findTestObject("Выручка в рублях/ПАО Россети" + nameOfBlock)): Object: 'Object Repository/Выручка в рублях/ПАО Россети Выручка' is clicked on

30-03-2025T15:50:59 - [MESSAGE][PASSED] - Object: 'Object Repository/Выручка в рублях/ПАО Россети Выручка' is clicked on

30-03-2025T15:50:59 - [TEST_STEP][PASSED] - click(findTestObject("Выручка в рублях/Применить в фильтре ДЗО" + nameOfBlock)): Object: 'Object Repository/Выручка в рублях/Применить в фильтре ДЗО Выручка' is clicked on

30-03-2025T15:51:00 - [MESSAGE][PASSED] - Object: 'Object Repository/Выручка в рублях/Применить в фильтре ДЗО Выручка' is clicked on

30-03-2025T15:51:00 - [TEST_STEP][PASSED] - if (vir == 1 || vir == 2): null

30-03-2025T15:51:00 - [TEST_STEP][PASSED] - else: Text of object 'Object Repository/Выручка в рублях/vir3Plan Выручка' is: '5 663'

30-03-2025T15:51:00 - [TEST_STEP][PASSED] - b1 = getText(findTestObject("Выручка в рублях/vir3Plan Выручка")): Text of object 'Object Repository/Выручка в рублях/vir3Plan Выручка' is: '5 663'

30-03-2025T15:51:01 - [MESSAGE][PASSED] - Text of object 'Object Repository/Выручка в рублях/vir3Plan Выручка' is: '5 663'

30-03-2025T15:51:01 - [TEST_STEP][PASSED] - if (vir == 1 || vir == 2): null

30-03-2025T15:51:01 - [TEST_STEP][PASSED] - else: Text of object 'Object Repository/Выручка в рублях/vir3Fact Выручка' is: '4 846'

30-03-2025T15:51:01 - [TEST_STEP][PASSED] - b2 = getText(findTestObject("Выручка в рублях/vir3Fact Выручка")): Text of object 'Object Repository/Выручка в рублях/vir3Fact Выручка' is: '4 846'

30-03-2025T15:51:02 - [MESSAGE][PASSED] - Text of object 'Object Repository/Выручка в рублях/vir3Fact Выручка' is: '4 846'

30-03-2025T15:51:02 - [TEST_STEP][PASSED] - b30 = getText(findTestObject("Выручка в рублях/span1" + perc)): Text of object 'Object Repository/Выручка в рублях/span1' is: '-817.1 млн.руб.'

30-03-2025T15:51:02 - [MESSAGE][PASSED] - Text of object 'Object Repository/Выручка в рублях/span1' is: '-817.1 млн.руб.'

30-03-2025T15:51:02 - [TEST_STEP][PASSED] - i = b30.indexOf("млн.руб."): null

30-03-2025T15:51:02 - [TEST_STEP][PASSED] - if (i > -1): null

30-03-2025T15:51:02 - [TEST_STEP][PASSED] - b30 = b30.substring(0, i): null

30-03-2025T15:51:02 - [TEST_STEP][PASSED] - b30 = b30.replaceAll(" ", ""): null

30-03-2025T15:51:02 - [TEST_STEP][PASSED] - if (b30.contains("%")): null

30-03-2025T15:51:02 - [TEST_STEP][PASSED] - b30 = ").trim(): null

30-03-2025T15:51:02 - [TEST_STEP][PASSED] - println("b30: " + b30): null

30-03-2025T15:51:02 - [TEST_STEP][PASSED] - if (vir == 1): null

30-03-2025T15:51:02 - [TEST_STEP][PASSED] - else if (vir == 2): null

30-03-2025T15:51:02 - [TEST_STEP][PASSED] - else: Text of object 'Object Repository/Выручка в рублях/span5' is: '2'

30-03-2025T15:51:02 - [TEST_STEP][PASSED] - b32 = ").trim(): Text of object 'Object Repository/Выручка в рублях/span2' is: '28'

30-03-2025T15:51:02 - [MESSAGE][PASSED] - Text of object 'Object Repository/Выручка в рублях/span2' is: '28'

30-03-2025T15:51:02 - [TEST_STEP][PASSED] - b33 = ").trim(): Text of object 'Object Repository/Выручка в рублях/span3' is: '-76'

30-03-2025T15:51:03 - [MESSAGE][PASSED] - Text of object 'Object Repository/Выручка в рублях/span3' is: '-76'

30-03-2025T15:51:03 - [TEST_STEP][PASSED] - b38 = ").trim(): Text of object 'Object Repository/Выручка в рублях/span4' is: '-770'

30-03-2025T15:51:03 - [MESSAGE][PASSED] - Text of object 'Object Repository/Выручка в рублях/span4' is: '-770'

30-03-2025T15:51:03 - [TEST_STEP][PASSED] - b317 = ").trim(): Text of object 'Object Repository/Выручка в рублях/span5' is: '2'

30-03-2025T15:51:03 - [MESSAGE][PASSED] - Text of object 'Object Repository/Выручка в рублях/span5' is: '2'

30-03-2025T15:51:03 - [TEST_STEP][PASSED] - dZO = "ПАО Россети": null

30-03-2025T15:51:03 - [TEST_STEP][PASSED] - if (verifyEqual(a1, b1) == false): Actual object '5 663' and expected object '5 663' are equal

30-03-2025T15:51:03 - [MESSAGE][PASSED] - Actual object '5 663' and expected object '5 663' are equal

30-03-2025T15:51:03 - [TEST_STEP][PASSED] - if (verifyEqual(a2, b2) == false): Actual object '4 846' and expected object '4 846' are equal

30-03-2025T15:51:03 - [MESSAGE][PASSED] - Actual object '4 846' and expected object '4 846' are equal

30-03-2025T15:51:03 - [TEST_STEP][PASSED] - vidget = "Отклонения": null

30-03-2025T15:51:03 - [TEST_STEP][PASSED] - if (verifyEqual(a30, b30) == false): Actual object '-817.1' and expected object '-817.1' are equal

30-03-2025T15:51:03 - [MESSAGE][PASSED] - Actual object '-817.1' and expected object '-817.1' are equal

30-03-2025T15:51:03 - [TEST_STEP][PASSED] - dZO = "АО «РЭС»": null

30-03-2025T15:51:03 - [TEST_STEP][PASSED] - if (verifyEqual(a31, b31) == false): Actual object 'null' and expected object 'null' are equal

30-03-2025T15:51:03 - [MESSAGE][PASSED] - Actual object 'null' and expected object 'null' are equal

30-03-2025T15:51:03 - [TEST_STEP][PASSED] - dZO = "АО «Тываэнерго»": null

30-03-2025T15:51:03 - [TEST_STEP][PASSED] - if (verifyEqual(a32, b32) == false): Actual object '28' and expected object '28' are equal

30-03-2025T15:51:03 - [MESSAGE][PASSED] - Actual object '28' and expected object '28' are equal

30-03-2025T15:51:03 - [TEST_STEP][PASSED] - dZO = "АО «Чеченэнерго»": null

30-03-2025T15:51:03 - [TEST_STEP][PASSED] - if (verifyEqual(a33, b33) == false): Actual object '-76' and expected object '-76' are equal

30-03-2025T15:51:03 - [MESSAGE][PASSED] - Actual object '-76' and expected object '-76' are equal

30-03-2025T15:51:03 - [TEST_STEP][PASSED] - dZO = "Россети Волга": null

30-03-2025T15:51:03 - [TEST_STEP][PASSED] - if (verifyEqual(a34, b34) == false): Actual object 'null' and expected object 'null' are equal

30-03-2025T15:51:03 - [MESSAGE][PASSED] - Actual object 'null' and expected object 'null' are equal

30-03-2025T15:51:03 - [TEST_STEP][PASSED] - dZO = "Россети Кубань": null

30-03-2025T15:51:03 - [TEST_STEP][PASSED] - if (verifyEqual(a35, b35) == false): Actual object 'null' and expected object 'null' are equal

30-03-2025T15:51:03 - [MESSAGE][PASSED] - Actual object 'null' and expected object 'null' are equal

30-03-2025T15:51:03 - [TEST_STEP][PASSED] - dZO = "Россети Ленэнерго (ГК)": null

30-03-2025T15:51:03 - [TEST_STEP][PASSED] - if (verifyEqual(a36, b36) == false): Actual object 'null' and expected object 'null' are equal

30-03-2025T15:51:03 - [MESSAGE][PASSED] - Actual object 'null' and expected object 'null' are equal

30-03-2025T15:51:03 - [TEST_STEP][PASSED] - dZO = "Россети Московский регион": null

30-03-2025T15:51:03 - [TEST_STEP][PASSED] - if (verifyEqual(a37, b37) == false): Actual object 'null' and expected object 'null' are equal

30-03-2025T15:51:03 - [MESSAGE][PASSED] - Actual object 'null' and expected object 'null' are equal

30-03-2025T15:51:03 - [TEST_STEP][PASSED] - dZO = "Россети Северный Кавказ (ГК)": null

30-03-2025T15:51:03 - [TEST_STEP][PASSED] - if (verifyEqual(a38, b38) == false): Actual object '-770' and expected object '-770' are equal

30-03-2025T15:51:03 - [MESSAGE][PASSED] - Actual object '-770' and expected object '-770' are equal

30-03-2025T15:51:03 - [TEST_STEP][PASSED] - dZO = "Россети Северо-Запад": null

30-03-2025T15:51:03 - [TEST_STEP][PASSED] - if (verifyEqual(a39, b39) == false): Actual object 'null' and expected object 'null' are equal

30-03-2025T15:51:03 - [MESSAGE][PASSED] - Actual object 'null' and expected object 'null' are equal

30-03-2025T15:51:03 - [TEST_STEP][PASSED] - dZO = "Россети Сибирь (ГК)": null

30-03-2025T15:51:03 - [TEST_STEP][PASSED] - if (verifyEqual(a310, b310) == false): Actual object 'null' and expected object 'null' are equal

30-03-2025T15:51:03 - [MESSAGE][PASSED] - Actual object 'null' and expected object 'null' are equal

30-03-2025T15:51:03 - [TEST_STEP][PASSED] - dZO = "Россети Томск": null

30-03-2025T15:51:03 - [TEST_STEP][PASSED] - if (verifyEqual(a311, b311) == false): Actual object 'null' and expected object 'null' are equal

30-03-2025T15:51:03 - [MESSAGE][PASSED] - Actual object 'null' and expected object 'null' are equal

30-03-2025T15:51:03 - [TEST_STEP][PASSED] - dZO = "Россети Тюмень": null

30-03-2025T15:51:03 - [TEST_STEP][PASSED] - if (verifyEqual(a312, b312) == false): Actual object 'null' and expected object 'null' are equal

30-03-2025T15:51:03 - [MESSAGE][PASSED] - Actual object 'null' and expected object 'null' are equal

30-03-2025T15:51:03 - [TEST_STEP][PASSED] - dZO = "Россети Урал (ГК)": null

30-03-2025T15:51:03 - [TEST_STEP][PASSED] - if (verifyEqual(a313, b313) == false): Actual object 'null' and expected object 'null' are equal

30-03-2025T15:51:03 - [MESSAGE][PASSED] - Actual object 'null' and expected object 'null' are equal

30-03-2025T15:51:03 - [TEST_STEP][PASSED] - dZO = "Россети ФСК ЕЭС": null

30-03-2025T15:51:03 - [TEST_STEP][PASSED] - if (verifyEqual(a314, b314) == false): Actual object 'null' and expected object 'null' are equal

30-03-2025T15:51:03 - [MESSAGE][PASSED] - Actual object 'null' and expected object 'null' are equal

30-03-2025T15:51:03 - [TEST_STEP][PASSED] - dZO = "Россети Центр": null

30-03-2025T15:51:03 - [TEST_STEP][PASSED] - if (verifyEqual(a315, b315) == false): Actual object 'null' and expected object 'null' are equal

30-03-2025T15:51:03 - [MESSAGE][PASSED] - Actual object 'null' and expected object 'null' are equal

30-03-2025T15:51:03 - [TEST_STEP][PASSED] - dZO = "Россети Центр и Приволжье (ГК)": null

30-03-2025T15:51:03 - [TEST_STEP][PASSED] - if (verifyEqual(a316, b316) == false): Actual object 'null' and expected object 'null' are equal

30-03-2025T15:51:03 - [MESSAGE][PASSED] - Actual object 'null' and expected object 'null' are equal

30-03-2025T15:51:03 - [TEST_STEP][PASSED] - dZO = "Россети Юг (ГК)": null

30-03-2025T15:51:03 - [TEST_STEP][PASSED] - if (verifyEqual(a317, b317) == false): Actual object '2' and expected object '2' are equal

30-03-2025T15:51:03 - [MESSAGE][PASSED] - Actual object '2' and expected object '2' are equal

30-03-2025T15:51:03 - [TEST_STEP][PASSED] - dZO = "Россети Янтарь": null

30-03-2025T15:51:03 - [TEST_STEP][PASSED] - if (verifyEqual(a318, b318) == false): Actual object 'null' and expected object 'null' are equal

30-03-2025T15:51:03 - [MESSAGE][PASSED] - Actual object 'null' and expected object 'null' are equal

30-03-2025T15:51:03 - [TEST_STEP][PASSED] - closeBrowser(): null

30-03-2025T15:51:03 - [MESSAGE][PASSED] - Browser is closed

30-03-2025T15:51:03 - [TEST_STEP][PASSED] - Script1742558545601.ViruchkaChange(run, vir, block, nameOfBlock, typeOfData, viruchka, vidget, todaysDate, a, b, dZO, x, y): null

30-03-2025T15:51:03 - [TEST_STEP][PASSED] - for ([vir = 1, vir < 4, (vir++)]): null

30-03-2025T15:51:03 - [TEST_STEP][PASSED] - Script1742558545601.Blocks(run, vir, block, nameOfBlock, typeOfData, viruchka, vidget, todaysDate, a, b, dZO, x, y): null

30-03-2025T15:51:03 - [TEST_STEP][PASSED] - i = <not implemented yet for class: org.codehaus.groovy.ast.expr.EmptyExpression>: null

30-03-2025T15:51:03 - [TEST_STEP][PASSED] - perc = "": null

30-03-2025T15:51:03 - [TEST_STEP][PASSED] - a1 = <not implemented yet for class: org.codehaus.groovy.ast.expr.EmptyExpression>: null

30-03-2025T15:51:03 - [TEST_STEP][PASSED] - a2 = <not implemented yet for class: org.codehaus.groovy.ast.expr.EmptyExpression>: null

30-03-2025T15:51:03 - [TEST_STEP][PASSED] - a30 = <not implemented yet for class: org.codehaus.groovy.ast.expr.EmptyExpression>: null

30-03-2025T15:51:03 - [TEST_STEP][PASSED] - a31 = <not implemented yet for class: org.codehaus.groovy.ast.expr.EmptyExpression>: null

30-03-2025T15:51:03 - [TEST_STEP][PASSED] - a32 = <not implemented yet for class: org.codehaus.groovy.ast.expr.EmptyExpression>: null

30-03-2025T15:51:03 - [TEST_STEP][PASSED] - a33 = <not implemented yet for class: org.codehaus.groovy.ast.expr.EmptyExpression>: null

30-03-2025T15:51:03 - [TEST_STEP][PASSED] - a34 = <not implemented yet for class: org.codehaus.groovy.ast.expr.EmptyExpression>: null

30-03-2025T15:51:03 - [TEST_STEP][PASSED] - a35 = <not implemented yet for class: org.codehaus.groovy.ast.expr.EmptyExpression>: null

30-03-2025T15:51:03 - [TEST_STEP][PASSED] - a36 = <not implemented yet for class: org.codehaus.groovy.ast.expr.EmptyExpression>: null

30-03-2025T15:51:03 - [TEST_STEP][PASSED] - a37 = <not implemented yet for class: org.codehaus.groovy.ast.expr.EmptyExpression>: null

30-03-2025T15:51:03 - [TEST_STEP][PASSED] - a38 = <not implemented yet for class: org.codehaus.groovy.ast.expr.EmptyExpression>: null

30-03-2025T15:51:03 - [TEST_STEP][PASSED] - a39 = <not implemented yet for class: org.codehaus.groovy.ast.expr.EmptyExpression>: null

30-03-2025T15:51:03 - [TEST_STEP][PASSED] - a310 = <not implemented yet for class: org.codehaus.groovy.ast.expr.EmptyExpression>: null

30-03-2025T15:51:03 - [TEST_STEP][PASSED] - a311 = <not implemented yet for class: org.codehaus.groovy.ast.expr.EmptyExpression>: null

30-03-2025T15:51:03 - [TEST_STEP][PASSED] - a312 = <not implemented yet for class: org.codehaus.groovy.ast.expr.EmptyExpression>: null

30-03-2025T15:51:03 - [TEST_STEP][PASSED] - a313 = <not implemented yet for class: org.codehaus.groovy.ast.expr.EmptyExpression>: null

30-03-2025T15:51:03 - [TEST_STEP][PASSED] - a314 = <not implemented yet for class: org.codehaus.groovy.ast.expr.EmptyExpression>: null

30-03-2025T15:51:03 - [TEST_STEP][PASSED] - a315 = <not implemented yet for class: org.codehaus.groovy.ast.expr.EmptyExpression>: null

30-03-2025T15:51:03 - [TEST_STEP][PASSED] - a316 = <not implemented yet for class: org.codehaus.groovy.ast.expr.EmptyExpression>: null

30-03-2025T15:51:03 - [TEST_STEP][PASSED] - a317 = <not implemented yet for class: org.codehaus.groovy.ast.expr.EmptyExpression>: null

30-03-2025T15:51:03 - [TEST_STEP][PASSED] - a318 = <not implemented yet for class: org.codehaus.groovy.ast.expr.EmptyExpression>: null

30-03-2025T15:51:03 - [TEST_STEP][PASSED] - b1 = <not implemented yet for class: org.codehaus.groovy.ast.expr.EmptyExpression>: null

30-03-2025T15:51:03 - [TEST_STEP][PASSED] - b2 = <not implemented yet for class: org.codehaus.groovy.ast.expr.EmptyExpression>: null

30-03-2025T15:51:03 - [TEST_STEP][PASSED] - b30 = <not implemented yet for class: org.codehaus.groovy.ast.expr.EmptyExpression>: null

30-03-2025T15:51:03 - [TEST_STEP][PASSED] - b31 = <not implemented yet for class: org.codehaus.groovy.ast.expr.EmptyExpression>: null

30-03-2025T15:51:03 - [TEST_STEP][PASSED] - b32 = <not implemented yet for class: org.codehaus.groovy.ast.expr.EmptyExpression>: null

30-03-2025T15:51:03 - [TEST_STEP][PASSED] - b33 = <not implemented yet for class: org.codehaus.groovy.ast.expr.EmptyExpression>: null

30-03-2025T15:51:03 - [TEST_STEP][PASSED] - b34 = <not implemented yet for class: org.codehaus.groovy.ast.expr.EmptyExpression>: null

30-03-2025T15:51:03 - [TEST_STEP][PASSED] - b35 = <not implemented yet for class: org.codehaus.groovy.ast.expr.EmptyExpression>: null

30-03-2025T15:51:03 - [TEST_STEP][PASSED] - b36 = <not implemented yet for class: org.codehaus.groovy.ast.expr.EmptyExpression>: null

30-03-2025T15:51:03 - [TEST_STEP][PASSED] - b37 = <not implemented yet for class: org.codehaus.groovy.ast.expr.EmptyExpression>: null

30-03-2025T15:51:03 - [TEST_STEP][PASSED] - b38 = <not implemented yet for class: org.codehaus.groovy.ast.expr.EmptyExpression>: null

30-03-2025T15:51:03 - [TEST_STEP][PASSED] - b39 = <not implemented yet for class: org.codehaus.groovy.ast.expr.EmptyExpression>: null

30-03-2025T15:51:03 - [TEST_STEP][PASSED] - b310 = <not implemented yet for class: org.codehaus.groovy.ast.expr.EmptyExpression>: null

30-03-2025T15:51:03 - [TEST_STEP][PASSED] - b311 = <not implemented yet for class: org.codehaus.groovy.ast.expr.EmptyExpression>: null

30-03-2025T15:51:03 - [TEST_STEP][PASSED] - b312 = <not implemented yet for class: org.codehaus.groovy.ast.expr.EmptyExpression>: null

30-03-2025T15:51:03 - [TEST_STEP][PASSED] - b313 = <not implemented yet for class: org.codehaus.groovy.ast.expr.EmptyExpression>: null

30-03-2025T15:51:03 - [TEST_STEP][PASSED] - b314 = <not implemented yet for class: org.codehaus.groovy.ast.expr.EmptyExpression>: null

30-03-2025T15:51:03 - [TEST_STEP][PASSED] - b315 = <not implemented yet for class: org.codehaus.groovy.ast.expr.EmptyExpression>: null

30-03-2025T15:51:03 - [TEST_STEP][PASSED] - b316 = <not implemented yet for class: org.codehaus.groovy.ast.expr.EmptyExpression>: null

30-03-2025T15:51:03 - [TEST_STEP][PASSED] - b317 = <not implemented yet for class: org.codehaus.groovy.ast.expr.EmptyExpression>: null

30-03-2025T15:51:03 - [TEST_STEP][PASSED] - b318 = <not implemented yet for class: org.codehaus.groovy.ast.expr.EmptyExpression>: null

30-03-2025T15:51:03 - [TEST_STEP][PASSED] - block = 1: null

30-03-2025T15:51:03 - [TEST_STEP][PASSED] - nameOfBlock = "": null

30-03-2025T15:51:03 - [TEST_STEP][PASSED] - Script1742558545601.PreSettings(run, vir, block, nameOfBlock, typeOfData, todaysDate): null

30-03-2025T15:51:03 - [TEST_STEP][PASSED] - openBrowser(""): Browser is opened with url: ''

30-03-2025T15:51:03 - [MESSAGE][INFO] - Starting 'Chrome' driver

30-03-2025T15:51:03 - [MESSAGE][INFO] - Action delay is set to 0 milliseconds

30-03-2025T15:51:04 - [MESSAGE][PASSED] - Browser is opened with url: ''

30-03-2025T15:51:04 - [TEST_STEP][PASSED] - refresh(): Refresh successfully

30-03-2025T15:51:04 - [MESSAGE][PASSED] - Refresh successfully

30-03-2025T15:51:04 - [TEST_STEP][PASSED] - delay(50): Delayed 50 second(s)

30-03-2025T15:51:54 - [MESSAGE][PASSED] - Delayed 50 second(s)

30-03-2025T15:51:54 - [TEST_STEP][PASSED] - println("run:" + run): null

30-03-2025T15:51:54 - [TEST_STEP][PASSED] - println("vir:" + vir): null

30-03-2025T15:51:54 - [TEST_STEP][PASSED] - println("block:" + block): null

30-03-2025T15:51:54 - [TEST_STEP][PASSED] - if (block == 1): null

30-03-2025T15:51:54 - [TEST_STEP][PASSED] - nameOfBlock = "": null

30-03-2025T15:51:54 - [TEST_STEP][PASSED] - println("nameOfBlock:" + nameOfBlock): null

30-03-2025T15:51:54 - [TEST_STEP][PASSED] - println("typeOfData:" + typeOfData): null

30-03-2025T15:51:54 - [TEST_STEP][PASSED] - println("todaysDate:" + todaysDate): null

30-03-2025T15:51:54 - [TEST_STEP][PASSED] - Script1742558545601.Autorization(block, nameOfBlock): null

30-03-2025T15:51:54 - [TEST_STEP][PASSED] - i = <not implemented yet for class: org.codehaus.groovy.ast.expr.EmptyExpression>: null

30-03-2025T15:51:54 - [TEST_STEP][PASSED] - ii = <not implemented yet for class: org.codehaus.groovy.ast.expr.EmptyExpression>: null

30-03-2025T15:51:54 - [TEST_STEP][PASSED] - urlData = <not implemented yet for class: org.codehaus.groovy.ast.expr.EmptyExpression>: null

30-03-2025T15:51:54 - [TEST_STEP][PASSED] - searchWord = <not implemented yet for class: org.codehaus.groovy.ast.expr.EmptyExpression>: null

30-03-2025T15:51:54 - [TEST_STEP][PASSED] - urlText = <not implemented yet for class: org.codehaus.groovy.ast.expr.EmptyExpression>: null

30-03-2025T15:51:54 - [TEST_STEP][PASSED] - println("block:" + block): null

30-03-2025T15:51:54 - [TEST_STEP][PASSED] - if (block == 1): null

30-03-2025T15:51:54 - [TEST_STEP][PASSED] - nameOfBlock = "": null

30-03-2025T15:51:54 - [TEST_STEP][PASSED] - println("nameOfBlock:" + nameOfBlock): null

30-03-2025T15:51:54 - [TEST_STEP][PASSED] - if (block == 1): Delayed 45 second(s)

30-03-2025T15:51:54 - [TEST_STEP][PASSED] - urlData = 2: null

30-03-2025T15:51:54 - [TEST_STEP][PASSED] - delay(45): Delayed 45 second(s)

30-03-2025T15:52:39 - [MESSAGE][PASSED] - Delayed 45 second(s)

30-03-2025T15:52:39 - [TEST_STEP][PASSED] - navigateToUrl(findTestData("PlanFact").getValue(10, urlData)): Navigate to 'https://bi.rosseti.digital/viewer?dashboardGuid=2301950b23be4ed89c1df75f2020051e&sheetGuid=b723206f698544fb87299f3095c00435&fit=true' successfully

30-03-2025T15:52:44 - [MESSAGE][PASSED] - Navigate to 'https://bi.rosseti.digital/viewer?dashboardGuid=2301950b23be4ed89c1df75f2020051e&sheetGuid=b723206f698544fb87299f3095c00435&fit=true' successfully

30-03-2025T15:52:44 - [TEST_STEP][PASSED] - urlText = getText(findTestObject("Страница авторизации/Text")): Text of object 'Object Repository/Страница авторизации/Text' is: 'Вход'

30-03-2025T15:52:45 - [MESSAGE][PASSED] - Text of object 'Object Repository/Страница авторизации/Text' is: 'Вход'

30-03-2025T15:52:45 - [TEST_STEP][PASSED] - searchWord = "Вход": null

30-03-2025T15:52:45 - [TEST_STEP][PASSED] - if (urlText == null || urlText.contains("ошибка") || urlText.contains(searchWord) == false): null

30-03-2025T15:52:45 - [TEST_STEP][PASSED] - if (verifyElementPresent(findTestObject("Страница авторизации/button_"), 30) == true): null

30-03-2025T15:52:46 - [MESSAGE][PASSED] - Object 'Object Repository/Страница авторизации/button_' is present

30-03-2025T15:52:46 - [TEST_STEP][PASSED] - setText(findTestObject("Страница авторизации/input__username"), findTestData("PlanFact").getValue(8, 1)): Text 'liazgina-di' is set on object 'Object Repository/Страница авторизации/input__username'

30-03-2025T15:52:46 - [MESSAGE][PASSED] - Text 'liazgina-di' is set on object 'Object Repository/Страница авторизации/input__username'

30-03-2025T15:52:46 - [TEST_STEP][PASSED] - setText(findTestObject("Страница авторизации/input__password"), findTestData("PlanFact").getValue(9, 1)): Text ')$%5srZ8o688Dm#q' is set on object 'Object Repository/Страница авторизации/input__password'

30-03-2025T15:52:47 - [MESSAGE][PASSED] - Text ')$%5srZ8o688Dm#q' is set on object 'Object Repository/Страница авторизации/input__password'

30-03-2025T15:52:47 - [TEST_STEP][PASSED] - click(findTestObject("Страница авторизации/button_")): Object: 'Object Repository/Страница авторизации/button_' is clicked on

30-03-2025T15:52:48 - [MESSAGE][PASSED] - Object: 'Object Repository/Страница авторизации/button_' is clicked on

30-03-2025T15:52:48 - [TEST_STEP][PASSED] - delay(45): Delayed 45 second(s)

30-03-2025T15:53:33 - [MESSAGE][PASSED] - Delayed 45 second(s)

30-03-2025T15:53:33 - [TEST_STEP][PASSED] - urlText = getText(findTestObject("Страница авторизации/Text")): Text of object 'Object Repository/Страница авторизации/Text' is: 'Период
Январь, Февраль 2025 года
Выручка
Все
Выполнение плановых показателей по ПАО Россети за Январь, Февраль 2025 года
План
Факт
Динамика
2025 год
0 млн.руб.
25 000 млн.руб.
50 000 млн.руб.
75 000 млн.руб.
100 000 млн.руб.
125 000 млн.руб.
150 000 млн.руб.
175 000 млн.руб.
200 000 млн.руб.
225 000 млн.руб.
250 000 млн.руб.
275 000 млн.руб.
300 000 млн.руб.
325 000 млн.руб.
350 000 млн.руб.
375 000 млн.руб.
318 025
284 426
↓
ДЗО 
ПАО Россети
Внутренний оборот - выручка за услуги по передаче электрической энергии, учтенная в выручке за электроэнергию для конечных потребителей, при выполнении ДЗО функций гарантирующего поставщика
Подписи данных
⬤Отклонение
АО "РЭС"
АО «Тываэнерго»
АО «Чеченэнерго»
Россети Волга
Россети Кубань
Россети Ленэнерго (ГК)
Россети Московский регион
Россети Северный Кавказ (ГК)
Россети Северо-Запад
Россети Сибирь (ГК)
Россети Томск
Россети Тюмень
Россети Урал (ГК)
Россети ФСК ЕЭС
Россети Центр
Россети Центр и Приволжье (ГК)
Россети Юг (ГК)
Россети Янтарь
-30 000млн.руб.
-25 000млн.руб.
-20 000млн.руб.
-15 000млн.руб.
-10 000млн.руб.
-5 000млн.руб.
0 млн.руб.
5 00…
-170
27
-76
-270
552
-244
-1 353
-805
-232
848
-47
-1 858
-701
-28 384
-520
-484
68
50
млн.
%
Выручка
Отклонение выручки по ПАО Россети за Январь, Февраль 2025 года (факт/план, млн. руб)
ПАО Россети
-33 598.6 млн.руб.
 '

30-03-2025T15:53:34 - [MESSAGE][PASSED] - Text of object 'Object Repository/Страница авторизации/Text' is: 'Период
Январь, Февраль 2025 года
Выручка
Все
Выполнение плановых показателей по ПАО Россети за Январь, Февраль 2025 года
План
Факт
Динамика
2025 год
0 млн.руб.
25 000 млн.руб.
50 000 млн.руб.
75 000 млн.руб.
100 000 млн.руб.
125 000 млн.руб.
150 000 млн.руб.
175 000 млн.руб.
200 000 млн.руб.
225 000 млн.руб.
250 000 млн.руб.
275 000 млн.руб.
300 000 млн.руб.
325 000 млн.руб.
350 000 млн.руб.
375 000 млн.руб.
318 025
284 426
↓
ДЗО 
ПАО Россети
Внутренний оборот - выручка за услуги по передаче электрической энергии, учтенная в выручке за электроэнергию для конечных потребителей, при выполнении ДЗО функций гарантирующего поставщика
Подписи данных
⬤Отклонение
АО "РЭС"
АО «Тываэнерго»
АО «Чеченэнерго»
Россети Волга
Россети Кубань
Россети Ленэнерго (ГК)
Россети Московский регион
Россети Северный Кавказ (ГК)
Россети Северо-Запад
Россети Сибирь (ГК)
Россети Томск
Россети Тюмень
Россети Урал (ГК)
Россети ФСК ЕЭС
Россети Центр
Россети Центр и Приволжье (ГК)
Россети Юг (ГК)
Россети Янтарь
-30 000млн.руб.
-25 000млн.руб.
-20 000млн.руб.
-15 000млн.руб.
-10 000млн.руб.
-5 000млн.руб.
0 млн.руб.
5 00…
-170
27
-76
-270
552
-244
-1 353
-805
-232
848
-47
-1 858
-701
-28 384
-520
-484
68
50
млн.
%
Выручка
Отклонение выручки по ПАО Россети за Январь, Февраль 2025 года (факт/план, млн. руб)
ПАО Россети
-33 598.6 млн.руб.
 '

30-03-2025T15:53:34 - [TEST_STEP][PASSED] - searchWord = "а": null

30-03-2025T15:53:34 - [TEST_STEP][PASSED] - if (urlText.contains("ошибка") || urlText.contains(searchWord) == false): null

30-03-2025T15:53:34 - [TEST_STEP][PASSED] - delay(45): Delayed 45 second(s)

30-03-2025T15:54:19 - [MESSAGE][PASSED] - Delayed 45 second(s)

30-03-2025T15:54:19 - [TEST_STEP][PASSED] - if (block == 2): null

30-03-2025T15:54:19 - [TEST_STEP][PASSED] - click(findTestObject("Выручка в рублях/Фильтр Период" + nameOfBlock)): Object: 'Object Repository/Выручка в рублях/Фильтр Период' is clicked on

30-03-2025T15:54:19 - [MESSAGE][PASSED] - Object: 'Object Repository/Выручка в рублях/Фильтр Период' is clicked on

30-03-2025T15:54:19 - [TEST_STEP][PASSED] - click(findTestObject("Выручка в рублях/Снять выделение в фильтре Дата" + nameOfBlock)): Object: 'Object Repository/Выручка в рублях/Снять выделение в фильтре Дата' is clicked on

30-03-2025T15:54:20 - [MESSAGE][PASSED] - Object: 'Object Repository/Выручка в рублях/Снять выделение в фильтре Дата' is clicked on

30-03-2025T15:54:20 - [TEST_STEP][PASSED] - click(findTestObject("Выручка в рублях/Применить в фильтре Дата" + nameOfBlock)): Object: 'Object Repository/Выручка в рублях/Применить в фильтре Дата' is clicked on

30-03-2025T15:54:20 - [MESSAGE][PASSED] - Object: 'Object Repository/Выручка в рублях/Применить в фильтре Дата' is clicked on

30-03-2025T15:54:20 - [TEST_STEP][PASSED] - delay(50): Delayed 50 second(s)

30-03-2025T15:55:10 - [MESSAGE][PASSED] - Delayed 50 second(s)

30-03-2025T15:55:10 - [TEST_STEP][PASSED] - click(findTestObject("Выручка в рублях/Фильтр Период" + nameOfBlock)): Object: 'Object Repository/Выручка в рублях/Фильтр Период' is clicked on

30-03-2025T15:55:11 - [MESSAGE][PASSED] - Object: 'Object Repository/Выручка в рублях/Фильтр Период' is clicked on

30-03-2025T15:55:11 - [TEST_STEP][PASSED] - click(findTestObject("Выручка в рублях/Снять выделение в фильтре Дата" + nameOfBlock)): Object: 'Object Repository/Выручка в рублях/Снять выделение в фильтре Дата' is clicked on

30-03-2025T15:55:11 - [MESSAGE][PASSED] - Object: 'Object Repository/Выручка в рублях/Снять выделение в фильтре Дата' is clicked on

30-03-2025T15:55:11 - [TEST_STEP][PASSED] - scrollToElement(findTestObject("Выручка в рублях/2025 список" + nameOfBlock), 30): Scroll to object 'Object Repository/Выручка в рублях/2025 список' successfully

30-03-2025T15:55:12 - [MESSAGE][PASSED] - Scroll to object 'Object Repository/Выручка в рублях/2025 список' successfully

30-03-2025T15:55:12 - [TEST_STEP][PASSED] - click(findTestObject("Выручка в рублях/2025 список" + nameOfBlock)): Object: 'Object Repository/Выручка в рублях/2025 список' is clicked on

30-03-2025T15:55:12 - [MESSAGE][PASSED] - Object: 'Object Repository/Выручка в рублях/2025 список' is clicked on

30-03-2025T15:55:12 - [TEST_STEP][PASSED] - scrollToElement(findTestObject("Выручка в рублях/1 квартал 2025 список Выручка"), 30): Scroll to object 'Object Repository/Выручка в рублях/1 квартал 2025 список Выручка' successfully

30-03-2025T15:55:12 - [MESSAGE][PASSED] - Scroll to object 'Object Repository/Выручка в рублях/1 квартал 2025 список Выручка' successfully

30-03-2025T15:55:12 - [TEST_STEP][PASSED] - click(findTestObject("Выручка в рублях/1 квартал 2025 список" + nameOfBlock)): Object: 'Object Repository/Выручка в рублях/1 квартал 2025 список' is clicked on

30-03-2025T15:55:13 - [MESSAGE][PASSED] - Object: 'Object Repository/Выручка в рублях/1 квартал 2025 список' is clicked on

30-03-2025T15:55:13 - [TEST_STEP][PASSED] - scrollToElement(findTestObject("Выручка в рублях/Январь 2025" + nameOfBlock), 30): Scroll to object 'Object Repository/Выручка в рублях/Январь 2025' successfully

30-03-2025T15:55:13 - [MESSAGE][PASSED] - Scroll to object 'Object Repository/Выручка в рублях/Январь 2025' successfully

30-03-2025T15:55:13 - [TEST_STEP][PASSED] - click(findTestObject("Выручка в рублях/Январь 2025" + nameOfBlock)): Object: 'Object Repository/Выручка в рублях/Январь 2025' is clicked on

30-03-2025T15:55:13 - [MESSAGE][PASSED] - Object: 'Object Repository/Выручка в рублях/Январь 2025' is clicked on

30-03-2025T15:55:13 - [TEST_STEP][PASSED] - scrollToElement(findTestObject("Выручка в рублях/Февраль 2025" + nameOfBlock), 30): Scroll to object 'Object Repository/Выручка в рублях/Февраль 2025' successfully

30-03-2025T15:55:14 - [MESSAGE][PASSED] - Scroll to object 'Object Repository/Выручка в рублях/Февраль 2025' successfully

30-03-2025T15:55:14 - [TEST_STEP][PASSED] - click(findTestObject("Выручка в рублях/Февраль 2025" + nameOfBlock)): Object: 'Object Repository/Выручка в рублях/Февраль 2025' is clicked on

30-03-2025T15:55:14 - [MESSAGE][PASSED] - Object: 'Object Repository/Выручка в рублях/Февраль 2025' is clicked on

30-03-2025T15:55:14 - [TEST_STEP][PASSED] - scrollToElement(findTestObject("Выручка в рублях/Заголовок дашборда" + nameOfBlock), 30): Scroll to object 'Object Repository/Выручка в рублях/Заголовок дашборда' successfully

30-03-2025T15:55:15 - [MESSAGE][PASSED] - Scroll to object 'Object Repository/Выручка в рублях/Заголовок дашборда' successfully

30-03-2025T15:55:15 - [TEST_STEP][PASSED] - click(findTestObject("Выручка в рублях/Применить в фильтре Дата" + nameOfBlock)): Object: 'Object Repository/Выручка в рублях/Применить в фильтре Дата' is clicked on

30-03-2025T15:55:15 - [MESSAGE][PASSED] - Object: 'Object Repository/Выручка в рублях/Применить в фильтре Дата' is clicked on

30-03-2025T15:55:15 - [TEST_STEP][PASSED] - delay(55): Delayed 55 second(s)

30-03-2025T15:56:10 - [MESSAGE][PASSED] - Delayed 55 second(s)

30-03-2025T15:56:10 - [TEST_STEP][PASSED] - click(findTestObject("Выручка в рублях/Фильтр ДЗО" + nameOfBlock)): Object: 'Object Repository/Выручка в рублях/Фильтр ДЗО' is clicked on

30-03-2025T15:56:11 - [MESSAGE][PASSED] - Object: 'Object Repository/Выручка в рублях/Фильтр ДЗО' is clicked on

30-03-2025T15:56:11 - [TEST_STEP][PASSED] - click(findTestObject("Выручка в рублях/Снять выделение в фильтре ДЗО" + nameOfBlock)): Object: 'Object Repository/Выручка в рублях/Снять выделение в фильтре ДЗО' is clicked on

30-03-2025T15:56:11 - [MESSAGE][PASSED] - Object: 'Object Repository/Выручка в рублях/Снять выделение в фильтре ДЗО' is clicked on

30-03-2025T15:56:11 - [TEST_STEP][PASSED] - click(findTestObject("Выручка в рублях/Применить в фильтре ДЗО" + nameOfBlock)): Object: 'Object Repository/Выручка в рублях/Применить в фильтре ДЗО' is clicked on

30-03-2025T15:56:12 - [MESSAGE][PASSED] - Object: 'Object Repository/Выручка в рублях/Применить в фильтре ДЗО' is clicked on

30-03-2025T15:56:12 - [TEST_STEP][PASSED] - delay(50): Delayed 50 second(s)

30-03-2025T15:57:02 - [MESSAGE][PASSED] - Delayed 50 second(s)

30-03-2025T15:57:02 - [TEST_STEP][PASSED] - Script1742558545601.Tumbler(run, vir, block, nameOfBlock): null

30-03-2025T15:57:02 - [TEST_STEP][PASSED] - println("run:" + run): null

30-03-2025T15:57:02 - [TEST_STEP][PASSED] - println("vir:" + vir): null

30-03-2025T15:57:02 - [TEST_STEP][PASSED] - println("block:" + block): null

30-03-2025T15:57:02 - [TEST_STEP][PASSED] - println("nameOfBlock:" + nameOfBlock): null

30-03-2025T15:57:02 - [TEST_STEP][PASSED] - if (vir == 1): Object: 'Object Repository/Выручка в рублях/Переключить отображение с млн на проценты Выручка в рублях' is clicked on

30-03-2025T15:57:02 - [TEST_STEP][PASSED] - if (run == 2): Object: 'Object Repository/Выручка в рублях/Переключить отображение с млн на проценты Выручка в рублях' is clicked on

30-03-2025T15:57:02 - [TEST_STEP][PASSED] - click(findTestObject("Выручка в рублях/Переключить отображение с млн на проценты Выручка в рублях" + nameOfBlock)): Object: 'Object Repository/Выручка в рублях/Переключить отображение с млн на проценты Выручка в рублях' is clicked on

30-03-2025T15:57:02 - [MESSAGE][PASSED] - Object: 'Object Repository/Выручка в рублях/Переключить отображение с млн на проценты Выручка в рублях' is clicked on

30-03-2025T15:57:02 - [TEST_STEP][PASSED] - click(findTestObject("Выручка в рублях/Фильтр ДЗО" + nameOfBlock)): Object: 'Object Repository/Выручка в рублях/Фильтр ДЗО' is clicked on

30-03-2025T15:57:02 - [MESSAGE][PASSED] - Object: 'Object Repository/Выручка в рублях/Фильтр ДЗО' is clicked on

30-03-2025T15:57:02 - [TEST_STEP][PASSED] - Script1742558545601.Rosseti(nameOfBlock): null

30-03-2025T15:57:02 - [TEST_STEP][PASSED] - println("nameOfBlock:" + nameOfBlock): null

30-03-2025T15:57:02 - [TEST_STEP][PASSED] - click(findTestObject("Выручка в рублях/ПАО Россети" + nameOfBlock)): Object: 'Object Repository/Выручка в рублях/ПАО Россети' is clicked on

30-03-2025T15:57:03 - [MESSAGE][PASSED] - Object: 'Object Repository/Выручка в рублях/ПАО Россети' is clicked on

30-03-2025T15:57:03 - [TEST_STEP][PASSED] - click(findTestObject("Выручка в рублях/Применить в фильтре ДЗО" + nameOfBlock)): Object: 'Object Repository/Выручка в рублях/Применить в фильтре ДЗО' is clicked on

30-03-2025T15:57:04 - [MESSAGE][PASSED] - Object: 'Object Repository/Выручка в рублях/Применить в фильтре ДЗО' is clicked on

30-03-2025T15:57:04 - [TEST_STEP][PASSED] - if (run == 2): null

30-03-2025T15:57:04 - [TEST_STEP][PASSED] - perc = " Perc": null

30-03-2025T15:57:04 - [TEST_STEP][PASSED] - if (vir == 1 || vir == 2): Text of object 'Object Repository/Выручка в рублях/График План' is: '318 025'

30-03-2025T15:57:04 - [TEST_STEP][PASSED] - a1 = getText(findTestObject("Выручка в рублях/График План")): Text of object 'Object Repository/Выручка в рублях/График План' is: '318 025'

30-03-2025T15:57:05 - [MESSAGE][PASSED] - Text of object 'Object Repository/Выручка в рублях/График План' is: '318 025'

30-03-2025T15:57:05 - [TEST_STEP][PASSED] - if (vir == 1 || vir == 2): Text of object 'Object Repository/Выручка в рублях/График Факт' is: '284 426'

30-03-2025T15:57:05 - [TEST_STEP][PASSED] - a2 = getText(findTestObject("Выручка в рублях/График Факт")): Text of object 'Object Repository/Выручка в рублях/График Факт' is: '284 426'

30-03-2025T15:57:05 - [MESSAGE][PASSED] - Text of object 'Object Repository/Выручка в рублях/График Факт' is: '284 426'

30-03-2025T15:57:05 - [TEST_STEP][PASSED] - a30 = getText(findTestObject("Выручка в рублях/span1" + perc)): Text of object 'Object Repository/Выручка в рублях/span1 Perc' is: '-10.56 %'

30-03-2025T15:57:06 - [MESSAGE][PASSED] - Text of object 'Object Repository/Выручка в рублях/span1 Perc' is: '-10.56 %'

30-03-2025T15:57:06 - [TEST_STEP][PASSED] - i = a30.indexOf("млн.руб."): null

30-03-2025T15:57:06 - [TEST_STEP][PASSED] - if (i > -1): null

30-03-2025T15:57:06 - [TEST_STEP][PASSED] - if (a30.contains("%")): null

30-03-2025T15:57:06 - [TEST_STEP][PASSED] - a30 = a30.replaceAll("%", ""): null

30-03-2025T15:57:06 - [TEST_STEP][PASSED] - a30 = ").trim(): null

30-03-2025T15:57:06 - [TEST_STEP][PASSED] - println("a30: " + a30): null

30-03-2025T15:57:06 - [TEST_STEP][PASSED] - if (vir == 1): Text of object 'Object Repository/Выручка в рублях/span19 Perc' is: '2.48 %'

30-03-2025T15:57:06 - [TEST_STEP][PASSED] - a31 = ").trim(): Text of object 'Object Repository/Выручка в рублях/span2 Perc' is: '-3.76 %'

30-03-2025T15:57:06 - [MESSAGE][PASSED] - Text of object 'Object Repository/Выручка в рублях/span2 Perc' is: '-3.76 %'

30-03-2025T15:57:06 - [TEST_STEP][PASSED] - a32 = ").trim(): Text of object 'Object Repository/Выручка в рублях/span3 Perc' is: '5.38 %'

30-03-2025T15:57:06 - [MESSAGE][PASSED] - Text of object 'Object Repository/Выручка в рублях/span3 Perc' is: '5.38 %'

30-03-2025T15:57:06 - [TEST_STEP][PASSED] - a33 = ").trim(): Text of object 'Object Repository/Выручка в рублях/span4 Perc' is: '-7.67 %'

30-03-2025T15:57:06 - [MESSAGE][PASSED] - Text of object 'Object Repository/Выручка в рублях/span4 Perc' is: '-7.67 %'

30-03-2025T15:57:06 - [TEST_STEP][PASSED] - a34 = ").trim(): Text of object 'Object Repository/Выручка в рублях/span5 Perc' is: '-1.27 %'

30-03-2025T15:57:07 - [MESSAGE][PASSED] - Text of object 'Object Repository/Выручка в рублях/span5 Perc' is: '-1.27 %'

30-03-2025T15:57:07 - [TEST_STEP][PASSED] - a35 = ").trim(): Text of object 'Object Repository/Выручка в рублях/span6 Perc' is: '3.73 %'

30-03-2025T15:57:07 - [MESSAGE][PASSED] - Text of object 'Object Repository/Выручка в рублях/span6 Perc' is: '3.73 %'

30-03-2025T15:57:07 - [TEST_STEP][PASSED] - a36 = ").trim(): Text of object 'Object Repository/Выручка в рублях/span7 Perc' is: '-1.07 %'

30-03-2025T15:57:07 - [MESSAGE][PASSED] - Text of object 'Object Repository/Выручка в рублях/span7 Perc' is: '-1.07 %'

30-03-2025T15:57:07 - [TEST_STEP][PASSED] - a37 = ").trim(): Text of object 'Object Repository/Выручка в рублях/span8 Perc' is: '-3.07 %'

30-03-2025T15:57:07 - [MESSAGE][PASSED] - Text of object 'Object Repository/Выручка в рублях/span8 Perc' is: '-3.07 %'

30-03-2025T15:57:07 - [TEST_STEP][PASSED] - a38 = ").trim(): Text of object 'Object Repository/Выручка в рублях/span9 Perc' is: '-9.46 %'

30-03-2025T15:57:08 - [MESSAGE][PASSED] - Text of object 'Object Repository/Выручка в рублях/span9 Perc' is: '-9.46 %'

30-03-2025T15:57:08 - [TEST_STEP][PASSED] - a39 = ").trim(): Text of object 'Object Repository/Выручка в рублях/span10 Perc' is: '-1.71 %'

30-03-2025T15:57:08 - [MESSAGE][PASSED] - Text of object 'Object Repository/Выручка в рублях/span10 Perc' is: '-1.71 %'

30-03-2025T15:57:08 - [TEST_STEP][PASSED] - a310 = ").trim(): Text of object 'Object Repository/Выручка в рублях/span11 Perc' is: '3.95 %'

30-03-2025T15:57:08 - [MESSAGE][PASSED] - Text of object 'Object Repository/Выручка в рублях/span11 Perc' is: '3.95 %'

30-03-2025T15:57:08 - [TEST_STEP][PASSED] - a311 = ").trim(): Text of object 'Object Repository/Выручка в рублях/span12 Perc' is: '-2.24 %'

30-03-2025T15:57:09 - [MESSAGE][PASSED] - Text of object 'Object Repository/Выручка в рублях/span12 Perc' is: '-2.24 %'

30-03-2025T15:57:09 - [TEST_STEP][PASSED] - a312 = ").trim(): Text of object 'Object Repository/Выручка в рублях/span13 Perc' is: '-9.45 %'

30-03-2025T15:57:09 - [MESSAGE][PASSED] - Text of object 'Object Repository/Выручка в рублях/span13 Perc' is: '-9.45 %'

30-03-2025T15:57:09 - [TEST_STEP][PASSED] - a313 = ").trim(): Text of object 'Object Repository/Выручка в рублях/span14 Perc' is: '-3.3 %'

30-03-2025T15:57:09 - [MESSAGE][PASSED] - Text of object 'Object Repository/Выручка в рублях/span14 Perc' is: '-3.3 %'

30-03-2025T15:57:09 - [TEST_STEP][PASSED] - a314 = ").trim(): Text of object 'Object Repository/Выручка в рублях/span15 Perc' is: '-50.04 %'

30-03-2025T15:57:09 - [MESSAGE][PASSED] - Text of object 'Object Repository/Выручка в рублях/span15 Perc' is: '-50.04 %'

30-03-2025T15:57:10 - [TEST_STEP][PASSED] - a315 = ").trim(): Text of object 'Object Repository/Выручка в рублях/span16 Perc' is: '-2.12 %'

30-03-2025T15:57:10 - [MESSAGE][PASSED] - Text of object 'Object Repository/Выручка в рублях/span16 Perc' is: '-2.12 %'

30-03-2025T15:57:10 - [TEST_STEP][PASSED] - a316 = ").trim(): Text of object 'Object Repository/Выручка в рублях/span17 Perc' is: '-1.84 %'

30-03-2025T15:57:10 - [MESSAGE][PASSED] - Text of object 'Object Repository/Выручка в рублях/span17 Perc' is: '-1.84 %'

30-03-2025T15:57:10 - [TEST_STEP][PASSED] - a317 = ").trim(): Text of object 'Object Repository/Выручка в рублях/span18 Perc' is: '0.5 %'

30-03-2025T15:57:10 - [MESSAGE][PASSED] - Text of object 'Object Repository/Выручка в рублях/span18 Perc' is: '0.5 %'

30-03-2025T15:57:10 - [TEST_STEP][PASSED] - a318 = ").trim(): Text of object 'Object Repository/Выручка в рублях/span19 Perc' is: '2.48 %'

30-03-2025T15:57:11 - [MESSAGE][PASSED] - Text of object 'Object Repository/Выручка в рублях/span19 Perc' is: '2.48 %'

30-03-2025T15:57:11 - [TEST_STEP][PASSED] - block = 2: null

30-03-2025T15:57:11 - [TEST_STEP][PASSED] - nameOfBlock = " Выручка": null

30-03-2025T15:57:11 - [TEST_STEP][PASSED] - Script1742558545601.PreSettings(run, vir, block, nameOfBlock, typeOfData, todaysDate): null

30-03-2025T15:57:11 - [TEST_STEP][PASSED] - openBrowser(""): Browser is opened with url: ''

30-03-2025T15:57:11 - [MESSAGE][WARNING] - A browser is already opened. Closing browser and opening a new one

30-03-2025T15:57:11 - [MESSAGE][INFO] - Starting 'Chrome' driver

30-03-2025T15:57:11 - [MESSAGE][INFO] - Action delay is set to 0 milliseconds

30-03-2025T15:57:12 - [MESSAGE][PASSED] - Browser is opened with url: ''

30-03-2025T15:57:12 - [TEST_STEP][PASSED] - refresh(): Refresh successfully

30-03-2025T15:57:12 - [MESSAGE][PASSED] - Refresh successfully

30-03-2025T15:57:12 - [TEST_STEP][PASSED] - delay(50): Delayed 50 second(s)

30-03-2025T15:58:02 - [MESSAGE][PASSED] - Delayed 50 second(s)

30-03-2025T15:58:02 - [TEST_STEP][PASSED] - println("run:" + run): null

30-03-2025T15:58:02 - [TEST_STEP][PASSED] - println("vir:" + vir): null

30-03-2025T15:58:02 - [TEST_STEP][PASSED] - println("block:" + block): null

30-03-2025T15:58:02 - [TEST_STEP][PASSED] - if (block == 1): null

30-03-2025T15:58:02 - [TEST_STEP][PASSED] - else: null

30-03-2025T15:58:02 - [TEST_STEP][PASSED] - nameOfBlock = " Выручка": null

30-03-2025T15:58:02 - [TEST_STEP][PASSED] - println("nameOfBlock:" + nameOfBlock): null

30-03-2025T15:58:02 - [TEST_STEP][PASSED] - println("typeOfData:" + typeOfData): null

30-03-2025T15:58:02 - [TEST_STEP][PASSED] - println("todaysDate:" + todaysDate): null

30-03-2025T15:58:02 - [TEST_STEP][PASSED] - Script1742558545601.Autorization(block, nameOfBlock): null

30-03-2025T15:58:02 - [TEST_STEP][PASSED] - i = <not implemented yet for class: org.codehaus.groovy.ast.expr.EmptyExpression>: null

30-03-2025T15:58:02 - [TEST_STEP][PASSED] - ii = <not implemented yet for class: org.codehaus.groovy.ast.expr.EmptyExpression>: null

30-03-2025T15:58:02 - [TEST_STEP][PASSED] - urlData = <not implemented yet for class: org.codehaus.groovy.ast.expr.EmptyExpression>: null

30-03-2025T15:58:02 - [TEST_STEP][PASSED] - searchWord = <not implemented yet for class: org.codehaus.groovy.ast.expr.EmptyExpression>: null

30-03-2025T15:58:02 - [TEST_STEP][PASSED] - urlText = <not implemented yet for class: org.codehaus.groovy.ast.expr.EmptyExpression>: null

30-03-2025T15:58:02 - [TEST_STEP][PASSED] - println("block:" + block): null

30-03-2025T15:58:02 - [TEST_STEP][PASSED] - if (block == 1): null

30-03-2025T15:58:02 - [TEST_STEP][PASSED] - else: null

30-03-2025T15:58:02 - [TEST_STEP][PASSED] - delay(45): Delayed 45 second(s)

30-03-2025T15:58:47 - [MESSAGE][PASSED] - Delayed 45 second(s)

30-03-2025T15:58:47 - [TEST_STEP][PASSED] - nameOfBlock = " Выручка": null

30-03-2025T15:58:47 - [TEST_STEP][PASSED] - println("nameOfBlock:" + nameOfBlock): null

30-03-2025T15:58:47 - [TEST_STEP][PASSED] - if (block == 1): null

30-03-2025T15:58:47 - [TEST_STEP][PASSED] - else: Delayed 45 second(s)

30-03-2025T15:58:47 - [TEST_STEP][PASSED] - urlData = 9: null

30-03-2025T15:58:47 - [TEST_STEP][PASSED] - delay(45): Delayed 45 second(s)

30-03-2025T15:59:32 - [MESSAGE][PASSED] - Delayed 45 second(s)

30-03-2025T15:59:32 - [TEST_STEP][PASSED] - navigateToUrl(findTestData("PlanFact").getValue(10, urlData)): Navigate to 'https://bi.rosseti.digital/viewer?dashboardGuid=a1fd28b3785d443cbc4d7690a1d78e31&sheetGuid=86092a20c5984827a0c87b24cac76a50&fit=true' successfully

30-03-2025T15:59:36 - [MESSAGE][PASSED] - Navigate to 'https://bi.rosseti.digital/viewer?dashboardGuid=a1fd28b3785d443cbc4d7690a1d78e31&sheetGuid=86092a20c5984827a0c87b24cac76a50&fit=true' successfully

30-03-2025T15:59:36 - [TEST_STEP][PASSED] - urlText = getText(findTestObject("Страница авторизации/Text")): Text of object 'Object Repository/Страница авторизации/Text' is: 'Вход'

30-03-2025T15:59:38 - [MESSAGE][PASSED] - Text of object 'Object Repository/Страница авторизации/Text' is: 'Вход'

30-03-2025T15:59:38 - [TEST_STEP][PASSED] - searchWord = "Вход": null

30-03-2025T15:59:38 - [TEST_STEP][PASSED] - if (urlText == null || urlText.contains("ошибка") || urlText.contains(searchWord) == false): null

30-03-2025T15:59:38 - [TEST_STEP][PASSED] - if (verifyElementPresent(findTestObject("Страница авторизации/button_"), 30) == true): null

30-03-2025T15:59:38 - [MESSAGE][PASSED] - Object 'Object Repository/Страница авторизации/button_' is present

30-03-2025T15:59:38 - [TEST_STEP][PASSED] - setText(findTestObject("Страница авторизации/input__username"), findTestData("PlanFact").getValue(8, 1)): Text 'liazgina-di' is set on object 'Object Repository/Страница авторизации/input__username'

30-03-2025T15:59:39 - [MESSAGE][PASSED] - Text 'liazgina-di' is set on object 'Object Repository/Страница авторизации/input__username'

30-03-2025T15:59:39 - [TEST_STEP][PASSED] - setText(findTestObject("Страница авторизации/input__password"), findTestData("PlanFact").getValue(9, 1)): Text ')$%5srZ8o688Dm#q' is set on object 'Object Repository/Страница авторизации/input__password'

30-03-2025T15:59:40 - [MESSAGE][PASSED] - Text ')$%5srZ8o688Dm#q' is set on object 'Object Repository/Страница авторизации/input__password'

30-03-2025T15:59:40 - [TEST_STEP][PASSED] - click(findTestObject("Страница авторизации/button_")): Object: 'Object Repository/Страница авторизации/button_' is clicked on

30-03-2025T15:59:41 - [MESSAGE][PASSED] - Object: 'Object Repository/Страница авторизации/button_' is clicked on

30-03-2025T15:59:41 - [TEST_STEP][PASSED] - delay(45): Delayed 45 second(s)

30-03-2025T16:00:26 - [MESSAGE][PASSED] - Delayed 45 second(s)

30-03-2025T16:00:26 - [TEST_STEP][PASSED] - urlText = getText(findTestObject("Страница авторизации/Text")): Text of object 'Object Repository/Страница авторизации/Text' is: 'Период
Выбрано: 2
Выручка
Все
Выполнение плановых показателей, млн.руб.
План
Факт
Динамика
2025 год
0 млн.руб.
50 000 млн.руб.
100 000 млн.руб.
150 000 млн.руб.
200 000 млн.руб.
250 000 млн.руб.
300 000 млн.руб.
350 000 млн.руб.
400 000 млн.руб.
318 025
284 426
↓
ДЗО 
Все
Подписи данных
⬤Отклонение
АО "РЭС"
АО «Тываэнерго»
АО «Чеченэнерго»
Россети Волга
Россети Кубань
Россети Ленэнерго (ГК)
Россети Московский регион
Россети Северный Кавказ (ГК)
Россети Северо-Запад
Россети Сибирь (ГК)
Россети Томск
Россети Тюмень
Россети Урал (ГК)
Россети ФСК ЕЭС
Россети Центр
Россети Центр и Приволжье (ГК)
Россети Юг (ГК)
Россети Янтарь
-30 000 млн.руб.
-27 500 млн.руб.
-25 000 млн.руб.
-22 500 млн.руб.
-20 000 млн.руб.
-17 500 млн.руб.
-15 000 млн.руб.
-12 500 млн.руб.
-10 000 млн.руб.
-7 500 млн.руб.
-5 000 млн.руб.
-2 500 млн.руб.
0 млн.руб.
2 500 млн.руб.
-170
27
-76
-270
552
-244
-1 353
-805
-232
848
-47
-1 858
-701
-28 384
-520
-484
68
50
млн.
%
Выручка
Отклонение выручки (факт/план, млн. руб) 
ПАО Россети
-33 598.6 млн.руб.
Статус данных
×
Просьба обратить внимание
Данные занесены не полностью
ВЫБРАННЫЕ ЗНАЧЕНИЯ ФИЛЬТРОВ
ДЗО | ПЕРИОД
ПАО Россети: [«Выбраны все филиалы по всем ДЗО по всем категориям»]
2025: [Янв, Фев]
*Внутренний оборот'

30-03-2025T16:00:27 - [MESSAGE][PASSED] - Text of object 'Object Repository/Страница авторизации/Text' is: 'Период
Выбрано: 2
Выручка
Все
Выполнение плановых показателей, млн.руб.
План
Факт
Динамика
2025 год
0 млн.руб.
50 000 млн.руб.
100 000 млн.руб.
150 000 млн.руб.
200 000 млн.руб.
250 000 млн.руб.
300 000 млн.руб.
350 000 млн.руб.
400 000 млн.руб.
318 025
284 426
↓
ДЗО 
Все
Подписи данных
⬤Отклонение
АО "РЭС"
АО «Тываэнерго»
АО «Чеченэнерго»
Россети Волга
Россети Кубань
Россети Ленэнерго (ГК)
Россети Московский регион
Россети Северный Кавказ (ГК)
Россети Северо-Запад
Россети Сибирь (ГК)
Россети Томск
Россети Тюмень
Россети Урал (ГК)
Россети ФСК ЕЭС
Россети Центр
Россети Центр и Приволжье (ГК)
Россети Юг (ГК)
Россети Янтарь
-30 000 млн.руб.
-27 500 млн.руб.
-25 000 млн.руб.
-22 500 млн.руб.
-20 000 млн.руб.
-17 500 млн.руб.
-15 000 млн.руб.
-12 500 млн.руб.
-10 000 млн.руб.
-7 500 млн.руб.
-5 000 млн.руб.
-2 500 млн.руб.
0 млн.руб.
2 500 млн.руб.
-170
27
-76
-270
552
-244
-1 353
-805
-232
848
-47
-1 858
-701
-28 384
-520
-484
68
50
млн.
%
Выручка
Отклонение выручки (факт/план, млн. руб) 
ПАО Россети
-33 598.6 млн.руб.
Статус данных
×
Просьба обратить внимание
Данные занесены не полностью
ВЫБРАННЫЕ ЗНАЧЕНИЯ ФИЛЬТРОВ
ДЗО | ПЕРИОД
ПАО Россети: [«Выбраны все филиалы по всем ДЗО по всем категориям»]
2025: [Янв, Фев]
*Внутренний оборот'

30-03-2025T16:00:27 - [TEST_STEP][PASSED] - searchWord = "а": null

30-03-2025T16:00:27 - [TEST_STEP][PASSED] - if (urlText.contains("ошибка") || urlText.contains(searchWord) == false): null

30-03-2025T16:00:27 - [TEST_STEP][PASSED] - delay(45): Delayed 45 second(s)

30-03-2025T16:01:12 - [MESSAGE][PASSED] - Delayed 45 second(s)

30-03-2025T16:01:12 - [TEST_STEP][PASSED] - if (block == 2): Delayed 50 second(s)

30-03-2025T16:01:12 - [TEST_STEP][PASSED] - opoveshenie = getText(findTestObject("Выручка в рублях/Просьба обратить внимание")): Text of object 'Object Repository/Выручка в рублях/Просьба обратить внимание' is: 'Просьба обратить внимание'

30-03-2025T16:01:12 - [MESSAGE][PASSED] - Text of object 'Object Repository/Выручка в рублях/Просьба обратить внимание' is: 'Просьба обратить внимание'

30-03-2025T16:01:12 - [TEST_STEP][PASSED] - if (opoveshenie == "Просьба обратить внимание"): Delayed 50 second(s)

30-03-2025T16:01:12 - [TEST_STEP][PASSED] - click(findTestObject("Выручка в рублях/Закрыть оповещение")): Object: 'Object Repository/Выручка в рублях/Закрыть оповещение' is clicked on

30-03-2025T16:01:13 - [MESSAGE][PASSED] - Object: 'Object Repository/Выручка в рублях/Закрыть оповещение' is clicked on

30-03-2025T16:01:13 - [TEST_STEP][PASSED] - delay(50): Delayed 50 second(s)

30-03-2025T16:02:03 - [MESSAGE][PASSED] - Delayed 50 second(s)

30-03-2025T16:02:03 - [TEST_STEP][PASSED] - click(findTestObject("Выручка в рублях/Фильтр Период" + nameOfBlock)): Object: 'Object Repository/Выручка в рублях/Фильтр Период Выручка' is clicked on

30-03-2025T16:02:03 - [MESSAGE][PASSED] - Object: 'Object Repository/Выручка в рублях/Фильтр Период Выручка' is clicked on

30-03-2025T16:02:03 - [TEST_STEP][PASSED] - click(findTestObject("Выручка в рублях/Снять выделение в фильтре Дата" + nameOfBlock)): Object: 'Object Repository/Выручка в рублях/Снять выделение в фильтре Дата Выручка' is clicked on

30-03-2025T16:02:04 - [MESSAGE][PASSED] - Object: 'Object Repository/Выручка в рублях/Снять выделение в фильтре Дата Выручка' is clicked on

30-03-2025T16:02:04 - [TEST_STEP][PASSED] - click(findTestObject("Выручка в рублях/Применить в фильтре Дата" + nameOfBlock)): Object: 'Object Repository/Выручка в рублях/Применить в фильтре Дата Выручка' is clicked on

30-03-2025T16:02:04 - [MESSAGE][PASSED] - Object: 'Object Repository/Выручка в рублях/Применить в фильтре Дата Выручка' is clicked on

30-03-2025T16:02:04 - [TEST_STEP][PASSED] - delay(50): Delayed 50 second(s)

30-03-2025T16:02:54 - [MESSAGE][PASSED] - Delayed 50 second(s)

30-03-2025T16:02:54 - [TEST_STEP][PASSED] - click(findTestObject("Выручка в рублях/Фильтр Период" + nameOfBlock)): Object: 'Object Repository/Выручка в рублях/Фильтр Период Выручка' is clicked on

30-03-2025T16:02:54 - [MESSAGE][PASSED] - Object: 'Object Repository/Выручка в рублях/Фильтр Период Выручка' is clicked on

30-03-2025T16:02:54 - [TEST_STEP][PASSED] - click(findTestObject("Выручка в рублях/Снять выделение в фильтре Дата" + nameOfBlock)): Object: 'Object Repository/Выручка в рублях/Снять выделение в фильтре Дата Выручка' is clicked on

30-03-2025T16:02:55 - [MESSAGE][PASSED] - Object: 'Object Repository/Выручка в рублях/Снять выделение в фильтре Дата Выручка' is clicked on

30-03-2025T16:02:55 - [TEST_STEP][PASSED] - scrollToElement(findTestObject("Выручка в рублях/2025 список" + nameOfBlock), 30): Scroll to object 'Object Repository/Выручка в рублях/2025 список Выручка' successfully

30-03-2025T16:02:55 - [MESSAGE][PASSED] - Scroll to object 'Object Repository/Выручка в рублях/2025 список Выручка' successfully

30-03-2025T16:02:55 - [TEST_STEP][PASSED] - click(findTestObject("Выручка в рублях/2025 список" + nameOfBlock)): Object: 'Object Repository/Выручка в рублях/2025 список Выручка' is clicked on

30-03-2025T16:02:56 - [MESSAGE][PASSED] - Object: 'Object Repository/Выручка в рублях/2025 список Выручка' is clicked on

30-03-2025T16:02:56 - [TEST_STEP][PASSED] - scrollToElement(findTestObject("Выручка в рублях/1 квартал 2025 список Выручка"), 30): Scroll to object 'Object Repository/Выручка в рублях/1 квартал 2025 список Выручка' successfully

30-03-2025T16:02:56 - [MESSAGE][PASSED] - Scroll to object 'Object Repository/Выручка в рублях/1 квартал 2025 список Выручка' successfully

30-03-2025T16:02:56 - [TEST_STEP][PASSED] - click(findTestObject("Выручка в рублях/1 квартал 2025 список" + nameOfBlock)): Object: 'Object Repository/Выручка в рублях/1 квартал 2025 список Выручка' is clicked on

30-03-2025T16:02:56 - [MESSAGE][PASSED] - Object: 'Object Repository/Выручка в рублях/1 квартал 2025 список Выручка' is clicked on

30-03-2025T16:02:56 - [TEST_STEP][PASSED] - scrollToElement(findTestObject("Выручка в рублях/Январь 2025" + nameOfBlock), 30): Scroll to object 'Object Repository/Выручка в рублях/Январь 2025 Выручка' successfully

30-03-2025T16:02:57 - [MESSAGE][PASSED] - Scroll to object 'Object Repository/Выручка в рублях/Январь 2025 Выручка' successfully

30-03-2025T16:02:57 - [TEST_STEP][PASSED] - click(findTestObject("Выручка в рублях/Январь 2025" + nameOfBlock)): Object: 'Object Repository/Выручка в рублях/Январь 2025 Выручка' is clicked on

30-03-2025T16:02:57 - [MESSAGE][PASSED] - Object: 'Object Repository/Выручка в рублях/Январь 2025 Выручка' is clicked on

30-03-2025T16:02:57 - [TEST_STEP][PASSED] - scrollToElement(findTestObject("Выручка в рублях/Февраль 2025" + nameOfBlock), 30): Scroll to object 'Object Repository/Выручка в рублях/Февраль 2025 Выручка' successfully

30-03-2025T16:02:58 - [MESSAGE][PASSED] - Scroll to object 'Object Repository/Выручка в рублях/Февраль 2025 Выручка' successfully

30-03-2025T16:02:58 - [TEST_STEP][PASSED] - click(findTestObject("Выручка в рублях/Февраль 2025" + nameOfBlock)): Object: 'Object Repository/Выручка в рублях/Февраль 2025 Выручка' is clicked on

30-03-2025T16:02:58 - [MESSAGE][PASSED] - Object: 'Object Repository/Выручка в рублях/Февраль 2025 Выручка' is clicked on

30-03-2025T16:02:58 - [TEST_STEP][PASSED] - scrollToElement(findTestObject("Выручка в рублях/Заголовок дашборда" + nameOfBlock), 30): Scroll to object 'Object Repository/Выручка в рублях/Заголовок дашборда Выручка' successfully

30-03-2025T16:02:58 - [MESSAGE][PASSED] - Scroll to object 'Object Repository/Выручка в рублях/Заголовок дашборда Выручка' successfully

30-03-2025T16:02:58 - [TEST_STEP][PASSED] - click(findTestObject("Выручка в рублях/Применить в фильтре Дата" + nameOfBlock)): Object: 'Object Repository/Выручка в рублях/Применить в фильтре Дата Выручка' is clicked on

30-03-2025T16:02:59 - [MESSAGE][PASSED] - Object: 'Object Repository/Выручка в рублях/Применить в фильтре Дата Выручка' is clicked on

30-03-2025T16:02:59 - [TEST_STEP][PASSED] - delay(55): Delayed 55 second(s)

30-03-2025T16:03:54 - [MESSAGE][PASSED] - Delayed 55 second(s)

30-03-2025T16:03:54 - [TEST_STEP][PASSED] - click(findTestObject("Выручка в рублях/Фильтр ДЗО" + nameOfBlock)): Object: 'Object Repository/Выручка в рублях/Фильтр ДЗО Выручка' is clicked on

30-03-2025T16:03:54 - [MESSAGE][PASSED] - Object: 'Object Repository/Выручка в рублях/Фильтр ДЗО Выручка' is clicked on

30-03-2025T16:03:54 - [TEST_STEP][PASSED] - click(findTestObject("Выручка в рублях/Снять выделение в фильтре ДЗО" + nameOfBlock)): Object: 'Object Repository/Выручка в рублях/Снять выделение в фильтре ДЗО Выручка' is clicked on

30-03-2025T16:03:55 - [MESSAGE][PASSED] - Object: 'Object Repository/Выручка в рублях/Снять выделение в фильтре ДЗО Выручка' is clicked on

30-03-2025T16:03:55 - [TEST_STEP][PASSED] - click(findTestObject("Выручка в рублях/Применить в фильтре ДЗО" + nameOfBlock)): Object: 'Object Repository/Выручка в рублях/Применить в фильтре ДЗО Выручка' is clicked on

30-03-2025T16:03:55 - [MESSAGE][PASSED] - Object: 'Object Repository/Выручка в рублях/Применить в фильтре ДЗО Выручка' is clicked on

30-03-2025T16:03:55 - [TEST_STEP][PASSED] - delay(50): Delayed 50 second(s)

30-03-2025T16:04:45 - [MESSAGE][PASSED] - Delayed 50 second(s)

30-03-2025T16:04:45 - [TEST_STEP][PASSED] - Script1742558545601.Tumbler(run, vir, block, nameOfBlock): null

30-03-2025T16:04:45 - [TEST_STEP][PASSED] - println("run:" + run): null

30-03-2025T16:04:45 - [TEST_STEP][PASSED] - println("vir:" + vir): null

30-03-2025T16:04:45 - [TEST_STEP][PASSED] - println("block:" + block): null

30-03-2025T16:04:45 - [TEST_STEP][PASSED] - println("nameOfBlock:" + nameOfBlock): null

30-03-2025T16:04:45 - [TEST_STEP][PASSED] - if (vir == 1): Object: 'Object Repository/Выручка в рублях/Переключить отображение с млн на проценты Выручка в рублях Выручка' is clicked on

30-03-2025T16:04:45 - [TEST_STEP][PASSED] - if (run == 2): Object: 'Object Repository/Выручка в рублях/Переключить отображение с млн на проценты Выручка в рублях Выручка' is clicked on

30-03-2025T16:04:45 - [TEST_STEP][PASSED] - click(findTestObject("Выручка в рублях/Переключить отображение с млн на проценты Выручка в рублях" + nameOfBlock)): Object: 'Object Repository/Выручка в рублях/Переключить отображение с млн на проценты Выручка в рублях Выручка' is clicked on

30-03-2025T16:04:46 - [MESSAGE][PASSED] - Object: 'Object Repository/Выручка в рублях/Переключить отображение с млн на проценты Выручка в рублях Выручка' is clicked on

30-03-2025T16:04:46 - [TEST_STEP][PASSED] - click(findTestObject("Выручка в рублях/Фильтр ДЗО" + nameOfBlock)): Object: 'Object Repository/Выручка в рублях/Фильтр ДЗО Выручка' is clicked on

30-03-2025T16:04:46 - [MESSAGE][PASSED] - Object: 'Object Repository/Выручка в рублях/Фильтр ДЗО Выручка' is clicked on

30-03-2025T16:04:46 - [TEST_STEP][PASSED] - Script1742558545601.Rosseti(nameOfBlock): null

30-03-2025T16:04:46 - [TEST_STEP][PASSED] - println("nameOfBlock:" + nameOfBlock): null

30-03-2025T16:04:46 - [TEST_STEP][PASSED] - click(findTestObject("Выручка в рублях/ПАО Россети" + nameOfBlock)): Object: 'Object Repository/Выручка в рублях/ПАО Россети Выручка' is clicked on

30-03-2025T16:04:47 - [MESSAGE][PASSED] - Object: 'Object Repository/Выручка в рублях/ПАО Россети Выручка' is clicked on

30-03-2025T16:04:47 - [TEST_STEP][PASSED] - click(findTestObject("Выручка в рублях/Применить в фильтре ДЗО" + nameOfBlock)): Object: 'Object Repository/Выручка в рублях/Применить в фильтре ДЗО Выручка' is clicked on

30-03-2025T16:04:47 - [MESSAGE][PASSED] - Object: 'Object Repository/Выручка в рублях/Применить в фильтре ДЗО Выручка' is clicked on

30-03-2025T16:04:47 - [TEST_STEP][PASSED] - if (vir == 1 || vir == 2): Text of object 'Object Repository/Выручка в рублях/График План Выручка' is: '318 025'

30-03-2025T16:04:47 - [TEST_STEP][PASSED] - b1 = getText(findTestObject("Выручка в рублях/График План Выручка")): Text of object 'Object Repository/Выручка в рублях/График План Выручка' is: '318 025'

30-03-2025T16:04:49 - [MESSAGE][PASSED] - Text of object 'Object Repository/Выручка в рублях/График План Выручка' is: '318 025'

30-03-2025T16:04:49 - [TEST_STEP][PASSED] - if (vir == 1 || vir == 2): Text of object 'Object Repository/Выручка в рублях/График Факт Выручка' is: '284 426'

30-03-2025T16:04:49 - [TEST_STEP][PASSED] - b2 = getText(findTestObject("Выручка в рублях/График Факт Выручка")): Text of object 'Object Repository/Выручка в рублях/График Факт Выручка' is: '284 426'

30-03-2025T16:04:49 - [MESSAGE][PASSED] - Text of object 'Object Repository/Выручка в рублях/График Факт Выручка' is: '284 426'

30-03-2025T16:04:49 - [TEST_STEP][PASSED] - b30 = getText(findTestObject("Выручка в рублях/span1" + perc)): Text of object 'Object Repository/Выручка в рублях/span1 Perc' is: '-10.56 %'

30-03-2025T16:04:49 - [MESSAGE][PASSED] - Text of object 'Object Repository/Выручка в рублях/span1 Perc' is: '-10.56 %'

30-03-2025T16:04:49 - [TEST_STEP][PASSED] - i = b30.indexOf("млн.руб."): null

30-03-2025T16:04:49 - [TEST_STEP][PASSED] - if (i > -1): null

30-03-2025T16:04:49 - [TEST_STEP][PASSED] - if (b30.contains("%")): null

30-03-2025T16:04:49 - [TEST_STEP][PASSED] - b30 = b30.replaceAll("%", ""): null

30-03-2025T16:04:49 - [TEST_STEP][PASSED] - b30 = ").trim(): null

30-03-2025T16:04:49 - [TEST_STEP][PASSED] - println("b30: " + b30): null

30-03-2025T16:04:49 - [TEST_STEP][PASSED] - if (vir == 1): Text of object 'Object Repository/Выручка в рублях/span19 Perc' is: '2.48 %'

30-03-2025T16:04:49 - [TEST_STEP][PASSED] - b31 = ").trim(): Text of object 'Object Repository/Выручка в рублях/span2 Perc' is: '-3.76 %'

30-03-2025T16:04:50 - [MESSAGE][PASSED] - Text of object 'Object Repository/Выручка в рублях/span2 Perc' is: '-3.76 %'

30-03-2025T16:04:50 - [TEST_STEP][PASSED] - b32 = ").trim(): Text of object 'Object Repository/Выручка в рублях/span3 Perc' is: '5.38 %'

30-03-2025T16:04:50 - [MESSAGE][PASSED] - Text of object 'Object Repository/Выручка в рублях/span3 Perc' is: '5.38 %'

30-03-2025T16:04:50 - [TEST_STEP][PASSED] - b33 = ").trim(): Text of object 'Object Repository/Выручка в рублях/span4 Perc' is: '-7.67 %'

30-03-2025T16:04:50 - [MESSAGE][PASSED] - Text of object 'Object Repository/Выручка в рублях/span4 Perc' is: '-7.67 %'

30-03-2025T16:04:50 - [TEST_STEP][PASSED] - b34 = ").trim(): Text of object 'Object Repository/Выручка в рублях/span5 Perc' is: '-1.27 %'

30-03-2025T16:04:51 - [MESSAGE][PASSED] - Text of object 'Object Repository/Выручка в рублях/span5 Perc' is: '-1.27 %'

30-03-2025T16:04:51 - [TEST_STEP][PASSED] - b35 = ").trim(): Text of object 'Object Repository/Выручка в рублях/span6 Perc' is: '3.73 %'

30-03-2025T16:04:51 - [MESSAGE][PASSED] - Text of object 'Object Repository/Выручка в рублях/span6 Perc' is: '3.73 %'

30-03-2025T16:04:51 - [TEST_STEP][PASSED] - b36 = ").trim(): Text of object 'Object Repository/Выручка в рублях/span7 Perc' is: '-1.07 %'

30-03-2025T16:04:51 - [MESSAGE][PASSED] - Text of object 'Object Repository/Выручка в рублях/span7 Perc' is: '-1.07 %'

30-03-2025T16:04:51 - [TEST_STEP][PASSED] - b37 = ").trim(): Text of object 'Object Repository/Выручка в рублях/span8 Perc' is: '-3.07 %'

30-03-2025T16:04:51 - [MESSAGE][PASSED] - Text of object 'Object Repository/Выручка в рублях/span8 Perc' is: '-3.07 %'

30-03-2025T16:04:51 - [TEST_STEP][PASSED] - b38 = ").trim(): Text of object 'Object Repository/Выручка в рублях/span9 Perc' is: '-9.46 %'

30-03-2025T16:04:52 - [MESSAGE][PASSED] - Text of object 'Object Repository/Выручка в рублях/span9 Perc' is: '-9.46 %'

30-03-2025T16:04:52 - [TEST_STEP][PASSED] - b39 = ").trim(): Text of object 'Object Repository/Выручка в рублях/span10 Perc' is: '-1.71 %'

30-03-2025T16:04:52 - [MESSAGE][PASSED] - Text of object 'Object Repository/Выручка в рублях/span10 Perc' is: '-1.71 %'

30-03-2025T16:04:52 - [TEST_STEP][PASSED] - b310 = ").trim(): Text of object 'Object Repository/Выручка в рублях/span11 Perc' is: '3.95 %'

30-03-2025T16:04:52 - [MESSAGE][PASSED] - Text of object 'Object Repository/Выручка в рублях/span11 Perc' is: '3.95 %'

30-03-2025T16:04:52 - [TEST_STEP][PASSED] - b311 = ").trim(): Text of object 'Object Repository/Выручка в рублях/span12 Perc' is: '-2.24 %'

30-03-2025T16:04:52 - [MESSAGE][PASSED] - Text of object 'Object Repository/Выручка в рублях/span12 Perc' is: '-2.24 %'

30-03-2025T16:04:52 - [TEST_STEP][PASSED] - b312 = ").trim(): Text of object 'Object Repository/Выручка в рублях/span13 Perc' is: '-9.45 %'

30-03-2025T16:04:53 - [MESSAGE][PASSED] - Text of object 'Object Repository/Выручка в рублях/span13 Perc' is: '-9.45 %'

30-03-2025T16:04:53 - [TEST_STEP][PASSED] - b313 = ").trim(): Text of object 'Object Repository/Выручка в рублях/span14 Perc' is: '-3.3 %'

30-03-2025T16:04:53 - [MESSAGE][PASSED] - Text of object 'Object Repository/Выручка в рублях/span14 Perc' is: '-3.3 %'

30-03-2025T16:04:53 - [TEST_STEP][PASSED] - b314 = ").trim(): Text of object 'Object Repository/Выручка в рублях/span15 Perc' is: '-50.04 %'

30-03-2025T16:04:53 - [MESSAGE][PASSED] - Text of object 'Object Repository/Выручка в рублях/span15 Perc' is: '-50.04 %'

30-03-2025T16:04:53 - [TEST_STEP][PASSED] - b315 = ").trim(): Text of object 'Object Repository/Выручка в рублях/span16 Perc' is: '-2.12 %'

30-03-2025T16:04:54 - [MESSAGE][PASSED] - Text of object 'Object Repository/Выручка в рублях/span16 Perc' is: '-2.12 %'

30-03-2025T16:04:54 - [TEST_STEP][PASSED] - b316 = ").trim(): Text of object 'Object Repository/Выручка в рублях/span17 Perc' is: '-1.84 %'

30-03-2025T16:04:54 - [MESSAGE][PASSED] - Text of object 'Object Repository/Выручка в рублях/span17 Perc' is: '-1.84 %'

30-03-2025T16:04:54 - [TEST_STEP][PASSED] - b317 = ").trim(): Text of object 'Object Repository/Выручка в рублях/span18 Perc' is: '0.5 %'

30-03-2025T16:04:54 - [MESSAGE][PASSED] - Text of object 'Object Repository/Выручка в рублях/span18 Perc' is: '0.5 %'

30-03-2025T16:04:54 - [TEST_STEP][PASSED] - b318 = ").trim(): Text of object 'Object Repository/Выручка в рублях/span19 Perc' is: '2.48 %'

30-03-2025T16:04:54 - [MESSAGE][PASSED] - Text of object 'Object Repository/Выручка в рублях/span19 Perc' is: '2.48 %'

30-03-2025T16:04:54 - [TEST_STEP][PASSED] - dZO = "ПАО Россети": null

30-03-2025T16:04:54 - [TEST_STEP][PASSED] - if (verifyEqual(a1, b1) == false): Actual object '318 025' and expected object '318 025' are equal

30-03-2025T16:04:54 - [MESSAGE][PASSED] - Actual object '318 025' and expected object '318 025' are equal

30-03-2025T16:04:54 - [TEST_STEP][PASSED] - if (verifyEqual(a2, b2) == false): Actual object '284 426' and expected object '284 426' are equal

30-03-2025T16:04:54 - [MESSAGE][PASSED] - Actual object '284 426' and expected object '284 426' are equal

30-03-2025T16:04:54 - [TEST_STEP][PASSED] - vidget = "Отклонения": null

30-03-2025T16:04:54 - [TEST_STEP][PASSED] - if (verifyEqual(a30, b30) == false): Actual object '-10.56' and expected object '-10.56' are equal

30-03-2025T16:04:54 - [MESSAGE][PASSED] - Actual object '-10.56' and expected object '-10.56' are equal

30-03-2025T16:04:54 - [TEST_STEP][PASSED] - dZO = "АО «РЭС»": null

30-03-2025T16:04:54 - [TEST_STEP][PASSED] - if (verifyEqual(a31, b31) == false): Actual object '-3.76' and expected object '-3.76' are equal

30-03-2025T16:04:54 - [MESSAGE][PASSED] - Actual object '-3.76' and expected object '-3.76' are equal

30-03-2025T16:04:54 - [TEST_STEP][PASSED] - dZO = "АО «Тываэнерго»": null

30-03-2025T16:04:54 - [TEST_STEP][PASSED] - if (verifyEqual(a32, b32) == false): Actual object '5.38' and expected object '5.38' are equal

30-03-2025T16:04:54 - [MESSAGE][PASSED] - Actual object '5.38' and expected object '5.38' are equal

30-03-2025T16:04:55 - [TEST_STEP][PASSED] - dZO = "АО «Чеченэнерго»": null

30-03-2025T16:04:55 - [TEST_STEP][PASSED] - if (verifyEqual(a33, b33) == false): Actual object '-7.67' and expected object '-7.67' are equal

30-03-2025T16:04:55 - [MESSAGE][PASSED] - Actual object '-7.67' and expected object '-7.67' are equal

30-03-2025T16:04:55 - [TEST_STEP][PASSED] - dZO = "Россети Волга": null

30-03-2025T16:04:55 - [TEST_STEP][PASSED] - if (verifyEqual(a34, b34) == false): Actual object '-1.27' and expected object '-1.27' are equal

30-03-2025T16:04:55 - [MESSAGE][PASSED] - Actual object '-1.27' and expected object '-1.27' are equal

30-03-2025T16:04:55 - [TEST_STEP][PASSED] - dZO = "Россети Кубань": null

30-03-2025T16:04:55 - [TEST_STEP][PASSED] - if (verifyEqual(a35, b35) == false): Actual object '3.73' and expected object '3.73' are equal

30-03-2025T16:04:55 - [MESSAGE][PASSED] - Actual object '3.73' and expected object '3.73' are equal

30-03-2025T16:04:55 - [TEST_STEP][PASSED] - dZO = "Россети Ленэнерго (ГК)": null

30-03-2025T16:04:55 - [TEST_STEP][PASSED] - if (verifyEqual(a36, b36) == false): Actual object '-1.07' and expected object '-1.07' are equal

30-03-2025T16:04:55 - [MESSAGE][PASSED] - Actual object '-1.07' and expected object '-1.07' are equal

30-03-2025T16:04:55 - [TEST_STEP][PASSED] - dZO = "Россети Московский регион": null

30-03-2025T16:04:55 - [TEST_STEP][PASSED] - if (verifyEqual(a37, b37) == false): Actual object '-3.07' and expected object '-3.07' are equal

30-03-2025T16:04:55 - [MESSAGE][PASSED] - Actual object '-3.07' and expected object '-3.07' are equal

30-03-2025T16:04:55 - [TEST_STEP][PASSED] - dZO = "Россети Северный Кавказ (ГК)": null

30-03-2025T16:04:55 - [TEST_STEP][PASSED] - if (verifyEqual(a38, b38) == false): Actual object '-9.46' and expected object '-9.46' are equal

30-03-2025T16:04:55 - [MESSAGE][PASSED] - Actual object '-9.46' and expected object '-9.46' are equal

30-03-2025T16:04:55 - [TEST_STEP][PASSED] - dZO = "Россети Северо-Запад": null

30-03-2025T16:04:55 - [TEST_STEP][PASSED] - if (verifyEqual(a39, b39) == false): Actual object '-1.71' and expected object '-1.71' are equal

30-03-2025T16:04:55 - [MESSAGE][PASSED] - Actual object '-1.71' and expected object '-1.71' are equal

30-03-2025T16:04:55 - [TEST_STEP][PASSED] - dZO = "Россети Сибирь (ГК)": null

30-03-2025T16:04:55 - [TEST_STEP][PASSED] - if (verifyEqual(a310, b310) == false): Actual object '3.95' and expected object '3.95' are equal

30-03-2025T16:04:55 - [MESSAGE][PASSED] - Actual object '3.95' and expected object '3.95' are equal

30-03-2025T16:04:55 - [TEST_STEP][PASSED] - dZO = "Россети Томск": null

30-03-2025T16:04:55 - [TEST_STEP][PASSED] - if (verifyEqual(a311, b311) == false): Actual object '-2.24' and expected object '-2.24' are equal

30-03-2025T16:04:55 - [MESSAGE][PASSED] - Actual object '-2.24' and expected object '-2.24' are equal

30-03-2025T16:04:55 - [TEST_STEP][PASSED] - dZO = "Россети Тюмень": null

30-03-2025T16:04:55 - [TEST_STEP][PASSED] - if (verifyEqual(a312, b312) == false): Actual object '-9.45' and expected object '-9.45' are equal

30-03-2025T16:04:55 - [MESSAGE][PASSED] - Actual object '-9.45' and expected object '-9.45' are equal

30-03-2025T16:04:55 - [TEST_STEP][PASSED] - dZO = "Россети Урал (ГК)": null

30-03-2025T16:04:55 - [TEST_STEP][PASSED] - if (verifyEqual(a313, b313) == false): Actual object '-3.3' and expected object '-3.3' are equal

30-03-2025T16:04:55 - [MESSAGE][PASSED] - Actual object '-3.3' and expected object '-3.3' are equal

30-03-2025T16:04:55 - [TEST_STEP][PASSED] - dZO = "Россети ФСК ЕЭС": null

30-03-2025T16:04:55 - [TEST_STEP][PASSED] - if (verifyEqual(a314, b314) == false): Actual object '-50.04' and expected object '-50.04' are equal

30-03-2025T16:04:55 - [MESSAGE][PASSED] - Actual object '-50.04' and expected object '-50.04' are equal

30-03-2025T16:04:55 - [TEST_STEP][PASSED] - dZO = "Россети Центр": null

30-03-2025T16:04:55 - [TEST_STEP][PASSED] - if (verifyEqual(a315, b315) == false): Actual object '-2.12' and expected object '-2.12' are equal

30-03-2025T16:04:55 - [MESSAGE][PASSED] - Actual object '-2.12' and expected object '-2.12' are equal

30-03-2025T16:04:55 - [TEST_STEP][PASSED] - dZO = "Россети Центр и Приволжье (ГК)": null

30-03-2025T16:04:55 - [TEST_STEP][PASSED] - if (verifyEqual(a316, b316) == false): Actual object '-1.84' and expected object '-1.84' are equal

30-03-2025T16:04:55 - [MESSAGE][PASSED] - Actual object '-1.84' and expected object '-1.84' are equal

30-03-2025T16:04:55 - [TEST_STEP][PASSED] - dZO = "Россети Юг (ГК)": null

30-03-2025T16:04:55 - [TEST_STEP][PASSED] - if (verifyEqual(a317, b317) == false): Actual object '0.5' and expected object '0.5' are equal

30-03-2025T16:04:55 - [MESSAGE][PASSED] - Actual object '0.5' and expected object '0.5' are equal

30-03-2025T16:04:55 - [TEST_STEP][PASSED] - dZO = "Россети Янтарь": null

30-03-2025T16:04:55 - [TEST_STEP][PASSED] - if (verifyEqual(a318, b318) == false): Actual object '2.48' and expected object '2.48' are equal

30-03-2025T16:04:55 - [MESSAGE][PASSED] - Actual object '2.48' and expected object '2.48' are equal

30-03-2025T16:04:55 - [TEST_STEP][PASSED] - closeBrowser(): null

30-03-2025T16:04:55 - [MESSAGE][PASSED] - Browser is closed

30-03-2025T16:04:55 - [TEST_STEP][PASSED] - Script1742558545601.Blocks(run, vir, block, nameOfBlock, typeOfData, viruchka, vidget, todaysDate, a, b, dZO, x, y): null

30-03-2025T16:04:55 - [TEST_STEP][PASSED] - i = <not implemented yet for class: org.codehaus.groovy.ast.expr.EmptyExpression>: null

30-03-2025T16:04:55 - [TEST_STEP][PASSED] - perc = "": null

30-03-2025T16:04:55 - [TEST_STEP][PASSED] - a1 = <not implemented yet for class: org.codehaus.groovy.ast.expr.EmptyExpression>: null

30-03-2025T16:04:55 - [TEST_STEP][PASSED] - a2 = <not implemented yet for class: org.codehaus.groovy.ast.expr.EmptyExpression>: null

30-03-2025T16:04:55 - [TEST_STEP][PASSED] - a30 = <not implemented yet for class: org.codehaus.groovy.ast.expr.EmptyExpression>: null

30-03-2025T16:04:55 - [TEST_STEP][PASSED] - a31 = <not implemented yet for class: org.codehaus.groovy.ast.expr.EmptyExpression>: null

30-03-2025T16:04:55 - [TEST_STEP][PASSED] - a32 = <not implemented yet for class: org.codehaus.groovy.ast.expr.EmptyExpression>: null

30-03-2025T16:04:55 - [TEST_STEP][PASSED] - a33 = <not implemented yet for class: org.codehaus.groovy.ast.expr.EmptyExpression>: null

30-03-2025T16:04:55 - [TEST_STEP][PASSED] - a34 = <not implemented yet for class: org.codehaus.groovy.ast.expr.EmptyExpression>: null

30-03-2025T16:04:55 - [TEST_STEP][PASSED] - a35 = <not implemented yet for class: org.codehaus.groovy.ast.expr.EmptyExpression>: null

30-03-2025T16:04:55 - [TEST_STEP][PASSED] - a36 = <not implemented yet for class: org.codehaus.groovy.ast.expr.EmptyExpression>: null

30-03-2025T16:04:55 - [TEST_STEP][PASSED] - a37 = <not implemented yet for class: org.codehaus.groovy.ast.expr.EmptyExpression>: null

30-03-2025T16:04:55 - [TEST_STEP][PASSED] - a38 = <not implemented yet for class: org.codehaus.groovy.ast.expr.EmptyExpression>: null

30-03-2025T16:04:55 - [TEST_STEP][PASSED] - a39 = <not implemented yet for class: org.codehaus.groovy.ast.expr.EmptyExpression>: null

30-03-2025T16:04:55 - [TEST_STEP][PASSED] - a310 = <not implemented yet for class: org.codehaus.groovy.ast.expr.EmptyExpression>: null

30-03-2025T16:04:55 - [TEST_STEP][PASSED] - a311 = <not implemented yet for class: org.codehaus.groovy.ast.expr.EmptyExpression>: null

30-03-2025T16:04:55 - [TEST_STEP][PASSED] - a312 = <not implemented yet for class: org.codehaus.groovy.ast.expr.EmptyExpression>: null

30-03-2025T16:04:55 - [TEST_STEP][PASSED] - a313 = <not implemented yet for class: org.codehaus.groovy.ast.expr.EmptyExpression>: null

30-03-2025T16:04:55 - [TEST_STEP][PASSED] - a314 = <not implemented yet for class: org.codehaus.groovy.ast.expr.EmptyExpression>: null

30-03-2025T16:04:55 - [TEST_STEP][PASSED] - a315 = <not implemented yet for class: org.codehaus.groovy.ast.expr.EmptyExpression>: null

30-03-2025T16:04:55 - [TEST_STEP][PASSED] - a316 = <not implemented yet for class: org.codehaus.groovy.ast.expr.EmptyExpression>: null

30-03-2025T16:04:55 - [TEST_STEP][PASSED] - a317 = <not implemented yet for class: org.codehaus.groovy.ast.expr.EmptyExpression>: null

30-03-2025T16:04:55 - [TEST_STEP][PASSED] - a318 = <not implemented yet for class: org.codehaus.groovy.ast.expr.EmptyExpression>: null

30-03-2025T16:04:55 - [TEST_STEP][PASSED] - b1 = <not implemented yet for class: org.codehaus.groovy.ast.expr.EmptyExpression>: null

30-03-2025T16:04:55 - [TEST_STEP][PASSED] - b2 = <not implemented yet for class: org.codehaus.groovy.ast.expr.EmptyExpression>: null

30-03-2025T16:04:55 - [TEST_STEP][PASSED] - b30 = <not implemented yet for class: org.codehaus.groovy.ast.expr.EmptyExpression>: null

30-03-2025T16:04:55 - [TEST_STEP][PASSED] - b31 = <not implemented yet for class: org.codehaus.groovy.ast.expr.EmptyExpression>: null

30-03-2025T16:04:55 - [TEST_STEP][PASSED] - b32 = <not implemented yet for class: org.codehaus.groovy.ast.expr.EmptyExpression>: null

30-03-2025T16:04:55 - [TEST_STEP][PASSED] - b33 = <not implemented yet for class: org.codehaus.groovy.ast.expr.EmptyExpression>: null

30-03-2025T16:04:55 - [TEST_STEP][PASSED] - b34 = <not implemented yet for class: org.codehaus.groovy.ast.expr.EmptyExpression>: null

30-03-2025T16:04:55 - [TEST_STEP][PASSED] - b35 = <not implemented yet for class: org.codehaus.groovy.ast.expr.EmptyExpression>: null

30-03-2025T16:04:55 - [TEST_STEP][PASSED] - b36 = <not implemented yet for class: org.codehaus.groovy.ast.expr.EmptyExpression>: null

30-03-2025T16:04:55 - [TEST_STEP][PASSED] - b37 = <not implemented yet for class: org.codehaus.groovy.ast.expr.EmptyExpression>: null

30-03-2025T16:04:55 - [TEST_STEP][PASSED] - b38 = <not implemented yet for class: org.codehaus.groovy.ast.expr.EmptyExpression>: null

30-03-2025T16:04:55 - [TEST_STEP][PASSED] - b39 = <not implemented yet for class: org.codehaus.groovy.ast.expr.EmptyExpression>: null

30-03-2025T16:04:55 - [TEST_STEP][PASSED] - b310 = <not implemented yet for class: org.codehaus.groovy.ast.expr.EmptyExpression>: null

30-03-2025T16:04:55 - [TEST_STEP][PASSED] - b311 = <not implemented yet for class: org.codehaus.groovy.ast.expr.EmptyExpression>: null

30-03-2025T16:04:55 - [TEST_STEP][PASSED] - b312 = <not implemented yet for class: org.codehaus.groovy.ast.expr.EmptyExpression>: null

30-03-2025T16:04:55 - [TEST_STEP][PASSED] - b313 = <not implemented yet for class: org.codehaus.groovy.ast.expr.EmptyExpression>: null

30-03-2025T16:04:55 - [TEST_STEP][PASSED] - b314 = <not implemented yet for class: org.codehaus.groovy.ast.expr.EmptyExpression>: null

30-03-2025T16:04:55 - [TEST_STEP][PASSED] - b315 = <not implemented yet for class: org.codehaus.groovy.ast.expr.EmptyExpression>: null

30-03-2025T16:04:55 - [TEST_STEP][PASSED] - b316 = <not implemented yet for class: org.codehaus.groovy.ast.expr.EmptyExpression>: null

30-03-2025T16:04:55 - [TEST_STEP][PASSED] - b317 = <not implemented yet for class: org.codehaus.groovy.ast.expr.EmptyExpression>: null

30-03-2025T16:04:55 - [TEST_STEP][PASSED] - b318 = <not implemented yet for class: org.codehaus.groovy.ast.expr.EmptyExpression>: null

30-03-2025T16:04:55 - [TEST_STEP][PASSED] - block = 1: null

30-03-2025T16:04:55 - [TEST_STEP][PASSED] - nameOfBlock = "": null

30-03-2025T16:04:55 - [TEST_STEP][PASSED] - Script1742558545601.PreSettings(run, vir, block, nameOfBlock, typeOfData, todaysDate): null

30-03-2025T16:04:55 - [TEST_STEP][PASSED] - openBrowser(""): Browser is opened with url: ''

30-03-2025T16:04:55 - [MESSAGE][INFO] - Starting 'Chrome' driver

30-03-2025T16:04:55 - [MESSAGE][INFO] - Action delay is set to 0 milliseconds

30-03-2025T16:04:56 - [MESSAGE][PASSED] - Browser is opened with url: ''

30-03-2025T16:04:56 - [TEST_STEP][PASSED] - refresh(): Refresh successfully

30-03-2025T16:04:56 - [MESSAGE][PASSED] - Refresh successfully

30-03-2025T16:04:56 - [TEST_STEP][PASSED] - delay(50): Delayed 50 second(s)

30-03-2025T16:05:46 - [MESSAGE][PASSED] - Delayed 50 second(s)

30-03-2025T16:05:46 - [TEST_STEP][PASSED] - println("run:" + run): null

30-03-2025T16:05:46 - [TEST_STEP][PASSED] - println("vir:" + vir): null

30-03-2025T16:05:46 - [TEST_STEP][PASSED] - println("block:" + block): null

30-03-2025T16:05:46 - [TEST_STEP][PASSED] - if (block == 1): null

30-03-2025T16:05:46 - [TEST_STEP][PASSED] - nameOfBlock = "": null

30-03-2025T16:05:46 - [TEST_STEP][PASSED] - println("nameOfBlock:" + nameOfBlock): null

30-03-2025T16:05:46 - [TEST_STEP][PASSED] - println("typeOfData:" + typeOfData): null

30-03-2025T16:05:46 - [TEST_STEP][PASSED] - println("todaysDate:" + todaysDate): null

30-03-2025T16:05:46 - [TEST_STEP][PASSED] - Script1742558545601.Autorization(block, nameOfBlock): null

30-03-2025T16:05:46 - [TEST_STEP][PASSED] - i = <not implemented yet for class: org.codehaus.groovy.ast.expr.EmptyExpression>: null

30-03-2025T16:05:46 - [TEST_STEP][PASSED] - ii = <not implemented yet for class: org.codehaus.groovy.ast.expr.EmptyExpression>: null

30-03-2025T16:05:46 - [TEST_STEP][PASSED] - urlData = <not implemented yet for class: org.codehaus.groovy.ast.expr.EmptyExpression>: null

30-03-2025T16:05:46 - [TEST_STEP][PASSED] - searchWord = <not implemented yet for class: org.codehaus.groovy.ast.expr.EmptyExpression>: null

30-03-2025T16:05:46 - [TEST_STEP][PASSED] - urlText = <not implemented yet for class: org.codehaus.groovy.ast.expr.EmptyExpression>: null

30-03-2025T16:05:46 - [TEST_STEP][PASSED] - println("block:" + block): null

30-03-2025T16:05:46 - [TEST_STEP][PASSED] - if (block == 1): null

30-03-2025T16:05:46 - [TEST_STEP][PASSED] - nameOfBlock = "": null

30-03-2025T16:05:46 - [TEST_STEP][PASSED] - println("nameOfBlock:" + nameOfBlock): null

30-03-2025T16:05:46 - [TEST_STEP][PASSED] - if (block == 1): Delayed 45 second(s)

30-03-2025T16:05:46 - [TEST_STEP][PASSED] - urlData = 2: null

30-03-2025T16:05:46 - [TEST_STEP][PASSED] - delay(45): Delayed 45 second(s)

30-03-2025T16:06:31 - [MESSAGE][PASSED] - Delayed 45 second(s)

30-03-2025T16:06:31 - [TEST_STEP][PASSED] - navigateToUrl(findTestData("PlanFact").getValue(10, urlData)): Navigate to 'https://bi.rosseti.digital/viewer?dashboardGuid=2301950b23be4ed89c1df75f2020051e&sheetGuid=b723206f698544fb87299f3095c00435&fit=true' successfully

30-03-2025T16:06:35 - [MESSAGE][PASSED] - Navigate to 'https://bi.rosseti.digital/viewer?dashboardGuid=2301950b23be4ed89c1df75f2020051e&sheetGuid=b723206f698544fb87299f3095c00435&fit=true' successfully

30-03-2025T16:06:35 - [TEST_STEP][PASSED] - urlText = getText(findTestObject("Страница авторизации/Text")): Text of object 'Object Repository/Страница авторизации/Text' is: 'Вход'

30-03-2025T16:06:36 - [MESSAGE][PASSED] - Text of object 'Object Repository/Страница авторизации/Text' is: 'Вход'

30-03-2025T16:06:36 - [TEST_STEP][PASSED] - searchWord = "Вход": null

30-03-2025T16:06:36 - [TEST_STEP][PASSED] - if (urlText == null || urlText.contains("ошибка") || urlText.contains(searchWord) == false): null

30-03-2025T16:06:36 - [TEST_STEP][PASSED] - if (verifyElementPresent(findTestObject("Страница авторизации/button_"), 30) == true): null

30-03-2025T16:06:37 - [MESSAGE][PASSED] - Object 'Object Repository/Страница авторизации/button_' is present

30-03-2025T16:06:37 - [TEST_STEP][PASSED] - setText(findTestObject("Страница авторизации/input__username"), findTestData("PlanFact").getValue(8, 1)): Text 'liazgina-di' is set on object 'Object Repository/Страница авторизации/input__username'

30-03-2025T16:06:37 - [MESSAGE][PASSED] - Text 'liazgina-di' is set on object 'Object Repository/Страница авторизации/input__username'

30-03-2025T16:06:37 - [TEST_STEP][PASSED] - setText(findTestObject("Страница авторизации/input__password"), findTestData("PlanFact").getValue(9, 1)): Text ')$%5srZ8o688Dm#q' is set on object 'Object Repository/Страница авторизации/input__password'

30-03-2025T16:06:38 - [MESSAGE][PASSED] - Text ')$%5srZ8o688Dm#q' is set on object 'Object Repository/Страница авторизации/input__password'

30-03-2025T16:06:38 - [TEST_STEP][PASSED] - click(findTestObject("Страница авторизации/button_")): Object: 'Object Repository/Страница авторизации/button_' is clicked on

30-03-2025T16:06:39 - [MESSAGE][PASSED] - Object: 'Object Repository/Страница авторизации/button_' is clicked on

30-03-2025T16:06:39 - [TEST_STEP][PASSED] - delay(45): Delayed 45 second(s)

30-03-2025T16:07:24 - [MESSAGE][PASSED] - Delayed 45 second(s)

30-03-2025T16:07:24 - [TEST_STEP][PASSED] - urlText = getText(findTestObject("Страница авторизации/Text")): Text of object 'Object Repository/Страница авторизации/Text' is: 'Период
Январь, Февраль 2025 года
Выручка
Все
Выполнение плановых показателей по ПАО Россети за Январь, Февраль 2025 года
План
Факт
Динамика
2025 год
0 млн.руб.
25 000 млн.руб.
50 000 млн.руб.
75 000 млн.руб.
100 000 млн.руб.
125 000 млн.руб.
150 000 млн.руб.
175 000 млн.руб.
200 000 млн.руб.
225 000 млн.руб.
250 000 млн.руб.
275 000 млн.руб.
300 000 млн.руб.
325 000 млн.руб.
350 000 млн.руб.
375 000 млн.руб.
318 025
284 426
↓
ДЗО 
ПАО Россети
Внутренний оборот - выручка за услуги по передаче электрической энергии, учтенная в выручке за электроэнергию для конечных потребителей, при выполнении ДЗО функций гарантирующего поставщика
Подписи данных
⬤Отклонение
АО "РЭС"
АО «Тываэнерго»
АО «Чеченэнерго»
Россети Волга
Россети Кубань
Россети Ленэнерго (ГК)
Россети Московский регион
Россети Северный Кавказ (ГК)
Россети Северо-Запад
Россети Сибирь (ГК)
Россети Томск
Россети Тюмень
Россети Урал (ГК)
Россети ФСК ЕЭС
Россети Центр
Россети Центр и Приволжье (ГК)
Россети Юг (ГК)
Россети Янтарь
-30 000млн.руб.
-25 000млн.руб.
-20 000млн.руб.
-15 000млн.руб.
-10 000млн.руб.
-5 000млн.руб.
0 млн.руб.
5 00…
-170
27
-76
-270
552
-244
-1 353
-805
-232
848
-47
-1 858
-701
-28 384
-520
-484
68
50
млн.
%
Выручка
Отклонение выручки по ПАО Россети за Январь, Февраль 2025 года (факт/план, млн. руб)
ПАО Россети
-33 598.6 млн.руб.
 '

30-03-2025T16:07:25 - [MESSAGE][PASSED] - Text of object 'Object Repository/Страница авторизации/Text' is: 'Период
Январь, Февраль 2025 года
Выручка
Все
Выполнение плановых показателей по ПАО Россети за Январь, Февраль 2025 года
План
Факт
Динамика
2025 год
0 млн.руб.
25 000 млн.руб.
50 000 млн.руб.
75 000 млн.руб.
100 000 млн.руб.
125 000 млн.руб.
150 000 млн.руб.
175 000 млн.руб.
200 000 млн.руб.
225 000 млн.руб.
250 000 млн.руб.
275 000 млн.руб.
300 000 млн.руб.
325 000 млн.руб.
350 000 млн.руб.
375 000 млн.руб.
318 025
284 426
↓
ДЗО 
ПАО Россети
Внутренний оборот - выручка за услуги по передаче электрической энергии, учтенная в выручке за электроэнергию для конечных потребителей, при выполнении ДЗО функций гарантирующего поставщика
Подписи данных
⬤Отклонение
АО "РЭС"
АО «Тываэнерго»
АО «Чеченэнерго»
Россети Волга
Россети Кубань
Россети Ленэнерго (ГК)
Россети Московский регион
Россети Северный Кавказ (ГК)
Россети Северо-Запад
Россети Сибирь (ГК)
Россети Томск
Россети Тюмень
Россети Урал (ГК)
Россети ФСК ЕЭС
Россети Центр
Россети Центр и Приволжье (ГК)
Россети Юг (ГК)
Россети Янтарь
-30 000млн.руб.
-25 000млн.руб.
-20 000млн.руб.
-15 000млн.руб.
-10 000млн.руб.
-5 000млн.руб.
0 млн.руб.
5 00…
-170
27
-76
-270
552
-244
-1 353
-805
-232
848
-47
-1 858
-701
-28 384
-520
-484
68
50
млн.
%
Выручка
Отклонение выручки по ПАО Россети за Январь, Февраль 2025 года (факт/план, млн. руб)
ПАО Россети
-33 598.6 млн.руб.
 '

30-03-2025T16:07:25 - [TEST_STEP][PASSED] - searchWord = "а": null

30-03-2025T16:07:25 - [TEST_STEP][PASSED] - if (urlText.contains("ошибка") || urlText.contains(searchWord) == false): null

30-03-2025T16:07:25 - [TEST_STEP][PASSED] - delay(45): Delayed 45 second(s)

30-03-2025T16:08:10 - [MESSAGE][PASSED] - Delayed 45 second(s)

30-03-2025T16:08:10 - [TEST_STEP][PASSED] - if (block == 2): null

30-03-2025T16:08:10 - [TEST_STEP][PASSED] - click(findTestObject("Выручка в рублях/Фильтр Период" + nameOfBlock)): Object: 'Object Repository/Выручка в рублях/Фильтр Период' is clicked on

30-03-2025T16:08:10 - [MESSAGE][PASSED] - Object: 'Object Repository/Выручка в рублях/Фильтр Период' is clicked on

30-03-2025T16:08:10 - [TEST_STEP][PASSED] - click(findTestObject("Выручка в рублях/Снять выделение в фильтре Дата" + nameOfBlock)): Object: 'Object Repository/Выручка в рублях/Снять выделение в фильтре Дата' is clicked on

30-03-2025T16:08:11 - [MESSAGE][PASSED] - Object: 'Object Repository/Выручка в рублях/Снять выделение в фильтре Дата' is clicked on

30-03-2025T16:08:11 - [TEST_STEP][PASSED] - click(findTestObject("Выручка в рублях/Применить в фильтре Дата" + nameOfBlock)): Object: 'Object Repository/Выручка в рублях/Применить в фильтре Дата' is clicked on

30-03-2025T16:08:11 - [MESSAGE][PASSED] - Object: 'Object Repository/Выручка в рублях/Применить в фильтре Дата' is clicked on

30-03-2025T16:08:11 - [TEST_STEP][PASSED] - delay(50): Delayed 50 second(s)

30-03-2025T16:09:01 - [MESSAGE][PASSED] - Delayed 50 second(s)

30-03-2025T16:09:01 - [TEST_STEP][PASSED] - click(findTestObject("Выручка в рублях/Фильтр Период" + nameOfBlock)): Object: 'Object Repository/Выручка в рублях/Фильтр Период' is clicked on

30-03-2025T16:09:02 - [MESSAGE][PASSED] - Object: 'Object Repository/Выручка в рублях/Фильтр Период' is clicked on

30-03-2025T16:09:02 - [TEST_STEP][PASSED] - click(findTestObject("Выручка в рублях/Снять выделение в фильтре Дата" + nameOfBlock)): Object: 'Object Repository/Выручка в рублях/Снять выделение в фильтре Дата' is clicked on

30-03-2025T16:09:02 - [MESSAGE][PASSED] - Object: 'Object Repository/Выручка в рублях/Снять выделение в фильтре Дата' is clicked on

30-03-2025T16:09:02 - [TEST_STEP][PASSED] - scrollToElement(findTestObject("Выручка в рублях/2025 список" + nameOfBlock), 30): Scroll to object 'Object Repository/Выручка в рублях/2025 список' successfully

30-03-2025T16:09:03 - [MESSAGE][PASSED] - Scroll to object 'Object Repository/Выручка в рублях/2025 список' successfully

30-03-2025T16:09:03 - [TEST_STEP][PASSED] - click(findTestObject("Выручка в рублях/2025 список" + nameOfBlock)): Object: 'Object Repository/Выручка в рублях/2025 список' is clicked on

30-03-2025T16:09:03 - [MESSAGE][PASSED] - Object: 'Object Repository/Выручка в рублях/2025 список' is clicked on

30-03-2025T16:09:03 - [TEST_STEP][PASSED] - scrollToElement(findTestObject("Выручка в рублях/1 квартал 2025 список Выручка"), 30): Scroll to object 'Object Repository/Выручка в рублях/1 квартал 2025 список Выручка' successfully

30-03-2025T16:09:03 - [MESSAGE][PASSED] - Scroll to object 'Object Repository/Выручка в рублях/1 квартал 2025 список Выручка' successfully

30-03-2025T16:09:03 - [TEST_STEP][PASSED] - click(findTestObject("Выручка в рублях/1 квартал 2025 список" + nameOfBlock)): Object: 'Object Repository/Выручка в рублях/1 квартал 2025 список' is clicked on

30-03-2025T16:09:04 - [MESSAGE][PASSED] - Object: 'Object Repository/Выручка в рублях/1 квартал 2025 список' is clicked on

30-03-2025T16:09:04 - [TEST_STEP][PASSED] - scrollToElement(findTestObject("Выручка в рублях/Январь 2025" + nameOfBlock), 30): Scroll to object 'Object Repository/Выручка в рублях/Январь 2025' successfully

30-03-2025T16:09:04 - [MESSAGE][PASSED] - Scroll to object 'Object Repository/Выручка в рублях/Январь 2025' successfully

30-03-2025T16:09:04 - [TEST_STEP][PASSED] - click(findTestObject("Выручка в рублях/Январь 2025" + nameOfBlock)): Object: 'Object Repository/Выручка в рублях/Январь 2025' is clicked on

30-03-2025T16:09:04 - [MESSAGE][PASSED] - Object: 'Object Repository/Выручка в рублях/Январь 2025' is clicked on

30-03-2025T16:09:04 - [TEST_STEP][PASSED] - scrollToElement(findTestObject("Выручка в рублях/Февраль 2025" + nameOfBlock), 30): Scroll to object 'Object Repository/Выручка в рублях/Февраль 2025' successfully

30-03-2025T16:09:05 - [MESSAGE][PASSED] - Scroll to object 'Object Repository/Выручка в рублях/Февраль 2025' successfully

30-03-2025T16:09:05 - [TEST_STEP][PASSED] - click(findTestObject("Выручка в рублях/Февраль 2025" + nameOfBlock)): Object: 'Object Repository/Выручка в рублях/Февраль 2025' is clicked on

30-03-2025T16:09:05 - [MESSAGE][PASSED] - Object: 'Object Repository/Выручка в рублях/Февраль 2025' is clicked on

30-03-2025T16:09:05 - [TEST_STEP][PASSED] - scrollToElement(findTestObject("Выручка в рублях/Заголовок дашборда" + nameOfBlock), 30): Scroll to object 'Object Repository/Выручка в рублях/Заголовок дашборда' successfully

30-03-2025T16:09:06 - [MESSAGE][PASSED] - Scroll to object 'Object Repository/Выручка в рублях/Заголовок дашборда' successfully

30-03-2025T16:09:06 - [TEST_STEP][PASSED] - click(findTestObject("Выручка в рублях/Применить в фильтре Дата" + nameOfBlock)): Object: 'Object Repository/Выручка в рублях/Применить в фильтре Дата' is clicked on

30-03-2025T16:09:06 - [MESSAGE][PASSED] - Object: 'Object Repository/Выручка в рублях/Применить в фильтре Дата' is clicked on

30-03-2025T16:09:06 - [TEST_STEP][PASSED] - delay(55): Delayed 55 second(s)

30-03-2025T16:10:01 - [MESSAGE][PASSED] - Delayed 55 second(s)

30-03-2025T16:10:01 - [TEST_STEP][PASSED] - click(findTestObject("Выручка в рублях/Фильтр ДЗО" + nameOfBlock)): Object: 'Object Repository/Выручка в рублях/Фильтр ДЗО' is clicked on

30-03-2025T16:10:02 - [MESSAGE][PASSED] - Object: 'Object Repository/Выручка в рублях/Фильтр ДЗО' is clicked on

30-03-2025T16:10:02 - [TEST_STEP][PASSED] - click(findTestObject("Выручка в рублях/Снять выделение в фильтре ДЗО" + nameOfBlock)): Object: 'Object Repository/Выручка в рублях/Снять выделение в фильтре ДЗО' is clicked on

30-03-2025T16:10:02 - [MESSAGE][PASSED] - Object: 'Object Repository/Выручка в рублях/Снять выделение в фильтре ДЗО' is clicked on

30-03-2025T16:10:02 - [TEST_STEP][PASSED] - click(findTestObject("Выручка в рублях/Применить в фильтре ДЗО" + nameOfBlock)): Object: 'Object Repository/Выручка в рублях/Применить в фильтре ДЗО' is clicked on

30-03-2025T16:10:03 - [MESSAGE][PASSED] - Object: 'Object Repository/Выручка в рублях/Применить в фильтре ДЗО' is clicked on

30-03-2025T16:10:03 - [TEST_STEP][PASSED] - delay(50): Delayed 50 second(s)

30-03-2025T16:10:53 - [MESSAGE][PASSED] - Delayed 50 second(s)

30-03-2025T16:10:53 - [TEST_STEP][PASSED] - Script1742558545601.Tumbler(run, vir, block, nameOfBlock): null

30-03-2025T16:10:53 - [TEST_STEP][PASSED] - println("run:" + run): null

30-03-2025T16:10:53 - [TEST_STEP][PASSED] - println("vir:" + vir): null

30-03-2025T16:10:53 - [TEST_STEP][PASSED] - println("block:" + block): null

30-03-2025T16:10:53 - [TEST_STEP][PASSED] - println("nameOfBlock:" + nameOfBlock): null

30-03-2025T16:10:53 - [TEST_STEP][PASSED] - if (vir == 1): null

30-03-2025T16:10:53 - [TEST_STEP][PASSED] - else if (vir == 2): Object: 'Object Repository/Выручка в рублях/Применить в фильтре Выручка' is clicked on

30-03-2025T16:10:53 - [TEST_STEP][PASSED] - if (run == 2): Object: 'Object Repository/Выручка в рублях/Переключить отображение с млн на проценты Выручка в рублях' is clicked on

30-03-2025T16:10:53 - [TEST_STEP][PASSED] - click(findTestObject("Выручка в рублях/Переключить отображение с млн на проценты Выручка в рублях" + nameOfBlock)): Object: 'Object Repository/Выручка в рублях/Переключить отображение с млн на проценты Выручка в рублях' is clicked on

30-03-2025T16:10:53 - [MESSAGE][PASSED] - Object: 'Object Repository/Выручка в рублях/Переключить отображение с млн на проценты Выручка в рублях' is clicked on

30-03-2025T16:10:53 - [TEST_STEP][PASSED] - click(findTestObject("Выручка в рублях/Фильтр Выручка" + nameOfBlock)): Object: 'Object Repository/Выручка в рублях/Фильтр Выручка' is clicked on

30-03-2025T16:10:53 - [MESSAGE][PASSED] - Object: 'Object Repository/Выручка в рублях/Фильтр Выручка' is clicked on

30-03-2025T16:10:53 - [TEST_STEP][PASSED] - click(findTestObject("Выручка в рублях/Итого в фильтре Выручка" + nameOfBlock)): Object: 'Object Repository/Выручка в рублях/Итого в фильтре Выручка' is clicked on

30-03-2025T16:10:54 - [MESSAGE][PASSED] - Object: 'Object Repository/Выручка в рублях/Итого в фильтре Выручка' is clicked on

30-03-2025T16:10:54 - [TEST_STEP][PASSED] - click(findTestObject("Выручка в рублях/Применить в фильтре Выручка" + nameOfBlock)): Object: 'Object Repository/Выручка в рублях/Применить в фильтре Выручка' is clicked on

30-03-2025T16:10:55 - [MESSAGE][PASSED] - Object: 'Object Repository/Выручка в рублях/Применить в фильтре Выручка' is clicked on

30-03-2025T16:10:55 - [TEST_STEP][PASSED] - click(findTestObject("Выручка в рублях/Фильтр ДЗО" + nameOfBlock)): Object: 'Object Repository/Выручка в рублях/Фильтр ДЗО' is clicked on

30-03-2025T16:10:56 - [MESSAGE][PASSED] - Object: 'Object Repository/Выручка в рублях/Фильтр ДЗО' is clicked on

30-03-2025T16:10:56 - [TEST_STEP][PASSED] - Script1742558545601.Rosseti(nameOfBlock): null

30-03-2025T16:10:56 - [TEST_STEP][PASSED] - println("nameOfBlock:" + nameOfBlock): null

30-03-2025T16:10:56 - [TEST_STEP][PASSED] - click(findTestObject("Выручка в рублях/ПАО Россети" + nameOfBlock)): Object: 'Object Repository/Выручка в рублях/ПАО Россети' is clicked on

30-03-2025T16:10:57 - [MESSAGE][PASSED] - Object: 'Object Repository/Выручка в рублях/ПАО Россети' is clicked on

30-03-2025T16:10:57 - [TEST_STEP][PASSED] - click(findTestObject("Выручка в рублях/Применить в фильтре ДЗО" + nameOfBlock)): Object: 'Object Repository/Выручка в рублях/Применить в фильтре ДЗО' is clicked on

30-03-2025T16:10:58 - [MESSAGE][PASSED] - Object: 'Object Repository/Выручка в рублях/Применить в фильтре ДЗО' is clicked on

30-03-2025T16:10:58 - [TEST_STEP][PASSED] - if (run == 2): null

30-03-2025T16:10:58 - [TEST_STEP][PASSED] - perc = " Perc": null

30-03-2025T16:10:58 - [TEST_STEP][PASSED] - if (vir == 1 || vir == 2): Text of object 'Object Repository/Выручка в рублях/График План' is: '312 362'

30-03-2025T16:10:58 - [TEST_STEP][PASSED] - a1 = getText(findTestObject("Выручка в рублях/График План")): Text of object 'Object Repository/Выручка в рублях/График План' is: '312 362'

30-03-2025T16:10:59 - [MESSAGE][PASSED] - Text of object 'Object Repository/Выручка в рублях/График План' is: '312 362'

30-03-2025T16:10:59 - [TEST_STEP][PASSED] - if (vir == 1 || vir == 2): Text of object 'Object Repository/Выручка в рублях/График Факт' is: '279 580'

30-03-2025T16:10:59 - [TEST_STEP][PASSED] - a2 = getText(findTestObject("Выручка в рублях/График Факт")): Text of object 'Object Repository/Выручка в рублях/График Факт' is: '279 580'

30-03-2025T16:10:59 - [MESSAGE][PASSED] - Text of object 'Object Repository/Выручка в рублях/График Факт' is: '279 580'

30-03-2025T16:10:59 - [TEST_STEP][PASSED] - a30 = getText(findTestObject("Выручка в рублях/span1" + perc)): Text of object 'Object Repository/Выручка в рублях/span1 Perc' is: '-10.49 %'

30-03-2025T16:11:00 - [MESSAGE][PASSED] - Text of object 'Object Repository/Выручка в рублях/span1 Perc' is: '-10.49 %'

30-03-2025T16:11:00 - [TEST_STEP][PASSED] - i = a30.indexOf("млн.руб."): null

30-03-2025T16:11:00 - [TEST_STEP][PASSED] - if (i > -1): null

30-03-2025T16:11:00 - [TEST_STEP][PASSED] - if (a30.contains("%")): null

30-03-2025T16:11:00 - [TEST_STEP][PASSED] - a30 = a30.replaceAll("%", ""): null

30-03-2025T16:11:00 - [TEST_STEP][PASSED] - a30 = ").trim(): null

30-03-2025T16:11:00 - [TEST_STEP][PASSED] - println("a30: " + a30): null

30-03-2025T16:11:00 - [TEST_STEP][PASSED] - if (vir == 1): null

30-03-2025T16:11:00 - [TEST_STEP][PASSED] - else if (vir == 2): Text of object 'Object Repository/Выручка в рублях/span18 Perc' is: '2.48 %'

30-03-2025T16:11:00 - [TEST_STEP][PASSED] - a31 = ").trim(): Text of object 'Object Repository/Выручка в рублях/span2 Perc' is: '-3.76 %'

30-03-2025T16:11:00 - [MESSAGE][PASSED] - Text of object 'Object Repository/Выручка в рублях/span2 Perc' is: '-3.76 %'

30-03-2025T16:11:00 - [TEST_STEP][PASSED] - a32 = ").trim(): Text of object 'Object Repository/Выручка в рублях/span3 Perc' is: '-0.2 %'

30-03-2025T16:11:00 - [MESSAGE][PASSED] - Text of object 'Object Repository/Выручка в рублях/span3 Perc' is: '-0.2 %'

30-03-2025T16:11:00 - [TEST_STEP][PASSED] - a34 = ").trim(): Text of object 'Object Repository/Выручка в рублях/span4 Perc' is: '-1.27 %'

30-03-2025T16:11:00 - [MESSAGE][PASSED] - Text of object 'Object Repository/Выручка в рублях/span4 Perc' is: '-1.27 %'

30-03-2025T16:11:00 - [TEST_STEP][PASSED] - a35 = ").trim(): Text of object 'Object Repository/Выручка в рублях/span5 Perc' is: '3.73 %'

30-03-2025T16:11:01 - [MESSAGE][PASSED] - Text of object 'Object Repository/Выручка в рублях/span5 Perc' is: '3.73 %'

30-03-2025T16:11:01 - [TEST_STEP][PASSED] - a36 = ").trim(): Text of object 'Object Repository/Выручка в рублях/span6 Perc' is: '-1.07 %'

30-03-2025T16:11:01 - [MESSAGE][PASSED] - Text of object 'Object Repository/Выручка в рублях/span6 Perc' is: '-1.07 %'

30-03-2025T16:11:01 - [TEST_STEP][PASSED] - a37 = ").trim(): Text of object 'Object Repository/Выручка в рублях/span7 Perc' is: '-3.07 %'

30-03-2025T16:11:01 - [MESSAGE][PASSED] - Text of object 'Object Repository/Выручка в рублях/span7 Perc' is: '-3.07 %'

30-03-2025T16:11:01 - [TEST_STEP][PASSED] - a38 = ").trim(): Text of object 'Object Repository/Выручка в рублях/span8 Perc' is: '-0.82 %'

30-03-2025T16:11:01 - [MESSAGE][PASSED] - Text of object 'Object Repository/Выручка в рублях/span8 Perc' is: '-0.82 %'

30-03-2025T16:11:01 - [TEST_STEP][PASSED] - a39 = ").trim(): Text of object 'Object Repository/Выручка в рублях/span9 Perc' is: '-1.71 %'

30-03-2025T16:11:02 - [MESSAGE][PASSED] - Text of object 'Object Repository/Выручка в рублях/span9 Perc' is: '-1.71 %'

30-03-2025T16:11:02 - [TEST_STEP][PASSED] - a310 = ").trim(): Text of object 'Object Repository/Выручка в рублях/span10 Perc' is: '3.95 %'

30-03-2025T16:11:02 - [MESSAGE][PASSED] - Text of object 'Object Repository/Выручка в рублях/span10 Perc' is: '3.95 %'

30-03-2025T16:11:02 - [TEST_STEP][PASSED] - a311 = ").trim(): Text of object 'Object Repository/Выручка в рублях/span11 Perc' is: '-2.24 %'

30-03-2025T16:11:02 - [MESSAGE][PASSED] - Text of object 'Object Repository/Выручка в рублях/span11 Perc' is: '-2.24 %'

30-03-2025T16:11:02 - [TEST_STEP][PASSED] - a312 = ").trim(): Text of object 'Object Repository/Выручка в рублях/span12 Perc' is: '-9.45 %'

30-03-2025T16:11:03 - [MESSAGE][PASSED] - Text of object 'Object Repository/Выручка в рублях/span12 Perc' is: '-9.45 %'

30-03-2025T16:11:03 - [TEST_STEP][PASSED] - a313 = ").trim(): Text of object 'Object Repository/Выручка в рублях/span13 Perc' is: '-3.3 %'

30-03-2025T16:11:03 - [MESSAGE][PASSED] - Text of object 'Object Repository/Выручка в рублях/span13 Perc' is: '-3.3 %'

30-03-2025T16:11:03 - [TEST_STEP][PASSED] - a314 = ").trim(): Text of object 'Object Repository/Выручка в рублях/span14 Perc' is: '-50.04 %'

30-03-2025T16:11:03 - [MESSAGE][PASSED] - Text of object 'Object Repository/Выручка в рублях/span14 Perc' is: '-50.04 %'

30-03-2025T16:11:03 - [TEST_STEP][PASSED] - a315 = ").trim(): Text of object 'Object Repository/Выручка в рублях/span15 Perc' is: '-2.12 %'

30-03-2025T16:11:03 - [MESSAGE][PASSED] - Text of object 'Object Repository/Выручка в рублях/span15 Perc' is: '-2.12 %'

30-03-2025T16:11:03 - [TEST_STEP][PASSED] - a316 = ").trim(): Text of object 'Object Repository/Выручка в рублях/span16 Perc' is: '-1.84 %'

30-03-2025T16:11:04 - [MESSAGE][PASSED] - Text of object 'Object Repository/Выручка в рублях/span16 Perc' is: '-1.84 %'

30-03-2025T16:11:04 - [TEST_STEP][PASSED] - a317 = ").trim(): Text of object 'Object Repository/Выручка в рублях/span17 Perc' is: '0.49 %'

30-03-2025T16:11:04 - [MESSAGE][PASSED] - Text of object 'Object Repository/Выручка в рублях/span17 Perc' is: '0.49 %'

30-03-2025T16:11:04 - [TEST_STEP][PASSED] - a318 = ").trim(): Text of object 'Object Repository/Выручка в рублях/span18 Perc' is: '2.48 %'

30-03-2025T16:11:04 - [MESSAGE][PASSED] - Text of object 'Object Repository/Выручка в рублях/span18 Perc' is: '2.48 %'

30-03-2025T16:11:04 - [TEST_STEP][PASSED] - block = 2: null

30-03-2025T16:11:04 - [TEST_STEP][PASSED] - nameOfBlock = " Выручка": null

30-03-2025T16:11:04 - [TEST_STEP][PASSED] - Script1742558545601.PreSettings(run, vir, block, nameOfBlock, typeOfData, todaysDate): null

30-03-2025T16:11:04 - [TEST_STEP][PASSED] - openBrowser(""): Browser is opened with url: ''

30-03-2025T16:11:04 - [MESSAGE][WARNING] - A browser is already opened. Closing browser and opening a new one

30-03-2025T16:11:05 - [MESSAGE][INFO] - Starting 'Chrome' driver

30-03-2025T16:11:05 - [MESSAGE][INFO] - Action delay is set to 0 milliseconds

30-03-2025T16:11:05 - [MESSAGE][PASSED] - Browser is opened with url: ''

30-03-2025T16:11:05 - [TEST_STEP][PASSED] - refresh(): Refresh successfully

30-03-2025T16:11:05 - [MESSAGE][PASSED] - Refresh successfully

30-03-2025T16:11:05 - [TEST_STEP][PASSED] - delay(50): Delayed 50 second(s)

30-03-2025T16:11:55 - [MESSAGE][PASSED] - Delayed 50 second(s)

30-03-2025T16:11:55 - [TEST_STEP][PASSED] - println("run:" + run): null

30-03-2025T16:11:55 - [TEST_STEP][PASSED] - println("vir:" + vir): null

30-03-2025T16:11:55 - [TEST_STEP][PASSED] - println("block:" + block): null

30-03-2025T16:11:55 - [TEST_STEP][PASSED] - if (block == 1): null

30-03-2025T16:11:55 - [TEST_STEP][PASSED] - else: null

30-03-2025T16:11:55 - [TEST_STEP][PASSED] - nameOfBlock = " Выручка": null

30-03-2025T16:11:55 - [TEST_STEP][PASSED] - println("nameOfBlock:" + nameOfBlock): null

30-03-2025T16:11:55 - [TEST_STEP][PASSED] - println("typeOfData:" + typeOfData): null

30-03-2025T16:11:55 - [TEST_STEP][PASSED] - println("todaysDate:" + todaysDate): null

30-03-2025T16:11:55 - [TEST_STEP][PASSED] - Script1742558545601.Autorization(block, nameOfBlock): null

30-03-2025T16:11:55 - [TEST_STEP][PASSED] - i = <not implemented yet for class: org.codehaus.groovy.ast.expr.EmptyExpression>: null

30-03-2025T16:11:55 - [TEST_STEP][PASSED] - ii = <not implemented yet for class: org.codehaus.groovy.ast.expr.EmptyExpression>: null

30-03-2025T16:11:55 - [TEST_STEP][PASSED] - urlData = <not implemented yet for class: org.codehaus.groovy.ast.expr.EmptyExpression>: null

30-03-2025T16:11:55 - [TEST_STEP][PASSED] - searchWord = <not implemented yet for class: org.codehaus.groovy.ast.expr.EmptyExpression>: null

30-03-2025T16:11:55 - [TEST_STEP][PASSED] - urlText = <not implemented yet for class: org.codehaus.groovy.ast.expr.EmptyExpression>: null

30-03-2025T16:11:55 - [TEST_STEP][PASSED] - println("block:" + block): null

30-03-2025T16:11:55 - [TEST_STEP][PASSED] - if (block == 1): null

30-03-2025T16:11:55 - [TEST_STEP][PASSED] - else: null

30-03-2025T16:11:55 - [TEST_STEP][PASSED] - delay(45): Delayed 45 second(s)

30-03-2025T16:12:40 - [MESSAGE][PASSED] - Delayed 45 second(s)

30-03-2025T16:12:40 - [TEST_STEP][PASSED] - nameOfBlock = " Выручка": null

30-03-2025T16:12:40 - [TEST_STEP][PASSED] - println("nameOfBlock:" + nameOfBlock): null

30-03-2025T16:12:40 - [TEST_STEP][PASSED] - if (block == 1): null

30-03-2025T16:12:40 - [TEST_STEP][PASSED] - else: Delayed 45 second(s)

30-03-2025T16:12:40 - [TEST_STEP][PASSED] - urlData = 9: null

30-03-2025T16:12:40 - [TEST_STEP][PASSED] - delay(45): Delayed 45 second(s)

30-03-2025T16:13:25 - [MESSAGE][PASSED] - Delayed 45 second(s)

30-03-2025T16:13:25 - [TEST_STEP][PASSED] - navigateToUrl(findTestData("PlanFact").getValue(10, urlData)): Navigate to 'https://bi.rosseti.digital/viewer?dashboardGuid=a1fd28b3785d443cbc4d7690a1d78e31&sheetGuid=86092a20c5984827a0c87b24cac76a50&fit=true' successfully

30-03-2025T16:13:35 - [MESSAGE][PASSED] - Navigate to 'https://bi.rosseti.digital/viewer?dashboardGuid=a1fd28b3785d443cbc4d7690a1d78e31&sheetGuid=86092a20c5984827a0c87b24cac76a50&fit=true' successfully

30-03-2025T16:13:35 - [TEST_STEP][PASSED] - urlText = getText(findTestObject("Страница авторизации/Text")): Text of object 'Object Repository/Страница авторизации/Text' is: 'Вход'

30-03-2025T16:13:35 - [MESSAGE][PASSED] - Text of object 'Object Repository/Страница авторизации/Text' is: 'Вход'

30-03-2025T16:13:35 - [TEST_STEP][PASSED] - searchWord = "Вход": null

30-03-2025T16:13:35 - [TEST_STEP][PASSED] - if (urlText == null || urlText.contains("ошибка") || urlText.contains(searchWord) == false): null

30-03-2025T16:13:35 - [TEST_STEP][PASSED] - if (verifyElementPresent(findTestObject("Страница авторизации/button_"), 30) == true): null

30-03-2025T16:13:35 - [MESSAGE][PASSED] - Object 'Object Repository/Страница авторизации/button_' is present

30-03-2025T16:13:35 - [TEST_STEP][PASSED] - setText(findTestObject("Страница авторизации/input__username"), findTestData("PlanFact").getValue(8, 1)): Text 'liazgina-di' is set on object 'Object Repository/Страница авторизации/input__username'

30-03-2025T16:13:36 - [MESSAGE][PASSED] - Text 'liazgina-di' is set on object 'Object Repository/Страница авторизации/input__username'

30-03-2025T16:13:36 - [TEST_STEP][PASSED] - setText(findTestObject("Страница авторизации/input__password"), findTestData("PlanFact").getValue(9, 1)): Text ')$%5srZ8o688Dm#q' is set on object 'Object Repository/Страница авторизации/input__password'

30-03-2025T16:13:37 - [MESSAGE][PASSED] - Text ')$%5srZ8o688Dm#q' is set on object 'Object Repository/Страница авторизации/input__password'

30-03-2025T16:13:37 - [TEST_STEP][PASSED] - click(findTestObject("Страница авторизации/button_")): Object: 'Object Repository/Страница авторизации/button_' is clicked on

30-03-2025T16:13:39 - [MESSAGE][PASSED] - Object: 'Object Repository/Страница авторизации/button_' is clicked on

30-03-2025T16:13:39 - [TEST_STEP][PASSED] - delay(45): Delayed 45 second(s)

30-03-2025T16:14:24 - [MESSAGE][PASSED] - Delayed 45 second(s)

30-03-2025T16:14:24 - [TEST_STEP][PASSED] - urlText = getText(findTestObject("Страница авторизации/Text")): Text of object 'Object Repository/Страница авторизации/Text' is: 'Период
Январь, Февраль 2025 года
Выручка
Все
Выполнение плановых показателей по ПАО Россети за Январь, Февраль 2025 года
План
Факт
Динамика
2025 год
0 млн.руб.
50 000 млн.руб.
100 000 млн.руб.
150 000 млн.руб.
200 000 млн.руб.
250 000 млн.руб.
300 000 млн.руб.
350 000 млн.руб.
400 000 млн.руб.
318 025
284 426
↓
ДЗО 
Все
Подписи данных
⬤Отклонение
АО "РЭС"
АО «Тываэнерго»
АО «Чеченэнерго»
Россети Волга
Россети Кубань
Россети Ленэнерго (ГК)
Россети Московский регион
Россети Северный Кавказ (ГК)
Россети Северо-Запад
Россети Сибирь (ГК)
Россети Томск
Россети Тюмень
Россети Урал (ГК)
Россети ФСК ЕЭС
Россети Центр
Россети Центр и Приволжье (ГК)
Россети Юг (ГК)
Россети Янтарь
-30 000 млн.руб.
-27 500 млн.руб.
-25 000 млн.руб.
-22 500 млн.руб.
-20 000 млн.руб.
-17 500 млн.руб.
-15 000 млн.руб.
-12 500 млн.руб.
-10 000 млн.руб.
-7 500 млн.руб.
-5 000 млн.руб.
-2 500 млн.руб.
0 млн.руб.
2 500 млн.руб.
-170
27
-76
-270
552
-244
-1 353
-805
-232
848
-47
-1 858
-701
-28 384
-520
-484
68
50
млн.
%
Выручка
Отклонение выручки по ПАО Россети за Январь, Февраль 2025 года (факт/план, млн. руб)
ПАО Россети
-33 598.6 млн.руб.
Статус данных
×
Просьба обратить внимание
Данные занесены не полностью
ВЫБРАННЫЕ ЗНАЧЕНИЯ ФИЛЬТРОВ
ДЗО | ПЕРИОД
ПАО Россети: [«Выбраны все филиалы по всем ДЗО по всем категориям»]
2025: [Янв, Фев]
*Внутренний оборот'

30-03-2025T16:14:24 - [MESSAGE][PASSED] - Text of object 'Object Repository/Страница авторизации/Text' is: 'Период
Январь, Февраль 2025 года
Выручка
Все
Выполнение плановых показателей по ПАО Россети за Январь, Февраль 2025 года
План
Факт
Динамика
2025 год
0 млн.руб.
50 000 млн.руб.
100 000 млн.руб.
150 000 млн.руб.
200 000 млн.руб.
250 000 млн.руб.
300 000 млн.руб.
350 000 млн.руб.
400 000 млн.руб.
318 025
284 426
↓
ДЗО 
Все
Подписи данных
⬤Отклонение
АО "РЭС"
АО «Тываэнерго»
АО «Чеченэнерго»
Россети Волга
Россети Кубань
Россети Ленэнерго (ГК)
Россети Московский регион
Россети Северный Кавказ (ГК)
Россети Северо-Запад
Россети Сибирь (ГК)
Россети Томск
Россети Тюмень
Россети Урал (ГК)
Россети ФСК ЕЭС
Россети Центр
Россети Центр и Приволжье (ГК)
Россети Юг (ГК)
Россети Янтарь
-30 000 млн.руб.
-27 500 млн.руб.
-25 000 млн.руб.
-22 500 млн.руб.
-20 000 млн.руб.
-17 500 млн.руб.
-15 000 млн.руб.
-12 500 млн.руб.
-10 000 млн.руб.
-7 500 млн.руб.
-5 000 млн.руб.
-2 500 млн.руб.
0 млн.руб.
2 500 млн.руб.
-170
27
-76
-270
552
-244
-1 353
-805
-232
848
-47
-1 858
-701
-28 384
-520
-484
68
50
млн.
%
Выручка
Отклонение выручки по ПАО Россети за Январь, Февраль 2025 года (факт/план, млн. руб)
ПАО Россети
-33 598.6 млн.руб.
Статус данных
×
Просьба обратить внимание
Данные занесены не полностью
ВЫБРАННЫЕ ЗНАЧЕНИЯ ФИЛЬТРОВ
ДЗО | ПЕРИОД
ПАО Россети: [«Выбраны все филиалы по всем ДЗО по всем категориям»]
2025: [Янв, Фев]
*Внутренний оборот'

30-03-2025T16:14:24 - [TEST_STEP][PASSED] - searchWord = "а": null

30-03-2025T16:14:24 - [TEST_STEP][PASSED] - if (urlText.contains("ошибка") || urlText.contains(searchWord) == false): null

30-03-2025T16:14:24 - [TEST_STEP][PASSED] - delay(45): Delayed 45 second(s)

30-03-2025T16:15:09 - [MESSAGE][PASSED] - Delayed 45 second(s)

30-03-2025T16:15:09 - [TEST_STEP][PASSED] - if (block == 2): Delayed 50 second(s)

30-03-2025T16:15:09 - [TEST_STEP][PASSED] - opoveshenie = getText(findTestObject("Выручка в рублях/Просьба обратить внимание")): Text of object 'Object Repository/Выручка в рублях/Просьба обратить внимание' is: 'Просьба обратить внимание'

30-03-2025T16:15:10 - [MESSAGE][PASSED] - Text of object 'Object Repository/Выручка в рублях/Просьба обратить внимание' is: 'Просьба обратить внимание'

30-03-2025T16:15:10 - [TEST_STEP][PASSED] - if (opoveshenie == "Просьба обратить внимание"): Delayed 50 second(s)

30-03-2025T16:15:10 - [TEST_STEP][PASSED] - click(findTestObject("Выручка в рублях/Закрыть оповещение")): Object: 'Object Repository/Выручка в рублях/Закрыть оповещение' is clicked on

30-03-2025T16:15:10 - [MESSAGE][PASSED] - Object: 'Object Repository/Выручка в рублях/Закрыть оповещение' is clicked on

30-03-2025T16:15:10 - [TEST_STEP][PASSED] - delay(50): Delayed 50 second(s)

30-03-2025T16:16:00 - [MESSAGE][PASSED] - Delayed 50 second(s)

30-03-2025T16:16:00 - [TEST_STEP][PASSED] - click(findTestObject("Выручка в рублях/Фильтр Период" + nameOfBlock)): Object: 'Object Repository/Выручка в рублях/Фильтр Период Выручка' is clicked on

30-03-2025T16:16:00 - [MESSAGE][PASSED] - Object: 'Object Repository/Выручка в рублях/Фильтр Период Выручка' is clicked on

30-03-2025T16:16:00 - [TEST_STEP][PASSED] - click(findTestObject("Выручка в рублях/Снять выделение в фильтре Дата" + nameOfBlock)): Object: 'Object Repository/Выручка в рублях/Снять выделение в фильтре Дата Выручка' is clicked on

30-03-2025T16:16:01 - [MESSAGE][PASSED] - Object: 'Object Repository/Выручка в рублях/Снять выделение в фильтре Дата Выручка' is clicked on

30-03-2025T16:16:01 - [TEST_STEP][PASSED] - click(findTestObject("Выручка в рублях/Применить в фильтре Дата" + nameOfBlock)): Object: 'Object Repository/Выручка в рублях/Применить в фильтре Дата Выручка' is clicked on

30-03-2025T16:16:01 - [MESSAGE][PASSED] - Object: 'Object Repository/Выручка в рублях/Применить в фильтре Дата Выручка' is clicked on

30-03-2025T16:16:01 - [TEST_STEP][PASSED] - delay(50): Delayed 50 second(s)

30-03-2025T16:16:51 - [MESSAGE][PASSED] - Delayed 50 second(s)

30-03-2025T16:16:51 - [TEST_STEP][PASSED] - click(findTestObject("Выручка в рублях/Фильтр Период" + nameOfBlock)): Object: 'Object Repository/Выручка в рублях/Фильтр Период Выручка' is clicked on

30-03-2025T16:16:52 - [MESSAGE][PASSED] - Object: 'Object Repository/Выручка в рублях/Фильтр Период Выручка' is clicked on

30-03-2025T16:16:52 - [TEST_STEP][PASSED] - click(findTestObject("Выручка в рублях/Снять выделение в фильтре Дата" + nameOfBlock)): Object: 'Object Repository/Выручка в рублях/Снять выделение в фильтре Дата Выручка' is clicked on

30-03-2025T16:16:52 - [MESSAGE][PASSED] - Object: 'Object Repository/Выручка в рублях/Снять выделение в фильтре Дата Выручка' is clicked on

30-03-2025T16:16:52 - [TEST_STEP][PASSED] - scrollToElement(findTestObject("Выручка в рублях/2025 список" + nameOfBlock), 30): Scroll to object 'Object Repository/Выручка в рублях/2025 список Выручка' successfully

30-03-2025T16:16:53 - [MESSAGE][PASSED] - Scroll to object 'Object Repository/Выручка в рублях/2025 список Выручка' successfully

30-03-2025T16:16:53 - [TEST_STEP][PASSED] - click(findTestObject("Выручка в рублях/2025 список" + nameOfBlock)): Object: 'Object Repository/Выручка в рублях/2025 список Выручка' is clicked on

30-03-2025T16:16:53 - [MESSAGE][PASSED] - Object: 'Object Repository/Выручка в рублях/2025 список Выручка' is clicked on

30-03-2025T16:16:53 - [TEST_STEP][PASSED] - scrollToElement(findTestObject("Выручка в рублях/1 квартал 2025 список Выручка"), 30): Scroll to object 'Object Repository/Выручка в рублях/1 квартал 2025 список Выручка' successfully

30-03-2025T16:16:53 - [MESSAGE][PASSED] - Scroll to object 'Object Repository/Выручка в рублях/1 квартал 2025 список Выручка' successfully

30-03-2025T16:16:53 - [TEST_STEP][PASSED] - click(findTestObject("Выручка в рублях/1 квартал 2025 список" + nameOfBlock)): Object: 'Object Repository/Выручка в рублях/1 квартал 2025 список Выручка' is clicked on

30-03-2025T16:16:54 - [MESSAGE][PASSED] - Object: 'Object Repository/Выручка в рублях/1 квартал 2025 список Выручка' is clicked on

30-03-2025T16:16:54 - [TEST_STEP][PASSED] - scrollToElement(findTestObject("Выручка в рублях/Январь 2025" + nameOfBlock), 30): Scroll to object 'Object Repository/Выручка в рублях/Январь 2025 Выручка' successfully

30-03-2025T16:16:54 - [MESSAGE][PASSED] - Scroll to object 'Object Repository/Выручка в рублях/Январь 2025 Выручка' successfully

30-03-2025T16:16:54 - [TEST_STEP][PASSED] - click(findTestObject("Выручка в рублях/Январь 2025" + nameOfBlock)): Object: 'Object Repository/Выручка в рублях/Январь 2025 Выручка' is clicked on

30-03-2025T16:16:54 - [MESSAGE][PASSED] - Object: 'Object Repository/Выручка в рублях/Январь 2025 Выручка' is clicked on

30-03-2025T16:16:54 - [TEST_STEP][PASSED] - scrollToElement(findTestObject("Выручка в рублях/Февраль 2025" + nameOfBlock), 30): Scroll to object 'Object Repository/Выручка в рублях/Февраль 2025 Выручка' successfully

30-03-2025T16:16:55 - [MESSAGE][PASSED] - Scroll to object 'Object Repository/Выручка в рублях/Февраль 2025 Выручка' successfully

30-03-2025T16:16:55 - [TEST_STEP][PASSED] - click(findTestObject("Выручка в рублях/Февраль 2025" + nameOfBlock)): Object: 'Object Repository/Выручка в рублях/Февраль 2025 Выручка' is clicked on

30-03-2025T16:16:55 - [MESSAGE][PASSED] - Object: 'Object Repository/Выручка в рублях/Февраль 2025 Выручка' is clicked on

30-03-2025T16:16:55 - [TEST_STEP][PASSED] - scrollToElement(findTestObject("Выручка в рублях/Заголовок дашборда" + nameOfBlock), 30): Scroll to object 'Object Repository/Выручка в рублях/Заголовок дашборда Выручка' successfully

30-03-2025T16:16:56 - [MESSAGE][PASSED] - Scroll to object 'Object Repository/Выручка в рублях/Заголовок дашборда Выручка' successfully

30-03-2025T16:16:56 - [TEST_STEP][PASSED] - click(findTestObject("Выручка в рублях/Применить в фильтре Дата" + nameOfBlock)): Object: 'Object Repository/Выручка в рублях/Применить в фильтре Дата Выручка' is clicked on

30-03-2025T16:16:56 - [MESSAGE][PASSED] - Object: 'Object Repository/Выручка в рублях/Применить в фильтре Дата Выручка' is clicked on

30-03-2025T16:16:56 - [TEST_STEP][PASSED] - delay(55): Delayed 55 second(s)

30-03-2025T16:17:51 - [MESSAGE][PASSED] - Delayed 55 second(s)

30-03-2025T16:17:51 - [TEST_STEP][PASSED] - click(findTestObject("Выручка в рублях/Фильтр ДЗО" + nameOfBlock)): Object: 'Object Repository/Выручка в рублях/Фильтр ДЗО Выручка' is clicked on

30-03-2025T16:17:52 - [MESSAGE][PASSED] - Object: 'Object Repository/Выручка в рублях/Фильтр ДЗО Выручка' is clicked on

30-03-2025T16:17:52 - [TEST_STEP][PASSED] - click(findTestObject("Выручка в рублях/Снять выделение в фильтре ДЗО" + nameOfBlock)): Object: 'Object Repository/Выручка в рублях/Снять выделение в фильтре ДЗО Выручка' is clicked on

30-03-2025T16:17:52 - [MESSAGE][PASSED] - Object: 'Object Repository/Выручка в рублях/Снять выделение в фильтре ДЗО Выручка' is clicked on

30-03-2025T16:17:52 - [TEST_STEP][PASSED] - click(findTestObject("Выручка в рублях/Применить в фильтре ДЗО" + nameOfBlock)): Object: 'Object Repository/Выручка в рублях/Применить в фильтре ДЗО Выручка' is clicked on

30-03-2025T16:17:53 - [MESSAGE][PASSED] - Object: 'Object Repository/Выручка в рублях/Применить в фильтре ДЗО Выручка' is clicked on

30-03-2025T16:17:53 - [TEST_STEP][PASSED] - delay(50): Delayed 50 second(s)

30-03-2025T16:18:43 - [MESSAGE][PASSED] - Delayed 50 second(s)

30-03-2025T16:18:43 - [TEST_STEP][PASSED] - Script1742558545601.Tumbler(run, vir, block, nameOfBlock): null

30-03-2025T16:18:43 - [TEST_STEP][PASSED] - println("run:" + run): null

30-03-2025T16:18:43 - [TEST_STEP][PASSED] - println("vir:" + vir): null

30-03-2025T16:18:43 - [TEST_STEP][PASSED] - println("block:" + block): null

30-03-2025T16:18:43 - [TEST_STEP][PASSED] - println("nameOfBlock:" + nameOfBlock): null

30-03-2025T16:18:43 - [TEST_STEP][PASSED] - if (vir == 1): null

30-03-2025T16:18:43 - [TEST_STEP][PASSED] - else if (vir == 2): Object: 'Object Repository/Выручка в рублях/Применить в фильтре Выручка Выручка' is clicked on

30-03-2025T16:18:43 - [TEST_STEP][PASSED] - if (run == 2): Object: 'Object Repository/Выручка в рублях/Переключить отображение с млн на проценты Выручка в рублях Выручка' is clicked on

30-03-2025T16:18:43 - [TEST_STEP][PASSED] - click(findTestObject("Выручка в рублях/Переключить отображение с млн на проценты Выручка в рублях" + nameOfBlock)): Object: 'Object Repository/Выручка в рублях/Переключить отображение с млн на проценты Выручка в рублях Выручка' is clicked on

30-03-2025T16:18:43 - [MESSAGE][PASSED] - Object: 'Object Repository/Выручка в рублях/Переключить отображение с млн на проценты Выручка в рублях Выручка' is clicked on

30-03-2025T16:18:43 - [TEST_STEP][PASSED] - click(findTestObject("Выручка в рублях/Фильтр Выручка" + nameOfBlock)): Object: 'Object Repository/Выручка в рублях/Фильтр Выручка Выручка' is clicked on

30-03-2025T16:18:43 - [MESSAGE][PASSED] - Object: 'Object Repository/Выручка в рублях/Фильтр Выручка Выручка' is clicked on

30-03-2025T16:18:43 - [TEST_STEP][PASSED] - click(findTestObject("Выручка в рублях/Итого в фильтре Выручка" + nameOfBlock)): Object: 'Object Repository/Выручка в рублях/Итого в фильтре Выручка Выручка' is clicked on

30-03-2025T16:18:44 - [MESSAGE][PASSED] - Object: 'Object Repository/Выручка в рублях/Итого в фильтре Выручка Выручка' is clicked on

30-03-2025T16:18:44 - [TEST_STEP][PASSED] - click(findTestObject("Выручка в рублях/Применить в фильтре Выручка" + nameOfBlock)): Object: 'Object Repository/Выручка в рублях/Применить в фильтре Выручка Выручка' is clicked on

30-03-2025T16:18:45 - [MESSAGE][PASSED] - Object: 'Object Repository/Выручка в рублях/Применить в фильтре Выручка Выручка' is clicked on

30-03-2025T16:18:45 - [TEST_STEP][PASSED] - click(findTestObject("Выручка в рублях/Фильтр ДЗО" + nameOfBlock)): Object: 'Object Repository/Выручка в рублях/Фильтр ДЗО Выручка' is clicked on

30-03-2025T16:18:46 - [MESSAGE][PASSED] - Object: 'Object Repository/Выручка в рублях/Фильтр ДЗО Выручка' is clicked on

30-03-2025T16:18:46 - [TEST_STEP][PASSED] - Script1742558545601.Rosseti(nameOfBlock): null

30-03-2025T16:18:46 - [TEST_STEP][PASSED] - println("nameOfBlock:" + nameOfBlock): null

30-03-2025T16:18:46 - [TEST_STEP][PASSED] - click(findTestObject("Выручка в рублях/ПАО Россети" + nameOfBlock)): Object: 'Object Repository/Выручка в рублях/ПАО Россети Выручка' is clicked on

30-03-2025T16:18:46 - [MESSAGE][PASSED] - Object: 'Object Repository/Выручка в рублях/ПАО Россети Выручка' is clicked on

30-03-2025T16:18:46 - [TEST_STEP][PASSED] - click(findTestObject("Выручка в рублях/Применить в фильтре ДЗО" + nameOfBlock)): Object: 'Object Repository/Выручка в рублях/Применить в фильтре ДЗО Выручка' is clicked on

30-03-2025T16:18:47 - [MESSAGE][PASSED] - Object: 'Object Repository/Выручка в рублях/Применить в фильтре ДЗО Выручка' is clicked on

30-03-2025T16:18:47 - [TEST_STEP][PASSED] - if (vir == 1 || vir == 2): Text of object 'Object Repository/Выручка в рублях/График План Выручка' is: '312 362'

30-03-2025T16:18:47 - [TEST_STEP][PASSED] - b1 = getText(findTestObject("Выручка в рублях/График План Выручка")): Text of object 'Object Repository/Выручка в рублях/График План Выручка' is: '312 362'

30-03-2025T16:18:48 - [MESSAGE][PASSED] - Text of object 'Object Repository/Выручка в рублях/График План Выручка' is: '312 362'

30-03-2025T16:18:48 - [TEST_STEP][PASSED] - if (vir == 1 || vir == 2): Text of object 'Object Repository/Выручка в рублях/График Факт Выручка' is: '279 580'

30-03-2025T16:18:48 - [TEST_STEP][PASSED] - b2 = getText(findTestObject("Выручка в рублях/График Факт Выручка")): Text of object 'Object Repository/Выручка в рублях/График Факт Выручка' is: '279 580'

30-03-2025T16:18:48 - [MESSAGE][PASSED] - Text of object 'Object Repository/Выручка в рублях/График Факт Выручка' is: '279 580'

30-03-2025T16:18:48 - [TEST_STEP][PASSED] - b30 = getText(findTestObject("Выручка в рублях/span1" + perc)): Text of object 'Object Repository/Выручка в рублях/span1 Perc' is: '-10.49 %'

30-03-2025T16:18:49 - [MESSAGE][PASSED] - Text of object 'Object Repository/Выручка в рублях/span1 Perc' is: '-10.49 %'

30-03-2025T16:18:49 - [TEST_STEP][PASSED] - i = b30.indexOf("млн.руб."): null

30-03-2025T16:18:49 - [TEST_STEP][PASSED] - if (i > -1): null

30-03-2025T16:18:49 - [TEST_STEP][PASSED] - if (b30.contains("%")): null

30-03-2025T16:18:49 - [TEST_STEP][PASSED] - b30 = b30.replaceAll("%", ""): null

30-03-2025T16:18:49 - [TEST_STEP][PASSED] - b30 = ").trim(): null

30-03-2025T16:18:49 - [TEST_STEP][PASSED] - println("b30: " + b30): null

30-03-2025T16:18:49 - [TEST_STEP][PASSED] - if (vir == 1): null

30-03-2025T16:18:49 - [TEST_STEP][PASSED] - else if (vir == 2): Text of object 'Object Repository/Выручка в рублях/span18 Perc' is: '2.48 %'

30-03-2025T16:18:49 - [TEST_STEP][PASSED] - b31 = ").trim(): Text of object 'Object Repository/Выручка в рублях/span2 Perc' is: '-3.76 %'

30-03-2025T16:18:49 - [MESSAGE][PASSED] - Text of object 'Object Repository/Выручка в рублях/span2 Perc' is: '-3.76 %'

30-03-2025T16:18:49 - [TEST_STEP][PASSED] - b32 = ").trim(): Text of object 'Object Repository/Выручка в рублях/span3 Perc' is: '-0.2 %'

30-03-2025T16:18:49 - [MESSAGE][PASSED] - Text of object 'Object Repository/Выручка в рублях/span3 Perc' is: '-0.2 %'

30-03-2025T16:18:49 - [TEST_STEP][PASSED] - b34 = ").trim(): Text of object 'Object Repository/Выручка в рублях/span4 Perc' is: '-1.27 %'

30-03-2025T16:18:49 - [MESSAGE][PASSED] - Text of object 'Object Repository/Выручка в рублях/span4 Perc' is: '-1.27 %'

30-03-2025T16:18:49 - [TEST_STEP][PASSED] - b35 = ").trim(): Text of object 'Object Repository/Выручка в рублях/span5 Perc' is: '3.73 %'

30-03-2025T16:18:50 - [MESSAGE][PASSED] - Text of object 'Object Repository/Выручка в рублях/span5 Perc' is: '3.73 %'

30-03-2025T16:18:50 - [TEST_STEP][PASSED] - b36 = ").trim(): Text of object 'Object Repository/Выручка в рублях/span6 Perc' is: '-1.07 %'

30-03-2025T16:18:50 - [MESSAGE][PASSED] - Text of object 'Object Repository/Выручка в рублях/span6 Perc' is: '-1.07 %'

30-03-2025T16:18:50 - [TEST_STEP][PASSED] - b37 = ").trim(): Text of object 'Object Repository/Выручка в рублях/span7 Perc' is: '-3.07 %'

30-03-2025T16:18:50 - [MESSAGE][PASSED] - Text of object 'Object Repository/Выручка в рублях/span7 Perc' is: '-3.07 %'

30-03-2025T16:18:50 - [TEST_STEP][PASSED] - b38 = ").trim(): Text of object 'Object Repository/Выручка в рублях/span8 Perc' is: '-0.82 %'

30-03-2025T16:18:50 - [MESSAGE][PASSED] - Text of object 'Object Repository/Выручка в рублях/span8 Perc' is: '-0.82 %'

30-03-2025T16:18:50 - [TEST_STEP][PASSED] - b39 = ").trim(): Text of object 'Object Repository/Выручка в рублях/span9 Perc' is: '-1.71 %'

30-03-2025T16:18:51 - [MESSAGE][PASSED] - Text of object 'Object Repository/Выручка в рублях/span9 Perc' is: '-1.71 %'

30-03-2025T16:18:51 - [TEST_STEP][PASSED] - b310 = ").trim(): Text of object 'Object Repository/Выручка в рублях/span10 Perc' is: '3.95 %'

30-03-2025T16:18:51 - [MESSAGE][PASSED] - Text of object 'Object Repository/Выручка в рублях/span10 Perc' is: '3.95 %'

30-03-2025T16:18:51 - [TEST_STEP][PASSED] - b311 = ").trim(): Text of object 'Object Repository/Выручка в рублях/span11 Perc' is: '-2.24 %'

30-03-2025T16:18:51 - [MESSAGE][PASSED] - Text of object 'Object Repository/Выручка в рублях/span11 Perc' is: '-2.24 %'

30-03-2025T16:18:51 - [TEST_STEP][PASSED] - b312 = ").trim(): Text of object 'Object Repository/Выручка в рублях/span12 Perc' is: '-9.45 %'

30-03-2025T16:18:52 - [MESSAGE][PASSED] - Text of object 'Object Repository/Выручка в рублях/span12 Perc' is: '-9.45 %'

30-03-2025T16:18:52 - [TEST_STEP][PASSED] - b313 = ").trim(): Text of object 'Object Repository/Выручка в рублях/span13 Perc' is: '-3.3 %'

30-03-2025T16:18:52 - [MESSAGE][PASSED] - Text of object 'Object Repository/Выручка в рублях/span13 Perc' is: '-3.3 %'

30-03-2025T16:18:52 - [TEST_STEP][PASSED] - b314 = ").trim(): Text of object 'Object Repository/Выручка в рублях/span14 Perc' is: '-50.04 %'

30-03-2025T16:18:52 - [MESSAGE][PASSED] - Text of object 'Object Repository/Выручка в рублях/span14 Perc' is: '-50.04 %'

30-03-2025T16:18:52 - [TEST_STEP][PASSED] - b315 = ").trim(): Text of object 'Object Repository/Выручка в рублях/span15 Perc' is: '-2.12 %'

30-03-2025T16:18:52 - [MESSAGE][PASSED] - Text of object 'Object Repository/Выручка в рублях/span15 Perc' is: '-2.12 %'

30-03-2025T16:18:52 - [TEST_STEP][PASSED] - b316 = ").trim(): Text of object 'Object Repository/Выручка в рублях/span16 Perc' is: '-1.84 %'

30-03-2025T16:18:53 - [MESSAGE][PASSED] - Text of object 'Object Repository/Выручка в рублях/span16 Perc' is: '-1.84 %'

30-03-2025T16:18:53 - [TEST_STEP][PASSED] - b317 = ").trim(): Text of object 'Object Repository/Выручка в рублях/span17 Perc' is: '0.49 %'

30-03-2025T16:18:53 - [MESSAGE][PASSED] - Text of object 'Object Repository/Выручка в рублях/span17 Perc' is: '0.49 %'

30-03-2025T16:18:53 - [TEST_STEP][PASSED] - b318 = ").trim(): Text of object 'Object Repository/Выручка в рублях/span18 Perc' is: '2.48 %'

30-03-2025T16:18:53 - [MESSAGE][PASSED] - Text of object 'Object Repository/Выручка в рублях/span18 Perc' is: '2.48 %'

30-03-2025T16:18:53 - [TEST_STEP][PASSED] - dZO = "ПАО Россети": null

30-03-2025T16:18:53 - [TEST_STEP][PASSED] - if (verifyEqual(a1, b1) == false): Actual object '312 362' and expected object '312 362' are equal

30-03-2025T16:18:53 - [MESSAGE][PASSED] - Actual object '312 362' and expected object '312 362' are equal

30-03-2025T16:18:53 - [TEST_STEP][PASSED] - if (verifyEqual(a2, b2) == false): Actual object '279 580' and expected object '279 580' are equal

30-03-2025T16:18:53 - [MESSAGE][PASSED] - Actual object '279 580' and expected object '279 580' are equal

30-03-2025T16:18:53 - [TEST_STEP][PASSED] - vidget = "Отклонения": null

30-03-2025T16:18:53 - [TEST_STEP][PASSED] - if (verifyEqual(a30, b30) == false): Actual object '-10.49' and expected object '-10.49' are equal

30-03-2025T16:18:53 - [MESSAGE][PASSED] - Actual object '-10.49' and expected object '-10.49' are equal

30-03-2025T16:18:53 - [TEST_STEP][PASSED] - dZO = "АО «РЭС»": null

30-03-2025T16:18:53 - [TEST_STEP][PASSED] - if (verifyEqual(a31, b31) == false): Actual object '-3.76' and expected object '-3.76' are equal

30-03-2025T16:18:53 - [MESSAGE][PASSED] - Actual object '-3.76' and expected object '-3.76' are equal

30-03-2025T16:18:53 - [TEST_STEP][PASSED] - dZO = "АО «Тываэнерго»": null

30-03-2025T16:18:53 - [TEST_STEP][PASSED] - if (verifyEqual(a32, b32) == false): Actual object '-0.2' and expected object '-0.2' are equal

30-03-2025T16:18:53 - [MESSAGE][PASSED] - Actual object '-0.2' and expected object '-0.2' are equal

30-03-2025T16:18:53 - [TEST_STEP][PASSED] - dZO = "АО «Чеченэнерго»": null

30-03-2025T16:18:53 - [TEST_STEP][PASSED] - if (verifyEqual(a33, b33) == false): Actual object 'null' and expected object 'null' are equal

30-03-2025T16:18:53 - [MESSAGE][PASSED] - Actual object 'null' and expected object 'null' are equal

30-03-2025T16:18:53 - [TEST_STEP][PASSED] - dZO = "Россети Волга": null

30-03-2025T16:18:53 - [TEST_STEP][PASSED] - if (verifyEqual(a34, b34) == false): Actual object '-1.27' and expected object '-1.27' are equal

30-03-2025T16:18:53 - [MESSAGE][PASSED] - Actual object '-1.27' and expected object '-1.27' are equal

30-03-2025T16:18:53 - [TEST_STEP][PASSED] - dZO = "Россети Кубань": null

30-03-2025T16:18:53 - [TEST_STEP][PASSED] - if (verifyEqual(a35, b35) == false): Actual object '3.73' and expected object '3.73' are equal

30-03-2025T16:18:53 - [MESSAGE][PASSED] - Actual object '3.73' and expected object '3.73' are equal

30-03-2025T16:18:53 - [TEST_STEP][PASSED] - dZO = "Россети Ленэнерго (ГК)": null

30-03-2025T16:18:53 - [TEST_STEP][PASSED] - if (verifyEqual(a36, b36) == false): Actual object '-1.07' and expected object '-1.07' are equal

30-03-2025T16:18:53 - [MESSAGE][PASSED] - Actual object '-1.07' and expected object '-1.07' are equal

30-03-2025T16:18:53 - [TEST_STEP][PASSED] - dZO = "Россети Московский регион": null

30-03-2025T16:18:53 - [TEST_STEP][PASSED] - if (verifyEqual(a37, b37) == false): Actual object '-3.07' and expected object '-3.07' are equal

30-03-2025T16:18:53 - [MESSAGE][PASSED] - Actual object '-3.07' and expected object '-3.07' are equal

30-03-2025T16:18:53 - [TEST_STEP][PASSED] - dZO = "Россети Северный Кавказ (ГК)": null

30-03-2025T16:18:53 - [TEST_STEP][PASSED] - if (verifyEqual(a38, b38) == false): Actual object '-0.82' and expected object '-0.82' are equal

30-03-2025T16:18:53 - [MESSAGE][PASSED] - Actual object '-0.82' and expected object '-0.82' are equal

30-03-2025T16:18:53 - [TEST_STEP][PASSED] - dZO = "Россети Северо-Запад": null

30-03-2025T16:18:53 - [TEST_STEP][PASSED] - if (verifyEqual(a39, b39) == false): Actual object '-1.71' and expected object '-1.71' are equal

30-03-2025T16:18:53 - [MESSAGE][PASSED] - Actual object '-1.71' and expected object '-1.71' are equal

30-03-2025T16:18:53 - [TEST_STEP][PASSED] - dZO = "Россети Сибирь (ГК)": null

30-03-2025T16:18:53 - [TEST_STEP][PASSED] - if (verifyEqual(a310, b310) == false): Actual object '3.95' and expected object '3.95' are equal

30-03-2025T16:18:53 - [MESSAGE][PASSED] - Actual object '3.95' and expected object '3.95' are equal

30-03-2025T16:18:53 - [TEST_STEP][PASSED] - dZO = "Россети Томск": null

30-03-2025T16:18:53 - [TEST_STEP][PASSED] - if (verifyEqual(a311, b311) == false): Actual object '-2.24' and expected object '-2.24' are equal

30-03-2025T16:18:53 - [MESSAGE][PASSED] - Actual object '-2.24' and expected object '-2.24' are equal

30-03-2025T16:18:53 - [TEST_STEP][PASSED] - dZO = "Россети Тюмень": null

30-03-2025T16:18:53 - [TEST_STEP][PASSED] - if (verifyEqual(a312, b312) == false): Actual object '-9.45' and expected object '-9.45' are equal

30-03-2025T16:18:53 - [MESSAGE][PASSED] - Actual object '-9.45' and expected object '-9.45' are equal

30-03-2025T16:18:53 - [TEST_STEP][PASSED] - dZO = "Россети Урал (ГК)": null

30-03-2025T16:18:53 - [TEST_STEP][PASSED] - if (verifyEqual(a313, b313) == false): Actual object '-3.3' and expected object '-3.3' are equal

30-03-2025T16:18:53 - [MESSAGE][PASSED] - Actual object '-3.3' and expected object '-3.3' are equal

30-03-2025T16:18:53 - [TEST_STEP][PASSED] - dZO = "Россети ФСК ЕЭС": null

30-03-2025T16:18:53 - [TEST_STEP][PASSED] - if (verifyEqual(a314, b314) == false): Actual object '-50.04' and expected object '-50.04' are equal

30-03-2025T16:18:53 - [MESSAGE][PASSED] - Actual object '-50.04' and expected object '-50.04' are equal

30-03-2025T16:18:53 - [TEST_STEP][PASSED] - dZO = "Россети Центр": null

30-03-2025T16:18:53 - [TEST_STEP][PASSED] - if (verifyEqual(a315, b315) == false): Actual object '-2.12' and expected object '-2.12' are equal

30-03-2025T16:18:53 - [MESSAGE][PASSED] - Actual object '-2.12' and expected object '-2.12' are equal

30-03-2025T16:18:53 - [TEST_STEP][PASSED] - dZO = "Россети Центр и Приволжье (ГК)": null

30-03-2025T16:18:53 - [TEST_STEP][PASSED] - if (verifyEqual(a316, b316) == false): Actual object '-1.84' and expected object '-1.84' are equal

30-03-2025T16:18:53 - [MESSAGE][PASSED] - Actual object '-1.84' and expected object '-1.84' are equal

30-03-2025T16:18:53 - [TEST_STEP][PASSED] - dZO = "Россети Юг (ГК)": null

30-03-2025T16:18:53 - [TEST_STEP][PASSED] - if (verifyEqual(a317, b317) == false): Actual object '0.49' and expected object '0.49' are equal

30-03-2025T16:18:53 - [MESSAGE][PASSED] - Actual object '0.49' and expected object '0.49' are equal

30-03-2025T16:18:53 - [TEST_STEP][PASSED] - dZO = "Россети Янтарь": null

30-03-2025T16:18:53 - [TEST_STEP][PASSED] - if (verifyEqual(a318, b318) == false): Actual object '2.48' and expected object '2.48' are equal

30-03-2025T16:18:53 - [MESSAGE][PASSED] - Actual object '2.48' and expected object '2.48' are equal

30-03-2025T16:18:53 - [TEST_STEP][PASSED] - closeBrowser(): null

30-03-2025T16:18:54 - [MESSAGE][PASSED] - Browser is closed

30-03-2025T16:18:54 - [TEST_STEP][PASSED] - Script1742558545601.Blocks(run, vir, block, nameOfBlock, typeOfData, viruchka, vidget, todaysDate, a, b, dZO, x, y): null

30-03-2025T16:18:54 - [TEST_STEP][PASSED] - i = <not implemented yet for class: org.codehaus.groovy.ast.expr.EmptyExpression>: null

30-03-2025T16:18:54 - [TEST_STEP][PASSED] - perc = "": null

30-03-2025T16:18:54 - [TEST_STEP][PASSED] - a1 = <not implemented yet for class: org.codehaus.groovy.ast.expr.EmptyExpression>: null

30-03-2025T16:18:54 - [TEST_STEP][PASSED] - a2 = <not implemented yet for class: org.codehaus.groovy.ast.expr.EmptyExpression>: null

30-03-2025T16:18:54 - [TEST_STEP][PASSED] - a30 = <not implemented yet for class: org.codehaus.groovy.ast.expr.EmptyExpression>: null

30-03-2025T16:18:54 - [TEST_STEP][PASSED] - a31 = <not implemented yet for class: org.codehaus.groovy.ast.expr.EmptyExpression>: null

30-03-2025T16:18:54 - [TEST_STEP][PASSED] - a32 = <not implemented yet for class: org.codehaus.groovy.ast.expr.EmptyExpression>: null

30-03-2025T16:18:54 - [TEST_STEP][PASSED] - a33 = <not implemented yet for class: org.codehaus.groovy.ast.expr.EmptyExpression>: null

30-03-2025T16:18:54 - [TEST_STEP][PASSED] - a34 = <not implemented yet for class: org.codehaus.groovy.ast.expr.EmptyExpression>: null

30-03-2025T16:18:54 - [TEST_STEP][PASSED] - a35 = <not implemented yet for class: org.codehaus.groovy.ast.expr.EmptyExpression>: null

30-03-2025T16:18:54 - [TEST_STEP][PASSED] - a36 = <not implemented yet for class: org.codehaus.groovy.ast.expr.EmptyExpression>: null

30-03-2025T16:18:54 - [TEST_STEP][PASSED] - a37 = <not implemented yet for class: org.codehaus.groovy.ast.expr.EmptyExpression>: null

30-03-2025T16:18:54 - [TEST_STEP][PASSED] - a38 = <not implemented yet for class: org.codehaus.groovy.ast.expr.EmptyExpression>: null

30-03-2025T16:18:54 - [TEST_STEP][PASSED] - a39 = <not implemented yet for class: org.codehaus.groovy.ast.expr.EmptyExpression>: null

30-03-2025T16:18:54 - [TEST_STEP][PASSED] - a310 = <not implemented yet for class: org.codehaus.groovy.ast.expr.EmptyExpression>: null

30-03-2025T16:18:54 - [TEST_STEP][PASSED] - a311 = <not implemented yet for class: org.codehaus.groovy.ast.expr.EmptyExpression>: null

30-03-2025T16:18:54 - [TEST_STEP][PASSED] - a312 = <not implemented yet for class: org.codehaus.groovy.ast.expr.EmptyExpression>: null

30-03-2025T16:18:54 - [TEST_STEP][PASSED] - a313 = <not implemented yet for class: org.codehaus.groovy.ast.expr.EmptyExpression>: null

30-03-2025T16:18:54 - [TEST_STEP][PASSED] - a314 = <not implemented yet for class: org.codehaus.groovy.ast.expr.EmptyExpression>: null

30-03-2025T16:18:54 - [TEST_STEP][PASSED] - a315 = <not implemented yet for class: org.codehaus.groovy.ast.expr.EmptyExpression>: null

30-03-2025T16:18:54 - [TEST_STEP][PASSED] - a316 = <not implemented yet for class: org.codehaus.groovy.ast.expr.EmptyExpression>: null

30-03-2025T16:18:54 - [TEST_STEP][PASSED] - a317 = <not implemented yet for class: org.codehaus.groovy.ast.expr.EmptyExpression>: null

30-03-2025T16:18:54 - [TEST_STEP][PASSED] - a318 = <not implemented yet for class: org.codehaus.groovy.ast.expr.EmptyExpression>: null

30-03-2025T16:18:54 - [TEST_STEP][PASSED] - b1 = <not implemented yet for class: org.codehaus.groovy.ast.expr.EmptyExpression>: null

30-03-2025T16:18:54 - [TEST_STEP][PASSED] - b2 = <not implemented yet for class: org.codehaus.groovy.ast.expr.EmptyExpression>: null

30-03-2025T16:18:54 - [TEST_STEP][PASSED] - b30 = <not implemented yet for class: org.codehaus.groovy.ast.expr.EmptyExpression>: null

30-03-2025T16:18:54 - [TEST_STEP][PASSED] - b31 = <not implemented yet for class: org.codehaus.groovy.ast.expr.EmptyExpression>: null

30-03-2025T16:18:54 - [TEST_STEP][PASSED] - b32 = <not implemented yet for class: org.codehaus.groovy.ast.expr.EmptyExpression>: null

30-03-2025T16:18:54 - [TEST_STEP][PASSED] - b33 = <not implemented yet for class: org.codehaus.groovy.ast.expr.EmptyExpression>: null

30-03-2025T16:18:54 - [TEST_STEP][PASSED] - b34 = <not implemented yet for class: org.codehaus.groovy.ast.expr.EmptyExpression>: null

30-03-2025T16:18:54 - [TEST_STEP][PASSED] - b35 = <not implemented yet for class: org.codehaus.groovy.ast.expr.EmptyExpression>: null

30-03-2025T16:18:54 - [TEST_STEP][PASSED] - b36 = <not implemented yet for class: org.codehaus.groovy.ast.expr.EmptyExpression>: null

30-03-2025T16:18:54 - [TEST_STEP][PASSED] - b37 = <not implemented yet for class: org.codehaus.groovy.ast.expr.EmptyExpression>: null

30-03-2025T16:18:54 - [TEST_STEP][PASSED] - b38 = <not implemented yet for class: org.codehaus.groovy.ast.expr.EmptyExpression>: null

30-03-2025T16:18:54 - [TEST_STEP][PASSED] - b39 = <not implemented yet for class: org.codehaus.groovy.ast.expr.EmptyExpression>: null

30-03-2025T16:18:54 - [TEST_STEP][PASSED] - b310 = <not implemented yet for class: org.codehaus.groovy.ast.expr.EmptyExpression>: null

30-03-2025T16:18:54 - [TEST_STEP][PASSED] - b311 = <not implemented yet for class: org.codehaus.groovy.ast.expr.EmptyExpression>: null

30-03-2025T16:18:54 - [TEST_STEP][PASSED] - b312 = <not implemented yet for class: org.codehaus.groovy.ast.expr.EmptyExpression>: null

30-03-2025T16:18:54 - [TEST_STEP][PASSED] - b313 = <not implemented yet for class: org.codehaus.groovy.ast.expr.EmptyExpression>: null

30-03-2025T16:18:54 - [TEST_STEP][PASSED] - b314 = <not implemented yet for class: org.codehaus.groovy.ast.expr.EmptyExpression>: null

30-03-2025T16:18:54 - [TEST_STEP][PASSED] - b315 = <not implemented yet for class: org.codehaus.groovy.ast.expr.EmptyExpression>: null

30-03-2025T16:18:54 - [TEST_STEP][PASSED] - b316 = <not implemented yet for class: org.codehaus.groovy.ast.expr.EmptyExpression>: null

30-03-2025T16:18:54 - [TEST_STEP][PASSED] - b317 = <not implemented yet for class: org.codehaus.groovy.ast.expr.EmptyExpression>: null

30-03-2025T16:18:54 - [TEST_STEP][PASSED] - b318 = <not implemented yet for class: org.codehaus.groovy.ast.expr.EmptyExpression>: null

30-03-2025T16:18:54 - [TEST_STEP][PASSED] - block = 1: null

30-03-2025T16:18:54 - [TEST_STEP][PASSED] - nameOfBlock = "": null

30-03-2025T16:18:54 - [TEST_STEP][PASSED] - Script1742558545601.PreSettings(run, vir, block, nameOfBlock, typeOfData, todaysDate): null

30-03-2025T16:18:54 - [TEST_STEP][PASSED] - openBrowser(""): Browser is opened with url: ''

30-03-2025T16:18:54 - [MESSAGE][INFO] - Starting 'Chrome' driver

30-03-2025T16:18:54 - [MESSAGE][INFO] - Action delay is set to 0 milliseconds

30-03-2025T16:18:55 - [MESSAGE][PASSED] - Browser is opened with url: ''

30-03-2025T16:18:55 - [TEST_STEP][PASSED] - refresh(): Refresh successfully

30-03-2025T16:18:55 - [MESSAGE][PASSED] - Refresh successfully

30-03-2025T16:18:55 - [TEST_STEP][PASSED] - delay(50): Delayed 50 second(s)

30-03-2025T16:19:45 - [MESSAGE][PASSED] - Delayed 50 second(s)

30-03-2025T16:19:45 - [TEST_STEP][PASSED] - println("run:" + run): null

30-03-2025T16:19:45 - [TEST_STEP][PASSED] - println("vir:" + vir): null

30-03-2025T16:19:45 - [TEST_STEP][PASSED] - println("block:" + block): null

30-03-2025T16:19:45 - [TEST_STEP][PASSED] - if (block == 1): null

30-03-2025T16:19:45 - [TEST_STEP][PASSED] - nameOfBlock = "": null

30-03-2025T16:19:45 - [TEST_STEP][PASSED] - println("nameOfBlock:" + nameOfBlock): null

30-03-2025T16:19:45 - [TEST_STEP][PASSED] - println("typeOfData:" + typeOfData): null

30-03-2025T16:19:45 - [TEST_STEP][PASSED] - println("todaysDate:" + todaysDate): null

30-03-2025T16:19:45 - [TEST_STEP][PASSED] - Script1742558545601.Autorization(block, nameOfBlock): null

30-03-2025T16:19:45 - [TEST_STEP][PASSED] - i = <not implemented yet for class: org.codehaus.groovy.ast.expr.EmptyExpression>: null

30-03-2025T16:19:45 - [TEST_STEP][PASSED] - ii = <not implemented yet for class: org.codehaus.groovy.ast.expr.EmptyExpression>: null

30-03-2025T16:19:45 - [TEST_STEP][PASSED] - urlData = <not implemented yet for class: org.codehaus.groovy.ast.expr.EmptyExpression>: null

30-03-2025T16:19:45 - [TEST_STEP][PASSED] - searchWord = <not implemented yet for class: org.codehaus.groovy.ast.expr.EmptyExpression>: null

30-03-2025T16:19:45 - [TEST_STEP][PASSED] - urlText = <not implemented yet for class: org.codehaus.groovy.ast.expr.EmptyExpression>: null

30-03-2025T16:19:45 - [TEST_STEP][PASSED] - println("block:" + block): null

30-03-2025T16:19:45 - [TEST_STEP][PASSED] - if (block == 1): null

30-03-2025T16:19:45 - [TEST_STEP][PASSED] - nameOfBlock = "": null

30-03-2025T16:19:45 - [TEST_STEP][PASSED] - println("nameOfBlock:" + nameOfBlock): null

30-03-2025T16:19:45 - [TEST_STEP][PASSED] - if (block == 1): Delayed 45 second(s)

30-03-2025T16:19:45 - [TEST_STEP][PASSED] - urlData = 2: null

30-03-2025T16:19:45 - [TEST_STEP][PASSED] - delay(45): Delayed 45 second(s)

30-03-2025T16:20:30 - [MESSAGE][PASSED] - Delayed 45 second(s)

30-03-2025T16:20:30 - [TEST_STEP][PASSED] - navigateToUrl(findTestData("PlanFact").getValue(10, urlData)): Navigate to 'https://bi.rosseti.digital/viewer?dashboardGuid=2301950b23be4ed89c1df75f2020051e&sheetGuid=b723206f698544fb87299f3095c00435&fit=true' successfully

30-03-2025T16:20:34 - [MESSAGE][PASSED] - Navigate to 'https://bi.rosseti.digital/viewer?dashboardGuid=2301950b23be4ed89c1df75f2020051e&sheetGuid=b723206f698544fb87299f3095c00435&fit=true' successfully

30-03-2025T16:20:34 - [TEST_STEP][PASSED] - urlText = getText(findTestObject("Страница авторизации/Text")): Text of object 'Object Repository/Страница авторизации/Text' is: 'Вход'

30-03-2025T16:20:35 - [MESSAGE][PASSED] - Text of object 'Object Repository/Страница авторизации/Text' is: 'Вход'

30-03-2025T16:20:35 - [TEST_STEP][PASSED] - searchWord = "Вход": null

30-03-2025T16:20:35 - [TEST_STEP][PASSED] - if (urlText == null || urlText.contains("ошибка") || urlText.contains(searchWord) == false): null

30-03-2025T16:20:35 - [TEST_STEP][PASSED] - if (verifyElementPresent(findTestObject("Страница авторизации/button_"), 30) == true): null

30-03-2025T16:20:36 - [MESSAGE][PASSED] - Object 'Object Repository/Страница авторизации/button_' is present

30-03-2025T16:20:36 - [TEST_STEP][PASSED] - setText(findTestObject("Страница авторизации/input__username"), findTestData("PlanFact").getValue(8, 1)): Text 'liazgina-di' is set on object 'Object Repository/Страница авторизации/input__username'

30-03-2025T16:20:36 - [MESSAGE][PASSED] - Text 'liazgina-di' is set on object 'Object Repository/Страница авторизации/input__username'

30-03-2025T16:20:36 - [TEST_STEP][PASSED] - setText(findTestObject("Страница авторизации/input__password"), findTestData("PlanFact").getValue(9, 1)): Text ')$%5srZ8o688Dm#q' is set on object 'Object Repository/Страница авторизации/input__password'

30-03-2025T16:20:37 - [MESSAGE][PASSED] - Text ')$%5srZ8o688Dm#q' is set on object 'Object Repository/Страница авторизации/input__password'

30-03-2025T16:20:37 - [TEST_STEP][PASSED] - click(findTestObject("Страница авторизации/button_")): Object: 'Object Repository/Страница авторизации/button_' is clicked on

30-03-2025T16:20:38 - [MESSAGE][PASSED] - Object: 'Object Repository/Страница авторизации/button_' is clicked on

30-03-2025T16:20:38 - [TEST_STEP][PASSED] - delay(45): Delayed 45 second(s)

30-03-2025T16:21:23 - [MESSAGE][PASSED] - Delayed 45 second(s)

30-03-2025T16:21:23 - [TEST_STEP][PASSED] - urlText = getText(findTestObject("Страница авторизации/Text")): Text of object 'Object Repository/Страница авторизации/Text' is: 'Период
Январь, Февраль 2025 года
Выручка
Все
Выполнение плановых показателей по ПАО Россети за Январь, Февраль 2025 года
План
Факт
Динамика
2025 год
0 млн.руб.
25 000 млн.руб.
50 000 млн.руб.
75 000 млн.руб.
100 000 млн.руб.
125 000 млн.руб.
150 000 млн.руб.
175 000 млн.руб.
200 000 млн.руб.
225 000 млн.руб.
250 000 млн.руб.
275 000 млн.руб.
300 000 млн.руб.
325 000 млн.руб.
350 000 млн.руб.
375 000 млн.руб.
318 025
284 426
↓
ДЗО 
ПАО Россети
Внутренний оборот - выручка за услуги по передаче электрической энергии, учтенная в выручке за электроэнергию для конечных потребителей, при выполнении ДЗО функций гарантирующего поставщика
Подписи данных
⬤Отклонение
АО "РЭС"
АО «Тываэнерго»
АО «Чеченэнерго»
Россети Волга
Россети Кубань
Россети Ленэнерго (ГК)
Россети Московский регион
Россети Северный Кавказ (ГК)
Россети Северо-Запад
Россети Сибирь (ГК)
Россети Томск
Россети Тюмень
Россети Урал (ГК)
Россети ФСК ЕЭС
Россети Центр
Россети Центр и Приволжье (ГК)
Россети Юг (ГК)
Россети Янтарь
-30 000млн.руб.
-25 000млн.руб.
-20 000млн.руб.
-15 000млн.руб.
-10 000млн.руб.
-5 000млн.руб.
0 млн.руб.
5 00…
-170
27
-76
-270
552
-244
-1 353
-805
-232
848
-47
-1 858
-701
-28 384
-520
-484
68
50
млн.
%
Выручка
Отклонение выручки по ПАО Россети за Январь, Февраль 2025 года (факт/план, млн. руб)
ПАО Россети
-33 598.6 млн.руб.
 '

30-03-2025T16:21:24 - [MESSAGE][PASSED] - Text of object 'Object Repository/Страница авторизации/Text' is: 'Период
Январь, Февраль 2025 года
Выручка
Все
Выполнение плановых показателей по ПАО Россети за Январь, Февраль 2025 года
План
Факт
Динамика
2025 год
0 млн.руб.
25 000 млн.руб.
50 000 млн.руб.
75 000 млн.руб.
100 000 млн.руб.
125 000 млн.руб.
150 000 млн.руб.
175 000 млн.руб.
200 000 млн.руб.
225 000 млн.руб.
250 000 млн.руб.
275 000 млн.руб.
300 000 млн.руб.
325 000 млн.руб.
350 000 млн.руб.
375 000 млн.руб.
318 025
284 426
↓
ДЗО 
ПАО Россети
Внутренний оборот - выручка за услуги по передаче электрической энергии, учтенная в выручке за электроэнергию для конечных потребителей, при выполнении ДЗО функций гарантирующего поставщика
Подписи данных
⬤Отклонение
АО "РЭС"
АО «Тываэнерго»
АО «Чеченэнерго»
Россети Волга
Россети Кубань
Россети Ленэнерго (ГК)
Россети Московский регион
Россети Северный Кавказ (ГК)
Россети Северо-Запад
Россети Сибирь (ГК)
Россети Томск
Россети Тюмень
Россети Урал (ГК)
Россети ФСК ЕЭС
Россети Центр
Россети Центр и Приволжье (ГК)
Россети Юг (ГК)
Россети Янтарь
-30 000млн.руб.
-25 000млн.руб.
-20 000млн.руб.
-15 000млн.руб.
-10 000млн.руб.
-5 000млн.руб.
0 млн.руб.
5 00…
-170
27
-76
-270
552
-244
-1 353
-805
-232
848
-47
-1 858
-701
-28 384
-520
-484
68
50
млн.
%
Выручка
Отклонение выручки по ПАО Россети за Январь, Февраль 2025 года (факт/план, млн. руб)
ПАО Россети
-33 598.6 млн.руб.
 '

30-03-2025T16:21:24 - [TEST_STEP][PASSED] - searchWord = "а": null

30-03-2025T16:21:24 - [TEST_STEP][PASSED] - if (urlText.contains("ошибка") || urlText.contains(searchWord) == false): null

30-03-2025T16:21:24 - [TEST_STEP][PASSED] - delay(45): Delayed 45 second(s)

30-03-2025T16:22:09 - [MESSAGE][PASSED] - Delayed 45 second(s)

30-03-2025T16:22:09 - [TEST_STEP][PASSED] - if (block == 2): null

30-03-2025T16:22:09 - [TEST_STEP][PASSED] - click(findTestObject("Выручка в рублях/Фильтр Период" + nameOfBlock)): Object: 'Object Repository/Выручка в рублях/Фильтр Период' is clicked on

30-03-2025T16:22:09 - [MESSAGE][PASSED] - Object: 'Object Repository/Выручка в рублях/Фильтр Период' is clicked on

30-03-2025T16:22:09 - [TEST_STEP][PASSED] - click(findTestObject("Выручка в рублях/Снять выделение в фильтре Дата" + nameOfBlock)): Object: 'Object Repository/Выручка в рублях/Снять выделение в фильтре Дата' is clicked on

30-03-2025T16:22:10 - [MESSAGE][PASSED] - Object: 'Object Repository/Выручка в рублях/Снять выделение в фильтре Дата' is clicked on

30-03-2025T16:22:10 - [TEST_STEP][PASSED] - click(findTestObject("Выручка в рублях/Применить в фильтре Дата" + nameOfBlock)): Object: 'Object Repository/Выручка в рублях/Применить в фильтре Дата' is clicked on

30-03-2025T16:22:10 - [MESSAGE][PASSED] - Object: 'Object Repository/Выручка в рублях/Применить в фильтре Дата' is clicked on

30-03-2025T16:22:10 - [TEST_STEP][PASSED] - delay(50): Delayed 50 second(s)

30-03-2025T16:23:00 - [MESSAGE][PASSED] - Delayed 50 second(s)

30-03-2025T16:23:00 - [TEST_STEP][PASSED] - click(findTestObject("Выручка в рублях/Фильтр Период" + nameOfBlock)): Object: 'Object Repository/Выручка в рублях/Фильтр Период' is clicked on

30-03-2025T16:23:01 - [MESSAGE][PASSED] - Object: 'Object Repository/Выручка в рублях/Фильтр Период' is clicked on

30-03-2025T16:23:01 - [TEST_STEP][PASSED] - click(findTestObject("Выручка в рублях/Снять выделение в фильтре Дата" + nameOfBlock)): Object: 'Object Repository/Выручка в рублях/Снять выделение в фильтре Дата' is clicked on

30-03-2025T16:23:01 - [MESSAGE][PASSED] - Object: 'Object Repository/Выручка в рублях/Снять выделение в фильтре Дата' is clicked on

30-03-2025T16:23:01 - [TEST_STEP][PASSED] - scrollToElement(findTestObject("Выручка в рублях/2025 список" + nameOfBlock), 30): Scroll to object 'Object Repository/Выручка в рублях/2025 список' successfully

30-03-2025T16:23:02 - [MESSAGE][PASSED] - Scroll to object 'Object Repository/Выручка в рублях/2025 список' successfully

30-03-2025T16:23:02 - [TEST_STEP][PASSED] - click(findTestObject("Выручка в рублях/2025 список" + nameOfBlock)): Object: 'Object Repository/Выручка в рублях/2025 список' is clicked on

30-03-2025T16:23:02 - [MESSAGE][PASSED] - Object: 'Object Repository/Выручка в рублях/2025 список' is clicked on

30-03-2025T16:23:02 - [TEST_STEP][PASSED] - scrollToElement(findTestObject("Выручка в рублях/1 квартал 2025 список Выручка"), 30): Scroll to object 'Object Repository/Выручка в рублях/1 квартал 2025 список Выручка' successfully

30-03-2025T16:23:02 - [MESSAGE][PASSED] - Scroll to object 'Object Repository/Выручка в рублях/1 квартал 2025 список Выручка' successfully

30-03-2025T16:23:02 - [TEST_STEP][PASSED] - click(findTestObject("Выручка в рублях/1 квартал 2025 список" + nameOfBlock)): Object: 'Object Repository/Выручка в рублях/1 квартал 2025 список' is clicked on

30-03-2025T16:23:03 - [MESSAGE][PASSED] - Object: 'Object Repository/Выручка в рублях/1 квартал 2025 список' is clicked on

30-03-2025T16:23:03 - [TEST_STEP][PASSED] - scrollToElement(findTestObject("Выручка в рублях/Январь 2025" + nameOfBlock), 30): Scroll to object 'Object Repository/Выручка в рублях/Январь 2025' successfully

30-03-2025T16:23:03 - [MESSAGE][PASSED] - Scroll to object 'Object Repository/Выручка в рублях/Январь 2025' successfully

30-03-2025T16:23:03 - [TEST_STEP][PASSED] - click(findTestObject("Выручка в рублях/Январь 2025" + nameOfBlock)): Object: 'Object Repository/Выручка в рублях/Январь 2025' is clicked on

30-03-2025T16:23:03 - [MESSAGE][PASSED] - Object: 'Object Repository/Выручка в рублях/Январь 2025' is clicked on

30-03-2025T16:23:03 - [TEST_STEP][PASSED] - scrollToElement(findTestObject("Выручка в рублях/Февраль 2025" + nameOfBlock), 30): Scroll to object 'Object Repository/Выручка в рублях/Февраль 2025' successfully

30-03-2025T16:23:04 - [MESSAGE][PASSED] - Scroll to object 'Object Repository/Выручка в рублях/Февраль 2025' successfully

30-03-2025T16:23:04 - [TEST_STEP][PASSED] - click(findTestObject("Выручка в рублях/Февраль 2025" + nameOfBlock)): Object: 'Object Repository/Выручка в рублях/Февраль 2025' is clicked on

30-03-2025T16:23:04 - [MESSAGE][PASSED] - Object: 'Object Repository/Выручка в рублях/Февраль 2025' is clicked on

30-03-2025T16:23:04 - [TEST_STEP][PASSED] - scrollToElement(findTestObject("Выручка в рублях/Заголовок дашборда" + nameOfBlock), 30): Scroll to object 'Object Repository/Выручка в рублях/Заголовок дашборда' successfully

30-03-2025T16:23:05 - [MESSAGE][PASSED] - Scroll to object 'Object Repository/Выручка в рублях/Заголовок дашборда' successfully

30-03-2025T16:23:05 - [TEST_STEP][PASSED] - click(findTestObject("Выручка в рублях/Применить в фильтре Дата" + nameOfBlock)): Object: 'Object Repository/Выручка в рублях/Применить в фильтре Дата' is clicked on

30-03-2025T16:23:05 - [MESSAGE][PASSED] - Object: 'Object Repository/Выручка в рублях/Применить в фильтре Дата' is clicked on

30-03-2025T16:23:05 - [TEST_STEP][PASSED] - delay(55): Delayed 55 second(s)

30-03-2025T16:24:00 - [MESSAGE][PASSED] - Delayed 55 second(s)

30-03-2025T16:24:00 - [TEST_STEP][PASSED] - click(findTestObject("Выручка в рублях/Фильтр ДЗО" + nameOfBlock)): Object: 'Object Repository/Выручка в рублях/Фильтр ДЗО' is clicked on

30-03-2025T16:24:01 - [MESSAGE][PASSED] - Object: 'Object Repository/Выручка в рублях/Фильтр ДЗО' is clicked on

30-03-2025T16:24:01 - [TEST_STEP][PASSED] - click(findTestObject("Выручка в рублях/Снять выделение в фильтре ДЗО" + nameOfBlock)): Object: 'Object Repository/Выручка в рублях/Снять выделение в фильтре ДЗО' is clicked on

30-03-2025T16:24:01 - [MESSAGE][PASSED] - Object: 'Object Repository/Выручка в рублях/Снять выделение в фильтре ДЗО' is clicked on

30-03-2025T16:24:01 - [TEST_STEP][PASSED] - click(findTestObject("Выручка в рублях/Применить в фильтре ДЗО" + nameOfBlock)): Object: 'Object Repository/Выручка в рублях/Применить в фильтре ДЗО' is clicked on

30-03-2025T16:24:02 - [MESSAGE][PASSED] - Object: 'Object Repository/Выручка в рублях/Применить в фильтре ДЗО' is clicked on

30-03-2025T16:24:02 - [TEST_STEP][PASSED] - delay(50): Delayed 50 second(s)

30-03-2025T16:24:52 - [MESSAGE][PASSED] - Delayed 50 second(s)

30-03-2025T16:24:52 - [TEST_STEP][PASSED] - Script1742558545601.Tumbler(run, vir, block, nameOfBlock): null

30-03-2025T16:24:52 - [TEST_STEP][PASSED] - println("run:" + run): null

30-03-2025T16:24:52 - [TEST_STEP][PASSED] - println("vir:" + vir): null

30-03-2025T16:24:52 - [TEST_STEP][PASSED] - println("block:" + block): null

30-03-2025T16:24:52 - [TEST_STEP][PASSED] - println("nameOfBlock:" + nameOfBlock): null

30-03-2025T16:24:52 - [TEST_STEP][PASSED] - if (vir == 1): null

30-03-2025T16:24:52 - [TEST_STEP][PASSED] - else if (vir == 2): null

30-03-2025T16:24:52 - [TEST_STEP][PASSED] - else if (vir == 3): Object: 'Object Repository/Выручка в рублях/Применить в фильтре Выручка' is clicked on

30-03-2025T16:24:52 - [TEST_STEP][PASSED] - if (run == 2): Object: 'Object Repository/Выручка в рублях/Переключить отображение с млн на проценты Выручка в рублях' is clicked on

30-03-2025T16:24:52 - [TEST_STEP][PASSED] - click(findTestObject("Выручка в рублях/Переключить отображение с млн на проценты Выручка в рублях" + nameOfBlock)): Object: 'Object Repository/Выручка в рублях/Переключить отображение с млн на проценты Выручка в рублях' is clicked on

30-03-2025T16:24:52 - [MESSAGE][PASSED] - Object: 'Object Repository/Выручка в рублях/Переключить отображение с млн на проценты Выручка в рублях' is clicked on

30-03-2025T16:24:52 - [TEST_STEP][PASSED] - click(findTestObject("Выручка в рублях/Фильтр Выручка" + nameOfBlock)): Object: 'Object Repository/Выручка в рублях/Фильтр Выручка' is clicked on

30-03-2025T16:24:52 - [MESSAGE][PASSED] - Object: 'Object Repository/Выручка в рублях/Фильтр Выручка' is clicked on

30-03-2025T16:24:52 - [TEST_STEP][PASSED] - click(findTestObject("Выручка в рублях/Внутренний оборот в фильтре Выручка" + nameOfBlock)): Object: 'Object Repository/Выручка в рублях/Внутренний оборот в фильтре Выручка' is clicked on

30-03-2025T16:24:53 - [MESSAGE][PASSED] - Object: 'Object Repository/Выручка в рублях/Внутренний оборот в фильтре Выручка' is clicked on

30-03-2025T16:24:53 - [TEST_STEP][PASSED] - click(findTestObject("Выручка в рублях/Применить в фильтре Выручка" + nameOfBlock)): Object: 'Object Repository/Выручка в рублях/Применить в фильтре Выручка' is clicked on

30-03-2025T16:24:54 - [MESSAGE][PASSED] - Object: 'Object Repository/Выручка в рублях/Применить в фильтре Выручка' is clicked on

30-03-2025T16:24:54 - [TEST_STEP][PASSED] - click(findTestObject("Выручка в рублях/Фильтр ДЗО" + nameOfBlock)): Object: 'Object Repository/Выручка в рублях/Фильтр ДЗО' is clicked on

30-03-2025T16:24:55 - [MESSAGE][PASSED] - Object: 'Object Repository/Выручка в рублях/Фильтр ДЗО' is clicked on

30-03-2025T16:24:55 - [TEST_STEP][PASSED] - Script1742558545601.Rosseti(nameOfBlock): null

30-03-2025T16:24:55 - [TEST_STEP][PASSED] - println("nameOfBlock:" + nameOfBlock): null

30-03-2025T16:24:55 - [TEST_STEP][PASSED] - click(findTestObject("Выручка в рублях/ПАО Россети" + nameOfBlock)): Object: 'Object Repository/Выручка в рублях/ПАО Россети' is clicked on

30-03-2025T16:24:55 - [MESSAGE][PASSED] - Object: 'Object Repository/Выручка в рублях/ПАО Россети' is clicked on

30-03-2025T16:24:55 - [TEST_STEP][PASSED] - click(findTestObject("Выручка в рублях/Применить в фильтре ДЗО" + nameOfBlock)): Object: 'Object Repository/Выручка в рублях/Применить в фильтре ДЗО' is clicked on

30-03-2025T16:24:56 - [MESSAGE][PASSED] - Object: 'Object Repository/Выручка в рублях/Применить в фильтре ДЗО' is clicked on

30-03-2025T16:24:56 - [TEST_STEP][PASSED] - if (run == 2): null

30-03-2025T16:24:56 - [TEST_STEP][PASSED] - perc = " Perc": null

30-03-2025T16:24:56 - [TEST_STEP][PASSED] - if (vir == 1 || vir == 2): null

30-03-2025T16:24:56 - [TEST_STEP][PASSED] - else: Text of object 'Object Repository/Выручка в рублях/vir3Plan' is: '5 663'

30-03-2025T16:24:56 - [TEST_STEP][PASSED] - a1 = getText(findTestObject("Выручка в рублях/vir3Plan")): Text of object 'Object Repository/Выручка в рублях/vir3Plan' is: '5 663'

30-03-2025T16:24:57 - [MESSAGE][PASSED] - Text of object 'Object Repository/Выручка в рублях/vir3Plan' is: '5 663'

30-03-2025T16:24:57 - [TEST_STEP][PASSED] - if (vir == 1 || vir == 2): null

30-03-2025T16:24:57 - [TEST_STEP][PASSED] - else: Text of object 'Object Repository/Выручка в рублях/vir3Fact' is: '4 846'

30-03-2025T16:24:57 - [TEST_STEP][PASSED] - a2 = getText(findTestObject("Выручка в рублях/vir3Fact")): Text of object 'Object Repository/Выручка в рублях/vir3Fact' is: '4 846'

30-03-2025T16:24:58 - [MESSAGE][PASSED] - Text of object 'Object Repository/Выручка в рублях/vir3Fact' is: '4 846'

30-03-2025T16:24:58 - [TEST_STEP][PASSED] - a30 = getText(findTestObject("Выручка в рублях/span1" + perc)): Text of object 'Object Repository/Выручка в рублях/span1 Perc' is: '-14.43 %'

30-03-2025T16:24:58 - [MESSAGE][PASSED] - Text of object 'Object Repository/Выручка в рублях/span1 Perc' is: '-14.43 %'

30-03-2025T16:24:58 - [TEST_STEP][PASSED] - i = a30.indexOf("млн.руб."): null

30-03-2025T16:24:58 - [TEST_STEP][PASSED] - if (i > -1): null

30-03-2025T16:24:58 - [TEST_STEP][PASSED] - if (a30.contains("%")): null

30-03-2025T16:24:58 - [TEST_STEP][PASSED] - a30 = a30.replaceAll("%", ""): null

30-03-2025T16:24:58 - [TEST_STEP][PASSED] - a30 = ").trim(): null

30-03-2025T16:24:58 - [TEST_STEP][PASSED] - println("a30: " + a30): null

30-03-2025T16:24:58 - [TEST_STEP][PASSED] - if (vir == 1): null

30-03-2025T16:24:58 - [TEST_STEP][PASSED] - else if (vir == 2): null

30-03-2025T16:24:58 - [TEST_STEP][PASSED] - else: Text of object 'Object Repository/Выручка в рублях/span5 Perc' is: '1.5 %'

30-03-2025T16:24:58 - [TEST_STEP][PASSED] - a32 = ").trim(): Text of object 'Object Repository/Выручка в рублях/span2 Perc' is: '10.07 %'

30-03-2025T16:24:58 - [MESSAGE][PASSED] - Text of object 'Object Repository/Выручка в рублях/span2 Perc' is: '10.07 %'

30-03-2025T16:24:58 - [TEST_STEP][PASSED] - a33 = ").trim(): Text of object 'Object Repository/Выручка в рублях/span3 Perc' is: '-7.67 %'

30-03-2025T16:24:59 - [MESSAGE][PASSED] - Text of object 'Object Repository/Выручка в рублях/span3 Perc' is: '-7.67 %'

30-03-2025T16:24:59 - [TEST_STEP][PASSED] - a38 = ").trim(): Text of object 'Object Repository/Выручка в рублях/span4 Perc' is: '-17.97 %'

30-03-2025T16:24:59 - [MESSAGE][PASSED] - Text of object 'Object Repository/Выручка в рублях/span4 Perc' is: '-17.97 %'

30-03-2025T16:24:59 - [TEST_STEP][PASSED] - a317 = ").trim(): Text of object 'Object Repository/Выручка в рублях/span5 Perc' is: '1.5 %'

30-03-2025T16:24:59 - [MESSAGE][PASSED] - Text of object 'Object Repository/Выручка в рублях/span5 Perc' is: '1.5 %'

30-03-2025T16:24:59 - [TEST_STEP][PASSED] - block = 2: null

30-03-2025T16:24:59 - [TEST_STEP][PASSED] - nameOfBlock = " Выручка": null

30-03-2025T16:24:59 - [TEST_STEP][PASSED] - Script1742558545601.PreSettings(run, vir, block, nameOfBlock, typeOfData, todaysDate): null

30-03-2025T16:24:59 - [TEST_STEP][PASSED] - openBrowser(""): Browser is opened with url: ''

30-03-2025T16:24:59 - [MESSAGE][WARNING] - A browser is already opened. Closing browser and opening a new one

30-03-2025T16:24:59 - [MESSAGE][INFO] - Starting 'Chrome' driver

30-03-2025T16:24:59 - [MESSAGE][INFO] - Action delay is set to 0 milliseconds

30-03-2025T16:25:00 - [MESSAGE][PASSED] - Browser is opened with url: ''

30-03-2025T16:25:00 - [TEST_STEP][PASSED] - refresh(): Refresh successfully

30-03-2025T16:25:00 - [MESSAGE][PASSED] - Refresh successfully

30-03-2025T16:25:00 - [TEST_STEP][PASSED] - delay(50): Delayed 50 second(s)

30-03-2025T16:25:50 - [MESSAGE][PASSED] - Delayed 50 second(s)

30-03-2025T16:25:50 - [TEST_STEP][PASSED] - println("run:" + run): null

30-03-2025T16:25:50 - [TEST_STEP][PASSED] - println("vir:" + vir): null

30-03-2025T16:25:50 - [TEST_STEP][PASSED] - println("block:" + block): null

30-03-2025T16:25:50 - [TEST_STEP][PASSED] - if (block == 1): null

30-03-2025T16:25:50 - [TEST_STEP][PASSED] - else: null

30-03-2025T16:25:50 - [TEST_STEP][PASSED] - nameOfBlock = " Выручка": null

30-03-2025T16:25:50 - [TEST_STEP][PASSED] - println("nameOfBlock:" + nameOfBlock): null

30-03-2025T16:25:50 - [TEST_STEP][PASSED] - println("typeOfData:" + typeOfData): null

30-03-2025T16:25:50 - [TEST_STEP][PASSED] - println("todaysDate:" + todaysDate): null

30-03-2025T16:25:50 - [TEST_STEP][PASSED] - Script1742558545601.Autorization(block, nameOfBlock): null

30-03-2025T16:25:50 - [TEST_STEP][PASSED] - i = <not implemented yet for class: org.codehaus.groovy.ast.expr.EmptyExpression>: null

30-03-2025T16:25:50 - [TEST_STEP][PASSED] - ii = <not implemented yet for class: org.codehaus.groovy.ast.expr.EmptyExpression>: null

30-03-2025T16:25:50 - [TEST_STEP][PASSED] - urlData = <not implemented yet for class: org.codehaus.groovy.ast.expr.EmptyExpression>: null

30-03-2025T16:25:50 - [TEST_STEP][PASSED] - searchWord = <not implemented yet for class: org.codehaus.groovy.ast.expr.EmptyExpression>: null

30-03-2025T16:25:50 - [TEST_STEP][PASSED] - urlText = <not implemented yet for class: org.codehaus.groovy.ast.expr.EmptyExpression>: null

30-03-2025T16:25:50 - [TEST_STEP][PASSED] - println("block:" + block): null

30-03-2025T16:25:50 - [TEST_STEP][PASSED] - if (block == 1): null

30-03-2025T16:25:50 - [TEST_STEP][PASSED] - else: null

30-03-2025T16:25:50 - [TEST_STEP][PASSED] - delay(45): Delayed 45 second(s)

30-03-2025T16:26:35 - [MESSAGE][PASSED] - Delayed 45 second(s)

30-03-2025T16:26:35 - [TEST_STEP][PASSED] - nameOfBlock = " Выручка": null

30-03-2025T16:26:35 - [TEST_STEP][PASSED] - println("nameOfBlock:" + nameOfBlock): null

30-03-2025T16:26:35 - [TEST_STEP][PASSED] - if (block == 1): null

30-03-2025T16:26:35 - [TEST_STEP][PASSED] - else: Delayed 45 second(s)

30-03-2025T16:26:35 - [TEST_STEP][PASSED] - urlData = 9: null

30-03-2025T16:26:35 - [TEST_STEP][PASSED] - delay(45): Delayed 45 second(s)

30-03-2025T16:27:20 - [MESSAGE][PASSED] - Delayed 45 second(s)

30-03-2025T16:27:20 - [TEST_STEP][PASSED] - navigateToUrl(findTestData("PlanFact").getValue(10, urlData)): Navigate to 'https://bi.rosseti.digital/viewer?dashboardGuid=a1fd28b3785d443cbc4d7690a1d78e31&sheetGuid=86092a20c5984827a0c87b24cac76a50&fit=true' successfully

30-03-2025T16:27:25 - [MESSAGE][PASSED] - Navigate to 'https://bi.rosseti.digital/viewer?dashboardGuid=a1fd28b3785d443cbc4d7690a1d78e31&sheetGuid=86092a20c5984827a0c87b24cac76a50&fit=true' successfully

30-03-2025T16:27:25 - [TEST_STEP][PASSED] - urlText = getText(findTestObject("Страница авторизации/Text")): Text of object 'Object Repository/Страница авторизации/Text' is: 'Вход'

30-03-2025T16:27:25 - [MESSAGE][PASSED] - Text of object 'Object Repository/Страница авторизации/Text' is: 'Вход'

30-03-2025T16:27:25 - [TEST_STEP][PASSED] - searchWord = "Вход": null

30-03-2025T16:27:25 - [TEST_STEP][PASSED] - if (urlText == null || urlText.contains("ошибка") || urlText.contains(searchWord) == false): null

30-03-2025T16:27:25 - [TEST_STEP][PASSED] - if (verifyElementPresent(findTestObject("Страница авторизации/button_"), 30) == true): null

30-03-2025T16:27:26 - [MESSAGE][PASSED] - Object 'Object Repository/Страница авторизации/button_' is present

30-03-2025T16:27:26 - [TEST_STEP][PASSED] - setText(findTestObject("Страница авторизации/input__username"), findTestData("PlanFact").getValue(8, 1)): Text 'liazgina-di' is set on object 'Object Repository/Страница авторизации/input__username'

30-03-2025T16:27:26 - [MESSAGE][PASSED] - Text 'liazgina-di' is set on object 'Object Repository/Страница авторизации/input__username'

30-03-2025T16:27:26 - [TEST_STEP][PASSED] - setText(findTestObject("Страница авторизации/input__password"), findTestData("PlanFact").getValue(9, 1)): Text ')$%5srZ8o688Dm#q' is set on object 'Object Repository/Страница авторизации/input__password'

30-03-2025T16:27:27 - [MESSAGE][PASSED] - Text ')$%5srZ8o688Dm#q' is set on object 'Object Repository/Страница авторизации/input__password'

30-03-2025T16:27:27 - [TEST_STEP][PASSED] - click(findTestObject("Страница авторизации/button_")): Object: 'Object Repository/Страница авторизации/button_' is clicked on

30-03-2025T16:27:28 - [MESSAGE][PASSED] - Object: 'Object Repository/Страница авторизации/button_' is clicked on

30-03-2025T16:27:28 - [TEST_STEP][PASSED] - delay(45): Delayed 45 second(s)

30-03-2025T16:28:13 - [MESSAGE][PASSED] - Delayed 45 second(s)

30-03-2025T16:28:13 - [TEST_STEP][PASSED] - urlText = getText(findTestObject("Страница авторизации/Text")): Text of object 'Object Repository/Страница авторизации/Text' is: 'Период
Выбрано: 2
Выручка
Все
Выполнение плановых показателей, млн.руб.
План
Факт
Динамика
2025 год
0 млн.руб.
50 000 млн.руб.
100 000 млн.руб.
150 000 млн.руб.
200 000 млн.руб.
250 000 млн.руб.
300 000 млн.руб.
350 000 млн.руб.
400 000 млн.руб.
318 025
284 426
↓
ДЗО 
Все
Подписи данных
⬤Отклонение
АО "РЭС"
АО «Тываэнерго»
АО «Чеченэнерго»
Россети Волга
Россети Кубань
Россети Ленэнерго (ГК)
Россети Московский регион
Россети Северный Кавказ (ГК)
Россети Северо-Запад
Россети Сибирь (ГК)
Россети Томск
Россети Тюмень
Россети Урал (ГК)
Россети ФСК ЕЭС
Россети Центр
Россети Центр и Приволжье (ГК)
Россети Юг (ГК)
Россети Янтарь
-30 000 млн.руб.
-27 500 млн.руб.
-25 000 млн.руб.
-22 500 млн.руб.
-20 000 млн.руб.
-17 500 млн.руб.
-15 000 млн.руб.
-12 500 млн.руб.
-10 000 млн.руб.
-7 500 млн.руб.
-5 000 млн.руб.
-2 500 млн.руб.
0 млн.руб.
2 500 млн.руб.
-170
27
-76
-270
552
-244
-1 353
-805
-232
848
-47
-1 858
-701
-28 384
-520
-484
68
50
млн.
%
Выручка
Отклонение выручки (факт/план, млн. руб) 
ПАО Россети
-33 598.6 млн.руб.
Статус данных
×
Просьба обратить внимание
Данные занесены не полностью
ВЫБРАННЫЕ ЗНАЧЕНИЯ ФИЛЬТРОВ
ДЗО | ПЕРИОД
ПАО Россети: [«Выбраны все филиалы по всем ДЗО по всем категориям»]
2025: [Янв, Фев]
*Внутренний оборот'

30-03-2025T16:28:14 - [MESSAGE][PASSED] - Text of object 'Object Repository/Страница авторизации/Text' is: 'Период
Выбрано: 2
Выручка
Все
Выполнение плановых показателей, млн.руб.
План
Факт
Динамика
2025 год
0 млн.руб.
50 000 млн.руб.
100 000 млн.руб.
150 000 млн.руб.
200 000 млн.руб.
250 000 млн.руб.
300 000 млн.руб.
350 000 млн.руб.
400 000 млн.руб.
318 025
284 426
↓
ДЗО 
Все
Подписи данных
⬤Отклонение
АО "РЭС"
АО «Тываэнерго»
АО «Чеченэнерго»
Россети Волга
Россети Кубань
Россети Ленэнерго (ГК)
Россети Московский регион
Россети Северный Кавказ (ГК)
Россети Северо-Запад
Россети Сибирь (ГК)
Россети Томск
Россети Тюмень
Россети Урал (ГК)
Россети ФСК ЕЭС
Россети Центр
Россети Центр и Приволжье (ГК)
Россети Юг (ГК)
Россети Янтарь
-30 000 млн.руб.
-27 500 млн.руб.
-25 000 млн.руб.
-22 500 млн.руб.
-20 000 млн.руб.
-17 500 млн.руб.
-15 000 млн.руб.
-12 500 млн.руб.
-10 000 млн.руб.
-7 500 млн.руб.
-5 000 млн.руб.
-2 500 млн.руб.
0 млн.руб.
2 500 млн.руб.
-170
27
-76
-270
552
-244
-1 353
-805
-232
848
-47
-1 858
-701
-28 384
-520
-484
68
50
млн.
%
Выручка
Отклонение выручки (факт/план, млн. руб) 
ПАО Россети
-33 598.6 млн.руб.
Статус данных
×
Просьба обратить внимание
Данные занесены не полностью
ВЫБРАННЫЕ ЗНАЧЕНИЯ ФИЛЬТРОВ
ДЗО | ПЕРИОД
ПАО Россети: [«Выбраны все филиалы по всем ДЗО по всем категориям»]
2025: [Янв, Фев]
*Внутренний оборот'

30-03-2025T16:28:14 - [TEST_STEP][PASSED] - searchWord = "а": null

30-03-2025T16:28:14 - [TEST_STEP][PASSED] - if (urlText.contains("ошибка") || urlText.contains(searchWord) == false): null

30-03-2025T16:28:14 - [TEST_STEP][PASSED] - delay(45): Delayed 45 second(s)

30-03-2025T16:28:59 - [MESSAGE][PASSED] - Delayed 45 second(s)

30-03-2025T16:28:59 - [TEST_STEP][PASSED] - if (block == 2): Delayed 50 second(s)

30-03-2025T16:28:59 - [TEST_STEP][PASSED] - opoveshenie = getText(findTestObject("Выручка в рублях/Просьба обратить внимание")): Text of object 'Object Repository/Выручка в рублях/Просьба обратить внимание' is: 'Просьба обратить внимание'

30-03-2025T16:28:59 - [MESSAGE][PASSED] - Text of object 'Object Repository/Выручка в рублях/Просьба обратить внимание' is: 'Просьба обратить внимание'

30-03-2025T16:28:59 - [TEST_STEP][PASSED] - if (opoveshenie == "Просьба обратить внимание"): Delayed 50 second(s)

30-03-2025T16:28:59 - [TEST_STEP][PASSED] - click(findTestObject("Выручка в рублях/Закрыть оповещение")): Object: 'Object Repository/Выручка в рублях/Закрыть оповещение' is clicked on

30-03-2025T16:29:00 - [MESSAGE][PASSED] - Object: 'Object Repository/Выручка в рублях/Закрыть оповещение' is clicked on

30-03-2025T16:29:00 - [TEST_STEP][PASSED] - delay(50): Delayed 50 second(s)

30-03-2025T16:29:50 - [MESSAGE][PASSED] - Delayed 50 second(s)

30-03-2025T16:29:50 - [TEST_STEP][PASSED] - click(findTestObject("Выручка в рублях/Фильтр Период" + nameOfBlock)): Object: 'Object Repository/Выручка в рублях/Фильтр Период Выручка' is clicked on

30-03-2025T16:29:50 - [MESSAGE][PASSED] - Object: 'Object Repository/Выручка в рублях/Фильтр Период Выручка' is clicked on

30-03-2025T16:29:50 - [TEST_STEP][PASSED] - click(findTestObject("Выручка в рублях/Снять выделение в фильтре Дата" + nameOfBlock)): Object: 'Object Repository/Выручка в рублях/Снять выделение в фильтре Дата Выручка' is clicked on

30-03-2025T16:29:51 - [MESSAGE][PASSED] - Object: 'Object Repository/Выручка в рублях/Снять выделение в фильтре Дата Выручка' is clicked on

30-03-2025T16:29:51 - [TEST_STEP][PASSED] - click(findTestObject("Выручка в рублях/Применить в фильтре Дата" + nameOfBlock)): Object: 'Object Repository/Выручка в рублях/Применить в фильтре Дата Выручка' is clicked on

30-03-2025T16:29:51 - [MESSAGE][PASSED] - Object: 'Object Repository/Выручка в рублях/Применить в фильтре Дата Выручка' is clicked on

30-03-2025T16:29:51 - [TEST_STEP][PASSED] - delay(50): Delayed 50 second(s)

30-03-2025T16:30:41 - [MESSAGE][PASSED] - Delayed 50 second(s)

30-03-2025T16:30:41 - [TEST_STEP][PASSED] - click(findTestObject("Выручка в рублях/Фильтр Период" + nameOfBlock)): Object: 'Object Repository/Выручка в рублях/Фильтр Период Выручка' is clicked on

30-03-2025T16:30:42 - [MESSAGE][PASSED] - Object: 'Object Repository/Выручка в рублях/Фильтр Период Выручка' is clicked on

30-03-2025T16:30:42 - [TEST_STEP][PASSED] - click(findTestObject("Выручка в рублях/Снять выделение в фильтре Дата" + nameOfBlock)): Object: 'Object Repository/Выручка в рублях/Снять выделение в фильтре Дата Выручка' is clicked on

30-03-2025T16:30:42 - [MESSAGE][PASSED] - Object: 'Object Repository/Выручка в рублях/Снять выделение в фильтре Дата Выручка' is clicked on

30-03-2025T16:30:42 - [TEST_STEP][PASSED] - scrollToElement(findTestObject("Выручка в рублях/2025 список" + nameOfBlock), 30): Scroll to object 'Object Repository/Выручка в рублях/2025 список Выручка' successfully

30-03-2025T16:30:42 - [MESSAGE][PASSED] - Scroll to object 'Object Repository/Выручка в рублях/2025 список Выручка' successfully

30-03-2025T16:30:42 - [TEST_STEP][PASSED] - click(findTestObject("Выручка в рублях/2025 список" + nameOfBlock)): Object: 'Object Repository/Выручка в рублях/2025 список Выручка' is clicked on

30-03-2025T16:30:43 - [MESSAGE][PASSED] - Object: 'Object Repository/Выручка в рублях/2025 список Выручка' is clicked on

30-03-2025T16:30:43 - [TEST_STEP][PASSED] - scrollToElement(findTestObject("Выручка в рублях/1 квартал 2025 список Выручка"), 30): Scroll to object 'Object Repository/Выручка в рублях/1 квартал 2025 список Выручка' successfully

30-03-2025T16:30:43 - [MESSAGE][PASSED] - Scroll to object 'Object Repository/Выручка в рублях/1 квартал 2025 список Выручка' successfully

30-03-2025T16:30:43 - [TEST_STEP][PASSED] - click(findTestObject("Выручка в рублях/1 квартал 2025 список" + nameOfBlock)): Object: 'Object Repository/Выручка в рублях/1 квартал 2025 список Выручка' is clicked on

30-03-2025T16:30:43 - [MESSAGE][PASSED] - Object: 'Object Repository/Выручка в рублях/1 квартал 2025 список Выручка' is clicked on

30-03-2025T16:30:43 - [TEST_STEP][PASSED] - scrollToElement(findTestObject("Выручка в рублях/Январь 2025" + nameOfBlock), 30): Scroll to object 'Object Repository/Выручка в рублях/Январь 2025 Выручка' successfully

30-03-2025T16:30:44 - [MESSAGE][PASSED] - Scroll to object 'Object Repository/Выручка в рублях/Январь 2025 Выручка' successfully

30-03-2025T16:30:44 - [TEST_STEP][PASSED] - click(findTestObject("Выручка в рублях/Январь 2025" + nameOfBlock)): Object: 'Object Repository/Выручка в рублях/Январь 2025 Выручка' is clicked on

30-03-2025T16:30:44 - [MESSAGE][PASSED] - Object: 'Object Repository/Выручка в рублях/Январь 2025 Выручка' is clicked on

30-03-2025T16:30:44 - [TEST_STEP][PASSED] - scrollToElement(findTestObject("Выручка в рублях/Февраль 2025" + nameOfBlock), 30): Scroll to object 'Object Repository/Выручка в рублях/Февраль 2025 Выручка' successfully

30-03-2025T16:30:45 - [MESSAGE][PASSED] - Scroll to object 'Object Repository/Выручка в рублях/Февраль 2025 Выручка' successfully

30-03-2025T16:30:45 - [TEST_STEP][PASSED] - click(findTestObject("Выручка в рублях/Февраль 2025" + nameOfBlock)): Object: 'Object Repository/Выручка в рублях/Февраль 2025 Выручка' is clicked on

30-03-2025T16:30:45 - [MESSAGE][PASSED] - Object: 'Object Repository/Выручка в рублях/Февраль 2025 Выручка' is clicked on

30-03-2025T16:30:45 - [TEST_STEP][PASSED] - scrollToElement(findTestObject("Выручка в рублях/Заголовок дашборда" + nameOfBlock), 30): Scroll to object 'Object Repository/Выручка в рублях/Заголовок дашборда Выручка' successfully

30-03-2025T16:30:45 - [MESSAGE][PASSED] - Scroll to object 'Object Repository/Выручка в рублях/Заголовок дашборда Выручка' successfully

30-03-2025T16:30:45 - [TEST_STEP][PASSED] - click(findTestObject("Выручка в рублях/Применить в фильтре Дата" + nameOfBlock)): Object: 'Object Repository/Выручка в рублях/Применить в фильтре Дата Выручка' is clicked on

30-03-2025T16:30:46 - [MESSAGE][PASSED] - Object: 'Object Repository/Выручка в рублях/Применить в фильтре Дата Выручка' is clicked on

30-03-2025T16:30:46 - [TEST_STEP][PASSED] - delay(55): Delayed 55 second(s)

30-03-2025T16:31:41 - [MESSAGE][PASSED] - Delayed 55 second(s)

30-03-2025T16:31:41 - [TEST_STEP][PASSED] - click(findTestObject("Выручка в рублях/Фильтр ДЗО" + nameOfBlock)): Object: 'Object Repository/Выручка в рублях/Фильтр ДЗО Выручка' is clicked on

30-03-2025T16:31:41 - [MESSAGE][PASSED] - Object: 'Object Repository/Выручка в рублях/Фильтр ДЗО Выручка' is clicked on

30-03-2025T16:31:41 - [TEST_STEP][PASSED] - click(findTestObject("Выручка в рублях/Снять выделение в фильтре ДЗО" + nameOfBlock)): Object: 'Object Repository/Выручка в рублях/Снять выделение в фильтре ДЗО Выручка' is clicked on

30-03-2025T16:31:42 - [MESSAGE][PASSED] - Object: 'Object Repository/Выручка в рублях/Снять выделение в фильтре ДЗО Выручка' is clicked on

30-03-2025T16:31:42 - [TEST_STEP][PASSED] - click(findTestObject("Выручка в рублях/Применить в фильтре ДЗО" + nameOfBlock)): Object: 'Object Repository/Выручка в рублях/Применить в фильтре ДЗО Выручка' is clicked on

30-03-2025T16:31:42 - [MESSAGE][PASSED] - Object: 'Object Repository/Выручка в рублях/Применить в фильтре ДЗО Выручка' is clicked on

30-03-2025T16:31:42 - [TEST_STEP][PASSED] - delay(50): Delayed 50 second(s)

30-03-2025T16:32:32 - [MESSAGE][PASSED] - Delayed 50 second(s)

30-03-2025T16:32:32 - [TEST_STEP][PASSED] - Script1742558545601.Tumbler(run, vir, block, nameOfBlock): null

30-03-2025T16:32:32 - [TEST_STEP][PASSED] - println("run:" + run): null

30-03-2025T16:32:32 - [TEST_STEP][PASSED] - println("vir:" + vir): null

30-03-2025T16:32:32 - [TEST_STEP][PASSED] - println("block:" + block): null

30-03-2025T16:32:32 - [TEST_STEP][PASSED] - println("nameOfBlock:" + nameOfBlock): null

30-03-2025T16:32:32 - [TEST_STEP][PASSED] - if (vir == 1): null

30-03-2025T16:32:32 - [TEST_STEP][PASSED] - else if (vir == 2): null

30-03-2025T16:32:32 - [TEST_STEP][PASSED] - else if (vir == 3): Object: 'Object Repository/Выручка в рублях/Применить в фильтре Выручка Выручка' is clicked on

30-03-2025T16:32:32 - [TEST_STEP][PASSED] - if (run == 2): Object: 'Object Repository/Выручка в рублях/Переключить отображение с млн на проценты Выручка в рублях Выручка' is clicked on

30-03-2025T16:32:32 - [TEST_STEP][PASSED] - click(findTestObject("Выручка в рублях/Переключить отображение с млн на проценты Выручка в рублях" + nameOfBlock)): Object: 'Object Repository/Выручка в рублях/Переключить отображение с млн на проценты Выручка в рублях Выручка' is clicked on

30-03-2025T16:32:33 - [MESSAGE][PASSED] - Object: 'Object Repository/Выручка в рублях/Переключить отображение с млн на проценты Выручка в рублях Выручка' is clicked on

30-03-2025T16:32:33 - [TEST_STEP][PASSED] - click(findTestObject("Выручка в рублях/Фильтр Выручка" + nameOfBlock)): Object: 'Object Repository/Выручка в рублях/Фильтр Выручка Выручка' is clicked on

30-03-2025T16:32:33 - [MESSAGE][PASSED] - Object: 'Object Repository/Выручка в рублях/Фильтр Выручка Выручка' is clicked on

30-03-2025T16:32:33 - [TEST_STEP][PASSED] - click(findTestObject("Выручка в рублях/Внутренний оборот в фильтре Выручка" + nameOfBlock)): Object: 'Object Repository/Выручка в рублях/Внутренний оборот в фильтре Выручка Выручка' is clicked on

30-03-2025T16:32:34 - [MESSAGE][PASSED] - Object: 'Object Repository/Выручка в рублях/Внутренний оборот в фильтре Выручка Выручка' is clicked on

30-03-2025T16:32:34 - [TEST_STEP][PASSED] - click(findTestObject("Выручка в рублях/Применить в фильтре Выручка" + nameOfBlock)): Object: 'Object Repository/Выручка в рублях/Применить в фильтре Выручка Выручка' is clicked on

30-03-2025T16:32:34 - [MESSAGE][PASSED] - Object: 'Object Repository/Выручка в рублях/Применить в фильтре Выручка Выручка' is clicked on

30-03-2025T16:32:34 - [TEST_STEP][PASSED] - click(findTestObject("Выручка в рублях/Фильтр ДЗО" + nameOfBlock)): Object: 'Object Repository/Выручка в рублях/Фильтр ДЗО Выручка' is clicked on

30-03-2025T16:32:36 - [MESSAGE][PASSED] - Object: 'Object Repository/Выручка в рублях/Фильтр ДЗО Выручка' is clicked on

30-03-2025T16:32:36 - [TEST_STEP][PASSED] - Script1742558545601.Rosseti(nameOfBlock): null

30-03-2025T16:32:36 - [TEST_STEP][PASSED] - println("nameOfBlock:" + nameOfBlock): null

30-03-2025T16:32:36 - [TEST_STEP][PASSED] - click(findTestObject("Выручка в рублях/ПАО Россети" + nameOfBlock)): Object: 'Object Repository/Выручка в рублях/ПАО Россети Выручка' is clicked on

30-03-2025T16:32:36 - [MESSAGE][PASSED] - Object: 'Object Repository/Выручка в рублях/ПАО Россети Выручка' is clicked on

30-03-2025T16:32:36 - [TEST_STEP][PASSED] - click(findTestObject("Выручка в рублях/Применить в фильтре ДЗО" + nameOfBlock)): Object: 'Object Repository/Выручка в рублях/Применить в фильтре ДЗО Выручка' is clicked on

30-03-2025T16:32:37 - [MESSAGE][PASSED] - Object: 'Object Repository/Выручка в рублях/Применить в фильтре ДЗО Выручка' is clicked on

30-03-2025T16:32:37 - [TEST_STEP][PASSED] - if (vir == 1 || vir == 2): null

30-03-2025T16:32:37 - [TEST_STEP][PASSED] - else: Text of object 'Object Repository/Выручка в рублях/vir3Plan Выручка' is: '5 663'

30-03-2025T16:32:37 - [TEST_STEP][PASSED] - b1 = getText(findTestObject("Выручка в рублях/vir3Plan Выручка")): Text of object 'Object Repository/Выручка в рублях/vir3Plan Выручка' is: '5 663'

30-03-2025T16:32:38 - [MESSAGE][PASSED] - Text of object 'Object Repository/Выручка в рублях/vir3Plan Выручка' is: '5 663'

30-03-2025T16:32:38 - [TEST_STEP][PASSED] - if (vir == 1 || vir == 2): null

30-03-2025T16:32:38 - [TEST_STEP][PASSED] - else: Text of object 'Object Repository/Выручка в рублях/vir3Fact Выручка' is: '4 846'

30-03-2025T16:32:38 - [TEST_STEP][PASSED] - b2 = getText(findTestObject("Выручка в рублях/vir3Fact Выручка")): Text of object 'Object Repository/Выручка в рублях/vir3Fact Выручка' is: '4 846'

30-03-2025T16:32:38 - [MESSAGE][PASSED] - Text of object 'Object Repository/Выручка в рублях/vir3Fact Выручка' is: '4 846'

30-03-2025T16:32:38 - [TEST_STEP][PASSED] - b30 = getText(findTestObject("Выручка в рублях/span1" + perc)): Text of object 'Object Repository/Выручка в рублях/span1 Perc' is: '-14.43 %'

30-03-2025T16:32:38 - [MESSAGE][PASSED] - Text of object 'Object Repository/Выручка в рублях/span1 Perc' is: '-14.43 %'

30-03-2025T16:32:38 - [TEST_STEP][PASSED] - i = b30.indexOf("млн.руб."): null

30-03-2025T16:32:38 - [TEST_STEP][PASSED] - if (i > -1): null

30-03-2025T16:32:38 - [TEST_STEP][PASSED] - if (b30.contains("%")): null

30-03-2025T16:32:38 - [TEST_STEP][PASSED] - b30 = b30.replaceAll("%", ""): null

30-03-2025T16:32:38 - [TEST_STEP][PASSED] - b30 = ").trim(): null

30-03-2025T16:32:38 - [TEST_STEP][PASSED] - println("b30: " + b30): null

30-03-2025T16:32:38 - [TEST_STEP][PASSED] - if (vir == 1): null

30-03-2025T16:32:38 - [TEST_STEP][PASSED] - else if (vir == 2): null

30-03-2025T16:32:38 - [TEST_STEP][PASSED] - else: Text of object 'Object Repository/Выручка в рублях/span5 Perc' is: '1.5 %'

30-03-2025T16:32:38 - [TEST_STEP][PASSED] - b32 = ").trim(): Text of object 'Object Repository/Выручка в рублях/span2 Perc' is: '10.07 %'

30-03-2025T16:32:39 - [MESSAGE][PASSED] - Text of object 'Object Repository/Выручка в рублях/span2 Perc' is: '10.07 %'

30-03-2025T16:32:39 - [TEST_STEP][PASSED] - b33 = ").trim(): Text of object 'Object Repository/Выручка в рублях/span3 Perc' is: '-7.67 %'

30-03-2025T16:32:39 - [MESSAGE][PASSED] - Text of object 'Object Repository/Выручка в рублях/span3 Perc' is: '-7.67 %'

30-03-2025T16:32:39 - [TEST_STEP][PASSED] - b38 = ").trim(): Text of object 'Object Repository/Выручка в рублях/span4 Perc' is: '-17.97 %'

30-03-2025T16:32:39 - [MESSAGE][PASSED] - Text of object 'Object Repository/Выручка в рублях/span4 Perc' is: '-17.97 %'

30-03-2025T16:32:39 - [TEST_STEP][PASSED] - b317 = ").trim(): Text of object 'Object Repository/Выручка в рублях/span5 Perc' is: '1.5 %'

30-03-2025T16:32:40 - [MESSAGE][PASSED] - Text of object 'Object Repository/Выручка в рублях/span5 Perc' is: '1.5 %'

30-03-2025T16:32:40 - [TEST_STEP][PASSED] - dZO = "ПАО Россети": null

30-03-2025T16:32:40 - [TEST_STEP][PASSED] - if (verifyEqual(a1, b1) == false): Actual object '5 663' and expected object '5 663' are equal

30-03-2025T16:32:40 - [MESSAGE][PASSED] - Actual object '5 663' and expected object '5 663' are equal

30-03-2025T16:32:40 - [TEST_STEP][PASSED] - if (verifyEqual(a2, b2) == false): Actual object '4 846' and expected object '4 846' are equal

30-03-2025T16:32:40 - [MESSAGE][PASSED] - Actual object '4 846' and expected object '4 846' are equal

30-03-2025T16:32:40 - [TEST_STEP][PASSED] - vidget = "Отклонения": null

30-03-2025T16:32:40 - [TEST_STEP][PASSED] - if (verifyEqual(a30, b30) == false): Actual object '-14.43' and expected object '-14.43' are equal

30-03-2025T16:32:40 - [MESSAGE][PASSED] - Actual object '-14.43' and expected object '-14.43' are equal

30-03-2025T16:32:40 - [TEST_STEP][PASSED] - dZO = "АО «РЭС»": null

30-03-2025T16:32:40 - [TEST_STEP][PASSED] - if (verifyEqual(a31, b31) == false): Actual object 'null' and expected object 'null' are equal

30-03-2025T16:32:40 - [MESSAGE][PASSED] - Actual object 'null' and expected object 'null' are equal

30-03-2025T16:32:40 - [TEST_STEP][PASSED] - dZO = "АО «Тываэнерго»": null

30-03-2025T16:32:40 - [TEST_STEP][PASSED] - if (verifyEqual(a32, b32) == false): Actual object '10.07' and expected object '10.07' are equal

30-03-2025T16:32:40 - [MESSAGE][PASSED] - Actual object '10.07' and expected object '10.07' are equal

30-03-2025T16:32:40 - [TEST_STEP][PASSED] - dZO = "АО «Чеченэнерго»": null

30-03-2025T16:32:40 - [TEST_STEP][PASSED] - if (verifyEqual(a33, b33) == false): Actual object '-7.67' and expected object '-7.67' are equal

30-03-2025T16:32:40 - [MESSAGE][PASSED] - Actual object '-7.67' and expected object '-7.67' are equal

30-03-2025T16:32:40 - [TEST_STEP][PASSED] - dZO = "Россети Волга": null

30-03-2025T16:32:40 - [TEST_STEP][PASSED] - if (verifyEqual(a34, b34) == false): Actual object 'null' and expected object 'null' are equal

30-03-2025T16:32:40 - [MESSAGE][PASSED] - Actual object 'null' and expected object 'null' are equal

30-03-2025T16:32:40 - [TEST_STEP][PASSED] - dZO = "Россети Кубань": null

30-03-2025T16:32:40 - [TEST_STEP][PASSED] - if (verifyEqual(a35, b35) == false): Actual object 'null' and expected object 'null' are equal

30-03-2025T16:32:40 - [MESSAGE][PASSED] - Actual object 'null' and expected object 'null' are equal

30-03-2025T16:32:40 - [TEST_STEP][PASSED] - dZO = "Россети Ленэнерго (ГК)": null

30-03-2025T16:32:40 - [TEST_STEP][PASSED] - if (verifyEqual(a36, b36) == false): Actual object 'null' and expected object 'null' are equal

30-03-2025T16:32:40 - [MESSAGE][PASSED] - Actual object 'null' and expected object 'null' are equal

30-03-2025T16:32:40 - [TEST_STEP][PASSED] - dZO = "Россети Московский регион": null

30-03-2025T16:32:40 - [TEST_STEP][PASSED] - if (verifyEqual(a37, b37) == false): Actual object 'null' and expected object 'null' are equal

30-03-2025T16:32:40 - [MESSAGE][PASSED] - Actual object 'null' and expected object 'null' are equal

30-03-2025T16:32:40 - [TEST_STEP][PASSED] - dZO = "Россети Северный Кавказ (ГК)": null

30-03-2025T16:32:40 - [TEST_STEP][PASSED] - if (verifyEqual(a38, b38) == false): Actual object '-17.97' and expected object '-17.97' are equal

30-03-2025T16:32:40 - [MESSAGE][PASSED] - Actual object '-17.97' and expected object '-17.97' are equal

30-03-2025T16:32:40 - [TEST_STEP][PASSED] - dZO = "Россети Северо-Запад": null

30-03-2025T16:32:40 - [TEST_STEP][PASSED] - if (verifyEqual(a39, b39) == false): Actual object 'null' and expected object 'null' are equal

30-03-2025T16:32:40 - [MESSAGE][PASSED] - Actual object 'null' and expected object 'null' are equal

30-03-2025T16:32:40 - [TEST_STEP][PASSED] - dZO = "Россети Сибирь (ГК)": null

30-03-2025T16:32:40 - [TEST_STEP][PASSED] - if (verifyEqual(a310, b310) == false): Actual object 'null' and expected object 'null' are equal

30-03-2025T16:32:40 - [MESSAGE][PASSED] - Actual object 'null' and expected object 'null' are equal

30-03-2025T16:32:40 - [TEST_STEP][PASSED] - dZO = "Россети Томск": null

30-03-2025T16:32:40 - [TEST_STEP][PASSED] - if (verifyEqual(a311, b311) == false): Actual object 'null' and expected object 'null' are equal

30-03-2025T16:32:40 - [MESSAGE][PASSED] - Actual object 'null' and expected object 'null' are equal

30-03-2025T16:32:40 - [TEST_STEP][PASSED] - dZO = "Россети Тюмень": null

30-03-2025T16:32:40 - [TEST_STEP][PASSED] - if (verifyEqual(a312, b312) == false): Actual object 'null' and expected object 'null' are equal

30-03-2025T16:32:40 - [MESSAGE][PASSED] - Actual object 'null' and expected object 'null' are equal

30-03-2025T16:32:40 - [TEST_STEP][PASSED] - dZO = "Россети Урал (ГК)": null

30-03-2025T16:32:40 - [TEST_STEP][PASSED] - if (verifyEqual(a313, b313) == false): Actual object 'null' and expected object 'null' are equal

30-03-2025T16:32:40 - [MESSAGE][PASSED] - Actual object 'null' and expected object 'null' are equal

30-03-2025T16:32:40 - [TEST_STEP][PASSED] - dZO = "Россети ФСК ЕЭС": null

30-03-2025T16:32:40 - [TEST_STEP][PASSED] - if (verifyEqual(a314, b314) == false): Actual object 'null' and expected object 'null' are equal

30-03-2025T16:32:40 - [MESSAGE][PASSED] - Actual object 'null' and expected object 'null' are equal

30-03-2025T16:32:40 - [TEST_STEP][PASSED] - dZO = "Россети Центр": null

30-03-2025T16:32:40 - [TEST_STEP][PASSED] - if (verifyEqual(a315, b315) == false): Actual object 'null' and expected object 'null' are equal

30-03-2025T16:32:40 - [MESSAGE][PASSED] - Actual object 'null' and expected object 'null' are equal

30-03-2025T16:32:40 - [TEST_STEP][PASSED] - dZO = "Россети Центр и Приволжье (ГК)": null

30-03-2025T16:32:40 - [TEST_STEP][PASSED] - if (verifyEqual(a316, b316) == false): Actual object 'null' and expected object 'null' are equal

30-03-2025T16:32:40 - [MESSAGE][PASSED] - Actual object 'null' and expected object 'null' are equal

30-03-2025T16:32:40 - [TEST_STEP][PASSED] - dZO = "Россети Юг (ГК)": null

30-03-2025T16:32:40 - [TEST_STEP][PASSED] - if (verifyEqual(a317, b317) == false): Actual object '1.5' and expected object '1.5' are equal

30-03-2025T16:32:40 - [MESSAGE][PASSED] - Actual object '1.5' and expected object '1.5' are equal

30-03-2025T16:32:40 - [TEST_STEP][PASSED] - dZO = "Россети Янтарь": null

30-03-2025T16:32:40 - [TEST_STEP][PASSED] - if (verifyEqual(a318, b318) == false): Actual object 'null' and expected object 'null' are equal

30-03-2025T16:32:40 - [MESSAGE][PASSED] - Actual object 'null' and expected object 'null' are equal

30-03-2025T16:32:40 - [TEST_STEP][PASSED] - closeBrowser(): Browser is closed

30-03-2025T16:32:40 - [MESSAGE][PASSED] - Browser is closed]]></system-out>
         <system-err><![CDATA[]]></system-err>
      </testcase>
      <testcase name="Test Cases/Сверки дашбордов/Выручка по ДЗО сверка дашбордов" time="146.667" classname="Test Cases/Сверки дашбордов/Выручка по ДЗО сверка дашбордов" status="PASSED">
         <system-out><![CDATA[30-03-2025T16:32:40 - [TEST_CASE][PASSED] - Test Cases/Сверки дашбордов/Выручка по ДЗО сверка дашбордов: Test Cases/Сверки дашбордов/Выручка по ДЗО сверка дашбордов

30-03-2025T16:32:40 - [TEST_STEP][PASSED] - date = new java.util.Date(): null

30-03-2025T16:32:40 - [TEST_STEP][PASSED] - todaysDate = date.format("dd.MM.yyyy"): null

30-03-2025T16:32:40 - [TEST_STEP][PASSED] - println(todaysDate): null

30-03-2025T16:32:40 - [TEST_STEP][PASSED] - openBrowser(""): Browser is opened with url: ''

30-03-2025T16:32:40 - [MESSAGE][INFO] - Starting 'Chrome' driver

30-03-2025T16:32:40 - [MESSAGE][INFO] - Action delay is set to 0 milliseconds

30-03-2025T16:32:41 - [MESSAGE][PASSED] - Browser is opened with url: ''

30-03-2025T16:32:41 - [TEST_STEP][PASSED] - navigateToUrl(findTestData("PlanFact").getValue(10, 5)): Navigate to 'https://bi.rosseti.digital/viewer?dashboardGuid=2301950b23be4ed89c1df75f2020051e&sheetGuid=31530aa0b6664c09b016b7f2ab9d853e&fit=true' successfully

30-03-2025T16:32:46 - [MESSAGE][PASSED] - Navigate to 'https://bi.rosseti.digital/viewer?dashboardGuid=2301950b23be4ed89c1df75f2020051e&sheetGuid=31530aa0b6664c09b016b7f2ab9d853e&fit=true' successfully

30-03-2025T16:32:46 - [TEST_STEP][PASSED] - setText(findTestObject("Страница авторизации/input__username"), findTestData("PlanFact").getValue(8, 1)): Text 'liazgina-di' is set on object 'Object Repository/Страница авторизации/input__username'

30-03-2025T16:32:48 - [MESSAGE][PASSED] - Text 'liazgina-di' is set on object 'Object Repository/Страница авторизации/input__username'

30-03-2025T16:32:48 - [TEST_STEP][PASSED] - setText(findTestObject("Страница авторизации/input__password"), findTestData("PlanFact").getValue(9, 1)): Text ')$%5srZ8o688Dm#q' is set on object 'Object Repository/Страница авторизации/input__password'

30-03-2025T16:32:49 - [MESSAGE][PASSED] - Text ')$%5srZ8o688Dm#q' is set on object 'Object Repository/Страница авторизации/input__password'

30-03-2025T16:32:49 - [TEST_STEP][PASSED] - click(findTestObject("Страница авторизации/button_")): Object: 'Object Repository/Страница авторизации/button_' is clicked on

30-03-2025T16:32:50 - [MESSAGE][PASSED] - Object: 'Object Repository/Страница авторизации/button_' is clicked on

30-03-2025T16:32:50 - [TEST_STEP][PASSED] - delay(30): Delayed 30 second(s)

30-03-2025T16:33:20 - [MESSAGE][PASSED] - Delayed 30 second(s)

30-03-2025T16:33:20 - [TEST_STEP][PASSED] - click(findTestObject("Выручка по ДЗО/Фильтр Дата")): Object: 'Object Repository/Выручка по ДЗО/Фильтр Дата' is clicked on

30-03-2025T16:33:20 - [MESSAGE][PASSED] - Object: 'Object Repository/Выручка по ДЗО/Фильтр Дата' is clicked on

30-03-2025T16:33:20 - [TEST_STEP][PASSED] - click(findTestObject("Выручка по ДЗО/Снять выделение в фильтре Дата")): Object: 'Object Repository/Выручка по ДЗО/Снять выделение в фильтре Дата' is clicked on

30-03-2025T16:33:21 - [MESSAGE][PASSED] - Object: 'Object Repository/Выручка по ДЗО/Снять выделение в фильтре Дата' is clicked on

30-03-2025T16:33:21 - [TEST_STEP][PASSED] - click(findTestObject("Выручка по ДЗО/Применить в фильтре Дата")): Object: 'Object Repository/Выручка по ДЗО/Применить в фильтре Дата' is clicked on

30-03-2025T16:33:21 - [MESSAGE][PASSED] - Object: 'Object Repository/Выручка по ДЗО/Применить в фильтре Дата' is clicked on

30-03-2025T16:33:21 - [TEST_STEP][PASSED] - click(findTestObject("Выручка по ДЗО/Фильтр Дата")): Object: 'Object Repository/Выручка по ДЗО/Фильтр Дата' is clicked on

30-03-2025T16:33:22 - [MESSAGE][PASSED] - Object: 'Object Repository/Выручка по ДЗО/Фильтр Дата' is clicked on

30-03-2025T16:33:22 - [TEST_STEP][PASSED] - click(findTestObject("Выручка по ДЗО/Снять выделение в фильтре Дата")): Object: 'Object Repository/Выручка по ДЗО/Снять выделение в фильтре Дата' is clicked on

30-03-2025T16:33:23 - [MESSAGE][PASSED] - Object: 'Object Repository/Выручка по ДЗО/Снять выделение в фильтре Дата' is clicked on

30-03-2025T16:33:23 - [TEST_STEP][PASSED] - scrollToElement(findTestObject("Выручка по ДЗО/2025 список"), 30): Scroll to object 'Object Repository/Выручка по ДЗО/2025 список' successfully

30-03-2025T16:33:23 - [MESSAGE][PASSED] - Scroll to object 'Object Repository/Выручка по ДЗО/2025 список' successfully

30-03-2025T16:33:23 - [TEST_STEP][PASSED] - click(findTestObject("Выручка по ДЗО/2025 список")): Object: 'Object Repository/Выручка по ДЗО/2025 список' is clicked on

30-03-2025T16:33:24 - [MESSAGE][PASSED] - Object: 'Object Repository/Выручка по ДЗО/2025 список' is clicked on

30-03-2025T16:33:24 - [TEST_STEP][PASSED] - scrollToElement(findTestObject("Выручка по ДЗО/1 квартал 2025 список"), 30): Scroll to object 'Object Repository/Выручка по ДЗО/1 квартал 2025 список' successfully

30-03-2025T16:33:24 - [MESSAGE][PASSED] - Scroll to object 'Object Repository/Выручка по ДЗО/1 квартал 2025 список' successfully

30-03-2025T16:33:24 - [TEST_STEP][PASSED] - click(findTestObject("Выручка по ДЗО/1 квартал 2025 список"), CONTINUE_ON_FAILURE): Object: 'Object Repository/Выручка по ДЗО/1 квартал 2025 список' is clicked on

30-03-2025T16:33:24 - [MESSAGE][PASSED] - Object: 'Object Repository/Выручка по ДЗО/1 квартал 2025 список' is clicked on

30-03-2025T16:33:24 - [TEST_STEP][PASSED] - scrollToElement(findTestObject("Выручка по ДЗО/Январь 2025"), 30): Scroll to object 'Object Repository/Выручка по ДЗО/Январь 2025' successfully

30-03-2025T16:33:25 - [MESSAGE][PASSED] - Scroll to object 'Object Repository/Выручка по ДЗО/Январь 2025' successfully

30-03-2025T16:33:25 - [TEST_STEP][PASSED] - click(findTestObject("Выручка по ДЗО/Январь 2025"), CONTINUE_ON_FAILURE): Object: 'Object Repository/Выручка по ДЗО/Январь 2025' is clicked on

30-03-2025T16:33:25 - [MESSAGE][PASSED] - Object: 'Object Repository/Выручка по ДЗО/Январь 2025' is clicked on

30-03-2025T16:33:25 - [TEST_STEP][PASSED] - scrollToElement(findTestObject("Выручка по ДЗО/Февраль 2025"), 30): Scroll to object 'Object Repository/Выручка по ДЗО/Февраль 2025' successfully

30-03-2025T16:33:26 - [MESSAGE][PASSED] - Scroll to object 'Object Repository/Выручка по ДЗО/Февраль 2025' successfully

30-03-2025T16:33:26 - [TEST_STEP][PASSED] - click(findTestObject("Выручка по ДЗО/Февраль 2025"), CONTINUE_ON_FAILURE): Object: 'Object Repository/Выручка по ДЗО/Февраль 2025' is clicked on

30-03-2025T16:33:26 - [MESSAGE][PASSED] - Object: 'Object Repository/Выручка по ДЗО/Февраль 2025' is clicked on

30-03-2025T16:33:26 - [TEST_STEP][PASSED] - scrollToElement(findTestObject("Выручка по ДЗО/Заголовок дашборда"), 30): Scroll to object 'Object Repository/Выручка по ДЗО/Заголовок дашборда' successfully

30-03-2025T16:33:26 - [MESSAGE][PASSED] - Scroll to object 'Object Repository/Выручка по ДЗО/Заголовок дашборда' successfully

30-03-2025T16:33:26 - [TEST_STEP][PASSED] - click(findTestObject("Выручка по ДЗО/Применить в фильтре Дата")): Object: 'Object Repository/Выручка по ДЗО/Применить в фильтре Дата' is clicked on

30-03-2025T16:33:27 - [MESSAGE][PASSED] - Object: 'Object Repository/Выручка по ДЗО/Применить в фильтре Дата' is clicked on

30-03-2025T16:33:27 - [TEST_STEP][PASSED] - delay(30): Delayed 30 second(s)

30-03-2025T16:33:57 - [MESSAGE][PASSED] - Delayed 30 second(s)

30-03-2025T16:33:57 - [TEST_STEP][PASSED] - a1 = getText(findTestObject("Выручка по ДЗО/График1 Выполнение плановых показателей Блок руководителя")): Text of object 'Object Repository/Выручка по ДЗО/График1 Выполнение плановых показателей Блок руководителя' is: '4 519 4 519
502 502
996 996
21 214 21 214
14 811 14 811
22 696 22 696
44 071 44 071
8 507 8 507
13 531 13 531
21 439 21 439
2 085 2 085
19 672 19 672
21 232 21 232
56 718 56 718
24 154 24 154
26 249 26 249
13 605 13 605
2 023 2 023
4 350 4 350
530 530
920 920
20 945 20 945
15 363 15 363
22 452 22 452
42 719 42 719
7 703 7 703
13 299 13 299
22 286 22 286
2 038 2 038
17 814 17 814
20 531 20 531
28 334 28 334
23 634 23 634
25 765 25 765
13 673 13 673
2 073 2 073
План
Факт
АО "РЭС"
АО «Тываэнерго»
АО «Чеченэнерго»
Россети Волга
Россети Кубань
Россети Ленэнерго (ГК)
Россети Московский регион
Россети Северный Кавказ (ГК)
Россети Северо-Запад
Россети Сибирь (ГК)
Россети Томск
Россети Тюмень
Россети Урал (ГК)
Россети ФСК ЕЭС
Россети Центр
Россети Центр и Приволжье (ГК)
Россети Юг (ГК)
Россети Янтарь
0 млн. руб.
5 000 млн. руб.
10 000 млн. руб.
15 000 млн. руб.
20 000 млн. руб.
25 000 млн. руб.
30 000 млн. руб.
35 000 млн. руб.
40 000 млн. руб.
45 000 млн. руб.
50 000 млн. руб.
55 000 млн. руб.
60 000 млн. руб.'

30-03-2025T16:33:57 - [MESSAGE][PASSED] - Text of object 'Object Repository/Выручка по ДЗО/График1 Выполнение плановых показателей Блок руководителя' is: '4 519 4 519
502 502
996 996
21 214 21 214
14 811 14 811
22 696 22 696
44 071 44 071
8 507 8 507
13 531 13 531
21 439 21 439
2 085 2 085
19 672 19 672
21 232 21 232
56 718 56 718
24 154 24 154
26 249 26 249
13 605 13 605
2 023 2 023
4 350 4 350
530 530
920 920
20 945 20 945
15 363 15 363
22 452 22 452
42 719 42 719
7 703 7 703
13 299 13 299
22 286 22 286
2 038 2 038
17 814 17 814
20 531 20 531
28 334 28 334
23 634 23 634
25 765 25 765
13 673 13 673
2 073 2 073
План
Факт
АО "РЭС"
АО «Тываэнерго»
АО «Чеченэнерго»
Россети Волга
Россети Кубань
Россети Ленэнерго (ГК)
Россети Московский регион
Россети Северный Кавказ (ГК)
Россети Северо-Запад
Россети Сибирь (ГК)
Россети Томск
Россети Тюмень
Россети Урал (ГК)
Россети ФСК ЕЭС
Россети Центр
Россети Центр и Приволжье (ГК)
Россети Юг (ГК)
Россети Янтарь
0 млн. руб.
5 000 млн. руб.
10 000 млн. руб.
15 000 млн. руб.
20 000 млн. руб.
25 000 млн. руб.
30 000 млн. руб.
35 000 млн. руб.
40 000 млн. руб.
45 000 млн. руб.
50 000 млн. руб.
55 000 млн. руб.
60 000 млн. руб.'

30-03-2025T16:33:57 - [TEST_STEP][PASSED] - println("a1: " + a1): null

30-03-2025T16:33:57 - [TEST_STEP][PASSED] - i = a1.indexOf("План"): null

30-03-2025T16:33:57 - [TEST_STEP][PASSED] - a1 = a1.substring(0, i): null

30-03-2025T16:33:57 - [TEST_STEP][PASSED] - println("a1: " + a1): null

30-03-2025T16:33:57 - [TEST_STEP][PASSED] - a2 = getText(findTestObject("Выручка по ДЗО/График2 Выполнение плановых показателей Блок руководителя")): Text of object 'Object Repository/Выручка по ДЗО/График2 Выполнение плановых показателей Блок руководителя' is: '1,53%1,53%
0,19%0,19%
0,32%0,32%
7,36%7,36%
5,4%5,4%
7,89%7,89%
15,02%15,02%
2,71%2,71%
4,68%4,68%
7,84%7,84%
0,72%0,72%
6,26%6,26%
7,22%7,22%
9,96%9,96%
8,31%8,31%
9,06%9,06%
4,81%4,81%
0,73%0,73%
АО "РЭС"
АО «Тываэнерго»
АО «Чеченэнерго»
Россети Волга
Россети Кубань
Россети Ленэнерго (ГК)
Россети Московский регион
Россети Северный Кавказ (ГК)
Россети Северо-Запад
Россети Сибирь (ГК)
Россети Томск
Россети Тюмень
Россети Урал (ГК)
Россети ФСК ЕЭС
Россети Центр
Россети Центр и Приволжье (ГК)
Россети Юг (ГК)
Россети Янтарь
Россети Центр и Приволжье (ГК): 25 765 313,08'

30-03-2025T16:33:58 - [MESSAGE][PASSED] - Text of object 'Object Repository/Выручка по ДЗО/График2 Выполнение плановых показателей Блок руководителя' is: '1,53%1,53%
0,19%0,19%
0,32%0,32%
7,36%7,36%
5,4%5,4%
7,89%7,89%
15,02%15,02%
2,71%2,71%
4,68%4,68%
7,84%7,84%
0,72%0,72%
6,26%6,26%
7,22%7,22%
9,96%9,96%
8,31%8,31%
9,06%9,06%
4,81%4,81%
0,73%0,73%
АО "РЭС"
АО «Тываэнерго»
АО «Чеченэнерго»
Россети Волга
Россети Кубань
Россети Ленэнерго (ГК)
Россети Московский регион
Россети Северный Кавказ (ГК)
Россети Северо-Запад
Россети Сибирь (ГК)
Россети Томск
Россети Тюмень
Россети Урал (ГК)
Россети ФСК ЕЭС
Россети Центр
Россети Центр и Приволжье (ГК)
Россети Юг (ГК)
Россети Янтарь
Россети Центр и Приволжье (ГК): 25 765 313,08'

30-03-2025T16:33:58 - [TEST_STEP][PASSED] - println("a2: " + a2): null

30-03-2025T16:33:58 - [TEST_STEP][PASSED] - i = a2.indexOf("АО «Тываэнерго»"): null

30-03-2025T16:33:58 - [TEST_STEP][PASSED] - a2 = a2.substring(0, i): null

30-03-2025T16:33:58 - [TEST_STEP][PASSED] - navigateToUrl(findTestData("PlanFact").getValue(10, 10)): Navigate to 'https://bi.rosseti.digital/viewer?dashboardGuid=a1fd28b3785d443cbc4d7690a1d78e31&sheetGuid=4a2f47326819444da0508dec5c59e502&fit=true' successfully

30-03-2025T16:33:58 - [MESSAGE][PASSED] - Navigate to 'https://bi.rosseti.digital/viewer?dashboardGuid=a1fd28b3785d443cbc4d7690a1d78e31&sheetGuid=4a2f47326819444da0508dec5c59e502&fit=true' successfully

30-03-2025T16:33:58 - [TEST_STEP][PASSED] - delay(30): Delayed 30 second(s)

30-03-2025T16:34:28 - [MESSAGE][PASSED] - Delayed 30 second(s)

30-03-2025T16:34:28 - [TEST_STEP][PASSED] - click(findTestObject("Выручка по ДЗО/Фильтр Дата Выручка")): Object: 'Object Repository/Выручка по ДЗО/Фильтр Дата Выручка' is clicked on

30-03-2025T16:34:28 - [MESSAGE][PASSED] - Object: 'Object Repository/Выручка по ДЗО/Фильтр Дата Выручка' is clicked on

30-03-2025T16:34:28 - [TEST_STEP][PASSED] - click(findTestObject("Выручка по ДЗО/Снять выделение в фильтре Дата Выручка")): Object: 'Object Repository/Выручка по ДЗО/Снять выделение в фильтре Дата Выручка' is clicked on

30-03-2025T16:34:29 - [MESSAGE][PASSED] - Object: 'Object Repository/Выручка по ДЗО/Снять выделение в фильтре Дата Выручка' is clicked on

30-03-2025T16:34:29 - [TEST_STEP][PASSED] - click(findTestObject("Выручка по ДЗО/Применить в фильтре Дата Выручка")): Object: 'Object Repository/Выручка по ДЗО/Применить в фильтре Дата Выручка' is clicked on

30-03-2025T16:34:30 - [MESSAGE][PASSED] - Object: 'Object Repository/Выручка по ДЗО/Применить в фильтре Дата Выручка' is clicked on

30-03-2025T16:34:30 - [TEST_STEP][PASSED] - click(findTestObject("Выручка по ДЗО/Фильтр Дата Выручка")): Object: 'Object Repository/Выручка по ДЗО/Фильтр Дата Выручка' is clicked on

30-03-2025T16:34:31 - [MESSAGE][PASSED] - Object: 'Object Repository/Выручка по ДЗО/Фильтр Дата Выручка' is clicked on

30-03-2025T16:34:31 - [TEST_STEP][PASSED] - click(findTestObject("Выручка по ДЗО/Снять выделение в фильтре Дата Выручка")): Object: 'Object Repository/Выручка по ДЗО/Снять выделение в фильтре Дата Выручка' is clicked on

30-03-2025T16:34:32 - [MESSAGE][PASSED] - Object: 'Object Repository/Выручка по ДЗО/Снять выделение в фильтре Дата Выручка' is clicked on

30-03-2025T16:34:32 - [TEST_STEP][PASSED] - scrollToElement(findTestObject("Выручка по ДЗО/2025 список Выручка"), 30): Scroll to object 'Object Repository/Выручка по ДЗО/2025 список Выручка' successfully

30-03-2025T16:34:32 - [MESSAGE][PASSED] - Scroll to object 'Object Repository/Выручка по ДЗО/2025 список Выручка' successfully

30-03-2025T16:34:32 - [TEST_STEP][PASSED] - click(findTestObject("Выручка по ДЗО/2025 список Выручка")): Object: 'Object Repository/Выручка по ДЗО/2025 список Выручка' is clicked on

30-03-2025T16:34:32 - [MESSAGE][PASSED] - Object: 'Object Repository/Выручка по ДЗО/2025 список Выручка' is clicked on

30-03-2025T16:34:32 - [TEST_STEP][PASSED] - scrollToElement(findTestObject("Выручка по ДЗО/1 квартал 2025 список Выручка"), 30): Scroll to object 'Object Repository/Выручка по ДЗО/1 квартал 2025 список Выручка' successfully

30-03-2025T16:34:33 - [MESSAGE][PASSED] - Scroll to object 'Object Repository/Выручка по ДЗО/1 квартал 2025 список Выручка' successfully

30-03-2025T16:34:33 - [TEST_STEP][PASSED] - click(findTestObject("Выручка по ДЗО/1 квартал 2025 список Выручка"), CONTINUE_ON_FAILURE): Object: 'Object Repository/Выручка по ДЗО/1 квартал 2025 список Выручка' is clicked on

30-03-2025T16:34:33 - [MESSAGE][PASSED] - Object: 'Object Repository/Выручка по ДЗО/1 квартал 2025 список Выручка' is clicked on

30-03-2025T16:34:33 - [TEST_STEP][PASSED] - scrollToElement(findTestObject("Выручка по ДЗО/Январь 2025 Выручка"), 30): Scroll to object 'Object Repository/Выручка по ДЗО/Январь 2025 Выручка' successfully

30-03-2025T16:34:33 - [MESSAGE][PASSED] - Scroll to object 'Object Repository/Выручка по ДЗО/Январь 2025 Выручка' successfully

30-03-2025T16:34:33 - [TEST_STEP][PASSED] - click(findTestObject("Выручка по ДЗО/Январь 2025 Выручка"), CONTINUE_ON_FAILURE): Object: 'Object Repository/Выручка по ДЗО/Январь 2025 Выручка' is clicked on

30-03-2025T16:34:34 - [MESSAGE][PASSED] - Object: 'Object Repository/Выручка по ДЗО/Январь 2025 Выручка' is clicked on

30-03-2025T16:34:34 - [TEST_STEP][PASSED] - scrollToElement(findTestObject("Выручка по ДЗО/Февраль 2025 Выручка"), 30): Scroll to object 'Object Repository/Выручка по ДЗО/Февраль 2025 Выручка' successfully

30-03-2025T16:34:34 - [MESSAGE][PASSED] - Scroll to object 'Object Repository/Выручка по ДЗО/Февраль 2025 Выручка' successfully

30-03-2025T16:34:34 - [TEST_STEP][PASSED] - click(findTestObject("Выручка по ДЗО/Февраль 2025 Выручка"), CONTINUE_ON_FAILURE): Object: 'Object Repository/Выручка по ДЗО/Февраль 2025 Выручка' is clicked on

30-03-2025T16:34:35 - [MESSAGE][PASSED] - Object: 'Object Repository/Выручка по ДЗО/Февраль 2025 Выручка' is clicked on

30-03-2025T16:34:35 - [TEST_STEP][PASSED] - scrollToElement(findTestObject("Выручка по ДЗО/Заголовок дашборда Выручка"), 30): Scroll to object 'Object Repository/Выручка по ДЗО/Заголовок дашборда Выручка' successfully

30-03-2025T16:34:35 - [MESSAGE][PASSED] - Scroll to object 'Object Repository/Выручка по ДЗО/Заголовок дашборда Выручка' successfully

30-03-2025T16:34:35 - [TEST_STEP][PASSED] - click(findTestObject("Выручка по ДЗО/Применить в фильтре Дата Выручка")): Object: 'Object Repository/Выручка по ДЗО/Применить в фильтре Дата Выручка' is clicked on

30-03-2025T16:34:36 - [MESSAGE][PASSED] - Object: 'Object Repository/Выручка по ДЗО/Применить в фильтре Дата Выручка' is clicked on

30-03-2025T16:34:36 - [TEST_STEP][PASSED] - delay(30): Delayed 30 second(s)

30-03-2025T16:35:06 - [MESSAGE][PASSED] - Delayed 30 second(s)

30-03-2025T16:35:06 - [TEST_STEP][PASSED] - b1 = getText(findTestObject("Выручка по ДЗО/График1 Выполнение плановых показателей Выручка")): Text of object 'Object Repository/Выручка по ДЗО/График1 Выполнение плановых показателей Выручка' is: '4 519 4 519
502 502
996 996
21 214 21 214
14 811 14 811
22 696 22 696
44 071 44 071
8 507 8 507
13 531 13 531
21 439 21 439
2 085 2 085
19 672 19 672
21 232 21 232
56 718 56 718
24 154 24 154
26 249 26 249
13 605 13 605
2 023 2 023
4 350 4 350
530 530
920 920
20 945 20 945
15 363 15 363
22 452 22 452
42 719 42 719
7 703 7 703
13 299 13 299
22 286 22 286
2 038 2 038
17 814 17 814
20 531 20 531
28 334 28 334
23 634 23 634
25 765 25 765
13 673 13 673
2 073 2 073
План
Факт
АО "РЭС"
АО «Тываэнерго»
АО «Чеченэнерго»
Россети Волга
Россети Кубань
Россети Ленэнерго (ГК)
Россети Московский регион
Россети Северный Кавказ (ГК)
Россети Северо-Запад
Россети Сибирь (ГК)
Россети Томск
Россети Тюмень
Россети Урал (ГК)
Россети ФСК ЕЭС
Россети Центр
Россети Центр и Приволжье (ГК)
Россети Юг (ГК)
Россети Янтарь
0 млн. руб.
10 000 млн. руб.
20 000 млн. руб.
30 000 млн. руб.
40 000 млн. руб.
50 000 млн. руб.
60 000 млн. руб.
Россети Московский регион: 44 071 083,03'

30-03-2025T16:35:06 - [MESSAGE][PASSED] - Text of object 'Object Repository/Выручка по ДЗО/График1 Выполнение плановых показателей Выручка' is: '4 519 4 519
502 502
996 996
21 214 21 214
14 811 14 811
22 696 22 696
44 071 44 071
8 507 8 507
13 531 13 531
21 439 21 439
2 085 2 085
19 672 19 672
21 232 21 232
56 718 56 718
24 154 24 154
26 249 26 249
13 605 13 605
2 023 2 023
4 350 4 350
530 530
920 920
20 945 20 945
15 363 15 363
22 452 22 452
42 719 42 719
7 703 7 703
13 299 13 299
22 286 22 286
2 038 2 038
17 814 17 814
20 531 20 531
28 334 28 334
23 634 23 634
25 765 25 765
13 673 13 673
2 073 2 073
План
Факт
АО "РЭС"
АО «Тываэнерго»
АО «Чеченэнерго»
Россети Волга
Россети Кубань
Россети Ленэнерго (ГК)
Россети Московский регион
Россети Северный Кавказ (ГК)
Россети Северо-Запад
Россети Сибирь (ГК)
Россети Томск
Россети Тюмень
Россети Урал (ГК)
Россети ФСК ЕЭС
Россети Центр
Россети Центр и Приволжье (ГК)
Россети Юг (ГК)
Россети Янтарь
0 млн. руб.
10 000 млн. руб.
20 000 млн. руб.
30 000 млн. руб.
40 000 млн. руб.
50 000 млн. руб.
60 000 млн. руб.
Россети Московский регион: 44 071 083,03'

30-03-2025T16:35:06 - [TEST_STEP][PASSED] - println("b1: " + b1): null

30-03-2025T16:35:06 - [TEST_STEP][PASSED] - i = b1.indexOf("План"): null

30-03-2025T16:35:06 - [TEST_STEP][PASSED] - b1 = b1.substring(0, i): null

30-03-2025T16:35:06 - [TEST_STEP][PASSED] - println("b1: " + b1): null

30-03-2025T16:35:06 - [TEST_STEP][PASSED] - b2 = getText(findTestObject("Выручка по ДЗО/График2 Выполнение плановых показателей Выручка")): Text of object 'Object Repository/Выручка по ДЗО/График2 Выполнение плановых показателей Выручка' is: '1,53%1,53%
0,19%0,19%
0,32%0,32%
7,36%7,36%
5,4%5,4%
7,89%7,89%
15,02%15,02%
2,71%2,71%
4,68%4,68%
7,84%7,84%
0,72%0,72%
6,26%6,26%
7,22%7,22%
9,96%9,96%
8,31%8,31%
9,06%9,06%
4,81%4,81%
0,73%0,73%
АО "РЭС"
АО «Тываэнерго»
АО «Чеченэнерго»
Россети Волга
Россети Кубань
Россети Ленэнерго (ГК)
Россети Московский регион
Россети Северный Кавказ (ГК)
Россети Северо-Запад
Россети Сибирь (ГК)
Россети Томск
Россети Тюмень
Россети Урал (ГК)
Россети ФСК ЕЭС
Россети Центр
Россети Центр и Приволжье (ГК)
Россети Юг (ГК)
Россети Янтарь'

30-03-2025T16:35:06 - [MESSAGE][PASSED] - Text of object 'Object Repository/Выручка по ДЗО/График2 Выполнение плановых показателей Выручка' is: '1,53%1,53%
0,19%0,19%
0,32%0,32%
7,36%7,36%
5,4%5,4%
7,89%7,89%
15,02%15,02%
2,71%2,71%
4,68%4,68%
7,84%7,84%
0,72%0,72%
6,26%6,26%
7,22%7,22%
9,96%9,96%
8,31%8,31%
9,06%9,06%
4,81%4,81%
0,73%0,73%
АО "РЭС"
АО «Тываэнерго»
АО «Чеченэнерго»
Россети Волга
Россети Кубань
Россети Ленэнерго (ГК)
Россети Московский регион
Россети Северный Кавказ (ГК)
Россети Северо-Запад
Россети Сибирь (ГК)
Россети Томск
Россети Тюмень
Россети Урал (ГК)
Россети ФСК ЕЭС
Россети Центр
Россети Центр и Приволжье (ГК)
Россети Юг (ГК)
Россети Янтарь'

30-03-2025T16:35:06 - [TEST_STEP][PASSED] - i = b2.indexOf("АО «Тываэнерго»"): null

30-03-2025T16:35:06 - [TEST_STEP][PASSED] - b2 = b2.substring(0, i): null

30-03-2025T16:35:06 - [TEST_STEP][PASSED] - println(b2): null

30-03-2025T16:35:06 - [TEST_STEP][PASSED] - verifyEqual(a1, b1): Actual object '4 519 4 519
502 502
996 996
21 214 21 214
14 811 14 811
22 696 22 696
44 071 44 071
8 507 8 507
13 531 13 531
21 439 21 439
2 085 2 085
19 672 19 672
21 232 21 232
56 718 56 718
24 154 24 154
26 249 26 249
13 605 13 605
2 023 2 023
4 350 4 350
530 530
920 920
20 945 20 945
15 363 15 363
22 452 22 452
42 719 42 719
7 703 7 703
13 299 13 299
22 286 22 286
2 038 2 038
17 814 17 814
20 531 20 531
28 334 28 334
23 634 23 634
25 765 25 765
13 673 13 673
2 073 2 073
' and expected object '4 519 4 519
502 502
996 996
21 214 21 214
14 811 14 811
22 696 22 696
44 071 44 071
8 507 8 507
13 531 13 531
21 439 21 439
2 085 2 085
19 672 19 672
21 232 21 232
56 718 56 718
24 154 24 154
26 249 26 249
13 605 13 605
2 023 2 023
4 350 4 350
530 530
920 920
20 945 20 945
15 363 15 363
22 452 22 452
42 719 42 719
7 703 7 703
13 299 13 299
22 286 22 286
2 038 2 038
17 814 17 814
20 531 20 531
28 334 28 334
23 634 23 634
25 765 25 765
13 673 13 673
2 073 2 073
' are equal

30-03-2025T16:35:06 - [MESSAGE][PASSED] - Actual object '4 519 4 519
502 502
996 996
21 214 21 214
14 811 14 811
22 696 22 696
44 071 44 071
8 507 8 507
13 531 13 531
21 439 21 439
2 085 2 085
19 672 19 672
21 232 21 232
56 718 56 718
24 154 24 154
26 249 26 249
13 605 13 605
2 023 2 023
4 350 4 350
530 530
920 920
20 945 20 945
15 363 15 363
22 452 22 452
42 719 42 719
7 703 7 703
13 299 13 299
22 286 22 286
2 038 2 038
17 814 17 814
20 531 20 531
28 334 28 334
23 634 23 634
25 765 25 765
13 673 13 673
2 073 2 073
' and expected object '4 519 4 519
502 502
996 996
21 214 21 214
14 811 14 811
22 696 22 696
44 071 44 071
8 507 8 507
13 531 13 531
21 439 21 439
2 085 2 085
19 672 19 672
21 232 21 232
56 718 56 718
24 154 24 154
26 249 26 249
13 605 13 605
2 023 2 023
4 350 4 350
530 530
920 920
20 945 20 945
15 363 15 363
22 452 22 452
42 719 42 719
7 703 7 703
13 299 13 299
22 286 22 286
2 038 2 038
17 814 17 814
20 531 20 531
28 334 28 334
23 634 23 634
25 765 25 765
13 673 13 673
2 073 2 073
' are equal

30-03-2025T16:35:06 - [TEST_STEP][PASSED] - if (verifyEqual(a1, b1) == true): Actual object '4 519 4 519
502 502
996 996
21 214 21 214
14 811 14 811
22 696 22 696
44 071 44 071
8 507 8 507
13 531 13 531
21 439 21 439
2 085 2 085
19 672 19 672
21 232 21 232
56 718 56 718
24 154 24 154
26 249 26 249
13 605 13 605
2 023 2 023
4 350 4 350
530 530
920 920
20 945 20 945
15 363 15 363
22 452 22 452
42 719 42 719
7 703 7 703
13 299 13 299
22 286 22 286
2 038 2 038
17 814 17 814
20 531 20 531
28 334 28 334
23 634 23 634
25 765 25 765
13 673 13 673
2 073 2 073
' and expected object '4 519 4 519
502 502
996 996
21 214 21 214
14 811 14 811
22 696 22 696
44 071 44 071
8 507 8 507
13 531 13 531
21 439 21 439
2 085 2 085
19 672 19 672
21 232 21 232
56 718 56 718
24 154 24 154
26 249 26 249
13 605 13 605
2 023 2 023
4 350 4 350
530 530
920 920
20 945 20 945
15 363 15 363
22 452 22 452
42 719 42 719
7 703 7 703
13 299 13 299
22 286 22 286
2 038 2 038
17 814 17 814
20 531 20 531
28 334 28 334
23 634 23 634
25 765 25 765
13 673 13 673
2 073 2 073
' are equal

30-03-2025T16:35:06 - [MESSAGE][PASSED] - Actual object '4 519 4 519
502 502
996 996
21 214 21 214
14 811 14 811
22 696 22 696
44 071 44 071
8 507 8 507
13 531 13 531
21 439 21 439
2 085 2 085
19 672 19 672
21 232 21 232
56 718 56 718
24 154 24 154
26 249 26 249
13 605 13 605
2 023 2 023
4 350 4 350
530 530
920 920
20 945 20 945
15 363 15 363
22 452 22 452
42 719 42 719
7 703 7 703
13 299 13 299
22 286 22 286
2 038 2 038
17 814 17 814
20 531 20 531
28 334 28 334
23 634 23 634
25 765 25 765
13 673 13 673
2 073 2 073
' and expected object '4 519 4 519
502 502
996 996
21 214 21 214
14 811 14 811
22 696 22 696
44 071 44 071
8 507 8 507
13 531 13 531
21 439 21 439
2 085 2 085
19 672 19 672
21 232 21 232
56 718 56 718
24 154 24 154
26 249 26 249
13 605 13 605
2 023 2 023
4 350 4 350
530 530
920 920
20 945 20 945
15 363 15 363
22 452 22 452
42 719 42 719
7 703 7 703
13 299 13 299
22 286 22 286
2 038 2 038
17 814 17 814
20 531 20 531
28 334 28 334
23 634 23 634
25 765 25 765
13 673 13 673
2 073 2 073
' are equal

30-03-2025T16:35:06 - [TEST_STEP][PASSED] - verifyEqual(a2, b2): Actual object '1,53%1,53%
0,19%0,19%
0,32%0,32%
7,36%7,36%
5,4%5,4%
7,89%7,89%
15,02%15,02%
2,71%2,71%
4,68%4,68%
7,84%7,84%
0,72%0,72%
6,26%6,26%
7,22%7,22%
9,96%9,96%
8,31%8,31%
9,06%9,06%
4,81%4,81%
0,73%0,73%
АО "РЭС"
' and expected object '1,53%1,53%
0,19%0,19%
0,32%0,32%
7,36%7,36%
5,4%5,4%
7,89%7,89%
15,02%15,02%
2,71%2,71%
4,68%4,68%
7,84%7,84%
0,72%0,72%
6,26%6,26%
7,22%7,22%
9,96%9,96%
8,31%8,31%
9,06%9,06%
4,81%4,81%
0,73%0,73%
АО "РЭС"
' are equal

30-03-2025T16:35:06 - [MESSAGE][PASSED] - Actual object '1,53%1,53%
0,19%0,19%
0,32%0,32%
7,36%7,36%
5,4%5,4%
7,89%7,89%
15,02%15,02%
2,71%2,71%
4,68%4,68%
7,84%7,84%
0,72%0,72%
6,26%6,26%
7,22%7,22%
9,96%9,96%
8,31%8,31%
9,06%9,06%
4,81%4,81%
0,73%0,73%
АО "РЭС"
' and expected object '1,53%1,53%
0,19%0,19%
0,32%0,32%
7,36%7,36%
5,4%5,4%
7,89%7,89%
15,02%15,02%
2,71%2,71%
4,68%4,68%
7,84%7,84%
0,72%0,72%
6,26%6,26%
7,22%7,22%
9,96%9,96%
8,31%8,31%
9,06%9,06%
4,81%4,81%
0,73%0,73%
АО "РЭС"
' are equal

30-03-2025T16:35:06 - [TEST_STEP][PASSED] - if (verifyEqual(a2, b2) == true): Actual object '1,53%1,53%
0,19%0,19%
0,32%0,32%
7,36%7,36%
5,4%5,4%
7,89%7,89%
15,02%15,02%
2,71%2,71%
4,68%4,68%
7,84%7,84%
0,72%0,72%
6,26%6,26%
7,22%7,22%
9,96%9,96%
8,31%8,31%
9,06%9,06%
4,81%4,81%
0,73%0,73%
АО "РЭС"
' and expected object '1,53%1,53%
0,19%0,19%
0,32%0,32%
7,36%7,36%
5,4%5,4%
7,89%7,89%
15,02%15,02%
2,71%2,71%
4,68%4,68%
7,84%7,84%
0,72%0,72%
6,26%6,26%
7,22%7,22%
9,96%9,96%
8,31%8,31%
9,06%9,06%
4,81%4,81%
0,73%0,73%
АО "РЭС"
' are equal

30-03-2025T16:35:06 - [MESSAGE][PASSED] - Actual object '1,53%1,53%
0,19%0,19%
0,32%0,32%
7,36%7,36%
5,4%5,4%
7,89%7,89%
15,02%15,02%
2,71%2,71%
4,68%4,68%
7,84%7,84%
0,72%0,72%
6,26%6,26%
7,22%7,22%
9,96%9,96%
8,31%8,31%
9,06%9,06%
4,81%4,81%
0,73%0,73%
АО "РЭС"
' and expected object '1,53%1,53%
0,19%0,19%
0,32%0,32%
7,36%7,36%
5,4%5,4%
7,89%7,89%
15,02%15,02%
2,71%2,71%
4,68%4,68%
7,84%7,84%
0,72%0,72%
6,26%6,26%
7,22%7,22%
9,96%9,96%
8,31%8,31%
9,06%9,06%
4,81%4,81%
0,73%0,73%
АО "РЭС"
' are equal

30-03-2025T16:35:06 - [TEST_STEP][PASSED] - closeBrowser(): Browser is closed

30-03-2025T16:35:07 - [MESSAGE][PASSED] - Browser is closed]]></system-out>
         <system-err><![CDATA[]]></system-err>
      </testcase>
      <testcase name="Test Cases/Сверки дашбордов/Прогноз по отраслям сверка дашбордов" time="1142.229" classname="Test Cases/Сверки дашбордов/Прогноз по отраслям сверка дашбордов" status="PASSED">
         <system-out><![CDATA[30-03-2025T16:35:07 - [TEST_CASE][PASSED] - Test Cases/Сверки дашбордов/Прогноз по отраслям сверка дашбордов: Test Cases/Сверки дашбордов/Прогноз по отраслям сверка дашбордов

30-03-2025T16:35:07 - [TEST_STEP][PASSED] - date = new java.util.Date(): null

30-03-2025T16:35:07 - [TEST_STEP][PASSED] - todaysDate = date.format("dd.MM.yyyy"): null

30-03-2025T16:35:07 - [TEST_STEP][PASSED] - println(todaysDate): null

30-03-2025T16:35:07 - [TEST_STEP][PASSED] - typeOfData = <not implemented yet for class: org.codehaus.groovy.ast.expr.EmptyExpression>: null

30-03-2025T16:35:07 - [TEST_STEP][PASSED] - filterSravnenie = <not implemented yet for class: org.codehaus.groovy.ast.expr.EmptyExpression>: null

30-03-2025T16:35:07 - [TEST_STEP][PASSED] - kpoOtpusk = <not implemented yet for class: org.codehaus.groovy.ast.expr.EmptyExpression>: null

30-03-2025T16:35:07 - [TEST_STEP][PASSED] - openBrowser(""): Browser is opened with url: ''

30-03-2025T16:35:07 - [MESSAGE][INFO] - Starting 'Chrome' driver

30-03-2025T16:35:07 - [MESSAGE][INFO] - Action delay is set to 0 milliseconds

30-03-2025T16:35:08 - [MESSAGE][PASSED] - Browser is opened with url: ''

30-03-2025T16:35:08 - [TEST_STEP][PASSED] - navigateToUrl(findTestData("PlanFact").getValue(10, 6)): Navigate to 'https://bi.rosseti.digital/viewer?dashboardGuid=d6acb5b1a7114a9791b34de39263106e&sheetGuid=0b6d261d7f7b4424a967aa8f3a724189&fit=true' successfully

30-03-2025T16:35:11 - [MESSAGE][PASSED] - Navigate to 'https://bi.rosseti.digital/viewer?dashboardGuid=d6acb5b1a7114a9791b34de39263106e&sheetGuid=0b6d261d7f7b4424a967aa8f3a724189&fit=true' successfully

30-03-2025T16:35:11 - [TEST_STEP][PASSED] - setText(findTestObject("Страница авторизации/input__username"), findTestData("PlanFact").getValue(8, 1)): Text 'liazgina-di' is set on object 'Object Repository/Страница авторизации/input__username'

30-03-2025T16:35:13 - [MESSAGE][PASSED] - Text 'liazgina-di' is set on object 'Object Repository/Страница авторизации/input__username'

30-03-2025T16:35:13 - [TEST_STEP][PASSED] - setText(findTestObject("Страница авторизации/input__password"), findTestData("PlanFact").getValue(9, 1)): Text ')$%5srZ8o688Dm#q' is set on object 'Object Repository/Страница авторизации/input__password'

30-03-2025T16:35:14 - [MESSAGE][PASSED] - Text ')$%5srZ8o688Dm#q' is set on object 'Object Repository/Страница авторизации/input__password'

30-03-2025T16:35:14 - [TEST_STEP][PASSED] - click(findTestObject("Страница авторизации/button_")): Object: 'Object Repository/Страница авторизации/button_' is clicked on

30-03-2025T16:35:14 - [MESSAGE][PASSED] - Object: 'Object Repository/Страница авторизации/button_' is clicked on

30-03-2025T16:35:14 - [TEST_STEP][PASSED] - delay(50): Delayed 50 second(s)

30-03-2025T16:36:04 - [MESSAGE][PASSED] - Delayed 50 second(s)

30-03-2025T16:36:04 - [TEST_STEP][PASSED] - click(findTestObject("Прогноз по отраслям/Фильтр Месяц")): Object: 'Object Repository/Прогноз по отраслям/Фильтр Месяц' is clicked on

30-03-2025T16:36:05 - [MESSAGE][PASSED] - Object: 'Object Repository/Прогноз по отраслям/Фильтр Месяц' is clicked on

30-03-2025T16:36:05 - [TEST_STEP][PASSED] - scrollToElement(findTestObject("Прогноз по отраслям/Ноябрь"), 30): Scroll to object 'Object Repository/Прогноз по отраслям/Ноябрь' successfully

30-03-2025T16:36:05 - [MESSAGE][PASSED] - Scroll to object 'Object Repository/Прогноз по отраслям/Ноябрь' successfully

30-03-2025T16:36:05 - [TEST_STEP][PASSED] - click(findTestObject("Прогноз по отраслям/Ноябрь"), CONTINUE_ON_FAILURE): Object: 'Object Repository/Прогноз по отраслям/Ноябрь' is clicked on

30-03-2025T16:36:06 - [MESSAGE][PASSED] - Object: 'Object Repository/Прогноз по отраслям/Ноябрь' is clicked on

30-03-2025T16:36:06 - [TEST_STEP][PASSED] - scrollToElement(findTestObject("Прогноз по отраслям/Заголовок дашборда"), 30): Scroll to object 'Object Repository/Прогноз по отраслям/Заголовок дашборда' successfully

30-03-2025T16:36:07 - [MESSAGE][PASSED] - Scroll to object 'Object Repository/Прогноз по отраслям/Заголовок дашборда' successfully

30-03-2025T16:36:07 - [TEST_STEP][PASSED] - click(findTestObject("Прогноз по отраслям/Фильтр Сравнение с")): Object: 'Object Repository/Прогноз по отраслям/Фильтр Сравнение с' is clicked on

30-03-2025T16:36:07 - [MESSAGE][PASSED] - Object: 'Object Repository/Прогноз по отраслям/Фильтр Сравнение с' is clicked on

30-03-2025T16:36:07 - [TEST_STEP][PASSED] - click(findTestObject("Прогноз по отраслям/Факт прошлого года")): Object: 'Object Repository/Прогноз по отраслям/Факт прошлого года' is clicked on

30-03-2025T16:36:08 - [MESSAGE][PASSED] - Object: 'Object Repository/Прогноз по отраслям/Факт прошлого года' is clicked on

30-03-2025T16:36:08 - [TEST_STEP][PASSED] - click(findTestObject("Прогноз по отраслям/Фильтр КПО-Отпуск")): Object: 'Object Repository/Прогноз по отраслям/Фильтр КПО-Отпуск' is clicked on

30-03-2025T16:36:09 - [MESSAGE][PASSED] - Object: 'Object Repository/Прогноз по отраслям/Фильтр КПО-Отпуск' is clicked on

30-03-2025T16:36:09 - [TEST_STEP][PASSED] - click(findTestObject("Прогноз по отраслям/Отпуск")): Object: 'Object Repository/Прогноз по отраслям/Отпуск' is clicked on

30-03-2025T16:36:10 - [MESSAGE][PASSED] - Object: 'Object Repository/Прогноз по отраслям/Отпуск' is clicked on

30-03-2025T16:36:10 - [TEST_STEP][PASSED] - delay(40): Delayed 40 second(s)

30-03-2025T16:36:50 - [MESSAGE][PASSED] - Delayed 40 second(s)

30-03-2025T16:36:50 - [TEST_STEP][PASSED] - a1 = getText(findTestObject("Прогноз по отраслям/Виджеты дашборда")): Text of object 'Object Repository/Прогноз по отраслям/Виджеты дашборда' is: 'Год 
2023 год
Сравнение с 
Факт прошлого года
Динамика электропотребления, млрд. кВт.ч. по ПАО Россети на 2023 год
12 12
186 186
36 36
50 50
10 10
19 19
0 0
17 17
85 85
19 19
82 82
604 604
10 10
197 197
37 37
48 48
10 10
15 15
4 4
18 18
80 80
19 19
82 82
608 608
Факт прошлого года
Ожидаемое (прогноз по конца года)
Интер РАО (дляФСК)
Промышленныепотребители
Транспорт
Нефтедобыча
Нефтепереработка
Нефтепроводы
Газопроводы
Сельскоехозяйство ипищеваяпромышленность
Непромышленныепотребители
Государственные(муниципальные)организации ипрочиебюджетныепотребители
Население иприравненныегруппыпотребителей
Территориальныесетевыеорганизации
Выручка по ПАО Россети на 2023 год
5 5
285 285
72 72
72 72
18 18
22 22
0 0
50 50
201 201
61 61
190 190
227 227
6 6
331 331
82 82
77 77
20 20
20 20
3 3
57 57
220 220
68 68
214 214
258 258
Факт прошлого года
Ожидаемое (прогноз по конца года)
Интер РАО (дляФСК)
Промышленныепотребители
Транспорт
Нефтедобыча
Нефтепереработка
Нефтепроводы
Газопроводы
Сельскоехозяйство ипищеваяпромышленность
Непромышленныепотребители
Государственные(муниципальные)организации ипрочиебюджетныепотребители
Население иприравненныегруппыпотребителей
Территориальныесетевыеорганизации
Отклонения по ПАО Россети на 2023 год
-18.5% -18.5%
5.9% 5.9%
3.6% 3.6%
-3.9% -3.9%
0.9% 0.9%
-20.7% -20.7%
3 313.2% 3 313.2%
3.8% 3.8%
-5.6% -5.6%
1.3% 1.3%
-0.9% -0.9%
0.7% 0.7%
⬤ Отклонение, %
Интер РАО (для ФСК)
Промышленные потребители
Транспорт
Нефтедобыча
Нефтепереработка
Нефтепроводы
Газопроводы
Сельское хозяйство и пищевая пр…
Непромышленные потребители
Государственные (муниципальные…
Население и приравненные групп…
Территориальные сетевые органи…
Выручка отклонения по ПАО Россети на 2023 год
7.7% 7.7%
16.0% 16.0%
13.2% 13.2%
6.7% 6.7%
13.3% 13.3%
-7.7% -7.7%
1 331.5% 1 331.5%
14.2% 14.2%
9.9% 9.9%
12.0% 12.0%
12.4% 12.4%
13.7% 13.7%
⬤ Отклонение, %
Интер РАО (для ФСК)
Промышленные потребители
Транспорт
Нефтедобыча
Нефтепереработка
Нефтепроводы
Газопроводы
Сельское хозяйство и пищевая пр…
Непромышленные потребители
Государственные (муниципальные…
Население и приравненные групп…
Территориальные сетевые органи…
абс.
%
Прогноз на месяц 
Ноябрь
КПО/Отпуск из сети 
Отпуск из сети, млн. кВт.ч
Организация 
Все
Прогноз электропотребления и выручки за услуги по передаче в разрезе отраслей'

30-03-2025T16:36:51 - [MESSAGE][PASSED] - Text of object 'Object Repository/Прогноз по отраслям/Виджеты дашборда' is: 'Год 
2023 год
Сравнение с 
Факт прошлого года
Динамика электропотребления, млрд. кВт.ч. по ПАО Россети на 2023 год
12 12
186 186
36 36
50 50
10 10
19 19
0 0
17 17
85 85
19 19
82 82
604 604
10 10
197 197
37 37
48 48
10 10
15 15
4 4
18 18
80 80
19 19
82 82
608 608
Факт прошлого года
Ожидаемое (прогноз по конца года)
Интер РАО (дляФСК)
Промышленныепотребители
Транспорт
Нефтедобыча
Нефтепереработка
Нефтепроводы
Газопроводы
Сельскоехозяйство ипищеваяпромышленность
Непромышленныепотребители
Государственные(муниципальные)организации ипрочиебюджетныепотребители
Население иприравненныегруппыпотребителей
Территориальныесетевыеорганизации
Выручка по ПАО Россети на 2023 год
5 5
285 285
72 72
72 72
18 18
22 22
0 0
50 50
201 201
61 61
190 190
227 227
6 6
331 331
82 82
77 77
20 20
20 20
3 3
57 57
220 220
68 68
214 214
258 258
Факт прошлого года
Ожидаемое (прогноз по конца года)
Интер РАО (дляФСК)
Промышленныепотребители
Транспорт
Нефтедобыча
Нефтепереработка
Нефтепроводы
Газопроводы
Сельскоехозяйство ипищеваяпромышленность
Непромышленныепотребители
Государственные(муниципальные)организации ипрочиебюджетныепотребители
Население иприравненныегруппыпотребителей
Территориальныесетевыеорганизации
Отклонения по ПАО Россети на 2023 год
-18.5% -18.5%
5.9% 5.9%
3.6% 3.6%
-3.9% -3.9%
0.9% 0.9%
-20.7% -20.7%
3 313.2% 3 313.2%
3.8% 3.8%
-5.6% -5.6%
1.3% 1.3%
-0.9% -0.9%
0.7% 0.7%
⬤ Отклонение, %
Интер РАО (для ФСК)
Промышленные потребители
Транспорт
Нефтедобыча
Нефтепереработка
Нефтепроводы
Газопроводы
Сельское хозяйство и пищевая пр…
Непромышленные потребители
Государственные (муниципальные…
Население и приравненные групп…
Территориальные сетевые органи…
Выручка отклонения по ПАО Россети на 2023 год
7.7% 7.7%
16.0% 16.0%
13.2% 13.2%
6.7% 6.7%
13.3% 13.3%
-7.7% -7.7%
1 331.5% 1 331.5%
14.2% 14.2%
9.9% 9.9%
12.0% 12.0%
12.4% 12.4%
13.7% 13.7%
⬤ Отклонение, %
Интер РАО (для ФСК)
Промышленные потребители
Транспорт
Нефтедобыча
Нефтепереработка
Нефтепроводы
Газопроводы
Сельское хозяйство и пищевая пр…
Непромышленные потребители
Государственные (муниципальные…
Население и приравненные групп…
Территориальные сетевые органи…
абс.
%
Прогноз на месяц 
Ноябрь
КПО/Отпуск из сети 
Отпуск из сети, млн. кВт.ч
Организация 
Все
Прогноз электропотребления и выручки за услуги по передаче в разрезе отраслей'

30-03-2025T16:36:51 - [TEST_STEP][PASSED] - a1 = a1.replaceAll("[^0-9]", ""): null

30-03-2025T16:36:51 - [TEST_STEP][PASSED] - println("a1:" + a1): null

30-03-2025T16:36:51 - [TEST_STEP][PASSED] - click(findTestObject("Прогноз по отраслям/Фильтр Сравнение с")): Object: 'Object Repository/Прогноз по отраслям/Фильтр Сравнение с' is clicked on

30-03-2025T16:36:51 - [MESSAGE][PASSED] - Object: 'Object Repository/Прогноз по отраслям/Фильтр Сравнение с' is clicked on

30-03-2025T16:36:51 - [TEST_STEP][PASSED] - click(findTestObject("Прогноз по отраслям/План")): Object: 'Object Repository/Прогноз по отраслям/План' is clicked on

30-03-2025T16:36:52 - [MESSAGE][PASSED] - Object: 'Object Repository/Прогноз по отраслям/План' is clicked on

30-03-2025T16:36:52 - [TEST_STEP][PASSED] - delay(40): Delayed 40 second(s)

30-03-2025T16:37:32 - [MESSAGE][PASSED] - Delayed 40 second(s)

30-03-2025T16:37:32 - [TEST_STEP][PASSED] - a2 = getText(findTestObject("Прогноз по отраслям/Виджеты дашборда")): Text of object 'Object Repository/Прогноз по отраслям/Виджеты дашборда' is: 'Год 
2023 год
Сравнение с 
План
Динамика электропотребления, млрд. кВт.ч. по ПАО Россети на 2023 год
10 10
190 190
36 36
14 14
9 9
14 14
4 4
17 17
80 80
19 19
82 82
588 588
10 10
197 197
37 37
48 48
10 10
15 15
4 4
18 18
80 80
19 19
82 82
608 608
План
Ожидаемое (прогноз по конца года)
Интер РАО (дляФСК)
Промышленныепотребители
Транспорт
Нефтедобыча
Нефтепереработка
Нефтепроводы
Газопроводы
Сельскоехозяйство ипищеваяпромышленность
Непромышленныепотребители
Государственные(муниципальные)организации ипрочиебюджетныепотребители
Население иприравненныегруппыпотребителей
Территориальныесетевыеорганизации
Выручка по ПАО Россети на 2023 год
5 5
319 319
81 81
16 16
16 16
20 20
2 2
56 56
215 215
67 67
218 218
239 239
6 6
331 331
82 82
77 77
20 20
20 20
3 3
57 57
220 220
68 68
214 214
258 258
План
Ожидаемое (прогноз по конца года)
Интер РАО (дляФСК)
Промышленныепотребители
Транспорт
Нефтедобыча
Нефтепереработка
Нефтепроводы
Газопроводы
Сельскоехозяйство ипищеваяпромышленность
Непромышленныепотребители
Государственные(муниципальные)организации ипрочиебюджетныепотребители
Население иприравненныегруппыпотребителей
Территориальныесетевыеорганизации
Отклонения по ПАО Россети на 2023 год
-4.7% -4.7%
3.8% 3.8%
1.9% 1.9%
230.3% 230.3%
10.9% 10.9%
4.2% 4.2%
21.7% 21.7%
3.9% 3.9%
-0.6% -0.6%
1.6% 1.6%
-1.0% -1.0%
3.3% 3.3%
⬤ Отклонение, %
Интер РАО (для ФСК)
Промышленные потребители
Транспорт
Нефтедобыча
Нефтепереработка
Нефтепроводы
Газопроводы
Сельское хозяйство и пищевая пр…
Непромышленные потребители
Государственные (муниципальные…
Население и приравненные групп…
Территориальные сетевые органи…
Выручка отклонения по ПАО Россети на 2023 год
15.6% 15.6%
3.8% 3.8%
1.2% 1.2%
398.2% 398.2%
26.9% 26.9%
-0.6% -0.6%
26.9% 26.9%
1.5% 1.5%
2.7% 2.7%
2.0% 2.0%
-2.0% -2.0%
7.9% 7.9%
⬤ Отклонение, %
Интер РАО (для ФСК)
Промышленные потребители
Транспорт
Нефтедобыча
Нефтепереработка
Нефтепроводы
Газопроводы
Сельское хозяйство и пищевая пр…
Непромышленные потребители
Государственные (муниципальные…
Население и приравненные групп…
Территориальные сетевые органи…
абс.
%
Прогноз на месяц 
Ноябрь
КПО/Отпуск из сети 
Отпуск из сети, млн. кВт.ч
Организация 
Все
Прогноз электропотребления и выручки за услуги по передаче в разрезе отраслей'

30-03-2025T16:37:32 - [MESSAGE][PASSED] - Text of object 'Object Repository/Прогноз по отраслям/Виджеты дашборда' is: 'Год 
2023 год
Сравнение с 
План
Динамика электропотребления, млрд. кВт.ч. по ПАО Россети на 2023 год
10 10
190 190
36 36
14 14
9 9
14 14
4 4
17 17
80 80
19 19
82 82
588 588
10 10
197 197
37 37
48 48
10 10
15 15
4 4
18 18
80 80
19 19
82 82
608 608
План
Ожидаемое (прогноз по конца года)
Интер РАО (дляФСК)
Промышленныепотребители
Транспорт
Нефтедобыча
Нефтепереработка
Нефтепроводы
Газопроводы
Сельскоехозяйство ипищеваяпромышленность
Непромышленныепотребители
Государственные(муниципальные)организации ипрочиебюджетныепотребители
Население иприравненныегруппыпотребителей
Территориальныесетевыеорганизации
Выручка по ПАО Россети на 2023 год
5 5
319 319
81 81
16 16
16 16
20 20
2 2
56 56
215 215
67 67
218 218
239 239
6 6
331 331
82 82
77 77
20 20
20 20
3 3
57 57
220 220
68 68
214 214
258 258
План
Ожидаемое (прогноз по конца года)
Интер РАО (дляФСК)
Промышленныепотребители
Транспорт
Нефтедобыча
Нефтепереработка
Нефтепроводы
Газопроводы
Сельскоехозяйство ипищеваяпромышленность
Непромышленныепотребители
Государственные(муниципальные)организации ипрочиебюджетныепотребители
Население иприравненныегруппыпотребителей
Территориальныесетевыеорганизации
Отклонения по ПАО Россети на 2023 год
-4.7% -4.7%
3.8% 3.8%
1.9% 1.9%
230.3% 230.3%
10.9% 10.9%
4.2% 4.2%
21.7% 21.7%
3.9% 3.9%
-0.6% -0.6%
1.6% 1.6%
-1.0% -1.0%
3.3% 3.3%
⬤ Отклонение, %
Интер РАО (для ФСК)
Промышленные потребители
Транспорт
Нефтедобыча
Нефтепереработка
Нефтепроводы
Газопроводы
Сельское хозяйство и пищевая пр…
Непромышленные потребители
Государственные (муниципальные…
Население и приравненные групп…
Территориальные сетевые органи…
Выручка отклонения по ПАО Россети на 2023 год
15.6% 15.6%
3.8% 3.8%
1.2% 1.2%
398.2% 398.2%
26.9% 26.9%
-0.6% -0.6%
26.9% 26.9%
1.5% 1.5%
2.7% 2.7%
2.0% 2.0%
-2.0% -2.0%
7.9% 7.9%
⬤ Отклонение, %
Интер РАО (для ФСК)
Промышленные потребители
Транспорт
Нефтедобыча
Нефтепереработка
Нефтепроводы
Газопроводы
Сельское хозяйство и пищевая пр…
Непромышленные потребители
Государственные (муниципальные…
Население и приравненные групп…
Территориальные сетевые органи…
абс.
%
Прогноз на месяц 
Ноябрь
КПО/Отпуск из сети 
Отпуск из сети, млн. кВт.ч
Организация 
Все
Прогноз электропотребления и выручки за услуги по передаче в разрезе отраслей'

30-03-2025T16:37:32 - [TEST_STEP][PASSED] - a2 = a2.replaceAll("[^0-9]", ""): null

30-03-2025T16:37:32 - [TEST_STEP][PASSED] - println("a2:" + a2): null

30-03-2025T16:37:32 - [TEST_STEP][PASSED] - click(findTestObject("Прогноз по отраслям/Фильтр Сравнение с")): Object: 'Object Repository/Прогноз по отраслям/Фильтр Сравнение с' is clicked on

30-03-2025T16:37:33 - [MESSAGE][PASSED] - Object: 'Object Repository/Прогноз по отраслям/Фильтр Сравнение с' is clicked on

30-03-2025T16:37:33 - [TEST_STEP][PASSED] - click(findTestObject("Прогноз по отраслям/План СУ")): Object: 'Object Repository/Прогноз по отраслям/План СУ' is clicked on

30-03-2025T16:37:34 - [MESSAGE][PASSED] - Object: 'Object Repository/Прогноз по отраслям/План СУ' is clicked on

30-03-2025T16:37:34 - [TEST_STEP][PASSED] - delay(40): Delayed 40 second(s)

30-03-2025T16:38:14 - [MESSAGE][PASSED] - Delayed 40 second(s)

30-03-2025T16:38:14 - [TEST_STEP][PASSED] - a3 = getText(findTestObject("Прогноз по отраслям/Виджеты дашборда")): Text of object 'Object Repository/Прогноз по отраслям/Виджеты дашборда' is: 'Год 
2023 год
Сравнение с 
План/СУ
Динамика электропотребления, млрд. кВт.ч. по ПАО Россети на 2023 год
10 10
181 181
36 36
15 15
9 9
14 14
4 4
16 16
86 86
19 19
79 79
586 586
10 10
197 197
37 37
48 48
10 10
15 15
4 4
18 18
80 80
19 19
82 82
608 608
СУ
Ожидаемое (прогноз по конца года)
Интер РАО (дляФСК)
Промышленныепотребители
Транспорт
Нефтедобыча
Нефтепереработка
Нефтепроводы
Газопроводы
Сельскоехозяйство ипищеваяпромышленность
Непромышленныепотребители
Государственные(муниципальные)организации ипрочиебюджетныепотребители
Население иприравненныегруппыпотребителей
Территориальныесетевыеорганизации
Выручка по ПАО Россети на 2023 год
6 6
331 331
82 82
77 77
20 20
20 20
3 3
57 57
220 220
68 68
214 214
258 258
Ожидаемое (прогноз по конца года)
Интер РАО (дляФСК)
Промышленныепотребители
Транспорт
Нефтедобыча
Нефтепереработка
Нефтепроводы
Газопроводы
Сельскоехозяйство ипищеваяпромышленность
Непромышленныепотребители
Государственные(муниципальные)организации ипрочиебюджетныепотребители
Население иприравненныегруппыпотребителей
Территориальныесетевыеорганизации
Отклонения по ПАО Россети на 2023 год
2.5% 2.5%
8.9% 8.9%
3.5% 3.5%
221.4% 221.4%
12.8% 12.8%
6.9% 6.9%
13.5% 13.5%
8.1% 8.1%
-6.9% -6.9%
2.3% 2.3%
3.1% 3.1%
3.8% 3.8%
⬤ Отклонение, %
Интер РАО (для ФСК)
Промышленные потребители
Транспорт
Нефтедобыча
Нефтепереработка
Нефтепроводы
Газопроводы
Сельское хозяйство и пищевая пр…
Непромышленные потребители
Государственные (муниципальные…
Население и приравненные групп…
Территориальные сетевые органи…
Выручка отклонения по ПАО Россети на 2023 год
⬤ Отклонение, %
Интер РАО (для ФСК)
Промышленные потребители
Транспорт
Нефтедобыча
Нефтепереработка
Нефтепроводы
Газопроводы
Сельское хозяйство и пищевая пр…
Непромышленные потребители
Государственные (муниципальные…
Население и приравненные групп…
Территориальные сетевые органи…
абс.
%
Прогноз на месяц 
Ноябрь
КПО/Отпуск из сети 
Отпуск из сети, млн. кВт.ч
Организация 
Все
Прогноз электропотребления и выручки за услуги по передаче в разрезе отраслей'

30-03-2025T16:38:14 - [MESSAGE][PASSED] - Text of object 'Object Repository/Прогноз по отраслям/Виджеты дашборда' is: 'Год 
2023 год
Сравнение с 
План/СУ
Динамика электропотребления, млрд. кВт.ч. по ПАО Россети на 2023 год
10 10
181 181
36 36
15 15
9 9
14 14
4 4
16 16
86 86
19 19
79 79
586 586
10 10
197 197
37 37
48 48
10 10
15 15
4 4
18 18
80 80
19 19
82 82
608 608
СУ
Ожидаемое (прогноз по конца года)
Интер РАО (дляФСК)
Промышленныепотребители
Транспорт
Нефтедобыча
Нефтепереработка
Нефтепроводы
Газопроводы
Сельскоехозяйство ипищеваяпромышленность
Непромышленныепотребители
Государственные(муниципальные)организации ипрочиебюджетныепотребители
Население иприравненныегруппыпотребителей
Территориальныесетевыеорганизации
Выручка по ПАО Россети на 2023 год
6 6
331 331
82 82
77 77
20 20
20 20
3 3
57 57
220 220
68 68
214 214
258 258
Ожидаемое (прогноз по конца года)
Интер РАО (дляФСК)
Промышленныепотребители
Транспорт
Нефтедобыча
Нефтепереработка
Нефтепроводы
Газопроводы
Сельскоехозяйство ипищеваяпромышленность
Непромышленныепотребители
Государственные(муниципальные)организации ипрочиебюджетныепотребители
Население иприравненныегруппыпотребителей
Территориальныесетевыеорганизации
Отклонения по ПАО Россети на 2023 год
2.5% 2.5%
8.9% 8.9%
3.5% 3.5%
221.4% 221.4%
12.8% 12.8%
6.9% 6.9%
13.5% 13.5%
8.1% 8.1%
-6.9% -6.9%
2.3% 2.3%
3.1% 3.1%
3.8% 3.8%
⬤ Отклонение, %
Интер РАО (для ФСК)
Промышленные потребители
Транспорт
Нефтедобыча
Нефтепереработка
Нефтепроводы
Газопроводы
Сельское хозяйство и пищевая пр…
Непромышленные потребители
Государственные (муниципальные…
Население и приравненные групп…
Территориальные сетевые органи…
Выручка отклонения по ПАО Россети на 2023 год
⬤ Отклонение, %
Интер РАО (для ФСК)
Промышленные потребители
Транспорт
Нефтедобыча
Нефтепереработка
Нефтепроводы
Газопроводы
Сельское хозяйство и пищевая пр…
Непромышленные потребители
Государственные (муниципальные…
Население и приравненные групп…
Территориальные сетевые органи…
абс.
%
Прогноз на месяц 
Ноябрь
КПО/Отпуск из сети 
Отпуск из сети, млн. кВт.ч
Организация 
Все
Прогноз электропотребления и выручки за услуги по передаче в разрезе отраслей'

30-03-2025T16:38:14 - [TEST_STEP][PASSED] - a3 = a3.replaceAll("[^0-9]", ""): null

30-03-2025T16:38:14 - [TEST_STEP][PASSED] - println("a3:" + a3): null

30-03-2025T16:38:14 - [TEST_STEP][PASSED] - click(findTestObject("Прогноз по отраслям/Фильтр Сравнение с")): Object: 'Object Repository/Прогноз по отраслям/Фильтр Сравнение с' is clicked on

30-03-2025T16:38:15 - [MESSAGE][PASSED] - Object: 'Object Repository/Прогноз по отраслям/Фильтр Сравнение с' is clicked on

30-03-2025T16:38:15 - [TEST_STEP][PASSED] - click(findTestObject("Прогноз по отраслям/Факт прошлого года")): Object: 'Object Repository/Прогноз по отраслям/Факт прошлого года' is clicked on

30-03-2025T16:38:16 - [MESSAGE][PASSED] - Object: 'Object Repository/Прогноз по отраслям/Факт прошлого года' is clicked on

30-03-2025T16:38:16 - [TEST_STEP][PASSED] - click(findTestObject("Прогноз по отраслям/Фильтр КПО-Отпуск")): Object: 'Object Repository/Прогноз по отраслям/Фильтр КПО-Отпуск' is clicked on

30-03-2025T16:38:17 - [MESSAGE][PASSED] - Object: 'Object Repository/Прогноз по отраслям/Фильтр КПО-Отпуск' is clicked on

30-03-2025T16:38:17 - [TEST_STEP][PASSED] - click(findTestObject("Прогноз по отраслям/КПО")): Object: 'Object Repository/Прогноз по отраслям/КПО' is clicked on

30-03-2025T16:38:17 - [MESSAGE][PASSED] - Object: 'Object Repository/Прогноз по отраслям/КПО' is clicked on

30-03-2025T16:38:17 - [TEST_STEP][PASSED] - delay(40): Delayed 40 second(s)

30-03-2025T16:38:57 - [MESSAGE][PASSED] - Delayed 40 second(s)

30-03-2025T16:38:57 - [TEST_STEP][PASSED] - a4 = getText(findTestObject("Прогноз по отраслям/Виджеты дашборда")): Text of object 'Object Repository/Прогноз по отраслям/Виджеты дашборда' is: 'Год 
2023 год
Сравнение с 
Факт прошлого года
Динамика электропотребления, млрд. кВт.ч. по ПАО Россети на 2023 год
0 0
120 120
38 38
41 41
8 8
10 10
0 0
19 19
77 77
25 25
122 122
61 61
0 0
120 120
39 39
39 39
8 8
8 8
1 1
20 20
78 78
26 26
121 121
60 60
Факт прошлого года
Ожидаемое (прогноз по конца года)
Интер РАО (дляФСК)
Промышленныепотребители
Транспорт
Нефтедобыча
Нефтепереработка
Нефтепроводы
Газопроводы
Сельскоехозяйство ипищеваяпромышленность
Непромышленныепотребители
Государственные(муниципальные)организации ипрочиебюджетныепотребители
Население иприравненныегруппыпотребителей
Территориальныесетевыеорганизации
Выручка по ПАО Россети на 2023 год
5 5
285 285
72 72
72 72
18 18
22 22
0 0
50 50
201 201
61 61
190 190
227 227
6 6
331 331
82 82
77 77
20 20
20 20
3 3
57 57
220 220
68 68
214 214
258 258
Факт прошлого года
Ожидаемое (прогноз по конца года)
Интер РАО (дляФСК)
Промышленныепотребители
Транспорт
Нефтедобыча
Нефтепереработка
Нефтепроводы
Газопроводы
Сельскоехозяйство ипищеваяпромышленность
Непромышленныепотребители
Государственные(муниципальные)организации ипрочиебюджетныепотребители
Население иприравненныегруппыпотребителей
Территориальныесетевыеорганизации
Отклонения по ПАО Россети на 2023 год
0.5% 0.5%
0.9% 0.9%
-5.9% -5.9%
3.1% 3.1%
-17.9% -17.9%
578.4% 578.4%
2.3% 2.3%
1.8% 1.8%
2.1% 2.1%
-0.9% -0.9%
-0.2% -0.2%
⬤ Отклонение, %
Интер РАО (для ФСК)
Промышленные потребители
Транспорт
Нефтедобыча
Нефтепереработка
Нефтепроводы
Газопроводы
Сельское хозяйство и пищевая пр…
Непромышленные потребители
Государственные (муниципальные…
Население и приравненные групп…
Территориальные сетевые органи…
Выручка отклонения по ПАО Россети на 2023 год
7.7% 7.7%
16.0% 16.0%
13.2% 13.2%
6.7% 6.7%
13.3% 13.3%
-7.7% -7.7%
1 331.5% 1 331.5%
14.2% 14.2%
9.9% 9.9%
12.0% 12.0%
12.4% 12.4%
13.7% 13.7%
⬤ Отклонение, %
Интер РАО (для ФСК)
Промышленные потребители
Транспорт
Нефтедобыча
Нефтепереработка
Нефтепроводы
Газопроводы
Сельское хозяйство и пищевая пр…
Непромышленные потребители
Государственные (муниципальные…
Население и приравненные групп…
Территориальные сетевые органи…
абс.
%
Прогноз на месяц 
Ноябрь
КПО/Отпуск из сети 
Котловой полезный отпуск, млн. кВт.ч
Организация 
Все
Прогноз электропотребления и выручки за услуги по передаче в разрезе отраслей'

30-03-2025T16:38:58 - [MESSAGE][PASSED] - Text of object 'Object Repository/Прогноз по отраслям/Виджеты дашборда' is: 'Год 
2023 год
Сравнение с 
Факт прошлого года
Динамика электропотребления, млрд. кВт.ч. по ПАО Россети на 2023 год
0 0
120 120
38 38
41 41
8 8
10 10
0 0
19 19
77 77
25 25
122 122
61 61
0 0
120 120
39 39
39 39
8 8
8 8
1 1
20 20
78 78
26 26
121 121
60 60
Факт прошлого года
Ожидаемое (прогноз по конца года)
Интер РАО (дляФСК)
Промышленныепотребители
Транспорт
Нефтедобыча
Нефтепереработка
Нефтепроводы
Газопроводы
Сельскоехозяйство ипищеваяпромышленность
Непромышленныепотребители
Государственные(муниципальные)организации ипрочиебюджетныепотребители
Население иприравненныегруппыпотребителей
Территориальныесетевыеорганизации
Выручка по ПАО Россети на 2023 год
5 5
285 285
72 72
72 72
18 18
22 22
0 0
50 50
201 201
61 61
190 190
227 227
6 6
331 331
82 82
77 77
20 20
20 20
3 3
57 57
220 220
68 68
214 214
258 258
Факт прошлого года
Ожидаемое (прогноз по конца года)
Интер РАО (дляФСК)
Промышленныепотребители
Транспорт
Нефтедобыча
Нефтепереработка
Нефтепроводы
Газопроводы
Сельскоехозяйство ипищеваяпромышленность
Непромышленныепотребители
Государственные(муниципальные)организации ипрочиебюджетныепотребители
Население иприравненныегруппыпотребителей
Территориальныесетевыеорганизации
Отклонения по ПАО Россети на 2023 год
0.5% 0.5%
0.9% 0.9%
-5.9% -5.9%
3.1% 3.1%
-17.9% -17.9%
578.4% 578.4%
2.3% 2.3%
1.8% 1.8%
2.1% 2.1%
-0.9% -0.9%
-0.2% -0.2%
⬤ Отклонение, %
Интер РАО (для ФСК)
Промышленные потребители
Транспорт
Нефтедобыча
Нефтепереработка
Нефтепроводы
Газопроводы
Сельское хозяйство и пищевая пр…
Непромышленные потребители
Государственные (муниципальные…
Население и приравненные групп…
Территориальные сетевые органи…
Выручка отклонения по ПАО Россети на 2023 год
7.7% 7.7%
16.0% 16.0%
13.2% 13.2%
6.7% 6.7%
13.3% 13.3%
-7.7% -7.7%
1 331.5% 1 331.5%
14.2% 14.2%
9.9% 9.9%
12.0% 12.0%
12.4% 12.4%
13.7% 13.7%
⬤ Отклонение, %
Интер РАО (для ФСК)
Промышленные потребители
Транспорт
Нефтедобыча
Нефтепереработка
Нефтепроводы
Газопроводы
Сельское хозяйство и пищевая пр…
Непромышленные потребители
Государственные (муниципальные…
Население и приравненные групп…
Территориальные сетевые органи…
абс.
%
Прогноз на месяц 
Ноябрь
КПО/Отпуск из сети 
Котловой полезный отпуск, млн. кВт.ч
Организация 
Все
Прогноз электропотребления и выручки за услуги по передаче в разрезе отраслей'

30-03-2025T16:38:58 - [TEST_STEP][PASSED] - a4 = a4.replaceAll("[^0-9]", ""): null

30-03-2025T16:38:58 - [TEST_STEP][PASSED] - println("a4:" + a4): null

30-03-2025T16:38:58 - [TEST_STEP][PASSED] - click(findTestObject("Прогноз по отраслям/Фильтр Сравнение с")): Object: 'Object Repository/Прогноз по отраслям/Фильтр Сравнение с' is clicked on

30-03-2025T16:38:58 - [MESSAGE][PASSED] - Object: 'Object Repository/Прогноз по отраслям/Фильтр Сравнение с' is clicked on

30-03-2025T16:38:58 - [TEST_STEP][PASSED] - click(findTestObject("Прогноз по отраслям/План")): Object: 'Object Repository/Прогноз по отраслям/План' is clicked on

30-03-2025T16:38:59 - [MESSAGE][PASSED] - Object: 'Object Repository/Прогноз по отраслям/План' is clicked on

30-03-2025T16:38:59 - [TEST_STEP][PASSED] - delay(40): Delayed 40 second(s)

30-03-2025T16:39:39 - [MESSAGE][PASSED] - Delayed 40 second(s)

30-03-2025T16:39:39 - [TEST_STEP][PASSED] - a5 = getText(findTestObject("Прогноз по отраслям/Виджеты дашборда")): Text of object 'Object Repository/Прогноз по отраслям/Виджеты дашборда' is: 'Год 
2023 год
Сравнение с 
План
Динамика электропотребления, млрд. кВт.ч. по ПАО Россети на 2023 год
0 0
119 119
37 37
7 7
7 7
8 8
1 1
19 19
75 75
25 25
123 123
55 55
0 0
120 120
39 39
39 39
8 8
8 8
1 1
20 20
78 78
26 26
121 121
60 60
План
Ожидаемое (прогноз по конца года)
Интер РАО (дляФСК)
Промышленныепотребители
Транспорт
Нефтедобыча
Нефтепереработка
Нефтепроводы
Газопроводы
Сельскоехозяйство ипищеваяпромышленность
Непромышленныепотребители
Государственные(муниципальные)организации ипрочиебюджетныепотребители
Население иприравненныегруппыпотребителей
Территориальныесетевыеорганизации
Выручка по ПАО Россети на 2023 год
5 5
319 319
81 81
16 16
16 16
20 20
2 2
56 56
215 215
67 67
218 218
239 239
6 6
331 331
82 82
77 77
20 20
20 20
3 3
57 57
220 220
68 68
214 214
258 258
План
Ожидаемое (прогноз по конца года)
Интер РАО (дляФСК)
Промышленныепотребители
Транспорт
Нефтедобыча
Нефтепереработка
Нефтепроводы
Газопроводы
Сельскоехозяйство ипищеваяпромышленность
Непромышленныепотребители
Государственные(муниципальные)организации ипрочиебюджетныепотребители
Население иприравненныегруппыпотребителей
Территориальныесетевыеорганизации
Отклонения по ПАО Россети на 2023 год
1.2% 1.2%
3.2% 3.2%
492.1% 492.1%
18.1% 18.1%
4.4% 4.4%
11.9% 11.9%
1.2% 1.2%
4.1% 4.1%
2.4% 2.4%
-1.4% -1.4%
9.7% 9.7%
⬤ Отклонение, %
Интер РАО (для ФСК)
Промышленные потребители
Транспорт
Нефтедобыча
Нефтепереработка
Нефтепроводы
Газопроводы
Сельское хозяйство и пищевая пр…
Непромышленные потребители
Государственные (муниципальные…
Население и приравненные групп…
Территориальные сетевые органи…
Выручка отклонения по ПАО Россети на 2023 год
15.6% 15.6%
3.8% 3.8%
1.2% 1.2%
398.2% 398.2%
26.9% 26.9%
-0.6% -0.6%
26.9% 26.9%
1.5% 1.5%
2.7% 2.7%
2.0% 2.0%
-2.0% -2.0%
7.9% 7.9%
⬤ Отклонение, %
Интер РАО (для ФСК)
Промышленные потребители
Транспорт
Нефтедобыча
Нефтепереработка
Нефтепроводы
Газопроводы
Сельское хозяйство и пищевая пр…
Непромышленные потребители
Государственные (муниципальные…
Население и приравненные групп…
Территориальные сетевые органи…
абс.
%
Прогноз на месяц 
Ноябрь
КПО/Отпуск из сети 
Котловой полезный отпуск, млн. кВт.ч
Организация 
Все
Прогноз электропотребления и выручки за услуги по передаче в разрезе отраслей'

30-03-2025T16:39:40 - [MESSAGE][PASSED] - Text of object 'Object Repository/Прогноз по отраслям/Виджеты дашборда' is: 'Год 
2023 год
Сравнение с 
План
Динамика электропотребления, млрд. кВт.ч. по ПАО Россети на 2023 год
0 0
119 119
37 37
7 7
7 7
8 8
1 1
19 19
75 75
25 25
123 123
55 55
0 0
120 120
39 39
39 39
8 8
8 8
1 1
20 20
78 78
26 26
121 121
60 60
План
Ожидаемое (прогноз по конца года)
Интер РАО (дляФСК)
Промышленныепотребители
Транспорт
Нефтедобыча
Нефтепереработка
Нефтепроводы
Газопроводы
Сельскоехозяйство ипищеваяпромышленность
Непромышленныепотребители
Государственные(муниципальные)организации ипрочиебюджетныепотребители
Население иприравненныегруппыпотребителей
Территориальныесетевыеорганизации
Выручка по ПАО Россети на 2023 год
5 5
319 319
81 81
16 16
16 16
20 20
2 2
56 56
215 215
67 67
218 218
239 239
6 6
331 331
82 82
77 77
20 20
20 20
3 3
57 57
220 220
68 68
214 214
258 258
План
Ожидаемое (прогноз по конца года)
Интер РАО (дляФСК)
Промышленныепотребители
Транспорт
Нефтедобыча
Нефтепереработка
Нефтепроводы
Газопроводы
Сельскоехозяйство ипищеваяпромышленность
Непромышленныепотребители
Государственные(муниципальные)организации ипрочиебюджетныепотребители
Население иприравненныегруппыпотребителей
Территориальныесетевыеорганизации
Отклонения по ПАО Россети на 2023 год
1.2% 1.2%
3.2% 3.2%
492.1% 492.1%
18.1% 18.1%
4.4% 4.4%
11.9% 11.9%
1.2% 1.2%
4.1% 4.1%
2.4% 2.4%
-1.4% -1.4%
9.7% 9.7%
⬤ Отклонение, %
Интер РАО (для ФСК)
Промышленные потребители
Транспорт
Нефтедобыча
Нефтепереработка
Нефтепроводы
Газопроводы
Сельское хозяйство и пищевая пр…
Непромышленные потребители
Государственные (муниципальные…
Население и приравненные групп…
Территориальные сетевые органи…
Выручка отклонения по ПАО Россети на 2023 год
15.6% 15.6%
3.8% 3.8%
1.2% 1.2%
398.2% 398.2%
26.9% 26.9%
-0.6% -0.6%
26.9% 26.9%
1.5% 1.5%
2.7% 2.7%
2.0% 2.0%
-2.0% -2.0%
7.9% 7.9%
⬤ Отклонение, %
Интер РАО (для ФСК)
Промышленные потребители
Транспорт
Нефтедобыча
Нефтепереработка
Нефтепроводы
Газопроводы
Сельское хозяйство и пищевая пр…
Непромышленные потребители
Государственные (муниципальные…
Население и приравненные групп…
Территориальные сетевые органи…
абс.
%
Прогноз на месяц 
Ноябрь
КПО/Отпуск из сети 
Котловой полезный отпуск, млн. кВт.ч
Организация 
Все
Прогноз электропотребления и выручки за услуги по передаче в разрезе отраслей'

30-03-2025T16:39:40 - [TEST_STEP][PASSED] - println("a5:" + a5): null

30-03-2025T16:39:40 - [TEST_STEP][PASSED] - a5 = a5.replaceAll("[^0-9]", ""): null

30-03-2025T16:39:40 - [TEST_STEP][PASSED] - println("a5:" + a5): null

30-03-2025T16:39:40 - [TEST_STEP][PASSED] - click(findTestObject("Прогноз по отраслям/Фильтр Сравнение с")): Object: 'Object Repository/Прогноз по отраслям/Фильтр Сравнение с' is clicked on

30-03-2025T16:39:40 - [MESSAGE][PASSED] - Object: 'Object Repository/Прогноз по отраслям/Фильтр Сравнение с' is clicked on

30-03-2025T16:39:40 - [TEST_STEP][PASSED] - click(findTestObject("Прогноз по отраслям/План СУ")): Object: 'Object Repository/Прогноз по отраслям/План СУ' is clicked on

30-03-2025T16:39:41 - [MESSAGE][PASSED] - Object: 'Object Repository/Прогноз по отраслям/План СУ' is clicked on

30-03-2025T16:39:41 - [TEST_STEP][PASSED] - delay(40): Delayed 40 second(s)

30-03-2025T16:40:21 - [MESSAGE][PASSED] - Delayed 40 second(s)

30-03-2025T16:40:21 - [TEST_STEP][PASSED] - a6 = getText(findTestObject("Прогноз по отраслям/Виджеты дашборда")): Text of object 'Object Repository/Прогноз по отраслям/Виджеты дашборда' is: 'Год 
2023 год
Сравнение с 
План/СУ
Динамика электропотребления, млрд. кВт.ч. по ПАО Россети на 2023 год
0 0
0 0
0 0
0 0
0 0
0 0
0 0
0 0
0 0
0 0
0 0
0 0
0 0
120 120
39 39
39 39
8 8
8 8
1 1
20 20
78 78
26 26
121 121
60 60
СУ
Ожидаемое (прогноз по конца года)
Интер РАО (дляФСК)
Промышленныепотребители
Транспорт
Нефтедобыча
Нефтепереработка
Нефтепроводы
Газопроводы
Сельскоехозяйство ипищеваяпромышленность
Непромышленныепотребители
Государственные(муниципальные)организации ипрочиебюджетныепотребители
Население иприравненныегруппыпотребителей
Территориальныесетевыеорганизации
Выручка по ПАО Россети на 2023 год
6 6
331 331
82 82
77 77
20 20
20 20
3 3
57 57
220 220
68 68
214 214
258 258
Ожидаемое (прогноз по конца года)
Интер РАО (дляФСК)
Промышленныепотребители
Транспорт
Нефтедобыча
Нефтепереработка
Нефтепроводы
Газопроводы
Сельскоехозяйство ипищеваяпромышленность
Непромышленныепотребители
Государственные(муниципальные)организации ипрочиебюджетныепотребители
Население иприравненныегруппыпотребителей
Территориальныесетевыеорганизации
Отклонения по ПАО Россети на 2023 год
⬤ Отклонение, %
Интер РАО (для ФСК)
Промышленные потребители
Транспорт
Нефтедобыча
Нефтепереработка
Нефтепроводы
Газопроводы
Сельское хозяйство и пищевая пр…
Непромышленные потребители
Государственные (муниципальные…
Население и приравненные групп…
Территориальные сетевые органи…
Выручка отклонения по ПАО Россети на 2023 год
⬤ Отклонение, %
Интер РАО (для ФСК)
Промышленные потребители
Транспорт
Нефтедобыча
Нефтепереработка
Нефтепроводы
Газопроводы
Сельское хозяйство и пищевая пр…
Непромышленные потребители
Государственные (муниципальные…
Население и приравненные групп…
Территориальные сетевые органи…
абс.
%
Прогноз на месяц 
Ноябрь
КПО/Отпуск из сети 
Котловой полезный отпуск, млн. кВт.ч
Организация 
Все
Прогноз электропотребления и выручки за услуги по передаче в разрезе отраслей'

30-03-2025T16:40:22 - [MESSAGE][PASSED] - Text of object 'Object Repository/Прогноз по отраслям/Виджеты дашборда' is: 'Год 
2023 год
Сравнение с 
План/СУ
Динамика электропотребления, млрд. кВт.ч. по ПАО Россети на 2023 год
0 0
0 0
0 0
0 0
0 0
0 0
0 0
0 0
0 0
0 0
0 0
0 0
0 0
120 120
39 39
39 39
8 8
8 8
1 1
20 20
78 78
26 26
121 121
60 60
СУ
Ожидаемое (прогноз по конца года)
Интер РАО (дляФСК)
Промышленныепотребители
Транспорт
Нефтедобыча
Нефтепереработка
Нефтепроводы
Газопроводы
Сельскоехозяйство ипищеваяпромышленность
Непромышленныепотребители
Государственные(муниципальные)организации ипрочиебюджетныепотребители
Население иприравненныегруппыпотребителей
Территориальныесетевыеорганизации
Выручка по ПАО Россети на 2023 год
6 6
331 331
82 82
77 77
20 20
20 20
3 3
57 57
220 220
68 68
214 214
258 258
Ожидаемое (прогноз по конца года)
Интер РАО (дляФСК)
Промышленныепотребители
Транспорт
Нефтедобыча
Нефтепереработка
Нефтепроводы
Газопроводы
Сельскоехозяйство ипищеваяпромышленность
Непромышленныепотребители
Государственные(муниципальные)организации ипрочиебюджетныепотребители
Население иприравненныегруппыпотребителей
Территориальныесетевыеорганизации
Отклонения по ПАО Россети на 2023 год
⬤ Отклонение, %
Интер РАО (для ФСК)
Промышленные потребители
Транспорт
Нефтедобыча
Нефтепереработка
Нефтепроводы
Газопроводы
Сельское хозяйство и пищевая пр…
Непромышленные потребители
Государственные (муниципальные…
Население и приравненные групп…
Территориальные сетевые органи…
Выручка отклонения по ПАО Россети на 2023 год
⬤ Отклонение, %
Интер РАО (для ФСК)
Промышленные потребители
Транспорт
Нефтедобыча
Нефтепереработка
Нефтепроводы
Газопроводы
Сельское хозяйство и пищевая пр…
Непромышленные потребители
Государственные (муниципальные…
Население и приравненные групп…
Территориальные сетевые органи…
абс.
%
Прогноз на месяц 
Ноябрь
КПО/Отпуск из сети 
Котловой полезный отпуск, млн. кВт.ч
Организация 
Все
Прогноз электропотребления и выручки за услуги по передаче в разрезе отраслей'

30-03-2025T16:40:22 - [TEST_STEP][PASSED] - a6 = a6.replaceAll("[^0-9]", ""): null

30-03-2025T16:40:22 - [TEST_STEP][PASSED] - println("a6:" + a6): null

30-03-2025T16:40:22 - [TEST_STEP][PASSED] - click(findTestObject("Прогноз по отраслям/Переключить отображение с процентов на абс Блок руководителя")): Object: 'Object Repository/Прогноз по отраслям/Переключить отображение с процентов на абс Блок руководителя' is clicked on

30-03-2025T16:40:22 - [MESSAGE][PASSED] - Object: 'Object Repository/Прогноз по отраслям/Переключить отображение с процентов на абс Блок руководителя' is clicked on

30-03-2025T16:40:22 - [TEST_STEP][PASSED] - click(findTestObject("Прогноз по отраслям/Фильтр Сравнение с")): Object: 'Object Repository/Прогноз по отраслям/Фильтр Сравнение с' is clicked on

30-03-2025T16:40:22 - [MESSAGE][PASSED] - Object: 'Object Repository/Прогноз по отраслям/Фильтр Сравнение с' is clicked on

30-03-2025T16:40:22 - [TEST_STEP][PASSED] - click(findTestObject("Прогноз по отраслям/Факт прошлого года")): Object: 'Object Repository/Прогноз по отраслям/Факт прошлого года' is clicked on

30-03-2025T16:40:23 - [MESSAGE][PASSED] - Object: 'Object Repository/Прогноз по отраслям/Факт прошлого года' is clicked on

30-03-2025T16:40:23 - [TEST_STEP][PASSED] - click(findTestObject("Прогноз по отраслям/Фильтр КПО-Отпуск")): Object: 'Object Repository/Прогноз по отраслям/Фильтр КПО-Отпуск' is clicked on

30-03-2025T16:40:24 - [MESSAGE][PASSED] - Object: 'Object Repository/Прогноз по отраслям/Фильтр КПО-Отпуск' is clicked on

30-03-2025T16:40:24 - [TEST_STEP][PASSED] - click(findTestObject("Прогноз по отраслям/Отпуск")): Object: 'Object Repository/Прогноз по отраслям/Отпуск' is clicked on

30-03-2025T16:40:25 - [MESSAGE][PASSED] - Object: 'Object Repository/Прогноз по отраслям/Отпуск' is clicked on

30-03-2025T16:40:25 - [TEST_STEP][PASSED] - delay(40): Delayed 40 second(s)

30-03-2025T16:41:05 - [MESSAGE][PASSED] - Delayed 40 second(s)

30-03-2025T16:41:05 - [TEST_STEP][PASSED] - a7 = getText(findTestObject("Прогноз по отраслям/Виджеты дашборда")): Text of object 'Object Repository/Прогноз по отраслям/Виджеты дашборда' is: 'Год 
2023 год
Сравнение с 
Факт прошлого года
Отклонения по ПАО Россети на 2023 год
-2 263.5 -2 263.5
11 054.6 11 054.6
1 280.2 1 280.2
-1 947.5 -1 947.5
90.9 90.9
-3 845.0 -3 845.0
4 162.1 4 162.1
651.7 651.7
-4 727.7 -4 727.7
256.5 256.5
-723.9 -723.9
4 292.3 4 292.3
⬤ Отклонение, млн. кВт.ч
Интер РАО (для ФСК)
Промышленные потребители
Транспорт
Нефтедобыча
Нефтепереработка
Нефтепроводы
Газопроводы
Сельское хозяйство и пищевая пр…
Непромышленные потребители
Государственные (муниципальные…
Население и приравненные групп…
Территориальные сетевые органи…
Выручка отклонения по ПАО Россети на 2023 год
421.3 421.3
45 574.9 45 574.9
9 547.5 9 547.5
4 889.3 4 889.3
2 337.4 2 337.4
-1 682.6 -1 682.6
2 919.4 2 919.4
7 110.2 7 110.2
19 840.8 19 840.8
7 289.5 7 289.5
23 664.8 23 664.8
31 028.3 31 028.3
⬤ Отклонение, млн. руб.
Интер РАО (для ФСК)
Промышленные потребители
Транспорт
Нефтедобыча
Нефтепереработка
Нефтепроводы
Газопроводы
Сельское хозяйство и пищевая пр…
Непромышленные потребители
Государственные (муниципальные…
Население и приравненные групп…
Территориальные сетевые органи…
Динамика электропотребления, млрд. кВт.ч. по ПАО Россети на 2023 год
12 12
186 186
36 36
50 50
10 10
19 19
0 0
17 17
85 85
19 19
82 82
604 604
10 10
197 197
37 37
48 48
10 10
15 15
4 4
18 18
80 80
19 19
82 82
608 608
Факт прошлого года
Ожидаемое (прогноз по конца года)
Интер РАО (дляФСК)
Промышленныепотребители
Транспорт
Нефтедобыча
Нефтепереработка
Нефтепроводы
Газопроводы
Сельскоехозяйство ипищеваяпромышленность
Непромышленныепотребители
Государственные(муниципальные)организации ипрочиебюджетныепотребители
Население иприравненныегруппыпотребителей
Территориальныесетевыеорганизации
Выручка по ПАО Россети на 2023 год
5 5
285 285
72 72
72 72
18 18
22 22
0 0
50 50
201 201
61 61
190 190
227 227
6 6
331 331
82 82
77 77
20 20
20 20
3 3
57 57
220 220
68 68
214 214
258 258
Факт прошлого года
Ожидаемое (прогноз по конца года)
Интер РАО (дляФСК)
Промышленныепотребители
Транспорт
Нефтедобыча
Нефтепереработка
Нефтепроводы
Газопроводы
Сельскоехозяйство ипищеваяпромышленность
Непромышленныепотребители
Государственные(муниципальные)организации ипрочиебюджетныепотребители
Население иприравненныегруппыпотребителей
Территориальныесетевыеорганизации
абс.
%
Прогноз на месяц 
Ноябрь
КПО/Отпуск из сети 
Отпуск из сети, млн. кВт.ч
Организация 
Все
Прогноз электропотребления и выручки за услуги по передаче в разрезе отраслей'

30-03-2025T16:41:06 - [MESSAGE][PASSED] - Text of object 'Object Repository/Прогноз по отраслям/Виджеты дашборда' is: 'Год 
2023 год
Сравнение с 
Факт прошлого года
Отклонения по ПАО Россети на 2023 год
-2 263.5 -2 263.5
11 054.6 11 054.6
1 280.2 1 280.2
-1 947.5 -1 947.5
90.9 90.9
-3 845.0 -3 845.0
4 162.1 4 162.1
651.7 651.7
-4 727.7 -4 727.7
256.5 256.5
-723.9 -723.9
4 292.3 4 292.3
⬤ Отклонение, млн. кВт.ч
Интер РАО (для ФСК)
Промышленные потребители
Транспорт
Нефтедобыча
Нефтепереработка
Нефтепроводы
Газопроводы
Сельское хозяйство и пищевая пр…
Непромышленные потребители
Государственные (муниципальные…
Население и приравненные групп…
Территориальные сетевые органи…
Выручка отклонения по ПАО Россети на 2023 год
421.3 421.3
45 574.9 45 574.9
9 547.5 9 547.5
4 889.3 4 889.3
2 337.4 2 337.4
-1 682.6 -1 682.6
2 919.4 2 919.4
7 110.2 7 110.2
19 840.8 19 840.8
7 289.5 7 289.5
23 664.8 23 664.8
31 028.3 31 028.3
⬤ Отклонение, млн. руб.
Интер РАО (для ФСК)
Промышленные потребители
Транспорт
Нефтедобыча
Нефтепереработка
Нефтепроводы
Газопроводы
Сельское хозяйство и пищевая пр…
Непромышленные потребители
Государственные (муниципальные…
Население и приравненные групп…
Территориальные сетевые органи…
Динамика электропотребления, млрд. кВт.ч. по ПАО Россети на 2023 год
12 12
186 186
36 36
50 50
10 10
19 19
0 0
17 17
85 85
19 19
82 82
604 604
10 10
197 197
37 37
48 48
10 10
15 15
4 4
18 18
80 80
19 19
82 82
608 608
Факт прошлого года
Ожидаемое (прогноз по конца года)
Интер РАО (дляФСК)
Промышленныепотребители
Транспорт
Нефтедобыча
Нефтепереработка
Нефтепроводы
Газопроводы
Сельскоехозяйство ипищеваяпромышленность
Непромышленныепотребители
Государственные(муниципальные)организации ипрочиебюджетныепотребители
Население иприравненныегруппыпотребителей
Территориальныесетевыеорганизации
Выручка по ПАО Россети на 2023 год
5 5
285 285
72 72
72 72
18 18
22 22
0 0
50 50
201 201
61 61
190 190
227 227
6 6
331 331
82 82
77 77
20 20
20 20
3 3
57 57
220 220
68 68
214 214
258 258
Факт прошлого года
Ожидаемое (прогноз по конца года)
Интер РАО (дляФСК)
Промышленныепотребители
Транспорт
Нефтедобыча
Нефтепереработка
Нефтепроводы
Газопроводы
Сельскоехозяйство ипищеваяпромышленность
Непромышленныепотребители
Государственные(муниципальные)организации ипрочиебюджетныепотребители
Население иприравненныегруппыпотребителей
Территориальныесетевыеорганизации
абс.
%
Прогноз на месяц 
Ноябрь
КПО/Отпуск из сети 
Отпуск из сети, млн. кВт.ч
Организация 
Все
Прогноз электропотребления и выручки за услуги по передаче в разрезе отраслей'

30-03-2025T16:41:06 - [TEST_STEP][PASSED] - a7 = a7.replaceAll("[^0-9]", ""): null

30-03-2025T16:41:06 - [TEST_STEP][PASSED] - println("a7:" + a7): null

30-03-2025T16:41:06 - [TEST_STEP][PASSED] - click(findTestObject("Прогноз по отраслям/Фильтр Сравнение с")): Object: 'Object Repository/Прогноз по отраслям/Фильтр Сравнение с' is clicked on

30-03-2025T16:41:06 - [MESSAGE][PASSED] - Object: 'Object Repository/Прогноз по отраслям/Фильтр Сравнение с' is clicked on

30-03-2025T16:41:06 - [TEST_STEP][PASSED] - click(findTestObject("Прогноз по отраслям/План")): Object: 'Object Repository/Прогноз по отраслям/План' is clicked on

30-03-2025T16:41:07 - [MESSAGE][PASSED] - Object: 'Object Repository/Прогноз по отраслям/План' is clicked on

30-03-2025T16:41:07 - [TEST_STEP][PASSED] - delay(40): Delayed 40 second(s)

30-03-2025T16:41:47 - [MESSAGE][PASSED] - Delayed 40 second(s)

30-03-2025T16:41:47 - [TEST_STEP][PASSED] - a8 = getText(findTestObject("Прогноз по отраслям/Виджеты дашборда")): Text of object 'Object Repository/Прогноз по отраслям/Виджеты дашборда' is: 'Год 
2023 год
Сравнение с 
План
Отклонения по ПАО Россети на 2023 год
-492.2 -492.2
7 165.1 7 165.1
689.3 689.3
33 271.7 33 271.7
986.4 986.4
593.8 593.8
764.0 764.0
670.4 670.4
-592.4 -592.4
308.8 308.8
-940.9 -940.9
19 604.1 19 604.1
⬤ Отклонение, млн. кВт.ч
Интер РАО (для ФСК)
Промышленные потребители
Транспорт
Нефтедобыча
Нефтепереработка
Нефтепроводы
Газопроводы
Сельское хозяйство и пищевая пр…
Непромышленные потребители
Государственные (муниципальные…
Население и приравненные групп…
Территориальные сетевые органи…
Выручка отклонения по ПАО Россети на 2023 год
794.9 794.9
12 195.0 12 195.0
972.7 972.7
61 803.9 61 803.9
4 222.3 4 222.3
-121.8 -121.8
666.2 666.2
873.2 873.2
5 809.6 5 809.6
1 342.6 1 342.6
-4 463.2 -4 463.2
18 375.5 18 375.5
⬤ Отклонение, млн. руб.
Интер РАО (для ФСК)
Промышленные потребители
Транспорт
Нефтедобыча
Нефтепереработка
Нефтепроводы
Газопроводы
Сельское хозяйство и пищевая пр…
Непромышленные потребители
Государственные (муниципальные…
Население и приравненные групп…
Территориальные сетевые органи…
Динамика электропотребления, млрд. кВт.ч. по ПАО Россети на 2023 год
10 10
190 190
36 36
14 14
9 9
14 14
4 4
17 17
80 80
19 19
82 82
588 588
10 10
197 197
37 37
48 48
10 10
15 15
4 4
18 18
80 80
19 19
82 82
608 608
План
Ожидаемое (прогноз по конца года)
Интер РАО (дляФСК)
Промышленныепотребители
Транспорт
Нефтедобыча
Нефтепереработка
Нефтепроводы
Газопроводы
Сельскоехозяйство ипищеваяпромышленность
Непромышленныепотребители
Государственные(муниципальные)организации ипрочиебюджетныепотребители
Население иприравненныегруппыпотребителей
Территориальныесетевыеорганизации
Выручка по ПАО Россети на 2023 год
5 5
319 319
81 81
16 16
16 16
20 20
2 2
56 56
215 215
67 67
218 218
239 239
6 6
331 331
82 82
77 77
20 20
20 20
3 3
57 57
220 220
68 68
214 214
258 258
План
Ожидаемое (прогноз по конца года)
Интер РАО (дляФСК)
Промышленныепотребители
Транспорт
Нефтедобыча
Нефтепереработка
Нефтепроводы
Газопроводы
Сельскоехозяйство ипищеваяпромышленность
Непромышленныепотребители
Государственные(муниципальные)организации ипрочиебюджетныепотребители
Население иприравненныегруппыпотребителей
Территориальныесетевыеорганизации
абс.
%
Прогноз на месяц 
Ноябрь
КПО/Отпуск из сети 
Отпуск из сети, млн. кВт.ч
Организация 
Все
Прогноз электропотребления и выручки за услуги по передаче в разрезе отраслей'

30-03-2025T16:41:47 - [MESSAGE][PASSED] - Text of object 'Object Repository/Прогноз по отраслям/Виджеты дашборда' is: 'Год 
2023 год
Сравнение с 
План
Отклонения по ПАО Россети на 2023 год
-492.2 -492.2
7 165.1 7 165.1
689.3 689.3
33 271.7 33 271.7
986.4 986.4
593.8 593.8
764.0 764.0
670.4 670.4
-592.4 -592.4
308.8 308.8
-940.9 -940.9
19 604.1 19 604.1
⬤ Отклонение, млн. кВт.ч
Интер РАО (для ФСК)
Промышленные потребители
Транспорт
Нефтедобыча
Нефтепереработка
Нефтепроводы
Газопроводы
Сельское хозяйство и пищевая пр…
Непромышленные потребители
Государственные (муниципальные…
Население и приравненные групп…
Территориальные сетевые органи…
Выручка отклонения по ПАО Россети на 2023 год
794.9 794.9
12 195.0 12 195.0
972.7 972.7
61 803.9 61 803.9
4 222.3 4 222.3
-121.8 -121.8
666.2 666.2
873.2 873.2
5 809.6 5 809.6
1 342.6 1 342.6
-4 463.2 -4 463.2
18 375.5 18 375.5
⬤ Отклонение, млн. руб.
Интер РАО (для ФСК)
Промышленные потребители
Транспорт
Нефтедобыча
Нефтепереработка
Нефтепроводы
Газопроводы
Сельское хозяйство и пищевая пр…
Непромышленные потребители
Государственные (муниципальные…
Население и приравненные групп…
Территориальные сетевые органи…
Динамика электропотребления, млрд. кВт.ч. по ПАО Россети на 2023 год
10 10
190 190
36 36
14 14
9 9
14 14
4 4
17 17
80 80
19 19
82 82
588 588
10 10
197 197
37 37
48 48
10 10
15 15
4 4
18 18
80 80
19 19
82 82
608 608
План
Ожидаемое (прогноз по конца года)
Интер РАО (дляФСК)
Промышленныепотребители
Транспорт
Нефтедобыча
Нефтепереработка
Нефтепроводы
Газопроводы
Сельскоехозяйство ипищеваяпромышленность
Непромышленныепотребители
Государственные(муниципальные)организации ипрочиебюджетныепотребители
Население иприравненныегруппыпотребителей
Территориальныесетевыеорганизации
Выручка по ПАО Россети на 2023 год
5 5
319 319
81 81
16 16
16 16
20 20
2 2
56 56
215 215
67 67
218 218
239 239
6 6
331 331
82 82
77 77
20 20
20 20
3 3
57 57
220 220
68 68
214 214
258 258
План
Ожидаемое (прогноз по конца года)
Интер РАО (дляФСК)
Промышленныепотребители
Транспорт
Нефтедобыча
Нефтепереработка
Нефтепроводы
Газопроводы
Сельскоехозяйство ипищеваяпромышленность
Непромышленныепотребители
Государственные(муниципальные)организации ипрочиебюджетныепотребители
Население иприравненныегруппыпотребителей
Территориальныесетевыеорганизации
абс.
%
Прогноз на месяц 
Ноябрь
КПО/Отпуск из сети 
Отпуск из сети, млн. кВт.ч
Организация 
Все
Прогноз электропотребления и выручки за услуги по передаче в разрезе отраслей'

30-03-2025T16:41:47 - [TEST_STEP][PASSED] - a8 = a8.replaceAll("[^0-9]", ""): null

30-03-2025T16:41:47 - [TEST_STEP][PASSED] - println("a8:" + a8): null

30-03-2025T16:41:47 - [TEST_STEP][PASSED] - click(findTestObject("Прогноз по отраслям/Фильтр Сравнение с")): Object: 'Object Repository/Прогноз по отраслям/Фильтр Сравнение с' is clicked on

30-03-2025T16:41:48 - [MESSAGE][PASSED] - Object: 'Object Repository/Прогноз по отраслям/Фильтр Сравнение с' is clicked on

30-03-2025T16:41:48 - [TEST_STEP][PASSED] - click(findTestObject("Прогноз по отраслям/План СУ")): Object: 'Object Repository/Прогноз по отраслям/План СУ' is clicked on

30-03-2025T16:41:49 - [MESSAGE][PASSED] - Object: 'Object Repository/Прогноз по отраслям/План СУ' is clicked on

30-03-2025T16:41:49 - [TEST_STEP][PASSED] - delay(40): Delayed 40 second(s)

30-03-2025T16:42:29 - [MESSAGE][PASSED] - Delayed 40 second(s)

30-03-2025T16:42:29 - [TEST_STEP][PASSED] - a9 = getText(findTestObject("Прогноз по отраслям/Виджеты дашборда")): Text of object 'Object Repository/Прогноз по отраслям/Виджеты дашборда' is: 'Год 
2023 год
Сравнение с 
План/СУ
Отклонения по ПАО Россети на 2023 год
243.5 243.5
16 024.4 16 024.4
1 255.1 1 255.1
32 869.9 32 869.9
1 135.7 1 135.7
950.0 950.0
511.1 511.1
1 324.2 1 324.2
-5 962.8 -5 962.8
433.5 433.5
2 431.5 2 431.5
22 321.4 22 321.4
⬤ Отклонение, млн. кВт.ч
Интер РАО (для ФСК)
Промышленные потребители
Транспорт
Нефтедобыча
Нефтепереработка
Нефтепроводы
Газопроводы
Сельское хозяйство и пищевая пр…
Непромышленные потребители
Государственные (муниципальные…
Население и приравненные групп…
Территориальные сетевые органи…
Выручка отклонения по ПАО Россети на 2023 год
⬤ Отклонение, млн. руб.
Интер РАО (для ФСК)
Промышленные потребители
Транспорт
Нефтедобыча
Нефтепереработка
Нефтепроводы
Газопроводы
Сельское хозяйство и пищевая пр…
Непромышленные потребители
Государственные (муниципальные…
Население и приравненные групп…
Территориальные сетевые органи…
Динамика электропотребления, млрд. кВт.ч. по ПАО Россети на 2023 год
10 10
181 181
36 36
15 15
9 9
14 14
4 4
16 16
86 86
19 19
79 79
586 586
10 10
197 197
37 37
48 48
10 10
15 15
4 4
18 18
80 80
19 19
82 82
608 608
СУ
Ожидаемое (прогноз по конца года)
Интер РАО (дляФСК)
Промышленныепотребители
Транспорт
Нефтедобыча
Нефтепереработка
Нефтепроводы
Газопроводы
Сельскоехозяйство ипищеваяпромышленность
Непромышленныепотребители
Государственные(муниципальные)организации ипрочиебюджетныепотребители
Население иприравненныегруппыпотребителей
Территориальныесетевыеорганизации
Выручка по ПАО Россети на 2023 год
6 6
331 331
82 82
77 77
20 20
20 20
3 3
57 57
220 220
68 68
214 214
258 258
Ожидаемое (прогноз по конца года)
Интер РАО (дляФСК)
Промышленныепотребители
Транспорт
Нефтедобыча
Нефтепереработка
Нефтепроводы
Газопроводы
Сельскоехозяйство ипищеваяпромышленность
Непромышленныепотребители
Государственные(муниципальные)организации ипрочиебюджетныепотребители
Население иприравненныегруппыпотребителей
Территориальныесетевыеорганизации
абс.
%
Прогноз на месяц 
Ноябрь
КПО/Отпуск из сети 
Отпуск из сети, млн. кВт.ч
Организация 
Все
Прогноз электропотребления и выручки за услуги по передаче в разрезе отраслей'

30-03-2025T16:42:29 - [MESSAGE][PASSED] - Text of object 'Object Repository/Прогноз по отраслям/Виджеты дашборда' is: 'Год 
2023 год
Сравнение с 
План/СУ
Отклонения по ПАО Россети на 2023 год
243.5 243.5
16 024.4 16 024.4
1 255.1 1 255.1
32 869.9 32 869.9
1 135.7 1 135.7
950.0 950.0
511.1 511.1
1 324.2 1 324.2
-5 962.8 -5 962.8
433.5 433.5
2 431.5 2 431.5
22 321.4 22 321.4
⬤ Отклонение, млн. кВт.ч
Интер РАО (для ФСК)
Промышленные потребители
Транспорт
Нефтедобыча
Нефтепереработка
Нефтепроводы
Газопроводы
Сельское хозяйство и пищевая пр…
Непромышленные потребители
Государственные (муниципальные…
Население и приравненные групп…
Территориальные сетевые органи…
Выручка отклонения по ПАО Россети на 2023 год
⬤ Отклонение, млн. руб.
Интер РАО (для ФСК)
Промышленные потребители
Транспорт
Нефтедобыча
Нефтепереработка
Нефтепроводы
Газопроводы
Сельское хозяйство и пищевая пр…
Непромышленные потребители
Государственные (муниципальные…
Население и приравненные групп…
Территориальные сетевые органи…
Динамика электропотребления, млрд. кВт.ч. по ПАО Россети на 2023 год
10 10
181 181
36 36
15 15
9 9
14 14
4 4
16 16
86 86
19 19
79 79
586 586
10 10
197 197
37 37
48 48
10 10
15 15
4 4
18 18
80 80
19 19
82 82
608 608
СУ
Ожидаемое (прогноз по конца года)
Интер РАО (дляФСК)
Промышленныепотребители
Транспорт
Нефтедобыча
Нефтепереработка
Нефтепроводы
Газопроводы
Сельскоехозяйство ипищеваяпромышленность
Непромышленныепотребители
Государственные(муниципальные)организации ипрочиебюджетныепотребители
Население иприравненныегруппыпотребителей
Территориальныесетевыеорганизации
Выручка по ПАО Россети на 2023 год
6 6
331 331
82 82
77 77
20 20
20 20
3 3
57 57
220 220
68 68
214 214
258 258
Ожидаемое (прогноз по конца года)
Интер РАО (дляФСК)
Промышленныепотребители
Транспорт
Нефтедобыча
Нефтепереработка
Нефтепроводы
Газопроводы
Сельскоехозяйство ипищеваяпромышленность
Непромышленныепотребители
Государственные(муниципальные)организации ипрочиебюджетныепотребители
Население иприравненныегруппыпотребителей
Территориальныесетевыеорганизации
абс.
%
Прогноз на месяц 
Ноябрь
КПО/Отпуск из сети 
Отпуск из сети, млн. кВт.ч
Организация 
Все
Прогноз электропотребления и выручки за услуги по передаче в разрезе отраслей'

30-03-2025T16:42:29 - [TEST_STEP][PASSED] - a9 = a9.replaceAll("[^0-9]", ""): null

30-03-2025T16:42:29 - [TEST_STEP][PASSED] - println("a9:" + a9): null

30-03-2025T16:42:29 - [TEST_STEP][PASSED] - click(findTestObject("Прогноз по отраслям/Фильтр Сравнение с")): Object: 'Object Repository/Прогноз по отраслям/Фильтр Сравнение с' is clicked on

30-03-2025T16:42:29 - [MESSAGE][PASSED] - Object: 'Object Repository/Прогноз по отраслям/Фильтр Сравнение с' is clicked on

30-03-2025T16:42:29 - [TEST_STEP][PASSED] - click(findTestObject("Прогноз по отраслям/Факт прошлого года")): Object: 'Object Repository/Прогноз по отраслям/Факт прошлого года' is clicked on

30-03-2025T16:42:30 - [MESSAGE][PASSED] - Object: 'Object Repository/Прогноз по отраслям/Факт прошлого года' is clicked on

30-03-2025T16:42:30 - [TEST_STEP][PASSED] - click(findTestObject("Прогноз по отраслям/Фильтр КПО-Отпуск")): Object: 'Object Repository/Прогноз по отраслям/Фильтр КПО-Отпуск' is clicked on

30-03-2025T16:42:32 - [MESSAGE][PASSED] - Object: 'Object Repository/Прогноз по отраслям/Фильтр КПО-Отпуск' is clicked on

30-03-2025T16:42:32 - [TEST_STEP][PASSED] - click(findTestObject("Прогноз по отраслям/КПО")): Object: 'Object Repository/Прогноз по отраслям/КПО' is clicked on

30-03-2025T16:42:33 - [MESSAGE][PASSED] - Object: 'Object Repository/Прогноз по отраслям/КПО' is clicked on

30-03-2025T16:42:33 - [TEST_STEP][PASSED] - delay(40): Delayed 40 second(s)

30-03-2025T16:43:13 - [MESSAGE][PASSED] - Delayed 40 second(s)

30-03-2025T16:43:13 - [TEST_STEP][PASSED] - a10 = getText(findTestObject("Прогноз по отраслям/Виджеты дашборда")): Text of object 'Object Repository/Прогноз по отраслям/Виджеты дашборда' is: 'Год 
2023 год
Сравнение с 
Факт прошлого года
Отклонения по ПАО Россети на 2023 год
0.0 0.0
646.5 646.5
341.1 341.1
-2 455.6 -2 455.6
245.6 245.6
-1 796.0 -1 796.0
676.2 676.2
452.4 452.4
1 386.2 1 386.2
527.5 527.5
-1 130.4 -1 130.4
-128.7 -128.7
⬤ Отклонение, млн. кВт.ч
Интер РАО (для ФСК)
Промышленные потребители
Транспорт
Нефтедобыча
Нефтепереработка
Нефтепроводы
Газопроводы
Сельское хозяйство и пищевая пр…
Непромышленные потребители
Государственные (муниципальные…
Население и приравненные групп…
Территориальные сетевые органи…
Выручка отклонения по ПАО Россети на 2023 год
421.3 421.3
45 574.9 45 574.9
9 547.5 9 547.5
4 889.3 4 889.3
2 337.4 2 337.4
-1 682.6 -1 682.6
2 919.4 2 919.4
7 110.2 7 110.2
19 840.8 19 840.8
7 289.5 7 289.5
23 664.8 23 664.8
31 028.3 31 028.3
⬤ Отклонение, млн. руб.
Интер РАО (для ФСК)
Промышленные потребители
Транспорт
Нефтедобыча
Нефтепереработка
Нефтепроводы
Газопроводы
Сельское хозяйство и пищевая пр…
Непромышленные потребители
Государственные (муниципальные…
Население и приравненные групп…
Территориальные сетевые органи…
Динамика электропотребления, млрд. кВт.ч. по ПАО Россети на 2023 год
0 0
120 120
38 38
41 41
8 8
10 10
0 0
19 19
77 77
25 25
122 122
61 61
0 0
120 120
39 39
39 39
8 8
8 8
1 1
20 20
78 78
26 26
121 121
60 60
Факт прошлого года
Ожидаемое (прогноз по конца года)
Интер РАО (дляФСК)
Промышленныепотребители
Транспорт
Нефтедобыча
Нефтепереработка
Нефтепроводы
Газопроводы
Сельскоехозяйство ипищеваяпромышленность
Непромышленныепотребители
Государственные(муниципальные)организации ипрочиебюджетныепотребители
Население иприравненныегруппыпотребителей
Территориальныесетевыеорганизации
Выручка по ПАО Россети на 2023 год
5 5
285 285
72 72
72 72
18 18
22 22
0 0
50 50
201 201
61 61
190 190
227 227
6 6
331 331
82 82
77 77
20 20
20 20
3 3
57 57
220 220
68 68
214 214
258 258
Факт прошлого года
Ожидаемое (прогноз по конца года)
Интер РАО (дляФСК)
Промышленныепотребители
Транспорт
Нефтедобыча
Нефтепереработка
Нефтепроводы
Газопроводы
Сельскоехозяйство ипищеваяпромышленность
Непромышленныепотребители
Государственные(муниципальные)организации ипрочиебюджетныепотребители
Население иприравненныегруппыпотребителей
Территориальныесетевыеорганизации
абс.
%
Прогноз на месяц 
Ноябрь
КПО/Отпуск из сети 
Котловой полезный отпуск, млн. кВт.ч
Организация 
Все
Прогноз электропотребления и выручки за услуги по передаче в разрезе отраслей'

30-03-2025T16:43:13 - [MESSAGE][PASSED] - Text of object 'Object Repository/Прогноз по отраслям/Виджеты дашборда' is: 'Год 
2023 год
Сравнение с 
Факт прошлого года
Отклонения по ПАО Россети на 2023 год
0.0 0.0
646.5 646.5
341.1 341.1
-2 455.6 -2 455.6
245.6 245.6
-1 796.0 -1 796.0
676.2 676.2
452.4 452.4
1 386.2 1 386.2
527.5 527.5
-1 130.4 -1 130.4
-128.7 -128.7
⬤ Отклонение, млн. кВт.ч
Интер РАО (для ФСК)
Промышленные потребители
Транспорт
Нефтедобыча
Нефтепереработка
Нефтепроводы
Газопроводы
Сельское хозяйство и пищевая пр…
Непромышленные потребители
Государственные (муниципальные…
Население и приравненные групп…
Территориальные сетевые органи…
Выручка отклонения по ПАО Россети на 2023 год
421.3 421.3
45 574.9 45 574.9
9 547.5 9 547.5
4 889.3 4 889.3
2 337.4 2 337.4
-1 682.6 -1 682.6
2 919.4 2 919.4
7 110.2 7 110.2
19 840.8 19 840.8
7 289.5 7 289.5
23 664.8 23 664.8
31 028.3 31 028.3
⬤ Отклонение, млн. руб.
Интер РАО (для ФСК)
Промышленные потребители
Транспорт
Нефтедобыча
Нефтепереработка
Нефтепроводы
Газопроводы
Сельское хозяйство и пищевая пр…
Непромышленные потребители
Государственные (муниципальные…
Население и приравненные групп…
Территориальные сетевые органи…
Динамика электропотребления, млрд. кВт.ч. по ПАО Россети на 2023 год
0 0
120 120
38 38
41 41
8 8
10 10
0 0
19 19
77 77
25 25
122 122
61 61
0 0
120 120
39 39
39 39
8 8
8 8
1 1
20 20
78 78
26 26
121 121
60 60
Факт прошлого года
Ожидаемое (прогноз по конца года)
Интер РАО (дляФСК)
Промышленныепотребители
Транспорт
Нефтедобыча
Нефтепереработка
Нефтепроводы
Газопроводы
Сельскоехозяйство ипищеваяпромышленность
Непромышленныепотребители
Государственные(муниципальные)организации ипрочиебюджетныепотребители
Население иприравненныегруппыпотребителей
Территориальныесетевыеорганизации
Выручка по ПАО Россети на 2023 год
5 5
285 285
72 72
72 72
18 18
22 22
0 0
50 50
201 201
61 61
190 190
227 227
6 6
331 331
82 82
77 77
20 20
20 20
3 3
57 57
220 220
68 68
214 214
258 258
Факт прошлого года
Ожидаемое (прогноз по конца года)
Интер РАО (дляФСК)
Промышленныепотребители
Транспорт
Нефтедобыча
Нефтепереработка
Нефтепроводы
Газопроводы
Сельскоехозяйство ипищеваяпромышленность
Непромышленныепотребители
Государственные(муниципальные)организации ипрочиебюджетныепотребители
Население иприравненныегруппыпотребителей
Территориальныесетевыеорганизации
абс.
%
Прогноз на месяц 
Ноябрь
КПО/Отпуск из сети 
Котловой полезный отпуск, млн. кВт.ч
Организация 
Все
Прогноз электропотребления и выручки за услуги по передаче в разрезе отраслей'

30-03-2025T16:43:13 - [TEST_STEP][PASSED] - a10 = a10.replaceAll("[^0-9]", ""): null

30-03-2025T16:43:13 - [TEST_STEP][PASSED] - println("a10:" + a10): null

30-03-2025T16:43:13 - [TEST_STEP][PASSED] - click(findTestObject("Прогноз по отраслям/Фильтр Сравнение с")): Object: 'Object Repository/Прогноз по отраслям/Фильтр Сравнение с' is clicked on

30-03-2025T16:43:13 - [MESSAGE][PASSED] - Object: 'Object Repository/Прогноз по отраслям/Фильтр Сравнение с' is clicked on

30-03-2025T16:43:13 - [TEST_STEP][PASSED] - click(findTestObject("Прогноз по отраслям/План")): Object: 'Object Repository/Прогноз по отраслям/План' is clicked on

30-03-2025T16:43:14 - [MESSAGE][PASSED] - Object: 'Object Repository/Прогноз по отраслям/План' is clicked on

30-03-2025T16:43:14 - [TEST_STEP][PASSED] - delay(40): Delayed 40 second(s)

30-03-2025T16:43:54 - [MESSAGE][PASSED] - Delayed 40 second(s)

30-03-2025T16:43:54 - [TEST_STEP][PASSED] - a11 = getText(findTestObject("Прогноз по отраслям/Виджеты дашборда")): Text of object 'Object Repository/Прогноз по отраслям/Виджеты дашборда' is: 'Год 
2023 год
Сравнение с 
План
Отклонения по ПАО Россети на 2023 год
0.0 0.0
1 471.7 1 471.7
1 186.5 1 186.5
32 445.2 32 445.2
1 268.3 1 268.3
349.4 349.4
84.3 84.3
239.8 239.8
2 969.4 2 969.4
589.2 589.2
-1 798.4 -1 798.4
5 359.3 5 359.3
⬤ Отклонение, млн. кВт.ч
Интер РАО (для ФСК)
Промышленные потребители
Транспорт
Нефтедобыча
Нефтепереработка
Нефтепроводы
Газопроводы
Сельское хозяйство и пищевая пр…
Непромышленные потребители
Государственные (муниципальные…
Население и приравненные групп…
Территориальные сетевые органи…
Выручка отклонения по ПАО Россети на 2023 год
794.9 794.9
12 195.0 12 195.0
972.7 972.7
61 803.9 61 803.9
4 222.3 4 222.3
-121.8 -121.8
666.2 666.2
873.2 873.2
5 809.6 5 809.6
1 342.6 1 342.6
-4 463.2 -4 463.2
18 375.5 18 375.5
⬤ Отклонение, млн. руб.
Интер РАО (для ФСК)
Промышленные потребители
Транспорт
Нефтедобыча
Нефтепереработка
Нефтепроводы
Газопроводы
Сельское хозяйство и пищевая пр…
Непромышленные потребители
Государственные (муниципальные…
Население и приравненные групп…
Территориальные сетевые органи…
Динамика электропотребления, млрд. кВт.ч. по ПАО Россети на 2023 год
0 0
119 119
37 37
7 7
7 7
8 8
1 1
19 19
75 75
25 25
123 123
55 55
0 0
120 120
39 39
39 39
8 8
8 8
1 1
20 20
78 78
26 26
121 121
60 60
План
Ожидаемое (прогноз по конца года)
Интер РАО (дляФСК)
Промышленныепотребители
Транспорт
Нефтедобыча
Нефтепереработка
Нефтепроводы
Газопроводы
Сельскоехозяйство ипищеваяпромышленность
Непромышленныепотребители
Государственные(муниципальные)организации ипрочиебюджетныепотребители
Население иприравненныегруппыпотребителей
Территориальныесетевыеорганизации
Выручка по ПАО Россети на 2023 год
5 5
319 319
81 81
16 16
16 16
20 20
2 2
56 56
215 215
67 67
218 218
239 239
6 6
331 331
82 82
77 77
20 20
20 20
3 3
57 57
220 220
68 68
214 214
258 258
План
Ожидаемое (прогноз по конца года)
Интер РАО (дляФСК)
Промышленныепотребители
Транспорт
Нефтедобыча
Нефтепереработка
Нефтепроводы
Газопроводы
Сельскоехозяйство ипищеваяпромышленность
Непромышленныепотребители
Государственные(муниципальные)организации ипрочиебюджетныепотребители
Население иприравненныегруппыпотребителей
Территориальныесетевыеорганизации
абс.
%
Прогноз на месяц 
Ноябрь
КПО/Отпуск из сети 
Котловой полезный отпуск, млн. кВт.ч
Организация 
Все
Прогноз электропотребления и выручки за услуги по передаче в разрезе отраслей'

30-03-2025T16:43:55 - [MESSAGE][PASSED] - Text of object 'Object Repository/Прогноз по отраслям/Виджеты дашборда' is: 'Год 
2023 год
Сравнение с 
План
Отклонения по ПАО Россети на 2023 год
0.0 0.0
1 471.7 1 471.7
1 186.5 1 186.5
32 445.2 32 445.2
1 268.3 1 268.3
349.4 349.4
84.3 84.3
239.8 239.8
2 969.4 2 969.4
589.2 589.2
-1 798.4 -1 798.4
5 359.3 5 359.3
⬤ Отклонение, млн. кВт.ч
Интер РАО (для ФСК)
Промышленные потребители
Транспорт
Нефтедобыча
Нефтепереработка
Нефтепроводы
Газопроводы
Сельское хозяйство и пищевая пр…
Непромышленные потребители
Государственные (муниципальные…
Население и приравненные групп…
Территориальные сетевые органи…
Выручка отклонения по ПАО Россети на 2023 год
794.9 794.9
12 195.0 12 195.0
972.7 972.7
61 803.9 61 803.9
4 222.3 4 222.3
-121.8 -121.8
666.2 666.2
873.2 873.2
5 809.6 5 809.6
1 342.6 1 342.6
-4 463.2 -4 463.2
18 375.5 18 375.5
⬤ Отклонение, млн. руб.
Интер РАО (для ФСК)
Промышленные потребители
Транспорт
Нефтедобыча
Нефтепереработка
Нефтепроводы
Газопроводы
Сельское хозяйство и пищевая пр…
Непромышленные потребители
Государственные (муниципальные…
Население и приравненные групп…
Территориальные сетевые органи…
Динамика электропотребления, млрд. кВт.ч. по ПАО Россети на 2023 год
0 0
119 119
37 37
7 7
7 7
8 8
1 1
19 19
75 75
25 25
123 123
55 55
0 0
120 120
39 39
39 39
8 8
8 8
1 1
20 20
78 78
26 26
121 121
60 60
План
Ожидаемое (прогноз по конца года)
Интер РАО (дляФСК)
Промышленныепотребители
Транспорт
Нефтедобыча
Нефтепереработка
Нефтепроводы
Газопроводы
Сельскоехозяйство ипищеваяпромышленность
Непромышленныепотребители
Государственные(муниципальные)организации ипрочиебюджетныепотребители
Население иприравненныегруппыпотребителей
Территориальныесетевыеорганизации
Выручка по ПАО Россети на 2023 год
5 5
319 319
81 81
16 16
16 16
20 20
2 2
56 56
215 215
67 67
218 218
239 239
6 6
331 331
82 82
77 77
20 20
20 20
3 3
57 57
220 220
68 68
214 214
258 258
План
Ожидаемое (прогноз по конца года)
Интер РАО (дляФСК)
Промышленныепотребители
Транспорт
Нефтедобыча
Нефтепереработка
Нефтепроводы
Газопроводы
Сельскоехозяйство ипищеваяпромышленность
Непромышленныепотребители
Государственные(муниципальные)организации ипрочиебюджетныепотребители
Население иприравненныегруппыпотребителей
Территориальныесетевыеорганизации
абс.
%
Прогноз на месяц 
Ноябрь
КПО/Отпуск из сети 
Котловой полезный отпуск, млн. кВт.ч
Организация 
Все
Прогноз электропотребления и выручки за услуги по передаче в разрезе отраслей'

30-03-2025T16:43:55 - [TEST_STEP][PASSED] - println("a11:" + a11): null

30-03-2025T16:43:55 - [TEST_STEP][PASSED] - a11 = a11.replaceAll("[^0-9]", ""): null

30-03-2025T16:43:55 - [TEST_STEP][PASSED] - println("a11:" + a11): null

30-03-2025T16:43:55 - [TEST_STEP][PASSED] - click(findTestObject("Прогноз по отраслям/Фильтр Сравнение с")): Object: 'Object Repository/Прогноз по отраслям/Фильтр Сравнение с' is clicked on

30-03-2025T16:43:55 - [MESSAGE][PASSED] - Object: 'Object Repository/Прогноз по отраслям/Фильтр Сравнение с' is clicked on

30-03-2025T16:43:55 - [TEST_STEP][PASSED] - click(findTestObject("Прогноз по отраслям/План СУ")): Object: 'Object Repository/Прогноз по отраслям/План СУ' is clicked on

30-03-2025T16:43:56 - [MESSAGE][PASSED] - Object: 'Object Repository/Прогноз по отраслям/План СУ' is clicked on

30-03-2025T16:43:56 - [TEST_STEP][PASSED] - delay(40): Delayed 40 second(s)

30-03-2025T16:44:36 - [MESSAGE][PASSED] - Delayed 40 second(s)

30-03-2025T16:44:36 - [TEST_STEP][PASSED] - a12 = getText(findTestObject("Прогноз по отраслям/Виджеты дашборда")): Text of object 'Object Repository/Прогноз по отраслям/Виджеты дашборда' is: 'Год 
2023 год
Сравнение с 
План/СУ
Отклонения по ПАО Россети на 2023 год
0.0 0.0
120 322.6 120 322.6
38 655.4 38 655.4
39 037.8 39 037.8
8 291.7 8 291.7
8 259.5 8 259.5
793.1 793.1
19 706.6 19 706.6
78 310.2 78 310.2
25 579.5 25 579.5
121 219.7 121 219.7
60 414.9 60 414.9
⬤ Отклонение, млн. кВт.ч
Интер РАО (для ФСК)
Промышленные потребители
Транспорт
Нефтедобыча
Нефтепереработка
Нефтепроводы
Газопроводы
Сельское хозяйство и пищевая пр…
Непромышленные потребители
Государственные (муниципальные…
Население и приравненные групп…
Территориальные сетевые органи…
Выручка отклонения по ПАО Россети на 2023 год
⬤ Отклонение, млн. руб.
Интер РАО (для ФСК)
Промышленные потребители
Транспорт
Нефтедобыча
Нефтепереработка
Нефтепроводы
Газопроводы
Сельское хозяйство и пищевая пр…
Непромышленные потребители
Государственные (муниципальные…
Население и приравненные групп…
Территориальные сетевые органи…
Динамика электропотребления, млрд. кВт.ч. по ПАО Россети на 2023 год
0 0
0 0
0 0
0 0
0 0
0 0
0 0
0 0
0 0
0 0
0 0
0 0
0 0
120 120
39 39
39 39
8 8
8 8
1 1
20 20
78 78
26 26
121 121
60 60
СУ
Ожидаемое (прогноз по конца года)
Интер РАО (дляФСК)
Промышленныепотребители
Транспорт
Нефтедобыча
Нефтепереработка
Нефтепроводы
Газопроводы
Сельскоехозяйство ипищеваяпромышленность
Непромышленныепотребители
Государственные(муниципальные)организации ипрочиебюджетныепотребители
Население иприравненныегруппыпотребителей
Территориальныесетевыеорганизации
Выручка по ПАО Россети на 2023 год
6 6
331 331
82 82
77 77
20 20
20 20
3 3
57 57
220 220
68 68
214 214
258 258
Ожидаемое (прогноз по конца года)
Интер РАО (дляФСК)
Промышленныепотребители
Транспорт
Нефтедобыча
Нефтепереработка
Нефтепроводы
Газопроводы
Сельскоехозяйство ипищеваяпромышленность
Непромышленныепотребители
Государственные(муниципальные)организации ипрочиебюджетныепотребители
Население иприравненныегруппыпотребителей
Территориальныесетевыеорганизации
абс.
%
Прогноз на месяц 
Ноябрь
КПО/Отпуск из сети 
Котловой полезный отпуск, млн. кВт.ч
Организация 
Все
Прогноз электропотребления и выручки за услуги по передаче в разрезе отраслей'

30-03-2025T16:44:37 - [MESSAGE][PASSED] - Text of object 'Object Repository/Прогноз по отраслям/Виджеты дашборда' is: 'Год 
2023 год
Сравнение с 
План/СУ
Отклонения по ПАО Россети на 2023 год
0.0 0.0
120 322.6 120 322.6
38 655.4 38 655.4
39 037.8 39 037.8
8 291.7 8 291.7
8 259.5 8 259.5
793.1 793.1
19 706.6 19 706.6
78 310.2 78 310.2
25 579.5 25 579.5
121 219.7 121 219.7
60 414.9 60 414.9
⬤ Отклонение, млн. кВт.ч
Интер РАО (для ФСК)
Промышленные потребители
Транспорт
Нефтедобыча
Нефтепереработка
Нефтепроводы
Газопроводы
Сельское хозяйство и пищевая пр…
Непромышленные потребители
Государственные (муниципальные…
Население и приравненные групп…
Территориальные сетевые органи…
Выручка отклонения по ПАО Россети на 2023 год
⬤ Отклонение, млн. руб.
Интер РАО (для ФСК)
Промышленные потребители
Транспорт
Нефтедобыча
Нефтепереработка
Нефтепроводы
Газопроводы
Сельское хозяйство и пищевая пр…
Непромышленные потребители
Государственные (муниципальные…
Население и приравненные групп…
Территориальные сетевые органи…
Динамика электропотребления, млрд. кВт.ч. по ПАО Россети на 2023 год
0 0
0 0
0 0
0 0
0 0
0 0
0 0
0 0
0 0
0 0
0 0
0 0
0 0
120 120
39 39
39 39
8 8
8 8
1 1
20 20
78 78
26 26
121 121
60 60
СУ
Ожидаемое (прогноз по конца года)
Интер РАО (дляФСК)
Промышленныепотребители
Транспорт
Нефтедобыча
Нефтепереработка
Нефтепроводы
Газопроводы
Сельскоехозяйство ипищеваяпромышленность
Непромышленныепотребители
Государственные(муниципальные)организации ипрочиебюджетныепотребители
Население иприравненныегруппыпотребителей
Территориальныесетевыеорганизации
Выручка по ПАО Россети на 2023 год
6 6
331 331
82 82
77 77
20 20
20 20
3 3
57 57
220 220
68 68
214 214
258 258
Ожидаемое (прогноз по конца года)
Интер РАО (дляФСК)
Промышленныепотребители
Транспорт
Нефтедобыча
Нефтепереработка
Нефтепроводы
Газопроводы
Сельскоехозяйство ипищеваяпромышленность
Непромышленныепотребители
Государственные(муниципальные)организации ипрочиебюджетныепотребители
Население иприравненныегруппыпотребителей
Территориальныесетевыеорганизации
абс.
%
Прогноз на месяц 
Ноябрь
КПО/Отпуск из сети 
Котловой полезный отпуск, млн. кВт.ч
Организация 
Все
Прогноз электропотребления и выручки за услуги по передаче в разрезе отраслей'

30-03-2025T16:44:37 - [TEST_STEP][PASSED] - a12 = a12.replaceAll("[^0-9]", ""): null

30-03-2025T16:44:37 - [TEST_STEP][PASSED] - println("a12:" + a12): null

30-03-2025T16:44:37 - [TEST_STEP][PASSED] - navigateToUrl(findTestData("PlanFact").getValue(10, 12)): Navigate to 'https://bi.rosseti.digital/viewer?dashboardGuid=d218b6eb1b7845df8f1994d6a65c072b&sheetGuid=3059d1e0f28043ee8c80901707e9c246&fit=true' successfully

30-03-2025T16:44:37 - [MESSAGE][PASSED] - Navigate to 'https://bi.rosseti.digital/viewer?dashboardGuid=d218b6eb1b7845df8f1994d6a65c072b&sheetGuid=3059d1e0f28043ee8c80901707e9c246&fit=true' successfully

30-03-2025T16:44:37 - [TEST_STEP][PASSED] - delay(50): Delayed 50 second(s)

30-03-2025T16:45:27 - [MESSAGE][PASSED] - Delayed 50 second(s)

30-03-2025T16:45:27 - [TEST_STEP][PASSED] - click(findTestObject("Прогноз по отраслям/Фильтр месяц Стресс")): Object: 'Object Repository/Прогноз по отраслям/Фильтр месяц Стресс' is clicked on

30-03-2025T16:45:28 - [MESSAGE][PASSED] - Object: 'Object Repository/Прогноз по отраслям/Фильтр месяц Стресс' is clicked on

30-03-2025T16:45:28 - [TEST_STEP][PASSED] - scrollToElement(findTestObject("Прогноз по отраслям/Ноябрь Стресс"), 30): Scroll to object 'Object Repository/Прогноз по отраслям/Ноябрь Стресс' successfully

30-03-2025T16:45:28 - [MESSAGE][PASSED] - Scroll to object 'Object Repository/Прогноз по отраслям/Ноябрь Стресс' successfully

30-03-2025T16:45:28 - [TEST_STEP][PASSED] - click(findTestObject("Прогноз по отраслям/Ноябрь Стресс")): Object: 'Object Repository/Прогноз по отраслям/Ноябрь Стресс' is clicked on

30-03-2025T16:45:30 - [MESSAGE][PASSED] - Object: 'Object Repository/Прогноз по отраслям/Ноябрь Стресс' is clicked on

30-03-2025T16:45:30 - [TEST_STEP][PASSED] - scrollToElement(findTestObject("Прогноз по отраслям/Заголовок дашборда Стресс"), 30): Scroll to object 'Object Repository/Прогноз по отраслям/Заголовок дашборда Стресс' successfully

30-03-2025T16:45:31 - [MESSAGE][PASSED] - Scroll to object 'Object Repository/Прогноз по отраслям/Заголовок дашборда Стресс' successfully

30-03-2025T16:45:31 - [TEST_STEP][PASSED] - click(findTestObject("Прогноз по отраслям/Фильтр Сравнение с Стресс")): Object: 'Object Repository/Прогноз по отраслям/Фильтр Сравнение с Стресс' is clicked on

30-03-2025T16:45:31 - [MESSAGE][PASSED] - Object: 'Object Repository/Прогноз по отраслям/Фильтр Сравнение с Стресс' is clicked on

30-03-2025T16:45:31 - [TEST_STEP][PASSED] - click(findTestObject("Прогноз по отраслям/Факт прошлого года Стресс")): Object: 'Object Repository/Прогноз по отраслям/Факт прошлого года Стресс' is clicked on

30-03-2025T16:45:33 - [MESSAGE][PASSED] - Object: 'Object Repository/Прогноз по отраслям/Факт прошлого года Стресс' is clicked on

30-03-2025T16:45:33 - [TEST_STEP][PASSED] - click(findTestObject("Прогноз по отраслям/Фильтр КПО-Отпуск Стресс")): Object: 'Object Repository/Прогноз по отраслям/Фильтр КПО-Отпуск Стресс' is clicked on

30-03-2025T16:45:33 - [MESSAGE][PASSED] - Object: 'Object Repository/Прогноз по отраслям/Фильтр КПО-Отпуск Стресс' is clicked on

30-03-2025T16:45:33 - [TEST_STEP][PASSED] - click(findTestObject("Прогноз по отраслям/Отпуск Стресс")): Object: 'Object Repository/Прогноз по отраслям/Отпуск Стресс' is clicked on

30-03-2025T16:45:35 - [MESSAGE][PASSED] - Object: 'Object Repository/Прогноз по отраслям/Отпуск Стресс' is clicked on

30-03-2025T16:45:35 - [TEST_STEP][PASSED] - delay(40): Delayed 40 second(s)

30-03-2025T16:46:15 - [MESSAGE][PASSED] - Delayed 40 second(s)

30-03-2025T16:46:15 - [TEST_STEP][PASSED] - b1 = getText(findTestObject("Прогноз по отраслям/Виджеты дашборда")): Text of object 'Object Repository/Прогноз по отраслям/Виджеты дашборда' is: 'Год 
2023 год
Сравнение с 
Факт прошлого года
Динамика электропотребления, млрд. кВт.ч., по ПАО Россети на 2023 год
12 12
186 186
36 36
50 50
10 10
19 19
0 0
17 17
85 85
19 19
82 82
604 604
10 10
197 197
37 37
48 48
10 10
15 15
4 4
18 18
80 80
19 19
82 82
608 608
Факт прошлого года
Ожидаемое (прогноз до конца года)
Интер РАО(для ФСК)
Промышленныепотребители
Транспорт
Нефтедобыча
Нефтеперераб…
Нефтепроводы
Газопроводы
Сельское хозя…
Непромышлен…
Государственн…
Население иприравненныегруппыпотребителей
Территориальн…
Выручка, млрд. руб, по ПАО Россети на 2023 год
5 5
285 285
72 72
72 72
18 18
22 22
0 0
50 50
201 201
61 61
190 190
227 227
6 6
331 331
82 82
77 77
20 20
20 20
3 3
57 57
220 220
68 68
214 214
258 258
Факт прошлого года
Ожидаемое (прогноз до конца года)
Интер РАО(для ФСК)
Промышленныепотребители
Транспорт
Нефтедобыча
Нефтеперераб…
Нефтепроводы
Газопроводы
Сельское хозя…
Непромышлен…
Государственн…
Население иприравненныегруппыпотребителей
Территориальн…
Отклонения по ПАО Россети на 2023 год
-18.5% -18.5%
5.9% 5.9%
3.6% 3.6%
-3.9% -3.9%
0.9% 0.9%
-20.7% -20.7%
3 313.2% 3 313.2%
3.8% 3.8%
-5.6% -5.6%
1.3% 1.3%
-0.9% -0.9%
0.7% 0.7%
⬤ Отклонение, %
Интер РАО (для ФСК)
Промышленные потребители
Транспорт
Нефтедобыча
Нефтепереработка
Нефтепроводы
Газопроводы
Сельское хозяйство и пищевая про…
Непромышленные потребители
Государственные (муниципальные)…
Население и приравненные группы…
Территориальные сетевые организ…
Выручка отклонения по ПАО Россети на 2023 год
7.7% 7.7%
16.0% 16.0%
13.2% 13.2%
6.7% 6.7%
13.3% 13.3%
-7.7% -7.7%
1 331.5% 1 331.5%
14.2% 14.2%
9.9% 9.9%
12.0% 12.0%
12.4% 12.4%
13.7% 13.7%
⬤ Отклонение, %
Интер РАО (для ФСК)
Промышленные потребители
Транспорт
Нефтедобыча
Нефтепереработка
Нефтепроводы
Газопроводы
Сельское хозяйство и пищевая про…
Непромышленные потребители
Государственные (муниципальные)…
Население и приравненные группы…
Территориальные сетевые организ…
абс.
%
Прогноз на месяц 
Ноябрь
КПО/Отпуск из сети 
Отпуск из сети, млн. кВт.ч
Организация 
Все
Прогноз электропотребления и выручки за услуги по передаче в разрезе отраслей'

30-03-2025T16:46:15 - [MESSAGE][PASSED] - Text of object 'Object Repository/Прогноз по отраслям/Виджеты дашборда' is: 'Год 
2023 год
Сравнение с 
Факт прошлого года
Динамика электропотребления, млрд. кВт.ч., по ПАО Россети на 2023 год
12 12
186 186
36 36
50 50
10 10
19 19
0 0
17 17
85 85
19 19
82 82
604 604
10 10
197 197
37 37
48 48
10 10
15 15
4 4
18 18
80 80
19 19
82 82
608 608
Факт прошлого года
Ожидаемое (прогноз до конца года)
Интер РАО(для ФСК)
Промышленныепотребители
Транспорт
Нефтедобыча
Нефтеперераб…
Нефтепроводы
Газопроводы
Сельское хозя…
Непромышлен…
Государственн…
Население иприравненныегруппыпотребителей
Территориальн…
Выручка, млрд. руб, по ПАО Россети на 2023 год
5 5
285 285
72 72
72 72
18 18
22 22
0 0
50 50
201 201
61 61
190 190
227 227
6 6
331 331
82 82
77 77
20 20
20 20
3 3
57 57
220 220
68 68
214 214
258 258
Факт прошлого года
Ожидаемое (прогноз до конца года)
Интер РАО(для ФСК)
Промышленныепотребители
Транспорт
Нефтедобыча
Нефтеперераб…
Нефтепроводы
Газопроводы
Сельское хозя…
Непромышлен…
Государственн…
Население иприравненныегруппыпотребителей
Территориальн…
Отклонения по ПАО Россети на 2023 год
-18.5% -18.5%
5.9% 5.9%
3.6% 3.6%
-3.9% -3.9%
0.9% 0.9%
-20.7% -20.7%
3 313.2% 3 313.2%
3.8% 3.8%
-5.6% -5.6%
1.3% 1.3%
-0.9% -0.9%
0.7% 0.7%
⬤ Отклонение, %
Интер РАО (для ФСК)
Промышленные потребители
Транспорт
Нефтедобыча
Нефтепереработка
Нефтепроводы
Газопроводы
Сельское хозяйство и пищевая про…
Непромышленные потребители
Государственные (муниципальные)…
Население и приравненные группы…
Территориальные сетевые организ…
Выручка отклонения по ПАО Россети на 2023 год
7.7% 7.7%
16.0% 16.0%
13.2% 13.2%
6.7% 6.7%
13.3% 13.3%
-7.7% -7.7%
1 331.5% 1 331.5%
14.2% 14.2%
9.9% 9.9%
12.0% 12.0%
12.4% 12.4%
13.7% 13.7%
⬤ Отклонение, %
Интер РАО (для ФСК)
Промышленные потребители
Транспорт
Нефтедобыча
Нефтепереработка
Нефтепроводы
Газопроводы
Сельское хозяйство и пищевая про…
Непромышленные потребители
Государственные (муниципальные)…
Население и приравненные группы…
Территориальные сетевые организ…
абс.
%
Прогноз на месяц 
Ноябрь
КПО/Отпуск из сети 
Отпуск из сети, млн. кВт.ч
Организация 
Все
Прогноз электропотребления и выручки за услуги по передаче в разрезе отраслей'

30-03-2025T16:46:15 - [TEST_STEP][PASSED] - b1 = b1.replaceAll("[^0-9]", ""): null

30-03-2025T16:46:15 - [TEST_STEP][PASSED] - println("b1:" + b1): null

30-03-2025T16:46:15 - [TEST_STEP][PASSED] - click(findTestObject("Прогноз по отраслям/Фильтр Сравнение с Стресс")): Object: 'Object Repository/Прогноз по отраслям/Фильтр Сравнение с Стресс' is clicked on

30-03-2025T16:46:16 - [MESSAGE][PASSED] - Object: 'Object Repository/Прогноз по отраслям/Фильтр Сравнение с Стресс' is clicked on

30-03-2025T16:46:16 - [TEST_STEP][PASSED] - click(findTestObject("Прогноз по отраслям/План Стресс")): Object: 'Object Repository/Прогноз по отраслям/План Стресс' is clicked on

30-03-2025T16:46:17 - [MESSAGE][PASSED] - Object: 'Object Repository/Прогноз по отраслям/План Стресс' is clicked on

30-03-2025T16:46:17 - [TEST_STEP][PASSED] - delay(40): Delayed 40 second(s)

30-03-2025T16:46:57 - [MESSAGE][PASSED] - Delayed 40 second(s)

30-03-2025T16:46:57 - [TEST_STEP][PASSED] - b2 = getText(findTestObject("Прогноз по отраслям/Виджеты дашборда")): Text of object 'Object Repository/Прогноз по отраслям/Виджеты дашборда' is: 'Год 
2023 год
Сравнение с 
План
Динамика электропотребления, млрд. кВт.ч., по ПАО Россети на 2023 год
10 10
190 190
36 36
14 14
9 9
14 14
4 4
17 17
80 80
19 19
82 82
588 588
10 10
197 197
37 37
48 48
10 10
15 15
4 4
18 18
80 80
19 19
82 82
608 608
План
Ожидаемое (прогноз до конца года)
Интер РАО(для ФСК)
Промышленныепотребители
Транспорт
Нефтедобыча
Нефтеперераб…
Нефтепроводы
Газопроводы
Сельское хозя…
Непромышлен…
Государственн…
Население иприравненныегруппыпотребителей
Территориальн…
Выручка, млрд. руб, по ПАО Россети на 2023 год
5 5
319 319
81 81
16 16
16 16
20 20
2 2
56 56
215 215
67 67
218 218
239 239
6 6
331 331
82 82
77 77
20 20
20 20
3 3
57 57
220 220
68 68
214 214
258 258
План
Ожидаемое (прогноз до конца года)
Интер РАО(для ФСК)
Промышленныепотребители
Транспорт
Нефтедобыча
Нефтеперераб…
Нефтепроводы
Газопроводы
Сельское хозя…
Непромышлен…
Государственн…
Население иприравненныегруппыпотребителей
Территориальн…
Отклонения по ПАО Россети на 2023 год
-4.7% -4.7%
3.8% 3.8%
1.9% 1.9%
230.3% 230.3%
10.9% 10.9%
4.2% 4.2%
21.7% 21.7%
3.9% 3.9%
-0.6% -0.6%
1.6% 1.6%
-1.0% -1.0%
3.3% 3.3%
⬤ Отклонение, %
Интер РАО (для ФСК)
Промышленные потребители
Транспорт
Нефтедобыча
Нефтепереработка
Нефтепроводы
Газопроводы
Сельское хозяйство и пищевая про…
Непромышленные потребители
Государственные (муниципальные)…
Население и приравненные группы…
Территориальные сетевые организ…
Выручка отклонения по ПАО Россети на 2023 год
15.6% 15.6%
3.8% 3.8%
1.2% 1.2%
398.2% 398.2%
26.9% 26.9%
-0.6% -0.6%
26.9% 26.9%
1.5% 1.5%
2.7% 2.7%
2.0% 2.0%
-2.0% -2.0%
7.9% 7.9%
⬤ Отклонение, %
Интер РАО (для ФСК)
Промышленные потребители
Транспорт
Нефтедобыча
Нефтепереработка
Нефтепроводы
Газопроводы
Сельское хозяйство и пищевая про…
Непромышленные потребители
Государственные (муниципальные)…
Население и приравненные группы…
Территориальные сетевые организ…
абс.
%
Прогноз на месяц 
Ноябрь
КПО/Отпуск из сети 
Отпуск из сети, млн. кВт.ч
Организация 
Все
Прогноз электропотребления и выручки за услуги по передаче в разрезе отраслей'

30-03-2025T16:46:58 - [MESSAGE][PASSED] - Text of object 'Object Repository/Прогноз по отраслям/Виджеты дашборда' is: 'Год 
2023 год
Сравнение с 
План
Динамика электропотребления, млрд. кВт.ч., по ПАО Россети на 2023 год
10 10
190 190
36 36
14 14
9 9
14 14
4 4
17 17
80 80
19 19
82 82
588 588
10 10
197 197
37 37
48 48
10 10
15 15
4 4
18 18
80 80
19 19
82 82
608 608
План
Ожидаемое (прогноз до конца года)
Интер РАО(для ФСК)
Промышленныепотребители
Транспорт
Нефтедобыча
Нефтеперераб…
Нефтепроводы
Газопроводы
Сельское хозя…
Непромышлен…
Государственн…
Население иприравненныегруппыпотребителей
Территориальн…
Выручка, млрд. руб, по ПАО Россети на 2023 год
5 5
319 319
81 81
16 16
16 16
20 20
2 2
56 56
215 215
67 67
218 218
239 239
6 6
331 331
82 82
77 77
20 20
20 20
3 3
57 57
220 220
68 68
214 214
258 258
План
Ожидаемое (прогноз до конца года)
Интер РАО(для ФСК)
Промышленныепотребители
Транспорт
Нефтедобыча
Нефтеперераб…
Нефтепроводы
Газопроводы
Сельское хозя…
Непромышлен…
Государственн…
Население иприравненныегруппыпотребителей
Территориальн…
Отклонения по ПАО Россети на 2023 год
-4.7% -4.7%
3.8% 3.8%
1.9% 1.9%
230.3% 230.3%
10.9% 10.9%
4.2% 4.2%
21.7% 21.7%
3.9% 3.9%
-0.6% -0.6%
1.6% 1.6%
-1.0% -1.0%
3.3% 3.3%
⬤ Отклонение, %
Интер РАО (для ФСК)
Промышленные потребители
Транспорт
Нефтедобыча
Нефтепереработка
Нефтепроводы
Газопроводы
Сельское хозяйство и пищевая про…
Непромышленные потребители
Государственные (муниципальные)…
Население и приравненные группы…
Территориальные сетевые организ…
Выручка отклонения по ПАО Россети на 2023 год
15.6% 15.6%
3.8% 3.8%
1.2% 1.2%
398.2% 398.2%
26.9% 26.9%
-0.6% -0.6%
26.9% 26.9%
1.5% 1.5%
2.7% 2.7%
2.0% 2.0%
-2.0% -2.0%
7.9% 7.9%
⬤ Отклонение, %
Интер РАО (для ФСК)
Промышленные потребители
Транспорт
Нефтедобыча
Нефтепереработка
Нефтепроводы
Газопроводы
Сельское хозяйство и пищевая про…
Непромышленные потребители
Государственные (муниципальные)…
Население и приравненные группы…
Территориальные сетевые организ…
абс.
%
Прогноз на месяц 
Ноябрь
КПО/Отпуск из сети 
Отпуск из сети, млн. кВт.ч
Организация 
Все
Прогноз электропотребления и выручки за услуги по передаче в разрезе отраслей'

30-03-2025T16:46:58 - [TEST_STEP][PASSED] - b2 = b2.replaceAll("[^0-9]", ""): null

30-03-2025T16:46:58 - [TEST_STEP][PASSED] - println("b2:" + b2): null

30-03-2025T16:46:58 - [TEST_STEP][PASSED] - click(findTestObject("Прогноз по отраслям/Фильтр Сравнение с Стресс")): Object: 'Object Repository/Прогноз по отраслям/Фильтр Сравнение с Стресс' is clicked on

30-03-2025T16:46:58 - [MESSAGE][PASSED] - Object: 'Object Repository/Прогноз по отраслям/Фильтр Сравнение с Стресс' is clicked on

30-03-2025T16:46:58 - [TEST_STEP][PASSED] - click(findTestObject("Прогноз по отраслям/План СУ Стресс")): Object: 'Object Repository/Прогноз по отраслям/План СУ Стресс' is clicked on

30-03-2025T16:47:00 - [MESSAGE][PASSED] - Object: 'Object Repository/Прогноз по отраслям/План СУ Стресс' is clicked on

30-03-2025T16:47:00 - [TEST_STEP][PASSED] - delay(40): Delayed 40 second(s)

30-03-2025T16:47:40 - [MESSAGE][PASSED] - Delayed 40 second(s)

30-03-2025T16:47:40 - [TEST_STEP][PASSED] - b3 = getText(findTestObject("Прогноз по отраслям/Виджеты дашборда")): Text of object 'Object Repository/Прогноз по отраслям/Виджеты дашборда' is: 'Год 
2023 год
Сравнение с 
План/СУ
Динамика электропотребления, млрд. кВт.ч., по ПАО Россети на 2023 год
10 10
181 181
36 36
15 15
9 9
14 14
4 4
16 16
86 86
19 19
79 79
586 586
10 10
197 197
37 37
48 48
10 10
15 15
4 4
18 18
80 80
19 19
82 82
608 608
СУ
Ожидаемое (прогноз до конца года)
Интер РАО(для ФСК)
Промышленныепотребители
Транспорт
Нефтедобыча
Нефтеперераб…
Нефтепроводы
Газопроводы
Сельское хозя…
Непромышлен…
Государственн…
Население иприравненныегруппыпотребителей
Территориальн…
Выручка, млрд. руб, по ПАО Россети на 2023 год
6 6
331 331
82 82
77 77
20 20
20 20
3 3
57 57
220 220
68 68
214 214
258 258
Ожидаемое (прогноз до конца года)
Интер РАО(для ФСК)
Промышленныепотребители
Транспорт
Нефтедобыча
Нефтеперераб…
Нефтепроводы
Газопроводы
Сельское хозя…
Непромышлен…
Государственн…
Население иприравненныегруппыпотребителей
Территориальн…
Отклонения по ПАО Россети на 2023 год
2.5% 2.5%
8.9% 8.9%
3.5% 3.5%
221.4% 221.4%
12.8% 12.8%
6.9% 6.9%
13.5% 13.5%
8.1% 8.1%
-6.9% -6.9%
2.3% 2.3%
3.1% 3.1%
3.8% 3.8%
⬤ Отклонение, %
Интер РАО (для ФСК)
Промышленные потребители
Транспорт
Нефтедобыча
Нефтепереработка
Нефтепроводы
Газопроводы
Сельское хозяйство и пищевая про…
Непромышленные потребители
Государственные (муниципальные)…
Население и приравненные группы…
Территориальные сетевые организ…
Выручка отклонения по ПАО Россети на 2023 год
⬤ Отклонение, %
Интер РАО (для ФСК)
Промышленные потребители
Транспорт
Нефтедобыча
Нефтепереработка
Нефтепроводы
Газопроводы
Сельское хозяйство и пищевая про…
Непромышленные потребители
Государственные (муниципальные)…
Население и приравненные группы…
Территориальные сетевые организ…
абс.
%
Прогноз на месяц 
Ноябрь
КПО/Отпуск из сети 
Отпуск из сети, млн. кВт.ч
Организация 
Все
Прогноз электропотребления и выручки за услуги по передаче в разрезе отраслей'

30-03-2025T16:47:40 - [MESSAGE][PASSED] - Text of object 'Object Repository/Прогноз по отраслям/Виджеты дашборда' is: 'Год 
2023 год
Сравнение с 
План/СУ
Динамика электропотребления, млрд. кВт.ч., по ПАО Россети на 2023 год
10 10
181 181
36 36
15 15
9 9
14 14
4 4
16 16
86 86
19 19
79 79
586 586
10 10
197 197
37 37
48 48
10 10
15 15
4 4
18 18
80 80
19 19
82 82
608 608
СУ
Ожидаемое (прогноз до конца года)
Интер РАО(для ФСК)
Промышленныепотребители
Транспорт
Нефтедобыча
Нефтеперераб…
Нефтепроводы
Газопроводы
Сельское хозя…
Непромышлен…
Государственн…
Население иприравненныегруппыпотребителей
Территориальн…
Выручка, млрд. руб, по ПАО Россети на 2023 год
6 6
331 331
82 82
77 77
20 20
20 20
3 3
57 57
220 220
68 68
214 214
258 258
Ожидаемое (прогноз до конца года)
Интер РАО(для ФСК)
Промышленныепотребители
Транспорт
Нефтедобыча
Нефтеперераб…
Нефтепроводы
Газопроводы
Сельское хозя…
Непромышлен…
Государственн…
Население иприравненныегруппыпотребителей
Территориальн…
Отклонения по ПАО Россети на 2023 год
2.5% 2.5%
8.9% 8.9%
3.5% 3.5%
221.4% 221.4%
12.8% 12.8%
6.9% 6.9%
13.5% 13.5%
8.1% 8.1%
-6.9% -6.9%
2.3% 2.3%
3.1% 3.1%
3.8% 3.8%
⬤ Отклонение, %
Интер РАО (для ФСК)
Промышленные потребители
Транспорт
Нефтедобыча
Нефтепереработка
Нефтепроводы
Газопроводы
Сельское хозяйство и пищевая про…
Непромышленные потребители
Государственные (муниципальные)…
Население и приравненные группы…
Территориальные сетевые организ…
Выручка отклонения по ПАО Россети на 2023 год
⬤ Отклонение, %
Интер РАО (для ФСК)
Промышленные потребители
Транспорт
Нефтедобыча
Нефтепереработка
Нефтепроводы
Газопроводы
Сельское хозяйство и пищевая про…
Непромышленные потребители
Государственные (муниципальные)…
Население и приравненные группы…
Территориальные сетевые организ…
абс.
%
Прогноз на месяц 
Ноябрь
КПО/Отпуск из сети 
Отпуск из сети, млн. кВт.ч
Организация 
Все
Прогноз электропотребления и выручки за услуги по передаче в разрезе отраслей'

30-03-2025T16:47:40 - [TEST_STEP][PASSED] - b3 = b3.replaceAll("[^0-9]", ""): null

30-03-2025T16:47:40 - [TEST_STEP][PASSED] - println("b3:" + b3): null

30-03-2025T16:47:40 - [TEST_STEP][PASSED] - click(findTestObject("Прогноз по отраслям/Фильтр Сравнение с Стресс")): Object: 'Object Repository/Прогноз по отраслям/Фильтр Сравнение с Стресс' is clicked on

30-03-2025T16:47:40 - [MESSAGE][PASSED] - Object: 'Object Repository/Прогноз по отраслям/Фильтр Сравнение с Стресс' is clicked on

30-03-2025T16:47:40 - [TEST_STEP][PASSED] - click(findTestObject("Прогноз по отраслям/Факт прошлого года Стресс")): Object: 'Object Repository/Прогноз по отраслям/Факт прошлого года Стресс' is clicked on

30-03-2025T16:47:42 - [MESSAGE][PASSED] - Object: 'Object Repository/Прогноз по отраслям/Факт прошлого года Стресс' is clicked on

30-03-2025T16:47:42 - [TEST_STEP][PASSED] - click(findTestObject("Прогноз по отраслям/Фильтр КПО-Отпуск Стресс")): Object: 'Object Repository/Прогноз по отраслям/Фильтр КПО-Отпуск Стресс' is clicked on

30-03-2025T16:47:43 - [MESSAGE][PASSED] - Object: 'Object Repository/Прогноз по отраслям/Фильтр КПО-Отпуск Стресс' is clicked on

30-03-2025T16:47:43 - [TEST_STEP][PASSED] - click(findTestObject("Прогноз по отраслям/КПО Стресс")): Object: 'Object Repository/Прогноз по отраслям/КПО Стресс' is clicked on

30-03-2025T16:47:44 - [MESSAGE][PASSED] - Object: 'Object Repository/Прогноз по отраслям/КПО Стресс' is clicked on

30-03-2025T16:47:44 - [TEST_STEP][PASSED] - delay(40): Delayed 40 second(s)

30-03-2025T16:48:24 - [MESSAGE][PASSED] - Delayed 40 second(s)

30-03-2025T16:48:24 - [TEST_STEP][PASSED] - b4 = getText(findTestObject("Прогноз по отраслям/Виджеты дашборда")): Text of object 'Object Repository/Прогноз по отраслям/Виджеты дашборда' is: 'Год 
2023 год
Сравнение с 
Факт прошлого года
Динамика электропотребления, млрд. кВт.ч., по ПАО Россети на 2023 год
0 0
120 120
38 38
41 41
8 8
10 10
0 0
19 19
77 77
25 25
122 122
61 61
0 0
120 120
39 39
39 39
8 8
8 8
1 1
20 20
78 78
26 26
121 121
60 60
Факт прошлого года
Ожидаемое (прогноз до конца года)
Интер РАО(для ФСК)
Промышленныепотребители
Транспорт
Нефтедобыча
Нефтеперераб…
Нефтепроводы
Газопроводы
Сельское хозя…
Непромышлен…
Государственн…
Население иприравненныегруппыпотребителей
Территориальн…
Выручка, млрд. руб, по ПАО Россети на 2023 год
5 5
285 285
72 72
72 72
18 18
22 22
0 0
50 50
201 201
61 61
190 190
227 227
6 6
331 331
82 82
77 77
20 20
20 20
3 3
57 57
220 220
68 68
214 214
258 258
Факт прошлого года
Ожидаемое (прогноз до конца года)
Интер РАО(для ФСК)
Промышленныепотребители
Транспорт
Нефтедобыча
Нефтеперераб…
Нефтепроводы
Газопроводы
Сельское хозя…
Непромышлен…
Государственн…
Население иприравненныегруппыпотребителей
Территориальн…
Отклонения по ПАО Россети на 2023 год
0.5% 0.5%
0.9% 0.9%
-5.9% -5.9%
3.1% 3.1%
-17.9% -17.9%
578.4% 578.4%
2.3% 2.3%
1.8% 1.8%
2.1% 2.1%
-0.9% -0.9%
-0.2% -0.2%
⬤ Отклонение, %
Интер РАО (для ФСК)
Промышленные потребители
Транспорт
Нефтедобыча
Нефтепереработка
Нефтепроводы
Газопроводы
Сельское хозяйство и пищевая про…
Непромышленные потребители
Государственные (муниципальные)…
Население и приравненные группы…
Территориальные сетевые организ…
Выручка отклонения по ПАО Россети на 2023 год
7.7% 7.7%
16.0% 16.0%
13.2% 13.2%
6.7% 6.7%
13.3% 13.3%
-7.7% -7.7%
1 331.5% 1 331.5%
14.2% 14.2%
9.9% 9.9%
12.0% 12.0%
12.4% 12.4%
13.7% 13.7%
⬤ Отклонение, %
Интер РАО (для ФСК)
Промышленные потребители
Транспорт
Нефтедобыча
Нефтепереработка
Нефтепроводы
Газопроводы
Сельское хозяйство и пищевая про…
Непромышленные потребители
Государственные (муниципальные)…
Население и приравненные группы…
Территориальные сетевые организ…
абс.
%
Прогноз на месяц 
Ноябрь
КПО/Отпуск из сети 
Котловой полезный отпуск, млн. кВт.ч
Организация 
Все
Прогноз электропотребления и выручки за услуги по передаче в разрезе отраслей'

30-03-2025T16:48:25 - [MESSAGE][PASSED] - Text of object 'Object Repository/Прогноз по отраслям/Виджеты дашборда' is: 'Год 
2023 год
Сравнение с 
Факт прошлого года
Динамика электропотребления, млрд. кВт.ч., по ПАО Россети на 2023 год
0 0
120 120
38 38
41 41
8 8
10 10
0 0
19 19
77 77
25 25
122 122
61 61
0 0
120 120
39 39
39 39
8 8
8 8
1 1
20 20
78 78
26 26
121 121
60 60
Факт прошлого года
Ожидаемое (прогноз до конца года)
Интер РАО(для ФСК)
Промышленныепотребители
Транспорт
Нефтедобыча
Нефтеперераб…
Нефтепроводы
Газопроводы
Сельское хозя…
Непромышлен…
Государственн…
Население иприравненныегруппыпотребителей
Территориальн…
Выручка, млрд. руб, по ПАО Россети на 2023 год
5 5
285 285
72 72
72 72
18 18
22 22
0 0
50 50
201 201
61 61
190 190
227 227
6 6
331 331
82 82
77 77
20 20
20 20
3 3
57 57
220 220
68 68
214 214
258 258
Факт прошлого года
Ожидаемое (прогноз до конца года)
Интер РАО(для ФСК)
Промышленныепотребители
Транспорт
Нефтедобыча
Нефтеперераб…
Нефтепроводы
Газопроводы
Сельское хозя…
Непромышлен…
Государственн…
Население иприравненныегруппыпотребителей
Территориальн…
Отклонения по ПАО Россети на 2023 год
0.5% 0.5%
0.9% 0.9%
-5.9% -5.9%
3.1% 3.1%
-17.9% -17.9%
578.4% 578.4%
2.3% 2.3%
1.8% 1.8%
2.1% 2.1%
-0.9% -0.9%
-0.2% -0.2%
⬤ Отклонение, %
Интер РАО (для ФСК)
Промышленные потребители
Транспорт
Нефтедобыча
Нефтепереработка
Нефтепроводы
Газопроводы
Сельское хозяйство и пищевая про…
Непромышленные потребители
Государственные (муниципальные)…
Население и приравненные группы…
Территориальные сетевые организ…
Выручка отклонения по ПАО Россети на 2023 год
7.7% 7.7%
16.0% 16.0%
13.2% 13.2%
6.7% 6.7%
13.3% 13.3%
-7.7% -7.7%
1 331.5% 1 331.5%
14.2% 14.2%
9.9% 9.9%
12.0% 12.0%
12.4% 12.4%
13.7% 13.7%
⬤ Отклонение, %
Интер РАО (для ФСК)
Промышленные потребители
Транспорт
Нефтедобыча
Нефтепереработка
Нефтепроводы
Газопроводы
Сельское хозяйство и пищевая про…
Непромышленные потребители
Государственные (муниципальные)…
Население и приравненные группы…
Территориальные сетевые организ…
абс.
%
Прогноз на месяц 
Ноябрь
КПО/Отпуск из сети 
Котловой полезный отпуск, млн. кВт.ч
Организация 
Все
Прогноз электропотребления и выручки за услуги по передаче в разрезе отраслей'

30-03-2025T16:48:25 - [TEST_STEP][PASSED] - b4 = b4.replaceAll("[^0-9]", ""): null

30-03-2025T16:48:25 - [TEST_STEP][PASSED] - println("b4:" + b4): null

30-03-2025T16:48:25 - [TEST_STEP][PASSED] - click(findTestObject("Прогноз по отраслям/Фильтр Сравнение с Стресс")): Object: 'Object Repository/Прогноз по отраслям/Фильтр Сравнение с Стресс' is clicked on

30-03-2025T16:48:25 - [MESSAGE][PASSED] - Object: 'Object Repository/Прогноз по отраслям/Фильтр Сравнение с Стресс' is clicked on

30-03-2025T16:48:25 - [TEST_STEP][PASSED] - click(findTestObject("Прогноз по отраслям/План Стресс")): Object: 'Object Repository/Прогноз по отраслям/План Стресс' is clicked on

30-03-2025T16:48:26 - [MESSAGE][PASSED] - Object: 'Object Repository/Прогноз по отраслям/План Стресс' is clicked on

30-03-2025T16:48:26 - [TEST_STEP][PASSED] - delay(40): Delayed 40 second(s)

30-03-2025T16:49:06 - [MESSAGE][PASSED] - Delayed 40 second(s)

30-03-2025T16:49:06 - [TEST_STEP][PASSED] - b5 = getText(findTestObject("Прогноз по отраслям/Виджеты дашборда")): Text of object 'Object Repository/Прогноз по отраслям/Виджеты дашборда' is: 'Год 
2023 год
Сравнение с 
План
Динамика электропотребления, млрд. кВт.ч., по ПАО Россети на 2023 год
0 0
119 119
37 37
7 7
7 7
8 8
1 1
19 19
75 75
25 25
123 123
55 55
0 0
120 120
39 39
39 39
8 8
8 8
1 1
20 20
78 78
26 26
121 121
60 60
План
Ожидаемое (прогноз до конца года)
Интер РАО(для ФСК)
Промышленныепотребители
Транспорт
Нефтедобыча
Нефтеперераб…
Нефтепроводы
Газопроводы
Сельское хозя…
Непромышлен…
Государственн…
Население иприравненныегруппыпотребителей
Территориальн…
Выручка, млрд. руб, по ПАО Россети на 2023 год
5 5
319 319
81 81
16 16
16 16
20 20
2 2
56 56
215 215
67 67
218 218
239 239
6 6
331 331
82 82
77 77
20 20
20 20
3 3
57 57
220 220
68 68
214 214
258 258
План
Ожидаемое (прогноз до конца года)
Интер РАО(для ФСК)
Промышленныепотребители
Транспорт
Нефтедобыча
Нефтеперераб…
Нефтепроводы
Газопроводы
Сельское хозя…
Непромышлен…
Государственн…
Население иприравненныегруппыпотребителей
Территориальн…
Отклонения по ПАО Россети на 2023 год
1.2% 1.2%
3.2% 3.2%
492.1% 492.1%
18.1% 18.1%
4.4% 4.4%
11.9% 11.9%
1.2% 1.2%
4.1% 4.1%
2.4% 2.4%
-1.4% -1.4%
9.7% 9.7%
⬤ Отклонение, %
Интер РАО (для ФСК)
Промышленные потребители
Транспорт
Нефтедобыча
Нефтепереработка
Нефтепроводы
Газопроводы
Сельское хозяйство и пищевая про…
Непромышленные потребители
Государственные (муниципальные)…
Население и приравненные группы…
Территориальные сетевые организ…
Выручка отклонения по ПАО Россети на 2023 год
15.6% 15.6%
3.8% 3.8%
1.2% 1.2%
398.2% 398.2%
26.9% 26.9%
-0.6% -0.6%
26.9% 26.9%
1.5% 1.5%
2.7% 2.7%
2.0% 2.0%
-2.0% -2.0%
7.9% 7.9%
⬤ Отклонение, %
Интер РАО (для ФСК)
Промышленные потребители
Транспорт
Нефтедобыча
Нефтепереработка
Нефтепроводы
Газопроводы
Сельское хозяйство и пищевая про…
Непромышленные потребители
Государственные (муниципальные)…
Население и приравненные группы…
Территориальные сетевые организ…
абс.
%
Прогноз на месяц 
Ноябрь
КПО/Отпуск из сети 
Котловой полезный отпуск, млн. кВт.ч
Организация 
Все
Прогноз электропотребления и выручки за услуги по передаче в разрезе отраслей'

30-03-2025T16:49:07 - [MESSAGE][PASSED] - Text of object 'Object Repository/Прогноз по отраслям/Виджеты дашборда' is: 'Год 
2023 год
Сравнение с 
План
Динамика электропотребления, млрд. кВт.ч., по ПАО Россети на 2023 год
0 0
119 119
37 37
7 7
7 7
8 8
1 1
19 19
75 75
25 25
123 123
55 55
0 0
120 120
39 39
39 39
8 8
8 8
1 1
20 20
78 78
26 26
121 121
60 60
План
Ожидаемое (прогноз до конца года)
Интер РАО(для ФСК)
Промышленныепотребители
Транспорт
Нефтедобыча
Нефтеперераб…
Нефтепроводы
Газопроводы
Сельское хозя…
Непромышлен…
Государственн…
Население иприравненныегруппыпотребителей
Территориальн…
Выручка, млрд. руб, по ПАО Россети на 2023 год
5 5
319 319
81 81
16 16
16 16
20 20
2 2
56 56
215 215
67 67
218 218
239 239
6 6
331 331
82 82
77 77
20 20
20 20
3 3
57 57
220 220
68 68
214 214
258 258
План
Ожидаемое (прогноз до конца года)
Интер РАО(для ФСК)
Промышленныепотребители
Транспорт
Нефтедобыча
Нефтеперераб…
Нефтепроводы
Газопроводы
Сельское хозя…
Непромышлен…
Государственн…
Население иприравненныегруппыпотребителей
Территориальн…
Отклонения по ПАО Россети на 2023 год
1.2% 1.2%
3.2% 3.2%
492.1% 492.1%
18.1% 18.1%
4.4% 4.4%
11.9% 11.9%
1.2% 1.2%
4.1% 4.1%
2.4% 2.4%
-1.4% -1.4%
9.7% 9.7%
⬤ Отклонение, %
Интер РАО (для ФСК)
Промышленные потребители
Транспорт
Нефтедобыча
Нефтепереработка
Нефтепроводы
Газопроводы
Сельское хозяйство и пищевая про…
Непромышленные потребители
Государственные (муниципальные)…
Население и приравненные группы…
Территориальные сетевые организ…
Выручка отклонения по ПАО Россети на 2023 год
15.6% 15.6%
3.8% 3.8%
1.2% 1.2%
398.2% 398.2%
26.9% 26.9%
-0.6% -0.6%
26.9% 26.9%
1.5% 1.5%
2.7% 2.7%
2.0% 2.0%
-2.0% -2.0%
7.9% 7.9%
⬤ Отклонение, %
Интер РАО (для ФСК)
Промышленные потребители
Транспорт
Нефтедобыча
Нефтепереработка
Нефтепроводы
Газопроводы
Сельское хозяйство и пищевая про…
Непромышленные потребители
Государственные (муниципальные)…
Население и приравненные группы…
Территориальные сетевые организ…
абс.
%
Прогноз на месяц 
Ноябрь
КПО/Отпуск из сети 
Котловой полезный отпуск, млн. кВт.ч
Организация 
Все
Прогноз электропотребления и выручки за услуги по передаче в разрезе отраслей'

30-03-2025T16:49:07 - [TEST_STEP][PASSED] - println("b5:" + b5): null

30-03-2025T16:49:07 - [TEST_STEP][PASSED] - b5 = b5.replaceAll("[^0-9]", ""): null

30-03-2025T16:49:07 - [TEST_STEP][PASSED] - println("b5:" + b5): null

30-03-2025T16:49:07 - [TEST_STEP][PASSED] - click(findTestObject("Прогноз по отраслям/Фильтр Сравнение с Стресс")): Object: 'Object Repository/Прогноз по отраслям/Фильтр Сравнение с Стресс' is clicked on

30-03-2025T16:49:07 - [MESSAGE][PASSED] - Object: 'Object Repository/Прогноз по отраслям/Фильтр Сравнение с Стресс' is clicked on

30-03-2025T16:49:07 - [TEST_STEP][PASSED] - click(findTestObject("Прогноз по отраслям/План СУ Стресс")): Object: 'Object Repository/Прогноз по отраслям/План СУ Стресс' is clicked on

30-03-2025T16:49:09 - [MESSAGE][PASSED] - Object: 'Object Repository/Прогноз по отраслям/План СУ Стресс' is clicked on

30-03-2025T16:49:09 - [TEST_STEP][PASSED] - delay(40): Delayed 40 second(s)

30-03-2025T16:49:49 - [MESSAGE][PASSED] - Delayed 40 second(s)

30-03-2025T16:49:49 - [TEST_STEP][PASSED] - b6 = getText(findTestObject("Прогноз по отраслям/Виджеты дашборда")): Text of object 'Object Repository/Прогноз по отраслям/Виджеты дашборда' is: 'Год 
2023 год
Сравнение с 
План/СУ
Динамика электропотребления, млрд. кВт.ч., по ПАО Россети на 2023 год
0 0
0 0
0 0
0 0
0 0
0 0
0 0
0 0
0 0
0 0
0 0
0 0
0 0
120 120
39 39
39 39
8 8
8 8
1 1
20 20
78 78
26 26
121 121
60 60
СУ
Ожидаемое (прогноз до конца года)
Интер РАО(для ФСК)
Промышленныепотребители
Транспорт
Нефтедобыча
Нефтеперераб…
Нефтепроводы
Газопроводы
Сельское хозя…
Непромышлен…
Государственн…
Население иприравненныегруппыпотребителей
Территориальн…
Выручка, млрд. руб, по ПАО Россети на 2023 год
6 6
331 331
82 82
77 77
20 20
20 20
3 3
57 57
220 220
68 68
214 214
258 258
Ожидаемое (прогноз до конца года)
Интер РАО(для ФСК)
Промышленныепотребители
Транспорт
Нефтедобыча
Нефтеперераб…
Нефтепроводы
Газопроводы
Сельское хозя…
Непромышлен…
Государственн…
Население иприравненныегруппыпотребителей
Территориальн…
Отклонения по ПАО Россети на 2023 год
⬤ Отклонение, %
Интер РАО (для ФСК)
Промышленные потребители
Транспорт
Нефтедобыча
Нефтепереработка
Нефтепроводы
Газопроводы
Сельское хозяйство и пищевая про…
Непромышленные потребители
Государственные (муниципальные)…
Население и приравненные группы…
Территориальные сетевые организ…
Выручка отклонения по ПАО Россети на 2023 год
⬤ Отклонение, %
Интер РАО (для ФСК)
Промышленные потребители
Транспорт
Нефтедобыча
Нефтепереработка
Нефтепроводы
Газопроводы
Сельское хозяйство и пищевая про…
Непромышленные потребители
Государственные (муниципальные)…
Население и приравненные группы…
Территориальные сетевые организ…
абс.
%
Прогноз на месяц 
Ноябрь
КПО/Отпуск из сети 
Котловой полезный отпуск, млн. кВт.ч
Организация 
Все
Прогноз электропотребления и выручки за услуги по передаче в разрезе отраслей'

30-03-2025T16:49:49 - [MESSAGE][PASSED] - Text of object 'Object Repository/Прогноз по отраслям/Виджеты дашборда' is: 'Год 
2023 год
Сравнение с 
План/СУ
Динамика электропотребления, млрд. кВт.ч., по ПАО Россети на 2023 год
0 0
0 0
0 0
0 0
0 0
0 0
0 0
0 0
0 0
0 0
0 0
0 0
0 0
120 120
39 39
39 39
8 8
8 8
1 1
20 20
78 78
26 26
121 121
60 60
СУ
Ожидаемое (прогноз до конца года)
Интер РАО(для ФСК)
Промышленныепотребители
Транспорт
Нефтедобыча
Нефтеперераб…
Нефтепроводы
Газопроводы
Сельское хозя…
Непромышлен…
Государственн…
Население иприравненныегруппыпотребителей
Территориальн…
Выручка, млрд. руб, по ПАО Россети на 2023 год
6 6
331 331
82 82
77 77
20 20
20 20
3 3
57 57
220 220
68 68
214 214
258 258
Ожидаемое (прогноз до конца года)
Интер РАО(для ФСК)
Промышленныепотребители
Транспорт
Нефтедобыча
Нефтеперераб…
Нефтепроводы
Газопроводы
Сельское хозя…
Непромышлен…
Государственн…
Население иприравненныегруппыпотребителей
Территориальн…
Отклонения по ПАО Россети на 2023 год
⬤ Отклонение, %
Интер РАО (для ФСК)
Промышленные потребители
Транспорт
Нефтедобыча
Нефтепереработка
Нефтепроводы
Газопроводы
Сельское хозяйство и пищевая про…
Непромышленные потребители
Государственные (муниципальные)…
Население и приравненные группы…
Территориальные сетевые организ…
Выручка отклонения по ПАО Россети на 2023 год
⬤ Отклонение, %
Интер РАО (для ФСК)
Промышленные потребители
Транспорт
Нефтедобыча
Нефтепереработка
Нефтепроводы
Газопроводы
Сельское хозяйство и пищевая про…
Непромышленные потребители
Государственные (муниципальные)…
Население и приравненные группы…
Территориальные сетевые организ…
абс.
%
Прогноз на месяц 
Ноябрь
КПО/Отпуск из сети 
Котловой полезный отпуск, млн. кВт.ч
Организация 
Все
Прогноз электропотребления и выручки за услуги по передаче в разрезе отраслей'

30-03-2025T16:49:49 - [TEST_STEP][PASSED] - b6 = b6.replaceAll("[^0-9]", ""): null

30-03-2025T16:49:49 - [TEST_STEP][PASSED] - println("b6:" + b6): null

30-03-2025T16:49:49 - [TEST_STEP][PASSED] - click(findTestObject("Прогноз по отраслям/Переключить отображение с процентов на абс Стресс-сценарий")): Object: 'Object Repository/Прогноз по отраслям/Переключить отображение с процентов на абс Стресс-сценарий' is clicked on

30-03-2025T16:49:50 - [MESSAGE][PASSED] - Object: 'Object Repository/Прогноз по отраслям/Переключить отображение с процентов на абс Стресс-сценарий' is clicked on

30-03-2025T16:49:50 - [TEST_STEP][PASSED] - click(findTestObject("Прогноз по отраслям/Фильтр Сравнение с Стресс")): Object: 'Object Repository/Прогноз по отраслям/Фильтр Сравнение с Стресс' is clicked on

30-03-2025T16:49:50 - [MESSAGE][PASSED] - Object: 'Object Repository/Прогноз по отраслям/Фильтр Сравнение с Стресс' is clicked on

30-03-2025T16:49:50 - [TEST_STEP][PASSED] - click(findTestObject("Прогноз по отраслям/Факт прошлого года Стресс")): Object: 'Object Repository/Прогноз по отраслям/Факт прошлого года Стресс' is clicked on

30-03-2025T16:49:51 - [MESSAGE][PASSED] - Object: 'Object Repository/Прогноз по отраслям/Факт прошлого года Стресс' is clicked on

30-03-2025T16:49:51 - [TEST_STEP][PASSED] - click(findTestObject("Прогноз по отраслям/Фильтр КПО-Отпуск Стресс")): Object: 'Object Repository/Прогноз по отраслям/Фильтр КПО-Отпуск Стресс' is clicked on

30-03-2025T16:49:52 - [MESSAGE][PASSED] - Object: 'Object Repository/Прогноз по отраслям/Фильтр КПО-Отпуск Стресс' is clicked on

30-03-2025T16:49:52 - [TEST_STEP][PASSED] - click(findTestObject("Прогноз по отраслям/Отпуск Стресс")): Object: 'Object Repository/Прогноз по отраслям/Отпуск Стресс' is clicked on

30-03-2025T16:49:54 - [MESSAGE][PASSED] - Object: 'Object Repository/Прогноз по отраслям/Отпуск Стресс' is clicked on

30-03-2025T16:49:54 - [TEST_STEP][PASSED] - delay(40): Delayed 40 second(s)

30-03-2025T16:50:34 - [MESSAGE][PASSED] - Delayed 40 second(s)

30-03-2025T16:50:34 - [TEST_STEP][PASSED] - b7 = getText(findTestObject("Прогноз по отраслям/Виджеты дашборда")): Text of object 'Object Repository/Прогноз по отраслям/Виджеты дашборда' is: 'Год 
2023 год
Сравнение с 
Факт прошлого года
Отклонения по ПАО Россети на 2023 год
-2 263.5 -2 263.5
11 054.6 11 054.6
1 280.2 1 280.2
-1 947.5 -1 947.5
90.9 90.9
-3 845.0 -3 845.0
4 162.1 4 162.1
651.7 651.7
-4 727.7 -4 727.7
256.5 256.5
-723.9 -723.9
4 292.3 4 292.3
⬤ Отклонение, млн. кВт.ч
Интер РАО (для ФСК)
Промышленные потребители
Транспорт
Нефтедобыча
Нефтепереработка
Нефтепроводы
Газопроводы
Сельское хозяйство и пищевая про…
Непромышленные потребители
Государственные (муниципальные…
Население и приравненные группы…
Территориальные сетевые организ…
Выручка отклонения по ПАО Россети на 2023 год
421.3 421.3
45 574.9 45 574.9
9 547.5 9 547.5
4 889.3 4 889.3
2 337.4 2 337.4
-1 682.6 -1 682.6
2 919.4 2 919.4
7 110.2 7 110.2
19 840.8 19 840.8
7 289.5 7 289.5
23 664.8 23 664.8
31 028.3 31 028.3
⬤ Отклонение, млн. руб
Интер РАО (для ФСК)
Промышленные потребители
Транспорт
Нефтедобыча
Нефтепереработка
Нефтепроводы
Газопроводы
Сельское хозяйство и пищевая про…
Непромышленные потребители
Государственные (муниципальные…
Население и приравненные группы…
Территориальные сетевые организ…
Динамика электропотребления, млрд. кВт.ч., по ПАО Россети на 2023 год
12 12
186 186
36 36
50 50
10 10
19 19
0 0
17 17
85 85
19 19
82 82
604 604
10 10
197 197
37 37
48 48
10 10
15 15
4 4
18 18
80 80
19 19
82 82
608 608
Факт прошлого года
Ожидаемое (прогноз до конца года)
Интер РАО(для ФСК)
Промышленныепотребители
Транспорт
Нефтедобыча
Нефтеперераб…
Нефтепроводы
Газопроводы
Сельское хозя…
Непромышлен…
Государственн…
Население иприравненныегруппыпотребителей
Территориальн…
Выручка, млрд. руб, по ПАО Россети на 2023 год
5 5
285 285
72 72
72 72
18 18
22 22
0 0
50 50
201 201
61 61
190 190
227 227
6 6
331 331
82 82
77 77
20 20
20 20
3 3
57 57
220 220
68 68
214 214
258 258
Факт прошлого года
Ожидаемое (прогноз до конца года)
Интер РАО(для ФСК)
Промышленныепотребители
Транспорт
Нефтедобыча
Нефтеперераб…
Нефтепроводы
Газопроводы
Сельское хозя…
Непромышлен…
Государственн…
Население иприравненныегруппыпотребителей
Территориальн…
абс.
%
Прогноз на месяц 
Ноябрь
КПО/Отпуск из сети 
Отпуск из сети, млн. кВт.ч
Организация 
Все
Прогноз электропотребления и выручки за услуги по передаче в разрезе отраслей'

30-03-2025T16:50:34 - [MESSAGE][PASSED] - Text of object 'Object Repository/Прогноз по отраслям/Виджеты дашборда' is: 'Год 
2023 год
Сравнение с 
Факт прошлого года
Отклонения по ПАО Россети на 2023 год
-2 263.5 -2 263.5
11 054.6 11 054.6
1 280.2 1 280.2
-1 947.5 -1 947.5
90.9 90.9
-3 845.0 -3 845.0
4 162.1 4 162.1
651.7 651.7
-4 727.7 -4 727.7
256.5 256.5
-723.9 -723.9
4 292.3 4 292.3
⬤ Отклонение, млн. кВт.ч
Интер РАО (для ФСК)
Промышленные потребители
Транспорт
Нефтедобыча
Нефтепереработка
Нефтепроводы
Газопроводы
Сельское хозяйство и пищевая про…
Непромышленные потребители
Государственные (муниципальные…
Население и приравненные группы…
Территориальные сетевые организ…
Выручка отклонения по ПАО Россети на 2023 год
421.3 421.3
45 574.9 45 574.9
9 547.5 9 547.5
4 889.3 4 889.3
2 337.4 2 337.4
-1 682.6 -1 682.6
2 919.4 2 919.4
7 110.2 7 110.2
19 840.8 19 840.8
7 289.5 7 289.5
23 664.8 23 664.8
31 028.3 31 028.3
⬤ Отклонение, млн. руб
Интер РАО (для ФСК)
Промышленные потребители
Транспорт
Нефтедобыча
Нефтепереработка
Нефтепроводы
Газопроводы
Сельское хозяйство и пищевая про…
Непромышленные потребители
Государственные (муниципальные…
Население и приравненные группы…
Территориальные сетевые организ…
Динамика электропотребления, млрд. кВт.ч., по ПАО Россети на 2023 год
12 12
186 186
36 36
50 50
10 10
19 19
0 0
17 17
85 85
19 19
82 82
604 604
10 10
197 197
37 37
48 48
10 10
15 15
4 4
18 18
80 80
19 19
82 82
608 608
Факт прошлого года
Ожидаемое (прогноз до конца года)
Интер РАО(для ФСК)
Промышленныепотребители
Транспорт
Нефтедобыча
Нефтеперераб…
Нефтепроводы
Газопроводы
Сельское хозя…
Непромышлен…
Государственн…
Население иприравненныегруппыпотребителей
Территориальн…
Выручка, млрд. руб, по ПАО Россети на 2023 год
5 5
285 285
72 72
72 72
18 18
22 22
0 0
50 50
201 201
61 61
190 190
227 227
6 6
331 331
82 82
77 77
20 20
20 20
3 3
57 57
220 220
68 68
214 214
258 258
Факт прошлого года
Ожидаемое (прогноз до конца года)
Интер РАО(для ФСК)
Промышленныепотребители
Транспорт
Нефтедобыча
Нефтеперераб…
Нефтепроводы
Газопроводы
Сельское хозя…
Непромышлен…
Государственн…
Население иприравненныегруппыпотребителей
Территориальн…
абс.
%
Прогноз на месяц 
Ноябрь
КПО/Отпуск из сети 
Отпуск из сети, млн. кВт.ч
Организация 
Все
Прогноз электропотребления и выручки за услуги по передаче в разрезе отраслей'

30-03-2025T16:50:34 - [TEST_STEP][PASSED] - b7 = b7.replaceAll("[^0-9]", ""): null

30-03-2025T16:50:34 - [TEST_STEP][PASSED] - println("b7:" + b7): null

30-03-2025T16:50:34 - [TEST_STEP][PASSED] - click(findTestObject("Прогноз по отраслям/Фильтр Сравнение с Стресс")): Object: 'Object Repository/Прогноз по отраслям/Фильтр Сравнение с Стресс' is clicked on

30-03-2025T16:50:35 - [MESSAGE][PASSED] - Object: 'Object Repository/Прогноз по отраслям/Фильтр Сравнение с Стресс' is clicked on

30-03-2025T16:50:35 - [TEST_STEP][PASSED] - click(findTestObject("Прогноз по отраслям/План Стресс")): Object: 'Object Repository/Прогноз по отраслям/План Стресс' is clicked on

30-03-2025T16:50:36 - [MESSAGE][PASSED] - Object: 'Object Repository/Прогноз по отраслям/План Стресс' is clicked on

30-03-2025T16:50:36 - [TEST_STEP][PASSED] - delay(40): Delayed 40 second(s)

30-03-2025T16:51:16 - [MESSAGE][PASSED] - Delayed 40 second(s)

30-03-2025T16:51:16 - [TEST_STEP][PASSED] - b8 = getText(findTestObject("Прогноз по отраслям/Виджеты дашборда")): Text of object 'Object Repository/Прогноз по отраслям/Виджеты дашборда' is: 'Год 
2023 год
Сравнение с 
План
Отклонения по ПАО Россети на 2023 год
-492.2 -492.2
7 165.1 7 165.1
689.3 689.3
33 271.7 33 271.7
986.4 986.4
593.8 593.8
764.0 764.0
670.4 670.4
-592.4 -592.4
308.8 308.8
-940.9 -940.9
19 604.1 19 604.1
⬤ Отклонение, млн. кВт.ч
Интер РАО (для ФСК)
Промышленные потребители
Транспорт
Нефтедобыча
Нефтепереработка
Нефтепроводы
Газопроводы
Сельское хозяйство и пищевая про…
Непромышленные потребители
Государственные (муниципальные…
Население и приравненные группы…
Территориальные сетевые организ…
Выручка отклонения по ПАО Россети на 2023 год
794.9 794.9
12 195.0 12 195.0
972.7 972.7
61 803.9 61 803.9
4 222.3 4 222.3
-121.8 -121.8
666.2 666.2
873.2 873.2
5 809.6 5 809.6
1 342.6 1 342.6
-4 463.2 -4 463.2
18 375.5 18 375.5
⬤ Отклонение, млн. руб
Интер РАО (для ФСК)
Промышленные потребители
Транспорт
Нефтедобыча
Нефтепереработка
Нефтепроводы
Газопроводы
Сельское хозяйство и пищевая про…
Непромышленные потребители
Государственные (муниципальные…
Население и приравненные группы…
Территориальные сетевые организ…
Динамика электропотребления, млрд. кВт.ч., по ПАО Россети на 2023 год
10 10
190 190
36 36
14 14
9 9
14 14
4 4
17 17
80 80
19 19
82 82
588 588
10 10
197 197
37 37
48 48
10 10
15 15
4 4
18 18
80 80
19 19
82 82
608 608
План
Ожидаемое (прогноз до конца года)
Интер РАО(для ФСК)
Промышленныепотребители
Транспорт
Нефтедобыча
Нефтеперераб…
Нефтепроводы
Газопроводы
Сельское хозя…
Непромышлен…
Государственн…
Население иприравненныегруппыпотребителей
Территориальн…
Выручка, млрд. руб, по ПАО Россети на 2023 год
5 5
319 319
81 81
16 16
16 16
20 20
2 2
56 56
215 215
67 67
218 218
239 239
6 6
331 331
82 82
77 77
20 20
20 20
3 3
57 57
220 220
68 68
214 214
258 258
План
Ожидаемое (прогноз до конца года)
Интер РАО(для ФСК)
Промышленныепотребители
Транспорт
Нефтедобыча
Нефтеперераб…
Нефтепроводы
Газопроводы
Сельское хозя…
Непромышлен…
Государственн…
Население иприравненныегруппыпотребителей
Территориальн…
абс.
%
Прогноз на месяц 
Ноябрь
КПО/Отпуск из сети 
Отпуск из сети, млн. кВт.ч
Организация 
Все
Прогноз электропотребления и выручки за услуги по передаче в разрезе отраслей'

30-03-2025T16:51:17 - [MESSAGE][PASSED] - Text of object 'Object Repository/Прогноз по отраслям/Виджеты дашборда' is: 'Год 
2023 год
Сравнение с 
План
Отклонения по ПАО Россети на 2023 год
-492.2 -492.2
7 165.1 7 165.1
689.3 689.3
33 271.7 33 271.7
986.4 986.4
593.8 593.8
764.0 764.0
670.4 670.4
-592.4 -592.4
308.8 308.8
-940.9 -940.9
19 604.1 19 604.1
⬤ Отклонение, млн. кВт.ч
Интер РАО (для ФСК)
Промышленные потребители
Транспорт
Нефтедобыча
Нефтепереработка
Нефтепроводы
Газопроводы
Сельское хозяйство и пищевая про…
Непромышленные потребители
Государственные (муниципальные…
Население и приравненные группы…
Территориальные сетевые организ…
Выручка отклонения по ПАО Россети на 2023 год
794.9 794.9
12 195.0 12 195.0
972.7 972.7
61 803.9 61 803.9
4 222.3 4 222.3
-121.8 -121.8
666.2 666.2
873.2 873.2
5 809.6 5 809.6
1 342.6 1 342.6
-4 463.2 -4 463.2
18 375.5 18 375.5
⬤ Отклонение, млн. руб
Интер РАО (для ФСК)
Промышленные потребители
Транспорт
Нефтедобыча
Нефтепереработка
Нефтепроводы
Газопроводы
Сельское хозяйство и пищевая про…
Непромышленные потребители
Государственные (муниципальные…
Население и приравненные группы…
Территориальные сетевые организ…
Динамика электропотребления, млрд. кВт.ч., по ПАО Россети на 2023 год
10 10
190 190
36 36
14 14
9 9
14 14
4 4
17 17
80 80
19 19
82 82
588 588
10 10
197 197
37 37
48 48
10 10
15 15
4 4
18 18
80 80
19 19
82 82
608 608
План
Ожидаемое (прогноз до конца года)
Интер РАО(для ФСК)
Промышленныепотребители
Транспорт
Нефтедобыча
Нефтеперераб…
Нефтепроводы
Газопроводы
Сельское хозя…
Непромышлен…
Государственн…
Население иприравненныегруппыпотребителей
Территориальн…
Выручка, млрд. руб, по ПАО Россети на 2023 год
5 5
319 319
81 81
16 16
16 16
20 20
2 2
56 56
215 215
67 67
218 218
239 239
6 6
331 331
82 82
77 77
20 20
20 20
3 3
57 57
220 220
68 68
214 214
258 258
План
Ожидаемое (прогноз до конца года)
Интер РАО(для ФСК)
Промышленныепотребители
Транспорт
Нефтедобыча
Нефтеперераб…
Нефтепроводы
Газопроводы
Сельское хозя…
Непромышлен…
Государственн…
Население иприравненныегруппыпотребителей
Территориальн…
абс.
%
Прогноз на месяц 
Ноябрь
КПО/Отпуск из сети 
Отпуск из сети, млн. кВт.ч
Организация 
Все
Прогноз электропотребления и выручки за услуги по передаче в разрезе отраслей'

30-03-2025T16:51:17 - [TEST_STEP][PASSED] - b8 = b8.replaceAll("[^0-9]", ""): null

30-03-2025T16:51:17 - [TEST_STEP][PASSED] - println("b8:" + b8): null

30-03-2025T16:51:17 - [TEST_STEP][PASSED] - click(findTestObject("Прогноз по отраслям/Фильтр Сравнение с Стресс")): Object: 'Object Repository/Прогноз по отраслям/Фильтр Сравнение с Стресс' is clicked on

30-03-2025T16:51:17 - [MESSAGE][PASSED] - Object: 'Object Repository/Прогноз по отраслям/Фильтр Сравнение с Стресс' is clicked on

30-03-2025T16:51:17 - [TEST_STEP][PASSED] - click(findTestObject("Прогноз по отраслям/План СУ Стресс")): Object: 'Object Repository/Прогноз по отраслям/План СУ Стресс' is clicked on

30-03-2025T16:51:18 - [MESSAGE][PASSED] - Object: 'Object Repository/Прогноз по отраслям/План СУ Стресс' is clicked on

30-03-2025T16:51:18 - [TEST_STEP][PASSED] - delay(40): Delayed 40 second(s)

30-03-2025T16:51:58 - [MESSAGE][PASSED] - Delayed 40 second(s)

30-03-2025T16:51:58 - [TEST_STEP][PASSED] - b9 = getText(findTestObject("Прогноз по отраслям/Виджеты дашборда")): Text of object 'Object Repository/Прогноз по отраслям/Виджеты дашборда' is: 'Год 
2023 год
Сравнение с 
План/СУ
Отклонения по ПАО Россети на 2023 год
243.5 243.5
16 024.4 16 024.4
1 255.1 1 255.1
32 869.9 32 869.9
1 135.7 1 135.7
950.0 950.0
511.1 511.1
1 324.2 1 324.2
-5 962.8 -5 962.8
433.5 433.5
2 431.5 2 431.5
22 321.4 22 321.4
⬤ Отклонение, млн. кВт.ч
Интер РАО (для ФСК)
Промышленные потребители
Транспорт
Нефтедобыча
Нефтепереработка
Нефтепроводы
Газопроводы
Сельское хозяйство и пищевая про…
Непромышленные потребители
Государственные (муниципальные…
Население и приравненные группы…
Территориальные сетевые организ…
Выручка отклонения по ПАО Россети на 2023 год
⬤ Отклонение, млн. руб
Интер РАО (для ФСК)
Промышленные потребители
Транспорт
Нефтедобыча
Нефтепереработка
Нефтепроводы
Газопроводы
Сельское хозяйство и пищевая про…
Непромышленные потребители
Государственные (муниципальные…
Население и приравненные группы…
Территориальные сетевые организ…
Динамика электропотребления, млрд. кВт.ч., по ПАО Россети на 2023 год
10 10
181 181
36 36
15 15
9 9
14 14
4 4
16 16
86 86
19 19
79 79
586 586
10 10
197 197
37 37
48 48
10 10
15 15
4 4
18 18
80 80
19 19
82 82
608 608
СУ
Ожидаемое (прогноз до конца года)
Интер РАО(для ФСК)
Промышленныепотребители
Транспорт
Нефтедобыча
Нефтеперераб…
Нефтепроводы
Газопроводы
Сельское хозя…
Непромышлен…
Государственн…
Население иприравненныегруппыпотребителей
Территориальн…
Выручка, млрд. руб, по ПАО Россети на 2023 год
6 6
331 331
82 82
77 77
20 20
20 20
3 3
57 57
220 220
68 68
214 214
258 258
Ожидаемое (прогноз до конца года)
Интер РАО(для ФСК)
Промышленныепотребители
Транспорт
Нефтедобыча
Нефтеперераб…
Нефтепроводы
Газопроводы
Сельское хозя…
Непромышлен…
Государственн…
Население иприравненныегруппыпотребителей
Территориальн…
абс.
%
Прогноз на месяц 
Ноябрь
КПО/Отпуск из сети 
Отпуск из сети, млн. кВт.ч
Организация 
Все
Прогноз электропотребления и выручки за услуги по передаче в разрезе отраслей'

30-03-2025T16:51:59 - [MESSAGE][PASSED] - Text of object 'Object Repository/Прогноз по отраслям/Виджеты дашборда' is: 'Год 
2023 год
Сравнение с 
План/СУ
Отклонения по ПАО Россети на 2023 год
243.5 243.5
16 024.4 16 024.4
1 255.1 1 255.1
32 869.9 32 869.9
1 135.7 1 135.7
950.0 950.0
511.1 511.1
1 324.2 1 324.2
-5 962.8 -5 962.8
433.5 433.5
2 431.5 2 431.5
22 321.4 22 321.4
⬤ Отклонение, млн. кВт.ч
Интер РАО (для ФСК)
Промышленные потребители
Транспорт
Нефтедобыча
Нефтепереработка
Нефтепроводы
Газопроводы
Сельское хозяйство и пищевая про…
Непромышленные потребители
Государственные (муниципальные…
Население и приравненные группы…
Территориальные сетевые организ…
Выручка отклонения по ПАО Россети на 2023 год
⬤ Отклонение, млн. руб
Интер РАО (для ФСК)
Промышленные потребители
Транспорт
Нефтедобыча
Нефтепереработка
Нефтепроводы
Газопроводы
Сельское хозяйство и пищевая про…
Непромышленные потребители
Государственные (муниципальные…
Население и приравненные группы…
Территориальные сетевые организ…
Динамика электропотребления, млрд. кВт.ч., по ПАО Россети на 2023 год
10 10
181 181
36 36
15 15
9 9
14 14
4 4
16 16
86 86
19 19
79 79
586 586
10 10
197 197
37 37
48 48
10 10
15 15
4 4
18 18
80 80
19 19
82 82
608 608
СУ
Ожидаемое (прогноз до конца года)
Интер РАО(для ФСК)
Промышленныепотребители
Транспорт
Нефтедобыча
Нефтеперераб…
Нефтепроводы
Газопроводы
Сельское хозя…
Непромышлен…
Государственн…
Население иприравненныегруппыпотребителей
Территориальн…
Выручка, млрд. руб, по ПАО Россети на 2023 год
6 6
331 331
82 82
77 77
20 20
20 20
3 3
57 57
220 220
68 68
214 214
258 258
Ожидаемое (прогноз до конца года)
Интер РАО(для ФСК)
Промышленныепотребители
Транспорт
Нефтедобыча
Нефтеперераб…
Нефтепроводы
Газопроводы
Сельское хозя…
Непромышлен…
Государственн…
Население иприравненныегруппыпотребителей
Территориальн…
абс.
%
Прогноз на месяц 
Ноябрь
КПО/Отпуск из сети 
Отпуск из сети, млн. кВт.ч
Организация 
Все
Прогноз электропотребления и выручки за услуги по передаче в разрезе отраслей'

30-03-2025T16:51:59 - [TEST_STEP][PASSED] - b9 = b9.replaceAll("[^0-9]", ""): null

30-03-2025T16:51:59 - [TEST_STEP][PASSED] - println("b9:" + b9): null

30-03-2025T16:51:59 - [TEST_STEP][PASSED] - click(findTestObject("Прогноз по отраслям/Фильтр Сравнение с Стресс")): Object: 'Object Repository/Прогноз по отраслям/Фильтр Сравнение с Стресс' is clicked on

30-03-2025T16:51:59 - [MESSAGE][PASSED] - Object: 'Object Repository/Прогноз по отраслям/Фильтр Сравнение с Стресс' is clicked on

30-03-2025T16:51:59 - [TEST_STEP][PASSED] - click(findTestObject("Прогноз по отраслям/Факт прошлого года Стресс")): Object: 'Object Repository/Прогноз по отраслям/Факт прошлого года Стресс' is clicked on

30-03-2025T16:52:01 - [MESSAGE][PASSED] - Object: 'Object Repository/Прогноз по отраслям/Факт прошлого года Стресс' is clicked on

30-03-2025T16:52:01 - [TEST_STEP][PASSED] - click(findTestObject("Прогноз по отраслям/Фильтр КПО-Отпуск Стресс")): Object: 'Object Repository/Прогноз по отраслям/Фильтр КПО-Отпуск Стресс' is clicked on

30-03-2025T16:52:02 - [MESSAGE][PASSED] - Object: 'Object Repository/Прогноз по отраслям/Фильтр КПО-Отпуск Стресс' is clicked on

30-03-2025T16:52:02 - [TEST_STEP][PASSED] - click(findTestObject("Прогноз по отраслям/КПО Стресс")): Object: 'Object Repository/Прогноз по отраслям/КПО Стресс' is clicked on

30-03-2025T16:52:03 - [MESSAGE][PASSED] - Object: 'Object Repository/Прогноз по отраслям/КПО Стресс' is clicked on

30-03-2025T16:52:03 - [TEST_STEP][PASSED] - delay(40): Delayed 40 second(s)

30-03-2025T16:52:43 - [MESSAGE][PASSED] - Delayed 40 second(s)

30-03-2025T16:52:43 - [TEST_STEP][PASSED] - b10 = getText(findTestObject("Прогноз по отраслям/Виджеты дашборда")): Text of object 'Object Repository/Прогноз по отраслям/Виджеты дашборда' is: 'Год 
2023 год
Сравнение с 
Факт прошлого года
Отклонения по ПАО Россети на 2023 год
0.0 0.0
646.5 646.5
341.1 341.1
-2 455.6 -2 455.6
245.6 245.6
-1 796.0 -1 796.0
676.2 676.2
452.4 452.4
1 386.2 1 386.2
527.5 527.5
-1 130.4 -1 130.4
-128.7 -128.7
⬤ Отклонение, млн. кВт.ч
Интер РАО (для ФСК)
Промышленные потребители
Транспорт
Нефтедобыча
Нефтепереработка
Нефтепроводы
Газопроводы
Сельское хозяйство и пищевая про…
Непромышленные потребители
Государственные (муниципальные…
Население и приравненные группы…
Территориальные сетевые организ…
Выручка отклонения по ПАО Россети на 2023 год
421.3 421.3
45 574.9 45 574.9
9 547.5 9 547.5
4 889.3 4 889.3
2 337.4 2 337.4
-1 682.6 -1 682.6
2 919.4 2 919.4
7 110.2 7 110.2
19 840.8 19 840.8
7 289.5 7 289.5
23 664.8 23 664.8
31 028.3 31 028.3
⬤ Отклонение, млн. руб
Интер РАО (для ФСК)
Промышленные потребители
Транспорт
Нефтедобыча
Нефтепереработка
Нефтепроводы
Газопроводы
Сельское хозяйство и пищевая про…
Непромышленные потребители
Государственные (муниципальные…
Население и приравненные группы…
Территориальные сетевые организ…
Динамика электропотребления, млрд. кВт.ч., по ПАО Россети на 2023 год
0 0
120 120
38 38
41 41
8 8
10 10
0 0
19 19
77 77
25 25
122 122
61 61
0 0
120 120
39 39
39 39
8 8
8 8
1 1
20 20
78 78
26 26
121 121
60 60
Факт прошлого года
Ожидаемое (прогноз до конца года)
Интер РАО(для ФСК)
Промышленныепотребители
Транспорт
Нефтедобыча
Нефтеперераб…
Нефтепроводы
Газопроводы
Сельское хозя…
Непромышлен…
Государственн…
Население иприравненныегруппыпотребителей
Территориальн…
Выручка, млрд. руб, по ПАО Россети на 2023 год
5 5
285 285
72 72
72 72
18 18
22 22
0 0
50 50
201 201
61 61
190 190
227 227
6 6
331 331
82 82
77 77
20 20
20 20
3 3
57 57
220 220
68 68
214 214
258 258
Факт прошлого года
Ожидаемое (прогноз до конца года)
Интер РАО(для ФСК)
Промышленныепотребители
Транспорт
Нефтедобыча
Нефтеперераб…
Нефтепроводы
Газопроводы
Сельское хозя…
Непромышлен…
Государственн…
Население иприравненныегруппыпотребителей
Территориальн…
абс.
%
Прогноз на месяц 
Ноябрь
КПО/Отпуск из сети 
Котловой полезный отпуск, млн. кВт.ч
Организация 
Все
Прогноз электропотребления и выручки за услуги по передаче в разрезе отраслей'

30-03-2025T16:52:44 - [MESSAGE][PASSED] - Text of object 'Object Repository/Прогноз по отраслям/Виджеты дашборда' is: 'Год 
2023 год
Сравнение с 
Факт прошлого года
Отклонения по ПАО Россети на 2023 год
0.0 0.0
646.5 646.5
341.1 341.1
-2 455.6 -2 455.6
245.6 245.6
-1 796.0 -1 796.0
676.2 676.2
452.4 452.4
1 386.2 1 386.2
527.5 527.5
-1 130.4 -1 130.4
-128.7 -128.7
⬤ Отклонение, млн. кВт.ч
Интер РАО (для ФСК)
Промышленные потребители
Транспорт
Нефтедобыча
Нефтепереработка
Нефтепроводы
Газопроводы
Сельское хозяйство и пищевая про…
Непромышленные потребители
Государственные (муниципальные…
Население и приравненные группы…
Территориальные сетевые организ…
Выручка отклонения по ПАО Россети на 2023 год
421.3 421.3
45 574.9 45 574.9
9 547.5 9 547.5
4 889.3 4 889.3
2 337.4 2 337.4
-1 682.6 -1 682.6
2 919.4 2 919.4
7 110.2 7 110.2
19 840.8 19 840.8
7 289.5 7 289.5
23 664.8 23 664.8
31 028.3 31 028.3
⬤ Отклонение, млн. руб
Интер РАО (для ФСК)
Промышленные потребители
Транспорт
Нефтедобыча
Нефтепереработка
Нефтепроводы
Газопроводы
Сельское хозяйство и пищевая про…
Непромышленные потребители
Государственные (муниципальные…
Население и приравненные группы…
Территориальные сетевые организ…
Динамика электропотребления, млрд. кВт.ч., по ПАО Россети на 2023 год
0 0
120 120
38 38
41 41
8 8
10 10
0 0
19 19
77 77
25 25
122 122
61 61
0 0
120 120
39 39
39 39
8 8
8 8
1 1
20 20
78 78
26 26
121 121
60 60
Факт прошлого года
Ожидаемое (прогноз до конца года)
Интер РАО(для ФСК)
Промышленныепотребители
Транспорт
Нефтедобыча
Нефтеперераб…
Нефтепроводы
Газопроводы
Сельское хозя…
Непромышлен…
Государственн…
Население иприравненныегруппыпотребителей
Территориальн…
Выручка, млрд. руб, по ПАО Россети на 2023 год
5 5
285 285
72 72
72 72
18 18
22 22
0 0
50 50
201 201
61 61
190 190
227 227
6 6
331 331
82 82
77 77
20 20
20 20
3 3
57 57
220 220
68 68
214 214
258 258
Факт прошлого года
Ожидаемое (прогноз до конца года)
Интер РАО(для ФСК)
Промышленныепотребители
Транспорт
Нефтедобыча
Нефтеперераб…
Нефтепроводы
Газопроводы
Сельское хозя…
Непромышлен…
Государственн…
Население иприравненныегруппыпотребителей
Территориальн…
абс.
%
Прогноз на месяц 
Ноябрь
КПО/Отпуск из сети 
Котловой полезный отпуск, млн. кВт.ч
Организация 
Все
Прогноз электропотребления и выручки за услуги по передаче в разрезе отраслей'

30-03-2025T16:52:44 - [TEST_STEP][PASSED] - b10 = b10.replaceAll("[^0-9]", ""): null

30-03-2025T16:52:44 - [TEST_STEP][PASSED] - println("b10:" + b10): null

30-03-2025T16:52:44 - [TEST_STEP][PASSED] - click(findTestObject("Прогноз по отраслям/Фильтр Сравнение с Стресс")): Object: 'Object Repository/Прогноз по отраслям/Фильтр Сравнение с Стресс' is clicked on

30-03-2025T16:52:44 - [MESSAGE][PASSED] - Object: 'Object Repository/Прогноз по отраслям/Фильтр Сравнение с Стресс' is clicked on

30-03-2025T16:52:44 - [TEST_STEP][PASSED] - click(findTestObject("Прогноз по отраслям/План Стресс")): Object: 'Object Repository/Прогноз по отраслям/План Стресс' is clicked on

30-03-2025T16:52:45 - [MESSAGE][PASSED] - Object: 'Object Repository/Прогноз по отраслям/План Стресс' is clicked on

30-03-2025T16:52:45 - [TEST_STEP][PASSED] - delay(40): Delayed 40 second(s)

30-03-2025T16:53:25 - [MESSAGE][PASSED] - Delayed 40 second(s)

30-03-2025T16:53:25 - [TEST_STEP][PASSED] - b11 = getText(findTestObject("Прогноз по отраслям/Виджеты дашборда")): Text of object 'Object Repository/Прогноз по отраслям/Виджеты дашборда' is: 'Год 
2023 год
Сравнение с 
План
Отклонения по ПАО Россети на 2023 год
0.0 0.0
1 471.7 1 471.7
1 186.5 1 186.5
32 445.2 32 445.2
1 268.3 1 268.3
349.4 349.4
84.3 84.3
239.8 239.8
2 969.4 2 969.4
589.2 589.2
-1 798.4 -1 798.4
5 359.3 5 359.3
⬤ Отклонение, млн. кВт.ч
Интер РАО (для ФСК)
Промышленные потребители
Транспорт
Нефтедобыча
Нефтепереработка
Нефтепроводы
Газопроводы
Сельское хозяйство и пищевая про…
Непромышленные потребители
Государственные (муниципальные…
Население и приравненные группы…
Территориальные сетевые организ…
Выручка отклонения по ПАО Россети на 2023 год
794.9 794.9
12 195.0 12 195.0
972.7 972.7
61 803.9 61 803.9
4 222.3 4 222.3
-121.8 -121.8
666.2 666.2
873.2 873.2
5 809.6 5 809.6
1 342.6 1 342.6
-4 463.2 -4 463.2
18 375.5 18 375.5
⬤ Отклонение, млн. руб
Интер РАО (для ФСК)
Промышленные потребители
Транспорт
Нефтедобыча
Нефтепереработка
Нефтепроводы
Газопроводы
Сельское хозяйство и пищевая про…
Непромышленные потребители
Государственные (муниципальные…
Население и приравненные группы…
Территориальные сетевые организ…
Динамика электропотребления, млрд. кВт.ч., по ПАО Россети на 2023 год
0 0
119 119
37 37
7 7
7 7
8 8
1 1
19 19
75 75
25 25
123 123
55 55
0 0
120 120
39 39
39 39
8 8
8 8
1 1
20 20
78 78
26 26
121 121
60 60
План
Ожидаемое (прогноз до конца года)
Интер РАО(для ФСК)
Промышленныепотребители
Транспорт
Нефтедобыча
Нефтеперераб…
Нефтепроводы
Газопроводы
Сельское хозя…
Непромышлен…
Государственн…
Население иприравненныегруппыпотребителей
Территориальн…
Выручка, млрд. руб, по ПАО Россети на 2023 год
5 5
319 319
81 81
16 16
16 16
20 20
2 2
56 56
215 215
67 67
218 218
239 239
6 6
331 331
82 82
77 77
20 20
20 20
3 3
57 57
220 220
68 68
214 214
258 258
План
Ожидаемое (прогноз до конца года)
Интер РАО(для ФСК)
Промышленныепотребители
Транспорт
Нефтедобыча
Нефтеперераб…
Нефтепроводы
Газопроводы
Сельское хозя…
Непромышлен…
Государственн…
Население иприравненныегруппыпотребителей
Территориальн…
абс.
%
Прогноз на месяц 
Ноябрь
КПО/Отпуск из сети 
Котловой полезный отпуск, млн. кВт.ч
Организация 
Все
Прогноз электропотребления и выручки за услуги по передаче в разрезе отраслей'

30-03-2025T16:53:26 - [MESSAGE][PASSED] - Text of object 'Object Repository/Прогноз по отраслям/Виджеты дашборда' is: 'Год 
2023 год
Сравнение с 
План
Отклонения по ПАО Россети на 2023 год
0.0 0.0
1 471.7 1 471.7
1 186.5 1 186.5
32 445.2 32 445.2
1 268.3 1 268.3
349.4 349.4
84.3 84.3
239.8 239.8
2 969.4 2 969.4
589.2 589.2
-1 798.4 -1 798.4
5 359.3 5 359.3
⬤ Отклонение, млн. кВт.ч
Интер РАО (для ФСК)
Промышленные потребители
Транспорт
Нефтедобыча
Нефтепереработка
Нефтепроводы
Газопроводы
Сельское хозяйство и пищевая про…
Непромышленные потребители
Государственные (муниципальные…
Население и приравненные группы…
Территориальные сетевые организ…
Выручка отклонения по ПАО Россети на 2023 год
794.9 794.9
12 195.0 12 195.0
972.7 972.7
61 803.9 61 803.9
4 222.3 4 222.3
-121.8 -121.8
666.2 666.2
873.2 873.2
5 809.6 5 809.6
1 342.6 1 342.6
-4 463.2 -4 463.2
18 375.5 18 375.5
⬤ Отклонение, млн. руб
Интер РАО (для ФСК)
Промышленные потребители
Транспорт
Нефтедобыча
Нефтепереработка
Нефтепроводы
Газопроводы
Сельское хозяйство и пищевая про…
Непромышленные потребители
Государственные (муниципальные…
Население и приравненные группы…
Территориальные сетевые организ…
Динамика электропотребления, млрд. кВт.ч., по ПАО Россети на 2023 год
0 0
119 119
37 37
7 7
7 7
8 8
1 1
19 19
75 75
25 25
123 123
55 55
0 0
120 120
39 39
39 39
8 8
8 8
1 1
20 20
78 78
26 26
121 121
60 60
План
Ожидаемое (прогноз до конца года)
Интер РАО(для ФСК)
Промышленныепотребители
Транспорт
Нефтедобыча
Нефтеперераб…
Нефтепроводы
Газопроводы
Сельское хозя…
Непромышлен…
Государственн…
Население иприравненныегруппыпотребителей
Территориальн…
Выручка, млрд. руб, по ПАО Россети на 2023 год
5 5
319 319
81 81
16 16
16 16
20 20
2 2
56 56
215 215
67 67
218 218
239 239
6 6
331 331
82 82
77 77
20 20
20 20
3 3
57 57
220 220
68 68
214 214
258 258
План
Ожидаемое (прогноз до конца года)
Интер РАО(для ФСК)
Промышленныепотребители
Транспорт
Нефтедобыча
Нефтеперераб…
Нефтепроводы
Газопроводы
Сельское хозя…
Непромышлен…
Государственн…
Население иприравненныегруппыпотребителей
Территориальн…
абс.
%
Прогноз на месяц 
Ноябрь
КПО/Отпуск из сети 
Котловой полезный отпуск, млн. кВт.ч
Организация 
Все
Прогноз электропотребления и выручки за услуги по передаче в разрезе отраслей'

30-03-2025T16:53:26 - [TEST_STEP][PASSED] - println("b11:" + b11): null

30-03-2025T16:53:26 - [TEST_STEP][PASSED] - b11 = b11.replaceAll("[^0-9]", ""): null

30-03-2025T16:53:26 - [TEST_STEP][PASSED] - println("b11:" + b11): null

30-03-2025T16:53:26 - [TEST_STEP][PASSED] - click(findTestObject("Прогноз по отраслям/Фильтр Сравнение с Стресс")): Object: 'Object Repository/Прогноз по отраслям/Фильтр Сравнение с Стресс' is clicked on

30-03-2025T16:53:26 - [MESSAGE][PASSED] - Object: 'Object Repository/Прогноз по отраслям/Фильтр Сравнение с Стресс' is clicked on

30-03-2025T16:53:26 - [TEST_STEP][PASSED] - click(findTestObject("Прогноз по отраслям/План СУ Стресс")): Object: 'Object Repository/Прогноз по отраслям/План СУ Стресс' is clicked on

30-03-2025T16:53:28 - [MESSAGE][PASSED] - Object: 'Object Repository/Прогноз по отраслям/План СУ Стресс' is clicked on

30-03-2025T16:53:28 - [TEST_STEP][PASSED] - delay(40): Delayed 40 second(s)

30-03-2025T16:54:08 - [MESSAGE][PASSED] - Delayed 40 second(s)

30-03-2025T16:54:08 - [TEST_STEP][PASSED] - b12 = getText(findTestObject("Прогноз по отраслям/Виджеты дашборда")): Text of object 'Object Repository/Прогноз по отраслям/Виджеты дашборда' is: 'Год 
2023 год
Сравнение с 
План/СУ
Отклонения по ПАО Россети на 2023 год
0.0 0.0
120 322.6 120 322.6
38 655.4 38 655.4
39 037.8 39 037.8
8 291.7 8 291.7
8 259.5 8 259.5
793.1 793.1
19 706.6 19 706.6
78 310.2 78 310.2
25 579.5 25 579.5
121 219.7 121 219.7
60 414.9 60 414.9
⬤ Отклонение, млн. кВт.ч
Интер РАО (для ФСК)
Промышленные потребители
Транспорт
Нефтедобыча
Нефтепереработка
Нефтепроводы
Газопроводы
Сельское хозяйство и пищевая про…
Непромышленные потребители
Государственные (муниципальные…
Население и приравненные группы…
Территориальные сетевые организ…
Выручка отклонения по ПАО Россети на 2023 год
⬤ Отклонение, млн. руб
Интер РАО (для ФСК)
Промышленные потребители
Транспорт
Нефтедобыча
Нефтепереработка
Нефтепроводы
Газопроводы
Сельское хозяйство и пищевая про…
Непромышленные потребители
Государственные (муниципальные…
Население и приравненные группы…
Территориальные сетевые организ…
Динамика электропотребления, млрд. кВт.ч., по ПАО Россети на 2023 год
0 0
0 0
0 0
0 0
0 0
0 0
0 0
0 0
0 0
0 0
0 0
0 0
0 0
120 120
39 39
39 39
8 8
8 8
1 1
20 20
78 78
26 26
121 121
60 60
СУ
Ожидаемое (прогноз до конца года)
Интер РАО(для ФСК)
Промышленныепотребители
Транспорт
Нефтедобыча
Нефтеперераб…
Нефтепроводы
Газопроводы
Сельское хозя…
Непромышлен…
Государственн…
Население иприравненныегруппыпотребителей
Территориальн…
Выручка, млрд. руб, по ПАО Россети на 2023 год
6 6
331 331
82 82
77 77
20 20
20 20
3 3
57 57
220 220
68 68
214 214
258 258
Ожидаемое (прогноз до конца года)
Интер РАО(для ФСК)
Промышленныепотребители
Транспорт
Нефтедобыча
Нефтеперераб…
Нефтепроводы
Газопроводы
Сельское хозя…
Непромышлен…
Государственн…
Население иприравненныегруппыпотребителей
Территориальн…
абс.
%
Прогноз на месяц 
Ноябрь
КПО/Отпуск из сети 
Котловой полезный отпуск, млн. кВт.ч
Организация 
Все
Прогноз электропотребления и выручки за услуги по передаче в разрезе отраслей'

30-03-2025T16:54:08 - [MESSAGE][PASSED] - Text of object 'Object Repository/Прогноз по отраслям/Виджеты дашборда' is: 'Год 
2023 год
Сравнение с 
План/СУ
Отклонения по ПАО Россети на 2023 год
0.0 0.0
120 322.6 120 322.6
38 655.4 38 655.4
39 037.8 39 037.8
8 291.7 8 291.7
8 259.5 8 259.5
793.1 793.1
19 706.6 19 706.6
78 310.2 78 310.2
25 579.5 25 579.5
121 219.7 121 219.7
60 414.9 60 414.9
⬤ Отклонение, млн. кВт.ч
Интер РАО (для ФСК)
Промышленные потребители
Транспорт
Нефтедобыча
Нефтепереработка
Нефтепроводы
Газопроводы
Сельское хозяйство и пищевая про…
Непромышленные потребители
Государственные (муниципальные…
Население и приравненные группы…
Территориальные сетевые организ…
Выручка отклонения по ПАО Россети на 2023 год
⬤ Отклонение, млн. руб
Интер РАО (для ФСК)
Промышленные потребители
Транспорт
Нефтедобыча
Нефтепереработка
Нефтепроводы
Газопроводы
Сельское хозяйство и пищевая про…
Непромышленные потребители
Государственные (муниципальные…
Население и приравненные группы…
Территориальные сетевые организ…
Динамика электропотребления, млрд. кВт.ч., по ПАО Россети на 2023 год
0 0
0 0
0 0
0 0
0 0
0 0
0 0
0 0
0 0
0 0
0 0
0 0
0 0
120 120
39 39
39 39
8 8
8 8
1 1
20 20
78 78
26 26
121 121
60 60
СУ
Ожидаемое (прогноз до конца года)
Интер РАО(для ФСК)
Промышленныепотребители
Транспорт
Нефтедобыча
Нефтеперераб…
Нефтепроводы
Газопроводы
Сельское хозя…
Непромышлен…
Государственн…
Население иприравненныегруппыпотребителей
Территориальн…
Выручка, млрд. руб, по ПАО Россети на 2023 год
6 6
331 331
82 82
77 77
20 20
20 20
3 3
57 57
220 220
68 68
214 214
258 258
Ожидаемое (прогноз до конца года)
Интер РАО(для ФСК)
Промышленныепотребители
Транспорт
Нефтедобыча
Нефтеперераб…
Нефтепроводы
Газопроводы
Сельское хозя…
Непромышлен…
Государственн…
Население иприравненныегруппыпотребителей
Территориальн…
абс.
%
Прогноз на месяц 
Ноябрь
КПО/Отпуск из сети 
Котловой полезный отпуск, млн. кВт.ч
Организация 
Все
Прогноз электропотребления и выручки за услуги по передаче в разрезе отраслей'

30-03-2025T16:54:08 - [TEST_STEP][PASSED] - b12 = b12.replaceAll("[^0-9]", ""): null

30-03-2025T16:54:08 - [TEST_STEP][PASSED] - println("b12:" + b12): null

30-03-2025T16:54:08 - [TEST_STEP][PASSED] - if (verifyEqual(a1, b1) == true): Actual object '20232023121218618636365050101019190017178585191982826046041010197197373748481010151544181880801919828260860820235528528572727272181822220050502012016161190190227227663313318282777720202020335757220220686821421425825820231851855959363639390909207207331323313238385656131309090707202377771601601321326767133133777713315133151421429999120120124124137137' and expected object '20232023121218618636365050101019190017178585191982826046041010197197373748481010151544181880801919828260860820235528528572727272181822220050502012016161190190227227663313318282777720202020335757220220686821421425825820231851855959363639390909207207331323313238385656131309090707202377771601601321326767133133777713315133151421429999120120124124137137' are equal

30-03-2025T16:54:08 - [MESSAGE][PASSED] - Actual object '20232023121218618636365050101019190017178585191982826046041010197197373748481010151544181880801919828260860820235528528572727272181822220050502012016161190190227227663313318282777720202020335757220220686821421425825820231851855959363639390909207207331323313238385656131309090707202377771601601321326767133133777713315133151421429999120120124124137137' and expected object '20232023121218618636365050101019190017178585191982826046041010197197373748481010151544181880801919828260860820235528528572727272181822220050502012016161190190227227663313318282777720202020335757220220686821421425825820231851855959363639390909207207331323313238385656131309090707202377771601601321326767133133777713315133151421429999120120124124137137' are equal

30-03-2025T16:54:08 - [TEST_STEP][PASSED] - if (verifyEqual(a2, b2) == true): Actual object '202320231010190190363614149914144417178080191982825885881010197197373748481010151544181880801919828260860820235531931981811616161620202256562152156767218218239239663313318282777720202020335757220220686821421425825820234747383819192303230310910942422172173939060616161010333320231561563838121239823982269269060626926915152727202020207979' and expected object '202320231010190190363614149914144417178080191982825885881010197197373748481010151544181880801919828260860820235531931981811616161620202256562152156767218218239239663313318282777720202020335757220220686821421425825820234747383819192303230310910942422172173939060616161010333320231561563838121239823982269269060626926915152727202020207979' are equal

30-03-2025T16:54:08 - [MESSAGE][PASSED] - Actual object '202320231010190190363614149914144417178080191982825885881010197197373748481010151544181880801919828260860820235531931981811616161620202256562152156767218218239239663313318282777720202020335757220220686821421425825820234747383819192303230310910942422172173939060616161010333320231561563838121239823982269269060626926915152727202020207979' and expected object '202320231010190190363614149914144417178080191982825885881010197197373748481010151544181880801919828260860820235531931981811616161620202256562152156767218218239239663313318282777720202020335757220220686821421425825820234747383819192303230310910942422172173939060616161010333320231561563838121239823982269269060626926915152727202020207979' are equal

30-03-2025T16:54:08 - [TEST_STEP][PASSED] - if (verifyEqual(a3, b3) == true): Actual object '2023202310101811813636151599141444161686861919797958658610101971973737484810101515441818808019198282608608202366331331828277772020202033575722022068682142142582582023252589893535221422141281286969135135818169692323313138382023' and expected object '2023202310101811813636151599141444161686861919797958658610101971973737484810101515441818808019198282608608202366331331828277772020202033575722022068682142142582582023252589893535221422141281286969135135818169692323313138382023' are equal

30-03-2025T16:54:08 - [MESSAGE][PASSED] - Actual object '2023202310101811813636151599141444161686861919797958658610101971973737484810101515441818808019198282608608202366331331828277772020202033575722022068682142142582582023252589893535221422141281286969135135818169692323313138382023' and expected object '2023202310101811813636151599141444161686861919797958658610101971973737484810101515441818808019198282608608202366331331828277772020202033575722022068682142142582582023252589893535221422141281286969135135818169692323313138382023' are equal

30-03-2025T16:54:08 - [TEST_STEP][PASSED] - if (verifyEqual(a4, b4) == true): Actual object '20232023001201203838414188101000191977772525122122616100120120393939398888112020787826261211216060202355285285727272721818222200505020120161611901902272276633133182827777202020203357572202206868214214258258202305050909595931311791795784578423231818212109090202202377771601601321326767133133777713315133151421429999120120124124137137' and expected object '20232023001201203838414188101000191977772525122122616100120120393939398888112020787826261211216060202355285285727272721818222200505020120161611901902272276633133182827777202020203357572202206868214214258258202305050909595931311791795784578423231818212109090202202377771601601321326767133133777713315133151421429999120120124124137137' are equal

30-03-2025T16:54:08 - [MESSAGE][PASSED] - Actual object '20232023001201203838414188101000191977772525122122616100120120393939398888112020787826261211216060202355285285727272721818222200505020120161611901902272276633133182827777202020203357572202206868214214258258202305050909595931311791795784578423231818212109090202202377771601601321326767133133777713315133151421429999120120124124137137' and expected object '20232023001201203838414188101000191977772525122122616100120120393939398888112020787826261211216060202355285285727272721818222200505020120161611901902272276633133182827777202020203357572202206868214214258258202305050909595931311791795784578423231818212109090202202377771601601321326767133133777713315133151421429999120120124124137137' are equal

30-03-2025T16:54:08 - [TEST_STEP][PASSED] - if (verifyEqual(a5, b5) == true): Actual object '20232023001191193737777788111919757525251231235555001201203939393988881120207878262612112160602023553193198181161616162020225656215215676721821823923966331331828277772020202033575722022068682142142582582023121232324921492118118144441191191212414124241414979720231561563838121239823982269269060626926915152727202020207979' and expected object '20232023001191193737777788111919757525251231235555001201203939393988881120207878262612112160602023553193198181161616162020225656215215676721821823923966331331828277772020202033575722022068682142142582582023121232324921492118118144441191191212414124241414979720231561563838121239823982269269060626926915152727202020207979' are equal

30-03-2025T16:54:08 - [MESSAGE][PASSED] - Actual object '20232023001191193737777788111919757525251231235555001201203939393988881120207878262612112160602023553193198181161616162020225656215215676721821823923966331331828277772020202033575722022068682142142582582023121232324921492118118144441191191212414124241414979720231561563838121239823982269269060626926915152727202020207979' and expected object '20232023001191193737777788111919757525251231235555001201203939393988881120207878262612112160602023553193198181161616162020225656215215676721821823923966331331828277772020202033575722022068682142142582582023121232324921492118118144441191191212414124241414979720231561563838121239823982269269060626926915152727202020207979' are equal

30-03-2025T16:54:08 - [TEST_STEP][PASSED] - if (verifyEqual(a6, b6) == true): Actual object '20232023000000000000000000000000001201203939393988881120207878262612112160602023663313318282777720202020335757220220686821421425825820232023' and expected object '20232023000000000000000000000000001201203939393988881120207878262612112160602023663313318282777720202020335757220220686821421425825820232023' are equal

30-03-2025T16:54:08 - [MESSAGE][PASSED] - Actual object '20232023000000000000000000000000001201203939393988881120207878262612112160602023663313318282777720202020335757220220686821421425825820232023' and expected object '20232023000000000000000000000000001201203939393988881120207878262612112160602023663313318282777720202020335757220220686821421425825820232023' are equal

30-03-2025T16:54:08 - [TEST_STEP][PASSED] - if (verifyEqual(a7, b7) == true): Actual object '202320232263522635110546110546128021280219475194759099093845038450416214162165176517472774727725652565723972394292342923202342134213455749455749954759547548893488932337423374168261682629194291947110271102198408198408728957289523664823664831028331028320231212186186363650501010191900171785851919828260460410101971973737484810101515441818808019198282608608202355285285727272721818222200505020120161611901902272276633133182827777202020203357572202206868214214258258' and expected object '202320232263522635110546110546128021280219475194759099093845038450416214162165176517472774727725652565723972394292342923202342134213455749455749954759547548893488932337423374168261682629194291947110271102198408198408728957289523664823664831028331028320231212186186363650501010191900171785851919828260460410101971973737484810101515441818808019198282608608202355285285727272721818222200505020120161611901902272276633133182827777202020203357572202206868214214258258' are equal

30-03-2025T16:54:08 - [MESSAGE][PASSED] - Actual object '202320232263522635110546110546128021280219475194759099093845038450416214162165176517472774727725652565723972394292342923202342134213455749455749954759547548893488932337423374168261682629194291947110271102198408198408728957289523664823664831028331028320231212186186363650501010191900171785851919828260460410101971973737484810101515441818808019198282608608202355285285727272721818222200505020120161611901902272276633133182827777202020203357572202206868214214258258' and expected object '202320232263522635110546110546128021280219475194759099093845038450416214162165176517472774727725652565723972394292342923202342134213455749455749954759547548893488932337423374168261682629194291947110271102198408198408728957289523664823664831028331028320231212186186363650501010191900171785851919828260460410101971973737484810101515441818808019198282608608202355285285727272721818222200505020120161611901902272276633133182827777202020203357572202206868214214258258' are equal

30-03-2025T16:54:08 - [TEST_STEP][PASSED] - if (verifyEqual(a8, b8) == true): Actual object '202320234922492271651716516893689333271733271798649864593859387640764067046704592459243088308894099409196041196041202379497949121950121950972797276180396180394222342223121812186662666287328732580965809613426134264463244632183755183755202310101901903636141499141444171780801919828258858810101971973737484810101515441818808019198282608608202355319319818116161616202022565621521567672182182392396633133182827777202020203357572202206868214214258258' and expected object '202320234922492271651716516893689333271733271798649864593859387640764067046704592459243088308894099409196041196041202379497949121950121950972797276180396180394222342223121812186662666287328732580965809613426134264463244632183755183755202310101901903636141499141444171780801919828258858810101971973737484810101515441818808019198282608608202355319319818116161616202022565621521567672182182392396633133182827777202020203357572202206868214214258258' are equal

30-03-2025T16:54:08 - [MESSAGE][PASSED] - Actual object '202320234922492271651716516893689333271733271798649864593859387640764067046704592459243088308894099409196041196041202379497949121950121950972797276180396180394222342223121812186662666287328732580965809613426134264463244632183755183755202310101901903636141499141444171780801919828258858810101971973737484810101515441818808019198282608608202355319319818116161616202022565621521567672182182392396633133182827777202020203357572202206868214214258258' and expected object '202320234922492271651716516893689333271733271798649864593859387640764067046704592459243088308894099409196041196041202379497949121950121950972797276180396180394222342223121812186662666287328732580965809613426134264463244632183755183755202310101901903636141499141444171780801919828258858810101971973737484810101515441818808019198282608608202355319319818116161616202022565621521567672182182392396633133182827777202020203357572202206868214214258258' are equal

30-03-2025T16:54:08 - [TEST_STEP][PASSED] - if (verifyEqual(a9, b9) == true): Actual object '202320232435243516024416024412551125513286993286991135711357950095005111511113242132425962859628433543352431524315223214223214202320231010181181363615159914144416168686191979795865861010197197373748481010151544181880801919828260860820236633133182827777202020203357572202206868214214258258' and expected object '202320232435243516024416024412551125513286993286991135711357950095005111511113242132425962859628433543352431524315223214223214202320231010181181363615159914144416168686191979795865861010197197373748481010151544181880801919828260860820236633133182827777202020203357572202206868214214258258' are equal

30-03-2025T16:54:08 - [MESSAGE][PASSED] - Actual object '202320232435243516024416024412551125513286993286991135711357950095005111511113242132425962859628433543352431524315223214223214202320231010181181363615159914144416168686191979795865861010197197373748481010151544181880801919828260860820236633133182827777202020203357572202206868214214258258' and expected object '202320232435243516024416024412551125513286993286991135711357950095005111511113242132425962859628433543352431524315223214223214202320231010181181363615159914144416168686191979795865861010197197373748481010151544181880801919828260860820236633133182827777202020203357572202206868214214258258' are equal

30-03-2025T16:54:08 - [TEST_STEP][PASSED] - if (verifyEqual(a10, b10) == true): Actual object '20232023000064656465341134112455624556245624561796017960676267624524452413862138625275527511304113041287128720234213421345574945574995475954754889348893233742337416826168262919429194711027110219840819840872895728952366482366483102833102832023001201203838414188101000191977772525122122616100120120393939398888112020787826261211216060202355285285727272721818222200505020120161611901902272276633133182827777202020203357572202206868214214258258' and expected object '20232023000064656465341134112455624556245624561796017960676267624524452413862138625275527511304113041287128720234213421345574945574995475954754889348893233742337416826168262919429194711027110219840819840872895728952366482366483102833102832023001201203838414188101000191977772525122122616100120120393939398888112020787826261211216060202355285285727272721818222200505020120161611901902272276633133182827777202020203357572202206868214214258258' are equal

30-03-2025T16:54:08 - [MESSAGE][PASSED] - Actual object '20232023000064656465341134112455624556245624561796017960676267624524452413862138625275527511304113041287128720234213421345574945574995475954754889348893233742337416826168262919429194711027110219840819840872895728952366482366483102833102832023001201203838414188101000191977772525122122616100120120393939398888112020787826261211216060202355285285727272721818222200505020120161611901902272276633133182827777202020203357572202206868214214258258' and expected object '20232023000064656465341134112455624556245624561796017960676267624524452413862138625275527511304113041287128720234213421345574945574995475954754889348893233742337416826168262919429194711027110219840819840872895728952366482366483102833102832023001201203838414188101000191977772525122122616100120120393939398888112020787826261211216060202355285285727272721818222200505020120161611901902272276633133182827777202020203357572202206868214214258258' are equal

30-03-2025T16:54:08 - [TEST_STEP][PASSED] - if (verifyEqual(a11, b11) == true): Actual object '202320230000147171471711865118653244523244521268312683349434948438432398239829694296945892589217984179845359353593202379497949121950121950972797276180396180394222342223121812186662666287328732580965809613426134264463244632183755183755202300119119373777778811191975752525123123555500120120393939398888112020787826261211216060202355319319818116161616202022565621521567672182182392396633133182827777202020203357572202206868214214258258' and expected object '202320230000147171471711865118653244523244521268312683349434948438432398239829694296945892589217984179845359353593202379497949121950121950972797276180396180394222342223121812186662666287328732580965809613426134264463244632183755183755202300119119373777778811191975752525123123555500120120393939398888112020787826261211216060202355319319818116161616202022565621521567672182182392396633133182827777202020203357572202206868214214258258' are equal

30-03-2025T16:54:08 - [MESSAGE][PASSED] - Actual object '202320230000147171471711865118653244523244521268312683349434948438432398239829694296945892589217984179845359353593202379497949121950121950972797276180396180394222342223121812186662666287328732580965809613426134264463244632183755183755202300119119373777778811191975752525123123555500120120393939398888112020787826261211216060202355319319818116161616202022565621521567672182182392396633133182827777202020203357572202206868214214258258' and expected object '202320230000147171471711865118653244523244521268312683349434948438432398239829694296945892589217984179845359353593202379497949121950121950972797276180396180394222342223121812186662666287328732580965809613426134264463244632183755183755202300119119373777778811191975752525123123555500120120393939398888112020787826261211216060202355319319818116161616202022565621521567672182182392396633133182827777202020203357572202206868214214258258' are equal

30-03-2025T16:54:08 - [TEST_STEP][PASSED] - if (verifyEqual(a12, b12) == true): Actual object '20232023000012032261203226386554386554390378390378829178291782595825957931793119706619706678310278310225579525579512121971212197604149604149202320230000000000000000000000000012012039393939888811202078782626121121606020236633133182827777202020203357572202206868214214258258' and expected object '20232023000012032261203226386554386554390378390378829178291782595825957931793119706619706678310278310225579525579512121971212197604149604149202320230000000000000000000000000012012039393939888811202078782626121121606020236633133182827777202020203357572202206868214214258258' are equal

30-03-2025T16:54:08 - [MESSAGE][PASSED] - Actual object '20232023000012032261203226386554386554390378390378829178291782595825957931793119706619706678310278310225579525579512121971212197604149604149202320230000000000000000000000000012012039393939888811202078782626121121606020236633133182827777202020203357572202206868214214258258' and expected object '20232023000012032261203226386554386554390378390378829178291782595825957931793119706619706678310278310225579525579512121971212197604149604149202320230000000000000000000000000012012039393939888811202078782626121121606020236633133182827777202020203357572202206868214214258258' are equal

30-03-2025T16:54:08 - [TEST_STEP][PASSED] - closeBrowser(): Browser is closed

30-03-2025T16:54:09 - [MESSAGE][PASSED] - Browser is closed]]></system-out>
         <system-err><![CDATA[]]></system-err>
      </testcase>
      <testcase name="Test Cases/Сверки дашбордов/Факторный анализ сверка дашбордов" time="116.255" classname="Test Cases/Сверки дашбордов/Факторный анализ сверка дашбордов" status="FAILED">
         <failure type="FAILED" message="Test Cases/Сверки дашбордов/Факторный анализ сверка дашбордов FAILED.&#xa;Reason:&#xa;com.kms.katalon.core.exception.StepFailedException: Unable to get text of object 'Object Repository/Факторный анализ/Отклонения выручки по факторам Выручка' (Root cause: com.kms.katalon.core.exception.StepFailedException: Unable to get text of object 'Object Repository/Факторный анализ/Отклонения выручки по факторам Выручка'&#xa;	at com.kms.katalon.core.webui.keyword.internal.WebUIKeywordMain.stepFailed(WebUIKeywordMain.groovy:64)&#xa;	at com.kms.katalon.core.webui.keyword.internal.WebUIKeywordMain.runKeyword(WebUIKeywordMain.groovy:26)&#xa;	at com.kms.katalon.core.webui.keyword.builtin.GetTextKeyword.getText(GetTextKeyword.groovy:88)&#xa;	at com.kms.katalon.core.webui.keyword.builtin.GetTextKeyword.execute(GetTextKeyword.groovy:67)&#xa;	at com.kms.katalon.core.keyword.internal.KeywordExecutor.executeKeywordForPlatform(KeywordExecutor.groovy:74)&#xa;	at com.kms.katalon.core.webui.keyword.WebUiBuiltInKeywords.getText(WebUiBuiltInKeywords.groovy:957)&#xa;	at Факторный анализ сверка дашбордов.Test(Факторный анализ сверка дашбордов:365)&#xa;	at Факторный анализ сверка дашбордов.run(Факторный анализ сверка дашбордов:44)&#xa;	at com.kms.katalon.core.main.ScriptEngine.run(ScriptEngine.java:194)&#xa;	at com.kms.katalon.core.main.ScriptEngine.runScriptAsRawText(ScriptEngine.java:119)&#xa;	at com.kms.katalon.core.main.TestCaseExecutor.runScript(TestCaseExecutor.java:448)&#xa;	at com.kms.katalon.core.main.TestCaseExecutor.doExecute(TestCaseExecutor.java:439)&#xa;	at com.kms.katalon.core.main.TestCaseExecutor.processExecutionPhase(TestCaseExecutor.java:418)&#xa;	at com.kms.katalon.core.main.TestCaseExecutor.accessMainPhase(TestCaseExecutor.java:410)&#xa;	at com.kms.katalon.core.main.TestCaseExecutor.execute(TestCaseExecutor.java:285)&#xa;	at com.kms.katalon.core.common.CommonExecutor.accessTestCaseMainPhase(CommonExecutor.java:65)&#xa;	at com.kms.katalon.core.main.TestSuiteExecutor.accessTestSuiteMainPhase(TestSuiteExecutor.java:150)&#xa;	at com.kms.katalon.core.main.TestSuiteExecutor.execute(TestSuiteExecutor.java:106)&#xa;	at com.kms.katalon.core.main.TestCaseMain.startTestSuite(TestCaseMain.java:180)&#xa;	at TempTestSuite1743336560690.run(TempTestSuite1743336560690.groovy:35)&#xa;	at java.base/jdk.internal.reflect.NativeMethodAccessorImpl.invoke0(Native Method)&#xa;	at java.base/jdk.internal.reflect.NativeMethodAccessorImpl.invoke(NativeMethodAccessorImpl.java:77)&#xa;	at java.base/jdk.internal.reflect.DelegatingMethodAccessorImpl.invoke(DelegatingMethodAccessorImpl.java:43)&#xa;Caused by: com.kms.katalon.core.webui.exception.WebElementNotFoundException: Web element with id: 'Object Repository/Факторный анализ/Отклонения выручки по факторам Выручка' located by '(.//*[normalize-space(text()) and normalize-space(.)='В начало'])[20]/following::*[name()='svg'][1]' not found&#xa;	at com.kms.katalon.core.webui.common.WebUiCommonHelper.findWebElement(WebUiCommonHelper.java:1426)&#xa;	at com.kms.katalon.core.webui.keyword.internal.WebUIAbstractKeyword.findWebElement(WebUIAbstractKeyword.groovy:27)&#xa;	at com.kms.katalon.core.webui.keyword.internal.WebUIAbstractKeyword.findWebElement(WebUIAbstractKeyword.groovy:26)&#xa;	at com.kms.katalon.core.webui.keyword.builtin.GetTextKeyword$_getText_closure1.doCall(GetTextKeyword.groovy:78)&#xa;	at com.kms.katalon.core.webui.keyword.builtin.GetTextKeyword$_getText_closure1.call(GetTextKeyword.groovy)&#xa;	at com.kms.katalon.core.webui.keyword.internal.WebUIKeywordMain.runKeyword(WebUIKeywordMain.groovy:20)&#xa;	at com.kms.katalon.core.webui.keyword.builtin.GetTextKeyword.getText(GetTextKeyword.groovy:88)&#xa;	at com.kms.katalon.core.webui.keyword.builtin.GetTextKeyword.execute(GetTextKeyword.groovy:67)&#xa;	at com.kms.katalon.core.keyword.internal.KeywordExecutor.executeKeywordForPlatform(KeywordExecutor.groovy:74)&#xa;	at com.kms.katalon.core.webui.keyword.WebUiBuiltInKeywords.getText(WebUiBuiltInKeywords.groovy:957)&#xa;	at Script1719551244403.Test(Script1719551244403.groovy:365)&#xa;	at Script1719551244403.run(Script1719551244403.groovy:44)&#xa;	... 15 more&#xa;)&#xa;	at com.kms.katalon.core.keyword.internal.KeywordMain.stepFailed(KeywordMain.groovy:39)&#xa;	at com.kms.katalon.core.webui.keyword.internal.WebUIKeywordMain.stepFailed(WebUIKeywordMain.groovy:64)&#xa;	at com.kms.katalon.core.webui.keyword.internal.WebUIKeywordMain.runKeyword(WebUIKeywordMain.groovy:26)&#xa;	at com.kms.katalon.core.webui.keyword.builtin.GetTextKeyword.getText(GetTextKeyword.groovy:88)&#xa;	at com.kms.katalon.core.webui.keyword.builtin.GetTextKeyword.execute(GetTextKeyword.groovy:67)&#xa;	at com.kms.katalon.core.keyword.internal.KeywordExecutor.executeKeywordForPlatform(KeywordExecutor.groovy:74)&#xa;	at com.kms.katalon.core.webui.keyword.WebUiBuiltInKeywords.getText(WebUiBuiltInKeywords.groovy:957)&#xa;	at Факторный анализ сверка дашбордов.Test(Факторный анализ сверка дашбордов:365)&#xa;	at Факторный анализ сверка дашбордов.run(Факторный анализ сверка дашбордов:44)&#xa;	at com.kms.katalon.core.main.ScriptEngine.run(ScriptEngine.java:194)&#xa;	at com.kms.katalon.core.main.ScriptEngine.runScriptAsRawText(ScriptEngine.java:119)&#xa;	at com.kms.katalon.core.main.TestCaseExecutor.runScript(TestCaseExecutor.java:448)&#xa;	at com.kms.katalon.core.main.TestCaseExecutor.doExecute(TestCaseExecutor.java:439)&#xa;	at com.kms.katalon.core.main.TestCaseExecutor.processExecutionPhase(TestCaseExecutor.java:418)&#xa;	at com.kms.katalon.core.main.TestCaseExecutor.accessMainPhase(TestCaseExecutor.java:410)&#xa;	at com.kms.katalon.core.main.TestCaseExecutor.execute(TestCaseExecutor.java:285)&#xa;	at com.kms.katalon.core.common.CommonExecutor.accessTestCaseMainPhase(CommonExecutor.java:65)&#xa;	at com.kms.katalon.core.main.TestSuiteExecutor.accessTestSuiteMainPhase(TestSuiteExecutor.java:150)&#xa;	at com.kms.katalon.core.main.TestSuiteExecutor.execute(TestSuiteExecutor.java:106)&#xa;	at com.kms.katalon.core.main.TestCaseMain.startTestSuite(TestCaseMain.java:180)&#xa;	at TempTestSuite1743336560690.run(TempTestSuite1743336560690.groovy:35)&#xa;	at java.base/jdk.internal.reflect.NativeMethodAccessorImpl.invoke0(Native Method)&#xa;	at java.base/jdk.internal.reflect.NativeMethodAccessorImpl.invoke(NativeMethodAccessorImpl.java:77)&#xa;	at java.base/jdk.internal.reflect.DelegatingMethodAccessorImpl.invoke(DelegatingMethodAccessorImpl.java:43)&#xa;Caused by: com.kms.katalon.core.exception.StepFailedException: Unable to get text of object 'Object Repository/Факторный анализ/Отклонения выручки по факторам Выручка'&#xa;	... 23 more&#xa;Caused by: com.kms.katalon.core.webui.exception.WebElementNotFoundException: Web element with id: 'Object Repository/Факторный анализ/Отклонения выручки по факторам Выручка' located by '(.//*[normalize-space(text()) and normalize-space(.)='В начало'])[20]/following::*[name()='svg'][1]' not found&#xa;	at com.kms.katalon.core.webui.common.WebUiCommonHelper.findWebElement(WebUiCommonHelper.java:1426)&#xa;	at com.kms.katalon.core.webui.keyword.internal.WebUIAbstractKeyword.findWebElement(WebUIAbstractKeyword.groovy:27)&#xa;	at com.kms.katalon.core.webui.keyword.internal.WebUIAbstractKeyword.findWebElement(WebUIAbstractKeyword.groovy:26)&#xa;	at com.kms.katalon.core.webui.keyword.builtin.GetTextKeyword$_getText_closure1.doCall(GetTextKeyword.groovy:78)&#xa;	at com.kms.katalon.core.webui.keyword.builtin.GetTextKeyword$_getText_closure1.call(GetTextKeyword.groovy)&#xa;	at com.kms.katalon.core.webui.keyword.internal.WebUIKeywordMain.runKeyword(WebUIKeywordMain.groovy:20)&#xa;	... 21 more&#xa;"/>
         <system-out><![CDATA[30-03-2025T16:54:09 - [TEST_CASE][FAILED] - Test Cases/Сверки дашбордов/Факторный анализ сверка дашбордов: Test Cases/Сверки дашбордов/Факторный анализ сверка дашбордов FAILED.
Reason:
com.kms.katalon.core.exception.StepFailedException: Unable to get text of object 'Object Repository/Факторный анализ/Отклонения выручки по факторам Выручка' (Root cause: com.kms.katalon.core.exception.StepFailedException: Unable to get text of object 'Object Repository/Факторный анализ/Отклонения выручки по факторам Выручка'
	at com.kms.katalon.core.webui.keyword.internal.WebUIKeywordMain.stepFailed(WebUIKeywordMain.groovy:64)
	at com.kms.katalon.core.webui.keyword.internal.WebUIKeywordMain.runKeyword(WebUIKeywordMain.groovy:26)
	at com.kms.katalon.core.webui.keyword.builtin.GetTextKeyword.getText(GetTextKeyword.groovy:88)
	at com.kms.katalon.core.webui.keyword.builtin.GetTextKeyword.execute(GetTextKeyword.groovy:67)
	at com.kms.katalon.core.keyword.internal.KeywordExecutor.executeKeywordForPlatform(KeywordExecutor.groovy:74)
	at com.kms.katalon.core.webui.keyword.WebUiBuiltInKeywords.getText(WebUiBuiltInKeywords.groovy:957)
	at Факторный анализ сверка дашбордов.Test(Факторный анализ сверка дашбордов:365)
	at Факторный анализ сверка дашбордов.run(Факторный анализ сверка дашбордов:44)
	at com.kms.katalon.core.main.ScriptEngine.run(ScriptEngine.java:194)
	at com.kms.katalon.core.main.ScriptEngine.runScriptAsRawText(ScriptEngine.java:119)
	at com.kms.katalon.core.main.TestCaseExecutor.runScript(TestCaseExecutor.java:448)
	at com.kms.katalon.core.main.TestCaseExecutor.doExecute(TestCaseExecutor.java:439)
	at com.kms.katalon.core.main.TestCaseExecutor.processExecutionPhase(TestCaseExecutor.java:418)
	at com.kms.katalon.core.main.TestCaseExecutor.accessMainPhase(TestCaseExecutor.java:410)
	at com.kms.katalon.core.main.TestCaseExecutor.execute(TestCaseExecutor.java:285)
	at com.kms.katalon.core.common.CommonExecutor.accessTestCaseMainPhase(CommonExecutor.java:65)
	at com.kms.katalon.core.main.TestSuiteExecutor.accessTestSuiteMainPhase(TestSuiteExecutor.java:150)
	at com.kms.katalon.core.main.TestSuiteExecutor.execute(TestSuiteExecutor.java:106)
	at com.kms.katalon.core.main.TestCaseMain.startTestSuite(TestCaseMain.java:180)
	at TempTestSuite1743336560690.run(TempTestSuite1743336560690.groovy:35)
	at java.base/jdk.internal.reflect.NativeMethodAccessorImpl.invoke0(Native Method)
	at java.base/jdk.internal.reflect.NativeMethodAccessorImpl.invoke(NativeMethodAccessorImpl.java:77)
	at java.base/jdk.internal.reflect.DelegatingMethodAccessorImpl.invoke(DelegatingMethodAccessorImpl.java:43)
Caused by: com.kms.katalon.core.webui.exception.WebElementNotFoundException: Web element with id: 'Object Repository/Факторный анализ/Отклонения выручки по факторам Выручка' located by '(.//*[normalize-space(text()) and normalize-space(.)='В начало'])[20]/following::*[name()='svg'][1]' not found
	at com.kms.katalon.core.webui.common.WebUiCommonHelper.findWebElement(WebUiCommonHelper.java:1426)
	at com.kms.katalon.core.webui.keyword.internal.WebUIAbstractKeyword.findWebElement(WebUIAbstractKeyword.groovy:27)
	at com.kms.katalon.core.webui.keyword.internal.WebUIAbstractKeyword.findWebElement(WebUIAbstractKeyword.groovy:26)
	at com.kms.katalon.core.webui.keyword.builtin.GetTextKeyword$_getText_closure1.doCall(GetTextKeyword.groovy:78)
	at com.kms.katalon.core.webui.keyword.builtin.GetTextKeyword$_getText_closure1.call(GetTextKeyword.groovy)
	at com.kms.katalon.core.webui.keyword.internal.WebUIKeywordMain.runKeyword(WebUIKeywordMain.groovy:20)
	at com.kms.katalon.core.webui.keyword.builtin.GetTextKeyword.getText(GetTextKeyword.groovy:88)
	at com.kms.katalon.core.webui.keyword.builtin.GetTextKeyword.execute(GetTextKeyword.groovy:67)
	at com.kms.katalon.core.keyword.internal.KeywordExecutor.executeKeywordForPlatform(KeywordExecutor.groovy:74)
	at com.kms.katalon.core.webui.keyword.WebUiBuiltInKeywords.getText(WebUiBuiltInKeywords.groovy:957)
	at Script1719551244403.Test(Script1719551244403.groovy:365)
	at Script1719551244403.run(Script1719551244403.groovy:44)
	... 15 more
)
	at com.kms.katalon.core.keyword.internal.KeywordMain.stepFailed(KeywordMain.groovy:39)
	at com.kms.katalon.core.webui.keyword.internal.WebUIKeywordMain.stepFailed(WebUIKeywordMain.groovy:64)
	at com.kms.katalon.core.webui.keyword.internal.WebUIKeywordMain.runKeyword(WebUIKeywordMain.groovy:26)
	at com.kms.katalon.core.webui.keyword.builtin.GetTextKeyword.getText(GetTextKeyword.groovy:88)
	at com.kms.katalon.core.webui.keyword.builtin.GetTextKeyword.execute(GetTextKeyword.groovy:67)
	at com.kms.katalon.core.keyword.internal.KeywordExecutor.executeKeywordForPlatform(KeywordExecutor.groovy:74)
	at com.kms.katalon.core.webui.keyword.WebUiBuiltInKeywords.getText(WebUiBuiltInKeywords.groovy:957)
	at Факторный анализ сверка дашбордов.Test(Факторный анализ сверка дашбордов:365)
	at Факторный анализ сверка дашбордов.run(Факторный анализ сверка дашбордов:44)
	at com.kms.katalon.core.main.ScriptEngine.run(ScriptEngine.java:194)
	at com.kms.katalon.core.main.ScriptEngine.runScriptAsRawText(ScriptEngine.java:119)
	at com.kms.katalon.core.main.TestCaseExecutor.runScript(TestCaseExecutor.java:448)
	at com.kms.katalon.core.main.TestCaseExecutor.doExecute(TestCaseExecutor.java:439)
	at com.kms.katalon.core.main.TestCaseExecutor.processExecutionPhase(TestCaseExecutor.java:418)
	at com.kms.katalon.core.main.TestCaseExecutor.accessMainPhase(TestCaseExecutor.java:410)
	at com.kms.katalon.core.main.TestCaseExecutor.execute(TestCaseExecutor.java:285)
	at com.kms.katalon.core.common.CommonExecutor.accessTestCaseMainPhase(CommonExecutor.java:65)
	at com.kms.katalon.core.main.TestSuiteExecutor.accessTestSuiteMainPhase(TestSuiteExecutor.java:150)
	at com.kms.katalon.core.main.TestSuiteExecutor.execute(TestSuiteExecutor.java:106)
	at com.kms.katalon.core.main.TestCaseMain.startTestSuite(TestCaseMain.java:180)
	at TempTestSuite1743336560690.run(TempTestSuite1743336560690.groovy:35)
	at java.base/jdk.internal.reflect.NativeMethodAccessorImpl.invoke0(Native Method)
	at java.base/jdk.internal.reflect.NativeMethodAccessorImpl.invoke(NativeMethodAccessorImpl.java:77)
	at java.base/jdk.internal.reflect.DelegatingMethodAccessorImpl.invoke(DelegatingMethodAccessorImpl.java:43)
Caused by: com.kms.katalon.core.exception.StepFailedException: Unable to get text of object 'Object Repository/Факторный анализ/Отклонения выручки по факторам Выручка'
	... 23 more
Caused by: com.kms.katalon.core.webui.exception.WebElementNotFoundException: Web element with id: 'Object Repository/Факторный анализ/Отклонения выручки по факторам Выручка' located by '(.//*[normalize-space(text()) and normalize-space(.)='В начало'])[20]/following::*[name()='svg'][1]' not found
	at com.kms.katalon.core.webui.common.WebUiCommonHelper.findWebElement(WebUiCommonHelper.java:1426)
	at com.kms.katalon.core.webui.keyword.internal.WebUIAbstractKeyword.findWebElement(WebUIAbstractKeyword.groovy:27)
	at com.kms.katalon.core.webui.keyword.internal.WebUIAbstractKeyword.findWebElement(WebUIAbstractKeyword.groovy:26)
	at com.kms.katalon.core.webui.keyword.builtin.GetTextKeyword$_getText_closure1.doCall(GetTextKeyword.groovy:78)
	at com.kms.katalon.core.webui.keyword.builtin.GetTextKeyword$_getText_closure1.call(GetTextKeyword.groovy)
	at com.kms.katalon.core.webui.keyword.internal.WebUIKeywordMain.runKeyword(WebUIKeywordMain.groovy:20)
	... 21 more


30-03-2025T16:54:09 - [TEST_STEP][PASSED] - date = new java.util.Date(): null

30-03-2025T16:54:09 - [TEST_STEP][PASSED] - todaysDate = date.format("dd.MM.yyyy"): null

30-03-2025T16:54:09 - [TEST_STEP][PASSED] - typeOfData = <not implemented yet for class: org.codehaus.groovy.ast.expr.EmptyExpression>: null

30-03-2025T16:54:09 - [TEST_STEP][PASSED] - otobrajeniyeDannyh = <not implemented yet for class: org.codehaus.groovy.ast.expr.EmptyExpression>: null

30-03-2025T16:54:09 - [TEST_STEP][PASSED] - println(todaysDate): null

30-03-2025T16:54:09 - [TEST_STEP][PASSED] - vidget = <not implemented yet for class: org.codehaus.groovy.ast.expr.EmptyExpression>: null

30-03-2025T16:54:09 - [TEST_STEP][PASSED] - x = <not implemented yet for class: org.codehaus.groovy.ast.expr.EmptyExpression>: null

30-03-2025T16:54:09 - [TEST_STEP][PASSED] - y = <not implemented yet for class: org.codehaus.groovy.ast.expr.EmptyExpression>: null

30-03-2025T16:54:09 - [TEST_STEP][PASSED] - DZO = <not implemented yet for class: org.codehaus.groovy.ast.expr.EmptyExpression>: null

30-03-2025T16:54:09 - [TEST_STEP][PASSED] - openBrowser(""): Browser is opened with url: ''

30-03-2025T16:54:09 - [MESSAGE][INFO] - Starting 'Chrome' driver

30-03-2025T16:54:09 - [MESSAGE][INFO] - Action delay is set to 0 milliseconds

30-03-2025T16:54:10 - [MESSAGE][PASSED] - Browser is opened with url: ''

30-03-2025T16:54:10 - [TEST_STEP][PASSED] - run = 1: null

30-03-2025T16:54:10 - [TEST_STEP][PASSED] - for ([run = 1, run < 3, (run++)]): null

30-03-2025T16:54:10 - [TEST_STEP][PASSED] - Script1719551244403.Test(run, todaysDate, typeOfData, otobrajeniyeDannyh, x, y, vidget, DZO): null

30-03-2025T16:54:10 - [TEST_STEP][PASSED] - navigateToUrl(findTestData("PlanFact").getValue(10, 3)): Navigate to 'https://bi.rosseti.digital/viewer?dashboardGuid=2301950b23be4ed89c1df75f2020051e&sheetGuid=ccd7d7486b3d4e6fa0ee9b1eaebed46c&fit=true' successfully

30-03-2025T16:54:16 - [MESSAGE][PASSED] - Navigate to 'https://bi.rosseti.digital/viewer?dashboardGuid=2301950b23be4ed89c1df75f2020051e&sheetGuid=ccd7d7486b3d4e6fa0ee9b1eaebed46c&fit=true' successfully

30-03-2025T16:54:16 - [TEST_STEP][PASSED] - Script1719551244403.Autorization(run): null

30-03-2025T16:54:16 - [TEST_STEP][PASSED] - delay(10): Delayed 10 second(s)

30-03-2025T16:54:26 - [MESSAGE][PASSED] - Delayed 10 second(s)

30-03-2025T16:54:26 - [TEST_STEP][PASSED] - if (run == 1): Delayed 10 second(s)

30-03-2025T16:54:26 - [TEST_STEP][PASSED] - setText(findTestObject("Страница авторизации/input__username"), findTestData("PlanFact").getValue(8, 1)): Text 'liazgina-di' is set on object 'Object Repository/Страница авторизации/input__username'

30-03-2025T16:54:26 - [MESSAGE][PASSED] - Text 'liazgina-di' is set on object 'Object Repository/Страница авторизации/input__username'

30-03-2025T16:54:26 - [TEST_STEP][PASSED] - setText(findTestObject("Страница авторизации/input__password"), findTestData("PlanFact").getValue(9, 1)): Text ')$%5srZ8o688Dm#q' is set on object 'Object Repository/Страница авторизации/input__password'

30-03-2025T16:54:27 - [MESSAGE][PASSED] - Text ')$%5srZ8o688Dm#q' is set on object 'Object Repository/Страница авторизации/input__password'

30-03-2025T16:54:27 - [TEST_STEP][PASSED] - click(findTestObject("Страница авторизации/button_")): Object: 'Object Repository/Страница авторизации/button_' is clicked on

30-03-2025T16:54:29 - [MESSAGE][PASSED] - Object: 'Object Repository/Страница авторизации/button_' is clicked on

30-03-2025T16:54:29 - [TEST_STEP][PASSED] - delay(10): Delayed 10 second(s)

30-03-2025T16:54:39 - [MESSAGE][PASSED] - Delayed 10 second(s)

30-03-2025T16:54:39 - [TEST_STEP][PASSED] - i = <not implemented yet for class: org.codehaus.groovy.ast.expr.EmptyExpression>: null

30-03-2025T16:54:39 - [TEST_STEP][PASSED] - ii = <not implemented yet for class: org.codehaus.groovy.ast.expr.EmptyExpression>: null

30-03-2025T16:54:39 - [TEST_STEP][PASSED] - a = <not implemented yet for class: org.codehaus.groovy.ast.expr.EmptyExpression>: null

30-03-2025T16:54:39 - [TEST_STEP][PASSED] - a1 = <not implemented yet for class: org.codehaus.groovy.ast.expr.EmptyExpression>: null

30-03-2025T16:54:39 - [TEST_STEP][PASSED] - a2 = <not implemented yet for class: org.codehaus.groovy.ast.expr.EmptyExpression>: null

30-03-2025T16:54:39 - [TEST_STEP][PASSED] - click(findTestObject("Факторный анализ/Фильтр Период")): Object: 'Object Repository/Факторный анализ/Фильтр Период' is clicked on

30-03-2025T16:54:39 - [MESSAGE][PASSED] - Object: 'Object Repository/Факторный анализ/Фильтр Период' is clicked on

30-03-2025T16:54:39 - [TEST_STEP][PASSED] - click(findTestObject("Факторный анализ/Снять выделение в фильтре Дата")): Object: 'Object Repository/Факторный анализ/Снять выделение в фильтре Дата' is clicked on

30-03-2025T16:54:39 - [MESSAGE][PASSED] - Object: 'Object Repository/Факторный анализ/Снять выделение в фильтре Дата' is clicked on

30-03-2025T16:54:39 - [TEST_STEP][PASSED] - click(findTestObject("Факторный анализ/Применить в фильтре Дата")): Object: 'Object Repository/Факторный анализ/Применить в фильтре Дата' is clicked on

30-03-2025T16:54:40 - [MESSAGE][PASSED] - Object: 'Object Repository/Факторный анализ/Применить в фильтре Дата' is clicked on

30-03-2025T16:54:40 - [TEST_STEP][PASSED] - delay(10): Delayed 10 second(s)

30-03-2025T16:54:50 - [MESSAGE][PASSED] - Delayed 10 second(s)

30-03-2025T16:54:50 - [TEST_STEP][PASSED] - click(findTestObject("Факторный анализ/Фильтр Период")): Object: 'Object Repository/Факторный анализ/Фильтр Период' is clicked on

30-03-2025T16:54:50 - [MESSAGE][PASSED] - Object: 'Object Repository/Факторный анализ/Фильтр Период' is clicked on

30-03-2025T16:54:50 - [TEST_STEP][PASSED] - click(findTestObject("Факторный анализ/Снять выделение в фильтре Дата")): Object: 'Object Repository/Факторный анализ/Снять выделение в фильтре Дата' is clicked on

30-03-2025T16:54:51 - [MESSAGE][PASSED] - Object: 'Object Repository/Факторный анализ/Снять выделение в фильтре Дата' is clicked on

30-03-2025T16:54:51 - [TEST_STEP][PASSED] - scrollToElement(findTestObject("Факторный анализ/2025 список"), 30): Scroll to object 'Object Repository/Факторный анализ/2025 список' successfully

30-03-2025T16:54:51 - [MESSAGE][PASSED] - Scroll to object 'Object Repository/Факторный анализ/2025 список' successfully

30-03-2025T16:54:51 - [TEST_STEP][PASSED] - click(findTestObject("Факторный анализ/2025 список")): Object: 'Object Repository/Факторный анализ/2025 список' is clicked on

30-03-2025T16:54:51 - [MESSAGE][PASSED] - Object: 'Object Repository/Факторный анализ/2025 список' is clicked on

30-03-2025T16:54:51 - [TEST_STEP][PASSED] - scrollToElement(findTestObject("Факторный анализ/1 квартал 2025 список"), 30): Scroll to object 'Object Repository/Факторный анализ/1 квартал 2025 список' successfully

30-03-2025T16:54:52 - [MESSAGE][PASSED] - Scroll to object 'Object Repository/Факторный анализ/1 квартал 2025 список' successfully

30-03-2025T16:54:52 - [TEST_STEP][PASSED] - click(findTestObject("Факторный анализ/1 квартал 2025 список"), CONTINUE_ON_FAILURE): Object: 'Object Repository/Факторный анализ/1 квартал 2025 список' is clicked on

30-03-2025T16:54:52 - [MESSAGE][PASSED] - Object: 'Object Repository/Факторный анализ/1 квартал 2025 список' is clicked on

30-03-2025T16:54:52 - [TEST_STEP][PASSED] - scrollToElement(findTestObject("Факторный анализ/Январь 2025"), 30): Scroll to object 'Object Repository/Факторный анализ/Январь 2025' successfully

30-03-2025T16:54:53 - [MESSAGE][PASSED] - Scroll to object 'Object Repository/Факторный анализ/Январь 2025' successfully

30-03-2025T16:54:53 - [TEST_STEP][PASSED] - click(findTestObject("Факторный анализ/Январь 2025"), CONTINUE_ON_FAILURE): Object: 'Object Repository/Факторный анализ/Январь 2025' is clicked on

30-03-2025T16:54:53 - [MESSAGE][PASSED] - Object: 'Object Repository/Факторный анализ/Январь 2025' is clicked on

30-03-2025T16:54:53 - [TEST_STEP][PASSED] - scrollToElement(findTestObject("Факторный анализ/Февраль 2025"), 30): Scroll to object 'Object Repository/Факторный анализ/Февраль 2025' successfully

30-03-2025T16:54:53 - [MESSAGE][PASSED] - Scroll to object 'Object Repository/Факторный анализ/Февраль 2025' successfully

30-03-2025T16:54:53 - [TEST_STEP][PASSED] - click(findTestObject("Факторный анализ/Февраль 2025"), CONTINUE_ON_FAILURE): Object: 'Object Repository/Факторный анализ/Февраль 2025' is clicked on

30-03-2025T16:54:54 - [MESSAGE][PASSED] - Object: 'Object Repository/Факторный анализ/Февраль 2025' is clicked on

30-03-2025T16:54:54 - [TEST_STEP][PASSED] - scrollToElement(findTestObject("Факторный анализ/Заголовок дашборда"), 30): Scroll to object 'Object Repository/Факторный анализ/Заголовок дашборда' successfully

30-03-2025T16:54:54 - [MESSAGE][PASSED] - Scroll to object 'Object Repository/Факторный анализ/Заголовок дашборда' successfully

30-03-2025T16:54:54 - [TEST_STEP][PASSED] - click(findTestObject("Факторный анализ/Применить в фильтре Дата")): Object: 'Object Repository/Факторный анализ/Применить в фильтре Дата' is clicked on

30-03-2025T16:54:55 - [MESSAGE][PASSED] - Object: 'Object Repository/Факторный анализ/Применить в фильтре Дата' is clicked on

30-03-2025T16:54:55 - [TEST_STEP][PASSED] - if (run == 1): null

30-03-2025T16:54:55 - [TEST_STEP][PASSED] - a = getText(findTestObject("Факторный анализ/Отклонения выручки по факторам Блок руководителя")): Text of object 'Object Repository/Факторный анализ/Отклонения выручки по факторам Блок руководителя' is: '-34 614-34 614
1 0161 016
Отклонение (объём услуг)
Отклонение (средний тариф)
ПАО Россети'

30-03-2025T16:54:57 - [MESSAGE][PASSED] - Text of object 'Object Repository/Факторный анализ/Отклонения выручки по факторам Блок руководителя' is: '-34 614-34 614
1 0161 016
Отклонение (объём услуг)
Отклонение (средний тариф)
ПАО Россети'

30-03-2025T16:54:57 - [TEST_STEP][PASSED] - a = a.replaceAll("[\r?
|
]", "/"): null

30-03-2025T16:54:57 - [TEST_STEP][PASSED] - i = a.indexOf("Отклонение"): null

30-03-2025T16:54:57 - [TEST_STEP][PASSED] - if (i > -1): null

30-03-2025T16:54:57 - [TEST_STEP][PASSED] - i = i: null

30-03-2025T16:54:57 - [TEST_STEP][PASSED] - a = substring(0, i).trim(): null

30-03-2025T16:54:57 - [TEST_STEP][PASSED] - println("a: " + a): null

30-03-2025T16:54:57 - [TEST_STEP][PASSED] - i = a.indexOf("/"): null

30-03-2025T16:54:57 - [TEST_STEP][PASSED] - if (i > -1): null

30-03-2025T16:54:57 - [TEST_STEP][PASSED] - a1 = a.substring(0, i): null

30-03-2025T16:54:57 - [TEST_STEP][PASSED] - println("a1: " + a1): null

30-03-2025T16:54:57 - [TEST_STEP][PASSED] - a2 = a.substring(a1.length() + 1, a.length()): null

30-03-2025T16:54:57 - [TEST_STEP][PASSED] - println("a2: " + a2): null

30-03-2025T16:54:57 - [TEST_STEP][PASSED] - i = a1.length() / 2: null

30-03-2025T16:54:57 - [TEST_STEP][PASSED] - if (i > -1): null

30-03-2025T16:54:57 - [TEST_STEP][PASSED] - a1 = replaceAll("\s+", "").trim(): null

30-03-2025T16:54:57 - [TEST_STEP][PASSED] - println("a1: " + a1): null

30-03-2025T16:54:57 - [TEST_STEP][PASSED] - i = a2.length() / 2: null

30-03-2025T16:54:57 - [TEST_STEP][PASSED] - if (i > -1): null

30-03-2025T16:54:57 - [TEST_STEP][PASSED] - a2 = replaceAll("\s+", "").trim(): null

30-03-2025T16:54:57 - [TEST_STEP][PASSED] - println("a2: " + a2): null

30-03-2025T16:54:57 - [TEST_STEP][PASSED] - tableA = getText(findTestObject("Факторный анализ/AllTable1")).replaceAll("[\r?
|
]", "/"): Text of object 'Object Repository/Факторный анализ/AllTable1' is: 'ДЗО
Филиал
Отклонение (объём услуг)
Отклонение (средний тариф)
АО "РЭС" АО "РЭС" - 166 -3
АО «Тываэнерго» АО "Тываэнерго" 14 13
АО «Чеченэнерго» АО «Чеченэнерго» -34 -42
Россети Волга Мордовэнерго - 158 -6
Оренбургэнерго - 115 -31
Пензаэнерго -18 -5
Самарские РС - 184 291
Саратовские РС -52 -90
Ульяновские РС 74 1
Чувашэнерго -4 28
Россети Кубань Кубаньэнерго 32 520
Россети Ленэнерго (ГК) Ленинградская область - 345 367
г. Санкт-Петербург - 293 28
Россети Московский регион Московская область -1 445 173
г. Москва - 232 152
Россети Северный Кавказ (ГК) Дагэнерго - 396 -40
Ингушэнерго -73 46
Каббалкэнерго 49 -2
Карачаево-Черкесскэнерго 7 - 221
Севкавказэнерго - 220 -22
Ставропольэнерго 10 58
Россети Северо-Запад Архангельский филиал -63 45
Вологодский филиал -23 35
Карельский филиал -62 -30
Мурманский филиал 12 -47
Новгородский филиал -45 13
Псковский филиал -45 33
филиал в Республике Коми -89 35
Россети Сибирь (ГК) Алтайэнерго 86 34
Бурятэнерго 52 -7
ГАЭС 19 4
Красноярскэнерго 230 44
Кузбассэнерго-РЭС 0 360
Омскэнерго 29 -34
Хакасэнерго -7 -33
Читаэнерго 0 71
Россети Томск Томская распределительная компания -71 24
Россети Тюмень Россети Тюмень -1 627 - 231
Россети Урал (ГК) Пермэнерго - 303 12
Свердловэнерго - 169 -5
Челябэнерго - 198 -38
Россети ФСК ЕЭС Итого по ФСК ЕЭС -27 513 - 872
Россети Центр Белгородэнерго -59 17
Брянскэнерго -29 -8
Воронежэнерго -36 14
Костромаэнерго -35 0
Курскэнерго -15 27
Липецкэнерго - 121 33
Орелэнерго -21 3
Смоленскэнерго -34 -4
Тамбовэнерго -2 -8
Тверьэнерго - 144 -3
Ярэнерго -96 2
Россети Центр и Приволжье (ГК) Владимирэнерго - 154 -23
Ивэнерго -4 -18
Калугаэнерго -15 30
Кировэнерго -37 16
Мариэнерго -19 17
Нижновэнерго - 195 38
Рязаньэнерго - 150 31
Тулэнерго -49 35
Удмуртэнерго -59 71
Россети Юг (ГК) АО «ВМЭС» -2 8
Астраханьэнерго 30 -20
Волгоградэнерго - 200 16
Калмэнерго 4 -1
Ростовэнерго 149 82
Россети Янтарь Россети Янтарь 19 31'

30-03-2025T16:54:57 - [MESSAGE][PASSED] - Text of object 'Object Repository/Факторный анализ/AllTable1' is: 'ДЗО
Филиал
Отклонение (объём услуг)
Отклонение (средний тариф)
АО "РЭС" АО "РЭС" - 166 -3
АО «Тываэнерго» АО "Тываэнерго" 14 13
АО «Чеченэнерго» АО «Чеченэнерго» -34 -42
Россети Волга Мордовэнерго - 158 -6
Оренбургэнерго - 115 -31
Пензаэнерго -18 -5
Самарские РС - 184 291
Саратовские РС -52 -90
Ульяновские РС 74 1
Чувашэнерго -4 28
Россети Кубань Кубаньэнерго 32 520
Россети Ленэнерго (ГК) Ленинградская область - 345 367
г. Санкт-Петербург - 293 28
Россети Московский регион Московская область -1 445 173
г. Москва - 232 152
Россети Северный Кавказ (ГК) Дагэнерго - 396 -40
Ингушэнерго -73 46
Каббалкэнерго 49 -2
Карачаево-Черкесскэнерго 7 - 221
Севкавказэнерго - 220 -22
Ставропольэнерго 10 58
Россети Северо-Запад Архангельский филиал -63 45
Вологодский филиал -23 35
Карельский филиал -62 -30
Мурманский филиал 12 -47
Новгородский филиал -45 13
Псковский филиал -45 33
филиал в Республике Коми -89 35
Россети Сибирь (ГК) Алтайэнерго 86 34
Бурятэнерго 52 -7
ГАЭС 19 4
Красноярскэнерго 230 44
Кузбассэнерго-РЭС 0 360
Омскэнерго 29 -34
Хакасэнерго -7 -33
Читаэнерго 0 71
Россети Томск Томская распределительная компания -71 24
Россети Тюмень Россети Тюмень -1 627 - 231
Россети Урал (ГК) Пермэнерго - 303 12
Свердловэнерго - 169 -5
Челябэнерго - 198 -38
Россети ФСК ЕЭС Итого по ФСК ЕЭС -27 513 - 872
Россети Центр Белгородэнерго -59 17
Брянскэнерго -29 -8
Воронежэнерго -36 14
Костромаэнерго -35 0
Курскэнерго -15 27
Липецкэнерго - 121 33
Орелэнерго -21 3
Смоленскэнерго -34 -4
Тамбовэнерго -2 -8
Тверьэнерго - 144 -3
Ярэнерго -96 2
Россети Центр и Приволжье (ГК) Владимирэнерго - 154 -23
Ивэнерго -4 -18
Калугаэнерго -15 30
Кировэнерго -37 16
Мариэнерго -19 17
Нижновэнерго - 195 38
Рязаньэнерго - 150 31
Тулэнерго -49 35
Удмуртэнерго -59 71
Россети Юг (ГК) АО «ВМЭС» -2 8
Астраханьэнерго 30 -20
Волгоградэнерго - 200 16
Калмэнерго 4 -1
Ростовэнерго 149 82
Россети Янтарь Россети Янтарь 19 31'

30-03-2025T16:54:57 - [TEST_STEP][PASSED] - println("tableA: " + tableA): null

30-03-2025T16:54:57 - [TEST_STEP][PASSED] - for ([i = 1, i < 5, (i++)]): null

30-03-2025T16:54:57 - [TEST_STEP][PASSED] - ii = tableA.indexOf("/") + 1: null

30-03-2025T16:54:57 - [TEST_STEP][PASSED] - tableA = tableA.substring(ii, tableA.length()): null

30-03-2025T16:54:57 - [TEST_STEP][PASSED] - ii = tableA.indexOf("/") + 1: null

30-03-2025T16:54:57 - [TEST_STEP][PASSED] - tableA = tableA.substring(ii, tableA.length()): null

30-03-2025T16:54:57 - [TEST_STEP][PASSED] - ii = tableA.indexOf("/") + 1: null

30-03-2025T16:54:57 - [TEST_STEP][PASSED] - tableA = tableA.substring(ii, tableA.length()): null

30-03-2025T16:54:57 - [TEST_STEP][PASSED] - ii = tableA.indexOf("/") + 1: null

30-03-2025T16:54:57 - [TEST_STEP][PASSED] - tableA = tableA.substring(ii, tableA.length()): null

30-03-2025T16:54:57 - [TEST_STEP][PASSED] - println("tableA: " + tableA): null

30-03-2025T16:54:57 - [TEST_STEP][PASSED] - TyA = Script1719551244403.GetData(x = tableA): null

30-03-2025T16:54:57 - [TEST_STEP][PASSED] - i2 = <not implemented yet for class: org.codehaus.groovy.ast.expr.EmptyExpression>: null

30-03-2025T16:54:57 - [TEST_STEP][PASSED] - i2 = x.indexOf("/") + 1: null

30-03-2025T16:54:57 - [TEST_STEP][PASSED] - x = replaceAll("\p{P}", "").trim(): null

30-03-2025T16:54:57 - [TEST_STEP][PASSED] - return x: null

30-03-2025T16:54:57 - [TEST_STEP][PASSED] - println("TyA: " + TyA): null

30-03-2025T16:54:57 - [TEST_STEP][PASSED] - tableA = Script1719551244403.NewDZO(x = tableA): null

30-03-2025T16:54:57 - [TEST_STEP][PASSED] - i3 = <not implemented yet for class: org.codehaus.groovy.ast.expr.EmptyExpression>: null

30-03-2025T16:54:57 - [TEST_STEP][PASSED] - i3 = x.indexOf("/") + 1: null

30-03-2025T16:54:57 - [TEST_STEP][PASSED] - x = x.substring(i3, x.length()): null

30-03-2025T16:54:57 - [TEST_STEP][PASSED] - return x: null

30-03-2025T16:54:57 - [TEST_STEP][PASSED] - ChA = Script1719551244403.GetData(x = tableA): null

30-03-2025T16:54:57 - [TEST_STEP][PASSED] - i2 = <not implemented yet for class: org.codehaus.groovy.ast.expr.EmptyExpression>: null

30-03-2025T16:54:57 - [TEST_STEP][PASSED] - i2 = x.indexOf("/") + 1: null

30-03-2025T16:54:57 - [TEST_STEP][PASSED] - x = replaceAll("\p{P}", "").trim(): null

30-03-2025T16:54:57 - [TEST_STEP][PASSED] - return x: null

30-03-2025T16:54:57 - [TEST_STEP][PASSED] - println("ChA: " + ChA): null

30-03-2025T16:54:57 - [TEST_STEP][PASSED] - tableA = Script1719551244403.NewDZO(x = tableA): null

30-03-2025T16:54:57 - [TEST_STEP][PASSED] - i3 = <not implemented yet for class: org.codehaus.groovy.ast.expr.EmptyExpression>: null

30-03-2025T16:54:57 - [TEST_STEP][PASSED] - i3 = x.indexOf("/") + 1: null

30-03-2025T16:54:57 - [TEST_STEP][PASSED] - x = x.substring(i3, x.length()): null

30-03-2025T16:54:57 - [TEST_STEP][PASSED] - return x: null

30-03-2025T16:54:57 - [TEST_STEP][PASSED] - i = tableA.indexOf("Кубань"): null

30-03-2025T16:54:57 - [TEST_STEP][PASSED] - VA = replaceAll("\p{P}", "").trim(): null

30-03-2025T16:54:57 - [TEST_STEP][PASSED] - println("VA: " + VA): null

30-03-2025T16:54:57 - [TEST_STEP][PASSED] - for ([i = 1, i < 8, (i++)]): null

30-03-2025T16:54:57 - [TEST_STEP][PASSED] - tableA = Script1719551244403.NewDZO(x = tableA): null

30-03-2025T16:54:57 - [TEST_STEP][PASSED] - i3 = <not implemented yet for class: org.codehaus.groovy.ast.expr.EmptyExpression>: null

30-03-2025T16:54:57 - [TEST_STEP][PASSED] - i3 = x.indexOf("/") + 1: null

30-03-2025T16:54:57 - [TEST_STEP][PASSED] - x = x.substring(i3, x.length()): null

30-03-2025T16:54:57 - [TEST_STEP][PASSED] - return x: null

30-03-2025T16:54:57 - [TEST_STEP][PASSED] - tableA = Script1719551244403.NewDZO(x = tableA): null

30-03-2025T16:54:57 - [TEST_STEP][PASSED] - i3 = <not implemented yet for class: org.codehaus.groovy.ast.expr.EmptyExpression>: null

30-03-2025T16:54:57 - [TEST_STEP][PASSED] - i3 = x.indexOf("/") + 1: null

30-03-2025T16:54:57 - [TEST_STEP][PASSED] - x = x.substring(i3, x.length()): null

30-03-2025T16:54:57 - [TEST_STEP][PASSED] - return x: null

30-03-2025T16:54:57 - [TEST_STEP][PASSED] - tableA = Script1719551244403.NewDZO(x = tableA): null

30-03-2025T16:54:57 - [TEST_STEP][PASSED] - i3 = <not implemented yet for class: org.codehaus.groovy.ast.expr.EmptyExpression>: null

30-03-2025T16:54:57 - [TEST_STEP][PASSED] - i3 = x.indexOf("/") + 1: null

30-03-2025T16:54:57 - [TEST_STEP][PASSED] - x = x.substring(i3, x.length()): null

30-03-2025T16:54:57 - [TEST_STEP][PASSED] - return x: null

30-03-2025T16:54:57 - [TEST_STEP][PASSED] - tableA = Script1719551244403.NewDZO(x = tableA): null

30-03-2025T16:54:57 - [TEST_STEP][PASSED] - i3 = <not implemented yet for class: org.codehaus.groovy.ast.expr.EmptyExpression>: null

30-03-2025T16:54:57 - [TEST_STEP][PASSED] - i3 = x.indexOf("/") + 1: null

30-03-2025T16:54:57 - [TEST_STEP][PASSED] - x = x.substring(i3, x.length()): null

30-03-2025T16:54:57 - [TEST_STEP][PASSED] - return x: null

30-03-2025T16:54:57 - [TEST_STEP][PASSED] - tableA = Script1719551244403.NewDZO(x = tableA): null

30-03-2025T16:54:57 - [TEST_STEP][PASSED] - i3 = <not implemented yet for class: org.codehaus.groovy.ast.expr.EmptyExpression>: null

30-03-2025T16:54:57 - [TEST_STEP][PASSED] - i3 = x.indexOf("/") + 1: null

30-03-2025T16:54:57 - [TEST_STEP][PASSED] - x = x.substring(i3, x.length()): null

30-03-2025T16:54:57 - [TEST_STEP][PASSED] - return x: null

30-03-2025T16:54:57 - [TEST_STEP][PASSED] - tableA = Script1719551244403.NewDZO(x = tableA): null

30-03-2025T16:54:57 - [TEST_STEP][PASSED] - i3 = <not implemented yet for class: org.codehaus.groovy.ast.expr.EmptyExpression>: null

30-03-2025T16:54:57 - [TEST_STEP][PASSED] - i3 = x.indexOf("/") + 1: null

30-03-2025T16:54:57 - [TEST_STEP][PASSED] - x = x.substring(i3, x.length()): null

30-03-2025T16:54:57 - [TEST_STEP][PASSED] - return x: null

30-03-2025T16:54:57 - [TEST_STEP][PASSED] - tableA = Script1719551244403.NewDZO(x = tableA): null

30-03-2025T16:54:57 - [TEST_STEP][PASSED] - i3 = <not implemented yet for class: org.codehaus.groovy.ast.expr.EmptyExpression>: null

30-03-2025T16:54:57 - [TEST_STEP][PASSED] - i3 = x.indexOf("/") + 1: null

30-03-2025T16:54:57 - [TEST_STEP][PASSED] - x = x.substring(i3, x.length()): null

30-03-2025T16:54:57 - [TEST_STEP][PASSED] - return x: null

30-03-2025T16:54:57 - [TEST_STEP][PASSED] - i = tableA.indexOf("Ленэнерго"): null

30-03-2025T16:54:57 - [TEST_STEP][PASSED] - KuA = Script1719551244403.GetData(x = tableA): null

30-03-2025T16:54:57 - [TEST_STEP][PASSED] - i2 = <not implemented yet for class: org.codehaus.groovy.ast.expr.EmptyExpression>: null

30-03-2025T16:54:57 - [TEST_STEP][PASSED] - i2 = x.indexOf("/") + 1: null

30-03-2025T16:54:57 - [TEST_STEP][PASSED] - x = replaceAll("\p{P}", "").trim(): null

30-03-2025T16:54:57 - [TEST_STEP][PASSED] - return x: null

30-03-2025T16:54:57 - [TEST_STEP][PASSED] - println("KuA: " + KuA): null

30-03-2025T16:54:57 - [TEST_STEP][PASSED] - tableA = Script1719551244403.NewDZO(x = tableA): null

30-03-2025T16:54:57 - [TEST_STEP][PASSED] - i3 = <not implemented yet for class: org.codehaus.groovy.ast.expr.EmptyExpression>: null

30-03-2025T16:54:57 - [TEST_STEP][PASSED] - i3 = x.indexOf("/") + 1: null

30-03-2025T16:54:57 - [TEST_STEP][PASSED] - x = x.substring(i3, x.length()): null

30-03-2025T16:54:57 - [TEST_STEP][PASSED] - return x: null

30-03-2025T16:54:57 - [TEST_STEP][PASSED] - i = tableA.indexOf("Московский"): null

30-03-2025T16:54:57 - [TEST_STEP][PASSED] - LenA = replaceAll("\p{P}", "").trim(): null

30-03-2025T16:54:57 - [TEST_STEP][PASSED] - println("LenA: " + LenA): null

30-03-2025T16:54:57 - [TEST_STEP][PASSED] - tableA = Script1719551244403.NewDZO(x = tableA): null

30-03-2025T16:54:57 - [TEST_STEP][PASSED] - i3 = <not implemented yet for class: org.codehaus.groovy.ast.expr.EmptyExpression>: null

30-03-2025T16:54:57 - [TEST_STEP][PASSED] - i3 = x.indexOf("/") + 1: null

30-03-2025T16:54:57 - [TEST_STEP][PASSED] - x = x.substring(i3, x.length()): null

30-03-2025T16:54:57 - [TEST_STEP][PASSED] - return x: null

30-03-2025T16:54:57 - [TEST_STEP][PASSED] - tableA = Script1719551244403.NewDZO(x = tableA): null

30-03-2025T16:54:57 - [TEST_STEP][PASSED] - i3 = <not implemented yet for class: org.codehaus.groovy.ast.expr.EmptyExpression>: null

30-03-2025T16:54:57 - [TEST_STEP][PASSED] - i3 = x.indexOf("/") + 1: null

30-03-2025T16:54:57 - [TEST_STEP][PASSED] - x = x.substring(i3, x.length()): null

30-03-2025T16:54:57 - [TEST_STEP][PASSED] - return x: null

30-03-2025T16:54:57 - [TEST_STEP][PASSED] - i = tableA.indexOf("Кавказ"): null

30-03-2025T16:54:57 - [TEST_STEP][PASSED] - MosA = replaceAll("\p{P}", "").trim(): null

30-03-2025T16:54:57 - [TEST_STEP][PASSED] - println("MosA: " + MosA): null

30-03-2025T16:54:57 - [TEST_STEP][PASSED] - for ([i = 1, i < 3, (i++)]): null

30-03-2025T16:54:57 - [TEST_STEP][PASSED] - tableA = Script1719551244403.NewDZO(x = tableA): null

30-03-2025T16:54:57 - [TEST_STEP][PASSED] - i3 = <not implemented yet for class: org.codehaus.groovy.ast.expr.EmptyExpression>: null

30-03-2025T16:54:57 - [TEST_STEP][PASSED] - i3 = x.indexOf("/") + 1: null

30-03-2025T16:54:57 - [TEST_STEP][PASSED] - x = x.substring(i3, x.length()): null

30-03-2025T16:54:57 - [TEST_STEP][PASSED] - return x: null

30-03-2025T16:54:57 - [TEST_STEP][PASSED] - tableA = Script1719551244403.NewDZO(x = tableA): null

30-03-2025T16:54:57 - [TEST_STEP][PASSED] - i3 = <not implemented yet for class: org.codehaus.groovy.ast.expr.EmptyExpression>: null

30-03-2025T16:54:57 - [TEST_STEP][PASSED] - i3 = x.indexOf("/") + 1: null

30-03-2025T16:54:57 - [TEST_STEP][PASSED] - x = x.substring(i3, x.length()): null

30-03-2025T16:54:57 - [TEST_STEP][PASSED] - return x: null

30-03-2025T16:54:57 - [TEST_STEP][PASSED] - i = tableA.indexOf("Запад"): null

30-03-2025T16:54:57 - [TEST_STEP][PASSED] - SKA = replaceAll("\p{P}", "").trim(): null

30-03-2025T16:54:57 - [TEST_STEP][PASSED] - println("SKA: " + SKA): null

30-03-2025T16:54:57 - [TEST_STEP][PASSED] - for ([i = 1, i < 7, (i++)]): null

30-03-2025T16:54:57 - [TEST_STEP][PASSED] - tableA = Script1719551244403.NewDZO(x = tableA): null

30-03-2025T16:54:57 - [TEST_STEP][PASSED] - i3 = <not implemented yet for class: org.codehaus.groovy.ast.expr.EmptyExpression>: null

30-03-2025T16:54:57 - [TEST_STEP][PASSED] - i3 = x.indexOf("/") + 1: null

30-03-2025T16:54:57 - [TEST_STEP][PASSED] - x = x.substring(i3, x.length()): null

30-03-2025T16:54:57 - [TEST_STEP][PASSED] - return x: null

30-03-2025T16:54:57 - [TEST_STEP][PASSED] - tableA = Script1719551244403.NewDZO(x = tableA): null

30-03-2025T16:54:57 - [TEST_STEP][PASSED] - i3 = <not implemented yet for class: org.codehaus.groovy.ast.expr.EmptyExpression>: null

30-03-2025T16:54:57 - [TEST_STEP][PASSED] - i3 = x.indexOf("/") + 1: null

30-03-2025T16:54:57 - [TEST_STEP][PASSED] - x = x.substring(i3, x.length()): null

30-03-2025T16:54:57 - [TEST_STEP][PASSED] - return x: null

30-03-2025T16:54:57 - [TEST_STEP][PASSED] - tableA = Script1719551244403.NewDZO(x = tableA): null

30-03-2025T16:54:57 - [TEST_STEP][PASSED] - i3 = <not implemented yet for class: org.codehaus.groovy.ast.expr.EmptyExpression>: null

30-03-2025T16:54:57 - [TEST_STEP][PASSED] - i3 = x.indexOf("/") + 1: null

30-03-2025T16:54:57 - [TEST_STEP][PASSED] - x = x.substring(i3, x.length()): null

30-03-2025T16:54:57 - [TEST_STEP][PASSED] - return x: null

30-03-2025T16:54:57 - [TEST_STEP][PASSED] - tableA = Script1719551244403.NewDZO(x = tableA): null

30-03-2025T16:54:57 - [TEST_STEP][PASSED] - i3 = <not implemented yet for class: org.codehaus.groovy.ast.expr.EmptyExpression>: null

30-03-2025T16:54:57 - [TEST_STEP][PASSED] - i3 = x.indexOf("/") + 1: null

30-03-2025T16:54:57 - [TEST_STEP][PASSED] - x = x.substring(i3, x.length()): null

30-03-2025T16:54:57 - [TEST_STEP][PASSED] - return x: null

30-03-2025T16:54:57 - [TEST_STEP][PASSED] - tableA = Script1719551244403.NewDZO(x = tableA): null

30-03-2025T16:54:57 - [TEST_STEP][PASSED] - i3 = <not implemented yet for class: org.codehaus.groovy.ast.expr.EmptyExpression>: null

30-03-2025T16:54:57 - [TEST_STEP][PASSED] - i3 = x.indexOf("/") + 1: null

30-03-2025T16:54:57 - [TEST_STEP][PASSED] - x = x.substring(i3, x.length()): null

30-03-2025T16:54:57 - [TEST_STEP][PASSED] - return x: null

30-03-2025T16:54:57 - [TEST_STEP][PASSED] - tableA = Script1719551244403.NewDZO(x = tableA): null

30-03-2025T16:54:57 - [TEST_STEP][PASSED] - i3 = <not implemented yet for class: org.codehaus.groovy.ast.expr.EmptyExpression>: null

30-03-2025T16:54:57 - [TEST_STEP][PASSED] - i3 = x.indexOf("/") + 1: null

30-03-2025T16:54:57 - [TEST_STEP][PASSED] - x = x.substring(i3, x.length()): null

30-03-2025T16:54:57 - [TEST_STEP][PASSED] - return x: null

30-03-2025T16:54:57 - [TEST_STEP][PASSED] - i = tableA.indexOf("Сибирь"): null

30-03-2025T16:54:57 - [TEST_STEP][PASSED] - SZA = replaceAll("\p{P}", "").trim(): null

30-03-2025T16:54:57 - [TEST_STEP][PASSED] - println("SZA: " + SZA): null

30-03-2025T16:54:57 - [TEST_STEP][PASSED] - for ([i = 1, i < 8, (i++)]): null

30-03-2025T16:54:57 - [TEST_STEP][PASSED] - tableA = Script1719551244403.NewDZO(x = tableA): null

30-03-2025T16:54:57 - [TEST_STEP][PASSED] - i3 = <not implemented yet for class: org.codehaus.groovy.ast.expr.EmptyExpression>: null

30-03-2025T16:54:57 - [TEST_STEP][PASSED] - i3 = x.indexOf("/") + 1: null

30-03-2025T16:54:57 - [TEST_STEP][PASSED] - x = x.substring(i3, x.length()): null

30-03-2025T16:54:57 - [TEST_STEP][PASSED] - return x: null

30-03-2025T16:54:57 - [TEST_STEP][PASSED] - tableA = Script1719551244403.NewDZO(x = tableA): null

30-03-2025T16:54:57 - [TEST_STEP][PASSED] - i3 = <not implemented yet for class: org.codehaus.groovy.ast.expr.EmptyExpression>: null

30-03-2025T16:54:57 - [TEST_STEP][PASSED] - i3 = x.indexOf("/") + 1: null

30-03-2025T16:54:57 - [TEST_STEP][PASSED] - x = x.substring(i3, x.length()): null

30-03-2025T16:54:57 - [TEST_STEP][PASSED] - return x: null

30-03-2025T16:54:57 - [TEST_STEP][PASSED] - tableA = Script1719551244403.NewDZO(x = tableA): null

30-03-2025T16:54:57 - [TEST_STEP][PASSED] - i3 = <not implemented yet for class: org.codehaus.groovy.ast.expr.EmptyExpression>: null

30-03-2025T16:54:57 - [TEST_STEP][PASSED] - i3 = x.indexOf("/") + 1: null

30-03-2025T16:54:57 - [TEST_STEP][PASSED] - x = x.substring(i3, x.length()): null

30-03-2025T16:54:57 - [TEST_STEP][PASSED] - return x: null

30-03-2025T16:54:57 - [TEST_STEP][PASSED] - tableA = Script1719551244403.NewDZO(x = tableA): null

30-03-2025T16:54:57 - [TEST_STEP][PASSED] - i3 = <not implemented yet for class: org.codehaus.groovy.ast.expr.EmptyExpression>: null

30-03-2025T16:54:57 - [TEST_STEP][PASSED] - i3 = x.indexOf("/") + 1: null

30-03-2025T16:54:57 - [TEST_STEP][PASSED] - x = x.substring(i3, x.length()): null

30-03-2025T16:54:57 - [TEST_STEP][PASSED] - return x: null

30-03-2025T16:54:57 - [TEST_STEP][PASSED] - tableA = Script1719551244403.NewDZO(x = tableA): null

30-03-2025T16:54:57 - [TEST_STEP][PASSED] - i3 = <not implemented yet for class: org.codehaus.groovy.ast.expr.EmptyExpression>: null

30-03-2025T16:54:57 - [TEST_STEP][PASSED] - i3 = x.indexOf("/") + 1: null

30-03-2025T16:54:57 - [TEST_STEP][PASSED] - x = x.substring(i3, x.length()): null

30-03-2025T16:54:57 - [TEST_STEP][PASSED] - return x: null

30-03-2025T16:54:57 - [TEST_STEP][PASSED] - tableA = Script1719551244403.NewDZO(x = tableA): null

30-03-2025T16:54:57 - [TEST_STEP][PASSED] - i3 = <not implemented yet for class: org.codehaus.groovy.ast.expr.EmptyExpression>: null

30-03-2025T16:54:57 - [TEST_STEP][PASSED] - i3 = x.indexOf("/") + 1: null

30-03-2025T16:54:57 - [TEST_STEP][PASSED] - x = x.substring(i3, x.length()): null

30-03-2025T16:54:57 - [TEST_STEP][PASSED] - return x: null

30-03-2025T16:54:57 - [TEST_STEP][PASSED] - tableA = Script1719551244403.NewDZO(x = tableA): null

30-03-2025T16:54:57 - [TEST_STEP][PASSED] - i3 = <not implemented yet for class: org.codehaus.groovy.ast.expr.EmptyExpression>: null

30-03-2025T16:54:57 - [TEST_STEP][PASSED] - i3 = x.indexOf("/") + 1: null

30-03-2025T16:54:57 - [TEST_STEP][PASSED] - x = x.substring(i3, x.length()): null

30-03-2025T16:54:57 - [TEST_STEP][PASSED] - return x: null

30-03-2025T16:54:57 - [TEST_STEP][PASSED] - i = tableA.indexOf("Томск"): null

30-03-2025T16:54:57 - [TEST_STEP][PASSED] - SiA = replaceAll("\p{P}", "").trim(): null

30-03-2025T16:54:57 - [TEST_STEP][PASSED] - println("SiA: " + SiA): null

30-03-2025T16:54:57 - [TEST_STEP][PASSED] - for ([i = 1, i < 9, (i++)]): null

30-03-2025T16:54:57 - [TEST_STEP][PASSED] - tableA = Script1719551244403.NewDZO(x = tableA): null

30-03-2025T16:54:57 - [TEST_STEP][PASSED] - i3 = <not implemented yet for class: org.codehaus.groovy.ast.expr.EmptyExpression>: null

30-03-2025T16:54:57 - [TEST_STEP][PASSED] - i3 = x.indexOf("/") + 1: null

30-03-2025T16:54:57 - [TEST_STEP][PASSED] - x = x.substring(i3, x.length()): null

30-03-2025T16:54:57 - [TEST_STEP][PASSED] - return x: null

30-03-2025T16:54:57 - [TEST_STEP][PASSED] - tableA = Script1719551244403.NewDZO(x = tableA): null

30-03-2025T16:54:57 - [TEST_STEP][PASSED] - i3 = <not implemented yet for class: org.codehaus.groovy.ast.expr.EmptyExpression>: null

30-03-2025T16:54:57 - [TEST_STEP][PASSED] - i3 = x.indexOf("/") + 1: null

30-03-2025T16:54:57 - [TEST_STEP][PASSED] - x = x.substring(i3, x.length()): null

30-03-2025T16:54:57 - [TEST_STEP][PASSED] - return x: null

30-03-2025T16:54:57 - [TEST_STEP][PASSED] - tableA = Script1719551244403.NewDZO(x = tableA): null

30-03-2025T16:54:57 - [TEST_STEP][PASSED] - i3 = <not implemented yet for class: org.codehaus.groovy.ast.expr.EmptyExpression>: null

30-03-2025T16:54:57 - [TEST_STEP][PASSED] - i3 = x.indexOf("/") + 1: null

30-03-2025T16:54:57 - [TEST_STEP][PASSED] - x = x.substring(i3, x.length()): null

30-03-2025T16:54:57 - [TEST_STEP][PASSED] - return x: null

30-03-2025T16:54:57 - [TEST_STEP][PASSED] - tableA = Script1719551244403.NewDZO(x = tableA): null

30-03-2025T16:54:57 - [TEST_STEP][PASSED] - i3 = <not implemented yet for class: org.codehaus.groovy.ast.expr.EmptyExpression>: null

30-03-2025T16:54:57 - [TEST_STEP][PASSED] - i3 = x.indexOf("/") + 1: null

30-03-2025T16:54:57 - [TEST_STEP][PASSED] - x = x.substring(i3, x.length()): null

30-03-2025T16:54:57 - [TEST_STEP][PASSED] - return x: null

30-03-2025T16:54:57 - [TEST_STEP][PASSED] - tableA = Script1719551244403.NewDZO(x = tableA): null

30-03-2025T16:54:57 - [TEST_STEP][PASSED] - i3 = <not implemented yet for class: org.codehaus.groovy.ast.expr.EmptyExpression>: null

30-03-2025T16:54:57 - [TEST_STEP][PASSED] - i3 = x.indexOf("/") + 1: null

30-03-2025T16:54:57 - [TEST_STEP][PASSED] - x = x.substring(i3, x.length()): null

30-03-2025T16:54:57 - [TEST_STEP][PASSED] - return x: null

30-03-2025T16:54:57 - [TEST_STEP][PASSED] - tableA = Script1719551244403.NewDZO(x = tableA): null

30-03-2025T16:54:57 - [TEST_STEP][PASSED] - i3 = <not implemented yet for class: org.codehaus.groovy.ast.expr.EmptyExpression>: null

30-03-2025T16:54:57 - [TEST_STEP][PASSED] - i3 = x.indexOf("/") + 1: null

30-03-2025T16:54:57 - [TEST_STEP][PASSED] - x = x.substring(i3, x.length()): null

30-03-2025T16:54:57 - [TEST_STEP][PASSED] - return x: null

30-03-2025T16:54:57 - [TEST_STEP][PASSED] - tableA = Script1719551244403.NewDZO(x = tableA): null

30-03-2025T16:54:57 - [TEST_STEP][PASSED] - i3 = <not implemented yet for class: org.codehaus.groovy.ast.expr.EmptyExpression>: null

30-03-2025T16:54:57 - [TEST_STEP][PASSED] - i3 = x.indexOf("/") + 1: null

30-03-2025T16:54:57 - [TEST_STEP][PASSED] - x = x.substring(i3, x.length()): null

30-03-2025T16:54:57 - [TEST_STEP][PASSED] - return x: null

30-03-2025T16:54:57 - [TEST_STEP][PASSED] - tableA = Script1719551244403.NewDZO(x = tableA): null

30-03-2025T16:54:57 - [TEST_STEP][PASSED] - i3 = <not implemented yet for class: org.codehaus.groovy.ast.expr.EmptyExpression>: null

30-03-2025T16:54:57 - [TEST_STEP][PASSED] - i3 = x.indexOf("/") + 1: null

30-03-2025T16:54:57 - [TEST_STEP][PASSED] - x = x.substring(i3, x.length()): null

30-03-2025T16:54:57 - [TEST_STEP][PASSED] - return x: null

30-03-2025T16:54:57 - [TEST_STEP][PASSED] - i = tableA.indexOf("Тюмень"): null

30-03-2025T16:54:57 - [TEST_STEP][PASSED] - ToA = replaceAll("\p{P}", "").trim(): null

30-03-2025T16:54:57 - [TEST_STEP][PASSED] - println("ToA: " + ToA): null

30-03-2025T16:54:57 - [TEST_STEP][PASSED] - tableA = Script1719551244403.NewDZO(x = tableA): null

30-03-2025T16:54:57 - [TEST_STEP][PASSED] - i3 = <not implemented yet for class: org.codehaus.groovy.ast.expr.EmptyExpression>: null

30-03-2025T16:54:57 - [TEST_STEP][PASSED] - i3 = x.indexOf("/") + 1: null

30-03-2025T16:54:57 - [TEST_STEP][PASSED] - x = x.substring(i3, x.length()): null

30-03-2025T16:54:57 - [TEST_STEP][PASSED] - return x: null

30-03-2025T16:54:57 - [TEST_STEP][PASSED] - TyuA = replaceAll("\p{P}", "").trim(): null

30-03-2025T16:54:57 - [TEST_STEP][PASSED] - println("TyuA: " + TyuA): null

30-03-2025T16:54:57 - [TEST_STEP][PASSED] - tableA = Script1719551244403.NewDZO(x = tableA): null

30-03-2025T16:54:57 - [TEST_STEP][PASSED] - i3 = <not implemented yet for class: org.codehaus.groovy.ast.expr.EmptyExpression>: null

30-03-2025T16:54:57 - [TEST_STEP][PASSED] - i3 = x.indexOf("/") + 1: null

30-03-2025T16:54:57 - [TEST_STEP][PASSED] - x = x.substring(i3, x.length()): null

30-03-2025T16:54:57 - [TEST_STEP][PASSED] - return x: null

30-03-2025T16:54:57 - [TEST_STEP][PASSED] - i = tableA.indexOf("ЕЭС"): null

30-03-2025T16:54:57 - [TEST_STEP][PASSED] - UrA = replaceAll("\p{P}", "").trim(): null

30-03-2025T16:54:57 - [TEST_STEP][PASSED] - println("UrA: " + UrA): null

30-03-2025T16:54:57 - [TEST_STEP][PASSED] - for ([i = 1, i < 4, (i++)]): null

30-03-2025T16:54:57 - [TEST_STEP][PASSED] - tableA = Script1719551244403.NewDZO(x = tableA): null

30-03-2025T16:54:57 - [TEST_STEP][PASSED] - i3 = <not implemented yet for class: org.codehaus.groovy.ast.expr.EmptyExpression>: null

30-03-2025T16:54:57 - [TEST_STEP][PASSED] - i3 = x.indexOf("/") + 1: null

30-03-2025T16:54:57 - [TEST_STEP][PASSED] - x = x.substring(i3, x.length()): null

30-03-2025T16:54:57 - [TEST_STEP][PASSED] - return x: null

30-03-2025T16:54:57 - [TEST_STEP][PASSED] - tableA = Script1719551244403.NewDZO(x = tableA): null

30-03-2025T16:54:57 - [TEST_STEP][PASSED] - i3 = <not implemented yet for class: org.codehaus.groovy.ast.expr.EmptyExpression>: null

30-03-2025T16:54:57 - [TEST_STEP][PASSED] - i3 = x.indexOf("/") + 1: null

30-03-2025T16:54:57 - [TEST_STEP][PASSED] - x = x.substring(i3, x.length()): null

30-03-2025T16:54:57 - [TEST_STEP][PASSED] - return x: null

30-03-2025T16:54:57 - [TEST_STEP][PASSED] - tableA = Script1719551244403.NewDZO(x = tableA): null

30-03-2025T16:54:57 - [TEST_STEP][PASSED] - i3 = <not implemented yet for class: org.codehaus.groovy.ast.expr.EmptyExpression>: null

30-03-2025T16:54:57 - [TEST_STEP][PASSED] - i3 = x.indexOf("/") + 1: null

30-03-2025T16:54:57 - [TEST_STEP][PASSED] - x = x.substring(i3, x.length()): null

30-03-2025T16:54:57 - [TEST_STEP][PASSED] - return x: null

30-03-2025T16:54:57 - [TEST_STEP][PASSED] - i = tableA.indexOf("Центр"): null

30-03-2025T16:54:57 - [TEST_STEP][PASSED] - FSKA = replaceAll("\p{P}", "").trim(): null

30-03-2025T16:54:57 - [TEST_STEP][PASSED] - println("FSKA: " + FSKA): null

30-03-2025T16:54:57 - [TEST_STEP][PASSED] - tableA = Script1719551244403.NewDZO(x = tableA): null

30-03-2025T16:54:57 - [TEST_STEP][PASSED] - i3 = <not implemented yet for class: org.codehaus.groovy.ast.expr.EmptyExpression>: null

30-03-2025T16:54:57 - [TEST_STEP][PASSED] - i3 = x.indexOf("/") + 1: null

30-03-2025T16:54:57 - [TEST_STEP][PASSED] - x = x.substring(i3, x.length()): null

30-03-2025T16:54:57 - [TEST_STEP][PASSED] - return x: null

30-03-2025T16:54:57 - [TEST_STEP][PASSED] - i = tableA.indexOf("Приволжье"): null

30-03-2025T16:54:57 - [TEST_STEP][PASSED] - CenA = replaceAll("\p{P}", "").trim(): null

30-03-2025T16:54:57 - [TEST_STEP][PASSED] - println("CenA: " + CenA): null

30-03-2025T16:54:57 - [TEST_STEP][PASSED] - for ([i = 1, i < 12, (i++)]): null

30-03-2025T16:54:57 - [TEST_STEP][PASSED] - tableA = Script1719551244403.NewDZO(x = tableA): null

30-03-2025T16:54:57 - [TEST_STEP][PASSED] - i3 = <not implemented yet for class: org.codehaus.groovy.ast.expr.EmptyExpression>: null

30-03-2025T16:54:57 - [TEST_STEP][PASSED] - i3 = x.indexOf("/") + 1: null

30-03-2025T16:54:57 - [TEST_STEP][PASSED] - x = x.substring(i3, x.length()): null

30-03-2025T16:54:57 - [TEST_STEP][PASSED] - return x: null

30-03-2025T16:54:57 - [TEST_STEP][PASSED] - tableA = Script1719551244403.NewDZO(x = tableA): null

30-03-2025T16:54:57 - [TEST_STEP][PASSED] - i3 = <not implemented yet for class: org.codehaus.groovy.ast.expr.EmptyExpression>: null

30-03-2025T16:54:57 - [TEST_STEP][PASSED] - i3 = x.indexOf("/") + 1: null

30-03-2025T16:54:57 - [TEST_STEP][PASSED] - x = x.substring(i3, x.length()): null

30-03-2025T16:54:57 - [TEST_STEP][PASSED] - return x: null

30-03-2025T16:54:57 - [TEST_STEP][PASSED] - tableA = Script1719551244403.NewDZO(x = tableA): null

30-03-2025T16:54:57 - [TEST_STEP][PASSED] - i3 = <not implemented yet for class: org.codehaus.groovy.ast.expr.EmptyExpression>: null

30-03-2025T16:54:57 - [TEST_STEP][PASSED] - i3 = x.indexOf("/") + 1: null

30-03-2025T16:54:57 - [TEST_STEP][PASSED] - x = x.substring(i3, x.length()): null

30-03-2025T16:54:57 - [TEST_STEP][PASSED] - return x: null

30-03-2025T16:54:57 - [TEST_STEP][PASSED] - tableA = Script1719551244403.NewDZO(x = tableA): null

30-03-2025T16:54:57 - [TEST_STEP][PASSED] - i3 = <not implemented yet for class: org.codehaus.groovy.ast.expr.EmptyExpression>: null

30-03-2025T16:54:57 - [TEST_STEP][PASSED] - i3 = x.indexOf("/") + 1: null

30-03-2025T16:54:57 - [TEST_STEP][PASSED] - x = x.substring(i3, x.length()): null

30-03-2025T16:54:57 - [TEST_STEP][PASSED] - return x: null

30-03-2025T16:54:57 - [TEST_STEP][PASSED] - tableA = Script1719551244403.NewDZO(x = tableA): null

30-03-2025T16:54:57 - [TEST_STEP][PASSED] - i3 = <not implemented yet for class: org.codehaus.groovy.ast.expr.EmptyExpression>: null

30-03-2025T16:54:57 - [TEST_STEP][PASSED] - i3 = x.indexOf("/") + 1: null

30-03-2025T16:54:57 - [TEST_STEP][PASSED] - x = x.substring(i3, x.length()): null

30-03-2025T16:54:57 - [TEST_STEP][PASSED] - return x: null

30-03-2025T16:54:57 - [TEST_STEP][PASSED] - tableA = Script1719551244403.NewDZO(x = tableA): null

30-03-2025T16:54:57 - [TEST_STEP][PASSED] - i3 = <not implemented yet for class: org.codehaus.groovy.ast.expr.EmptyExpression>: null

30-03-2025T16:54:57 - [TEST_STEP][PASSED] - i3 = x.indexOf("/") + 1: null

30-03-2025T16:54:57 - [TEST_STEP][PASSED] - x = x.substring(i3, x.length()): null

30-03-2025T16:54:57 - [TEST_STEP][PASSED] - return x: null

30-03-2025T16:54:57 - [TEST_STEP][PASSED] - tableA = Script1719551244403.NewDZO(x = tableA): null

30-03-2025T16:54:57 - [TEST_STEP][PASSED] - i3 = <not implemented yet for class: org.codehaus.groovy.ast.expr.EmptyExpression>: null

30-03-2025T16:54:57 - [TEST_STEP][PASSED] - i3 = x.indexOf("/") + 1: null

30-03-2025T16:54:57 - [TEST_STEP][PASSED] - x = x.substring(i3, x.length()): null

30-03-2025T16:54:57 - [TEST_STEP][PASSED] - return x: null

30-03-2025T16:54:57 - [TEST_STEP][PASSED] - tableA = Script1719551244403.NewDZO(x = tableA): null

30-03-2025T16:54:57 - [TEST_STEP][PASSED] - i3 = <not implemented yet for class: org.codehaus.groovy.ast.expr.EmptyExpression>: null

30-03-2025T16:54:57 - [TEST_STEP][PASSED] - i3 = x.indexOf("/") + 1: null

30-03-2025T16:54:57 - [TEST_STEP][PASSED] - x = x.substring(i3, x.length()): null

30-03-2025T16:54:57 - [TEST_STEP][PASSED] - return x: null

30-03-2025T16:54:57 - [TEST_STEP][PASSED] - tableA = Script1719551244403.NewDZO(x = tableA): null

30-03-2025T16:54:57 - [TEST_STEP][PASSED] - i3 = <not implemented yet for class: org.codehaus.groovy.ast.expr.EmptyExpression>: null

30-03-2025T16:54:57 - [TEST_STEP][PASSED] - i3 = x.indexOf("/") + 1: null

30-03-2025T16:54:57 - [TEST_STEP][PASSED] - x = x.substring(i3, x.length()): null

30-03-2025T16:54:57 - [TEST_STEP][PASSED] - return x: null

30-03-2025T16:54:57 - [TEST_STEP][PASSED] - tableA = Script1719551244403.NewDZO(x = tableA): null

30-03-2025T16:54:57 - [TEST_STEP][PASSED] - i3 = <not implemented yet for class: org.codehaus.groovy.ast.expr.EmptyExpression>: null

30-03-2025T16:54:57 - [TEST_STEP][PASSED] - i3 = x.indexOf("/") + 1: null

30-03-2025T16:54:57 - [TEST_STEP][PASSED] - x = x.substring(i3, x.length()): null

30-03-2025T16:54:57 - [TEST_STEP][PASSED] - return x: null

30-03-2025T16:54:57 - [TEST_STEP][PASSED] - tableA = Script1719551244403.NewDZO(x = tableA): null

30-03-2025T16:54:57 - [TEST_STEP][PASSED] - i3 = <not implemented yet for class: org.codehaus.groovy.ast.expr.EmptyExpression>: null

30-03-2025T16:54:57 - [TEST_STEP][PASSED] - i3 = x.indexOf("/") + 1: null

30-03-2025T16:54:57 - [TEST_STEP][PASSED] - x = x.substring(i3, x.length()): null

30-03-2025T16:54:57 - [TEST_STEP][PASSED] - return x: null

30-03-2025T16:54:57 - [TEST_STEP][PASSED] - i = tableA.indexOf("Юг"): null

30-03-2025T16:54:57 - [TEST_STEP][PASSED] - CiPA = replaceAll("\p{P}", "").trim(): null

30-03-2025T16:54:57 - [TEST_STEP][PASSED] - println("CiPA: " + CiPA): null

30-03-2025T16:54:57 - [TEST_STEP][PASSED] - for ([i = 1, i < 10, (i++)]): null

30-03-2025T16:54:57 - [TEST_STEP][PASSED] - tableA = Script1719551244403.NewDZO(x = tableA): null

30-03-2025T16:54:57 - [TEST_STEP][PASSED] - i3 = <not implemented yet for class: org.codehaus.groovy.ast.expr.EmptyExpression>: null

30-03-2025T16:54:57 - [TEST_STEP][PASSED] - i3 = x.indexOf("/") + 1: null

30-03-2025T16:54:57 - [TEST_STEP][PASSED] - x = x.substring(i3, x.length()): null

30-03-2025T16:54:57 - [TEST_STEP][PASSED] - return x: null

30-03-2025T16:54:57 - [TEST_STEP][PASSED] - tableA = Script1719551244403.NewDZO(x = tableA): null

30-03-2025T16:54:57 - [TEST_STEP][PASSED] - i3 = <not implemented yet for class: org.codehaus.groovy.ast.expr.EmptyExpression>: null

30-03-2025T16:54:57 - [TEST_STEP][PASSED] - i3 = x.indexOf("/") + 1: null

30-03-2025T16:54:57 - [TEST_STEP][PASSED] - x = x.substring(i3, x.length()): null

30-03-2025T16:54:57 - [TEST_STEP][PASSED] - return x: null

30-03-2025T16:54:57 - [TEST_STEP][PASSED] - tableA = Script1719551244403.NewDZO(x = tableA): null

30-03-2025T16:54:57 - [TEST_STEP][PASSED] - i3 = <not implemented yet for class: org.codehaus.groovy.ast.expr.EmptyExpression>: null

30-03-2025T16:54:57 - [TEST_STEP][PASSED] - i3 = x.indexOf("/") + 1: null

30-03-2025T16:54:57 - [TEST_STEP][PASSED] - x = x.substring(i3, x.length()): null

30-03-2025T16:54:57 - [TEST_STEP][PASSED] - return x: null

30-03-2025T16:54:57 - [TEST_STEP][PASSED] - tableA = Script1719551244403.NewDZO(x = tableA): null

30-03-2025T16:54:57 - [TEST_STEP][PASSED] - i3 = <not implemented yet for class: org.codehaus.groovy.ast.expr.EmptyExpression>: null

30-03-2025T16:54:57 - [TEST_STEP][PASSED] - i3 = x.indexOf("/") + 1: null

30-03-2025T16:54:57 - [TEST_STEP][PASSED] - x = x.substring(i3, x.length()): null

30-03-2025T16:54:57 - [TEST_STEP][PASSED] - return x: null

30-03-2025T16:54:57 - [TEST_STEP][PASSED] - tableA = Script1719551244403.NewDZO(x = tableA): null

30-03-2025T16:54:57 - [TEST_STEP][PASSED] - i3 = <not implemented yet for class: org.codehaus.groovy.ast.expr.EmptyExpression>: null

30-03-2025T16:54:57 - [TEST_STEP][PASSED] - i3 = x.indexOf("/") + 1: null

30-03-2025T16:54:57 - [TEST_STEP][PASSED] - x = x.substring(i3, x.length()): null

30-03-2025T16:54:57 - [TEST_STEP][PASSED] - return x: null

30-03-2025T16:54:57 - [TEST_STEP][PASSED] - tableA = Script1719551244403.NewDZO(x = tableA): null

30-03-2025T16:54:57 - [TEST_STEP][PASSED] - i3 = <not implemented yet for class: org.codehaus.groovy.ast.expr.EmptyExpression>: null

30-03-2025T16:54:57 - [TEST_STEP][PASSED] - i3 = x.indexOf("/") + 1: null

30-03-2025T16:54:57 - [TEST_STEP][PASSED] - x = x.substring(i3, x.length()): null

30-03-2025T16:54:57 - [TEST_STEP][PASSED] - return x: null

30-03-2025T16:54:57 - [TEST_STEP][PASSED] - tableA = Script1719551244403.NewDZO(x = tableA): null

30-03-2025T16:54:57 - [TEST_STEP][PASSED] - i3 = <not implemented yet for class: org.codehaus.groovy.ast.expr.EmptyExpression>: null

30-03-2025T16:54:57 - [TEST_STEP][PASSED] - i3 = x.indexOf("/") + 1: null

30-03-2025T16:54:57 - [TEST_STEP][PASSED] - x = x.substring(i3, x.length()): null

30-03-2025T16:54:57 - [TEST_STEP][PASSED] - return x: null

30-03-2025T16:54:57 - [TEST_STEP][PASSED] - tableA = Script1719551244403.NewDZO(x = tableA): null

30-03-2025T16:54:57 - [TEST_STEP][PASSED] - i3 = <not implemented yet for class: org.codehaus.groovy.ast.expr.EmptyExpression>: null

30-03-2025T16:54:57 - [TEST_STEP][PASSED] - i3 = x.indexOf("/") + 1: null

30-03-2025T16:54:57 - [TEST_STEP][PASSED] - x = x.substring(i3, x.length()): null

30-03-2025T16:54:57 - [TEST_STEP][PASSED] - return x: null

30-03-2025T16:54:57 - [TEST_STEP][PASSED] - tableA = Script1719551244403.NewDZO(x = tableA): null

30-03-2025T16:54:57 - [TEST_STEP][PASSED] - i3 = <not implemented yet for class: org.codehaus.groovy.ast.expr.EmptyExpression>: null

30-03-2025T16:54:57 - [TEST_STEP][PASSED] - i3 = x.indexOf("/") + 1: null

30-03-2025T16:54:57 - [TEST_STEP][PASSED] - x = x.substring(i3, x.length()): null

30-03-2025T16:54:57 - [TEST_STEP][PASSED] - return x: null

30-03-2025T16:54:57 - [TEST_STEP][PASSED] - i = tableA.indexOf("Янтарь"): null

30-03-2025T16:54:57 - [TEST_STEP][PASSED] - UgA = replaceAll("\p{P}", "").trim(): null

30-03-2025T16:54:57 - [TEST_STEP][PASSED] - println("UgA: " + UgA): null

30-03-2025T16:54:57 - [TEST_STEP][PASSED] - i = tableA.lastIndexOf("/"): null

30-03-2025T16:54:57 - [TEST_STEP][PASSED] - YaA = replaceAll("\p{P}", "").trim(): null

30-03-2025T16:54:57 - [TEST_STEP][PASSED] - println("YaA: " + YaA): null

30-03-2025T16:54:57 - [TEST_STEP][PASSED] - delay(10): Delayed 10 second(s)

30-03-2025T16:55:07 - [MESSAGE][PASSED] - Delayed 10 second(s)

30-03-2025T16:55:07 - [TEST_STEP][PASSED] - navigateToUrl(findTestData("PlanFact").getValue(10, 11)): Navigate to 'https://bi.rosseti.digital/viewer?dashboardGuid=a1fd28b3785d443cbc4d7690a1d78e31&sheetGuid=d3a0ddec2e914cb380b20dca74903099&fit=true' successfully

30-03-2025T16:55:08 - [MESSAGE][PASSED] - Navigate to 'https://bi.rosseti.digital/viewer?dashboardGuid=a1fd28b3785d443cbc4d7690a1d78e31&sheetGuid=d3a0ddec2e914cb380b20dca74903099&fit=true' successfully

30-03-2025T16:55:08 - [TEST_STEP][PASSED] - b = <not implemented yet for class: org.codehaus.groovy.ast.expr.EmptyExpression>: null

30-03-2025T16:55:08 - [TEST_STEP][PASSED] - b1 = <not implemented yet for class: org.codehaus.groovy.ast.expr.EmptyExpression>: null

30-03-2025T16:55:08 - [TEST_STEP][PASSED] - b2 = <not implemented yet for class: org.codehaus.groovy.ast.expr.EmptyExpression>: null

30-03-2025T16:55:08 - [TEST_STEP][PASSED] - click(findTestObject("Факторный анализ/Фильтр Дата Выручка")): Object: 'Object Repository/Факторный анализ/Фильтр Дата Выручка' is clicked on

30-03-2025T16:55:18 - [MESSAGE][PASSED] - Object: 'Object Repository/Факторный анализ/Фильтр Дата Выручка' is clicked on

30-03-2025T16:55:18 - [TEST_STEP][PASSED] - click(findTestObject("Факторный анализ/Снять выделение в фильтре Дата Выручка")): Object: 'Object Repository/Факторный анализ/Снять выделение в фильтре Дата Выручка' is clicked on

30-03-2025T16:55:19 - [MESSAGE][PASSED] - Object: 'Object Repository/Факторный анализ/Снять выделение в фильтре Дата Выручка' is clicked on

30-03-2025T16:55:19 - [TEST_STEP][PASSED] - click(findTestObject("Факторный анализ/Применить в фильтре Дата Выручка")): Object: 'Object Repository/Факторный анализ/Применить в фильтре Дата Выручка' is clicked on

30-03-2025T16:55:19 - [MESSAGE][PASSED] - Object: 'Object Repository/Факторный анализ/Применить в фильтре Дата Выручка' is clicked on

30-03-2025T16:55:19 - [TEST_STEP][PASSED] - delay(10): Delayed 10 second(s)

30-03-2025T16:55:29 - [MESSAGE][PASSED] - Delayed 10 second(s)

30-03-2025T16:55:29 - [TEST_STEP][PASSED] - click(findTestObject("Факторный анализ/Фильтр Дата Выручка")): Object: 'Object Repository/Факторный анализ/Фильтр Дата Выручка' is clicked on

30-03-2025T16:55:29 - [MESSAGE][PASSED] - Object: 'Object Repository/Факторный анализ/Фильтр Дата Выручка' is clicked on

30-03-2025T16:55:29 - [TEST_STEP][PASSED] - click(findTestObject("Факторный анализ/Снять выделение в фильтре Дата Выручка")): Object: 'Object Repository/Факторный анализ/Снять выделение в фильтре Дата Выручка' is clicked on

30-03-2025T16:55:30 - [MESSAGE][PASSED] - Object: 'Object Repository/Факторный анализ/Снять выделение в фильтре Дата Выручка' is clicked on

30-03-2025T16:55:30 - [TEST_STEP][PASSED] - scrollToElement(findTestObject("Факторный анализ/2025 список Выручка"), 30): Scroll to object 'Object Repository/Факторный анализ/2025 список Выручка' successfully

30-03-2025T16:55:30 - [MESSAGE][PASSED] - Scroll to object 'Object Repository/Факторный анализ/2025 список Выручка' successfully

30-03-2025T16:55:30 - [TEST_STEP][PASSED] - click(findTestObject("Факторный анализ/2025 список Выручка")): Object: 'Object Repository/Факторный анализ/2025 список Выручка' is clicked on

30-03-2025T16:55:31 - [MESSAGE][PASSED] - Object: 'Object Repository/Факторный анализ/2025 список Выручка' is clicked on

30-03-2025T16:55:31 - [TEST_STEP][PASSED] - scrollToElement(findTestObject("Факторный анализ/1 квартал 2025 список Выручка"), 30): Scroll to object 'Object Repository/Факторный анализ/1 квартал 2025 список Выручка' successfully

30-03-2025T16:55:31 - [MESSAGE][PASSED] - Scroll to object 'Object Repository/Факторный анализ/1 квартал 2025 список Выручка' successfully

30-03-2025T16:55:31 - [TEST_STEP][PASSED] - click(findTestObject("Факторный анализ/1 квартал 2025 список Выручка"), CONTINUE_ON_FAILURE): Object: 'Object Repository/Факторный анализ/1 квартал 2025 список Выручка' is clicked on

30-03-2025T16:55:31 - [MESSAGE][PASSED] - Object: 'Object Repository/Факторный анализ/1 квартал 2025 список Выручка' is clicked on

30-03-2025T16:55:31 - [TEST_STEP][PASSED] - scrollToElement(findTestObject("Факторный анализ/Январь 2025 Выручка"), 30): Scroll to object 'Object Repository/Факторный анализ/Январь 2025 Выручка' successfully

30-03-2025T16:55:32 - [MESSAGE][PASSED] - Scroll to object 'Object Repository/Факторный анализ/Январь 2025 Выручка' successfully

30-03-2025T16:55:32 - [TEST_STEP][PASSED] - click(findTestObject("Факторный анализ/Январь 2025 Выручка"), CONTINUE_ON_FAILURE): Object: 'Object Repository/Факторный анализ/Январь 2025 Выручка' is clicked on

30-03-2025T16:55:32 - [MESSAGE][PASSED] - Object: 'Object Repository/Факторный анализ/Январь 2025 Выручка' is clicked on

30-03-2025T16:55:32 - [TEST_STEP][PASSED] - scrollToElement(findTestObject("Факторный анализ/Февраль 2025 Выручка"), 30): Scroll to object 'Object Repository/Факторный анализ/Февраль 2025 Выручка' successfully

30-03-2025T16:55:32 - [MESSAGE][PASSED] - Scroll to object 'Object Repository/Факторный анализ/Февраль 2025 Выручка' successfully

30-03-2025T16:55:33 - [TEST_STEP][PASSED] - click(findTestObject("Факторный анализ/Февраль 2025 Выручка"), CONTINUE_ON_FAILURE): Object: 'Object Repository/Факторный анализ/Февраль 2025 Выручка' is clicked on

30-03-2025T16:55:33 - [MESSAGE][PASSED] - Object: 'Object Repository/Факторный анализ/Февраль 2025 Выручка' is clicked on

30-03-2025T16:55:33 - [TEST_STEP][PASSED] - scrollToElement(findTestObject("Факторный анализ/Заголовок дашборда Выручка"), 30): Scroll to object 'Object Repository/Факторный анализ/Заголовок дашборда Выручка' successfully

30-03-2025T16:55:33 - [MESSAGE][PASSED] - Scroll to object 'Object Repository/Факторный анализ/Заголовок дашборда Выручка' successfully

30-03-2025T16:55:33 - [TEST_STEP][PASSED] - click(findTestObject("Факторный анализ/Применить в фильтре Дата Выручка")): Object: 'Object Repository/Факторный анализ/Применить в фильтре Дата Выручка' is clicked on

30-03-2025T16:55:34 - [MESSAGE][PASSED] - Object: 'Object Repository/Факторный анализ/Применить в фильтре Дата Выручка' is clicked on

30-03-2025T16:55:34 - [TEST_STEP][FAILED] - if (run == 1): null

30-03-2025T16:55:34 - [TEST_STEP][FAILED] - b = getText(findTestObject("Факторный анализ/Отклонения выручки по факторам Выручка")): Unable to get text of object 'Object Repository/Факторный анализ/Отклонения выручки по факторам Выручка' (Root cause: com.kms.katalon.core.exception.StepFailedException: Unable to get text of object 'Object Repository/Факторный анализ/Отклонения выручки по факторам Выручка'
	at com.kms.katalon.core.webui.keyword.internal.WebUIKeywordMain.stepFailed(WebUIKeywordMain.groovy:64)
	at com.kms.katalon.core.webui.keyword.internal.WebUIKeywordMain.runKeyword(WebUIKeywordMain.groovy:26)
	at com.kms.katalon.core.webui.keyword.builtin.GetTextKeyword.getText(GetTextKeyword.groovy:88)
	at com.kms.katalon.core.webui.keyword.builtin.GetTextKeyword.execute(GetTextKeyword.groovy:67)
	at com.kms.katalon.core.keyword.internal.KeywordExecutor.executeKeywordForPlatform(KeywordExecutor.groovy:74)
	at com.kms.katalon.core.webui.keyword.WebUiBuiltInKeywords.getText(WebUiBuiltInKeywords.groovy:957)
	at Факторный анализ сверка дашбордов.Test(Факторный анализ сверка дашбордов:365)
	at Факторный анализ сверка дашбордов.run(Факторный анализ сверка дашбордов:44)
	at com.kms.katalon.core.main.ScriptEngine.run(ScriptEngine.java:194)
	at com.kms.katalon.core.main.ScriptEngine.runScriptAsRawText(ScriptEngine.java:119)
	at com.kms.katalon.core.main.TestCaseExecutor.runScript(TestCaseExecutor.java:448)
	at com.kms.katalon.core.main.TestCaseExecutor.doExecute(TestCaseExecutor.java:439)
	at com.kms.katalon.core.main.TestCaseExecutor.processExecutionPhase(TestCaseExecutor.java:418)
	at com.kms.katalon.core.main.TestCaseExecutor.accessMainPhase(TestCaseExecutor.java:410)
	at com.kms.katalon.core.main.TestCaseExecutor.execute(TestCaseExecutor.java:285)
	at com.kms.katalon.core.common.CommonExecutor.accessTestCaseMainPhase(CommonExecutor.java:65)
	at com.kms.katalon.core.main.TestSuiteExecutor.accessTestSuiteMainPhase(TestSuiteExecutor.java:150)
	at com.kms.katalon.core.main.TestSuiteExecutor.execute(TestSuiteExecutor.java:106)
	at com.kms.katalon.core.main.TestCaseMain.startTestSuite(TestCaseMain.java:180)
	at TempTestSuite1743336560690.run(TempTestSuite1743336560690.groovy:35)
	at java.base/jdk.internal.reflect.NativeMethodAccessorImpl.invoke0(Native Method)
	at java.base/jdk.internal.reflect.NativeMethodAccessorImpl.invoke(NativeMethodAccessorImpl.java:77)
	at java.base/jdk.internal.reflect.DelegatingMethodAccessorImpl.invoke(DelegatingMethodAccessorImpl.java:43)
Caused by: com.kms.katalon.core.webui.exception.WebElementNotFoundException: Web element with id: 'Object Repository/Факторный анализ/Отклонения выручки по факторам Выручка' located by '(.//*[normalize-space(text()) and normalize-space(.)='В начало'])[20]/following::*[name()='svg'][1]' not found
	at com.kms.katalon.core.webui.common.WebUiCommonHelper.findWebElement(WebUiCommonHelper.java:1426)
	at com.kms.katalon.core.webui.keyword.internal.WebUIAbstractKeyword.findWebElement(WebUIAbstractKeyword.groovy:27)
	at com.kms.katalon.core.webui.keyword.internal.WebUIAbstractKeyword.findWebElement(WebUIAbstractKeyword.groovy:26)
	at com.kms.katalon.core.webui.keyword.builtin.GetTextKeyword$_getText_closure1.doCall(GetTextKeyword.groovy:78)
	at com.kms.katalon.core.webui.keyword.builtin.GetTextKeyword$_getText_closure1.call(GetTextKeyword.groovy)
	at com.kms.katalon.core.webui.keyword.internal.WebUIKeywordMain.runKeyword(WebUIKeywordMain.groovy:20)
	at com.kms.katalon.core.webui.keyword.builtin.GetTextKeyword.getText(GetTextKeyword.groovy:88)
	at com.kms.katalon.core.webui.keyword.builtin.GetTextKeyword.execute(GetTextKeyword.groovy:67)
	at com.kms.katalon.core.keyword.internal.KeywordExecutor.executeKeywordForPlatform(KeywordExecutor.groovy:74)
	at com.kms.katalon.core.webui.keyword.WebUiBuiltInKeywords.getText(WebUiBuiltInKeywords.groovy:957)
	at Script1719551244403.Test(Script1719551244403.groovy:365)
	at Script1719551244403.run(Script1719551244403.groovy:44)
	... 15 more
)

30-03-2025T16:56:05 - [MESSAGE][INFO] - Unable to find the element located by 'By.xpath: (.//*[normalize-space(text()) and normalize-space(.)='В начало'])[20]/following::*[name()='svg'][1]'. Please recheck the objects properties to make sure the desired element is located. 

30-03-2025T16:56:05 - [MESSAGE][FAILED] - Unable to get text of object 'Object Repository/Факторный анализ/Отклонения выручки по факторам Выручка' (Root cause: com.kms.katalon.core.exception.StepFailedException: Unable to get text of object 'Object Repository/Факторный анализ/Отклонения выручки по факторам Выручка'
	at com.kms.katalon.core.webui.keyword.internal.WebUIKeywordMain.stepFailed(WebUIKeywordMain.groovy:64)
	at com.kms.katalon.core.webui.keyword.internal.WebUIKeywordMain.runKeyword(WebUIKeywordMain.groovy:26)
	at com.kms.katalon.core.webui.keyword.builtin.GetTextKeyword.getText(GetTextKeyword.groovy:88)
	at com.kms.katalon.core.webui.keyword.builtin.GetTextKeyword.execute(GetTextKeyword.groovy:67)
	at com.kms.katalon.core.keyword.internal.KeywordExecutor.executeKeywordForPlatform(KeywordExecutor.groovy:74)
	at com.kms.katalon.core.webui.keyword.WebUiBuiltInKeywords.getText(WebUiBuiltInKeywords.groovy:957)
	at Факторный анализ сверка дашбордов.Test(Факторный анализ сверка дашбордов:365)
	at Факторный анализ сверка дашбордов.run(Факторный анализ сверка дашбордов:44)
	at com.kms.katalon.core.main.ScriptEngine.run(ScriptEngine.java:194)
	at com.kms.katalon.core.main.ScriptEngine.runScriptAsRawText(ScriptEngine.java:119)
	at com.kms.katalon.core.main.TestCaseExecutor.runScript(TestCaseExecutor.java:448)
	at com.kms.katalon.core.main.TestCaseExecutor.doExecute(TestCaseExecutor.java:439)
	at com.kms.katalon.core.main.TestCaseExecutor.processExecutionPhase(TestCaseExecutor.java:418)
	at com.kms.katalon.core.main.TestCaseExecutor.accessMainPhase(TestCaseExecutor.java:410)
	at com.kms.katalon.core.main.TestCaseExecutor.execute(TestCaseExecutor.java:285)
	at com.kms.katalon.core.common.CommonExecutor.accessTestCaseMainPhase(CommonExecutor.java:65)
	at com.kms.katalon.core.main.TestSuiteExecutor.accessTestSuiteMainPhase(TestSuiteExecutor.java:150)
	at com.kms.katalon.core.main.TestSuiteExecutor.execute(TestSuiteExecutor.java:106)
	at com.kms.katalon.core.main.TestCaseMain.startTestSuite(TestCaseMain.java:180)
	at TempTestSuite1743336560690.run(TempTestSuite1743336560690.groovy:35)
	at java.base/jdk.internal.reflect.NativeMethodAccessorImpl.invoke0(Native Method)
	at java.base/jdk.internal.reflect.NativeMethodAccessorImpl.invoke(NativeMethodAccessorImpl.java:77)
	at java.base/jdk.internal.reflect.DelegatingMethodAccessorImpl.invoke(DelegatingMethodAccessorImpl.java:43)
Caused by: com.kms.katalon.core.webui.exception.WebElementNotFoundException: Web element with id: 'Object Repository/Факторный анализ/Отклонения выручки по факторам Выручка' located by '(.//*[normalize-space(text()) and normalize-space(.)='В начало'])[20]/following::*[name()='svg'][1]' not found
	at com.kms.katalon.core.webui.common.WebUiCommonHelper.findWebElement(WebUiCommonHelper.java:1426)
	at com.kms.katalon.core.webui.keyword.internal.WebUIAbstractKeyword.findWebElement(WebUIAbstractKeyword.groovy:27)
	at com.kms.katalon.core.webui.keyword.internal.WebUIAbstractKeyword.findWebElement(WebUIAbstractKeyword.groovy:26)
	at com.kms.katalon.core.webui.keyword.builtin.GetTextKeyword$_getText_closure1.doCall(GetTextKeyword.groovy:78)
	at com.kms.katalon.core.webui.keyword.builtin.GetTextKeyword$_getText_closure1.call(GetTextKeyword.groovy)
	at com.kms.katalon.core.webui.keyword.internal.WebUIKeywordMain.runKeyword(WebUIKeywordMain.groovy:20)
	at com.kms.katalon.core.webui.keyword.builtin.GetTextKeyword.getText(GetTextKeyword.groovy:88)
	at com.kms.katalon.core.webui.keyword.builtin.GetTextKeyword.execute(GetTextKeyword.groovy:67)
	at com.kms.katalon.core.keyword.internal.KeywordExecutor.executeKeywordForPlatform(KeywordExecutor.groovy:74)
	at com.kms.katalon.core.webui.keyword.WebUiBuiltInKeywords.getText(WebUiBuiltInKeywords.groovy:957)
	at Script1719551244403.Test(Script1719551244403.groovy:365)
	at Script1719551244403.run(Script1719551244403.groovy:44)
	... 15 more
)
[[ATTACHMENT|C:\\Users\\LIAZGINA-DI\\git\\SPORU\\Reports\\20250330_150919\\\u041F\u043D-\u0421\u0440-\u041F\u0442\\\u0421\u0432\u0435\u0440\u043A\u0430 \u0434\u0430\u0448\u0431\u043E\u0440\u0434\u043E\u0432 \u0438\u0437 \u0440\u0430\u0437\u043D\u044B\u0445 \u0431\u043B\u043E\u043A\u043E\u0432\\20250330_150920\\1743342965413.png]]

30-03-2025T16:56:05 - [TEST_STEP][ERROR] - b = b.replaceAll("[\r?
|
]", "/"): Test Cases/Сверки дашбордов/Факторный анализ сверка дашбордов FAILED.
Reason:
java.lang.NullPointerException: Cannot invoke method replaceAll() on null object
	at Факторный анализ сверка дашбордов.Test(Факторный анализ сверка дашбордов:367)
	at Факторный анализ сверка дашбордов.run(Факторный анализ сверка дашбордов:44)
	at com.kms.katalon.core.main.ScriptEngine.run(ScriptEngine.java:194)
	at com.kms.katalon.core.main.ScriptEngine.runScriptAsRawText(ScriptEngine.java:119)
	at com.kms.katalon.core.main.TestCaseExecutor.runScript(TestCaseExecutor.java:448)
	at com.kms.katalon.core.main.TestCaseExecutor.doExecute(TestCaseExecutor.java:439)
	at com.kms.katalon.core.main.TestCaseExecutor.processExecutionPhase(TestCaseExecutor.java:418)
	at com.kms.katalon.core.main.TestCaseExecutor.accessMainPhase(TestCaseExecutor.java:410)
	at com.kms.katalon.core.main.TestCaseExecutor.execute(TestCaseExecutor.java:285)
	at com.kms.katalon.core.common.CommonExecutor.accessTestCaseMainPhase(CommonExecutor.java:65)
	at com.kms.katalon.core.main.TestSuiteExecutor.accessTestSuiteMainPhase(TestSuiteExecutor.java:150)
	at com.kms.katalon.core.main.TestSuiteExecutor.execute(TestSuiteExecutor.java:106)
	at com.kms.katalon.core.main.TestCaseMain.startTestSuite(TestCaseMain.java:180)
	at TempTestSuite1743336560690.run(TempTestSuite1743336560690.groovy:35)
	at java.base/jdk.internal.reflect.NativeMethodAccessorImpl.invoke0(Native Method)
	at java.base/jdk.internal.reflect.NativeMethodAccessorImpl.invoke(NativeMethodAccessorImpl.java:77)
	at java.base/jdk.internal.reflect.DelegatingMethodAccessorImpl.invoke(DelegatingMethodAccessorImpl.java:43)


30-03-2025T16:56:05 - [MESSAGE][ERROR] - Test Cases/Сверки дашбордов/Факторный анализ сверка дашбордов FAILED.
Reason:
java.lang.NullPointerException: Cannot invoke method replaceAll() on null object
	at Факторный анализ сверка дашбордов.Test(Факторный анализ сверка дашбордов:367)
	at Факторный анализ сверка дашбордов.run(Факторный анализ сверка дашбордов:44)
	at com.kms.katalon.core.main.ScriptEngine.run(ScriptEngine.java:194)
	at com.kms.katalon.core.main.ScriptEngine.runScriptAsRawText(ScriptEngine.java:119)
	at com.kms.katalon.core.main.TestCaseExecutor.runScript(TestCaseExecutor.java:448)
	at com.kms.katalon.core.main.TestCaseExecutor.doExecute(TestCaseExecutor.java:439)
	at com.kms.katalon.core.main.TestCaseExecutor.processExecutionPhase(TestCaseExecutor.java:418)
	at com.kms.katalon.core.main.TestCaseExecutor.accessMainPhase(TestCaseExecutor.java:410)
	at com.kms.katalon.core.main.TestCaseExecutor.execute(TestCaseExecutor.java:285)
	at com.kms.katalon.core.common.CommonExecutor.accessTestCaseMainPhase(CommonExecutor.java:65)
	at com.kms.katalon.core.main.TestSuiteExecutor.accessTestSuiteMainPhase(TestSuiteExecutor.java:150)
	at com.kms.katalon.core.main.TestSuiteExecutor.execute(TestSuiteExecutor.java:106)
	at com.kms.katalon.core.main.TestCaseMain.startTestSuite(TestCaseMain.java:180)
	at TempTestSuite1743336560690.run(TempTestSuite1743336560690.groovy:35)
	at java.base/jdk.internal.reflect.NativeMethodAccessorImpl.invoke0(Native Method)
	at java.base/jdk.internal.reflect.NativeMethodAccessorImpl.invoke(NativeMethodAccessorImpl.java:77)
	at java.base/jdk.internal.reflect.DelegatingMethodAccessorImpl.invoke(DelegatingMethodAccessorImpl.java:43)]]></system-out>
         <system-err><![CDATA[30-03-2025T16:54:09 - [TEST_CASE][FAILED] - Test Cases/Сверки дашбордов/Факторный анализ сверка дашбордов: Test Cases/Сверки дашбордов/Факторный анализ сверка дашбордов FAILED.
Reason:
com.kms.katalon.core.exception.StepFailedException: Unable to get text of object 'Object Repository/Факторный анализ/Отклонения выручки по факторам Выручка' (Root cause: com.kms.katalon.core.exception.StepFailedException: Unable to get text of object 'Object Repository/Факторный анализ/Отклонения выручки по факторам Выручка'
	at com.kms.katalon.core.webui.keyword.internal.WebUIKeywordMain.stepFailed(WebUIKeywordMain.groovy:64)
	at com.kms.katalon.core.webui.keyword.internal.WebUIKeywordMain.runKeyword(WebUIKeywordMain.groovy:26)
	at com.kms.katalon.core.webui.keyword.builtin.GetTextKeyword.getText(GetTextKeyword.groovy:88)
	at com.kms.katalon.core.webui.keyword.builtin.GetTextKeyword.execute(GetTextKeyword.groovy:67)
	at com.kms.katalon.core.keyword.internal.KeywordExecutor.executeKeywordForPlatform(KeywordExecutor.groovy:74)
	at com.kms.katalon.core.webui.keyword.WebUiBuiltInKeywords.getText(WebUiBuiltInKeywords.groovy:957)
	at Факторный анализ сверка дашбордов.Test(Факторный анализ сверка дашбордов:365)
	at Факторный анализ сверка дашбордов.run(Факторный анализ сверка дашбордов:44)
	at com.kms.katalon.core.main.ScriptEngine.run(ScriptEngine.java:194)
	at com.kms.katalon.core.main.ScriptEngine.runScriptAsRawText(ScriptEngine.java:119)
	at com.kms.katalon.core.main.TestCaseExecutor.runScript(TestCaseExecutor.java:448)
	at com.kms.katalon.core.main.TestCaseExecutor.doExecute(TestCaseExecutor.java:439)
	at com.kms.katalon.core.main.TestCaseExecutor.processExecutionPhase(TestCaseExecutor.java:418)
	at com.kms.katalon.core.main.TestCaseExecutor.accessMainPhase(TestCaseExecutor.java:410)
	at com.kms.katalon.core.main.TestCaseExecutor.execute(TestCaseExecutor.java:285)
	at com.kms.katalon.core.common.CommonExecutor.accessTestCaseMainPhase(CommonExecutor.java:65)
	at com.kms.katalon.core.main.TestSuiteExecutor.accessTestSuiteMainPhase(TestSuiteExecutor.java:150)
	at com.kms.katalon.core.main.TestSuiteExecutor.execute(TestSuiteExecutor.java:106)
	at com.kms.katalon.core.main.TestCaseMain.startTestSuite(TestCaseMain.java:180)
	at TempTestSuite1743336560690.run(TempTestSuite1743336560690.groovy:35)
	at java.base/jdk.internal.reflect.NativeMethodAccessorImpl.invoke0(Native Method)
	at java.base/jdk.internal.reflect.NativeMethodAccessorImpl.invoke(NativeMethodAccessorImpl.java:77)
	at java.base/jdk.internal.reflect.DelegatingMethodAccessorImpl.invoke(DelegatingMethodAccessorImpl.java:43)
Caused by: com.kms.katalon.core.webui.exception.WebElementNotFoundException: Web element with id: 'Object Repository/Факторный анализ/Отклонения выручки по факторам Выручка' located by '(.//*[normalize-space(text()) and normalize-space(.)='В начало'])[20]/following::*[name()='svg'][1]' not found
	at com.kms.katalon.core.webui.common.WebUiCommonHelper.findWebElement(WebUiCommonHelper.java:1426)
	at com.kms.katalon.core.webui.keyword.internal.WebUIAbstractKeyword.findWebElement(WebUIAbstractKeyword.groovy:27)
	at com.kms.katalon.core.webui.keyword.internal.WebUIAbstractKeyword.findWebElement(WebUIAbstractKeyword.groovy:26)
	at com.kms.katalon.core.webui.keyword.builtin.GetTextKeyword$_getText_closure1.doCall(GetTextKeyword.groovy:78)
	at com.kms.katalon.core.webui.keyword.builtin.GetTextKeyword$_getText_closure1.call(GetTextKeyword.groovy)
	at com.kms.katalon.core.webui.keyword.internal.WebUIKeywordMain.runKeyword(WebUIKeywordMain.groovy:20)
	at com.kms.katalon.core.webui.keyword.builtin.GetTextKeyword.getText(GetTextKeyword.groovy:88)
	at com.kms.katalon.core.webui.keyword.builtin.GetTextKeyword.execute(GetTextKeyword.groovy:67)
	at com.kms.katalon.core.keyword.internal.KeywordExecutor.executeKeywordForPlatform(KeywordExecutor.groovy:74)
	at com.kms.katalon.core.webui.keyword.WebUiBuiltInKeywords.getText(WebUiBuiltInKeywords.groovy:957)
	at Script1719551244403.Test(Script1719551244403.groovy:365)
	at Script1719551244403.run(Script1719551244403.groovy:44)
	... 15 more
)
	at com.kms.katalon.core.keyword.internal.KeywordMain.stepFailed(KeywordMain.groovy:39)
	at com.kms.katalon.core.webui.keyword.internal.WebUIKeywordMain.stepFailed(WebUIKeywordMain.groovy:64)
	at com.kms.katalon.core.webui.keyword.internal.WebUIKeywordMain.runKeyword(WebUIKeywordMain.groovy:26)
	at com.kms.katalon.core.webui.keyword.builtin.GetTextKeyword.getText(GetTextKeyword.groovy:88)
	at com.kms.katalon.core.webui.keyword.builtin.GetTextKeyword.execute(GetTextKeyword.groovy:67)
	at com.kms.katalon.core.keyword.internal.KeywordExecutor.executeKeywordForPlatform(KeywordExecutor.groovy:74)
	at com.kms.katalon.core.webui.keyword.WebUiBuiltInKeywords.getText(WebUiBuiltInKeywords.groovy:957)
	at Факторный анализ сверка дашбордов.Test(Факторный анализ сверка дашбордов:365)
	at Факторный анализ сверка дашбордов.run(Факторный анализ сверка дашбордов:44)
	at com.kms.katalon.core.main.ScriptEngine.run(ScriptEngine.java:194)
	at com.kms.katalon.core.main.ScriptEngine.runScriptAsRawText(ScriptEngine.java:119)
	at com.kms.katalon.core.main.TestCaseExecutor.runScript(TestCaseExecutor.java:448)
	at com.kms.katalon.core.main.TestCaseExecutor.doExecute(TestCaseExecutor.java:439)
	at com.kms.katalon.core.main.TestCaseExecutor.processExecutionPhase(TestCaseExecutor.java:418)
	at com.kms.katalon.core.main.TestCaseExecutor.accessMainPhase(TestCaseExecutor.java:410)
	at com.kms.katalon.core.main.TestCaseExecutor.execute(TestCaseExecutor.java:285)
	at com.kms.katalon.core.common.CommonExecutor.accessTestCaseMainPhase(CommonExecutor.java:65)
	at com.kms.katalon.core.main.TestSuiteExecutor.accessTestSuiteMainPhase(TestSuiteExecutor.java:150)
	at com.kms.katalon.core.main.TestSuiteExecutor.execute(TestSuiteExecutor.java:106)
	at com.kms.katalon.core.main.TestCaseMain.startTestSuite(TestCaseMain.java:180)
	at TempTestSuite1743336560690.run(TempTestSuite1743336560690.groovy:35)
	at java.base/jdk.internal.reflect.NativeMethodAccessorImpl.invoke0(Native Method)
	at java.base/jdk.internal.reflect.NativeMethodAccessorImpl.invoke(NativeMethodAccessorImpl.java:77)
	at java.base/jdk.internal.reflect.DelegatingMethodAccessorImpl.invoke(DelegatingMethodAccessorImpl.java:43)
Caused by: com.kms.katalon.core.exception.StepFailedException: Unable to get text of object 'Object Repository/Факторный анализ/Отклонения выручки по факторам Выручка'
	... 23 more
Caused by: com.kms.katalon.core.webui.exception.WebElementNotFoundException: Web element with id: 'Object Repository/Факторный анализ/Отклонения выручки по факторам Выручка' located by '(.//*[normalize-space(text()) and normalize-space(.)='В начало'])[20]/following::*[name()='svg'][1]' not found
	at com.kms.katalon.core.webui.common.WebUiCommonHelper.findWebElement(WebUiCommonHelper.java:1426)
	at com.kms.katalon.core.webui.keyword.internal.WebUIAbstractKeyword.findWebElement(WebUIAbstractKeyword.groovy:27)
	at com.kms.katalon.core.webui.keyword.internal.WebUIAbstractKeyword.findWebElement(WebUIAbstractKeyword.groovy:26)
	at com.kms.katalon.core.webui.keyword.builtin.GetTextKeyword$_getText_closure1.doCall(GetTextKeyword.groovy:78)
	at com.kms.katalon.core.webui.keyword.builtin.GetTextKeyword$_getText_closure1.call(GetTextKeyword.groovy)
	at com.kms.katalon.core.webui.keyword.internal.WebUIKeywordMain.runKeyword(WebUIKeywordMain.groovy:20)
	... 21 more]]></system-err>
      </testcase>
      <testcase name="Test Cases/Выполнение бизнес-плана/Выполнение бизнес-плана Сверка ПАО Россети все филиалы" time="1478.585" classname="Test Cases/Выполнение бизнес-плана/Выполнение бизнес-плана Сверка ПАО Россети все филиалы" status="FAILED">
         <failure type="FAILED" message="Test Cases/Выполнение бизнес-плана/Выполнение бизнес-плана Сверка ПАО Россети все филиалы FAILED.&#xa;Reason:&#xa;com.kms.katalon.core.exception.StepFailedException: Unable to verify equal between actual object '6' and expected object '0' (Root cause: com.kms.katalon.core.exception.StepFailedException: Actual object '6' and expected object '0' are not equal&#xa;	at com.kms.katalon.core.keyword.builtin.VerifyEqualKeyword$_verifyEqual_closure1.doCall(VerifyEqualKeyword.groovy:58)&#xa;	at com.kms.katalon.core.keyword.builtin.VerifyEqualKeyword$_verifyEqual_closure1.call(VerifyEqualKeyword.groovy)&#xa;	at com.kms.katalon.core.keyword.internal.KeywordMain.runKeyword(KeywordMain.groovy:75)&#xa;	at com.kms.katalon.core.keyword.builtin.VerifyEqualKeyword.verifyEqual(VerifyEqualKeyword.groovy:63)&#xa;	at com.kms.katalon.core.keyword.builtin.VerifyEqualKeyword.execute(VerifyEqualKeyword.groovy:44)&#xa;	at com.kms.katalon.core.keyword.internal.KeywordExecutor.executeKeywordForPlatform(KeywordExecutor.groovy:74)&#xa;	at com.kms.katalon.core.keyword.BuiltinKeywords.verifyEqual(BuiltinKeywords.groovy:146)&#xa;	at jdk.internal.reflect.GeneratedMethodAccessor22.invoke(Unknown Source)&#xa;	at java.base/jdk.internal.reflect.DelegatingMethodAccessorImpl.invoke(DelegatingMethodAccessorImpl.java:43)&#xa;	at Выполнение бизнес-плана Сверка ПАО Россети все филиалы.Numbers(Выполнение бизнес-плана Сверка ПАО Россети все филиалы:744)&#xa;	at Выполнение бизнес-плана Сверка ПАО Россети все филиалы.run(Выполнение бизнес-плана Сверка ПАО Россети все филиалы:172)&#xa;	at com.kms.katalon.core.main.ScriptEngine.run(ScriptEngine.java:194)&#xa;	at com.kms.katalon.core.main.ScriptEngine.runScriptAsRawText(ScriptEngine.java:119)&#xa;	at com.kms.katalon.core.main.TestCaseExecutor.runScript(TestCaseExecutor.java:448)&#xa;	at com.kms.katalon.core.main.TestCaseExecutor.doExecute(TestCaseExecutor.java:439)&#xa;	at com.kms.katalon.core.main.TestCaseExecutor.processExecutionPhase(TestCaseExecutor.java:418)&#xa;	at com.kms.katalon.core.main.TestCaseExecutor.accessMainPhase(TestCaseExecutor.java:410)&#xa;	at com.kms.katalon.core.main.TestCaseExecutor.execute(TestCaseExecutor.java:285)&#xa;	at com.kms.katalon.core.common.CommonExecutor.accessTestCaseMainPhase(CommonExecutor.java:65)&#xa;	at com.kms.katalon.core.main.TestSuiteExecutor.accessTestSuiteMainPhase(TestSuiteExecutor.java:150)&#xa;	at com.kms.katalon.core.main.TestSuiteExecutor.execute(TestSuiteExecutor.java:106)&#xa;	at com.kms.katalon.core.main.TestCaseMain.startTestSuite(TestCaseMain.java:180)&#xa;	at TempTestSuite1743336560690.run(TempTestSuite1743336560690.groovy:35)&#xa;	at java.base/jdk.internal.reflect.NativeMethodAccessorImpl.invoke0(Native Method)&#xa;	at java.base/jdk.internal.reflect.NativeMethodAccessorImpl.invoke(NativeMethodAccessorImpl.java:77)&#xa;	at java.base/jdk.internal.reflect.DelegatingMethodAccessorImpl.invoke(DelegatingMethodAccessorImpl.java:43)&#xa;)&#xa;	at com.kms.katalon.core.keyword.internal.KeywordMain.stepFailed(KeywordMain.groovy:39)&#xa;	at com.kms.katalon.core.keyword.internal.KeywordMain.stepFailed(KeywordMain.groovy)&#xa;	at com.kms.katalon.core.keyword.internal.KeywordMain.runKeyword(KeywordMain.groovy:77)&#xa;	at com.kms.katalon.core.keyword.builtin.VerifyEqualKeyword.verifyEqual(VerifyEqualKeyword.groovy:63)&#xa;	at com.kms.katalon.core.keyword.builtin.VerifyEqualKeyword.execute(VerifyEqualKeyword.groovy:44)&#xa;	at com.kms.katalon.core.keyword.internal.KeywordExecutor.executeKeywordForPlatform(KeywordExecutor.groovy:74)&#xa;	at com.kms.katalon.core.keyword.BuiltinKeywords.verifyEqual(BuiltinKeywords.groovy:146)&#xa;	at jdk.internal.reflect.GeneratedMethodAccessor22.invoke(Unknown Source)&#xa;	at java.base/jdk.internal.reflect.DelegatingMethodAccessorImpl.invoke(DelegatingMethodAccessorImpl.java:43)&#xa;	at Выполнение бизнес-плана Сверка ПАО Россети все филиалы.Numbers(Выполнение бизнес-плана Сверка ПАО Россети все филиалы:744)&#xa;	at Выполнение бизнес-плана Сверка ПАО Россети все филиалы.run(Выполнение бизнес-плана Сверка ПАО Россети все филиалы:172)&#xa;	at com.kms.katalon.core.main.ScriptEngine.run(ScriptEngine.java:194)&#xa;	at com.kms.katalon.core.main.ScriptEngine.runScriptAsRawText(ScriptEngine.java:119)&#xa;	at com.kms.katalon.core.main.TestCaseExecutor.runScript(TestCaseExecutor.java:448)&#xa;	at com.kms.katalon.core.main.TestCaseExecutor.doExecute(TestCaseExecutor.java:439)&#xa;	at com.kms.katalon.core.main.TestCaseExecutor.processExecutionPhase(TestCaseExecutor.java:418)&#xa;	at com.kms.katalon.core.main.TestCaseExecutor.accessMainPhase(TestCaseExecutor.java:410)&#xa;	at com.kms.katalon.core.main.TestCaseExecutor.execute(TestCaseExecutor.java:285)&#xa;	at com.kms.katalon.core.common.CommonExecutor.accessTestCaseMainPhase(CommonExecutor.java:65)&#xa;	at com.kms.katalon.core.main.TestSuiteExecutor.accessTestSuiteMainPhase(TestSuiteExecutor.java:150)&#xa;	at com.kms.katalon.core.main.TestSuiteExecutor.execute(TestSuiteExecutor.java:106)&#xa;	at com.kms.katalon.core.main.TestCaseMain.startTestSuite(TestCaseMain.java:180)&#xa;	at TempTestSuite1743336560690.run(TempTestSuite1743336560690.groovy:35)&#xa;	at java.base/jdk.internal.reflect.NativeMethodAccessorImpl.invoke0(Native Method)&#xa;	at java.base/jdk.internal.reflect.NativeMethodAccessorImpl.invoke(NativeMethodAccessorImpl.java:77)&#xa;	at java.base/jdk.internal.reflect.DelegatingMethodAccessorImpl.invoke(DelegatingMethodAccessorImpl.java:43)&#xa;Caused by: com.kms.katalon.core.exception.StepFailedException: Actual object '6' and expected object '0' are not equal&#xa;	at com.kms.katalon.core.keyword.builtin.VerifyEqualKeyword$_verifyEqual_closure1.doCall(VerifyEqualKeyword.groovy:58)&#xa;	at com.kms.katalon.core.keyword.builtin.VerifyEqualKeyword$_verifyEqual_closure1.call(VerifyEqualKeyword.groovy)&#xa;	at com.kms.katalon.core.keyword.internal.KeywordMain.runKeyword(KeywordMain.groovy:75)&#xa;	... 23 more&#xa;"/>
         <system-out><![CDATA[30-03-2025T16:56:05 - [TEST_CASE][FAILED] - Test Cases/Выполнение бизнес-плана/Выполнение бизнес-плана Сверка ПАО Россети все филиалы: Test Cases/Выполнение бизнес-плана/Выполнение бизнес-плана Сверка ПАО Россети все филиалы FAILED.
Reason:
com.kms.katalon.core.exception.StepFailedException: Unable to verify equal between actual object '6' and expected object '0' (Root cause: com.kms.katalon.core.exception.StepFailedException: Actual object '6' and expected object '0' are not equal
	at com.kms.katalon.core.keyword.builtin.VerifyEqualKeyword$_verifyEqual_closure1.doCall(VerifyEqualKeyword.groovy:58)
	at com.kms.katalon.core.keyword.builtin.VerifyEqualKeyword$_verifyEqual_closure1.call(VerifyEqualKeyword.groovy)
	at com.kms.katalon.core.keyword.internal.KeywordMain.runKeyword(KeywordMain.groovy:75)
	at com.kms.katalon.core.keyword.builtin.VerifyEqualKeyword.verifyEqual(VerifyEqualKeyword.groovy:63)
	at com.kms.katalon.core.keyword.builtin.VerifyEqualKeyword.execute(VerifyEqualKeyword.groovy:44)
	at com.kms.katalon.core.keyword.internal.KeywordExecutor.executeKeywordForPlatform(KeywordExecutor.groovy:74)
	at com.kms.katalon.core.keyword.BuiltinKeywords.verifyEqual(BuiltinKeywords.groovy:146)
	at jdk.internal.reflect.GeneratedMethodAccessor22.invoke(Unknown Source)
	at java.base/jdk.internal.reflect.DelegatingMethodAccessorImpl.invoke(DelegatingMethodAccessorImpl.java:43)
	at Выполнение бизнес-плана Сверка ПАО Россети все филиалы.Numbers(Выполнение бизнес-плана Сверка ПАО Россети все филиалы:744)
	at Выполнение бизнес-плана Сверка ПАО Россети все филиалы.run(Выполнение бизнес-плана Сверка ПАО Россети все филиалы:172)
	at com.kms.katalon.core.main.ScriptEngine.run(ScriptEngine.java:194)
	at com.kms.katalon.core.main.ScriptEngine.runScriptAsRawText(ScriptEngine.java:119)
	at com.kms.katalon.core.main.TestCaseExecutor.runScript(TestCaseExecutor.java:448)
	at com.kms.katalon.core.main.TestCaseExecutor.doExecute(TestCaseExecutor.java:439)
	at com.kms.katalon.core.main.TestCaseExecutor.processExecutionPhase(TestCaseExecutor.java:418)
	at com.kms.katalon.core.main.TestCaseExecutor.accessMainPhase(TestCaseExecutor.java:410)
	at com.kms.katalon.core.main.TestCaseExecutor.execute(TestCaseExecutor.java:285)
	at com.kms.katalon.core.common.CommonExecutor.accessTestCaseMainPhase(CommonExecutor.java:65)
	at com.kms.katalon.core.main.TestSuiteExecutor.accessTestSuiteMainPhase(TestSuiteExecutor.java:150)
	at com.kms.katalon.core.main.TestSuiteExecutor.execute(TestSuiteExecutor.java:106)
	at com.kms.katalon.core.main.TestCaseMain.startTestSuite(TestCaseMain.java:180)
	at TempTestSuite1743336560690.run(TempTestSuite1743336560690.groovy:35)
	at java.base/jdk.internal.reflect.NativeMethodAccessorImpl.invoke0(Native Method)
	at java.base/jdk.internal.reflect.NativeMethodAccessorImpl.invoke(NativeMethodAccessorImpl.java:77)
	at java.base/jdk.internal.reflect.DelegatingMethodAccessorImpl.invoke(DelegatingMethodAccessorImpl.java:43)
)
	at com.kms.katalon.core.keyword.internal.KeywordMain.stepFailed(KeywordMain.groovy:39)
	at com.kms.katalon.core.keyword.internal.KeywordMain.stepFailed(KeywordMain.groovy)
	at com.kms.katalon.core.keyword.internal.KeywordMain.runKeyword(KeywordMain.groovy:77)
	at com.kms.katalon.core.keyword.builtin.VerifyEqualKeyword.verifyEqual(VerifyEqualKeyword.groovy:63)
	at com.kms.katalon.core.keyword.builtin.VerifyEqualKeyword.execute(VerifyEqualKeyword.groovy:44)
	at com.kms.katalon.core.keyword.internal.KeywordExecutor.executeKeywordForPlatform(KeywordExecutor.groovy:74)
	at com.kms.katalon.core.keyword.BuiltinKeywords.verifyEqual(BuiltinKeywords.groovy:146)
	at jdk.internal.reflect.GeneratedMethodAccessor22.invoke(Unknown Source)
	at java.base/jdk.internal.reflect.DelegatingMethodAccessorImpl.invoke(DelegatingMethodAccessorImpl.java:43)
	at Выполнение бизнес-плана Сверка ПАО Россети все филиалы.Numbers(Выполнение бизнес-плана Сверка ПАО Россети все филиалы:744)
	at Выполнение бизнес-плана Сверка ПАО Россети все филиалы.run(Выполнение бизнес-плана Сверка ПАО Россети все филиалы:172)
	at com.kms.katalon.core.main.ScriptEngine.run(ScriptEngine.java:194)
	at com.kms.katalon.core.main.ScriptEngine.runScriptAsRawText(ScriptEngine.java:119)
	at com.kms.katalon.core.main.TestCaseExecutor.runScript(TestCaseExecutor.java:448)
	at com.kms.katalon.core.main.TestCaseExecutor.doExecute(TestCaseExecutor.java:439)
	at com.kms.katalon.core.main.TestCaseExecutor.processExecutionPhase(TestCaseExecutor.java:418)
	at com.kms.katalon.core.main.TestCaseExecutor.accessMainPhase(TestCaseExecutor.java:410)
	at com.kms.katalon.core.main.TestCaseExecutor.execute(TestCaseExecutor.java:285)
	at com.kms.katalon.core.common.CommonExecutor.accessTestCaseMainPhase(CommonExecutor.java:65)
	at com.kms.katalon.core.main.TestSuiteExecutor.accessTestSuiteMainPhase(TestSuiteExecutor.java:150)
	at com.kms.katalon.core.main.TestSuiteExecutor.execute(TestSuiteExecutor.java:106)
	at com.kms.katalon.core.main.TestCaseMain.startTestSuite(TestCaseMain.java:180)
	at TempTestSuite1743336560690.run(TempTestSuite1743336560690.groovy:35)
	at java.base/jdk.internal.reflect.NativeMethodAccessorImpl.invoke0(Native Method)
	at java.base/jdk.internal.reflect.NativeMethodAccessorImpl.invoke(NativeMethodAccessorImpl.java:77)
	at java.base/jdk.internal.reflect.DelegatingMethodAccessorImpl.invoke(DelegatingMethodAccessorImpl.java:43)
Caused by: com.kms.katalon.core.exception.StepFailedException: Actual object '6' and expected object '0' are not equal
	at com.kms.katalon.core.keyword.builtin.VerifyEqualKeyword$_verifyEqual_closure1.doCall(VerifyEqualKeyword.groovy:58)
	at com.kms.katalon.core.keyword.builtin.VerifyEqualKeyword$_verifyEqual_closure1.call(VerifyEqualKeyword.groovy)
	at com.kms.katalon.core.keyword.internal.KeywordMain.runKeyword(KeywordMain.groovy:75)
	... 23 more


30-03-2025T16:56:06 - [TEST_STEP][PASSED] - openBrowser(""): Browser is opened with url: ''

30-03-2025T16:56:06 - [MESSAGE][WARNING] - A browser is already opened. Closing browser and opening a new one

30-03-2025T16:56:06 - [MESSAGE][INFO] - Starting 'Chrome' driver

30-03-2025T16:56:06 - [MESSAGE][INFO] - Action delay is set to 0 milliseconds

30-03-2025T16:56:07 - [MESSAGE][PASSED] - Browser is opened with url: ''

30-03-2025T16:56:07 - [TEST_STEP][PASSED] - date = new java.util.Date(): null

30-03-2025T16:56:07 - [TEST_STEP][PASSED] - todaysDate = date.format("dd.MM.yyyy"): null

30-03-2025T16:56:07 - [TEST_STEP][PASSED] - dZO = <not implemented yet for class: org.codehaus.groovy.ast.expr.EmptyExpression>: null

30-03-2025T16:56:07 - [TEST_STEP][PASSED] - a = <not implemented yet for class: org.codehaus.groovy.ast.expr.EmptyExpression>: null

30-03-2025T16:56:07 - [TEST_STEP][PASSED] - fileperc = <not implemented yet for class: org.codehaus.groovy.ast.expr.EmptyExpression>: null

30-03-2025T16:56:07 - [TEST_STEP][PASSED] - pageperc = <not implemented yet for class: org.codehaus.groovy.ast.expr.EmptyExpression>: null

30-03-2025T16:56:07 - [TEST_STEP][PASSED] - pageInt = <not implemented yet for class: org.codehaus.groovy.ast.expr.EmptyExpression>: null

30-03-2025T16:56:07 - [TEST_STEP][PASSED] - fileInt = <not implemented yet for class: org.codehaus.groovy.ast.expr.EmptyExpression>: null

30-03-2025T16:56:07 - [TEST_STEP][PASSED] - pageDouble = <not implemented yet for class: org.codehaus.groovy.ast.expr.EmptyExpression>: null

30-03-2025T16:56:07 - [TEST_STEP][PASSED] - fileDouble = <not implemented yet for class: org.codehaus.groovy.ast.expr.EmptyExpression>: null

30-03-2025T16:56:07 - [TEST_STEP][PASSED] - typeOfData = <not implemented yet for class: org.codehaus.groovy.ast.expr.EmptyExpression>: null

30-03-2025T16:56:07 - [TEST_STEP][PASSED] - dzoNum = 0: null

30-03-2025T16:56:07 - [TEST_STEP][PASSED] - filialNum = 0: null

30-03-2025T16:56:07 - [TEST_STEP][PASSED] - urlText = <not implemented yet for class: org.codehaus.groovy.ast.expr.EmptyExpression>: null

30-03-2025T16:56:07 - [TEST_STEP][PASSED] - searchWord = <not implemented yet for class: org.codehaus.groovy.ast.expr.EmptyExpression>: null

30-03-2025T16:56:07 - [TEST_STEP][PASSED] - i = <not implemented yet for class: org.codehaus.groovy.ast.expr.EmptyExpression>: null

30-03-2025T16:56:07 - [TEST_STEP][PASSED] - ii = <not implemented yet for class: org.codehaus.groovy.ast.expr.EmptyExpression>: null

30-03-2025T16:56:07 - [TEST_STEP][PASSED] - navigateToUrl(findTestData("PlanFact").getValue(10, 1)): Navigate to 'https://bi.rosseti.digital/viewer?dashboardGuid=d154a8eaf6824e2b9de1bb04dd061c18&sheetGuid=1305e8ce744049e1abdacea1ea397a26&fit=true' successfully

30-03-2025T16:56:11 - [MESSAGE][PASSED] - Navigate to 'https://bi.rosseti.digital/viewer?dashboardGuid=d154a8eaf6824e2b9de1bb04dd061c18&sheetGuid=1305e8ce744049e1abdacea1ea397a26&fit=true' successfully

30-03-2025T16:56:11 - [TEST_STEP][PASSED] - urlText = getText(findTestObject("Страница авторизации/Text")): Text of object 'Object Repository/Страница авторизации/Text' is: 'Вход'

30-03-2025T16:56:13 - [MESSAGE][PASSED] - Text of object 'Object Repository/Страница авторизации/Text' is: 'Вход'

30-03-2025T16:56:13 - [TEST_STEP][PASSED] - delay(20): Delayed 20 second(s)

30-03-2025T16:56:33 - [MESSAGE][PASSED] - Delayed 20 second(s)

30-03-2025T16:56:33 - [TEST_STEP][PASSED] - searchWord = "Вход": null

30-03-2025T16:56:33 - [TEST_STEP][PASSED] - if (urlText.contains(searchWord) == false): null

30-03-2025T16:56:33 - [TEST_STEP][PASSED] - setText(findTestObject("Страница авторизации/input__username"), findTestData("PlanFact").getValue(8, 1)): Text 'liazgina-di' is set on object 'Object Repository/Страница авторизации/input__username'

30-03-2025T16:56:33 - [MESSAGE][PASSED] - Text 'liazgina-di' is set on object 'Object Repository/Страница авторизации/input__username'

30-03-2025T16:56:33 - [TEST_STEP][PASSED] - setText(findTestObject("Страница авторизации/input__password"), findTestData("PlanFact").getValue(9, 1)): Text ')$%5srZ8o688Dm#q' is set on object 'Object Repository/Страница авторизации/input__password'

30-03-2025T16:56:34 - [MESSAGE][PASSED] - Text ')$%5srZ8o688Dm#q' is set on object 'Object Repository/Страница авторизации/input__password'

30-03-2025T16:56:34 - [TEST_STEP][PASSED] - click(findTestObject("Страница авторизации/button_")): Object: 'Object Repository/Страница авторизации/button_' is clicked on

30-03-2025T16:56:35 - [MESSAGE][PASSED] - Object: 'Object Repository/Страница авторизации/button_' is clicked on

30-03-2025T16:56:35 - [TEST_STEP][PASSED] - delay(50): Delayed 50 second(s)

30-03-2025T16:57:25 - [MESSAGE][PASSED] - Delayed 50 second(s)

30-03-2025T16:57:25 - [TEST_STEP][PASSED] - searchWord = "ДЗО": null

30-03-2025T16:57:25 - [TEST_STEP][PASSED] - urlText = getText(findTestObject("Страница авторизации/Text")): Text of object 'Object Repository/Страница авторизации/Text' is: 'ДЗО 
ПАО Россети
Период
Январь, Февраль 2025 года
Отклонения фактического уровня потерь от бизнес-плана, п.п.
0.14
-0.92
-0.65
-1.51
-0.23
-0.38
-0.54
-1.82
-1.45
-1.44
-1.52
Россети ФСК ЕЭС
Россети Волга
Россети Московскийрегион
Россети Северо-Запад
Россети Томск
Россети Тюмень
Россети Урал (ГК)
Россети Центр (ГК)
Россети Центр иПриволжье (ГК)
Россети Юг (ГК)
Россети Янтарь
-4
-2
0
2
4
6
8

Уровень потерь электроэнергии
Россети ФСК ЕЭС
Россети Волга
Россети Московский регион
Россети Северо-Запад
Россети Томск
Россети Урал (ГК)
Россети Юг (ГК)
Россети Янтарь
0
10
20
30
40
50
60
70
3.84
6.39
|
9.59
|
6.73
|
10.78
|
6.88
|
10.84
|
10.39
|
3.99
|
5.47
8.94
5.22
10.54
6.34
9.40
8.87
п.п.
2.32
Итого
0
1
2
3
%
5.70 5.70
8.02 8.02
План
Факт
1
100

● Бизнес-план выполнен● ●● Превышение бизнес-плана
Отклонения фактического уровня потерь от бизнес-плана за 3 месяца (нарастающим итогом), п.п.
-0.2-0.2
-8.4-8.4
2.92.9
-0.4-0.4
-0.5-0.5
-0.0-0.0
0.20.2
3.83.8
-0.3-0.3
-7.9-7.9
-0.0-0.0
0.20.2
-0.2-0.2
-0.5-0.5
-0.2-0.2
-0.3-0.3
-0.1-0.1
-0.0-0.0
-0.9-0.9
-0.4-0.4
-2.5-2.5
-0.3-0.3
-0.2-0.2
-0.3-0.3
-2.6-2.6
-1.9-1.9
-1.4-1.4
-2.4-2.4
0.10.1
-0.9-0.9
-0.7-0.7
-1.5-1.5
-0.2-0.2
-0.4-0.4
-0.5-0.5
-1.8-1.8
-1.5-1.5
-1.4-1.4
-1.5-1.5
Россети ФСКЕЭС
АО«Тываэнерго»
АО«Чеченэнерго»
Россети Волга
РоссетиКубань
РоссетиЛенэнерго(ГК)
РоссетиМосковскийрегион
РоссетиСеверныйКавказ (ГК)
Россети Северо-Запад
Россети Сибирь(ГК)
Россети Томск
Россети Тюмень
Россети Урал(ГК)
Россети Центр
Россети Центри Приволжье(ГК)
Россети Юг (Г…
РоссетиЯнтарь
-10
0
10
п.п.
Отклонения фактического уровня потерь от бизнес-плана за 3 месяца (нарастающим итогом)
-0.2-0.2
-8.4-8.4
-0.4-0.4
-0.0-0.0
-0.1-0.1
5.25.2
-1.3-1.3
-0.4-0.4
-8.1-8.1
-0.1-0.1
0.10.1
-0.4-0.4
-0.1-0.1
-6.9-6.9
-0.3-0.3
-0.8-0.8
-0.8-0.8
-0.4-0.4
8.38.3
0.50.5
12.512.5
-3.4-3.4
-2.5-2.5
-6.0-6.0
-1.5-1.5
-0.6-0.6
-1.6-1.6
-1.4-1.4
-4.5-4.5
-1.8-1.8
-1.9-1.9
-5.3-5.3
-1.1-1.1
-0.5-0.5
-0.7-0.7
-0.9-0.9
-2.8-2.8
Итого по ФСК ЕЭС
АО "Тываэнерго"
АО «ВМЭС»
АО «Воронежская горэлектросеть»
АО «Тульские городские электрические сети»
АО «Чеченэнерго»
АО «Ярославская электросетевая компания»
АО ЕЭСК
Алтайэнерго
Архангельский филиал
Астраханьэнерго
Белгородэнерго
Брянскэнерго
Бурятэнерго
Владимирэнерго
Волгоградэнерго
Вологодский филиал
Воронежэнерго
Дагэнерго
Ивэнерго
Ингушэнерго
-24
24

Статус данных
Просьба обратить внимание
— все данные не занесены
Факт
План
Итого – Факт
Отпуск в сеть 125 334 758
Отпуск из сети 115 279 156
Потери 10 055 603
Итого – План
Отпуск в сеть 194 734 363
Отпуск из сети 183 633 074
Потери 11 101 289
Выполнение бизнес-плана в части показателя «Уровень потерь электроэнергии»
Показатели баланса электроэнергии по ДЗО – Факт 
110 269 467 3 856 981 19 320 144 6 258 254 916 358 13 172 022 3 467 484 901 140
106 042 826 3 645 880 17 593 829 5 931 711 819 733 12 337 301 3 141 633 821 181
4 226 641 211 102 1 726 314 326 542 96 625 834 722 325 852 79 959
Показатели баланса электроэнергии по ДЗО – План
112 774 173 4 033 660 20 226 117 6 540 566 962 437 13 672 013 3 760 351 908 608
108 600 475 3 775 836 18 287 074 6 100 575 858 729 12 731 776 3 352 866 814 188
4 173 698 257 824 1 939 043 439 991 103 708 940 237 407 485 94 420'

30-03-2025T16:57:27 - [MESSAGE][PASSED] - Text of object 'Object Repository/Страница авторизации/Text' is: 'ДЗО 
ПАО Россети
Период
Январь, Февраль 2025 года
Отклонения фактического уровня потерь от бизнес-плана, п.п.
0.14
-0.92
-0.65
-1.51
-0.23
-0.38
-0.54
-1.82
-1.45
-1.44
-1.52
Россети ФСК ЕЭС
Россети Волга
Россети Московскийрегион
Россети Северо-Запад
Россети Томск
Россети Тюмень
Россети Урал (ГК)
Россети Центр (ГК)
Россети Центр иПриволжье (ГК)
Россети Юг (ГК)
Россети Янтарь
-4
-2
0
2
4
6
8

Уровень потерь электроэнергии
Россети ФСК ЕЭС
Россети Волга
Россети Московский регион
Россети Северо-Запад
Россети Томск
Россети Урал (ГК)
Россети Юг (ГК)
Россети Янтарь
0
10
20
30
40
50
60
70
3.84
6.39
|
9.59
|
6.73
|
10.78
|
6.88
|
10.84
|
10.39
|
3.99
|
5.47
8.94
5.22
10.54
6.34
9.40
8.87
п.п.
2.32
Итого
0
1
2
3
%
5.70 5.70
8.02 8.02
План
Факт
1
100

● Бизнес-план выполнен● ●● Превышение бизнес-плана
Отклонения фактического уровня потерь от бизнес-плана за 3 месяца (нарастающим итогом), п.п.
-0.2-0.2
-8.4-8.4
2.92.9
-0.4-0.4
-0.5-0.5
-0.0-0.0
0.20.2
3.83.8
-0.3-0.3
-7.9-7.9
-0.0-0.0
0.20.2
-0.2-0.2
-0.5-0.5
-0.2-0.2
-0.3-0.3
-0.1-0.1
-0.0-0.0
-0.9-0.9
-0.4-0.4
-2.5-2.5
-0.3-0.3
-0.2-0.2
-0.3-0.3
-2.6-2.6
-1.9-1.9
-1.4-1.4
-2.4-2.4
0.10.1
-0.9-0.9
-0.7-0.7
-1.5-1.5
-0.2-0.2
-0.4-0.4
-0.5-0.5
-1.8-1.8
-1.5-1.5
-1.4-1.4
-1.5-1.5
Россети ФСКЕЭС
АО«Тываэнерго»
АО«Чеченэнерго»
Россети Волга
РоссетиКубань
РоссетиЛенэнерго(ГК)
РоссетиМосковскийрегион
РоссетиСеверныйКавказ (ГК)
Россети Северо-Запад
Россети Сибирь(ГК)
Россети Томск
Россети Тюмень
Россети Урал(ГК)
Россети Центр
Россети Центри Приволжье(ГК)
Россети Юг (Г…
РоссетиЯнтарь
-10
0
10
п.п.
Отклонения фактического уровня потерь от бизнес-плана за 3 месяца (нарастающим итогом)
-0.2-0.2
-8.4-8.4
-0.4-0.4
-0.0-0.0
-0.1-0.1
5.25.2
-1.3-1.3
-0.4-0.4
-8.1-8.1
-0.1-0.1
0.10.1
-0.4-0.4
-0.1-0.1
-6.9-6.9
-0.3-0.3
-0.8-0.8
-0.8-0.8
-0.4-0.4
8.38.3
0.50.5
12.512.5
-3.4-3.4
-2.5-2.5
-6.0-6.0
-1.5-1.5
-0.6-0.6
-1.6-1.6
-1.4-1.4
-4.5-4.5
-1.8-1.8
-1.9-1.9
-5.3-5.3
-1.1-1.1
-0.5-0.5
-0.7-0.7
-0.9-0.9
-2.8-2.8
Итого по ФСК ЕЭС
АО "Тываэнерго"
АО «ВМЭС»
АО «Воронежская горэлектросеть»
АО «Тульские городские электрические сети»
АО «Чеченэнерго»
АО «Ярославская электросетевая компания»
АО ЕЭСК
Алтайэнерго
Архангельский филиал
Астраханьэнерго
Белгородэнерго
Брянскэнерго
Бурятэнерго
Владимирэнерго
Волгоградэнерго
Вологодский филиал
Воронежэнерго
Дагэнерго
Ивэнерго
Ингушэнерго
-24
24

Статус данных
Просьба обратить внимание
— все данные не занесены
Факт
План
Итого – Факт
Отпуск в сеть 125 334 758
Отпуск из сети 115 279 156
Потери 10 055 603
Итого – План
Отпуск в сеть 194 734 363
Отпуск из сети 183 633 074
Потери 11 101 289
Выполнение бизнес-плана в части показателя «Уровень потерь электроэнергии»
Показатели баланса электроэнергии по ДЗО – Факт 
110 269 467 3 856 981 19 320 144 6 258 254 916 358 13 172 022 3 467 484 901 140
106 042 826 3 645 880 17 593 829 5 931 711 819 733 12 337 301 3 141 633 821 181
4 226 641 211 102 1 726 314 326 542 96 625 834 722 325 852 79 959
Показатели баланса электроэнергии по ДЗО – План
112 774 173 4 033 660 20 226 117 6 540 566 962 437 13 672 013 3 760 351 908 608
108 600 475 3 775 836 18 287 074 6 100 575 858 729 12 731 776 3 352 866 814 188
4 173 698 257 824 1 939 043 439 991 103 708 940 237 407 485 94 420'

30-03-2025T16:57:27 - [TEST_STEP][PASSED] - if (urlText.contains("ошибка") || urlText.contains(searchWord) == false): null

30-03-2025T16:57:27 - [TEST_STEP][PASSED] - Script1718980020443.ZakrytOpoveshenie(): null

30-03-2025T16:57:27 - [TEST_STEP][PASSED] - delay(10): Delayed 10 second(s)

30-03-2025T16:57:37 - [MESSAGE][PASSED] - Delayed 10 second(s)

30-03-2025T16:57:37 - [TEST_STEP][PASSED] - opoveshenie = getText(findTestObject("Выполнение бизнес-плана/Просьба обратить внимание")): Text of object 'Object Repository/Выполнение бизнес-плана/Просьба обратить внимание' is: 'Просьба обратить внимание'

30-03-2025T16:57:37 - [MESSAGE][PASSED] - Text of object 'Object Repository/Выполнение бизнес-плана/Просьба обратить внимание' is: 'Просьба обратить внимание'

30-03-2025T16:57:37 - [TEST_STEP][PASSED] - println(opoveshenie): null

30-03-2025T16:57:37 - [TEST_STEP][PASSED] - if (opoveshenie == "Просьба обратить внимание"): Object: 'Object Repository/Выполнение бизнес-плана/Закрыть оповещение' is clicked on

30-03-2025T16:57:37 - [TEST_STEP][PASSED] - click(findTestObject("Выполнение бизнес-плана/Закрыть оповещение")): Object: 'Object Repository/Выполнение бизнес-плана/Закрыть оповещение' is clicked on

30-03-2025T16:57:38 - [MESSAGE][PASSED] - Object: 'Object Repository/Выполнение бизнес-плана/Закрыть оповещение' is clicked on

30-03-2025T16:57:38 - [TEST_STEP][PASSED] - click(findTestObject("Object Repository/Выполнение бизнес-плана/Фильтр Дата")): Object: 'Object Repository/Выполнение бизнес-плана/Фильтр Дата' is clicked on

30-03-2025T16:57:38 - [MESSAGE][PASSED] - Object: 'Object Repository/Выполнение бизнес-плана/Фильтр Дата' is clicked on

30-03-2025T16:57:38 - [TEST_STEP][PASSED] - click(findTestObject("Выполнение бизнес-плана/Снять выделение в фильтре Дата")): Object: 'Object Repository/Выполнение бизнес-плана/Снять выделение в фильтре Дата' is clicked on

30-03-2025T16:57:39 - [MESSAGE][PASSED] - Object: 'Object Repository/Выполнение бизнес-плана/Снять выделение в фильтре Дата' is clicked on

30-03-2025T16:57:39 - [TEST_STEP][PASSED] - click(findTestObject("Object Repository/Выполнение бизнес-плана/Применить в фильтре Дата")): Object: 'Object Repository/Выполнение бизнес-плана/Применить в фильтре Дата' is clicked on

30-03-2025T16:57:39 - [MESSAGE][PASSED] - Object: 'Object Repository/Выполнение бизнес-плана/Применить в фильтре Дата' is clicked on

30-03-2025T16:57:39 - [TEST_STEP][PASSED] - delay(50): Delayed 50 second(s)

30-03-2025T16:58:29 - [MESSAGE][PASSED] - Delayed 50 second(s)

30-03-2025T16:58:29 - [TEST_STEP][PASSED] - Script1718980020443.ZakrytOpoveshenie(): null

30-03-2025T16:58:29 - [TEST_STEP][PASSED] - delay(10): Delayed 10 second(s)

30-03-2025T16:58:39 - [MESSAGE][PASSED] - Delayed 10 second(s)

30-03-2025T16:58:39 - [TEST_STEP][PASSED] - opoveshenie = getText(findTestObject("Выполнение бизнес-плана/Просьба обратить внимание")): Text of object 'Object Repository/Выполнение бизнес-плана/Просьба обратить внимание' is: 'Просьба обратить внимание'

30-03-2025T16:58:40 - [MESSAGE][PASSED] - Text of object 'Object Repository/Выполнение бизнес-плана/Просьба обратить внимание' is: 'Просьба обратить внимание'

30-03-2025T16:58:40 - [TEST_STEP][PASSED] - println(opoveshenie): null

30-03-2025T16:58:40 - [TEST_STEP][PASSED] - if (opoveshenie == "Просьба обратить внимание"): Object: 'Object Repository/Выполнение бизнес-плана/Закрыть оповещение' is clicked on

30-03-2025T16:58:40 - [TEST_STEP][PASSED] - click(findTestObject("Выполнение бизнес-плана/Закрыть оповещение")): Object: 'Object Repository/Выполнение бизнес-плана/Закрыть оповещение' is clicked on

30-03-2025T16:58:40 - [MESSAGE][PASSED] - Object: 'Object Repository/Выполнение бизнес-плана/Закрыть оповещение' is clicked on

30-03-2025T16:58:40 - [TEST_STEP][PASSED] - click(findTestObject("Object Repository/Выполнение бизнес-плана/Фильтр Дата")): Object: 'Object Repository/Выполнение бизнес-плана/Фильтр Дата' is clicked on

30-03-2025T16:58:40 - [MESSAGE][PASSED] - Object: 'Object Repository/Выполнение бизнес-плана/Фильтр Дата' is clicked on

30-03-2025T16:58:40 - [TEST_STEP][PASSED] - scrollToElement(findTestObject("Выполнение бизнес-плана/2025 список"), 30): Scroll to object 'Object Repository/Выполнение бизнес-плана/2025 список' successfully

30-03-2025T16:58:41 - [MESSAGE][PASSED] - Scroll to object 'Object Repository/Выполнение бизнес-плана/2025 список' successfully

30-03-2025T16:58:41 - [TEST_STEP][PASSED] - click(findTestObject("Выполнение бизнес-плана/2025 список"), CONTINUE_ON_FAILURE): Object: 'Object Repository/Выполнение бизнес-плана/2025 список' is clicked on

30-03-2025T16:58:42 - [MESSAGE][PASSED] - Object: 'Object Repository/Выполнение бизнес-плана/2025 список' is clicked on

30-03-2025T16:58:42 - [TEST_STEP][PASSED] - scrollToElement(findTestObject("Выполнение бизнес-плана/1 квартал 2025 список"), 30): Scroll to object 'Object Repository/Выполнение бизнес-плана/1 квартал 2025 список' successfully

30-03-2025T16:58:42 - [MESSAGE][PASSED] - Scroll to object 'Object Repository/Выполнение бизнес-плана/1 квартал 2025 список' successfully

30-03-2025T16:58:42 - [TEST_STEP][PASSED] - click(findTestObject("Выполнение бизнес-плана/1 квартал 2025 список"), CONTINUE_ON_FAILURE): Object: 'Object Repository/Выполнение бизнес-плана/1 квартал 2025 список' is clicked on

30-03-2025T16:58:42 - [MESSAGE][PASSED] - Object: 'Object Repository/Выполнение бизнес-плана/1 квартал 2025 список' is clicked on

30-03-2025T16:58:42 - [TEST_STEP][PASSED] - scrollToElement(findTestObject("Выполнение бизнес-плана/Январь 2025"), 30): Scroll to object 'Object Repository/Выполнение бизнес-плана/Январь 2025' successfully

30-03-2025T16:58:43 - [MESSAGE][PASSED] - Scroll to object 'Object Repository/Выполнение бизнес-плана/Январь 2025' successfully

30-03-2025T16:58:43 - [TEST_STEP][PASSED] - click(findTestObject("Выполнение бизнес-плана/Январь 2025"), CONTINUE_ON_FAILURE): Object: 'Object Repository/Выполнение бизнес-плана/Январь 2025' is clicked on

30-03-2025T16:58:43 - [MESSAGE][PASSED] - Object: 'Object Repository/Выполнение бизнес-плана/Январь 2025' is clicked on

30-03-2025T16:58:43 - [TEST_STEP][PASSED] - scrollToElement(findTestObject("Выполнение бизнес-плана/Заголовок дашборда"), 30): Scroll to object 'Object Repository/Выполнение бизнес-плана/Заголовок дашборда' successfully

30-03-2025T16:58:43 - [MESSAGE][PASSED] - Scroll to object 'Object Repository/Выполнение бизнес-плана/Заголовок дашборда' successfully

30-03-2025T16:58:43 - [TEST_STEP][PASSED] - click(findTestObject("Object Repository/Выполнение бизнес-плана/Применить в фильтре Дата")): Object: 'Object Repository/Выполнение бизнес-плана/Применить в фильтре Дата' is clicked on

30-03-2025T16:58:44 - [MESSAGE][PASSED] - Object: 'Object Repository/Выполнение бизнес-плана/Применить в фильтре Дата' is clicked on

30-03-2025T16:58:44 - [TEST_STEP][PASSED] - delay(50): Delayed 50 second(s)

30-03-2025T16:59:34 - [MESSAGE][PASSED] - Delayed 50 second(s)

30-03-2025T16:59:34 - [TEST_STEP][PASSED] - Script1718980020443.ZakrytOpoveshenie(): null

30-03-2025T16:59:34 - [TEST_STEP][PASSED] - delay(10): Delayed 10 second(s)

30-03-2025T16:59:44 - [MESSAGE][PASSED] - Delayed 10 second(s)

30-03-2025T16:59:44 - [TEST_STEP][PASSED] - opoveshenie = getText(findTestObject("Выполнение бизнес-плана/Просьба обратить внимание")): Text of object 'Object Repository/Выполнение бизнес-плана/Просьба обратить внимание' is: 'Просьба обратить внимание'

30-03-2025T16:59:45 - [MESSAGE][PASSED] - Text of object 'Object Repository/Выполнение бизнес-плана/Просьба обратить внимание' is: 'Просьба обратить внимание'

30-03-2025T16:59:45 - [TEST_STEP][PASSED] - println(opoveshenie): null

30-03-2025T16:59:45 - [TEST_STEP][PASSED] - if (opoveshenie == "Просьба обратить внимание"): Object: 'Object Repository/Выполнение бизнес-плана/Закрыть оповещение' is clicked on

30-03-2025T16:59:45 - [TEST_STEP][PASSED] - click(findTestObject("Выполнение бизнес-плана/Закрыть оповещение")): Object: 'Object Repository/Выполнение бизнес-плана/Закрыть оповещение' is clicked on

30-03-2025T16:59:45 - [MESSAGE][PASSED] - Object: 'Object Repository/Выполнение бизнес-плана/Закрыть оповещение' is clicked on

30-03-2025T16:59:45 - [TEST_STEP][PASSED] - delay(30): Delayed 30 second(s)

30-03-2025T17:00:15 - [MESSAGE][PASSED] - Delayed 30 second(s)

30-03-2025T17:00:15 - [TEST_STEP][PASSED] - Script1718980020443.OpenFilter(): null

30-03-2025T17:00:15 - [TEST_STEP][PASSED] - click(findTestObject("Object Repository/Выполнение бизнес-плана/Фильтр ДЗО")): Object: 'Object Repository/Выполнение бизнес-плана/Фильтр ДЗО' is clicked on

30-03-2025T17:00:15 - [MESSAGE][PASSED] - Object: 'Object Repository/Выполнение бизнес-плана/Фильтр ДЗО' is clicked on

30-03-2025T17:00:15 - [TEST_STEP][PASSED] - click(findTestObject("Выполнение бизнес-плана/Снять выделение в фильтре ДЗО")): Object: 'Object Repository/Выполнение бизнес-плана/Снять выделение в фильтре ДЗО' is clicked on

30-03-2025T17:00:16 - [MESSAGE][PASSED] - Object: 'Object Repository/Выполнение бизнес-плана/Снять выделение в фильтре ДЗО' is clicked on

30-03-2025T17:00:16 - [TEST_STEP][PASSED] - click(findTestObject("Выполнение бизнес-плана/Раскрыть список ПАО Россети в фильтре ДЗО")): Object: 'Object Repository/Выполнение бизнес-плана/Раскрыть список ПАО Россети в фильтре ДЗО' is clicked on

30-03-2025T17:00:16 - [MESSAGE][PASSED] - Object: 'Object Repository/Выполнение бизнес-плана/Раскрыть список ПАО Россети в фильтре ДЗО' is clicked on

30-03-2025T17:00:16 - [TEST_STEP][PASSED] - click(findTestObject("Выполнение бизнес-плана/ПАО Россети")): Object: 'Object Repository/Выполнение бизнес-плана/ПАО Россети' is clicked on

30-03-2025T17:00:17 - [MESSAGE][PASSED] - Object: 'Object Repository/Выполнение бизнес-плана/ПАО Россети' is clicked on

30-03-2025T17:00:17 - [TEST_STEP][PASSED] - click(findTestObject("Object Repository/Выполнение бизнес-плана/Применить в фильтре ДЗО")): Object: 'Object Repository/Выполнение бизнес-плана/Применить в фильтре ДЗО' is clicked on

30-03-2025T17:00:18 - [MESSAGE][PASSED] - Object: 'Object Repository/Выполнение бизнес-плана/Применить в фильтре ДЗО' is clicked on

30-03-2025T17:00:18 - [TEST_STEP][PASSED] - delay(30): Delayed 30 second(s)

30-03-2025T17:00:48 - [MESSAGE][PASSED] - Delayed 30 second(s)

30-03-2025T17:00:48 - [TEST_STEP][PASSED] - x1 = getText(findTestObject("Выполнение бизнес-плана/Список ДЗО старый")): Text of object 'Object Repository/Выполнение бизнес-плана/Список ДЗО старый' is: 'Россети ФСК ЕЭС
Россети Волга
Россети Московский регион
Россети Северо-Запад
Россети Томск
Россети Урал (ГК)
Россети Юг (ГК)
Россети Янтарь
0
10
20
30
40
50
60
70'

30-03-2025T17:00:48 - [MESSAGE][PASSED] - Text of object 'Object Repository/Выполнение бизнес-плана/Список ДЗО старый' is: 'Россети ФСК ЕЭС
Россети Волга
Россети Московский регион
Россети Северо-Запад
Россети Томск
Россети Урал (ГК)
Россети Юг (ГК)
Россети Янтарь
0
10
20
30
40
50
60
70'

30-03-2025T17:00:48 - [TEST_STEP][PASSED] - dZO = "ПАО Россети": null

30-03-2025T17:00:48 - [TEST_STEP][PASSED] - a = 84: null

30-03-2025T17:00:48 - [TEST_STEP][PASSED] - Script1718980020443.Numbers(a, typeOfData, todaysDate, pageInt, fileInt, pageDouble, fileDouble, dZO, dzoNum, filialNum): null

30-03-2025T17:00:48 - [TEST_STEP][PASSED] - println(dzoNum): null

30-03-2025T17:00:48 - [TEST_STEP][PASSED] - planFact = <not implemented yet for class: org.codehaus.groovy.ast.expr.EmptyExpression>: null

30-03-2025T17:00:48 - [TEST_STEP][PASSED] - page = <not implemented yet for class: org.codehaus.groovy.ast.expr.EmptyExpression>: null

30-03-2025T17:00:48 - [TEST_STEP][PASSED] - page1 = <not implemented yet for class: org.codehaus.groovy.ast.expr.EmptyExpression>: null

30-03-2025T17:00:48 - [TEST_STEP][PASSED] - page2 = <not implemented yet for class: org.codehaus.groovy.ast.expr.EmptyExpression>: null

30-03-2025T17:00:48 - [TEST_STEP][PASSED] - filialNumberInRow = <not implemented yet for class: org.codehaus.groovy.ast.expr.EmptyExpression>: null

30-03-2025T17:00:48 - [TEST_STEP][PASSED] - filialsDzoNames = <not implemented yet for class: org.codehaus.groovy.ast.expr.EmptyExpression>: null

30-03-2025T17:00:48 - [TEST_STEP][PASSED] - numberOfFilials = <not implemented yet for class: org.codehaus.groovy.ast.expr.EmptyExpression>: null

30-03-2025T17:00:48 - [TEST_STEP][PASSED] - numberOfSpaces = <not implemented yet for class: org.codehaus.groovy.ast.expr.EmptyExpression>: null

30-03-2025T17:00:48 - [TEST_STEP][PASSED] - file = <not implemented yet for class: org.codehaus.groovy.ast.expr.EmptyExpression>: null

30-03-2025T17:00:48 - [TEST_STEP][PASSED] - otpusk = <not implemented yet for class: org.codehaus.groovy.ast.expr.EmptyExpression>: null

30-03-2025T17:00:48 - [TEST_STEP][PASSED] - poteri = <not implemented yet for class: org.codehaus.groovy.ast.expr.EmptyExpression>: null

30-03-2025T17:00:48 - [TEST_STEP][PASSED] - dataFolder = "Выполнение бизнес-плана/Значения со страницы Выполнение бизнес-плана/": null

30-03-2025T17:00:48 - [TEST_STEP][PASSED] - path = <not implemented yet for class: org.codehaus.groovy.ast.expr.EmptyExpression>: null

30-03-2025T17:00:48 - [TEST_STEP][PASSED] - typeOfDataMain = <not implemented yet for class: org.codehaus.groovy.ast.expr.EmptyExpression>: null

30-03-2025T17:00:48 - [TEST_STEP][PASSED] - fileOtpuskVSet = <not implemented yet for class: org.codehaus.groovy.ast.expr.EmptyExpression>: null

30-03-2025T17:00:48 - [TEST_STEP][PASSED] - pageOtpuskVSet = <not implemented yet for class: org.codehaus.groovy.ast.expr.EmptyExpression>: null

30-03-2025T17:00:48 - [TEST_STEP][PASSED] - filePoteri = <not implemented yet for class: org.codehaus.groovy.ast.expr.EmptyExpression>: null

30-03-2025T17:00:48 - [TEST_STEP][PASSED] - pagePoteri = <not implemented yet for class: org.codehaus.groovy.ast.expr.EmptyExpression>: null

30-03-2025T17:00:48 - [TEST_STEP][PASSED] - compare = <not implemented yet for class: org.codehaus.groovy.ast.expr.EmptyExpression>: null

30-03-2025T17:00:48 - [TEST_STEP][PASSED] - b = <not implemented yet for class: org.codehaus.groovy.ast.expr.EmptyExpression>: null

30-03-2025T17:00:48 - [TEST_STEP][PASSED] - i = <not implemented yet for class: org.codehaus.groovy.ast.expr.EmptyExpression>: null

30-03-2025T17:00:48 - [TEST_STEP][PASSED] - ii = <not implemented yet for class: org.codehaus.groovy.ast.expr.EmptyExpression>: null

30-03-2025T17:00:48 - [TEST_STEP][PASSED] - c = <not implemented yet for class: org.codehaus.groovy.ast.expr.EmptyExpression>: null

30-03-2025T17:00:48 - [TEST_STEP][PASSED] - numberOfErrors = 0: null

30-03-2025T17:00:48 - [TEST_STEP][PASSED] - if (a == 82): null

30-03-2025T17:00:48 - [TEST_STEP][PASSED] - b = findTestData("PlanFact").getValue(1, a): null

30-03-2025T17:00:48 - [TEST_STEP][PASSED] - i = b.indexOf(" (ГК)"): null

30-03-2025T17:00:48 - [TEST_STEP][PASSED] - if (i > -1): null

30-03-2025T17:00:48 - [TEST_STEP][PASSED] - i = b.indexOf("О ""): null

30-03-2025T17:00:48 - [TEST_STEP][PASSED] - if (i > -1): null

30-03-2025T17:00:48 - [TEST_STEP][PASSED] - i = b.indexOf("О «"): null

30-03-2025T17:00:48 - [TEST_STEP][PASSED] - if (i > -1): null

30-03-2025T17:00:48 - [TEST_STEP][PASSED] - i = b.indexOf("г. "): null

30-03-2025T17:00:48 - [TEST_STEP][PASSED] - if (i > -1): null

30-03-2025T17:00:48 - [TEST_STEP][PASSED] - b = b.trim(): null

30-03-2025T17:00:48 - [TEST_STEP][PASSED] - println(b): null

30-03-2025T17:00:48 - [TEST_STEP][PASSED] - for ([planFact = 1, planFact < 3, (planFact++)]): null

30-03-2025T17:00:48 - [TEST_STEP][PASSED] - if (planFact == 1): null

30-03-2025T17:00:48 - [TEST_STEP][PASSED] - typeOfDataMain = "Факт": null

30-03-2025T17:00:48 - [TEST_STEP][PASSED] - otpusk = findTestData("PlanFact").getValue(5, a): null

30-03-2025T17:00:48 - [TEST_STEP][PASSED] - poteri = findTestData("PlanFact").getValue(6, a): null

30-03-2025T17:00:48 - [TEST_STEP][PASSED] - otpusk = otpusk.replaceAll("\s+", ""): null

30-03-2025T17:00:48 - [TEST_STEP][PASSED] - poteri = poteri.replaceAll("\s+", ""): null

30-03-2025T17:00:48 - [TEST_STEP][PASSED] - typeOfData = typeOfDataMain + " Отпуск в сеть": null

30-03-2025T17:00:48 - [TEST_STEP][PASSED] - if (a == 82): null

30-03-2025T17:00:48 - [TEST_STEP][PASSED] - else if (a == 84): null

30-03-2025T17:00:48 - [TEST_STEP][PASSED] - path = dataFolder + typeOfData + " за отчётный период " + "ПАО Россети": null

30-03-2025T17:00:48 - [TEST_STEP][PASSED] - println(path): null

30-03-2025T17:00:48 - [TEST_STEP][PASSED] - page = getText(findTestObject(path)): Text of object 'Object Repository/Выполнение бизнес-плана/Значения со страницы Выполнение бизнес-плана/Факт Отпуск в сеть за отчётный период ПАО Россети' is: '68 912 869'

30-03-2025T17:00:48 - [MESSAGE][PASSED] - Text of object 'Object Repository/Выполнение бизнес-плана/Значения со страницы Выполнение бизнес-плана/Факт Отпуск в сеть за отчётный период ПАО Россети' is: '68 912 869'

30-03-2025T17:00:48 - [TEST_STEP][PASSED] - if (page == "" || page == null): null

30-03-2025T17:00:48 - [TEST_STEP][PASSED] - else: null

30-03-2025T17:00:48 - [TEST_STEP][PASSED] - page = page.replaceAll("\s+", ""): null

30-03-2025T17:00:48 - [TEST_STEP][PASSED] - if (page == "undefined"): null

30-03-2025T17:00:48 - [TEST_STEP][PASSED] - fileOtpuskVSet = otpusk.toInteger(): null

30-03-2025T17:00:48 - [TEST_STEP][PASSED] - pageOtpuskVSet = page.toInteger(): null

30-03-2025T17:00:48 - [TEST_STEP][PASSED] - typeOfData = typeOfDataMain + " Потери": null

30-03-2025T17:00:48 - [TEST_STEP][PASSED] - if (a == 82): null

30-03-2025T17:00:48 - [TEST_STEP][PASSED] - else if (a == 84): null

30-03-2025T17:00:48 - [TEST_STEP][PASSED] - path = dataFolder + typeOfData + " за отчётный период " + "ПАО Россети": null

30-03-2025T17:00:48 - [TEST_STEP][PASSED] - page = getText(findTestObject(path)): Text of object 'Object Repository/Выполнение бизнес-плана/Значения со страницы Выполнение бизнес-плана/Факт Потери за отчётный период ПАО Россети' is: '5 610 872'

30-03-2025T17:00:49 - [MESSAGE][PASSED] - Text of object 'Object Repository/Выполнение бизнес-плана/Значения со страницы Выполнение бизнес-плана/Факт Потери за отчётный период ПАО Россети' is: '5 610 872'

30-03-2025T17:00:49 - [TEST_STEP][PASSED] - if (page == "" || page == null): null

30-03-2025T17:00:49 - [TEST_STEP][PASSED] - else: null

30-03-2025T17:00:49 - [TEST_STEP][PASSED] - page = page.replaceAll("\s+", ""): null

30-03-2025T17:00:49 - [TEST_STEP][PASSED] - if (page == "undefined"): null

30-03-2025T17:00:49 - [TEST_STEP][PASSED] - filePoteri = poteri.toInteger(): null

30-03-2025T17:00:49 - [TEST_STEP][PASSED] - pagePoteri = page.toInteger(): null

30-03-2025T17:00:49 - [TEST_STEP][PASSED] - compare = pageOtpuskVSet: null

30-03-2025T17:00:49 - [TEST_STEP][PASSED] - if (pageOtpuskVSet != null): null

30-03-2025T17:00:49 - [TEST_STEP][PASSED] - if (compare == fileOtpuskVSet): null

30-03-2025T17:00:49 - [TEST_STEP][PASSED] - else if (compare > fileOtpuskVSet): null

30-03-2025T17:00:49 - [TEST_STEP][PASSED] - else if (compare < fileOtpuskVSet): null

30-03-2025T17:00:49 - [TEST_STEP][PASSED] - compare = compare + 1: null

30-03-2025T17:00:49 - [TEST_STEP][PASSED] - if (compare == fileOtpuskVSet): null

30-03-2025T17:00:49 - [TEST_STEP][PASSED] - else: null

30-03-2025T17:00:49 - [TEST_STEP][PASSED] - numberOfErrors = numberOfErrors + 1: null

30-03-2025T17:00:49 - [TEST_STEP][PASSED] - pageInt = pageOtpuskVSet: null

30-03-2025T17:00:49 - [TEST_STEP][PASSED] - fileInt = fileOtpuskVSet: null

30-03-2025T17:00:49 - [TEST_STEP][PASSED] - typeOfData = typeOfDataMain + " Отпуск в сеть": null

30-03-2025T17:00:49 - [TEST_STEP][PASSED] - Script1718980020443.WriteToExcel(a, typeOfData, todaysDate, pageInt, fileInt, pageDouble, fileDouble, dZO): null

30-03-2025T17:00:49 - [TEST_STEP][PASSED] - sheetName = "Sheet1": null

30-03-2025T17:00:49 - [TEST_STEP][PASSED] - data = findTestData("PlanFact"): null

30-03-2025T17:00:49 - [TEST_STEP][PASSED] - n = data.getRowNumbers() + 1: null

30-03-2025T17:00:49 - [TEST_STEP][PASSED] - day = ")).toInteger(): null

30-03-2025T17:00:49 - [TEST_STEP][PASSED] - println(day): null

30-03-2025T17:00:49 - [TEST_STEP][PASSED] - month = ")).toInteger(): null

30-03-2025T17:00:49 - [TEST_STEP][PASSED] - println(month): null

30-03-2025T17:00:49 - [TEST_STEP][PASSED] - y = <not implemented yet for class: org.codehaus.groovy.ast.expr.EmptyExpression>: null

30-03-2025T17:00:49 - [TEST_STEP][PASSED] - iy = <not implemented yet for class: org.codehaus.groovy.ast.expr.EmptyExpression>: null

30-03-2025T17:00:49 - [TEST_STEP][PASSED] - m = getText(findTestObject("Выполнение бизнес-плана/Период")): Text of object 'Object Repository/Выполнение бизнес-плана/Период' is: 'Январь 2025 года'

30-03-2025T17:00:49 - [MESSAGE][PASSED] - Text of object 'Object Repository/Выполнение бизнес-плана/Период' is: 'Январь 2025 года'

30-03-2025T17:00:49 - [TEST_STEP][PASSED] - iy = m.indexOf("20"): null

30-03-2025T17:00:49 - [TEST_STEP][PASSED] - if (iy > -1): null

30-03-2025T17:00:49 - [TEST_STEP][PASSED] - y = substring(iy, iy + 4).toInteger(): null

30-03-2025T17:00:49 - [TEST_STEP][PASSED] - println(y): null

30-03-2025T17:00:49 - [TEST_STEP][PASSED] - if (toString().length() == 4): null

30-03-2025T17:00:49 - [TEST_STEP][PASSED] - m = m.substring(0, m.indexOf(y.toString())): null

30-03-2025T17:00:49 - [TEST_STEP][PASSED] - m = m.trim(): null

30-03-2025T17:00:49 - [TEST_STEP][PASSED] - if (m == ""): null

30-03-2025T17:00:49 - [TEST_STEP][PASSED] - dashboardName = "Выполнение бизнес-плана": null

30-03-2025T17:00:49 - [TEST_STEP][PASSED] - workbook01 = getWorkbook(excelFilePath): null

30-03-2025T17:00:49 - [TEST_STEP][PASSED] - sheet01 = getExcelSheet(workbook01, sheetName): null

30-03-2025T17:00:49 - [TEST_STEP][PASSED] - setValueToCellByIndex(sheet01, n, 0, dashboardName): null

30-03-2025T17:00:49 - [TEST_STEP][PASSED] - setValueToCellByIndex(sheet01, n, 1, dZO): null

30-03-2025T17:00:49 - [TEST_STEP][PASSED] - setValueToCellByIndex(sheet01, n, 2, typeOfData): null

30-03-2025T17:00:49 - [TEST_STEP][PASSED] - if (typeOfData == "Факт в процентах" || typeOfData == "План в процентах"): null

30-03-2025T17:00:49 - [TEST_STEP][PASSED] - else: null

30-03-2025T17:00:49 - [TEST_STEP][PASSED] - setValueToCellByIndex(sheet01, n, 3, fileInt): null

30-03-2025T17:00:49 - [TEST_STEP][PASSED] - setValueToCellByIndex(sheet01, n, 4, pageInt): null

30-03-2025T17:00:49 - [TEST_STEP][PASSED] - setValueToCellByIndex(sheet01, n, 5, m): null

30-03-2025T17:00:49 - [TEST_STEP][PASSED] - setValueToCellByIndex(sheet01, n, 6, y): null

30-03-2025T17:00:49 - [TEST_STEP][PASSED] - setValueToCellByIndex(sheet01, n, 7, todaysDate): null

30-03-2025T17:00:49 - [TEST_STEP][PASSED] - n = n + 1: null

30-03-2025T17:00:49 - [TEST_STEP][PASSED] - saveWorkbook(excelFilePath, workbook01): null

30-03-2025T17:00:50 - [TEST_STEP][PASSED] - compare = pagePoteri: null

30-03-2025T17:00:50 - [TEST_STEP][PASSED] - if (pageOtpuskVSet != null): null

30-03-2025T17:00:50 - [TEST_STEP][PASSED] - if (compare == filePoteri): null

30-03-2025T17:00:50 - [TEST_STEP][PASSED] - else if (compare > filePoteri): null

30-03-2025T17:00:50 - [TEST_STEP][PASSED] - else if (compare < filePoteri): null

30-03-2025T17:00:50 - [TEST_STEP][PASSED] - compare = compare + 1: null

30-03-2025T17:00:50 - [TEST_STEP][PASSED] - if (compare == filePoteri): null

30-03-2025T17:00:50 - [TEST_STEP][PASSED] - else: null

30-03-2025T17:00:50 - [TEST_STEP][PASSED] - numberOfErrors = numberOfErrors + 1: null

30-03-2025T17:00:50 - [TEST_STEP][PASSED] - pageInt = pagePoteri: null

30-03-2025T17:00:50 - [TEST_STEP][PASSED] - fileInt = filePoteri: null

30-03-2025T17:00:50 - [TEST_STEP][PASSED] - typeOfData = typeOfDataMain + " Потери": null

30-03-2025T17:00:50 - [TEST_STEP][PASSED] - Script1718980020443.WriteToExcel(a, typeOfData, todaysDate, pageInt, fileInt, pageDouble, fileDouble, dZO): null

30-03-2025T17:00:50 - [TEST_STEP][PASSED] - sheetName = "Sheet1": null

30-03-2025T17:00:50 - [TEST_STEP][PASSED] - data = findTestData("PlanFact"): null

30-03-2025T17:00:50 - [TEST_STEP][PASSED] - n = data.getRowNumbers() + 1: null

30-03-2025T17:00:50 - [TEST_STEP][PASSED] - day = ")).toInteger(): null

30-03-2025T17:00:50 - [TEST_STEP][PASSED] - println(day): null

30-03-2025T17:00:50 - [TEST_STEP][PASSED] - month = ")).toInteger(): null

30-03-2025T17:00:50 - [TEST_STEP][PASSED] - println(month): null

30-03-2025T17:00:50 - [TEST_STEP][PASSED] - y = <not implemented yet for class: org.codehaus.groovy.ast.expr.EmptyExpression>: null

30-03-2025T17:00:50 - [TEST_STEP][PASSED] - iy = <not implemented yet for class: org.codehaus.groovy.ast.expr.EmptyExpression>: null

30-03-2025T17:00:50 - [TEST_STEP][PASSED] - m = getText(findTestObject("Выполнение бизнес-плана/Период")): Text of object 'Object Repository/Выполнение бизнес-плана/Период' is: 'Январь 2025 года'

30-03-2025T17:00:50 - [MESSAGE][PASSED] - Text of object 'Object Repository/Выполнение бизнес-плана/Период' is: 'Январь 2025 года'

30-03-2025T17:00:50 - [TEST_STEP][PASSED] - iy = m.indexOf("20"): null

30-03-2025T17:00:50 - [TEST_STEP][PASSED] - if (iy > -1): null

30-03-2025T17:00:50 - [TEST_STEP][PASSED] - y = substring(iy, iy + 4).toInteger(): null

30-03-2025T17:00:50 - [TEST_STEP][PASSED] - println(y): null

30-03-2025T17:00:50 - [TEST_STEP][PASSED] - if (toString().length() == 4): null

30-03-2025T17:00:50 - [TEST_STEP][PASSED] - m = m.substring(0, m.indexOf(y.toString())): null

30-03-2025T17:00:50 - [TEST_STEP][PASSED] - m = m.trim(): null

30-03-2025T17:00:50 - [TEST_STEP][PASSED] - if (m == ""): null

30-03-2025T17:00:50 - [TEST_STEP][PASSED] - dashboardName = "Выполнение бизнес-плана": null

30-03-2025T17:00:50 - [TEST_STEP][PASSED] - workbook01 = getWorkbook(excelFilePath): null

30-03-2025T17:00:50 - [TEST_STEP][PASSED] - sheet01 = getExcelSheet(workbook01, sheetName): null

30-03-2025T17:00:50 - [TEST_STEP][PASSED] - setValueToCellByIndex(sheet01, n, 0, dashboardName): null

30-03-2025T17:00:50 - [TEST_STEP][PASSED] - setValueToCellByIndex(sheet01, n, 1, dZO): null

30-03-2025T17:00:50 - [TEST_STEP][PASSED] - setValueToCellByIndex(sheet01, n, 2, typeOfData): null

30-03-2025T17:00:50 - [TEST_STEP][PASSED] - if (typeOfData == "Факт в процентах" || typeOfData == "План в процентах"): null

30-03-2025T17:00:50 - [TEST_STEP][PASSED] - else: null

30-03-2025T17:00:50 - [TEST_STEP][PASSED] - setValueToCellByIndex(sheet01, n, 3, fileInt): null

30-03-2025T17:00:50 - [TEST_STEP][PASSED] - setValueToCellByIndex(sheet01, n, 4, pageInt): null

30-03-2025T17:00:50 - [TEST_STEP][PASSED] - setValueToCellByIndex(sheet01, n, 5, m): null

30-03-2025T17:00:50 - [TEST_STEP][PASSED] - setValueToCellByIndex(sheet01, n, 6, y): null

30-03-2025T17:00:50 - [TEST_STEP][PASSED] - setValueToCellByIndex(sheet01, n, 7, todaysDate): null

30-03-2025T17:00:50 - [TEST_STEP][PASSED] - n = n + 1: null

30-03-2025T17:00:50 - [TEST_STEP][PASSED] - saveWorkbook(excelFilePath, workbook01): null

30-03-2025T17:00:50 - [TEST_STEP][PASSED] - if (planFact == 2): null

30-03-2025T17:00:50 - [TEST_STEP][PASSED] - if (planFact == 1): null

30-03-2025T17:00:50 - [TEST_STEP][PASSED] - else if (planFact == 2): null

30-03-2025T17:00:50 - [TEST_STEP][PASSED] - click(findTestObject("Выполнение бизнес-плана/Кнопка План")): Object: 'Object Repository/Выполнение бизнес-плана/Кнопка План' is clicked on

30-03-2025T17:00:51 - [MESSAGE][PASSED] - Object: 'Object Repository/Выполнение бизнес-плана/Кнопка План' is clicked on

30-03-2025T17:00:51 - [TEST_STEP][PASSED] - typeOfDataMain = "План": null

30-03-2025T17:00:51 - [TEST_STEP][PASSED] - otpusk = findTestData("PlanFact").getValue(2, a): null

30-03-2025T17:00:51 - [TEST_STEP][PASSED] - poteri = findTestData("PlanFact").getValue(3, a): null

30-03-2025T17:00:51 - [TEST_STEP][PASSED] - otpusk = otpusk.replaceAll("\s+", ""): null

30-03-2025T17:00:51 - [TEST_STEP][PASSED] - poteri = poteri.replaceAll("\s+", ""): null

30-03-2025T17:00:51 - [TEST_STEP][PASSED] - typeOfData = typeOfDataMain + " Отпуск в сеть": null

30-03-2025T17:00:51 - [TEST_STEP][PASSED] - if (a == 82): null

30-03-2025T17:00:51 - [TEST_STEP][PASSED] - else if (a == 84): null

30-03-2025T17:00:51 - [TEST_STEP][PASSED] - path = dataFolder + typeOfData + " за отчётный период " + "ПАО Россети": null

30-03-2025T17:00:51 - [TEST_STEP][PASSED] - println(path): null

30-03-2025T17:00:51 - [TEST_STEP][PASSED] - page = getText(findTestObject(path)): Text of object 'Object Repository/Выполнение бизнес-плана/Значения со страницы Выполнение бизнес-плана/План Отпуск в сеть за отчётный период ПАО Россети' is: '105 420 427'

30-03-2025T17:00:51 - [MESSAGE][PASSED] - Text of object 'Object Repository/Выполнение бизнес-плана/Значения со страницы Выполнение бизнес-плана/План Отпуск в сеть за отчётный период ПАО Россети' is: '105 420 427'

30-03-2025T17:00:51 - [TEST_STEP][PASSED] - if (page == "" || page == null): null

30-03-2025T17:00:51 - [TEST_STEP][PASSED] - else: null

30-03-2025T17:00:51 - [TEST_STEP][PASSED] - page = page.replaceAll("\s+", ""): null

30-03-2025T17:00:51 - [TEST_STEP][PASSED] - if (page == "undefined"): null

30-03-2025T17:00:51 - [TEST_STEP][PASSED] - fileOtpuskVSet = otpusk.toInteger(): null

30-03-2025T17:00:51 - [TEST_STEP][PASSED] - pageOtpuskVSet = page.toInteger(): null

30-03-2025T17:00:51 - [TEST_STEP][PASSED] - typeOfData = typeOfDataMain + " Потери": null

30-03-2025T17:00:51 - [TEST_STEP][PASSED] - if (a == 82): null

30-03-2025T17:00:51 - [TEST_STEP][PASSED] - else if (a == 84): null

30-03-2025T17:00:51 - [TEST_STEP][PASSED] - path = dataFolder + typeOfData + " за отчётный период " + "ПАО Россети": null

30-03-2025T17:00:51 - [TEST_STEP][PASSED] - page = getText(findTestObject(path)): Text of object 'Object Repository/Выполнение бизнес-плана/Значения со страницы Выполнение бизнес-плана/План Потери за отчётный период ПАО Россети' is: '6 442 012'

30-03-2025T17:00:52 - [MESSAGE][PASSED] - Text of object 'Object Repository/Выполнение бизнес-плана/Значения со страницы Выполнение бизнес-плана/План Потери за отчётный период ПАО Россети' is: '6 442 012'

30-03-2025T17:00:52 - [TEST_STEP][PASSED] - if (page == "" || page == null): null

30-03-2025T17:00:52 - [TEST_STEP][PASSED] - else: null

30-03-2025T17:00:52 - [TEST_STEP][PASSED] - page = page.replaceAll("\s+", ""): null

30-03-2025T17:00:52 - [TEST_STEP][PASSED] - if (page == "undefined"): null

30-03-2025T17:00:52 - [TEST_STEP][PASSED] - filePoteri = poteri.toInteger(): null

30-03-2025T17:00:52 - [TEST_STEP][PASSED] - pagePoteri = page.toInteger(): null

30-03-2025T17:00:52 - [TEST_STEP][PASSED] - compare = pageOtpuskVSet: null

30-03-2025T17:00:52 - [TEST_STEP][PASSED] - if (pageOtpuskVSet != null): null

30-03-2025T17:00:52 - [TEST_STEP][PASSED] - if (compare == fileOtpuskVSet): null

30-03-2025T17:00:52 - [TEST_STEP][PASSED] - else if (compare > fileOtpuskVSet): null

30-03-2025T17:00:52 - [TEST_STEP][PASSED] - compare = compare - 1: null

30-03-2025T17:00:52 - [TEST_STEP][PASSED] - if (compare == fileOtpuskVSet): null

30-03-2025T17:00:52 - [TEST_STEP][PASSED] - else: null

30-03-2025T17:00:52 - [TEST_STEP][PASSED] - numberOfErrors = numberOfErrors + 1: null

30-03-2025T17:00:52 - [TEST_STEP][PASSED] - pageInt = pageOtpuskVSet: null

30-03-2025T17:00:52 - [TEST_STEP][PASSED] - fileInt = fileOtpuskVSet: null

30-03-2025T17:00:52 - [TEST_STEP][PASSED] - typeOfData = typeOfDataMain + " Отпуск в сеть": null

30-03-2025T17:00:52 - [TEST_STEP][PASSED] - Script1718980020443.WriteToExcel(a, typeOfData, todaysDate, pageInt, fileInt, pageDouble, fileDouble, dZO): null

30-03-2025T17:00:52 - [TEST_STEP][PASSED] - sheetName = "Sheet1": null

30-03-2025T17:00:52 - [TEST_STEP][PASSED] - data = findTestData("PlanFact"): null

30-03-2025T17:00:52 - [TEST_STEP][PASSED] - n = data.getRowNumbers() + 1: null

30-03-2025T17:00:52 - [TEST_STEP][PASSED] - day = ")).toInteger(): null

30-03-2025T17:00:52 - [TEST_STEP][PASSED] - println(day): null

30-03-2025T17:00:52 - [TEST_STEP][PASSED] - month = ")).toInteger(): null

30-03-2025T17:00:52 - [TEST_STEP][PASSED] - println(month): null

30-03-2025T17:00:52 - [TEST_STEP][PASSED] - y = <not implemented yet for class: org.codehaus.groovy.ast.expr.EmptyExpression>: null

30-03-2025T17:00:52 - [TEST_STEP][PASSED] - iy = <not implemented yet for class: org.codehaus.groovy.ast.expr.EmptyExpression>: null

30-03-2025T17:00:52 - [TEST_STEP][PASSED] - m = getText(findTestObject("Выполнение бизнес-плана/Период")): Text of object 'Object Repository/Выполнение бизнес-плана/Период' is: 'Январь 2025 года'

30-03-2025T17:00:52 - [MESSAGE][PASSED] - Text of object 'Object Repository/Выполнение бизнес-плана/Период' is: 'Январь 2025 года'

30-03-2025T17:00:52 - [TEST_STEP][PASSED] - iy = m.indexOf("20"): null

30-03-2025T17:00:52 - [TEST_STEP][PASSED] - if (iy > -1): null

30-03-2025T17:00:52 - [TEST_STEP][PASSED] - y = substring(iy, iy + 4).toInteger(): null

30-03-2025T17:00:52 - [TEST_STEP][PASSED] - println(y): null

30-03-2025T17:00:52 - [TEST_STEP][PASSED] - if (toString().length() == 4): null

30-03-2025T17:00:52 - [TEST_STEP][PASSED] - m = m.substring(0, m.indexOf(y.toString())): null

30-03-2025T17:00:52 - [TEST_STEP][PASSED] - m = m.trim(): null

30-03-2025T17:00:52 - [TEST_STEP][PASSED] - if (m == ""): null

30-03-2025T17:00:52 - [TEST_STEP][PASSED] - dashboardName = "Выполнение бизнес-плана": null

30-03-2025T17:00:52 - [TEST_STEP][PASSED] - workbook01 = getWorkbook(excelFilePath): null

30-03-2025T17:00:52 - [TEST_STEP][PASSED] - sheet01 = getExcelSheet(workbook01, sheetName): null

30-03-2025T17:00:52 - [TEST_STEP][PASSED] - setValueToCellByIndex(sheet01, n, 0, dashboardName): null

30-03-2025T17:00:52 - [TEST_STEP][PASSED] - setValueToCellByIndex(sheet01, n, 1, dZO): null

30-03-2025T17:00:52 - [TEST_STEP][PASSED] - setValueToCellByIndex(sheet01, n, 2, typeOfData): null

30-03-2025T17:00:52 - [TEST_STEP][PASSED] - if (typeOfData == "Факт в процентах" || typeOfData == "План в процентах"): null

30-03-2025T17:00:52 - [TEST_STEP][PASSED] - else: null

30-03-2025T17:00:52 - [TEST_STEP][PASSED] - setValueToCellByIndex(sheet01, n, 3, fileInt): null

30-03-2025T17:00:52 - [TEST_STEP][PASSED] - setValueToCellByIndex(sheet01, n, 4, pageInt): null

30-03-2025T17:00:52 - [TEST_STEP][PASSED] - setValueToCellByIndex(sheet01, n, 5, m): null

30-03-2025T17:00:52 - [TEST_STEP][PASSED] - setValueToCellByIndex(sheet01, n, 6, y): null

30-03-2025T17:00:52 - [TEST_STEP][PASSED] - setValueToCellByIndex(sheet01, n, 7, todaysDate): null

30-03-2025T17:00:52 - [TEST_STEP][PASSED] - n = n + 1: null

30-03-2025T17:00:52 - [TEST_STEP][PASSED] - saveWorkbook(excelFilePath, workbook01): null

30-03-2025T17:00:52 - [TEST_STEP][PASSED] - compare = pagePoteri: null

30-03-2025T17:00:52 - [TEST_STEP][PASSED] - if (pageOtpuskVSet != null): null

30-03-2025T17:00:52 - [TEST_STEP][PASSED] - if (compare == filePoteri): null

30-03-2025T17:00:52 - [TEST_STEP][PASSED] - else if (compare > filePoteri): null

30-03-2025T17:00:52 - [TEST_STEP][PASSED] - else if (compare < filePoteri): null

30-03-2025T17:00:52 - [TEST_STEP][PASSED] - compare = compare + 1: null

30-03-2025T17:00:52 - [TEST_STEP][PASSED] - if (compare == filePoteri): null

30-03-2025T17:00:52 - [TEST_STEP][PASSED] - else: null

30-03-2025T17:00:52 - [TEST_STEP][PASSED] - numberOfErrors = numberOfErrors + 1: null

30-03-2025T17:00:52 - [TEST_STEP][PASSED] - pageInt = pagePoteri: null

30-03-2025T17:00:52 - [TEST_STEP][PASSED] - fileInt = filePoteri: null

30-03-2025T17:00:52 - [TEST_STEP][PASSED] - typeOfData = typeOfDataMain + " Потери": null

30-03-2025T17:00:52 - [TEST_STEP][PASSED] - Script1718980020443.WriteToExcel(a, typeOfData, todaysDate, pageInt, fileInt, pageDouble, fileDouble, dZO): null

30-03-2025T17:00:52 - [TEST_STEP][PASSED] - sheetName = "Sheet1": null

30-03-2025T17:00:52 - [TEST_STEP][PASSED] - data = findTestData("PlanFact"): null

30-03-2025T17:00:52 - [TEST_STEP][PASSED] - n = data.getRowNumbers() + 1: null

30-03-2025T17:00:52 - [TEST_STEP][PASSED] - day = ")).toInteger(): null

30-03-2025T17:00:52 - [TEST_STEP][PASSED] - println(day): null

30-03-2025T17:00:52 - [TEST_STEP][PASSED] - month = ")).toInteger(): null

30-03-2025T17:00:52 - [TEST_STEP][PASSED] - println(month): null

30-03-2025T17:00:52 - [TEST_STEP][PASSED] - y = <not implemented yet for class: org.codehaus.groovy.ast.expr.EmptyExpression>: null

30-03-2025T17:00:52 - [TEST_STEP][PASSED] - iy = <not implemented yet for class: org.codehaus.groovy.ast.expr.EmptyExpression>: null

30-03-2025T17:00:52 - [TEST_STEP][PASSED] - m = getText(findTestObject("Выполнение бизнес-плана/Период")): Text of object 'Object Repository/Выполнение бизнес-плана/Период' is: 'Январь 2025 года'

30-03-2025T17:00:53 - [MESSAGE][PASSED] - Text of object 'Object Repository/Выполнение бизнес-плана/Период' is: 'Январь 2025 года'

30-03-2025T17:00:53 - [TEST_STEP][PASSED] - iy = m.indexOf("20"): null

30-03-2025T17:00:53 - [TEST_STEP][PASSED] - if (iy > -1): null

30-03-2025T17:00:53 - [TEST_STEP][PASSED] - y = substring(iy, iy + 4).toInteger(): null

30-03-2025T17:00:53 - [TEST_STEP][PASSED] - println(y): null

30-03-2025T17:00:53 - [TEST_STEP][PASSED] - if (toString().length() == 4): null

30-03-2025T17:00:53 - [TEST_STEP][PASSED] - m = m.substring(0, m.indexOf(y.toString())): null

30-03-2025T17:00:53 - [TEST_STEP][PASSED] - m = m.trim(): null

30-03-2025T17:00:53 - [TEST_STEP][PASSED] - if (m == ""): null

30-03-2025T17:00:53 - [TEST_STEP][PASSED] - dashboardName = "Выполнение бизнес-плана": null

30-03-2025T17:00:53 - [TEST_STEP][PASSED] - workbook01 = getWorkbook(excelFilePath): null

30-03-2025T17:00:53 - [TEST_STEP][PASSED] - sheet01 = getExcelSheet(workbook01, sheetName): null

30-03-2025T17:00:53 - [TEST_STEP][PASSED] - setValueToCellByIndex(sheet01, n, 0, dashboardName): null

30-03-2025T17:00:53 - [TEST_STEP][PASSED] - setValueToCellByIndex(sheet01, n, 1, dZO): null

30-03-2025T17:00:53 - [TEST_STEP][PASSED] - setValueToCellByIndex(sheet01, n, 2, typeOfData): null

30-03-2025T17:00:53 - [TEST_STEP][PASSED] - if (typeOfData == "Факт в процентах" || typeOfData == "План в процентах"): null

30-03-2025T17:00:53 - [TEST_STEP][PASSED] - else: null

30-03-2025T17:00:53 - [TEST_STEP][PASSED] - setValueToCellByIndex(sheet01, n, 3, fileInt): null

30-03-2025T17:00:53 - [TEST_STEP][PASSED] - setValueToCellByIndex(sheet01, n, 4, pageInt): null

30-03-2025T17:00:53 - [TEST_STEP][PASSED] - setValueToCellByIndex(sheet01, n, 5, m): null

30-03-2025T17:00:53 - [TEST_STEP][PASSED] - setValueToCellByIndex(sheet01, n, 6, y): null

30-03-2025T17:00:53 - [TEST_STEP][PASSED] - setValueToCellByIndex(sheet01, n, 7, todaysDate): null

30-03-2025T17:00:53 - [TEST_STEP][PASSED] - n = n + 1: null

30-03-2025T17:00:53 - [TEST_STEP][PASSED] - saveWorkbook(excelFilePath, workbook01): Object: 'Object Repository/Выполнение бизнес-плана/Кнопка Факт' is clicked on

30-03-2025T17:00:53 - [TEST_STEP][PASSED] - if (planFact == 2): Object: 'Object Repository/Выполнение бизнес-плана/Кнопка Факт' is clicked on

30-03-2025T17:00:53 - [TEST_STEP][PASSED] - click(findTestObject("Выполнение бизнес-плана/Кнопка Факт")): Object: 'Object Repository/Выполнение бизнес-плана/Кнопка Факт' is clicked on

30-03-2025T17:00:53 - [MESSAGE][PASSED] - Object: 'Object Repository/Выполнение бизнес-плана/Кнопка Факт' is clicked on

30-03-2025T17:00:53 - [TEST_STEP][PASSED] - println("a=" + a): null

30-03-2025T17:00:53 - [TEST_STEP][PASSED] - if (a == 84 || a == 82): null

30-03-2025T17:00:53 - [TEST_STEP][PASSED] - page = getText(findTestObject("Выполнение бизнес-плана/textPlanFact")): Text of object 'Object Repository/Выполнение бизнес-плана/textPlanFact' is: '%
6.11 6.11
8.14 8.14
План
Факт
1
100'

30-03-2025T17:00:54 - [MESSAGE][PASSED] - Text of object 'Object Repository/Выполнение бизнес-плана/textPlanFact' is: '%
6.11 6.11
8.14 8.14
План
Факт
1
100'

30-03-2025T17:00:54 - [TEST_STEP][PASSED] - page = page.replaceAll("\n", "_"): null

30-03-2025T17:00:54 - [TEST_STEP][PASSED] - page = page.substring(page.indexOf("_") + 1, page.length()): null

30-03-2025T17:00:54 - [TEST_STEP][PASSED] - page1 = page.substring(0, page.indexOf("_")): null

30-03-2025T17:00:54 - [TEST_STEP][PASSED] - page1 = page.substring(0, page.indexOf(" ")): null

30-03-2025T17:00:54 - [TEST_STEP][PASSED] - page2 = page.substring(page.indexOf("_") + 1, page.length()): null

30-03-2025T17:00:54 - [TEST_STEP][PASSED] - page2 = page2.substring(0, page.indexOf("_")): null

30-03-2025T17:00:54 - [TEST_STEP][PASSED] - page2 = page2.substring(0, page.indexOf(" ")): null

30-03-2025T17:00:54 - [TEST_STEP][PASSED] - println("page1: " + page1): null

30-03-2025T17:00:54 - [TEST_STEP][PASSED] - println("page2: " + page2): null

30-03-2025T17:00:54 - [TEST_STEP][PASSED] - file = findTestData("PlanFact").getValue(4, a): null

30-03-2025T17:00:54 - [TEST_STEP][PASSED] - file = file.replace(",", "."): null

30-03-2025T17:00:54 - [TEST_STEP][PASSED] - println("file Plan: " + file): null

30-03-2025T17:00:54 - [TEST_STEP][PASSED] - typeOfData = "План в процентах": null

30-03-2025T17:00:54 - [TEST_STEP][PASSED] - fileDouble = file.toDouble(): null

30-03-2025T17:00:54 - [TEST_STEP][PASSED] - pageDouble = page1.toDouble(): null

30-03-2025T17:00:54 - [TEST_STEP][PASSED] - if (fileDouble != pageDouble): null

30-03-2025T17:00:54 - [TEST_STEP][PASSED] - numberOfErrors = numberOfErrors + 1: null

30-03-2025T17:00:54 - [TEST_STEP][PASSED] - Script1718980020443.WriteToExcel(a, typeOfData, todaysDate, pageInt, fileInt, pageDouble, fileDouble, dZO): null

30-03-2025T17:00:54 - [TEST_STEP][PASSED] - sheetName = "Sheet1": null

30-03-2025T17:00:54 - [TEST_STEP][PASSED] - data = findTestData("PlanFact"): null

30-03-2025T17:00:54 - [TEST_STEP][PASSED] - n = data.getRowNumbers() + 1: null

30-03-2025T17:00:54 - [TEST_STEP][PASSED] - day = ")).toInteger(): null

30-03-2025T17:00:54 - [TEST_STEP][PASSED] - println(day): null

30-03-2025T17:00:54 - [TEST_STEP][PASSED] - month = ")).toInteger(): null

30-03-2025T17:00:54 - [TEST_STEP][PASSED] - println(month): null

30-03-2025T17:00:54 - [TEST_STEP][PASSED] - y = <not implemented yet for class: org.codehaus.groovy.ast.expr.EmptyExpression>: null

30-03-2025T17:00:54 - [TEST_STEP][PASSED] - iy = <not implemented yet for class: org.codehaus.groovy.ast.expr.EmptyExpression>: null

30-03-2025T17:00:54 - [TEST_STEP][PASSED] - m = getText(findTestObject("Выполнение бизнес-плана/Период")): Text of object 'Object Repository/Выполнение бизнес-плана/Период' is: 'Январь 2025 года'

30-03-2025T17:00:54 - [MESSAGE][PASSED] - Text of object 'Object Repository/Выполнение бизнес-плана/Период' is: 'Январь 2025 года'

30-03-2025T17:00:54 - [TEST_STEP][PASSED] - iy = m.indexOf("20"): null

30-03-2025T17:00:54 - [TEST_STEP][PASSED] - if (iy > -1): null

30-03-2025T17:00:54 - [TEST_STEP][PASSED] - y = substring(iy, iy + 4).toInteger(): null

30-03-2025T17:00:54 - [TEST_STEP][PASSED] - println(y): null

30-03-2025T17:00:54 - [TEST_STEP][PASSED] - if (toString().length() == 4): null

30-03-2025T17:00:54 - [TEST_STEP][PASSED] - m = m.substring(0, m.indexOf(y.toString())): null

30-03-2025T17:00:54 - [TEST_STEP][PASSED] - m = m.trim(): null

30-03-2025T17:00:54 - [TEST_STEP][PASSED] - if (m == ""): null

30-03-2025T17:00:54 - [TEST_STEP][PASSED] - dashboardName = "Выполнение бизнес-плана": null

30-03-2025T17:00:54 - [TEST_STEP][PASSED] - workbook01 = getWorkbook(excelFilePath): null

30-03-2025T17:00:54 - [TEST_STEP][PASSED] - sheet01 = getExcelSheet(workbook01, sheetName): null

30-03-2025T17:00:54 - [TEST_STEP][PASSED] - setValueToCellByIndex(sheet01, n, 0, dashboardName): null

30-03-2025T17:00:54 - [TEST_STEP][PASSED] - setValueToCellByIndex(sheet01, n, 1, dZO): null

30-03-2025T17:00:54 - [TEST_STEP][PASSED] - setValueToCellByIndex(sheet01, n, 2, typeOfData): null

30-03-2025T17:00:54 - [TEST_STEP][PASSED] - if (typeOfData == "Факт в процентах" || typeOfData == "План в процентах"): null

30-03-2025T17:00:54 - [TEST_STEP][PASSED] - setValueToCellByIndex(sheet01, n, 3, fileDouble): null

30-03-2025T17:00:54 - [TEST_STEP][PASSED] - setValueToCellByIndex(sheet01, n, 4, pageDouble): null

30-03-2025T17:00:54 - [TEST_STEP][PASSED] - setValueToCellByIndex(sheet01, n, 5, m): null

30-03-2025T17:00:54 - [TEST_STEP][PASSED] - setValueToCellByIndex(sheet01, n, 6, y): null

30-03-2025T17:00:54 - [TEST_STEP][PASSED] - setValueToCellByIndex(sheet01, n, 7, todaysDate): null

30-03-2025T17:00:54 - [TEST_STEP][PASSED] - n = n + 1: null

30-03-2025T17:00:54 - [TEST_STEP][PASSED] - saveWorkbook(excelFilePath, workbook01): null

30-03-2025T17:00:54 - [TEST_STEP][PASSED] - file = findTestData("PlanFact").getValue(7, a): null

30-03-2025T17:00:54 - [TEST_STEP][PASSED] - file = file.replace(",", "."): null

30-03-2025T17:00:54 - [TEST_STEP][PASSED] - println("file Fact: " + file): null

30-03-2025T17:00:54 - [TEST_STEP][PASSED] - fileDouble = file.toDouble(): null

30-03-2025T17:00:54 - [TEST_STEP][PASSED] - typeOfData = "Факт в процентах": null

30-03-2025T17:00:54 - [TEST_STEP][PASSED] - fileDouble = file.toDouble(): null

30-03-2025T17:00:54 - [TEST_STEP][PASSED] - pageDouble = page2.toDouble(): null

30-03-2025T17:00:54 - [TEST_STEP][PASSED] - if (fileDouble != pageDouble): null

30-03-2025T17:00:54 - [TEST_STEP][PASSED] - numberOfErrors = numberOfErrors + 1: null

30-03-2025T17:00:54 - [TEST_STEP][PASSED] - Script1718980020443.WriteToExcel(a, typeOfData, todaysDate, pageInt, fileInt, pageDouble, fileDouble, dZO): null

30-03-2025T17:00:54 - [TEST_STEP][PASSED] - sheetName = "Sheet1": null

30-03-2025T17:00:54 - [TEST_STEP][PASSED] - data = findTestData("PlanFact"): null

30-03-2025T17:00:54 - [TEST_STEP][PASSED] - n = data.getRowNumbers() + 1: null

30-03-2025T17:00:54 - [TEST_STEP][PASSED] - day = ")).toInteger(): null

30-03-2025T17:00:54 - [TEST_STEP][PASSED] - println(day): null

30-03-2025T17:00:54 - [TEST_STEP][PASSED] - month = ")).toInteger(): null

30-03-2025T17:00:54 - [TEST_STEP][PASSED] - println(month): null

30-03-2025T17:00:54 - [TEST_STEP][PASSED] - y = <not implemented yet for class: org.codehaus.groovy.ast.expr.EmptyExpression>: null

30-03-2025T17:00:54 - [TEST_STEP][PASSED] - iy = <not implemented yet for class: org.codehaus.groovy.ast.expr.EmptyExpression>: null

30-03-2025T17:00:54 - [TEST_STEP][PASSED] - m = getText(findTestObject("Выполнение бизнес-плана/Период")): Text of object 'Object Repository/Выполнение бизнес-плана/Период' is: 'Январь 2025 года'

30-03-2025T17:00:55 - [MESSAGE][PASSED] - Text of object 'Object Repository/Выполнение бизнес-плана/Период' is: 'Январь 2025 года'

30-03-2025T17:00:55 - [TEST_STEP][PASSED] - iy = m.indexOf("20"): null

30-03-2025T17:00:55 - [TEST_STEP][PASSED] - if (iy > -1): null

30-03-2025T17:00:55 - [TEST_STEP][PASSED] - y = substring(iy, iy + 4).toInteger(): null

30-03-2025T17:00:55 - [TEST_STEP][PASSED] - println(y): null

30-03-2025T17:00:55 - [TEST_STEP][PASSED] - if (toString().length() == 4): null

30-03-2025T17:00:55 - [TEST_STEP][PASSED] - m = m.substring(0, m.indexOf(y.toString())): null

30-03-2025T17:00:55 - [TEST_STEP][PASSED] - m = m.trim(): null

30-03-2025T17:00:55 - [TEST_STEP][PASSED] - if (m == ""): null

30-03-2025T17:00:55 - [TEST_STEP][PASSED] - dashboardName = "Выполнение бизнес-плана": null

30-03-2025T17:00:55 - [TEST_STEP][PASSED] - workbook01 = getWorkbook(excelFilePath): null

30-03-2025T17:00:55 - [TEST_STEP][PASSED] - sheet01 = getExcelSheet(workbook01, sheetName): null

30-03-2025T17:00:55 - [TEST_STEP][PASSED] - setValueToCellByIndex(sheet01, n, 0, dashboardName): null

30-03-2025T17:00:55 - [TEST_STEP][PASSED] - setValueToCellByIndex(sheet01, n, 1, dZO): null

30-03-2025T17:00:55 - [TEST_STEP][PASSED] - setValueToCellByIndex(sheet01, n, 2, typeOfData): null

30-03-2025T17:00:55 - [TEST_STEP][PASSED] - if (typeOfData == "Факт в процентах" || typeOfData == "План в процентах"): null

30-03-2025T17:00:55 - [TEST_STEP][PASSED] - setValueToCellByIndex(sheet01, n, 3, fileDouble): null

30-03-2025T17:00:55 - [TEST_STEP][PASSED] - setValueToCellByIndex(sheet01, n, 4, pageDouble): null

30-03-2025T17:00:55 - [TEST_STEP][PASSED] - setValueToCellByIndex(sheet01, n, 5, m): null

30-03-2025T17:00:55 - [TEST_STEP][PASSED] - setValueToCellByIndex(sheet01, n, 6, y): null

30-03-2025T17:00:55 - [TEST_STEP][PASSED] - setValueToCellByIndex(sheet01, n, 7, todaysDate): null

30-03-2025T17:00:55 - [TEST_STEP][PASSED] - n = n + 1: null

30-03-2025T17:00:55 - [TEST_STEP][PASSED] - saveWorkbook(excelFilePath, workbook01): null

30-03-2025T17:00:55 - [TEST_STEP][FAILED] - if (verifyEqual(numberOfErrors, 0) == false): null

30-03-2025T17:00:55 - [MESSAGE][FAILED] - Unable to verify equal between actual object '6' and expected object '0' (Root cause: com.kms.katalon.core.exception.StepFailedException: Actual object '6' and expected object '0' are not equal
	at com.kms.katalon.core.keyword.builtin.VerifyEqualKeyword$_verifyEqual_closure1.doCall(VerifyEqualKeyword.groovy:58)
	at com.kms.katalon.core.keyword.builtin.VerifyEqualKeyword$_verifyEqual_closure1.call(VerifyEqualKeyword.groovy)
	at com.kms.katalon.core.keyword.internal.KeywordMain.runKeyword(KeywordMain.groovy:75)
	at com.kms.katalon.core.keyword.builtin.VerifyEqualKeyword.verifyEqual(VerifyEqualKeyword.groovy:63)
	at com.kms.katalon.core.keyword.builtin.VerifyEqualKeyword.execute(VerifyEqualKeyword.groovy:44)
	at com.kms.katalon.core.keyword.internal.KeywordExecutor.executeKeywordForPlatform(KeywordExecutor.groovy:74)
	at com.kms.katalon.core.keyword.BuiltinKeywords.verifyEqual(BuiltinKeywords.groovy:146)
	at jdk.internal.reflect.GeneratedMethodAccessor22.invoke(Unknown Source)
	at java.base/jdk.internal.reflect.DelegatingMethodAccessorImpl.invoke(DelegatingMethodAccessorImpl.java:43)
	at Выполнение бизнес-плана Сверка ПАО Россети все филиалы.Numbers(Выполнение бизнес-плана Сверка ПАО Россети все филиалы:744)
	at Выполнение бизнес-плана Сверка ПАО Россети все филиалы.run(Выполнение бизнес-плана Сверка ПАО Россети все филиалы:172)
	at com.kms.katalon.core.main.ScriptEngine.run(ScriptEngine.java:194)
	at com.kms.katalon.core.main.ScriptEngine.runScriptAsRawText(ScriptEngine.java:119)
	at com.kms.katalon.core.main.TestCaseExecutor.runScript(TestCaseExecutor.java:448)
	at com.kms.katalon.core.main.TestCaseExecutor.doExecute(TestCaseExecutor.java:439)
	at com.kms.katalon.core.main.TestCaseExecutor.processExecutionPhase(TestCaseExecutor.java:418)
	at com.kms.katalon.core.main.TestCaseExecutor.accessMainPhase(TestCaseExecutor.java:410)
	at com.kms.katalon.core.main.TestCaseExecutor.execute(TestCaseExecutor.java:285)
	at com.kms.katalon.core.common.CommonExecutor.accessTestCaseMainPhase(CommonExecutor.java:65)
	at com.kms.katalon.core.main.TestSuiteExecutor.accessTestSuiteMainPhase(TestSuiteExecutor.java:150)
	at com.kms.katalon.core.main.TestSuiteExecutor.execute(TestSuiteExecutor.java:106)
	at com.kms.katalon.core.main.TestCaseMain.startTestSuite(TestCaseMain.java:180)
	at TempTestSuite1743336560690.run(TempTestSuite1743336560690.groovy:35)
	at java.base/jdk.internal.reflect.NativeMethodAccessorImpl.invoke0(Native Method)
	at java.base/jdk.internal.reflect.NativeMethodAccessorImpl.invoke(NativeMethodAccessorImpl.java:77)
	at java.base/jdk.internal.reflect.DelegatingMethodAccessorImpl.invoke(DelegatingMethodAccessorImpl.java:43)
)

30-03-2025T17:00:55 - [TEST_STEP][PASSED] - println(numberOfErrors): null

30-03-2025T17:00:55 - [TEST_STEP][PASSED] - println("a=" + a): null

30-03-2025T17:00:55 - [TEST_STEP][PASSED] - if (a == 28 || a == 77 || a == 74 || a == 65 || a == 36 || a == 44 || a == 54 || a == 1 || a == 18 || a == 59): null

30-03-2025T17:00:55 - [TEST_STEP][PASSED] - if (a == 82): null

30-03-2025T17:00:55 - [TEST_STEP][PASSED] - dZO = "Россети ФСК ЕЭС": null

30-03-2025T17:00:55 - [TEST_STEP][PASSED] - a = 83: null

30-03-2025T17:00:55 - [TEST_STEP][PASSED] - if (x1.contains("ЕЭС")): null

30-03-2025T17:00:55 - [TEST_STEP][PASSED] - dzoNum = dzoNum + 1: null

30-03-2025T17:00:55 - [TEST_STEP][PASSED] - println(dzoNum): null

30-03-2025T17:00:55 - [TEST_STEP][PASSED] - Script1718980020443.Numbers(a, typeOfData, todaysDate, pageInt, fileInt, pageDouble, fileDouble, dZO, dzoNum, filialNum): null

30-03-2025T17:00:55 - [TEST_STEP][PASSED] - println(dzoNum): null

30-03-2025T17:00:55 - [TEST_STEP][PASSED] - planFact = <not implemented yet for class: org.codehaus.groovy.ast.expr.EmptyExpression>: null

30-03-2025T17:00:55 - [TEST_STEP][PASSED] - page = <not implemented yet for class: org.codehaus.groovy.ast.expr.EmptyExpression>: null

30-03-2025T17:00:55 - [TEST_STEP][PASSED] - page1 = <not implemented yet for class: org.codehaus.groovy.ast.expr.EmptyExpression>: null

30-03-2025T17:00:55 - [TEST_STEP][PASSED] - page2 = <not implemented yet for class: org.codehaus.groovy.ast.expr.EmptyExpression>: null

30-03-2025T17:00:55 - [TEST_STEP][PASSED] - filialNumberInRow = <not implemented yet for class: org.codehaus.groovy.ast.expr.EmptyExpression>: null

30-03-2025T17:00:55 - [TEST_STEP][PASSED] - filialsDzoNames = <not implemented yet for class: org.codehaus.groovy.ast.expr.EmptyExpression>: null

30-03-2025T17:00:55 - [TEST_STEP][PASSED] - numberOfFilials = <not implemented yet for class: org.codehaus.groovy.ast.expr.EmptyExpression>: null

30-03-2025T17:00:55 - [TEST_STEP][PASSED] - numberOfSpaces = <not implemented yet for class: org.codehaus.groovy.ast.expr.EmptyExpression>: null

30-03-2025T17:00:55 - [TEST_STEP][PASSED] - file = <not implemented yet for class: org.codehaus.groovy.ast.expr.EmptyExpression>: null

30-03-2025T17:00:55 - [TEST_STEP][PASSED] - otpusk = <not implemented yet for class: org.codehaus.groovy.ast.expr.EmptyExpression>: null

30-03-2025T17:00:55 - [TEST_STEP][PASSED] - poteri = <not implemented yet for class: org.codehaus.groovy.ast.expr.EmptyExpression>: null

30-03-2025T17:00:55 - [TEST_STEP][PASSED] - dataFolder = "Выполнение бизнес-плана/Значения со страницы Выполнение бизнес-плана/": null

30-03-2025T17:00:55 - [TEST_STEP][PASSED] - path = <not implemented yet for class: org.codehaus.groovy.ast.expr.EmptyExpression>: null

30-03-2025T17:00:55 - [TEST_STEP][PASSED] - typeOfDataMain = <not implemented yet for class: org.codehaus.groovy.ast.expr.EmptyExpression>: null

30-03-2025T17:00:55 - [TEST_STEP][PASSED] - fileOtpuskVSet = <not implemented yet for class: org.codehaus.groovy.ast.expr.EmptyExpression>: null

30-03-2025T17:00:55 - [TEST_STEP][PASSED] - pageOtpuskVSet = <not implemented yet for class: org.codehaus.groovy.ast.expr.EmptyExpression>: null

30-03-2025T17:00:55 - [TEST_STEP][PASSED] - filePoteri = <not implemented yet for class: org.codehaus.groovy.ast.expr.EmptyExpression>: null

30-03-2025T17:00:55 - [TEST_STEP][PASSED] - pagePoteri = <not implemented yet for class: org.codehaus.groovy.ast.expr.EmptyExpression>: null

30-03-2025T17:00:55 - [TEST_STEP][PASSED] - compare = <not implemented yet for class: org.codehaus.groovy.ast.expr.EmptyExpression>: null

30-03-2025T17:00:55 - [TEST_STEP][PASSED] - b = <not implemented yet for class: org.codehaus.groovy.ast.expr.EmptyExpression>: null

30-03-2025T17:00:55 - [TEST_STEP][PASSED] - i = <not implemented yet for class: org.codehaus.groovy.ast.expr.EmptyExpression>: null

30-03-2025T17:00:55 - [TEST_STEP][PASSED] - ii = <not implemented yet for class: org.codehaus.groovy.ast.expr.EmptyExpression>: null

30-03-2025T17:00:55 - [TEST_STEP][PASSED] - c = <not implemented yet for class: org.codehaus.groovy.ast.expr.EmptyExpression>: null

30-03-2025T17:00:55 - [TEST_STEP][PASSED] - numberOfErrors = 0: null

30-03-2025T17:00:55 - [TEST_STEP][PASSED] - if (a == 82): null

30-03-2025T17:00:55 - [TEST_STEP][PASSED] - b = findTestData("PlanFact").getValue(1, a): null

30-03-2025T17:00:55 - [TEST_STEP][PASSED] - i = b.indexOf(" (ГК)"): null

30-03-2025T17:00:55 - [TEST_STEP][PASSED] - if (i > -1): null

30-03-2025T17:00:55 - [TEST_STEP][PASSED] - i = b.indexOf("О ""): null

30-03-2025T17:00:55 - [TEST_STEP][PASSED] - if (i > -1): null

30-03-2025T17:00:55 - [TEST_STEP][PASSED] - i = b.indexOf("О «"): null

30-03-2025T17:00:55 - [TEST_STEP][PASSED] - if (i > -1): null

30-03-2025T17:00:55 - [TEST_STEP][PASSED] - i = b.indexOf("г. "): null

30-03-2025T17:00:55 - [TEST_STEP][PASSED] - if (i > -1): null

30-03-2025T17:00:55 - [TEST_STEP][PASSED] - b = b.trim(): null

30-03-2025T17:00:55 - [TEST_STEP][PASSED] - println(b): null

30-03-2025T17:00:55 - [TEST_STEP][PASSED] - for ([planFact = 1, planFact < 3, (planFact++)]): null

30-03-2025T17:00:55 - [TEST_STEP][PASSED] - if (planFact == 1): null

30-03-2025T17:00:55 - [TEST_STEP][PASSED] - typeOfDataMain = "Факт": null

30-03-2025T17:00:55 - [TEST_STEP][PASSED] - otpusk = findTestData("PlanFact").getValue(5, a): null

30-03-2025T17:00:55 - [TEST_STEP][PASSED] - poteri = findTestData("PlanFact").getValue(6, a): null

30-03-2025T17:00:55 - [TEST_STEP][PASSED] - otpusk = otpusk.replaceAll("\s+", ""): null

30-03-2025T17:00:55 - [TEST_STEP][PASSED] - poteri = poteri.replaceAll("\s+", ""): null

30-03-2025T17:00:55 - [TEST_STEP][PASSED] - typeOfData = typeOfDataMain + " Отпуск в сеть": null

30-03-2025T17:00:55 - [TEST_STEP][PASSED] - if (a == 82): null

30-03-2025T17:00:55 - [TEST_STEP][PASSED] - else if (a == 84): null

30-03-2025T17:00:55 - [TEST_STEP][PASSED] - else if (a == 83 || a == 52 || a == 72 || a == 28 || a == 73 || a == 77 || a == 74 || a == 65 || a == 36 || a == 44 || a == 53 || a == 80 || a == 54 || a == 1 || a == 18 || a == 59 || a == 81): null

30-03-2025T17:00:55 - [TEST_STEP][PASSED] - path = dataFolder + "Table Data/" + typeOfData + " за отчётный период " + dzoNum: null

30-03-2025T17:00:55 - [TEST_STEP][PASSED] - println(path): null

30-03-2025T17:00:55 - [TEST_STEP][PASSED] - page = getText(findTestObject(path)): Text of object 'Object Repository/Выполнение бизнес-плана/Значения со страницы Выполнение бизнес-плана/Table Data/Факт Отпуск в сеть за отчётный период 1' is: '57 256 396'

30-03-2025T17:00:55 - [MESSAGE][PASSED] - Text of object 'Object Repository/Выполнение бизнес-плана/Значения со страницы Выполнение бизнес-плана/Table Data/Факт Отпуск в сеть за отчётный период 1' is: '57 256 396'

30-03-2025T17:00:55 - [TEST_STEP][PASSED] - if (page == "" || page == null): null

30-03-2025T17:00:55 - [TEST_STEP][PASSED] - else: null

30-03-2025T17:00:55 - [TEST_STEP][PASSED] - page = page.replaceAll("\s+", ""): null

30-03-2025T17:00:55 - [TEST_STEP][PASSED] - if (page == "undefined"): null

30-03-2025T17:00:55 - [TEST_STEP][PASSED] - fileOtpuskVSet = otpusk.toInteger(): null

30-03-2025T17:00:55 - [TEST_STEP][PASSED] - pageOtpuskVSet = page.toInteger(): null

30-03-2025T17:00:55 - [TEST_STEP][PASSED] - typeOfData = typeOfDataMain + " Потери": null

30-03-2025T17:00:55 - [TEST_STEP][PASSED] - if (a == 82): null

30-03-2025T17:00:56 - [TEST_STEP][PASSED] - else if (a == 84): null

30-03-2025T17:00:56 - [TEST_STEP][PASSED] - else if (a == 83 || a == 52 || a == 72 || a == 28 || a == 73 || a == 77 || a == 74 || a == 65 || a == 44 || a == 53 || a == 80 || a == 54 || a == 1 || a == 18 || a == 59 || a == 81): null

30-03-2025T17:00:56 - [TEST_STEP][PASSED] - path = dataFolder + "Table Data/" + typeOfData + " за отчётный период " + dzoNum: null

30-03-2025T17:00:56 - [TEST_STEP][PASSED] - page = getText(findTestObject(path)): Text of object 'Object Repository/Выполнение бизнес-плана/Значения со страницы Выполнение бизнес-плана/Table Data/Факт Потери за отчётный период 1' is: '9 338 688'

30-03-2025T17:00:56 - [MESSAGE][PASSED] - Text of object 'Object Repository/Выполнение бизнес-плана/Значения со страницы Выполнение бизнес-плана/Table Data/Факт Потери за отчётный период 1' is: '9 338 688'

30-03-2025T17:00:56 - [TEST_STEP][PASSED] - if (page == "" || page == null): null

30-03-2025T17:00:56 - [TEST_STEP][PASSED] - else: null

30-03-2025T17:00:56 - [TEST_STEP][PASSED] - page = page.replaceAll("\s+", ""): null

30-03-2025T17:00:56 - [TEST_STEP][PASSED] - if (page == "undefined"): null

30-03-2025T17:00:56 - [TEST_STEP][PASSED] - filePoteri = poteri.toInteger(): null

30-03-2025T17:00:56 - [TEST_STEP][PASSED] - pagePoteri = page.toInteger(): null

30-03-2025T17:00:56 - [TEST_STEP][PASSED] - compare = pageOtpuskVSet: null

30-03-2025T17:00:56 - [TEST_STEP][PASSED] - if (pageOtpuskVSet != null): null

30-03-2025T17:00:56 - [TEST_STEP][PASSED] - if (compare == fileOtpuskVSet): null

30-03-2025T17:00:56 - [TEST_STEP][PASSED] - if (compare == fileOtpuskVSet): null

30-03-2025T17:00:56 - [TEST_STEP][PASSED] - compare = pagePoteri: null

30-03-2025T17:00:56 - [TEST_STEP][PASSED] - if (pageOtpuskVSet != null): null

30-03-2025T17:00:56 - [TEST_STEP][PASSED] - if (compare == filePoteri): null

30-03-2025T17:00:56 - [TEST_STEP][PASSED] - else if (compare > filePoteri): null

30-03-2025T17:00:56 - [TEST_STEP][PASSED] - compare = compare - 1: null

30-03-2025T17:00:56 - [TEST_STEP][PASSED] - if (compare == filePoteri): null

30-03-2025T17:00:56 - [TEST_STEP][PASSED] - else: null

30-03-2025T17:00:56 - [TEST_STEP][PASSED] - numberOfErrors = numberOfErrors + 1: null

30-03-2025T17:00:56 - [TEST_STEP][PASSED] - pageInt = pagePoteri: null

30-03-2025T17:00:56 - [TEST_STEP][PASSED] - fileInt = filePoteri: null

30-03-2025T17:00:56 - [TEST_STEP][PASSED] - typeOfData = typeOfDataMain + " Потери": null

30-03-2025T17:00:56 - [TEST_STEP][PASSED] - Script1718980020443.WriteToExcel(a, typeOfData, todaysDate, pageInt, fileInt, pageDouble, fileDouble, dZO): null

30-03-2025T17:00:56 - [TEST_STEP][PASSED] - sheetName = "Sheet1": null

30-03-2025T17:00:56 - [TEST_STEP][PASSED] - data = findTestData("PlanFact"): null

30-03-2025T17:00:56 - [TEST_STEP][PASSED] - n = data.getRowNumbers() + 1: null

30-03-2025T17:00:56 - [TEST_STEP][PASSED] - day = ")).toInteger(): null

30-03-2025T17:00:56 - [TEST_STEP][PASSED] - println(day): null

30-03-2025T17:00:56 - [TEST_STEP][PASSED] - month = ")).toInteger(): null

30-03-2025T17:00:56 - [TEST_STEP][PASSED] - println(month): null

30-03-2025T17:00:56 - [TEST_STEP][PASSED] - y = <not implemented yet for class: org.codehaus.groovy.ast.expr.EmptyExpression>: null

30-03-2025T17:00:56 - [TEST_STEP][PASSED] - iy = <not implemented yet for class: org.codehaus.groovy.ast.expr.EmptyExpression>: null

30-03-2025T17:00:56 - [TEST_STEP][PASSED] - m = getText(findTestObject("Выполнение бизнес-плана/Период")): Text of object 'Object Repository/Выполнение бизнес-плана/Период' is: 'Январь 2025 года'

30-03-2025T17:00:56 - [MESSAGE][PASSED] - Text of object 'Object Repository/Выполнение бизнес-плана/Период' is: 'Январь 2025 года'

30-03-2025T17:00:56 - [TEST_STEP][PASSED] - iy = m.indexOf("20"): null

30-03-2025T17:00:56 - [TEST_STEP][PASSED] - if (iy > -1): null

30-03-2025T17:00:56 - [TEST_STEP][PASSED] - y = substring(iy, iy + 4).toInteger(): null

30-03-2025T17:00:56 - [TEST_STEP][PASSED] - println(y): null

30-03-2025T17:00:56 - [TEST_STEP][PASSED] - if (toString().length() == 4): null

30-03-2025T17:00:56 - [TEST_STEP][PASSED] - m = m.substring(0, m.indexOf(y.toString())): null

30-03-2025T17:00:56 - [TEST_STEP][PASSED] - m = m.trim(): null

30-03-2025T17:00:56 - [TEST_STEP][PASSED] - if (m == ""): null

30-03-2025T17:00:56 - [TEST_STEP][PASSED] - dashboardName = "Выполнение бизнес-плана": null

30-03-2025T17:00:56 - [TEST_STEP][PASSED] - workbook01 = getWorkbook(excelFilePath): null

30-03-2025T17:00:56 - [TEST_STEP][PASSED] - sheet01 = getExcelSheet(workbook01, sheetName): null

30-03-2025T17:00:56 - [TEST_STEP][PASSED] - setValueToCellByIndex(sheet01, n, 0, dashboardName): null

30-03-2025T17:00:56 - [TEST_STEP][PASSED] - setValueToCellByIndex(sheet01, n, 1, dZO): null

30-03-2025T17:00:56 - [TEST_STEP][PASSED] - setValueToCellByIndex(sheet01, n, 2, typeOfData): null

30-03-2025T17:00:56 - [TEST_STEP][PASSED] - if (typeOfData == "Факт в процентах" || typeOfData == "План в процентах"): null

30-03-2025T17:00:56 - [TEST_STEP][PASSED] - else: null

30-03-2025T17:00:56 - [TEST_STEP][PASSED] - setValueToCellByIndex(sheet01, n, 3, fileInt): null

30-03-2025T17:00:56 - [TEST_STEP][PASSED] - setValueToCellByIndex(sheet01, n, 4, pageInt): null

30-03-2025T17:00:56 - [TEST_STEP][PASSED] - setValueToCellByIndex(sheet01, n, 5, m): null

30-03-2025T17:00:56 - [TEST_STEP][PASSED] - setValueToCellByIndex(sheet01, n, 6, y): null

30-03-2025T17:00:56 - [TEST_STEP][PASSED] - setValueToCellByIndex(sheet01, n, 7, todaysDate): null

30-03-2025T17:00:56 - [TEST_STEP][PASSED] - n = n + 1: null

30-03-2025T17:00:56 - [TEST_STEP][FAILED] - saveWorkbook(excelFilePath, workbook01): null

30-03-2025T17:00:56 - [TEST_STEP][PASSED] - if (planFact == 2): null

30-03-2025T17:00:56 - [TEST_STEP][PASSED] - if (planFact == 1): null

30-03-2025T17:00:56 - [TEST_STEP][PASSED] - else if (planFact == 2): null

30-03-2025T17:00:56 - [TEST_STEP][PASSED] - click(findTestObject("Выполнение бизнес-плана/Кнопка План")): Object: 'Object Repository/Выполнение бизнес-плана/Кнопка План' is clicked on

30-03-2025T17:00:57 - [MESSAGE][PASSED] - Object: 'Object Repository/Выполнение бизнес-плана/Кнопка План' is clicked on

30-03-2025T17:00:57 - [TEST_STEP][PASSED] - typeOfDataMain = "План": null

30-03-2025T17:00:57 - [TEST_STEP][PASSED] - otpusk = findTestData("PlanFact").getValue(2, a): null

30-03-2025T17:00:57 - [TEST_STEP][PASSED] - poteri = findTestData("PlanFact").getValue(3, a): null

30-03-2025T17:00:57 - [TEST_STEP][PASSED] - otpusk = otpusk.replaceAll("\s+", ""): null

30-03-2025T17:00:57 - [TEST_STEP][PASSED] - poteri = poteri.replaceAll("\s+", ""): null

30-03-2025T17:00:57 - [TEST_STEP][PASSED] - typeOfData = typeOfDataMain + " Отпуск в сеть": null

30-03-2025T17:00:57 - [TEST_STEP][PASSED] - if (a == 82): null

30-03-2025T17:00:57 - [TEST_STEP][PASSED] - else if (a == 84): null

30-03-2025T17:00:57 - [TEST_STEP][PASSED] - else if (a == 83 || a == 52 || a == 72 || a == 28 || a == 73 || a == 77 || a == 74 || a == 65 || a == 36 || a == 44 || a == 53 || a == 80 || a == 54 || a == 1 || a == 18 || a == 59 || a == 81): null

30-03-2025T17:00:57 - [TEST_STEP][PASSED] - path = dataFolder + "Table Data/" + typeOfData + " за отчётный период " + dzoNum: null

30-03-2025T17:00:57 - [TEST_STEP][PASSED] - println(path): null

30-03-2025T17:00:57 - [TEST_STEP][PASSED] - page = getText(findTestObject(path)): Text of object 'Object Repository/Выполнение бизнес-плана/Значения со страницы Выполнение бизнес-плана/Table Data/План Отпуск в сеть за отчётный период 1' is: '58 806 842'

30-03-2025T17:00:57 - [MESSAGE][PASSED] - Text of object 'Object Repository/Выполнение бизнес-плана/Значения со страницы Выполнение бизнес-плана/Table Data/План Отпуск в сеть за отчётный период 1' is: '58 806 842'

30-03-2025T17:00:57 - [TEST_STEP][PASSED] - if (page == "" || page == null): null

30-03-2025T17:00:57 - [TEST_STEP][PASSED] - else: null

30-03-2025T17:00:57 - [TEST_STEP][PASSED] - page = page.replaceAll("\s+", ""): null

30-03-2025T17:00:57 - [TEST_STEP][PASSED] - if (page == "undefined"): null

30-03-2025T17:00:57 - [TEST_STEP][PASSED] - fileOtpuskVSet = otpusk.toInteger(): null

30-03-2025T17:00:57 - [TEST_STEP][PASSED] - pageOtpuskVSet = page.toInteger(): null

30-03-2025T17:00:57 - [TEST_STEP][PASSED] - typeOfData = typeOfDataMain + " Потери": null

30-03-2025T17:00:57 - [TEST_STEP][PASSED] - if (a == 82): null

30-03-2025T17:00:57 - [TEST_STEP][PASSED] - else if (a == 84): null

30-03-2025T17:00:57 - [TEST_STEP][PASSED] - else if (a == 83 || a == 52 || a == 72 || a == 28 || a == 73 || a == 77 || a == 74 || a == 65 || a == 44 || a == 53 || a == 80 || a == 54 || a == 1 || a == 18 || a == 59 || a == 81): null

30-03-2025T17:00:57 - [TEST_STEP][PASSED] - path = dataFolder + "Table Data/" + typeOfData + " за отчётный период " + dzoNum: null

30-03-2025T17:00:57 - [TEST_STEP][FAILED] - page = getText(findTestObject(path)): Unable to get text of object 'Object Repository/Выполнение бизнес-плана/Значения со страницы Выполнение бизнес-плана/Table Data/План Потери за отчётный период 1' (Root cause: com.kms.katalon.core.exception.StepFailedException: Unable to get text of object 'Object Repository/Выполнение бизнес-плана/Значения со страницы Выполнение бизнес-плана/Table Data/План Потери за отчётный период 1'
	at com.kms.katalon.core.webui.keyword.internal.WebUIKeywordMain.stepFailed(WebUIKeywordMain.groovy:64)
	at com.kms.katalon.core.webui.keyword.internal.WebUIKeywordMain.runKeyword(WebUIKeywordMain.groovy:26)
	at com.kms.katalon.core.webui.keyword.builtin.GetTextKeyword.getText(GetTextKeyword.groovy:88)
	at com.kms.katalon.core.webui.keyword.builtin.GetTextKeyword.execute(GetTextKeyword.groovy:67)
	at com.kms.katalon.core.keyword.internal.KeywordExecutor.executeKeywordForPlatform(KeywordExecutor.groovy:74)
	at com.kms.katalon.core.webui.keyword.WebUiBuiltInKeywords.getText(WebUiBuiltInKeywords.groovy:957)
	at Выполнение бизнес-плана Сверка ПАО Россети все филиалы.Numbers(Выполнение бизнес-плана Сверка ПАО Россети все филиалы:594)
	at Выполнение бизнес-плана Сверка ПАО Россети все филиалы.run(Выполнение бизнес-плана Сверка ПАО Россети все филиалы:183)
	at com.kms.katalon.core.main.ScriptEngine.run(ScriptEngine.java:194)
	at com.kms.katalon.core.main.ScriptEngine.runScriptAsRawText(ScriptEngine.java:119)
	at com.kms.katalon.core.main.TestCaseExecutor.runScript(TestCaseExecutor.java:448)
	at com.kms.katalon.core.main.TestCaseExecutor.doExecute(TestCaseExecutor.java:439)
	at com.kms.katalon.core.main.TestCaseExecutor.processExecutionPhase(TestCaseExecutor.java:418)
	at com.kms.katalon.core.main.TestCaseExecutor.accessMainPhase(TestCaseExecutor.java:410)
	at com.kms.katalon.core.main.TestCaseExecutor.execute(TestCaseExecutor.java:285)
	at com.kms.katalon.core.common.CommonExecutor.accessTestCaseMainPhase(CommonExecutor.java:65)
	at com.kms.katalon.core.main.TestSuiteExecutor.accessTestSuiteMainPhase(TestSuiteExecutor.java:150)
	at com.kms.katalon.core.main.TestSuiteExecutor.execute(TestSuiteExecutor.java:106)
	at com.kms.katalon.core.main.TestCaseMain.startTestSuite(TestCaseMain.java:180)
	at TempTestSuite1743336560690.run(TempTestSuite1743336560690.groovy:35)
	at java.base/jdk.internal.reflect.NativeMethodAccessorImpl.invoke0(Native Method)
	at java.base/jdk.internal.reflect.NativeMethodAccessorImpl.invoke(NativeMethodAccessorImpl.java:77)
	at java.base/jdk.internal.reflect.DelegatingMethodAccessorImpl.invoke(DelegatingMethodAccessorImpl.java:43)
Caused by: com.kms.katalon.core.webui.exception.WebElementNotFoundException: Web element with id: 'Object Repository/Выполнение бизнес-плана/Значения со страницы Выполнение бизнес-плана/Table Data/План Потери за отчётный период 1' located by '(.//*[normalize-space(text()) and normalize-space(.)='Показатели баланса электроэнергии по ДЗО – План'])[2]/following::td[35]' not found
	at com.kms.katalon.core.webui.common.WebUiCommonHelper.findWebElement(WebUiCommonHelper.java:1426)
	at com.kms.katalon.core.webui.keyword.internal.WebUIAbstractKeyword.findWebElement(WebUIAbstractKeyword.groovy:27)
	at com.kms.katalon.core.webui.keyword.internal.WebUIAbstractKeyword.findWebElement(WebUIAbstractKeyword.groovy:26)
	at com.kms.katalon.core.webui.keyword.builtin.GetTextKeyword$_getText_closure1.doCall(GetTextKeyword.groovy:78)
	at com.kms.katalon.core.webui.keyword.builtin.GetTextKeyword$_getText_closure1.call(GetTextKeyword.groovy)
	at com.kms.katalon.core.webui.keyword.internal.WebUIKeywordMain.runKeyword(WebUIKeywordMain.groovy:20)
	at com.kms.katalon.core.webui.keyword.builtin.GetTextKeyword.getText(GetTextKeyword.groovy:88)
	at com.kms.katalon.core.webui.keyword.builtin.GetTextKeyword.execute(GetTextKeyword.groovy:67)
	at com.kms.katalon.core.keyword.internal.KeywordExecutor.executeKeywordForPlatform(KeywordExecutor.groovy:74)
	at com.kms.katalon.core.webui.keyword.WebUiBuiltInKeywords.getText(WebUiBuiltInKeywords.groovy:957)
	at Script1718980020443.Numbers(Script1718980020443.groovy:594)
	at Script1718980020443.run(Script1718980020443.groovy:183)
	... 15 more
)

30-03-2025T17:01:29 - [MESSAGE][INFO] - Unable to find the element located by 'By.xpath: (.//*[normalize-space(text()) and normalize-space(.)='Показатели баланса электроэнергии по ДЗО – План'])[2]/following::td[35]'. Please recheck the objects properties to make sure the desired element is located. 

30-03-2025T17:01:29 - [MESSAGE][FAILED] - Unable to get text of object 'Object Repository/Выполнение бизнес-плана/Значения со страницы Выполнение бизнес-плана/Table Data/План Потери за отчётный период 1' (Root cause: com.kms.katalon.core.exception.StepFailedException: Unable to get text of object 'Object Repository/Выполнение бизнес-плана/Значения со страницы Выполнение бизнес-плана/Table Data/План Потери за отчётный период 1'
	at com.kms.katalon.core.webui.keyword.internal.WebUIKeywordMain.stepFailed(WebUIKeywordMain.groovy:64)
	at com.kms.katalon.core.webui.keyword.internal.WebUIKeywordMain.runKeyword(WebUIKeywordMain.groovy:26)
	at com.kms.katalon.core.webui.keyword.builtin.GetTextKeyword.getText(GetTextKeyword.groovy:88)
	at com.kms.katalon.core.webui.keyword.builtin.GetTextKeyword.execute(GetTextKeyword.groovy:67)
	at com.kms.katalon.core.keyword.internal.KeywordExecutor.executeKeywordForPlatform(KeywordExecutor.groovy:74)
	at com.kms.katalon.core.webui.keyword.WebUiBuiltInKeywords.getText(WebUiBuiltInKeywords.groovy:957)
	at Выполнение бизнес-плана Сверка ПАО Россети все филиалы.Numbers(Выполнение бизнес-плана Сверка ПАО Россети все филиалы:594)
	at Выполнение бизнес-плана Сверка ПАО Россети все филиалы.run(Выполнение бизнес-плана Сверка ПАО Россети все филиалы:183)
	at com.kms.katalon.core.main.ScriptEngine.run(ScriptEngine.java:194)
	at com.kms.katalon.core.main.ScriptEngine.runScriptAsRawText(ScriptEngine.java:119)
	at com.kms.katalon.core.main.TestCaseExecutor.runScript(TestCaseExecutor.java:448)
	at com.kms.katalon.core.main.TestCaseExecutor.doExecute(TestCaseExecutor.java:439)
	at com.kms.katalon.core.main.TestCaseExecutor.processExecutionPhase(TestCaseExecutor.java:418)
	at com.kms.katalon.core.main.TestCaseExecutor.accessMainPhase(TestCaseExecutor.java:410)
	at com.kms.katalon.core.main.TestCaseExecutor.execute(TestCaseExecutor.java:285)
	at com.kms.katalon.core.common.CommonExecutor.accessTestCaseMainPhase(CommonExecutor.java:65)
	at com.kms.katalon.core.main.TestSuiteExecutor.accessTestSuiteMainPhase(TestSuiteExecutor.java:150)
	at com.kms.katalon.core.main.TestSuiteExecutor.execute(TestSuiteExecutor.java:106)
	at com.kms.katalon.core.main.TestCaseMain.startTestSuite(TestCaseMain.java:180)
	at TempTestSuite1743336560690.run(TempTestSuite1743336560690.groovy:35)
	at java.base/jdk.internal.reflect.NativeMethodAccessorImpl.invoke0(Native Method)
	at java.base/jdk.internal.reflect.NativeMethodAccessorImpl.invoke(NativeMethodAccessorImpl.java:77)
	at java.base/jdk.internal.reflect.DelegatingMethodAccessorImpl.invoke(DelegatingMethodAccessorImpl.java:43)
Caused by: com.kms.katalon.core.webui.exception.WebElementNotFoundException: Web element with id: 'Object Repository/Выполнение бизнес-плана/Значения со страницы Выполнение бизнес-плана/Table Data/План Потери за отчётный период 1' located by '(.//*[normalize-space(text()) and normalize-space(.)='Показатели баланса электроэнергии по ДЗО – План'])[2]/following::td[35]' not found
	at com.kms.katalon.core.webui.common.WebUiCommonHelper.findWebElement(WebUiCommonHelper.java:1426)
	at com.kms.katalon.core.webui.keyword.internal.WebUIAbstractKeyword.findWebElement(WebUIAbstractKeyword.groovy:27)
	at com.kms.katalon.core.webui.keyword.internal.WebUIAbstractKeyword.findWebElement(WebUIAbstractKeyword.groovy:26)
	at com.kms.katalon.core.webui.keyword.builtin.GetTextKeyword$_getText_closure1.doCall(GetTextKeyword.groovy:78)
	at com.kms.katalon.core.webui.keyword.builtin.GetTextKeyword$_getText_closure1.call(GetTextKeyword.groovy)
	at com.kms.katalon.core.webui.keyword.internal.WebUIKeywordMain.runKeyword(WebUIKeywordMain.groovy:20)
	at com.kms.katalon.core.webui.keyword.builtin.GetTextKeyword.getText(GetTextKeyword.groovy:88)
	at com.kms.katalon.core.webui.keyword.builtin.GetTextKeyword.execute(GetTextKeyword.groovy:67)
	at com.kms.katalon.core.keyword.internal.KeywordExecutor.executeKeywordForPlatform(KeywordExecutor.groovy:74)
	at com.kms.katalon.core.webui.keyword.WebUiBuiltInKeywords.getText(WebUiBuiltInKeywords.groovy:957)
	at Script1718980020443.Numbers(Script1718980020443.groovy:594)
	at Script1718980020443.run(Script1718980020443.groovy:183)
	... 15 more
)
[[ATTACHMENT|C:\\Users\\LIAZGINA-DI\\git\\SPORU\\Reports\\20250330_150919\\\u041F\u043D-\u0421\u0440-\u041F\u0442\\\u0421\u0432\u0435\u0440\u043A\u0430 \u0434\u0430\u0448\u0431\u043E\u0440\u0434\u043E\u0432 \u0438\u0437 \u0440\u0430\u0437\u043D\u044B\u0445 \u0431\u043B\u043E\u043A\u043E\u0432\\20250330_150920\\1743343289023.png]]

30-03-2025T17:01:29 - [TEST_STEP][PASSED] - if (page == "" || page == null): null

30-03-2025T17:01:29 - [TEST_STEP][PASSED] - fileInt = poteri.toInteger(): null

30-03-2025T17:01:29 - [TEST_STEP][PASSED] - Script1718980020443.WriteToExcelNoData(a, typeOfData, todaysDate, fileInt, fileDouble, dZO): null

30-03-2025T17:01:29 - [TEST_STEP][PASSED] - sheetName = "Sheet1": null

30-03-2025T17:01:29 - [TEST_STEP][PASSED] - data = findTestData("PlanFact"): null

30-03-2025T17:01:29 - [TEST_STEP][PASSED] - n = data.getRowNumbers() + 1: null

30-03-2025T17:01:29 - [TEST_STEP][PASSED] - day = ")).toInteger(): null

30-03-2025T17:01:29 - [TEST_STEP][PASSED] - println(day): null

30-03-2025T17:01:29 - [TEST_STEP][PASSED] - month = ")).toInteger(): null

30-03-2025T17:01:29 - [TEST_STEP][PASSED] - println(month): null

30-03-2025T17:01:29 - [TEST_STEP][PASSED] - y = <not implemented yet for class: org.codehaus.groovy.ast.expr.EmptyExpression>: null

30-03-2025T17:01:29 - [TEST_STEP][PASSED] - iy = <not implemented yet for class: org.codehaus.groovy.ast.expr.EmptyExpression>: null

30-03-2025T17:01:29 - [TEST_STEP][PASSED] - m = getText(findTestObject("Выполнение бизнес-плана/Период")): Text of object 'Object Repository/Выполнение бизнес-плана/Период' is: 'Январь 2025 года'

30-03-2025T17:01:29 - [MESSAGE][PASSED] - Text of object 'Object Repository/Выполнение бизнес-плана/Период' is: 'Январь 2025 года'

30-03-2025T17:01:29 - [TEST_STEP][PASSED] - iy = m.indexOf("20"): null

30-03-2025T17:01:29 - [TEST_STEP][PASSED] - if (iy > -1): null

30-03-2025T17:01:29 - [TEST_STEP][PASSED] - y = substring(iy, iy + 4).toInteger(): null

30-03-2025T17:01:29 - [TEST_STEP][PASSED] - println(y): null

30-03-2025T17:01:29 - [TEST_STEP][PASSED] - if (toString().length() == 4): null

30-03-2025T17:01:29 - [TEST_STEP][PASSED] - m = m.substring(0, m.indexOf(y.toString())): null

30-03-2025T17:01:29 - [TEST_STEP][PASSED] - m = m.trim(): null

30-03-2025T17:01:29 - [TEST_STEP][PASSED] - if (m == ""): null

30-03-2025T17:01:29 - [TEST_STEP][PASSED] - dashboardName = "Выполнение бизнес-плана": null

30-03-2025T17:01:29 - [TEST_STEP][PASSED] - workbook01 = getWorkbook(excelFilePath): null

30-03-2025T17:01:29 - [TEST_STEP][PASSED] - sheet01 = getExcelSheet(workbook01, sheetName): null

30-03-2025T17:01:29 - [TEST_STEP][PASSED] - setValueToCellByIndex(sheet01, n, 0, dashboardName): null

30-03-2025T17:01:29 - [TEST_STEP][PASSED] - setValueToCellByIndex(sheet01, n, 1, dZO): null

30-03-2025T17:01:29 - [TEST_STEP][PASSED] - setValueToCellByIndex(sheet01, n, 2, typeOfData): null

30-03-2025T17:01:29 - [TEST_STEP][PASSED] - if (typeOfData == "Факт в процентах" || typeOfData == "План в процентах"): null

30-03-2025T17:01:29 - [TEST_STEP][PASSED] - else: null

30-03-2025T17:01:29 - [TEST_STEP][PASSED] - setValueToCellByIndex(sheet01, n, 3, fileInt): null

30-03-2025T17:01:29 - [TEST_STEP][PASSED] - setValueToCellByIndex(sheet01, n, 4, "нет данных"): null

30-03-2025T17:01:29 - [TEST_STEP][PASSED] - setValueToCellByIndex(sheet01, n, 5, m): null

30-03-2025T17:01:29 - [TEST_STEP][PASSED] - setValueToCellByIndex(sheet01, n, 6, y): null

30-03-2025T17:01:29 - [TEST_STEP][PASSED] - setValueToCellByIndex(sheet01, n, 7, todaysDate): null

30-03-2025T17:01:29 - [TEST_STEP][PASSED] - n = n + 1: null

30-03-2025T17:01:29 - [TEST_STEP][PASSED] - saveWorkbook(excelFilePath, workbook01): null

30-03-2025T17:01:29 - [TEST_STEP][PASSED] - compare = pageOtpuskVSet: null

30-03-2025T17:01:29 - [TEST_STEP][PASSED] - if (pageOtpuskVSet != null): null

30-03-2025T17:01:29 - [TEST_STEP][PASSED] - if (compare == fileOtpuskVSet): null

30-03-2025T17:01:29 - [TEST_STEP][PASSED] - if (compare == fileOtpuskVSet): null

30-03-2025T17:01:29 - [TEST_STEP][PASSED] - compare = pagePoteri: null

30-03-2025T17:01:29 - [TEST_STEP][PASSED] - if (pageOtpuskVSet != null): null

30-03-2025T17:01:29 - [TEST_STEP][PASSED] - if (compare == filePoteri): null

30-03-2025T17:01:29 - [TEST_STEP][PASSED] - else if (compare > filePoteri): null

30-03-2025T17:01:29 - [TEST_STEP][PASSED] - compare = compare - 1: null

30-03-2025T17:01:29 - [TEST_STEP][PASSED] - if (compare == filePoteri): null

30-03-2025T17:01:29 - [TEST_STEP][PASSED] - else: null

30-03-2025T17:01:29 - [TEST_STEP][PASSED] - numberOfErrors = numberOfErrors + 1: null

30-03-2025T17:01:29 - [TEST_STEP][PASSED] - pageInt = pagePoteri: null

30-03-2025T17:01:29 - [TEST_STEP][PASSED] - fileInt = filePoteri: null

30-03-2025T17:01:29 - [TEST_STEP][PASSED] - typeOfData = typeOfDataMain + " Потери": null

30-03-2025T17:01:29 - [TEST_STEP][PASSED] - Script1718980020443.WriteToExcel(a, typeOfData, todaysDate, pageInt, fileInt, pageDouble, fileDouble, dZO): null

30-03-2025T17:01:29 - [TEST_STEP][PASSED] - sheetName = "Sheet1": null

30-03-2025T17:01:29 - [TEST_STEP][PASSED] - data = findTestData("PlanFact"): null

30-03-2025T17:01:29 - [TEST_STEP][PASSED] - n = data.getRowNumbers() + 1: null

30-03-2025T17:01:29 - [TEST_STEP][PASSED] - day = ")).toInteger(): null

30-03-2025T17:01:29 - [TEST_STEP][PASSED] - println(day): null

30-03-2025T17:01:29 - [TEST_STEP][PASSED] - month = ")).toInteger(): null

30-03-2025T17:01:29 - [TEST_STEP][PASSED] - println(month): null

30-03-2025T17:01:29 - [TEST_STEP][PASSED] - y = <not implemented yet for class: org.codehaus.groovy.ast.expr.EmptyExpression>: null

30-03-2025T17:01:29 - [TEST_STEP][PASSED] - iy = <not implemented yet for class: org.codehaus.groovy.ast.expr.EmptyExpression>: null

30-03-2025T17:01:29 - [TEST_STEP][PASSED] - m = getText(findTestObject("Выполнение бизнес-плана/Период")): Text of object 'Object Repository/Выполнение бизнес-плана/Период' is: 'Январь 2025 года'

30-03-2025T17:01:30 - [MESSAGE][PASSED] - Text of object 'Object Repository/Выполнение бизнес-плана/Период' is: 'Январь 2025 года'

30-03-2025T17:01:30 - [TEST_STEP][PASSED] - iy = m.indexOf("20"): null

30-03-2025T17:01:30 - [TEST_STEP][PASSED] - if (iy > -1): null

30-03-2025T17:01:30 - [TEST_STEP][PASSED] - y = substring(iy, iy + 4).toInteger(): null

30-03-2025T17:01:30 - [TEST_STEP][PASSED] - println(y): null

30-03-2025T17:01:30 - [TEST_STEP][PASSED] - if (toString().length() == 4): null

30-03-2025T17:01:30 - [TEST_STEP][PASSED] - m = m.substring(0, m.indexOf(y.toString())): null

30-03-2025T17:01:30 - [TEST_STEP][PASSED] - m = m.trim(): null

30-03-2025T17:01:30 - [TEST_STEP][PASSED] - if (m == ""): null

30-03-2025T17:01:30 - [TEST_STEP][PASSED] - dashboardName = "Выполнение бизнес-плана": null

30-03-2025T17:01:30 - [TEST_STEP][PASSED] - workbook01 = getWorkbook(excelFilePath): null

30-03-2025T17:01:30 - [TEST_STEP][PASSED] - sheet01 = getExcelSheet(workbook01, sheetName): null

30-03-2025T17:01:30 - [TEST_STEP][PASSED] - setValueToCellByIndex(sheet01, n, 0, dashboardName): null

30-03-2025T17:01:30 - [TEST_STEP][PASSED] - setValueToCellByIndex(sheet01, n, 1, dZO): null

30-03-2025T17:01:30 - [TEST_STEP][PASSED] - setValueToCellByIndex(sheet01, n, 2, typeOfData): null

30-03-2025T17:01:30 - [TEST_STEP][PASSED] - if (typeOfData == "Факт в процентах" || typeOfData == "План в процентах"): null

30-03-2025T17:01:30 - [TEST_STEP][PASSED] - else: null

30-03-2025T17:01:30 - [TEST_STEP][PASSED] - setValueToCellByIndex(sheet01, n, 3, fileInt): null

30-03-2025T17:01:30 - [TEST_STEP][PASSED] - setValueToCellByIndex(sheet01, n, 4, pageInt): null

30-03-2025T17:01:30 - [TEST_STEP][PASSED] - setValueToCellByIndex(sheet01, n, 5, m): null

30-03-2025T17:01:30 - [TEST_STEP][PASSED] - setValueToCellByIndex(sheet01, n, 6, y): null

30-03-2025T17:01:30 - [TEST_STEP][PASSED] - setValueToCellByIndex(sheet01, n, 7, todaysDate): null

30-03-2025T17:01:30 - [TEST_STEP][PASSED] - n = n + 1: null

30-03-2025T17:01:30 - [TEST_STEP][PASSED] - saveWorkbook(excelFilePath, workbook01): Object: 'Object Repository/Выполнение бизнес-плана/Кнопка Факт' is clicked on

30-03-2025T17:01:30 - [TEST_STEP][PASSED] - if (planFact == 2): Object: 'Object Repository/Выполнение бизнес-плана/Кнопка Факт' is clicked on

30-03-2025T17:01:30 - [TEST_STEP][PASSED] - click(findTestObject("Выполнение бизнес-плана/Кнопка Факт")): Object: 'Object Repository/Выполнение бизнес-плана/Кнопка Факт' is clicked on

30-03-2025T17:01:30 - [MESSAGE][PASSED] - Object: 'Object Repository/Выполнение бизнес-плана/Кнопка Факт' is clicked on

30-03-2025T17:01:30 - [TEST_STEP][PASSED] - println("a=" + a): null

30-03-2025T17:01:30 - [TEST_STEP][PASSED] - if (a == 84 || a == 82): null

30-03-2025T17:01:30 - [TEST_STEP][PASSED] - else if (a == 83 || a == 52 || a == 72 || a == 28 || a == 73 || a == 77 || a == 74 || a == 65 || a == 36 || a == 44 || a == 53 || a == 80 || a == 54 || a == 1 || a == 18 || a == 59 || a == 81): null

30-03-2025T17:01:30 - [TEST_STEP][PASSED] - page1 = getText(findTestObject("Object Repository/Выполнение бизнес-плана/spanPlan" + dzoNum)): Text of object 'Object Repository/Выполнение бизнес-плана/spanPlan1' is: '4.01
|'

30-03-2025T17:01:31 - [MESSAGE][PASSED] - Text of object 'Object Repository/Выполнение бизнес-плана/spanPlan1' is: '4.01
|'

30-03-2025T17:01:31 - [TEST_STEP][PASSED] - page1 = page1.replace("|", ""): null

30-03-2025T17:01:31 - [TEST_STEP][PASSED] - page2 = getText(findTestObject("Object Repository/Выполнение бизнес-плана/spanFact" + dzoNum)): Text of object 'Object Repository/Выполнение бизнес-плана/spanFact1' is: '4.00'

30-03-2025T17:01:31 - [MESSAGE][PASSED] - Text of object 'Object Repository/Выполнение бизнес-плана/spanFact1' is: '4.00'

30-03-2025T17:01:31 - [TEST_STEP][PASSED] - page2 = page2.replace("|", ""): null

30-03-2025T17:01:31 - [TEST_STEP][PASSED] - println("page1: " + page1): null

30-03-2025T17:01:31 - [TEST_STEP][PASSED] - println("page2: " + page2): null

30-03-2025T17:01:31 - [TEST_STEP][PASSED] - file = findTestData("PlanFact").getValue(4, a): null

30-03-2025T17:01:31 - [TEST_STEP][PASSED] - file = file.replace(",", "."): null

30-03-2025T17:01:31 - [TEST_STEP][PASSED] - println("file Plan: " + file): null

30-03-2025T17:01:31 - [TEST_STEP][PASSED] - typeOfData = "План в процентах": null

30-03-2025T17:01:31 - [TEST_STEP][PASSED] - fileDouble = file.toDouble(): null

30-03-2025T17:01:31 - [TEST_STEP][PASSED] - pageDouble = page1.toDouble(): null

30-03-2025T17:01:31 - [TEST_STEP][PASSED] - if (fileDouble != pageDouble): null

30-03-2025T17:01:31 - [TEST_STEP][PASSED] - file = findTestData("PlanFact").getValue(7, a): null

30-03-2025T17:01:31 - [TEST_STEP][PASSED] - file = file.replace(",", "."): null

30-03-2025T17:01:31 - [TEST_STEP][PASSED] - println("file Fact: " + file): null

30-03-2025T17:01:31 - [TEST_STEP][PASSED] - fileDouble = file.toDouble(): null

30-03-2025T17:01:31 - [TEST_STEP][PASSED] - typeOfData = "Факт в процентах": null

30-03-2025T17:01:31 - [TEST_STEP][PASSED] - fileDouble = file.toDouble(): null

30-03-2025T17:01:31 - [TEST_STEP][PASSED] - pageDouble = page2.toDouble(): null

30-03-2025T17:01:31 - [TEST_STEP][PASSED] - if (fileDouble != pageDouble): null

30-03-2025T17:01:31 - [TEST_STEP][FAILED] - if (verifyEqual(numberOfErrors, 0) == false): null

30-03-2025T17:01:31 - [MESSAGE][FAILED] - Unable to verify equal between actual object '2' and expected object '0' (Root cause: com.kms.katalon.core.exception.StepFailedException: Actual object '2' and expected object '0' are not equal
	at com.kms.katalon.core.keyword.builtin.VerifyEqualKeyword$_verifyEqual_closure1.doCall(VerifyEqualKeyword.groovy:58)
	at com.kms.katalon.core.keyword.builtin.VerifyEqualKeyword$_verifyEqual_closure1.call(VerifyEqualKeyword.groovy)
	at com.kms.katalon.core.keyword.internal.KeywordMain.runKeyword(KeywordMain.groovy:75)
	at com.kms.katalon.core.keyword.builtin.VerifyEqualKeyword.verifyEqual(VerifyEqualKeyword.groovy:63)
	at com.kms.katalon.core.keyword.builtin.VerifyEqualKeyword.execute(VerifyEqualKeyword.groovy:44)
	at com.kms.katalon.core.keyword.internal.KeywordExecutor.executeKeywordForPlatform(KeywordExecutor.groovy:74)
	at com.kms.katalon.core.keyword.BuiltinKeywords.verifyEqual(BuiltinKeywords.groovy:146)
	at jdk.internal.reflect.GeneratedMethodAccessor22.invoke(Unknown Source)
	at java.base/jdk.internal.reflect.DelegatingMethodAccessorImpl.invoke(DelegatingMethodAccessorImpl.java:43)
	at Выполнение бизнес-плана Сверка ПАО Россети все филиалы.Numbers(Выполнение бизнес-плана Сверка ПАО Россети все филиалы:744)
	at Выполнение бизнес-плана Сверка ПАО Россети все филиалы.run(Выполнение бизнес-плана Сверка ПАО Россети все филиалы:183)
	at com.kms.katalon.core.main.ScriptEngine.run(ScriptEngine.java:194)
	at com.kms.katalon.core.main.ScriptEngine.runScriptAsRawText(ScriptEngine.java:119)
	at com.kms.katalon.core.main.TestCaseExecutor.runScript(TestCaseExecutor.java:448)
	at com.kms.katalon.core.main.TestCaseExecutor.doExecute(TestCaseExecutor.java:439)
	at com.kms.katalon.core.main.TestCaseExecutor.processExecutionPhase(TestCaseExecutor.java:418)
	at com.kms.katalon.core.main.TestCaseExecutor.accessMainPhase(TestCaseExecutor.java:410)
	at com.kms.katalon.core.main.TestCaseExecutor.execute(TestCaseExecutor.java:285)
	at com.kms.katalon.core.common.CommonExecutor.accessTestCaseMainPhase(CommonExecutor.java:65)
	at com.kms.katalon.core.main.TestSuiteExecutor.accessTestSuiteMainPhase(TestSuiteExecutor.java:150)
	at com.kms.katalon.core.main.TestSuiteExecutor.execute(TestSuiteExecutor.java:106)
	at com.kms.katalon.core.main.TestCaseMain.startTestSuite(TestCaseMain.java:180)
	at TempTestSuite1743336560690.run(TempTestSuite1743336560690.groovy:35)
	at java.base/jdk.internal.reflect.NativeMethodAccessorImpl.invoke0(Native Method)
	at java.base/jdk.internal.reflect.NativeMethodAccessorImpl.invoke(NativeMethodAccessorImpl.java:77)
	at java.base/jdk.internal.reflect.DelegatingMethodAccessorImpl.invoke(DelegatingMethodAccessorImpl.java:43)
)

30-03-2025T17:01:31 - [TEST_STEP][PASSED] - println(numberOfErrors): null

30-03-2025T17:01:31 - [TEST_STEP][PASSED] - println("a=" + a): null

30-03-2025T17:01:31 - [TEST_STEP][PASSED] - if (a == 28 || a == 77 || a == 74 || a == 65 || a == 36 || a == 44 || a == 54 || a == 1 || a == 18 || a == 59): null

30-03-2025T17:01:31 - [TEST_STEP][PASSED] - if (a == 82): null

30-03-2025T17:01:31 - [TEST_STEP][PASSED] - println(dzoNum): null

30-03-2025T17:01:31 - [TEST_STEP][PASSED] - dZO = "РаспредКомплекс": null

30-03-2025T17:01:31 - [TEST_STEP][PASSED] - a = 82: null

30-03-2025T17:01:31 - [TEST_STEP][PASSED] - Script1718980020443.Numbers(a, typeOfData, todaysDate, pageInt, fileInt, pageDouble, fileDouble, dZO, dzoNum, filialNum): null

30-03-2025T17:01:31 - [TEST_STEP][PASSED] - println(dzoNum): null

30-03-2025T17:01:31 - [TEST_STEP][PASSED] - planFact = <not implemented yet for class: org.codehaus.groovy.ast.expr.EmptyExpression>: null

30-03-2025T17:01:31 - [TEST_STEP][PASSED] - page = <not implemented yet for class: org.codehaus.groovy.ast.expr.EmptyExpression>: null

30-03-2025T17:01:31 - [TEST_STEP][PASSED] - page1 = <not implemented yet for class: org.codehaus.groovy.ast.expr.EmptyExpression>: null

30-03-2025T17:01:31 - [TEST_STEP][PASSED] - page2 = <not implemented yet for class: org.codehaus.groovy.ast.expr.EmptyExpression>: null

30-03-2025T17:01:31 - [TEST_STEP][PASSED] - filialNumberInRow = <not implemented yet for class: org.codehaus.groovy.ast.expr.EmptyExpression>: null

30-03-2025T17:01:31 - [TEST_STEP][PASSED] - filialsDzoNames = <not implemented yet for class: org.codehaus.groovy.ast.expr.EmptyExpression>: null

30-03-2025T17:01:31 - [TEST_STEP][PASSED] - numberOfFilials = <not implemented yet for class: org.codehaus.groovy.ast.expr.EmptyExpression>: null

30-03-2025T17:01:31 - [TEST_STEP][PASSED] - numberOfSpaces = <not implemented yet for class: org.codehaus.groovy.ast.expr.EmptyExpression>: null

30-03-2025T17:01:31 - [TEST_STEP][PASSED] - file = <not implemented yet for class: org.codehaus.groovy.ast.expr.EmptyExpression>: null

30-03-2025T17:01:31 - [TEST_STEP][PASSED] - otpusk = <not implemented yet for class: org.codehaus.groovy.ast.expr.EmptyExpression>: null

30-03-2025T17:01:31 - [TEST_STEP][PASSED] - poteri = <not implemented yet for class: org.codehaus.groovy.ast.expr.EmptyExpression>: null

30-03-2025T17:01:31 - [TEST_STEP][PASSED] - dataFolder = "Выполнение бизнес-плана/Значения со страницы Выполнение бизнес-плана/": null

30-03-2025T17:01:31 - [TEST_STEP][PASSED] - path = <not implemented yet for class: org.codehaus.groovy.ast.expr.EmptyExpression>: null

30-03-2025T17:01:31 - [TEST_STEP][PASSED] - typeOfDataMain = <not implemented yet for class: org.codehaus.groovy.ast.expr.EmptyExpression>: null

30-03-2025T17:01:31 - [TEST_STEP][PASSED] - fileOtpuskVSet = <not implemented yet for class: org.codehaus.groovy.ast.expr.EmptyExpression>: null

30-03-2025T17:01:31 - [TEST_STEP][PASSED] - pageOtpuskVSet = <not implemented yet for class: org.codehaus.groovy.ast.expr.EmptyExpression>: null

30-03-2025T17:01:31 - [TEST_STEP][PASSED] - filePoteri = <not implemented yet for class: org.codehaus.groovy.ast.expr.EmptyExpression>: null

30-03-2025T17:01:31 - [TEST_STEP][PASSED] - pagePoteri = <not implemented yet for class: org.codehaus.groovy.ast.expr.EmptyExpression>: null

30-03-2025T17:01:31 - [TEST_STEP][PASSED] - compare = <not implemented yet for class: org.codehaus.groovy.ast.expr.EmptyExpression>: null

30-03-2025T17:01:31 - [TEST_STEP][PASSED] - b = <not implemented yet for class: org.codehaus.groovy.ast.expr.EmptyExpression>: null

30-03-2025T17:01:31 - [TEST_STEP][PASSED] - i = <not implemented yet for class: org.codehaus.groovy.ast.expr.EmptyExpression>: null

30-03-2025T17:01:31 - [TEST_STEP][PASSED] - ii = <not implemented yet for class: org.codehaus.groovy.ast.expr.EmptyExpression>: null

30-03-2025T17:01:31 - [TEST_STEP][PASSED] - c = <not implemented yet for class: org.codehaus.groovy.ast.expr.EmptyExpression>: null

30-03-2025T17:01:31 - [TEST_STEP][PASSED] - numberOfErrors = 0: null

30-03-2025T17:01:31 - [TEST_STEP][PASSED] - if (a == 82): null

30-03-2025T17:01:31 - [TEST_STEP][PASSED] - Script1718980020443.OpenFilter(): null

30-03-2025T17:01:31 - [TEST_STEP][PASSED] - click(findTestObject("Object Repository/Выполнение бизнес-плана/Фильтр ДЗО")): Object: 'Object Repository/Выполнение бизнес-плана/Фильтр ДЗО' is clicked on

30-03-2025T17:01:31 - [MESSAGE][PASSED] - Object: 'Object Repository/Выполнение бизнес-плана/Фильтр ДЗО' is clicked on

30-03-2025T17:01:31 - [TEST_STEP][PASSED] - click(findTestObject("Выполнение бизнес-плана/Снять выделение в фильтре ДЗО")): null

30-03-2025T17:01:32 - [MESSAGE][PASSED] - Object: 'Object Repository/Выполнение бизнес-плана/Снять выделение в фильтре ДЗО' is clicked on

30-03-2025T17:01:32 - [TEST_STEP][PASSED] - click(findTestObject("Выполнение бизнес-плана/Раскрыть список ПАО Россети в фильтре ДЗО")): Object: 'Object Repository/Выполнение бизнес-плана/Раскрыть список ПАО Россети в фильтре ДЗО' is clicked on

30-03-2025T17:01:32 - [MESSAGE][PASSED] - Object: 'Object Repository/Выполнение бизнес-плана/Раскрыть список ПАО Россети в фильтре ДЗО' is clicked on

30-03-2025T17:01:32 - [TEST_STEP][PASSED] - click(findTestObject("Выполнение бизнес-плана/РаспредКомплекс")): Object: 'Object Repository/Выполнение бизнес-плана/РаспредКомплекс' is clicked on

30-03-2025T17:01:33 - [MESSAGE][PASSED] - Object: 'Object Repository/Выполнение бизнес-плана/РаспредКомплекс' is clicked on

30-03-2025T17:01:33 - [TEST_STEP][PASSED] - Script1718980020443.CloseFilter(): null

30-03-2025T17:01:33 - [TEST_STEP][PASSED] - scrollToElement(findTestObject("Выполнение бизнес-плана/Заголовок дашборда"), 30): Scroll to object 'Object Repository/Выполнение бизнес-плана/Заголовок дашборда' successfully

30-03-2025T17:01:33 - [MESSAGE][PASSED] - Scroll to object 'Object Repository/Выполнение бизнес-плана/Заголовок дашборда' successfully

30-03-2025T17:01:33 - [TEST_STEP][PASSED] - click(findTestObject("Object Repository/Выполнение бизнес-плана/Применить в фильтре ДЗО")): null

30-03-2025T17:01:34 - [MESSAGE][PASSED] - Object: 'Object Repository/Выполнение бизнес-плана/Применить в фильтре ДЗО' is clicked on

30-03-2025T17:01:34 - [TEST_STEP][PASSED] - delay(5): Delayed 5 second(s)

30-03-2025T17:01:39 - [MESSAGE][PASSED] - Delayed 5 second(s)

30-03-2025T17:01:39 - [TEST_STEP][PASSED] - b = findTestData("PlanFact").getValue(1, a): null

30-03-2025T17:01:39 - [TEST_STEP][PASSED] - i = b.indexOf(" (ГК)"): null

30-03-2025T17:01:39 - [TEST_STEP][PASSED] - if (i > -1): null

30-03-2025T17:01:39 - [TEST_STEP][PASSED] - i = b.indexOf("О ""): null

30-03-2025T17:01:39 - [TEST_STEP][PASSED] - if (i > -1): null

30-03-2025T17:01:39 - [TEST_STEP][PASSED] - i = b.indexOf("О «"): null

30-03-2025T17:01:39 - [TEST_STEP][PASSED] - if (i > -1): null

30-03-2025T17:01:39 - [TEST_STEP][PASSED] - i = b.indexOf("г. "): null

30-03-2025T17:01:39 - [TEST_STEP][PASSED] - if (i > -1): null

30-03-2025T17:01:39 - [TEST_STEP][PASSED] - b = b.trim(): null

30-03-2025T17:01:39 - [TEST_STEP][PASSED] - println(b): null

30-03-2025T17:01:39 - [TEST_STEP][PASSED] - for ([planFact = 1, planFact < 3, (planFact++)]): null

30-03-2025T17:01:39 - [TEST_STEP][PASSED] - if (planFact == 1): null

30-03-2025T17:01:39 - [TEST_STEP][PASSED] - typeOfDataMain = "Факт": null

30-03-2025T17:01:39 - [TEST_STEP][PASSED] - otpusk = findTestData("PlanFact").getValue(5, a): null

30-03-2025T17:01:39 - [TEST_STEP][PASSED] - poteri = findTestData("PlanFact").getValue(6, a): null

30-03-2025T17:01:39 - [TEST_STEP][PASSED] - otpusk = otpusk.replaceAll("\s+", ""): null

30-03-2025T17:01:39 - [TEST_STEP][PASSED] - poteri = poteri.replaceAll("\s+", ""): null

30-03-2025T17:01:39 - [TEST_STEP][PASSED] - typeOfData = typeOfDataMain + " Отпуск в сеть": null

30-03-2025T17:01:39 - [TEST_STEP][PASSED] - if (a == 82): null

30-03-2025T17:01:39 - [TEST_STEP][PASSED] - path = dataFolder + typeOfData + " за отчётный период " + "РаспредКомплекс": null

30-03-2025T17:01:39 - [TEST_STEP][PASSED] - println(path): null

30-03-2025T17:01:39 - [TEST_STEP][PASSED] - page = getText(findTestObject(path)): Text of object 'Object Repository/Выполнение бизнес-плана/Значения со страницы Выполнение бизнес-плана/Факт Отпуск в сеть за отчётный период РаспредКомплекс' is: '43 621 813'

30-03-2025T17:01:45 - [MESSAGE][PASSED] - Text of object 'Object Repository/Выполнение бизнес-плана/Значения со страницы Выполнение бизнес-плана/Факт Отпуск в сеть за отчётный период РаспредКомплекс' is: '43 621 813'

30-03-2025T17:01:45 - [TEST_STEP][PASSED] - if (page == "" || page == null): null

30-03-2025T17:01:45 - [TEST_STEP][PASSED] - else: null

30-03-2025T17:01:45 - [TEST_STEP][PASSED] - page = page.replaceAll("\s+", ""): null

30-03-2025T17:01:45 - [TEST_STEP][PASSED] - if (page == "undefined"): null

30-03-2025T17:01:45 - [TEST_STEP][PASSED] - fileOtpuskVSet = otpusk.toInteger(): null

30-03-2025T17:01:45 - [TEST_STEP][PASSED] - pageOtpuskVSet = page.toInteger(): null

30-03-2025T17:01:45 - [TEST_STEP][PASSED] - typeOfData = typeOfDataMain + " Потери": null

30-03-2025T17:01:45 - [TEST_STEP][PASSED] - if (a == 82): null

30-03-2025T17:01:45 - [TEST_STEP][PASSED] - path = dataFolder + typeOfData + " за отчётный период " + "РаспредКомплекс": null

30-03-2025T17:01:45 - [TEST_STEP][PASSED] - page = getText(findTestObject(path)): Text of object 'Object Repository/Выполнение бизнес-плана/Значения со страницы Выполнение бизнес-плана/Факт Потери за отчётный период РаспредКомплекс' is: '3 408 712'

30-03-2025T17:01:45 - [MESSAGE][PASSED] - Text of object 'Object Repository/Выполнение бизнес-плана/Значения со страницы Выполнение бизнес-плана/Факт Потери за отчётный период РаспредКомплекс' is: '3 408 712'

30-03-2025T17:01:45 - [TEST_STEP][PASSED] - if (page == "" || page == null): null

30-03-2025T17:01:45 - [TEST_STEP][PASSED] - else: null

30-03-2025T17:01:45 - [TEST_STEP][PASSED] - page = page.replaceAll("\s+", ""): null

30-03-2025T17:01:45 - [TEST_STEP][PASSED] - if (page == "undefined"): null

30-03-2025T17:01:45 - [TEST_STEP][PASSED] - filePoteri = poteri.toInteger(): null

30-03-2025T17:01:45 - [TEST_STEP][PASSED] - pagePoteri = page.toInteger(): null

30-03-2025T17:01:45 - [TEST_STEP][PASSED] - compare = pageOtpuskVSet: null

30-03-2025T17:01:45 - [TEST_STEP][PASSED] - if (pageOtpuskVSet != null): null

30-03-2025T17:01:45 - [TEST_STEP][PASSED] - if (compare == fileOtpuskVSet): null

30-03-2025T17:01:45 - [TEST_STEP][PASSED] - else if (compare > fileOtpuskVSet): null

30-03-2025T17:01:45 - [TEST_STEP][PASSED] - else if (compare < fileOtpuskVSet): null

30-03-2025T17:01:45 - [TEST_STEP][PASSED] - compare = compare + 1: null

30-03-2025T17:01:45 - [TEST_STEP][PASSED] - if (compare == fileOtpuskVSet): null

30-03-2025T17:01:45 - [TEST_STEP][PASSED] - else: null

30-03-2025T17:01:45 - [TEST_STEP][PASSED] - numberOfErrors = numberOfErrors + 1: null

30-03-2025T17:01:45 - [TEST_STEP][PASSED] - pageInt = pageOtpuskVSet: null

30-03-2025T17:01:45 - [TEST_STEP][PASSED] - fileInt = fileOtpuskVSet: null

30-03-2025T17:01:45 - [TEST_STEP][PASSED] - typeOfData = typeOfDataMain + " Отпуск в сеть": null

30-03-2025T17:01:45 - [TEST_STEP][PASSED] - Script1718980020443.WriteToExcel(a, typeOfData, todaysDate, pageInt, fileInt, pageDouble, fileDouble, dZO): null

30-03-2025T17:01:45 - [TEST_STEP][PASSED] - sheetName = "Sheet1": null

30-03-2025T17:01:45 - [TEST_STEP][PASSED] - data = findTestData("PlanFact"): null

30-03-2025T17:01:46 - [TEST_STEP][PASSED] - n = data.getRowNumbers() + 1: null

30-03-2025T17:01:46 - [TEST_STEP][PASSED] - day = ")).toInteger(): null

30-03-2025T17:01:46 - [TEST_STEP][PASSED] - println(day): null

30-03-2025T17:01:46 - [TEST_STEP][PASSED] - month = ")).toInteger(): null

30-03-2025T17:01:46 - [TEST_STEP][PASSED] - println(month): null

30-03-2025T17:01:46 - [TEST_STEP][PASSED] - y = <not implemented yet for class: org.codehaus.groovy.ast.expr.EmptyExpression>: null

30-03-2025T17:01:46 - [TEST_STEP][PASSED] - iy = <not implemented yet for class: org.codehaus.groovy.ast.expr.EmptyExpression>: null

30-03-2025T17:01:46 - [TEST_STEP][PASSED] - m = getText(findTestObject("Выполнение бизнес-плана/Период")): Text of object 'Object Repository/Выполнение бизнес-плана/Период' is: 'Январь 2025 года'

30-03-2025T17:01:46 - [MESSAGE][PASSED] - Text of object 'Object Repository/Выполнение бизнес-плана/Период' is: 'Январь 2025 года'

30-03-2025T17:01:46 - [TEST_STEP][PASSED] - iy = m.indexOf("20"): null

30-03-2025T17:01:46 - [TEST_STEP][PASSED] - if (iy > -1): null

30-03-2025T17:01:46 - [TEST_STEP][PASSED] - y = substring(iy, iy + 4).toInteger(): null

30-03-2025T17:01:46 - [TEST_STEP][PASSED] - println(y): null

30-03-2025T17:01:46 - [TEST_STEP][PASSED] - if (toString().length() == 4): null

30-03-2025T17:01:46 - [TEST_STEP][PASSED] - m = m.substring(0, m.indexOf(y.toString())): null

30-03-2025T17:01:46 - [TEST_STEP][PASSED] - m = m.trim(): null

30-03-2025T17:01:46 - [TEST_STEP][PASSED] - if (m == ""): null

30-03-2025T17:01:46 - [TEST_STEP][PASSED] - dashboardName = "Выполнение бизнес-плана": null

30-03-2025T17:01:46 - [TEST_STEP][PASSED] - workbook01 = getWorkbook(excelFilePath): null

30-03-2025T17:01:46 - [TEST_STEP][PASSED] - sheet01 = getExcelSheet(workbook01, sheetName): null

30-03-2025T17:01:46 - [TEST_STEP][PASSED] - setValueToCellByIndex(sheet01, n, 0, dashboardName): null

30-03-2025T17:01:46 - [TEST_STEP][PASSED] - setValueToCellByIndex(sheet01, n, 1, dZO): null

30-03-2025T17:01:46 - [TEST_STEP][PASSED] - setValueToCellByIndex(sheet01, n, 2, typeOfData): null

30-03-2025T17:01:46 - [TEST_STEP][PASSED] - if (typeOfData == "Факт в процентах" || typeOfData == "План в процентах"): null

30-03-2025T17:01:46 - [TEST_STEP][PASSED] - else: null

30-03-2025T17:01:46 - [TEST_STEP][PASSED] - setValueToCellByIndex(sheet01, n, 3, fileInt): null

30-03-2025T17:01:46 - [TEST_STEP][PASSED] - setValueToCellByIndex(sheet01, n, 4, pageInt): null

30-03-2025T17:01:46 - [TEST_STEP][PASSED] - setValueToCellByIndex(sheet01, n, 5, m): null

30-03-2025T17:01:46 - [TEST_STEP][PASSED] - setValueToCellByIndex(sheet01, n, 6, y): null

30-03-2025T17:01:46 - [TEST_STEP][PASSED] - setValueToCellByIndex(sheet01, n, 7, todaysDate): null

30-03-2025T17:01:46 - [TEST_STEP][PASSED] - n = n + 1: null

30-03-2025T17:01:46 - [TEST_STEP][PASSED] - saveWorkbook(excelFilePath, workbook01): null

30-03-2025T17:01:47 - [TEST_STEP][PASSED] - compare = pagePoteri: null

30-03-2025T17:01:47 - [TEST_STEP][PASSED] - if (pageOtpuskVSet != null): null

30-03-2025T17:01:47 - [TEST_STEP][PASSED] - if (compare == filePoteri): null

30-03-2025T17:01:47 - [TEST_STEP][PASSED] - else if (compare > filePoteri): null

30-03-2025T17:01:47 - [TEST_STEP][PASSED] - else if (compare < filePoteri): null

30-03-2025T17:01:47 - [TEST_STEP][PASSED] - compare = compare + 1: null

30-03-2025T17:01:47 - [TEST_STEP][PASSED] - if (compare == filePoteri): null

30-03-2025T17:01:47 - [TEST_STEP][PASSED] - else: null

30-03-2025T17:01:47 - [TEST_STEP][PASSED] - numberOfErrors = numberOfErrors + 1: null

30-03-2025T17:01:47 - [TEST_STEP][PASSED] - pageInt = pagePoteri: null

30-03-2025T17:01:47 - [TEST_STEP][PASSED] - fileInt = filePoteri: null

30-03-2025T17:01:47 - [TEST_STEP][PASSED] - typeOfData = typeOfDataMain + " Потери": null

30-03-2025T17:01:47 - [TEST_STEP][PASSED] - Script1718980020443.WriteToExcel(a, typeOfData, todaysDate, pageInt, fileInt, pageDouble, fileDouble, dZO): null

30-03-2025T17:01:47 - [TEST_STEP][PASSED] - sheetName = "Sheet1": null

30-03-2025T17:01:47 - [TEST_STEP][PASSED] - data = findTestData("PlanFact"): null

30-03-2025T17:01:47 - [TEST_STEP][PASSED] - n = data.getRowNumbers() + 1: null

30-03-2025T17:01:47 - [TEST_STEP][PASSED] - day = ")).toInteger(): null

30-03-2025T17:01:47 - [TEST_STEP][PASSED] - println(day): null

30-03-2025T17:01:47 - [TEST_STEP][PASSED] - month = ")).toInteger(): null

30-03-2025T17:01:47 - [TEST_STEP][PASSED] - println(month): null

30-03-2025T17:01:47 - [TEST_STEP][PASSED] - y = <not implemented yet for class: org.codehaus.groovy.ast.expr.EmptyExpression>: null

30-03-2025T17:01:47 - [TEST_STEP][PASSED] - iy = <not implemented yet for class: org.codehaus.groovy.ast.expr.EmptyExpression>: null

30-03-2025T17:01:47 - [TEST_STEP][PASSED] - m = getText(findTestObject("Выполнение бизнес-плана/Период")): Text of object 'Object Repository/Выполнение бизнес-плана/Период' is: 'Январь 2025 года'

30-03-2025T17:01:47 - [MESSAGE][PASSED] - Text of object 'Object Repository/Выполнение бизнес-плана/Период' is: 'Январь 2025 года'

30-03-2025T17:01:47 - [TEST_STEP][PASSED] - iy = m.indexOf("20"): null

30-03-2025T17:01:47 - [TEST_STEP][PASSED] - if (iy > -1): null

30-03-2025T17:01:47 - [TEST_STEP][PASSED] - y = substring(iy, iy + 4).toInteger(): null

30-03-2025T17:01:47 - [TEST_STEP][PASSED] - println(y): null

30-03-2025T17:01:47 - [TEST_STEP][PASSED] - if (toString().length() == 4): null

30-03-2025T17:01:47 - [TEST_STEP][PASSED] - m = m.substring(0, m.indexOf(y.toString())): null

30-03-2025T17:01:47 - [TEST_STEP][PASSED] - m = m.trim(): null

30-03-2025T17:01:47 - [TEST_STEP][PASSED] - if (m == ""): null

30-03-2025T17:01:47 - [TEST_STEP][PASSED] - dashboardName = "Выполнение бизнес-плана": null

30-03-2025T17:01:47 - [TEST_STEP][PASSED] - workbook01 = getWorkbook(excelFilePath): null

30-03-2025T17:01:47 - [TEST_STEP][PASSED] - sheet01 = getExcelSheet(workbook01, sheetName): null

30-03-2025T17:01:47 - [TEST_STEP][PASSED] - setValueToCellByIndex(sheet01, n, 0, dashboardName): null

30-03-2025T17:01:47 - [TEST_STEP][PASSED] - setValueToCellByIndex(sheet01, n, 1, dZO): null

30-03-2025T17:01:47 - [TEST_STEP][PASSED] - setValueToCellByIndex(sheet01, n, 2, typeOfData): null

30-03-2025T17:01:47 - [TEST_STEP][PASSED] - if (typeOfData == "Факт в процентах" || typeOfData == "План в процентах"): null

30-03-2025T17:01:47 - [TEST_STEP][PASSED] - else: null

30-03-2025T17:01:47 - [TEST_STEP][PASSED] - setValueToCellByIndex(sheet01, n, 3, fileInt): null

30-03-2025T17:01:47 - [TEST_STEP][PASSED] - setValueToCellByIndex(sheet01, n, 4, pageInt): null

30-03-2025T17:01:47 - [TEST_STEP][PASSED] - setValueToCellByIndex(sheet01, n, 5, m): null

30-03-2025T17:01:47 - [TEST_STEP][PASSED] - setValueToCellByIndex(sheet01, n, 6, y): null

30-03-2025T17:01:47 - [TEST_STEP][PASSED] - setValueToCellByIndex(sheet01, n, 7, todaysDate): null

30-03-2025T17:01:47 - [TEST_STEP][PASSED] - n = n + 1: null

30-03-2025T17:01:47 - [TEST_STEP][PASSED] - saveWorkbook(excelFilePath, workbook01): null

30-03-2025T17:01:47 - [TEST_STEP][PASSED] - if (planFact == 2): null

30-03-2025T17:01:47 - [TEST_STEP][PASSED] - if (planFact == 1): null

30-03-2025T17:01:47 - [TEST_STEP][PASSED] - else if (planFact == 2): null

30-03-2025T17:01:47 - [TEST_STEP][PASSED] - click(findTestObject("Выполнение бизнес-плана/Кнопка План")): Object: 'Object Repository/Выполнение бизнес-плана/Кнопка План' is clicked on

30-03-2025T17:01:47 - [MESSAGE][PASSED] - Object: 'Object Repository/Выполнение бизнес-плана/Кнопка План' is clicked on

30-03-2025T17:01:47 - [TEST_STEP][PASSED] - typeOfDataMain = "План": null

30-03-2025T17:01:47 - [TEST_STEP][PASSED] - otpusk = findTestData("PlanFact").getValue(2, a): null

30-03-2025T17:01:48 - [TEST_STEP][PASSED] - poteri = findTestData("PlanFact").getValue(3, a): null

30-03-2025T17:01:48 - [TEST_STEP][PASSED] - otpusk = otpusk.replaceAll("\s+", ""): null

30-03-2025T17:01:48 - [TEST_STEP][PASSED] - poteri = poteri.replaceAll("\s+", ""): null

30-03-2025T17:01:48 - [TEST_STEP][PASSED] - typeOfData = typeOfDataMain + " Отпуск в сеть": null

30-03-2025T17:01:48 - [TEST_STEP][PASSED] - if (a == 82): null

30-03-2025T17:01:48 - [TEST_STEP][PASSED] - path = dataFolder + typeOfData + " за отчётный период " + "РаспредКомплекс": null

30-03-2025T17:01:48 - [TEST_STEP][PASSED] - println(path): null

30-03-2025T17:01:48 - [TEST_STEP][PASSED] - page = getText(findTestObject(path)): Text of object 'Object Repository/Выполнение бизнес-плана/Значения со страницы Выполнение бизнес-плана/План Отпуск в сеть за отчётный период РаспредКомплекс' is: '46 613 585'

30-03-2025T17:01:48 - [MESSAGE][PASSED] - Text of object 'Object Repository/Выполнение бизнес-плана/Значения со страницы Выполнение бизнес-плана/План Отпуск в сеть за отчётный период РаспредКомплекс' is: '46 613 585'

30-03-2025T17:01:48 - [TEST_STEP][PASSED] - if (page == "" || page == null): null

30-03-2025T17:01:48 - [TEST_STEP][PASSED] - else: null

30-03-2025T17:01:48 - [TEST_STEP][PASSED] - page = page.replaceAll("\s+", ""): null

30-03-2025T17:01:48 - [TEST_STEP][PASSED] - if (page == "undefined"): null

30-03-2025T17:01:48 - [TEST_STEP][PASSED] - fileOtpuskVSet = otpusk.toInteger(): null

30-03-2025T17:01:48 - [TEST_STEP][PASSED] - pageOtpuskVSet = page.toInteger(): null

30-03-2025T17:01:48 - [TEST_STEP][PASSED] - typeOfData = typeOfDataMain + " Потери": null

30-03-2025T17:01:48 - [TEST_STEP][PASSED] - if (a == 82): null

30-03-2025T17:01:48 - [TEST_STEP][PASSED] - path = dataFolder + typeOfData + " за отчётный период " + "РаспредКомплекс": null

30-03-2025T17:01:48 - [TEST_STEP][PASSED] - page = getText(findTestObject(path)): Text of object 'Object Repository/Выполнение бизнес-плана/Значения со страницы Выполнение бизнес-плана/План Потери за отчётный период РаспредКомплекс' is: '4 175 181'

30-03-2025T17:01:48 - [MESSAGE][PASSED] - Text of object 'Object Repository/Выполнение бизнес-плана/Значения со страницы Выполнение бизнес-плана/План Потери за отчётный период РаспредКомплекс' is: '4 175 181'

30-03-2025T17:01:48 - [TEST_STEP][PASSED] - if (page == "" || page == null): null

30-03-2025T17:01:48 - [TEST_STEP][PASSED] - else: null

30-03-2025T17:01:48 - [TEST_STEP][PASSED] - page = page.replaceAll("\s+", ""): null

30-03-2025T17:01:48 - [TEST_STEP][PASSED] - if (page == "undefined"): null

30-03-2025T17:01:48 - [TEST_STEP][PASSED] - filePoteri = poteri.toInteger(): null

30-03-2025T17:01:48 - [TEST_STEP][PASSED] - pagePoteri = page.toInteger(): null

30-03-2025T17:01:48 - [TEST_STEP][PASSED] - compare = pageOtpuskVSet: null

30-03-2025T17:01:48 - [TEST_STEP][PASSED] - if (pageOtpuskVSet != null): null

30-03-2025T17:01:48 - [TEST_STEP][PASSED] - if (compare == fileOtpuskVSet): null

30-03-2025T17:01:48 - [TEST_STEP][PASSED] - else if (compare > fileOtpuskVSet): null

30-03-2025T17:01:48 - [TEST_STEP][PASSED] - else if (compare < fileOtpuskVSet): null

30-03-2025T17:01:48 - [TEST_STEP][PASSED] - compare = compare + 1: null

30-03-2025T17:01:48 - [TEST_STEP][PASSED] - if (compare == fileOtpuskVSet): null

30-03-2025T17:01:48 - [TEST_STEP][PASSED] - else: null

30-03-2025T17:01:48 - [TEST_STEP][PASSED] - numberOfErrors = numberOfErrors + 1: null

30-03-2025T17:01:48 - [TEST_STEP][PASSED] - pageInt = pageOtpuskVSet: null

30-03-2025T17:01:48 - [TEST_STEP][PASSED] - fileInt = fileOtpuskVSet: null

30-03-2025T17:01:48 - [TEST_STEP][PASSED] - typeOfData = typeOfDataMain + " Отпуск в сеть": null

30-03-2025T17:01:48 - [TEST_STEP][PASSED] - Script1718980020443.WriteToExcel(a, typeOfData, todaysDate, pageInt, fileInt, pageDouble, fileDouble, dZO): null

30-03-2025T17:01:48 - [TEST_STEP][PASSED] - sheetName = "Sheet1": null

30-03-2025T17:01:48 - [TEST_STEP][PASSED] - data = findTestData("PlanFact"): null

30-03-2025T17:01:48 - [TEST_STEP][PASSED] - n = data.getRowNumbers() + 1: null

30-03-2025T17:01:48 - [TEST_STEP][PASSED] - day = ")).toInteger(): null

30-03-2025T17:01:48 - [TEST_STEP][PASSED] - println(day): null

30-03-2025T17:01:48 - [TEST_STEP][PASSED] - month = ")).toInteger(): null

30-03-2025T17:01:48 - [TEST_STEP][PASSED] - println(month): null

30-03-2025T17:01:48 - [TEST_STEP][PASSED] - y = <not implemented yet for class: org.codehaus.groovy.ast.expr.EmptyExpression>: null

30-03-2025T17:01:48 - [TEST_STEP][PASSED] - iy = <not implemented yet for class: org.codehaus.groovy.ast.expr.EmptyExpression>: null

30-03-2025T17:01:48 - [TEST_STEP][PASSED] - m = getText(findTestObject("Выполнение бизнес-плана/Период")): Text of object 'Object Repository/Выполнение бизнес-плана/Период' is: 'Январь 2025 года'

30-03-2025T17:01:49 - [MESSAGE][PASSED] - Text of object 'Object Repository/Выполнение бизнес-плана/Период' is: 'Январь 2025 года'

30-03-2025T17:01:49 - [TEST_STEP][PASSED] - iy = m.indexOf("20"): null

30-03-2025T17:01:49 - [TEST_STEP][PASSED] - if (iy > -1): null

30-03-2025T17:01:49 - [TEST_STEP][PASSED] - y = substring(iy, iy + 4).toInteger(): null

30-03-2025T17:01:49 - [TEST_STEP][PASSED] - println(y): null

30-03-2025T17:01:49 - [TEST_STEP][PASSED] - if (toString().length() == 4): null

30-03-2025T17:01:49 - [TEST_STEP][PASSED] - m = m.substring(0, m.indexOf(y.toString())): null

30-03-2025T17:01:49 - [TEST_STEP][PASSED] - m = m.trim(): null

30-03-2025T17:01:49 - [TEST_STEP][PASSED] - if (m == ""): null

30-03-2025T17:01:49 - [TEST_STEP][PASSED] - dashboardName = "Выполнение бизнес-плана": null

30-03-2025T17:01:49 - [TEST_STEP][PASSED] - workbook01 = getWorkbook(excelFilePath): null

30-03-2025T17:01:49 - [TEST_STEP][PASSED] - sheet01 = getExcelSheet(workbook01, sheetName): null

30-03-2025T17:01:49 - [TEST_STEP][PASSED] - setValueToCellByIndex(sheet01, n, 0, dashboardName): null

30-03-2025T17:01:49 - [TEST_STEP][PASSED] - setValueToCellByIndex(sheet01, n, 1, dZO): null

30-03-2025T17:01:49 - [TEST_STEP][PASSED] - setValueToCellByIndex(sheet01, n, 2, typeOfData): null

30-03-2025T17:01:49 - [TEST_STEP][PASSED] - if (typeOfData == "Факт в процентах" || typeOfData == "План в процентах"): null

30-03-2025T17:01:49 - [TEST_STEP][PASSED] - else: null

30-03-2025T17:01:49 - [TEST_STEP][PASSED] - setValueToCellByIndex(sheet01, n, 3, fileInt): null

30-03-2025T17:01:49 - [TEST_STEP][PASSED] - setValueToCellByIndex(sheet01, n, 4, pageInt): null

30-03-2025T17:01:49 - [TEST_STEP][PASSED] - setValueToCellByIndex(sheet01, n, 5, m): null

30-03-2025T17:01:49 - [TEST_STEP][PASSED] - setValueToCellByIndex(sheet01, n, 6, y): null

30-03-2025T17:01:49 - [TEST_STEP][PASSED] - setValueToCellByIndex(sheet01, n, 7, todaysDate): null

30-03-2025T17:01:49 - [TEST_STEP][PASSED] - n = n + 1: null

30-03-2025T17:01:49 - [TEST_STEP][PASSED] - saveWorkbook(excelFilePath, workbook01): null

30-03-2025T17:01:49 - [TEST_STEP][PASSED] - compare = pagePoteri: null

30-03-2025T17:01:49 - [TEST_STEP][PASSED] - if (pageOtpuskVSet != null): null

30-03-2025T17:01:49 - [TEST_STEP][PASSED] - if (compare == filePoteri): null

30-03-2025T17:01:49 - [TEST_STEP][PASSED] - else if (compare > filePoteri): null

30-03-2025T17:01:49 - [TEST_STEP][PASSED] - else if (compare < filePoteri): null

30-03-2025T17:01:49 - [TEST_STEP][PASSED] - compare = compare + 1: null

30-03-2025T17:01:49 - [TEST_STEP][PASSED] - if (compare == filePoteri): null

30-03-2025T17:01:49 - [TEST_STEP][PASSED] - else: null

30-03-2025T17:01:49 - [TEST_STEP][PASSED] - numberOfErrors = numberOfErrors + 1: null

30-03-2025T17:01:49 - [TEST_STEP][PASSED] - pageInt = pagePoteri: null

30-03-2025T17:01:49 - [TEST_STEP][PASSED] - fileInt = filePoteri: null

30-03-2025T17:01:49 - [TEST_STEP][PASSED] - typeOfData = typeOfDataMain + " Потери": null

30-03-2025T17:01:49 - [TEST_STEP][PASSED] - Script1718980020443.WriteToExcel(a, typeOfData, todaysDate, pageInt, fileInt, pageDouble, fileDouble, dZO): null

30-03-2025T17:01:49 - [TEST_STEP][PASSED] - sheetName = "Sheet1": null

30-03-2025T17:01:49 - [TEST_STEP][PASSED] - data = findTestData("PlanFact"): null

30-03-2025T17:01:49 - [TEST_STEP][PASSED] - n = data.getRowNumbers() + 1: null

30-03-2025T17:01:49 - [TEST_STEP][PASSED] - day = ")).toInteger(): null

30-03-2025T17:01:49 - [TEST_STEP][PASSED] - println(day): null

30-03-2025T17:01:49 - [TEST_STEP][PASSED] - month = ")).toInteger(): null

30-03-2025T17:01:49 - [TEST_STEP][PASSED] - println(month): null

30-03-2025T17:01:49 - [TEST_STEP][PASSED] - y = <not implemented yet for class: org.codehaus.groovy.ast.expr.EmptyExpression>: null

30-03-2025T17:01:49 - [TEST_STEP][PASSED] - iy = <not implemented yet for class: org.codehaus.groovy.ast.expr.EmptyExpression>: null

30-03-2025T17:01:49 - [TEST_STEP][PASSED] - m = getText(findTestObject("Выполнение бизнес-плана/Период")): Text of object 'Object Repository/Выполнение бизнес-плана/Период' is: 'Январь 2025 года'

30-03-2025T17:01:49 - [MESSAGE][PASSED] - Text of object 'Object Repository/Выполнение бизнес-плана/Период' is: 'Январь 2025 года'

30-03-2025T17:01:49 - [TEST_STEP][PASSED] - iy = m.indexOf("20"): null

30-03-2025T17:01:49 - [TEST_STEP][PASSED] - if (iy > -1): null

30-03-2025T17:01:49 - [TEST_STEP][PASSED] - y = substring(iy, iy + 4).toInteger(): null

30-03-2025T17:01:49 - [TEST_STEP][PASSED] - println(y): null

30-03-2025T17:01:49 - [TEST_STEP][PASSED] - if (toString().length() == 4): null

30-03-2025T17:01:49 - [TEST_STEP][PASSED] - m = m.substring(0, m.indexOf(y.toString())): null

30-03-2025T17:01:49 - [TEST_STEP][PASSED] - m = m.trim(): null

30-03-2025T17:01:49 - [TEST_STEP][PASSED] - if (m == ""): null

30-03-2025T17:01:49 - [TEST_STEP][PASSED] - dashboardName = "Выполнение бизнес-плана": null

30-03-2025T17:01:49 - [TEST_STEP][PASSED] - workbook01 = getWorkbook(excelFilePath): null

30-03-2025T17:01:49 - [TEST_STEP][PASSED] - sheet01 = getExcelSheet(workbook01, sheetName): null

30-03-2025T17:01:49 - [TEST_STEP][PASSED] - setValueToCellByIndex(sheet01, n, 0, dashboardName): null

30-03-2025T17:01:49 - [TEST_STEP][PASSED] - setValueToCellByIndex(sheet01, n, 1, dZO): null

30-03-2025T17:01:49 - [TEST_STEP][PASSED] - setValueToCellByIndex(sheet01, n, 2, typeOfData): null

30-03-2025T17:01:49 - [TEST_STEP][PASSED] - if (typeOfData == "Факт в процентах" || typeOfData == "План в процентах"): null

30-03-2025T17:01:49 - [TEST_STEP][PASSED] - else: null

30-03-2025T17:01:49 - [TEST_STEP][PASSED] - setValueToCellByIndex(sheet01, n, 3, fileInt): null

30-03-2025T17:01:49 - [TEST_STEP][PASSED] - setValueToCellByIndex(sheet01, n, 4, pageInt): null

30-03-2025T17:01:49 - [TEST_STEP][PASSED] - setValueToCellByIndex(sheet01, n, 5, m): null

30-03-2025T17:01:49 - [TEST_STEP][PASSED] - setValueToCellByIndex(sheet01, n, 6, y): null

30-03-2025T17:01:49 - [TEST_STEP][PASSED] - setValueToCellByIndex(sheet01, n, 7, todaysDate): null

30-03-2025T17:01:49 - [TEST_STEP][PASSED] - n = n + 1: null

30-03-2025T17:01:49 - [TEST_STEP][PASSED] - saveWorkbook(excelFilePath, workbook01): Object: 'Object Repository/Выполнение бизнес-плана/Кнопка Факт' is clicked on

30-03-2025T17:01:49 - [TEST_STEP][PASSED] - if (planFact == 2): Object: 'Object Repository/Выполнение бизнес-плана/Кнопка Факт' is clicked on

30-03-2025T17:01:49 - [TEST_STEP][PASSED] - click(findTestObject("Выполнение бизнес-плана/Кнопка Факт")): Object: 'Object Repository/Выполнение бизнес-плана/Кнопка Факт' is clicked on

30-03-2025T17:01:50 - [MESSAGE][PASSED] - Object: 'Object Repository/Выполнение бизнес-плана/Кнопка Факт' is clicked on

30-03-2025T17:01:50 - [TEST_STEP][PASSED] - println("a=" + a): null

30-03-2025T17:01:50 - [TEST_STEP][PASSED] - if (a == 84 || a == 82): null

30-03-2025T17:01:50 - [TEST_STEP][PASSED] - page = getText(findTestObject("Выполнение бизнес-плана/textPlanFact")): Text of object 'Object Repository/Выполнение бизнес-плана/textPlanFact' is: '%
8.96 8.96
7.81 7.81
План
Факт
1
100'

30-03-2025T17:01:50 - [MESSAGE][PASSED] - Text of object 'Object Repository/Выполнение бизнес-плана/textPlanFact' is: '%
8.96 8.96
7.81 7.81
План
Факт
1
100'

30-03-2025T17:01:50 - [TEST_STEP][PASSED] - page = page.replaceAll("\n", "_"): null

30-03-2025T17:01:50 - [TEST_STEP][PASSED] - page = page.substring(page.indexOf("_") + 1, page.length()): null

30-03-2025T17:01:50 - [TEST_STEP][PASSED] - page1 = page.substring(0, page.indexOf("_")): null

30-03-2025T17:01:50 - [TEST_STEP][PASSED] - page1 = page.substring(0, page.indexOf(" ")): null

30-03-2025T17:01:50 - [TEST_STEP][PASSED] - page2 = page.substring(page.indexOf("_") + 1, page.length()): null

30-03-2025T17:01:50 - [TEST_STEP][PASSED] - page2 = page2.substring(0, page.indexOf("_")): null

30-03-2025T17:01:50 - [TEST_STEP][PASSED] - page2 = page2.substring(0, page.indexOf(" ")): null

30-03-2025T17:01:50 - [TEST_STEP][PASSED] - println("page1: " + page1): null

30-03-2025T17:01:50 - [TEST_STEP][PASSED] - println("page2: " + page2): null

30-03-2025T17:01:50 - [TEST_STEP][PASSED] - file = findTestData("PlanFact").getValue(4, a): null

30-03-2025T17:01:50 - [TEST_STEP][PASSED] - file = file.replace(",", "."): null

30-03-2025T17:01:50 - [TEST_STEP][PASSED] - println("file Plan: " + file): null

30-03-2025T17:01:50 - [TEST_STEP][PASSED] - typeOfData = "План в процентах": null

30-03-2025T17:01:50 - [TEST_STEP][PASSED] - fileDouble = file.toDouble(): null

30-03-2025T17:01:50 - [TEST_STEP][PASSED] - pageDouble = page1.toDouble(): null

30-03-2025T17:01:50 - [TEST_STEP][PASSED] - if (fileDouble != pageDouble): null

30-03-2025T17:01:50 - [TEST_STEP][PASSED] - numberOfErrors = numberOfErrors + 1: null

30-03-2025T17:01:50 - [TEST_STEP][PASSED] - Script1718980020443.WriteToExcel(a, typeOfData, todaysDate, pageInt, fileInt, pageDouble, fileDouble, dZO): null

30-03-2025T17:01:50 - [TEST_STEP][PASSED] - sheetName = "Sheet1": null

30-03-2025T17:01:50 - [TEST_STEP][PASSED] - data = findTestData("PlanFact"): null

30-03-2025T17:01:50 - [TEST_STEP][PASSED] - n = data.getRowNumbers() + 1: null

30-03-2025T17:01:50 - [TEST_STEP][PASSED] - day = ")).toInteger(): null

30-03-2025T17:01:50 - [TEST_STEP][PASSED] - println(day): null

30-03-2025T17:01:50 - [TEST_STEP][PASSED] - month = ")).toInteger(): null

30-03-2025T17:01:50 - [TEST_STEP][PASSED] - println(month): null

30-03-2025T17:01:50 - [TEST_STEP][PASSED] - y = <not implemented yet for class: org.codehaus.groovy.ast.expr.EmptyExpression>: null

30-03-2025T17:01:50 - [TEST_STEP][PASSED] - iy = <not implemented yet for class: org.codehaus.groovy.ast.expr.EmptyExpression>: null

30-03-2025T17:01:50 - [TEST_STEP][PASSED] - m = getText(findTestObject("Выполнение бизнес-плана/Период")): Text of object 'Object Repository/Выполнение бизнес-плана/Период' is: 'Январь 2025 года'

30-03-2025T17:01:51 - [MESSAGE][PASSED] - Text of object 'Object Repository/Выполнение бизнес-плана/Период' is: 'Январь 2025 года'

30-03-2025T17:01:51 - [TEST_STEP][PASSED] - iy = m.indexOf("20"): null

30-03-2025T17:01:51 - [TEST_STEP][PASSED] - if (iy > -1): null

30-03-2025T17:01:51 - [TEST_STEP][PASSED] - y = substring(iy, iy + 4).toInteger(): null

30-03-2025T17:01:51 - [TEST_STEP][PASSED] - println(y): null

30-03-2025T17:01:51 - [TEST_STEP][PASSED] - if (toString().length() == 4): null

30-03-2025T17:01:51 - [TEST_STEP][PASSED] - m = m.substring(0, m.indexOf(y.toString())): null

30-03-2025T17:01:51 - [TEST_STEP][PASSED] - m = m.trim(): null

30-03-2025T17:01:51 - [TEST_STEP][PASSED] - if (m == ""): null

30-03-2025T17:01:51 - [TEST_STEP][PASSED] - dashboardName = "Выполнение бизнес-плана": null

30-03-2025T17:01:51 - [TEST_STEP][PASSED] - workbook01 = getWorkbook(excelFilePath): null

30-03-2025T17:01:51 - [TEST_STEP][PASSED] - sheet01 = getExcelSheet(workbook01, sheetName): null

30-03-2025T17:01:51 - [TEST_STEP][PASSED] - setValueToCellByIndex(sheet01, n, 0, dashboardName): null

30-03-2025T17:01:51 - [TEST_STEP][PASSED] - setValueToCellByIndex(sheet01, n, 1, dZO): null

30-03-2025T17:01:51 - [TEST_STEP][PASSED] - setValueToCellByIndex(sheet01, n, 2, typeOfData): null

30-03-2025T17:01:51 - [TEST_STEP][PASSED] - if (typeOfData == "Факт в процентах" || typeOfData == "План в процентах"): null

30-03-2025T17:01:51 - [TEST_STEP][PASSED] - setValueToCellByIndex(sheet01, n, 3, fileDouble): null

30-03-2025T17:01:51 - [TEST_STEP][PASSED] - setValueToCellByIndex(sheet01, n, 4, pageDouble): null

30-03-2025T17:01:51 - [TEST_STEP][PASSED] - setValueToCellByIndex(sheet01, n, 5, m): null

30-03-2025T17:01:51 - [TEST_STEP][PASSED] - setValueToCellByIndex(sheet01, n, 6, y): null

30-03-2025T17:01:51 - [TEST_STEP][PASSED] - setValueToCellByIndex(sheet01, n, 7, todaysDate): null

30-03-2025T17:01:51 - [TEST_STEP][PASSED] - n = n + 1: null

30-03-2025T17:01:51 - [TEST_STEP][PASSED] - saveWorkbook(excelFilePath, workbook01): null

30-03-2025T17:01:51 - [TEST_STEP][PASSED] - file = findTestData("PlanFact").getValue(7, a): null

30-03-2025T17:01:51 - [TEST_STEP][PASSED] - file = file.replace(",", "."): null

30-03-2025T17:01:51 - [TEST_STEP][PASSED] - println("file Fact: " + file): null

30-03-2025T17:01:51 - [TEST_STEP][PASSED] - fileDouble = file.toDouble(): null

30-03-2025T17:01:51 - [TEST_STEP][PASSED] - typeOfData = "Факт в процентах": null

30-03-2025T17:01:51 - [TEST_STEP][PASSED] - fileDouble = file.toDouble(): null

30-03-2025T17:01:51 - [TEST_STEP][PASSED] - pageDouble = page2.toDouble(): null

30-03-2025T17:01:51 - [TEST_STEP][PASSED] - if (fileDouble != pageDouble): null

30-03-2025T17:01:51 - [TEST_STEP][PASSED] - numberOfErrors = numberOfErrors + 1: null

30-03-2025T17:01:51 - [TEST_STEP][PASSED] - Script1718980020443.WriteToExcel(a, typeOfData, todaysDate, pageInt, fileInt, pageDouble, fileDouble, dZO): null

30-03-2025T17:01:51 - [TEST_STEP][PASSED] - sheetName = "Sheet1": null

30-03-2025T17:01:51 - [TEST_STEP][PASSED] - data = findTestData("PlanFact"): null

30-03-2025T17:01:51 - [TEST_STEP][PASSED] - n = data.getRowNumbers() + 1: null

30-03-2025T17:01:51 - [TEST_STEP][PASSED] - day = ")).toInteger(): null

30-03-2025T17:01:51 - [TEST_STEP][PASSED] - println(day): null

30-03-2025T17:01:51 - [TEST_STEP][PASSED] - month = ")).toInteger(): null

30-03-2025T17:01:51 - [TEST_STEP][PASSED] - println(month): null

30-03-2025T17:01:51 - [TEST_STEP][PASSED] - y = <not implemented yet for class: org.codehaus.groovy.ast.expr.EmptyExpression>: null

30-03-2025T17:01:51 - [TEST_STEP][PASSED] - iy = <not implemented yet for class: org.codehaus.groovy.ast.expr.EmptyExpression>: null

30-03-2025T17:01:51 - [TEST_STEP][PASSED] - m = getText(findTestObject("Выполнение бизнес-плана/Период")): Text of object 'Object Repository/Выполнение бизнес-плана/Период' is: 'Январь 2025 года'

30-03-2025T17:01:51 - [MESSAGE][PASSED] - Text of object 'Object Repository/Выполнение бизнес-плана/Период' is: 'Январь 2025 года'

30-03-2025T17:01:51 - [TEST_STEP][PASSED] - iy = m.indexOf("20"): null

30-03-2025T17:01:51 - [TEST_STEP][PASSED] - if (iy > -1): null

30-03-2025T17:01:51 - [TEST_STEP][PASSED] - y = substring(iy, iy + 4).toInteger(): null

30-03-2025T17:01:51 - [TEST_STEP][PASSED] - println(y): null

30-03-2025T17:01:51 - [TEST_STEP][PASSED] - if (toString().length() == 4): null

30-03-2025T17:01:51 - [TEST_STEP][PASSED] - m = m.substring(0, m.indexOf(y.toString())): null

30-03-2025T17:01:51 - [TEST_STEP][PASSED] - m = m.trim(): null

30-03-2025T17:01:51 - [TEST_STEP][PASSED] - if (m == ""): null

30-03-2025T17:01:51 - [TEST_STEP][PASSED] - dashboardName = "Выполнение бизнес-плана": null

30-03-2025T17:01:51 - [TEST_STEP][PASSED] - workbook01 = getWorkbook(excelFilePath): null

30-03-2025T17:01:51 - [TEST_STEP][PASSED] - sheet01 = getExcelSheet(workbook01, sheetName): null

30-03-2025T17:01:51 - [TEST_STEP][PASSED] - setValueToCellByIndex(sheet01, n, 0, dashboardName): null

30-03-2025T17:01:51 - [TEST_STEP][PASSED] - setValueToCellByIndex(sheet01, n, 1, dZO): null

30-03-2025T17:01:51 - [TEST_STEP][PASSED] - setValueToCellByIndex(sheet01, n, 2, typeOfData): null

30-03-2025T17:01:51 - [TEST_STEP][PASSED] - if (typeOfData == "Факт в процентах" || typeOfData == "План в процентах"): null

30-03-2025T17:01:51 - [TEST_STEP][PASSED] - setValueToCellByIndex(sheet01, n, 3, fileDouble): null

30-03-2025T17:01:51 - [TEST_STEP][PASSED] - setValueToCellByIndex(sheet01, n, 4, pageDouble): null

30-03-2025T17:01:51 - [TEST_STEP][PASSED] - setValueToCellByIndex(sheet01, n, 5, m): null

30-03-2025T17:01:51 - [TEST_STEP][PASSED] - setValueToCellByIndex(sheet01, n, 6, y): null

30-03-2025T17:01:51 - [TEST_STEP][PASSED] - setValueToCellByIndex(sheet01, n, 7, todaysDate): null

30-03-2025T17:01:51 - [TEST_STEP][PASSED] - n = n + 1: null

30-03-2025T17:01:51 - [TEST_STEP][PASSED] - saveWorkbook(excelFilePath, workbook01): null

30-03-2025T17:01:52 - [TEST_STEP][FAILED] - if (verifyEqual(numberOfErrors, 0) == false): null

30-03-2025T17:01:52 - [MESSAGE][FAILED] - Unable to verify equal between actual object '6' and expected object '0' (Root cause: com.kms.katalon.core.exception.StepFailedException: Actual object '6' and expected object '0' are not equal
	at com.kms.katalon.core.keyword.builtin.VerifyEqualKeyword$_verifyEqual_closure1.doCall(VerifyEqualKeyword.groovy:58)
	at com.kms.katalon.core.keyword.builtin.VerifyEqualKeyword$_verifyEqual_closure1.call(VerifyEqualKeyword.groovy)
	at com.kms.katalon.core.keyword.internal.KeywordMain.runKeyword(KeywordMain.groovy:75)
	at com.kms.katalon.core.keyword.builtin.VerifyEqualKeyword.verifyEqual(VerifyEqualKeyword.groovy:63)
	at com.kms.katalon.core.keyword.builtin.VerifyEqualKeyword.execute(VerifyEqualKeyword.groovy:44)
	at com.kms.katalon.core.keyword.internal.KeywordExecutor.executeKeywordForPlatform(KeywordExecutor.groovy:74)
	at com.kms.katalon.core.keyword.BuiltinKeywords.verifyEqual(BuiltinKeywords.groovy:146)
	at jdk.internal.reflect.GeneratedMethodAccessor22.invoke(Unknown Source)
	at java.base/jdk.internal.reflect.DelegatingMethodAccessorImpl.invoke(DelegatingMethodAccessorImpl.java:43)
	at Выполнение бизнес-плана Сверка ПАО Россети все филиалы.Numbers(Выполнение бизнес-плана Сверка ПАО Россети все филиалы:744)
	at Выполнение бизнес-плана Сверка ПАО Россети все филиалы.run(Выполнение бизнес-плана Сверка ПАО Россети все филиалы:194)
	at com.kms.katalon.core.main.ScriptEngine.run(ScriptEngine.java:194)
	at com.kms.katalon.core.main.ScriptEngine.runScriptAsRawText(ScriptEngine.java:119)
	at com.kms.katalon.core.main.TestCaseExecutor.runScript(TestCaseExecutor.java:448)
	at com.kms.katalon.core.main.TestCaseExecutor.doExecute(TestCaseExecutor.java:439)
	at com.kms.katalon.core.main.TestCaseExecutor.processExecutionPhase(TestCaseExecutor.java:418)
	at com.kms.katalon.core.main.TestCaseExecutor.accessMainPhase(TestCaseExecutor.java:410)
	at com.kms.katalon.core.main.TestCaseExecutor.execute(TestCaseExecutor.java:285)
	at com.kms.katalon.core.common.CommonExecutor.accessTestCaseMainPhase(CommonExecutor.java:65)
	at com.kms.katalon.core.main.TestSuiteExecutor.accessTestSuiteMainPhase(TestSuiteExecutor.java:150)
	at com.kms.katalon.core.main.TestSuiteExecutor.execute(TestSuiteExecutor.java:106)
	at com.kms.katalon.core.main.TestCaseMain.startTestSuite(TestCaseMain.java:180)
	at TempTestSuite1743336560690.run(TempTestSuite1743336560690.groovy:35)
	at java.base/jdk.internal.reflect.NativeMethodAccessorImpl.invoke0(Native Method)
	at java.base/jdk.internal.reflect.NativeMethodAccessorImpl.invoke(NativeMethodAccessorImpl.java:77)
	at java.base/jdk.internal.reflect.DelegatingMethodAccessorImpl.invoke(DelegatingMethodAccessorImpl.java:43)
)

30-03-2025T17:01:52 - [TEST_STEP][PASSED] - println(numberOfErrors): null

30-03-2025T17:01:52 - [TEST_STEP][PASSED] - println("a=" + a): null

30-03-2025T17:01:52 - [TEST_STEP][PASSED] - if (a == 28 || a == 77 || a == 74 || a == 65 || a == 36 || a == 44 || a == 54 || a == 1 || a == 18 || a == 59): null

30-03-2025T17:01:52 - [TEST_STEP][PASSED] - if (a == 82): null

30-03-2025T17:01:52 - [TEST_STEP][PASSED] - Script1718980020443.OpenFilter(): null

30-03-2025T17:01:52 - [TEST_STEP][PASSED] - click(findTestObject("Object Repository/Выполнение бизнес-плана/Фильтр ДЗО")): Object: 'Object Repository/Выполнение бизнес-плана/Фильтр ДЗО' is clicked on

30-03-2025T17:01:52 - [MESSAGE][PASSED] - Object: 'Object Repository/Выполнение бизнес-плана/Фильтр ДЗО' is clicked on

30-03-2025T17:01:52 - [TEST_STEP][PASSED] - click(findTestObject("Выполнение бизнес-плана/Снять выделение в фильтре ДЗО")): null

30-03-2025T17:01:53 - [MESSAGE][PASSED] - Object: 'Object Repository/Выполнение бизнес-плана/Снять выделение в фильтре ДЗО' is clicked on

30-03-2025T17:01:53 - [TEST_STEP][PASSED] - Script1718980020443.CloseFilter(): null

30-03-2025T17:01:53 - [TEST_STEP][PASSED] - scrollToElement(findTestObject("Выполнение бизнес-плана/Заголовок дашборда"), 30): Scroll to object 'Object Repository/Выполнение бизнес-плана/Заголовок дашборда' successfully

30-03-2025T17:01:53 - [MESSAGE][PASSED] - Scroll to object 'Object Repository/Выполнение бизнес-плана/Заголовок дашборда' successfully

30-03-2025T17:01:53 - [TEST_STEP][PASSED] - click(findTestObject("Object Repository/Выполнение бизнес-плана/Применить в фильтре ДЗО")): null

30-03-2025T17:01:54 - [MESSAGE][PASSED] - Object: 'Object Repository/Выполнение бизнес-плана/Применить в фильтре ДЗО' is clicked on

30-03-2025T17:01:54 - [TEST_STEP][PASSED] - delay(20): Delayed 20 second(s)

30-03-2025T17:02:14 - [MESSAGE][PASSED] - Delayed 20 second(s)

30-03-2025T17:02:14 - [TEST_STEP][PASSED] - dZO = "АО «Тываэнерго»": null

30-03-2025T17:02:14 - [TEST_STEP][PASSED] - a = 52: null

30-03-2025T17:02:14 - [TEST_STEP][PASSED] - if (x1.contains("Тываэнерго")): null

30-03-2025T17:02:14 - [TEST_STEP][PASSED] - else: null

30-03-2025T17:02:14 - [TEST_STEP][PASSED] - Script1718980020443.NoData(a, typeOfData, todaysDate, fileInt, fileDouble, dZO): null

30-03-2025T17:02:14 - [TEST_STEP][PASSED] - println(a): null

30-03-2025T17:02:14 - [TEST_STEP][PASSED] - println(todaysDate): null

30-03-2025T17:02:14 - [TEST_STEP][PASSED] - println(fileInt): null

30-03-2025T17:02:14 - [TEST_STEP][PASSED] - println(fileDouble): null

30-03-2025T17:02:14 - [TEST_STEP][PASSED] - println(dZO): null

30-03-2025T17:02:14 - [TEST_STEP][PASSED] - typeOfData = "Факт Отпуск в сеть": null

30-03-2025T17:02:14 - [TEST_STEP][PASSED] - fileInt = replaceAll("\s+", "").toInteger(): null

30-03-2025T17:02:14 - [TEST_STEP][PASSED] - Script1718980020443.WriteToExcelNoData(a, typeOfData, todaysDate, fileInt, fileDouble, dZO): null

30-03-2025T17:02:14 - [TEST_STEP][PASSED] - sheetName = "Sheet1": null

30-03-2025T17:02:14 - [TEST_STEP][PASSED] - data = findTestData("PlanFact"): null

30-03-2025T17:02:14 - [TEST_STEP][PASSED] - n = data.getRowNumbers() + 1: null

30-03-2025T17:02:14 - [TEST_STEP][PASSED] - day = ")).toInteger(): null

30-03-2025T17:02:14 - [TEST_STEP][PASSED] - println(day): null

30-03-2025T17:02:14 - [TEST_STEP][PASSED] - month = ")).toInteger(): null

30-03-2025T17:02:14 - [TEST_STEP][PASSED] - println(month): null

30-03-2025T17:02:14 - [TEST_STEP][PASSED] - y = <not implemented yet for class: org.codehaus.groovy.ast.expr.EmptyExpression>: null

30-03-2025T17:02:14 - [TEST_STEP][PASSED] - iy = <not implemented yet for class: org.codehaus.groovy.ast.expr.EmptyExpression>: null

30-03-2025T17:02:14 - [TEST_STEP][PASSED] - m = getText(findTestObject("Выполнение бизнес-плана/Период")): Text of object 'Object Repository/Выполнение бизнес-плана/Период' is: 'Январь 2025 года'

30-03-2025T17:02:14 - [MESSAGE][PASSED] - Text of object 'Object Repository/Выполнение бизнес-плана/Период' is: 'Январь 2025 года'

30-03-2025T17:02:14 - [TEST_STEP][PASSED] - iy = m.indexOf("20"): null

30-03-2025T17:02:14 - [TEST_STEP][PASSED] - if (iy > -1): null

30-03-2025T17:02:14 - [TEST_STEP][PASSED] - y = substring(iy, iy + 4).toInteger(): null

30-03-2025T17:02:14 - [TEST_STEP][PASSED] - println(y): null

30-03-2025T17:02:14 - [TEST_STEP][PASSED] - if (toString().length() == 4): null

30-03-2025T17:02:14 - [TEST_STEP][PASSED] - m = m.substring(0, m.indexOf(y.toString())): null

30-03-2025T17:02:14 - [TEST_STEP][PASSED] - m = m.trim(): null

30-03-2025T17:02:14 - [TEST_STEP][PASSED] - if (m == ""): null

30-03-2025T17:02:14 - [TEST_STEP][PASSED] - dashboardName = "Выполнение бизнес-плана": null

30-03-2025T17:02:14 - [TEST_STEP][PASSED] - workbook01 = getWorkbook(excelFilePath): null

30-03-2025T17:02:14 - [TEST_STEP][PASSED] - sheet01 = getExcelSheet(workbook01, sheetName): null

30-03-2025T17:02:14 - [TEST_STEP][PASSED] - setValueToCellByIndex(sheet01, n, 0, dashboardName): null

30-03-2025T17:02:14 - [TEST_STEP][PASSED] - setValueToCellByIndex(sheet01, n, 1, dZO): null

30-03-2025T17:02:14 - [TEST_STEP][PASSED] - setValueToCellByIndex(sheet01, n, 2, typeOfData): null

30-03-2025T17:02:14 - [TEST_STEP][PASSED] - if (typeOfData == "Факт в процентах" || typeOfData == "План в процентах"): null

30-03-2025T17:02:14 - [TEST_STEP][PASSED] - else: null

30-03-2025T17:02:14 - [TEST_STEP][PASSED] - setValueToCellByIndex(sheet01, n, 3, fileInt): null

30-03-2025T17:02:14 - [TEST_STEP][PASSED] - setValueToCellByIndex(sheet01, n, 4, "нет данных"): null

30-03-2025T17:02:14 - [TEST_STEP][PASSED] - setValueToCellByIndex(sheet01, n, 5, m): null

30-03-2025T17:02:14 - [TEST_STEP][PASSED] - setValueToCellByIndex(sheet01, n, 6, y): null

30-03-2025T17:02:14 - [TEST_STEP][PASSED] - setValueToCellByIndex(sheet01, n, 7, todaysDate): null

30-03-2025T17:02:14 - [TEST_STEP][PASSED] - n = n + 1: null

30-03-2025T17:02:14 - [TEST_STEP][PASSED] - saveWorkbook(excelFilePath, workbook01): null

30-03-2025T17:02:14 - [TEST_STEP][PASSED] - typeOfData = "Факт Потери": null

30-03-2025T17:02:14 - [TEST_STEP][PASSED] - fileInt = replaceAll("\s+", "").toInteger(): null

30-03-2025T17:02:14 - [TEST_STEP][PASSED] - Script1718980020443.WriteToExcelNoData(a, typeOfData, todaysDate, fileInt, fileDouble, dZO): null

30-03-2025T17:02:14 - [TEST_STEP][PASSED] - sheetName = "Sheet1": null

30-03-2025T17:02:14 - [TEST_STEP][PASSED] - data = findTestData("PlanFact"): null

30-03-2025T17:02:15 - [TEST_STEP][PASSED] - n = data.getRowNumbers() + 1: null

30-03-2025T17:02:15 - [TEST_STEP][PASSED] - day = ")).toInteger(): null

30-03-2025T17:02:15 - [TEST_STEP][PASSED] - println(day): null

30-03-2025T17:02:15 - [TEST_STEP][PASSED] - month = ")).toInteger(): null

30-03-2025T17:02:15 - [TEST_STEP][PASSED] - println(month): null

30-03-2025T17:02:15 - [TEST_STEP][PASSED] - y = <not implemented yet for class: org.codehaus.groovy.ast.expr.EmptyExpression>: null

30-03-2025T17:02:15 - [TEST_STEP][PASSED] - iy = <not implemented yet for class: org.codehaus.groovy.ast.expr.EmptyExpression>: null

30-03-2025T17:02:15 - [TEST_STEP][PASSED] - m = getText(findTestObject("Выполнение бизнес-плана/Период")): Text of object 'Object Repository/Выполнение бизнес-плана/Период' is: 'Январь 2025 года'

30-03-2025T17:02:15 - [MESSAGE][PASSED] - Text of object 'Object Repository/Выполнение бизнес-плана/Период' is: 'Январь 2025 года'

30-03-2025T17:02:15 - [TEST_STEP][PASSED] - iy = m.indexOf("20"): null

30-03-2025T17:02:15 - [TEST_STEP][PASSED] - if (iy > -1): null

30-03-2025T17:02:15 - [TEST_STEP][PASSED] - y = substring(iy, iy + 4).toInteger(): null

30-03-2025T17:02:15 - [TEST_STEP][PASSED] - println(y): null

30-03-2025T17:02:15 - [TEST_STEP][PASSED] - if (toString().length() == 4): null

30-03-2025T17:02:15 - [TEST_STEP][PASSED] - m = m.substring(0, m.indexOf(y.toString())): null

30-03-2025T17:02:15 - [TEST_STEP][PASSED] - m = m.trim(): null

30-03-2025T17:02:15 - [TEST_STEP][PASSED] - if (m == ""): null

30-03-2025T17:02:15 - [TEST_STEP][PASSED] - dashboardName = "Выполнение бизнес-плана": null

30-03-2025T17:02:15 - [TEST_STEP][PASSED] - workbook01 = getWorkbook(excelFilePath): null

30-03-2025T17:02:15 - [TEST_STEP][PASSED] - sheet01 = getExcelSheet(workbook01, sheetName): null

30-03-2025T17:02:15 - [TEST_STEP][PASSED] - setValueToCellByIndex(sheet01, n, 0, dashboardName): null

30-03-2025T17:02:15 - [TEST_STEP][PASSED] - setValueToCellByIndex(sheet01, n, 1, dZO): null

30-03-2025T17:02:15 - [TEST_STEP][PASSED] - setValueToCellByIndex(sheet01, n, 2, typeOfData): null

30-03-2025T17:02:15 - [TEST_STEP][PASSED] - if (typeOfData == "Факт в процентах" || typeOfData == "План в процентах"): null

30-03-2025T17:02:15 - [TEST_STEP][PASSED] - else: null

30-03-2025T17:02:15 - [TEST_STEP][PASSED] - setValueToCellByIndex(sheet01, n, 3, fileInt): null

30-03-2025T17:02:15 - [TEST_STEP][PASSED] - setValueToCellByIndex(sheet01, n, 4, "нет данных"): null

30-03-2025T17:02:15 - [TEST_STEP][PASSED] - setValueToCellByIndex(sheet01, n, 5, m): null

30-03-2025T17:02:15 - [TEST_STEP][PASSED] - setValueToCellByIndex(sheet01, n, 6, y): null

30-03-2025T17:02:15 - [TEST_STEP][PASSED] - setValueToCellByIndex(sheet01, n, 7, todaysDate): null

30-03-2025T17:02:15 - [TEST_STEP][PASSED] - n = n + 1: null

30-03-2025T17:02:15 - [TEST_STEP][PASSED] - saveWorkbook(excelFilePath, workbook01): null

30-03-2025T17:02:15 - [TEST_STEP][PASSED] - typeOfData = "План Отпуск в сеть": null

30-03-2025T17:02:15 - [TEST_STEP][PASSED] - fileInt = replaceAll("\s+", "").toInteger(): null

30-03-2025T17:02:15 - [TEST_STEP][PASSED] - Script1718980020443.WriteToExcelNoData(a, typeOfData, todaysDate, fileInt, fileDouble, dZO): null

30-03-2025T17:02:15 - [TEST_STEP][PASSED] - sheetName = "Sheet1": null

30-03-2025T17:02:15 - [TEST_STEP][PASSED] - data = findTestData("PlanFact"): null

30-03-2025T17:02:15 - [TEST_STEP][PASSED] - n = data.getRowNumbers() + 1: null

30-03-2025T17:02:15 - [TEST_STEP][PASSED] - day = ")).toInteger(): null

30-03-2025T17:02:15 - [TEST_STEP][PASSED] - println(day): null

30-03-2025T17:02:15 - [TEST_STEP][PASSED] - month = ")).toInteger(): null

30-03-2025T17:02:15 - [TEST_STEP][PASSED] - println(month): null

30-03-2025T17:02:15 - [TEST_STEP][PASSED] - y = <not implemented yet for class: org.codehaus.groovy.ast.expr.EmptyExpression>: null

30-03-2025T17:02:15 - [TEST_STEP][PASSED] - iy = <not implemented yet for class: org.codehaus.groovy.ast.expr.EmptyExpression>: null

30-03-2025T17:02:15 - [TEST_STEP][PASSED] - m = getText(findTestObject("Выполнение бизнес-плана/Период")): Text of object 'Object Repository/Выполнение бизнес-плана/Период' is: 'Январь 2025 года'

30-03-2025T17:02:16 - [MESSAGE][PASSED] - Text of object 'Object Repository/Выполнение бизнес-плана/Период' is: 'Январь 2025 года'

30-03-2025T17:02:16 - [TEST_STEP][PASSED] - iy = m.indexOf("20"): null

30-03-2025T17:02:16 - [TEST_STEP][PASSED] - if (iy > -1): null

30-03-2025T17:02:16 - [TEST_STEP][PASSED] - y = substring(iy, iy + 4).toInteger(): null

30-03-2025T17:02:16 - [TEST_STEP][PASSED] - println(y): null

30-03-2025T17:02:16 - [TEST_STEP][PASSED] - if (toString().length() == 4): null

30-03-2025T17:02:16 - [TEST_STEP][PASSED] - m = m.substring(0, m.indexOf(y.toString())): null

30-03-2025T17:02:16 - [TEST_STEP][PASSED] - m = m.trim(): null

30-03-2025T17:02:16 - [TEST_STEP][PASSED] - if (m == ""): null

30-03-2025T17:02:16 - [TEST_STEP][PASSED] - dashboardName = "Выполнение бизнес-плана": null

30-03-2025T17:02:16 - [TEST_STEP][PASSED] - workbook01 = getWorkbook(excelFilePath): null

30-03-2025T17:02:16 - [TEST_STEP][PASSED] - sheet01 = getExcelSheet(workbook01, sheetName): null

30-03-2025T17:02:16 - [TEST_STEP][PASSED] - setValueToCellByIndex(sheet01, n, 0, dashboardName): null

30-03-2025T17:02:16 - [TEST_STEP][PASSED] - setValueToCellByIndex(sheet01, n, 1, dZO): null

30-03-2025T17:02:16 - [TEST_STEP][PASSED] - setValueToCellByIndex(sheet01, n, 2, typeOfData): null

30-03-2025T17:02:16 - [TEST_STEP][PASSED] - if (typeOfData == "Факт в процентах" || typeOfData == "План в процентах"): null

30-03-2025T17:02:16 - [TEST_STEP][PASSED] - else: null

30-03-2025T17:02:16 - [TEST_STEP][PASSED] - setValueToCellByIndex(sheet01, n, 3, fileInt): null

30-03-2025T17:02:16 - [TEST_STEP][PASSED] - setValueToCellByIndex(sheet01, n, 4, "нет данных"): null

30-03-2025T17:02:16 - [TEST_STEP][PASSED] - setValueToCellByIndex(sheet01, n, 5, m): null

30-03-2025T17:02:16 - [TEST_STEP][PASSED] - setValueToCellByIndex(sheet01, n, 6, y): null

30-03-2025T17:02:16 - [TEST_STEP][PASSED] - setValueToCellByIndex(sheet01, n, 7, todaysDate): null

30-03-2025T17:02:16 - [TEST_STEP][PASSED] - n = n + 1: null

30-03-2025T17:02:16 - [TEST_STEP][PASSED] - saveWorkbook(excelFilePath, workbook01): null

30-03-2025T17:02:16 - [TEST_STEP][PASSED] - typeOfData = "План Потери": null

30-03-2025T17:02:16 - [TEST_STEP][PASSED] - fileInt = replaceAll("\s+", "").toInteger(): null

30-03-2025T17:02:16 - [TEST_STEP][PASSED] - Script1718980020443.WriteToExcelNoData(a, typeOfData, todaysDate, fileInt, fileDouble, dZO): null

30-03-2025T17:02:16 - [TEST_STEP][PASSED] - sheetName = "Sheet1": null

30-03-2025T17:02:16 - [TEST_STEP][PASSED] - data = findTestData("PlanFact"): null

30-03-2025T17:02:16 - [TEST_STEP][PASSED] - n = data.getRowNumbers() + 1: null

30-03-2025T17:02:16 - [TEST_STEP][PASSED] - day = ")).toInteger(): null

30-03-2025T17:02:16 - [TEST_STEP][PASSED] - println(day): null

30-03-2025T17:02:16 - [TEST_STEP][PASSED] - month = ")).toInteger(): null

30-03-2025T17:02:16 - [TEST_STEP][PASSED] - println(month): null

30-03-2025T17:02:16 - [TEST_STEP][PASSED] - y = <not implemented yet for class: org.codehaus.groovy.ast.expr.EmptyExpression>: null

30-03-2025T17:02:16 - [TEST_STEP][PASSED] - iy = <not implemented yet for class: org.codehaus.groovy.ast.expr.EmptyExpression>: null

30-03-2025T17:02:16 - [TEST_STEP][PASSED] - m = getText(findTestObject("Выполнение бизнес-плана/Период")): Text of object 'Object Repository/Выполнение бизнес-плана/Период' is: 'Январь 2025 года'

30-03-2025T17:02:16 - [MESSAGE][PASSED] - Text of object 'Object Repository/Выполнение бизнес-плана/Период' is: 'Январь 2025 года'

30-03-2025T17:02:16 - [TEST_STEP][PASSED] - iy = m.indexOf("20"): null

30-03-2025T17:02:16 - [TEST_STEP][PASSED] - if (iy > -1): null

30-03-2025T17:02:16 - [TEST_STEP][PASSED] - y = substring(iy, iy + 4).toInteger(): null

30-03-2025T17:02:16 - [TEST_STEP][PASSED] - println(y): null

30-03-2025T17:02:16 - [TEST_STEP][PASSED] - if (toString().length() == 4): null

30-03-2025T17:02:16 - [TEST_STEP][PASSED] - m = m.substring(0, m.indexOf(y.toString())): null

30-03-2025T17:02:16 - [TEST_STEP][PASSED] - m = m.trim(): null

30-03-2025T17:02:16 - [TEST_STEP][PASSED] - if (m == ""): null

30-03-2025T17:02:16 - [TEST_STEP][PASSED] - dashboardName = "Выполнение бизнес-плана": null

30-03-2025T17:02:16 - [TEST_STEP][PASSED] - workbook01 = getWorkbook(excelFilePath): null

30-03-2025T17:02:16 - [TEST_STEP][PASSED] - sheet01 = getExcelSheet(workbook01, sheetName): null

30-03-2025T17:02:16 - [TEST_STEP][PASSED] - setValueToCellByIndex(sheet01, n, 0, dashboardName): null

30-03-2025T17:02:16 - [TEST_STEP][PASSED] - setValueToCellByIndex(sheet01, n, 1, dZO): null

30-03-2025T17:02:16 - [TEST_STEP][PASSED] - setValueToCellByIndex(sheet01, n, 2, typeOfData): null

30-03-2025T17:02:16 - [TEST_STEP][PASSED] - if (typeOfData == "Факт в процентах" || typeOfData == "План в процентах"): null

30-03-2025T17:02:16 - [TEST_STEP][PASSED] - else: null

30-03-2025T17:02:16 - [TEST_STEP][PASSED] - setValueToCellByIndex(sheet01, n, 3, fileInt): null

30-03-2025T17:02:16 - [TEST_STEP][PASSED] - setValueToCellByIndex(sheet01, n, 4, "нет данных"): null

30-03-2025T17:02:16 - [TEST_STEP][PASSED] - setValueToCellByIndex(sheet01, n, 5, m): null

30-03-2025T17:02:16 - [TEST_STEP][PASSED] - setValueToCellByIndex(sheet01, n, 6, y): null

30-03-2025T17:02:16 - [TEST_STEP][PASSED] - setValueToCellByIndex(sheet01, n, 7, todaysDate): null

30-03-2025T17:02:16 - [TEST_STEP][PASSED] - n = n + 1: null

30-03-2025T17:02:16 - [TEST_STEP][PASSED] - saveWorkbook(excelFilePath, workbook01): null

30-03-2025T17:02:17 - [TEST_STEP][PASSED] - typeOfData = "План в процентах": null

30-03-2025T17:02:17 - [TEST_STEP][PASSED] - fileDouble = ").toDouble(): null

30-03-2025T17:02:17 - [TEST_STEP][PASSED] - Script1718980020443.WriteToExcelNoData(a, typeOfData, todaysDate, fileInt, fileDouble, dZO): null

30-03-2025T17:02:17 - [TEST_STEP][PASSED] - sheetName = "Sheet1": null

30-03-2025T17:02:17 - [TEST_STEP][PASSED] - data = findTestData("PlanFact"): null

30-03-2025T17:02:17 - [TEST_STEP][PASSED] - n = data.getRowNumbers() + 1: null

30-03-2025T17:02:17 - [TEST_STEP][PASSED] - day = ")).toInteger(): null

30-03-2025T17:02:17 - [TEST_STEP][PASSED] - println(day): null

30-03-2025T17:02:17 - [TEST_STEP][PASSED] - month = ")).toInteger(): null

30-03-2025T17:02:17 - [TEST_STEP][PASSED] - println(month): null

30-03-2025T17:02:17 - [TEST_STEP][PASSED] - y = <not implemented yet for class: org.codehaus.groovy.ast.expr.EmptyExpression>: null

30-03-2025T17:02:17 - [TEST_STEP][PASSED] - iy = <not implemented yet for class: org.codehaus.groovy.ast.expr.EmptyExpression>: null

30-03-2025T17:02:17 - [TEST_STEP][PASSED] - m = getText(findTestObject("Выполнение бизнес-плана/Период")): Text of object 'Object Repository/Выполнение бизнес-плана/Период' is: 'Январь 2025 года'

30-03-2025T17:02:17 - [MESSAGE][PASSED] - Text of object 'Object Repository/Выполнение бизнес-плана/Период' is: 'Январь 2025 года'

30-03-2025T17:02:17 - [TEST_STEP][PASSED] - iy = m.indexOf("20"): null

30-03-2025T17:02:17 - [TEST_STEP][PASSED] - if (iy > -1): null

30-03-2025T17:02:17 - [TEST_STEP][PASSED] - y = substring(iy, iy + 4).toInteger(): null

30-03-2025T17:02:17 - [TEST_STEP][PASSED] - println(y): null

30-03-2025T17:02:17 - [TEST_STEP][PASSED] - if (toString().length() == 4): null

30-03-2025T17:02:17 - [TEST_STEP][PASSED] - m = m.substring(0, m.indexOf(y.toString())): null

30-03-2025T17:02:17 - [TEST_STEP][PASSED] - m = m.trim(): null

30-03-2025T17:02:17 - [TEST_STEP][PASSED] - if (m == ""): null

30-03-2025T17:02:17 - [TEST_STEP][PASSED] - dashboardName = "Выполнение бизнес-плана": null

30-03-2025T17:02:17 - [TEST_STEP][PASSED] - workbook01 = getWorkbook(excelFilePath): null

30-03-2025T17:02:17 - [TEST_STEP][PASSED] - sheet01 = getExcelSheet(workbook01, sheetName): null

30-03-2025T17:02:17 - [TEST_STEP][PASSED] - setValueToCellByIndex(sheet01, n, 0, dashboardName): null

30-03-2025T17:02:17 - [TEST_STEP][PASSED] - setValueToCellByIndex(sheet01, n, 1, dZO): null

30-03-2025T17:02:17 - [TEST_STEP][PASSED] - setValueToCellByIndex(sheet01, n, 2, typeOfData): null

30-03-2025T17:02:17 - [TEST_STEP][PASSED] - if (typeOfData == "Факт в процентах" || typeOfData == "План в процентах"): null

30-03-2025T17:02:17 - [TEST_STEP][PASSED] - setValueToCellByIndex(sheet01, n, 3, fileDouble): null

30-03-2025T17:02:17 - [TEST_STEP][PASSED] - setValueToCellByIndex(sheet01, n, 4, "нет данных"): null

30-03-2025T17:02:17 - [TEST_STEP][PASSED] - setValueToCellByIndex(sheet01, n, 5, m): null

30-03-2025T17:02:17 - [TEST_STEP][PASSED] - setValueToCellByIndex(sheet01, n, 6, y): null

30-03-2025T17:02:17 - [TEST_STEP][PASSED] - setValueToCellByIndex(sheet01, n, 7, todaysDate): null

30-03-2025T17:02:17 - [TEST_STEP][PASSED] - n = n + 1: null

30-03-2025T17:02:17 - [TEST_STEP][PASSED] - saveWorkbook(excelFilePath, workbook01): null

30-03-2025T17:02:17 - [TEST_STEP][PASSED] - typeOfData = "Факт в процентах": null

30-03-2025T17:02:17 - [TEST_STEP][PASSED] - fileDouble = ").toDouble(): null

30-03-2025T17:02:17 - [TEST_STEP][PASSED] - Script1718980020443.WriteToExcelNoData(a, typeOfData, todaysDate, fileInt, fileDouble, dZO): null

30-03-2025T17:02:17 - [TEST_STEP][PASSED] - sheetName = "Sheet1": null

30-03-2025T17:02:17 - [TEST_STEP][PASSED] - data = findTestData("PlanFact"): null

30-03-2025T17:02:17 - [TEST_STEP][PASSED] - n = data.getRowNumbers() + 1: null

30-03-2025T17:02:17 - [TEST_STEP][PASSED] - day = ")).toInteger(): null

30-03-2025T17:02:17 - [TEST_STEP][PASSED] - println(day): null

30-03-2025T17:02:17 - [TEST_STEP][PASSED] - month = ")).toInteger(): null

30-03-2025T17:02:17 - [TEST_STEP][PASSED] - println(month): null

30-03-2025T17:02:17 - [TEST_STEP][PASSED] - y = <not implemented yet for class: org.codehaus.groovy.ast.expr.EmptyExpression>: null

30-03-2025T17:02:17 - [TEST_STEP][PASSED] - iy = <not implemented yet for class: org.codehaus.groovy.ast.expr.EmptyExpression>: null

30-03-2025T17:02:17 - [TEST_STEP][PASSED] - m = getText(findTestObject("Выполнение бизнес-плана/Период")): Text of object 'Object Repository/Выполнение бизнес-плана/Период' is: 'Январь 2025 года'

30-03-2025T17:02:18 - [MESSAGE][PASSED] - Text of object 'Object Repository/Выполнение бизнес-плана/Период' is: 'Январь 2025 года'

30-03-2025T17:02:18 - [TEST_STEP][PASSED] - iy = m.indexOf("20"): null

30-03-2025T17:02:18 - [TEST_STEP][PASSED] - if (iy > -1): null

30-03-2025T17:02:18 - [TEST_STEP][PASSED] - y = substring(iy, iy + 4).toInteger(): null

30-03-2025T17:02:18 - [TEST_STEP][PASSED] - println(y): null

30-03-2025T17:02:18 - [TEST_STEP][PASSED] - if (toString().length() == 4): null

30-03-2025T17:02:18 - [TEST_STEP][PASSED] - m = m.substring(0, m.indexOf(y.toString())): null

30-03-2025T17:02:18 - [TEST_STEP][PASSED] - m = m.trim(): null

30-03-2025T17:02:18 - [TEST_STEP][PASSED] - if (m == ""): null

30-03-2025T17:02:18 - [TEST_STEP][PASSED] - dashboardName = "Выполнение бизнес-плана": null

30-03-2025T17:02:18 - [TEST_STEP][PASSED] - workbook01 = getWorkbook(excelFilePath): null

30-03-2025T17:02:18 - [TEST_STEP][PASSED] - sheet01 = getExcelSheet(workbook01, sheetName): null

30-03-2025T17:02:18 - [TEST_STEP][PASSED] - setValueToCellByIndex(sheet01, n, 0, dashboardName): null

30-03-2025T17:02:18 - [TEST_STEP][PASSED] - setValueToCellByIndex(sheet01, n, 1, dZO): null

30-03-2025T17:02:18 - [TEST_STEP][PASSED] - setValueToCellByIndex(sheet01, n, 2, typeOfData): null

30-03-2025T17:02:18 - [TEST_STEP][PASSED] - if (typeOfData == "Факт в процентах" || typeOfData == "План в процентах"): null

30-03-2025T17:02:18 - [TEST_STEP][PASSED] - setValueToCellByIndex(sheet01, n, 3, fileDouble): null

30-03-2025T17:02:18 - [TEST_STEP][PASSED] - setValueToCellByIndex(sheet01, n, 4, "нет данных"): null

30-03-2025T17:02:18 - [TEST_STEP][PASSED] - setValueToCellByIndex(sheet01, n, 5, m): null

30-03-2025T17:02:18 - [TEST_STEP][PASSED] - setValueToCellByIndex(sheet01, n, 6, y): null

30-03-2025T17:02:18 - [TEST_STEP][PASSED] - setValueToCellByIndex(sheet01, n, 7, todaysDate): null

30-03-2025T17:02:18 - [TEST_STEP][PASSED] - n = n + 1: null

30-03-2025T17:02:18 - [TEST_STEP][PASSED] - saveWorkbook(excelFilePath, workbook01): null

30-03-2025T17:02:18 - [TEST_STEP][PASSED] - println(dzoNum): null

30-03-2025T17:02:18 - [TEST_STEP][PASSED] - dZO = "АО «Чеченэнерго»": null

30-03-2025T17:02:18 - [TEST_STEP][PASSED] - a = 72: null

30-03-2025T17:02:18 - [TEST_STEP][PASSED] - if (x1.contains("Чеченэнерго")): null

30-03-2025T17:02:18 - [TEST_STEP][PASSED] - else: null

30-03-2025T17:02:18 - [TEST_STEP][PASSED] - Script1718980020443.NoData(a, typeOfData, todaysDate, fileInt, fileDouble, dZO): null

30-03-2025T17:02:18 - [TEST_STEP][PASSED] - println(a): null

30-03-2025T17:02:18 - [TEST_STEP][PASSED] - println(todaysDate): null

30-03-2025T17:02:18 - [TEST_STEP][PASSED] - println(fileInt): null

30-03-2025T17:02:18 - [TEST_STEP][PASSED] - println(fileDouble): null

30-03-2025T17:02:18 - [TEST_STEP][PASSED] - println(dZO): null

30-03-2025T17:02:18 - [TEST_STEP][PASSED] - typeOfData = "Факт Отпуск в сеть": null

30-03-2025T17:02:18 - [TEST_STEP][PASSED] - fileInt = replaceAll("\s+", "").toInteger(): null

30-03-2025T17:02:18 - [TEST_STEP][PASSED] - Script1718980020443.WriteToExcelNoData(a, typeOfData, todaysDate, fileInt, fileDouble, dZO): null

30-03-2025T17:02:18 - [TEST_STEP][PASSED] - sheetName = "Sheet1": null

30-03-2025T17:02:18 - [TEST_STEP][PASSED] - data = findTestData("PlanFact"): null

30-03-2025T17:02:18 - [TEST_STEP][PASSED] - n = data.getRowNumbers() + 1: null

30-03-2025T17:02:18 - [TEST_STEP][PASSED] - day = ")).toInteger(): null

30-03-2025T17:02:18 - [TEST_STEP][PASSED] - println(day): null

30-03-2025T17:02:18 - [TEST_STEP][PASSED] - month = ")).toInteger(): null

30-03-2025T17:02:18 - [TEST_STEP][PASSED] - println(month): null

30-03-2025T17:02:18 - [TEST_STEP][PASSED] - y = <not implemented yet for class: org.codehaus.groovy.ast.expr.EmptyExpression>: null

30-03-2025T17:02:18 - [TEST_STEP][PASSED] - iy = <not implemented yet for class: org.codehaus.groovy.ast.expr.EmptyExpression>: null

30-03-2025T17:02:18 - [TEST_STEP][PASSED] - m = getText(findTestObject("Выполнение бизнес-плана/Период")): Text of object 'Object Repository/Выполнение бизнес-плана/Период' is: 'Январь 2025 года'

30-03-2025T17:02:18 - [MESSAGE][PASSED] - Text of object 'Object Repository/Выполнение бизнес-плана/Период' is: 'Январь 2025 года'

30-03-2025T17:02:18 - [TEST_STEP][PASSED] - iy = m.indexOf("20"): null

30-03-2025T17:02:18 - [TEST_STEP][PASSED] - if (iy > -1): null

30-03-2025T17:02:18 - [TEST_STEP][PASSED] - y = substring(iy, iy + 4).toInteger(): null

30-03-2025T17:02:18 - [TEST_STEP][PASSED] - println(y): null

30-03-2025T17:02:18 - [TEST_STEP][PASSED] - if (toString().length() == 4): null

30-03-2025T17:02:18 - [TEST_STEP][PASSED] - m = m.substring(0, m.indexOf(y.toString())): null

30-03-2025T17:02:18 - [TEST_STEP][PASSED] - m = m.trim(): null

30-03-2025T17:02:18 - [TEST_STEP][PASSED] - if (m == ""): null

30-03-2025T17:02:18 - [TEST_STEP][PASSED] - dashboardName = "Выполнение бизнес-плана": null

30-03-2025T17:02:18 - [TEST_STEP][PASSED] - workbook01 = getWorkbook(excelFilePath): null

30-03-2025T17:02:19 - [TEST_STEP][PASSED] - sheet01 = getExcelSheet(workbook01, sheetName): null

30-03-2025T17:02:19 - [TEST_STEP][PASSED] - setValueToCellByIndex(sheet01, n, 0, dashboardName): null

30-03-2025T17:02:19 - [TEST_STEP][PASSED] - setValueToCellByIndex(sheet01, n, 1, dZO): null

30-03-2025T17:02:19 - [TEST_STEP][PASSED] - setValueToCellByIndex(sheet01, n, 2, typeOfData): null

30-03-2025T17:02:19 - [TEST_STEP][PASSED] - if (typeOfData == "Факт в процентах" || typeOfData == "План в процентах"): null

30-03-2025T17:02:19 - [TEST_STEP][PASSED] - else: null

30-03-2025T17:02:19 - [TEST_STEP][PASSED] - setValueToCellByIndex(sheet01, n, 3, fileInt): null

30-03-2025T17:02:19 - [TEST_STEP][PASSED] - setValueToCellByIndex(sheet01, n, 4, "нет данных"): null

30-03-2025T17:02:19 - [TEST_STEP][PASSED] - setValueToCellByIndex(sheet01, n, 5, m): null

30-03-2025T17:02:19 - [TEST_STEP][PASSED] - setValueToCellByIndex(sheet01, n, 6, y): null

30-03-2025T17:02:19 - [TEST_STEP][PASSED] - setValueToCellByIndex(sheet01, n, 7, todaysDate): null

30-03-2025T17:02:19 - [TEST_STEP][PASSED] - n = n + 1: null

30-03-2025T17:02:19 - [TEST_STEP][PASSED] - saveWorkbook(excelFilePath, workbook01): null

30-03-2025T17:02:19 - [TEST_STEP][PASSED] - typeOfData = "Факт Потери": null

30-03-2025T17:02:19 - [TEST_STEP][PASSED] - fileInt = replaceAll("\s+", "").toInteger(): null

30-03-2025T17:02:19 - [TEST_STEP][PASSED] - Script1718980020443.WriteToExcelNoData(a, typeOfData, todaysDate, fileInt, fileDouble, dZO): null

30-03-2025T17:02:19 - [TEST_STEP][PASSED] - sheetName = "Sheet1": null

30-03-2025T17:02:19 - [TEST_STEP][PASSED] - data = findTestData("PlanFact"): null

30-03-2025T17:02:19 - [TEST_STEP][PASSED] - n = data.getRowNumbers() + 1: null

30-03-2025T17:02:19 - [TEST_STEP][PASSED] - day = ")).toInteger(): null

30-03-2025T17:02:19 - [TEST_STEP][PASSED] - println(day): null

30-03-2025T17:02:19 - [TEST_STEP][PASSED] - month = ")).toInteger(): null

30-03-2025T17:02:19 - [TEST_STEP][PASSED] - println(month): null

30-03-2025T17:02:19 - [TEST_STEP][PASSED] - y = <not implemented yet for class: org.codehaus.groovy.ast.expr.EmptyExpression>: null

30-03-2025T17:02:19 - [TEST_STEP][PASSED] - iy = <not implemented yet for class: org.codehaus.groovy.ast.expr.EmptyExpression>: null

30-03-2025T17:02:19 - [TEST_STEP][PASSED] - m = getText(findTestObject("Выполнение бизнес-плана/Период")): Text of object 'Object Repository/Выполнение бизнес-плана/Период' is: 'Январь 2025 года'

30-03-2025T17:02:19 - [MESSAGE][PASSED] - Text of object 'Object Repository/Выполнение бизнес-плана/Период' is: 'Январь 2025 года'

30-03-2025T17:02:19 - [TEST_STEP][PASSED] - iy = m.indexOf("20"): null

30-03-2025T17:02:19 - [TEST_STEP][PASSED] - if (iy > -1): null

30-03-2025T17:02:19 - [TEST_STEP][PASSED] - y = substring(iy, iy + 4).toInteger(): null

30-03-2025T17:02:19 - [TEST_STEP][PASSED] - println(y): null

30-03-2025T17:02:19 - [TEST_STEP][PASSED] - if (toString().length() == 4): null

30-03-2025T17:02:19 - [TEST_STEP][PASSED] - m = m.substring(0, m.indexOf(y.toString())): null

30-03-2025T17:02:19 - [TEST_STEP][PASSED] - m = m.trim(): null

30-03-2025T17:02:19 - [TEST_STEP][PASSED] - if (m == ""): null

30-03-2025T17:02:19 - [TEST_STEP][PASSED] - dashboardName = "Выполнение бизнес-плана": null

30-03-2025T17:02:19 - [TEST_STEP][PASSED] - workbook01 = getWorkbook(excelFilePath): null

30-03-2025T17:02:19 - [TEST_STEP][PASSED] - sheet01 = getExcelSheet(workbook01, sheetName): null

30-03-2025T17:02:19 - [TEST_STEP][PASSED] - setValueToCellByIndex(sheet01, n, 0, dashboardName): null

30-03-2025T17:02:19 - [TEST_STEP][PASSED] - setValueToCellByIndex(sheet01, n, 1, dZO): null

30-03-2025T17:02:19 - [TEST_STEP][PASSED] - setValueToCellByIndex(sheet01, n, 2, typeOfData): null

30-03-2025T17:02:19 - [TEST_STEP][PASSED] - if (typeOfData == "Факт в процентах" || typeOfData == "План в процентах"): null

30-03-2025T17:02:19 - [TEST_STEP][PASSED] - else: null

30-03-2025T17:02:19 - [TEST_STEP][PASSED] - setValueToCellByIndex(sheet01, n, 3, fileInt): null

30-03-2025T17:02:19 - [TEST_STEP][PASSED] - setValueToCellByIndex(sheet01, n, 4, "нет данных"): null

30-03-2025T17:02:19 - [TEST_STEP][PASSED] - setValueToCellByIndex(sheet01, n, 5, m): null

30-03-2025T17:02:19 - [TEST_STEP][PASSED] - setValueToCellByIndex(sheet01, n, 6, y): null

30-03-2025T17:02:19 - [TEST_STEP][PASSED] - setValueToCellByIndex(sheet01, n, 7, todaysDate): null

30-03-2025T17:02:19 - [TEST_STEP][PASSED] - n = n + 1: null

30-03-2025T17:02:19 - [TEST_STEP][PASSED] - saveWorkbook(excelFilePath, workbook01): null

30-03-2025T17:02:19 - [TEST_STEP][PASSED] - typeOfData = "План Отпуск в сеть": null

30-03-2025T17:02:19 - [TEST_STEP][PASSED] - fileInt = replaceAll("\s+", "").toInteger(): null

30-03-2025T17:02:19 - [TEST_STEP][PASSED] - Script1718980020443.WriteToExcelNoData(a, typeOfData, todaysDate, fileInt, fileDouble, dZO): null

30-03-2025T17:02:19 - [TEST_STEP][PASSED] - sheetName = "Sheet1": null

30-03-2025T17:02:19 - [TEST_STEP][PASSED] - data = findTestData("PlanFact"): null

30-03-2025T17:02:20 - [TEST_STEP][PASSED] - n = data.getRowNumbers() + 1: null

30-03-2025T17:02:20 - [TEST_STEP][PASSED] - day = ")).toInteger(): null

30-03-2025T17:02:20 - [TEST_STEP][PASSED] - println(day): null

30-03-2025T17:02:20 - [TEST_STEP][PASSED] - month = ")).toInteger(): null

30-03-2025T17:02:20 - [TEST_STEP][PASSED] - println(month): null

30-03-2025T17:02:20 - [TEST_STEP][PASSED] - y = <not implemented yet for class: org.codehaus.groovy.ast.expr.EmptyExpression>: null

30-03-2025T17:02:20 - [TEST_STEP][PASSED] - iy = <not implemented yet for class: org.codehaus.groovy.ast.expr.EmptyExpression>: null

30-03-2025T17:02:20 - [TEST_STEP][PASSED] - m = getText(findTestObject("Выполнение бизнес-плана/Период")): Text of object 'Object Repository/Выполнение бизнес-плана/Период' is: 'Январь 2025 года'

30-03-2025T17:02:20 - [MESSAGE][PASSED] - Text of object 'Object Repository/Выполнение бизнес-плана/Период' is: 'Январь 2025 года'

30-03-2025T17:02:20 - [TEST_STEP][PASSED] - iy = m.indexOf("20"): null

30-03-2025T17:02:20 - [TEST_STEP][PASSED] - if (iy > -1): null

30-03-2025T17:02:20 - [TEST_STEP][PASSED] - y = substring(iy, iy + 4).toInteger(): null

30-03-2025T17:02:20 - [TEST_STEP][PASSED] - println(y): null

30-03-2025T17:02:20 - [TEST_STEP][PASSED] - if (toString().length() == 4): null

30-03-2025T17:02:20 - [TEST_STEP][PASSED] - m = m.substring(0, m.indexOf(y.toString())): null

30-03-2025T17:02:20 - [TEST_STEP][PASSED] - m = m.trim(): null

30-03-2025T17:02:20 - [TEST_STEP][PASSED] - if (m == ""): null

30-03-2025T17:02:20 - [TEST_STEP][PASSED] - dashboardName = "Выполнение бизнес-плана": null

30-03-2025T17:02:20 - [TEST_STEP][PASSED] - workbook01 = getWorkbook(excelFilePath): null

30-03-2025T17:02:20 - [TEST_STEP][PASSED] - sheet01 = getExcelSheet(workbook01, sheetName): null

30-03-2025T17:02:20 - [TEST_STEP][PASSED] - setValueToCellByIndex(sheet01, n, 0, dashboardName): null

30-03-2025T17:02:20 - [TEST_STEP][PASSED] - setValueToCellByIndex(sheet01, n, 1, dZO): null

30-03-2025T17:02:20 - [TEST_STEP][PASSED] - setValueToCellByIndex(sheet01, n, 2, typeOfData): null

30-03-2025T17:02:20 - [TEST_STEP][PASSED] - if (typeOfData == "Факт в процентах" || typeOfData == "План в процентах"): null

30-03-2025T17:02:20 - [TEST_STEP][PASSED] - else: null

30-03-2025T17:02:20 - [TEST_STEP][PASSED] - setValueToCellByIndex(sheet01, n, 3, fileInt): null

30-03-2025T17:02:20 - [TEST_STEP][PASSED] - setValueToCellByIndex(sheet01, n, 4, "нет данных"): null

30-03-2025T17:02:20 - [TEST_STEP][PASSED] - setValueToCellByIndex(sheet01, n, 5, m): null

30-03-2025T17:02:20 - [TEST_STEP][PASSED] - setValueToCellByIndex(sheet01, n, 6, y): null

30-03-2025T17:02:20 - [TEST_STEP][PASSED] - setValueToCellByIndex(sheet01, n, 7, todaysDate): null

30-03-2025T17:02:20 - [TEST_STEP][PASSED] - n = n + 1: null

30-03-2025T17:02:20 - [TEST_STEP][PASSED] - saveWorkbook(excelFilePath, workbook01): null

30-03-2025T17:02:20 - [TEST_STEP][PASSED] - typeOfData = "План Потери": null

30-03-2025T17:02:20 - [TEST_STEP][PASSED] - fileInt = replaceAll("\s+", "").toInteger(): null

30-03-2025T17:02:20 - [TEST_STEP][PASSED] - Script1718980020443.WriteToExcelNoData(a, typeOfData, todaysDate, fileInt, fileDouble, dZO): null

30-03-2025T17:02:20 - [TEST_STEP][PASSED] - sheetName = "Sheet1": null

30-03-2025T17:02:20 - [TEST_STEP][PASSED] - data = findTestData("PlanFact"): null

30-03-2025T17:02:20 - [TEST_STEP][PASSED] - n = data.getRowNumbers() + 1: null

30-03-2025T17:02:20 - [TEST_STEP][PASSED] - day = ")).toInteger(): null

30-03-2025T17:02:20 - [TEST_STEP][PASSED] - println(day): null

30-03-2025T17:02:20 - [TEST_STEP][PASSED] - month = ")).toInteger(): null

30-03-2025T17:02:20 - [TEST_STEP][PASSED] - println(month): null

30-03-2025T17:02:20 - [TEST_STEP][PASSED] - y = <not implemented yet for class: org.codehaus.groovy.ast.expr.EmptyExpression>: null

30-03-2025T17:02:20 - [TEST_STEP][PASSED] - iy = <not implemented yet for class: org.codehaus.groovy.ast.expr.EmptyExpression>: null

30-03-2025T17:02:20 - [TEST_STEP][PASSED] - m = getText(findTestObject("Выполнение бизнес-плана/Период")): Text of object 'Object Repository/Выполнение бизнес-плана/Период' is: 'Январь 2025 года'

30-03-2025T17:02:21 - [MESSAGE][PASSED] - Text of object 'Object Repository/Выполнение бизнес-плана/Период' is: 'Январь 2025 года'

30-03-2025T17:02:21 - [TEST_STEP][PASSED] - iy = m.indexOf("20"): null

30-03-2025T17:02:21 - [TEST_STEP][PASSED] - if (iy > -1): null

30-03-2025T17:02:21 - [TEST_STEP][PASSED] - y = substring(iy, iy + 4).toInteger(): null

30-03-2025T17:02:21 - [TEST_STEP][PASSED] - println(y): null

30-03-2025T17:02:21 - [TEST_STEP][PASSED] - if (toString().length() == 4): null

30-03-2025T17:02:21 - [TEST_STEP][PASSED] - m = m.substring(0, m.indexOf(y.toString())): null

30-03-2025T17:02:21 - [TEST_STEP][PASSED] - m = m.trim(): null

30-03-2025T17:02:21 - [TEST_STEP][PASSED] - if (m == ""): null

30-03-2025T17:02:21 - [TEST_STEP][PASSED] - dashboardName = "Выполнение бизнес-плана": null

30-03-2025T17:02:21 - [TEST_STEP][PASSED] - workbook01 = getWorkbook(excelFilePath): null

30-03-2025T17:02:21 - [TEST_STEP][PASSED] - sheet01 = getExcelSheet(workbook01, sheetName): null

30-03-2025T17:02:21 - [TEST_STEP][PASSED] - setValueToCellByIndex(sheet01, n, 0, dashboardName): null

30-03-2025T17:02:21 - [TEST_STEP][PASSED] - setValueToCellByIndex(sheet01, n, 1, dZO): null

30-03-2025T17:02:21 - [TEST_STEP][PASSED] - setValueToCellByIndex(sheet01, n, 2, typeOfData): null

30-03-2025T17:02:21 - [TEST_STEP][PASSED] - if (typeOfData == "Факт в процентах" || typeOfData == "План в процентах"): null

30-03-2025T17:02:21 - [TEST_STEP][PASSED] - else: null

30-03-2025T17:02:21 - [TEST_STEP][PASSED] - setValueToCellByIndex(sheet01, n, 3, fileInt): null

30-03-2025T17:02:21 - [TEST_STEP][PASSED] - setValueToCellByIndex(sheet01, n, 4, "нет данных"): null

30-03-2025T17:02:21 - [TEST_STEP][PASSED] - setValueToCellByIndex(sheet01, n, 5, m): null

30-03-2025T17:02:21 - [TEST_STEP][PASSED] - setValueToCellByIndex(sheet01, n, 6, y): null

30-03-2025T17:02:21 - [TEST_STEP][PASSED] - setValueToCellByIndex(sheet01, n, 7, todaysDate): null

30-03-2025T17:02:21 - [TEST_STEP][PASSED] - n = n + 1: null

30-03-2025T17:02:21 - [TEST_STEP][PASSED] - saveWorkbook(excelFilePath, workbook01): null

30-03-2025T17:02:21 - [TEST_STEP][PASSED] - typeOfData = "План в процентах": null

30-03-2025T17:02:21 - [TEST_STEP][PASSED] - fileDouble = ").toDouble(): null

30-03-2025T17:02:21 - [TEST_STEP][PASSED] - Script1718980020443.WriteToExcelNoData(a, typeOfData, todaysDate, fileInt, fileDouble, dZO): null

30-03-2025T17:02:21 - [TEST_STEP][PASSED] - sheetName = "Sheet1": null

30-03-2025T17:02:21 - [TEST_STEP][PASSED] - data = findTestData("PlanFact"): null

30-03-2025T17:02:21 - [TEST_STEP][PASSED] - n = data.getRowNumbers() + 1: null

30-03-2025T17:02:21 - [TEST_STEP][PASSED] - day = ")).toInteger(): null

30-03-2025T17:02:21 - [TEST_STEP][PASSED] - println(day): null

30-03-2025T17:02:21 - [TEST_STEP][PASSED] - month = ")).toInteger(): null

30-03-2025T17:02:21 - [TEST_STEP][PASSED] - println(month): null

30-03-2025T17:02:21 - [TEST_STEP][PASSED] - y = <not implemented yet for class: org.codehaus.groovy.ast.expr.EmptyExpression>: null

30-03-2025T17:02:21 - [TEST_STEP][PASSED] - iy = <not implemented yet for class: org.codehaus.groovy.ast.expr.EmptyExpression>: null

30-03-2025T17:02:21 - [TEST_STEP][PASSED] - m = getText(findTestObject("Выполнение бизнес-плана/Период")): Text of object 'Object Repository/Выполнение бизнес-плана/Период' is: 'Январь 2025 года'

30-03-2025T17:02:21 - [MESSAGE][PASSED] - Text of object 'Object Repository/Выполнение бизнес-плана/Период' is: 'Январь 2025 года'

30-03-2025T17:02:21 - [TEST_STEP][PASSED] - iy = m.indexOf("20"): null

30-03-2025T17:02:21 - [TEST_STEP][PASSED] - if (iy > -1): null

30-03-2025T17:02:21 - [TEST_STEP][PASSED] - y = substring(iy, iy + 4).toInteger(): null

30-03-2025T17:02:21 - [TEST_STEP][PASSED] - println(y): null

30-03-2025T17:02:21 - [TEST_STEP][PASSED] - if (toString().length() == 4): null

30-03-2025T17:02:21 - [TEST_STEP][PASSED] - m = m.substring(0, m.indexOf(y.toString())): null

30-03-2025T17:02:21 - [TEST_STEP][PASSED] - m = m.trim(): null

30-03-2025T17:02:21 - [TEST_STEP][PASSED] - if (m == ""): null

30-03-2025T17:02:21 - [TEST_STEP][PASSED] - dashboardName = "Выполнение бизнес-плана": null

30-03-2025T17:02:21 - [TEST_STEP][PASSED] - workbook01 = getWorkbook(excelFilePath): null

30-03-2025T17:02:21 - [TEST_STEP][PASSED] - sheet01 = getExcelSheet(workbook01, sheetName): null

30-03-2025T17:02:21 - [TEST_STEP][PASSED] - setValueToCellByIndex(sheet01, n, 0, dashboardName): null

30-03-2025T17:02:21 - [TEST_STEP][PASSED] - setValueToCellByIndex(sheet01, n, 1, dZO): null

30-03-2025T17:02:21 - [TEST_STEP][PASSED] - setValueToCellByIndex(sheet01, n, 2, typeOfData): null

30-03-2025T17:02:21 - [TEST_STEP][PASSED] - if (typeOfData == "Факт в процентах" || typeOfData == "План в процентах"): null

30-03-2025T17:02:21 - [TEST_STEP][PASSED] - setValueToCellByIndex(sheet01, n, 3, fileDouble): null

30-03-2025T17:02:21 - [TEST_STEP][PASSED] - setValueToCellByIndex(sheet01, n, 4, "нет данных"): null

30-03-2025T17:02:21 - [TEST_STEP][PASSED] - setValueToCellByIndex(sheet01, n, 5, m): null

30-03-2025T17:02:21 - [TEST_STEP][PASSED] - setValueToCellByIndex(sheet01, n, 6, y): null

30-03-2025T17:02:21 - [TEST_STEP][PASSED] - setValueToCellByIndex(sheet01, n, 7, todaysDate): null

30-03-2025T17:02:21 - [TEST_STEP][PASSED] - n = n + 1: null

30-03-2025T17:02:21 - [TEST_STEP][PASSED] - saveWorkbook(excelFilePath, workbook01): null

30-03-2025T17:02:21 - [TEST_STEP][PASSED] - typeOfData = "Факт в процентах": null

30-03-2025T17:02:21 - [TEST_STEP][PASSED] - fileDouble = ").toDouble(): null

30-03-2025T17:02:22 - [TEST_STEP][PASSED] - Script1718980020443.WriteToExcelNoData(a, typeOfData, todaysDate, fileInt, fileDouble, dZO): null

30-03-2025T17:02:22 - [TEST_STEP][PASSED] - sheetName = "Sheet1": null

30-03-2025T17:02:22 - [TEST_STEP][PASSED] - data = findTestData("PlanFact"): null

30-03-2025T17:02:22 - [TEST_STEP][PASSED] - n = data.getRowNumbers() + 1: null

30-03-2025T17:02:22 - [TEST_STEP][PASSED] - day = ")).toInteger(): null

30-03-2025T17:02:22 - [TEST_STEP][PASSED] - println(day): null

30-03-2025T17:02:22 - [TEST_STEP][PASSED] - month = ")).toInteger(): null

30-03-2025T17:02:22 - [TEST_STEP][PASSED] - println(month): null

30-03-2025T17:02:22 - [TEST_STEP][PASSED] - y = <not implemented yet for class: org.codehaus.groovy.ast.expr.EmptyExpression>: null

30-03-2025T17:02:22 - [TEST_STEP][PASSED] - iy = <not implemented yet for class: org.codehaus.groovy.ast.expr.EmptyExpression>: null

30-03-2025T17:02:22 - [TEST_STEP][PASSED] - m = getText(findTestObject("Выполнение бизнес-плана/Период")): Text of object 'Object Repository/Выполнение бизнес-плана/Период' is: 'Январь 2025 года'

30-03-2025T17:02:22 - [MESSAGE][PASSED] - Text of object 'Object Repository/Выполнение бизнес-плана/Период' is: 'Январь 2025 года'

30-03-2025T17:02:22 - [TEST_STEP][PASSED] - iy = m.indexOf("20"): null

30-03-2025T17:02:22 - [TEST_STEP][PASSED] - if (iy > -1): null

30-03-2025T17:02:22 - [TEST_STEP][PASSED] - y = substring(iy, iy + 4).toInteger(): null

30-03-2025T17:02:22 - [TEST_STEP][PASSED] - println(y): null

30-03-2025T17:02:22 - [TEST_STEP][PASSED] - if (toString().length() == 4): null

30-03-2025T17:02:22 - [TEST_STEP][PASSED] - m = m.substring(0, m.indexOf(y.toString())): null

30-03-2025T17:02:22 - [TEST_STEP][PASSED] - m = m.trim(): null

30-03-2025T17:02:22 - [TEST_STEP][PASSED] - if (m == ""): null

30-03-2025T17:02:22 - [TEST_STEP][PASSED] - dashboardName = "Выполнение бизнес-плана": null

30-03-2025T17:02:22 - [TEST_STEP][PASSED] - workbook01 = getWorkbook(excelFilePath): null

30-03-2025T17:02:22 - [TEST_STEP][PASSED] - sheet01 = getExcelSheet(workbook01, sheetName): null

30-03-2025T17:02:22 - [TEST_STEP][PASSED] - setValueToCellByIndex(sheet01, n, 0, dashboardName): null

30-03-2025T17:02:22 - [TEST_STEP][PASSED] - setValueToCellByIndex(sheet01, n, 1, dZO): null

30-03-2025T17:02:22 - [TEST_STEP][PASSED] - setValueToCellByIndex(sheet01, n, 2, typeOfData): null

30-03-2025T17:02:22 - [TEST_STEP][PASSED] - if (typeOfData == "Факт в процентах" || typeOfData == "План в процентах"): null

30-03-2025T17:02:22 - [TEST_STEP][PASSED] - setValueToCellByIndex(sheet01, n, 3, fileDouble): null

30-03-2025T17:02:22 - [TEST_STEP][PASSED] - setValueToCellByIndex(sheet01, n, 4, "нет данных"): null

30-03-2025T17:02:22 - [TEST_STEP][PASSED] - setValueToCellByIndex(sheet01, n, 5, m): null

30-03-2025T17:02:22 - [TEST_STEP][PASSED] - setValueToCellByIndex(sheet01, n, 6, y): null

30-03-2025T17:02:22 - [TEST_STEP][PASSED] - setValueToCellByIndex(sheet01, n, 7, todaysDate): null

30-03-2025T17:02:22 - [TEST_STEP][PASSED] - n = n + 1: null

30-03-2025T17:02:22 - [TEST_STEP][PASSED] - saveWorkbook(excelFilePath, workbook01): null

30-03-2025T17:02:22 - [TEST_STEP][PASSED] - println(dzoNum): null

30-03-2025T17:02:22 - [TEST_STEP][PASSED] - a = 28: null

30-03-2025T17:02:22 - [TEST_STEP][PASSED] - dZO = "Россети Волга": null

30-03-2025T17:02:22 - [TEST_STEP][PASSED] - if (x1.contains("Волга")): null

30-03-2025T17:02:22 - [TEST_STEP][PASSED] - dzoNum = dzoNum + 1: null

30-03-2025T17:02:22 - [TEST_STEP][PASSED] - Script1718980020443.Numbers(a, typeOfData, todaysDate, pageInt, fileInt, pageDouble, fileDouble, dZO, dzoNum, filialNum): null

30-03-2025T17:02:22 - [TEST_STEP][PASSED] - println(dzoNum): null

30-03-2025T17:02:22 - [TEST_STEP][PASSED] - planFact = <not implemented yet for class: org.codehaus.groovy.ast.expr.EmptyExpression>: null

30-03-2025T17:02:22 - [TEST_STEP][PASSED] - page = <not implemented yet for class: org.codehaus.groovy.ast.expr.EmptyExpression>: null

30-03-2025T17:02:22 - [TEST_STEP][PASSED] - page1 = <not implemented yet for class: org.codehaus.groovy.ast.expr.EmptyExpression>: null

30-03-2025T17:02:22 - [TEST_STEP][PASSED] - page2 = <not implemented yet for class: org.codehaus.groovy.ast.expr.EmptyExpression>: null

30-03-2025T17:02:22 - [TEST_STEP][PASSED] - filialNumberInRow = <not implemented yet for class: org.codehaus.groovy.ast.expr.EmptyExpression>: null

30-03-2025T17:02:22 - [TEST_STEP][PASSED] - filialsDzoNames = <not implemented yet for class: org.codehaus.groovy.ast.expr.EmptyExpression>: null

30-03-2025T17:02:22 - [TEST_STEP][PASSED] - numberOfFilials = <not implemented yet for class: org.codehaus.groovy.ast.expr.EmptyExpression>: null

30-03-2025T17:02:22 - [TEST_STEP][PASSED] - numberOfSpaces = <not implemented yet for class: org.codehaus.groovy.ast.expr.EmptyExpression>: null

30-03-2025T17:02:22 - [TEST_STEP][PASSED] - file = <not implemented yet for class: org.codehaus.groovy.ast.expr.EmptyExpression>: null

30-03-2025T17:02:22 - [TEST_STEP][PASSED] - otpusk = <not implemented yet for class: org.codehaus.groovy.ast.expr.EmptyExpression>: null

30-03-2025T17:02:22 - [TEST_STEP][PASSED] - poteri = <not implemented yet for class: org.codehaus.groovy.ast.expr.EmptyExpression>: null

30-03-2025T17:02:22 - [TEST_STEP][PASSED] - dataFolder = "Выполнение бизнес-плана/Значения со страницы Выполнение бизнес-плана/": null

30-03-2025T17:02:22 - [TEST_STEP][PASSED] - path = <not implemented yet for class: org.codehaus.groovy.ast.expr.EmptyExpression>: null

30-03-2025T17:02:22 - [TEST_STEP][PASSED] - typeOfDataMain = <not implemented yet for class: org.codehaus.groovy.ast.expr.EmptyExpression>: null

30-03-2025T17:02:22 - [TEST_STEP][PASSED] - fileOtpuskVSet = <not implemented yet for class: org.codehaus.groovy.ast.expr.EmptyExpression>: null

30-03-2025T17:02:22 - [TEST_STEP][PASSED] - pageOtpuskVSet = <not implemented yet for class: org.codehaus.groovy.ast.expr.EmptyExpression>: null

30-03-2025T17:02:22 - [TEST_STEP][PASSED] - filePoteri = <not implemented yet for class: org.codehaus.groovy.ast.expr.EmptyExpression>: null

30-03-2025T17:02:22 - [TEST_STEP][PASSED] - pagePoteri = <not implemented yet for class: org.codehaus.groovy.ast.expr.EmptyExpression>: null

30-03-2025T17:02:22 - [TEST_STEP][PASSED] - compare = <not implemented yet for class: org.codehaus.groovy.ast.expr.EmptyExpression>: null

30-03-2025T17:02:22 - [TEST_STEP][PASSED] - b = <not implemented yet for class: org.codehaus.groovy.ast.expr.EmptyExpression>: null

30-03-2025T17:02:22 - [TEST_STEP][PASSED] - i = <not implemented yet for class: org.codehaus.groovy.ast.expr.EmptyExpression>: null

30-03-2025T17:02:22 - [TEST_STEP][PASSED] - ii = <not implemented yet for class: org.codehaus.groovy.ast.expr.EmptyExpression>: null

30-03-2025T17:02:22 - [TEST_STEP][PASSED] - c = <not implemented yet for class: org.codehaus.groovy.ast.expr.EmptyExpression>: null

30-03-2025T17:02:22 - [TEST_STEP][PASSED] - numberOfErrors = 0: null

30-03-2025T17:02:22 - [TEST_STEP][PASSED] - if (a == 82): null

30-03-2025T17:02:22 - [TEST_STEP][PASSED] - b = findTestData("PlanFact").getValue(1, a): null

30-03-2025T17:02:22 - [TEST_STEP][PASSED] - i = b.indexOf(" (ГК)"): null

30-03-2025T17:02:22 - [TEST_STEP][PASSED] - if (i > -1): null

30-03-2025T17:02:22 - [TEST_STEP][PASSED] - b = b.substring(0, i): null

30-03-2025T17:02:22 - [TEST_STEP][PASSED] - i = b.indexOf("О ""): null

30-03-2025T17:02:22 - [TEST_STEP][PASSED] - if (i > -1): null

30-03-2025T17:02:22 - [TEST_STEP][PASSED] - i = b.indexOf("О «"): null

30-03-2025T17:02:22 - [TEST_STEP][PASSED] - if (i > -1): null

30-03-2025T17:02:22 - [TEST_STEP][PASSED] - i = b.indexOf("г. "): null

30-03-2025T17:02:22 - [TEST_STEP][PASSED] - if (i > -1): null

30-03-2025T17:02:22 - [TEST_STEP][PASSED] - b = b.trim(): null

30-03-2025T17:02:22 - [TEST_STEP][PASSED] - println(b): null

30-03-2025T17:02:22 - [TEST_STEP][PASSED] - for ([planFact = 1, planFact < 3, (planFact++)]): null

30-03-2025T17:02:22 - [TEST_STEP][PASSED] - if (planFact == 1): null

30-03-2025T17:02:22 - [TEST_STEP][PASSED] - typeOfDataMain = "Факт": null

30-03-2025T17:02:22 - [TEST_STEP][PASSED] - otpusk = findTestData("PlanFact").getValue(5, a): null

30-03-2025T17:02:22 - [TEST_STEP][PASSED] - poteri = findTestData("PlanFact").getValue(6, a): null

30-03-2025T17:02:22 - [TEST_STEP][PASSED] - otpusk = otpusk.replaceAll("\s+", ""): null

30-03-2025T17:02:22 - [TEST_STEP][PASSED] - poteri = poteri.replaceAll("\s+", ""): null

30-03-2025T17:02:22 - [TEST_STEP][PASSED] - typeOfData = typeOfDataMain + " Отпуск в сеть": null

30-03-2025T17:02:22 - [TEST_STEP][PASSED] - if (a == 82): null

30-03-2025T17:02:22 - [TEST_STEP][PASSED] - else if (a == 84): null

30-03-2025T17:02:22 - [TEST_STEP][PASSED] - else if (a == 83 || a == 52 || a == 72 || a == 28 || a == 73 || a == 77 || a == 74 || a == 65 || a == 36 || a == 44 || a == 53 || a == 80 || a == 54 || a == 1 || a == 18 || a == 59 || a == 81): null

30-03-2025T17:02:22 - [TEST_STEP][PASSED] - path = dataFolder + "Table Data/" + typeOfData + " за отчётный период " + dzoNum: null

30-03-2025T17:02:22 - [TEST_STEP][PASSED] - println(path): null

30-03-2025T17:02:22 - [TEST_STEP][PASSED] - page = getText(findTestObject(path)): Text of object 'Object Repository/Выполнение бизнес-плана/Значения со страницы Выполнение бизнес-плана/Table Data/Факт Отпуск в сеть за отчётный период 2' is: '3 856 981'

30-03-2025T17:02:23 - [MESSAGE][PASSED] - Text of object 'Object Repository/Выполнение бизнес-плана/Значения со страницы Выполнение бизнес-плана/Table Data/Факт Отпуск в сеть за отчётный период 2' is: '3 856 981'

30-03-2025T17:02:23 - [TEST_STEP][PASSED] - if (page == "" || page == null): null

30-03-2025T17:02:23 - [TEST_STEP][PASSED] - else: null

30-03-2025T17:02:23 - [TEST_STEP][PASSED] - page = page.replaceAll("\s+", ""): null

30-03-2025T17:02:23 - [TEST_STEP][PASSED] - if (page == "undefined"): null

30-03-2025T17:02:23 - [TEST_STEP][PASSED] - fileOtpuskVSet = otpusk.toInteger(): null

30-03-2025T17:02:23 - [TEST_STEP][PASSED] - pageOtpuskVSet = page.toInteger(): null

30-03-2025T17:02:23 - [TEST_STEP][PASSED] - typeOfData = typeOfDataMain + " Потери": null

30-03-2025T17:02:23 - [TEST_STEP][PASSED] - if (a == 82): null

30-03-2025T17:02:23 - [TEST_STEP][PASSED] - else if (a == 84): null

30-03-2025T17:02:23 - [TEST_STEP][PASSED] - else if (a == 83 || a == 52 || a == 72 || a == 28 || a == 73 || a == 77 || a == 74 || a == 65 || a == 44 || a == 53 || a == 80 || a == 54 || a == 1 || a == 18 || a == 59 || a == 81): null

30-03-2025T17:02:23 - [TEST_STEP][PASSED] - path = dataFolder + "Table Data/" + typeOfData + " за отчётный период " + dzoNum: null

30-03-2025T17:02:23 - [TEST_STEP][PASSED] - page = getText(findTestObject(path)): Text of object 'Object Repository/Выполнение бизнес-плана/Значения со страницы Выполнение бизнес-плана/Table Data/Факт Потери за отчётный период 2' is: '3 214 611'

30-03-2025T17:02:23 - [MESSAGE][PASSED] - Text of object 'Object Repository/Выполнение бизнес-плана/Значения со страницы Выполнение бизнес-плана/Table Data/Факт Потери за отчётный период 2' is: '3 214 611'

30-03-2025T17:02:23 - [TEST_STEP][PASSED] - if (page == "" || page == null): null

30-03-2025T17:02:23 - [TEST_STEP][PASSED] - else: null

30-03-2025T17:02:23 - [TEST_STEP][PASSED] - page = page.replaceAll("\s+", ""): null

30-03-2025T17:02:23 - [TEST_STEP][PASSED] - if (page == "undefined"): null

30-03-2025T17:02:23 - [TEST_STEP][PASSED] - filePoteri = poteri.toInteger(): null

30-03-2025T17:02:23 - [TEST_STEP][PASSED] - pagePoteri = page.toInteger(): null

30-03-2025T17:02:23 - [TEST_STEP][PASSED] - compare = pageOtpuskVSet: null

30-03-2025T17:02:23 - [TEST_STEP][PASSED] - if (pageOtpuskVSet != null): null

30-03-2025T17:02:23 - [TEST_STEP][PASSED] - if (compare == fileOtpuskVSet): null

30-03-2025T17:02:23 - [TEST_STEP][PASSED] - else if (compare > fileOtpuskVSet): null

30-03-2025T17:02:23 - [TEST_STEP][PASSED] - else if (compare < fileOtpuskVSet): null

30-03-2025T17:02:23 - [TEST_STEP][PASSED] - compare = compare + 1: null

30-03-2025T17:02:23 - [TEST_STEP][PASSED] - if (compare == fileOtpuskVSet): null

30-03-2025T17:02:23 - [TEST_STEP][PASSED] - else: null

30-03-2025T17:02:23 - [TEST_STEP][PASSED] - numberOfErrors = numberOfErrors + 1: null

30-03-2025T17:02:23 - [TEST_STEP][PASSED] - pageInt = pageOtpuskVSet: null

30-03-2025T17:02:23 - [TEST_STEP][PASSED] - fileInt = fileOtpuskVSet: null

30-03-2025T17:02:23 - [TEST_STEP][PASSED] - typeOfData = typeOfDataMain + " Отпуск в сеть": null

30-03-2025T17:02:23 - [TEST_STEP][PASSED] - Script1718980020443.WriteToExcel(a, typeOfData, todaysDate, pageInt, fileInt, pageDouble, fileDouble, dZO): null

30-03-2025T17:02:23 - [TEST_STEP][PASSED] - sheetName = "Sheet1": null

30-03-2025T17:02:23 - [TEST_STEP][PASSED] - data = findTestData("PlanFact"): null

30-03-2025T17:02:23 - [TEST_STEP][PASSED] - n = data.getRowNumbers() + 1: null

30-03-2025T17:02:23 - [TEST_STEP][PASSED] - day = ")).toInteger(): null

30-03-2025T17:02:23 - [TEST_STEP][PASSED] - println(day): null

30-03-2025T17:02:23 - [TEST_STEP][PASSED] - month = ")).toInteger(): null

30-03-2025T17:02:23 - [TEST_STEP][PASSED] - println(month): null

30-03-2025T17:02:23 - [TEST_STEP][PASSED] - y = <not implemented yet for class: org.codehaus.groovy.ast.expr.EmptyExpression>: null

30-03-2025T17:02:23 - [TEST_STEP][PASSED] - iy = <not implemented yet for class: org.codehaus.groovy.ast.expr.EmptyExpression>: null

30-03-2025T17:02:23 - [TEST_STEP][PASSED] - m = getText(findTestObject("Выполнение бизнес-плана/Период")): Text of object 'Object Repository/Выполнение бизнес-плана/Период' is: 'Январь 2025 года'

30-03-2025T17:02:23 - [MESSAGE][PASSED] - Text of object 'Object Repository/Выполнение бизнес-плана/Период' is: 'Январь 2025 года'

30-03-2025T17:02:23 - [TEST_STEP][PASSED] - iy = m.indexOf("20"): null

30-03-2025T17:02:23 - [TEST_STEP][PASSED] - if (iy > -1): null

30-03-2025T17:02:23 - [TEST_STEP][PASSED] - y = substring(iy, iy + 4).toInteger(): null

30-03-2025T17:02:23 - [TEST_STEP][PASSED] - println(y): null

30-03-2025T17:02:23 - [TEST_STEP][PASSED] - if (toString().length() == 4): null

30-03-2025T17:02:23 - [TEST_STEP][PASSED] - m = m.substring(0, m.indexOf(y.toString())): null

30-03-2025T17:02:23 - [TEST_STEP][PASSED] - m = m.trim(): null

30-03-2025T17:02:23 - [TEST_STEP][PASSED] - if (m == ""): null

30-03-2025T17:02:23 - [TEST_STEP][PASSED] - dashboardName = "Выполнение бизнес-плана": null

30-03-2025T17:02:23 - [TEST_STEP][PASSED] - workbook01 = getWorkbook(excelFilePath): null

30-03-2025T17:02:23 - [TEST_STEP][PASSED] - sheet01 = getExcelSheet(workbook01, sheetName): null

30-03-2025T17:02:23 - [TEST_STEP][PASSED] - setValueToCellByIndex(sheet01, n, 0, dashboardName): null

30-03-2025T17:02:23 - [TEST_STEP][PASSED] - setValueToCellByIndex(sheet01, n, 1, dZO): null

30-03-2025T17:02:23 - [TEST_STEP][PASSED] - setValueToCellByIndex(sheet01, n, 2, typeOfData): null

30-03-2025T17:02:23 - [TEST_STEP][PASSED] - if (typeOfData == "Факт в процентах" || typeOfData == "План в процентах"): null

30-03-2025T17:02:23 - [TEST_STEP][PASSED] - else: null

30-03-2025T17:02:23 - [TEST_STEP][PASSED] - setValueToCellByIndex(sheet01, n, 3, fileInt): null

30-03-2025T17:02:23 - [TEST_STEP][PASSED] - setValueToCellByIndex(sheet01, n, 4, pageInt): null

30-03-2025T17:02:23 - [TEST_STEP][PASSED] - setValueToCellByIndex(sheet01, n, 5, m): null

30-03-2025T17:02:23 - [TEST_STEP][PASSED] - setValueToCellByIndex(sheet01, n, 6, y): null

30-03-2025T17:02:23 - [TEST_STEP][PASSED] - setValueToCellByIndex(sheet01, n, 7, todaysDate): null

30-03-2025T17:02:23 - [TEST_STEP][PASSED] - n = n + 1: null

30-03-2025T17:02:23 - [TEST_STEP][PASSED] - saveWorkbook(excelFilePath, workbook01): null

30-03-2025T17:02:24 - [TEST_STEP][PASSED] - compare = pagePoteri: null

30-03-2025T17:02:24 - [TEST_STEP][PASSED] - if (pageOtpuskVSet != null): null

30-03-2025T17:02:24 - [TEST_STEP][PASSED] - if (compare == filePoteri): null

30-03-2025T17:02:24 - [TEST_STEP][PASSED] - else if (compare > filePoteri): null

30-03-2025T17:02:24 - [TEST_STEP][PASSED] - compare = compare - 1: null

30-03-2025T17:02:24 - [TEST_STEP][PASSED] - if (compare == filePoteri): null

30-03-2025T17:02:24 - [TEST_STEP][PASSED] - else: null

30-03-2025T17:02:24 - [TEST_STEP][PASSED] - numberOfErrors = numberOfErrors + 1: null

30-03-2025T17:02:24 - [TEST_STEP][PASSED] - pageInt = pagePoteri: null

30-03-2025T17:02:24 - [TEST_STEP][PASSED] - fileInt = filePoteri: null

30-03-2025T17:02:24 - [TEST_STEP][PASSED] - typeOfData = typeOfDataMain + " Потери": null

30-03-2025T17:02:24 - [TEST_STEP][PASSED] - Script1718980020443.WriteToExcel(a, typeOfData, todaysDate, pageInt, fileInt, pageDouble, fileDouble, dZO): null

30-03-2025T17:02:24 - [TEST_STEP][PASSED] - sheetName = "Sheet1": null

30-03-2025T17:02:24 - [TEST_STEP][PASSED] - data = findTestData("PlanFact"): null

30-03-2025T17:02:24 - [TEST_STEP][PASSED] - n = data.getRowNumbers() + 1: null

30-03-2025T17:02:24 - [TEST_STEP][PASSED] - day = ")).toInteger(): null

30-03-2025T17:02:24 - [TEST_STEP][PASSED] - println(day): null

30-03-2025T17:02:24 - [TEST_STEP][PASSED] - month = ")).toInteger(): null

30-03-2025T17:02:24 - [TEST_STEP][PASSED] - println(month): null

30-03-2025T17:02:24 - [TEST_STEP][PASSED] - y = <not implemented yet for class: org.codehaus.groovy.ast.expr.EmptyExpression>: null

30-03-2025T17:02:24 - [TEST_STEP][PASSED] - iy = <not implemented yet for class: org.codehaus.groovy.ast.expr.EmptyExpression>: null

30-03-2025T17:02:24 - [TEST_STEP][PASSED] - m = getText(findTestObject("Выполнение бизнес-плана/Период")): Text of object 'Object Repository/Выполнение бизнес-плана/Период' is: 'Январь 2025 года'

30-03-2025T17:02:24 - [MESSAGE][PASSED] - Text of object 'Object Repository/Выполнение бизнес-плана/Период' is: 'Январь 2025 года'

30-03-2025T17:02:24 - [TEST_STEP][PASSED] - iy = m.indexOf("20"): null

30-03-2025T17:02:24 - [TEST_STEP][PASSED] - if (iy > -1): null

30-03-2025T17:02:24 - [TEST_STEP][PASSED] - y = substring(iy, iy + 4).toInteger(): null

30-03-2025T17:02:24 - [TEST_STEP][PASSED] - println(y): null

30-03-2025T17:02:24 - [TEST_STEP][PASSED] - if (toString().length() == 4): null

30-03-2025T17:02:24 - [TEST_STEP][PASSED] - m = m.substring(0, m.indexOf(y.toString())): null

30-03-2025T17:02:24 - [TEST_STEP][PASSED] - m = m.trim(): null

30-03-2025T17:02:24 - [TEST_STEP][PASSED] - if (m == ""): null

30-03-2025T17:02:24 - [TEST_STEP][PASSED] - dashboardName = "Выполнение бизнес-плана": null

30-03-2025T17:02:24 - [TEST_STEP][PASSED] - workbook01 = getWorkbook(excelFilePath): null

30-03-2025T17:02:24 - [TEST_STEP][PASSED] - sheet01 = getExcelSheet(workbook01, sheetName): null

30-03-2025T17:02:24 - [TEST_STEP][PASSED] - setValueToCellByIndex(sheet01, n, 0, dashboardName): null

30-03-2025T17:02:24 - [TEST_STEP][PASSED] - setValueToCellByIndex(sheet01, n, 1, dZO): null

30-03-2025T17:02:24 - [TEST_STEP][PASSED] - setValueToCellByIndex(sheet01, n, 2, typeOfData): null

30-03-2025T17:02:24 - [TEST_STEP][PASSED] - if (typeOfData == "Факт в процентах" || typeOfData == "План в процентах"): null

30-03-2025T17:02:24 - [TEST_STEP][PASSED] - else: null

30-03-2025T17:02:24 - [TEST_STEP][PASSED] - setValueToCellByIndex(sheet01, n, 3, fileInt): null

30-03-2025T17:02:24 - [TEST_STEP][PASSED] - setValueToCellByIndex(sheet01, n, 4, pageInt): null

30-03-2025T17:02:24 - [TEST_STEP][PASSED] - setValueToCellByIndex(sheet01, n, 5, m): null

30-03-2025T17:02:24 - [TEST_STEP][PASSED] - setValueToCellByIndex(sheet01, n, 6, y): null

30-03-2025T17:02:24 - [TEST_STEP][PASSED] - setValueToCellByIndex(sheet01, n, 7, todaysDate): null

30-03-2025T17:02:24 - [TEST_STEP][PASSED] - n = n + 1: null

30-03-2025T17:02:24 - [TEST_STEP][FAILED] - saveWorkbook(excelFilePath, workbook01): null

30-03-2025T17:02:24 - [TEST_STEP][PASSED] - if (planFact == 2): null

30-03-2025T17:02:24 - [TEST_STEP][PASSED] - if (planFact == 1): null

30-03-2025T17:02:24 - [TEST_STEP][PASSED] - else if (planFact == 2): null

30-03-2025T17:02:24 - [TEST_STEP][PASSED] - click(findTestObject("Выполнение бизнес-плана/Кнопка План")): Object: 'Object Repository/Выполнение бизнес-плана/Кнопка План' is clicked on

30-03-2025T17:02:25 - [MESSAGE][PASSED] - Object: 'Object Repository/Выполнение бизнес-плана/Кнопка План' is clicked on

30-03-2025T17:02:25 - [TEST_STEP][PASSED] - typeOfDataMain = "План": null

30-03-2025T17:02:25 - [TEST_STEP][PASSED] - otpusk = findTestData("PlanFact").getValue(2, a): null

30-03-2025T17:02:25 - [TEST_STEP][PASSED] - poteri = findTestData("PlanFact").getValue(3, a): null

30-03-2025T17:02:25 - [TEST_STEP][PASSED] - otpusk = otpusk.replaceAll("\s+", ""): null

30-03-2025T17:02:25 - [TEST_STEP][PASSED] - poteri = poteri.replaceAll("\s+", ""): null

30-03-2025T17:02:25 - [TEST_STEP][PASSED] - typeOfData = typeOfDataMain + " Отпуск в сеть": null

30-03-2025T17:02:25 - [TEST_STEP][PASSED] - if (a == 82): null

30-03-2025T17:02:25 - [TEST_STEP][PASSED] - else if (a == 84): null

30-03-2025T17:02:25 - [TEST_STEP][PASSED] - else if (a == 83 || a == 52 || a == 72 || a == 28 || a == 73 || a == 77 || a == 74 || a == 65 || a == 36 || a == 44 || a == 53 || a == 80 || a == 54 || a == 1 || a == 18 || a == 59 || a == 81): null

30-03-2025T17:02:25 - [TEST_STEP][PASSED] - path = dataFolder + "Table Data/" + typeOfData + " за отчётный период " + dzoNum: null

30-03-2025T17:02:25 - [TEST_STEP][PASSED] - println(path): null

30-03-2025T17:02:25 - [TEST_STEP][PASSED] - page = getText(findTestObject(path)): Text of object 'Object Repository/Выполнение бизнес-плана/Значения со страницы Выполнение бизнес-плана/Table Data/План Отпуск в сеть за отчётный период 2' is: '4 033 660'

30-03-2025T17:02:25 - [MESSAGE][PASSED] - Text of object 'Object Repository/Выполнение бизнес-плана/Значения со страницы Выполнение бизнес-плана/Table Data/План Отпуск в сеть за отчётный период 2' is: '4 033 660'

30-03-2025T17:02:25 - [TEST_STEP][PASSED] - if (page == "" || page == null): null

30-03-2025T17:02:25 - [TEST_STEP][PASSED] - else: null

30-03-2025T17:02:25 - [TEST_STEP][PASSED] - page = page.replaceAll("\s+", ""): null

30-03-2025T17:02:25 - [TEST_STEP][PASSED] - if (page == "undefined"): null

30-03-2025T17:02:25 - [TEST_STEP][PASSED] - fileOtpuskVSet = otpusk.toInteger(): null

30-03-2025T17:02:25 - [TEST_STEP][PASSED] - pageOtpuskVSet = page.toInteger(): null

30-03-2025T17:02:25 - [TEST_STEP][PASSED] - typeOfData = typeOfDataMain + " Потери": null

30-03-2025T17:02:25 - [TEST_STEP][PASSED] - if (a == 82): null

30-03-2025T17:02:25 - [TEST_STEP][PASSED] - else if (a == 84): null

30-03-2025T17:02:25 - [TEST_STEP][PASSED] - else if (a == 83 || a == 52 || a == 72 || a == 28 || a == 73 || a == 77 || a == 74 || a == 65 || a == 44 || a == 53 || a == 80 || a == 54 || a == 1 || a == 18 || a == 59 || a == 81): null

30-03-2025T17:02:25 - [TEST_STEP][PASSED] - path = dataFolder + "Table Data/" + typeOfData + " за отчётный период " + dzoNum: null

30-03-2025T17:02:25 - [TEST_STEP][FAILED] - page = getText(findTestObject(path)): Unable to get text of object 'Object Repository/Выполнение бизнес-плана/Значения со страницы Выполнение бизнес-плана/Table Data/План Потери за отчётный период 2' (Root cause: com.kms.katalon.core.exception.StepFailedException: Unable to get text of object 'Object Repository/Выполнение бизнес-плана/Значения со страницы Выполнение бизнес-плана/Table Data/План Потери за отчётный период 2'
	at com.kms.katalon.core.webui.keyword.internal.WebUIKeywordMain.stepFailed(WebUIKeywordMain.groovy:64)
	at com.kms.katalon.core.webui.keyword.internal.WebUIKeywordMain.runKeyword(WebUIKeywordMain.groovy:26)
	at com.kms.katalon.core.webui.keyword.builtin.GetTextKeyword.getText(GetTextKeyword.groovy:88)
	at com.kms.katalon.core.webui.keyword.builtin.GetTextKeyword.execute(GetTextKeyword.groovy:67)
	at com.kms.katalon.core.keyword.internal.KeywordExecutor.executeKeywordForPlatform(KeywordExecutor.groovy:74)
	at com.kms.katalon.core.webui.keyword.WebUiBuiltInKeywords.getText(WebUiBuiltInKeywords.groovy:957)
	at Выполнение бизнес-плана Сверка ПАО Россети все филиалы.Numbers(Выполнение бизнес-плана Сверка ПАО Россети все филиалы:594)
	at Выполнение бизнес-плана Сверка ПАО Россети все филиалы.run(Выполнение бизнес-плана Сверка ПАО Россети все филиалы:231)
	at com.kms.katalon.core.main.ScriptEngine.run(ScriptEngine.java:194)
	at com.kms.katalon.core.main.ScriptEngine.runScriptAsRawText(ScriptEngine.java:119)
	at com.kms.katalon.core.main.TestCaseExecutor.runScript(TestCaseExecutor.java:448)
	at com.kms.katalon.core.main.TestCaseExecutor.doExecute(TestCaseExecutor.java:439)
	at com.kms.katalon.core.main.TestCaseExecutor.processExecutionPhase(TestCaseExecutor.java:418)
	at com.kms.katalon.core.main.TestCaseExecutor.accessMainPhase(TestCaseExecutor.java:410)
	at com.kms.katalon.core.main.TestCaseExecutor.execute(TestCaseExecutor.java:285)
	at com.kms.katalon.core.common.CommonExecutor.accessTestCaseMainPhase(CommonExecutor.java:65)
	at com.kms.katalon.core.main.TestSuiteExecutor.accessTestSuiteMainPhase(TestSuiteExecutor.java:150)
	at com.kms.katalon.core.main.TestSuiteExecutor.execute(TestSuiteExecutor.java:106)
	at com.kms.katalon.core.main.TestCaseMain.startTestSuite(TestCaseMain.java:180)
	at TempTestSuite1743336560690.run(TempTestSuite1743336560690.groovy:35)
	at java.base/jdk.internal.reflect.NativeMethodAccessorImpl.invoke0(Native Method)
	at java.base/jdk.internal.reflect.NativeMethodAccessorImpl.invoke(NativeMethodAccessorImpl.java:77)
	at java.base/jdk.internal.reflect.DelegatingMethodAccessorImpl.invoke(DelegatingMethodAccessorImpl.java:43)
Caused by: com.kms.katalon.core.webui.exception.WebElementNotFoundException: Web element with id: 'Object Repository/Выполнение бизнес-плана/Значения со страницы Выполнение бизнес-плана/Table Data/План Потери за отчётный период 2' located by '(.//*[normalize-space(text()) and normalize-space(.)='Показатели баланса электроэнергии по ДЗО – План'])[2]/following::td[36]' not found
	at com.kms.katalon.core.webui.common.WebUiCommonHelper.findWebElement(WebUiCommonHelper.java:1426)
	at com.kms.katalon.core.webui.keyword.internal.WebUIAbstractKeyword.findWebElement(WebUIAbstractKeyword.groovy:27)
	at com.kms.katalon.core.webui.keyword.internal.WebUIAbstractKeyword.findWebElement(WebUIAbstractKeyword.groovy:26)
	at com.kms.katalon.core.webui.keyword.builtin.GetTextKeyword$_getText_closure1.doCall(GetTextKeyword.groovy:78)
	at com.kms.katalon.core.webui.keyword.builtin.GetTextKeyword$_getText_closure1.call(GetTextKeyword.groovy)
	at com.kms.katalon.core.webui.keyword.internal.WebUIKeywordMain.runKeyword(WebUIKeywordMain.groovy:20)
	at com.kms.katalon.core.webui.keyword.builtin.GetTextKeyword.getText(GetTextKeyword.groovy:88)
	at com.kms.katalon.core.webui.keyword.builtin.GetTextKeyword.execute(GetTextKeyword.groovy:67)
	at com.kms.katalon.core.keyword.internal.KeywordExecutor.executeKeywordForPlatform(KeywordExecutor.groovy:74)
	at com.kms.katalon.core.webui.keyword.WebUiBuiltInKeywords.getText(WebUiBuiltInKeywords.groovy:957)
	at Script1718980020443.Numbers(Script1718980020443.groovy:594)
	at Script1718980020443.run(Script1718980020443.groovy:231)
	... 15 more
)

30-03-2025T17:02:56 - [MESSAGE][INFO] - Unable to find the element located by 'By.xpath: (.//*[normalize-space(text()) and normalize-space(.)='Показатели баланса электроэнергии по ДЗО – План'])[2]/following::td[36]'. Please recheck the objects properties to make sure the desired element is located. 

30-03-2025T17:02:56 - [MESSAGE][FAILED] - Unable to get text of object 'Object Repository/Выполнение бизнес-плана/Значения со страницы Выполнение бизнес-плана/Table Data/План Потери за отчётный период 2' (Root cause: com.kms.katalon.core.exception.StepFailedException: Unable to get text of object 'Object Repository/Выполнение бизнес-плана/Значения со страницы Выполнение бизнес-плана/Table Data/План Потери за отчётный период 2'
	at com.kms.katalon.core.webui.keyword.internal.WebUIKeywordMain.stepFailed(WebUIKeywordMain.groovy:64)
	at com.kms.katalon.core.webui.keyword.internal.WebUIKeywordMain.runKeyword(WebUIKeywordMain.groovy:26)
	at com.kms.katalon.core.webui.keyword.builtin.GetTextKeyword.getText(GetTextKeyword.groovy:88)
	at com.kms.katalon.core.webui.keyword.builtin.GetTextKeyword.execute(GetTextKeyword.groovy:67)
	at com.kms.katalon.core.keyword.internal.KeywordExecutor.executeKeywordForPlatform(KeywordExecutor.groovy:74)
	at com.kms.katalon.core.webui.keyword.WebUiBuiltInKeywords.getText(WebUiBuiltInKeywords.groovy:957)
	at Выполнение бизнес-плана Сверка ПАО Россети все филиалы.Numbers(Выполнение бизнес-плана Сверка ПАО Россети все филиалы:594)
	at Выполнение бизнес-плана Сверка ПАО Россети все филиалы.run(Выполнение бизнес-плана Сверка ПАО Россети все филиалы:231)
	at com.kms.katalon.core.main.ScriptEngine.run(ScriptEngine.java:194)
	at com.kms.katalon.core.main.ScriptEngine.runScriptAsRawText(ScriptEngine.java:119)
	at com.kms.katalon.core.main.TestCaseExecutor.runScript(TestCaseExecutor.java:448)
	at com.kms.katalon.core.main.TestCaseExecutor.doExecute(TestCaseExecutor.java:439)
	at com.kms.katalon.core.main.TestCaseExecutor.processExecutionPhase(TestCaseExecutor.java:418)
	at com.kms.katalon.core.main.TestCaseExecutor.accessMainPhase(TestCaseExecutor.java:410)
	at com.kms.katalon.core.main.TestCaseExecutor.execute(TestCaseExecutor.java:285)
	at com.kms.katalon.core.common.CommonExecutor.accessTestCaseMainPhase(CommonExecutor.java:65)
	at com.kms.katalon.core.main.TestSuiteExecutor.accessTestSuiteMainPhase(TestSuiteExecutor.java:150)
	at com.kms.katalon.core.main.TestSuiteExecutor.execute(TestSuiteExecutor.java:106)
	at com.kms.katalon.core.main.TestCaseMain.startTestSuite(TestCaseMain.java:180)
	at TempTestSuite1743336560690.run(TempTestSuite1743336560690.groovy:35)
	at java.base/jdk.internal.reflect.NativeMethodAccessorImpl.invoke0(Native Method)
	at java.base/jdk.internal.reflect.NativeMethodAccessorImpl.invoke(NativeMethodAccessorImpl.java:77)
	at java.base/jdk.internal.reflect.DelegatingMethodAccessorImpl.invoke(DelegatingMethodAccessorImpl.java:43)
Caused by: com.kms.katalon.core.webui.exception.WebElementNotFoundException: Web element with id: 'Object Repository/Выполнение бизнес-плана/Значения со страницы Выполнение бизнес-плана/Table Data/План Потери за отчётный период 2' located by '(.//*[normalize-space(text()) and normalize-space(.)='Показатели баланса электроэнергии по ДЗО – План'])[2]/following::td[36]' not found
	at com.kms.katalon.core.webui.common.WebUiCommonHelper.findWebElement(WebUiCommonHelper.java:1426)
	at com.kms.katalon.core.webui.keyword.internal.WebUIAbstractKeyword.findWebElement(WebUIAbstractKeyword.groovy:27)
	at com.kms.katalon.core.webui.keyword.internal.WebUIAbstractKeyword.findWebElement(WebUIAbstractKeyword.groovy:26)
	at com.kms.katalon.core.webui.keyword.builtin.GetTextKeyword$_getText_closure1.doCall(GetTextKeyword.groovy:78)
	at com.kms.katalon.core.webui.keyword.builtin.GetTextKeyword$_getText_closure1.call(GetTextKeyword.groovy)
	at com.kms.katalon.core.webui.keyword.internal.WebUIKeywordMain.runKeyword(WebUIKeywordMain.groovy:20)
	at com.kms.katalon.core.webui.keyword.builtin.GetTextKeyword.getText(GetTextKeyword.groovy:88)
	at com.kms.katalon.core.webui.keyword.builtin.GetTextKeyword.execute(GetTextKeyword.groovy:67)
	at com.kms.katalon.core.keyword.internal.KeywordExecutor.executeKeywordForPlatform(KeywordExecutor.groovy:74)
	at com.kms.katalon.core.webui.keyword.WebUiBuiltInKeywords.getText(WebUiBuiltInKeywords.groovy:957)
	at Script1718980020443.Numbers(Script1718980020443.groovy:594)
	at Script1718980020443.run(Script1718980020443.groovy:231)
	... 15 more
)
[[ATTACHMENT|C:\\Users\\LIAZGINA-DI\\git\\SPORU\\Reports\\20250330_150919\\\u041F\u043D-\u0421\u0440-\u041F\u0442\\\u0421\u0432\u0435\u0440\u043A\u0430 \u0434\u0430\u0448\u0431\u043E\u0440\u0434\u043E\u0432 \u0438\u0437 \u0440\u0430\u0437\u043D\u044B\u0445 \u0431\u043B\u043E\u043A\u043E\u0432\\20250330_150920\\1743343376767.png]]

30-03-2025T17:02:56 - [TEST_STEP][PASSED] - if (page == "" || page == null): null

30-03-2025T17:02:56 - [TEST_STEP][PASSED] - fileInt = poteri.toInteger(): null

30-03-2025T17:02:56 - [TEST_STEP][PASSED] - Script1718980020443.WriteToExcelNoData(a, typeOfData, todaysDate, fileInt, fileDouble, dZO): null

30-03-2025T17:02:56 - [TEST_STEP][PASSED] - sheetName = "Sheet1": null

30-03-2025T17:02:56 - [TEST_STEP][PASSED] - data = findTestData("PlanFact"): null

30-03-2025T17:02:56 - [TEST_STEP][PASSED] - n = data.getRowNumbers() + 1: null

30-03-2025T17:02:56 - [TEST_STEP][PASSED] - day = ")).toInteger(): null

30-03-2025T17:02:56 - [TEST_STEP][PASSED] - println(day): null

30-03-2025T17:02:56 - [TEST_STEP][PASSED] - month = ")).toInteger(): null

30-03-2025T17:02:56 - [TEST_STEP][PASSED] - println(month): null

30-03-2025T17:02:56 - [TEST_STEP][PASSED] - y = <not implemented yet for class: org.codehaus.groovy.ast.expr.EmptyExpression>: null

30-03-2025T17:02:56 - [TEST_STEP][PASSED] - iy = <not implemented yet for class: org.codehaus.groovy.ast.expr.EmptyExpression>: null

30-03-2025T17:02:56 - [TEST_STEP][PASSED] - m = getText(findTestObject("Выполнение бизнес-плана/Период")): Text of object 'Object Repository/Выполнение бизнес-плана/Период' is: 'Январь 2025 года'

30-03-2025T17:02:57 - [MESSAGE][PASSED] - Text of object 'Object Repository/Выполнение бизнес-плана/Период' is: 'Январь 2025 года'

30-03-2025T17:02:57 - [TEST_STEP][PASSED] - iy = m.indexOf("20"): null

30-03-2025T17:02:57 - [TEST_STEP][PASSED] - if (iy > -1): null

30-03-2025T17:02:57 - [TEST_STEP][PASSED] - y = substring(iy, iy + 4).toInteger(): null

30-03-2025T17:02:57 - [TEST_STEP][PASSED] - println(y): null

30-03-2025T17:02:57 - [TEST_STEP][PASSED] - if (toString().length() == 4): null

30-03-2025T17:02:57 - [TEST_STEP][PASSED] - m = m.substring(0, m.indexOf(y.toString())): null

30-03-2025T17:02:57 - [TEST_STEP][PASSED] - m = m.trim(): null

30-03-2025T17:02:57 - [TEST_STEP][PASSED] - if (m == ""): null

30-03-2025T17:02:57 - [TEST_STEP][PASSED] - dashboardName = "Выполнение бизнес-плана": null

30-03-2025T17:02:57 - [TEST_STEP][PASSED] - workbook01 = getWorkbook(excelFilePath): null

30-03-2025T17:02:57 - [TEST_STEP][PASSED] - sheet01 = getExcelSheet(workbook01, sheetName): null

30-03-2025T17:02:57 - [TEST_STEP][PASSED] - setValueToCellByIndex(sheet01, n, 0, dashboardName): null

30-03-2025T17:02:57 - [TEST_STEP][PASSED] - setValueToCellByIndex(sheet01, n, 1, dZO): null

30-03-2025T17:02:57 - [TEST_STEP][PASSED] - setValueToCellByIndex(sheet01, n, 2, typeOfData): null

30-03-2025T17:02:57 - [TEST_STEP][PASSED] - if (typeOfData == "Факт в процентах" || typeOfData == "План в процентах"): null

30-03-2025T17:02:57 - [TEST_STEP][PASSED] - else: null

30-03-2025T17:02:57 - [TEST_STEP][PASSED] - setValueToCellByIndex(sheet01, n, 3, fileInt): null

30-03-2025T17:02:57 - [TEST_STEP][PASSED] - setValueToCellByIndex(sheet01, n, 4, "нет данных"): null

30-03-2025T17:02:57 - [TEST_STEP][PASSED] - setValueToCellByIndex(sheet01, n, 5, m): null

30-03-2025T17:02:57 - [TEST_STEP][PASSED] - setValueToCellByIndex(sheet01, n, 6, y): null

30-03-2025T17:02:57 - [TEST_STEP][PASSED] - setValueToCellByIndex(sheet01, n, 7, todaysDate): null

30-03-2025T17:02:57 - [TEST_STEP][PASSED] - n = n + 1: null

30-03-2025T17:02:57 - [TEST_STEP][PASSED] - saveWorkbook(excelFilePath, workbook01): null

30-03-2025T17:02:57 - [TEST_STEP][PASSED] - compare = pageOtpuskVSet: null

30-03-2025T17:02:57 - [TEST_STEP][PASSED] - if (pageOtpuskVSet != null): null

30-03-2025T17:02:57 - [TEST_STEP][PASSED] - if (compare == fileOtpuskVSet): null

30-03-2025T17:02:57 - [TEST_STEP][PASSED] - else if (compare > fileOtpuskVSet): null

30-03-2025T17:02:57 - [TEST_STEP][PASSED] - else if (compare < fileOtpuskVSet): null

30-03-2025T17:02:57 - [TEST_STEP][PASSED] - compare = compare + 1: null

30-03-2025T17:02:57 - [TEST_STEP][PASSED] - if (compare == fileOtpuskVSet): null

30-03-2025T17:02:57 - [TEST_STEP][PASSED] - else: null

30-03-2025T17:02:57 - [TEST_STEP][PASSED] - numberOfErrors = numberOfErrors + 1: null

30-03-2025T17:02:57 - [TEST_STEP][PASSED] - pageInt = pageOtpuskVSet: null

30-03-2025T17:02:57 - [TEST_STEP][PASSED] - fileInt = fileOtpuskVSet: null

30-03-2025T17:02:57 - [TEST_STEP][PASSED] - typeOfData = typeOfDataMain + " Отпуск в сеть": null

30-03-2025T17:02:57 - [TEST_STEP][PASSED] - Script1718980020443.WriteToExcel(a, typeOfData, todaysDate, pageInt, fileInt, pageDouble, fileDouble, dZO): null

30-03-2025T17:02:57 - [TEST_STEP][PASSED] - sheetName = "Sheet1": null

30-03-2025T17:02:57 - [TEST_STEP][PASSED] - data = findTestData("PlanFact"): null

30-03-2025T17:02:57 - [TEST_STEP][PASSED] - n = data.getRowNumbers() + 1: null

30-03-2025T17:02:57 - [TEST_STEP][PASSED] - day = ")).toInteger(): null

30-03-2025T17:02:57 - [TEST_STEP][PASSED] - println(day): null

30-03-2025T17:02:57 - [TEST_STEP][PASSED] - month = ")).toInteger(): null

30-03-2025T17:02:57 - [TEST_STEP][PASSED] - println(month): null

30-03-2025T17:02:57 - [TEST_STEP][PASSED] - y = <not implemented yet for class: org.codehaus.groovy.ast.expr.EmptyExpression>: null

30-03-2025T17:02:57 - [TEST_STEP][PASSED] - iy = <not implemented yet for class: org.codehaus.groovy.ast.expr.EmptyExpression>: null

30-03-2025T17:02:57 - [TEST_STEP][PASSED] - m = getText(findTestObject("Выполнение бизнес-плана/Период")): Text of object 'Object Repository/Выполнение бизнес-плана/Период' is: 'Январь 2025 года'

30-03-2025T17:02:57 - [MESSAGE][PASSED] - Text of object 'Object Repository/Выполнение бизнес-плана/Период' is: 'Январь 2025 года'

30-03-2025T17:02:57 - [TEST_STEP][PASSED] - iy = m.indexOf("20"): null

30-03-2025T17:02:57 - [TEST_STEP][PASSED] - if (iy > -1): null

30-03-2025T17:02:57 - [TEST_STEP][PASSED] - y = substring(iy, iy + 4).toInteger(): null

30-03-2025T17:02:57 - [TEST_STEP][PASSED] - println(y): null

30-03-2025T17:02:57 - [TEST_STEP][PASSED] - if (toString().length() == 4): null

30-03-2025T17:02:57 - [TEST_STEP][PASSED] - m = m.substring(0, m.indexOf(y.toString())): null

30-03-2025T17:02:57 - [TEST_STEP][PASSED] - m = m.trim(): null

30-03-2025T17:02:57 - [TEST_STEP][PASSED] - if (m == ""): null

30-03-2025T17:02:57 - [TEST_STEP][PASSED] - dashboardName = "Выполнение бизнес-плана": null

30-03-2025T17:02:57 - [TEST_STEP][PASSED] - workbook01 = getWorkbook(excelFilePath): null

30-03-2025T17:02:57 - [TEST_STEP][PASSED] - sheet01 = getExcelSheet(workbook01, sheetName): null

30-03-2025T17:02:57 - [TEST_STEP][PASSED] - setValueToCellByIndex(sheet01, n, 0, dashboardName): null

30-03-2025T17:02:57 - [TEST_STEP][PASSED] - setValueToCellByIndex(sheet01, n, 1, dZO): null

30-03-2025T17:02:57 - [TEST_STEP][PASSED] - setValueToCellByIndex(sheet01, n, 2, typeOfData): null

30-03-2025T17:02:57 - [TEST_STEP][PASSED] - if (typeOfData == "Факт в процентах" || typeOfData == "План в процентах"): null

30-03-2025T17:02:57 - [TEST_STEP][PASSED] - else: null

30-03-2025T17:02:57 - [TEST_STEP][PASSED] - setValueToCellByIndex(sheet01, n, 3, fileInt): null

30-03-2025T17:02:57 - [TEST_STEP][PASSED] - setValueToCellByIndex(sheet01, n, 4, pageInt): null

30-03-2025T17:02:57 - [TEST_STEP][PASSED] - setValueToCellByIndex(sheet01, n, 5, m): null

30-03-2025T17:02:57 - [TEST_STEP][PASSED] - setValueToCellByIndex(sheet01, n, 6, y): null

30-03-2025T17:02:57 - [TEST_STEP][PASSED] - setValueToCellByIndex(sheet01, n, 7, todaysDate): null

30-03-2025T17:02:57 - [TEST_STEP][PASSED] - n = n + 1: null

30-03-2025T17:02:57 - [TEST_STEP][PASSED] - saveWorkbook(excelFilePath, workbook01): null

30-03-2025T17:02:58 - [TEST_STEP][PASSED] - compare = pagePoteri: null

30-03-2025T17:02:58 - [TEST_STEP][PASSED] - if (pageOtpuskVSet != null): null

30-03-2025T17:02:58 - [TEST_STEP][PASSED] - if (compare == filePoteri): null

30-03-2025T17:02:58 - [TEST_STEP][PASSED] - else if (compare > filePoteri): null

30-03-2025T17:02:58 - [TEST_STEP][PASSED] - compare = compare - 1: null

30-03-2025T17:02:58 - [TEST_STEP][PASSED] - if (compare == filePoteri): null

30-03-2025T17:02:58 - [TEST_STEP][PASSED] - else: null

30-03-2025T17:02:58 - [TEST_STEP][PASSED] - numberOfErrors = numberOfErrors + 1: null

30-03-2025T17:02:58 - [TEST_STEP][PASSED] - pageInt = pagePoteri: null

30-03-2025T17:02:58 - [TEST_STEP][PASSED] - fileInt = filePoteri: null

30-03-2025T17:02:58 - [TEST_STEP][PASSED] - typeOfData = typeOfDataMain + " Потери": null

30-03-2025T17:02:58 - [TEST_STEP][PASSED] - Script1718980020443.WriteToExcel(a, typeOfData, todaysDate, pageInt, fileInt, pageDouble, fileDouble, dZO): null

30-03-2025T17:02:58 - [TEST_STEP][PASSED] - sheetName = "Sheet1": null

30-03-2025T17:02:58 - [TEST_STEP][PASSED] - data = findTestData("PlanFact"): null

30-03-2025T17:02:58 - [TEST_STEP][PASSED] - n = data.getRowNumbers() + 1: null

30-03-2025T17:02:58 - [TEST_STEP][PASSED] - day = ")).toInteger(): null

30-03-2025T17:02:58 - [TEST_STEP][PASSED] - println(day): null

30-03-2025T17:02:58 - [TEST_STEP][PASSED] - month = ")).toInteger(): null

30-03-2025T17:02:58 - [TEST_STEP][PASSED] - println(month): null

30-03-2025T17:02:58 - [TEST_STEP][PASSED] - y = <not implemented yet for class: org.codehaus.groovy.ast.expr.EmptyExpression>: null

30-03-2025T17:02:58 - [TEST_STEP][PASSED] - iy = <not implemented yet for class: org.codehaus.groovy.ast.expr.EmptyExpression>: null

30-03-2025T17:02:58 - [TEST_STEP][PASSED] - m = getText(findTestObject("Выполнение бизнес-плана/Период")): Text of object 'Object Repository/Выполнение бизнес-плана/Период' is: 'Январь 2025 года'

30-03-2025T17:02:58 - [MESSAGE][PASSED] - Text of object 'Object Repository/Выполнение бизнес-плана/Период' is: 'Январь 2025 года'

30-03-2025T17:02:58 - [TEST_STEP][PASSED] - iy = m.indexOf("20"): null

30-03-2025T17:02:58 - [TEST_STEP][PASSED] - if (iy > -1): null

30-03-2025T17:02:58 - [TEST_STEP][PASSED] - y = substring(iy, iy + 4).toInteger(): null

30-03-2025T17:02:58 - [TEST_STEP][PASSED] - println(y): null

30-03-2025T17:02:58 - [TEST_STEP][PASSED] - if (toString().length() == 4): null

30-03-2025T17:02:58 - [TEST_STEP][PASSED] - m = m.substring(0, m.indexOf(y.toString())): null

30-03-2025T17:02:58 - [TEST_STEP][PASSED] - m = m.trim(): null

30-03-2025T17:02:58 - [TEST_STEP][PASSED] - if (m == ""): null

30-03-2025T17:02:58 - [TEST_STEP][PASSED] - dashboardName = "Выполнение бизнес-плана": null

30-03-2025T17:02:58 - [TEST_STEP][PASSED] - workbook01 = getWorkbook(excelFilePath): null

30-03-2025T17:02:58 - [TEST_STEP][PASSED] - sheet01 = getExcelSheet(workbook01, sheetName): null

30-03-2025T17:02:58 - [TEST_STEP][PASSED] - setValueToCellByIndex(sheet01, n, 0, dashboardName): null

30-03-2025T17:02:58 - [TEST_STEP][PASSED] - setValueToCellByIndex(sheet01, n, 1, dZO): null

30-03-2025T17:02:58 - [TEST_STEP][PASSED] - setValueToCellByIndex(sheet01, n, 2, typeOfData): null

30-03-2025T17:02:58 - [TEST_STEP][PASSED] - if (typeOfData == "Факт в процентах" || typeOfData == "План в процентах"): null

30-03-2025T17:02:58 - [TEST_STEP][PASSED] - else: null

30-03-2025T17:02:58 - [TEST_STEP][PASSED] - setValueToCellByIndex(sheet01, n, 3, fileInt): null

30-03-2025T17:02:58 - [TEST_STEP][PASSED] - setValueToCellByIndex(sheet01, n, 4, pageInt): null

30-03-2025T17:02:58 - [TEST_STEP][PASSED] - setValueToCellByIndex(sheet01, n, 5, m): null

30-03-2025T17:02:58 - [TEST_STEP][PASSED] - setValueToCellByIndex(sheet01, n, 6, y): null

30-03-2025T17:02:58 - [TEST_STEP][PASSED] - setValueToCellByIndex(sheet01, n, 7, todaysDate): null

30-03-2025T17:02:58 - [TEST_STEP][PASSED] - n = n + 1: null

30-03-2025T17:02:58 - [TEST_STEP][PASSED] - saveWorkbook(excelFilePath, workbook01): Object: 'Object Repository/Выполнение бизнес-плана/Кнопка Факт' is clicked on

30-03-2025T17:02:58 - [TEST_STEP][PASSED] - if (planFact == 2): Object: 'Object Repository/Выполнение бизнес-плана/Кнопка Факт' is clicked on

30-03-2025T17:02:58 - [TEST_STEP][PASSED] - click(findTestObject("Выполнение бизнес-плана/Кнопка Факт")): Object: 'Object Repository/Выполнение бизнес-плана/Кнопка Факт' is clicked on

30-03-2025T17:02:59 - [MESSAGE][PASSED] - Object: 'Object Repository/Выполнение бизнес-плана/Кнопка Факт' is clicked on

30-03-2025T17:02:59 - [TEST_STEP][PASSED] - println("a=" + a): null

30-03-2025T17:02:59 - [TEST_STEP][PASSED] - if (a == 84 || a == 82): null

30-03-2025T17:02:59 - [TEST_STEP][PASSED] - else if (a == 83 || a == 52 || a == 72 || a == 28 || a == 73 || a == 77 || a == 74 || a == 65 || a == 36 || a == 44 || a == 53 || a == 80 || a == 54 || a == 1 || a == 18 || a == 59 || a == 81): null

30-03-2025T17:02:59 - [TEST_STEP][PASSED] - page1 = getText(findTestObject("Object Repository/Выполнение бизнес-плана/spanPlan" + dzoNum)): Text of object 'Object Repository/Выполнение бизнес-плана/spanPlan2' is: '6.39
|'

30-03-2025T17:02:59 - [MESSAGE][PASSED] - Text of object 'Object Repository/Выполнение бизнес-плана/spanPlan2' is: '6.39
|'

30-03-2025T17:02:59 - [TEST_STEP][PASSED] - page1 = page1.replace("|", ""): null

30-03-2025T17:02:59 - [TEST_STEP][PASSED] - page2 = getText(findTestObject("Object Repository/Выполнение бизнес-плана/spanFact" + dzoNum)): Text of object 'Object Repository/Выполнение бизнес-плана/spanFact2' is: '5.47'

30-03-2025T17:02:59 - [MESSAGE][PASSED] - Text of object 'Object Repository/Выполнение бизнес-плана/spanFact2' is: '5.47'

30-03-2025T17:02:59 - [TEST_STEP][PASSED] - page2 = page2.replace("|", ""): null

30-03-2025T17:02:59 - [TEST_STEP][PASSED] - println("page1: " + page1): null

30-03-2025T17:02:59 - [TEST_STEP][PASSED] - println("page2: " + page2): null

30-03-2025T17:02:59 - [TEST_STEP][PASSED] - file = findTestData("PlanFact").getValue(4, a): null

30-03-2025T17:02:59 - [TEST_STEP][PASSED] - file = file.replace(",", "."): null

30-03-2025T17:02:59 - [TEST_STEP][PASSED] - println("file Plan: " + file): null

30-03-2025T17:02:59 - [TEST_STEP][PASSED] - typeOfData = "План в процентах": null

30-03-2025T17:02:59 - [TEST_STEP][PASSED] - fileDouble = file.toDouble(): null

30-03-2025T17:02:59 - [TEST_STEP][PASSED] - pageDouble = page1.toDouble(): null

30-03-2025T17:02:59 - [TEST_STEP][PASSED] - if (fileDouble != pageDouble): null

30-03-2025T17:02:59 - [TEST_STEP][PASSED] - numberOfErrors = numberOfErrors + 1: null

30-03-2025T17:02:59 - [TEST_STEP][PASSED] - Script1718980020443.WriteToExcel(a, typeOfData, todaysDate, pageInt, fileInt, pageDouble, fileDouble, dZO): null

30-03-2025T17:02:59 - [TEST_STEP][PASSED] - sheetName = "Sheet1": null

30-03-2025T17:02:59 - [TEST_STEP][PASSED] - data = findTestData("PlanFact"): null

30-03-2025T17:02:59 - [TEST_STEP][PASSED] - n = data.getRowNumbers() + 1: null

30-03-2025T17:02:59 - [TEST_STEP][PASSED] - day = ")).toInteger(): null

30-03-2025T17:02:59 - [TEST_STEP][PASSED] - println(day): null

30-03-2025T17:02:59 - [TEST_STEP][PASSED] - month = ")).toInteger(): null

30-03-2025T17:02:59 - [TEST_STEP][PASSED] - println(month): null

30-03-2025T17:02:59 - [TEST_STEP][PASSED] - y = <not implemented yet for class: org.codehaus.groovy.ast.expr.EmptyExpression>: null

30-03-2025T17:02:59 - [TEST_STEP][PASSED] - iy = <not implemented yet for class: org.codehaus.groovy.ast.expr.EmptyExpression>: null

30-03-2025T17:02:59 - [TEST_STEP][PASSED] - m = getText(findTestObject("Выполнение бизнес-плана/Период")): Text of object 'Object Repository/Выполнение бизнес-плана/Период' is: 'Январь 2025 года'

30-03-2025T17:03:00 - [MESSAGE][PASSED] - Text of object 'Object Repository/Выполнение бизнес-плана/Период' is: 'Январь 2025 года'

30-03-2025T17:03:00 - [TEST_STEP][PASSED] - iy = m.indexOf("20"): null

30-03-2025T17:03:00 - [TEST_STEP][PASSED] - if (iy > -1): null

30-03-2025T17:03:00 - [TEST_STEP][PASSED] - y = substring(iy, iy + 4).toInteger(): null

30-03-2025T17:03:00 - [TEST_STEP][PASSED] - println(y): null

30-03-2025T17:03:00 - [TEST_STEP][PASSED] - if (toString().length() == 4): null

30-03-2025T17:03:00 - [TEST_STEP][PASSED] - m = m.substring(0, m.indexOf(y.toString())): null

30-03-2025T17:03:00 - [TEST_STEP][PASSED] - m = m.trim(): null

30-03-2025T17:03:00 - [TEST_STEP][PASSED] - if (m == ""): null

30-03-2025T17:03:00 - [TEST_STEP][PASSED] - dashboardName = "Выполнение бизнес-плана": null

30-03-2025T17:03:00 - [TEST_STEP][PASSED] - workbook01 = getWorkbook(excelFilePath): null

30-03-2025T17:03:00 - [TEST_STEP][PASSED] - sheet01 = getExcelSheet(workbook01, sheetName): null

30-03-2025T17:03:00 - [TEST_STEP][PASSED] - setValueToCellByIndex(sheet01, n, 0, dashboardName): null

30-03-2025T17:03:00 - [TEST_STEP][PASSED] - setValueToCellByIndex(sheet01, n, 1, dZO): null

30-03-2025T17:03:00 - [TEST_STEP][PASSED] - setValueToCellByIndex(sheet01, n, 2, typeOfData): null

30-03-2025T17:03:00 - [TEST_STEP][PASSED] - if (typeOfData == "Факт в процентах" || typeOfData == "План в процентах"): null

30-03-2025T17:03:00 - [TEST_STEP][PASSED] - setValueToCellByIndex(sheet01, n, 3, fileDouble): null

30-03-2025T17:03:00 - [TEST_STEP][PASSED] - setValueToCellByIndex(sheet01, n, 4, pageDouble): null

30-03-2025T17:03:00 - [TEST_STEP][PASSED] - setValueToCellByIndex(sheet01, n, 5, m): null

30-03-2025T17:03:00 - [TEST_STEP][PASSED] - setValueToCellByIndex(sheet01, n, 6, y): null

30-03-2025T17:03:00 - [TEST_STEP][PASSED] - setValueToCellByIndex(sheet01, n, 7, todaysDate): null

30-03-2025T17:03:00 - [TEST_STEP][PASSED] - n = n + 1: null

30-03-2025T17:03:00 - [TEST_STEP][PASSED] - saveWorkbook(excelFilePath, workbook01): null

30-03-2025T17:03:00 - [TEST_STEP][PASSED] - file = findTestData("PlanFact").getValue(7, a): null

30-03-2025T17:03:00 - [TEST_STEP][PASSED] - file = file.replace(",", "."): null

30-03-2025T17:03:00 - [TEST_STEP][PASSED] - println("file Fact: " + file): null

30-03-2025T17:03:00 - [TEST_STEP][PASSED] - fileDouble = file.toDouble(): null

30-03-2025T17:03:00 - [TEST_STEP][PASSED] - typeOfData = "Факт в процентах": null

30-03-2025T17:03:00 - [TEST_STEP][PASSED] - fileDouble = file.toDouble(): null

30-03-2025T17:03:00 - [TEST_STEP][PASSED] - pageDouble = page2.toDouble(): null

30-03-2025T17:03:00 - [TEST_STEP][PASSED] - if (fileDouble != pageDouble): null

30-03-2025T17:03:00 - [TEST_STEP][PASSED] - numberOfErrors = numberOfErrors + 1: null

30-03-2025T17:03:00 - [TEST_STEP][PASSED] - Script1718980020443.WriteToExcel(a, typeOfData, todaysDate, pageInt, fileInt, pageDouble, fileDouble, dZO): null

30-03-2025T17:03:00 - [TEST_STEP][PASSED] - sheetName = "Sheet1": null

30-03-2025T17:03:00 - [TEST_STEP][PASSED] - data = findTestData("PlanFact"): null

30-03-2025T17:03:00 - [TEST_STEP][PASSED] - n = data.getRowNumbers() + 1: null

30-03-2025T17:03:00 - [TEST_STEP][PASSED] - day = ")).toInteger(): null

30-03-2025T17:03:00 - [TEST_STEP][PASSED] - println(day): null

30-03-2025T17:03:00 - [TEST_STEP][PASSED] - month = ")).toInteger(): null

30-03-2025T17:03:00 - [TEST_STEP][PASSED] - println(month): null

30-03-2025T17:03:00 - [TEST_STEP][PASSED] - y = <not implemented yet for class: org.codehaus.groovy.ast.expr.EmptyExpression>: null

30-03-2025T17:03:00 - [TEST_STEP][PASSED] - iy = <not implemented yet for class: org.codehaus.groovy.ast.expr.EmptyExpression>: null

30-03-2025T17:03:00 - [TEST_STEP][PASSED] - m = getText(findTestObject("Выполнение бизнес-плана/Период")): Text of object 'Object Repository/Выполнение бизнес-плана/Период' is: 'Январь 2025 года'

30-03-2025T17:03:00 - [MESSAGE][PASSED] - Text of object 'Object Repository/Выполнение бизнес-плана/Период' is: 'Январь 2025 года'

30-03-2025T17:03:00 - [TEST_STEP][PASSED] - iy = m.indexOf("20"): null

30-03-2025T17:03:00 - [TEST_STEP][PASSED] - if (iy > -1): null

30-03-2025T17:03:00 - [TEST_STEP][PASSED] - y = substring(iy, iy + 4).toInteger(): null

30-03-2025T17:03:00 - [TEST_STEP][PASSED] - println(y): null

30-03-2025T17:03:00 - [TEST_STEP][PASSED] - if (toString().length() == 4): null

30-03-2025T17:03:00 - [TEST_STEP][PASSED] - m = m.substring(0, m.indexOf(y.toString())): null

30-03-2025T17:03:00 - [TEST_STEP][PASSED] - m = m.trim(): null

30-03-2025T17:03:00 - [TEST_STEP][PASSED] - if (m == ""): null

30-03-2025T17:03:00 - [TEST_STEP][PASSED] - dashboardName = "Выполнение бизнес-плана": null

30-03-2025T17:03:00 - [TEST_STEP][PASSED] - workbook01 = getWorkbook(excelFilePath): null

30-03-2025T17:03:00 - [TEST_STEP][PASSED] - sheet01 = getExcelSheet(workbook01, sheetName): null

30-03-2025T17:03:00 - [TEST_STEP][PASSED] - setValueToCellByIndex(sheet01, n, 0, dashboardName): null

30-03-2025T17:03:00 - [TEST_STEP][PASSED] - setValueToCellByIndex(sheet01, n, 1, dZO): null

30-03-2025T17:03:00 - [TEST_STEP][PASSED] - setValueToCellByIndex(sheet01, n, 2, typeOfData): null

30-03-2025T17:03:00 - [TEST_STEP][PASSED] - if (typeOfData == "Факт в процентах" || typeOfData == "План в процентах"): null

30-03-2025T17:03:00 - [TEST_STEP][PASSED] - setValueToCellByIndex(sheet01, n, 3, fileDouble): null

30-03-2025T17:03:00 - [TEST_STEP][PASSED] - setValueToCellByIndex(sheet01, n, 4, pageDouble): null

30-03-2025T17:03:00 - [TEST_STEP][PASSED] - setValueToCellByIndex(sheet01, n, 5, m): null

30-03-2025T17:03:00 - [TEST_STEP][PASSED] - setValueToCellByIndex(sheet01, n, 6, y): null

30-03-2025T17:03:00 - [TEST_STEP][PASSED] - setValueToCellByIndex(sheet01, n, 7, todaysDate): null

30-03-2025T17:03:00 - [TEST_STEP][PASSED] - n = n + 1: null

30-03-2025T17:03:00 - [TEST_STEP][PASSED] - saveWorkbook(excelFilePath, workbook01): null

30-03-2025T17:03:01 - [TEST_STEP][FAILED] - if (verifyEqual(numberOfErrors, 0) == false): null

30-03-2025T17:03:01 - [MESSAGE][FAILED] - Unable to verify equal between actual object '6' and expected object '0' (Root cause: com.kms.katalon.core.exception.StepFailedException: Actual object '6' and expected object '0' are not equal
	at com.kms.katalon.core.keyword.builtin.VerifyEqualKeyword$_verifyEqual_closure1.doCall(VerifyEqualKeyword.groovy:58)
	at com.kms.katalon.core.keyword.builtin.VerifyEqualKeyword$_verifyEqual_closure1.call(VerifyEqualKeyword.groovy)
	at com.kms.katalon.core.keyword.internal.KeywordMain.runKeyword(KeywordMain.groovy:75)
	at com.kms.katalon.core.keyword.builtin.VerifyEqualKeyword.verifyEqual(VerifyEqualKeyword.groovy:63)
	at com.kms.katalon.core.keyword.builtin.VerifyEqualKeyword.execute(VerifyEqualKeyword.groovy:44)
	at com.kms.katalon.core.keyword.internal.KeywordExecutor.executeKeywordForPlatform(KeywordExecutor.groovy:74)
	at com.kms.katalon.core.keyword.BuiltinKeywords.verifyEqual(BuiltinKeywords.groovy:146)
	at jdk.internal.reflect.GeneratedMethodAccessor22.invoke(Unknown Source)
	at java.base/jdk.internal.reflect.DelegatingMethodAccessorImpl.invoke(DelegatingMethodAccessorImpl.java:43)
	at Выполнение бизнес-плана Сверка ПАО Россети все филиалы.Numbers(Выполнение бизнес-плана Сверка ПАО Россети все филиалы:744)
	at Выполнение бизнес-плана Сверка ПАО Россети все филиалы.run(Выполнение бизнес-плана Сверка ПАО Россети все филиалы:231)
	at com.kms.katalon.core.main.ScriptEngine.run(ScriptEngine.java:194)
	at com.kms.katalon.core.main.ScriptEngine.runScriptAsRawText(ScriptEngine.java:119)
	at com.kms.katalon.core.main.TestCaseExecutor.runScript(TestCaseExecutor.java:448)
	at com.kms.katalon.core.main.TestCaseExecutor.doExecute(TestCaseExecutor.java:439)
	at com.kms.katalon.core.main.TestCaseExecutor.processExecutionPhase(TestCaseExecutor.java:418)
	at com.kms.katalon.core.main.TestCaseExecutor.accessMainPhase(TestCaseExecutor.java:410)
	at com.kms.katalon.core.main.TestCaseExecutor.execute(TestCaseExecutor.java:285)
	at com.kms.katalon.core.common.CommonExecutor.accessTestCaseMainPhase(CommonExecutor.java:65)
	at com.kms.katalon.core.main.TestSuiteExecutor.accessTestSuiteMainPhase(TestSuiteExecutor.java:150)
	at com.kms.katalon.core.main.TestSuiteExecutor.execute(TestSuiteExecutor.java:106)
	at com.kms.katalon.core.main.TestCaseMain.startTestSuite(TestCaseMain.java:180)
	at TempTestSuite1743336560690.run(TempTestSuite1743336560690.groovy:35)
	at java.base/jdk.internal.reflect.NativeMethodAccessorImpl.invoke0(Native Method)
	at java.base/jdk.internal.reflect.NativeMethodAccessorImpl.invoke(NativeMethodAccessorImpl.java:77)
	at java.base/jdk.internal.reflect.DelegatingMethodAccessorImpl.invoke(DelegatingMethodAccessorImpl.java:43)
)

30-03-2025T17:03:01 - [TEST_STEP][PASSED] - println(numberOfErrors): null

30-03-2025T17:03:01 - [TEST_STEP][PASSED] - println("a=" + a): null

30-03-2025T17:03:01 - [TEST_STEP][PASSED] - if (a == 28 || a == 77 || a == 74 || a == 65 || a == 36 || a == 44 || a == 54 || a == 1 || a == 18 || a == 59): null

30-03-2025T17:03:01 - [TEST_STEP][PASSED] - Script1718980020443.Filials(a, typeOfData, todaysDate, pageInt, fileInt, pageDouble, fileDouble, dZO, dzoNum, filialNum): null

30-03-2025T17:03:01 - [TEST_STEP][PASSED] - i = <not implemented yet for class: org.codehaus.groovy.ast.expr.EmptyExpression>: null

30-03-2025T17:03:01 - [TEST_STEP][PASSED] - c = <not implemented yet for class: org.codehaus.groovy.ast.expr.EmptyExpression>: null

30-03-2025T17:03:01 - [TEST_STEP][PASSED] - page = <not implemented yet for class: org.codehaus.groovy.ast.expr.EmptyExpression>: null

30-03-2025T17:03:01 - [TEST_STEP][PASSED] - println(dZO): null

30-03-2025T17:03:01 - [TEST_STEP][PASSED] - reducedDZO = <not implemented yet for class: org.codehaus.groovy.ast.expr.EmptyExpression>: null

30-03-2025T17:03:01 - [TEST_STEP][PASSED] - reducedDZO = dZO.substring(dZO.indexOf(" ") + 1, dZO.length()): null

30-03-2025T17:03:01 - [TEST_STEP][PASSED] - if (reducedDZO.contains(" ")): null

30-03-2025T17:03:01 - [TEST_STEP][PASSED] - println(reducedDZO): null

30-03-2025T17:03:01 - [TEST_STEP][PASSED] - dzoCut = <not implemented yet for class: org.codehaus.groovy.ast.expr.EmptyExpression>: null

30-03-2025T17:03:01 - [TEST_STEP][PASSED] - Script1718980020443.DZO(a): null

30-03-2025T17:03:01 - [TEST_STEP][PASSED] - delay(20): Delayed 20 second(s)

30-03-2025T17:03:21 - [MESSAGE][PASSED] - Delayed 20 second(s)

30-03-2025T17:03:21 - [TEST_STEP][PASSED] - Script1718980020443.OpenFilter(): null

30-03-2025T17:03:21 - [TEST_STEP][PASSED] - click(findTestObject("Object Repository/Выполнение бизнес-плана/Фильтр ДЗО")): Object: 'Object Repository/Выполнение бизнес-плана/Фильтр ДЗО' is clicked on

30-03-2025T17:03:21 - [MESSAGE][PASSED] - Object: 'Object Repository/Выполнение бизнес-плана/Фильтр ДЗО' is clicked on

30-03-2025T17:03:21 - [TEST_STEP][PASSED] - click(findTestObject("Выполнение бизнес-плана/Снять выделение в фильтре ДЗО")): Object: 'Object Repository/Выполнение бизнес-плана/Снять выделение в фильтре ДЗО' is clicked on

30-03-2025T17:03:22 - [MESSAGE][PASSED] - Object: 'Object Repository/Выполнение бизнес-плана/Снять выделение в фильтре ДЗО' is clicked on

30-03-2025T17:03:22 - [TEST_STEP][PASSED] - Script1718980020443.OpenRSK(): null

30-03-2025T17:03:22 - [TEST_STEP][PASSED] - click(findTestObject("Выполнение бизнес-плана/Раскрыть список ПАО Россети в фильтре ДЗО")): Object: 'Object Repository/Выполнение бизнес-плана/Раскрыть список ПАО Россети в фильтре ДЗО' is clicked on

30-03-2025T17:03:22 - [MESSAGE][PASSED] - Object: 'Object Repository/Выполнение бизнес-плана/Раскрыть список ПАО Россети в фильтре ДЗО' is clicked on

30-03-2025T17:03:22 - [TEST_STEP][PASSED] - click(findTestObject("Выполнение бизнес-плана/Раскрыть список РаспредКомплекс в фильтре ДЗО")): Object: 'Object Repository/Выполнение бизнес-плана/Раскрыть список РаспредКомплекс в фильтре ДЗО' is clicked on

30-03-2025T17:03:22 - [MESSAGE][PASSED] - Object: 'Object Repository/Выполнение бизнес-плана/Раскрыть список РаспредКомплекс в фильтре ДЗО' is clicked on

30-03-2025T17:03:22 - [TEST_STEP][PASSED] - if (a == 28): Object: 'Object Repository/Выполнение бизнес-плана/Россети Волга' is clicked on

30-03-2025T17:03:22 - [TEST_STEP][PASSED] - scrollToElement(findTestObject("Общие объекты/Раскрыть список Россети Волга"), 30): Scroll to object 'Object Repository/Общие объекты/Раскрыть список Россети Волга' successfully

30-03-2025T17:03:23 - [MESSAGE][PASSED] - Scroll to object 'Object Repository/Общие объекты/Раскрыть список Россети Волга' successfully

30-03-2025T17:03:23 - [TEST_STEP][PASSED] - click(findTestObject("Выполнение бизнес-плана/Россети Волга")): Object: 'Object Repository/Выполнение бизнес-плана/Россети Волга' is clicked on

30-03-2025T17:03:23 - [MESSAGE][PASSED] - Object: 'Object Repository/Выполнение бизнес-плана/Россети Волга' is clicked on

30-03-2025T17:03:23 - [TEST_STEP][PASSED] - if (a == 77): null

30-03-2025T17:03:23 - [TEST_STEP][PASSED] - if (a == 74): null

30-03-2025T17:03:23 - [TEST_STEP][PASSED] - if (a == 65): null

30-03-2025T17:03:23 - [TEST_STEP][PASSED] - if (a == 36): null

30-03-2025T17:03:23 - [TEST_STEP][PASSED] - if (a == 44): null

30-03-2025T17:03:23 - [TEST_STEP][PASSED] - if (a == 54): null

30-03-2025T17:03:23 - [TEST_STEP][PASSED] - if (a == 1): null

30-03-2025T17:03:23 - [TEST_STEP][PASSED] - if (a == 18): null

30-03-2025T17:03:23 - [TEST_STEP][PASSED] - if (a == 59): null

30-03-2025T17:03:23 - [TEST_STEP][PASSED] - Script1718980020443.CloseFilter(): null

30-03-2025T17:03:23 - [TEST_STEP][PASSED] - scrollToElement(findTestObject("Выполнение бизнес-плана/Заголовок дашборда"), 30): Scroll to object 'Object Repository/Выполнение бизнес-плана/Заголовок дашборда' successfully

30-03-2025T17:03:23 - [MESSAGE][PASSED] - Scroll to object 'Object Repository/Выполнение бизнес-плана/Заголовок дашборда' successfully

30-03-2025T17:03:23 - [TEST_STEP][PASSED] - click(findTestObject("Object Repository/Выполнение бизнес-плана/Применить в фильтре ДЗО")): Object: 'Object Repository/Выполнение бизнес-плана/Применить в фильтре ДЗО' is clicked on

30-03-2025T17:03:24 - [MESSAGE][PASSED] - Object: 'Object Repository/Выполнение бизнес-плана/Применить в фильтре ДЗО' is clicked on

30-03-2025T17:03:24 - [TEST_STEP][PASSED] - delay(20): Delayed 20 second(s)

30-03-2025T17:03:44 - [MESSAGE][PASSED] - Delayed 20 second(s)

30-03-2025T17:03:44 - [TEST_STEP][PASSED] - Script1718980020443.ZakrytOpoveshenie(): null

30-03-2025T17:03:44 - [TEST_STEP][PASSED] - delay(10): Delayed 10 second(s)

30-03-2025T17:03:54 - [MESSAGE][PASSED] - Delayed 10 second(s)

30-03-2025T17:03:54 - [TEST_STEP][PASSED] - opoveshenie = getText(findTestObject("Выполнение бизнес-плана/Просьба обратить внимание")): Text of object 'Object Repository/Выполнение бизнес-плана/Просьба обратить внимание' is: ''

30-03-2025T17:03:55 - [MESSAGE][PASSED] - Text of object 'Object Repository/Выполнение бизнес-плана/Просьба обратить внимание' is: ''

30-03-2025T17:03:55 - [TEST_STEP][PASSED] - println(opoveshenie): null

30-03-2025T17:03:55 - [TEST_STEP][PASSED] - if (opoveshenie == "Просьба обратить внимание"): null

30-03-2025T17:03:55 - [TEST_STEP][PASSED] - page = getText(findTestObject("Object Repository/Выполнение бизнес-плана/Filials")): Text of object 'Object Repository/Выполнение бизнес-плана/Filials' is: 'Пензаэнерго
Самарские РС
Саратовские РС
Ульяновские РС
Чувашэнерго
0
10
20
30
40
50
60
70'

30-03-2025T17:03:55 - [MESSAGE][PASSED] - Text of object 'Object Repository/Выполнение бизнес-плана/Filials' is: 'Пензаэнерго
Самарские РС
Саратовские РС
Ульяновские РС
Чувашэнерго
0
10
20
30
40
50
60
70'

30-03-2025T17:03:55 - [TEST_STEP][PASSED] - println(page): null

30-03-2025T17:03:55 - [TEST_STEP][PASSED] - c = page.indexOf(reducedDZO): null

30-03-2025T17:03:55 - [TEST_STEP][PASSED] - if (c > -1): null

30-03-2025T17:03:55 - [TEST_STEP][PASSED] - x2 = getText(findTestObject("Выполнение бизнес-плана/Список ДЗО старый")): Text of object 'Object Repository/Выполнение бизнес-плана/Список ДЗО старый' is: 'Пензаэнерго
Самарские РС
Саратовские РС
Ульяновские РС
Чувашэнерго
0
10
20
30
40
50
60
70'

30-03-2025T17:03:55 - [MESSAGE][PASSED] - Text of object 'Object Repository/Выполнение бизнес-плана/Список ДЗО старый' is: 'Пензаэнерго
Самарские РС
Саратовские РС
Ульяновские РС
Чувашэнерго
0
10
20
30
40
50
60
70'

30-03-2025T17:03:55 - [TEST_STEP][PASSED] - if (a == 28): null

30-03-2025T17:03:55 - [TEST_STEP][PASSED] - dZO = "Мордовэнерго": null

30-03-2025T17:03:55 - [TEST_STEP][PASSED] - a = 29: null

30-03-2025T17:03:55 - [TEST_STEP][PASSED] - if (x2.contains(dZO)): null

30-03-2025T17:03:55 - [TEST_STEP][PASSED] - else: null

30-03-2025T17:03:55 - [TEST_STEP][PASSED] - Script1718980020443.NoData(a, typeOfData, todaysDate, fileInt, fileDouble, dZO): null

30-03-2025T17:03:55 - [TEST_STEP][PASSED] - println(a): null

30-03-2025T17:03:55 - [TEST_STEP][PASSED] - println(todaysDate): null

30-03-2025T17:03:55 - [TEST_STEP][PASSED] - println(fileInt): null

30-03-2025T17:03:55 - [TEST_STEP][PASSED] - println(fileDouble): null

30-03-2025T17:03:55 - [TEST_STEP][PASSED] - println(dZO): null

30-03-2025T17:03:55 - [TEST_STEP][PASSED] - typeOfData = "Факт Отпуск в сеть": null

30-03-2025T17:03:55 - [TEST_STEP][PASSED] - fileInt = replaceAll("\s+", "").toInteger(): null

30-03-2025T17:03:55 - [TEST_STEP][PASSED] - Script1718980020443.WriteToExcelNoData(a, typeOfData, todaysDate, fileInt, fileDouble, dZO): null

30-03-2025T17:03:55 - [TEST_STEP][PASSED] - sheetName = "Sheet1": null

30-03-2025T17:03:55 - [TEST_STEP][PASSED] - data = findTestData("PlanFact"): null

30-03-2025T17:03:55 - [TEST_STEP][PASSED] - n = data.getRowNumbers() + 1: null

30-03-2025T17:03:55 - [TEST_STEP][PASSED] - day = ")).toInteger(): null

30-03-2025T17:03:55 - [TEST_STEP][PASSED] - println(day): null

30-03-2025T17:03:55 - [TEST_STEP][PASSED] - month = ")).toInteger(): null

30-03-2025T17:03:55 - [TEST_STEP][PASSED] - println(month): null

30-03-2025T17:03:55 - [TEST_STEP][PASSED] - y = <not implemented yet for class: org.codehaus.groovy.ast.expr.EmptyExpression>: null

30-03-2025T17:03:55 - [TEST_STEP][PASSED] - iy = <not implemented yet for class: org.codehaus.groovy.ast.expr.EmptyExpression>: null

30-03-2025T17:03:55 - [TEST_STEP][PASSED] - m = getText(findTestObject("Выполнение бизнес-плана/Период")): Text of object 'Object Repository/Выполнение бизнес-плана/Период' is: 'Январь 2025 года'

30-03-2025T17:03:56 - [MESSAGE][PASSED] - Text of object 'Object Repository/Выполнение бизнес-плана/Период' is: 'Январь 2025 года'

30-03-2025T17:03:56 - [TEST_STEP][PASSED] - iy = m.indexOf("20"): null

30-03-2025T17:03:56 - [TEST_STEP][PASSED] - if (iy > -1): null

30-03-2025T17:03:56 - [TEST_STEP][PASSED] - y = substring(iy, iy + 4).toInteger(): null

30-03-2025T17:03:56 - [TEST_STEP][PASSED] - println(y): null

30-03-2025T17:03:56 - [TEST_STEP][PASSED] - if (toString().length() == 4): null

30-03-2025T17:03:56 - [TEST_STEP][PASSED] - m = m.substring(0, m.indexOf(y.toString())): null

30-03-2025T17:03:56 - [TEST_STEP][PASSED] - m = m.trim(): null

30-03-2025T17:03:56 - [TEST_STEP][PASSED] - if (m == ""): null

30-03-2025T17:03:56 - [TEST_STEP][PASSED] - dashboardName = "Выполнение бизнес-плана": null

30-03-2025T17:03:56 - [TEST_STEP][PASSED] - workbook01 = getWorkbook(excelFilePath): null

30-03-2025T17:03:56 - [TEST_STEP][PASSED] - sheet01 = getExcelSheet(workbook01, sheetName): null

30-03-2025T17:03:56 - [TEST_STEP][PASSED] - setValueToCellByIndex(sheet01, n, 0, dashboardName): null

30-03-2025T17:03:56 - [TEST_STEP][PASSED] - setValueToCellByIndex(sheet01, n, 1, dZO): null

30-03-2025T17:03:56 - [TEST_STEP][PASSED] - setValueToCellByIndex(sheet01, n, 2, typeOfData): null

30-03-2025T17:03:56 - [TEST_STEP][PASSED] - if (typeOfData == "Факт в процентах" || typeOfData == "План в процентах"): null

30-03-2025T17:03:56 - [TEST_STEP][PASSED] - else: null

30-03-2025T17:03:56 - [TEST_STEP][PASSED] - setValueToCellByIndex(sheet01, n, 3, fileInt): null

30-03-2025T17:03:56 - [TEST_STEP][PASSED] - setValueToCellByIndex(sheet01, n, 4, "нет данных"): null

30-03-2025T17:03:56 - [TEST_STEP][PASSED] - setValueToCellByIndex(sheet01, n, 5, m): null

30-03-2025T17:03:56 - [TEST_STEP][PASSED] - setValueToCellByIndex(sheet01, n, 6, y): null

30-03-2025T17:03:56 - [TEST_STEP][PASSED] - setValueToCellByIndex(sheet01, n, 7, todaysDate): null

30-03-2025T17:03:56 - [TEST_STEP][PASSED] - n = n + 1: null

30-03-2025T17:03:56 - [TEST_STEP][PASSED] - saveWorkbook(excelFilePath, workbook01): null

30-03-2025T17:03:56 - [TEST_STEP][PASSED] - typeOfData = "Факт Потери": null

30-03-2025T17:03:56 - [TEST_STEP][PASSED] - fileInt = replaceAll("\s+", "").toInteger(): null

30-03-2025T17:03:56 - [TEST_STEP][PASSED] - Script1718980020443.WriteToExcelNoData(a, typeOfData, todaysDate, fileInt, fileDouble, dZO): null

30-03-2025T17:03:56 - [TEST_STEP][PASSED] - sheetName = "Sheet1": null

30-03-2025T17:03:56 - [TEST_STEP][PASSED] - data = findTestData("PlanFact"): null

30-03-2025T17:03:56 - [TEST_STEP][PASSED] - n = data.getRowNumbers() + 1: null

30-03-2025T17:03:56 - [TEST_STEP][PASSED] - day = ")).toInteger(): null

30-03-2025T17:03:56 - [TEST_STEP][PASSED] - println(day): null

30-03-2025T17:03:56 - [TEST_STEP][PASSED] - month = ")).toInteger(): null

30-03-2025T17:03:56 - [TEST_STEP][PASSED] - println(month): null

30-03-2025T17:03:56 - [TEST_STEP][PASSED] - y = <not implemented yet for class: org.codehaus.groovy.ast.expr.EmptyExpression>: null

30-03-2025T17:03:56 - [TEST_STEP][PASSED] - iy = <not implemented yet for class: org.codehaus.groovy.ast.expr.EmptyExpression>: null

30-03-2025T17:03:56 - [TEST_STEP][PASSED] - m = getText(findTestObject("Выполнение бизнес-плана/Период")): Text of object 'Object Repository/Выполнение бизнес-плана/Период' is: 'Январь 2025 года'

30-03-2025T17:03:56 - [MESSAGE][PASSED] - Text of object 'Object Repository/Выполнение бизнес-плана/Период' is: 'Январь 2025 года'

30-03-2025T17:03:56 - [TEST_STEP][PASSED] - iy = m.indexOf("20"): null

30-03-2025T17:03:56 - [TEST_STEP][PASSED] - if (iy > -1): null

30-03-2025T17:03:56 - [TEST_STEP][PASSED] - y = substring(iy, iy + 4).toInteger(): null

30-03-2025T17:03:56 - [TEST_STEP][PASSED] - println(y): null

30-03-2025T17:03:56 - [TEST_STEP][PASSED] - if (toString().length() == 4): null

30-03-2025T17:03:56 - [TEST_STEP][PASSED] - m = m.substring(0, m.indexOf(y.toString())): null

30-03-2025T17:03:56 - [TEST_STEP][PASSED] - m = m.trim(): null

30-03-2025T17:03:56 - [TEST_STEP][PASSED] - if (m == ""): null

30-03-2025T17:03:56 - [TEST_STEP][PASSED] - dashboardName = "Выполнение бизнес-плана": null

30-03-2025T17:03:56 - [TEST_STEP][PASSED] - workbook01 = getWorkbook(excelFilePath): null

30-03-2025T17:03:57 - [TEST_STEP][PASSED] - sheet01 = getExcelSheet(workbook01, sheetName): null

30-03-2025T17:03:57 - [TEST_STEP][PASSED] - setValueToCellByIndex(sheet01, n, 0, dashboardName): null

30-03-2025T17:03:57 - [TEST_STEP][PASSED] - setValueToCellByIndex(sheet01, n, 1, dZO): null

30-03-2025T17:03:57 - [TEST_STEP][PASSED] - setValueToCellByIndex(sheet01, n, 2, typeOfData): null

30-03-2025T17:03:57 - [TEST_STEP][PASSED] - if (typeOfData == "Факт в процентах" || typeOfData == "План в процентах"): null

30-03-2025T17:03:57 - [TEST_STEP][PASSED] - else: null

30-03-2025T17:03:57 - [TEST_STEP][PASSED] - setValueToCellByIndex(sheet01, n, 3, fileInt): null

30-03-2025T17:03:57 - [TEST_STEP][PASSED] - setValueToCellByIndex(sheet01, n, 4, "нет данных"): null

30-03-2025T17:03:57 - [TEST_STEP][PASSED] - setValueToCellByIndex(sheet01, n, 5, m): null

30-03-2025T17:03:57 - [TEST_STEP][PASSED] - setValueToCellByIndex(sheet01, n, 6, y): null

30-03-2025T17:03:57 - [TEST_STEP][PASSED] - setValueToCellByIndex(sheet01, n, 7, todaysDate): null

30-03-2025T17:03:57 - [TEST_STEP][PASSED] - n = n + 1: null

30-03-2025T17:03:57 - [TEST_STEP][PASSED] - saveWorkbook(excelFilePath, workbook01): null

30-03-2025T17:03:57 - [TEST_STEP][PASSED] - typeOfData = "План Отпуск в сеть": null

30-03-2025T17:03:57 - [TEST_STEP][PASSED] - fileInt = replaceAll("\s+", "").toInteger(): null

30-03-2025T17:03:57 - [TEST_STEP][PASSED] - Script1718980020443.WriteToExcelNoData(a, typeOfData, todaysDate, fileInt, fileDouble, dZO): null

30-03-2025T17:03:57 - [TEST_STEP][PASSED] - sheetName = "Sheet1": null

30-03-2025T17:03:57 - [TEST_STEP][PASSED] - data = findTestData("PlanFact"): null

30-03-2025T17:03:57 - [TEST_STEP][PASSED] - n = data.getRowNumbers() + 1: null

30-03-2025T17:03:57 - [TEST_STEP][PASSED] - day = ")).toInteger(): null

30-03-2025T17:03:57 - [TEST_STEP][PASSED] - println(day): null

30-03-2025T17:03:57 - [TEST_STEP][PASSED] - month = ")).toInteger(): null

30-03-2025T17:03:57 - [TEST_STEP][PASSED] - println(month): null

30-03-2025T17:03:57 - [TEST_STEP][PASSED] - y = <not implemented yet for class: org.codehaus.groovy.ast.expr.EmptyExpression>: null

30-03-2025T17:03:57 - [TEST_STEP][PASSED] - iy = <not implemented yet for class: org.codehaus.groovy.ast.expr.EmptyExpression>: null

30-03-2025T17:03:57 - [TEST_STEP][PASSED] - m = getText(findTestObject("Выполнение бизнес-плана/Период")): Text of object 'Object Repository/Выполнение бизнес-плана/Период' is: 'Январь 2025 года'

30-03-2025T17:03:57 - [MESSAGE][PASSED] - Text of object 'Object Repository/Выполнение бизнес-плана/Период' is: 'Январь 2025 года'

30-03-2025T17:03:57 - [TEST_STEP][PASSED] - iy = m.indexOf("20"): null

30-03-2025T17:03:57 - [TEST_STEP][PASSED] - if (iy > -1): null

30-03-2025T17:03:57 - [TEST_STEP][PASSED] - y = substring(iy, iy + 4).toInteger(): null

30-03-2025T17:03:57 - [TEST_STEP][PASSED] - println(y): null

30-03-2025T17:03:57 - [TEST_STEP][PASSED] - if (toString().length() == 4): null

30-03-2025T17:03:57 - [TEST_STEP][PASSED] - m = m.substring(0, m.indexOf(y.toString())): null

30-03-2025T17:03:57 - [TEST_STEP][PASSED] - m = m.trim(): null

30-03-2025T17:03:57 - [TEST_STEP][PASSED] - if (m == ""): null

30-03-2025T17:03:57 - [TEST_STEP][PASSED] - dashboardName = "Выполнение бизнес-плана": null

30-03-2025T17:03:57 - [TEST_STEP][PASSED] - workbook01 = getWorkbook(excelFilePath): null

30-03-2025T17:03:57 - [TEST_STEP][PASSED] - sheet01 = getExcelSheet(workbook01, sheetName): null

30-03-2025T17:03:57 - [TEST_STEP][PASSED] - setValueToCellByIndex(sheet01, n, 0, dashboardName): null

30-03-2025T17:03:57 - [TEST_STEP][PASSED] - setValueToCellByIndex(sheet01, n, 1, dZO): null

30-03-2025T17:03:57 - [TEST_STEP][PASSED] - setValueToCellByIndex(sheet01, n, 2, typeOfData): null

30-03-2025T17:03:57 - [TEST_STEP][PASSED] - if (typeOfData == "Факт в процентах" || typeOfData == "План в процентах"): null

30-03-2025T17:03:57 - [TEST_STEP][PASSED] - else: null

30-03-2025T17:03:57 - [TEST_STEP][PASSED] - setValueToCellByIndex(sheet01, n, 3, fileInt): null

30-03-2025T17:03:57 - [TEST_STEP][PASSED] - setValueToCellByIndex(sheet01, n, 4, "нет данных"): null

30-03-2025T17:03:57 - [TEST_STEP][PASSED] - setValueToCellByIndex(sheet01, n, 5, m): null

30-03-2025T17:03:57 - [TEST_STEP][PASSED] - setValueToCellByIndex(sheet01, n, 6, y): null

30-03-2025T17:03:57 - [TEST_STEP][PASSED] - setValueToCellByIndex(sheet01, n, 7, todaysDate): null

30-03-2025T17:03:57 - [TEST_STEP][PASSED] - n = n + 1: null

30-03-2025T17:03:57 - [TEST_STEP][PASSED] - saveWorkbook(excelFilePath, workbook01): null

30-03-2025T17:03:58 - [TEST_STEP][PASSED] - typeOfData = "План Потери": null

30-03-2025T17:03:58 - [TEST_STEP][PASSED] - fileInt = replaceAll("\s+", "").toInteger(): null

30-03-2025T17:03:58 - [TEST_STEP][PASSED] - Script1718980020443.WriteToExcelNoData(a, typeOfData, todaysDate, fileInt, fileDouble, dZO): null

30-03-2025T17:03:58 - [TEST_STEP][PASSED] - sheetName = "Sheet1": null

30-03-2025T17:03:58 - [TEST_STEP][PASSED] - data = findTestData("PlanFact"): null

30-03-2025T17:03:58 - [TEST_STEP][PASSED] - n = data.getRowNumbers() + 1: null

30-03-2025T17:03:58 - [TEST_STEP][PASSED] - day = ")).toInteger(): null

30-03-2025T17:03:58 - [TEST_STEP][PASSED] - println(day): null

30-03-2025T17:03:58 - [TEST_STEP][PASSED] - month = ")).toInteger(): null

30-03-2025T17:03:58 - [TEST_STEP][PASSED] - println(month): null

30-03-2025T17:03:58 - [TEST_STEP][PASSED] - y = <not implemented yet for class: org.codehaus.groovy.ast.expr.EmptyExpression>: null

30-03-2025T17:03:58 - [TEST_STEP][PASSED] - iy = <not implemented yet for class: org.codehaus.groovy.ast.expr.EmptyExpression>: null

30-03-2025T17:03:58 - [TEST_STEP][PASSED] - m = getText(findTestObject("Выполнение бизнес-плана/Период")): Text of object 'Object Repository/Выполнение бизнес-плана/Период' is: 'Январь 2025 года'

30-03-2025T17:03:58 - [MESSAGE][PASSED] - Text of object 'Object Repository/Выполнение бизнес-плана/Период' is: 'Январь 2025 года'

30-03-2025T17:03:58 - [TEST_STEP][PASSED] - iy = m.indexOf("20"): null

30-03-2025T17:03:58 - [TEST_STEP][PASSED] - if (iy > -1): null

30-03-2025T17:03:58 - [TEST_STEP][PASSED] - y = substring(iy, iy + 4).toInteger(): null

30-03-2025T17:03:58 - [TEST_STEP][PASSED] - println(y): null

30-03-2025T17:03:58 - [TEST_STEP][PASSED] - if (toString().length() == 4): null

30-03-2025T17:03:58 - [TEST_STEP][PASSED] - m = m.substring(0, m.indexOf(y.toString())): null

30-03-2025T17:03:58 - [TEST_STEP][PASSED] - m = m.trim(): null

30-03-2025T17:03:58 - [TEST_STEP][PASSED] - if (m == ""): null

30-03-2025T17:03:58 - [TEST_STEP][PASSED] - dashboardName = "Выполнение бизнес-плана": null

30-03-2025T17:03:58 - [TEST_STEP][PASSED] - workbook01 = getWorkbook(excelFilePath): null

30-03-2025T17:03:58 - [TEST_STEP][PASSED] - sheet01 = getExcelSheet(workbook01, sheetName): null

30-03-2025T17:03:58 - [TEST_STEP][PASSED] - setValueToCellByIndex(sheet01, n, 0, dashboardName): null

30-03-2025T17:03:58 - [TEST_STEP][PASSED] - setValueToCellByIndex(sheet01, n, 1, dZO): null

30-03-2025T17:03:58 - [TEST_STEP][PASSED] - setValueToCellByIndex(sheet01, n, 2, typeOfData): null

30-03-2025T17:03:58 - [TEST_STEP][PASSED] - if (typeOfData == "Факт в процентах" || typeOfData == "План в процентах"): null

30-03-2025T17:03:58 - [TEST_STEP][PASSED] - else: null

30-03-2025T17:03:58 - [TEST_STEP][PASSED] - setValueToCellByIndex(sheet01, n, 3, fileInt): null

30-03-2025T17:03:58 - [TEST_STEP][PASSED] - setValueToCellByIndex(sheet01, n, 4, "нет данных"): null

30-03-2025T17:03:58 - [TEST_STEP][PASSED] - setValueToCellByIndex(sheet01, n, 5, m): null

30-03-2025T17:03:58 - [TEST_STEP][PASSED] - setValueToCellByIndex(sheet01, n, 6, y): null

30-03-2025T17:03:58 - [TEST_STEP][PASSED] - setValueToCellByIndex(sheet01, n, 7, todaysDate): null

30-03-2025T17:03:58 - [TEST_STEP][PASSED] - n = n + 1: null

30-03-2025T17:03:58 - [TEST_STEP][PASSED] - saveWorkbook(excelFilePath, workbook01): null

30-03-2025T17:03:58 - [TEST_STEP][PASSED] - typeOfData = "План в процентах": null

30-03-2025T17:03:58 - [TEST_STEP][PASSED] - fileDouble = ").toDouble(): null

30-03-2025T17:03:58 - [TEST_STEP][PASSED] - Script1718980020443.WriteToExcelNoData(a, typeOfData, todaysDate, fileInt, fileDouble, dZO): null

30-03-2025T17:03:58 - [TEST_STEP][PASSED] - sheetName = "Sheet1": null

30-03-2025T17:03:58 - [TEST_STEP][PASSED] - data = findTestData("PlanFact"): null

30-03-2025T17:03:58 - [TEST_STEP][PASSED] - n = data.getRowNumbers() + 1: null

30-03-2025T17:03:58 - [TEST_STEP][PASSED] - day = ")).toInteger(): null

30-03-2025T17:03:58 - [TEST_STEP][PASSED] - println(day): null

30-03-2025T17:03:58 - [TEST_STEP][PASSED] - month = ")).toInteger(): null

30-03-2025T17:03:58 - [TEST_STEP][PASSED] - println(month): null

30-03-2025T17:03:58 - [TEST_STEP][PASSED] - y = <not implemented yet for class: org.codehaus.groovy.ast.expr.EmptyExpression>: null

30-03-2025T17:03:58 - [TEST_STEP][PASSED] - iy = <not implemented yet for class: org.codehaus.groovy.ast.expr.EmptyExpression>: null

30-03-2025T17:03:58 - [TEST_STEP][PASSED] - m = getText(findTestObject("Выполнение бизнес-плана/Период")): Text of object 'Object Repository/Выполнение бизнес-плана/Период' is: 'Январь 2025 года'

30-03-2025T17:03:59 - [MESSAGE][PASSED] - Text of object 'Object Repository/Выполнение бизнес-плана/Период' is: 'Январь 2025 года'

30-03-2025T17:03:59 - [TEST_STEP][PASSED] - iy = m.indexOf("20"): null

30-03-2025T17:03:59 - [TEST_STEP][PASSED] - if (iy > -1): null

30-03-2025T17:03:59 - [TEST_STEP][PASSED] - y = substring(iy, iy + 4).toInteger(): null

30-03-2025T17:03:59 - [TEST_STEP][PASSED] - println(y): null

30-03-2025T17:03:59 - [TEST_STEP][PASSED] - if (toString().length() == 4): null

30-03-2025T17:03:59 - [TEST_STEP][PASSED] - m = m.substring(0, m.indexOf(y.toString())): null

30-03-2025T17:03:59 - [TEST_STEP][PASSED] - m = m.trim(): null

30-03-2025T17:03:59 - [TEST_STEP][PASSED] - if (m == ""): null

30-03-2025T17:03:59 - [TEST_STEP][PASSED] - dashboardName = "Выполнение бизнес-плана": null

30-03-2025T17:03:59 - [TEST_STEP][PASSED] - workbook01 = getWorkbook(excelFilePath): null

30-03-2025T17:03:59 - [TEST_STEP][PASSED] - sheet01 = getExcelSheet(workbook01, sheetName): null

30-03-2025T17:03:59 - [TEST_STEP][PASSED] - setValueToCellByIndex(sheet01, n, 0, dashboardName): null

30-03-2025T17:03:59 - [TEST_STEP][PASSED] - setValueToCellByIndex(sheet01, n, 1, dZO): null

30-03-2025T17:03:59 - [TEST_STEP][PASSED] - setValueToCellByIndex(sheet01, n, 2, typeOfData): null

30-03-2025T17:03:59 - [TEST_STEP][PASSED] - if (typeOfData == "Факт в процентах" || typeOfData == "План в процентах"): null

30-03-2025T17:03:59 - [TEST_STEP][PASSED] - setValueToCellByIndex(sheet01, n, 3, fileDouble): null

30-03-2025T17:03:59 - [TEST_STEP][PASSED] - setValueToCellByIndex(sheet01, n, 4, "нет данных"): null

30-03-2025T17:03:59 - [TEST_STEP][PASSED] - setValueToCellByIndex(sheet01, n, 5, m): null

30-03-2025T17:03:59 - [TEST_STEP][PASSED] - setValueToCellByIndex(sheet01, n, 6, y): null

30-03-2025T17:03:59 - [TEST_STEP][PASSED] - setValueToCellByIndex(sheet01, n, 7, todaysDate): null

30-03-2025T17:03:59 - [TEST_STEP][PASSED] - n = n + 1: null

30-03-2025T17:03:59 - [TEST_STEP][PASSED] - saveWorkbook(excelFilePath, workbook01): null

30-03-2025T17:03:59 - [TEST_STEP][PASSED] - typeOfData = "Факт в процентах": null

30-03-2025T17:03:59 - [TEST_STEP][PASSED] - fileDouble = ").toDouble(): null

30-03-2025T17:03:59 - [TEST_STEP][PASSED] - Script1718980020443.WriteToExcelNoData(a, typeOfData, todaysDate, fileInt, fileDouble, dZO): null

30-03-2025T17:03:59 - [TEST_STEP][PASSED] - sheetName = "Sheet1": null

30-03-2025T17:03:59 - [TEST_STEP][PASSED] - data = findTestData("PlanFact"): null

30-03-2025T17:03:59 - [TEST_STEP][PASSED] - n = data.getRowNumbers() + 1: null

30-03-2025T17:03:59 - [TEST_STEP][PASSED] - day = ")).toInteger(): null

30-03-2025T17:03:59 - [TEST_STEP][PASSED] - println(day): null

30-03-2025T17:03:59 - [TEST_STEP][PASSED] - month = ")).toInteger(): null

30-03-2025T17:03:59 - [TEST_STEP][PASSED] - println(month): null

30-03-2025T17:03:59 - [TEST_STEP][PASSED] - y = <not implemented yet for class: org.codehaus.groovy.ast.expr.EmptyExpression>: null

30-03-2025T17:03:59 - [TEST_STEP][PASSED] - iy = <not implemented yet for class: org.codehaus.groovy.ast.expr.EmptyExpression>: null

30-03-2025T17:03:59 - [TEST_STEP][PASSED] - m = getText(findTestObject("Выполнение бизнес-плана/Период")): Text of object 'Object Repository/Выполнение бизнес-плана/Период' is: 'Январь 2025 года'

30-03-2025T17:03:59 - [MESSAGE][PASSED] - Text of object 'Object Repository/Выполнение бизнес-плана/Период' is: 'Январь 2025 года'

30-03-2025T17:03:59 - [TEST_STEP][PASSED] - iy = m.indexOf("20"): null

30-03-2025T17:03:59 - [TEST_STEP][PASSED] - if (iy > -1): null

30-03-2025T17:03:59 - [TEST_STEP][PASSED] - y = substring(iy, iy + 4).toInteger(): null

30-03-2025T17:03:59 - [TEST_STEP][PASSED] - println(y): null

30-03-2025T17:03:59 - [TEST_STEP][PASSED] - if (toString().length() == 4): null

30-03-2025T17:03:59 - [TEST_STEP][PASSED] - m = m.substring(0, m.indexOf(y.toString())): null

30-03-2025T17:03:59 - [TEST_STEP][PASSED] - m = m.trim(): null

30-03-2025T17:03:59 - [TEST_STEP][PASSED] - if (m == ""): null

30-03-2025T17:03:59 - [TEST_STEP][PASSED] - dashboardName = "Выполнение бизнес-плана": null

30-03-2025T17:03:59 - [TEST_STEP][PASSED] - workbook01 = getWorkbook(excelFilePath): null

30-03-2025T17:04:00 - [TEST_STEP][PASSED] - sheet01 = getExcelSheet(workbook01, sheetName): null

30-03-2025T17:04:00 - [TEST_STEP][PASSED] - setValueToCellByIndex(sheet01, n, 0, dashboardName): null

30-03-2025T17:04:00 - [TEST_STEP][PASSED] - setValueToCellByIndex(sheet01, n, 1, dZO): null

30-03-2025T17:04:00 - [TEST_STEP][PASSED] - setValueToCellByIndex(sheet01, n, 2, typeOfData): null

30-03-2025T17:04:00 - [TEST_STEP][PASSED] - if (typeOfData == "Факт в процентах" || typeOfData == "План в процентах"): null

30-03-2025T17:04:00 - [TEST_STEP][PASSED] - setValueToCellByIndex(sheet01, n, 3, fileDouble): null

30-03-2025T17:04:00 - [TEST_STEP][PASSED] - setValueToCellByIndex(sheet01, n, 4, "нет данных"): null

30-03-2025T17:04:00 - [TEST_STEP][PASSED] - setValueToCellByIndex(sheet01, n, 5, m): null

30-03-2025T17:04:00 - [TEST_STEP][PASSED] - setValueToCellByIndex(sheet01, n, 6, y): null

30-03-2025T17:04:00 - [TEST_STEP][PASSED] - setValueToCellByIndex(sheet01, n, 7, todaysDate): null

30-03-2025T17:04:00 - [TEST_STEP][PASSED] - n = n + 1: null

30-03-2025T17:04:00 - [TEST_STEP][PASSED] - saveWorkbook(excelFilePath, workbook01): null

30-03-2025T17:04:00 - [TEST_STEP][PASSED] - dZO = "Оренбургэнерго": null

30-03-2025T17:04:00 - [TEST_STEP][PASSED] - a = 30: null

30-03-2025T17:04:00 - [TEST_STEP][PASSED] - if (x2.contains(dZO)): null

30-03-2025T17:04:00 - [TEST_STEP][PASSED] - else: null

30-03-2025T17:04:00 - [TEST_STEP][PASSED] - Script1718980020443.NoData(a, typeOfData, todaysDate, fileInt, fileDouble, dZO): null

30-03-2025T17:04:00 - [TEST_STEP][PASSED] - println(a): null

30-03-2025T17:04:00 - [TEST_STEP][PASSED] - println(todaysDate): null

30-03-2025T17:04:00 - [TEST_STEP][PASSED] - println(fileInt): null

30-03-2025T17:04:00 - [TEST_STEP][PASSED] - println(fileDouble): null

30-03-2025T17:04:00 - [TEST_STEP][PASSED] - println(dZO): null

30-03-2025T17:04:00 - [TEST_STEP][PASSED] - typeOfData = "Факт Отпуск в сеть": null

30-03-2025T17:04:00 - [TEST_STEP][PASSED] - fileInt = replaceAll("\s+", "").toInteger(): null

30-03-2025T17:04:00 - [TEST_STEP][PASSED] - Script1718980020443.WriteToExcelNoData(a, typeOfData, todaysDate, fileInt, fileDouble, dZO): null

30-03-2025T17:04:00 - [TEST_STEP][PASSED] - sheetName = "Sheet1": null

30-03-2025T17:04:00 - [TEST_STEP][PASSED] - data = findTestData("PlanFact"): null

30-03-2025T17:04:00 - [TEST_STEP][PASSED] - n = data.getRowNumbers() + 1: null

30-03-2025T17:04:00 - [TEST_STEP][PASSED] - day = ")).toInteger(): null

30-03-2025T17:04:00 - [TEST_STEP][PASSED] - println(day): null

30-03-2025T17:04:00 - [TEST_STEP][PASSED] - month = ")).toInteger(): null

30-03-2025T17:04:00 - [TEST_STEP][PASSED] - println(month): null

30-03-2025T17:04:00 - [TEST_STEP][PASSED] - y = <not implemented yet for class: org.codehaus.groovy.ast.expr.EmptyExpression>: null

30-03-2025T17:04:00 - [TEST_STEP][PASSED] - iy = <not implemented yet for class: org.codehaus.groovy.ast.expr.EmptyExpression>: null

30-03-2025T17:04:00 - [TEST_STEP][PASSED] - m = getText(findTestObject("Выполнение бизнес-плана/Период")): Text of object 'Object Repository/Выполнение бизнес-плана/Период' is: 'Январь 2025 года'

30-03-2025T17:04:00 - [MESSAGE][PASSED] - Text of object 'Object Repository/Выполнение бизнес-плана/Период' is: 'Январь 2025 года'

30-03-2025T17:04:00 - [TEST_STEP][PASSED] - iy = m.indexOf("20"): null

30-03-2025T17:04:00 - [TEST_STEP][PASSED] - if (iy > -1): null

30-03-2025T17:04:00 - [TEST_STEP][PASSED] - y = substring(iy, iy + 4).toInteger(): null

30-03-2025T17:04:00 - [TEST_STEP][PASSED] - println(y): null

30-03-2025T17:04:00 - [TEST_STEP][PASSED] - if (toString().length() == 4): null

30-03-2025T17:04:00 - [TEST_STEP][PASSED] - m = m.substring(0, m.indexOf(y.toString())): null

30-03-2025T17:04:00 - [TEST_STEP][PASSED] - m = m.trim(): null

30-03-2025T17:04:00 - [TEST_STEP][PASSED] - if (m == ""): null

30-03-2025T17:04:00 - [TEST_STEP][PASSED] - dashboardName = "Выполнение бизнес-плана": null

30-03-2025T17:04:00 - [TEST_STEP][PASSED] - workbook01 = getWorkbook(excelFilePath): null

30-03-2025T17:04:00 - [TEST_STEP][PASSED] - sheet01 = getExcelSheet(workbook01, sheetName): null

30-03-2025T17:04:00 - [TEST_STEP][PASSED] - setValueToCellByIndex(sheet01, n, 0, dashboardName): null

30-03-2025T17:04:00 - [TEST_STEP][PASSED] - setValueToCellByIndex(sheet01, n, 1, dZO): null

30-03-2025T17:04:00 - [TEST_STEP][PASSED] - setValueToCellByIndex(sheet01, n, 2, typeOfData): null

30-03-2025T17:04:00 - [TEST_STEP][PASSED] - if (typeOfData == "Факт в процентах" || typeOfData == "План в процентах"): null

30-03-2025T17:04:00 - [TEST_STEP][PASSED] - else: null

30-03-2025T17:04:00 - [TEST_STEP][PASSED] - setValueToCellByIndex(sheet01, n, 3, fileInt): null

30-03-2025T17:04:00 - [TEST_STEP][PASSED] - setValueToCellByIndex(sheet01, n, 4, "нет данных"): null

30-03-2025T17:04:00 - [TEST_STEP][PASSED] - setValueToCellByIndex(sheet01, n, 5, m): null

30-03-2025T17:04:00 - [TEST_STEP][PASSED] - setValueToCellByIndex(sheet01, n, 6, y): null

30-03-2025T17:04:00 - [TEST_STEP][PASSED] - setValueToCellByIndex(sheet01, n, 7, todaysDate): null

30-03-2025T17:04:00 - [TEST_STEP][PASSED] - n = n + 1: null

30-03-2025T17:04:00 - [TEST_STEP][PASSED] - saveWorkbook(excelFilePath, workbook01): null

30-03-2025T17:04:01 - [TEST_STEP][PASSED] - typeOfData = "Факт Потери": null

30-03-2025T17:04:01 - [TEST_STEP][PASSED] - fileInt = replaceAll("\s+", "").toInteger(): null

30-03-2025T17:04:01 - [TEST_STEP][PASSED] - Script1718980020443.WriteToExcelNoData(a, typeOfData, todaysDate, fileInt, fileDouble, dZO): null

30-03-2025T17:04:01 - [TEST_STEP][PASSED] - sheetName = "Sheet1": null

30-03-2025T17:04:01 - [TEST_STEP][PASSED] - data = findTestData("PlanFact"): null

30-03-2025T17:04:01 - [TEST_STEP][PASSED] - n = data.getRowNumbers() + 1: null

30-03-2025T17:04:01 - [TEST_STEP][PASSED] - day = ")).toInteger(): null

30-03-2025T17:04:01 - [TEST_STEP][PASSED] - println(day): null

30-03-2025T17:04:01 - [TEST_STEP][PASSED] - month = ")).toInteger(): null

30-03-2025T17:04:01 - [TEST_STEP][PASSED] - println(month): null

30-03-2025T17:04:01 - [TEST_STEP][PASSED] - y = <not implemented yet for class: org.codehaus.groovy.ast.expr.EmptyExpression>: null

30-03-2025T17:04:01 - [TEST_STEP][PASSED] - iy = <not implemented yet for class: org.codehaus.groovy.ast.expr.EmptyExpression>: null

30-03-2025T17:04:01 - [TEST_STEP][PASSED] - m = getText(findTestObject("Выполнение бизнес-плана/Период")): Text of object 'Object Repository/Выполнение бизнес-плана/Период' is: 'Январь 2025 года'

30-03-2025T17:04:01 - [MESSAGE][PASSED] - Text of object 'Object Repository/Выполнение бизнес-плана/Период' is: 'Январь 2025 года'

30-03-2025T17:04:01 - [TEST_STEP][PASSED] - iy = m.indexOf("20"): null

30-03-2025T17:04:01 - [TEST_STEP][PASSED] - if (iy > -1): null

30-03-2025T17:04:01 - [TEST_STEP][PASSED] - y = substring(iy, iy + 4).toInteger(): null

30-03-2025T17:04:01 - [TEST_STEP][PASSED] - println(y): null

30-03-2025T17:04:01 - [TEST_STEP][PASSED] - if (toString().length() == 4): null

30-03-2025T17:04:01 - [TEST_STEP][PASSED] - m = m.substring(0, m.indexOf(y.toString())): null

30-03-2025T17:04:01 - [TEST_STEP][PASSED] - m = m.trim(): null

30-03-2025T17:04:01 - [TEST_STEP][PASSED] - if (m == ""): null

30-03-2025T17:04:01 - [TEST_STEP][PASSED] - dashboardName = "Выполнение бизнес-плана": null

30-03-2025T17:04:01 - [TEST_STEP][PASSED] - workbook01 = getWorkbook(excelFilePath): null

30-03-2025T17:04:01 - [TEST_STEP][PASSED] - sheet01 = getExcelSheet(workbook01, sheetName): null

30-03-2025T17:04:01 - [TEST_STEP][PASSED] - setValueToCellByIndex(sheet01, n, 0, dashboardName): null

30-03-2025T17:04:01 - [TEST_STEP][PASSED] - setValueToCellByIndex(sheet01, n, 1, dZO): null

30-03-2025T17:04:01 - [TEST_STEP][PASSED] - setValueToCellByIndex(sheet01, n, 2, typeOfData): null

30-03-2025T17:04:01 - [TEST_STEP][PASSED] - if (typeOfData == "Факт в процентах" || typeOfData == "План в процентах"): null

30-03-2025T17:04:01 - [TEST_STEP][PASSED] - else: null

30-03-2025T17:04:01 - [TEST_STEP][PASSED] - setValueToCellByIndex(sheet01, n, 3, fileInt): null

30-03-2025T17:04:01 - [TEST_STEP][PASSED] - setValueToCellByIndex(sheet01, n, 4, "нет данных"): null

30-03-2025T17:04:01 - [TEST_STEP][PASSED] - setValueToCellByIndex(sheet01, n, 5, m): null

30-03-2025T17:04:01 - [TEST_STEP][PASSED] - setValueToCellByIndex(sheet01, n, 6, y): null

30-03-2025T17:04:01 - [TEST_STEP][PASSED] - setValueToCellByIndex(sheet01, n, 7, todaysDate): null

30-03-2025T17:04:01 - [TEST_STEP][PASSED] - n = n + 1: null

30-03-2025T17:04:01 - [TEST_STEP][PASSED] - saveWorkbook(excelFilePath, workbook01): null

30-03-2025T17:04:01 - [TEST_STEP][PASSED] - typeOfData = "План Отпуск в сеть": null

30-03-2025T17:04:01 - [TEST_STEP][PASSED] - fileInt = replaceAll("\s+", "").toInteger(): null

30-03-2025T17:04:01 - [TEST_STEP][PASSED] - Script1718980020443.WriteToExcelNoData(a, typeOfData, todaysDate, fileInt, fileDouble, dZO): null

30-03-2025T17:04:01 - [TEST_STEP][PASSED] - sheetName = "Sheet1": null

30-03-2025T17:04:01 - [TEST_STEP][PASSED] - data = findTestData("PlanFact"): null

30-03-2025T17:04:01 - [TEST_STEP][PASSED] - n = data.getRowNumbers() + 1: null

30-03-2025T17:04:01 - [TEST_STEP][PASSED] - day = ")).toInteger(): null

30-03-2025T17:04:01 - [TEST_STEP][PASSED] - println(day): null

30-03-2025T17:04:01 - [TEST_STEP][PASSED] - month = ")).toInteger(): null

30-03-2025T17:04:01 - [TEST_STEP][PASSED] - println(month): null

30-03-2025T17:04:01 - [TEST_STEP][PASSED] - y = <not implemented yet for class: org.codehaus.groovy.ast.expr.EmptyExpression>: null

30-03-2025T17:04:01 - [TEST_STEP][PASSED] - iy = <not implemented yet for class: org.codehaus.groovy.ast.expr.EmptyExpression>: null

30-03-2025T17:04:01 - [TEST_STEP][PASSED] - m = getText(findTestObject("Выполнение бизнес-плана/Период")): Text of object 'Object Repository/Выполнение бизнес-плана/Период' is: 'Январь 2025 года'

30-03-2025T17:04:02 - [MESSAGE][PASSED] - Text of object 'Object Repository/Выполнение бизнес-плана/Период' is: 'Январь 2025 года'

30-03-2025T17:04:02 - [TEST_STEP][PASSED] - iy = m.indexOf("20"): null

30-03-2025T17:04:02 - [TEST_STEP][PASSED] - if (iy > -1): null

30-03-2025T17:04:02 - [TEST_STEP][PASSED] - y = substring(iy, iy + 4).toInteger(): null

30-03-2025T17:04:02 - [TEST_STEP][PASSED] - println(y): null

30-03-2025T17:04:02 - [TEST_STEP][PASSED] - if (toString().length() == 4): null

30-03-2025T17:04:02 - [TEST_STEP][PASSED] - m = m.substring(0, m.indexOf(y.toString())): null

30-03-2025T17:04:02 - [TEST_STEP][PASSED] - m = m.trim(): null

30-03-2025T17:04:02 - [TEST_STEP][PASSED] - if (m == ""): null

30-03-2025T17:04:02 - [TEST_STEP][PASSED] - dashboardName = "Выполнение бизнес-плана": null

30-03-2025T17:04:02 - [TEST_STEP][PASSED] - workbook01 = getWorkbook(excelFilePath): null

30-03-2025T17:04:02 - [TEST_STEP][PASSED] - sheet01 = getExcelSheet(workbook01, sheetName): null

30-03-2025T17:04:02 - [TEST_STEP][PASSED] - setValueToCellByIndex(sheet01, n, 0, dashboardName): null

30-03-2025T17:04:02 - [TEST_STEP][PASSED] - setValueToCellByIndex(sheet01, n, 1, dZO): null

30-03-2025T17:04:02 - [TEST_STEP][PASSED] - setValueToCellByIndex(sheet01, n, 2, typeOfData): null

30-03-2025T17:04:02 - [TEST_STEP][PASSED] - if (typeOfData == "Факт в процентах" || typeOfData == "План в процентах"): null

30-03-2025T17:04:02 - [TEST_STEP][PASSED] - else: null

30-03-2025T17:04:02 - [TEST_STEP][PASSED] - setValueToCellByIndex(sheet01, n, 3, fileInt): null

30-03-2025T17:04:02 - [TEST_STEP][PASSED] - setValueToCellByIndex(sheet01, n, 4, "нет данных"): null

30-03-2025T17:04:02 - [TEST_STEP][PASSED] - setValueToCellByIndex(sheet01, n, 5, m): null

30-03-2025T17:04:02 - [TEST_STEP][PASSED] - setValueToCellByIndex(sheet01, n, 6, y): null

30-03-2025T17:04:02 - [TEST_STEP][PASSED] - setValueToCellByIndex(sheet01, n, 7, todaysDate): null

30-03-2025T17:04:02 - [TEST_STEP][PASSED] - n = n + 1: null

30-03-2025T17:04:02 - [TEST_STEP][PASSED] - saveWorkbook(excelFilePath, workbook01): null

30-03-2025T17:04:02 - [TEST_STEP][PASSED] - typeOfData = "План Потери": null

30-03-2025T17:04:02 - [TEST_STEP][PASSED] - fileInt = replaceAll("\s+", "").toInteger(): null

30-03-2025T17:04:02 - [TEST_STEP][PASSED] - Script1718980020443.WriteToExcelNoData(a, typeOfData, todaysDate, fileInt, fileDouble, dZO): null

30-03-2025T17:04:02 - [TEST_STEP][PASSED] - sheetName = "Sheet1": null

30-03-2025T17:04:02 - [TEST_STEP][PASSED] - data = findTestData("PlanFact"): null

30-03-2025T17:04:02 - [TEST_STEP][PASSED] - n = data.getRowNumbers() + 1: null

30-03-2025T17:04:02 - [TEST_STEP][PASSED] - day = ")).toInteger(): null

30-03-2025T17:04:02 - [TEST_STEP][PASSED] - println(day): null

30-03-2025T17:04:02 - [TEST_STEP][PASSED] - month = ")).toInteger(): null

30-03-2025T17:04:02 - [TEST_STEP][PASSED] - println(month): null

30-03-2025T17:04:02 - [TEST_STEP][PASSED] - y = <not implemented yet for class: org.codehaus.groovy.ast.expr.EmptyExpression>: null

30-03-2025T17:04:02 - [TEST_STEP][PASSED] - iy = <not implemented yet for class: org.codehaus.groovy.ast.expr.EmptyExpression>: null

30-03-2025T17:04:02 - [TEST_STEP][PASSED] - m = getText(findTestObject("Выполнение бизнес-плана/Период")): Text of object 'Object Repository/Выполнение бизнес-плана/Период' is: 'Январь 2025 года'

30-03-2025T17:04:03 - [MESSAGE][PASSED] - Text of object 'Object Repository/Выполнение бизнес-плана/Период' is: 'Январь 2025 года'

30-03-2025T17:04:03 - [TEST_STEP][PASSED] - iy = m.indexOf("20"): null

30-03-2025T17:04:03 - [TEST_STEP][PASSED] - if (iy > -1): null

30-03-2025T17:04:03 - [TEST_STEP][PASSED] - y = substring(iy, iy + 4).toInteger(): null

30-03-2025T17:04:03 - [TEST_STEP][PASSED] - println(y): null

30-03-2025T17:04:03 - [TEST_STEP][PASSED] - if (toString().length() == 4): null

30-03-2025T17:04:03 - [TEST_STEP][PASSED] - m = m.substring(0, m.indexOf(y.toString())): null

30-03-2025T17:04:03 - [TEST_STEP][PASSED] - m = m.trim(): null

30-03-2025T17:04:03 - [TEST_STEP][PASSED] - if (m == ""): null

30-03-2025T17:04:03 - [TEST_STEP][PASSED] - dashboardName = "Выполнение бизнес-плана": null

30-03-2025T17:04:03 - [TEST_STEP][PASSED] - workbook01 = getWorkbook(excelFilePath): null

30-03-2025T17:04:03 - [TEST_STEP][PASSED] - sheet01 = getExcelSheet(workbook01, sheetName): null

30-03-2025T17:04:03 - [TEST_STEP][PASSED] - setValueToCellByIndex(sheet01, n, 0, dashboardName): null

30-03-2025T17:04:03 - [TEST_STEP][PASSED] - setValueToCellByIndex(sheet01, n, 1, dZO): null

30-03-2025T17:04:03 - [TEST_STEP][PASSED] - setValueToCellByIndex(sheet01, n, 2, typeOfData): null

30-03-2025T17:04:03 - [TEST_STEP][PASSED] - if (typeOfData == "Факт в процентах" || typeOfData == "План в процентах"): null

30-03-2025T17:04:03 - [TEST_STEP][PASSED] - else: null

30-03-2025T17:04:03 - [TEST_STEP][PASSED] - setValueToCellByIndex(sheet01, n, 3, fileInt): null

30-03-2025T17:04:03 - [TEST_STEP][PASSED] - setValueToCellByIndex(sheet01, n, 4, "нет данных"): null

30-03-2025T17:04:03 - [TEST_STEP][PASSED] - setValueToCellByIndex(sheet01, n, 5, m): null

30-03-2025T17:04:03 - [TEST_STEP][PASSED] - setValueToCellByIndex(sheet01, n, 6, y): null

30-03-2025T17:04:03 - [TEST_STEP][PASSED] - setValueToCellByIndex(sheet01, n, 7, todaysDate): null

30-03-2025T17:04:03 - [TEST_STEP][PASSED] - n = n + 1: null

30-03-2025T17:04:03 - [TEST_STEP][PASSED] - saveWorkbook(excelFilePath, workbook01): null

30-03-2025T17:04:03 - [TEST_STEP][PASSED] - typeOfData = "План в процентах": null

30-03-2025T17:04:03 - [TEST_STEP][PASSED] - fileDouble = ").toDouble(): null

30-03-2025T17:04:03 - [TEST_STEP][PASSED] - Script1718980020443.WriteToExcelNoData(a, typeOfData, todaysDate, fileInt, fileDouble, dZO): null

30-03-2025T17:04:03 - [TEST_STEP][PASSED] - sheetName = "Sheet1": null

30-03-2025T17:04:03 - [TEST_STEP][PASSED] - data = findTestData("PlanFact"): null

30-03-2025T17:04:03 - [TEST_STEP][PASSED] - n = data.getRowNumbers() + 1: null

30-03-2025T17:04:03 - [TEST_STEP][PASSED] - day = ")).toInteger(): null

30-03-2025T17:04:03 - [TEST_STEP][PASSED] - println(day): null

30-03-2025T17:04:03 - [TEST_STEP][PASSED] - month = ")).toInteger(): null

30-03-2025T17:04:03 - [TEST_STEP][PASSED] - println(month): null

30-03-2025T17:04:03 - [TEST_STEP][PASSED] - y = <not implemented yet for class: org.codehaus.groovy.ast.expr.EmptyExpression>: null

30-03-2025T17:04:03 - [TEST_STEP][PASSED] - iy = <not implemented yet for class: org.codehaus.groovy.ast.expr.EmptyExpression>: null

30-03-2025T17:04:03 - [TEST_STEP][PASSED] - m = getText(findTestObject("Выполнение бизнес-плана/Период")): Text of object 'Object Repository/Выполнение бизнес-плана/Период' is: 'Январь 2025 года'

30-03-2025T17:04:03 - [MESSAGE][PASSED] - Text of object 'Object Repository/Выполнение бизнес-плана/Период' is: 'Январь 2025 года'

30-03-2025T17:04:03 - [TEST_STEP][PASSED] - iy = m.indexOf("20"): null

30-03-2025T17:04:03 - [TEST_STEP][PASSED] - if (iy > -1): null

30-03-2025T17:04:03 - [TEST_STEP][PASSED] - y = substring(iy, iy + 4).toInteger(): null

30-03-2025T17:04:03 - [TEST_STEP][PASSED] - println(y): null

30-03-2025T17:04:03 - [TEST_STEP][PASSED] - if (toString().length() == 4): null

30-03-2025T17:04:03 - [TEST_STEP][PASSED] - m = m.substring(0, m.indexOf(y.toString())): null

30-03-2025T17:04:03 - [TEST_STEP][PASSED] - m = m.trim(): null

30-03-2025T17:04:03 - [TEST_STEP][PASSED] - if (m == ""): null

30-03-2025T17:04:03 - [TEST_STEP][PASSED] - dashboardName = "Выполнение бизнес-плана": null

30-03-2025T17:04:03 - [TEST_STEP][PASSED] - workbook01 = getWorkbook(excelFilePath): null

30-03-2025T17:04:03 - [TEST_STEP][PASSED] - sheet01 = getExcelSheet(workbook01, sheetName): null

30-03-2025T17:04:03 - [TEST_STEP][PASSED] - setValueToCellByIndex(sheet01, n, 0, dashboardName): null

30-03-2025T17:04:03 - [TEST_STEP][PASSED] - setValueToCellByIndex(sheet01, n, 1, dZO): null

30-03-2025T17:04:03 - [TEST_STEP][PASSED] - setValueToCellByIndex(sheet01, n, 2, typeOfData): null

30-03-2025T17:04:03 - [TEST_STEP][PASSED] - if (typeOfData == "Факт в процентах" || typeOfData == "План в процентах"): null

30-03-2025T17:04:03 - [TEST_STEP][PASSED] - setValueToCellByIndex(sheet01, n, 3, fileDouble): null

30-03-2025T17:04:03 - [TEST_STEP][PASSED] - setValueToCellByIndex(sheet01, n, 4, "нет данных"): null

30-03-2025T17:04:03 - [TEST_STEP][PASSED] - setValueToCellByIndex(sheet01, n, 5, m): null

30-03-2025T17:04:03 - [TEST_STEP][PASSED] - setValueToCellByIndex(sheet01, n, 6, y): null

30-03-2025T17:04:03 - [TEST_STEP][PASSED] - setValueToCellByIndex(sheet01, n, 7, todaysDate): null

30-03-2025T17:04:03 - [TEST_STEP][PASSED] - n = n + 1: null

30-03-2025T17:04:03 - [TEST_STEP][PASSED] - saveWorkbook(excelFilePath, workbook01): null

30-03-2025T17:04:04 - [TEST_STEP][PASSED] - typeOfData = "Факт в процентах": null

30-03-2025T17:04:04 - [TEST_STEP][PASSED] - fileDouble = ").toDouble(): null

30-03-2025T17:04:04 - [TEST_STEP][PASSED] - Script1718980020443.WriteToExcelNoData(a, typeOfData, todaysDate, fileInt, fileDouble, dZO): null

30-03-2025T17:04:04 - [TEST_STEP][PASSED] - sheetName = "Sheet1": null

30-03-2025T17:04:04 - [TEST_STEP][PASSED] - data = findTestData("PlanFact"): null

30-03-2025T17:04:04 - [TEST_STEP][PASSED] - n = data.getRowNumbers() + 1: null

30-03-2025T17:04:04 - [TEST_STEP][PASSED] - day = ")).toInteger(): null

30-03-2025T17:04:04 - [TEST_STEP][PASSED] - println(day): null

30-03-2025T17:04:04 - [TEST_STEP][PASSED] - month = ")).toInteger(): null

30-03-2025T17:04:04 - [TEST_STEP][PASSED] - println(month): null

30-03-2025T17:04:04 - [TEST_STEP][PASSED] - y = <not implemented yet for class: org.codehaus.groovy.ast.expr.EmptyExpression>: null

30-03-2025T17:04:04 - [TEST_STEP][PASSED] - iy = <not implemented yet for class: org.codehaus.groovy.ast.expr.EmptyExpression>: null

30-03-2025T17:04:04 - [TEST_STEP][PASSED] - m = getText(findTestObject("Выполнение бизнес-плана/Период")): Text of object 'Object Repository/Выполнение бизнес-плана/Период' is: 'Январь 2025 года'

30-03-2025T17:04:04 - [MESSAGE][PASSED] - Text of object 'Object Repository/Выполнение бизнес-плана/Период' is: 'Январь 2025 года'

30-03-2025T17:04:04 - [TEST_STEP][PASSED] - iy = m.indexOf("20"): null

30-03-2025T17:04:04 - [TEST_STEP][PASSED] - if (iy > -1): null

30-03-2025T17:04:04 - [TEST_STEP][PASSED] - y = substring(iy, iy + 4).toInteger(): null

30-03-2025T17:04:04 - [TEST_STEP][PASSED] - println(y): null

30-03-2025T17:04:04 - [TEST_STEP][PASSED] - if (toString().length() == 4): null

30-03-2025T17:04:04 - [TEST_STEP][PASSED] - m = m.substring(0, m.indexOf(y.toString())): null

30-03-2025T17:04:04 - [TEST_STEP][PASSED] - m = m.trim(): null

30-03-2025T17:04:04 - [TEST_STEP][PASSED] - if (m == ""): null

30-03-2025T17:04:04 - [TEST_STEP][PASSED] - dashboardName = "Выполнение бизнес-плана": null

30-03-2025T17:04:04 - [TEST_STEP][PASSED] - workbook01 = getWorkbook(excelFilePath): null

30-03-2025T17:04:04 - [TEST_STEP][PASSED] - sheet01 = getExcelSheet(workbook01, sheetName): null

30-03-2025T17:04:04 - [TEST_STEP][PASSED] - setValueToCellByIndex(sheet01, n, 0, dashboardName): null

30-03-2025T17:04:04 - [TEST_STEP][PASSED] - setValueToCellByIndex(sheet01, n, 1, dZO): null

30-03-2025T17:04:04 - [TEST_STEP][PASSED] - setValueToCellByIndex(sheet01, n, 2, typeOfData): null

30-03-2025T17:04:04 - [TEST_STEP][PASSED] - if (typeOfData == "Факт в процентах" || typeOfData == "План в процентах"): null

30-03-2025T17:04:04 - [TEST_STEP][PASSED] - setValueToCellByIndex(sheet01, n, 3, fileDouble): null

30-03-2025T17:04:04 - [TEST_STEP][PASSED] - setValueToCellByIndex(sheet01, n, 4, "нет данных"): null

30-03-2025T17:04:04 - [TEST_STEP][PASSED] - setValueToCellByIndex(sheet01, n, 5, m): null

30-03-2025T17:04:04 - [TEST_STEP][PASSED] - setValueToCellByIndex(sheet01, n, 6, y): null

30-03-2025T17:04:04 - [TEST_STEP][PASSED] - setValueToCellByIndex(sheet01, n, 7, todaysDate): null

30-03-2025T17:04:04 - [TEST_STEP][PASSED] - n = n + 1: null

30-03-2025T17:04:04 - [TEST_STEP][PASSED] - saveWorkbook(excelFilePath, workbook01): null

30-03-2025T17:04:04 - [TEST_STEP][PASSED] - dZO = "Пензаэнерго": null

30-03-2025T17:04:04 - [TEST_STEP][PASSED] - a = 31: null

30-03-2025T17:04:04 - [TEST_STEP][PASSED] - if (x2.contains(dZO)): null

30-03-2025T17:04:04 - [TEST_STEP][PASSED] - filialNum = filialNum + 1: null

30-03-2025T17:04:04 - [TEST_STEP][PASSED] - Script1718980020443.Numbers(a, typeOfData, todaysDate, pageInt, fileInt, pageDouble, fileDouble, dZO, dzoNum, filialNum): null

30-03-2025T17:04:04 - [TEST_STEP][PASSED] - println(dzoNum): null

30-03-2025T17:04:04 - [TEST_STEP][PASSED] - planFact = <not implemented yet for class: org.codehaus.groovy.ast.expr.EmptyExpression>: null

30-03-2025T17:04:04 - [TEST_STEP][PASSED] - page = <not implemented yet for class: org.codehaus.groovy.ast.expr.EmptyExpression>: null

30-03-2025T17:04:04 - [TEST_STEP][PASSED] - page1 = <not implemented yet for class: org.codehaus.groovy.ast.expr.EmptyExpression>: null

30-03-2025T17:04:04 - [TEST_STEP][PASSED] - page2 = <not implemented yet for class: org.codehaus.groovy.ast.expr.EmptyExpression>: null

30-03-2025T17:04:04 - [TEST_STEP][PASSED] - filialNumberInRow = <not implemented yet for class: org.codehaus.groovy.ast.expr.EmptyExpression>: null

30-03-2025T17:04:04 - [TEST_STEP][PASSED] - filialsDzoNames = <not implemented yet for class: org.codehaus.groovy.ast.expr.EmptyExpression>: null

30-03-2025T17:04:04 - [TEST_STEP][PASSED] - numberOfFilials = <not implemented yet for class: org.codehaus.groovy.ast.expr.EmptyExpression>: null

30-03-2025T17:04:04 - [TEST_STEP][PASSED] - numberOfSpaces = <not implemented yet for class: org.codehaus.groovy.ast.expr.EmptyExpression>: null

30-03-2025T17:04:04 - [TEST_STEP][PASSED] - file = <not implemented yet for class: org.codehaus.groovy.ast.expr.EmptyExpression>: null

30-03-2025T17:04:04 - [TEST_STEP][PASSED] - otpusk = <not implemented yet for class: org.codehaus.groovy.ast.expr.EmptyExpression>: null

30-03-2025T17:04:04 - [TEST_STEP][PASSED] - poteri = <not implemented yet for class: org.codehaus.groovy.ast.expr.EmptyExpression>: null

30-03-2025T17:04:04 - [TEST_STEP][PASSED] - dataFolder = "Выполнение бизнес-плана/Значения со страницы Выполнение бизнес-плана/": null

30-03-2025T17:04:04 - [TEST_STEP][PASSED] - path = <not implemented yet for class: org.codehaus.groovy.ast.expr.EmptyExpression>: null

30-03-2025T17:04:04 - [TEST_STEP][PASSED] - typeOfDataMain = <not implemented yet for class: org.codehaus.groovy.ast.expr.EmptyExpression>: null

30-03-2025T17:04:04 - [TEST_STEP][PASSED] - fileOtpuskVSet = <not implemented yet for class: org.codehaus.groovy.ast.expr.EmptyExpression>: null

30-03-2025T17:04:04 - [TEST_STEP][PASSED] - pageOtpuskVSet = <not implemented yet for class: org.codehaus.groovy.ast.expr.EmptyExpression>: null

30-03-2025T17:04:04 - [TEST_STEP][PASSED] - filePoteri = <not implemented yet for class: org.codehaus.groovy.ast.expr.EmptyExpression>: null

30-03-2025T17:04:04 - [TEST_STEP][PASSED] - pagePoteri = <not implemented yet for class: org.codehaus.groovy.ast.expr.EmptyExpression>: null

30-03-2025T17:04:04 - [TEST_STEP][PASSED] - compare = <not implemented yet for class: org.codehaus.groovy.ast.expr.EmptyExpression>: null

30-03-2025T17:04:04 - [TEST_STEP][PASSED] - b = <not implemented yet for class: org.codehaus.groovy.ast.expr.EmptyExpression>: null

30-03-2025T17:04:04 - [TEST_STEP][PASSED] - i = <not implemented yet for class: org.codehaus.groovy.ast.expr.EmptyExpression>: null

30-03-2025T17:04:04 - [TEST_STEP][PASSED] - ii = <not implemented yet for class: org.codehaus.groovy.ast.expr.EmptyExpression>: null

30-03-2025T17:04:04 - [TEST_STEP][PASSED] - c = <not implemented yet for class: org.codehaus.groovy.ast.expr.EmptyExpression>: null

30-03-2025T17:04:04 - [TEST_STEP][PASSED] - numberOfErrors = 0: null

30-03-2025T17:04:04 - [TEST_STEP][PASSED] - if (a == 82): null

30-03-2025T17:04:04 - [TEST_STEP][PASSED] - b = findTestData("PlanFact").getValue(1, a): null

30-03-2025T17:04:04 - [TEST_STEP][PASSED] - i = b.indexOf(" (ГК)"): null

30-03-2025T17:04:04 - [TEST_STEP][PASSED] - if (i > -1): null

30-03-2025T17:04:04 - [TEST_STEP][PASSED] - i = b.indexOf("О ""): null

30-03-2025T17:04:04 - [TEST_STEP][PASSED] - if (i > -1): null

30-03-2025T17:04:04 - [TEST_STEP][PASSED] - i = b.indexOf("О «"): null

30-03-2025T17:04:04 - [TEST_STEP][PASSED] - if (i > -1): null

30-03-2025T17:04:04 - [TEST_STEP][PASSED] - i = b.indexOf("г. "): null

30-03-2025T17:04:04 - [TEST_STEP][PASSED] - if (i > -1): null

30-03-2025T17:04:04 - [TEST_STEP][PASSED] - b = b.trim(): null

30-03-2025T17:04:04 - [TEST_STEP][PASSED] - println(b): null

30-03-2025T17:04:04 - [TEST_STEP][PASSED] - for ([planFact = 1, planFact < 3, (planFact++)]): null

30-03-2025T17:04:04 - [TEST_STEP][PASSED] - if (planFact == 1): null

30-03-2025T17:04:04 - [TEST_STEP][PASSED] - typeOfDataMain = "Факт": null

30-03-2025T17:04:04 - [TEST_STEP][PASSED] - otpusk = findTestData("PlanFact").getValue(5, a): null

30-03-2025T17:04:04 - [TEST_STEP][PASSED] - poteri = findTestData("PlanFact").getValue(6, a): null

30-03-2025T17:04:05 - [TEST_STEP][PASSED] - otpusk = otpusk.replaceAll("\s+", ""): null

30-03-2025T17:04:05 - [TEST_STEP][PASSED] - poteri = poteri.replaceAll("\s+", ""): null

30-03-2025T17:04:05 - [TEST_STEP][PASSED] - typeOfData = typeOfDataMain + " Отпуск в сеть": null

30-03-2025T17:04:05 - [TEST_STEP][PASSED] - if (a == 82): null

30-03-2025T17:04:05 - [TEST_STEP][PASSED] - else if (a == 84): null

30-03-2025T17:04:05 - [TEST_STEP][PASSED] - else if (a == 83 || a == 52 || a == 72 || a == 28 || a == 73 || a == 77 || a == 74 || a == 65 || a == 36 || a == 44 || a == 53 || a == 80 || a == 54 || a == 1 || a == 18 || a == 59 || a == 81): null

30-03-2025T17:04:05 - [TEST_STEP][PASSED] - else: null

30-03-2025T17:04:05 - [TEST_STEP][PASSED] - path = dataFolder + typeOfData + " за отчётный период " + b: null

30-03-2025T17:04:05 - [TEST_STEP][PASSED] - println(path): null

30-03-2025T17:04:05 - [TEST_STEP][PASSED] - page = getText(findTestObject(path)): Text of object 'Object Repository/Выполнение бизнес-плана/Значения со страницы Выполнение бизнес-плана/Факт Отпуск в сеть за отчётный период Пензаэнерго' is: '880 001'

30-03-2025T17:04:05 - [MESSAGE][PASSED] - Text of object 'Object Repository/Выполнение бизнес-плана/Значения со страницы Выполнение бизнес-плана/Факт Отпуск в сеть за отчётный период Пензаэнерго' is: '880 001'

30-03-2025T17:04:05 - [TEST_STEP][PASSED] - if (page == "" || page == null): null

30-03-2025T17:04:05 - [TEST_STEP][PASSED] - else: null

30-03-2025T17:04:05 - [TEST_STEP][PASSED] - page = page.replaceAll("\s+", ""): null

30-03-2025T17:04:05 - [TEST_STEP][PASSED] - if (page == "undefined"): null

30-03-2025T17:04:05 - [TEST_STEP][PASSED] - fileOtpuskVSet = otpusk.toInteger(): null

30-03-2025T17:04:05 - [TEST_STEP][PASSED] - pageOtpuskVSet = page.toInteger(): null

30-03-2025T17:04:05 - [TEST_STEP][PASSED] - typeOfData = typeOfDataMain + " Потери": null

30-03-2025T17:04:05 - [TEST_STEP][PASSED] - if (a == 82): null

30-03-2025T17:04:05 - [TEST_STEP][PASSED] - else if (a == 84): null

30-03-2025T17:04:05 - [TEST_STEP][PASSED] - else if (a == 83 || a == 52 || a == 72 || a == 28 || a == 73 || a == 77 || a == 74 || a == 65 || a == 44 || a == 53 || a == 80 || a == 54 || a == 1 || a == 18 || a == 59 || a == 81): null

30-03-2025T17:04:05 - [TEST_STEP][PASSED] - else: null

30-03-2025T17:04:05 - [TEST_STEP][PASSED] - path = dataFolder + typeOfData + " за отчётный период " + b: null

30-03-2025T17:04:05 - [TEST_STEP][PASSED] - page = getText(findTestObject(path)): Text of object 'Object Repository/Выполнение бизнес-плана/Значения со страницы Выполнение бизнес-плана/Факт Потери за отчётный период Пензаэнерго' is: '51 219'

30-03-2025T17:04:05 - [MESSAGE][PASSED] - Text of object 'Object Repository/Выполнение бизнес-плана/Значения со страницы Выполнение бизнес-плана/Факт Потери за отчётный период Пензаэнерго' is: '51 219'

30-03-2025T17:04:05 - [TEST_STEP][PASSED] - if (page == "" || page == null): null

30-03-2025T17:04:05 - [TEST_STEP][PASSED] - else: null

30-03-2025T17:04:05 - [TEST_STEP][PASSED] - page = page.replaceAll("\s+", ""): null

30-03-2025T17:04:05 - [TEST_STEP][PASSED] - if (page == "undefined"): null

30-03-2025T17:04:05 - [TEST_STEP][PASSED] - filePoteri = poteri.toInteger(): null

30-03-2025T17:04:05 - [TEST_STEP][PASSED] - pagePoteri = page.toInteger(): null

30-03-2025T17:04:05 - [TEST_STEP][PASSED] - compare = pageOtpuskVSet: null

30-03-2025T17:04:05 - [TEST_STEP][PASSED] - if (pageOtpuskVSet != null): null

30-03-2025T17:04:05 - [TEST_STEP][PASSED] - if (compare == fileOtpuskVSet): null

30-03-2025T17:04:05 - [TEST_STEP][PASSED] - else if (compare > fileOtpuskVSet): null

30-03-2025T17:04:05 - [TEST_STEP][PASSED] - compare = compare - 1: null

30-03-2025T17:04:05 - [TEST_STEP][PASSED] - if (compare == fileOtpuskVSet): null

30-03-2025T17:04:05 - [TEST_STEP][PASSED] - else: null

30-03-2025T17:04:05 - [TEST_STEP][PASSED] - numberOfErrors = numberOfErrors + 1: null

30-03-2025T17:04:05 - [TEST_STEP][PASSED] - pageInt = pageOtpuskVSet: null

30-03-2025T17:04:05 - [TEST_STEP][PASSED] - fileInt = fileOtpuskVSet: null

30-03-2025T17:04:05 - [TEST_STEP][PASSED] - typeOfData = typeOfDataMain + " Отпуск в сеть": null

30-03-2025T17:04:05 - [TEST_STEP][PASSED] - Script1718980020443.WriteToExcel(a, typeOfData, todaysDate, pageInt, fileInt, pageDouble, fileDouble, dZO): null

30-03-2025T17:04:05 - [TEST_STEP][PASSED] - sheetName = "Sheet1": null

30-03-2025T17:04:05 - [TEST_STEP][PASSED] - data = findTestData("PlanFact"): null

30-03-2025T17:04:05 - [TEST_STEP][PASSED] - n = data.getRowNumbers() + 1: null

30-03-2025T17:04:05 - [TEST_STEP][PASSED] - day = ")).toInteger(): null

30-03-2025T17:04:05 - [TEST_STEP][PASSED] - println(day): null

30-03-2025T17:04:05 - [TEST_STEP][PASSED] - month = ")).toInteger(): null

30-03-2025T17:04:05 - [TEST_STEP][PASSED] - println(month): null

30-03-2025T17:04:05 - [TEST_STEP][PASSED] - y = <not implemented yet for class: org.codehaus.groovy.ast.expr.EmptyExpression>: null

30-03-2025T17:04:05 - [TEST_STEP][PASSED] - iy = <not implemented yet for class: org.codehaus.groovy.ast.expr.EmptyExpression>: null

30-03-2025T17:04:05 - [TEST_STEP][PASSED] - m = getText(findTestObject("Выполнение бизнес-плана/Период")): Text of object 'Object Repository/Выполнение бизнес-плана/Период' is: 'Январь 2025 года'

30-03-2025T17:04:06 - [MESSAGE][PASSED] - Text of object 'Object Repository/Выполнение бизнес-плана/Период' is: 'Январь 2025 года'

30-03-2025T17:04:06 - [TEST_STEP][PASSED] - iy = m.indexOf("20"): null

30-03-2025T17:04:06 - [TEST_STEP][PASSED] - if (iy > -1): null

30-03-2025T17:04:06 - [TEST_STEP][PASSED] - y = substring(iy, iy + 4).toInteger(): null

30-03-2025T17:04:06 - [TEST_STEP][PASSED] - println(y): null

30-03-2025T17:04:06 - [TEST_STEP][PASSED] - if (toString().length() == 4): null

30-03-2025T17:04:06 - [TEST_STEP][PASSED] - m = m.substring(0, m.indexOf(y.toString())): null

30-03-2025T17:04:06 - [TEST_STEP][PASSED] - m = m.trim(): null

30-03-2025T17:04:06 - [TEST_STEP][PASSED] - if (m == ""): null

30-03-2025T17:04:06 - [TEST_STEP][PASSED] - dashboardName = "Выполнение бизнес-плана": null

30-03-2025T17:04:06 - [TEST_STEP][PASSED] - workbook01 = getWorkbook(excelFilePath): null

30-03-2025T17:04:06 - [TEST_STEP][PASSED] - sheet01 = getExcelSheet(workbook01, sheetName): null

30-03-2025T17:04:06 - [TEST_STEP][PASSED] - setValueToCellByIndex(sheet01, n, 0, dashboardName): null

30-03-2025T17:04:06 - [TEST_STEP][PASSED] - setValueToCellByIndex(sheet01, n, 1, dZO): null

30-03-2025T17:04:06 - [TEST_STEP][PASSED] - setValueToCellByIndex(sheet01, n, 2, typeOfData): null

30-03-2025T17:04:06 - [TEST_STEP][PASSED] - if (typeOfData == "Факт в процентах" || typeOfData == "План в процентах"): null

30-03-2025T17:04:06 - [TEST_STEP][PASSED] - else: null

30-03-2025T17:04:06 - [TEST_STEP][PASSED] - setValueToCellByIndex(sheet01, n, 3, fileInt): null

30-03-2025T17:04:06 - [TEST_STEP][PASSED] - setValueToCellByIndex(sheet01, n, 4, pageInt): null

30-03-2025T17:04:06 - [TEST_STEP][PASSED] - setValueToCellByIndex(sheet01, n, 5, m): null

30-03-2025T17:04:06 - [TEST_STEP][PASSED] - setValueToCellByIndex(sheet01, n, 6, y): null

30-03-2025T17:04:06 - [TEST_STEP][PASSED] - setValueToCellByIndex(sheet01, n, 7, todaysDate): null

30-03-2025T17:04:06 - [TEST_STEP][PASSED] - n = n + 1: null

30-03-2025T17:04:06 - [TEST_STEP][PASSED] - saveWorkbook(excelFilePath, workbook01): null

30-03-2025T17:04:06 - [TEST_STEP][PASSED] - compare = pagePoteri: null

30-03-2025T17:04:06 - [TEST_STEP][PASSED] - if (pageOtpuskVSet != null): null

30-03-2025T17:04:06 - [TEST_STEP][PASSED] - if (compare == filePoteri): null

30-03-2025T17:04:06 - [TEST_STEP][PASSED] - else if (compare > filePoteri): null

30-03-2025T17:04:06 - [TEST_STEP][PASSED] - compare = compare - 1: null

30-03-2025T17:04:06 - [TEST_STEP][PASSED] - if (compare == filePoteri): null

30-03-2025T17:04:06 - [TEST_STEP][PASSED] - else: null

30-03-2025T17:04:06 - [TEST_STEP][PASSED] - numberOfErrors = numberOfErrors + 1: null

30-03-2025T17:04:06 - [TEST_STEP][PASSED] - pageInt = pagePoteri: null

30-03-2025T17:04:06 - [TEST_STEP][PASSED] - fileInt = filePoteri: null

30-03-2025T17:04:06 - [TEST_STEP][PASSED] - typeOfData = typeOfDataMain + " Потери": null

30-03-2025T17:04:06 - [TEST_STEP][PASSED] - Script1718980020443.WriteToExcel(a, typeOfData, todaysDate, pageInt, fileInt, pageDouble, fileDouble, dZO): null

30-03-2025T17:04:06 - [TEST_STEP][PASSED] - sheetName = "Sheet1": null

30-03-2025T17:04:06 - [TEST_STEP][PASSED] - data = findTestData("PlanFact"): null

30-03-2025T17:04:06 - [TEST_STEP][PASSED] - n = data.getRowNumbers() + 1: null

30-03-2025T17:04:06 - [TEST_STEP][PASSED] - day = ")).toInteger(): null

30-03-2025T17:04:06 - [TEST_STEP][PASSED] - println(day): null

30-03-2025T17:04:06 - [TEST_STEP][PASSED] - month = ")).toInteger(): null

30-03-2025T17:04:06 - [TEST_STEP][PASSED] - println(month): null

30-03-2025T17:04:06 - [TEST_STEP][PASSED] - y = <not implemented yet for class: org.codehaus.groovy.ast.expr.EmptyExpression>: null

30-03-2025T17:04:06 - [TEST_STEP][PASSED] - iy = <not implemented yet for class: org.codehaus.groovy.ast.expr.EmptyExpression>: null

30-03-2025T17:04:06 - [TEST_STEP][PASSED] - m = getText(findTestObject("Выполнение бизнес-плана/Период")): Text of object 'Object Repository/Выполнение бизнес-плана/Период' is: 'Январь 2025 года'

30-03-2025T17:04:06 - [MESSAGE][PASSED] - Text of object 'Object Repository/Выполнение бизнес-плана/Период' is: 'Январь 2025 года'

30-03-2025T17:04:06 - [TEST_STEP][PASSED] - iy = m.indexOf("20"): null

30-03-2025T17:04:06 - [TEST_STEP][PASSED] - if (iy > -1): null

30-03-2025T17:04:06 - [TEST_STEP][PASSED] - y = substring(iy, iy + 4).toInteger(): null

30-03-2025T17:04:06 - [TEST_STEP][PASSED] - println(y): null

30-03-2025T17:04:06 - [TEST_STEP][PASSED] - if (toString().length() == 4): null

30-03-2025T17:04:06 - [TEST_STEP][PASSED] - m = m.substring(0, m.indexOf(y.toString())): null

30-03-2025T17:04:06 - [TEST_STEP][PASSED] - m = m.trim(): null

30-03-2025T17:04:06 - [TEST_STEP][PASSED] - if (m == ""): null

30-03-2025T17:04:06 - [TEST_STEP][PASSED] - dashboardName = "Выполнение бизнес-плана": null

30-03-2025T17:04:06 - [TEST_STEP][PASSED] - workbook01 = getWorkbook(excelFilePath): null

30-03-2025T17:04:06 - [TEST_STEP][PASSED] - sheet01 = getExcelSheet(workbook01, sheetName): null

30-03-2025T17:04:06 - [TEST_STEP][PASSED] - setValueToCellByIndex(sheet01, n, 0, dashboardName): null

30-03-2025T17:04:06 - [TEST_STEP][PASSED] - setValueToCellByIndex(sheet01, n, 1, dZO): null

30-03-2025T17:04:06 - [TEST_STEP][PASSED] - setValueToCellByIndex(sheet01, n, 2, typeOfData): null

30-03-2025T17:04:06 - [TEST_STEP][PASSED] - if (typeOfData == "Факт в процентах" || typeOfData == "План в процентах"): null

30-03-2025T17:04:06 - [TEST_STEP][PASSED] - else: null

30-03-2025T17:04:06 - [TEST_STEP][PASSED] - setValueToCellByIndex(sheet01, n, 3, fileInt): null

30-03-2025T17:04:06 - [TEST_STEP][PASSED] - setValueToCellByIndex(sheet01, n, 4, pageInt): null

30-03-2025T17:04:06 - [TEST_STEP][PASSED] - setValueToCellByIndex(sheet01, n, 5, m): null

30-03-2025T17:04:06 - [TEST_STEP][PASSED] - setValueToCellByIndex(sheet01, n, 6, y): null

30-03-2025T17:04:06 - [TEST_STEP][PASSED] - setValueToCellByIndex(sheet01, n, 7, todaysDate): null

30-03-2025T17:04:06 - [TEST_STEP][PASSED] - n = n + 1: null

30-03-2025T17:04:06 - [TEST_STEP][PASSED] - saveWorkbook(excelFilePath, workbook01): null

30-03-2025T17:04:07 - [TEST_STEP][PASSED] - if (planFact == 2): null

30-03-2025T17:04:07 - [TEST_STEP][PASSED] - if (planFact == 1): null

30-03-2025T17:04:07 - [TEST_STEP][PASSED] - else if (planFact == 2): null

30-03-2025T17:04:07 - [TEST_STEP][PASSED] - click(findTestObject("Выполнение бизнес-плана/Кнопка План")): Object: 'Object Repository/Выполнение бизнес-плана/Кнопка План' is clicked on

30-03-2025T17:04:07 - [MESSAGE][PASSED] - Object: 'Object Repository/Выполнение бизнес-плана/Кнопка План' is clicked on

30-03-2025T17:04:07 - [TEST_STEP][PASSED] - typeOfDataMain = "План": null

30-03-2025T17:04:07 - [TEST_STEP][PASSED] - otpusk = findTestData("PlanFact").getValue(2, a): null

30-03-2025T17:04:07 - [TEST_STEP][PASSED] - poteri = findTestData("PlanFact").getValue(3, a): null

30-03-2025T17:04:07 - [TEST_STEP][PASSED] - otpusk = otpusk.replaceAll("\s+", ""): null

30-03-2025T17:04:07 - [TEST_STEP][PASSED] - poteri = poteri.replaceAll("\s+", ""): null

30-03-2025T17:04:07 - [TEST_STEP][PASSED] - typeOfData = typeOfDataMain + " Отпуск в сеть": null

30-03-2025T17:04:07 - [TEST_STEP][PASSED] - if (a == 82): null

30-03-2025T17:04:07 - [TEST_STEP][PASSED] - else if (a == 84): null

30-03-2025T17:04:07 - [TEST_STEP][PASSED] - else if (a == 83 || a == 52 || a == 72 || a == 28 || a == 73 || a == 77 || a == 74 || a == 65 || a == 36 || a == 44 || a == 53 || a == 80 || a == 54 || a == 1 || a == 18 || a == 59 || a == 81): null

30-03-2025T17:04:07 - [TEST_STEP][PASSED] - else: null

30-03-2025T17:04:07 - [TEST_STEP][PASSED] - path = dataFolder + typeOfData + " за отчётный период " + b: null

30-03-2025T17:04:07 - [TEST_STEP][PASSED] - println(path): null

30-03-2025T17:04:07 - [TEST_STEP][PASSED] - page = getText(findTestObject(path)): Text of object 'Object Repository/Выполнение бизнес-плана/Значения со страницы Выполнение бизнес-плана/План Отпуск в сеть за отчётный период Пензаэнерго' is: '925 980'

30-03-2025T17:04:07 - [MESSAGE][PASSED] - Text of object 'Object Repository/Выполнение бизнес-плана/Значения со страницы Выполнение бизнес-плана/План Отпуск в сеть за отчётный период Пензаэнерго' is: '925 980'

30-03-2025T17:04:07 - [TEST_STEP][PASSED] - if (page == "" || page == null): null

30-03-2025T17:04:07 - [TEST_STEP][PASSED] - else: null

30-03-2025T17:04:07 - [TEST_STEP][PASSED] - page = page.replaceAll("\s+", ""): null

30-03-2025T17:04:07 - [TEST_STEP][PASSED] - if (page == "undefined"): null

30-03-2025T17:04:07 - [TEST_STEP][PASSED] - fileOtpuskVSet = otpusk.toInteger(): null

30-03-2025T17:04:07 - [TEST_STEP][PASSED] - pageOtpuskVSet = page.toInteger(): null

30-03-2025T17:04:07 - [TEST_STEP][PASSED] - typeOfData = typeOfDataMain + " Потери": null

30-03-2025T17:04:07 - [TEST_STEP][PASSED] - if (a == 82): null

30-03-2025T17:04:07 - [TEST_STEP][PASSED] - else if (a == 84): null

30-03-2025T17:04:07 - [TEST_STEP][PASSED] - else if (a == 83 || a == 52 || a == 72 || a == 28 || a == 73 || a == 77 || a == 74 || a == 65 || a == 44 || a == 53 || a == 80 || a == 54 || a == 1 || a == 18 || a == 59 || a == 81): null

30-03-2025T17:04:07 - [TEST_STEP][PASSED] - else: null

30-03-2025T17:04:07 - [TEST_STEP][PASSED] - path = dataFolder + typeOfData + " за отчётный период " + b: null

30-03-2025T17:04:07 - [TEST_STEP][PASSED] - page = getText(findTestObject(path)): Text of object 'Object Repository/Выполнение бизнес-плана/Значения со страницы Выполнение бизнес-плана/План Потери за отчётный период Пензаэнерго' is: '64 175'

30-03-2025T17:04:08 - [MESSAGE][PASSED] - Text of object 'Object Repository/Выполнение бизнес-плана/Значения со страницы Выполнение бизнес-плана/План Потери за отчётный период Пензаэнерго' is: '64 175'

30-03-2025T17:04:08 - [TEST_STEP][PASSED] - if (page == "" || page == null): null

30-03-2025T17:04:08 - [TEST_STEP][PASSED] - else: null

30-03-2025T17:04:08 - [TEST_STEP][PASSED] - page = page.replaceAll("\s+", ""): null

30-03-2025T17:04:08 - [TEST_STEP][PASSED] - if (page == "undefined"): null

30-03-2025T17:04:08 - [TEST_STEP][PASSED] - filePoteri = poteri.toInteger(): null

30-03-2025T17:04:08 - [TEST_STEP][PASSED] - pagePoteri = page.toInteger(): null

30-03-2025T17:04:08 - [TEST_STEP][PASSED] - compare = pageOtpuskVSet: null

30-03-2025T17:04:08 - [TEST_STEP][PASSED] - if (pageOtpuskVSet != null): null

30-03-2025T17:04:08 - [TEST_STEP][PASSED] - if (compare == fileOtpuskVSet): null

30-03-2025T17:04:08 - [TEST_STEP][PASSED] - else if (compare > fileOtpuskVSet): null

30-03-2025T17:04:08 - [TEST_STEP][PASSED] - compare = compare - 1: null

30-03-2025T17:04:08 - [TEST_STEP][PASSED] - if (compare == fileOtpuskVSet): null

30-03-2025T17:04:08 - [TEST_STEP][PASSED] - else: null

30-03-2025T17:04:08 - [TEST_STEP][PASSED] - numberOfErrors = numberOfErrors + 1: null

30-03-2025T17:04:08 - [TEST_STEP][PASSED] - pageInt = pageOtpuskVSet: null

30-03-2025T17:04:08 - [TEST_STEP][PASSED] - fileInt = fileOtpuskVSet: null

30-03-2025T17:04:08 - [TEST_STEP][PASSED] - typeOfData = typeOfDataMain + " Отпуск в сеть": null

30-03-2025T17:04:08 - [TEST_STEP][PASSED] - Script1718980020443.WriteToExcel(a, typeOfData, todaysDate, pageInt, fileInt, pageDouble, fileDouble, dZO): null

30-03-2025T17:04:08 - [TEST_STEP][PASSED] - sheetName = "Sheet1": null

30-03-2025T17:04:08 - [TEST_STEP][PASSED] - data = findTestData("PlanFact"): null

30-03-2025T17:04:08 - [TEST_STEP][PASSED] - n = data.getRowNumbers() + 1: null

30-03-2025T17:04:08 - [TEST_STEP][PASSED] - day = ")).toInteger(): null

30-03-2025T17:04:08 - [TEST_STEP][PASSED] - println(day): null

30-03-2025T17:04:08 - [TEST_STEP][PASSED] - month = ")).toInteger(): null

30-03-2025T17:04:08 - [TEST_STEP][PASSED] - println(month): null

30-03-2025T17:04:08 - [TEST_STEP][PASSED] - y = <not implemented yet for class: org.codehaus.groovy.ast.expr.EmptyExpression>: null

30-03-2025T17:04:08 - [TEST_STEP][PASSED] - iy = <not implemented yet for class: org.codehaus.groovy.ast.expr.EmptyExpression>: null

30-03-2025T17:04:08 - [TEST_STEP][PASSED] - m = getText(findTestObject("Выполнение бизнес-плана/Период")): Text of object 'Object Repository/Выполнение бизнес-плана/Период' is: 'Январь 2025 года'

30-03-2025T17:04:08 - [MESSAGE][PASSED] - Text of object 'Object Repository/Выполнение бизнес-плана/Период' is: 'Январь 2025 года'

30-03-2025T17:04:08 - [TEST_STEP][PASSED] - iy = m.indexOf("20"): null

30-03-2025T17:04:08 - [TEST_STEP][PASSED] - if (iy > -1): null

30-03-2025T17:04:08 - [TEST_STEP][PASSED] - y = substring(iy, iy + 4).toInteger(): null

30-03-2025T17:04:08 - [TEST_STEP][PASSED] - println(y): null

30-03-2025T17:04:08 - [TEST_STEP][PASSED] - if (toString().length() == 4): null

30-03-2025T17:04:08 - [TEST_STEP][PASSED] - m = m.substring(0, m.indexOf(y.toString())): null

30-03-2025T17:04:08 - [TEST_STEP][PASSED] - m = m.trim(): null

30-03-2025T17:04:08 - [TEST_STEP][PASSED] - if (m == ""): null

30-03-2025T17:04:08 - [TEST_STEP][PASSED] - dashboardName = "Выполнение бизнес-плана": null

30-03-2025T17:04:08 - [TEST_STEP][PASSED] - workbook01 = getWorkbook(excelFilePath): null

30-03-2025T17:04:08 - [TEST_STEP][PASSED] - sheet01 = getExcelSheet(workbook01, sheetName): null

30-03-2025T17:04:08 - [TEST_STEP][PASSED] - setValueToCellByIndex(sheet01, n, 0, dashboardName): null

30-03-2025T17:04:08 - [TEST_STEP][PASSED] - setValueToCellByIndex(sheet01, n, 1, dZO): null

30-03-2025T17:04:08 - [TEST_STEP][PASSED] - setValueToCellByIndex(sheet01, n, 2, typeOfData): null

30-03-2025T17:04:08 - [TEST_STEP][PASSED] - if (typeOfData == "Факт в процентах" || typeOfData == "План в процентах"): null

30-03-2025T17:04:08 - [TEST_STEP][PASSED] - else: null

30-03-2025T17:04:08 - [TEST_STEP][PASSED] - setValueToCellByIndex(sheet01, n, 3, fileInt): null

30-03-2025T17:04:08 - [TEST_STEP][PASSED] - setValueToCellByIndex(sheet01, n, 4, pageInt): null

30-03-2025T17:04:08 - [TEST_STEP][PASSED] - setValueToCellByIndex(sheet01, n, 5, m): null

30-03-2025T17:04:08 - [TEST_STEP][PASSED] - setValueToCellByIndex(sheet01, n, 6, y): null

30-03-2025T17:04:08 - [TEST_STEP][PASSED] - setValueToCellByIndex(sheet01, n, 7, todaysDate): null

30-03-2025T17:04:08 - [TEST_STEP][PASSED] - n = n + 1: null

30-03-2025T17:04:08 - [TEST_STEP][PASSED] - saveWorkbook(excelFilePath, workbook01): null

30-03-2025T17:04:08 - [TEST_STEP][PASSED] - compare = pagePoteri: null

30-03-2025T17:04:08 - [TEST_STEP][PASSED] - if (pageOtpuskVSet != null): null

30-03-2025T17:04:08 - [TEST_STEP][PASSED] - if (compare == filePoteri): null

30-03-2025T17:04:08 - [TEST_STEP][PASSED] - else if (compare > filePoteri): null

30-03-2025T17:04:08 - [TEST_STEP][PASSED] - compare = compare - 1: null

30-03-2025T17:04:08 - [TEST_STEP][PASSED] - if (compare == filePoteri): null

30-03-2025T17:04:08 - [TEST_STEP][PASSED] - else: null

30-03-2025T17:04:08 - [TEST_STEP][PASSED] - numberOfErrors = numberOfErrors + 1: null

30-03-2025T17:04:08 - [TEST_STEP][PASSED] - pageInt = pagePoteri: null

30-03-2025T17:04:08 - [TEST_STEP][PASSED] - fileInt = filePoteri: null

30-03-2025T17:04:08 - [TEST_STEP][PASSED] - typeOfData = typeOfDataMain + " Потери": null

30-03-2025T17:04:08 - [TEST_STEP][PASSED] - Script1718980020443.WriteToExcel(a, typeOfData, todaysDate, pageInt, fileInt, pageDouble, fileDouble, dZO): null

30-03-2025T17:04:08 - [TEST_STEP][PASSED] - sheetName = "Sheet1": null

30-03-2025T17:04:08 - [TEST_STEP][PASSED] - data = findTestData("PlanFact"): null

30-03-2025T17:04:08 - [TEST_STEP][PASSED] - n = data.getRowNumbers() + 1: null

30-03-2025T17:04:08 - [TEST_STEP][PASSED] - day = ")).toInteger(): null

30-03-2025T17:04:08 - [TEST_STEP][PASSED] - println(day): null

30-03-2025T17:04:08 - [TEST_STEP][PASSED] - month = ")).toInteger(): null

30-03-2025T17:04:08 - [TEST_STEP][PASSED] - println(month): null

30-03-2025T17:04:08 - [TEST_STEP][PASSED] - y = <not implemented yet for class: org.codehaus.groovy.ast.expr.EmptyExpression>: null

30-03-2025T17:04:08 - [TEST_STEP][PASSED] - iy = <not implemented yet for class: org.codehaus.groovy.ast.expr.EmptyExpression>: null

30-03-2025T17:04:08 - [TEST_STEP][PASSED] - m = getText(findTestObject("Выполнение бизнес-плана/Период")): Text of object 'Object Repository/Выполнение бизнес-плана/Период' is: 'Январь 2025 года'

30-03-2025T17:04:09 - [MESSAGE][PASSED] - Text of object 'Object Repository/Выполнение бизнес-плана/Период' is: 'Январь 2025 года'

30-03-2025T17:04:09 - [TEST_STEP][PASSED] - iy = m.indexOf("20"): null

30-03-2025T17:04:09 - [TEST_STEP][PASSED] - if (iy > -1): null

30-03-2025T17:04:09 - [TEST_STEP][PASSED] - y = substring(iy, iy + 4).toInteger(): null

30-03-2025T17:04:09 - [TEST_STEP][PASSED] - println(y): null

30-03-2025T17:04:09 - [TEST_STEP][PASSED] - if (toString().length() == 4): null

30-03-2025T17:04:09 - [TEST_STEP][PASSED] - m = m.substring(0, m.indexOf(y.toString())): null

30-03-2025T17:04:09 - [TEST_STEP][PASSED] - m = m.trim(): null

30-03-2025T17:04:09 - [TEST_STEP][PASSED] - if (m == ""): null

30-03-2025T17:04:09 - [TEST_STEP][PASSED] - dashboardName = "Выполнение бизнес-плана": null

30-03-2025T17:04:09 - [TEST_STEP][PASSED] - workbook01 = getWorkbook(excelFilePath): null

30-03-2025T17:04:09 - [TEST_STEP][PASSED] - sheet01 = getExcelSheet(workbook01, sheetName): null

30-03-2025T17:04:09 - [TEST_STEP][PASSED] - setValueToCellByIndex(sheet01, n, 0, dashboardName): null

30-03-2025T17:04:09 - [TEST_STEP][PASSED] - setValueToCellByIndex(sheet01, n, 1, dZO): null

30-03-2025T17:04:09 - [TEST_STEP][PASSED] - setValueToCellByIndex(sheet01, n, 2, typeOfData): null

30-03-2025T17:04:09 - [TEST_STEP][PASSED] - if (typeOfData == "Факт в процентах" || typeOfData == "План в процентах"): null

30-03-2025T17:04:09 - [TEST_STEP][PASSED] - else: null

30-03-2025T17:04:09 - [TEST_STEP][PASSED] - setValueToCellByIndex(sheet01, n, 3, fileInt): null

30-03-2025T17:04:09 - [TEST_STEP][PASSED] - setValueToCellByIndex(sheet01, n, 4, pageInt): null

30-03-2025T17:04:09 - [TEST_STEP][PASSED] - setValueToCellByIndex(sheet01, n, 5, m): null

30-03-2025T17:04:09 - [TEST_STEP][PASSED] - setValueToCellByIndex(sheet01, n, 6, y): null

30-03-2025T17:04:09 - [TEST_STEP][PASSED] - setValueToCellByIndex(sheet01, n, 7, todaysDate): null

30-03-2025T17:04:09 - [TEST_STEP][PASSED] - n = n + 1: null

30-03-2025T17:04:09 - [TEST_STEP][PASSED] - saveWorkbook(excelFilePath, workbook01): Object: 'Object Repository/Выполнение бизнес-плана/Кнопка Факт' is clicked on

30-03-2025T17:04:09 - [TEST_STEP][PASSED] - if (planFact == 2): Object: 'Object Repository/Выполнение бизнес-плана/Кнопка Факт' is clicked on

30-03-2025T17:04:09 - [TEST_STEP][PASSED] - click(findTestObject("Выполнение бизнес-плана/Кнопка Факт")): Object: 'Object Repository/Выполнение бизнес-плана/Кнопка Факт' is clicked on

30-03-2025T17:04:09 - [MESSAGE][PASSED] - Object: 'Object Repository/Выполнение бизнес-плана/Кнопка Факт' is clicked on

30-03-2025T17:04:09 - [TEST_STEP][PASSED] - println("a=" + a): null

30-03-2025T17:04:09 - [TEST_STEP][PASSED] - if (a == 84 || a == 82): null

30-03-2025T17:04:09 - [TEST_STEP][PASSED] - else if (a == 83 || a == 52 || a == 72 || a == 28 || a == 73 || a == 77 || a == 74 || a == 65 || a == 36 || a == 44 || a == 53 || a == 80 || a == 54 || a == 1 || a == 18 || a == 59 || a == 81): null

30-03-2025T17:04:09 - [TEST_STEP][PASSED] - else: null

30-03-2025T17:04:09 - [TEST_STEP][PASSED] - page1 = getText(findTestObject("Object Repository/Выполнение бизнес-плана/spanPlan" + filialNum)): Text of object 'Object Repository/Выполнение бизнес-плана/spanPlan1' is: '8.69
|'

30-03-2025T17:04:10 - [MESSAGE][PASSED] - Text of object 'Object Repository/Выполнение бизнес-плана/spanPlan1' is: '8.69
|'

30-03-2025T17:04:10 - [TEST_STEP][PASSED] - page1 = page1.replace("|", ""): null

30-03-2025T17:04:10 - [TEST_STEP][PASSED] - page2 = getText(findTestObject("Object Repository/Выполнение бизнес-плана/spanFact" + filialNum)): Text of object 'Object Repository/Выполнение бизнес-плана/spanFact1' is: '7.70
|'

30-03-2025T17:04:10 - [MESSAGE][PASSED] - Text of object 'Object Repository/Выполнение бизнес-плана/spanFact1' is: '7.70
|'

30-03-2025T17:04:10 - [TEST_STEP][PASSED] - page2 = page2.replace("|", ""): null

30-03-2025T17:04:10 - [TEST_STEP][PASSED] - println("page1: " + page1): null

30-03-2025T17:04:10 - [TEST_STEP][PASSED] - println("page2: " + page2): null

30-03-2025T17:04:10 - [TEST_STEP][PASSED] - file = findTestData("PlanFact").getValue(4, a): null

30-03-2025T17:04:10 - [TEST_STEP][PASSED] - file = file.replace(",", "."): null

30-03-2025T17:04:10 - [TEST_STEP][PASSED] - println("file Plan: " + file): null

30-03-2025T17:04:10 - [TEST_STEP][PASSED] - typeOfData = "План в процентах": null

30-03-2025T17:04:10 - [TEST_STEP][PASSED] - fileDouble = file.toDouble(): null

30-03-2025T17:04:10 - [TEST_STEP][PASSED] - pageDouble = page1.toDouble(): null

30-03-2025T17:04:10 - [TEST_STEP][PASSED] - if (fileDouble != pageDouble): null

30-03-2025T17:04:10 - [TEST_STEP][PASSED] - file = findTestData("PlanFact").getValue(7, a): null

30-03-2025T17:04:10 - [TEST_STEP][PASSED] - file = file.replace(",", "."): null

30-03-2025T17:04:10 - [TEST_STEP][PASSED] - println("file Fact: " + file): null

30-03-2025T17:04:10 - [TEST_STEP][PASSED] - fileDouble = file.toDouble(): null

30-03-2025T17:04:10 - [TEST_STEP][PASSED] - typeOfData = "Факт в процентах": null

30-03-2025T17:04:10 - [TEST_STEP][PASSED] - fileDouble = file.toDouble(): null

30-03-2025T17:04:10 - [TEST_STEP][PASSED] - pageDouble = page2.toDouble(): null

30-03-2025T17:04:10 - [TEST_STEP][PASSED] - if (fileDouble != pageDouble): null

30-03-2025T17:04:10 - [TEST_STEP][FAILED] - if (verifyEqual(numberOfErrors, 0) == false): null

30-03-2025T17:04:10 - [MESSAGE][FAILED] - Unable to verify equal between actual object '4' and expected object '0' (Root cause: com.kms.katalon.core.exception.StepFailedException: Actual object '4' and expected object '0' are not equal
	at com.kms.katalon.core.keyword.builtin.VerifyEqualKeyword$_verifyEqual_closure1.doCall(VerifyEqualKeyword.groovy:58)
	at com.kms.katalon.core.keyword.builtin.VerifyEqualKeyword$_verifyEqual_closure1.call(VerifyEqualKeyword.groovy)
	at com.kms.katalon.core.keyword.internal.KeywordMain.runKeyword(KeywordMain.groovy:75)
	at com.kms.katalon.core.keyword.builtin.VerifyEqualKeyword.verifyEqual(VerifyEqualKeyword.groovy:63)
	at com.kms.katalon.core.keyword.builtin.VerifyEqualKeyword.execute(VerifyEqualKeyword.groovy:44)
	at com.kms.katalon.core.keyword.internal.KeywordExecutor.executeKeywordForPlatform(KeywordExecutor.groovy:74)
	at com.kms.katalon.core.keyword.BuiltinKeywords.verifyEqual(BuiltinKeywords.groovy:146)
	at jdk.internal.reflect.GeneratedMethodAccessor22.invoke(Unknown Source)
	at java.base/jdk.internal.reflect.DelegatingMethodAccessorImpl.invoke(DelegatingMethodAccessorImpl.java:43)
	at Выполнение бизнес-плана Сверка ПАО Россети все филиалы.Numbers(Выполнение бизнес-плана Сверка ПАО Россети все филиалы:744)
	at Выполнение бизнес-плана Сверка ПАО Россети все филиалы.Filials(Выполнение бизнес-плана Сверка ПАО Россети все филиалы:951)
	at Выполнение бизнес-плана Сверка ПАО Россети все филиалы.Numbers(Выполнение бизнес-плана Сверка ПАО Россети все филиалы:751)
	at Выполнение бизнес-плана Сверка ПАО Россети все филиалы.run(Выполнение бизнес-плана Сверка ПАО Россети все филиалы:231)
	at com.kms.katalon.core.main.ScriptEngine.run(ScriptEngine.java:194)
	at com.kms.katalon.core.main.ScriptEngine.runScriptAsRawText(ScriptEngine.java:119)
	at com.kms.katalon.core.main.TestCaseExecutor.runScript(TestCaseExecutor.java:448)
	at com.kms.katalon.core.main.TestCaseExecutor.doExecute(TestCaseExecutor.java:439)
	at com.kms.katalon.core.main.TestCaseExecutor.processExecutionPhase(TestCaseExecutor.java:418)
	at com.kms.katalon.core.main.TestCaseExecutor.accessMainPhase(TestCaseExecutor.java:410)
	at com.kms.katalon.core.main.TestCaseExecutor.execute(TestCaseExecutor.java:285)
	at com.kms.katalon.core.common.CommonExecutor.accessTestCaseMainPhase(CommonExecutor.java:65)
	at com.kms.katalon.core.main.TestSuiteExecutor.accessTestSuiteMainPhase(TestSuiteExecutor.java:150)
	at com.kms.katalon.core.main.TestSuiteExecutor.execute(TestSuiteExecutor.java:106)
	at com.kms.katalon.core.main.TestCaseMain.startTestSuite(TestCaseMain.java:180)
	at TempTestSuite1743336560690.run(TempTestSuite1743336560690.groovy:35)
	at java.base/jdk.internal.reflect.NativeMethodAccessorImpl.invoke0(Native Method)
	at java.base/jdk.internal.reflect.NativeMethodAccessorImpl.invoke(NativeMethodAccessorImpl.java:77)
	at java.base/jdk.internal.reflect.DelegatingMethodAccessorImpl.invoke(DelegatingMethodAccessorImpl.java:43)
)

30-03-2025T17:04:10 - [TEST_STEP][PASSED] - println(numberOfErrors): null

30-03-2025T17:04:10 - [TEST_STEP][PASSED] - println("a=" + a): null

30-03-2025T17:04:10 - [TEST_STEP][PASSED] - if (a == 28 || a == 77 || a == 74 || a == 65 || a == 36 || a == 44 || a == 54 || a == 1 || a == 18 || a == 59): null

30-03-2025T17:04:10 - [TEST_STEP][PASSED] - if (a == 82): null

30-03-2025T17:04:10 - [TEST_STEP][PASSED] - dZO = "Самарские РС": null

30-03-2025T17:04:10 - [TEST_STEP][PASSED] - a = 32: null

30-03-2025T17:04:10 - [TEST_STEP][PASSED] - dzoCut = dZO.substring(0, 10): null

30-03-2025T17:04:10 - [TEST_STEP][PASSED] - if (x2.contains(dzoCut)): null

30-03-2025T17:04:10 - [TEST_STEP][PASSED] - filialNum = filialNum + 1: null

30-03-2025T17:04:10 - [TEST_STEP][PASSED] - Script1718980020443.Numbers(a, typeOfData, todaysDate, pageInt, fileInt, pageDouble, fileDouble, dZO, dzoNum, filialNum): null

30-03-2025T17:04:10 - [TEST_STEP][PASSED] - println(dzoNum): null

30-03-2025T17:04:10 - [TEST_STEP][PASSED] - planFact = <not implemented yet for class: org.codehaus.groovy.ast.expr.EmptyExpression>: null

30-03-2025T17:04:10 - [TEST_STEP][PASSED] - page = <not implemented yet for class: org.codehaus.groovy.ast.expr.EmptyExpression>: null

30-03-2025T17:04:10 - [TEST_STEP][PASSED] - page1 = <not implemented yet for class: org.codehaus.groovy.ast.expr.EmptyExpression>: null

30-03-2025T17:04:10 - [TEST_STEP][PASSED] - page2 = <not implemented yet for class: org.codehaus.groovy.ast.expr.EmptyExpression>: null

30-03-2025T17:04:10 - [TEST_STEP][PASSED] - filialNumberInRow = <not implemented yet for class: org.codehaus.groovy.ast.expr.EmptyExpression>: null

30-03-2025T17:04:10 - [TEST_STEP][PASSED] - filialsDzoNames = <not implemented yet for class: org.codehaus.groovy.ast.expr.EmptyExpression>: null

30-03-2025T17:04:10 - [TEST_STEP][PASSED] - numberOfFilials = <not implemented yet for class: org.codehaus.groovy.ast.expr.EmptyExpression>: null

30-03-2025T17:04:10 - [TEST_STEP][PASSED] - numberOfSpaces = <not implemented yet for class: org.codehaus.groovy.ast.expr.EmptyExpression>: null

30-03-2025T17:04:10 - [TEST_STEP][PASSED] - file = <not implemented yet for class: org.codehaus.groovy.ast.expr.EmptyExpression>: null

30-03-2025T17:04:10 - [TEST_STEP][PASSED] - otpusk = <not implemented yet for class: org.codehaus.groovy.ast.expr.EmptyExpression>: null

30-03-2025T17:04:10 - [TEST_STEP][PASSED] - poteri = <not implemented yet for class: org.codehaus.groovy.ast.expr.EmptyExpression>: null

30-03-2025T17:04:10 - [TEST_STEP][PASSED] - dataFolder = "Выполнение бизнес-плана/Значения со страницы Выполнение бизнес-плана/": null

30-03-2025T17:04:10 - [TEST_STEP][PASSED] - path = <not implemented yet for class: org.codehaus.groovy.ast.expr.EmptyExpression>: null

30-03-2025T17:04:10 - [TEST_STEP][PASSED] - typeOfDataMain = <not implemented yet for class: org.codehaus.groovy.ast.expr.EmptyExpression>: null

30-03-2025T17:04:10 - [TEST_STEP][PASSED] - fileOtpuskVSet = <not implemented yet for class: org.codehaus.groovy.ast.expr.EmptyExpression>: null

30-03-2025T17:04:10 - [TEST_STEP][PASSED] - pageOtpuskVSet = <not implemented yet for class: org.codehaus.groovy.ast.expr.EmptyExpression>: null

30-03-2025T17:04:10 - [TEST_STEP][PASSED] - filePoteri = <not implemented yet for class: org.codehaus.groovy.ast.expr.EmptyExpression>: null

30-03-2025T17:04:10 - [TEST_STEP][PASSED] - pagePoteri = <not implemented yet for class: org.codehaus.groovy.ast.expr.EmptyExpression>: null

30-03-2025T17:04:10 - [TEST_STEP][PASSED] - compare = <not implemented yet for class: org.codehaus.groovy.ast.expr.EmptyExpression>: null

30-03-2025T17:04:10 - [TEST_STEP][PASSED] - b = <not implemented yet for class: org.codehaus.groovy.ast.expr.EmptyExpression>: null

30-03-2025T17:04:10 - [TEST_STEP][PASSED] - i = <not implemented yet for class: org.codehaus.groovy.ast.expr.EmptyExpression>: null

30-03-2025T17:04:10 - [TEST_STEP][PASSED] - ii = <not implemented yet for class: org.codehaus.groovy.ast.expr.EmptyExpression>: null

30-03-2025T17:04:10 - [TEST_STEP][PASSED] - c = <not implemented yet for class: org.codehaus.groovy.ast.expr.EmptyExpression>: null

30-03-2025T17:04:10 - [TEST_STEP][PASSED] - numberOfErrors = 0: null

30-03-2025T17:04:10 - [TEST_STEP][PASSED] - if (a == 82): null

30-03-2025T17:04:10 - [TEST_STEP][PASSED] - b = findTestData("PlanFact").getValue(1, a): null

30-03-2025T17:04:10 - [TEST_STEP][PASSED] - i = b.indexOf(" (ГК)"): null

30-03-2025T17:04:10 - [TEST_STEP][PASSED] - if (i > -1): null

30-03-2025T17:04:10 - [TEST_STEP][PASSED] - i = b.indexOf("О ""): null

30-03-2025T17:04:10 - [TEST_STEP][PASSED] - if (i > -1): null

30-03-2025T17:04:10 - [TEST_STEP][PASSED] - i = b.indexOf("О «"): null

30-03-2025T17:04:10 - [TEST_STEP][PASSED] - if (i > -1): null

30-03-2025T17:04:10 - [TEST_STEP][PASSED] - i = b.indexOf("г. "): null

30-03-2025T17:04:10 - [TEST_STEP][PASSED] - if (i > -1): null

30-03-2025T17:04:10 - [TEST_STEP][PASSED] - b = b.trim(): null

30-03-2025T17:04:10 - [TEST_STEP][PASSED] - println(b): null

30-03-2025T17:04:10 - [TEST_STEP][PASSED] - for ([planFact = 1, planFact < 3, (planFact++)]): null

30-03-2025T17:04:10 - [TEST_STEP][PASSED] - if (planFact == 1): null

30-03-2025T17:04:10 - [TEST_STEP][PASSED] - typeOfDataMain = "Факт": null

30-03-2025T17:04:10 - [TEST_STEP][PASSED] - otpusk = findTestData("PlanFact").getValue(5, a): null

30-03-2025T17:04:10 - [TEST_STEP][PASSED] - poteri = findTestData("PlanFact").getValue(6, a): null

30-03-2025T17:04:10 - [TEST_STEP][PASSED] - otpusk = otpusk.replaceAll("\s+", ""): null

30-03-2025T17:04:10 - [TEST_STEP][PASSED] - poteri = poteri.replaceAll("\s+", ""): null

30-03-2025T17:04:10 - [TEST_STEP][PASSED] - typeOfData = typeOfDataMain + " Отпуск в сеть": null

30-03-2025T17:04:10 - [TEST_STEP][PASSED] - if (a == 82): null

30-03-2025T17:04:10 - [TEST_STEP][PASSED] - else if (a == 84): null

30-03-2025T17:04:10 - [TEST_STEP][PASSED] - else if (a == 83 || a == 52 || a == 72 || a == 28 || a == 73 || a == 77 || a == 74 || a == 65 || a == 36 || a == 44 || a == 53 || a == 80 || a == 54 || a == 1 || a == 18 || a == 59 || a == 81): null

30-03-2025T17:04:10 - [TEST_STEP][PASSED] - else: null

30-03-2025T17:04:10 - [TEST_STEP][PASSED] - path = dataFolder + typeOfData + " за отчётный период " + b: null

30-03-2025T17:04:10 - [TEST_STEP][PASSED] - println(path): null

30-03-2025T17:04:10 - [TEST_STEP][PASSED] - page = getText(findTestObject(path)): Text of object 'Object Repository/Выполнение бизнес-плана/Значения со страницы Выполнение бизнес-плана/Факт Отпуск в сеть за отчётный период Самарские РС' is: '426 120'

30-03-2025T17:04:11 - [MESSAGE][PASSED] - Text of object 'Object Repository/Выполнение бизнес-плана/Значения со страницы Выполнение бизнес-плана/Факт Отпуск в сеть за отчётный период Самарские РС' is: '426 120'

30-03-2025T17:04:11 - [TEST_STEP][PASSED] - if (page == "" || page == null): null

30-03-2025T17:04:11 - [TEST_STEP][PASSED] - else: null

30-03-2025T17:04:11 - [TEST_STEP][PASSED] - page = page.replaceAll("\s+", ""): null

30-03-2025T17:04:11 - [TEST_STEP][PASSED] - if (page == "undefined"): null

30-03-2025T17:04:11 - [TEST_STEP][PASSED] - fileOtpuskVSet = otpusk.toInteger(): null

30-03-2025T17:04:11 - [TEST_STEP][PASSED] - pageOtpuskVSet = page.toInteger(): null

30-03-2025T17:04:11 - [TEST_STEP][PASSED] - typeOfData = typeOfDataMain + " Потери": null

30-03-2025T17:04:11 - [TEST_STEP][PASSED] - if (a == 82): null

30-03-2025T17:04:11 - [TEST_STEP][PASSED] - else if (a == 84): null

30-03-2025T17:04:11 - [TEST_STEP][PASSED] - else if (a == 83 || a == 52 || a == 72 || a == 28 || a == 73 || a == 77 || a == 74 || a == 65 || a == 44 || a == 53 || a == 80 || a == 54 || a == 1 || a == 18 || a == 59 || a == 81): null

30-03-2025T17:04:11 - [TEST_STEP][PASSED] - else: null

30-03-2025T17:04:11 - [TEST_STEP][PASSED] - path = dataFolder + typeOfData + " за отчётный период " + b: null

30-03-2025T17:04:11 - [TEST_STEP][PASSED] - page = getText(findTestObject(path)): Text of object 'Object Repository/Выполнение бизнес-плана/Значения со страницы Выполнение бизнес-плана/Факт Потери за отчётный период Самарские РС' is: '23 552'

30-03-2025T17:04:11 - [MESSAGE][PASSED] - Text of object 'Object Repository/Выполнение бизнес-плана/Значения со страницы Выполнение бизнес-плана/Факт Потери за отчётный период Самарские РС' is: '23 552'

30-03-2025T17:04:11 - [TEST_STEP][PASSED] - if (page == "" || page == null): null

30-03-2025T17:04:11 - [TEST_STEP][PASSED] - else: null

30-03-2025T17:04:11 - [TEST_STEP][PASSED] - page = page.replaceAll("\s+", ""): null

30-03-2025T17:04:11 - [TEST_STEP][PASSED] - if (page == "undefined"): null

30-03-2025T17:04:11 - [TEST_STEP][PASSED] - filePoteri = poteri.toInteger(): null

30-03-2025T17:04:11 - [TEST_STEP][PASSED] - pagePoteri = page.toInteger(): null

30-03-2025T17:04:11 - [TEST_STEP][PASSED] - compare = pageOtpuskVSet: null

30-03-2025T17:04:11 - [TEST_STEP][PASSED] - if (pageOtpuskVSet != null): null

30-03-2025T17:04:11 - [TEST_STEP][PASSED] - if (compare == fileOtpuskVSet): null

30-03-2025T17:04:11 - [TEST_STEP][PASSED] - else if (compare > fileOtpuskVSet): null

30-03-2025T17:04:11 - [TEST_STEP][PASSED] - else if (compare < fileOtpuskVSet): null

30-03-2025T17:04:11 - [TEST_STEP][PASSED] - compare = compare + 1: null

30-03-2025T17:04:11 - [TEST_STEP][PASSED] - if (compare == fileOtpuskVSet): null

30-03-2025T17:04:11 - [TEST_STEP][PASSED] - else: null

30-03-2025T17:04:11 - [TEST_STEP][PASSED] - numberOfErrors = numberOfErrors + 1: null

30-03-2025T17:04:11 - [TEST_STEP][PASSED] - pageInt = pageOtpuskVSet: null

30-03-2025T17:04:11 - [TEST_STEP][PASSED] - fileInt = fileOtpuskVSet: null

30-03-2025T17:04:11 - [TEST_STEP][PASSED] - typeOfData = typeOfDataMain + " Отпуск в сеть": null

30-03-2025T17:04:11 - [TEST_STEP][PASSED] - Script1718980020443.WriteToExcel(a, typeOfData, todaysDate, pageInt, fileInt, pageDouble, fileDouble, dZO): null

30-03-2025T17:04:11 - [TEST_STEP][PASSED] - sheetName = "Sheet1": null

30-03-2025T17:04:11 - [TEST_STEP][PASSED] - data = findTestData("PlanFact"): null

30-03-2025T17:04:11 - [TEST_STEP][PASSED] - n = data.getRowNumbers() + 1: null

30-03-2025T17:04:11 - [TEST_STEP][PASSED] - day = ")).toInteger(): null

30-03-2025T17:04:11 - [TEST_STEP][PASSED] - println(day): null

30-03-2025T17:04:11 - [TEST_STEP][PASSED] - month = ")).toInteger(): null

30-03-2025T17:04:11 - [TEST_STEP][PASSED] - println(month): null

30-03-2025T17:04:11 - [TEST_STEP][PASSED] - y = <not implemented yet for class: org.codehaus.groovy.ast.expr.EmptyExpression>: null

30-03-2025T17:04:11 - [TEST_STEP][PASSED] - iy = <not implemented yet for class: org.codehaus.groovy.ast.expr.EmptyExpression>: null

30-03-2025T17:04:11 - [TEST_STEP][PASSED] - m = getText(findTestObject("Выполнение бизнес-плана/Период")): Text of object 'Object Repository/Выполнение бизнес-плана/Период' is: 'Январь 2025 года'

30-03-2025T17:04:11 - [MESSAGE][PASSED] - Text of object 'Object Repository/Выполнение бизнес-плана/Период' is: 'Январь 2025 года'

30-03-2025T17:04:11 - [TEST_STEP][PASSED] - iy = m.indexOf("20"): null

30-03-2025T17:04:11 - [TEST_STEP][PASSED] - if (iy > -1): null

30-03-2025T17:04:11 - [TEST_STEP][PASSED] - y = substring(iy, iy + 4).toInteger(): null

30-03-2025T17:04:11 - [TEST_STEP][PASSED] - println(y): null

30-03-2025T17:04:11 - [TEST_STEP][PASSED] - if (toString().length() == 4): null

30-03-2025T17:04:11 - [TEST_STEP][PASSED] - m = m.substring(0, m.indexOf(y.toString())): null

30-03-2025T17:04:11 - [TEST_STEP][PASSED] - m = m.trim(): null

30-03-2025T17:04:11 - [TEST_STEP][PASSED] - if (m == ""): null

30-03-2025T17:04:11 - [TEST_STEP][PASSED] - dashboardName = "Выполнение бизнес-плана": null

30-03-2025T17:04:11 - [TEST_STEP][PASSED] - workbook01 = getWorkbook(excelFilePath): null

30-03-2025T17:04:11 - [TEST_STEP][PASSED] - sheet01 = getExcelSheet(workbook01, sheetName): null

30-03-2025T17:04:11 - [TEST_STEP][PASSED] - setValueToCellByIndex(sheet01, n, 0, dashboardName): null

30-03-2025T17:04:11 - [TEST_STEP][PASSED] - setValueToCellByIndex(sheet01, n, 1, dZO): null

30-03-2025T17:04:11 - [TEST_STEP][PASSED] - setValueToCellByIndex(sheet01, n, 2, typeOfData): null

30-03-2025T17:04:11 - [TEST_STEP][PASSED] - if (typeOfData == "Факт в процентах" || typeOfData == "План в процентах"): null

30-03-2025T17:04:11 - [TEST_STEP][PASSED] - else: null

30-03-2025T17:04:11 - [TEST_STEP][PASSED] - setValueToCellByIndex(sheet01, n, 3, fileInt): null

30-03-2025T17:04:11 - [TEST_STEP][PASSED] - setValueToCellByIndex(sheet01, n, 4, pageInt): null

30-03-2025T17:04:11 - [TEST_STEP][PASSED] - setValueToCellByIndex(sheet01, n, 5, m): null

30-03-2025T17:04:11 - [TEST_STEP][PASSED] - setValueToCellByIndex(sheet01, n, 6, y): null

30-03-2025T17:04:11 - [TEST_STEP][PASSED] - setValueToCellByIndex(sheet01, n, 7, todaysDate): null

30-03-2025T17:04:11 - [TEST_STEP][PASSED] - n = n + 1: null

30-03-2025T17:04:11 - [TEST_STEP][PASSED] - saveWorkbook(excelFilePath, workbook01): null

30-03-2025T17:04:12 - [TEST_STEP][PASSED] - compare = pagePoteri: null

30-03-2025T17:04:12 - [TEST_STEP][PASSED] - if (pageOtpuskVSet != null): null

30-03-2025T17:04:12 - [TEST_STEP][PASSED] - if (compare == filePoteri): null

30-03-2025T17:04:12 - [TEST_STEP][PASSED] - else if (compare > filePoteri): null

30-03-2025T17:04:12 - [TEST_STEP][PASSED] - else if (compare < filePoteri): null

30-03-2025T17:04:12 - [TEST_STEP][PASSED] - compare = compare + 1: null

30-03-2025T17:04:12 - [TEST_STEP][PASSED] - if (compare == filePoteri): null

30-03-2025T17:04:12 - [TEST_STEP][PASSED] - else: null

30-03-2025T17:04:12 - [TEST_STEP][PASSED] - numberOfErrors = numberOfErrors + 1: null

30-03-2025T17:04:12 - [TEST_STEP][PASSED] - pageInt = pagePoteri: null

30-03-2025T17:04:12 - [TEST_STEP][PASSED] - fileInt = filePoteri: null

30-03-2025T17:04:12 - [TEST_STEP][PASSED] - typeOfData = typeOfDataMain + " Потери": null

30-03-2025T17:04:12 - [TEST_STEP][PASSED] - Script1718980020443.WriteToExcel(a, typeOfData, todaysDate, pageInt, fileInt, pageDouble, fileDouble, dZO): null

30-03-2025T17:04:12 - [TEST_STEP][PASSED] - sheetName = "Sheet1": null

30-03-2025T17:04:12 - [TEST_STEP][PASSED] - data = findTestData("PlanFact"): null

30-03-2025T17:04:12 - [TEST_STEP][PASSED] - n = data.getRowNumbers() + 1: null

30-03-2025T17:04:12 - [TEST_STEP][PASSED] - day = ")).toInteger(): null

30-03-2025T17:04:12 - [TEST_STEP][PASSED] - println(day): null

30-03-2025T17:04:12 - [TEST_STEP][PASSED] - month = ")).toInteger(): null

30-03-2025T17:04:12 - [TEST_STEP][PASSED] - println(month): null

30-03-2025T17:04:12 - [TEST_STEP][PASSED] - y = <not implemented yet for class: org.codehaus.groovy.ast.expr.EmptyExpression>: null

30-03-2025T17:04:12 - [TEST_STEP][PASSED] - iy = <not implemented yet for class: org.codehaus.groovy.ast.expr.EmptyExpression>: null

30-03-2025T17:04:12 - [TEST_STEP][PASSED] - m = getText(findTestObject("Выполнение бизнес-плана/Период")): Text of object 'Object Repository/Выполнение бизнес-плана/Период' is: 'Январь 2025 года'

30-03-2025T17:04:12 - [MESSAGE][PASSED] - Text of object 'Object Repository/Выполнение бизнес-плана/Период' is: 'Январь 2025 года'

30-03-2025T17:04:12 - [TEST_STEP][PASSED] - iy = m.indexOf("20"): null

30-03-2025T17:04:12 - [TEST_STEP][PASSED] - if (iy > -1): null

30-03-2025T17:04:12 - [TEST_STEP][PASSED] - y = substring(iy, iy + 4).toInteger(): null

30-03-2025T17:04:12 - [TEST_STEP][PASSED] - println(y): null

30-03-2025T17:04:12 - [TEST_STEP][PASSED] - if (toString().length() == 4): null

30-03-2025T17:04:12 - [TEST_STEP][PASSED] - m = m.substring(0, m.indexOf(y.toString())): null

30-03-2025T17:04:12 - [TEST_STEP][PASSED] - m = m.trim(): null

30-03-2025T17:04:12 - [TEST_STEP][PASSED] - if (m == ""): null

30-03-2025T17:04:12 - [TEST_STEP][PASSED] - dashboardName = "Выполнение бизнес-плана": null

30-03-2025T17:04:12 - [TEST_STEP][PASSED] - workbook01 = getWorkbook(excelFilePath): null

30-03-2025T17:04:12 - [TEST_STEP][PASSED] - sheet01 = getExcelSheet(workbook01, sheetName): null

30-03-2025T17:04:12 - [TEST_STEP][PASSED] - setValueToCellByIndex(sheet01, n, 0, dashboardName): null

30-03-2025T17:04:12 - [TEST_STEP][PASSED] - setValueToCellByIndex(sheet01, n, 1, dZO): null

30-03-2025T17:04:12 - [TEST_STEP][PASSED] - setValueToCellByIndex(sheet01, n, 2, typeOfData): null

30-03-2025T17:04:12 - [TEST_STEP][PASSED] - if (typeOfData == "Факт в процентах" || typeOfData == "План в процентах"): null

30-03-2025T17:04:12 - [TEST_STEP][PASSED] - else: null

30-03-2025T17:04:12 - [TEST_STEP][PASSED] - setValueToCellByIndex(sheet01, n, 3, fileInt): null

30-03-2025T17:04:12 - [TEST_STEP][PASSED] - setValueToCellByIndex(sheet01, n, 4, pageInt): null

30-03-2025T17:04:12 - [TEST_STEP][PASSED] - setValueToCellByIndex(sheet01, n, 5, m): null

30-03-2025T17:04:12 - [TEST_STEP][PASSED] - setValueToCellByIndex(sheet01, n, 6, y): null

30-03-2025T17:04:12 - [TEST_STEP][PASSED] - setValueToCellByIndex(sheet01, n, 7, todaysDate): null

30-03-2025T17:04:12 - [TEST_STEP][PASSED] - n = n + 1: null

30-03-2025T17:04:12 - [TEST_STEP][PASSED] - saveWorkbook(excelFilePath, workbook01): null

30-03-2025T17:04:12 - [TEST_STEP][PASSED] - if (planFact == 2): null

30-03-2025T17:04:12 - [TEST_STEP][PASSED] - if (planFact == 1): null

30-03-2025T17:04:12 - [TEST_STEP][PASSED] - else if (planFact == 2): null

30-03-2025T17:04:12 - [TEST_STEP][PASSED] - click(findTestObject("Выполнение бизнес-плана/Кнопка План")): Object: 'Object Repository/Выполнение бизнес-плана/Кнопка План' is clicked on

30-03-2025T17:04:13 - [MESSAGE][PASSED] - Object: 'Object Repository/Выполнение бизнес-плана/Кнопка План' is clicked on

30-03-2025T17:04:13 - [TEST_STEP][PASSED] - typeOfDataMain = "План": null

30-03-2025T17:04:13 - [TEST_STEP][PASSED] - otpusk = findTestData("PlanFact").getValue(2, a): null

30-03-2025T17:04:13 - [TEST_STEP][PASSED] - poteri = findTestData("PlanFact").getValue(3, a): null

30-03-2025T17:04:13 - [TEST_STEP][PASSED] - otpusk = otpusk.replaceAll("\s+", ""): null

30-03-2025T17:04:13 - [TEST_STEP][PASSED] - poteri = poteri.replaceAll("\s+", ""): null

30-03-2025T17:04:13 - [TEST_STEP][PASSED] - typeOfData = typeOfDataMain + " Отпуск в сеть": null

30-03-2025T17:04:13 - [TEST_STEP][PASSED] - if (a == 82): null

30-03-2025T17:04:13 - [TEST_STEP][PASSED] - else if (a == 84): null

30-03-2025T17:04:13 - [TEST_STEP][PASSED] - else if (a == 83 || a == 52 || a == 72 || a == 28 || a == 73 || a == 77 || a == 74 || a == 65 || a == 36 || a == 44 || a == 53 || a == 80 || a == 54 || a == 1 || a == 18 || a == 59 || a == 81): null

30-03-2025T17:04:13 - [TEST_STEP][PASSED] - else: null

30-03-2025T17:04:13 - [TEST_STEP][PASSED] - path = dataFolder + typeOfData + " за отчётный период " + b: null

30-03-2025T17:04:13 - [TEST_STEP][PASSED] - println(path): null

30-03-2025T17:04:13 - [TEST_STEP][PASSED] - page = getText(findTestObject(path)): Text of object 'Object Repository/Выполнение бизнес-плана/Значения со страницы Выполнение бизнес-плана/План Отпуск в сеть за отчётный период Самарские РС' is: '439 261'

30-03-2025T17:04:13 - [MESSAGE][PASSED] - Text of object 'Object Repository/Выполнение бизнес-плана/Значения со страницы Выполнение бизнес-плана/План Отпуск в сеть за отчётный период Самарские РС' is: '439 261'

30-03-2025T17:04:13 - [TEST_STEP][PASSED] - if (page == "" || page == null): null

30-03-2025T17:04:13 - [TEST_STEP][PASSED] - else: null

30-03-2025T17:04:13 - [TEST_STEP][PASSED] - page = page.replaceAll("\s+", ""): null

30-03-2025T17:04:13 - [TEST_STEP][PASSED] - if (page == "undefined"): null

30-03-2025T17:04:13 - [TEST_STEP][PASSED] - fileOtpuskVSet = otpusk.toInteger(): null

30-03-2025T17:04:13 - [TEST_STEP][PASSED] - pageOtpuskVSet = page.toInteger(): null

30-03-2025T17:04:13 - [TEST_STEP][PASSED] - typeOfData = typeOfDataMain + " Потери": null

30-03-2025T17:04:13 - [TEST_STEP][PASSED] - if (a == 82): null

30-03-2025T17:04:13 - [TEST_STEP][PASSED] - else if (a == 84): null

30-03-2025T17:04:13 - [TEST_STEP][PASSED] - else if (a == 83 || a == 52 || a == 72 || a == 28 || a == 73 || a == 77 || a == 74 || a == 65 || a == 44 || a == 53 || a == 80 || a == 54 || a == 1 || a == 18 || a == 59 || a == 81): null

30-03-2025T17:04:13 - [TEST_STEP][PASSED] - else: null

30-03-2025T17:04:13 - [TEST_STEP][PASSED] - path = dataFolder + typeOfData + " за отчётный период " + b: null

30-03-2025T17:04:13 - [TEST_STEP][PASSED] - page = getText(findTestObject(path)): Text of object 'Object Repository/Выполнение бизнес-плана/Значения со страницы Выполнение бизнес-плана/План Потери за отчётный период Самарские РС' is: '32 541'

30-03-2025T17:04:13 - [MESSAGE][PASSED] - Text of object 'Object Repository/Выполнение бизнес-плана/Значения со страницы Выполнение бизнес-плана/План Потери за отчётный период Самарские РС' is: '32 541'

30-03-2025T17:04:13 - [TEST_STEP][PASSED] - if (page == "" || page == null): null

30-03-2025T17:04:13 - [TEST_STEP][PASSED] - else: null

30-03-2025T17:04:13 - [TEST_STEP][PASSED] - page = page.replaceAll("\s+", ""): null

30-03-2025T17:04:13 - [TEST_STEP][PASSED] - if (page == "undefined"): null

30-03-2025T17:04:13 - [TEST_STEP][PASSED] - filePoteri = poteri.toInteger(): null

30-03-2025T17:04:13 - [TEST_STEP][PASSED] - pagePoteri = page.toInteger(): null

30-03-2025T17:04:13 - [TEST_STEP][PASSED] - compare = pageOtpuskVSet: null

30-03-2025T17:04:13 - [TEST_STEP][PASSED] - if (pageOtpuskVSet != null): null

30-03-2025T17:04:13 - [TEST_STEP][PASSED] - if (compare == fileOtpuskVSet): null

30-03-2025T17:04:13 - [TEST_STEP][PASSED] - else if (compare > fileOtpuskVSet): null

30-03-2025T17:04:13 - [TEST_STEP][PASSED] - else if (compare < fileOtpuskVSet): null

30-03-2025T17:04:13 - [TEST_STEP][PASSED] - compare = compare + 1: null

30-03-2025T17:04:13 - [TEST_STEP][PASSED] - if (compare == fileOtpuskVSet): null

30-03-2025T17:04:13 - [TEST_STEP][PASSED] - else: null

30-03-2025T17:04:13 - [TEST_STEP][PASSED] - numberOfErrors = numberOfErrors + 1: null

30-03-2025T17:04:13 - [TEST_STEP][PASSED] - pageInt = pageOtpuskVSet: null

30-03-2025T17:04:13 - [TEST_STEP][PASSED] - fileInt = fileOtpuskVSet: null

30-03-2025T17:04:13 - [TEST_STEP][PASSED] - typeOfData = typeOfDataMain + " Отпуск в сеть": null

30-03-2025T17:04:13 - [TEST_STEP][PASSED] - Script1718980020443.WriteToExcel(a, typeOfData, todaysDate, pageInt, fileInt, pageDouble, fileDouble, dZO): null

30-03-2025T17:04:13 - [TEST_STEP][PASSED] - sheetName = "Sheet1": null

30-03-2025T17:04:13 - [TEST_STEP][PASSED] - data = findTestData("PlanFact"): null

30-03-2025T17:04:14 - [TEST_STEP][PASSED] - n = data.getRowNumbers() + 1: null

30-03-2025T17:04:14 - [TEST_STEP][PASSED] - day = ")).toInteger(): null

30-03-2025T17:04:14 - [TEST_STEP][PASSED] - println(day): null

30-03-2025T17:04:14 - [TEST_STEP][PASSED] - month = ")).toInteger(): null

30-03-2025T17:04:14 - [TEST_STEP][PASSED] - println(month): null

30-03-2025T17:04:14 - [TEST_STEP][PASSED] - y = <not implemented yet for class: org.codehaus.groovy.ast.expr.EmptyExpression>: null

30-03-2025T17:04:14 - [TEST_STEP][PASSED] - iy = <not implemented yet for class: org.codehaus.groovy.ast.expr.EmptyExpression>: null

30-03-2025T17:04:14 - [TEST_STEP][PASSED] - m = getText(findTestObject("Выполнение бизнес-плана/Период")): Text of object 'Object Repository/Выполнение бизнес-плана/Период' is: 'Январь 2025 года'

30-03-2025T17:04:14 - [MESSAGE][PASSED] - Text of object 'Object Repository/Выполнение бизнес-плана/Период' is: 'Январь 2025 года'

30-03-2025T17:04:14 - [TEST_STEP][PASSED] - iy = m.indexOf("20"): null

30-03-2025T17:04:14 - [TEST_STEP][PASSED] - if (iy > -1): null

30-03-2025T17:04:14 - [TEST_STEP][PASSED] - y = substring(iy, iy + 4).toInteger(): null

30-03-2025T17:04:14 - [TEST_STEP][PASSED] - println(y): null

30-03-2025T17:04:14 - [TEST_STEP][PASSED] - if (toString().length() == 4): null

30-03-2025T17:04:14 - [TEST_STEP][PASSED] - m = m.substring(0, m.indexOf(y.toString())): null

30-03-2025T17:04:14 - [TEST_STEP][PASSED] - m = m.trim(): null

30-03-2025T17:04:14 - [TEST_STEP][PASSED] - if (m == ""): null

30-03-2025T17:04:14 - [TEST_STEP][PASSED] - dashboardName = "Выполнение бизнес-плана": null

30-03-2025T17:04:14 - [TEST_STEP][PASSED] - workbook01 = getWorkbook(excelFilePath): null

30-03-2025T17:04:14 - [TEST_STEP][PASSED] - sheet01 = getExcelSheet(workbook01, sheetName): null

30-03-2025T17:04:14 - [TEST_STEP][PASSED] - setValueToCellByIndex(sheet01, n, 0, dashboardName): null

30-03-2025T17:04:14 - [TEST_STEP][PASSED] - setValueToCellByIndex(sheet01, n, 1, dZO): null

30-03-2025T17:04:14 - [TEST_STEP][PASSED] - setValueToCellByIndex(sheet01, n, 2, typeOfData): null

30-03-2025T17:04:14 - [TEST_STEP][PASSED] - if (typeOfData == "Факт в процентах" || typeOfData == "План в процентах"): null

30-03-2025T17:04:14 - [TEST_STEP][PASSED] - else: null

30-03-2025T17:04:14 - [TEST_STEP][PASSED] - setValueToCellByIndex(sheet01, n, 3, fileInt): null

30-03-2025T17:04:14 - [TEST_STEP][PASSED] - setValueToCellByIndex(sheet01, n, 4, pageInt): null

30-03-2025T17:04:14 - [TEST_STEP][PASSED] - setValueToCellByIndex(sheet01, n, 5, m): null

30-03-2025T17:04:14 - [TEST_STEP][PASSED] - setValueToCellByIndex(sheet01, n, 6, y): null

30-03-2025T17:04:14 - [TEST_STEP][PASSED] - setValueToCellByIndex(sheet01, n, 7, todaysDate): null

30-03-2025T17:04:14 - [TEST_STEP][PASSED] - n = n + 1: null

30-03-2025T17:04:14 - [TEST_STEP][PASSED] - saveWorkbook(excelFilePath, workbook01): null

30-03-2025T17:04:14 - [TEST_STEP][PASSED] - compare = pagePoteri: null

30-03-2025T17:04:14 - [TEST_STEP][PASSED] - if (pageOtpuskVSet != null): null

30-03-2025T17:04:14 - [TEST_STEP][PASSED] - if (compare == filePoteri): null

30-03-2025T17:04:14 - [TEST_STEP][PASSED] - else if (compare > filePoteri): null

30-03-2025T17:04:14 - [TEST_STEP][PASSED] - else if (compare < filePoteri): null

30-03-2025T17:04:14 - [TEST_STEP][PASSED] - compare = compare + 1: null

30-03-2025T17:04:14 - [TEST_STEP][PASSED] - if (compare == filePoteri): null

30-03-2025T17:04:14 - [TEST_STEP][PASSED] - else: null

30-03-2025T17:04:14 - [TEST_STEP][PASSED] - numberOfErrors = numberOfErrors + 1: null

30-03-2025T17:04:14 - [TEST_STEP][PASSED] - pageInt = pagePoteri: null

30-03-2025T17:04:14 - [TEST_STEP][PASSED] - fileInt = filePoteri: null

30-03-2025T17:04:14 - [TEST_STEP][PASSED] - typeOfData = typeOfDataMain + " Потери": null

30-03-2025T17:04:14 - [TEST_STEP][PASSED] - Script1718980020443.WriteToExcel(a, typeOfData, todaysDate, pageInt, fileInt, pageDouble, fileDouble, dZO): null

30-03-2025T17:04:14 - [TEST_STEP][PASSED] - sheetName = "Sheet1": null

30-03-2025T17:04:14 - [TEST_STEP][PASSED] - data = findTestData("PlanFact"): null

30-03-2025T17:04:14 - [TEST_STEP][PASSED] - n = data.getRowNumbers() + 1: null

30-03-2025T17:04:14 - [TEST_STEP][PASSED] - day = ")).toInteger(): null

30-03-2025T17:04:14 - [TEST_STEP][PASSED] - println(day): null

30-03-2025T17:04:14 - [TEST_STEP][PASSED] - month = ")).toInteger(): null

30-03-2025T17:04:14 - [TEST_STEP][PASSED] - println(month): null

30-03-2025T17:04:14 - [TEST_STEP][PASSED] - y = <not implemented yet for class: org.codehaus.groovy.ast.expr.EmptyExpression>: null

30-03-2025T17:04:14 - [TEST_STEP][PASSED] - iy = <not implemented yet for class: org.codehaus.groovy.ast.expr.EmptyExpression>: null

30-03-2025T17:04:14 - [TEST_STEP][PASSED] - m = getText(findTestObject("Выполнение бизнес-плана/Период")): Text of object 'Object Repository/Выполнение бизнес-плана/Период' is: 'Январь 2025 года'

30-03-2025T17:04:14 - [MESSAGE][PASSED] - Text of object 'Object Repository/Выполнение бизнес-плана/Период' is: 'Январь 2025 года'

30-03-2025T17:04:14 - [TEST_STEP][PASSED] - iy = m.indexOf("20"): null

30-03-2025T17:04:14 - [TEST_STEP][PASSED] - if (iy > -1): null

30-03-2025T17:04:14 - [TEST_STEP][PASSED] - y = substring(iy, iy + 4).toInteger(): null

30-03-2025T17:04:14 - [TEST_STEP][PASSED] - println(y): null

30-03-2025T17:04:14 - [TEST_STEP][PASSED] - if (toString().length() == 4): null

30-03-2025T17:04:14 - [TEST_STEP][PASSED] - m = m.substring(0, m.indexOf(y.toString())): null

30-03-2025T17:04:14 - [TEST_STEP][PASSED] - m = m.trim(): null

30-03-2025T17:04:14 - [TEST_STEP][PASSED] - if (m == ""): null

30-03-2025T17:04:14 - [TEST_STEP][PASSED] - dashboardName = "Выполнение бизнес-плана": null

30-03-2025T17:04:14 - [TEST_STEP][PASSED] - workbook01 = getWorkbook(excelFilePath): null

30-03-2025T17:04:15 - [TEST_STEP][PASSED] - sheet01 = getExcelSheet(workbook01, sheetName): null

30-03-2025T17:04:15 - [TEST_STEP][PASSED] - setValueToCellByIndex(sheet01, n, 0, dashboardName): null

30-03-2025T17:04:15 - [TEST_STEP][PASSED] - setValueToCellByIndex(sheet01, n, 1, dZO): null

30-03-2025T17:04:15 - [TEST_STEP][PASSED] - setValueToCellByIndex(sheet01, n, 2, typeOfData): null

30-03-2025T17:04:15 - [TEST_STEP][PASSED] - if (typeOfData == "Факт в процентах" || typeOfData == "План в процентах"): null

30-03-2025T17:04:15 - [TEST_STEP][PASSED] - else: null

30-03-2025T17:04:15 - [TEST_STEP][PASSED] - setValueToCellByIndex(sheet01, n, 3, fileInt): null

30-03-2025T17:04:15 - [TEST_STEP][PASSED] - setValueToCellByIndex(sheet01, n, 4, pageInt): null

30-03-2025T17:04:15 - [TEST_STEP][PASSED] - setValueToCellByIndex(sheet01, n, 5, m): null

30-03-2025T17:04:15 - [TEST_STEP][PASSED] - setValueToCellByIndex(sheet01, n, 6, y): null

30-03-2025T17:04:15 - [TEST_STEP][PASSED] - setValueToCellByIndex(sheet01, n, 7, todaysDate): null

30-03-2025T17:04:15 - [TEST_STEP][PASSED] - n = n + 1: null

30-03-2025T17:04:15 - [TEST_STEP][PASSED] - saveWorkbook(excelFilePath, workbook01): Object: 'Object Repository/Выполнение бизнес-плана/Кнопка Факт' is clicked on

30-03-2025T17:04:15 - [TEST_STEP][PASSED] - if (planFact == 2): Object: 'Object Repository/Выполнение бизнес-плана/Кнопка Факт' is clicked on

30-03-2025T17:04:15 - [TEST_STEP][PASSED] - click(findTestObject("Выполнение бизнес-плана/Кнопка Факт")): Object: 'Object Repository/Выполнение бизнес-плана/Кнопка Факт' is clicked on

30-03-2025T17:04:15 - [MESSAGE][PASSED] - Object: 'Object Repository/Выполнение бизнес-плана/Кнопка Факт' is clicked on

30-03-2025T17:04:15 - [TEST_STEP][PASSED] - println("a=" + a): null

30-03-2025T17:04:15 - [TEST_STEP][PASSED] - if (a == 84 || a == 82): null

30-03-2025T17:04:15 - [TEST_STEP][PASSED] - else if (a == 83 || a == 52 || a == 72 || a == 28 || a == 73 || a == 77 || a == 74 || a == 65 || a == 36 || a == 44 || a == 53 || a == 80 || a == 54 || a == 1 || a == 18 || a == 59 || a == 81): null

30-03-2025T17:04:15 - [TEST_STEP][PASSED] - else: null

30-03-2025T17:04:15 - [TEST_STEP][PASSED] - page1 = getText(findTestObject("Object Repository/Выполнение бизнес-плана/spanPlan" + filialNum)): Text of object 'Object Repository/Выполнение бизнес-плана/spanPlan2' is: '4.75
|'

30-03-2025T17:04:16 - [MESSAGE][PASSED] - Text of object 'Object Repository/Выполнение бизнес-плана/spanPlan2' is: '4.75
|'

30-03-2025T17:04:16 - [TEST_STEP][PASSED] - page1 = page1.replace("|", ""): null

30-03-2025T17:04:16 - [TEST_STEP][PASSED] - page2 = getText(findTestObject("Object Repository/Выполнение бизнес-плана/spanFact" + filialNum)): Text of object 'Object Repository/Выполнение бизнес-плана/spanFact2' is: '4.45
|'

30-03-2025T17:04:16 - [MESSAGE][PASSED] - Text of object 'Object Repository/Выполнение бизнес-плана/spanFact2' is: '4.45
|'

30-03-2025T17:04:16 - [TEST_STEP][PASSED] - page2 = page2.replace("|", ""): null

30-03-2025T17:04:16 - [TEST_STEP][PASSED] - println("page1: " + page1): null

30-03-2025T17:04:16 - [TEST_STEP][PASSED] - println("page2: " + page2): null

30-03-2025T17:04:16 - [TEST_STEP][PASSED] - file = findTestData("PlanFact").getValue(4, a): null

30-03-2025T17:04:16 - [TEST_STEP][PASSED] - file = file.replace(",", "."): null

30-03-2025T17:04:16 - [TEST_STEP][PASSED] - println("file Plan: " + file): null

30-03-2025T17:04:16 - [TEST_STEP][PASSED] - typeOfData = "План в процентах": null

30-03-2025T17:04:16 - [TEST_STEP][PASSED] - fileDouble = file.toDouble(): null

30-03-2025T17:04:16 - [TEST_STEP][PASSED] - pageDouble = page1.toDouble(): null

30-03-2025T17:04:16 - [TEST_STEP][PASSED] - if (fileDouble != pageDouble): null

30-03-2025T17:04:16 - [TEST_STEP][PASSED] - file = findTestData("PlanFact").getValue(7, a): null

30-03-2025T17:04:16 - [TEST_STEP][PASSED] - file = file.replace(",", "."): null

30-03-2025T17:04:16 - [TEST_STEP][PASSED] - println("file Fact: " + file): null

30-03-2025T17:04:16 - [TEST_STEP][PASSED] - fileDouble = file.toDouble(): null

30-03-2025T17:04:16 - [TEST_STEP][PASSED] - typeOfData = "Факт в процентах": null

30-03-2025T17:04:16 - [TEST_STEP][PASSED] - fileDouble = file.toDouble(): null

30-03-2025T17:04:16 - [TEST_STEP][PASSED] - pageDouble = page2.toDouble(): null

30-03-2025T17:04:16 - [TEST_STEP][PASSED] - if (fileDouble != pageDouble): null

30-03-2025T17:04:16 - [TEST_STEP][FAILED] - if (verifyEqual(numberOfErrors, 0) == false): null

30-03-2025T17:04:16 - [MESSAGE][FAILED] - Unable to verify equal between actual object '4' and expected object '0' (Root cause: com.kms.katalon.core.exception.StepFailedException: Actual object '4' and expected object '0' are not equal
	at com.kms.katalon.core.keyword.builtin.VerifyEqualKeyword$_verifyEqual_closure1.doCall(VerifyEqualKeyword.groovy:58)
	at com.kms.katalon.core.keyword.builtin.VerifyEqualKeyword$_verifyEqual_closure1.call(VerifyEqualKeyword.groovy)
	at com.kms.katalon.core.keyword.internal.KeywordMain.runKeyword(KeywordMain.groovy:75)
	at com.kms.katalon.core.keyword.builtin.VerifyEqualKeyword.verifyEqual(VerifyEqualKeyword.groovy:63)
	at com.kms.katalon.core.keyword.builtin.VerifyEqualKeyword.execute(VerifyEqualKeyword.groovy:44)
	at com.kms.katalon.core.keyword.internal.KeywordExecutor.executeKeywordForPlatform(KeywordExecutor.groovy:74)
	at com.kms.katalon.core.keyword.BuiltinKeywords.verifyEqual(BuiltinKeywords.groovy:146)
	at jdk.internal.reflect.GeneratedMethodAccessor22.invoke(Unknown Source)
	at java.base/jdk.internal.reflect.DelegatingMethodAccessorImpl.invoke(DelegatingMethodAccessorImpl.java:43)
	at Выполнение бизнес-плана Сверка ПАО Россети все филиалы.Numbers(Выполнение бизнес-плана Сверка ПАО Россети все филиалы:744)
	at Выполнение бизнес-плана Сверка ПАО Россети все филиалы.Filials(Выполнение бизнес-плана Сверка ПАО Россети все филиалы:965)
	at Выполнение бизнес-плана Сверка ПАО Россети все филиалы.Numbers(Выполнение бизнес-плана Сверка ПАО Россети все филиалы:751)
	at Выполнение бизнес-плана Сверка ПАО Россети все филиалы.run(Выполнение бизнес-плана Сверка ПАО Россети все филиалы:231)
	at com.kms.katalon.core.main.ScriptEngine.run(ScriptEngine.java:194)
	at com.kms.katalon.core.main.ScriptEngine.runScriptAsRawText(ScriptEngine.java:119)
	at com.kms.katalon.core.main.TestCaseExecutor.runScript(TestCaseExecutor.java:448)
	at com.kms.katalon.core.main.TestCaseExecutor.doExecute(TestCaseExecutor.java:439)
	at com.kms.katalon.core.main.TestCaseExecutor.processExecutionPhase(TestCaseExecutor.java:418)
	at com.kms.katalon.core.main.TestCaseExecutor.accessMainPhase(TestCaseExecutor.java:410)
	at com.kms.katalon.core.main.TestCaseExecutor.execute(TestCaseExecutor.java:285)
	at com.kms.katalon.core.common.CommonExecutor.accessTestCaseMainPhase(CommonExecutor.java:65)
	at com.kms.katalon.core.main.TestSuiteExecutor.accessTestSuiteMainPhase(TestSuiteExecutor.java:150)
	at com.kms.katalon.core.main.TestSuiteExecutor.execute(TestSuiteExecutor.java:106)
	at com.kms.katalon.core.main.TestCaseMain.startTestSuite(TestCaseMain.java:180)
	at TempTestSuite1743336560690.run(TempTestSuite1743336560690.groovy:35)
	at java.base/jdk.internal.reflect.NativeMethodAccessorImpl.invoke0(Native Method)
	at java.base/jdk.internal.reflect.NativeMethodAccessorImpl.invoke(NativeMethodAccessorImpl.java:77)
	at java.base/jdk.internal.reflect.DelegatingMethodAccessorImpl.invoke(DelegatingMethodAccessorImpl.java:43)
)

30-03-2025T17:04:16 - [TEST_STEP][PASSED] - println(numberOfErrors): null

30-03-2025T17:04:16 - [TEST_STEP][PASSED] - println("a=" + a): null

30-03-2025T17:04:16 - [TEST_STEP][PASSED] - if (a == 28 || a == 77 || a == 74 || a == 65 || a == 36 || a == 44 || a == 54 || a == 1 || a == 18 || a == 59): null

30-03-2025T17:04:16 - [TEST_STEP][PASSED] - if (a == 82): null

30-03-2025T17:04:16 - [TEST_STEP][PASSED] - dZO = "Саратовские РС": null

30-03-2025T17:04:16 - [TEST_STEP][PASSED] - a = 33: null

30-03-2025T17:04:16 - [TEST_STEP][PASSED] - dzoCut = dZO.substring(0, 10): null

30-03-2025T17:04:16 - [TEST_STEP][PASSED] - if (x2.contains(dzoCut)): null

30-03-2025T17:04:16 - [TEST_STEP][PASSED] - filialNum = filialNum + 1: null

30-03-2025T17:04:16 - [TEST_STEP][PASSED] - Script1718980020443.Numbers(a, typeOfData, todaysDate, pageInt, fileInt, pageDouble, fileDouble, dZO, dzoNum, filialNum): null

30-03-2025T17:04:16 - [TEST_STEP][PASSED] - println(dzoNum): null

30-03-2025T17:04:16 - [TEST_STEP][PASSED] - planFact = <not implemented yet for class: org.codehaus.groovy.ast.expr.EmptyExpression>: null

30-03-2025T17:04:16 - [TEST_STEP][PASSED] - page = <not implemented yet for class: org.codehaus.groovy.ast.expr.EmptyExpression>: null

30-03-2025T17:04:16 - [TEST_STEP][PASSED] - page1 = <not implemented yet for class: org.codehaus.groovy.ast.expr.EmptyExpression>: null

30-03-2025T17:04:16 - [TEST_STEP][PASSED] - page2 = <not implemented yet for class: org.codehaus.groovy.ast.expr.EmptyExpression>: null

30-03-2025T17:04:16 - [TEST_STEP][PASSED] - filialNumberInRow = <not implemented yet for class: org.codehaus.groovy.ast.expr.EmptyExpression>: null

30-03-2025T17:04:16 - [TEST_STEP][PASSED] - filialsDzoNames = <not implemented yet for class: org.codehaus.groovy.ast.expr.EmptyExpression>: null

30-03-2025T17:04:16 - [TEST_STEP][PASSED] - numberOfFilials = <not implemented yet for class: org.codehaus.groovy.ast.expr.EmptyExpression>: null

30-03-2025T17:04:16 - [TEST_STEP][PASSED] - numberOfSpaces = <not implemented yet for class: org.codehaus.groovy.ast.expr.EmptyExpression>: null

30-03-2025T17:04:16 - [TEST_STEP][PASSED] - file = <not implemented yet for class: org.codehaus.groovy.ast.expr.EmptyExpression>: null

30-03-2025T17:04:16 - [TEST_STEP][PASSED] - otpusk = <not implemented yet for class: org.codehaus.groovy.ast.expr.EmptyExpression>: null

30-03-2025T17:04:16 - [TEST_STEP][PASSED] - poteri = <not implemented yet for class: org.codehaus.groovy.ast.expr.EmptyExpression>: null

30-03-2025T17:04:16 - [TEST_STEP][PASSED] - dataFolder = "Выполнение бизнес-плана/Значения со страницы Выполнение бизнес-плана/": null

30-03-2025T17:04:16 - [TEST_STEP][PASSED] - path = <not implemented yet for class: org.codehaus.groovy.ast.expr.EmptyExpression>: null

30-03-2025T17:04:16 - [TEST_STEP][PASSED] - typeOfDataMain = <not implemented yet for class: org.codehaus.groovy.ast.expr.EmptyExpression>: null

30-03-2025T17:04:16 - [TEST_STEP][PASSED] - fileOtpuskVSet = <not implemented yet for class: org.codehaus.groovy.ast.expr.EmptyExpression>: null

30-03-2025T17:04:16 - [TEST_STEP][PASSED] - pageOtpuskVSet = <not implemented yet for class: org.codehaus.groovy.ast.expr.EmptyExpression>: null

30-03-2025T17:04:16 - [TEST_STEP][PASSED] - filePoteri = <not implemented yet for class: org.codehaus.groovy.ast.expr.EmptyExpression>: null

30-03-2025T17:04:16 - [TEST_STEP][PASSED] - pagePoteri = <not implemented yet for class: org.codehaus.groovy.ast.expr.EmptyExpression>: null

30-03-2025T17:04:16 - [TEST_STEP][PASSED] - compare = <not implemented yet for class: org.codehaus.groovy.ast.expr.EmptyExpression>: null

30-03-2025T17:04:16 - [TEST_STEP][PASSED] - b = <not implemented yet for class: org.codehaus.groovy.ast.expr.EmptyExpression>: null

30-03-2025T17:04:16 - [TEST_STEP][PASSED] - i = <not implemented yet for class: org.codehaus.groovy.ast.expr.EmptyExpression>: null

30-03-2025T17:04:16 - [TEST_STEP][PASSED] - ii = <not implemented yet for class: org.codehaus.groovy.ast.expr.EmptyExpression>: null

30-03-2025T17:04:16 - [TEST_STEP][PASSED] - c = <not implemented yet for class: org.codehaus.groovy.ast.expr.EmptyExpression>: null

30-03-2025T17:04:16 - [TEST_STEP][PASSED] - numberOfErrors = 0: null

30-03-2025T17:04:16 - [TEST_STEP][PASSED] - if (a == 82): null

30-03-2025T17:04:16 - [TEST_STEP][PASSED] - b = findTestData("PlanFact").getValue(1, a): null

30-03-2025T17:04:16 - [TEST_STEP][PASSED] - i = b.indexOf(" (ГК)"): null

30-03-2025T17:04:16 - [TEST_STEP][PASSED] - if (i > -1): null

30-03-2025T17:04:16 - [TEST_STEP][PASSED] - i = b.indexOf("О ""): null

30-03-2025T17:04:16 - [TEST_STEP][PASSED] - if (i > -1): null

30-03-2025T17:04:16 - [TEST_STEP][PASSED] - i = b.indexOf("О «"): null

30-03-2025T17:04:16 - [TEST_STEP][PASSED] - if (i > -1): null

30-03-2025T17:04:16 - [TEST_STEP][PASSED] - i = b.indexOf("г. "): null

30-03-2025T17:04:16 - [TEST_STEP][PASSED] - if (i > -1): null

30-03-2025T17:04:16 - [TEST_STEP][PASSED] - b = b.trim(): null

30-03-2025T17:04:16 - [TEST_STEP][PASSED] - println(b): null

30-03-2025T17:04:16 - [TEST_STEP][PASSED] - for ([planFact = 1, planFact < 3, (planFact++)]): null

30-03-2025T17:04:16 - [TEST_STEP][PASSED] - if (planFact == 1): null

30-03-2025T17:04:16 - [TEST_STEP][PASSED] - typeOfDataMain = "Факт": null

30-03-2025T17:04:16 - [TEST_STEP][PASSED] - otpusk = findTestData("PlanFact").getValue(5, a): null

30-03-2025T17:04:16 - [TEST_STEP][PASSED] - poteri = findTestData("PlanFact").getValue(6, a): null

30-03-2025T17:04:16 - [TEST_STEP][PASSED] - otpusk = otpusk.replaceAll("\s+", ""): null

30-03-2025T17:04:16 - [TEST_STEP][PASSED] - poteri = poteri.replaceAll("\s+", ""): null

30-03-2025T17:04:16 - [TEST_STEP][PASSED] - typeOfData = typeOfDataMain + " Отпуск в сеть": null

30-03-2025T17:04:16 - [TEST_STEP][PASSED] - if (a == 82): null

30-03-2025T17:04:16 - [TEST_STEP][PASSED] - else if (a == 84): null

30-03-2025T17:04:16 - [TEST_STEP][PASSED] - else if (a == 83 || a == 52 || a == 72 || a == 28 || a == 73 || a == 77 || a == 74 || a == 65 || a == 36 || a == 44 || a == 53 || a == 80 || a == 54 || a == 1 || a == 18 || a == 59 || a == 81): null

30-03-2025T17:04:16 - [TEST_STEP][PASSED] - else: null

30-03-2025T17:04:16 - [TEST_STEP][PASSED] - path = dataFolder + typeOfData + " за отчётный период " + b: null

30-03-2025T17:04:16 - [TEST_STEP][PASSED] - println(path): null

30-03-2025T17:04:16 - [TEST_STEP][PASSED] - page = getText(findTestObject(path)): Text of object 'Object Repository/Выполнение бизнес-плана/Значения со страницы Выполнение бизнес-плана/Факт Отпуск в сеть за отчётный период Саратовские РС' is: '423 462'

30-03-2025T17:04:16 - [MESSAGE][PASSED] - Text of object 'Object Repository/Выполнение бизнес-плана/Значения со страницы Выполнение бизнес-плана/Факт Отпуск в сеть за отчётный период Саратовские РС' is: '423 462'

30-03-2025T17:04:16 - [TEST_STEP][PASSED] - if (page == "" || page == null): null

30-03-2025T17:04:16 - [TEST_STEP][PASSED] - else: null

30-03-2025T17:04:16 - [TEST_STEP][PASSED] - page = page.replaceAll("\s+", ""): null

30-03-2025T17:04:16 - [TEST_STEP][PASSED] - if (page == "undefined"): null

30-03-2025T17:04:16 - [TEST_STEP][PASSED] - fileOtpuskVSet = otpusk.toInteger(): null

30-03-2025T17:04:16 - [TEST_STEP][PASSED] - pageOtpuskVSet = page.toInteger(): null

30-03-2025T17:04:16 - [TEST_STEP][PASSED] - typeOfData = typeOfDataMain + " Потери": null

30-03-2025T17:04:16 - [TEST_STEP][PASSED] - if (a == 82): null

30-03-2025T17:04:16 - [TEST_STEP][PASSED] - else if (a == 84): null

30-03-2025T17:04:16 - [TEST_STEP][PASSED] - else if (a == 83 || a == 52 || a == 72 || a == 28 || a == 73 || a == 77 || a == 74 || a == 65 || a == 44 || a == 53 || a == 80 || a == 54 || a == 1 || a == 18 || a == 59 || a == 81): null

30-03-2025T17:04:16 - [TEST_STEP][PASSED] - else: null

30-03-2025T17:04:16 - [TEST_STEP][PASSED] - path = dataFolder + typeOfData + " за отчётный период " + b: null

30-03-2025T17:04:16 - [TEST_STEP][PASSED] - page = getText(findTestObject(path)): Text of object 'Object Repository/Выполнение бизнес-плана/Значения со страницы Выполнение бизнес-плана/Факт Потери за отчётный период Саратовские РС' is: '28 690'

30-03-2025T17:04:17 - [MESSAGE][PASSED] - Text of object 'Object Repository/Выполнение бизнес-плана/Значения со страницы Выполнение бизнес-плана/Факт Потери за отчётный период Саратовские РС' is: '28 690'

30-03-2025T17:04:17 - [TEST_STEP][PASSED] - if (page == "" || page == null): null

30-03-2025T17:04:17 - [TEST_STEP][PASSED] - else: null

30-03-2025T17:04:17 - [TEST_STEP][PASSED] - page = page.replaceAll("\s+", ""): null

30-03-2025T17:04:17 - [TEST_STEP][PASSED] - if (page == "undefined"): null

30-03-2025T17:04:17 - [TEST_STEP][PASSED] - filePoteri = poteri.toInteger(): null

30-03-2025T17:04:17 - [TEST_STEP][PASSED] - pagePoteri = page.toInteger(): null

30-03-2025T17:04:17 - [TEST_STEP][PASSED] - compare = pageOtpuskVSet: null

30-03-2025T17:04:17 - [TEST_STEP][PASSED] - if (pageOtpuskVSet != null): null

30-03-2025T17:04:17 - [TEST_STEP][PASSED] - if (compare == fileOtpuskVSet): null

30-03-2025T17:04:17 - [TEST_STEP][PASSED] - else if (compare > fileOtpuskVSet): null

30-03-2025T17:04:17 - [TEST_STEP][PASSED] - else if (compare < fileOtpuskVSet): null

30-03-2025T17:04:17 - [TEST_STEP][PASSED] - compare = compare + 1: null

30-03-2025T17:04:17 - [TEST_STEP][PASSED] - if (compare == fileOtpuskVSet): null

30-03-2025T17:04:17 - [TEST_STEP][PASSED] - else: null

30-03-2025T17:04:17 - [TEST_STEP][PASSED] - numberOfErrors = numberOfErrors + 1: null

30-03-2025T17:04:17 - [TEST_STEP][PASSED] - pageInt = pageOtpuskVSet: null

30-03-2025T17:04:17 - [TEST_STEP][PASSED] - fileInt = fileOtpuskVSet: null

30-03-2025T17:04:17 - [TEST_STEP][PASSED] - typeOfData = typeOfDataMain + " Отпуск в сеть": null

30-03-2025T17:04:17 - [TEST_STEP][PASSED] - Script1718980020443.WriteToExcel(a, typeOfData, todaysDate, pageInt, fileInt, pageDouble, fileDouble, dZO): null

30-03-2025T17:04:17 - [TEST_STEP][PASSED] - sheetName = "Sheet1": null

30-03-2025T17:04:17 - [TEST_STEP][PASSED] - data = findTestData("PlanFact"): null

30-03-2025T17:04:17 - [TEST_STEP][PASSED] - n = data.getRowNumbers() + 1: null

30-03-2025T17:04:17 - [TEST_STEP][PASSED] - day = ")).toInteger(): null

30-03-2025T17:04:17 - [TEST_STEP][PASSED] - println(day): null

30-03-2025T17:04:17 - [TEST_STEP][PASSED] - month = ")).toInteger(): null

30-03-2025T17:04:17 - [TEST_STEP][PASSED] - println(month): null

30-03-2025T17:04:17 - [TEST_STEP][PASSED] - y = <not implemented yet for class: org.codehaus.groovy.ast.expr.EmptyExpression>: null

30-03-2025T17:04:17 - [TEST_STEP][PASSED] - iy = <not implemented yet for class: org.codehaus.groovy.ast.expr.EmptyExpression>: null

30-03-2025T17:04:17 - [TEST_STEP][PASSED] - m = getText(findTestObject("Выполнение бизнес-плана/Период")): Text of object 'Object Repository/Выполнение бизнес-плана/Период' is: 'Январь 2025 года'

30-03-2025T17:04:17 - [MESSAGE][PASSED] - Text of object 'Object Repository/Выполнение бизнес-плана/Период' is: 'Январь 2025 года'

30-03-2025T17:04:17 - [TEST_STEP][PASSED] - iy = m.indexOf("20"): null

30-03-2025T17:04:17 - [TEST_STEP][PASSED] - if (iy > -1): null

30-03-2025T17:04:17 - [TEST_STEP][PASSED] - y = substring(iy, iy + 4).toInteger(): null

30-03-2025T17:04:17 - [TEST_STEP][PASSED] - println(y): null

30-03-2025T17:04:17 - [TEST_STEP][PASSED] - if (toString().length() == 4): null

30-03-2025T17:04:17 - [TEST_STEP][PASSED] - m = m.substring(0, m.indexOf(y.toString())): null

30-03-2025T17:04:17 - [TEST_STEP][PASSED] - m = m.trim(): null

30-03-2025T17:04:17 - [TEST_STEP][PASSED] - if (m == ""): null

30-03-2025T17:04:17 - [TEST_STEP][PASSED] - dashboardName = "Выполнение бизнес-плана": null

30-03-2025T17:04:17 - [TEST_STEP][PASSED] - workbook01 = getWorkbook(excelFilePath): null

30-03-2025T17:04:17 - [TEST_STEP][PASSED] - sheet01 = getExcelSheet(workbook01, sheetName): null

30-03-2025T17:04:17 - [TEST_STEP][PASSED] - setValueToCellByIndex(sheet01, n, 0, dashboardName): null

30-03-2025T17:04:17 - [TEST_STEP][PASSED] - setValueToCellByIndex(sheet01, n, 1, dZO): null

30-03-2025T17:04:17 - [TEST_STEP][PASSED] - setValueToCellByIndex(sheet01, n, 2, typeOfData): null

30-03-2025T17:04:17 - [TEST_STEP][PASSED] - if (typeOfData == "Факт в процентах" || typeOfData == "План в процентах"): null

30-03-2025T17:04:17 - [TEST_STEP][PASSED] - else: null

30-03-2025T17:04:17 - [TEST_STEP][PASSED] - setValueToCellByIndex(sheet01, n, 3, fileInt): null

30-03-2025T17:04:17 - [TEST_STEP][PASSED] - setValueToCellByIndex(sheet01, n, 4, pageInt): null

30-03-2025T17:04:17 - [TEST_STEP][PASSED] - setValueToCellByIndex(sheet01, n, 5, m): null

30-03-2025T17:04:17 - [TEST_STEP][PASSED] - setValueToCellByIndex(sheet01, n, 6, y): null

30-03-2025T17:04:17 - [TEST_STEP][PASSED] - setValueToCellByIndex(sheet01, n, 7, todaysDate): null

30-03-2025T17:04:17 - [TEST_STEP][PASSED] - n = n + 1: null

30-03-2025T17:04:17 - [TEST_STEP][PASSED] - saveWorkbook(excelFilePath, workbook01): null

30-03-2025T17:04:17 - [TEST_STEP][PASSED] - compare = pagePoteri: null

30-03-2025T17:04:17 - [TEST_STEP][PASSED] - if (pageOtpuskVSet != null): null

30-03-2025T17:04:17 - [TEST_STEP][PASSED] - if (compare == filePoteri): null

30-03-2025T17:04:17 - [TEST_STEP][PASSED] - else if (compare > filePoteri): null

30-03-2025T17:04:17 - [TEST_STEP][PASSED] - else if (compare < filePoteri): null

30-03-2025T17:04:17 - [TEST_STEP][PASSED] - compare = compare + 1: null

30-03-2025T17:04:17 - [TEST_STEP][PASSED] - if (compare == filePoteri): null

30-03-2025T17:04:17 - [TEST_STEP][PASSED] - else: null

30-03-2025T17:04:17 - [TEST_STEP][PASSED] - numberOfErrors = numberOfErrors + 1: null

30-03-2025T17:04:17 - [TEST_STEP][PASSED] - pageInt = pagePoteri: null

30-03-2025T17:04:17 - [TEST_STEP][PASSED] - fileInt = filePoteri: null

30-03-2025T17:04:17 - [TEST_STEP][PASSED] - typeOfData = typeOfDataMain + " Потери": null

30-03-2025T17:04:17 - [TEST_STEP][PASSED] - Script1718980020443.WriteToExcel(a, typeOfData, todaysDate, pageInt, fileInt, pageDouble, fileDouble, dZO): null

30-03-2025T17:04:17 - [TEST_STEP][PASSED] - sheetName = "Sheet1": null

30-03-2025T17:04:17 - [TEST_STEP][PASSED] - data = findTestData("PlanFact"): null

30-03-2025T17:04:18 - [TEST_STEP][PASSED] - n = data.getRowNumbers() + 1: null

30-03-2025T17:04:18 - [TEST_STEP][PASSED] - day = ")).toInteger(): null

30-03-2025T17:04:18 - [TEST_STEP][PASSED] - println(day): null

30-03-2025T17:04:18 - [TEST_STEP][PASSED] - month = ")).toInteger(): null

30-03-2025T17:04:18 - [TEST_STEP][PASSED] - println(month): null

30-03-2025T17:04:18 - [TEST_STEP][PASSED] - y = <not implemented yet for class: org.codehaus.groovy.ast.expr.EmptyExpression>: null

30-03-2025T17:04:18 - [TEST_STEP][PASSED] - iy = <not implemented yet for class: org.codehaus.groovy.ast.expr.EmptyExpression>: null

30-03-2025T17:04:18 - [TEST_STEP][PASSED] - m = getText(findTestObject("Выполнение бизнес-плана/Период")): Text of object 'Object Repository/Выполнение бизнес-плана/Период' is: 'Январь 2025 года'

30-03-2025T17:04:18 - [MESSAGE][PASSED] - Text of object 'Object Repository/Выполнение бизнес-плана/Период' is: 'Январь 2025 года'

30-03-2025T17:04:18 - [TEST_STEP][PASSED] - iy = m.indexOf("20"): null

30-03-2025T17:04:18 - [TEST_STEP][PASSED] - if (iy > -1): null

30-03-2025T17:04:18 - [TEST_STEP][PASSED] - y = substring(iy, iy + 4).toInteger(): null

30-03-2025T17:04:18 - [TEST_STEP][PASSED] - println(y): null

30-03-2025T17:04:18 - [TEST_STEP][PASSED] - if (toString().length() == 4): null

30-03-2025T17:04:18 - [TEST_STEP][PASSED] - m = m.substring(0, m.indexOf(y.toString())): null

30-03-2025T17:04:18 - [TEST_STEP][PASSED] - m = m.trim(): null

30-03-2025T17:04:18 - [TEST_STEP][PASSED] - if (m == ""): null

30-03-2025T17:04:18 - [TEST_STEP][PASSED] - dashboardName = "Выполнение бизнес-плана": null

30-03-2025T17:04:18 - [TEST_STEP][PASSED] - workbook01 = getWorkbook(excelFilePath): null

30-03-2025T17:04:18 - [TEST_STEP][PASSED] - sheet01 = getExcelSheet(workbook01, sheetName): null

30-03-2025T17:04:18 - [TEST_STEP][PASSED] - setValueToCellByIndex(sheet01, n, 0, dashboardName): null

30-03-2025T17:04:18 - [TEST_STEP][PASSED] - setValueToCellByIndex(sheet01, n, 1, dZO): null

30-03-2025T17:04:18 - [TEST_STEP][PASSED] - setValueToCellByIndex(sheet01, n, 2, typeOfData): null

30-03-2025T17:04:18 - [TEST_STEP][PASSED] - if (typeOfData == "Факт в процентах" || typeOfData == "План в процентах"): null

30-03-2025T17:04:18 - [TEST_STEP][PASSED] - else: null

30-03-2025T17:04:18 - [TEST_STEP][PASSED] - setValueToCellByIndex(sheet01, n, 3, fileInt): null

30-03-2025T17:04:18 - [TEST_STEP][PASSED] - setValueToCellByIndex(sheet01, n, 4, pageInt): null

30-03-2025T17:04:18 - [TEST_STEP][PASSED] - setValueToCellByIndex(sheet01, n, 5, m): null

30-03-2025T17:04:18 - [TEST_STEP][PASSED] - setValueToCellByIndex(sheet01, n, 6, y): null

30-03-2025T17:04:18 - [TEST_STEP][PASSED] - setValueToCellByIndex(sheet01, n, 7, todaysDate): null

30-03-2025T17:04:18 - [TEST_STEP][PASSED] - n = n + 1: null

30-03-2025T17:04:18 - [TEST_STEP][PASSED] - saveWorkbook(excelFilePath, workbook01): null

30-03-2025T17:04:18 - [TEST_STEP][PASSED] - if (planFact == 2): null

30-03-2025T17:04:18 - [TEST_STEP][PASSED] - if (planFact == 1): null

30-03-2025T17:04:18 - [TEST_STEP][PASSED] - else if (planFact == 2): null

30-03-2025T17:04:18 - [TEST_STEP][PASSED] - click(findTestObject("Выполнение бизнес-плана/Кнопка План")): Object: 'Object Repository/Выполнение бизнес-плана/Кнопка План' is clicked on

30-03-2025T17:04:18 - [MESSAGE][PASSED] - Object: 'Object Repository/Выполнение бизнес-плана/Кнопка План' is clicked on

30-03-2025T17:04:18 - [TEST_STEP][PASSED] - typeOfDataMain = "План": null

30-03-2025T17:04:18 - [TEST_STEP][PASSED] - otpusk = findTestData("PlanFact").getValue(2, a): null

30-03-2025T17:04:19 - [TEST_STEP][PASSED] - poteri = findTestData("PlanFact").getValue(3, a): null

30-03-2025T17:04:19 - [TEST_STEP][PASSED] - otpusk = otpusk.replaceAll("\s+", ""): null

30-03-2025T17:04:19 - [TEST_STEP][PASSED] - poteri = poteri.replaceAll("\s+", ""): null

30-03-2025T17:04:19 - [TEST_STEP][PASSED] - typeOfData = typeOfDataMain + " Отпуск в сеть": null

30-03-2025T17:04:19 - [TEST_STEP][PASSED] - if (a == 82): null

30-03-2025T17:04:19 - [TEST_STEP][PASSED] - else if (a == 84): null

30-03-2025T17:04:19 - [TEST_STEP][PASSED] - else if (a == 83 || a == 52 || a == 72 || a == 28 || a == 73 || a == 77 || a == 74 || a == 65 || a == 36 || a == 44 || a == 53 || a == 80 || a == 54 || a == 1 || a == 18 || a == 59 || a == 81): null

30-03-2025T17:04:19 - [TEST_STEP][PASSED] - else: null

30-03-2025T17:04:19 - [TEST_STEP][PASSED] - path = dataFolder + typeOfData + " за отчётный период " + b: null

30-03-2025T17:04:19 - [TEST_STEP][PASSED] - println(path): null

30-03-2025T17:04:19 - [TEST_STEP][PASSED] - page = getText(findTestObject(path)): Text of object 'Object Repository/Выполнение бизнес-плана/Значения со страницы Выполнение бизнес-плана/План Отпуск в сеть за отчётный период Саратовские РС' is: '447 582'

30-03-2025T17:04:19 - [MESSAGE][PASSED] - Text of object 'Object Repository/Выполнение бизнес-плана/Значения со страницы Выполнение бизнес-плана/План Отпуск в сеть за отчётный период Саратовские РС' is: '447 582'

30-03-2025T17:04:19 - [TEST_STEP][PASSED] - if (page == "" || page == null): null

30-03-2025T17:04:19 - [TEST_STEP][PASSED] - else: null

30-03-2025T17:04:19 - [TEST_STEP][PASSED] - page = page.replaceAll("\s+", ""): null

30-03-2025T17:04:19 - [TEST_STEP][PASSED] - if (page == "undefined"): null

30-03-2025T17:04:19 - [TEST_STEP][PASSED] - fileOtpuskVSet = otpusk.toInteger(): null

30-03-2025T17:04:19 - [TEST_STEP][PASSED] - pageOtpuskVSet = page.toInteger(): null

30-03-2025T17:04:19 - [TEST_STEP][PASSED] - typeOfData = typeOfDataMain + " Потери": null

30-03-2025T17:04:19 - [TEST_STEP][PASSED] - if (a == 82): null

30-03-2025T17:04:19 - [TEST_STEP][PASSED] - else if (a == 84): null

30-03-2025T17:04:19 - [TEST_STEP][PASSED] - else if (a == 83 || a == 52 || a == 72 || a == 28 || a == 73 || a == 77 || a == 74 || a == 65 || a == 44 || a == 53 || a == 80 || a == 54 || a == 1 || a == 18 || a == 59 || a == 81): null

30-03-2025T17:04:19 - [TEST_STEP][PASSED] - else: null

30-03-2025T17:04:19 - [TEST_STEP][PASSED] - path = dataFolder + typeOfData + " за отчётный период " + b: null

30-03-2025T17:04:19 - [TEST_STEP][PASSED] - page = getText(findTestObject(path)): Text of object 'Object Repository/Выполнение бизнес-плана/Значения со страницы Выполнение бизнес-плана/План Потери за отчётный период Саратовские РС' is: '39 185'

30-03-2025T17:04:19 - [MESSAGE][PASSED] - Text of object 'Object Repository/Выполнение бизнес-плана/Значения со страницы Выполнение бизнес-плана/План Потери за отчётный период Саратовские РС' is: '39 185'

30-03-2025T17:04:19 - [TEST_STEP][PASSED] - if (page == "" || page == null): null

30-03-2025T17:04:19 - [TEST_STEP][PASSED] - else: null

30-03-2025T17:04:19 - [TEST_STEP][PASSED] - page = page.replaceAll("\s+", ""): null

30-03-2025T17:04:19 - [TEST_STEP][PASSED] - if (page == "undefined"): null

30-03-2025T17:04:19 - [TEST_STEP][PASSED] - filePoteri = poteri.toInteger(): null

30-03-2025T17:04:19 - [TEST_STEP][PASSED] - pagePoteri = page.toInteger(): null

30-03-2025T17:04:19 - [TEST_STEP][PASSED] - compare = pageOtpuskVSet: null

30-03-2025T17:04:19 - [TEST_STEP][PASSED] - if (pageOtpuskVSet != null): null

30-03-2025T17:04:19 - [TEST_STEP][PASSED] - if (compare == fileOtpuskVSet): null

30-03-2025T17:04:19 - [TEST_STEP][PASSED] - else if (compare > fileOtpuskVSet): null

30-03-2025T17:04:19 - [TEST_STEP][PASSED] - else if (compare < fileOtpuskVSet): null

30-03-2025T17:04:19 - [TEST_STEP][PASSED] - compare = compare + 1: null

30-03-2025T17:04:19 - [TEST_STEP][PASSED] - if (compare == fileOtpuskVSet): null

30-03-2025T17:04:19 - [TEST_STEP][PASSED] - else: null

30-03-2025T17:04:19 - [TEST_STEP][PASSED] - numberOfErrors = numberOfErrors + 1: null

30-03-2025T17:04:19 - [TEST_STEP][PASSED] - pageInt = pageOtpuskVSet: null

30-03-2025T17:04:19 - [TEST_STEP][PASSED] - fileInt = fileOtpuskVSet: null

30-03-2025T17:04:19 - [TEST_STEP][PASSED] - typeOfData = typeOfDataMain + " Отпуск в сеть": null

30-03-2025T17:04:19 - [TEST_STEP][PASSED] - Script1718980020443.WriteToExcel(a, typeOfData, todaysDate, pageInt, fileInt, pageDouble, fileDouble, dZO): null

30-03-2025T17:04:19 - [TEST_STEP][PASSED] - sheetName = "Sheet1": null

30-03-2025T17:04:19 - [TEST_STEP][PASSED] - data = findTestData("PlanFact"): null

30-03-2025T17:04:19 - [TEST_STEP][PASSED] - n = data.getRowNumbers() + 1: null

30-03-2025T17:04:19 - [TEST_STEP][PASSED] - day = ")).toInteger(): null

30-03-2025T17:04:19 - [TEST_STEP][PASSED] - println(day): null

30-03-2025T17:04:19 - [TEST_STEP][PASSED] - month = ")).toInteger(): null

30-03-2025T17:04:19 - [TEST_STEP][PASSED] - println(month): null

30-03-2025T17:04:19 - [TEST_STEP][PASSED] - y = <not implemented yet for class: org.codehaus.groovy.ast.expr.EmptyExpression>: null

30-03-2025T17:04:19 - [TEST_STEP][PASSED] - iy = <not implemented yet for class: org.codehaus.groovy.ast.expr.EmptyExpression>: null

30-03-2025T17:04:19 - [TEST_STEP][PASSED] - m = getText(findTestObject("Выполнение бизнес-плана/Период")): Text of object 'Object Repository/Выполнение бизнес-плана/Период' is: 'Январь 2025 года'

30-03-2025T17:04:20 - [MESSAGE][PASSED] - Text of object 'Object Repository/Выполнение бизнес-плана/Период' is: 'Январь 2025 года'

30-03-2025T17:04:20 - [TEST_STEP][PASSED] - iy = m.indexOf("20"): null

30-03-2025T17:04:20 - [TEST_STEP][PASSED] - if (iy > -1): null

30-03-2025T17:04:20 - [TEST_STEP][PASSED] - y = substring(iy, iy + 4).toInteger(): null

30-03-2025T17:04:20 - [TEST_STEP][PASSED] - println(y): null

30-03-2025T17:04:20 - [TEST_STEP][PASSED] - if (toString().length() == 4): null

30-03-2025T17:04:20 - [TEST_STEP][PASSED] - m = m.substring(0, m.indexOf(y.toString())): null

30-03-2025T17:04:20 - [TEST_STEP][PASSED] - m = m.trim(): null

30-03-2025T17:04:20 - [TEST_STEP][PASSED] - if (m == ""): null

30-03-2025T17:04:20 - [TEST_STEP][PASSED] - dashboardName = "Выполнение бизнес-плана": null

30-03-2025T17:04:20 - [TEST_STEP][PASSED] - workbook01 = getWorkbook(excelFilePath): null

30-03-2025T17:04:20 - [TEST_STEP][PASSED] - sheet01 = getExcelSheet(workbook01, sheetName): null

30-03-2025T17:04:20 - [TEST_STEP][PASSED] - setValueToCellByIndex(sheet01, n, 0, dashboardName): null

30-03-2025T17:04:20 - [TEST_STEP][PASSED] - setValueToCellByIndex(sheet01, n, 1, dZO): null

30-03-2025T17:04:20 - [TEST_STEP][PASSED] - setValueToCellByIndex(sheet01, n, 2, typeOfData): null

30-03-2025T17:04:20 - [TEST_STEP][PASSED] - if (typeOfData == "Факт в процентах" || typeOfData == "План в процентах"): null

30-03-2025T17:04:20 - [TEST_STEP][PASSED] - else: null

30-03-2025T17:04:20 - [TEST_STEP][PASSED] - setValueToCellByIndex(sheet01, n, 3, fileInt): null

30-03-2025T17:04:20 - [TEST_STEP][PASSED] - setValueToCellByIndex(sheet01, n, 4, pageInt): null

30-03-2025T17:04:20 - [TEST_STEP][PASSED] - setValueToCellByIndex(sheet01, n, 5, m): null

30-03-2025T17:04:20 - [TEST_STEP][PASSED] - setValueToCellByIndex(sheet01, n, 6, y): null

30-03-2025T17:04:20 - [TEST_STEP][PASSED] - setValueToCellByIndex(sheet01, n, 7, todaysDate): null

30-03-2025T17:04:20 - [TEST_STEP][PASSED] - n = n + 1: null

30-03-2025T17:04:20 - [TEST_STEP][PASSED] - saveWorkbook(excelFilePath, workbook01): null

30-03-2025T17:04:20 - [TEST_STEP][PASSED] - compare = pagePoteri: null

30-03-2025T17:04:20 - [TEST_STEP][PASSED] - if (pageOtpuskVSet != null): null

30-03-2025T17:04:20 - [TEST_STEP][PASSED] - if (compare == filePoteri): null

30-03-2025T17:04:20 - [TEST_STEP][PASSED] - else if (compare > filePoteri): null

30-03-2025T17:04:20 - [TEST_STEP][PASSED] - else if (compare < filePoteri): null

30-03-2025T17:04:20 - [TEST_STEP][PASSED] - compare = compare + 1: null

30-03-2025T17:04:20 - [TEST_STEP][PASSED] - if (compare == filePoteri): null

30-03-2025T17:04:20 - [TEST_STEP][PASSED] - else: null

30-03-2025T17:04:20 - [TEST_STEP][PASSED] - numberOfErrors = numberOfErrors + 1: null

30-03-2025T17:04:20 - [TEST_STEP][PASSED] - pageInt = pagePoteri: null

30-03-2025T17:04:20 - [TEST_STEP][PASSED] - fileInt = filePoteri: null

30-03-2025T17:04:20 - [TEST_STEP][PASSED] - typeOfData = typeOfDataMain + " Потери": null

30-03-2025T17:04:20 - [TEST_STEP][PASSED] - Script1718980020443.WriteToExcel(a, typeOfData, todaysDate, pageInt, fileInt, pageDouble, fileDouble, dZO): null

30-03-2025T17:04:20 - [TEST_STEP][PASSED] - sheetName = "Sheet1": null

30-03-2025T17:04:20 - [TEST_STEP][PASSED] - data = findTestData("PlanFact"): null

30-03-2025T17:04:20 - [TEST_STEP][PASSED] - n = data.getRowNumbers() + 1: null

30-03-2025T17:04:20 - [TEST_STEP][PASSED] - day = ")).toInteger(): null

30-03-2025T17:04:20 - [TEST_STEP][PASSED] - println(day): null

30-03-2025T17:04:20 - [TEST_STEP][PASSED] - month = ")).toInteger(): null

30-03-2025T17:04:20 - [TEST_STEP][PASSED] - println(month): null

30-03-2025T17:04:20 - [TEST_STEP][PASSED] - y = <not implemented yet for class: org.codehaus.groovy.ast.expr.EmptyExpression>: null

30-03-2025T17:04:20 - [TEST_STEP][PASSED] - iy = <not implemented yet for class: org.codehaus.groovy.ast.expr.EmptyExpression>: null

30-03-2025T17:04:20 - [TEST_STEP][PASSED] - m = getText(findTestObject("Выполнение бизнес-плана/Период")): Text of object 'Object Repository/Выполнение бизнес-плана/Период' is: 'Январь 2025 года'

30-03-2025T17:04:20 - [MESSAGE][PASSED] - Text of object 'Object Repository/Выполнение бизнес-плана/Период' is: 'Январь 2025 года'

30-03-2025T17:04:20 - [TEST_STEP][PASSED] - iy = m.indexOf("20"): null

30-03-2025T17:04:20 - [TEST_STEP][PASSED] - if (iy > -1): null

30-03-2025T17:04:20 - [TEST_STEP][PASSED] - y = substring(iy, iy + 4).toInteger(): null

30-03-2025T17:04:20 - [TEST_STEP][PASSED] - println(y): null

30-03-2025T17:04:20 - [TEST_STEP][PASSED] - if (toString().length() == 4): null

30-03-2025T17:04:20 - [TEST_STEP][PASSED] - m = m.substring(0, m.indexOf(y.toString())): null

30-03-2025T17:04:20 - [TEST_STEP][PASSED] - m = m.trim(): null

30-03-2025T17:04:20 - [TEST_STEP][PASSED] - if (m == ""): null

30-03-2025T17:04:20 - [TEST_STEP][PASSED] - dashboardName = "Выполнение бизнес-плана": null

30-03-2025T17:04:20 - [TEST_STEP][PASSED] - workbook01 = getWorkbook(excelFilePath): null

30-03-2025T17:04:20 - [TEST_STEP][PASSED] - sheet01 = getExcelSheet(workbook01, sheetName): null

30-03-2025T17:04:20 - [TEST_STEP][PASSED] - setValueToCellByIndex(sheet01, n, 0, dashboardName): null

30-03-2025T17:04:20 - [TEST_STEP][PASSED] - setValueToCellByIndex(sheet01, n, 1, dZO): null

30-03-2025T17:04:20 - [TEST_STEP][PASSED] - setValueToCellByIndex(sheet01, n, 2, typeOfData): null

30-03-2025T17:04:20 - [TEST_STEP][PASSED] - if (typeOfData == "Факт в процентах" || typeOfData == "План в процентах"): null

30-03-2025T17:04:20 - [TEST_STEP][PASSED] - else: null

30-03-2025T17:04:20 - [TEST_STEP][PASSED] - setValueToCellByIndex(sheet01, n, 3, fileInt): null

30-03-2025T17:04:20 - [TEST_STEP][PASSED] - setValueToCellByIndex(sheet01, n, 4, pageInt): null

30-03-2025T17:04:20 - [TEST_STEP][PASSED] - setValueToCellByIndex(sheet01, n, 5, m): null

30-03-2025T17:04:20 - [TEST_STEP][PASSED] - setValueToCellByIndex(sheet01, n, 6, y): null

30-03-2025T17:04:20 - [TEST_STEP][PASSED] - setValueToCellByIndex(sheet01, n, 7, todaysDate): null

30-03-2025T17:04:20 - [TEST_STEP][PASSED] - n = n + 1: null

30-03-2025T17:04:20 - [TEST_STEP][PASSED] - saveWorkbook(excelFilePath, workbook01): Object: 'Object Repository/Выполнение бизнес-плана/Кнопка Факт' is clicked on

30-03-2025T17:04:21 - [TEST_STEP][PASSED] - if (planFact == 2): Object: 'Object Repository/Выполнение бизнес-плана/Кнопка Факт' is clicked on

30-03-2025T17:04:21 - [TEST_STEP][PASSED] - click(findTestObject("Выполнение бизнес-плана/Кнопка Факт")): Object: 'Object Repository/Выполнение бизнес-плана/Кнопка Факт' is clicked on

30-03-2025T17:04:21 - [MESSAGE][PASSED] - Object: 'Object Repository/Выполнение бизнес-плана/Кнопка Факт' is clicked on

30-03-2025T17:04:21 - [TEST_STEP][PASSED] - println("a=" + a): null

30-03-2025T17:04:21 - [TEST_STEP][PASSED] - if (a == 84 || a == 82): null

30-03-2025T17:04:21 - [TEST_STEP][PASSED] - else if (a == 83 || a == 52 || a == 72 || a == 28 || a == 73 || a == 77 || a == 74 || a == 65 || a == 36 || a == 44 || a == 53 || a == 80 || a == 54 || a == 1 || a == 18 || a == 59 || a == 81): null

30-03-2025T17:04:21 - [TEST_STEP][PASSED] - else: null

30-03-2025T17:04:21 - [TEST_STEP][PASSED] - page1 = getText(findTestObject("Object Repository/Выполнение бизнес-плана/spanPlan" + filialNum)): Text of object 'Object Repository/Выполнение бизнес-плана/spanPlan3' is: '6.93
|'

30-03-2025T17:04:21 - [MESSAGE][PASSED] - Text of object 'Object Repository/Выполнение бизнес-плана/spanPlan3' is: '6.93
|'

30-03-2025T17:04:21 - [TEST_STEP][PASSED] - page1 = page1.replace("|", ""): null

30-03-2025T17:04:21 - [TEST_STEP][PASSED] - page2 = getText(findTestObject("Object Repository/Выполнение бизнес-плана/spanFact" + filialNum)): Text of object 'Object Repository/Выполнение бизнес-плана/spanFact3' is: '5.82
|'

30-03-2025T17:04:21 - [MESSAGE][PASSED] - Text of object 'Object Repository/Выполнение бизнес-плана/spanFact3' is: '5.82
|'

30-03-2025T17:04:21 - [TEST_STEP][PASSED] - page2 = page2.replace("|", ""): null

30-03-2025T17:04:21 - [TEST_STEP][PASSED] - println("page1: " + page1): null

30-03-2025T17:04:21 - [TEST_STEP][PASSED] - println("page2: " + page2): null

30-03-2025T17:04:21 - [TEST_STEP][PASSED] - file = findTestData("PlanFact").getValue(4, a): null

30-03-2025T17:04:22 - [TEST_STEP][PASSED] - file = file.replace(",", "."): null

30-03-2025T17:04:22 - [TEST_STEP][PASSED] - println("file Plan: " + file): null

30-03-2025T17:04:22 - [TEST_STEP][PASSED] - typeOfData = "План в процентах": null

30-03-2025T17:04:22 - [TEST_STEP][PASSED] - fileDouble = file.toDouble(): null

30-03-2025T17:04:22 - [TEST_STEP][PASSED] - pageDouble = page1.toDouble(): null

30-03-2025T17:04:22 - [TEST_STEP][PASSED] - if (fileDouble != pageDouble): null

30-03-2025T17:04:22 - [TEST_STEP][PASSED] - file = findTestData("PlanFact").getValue(7, a): null

30-03-2025T17:04:22 - [TEST_STEP][PASSED] - file = file.replace(",", "."): null

30-03-2025T17:04:22 - [TEST_STEP][PASSED] - println("file Fact: " + file): null

30-03-2025T17:04:22 - [TEST_STEP][PASSED] - fileDouble = file.toDouble(): null

30-03-2025T17:04:22 - [TEST_STEP][PASSED] - typeOfData = "Факт в процентах": null

30-03-2025T17:04:22 - [TEST_STEP][PASSED] - fileDouble = file.toDouble(): null

30-03-2025T17:04:22 - [TEST_STEP][PASSED] - pageDouble = page2.toDouble(): null

30-03-2025T17:04:22 - [TEST_STEP][PASSED] - if (fileDouble != pageDouble): null

30-03-2025T17:04:22 - [TEST_STEP][FAILED] - if (verifyEqual(numberOfErrors, 0) == false): null

30-03-2025T17:04:22 - [MESSAGE][FAILED] - Unable to verify equal between actual object '4' and expected object '0' (Root cause: com.kms.katalon.core.exception.StepFailedException: Actual object '4' and expected object '0' are not equal
	at com.kms.katalon.core.keyword.builtin.VerifyEqualKeyword$_verifyEqual_closure1.doCall(VerifyEqualKeyword.groovy:58)
	at com.kms.katalon.core.keyword.builtin.VerifyEqualKeyword$_verifyEqual_closure1.call(VerifyEqualKeyword.groovy)
	at com.kms.katalon.core.keyword.internal.KeywordMain.runKeyword(KeywordMain.groovy:75)
	at com.kms.katalon.core.keyword.builtin.VerifyEqualKeyword.verifyEqual(VerifyEqualKeyword.groovy:63)
	at com.kms.katalon.core.keyword.builtin.VerifyEqualKeyword.execute(VerifyEqualKeyword.groovy:44)
	at com.kms.katalon.core.keyword.internal.KeywordExecutor.executeKeywordForPlatform(KeywordExecutor.groovy:74)
	at com.kms.katalon.core.keyword.BuiltinKeywords.verifyEqual(BuiltinKeywords.groovy:146)
	at jdk.internal.reflect.GeneratedMethodAccessor22.invoke(Unknown Source)
	at java.base/jdk.internal.reflect.DelegatingMethodAccessorImpl.invoke(DelegatingMethodAccessorImpl.java:43)
	at Выполнение бизнес-плана Сверка ПАО Россети все филиалы.Numbers(Выполнение бизнес-плана Сверка ПАО Россети все филиалы:744)
	at Выполнение бизнес-плана Сверка ПАО Россети все филиалы.Filials(Выполнение бизнес-плана Сверка ПАО Россети все филиалы:979)
	at Выполнение бизнес-плана Сверка ПАО Россети все филиалы.Numbers(Выполнение бизнес-плана Сверка ПАО Россети все филиалы:751)
	at Выполнение бизнес-плана Сверка ПАО Россети все филиалы.run(Выполнение бизнес-плана Сверка ПАО Россети все филиалы:231)
	at com.kms.katalon.core.main.ScriptEngine.run(ScriptEngine.java:194)
	at com.kms.katalon.core.main.ScriptEngine.runScriptAsRawText(ScriptEngine.java:119)
	at com.kms.katalon.core.main.TestCaseExecutor.runScript(TestCaseExecutor.java:448)
	at com.kms.katalon.core.main.TestCaseExecutor.doExecute(TestCaseExecutor.java:439)
	at com.kms.katalon.core.main.TestCaseExecutor.processExecutionPhase(TestCaseExecutor.java:418)
	at com.kms.katalon.core.main.TestCaseExecutor.accessMainPhase(TestCaseExecutor.java:410)
	at com.kms.katalon.core.main.TestCaseExecutor.execute(TestCaseExecutor.java:285)
	at com.kms.katalon.core.common.CommonExecutor.accessTestCaseMainPhase(CommonExecutor.java:65)
	at com.kms.katalon.core.main.TestSuiteExecutor.accessTestSuiteMainPhase(TestSuiteExecutor.java:150)
	at com.kms.katalon.core.main.TestSuiteExecutor.execute(TestSuiteExecutor.java:106)
	at com.kms.katalon.core.main.TestCaseMain.startTestSuite(TestCaseMain.java:180)
	at TempTestSuite1743336560690.run(TempTestSuite1743336560690.groovy:35)
	at java.base/jdk.internal.reflect.NativeMethodAccessorImpl.invoke0(Native Method)
	at java.base/jdk.internal.reflect.NativeMethodAccessorImpl.invoke(NativeMethodAccessorImpl.java:77)
	at java.base/jdk.internal.reflect.DelegatingMethodAccessorImpl.invoke(DelegatingMethodAccessorImpl.java:43)
)

30-03-2025T17:04:22 - [TEST_STEP][PASSED] - println(numberOfErrors): null

30-03-2025T17:04:22 - [TEST_STEP][PASSED] - println("a=" + a): null

30-03-2025T17:04:22 - [TEST_STEP][PASSED] - if (a == 28 || a == 77 || a == 74 || a == 65 || a == 36 || a == 44 || a == 54 || a == 1 || a == 18 || a == 59): null

30-03-2025T17:04:22 - [TEST_STEP][PASSED] - if (a == 82): null

30-03-2025T17:04:22 - [TEST_STEP][PASSED] - dZO = "Ульяновские РС": null

30-03-2025T17:04:22 - [TEST_STEP][PASSED] - a = 34: null

30-03-2025T17:04:22 - [TEST_STEP][PASSED] - dzoCut = dZO.substring(0, 10): null

30-03-2025T17:04:22 - [TEST_STEP][PASSED] - if (x2.contains(dzoCut)): null

30-03-2025T17:04:22 - [TEST_STEP][PASSED] - filialNum = filialNum + 1: null

30-03-2025T17:04:22 - [TEST_STEP][PASSED] - Script1718980020443.Numbers(a, typeOfData, todaysDate, pageInt, fileInt, pageDouble, fileDouble, dZO, dzoNum, filialNum): null

30-03-2025T17:04:22 - [TEST_STEP][PASSED] - println(dzoNum): null

30-03-2025T17:04:22 - [TEST_STEP][PASSED] - planFact = <not implemented yet for class: org.codehaus.groovy.ast.expr.EmptyExpression>: null

30-03-2025T17:04:22 - [TEST_STEP][PASSED] - page = <not implemented yet for class: org.codehaus.groovy.ast.expr.EmptyExpression>: null

30-03-2025T17:04:22 - [TEST_STEP][PASSED] - page1 = <not implemented yet for class: org.codehaus.groovy.ast.expr.EmptyExpression>: null

30-03-2025T17:04:22 - [TEST_STEP][PASSED] - page2 = <not implemented yet for class: org.codehaus.groovy.ast.expr.EmptyExpression>: null

30-03-2025T17:04:22 - [TEST_STEP][PASSED] - filialNumberInRow = <not implemented yet for class: org.codehaus.groovy.ast.expr.EmptyExpression>: null

30-03-2025T17:04:22 - [TEST_STEP][PASSED] - filialsDzoNames = <not implemented yet for class: org.codehaus.groovy.ast.expr.EmptyExpression>: null

30-03-2025T17:04:22 - [TEST_STEP][PASSED] - numberOfFilials = <not implemented yet for class: org.codehaus.groovy.ast.expr.EmptyExpression>: null

30-03-2025T17:04:22 - [TEST_STEP][PASSED] - numberOfSpaces = <not implemented yet for class: org.codehaus.groovy.ast.expr.EmptyExpression>: null

30-03-2025T17:04:22 - [TEST_STEP][PASSED] - file = <not implemented yet for class: org.codehaus.groovy.ast.expr.EmptyExpression>: null

30-03-2025T17:04:22 - [TEST_STEP][PASSED] - otpusk = <not implemented yet for class: org.codehaus.groovy.ast.expr.EmptyExpression>: null

30-03-2025T17:04:22 - [TEST_STEP][PASSED] - poteri = <not implemented yet for class: org.codehaus.groovy.ast.expr.EmptyExpression>: null

30-03-2025T17:04:22 - [TEST_STEP][PASSED] - dataFolder = "Выполнение бизнес-плана/Значения со страницы Выполнение бизнес-плана/": null

30-03-2025T17:04:22 - [TEST_STEP][PASSED] - path = <not implemented yet for class: org.codehaus.groovy.ast.expr.EmptyExpression>: null

30-03-2025T17:04:22 - [TEST_STEP][PASSED] - typeOfDataMain = <not implemented yet for class: org.codehaus.groovy.ast.expr.EmptyExpression>: null

30-03-2025T17:04:22 - [TEST_STEP][PASSED] - fileOtpuskVSet = <not implemented yet for class: org.codehaus.groovy.ast.expr.EmptyExpression>: null

30-03-2025T17:04:22 - [TEST_STEP][PASSED] - pageOtpuskVSet = <not implemented yet for class: org.codehaus.groovy.ast.expr.EmptyExpression>: null

30-03-2025T17:04:22 - [TEST_STEP][PASSED] - filePoteri = <not implemented yet for class: org.codehaus.groovy.ast.expr.EmptyExpression>: null

30-03-2025T17:04:22 - [TEST_STEP][PASSED] - pagePoteri = <not implemented yet for class: org.codehaus.groovy.ast.expr.EmptyExpression>: null

30-03-2025T17:04:22 - [TEST_STEP][PASSED] - compare = <not implemented yet for class: org.codehaus.groovy.ast.expr.EmptyExpression>: null

30-03-2025T17:04:22 - [TEST_STEP][PASSED] - b = <not implemented yet for class: org.codehaus.groovy.ast.expr.EmptyExpression>: null

30-03-2025T17:04:22 - [TEST_STEP][PASSED] - i = <not implemented yet for class: org.codehaus.groovy.ast.expr.EmptyExpression>: null

30-03-2025T17:04:22 - [TEST_STEP][PASSED] - ii = <not implemented yet for class: org.codehaus.groovy.ast.expr.EmptyExpression>: null

30-03-2025T17:04:22 - [TEST_STEP][PASSED] - c = <not implemented yet for class: org.codehaus.groovy.ast.expr.EmptyExpression>: null

30-03-2025T17:04:22 - [TEST_STEP][PASSED] - numberOfErrors = 0: null

30-03-2025T17:04:22 - [TEST_STEP][PASSED] - if (a == 82): null

30-03-2025T17:04:22 - [TEST_STEP][PASSED] - b = findTestData("PlanFact").getValue(1, a): null

30-03-2025T17:04:22 - [TEST_STEP][PASSED] - i = b.indexOf(" (ГК)"): null

30-03-2025T17:04:22 - [TEST_STEP][PASSED] - if (i > -1): null

30-03-2025T17:04:22 - [TEST_STEP][PASSED] - i = b.indexOf("О ""): null

30-03-2025T17:04:22 - [TEST_STEP][PASSED] - if (i > -1): null

30-03-2025T17:04:22 - [TEST_STEP][PASSED] - i = b.indexOf("О «"): null

30-03-2025T17:04:22 - [TEST_STEP][PASSED] - if (i > -1): null

30-03-2025T17:04:22 - [TEST_STEP][PASSED] - i = b.indexOf("г. "): null

30-03-2025T17:04:22 - [TEST_STEP][PASSED] - if (i > -1): null

30-03-2025T17:04:22 - [TEST_STEP][PASSED] - b = b.trim(): null

30-03-2025T17:04:22 - [TEST_STEP][PASSED] - println(b): null

30-03-2025T17:04:22 - [TEST_STEP][FAILED] - for ([planFact = 1, planFact < 3, (planFact++)]): null

30-03-2025T17:04:22 - [TEST_STEP][PASSED] - if (planFact == 1): null

30-03-2025T17:04:22 - [TEST_STEP][PASSED] - typeOfDataMain = "Факт": null

30-03-2025T17:04:22 - [TEST_STEP][PASSED] - otpusk = findTestData("PlanFact").getValue(5, a): null

30-03-2025T17:04:22 - [TEST_STEP][PASSED] - poteri = findTestData("PlanFact").getValue(6, a): null

30-03-2025T17:04:22 - [TEST_STEP][PASSED] - otpusk = otpusk.replaceAll("\s+", ""): null

30-03-2025T17:04:22 - [TEST_STEP][PASSED] - poteri = poteri.replaceAll("\s+", ""): null

30-03-2025T17:04:22 - [TEST_STEP][PASSED] - typeOfData = typeOfDataMain + " Отпуск в сеть": null

30-03-2025T17:04:22 - [TEST_STEP][PASSED] - if (a == 82): null

30-03-2025T17:04:22 - [TEST_STEP][PASSED] - else if (a == 84): null

30-03-2025T17:04:22 - [TEST_STEP][PASSED] - else if (a == 83 || a == 52 || a == 72 || a == 28 || a == 73 || a == 77 || a == 74 || a == 65 || a == 36 || a == 44 || a == 53 || a == 80 || a == 54 || a == 1 || a == 18 || a == 59 || a == 81): null

30-03-2025T17:04:22 - [TEST_STEP][PASSED] - else: null

30-03-2025T17:04:22 - [TEST_STEP][PASSED] - path = dataFolder + typeOfData + " за отчётный период " + b: null

30-03-2025T17:04:22 - [TEST_STEP][PASSED] - println(path): null

30-03-2025T17:04:22 - [TEST_STEP][FAILED] - page = getText(findTestObject(path)): Unable to get text of object 'Object Repository/Выполнение бизнес-плана/Значения со страницы Выполнение бизнес-плана/Факт Отпуск в сеть за отчётный период Ульяновские РС' (Root cause: com.kms.katalon.core.exception.StepFailedException: Unable to get text of object 'Object Repository/Выполнение бизнес-плана/Значения со страницы Выполнение бизнес-плана/Факт Отпуск в сеть за отчётный период Ульяновские РС'
	at com.kms.katalon.core.webui.keyword.internal.WebUIKeywordMain.stepFailed(WebUIKeywordMain.groovy:64)
	at com.kms.katalon.core.webui.keyword.internal.WebUIKeywordMain.runKeyword(WebUIKeywordMain.groovy:26)
	at com.kms.katalon.core.webui.keyword.builtin.GetTextKeyword.getText(GetTextKeyword.groovy:88)
	at com.kms.katalon.core.webui.keyword.builtin.GetTextKeyword.execute(GetTextKeyword.groovy:67)
	at com.kms.katalon.core.keyword.internal.KeywordExecutor.executeKeywordForPlatform(KeywordExecutor.groovy:74)
	at com.kms.katalon.core.webui.keyword.WebUiBuiltInKeywords.getText(WebUiBuiltInKeywords.groovy:957)
	at Выполнение бизнес-плана Сверка ПАО Россети все филиалы.Numbers(Выполнение бизнес-плана Сверка ПАО Россети все филиалы:561)
	at Выполнение бизнес-плана Сверка ПАО Россети все филиалы.Filials(Выполнение бизнес-плана Сверка ПАО Россети все филиалы:993)
	at Выполнение бизнес-плана Сверка ПАО Россети все филиалы.Numbers(Выполнение бизнес-плана Сверка ПАО Россети все филиалы:751)
	at Выполнение бизнес-плана Сверка ПАО Россети все филиалы.run(Выполнение бизнес-плана Сверка ПАО Россети все филиалы:231)
	at com.kms.katalon.core.main.ScriptEngine.run(ScriptEngine.java:194)
	at com.kms.katalon.core.main.ScriptEngine.runScriptAsRawText(ScriptEngine.java:119)
	at com.kms.katalon.core.main.TestCaseExecutor.runScript(TestCaseExecutor.java:448)
	at com.kms.katalon.core.main.TestCaseExecutor.doExecute(TestCaseExecutor.java:439)
	at com.kms.katalon.core.main.TestCaseExecutor.processExecutionPhase(TestCaseExecutor.java:418)
	at com.kms.katalon.core.main.TestCaseExecutor.accessMainPhase(TestCaseExecutor.java:410)
	at com.kms.katalon.core.main.TestCaseExecutor.execute(TestCaseExecutor.java:285)
	at com.kms.katalon.core.common.CommonExecutor.accessTestCaseMainPhase(CommonExecutor.java:65)
	at com.kms.katalon.core.main.TestSuiteExecutor.accessTestSuiteMainPhase(TestSuiteExecutor.java:150)
	at com.kms.katalon.core.main.TestSuiteExecutor.execute(TestSuiteExecutor.java:106)
	at com.kms.katalon.core.main.TestCaseMain.startTestSuite(TestCaseMain.java:180)
	at TempTestSuite1743336560690.run(TempTestSuite1743336560690.groovy:35)
	at java.base/jdk.internal.reflect.NativeMethodAccessorImpl.invoke0(Native Method)
	at java.base/jdk.internal.reflect.NativeMethodAccessorImpl.invoke(NativeMethodAccessorImpl.java:77)
	at java.base/jdk.internal.reflect.DelegatingMethodAccessorImpl.invoke(DelegatingMethodAccessorImpl.java:43)
Caused by: com.kms.katalon.core.webui.exception.WebElementNotFoundException: Web element with id: 'Object Repository/Выполнение бизнес-плана/Значения со страницы Выполнение бизнес-плана/Факт Отпуск в сеть за отчётный период Ульяновские РС' located by '//tr/td[6]' not found
	at com.kms.katalon.core.webui.common.WebUiCommonHelper.findWebElement(WebUiCommonHelper.java:1426)
	at com.kms.katalon.core.webui.keyword.internal.WebUIAbstractKeyword.findWebElement(WebUIAbstractKeyword.groovy:27)
	at com.kms.katalon.core.webui.keyword.internal.WebUIAbstractKeyword.findWebElement(WebUIAbstractKeyword.groovy:26)
	at com.kms.katalon.core.webui.keyword.builtin.GetTextKeyword$_getText_closure1.doCall(GetTextKeyword.groovy:78)
	at com.kms.katalon.core.webui.keyword.builtin.GetTextKeyword$_getText_closure1.call(GetTextKeyword.groovy)
	at com.kms.katalon.core.webui.keyword.internal.WebUIKeywordMain.runKeyword(WebUIKeywordMain.groovy:20)
	at com.kms.katalon.core.webui.keyword.builtin.GetTextKeyword.getText(GetTextKeyword.groovy:88)
	at com.kms.katalon.core.webui.keyword.builtin.GetTextKeyword.execute(GetTextKeyword.groovy:67)
	at com.kms.katalon.core.keyword.internal.KeywordExecutor.executeKeywordForPlatform(KeywordExecutor.groovy:74)
	at com.kms.katalon.core.webui.keyword.WebUiBuiltInKeywords.getText(WebUiBuiltInKeywords.groovy:957)
	at Script1718980020443.Numbers(Script1718980020443.groovy:561)
	at Script1718980020443.Filials(Script1718980020443.groovy:993)
	at Script1718980020443.Numbers(Script1718980020443.groovy:751)
	at Script1718980020443.run(Script1718980020443.groovy:231)
	... 15 more
)

30-03-2025T17:04:53 - [MESSAGE][INFO] - Unable to find the element located by 'By.xpath: //tr/td[6]'. Please recheck the objects properties to make sure the desired element is located. 

30-03-2025T17:04:53 - [MESSAGE][FAILED] - Unable to get text of object 'Object Repository/Выполнение бизнес-плана/Значения со страницы Выполнение бизнес-плана/Факт Отпуск в сеть за отчётный период Ульяновские РС' (Root cause: com.kms.katalon.core.exception.StepFailedException: Unable to get text of object 'Object Repository/Выполнение бизнес-плана/Значения со страницы Выполнение бизнес-плана/Факт Отпуск в сеть за отчётный период Ульяновские РС'
	at com.kms.katalon.core.webui.keyword.internal.WebUIKeywordMain.stepFailed(WebUIKeywordMain.groovy:64)
	at com.kms.katalon.core.webui.keyword.internal.WebUIKeywordMain.runKeyword(WebUIKeywordMain.groovy:26)
	at com.kms.katalon.core.webui.keyword.builtin.GetTextKeyword.getText(GetTextKeyword.groovy:88)
	at com.kms.katalon.core.webui.keyword.builtin.GetTextKeyword.execute(GetTextKeyword.groovy:67)
	at com.kms.katalon.core.keyword.internal.KeywordExecutor.executeKeywordForPlatform(KeywordExecutor.groovy:74)
	at com.kms.katalon.core.webui.keyword.WebUiBuiltInKeywords.getText(WebUiBuiltInKeywords.groovy:957)
	at Выполнение бизнес-плана Сверка ПАО Россети все филиалы.Numbers(Выполнение бизнес-плана Сверка ПАО Россети все филиалы:561)
	at Выполнение бизнес-плана Сверка ПАО Россети все филиалы.Filials(Выполнение бизнес-плана Сверка ПАО Россети все филиалы:993)
	at Выполнение бизнес-плана Сверка ПАО Россети все филиалы.Numbers(Выполнение бизнес-плана Сверка ПАО Россети все филиалы:751)
	at Выполнение бизнес-плана Сверка ПАО Россети все филиалы.run(Выполнение бизнес-плана Сверка ПАО Россети все филиалы:231)
	at com.kms.katalon.core.main.ScriptEngine.run(ScriptEngine.java:194)
	at com.kms.katalon.core.main.ScriptEngine.runScriptAsRawText(ScriptEngine.java:119)
	at com.kms.katalon.core.main.TestCaseExecutor.runScript(TestCaseExecutor.java:448)
	at com.kms.katalon.core.main.TestCaseExecutor.doExecute(TestCaseExecutor.java:439)
	at com.kms.katalon.core.main.TestCaseExecutor.processExecutionPhase(TestCaseExecutor.java:418)
	at com.kms.katalon.core.main.TestCaseExecutor.accessMainPhase(TestCaseExecutor.java:410)
	at com.kms.katalon.core.main.TestCaseExecutor.execute(TestCaseExecutor.java:285)
	at com.kms.katalon.core.common.CommonExecutor.accessTestCaseMainPhase(CommonExecutor.java:65)
	at com.kms.katalon.core.main.TestSuiteExecutor.accessTestSuiteMainPhase(TestSuiteExecutor.java:150)
	at com.kms.katalon.core.main.TestSuiteExecutor.execute(TestSuiteExecutor.java:106)
	at com.kms.katalon.core.main.TestCaseMain.startTestSuite(TestCaseMain.java:180)
	at TempTestSuite1743336560690.run(TempTestSuite1743336560690.groovy:35)
	at java.base/jdk.internal.reflect.NativeMethodAccessorImpl.invoke0(Native Method)
	at java.base/jdk.internal.reflect.NativeMethodAccessorImpl.invoke(NativeMethodAccessorImpl.java:77)
	at java.base/jdk.internal.reflect.DelegatingMethodAccessorImpl.invoke(DelegatingMethodAccessorImpl.java:43)
Caused by: com.kms.katalon.core.webui.exception.WebElementNotFoundException: Web element with id: 'Object Repository/Выполнение бизнес-плана/Значения со страницы Выполнение бизнес-плана/Факт Отпуск в сеть за отчётный период Ульяновские РС' located by '//tr/td[6]' not found
	at com.kms.katalon.core.webui.common.WebUiCommonHelper.findWebElement(WebUiCommonHelper.java:1426)
	at com.kms.katalon.core.webui.keyword.internal.WebUIAbstractKeyword.findWebElement(WebUIAbstractKeyword.groovy:27)
	at com.kms.katalon.core.webui.keyword.internal.WebUIAbstractKeyword.findWebElement(WebUIAbstractKeyword.groovy:26)
	at com.kms.katalon.core.webui.keyword.builtin.GetTextKeyword$_getText_closure1.doCall(GetTextKeyword.groovy:78)
	at com.kms.katalon.core.webui.keyword.builtin.GetTextKeyword$_getText_closure1.call(GetTextKeyword.groovy)
	at com.kms.katalon.core.webui.keyword.internal.WebUIKeywordMain.runKeyword(WebUIKeywordMain.groovy:20)
	at com.kms.katalon.core.webui.keyword.builtin.GetTextKeyword.getText(GetTextKeyword.groovy:88)
	at com.kms.katalon.core.webui.keyword.builtin.GetTextKeyword.execute(GetTextKeyword.groovy:67)
	at com.kms.katalon.core.keyword.internal.KeywordExecutor.executeKeywordForPlatform(KeywordExecutor.groovy:74)
	at com.kms.katalon.core.webui.keyword.WebUiBuiltInKeywords.getText(WebUiBuiltInKeywords.groovy:957)
	at Script1718980020443.Numbers(Script1718980020443.groovy:561)
	at Script1718980020443.Filials(Script1718980020443.groovy:993)
	at Script1718980020443.Numbers(Script1718980020443.groovy:751)
	at Script1718980020443.run(Script1718980020443.groovy:231)
	... 15 more
)
[[ATTACHMENT|C:\\Users\\LIAZGINA-DI\\git\\SPORU\\Reports\\20250330_150919\\\u041F\u043D-\u0421\u0440-\u041F\u0442\\\u0421\u0432\u0435\u0440\u043A\u0430 \u0434\u0430\u0448\u0431\u043E\u0440\u0434\u043E\u0432 \u0438\u0437 \u0440\u0430\u0437\u043D\u044B\u0445 \u0431\u043B\u043E\u043A\u043E\u0432\\20250330_150920\\1743343493454.png]]

30-03-2025T17:04:53 - [TEST_STEP][PASSED] - if (page == "" || page == null): null

30-03-2025T17:04:53 - [TEST_STEP][PASSED] - fileInt = otpusk.toInteger(): null

30-03-2025T17:04:53 - [TEST_STEP][PASSED] - Script1718980020443.WriteToExcelNoData(a, typeOfData, todaysDate, fileInt, fileDouble, dZO): null

30-03-2025T17:04:53 - [TEST_STEP][PASSED] - sheetName = "Sheet1": null

30-03-2025T17:04:53 - [TEST_STEP][PASSED] - data = findTestData("PlanFact"): null

30-03-2025T17:04:53 - [TEST_STEP][PASSED] - n = data.getRowNumbers() + 1: null

30-03-2025T17:04:53 - [TEST_STEP][PASSED] - day = ")).toInteger(): null

30-03-2025T17:04:53 - [TEST_STEP][PASSED] - println(day): null

30-03-2025T17:04:53 - [TEST_STEP][PASSED] - month = ")).toInteger(): null

30-03-2025T17:04:53 - [TEST_STEP][PASSED] - println(month): null

30-03-2025T17:04:53 - [TEST_STEP][PASSED] - y = <not implemented yet for class: org.codehaus.groovy.ast.expr.EmptyExpression>: null

30-03-2025T17:04:53 - [TEST_STEP][PASSED] - iy = <not implemented yet for class: org.codehaus.groovy.ast.expr.EmptyExpression>: null

30-03-2025T17:04:53 - [TEST_STEP][PASSED] - m = getText(findTestObject("Выполнение бизнес-плана/Период")): Text of object 'Object Repository/Выполнение бизнес-плана/Период' is: 'Январь 2025 года'

30-03-2025T17:04:53 - [MESSAGE][PASSED] - Text of object 'Object Repository/Выполнение бизнес-плана/Период' is: 'Январь 2025 года'

30-03-2025T17:04:53 - [TEST_STEP][PASSED] - iy = m.indexOf("20"): null

30-03-2025T17:04:53 - [TEST_STEP][PASSED] - if (iy > -1): null

30-03-2025T17:04:53 - [TEST_STEP][PASSED] - y = substring(iy, iy + 4).toInteger(): null

30-03-2025T17:04:53 - [TEST_STEP][PASSED] - println(y): null

30-03-2025T17:04:53 - [TEST_STEP][PASSED] - if (toString().length() == 4): null

30-03-2025T17:04:53 - [TEST_STEP][PASSED] - m = m.substring(0, m.indexOf(y.toString())): null

30-03-2025T17:04:53 - [TEST_STEP][PASSED] - m = m.trim(): null

30-03-2025T17:04:53 - [TEST_STEP][PASSED] - if (m == ""): null

30-03-2025T17:04:53 - [TEST_STEP][PASSED] - dashboardName = "Выполнение бизнес-плана": null

30-03-2025T17:04:53 - [TEST_STEP][PASSED] - workbook01 = getWorkbook(excelFilePath): null

30-03-2025T17:04:53 - [TEST_STEP][PASSED] - sheet01 = getExcelSheet(workbook01, sheetName): null

30-03-2025T17:04:53 - [TEST_STEP][PASSED] - setValueToCellByIndex(sheet01, n, 0, dashboardName): null

30-03-2025T17:04:53 - [TEST_STEP][PASSED] - setValueToCellByIndex(sheet01, n, 1, dZO): null

30-03-2025T17:04:53 - [TEST_STEP][PASSED] - setValueToCellByIndex(sheet01, n, 2, typeOfData): null

30-03-2025T17:04:53 - [TEST_STEP][PASSED] - if (typeOfData == "Факт в процентах" || typeOfData == "План в процентах"): null

30-03-2025T17:04:53 - [TEST_STEP][PASSED] - else: null

30-03-2025T17:04:53 - [TEST_STEP][PASSED] - setValueToCellByIndex(sheet01, n, 3, fileInt): null

30-03-2025T17:04:53 - [TEST_STEP][PASSED] - setValueToCellByIndex(sheet01, n, 4, "нет данных"): null

30-03-2025T17:04:53 - [TEST_STEP][PASSED] - setValueToCellByIndex(sheet01, n, 5, m): null

30-03-2025T17:04:53 - [TEST_STEP][PASSED] - setValueToCellByIndex(sheet01, n, 6, y): null

30-03-2025T17:04:53 - [TEST_STEP][PASSED] - setValueToCellByIndex(sheet01, n, 7, todaysDate): null

30-03-2025T17:04:53 - [TEST_STEP][PASSED] - n = n + 1: null

30-03-2025T17:04:53 - [TEST_STEP][FAILED] - saveWorkbook(excelFilePath, workbook01): null

30-03-2025T17:04:54 - [TEST_STEP][PASSED] - typeOfData = typeOfDataMain + " Потери": null

30-03-2025T17:04:54 - [TEST_STEP][PASSED] - if (a == 82): null

30-03-2025T17:04:54 - [TEST_STEP][PASSED] - else if (a == 84): null

30-03-2025T17:04:54 - [TEST_STEP][PASSED] - else if (a == 83 || a == 52 || a == 72 || a == 28 || a == 73 || a == 77 || a == 74 || a == 65 || a == 44 || a == 53 || a == 80 || a == 54 || a == 1 || a == 18 || a == 59 || a == 81): null

30-03-2025T17:04:54 - [TEST_STEP][PASSED] - else: null

30-03-2025T17:04:54 - [TEST_STEP][PASSED] - path = dataFolder + typeOfData + " за отчётный период " + b: null

30-03-2025T17:04:54 - [TEST_STEP][FAILED] - page = getText(findTestObject(path)): Unable to get text of object 'Object Repository/Выполнение бизнес-плана/Значения со страницы Выполнение бизнес-плана/Факт Потери за отчётный период Ульяновские РС' (Root cause: com.kms.katalon.core.exception.StepFailedException: Unable to get text of object 'Object Repository/Выполнение бизнес-плана/Значения со страницы Выполнение бизнес-плана/Факт Потери за отчётный период Ульяновские РС'
	at com.kms.katalon.core.webui.keyword.internal.WebUIKeywordMain.stepFailed(WebUIKeywordMain.groovy:64)
	at com.kms.katalon.core.webui.keyword.internal.WebUIKeywordMain.runKeyword(WebUIKeywordMain.groovy:26)
	at com.kms.katalon.core.webui.keyword.builtin.GetTextKeyword.getText(GetTextKeyword.groovy:88)
	at com.kms.katalon.core.webui.keyword.builtin.GetTextKeyword.execute(GetTextKeyword.groovy:67)
	at com.kms.katalon.core.keyword.internal.KeywordExecutor.executeKeywordForPlatform(KeywordExecutor.groovy:74)
	at com.kms.katalon.core.webui.keyword.WebUiBuiltInKeywords.getText(WebUiBuiltInKeywords.groovy:957)
	at Выполнение бизнес-плана Сверка ПАО Россети все филиалы.Numbers(Выполнение бизнес-плана Сверка ПАО Россети все филиалы:594)
	at Выполнение бизнес-плана Сверка ПАО Россети все филиалы.Filials(Выполнение бизнес-плана Сверка ПАО Россети все филиалы:993)
	at Выполнение бизнес-плана Сверка ПАО Россети все филиалы.Numbers(Выполнение бизнес-плана Сверка ПАО Россети все филиалы:751)
	at Выполнение бизнес-плана Сверка ПАО Россети все филиалы.run(Выполнение бизнес-плана Сверка ПАО Россети все филиалы:231)
	at com.kms.katalon.core.main.ScriptEngine.run(ScriptEngine.java:194)
	at com.kms.katalon.core.main.ScriptEngine.runScriptAsRawText(ScriptEngine.java:119)
	at com.kms.katalon.core.main.TestCaseExecutor.runScript(TestCaseExecutor.java:448)
	at com.kms.katalon.core.main.TestCaseExecutor.doExecute(TestCaseExecutor.java:439)
	at com.kms.katalon.core.main.TestCaseExecutor.processExecutionPhase(TestCaseExecutor.java:418)
	at com.kms.katalon.core.main.TestCaseExecutor.accessMainPhase(TestCaseExecutor.java:410)
	at com.kms.katalon.core.main.TestCaseExecutor.execute(TestCaseExecutor.java:285)
	at com.kms.katalon.core.common.CommonExecutor.accessTestCaseMainPhase(CommonExecutor.java:65)
	at com.kms.katalon.core.main.TestSuiteExecutor.accessTestSuiteMainPhase(TestSuiteExecutor.java:150)
	at com.kms.katalon.core.main.TestSuiteExecutor.execute(TestSuiteExecutor.java:106)
	at com.kms.katalon.core.main.TestCaseMain.startTestSuite(TestCaseMain.java:180)
	at TempTestSuite1743336560690.run(TempTestSuite1743336560690.groovy:35)
	at java.base/jdk.internal.reflect.NativeMethodAccessorImpl.invoke0(Native Method)
	at java.base/jdk.internal.reflect.NativeMethodAccessorImpl.invoke(NativeMethodAccessorImpl.java:77)
	at java.base/jdk.internal.reflect.DelegatingMethodAccessorImpl.invoke(DelegatingMethodAccessorImpl.java:43)
Caused by: com.kms.katalon.core.webui.exception.WebElementNotFoundException: Web element with id: 'Object Repository/Выполнение бизнес-плана/Значения со страницы Выполнение бизнес-плана/Факт Потери за отчётный период Ульяновские РС' located by '//tr[3]/td[6]' not found
	at com.kms.katalon.core.webui.common.WebUiCommonHelper.findWebElement(WebUiCommonHelper.java:1426)
	at com.kms.katalon.core.webui.keyword.internal.WebUIAbstractKeyword.findWebElement(WebUIAbstractKeyword.groovy:27)
	at com.kms.katalon.core.webui.keyword.internal.WebUIAbstractKeyword.findWebElement(WebUIAbstractKeyword.groovy:26)
	at com.kms.katalon.core.webui.keyword.builtin.GetTextKeyword$_getText_closure1.doCall(GetTextKeyword.groovy:78)
	at com.kms.katalon.core.webui.keyword.builtin.GetTextKeyword$_getText_closure1.call(GetTextKeyword.groovy)
	at com.kms.katalon.core.webui.keyword.internal.WebUIKeywordMain.runKeyword(WebUIKeywordMain.groovy:20)
	at com.kms.katalon.core.webui.keyword.builtin.GetTextKeyword.getText(GetTextKeyword.groovy:88)
	at com.kms.katalon.core.webui.keyword.builtin.GetTextKeyword.execute(GetTextKeyword.groovy:67)
	at com.kms.katalon.core.keyword.internal.KeywordExecutor.executeKeywordForPlatform(KeywordExecutor.groovy:74)
	at com.kms.katalon.core.webui.keyword.WebUiBuiltInKeywords.getText(WebUiBuiltInKeywords.groovy:957)
	at Script1718980020443.Numbers(Script1718980020443.groovy:594)
	at Script1718980020443.Filials(Script1718980020443.groovy:993)
	at Script1718980020443.Numbers(Script1718980020443.groovy:751)
	at Script1718980020443.run(Script1718980020443.groovy:231)
	... 15 more
)

30-03-2025T17:05:25 - [MESSAGE][INFO] - Unable to find the element located by 'By.xpath: //tr[3]/td[6]'. Please recheck the objects properties to make sure the desired element is located. 

30-03-2025T17:05:25 - [MESSAGE][FAILED] - Unable to get text of object 'Object Repository/Выполнение бизнес-плана/Значения со страницы Выполнение бизнес-плана/Факт Потери за отчётный период Ульяновские РС' (Root cause: com.kms.katalon.core.exception.StepFailedException: Unable to get text of object 'Object Repository/Выполнение бизнес-плана/Значения со страницы Выполнение бизнес-плана/Факт Потери за отчётный период Ульяновские РС'
	at com.kms.katalon.core.webui.keyword.internal.WebUIKeywordMain.stepFailed(WebUIKeywordMain.groovy:64)
	at com.kms.katalon.core.webui.keyword.internal.WebUIKeywordMain.runKeyword(WebUIKeywordMain.groovy:26)
	at com.kms.katalon.core.webui.keyword.builtin.GetTextKeyword.getText(GetTextKeyword.groovy:88)
	at com.kms.katalon.core.webui.keyword.builtin.GetTextKeyword.execute(GetTextKeyword.groovy:67)
	at com.kms.katalon.core.keyword.internal.KeywordExecutor.executeKeywordForPlatform(KeywordExecutor.groovy:74)
	at com.kms.katalon.core.webui.keyword.WebUiBuiltInKeywords.getText(WebUiBuiltInKeywords.groovy:957)
	at Выполнение бизнес-плана Сверка ПАО Россети все филиалы.Numbers(Выполнение бизнес-плана Сверка ПАО Россети все филиалы:594)
	at Выполнение бизнес-плана Сверка ПАО Россети все филиалы.Filials(Выполнение бизнес-плана Сверка ПАО Россети все филиалы:993)
	at Выполнение бизнес-плана Сверка ПАО Россети все филиалы.Numbers(Выполнение бизнес-плана Сверка ПАО Россети все филиалы:751)
	at Выполнение бизнес-плана Сверка ПАО Россети все филиалы.run(Выполнение бизнес-плана Сверка ПАО Россети все филиалы:231)
	at com.kms.katalon.core.main.ScriptEngine.run(ScriptEngine.java:194)
	at com.kms.katalon.core.main.ScriptEngine.runScriptAsRawText(ScriptEngine.java:119)
	at com.kms.katalon.core.main.TestCaseExecutor.runScript(TestCaseExecutor.java:448)
	at com.kms.katalon.core.main.TestCaseExecutor.doExecute(TestCaseExecutor.java:439)
	at com.kms.katalon.core.main.TestCaseExecutor.processExecutionPhase(TestCaseExecutor.java:418)
	at com.kms.katalon.core.main.TestCaseExecutor.accessMainPhase(TestCaseExecutor.java:410)
	at com.kms.katalon.core.main.TestCaseExecutor.execute(TestCaseExecutor.java:285)
	at com.kms.katalon.core.common.CommonExecutor.accessTestCaseMainPhase(CommonExecutor.java:65)
	at com.kms.katalon.core.main.TestSuiteExecutor.accessTestSuiteMainPhase(TestSuiteExecutor.java:150)
	at com.kms.katalon.core.main.TestSuiteExecutor.execute(TestSuiteExecutor.java:106)
	at com.kms.katalon.core.main.TestCaseMain.startTestSuite(TestCaseMain.java:180)
	at TempTestSuite1743336560690.run(TempTestSuite1743336560690.groovy:35)
	at java.base/jdk.internal.reflect.NativeMethodAccessorImpl.invoke0(Native Method)
	at java.base/jdk.internal.reflect.NativeMethodAccessorImpl.invoke(NativeMethodAccessorImpl.java:77)
	at java.base/jdk.internal.reflect.DelegatingMethodAccessorImpl.invoke(DelegatingMethodAccessorImpl.java:43)
Caused by: com.kms.katalon.core.webui.exception.WebElementNotFoundException: Web element with id: 'Object Repository/Выполнение бизнес-плана/Значения со страницы Выполнение бизнес-плана/Факт Потери за отчётный период Ульяновские РС' located by '//tr[3]/td[6]' not found
	at com.kms.katalon.core.webui.common.WebUiCommonHelper.findWebElement(WebUiCommonHelper.java:1426)
	at com.kms.katalon.core.webui.keyword.internal.WebUIAbstractKeyword.findWebElement(WebUIAbstractKeyword.groovy:27)
	at com.kms.katalon.core.webui.keyword.internal.WebUIAbstractKeyword.findWebElement(WebUIAbstractKeyword.groovy:26)
	at com.kms.katalon.core.webui.keyword.builtin.GetTextKeyword$_getText_closure1.doCall(GetTextKeyword.groovy:78)
	at com.kms.katalon.core.webui.keyword.builtin.GetTextKeyword$_getText_closure1.call(GetTextKeyword.groovy)
	at com.kms.katalon.core.webui.keyword.internal.WebUIKeywordMain.runKeyword(WebUIKeywordMain.groovy:20)
	at com.kms.katalon.core.webui.keyword.builtin.GetTextKeyword.getText(GetTextKeyword.groovy:88)
	at com.kms.katalon.core.webui.keyword.builtin.GetTextKeyword.execute(GetTextKeyword.groovy:67)
	at com.kms.katalon.core.keyword.internal.KeywordExecutor.executeKeywordForPlatform(KeywordExecutor.groovy:74)
	at com.kms.katalon.core.webui.keyword.WebUiBuiltInKeywords.getText(WebUiBuiltInKeywords.groovy:957)
	at Script1718980020443.Numbers(Script1718980020443.groovy:594)
	at Script1718980020443.Filials(Script1718980020443.groovy:993)
	at Script1718980020443.Numbers(Script1718980020443.groovy:751)
	at Script1718980020443.run(Script1718980020443.groovy:231)
	... 15 more
)
[[ATTACHMENT|C:\\Users\\LIAZGINA-DI\\git\\SPORU\\Reports\\20250330_150919\\\u041F\u043D-\u0421\u0440-\u041F\u0442\\\u0421\u0432\u0435\u0440\u043A\u0430 \u0434\u0430\u0448\u0431\u043E\u0440\u0434\u043E\u0432 \u0438\u0437 \u0440\u0430\u0437\u043D\u044B\u0445 \u0431\u043B\u043E\u043A\u043E\u0432\\20250330_150920\\1743343525315.png]]

30-03-2025T17:05:25 - [TEST_STEP][PASSED] - if (page == "" || page == null): null

30-03-2025T17:05:25 - [TEST_STEP][PASSED] - fileInt = poteri.toInteger(): null

30-03-2025T17:05:25 - [TEST_STEP][PASSED] - Script1718980020443.WriteToExcelNoData(a, typeOfData, todaysDate, fileInt, fileDouble, dZO): null

30-03-2025T17:05:25 - [TEST_STEP][PASSED] - sheetName = "Sheet1": null

30-03-2025T17:05:25 - [TEST_STEP][PASSED] - data = findTestData("PlanFact"): null

30-03-2025T17:05:25 - [TEST_STEP][PASSED] - n = data.getRowNumbers() + 1: null

30-03-2025T17:05:25 - [TEST_STEP][PASSED] - day = ")).toInteger(): null

30-03-2025T17:05:25 - [TEST_STEP][PASSED] - println(day): null

30-03-2025T17:05:25 - [TEST_STEP][PASSED] - month = ")).toInteger(): null

30-03-2025T17:05:25 - [TEST_STEP][PASSED] - println(month): null

30-03-2025T17:05:25 - [TEST_STEP][PASSED] - y = <not implemented yet for class: org.codehaus.groovy.ast.expr.EmptyExpression>: null

30-03-2025T17:05:25 - [TEST_STEP][PASSED] - iy = <not implemented yet for class: org.codehaus.groovy.ast.expr.EmptyExpression>: null

30-03-2025T17:05:25 - [TEST_STEP][PASSED] - m = getText(findTestObject("Выполнение бизнес-плана/Период")): Text of object 'Object Repository/Выполнение бизнес-плана/Период' is: 'Январь 2025 года'

30-03-2025T17:05:25 - [MESSAGE][PASSED] - Text of object 'Object Repository/Выполнение бизнес-плана/Период' is: 'Январь 2025 года'

30-03-2025T17:05:25 - [TEST_STEP][PASSED] - iy = m.indexOf("20"): null

30-03-2025T17:05:25 - [TEST_STEP][PASSED] - if (iy > -1): null

30-03-2025T17:05:25 - [TEST_STEP][PASSED] - y = substring(iy, iy + 4).toInteger(): null

30-03-2025T17:05:25 - [TEST_STEP][PASSED] - println(y): null

30-03-2025T17:05:25 - [TEST_STEP][PASSED] - if (toString().length() == 4): null

30-03-2025T17:05:25 - [TEST_STEP][PASSED] - m = m.substring(0, m.indexOf(y.toString())): null

30-03-2025T17:05:25 - [TEST_STEP][PASSED] - m = m.trim(): null

30-03-2025T17:05:25 - [TEST_STEP][PASSED] - if (m == ""): null

30-03-2025T17:05:25 - [TEST_STEP][PASSED] - dashboardName = "Выполнение бизнес-плана": null

30-03-2025T17:05:25 - [TEST_STEP][PASSED] - workbook01 = getWorkbook(excelFilePath): null

30-03-2025T17:05:25 - [TEST_STEP][PASSED] - sheet01 = getExcelSheet(workbook01, sheetName): null

30-03-2025T17:05:25 - [TEST_STEP][PASSED] - setValueToCellByIndex(sheet01, n, 0, dashboardName): null

30-03-2025T17:05:25 - [TEST_STEP][PASSED] - setValueToCellByIndex(sheet01, n, 1, dZO): null

30-03-2025T17:05:25 - [TEST_STEP][PASSED] - setValueToCellByIndex(sheet01, n, 2, typeOfData): null

30-03-2025T17:05:25 - [TEST_STEP][PASSED] - if (typeOfData == "Факт в процентах" || typeOfData == "План в процентах"): null

30-03-2025T17:05:25 - [TEST_STEP][PASSED] - else: null

30-03-2025T17:05:25 - [TEST_STEP][PASSED] - setValueToCellByIndex(sheet01, n, 3, fileInt): null

30-03-2025T17:05:25 - [TEST_STEP][PASSED] - setValueToCellByIndex(sheet01, n, 4, "нет данных"): null

30-03-2025T17:05:25 - [TEST_STEP][PASSED] - setValueToCellByIndex(sheet01, n, 5, m): null

30-03-2025T17:05:25 - [TEST_STEP][PASSED] - setValueToCellByIndex(sheet01, n, 6, y): null

30-03-2025T17:05:25 - [TEST_STEP][PASSED] - setValueToCellByIndex(sheet01, n, 7, todaysDate): null

30-03-2025T17:05:25 - [TEST_STEP][PASSED] - n = n + 1: null

30-03-2025T17:05:25 - [TEST_STEP][FAILED] - saveWorkbook(excelFilePath, workbook01): null

30-03-2025T17:05:26 - [TEST_STEP][PASSED] - compare = pageOtpuskVSet: null

30-03-2025T17:05:26 - [TEST_STEP][PASSED] - if (pageOtpuskVSet != null): null

30-03-2025T17:05:26 - [TEST_STEP][PASSED] - if (compare == fileOtpuskVSet): null

30-03-2025T17:05:26 - [TEST_STEP][PASSED] - if (compare == fileOtpuskVSet): null

30-03-2025T17:05:26 - [TEST_STEP][PASSED] - compare = pagePoteri: null

30-03-2025T17:05:26 - [TEST_STEP][PASSED] - if (pageOtpuskVSet != null): null

30-03-2025T17:05:26 - [TEST_STEP][PASSED] - if (compare == filePoteri): null

30-03-2025T17:05:26 - [TEST_STEP][PASSED] - if (compare == filePoteri): null

30-03-2025T17:05:26 - [TEST_STEP][PASSED] - if (planFact == 2): null

30-03-2025T17:05:26 - [TEST_STEP][PASSED] - if (planFact == 1): null

30-03-2025T17:05:26 - [TEST_STEP][PASSED] - else if (planFact == 2): null

30-03-2025T17:05:26 - [TEST_STEP][PASSED] - click(findTestObject("Выполнение бизнес-плана/Кнопка План")): Object: 'Object Repository/Выполнение бизнес-плана/Кнопка План' is clicked on

30-03-2025T17:05:26 - [MESSAGE][PASSED] - Object: 'Object Repository/Выполнение бизнес-плана/Кнопка План' is clicked on

30-03-2025T17:05:26 - [TEST_STEP][PASSED] - typeOfDataMain = "План": null

30-03-2025T17:05:26 - [TEST_STEP][PASSED] - otpusk = findTestData("PlanFact").getValue(2, a): null

30-03-2025T17:05:26 - [TEST_STEP][PASSED] - poteri = findTestData("PlanFact").getValue(3, a): null

30-03-2025T17:05:26 - [TEST_STEP][PASSED] - otpusk = otpusk.replaceAll("\s+", ""): null

30-03-2025T17:05:26 - [TEST_STEP][PASSED] - poteri = poteri.replaceAll("\s+", ""): null

30-03-2025T17:05:26 - [TEST_STEP][PASSED] - typeOfData = typeOfDataMain + " Отпуск в сеть": null

30-03-2025T17:05:26 - [TEST_STEP][PASSED] - if (a == 82): null

30-03-2025T17:05:26 - [TEST_STEP][PASSED] - else if (a == 84): null

30-03-2025T17:05:26 - [TEST_STEP][PASSED] - else if (a == 83 || a == 52 || a == 72 || a == 28 || a == 73 || a == 77 || a == 74 || a == 65 || a == 36 || a == 44 || a == 53 || a == 80 || a == 54 || a == 1 || a == 18 || a == 59 || a == 81): null

30-03-2025T17:05:26 - [TEST_STEP][PASSED] - else: null

30-03-2025T17:05:26 - [TEST_STEP][PASSED] - path = dataFolder + typeOfData + " за отчётный период " + b: null

30-03-2025T17:05:26 - [TEST_STEP][PASSED] - println(path): null

30-03-2025T17:05:26 - [TEST_STEP][FAILED] - page = getText(findTestObject(path)): Unable to get text of object 'Object Repository/Выполнение бизнес-плана/Значения со страницы Выполнение бизнес-плана/План Отпуск в сеть за отчётный период Ульяновские РС' (Root cause: com.kms.katalon.core.exception.StepFailedException: Unable to get text of object 'Object Repository/Выполнение бизнес-плана/Значения со страницы Выполнение бизнес-плана/План Отпуск в сеть за отчётный период Ульяновские РС'
	at com.kms.katalon.core.webui.keyword.internal.WebUIKeywordMain.stepFailed(WebUIKeywordMain.groovy:64)
	at com.kms.katalon.core.webui.keyword.internal.WebUIKeywordMain.runKeyword(WebUIKeywordMain.groovy:26)
	at com.kms.katalon.core.webui.keyword.builtin.GetTextKeyword.getText(GetTextKeyword.groovy:88)
	at com.kms.katalon.core.webui.keyword.builtin.GetTextKeyword.execute(GetTextKeyword.groovy:67)
	at com.kms.katalon.core.keyword.internal.KeywordExecutor.executeKeywordForPlatform(KeywordExecutor.groovy:74)
	at com.kms.katalon.core.webui.keyword.WebUiBuiltInKeywords.getText(WebUiBuiltInKeywords.groovy:957)
	at Выполнение бизнес-плана Сверка ПАО Россети все филиалы.Numbers(Выполнение бизнес-плана Сверка ПАО Россети все филиалы:561)
	at Выполнение бизнес-плана Сверка ПАО Россети все филиалы.Filials(Выполнение бизнес-плана Сверка ПАО Россети все филиалы:993)
	at Выполнение бизнес-плана Сверка ПАО Россети все филиалы.Numbers(Выполнение бизнес-плана Сверка ПАО Россети все филиалы:751)
	at Выполнение бизнес-плана Сверка ПАО Россети все филиалы.run(Выполнение бизнес-плана Сверка ПАО Россети все филиалы:231)
	at com.kms.katalon.core.main.ScriptEngine.run(ScriptEngine.java:194)
	at com.kms.katalon.core.main.ScriptEngine.runScriptAsRawText(ScriptEngine.java:119)
	at com.kms.katalon.core.main.TestCaseExecutor.runScript(TestCaseExecutor.java:448)
	at com.kms.katalon.core.main.TestCaseExecutor.doExecute(TestCaseExecutor.java:439)
	at com.kms.katalon.core.main.TestCaseExecutor.processExecutionPhase(TestCaseExecutor.java:418)
	at com.kms.katalon.core.main.TestCaseExecutor.accessMainPhase(TestCaseExecutor.java:410)
	at com.kms.katalon.core.main.TestCaseExecutor.execute(TestCaseExecutor.java:285)
	at com.kms.katalon.core.common.CommonExecutor.accessTestCaseMainPhase(CommonExecutor.java:65)
	at com.kms.katalon.core.main.TestSuiteExecutor.accessTestSuiteMainPhase(TestSuiteExecutor.java:150)
	at com.kms.katalon.core.main.TestSuiteExecutor.execute(TestSuiteExecutor.java:106)
	at com.kms.katalon.core.main.TestCaseMain.startTestSuite(TestCaseMain.java:180)
	at TempTestSuite1743336560690.run(TempTestSuite1743336560690.groovy:35)
	at java.base/jdk.internal.reflect.NativeMethodAccessorImpl.invoke0(Native Method)
	at java.base/jdk.internal.reflect.NativeMethodAccessorImpl.invoke(NativeMethodAccessorImpl.java:77)
	at java.base/jdk.internal.reflect.DelegatingMethodAccessorImpl.invoke(DelegatingMethodAccessorImpl.java:43)
Caused by: com.kms.katalon.core.webui.exception.WebElementNotFoundException: Web element with id: 'Object Repository/Выполнение бизнес-плана/Значения со страницы Выполнение бизнес-плана/План Отпуск в сеть за отчётный период Ульяновские РС' located by '//div[138]/div[2]/div/div/table/tbody/tr/td[6]' not found
	at com.kms.katalon.core.webui.common.WebUiCommonHelper.findWebElement(WebUiCommonHelper.java:1426)
	at com.kms.katalon.core.webui.keyword.internal.WebUIAbstractKeyword.findWebElement(WebUIAbstractKeyword.groovy:27)
	at com.kms.katalon.core.webui.keyword.internal.WebUIAbstractKeyword.findWebElement(WebUIAbstractKeyword.groovy:26)
	at com.kms.katalon.core.webui.keyword.builtin.GetTextKeyword$_getText_closure1.doCall(GetTextKeyword.groovy:78)
	at com.kms.katalon.core.webui.keyword.builtin.GetTextKeyword$_getText_closure1.call(GetTextKeyword.groovy)
	at com.kms.katalon.core.webui.keyword.internal.WebUIKeywordMain.runKeyword(WebUIKeywordMain.groovy:20)
	at com.kms.katalon.core.webui.keyword.builtin.GetTextKeyword.getText(GetTextKeyword.groovy:88)
	at com.kms.katalon.core.webui.keyword.builtin.GetTextKeyword.execute(GetTextKeyword.groovy:67)
	at com.kms.katalon.core.keyword.internal.KeywordExecutor.executeKeywordForPlatform(KeywordExecutor.groovy:74)
	at com.kms.katalon.core.webui.keyword.WebUiBuiltInKeywords.getText(WebUiBuiltInKeywords.groovy:957)
	at Script1718980020443.Numbers(Script1718980020443.groovy:561)
	at Script1718980020443.Filials(Script1718980020443.groovy:993)
	at Script1718980020443.Numbers(Script1718980020443.groovy:751)
	at Script1718980020443.run(Script1718980020443.groovy:231)
	... 15 more
)

30-03-2025T17:05:57 - [MESSAGE][INFO] - Unable to find the element located by 'By.xpath: //div[138]/div[2]/div/div/table/tbody/tr/td[6]'. Please recheck the objects properties to make sure the desired element is located. 

30-03-2025T17:05:57 - [MESSAGE][FAILED] - Unable to get text of object 'Object Repository/Выполнение бизнес-плана/Значения со страницы Выполнение бизнес-плана/План Отпуск в сеть за отчётный период Ульяновские РС' (Root cause: com.kms.katalon.core.exception.StepFailedException: Unable to get text of object 'Object Repository/Выполнение бизнес-плана/Значения со страницы Выполнение бизнес-плана/План Отпуск в сеть за отчётный период Ульяновские РС'
	at com.kms.katalon.core.webui.keyword.internal.WebUIKeywordMain.stepFailed(WebUIKeywordMain.groovy:64)
	at com.kms.katalon.core.webui.keyword.internal.WebUIKeywordMain.runKeyword(WebUIKeywordMain.groovy:26)
	at com.kms.katalon.core.webui.keyword.builtin.GetTextKeyword.getText(GetTextKeyword.groovy:88)
	at com.kms.katalon.core.webui.keyword.builtin.GetTextKeyword.execute(GetTextKeyword.groovy:67)
	at com.kms.katalon.core.keyword.internal.KeywordExecutor.executeKeywordForPlatform(KeywordExecutor.groovy:74)
	at com.kms.katalon.core.webui.keyword.WebUiBuiltInKeywords.getText(WebUiBuiltInKeywords.groovy:957)
	at Выполнение бизнес-плана Сверка ПАО Россети все филиалы.Numbers(Выполнение бизнес-плана Сверка ПАО Россети все филиалы:561)
	at Выполнение бизнес-плана Сверка ПАО Россети все филиалы.Filials(Выполнение бизнес-плана Сверка ПАО Россети все филиалы:993)
	at Выполнение бизнес-плана Сверка ПАО Россети все филиалы.Numbers(Выполнение бизнес-плана Сверка ПАО Россети все филиалы:751)
	at Выполнение бизнес-плана Сверка ПАО Россети все филиалы.run(Выполнение бизнес-плана Сверка ПАО Россети все филиалы:231)
	at com.kms.katalon.core.main.ScriptEngine.run(ScriptEngine.java:194)
	at com.kms.katalon.core.main.ScriptEngine.runScriptAsRawText(ScriptEngine.java:119)
	at com.kms.katalon.core.main.TestCaseExecutor.runScript(TestCaseExecutor.java:448)
	at com.kms.katalon.core.main.TestCaseExecutor.doExecute(TestCaseExecutor.java:439)
	at com.kms.katalon.core.main.TestCaseExecutor.processExecutionPhase(TestCaseExecutor.java:418)
	at com.kms.katalon.core.main.TestCaseExecutor.accessMainPhase(TestCaseExecutor.java:410)
	at com.kms.katalon.core.main.TestCaseExecutor.execute(TestCaseExecutor.java:285)
	at com.kms.katalon.core.common.CommonExecutor.accessTestCaseMainPhase(CommonExecutor.java:65)
	at com.kms.katalon.core.main.TestSuiteExecutor.accessTestSuiteMainPhase(TestSuiteExecutor.java:150)
	at com.kms.katalon.core.main.TestSuiteExecutor.execute(TestSuiteExecutor.java:106)
	at com.kms.katalon.core.main.TestCaseMain.startTestSuite(TestCaseMain.java:180)
	at TempTestSuite1743336560690.run(TempTestSuite1743336560690.groovy:35)
	at java.base/jdk.internal.reflect.NativeMethodAccessorImpl.invoke0(Native Method)
	at java.base/jdk.internal.reflect.NativeMethodAccessorImpl.invoke(NativeMethodAccessorImpl.java:77)
	at java.base/jdk.internal.reflect.DelegatingMethodAccessorImpl.invoke(DelegatingMethodAccessorImpl.java:43)
Caused by: com.kms.katalon.core.webui.exception.WebElementNotFoundException: Web element with id: 'Object Repository/Выполнение бизнес-плана/Значения со страницы Выполнение бизнес-плана/План Отпуск в сеть за отчётный период Ульяновские РС' located by '//div[138]/div[2]/div/div/table/tbody/tr/td[6]' not found
	at com.kms.katalon.core.webui.common.WebUiCommonHelper.findWebElement(WebUiCommonHelper.java:1426)
	at com.kms.katalon.core.webui.keyword.internal.WebUIAbstractKeyword.findWebElement(WebUIAbstractKeyword.groovy:27)
	at com.kms.katalon.core.webui.keyword.internal.WebUIAbstractKeyword.findWebElement(WebUIAbstractKeyword.groovy:26)
	at com.kms.katalon.core.webui.keyword.builtin.GetTextKeyword$_getText_closure1.doCall(GetTextKeyword.groovy:78)
	at com.kms.katalon.core.webui.keyword.builtin.GetTextKeyword$_getText_closure1.call(GetTextKeyword.groovy)
	at com.kms.katalon.core.webui.keyword.internal.WebUIKeywordMain.runKeyword(WebUIKeywordMain.groovy:20)
	at com.kms.katalon.core.webui.keyword.builtin.GetTextKeyword.getText(GetTextKeyword.groovy:88)
	at com.kms.katalon.core.webui.keyword.builtin.GetTextKeyword.execute(GetTextKeyword.groovy:67)
	at com.kms.katalon.core.keyword.internal.KeywordExecutor.executeKeywordForPlatform(KeywordExecutor.groovy:74)
	at com.kms.katalon.core.webui.keyword.WebUiBuiltInKeywords.getText(WebUiBuiltInKeywords.groovy:957)
	at Script1718980020443.Numbers(Script1718980020443.groovy:561)
	at Script1718980020443.Filials(Script1718980020443.groovy:993)
	at Script1718980020443.Numbers(Script1718980020443.groovy:751)
	at Script1718980020443.run(Script1718980020443.groovy:231)
	... 15 more
)
[[ATTACHMENT|C:\\Users\\LIAZGINA-DI\\git\\SPORU\\Reports\\20250330_150919\\\u041F\u043D-\u0421\u0440-\u041F\u0442\\\u0421\u0432\u0435\u0440\u043A\u0430 \u0434\u0430\u0448\u0431\u043E\u0440\u0434\u043E\u0432 \u0438\u0437 \u0440\u0430\u0437\u043D\u044B\u0445 \u0431\u043B\u043E\u043A\u043E\u0432\\20250330_150920\\1743343557722.png]]

30-03-2025T17:05:57 - [TEST_STEP][PASSED] - if (page == "" || page == null): null

30-03-2025T17:05:57 - [TEST_STEP][PASSED] - fileInt = otpusk.toInteger(): null

30-03-2025T17:05:57 - [TEST_STEP][PASSED] - Script1718980020443.WriteToExcelNoData(a, typeOfData, todaysDate, fileInt, fileDouble, dZO): null

30-03-2025T17:05:57 - [TEST_STEP][PASSED] - sheetName = "Sheet1": null

30-03-2025T17:05:57 - [TEST_STEP][PASSED] - data = findTestData("PlanFact"): null

30-03-2025T17:05:57 - [TEST_STEP][PASSED] - n = data.getRowNumbers() + 1: null

30-03-2025T17:05:57 - [TEST_STEP][PASSED] - day = ")).toInteger(): null

30-03-2025T17:05:57 - [TEST_STEP][PASSED] - println(day): null

30-03-2025T17:05:57 - [TEST_STEP][PASSED] - month = ")).toInteger(): null

30-03-2025T17:05:57 - [TEST_STEP][PASSED] - println(month): null

30-03-2025T17:05:57 - [TEST_STEP][PASSED] - y = <not implemented yet for class: org.codehaus.groovy.ast.expr.EmptyExpression>: null

30-03-2025T17:05:57 - [TEST_STEP][PASSED] - iy = <not implemented yet for class: org.codehaus.groovy.ast.expr.EmptyExpression>: null

30-03-2025T17:05:57 - [TEST_STEP][PASSED] - m = getText(findTestObject("Выполнение бизнес-плана/Период")): Text of object 'Object Repository/Выполнение бизнес-плана/Период' is: 'Январь 2025 года'

30-03-2025T17:05:58 - [MESSAGE][PASSED] - Text of object 'Object Repository/Выполнение бизнес-плана/Период' is: 'Январь 2025 года'

30-03-2025T17:05:58 - [TEST_STEP][PASSED] - iy = m.indexOf("20"): null

30-03-2025T17:05:58 - [TEST_STEP][PASSED] - if (iy > -1): null

30-03-2025T17:05:58 - [TEST_STEP][PASSED] - y = substring(iy, iy + 4).toInteger(): null

30-03-2025T17:05:58 - [TEST_STEP][PASSED] - println(y): null

30-03-2025T17:05:58 - [TEST_STEP][PASSED] - if (toString().length() == 4): null

30-03-2025T17:05:58 - [TEST_STEP][PASSED] - m = m.substring(0, m.indexOf(y.toString())): null

30-03-2025T17:05:58 - [TEST_STEP][PASSED] - m = m.trim(): null

30-03-2025T17:05:58 - [TEST_STEP][PASSED] - if (m == ""): null

30-03-2025T17:05:58 - [TEST_STEP][PASSED] - dashboardName = "Выполнение бизнес-плана": null

30-03-2025T17:05:58 - [TEST_STEP][PASSED] - workbook01 = getWorkbook(excelFilePath): null

30-03-2025T17:05:58 - [TEST_STEP][PASSED] - sheet01 = getExcelSheet(workbook01, sheetName): null

30-03-2025T17:05:58 - [TEST_STEP][PASSED] - setValueToCellByIndex(sheet01, n, 0, dashboardName): null

30-03-2025T17:05:58 - [TEST_STEP][PASSED] - setValueToCellByIndex(sheet01, n, 1, dZO): null

30-03-2025T17:05:58 - [TEST_STEP][PASSED] - setValueToCellByIndex(sheet01, n, 2, typeOfData): null

30-03-2025T17:05:58 - [TEST_STEP][PASSED] - if (typeOfData == "Факт в процентах" || typeOfData == "План в процентах"): null

30-03-2025T17:05:58 - [TEST_STEP][PASSED] - else: null

30-03-2025T17:05:58 - [TEST_STEP][PASSED] - setValueToCellByIndex(sheet01, n, 3, fileInt): null

30-03-2025T17:05:58 - [TEST_STEP][PASSED] - setValueToCellByIndex(sheet01, n, 4, "нет данных"): null

30-03-2025T17:05:58 - [TEST_STEP][PASSED] - setValueToCellByIndex(sheet01, n, 5, m): null

30-03-2025T17:05:58 - [TEST_STEP][PASSED] - setValueToCellByIndex(sheet01, n, 6, y): null

30-03-2025T17:05:58 - [TEST_STEP][PASSED] - setValueToCellByIndex(sheet01, n, 7, todaysDate): null

30-03-2025T17:05:58 - [TEST_STEP][PASSED] - n = n + 1: null

30-03-2025T17:05:58 - [TEST_STEP][FAILED] - saveWorkbook(excelFilePath, workbook01): null

30-03-2025T17:05:58 - [TEST_STEP][PASSED] - typeOfData = typeOfDataMain + " Потери": null

30-03-2025T17:05:58 - [TEST_STEP][PASSED] - if (a == 82): null

30-03-2025T17:05:58 - [TEST_STEP][PASSED] - else if (a == 84): null

30-03-2025T17:05:58 - [TEST_STEP][PASSED] - else if (a == 83 || a == 52 || a == 72 || a == 28 || a == 73 || a == 77 || a == 74 || a == 65 || a == 44 || a == 53 || a == 80 || a == 54 || a == 1 || a == 18 || a == 59 || a == 81): null

30-03-2025T17:05:58 - [TEST_STEP][PASSED] - else: null

30-03-2025T17:05:58 - [TEST_STEP][PASSED] - path = dataFolder + typeOfData + " за отчётный период " + b: null

30-03-2025T17:05:58 - [TEST_STEP][FAILED] - page = getText(findTestObject(path)): Unable to get text of object 'Object Repository/Выполнение бизнес-плана/Значения со страницы Выполнение бизнес-плана/План Потери за отчётный период Ульяновские РС' (Root cause: com.kms.katalon.core.exception.StepFailedException: Unable to get text of object 'Object Repository/Выполнение бизнес-плана/Значения со страницы Выполнение бизнес-плана/План Потери за отчётный период Ульяновские РС'
	at com.kms.katalon.core.webui.keyword.internal.WebUIKeywordMain.stepFailed(WebUIKeywordMain.groovy:64)
	at com.kms.katalon.core.webui.keyword.internal.WebUIKeywordMain.runKeyword(WebUIKeywordMain.groovy:26)
	at com.kms.katalon.core.webui.keyword.builtin.GetTextKeyword.getText(GetTextKeyword.groovy:88)
	at com.kms.katalon.core.webui.keyword.builtin.GetTextKeyword.execute(GetTextKeyword.groovy:67)
	at com.kms.katalon.core.keyword.internal.KeywordExecutor.executeKeywordForPlatform(KeywordExecutor.groovy:74)
	at com.kms.katalon.core.webui.keyword.WebUiBuiltInKeywords.getText(WebUiBuiltInKeywords.groovy:957)
	at Выполнение бизнес-плана Сверка ПАО Россети все филиалы.Numbers(Выполнение бизнес-плана Сверка ПАО Россети все филиалы:594)
	at Выполнение бизнес-плана Сверка ПАО Россети все филиалы.Filials(Выполнение бизнес-плана Сверка ПАО Россети все филиалы:993)
	at Выполнение бизнес-плана Сверка ПАО Россети все филиалы.Numbers(Выполнение бизнес-плана Сверка ПАО Россети все филиалы:751)
	at Выполнение бизнес-плана Сверка ПАО Россети все филиалы.run(Выполнение бизнес-плана Сверка ПАО Россети все филиалы:231)
	at com.kms.katalon.core.main.ScriptEngine.run(ScriptEngine.java:194)
	at com.kms.katalon.core.main.ScriptEngine.runScriptAsRawText(ScriptEngine.java:119)
	at com.kms.katalon.core.main.TestCaseExecutor.runScript(TestCaseExecutor.java:448)
	at com.kms.katalon.core.main.TestCaseExecutor.doExecute(TestCaseExecutor.java:439)
	at com.kms.katalon.core.main.TestCaseExecutor.processExecutionPhase(TestCaseExecutor.java:418)
	at com.kms.katalon.core.main.TestCaseExecutor.accessMainPhase(TestCaseExecutor.java:410)
	at com.kms.katalon.core.main.TestCaseExecutor.execute(TestCaseExecutor.java:285)
	at com.kms.katalon.core.common.CommonExecutor.accessTestCaseMainPhase(CommonExecutor.java:65)
	at com.kms.katalon.core.main.TestSuiteExecutor.accessTestSuiteMainPhase(TestSuiteExecutor.java:150)
	at com.kms.katalon.core.main.TestSuiteExecutor.execute(TestSuiteExecutor.java:106)
	at com.kms.katalon.core.main.TestCaseMain.startTestSuite(TestCaseMain.java:180)
	at TempTestSuite1743336560690.run(TempTestSuite1743336560690.groovy:35)
	at java.base/jdk.internal.reflect.NativeMethodAccessorImpl.invoke0(Native Method)
	at java.base/jdk.internal.reflect.NativeMethodAccessorImpl.invoke(NativeMethodAccessorImpl.java:77)
	at java.base/jdk.internal.reflect.DelegatingMethodAccessorImpl.invoke(DelegatingMethodAccessorImpl.java:43)
Caused by: com.kms.katalon.core.webui.exception.WebElementNotFoundException: Web element with id: 'Object Repository/Выполнение бизнес-плана/Значения со страницы Выполнение бизнес-плана/План Потери за отчётный период Ульяновские РС' located by '//div[138]/div[2]/div/div/table/tbody/tr[3]/td[6]' not found
	at com.kms.katalon.core.webui.common.WebUiCommonHelper.findWebElement(WebUiCommonHelper.java:1426)
	at com.kms.katalon.core.webui.keyword.internal.WebUIAbstractKeyword.findWebElement(WebUIAbstractKeyword.groovy:27)
	at com.kms.katalon.core.webui.keyword.internal.WebUIAbstractKeyword.findWebElement(WebUIAbstractKeyword.groovy:26)
	at com.kms.katalon.core.webui.keyword.builtin.GetTextKeyword$_getText_closure1.doCall(GetTextKeyword.groovy:78)
	at com.kms.katalon.core.webui.keyword.builtin.GetTextKeyword$_getText_closure1.call(GetTextKeyword.groovy)
	at com.kms.katalon.core.webui.keyword.internal.WebUIKeywordMain.runKeyword(WebUIKeywordMain.groovy:20)
	at com.kms.katalon.core.webui.keyword.builtin.GetTextKeyword.getText(GetTextKeyword.groovy:88)
	at com.kms.katalon.core.webui.keyword.builtin.GetTextKeyword.execute(GetTextKeyword.groovy:67)
	at com.kms.katalon.core.keyword.internal.KeywordExecutor.executeKeywordForPlatform(KeywordExecutor.groovy:74)
	at com.kms.katalon.core.webui.keyword.WebUiBuiltInKeywords.getText(WebUiBuiltInKeywords.groovy:957)
	at Script1718980020443.Numbers(Script1718980020443.groovy:594)
	at Script1718980020443.Filials(Script1718980020443.groovy:993)
	at Script1718980020443.Numbers(Script1718980020443.groovy:751)
	at Script1718980020443.run(Script1718980020443.groovy:231)
	... 15 more
)

30-03-2025T17:06:29 - [MESSAGE][INFO] - Unable to find the element located by 'By.xpath: //div[138]/div[2]/div/div/table/tbody/tr[3]/td[6]'. Please recheck the objects properties to make sure the desired element is located. 

30-03-2025T17:06:29 - [MESSAGE][FAILED] - Unable to get text of object 'Object Repository/Выполнение бизнес-плана/Значения со страницы Выполнение бизнес-плана/План Потери за отчётный период Ульяновские РС' (Root cause: com.kms.katalon.core.exception.StepFailedException: Unable to get text of object 'Object Repository/Выполнение бизнес-плана/Значения со страницы Выполнение бизнес-плана/План Потери за отчётный период Ульяновские РС'
	at com.kms.katalon.core.webui.keyword.internal.WebUIKeywordMain.stepFailed(WebUIKeywordMain.groovy:64)
	at com.kms.katalon.core.webui.keyword.internal.WebUIKeywordMain.runKeyword(WebUIKeywordMain.groovy:26)
	at com.kms.katalon.core.webui.keyword.builtin.GetTextKeyword.getText(GetTextKeyword.groovy:88)
	at com.kms.katalon.core.webui.keyword.builtin.GetTextKeyword.execute(GetTextKeyword.groovy:67)
	at com.kms.katalon.core.keyword.internal.KeywordExecutor.executeKeywordForPlatform(KeywordExecutor.groovy:74)
	at com.kms.katalon.core.webui.keyword.WebUiBuiltInKeywords.getText(WebUiBuiltInKeywords.groovy:957)
	at Выполнение бизнес-плана Сверка ПАО Россети все филиалы.Numbers(Выполнение бизнес-плана Сверка ПАО Россети все филиалы:594)
	at Выполнение бизнес-плана Сверка ПАО Россети все филиалы.Filials(Выполнение бизнес-плана Сверка ПАО Россети все филиалы:993)
	at Выполнение бизнес-плана Сверка ПАО Россети все филиалы.Numbers(Выполнение бизнес-плана Сверка ПАО Россети все филиалы:751)
	at Выполнение бизнес-плана Сверка ПАО Россети все филиалы.run(Выполнение бизнес-плана Сверка ПАО Россети все филиалы:231)
	at com.kms.katalon.core.main.ScriptEngine.run(ScriptEngine.java:194)
	at com.kms.katalon.core.main.ScriptEngine.runScriptAsRawText(ScriptEngine.java:119)
	at com.kms.katalon.core.main.TestCaseExecutor.runScript(TestCaseExecutor.java:448)
	at com.kms.katalon.core.main.TestCaseExecutor.doExecute(TestCaseExecutor.java:439)
	at com.kms.katalon.core.main.TestCaseExecutor.processExecutionPhase(TestCaseExecutor.java:418)
	at com.kms.katalon.core.main.TestCaseExecutor.accessMainPhase(TestCaseExecutor.java:410)
	at com.kms.katalon.core.main.TestCaseExecutor.execute(TestCaseExecutor.java:285)
	at com.kms.katalon.core.common.CommonExecutor.accessTestCaseMainPhase(CommonExecutor.java:65)
	at com.kms.katalon.core.main.TestSuiteExecutor.accessTestSuiteMainPhase(TestSuiteExecutor.java:150)
	at com.kms.katalon.core.main.TestSuiteExecutor.execute(TestSuiteExecutor.java:106)
	at com.kms.katalon.core.main.TestCaseMain.startTestSuite(TestCaseMain.java:180)
	at TempTestSuite1743336560690.run(TempTestSuite1743336560690.groovy:35)
	at java.base/jdk.internal.reflect.NativeMethodAccessorImpl.invoke0(Native Method)
	at java.base/jdk.internal.reflect.NativeMethodAccessorImpl.invoke(NativeMethodAccessorImpl.java:77)
	at java.base/jdk.internal.reflect.DelegatingMethodAccessorImpl.invoke(DelegatingMethodAccessorImpl.java:43)
Caused by: com.kms.katalon.core.webui.exception.WebElementNotFoundException: Web element with id: 'Object Repository/Выполнение бизнес-плана/Значения со страницы Выполнение бизнес-плана/План Потери за отчётный период Ульяновские РС' located by '//div[138]/div[2]/div/div/table/tbody/tr[3]/td[6]' not found
	at com.kms.katalon.core.webui.common.WebUiCommonHelper.findWebElement(WebUiCommonHelper.java:1426)
	at com.kms.katalon.core.webui.keyword.internal.WebUIAbstractKeyword.findWebElement(WebUIAbstractKeyword.groovy:27)
	at com.kms.katalon.core.webui.keyword.internal.WebUIAbstractKeyword.findWebElement(WebUIAbstractKeyword.groovy:26)
	at com.kms.katalon.core.webui.keyword.builtin.GetTextKeyword$_getText_closure1.doCall(GetTextKeyword.groovy:78)
	at com.kms.katalon.core.webui.keyword.builtin.GetTextKeyword$_getText_closure1.call(GetTextKeyword.groovy)
	at com.kms.katalon.core.webui.keyword.internal.WebUIKeywordMain.runKeyword(WebUIKeywordMain.groovy:20)
	at com.kms.katalon.core.webui.keyword.builtin.GetTextKeyword.getText(GetTextKeyword.groovy:88)
	at com.kms.katalon.core.webui.keyword.builtin.GetTextKeyword.execute(GetTextKeyword.groovy:67)
	at com.kms.katalon.core.keyword.internal.KeywordExecutor.executeKeywordForPlatform(KeywordExecutor.groovy:74)
	at com.kms.katalon.core.webui.keyword.WebUiBuiltInKeywords.getText(WebUiBuiltInKeywords.groovy:957)
	at Script1718980020443.Numbers(Script1718980020443.groovy:594)
	at Script1718980020443.Filials(Script1718980020443.groovy:993)
	at Script1718980020443.Numbers(Script1718980020443.groovy:751)
	at Script1718980020443.run(Script1718980020443.groovy:231)
	... 15 more
)
[[ATTACHMENT|C:\\Users\\LIAZGINA-DI\\git\\SPORU\\Reports\\20250330_150919\\\u041F\u043D-\u0421\u0440-\u041F\u0442\\\u0421\u0432\u0435\u0440\u043A\u0430 \u0434\u0430\u0448\u0431\u043E\u0440\u0434\u043E\u0432 \u0438\u0437 \u0440\u0430\u0437\u043D\u044B\u0445 \u0431\u043B\u043E\u043A\u043E\u0432\\20250330_150920\\1743343589596.png]]

30-03-2025T17:06:29 - [TEST_STEP][PASSED] - if (page == "" || page == null): null

30-03-2025T17:06:29 - [TEST_STEP][PASSED] - fileInt = poteri.toInteger(): null

30-03-2025T17:06:29 - [TEST_STEP][PASSED] - Script1718980020443.WriteToExcelNoData(a, typeOfData, todaysDate, fileInt, fileDouble, dZO): null

30-03-2025T17:06:29 - [TEST_STEP][PASSED] - sheetName = "Sheet1": null

30-03-2025T17:06:29 - [TEST_STEP][PASSED] - data = findTestData("PlanFact"): null

30-03-2025T17:06:29 - [TEST_STEP][PASSED] - n = data.getRowNumbers() + 1: null

30-03-2025T17:06:29 - [TEST_STEP][PASSED] - day = ")).toInteger(): null

30-03-2025T17:06:29 - [TEST_STEP][PASSED] - println(day): null

30-03-2025T17:06:29 - [TEST_STEP][PASSED] - month = ")).toInteger(): null

30-03-2025T17:06:29 - [TEST_STEP][PASSED] - println(month): null

30-03-2025T17:06:29 - [TEST_STEP][PASSED] - y = <not implemented yet for class: org.codehaus.groovy.ast.expr.EmptyExpression>: null

30-03-2025T17:06:29 - [TEST_STEP][PASSED] - iy = <not implemented yet for class: org.codehaus.groovy.ast.expr.EmptyExpression>: null

30-03-2025T17:06:29 - [TEST_STEP][PASSED] - m = getText(findTestObject("Выполнение бизнес-плана/Период")): Text of object 'Object Repository/Выполнение бизнес-плана/Период' is: 'Январь 2025 года'

30-03-2025T17:06:30 - [MESSAGE][PASSED] - Text of object 'Object Repository/Выполнение бизнес-плана/Период' is: 'Январь 2025 года'

30-03-2025T17:06:30 - [TEST_STEP][PASSED] - iy = m.indexOf("20"): null

30-03-2025T17:06:30 - [TEST_STEP][PASSED] - if (iy > -1): null

30-03-2025T17:06:30 - [TEST_STEP][PASSED] - y = substring(iy, iy + 4).toInteger(): null

30-03-2025T17:06:30 - [TEST_STEP][PASSED] - println(y): null

30-03-2025T17:06:30 - [TEST_STEP][PASSED] - if (toString().length() == 4): null

30-03-2025T17:06:30 - [TEST_STEP][PASSED] - m = m.substring(0, m.indexOf(y.toString())): null

30-03-2025T17:06:30 - [TEST_STEP][PASSED] - m = m.trim(): null

30-03-2025T17:06:30 - [TEST_STEP][PASSED] - if (m == ""): null

30-03-2025T17:06:30 - [TEST_STEP][PASSED] - dashboardName = "Выполнение бизнес-плана": null

30-03-2025T17:06:30 - [TEST_STEP][PASSED] - workbook01 = getWorkbook(excelFilePath): null

30-03-2025T17:06:30 - [TEST_STEP][PASSED] - sheet01 = getExcelSheet(workbook01, sheetName): null

30-03-2025T17:06:30 - [TEST_STEP][PASSED] - setValueToCellByIndex(sheet01, n, 0, dashboardName): null

30-03-2025T17:06:30 - [TEST_STEP][PASSED] - setValueToCellByIndex(sheet01, n, 1, dZO): null

30-03-2025T17:06:30 - [TEST_STEP][PASSED] - setValueToCellByIndex(sheet01, n, 2, typeOfData): null

30-03-2025T17:06:30 - [TEST_STEP][PASSED] - if (typeOfData == "Факт в процентах" || typeOfData == "План в процентах"): null

30-03-2025T17:06:30 - [TEST_STEP][PASSED] - else: null

30-03-2025T17:06:30 - [TEST_STEP][PASSED] - setValueToCellByIndex(sheet01, n, 3, fileInt): null

30-03-2025T17:06:30 - [TEST_STEP][PASSED] - setValueToCellByIndex(sheet01, n, 4, "нет данных"): null

30-03-2025T17:06:30 - [TEST_STEP][PASSED] - setValueToCellByIndex(sheet01, n, 5, m): null

30-03-2025T17:06:30 - [TEST_STEP][PASSED] - setValueToCellByIndex(sheet01, n, 6, y): null

30-03-2025T17:06:30 - [TEST_STEP][PASSED] - setValueToCellByIndex(sheet01, n, 7, todaysDate): null

30-03-2025T17:06:30 - [TEST_STEP][PASSED] - n = n + 1: null

30-03-2025T17:06:30 - [TEST_STEP][PASSED] - saveWorkbook(excelFilePath, workbook01): Object: 'Object Repository/Выполнение бизнес-плана/Кнопка Факт' is clicked on

30-03-2025T17:06:30 - [TEST_STEP][PASSED] - compare = pageOtpuskVSet: null

30-03-2025T17:06:30 - [TEST_STEP][PASSED] - if (pageOtpuskVSet != null): null

30-03-2025T17:06:30 - [TEST_STEP][PASSED] - if (compare == fileOtpuskVSet): null

30-03-2025T17:06:30 - [TEST_STEP][PASSED] - if (compare == fileOtpuskVSet): null

30-03-2025T17:06:30 - [TEST_STEP][PASSED] - compare = pagePoteri: null

30-03-2025T17:06:30 - [TEST_STEP][PASSED] - if (pageOtpuskVSet != null): null

30-03-2025T17:06:30 - [TEST_STEP][PASSED] - if (compare == filePoteri): null

30-03-2025T17:06:30 - [TEST_STEP][PASSED] - if (compare == filePoteri): null

30-03-2025T17:06:30 - [TEST_STEP][PASSED] - if (planFact == 2): Object: 'Object Repository/Выполнение бизнес-плана/Кнопка Факт' is clicked on

30-03-2025T17:06:30 - [TEST_STEP][PASSED] - click(findTestObject("Выполнение бизнес-плана/Кнопка Факт")): Object: 'Object Repository/Выполнение бизнес-плана/Кнопка Факт' is clicked on

30-03-2025T17:06:30 - [MESSAGE][PASSED] - Object: 'Object Repository/Выполнение бизнес-плана/Кнопка Факт' is clicked on

30-03-2025T17:06:30 - [TEST_STEP][PASSED] - println("a=" + a): null

30-03-2025T17:06:30 - [TEST_STEP][PASSED] - if (a == 84 || a == 82): null

30-03-2025T17:06:30 - [TEST_STEP][PASSED] - else if (a == 83 || a == 52 || a == 72 || a == 28 || a == 73 || a == 77 || a == 74 || a == 65 || a == 36 || a == 44 || a == 53 || a == 80 || a == 54 || a == 1 || a == 18 || a == 59 || a == 81): null

30-03-2025T17:06:30 - [TEST_STEP][PASSED] - else: null

30-03-2025T17:06:30 - [TEST_STEP][PASSED] - page1 = getText(findTestObject("Object Repository/Выполнение бизнес-плана/spanPlan" + filialNum)): Text of object 'Object Repository/Выполнение бизнес-плана/spanPlan4' is: '7.41
|'

30-03-2025T17:06:30 - [MESSAGE][PASSED] - Text of object 'Object Repository/Выполнение бизнес-плана/spanPlan4' is: '7.41
|'

30-03-2025T17:06:30 - [TEST_STEP][PASSED] - page1 = page1.replace("|", ""): null

30-03-2025T17:06:30 - [TEST_STEP][PASSED] - page2 = getText(findTestObject("Object Repository/Выполнение бизнес-плана/spanFact" + filialNum)): Text of object 'Object Repository/Выполнение бизнес-плана/spanFact4' is: '5.53
|'

30-03-2025T17:06:31 - [MESSAGE][PASSED] - Text of object 'Object Repository/Выполнение бизнес-плана/spanFact4' is: '5.53
|'

30-03-2025T17:06:31 - [TEST_STEP][PASSED] - page2 = page2.replace("|", ""): null

30-03-2025T17:06:31 - [TEST_STEP][PASSED] - println("page1: " + page1): null

30-03-2025T17:06:31 - [TEST_STEP][PASSED] - println("page2: " + page2): null

30-03-2025T17:06:31 - [TEST_STEP][PASSED] - file = findTestData("PlanFact").getValue(4, a): null

30-03-2025T17:06:31 - [TEST_STEP][PASSED] - file = file.replace(",", "."): null

30-03-2025T17:06:31 - [TEST_STEP][PASSED] - println("file Plan: " + file): null

30-03-2025T17:06:31 - [TEST_STEP][PASSED] - typeOfData = "План в процентах": null

30-03-2025T17:06:31 - [TEST_STEP][PASSED] - fileDouble = file.toDouble(): null

30-03-2025T17:06:31 - [TEST_STEP][PASSED] - pageDouble = page1.toDouble(): null

30-03-2025T17:06:31 - [TEST_STEP][PASSED] - if (fileDouble != pageDouble): null

30-03-2025T17:06:31 - [TEST_STEP][PASSED] - file = findTestData("PlanFact").getValue(7, a): null

30-03-2025T17:06:31 - [TEST_STEP][PASSED] - file = file.replace(",", "."): null

30-03-2025T17:06:31 - [TEST_STEP][PASSED] - println("file Fact: " + file): null

30-03-2025T17:06:31 - [TEST_STEP][PASSED] - fileDouble = file.toDouble(): null

30-03-2025T17:06:31 - [TEST_STEP][PASSED] - typeOfData = "Факт в процентах": null

30-03-2025T17:06:31 - [TEST_STEP][PASSED] - fileDouble = file.toDouble(): null

30-03-2025T17:06:31 - [TEST_STEP][PASSED] - pageDouble = page2.toDouble(): null

30-03-2025T17:06:31 - [TEST_STEP][PASSED] - if (fileDouble != pageDouble): null

30-03-2025T17:06:31 - [TEST_STEP][PASSED] - if (verifyEqual(numberOfErrors, 0) == false): Actual object '0' and expected object '0' are equal

30-03-2025T17:06:31 - [MESSAGE][PASSED] - Actual object '0' and expected object '0' are equal

30-03-2025T17:06:31 - [TEST_STEP][PASSED] - if (a == 82): null

30-03-2025T17:06:31 - [TEST_STEP][PASSED] - dZO = "Чувашэнерго": null

30-03-2025T17:06:31 - [TEST_STEP][PASSED] - a = 35: null

30-03-2025T17:06:31 - [TEST_STEP][PASSED] - if (x2.contains(dZO)): null

30-03-2025T17:06:31 - [TEST_STEP][PASSED] - filialNum = filialNum + 1: null

30-03-2025T17:06:31 - [TEST_STEP][PASSED] - Script1718980020443.Numbers(a, typeOfData, todaysDate, pageInt, fileInt, pageDouble, fileDouble, dZO, dzoNum, filialNum): null

30-03-2025T17:06:31 - [TEST_STEP][PASSED] - println(dzoNum): null

30-03-2025T17:06:31 - [TEST_STEP][PASSED] - planFact = <not implemented yet for class: org.codehaus.groovy.ast.expr.EmptyExpression>: null

30-03-2025T17:06:31 - [TEST_STEP][PASSED] - page = <not implemented yet for class: org.codehaus.groovy.ast.expr.EmptyExpression>: null

30-03-2025T17:06:31 - [TEST_STEP][PASSED] - page1 = <not implemented yet for class: org.codehaus.groovy.ast.expr.EmptyExpression>: null

30-03-2025T17:06:31 - [TEST_STEP][PASSED] - page2 = <not implemented yet for class: org.codehaus.groovy.ast.expr.EmptyExpression>: null

30-03-2025T17:06:31 - [TEST_STEP][PASSED] - filialNumberInRow = <not implemented yet for class: org.codehaus.groovy.ast.expr.EmptyExpression>: null

30-03-2025T17:06:31 - [TEST_STEP][PASSED] - filialsDzoNames = <not implemented yet for class: org.codehaus.groovy.ast.expr.EmptyExpression>: null

30-03-2025T17:06:31 - [TEST_STEP][PASSED] - numberOfFilials = <not implemented yet for class: org.codehaus.groovy.ast.expr.EmptyExpression>: null

30-03-2025T17:06:31 - [TEST_STEP][PASSED] - numberOfSpaces = <not implemented yet for class: org.codehaus.groovy.ast.expr.EmptyExpression>: null

30-03-2025T17:06:31 - [TEST_STEP][PASSED] - file = <not implemented yet for class: org.codehaus.groovy.ast.expr.EmptyExpression>: null

30-03-2025T17:06:31 - [TEST_STEP][PASSED] - otpusk = <not implemented yet for class: org.codehaus.groovy.ast.expr.EmptyExpression>: null

30-03-2025T17:06:31 - [TEST_STEP][PASSED] - poteri = <not implemented yet for class: org.codehaus.groovy.ast.expr.EmptyExpression>: null

30-03-2025T17:06:31 - [TEST_STEP][PASSED] - dataFolder = "Выполнение бизнес-плана/Значения со страницы Выполнение бизнес-плана/": null

30-03-2025T17:06:31 - [TEST_STEP][PASSED] - path = <not implemented yet for class: org.codehaus.groovy.ast.expr.EmptyExpression>: null

30-03-2025T17:06:31 - [TEST_STEP][PASSED] - typeOfDataMain = <not implemented yet for class: org.codehaus.groovy.ast.expr.EmptyExpression>: null

30-03-2025T17:06:31 - [TEST_STEP][PASSED] - fileOtpuskVSet = <not implemented yet for class: org.codehaus.groovy.ast.expr.EmptyExpression>: null

30-03-2025T17:06:31 - [TEST_STEP][PASSED] - pageOtpuskVSet = <not implemented yet for class: org.codehaus.groovy.ast.expr.EmptyExpression>: null

30-03-2025T17:06:31 - [TEST_STEP][PASSED] - filePoteri = <not implemented yet for class: org.codehaus.groovy.ast.expr.EmptyExpression>: null

30-03-2025T17:06:31 - [TEST_STEP][PASSED] - pagePoteri = <not implemented yet for class: org.codehaus.groovy.ast.expr.EmptyExpression>: null

30-03-2025T17:06:31 - [TEST_STEP][PASSED] - compare = <not implemented yet for class: org.codehaus.groovy.ast.expr.EmptyExpression>: null

30-03-2025T17:06:31 - [TEST_STEP][PASSED] - b = <not implemented yet for class: org.codehaus.groovy.ast.expr.EmptyExpression>: null

30-03-2025T17:06:31 - [TEST_STEP][PASSED] - i = <not implemented yet for class: org.codehaus.groovy.ast.expr.EmptyExpression>: null

30-03-2025T17:06:31 - [TEST_STEP][PASSED] - ii = <not implemented yet for class: org.codehaus.groovy.ast.expr.EmptyExpression>: null

30-03-2025T17:06:31 - [TEST_STEP][PASSED] - c = <not implemented yet for class: org.codehaus.groovy.ast.expr.EmptyExpression>: null

30-03-2025T17:06:31 - [TEST_STEP][PASSED] - numberOfErrors = 0: null

30-03-2025T17:06:31 - [TEST_STEP][PASSED] - if (a == 82): null

30-03-2025T17:06:31 - [TEST_STEP][PASSED] - b = findTestData("PlanFact").getValue(1, a): null

30-03-2025T17:06:31 - [TEST_STEP][PASSED] - i = b.indexOf(" (ГК)"): null

30-03-2025T17:06:31 - [TEST_STEP][PASSED] - if (i > -1): null

30-03-2025T17:06:31 - [TEST_STEP][PASSED] - i = b.indexOf("О ""): null

30-03-2025T17:06:31 - [TEST_STEP][PASSED] - if (i > -1): null

30-03-2025T17:06:31 - [TEST_STEP][PASSED] - i = b.indexOf("О «"): null

30-03-2025T17:06:31 - [TEST_STEP][PASSED] - if (i > -1): null

30-03-2025T17:06:31 - [TEST_STEP][PASSED] - i = b.indexOf("г. "): null

30-03-2025T17:06:31 - [TEST_STEP][PASSED] - if (i > -1): null

30-03-2025T17:06:31 - [TEST_STEP][PASSED] - b = b.trim(): null

30-03-2025T17:06:31 - [TEST_STEP][PASSED] - println(b): null

30-03-2025T17:06:31 - [TEST_STEP][FAILED] - for ([planFact = 1, planFact < 3, (planFact++)]): null

30-03-2025T17:06:31 - [TEST_STEP][PASSED] - if (planFact == 1): null

30-03-2025T17:06:31 - [TEST_STEP][PASSED] - typeOfDataMain = "Факт": null

30-03-2025T17:06:31 - [TEST_STEP][PASSED] - otpusk = findTestData("PlanFact").getValue(5, a): null

30-03-2025T17:06:31 - [TEST_STEP][PASSED] - poteri = findTestData("PlanFact").getValue(6, a): null

30-03-2025T17:06:31 - [TEST_STEP][PASSED] - otpusk = otpusk.replaceAll("\s+", ""): null

30-03-2025T17:06:31 - [TEST_STEP][PASSED] - poteri = poteri.replaceAll("\s+", ""): null

30-03-2025T17:06:31 - [TEST_STEP][PASSED] - typeOfData = typeOfDataMain + " Отпуск в сеть": null

30-03-2025T17:06:31 - [TEST_STEP][PASSED] - if (a == 82): null

30-03-2025T17:06:31 - [TEST_STEP][PASSED] - else if (a == 84): null

30-03-2025T17:06:31 - [TEST_STEP][PASSED] - else if (a == 83 || a == 52 || a == 72 || a == 28 || a == 73 || a == 77 || a == 74 || a == 65 || a == 36 || a == 44 || a == 53 || a == 80 || a == 54 || a == 1 || a == 18 || a == 59 || a == 81): null

30-03-2025T17:06:31 - [TEST_STEP][PASSED] - else: null

30-03-2025T17:06:31 - [TEST_STEP][PASSED] - path = dataFolder + typeOfData + " за отчётный период " + b: null

30-03-2025T17:06:31 - [TEST_STEP][PASSED] - println(path): null

30-03-2025T17:06:31 - [TEST_STEP][FAILED] - page = getText(findTestObject(path)): Unable to get text of object 'Object Repository/Выполнение бизнес-плана/Значения со страницы Выполнение бизнес-плана/Факт Отпуск в сеть за отчётный период Чувашэнерго' (Root cause: com.kms.katalon.core.exception.StepFailedException: Unable to get text of object 'Object Repository/Выполнение бизнес-плана/Значения со страницы Выполнение бизнес-плана/Факт Отпуск в сеть за отчётный период Чувашэнерго'
	at com.kms.katalon.core.webui.keyword.internal.WebUIKeywordMain.stepFailed(WebUIKeywordMain.groovy:64)
	at com.kms.katalon.core.webui.keyword.internal.WebUIKeywordMain.runKeyword(WebUIKeywordMain.groovy:26)
	at com.kms.katalon.core.webui.keyword.builtin.GetTextKeyword.getText(GetTextKeyword.groovy:88)
	at com.kms.katalon.core.webui.keyword.builtin.GetTextKeyword.execute(GetTextKeyword.groovy:67)
	at com.kms.katalon.core.keyword.internal.KeywordExecutor.executeKeywordForPlatform(KeywordExecutor.groovy:74)
	at com.kms.katalon.core.webui.keyword.WebUiBuiltInKeywords.getText(WebUiBuiltInKeywords.groovy:957)
	at Выполнение бизнес-плана Сверка ПАО Россети все филиалы.Numbers(Выполнение бизнес-плана Сверка ПАО Россети все филиалы:561)
	at Выполнение бизнес-плана Сверка ПАО Россети все филиалы.Filials(Выполнение бизнес-плана Сверка ПАО Россети все филиалы:1005)
	at Выполнение бизнес-плана Сверка ПАО Россети все филиалы.Numbers(Выполнение бизнес-плана Сверка ПАО Россети все филиалы:751)
	at Выполнение бизнес-плана Сверка ПАО Россети все филиалы.run(Выполнение бизнес-плана Сверка ПАО Россети все филиалы:231)
	at com.kms.katalon.core.main.ScriptEngine.run(ScriptEngine.java:194)
	at com.kms.katalon.core.main.ScriptEngine.runScriptAsRawText(ScriptEngine.java:119)
	at com.kms.katalon.core.main.TestCaseExecutor.runScript(TestCaseExecutor.java:448)
	at com.kms.katalon.core.main.TestCaseExecutor.doExecute(TestCaseExecutor.java:439)
	at com.kms.katalon.core.main.TestCaseExecutor.processExecutionPhase(TestCaseExecutor.java:418)
	at com.kms.katalon.core.main.TestCaseExecutor.accessMainPhase(TestCaseExecutor.java:410)
	at com.kms.katalon.core.main.TestCaseExecutor.execute(TestCaseExecutor.java:285)
	at com.kms.katalon.core.common.CommonExecutor.accessTestCaseMainPhase(CommonExecutor.java:65)
	at com.kms.katalon.core.main.TestSuiteExecutor.accessTestSuiteMainPhase(TestSuiteExecutor.java:150)
	at com.kms.katalon.core.main.TestSuiteExecutor.execute(TestSuiteExecutor.java:106)
	at com.kms.katalon.core.main.TestCaseMain.startTestSuite(TestCaseMain.java:180)
	at TempTestSuite1743336560690.run(TempTestSuite1743336560690.groovy:35)
	at java.base/jdk.internal.reflect.NativeMethodAccessorImpl.invoke0(Native Method)
	at java.base/jdk.internal.reflect.NativeMethodAccessorImpl.invoke(NativeMethodAccessorImpl.java:77)
	at java.base/jdk.internal.reflect.DelegatingMethodAccessorImpl.invoke(DelegatingMethodAccessorImpl.java:43)
Caused by: com.kms.katalon.core.webui.exception.WebElementNotFoundException: Web element with id: 'Object Repository/Выполнение бизнес-плана/Значения со страницы Выполнение бизнес-плана/Факт Отпуск в сеть за отчётный период Чувашэнерго' located by '//tr[1]/td[7]' not found
	at com.kms.katalon.core.webui.common.WebUiCommonHelper.findWebElement(WebUiCommonHelper.java:1426)
	at com.kms.katalon.core.webui.keyword.internal.WebUIAbstractKeyword.findWebElement(WebUIAbstractKeyword.groovy:27)
	at com.kms.katalon.core.webui.keyword.internal.WebUIAbstractKeyword.findWebElement(WebUIAbstractKeyword.groovy:26)
	at com.kms.katalon.core.webui.keyword.builtin.GetTextKeyword$_getText_closure1.doCall(GetTextKeyword.groovy:78)
	at com.kms.katalon.core.webui.keyword.builtin.GetTextKeyword$_getText_closure1.call(GetTextKeyword.groovy)
	at com.kms.katalon.core.webui.keyword.internal.WebUIKeywordMain.runKeyword(WebUIKeywordMain.groovy:20)
	at com.kms.katalon.core.webui.keyword.builtin.GetTextKeyword.getText(GetTextKeyword.groovy:88)
	at com.kms.katalon.core.webui.keyword.builtin.GetTextKeyword.execute(GetTextKeyword.groovy:67)
	at com.kms.katalon.core.keyword.internal.KeywordExecutor.executeKeywordForPlatform(KeywordExecutor.groovy:74)
	at com.kms.katalon.core.webui.keyword.WebUiBuiltInKeywords.getText(WebUiBuiltInKeywords.groovy:957)
	at Script1718980020443.Numbers(Script1718980020443.groovy:561)
	at Script1718980020443.Filials(Script1718980020443.groovy:1005)
	at Script1718980020443.Numbers(Script1718980020443.groovy:751)
	at Script1718980020443.run(Script1718980020443.groovy:231)
	... 15 more
)

30-03-2025T17:07:02 - [MESSAGE][INFO] - Unable to find the element located by 'By.xpath: //tr[1]/td[7]'. Please recheck the objects properties to make sure the desired element is located. 

30-03-2025T17:07:02 - [MESSAGE][FAILED] - Unable to get text of object 'Object Repository/Выполнение бизнес-плана/Значения со страницы Выполнение бизнес-плана/Факт Отпуск в сеть за отчётный период Чувашэнерго' (Root cause: com.kms.katalon.core.exception.StepFailedException: Unable to get text of object 'Object Repository/Выполнение бизнес-плана/Значения со страницы Выполнение бизнес-плана/Факт Отпуск в сеть за отчётный период Чувашэнерго'
	at com.kms.katalon.core.webui.keyword.internal.WebUIKeywordMain.stepFailed(WebUIKeywordMain.groovy:64)
	at com.kms.katalon.core.webui.keyword.internal.WebUIKeywordMain.runKeyword(WebUIKeywordMain.groovy:26)
	at com.kms.katalon.core.webui.keyword.builtin.GetTextKeyword.getText(GetTextKeyword.groovy:88)
	at com.kms.katalon.core.webui.keyword.builtin.GetTextKeyword.execute(GetTextKeyword.groovy:67)
	at com.kms.katalon.core.keyword.internal.KeywordExecutor.executeKeywordForPlatform(KeywordExecutor.groovy:74)
	at com.kms.katalon.core.webui.keyword.WebUiBuiltInKeywords.getText(WebUiBuiltInKeywords.groovy:957)
	at Выполнение бизнес-плана Сверка ПАО Россети все филиалы.Numbers(Выполнение бизнес-плана Сверка ПАО Россети все филиалы:561)
	at Выполнение бизнес-плана Сверка ПАО Россети все филиалы.Filials(Выполнение бизнес-плана Сверка ПАО Россети все филиалы:1005)
	at Выполнение бизнес-плана Сверка ПАО Россети все филиалы.Numbers(Выполнение бизнес-плана Сверка ПАО Россети все филиалы:751)
	at Выполнение бизнес-плана Сверка ПАО Россети все филиалы.run(Выполнение бизнес-плана Сверка ПАО Россети все филиалы:231)
	at com.kms.katalon.core.main.ScriptEngine.run(ScriptEngine.java:194)
	at com.kms.katalon.core.main.ScriptEngine.runScriptAsRawText(ScriptEngine.java:119)
	at com.kms.katalon.core.main.TestCaseExecutor.runScript(TestCaseExecutor.java:448)
	at com.kms.katalon.core.main.TestCaseExecutor.doExecute(TestCaseExecutor.java:439)
	at com.kms.katalon.core.main.TestCaseExecutor.processExecutionPhase(TestCaseExecutor.java:418)
	at com.kms.katalon.core.main.TestCaseExecutor.accessMainPhase(TestCaseExecutor.java:410)
	at com.kms.katalon.core.main.TestCaseExecutor.execute(TestCaseExecutor.java:285)
	at com.kms.katalon.core.common.CommonExecutor.accessTestCaseMainPhase(CommonExecutor.java:65)
	at com.kms.katalon.core.main.TestSuiteExecutor.accessTestSuiteMainPhase(TestSuiteExecutor.java:150)
	at com.kms.katalon.core.main.TestSuiteExecutor.execute(TestSuiteExecutor.java:106)
	at com.kms.katalon.core.main.TestCaseMain.startTestSuite(TestCaseMain.java:180)
	at TempTestSuite1743336560690.run(TempTestSuite1743336560690.groovy:35)
	at java.base/jdk.internal.reflect.NativeMethodAccessorImpl.invoke0(Native Method)
	at java.base/jdk.internal.reflect.NativeMethodAccessorImpl.invoke(NativeMethodAccessorImpl.java:77)
	at java.base/jdk.internal.reflect.DelegatingMethodAccessorImpl.invoke(DelegatingMethodAccessorImpl.java:43)
Caused by: com.kms.katalon.core.webui.exception.WebElementNotFoundException: Web element with id: 'Object Repository/Выполнение бизнес-плана/Значения со страницы Выполнение бизнес-плана/Факт Отпуск в сеть за отчётный период Чувашэнерго' located by '//tr[1]/td[7]' not found
	at com.kms.katalon.core.webui.common.WebUiCommonHelper.findWebElement(WebUiCommonHelper.java:1426)
	at com.kms.katalon.core.webui.keyword.internal.WebUIAbstractKeyword.findWebElement(WebUIAbstractKeyword.groovy:27)
	at com.kms.katalon.core.webui.keyword.internal.WebUIAbstractKeyword.findWebElement(WebUIAbstractKeyword.groovy:26)
	at com.kms.katalon.core.webui.keyword.builtin.GetTextKeyword$_getText_closure1.doCall(GetTextKeyword.groovy:78)
	at com.kms.katalon.core.webui.keyword.builtin.GetTextKeyword$_getText_closure1.call(GetTextKeyword.groovy)
	at com.kms.katalon.core.webui.keyword.internal.WebUIKeywordMain.runKeyword(WebUIKeywordMain.groovy:20)
	at com.kms.katalon.core.webui.keyword.builtin.GetTextKeyword.getText(GetTextKeyword.groovy:88)
	at com.kms.katalon.core.webui.keyword.builtin.GetTextKeyword.execute(GetTextKeyword.groovy:67)
	at com.kms.katalon.core.keyword.internal.KeywordExecutor.executeKeywordForPlatform(KeywordExecutor.groovy:74)
	at com.kms.katalon.core.webui.keyword.WebUiBuiltInKeywords.getText(WebUiBuiltInKeywords.groovy:957)
	at Script1718980020443.Numbers(Script1718980020443.groovy:561)
	at Script1718980020443.Filials(Script1718980020443.groovy:1005)
	at Script1718980020443.Numbers(Script1718980020443.groovy:751)
	at Script1718980020443.run(Script1718980020443.groovy:231)
	... 15 more
)
[[ATTACHMENT|C:\\Users\\LIAZGINA-DI\\git\\SPORU\\Reports\\20250330_150919\\\u041F\u043D-\u0421\u0440-\u041F\u0442\\\u0421\u0432\u0435\u0440\u043A\u0430 \u0434\u0430\u0448\u0431\u043E\u0440\u0434\u043E\u0432 \u0438\u0437 \u0440\u0430\u0437\u043D\u044B\u0445 \u0431\u043B\u043E\u043A\u043E\u0432\\20250330_150920\\1743343622602.png]]

30-03-2025T17:07:02 - [TEST_STEP][PASSED] - if (page == "" || page == null): null

30-03-2025T17:07:02 - [TEST_STEP][PASSED] - fileInt = otpusk.toInteger(): null

30-03-2025T17:07:02 - [TEST_STEP][PASSED] - Script1718980020443.WriteToExcelNoData(a, typeOfData, todaysDate, fileInt, fileDouble, dZO): null

30-03-2025T17:07:02 - [TEST_STEP][PASSED] - sheetName = "Sheet1": null

30-03-2025T17:07:02 - [TEST_STEP][PASSED] - data = findTestData("PlanFact"): null

30-03-2025T17:07:02 - [TEST_STEP][PASSED] - n = data.getRowNumbers() + 1: null

30-03-2025T17:07:02 - [TEST_STEP][PASSED] - day = ")).toInteger(): null

30-03-2025T17:07:02 - [TEST_STEP][PASSED] - println(day): null

30-03-2025T17:07:02 - [TEST_STEP][PASSED] - month = ")).toInteger(): null

30-03-2025T17:07:02 - [TEST_STEP][PASSED] - println(month): null

30-03-2025T17:07:02 - [TEST_STEP][PASSED] - y = <not implemented yet for class: org.codehaus.groovy.ast.expr.EmptyExpression>: null

30-03-2025T17:07:02 - [TEST_STEP][PASSED] - iy = <not implemented yet for class: org.codehaus.groovy.ast.expr.EmptyExpression>: null

30-03-2025T17:07:02 - [TEST_STEP][PASSED] - m = getText(findTestObject("Выполнение бизнес-плана/Период")): Text of object 'Object Repository/Выполнение бизнес-плана/Период' is: 'Январь 2025 года'

30-03-2025T17:07:02 - [MESSAGE][PASSED] - Text of object 'Object Repository/Выполнение бизнес-плана/Период' is: 'Январь 2025 года'

30-03-2025T17:07:02 - [TEST_STEP][PASSED] - iy = m.indexOf("20"): null

30-03-2025T17:07:02 - [TEST_STEP][PASSED] - if (iy > -1): null

30-03-2025T17:07:02 - [TEST_STEP][PASSED] - y = substring(iy, iy + 4).toInteger(): null

30-03-2025T17:07:02 - [TEST_STEP][PASSED] - println(y): null

30-03-2025T17:07:02 - [TEST_STEP][PASSED] - if (toString().length() == 4): null

30-03-2025T17:07:02 - [TEST_STEP][PASSED] - m = m.substring(0, m.indexOf(y.toString())): null

30-03-2025T17:07:02 - [TEST_STEP][PASSED] - m = m.trim(): null

30-03-2025T17:07:02 - [TEST_STEP][PASSED] - if (m == ""): null

30-03-2025T17:07:02 - [TEST_STEP][PASSED] - dashboardName = "Выполнение бизнес-плана": null

30-03-2025T17:07:02 - [TEST_STEP][PASSED] - workbook01 = getWorkbook(excelFilePath): null

30-03-2025T17:07:03 - [TEST_STEP][PASSED] - sheet01 = getExcelSheet(workbook01, sheetName): null

30-03-2025T17:07:03 - [TEST_STEP][PASSED] - setValueToCellByIndex(sheet01, n, 0, dashboardName): null

30-03-2025T17:07:03 - [TEST_STEP][PASSED] - setValueToCellByIndex(sheet01, n, 1, dZO): null

30-03-2025T17:07:03 - [TEST_STEP][PASSED] - setValueToCellByIndex(sheet01, n, 2, typeOfData): null

30-03-2025T17:07:03 - [TEST_STEP][PASSED] - if (typeOfData == "Факт в процентах" || typeOfData == "План в процентах"): null

30-03-2025T17:07:03 - [TEST_STEP][PASSED] - else: null

30-03-2025T17:07:03 - [TEST_STEP][PASSED] - setValueToCellByIndex(sheet01, n, 3, fileInt): null

30-03-2025T17:07:03 - [TEST_STEP][PASSED] - setValueToCellByIndex(sheet01, n, 4, "нет данных"): null

30-03-2025T17:07:03 - [TEST_STEP][PASSED] - setValueToCellByIndex(sheet01, n, 5, m): null

30-03-2025T17:07:03 - [TEST_STEP][PASSED] - setValueToCellByIndex(sheet01, n, 6, y): null

30-03-2025T17:07:03 - [TEST_STEP][PASSED] - setValueToCellByIndex(sheet01, n, 7, todaysDate): null

30-03-2025T17:07:03 - [TEST_STEP][PASSED] - n = n + 1: null

30-03-2025T17:07:03 - [TEST_STEP][FAILED] - saveWorkbook(excelFilePath, workbook01): null

30-03-2025T17:07:03 - [TEST_STEP][PASSED] - typeOfData = typeOfDataMain + " Потери": null

30-03-2025T17:07:03 - [TEST_STEP][PASSED] - if (a == 82): null

30-03-2025T17:07:03 - [TEST_STEP][PASSED] - else if (a == 84): null

30-03-2025T17:07:03 - [TEST_STEP][PASSED] - else if (a == 83 || a == 52 || a == 72 || a == 28 || a == 73 || a == 77 || a == 74 || a == 65 || a == 44 || a == 53 || a == 80 || a == 54 || a == 1 || a == 18 || a == 59 || a == 81): null

30-03-2025T17:07:03 - [TEST_STEP][PASSED] - else: null

30-03-2025T17:07:03 - [TEST_STEP][PASSED] - path = dataFolder + typeOfData + " за отчётный период " + b: null

30-03-2025T17:07:03 - [TEST_STEP][FAILED] - page = getText(findTestObject(path)): Unable to get text of object 'Object Repository/Выполнение бизнес-плана/Значения со страницы Выполнение бизнес-плана/Факт Потери за отчётный период Чувашэнерго' (Root cause: com.kms.katalon.core.exception.StepFailedException: Unable to get text of object 'Object Repository/Выполнение бизнес-плана/Значения со страницы Выполнение бизнес-плана/Факт Потери за отчётный период Чувашэнерго'
	at com.kms.katalon.core.webui.keyword.internal.WebUIKeywordMain.stepFailed(WebUIKeywordMain.groovy:64)
	at com.kms.katalon.core.webui.keyword.internal.WebUIKeywordMain.runKeyword(WebUIKeywordMain.groovy:26)
	at com.kms.katalon.core.webui.keyword.builtin.GetTextKeyword.getText(GetTextKeyword.groovy:88)
	at com.kms.katalon.core.webui.keyword.builtin.GetTextKeyword.execute(GetTextKeyword.groovy:67)
	at com.kms.katalon.core.keyword.internal.KeywordExecutor.executeKeywordForPlatform(KeywordExecutor.groovy:74)
	at com.kms.katalon.core.webui.keyword.WebUiBuiltInKeywords.getText(WebUiBuiltInKeywords.groovy:957)
	at Выполнение бизнес-плана Сверка ПАО Россети все филиалы.Numbers(Выполнение бизнес-плана Сверка ПАО Россети все филиалы:594)
	at Выполнение бизнес-плана Сверка ПАО Россети все филиалы.Filials(Выполнение бизнес-плана Сверка ПАО Россети все филиалы:1005)
	at Выполнение бизнес-плана Сверка ПАО Россети все филиалы.Numbers(Выполнение бизнес-плана Сверка ПАО Россети все филиалы:751)
	at Выполнение бизнес-плана Сверка ПАО Россети все филиалы.run(Выполнение бизнес-плана Сверка ПАО Россети все филиалы:231)
	at com.kms.katalon.core.main.ScriptEngine.run(ScriptEngine.java:194)
	at com.kms.katalon.core.main.ScriptEngine.runScriptAsRawText(ScriptEngine.java:119)
	at com.kms.katalon.core.main.TestCaseExecutor.runScript(TestCaseExecutor.java:448)
	at com.kms.katalon.core.main.TestCaseExecutor.doExecute(TestCaseExecutor.java:439)
	at com.kms.katalon.core.main.TestCaseExecutor.processExecutionPhase(TestCaseExecutor.java:418)
	at com.kms.katalon.core.main.TestCaseExecutor.accessMainPhase(TestCaseExecutor.java:410)
	at com.kms.katalon.core.main.TestCaseExecutor.execute(TestCaseExecutor.java:285)
	at com.kms.katalon.core.common.CommonExecutor.accessTestCaseMainPhase(CommonExecutor.java:65)
	at com.kms.katalon.core.main.TestSuiteExecutor.accessTestSuiteMainPhase(TestSuiteExecutor.java:150)
	at com.kms.katalon.core.main.TestSuiteExecutor.execute(TestSuiteExecutor.java:106)
	at com.kms.katalon.core.main.TestCaseMain.startTestSuite(TestCaseMain.java:180)
	at TempTestSuite1743336560690.run(TempTestSuite1743336560690.groovy:35)
	at java.base/jdk.internal.reflect.NativeMethodAccessorImpl.invoke0(Native Method)
	at java.base/jdk.internal.reflect.NativeMethodAccessorImpl.invoke(NativeMethodAccessorImpl.java:77)
	at java.base/jdk.internal.reflect.DelegatingMethodAccessorImpl.invoke(DelegatingMethodAccessorImpl.java:43)
Caused by: com.kms.katalon.core.webui.exception.WebElementNotFoundException: Web element with id: 'Object Repository/Выполнение бизнес-плана/Значения со страницы Выполнение бизнес-плана/Факт Потери за отчётный период Чувашэнерго' located by '//tr[3]/td[7]' not found
	at com.kms.katalon.core.webui.common.WebUiCommonHelper.findWebElement(WebUiCommonHelper.java:1426)
	at com.kms.katalon.core.webui.keyword.internal.WebUIAbstractKeyword.findWebElement(WebUIAbstractKeyword.groovy:27)
	at com.kms.katalon.core.webui.keyword.internal.WebUIAbstractKeyword.findWebElement(WebUIAbstractKeyword.groovy:26)
	at com.kms.katalon.core.webui.keyword.builtin.GetTextKeyword$_getText_closure1.doCall(GetTextKeyword.groovy:78)
	at com.kms.katalon.core.webui.keyword.builtin.GetTextKeyword$_getText_closure1.call(GetTextKeyword.groovy)
	at com.kms.katalon.core.webui.keyword.internal.WebUIKeywordMain.runKeyword(WebUIKeywordMain.groovy:20)
	at com.kms.katalon.core.webui.keyword.builtin.GetTextKeyword.getText(GetTextKeyword.groovy:88)
	at com.kms.katalon.core.webui.keyword.builtin.GetTextKeyword.execute(GetTextKeyword.groovy:67)
	at com.kms.katalon.core.keyword.internal.KeywordExecutor.executeKeywordForPlatform(KeywordExecutor.groovy:74)
	at com.kms.katalon.core.webui.keyword.WebUiBuiltInKeywords.getText(WebUiBuiltInKeywords.groovy:957)
	at Script1718980020443.Numbers(Script1718980020443.groovy:594)
	at Script1718980020443.Filials(Script1718980020443.groovy:1005)
	at Script1718980020443.Numbers(Script1718980020443.groovy:751)
	at Script1718980020443.run(Script1718980020443.groovy:231)
	... 15 more
)

30-03-2025T17:07:34 - [MESSAGE][INFO] - Unable to find the element located by 'By.xpath: //tr[3]/td[7]'. Please recheck the objects properties to make sure the desired element is located. 

30-03-2025T17:07:34 - [MESSAGE][FAILED] - Unable to get text of object 'Object Repository/Выполнение бизнес-плана/Значения со страницы Выполнение бизнес-плана/Факт Потери за отчётный период Чувашэнерго' (Root cause: com.kms.katalon.core.exception.StepFailedException: Unable to get text of object 'Object Repository/Выполнение бизнес-плана/Значения со страницы Выполнение бизнес-плана/Факт Потери за отчётный период Чувашэнерго'
	at com.kms.katalon.core.webui.keyword.internal.WebUIKeywordMain.stepFailed(WebUIKeywordMain.groovy:64)
	at com.kms.katalon.core.webui.keyword.internal.WebUIKeywordMain.runKeyword(WebUIKeywordMain.groovy:26)
	at com.kms.katalon.core.webui.keyword.builtin.GetTextKeyword.getText(GetTextKeyword.groovy:88)
	at com.kms.katalon.core.webui.keyword.builtin.GetTextKeyword.execute(GetTextKeyword.groovy:67)
	at com.kms.katalon.core.keyword.internal.KeywordExecutor.executeKeywordForPlatform(KeywordExecutor.groovy:74)
	at com.kms.katalon.core.webui.keyword.WebUiBuiltInKeywords.getText(WebUiBuiltInKeywords.groovy:957)
	at Выполнение бизнес-плана Сверка ПАО Россети все филиалы.Numbers(Выполнение бизнес-плана Сверка ПАО Россети все филиалы:594)
	at Выполнение бизнес-плана Сверка ПАО Россети все филиалы.Filials(Выполнение бизнес-плана Сверка ПАО Россети все филиалы:1005)
	at Выполнение бизнес-плана Сверка ПАО Россети все филиалы.Numbers(Выполнение бизнес-плана Сверка ПАО Россети все филиалы:751)
	at Выполнение бизнес-плана Сверка ПАО Россети все филиалы.run(Выполнение бизнес-плана Сверка ПАО Россети все филиалы:231)
	at com.kms.katalon.core.main.ScriptEngine.run(ScriptEngine.java:194)
	at com.kms.katalon.core.main.ScriptEngine.runScriptAsRawText(ScriptEngine.java:119)
	at com.kms.katalon.core.main.TestCaseExecutor.runScript(TestCaseExecutor.java:448)
	at com.kms.katalon.core.main.TestCaseExecutor.doExecute(TestCaseExecutor.java:439)
	at com.kms.katalon.core.main.TestCaseExecutor.processExecutionPhase(TestCaseExecutor.java:418)
	at com.kms.katalon.core.main.TestCaseExecutor.accessMainPhase(TestCaseExecutor.java:410)
	at com.kms.katalon.core.main.TestCaseExecutor.execute(TestCaseExecutor.java:285)
	at com.kms.katalon.core.common.CommonExecutor.accessTestCaseMainPhase(CommonExecutor.java:65)
	at com.kms.katalon.core.main.TestSuiteExecutor.accessTestSuiteMainPhase(TestSuiteExecutor.java:150)
	at com.kms.katalon.core.main.TestSuiteExecutor.execute(TestSuiteExecutor.java:106)
	at com.kms.katalon.core.main.TestCaseMain.startTestSuite(TestCaseMain.java:180)
	at TempTestSuite1743336560690.run(TempTestSuite1743336560690.groovy:35)
	at java.base/jdk.internal.reflect.NativeMethodAccessorImpl.invoke0(Native Method)
	at java.base/jdk.internal.reflect.NativeMethodAccessorImpl.invoke(NativeMethodAccessorImpl.java:77)
	at java.base/jdk.internal.reflect.DelegatingMethodAccessorImpl.invoke(DelegatingMethodAccessorImpl.java:43)
Caused by: com.kms.katalon.core.webui.exception.WebElementNotFoundException: Web element with id: 'Object Repository/Выполнение бизнес-плана/Значения со страницы Выполнение бизнес-плана/Факт Потери за отчётный период Чувашэнерго' located by '//tr[3]/td[7]' not found
	at com.kms.katalon.core.webui.common.WebUiCommonHelper.findWebElement(WebUiCommonHelper.java:1426)
	at com.kms.katalon.core.webui.keyword.internal.WebUIAbstractKeyword.findWebElement(WebUIAbstractKeyword.groovy:27)
	at com.kms.katalon.core.webui.keyword.internal.WebUIAbstractKeyword.findWebElement(WebUIAbstractKeyword.groovy:26)
	at com.kms.katalon.core.webui.keyword.builtin.GetTextKeyword$_getText_closure1.doCall(GetTextKeyword.groovy:78)
	at com.kms.katalon.core.webui.keyword.builtin.GetTextKeyword$_getText_closure1.call(GetTextKeyword.groovy)
	at com.kms.katalon.core.webui.keyword.internal.WebUIKeywordMain.runKeyword(WebUIKeywordMain.groovy:20)
	at com.kms.katalon.core.webui.keyword.builtin.GetTextKeyword.getText(GetTextKeyword.groovy:88)
	at com.kms.katalon.core.webui.keyword.builtin.GetTextKeyword.execute(GetTextKeyword.groovy:67)
	at com.kms.katalon.core.keyword.internal.KeywordExecutor.executeKeywordForPlatform(KeywordExecutor.groovy:74)
	at com.kms.katalon.core.webui.keyword.WebUiBuiltInKeywords.getText(WebUiBuiltInKeywords.groovy:957)
	at Script1718980020443.Numbers(Script1718980020443.groovy:594)
	at Script1718980020443.Filials(Script1718980020443.groovy:1005)
	at Script1718980020443.Numbers(Script1718980020443.groovy:751)
	at Script1718980020443.run(Script1718980020443.groovy:231)
	... 15 more
)
[[ATTACHMENT|C:\\Users\\LIAZGINA-DI\\git\\SPORU\\Reports\\20250330_150919\\\u041F\u043D-\u0421\u0440-\u041F\u0442\\\u0421\u0432\u0435\u0440\u043A\u0430 \u0434\u0430\u0448\u0431\u043E\u0440\u0434\u043E\u0432 \u0438\u0437 \u0440\u0430\u0437\u043D\u044B\u0445 \u0431\u043B\u043E\u043A\u043E\u0432\\20250330_150920\\1743343654394.png]]

30-03-2025T17:07:34 - [TEST_STEP][PASSED] - if (page == "" || page == null): null

30-03-2025T17:07:34 - [TEST_STEP][PASSED] - fileInt = poteri.toInteger(): null

30-03-2025T17:07:34 - [TEST_STEP][PASSED] - Script1718980020443.WriteToExcelNoData(a, typeOfData, todaysDate, fileInt, fileDouble, dZO): null

30-03-2025T17:07:34 - [TEST_STEP][PASSED] - sheetName = "Sheet1": null

30-03-2025T17:07:34 - [TEST_STEP][PASSED] - data = findTestData("PlanFact"): null

30-03-2025T17:07:34 - [TEST_STEP][PASSED] - n = data.getRowNumbers() + 1: null

30-03-2025T17:07:34 - [TEST_STEP][PASSED] - day = ")).toInteger(): null

30-03-2025T17:07:34 - [TEST_STEP][PASSED] - println(day): null

30-03-2025T17:07:34 - [TEST_STEP][PASSED] - month = ")).toInteger(): null

30-03-2025T17:07:34 - [TEST_STEP][PASSED] - println(month): null

30-03-2025T17:07:34 - [TEST_STEP][PASSED] - y = <not implemented yet for class: org.codehaus.groovy.ast.expr.EmptyExpression>: null

30-03-2025T17:07:34 - [TEST_STEP][PASSED] - iy = <not implemented yet for class: org.codehaus.groovy.ast.expr.EmptyExpression>: null

30-03-2025T17:07:34 - [TEST_STEP][PASSED] - m = getText(findTestObject("Выполнение бизнес-плана/Период")): Text of object 'Object Repository/Выполнение бизнес-плана/Период' is: 'Январь 2025 года'

30-03-2025T17:07:34 - [MESSAGE][PASSED] - Text of object 'Object Repository/Выполнение бизнес-плана/Период' is: 'Январь 2025 года'

30-03-2025T17:07:34 - [TEST_STEP][PASSED] - iy = m.indexOf("20"): null

30-03-2025T17:07:34 - [TEST_STEP][PASSED] - if (iy > -1): null

30-03-2025T17:07:34 - [TEST_STEP][PASSED] - y = substring(iy, iy + 4).toInteger(): null

30-03-2025T17:07:34 - [TEST_STEP][PASSED] - println(y): null

30-03-2025T17:07:34 - [TEST_STEP][PASSED] - if (toString().length() == 4): null

30-03-2025T17:07:34 - [TEST_STEP][PASSED] - m = m.substring(0, m.indexOf(y.toString())): null

30-03-2025T17:07:34 - [TEST_STEP][PASSED] - m = m.trim(): null

30-03-2025T17:07:34 - [TEST_STEP][PASSED] - if (m == ""): null

30-03-2025T17:07:34 - [TEST_STEP][PASSED] - dashboardName = "Выполнение бизнес-плана": null

30-03-2025T17:07:34 - [TEST_STEP][PASSED] - workbook01 = getWorkbook(excelFilePath): null

30-03-2025T17:07:34 - [TEST_STEP][PASSED] - sheet01 = getExcelSheet(workbook01, sheetName): null

30-03-2025T17:07:34 - [TEST_STEP][PASSED] - setValueToCellByIndex(sheet01, n, 0, dashboardName): null

30-03-2025T17:07:34 - [TEST_STEP][PASSED] - setValueToCellByIndex(sheet01, n, 1, dZO): null

30-03-2025T17:07:34 - [TEST_STEP][PASSED] - setValueToCellByIndex(sheet01, n, 2, typeOfData): null

30-03-2025T17:07:34 - [TEST_STEP][PASSED] - if (typeOfData == "Факт в процентах" || typeOfData == "План в процентах"): null

30-03-2025T17:07:34 - [TEST_STEP][PASSED] - else: null

30-03-2025T17:07:34 - [TEST_STEP][PASSED] - setValueToCellByIndex(sheet01, n, 3, fileInt): null

30-03-2025T17:07:34 - [TEST_STEP][PASSED] - setValueToCellByIndex(sheet01, n, 4, "нет данных"): null

30-03-2025T17:07:34 - [TEST_STEP][PASSED] - setValueToCellByIndex(sheet01, n, 5, m): null

30-03-2025T17:07:34 - [TEST_STEP][PASSED] - setValueToCellByIndex(sheet01, n, 6, y): null

30-03-2025T17:07:34 - [TEST_STEP][PASSED] - setValueToCellByIndex(sheet01, n, 7, todaysDate): null

30-03-2025T17:07:34 - [TEST_STEP][PASSED] - n = n + 1: null

30-03-2025T17:07:34 - [TEST_STEP][FAILED] - saveWorkbook(excelFilePath, workbook01): null

30-03-2025T17:07:35 - [TEST_STEP][PASSED] - compare = pageOtpuskVSet: null

30-03-2025T17:07:35 - [TEST_STEP][PASSED] - if (pageOtpuskVSet != null): null

30-03-2025T17:07:35 - [TEST_STEP][PASSED] - if (compare == fileOtpuskVSet): null

30-03-2025T17:07:35 - [TEST_STEP][PASSED] - if (compare == fileOtpuskVSet): null

30-03-2025T17:07:35 - [TEST_STEP][PASSED] - compare = pagePoteri: null

30-03-2025T17:07:35 - [TEST_STEP][PASSED] - if (pageOtpuskVSet != null): null

30-03-2025T17:07:35 - [TEST_STEP][PASSED] - if (compare == filePoteri): null

30-03-2025T17:07:35 - [TEST_STEP][PASSED] - if (compare == filePoteri): null

30-03-2025T17:07:35 - [TEST_STEP][PASSED] - if (planFact == 2): null

30-03-2025T17:07:35 - [TEST_STEP][PASSED] - if (planFact == 1): null

30-03-2025T17:07:35 - [TEST_STEP][PASSED] - else if (planFact == 2): null

30-03-2025T17:07:35 - [TEST_STEP][PASSED] - click(findTestObject("Выполнение бизнес-плана/Кнопка План")): Object: 'Object Repository/Выполнение бизнес-плана/Кнопка План' is clicked on

30-03-2025T17:07:35 - [MESSAGE][PASSED] - Object: 'Object Repository/Выполнение бизнес-плана/Кнопка План' is clicked on

30-03-2025T17:07:35 - [TEST_STEP][PASSED] - typeOfDataMain = "План": null

30-03-2025T17:07:35 - [TEST_STEP][PASSED] - otpusk = findTestData("PlanFact").getValue(2, a): null

30-03-2025T17:07:35 - [TEST_STEP][PASSED] - poteri = findTestData("PlanFact").getValue(3, a): null

30-03-2025T17:07:35 - [TEST_STEP][PASSED] - otpusk = otpusk.replaceAll("\s+", ""): null

30-03-2025T17:07:35 - [TEST_STEP][PASSED] - poteri = poteri.replaceAll("\s+", ""): null

30-03-2025T17:07:35 - [TEST_STEP][PASSED] - typeOfData = typeOfDataMain + " Отпуск в сеть": null

30-03-2025T17:07:35 - [TEST_STEP][PASSED] - if (a == 82): null

30-03-2025T17:07:35 - [TEST_STEP][PASSED] - else if (a == 84): null

30-03-2025T17:07:35 - [TEST_STEP][PASSED] - else if (a == 83 || a == 52 || a == 72 || a == 28 || a == 73 || a == 77 || a == 74 || a == 65 || a == 36 || a == 44 || a == 53 || a == 80 || a == 54 || a == 1 || a == 18 || a == 59 || a == 81): null

30-03-2025T17:07:35 - [TEST_STEP][PASSED] - else: null

30-03-2025T17:07:35 - [TEST_STEP][PASSED] - path = dataFolder + typeOfData + " за отчётный период " + b: null

30-03-2025T17:07:35 - [TEST_STEP][PASSED] - println(path): null

30-03-2025T17:07:35 - [TEST_STEP][FAILED] - page = getText(findTestObject(path)): Unable to get text of object 'Object Repository/Выполнение бизнес-плана/Значения со страницы Выполнение бизнес-плана/План Отпуск в сеть за отчётный период Чувашэнерго' (Root cause: com.kms.katalon.core.exception.StepFailedException: Unable to get text of object 'Object Repository/Выполнение бизнес-плана/Значения со страницы Выполнение бизнес-плана/План Отпуск в сеть за отчётный период Чувашэнерго'
	at com.kms.katalon.core.webui.keyword.internal.WebUIKeywordMain.stepFailed(WebUIKeywordMain.groovy:64)
	at com.kms.katalon.core.webui.keyword.internal.WebUIKeywordMain.runKeyword(WebUIKeywordMain.groovy:26)
	at com.kms.katalon.core.webui.keyword.builtin.GetTextKeyword.getText(GetTextKeyword.groovy:88)
	at com.kms.katalon.core.webui.keyword.builtin.GetTextKeyword.execute(GetTextKeyword.groovy:67)
	at com.kms.katalon.core.keyword.internal.KeywordExecutor.executeKeywordForPlatform(KeywordExecutor.groovy:74)
	at com.kms.katalon.core.webui.keyword.WebUiBuiltInKeywords.getText(WebUiBuiltInKeywords.groovy:957)
	at Выполнение бизнес-плана Сверка ПАО Россети все филиалы.Numbers(Выполнение бизнес-плана Сверка ПАО Россети все филиалы:561)
	at Выполнение бизнес-плана Сверка ПАО Россети все филиалы.Filials(Выполнение бизнес-плана Сверка ПАО Россети все филиалы:1005)
	at Выполнение бизнес-плана Сверка ПАО Россети все филиалы.Numbers(Выполнение бизнес-плана Сверка ПАО Россети все филиалы:751)
	at Выполнение бизнес-плана Сверка ПАО Россети все филиалы.run(Выполнение бизнес-плана Сверка ПАО Россети все филиалы:231)
	at com.kms.katalon.core.main.ScriptEngine.run(ScriptEngine.java:194)
	at com.kms.katalon.core.main.ScriptEngine.runScriptAsRawText(ScriptEngine.java:119)
	at com.kms.katalon.core.main.TestCaseExecutor.runScript(TestCaseExecutor.java:448)
	at com.kms.katalon.core.main.TestCaseExecutor.doExecute(TestCaseExecutor.java:439)
	at com.kms.katalon.core.main.TestCaseExecutor.processExecutionPhase(TestCaseExecutor.java:418)
	at com.kms.katalon.core.main.TestCaseExecutor.accessMainPhase(TestCaseExecutor.java:410)
	at com.kms.katalon.core.main.TestCaseExecutor.execute(TestCaseExecutor.java:285)
	at com.kms.katalon.core.common.CommonExecutor.accessTestCaseMainPhase(CommonExecutor.java:65)
	at com.kms.katalon.core.main.TestSuiteExecutor.accessTestSuiteMainPhase(TestSuiteExecutor.java:150)
	at com.kms.katalon.core.main.TestSuiteExecutor.execute(TestSuiteExecutor.java:106)
	at com.kms.katalon.core.main.TestCaseMain.startTestSuite(TestCaseMain.java:180)
	at TempTestSuite1743336560690.run(TempTestSuite1743336560690.groovy:35)
	at java.base/jdk.internal.reflect.NativeMethodAccessorImpl.invoke0(Native Method)
	at java.base/jdk.internal.reflect.NativeMethodAccessorImpl.invoke(NativeMethodAccessorImpl.java:77)
	at java.base/jdk.internal.reflect.DelegatingMethodAccessorImpl.invoke(DelegatingMethodAccessorImpl.java:43)
Caused by: com.kms.katalon.core.webui.exception.WebElementNotFoundException: Web element with id: 'Object Repository/Выполнение бизнес-плана/Значения со страницы Выполнение бизнес-плана/План Отпуск в сеть за отчётный период Чувашэнерго' located by '//div[138]/div[2]/div/div/table/tbody/tr/td[7]' not found
	at com.kms.katalon.core.webui.common.WebUiCommonHelper.findWebElement(WebUiCommonHelper.java:1426)
	at com.kms.katalon.core.webui.keyword.internal.WebUIAbstractKeyword.findWebElement(WebUIAbstractKeyword.groovy:27)
	at com.kms.katalon.core.webui.keyword.internal.WebUIAbstractKeyword.findWebElement(WebUIAbstractKeyword.groovy:26)
	at com.kms.katalon.core.webui.keyword.builtin.GetTextKeyword$_getText_closure1.doCall(GetTextKeyword.groovy:78)
	at com.kms.katalon.core.webui.keyword.builtin.GetTextKeyword$_getText_closure1.call(GetTextKeyword.groovy)
	at com.kms.katalon.core.webui.keyword.internal.WebUIKeywordMain.runKeyword(WebUIKeywordMain.groovy:20)
	at com.kms.katalon.core.webui.keyword.builtin.GetTextKeyword.getText(GetTextKeyword.groovy:88)
	at com.kms.katalon.core.webui.keyword.builtin.GetTextKeyword.execute(GetTextKeyword.groovy:67)
	at com.kms.katalon.core.keyword.internal.KeywordExecutor.executeKeywordForPlatform(KeywordExecutor.groovy:74)
	at com.kms.katalon.core.webui.keyword.WebUiBuiltInKeywords.getText(WebUiBuiltInKeywords.groovy:957)
	at Script1718980020443.Numbers(Script1718980020443.groovy:561)
	at Script1718980020443.Filials(Script1718980020443.groovy:1005)
	at Script1718980020443.Numbers(Script1718980020443.groovy:751)
	at Script1718980020443.run(Script1718980020443.groovy:231)
	... 15 more
)

30-03-2025T17:08:06 - [MESSAGE][INFO] - Unable to find the element located by 'By.xpath: //div[138]/div[2]/div/div/table/tbody/tr/td[7]'. Please recheck the objects properties to make sure the desired element is located. 

30-03-2025T17:08:06 - [MESSAGE][FAILED] - Unable to get text of object 'Object Repository/Выполнение бизнес-плана/Значения со страницы Выполнение бизнес-плана/План Отпуск в сеть за отчётный период Чувашэнерго' (Root cause: com.kms.katalon.core.exception.StepFailedException: Unable to get text of object 'Object Repository/Выполнение бизнес-плана/Значения со страницы Выполнение бизнес-плана/План Отпуск в сеть за отчётный период Чувашэнерго'
	at com.kms.katalon.core.webui.keyword.internal.WebUIKeywordMain.stepFailed(WebUIKeywordMain.groovy:64)
	at com.kms.katalon.core.webui.keyword.internal.WebUIKeywordMain.runKeyword(WebUIKeywordMain.groovy:26)
	at com.kms.katalon.core.webui.keyword.builtin.GetTextKeyword.getText(GetTextKeyword.groovy:88)
	at com.kms.katalon.core.webui.keyword.builtin.GetTextKeyword.execute(GetTextKeyword.groovy:67)
	at com.kms.katalon.core.keyword.internal.KeywordExecutor.executeKeywordForPlatform(KeywordExecutor.groovy:74)
	at com.kms.katalon.core.webui.keyword.WebUiBuiltInKeywords.getText(WebUiBuiltInKeywords.groovy:957)
	at Выполнение бизнес-плана Сверка ПАО Россети все филиалы.Numbers(Выполнение бизнес-плана Сверка ПАО Россети все филиалы:561)
	at Выполнение бизнес-плана Сверка ПАО Россети все филиалы.Filials(Выполнение бизнес-плана Сверка ПАО Россети все филиалы:1005)
	at Выполнение бизнес-плана Сверка ПАО Россети все филиалы.Numbers(Выполнение бизнес-плана Сверка ПАО Россети все филиалы:751)
	at Выполнение бизнес-плана Сверка ПАО Россети все филиалы.run(Выполнение бизнес-плана Сверка ПАО Россети все филиалы:231)
	at com.kms.katalon.core.main.ScriptEngine.run(ScriptEngine.java:194)
	at com.kms.katalon.core.main.ScriptEngine.runScriptAsRawText(ScriptEngine.java:119)
	at com.kms.katalon.core.main.TestCaseExecutor.runScript(TestCaseExecutor.java:448)
	at com.kms.katalon.core.main.TestCaseExecutor.doExecute(TestCaseExecutor.java:439)
	at com.kms.katalon.core.main.TestCaseExecutor.processExecutionPhase(TestCaseExecutor.java:418)
	at com.kms.katalon.core.main.TestCaseExecutor.accessMainPhase(TestCaseExecutor.java:410)
	at com.kms.katalon.core.main.TestCaseExecutor.execute(TestCaseExecutor.java:285)
	at com.kms.katalon.core.common.CommonExecutor.accessTestCaseMainPhase(CommonExecutor.java:65)
	at com.kms.katalon.core.main.TestSuiteExecutor.accessTestSuiteMainPhase(TestSuiteExecutor.java:150)
	at com.kms.katalon.core.main.TestSuiteExecutor.execute(TestSuiteExecutor.java:106)
	at com.kms.katalon.core.main.TestCaseMain.startTestSuite(TestCaseMain.java:180)
	at TempTestSuite1743336560690.run(TempTestSuite1743336560690.groovy:35)
	at java.base/jdk.internal.reflect.NativeMethodAccessorImpl.invoke0(Native Method)
	at java.base/jdk.internal.reflect.NativeMethodAccessorImpl.invoke(NativeMethodAccessorImpl.java:77)
	at java.base/jdk.internal.reflect.DelegatingMethodAccessorImpl.invoke(DelegatingMethodAccessorImpl.java:43)
Caused by: com.kms.katalon.core.webui.exception.WebElementNotFoundException: Web element with id: 'Object Repository/Выполнение бизнес-плана/Значения со страницы Выполнение бизнес-плана/План Отпуск в сеть за отчётный период Чувашэнерго' located by '//div[138]/div[2]/div/div/table/tbody/tr/td[7]' not found
	at com.kms.katalon.core.webui.common.WebUiCommonHelper.findWebElement(WebUiCommonHelper.java:1426)
	at com.kms.katalon.core.webui.keyword.internal.WebUIAbstractKeyword.findWebElement(WebUIAbstractKeyword.groovy:27)
	at com.kms.katalon.core.webui.keyword.internal.WebUIAbstractKeyword.findWebElement(WebUIAbstractKeyword.groovy:26)
	at com.kms.katalon.core.webui.keyword.builtin.GetTextKeyword$_getText_closure1.doCall(GetTextKeyword.groovy:78)
	at com.kms.katalon.core.webui.keyword.builtin.GetTextKeyword$_getText_closure1.call(GetTextKeyword.groovy)
	at com.kms.katalon.core.webui.keyword.internal.WebUIKeywordMain.runKeyword(WebUIKeywordMain.groovy:20)
	at com.kms.katalon.core.webui.keyword.builtin.GetTextKeyword.getText(GetTextKeyword.groovy:88)
	at com.kms.katalon.core.webui.keyword.builtin.GetTextKeyword.execute(GetTextKeyword.groovy:67)
	at com.kms.katalon.core.keyword.internal.KeywordExecutor.executeKeywordForPlatform(KeywordExecutor.groovy:74)
	at com.kms.katalon.core.webui.keyword.WebUiBuiltInKeywords.getText(WebUiBuiltInKeywords.groovy:957)
	at Script1718980020443.Numbers(Script1718980020443.groovy:561)
	at Script1718980020443.Filials(Script1718980020443.groovy:1005)
	at Script1718980020443.Numbers(Script1718980020443.groovy:751)
	at Script1718980020443.run(Script1718980020443.groovy:231)
	... 15 more
)
[[ATTACHMENT|C:\\Users\\LIAZGINA-DI\\git\\SPORU\\Reports\\20250330_150919\\\u041F\u043D-\u0421\u0440-\u041F\u0442\\\u0421\u0432\u0435\u0440\u043A\u0430 \u0434\u0430\u0448\u0431\u043E\u0440\u0434\u043E\u0432 \u0438\u0437 \u0440\u0430\u0437\u043D\u044B\u0445 \u0431\u043B\u043E\u043A\u043E\u0432\\20250330_150920\\1743343686677.png]]

30-03-2025T17:08:06 - [TEST_STEP][PASSED] - if (page == "" || page == null): null

30-03-2025T17:08:06 - [TEST_STEP][PASSED] - fileInt = otpusk.toInteger(): null

30-03-2025T17:08:06 - [TEST_STEP][PASSED] - Script1718980020443.WriteToExcelNoData(a, typeOfData, todaysDate, fileInt, fileDouble, dZO): null

30-03-2025T17:08:06 - [TEST_STEP][PASSED] - sheetName = "Sheet1": null

30-03-2025T17:08:06 - [TEST_STEP][PASSED] - data = findTestData("PlanFact"): null

30-03-2025T17:08:06 - [TEST_STEP][PASSED] - n = data.getRowNumbers() + 1: null

30-03-2025T17:08:06 - [TEST_STEP][PASSED] - day = ")).toInteger(): null

30-03-2025T17:08:06 - [TEST_STEP][PASSED] - println(day): null

30-03-2025T17:08:06 - [TEST_STEP][PASSED] - month = ")).toInteger(): null

30-03-2025T17:08:06 - [TEST_STEP][PASSED] - println(month): null

30-03-2025T17:08:06 - [TEST_STEP][PASSED] - y = <not implemented yet for class: org.codehaus.groovy.ast.expr.EmptyExpression>: null

30-03-2025T17:08:06 - [TEST_STEP][PASSED] - iy = <not implemented yet for class: org.codehaus.groovy.ast.expr.EmptyExpression>: null

30-03-2025T17:08:06 - [TEST_STEP][PASSED] - m = getText(findTestObject("Выполнение бизнес-плана/Период")): Text of object 'Object Repository/Выполнение бизнес-плана/Период' is: 'Январь 2025 года'

30-03-2025T17:08:07 - [MESSAGE][PASSED] - Text of object 'Object Repository/Выполнение бизнес-плана/Период' is: 'Январь 2025 года'

30-03-2025T17:08:07 - [TEST_STEP][PASSED] - iy = m.indexOf("20"): null

30-03-2025T17:08:07 - [TEST_STEP][PASSED] - if (iy > -1): null

30-03-2025T17:08:07 - [TEST_STEP][PASSED] - y = substring(iy, iy + 4).toInteger(): null

30-03-2025T17:08:07 - [TEST_STEP][PASSED] - println(y): null

30-03-2025T17:08:07 - [TEST_STEP][PASSED] - if (toString().length() == 4): null

30-03-2025T17:08:07 - [TEST_STEP][PASSED] - m = m.substring(0, m.indexOf(y.toString())): null

30-03-2025T17:08:07 - [TEST_STEP][PASSED] - m = m.trim(): null

30-03-2025T17:08:07 - [TEST_STEP][PASSED] - if (m == ""): null

30-03-2025T17:08:07 - [TEST_STEP][PASSED] - dashboardName = "Выполнение бизнес-плана": null

30-03-2025T17:08:07 - [TEST_STEP][PASSED] - workbook01 = getWorkbook(excelFilePath): null

30-03-2025T17:08:07 - [TEST_STEP][PASSED] - sheet01 = getExcelSheet(workbook01, sheetName): null

30-03-2025T17:08:07 - [TEST_STEP][PASSED] - setValueToCellByIndex(sheet01, n, 0, dashboardName): null

30-03-2025T17:08:07 - [TEST_STEP][PASSED] - setValueToCellByIndex(sheet01, n, 1, dZO): null

30-03-2025T17:08:07 - [TEST_STEP][PASSED] - setValueToCellByIndex(sheet01, n, 2, typeOfData): null

30-03-2025T17:08:07 - [TEST_STEP][PASSED] - if (typeOfData == "Факт в процентах" || typeOfData == "План в процентах"): null

30-03-2025T17:08:07 - [TEST_STEP][PASSED] - else: null

30-03-2025T17:08:07 - [TEST_STEP][PASSED] - setValueToCellByIndex(sheet01, n, 3, fileInt): null

30-03-2025T17:08:07 - [TEST_STEP][PASSED] - setValueToCellByIndex(sheet01, n, 4, "нет данных"): null

30-03-2025T17:08:07 - [TEST_STEP][PASSED] - setValueToCellByIndex(sheet01, n, 5, m): null

30-03-2025T17:08:07 - [TEST_STEP][PASSED] - setValueToCellByIndex(sheet01, n, 6, y): null

30-03-2025T17:08:07 - [TEST_STEP][PASSED] - setValueToCellByIndex(sheet01, n, 7, todaysDate): null

30-03-2025T17:08:07 - [TEST_STEP][PASSED] - n = n + 1: null

30-03-2025T17:08:07 - [TEST_STEP][FAILED] - saveWorkbook(excelFilePath, workbook01): null

30-03-2025T17:08:07 - [TEST_STEP][PASSED] - typeOfData = typeOfDataMain + " Потери": null

30-03-2025T17:08:07 - [TEST_STEP][PASSED] - if (a == 82): null

30-03-2025T17:08:07 - [TEST_STEP][PASSED] - else if (a == 84): null

30-03-2025T17:08:07 - [TEST_STEP][PASSED] - else if (a == 83 || a == 52 || a == 72 || a == 28 || a == 73 || a == 77 || a == 74 || a == 65 || a == 44 || a == 53 || a == 80 || a == 54 || a == 1 || a == 18 || a == 59 || a == 81): null

30-03-2025T17:08:07 - [TEST_STEP][PASSED] - else: null

30-03-2025T17:08:07 - [TEST_STEP][PASSED] - path = dataFolder + typeOfData + " за отчётный период " + b: null

30-03-2025T17:08:07 - [TEST_STEP][FAILED] - page = getText(findTestObject(path)): Unable to get text of object 'Object Repository/Выполнение бизнес-плана/Значения со страницы Выполнение бизнес-плана/План Потери за отчётный период Чувашэнерго' (Root cause: com.kms.katalon.core.exception.StepFailedException: Unable to get text of object 'Object Repository/Выполнение бизнес-плана/Значения со страницы Выполнение бизнес-плана/План Потери за отчётный период Чувашэнерго'
	at com.kms.katalon.core.webui.keyword.internal.WebUIKeywordMain.stepFailed(WebUIKeywordMain.groovy:64)
	at com.kms.katalon.core.webui.keyword.internal.WebUIKeywordMain.runKeyword(WebUIKeywordMain.groovy:26)
	at com.kms.katalon.core.webui.keyword.builtin.GetTextKeyword.getText(GetTextKeyword.groovy:88)
	at com.kms.katalon.core.webui.keyword.builtin.GetTextKeyword.execute(GetTextKeyword.groovy:67)
	at com.kms.katalon.core.keyword.internal.KeywordExecutor.executeKeywordForPlatform(KeywordExecutor.groovy:74)
	at com.kms.katalon.core.webui.keyword.WebUiBuiltInKeywords.getText(WebUiBuiltInKeywords.groovy:957)
	at Выполнение бизнес-плана Сверка ПАО Россети все филиалы.Numbers(Выполнение бизнес-плана Сверка ПАО Россети все филиалы:594)
	at Выполнение бизнес-плана Сверка ПАО Россети все филиалы.Filials(Выполнение бизнес-плана Сверка ПАО Россети все филиалы:1005)
	at Выполнение бизнес-плана Сверка ПАО Россети все филиалы.Numbers(Выполнение бизнес-плана Сверка ПАО Россети все филиалы:751)
	at Выполнение бизнес-плана Сверка ПАО Россети все филиалы.run(Выполнение бизнес-плана Сверка ПАО Россети все филиалы:231)
	at com.kms.katalon.core.main.ScriptEngine.run(ScriptEngine.java:194)
	at com.kms.katalon.core.main.ScriptEngine.runScriptAsRawText(ScriptEngine.java:119)
	at com.kms.katalon.core.main.TestCaseExecutor.runScript(TestCaseExecutor.java:448)
	at com.kms.katalon.core.main.TestCaseExecutor.doExecute(TestCaseExecutor.java:439)
	at com.kms.katalon.core.main.TestCaseExecutor.processExecutionPhase(TestCaseExecutor.java:418)
	at com.kms.katalon.core.main.TestCaseExecutor.accessMainPhase(TestCaseExecutor.java:410)
	at com.kms.katalon.core.main.TestCaseExecutor.execute(TestCaseExecutor.java:285)
	at com.kms.katalon.core.common.CommonExecutor.accessTestCaseMainPhase(CommonExecutor.java:65)
	at com.kms.katalon.core.main.TestSuiteExecutor.accessTestSuiteMainPhase(TestSuiteExecutor.java:150)
	at com.kms.katalon.core.main.TestSuiteExecutor.execute(TestSuiteExecutor.java:106)
	at com.kms.katalon.core.main.TestCaseMain.startTestSuite(TestCaseMain.java:180)
	at TempTestSuite1743336560690.run(TempTestSuite1743336560690.groovy:35)
	at java.base/jdk.internal.reflect.NativeMethodAccessorImpl.invoke0(Native Method)
	at java.base/jdk.internal.reflect.NativeMethodAccessorImpl.invoke(NativeMethodAccessorImpl.java:77)
	at java.base/jdk.internal.reflect.DelegatingMethodAccessorImpl.invoke(DelegatingMethodAccessorImpl.java:43)
Caused by: com.kms.katalon.core.webui.exception.WebElementNotFoundException: Web element with id: 'Object Repository/Выполнение бизнес-плана/Значения со страницы Выполнение бизнес-плана/План Потери за отчётный период Чувашэнерго' located by '//div[138]/div[2]/div/div/table/tbody/tr[3]/td[7]' not found
	at com.kms.katalon.core.webui.common.WebUiCommonHelper.findWebElement(WebUiCommonHelper.java:1426)
	at com.kms.katalon.core.webui.keyword.internal.WebUIAbstractKeyword.findWebElement(WebUIAbstractKeyword.groovy:27)
	at com.kms.katalon.core.webui.keyword.internal.WebUIAbstractKeyword.findWebElement(WebUIAbstractKeyword.groovy:26)
	at com.kms.katalon.core.webui.keyword.builtin.GetTextKeyword$_getText_closure1.doCall(GetTextKeyword.groovy:78)
	at com.kms.katalon.core.webui.keyword.builtin.GetTextKeyword$_getText_closure1.call(GetTextKeyword.groovy)
	at com.kms.katalon.core.webui.keyword.internal.WebUIKeywordMain.runKeyword(WebUIKeywordMain.groovy:20)
	at com.kms.katalon.core.webui.keyword.builtin.GetTextKeyword.getText(GetTextKeyword.groovy:88)
	at com.kms.katalon.core.webui.keyword.builtin.GetTextKeyword.execute(GetTextKeyword.groovy:67)
	at com.kms.katalon.core.keyword.internal.KeywordExecutor.executeKeywordForPlatform(KeywordExecutor.groovy:74)
	at com.kms.katalon.core.webui.keyword.WebUiBuiltInKeywords.getText(WebUiBuiltInKeywords.groovy:957)
	at Script1718980020443.Numbers(Script1718980020443.groovy:594)
	at Script1718980020443.Filials(Script1718980020443.groovy:1005)
	at Script1718980020443.Numbers(Script1718980020443.groovy:751)
	at Script1718980020443.run(Script1718980020443.groovy:231)
	... 15 more
)

30-03-2025T17:08:38 - [MESSAGE][INFO] - Unable to find the element located by 'By.xpath: //div[138]/div[2]/div/div/table/tbody/tr[3]/td[7]'. Please recheck the objects properties to make sure the desired element is located. 

30-03-2025T17:08:38 - [MESSAGE][FAILED] - Unable to get text of object 'Object Repository/Выполнение бизнес-плана/Значения со страницы Выполнение бизнес-плана/План Потери за отчётный период Чувашэнерго' (Root cause: com.kms.katalon.core.exception.StepFailedException: Unable to get text of object 'Object Repository/Выполнение бизнес-плана/Значения со страницы Выполнение бизнес-плана/План Потери за отчётный период Чувашэнерго'
	at com.kms.katalon.core.webui.keyword.internal.WebUIKeywordMain.stepFailed(WebUIKeywordMain.groovy:64)
	at com.kms.katalon.core.webui.keyword.internal.WebUIKeywordMain.runKeyword(WebUIKeywordMain.groovy:26)
	at com.kms.katalon.core.webui.keyword.builtin.GetTextKeyword.getText(GetTextKeyword.groovy:88)
	at com.kms.katalon.core.webui.keyword.builtin.GetTextKeyword.execute(GetTextKeyword.groovy:67)
	at com.kms.katalon.core.keyword.internal.KeywordExecutor.executeKeywordForPlatform(KeywordExecutor.groovy:74)
	at com.kms.katalon.core.webui.keyword.WebUiBuiltInKeywords.getText(WebUiBuiltInKeywords.groovy:957)
	at Выполнение бизнес-плана Сверка ПАО Россети все филиалы.Numbers(Выполнение бизнес-плана Сверка ПАО Россети все филиалы:594)
	at Выполнение бизнес-плана Сверка ПАО Россети все филиалы.Filials(Выполнение бизнес-плана Сверка ПАО Россети все филиалы:1005)
	at Выполнение бизнес-плана Сверка ПАО Россети все филиалы.Numbers(Выполнение бизнес-плана Сверка ПАО Россети все филиалы:751)
	at Выполнение бизнес-плана Сверка ПАО Россети все филиалы.run(Выполнение бизнес-плана Сверка ПАО Россети все филиалы:231)
	at com.kms.katalon.core.main.ScriptEngine.run(ScriptEngine.java:194)
	at com.kms.katalon.core.main.ScriptEngine.runScriptAsRawText(ScriptEngine.java:119)
	at com.kms.katalon.core.main.TestCaseExecutor.runScript(TestCaseExecutor.java:448)
	at com.kms.katalon.core.main.TestCaseExecutor.doExecute(TestCaseExecutor.java:439)
	at com.kms.katalon.core.main.TestCaseExecutor.processExecutionPhase(TestCaseExecutor.java:418)
	at com.kms.katalon.core.main.TestCaseExecutor.accessMainPhase(TestCaseExecutor.java:410)
	at com.kms.katalon.core.main.TestCaseExecutor.execute(TestCaseExecutor.java:285)
	at com.kms.katalon.core.common.CommonExecutor.accessTestCaseMainPhase(CommonExecutor.java:65)
	at com.kms.katalon.core.main.TestSuiteExecutor.accessTestSuiteMainPhase(TestSuiteExecutor.java:150)
	at com.kms.katalon.core.main.TestSuiteExecutor.execute(TestSuiteExecutor.java:106)
	at com.kms.katalon.core.main.TestCaseMain.startTestSuite(TestCaseMain.java:180)
	at TempTestSuite1743336560690.run(TempTestSuite1743336560690.groovy:35)
	at java.base/jdk.internal.reflect.NativeMethodAccessorImpl.invoke0(Native Method)
	at java.base/jdk.internal.reflect.NativeMethodAccessorImpl.invoke(NativeMethodAccessorImpl.java:77)
	at java.base/jdk.internal.reflect.DelegatingMethodAccessorImpl.invoke(DelegatingMethodAccessorImpl.java:43)
Caused by: com.kms.katalon.core.webui.exception.WebElementNotFoundException: Web element with id: 'Object Repository/Выполнение бизнес-плана/Значения со страницы Выполнение бизнес-плана/План Потери за отчётный период Чувашэнерго' located by '//div[138]/div[2]/div/div/table/tbody/tr[3]/td[7]' not found
	at com.kms.katalon.core.webui.common.WebUiCommonHelper.findWebElement(WebUiCommonHelper.java:1426)
	at com.kms.katalon.core.webui.keyword.internal.WebUIAbstractKeyword.findWebElement(WebUIAbstractKeyword.groovy:27)
	at com.kms.katalon.core.webui.keyword.internal.WebUIAbstractKeyword.findWebElement(WebUIAbstractKeyword.groovy:26)
	at com.kms.katalon.core.webui.keyword.builtin.GetTextKeyword$_getText_closure1.doCall(GetTextKeyword.groovy:78)
	at com.kms.katalon.core.webui.keyword.builtin.GetTextKeyword$_getText_closure1.call(GetTextKeyword.groovy)
	at com.kms.katalon.core.webui.keyword.internal.WebUIKeywordMain.runKeyword(WebUIKeywordMain.groovy:20)
	at com.kms.katalon.core.webui.keyword.builtin.GetTextKeyword.getText(GetTextKeyword.groovy:88)
	at com.kms.katalon.core.webui.keyword.builtin.GetTextKeyword.execute(GetTextKeyword.groovy:67)
	at com.kms.katalon.core.keyword.internal.KeywordExecutor.executeKeywordForPlatform(KeywordExecutor.groovy:74)
	at com.kms.katalon.core.webui.keyword.WebUiBuiltInKeywords.getText(WebUiBuiltInKeywords.groovy:957)
	at Script1718980020443.Numbers(Script1718980020443.groovy:594)
	at Script1718980020443.Filials(Script1718980020443.groovy:1005)
	at Script1718980020443.Numbers(Script1718980020443.groovy:751)
	at Script1718980020443.run(Script1718980020443.groovy:231)
	... 15 more
)
[[ATTACHMENT|C:\\Users\\LIAZGINA-DI\\git\\SPORU\\Reports\\20250330_150919\\\u041F\u043D-\u0421\u0440-\u041F\u0442\\\u0421\u0432\u0435\u0440\u043A\u0430 \u0434\u0430\u0448\u0431\u043E\u0440\u0434\u043E\u0432 \u0438\u0437 \u0440\u0430\u0437\u043D\u044B\u0445 \u0431\u043B\u043E\u043A\u043E\u0432\\20250330_150920\\1743343718555.png]]

30-03-2025T17:08:38 - [TEST_STEP][PASSED] - if (page == "" || page == null): null

30-03-2025T17:08:38 - [TEST_STEP][PASSED] - fileInt = poteri.toInteger(): null

30-03-2025T17:08:38 - [TEST_STEP][PASSED] - Script1718980020443.WriteToExcelNoData(a, typeOfData, todaysDate, fileInt, fileDouble, dZO): null

30-03-2025T17:08:38 - [TEST_STEP][PASSED] - sheetName = "Sheet1": null

30-03-2025T17:08:38 - [TEST_STEP][PASSED] - data = findTestData("PlanFact"): null

30-03-2025T17:08:38 - [TEST_STEP][PASSED] - n = data.getRowNumbers() + 1: null

30-03-2025T17:08:38 - [TEST_STEP][PASSED] - day = ")).toInteger(): null

30-03-2025T17:08:38 - [TEST_STEP][PASSED] - println(day): null

30-03-2025T17:08:38 - [TEST_STEP][PASSED] - month = ")).toInteger(): null

30-03-2025T17:08:38 - [TEST_STEP][PASSED] - println(month): null

30-03-2025T17:08:38 - [TEST_STEP][PASSED] - y = <not implemented yet for class: org.codehaus.groovy.ast.expr.EmptyExpression>: null

30-03-2025T17:08:38 - [TEST_STEP][PASSED] - iy = <not implemented yet for class: org.codehaus.groovy.ast.expr.EmptyExpression>: null

30-03-2025T17:08:38 - [TEST_STEP][PASSED] - m = getText(findTestObject("Выполнение бизнес-плана/Период")): Text of object 'Object Repository/Выполнение бизнес-плана/Период' is: 'Январь 2025 года'

30-03-2025T17:08:38 - [MESSAGE][PASSED] - Text of object 'Object Repository/Выполнение бизнес-плана/Период' is: 'Январь 2025 года'

30-03-2025T17:08:38 - [TEST_STEP][PASSED] - iy = m.indexOf("20"): null

30-03-2025T17:08:38 - [TEST_STEP][PASSED] - if (iy > -1): null

30-03-2025T17:08:38 - [TEST_STEP][PASSED] - y = substring(iy, iy + 4).toInteger(): null

30-03-2025T17:08:38 - [TEST_STEP][PASSED] - println(y): null

30-03-2025T17:08:38 - [TEST_STEP][PASSED] - if (toString().length() == 4): null

30-03-2025T17:08:38 - [TEST_STEP][PASSED] - m = m.substring(0, m.indexOf(y.toString())): null

30-03-2025T17:08:38 - [TEST_STEP][PASSED] - m = m.trim(): null

30-03-2025T17:08:38 - [TEST_STEP][PASSED] - if (m == ""): null

30-03-2025T17:08:38 - [TEST_STEP][PASSED] - dashboardName = "Выполнение бизнес-плана": null

30-03-2025T17:08:38 - [TEST_STEP][PASSED] - workbook01 = getWorkbook(excelFilePath): null

30-03-2025T17:08:39 - [TEST_STEP][PASSED] - sheet01 = getExcelSheet(workbook01, sheetName): null

30-03-2025T17:08:39 - [TEST_STEP][PASSED] - setValueToCellByIndex(sheet01, n, 0, dashboardName): null

30-03-2025T17:08:39 - [TEST_STEP][PASSED] - setValueToCellByIndex(sheet01, n, 1, dZO): null

30-03-2025T17:08:39 - [TEST_STEP][PASSED] - setValueToCellByIndex(sheet01, n, 2, typeOfData): null

30-03-2025T17:08:39 - [TEST_STEP][PASSED] - if (typeOfData == "Факт в процентах" || typeOfData == "План в процентах"): null

30-03-2025T17:08:39 - [TEST_STEP][PASSED] - else: null

30-03-2025T17:08:39 - [TEST_STEP][PASSED] - setValueToCellByIndex(sheet01, n, 3, fileInt): null

30-03-2025T17:08:39 - [TEST_STEP][PASSED] - setValueToCellByIndex(sheet01, n, 4, "нет данных"): null

30-03-2025T17:08:39 - [TEST_STEP][PASSED] - setValueToCellByIndex(sheet01, n, 5, m): null

30-03-2025T17:08:39 - [TEST_STEP][PASSED] - setValueToCellByIndex(sheet01, n, 6, y): null

30-03-2025T17:08:39 - [TEST_STEP][PASSED] - setValueToCellByIndex(sheet01, n, 7, todaysDate): null

30-03-2025T17:08:39 - [TEST_STEP][PASSED] - n = n + 1: null

30-03-2025T17:08:39 - [TEST_STEP][PASSED] - saveWorkbook(excelFilePath, workbook01): Object: 'Object Repository/Выполнение бизнес-плана/Кнопка Факт' is clicked on

30-03-2025T17:08:39 - [TEST_STEP][PASSED] - compare = pageOtpuskVSet: null

30-03-2025T17:08:39 - [TEST_STEP][PASSED] - if (pageOtpuskVSet != null): null

30-03-2025T17:08:39 - [TEST_STEP][PASSED] - if (compare == fileOtpuskVSet): null

30-03-2025T17:08:39 - [TEST_STEP][PASSED] - if (compare == fileOtpuskVSet): null

30-03-2025T17:08:39 - [TEST_STEP][PASSED] - compare = pagePoteri: null

30-03-2025T17:08:39 - [TEST_STEP][PASSED] - if (pageOtpuskVSet != null): null

30-03-2025T17:08:39 - [TEST_STEP][PASSED] - if (compare == filePoteri): null

30-03-2025T17:08:39 - [TEST_STEP][PASSED] - if (compare == filePoteri): null

30-03-2025T17:08:39 - [TEST_STEP][PASSED] - if (planFact == 2): Object: 'Object Repository/Выполнение бизнес-плана/Кнопка Факт' is clicked on

30-03-2025T17:08:39 - [TEST_STEP][PASSED] - click(findTestObject("Выполнение бизнес-плана/Кнопка Факт")): Object: 'Object Repository/Выполнение бизнес-плана/Кнопка Факт' is clicked on

30-03-2025T17:08:39 - [MESSAGE][PASSED] - Object: 'Object Repository/Выполнение бизнес-плана/Кнопка Факт' is clicked on

30-03-2025T17:08:39 - [TEST_STEP][PASSED] - println("a=" + a): null

30-03-2025T17:08:39 - [TEST_STEP][PASSED] - if (a == 84 || a == 82): null

30-03-2025T17:08:39 - [TEST_STEP][PASSED] - else if (a == 83 || a == 52 || a == 72 || a == 28 || a == 73 || a == 77 || a == 74 || a == 65 || a == 36 || a == 44 || a == 53 || a == 80 || a == 54 || a == 1 || a == 18 || a == 59 || a == 81): null

30-03-2025T17:08:39 - [TEST_STEP][PASSED] - else: null

30-03-2025T17:08:39 - [TEST_STEP][PASSED] - page1 = getText(findTestObject("Object Repository/Выполнение бизнес-плана/spanPlan" + filialNum)): Text of object 'Object Repository/Выполнение бизнес-плана/spanPlan5' is: '8.75
|'

30-03-2025T17:08:39 - [MESSAGE][PASSED] - Text of object 'Object Repository/Выполнение бизнес-плана/spanPlan5' is: '8.75
|'

30-03-2025T17:08:39 - [TEST_STEP][PASSED] - page1 = page1.replace("|", ""): null

30-03-2025T17:08:39 - [TEST_STEP][PASSED] - page2 = getText(findTestObject("Object Repository/Выполнение бизнес-плана/spanFact" + filialNum)): Text of object 'Object Repository/Выполнение бизнес-плана/spanFact5' is: '6.78
|'

30-03-2025T17:08:40 - [MESSAGE][PASSED] - Text of object 'Object Repository/Выполнение бизнес-плана/spanFact5' is: '6.78
|'

30-03-2025T17:08:40 - [TEST_STEP][PASSED] - page2 = page2.replace("|", ""): null

30-03-2025T17:08:40 - [TEST_STEP][PASSED] - println("page1: " + page1): null

30-03-2025T17:08:40 - [TEST_STEP][PASSED] - println("page2: " + page2): null

30-03-2025T17:08:40 - [TEST_STEP][PASSED] - file = findTestData("PlanFact").getValue(4, a): null

30-03-2025T17:08:40 - [TEST_STEP][PASSED] - file = file.replace(",", "."): null

30-03-2025T17:08:40 - [TEST_STEP][PASSED] - println("file Plan: " + file): null

30-03-2025T17:08:40 - [TEST_STEP][PASSED] - typeOfData = "План в процентах": null

30-03-2025T17:08:40 - [TEST_STEP][PASSED] - fileDouble = file.toDouble(): null

30-03-2025T17:08:40 - [TEST_STEP][PASSED] - pageDouble = page1.toDouble(): null

30-03-2025T17:08:40 - [TEST_STEP][PASSED] - if (fileDouble != pageDouble): null

30-03-2025T17:08:40 - [TEST_STEP][PASSED] - file = findTestData("PlanFact").getValue(7, a): null

30-03-2025T17:08:40 - [TEST_STEP][PASSED] - file = file.replace(",", "."): null

30-03-2025T17:08:40 - [TEST_STEP][PASSED] - println("file Fact: " + file): null

30-03-2025T17:08:40 - [TEST_STEP][PASSED] - fileDouble = file.toDouble(): null

30-03-2025T17:08:40 - [TEST_STEP][PASSED] - typeOfData = "Факт в процентах": null

30-03-2025T17:08:40 - [TEST_STEP][PASSED] - fileDouble = file.toDouble(): null

30-03-2025T17:08:40 - [TEST_STEP][PASSED] - pageDouble = page2.toDouble(): null

30-03-2025T17:08:40 - [TEST_STEP][PASSED] - if (fileDouble != pageDouble): null

30-03-2025T17:08:40 - [TEST_STEP][PASSED] - if (verifyEqual(numberOfErrors, 0) == false): Actual object '0' and expected object '0' are equal

30-03-2025T17:08:40 - [MESSAGE][PASSED] - Actual object '0' and expected object '0' are equal

30-03-2025T17:08:40 - [TEST_STEP][PASSED] - if (a == 82): null

30-03-2025T17:08:40 - [TEST_STEP][PASSED] - filialNum = 0: null

30-03-2025T17:08:40 - [TEST_STEP][PASSED] - if (a == 77): null

30-03-2025T17:08:40 - [TEST_STEP][PASSED] - if (a == 74): null

30-03-2025T17:08:40 - [TEST_STEP][PASSED] - if (a == 65): null

30-03-2025T17:08:40 - [TEST_STEP][PASSED] - if (a == 1): null

30-03-2025T17:08:40 - [TEST_STEP][PASSED] - if (a == 18): null

30-03-2025T17:08:40 - [TEST_STEP][PASSED] - if (a == 36): null

30-03-2025T17:08:40 - [TEST_STEP][PASSED] - if (a == 44): null

30-03-2025T17:08:40 - [TEST_STEP][PASSED] - if (a == 54): null

30-03-2025T17:08:40 - [TEST_STEP][PASSED] - if (a == 59): null

30-03-2025T17:08:40 - [TEST_STEP][PASSED] - Script1718980020443.OpenFilter(): null

30-03-2025T17:08:40 - [TEST_STEP][PASSED] - click(findTestObject("Object Repository/Выполнение бизнес-плана/Фильтр ДЗО")): Object: 'Object Repository/Выполнение бизнес-плана/Фильтр ДЗО' is clicked on

30-03-2025T17:08:40 - [MESSAGE][PASSED] - Object: 'Object Repository/Выполнение бизнес-плана/Фильтр ДЗО' is clicked on

30-03-2025T17:08:40 - [TEST_STEP][PASSED] - click(findTestObject("Выполнение бизнес-плана/Снять выделение в фильтре ДЗО")): Object: 'Object Repository/Выполнение бизнес-плана/Снять выделение в фильтре ДЗО' is clicked on

30-03-2025T17:08:41 - [MESSAGE][PASSED] - Object: 'Object Repository/Выполнение бизнес-плана/Снять выделение в фильтре ДЗО' is clicked on

30-03-2025T17:08:41 - [TEST_STEP][PASSED] - Script1718980020443.CloseFilter(): null

30-03-2025T17:08:41 - [TEST_STEP][PASSED] - scrollToElement(findTestObject("Выполнение бизнес-плана/Заголовок дашборда"), 30): Scroll to object 'Object Repository/Выполнение бизнес-плана/Заголовок дашборда' successfully

30-03-2025T17:08:41 - [MESSAGE][PASSED] - Scroll to object 'Object Repository/Выполнение бизнес-плана/Заголовок дашборда' successfully

30-03-2025T17:08:41 - [TEST_STEP][PASSED] - click(findTestObject("Object Repository/Выполнение бизнес-плана/Применить в фильтре ДЗО")): Object: 'Object Repository/Выполнение бизнес-плана/Применить в фильтре ДЗО' is clicked on

30-03-2025T17:08:42 - [MESSAGE][PASSED] - Object: 'Object Repository/Выполнение бизнес-плана/Применить в фильтре ДЗО' is clicked on

30-03-2025T17:08:42 - [TEST_STEP][PASSED] - delay(60): Delayed 60 second(s)

30-03-2025T17:09:42 - [MESSAGE][PASSED] - Delayed 60 second(s)

30-03-2025T17:09:42 - [TEST_STEP][PASSED] - if (a == 82): null

30-03-2025T17:09:42 - [TEST_STEP][PASSED] - println(dzoNum): null

30-03-2025T17:09:42 - [TEST_STEP][PASSED] - dZO = "Россети Кубань": null

30-03-2025T17:09:42 - [TEST_STEP][PASSED] - a = 73: null

30-03-2025T17:09:42 - [TEST_STEP][PASSED] - if (x1.contains("Кубань")): null

30-03-2025T17:09:42 - [TEST_STEP][PASSED] - else: null

30-03-2025T17:09:42 - [TEST_STEP][PASSED] - Script1718980020443.NoData(a, typeOfData, todaysDate, fileInt, fileDouble, dZO): null

30-03-2025T17:09:42 - [TEST_STEP][PASSED] - println(a): null

30-03-2025T17:09:42 - [TEST_STEP][PASSED] - println(todaysDate): null

30-03-2025T17:09:42 - [TEST_STEP][PASSED] - println(fileInt): null

30-03-2025T17:09:42 - [TEST_STEP][PASSED] - println(fileDouble): null

30-03-2025T17:09:42 - [TEST_STEP][PASSED] - println(dZO): null

30-03-2025T17:09:42 - [TEST_STEP][PASSED] - typeOfData = "Факт Отпуск в сеть": null

30-03-2025T17:09:42 - [TEST_STEP][PASSED] - fileInt = replaceAll("\s+", "").toInteger(): null

30-03-2025T17:09:42 - [TEST_STEP][PASSED] - Script1718980020443.WriteToExcelNoData(a, typeOfData, todaysDate, fileInt, fileDouble, dZO): null

30-03-2025T17:09:42 - [TEST_STEP][PASSED] - sheetName = "Sheet1": null

30-03-2025T17:09:42 - [TEST_STEP][PASSED] - data = findTestData("PlanFact"): null

30-03-2025T17:09:42 - [TEST_STEP][PASSED] - n = data.getRowNumbers() + 1: null

30-03-2025T17:09:42 - [TEST_STEP][PASSED] - day = ")).toInteger(): null

30-03-2025T17:09:42 - [TEST_STEP][PASSED] - println(day): null

30-03-2025T17:09:42 - [TEST_STEP][PASSED] - month = ")).toInteger(): null

30-03-2025T17:09:42 - [TEST_STEP][PASSED] - println(month): null

30-03-2025T17:09:42 - [TEST_STEP][PASSED] - y = <not implemented yet for class: org.codehaus.groovy.ast.expr.EmptyExpression>: null

30-03-2025T17:09:42 - [TEST_STEP][PASSED] - iy = <not implemented yet for class: org.codehaus.groovy.ast.expr.EmptyExpression>: null

30-03-2025T17:09:42 - [TEST_STEP][PASSED] - m = getText(findTestObject("Выполнение бизнес-плана/Период")): Text of object 'Object Repository/Выполнение бизнес-плана/Период' is: 'Январь 2025 года'

30-03-2025T17:09:42 - [MESSAGE][PASSED] - Text of object 'Object Repository/Выполнение бизнес-плана/Период' is: 'Январь 2025 года'

30-03-2025T17:09:42 - [TEST_STEP][PASSED] - iy = m.indexOf("20"): null

30-03-2025T17:09:42 - [TEST_STEP][PASSED] - if (iy > -1): null

30-03-2025T17:09:42 - [TEST_STEP][PASSED] - y = substring(iy, iy + 4).toInteger(): null

30-03-2025T17:09:42 - [TEST_STEP][PASSED] - println(y): null

30-03-2025T17:09:42 - [TEST_STEP][PASSED] - if (toString().length() == 4): null

30-03-2025T17:09:42 - [TEST_STEP][PASSED] - m = m.substring(0, m.indexOf(y.toString())): null

30-03-2025T17:09:42 - [TEST_STEP][PASSED] - m = m.trim(): null

30-03-2025T17:09:42 - [TEST_STEP][PASSED] - if (m == ""): null

30-03-2025T17:09:42 - [TEST_STEP][PASSED] - dashboardName = "Выполнение бизнес-плана": null

30-03-2025T17:09:42 - [TEST_STEP][PASSED] - workbook01 = getWorkbook(excelFilePath): null

30-03-2025T17:09:42 - [TEST_STEP][PASSED] - sheet01 = getExcelSheet(workbook01, sheetName): null

30-03-2025T17:09:42 - [TEST_STEP][PASSED] - setValueToCellByIndex(sheet01, n, 0, dashboardName): null

30-03-2025T17:09:42 - [TEST_STEP][PASSED] - setValueToCellByIndex(sheet01, n, 1, dZO): null

30-03-2025T17:09:42 - [TEST_STEP][PASSED] - setValueToCellByIndex(sheet01, n, 2, typeOfData): null

30-03-2025T17:09:42 - [TEST_STEP][PASSED] - if (typeOfData == "Факт в процентах" || typeOfData == "План в процентах"): null

30-03-2025T17:09:42 - [TEST_STEP][PASSED] - else: null

30-03-2025T17:09:42 - [TEST_STEP][PASSED] - setValueToCellByIndex(sheet01, n, 3, fileInt): null

30-03-2025T17:09:42 - [TEST_STEP][PASSED] - setValueToCellByIndex(sheet01, n, 4, "нет данных"): null

30-03-2025T17:09:42 - [TEST_STEP][PASSED] - setValueToCellByIndex(sheet01, n, 5, m): null

30-03-2025T17:09:42 - [TEST_STEP][PASSED] - setValueToCellByIndex(sheet01, n, 6, y): null

30-03-2025T17:09:42 - [TEST_STEP][PASSED] - setValueToCellByIndex(sheet01, n, 7, todaysDate): null

30-03-2025T17:09:42 - [TEST_STEP][PASSED] - n = n + 1: null

30-03-2025T17:09:42 - [TEST_STEP][PASSED] - saveWorkbook(excelFilePath, workbook01): null

30-03-2025T17:09:43 - [TEST_STEP][PASSED] - typeOfData = "Факт Потери": null

30-03-2025T17:09:43 - [TEST_STEP][PASSED] - fileInt = replaceAll("\s+", "").toInteger(): null

30-03-2025T17:09:43 - [TEST_STEP][PASSED] - Script1718980020443.WriteToExcelNoData(a, typeOfData, todaysDate, fileInt, fileDouble, dZO): null

30-03-2025T17:09:43 - [TEST_STEP][PASSED] - sheetName = "Sheet1": null

30-03-2025T17:09:43 - [TEST_STEP][PASSED] - data = findTestData("PlanFact"): null

30-03-2025T17:09:43 - [TEST_STEP][PASSED] - n = data.getRowNumbers() + 1: null

30-03-2025T17:09:43 - [TEST_STEP][PASSED] - day = ")).toInteger(): null

30-03-2025T17:09:43 - [TEST_STEP][PASSED] - println(day): null

30-03-2025T17:09:43 - [TEST_STEP][PASSED] - month = ")).toInteger(): null

30-03-2025T17:09:43 - [TEST_STEP][PASSED] - println(month): null

30-03-2025T17:09:43 - [TEST_STEP][PASSED] - y = <not implemented yet for class: org.codehaus.groovy.ast.expr.EmptyExpression>: null

30-03-2025T17:09:43 - [TEST_STEP][PASSED] - iy = <not implemented yet for class: org.codehaus.groovy.ast.expr.EmptyExpression>: null

30-03-2025T17:09:43 - [TEST_STEP][PASSED] - m = getText(findTestObject("Выполнение бизнес-плана/Период")): Text of object 'Object Repository/Выполнение бизнес-плана/Период' is: 'Январь 2025 года'

30-03-2025T17:09:43 - [MESSAGE][PASSED] - Text of object 'Object Repository/Выполнение бизнес-плана/Период' is: 'Январь 2025 года'

30-03-2025T17:09:43 - [TEST_STEP][PASSED] - iy = m.indexOf("20"): null

30-03-2025T17:09:43 - [TEST_STEP][PASSED] - if (iy > -1): null

30-03-2025T17:09:43 - [TEST_STEP][PASSED] - y = substring(iy, iy + 4).toInteger(): null

30-03-2025T17:09:43 - [TEST_STEP][PASSED] - println(y): null

30-03-2025T17:09:43 - [TEST_STEP][PASSED] - if (toString().length() == 4): null

30-03-2025T17:09:43 - [TEST_STEP][PASSED] - m = m.substring(0, m.indexOf(y.toString())): null

30-03-2025T17:09:43 - [TEST_STEP][PASSED] - m = m.trim(): null

30-03-2025T17:09:43 - [TEST_STEP][PASSED] - if (m == ""): null

30-03-2025T17:09:43 - [TEST_STEP][PASSED] - dashboardName = "Выполнение бизнес-плана": null

30-03-2025T17:09:43 - [TEST_STEP][PASSED] - workbook01 = getWorkbook(excelFilePath): null

30-03-2025T17:09:43 - [TEST_STEP][PASSED] - sheet01 = getExcelSheet(workbook01, sheetName): null

30-03-2025T17:09:43 - [TEST_STEP][PASSED] - setValueToCellByIndex(sheet01, n, 0, dashboardName): null

30-03-2025T17:09:43 - [TEST_STEP][PASSED] - setValueToCellByIndex(sheet01, n, 1, dZO): null

30-03-2025T17:09:43 - [TEST_STEP][PASSED] - setValueToCellByIndex(sheet01, n, 2, typeOfData): null

30-03-2025T17:09:43 - [TEST_STEP][PASSED] - if (typeOfData == "Факт в процентах" || typeOfData == "План в процентах"): null

30-03-2025T17:09:43 - [TEST_STEP][PASSED] - else: null

30-03-2025T17:09:43 - [TEST_STEP][PASSED] - setValueToCellByIndex(sheet01, n, 3, fileInt): null

30-03-2025T17:09:43 - [TEST_STEP][PASSED] - setValueToCellByIndex(sheet01, n, 4, "нет данных"): null

30-03-2025T17:09:43 - [TEST_STEP][PASSED] - setValueToCellByIndex(sheet01, n, 5, m): null

30-03-2025T17:09:43 - [TEST_STEP][PASSED] - setValueToCellByIndex(sheet01, n, 6, y): null

30-03-2025T17:09:43 - [TEST_STEP][PASSED] - setValueToCellByIndex(sheet01, n, 7, todaysDate): null

30-03-2025T17:09:43 - [TEST_STEP][PASSED] - n = n + 1: null

30-03-2025T17:09:43 - [TEST_STEP][PASSED] - saveWorkbook(excelFilePath, workbook01): null

30-03-2025T17:09:43 - [TEST_STEP][PASSED] - typeOfData = "План Отпуск в сеть": null

30-03-2025T17:09:43 - [TEST_STEP][PASSED] - fileInt = replaceAll("\s+", "").toInteger(): null

30-03-2025T17:09:43 - [TEST_STEP][PASSED] - Script1718980020443.WriteToExcelNoData(a, typeOfData, todaysDate, fileInt, fileDouble, dZO): null

30-03-2025T17:09:43 - [TEST_STEP][PASSED] - sheetName = "Sheet1": null

30-03-2025T17:09:43 - [TEST_STEP][PASSED] - data = findTestData("PlanFact"): null

30-03-2025T17:09:43 - [TEST_STEP][PASSED] - n = data.getRowNumbers() + 1: null

30-03-2025T17:09:43 - [TEST_STEP][PASSED] - day = ")).toInteger(): null

30-03-2025T17:09:43 - [TEST_STEP][PASSED] - println(day): null

30-03-2025T17:09:43 - [TEST_STEP][PASSED] - month = ")).toInteger(): null

30-03-2025T17:09:43 - [TEST_STEP][PASSED] - println(month): null

30-03-2025T17:09:43 - [TEST_STEP][PASSED] - y = <not implemented yet for class: org.codehaus.groovy.ast.expr.EmptyExpression>: null

30-03-2025T17:09:43 - [TEST_STEP][PASSED] - iy = <not implemented yet for class: org.codehaus.groovy.ast.expr.EmptyExpression>: null

30-03-2025T17:09:43 - [TEST_STEP][PASSED] - m = getText(findTestObject("Выполнение бизнес-плана/Период")): Text of object 'Object Repository/Выполнение бизнес-плана/Период' is: 'Январь 2025 года'

30-03-2025T17:09:44 - [MESSAGE][PASSED] - Text of object 'Object Repository/Выполнение бизнес-плана/Период' is: 'Январь 2025 года'

30-03-2025T17:09:44 - [TEST_STEP][PASSED] - iy = m.indexOf("20"): null

30-03-2025T17:09:44 - [TEST_STEP][PASSED] - if (iy > -1): null

30-03-2025T17:09:44 - [TEST_STEP][PASSED] - y = substring(iy, iy + 4).toInteger(): null

30-03-2025T17:09:44 - [TEST_STEP][PASSED] - println(y): null

30-03-2025T17:09:44 - [TEST_STEP][PASSED] - if (toString().length() == 4): null

30-03-2025T17:09:44 - [TEST_STEP][PASSED] - m = m.substring(0, m.indexOf(y.toString())): null

30-03-2025T17:09:44 - [TEST_STEP][PASSED] - m = m.trim(): null

30-03-2025T17:09:44 - [TEST_STEP][PASSED] - if (m == ""): null

30-03-2025T17:09:44 - [TEST_STEP][PASSED] - dashboardName = "Выполнение бизнес-плана": null

30-03-2025T17:09:44 - [TEST_STEP][PASSED] - workbook01 = getWorkbook(excelFilePath): null

30-03-2025T17:09:44 - [TEST_STEP][PASSED] - sheet01 = getExcelSheet(workbook01, sheetName): null

30-03-2025T17:09:44 - [TEST_STEP][PASSED] - setValueToCellByIndex(sheet01, n, 0, dashboardName): null

30-03-2025T17:09:44 - [TEST_STEP][PASSED] - setValueToCellByIndex(sheet01, n, 1, dZO): null

30-03-2025T17:09:44 - [TEST_STEP][PASSED] - setValueToCellByIndex(sheet01, n, 2, typeOfData): null

30-03-2025T17:09:44 - [TEST_STEP][PASSED] - if (typeOfData == "Факт в процентах" || typeOfData == "План в процентах"): null

30-03-2025T17:09:44 - [TEST_STEP][PASSED] - else: null

30-03-2025T17:09:44 - [TEST_STEP][PASSED] - setValueToCellByIndex(sheet01, n, 3, fileInt): null

30-03-2025T17:09:44 - [TEST_STEP][PASSED] - setValueToCellByIndex(sheet01, n, 4, "нет данных"): null

30-03-2025T17:09:44 - [TEST_STEP][PASSED] - setValueToCellByIndex(sheet01, n, 5, m): null

30-03-2025T17:09:44 - [TEST_STEP][PASSED] - setValueToCellByIndex(sheet01, n, 6, y): null

30-03-2025T17:09:44 - [TEST_STEP][PASSED] - setValueToCellByIndex(sheet01, n, 7, todaysDate): null

30-03-2025T17:09:44 - [TEST_STEP][PASSED] - n = n + 1: null

30-03-2025T17:09:44 - [TEST_STEP][PASSED] - saveWorkbook(excelFilePath, workbook01): null

30-03-2025T17:09:44 - [TEST_STEP][PASSED] - typeOfData = "План Потери": null

30-03-2025T17:09:44 - [TEST_STEP][PASSED] - fileInt = replaceAll("\s+", "").toInteger(): null

30-03-2025T17:09:44 - [TEST_STEP][PASSED] - Script1718980020443.WriteToExcelNoData(a, typeOfData, todaysDate, fileInt, fileDouble, dZO): null

30-03-2025T17:09:44 - [TEST_STEP][PASSED] - sheetName = "Sheet1": null

30-03-2025T17:09:44 - [TEST_STEP][PASSED] - data = findTestData("PlanFact"): null

30-03-2025T17:09:44 - [TEST_STEP][PASSED] - n = data.getRowNumbers() + 1: null

30-03-2025T17:09:44 - [TEST_STEP][PASSED] - day = ")).toInteger(): null

30-03-2025T17:09:44 - [TEST_STEP][PASSED] - println(day): null

30-03-2025T17:09:44 - [TEST_STEP][PASSED] - month = ")).toInteger(): null

30-03-2025T17:09:44 - [TEST_STEP][PASSED] - println(month): null

30-03-2025T17:09:44 - [TEST_STEP][PASSED] - y = <not implemented yet for class: org.codehaus.groovy.ast.expr.EmptyExpression>: null

30-03-2025T17:09:44 - [TEST_STEP][PASSED] - iy = <not implemented yet for class: org.codehaus.groovy.ast.expr.EmptyExpression>: null

30-03-2025T17:09:44 - [TEST_STEP][PASSED] - m = getText(findTestObject("Выполнение бизнес-плана/Период")): Text of object 'Object Repository/Выполнение бизнес-плана/Период' is: 'Январь 2025 года'

30-03-2025T17:09:44 - [MESSAGE][PASSED] - Text of object 'Object Repository/Выполнение бизнес-плана/Период' is: 'Январь 2025 года'

30-03-2025T17:09:44 - [TEST_STEP][PASSED] - iy = m.indexOf("20"): null

30-03-2025T17:09:44 - [TEST_STEP][PASSED] - if (iy > -1): null

30-03-2025T17:09:44 - [TEST_STEP][PASSED] - y = substring(iy, iy + 4).toInteger(): null

30-03-2025T17:09:44 - [TEST_STEP][PASSED] - println(y): null

30-03-2025T17:09:44 - [TEST_STEP][PASSED] - if (toString().length() == 4): null

30-03-2025T17:09:44 - [TEST_STEP][PASSED] - m = m.substring(0, m.indexOf(y.toString())): null

30-03-2025T17:09:44 - [TEST_STEP][PASSED] - m = m.trim(): null

30-03-2025T17:09:44 - [TEST_STEP][PASSED] - if (m == ""): null

30-03-2025T17:09:44 - [TEST_STEP][PASSED] - dashboardName = "Выполнение бизнес-плана": null

30-03-2025T17:09:44 - [TEST_STEP][PASSED] - workbook01 = getWorkbook(excelFilePath): null

30-03-2025T17:09:44 - [TEST_STEP][PASSED] - sheet01 = getExcelSheet(workbook01, sheetName): null

30-03-2025T17:09:44 - [TEST_STEP][PASSED] - setValueToCellByIndex(sheet01, n, 0, dashboardName): null

30-03-2025T17:09:44 - [TEST_STEP][PASSED] - setValueToCellByIndex(sheet01, n, 1, dZO): null

30-03-2025T17:09:44 - [TEST_STEP][PASSED] - setValueToCellByIndex(sheet01, n, 2, typeOfData): null

30-03-2025T17:09:44 - [TEST_STEP][PASSED] - if (typeOfData == "Факт в процентах" || typeOfData == "План в процентах"): null

30-03-2025T17:09:44 - [TEST_STEP][PASSED] - else: null

30-03-2025T17:09:44 - [TEST_STEP][PASSED] - setValueToCellByIndex(sheet01, n, 3, fileInt): null

30-03-2025T17:09:44 - [TEST_STEP][PASSED] - setValueToCellByIndex(sheet01, n, 4, "нет данных"): null

30-03-2025T17:09:44 - [TEST_STEP][PASSED] - setValueToCellByIndex(sheet01, n, 5, m): null

30-03-2025T17:09:44 - [TEST_STEP][PASSED] - setValueToCellByIndex(sheet01, n, 6, y): null

30-03-2025T17:09:44 - [TEST_STEP][PASSED] - setValueToCellByIndex(sheet01, n, 7, todaysDate): null

30-03-2025T17:09:44 - [TEST_STEP][PASSED] - n = n + 1: null

30-03-2025T17:09:44 - [TEST_STEP][PASSED] - saveWorkbook(excelFilePath, workbook01): null

30-03-2025T17:09:45 - [TEST_STEP][PASSED] - typeOfData = "План в процентах": null

30-03-2025T17:09:45 - [TEST_STEP][PASSED] - fileDouble = ").toDouble(): null

30-03-2025T17:09:45 - [TEST_STEP][PASSED] - Script1718980020443.WriteToExcelNoData(a, typeOfData, todaysDate, fileInt, fileDouble, dZO): null

30-03-2025T17:09:45 - [TEST_STEP][PASSED] - sheetName = "Sheet1": null

30-03-2025T17:09:45 - [TEST_STEP][PASSED] - data = findTestData("PlanFact"): null

30-03-2025T17:09:45 - [TEST_STEP][PASSED] - n = data.getRowNumbers() + 1: null

30-03-2025T17:09:45 - [TEST_STEP][PASSED] - day = ")).toInteger(): null

30-03-2025T17:09:45 - [TEST_STEP][PASSED] - println(day): null

30-03-2025T17:09:45 - [TEST_STEP][PASSED] - month = ")).toInteger(): null

30-03-2025T17:09:45 - [TEST_STEP][PASSED] - println(month): null

30-03-2025T17:09:45 - [TEST_STEP][PASSED] - y = <not implemented yet for class: org.codehaus.groovy.ast.expr.EmptyExpression>: null

30-03-2025T17:09:45 - [TEST_STEP][PASSED] - iy = <not implemented yet for class: org.codehaus.groovy.ast.expr.EmptyExpression>: null

30-03-2025T17:09:45 - [TEST_STEP][PASSED] - m = getText(findTestObject("Выполнение бизнес-плана/Период")): Text of object 'Object Repository/Выполнение бизнес-плана/Период' is: 'Январь 2025 года'

30-03-2025T17:09:45 - [MESSAGE][PASSED] - Text of object 'Object Repository/Выполнение бизнес-плана/Период' is: 'Январь 2025 года'

30-03-2025T17:09:45 - [TEST_STEP][PASSED] - iy = m.indexOf("20"): null

30-03-2025T17:09:45 - [TEST_STEP][PASSED] - if (iy > -1): null

30-03-2025T17:09:45 - [TEST_STEP][PASSED] - y = substring(iy, iy + 4).toInteger(): null

30-03-2025T17:09:45 - [TEST_STEP][PASSED] - println(y): null

30-03-2025T17:09:45 - [TEST_STEP][PASSED] - if (toString().length() == 4): null

30-03-2025T17:09:45 - [TEST_STEP][PASSED] - m = m.substring(0, m.indexOf(y.toString())): null

30-03-2025T17:09:45 - [TEST_STEP][PASSED] - m = m.trim(): null

30-03-2025T17:09:45 - [TEST_STEP][PASSED] - if (m == ""): null

30-03-2025T17:09:45 - [TEST_STEP][PASSED] - dashboardName = "Выполнение бизнес-плана": null

30-03-2025T17:09:45 - [TEST_STEP][PASSED] - workbook01 = getWorkbook(excelFilePath): null

30-03-2025T17:09:45 - [TEST_STEP][PASSED] - sheet01 = getExcelSheet(workbook01, sheetName): null

30-03-2025T17:09:45 - [TEST_STEP][PASSED] - setValueToCellByIndex(sheet01, n, 0, dashboardName): null

30-03-2025T17:09:45 - [TEST_STEP][PASSED] - setValueToCellByIndex(sheet01, n, 1, dZO): null

30-03-2025T17:09:45 - [TEST_STEP][PASSED] - setValueToCellByIndex(sheet01, n, 2, typeOfData): null

30-03-2025T17:09:45 - [TEST_STEP][PASSED] - if (typeOfData == "Факт в процентах" || typeOfData == "План в процентах"): null

30-03-2025T17:09:45 - [TEST_STEP][PASSED] - setValueToCellByIndex(sheet01, n, 3, fileDouble): null

30-03-2025T17:09:45 - [TEST_STEP][PASSED] - setValueToCellByIndex(sheet01, n, 4, "нет данных"): null

30-03-2025T17:09:45 - [TEST_STEP][PASSED] - setValueToCellByIndex(sheet01, n, 5, m): null

30-03-2025T17:09:45 - [TEST_STEP][PASSED] - setValueToCellByIndex(sheet01, n, 6, y): null

30-03-2025T17:09:45 - [TEST_STEP][PASSED] - setValueToCellByIndex(sheet01, n, 7, todaysDate): null

30-03-2025T17:09:45 - [TEST_STEP][PASSED] - n = n + 1: null

30-03-2025T17:09:45 - [TEST_STEP][PASSED] - saveWorkbook(excelFilePath, workbook01): null

30-03-2025T17:09:46 - [TEST_STEP][PASSED] - typeOfData = "Факт в процентах": null

30-03-2025T17:09:46 - [TEST_STEP][PASSED] - fileDouble = ").toDouble(): null

30-03-2025T17:09:46 - [TEST_STEP][PASSED] - Script1718980020443.WriteToExcelNoData(a, typeOfData, todaysDate, fileInt, fileDouble, dZO): null

30-03-2025T17:09:46 - [TEST_STEP][PASSED] - sheetName = "Sheet1": null

30-03-2025T17:09:46 - [TEST_STEP][PASSED] - data = findTestData("PlanFact"): null

30-03-2025T17:09:46 - [TEST_STEP][PASSED] - n = data.getRowNumbers() + 1: null

30-03-2025T17:09:46 - [TEST_STEP][PASSED] - day = ")).toInteger(): null

30-03-2025T17:09:46 - [TEST_STEP][PASSED] - println(day): null

30-03-2025T17:09:46 - [TEST_STEP][PASSED] - month = ")).toInteger(): null

30-03-2025T17:09:46 - [TEST_STEP][PASSED] - println(month): null

30-03-2025T17:09:46 - [TEST_STEP][PASSED] - y = <not implemented yet for class: org.codehaus.groovy.ast.expr.EmptyExpression>: null

30-03-2025T17:09:46 - [TEST_STEP][PASSED] - iy = <not implemented yet for class: org.codehaus.groovy.ast.expr.EmptyExpression>: null

30-03-2025T17:09:46 - [TEST_STEP][PASSED] - m = getText(findTestObject("Выполнение бизнес-плана/Период")): Text of object 'Object Repository/Выполнение бизнес-плана/Период' is: 'Январь 2025 года'

30-03-2025T17:09:46 - [MESSAGE][PASSED] - Text of object 'Object Repository/Выполнение бизнес-плана/Период' is: 'Январь 2025 года'

30-03-2025T17:09:46 - [TEST_STEP][PASSED] - iy = m.indexOf("20"): null

30-03-2025T17:09:46 - [TEST_STEP][PASSED] - if (iy > -1): null

30-03-2025T17:09:46 - [TEST_STEP][PASSED] - y = substring(iy, iy + 4).toInteger(): null

30-03-2025T17:09:46 - [TEST_STEP][PASSED] - println(y): null

30-03-2025T17:09:46 - [TEST_STEP][PASSED] - if (toString().length() == 4): null

30-03-2025T17:09:46 - [TEST_STEP][PASSED] - m = m.substring(0, m.indexOf(y.toString())): null

30-03-2025T17:09:46 - [TEST_STEP][PASSED] - m = m.trim(): null

30-03-2025T17:09:46 - [TEST_STEP][PASSED] - if (m == ""): null

30-03-2025T17:09:46 - [TEST_STEP][PASSED] - dashboardName = "Выполнение бизнес-плана": null

30-03-2025T17:09:46 - [TEST_STEP][PASSED] - workbook01 = getWorkbook(excelFilePath): null

30-03-2025T17:09:46 - [TEST_STEP][PASSED] - sheet01 = getExcelSheet(workbook01, sheetName): null

30-03-2025T17:09:46 - [TEST_STEP][PASSED] - setValueToCellByIndex(sheet01, n, 0, dashboardName): null

30-03-2025T17:09:46 - [TEST_STEP][PASSED] - setValueToCellByIndex(sheet01, n, 1, dZO): null

30-03-2025T17:09:46 - [TEST_STEP][PASSED] - setValueToCellByIndex(sheet01, n, 2, typeOfData): null

30-03-2025T17:09:46 - [TEST_STEP][PASSED] - if (typeOfData == "Факт в процентах" || typeOfData == "План в процентах"): null

30-03-2025T17:09:46 - [TEST_STEP][PASSED] - setValueToCellByIndex(sheet01, n, 3, fileDouble): null

30-03-2025T17:09:46 - [TEST_STEP][PASSED] - setValueToCellByIndex(sheet01, n, 4, "нет данных"): null

30-03-2025T17:09:46 - [TEST_STEP][PASSED] - setValueToCellByIndex(sheet01, n, 5, m): null

30-03-2025T17:09:46 - [TEST_STEP][PASSED] - setValueToCellByIndex(sheet01, n, 6, y): null

30-03-2025T17:09:46 - [TEST_STEP][PASSED] - setValueToCellByIndex(sheet01, n, 7, todaysDate): null

30-03-2025T17:09:46 - [TEST_STEP][PASSED] - n = n + 1: null

30-03-2025T17:09:46 - [TEST_STEP][PASSED] - saveWorkbook(excelFilePath, workbook01): null

30-03-2025T17:09:46 - [TEST_STEP][PASSED] - println(dzoNum): null

30-03-2025T17:09:46 - [TEST_STEP][PASSED] - dZO = "Россети Ленэнерго": null

30-03-2025T17:09:46 - [TEST_STEP][PASSED] - a = 77: null

30-03-2025T17:09:46 - [TEST_STEP][PASSED] - if (x1.contains("Ленэнерго")): null

30-03-2025T17:09:46 - [TEST_STEP][PASSED] - else: null

30-03-2025T17:09:46 - [TEST_STEP][PASSED] - Script1718980020443.NoData(a, typeOfData, todaysDate, fileInt, fileDouble, dZO): null

30-03-2025T17:09:46 - [TEST_STEP][PASSED] - println(a): null

30-03-2025T17:09:46 - [TEST_STEP][PASSED] - println(todaysDate): null

30-03-2025T17:09:46 - [TEST_STEP][PASSED] - println(fileInt): null

30-03-2025T17:09:46 - [TEST_STEP][PASSED] - println(fileDouble): null

30-03-2025T17:09:46 - [TEST_STEP][PASSED] - println(dZO): null

30-03-2025T17:09:46 - [TEST_STEP][PASSED] - typeOfData = "Факт Отпуск в сеть": null

30-03-2025T17:09:46 - [TEST_STEP][PASSED] - fileInt = replaceAll("\s+", "").toInteger(): null

30-03-2025T17:09:46 - [TEST_STEP][PASSED] - Script1718980020443.WriteToExcelNoData(a, typeOfData, todaysDate, fileInt, fileDouble, dZO): null

30-03-2025T17:09:46 - [TEST_STEP][PASSED] - sheetName = "Sheet1": null

30-03-2025T17:09:46 - [TEST_STEP][PASSED] - data = findTestData("PlanFact"): null

30-03-2025T17:09:46 - [TEST_STEP][PASSED] - n = data.getRowNumbers() + 1: null

30-03-2025T17:09:46 - [TEST_STEP][PASSED] - day = ")).toInteger(): null

30-03-2025T17:09:46 - [TEST_STEP][PASSED] - println(day): null

30-03-2025T17:09:46 - [TEST_STEP][PASSED] - month = ")).toInteger(): null

30-03-2025T17:09:46 - [TEST_STEP][PASSED] - println(month): null

30-03-2025T17:09:46 - [TEST_STEP][PASSED] - y = <not implemented yet for class: org.codehaus.groovy.ast.expr.EmptyExpression>: null

30-03-2025T17:09:46 - [TEST_STEP][PASSED] - iy = <not implemented yet for class: org.codehaus.groovy.ast.expr.EmptyExpression>: null

30-03-2025T17:09:46 - [TEST_STEP][PASSED] - m = getText(findTestObject("Выполнение бизнес-плана/Период")): Text of object 'Object Repository/Выполнение бизнес-плана/Период' is: 'Январь 2025 года'

30-03-2025T17:09:47 - [MESSAGE][PASSED] - Text of object 'Object Repository/Выполнение бизнес-плана/Период' is: 'Январь 2025 года'

30-03-2025T17:09:47 - [TEST_STEP][PASSED] - iy = m.indexOf("20"): null

30-03-2025T17:09:47 - [TEST_STEP][PASSED] - if (iy > -1): null

30-03-2025T17:09:47 - [TEST_STEP][PASSED] - y = substring(iy, iy + 4).toInteger(): null

30-03-2025T17:09:47 - [TEST_STEP][PASSED] - println(y): null

30-03-2025T17:09:47 - [TEST_STEP][PASSED] - if (toString().length() == 4): null

30-03-2025T17:09:47 - [TEST_STEP][PASSED] - m = m.substring(0, m.indexOf(y.toString())): null

30-03-2025T17:09:47 - [TEST_STEP][PASSED] - m = m.trim(): null

30-03-2025T17:09:47 - [TEST_STEP][PASSED] - if (m == ""): null

30-03-2025T17:09:47 - [TEST_STEP][PASSED] - dashboardName = "Выполнение бизнес-плана": null

30-03-2025T17:09:47 - [TEST_STEP][PASSED] - workbook01 = getWorkbook(excelFilePath): null

30-03-2025T17:09:47 - [TEST_STEP][PASSED] - sheet01 = getExcelSheet(workbook01, sheetName): null

30-03-2025T17:09:47 - [TEST_STEP][PASSED] - setValueToCellByIndex(sheet01, n, 0, dashboardName): null

30-03-2025T17:09:47 - [TEST_STEP][PASSED] - setValueToCellByIndex(sheet01, n, 1, dZO): null

30-03-2025T17:09:47 - [TEST_STEP][PASSED] - setValueToCellByIndex(sheet01, n, 2, typeOfData): null

30-03-2025T17:09:47 - [TEST_STEP][PASSED] - if (typeOfData == "Факт в процентах" || typeOfData == "План в процентах"): null

30-03-2025T17:09:47 - [TEST_STEP][PASSED] - else: null

30-03-2025T17:09:47 - [TEST_STEP][PASSED] - setValueToCellByIndex(sheet01, n, 3, fileInt): null

30-03-2025T17:09:47 - [TEST_STEP][PASSED] - setValueToCellByIndex(sheet01, n, 4, "нет данных"): null

30-03-2025T17:09:47 - [TEST_STEP][PASSED] - setValueToCellByIndex(sheet01, n, 5, m): null

30-03-2025T17:09:47 - [TEST_STEP][PASSED] - setValueToCellByIndex(sheet01, n, 6, y): null

30-03-2025T17:09:47 - [TEST_STEP][PASSED] - setValueToCellByIndex(sheet01, n, 7, todaysDate): null

30-03-2025T17:09:47 - [TEST_STEP][PASSED] - n = n + 1: null

30-03-2025T17:09:47 - [TEST_STEP][PASSED] - saveWorkbook(excelFilePath, workbook01): null

30-03-2025T17:09:47 - [TEST_STEP][PASSED] - typeOfData = "Факт Потери": null

30-03-2025T17:09:47 - [TEST_STEP][PASSED] - fileInt = replaceAll("\s+", "").toInteger(): null

30-03-2025T17:09:47 - [TEST_STEP][PASSED] - Script1718980020443.WriteToExcelNoData(a, typeOfData, todaysDate, fileInt, fileDouble, dZO): null

30-03-2025T17:09:47 - [TEST_STEP][PASSED] - sheetName = "Sheet1": null

30-03-2025T17:09:47 - [TEST_STEP][PASSED] - data = findTestData("PlanFact"): null

30-03-2025T17:09:47 - [TEST_STEP][PASSED] - n = data.getRowNumbers() + 1: null

30-03-2025T17:09:47 - [TEST_STEP][PASSED] - day = ")).toInteger(): null

30-03-2025T17:09:47 - [TEST_STEP][PASSED] - println(day): null

30-03-2025T17:09:47 - [TEST_STEP][PASSED] - month = ")).toInteger(): null

30-03-2025T17:09:47 - [TEST_STEP][PASSED] - println(month): null

30-03-2025T17:09:47 - [TEST_STEP][PASSED] - y = <not implemented yet for class: org.codehaus.groovy.ast.expr.EmptyExpression>: null

30-03-2025T17:09:47 - [TEST_STEP][PASSED] - iy = <not implemented yet for class: org.codehaus.groovy.ast.expr.EmptyExpression>: null

30-03-2025T17:09:47 - [TEST_STEP][PASSED] - m = getText(findTestObject("Выполнение бизнес-плана/Период")): Text of object 'Object Repository/Выполнение бизнес-плана/Период' is: 'Январь 2025 года'

30-03-2025T17:09:47 - [MESSAGE][PASSED] - Text of object 'Object Repository/Выполнение бизнес-плана/Период' is: 'Январь 2025 года'

30-03-2025T17:09:47 - [TEST_STEP][PASSED] - iy = m.indexOf("20"): null

30-03-2025T17:09:47 - [TEST_STEP][PASSED] - if (iy > -1): null

30-03-2025T17:09:47 - [TEST_STEP][PASSED] - y = substring(iy, iy + 4).toInteger(): null

30-03-2025T17:09:47 - [TEST_STEP][PASSED] - println(y): null

30-03-2025T17:09:47 - [TEST_STEP][PASSED] - if (toString().length() == 4): null

30-03-2025T17:09:47 - [TEST_STEP][PASSED] - m = m.substring(0, m.indexOf(y.toString())): null

30-03-2025T17:09:47 - [TEST_STEP][PASSED] - m = m.trim(): null

30-03-2025T17:09:47 - [TEST_STEP][PASSED] - if (m == ""): null

30-03-2025T17:09:47 - [TEST_STEP][PASSED] - dashboardName = "Выполнение бизнес-плана": null

30-03-2025T17:09:47 - [TEST_STEP][PASSED] - workbook01 = getWorkbook(excelFilePath): null

30-03-2025T17:09:47 - [TEST_STEP][PASSED] - sheet01 = getExcelSheet(workbook01, sheetName): null

30-03-2025T17:09:47 - [TEST_STEP][PASSED] - setValueToCellByIndex(sheet01, n, 0, dashboardName): null

30-03-2025T17:09:47 - [TEST_STEP][PASSED] - setValueToCellByIndex(sheet01, n, 1, dZO): null

30-03-2025T17:09:47 - [TEST_STEP][PASSED] - setValueToCellByIndex(sheet01, n, 2, typeOfData): null

30-03-2025T17:09:47 - [TEST_STEP][PASSED] - if (typeOfData == "Факт в процентах" || typeOfData == "План в процентах"): null

30-03-2025T17:09:47 - [TEST_STEP][PASSED] - else: null

30-03-2025T17:09:47 - [TEST_STEP][PASSED] - setValueToCellByIndex(sheet01, n, 3, fileInt): null

30-03-2025T17:09:47 - [TEST_STEP][PASSED] - setValueToCellByIndex(sheet01, n, 4, "нет данных"): null

30-03-2025T17:09:47 - [TEST_STEP][PASSED] - setValueToCellByIndex(sheet01, n, 5, m): null

30-03-2025T17:09:47 - [TEST_STEP][PASSED] - setValueToCellByIndex(sheet01, n, 6, y): null

30-03-2025T17:09:47 - [TEST_STEP][PASSED] - setValueToCellByIndex(sheet01, n, 7, todaysDate): null

30-03-2025T17:09:47 - [TEST_STEP][PASSED] - n = n + 1: null

30-03-2025T17:09:47 - [TEST_STEP][PASSED] - saveWorkbook(excelFilePath, workbook01): null

30-03-2025T17:09:48 - [TEST_STEP][PASSED] - typeOfData = "План Отпуск в сеть": null

30-03-2025T17:09:48 - [TEST_STEP][PASSED] - fileInt = replaceAll("\s+", "").toInteger(): null

30-03-2025T17:09:48 - [TEST_STEP][PASSED] - Script1718980020443.WriteToExcelNoData(a, typeOfData, todaysDate, fileInt, fileDouble, dZO): null

30-03-2025T17:09:48 - [TEST_STEP][PASSED] - sheetName = "Sheet1": null

30-03-2025T17:09:48 - [TEST_STEP][PASSED] - data = findTestData("PlanFact"): null

30-03-2025T17:09:48 - [TEST_STEP][PASSED] - n = data.getRowNumbers() + 1: null

30-03-2025T17:09:48 - [TEST_STEP][PASSED] - day = ")).toInteger(): null

30-03-2025T17:09:48 - [TEST_STEP][PASSED] - println(day): null

30-03-2025T17:09:48 - [TEST_STEP][PASSED] - month = ")).toInteger(): null

30-03-2025T17:09:48 - [TEST_STEP][PASSED] - println(month): null

30-03-2025T17:09:48 - [TEST_STEP][PASSED] - y = <not implemented yet for class: org.codehaus.groovy.ast.expr.EmptyExpression>: null

30-03-2025T17:09:48 - [TEST_STEP][PASSED] - iy = <not implemented yet for class: org.codehaus.groovy.ast.expr.EmptyExpression>: null

30-03-2025T17:09:48 - [TEST_STEP][PASSED] - m = getText(findTestObject("Выполнение бизнес-плана/Период")): Text of object 'Object Repository/Выполнение бизнес-плана/Период' is: 'Январь 2025 года'

30-03-2025T17:09:48 - [MESSAGE][PASSED] - Text of object 'Object Repository/Выполнение бизнес-плана/Период' is: 'Январь 2025 года'

30-03-2025T17:09:48 - [TEST_STEP][PASSED] - iy = m.indexOf("20"): null

30-03-2025T17:09:48 - [TEST_STEP][PASSED] - if (iy > -1): null

30-03-2025T17:09:48 - [TEST_STEP][PASSED] - y = substring(iy, iy + 4).toInteger(): null

30-03-2025T17:09:48 - [TEST_STEP][PASSED] - println(y): null

30-03-2025T17:09:48 - [TEST_STEP][PASSED] - if (toString().length() == 4): null

30-03-2025T17:09:48 - [TEST_STEP][PASSED] - m = m.substring(0, m.indexOf(y.toString())): null

30-03-2025T17:09:48 - [TEST_STEP][PASSED] - m = m.trim(): null

30-03-2025T17:09:48 - [TEST_STEP][PASSED] - if (m == ""): null

30-03-2025T17:09:48 - [TEST_STEP][PASSED] - dashboardName = "Выполнение бизнес-плана": null

30-03-2025T17:09:48 - [TEST_STEP][PASSED] - workbook01 = getWorkbook(excelFilePath): null

30-03-2025T17:09:48 - [TEST_STEP][PASSED] - sheet01 = getExcelSheet(workbook01, sheetName): null

30-03-2025T17:09:48 - [TEST_STEP][PASSED] - setValueToCellByIndex(sheet01, n, 0, dashboardName): null

30-03-2025T17:09:48 - [TEST_STEP][PASSED] - setValueToCellByIndex(sheet01, n, 1, dZO): null

30-03-2025T17:09:48 - [TEST_STEP][PASSED] - setValueToCellByIndex(sheet01, n, 2, typeOfData): null

30-03-2025T17:09:48 - [TEST_STEP][PASSED] - if (typeOfData == "Факт в процентах" || typeOfData == "План в процентах"): null

30-03-2025T17:09:48 - [TEST_STEP][PASSED] - else: null

30-03-2025T17:09:48 - [TEST_STEP][PASSED] - setValueToCellByIndex(sheet01, n, 3, fileInt): null

30-03-2025T17:09:48 - [TEST_STEP][PASSED] - setValueToCellByIndex(sheet01, n, 4, "нет данных"): null

30-03-2025T17:09:48 - [TEST_STEP][PASSED] - setValueToCellByIndex(sheet01, n, 5, m): null

30-03-2025T17:09:48 - [TEST_STEP][PASSED] - setValueToCellByIndex(sheet01, n, 6, y): null

30-03-2025T17:09:48 - [TEST_STEP][PASSED] - setValueToCellByIndex(sheet01, n, 7, todaysDate): null

30-03-2025T17:09:48 - [TEST_STEP][PASSED] - n = n + 1: null

30-03-2025T17:09:48 - [TEST_STEP][PASSED] - saveWorkbook(excelFilePath, workbook01): null

30-03-2025T17:09:48 - [TEST_STEP][PASSED] - typeOfData = "План Потери": null

30-03-2025T17:09:48 - [TEST_STEP][PASSED] - fileInt = replaceAll("\s+", "").toInteger(): null

30-03-2025T17:09:48 - [TEST_STEP][PASSED] - Script1718980020443.WriteToExcelNoData(a, typeOfData, todaysDate, fileInt, fileDouble, dZO): null

30-03-2025T17:09:48 - [TEST_STEP][PASSED] - sheetName = "Sheet1": null

30-03-2025T17:09:48 - [TEST_STEP][PASSED] - data = findTestData("PlanFact"): null

30-03-2025T17:09:48 - [TEST_STEP][PASSED] - n = data.getRowNumbers() + 1: null

30-03-2025T17:09:48 - [TEST_STEP][PASSED] - day = ")).toInteger(): null

30-03-2025T17:09:48 - [TEST_STEP][PASSED] - println(day): null

30-03-2025T17:09:48 - [TEST_STEP][PASSED] - month = ")).toInteger(): null

30-03-2025T17:09:48 - [TEST_STEP][PASSED] - println(month): null

30-03-2025T17:09:48 - [TEST_STEP][PASSED] - y = <not implemented yet for class: org.codehaus.groovy.ast.expr.EmptyExpression>: null

30-03-2025T17:09:48 - [TEST_STEP][PASSED] - iy = <not implemented yet for class: org.codehaus.groovy.ast.expr.EmptyExpression>: null

30-03-2025T17:09:48 - [TEST_STEP][PASSED] - m = getText(findTestObject("Выполнение бизнес-плана/Период")): Text of object 'Object Repository/Выполнение бизнес-плана/Период' is: 'Январь 2025 года'

30-03-2025T17:09:49 - [MESSAGE][PASSED] - Text of object 'Object Repository/Выполнение бизнес-плана/Период' is: 'Январь 2025 года'

30-03-2025T17:09:49 - [TEST_STEP][PASSED] - iy = m.indexOf("20"): null

30-03-2025T17:09:49 - [TEST_STEP][PASSED] - if (iy > -1): null

30-03-2025T17:09:49 - [TEST_STEP][PASSED] - y = substring(iy, iy + 4).toInteger(): null

30-03-2025T17:09:49 - [TEST_STEP][PASSED] - println(y): null

30-03-2025T17:09:49 - [TEST_STEP][PASSED] - if (toString().length() == 4): null

30-03-2025T17:09:49 - [TEST_STEP][PASSED] - m = m.substring(0, m.indexOf(y.toString())): null

30-03-2025T17:09:49 - [TEST_STEP][PASSED] - m = m.trim(): null

30-03-2025T17:09:49 - [TEST_STEP][PASSED] - if (m == ""): null

30-03-2025T17:09:49 - [TEST_STEP][PASSED] - dashboardName = "Выполнение бизнес-плана": null

30-03-2025T17:09:49 - [TEST_STEP][PASSED] - workbook01 = getWorkbook(excelFilePath): null

30-03-2025T17:09:49 - [TEST_STEP][PASSED] - sheet01 = getExcelSheet(workbook01, sheetName): null

30-03-2025T17:09:49 - [TEST_STEP][PASSED] - setValueToCellByIndex(sheet01, n, 0, dashboardName): null

30-03-2025T17:09:49 - [TEST_STEP][PASSED] - setValueToCellByIndex(sheet01, n, 1, dZO): null

30-03-2025T17:09:49 - [TEST_STEP][PASSED] - setValueToCellByIndex(sheet01, n, 2, typeOfData): null

30-03-2025T17:09:49 - [TEST_STEP][PASSED] - if (typeOfData == "Факт в процентах" || typeOfData == "План в процентах"): null

30-03-2025T17:09:49 - [TEST_STEP][PASSED] - else: null

30-03-2025T17:09:49 - [TEST_STEP][PASSED] - setValueToCellByIndex(sheet01, n, 3, fileInt): null

30-03-2025T17:09:49 - [TEST_STEP][PASSED] - setValueToCellByIndex(sheet01, n, 4, "нет данных"): null

30-03-2025T17:09:49 - [TEST_STEP][PASSED] - setValueToCellByIndex(sheet01, n, 5, m): null

30-03-2025T17:09:49 - [TEST_STEP][PASSED] - setValueToCellByIndex(sheet01, n, 6, y): null

30-03-2025T17:09:49 - [TEST_STEP][PASSED] - setValueToCellByIndex(sheet01, n, 7, todaysDate): null

30-03-2025T17:09:49 - [TEST_STEP][PASSED] - n = n + 1: null

30-03-2025T17:09:49 - [TEST_STEP][PASSED] - saveWorkbook(excelFilePath, workbook01): null

30-03-2025T17:09:49 - [TEST_STEP][PASSED] - typeOfData = "План в процентах": null

30-03-2025T17:09:49 - [TEST_STEP][PASSED] - fileDouble = ").toDouble(): null

30-03-2025T17:09:49 - [TEST_STEP][PASSED] - Script1718980020443.WriteToExcelNoData(a, typeOfData, todaysDate, fileInt, fileDouble, dZO): null

30-03-2025T17:09:49 - [TEST_STEP][PASSED] - sheetName = "Sheet1": null

30-03-2025T17:09:49 - [TEST_STEP][PASSED] - data = findTestData("PlanFact"): null

30-03-2025T17:09:49 - [TEST_STEP][PASSED] - n = data.getRowNumbers() + 1: null

30-03-2025T17:09:49 - [TEST_STEP][PASSED] - day = ")).toInteger(): null

30-03-2025T17:09:49 - [TEST_STEP][PASSED] - println(day): null

30-03-2025T17:09:49 - [TEST_STEP][PASSED] - month = ")).toInteger(): null

30-03-2025T17:09:49 - [TEST_STEP][PASSED] - println(month): null

30-03-2025T17:09:49 - [TEST_STEP][PASSED] - y = <not implemented yet for class: org.codehaus.groovy.ast.expr.EmptyExpression>: null

30-03-2025T17:09:49 - [TEST_STEP][PASSED] - iy = <not implemented yet for class: org.codehaus.groovy.ast.expr.EmptyExpression>: null

30-03-2025T17:09:49 - [TEST_STEP][PASSED] - m = getText(findTestObject("Выполнение бизнес-плана/Период")): Text of object 'Object Repository/Выполнение бизнес-плана/Период' is: 'Январь 2025 года'

30-03-2025T17:09:49 - [MESSAGE][PASSED] - Text of object 'Object Repository/Выполнение бизнес-плана/Период' is: 'Январь 2025 года'

30-03-2025T17:09:49 - [TEST_STEP][PASSED] - iy = m.indexOf("20"): null

30-03-2025T17:09:49 - [TEST_STEP][PASSED] - if (iy > -1): null

30-03-2025T17:09:49 - [TEST_STEP][PASSED] - y = substring(iy, iy + 4).toInteger(): null

30-03-2025T17:09:49 - [TEST_STEP][PASSED] - println(y): null

30-03-2025T17:09:49 - [TEST_STEP][PASSED] - if (toString().length() == 4): null

30-03-2025T17:09:49 - [TEST_STEP][PASSED] - m = m.substring(0, m.indexOf(y.toString())): null

30-03-2025T17:09:49 - [TEST_STEP][PASSED] - m = m.trim(): null

30-03-2025T17:09:49 - [TEST_STEP][PASSED] - if (m == ""): null

30-03-2025T17:09:49 - [TEST_STEP][PASSED] - dashboardName = "Выполнение бизнес-плана": null

30-03-2025T17:09:49 - [TEST_STEP][PASSED] - workbook01 = getWorkbook(excelFilePath): null

30-03-2025T17:09:49 - [TEST_STEP][PASSED] - sheet01 = getExcelSheet(workbook01, sheetName): null

30-03-2025T17:09:49 - [TEST_STEP][PASSED] - setValueToCellByIndex(sheet01, n, 0, dashboardName): null

30-03-2025T17:09:49 - [TEST_STEP][PASSED] - setValueToCellByIndex(sheet01, n, 1, dZO): null

30-03-2025T17:09:49 - [TEST_STEP][PASSED] - setValueToCellByIndex(sheet01, n, 2, typeOfData): null

30-03-2025T17:09:49 - [TEST_STEP][PASSED] - if (typeOfData == "Факт в процентах" || typeOfData == "План в процентах"): null

30-03-2025T17:09:49 - [TEST_STEP][PASSED] - setValueToCellByIndex(sheet01, n, 3, fileDouble): null

30-03-2025T17:09:49 - [TEST_STEP][PASSED] - setValueToCellByIndex(sheet01, n, 4, "нет данных"): null

30-03-2025T17:09:49 - [TEST_STEP][PASSED] - setValueToCellByIndex(sheet01, n, 5, m): null

30-03-2025T17:09:49 - [TEST_STEP][PASSED] - setValueToCellByIndex(sheet01, n, 6, y): null

30-03-2025T17:09:49 - [TEST_STEP][PASSED] - setValueToCellByIndex(sheet01, n, 7, todaysDate): null

30-03-2025T17:09:49 - [TEST_STEP][PASSED] - n = n + 1: null

30-03-2025T17:09:49 - [TEST_STEP][PASSED] - saveWorkbook(excelFilePath, workbook01): null

30-03-2025T17:09:49 - [TEST_STEP][PASSED] - typeOfData = "Факт в процентах": null

30-03-2025T17:09:49 - [TEST_STEP][PASSED] - fileDouble = ").toDouble(): null

30-03-2025T17:09:49 - [TEST_STEP][PASSED] - Script1718980020443.WriteToExcelNoData(a, typeOfData, todaysDate, fileInt, fileDouble, dZO): null

30-03-2025T17:09:49 - [TEST_STEP][PASSED] - sheetName = "Sheet1": null

30-03-2025T17:09:49 - [TEST_STEP][PASSED] - data = findTestData("PlanFact"): null

30-03-2025T17:09:50 - [TEST_STEP][PASSED] - n = data.getRowNumbers() + 1: null

30-03-2025T17:09:50 - [TEST_STEP][PASSED] - day = ")).toInteger(): null

30-03-2025T17:09:50 - [TEST_STEP][PASSED] - println(day): null

30-03-2025T17:09:50 - [TEST_STEP][PASSED] - month = ")).toInteger(): null

30-03-2025T17:09:50 - [TEST_STEP][PASSED] - println(month): null

30-03-2025T17:09:50 - [TEST_STEP][PASSED] - y = <not implemented yet for class: org.codehaus.groovy.ast.expr.EmptyExpression>: null

30-03-2025T17:09:50 - [TEST_STEP][PASSED] - iy = <not implemented yet for class: org.codehaus.groovy.ast.expr.EmptyExpression>: null

30-03-2025T17:09:50 - [TEST_STEP][PASSED] - m = getText(findTestObject("Выполнение бизнес-плана/Период")): Text of object 'Object Repository/Выполнение бизнес-плана/Период' is: 'Январь 2025 года'

30-03-2025T17:09:50 - [MESSAGE][PASSED] - Text of object 'Object Repository/Выполнение бизнес-плана/Период' is: 'Январь 2025 года'

30-03-2025T17:09:50 - [TEST_STEP][PASSED] - iy = m.indexOf("20"): null

30-03-2025T17:09:50 - [TEST_STEP][PASSED] - if (iy > -1): null

30-03-2025T17:09:50 - [TEST_STEP][PASSED] - y = substring(iy, iy + 4).toInteger(): null

30-03-2025T17:09:50 - [TEST_STEP][PASSED] - println(y): null

30-03-2025T17:09:50 - [TEST_STEP][PASSED] - if (toString().length() == 4): null

30-03-2025T17:09:50 - [TEST_STEP][PASSED] - m = m.substring(0, m.indexOf(y.toString())): null

30-03-2025T17:09:50 - [TEST_STEP][PASSED] - m = m.trim(): null

30-03-2025T17:09:50 - [TEST_STEP][PASSED] - if (m == ""): null

30-03-2025T17:09:50 - [TEST_STEP][PASSED] - dashboardName = "Выполнение бизнес-плана": null

30-03-2025T17:09:50 - [TEST_STEP][PASSED] - workbook01 = getWorkbook(excelFilePath): null

30-03-2025T17:09:50 - [TEST_STEP][PASSED] - sheet01 = getExcelSheet(workbook01, sheetName): null

30-03-2025T17:09:50 - [TEST_STEP][PASSED] - setValueToCellByIndex(sheet01, n, 0, dashboardName): null

30-03-2025T17:09:50 - [TEST_STEP][PASSED] - setValueToCellByIndex(sheet01, n, 1, dZO): null

30-03-2025T17:09:50 - [TEST_STEP][PASSED] - setValueToCellByIndex(sheet01, n, 2, typeOfData): null

30-03-2025T17:09:50 - [TEST_STEP][PASSED] - if (typeOfData == "Факт в процентах" || typeOfData == "План в процентах"): null

30-03-2025T17:09:50 - [TEST_STEP][PASSED] - setValueToCellByIndex(sheet01, n, 3, fileDouble): null

30-03-2025T17:09:50 - [TEST_STEP][PASSED] - setValueToCellByIndex(sheet01, n, 4, "нет данных"): null

30-03-2025T17:09:50 - [TEST_STEP][PASSED] - setValueToCellByIndex(sheet01, n, 5, m): null

30-03-2025T17:09:50 - [TEST_STEP][PASSED] - setValueToCellByIndex(sheet01, n, 6, y): null

30-03-2025T17:09:50 - [TEST_STEP][PASSED] - setValueToCellByIndex(sheet01, n, 7, todaysDate): null

30-03-2025T17:09:50 - [TEST_STEP][PASSED] - n = n + 1: null

30-03-2025T17:09:50 - [TEST_STEP][PASSED] - saveWorkbook(excelFilePath, workbook01): null

30-03-2025T17:09:50 - [TEST_STEP][PASSED] - println(dzoNum): null

30-03-2025T17:09:50 - [TEST_STEP][PASSED] - dZO = "Россети Московский регион": null

30-03-2025T17:09:50 - [TEST_STEP][PASSED] - a = 74: null

30-03-2025T17:09:50 - [TEST_STEP][PASSED] - if (x1.contains("Московский")): null

30-03-2025T17:09:50 - [TEST_STEP][PASSED] - dzoNum = dzoNum + 1: null

30-03-2025T17:09:50 - [TEST_STEP][PASSED] - Script1718980020443.Numbers(a, typeOfData, todaysDate, pageInt, fileInt, pageDouble, fileDouble, dZO, dzoNum, filialNum): null

30-03-2025T17:09:50 - [TEST_STEP][PASSED] - println(dzoNum): null

30-03-2025T17:09:50 - [TEST_STEP][PASSED] - planFact = <not implemented yet for class: org.codehaus.groovy.ast.expr.EmptyExpression>: null

30-03-2025T17:09:50 - [TEST_STEP][PASSED] - page = <not implemented yet for class: org.codehaus.groovy.ast.expr.EmptyExpression>: null

30-03-2025T17:09:50 - [TEST_STEP][PASSED] - page1 = <not implemented yet for class: org.codehaus.groovy.ast.expr.EmptyExpression>: null

30-03-2025T17:09:50 - [TEST_STEP][PASSED] - page2 = <not implemented yet for class: org.codehaus.groovy.ast.expr.EmptyExpression>: null

30-03-2025T17:09:50 - [TEST_STEP][PASSED] - filialNumberInRow = <not implemented yet for class: org.codehaus.groovy.ast.expr.EmptyExpression>: null

30-03-2025T17:09:50 - [TEST_STEP][PASSED] - filialsDzoNames = <not implemented yet for class: org.codehaus.groovy.ast.expr.EmptyExpression>: null

30-03-2025T17:09:50 - [TEST_STEP][PASSED] - numberOfFilials = <not implemented yet for class: org.codehaus.groovy.ast.expr.EmptyExpression>: null

30-03-2025T17:09:50 - [TEST_STEP][PASSED] - numberOfSpaces = <not implemented yet for class: org.codehaus.groovy.ast.expr.EmptyExpression>: null

30-03-2025T17:09:50 - [TEST_STEP][PASSED] - file = <not implemented yet for class: org.codehaus.groovy.ast.expr.EmptyExpression>: null

30-03-2025T17:09:50 - [TEST_STEP][PASSED] - otpusk = <not implemented yet for class: org.codehaus.groovy.ast.expr.EmptyExpression>: null

30-03-2025T17:09:50 - [TEST_STEP][PASSED] - poteri = <not implemented yet for class: org.codehaus.groovy.ast.expr.EmptyExpression>: null

30-03-2025T17:09:50 - [TEST_STEP][PASSED] - dataFolder = "Выполнение бизнес-плана/Значения со страницы Выполнение бизнес-плана/": null

30-03-2025T17:09:50 - [TEST_STEP][PASSED] - path = <not implemented yet for class: org.codehaus.groovy.ast.expr.EmptyExpression>: null

30-03-2025T17:09:50 - [TEST_STEP][PASSED] - typeOfDataMain = <not implemented yet for class: org.codehaus.groovy.ast.expr.EmptyExpression>: null

30-03-2025T17:09:50 - [TEST_STEP][PASSED] - fileOtpuskVSet = <not implemented yet for class: org.codehaus.groovy.ast.expr.EmptyExpression>: null

30-03-2025T17:09:50 - [TEST_STEP][PASSED] - pageOtpuskVSet = <not implemented yet for class: org.codehaus.groovy.ast.expr.EmptyExpression>: null

30-03-2025T17:09:50 - [TEST_STEP][PASSED] - filePoteri = <not implemented yet for class: org.codehaus.groovy.ast.expr.EmptyExpression>: null

30-03-2025T17:09:50 - [TEST_STEP][PASSED] - pagePoteri = <not implemented yet for class: org.codehaus.groovy.ast.expr.EmptyExpression>: null

30-03-2025T17:09:50 - [TEST_STEP][PASSED] - compare = <not implemented yet for class: org.codehaus.groovy.ast.expr.EmptyExpression>: null

30-03-2025T17:09:50 - [TEST_STEP][PASSED] - b = <not implemented yet for class: org.codehaus.groovy.ast.expr.EmptyExpression>: null

30-03-2025T17:09:50 - [TEST_STEP][PASSED] - i = <not implemented yet for class: org.codehaus.groovy.ast.expr.EmptyExpression>: null

30-03-2025T17:09:50 - [TEST_STEP][PASSED] - ii = <not implemented yet for class: org.codehaus.groovy.ast.expr.EmptyExpression>: null

30-03-2025T17:09:50 - [TEST_STEP][PASSED] - c = <not implemented yet for class: org.codehaus.groovy.ast.expr.EmptyExpression>: null

30-03-2025T17:09:50 - [TEST_STEP][PASSED] - numberOfErrors = 0: null

30-03-2025T17:09:50 - [TEST_STEP][PASSED] - if (a == 82): null

30-03-2025T17:09:50 - [TEST_STEP][PASSED] - b = findTestData("PlanFact").getValue(1, a): null

30-03-2025T17:09:50 - [TEST_STEP][PASSED] - i = b.indexOf(" (ГК)"): null

30-03-2025T17:09:50 - [TEST_STEP][PASSED] - if (i > -1): null

30-03-2025T17:09:50 - [TEST_STEP][PASSED] - i = b.indexOf("О ""): null

30-03-2025T17:09:50 - [TEST_STEP][PASSED] - if (i > -1): null

30-03-2025T17:09:50 - [TEST_STEP][PASSED] - i = b.indexOf("О «"): null

30-03-2025T17:09:50 - [TEST_STEP][PASSED] - if (i > -1): null

30-03-2025T17:09:50 - [TEST_STEP][PASSED] - i = b.indexOf("г. "): null

30-03-2025T17:09:50 - [TEST_STEP][PASSED] - if (i > -1): null

30-03-2025T17:09:50 - [TEST_STEP][PASSED] - b = b.trim(): null

30-03-2025T17:09:50 - [TEST_STEP][PASSED] - println(b): null

30-03-2025T17:09:50 - [TEST_STEP][PASSED] - for ([planFact = 1, planFact < 3, (planFact++)]): null

30-03-2025T17:09:50 - [TEST_STEP][PASSED] - if (planFact == 1): null

30-03-2025T17:09:50 - [TEST_STEP][PASSED] - typeOfDataMain = "Факт": null

30-03-2025T17:09:50 - [TEST_STEP][PASSED] - otpusk = findTestData("PlanFact").getValue(5, a): null

30-03-2025T17:09:50 - [TEST_STEP][PASSED] - poteri = findTestData("PlanFact").getValue(6, a): null

30-03-2025T17:09:50 - [TEST_STEP][PASSED] - otpusk = otpusk.replaceAll("\s+", ""): null

30-03-2025T17:09:50 - [TEST_STEP][PASSED] - poteri = poteri.replaceAll("\s+", ""): null

30-03-2025T17:09:50 - [TEST_STEP][PASSED] - typeOfData = typeOfDataMain + " Отпуск в сеть": null

30-03-2025T17:09:50 - [TEST_STEP][PASSED] - if (a == 82): null

30-03-2025T17:09:50 - [TEST_STEP][PASSED] - else if (a == 84): null

30-03-2025T17:09:50 - [TEST_STEP][PASSED] - else if (a == 83 || a == 52 || a == 72 || a == 28 || a == 73 || a == 77 || a == 74 || a == 65 || a == 36 || a == 44 || a == 53 || a == 80 || a == 54 || a == 1 || a == 18 || a == 59 || a == 81): null

30-03-2025T17:09:50 - [TEST_STEP][PASSED] - path = dataFolder + "Table Data/" + typeOfData + " за отчётный период " + dzoNum: null

30-03-2025T17:09:50 - [TEST_STEP][PASSED] - println(path): null

30-03-2025T17:09:50 - [TEST_STEP][PASSED] - page = getText(findTestObject(path)): Text of object 'Object Repository/Выполнение бизнес-плана/Значения со страницы Выполнение бизнес-плана/Table Data/Факт Отпуск в сеть за отчётный период 3' is: '9 778 647'

30-03-2025T17:09:51 - [MESSAGE][PASSED] - Text of object 'Object Repository/Выполнение бизнес-плана/Значения со страницы Выполнение бизнес-плана/Table Data/Факт Отпуск в сеть за отчётный период 3' is: '9 778 647'

30-03-2025T17:09:51 - [TEST_STEP][PASSED] - if (page == "" || page == null): null

30-03-2025T17:09:51 - [TEST_STEP][PASSED] - else: null

30-03-2025T17:09:51 - [TEST_STEP][PASSED] - page = page.replaceAll("\s+", ""): null

30-03-2025T17:09:51 - [TEST_STEP][PASSED] - if (page == "undefined"): null

30-03-2025T17:09:51 - [TEST_STEP][PASSED] - fileOtpuskVSet = otpusk.toInteger(): null

30-03-2025T17:09:51 - [TEST_STEP][PASSED] - pageOtpuskVSet = page.toInteger(): null

30-03-2025T17:09:51 - [TEST_STEP][PASSED] - typeOfData = typeOfDataMain + " Потери": null

30-03-2025T17:09:51 - [TEST_STEP][PASSED] - if (a == 82): null

30-03-2025T17:09:51 - [TEST_STEP][PASSED] - else if (a == 84): null

30-03-2025T17:09:51 - [TEST_STEP][PASSED] - else if (a == 83 || a == 52 || a == 72 || a == 28 || a == 73 || a == 77 || a == 74 || a == 65 || a == 44 || a == 53 || a == 80 || a == 54 || a == 1 || a == 18 || a == 59 || a == 81): null

30-03-2025T17:09:51 - [TEST_STEP][PASSED] - path = dataFolder + "Table Data/" + typeOfData + " за отчётный период " + dzoNum: null

30-03-2025T17:09:51 - [TEST_STEP][PASSED] - page = getText(findTestObject(path)): Text of object 'Object Repository/Выполнение бизнес-плана/Значения со страницы Выполнение бизнес-плана/Table Data/Факт Потери за отчётный период 3' is: '444 962'

30-03-2025T17:09:51 - [MESSAGE][PASSED] - Text of object 'Object Repository/Выполнение бизнес-плана/Значения со страницы Выполнение бизнес-плана/Table Data/Факт Потери за отчётный период 3' is: '444 962'

30-03-2025T17:09:51 - [TEST_STEP][PASSED] - if (page == "" || page == null): null

30-03-2025T17:09:51 - [TEST_STEP][PASSED] - else: null

30-03-2025T17:09:51 - [TEST_STEP][PASSED] - page = page.replaceAll("\s+", ""): null

30-03-2025T17:09:51 - [TEST_STEP][PASSED] - if (page == "undefined"): null

30-03-2025T17:09:51 - [TEST_STEP][PASSED] - filePoteri = poteri.toInteger(): null

30-03-2025T17:09:51 - [TEST_STEP][PASSED] - pagePoteri = page.toInteger(): null

30-03-2025T17:09:51 - [TEST_STEP][PASSED] - compare = pageOtpuskVSet: null

30-03-2025T17:09:51 - [TEST_STEP][PASSED] - if (pageOtpuskVSet != null): null

30-03-2025T17:09:51 - [TEST_STEP][PASSED] - if (compare == fileOtpuskVSet): null

30-03-2025T17:09:51 - [TEST_STEP][PASSED] - if (compare == fileOtpuskVSet): null

30-03-2025T17:09:51 - [TEST_STEP][PASSED] - compare = pagePoteri: null

30-03-2025T17:09:51 - [TEST_STEP][PASSED] - if (pageOtpuskVSet != null): null

30-03-2025T17:09:51 - [TEST_STEP][PASSED] - if (compare == filePoteri): null

30-03-2025T17:09:51 - [TEST_STEP][PASSED] - else if (compare > filePoteri): null

30-03-2025T17:09:51 - [TEST_STEP][PASSED] - else if (compare < filePoteri): null

30-03-2025T17:09:51 - [TEST_STEP][PASSED] - compare = compare + 1: null

30-03-2025T17:09:51 - [TEST_STEP][PASSED] - if (compare == filePoteri): null

30-03-2025T17:09:51 - [TEST_STEP][PASSED] - else: null

30-03-2025T17:09:51 - [TEST_STEP][PASSED] - numberOfErrors = numberOfErrors + 1: null

30-03-2025T17:09:51 - [TEST_STEP][PASSED] - pageInt = pagePoteri: null

30-03-2025T17:09:51 - [TEST_STEP][PASSED] - fileInt = filePoteri: null

30-03-2025T17:09:51 - [TEST_STEP][PASSED] - typeOfData = typeOfDataMain + " Потери": null

30-03-2025T17:09:51 - [TEST_STEP][PASSED] - Script1718980020443.WriteToExcel(a, typeOfData, todaysDate, pageInt, fileInt, pageDouble, fileDouble, dZO): null

30-03-2025T17:09:51 - [TEST_STEP][PASSED] - sheetName = "Sheet1": null

30-03-2025T17:09:51 - [TEST_STEP][PASSED] - data = findTestData("PlanFact"): null

30-03-2025T17:09:51 - [TEST_STEP][PASSED] - n = data.getRowNumbers() + 1: null

30-03-2025T17:09:51 - [TEST_STEP][PASSED] - day = ")).toInteger(): null

30-03-2025T17:09:51 - [TEST_STEP][PASSED] - println(day): null

30-03-2025T17:09:51 - [TEST_STEP][PASSED] - month = ")).toInteger(): null

30-03-2025T17:09:51 - [TEST_STEP][PASSED] - println(month): null

30-03-2025T17:09:51 - [TEST_STEP][PASSED] - y = <not implemented yet for class: org.codehaus.groovy.ast.expr.EmptyExpression>: null

30-03-2025T17:09:51 - [TEST_STEP][PASSED] - iy = <not implemented yet for class: org.codehaus.groovy.ast.expr.EmptyExpression>: null

30-03-2025T17:09:51 - [TEST_STEP][PASSED] - m = getText(findTestObject("Выполнение бизнес-плана/Период")): Text of object 'Object Repository/Выполнение бизнес-плана/Период' is: 'Январь 2025 года'

30-03-2025T17:09:51 - [MESSAGE][PASSED] - Text of object 'Object Repository/Выполнение бизнес-плана/Период' is: 'Январь 2025 года'

30-03-2025T17:09:51 - [TEST_STEP][PASSED] - iy = m.indexOf("20"): null

30-03-2025T17:09:51 - [TEST_STEP][PASSED] - if (iy > -1): null

30-03-2025T17:09:51 - [TEST_STEP][PASSED] - y = substring(iy, iy + 4).toInteger(): null

30-03-2025T17:09:51 - [TEST_STEP][PASSED] - println(y): null

30-03-2025T17:09:51 - [TEST_STEP][PASSED] - if (toString().length() == 4): null

30-03-2025T17:09:51 - [TEST_STEP][PASSED] - m = m.substring(0, m.indexOf(y.toString())): null

30-03-2025T17:09:51 - [TEST_STEP][PASSED] - m = m.trim(): null

30-03-2025T17:09:51 - [TEST_STEP][PASSED] - if (m == ""): null

30-03-2025T17:09:51 - [TEST_STEP][PASSED] - dashboardName = "Выполнение бизнес-плана": null

30-03-2025T17:09:51 - [TEST_STEP][PASSED] - workbook01 = getWorkbook(excelFilePath): null

30-03-2025T17:09:51 - [TEST_STEP][PASSED] - sheet01 = getExcelSheet(workbook01, sheetName): null

30-03-2025T17:09:51 - [TEST_STEP][PASSED] - setValueToCellByIndex(sheet01, n, 0, dashboardName): null

30-03-2025T17:09:51 - [TEST_STEP][PASSED] - setValueToCellByIndex(sheet01, n, 1, dZO): null

30-03-2025T17:09:51 - [TEST_STEP][PASSED] - setValueToCellByIndex(sheet01, n, 2, typeOfData): null

30-03-2025T17:09:51 - [TEST_STEP][PASSED] - if (typeOfData == "Факт в процентах" || typeOfData == "План в процентах"): null

30-03-2025T17:09:51 - [TEST_STEP][PASSED] - else: null

30-03-2025T17:09:51 - [TEST_STEP][PASSED] - setValueToCellByIndex(sheet01, n, 3, fileInt): null

30-03-2025T17:09:51 - [TEST_STEP][PASSED] - setValueToCellByIndex(sheet01, n, 4, pageInt): null

30-03-2025T17:09:51 - [TEST_STEP][PASSED] - setValueToCellByIndex(sheet01, n, 5, m): null

30-03-2025T17:09:51 - [TEST_STEP][PASSED] - setValueToCellByIndex(sheet01, n, 6, y): null

30-03-2025T17:09:51 - [TEST_STEP][PASSED] - setValueToCellByIndex(sheet01, n, 7, todaysDate): null

30-03-2025T17:09:51 - [TEST_STEP][PASSED] - n = n + 1: null

30-03-2025T17:09:51 - [TEST_STEP][FAILED] - saveWorkbook(excelFilePath, workbook01): null

30-03-2025T17:09:51 - [TEST_STEP][PASSED] - if (planFact == 2): null

30-03-2025T17:09:51 - [TEST_STEP][PASSED] - if (planFact == 1): null

30-03-2025T17:09:51 - [TEST_STEP][PASSED] - else if (planFact == 2): null

30-03-2025T17:09:51 - [TEST_STEP][PASSED] - click(findTestObject("Выполнение бизнес-плана/Кнопка План")): Object: 'Object Repository/Выполнение бизнес-плана/Кнопка План' is clicked on

30-03-2025T17:09:52 - [MESSAGE][PASSED] - Object: 'Object Repository/Выполнение бизнес-плана/Кнопка План' is clicked on

30-03-2025T17:09:52 - [TEST_STEP][PASSED] - typeOfDataMain = "План": null

30-03-2025T17:09:52 - [TEST_STEP][PASSED] - otpusk = findTestData("PlanFact").getValue(2, a): null

30-03-2025T17:09:52 - [TEST_STEP][PASSED] - poteri = findTestData("PlanFact").getValue(3, a): null

30-03-2025T17:09:52 - [TEST_STEP][PASSED] - otpusk = otpusk.replaceAll("\s+", ""): null

30-03-2025T17:09:52 - [TEST_STEP][PASSED] - poteri = poteri.replaceAll("\s+", ""): null

30-03-2025T17:09:52 - [TEST_STEP][PASSED] - typeOfData = typeOfDataMain + " Отпуск в сеть": null

30-03-2025T17:09:52 - [TEST_STEP][PASSED] - if (a == 82): null

30-03-2025T17:09:52 - [TEST_STEP][PASSED] - else if (a == 84): null

30-03-2025T17:09:52 - [TEST_STEP][PASSED] - else if (a == 83 || a == 52 || a == 72 || a == 28 || a == 73 || a == 77 || a == 74 || a == 65 || a == 36 || a == 44 || a == 53 || a == 80 || a == 54 || a == 1 || a == 18 || a == 59 || a == 81): null

30-03-2025T17:09:52 - [TEST_STEP][PASSED] - path = dataFolder + "Table Data/" + typeOfData + " за отчётный период " + dzoNum: null

30-03-2025T17:09:52 - [TEST_STEP][PASSED] - println(path): null

30-03-2025T17:09:52 - [TEST_STEP][PASSED] - page = getText(findTestObject(path)): Text of object 'Object Repository/Выполнение бизнес-плана/Значения со страницы Выполнение бизнес-плана/Table Data/План Отпуск в сеть за отчётный период 3' is: '10 346 741'

30-03-2025T17:09:52 - [MESSAGE][PASSED] - Text of object 'Object Repository/Выполнение бизнес-плана/Значения со страницы Выполнение бизнес-плана/Table Data/План Отпуск в сеть за отчётный период 3' is: '10 346 741'

30-03-2025T17:09:52 - [TEST_STEP][PASSED] - if (page == "" || page == null): null

30-03-2025T17:09:52 - [TEST_STEP][PASSED] - else: null

30-03-2025T17:09:52 - [TEST_STEP][PASSED] - page = page.replaceAll("\s+", ""): null

30-03-2025T17:09:52 - [TEST_STEP][PASSED] - if (page == "undefined"): null

30-03-2025T17:09:52 - [TEST_STEP][PASSED] - fileOtpuskVSet = otpusk.toInteger(): null

30-03-2025T17:09:52 - [TEST_STEP][PASSED] - pageOtpuskVSet = page.toInteger(): null

30-03-2025T17:09:52 - [TEST_STEP][PASSED] - typeOfData = typeOfDataMain + " Потери": null

30-03-2025T17:09:52 - [TEST_STEP][PASSED] - if (a == 82): null

30-03-2025T17:09:52 - [TEST_STEP][PASSED] - else if (a == 84): null

30-03-2025T17:09:52 - [TEST_STEP][PASSED] - else if (a == 83 || a == 52 || a == 72 || a == 28 || a == 73 || a == 77 || a == 74 || a == 65 || a == 44 || a == 53 || a == 80 || a == 54 || a == 1 || a == 18 || a == 59 || a == 81): null

30-03-2025T17:09:52 - [TEST_STEP][PASSED] - path = dataFolder + "Table Data/" + typeOfData + " за отчётный период " + dzoNum: null

30-03-2025T17:09:52 - [TEST_STEP][FAILED] - page = getText(findTestObject(path)): Unable to get text of object 'Object Repository/Выполнение бизнес-плана/Значения со страницы Выполнение бизнес-плана/Table Data/План Потери за отчётный период 3' (Root cause: com.kms.katalon.core.exception.StepFailedException: Unable to get text of object 'Object Repository/Выполнение бизнес-плана/Значения со страницы Выполнение бизнес-плана/Table Data/План Потери за отчётный период 3'
	at com.kms.katalon.core.webui.keyword.internal.WebUIKeywordMain.stepFailed(WebUIKeywordMain.groovy:64)
	at com.kms.katalon.core.webui.keyword.internal.WebUIKeywordMain.runKeyword(WebUIKeywordMain.groovy:26)
	at com.kms.katalon.core.webui.keyword.builtin.GetTextKeyword.getText(GetTextKeyword.groovy:88)
	at com.kms.katalon.core.webui.keyword.builtin.GetTextKeyword.execute(GetTextKeyword.groovy:67)
	at com.kms.katalon.core.keyword.internal.KeywordExecutor.executeKeywordForPlatform(KeywordExecutor.groovy:74)
	at com.kms.katalon.core.webui.keyword.WebUiBuiltInKeywords.getText(WebUiBuiltInKeywords.groovy:957)
	at Выполнение бизнес-плана Сверка ПАО Россети все филиалы.Numbers(Выполнение бизнес-плана Сверка ПАО Россети все филиалы:594)
	at Выполнение бизнес-плана Сверка ПАО Россети все филиалы.run(Выполнение бизнес-плана Сверка ПАО Россети все филиалы:273)
	at com.kms.katalon.core.main.ScriptEngine.run(ScriptEngine.java:194)
	at com.kms.katalon.core.main.ScriptEngine.runScriptAsRawText(ScriptEngine.java:119)
	at com.kms.katalon.core.main.TestCaseExecutor.runScript(TestCaseExecutor.java:448)
	at com.kms.katalon.core.main.TestCaseExecutor.doExecute(TestCaseExecutor.java:439)
	at com.kms.katalon.core.main.TestCaseExecutor.processExecutionPhase(TestCaseExecutor.java:418)
	at com.kms.katalon.core.main.TestCaseExecutor.accessMainPhase(TestCaseExecutor.java:410)
	at com.kms.katalon.core.main.TestCaseExecutor.execute(TestCaseExecutor.java:285)
	at com.kms.katalon.core.common.CommonExecutor.accessTestCaseMainPhase(CommonExecutor.java:65)
	at com.kms.katalon.core.main.TestSuiteExecutor.accessTestSuiteMainPhase(TestSuiteExecutor.java:150)
	at com.kms.katalon.core.main.TestSuiteExecutor.execute(TestSuiteExecutor.java:106)
	at com.kms.katalon.core.main.TestCaseMain.startTestSuite(TestCaseMain.java:180)
	at TempTestSuite1743336560690.run(TempTestSuite1743336560690.groovy:35)
	at java.base/jdk.internal.reflect.NativeMethodAccessorImpl.invoke0(Native Method)
	at java.base/jdk.internal.reflect.NativeMethodAccessorImpl.invoke(NativeMethodAccessorImpl.java:77)
	at java.base/jdk.internal.reflect.DelegatingMethodAccessorImpl.invoke(DelegatingMethodAccessorImpl.java:43)
Caused by: com.kms.katalon.core.webui.exception.WebElementNotFoundException: Web element with id: 'Object Repository/Выполнение бизнес-плана/Значения со страницы Выполнение бизнес-плана/Table Data/План Потери за отчётный период 3' located by '(.//*[normalize-space(text()) and normalize-space(.)='Показатели баланса электроэнергии по ДЗО – План'])[2]/following::td[37]' not found
	at com.kms.katalon.core.webui.common.WebUiCommonHelper.findWebElement(WebUiCommonHelper.java:1426)
	at com.kms.katalon.core.webui.keyword.internal.WebUIAbstractKeyword.findWebElement(WebUIAbstractKeyword.groovy:27)
	at com.kms.katalon.core.webui.keyword.internal.WebUIAbstractKeyword.findWebElement(WebUIAbstractKeyword.groovy:26)
	at com.kms.katalon.core.webui.keyword.builtin.GetTextKeyword$_getText_closure1.doCall(GetTextKeyword.groovy:78)
	at com.kms.katalon.core.webui.keyword.builtin.GetTextKeyword$_getText_closure1.call(GetTextKeyword.groovy)
	at com.kms.katalon.core.webui.keyword.internal.WebUIKeywordMain.runKeyword(WebUIKeywordMain.groovy:20)
	at com.kms.katalon.core.webui.keyword.builtin.GetTextKeyword.getText(GetTextKeyword.groovy:88)
	at com.kms.katalon.core.webui.keyword.builtin.GetTextKeyword.execute(GetTextKeyword.groovy:67)
	at com.kms.katalon.core.keyword.internal.KeywordExecutor.executeKeywordForPlatform(KeywordExecutor.groovy:74)
	at com.kms.katalon.core.webui.keyword.WebUiBuiltInKeywords.getText(WebUiBuiltInKeywords.groovy:957)
	at Script1718980020443.Numbers(Script1718980020443.groovy:594)
	at Script1718980020443.run(Script1718980020443.groovy:273)
	... 15 more
)

30-03-2025T17:10:23 - [MESSAGE][INFO] - Unable to find the element located by 'By.xpath: (.//*[normalize-space(text()) and normalize-space(.)='Показатели баланса электроэнергии по ДЗО – План'])[2]/following::td[37]'. Please recheck the objects properties to make sure the desired element is located. 

30-03-2025T17:10:23 - [MESSAGE][FAILED] - Unable to get text of object 'Object Repository/Выполнение бизнес-плана/Значения со страницы Выполнение бизнес-плана/Table Data/План Потери за отчётный период 3' (Root cause: com.kms.katalon.core.exception.StepFailedException: Unable to get text of object 'Object Repository/Выполнение бизнес-плана/Значения со страницы Выполнение бизнес-плана/Table Data/План Потери за отчётный период 3'
	at com.kms.katalon.core.webui.keyword.internal.WebUIKeywordMain.stepFailed(WebUIKeywordMain.groovy:64)
	at com.kms.katalon.core.webui.keyword.internal.WebUIKeywordMain.runKeyword(WebUIKeywordMain.groovy:26)
	at com.kms.katalon.core.webui.keyword.builtin.GetTextKeyword.getText(GetTextKeyword.groovy:88)
	at com.kms.katalon.core.webui.keyword.builtin.GetTextKeyword.execute(GetTextKeyword.groovy:67)
	at com.kms.katalon.core.keyword.internal.KeywordExecutor.executeKeywordForPlatform(KeywordExecutor.groovy:74)
	at com.kms.katalon.core.webui.keyword.WebUiBuiltInKeywords.getText(WebUiBuiltInKeywords.groovy:957)
	at Выполнение бизнес-плана Сверка ПАО Россети все филиалы.Numbers(Выполнение бизнес-плана Сверка ПАО Россети все филиалы:594)
	at Выполнение бизнес-плана Сверка ПАО Россети все филиалы.run(Выполнение бизнес-плана Сверка ПАО Россети все филиалы:273)
	at com.kms.katalon.core.main.ScriptEngine.run(ScriptEngine.java:194)
	at com.kms.katalon.core.main.ScriptEngine.runScriptAsRawText(ScriptEngine.java:119)
	at com.kms.katalon.core.main.TestCaseExecutor.runScript(TestCaseExecutor.java:448)
	at com.kms.katalon.core.main.TestCaseExecutor.doExecute(TestCaseExecutor.java:439)
	at com.kms.katalon.core.main.TestCaseExecutor.processExecutionPhase(TestCaseExecutor.java:418)
	at com.kms.katalon.core.main.TestCaseExecutor.accessMainPhase(TestCaseExecutor.java:410)
	at com.kms.katalon.core.main.TestCaseExecutor.execute(TestCaseExecutor.java:285)
	at com.kms.katalon.core.common.CommonExecutor.accessTestCaseMainPhase(CommonExecutor.java:65)
	at com.kms.katalon.core.main.TestSuiteExecutor.accessTestSuiteMainPhase(TestSuiteExecutor.java:150)
	at com.kms.katalon.core.main.TestSuiteExecutor.execute(TestSuiteExecutor.java:106)
	at com.kms.katalon.core.main.TestCaseMain.startTestSuite(TestCaseMain.java:180)
	at TempTestSuite1743336560690.run(TempTestSuite1743336560690.groovy:35)
	at java.base/jdk.internal.reflect.NativeMethodAccessorImpl.invoke0(Native Method)
	at java.base/jdk.internal.reflect.NativeMethodAccessorImpl.invoke(NativeMethodAccessorImpl.java:77)
	at java.base/jdk.internal.reflect.DelegatingMethodAccessorImpl.invoke(DelegatingMethodAccessorImpl.java:43)
Caused by: com.kms.katalon.core.webui.exception.WebElementNotFoundException: Web element with id: 'Object Repository/Выполнение бизнес-плана/Значения со страницы Выполнение бизнес-плана/Table Data/План Потери за отчётный период 3' located by '(.//*[normalize-space(text()) and normalize-space(.)='Показатели баланса электроэнергии по ДЗО – План'])[2]/following::td[37]' not found
	at com.kms.katalon.core.webui.common.WebUiCommonHelper.findWebElement(WebUiCommonHelper.java:1426)
	at com.kms.katalon.core.webui.keyword.internal.WebUIAbstractKeyword.findWebElement(WebUIAbstractKeyword.groovy:27)
	at com.kms.katalon.core.webui.keyword.internal.WebUIAbstractKeyword.findWebElement(WebUIAbstractKeyword.groovy:26)
	at com.kms.katalon.core.webui.keyword.builtin.GetTextKeyword$_getText_closure1.doCall(GetTextKeyword.groovy:78)
	at com.kms.katalon.core.webui.keyword.builtin.GetTextKeyword$_getText_closure1.call(GetTextKeyword.groovy)
	at com.kms.katalon.core.webui.keyword.internal.WebUIKeywordMain.runKeyword(WebUIKeywordMain.groovy:20)
	at com.kms.katalon.core.webui.keyword.builtin.GetTextKeyword.getText(GetTextKeyword.groovy:88)
	at com.kms.katalon.core.webui.keyword.builtin.GetTextKeyword.execute(GetTextKeyword.groovy:67)
	at com.kms.katalon.core.keyword.internal.KeywordExecutor.executeKeywordForPlatform(KeywordExecutor.groovy:74)
	at com.kms.katalon.core.webui.keyword.WebUiBuiltInKeywords.getText(WebUiBuiltInKeywords.groovy:957)
	at Script1718980020443.Numbers(Script1718980020443.groovy:594)
	at Script1718980020443.run(Script1718980020443.groovy:273)
	... 15 more
)
[[ATTACHMENT|C:\\Users\\LIAZGINA-DI\\git\\SPORU\\Reports\\20250330_150919\\\u041F\u043D-\u0421\u0440-\u041F\u0442\\\u0421\u0432\u0435\u0440\u043A\u0430 \u0434\u0430\u0448\u0431\u043E\u0440\u0434\u043E\u0432 \u0438\u0437 \u0440\u0430\u0437\u043D\u044B\u0445 \u0431\u043B\u043E\u043A\u043E\u0432\\20250330_150920\\1743343823843.png]]

30-03-2025T17:10:23 - [TEST_STEP][PASSED] - if (page == "" || page == null): null

30-03-2025T17:10:23 - [TEST_STEP][PASSED] - fileInt = poteri.toInteger(): null

30-03-2025T17:10:23 - [TEST_STEP][PASSED] - Script1718980020443.WriteToExcelNoData(a, typeOfData, todaysDate, fileInt, fileDouble, dZO): null

30-03-2025T17:10:23 - [TEST_STEP][PASSED] - sheetName = "Sheet1": null

30-03-2025T17:10:23 - [TEST_STEP][PASSED] - data = findTestData("PlanFact"): null

30-03-2025T17:10:23 - [TEST_STEP][PASSED] - n = data.getRowNumbers() + 1: null

30-03-2025T17:10:23 - [TEST_STEP][PASSED] - day = ")).toInteger(): null

30-03-2025T17:10:23 - [TEST_STEP][PASSED] - println(day): null

30-03-2025T17:10:23 - [TEST_STEP][PASSED] - month = ")).toInteger(): null

30-03-2025T17:10:23 - [TEST_STEP][PASSED] - println(month): null

30-03-2025T17:10:23 - [TEST_STEP][PASSED] - y = <not implemented yet for class: org.codehaus.groovy.ast.expr.EmptyExpression>: null

30-03-2025T17:10:23 - [TEST_STEP][PASSED] - iy = <not implemented yet for class: org.codehaus.groovy.ast.expr.EmptyExpression>: null

30-03-2025T17:10:24 - [TEST_STEP][PASSED] - m = getText(findTestObject("Выполнение бизнес-плана/Период")): Text of object 'Object Repository/Выполнение бизнес-плана/Период' is: 'Январь 2025 года'

30-03-2025T17:10:24 - [MESSAGE][PASSED] - Text of object 'Object Repository/Выполнение бизнес-плана/Период' is: 'Январь 2025 года'

30-03-2025T17:10:24 - [TEST_STEP][PASSED] - iy = m.indexOf("20"): null

30-03-2025T17:10:24 - [TEST_STEP][PASSED] - if (iy > -1): null

30-03-2025T17:10:24 - [TEST_STEP][PASSED] - y = substring(iy, iy + 4).toInteger(): null

30-03-2025T17:10:24 - [TEST_STEP][PASSED] - println(y): null

30-03-2025T17:10:24 - [TEST_STEP][PASSED] - if (toString().length() == 4): null

30-03-2025T17:10:24 - [TEST_STEP][PASSED] - m = m.substring(0, m.indexOf(y.toString())): null

30-03-2025T17:10:24 - [TEST_STEP][PASSED] - m = m.trim(): null

30-03-2025T17:10:24 - [TEST_STEP][PASSED] - if (m == ""): null

30-03-2025T17:10:24 - [TEST_STEP][PASSED] - dashboardName = "Выполнение бизнес-плана": null

30-03-2025T17:10:24 - [TEST_STEP][PASSED] - workbook01 = getWorkbook(excelFilePath): null

30-03-2025T17:10:24 - [TEST_STEP][PASSED] - sheet01 = getExcelSheet(workbook01, sheetName): null

30-03-2025T17:10:24 - [TEST_STEP][PASSED] - setValueToCellByIndex(sheet01, n, 0, dashboardName): null

30-03-2025T17:10:24 - [TEST_STEP][PASSED] - setValueToCellByIndex(sheet01, n, 1, dZO): null

30-03-2025T17:10:24 - [TEST_STEP][PASSED] - setValueToCellByIndex(sheet01, n, 2, typeOfData): null

30-03-2025T17:10:24 - [TEST_STEP][PASSED] - if (typeOfData == "Факт в процентах" || typeOfData == "План в процентах"): null

30-03-2025T17:10:24 - [TEST_STEP][PASSED] - else: null

30-03-2025T17:10:24 - [TEST_STEP][PASSED] - setValueToCellByIndex(sheet01, n, 3, fileInt): null

30-03-2025T17:10:24 - [TEST_STEP][PASSED] - setValueToCellByIndex(sheet01, n, 4, "нет данных"): null

30-03-2025T17:10:24 - [TEST_STEP][PASSED] - setValueToCellByIndex(sheet01, n, 5, m): null

30-03-2025T17:10:24 - [TEST_STEP][PASSED] - setValueToCellByIndex(sheet01, n, 6, y): null

30-03-2025T17:10:24 - [TEST_STEP][PASSED] - setValueToCellByIndex(sheet01, n, 7, todaysDate): null

30-03-2025T17:10:24 - [TEST_STEP][PASSED] - n = n + 1: null

30-03-2025T17:10:24 - [TEST_STEP][PASSED] - saveWorkbook(excelFilePath, workbook01): null

30-03-2025T17:10:24 - [TEST_STEP][PASSED] - compare = pageOtpuskVSet: null

30-03-2025T17:10:24 - [TEST_STEP][PASSED] - if (pageOtpuskVSet != null): null

30-03-2025T17:10:24 - [TEST_STEP][PASSED] - if (compare == fileOtpuskVSet): null

30-03-2025T17:10:24 - [TEST_STEP][PASSED] - if (compare == fileOtpuskVSet): null

30-03-2025T17:10:24 - [TEST_STEP][PASSED] - compare = pagePoteri: null

30-03-2025T17:10:24 - [TEST_STEP][PASSED] - if (pageOtpuskVSet != null): null

30-03-2025T17:10:24 - [TEST_STEP][PASSED] - if (compare == filePoteri): null

30-03-2025T17:10:24 - [TEST_STEP][PASSED] - else if (compare > filePoteri): null

30-03-2025T17:10:24 - [TEST_STEP][PASSED] - else if (compare < filePoteri): null

30-03-2025T17:10:24 - [TEST_STEP][PASSED] - compare = compare + 1: null

30-03-2025T17:10:24 - [TEST_STEP][PASSED] - if (compare == filePoteri): null

30-03-2025T17:10:24 - [TEST_STEP][PASSED] - else: null

30-03-2025T17:10:24 - [TEST_STEP][PASSED] - numberOfErrors = numberOfErrors + 1: null

30-03-2025T17:10:24 - [TEST_STEP][PASSED] - pageInt = pagePoteri: null

30-03-2025T17:10:24 - [TEST_STEP][PASSED] - fileInt = filePoteri: null

30-03-2025T17:10:24 - [TEST_STEP][PASSED] - typeOfData = typeOfDataMain + " Потери": null

30-03-2025T17:10:24 - [TEST_STEP][PASSED] - Script1718980020443.WriteToExcel(a, typeOfData, todaysDate, pageInt, fileInt, pageDouble, fileDouble, dZO): null

30-03-2025T17:10:24 - [TEST_STEP][PASSED] - sheetName = "Sheet1": null

30-03-2025T17:10:24 - [TEST_STEP][PASSED] - data = findTestData("PlanFact"): null

30-03-2025T17:10:24 - [TEST_STEP][PASSED] - n = data.getRowNumbers() + 1: null

30-03-2025T17:10:24 - [TEST_STEP][PASSED] - day = ")).toInteger(): null

30-03-2025T17:10:24 - [TEST_STEP][PASSED] - println(day): null

30-03-2025T17:10:24 - [TEST_STEP][PASSED] - month = ")).toInteger(): null

30-03-2025T17:10:24 - [TEST_STEP][PASSED] - println(month): null

30-03-2025T17:10:24 - [TEST_STEP][PASSED] - y = <not implemented yet for class: org.codehaus.groovy.ast.expr.EmptyExpression>: null

30-03-2025T17:10:24 - [TEST_STEP][PASSED] - iy = <not implemented yet for class: org.codehaus.groovy.ast.expr.EmptyExpression>: null

30-03-2025T17:10:24 - [TEST_STEP][PASSED] - m = getText(findTestObject("Выполнение бизнес-плана/Период")): Text of object 'Object Repository/Выполнение бизнес-плана/Период' is: 'Январь 2025 года'

30-03-2025T17:10:24 - [MESSAGE][PASSED] - Text of object 'Object Repository/Выполнение бизнес-плана/Период' is: 'Январь 2025 года'

30-03-2025T17:10:24 - [TEST_STEP][PASSED] - iy = m.indexOf("20"): null

30-03-2025T17:10:24 - [TEST_STEP][PASSED] - if (iy > -1): null

30-03-2025T17:10:24 - [TEST_STEP][PASSED] - y = substring(iy, iy + 4).toInteger(): null

30-03-2025T17:10:24 - [TEST_STEP][PASSED] - println(y): null

30-03-2025T17:10:24 - [TEST_STEP][PASSED] - if (toString().length() == 4): null

30-03-2025T17:10:24 - [TEST_STEP][PASSED] - m = m.substring(0, m.indexOf(y.toString())): null

30-03-2025T17:10:24 - [TEST_STEP][PASSED] - m = m.trim(): null

30-03-2025T17:10:24 - [TEST_STEP][PASSED] - if (m == ""): null

30-03-2025T17:10:24 - [TEST_STEP][PASSED] - dashboardName = "Выполнение бизнес-плана": null

30-03-2025T17:10:24 - [TEST_STEP][PASSED] - workbook01 = getWorkbook(excelFilePath): null

30-03-2025T17:10:24 - [TEST_STEP][PASSED] - sheet01 = getExcelSheet(workbook01, sheetName): null

30-03-2025T17:10:24 - [TEST_STEP][PASSED] - setValueToCellByIndex(sheet01, n, 0, dashboardName): null

30-03-2025T17:10:24 - [TEST_STEP][PASSED] - setValueToCellByIndex(sheet01, n, 1, dZO): null

30-03-2025T17:10:24 - [TEST_STEP][PASSED] - setValueToCellByIndex(sheet01, n, 2, typeOfData): null

30-03-2025T17:10:24 - [TEST_STEP][PASSED] - if (typeOfData == "Факт в процентах" || typeOfData == "План в процентах"): null

30-03-2025T17:10:24 - [TEST_STEP][PASSED] - else: null

30-03-2025T17:10:24 - [TEST_STEP][PASSED] - setValueToCellByIndex(sheet01, n, 3, fileInt): null

30-03-2025T17:10:24 - [TEST_STEP][PASSED] - setValueToCellByIndex(sheet01, n, 4, pageInt): null

30-03-2025T17:10:24 - [TEST_STEP][PASSED] - setValueToCellByIndex(sheet01, n, 5, m): null

30-03-2025T17:10:24 - [TEST_STEP][PASSED] - setValueToCellByIndex(sheet01, n, 6, y): null

30-03-2025T17:10:24 - [TEST_STEP][PASSED] - setValueToCellByIndex(sheet01, n, 7, todaysDate): null

30-03-2025T17:10:24 - [TEST_STEP][PASSED] - n = n + 1: null

30-03-2025T17:10:24 - [TEST_STEP][PASSED] - saveWorkbook(excelFilePath, workbook01): Object: 'Object Repository/Выполнение бизнес-плана/Кнопка Факт' is clicked on

30-03-2025T17:10:25 - [TEST_STEP][PASSED] - if (planFact == 2): Object: 'Object Repository/Выполнение бизнес-плана/Кнопка Факт' is clicked on

30-03-2025T17:10:25 - [TEST_STEP][PASSED] - click(findTestObject("Выполнение бизнес-плана/Кнопка Факт")): Object: 'Object Repository/Выполнение бизнес-плана/Кнопка Факт' is clicked on

30-03-2025T17:10:25 - [MESSAGE][PASSED] - Object: 'Object Repository/Выполнение бизнес-плана/Кнопка Факт' is clicked on

30-03-2025T17:10:25 - [TEST_STEP][PASSED] - println("a=" + a): null

30-03-2025T17:10:25 - [TEST_STEP][PASSED] - if (a == 84 || a == 82): null

30-03-2025T17:10:25 - [TEST_STEP][PASSED] - else if (a == 83 || a == 52 || a == 72 || a == 28 || a == 73 || a == 77 || a == 74 || a == 65 || a == 36 || a == 44 || a == 53 || a == 80 || a == 54 || a == 1 || a == 18 || a == 59 || a == 81): null

30-03-2025T17:10:25 - [TEST_STEP][PASSED] - page1 = getText(findTestObject("Object Repository/Выполнение бизнес-плана/spanPlan" + dzoNum)): Text of object 'Object Repository/Выполнение бизнес-плана/spanPlan3' is: '9.74
|'

30-03-2025T17:10:25 - [MESSAGE][PASSED] - Text of object 'Object Repository/Выполнение бизнес-плана/spanPlan3' is: '9.74
|'

30-03-2025T17:10:25 - [TEST_STEP][PASSED] - page1 = page1.replace("|", ""): null

30-03-2025T17:10:25 - [TEST_STEP][PASSED] - page2 = getText(findTestObject("Object Repository/Выполнение бизнес-плана/spanFact" + dzoNum)): Text of object 'Object Repository/Выполнение бизнес-плана/spanFact3' is: '9.32'

30-03-2025T17:10:26 - [MESSAGE][PASSED] - Text of object 'Object Repository/Выполнение бизнес-плана/spanFact3' is: '9.32'

30-03-2025T17:10:26 - [TEST_STEP][PASSED] - page2 = page2.replace("|", ""): null

30-03-2025T17:10:26 - [TEST_STEP][PASSED] - println("page1: " + page1): null

30-03-2025T17:10:26 - [TEST_STEP][PASSED] - println("page2: " + page2): null

30-03-2025T17:10:26 - [TEST_STEP][PASSED] - file = findTestData("PlanFact").getValue(4, a): null

30-03-2025T17:10:26 - [TEST_STEP][PASSED] - file = file.replace(",", "."): null

30-03-2025T17:10:26 - [TEST_STEP][PASSED] - println("file Plan: " + file): null

30-03-2025T17:10:26 - [TEST_STEP][PASSED] - typeOfData = "План в процентах": null

30-03-2025T17:10:26 - [TEST_STEP][PASSED] - fileDouble = file.toDouble(): null

30-03-2025T17:10:26 - [TEST_STEP][PASSED] - pageDouble = page1.toDouble(): null

30-03-2025T17:10:26 - [TEST_STEP][PASSED] - if (fileDouble != pageDouble): null

30-03-2025T17:10:26 - [TEST_STEP][PASSED] - file = findTestData("PlanFact").getValue(7, a): null

30-03-2025T17:10:26 - [TEST_STEP][PASSED] - file = file.replace(",", "."): null

30-03-2025T17:10:26 - [TEST_STEP][PASSED] - println("file Fact: " + file): null

30-03-2025T17:10:26 - [TEST_STEP][PASSED] - fileDouble = file.toDouble(): null

30-03-2025T17:10:26 - [TEST_STEP][PASSED] - typeOfData = "Факт в процентах": null

30-03-2025T17:10:26 - [TEST_STEP][PASSED] - fileDouble = file.toDouble(): null

30-03-2025T17:10:26 - [TEST_STEP][PASSED] - pageDouble = page2.toDouble(): null

30-03-2025T17:10:26 - [TEST_STEP][PASSED] - if (fileDouble != pageDouble): null

30-03-2025T17:10:26 - [TEST_STEP][FAILED] - if (verifyEqual(numberOfErrors, 0) == false): null

30-03-2025T17:10:26 - [MESSAGE][FAILED] - Unable to verify equal between actual object '2' and expected object '0' (Root cause: com.kms.katalon.core.exception.StepFailedException: Actual object '2' and expected object '0' are not equal
	at com.kms.katalon.core.keyword.builtin.VerifyEqualKeyword$_verifyEqual_closure1.doCall(VerifyEqualKeyword.groovy:58)
	at com.kms.katalon.core.keyword.builtin.VerifyEqualKeyword$_verifyEqual_closure1.call(VerifyEqualKeyword.groovy)
	at com.kms.katalon.core.keyword.internal.KeywordMain.runKeyword(KeywordMain.groovy:75)
	at com.kms.katalon.core.keyword.builtin.VerifyEqualKeyword.verifyEqual(VerifyEqualKeyword.groovy:63)
	at com.kms.katalon.core.keyword.builtin.VerifyEqualKeyword.execute(VerifyEqualKeyword.groovy:44)
	at com.kms.katalon.core.keyword.internal.KeywordExecutor.executeKeywordForPlatform(KeywordExecutor.groovy:74)
	at com.kms.katalon.core.keyword.BuiltinKeywords.verifyEqual(BuiltinKeywords.groovy:146)
	at jdk.internal.reflect.GeneratedMethodAccessor22.invoke(Unknown Source)
	at java.base/jdk.internal.reflect.DelegatingMethodAccessorImpl.invoke(DelegatingMethodAccessorImpl.java:43)
	at Выполнение бизнес-плана Сверка ПАО Россети все филиалы.Numbers(Выполнение бизнес-плана Сверка ПАО Россети все филиалы:744)
	at Выполнение бизнес-плана Сверка ПАО Россети все филиалы.run(Выполнение бизнес-плана Сверка ПАО Россети все филиалы:273)
	at com.kms.katalon.core.main.ScriptEngine.run(ScriptEngine.java:194)
	at com.kms.katalon.core.main.ScriptEngine.runScriptAsRawText(ScriptEngine.java:119)
	at com.kms.katalon.core.main.TestCaseExecutor.runScript(TestCaseExecutor.java:448)
	at com.kms.katalon.core.main.TestCaseExecutor.doExecute(TestCaseExecutor.java:439)
	at com.kms.katalon.core.main.TestCaseExecutor.processExecutionPhase(TestCaseExecutor.java:418)
	at com.kms.katalon.core.main.TestCaseExecutor.accessMainPhase(TestCaseExecutor.java:410)
	at com.kms.katalon.core.main.TestCaseExecutor.execute(TestCaseExecutor.java:285)
	at com.kms.katalon.core.common.CommonExecutor.accessTestCaseMainPhase(CommonExecutor.java:65)
	at com.kms.katalon.core.main.TestSuiteExecutor.accessTestSuiteMainPhase(TestSuiteExecutor.java:150)
	at com.kms.katalon.core.main.TestSuiteExecutor.execute(TestSuiteExecutor.java:106)
	at com.kms.katalon.core.main.TestCaseMain.startTestSuite(TestCaseMain.java:180)
	at TempTestSuite1743336560690.run(TempTestSuite1743336560690.groovy:35)
	at java.base/jdk.internal.reflect.NativeMethodAccessorImpl.invoke0(Native Method)
	at java.base/jdk.internal.reflect.NativeMethodAccessorImpl.invoke(NativeMethodAccessorImpl.java:77)
	at java.base/jdk.internal.reflect.DelegatingMethodAccessorImpl.invoke(DelegatingMethodAccessorImpl.java:43)
)

30-03-2025T17:10:26 - [TEST_STEP][PASSED] - println(numberOfErrors): null

30-03-2025T17:10:26 - [TEST_STEP][PASSED] - println("a=" + a): null

30-03-2025T17:10:26 - [TEST_STEP][PASSED] - if (a == 28 || a == 77 || a == 74 || a == 65 || a == 36 || a == 44 || a == 54 || a == 1 || a == 18 || a == 59): null

30-03-2025T17:10:26 - [TEST_STEP][PASSED] - Script1718980020443.Filials(a, typeOfData, todaysDate, pageInt, fileInt, pageDouble, fileDouble, dZO, dzoNum, filialNum): null

30-03-2025T17:10:26 - [TEST_STEP][PASSED] - i = <not implemented yet for class: org.codehaus.groovy.ast.expr.EmptyExpression>: null

30-03-2025T17:10:26 - [TEST_STEP][PASSED] - c = <not implemented yet for class: org.codehaus.groovy.ast.expr.EmptyExpression>: null

30-03-2025T17:10:26 - [TEST_STEP][PASSED] - page = <not implemented yet for class: org.codehaus.groovy.ast.expr.EmptyExpression>: null

30-03-2025T17:10:26 - [TEST_STEP][PASSED] - println(dZO): null

30-03-2025T17:10:26 - [TEST_STEP][PASSED] - reducedDZO = <not implemented yet for class: org.codehaus.groovy.ast.expr.EmptyExpression>: null

30-03-2025T17:10:26 - [TEST_STEP][PASSED] - reducedDZO = dZO.substring(dZO.indexOf(" ") + 1, dZO.length()): null

30-03-2025T17:10:26 - [TEST_STEP][PASSED] - if (reducedDZO.contains(" ")): null

30-03-2025T17:10:26 - [TEST_STEP][PASSED] - reducedDZO = reducedDZO.substring(reducedDZO.indexOf(" ") + 1, reducedDZO.length()): null

30-03-2025T17:10:26 - [TEST_STEP][PASSED] - if (reducedDZO.contains(" ")): null

30-03-2025T17:10:26 - [TEST_STEP][PASSED] - println(reducedDZO): null

30-03-2025T17:10:26 - [TEST_STEP][PASSED] - dzoCut = <not implemented yet for class: org.codehaus.groovy.ast.expr.EmptyExpression>: null

30-03-2025T17:10:26 - [TEST_STEP][PASSED] - Script1718980020443.DZO(a): null

30-03-2025T17:10:26 - [TEST_STEP][PASSED] - delay(20): Delayed 20 second(s)

30-03-2025T17:10:46 - [MESSAGE][PASSED] - Delayed 20 second(s)

30-03-2025T17:10:46 - [TEST_STEP][PASSED] - Script1718980020443.OpenFilter(): null

30-03-2025T17:10:46 - [TEST_STEP][PASSED] - click(findTestObject("Object Repository/Выполнение бизнес-плана/Фильтр ДЗО")): Object: 'Object Repository/Выполнение бизнес-плана/Фильтр ДЗО' is clicked on

30-03-2025T17:10:46 - [MESSAGE][PASSED] - Object: 'Object Repository/Выполнение бизнес-плана/Фильтр ДЗО' is clicked on

30-03-2025T17:10:46 - [TEST_STEP][PASSED] - click(findTestObject("Выполнение бизнес-плана/Снять выделение в фильтре ДЗО")): Object: 'Object Repository/Выполнение бизнес-плана/Снять выделение в фильтре ДЗО' is clicked on

30-03-2025T17:10:47 - [MESSAGE][PASSED] - Object: 'Object Repository/Выполнение бизнес-плана/Снять выделение в фильтре ДЗО' is clicked on

30-03-2025T17:10:47 - [TEST_STEP][PASSED] - Script1718980020443.OpenRSK(): null

30-03-2025T17:10:47 - [TEST_STEP][PASSED] - click(findTestObject("Выполнение бизнес-плана/Раскрыть список ПАО Россети в фильтре ДЗО")): Object: 'Object Repository/Выполнение бизнес-плана/Раскрыть список ПАО Россети в фильтре ДЗО' is clicked on

30-03-2025T17:10:47 - [MESSAGE][PASSED] - Object: 'Object Repository/Выполнение бизнес-плана/Раскрыть список ПАО Россети в фильтре ДЗО' is clicked on

30-03-2025T17:10:47 - [TEST_STEP][PASSED] - click(findTestObject("Выполнение бизнес-плана/Раскрыть список РаспредКомплекс в фильтре ДЗО")): Object: 'Object Repository/Выполнение бизнес-плана/Раскрыть список РаспредКомплекс в фильтре ДЗО' is clicked on

30-03-2025T17:10:47 - [MESSAGE][PASSED] - Object: 'Object Repository/Выполнение бизнес-плана/Раскрыть список РаспредКомплекс в фильтре ДЗО' is clicked on

30-03-2025T17:10:47 - [TEST_STEP][PASSED] - if (a == 28): null

30-03-2025T17:10:47 - [TEST_STEP][PASSED] - if (a == 77): null

30-03-2025T17:10:47 - [TEST_STEP][PASSED] - if (a == 74): Object: 'Object Repository/Выполнение бизнес-плана/Россети Московский регион' is clicked on

30-03-2025T17:10:47 - [TEST_STEP][PASSED] - scrollToElement(findTestObject("Общие объекты/Раскрыть список Россети Московский регион"), 30): Scroll to object 'Object Repository/Общие объекты/Раскрыть список Россети Московский регион' successfully

30-03-2025T17:10:48 - [MESSAGE][PASSED] - Scroll to object 'Object Repository/Общие объекты/Раскрыть список Россети Московский регион' successfully

30-03-2025T17:10:48 - [TEST_STEP][PASSED] - click(findTestObject("Выполнение бизнес-плана/Россети Московский регион")): Object: 'Object Repository/Выполнение бизнес-плана/Россети Московский регион' is clicked on

30-03-2025T17:10:48 - [MESSAGE][PASSED] - Object: 'Object Repository/Выполнение бизнес-плана/Россети Московский регион' is clicked on

30-03-2025T17:10:48 - [TEST_STEP][PASSED] - if (a == 65): null

30-03-2025T17:10:48 - [TEST_STEP][PASSED] - if (a == 36): null

30-03-2025T17:10:48 - [TEST_STEP][PASSED] - if (a == 44): null

30-03-2025T17:10:48 - [TEST_STEP][PASSED] - if (a == 54): null

30-03-2025T17:10:48 - [TEST_STEP][PASSED] - if (a == 1): null

30-03-2025T17:10:48 - [TEST_STEP][PASSED] - if (a == 18): null

30-03-2025T17:10:48 - [TEST_STEP][PASSED] - if (a == 59): null

30-03-2025T17:10:48 - [TEST_STEP][PASSED] - Script1718980020443.CloseFilter(): null

30-03-2025T17:10:48 - [TEST_STEP][PASSED] - scrollToElement(findTestObject("Выполнение бизнес-плана/Заголовок дашборда"), 30): Scroll to object 'Object Repository/Выполнение бизнес-плана/Заголовок дашборда' successfully

30-03-2025T17:10:49 - [MESSAGE][PASSED] - Scroll to object 'Object Repository/Выполнение бизнес-плана/Заголовок дашборда' successfully

30-03-2025T17:10:49 - [TEST_STEP][PASSED] - click(findTestObject("Object Repository/Выполнение бизнес-плана/Применить в фильтре ДЗО")): Object: 'Object Repository/Выполнение бизнес-плана/Применить в фильтре ДЗО' is clicked on

30-03-2025T17:10:49 - [MESSAGE][PASSED] - Object: 'Object Repository/Выполнение бизнес-плана/Применить в фильтре ДЗО' is clicked on

30-03-2025T17:10:49 - [TEST_STEP][PASSED] - delay(20): Delayed 20 second(s)

30-03-2025T17:11:09 - [MESSAGE][PASSED] - Delayed 20 second(s)

30-03-2025T17:11:09 - [TEST_STEP][PASSED] - Script1718980020443.ZakrytOpoveshenie(): null

30-03-2025T17:11:09 - [TEST_STEP][PASSED] - delay(10): Delayed 10 second(s)

30-03-2025T17:11:19 - [MESSAGE][PASSED] - Delayed 10 second(s)

30-03-2025T17:11:19 - [TEST_STEP][PASSED] - opoveshenie = getText(findTestObject("Выполнение бизнес-плана/Просьба обратить внимание")): Text of object 'Object Repository/Выполнение бизнес-плана/Просьба обратить внимание' is: ''

30-03-2025T17:11:20 - [MESSAGE][PASSED] - Text of object 'Object Repository/Выполнение бизнес-плана/Просьба обратить внимание' is: ''

30-03-2025T17:11:20 - [TEST_STEP][PASSED] - println(opoveshenie): null

30-03-2025T17:11:20 - [TEST_STEP][PASSED] - if (opoveshenie == "Просьба обратить внимание"): null

30-03-2025T17:11:20 - [TEST_STEP][PASSED] - page = getText(findTestObject("Object Repository/Выполнение бизнес-плана/Filials")): Text of object 'Object Repository/Выполнение бизнес-плана/Filials' is: 'Московская область
г. Москва
0
10
20
30
40
50
60
70'

30-03-2025T17:11:20 - [MESSAGE][PASSED] - Text of object 'Object Repository/Выполнение бизнес-плана/Filials' is: 'Московская область
г. Москва
0
10
20
30
40
50
60
70'

30-03-2025T17:11:20 - [TEST_STEP][PASSED] - println(page): null

30-03-2025T17:11:20 - [TEST_STEP][PASSED] - c = page.indexOf(reducedDZO): null

30-03-2025T17:11:20 - [TEST_STEP][PASSED] - if (c > -1): null

30-03-2025T17:11:20 - [TEST_STEP][PASSED] - x2 = getText(findTestObject("Выполнение бизнес-плана/Список ДЗО старый")): Text of object 'Object Repository/Выполнение бизнес-плана/Список ДЗО старый' is: 'Московская область
г. Москва
0
10
20
30
40
50
60
70'

30-03-2025T17:11:20 - [MESSAGE][PASSED] - Text of object 'Object Repository/Выполнение бизнес-плана/Список ДЗО старый' is: 'Московская область
г. Москва
0
10
20
30
40
50
60
70'

30-03-2025T17:11:20 - [TEST_STEP][PASSED] - if (a == 28): null

30-03-2025T17:11:20 - [TEST_STEP][PASSED] - if (a == 77): null

30-03-2025T17:11:20 - [TEST_STEP][PASSED] - if (a == 74): null

30-03-2025T17:11:20 - [TEST_STEP][PASSED] - dZO = "г. Москва": null

30-03-2025T17:11:20 - [TEST_STEP][PASSED] - a = 75: null

30-03-2025T17:11:20 - [TEST_STEP][PASSED] - dzoCut = dZO.substring(3, dZO.length()): null

30-03-2025T17:11:20 - [TEST_STEP][PASSED] - if (x2.contains(dzoCut)): null

30-03-2025T17:11:20 - [TEST_STEP][PASSED] - filialNum = filialNum + 1: null

30-03-2025T17:11:20 - [TEST_STEP][PASSED] - Script1718980020443.Numbers(a, typeOfData, todaysDate, pageInt, fileInt, pageDouble, fileDouble, dZO, dzoNum, filialNum): null

30-03-2025T17:11:20 - [TEST_STEP][PASSED] - println(dzoNum): null

30-03-2025T17:11:20 - [TEST_STEP][PASSED] - planFact = <not implemented yet for class: org.codehaus.groovy.ast.expr.EmptyExpression>: null

30-03-2025T17:11:20 - [TEST_STEP][PASSED] - page = <not implemented yet for class: org.codehaus.groovy.ast.expr.EmptyExpression>: null

30-03-2025T17:11:20 - [TEST_STEP][PASSED] - page1 = <not implemented yet for class: org.codehaus.groovy.ast.expr.EmptyExpression>: null

30-03-2025T17:11:20 - [TEST_STEP][PASSED] - page2 = <not implemented yet for class: org.codehaus.groovy.ast.expr.EmptyExpression>: null

30-03-2025T17:11:20 - [TEST_STEP][PASSED] - filialNumberInRow = <not implemented yet for class: org.codehaus.groovy.ast.expr.EmptyExpression>: null

30-03-2025T17:11:20 - [TEST_STEP][PASSED] - filialsDzoNames = <not implemented yet for class: org.codehaus.groovy.ast.expr.EmptyExpression>: null

30-03-2025T17:11:20 - [TEST_STEP][PASSED] - numberOfFilials = <not implemented yet for class: org.codehaus.groovy.ast.expr.EmptyExpression>: null

30-03-2025T17:11:20 - [TEST_STEP][PASSED] - numberOfSpaces = <not implemented yet for class: org.codehaus.groovy.ast.expr.EmptyExpression>: null

30-03-2025T17:11:20 - [TEST_STEP][PASSED] - file = <not implemented yet for class: org.codehaus.groovy.ast.expr.EmptyExpression>: null

30-03-2025T17:11:20 - [TEST_STEP][PASSED] - otpusk = <not implemented yet for class: org.codehaus.groovy.ast.expr.EmptyExpression>: null

30-03-2025T17:11:20 - [TEST_STEP][PASSED] - poteri = <not implemented yet for class: org.codehaus.groovy.ast.expr.EmptyExpression>: null

30-03-2025T17:11:20 - [TEST_STEP][PASSED] - dataFolder = "Выполнение бизнес-плана/Значения со страницы Выполнение бизнес-плана/": null

30-03-2025T17:11:20 - [TEST_STEP][PASSED] - path = <not implemented yet for class: org.codehaus.groovy.ast.expr.EmptyExpression>: null

30-03-2025T17:11:20 - [TEST_STEP][PASSED] - typeOfDataMain = <not implemented yet for class: org.codehaus.groovy.ast.expr.EmptyExpression>: null

30-03-2025T17:11:20 - [TEST_STEP][PASSED] - fileOtpuskVSet = <not implemented yet for class: org.codehaus.groovy.ast.expr.EmptyExpression>: null

30-03-2025T17:11:20 - [TEST_STEP][PASSED] - pageOtpuskVSet = <not implemented yet for class: org.codehaus.groovy.ast.expr.EmptyExpression>: null

30-03-2025T17:11:20 - [TEST_STEP][PASSED] - filePoteri = <not implemented yet for class: org.codehaus.groovy.ast.expr.EmptyExpression>: null

30-03-2025T17:11:20 - [TEST_STEP][PASSED] - pagePoteri = <not implemented yet for class: org.codehaus.groovy.ast.expr.EmptyExpression>: null

30-03-2025T17:11:20 - [TEST_STEP][PASSED] - compare = <not implemented yet for class: org.codehaus.groovy.ast.expr.EmptyExpression>: null

30-03-2025T17:11:20 - [TEST_STEP][PASSED] - b = <not implemented yet for class: org.codehaus.groovy.ast.expr.EmptyExpression>: null

30-03-2025T17:11:20 - [TEST_STEP][PASSED] - i = <not implemented yet for class: org.codehaus.groovy.ast.expr.EmptyExpression>: null

30-03-2025T17:11:20 - [TEST_STEP][PASSED] - ii = <not implemented yet for class: org.codehaus.groovy.ast.expr.EmptyExpression>: null

30-03-2025T17:11:20 - [TEST_STEP][PASSED] - c = <not implemented yet for class: org.codehaus.groovy.ast.expr.EmptyExpression>: null

30-03-2025T17:11:20 - [TEST_STEP][PASSED] - numberOfErrors = 0: null

30-03-2025T17:11:20 - [TEST_STEP][PASSED] - if (a == 82): null

30-03-2025T17:11:20 - [TEST_STEP][PASSED] - b = findTestData("PlanFact").getValue(1, a): null

30-03-2025T17:11:20 - [TEST_STEP][PASSED] - i = b.indexOf(" (ГК)"): null

30-03-2025T17:11:20 - [TEST_STEP][PASSED] - if (i > -1): null

30-03-2025T17:11:20 - [TEST_STEP][PASSED] - i = b.indexOf("О ""): null

30-03-2025T17:11:20 - [TEST_STEP][PASSED] - if (i > -1): null

30-03-2025T17:11:20 - [TEST_STEP][PASSED] - i = b.indexOf("О «"): null

30-03-2025T17:11:20 - [TEST_STEP][PASSED] - if (i > -1): null

30-03-2025T17:11:20 - [TEST_STEP][PASSED] - i = b.indexOf("г. "): null

30-03-2025T17:11:20 - [TEST_STEP][PASSED] - if (i > -1): null

30-03-2025T17:11:20 - [TEST_STEP][PASSED] - b = b.substring(i + 3, b.length()): null

30-03-2025T17:11:20 - [TEST_STEP][PASSED] - b = b.trim(): null

30-03-2025T17:11:20 - [TEST_STEP][PASSED] - println(b): null

30-03-2025T17:11:20 - [TEST_STEP][PASSED] - for ([planFact = 1, planFact < 3, (planFact++)]): Object: 'Object Repository/Выполнение бизнес-плана/Кнопка Факт' is clicked on

30-03-2025T17:11:20 - [TEST_STEP][PASSED] - if (planFact == 1): null

30-03-2025T17:11:20 - [TEST_STEP][PASSED] - typeOfDataMain = "Факт": null

30-03-2025T17:11:20 - [TEST_STEP][PASSED] - otpusk = findTestData("PlanFact").getValue(5, a): null

30-03-2025T17:11:20 - [TEST_STEP][PASSED] - poteri = findTestData("PlanFact").getValue(6, a): null

30-03-2025T17:11:20 - [TEST_STEP][PASSED] - otpusk = otpusk.replaceAll("\s+", ""): null

30-03-2025T17:11:20 - [TEST_STEP][PASSED] - poteri = poteri.replaceAll("\s+", ""): null

30-03-2025T17:11:20 - [TEST_STEP][PASSED] - typeOfData = typeOfDataMain + " Отпуск в сеть": null

30-03-2025T17:11:20 - [TEST_STEP][PASSED] - if (a == 82): null

30-03-2025T17:11:20 - [TEST_STEP][PASSED] - else if (a == 84): null

30-03-2025T17:11:20 - [TEST_STEP][PASSED] - else if (a == 83 || a == 52 || a == 72 || a == 28 || a == 73 || a == 77 || a == 74 || a == 65 || a == 36 || a == 44 || a == 53 || a == 80 || a == 54 || a == 1 || a == 18 || a == 59 || a == 81): null

30-03-2025T17:11:20 - [TEST_STEP][PASSED] - else: null

30-03-2025T17:11:20 - [TEST_STEP][PASSED] - path = dataFolder + typeOfData + " за отчётный период " + b: null

30-03-2025T17:11:20 - [TEST_STEP][PASSED] - println(path): null

30-03-2025T17:11:20 - [TEST_STEP][PASSED] - page = getText(findTestObject(path)): Text of object 'Object Repository/Выполнение бизнес-плана/Значения со страницы Выполнение бизнес-плана/Факт Отпуск в сеть за отчётный период Москва' is: '4 574 090'

30-03-2025T17:11:21 - [MESSAGE][PASSED] - Text of object 'Object Repository/Выполнение бизнес-плана/Значения со страницы Выполнение бизнес-плана/Факт Отпуск в сеть за отчётный период Москва' is: '4 574 090'

30-03-2025T17:11:21 - [TEST_STEP][PASSED] - if (page == "" || page == null): null

30-03-2025T17:11:21 - [TEST_STEP][PASSED] - else: null

30-03-2025T17:11:21 - [TEST_STEP][PASSED] - page = page.replaceAll("\s+", ""): null

30-03-2025T17:11:21 - [TEST_STEP][PASSED] - if (page == "undefined"): null

30-03-2025T17:11:21 - [TEST_STEP][PASSED] - fileOtpuskVSet = otpusk.toInteger(): null

30-03-2025T17:11:21 - [TEST_STEP][PASSED] - pageOtpuskVSet = page.toInteger(): null

30-03-2025T17:11:21 - [TEST_STEP][PASSED] - typeOfData = typeOfDataMain + " Потери": null

30-03-2025T17:11:21 - [TEST_STEP][PASSED] - if (a == 82): null

30-03-2025T17:11:21 - [TEST_STEP][PASSED] - else if (a == 84): null

30-03-2025T17:11:21 - [TEST_STEP][PASSED] - else if (a == 83 || a == 52 || a == 72 || a == 28 || a == 73 || a == 77 || a == 74 || a == 65 || a == 44 || a == 53 || a == 80 || a == 54 || a == 1 || a == 18 || a == 59 || a == 81): null

30-03-2025T17:11:21 - [TEST_STEP][PASSED] - else: null

30-03-2025T17:11:21 - [TEST_STEP][PASSED] - path = dataFolder + typeOfData + " за отчётный период " + b: null

30-03-2025T17:11:21 - [TEST_STEP][PASSED] - page = getText(findTestObject(path)): Text of object 'Object Repository/Выполнение бизнес-плана/Значения со страницы Выполнение бизнес-плана/Факт Потери за отчётный период Москва' is: '211 224'

30-03-2025T17:11:21 - [MESSAGE][PASSED] - Text of object 'Object Repository/Выполнение бизнес-плана/Значения со страницы Выполнение бизнес-плана/Факт Потери за отчётный период Москва' is: '211 224'

30-03-2025T17:11:21 - [TEST_STEP][PASSED] - if (page == "" || page == null): null

30-03-2025T17:11:21 - [TEST_STEP][PASSED] - else: null

30-03-2025T17:11:21 - [TEST_STEP][PASSED] - page = page.replaceAll("\s+", ""): null

30-03-2025T17:11:21 - [TEST_STEP][PASSED] - if (page == "undefined"): null

30-03-2025T17:11:21 - [TEST_STEP][PASSED] - filePoteri = poteri.toInteger(): null

30-03-2025T17:11:21 - [TEST_STEP][PASSED] - pagePoteri = page.toInteger(): null

30-03-2025T17:11:21 - [TEST_STEP][PASSED] - compare = pageOtpuskVSet: null

30-03-2025T17:11:21 - [TEST_STEP][PASSED] - if (pageOtpuskVSet != null): null

30-03-2025T17:11:21 - [TEST_STEP][PASSED] - if (compare == fileOtpuskVSet): null

30-03-2025T17:11:21 - [TEST_STEP][PASSED] - if (compare == fileOtpuskVSet): null

30-03-2025T17:11:21 - [TEST_STEP][PASSED] - compare = pagePoteri: null

30-03-2025T17:11:21 - [TEST_STEP][PASSED] - if (pageOtpuskVSet != null): null

30-03-2025T17:11:21 - [TEST_STEP][PASSED] - if (compare == filePoteri): null

30-03-2025T17:11:21 - [TEST_STEP][PASSED] - if (compare == filePoteri): null

30-03-2025T17:11:21 - [TEST_STEP][PASSED] - if (planFact == 2): null

30-03-2025T17:11:21 - [TEST_STEP][PASSED] - if (planFact == 1): null

30-03-2025T17:11:21 - [TEST_STEP][PASSED] - else if (planFact == 2): null

30-03-2025T17:11:21 - [TEST_STEP][PASSED] - click(findTestObject("Выполнение бизнес-плана/Кнопка План")): Object: 'Object Repository/Выполнение бизнес-плана/Кнопка План' is clicked on

30-03-2025T17:11:21 - [MESSAGE][PASSED] - Object: 'Object Repository/Выполнение бизнес-плана/Кнопка План' is clicked on

30-03-2025T17:11:21 - [TEST_STEP][PASSED] - typeOfDataMain = "План": null

30-03-2025T17:11:21 - [TEST_STEP][PASSED] - otpusk = findTestData("PlanFact").getValue(2, a): null

30-03-2025T17:11:21 - [TEST_STEP][PASSED] - poteri = findTestData("PlanFact").getValue(3, a): null

30-03-2025T17:11:22 - [TEST_STEP][PASSED] - otpusk = otpusk.replaceAll("\s+", ""): null

30-03-2025T17:11:22 - [TEST_STEP][PASSED] - poteri = poteri.replaceAll("\s+", ""): null

30-03-2025T17:11:22 - [TEST_STEP][PASSED] - typeOfData = typeOfDataMain + " Отпуск в сеть": null

30-03-2025T17:11:22 - [TEST_STEP][PASSED] - if (a == 82): null

30-03-2025T17:11:22 - [TEST_STEP][PASSED] - else if (a == 84): null

30-03-2025T17:11:22 - [TEST_STEP][PASSED] - else if (a == 83 || a == 52 || a == 72 || a == 28 || a == 73 || a == 77 || a == 74 || a == 65 || a == 36 || a == 44 || a == 53 || a == 80 || a == 54 || a == 1 || a == 18 || a == 59 || a == 81): null

30-03-2025T17:11:22 - [TEST_STEP][PASSED] - else: null

30-03-2025T17:11:22 - [TEST_STEP][PASSED] - path = dataFolder + typeOfData + " за отчётный период " + b: null

30-03-2025T17:11:22 - [TEST_STEP][PASSED] - println(path): null

30-03-2025T17:11:22 - [TEST_STEP][PASSED] - page = getText(findTestObject(path)): Text of object 'Object Repository/Выполнение бизнес-плана/Значения со страницы Выполнение бизнес-плана/План Отпуск в сеть за отчётный период Москва' is: '4 682 890'

30-03-2025T17:11:22 - [MESSAGE][PASSED] - Text of object 'Object Repository/Выполнение бизнес-плана/Значения со страницы Выполнение бизнес-плана/План Отпуск в сеть за отчётный период Москва' is: '4 682 890'

30-03-2025T17:11:22 - [TEST_STEP][PASSED] - if (page == "" || page == null): null

30-03-2025T17:11:22 - [TEST_STEP][PASSED] - else: null

30-03-2025T17:11:22 - [TEST_STEP][PASSED] - page = page.replaceAll("\s+", ""): null

30-03-2025T17:11:22 - [TEST_STEP][PASSED] - if (page == "undefined"): null

30-03-2025T17:11:22 - [TEST_STEP][PASSED] - fileOtpuskVSet = otpusk.toInteger(): null

30-03-2025T17:11:22 - [TEST_STEP][PASSED] - pageOtpuskVSet = page.toInteger(): null

30-03-2025T17:11:22 - [TEST_STEP][PASSED] - typeOfData = typeOfDataMain + " Потери": null

30-03-2025T17:11:22 - [TEST_STEP][PASSED] - if (a == 82): null

30-03-2025T17:11:22 - [TEST_STEP][PASSED] - else if (a == 84): null

30-03-2025T17:11:22 - [TEST_STEP][PASSED] - else if (a == 83 || a == 52 || a == 72 || a == 28 || a == 73 || a == 77 || a == 74 || a == 65 || a == 44 || a == 53 || a == 80 || a == 54 || a == 1 || a == 18 || a == 59 || a == 81): null

30-03-2025T17:11:22 - [TEST_STEP][PASSED] - else: null

30-03-2025T17:11:22 - [TEST_STEP][PASSED] - path = dataFolder + typeOfData + " за отчётный период " + b: null

30-03-2025T17:11:22 - [TEST_STEP][PASSED] - page = getText(findTestObject(path)): Text of object 'Object Repository/Выполнение бизнес-плана/Значения со страницы Выполнение бизнес-плана/План Потери за отчётный период Москва' is: '258 159'

30-03-2025T17:11:22 - [MESSAGE][PASSED] - Text of object 'Object Repository/Выполнение бизнес-плана/Значения со страницы Выполнение бизнес-плана/План Потери за отчётный период Москва' is: '258 159'

30-03-2025T17:11:22 - [TEST_STEP][PASSED] - if (page == "" || page == null): null

30-03-2025T17:11:22 - [TEST_STEP][PASSED] - else: null

30-03-2025T17:11:22 - [TEST_STEP][PASSED] - page = page.replaceAll("\s+", ""): null

30-03-2025T17:11:22 - [TEST_STEP][PASSED] - if (page == "undefined"): null

30-03-2025T17:11:22 - [TEST_STEP][PASSED] - filePoteri = poteri.toInteger(): null

30-03-2025T17:11:22 - [TEST_STEP][PASSED] - pagePoteri = page.toInteger(): null

30-03-2025T17:11:22 - [TEST_STEP][PASSED] - compare = pageOtpuskVSet: null

30-03-2025T17:11:22 - [TEST_STEP][PASSED] - if (pageOtpuskVSet != null): null

30-03-2025T17:11:22 - [TEST_STEP][PASSED] - if (compare == fileOtpuskVSet): null

30-03-2025T17:11:22 - [TEST_STEP][PASSED] - if (compare == fileOtpuskVSet): null

30-03-2025T17:11:22 - [TEST_STEP][PASSED] - compare = pagePoteri: null

30-03-2025T17:11:22 - [TEST_STEP][PASSED] - if (pageOtpuskVSet != null): null

30-03-2025T17:11:22 - [TEST_STEP][PASSED] - if (compare == filePoteri): null

30-03-2025T17:11:22 - [TEST_STEP][PASSED] - if (compare == filePoteri): null

30-03-2025T17:11:22 - [TEST_STEP][PASSED] - if (planFact == 2): Object: 'Object Repository/Выполнение бизнес-плана/Кнопка Факт' is clicked on

30-03-2025T17:11:22 - [TEST_STEP][PASSED] - click(findTestObject("Выполнение бизнес-плана/Кнопка Факт")): Object: 'Object Repository/Выполнение бизнес-плана/Кнопка Факт' is clicked on

30-03-2025T17:11:22 - [MESSAGE][PASSED] - Object: 'Object Repository/Выполнение бизнес-плана/Кнопка Факт' is clicked on

30-03-2025T17:11:22 - [TEST_STEP][PASSED] - println("a=" + a): null

30-03-2025T17:11:22 - [TEST_STEP][PASSED] - if (a == 84 || a == 82): null

30-03-2025T17:11:22 - [TEST_STEP][PASSED] - else if (a == 83 || a == 52 || a == 72 || a == 28 || a == 73 || a == 77 || a == 74 || a == 65 || a == 36 || a == 44 || a == 53 || a == 80 || a == 54 || a == 1 || a == 18 || a == 59 || a == 81): null

30-03-2025T17:11:22 - [TEST_STEP][PASSED] - else: null

30-03-2025T17:11:22 - [TEST_STEP][PASSED] - page1 = getText(findTestObject("Object Repository/Выполнение бизнес-плана/spanPlan" + filialNum)): Text of object 'Object Repository/Выполнение бизнес-плана/spanPlan1' is: '13.24
|'

30-03-2025T17:11:23 - [MESSAGE][PASSED] - Text of object 'Object Repository/Выполнение бизнес-плана/spanPlan1' is: '13.24
|'

30-03-2025T17:11:23 - [TEST_STEP][PASSED] - page1 = page1.replace("|", ""): null

30-03-2025T17:11:23 - [TEST_STEP][PASSED] - page2 = getText(findTestObject("Object Repository/Выполнение бизнес-плана/spanFact" + filialNum)): Text of object 'Object Repository/Выполнение бизнес-плана/spanFact1' is: '13.44
|'

30-03-2025T17:11:23 - [MESSAGE][PASSED] - Text of object 'Object Repository/Выполнение бизнес-плана/spanFact1' is: '13.44
|'

30-03-2025T17:11:23 - [TEST_STEP][PASSED] - page2 = page2.replace("|", ""): null

30-03-2025T17:11:23 - [TEST_STEP][PASSED] - println("page1: " + page1): null

30-03-2025T17:11:23 - [TEST_STEP][PASSED] - println("page2: " + page2): null

30-03-2025T17:11:23 - [TEST_STEP][PASSED] - file = findTestData("PlanFact").getValue(4, a): null

30-03-2025T17:11:23 - [TEST_STEP][PASSED] - file = file.replace(",", "."): null

30-03-2025T17:11:23 - [TEST_STEP][PASSED] - println("file Plan: " + file): null

30-03-2025T17:11:23 - [TEST_STEP][PASSED] - typeOfData = "План в процентах": null

30-03-2025T17:11:23 - [TEST_STEP][PASSED] - fileDouble = file.toDouble(): null

30-03-2025T17:11:23 - [TEST_STEP][PASSED] - pageDouble = page1.toDouble(): null

30-03-2025T17:11:23 - [TEST_STEP][PASSED] - if (fileDouble != pageDouble): null

30-03-2025T17:11:23 - [TEST_STEP][PASSED] - numberOfErrors = numberOfErrors + 1: null

30-03-2025T17:11:23 - [TEST_STEP][PASSED] - Script1718980020443.WriteToExcel(a, typeOfData, todaysDate, pageInt, fileInt, pageDouble, fileDouble, dZO): null

30-03-2025T17:11:23 - [TEST_STEP][PASSED] - sheetName = "Sheet1": null

30-03-2025T17:11:23 - [TEST_STEP][PASSED] - data = findTestData("PlanFact"): null

30-03-2025T17:11:23 - [TEST_STEP][PASSED] - n = data.getRowNumbers() + 1: null

30-03-2025T17:11:23 - [TEST_STEP][PASSED] - day = ")).toInteger(): null

30-03-2025T17:11:23 - [TEST_STEP][PASSED] - println(day): null

30-03-2025T17:11:23 - [TEST_STEP][PASSED] - month = ")).toInteger(): null

30-03-2025T17:11:23 - [TEST_STEP][PASSED] - println(month): null

30-03-2025T17:11:23 - [TEST_STEP][PASSED] - y = <not implemented yet for class: org.codehaus.groovy.ast.expr.EmptyExpression>: null

30-03-2025T17:11:23 - [TEST_STEP][PASSED] - iy = <not implemented yet for class: org.codehaus.groovy.ast.expr.EmptyExpression>: null

30-03-2025T17:11:23 - [TEST_STEP][PASSED] - m = getText(findTestObject("Выполнение бизнес-плана/Период")): Text of object 'Object Repository/Выполнение бизнес-плана/Период' is: 'Январь 2025 года'

30-03-2025T17:11:23 - [MESSAGE][PASSED] - Text of object 'Object Repository/Выполнение бизнес-плана/Период' is: 'Январь 2025 года'

30-03-2025T17:11:23 - [TEST_STEP][PASSED] - iy = m.indexOf("20"): null

30-03-2025T17:11:23 - [TEST_STEP][PASSED] - if (iy > -1): null

30-03-2025T17:11:23 - [TEST_STEP][PASSED] - y = substring(iy, iy + 4).toInteger(): null

30-03-2025T17:11:23 - [TEST_STEP][PASSED] - println(y): null

30-03-2025T17:11:23 - [TEST_STEP][PASSED] - if (toString().length() == 4): null

30-03-2025T17:11:23 - [TEST_STEP][PASSED] - m = m.substring(0, m.indexOf(y.toString())): null

30-03-2025T17:11:23 - [TEST_STEP][PASSED] - m = m.trim(): null

30-03-2025T17:11:23 - [TEST_STEP][PASSED] - if (m == ""): null

30-03-2025T17:11:23 - [TEST_STEP][PASSED] - dashboardName = "Выполнение бизнес-плана": null

30-03-2025T17:11:23 - [TEST_STEP][PASSED] - workbook01 = getWorkbook(excelFilePath): null

30-03-2025T17:11:24 - [TEST_STEP][PASSED] - sheet01 = getExcelSheet(workbook01, sheetName): null

30-03-2025T17:11:24 - [TEST_STEP][PASSED] - setValueToCellByIndex(sheet01, n, 0, dashboardName): null

30-03-2025T17:11:24 - [TEST_STEP][PASSED] - setValueToCellByIndex(sheet01, n, 1, dZO): null

30-03-2025T17:11:24 - [TEST_STEP][PASSED] - setValueToCellByIndex(sheet01, n, 2, typeOfData): null

30-03-2025T17:11:24 - [TEST_STEP][PASSED] - if (typeOfData == "Факт в процентах" || typeOfData == "План в процентах"): null

30-03-2025T17:11:24 - [TEST_STEP][PASSED] - setValueToCellByIndex(sheet01, n, 3, fileDouble): null

30-03-2025T17:11:24 - [TEST_STEP][PASSED] - setValueToCellByIndex(sheet01, n, 4, pageDouble): null

30-03-2025T17:11:24 - [TEST_STEP][PASSED] - setValueToCellByIndex(sheet01, n, 5, m): null

30-03-2025T17:11:24 - [TEST_STEP][PASSED] - setValueToCellByIndex(sheet01, n, 6, y): null

30-03-2025T17:11:24 - [TEST_STEP][PASSED] - setValueToCellByIndex(sheet01, n, 7, todaysDate): null

30-03-2025T17:11:24 - [TEST_STEP][PASSED] - n = n + 1: null

30-03-2025T17:11:24 - [TEST_STEP][PASSED] - saveWorkbook(excelFilePath, workbook01): null

30-03-2025T17:11:24 - [TEST_STEP][PASSED] - file = findTestData("PlanFact").getValue(7, a): null

30-03-2025T17:11:24 - [TEST_STEP][PASSED] - file = file.replace(",", "."): null

30-03-2025T17:11:24 - [TEST_STEP][PASSED] - println("file Fact: " + file): null

30-03-2025T17:11:24 - [TEST_STEP][PASSED] - fileDouble = file.toDouble(): null

30-03-2025T17:11:24 - [TEST_STEP][PASSED] - typeOfData = "Факт в процентах": null

30-03-2025T17:11:24 - [TEST_STEP][PASSED] - fileDouble = file.toDouble(): null

30-03-2025T17:11:24 - [TEST_STEP][PASSED] - pageDouble = page2.toDouble(): null

30-03-2025T17:11:24 - [TEST_STEP][PASSED] - if (fileDouble != pageDouble): null

30-03-2025T17:11:24 - [TEST_STEP][PASSED] - numberOfErrors = numberOfErrors + 1: null

30-03-2025T17:11:24 - [TEST_STEP][PASSED] - Script1718980020443.WriteToExcel(a, typeOfData, todaysDate, pageInt, fileInt, pageDouble, fileDouble, dZO): null

30-03-2025T17:11:24 - [TEST_STEP][PASSED] - sheetName = "Sheet1": null

30-03-2025T17:11:24 - [TEST_STEP][PASSED] - data = findTestData("PlanFact"): null

30-03-2025T17:11:24 - [TEST_STEP][PASSED] - n = data.getRowNumbers() + 1: null

30-03-2025T17:11:24 - [TEST_STEP][PASSED] - day = ")).toInteger(): null

30-03-2025T17:11:24 - [TEST_STEP][PASSED] - println(day): null

30-03-2025T17:11:24 - [TEST_STEP][PASSED] - month = ")).toInteger(): null

30-03-2025T17:11:24 - [TEST_STEP][PASSED] - println(month): null

30-03-2025T17:11:24 - [TEST_STEP][PASSED] - y = <not implemented yet for class: org.codehaus.groovy.ast.expr.EmptyExpression>: null

30-03-2025T17:11:24 - [TEST_STEP][PASSED] - iy = <not implemented yet for class: org.codehaus.groovy.ast.expr.EmptyExpression>: null

30-03-2025T17:11:24 - [TEST_STEP][PASSED] - m = getText(findTestObject("Выполнение бизнес-плана/Период")): Text of object 'Object Repository/Выполнение бизнес-плана/Период' is: 'Январь 2025 года'

30-03-2025T17:11:24 - [MESSAGE][PASSED] - Text of object 'Object Repository/Выполнение бизнес-плана/Период' is: 'Январь 2025 года'

30-03-2025T17:11:24 - [TEST_STEP][PASSED] - iy = m.indexOf("20"): null

30-03-2025T17:11:24 - [TEST_STEP][PASSED] - if (iy > -1): null

30-03-2025T17:11:24 - [TEST_STEP][PASSED] - y = substring(iy, iy + 4).toInteger(): null

30-03-2025T17:11:24 - [TEST_STEP][PASSED] - println(y): null

30-03-2025T17:11:24 - [TEST_STEP][PASSED] - if (toString().length() == 4): null

30-03-2025T17:11:24 - [TEST_STEP][PASSED] - m = m.substring(0, m.indexOf(y.toString())): null

30-03-2025T17:11:24 - [TEST_STEP][PASSED] - m = m.trim(): null

30-03-2025T17:11:24 - [TEST_STEP][PASSED] - if (m == ""): null

30-03-2025T17:11:24 - [TEST_STEP][PASSED] - dashboardName = "Выполнение бизнес-плана": null

30-03-2025T17:11:24 - [TEST_STEP][PASSED] - workbook01 = getWorkbook(excelFilePath): null

30-03-2025T17:11:24 - [TEST_STEP][PASSED] - sheet01 = getExcelSheet(workbook01, sheetName): null

30-03-2025T17:11:24 - [TEST_STEP][PASSED] - setValueToCellByIndex(sheet01, n, 0, dashboardName): null

30-03-2025T17:11:24 - [TEST_STEP][PASSED] - setValueToCellByIndex(sheet01, n, 1, dZO): null

30-03-2025T17:11:24 - [TEST_STEP][PASSED] - setValueToCellByIndex(sheet01, n, 2, typeOfData): null

30-03-2025T17:11:24 - [TEST_STEP][PASSED] - if (typeOfData == "Факт в процентах" || typeOfData == "План в процентах"): null

30-03-2025T17:11:24 - [TEST_STEP][PASSED] - setValueToCellByIndex(sheet01, n, 3, fileDouble): null

30-03-2025T17:11:24 - [TEST_STEP][PASSED] - setValueToCellByIndex(sheet01, n, 4, pageDouble): null

30-03-2025T17:11:24 - [TEST_STEP][PASSED] - setValueToCellByIndex(sheet01, n, 5, m): null

30-03-2025T17:11:24 - [TEST_STEP][PASSED] - setValueToCellByIndex(sheet01, n, 6, y): null

30-03-2025T17:11:24 - [TEST_STEP][PASSED] - setValueToCellByIndex(sheet01, n, 7, todaysDate): null

30-03-2025T17:11:24 - [TEST_STEP][PASSED] - n = n + 1: null

30-03-2025T17:11:24 - [TEST_STEP][PASSED] - saveWorkbook(excelFilePath, workbook01): null

30-03-2025T17:11:24 - [TEST_STEP][FAILED] - if (verifyEqual(numberOfErrors, 0) == false): null

30-03-2025T17:11:24 - [MESSAGE][FAILED] - Unable to verify equal between actual object '2' and expected object '0' (Root cause: com.kms.katalon.core.exception.StepFailedException: Actual object '2' and expected object '0' are not equal
	at com.kms.katalon.core.keyword.builtin.VerifyEqualKeyword$_verifyEqual_closure1.doCall(VerifyEqualKeyword.groovy:58)
	at com.kms.katalon.core.keyword.builtin.VerifyEqualKeyword$_verifyEqual_closure1.call(VerifyEqualKeyword.groovy)
	at com.kms.katalon.core.keyword.internal.KeywordMain.runKeyword(KeywordMain.groovy:75)
	at com.kms.katalon.core.keyword.builtin.VerifyEqualKeyword.verifyEqual(VerifyEqualKeyword.groovy:63)
	at com.kms.katalon.core.keyword.builtin.VerifyEqualKeyword.execute(VerifyEqualKeyword.groovy:44)
	at com.kms.katalon.core.keyword.internal.KeywordExecutor.executeKeywordForPlatform(KeywordExecutor.groovy:74)
	at com.kms.katalon.core.keyword.BuiltinKeywords.verifyEqual(BuiltinKeywords.groovy:146)
	at jdk.internal.reflect.GeneratedMethodAccessor22.invoke(Unknown Source)
	at java.base/jdk.internal.reflect.DelegatingMethodAccessorImpl.invoke(DelegatingMethodAccessorImpl.java:43)
	at Выполнение бизнес-плана Сверка ПАО Россети все филиалы.Numbers(Выполнение бизнес-плана Сверка ПАО Россети все филиалы:744)
	at Выполнение бизнес-плана Сверка ПАО Россети все филиалы.Filials(Выполнение бизнес-плана Сверка ПАО Россети все филиалы:1055)
	at Выполнение бизнес-плана Сверка ПАО Россети все филиалы.Numbers(Выполнение бизнес-плана Сверка ПАО Россети все филиалы:751)
	at Выполнение бизнес-плана Сверка ПАО Россети все филиалы.run(Выполнение бизнес-плана Сверка ПАО Россети все филиалы:273)
	at com.kms.katalon.core.main.ScriptEngine.run(ScriptEngine.java:194)
	at com.kms.katalon.core.main.ScriptEngine.runScriptAsRawText(ScriptEngine.java:119)
	at com.kms.katalon.core.main.TestCaseExecutor.runScript(TestCaseExecutor.java:448)
	at com.kms.katalon.core.main.TestCaseExecutor.doExecute(TestCaseExecutor.java:439)
	at com.kms.katalon.core.main.TestCaseExecutor.processExecutionPhase(TestCaseExecutor.java:418)
	at com.kms.katalon.core.main.TestCaseExecutor.accessMainPhase(TestCaseExecutor.java:410)
	at com.kms.katalon.core.main.TestCaseExecutor.execute(TestCaseExecutor.java:285)
	at com.kms.katalon.core.common.CommonExecutor.accessTestCaseMainPhase(CommonExecutor.java:65)
	at com.kms.katalon.core.main.TestSuiteExecutor.accessTestSuiteMainPhase(TestSuiteExecutor.java:150)
	at com.kms.katalon.core.main.TestSuiteExecutor.execute(TestSuiteExecutor.java:106)
	at com.kms.katalon.core.main.TestCaseMain.startTestSuite(TestCaseMain.java:180)
	at TempTestSuite1743336560690.run(TempTestSuite1743336560690.groovy:35)
	at java.base/jdk.internal.reflect.NativeMethodAccessorImpl.invoke0(Native Method)
	at java.base/jdk.internal.reflect.NativeMethodAccessorImpl.invoke(NativeMethodAccessorImpl.java:77)
	at java.base/jdk.internal.reflect.DelegatingMethodAccessorImpl.invoke(DelegatingMethodAccessorImpl.java:43)
)

30-03-2025T17:11:24 - [TEST_STEP][PASSED] - println(numberOfErrors): null

30-03-2025T17:11:24 - [TEST_STEP][PASSED] - println("a=" + a): null

30-03-2025T17:11:24 - [TEST_STEP][PASSED] - if (a == 28 || a == 77 || a == 74 || a == 65 || a == 36 || a == 44 || a == 54 || a == 1 || a == 18 || a == 59): null

30-03-2025T17:11:24 - [TEST_STEP][PASSED] - if (a == 82): null

30-03-2025T17:11:24 - [TEST_STEP][PASSED] - dZO = "Московская область": null

30-03-2025T17:11:24 - [TEST_STEP][PASSED] - a = 76: null

30-03-2025T17:11:24 - [TEST_STEP][PASSED] - dzoCut = dZO.substring(0, 10): null

30-03-2025T17:11:24 - [TEST_STEP][PASSED] - if (x2.contains(dzoCut)): null

30-03-2025T17:11:24 - [TEST_STEP][PASSED] - filialNum = filialNum + 1: null

30-03-2025T17:11:24 - [TEST_STEP][PASSED] - Script1718980020443.Numbers(a, typeOfData, todaysDate, pageInt, fileInt, pageDouble, fileDouble, dZO, dzoNum, filialNum): null

30-03-2025T17:11:24 - [TEST_STEP][PASSED] - println(dzoNum): null

30-03-2025T17:11:24 - [TEST_STEP][PASSED] - planFact = <not implemented yet for class: org.codehaus.groovy.ast.expr.EmptyExpression>: null

30-03-2025T17:11:24 - [TEST_STEP][PASSED] - page = <not implemented yet for class: org.codehaus.groovy.ast.expr.EmptyExpression>: null

30-03-2025T17:11:24 - [TEST_STEP][PASSED] - page1 = <not implemented yet for class: org.codehaus.groovy.ast.expr.EmptyExpression>: null

30-03-2025T17:11:24 - [TEST_STEP][PASSED] - page2 = <not implemented yet for class: org.codehaus.groovy.ast.expr.EmptyExpression>: null

30-03-2025T17:11:24 - [TEST_STEP][PASSED] - filialNumberInRow = <not implemented yet for class: org.codehaus.groovy.ast.expr.EmptyExpression>: null

30-03-2025T17:11:24 - [TEST_STEP][PASSED] - filialsDzoNames = <not implemented yet for class: org.codehaus.groovy.ast.expr.EmptyExpression>: null

30-03-2025T17:11:24 - [TEST_STEP][PASSED] - numberOfFilials = <not implemented yet for class: org.codehaus.groovy.ast.expr.EmptyExpression>: null

30-03-2025T17:11:24 - [TEST_STEP][PASSED] - numberOfSpaces = <not implemented yet for class: org.codehaus.groovy.ast.expr.EmptyExpression>: null

30-03-2025T17:11:24 - [TEST_STEP][PASSED] - file = <not implemented yet for class: org.codehaus.groovy.ast.expr.EmptyExpression>: null

30-03-2025T17:11:24 - [TEST_STEP][PASSED] - otpusk = <not implemented yet for class: org.codehaus.groovy.ast.expr.EmptyExpression>: null

30-03-2025T17:11:24 - [TEST_STEP][PASSED] - poteri = <not implemented yet for class: org.codehaus.groovy.ast.expr.EmptyExpression>: null

30-03-2025T17:11:24 - [TEST_STEP][PASSED] - dataFolder = "Выполнение бизнес-плана/Значения со страницы Выполнение бизнес-плана/": null

30-03-2025T17:11:24 - [TEST_STEP][PASSED] - path = <not implemented yet for class: org.codehaus.groovy.ast.expr.EmptyExpression>: null

30-03-2025T17:11:24 - [TEST_STEP][PASSED] - typeOfDataMain = <not implemented yet for class: org.codehaus.groovy.ast.expr.EmptyExpression>: null

30-03-2025T17:11:24 - [TEST_STEP][PASSED] - fileOtpuskVSet = <not implemented yet for class: org.codehaus.groovy.ast.expr.EmptyExpression>: null

30-03-2025T17:11:24 - [TEST_STEP][PASSED] - pageOtpuskVSet = <not implemented yet for class: org.codehaus.groovy.ast.expr.EmptyExpression>: null

30-03-2025T17:11:24 - [TEST_STEP][PASSED] - filePoteri = <not implemented yet for class: org.codehaus.groovy.ast.expr.EmptyExpression>: null

30-03-2025T17:11:24 - [TEST_STEP][PASSED] - pagePoteri = <not implemented yet for class: org.codehaus.groovy.ast.expr.EmptyExpression>: null

30-03-2025T17:11:24 - [TEST_STEP][PASSED] - compare = <not implemented yet for class: org.codehaus.groovy.ast.expr.EmptyExpression>: null

30-03-2025T17:11:24 - [TEST_STEP][PASSED] - b = <not implemented yet for class: org.codehaus.groovy.ast.expr.EmptyExpression>: null

30-03-2025T17:11:24 - [TEST_STEP][PASSED] - i = <not implemented yet for class: org.codehaus.groovy.ast.expr.EmptyExpression>: null

30-03-2025T17:11:24 - [TEST_STEP][PASSED] - ii = <not implemented yet for class: org.codehaus.groovy.ast.expr.EmptyExpression>: null

30-03-2025T17:11:24 - [TEST_STEP][PASSED] - c = <not implemented yet for class: org.codehaus.groovy.ast.expr.EmptyExpression>: null

30-03-2025T17:11:24 - [TEST_STEP][PASSED] - numberOfErrors = 0: null

30-03-2025T17:11:24 - [TEST_STEP][PASSED] - if (a == 82): null

30-03-2025T17:11:24 - [TEST_STEP][PASSED] - b = findTestData("PlanFact").getValue(1, a): null

30-03-2025T17:11:25 - [TEST_STEP][PASSED] - i = b.indexOf(" (ГК)"): null

30-03-2025T17:11:25 - [TEST_STEP][PASSED] - if (i > -1): null

30-03-2025T17:11:25 - [TEST_STEP][PASSED] - i = b.indexOf("О ""): null

30-03-2025T17:11:25 - [TEST_STEP][PASSED] - if (i > -1): null

30-03-2025T17:11:25 - [TEST_STEP][PASSED] - i = b.indexOf("О «"): null

30-03-2025T17:11:25 - [TEST_STEP][PASSED] - if (i > -1): null

30-03-2025T17:11:25 - [TEST_STEP][PASSED] - i = b.indexOf("г. "): null

30-03-2025T17:11:25 - [TEST_STEP][PASSED] - if (i > -1): null

30-03-2025T17:11:25 - [TEST_STEP][PASSED] - b = b.trim(): null

30-03-2025T17:11:25 - [TEST_STEP][PASSED] - println(b): null

30-03-2025T17:11:25 - [TEST_STEP][PASSED] - for ([planFact = 1, planFact < 3, (planFact++)]): Object: 'Object Repository/Выполнение бизнес-плана/Кнопка Факт' is clicked on

30-03-2025T17:11:25 - [TEST_STEP][PASSED] - if (planFact == 1): null

30-03-2025T17:11:25 - [TEST_STEP][PASSED] - typeOfDataMain = "Факт": null

30-03-2025T17:11:25 - [TEST_STEP][PASSED] - otpusk = findTestData("PlanFact").getValue(5, a): null

30-03-2025T17:11:25 - [TEST_STEP][PASSED] - poteri = findTestData("PlanFact").getValue(6, a): null

30-03-2025T17:11:25 - [TEST_STEP][PASSED] - otpusk = otpusk.replaceAll("\s+", ""): null

30-03-2025T17:11:25 - [TEST_STEP][PASSED] - poteri = poteri.replaceAll("\s+", ""): null

30-03-2025T17:11:25 - [TEST_STEP][PASSED] - typeOfData = typeOfDataMain + " Отпуск в сеть": null

30-03-2025T17:11:25 - [TEST_STEP][PASSED] - if (a == 82): null

30-03-2025T17:11:25 - [TEST_STEP][PASSED] - else if (a == 84): null

30-03-2025T17:11:25 - [TEST_STEP][PASSED] - else if (a == 83 || a == 52 || a == 72 || a == 28 || a == 73 || a == 77 || a == 74 || a == 65 || a == 36 || a == 44 || a == 53 || a == 80 || a == 54 || a == 1 || a == 18 || a == 59 || a == 81): null

30-03-2025T17:11:25 - [TEST_STEP][PASSED] - else: null

30-03-2025T17:11:25 - [TEST_STEP][PASSED] - path = dataFolder + typeOfData + " за отчётный период " + b: null

30-03-2025T17:11:25 - [TEST_STEP][PASSED] - println(path): null

30-03-2025T17:11:25 - [TEST_STEP][PASSED] - page = getText(findTestObject(path)): Text of object 'Object Repository/Выполнение бизнес-плана/Значения со страницы Выполнение бизнес-плана/Факт Отпуск в сеть за отчётный период Московская область' is: '5 204 557'

30-03-2025T17:11:25 - [MESSAGE][PASSED] - Text of object 'Object Repository/Выполнение бизнес-плана/Значения со страницы Выполнение бизнес-плана/Факт Отпуск в сеть за отчётный период Московская область' is: '5 204 557'

30-03-2025T17:11:25 - [TEST_STEP][PASSED] - if (page == "" || page == null): null

30-03-2025T17:11:25 - [TEST_STEP][PASSED] - else: null

30-03-2025T17:11:25 - [TEST_STEP][PASSED] - page = page.replaceAll("\s+", ""): null

30-03-2025T17:11:25 - [TEST_STEP][PASSED] - if (page == "undefined"): null

30-03-2025T17:11:25 - [TEST_STEP][PASSED] - fileOtpuskVSet = otpusk.toInteger(): null

30-03-2025T17:11:25 - [TEST_STEP][PASSED] - pageOtpuskVSet = page.toInteger(): null

30-03-2025T17:11:25 - [TEST_STEP][PASSED] - typeOfData = typeOfDataMain + " Потери": null

30-03-2025T17:11:25 - [TEST_STEP][PASSED] - if (a == 82): null

30-03-2025T17:11:25 - [TEST_STEP][PASSED] - else if (a == 84): null

30-03-2025T17:11:25 - [TEST_STEP][PASSED] - else if (a == 83 || a == 52 || a == 72 || a == 28 || a == 73 || a == 77 || a == 74 || a == 65 || a == 44 || a == 53 || a == 80 || a == 54 || a == 1 || a == 18 || a == 59 || a == 81): null

30-03-2025T17:11:25 - [TEST_STEP][PASSED] - else: null

30-03-2025T17:11:25 - [TEST_STEP][PASSED] - path = dataFolder + typeOfData + " за отчётный период " + b: null

30-03-2025T17:11:25 - [TEST_STEP][PASSED] - page = getText(findTestObject(path)): Text of object 'Object Repository/Выполнение бизнес-плана/Значения со страницы Выполнение бизнес-плана/Факт Потери за отчётный период Московская область' is: '699 689'

30-03-2025T17:11:25 - [MESSAGE][PASSED] - Text of object 'Object Repository/Выполнение бизнес-плана/Значения со страницы Выполнение бизнес-плана/Факт Потери за отчётный период Московская область' is: '699 689'

30-03-2025T17:11:25 - [TEST_STEP][PASSED] - if (page == "" || page == null): null

30-03-2025T17:11:25 - [TEST_STEP][PASSED] - else: null

30-03-2025T17:11:25 - [TEST_STEP][PASSED] - page = page.replaceAll("\s+", ""): null

30-03-2025T17:11:25 - [TEST_STEP][PASSED] - if (page == "undefined"): null

30-03-2025T17:11:25 - [TEST_STEP][PASSED] - filePoteri = poteri.toInteger(): null

30-03-2025T17:11:25 - [TEST_STEP][PASSED] - pagePoteri = page.toInteger(): null

30-03-2025T17:11:25 - [TEST_STEP][PASSED] - compare = pageOtpuskVSet: null

30-03-2025T17:11:25 - [TEST_STEP][PASSED] - if (pageOtpuskVSet != null): null

30-03-2025T17:11:25 - [TEST_STEP][PASSED] - if (compare == fileOtpuskVSet): null

30-03-2025T17:11:25 - [TEST_STEP][PASSED] - if (compare == fileOtpuskVSet): null

30-03-2025T17:11:25 - [TEST_STEP][PASSED] - compare = pagePoteri: null

30-03-2025T17:11:25 - [TEST_STEP][PASSED] - if (pageOtpuskVSet != null): null

30-03-2025T17:11:25 - [TEST_STEP][PASSED] - if (compare == filePoteri): null

30-03-2025T17:11:25 - [TEST_STEP][PASSED] - if (compare == filePoteri): null

30-03-2025T17:11:25 - [TEST_STEP][PASSED] - if (planFact == 2): null

30-03-2025T17:11:25 - [TEST_STEP][PASSED] - if (planFact == 1): null

30-03-2025T17:11:25 - [TEST_STEP][PASSED] - else if (planFact == 2): null

30-03-2025T17:11:25 - [TEST_STEP][PASSED] - click(findTestObject("Выполнение бизнес-плана/Кнопка План")): Object: 'Object Repository/Выполнение бизнес-плана/Кнопка План' is clicked on

30-03-2025T17:11:26 - [MESSAGE][PASSED] - Object: 'Object Repository/Выполнение бизнес-плана/Кнопка План' is clicked on

30-03-2025T17:11:26 - [TEST_STEP][PASSED] - typeOfDataMain = "План": null

30-03-2025T17:11:26 - [TEST_STEP][PASSED] - otpusk = findTestData("PlanFact").getValue(2, a): null

30-03-2025T17:11:26 - [TEST_STEP][PASSED] - poteri = findTestData("PlanFact").getValue(3, a): null

30-03-2025T17:11:26 - [TEST_STEP][PASSED] - otpusk = otpusk.replaceAll("\s+", ""): null

30-03-2025T17:11:26 - [TEST_STEP][PASSED] - poteri = poteri.replaceAll("\s+", ""): null

30-03-2025T17:11:26 - [TEST_STEP][PASSED] - typeOfData = typeOfDataMain + " Отпуск в сеть": null

30-03-2025T17:11:26 - [TEST_STEP][PASSED] - if (a == 82): null

30-03-2025T17:11:26 - [TEST_STEP][PASSED] - else if (a == 84): null

30-03-2025T17:11:26 - [TEST_STEP][PASSED] - else if (a == 83 || a == 52 || a == 72 || a == 28 || a == 73 || a == 77 || a == 74 || a == 65 || a == 36 || a == 44 || a == 53 || a == 80 || a == 54 || a == 1 || a == 18 || a == 59 || a == 81): null

30-03-2025T17:11:26 - [TEST_STEP][PASSED] - else: null

30-03-2025T17:11:26 - [TEST_STEP][PASSED] - path = dataFolder + typeOfData + " за отчётный период " + b: null

30-03-2025T17:11:26 - [TEST_STEP][PASSED] - println(path): null

30-03-2025T17:11:26 - [TEST_STEP][PASSED] - page = getText(findTestObject(path)): Text of object 'Object Repository/Выполнение бизнес-плана/Значения со страницы Выполнение бизнес-плана/План Отпуск в сеть за отчётный период Московская область' is: '5 663 851'

30-03-2025T17:11:26 - [MESSAGE][PASSED] - Text of object 'Object Repository/Выполнение бизнес-плана/Значения со страницы Выполнение бизнес-плана/План Отпуск в сеть за отчётный период Московская область' is: '5 663 851'

30-03-2025T17:11:26 - [TEST_STEP][PASSED] - if (page == "" || page == null): null

30-03-2025T17:11:26 - [TEST_STEP][PASSED] - else: null

30-03-2025T17:11:26 - [TEST_STEP][PASSED] - page = page.replaceAll("\s+", ""): null

30-03-2025T17:11:26 - [TEST_STEP][PASSED] - if (page == "undefined"): null

30-03-2025T17:11:26 - [TEST_STEP][PASSED] - fileOtpuskVSet = otpusk.toInteger(): null

30-03-2025T17:11:26 - [TEST_STEP][PASSED] - pageOtpuskVSet = page.toInteger(): null

30-03-2025T17:11:26 - [TEST_STEP][PASSED] - typeOfData = typeOfDataMain + " Потери": null

30-03-2025T17:11:26 - [TEST_STEP][PASSED] - if (a == 82): null

30-03-2025T17:11:26 - [TEST_STEP][PASSED] - else if (a == 84): null

30-03-2025T17:11:26 - [TEST_STEP][PASSED] - else if (a == 83 || a == 52 || a == 72 || a == 28 || a == 73 || a == 77 || a == 74 || a == 65 || a == 44 || a == 53 || a == 80 || a == 54 || a == 1 || a == 18 || a == 59 || a == 81): null

30-03-2025T17:11:26 - [TEST_STEP][PASSED] - else: null

30-03-2025T17:11:26 - [TEST_STEP][PASSED] - path = dataFolder + typeOfData + " за отчётный период " + b: null

30-03-2025T17:11:26 - [TEST_STEP][PASSED] - page = getText(findTestObject(path)): Text of object 'Object Repository/Выполнение бизнес-плана/Значения со страницы Выполнение бизнес-плана/План Потери за отчётный период Московская область' is: '749 894'

30-03-2025T17:11:26 - [MESSAGE][PASSED] - Text of object 'Object Repository/Выполнение бизнес-плана/Значения со страницы Выполнение бизнес-плана/План Потери за отчётный период Московская область' is: '749 894'

30-03-2025T17:11:26 - [TEST_STEP][PASSED] - if (page == "" || page == null): null

30-03-2025T17:11:26 - [TEST_STEP][PASSED] - else: null

30-03-2025T17:11:26 - [TEST_STEP][PASSED] - page = page.replaceAll("\s+", ""): null

30-03-2025T17:11:26 - [TEST_STEP][PASSED] - if (page == "undefined"): null

30-03-2025T17:11:26 - [TEST_STEP][PASSED] - filePoteri = poteri.toInteger(): null

30-03-2025T17:11:26 - [TEST_STEP][PASSED] - pagePoteri = page.toInteger(): null

30-03-2025T17:11:26 - [TEST_STEP][PASSED] - compare = pageOtpuskVSet: null

30-03-2025T17:11:26 - [TEST_STEP][PASSED] - if (pageOtpuskVSet != null): null

30-03-2025T17:11:26 - [TEST_STEP][PASSED] - if (compare == fileOtpuskVSet): null

30-03-2025T17:11:26 - [TEST_STEP][PASSED] - if (compare == fileOtpuskVSet): null

30-03-2025T17:11:26 - [TEST_STEP][PASSED] - compare = pagePoteri: null

30-03-2025T17:11:26 - [TEST_STEP][PASSED] - if (pageOtpuskVSet != null): null

30-03-2025T17:11:26 - [TEST_STEP][PASSED] - if (compare == filePoteri): null

30-03-2025T17:11:26 - [TEST_STEP][PASSED] - if (compare == filePoteri): null

30-03-2025T17:11:26 - [TEST_STEP][PASSED] - if (planFact == 2): Object: 'Object Repository/Выполнение бизнес-плана/Кнопка Факт' is clicked on

30-03-2025T17:11:26 - [TEST_STEP][PASSED] - click(findTestObject("Выполнение бизнес-плана/Кнопка Факт")): Object: 'Object Repository/Выполнение бизнес-плана/Кнопка Факт' is clicked on

30-03-2025T17:11:27 - [MESSAGE][PASSED] - Object: 'Object Repository/Выполнение бизнес-плана/Кнопка Факт' is clicked on

30-03-2025T17:11:27 - [TEST_STEP][PASSED] - println("a=" + a): null

30-03-2025T17:11:27 - [TEST_STEP][PASSED] - if (a == 84 || a == 82): null

30-03-2025T17:11:27 - [TEST_STEP][PASSED] - else if (a == 83 || a == 52 || a == 72 || a == 28 || a == 73 || a == 77 || a == 74 || a == 65 || a == 36 || a == 44 || a == 53 || a == 80 || a == 54 || a == 1 || a == 18 || a == 59 || a == 81): null

30-03-2025T17:11:27 - [TEST_STEP][PASSED] - else: null

30-03-2025T17:11:27 - [TEST_STEP][PASSED] - page1 = getText(findTestObject("Object Repository/Выполнение бизнес-плана/spanPlan" + filialNum)): Text of object 'Object Repository/Выполнение бизнес-плана/spanPlan2' is: '5.51
|'

30-03-2025T17:11:27 - [MESSAGE][PASSED] - Text of object 'Object Repository/Выполнение бизнес-плана/spanPlan2' is: '5.51
|'

30-03-2025T17:11:27 - [TEST_STEP][PASSED] - page1 = page1.replace("|", ""): null

30-03-2025T17:11:27 - [TEST_STEP][PASSED] - page2 = getText(findTestObject("Object Repository/Выполнение бизнес-плана/spanFact" + filialNum)): Text of object 'Object Repository/Выполнение бизнес-плана/spanFact2' is: '4.62
|'

30-03-2025T17:11:27 - [MESSAGE][PASSED] - Text of object 'Object Repository/Выполнение бизнес-плана/spanFact2' is: '4.62
|'

30-03-2025T17:11:27 - [TEST_STEP][PASSED] - page2 = page2.replace("|", ""): null

30-03-2025T17:11:27 - [TEST_STEP][PASSED] - println("page1: " + page1): null

30-03-2025T17:11:27 - [TEST_STEP][PASSED] - println("page2: " + page2): null

30-03-2025T17:11:27 - [TEST_STEP][PASSED] - file = findTestData("PlanFact").getValue(4, a): null

30-03-2025T17:11:27 - [TEST_STEP][PASSED] - file = file.replace(",", "."): null

30-03-2025T17:11:27 - [TEST_STEP][PASSED] - println("file Plan: " + file): null

30-03-2025T17:11:27 - [TEST_STEP][PASSED] - typeOfData = "План в процентах": null

30-03-2025T17:11:27 - [TEST_STEP][PASSED] - fileDouble = file.toDouble(): null

30-03-2025T17:11:27 - [TEST_STEP][PASSED] - pageDouble = page1.toDouble(): null

30-03-2025T17:11:27 - [TEST_STEP][PASSED] - if (fileDouble != pageDouble): null

30-03-2025T17:11:27 - [TEST_STEP][PASSED] - numberOfErrors = numberOfErrors + 1: null

30-03-2025T17:11:27 - [TEST_STEP][PASSED] - Script1718980020443.WriteToExcel(a, typeOfData, todaysDate, pageInt, fileInt, pageDouble, fileDouble, dZO): null

30-03-2025T17:11:27 - [TEST_STEP][PASSED] - sheetName = "Sheet1": null

30-03-2025T17:11:27 - [TEST_STEP][PASSED] - data = findTestData("PlanFact"): null

30-03-2025T17:11:27 - [TEST_STEP][PASSED] - n = data.getRowNumbers() + 1: null

30-03-2025T17:11:27 - [TEST_STEP][PASSED] - day = ")).toInteger(): null

30-03-2025T17:11:27 - [TEST_STEP][PASSED] - println(day): null

30-03-2025T17:11:27 - [TEST_STEP][PASSED] - month = ")).toInteger(): null

30-03-2025T17:11:27 - [TEST_STEP][PASSED] - println(month): null

30-03-2025T17:11:27 - [TEST_STEP][PASSED] - y = <not implemented yet for class: org.codehaus.groovy.ast.expr.EmptyExpression>: null

30-03-2025T17:11:27 - [TEST_STEP][PASSED] - iy = <not implemented yet for class: org.codehaus.groovy.ast.expr.EmptyExpression>: null

30-03-2025T17:11:27 - [TEST_STEP][PASSED] - m = getText(findTestObject("Выполнение бизнес-плана/Период")): Text of object 'Object Repository/Выполнение бизнес-плана/Период' is: 'Январь 2025 года'

30-03-2025T17:11:28 - [MESSAGE][PASSED] - Text of object 'Object Repository/Выполнение бизнес-плана/Период' is: 'Январь 2025 года'

30-03-2025T17:11:28 - [TEST_STEP][PASSED] - iy = m.indexOf("20"): null

30-03-2025T17:11:28 - [TEST_STEP][PASSED] - if (iy > -1): null

30-03-2025T17:11:28 - [TEST_STEP][PASSED] - y = substring(iy, iy + 4).toInteger(): null

30-03-2025T17:11:28 - [TEST_STEP][PASSED] - println(y): null

30-03-2025T17:11:28 - [TEST_STEP][PASSED] - if (toString().length() == 4): null

30-03-2025T17:11:28 - [TEST_STEP][PASSED] - m = m.substring(0, m.indexOf(y.toString())): null

30-03-2025T17:11:28 - [TEST_STEP][PASSED] - m = m.trim(): null

30-03-2025T17:11:28 - [TEST_STEP][PASSED] - if (m == ""): null

30-03-2025T17:11:28 - [TEST_STEP][PASSED] - dashboardName = "Выполнение бизнес-плана": null

30-03-2025T17:11:28 - [TEST_STEP][PASSED] - workbook01 = getWorkbook(excelFilePath): null

30-03-2025T17:11:28 - [TEST_STEP][PASSED] - sheet01 = getExcelSheet(workbook01, sheetName): null

30-03-2025T17:11:28 - [TEST_STEP][PASSED] - setValueToCellByIndex(sheet01, n, 0, dashboardName): null

30-03-2025T17:11:28 - [TEST_STEP][PASSED] - setValueToCellByIndex(sheet01, n, 1, dZO): null

30-03-2025T17:11:28 - [TEST_STEP][PASSED] - setValueToCellByIndex(sheet01, n, 2, typeOfData): null

30-03-2025T17:11:28 - [TEST_STEP][PASSED] - if (typeOfData == "Факт в процентах" || typeOfData == "План в процентах"): null

30-03-2025T17:11:28 - [TEST_STEP][PASSED] - setValueToCellByIndex(sheet01, n, 3, fileDouble): null

30-03-2025T17:11:28 - [TEST_STEP][PASSED] - setValueToCellByIndex(sheet01, n, 4, pageDouble): null

30-03-2025T17:11:28 - [TEST_STEP][PASSED] - setValueToCellByIndex(sheet01, n, 5, m): null

30-03-2025T17:11:28 - [TEST_STEP][PASSED] - setValueToCellByIndex(sheet01, n, 6, y): null

30-03-2025T17:11:28 - [TEST_STEP][PASSED] - setValueToCellByIndex(sheet01, n, 7, todaysDate): null

30-03-2025T17:11:28 - [TEST_STEP][PASSED] - n = n + 1: null

30-03-2025T17:11:28 - [TEST_STEP][PASSED] - saveWorkbook(excelFilePath, workbook01): null

30-03-2025T17:11:28 - [TEST_STEP][PASSED] - file = findTestData("PlanFact").getValue(7, a): null

30-03-2025T17:11:28 - [TEST_STEP][PASSED] - file = file.replace(",", "."): null

30-03-2025T17:11:28 - [TEST_STEP][PASSED] - println("file Fact: " + file): null

30-03-2025T17:11:28 - [TEST_STEP][PASSED] - fileDouble = file.toDouble(): null

30-03-2025T17:11:28 - [TEST_STEP][PASSED] - typeOfData = "Факт в процентах": null

30-03-2025T17:11:28 - [TEST_STEP][PASSED] - fileDouble = file.toDouble(): null

30-03-2025T17:11:28 - [TEST_STEP][PASSED] - pageDouble = page2.toDouble(): null

30-03-2025T17:11:28 - [TEST_STEP][PASSED] - if (fileDouble != pageDouble): null

30-03-2025T17:11:28 - [TEST_STEP][PASSED] - numberOfErrors = numberOfErrors + 1: null

30-03-2025T17:11:28 - [TEST_STEP][PASSED] - Script1718980020443.WriteToExcel(a, typeOfData, todaysDate, pageInt, fileInt, pageDouble, fileDouble, dZO): null

30-03-2025T17:11:28 - [TEST_STEP][PASSED] - sheetName = "Sheet1": null

30-03-2025T17:11:28 - [TEST_STEP][PASSED] - data = findTestData("PlanFact"): null

30-03-2025T17:11:28 - [TEST_STEP][PASSED] - n = data.getRowNumbers() + 1: null

30-03-2025T17:11:28 - [TEST_STEP][PASSED] - day = ")).toInteger(): null

30-03-2025T17:11:28 - [TEST_STEP][PASSED] - println(day): null

30-03-2025T17:11:28 - [TEST_STEP][PASSED] - month = ")).toInteger(): null

30-03-2025T17:11:28 - [TEST_STEP][PASSED] - println(month): null

30-03-2025T17:11:28 - [TEST_STEP][PASSED] - y = <not implemented yet for class: org.codehaus.groovy.ast.expr.EmptyExpression>: null

30-03-2025T17:11:28 - [TEST_STEP][PASSED] - iy = <not implemented yet for class: org.codehaus.groovy.ast.expr.EmptyExpression>: null

30-03-2025T17:11:28 - [TEST_STEP][PASSED] - m = getText(findTestObject("Выполнение бизнес-плана/Период")): Text of object 'Object Repository/Выполнение бизнес-плана/Период' is: 'Январь 2025 года'

30-03-2025T17:11:28 - [MESSAGE][PASSED] - Text of object 'Object Repository/Выполнение бизнес-плана/Период' is: 'Январь 2025 года'

30-03-2025T17:11:28 - [TEST_STEP][PASSED] - iy = m.indexOf("20"): null

30-03-2025T17:11:28 - [TEST_STEP][PASSED] - if (iy > -1): null

30-03-2025T17:11:28 - [TEST_STEP][PASSED] - y = substring(iy, iy + 4).toInteger(): null

30-03-2025T17:11:28 - [TEST_STEP][PASSED] - println(y): null

30-03-2025T17:11:28 - [TEST_STEP][PASSED] - if (toString().length() == 4): null

30-03-2025T17:11:28 - [TEST_STEP][PASSED] - m = m.substring(0, m.indexOf(y.toString())): null

30-03-2025T17:11:28 - [TEST_STEP][PASSED] - m = m.trim(): null

30-03-2025T17:11:28 - [TEST_STEP][PASSED] - if (m == ""): null

30-03-2025T17:11:28 - [TEST_STEP][PASSED] - dashboardName = "Выполнение бизнес-плана": null

30-03-2025T17:11:28 - [TEST_STEP][PASSED] - workbook01 = getWorkbook(excelFilePath): null

30-03-2025T17:11:28 - [TEST_STEP][PASSED] - sheet01 = getExcelSheet(workbook01, sheetName): null

30-03-2025T17:11:28 - [TEST_STEP][PASSED] - setValueToCellByIndex(sheet01, n, 0, dashboardName): null

30-03-2025T17:11:28 - [TEST_STEP][PASSED] - setValueToCellByIndex(sheet01, n, 1, dZO): null

30-03-2025T17:11:28 - [TEST_STEP][PASSED] - setValueToCellByIndex(sheet01, n, 2, typeOfData): null

30-03-2025T17:11:28 - [TEST_STEP][PASSED] - if (typeOfData == "Факт в процентах" || typeOfData == "План в процентах"): null

30-03-2025T17:11:28 - [TEST_STEP][PASSED] - setValueToCellByIndex(sheet01, n, 3, fileDouble): null

30-03-2025T17:11:28 - [TEST_STEP][PASSED] - setValueToCellByIndex(sheet01, n, 4, pageDouble): null

30-03-2025T17:11:28 - [TEST_STEP][PASSED] - setValueToCellByIndex(sheet01, n, 5, m): null

30-03-2025T17:11:28 - [TEST_STEP][PASSED] - setValueToCellByIndex(sheet01, n, 6, y): null

30-03-2025T17:11:28 - [TEST_STEP][PASSED] - setValueToCellByIndex(sheet01, n, 7, todaysDate): null

30-03-2025T17:11:28 - [TEST_STEP][PASSED] - n = n + 1: null

30-03-2025T17:11:28 - [TEST_STEP][PASSED] - saveWorkbook(excelFilePath, workbook01): null

30-03-2025T17:11:29 - [TEST_STEP][FAILED] - if (verifyEqual(numberOfErrors, 0) == false): null

30-03-2025T17:11:29 - [MESSAGE][FAILED] - Unable to verify equal between actual object '2' and expected object '0' (Root cause: com.kms.katalon.core.exception.StepFailedException: Actual object '2' and expected object '0' are not equal
	at com.kms.katalon.core.keyword.builtin.VerifyEqualKeyword$_verifyEqual_closure1.doCall(VerifyEqualKeyword.groovy:58)
	at com.kms.katalon.core.keyword.builtin.VerifyEqualKeyword$_verifyEqual_closure1.call(VerifyEqualKeyword.groovy)
	at com.kms.katalon.core.keyword.internal.KeywordMain.runKeyword(KeywordMain.groovy:75)
	at com.kms.katalon.core.keyword.builtin.VerifyEqualKeyword.verifyEqual(VerifyEqualKeyword.groovy:63)
	at com.kms.katalon.core.keyword.builtin.VerifyEqualKeyword.execute(VerifyEqualKeyword.groovy:44)
	at com.kms.katalon.core.keyword.internal.KeywordExecutor.executeKeywordForPlatform(KeywordExecutor.groovy:74)
	at com.kms.katalon.core.keyword.BuiltinKeywords.verifyEqual(BuiltinKeywords.groovy:146)
	at jdk.internal.reflect.GeneratedMethodAccessor22.invoke(Unknown Source)
	at java.base/jdk.internal.reflect.DelegatingMethodAccessorImpl.invoke(DelegatingMethodAccessorImpl.java:43)
	at Выполнение бизнес-плана Сверка ПАО Россети все филиалы.Numbers(Выполнение бизнес-плана Сверка ПАО Россети все филиалы:744)
	at Выполнение бизнес-плана Сверка ПАО Россети все филиалы.Filials(Выполнение бизнес-плана Сверка ПАО Россети все филиалы:1069)
	at Выполнение бизнес-плана Сверка ПАО Россети все филиалы.Numbers(Выполнение бизнес-плана Сверка ПАО Россети все филиалы:751)
	at Выполнение бизнес-плана Сверка ПАО Россети все филиалы.run(Выполнение бизнес-плана Сверка ПАО Россети все филиалы:273)
	at com.kms.katalon.core.main.ScriptEngine.run(ScriptEngine.java:194)
	at com.kms.katalon.core.main.ScriptEngine.runScriptAsRawText(ScriptEngine.java:119)
	at com.kms.katalon.core.main.TestCaseExecutor.runScript(TestCaseExecutor.java:448)
	at com.kms.katalon.core.main.TestCaseExecutor.doExecute(TestCaseExecutor.java:439)
	at com.kms.katalon.core.main.TestCaseExecutor.processExecutionPhase(TestCaseExecutor.java:418)
	at com.kms.katalon.core.main.TestCaseExecutor.accessMainPhase(TestCaseExecutor.java:410)
	at com.kms.katalon.core.main.TestCaseExecutor.execute(TestCaseExecutor.java:285)
	at com.kms.katalon.core.common.CommonExecutor.accessTestCaseMainPhase(CommonExecutor.java:65)
	at com.kms.katalon.core.main.TestSuiteExecutor.accessTestSuiteMainPhase(TestSuiteExecutor.java:150)
	at com.kms.katalon.core.main.TestSuiteExecutor.execute(TestSuiteExecutor.java:106)
	at com.kms.katalon.core.main.TestCaseMain.startTestSuite(TestCaseMain.java:180)
	at TempTestSuite1743336560690.run(TempTestSuite1743336560690.groovy:35)
	at java.base/jdk.internal.reflect.NativeMethodAccessorImpl.invoke0(Native Method)
	at java.base/jdk.internal.reflect.NativeMethodAccessorImpl.invoke(NativeMethodAccessorImpl.java:77)
	at java.base/jdk.internal.reflect.DelegatingMethodAccessorImpl.invoke(DelegatingMethodAccessorImpl.java:43)
)

30-03-2025T17:11:29 - [TEST_STEP][PASSED] - println(numberOfErrors): null

30-03-2025T17:11:29 - [TEST_STEP][PASSED] - println("a=" + a): null

30-03-2025T17:11:29 - [TEST_STEP][PASSED] - if (a == 28 || a == 77 || a == 74 || a == 65 || a == 36 || a == 44 || a == 54 || a == 1 || a == 18 || a == 59): null

30-03-2025T17:11:29 - [TEST_STEP][PASSED] - if (a == 82): null

30-03-2025T17:11:29 - [TEST_STEP][PASSED] - filialNum = 0: null

30-03-2025T17:11:29 - [TEST_STEP][PASSED] - if (a == 65): null

30-03-2025T17:11:29 - [TEST_STEP][PASSED] - if (a == 1): null

30-03-2025T17:11:29 - [TEST_STEP][PASSED] - if (a == 18): null

30-03-2025T17:11:29 - [TEST_STEP][PASSED] - if (a == 36): null

30-03-2025T17:11:29 - [TEST_STEP][PASSED] - if (a == 44): null

30-03-2025T17:11:29 - [TEST_STEP][PASSED] - if (a == 54): null

30-03-2025T17:11:29 - [TEST_STEP][PASSED] - if (a == 59): null

30-03-2025T17:11:29 - [TEST_STEP][PASSED] - Script1718980020443.OpenFilter(): null

30-03-2025T17:11:29 - [TEST_STEP][PASSED] - click(findTestObject("Object Repository/Выполнение бизнес-плана/Фильтр ДЗО")): Object: 'Object Repository/Выполнение бизнес-плана/Фильтр ДЗО' is clicked on

30-03-2025T17:11:29 - [MESSAGE][PASSED] - Object: 'Object Repository/Выполнение бизнес-плана/Фильтр ДЗО' is clicked on

30-03-2025T17:11:29 - [TEST_STEP][PASSED] - click(findTestObject("Выполнение бизнес-плана/Снять выделение в фильтре ДЗО")): Object: 'Object Repository/Выполнение бизнес-плана/Снять выделение в фильтре ДЗО' is clicked on

30-03-2025T17:11:30 - [MESSAGE][PASSED] - Object: 'Object Repository/Выполнение бизнес-плана/Снять выделение в фильтре ДЗО' is clicked on

30-03-2025T17:11:30 - [TEST_STEP][PASSED] - Script1718980020443.CloseFilter(): null

30-03-2025T17:11:30 - [TEST_STEP][PASSED] - scrollToElement(findTestObject("Выполнение бизнес-плана/Заголовок дашборда"), 30): Scroll to object 'Object Repository/Выполнение бизнес-плана/Заголовок дашборда' successfully

30-03-2025T17:11:30 - [MESSAGE][PASSED] - Scroll to object 'Object Repository/Выполнение бизнес-плана/Заголовок дашборда' successfully

30-03-2025T17:11:30 - [TEST_STEP][PASSED] - click(findTestObject("Object Repository/Выполнение бизнес-плана/Применить в фильтре ДЗО")): Object: 'Object Repository/Выполнение бизнес-плана/Применить в фильтре ДЗО' is clicked on

30-03-2025T17:11:31 - [MESSAGE][PASSED] - Object: 'Object Repository/Выполнение бизнес-плана/Применить в фильтре ДЗО' is clicked on

30-03-2025T17:11:31 - [TEST_STEP][PASSED] - delay(60): Delayed 60 second(s)

30-03-2025T17:12:31 - [MESSAGE][PASSED] - Delayed 60 second(s)

30-03-2025T17:12:31 - [TEST_STEP][PASSED] - if (a == 82): null

30-03-2025T17:12:31 - [TEST_STEP][PASSED] - println(dzoNum): null

30-03-2025T17:12:31 - [TEST_STEP][PASSED] - dZO = "Россети Северный Кавказ": null

30-03-2025T17:12:31 - [TEST_STEP][PASSED] - a = 65: null

30-03-2025T17:12:31 - [TEST_STEP][PASSED] - if (x1.contains("Кавказ")): null

30-03-2025T17:12:31 - [TEST_STEP][PASSED] - else: null

30-03-2025T17:12:31 - [TEST_STEP][PASSED] - Script1718980020443.NoData(a, typeOfData, todaysDate, fileInt, fileDouble, dZO): null

30-03-2025T17:12:31 - [TEST_STEP][PASSED] - println(a): null

30-03-2025T17:12:31 - [TEST_STEP][PASSED] - println(todaysDate): null

30-03-2025T17:12:31 - [TEST_STEP][PASSED] - println(fileInt): null

30-03-2025T17:12:31 - [TEST_STEP][PASSED] - println(fileDouble): null

30-03-2025T17:12:31 - [TEST_STEP][PASSED] - println(dZO): null

30-03-2025T17:12:31 - [TEST_STEP][PASSED] - typeOfData = "Факт Отпуск в сеть": null

30-03-2025T17:12:31 - [TEST_STEP][PASSED] - fileInt = replaceAll("\s+", "").toInteger(): null

30-03-2025T17:12:31 - [TEST_STEP][PASSED] - Script1718980020443.WriteToExcelNoData(a, typeOfData, todaysDate, fileInt, fileDouble, dZO): null

30-03-2025T17:12:31 - [TEST_STEP][PASSED] - sheetName = "Sheet1": null

30-03-2025T17:12:31 - [TEST_STEP][PASSED] - data = findTestData("PlanFact"): null

30-03-2025T17:12:31 - [TEST_STEP][PASSED] - n = data.getRowNumbers() + 1: null

30-03-2025T17:12:31 - [TEST_STEP][PASSED] - day = ")).toInteger(): null

30-03-2025T17:12:31 - [TEST_STEP][PASSED] - println(day): null

30-03-2025T17:12:31 - [TEST_STEP][PASSED] - month = ")).toInteger(): null

30-03-2025T17:12:31 - [TEST_STEP][PASSED] - println(month): null

30-03-2025T17:12:31 - [TEST_STEP][PASSED] - y = <not implemented yet for class: org.codehaus.groovy.ast.expr.EmptyExpression>: null

30-03-2025T17:12:31 - [TEST_STEP][PASSED] - iy = <not implemented yet for class: org.codehaus.groovy.ast.expr.EmptyExpression>: null

30-03-2025T17:12:31 - [TEST_STEP][PASSED] - m = getText(findTestObject("Выполнение бизнес-плана/Период")): Text of object 'Object Repository/Выполнение бизнес-плана/Период' is: 'Январь 2025 года'

30-03-2025T17:12:31 - [MESSAGE][PASSED] - Text of object 'Object Repository/Выполнение бизнес-плана/Период' is: 'Январь 2025 года'

30-03-2025T17:12:31 - [TEST_STEP][PASSED] - iy = m.indexOf("20"): null

30-03-2025T17:12:31 - [TEST_STEP][PASSED] - if (iy > -1): null

30-03-2025T17:12:31 - [TEST_STEP][PASSED] - y = substring(iy, iy + 4).toInteger(): null

30-03-2025T17:12:31 - [TEST_STEP][PASSED] - println(y): null

30-03-2025T17:12:31 - [TEST_STEP][PASSED] - if (toString().length() == 4): null

30-03-2025T17:12:31 - [TEST_STEP][PASSED] - m = m.substring(0, m.indexOf(y.toString())): null

30-03-2025T17:12:31 - [TEST_STEP][PASSED] - m = m.trim(): null

30-03-2025T17:12:31 - [TEST_STEP][PASSED] - if (m == ""): null

30-03-2025T17:12:31 - [TEST_STEP][PASSED] - dashboardName = "Выполнение бизнес-плана": null

30-03-2025T17:12:31 - [TEST_STEP][PASSED] - workbook01 = getWorkbook(excelFilePath): null

30-03-2025T17:12:31 - [TEST_STEP][PASSED] - sheet01 = getExcelSheet(workbook01, sheetName): null

30-03-2025T17:12:31 - [TEST_STEP][PASSED] - setValueToCellByIndex(sheet01, n, 0, dashboardName): null

30-03-2025T17:12:31 - [TEST_STEP][PASSED] - setValueToCellByIndex(sheet01, n, 1, dZO): null

30-03-2025T17:12:31 - [TEST_STEP][PASSED] - setValueToCellByIndex(sheet01, n, 2, typeOfData): null

30-03-2025T17:12:31 - [TEST_STEP][PASSED] - if (typeOfData == "Факт в процентах" || typeOfData == "План в процентах"): null

30-03-2025T17:12:31 - [TEST_STEP][PASSED] - else: null

30-03-2025T17:12:31 - [TEST_STEP][PASSED] - setValueToCellByIndex(sheet01, n, 3, fileInt): null

30-03-2025T17:12:31 - [TEST_STEP][PASSED] - setValueToCellByIndex(sheet01, n, 4, "нет данных"): null

30-03-2025T17:12:31 - [TEST_STEP][PASSED] - setValueToCellByIndex(sheet01, n, 5, m): null

30-03-2025T17:12:31 - [TEST_STEP][PASSED] - setValueToCellByIndex(sheet01, n, 6, y): null

30-03-2025T17:12:31 - [TEST_STEP][PASSED] - setValueToCellByIndex(sheet01, n, 7, todaysDate): null

30-03-2025T17:12:31 - [TEST_STEP][PASSED] - n = n + 1: null

30-03-2025T17:12:31 - [TEST_STEP][PASSED] - saveWorkbook(excelFilePath, workbook01): null

30-03-2025T17:12:31 - [TEST_STEP][PASSED] - typeOfData = "Факт Потери": null

30-03-2025T17:12:31 - [TEST_STEP][PASSED] - fileInt = replaceAll("\s+", "").toInteger(): null

30-03-2025T17:12:31 - [TEST_STEP][PASSED] - Script1718980020443.WriteToExcelNoData(a, typeOfData, todaysDate, fileInt, fileDouble, dZO): null

30-03-2025T17:12:31 - [TEST_STEP][PASSED] - sheetName = "Sheet1": null

30-03-2025T17:12:31 - [TEST_STEP][PASSED] - data = findTestData("PlanFact"): null

30-03-2025T17:12:32 - [TEST_STEP][PASSED] - n = data.getRowNumbers() + 1: null

30-03-2025T17:12:32 - [TEST_STEP][PASSED] - day = ")).toInteger(): null

30-03-2025T17:12:32 - [TEST_STEP][PASSED] - println(day): null

30-03-2025T17:12:32 - [TEST_STEP][PASSED] - month = ")).toInteger(): null

30-03-2025T17:12:32 - [TEST_STEP][PASSED] - println(month): null

30-03-2025T17:12:32 - [TEST_STEP][PASSED] - y = <not implemented yet for class: org.codehaus.groovy.ast.expr.EmptyExpression>: null

30-03-2025T17:12:32 - [TEST_STEP][PASSED] - iy = <not implemented yet for class: org.codehaus.groovy.ast.expr.EmptyExpression>: null

30-03-2025T17:12:32 - [TEST_STEP][PASSED] - m = getText(findTestObject("Выполнение бизнес-плана/Период")): Text of object 'Object Repository/Выполнение бизнес-плана/Период' is: 'Январь 2025 года'

30-03-2025T17:12:32 - [MESSAGE][PASSED] - Text of object 'Object Repository/Выполнение бизнес-плана/Период' is: 'Январь 2025 года'

30-03-2025T17:12:32 - [TEST_STEP][PASSED] - iy = m.indexOf("20"): null

30-03-2025T17:12:32 - [TEST_STEP][PASSED] - if (iy > -1): null

30-03-2025T17:12:32 - [TEST_STEP][PASSED] - y = substring(iy, iy + 4).toInteger(): null

30-03-2025T17:12:32 - [TEST_STEP][PASSED] - println(y): null

30-03-2025T17:12:32 - [TEST_STEP][PASSED] - if (toString().length() == 4): null

30-03-2025T17:12:32 - [TEST_STEP][PASSED] - m = m.substring(0, m.indexOf(y.toString())): null

30-03-2025T17:12:32 - [TEST_STEP][PASSED] - m = m.trim(): null

30-03-2025T17:12:32 - [TEST_STEP][PASSED] - if (m == ""): null

30-03-2025T17:12:32 - [TEST_STEP][PASSED] - dashboardName = "Выполнение бизнес-плана": null

30-03-2025T17:12:32 - [TEST_STEP][PASSED] - workbook01 = getWorkbook(excelFilePath): null

30-03-2025T17:12:32 - [TEST_STEP][PASSED] - sheet01 = getExcelSheet(workbook01, sheetName): null

30-03-2025T17:12:32 - [TEST_STEP][PASSED] - setValueToCellByIndex(sheet01, n, 0, dashboardName): null

30-03-2025T17:12:32 - [TEST_STEP][PASSED] - setValueToCellByIndex(sheet01, n, 1, dZO): null

30-03-2025T17:12:32 - [TEST_STEP][PASSED] - setValueToCellByIndex(sheet01, n, 2, typeOfData): null

30-03-2025T17:12:32 - [TEST_STEP][PASSED] - if (typeOfData == "Факт в процентах" || typeOfData == "План в процентах"): null

30-03-2025T17:12:32 - [TEST_STEP][PASSED] - else: null

30-03-2025T17:12:32 - [TEST_STEP][PASSED] - setValueToCellByIndex(sheet01, n, 3, fileInt): null

30-03-2025T17:12:32 - [TEST_STEP][PASSED] - setValueToCellByIndex(sheet01, n, 4, "нет данных"): null

30-03-2025T17:12:32 - [TEST_STEP][PASSED] - setValueToCellByIndex(sheet01, n, 5, m): null

30-03-2025T17:12:32 - [TEST_STEP][PASSED] - setValueToCellByIndex(sheet01, n, 6, y): null

30-03-2025T17:12:32 - [TEST_STEP][PASSED] - setValueToCellByIndex(sheet01, n, 7, todaysDate): null

30-03-2025T17:12:32 - [TEST_STEP][PASSED] - n = n + 1: null

30-03-2025T17:12:32 - [TEST_STEP][PASSED] - saveWorkbook(excelFilePath, workbook01): null

30-03-2025T17:12:32 - [TEST_STEP][PASSED] - typeOfData = "План Отпуск в сеть": null

30-03-2025T17:12:32 - [TEST_STEP][PASSED] - fileInt = replaceAll("\s+", "").toInteger(): null

30-03-2025T17:12:32 - [TEST_STEP][PASSED] - Script1718980020443.WriteToExcelNoData(a, typeOfData, todaysDate, fileInt, fileDouble, dZO): null

30-03-2025T17:12:32 - [TEST_STEP][PASSED] - sheetName = "Sheet1": null

30-03-2025T17:12:32 - [TEST_STEP][PASSED] - data = findTestData("PlanFact"): null

30-03-2025T17:12:32 - [TEST_STEP][PASSED] - n = data.getRowNumbers() + 1: null

30-03-2025T17:12:32 - [TEST_STEP][PASSED] - day = ")).toInteger(): null

30-03-2025T17:12:32 - [TEST_STEP][PASSED] - println(day): null

30-03-2025T17:12:32 - [TEST_STEP][PASSED] - month = ")).toInteger(): null

30-03-2025T17:12:32 - [TEST_STEP][PASSED] - println(month): null

30-03-2025T17:12:32 - [TEST_STEP][PASSED] - y = <not implemented yet for class: org.codehaus.groovy.ast.expr.EmptyExpression>: null

30-03-2025T17:12:32 - [TEST_STEP][PASSED] - iy = <not implemented yet for class: org.codehaus.groovy.ast.expr.EmptyExpression>: null

30-03-2025T17:12:32 - [TEST_STEP][PASSED] - m = getText(findTestObject("Выполнение бизнес-плана/Период")): Text of object 'Object Repository/Выполнение бизнес-плана/Период' is: 'Январь 2025 года'

30-03-2025T17:12:32 - [MESSAGE][PASSED] - Text of object 'Object Repository/Выполнение бизнес-плана/Период' is: 'Январь 2025 года'

30-03-2025T17:12:32 - [TEST_STEP][PASSED] - iy = m.indexOf("20"): null

30-03-2025T17:12:32 - [TEST_STEP][PASSED] - if (iy > -1): null

30-03-2025T17:12:32 - [TEST_STEP][PASSED] - y = substring(iy, iy + 4).toInteger(): null

30-03-2025T17:12:32 - [TEST_STEP][PASSED] - println(y): null

30-03-2025T17:12:32 - [TEST_STEP][PASSED] - if (toString().length() == 4): null

30-03-2025T17:12:32 - [TEST_STEP][PASSED] - m = m.substring(0, m.indexOf(y.toString())): null

30-03-2025T17:12:32 - [TEST_STEP][PASSED] - m = m.trim(): null

30-03-2025T17:12:32 - [TEST_STEP][PASSED] - if (m == ""): null

30-03-2025T17:12:32 - [TEST_STEP][PASSED] - dashboardName = "Выполнение бизнес-плана": null

30-03-2025T17:12:32 - [TEST_STEP][PASSED] - workbook01 = getWorkbook(excelFilePath): null

30-03-2025T17:12:33 - [TEST_STEP][PASSED] - sheet01 = getExcelSheet(workbook01, sheetName): null

30-03-2025T17:12:33 - [TEST_STEP][PASSED] - setValueToCellByIndex(sheet01, n, 0, dashboardName): null

30-03-2025T17:12:33 - [TEST_STEP][PASSED] - setValueToCellByIndex(sheet01, n, 1, dZO): null

30-03-2025T17:12:33 - [TEST_STEP][PASSED] - setValueToCellByIndex(sheet01, n, 2, typeOfData): null

30-03-2025T17:12:33 - [TEST_STEP][PASSED] - if (typeOfData == "Факт в процентах" || typeOfData == "План в процентах"): null

30-03-2025T17:12:33 - [TEST_STEP][PASSED] - else: null

30-03-2025T17:12:33 - [TEST_STEP][PASSED] - setValueToCellByIndex(sheet01, n, 3, fileInt): null

30-03-2025T17:12:33 - [TEST_STEP][PASSED] - setValueToCellByIndex(sheet01, n, 4, "нет данных"): null

30-03-2025T17:12:33 - [TEST_STEP][PASSED] - setValueToCellByIndex(sheet01, n, 5, m): null

30-03-2025T17:12:33 - [TEST_STEP][PASSED] - setValueToCellByIndex(sheet01, n, 6, y): null

30-03-2025T17:12:33 - [TEST_STEP][PASSED] - setValueToCellByIndex(sheet01, n, 7, todaysDate): null

30-03-2025T17:12:33 - [TEST_STEP][PASSED] - n = n + 1: null

30-03-2025T17:12:33 - [TEST_STEP][PASSED] - saveWorkbook(excelFilePath, workbook01): null

30-03-2025T17:12:33 - [TEST_STEP][PASSED] - typeOfData = "План Потери": null

30-03-2025T17:12:33 - [TEST_STEP][PASSED] - fileInt = replaceAll("\s+", "").toInteger(): null

30-03-2025T17:12:33 - [TEST_STEP][PASSED] - Script1718980020443.WriteToExcelNoData(a, typeOfData, todaysDate, fileInt, fileDouble, dZO): null

30-03-2025T17:12:33 - [TEST_STEP][PASSED] - sheetName = "Sheet1": null

30-03-2025T17:12:33 - [TEST_STEP][PASSED] - data = findTestData("PlanFact"): null

30-03-2025T17:12:33 - [TEST_STEP][PASSED] - n = data.getRowNumbers() + 1: null

30-03-2025T17:12:33 - [TEST_STEP][PASSED] - day = ")).toInteger(): null

30-03-2025T17:12:33 - [TEST_STEP][PASSED] - println(day): null

30-03-2025T17:12:33 - [TEST_STEP][PASSED] - month = ")).toInteger(): null

30-03-2025T17:12:33 - [TEST_STEP][PASSED] - println(month): null

30-03-2025T17:12:33 - [TEST_STEP][PASSED] - y = <not implemented yet for class: org.codehaus.groovy.ast.expr.EmptyExpression>: null

30-03-2025T17:12:33 - [TEST_STEP][PASSED] - iy = <not implemented yet for class: org.codehaus.groovy.ast.expr.EmptyExpression>: null

30-03-2025T17:12:33 - [TEST_STEP][PASSED] - m = getText(findTestObject("Выполнение бизнес-плана/Период")): Text of object 'Object Repository/Выполнение бизнес-плана/Период' is: 'Январь 2025 года'

30-03-2025T17:12:33 - [MESSAGE][PASSED] - Text of object 'Object Repository/Выполнение бизнес-плана/Период' is: 'Январь 2025 года'

30-03-2025T17:12:33 - [TEST_STEP][PASSED] - iy = m.indexOf("20"): null

30-03-2025T17:12:33 - [TEST_STEP][PASSED] - if (iy > -1): null

30-03-2025T17:12:33 - [TEST_STEP][PASSED] - y = substring(iy, iy + 4).toInteger(): null

30-03-2025T17:12:33 - [TEST_STEP][PASSED] - println(y): null

30-03-2025T17:12:33 - [TEST_STEP][PASSED] - if (toString().length() == 4): null

30-03-2025T17:12:33 - [TEST_STEP][PASSED] - m = m.substring(0, m.indexOf(y.toString())): null

30-03-2025T17:12:33 - [TEST_STEP][PASSED] - m = m.trim(): null

30-03-2025T17:12:33 - [TEST_STEP][PASSED] - if (m == ""): null

30-03-2025T17:12:33 - [TEST_STEP][PASSED] - dashboardName = "Выполнение бизнес-плана": null

30-03-2025T17:12:33 - [TEST_STEP][PASSED] - workbook01 = getWorkbook(excelFilePath): null

30-03-2025T17:12:33 - [TEST_STEP][PASSED] - sheet01 = getExcelSheet(workbook01, sheetName): null

30-03-2025T17:12:33 - [TEST_STEP][PASSED] - setValueToCellByIndex(sheet01, n, 0, dashboardName): null

30-03-2025T17:12:33 - [TEST_STEP][PASSED] - setValueToCellByIndex(sheet01, n, 1, dZO): null

30-03-2025T17:12:33 - [TEST_STEP][PASSED] - setValueToCellByIndex(sheet01, n, 2, typeOfData): null

30-03-2025T17:12:33 - [TEST_STEP][PASSED] - if (typeOfData == "Факт в процентах" || typeOfData == "План в процентах"): null

30-03-2025T17:12:33 - [TEST_STEP][PASSED] - else: null

30-03-2025T17:12:33 - [TEST_STEP][PASSED] - setValueToCellByIndex(sheet01, n, 3, fileInt): null

30-03-2025T17:12:33 - [TEST_STEP][PASSED] - setValueToCellByIndex(sheet01, n, 4, "нет данных"): null

30-03-2025T17:12:33 - [TEST_STEP][PASSED] - setValueToCellByIndex(sheet01, n, 5, m): null

30-03-2025T17:12:33 - [TEST_STEP][PASSED] - setValueToCellByIndex(sheet01, n, 6, y): null

30-03-2025T17:12:33 - [TEST_STEP][PASSED] - setValueToCellByIndex(sheet01, n, 7, todaysDate): null

30-03-2025T17:12:33 - [TEST_STEP][PASSED] - n = n + 1: null

30-03-2025T17:12:33 - [TEST_STEP][PASSED] - saveWorkbook(excelFilePath, workbook01): null

30-03-2025T17:12:33 - [TEST_STEP][PASSED] - typeOfData = "План в процентах": null

30-03-2025T17:12:33 - [TEST_STEP][PASSED] - fileDouble = ").toDouble(): null

30-03-2025T17:12:33 - [TEST_STEP][PASSED] - Script1718980020443.WriteToExcelNoData(a, typeOfData, todaysDate, fileInt, fileDouble, dZO): null

30-03-2025T17:12:33 - [TEST_STEP][PASSED] - sheetName = "Sheet1": null

30-03-2025T17:12:33 - [TEST_STEP][PASSED] - data = findTestData("PlanFact"): null

30-03-2025T17:12:33 - [TEST_STEP][PASSED] - n = data.getRowNumbers() + 1: null

30-03-2025T17:12:33 - [TEST_STEP][PASSED] - day = ")).toInteger(): null

30-03-2025T17:12:33 - [TEST_STEP][PASSED] - println(day): null

30-03-2025T17:12:33 - [TEST_STEP][PASSED] - month = ")).toInteger(): null

30-03-2025T17:12:33 - [TEST_STEP][PASSED] - println(month): null

30-03-2025T17:12:33 - [TEST_STEP][PASSED] - y = <not implemented yet for class: org.codehaus.groovy.ast.expr.EmptyExpression>: null

30-03-2025T17:12:33 - [TEST_STEP][PASSED] - iy = <not implemented yet for class: org.codehaus.groovy.ast.expr.EmptyExpression>: null

30-03-2025T17:12:33 - [TEST_STEP][PASSED] - m = getText(findTestObject("Выполнение бизнес-плана/Период")): Text of object 'Object Repository/Выполнение бизнес-плана/Период' is: 'Январь 2025 года'

30-03-2025T17:12:34 - [MESSAGE][PASSED] - Text of object 'Object Repository/Выполнение бизнес-плана/Период' is: 'Январь 2025 года'

30-03-2025T17:12:34 - [TEST_STEP][PASSED] - iy = m.indexOf("20"): null

30-03-2025T17:12:34 - [TEST_STEP][PASSED] - if (iy > -1): null

30-03-2025T17:12:34 - [TEST_STEP][PASSED] - y = substring(iy, iy + 4).toInteger(): null

30-03-2025T17:12:34 - [TEST_STEP][PASSED] - println(y): null

30-03-2025T17:12:34 - [TEST_STEP][PASSED] - if (toString().length() == 4): null

30-03-2025T17:12:34 - [TEST_STEP][PASSED] - m = m.substring(0, m.indexOf(y.toString())): null

30-03-2025T17:12:34 - [TEST_STEP][PASSED] - m = m.trim(): null

30-03-2025T17:12:34 - [TEST_STEP][PASSED] - if (m == ""): null

30-03-2025T17:12:34 - [TEST_STEP][PASSED] - dashboardName = "Выполнение бизнес-плана": null

30-03-2025T17:12:34 - [TEST_STEP][PASSED] - workbook01 = getWorkbook(excelFilePath): null

30-03-2025T17:12:34 - [TEST_STEP][PASSED] - sheet01 = getExcelSheet(workbook01, sheetName): null

30-03-2025T17:12:34 - [TEST_STEP][PASSED] - setValueToCellByIndex(sheet01, n, 0, dashboardName): null

30-03-2025T17:12:34 - [TEST_STEP][PASSED] - setValueToCellByIndex(sheet01, n, 1, dZO): null

30-03-2025T17:12:34 - [TEST_STEP][PASSED] - setValueToCellByIndex(sheet01, n, 2, typeOfData): null

30-03-2025T17:12:34 - [TEST_STEP][PASSED] - if (typeOfData == "Факт в процентах" || typeOfData == "План в процентах"): null

30-03-2025T17:12:34 - [TEST_STEP][PASSED] - setValueToCellByIndex(sheet01, n, 3, fileDouble): null

30-03-2025T17:12:34 - [TEST_STEP][PASSED] - setValueToCellByIndex(sheet01, n, 4, "нет данных"): null

30-03-2025T17:12:34 - [TEST_STEP][PASSED] - setValueToCellByIndex(sheet01, n, 5, m): null

30-03-2025T17:12:34 - [TEST_STEP][PASSED] - setValueToCellByIndex(sheet01, n, 6, y): null

30-03-2025T17:12:34 - [TEST_STEP][PASSED] - setValueToCellByIndex(sheet01, n, 7, todaysDate): null

30-03-2025T17:12:34 - [TEST_STEP][PASSED] - n = n + 1: null

30-03-2025T17:12:34 - [TEST_STEP][PASSED] - saveWorkbook(excelFilePath, workbook01): null

30-03-2025T17:12:34 - [TEST_STEP][PASSED] - typeOfData = "Факт в процентах": null

30-03-2025T17:12:34 - [TEST_STEP][PASSED] - fileDouble = ").toDouble(): null

30-03-2025T17:12:34 - [TEST_STEP][PASSED] - Script1718980020443.WriteToExcelNoData(a, typeOfData, todaysDate, fileInt, fileDouble, dZO): null

30-03-2025T17:12:34 - [TEST_STEP][PASSED] - sheetName = "Sheet1": null

30-03-2025T17:12:34 - [TEST_STEP][PASSED] - data = findTestData("PlanFact"): null

30-03-2025T17:12:34 - [TEST_STEP][PASSED] - n = data.getRowNumbers() + 1: null

30-03-2025T17:12:34 - [TEST_STEP][PASSED] - day = ")).toInteger(): null

30-03-2025T17:12:34 - [TEST_STEP][PASSED] - println(day): null

30-03-2025T17:12:34 - [TEST_STEP][PASSED] - month = ")).toInteger(): null

30-03-2025T17:12:34 - [TEST_STEP][PASSED] - println(month): null

30-03-2025T17:12:34 - [TEST_STEP][PASSED] - y = <not implemented yet for class: org.codehaus.groovy.ast.expr.EmptyExpression>: null

30-03-2025T17:12:34 - [TEST_STEP][PASSED] - iy = <not implemented yet for class: org.codehaus.groovy.ast.expr.EmptyExpression>: null

30-03-2025T17:12:34 - [TEST_STEP][PASSED] - m = getText(findTestObject("Выполнение бизнес-плана/Период")): Text of object 'Object Repository/Выполнение бизнес-плана/Период' is: 'Январь 2025 года'

30-03-2025T17:12:34 - [MESSAGE][PASSED] - Text of object 'Object Repository/Выполнение бизнес-плана/Период' is: 'Январь 2025 года'

30-03-2025T17:12:34 - [TEST_STEP][PASSED] - iy = m.indexOf("20"): null

30-03-2025T17:12:34 - [TEST_STEP][PASSED] - if (iy > -1): null

30-03-2025T17:12:34 - [TEST_STEP][PASSED] - y = substring(iy, iy + 4).toInteger(): null

30-03-2025T17:12:34 - [TEST_STEP][PASSED] - println(y): null

30-03-2025T17:12:34 - [TEST_STEP][PASSED] - if (toString().length() == 4): null

30-03-2025T17:12:34 - [TEST_STEP][PASSED] - m = m.substring(0, m.indexOf(y.toString())): null

30-03-2025T17:12:35 - [TEST_STEP][PASSED] - m = m.trim(): null

30-03-2025T17:12:35 - [TEST_STEP][PASSED] - if (m == ""): null

30-03-2025T17:12:35 - [TEST_STEP][PASSED] - dashboardName = "Выполнение бизнес-плана": null

30-03-2025T17:12:35 - [TEST_STEP][PASSED] - workbook01 = getWorkbook(excelFilePath): null

30-03-2025T17:12:35 - [TEST_STEP][PASSED] - sheet01 = getExcelSheet(workbook01, sheetName): null

30-03-2025T17:12:35 - [TEST_STEP][PASSED] - setValueToCellByIndex(sheet01, n, 0, dashboardName): null

30-03-2025T17:12:35 - [TEST_STEP][PASSED] - setValueToCellByIndex(sheet01, n, 1, dZO): null

30-03-2025T17:12:35 - [TEST_STEP][PASSED] - setValueToCellByIndex(sheet01, n, 2, typeOfData): null

30-03-2025T17:12:35 - [TEST_STEP][PASSED] - if (typeOfData == "Факт в процентах" || typeOfData == "План в процентах"): null

30-03-2025T17:12:35 - [TEST_STEP][PASSED] - setValueToCellByIndex(sheet01, n, 3, fileDouble): null

30-03-2025T17:12:35 - [TEST_STEP][PASSED] - setValueToCellByIndex(sheet01, n, 4, "нет данных"): null

30-03-2025T17:12:35 - [TEST_STEP][PASSED] - setValueToCellByIndex(sheet01, n, 5, m): null

30-03-2025T17:12:35 - [TEST_STEP][PASSED] - setValueToCellByIndex(sheet01, n, 6, y): null

30-03-2025T17:12:35 - [TEST_STEP][PASSED] - setValueToCellByIndex(sheet01, n, 7, todaysDate): null

30-03-2025T17:12:35 - [TEST_STEP][PASSED] - n = n + 1: null

30-03-2025T17:12:35 - [TEST_STEP][PASSED] - saveWorkbook(excelFilePath, workbook01): null

30-03-2025T17:12:35 - [TEST_STEP][PASSED] - println(dzoNum): null

30-03-2025T17:12:35 - [TEST_STEP][PASSED] - dZO = "Россети Северо-Запад": null

30-03-2025T17:12:35 - [TEST_STEP][PASSED] - a = 36: null

30-03-2025T17:12:35 - [TEST_STEP][PASSED] - if (x1.contains("Северо-Запад")): null

30-03-2025T17:12:35 - [TEST_STEP][PASSED] - dzoNum = dzoNum + 1: null

30-03-2025T17:12:35 - [TEST_STEP][PASSED] - Script1718980020443.Numbers(a, typeOfData, todaysDate, pageInt, fileInt, pageDouble, fileDouble, dZO, dzoNum, filialNum): null

30-03-2025T17:12:35 - [TEST_STEP][PASSED] - println(dzoNum): null

30-03-2025T17:12:35 - [TEST_STEP][PASSED] - planFact = <not implemented yet for class: org.codehaus.groovy.ast.expr.EmptyExpression>: null

30-03-2025T17:12:35 - [TEST_STEP][PASSED] - page = <not implemented yet for class: org.codehaus.groovy.ast.expr.EmptyExpression>: null

30-03-2025T17:12:35 - [TEST_STEP][PASSED] - page1 = <not implemented yet for class: org.codehaus.groovy.ast.expr.EmptyExpression>: null

30-03-2025T17:12:35 - [TEST_STEP][PASSED] - page2 = <not implemented yet for class: org.codehaus.groovy.ast.expr.EmptyExpression>: null

30-03-2025T17:12:35 - [TEST_STEP][PASSED] - filialNumberInRow = <not implemented yet for class: org.codehaus.groovy.ast.expr.EmptyExpression>: null

30-03-2025T17:12:35 - [TEST_STEP][PASSED] - filialsDzoNames = <not implemented yet for class: org.codehaus.groovy.ast.expr.EmptyExpression>: null

30-03-2025T17:12:35 - [TEST_STEP][PASSED] - numberOfFilials = <not implemented yet for class: org.codehaus.groovy.ast.expr.EmptyExpression>: null

30-03-2025T17:12:35 - [TEST_STEP][PASSED] - numberOfSpaces = <not implemented yet for class: org.codehaus.groovy.ast.expr.EmptyExpression>: null

30-03-2025T17:12:35 - [TEST_STEP][PASSED] - file = <not implemented yet for class: org.codehaus.groovy.ast.expr.EmptyExpression>: null

30-03-2025T17:12:35 - [TEST_STEP][PASSED] - otpusk = <not implemented yet for class: org.codehaus.groovy.ast.expr.EmptyExpression>: null

30-03-2025T17:12:35 - [TEST_STEP][PASSED] - poteri = <not implemented yet for class: org.codehaus.groovy.ast.expr.EmptyExpression>: null

30-03-2025T17:12:35 - [TEST_STEP][PASSED] - dataFolder = "Выполнение бизнес-плана/Значения со страницы Выполнение бизнес-плана/": null

30-03-2025T17:12:35 - [TEST_STEP][PASSED] - path = <not implemented yet for class: org.codehaus.groovy.ast.expr.EmptyExpression>: null

30-03-2025T17:12:35 - [TEST_STEP][PASSED] - typeOfDataMain = <not implemented yet for class: org.codehaus.groovy.ast.expr.EmptyExpression>: null

30-03-2025T17:12:35 - [TEST_STEP][PASSED] - fileOtpuskVSet = <not implemented yet for class: org.codehaus.groovy.ast.expr.EmptyExpression>: null

30-03-2025T17:12:35 - [TEST_STEP][PASSED] - pageOtpuskVSet = <not implemented yet for class: org.codehaus.groovy.ast.expr.EmptyExpression>: null

30-03-2025T17:12:35 - [TEST_STEP][PASSED] - filePoteri = <not implemented yet for class: org.codehaus.groovy.ast.expr.EmptyExpression>: null

30-03-2025T17:12:35 - [TEST_STEP][PASSED] - pagePoteri = <not implemented yet for class: org.codehaus.groovy.ast.expr.EmptyExpression>: null

30-03-2025T17:12:35 - [TEST_STEP][PASSED] - compare = <not implemented yet for class: org.codehaus.groovy.ast.expr.EmptyExpression>: null

30-03-2025T17:12:35 - [TEST_STEP][PASSED] - b = <not implemented yet for class: org.codehaus.groovy.ast.expr.EmptyExpression>: null

30-03-2025T17:12:35 - [TEST_STEP][PASSED] - i = <not implemented yet for class: org.codehaus.groovy.ast.expr.EmptyExpression>: null

30-03-2025T17:12:35 - [TEST_STEP][PASSED] - ii = <not implemented yet for class: org.codehaus.groovy.ast.expr.EmptyExpression>: null

30-03-2025T17:12:35 - [TEST_STEP][PASSED] - c = <not implemented yet for class: org.codehaus.groovy.ast.expr.EmptyExpression>: null

30-03-2025T17:12:35 - [TEST_STEP][PASSED] - numberOfErrors = 0: null

30-03-2025T17:12:35 - [TEST_STEP][PASSED] - if (a == 82): null

30-03-2025T17:12:35 - [TEST_STEP][PASSED] - b = findTestData("PlanFact").getValue(1, a): null

30-03-2025T17:12:35 - [TEST_STEP][PASSED] - i = b.indexOf(" (ГК)"): null

30-03-2025T17:12:35 - [TEST_STEP][PASSED] - if (i > -1): null

30-03-2025T17:12:35 - [TEST_STEP][PASSED] - i = b.indexOf("О ""): null

30-03-2025T17:12:35 - [TEST_STEP][PASSED] - if (i > -1): null

30-03-2025T17:12:35 - [TEST_STEP][PASSED] - i = b.indexOf("О «"): null

30-03-2025T17:12:35 - [TEST_STEP][PASSED] - if (i > -1): null

30-03-2025T17:12:35 - [TEST_STEP][PASSED] - i = b.indexOf("г. "): null

30-03-2025T17:12:35 - [TEST_STEP][PASSED] - if (i > -1): null

30-03-2025T17:12:35 - [TEST_STEP][PASSED] - b = b.trim(): null

30-03-2025T17:12:35 - [TEST_STEP][PASSED] - println(b): null

30-03-2025T17:12:35 - [TEST_STEP][FAILED] - for ([planFact = 1, planFact < 3, (planFact++)]): null

30-03-2025T17:12:35 - [TEST_STEP][PASSED] - if (planFact == 1): null

30-03-2025T17:12:35 - [TEST_STEP][PASSED] - typeOfDataMain = "Факт": null

30-03-2025T17:12:35 - [TEST_STEP][PASSED] - otpusk = findTestData("PlanFact").getValue(5, a): null

30-03-2025T17:12:35 - [TEST_STEP][PASSED] - poteri = findTestData("PlanFact").getValue(6, a): null

30-03-2025T17:12:35 - [TEST_STEP][PASSED] - otpusk = otpusk.replaceAll("\s+", ""): null

30-03-2025T17:12:35 - [TEST_STEP][PASSED] - poteri = poteri.replaceAll("\s+", ""): null

30-03-2025T17:12:35 - [TEST_STEP][PASSED] - typeOfData = typeOfDataMain + " Отпуск в сеть": null

30-03-2025T17:12:35 - [TEST_STEP][PASSED] - if (a == 82): null

30-03-2025T17:12:35 - [TEST_STEP][PASSED] - else if (a == 84): null

30-03-2025T17:12:35 - [TEST_STEP][PASSED] - else if (a == 83 || a == 52 || a == 72 || a == 28 || a == 73 || a == 77 || a == 74 || a == 65 || a == 36 || a == 44 || a == 53 || a == 80 || a == 54 || a == 1 || a == 18 || a == 59 || a == 81): null

30-03-2025T17:12:35 - [TEST_STEP][PASSED] - path = dataFolder + "Table Data/" + typeOfData + " за отчётный период " + dzoNum: null

30-03-2025T17:12:35 - [TEST_STEP][PASSED] - println(path): null

30-03-2025T17:12:35 - [TEST_STEP][PASSED] - page = getText(findTestObject(path)): Text of object 'Object Repository/Выполнение бизнес-плана/Значения со страницы Выполнение бизнес-плана/Table Data/Факт Отпуск в сеть за отчётный период 4' is: '3 276 892'

30-03-2025T17:12:35 - [MESSAGE][PASSED] - Text of object 'Object Repository/Выполнение бизнес-плана/Значения со страницы Выполнение бизнес-плана/Table Data/Факт Отпуск в сеть за отчётный период 4' is: '3 276 892'

30-03-2025T17:12:35 - [TEST_STEP][PASSED] - if (page == "" || page == null): null

30-03-2025T17:12:35 - [TEST_STEP][PASSED] - else: null

30-03-2025T17:12:35 - [TEST_STEP][PASSED] - page = page.replaceAll("\s+", ""): null

30-03-2025T17:12:35 - [TEST_STEP][PASSED] - if (page == "undefined"): null

30-03-2025T17:12:35 - [TEST_STEP][PASSED] - fileOtpuskVSet = otpusk.toInteger(): null

30-03-2025T17:12:35 - [TEST_STEP][PASSED] - pageOtpuskVSet = page.toInteger(): null

30-03-2025T17:12:35 - [TEST_STEP][PASSED] - typeOfData = typeOfDataMain + " Потери": null

30-03-2025T17:12:35 - [TEST_STEP][PASSED] - if (a == 82): null

30-03-2025T17:12:35 - [TEST_STEP][PASSED] - else if (a == 84): null

30-03-2025T17:12:35 - [TEST_STEP][PASSED] - else if (a == 83 || a == 52 || a == 72 || a == 28 || a == 73 || a == 77 || a == 74 || a == 65 || a == 44 || a == 53 || a == 80 || a == 54 || a == 1 || a == 18 || a == 59 || a == 81): null

30-03-2025T17:12:35 - [TEST_STEP][PASSED] - else: null

30-03-2025T17:12:35 - [TEST_STEP][PASSED] - path = dataFolder + typeOfData + " за отчётный период " + b: null

30-03-2025T17:12:35 - [TEST_STEP][FAILED] - page = getText(findTestObject(path)): Unable to get text of object 'Object Repository/Выполнение бизнес-плана/Значения со страницы Выполнение бизнес-плана/Факт Потери за отчётный период Россети Северо-Запад' (Root cause: com.kms.katalon.core.exception.StepFailedException: Unable to get text of object 'Object Repository/Выполнение бизнес-плана/Значения со страницы Выполнение бизнес-плана/Факт Потери за отчётный период Россети Северо-Запад'
	at com.kms.katalon.core.webui.keyword.internal.WebUIKeywordMain.stepFailed(WebUIKeywordMain.groovy:64)
	at com.kms.katalon.core.webui.keyword.internal.WebUIKeywordMain.runKeyword(WebUIKeywordMain.groovy:26)
	at com.kms.katalon.core.webui.keyword.builtin.GetTextKeyword.getText(GetTextKeyword.groovy:88)
	at com.kms.katalon.core.webui.keyword.builtin.GetTextKeyword.execute(GetTextKeyword.groovy:67)
	at com.kms.katalon.core.keyword.internal.KeywordExecutor.executeKeywordForPlatform(KeywordExecutor.groovy:74)
	at com.kms.katalon.core.webui.keyword.WebUiBuiltInKeywords.getText(WebUiBuiltInKeywords.groovy:957)
	at Выполнение бизнес-плана Сверка ПАО Россети все филиалы.Numbers(Выполнение бизнес-плана Сверка ПАО Россети все филиалы:594)
	at Выполнение бизнес-плана Сверка ПАО Россети все филиалы.run(Выполнение бизнес-плана Сверка ПАО Россети все филиалы:301)
	at com.kms.katalon.core.main.ScriptEngine.run(ScriptEngine.java:194)
	at com.kms.katalon.core.main.ScriptEngine.runScriptAsRawText(ScriptEngine.java:119)
	at com.kms.katalon.core.main.TestCaseExecutor.runScript(TestCaseExecutor.java:448)
	at com.kms.katalon.core.main.TestCaseExecutor.doExecute(TestCaseExecutor.java:439)
	at com.kms.katalon.core.main.TestCaseExecutor.processExecutionPhase(TestCaseExecutor.java:418)
	at com.kms.katalon.core.main.TestCaseExecutor.accessMainPhase(TestCaseExecutor.java:410)
	at com.kms.katalon.core.main.TestCaseExecutor.execute(TestCaseExecutor.java:285)
	at com.kms.katalon.core.common.CommonExecutor.accessTestCaseMainPhase(CommonExecutor.java:65)
	at com.kms.katalon.core.main.TestSuiteExecutor.accessTestSuiteMainPhase(TestSuiteExecutor.java:150)
	at com.kms.katalon.core.main.TestSuiteExecutor.execute(TestSuiteExecutor.java:106)
	at com.kms.katalon.core.main.TestCaseMain.startTestSuite(TestCaseMain.java:180)
	at TempTestSuite1743336560690.run(TempTestSuite1743336560690.groovy:35)
	at java.base/jdk.internal.reflect.NativeMethodAccessorImpl.invoke0(Native Method)
	at java.base/jdk.internal.reflect.NativeMethodAccessorImpl.invoke(NativeMethodAccessorImpl.java:77)
	at java.base/jdk.internal.reflect.DelegatingMethodAccessorImpl.invoke(DelegatingMethodAccessorImpl.java:43)
Caused by: com.kms.katalon.core.webui.exception.WebElementNotFoundException: Web element with id: 'Object Repository/Выполнение бизнес-плана/Значения со страницы Выполнение бизнес-плана/Факт Потери за отчётный период Россети Северо-Запад' located by '//div[158]/div[2]/div/div/table/tbody/tr[3]/td[9]' not found
	at com.kms.katalon.core.webui.common.WebUiCommonHelper.findWebElement(WebUiCommonHelper.java:1426)
	at com.kms.katalon.core.webui.keyword.internal.WebUIAbstractKeyword.findWebElement(WebUIAbstractKeyword.groovy:27)
	at com.kms.katalon.core.webui.keyword.internal.WebUIAbstractKeyword.findWebElement(WebUIAbstractKeyword.groovy:26)
	at com.kms.katalon.core.webui.keyword.builtin.GetTextKeyword$_getText_closure1.doCall(GetTextKeyword.groovy:78)
	at com.kms.katalon.core.webui.keyword.builtin.GetTextKeyword$_getText_closure1.call(GetTextKeyword.groovy)
	at com.kms.katalon.core.webui.keyword.internal.WebUIKeywordMain.runKeyword(WebUIKeywordMain.groovy:20)
	at com.kms.katalon.core.webui.keyword.builtin.GetTextKeyword.getText(GetTextKeyword.groovy:88)
	at com.kms.katalon.core.webui.keyword.builtin.GetTextKeyword.execute(GetTextKeyword.groovy:67)
	at com.kms.katalon.core.keyword.internal.KeywordExecutor.executeKeywordForPlatform(KeywordExecutor.groovy:74)
	at com.kms.katalon.core.webui.keyword.WebUiBuiltInKeywords.getText(WebUiBuiltInKeywords.groovy:957)
	at Script1718980020443.Numbers(Script1718980020443.groovy:594)
	at Script1718980020443.run(Script1718980020443.groovy:301)
	... 15 more
)

30-03-2025T17:13:06 - [MESSAGE][INFO] - Unable to find the element located by 'By.xpath: //div[158]/div[2]/div/div/table/tbody/tr[3]/td[9]'. Please recheck the objects properties to make sure the desired element is located. 

30-03-2025T17:13:06 - [MESSAGE][FAILED] - Unable to get text of object 'Object Repository/Выполнение бизнес-плана/Значения со страницы Выполнение бизнес-плана/Факт Потери за отчётный период Россети Северо-Запад' (Root cause: com.kms.katalon.core.exception.StepFailedException: Unable to get text of object 'Object Repository/Выполнение бизнес-плана/Значения со страницы Выполнение бизнес-плана/Факт Потери за отчётный период Россети Северо-Запад'
	at com.kms.katalon.core.webui.keyword.internal.WebUIKeywordMain.stepFailed(WebUIKeywordMain.groovy:64)
	at com.kms.katalon.core.webui.keyword.internal.WebUIKeywordMain.runKeyword(WebUIKeywordMain.groovy:26)
	at com.kms.katalon.core.webui.keyword.builtin.GetTextKeyword.getText(GetTextKeyword.groovy:88)
	at com.kms.katalon.core.webui.keyword.builtin.GetTextKeyword.execute(GetTextKeyword.groovy:67)
	at com.kms.katalon.core.keyword.internal.KeywordExecutor.executeKeywordForPlatform(KeywordExecutor.groovy:74)
	at com.kms.katalon.core.webui.keyword.WebUiBuiltInKeywords.getText(WebUiBuiltInKeywords.groovy:957)
	at Выполнение бизнес-плана Сверка ПАО Россети все филиалы.Numbers(Выполнение бизнес-плана Сверка ПАО Россети все филиалы:594)
	at Выполнение бизнес-плана Сверка ПАО Россети все филиалы.run(Выполнение бизнес-плана Сверка ПАО Россети все филиалы:301)
	at com.kms.katalon.core.main.ScriptEngine.run(ScriptEngine.java:194)
	at com.kms.katalon.core.main.ScriptEngine.runScriptAsRawText(ScriptEngine.java:119)
	at com.kms.katalon.core.main.TestCaseExecutor.runScript(TestCaseExecutor.java:448)
	at com.kms.katalon.core.main.TestCaseExecutor.doExecute(TestCaseExecutor.java:439)
	at com.kms.katalon.core.main.TestCaseExecutor.processExecutionPhase(TestCaseExecutor.java:418)
	at com.kms.katalon.core.main.TestCaseExecutor.accessMainPhase(TestCaseExecutor.java:410)
	at com.kms.katalon.core.main.TestCaseExecutor.execute(TestCaseExecutor.java:285)
	at com.kms.katalon.core.common.CommonExecutor.accessTestCaseMainPhase(CommonExecutor.java:65)
	at com.kms.katalon.core.main.TestSuiteExecutor.accessTestSuiteMainPhase(TestSuiteExecutor.java:150)
	at com.kms.katalon.core.main.TestSuiteExecutor.execute(TestSuiteExecutor.java:106)
	at com.kms.katalon.core.main.TestCaseMain.startTestSuite(TestCaseMain.java:180)
	at TempTestSuite1743336560690.run(TempTestSuite1743336560690.groovy:35)
	at java.base/jdk.internal.reflect.NativeMethodAccessorImpl.invoke0(Native Method)
	at java.base/jdk.internal.reflect.NativeMethodAccessorImpl.invoke(NativeMethodAccessorImpl.java:77)
	at java.base/jdk.internal.reflect.DelegatingMethodAccessorImpl.invoke(DelegatingMethodAccessorImpl.java:43)
Caused by: com.kms.katalon.core.webui.exception.WebElementNotFoundException: Web element with id: 'Object Repository/Выполнение бизнес-плана/Значения со страницы Выполнение бизнес-плана/Факт Потери за отчётный период Россети Северо-Запад' located by '//div[158]/div[2]/div/div/table/tbody/tr[3]/td[9]' not found
	at com.kms.katalon.core.webui.common.WebUiCommonHelper.findWebElement(WebUiCommonHelper.java:1426)
	at com.kms.katalon.core.webui.keyword.internal.WebUIAbstractKeyword.findWebElement(WebUIAbstractKeyword.groovy:27)
	at com.kms.katalon.core.webui.keyword.internal.WebUIAbstractKeyword.findWebElement(WebUIAbstractKeyword.groovy:26)
	at com.kms.katalon.core.webui.keyword.builtin.GetTextKeyword$_getText_closure1.doCall(GetTextKeyword.groovy:78)
	at com.kms.katalon.core.webui.keyword.builtin.GetTextKeyword$_getText_closure1.call(GetTextKeyword.groovy)
	at com.kms.katalon.core.webui.keyword.internal.WebUIKeywordMain.runKeyword(WebUIKeywordMain.groovy:20)
	at com.kms.katalon.core.webui.keyword.builtin.GetTextKeyword.getText(GetTextKeyword.groovy:88)
	at com.kms.katalon.core.webui.keyword.builtin.GetTextKeyword.execute(GetTextKeyword.groovy:67)
	at com.kms.katalon.core.keyword.internal.KeywordExecutor.executeKeywordForPlatform(KeywordExecutor.groovy:74)
	at com.kms.katalon.core.webui.keyword.WebUiBuiltInKeywords.getText(WebUiBuiltInKeywords.groovy:957)
	at Script1718980020443.Numbers(Script1718980020443.groovy:594)
	at Script1718980020443.run(Script1718980020443.groovy:301)
	... 15 more
)
[[ATTACHMENT|C:\\Users\\LIAZGINA-DI\\git\\SPORU\\Reports\\20250330_150919\\\u041F\u043D-\u0421\u0440-\u041F\u0442\\\u0421\u0432\u0435\u0440\u043A\u0430 \u0434\u0430\u0448\u0431\u043E\u0440\u0434\u043E\u0432 \u0438\u0437 \u0440\u0430\u0437\u043D\u044B\u0445 \u0431\u043B\u043E\u043A\u043E\u0432\\20250330_150920\\1743343986831.png]]

30-03-2025T17:13:06 - [TEST_STEP][PASSED] - if (page == "" || page == null): null

30-03-2025T17:13:06 - [TEST_STEP][PASSED] - fileInt = poteri.toInteger(): null

30-03-2025T17:13:06 - [TEST_STEP][PASSED] - Script1718980020443.WriteToExcelNoData(a, typeOfData, todaysDate, fileInt, fileDouble, dZO): null

30-03-2025T17:13:06 - [TEST_STEP][PASSED] - sheetName = "Sheet1": null

30-03-2025T17:13:06 - [TEST_STEP][PASSED] - data = findTestData("PlanFact"): null

30-03-2025T17:13:06 - [TEST_STEP][PASSED] - n = data.getRowNumbers() + 1: null

30-03-2025T17:13:06 - [TEST_STEP][PASSED] - day = ")).toInteger(): null

30-03-2025T17:13:06 - [TEST_STEP][PASSED] - println(day): null

30-03-2025T17:13:06 - [TEST_STEP][PASSED] - month = ")).toInteger(): null

30-03-2025T17:13:06 - [TEST_STEP][PASSED] - println(month): null

30-03-2025T17:13:06 - [TEST_STEP][PASSED] - y = <not implemented yet for class: org.codehaus.groovy.ast.expr.EmptyExpression>: null

30-03-2025T17:13:06 - [TEST_STEP][PASSED] - iy = <not implemented yet for class: org.codehaus.groovy.ast.expr.EmptyExpression>: null

30-03-2025T17:13:06 - [TEST_STEP][PASSED] - m = getText(findTestObject("Выполнение бизнес-плана/Период")): Text of object 'Object Repository/Выполнение бизнес-плана/Период' is: 'Январь 2025 года'

30-03-2025T17:13:07 - [MESSAGE][PASSED] - Text of object 'Object Repository/Выполнение бизнес-плана/Период' is: 'Январь 2025 года'

30-03-2025T17:13:07 - [TEST_STEP][PASSED] - iy = m.indexOf("20"): null

30-03-2025T17:13:07 - [TEST_STEP][PASSED] - if (iy > -1): null

30-03-2025T17:13:07 - [TEST_STEP][PASSED] - y = substring(iy, iy + 4).toInteger(): null

30-03-2025T17:13:07 - [TEST_STEP][PASSED] - println(y): null

30-03-2025T17:13:07 - [TEST_STEP][PASSED] - if (toString().length() == 4): null

30-03-2025T17:13:07 - [TEST_STEP][PASSED] - m = m.substring(0, m.indexOf(y.toString())): null

30-03-2025T17:13:07 - [TEST_STEP][PASSED] - m = m.trim(): null

30-03-2025T17:13:07 - [TEST_STEP][PASSED] - if (m == ""): null

30-03-2025T17:13:07 - [TEST_STEP][PASSED] - dashboardName = "Выполнение бизнес-плана": null

30-03-2025T17:13:07 - [TEST_STEP][PASSED] - workbook01 = getWorkbook(excelFilePath): null

30-03-2025T17:13:07 - [TEST_STEP][PASSED] - sheet01 = getExcelSheet(workbook01, sheetName): null

30-03-2025T17:13:07 - [TEST_STEP][PASSED] - setValueToCellByIndex(sheet01, n, 0, dashboardName): null

30-03-2025T17:13:07 - [TEST_STEP][PASSED] - setValueToCellByIndex(sheet01, n, 1, dZO): null

30-03-2025T17:13:07 - [TEST_STEP][PASSED] - setValueToCellByIndex(sheet01, n, 2, typeOfData): null

30-03-2025T17:13:07 - [TEST_STEP][PASSED] - if (typeOfData == "Факт в процентах" || typeOfData == "План в процентах"): null

30-03-2025T17:13:07 - [TEST_STEP][PASSED] - else: null

30-03-2025T17:13:07 - [TEST_STEP][PASSED] - setValueToCellByIndex(sheet01, n, 3, fileInt): null

30-03-2025T17:13:07 - [TEST_STEP][PASSED] - setValueToCellByIndex(sheet01, n, 4, "нет данных"): null

30-03-2025T17:13:07 - [TEST_STEP][PASSED] - setValueToCellByIndex(sheet01, n, 5, m): null

30-03-2025T17:13:07 - [TEST_STEP][PASSED] - setValueToCellByIndex(sheet01, n, 6, y): null

30-03-2025T17:13:07 - [TEST_STEP][PASSED] - setValueToCellByIndex(sheet01, n, 7, todaysDate): null

30-03-2025T17:13:07 - [TEST_STEP][PASSED] - n = n + 1: null

30-03-2025T17:13:07 - [TEST_STEP][FAILED] - saveWorkbook(excelFilePath, workbook01): null

30-03-2025T17:13:07 - [TEST_STEP][PASSED] - compare = pageOtpuskVSet: null

30-03-2025T17:13:07 - [TEST_STEP][PASSED] - if (pageOtpuskVSet != null): null

30-03-2025T17:13:07 - [TEST_STEP][PASSED] - if (compare == fileOtpuskVSet): null

30-03-2025T17:13:07 - [TEST_STEP][PASSED] - if (compare == fileOtpuskVSet): null

30-03-2025T17:13:07 - [TEST_STEP][PASSED] - compare = pagePoteri: null

30-03-2025T17:13:07 - [TEST_STEP][PASSED] - if (pageOtpuskVSet != null): null

30-03-2025T17:13:07 - [TEST_STEP][PASSED] - if (compare == filePoteri): null

30-03-2025T17:13:07 - [TEST_STEP][PASSED] - if (compare == filePoteri): null

30-03-2025T17:13:07 - [TEST_STEP][PASSED] - if (planFact == 2): null

30-03-2025T17:13:07 - [TEST_STEP][PASSED] - if (planFact == 1): null

30-03-2025T17:13:07 - [TEST_STEP][PASSED] - else if (planFact == 2): null

30-03-2025T17:13:07 - [TEST_STEP][PASSED] - click(findTestObject("Выполнение бизнес-плана/Кнопка План")): Object: 'Object Repository/Выполнение бизнес-плана/Кнопка План' is clicked on

30-03-2025T17:13:07 - [MESSAGE][PASSED] - Object: 'Object Repository/Выполнение бизнес-плана/Кнопка План' is clicked on

30-03-2025T17:13:07 - [TEST_STEP][PASSED] - typeOfDataMain = "План": null

30-03-2025T17:13:07 - [TEST_STEP][PASSED] - otpusk = findTestData("PlanFact").getValue(2, a): null

30-03-2025T17:13:07 - [TEST_STEP][PASSED] - poteri = findTestData("PlanFact").getValue(3, a): null

30-03-2025T17:13:07 - [TEST_STEP][PASSED] - otpusk = otpusk.replaceAll("\s+", ""): null

30-03-2025T17:13:07 - [TEST_STEP][PASSED] - poteri = poteri.replaceAll("\s+", ""): null

30-03-2025T17:13:07 - [TEST_STEP][PASSED] - typeOfData = typeOfDataMain + " Отпуск в сеть": null

30-03-2025T17:13:07 - [TEST_STEP][PASSED] - if (a == 82): null

30-03-2025T17:13:07 - [TEST_STEP][PASSED] - else if (a == 84): null

30-03-2025T17:13:07 - [TEST_STEP][PASSED] - else if (a == 83 || a == 52 || a == 72 || a == 28 || a == 73 || a == 77 || a == 74 || a == 65 || a == 36 || a == 44 || a == 53 || a == 80 || a == 54 || a == 1 || a == 18 || a == 59 || a == 81): null

30-03-2025T17:13:07 - [TEST_STEP][PASSED] - path = dataFolder + "Table Data/" + typeOfData + " за отчётный период " + dzoNum: null

30-03-2025T17:13:07 - [TEST_STEP][PASSED] - println(path): null

30-03-2025T17:13:07 - [TEST_STEP][PASSED] - page = getText(findTestObject(path)): Text of object 'Object Repository/Выполнение бизнес-плана/Значения со страницы Выполнение бизнес-плана/Table Data/План Отпуск в сеть за отчётный период 4' is: '3 479 216'

30-03-2025T17:13:08 - [MESSAGE][PASSED] - Text of object 'Object Repository/Выполнение бизнес-плана/Значения со страницы Выполнение бизнес-плана/Table Data/План Отпуск в сеть за отчётный период 4' is: '3 479 216'

30-03-2025T17:13:08 - [TEST_STEP][PASSED] - if (page == "" || page == null): null

30-03-2025T17:13:08 - [TEST_STEP][PASSED] - else: null

30-03-2025T17:13:08 - [TEST_STEP][PASSED] - page = page.replaceAll("\s+", ""): null

30-03-2025T17:13:08 - [TEST_STEP][PASSED] - if (page == "undefined"): null

30-03-2025T17:13:08 - [TEST_STEP][PASSED] - fileOtpuskVSet = otpusk.toInteger(): null

30-03-2025T17:13:08 - [TEST_STEP][PASSED] - pageOtpuskVSet = page.toInteger(): null

30-03-2025T17:13:08 - [TEST_STEP][PASSED] - typeOfData = typeOfDataMain + " Потери": null

30-03-2025T17:13:08 - [TEST_STEP][PASSED] - if (a == 82): null

30-03-2025T17:13:08 - [TEST_STEP][PASSED] - else if (a == 84): null

30-03-2025T17:13:08 - [TEST_STEP][PASSED] - else if (a == 83 || a == 52 || a == 72 || a == 28 || a == 73 || a == 77 || a == 74 || a == 65 || a == 44 || a == 53 || a == 80 || a == 54 || a == 1 || a == 18 || a == 59 || a == 81): null

30-03-2025T17:13:08 - [TEST_STEP][PASSED] - else: null

30-03-2025T17:13:08 - [TEST_STEP][PASSED] - path = dataFolder + typeOfData + " за отчётный период " + b: null

30-03-2025T17:13:08 - [TEST_STEP][FAILED] - page = getText(findTestObject(path)): Unable to get text of object 'Object Repository/Выполнение бизнес-плана/Значения со страницы Выполнение бизнес-плана/План Потери за отчётный период Россети Северо-Запад' (Root cause: com.kms.katalon.core.exception.StepFailedException: Unable to get text of object 'Object Repository/Выполнение бизнес-плана/Значения со страницы Выполнение бизнес-плана/План Потери за отчётный период Россети Северо-Запад'
	at com.kms.katalon.core.webui.keyword.internal.WebUIKeywordMain.stepFailed(WebUIKeywordMain.groovy:64)
	at com.kms.katalon.core.webui.keyword.internal.WebUIKeywordMain.runKeyword(WebUIKeywordMain.groovy:26)
	at com.kms.katalon.core.webui.keyword.builtin.GetTextKeyword.getText(GetTextKeyword.groovy:88)
	at com.kms.katalon.core.webui.keyword.builtin.GetTextKeyword.execute(GetTextKeyword.groovy:67)
	at com.kms.katalon.core.keyword.internal.KeywordExecutor.executeKeywordForPlatform(KeywordExecutor.groovy:74)
	at com.kms.katalon.core.webui.keyword.WebUiBuiltInKeywords.getText(WebUiBuiltInKeywords.groovy:957)
	at Выполнение бизнес-плана Сверка ПАО Россети все филиалы.Numbers(Выполнение бизнес-плана Сверка ПАО Россети все филиалы:594)
	at Выполнение бизнес-плана Сверка ПАО Россети все филиалы.run(Выполнение бизнес-плана Сверка ПАО Россети все филиалы:301)
	at com.kms.katalon.core.main.ScriptEngine.run(ScriptEngine.java:194)
	at com.kms.katalon.core.main.ScriptEngine.runScriptAsRawText(ScriptEngine.java:119)
	at com.kms.katalon.core.main.TestCaseExecutor.runScript(TestCaseExecutor.java:448)
	at com.kms.katalon.core.main.TestCaseExecutor.doExecute(TestCaseExecutor.java:439)
	at com.kms.katalon.core.main.TestCaseExecutor.processExecutionPhase(TestCaseExecutor.java:418)
	at com.kms.katalon.core.main.TestCaseExecutor.accessMainPhase(TestCaseExecutor.java:410)
	at com.kms.katalon.core.main.TestCaseExecutor.execute(TestCaseExecutor.java:285)
	at com.kms.katalon.core.common.CommonExecutor.accessTestCaseMainPhase(CommonExecutor.java:65)
	at com.kms.katalon.core.main.TestSuiteExecutor.accessTestSuiteMainPhase(TestSuiteExecutor.java:150)
	at com.kms.katalon.core.main.TestSuiteExecutor.execute(TestSuiteExecutor.java:106)
	at com.kms.katalon.core.main.TestCaseMain.startTestSuite(TestCaseMain.java:180)
	at TempTestSuite1743336560690.run(TempTestSuite1743336560690.groovy:35)
	at java.base/jdk.internal.reflect.NativeMethodAccessorImpl.invoke0(Native Method)
	at java.base/jdk.internal.reflect.NativeMethodAccessorImpl.invoke(NativeMethodAccessorImpl.java:77)
	at java.base/jdk.internal.reflect.DelegatingMethodAccessorImpl.invoke(DelegatingMethodAccessorImpl.java:43)
Caused by: com.kms.katalon.core.webui.exception.WebElementNotFoundException: Web element with id: 'Object Repository/Выполнение бизнес-плана/Значения со страницы Выполнение бизнес-плана/План Потери за отчётный период Россети Северо-Запад' located by '//div[160]/div[2]/div/div/table/tbody/tr[3]/td[9]' not found
	at com.kms.katalon.core.webui.common.WebUiCommonHelper.findWebElement(WebUiCommonHelper.java:1426)
	at com.kms.katalon.core.webui.keyword.internal.WebUIAbstractKeyword.findWebElement(WebUIAbstractKeyword.groovy:27)
	at com.kms.katalon.core.webui.keyword.internal.WebUIAbstractKeyword.findWebElement(WebUIAbstractKeyword.groovy:26)
	at com.kms.katalon.core.webui.keyword.builtin.GetTextKeyword$_getText_closure1.doCall(GetTextKeyword.groovy:78)
	at com.kms.katalon.core.webui.keyword.builtin.GetTextKeyword$_getText_closure1.call(GetTextKeyword.groovy)
	at com.kms.katalon.core.webui.keyword.internal.WebUIKeywordMain.runKeyword(WebUIKeywordMain.groovy:20)
	at com.kms.katalon.core.webui.keyword.builtin.GetTextKeyword.getText(GetTextKeyword.groovy:88)
	at com.kms.katalon.core.webui.keyword.builtin.GetTextKeyword.execute(GetTextKeyword.groovy:67)
	at com.kms.katalon.core.keyword.internal.KeywordExecutor.executeKeywordForPlatform(KeywordExecutor.groovy:74)
	at com.kms.katalon.core.webui.keyword.WebUiBuiltInKeywords.getText(WebUiBuiltInKeywords.groovy:957)
	at Script1718980020443.Numbers(Script1718980020443.groovy:594)
	at Script1718980020443.run(Script1718980020443.groovy:301)
	... 15 more
)

30-03-2025T17:13:39 - [MESSAGE][INFO] - Unable to find the element located by 'By.xpath: //div[160]/div[2]/div/div/table/tbody/tr[3]/td[9]'. Please recheck the objects properties to make sure the desired element is located. 

30-03-2025T17:13:39 - [MESSAGE][FAILED] - Unable to get text of object 'Object Repository/Выполнение бизнес-плана/Значения со страницы Выполнение бизнес-плана/План Потери за отчётный период Россети Северо-Запад' (Root cause: com.kms.katalon.core.exception.StepFailedException: Unable to get text of object 'Object Repository/Выполнение бизнес-плана/Значения со страницы Выполнение бизнес-плана/План Потери за отчётный период Россети Северо-Запад'
	at com.kms.katalon.core.webui.keyword.internal.WebUIKeywordMain.stepFailed(WebUIKeywordMain.groovy:64)
	at com.kms.katalon.core.webui.keyword.internal.WebUIKeywordMain.runKeyword(WebUIKeywordMain.groovy:26)
	at com.kms.katalon.core.webui.keyword.builtin.GetTextKeyword.getText(GetTextKeyword.groovy:88)
	at com.kms.katalon.core.webui.keyword.builtin.GetTextKeyword.execute(GetTextKeyword.groovy:67)
	at com.kms.katalon.core.keyword.internal.KeywordExecutor.executeKeywordForPlatform(KeywordExecutor.groovy:74)
	at com.kms.katalon.core.webui.keyword.WebUiBuiltInKeywords.getText(WebUiBuiltInKeywords.groovy:957)
	at Выполнение бизнес-плана Сверка ПАО Россети все филиалы.Numbers(Выполнение бизнес-плана Сверка ПАО Россети все филиалы:594)
	at Выполнение бизнес-плана Сверка ПАО Россети все филиалы.run(Выполнение бизнес-плана Сверка ПАО Россети все филиалы:301)
	at com.kms.katalon.core.main.ScriptEngine.run(ScriptEngine.java:194)
	at com.kms.katalon.core.main.ScriptEngine.runScriptAsRawText(ScriptEngine.java:119)
	at com.kms.katalon.core.main.TestCaseExecutor.runScript(TestCaseExecutor.java:448)
	at com.kms.katalon.core.main.TestCaseExecutor.doExecute(TestCaseExecutor.java:439)
	at com.kms.katalon.core.main.TestCaseExecutor.processExecutionPhase(TestCaseExecutor.java:418)
	at com.kms.katalon.core.main.TestCaseExecutor.accessMainPhase(TestCaseExecutor.java:410)
	at com.kms.katalon.core.main.TestCaseExecutor.execute(TestCaseExecutor.java:285)
	at com.kms.katalon.core.common.CommonExecutor.accessTestCaseMainPhase(CommonExecutor.java:65)
	at com.kms.katalon.core.main.TestSuiteExecutor.accessTestSuiteMainPhase(TestSuiteExecutor.java:150)
	at com.kms.katalon.core.main.TestSuiteExecutor.execute(TestSuiteExecutor.java:106)
	at com.kms.katalon.core.main.TestCaseMain.startTestSuite(TestCaseMain.java:180)
	at TempTestSuite1743336560690.run(TempTestSuite1743336560690.groovy:35)
	at java.base/jdk.internal.reflect.NativeMethodAccessorImpl.invoke0(Native Method)
	at java.base/jdk.internal.reflect.NativeMethodAccessorImpl.invoke(NativeMethodAccessorImpl.java:77)
	at java.base/jdk.internal.reflect.DelegatingMethodAccessorImpl.invoke(DelegatingMethodAccessorImpl.java:43)
Caused by: com.kms.katalon.core.webui.exception.WebElementNotFoundException: Web element with id: 'Object Repository/Выполнение бизнес-плана/Значения со страницы Выполнение бизнес-плана/План Потери за отчётный период Россети Северо-Запад' located by '//div[160]/div[2]/div/div/table/tbody/tr[3]/td[9]' not found
	at com.kms.katalon.core.webui.common.WebUiCommonHelper.findWebElement(WebUiCommonHelper.java:1426)
	at com.kms.katalon.core.webui.keyword.internal.WebUIAbstractKeyword.findWebElement(WebUIAbstractKeyword.groovy:27)
	at com.kms.katalon.core.webui.keyword.internal.WebUIAbstractKeyword.findWebElement(WebUIAbstractKeyword.groovy:26)
	at com.kms.katalon.core.webui.keyword.builtin.GetTextKeyword$_getText_closure1.doCall(GetTextKeyword.groovy:78)
	at com.kms.katalon.core.webui.keyword.builtin.GetTextKeyword$_getText_closure1.call(GetTextKeyword.groovy)
	at com.kms.katalon.core.webui.keyword.internal.WebUIKeywordMain.runKeyword(WebUIKeywordMain.groovy:20)
	at com.kms.katalon.core.webui.keyword.builtin.GetTextKeyword.getText(GetTextKeyword.groovy:88)
	at com.kms.katalon.core.webui.keyword.builtin.GetTextKeyword.execute(GetTextKeyword.groovy:67)
	at com.kms.katalon.core.keyword.internal.KeywordExecutor.executeKeywordForPlatform(KeywordExecutor.groovy:74)
	at com.kms.katalon.core.webui.keyword.WebUiBuiltInKeywords.getText(WebUiBuiltInKeywords.groovy:957)
	at Script1718980020443.Numbers(Script1718980020443.groovy:594)
	at Script1718980020443.run(Script1718980020443.groovy:301)
	... 15 more
)
[[ATTACHMENT|C:\\Users\\LIAZGINA-DI\\git\\SPORU\\Reports\\20250330_150919\\\u041F\u043D-\u0421\u0440-\u041F\u0442\\\u0421\u0432\u0435\u0440\u043A\u0430 \u0434\u0430\u0448\u0431\u043E\u0440\u0434\u043E\u0432 \u0438\u0437 \u0440\u0430\u0437\u043D\u044B\u0445 \u0431\u043B\u043E\u043A\u043E\u0432\\20250330_150920\\1743344019376.png]]

30-03-2025T17:13:39 - [TEST_STEP][PASSED] - if (page == "" || page == null): null

30-03-2025T17:13:39 - [TEST_STEP][PASSED] - fileInt = poteri.toInteger(): null

30-03-2025T17:13:39 - [TEST_STEP][PASSED] - Script1718980020443.WriteToExcelNoData(a, typeOfData, todaysDate, fileInt, fileDouble, dZO): null

30-03-2025T17:13:39 - [TEST_STEP][PASSED] - sheetName = "Sheet1": null

30-03-2025T17:13:39 - [TEST_STEP][PASSED] - data = findTestData("PlanFact"): null

30-03-2025T17:13:39 - [TEST_STEP][PASSED] - n = data.getRowNumbers() + 1: null

30-03-2025T17:13:39 - [TEST_STEP][PASSED] - day = ")).toInteger(): null

30-03-2025T17:13:39 - [TEST_STEP][PASSED] - println(day): null

30-03-2025T17:13:39 - [TEST_STEP][PASSED] - month = ")).toInteger(): null

30-03-2025T17:13:39 - [TEST_STEP][PASSED] - println(month): null

30-03-2025T17:13:39 - [TEST_STEP][PASSED] - y = <not implemented yet for class: org.codehaus.groovy.ast.expr.EmptyExpression>: null

30-03-2025T17:13:39 - [TEST_STEP][PASSED] - iy = <not implemented yet for class: org.codehaus.groovy.ast.expr.EmptyExpression>: null

30-03-2025T17:13:39 - [TEST_STEP][PASSED] - m = getText(findTestObject("Выполнение бизнес-плана/Период")): Text of object 'Object Repository/Выполнение бизнес-плана/Период' is: 'Январь 2025 года'

30-03-2025T17:13:39 - [MESSAGE][PASSED] - Text of object 'Object Repository/Выполнение бизнес-плана/Период' is: 'Январь 2025 года'

30-03-2025T17:13:39 - [TEST_STEP][PASSED] - iy = m.indexOf("20"): null

30-03-2025T17:13:39 - [TEST_STEP][PASSED] - if (iy > -1): null

30-03-2025T17:13:39 - [TEST_STEP][PASSED] - y = substring(iy, iy + 4).toInteger(): null

30-03-2025T17:13:39 - [TEST_STEP][PASSED] - println(y): null

30-03-2025T17:13:39 - [TEST_STEP][PASSED] - if (toString().length() == 4): null

30-03-2025T17:13:39 - [TEST_STEP][PASSED] - m = m.substring(0, m.indexOf(y.toString())): null

30-03-2025T17:13:39 - [TEST_STEP][PASSED] - m = m.trim(): null

30-03-2025T17:13:39 - [TEST_STEP][PASSED] - if (m == ""): null

30-03-2025T17:13:39 - [TEST_STEP][PASSED] - dashboardName = "Выполнение бизнес-плана": null

30-03-2025T17:13:39 - [TEST_STEP][PASSED] - workbook01 = getWorkbook(excelFilePath): null

30-03-2025T17:13:39 - [TEST_STEP][PASSED] - sheet01 = getExcelSheet(workbook01, sheetName): null

30-03-2025T17:13:39 - [TEST_STEP][PASSED] - setValueToCellByIndex(sheet01, n, 0, dashboardName): null

30-03-2025T17:13:39 - [TEST_STEP][PASSED] - setValueToCellByIndex(sheet01, n, 1, dZO): null

30-03-2025T17:13:39 - [TEST_STEP][PASSED] - setValueToCellByIndex(sheet01, n, 2, typeOfData): null

30-03-2025T17:13:39 - [TEST_STEP][PASSED] - if (typeOfData == "Факт в процентах" || typeOfData == "План в процентах"): null

30-03-2025T17:13:39 - [TEST_STEP][PASSED] - else: null

30-03-2025T17:13:39 - [TEST_STEP][PASSED] - setValueToCellByIndex(sheet01, n, 3, fileInt): null

30-03-2025T17:13:39 - [TEST_STEP][PASSED] - setValueToCellByIndex(sheet01, n, 4, "нет данных"): null

30-03-2025T17:13:39 - [TEST_STEP][PASSED] - setValueToCellByIndex(sheet01, n, 5, m): null

30-03-2025T17:13:39 - [TEST_STEP][PASSED] - setValueToCellByIndex(sheet01, n, 6, y): null

30-03-2025T17:13:39 - [TEST_STEP][PASSED] - setValueToCellByIndex(sheet01, n, 7, todaysDate): null

30-03-2025T17:13:39 - [TEST_STEP][PASSED] - n = n + 1: null

30-03-2025T17:13:39 - [TEST_STEP][PASSED] - saveWorkbook(excelFilePath, workbook01): Object: 'Object Repository/Выполнение бизнес-плана/Кнопка Факт' is clicked on

30-03-2025T17:13:40 - [TEST_STEP][PASSED] - compare = pageOtpuskVSet: null

30-03-2025T17:13:40 - [TEST_STEP][PASSED] - if (pageOtpuskVSet != null): null

30-03-2025T17:13:40 - [TEST_STEP][PASSED] - if (compare == fileOtpuskVSet): null

30-03-2025T17:13:40 - [TEST_STEP][PASSED] - if (compare == fileOtpuskVSet): null

30-03-2025T17:13:40 - [TEST_STEP][PASSED] - compare = pagePoteri: null

30-03-2025T17:13:40 - [TEST_STEP][PASSED] - if (pageOtpuskVSet != null): null

30-03-2025T17:13:40 - [TEST_STEP][PASSED] - if (compare == filePoteri): null

30-03-2025T17:13:40 - [TEST_STEP][PASSED] - if (compare == filePoteri): null

30-03-2025T17:13:40 - [TEST_STEP][PASSED] - if (planFact == 2): Object: 'Object Repository/Выполнение бизнес-плана/Кнопка Факт' is clicked on

30-03-2025T17:13:40 - [TEST_STEP][PASSED] - click(findTestObject("Выполнение бизнес-плана/Кнопка Факт")): Object: 'Object Repository/Выполнение бизнес-плана/Кнопка Факт' is clicked on

30-03-2025T17:13:40 - [MESSAGE][PASSED] - Object: 'Object Repository/Выполнение бизнес-плана/Кнопка Факт' is clicked on

30-03-2025T17:13:40 - [TEST_STEP][PASSED] - println("a=" + a): null

30-03-2025T17:13:40 - [TEST_STEP][PASSED] - if (a == 84 || a == 82): null

30-03-2025T17:13:40 - [TEST_STEP][PASSED] - else if (a == 83 || a == 52 || a == 72 || a == 28 || a == 73 || a == 77 || a == 74 || a == 65 || a == 36 || a == 44 || a == 53 || a == 80 || a == 54 || a == 1 || a == 18 || a == 59 || a == 81): null

30-03-2025T17:13:40 - [TEST_STEP][PASSED] - page1 = getText(findTestObject("Object Repository/Выполнение бизнес-плана/spanPlan" + dzoNum)): Text of object 'Object Repository/Выполнение бизнес-плана/spanPlan4' is: '7.61
|'

30-03-2025T17:13:40 - [MESSAGE][PASSED] - Text of object 'Object Repository/Выполнение бизнес-плана/spanPlan4' is: '7.61
|'

30-03-2025T17:13:40 - [TEST_STEP][PASSED] - page1 = page1.replace("|", ""): null

30-03-2025T17:13:40 - [TEST_STEP][PASSED] - page2 = getText(findTestObject("Object Repository/Выполнение бизнес-плана/spanFact" + dzoNum)): Text of object 'Object Repository/Выполнение бизнес-плана/spanFact4' is: '5.12'

30-03-2025T17:13:40 - [MESSAGE][PASSED] - Text of object 'Object Repository/Выполнение бизнес-плана/spanFact4' is: '5.12'

30-03-2025T17:13:40 - [TEST_STEP][PASSED] - page2 = page2.replace("|", ""): null

30-03-2025T17:13:40 - [TEST_STEP][PASSED] - println("page1: " + page1): null

30-03-2025T17:13:40 - [TEST_STEP][PASSED] - println("page2: " + page2): null

30-03-2025T17:13:40 - [TEST_STEP][PASSED] - file = findTestData("PlanFact").getValue(4, a): null

30-03-2025T17:13:40 - [TEST_STEP][PASSED] - file = file.replace(",", "."): null

30-03-2025T17:13:40 - [TEST_STEP][PASSED] - println("file Plan: " + file): null

30-03-2025T17:13:40 - [TEST_STEP][PASSED] - typeOfData = "План в процентах": null

30-03-2025T17:13:40 - [TEST_STEP][PASSED] - fileDouble = file.toDouble(): null

30-03-2025T17:13:40 - [TEST_STEP][PASSED] - pageDouble = page1.toDouble(): null

30-03-2025T17:13:40 - [TEST_STEP][PASSED] - if (fileDouble != pageDouble): null

30-03-2025T17:13:40 - [TEST_STEP][PASSED] - file = findTestData("PlanFact").getValue(7, a): null

30-03-2025T17:13:41 - [TEST_STEP][PASSED] - file = file.replace(",", "."): null

30-03-2025T17:13:41 - [TEST_STEP][PASSED] - println("file Fact: " + file): null

30-03-2025T17:13:41 - [TEST_STEP][PASSED] - fileDouble = file.toDouble(): null

30-03-2025T17:13:41 - [TEST_STEP][PASSED] - typeOfData = "Факт в процентах": null

30-03-2025T17:13:41 - [TEST_STEP][PASSED] - fileDouble = file.toDouble(): null

30-03-2025T17:13:41 - [TEST_STEP][PASSED] - pageDouble = page2.toDouble(): null

30-03-2025T17:13:41 - [TEST_STEP][PASSED] - if (fileDouble != pageDouble): null

30-03-2025T17:13:41 - [TEST_STEP][PASSED] - if (verifyEqual(numberOfErrors, 0) == false): Actual object '0' and expected object '0' are equal

30-03-2025T17:13:41 - [MESSAGE][PASSED] - Actual object '0' and expected object '0' are equal

30-03-2025T17:13:41 - [TEST_STEP][PASSED] - if (a == 82): null

30-03-2025T17:13:41 - [TEST_STEP][PASSED] - println(dzoNum): null

30-03-2025T17:13:41 - [TEST_STEP][PASSED] - dZO = "Россети Сибирь": null

30-03-2025T17:13:41 - [TEST_STEP][PASSED] - a = 44: null

30-03-2025T17:13:41 - [TEST_STEP][PASSED] - if (x1.contains("Сибирь")): null

30-03-2025T17:13:41 - [TEST_STEP][PASSED] - else: null

30-03-2025T17:13:41 - [TEST_STEP][PASSED] - Script1718980020443.NoData(a, typeOfData, todaysDate, fileInt, fileDouble, dZO): null

30-03-2025T17:13:41 - [TEST_STEP][PASSED] - println(a): null

30-03-2025T17:13:41 - [TEST_STEP][PASSED] - println(todaysDate): null

30-03-2025T17:13:41 - [TEST_STEP][PASSED] - println(fileInt): null

30-03-2025T17:13:41 - [TEST_STEP][PASSED] - println(fileDouble): null

30-03-2025T17:13:41 - [TEST_STEP][PASSED] - println(dZO): null

30-03-2025T17:13:41 - [TEST_STEP][PASSED] - typeOfData = "Факт Отпуск в сеть": null

30-03-2025T17:13:41 - [TEST_STEP][PASSED] - fileInt = replaceAll("\s+", "").toInteger(): null

30-03-2025T17:13:41 - [TEST_STEP][PASSED] - Script1718980020443.WriteToExcelNoData(a, typeOfData, todaysDate, fileInt, fileDouble, dZO): null

30-03-2025T17:13:41 - [TEST_STEP][PASSED] - sheetName = "Sheet1": null

30-03-2025T17:13:41 - [TEST_STEP][PASSED] - data = findTestData("PlanFact"): null

30-03-2025T17:13:41 - [TEST_STEP][PASSED] - n = data.getRowNumbers() + 1: null

30-03-2025T17:13:41 - [TEST_STEP][PASSED] - day = ")).toInteger(): null

30-03-2025T17:13:41 - [TEST_STEP][PASSED] - println(day): null

30-03-2025T17:13:41 - [TEST_STEP][PASSED] - month = ")).toInteger(): null

30-03-2025T17:13:41 - [TEST_STEP][PASSED] - println(month): null

30-03-2025T17:13:41 - [TEST_STEP][PASSED] - y = <not implemented yet for class: org.codehaus.groovy.ast.expr.EmptyExpression>: null

30-03-2025T17:13:41 - [TEST_STEP][PASSED] - iy = <not implemented yet for class: org.codehaus.groovy.ast.expr.EmptyExpression>: null

30-03-2025T17:13:41 - [TEST_STEP][PASSED] - m = getText(findTestObject("Выполнение бизнес-плана/Период")): Text of object 'Object Repository/Выполнение бизнес-плана/Период' is: 'Январь 2025 года'

30-03-2025T17:13:41 - [MESSAGE][PASSED] - Text of object 'Object Repository/Выполнение бизнес-плана/Период' is: 'Январь 2025 года'

30-03-2025T17:13:41 - [TEST_STEP][PASSED] - iy = m.indexOf("20"): null

30-03-2025T17:13:41 - [TEST_STEP][PASSED] - if (iy > -1): null

30-03-2025T17:13:41 - [TEST_STEP][PASSED] - y = substring(iy, iy + 4).toInteger(): null

30-03-2025T17:13:41 - [TEST_STEP][PASSED] - println(y): null

30-03-2025T17:13:41 - [TEST_STEP][PASSED] - if (toString().length() == 4): null

30-03-2025T17:13:41 - [TEST_STEP][PASSED] - m = m.substring(0, m.indexOf(y.toString())): null

30-03-2025T17:13:41 - [TEST_STEP][PASSED] - m = m.trim(): null

30-03-2025T17:13:41 - [TEST_STEP][PASSED] - if (m == ""): null

30-03-2025T17:13:41 - [TEST_STEP][PASSED] - dashboardName = "Выполнение бизнес-плана": null

30-03-2025T17:13:41 - [TEST_STEP][PASSED] - workbook01 = getWorkbook(excelFilePath): null

30-03-2025T17:13:41 - [TEST_STEP][PASSED] - sheet01 = getExcelSheet(workbook01, sheetName): null

30-03-2025T17:13:41 - [TEST_STEP][PASSED] - setValueToCellByIndex(sheet01, n, 0, dashboardName): null

30-03-2025T17:13:41 - [TEST_STEP][PASSED] - setValueToCellByIndex(sheet01, n, 1, dZO): null

30-03-2025T17:13:41 - [TEST_STEP][PASSED] - setValueToCellByIndex(sheet01, n, 2, typeOfData): null

30-03-2025T17:13:41 - [TEST_STEP][PASSED] - if (typeOfData == "Факт в процентах" || typeOfData == "План в процентах"): null

30-03-2025T17:13:41 - [TEST_STEP][PASSED] - else: null

30-03-2025T17:13:41 - [TEST_STEP][PASSED] - setValueToCellByIndex(sheet01, n, 3, fileInt): null

30-03-2025T17:13:41 - [TEST_STEP][PASSED] - setValueToCellByIndex(sheet01, n, 4, "нет данных"): null

30-03-2025T17:13:41 - [TEST_STEP][PASSED] - setValueToCellByIndex(sheet01, n, 5, m): null

30-03-2025T17:13:41 - [TEST_STEP][PASSED] - setValueToCellByIndex(sheet01, n, 6, y): null

30-03-2025T17:13:41 - [TEST_STEP][PASSED] - setValueToCellByIndex(sheet01, n, 7, todaysDate): null

30-03-2025T17:13:41 - [TEST_STEP][PASSED] - n = n + 1: null

30-03-2025T17:13:41 - [TEST_STEP][PASSED] - saveWorkbook(excelFilePath, workbook01): null

30-03-2025T17:13:41 - [TEST_STEP][PASSED] - typeOfData = "Факт Потери": null

30-03-2025T17:13:41 - [TEST_STEP][PASSED] - fileInt = replaceAll("\s+", "").toInteger(): null

30-03-2025T17:13:41 - [TEST_STEP][PASSED] - Script1718980020443.WriteToExcelNoData(a, typeOfData, todaysDate, fileInt, fileDouble, dZO): null

30-03-2025T17:13:41 - [TEST_STEP][PASSED] - sheetName = "Sheet1": null

30-03-2025T17:13:41 - [TEST_STEP][PASSED] - data = findTestData("PlanFact"): null

30-03-2025T17:13:41 - [TEST_STEP][PASSED] - n = data.getRowNumbers() + 1: null

30-03-2025T17:13:41 - [TEST_STEP][PASSED] - day = ")).toInteger(): null

30-03-2025T17:13:41 - [TEST_STEP][PASSED] - println(day): null

30-03-2025T17:13:41 - [TEST_STEP][PASSED] - month = ")).toInteger(): null

30-03-2025T17:13:41 - [TEST_STEP][PASSED] - println(month): null

30-03-2025T17:13:41 - [TEST_STEP][PASSED] - y = <not implemented yet for class: org.codehaus.groovy.ast.expr.EmptyExpression>: null

30-03-2025T17:13:41 - [TEST_STEP][PASSED] - iy = <not implemented yet for class: org.codehaus.groovy.ast.expr.EmptyExpression>: null

30-03-2025T17:13:41 - [TEST_STEP][PASSED] - m = getText(findTestObject("Выполнение бизнес-плана/Период")): Text of object 'Object Repository/Выполнение бизнес-плана/Период' is: 'Январь 2025 года'

30-03-2025T17:13:42 - [MESSAGE][PASSED] - Text of object 'Object Repository/Выполнение бизнес-плана/Период' is: 'Январь 2025 года'

30-03-2025T17:13:42 - [TEST_STEP][PASSED] - iy = m.indexOf("20"): null

30-03-2025T17:13:42 - [TEST_STEP][PASSED] - if (iy > -1): null

30-03-2025T17:13:42 - [TEST_STEP][PASSED] - y = substring(iy, iy + 4).toInteger(): null

30-03-2025T17:13:42 - [TEST_STEP][PASSED] - println(y): null

30-03-2025T17:13:42 - [TEST_STEP][PASSED] - if (toString().length() == 4): null

30-03-2025T17:13:42 - [TEST_STEP][PASSED] - m = m.substring(0, m.indexOf(y.toString())): null

30-03-2025T17:13:42 - [TEST_STEP][PASSED] - m = m.trim(): null

30-03-2025T17:13:42 - [TEST_STEP][PASSED] - if (m == ""): null

30-03-2025T17:13:42 - [TEST_STEP][PASSED] - dashboardName = "Выполнение бизнес-плана": null

30-03-2025T17:13:42 - [TEST_STEP][PASSED] - workbook01 = getWorkbook(excelFilePath): null

30-03-2025T17:13:42 - [TEST_STEP][PASSED] - sheet01 = getExcelSheet(workbook01, sheetName): null

30-03-2025T17:13:42 - [TEST_STEP][PASSED] - setValueToCellByIndex(sheet01, n, 0, dashboardName): null

30-03-2025T17:13:42 - [TEST_STEP][PASSED] - setValueToCellByIndex(sheet01, n, 1, dZO): null

30-03-2025T17:13:42 - [TEST_STEP][PASSED] - setValueToCellByIndex(sheet01, n, 2, typeOfData): null

30-03-2025T17:13:42 - [TEST_STEP][PASSED] - if (typeOfData == "Факт в процентах" || typeOfData == "План в процентах"): null

30-03-2025T17:13:42 - [TEST_STEP][PASSED] - else: null

30-03-2025T17:13:42 - [TEST_STEP][PASSED] - setValueToCellByIndex(sheet01, n, 3, fileInt): null

30-03-2025T17:13:42 - [TEST_STEP][PASSED] - setValueToCellByIndex(sheet01, n, 4, "нет данных"): null

30-03-2025T17:13:42 - [TEST_STEP][PASSED] - setValueToCellByIndex(sheet01, n, 5, m): null

30-03-2025T17:13:42 - [TEST_STEP][PASSED] - setValueToCellByIndex(sheet01, n, 6, y): null

30-03-2025T17:13:42 - [TEST_STEP][PASSED] - setValueToCellByIndex(sheet01, n, 7, todaysDate): null

30-03-2025T17:13:42 - [TEST_STEP][PASSED] - n = n + 1: null

30-03-2025T17:13:42 - [TEST_STEP][PASSED] - saveWorkbook(excelFilePath, workbook01): null

30-03-2025T17:13:42 - [TEST_STEP][PASSED] - typeOfData = "План Отпуск в сеть": null

30-03-2025T17:13:42 - [TEST_STEP][PASSED] - fileInt = replaceAll("\s+", "").toInteger(): null

30-03-2025T17:13:42 - [TEST_STEP][PASSED] - Script1718980020443.WriteToExcelNoData(a, typeOfData, todaysDate, fileInt, fileDouble, dZO): null

30-03-2025T17:13:42 - [TEST_STEP][PASSED] - sheetName = "Sheet1": null

30-03-2025T17:13:42 - [TEST_STEP][PASSED] - data = findTestData("PlanFact"): null

30-03-2025T17:13:42 - [TEST_STEP][PASSED] - n = data.getRowNumbers() + 1: null

30-03-2025T17:13:42 - [TEST_STEP][PASSED] - day = ")).toInteger(): null

30-03-2025T17:13:42 - [TEST_STEP][PASSED] - println(day): null

30-03-2025T17:13:42 - [TEST_STEP][PASSED] - month = ")).toInteger(): null

30-03-2025T17:13:42 - [TEST_STEP][PASSED] - println(month): null

30-03-2025T17:13:42 - [TEST_STEP][PASSED] - y = <not implemented yet for class: org.codehaus.groovy.ast.expr.EmptyExpression>: null

30-03-2025T17:13:42 - [TEST_STEP][PASSED] - iy = <not implemented yet for class: org.codehaus.groovy.ast.expr.EmptyExpression>: null

30-03-2025T17:13:42 - [TEST_STEP][PASSED] - m = getText(findTestObject("Выполнение бизнес-плана/Период")): Text of object 'Object Repository/Выполнение бизнес-плана/Период' is: 'Январь 2025 года'

30-03-2025T17:13:42 - [MESSAGE][PASSED] - Text of object 'Object Repository/Выполнение бизнес-плана/Период' is: 'Январь 2025 года'

30-03-2025T17:13:42 - [TEST_STEP][PASSED] - iy = m.indexOf("20"): null

30-03-2025T17:13:42 - [TEST_STEP][PASSED] - if (iy > -1): null

30-03-2025T17:13:42 - [TEST_STEP][PASSED] - y = substring(iy, iy + 4).toInteger(): null

30-03-2025T17:13:42 - [TEST_STEP][PASSED] - println(y): null

30-03-2025T17:13:42 - [TEST_STEP][PASSED] - if (toString().length() == 4): null

30-03-2025T17:13:42 - [TEST_STEP][PASSED] - m = m.substring(0, m.indexOf(y.toString())): null

30-03-2025T17:13:42 - [TEST_STEP][PASSED] - m = m.trim(): null

30-03-2025T17:13:42 - [TEST_STEP][PASSED] - if (m == ""): null

30-03-2025T17:13:42 - [TEST_STEP][PASSED] - dashboardName = "Выполнение бизнес-плана": null

30-03-2025T17:13:42 - [TEST_STEP][PASSED] - workbook01 = getWorkbook(excelFilePath): null

30-03-2025T17:13:42 - [TEST_STEP][PASSED] - sheet01 = getExcelSheet(workbook01, sheetName): null

30-03-2025T17:13:42 - [TEST_STEP][PASSED] - setValueToCellByIndex(sheet01, n, 0, dashboardName): null

30-03-2025T17:13:42 - [TEST_STEP][PASSED] - setValueToCellByIndex(sheet01, n, 1, dZO): null

30-03-2025T17:13:42 - [TEST_STEP][PASSED] - setValueToCellByIndex(sheet01, n, 2, typeOfData): null

30-03-2025T17:13:42 - [TEST_STEP][PASSED] - if (typeOfData == "Факт в процентах" || typeOfData == "План в процентах"): null

30-03-2025T17:13:42 - [TEST_STEP][PASSED] - else: null

30-03-2025T17:13:42 - [TEST_STEP][PASSED] - setValueToCellByIndex(sheet01, n, 3, fileInt): null

30-03-2025T17:13:42 - [TEST_STEP][PASSED] - setValueToCellByIndex(sheet01, n, 4, "нет данных"): null

30-03-2025T17:13:42 - [TEST_STEP][PASSED] - setValueToCellByIndex(sheet01, n, 5, m): null

30-03-2025T17:13:42 - [TEST_STEP][PASSED] - setValueToCellByIndex(sheet01, n, 6, y): null

30-03-2025T17:13:42 - [TEST_STEP][PASSED] - setValueToCellByIndex(sheet01, n, 7, todaysDate): null

30-03-2025T17:13:42 - [TEST_STEP][PASSED] - n = n + 1: null

30-03-2025T17:13:42 - [TEST_STEP][PASSED] - saveWorkbook(excelFilePath, workbook01): null

30-03-2025T17:13:43 - [TEST_STEP][PASSED] - typeOfData = "План Потери": null

30-03-2025T17:13:43 - [TEST_STEP][PASSED] - fileInt = replaceAll("\s+", "").toInteger(): null

30-03-2025T17:13:43 - [TEST_STEP][PASSED] - Script1718980020443.WriteToExcelNoData(a, typeOfData, todaysDate, fileInt, fileDouble, dZO): null

30-03-2025T17:13:43 - [TEST_STEP][PASSED] - sheetName = "Sheet1": null

30-03-2025T17:13:43 - [TEST_STEP][PASSED] - data = findTestData("PlanFact"): null

30-03-2025T17:13:43 - [TEST_STEP][PASSED] - n = data.getRowNumbers() + 1: null

30-03-2025T17:13:43 - [TEST_STEP][PASSED] - day = ")).toInteger(): null

30-03-2025T17:13:43 - [TEST_STEP][PASSED] - println(day): null

30-03-2025T17:13:43 - [TEST_STEP][PASSED] - month = ")).toInteger(): null

30-03-2025T17:13:43 - [TEST_STEP][PASSED] - println(month): null

30-03-2025T17:13:43 - [TEST_STEP][PASSED] - y = <not implemented yet for class: org.codehaus.groovy.ast.expr.EmptyExpression>: null

30-03-2025T17:13:43 - [TEST_STEP][PASSED] - iy = <not implemented yet for class: org.codehaus.groovy.ast.expr.EmptyExpression>: null

30-03-2025T17:13:43 - [TEST_STEP][PASSED] - m = getText(findTestObject("Выполнение бизнес-плана/Период")): Text of object 'Object Repository/Выполнение бизнес-плана/Период' is: 'Январь 2025 года'

30-03-2025T17:13:43 - [MESSAGE][PASSED] - Text of object 'Object Repository/Выполнение бизнес-плана/Период' is: 'Январь 2025 года'

30-03-2025T17:13:43 - [TEST_STEP][PASSED] - iy = m.indexOf("20"): null

30-03-2025T17:13:43 - [TEST_STEP][PASSED] - if (iy > -1): null

30-03-2025T17:13:43 - [TEST_STEP][PASSED] - y = substring(iy, iy + 4).toInteger(): null

30-03-2025T17:13:43 - [TEST_STEP][PASSED] - println(y): null

30-03-2025T17:13:43 - [TEST_STEP][PASSED] - if (toString().length() == 4): null

30-03-2025T17:13:43 - [TEST_STEP][PASSED] - m = m.substring(0, m.indexOf(y.toString())): null

30-03-2025T17:13:43 - [TEST_STEP][PASSED] - m = m.trim(): null

30-03-2025T17:13:43 - [TEST_STEP][PASSED] - if (m == ""): null

30-03-2025T17:13:43 - [TEST_STEP][PASSED] - dashboardName = "Выполнение бизнес-плана": null

30-03-2025T17:13:43 - [TEST_STEP][PASSED] - workbook01 = getWorkbook(excelFilePath): null

30-03-2025T17:13:43 - [TEST_STEP][PASSED] - sheet01 = getExcelSheet(workbook01, sheetName): null

30-03-2025T17:13:43 - [TEST_STEP][PASSED] - setValueToCellByIndex(sheet01, n, 0, dashboardName): null

30-03-2025T17:13:43 - [TEST_STEP][PASSED] - setValueToCellByIndex(sheet01, n, 1, dZO): null

30-03-2025T17:13:43 - [TEST_STEP][PASSED] - setValueToCellByIndex(sheet01, n, 2, typeOfData): null

30-03-2025T17:13:43 - [TEST_STEP][PASSED] - if (typeOfData == "Факт в процентах" || typeOfData == "План в процентах"): null

30-03-2025T17:13:43 - [TEST_STEP][PASSED] - else: null

30-03-2025T17:13:43 - [TEST_STEP][PASSED] - setValueToCellByIndex(sheet01, n, 3, fileInt): null

30-03-2025T17:13:43 - [TEST_STEP][PASSED] - setValueToCellByIndex(sheet01, n, 4, "нет данных"): null

30-03-2025T17:13:43 - [TEST_STEP][PASSED] - setValueToCellByIndex(sheet01, n, 5, m): null

30-03-2025T17:13:43 - [TEST_STEP][PASSED] - setValueToCellByIndex(sheet01, n, 6, y): null

30-03-2025T17:13:43 - [TEST_STEP][PASSED] - setValueToCellByIndex(sheet01, n, 7, todaysDate): null

30-03-2025T17:13:43 - [TEST_STEP][PASSED] - n = n + 1: null

30-03-2025T17:13:43 - [TEST_STEP][PASSED] - saveWorkbook(excelFilePath, workbook01): null

30-03-2025T17:13:43 - [TEST_STEP][PASSED] - typeOfData = "План в процентах": null

30-03-2025T17:13:43 - [TEST_STEP][PASSED] - fileDouble = ").toDouble(): null

30-03-2025T17:13:43 - [TEST_STEP][PASSED] - Script1718980020443.WriteToExcelNoData(a, typeOfData, todaysDate, fileInt, fileDouble, dZO): null

30-03-2025T17:13:43 - [TEST_STEP][PASSED] - sheetName = "Sheet1": null

30-03-2025T17:13:43 - [TEST_STEP][PASSED] - data = findTestData("PlanFact"): null

30-03-2025T17:13:43 - [TEST_STEP][PASSED] - n = data.getRowNumbers() + 1: null

30-03-2025T17:13:43 - [TEST_STEP][PASSED] - day = ")).toInteger(): null

30-03-2025T17:13:43 - [TEST_STEP][PASSED] - println(day): null

30-03-2025T17:13:43 - [TEST_STEP][PASSED] - month = ")).toInteger(): null

30-03-2025T17:13:43 - [TEST_STEP][PASSED] - println(month): null

30-03-2025T17:13:43 - [TEST_STEP][PASSED] - y = <not implemented yet for class: org.codehaus.groovy.ast.expr.EmptyExpression>: null

30-03-2025T17:13:43 - [TEST_STEP][PASSED] - iy = <not implemented yet for class: org.codehaus.groovy.ast.expr.EmptyExpression>: null

30-03-2025T17:13:43 - [TEST_STEP][PASSED] - m = getText(findTestObject("Выполнение бизнес-плана/Период")): Text of object 'Object Repository/Выполнение бизнес-плана/Период' is: 'Январь 2025 года'

30-03-2025T17:13:44 - [MESSAGE][PASSED] - Text of object 'Object Repository/Выполнение бизнес-плана/Период' is: 'Январь 2025 года'

30-03-2025T17:13:44 - [TEST_STEP][PASSED] - iy = m.indexOf("20"): null

30-03-2025T17:13:44 - [TEST_STEP][PASSED] - if (iy > -1): null

30-03-2025T17:13:44 - [TEST_STEP][PASSED] - y = substring(iy, iy + 4).toInteger(): null

30-03-2025T17:13:44 - [TEST_STEP][PASSED] - println(y): null

30-03-2025T17:13:44 - [TEST_STEP][PASSED] - if (toString().length() == 4): null

30-03-2025T17:13:44 - [TEST_STEP][PASSED] - m = m.substring(0, m.indexOf(y.toString())): null

30-03-2025T17:13:44 - [TEST_STEP][PASSED] - m = m.trim(): null

30-03-2025T17:13:44 - [TEST_STEP][PASSED] - if (m == ""): null

30-03-2025T17:13:44 - [TEST_STEP][PASSED] - dashboardName = "Выполнение бизнес-плана": null

30-03-2025T17:13:44 - [TEST_STEP][PASSED] - workbook01 = getWorkbook(excelFilePath): null

30-03-2025T17:13:44 - [TEST_STEP][PASSED] - sheet01 = getExcelSheet(workbook01, sheetName): null

30-03-2025T17:13:44 - [TEST_STEP][PASSED] - setValueToCellByIndex(sheet01, n, 0, dashboardName): null

30-03-2025T17:13:44 - [TEST_STEP][PASSED] - setValueToCellByIndex(sheet01, n, 1, dZO): null

30-03-2025T17:13:44 - [TEST_STEP][PASSED] - setValueToCellByIndex(sheet01, n, 2, typeOfData): null

30-03-2025T17:13:44 - [TEST_STEP][PASSED] - if (typeOfData == "Факт в процентах" || typeOfData == "План в процентах"): null

30-03-2025T17:13:44 - [TEST_STEP][PASSED] - setValueToCellByIndex(sheet01, n, 3, fileDouble): null

30-03-2025T17:13:44 - [TEST_STEP][PASSED] - setValueToCellByIndex(sheet01, n, 4, "нет данных"): null

30-03-2025T17:13:44 - [TEST_STEP][PASSED] - setValueToCellByIndex(sheet01, n, 5, m): null

30-03-2025T17:13:44 - [TEST_STEP][PASSED] - setValueToCellByIndex(sheet01, n, 6, y): null

30-03-2025T17:13:44 - [TEST_STEP][PASSED] - setValueToCellByIndex(sheet01, n, 7, todaysDate): null

30-03-2025T17:13:44 - [TEST_STEP][PASSED] - n = n + 1: null

30-03-2025T17:13:44 - [TEST_STEP][PASSED] - saveWorkbook(excelFilePath, workbook01): null

30-03-2025T17:13:44 - [TEST_STEP][PASSED] - typeOfData = "Факт в процентах": null

30-03-2025T17:13:44 - [TEST_STEP][PASSED] - fileDouble = ").toDouble(): null

30-03-2025T17:13:44 - [TEST_STEP][PASSED] - Script1718980020443.WriteToExcelNoData(a, typeOfData, todaysDate, fileInt, fileDouble, dZO): null

30-03-2025T17:13:44 - [TEST_STEP][PASSED] - sheetName = "Sheet1": null

30-03-2025T17:13:44 - [TEST_STEP][PASSED] - data = findTestData("PlanFact"): null

30-03-2025T17:13:44 - [TEST_STEP][PASSED] - n = data.getRowNumbers() + 1: null

30-03-2025T17:13:44 - [TEST_STEP][PASSED] - day = ")).toInteger(): null

30-03-2025T17:13:44 - [TEST_STEP][PASSED] - println(day): null

30-03-2025T17:13:44 - [TEST_STEP][PASSED] - month = ")).toInteger(): null

30-03-2025T17:13:44 - [TEST_STEP][PASSED] - println(month): null

30-03-2025T17:13:44 - [TEST_STEP][PASSED] - y = <not implemented yet for class: org.codehaus.groovy.ast.expr.EmptyExpression>: null

30-03-2025T17:13:44 - [TEST_STEP][PASSED] - iy = <not implemented yet for class: org.codehaus.groovy.ast.expr.EmptyExpression>: null

30-03-2025T17:13:44 - [TEST_STEP][PASSED] - m = getText(findTestObject("Выполнение бизнес-плана/Период")): Text of object 'Object Repository/Выполнение бизнес-плана/Период' is: 'Январь 2025 года'

30-03-2025T17:13:44 - [MESSAGE][PASSED] - Text of object 'Object Repository/Выполнение бизнес-плана/Период' is: 'Январь 2025 года'

30-03-2025T17:13:44 - [TEST_STEP][PASSED] - iy = m.indexOf("20"): null

30-03-2025T17:13:44 - [TEST_STEP][PASSED] - if (iy > -1): null

30-03-2025T17:13:44 - [TEST_STEP][PASSED] - y = substring(iy, iy + 4).toInteger(): null

30-03-2025T17:13:44 - [TEST_STEP][PASSED] - println(y): null

30-03-2025T17:13:44 - [TEST_STEP][PASSED] - if (toString().length() == 4): null

30-03-2025T17:13:44 - [TEST_STEP][PASSED] - m = m.substring(0, m.indexOf(y.toString())): null

30-03-2025T17:13:44 - [TEST_STEP][PASSED] - m = m.trim(): null

30-03-2025T17:13:44 - [TEST_STEP][PASSED] - if (m == ""): null

30-03-2025T17:13:44 - [TEST_STEP][PASSED] - dashboardName = "Выполнение бизнес-плана": null

30-03-2025T17:13:44 - [TEST_STEP][PASSED] - workbook01 = getWorkbook(excelFilePath): null

30-03-2025T17:13:44 - [TEST_STEP][PASSED] - sheet01 = getExcelSheet(workbook01, sheetName): null

30-03-2025T17:13:44 - [TEST_STEP][PASSED] - setValueToCellByIndex(sheet01, n, 0, dashboardName): null

30-03-2025T17:13:44 - [TEST_STEP][PASSED] - setValueToCellByIndex(sheet01, n, 1, dZO): null

30-03-2025T17:13:44 - [TEST_STEP][PASSED] - setValueToCellByIndex(sheet01, n, 2, typeOfData): null

30-03-2025T17:13:44 - [TEST_STEP][PASSED] - if (typeOfData == "Факт в процентах" || typeOfData == "План в процентах"): null

30-03-2025T17:13:44 - [TEST_STEP][PASSED] - setValueToCellByIndex(sheet01, n, 3, fileDouble): null

30-03-2025T17:13:44 - [TEST_STEP][PASSED] - setValueToCellByIndex(sheet01, n, 4, "нет данных"): null

30-03-2025T17:13:44 - [TEST_STEP][PASSED] - setValueToCellByIndex(sheet01, n, 5, m): null

30-03-2025T17:13:44 - [TEST_STEP][PASSED] - setValueToCellByIndex(sheet01, n, 6, y): null

30-03-2025T17:13:44 - [TEST_STEP][PASSED] - setValueToCellByIndex(sheet01, n, 7, todaysDate): null

30-03-2025T17:13:44 - [TEST_STEP][PASSED] - n = n + 1: null

30-03-2025T17:13:44 - [TEST_STEP][PASSED] - saveWorkbook(excelFilePath, workbook01): null

30-03-2025T17:13:44 - [TEST_STEP][PASSED] - println(dzoNum): null

30-03-2025T17:13:44 - [TEST_STEP][PASSED] - dZO = "Россети Томск": null

30-03-2025T17:13:44 - [TEST_STEP][PASSED] - a = 53: null

30-03-2025T17:13:44 - [TEST_STEP][PASSED] - if (x1.contains("Томск")): null

30-03-2025T17:13:44 - [TEST_STEP][PASSED] - dzoNum = dzoNum + 1: null

30-03-2025T17:13:44 - [TEST_STEP][PASSED] - Script1718980020443.Numbers(a, typeOfData, todaysDate, pageInt, fileInt, pageDouble, fileDouble, dZO, dzoNum, filialNum): null

30-03-2025T17:13:44 - [TEST_STEP][PASSED] - println(dzoNum): null

30-03-2025T17:13:44 - [TEST_STEP][PASSED] - planFact = <not implemented yet for class: org.codehaus.groovy.ast.expr.EmptyExpression>: null

30-03-2025T17:13:44 - [TEST_STEP][PASSED] - page = <not implemented yet for class: org.codehaus.groovy.ast.expr.EmptyExpression>: null

30-03-2025T17:13:44 - [TEST_STEP][PASSED] - page1 = <not implemented yet for class: org.codehaus.groovy.ast.expr.EmptyExpression>: null

30-03-2025T17:13:44 - [TEST_STEP][PASSED] - page2 = <not implemented yet for class: org.codehaus.groovy.ast.expr.EmptyExpression>: null

30-03-2025T17:13:44 - [TEST_STEP][PASSED] - filialNumberInRow = <not implemented yet for class: org.codehaus.groovy.ast.expr.EmptyExpression>: null

30-03-2025T17:13:44 - [TEST_STEP][PASSED] - filialsDzoNames = <not implemented yet for class: org.codehaus.groovy.ast.expr.EmptyExpression>: null

30-03-2025T17:13:44 - [TEST_STEP][PASSED] - numberOfFilials = <not implemented yet for class: org.codehaus.groovy.ast.expr.EmptyExpression>: null

30-03-2025T17:13:44 - [TEST_STEP][PASSED] - numberOfSpaces = <not implemented yet for class: org.codehaus.groovy.ast.expr.EmptyExpression>: null

30-03-2025T17:13:44 - [TEST_STEP][PASSED] - file = <not implemented yet for class: org.codehaus.groovy.ast.expr.EmptyExpression>: null

30-03-2025T17:13:44 - [TEST_STEP][PASSED] - otpusk = <not implemented yet for class: org.codehaus.groovy.ast.expr.EmptyExpression>: null

30-03-2025T17:13:44 - [TEST_STEP][PASSED] - poteri = <not implemented yet for class: org.codehaus.groovy.ast.expr.EmptyExpression>: null

30-03-2025T17:13:44 - [TEST_STEP][PASSED] - dataFolder = "Выполнение бизнес-плана/Значения со страницы Выполнение бизнес-плана/": null

30-03-2025T17:13:44 - [TEST_STEP][PASSED] - path = <not implemented yet for class: org.codehaus.groovy.ast.expr.EmptyExpression>: null

30-03-2025T17:13:44 - [TEST_STEP][PASSED] - typeOfDataMain = <not implemented yet for class: org.codehaus.groovy.ast.expr.EmptyExpression>: null

30-03-2025T17:13:44 - [TEST_STEP][PASSED] - fileOtpuskVSet = <not implemented yet for class: org.codehaus.groovy.ast.expr.EmptyExpression>: null

30-03-2025T17:13:44 - [TEST_STEP][PASSED] - pageOtpuskVSet = <not implemented yet for class: org.codehaus.groovy.ast.expr.EmptyExpression>: null

30-03-2025T17:13:44 - [TEST_STEP][PASSED] - filePoteri = <not implemented yet for class: org.codehaus.groovy.ast.expr.EmptyExpression>: null

30-03-2025T17:13:44 - [TEST_STEP][PASSED] - pagePoteri = <not implemented yet for class: org.codehaus.groovy.ast.expr.EmptyExpression>: null

30-03-2025T17:13:44 - [TEST_STEP][PASSED] - compare = <not implemented yet for class: org.codehaus.groovy.ast.expr.EmptyExpression>: null

30-03-2025T17:13:44 - [TEST_STEP][PASSED] - b = <not implemented yet for class: org.codehaus.groovy.ast.expr.EmptyExpression>: null

30-03-2025T17:13:44 - [TEST_STEP][PASSED] - i = <not implemented yet for class: org.codehaus.groovy.ast.expr.EmptyExpression>: null

30-03-2025T17:13:44 - [TEST_STEP][PASSED] - ii = <not implemented yet for class: org.codehaus.groovy.ast.expr.EmptyExpression>: null

30-03-2025T17:13:44 - [TEST_STEP][PASSED] - c = <not implemented yet for class: org.codehaus.groovy.ast.expr.EmptyExpression>: null

30-03-2025T17:13:44 - [TEST_STEP][PASSED] - numberOfErrors = 0: null

30-03-2025T17:13:44 - [TEST_STEP][PASSED] - if (a == 82): null

30-03-2025T17:13:44 - [TEST_STEP][PASSED] - b = findTestData("PlanFact").getValue(1, a): null

30-03-2025T17:13:45 - [TEST_STEP][PASSED] - i = b.indexOf(" (ГК)"): null

30-03-2025T17:13:45 - [TEST_STEP][PASSED] - if (i > -1): null

30-03-2025T17:13:45 - [TEST_STEP][PASSED] - i = b.indexOf("О ""): null

30-03-2025T17:13:45 - [TEST_STEP][PASSED] - if (i > -1): null

30-03-2025T17:13:45 - [TEST_STEP][PASSED] - i = b.indexOf("О «"): null

30-03-2025T17:13:45 - [TEST_STEP][PASSED] - if (i > -1): null

30-03-2025T17:13:45 - [TEST_STEP][PASSED] - i = b.indexOf("г. "): null

30-03-2025T17:13:45 - [TEST_STEP][PASSED] - if (i > -1): null

30-03-2025T17:13:45 - [TEST_STEP][PASSED] - b = b.trim(): null

30-03-2025T17:13:45 - [TEST_STEP][PASSED] - println(b): null

30-03-2025T17:13:45 - [TEST_STEP][PASSED] - for ([planFact = 1, planFact < 3, (planFact++)]): null

30-03-2025T17:13:45 - [TEST_STEP][PASSED] - if (planFact == 1): null

30-03-2025T17:13:45 - [TEST_STEP][PASSED] - typeOfDataMain = "Факт": null

30-03-2025T17:13:45 - [TEST_STEP][PASSED] - otpusk = findTestData("PlanFact").getValue(5, a): null

30-03-2025T17:13:45 - [TEST_STEP][PASSED] - poteri = findTestData("PlanFact").getValue(6, a): null

30-03-2025T17:13:45 - [TEST_STEP][PASSED] - otpusk = otpusk.replaceAll("\s+", ""): null

30-03-2025T17:13:45 - [TEST_STEP][PASSED] - poteri = poteri.replaceAll("\s+", ""): null

30-03-2025T17:13:45 - [TEST_STEP][PASSED] - typeOfData = typeOfDataMain + " Отпуск в сеть": null

30-03-2025T17:13:45 - [TEST_STEP][PASSED] - if (a == 82): null

30-03-2025T17:13:45 - [TEST_STEP][PASSED] - else if (a == 84): null

30-03-2025T17:13:45 - [TEST_STEP][PASSED] - else if (a == 83 || a == 52 || a == 72 || a == 28 || a == 73 || a == 77 || a == 74 || a == 65 || a == 36 || a == 44 || a == 53 || a == 80 || a == 54 || a == 1 || a == 18 || a == 59 || a == 81): null

30-03-2025T17:13:45 - [TEST_STEP][PASSED] - path = dataFolder + "Table Data/" + typeOfData + " за отчётный период " + dzoNum: null

30-03-2025T17:13:45 - [TEST_STEP][PASSED] - println(path): null

30-03-2025T17:13:45 - [TEST_STEP][PASSED] - page = getText(findTestObject(path)): Text of object 'Object Repository/Выполнение бизнес-плана/Значения со страницы Выполнение бизнес-плана/Table Data/Факт Отпуск в сеть за отчётный период 5' is: '476 306'

30-03-2025T17:13:45 - [MESSAGE][PASSED] - Text of object 'Object Repository/Выполнение бизнес-плана/Значения со страницы Выполнение бизнес-плана/Table Data/Факт Отпуск в сеть за отчётный период 5' is: '476 306'

30-03-2025T17:13:45 - [TEST_STEP][PASSED] - if (page == "" || page == null): null

30-03-2025T17:13:45 - [TEST_STEP][PASSED] - else: null

30-03-2025T17:13:45 - [TEST_STEP][PASSED] - page = page.replaceAll("\s+", ""): null

30-03-2025T17:13:45 - [TEST_STEP][PASSED] - if (page == "undefined"): null

30-03-2025T17:13:45 - [TEST_STEP][PASSED] - fileOtpuskVSet = otpusk.toInteger(): null

30-03-2025T17:13:45 - [TEST_STEP][PASSED] - pageOtpuskVSet = page.toInteger(): null

30-03-2025T17:13:45 - [TEST_STEP][PASSED] - typeOfData = typeOfDataMain + " Потери": null

30-03-2025T17:13:45 - [TEST_STEP][PASSED] - if (a == 82): null

30-03-2025T17:13:45 - [TEST_STEP][PASSED] - else if (a == 84): null

30-03-2025T17:13:45 - [TEST_STEP][PASSED] - else if (a == 83 || a == 52 || a == 72 || a == 28 || a == 73 || a == 77 || a == 74 || a == 65 || a == 44 || a == 53 || a == 80 || a == 54 || a == 1 || a == 18 || a == 59 || a == 81): null

30-03-2025T17:13:45 - [TEST_STEP][PASSED] - path = dataFolder + "Table Data/" + typeOfData + " за отчётный период " + dzoNum: null

30-03-2025T17:13:45 - [TEST_STEP][PASSED] - page = getText(findTestObject(path)): Text of object 'Object Repository/Выполнение бизнес-плана/Значения со страницы Выполнение бизнес-плана/Table Data/Факт Потери за отчётный период 5' is: '3 352 866'

30-03-2025T17:13:45 - [MESSAGE][PASSED] - Text of object 'Object Repository/Выполнение бизнес-плана/Значения со страницы Выполнение бизнес-плана/Table Data/Факт Потери за отчётный период 5' is: '3 352 866'

30-03-2025T17:13:45 - [TEST_STEP][PASSED] - if (page == "" || page == null): null

30-03-2025T17:13:45 - [TEST_STEP][PASSED] - else: null

30-03-2025T17:13:45 - [TEST_STEP][PASSED] - page = page.replaceAll("\s+", ""): null

30-03-2025T17:13:45 - [TEST_STEP][PASSED] - if (page == "undefined"): null

30-03-2025T17:13:45 - [TEST_STEP][PASSED] - filePoteri = poteri.toInteger(): null

30-03-2025T17:13:45 - [TEST_STEP][PASSED] - pagePoteri = page.toInteger(): null

30-03-2025T17:13:45 - [TEST_STEP][PASSED] - compare = pageOtpuskVSet: null

30-03-2025T17:13:45 - [TEST_STEP][PASSED] - if (pageOtpuskVSet != null): null

30-03-2025T17:13:45 - [TEST_STEP][PASSED] - if (compare == fileOtpuskVSet): null

30-03-2025T17:13:45 - [TEST_STEP][PASSED] - if (compare == fileOtpuskVSet): null

30-03-2025T17:13:45 - [TEST_STEP][PASSED] - compare = pagePoteri: null

30-03-2025T17:13:45 - [TEST_STEP][PASSED] - if (pageOtpuskVSet != null): null

30-03-2025T17:13:45 - [TEST_STEP][PASSED] - if (compare == filePoteri): null

30-03-2025T17:13:45 - [TEST_STEP][PASSED] - else if (compare > filePoteri): null

30-03-2025T17:13:45 - [TEST_STEP][PASSED] - compare = compare - 1: null

30-03-2025T17:13:45 - [TEST_STEP][PASSED] - if (compare == filePoteri): null

30-03-2025T17:13:45 - [TEST_STEP][PASSED] - else: null

30-03-2025T17:13:45 - [TEST_STEP][PASSED] - numberOfErrors = numberOfErrors + 1: null

30-03-2025T17:13:45 - [TEST_STEP][PASSED] - pageInt = pagePoteri: null

30-03-2025T17:13:45 - [TEST_STEP][PASSED] - fileInt = filePoteri: null

30-03-2025T17:13:45 - [TEST_STEP][PASSED] - typeOfData = typeOfDataMain + " Потери": null

30-03-2025T17:13:45 - [TEST_STEP][PASSED] - Script1718980020443.WriteToExcel(a, typeOfData, todaysDate, pageInt, fileInt, pageDouble, fileDouble, dZO): null

30-03-2025T17:13:45 - [TEST_STEP][PASSED] - sheetName = "Sheet1": null

30-03-2025T17:13:45 - [TEST_STEP][PASSED] - data = findTestData("PlanFact"): null

30-03-2025T17:13:45 - [TEST_STEP][PASSED] - n = data.getRowNumbers() + 1: null

30-03-2025T17:13:45 - [TEST_STEP][PASSED] - day = ")).toInteger(): null

30-03-2025T17:13:45 - [TEST_STEP][PASSED] - println(day): null

30-03-2025T17:13:45 - [TEST_STEP][PASSED] - month = ")).toInteger(): null

30-03-2025T17:13:45 - [TEST_STEP][PASSED] - println(month): null

30-03-2025T17:13:45 - [TEST_STEP][PASSED] - y = <not implemented yet for class: org.codehaus.groovy.ast.expr.EmptyExpression>: null

30-03-2025T17:13:45 - [TEST_STEP][PASSED] - iy = <not implemented yet for class: org.codehaus.groovy.ast.expr.EmptyExpression>: null

30-03-2025T17:13:45 - [TEST_STEP][PASSED] - m = getText(findTestObject("Выполнение бизнес-плана/Период")): Text of object 'Object Repository/Выполнение бизнес-плана/Период' is: 'Январь 2025 года'

30-03-2025T17:13:46 - [MESSAGE][PASSED] - Text of object 'Object Repository/Выполнение бизнес-плана/Период' is: 'Январь 2025 года'

30-03-2025T17:13:46 - [TEST_STEP][PASSED] - iy = m.indexOf("20"): null

30-03-2025T17:13:46 - [TEST_STEP][PASSED] - if (iy > -1): null

30-03-2025T17:13:46 - [TEST_STEP][PASSED] - y = substring(iy, iy + 4).toInteger(): null

30-03-2025T17:13:46 - [TEST_STEP][PASSED] - println(y): null

30-03-2025T17:13:46 - [TEST_STEP][PASSED] - if (toString().length() == 4): null

30-03-2025T17:13:46 - [TEST_STEP][PASSED] - m = m.substring(0, m.indexOf(y.toString())): null

30-03-2025T17:13:46 - [TEST_STEP][PASSED] - m = m.trim(): null

30-03-2025T17:13:46 - [TEST_STEP][PASSED] - if (m == ""): null

30-03-2025T17:13:46 - [TEST_STEP][PASSED] - dashboardName = "Выполнение бизнес-плана": null

30-03-2025T17:13:46 - [TEST_STEP][PASSED] - workbook01 = getWorkbook(excelFilePath): null

30-03-2025T17:13:46 - [TEST_STEP][PASSED] - sheet01 = getExcelSheet(workbook01, sheetName): null

30-03-2025T17:13:46 - [TEST_STEP][PASSED] - setValueToCellByIndex(sheet01, n, 0, dashboardName): null

30-03-2025T17:13:46 - [TEST_STEP][PASSED] - setValueToCellByIndex(sheet01, n, 1, dZO): null

30-03-2025T17:13:46 - [TEST_STEP][PASSED] - setValueToCellByIndex(sheet01, n, 2, typeOfData): null

30-03-2025T17:13:46 - [TEST_STEP][PASSED] - if (typeOfData == "Факт в процентах" || typeOfData == "План в процентах"): null

30-03-2025T17:13:46 - [TEST_STEP][PASSED] - else: null

30-03-2025T17:13:46 - [TEST_STEP][PASSED] - setValueToCellByIndex(sheet01, n, 3, fileInt): null

30-03-2025T17:13:46 - [TEST_STEP][PASSED] - setValueToCellByIndex(sheet01, n, 4, pageInt): null

30-03-2025T17:13:46 - [TEST_STEP][PASSED] - setValueToCellByIndex(sheet01, n, 5, m): null

30-03-2025T17:13:46 - [TEST_STEP][PASSED] - setValueToCellByIndex(sheet01, n, 6, y): null

30-03-2025T17:13:46 - [TEST_STEP][PASSED] - setValueToCellByIndex(sheet01, n, 7, todaysDate): null

30-03-2025T17:13:46 - [TEST_STEP][PASSED] - n = n + 1: null

30-03-2025T17:13:46 - [TEST_STEP][FAILED] - saveWorkbook(excelFilePath, workbook01): null

30-03-2025T17:13:46 - [TEST_STEP][PASSED] - if (planFact == 2): null

30-03-2025T17:13:46 - [TEST_STEP][PASSED] - if (planFact == 1): null

30-03-2025T17:13:46 - [TEST_STEP][PASSED] - else if (planFact == 2): null

30-03-2025T17:13:46 - [TEST_STEP][PASSED] - click(findTestObject("Выполнение бизнес-плана/Кнопка План")): Object: 'Object Repository/Выполнение бизнес-плана/Кнопка План' is clicked on

30-03-2025T17:13:46 - [MESSAGE][PASSED] - Object: 'Object Repository/Выполнение бизнес-плана/Кнопка План' is clicked on

30-03-2025T17:13:46 - [TEST_STEP][PASSED] - typeOfDataMain = "План": null

30-03-2025T17:13:46 - [TEST_STEP][PASSED] - otpusk = findTestData("PlanFact").getValue(2, a): null

30-03-2025T17:13:46 - [TEST_STEP][PASSED] - poteri = findTestData("PlanFact").getValue(3, a): null

30-03-2025T17:13:46 - [TEST_STEP][PASSED] - otpusk = otpusk.replaceAll("\s+", ""): null

30-03-2025T17:13:46 - [TEST_STEP][PASSED] - poteri = poteri.replaceAll("\s+", ""): null

30-03-2025T17:13:46 - [TEST_STEP][PASSED] - typeOfData = typeOfDataMain + " Отпуск в сеть": null

30-03-2025T17:13:46 - [TEST_STEP][PASSED] - if (a == 82): null

30-03-2025T17:13:46 - [TEST_STEP][PASSED] - else if (a == 84): null

30-03-2025T17:13:46 - [TEST_STEP][PASSED] - else if (a == 83 || a == 52 || a == 72 || a == 28 || a == 73 || a == 77 || a == 74 || a == 65 || a == 36 || a == 44 || a == 53 || a == 80 || a == 54 || a == 1 || a == 18 || a == 59 || a == 81): null

30-03-2025T17:13:46 - [TEST_STEP][PASSED] - path = dataFolder + "Table Data/" + typeOfData + " за отчётный период " + dzoNum: null

30-03-2025T17:13:46 - [TEST_STEP][PASSED] - println(path): null

30-03-2025T17:13:46 - [TEST_STEP][PASSED] - page = getText(findTestObject(path)): Text of object 'Object Repository/Выполнение бизнес-плана/Значения со страницы Выполнение бизнес-плана/Table Data/План Отпуск в сеть за отчётный период 5' is: '504 635'

30-03-2025T17:13:47 - [MESSAGE][PASSED] - Text of object 'Object Repository/Выполнение бизнес-плана/Значения со страницы Выполнение бизнес-плана/Table Data/План Отпуск в сеть за отчётный период 5' is: '504 635'

30-03-2025T17:13:47 - [TEST_STEP][PASSED] - if (page == "" || page == null): null

30-03-2025T17:13:47 - [TEST_STEP][PASSED] - else: null

30-03-2025T17:13:47 - [TEST_STEP][PASSED] - page = page.replaceAll("\s+", ""): null

30-03-2025T17:13:47 - [TEST_STEP][PASSED] - if (page == "undefined"): null

30-03-2025T17:13:47 - [TEST_STEP][PASSED] - fileOtpuskVSet = otpusk.toInteger(): null

30-03-2025T17:13:47 - [TEST_STEP][PASSED] - pageOtpuskVSet = page.toInteger(): null

30-03-2025T17:13:47 - [TEST_STEP][PASSED] - typeOfData = typeOfDataMain + " Потери": null

30-03-2025T17:13:47 - [TEST_STEP][PASSED] - if (a == 82): null

30-03-2025T17:13:47 - [TEST_STEP][PASSED] - else if (a == 84): null

30-03-2025T17:13:47 - [TEST_STEP][PASSED] - else if (a == 83 || a == 52 || a == 72 || a == 28 || a == 73 || a == 77 || a == 74 || a == 65 || a == 44 || a == 53 || a == 80 || a == 54 || a == 1 || a == 18 || a == 59 || a == 81): null

30-03-2025T17:13:47 - [TEST_STEP][PASSED] - path = dataFolder + "Table Data/" + typeOfData + " за отчётный период " + dzoNum: null

30-03-2025T17:13:47 - [TEST_STEP][FAILED] - page = getText(findTestObject(path)): Unable to get text of object 'Object Repository/Выполнение бизнес-плана/Значения со страницы Выполнение бизнес-плана/Table Data/План Потери за отчётный период 5' (Root cause: com.kms.katalon.core.exception.StepFailedException: Unable to get text of object 'Object Repository/Выполнение бизнес-плана/Значения со страницы Выполнение бизнес-плана/Table Data/План Потери за отчётный период 5'
	at com.kms.katalon.core.webui.keyword.internal.WebUIKeywordMain.stepFailed(WebUIKeywordMain.groovy:64)
	at com.kms.katalon.core.webui.keyword.internal.WebUIKeywordMain.runKeyword(WebUIKeywordMain.groovy:26)
	at com.kms.katalon.core.webui.keyword.builtin.GetTextKeyword.getText(GetTextKeyword.groovy:88)
	at com.kms.katalon.core.webui.keyword.builtin.GetTextKeyword.execute(GetTextKeyword.groovy:67)
	at com.kms.katalon.core.keyword.internal.KeywordExecutor.executeKeywordForPlatform(KeywordExecutor.groovy:74)
	at com.kms.katalon.core.webui.keyword.WebUiBuiltInKeywords.getText(WebUiBuiltInKeywords.groovy:957)
	at Выполнение бизнес-плана Сверка ПАО Россети все филиалы.Numbers(Выполнение бизнес-плана Сверка ПАО Россети все филиалы:594)
	at Выполнение бизнес-плана Сверка ПАО Россети все филиалы.run(Выполнение бизнес-плана Сверка ПАО Россети все филиалы:329)
	at com.kms.katalon.core.main.ScriptEngine.run(ScriptEngine.java:194)
	at com.kms.katalon.core.main.ScriptEngine.runScriptAsRawText(ScriptEngine.java:119)
	at com.kms.katalon.core.main.TestCaseExecutor.runScript(TestCaseExecutor.java:448)
	at com.kms.katalon.core.main.TestCaseExecutor.doExecute(TestCaseExecutor.java:439)
	at com.kms.katalon.core.main.TestCaseExecutor.processExecutionPhase(TestCaseExecutor.java:418)
	at com.kms.katalon.core.main.TestCaseExecutor.accessMainPhase(TestCaseExecutor.java:410)
	at com.kms.katalon.core.main.TestCaseExecutor.execute(TestCaseExecutor.java:285)
	at com.kms.katalon.core.common.CommonExecutor.accessTestCaseMainPhase(CommonExecutor.java:65)
	at com.kms.katalon.core.main.TestSuiteExecutor.accessTestSuiteMainPhase(TestSuiteExecutor.java:150)
	at com.kms.katalon.core.main.TestSuiteExecutor.execute(TestSuiteExecutor.java:106)
	at com.kms.katalon.core.main.TestCaseMain.startTestSuite(TestCaseMain.java:180)
	at TempTestSuite1743336560690.run(TempTestSuite1743336560690.groovy:35)
	at java.base/jdk.internal.reflect.NativeMethodAccessorImpl.invoke0(Native Method)
	at java.base/jdk.internal.reflect.NativeMethodAccessorImpl.invoke(NativeMethodAccessorImpl.java:77)
	at java.base/jdk.internal.reflect.DelegatingMethodAccessorImpl.invoke(DelegatingMethodAccessorImpl.java:43)
Caused by: com.kms.katalon.core.webui.exception.WebElementNotFoundException: Web element with id: 'Object Repository/Выполнение бизнес-плана/Значения со страницы Выполнение бизнес-плана/Table Data/План Потери за отчётный период 5' located by '(.//*[normalize-space(text()) and normalize-space(.)='Показатели баланса электроэнергии по ДЗО – План'])[2]/following::td[39]' not found
	at com.kms.katalon.core.webui.common.WebUiCommonHelper.findWebElement(WebUiCommonHelper.java:1426)
	at com.kms.katalon.core.webui.keyword.internal.WebUIAbstractKeyword.findWebElement(WebUIAbstractKeyword.groovy:27)
	at com.kms.katalon.core.webui.keyword.internal.WebUIAbstractKeyword.findWebElement(WebUIAbstractKeyword.groovy:26)
	at com.kms.katalon.core.webui.keyword.builtin.GetTextKeyword$_getText_closure1.doCall(GetTextKeyword.groovy:78)
	at com.kms.katalon.core.webui.keyword.builtin.GetTextKeyword$_getText_closure1.call(GetTextKeyword.groovy)
	at com.kms.katalon.core.webui.keyword.internal.WebUIKeywordMain.runKeyword(WebUIKeywordMain.groovy:20)
	at com.kms.katalon.core.webui.keyword.builtin.GetTextKeyword.getText(GetTextKeyword.groovy:88)
	at com.kms.katalon.core.webui.keyword.builtin.GetTextKeyword.execute(GetTextKeyword.groovy:67)
	at com.kms.katalon.core.keyword.internal.KeywordExecutor.executeKeywordForPlatform(KeywordExecutor.groovy:74)
	at com.kms.katalon.core.webui.keyword.WebUiBuiltInKeywords.getText(WebUiBuiltInKeywords.groovy:957)
	at Script1718980020443.Numbers(Script1718980020443.groovy:594)
	at Script1718980020443.run(Script1718980020443.groovy:329)
	... 15 more
)

30-03-2025T17:14:18 - [MESSAGE][INFO] - Unable to find the element located by 'By.xpath: (.//*[normalize-space(text()) and normalize-space(.)='Показатели баланса электроэнергии по ДЗО – План'])[2]/following::td[39]'. Please recheck the objects properties to make sure the desired element is located. 

30-03-2025T17:14:18 - [MESSAGE][FAILED] - Unable to get text of object 'Object Repository/Выполнение бизнес-плана/Значения со страницы Выполнение бизнес-плана/Table Data/План Потери за отчётный период 5' (Root cause: com.kms.katalon.core.exception.StepFailedException: Unable to get text of object 'Object Repository/Выполнение бизнес-плана/Значения со страницы Выполнение бизнес-плана/Table Data/План Потери за отчётный период 5'
	at com.kms.katalon.core.webui.keyword.internal.WebUIKeywordMain.stepFailed(WebUIKeywordMain.groovy:64)
	at com.kms.katalon.core.webui.keyword.internal.WebUIKeywordMain.runKeyword(WebUIKeywordMain.groovy:26)
	at com.kms.katalon.core.webui.keyword.builtin.GetTextKeyword.getText(GetTextKeyword.groovy:88)
	at com.kms.katalon.core.webui.keyword.builtin.GetTextKeyword.execute(GetTextKeyword.groovy:67)
	at com.kms.katalon.core.keyword.internal.KeywordExecutor.executeKeywordForPlatform(KeywordExecutor.groovy:74)
	at com.kms.katalon.core.webui.keyword.WebUiBuiltInKeywords.getText(WebUiBuiltInKeywords.groovy:957)
	at Выполнение бизнес-плана Сверка ПАО Россети все филиалы.Numbers(Выполнение бизнес-плана Сверка ПАО Россети все филиалы:594)
	at Выполнение бизнес-плана Сверка ПАО Россети все филиалы.run(Выполнение бизнес-плана Сверка ПАО Россети все филиалы:329)
	at com.kms.katalon.core.main.ScriptEngine.run(ScriptEngine.java:194)
	at com.kms.katalon.core.main.ScriptEngine.runScriptAsRawText(ScriptEngine.java:119)
	at com.kms.katalon.core.main.TestCaseExecutor.runScript(TestCaseExecutor.java:448)
	at com.kms.katalon.core.main.TestCaseExecutor.doExecute(TestCaseExecutor.java:439)
	at com.kms.katalon.core.main.TestCaseExecutor.processExecutionPhase(TestCaseExecutor.java:418)
	at com.kms.katalon.core.main.TestCaseExecutor.accessMainPhase(TestCaseExecutor.java:410)
	at com.kms.katalon.core.main.TestCaseExecutor.execute(TestCaseExecutor.java:285)
	at com.kms.katalon.core.common.CommonExecutor.accessTestCaseMainPhase(CommonExecutor.java:65)
	at com.kms.katalon.core.main.TestSuiteExecutor.accessTestSuiteMainPhase(TestSuiteExecutor.java:150)
	at com.kms.katalon.core.main.TestSuiteExecutor.execute(TestSuiteExecutor.java:106)
	at com.kms.katalon.core.main.TestCaseMain.startTestSuite(TestCaseMain.java:180)
	at TempTestSuite1743336560690.run(TempTestSuite1743336560690.groovy:35)
	at java.base/jdk.internal.reflect.NativeMethodAccessorImpl.invoke0(Native Method)
	at java.base/jdk.internal.reflect.NativeMethodAccessorImpl.invoke(NativeMethodAccessorImpl.java:77)
	at java.base/jdk.internal.reflect.DelegatingMethodAccessorImpl.invoke(DelegatingMethodAccessorImpl.java:43)
Caused by: com.kms.katalon.core.webui.exception.WebElementNotFoundException: Web element with id: 'Object Repository/Выполнение бизнес-плана/Значения со страницы Выполнение бизнес-плана/Table Data/План Потери за отчётный период 5' located by '(.//*[normalize-space(text()) and normalize-space(.)='Показатели баланса электроэнергии по ДЗО – План'])[2]/following::td[39]' not found
	at com.kms.katalon.core.webui.common.WebUiCommonHelper.findWebElement(WebUiCommonHelper.java:1426)
	at com.kms.katalon.core.webui.keyword.internal.WebUIAbstractKeyword.findWebElement(WebUIAbstractKeyword.groovy:27)
	at com.kms.katalon.core.webui.keyword.internal.WebUIAbstractKeyword.findWebElement(WebUIAbstractKeyword.groovy:26)
	at com.kms.katalon.core.webui.keyword.builtin.GetTextKeyword$_getText_closure1.doCall(GetTextKeyword.groovy:78)
	at com.kms.katalon.core.webui.keyword.builtin.GetTextKeyword$_getText_closure1.call(GetTextKeyword.groovy)
	at com.kms.katalon.core.webui.keyword.internal.WebUIKeywordMain.runKeyword(WebUIKeywordMain.groovy:20)
	at com.kms.katalon.core.webui.keyword.builtin.GetTextKeyword.getText(GetTextKeyword.groovy:88)
	at com.kms.katalon.core.webui.keyword.builtin.GetTextKeyword.execute(GetTextKeyword.groovy:67)
	at com.kms.katalon.core.keyword.internal.KeywordExecutor.executeKeywordForPlatform(KeywordExecutor.groovy:74)
	at com.kms.katalon.core.webui.keyword.WebUiBuiltInKeywords.getText(WebUiBuiltInKeywords.groovy:957)
	at Script1718980020443.Numbers(Script1718980020443.groovy:594)
	at Script1718980020443.run(Script1718980020443.groovy:329)
	... 15 more
)
[[ATTACHMENT|C:\\Users\\LIAZGINA-DI\\git\\SPORU\\Reports\\20250330_150919\\\u041F\u043D-\u0421\u0440-\u041F\u0442\\\u0421\u0432\u0435\u0440\u043A\u0430 \u0434\u0430\u0448\u0431\u043E\u0440\u0434\u043E\u0432 \u0438\u0437 \u0440\u0430\u0437\u043D\u044B\u0445 \u0431\u043B\u043E\u043A\u043E\u0432\\20250330_150920\\1743344058233.png]]

30-03-2025T17:14:18 - [TEST_STEP][PASSED] - if (page == "" || page == null): null

30-03-2025T17:14:18 - [TEST_STEP][PASSED] - fileInt = poteri.toInteger(): null

30-03-2025T17:14:18 - [TEST_STEP][PASSED] - Script1718980020443.WriteToExcelNoData(a, typeOfData, todaysDate, fileInt, fileDouble, dZO): null

30-03-2025T17:14:18 - [TEST_STEP][PASSED] - sheetName = "Sheet1": null

30-03-2025T17:14:18 - [TEST_STEP][PASSED] - data = findTestData("PlanFact"): null

30-03-2025T17:14:18 - [TEST_STEP][PASSED] - n = data.getRowNumbers() + 1: null

30-03-2025T17:14:18 - [TEST_STEP][PASSED] - day = ")).toInteger(): null

30-03-2025T17:14:18 - [TEST_STEP][PASSED] - println(day): null

30-03-2025T17:14:18 - [TEST_STEP][PASSED] - month = ")).toInteger(): null

30-03-2025T17:14:18 - [TEST_STEP][PASSED] - println(month): null

30-03-2025T17:14:18 - [TEST_STEP][PASSED] - y = <not implemented yet for class: org.codehaus.groovy.ast.expr.EmptyExpression>: null

30-03-2025T17:14:18 - [TEST_STEP][PASSED] - iy = <not implemented yet for class: org.codehaus.groovy.ast.expr.EmptyExpression>: null

30-03-2025T17:14:18 - [TEST_STEP][PASSED] - m = getText(findTestObject("Выполнение бизнес-плана/Период")): Text of object 'Object Repository/Выполнение бизнес-плана/Период' is: 'Январь 2025 года'

30-03-2025T17:14:18 - [MESSAGE][PASSED] - Text of object 'Object Repository/Выполнение бизнес-плана/Период' is: 'Январь 2025 года'

30-03-2025T17:14:18 - [TEST_STEP][PASSED] - iy = m.indexOf("20"): null

30-03-2025T17:14:18 - [TEST_STEP][PASSED] - if (iy > -1): null

30-03-2025T17:14:18 - [TEST_STEP][PASSED] - y = substring(iy, iy + 4).toInteger(): null

30-03-2025T17:14:18 - [TEST_STEP][PASSED] - println(y): null

30-03-2025T17:14:18 - [TEST_STEP][PASSED] - if (toString().length() == 4): null

30-03-2025T17:14:18 - [TEST_STEP][PASSED] - m = m.substring(0, m.indexOf(y.toString())): null

30-03-2025T17:14:18 - [TEST_STEP][PASSED] - m = m.trim(): null

30-03-2025T17:14:18 - [TEST_STEP][PASSED] - if (m == ""): null

30-03-2025T17:14:18 - [TEST_STEP][PASSED] - dashboardName = "Выполнение бизнес-плана": null

30-03-2025T17:14:18 - [TEST_STEP][PASSED] - workbook01 = getWorkbook(excelFilePath): null

30-03-2025T17:14:18 - [TEST_STEP][PASSED] - sheet01 = getExcelSheet(workbook01, sheetName): null

30-03-2025T17:14:18 - [TEST_STEP][PASSED] - setValueToCellByIndex(sheet01, n, 0, dashboardName): null

30-03-2025T17:14:18 - [TEST_STEP][PASSED] - setValueToCellByIndex(sheet01, n, 1, dZO): null

30-03-2025T17:14:18 - [TEST_STEP][PASSED] - setValueToCellByIndex(sheet01, n, 2, typeOfData): null

30-03-2025T17:14:18 - [TEST_STEP][PASSED] - if (typeOfData == "Факт в процентах" || typeOfData == "План в процентах"): null

30-03-2025T17:14:18 - [TEST_STEP][PASSED] - else: null

30-03-2025T17:14:18 - [TEST_STEP][PASSED] - setValueToCellByIndex(sheet01, n, 3, fileInt): null

30-03-2025T17:14:18 - [TEST_STEP][PASSED] - setValueToCellByIndex(sheet01, n, 4, "нет данных"): null

30-03-2025T17:14:18 - [TEST_STEP][PASSED] - setValueToCellByIndex(sheet01, n, 5, m): null

30-03-2025T17:14:18 - [TEST_STEP][PASSED] - setValueToCellByIndex(sheet01, n, 6, y): null

30-03-2025T17:14:18 - [TEST_STEP][PASSED] - setValueToCellByIndex(sheet01, n, 7, todaysDate): null

30-03-2025T17:14:18 - [TEST_STEP][PASSED] - n = n + 1: null

30-03-2025T17:14:18 - [TEST_STEP][PASSED] - saveWorkbook(excelFilePath, workbook01): null

30-03-2025T17:14:18 - [TEST_STEP][PASSED] - compare = pageOtpuskVSet: null

30-03-2025T17:14:18 - [TEST_STEP][PASSED] - if (pageOtpuskVSet != null): null

30-03-2025T17:14:18 - [TEST_STEP][PASSED] - if (compare == fileOtpuskVSet): null

30-03-2025T17:14:18 - [TEST_STEP][PASSED] - if (compare == fileOtpuskVSet): null

30-03-2025T17:14:18 - [TEST_STEP][PASSED] - compare = pagePoteri: null

30-03-2025T17:14:18 - [TEST_STEP][PASSED] - if (pageOtpuskVSet != null): null

30-03-2025T17:14:18 - [TEST_STEP][PASSED] - if (compare == filePoteri): null

30-03-2025T17:14:18 - [TEST_STEP][PASSED] - else if (compare > filePoteri): null

30-03-2025T17:14:18 - [TEST_STEP][PASSED] - compare = compare - 1: null

30-03-2025T17:14:18 - [TEST_STEP][PASSED] - if (compare == filePoteri): null

30-03-2025T17:14:18 - [TEST_STEP][PASSED] - else: null

30-03-2025T17:14:18 - [TEST_STEP][PASSED] - numberOfErrors = numberOfErrors + 1: null

30-03-2025T17:14:18 - [TEST_STEP][PASSED] - pageInt = pagePoteri: null

30-03-2025T17:14:18 - [TEST_STEP][PASSED] - fileInt = filePoteri: null

30-03-2025T17:14:18 - [TEST_STEP][PASSED] - typeOfData = typeOfDataMain + " Потери": null

30-03-2025T17:14:18 - [TEST_STEP][PASSED] - Script1718980020443.WriteToExcel(a, typeOfData, todaysDate, pageInt, fileInt, pageDouble, fileDouble, dZO): null

30-03-2025T17:14:18 - [TEST_STEP][PASSED] - sheetName = "Sheet1": null

30-03-2025T17:14:18 - [TEST_STEP][PASSED] - data = findTestData("PlanFact"): null

30-03-2025T17:14:18 - [TEST_STEP][PASSED] - n = data.getRowNumbers() + 1: null

30-03-2025T17:14:18 - [TEST_STEP][PASSED] - day = ")).toInteger(): null

30-03-2025T17:14:18 - [TEST_STEP][PASSED] - println(day): null

30-03-2025T17:14:18 - [TEST_STEP][PASSED] - month = ")).toInteger(): null

30-03-2025T17:14:18 - [TEST_STEP][PASSED] - println(month): null

30-03-2025T17:14:18 - [TEST_STEP][PASSED] - y = <not implemented yet for class: org.codehaus.groovy.ast.expr.EmptyExpression>: null

30-03-2025T17:14:18 - [TEST_STEP][PASSED] - iy = <not implemented yet for class: org.codehaus.groovy.ast.expr.EmptyExpression>: null

30-03-2025T17:14:18 - [TEST_STEP][PASSED] - m = getText(findTestObject("Выполнение бизнес-плана/Период")): Text of object 'Object Repository/Выполнение бизнес-плана/Период' is: 'Январь 2025 года'

30-03-2025T17:14:19 - [MESSAGE][PASSED] - Text of object 'Object Repository/Выполнение бизнес-плана/Период' is: 'Январь 2025 года'

30-03-2025T17:14:19 - [TEST_STEP][PASSED] - iy = m.indexOf("20"): null

30-03-2025T17:14:19 - [TEST_STEP][PASSED] - if (iy > -1): null

30-03-2025T17:14:19 - [TEST_STEP][PASSED] - y = substring(iy, iy + 4).toInteger(): null

30-03-2025T17:14:19 - [TEST_STEP][PASSED] - println(y): null

30-03-2025T17:14:19 - [TEST_STEP][PASSED] - if (toString().length() == 4): null

30-03-2025T17:14:19 - [TEST_STEP][PASSED] - m = m.substring(0, m.indexOf(y.toString())): null

30-03-2025T17:14:19 - [TEST_STEP][PASSED] - m = m.trim(): null

30-03-2025T17:14:19 - [TEST_STEP][PASSED] - if (m == ""): null

30-03-2025T17:14:19 - [TEST_STEP][PASSED] - dashboardName = "Выполнение бизнес-плана": null

30-03-2025T17:14:19 - [TEST_STEP][PASSED] - workbook01 = getWorkbook(excelFilePath): null

30-03-2025T17:14:19 - [TEST_STEP][PASSED] - sheet01 = getExcelSheet(workbook01, sheetName): null

30-03-2025T17:14:19 - [TEST_STEP][PASSED] - setValueToCellByIndex(sheet01, n, 0, dashboardName): null

30-03-2025T17:14:19 - [TEST_STEP][PASSED] - setValueToCellByIndex(sheet01, n, 1, dZO): null

30-03-2025T17:14:19 - [TEST_STEP][PASSED] - setValueToCellByIndex(sheet01, n, 2, typeOfData): null

30-03-2025T17:14:19 - [TEST_STEP][PASSED] - if (typeOfData == "Факт в процентах" || typeOfData == "План в процентах"): null

30-03-2025T17:14:19 - [TEST_STEP][PASSED] - else: null

30-03-2025T17:14:19 - [TEST_STEP][PASSED] - setValueToCellByIndex(sheet01, n, 3, fileInt): null

30-03-2025T17:14:19 - [TEST_STEP][PASSED] - setValueToCellByIndex(sheet01, n, 4, pageInt): null

30-03-2025T17:14:19 - [TEST_STEP][PASSED] - setValueToCellByIndex(sheet01, n, 5, m): null

30-03-2025T17:14:19 - [TEST_STEP][PASSED] - setValueToCellByIndex(sheet01, n, 6, y): null

30-03-2025T17:14:19 - [TEST_STEP][PASSED] - setValueToCellByIndex(sheet01, n, 7, todaysDate): null

30-03-2025T17:14:19 - [TEST_STEP][PASSED] - n = n + 1: null

30-03-2025T17:14:19 - [TEST_STEP][PASSED] - saveWorkbook(excelFilePath, workbook01): Object: 'Object Repository/Выполнение бизнес-плана/Кнопка Факт' is clicked on

30-03-2025T17:14:19 - [TEST_STEP][PASSED] - if (planFact == 2): Object: 'Object Repository/Выполнение бизнес-плана/Кнопка Факт' is clicked on

30-03-2025T17:14:19 - [TEST_STEP][PASSED] - click(findTestObject("Выполнение бизнес-плана/Кнопка Факт")): Object: 'Object Repository/Выполнение бизнес-плана/Кнопка Факт' is clicked on

30-03-2025T17:14:19 - [MESSAGE][PASSED] - Object: 'Object Repository/Выполнение бизнес-плана/Кнопка Факт' is clicked on

30-03-2025T17:14:19 - [TEST_STEP][PASSED] - println("a=" + a): null

30-03-2025T17:14:19 - [TEST_STEP][PASSED] - if (a == 84 || a == 82): null

30-03-2025T17:14:19 - [TEST_STEP][PASSED] - else if (a == 83 || a == 52 || a == 72 || a == 28 || a == 73 || a == 77 || a == 74 || a == 65 || a == 36 || a == 44 || a == 53 || a == 80 || a == 54 || a == 1 || a == 18 || a == 59 || a == 81): null

30-03-2025T17:14:19 - [TEST_STEP][PASSED] - page1 = getText(findTestObject("Object Repository/Выполнение бизнес-плана/spanPlan" + dzoNum)): Text of object 'Object Repository/Выполнение бизнес-плана/spanPlan5' is: '11.82
|'

30-03-2025T17:14:20 - [MESSAGE][PASSED] - Text of object 'Object Repository/Выполнение бизнес-плана/spanPlan5' is: '11.82
|'

30-03-2025T17:14:20 - [TEST_STEP][PASSED] - page1 = page1.replace("|", ""): null

30-03-2025T17:14:20 - [TEST_STEP][PASSED] - page2 = getText(findTestObject("Object Repository/Выполнение бизнес-плана/spanFact" + dzoNum)): Text of object 'Object Repository/Выполнение бизнес-плана/spanFact5' is: '11.52'

30-03-2025T17:14:20 - [MESSAGE][PASSED] - Text of object 'Object Repository/Выполнение бизнес-плана/spanFact5' is: '11.52'

30-03-2025T17:14:20 - [TEST_STEP][PASSED] - page2 = page2.replace("|", ""): null

30-03-2025T17:14:20 - [TEST_STEP][PASSED] - println("page1: " + page1): null

30-03-2025T17:14:20 - [TEST_STEP][PASSED] - println("page2: " + page2): null

30-03-2025T17:14:20 - [TEST_STEP][PASSED] - file = findTestData("PlanFact").getValue(4, a): null

30-03-2025T17:14:20 - [TEST_STEP][PASSED] - file = file.replace(",", "."): null

30-03-2025T17:14:20 - [TEST_STEP][PASSED] - println("file Plan: " + file): null

30-03-2025T17:14:20 - [TEST_STEP][PASSED] - typeOfData = "План в процентах": null

30-03-2025T17:14:20 - [TEST_STEP][PASSED] - fileDouble = file.toDouble(): null

30-03-2025T17:14:20 - [TEST_STEP][PASSED] - pageDouble = page1.toDouble(): null

30-03-2025T17:14:20 - [TEST_STEP][PASSED] - if (fileDouble != pageDouble): null

30-03-2025T17:14:20 - [TEST_STEP][PASSED] - file = findTestData("PlanFact").getValue(7, a): null

30-03-2025T17:14:20 - [TEST_STEP][PASSED] - file = file.replace(",", "."): null

30-03-2025T17:14:20 - [TEST_STEP][PASSED] - println("file Fact: " + file): null

30-03-2025T17:14:20 - [TEST_STEP][PASSED] - fileDouble = file.toDouble(): null

30-03-2025T17:14:20 - [TEST_STEP][PASSED] - typeOfData = "Факт в процентах": null

30-03-2025T17:14:20 - [TEST_STEP][PASSED] - fileDouble = file.toDouble(): null

30-03-2025T17:14:20 - [TEST_STEP][PASSED] - pageDouble = page2.toDouble(): null

30-03-2025T17:14:20 - [TEST_STEP][PASSED] - if (fileDouble != pageDouble): null

30-03-2025T17:14:20 - [TEST_STEP][FAILED] - if (verifyEqual(numberOfErrors, 0) == false): null

30-03-2025T17:14:20 - [MESSAGE][FAILED] - Unable to verify equal between actual object '2' and expected object '0' (Root cause: com.kms.katalon.core.exception.StepFailedException: Actual object '2' and expected object '0' are not equal
	at com.kms.katalon.core.keyword.builtin.VerifyEqualKeyword$_verifyEqual_closure1.doCall(VerifyEqualKeyword.groovy:58)
	at com.kms.katalon.core.keyword.builtin.VerifyEqualKeyword$_verifyEqual_closure1.call(VerifyEqualKeyword.groovy)
	at com.kms.katalon.core.keyword.internal.KeywordMain.runKeyword(KeywordMain.groovy:75)
	at com.kms.katalon.core.keyword.builtin.VerifyEqualKeyword.verifyEqual(VerifyEqualKeyword.groovy:63)
	at com.kms.katalon.core.keyword.builtin.VerifyEqualKeyword.execute(VerifyEqualKeyword.groovy:44)
	at com.kms.katalon.core.keyword.internal.KeywordExecutor.executeKeywordForPlatform(KeywordExecutor.groovy:74)
	at com.kms.katalon.core.keyword.BuiltinKeywords.verifyEqual(BuiltinKeywords.groovy:146)
	at jdk.internal.reflect.GeneratedMethodAccessor22.invoke(Unknown Source)
	at java.base/jdk.internal.reflect.DelegatingMethodAccessorImpl.invoke(DelegatingMethodAccessorImpl.java:43)
	at Выполнение бизнес-плана Сверка ПАО Россети все филиалы.Numbers(Выполнение бизнес-плана Сверка ПАО Россети все филиалы:744)
	at Выполнение бизнес-плана Сверка ПАО Россети все филиалы.run(Выполнение бизнес-плана Сверка ПАО Россети все филиалы:329)
	at com.kms.katalon.core.main.ScriptEngine.run(ScriptEngine.java:194)
	at com.kms.katalon.core.main.ScriptEngine.runScriptAsRawText(ScriptEngine.java:119)
	at com.kms.katalon.core.main.TestCaseExecutor.runScript(TestCaseExecutor.java:448)
	at com.kms.katalon.core.main.TestCaseExecutor.doExecute(TestCaseExecutor.java:439)
	at com.kms.katalon.core.main.TestCaseExecutor.processExecutionPhase(TestCaseExecutor.java:418)
	at com.kms.katalon.core.main.TestCaseExecutor.accessMainPhase(TestCaseExecutor.java:410)
	at com.kms.katalon.core.main.TestCaseExecutor.execute(TestCaseExecutor.java:285)
	at com.kms.katalon.core.common.CommonExecutor.accessTestCaseMainPhase(CommonExecutor.java:65)
	at com.kms.katalon.core.main.TestSuiteExecutor.accessTestSuiteMainPhase(TestSuiteExecutor.java:150)
	at com.kms.katalon.core.main.TestSuiteExecutor.execute(TestSuiteExecutor.java:106)
	at com.kms.katalon.core.main.TestCaseMain.startTestSuite(TestCaseMain.java:180)
	at TempTestSuite1743336560690.run(TempTestSuite1743336560690.groovy:35)
	at java.base/jdk.internal.reflect.NativeMethodAccessorImpl.invoke0(Native Method)
	at java.base/jdk.internal.reflect.NativeMethodAccessorImpl.invoke(NativeMethodAccessorImpl.java:77)
	at java.base/jdk.internal.reflect.DelegatingMethodAccessorImpl.invoke(DelegatingMethodAccessorImpl.java:43)
)

30-03-2025T17:14:20 - [TEST_STEP][PASSED] - println(numberOfErrors): null

30-03-2025T17:14:20 - [TEST_STEP][PASSED] - println("a=" + a): null

30-03-2025T17:14:20 - [TEST_STEP][PASSED] - if (a == 28 || a == 77 || a == 74 || a == 65 || a == 36 || a == 44 || a == 54 || a == 1 || a == 18 || a == 59): null

30-03-2025T17:14:20 - [TEST_STEP][PASSED] - if (a == 82): null

30-03-2025T17:14:20 - [TEST_STEP][PASSED] - println(dzoNum): null

30-03-2025T17:14:20 - [TEST_STEP][PASSED] - dZO = "Россети Тюмень": null

30-03-2025T17:14:20 - [TEST_STEP][PASSED] - a = 80: null

30-03-2025T17:14:20 - [TEST_STEP][PASSED] - if (x1.contains("Тюмень")): null

30-03-2025T17:14:20 - [TEST_STEP][PASSED] - else: null

30-03-2025T17:14:20 - [TEST_STEP][PASSED] - Script1718980020443.NoData(a, typeOfData, todaysDate, fileInt, fileDouble, dZO): null

30-03-2025T17:14:20 - [TEST_STEP][PASSED] - println(a): null

30-03-2025T17:14:20 - [TEST_STEP][PASSED] - println(todaysDate): null

30-03-2025T17:14:20 - [TEST_STEP][PASSED] - println(fileInt): null

30-03-2025T17:14:20 - [TEST_STEP][PASSED] - println(fileDouble): null

30-03-2025T17:14:20 - [TEST_STEP][PASSED] - println(dZO): null

30-03-2025T17:14:20 - [TEST_STEP][PASSED] - typeOfData = "Факт Отпуск в сеть": null

30-03-2025T17:14:20 - [TEST_STEP][PASSED] - fileInt = replaceAll("\s+", "").toInteger(): null

30-03-2025T17:14:20 - [TEST_STEP][PASSED] - Script1718980020443.WriteToExcelNoData(a, typeOfData, todaysDate, fileInt, fileDouble, dZO): null

30-03-2025T17:14:20 - [TEST_STEP][PASSED] - sheetName = "Sheet1": null

30-03-2025T17:14:20 - [TEST_STEP][PASSED] - data = findTestData("PlanFact"): null

30-03-2025T17:14:20 - [TEST_STEP][PASSED] - n = data.getRowNumbers() + 1: null

30-03-2025T17:14:20 - [TEST_STEP][PASSED] - day = ")).toInteger(): null

30-03-2025T17:14:20 - [TEST_STEP][PASSED] - println(day): null

30-03-2025T17:14:20 - [TEST_STEP][PASSED] - month = ")).toInteger(): null

30-03-2025T17:14:20 - [TEST_STEP][PASSED] - println(month): null

30-03-2025T17:14:20 - [TEST_STEP][PASSED] - y = <not implemented yet for class: org.codehaus.groovy.ast.expr.EmptyExpression>: null

30-03-2025T17:14:20 - [TEST_STEP][PASSED] - iy = <not implemented yet for class: org.codehaus.groovy.ast.expr.EmptyExpression>: null

30-03-2025T17:14:20 - [TEST_STEP][PASSED] - m = getText(findTestObject("Выполнение бизнес-плана/Период")): Text of object 'Object Repository/Выполнение бизнес-плана/Период' is: 'Январь 2025 года'

30-03-2025T17:14:21 - [MESSAGE][PASSED] - Text of object 'Object Repository/Выполнение бизнес-плана/Период' is: 'Январь 2025 года'

30-03-2025T17:14:21 - [TEST_STEP][PASSED] - iy = m.indexOf("20"): null

30-03-2025T17:14:21 - [TEST_STEP][PASSED] - if (iy > -1): null

30-03-2025T17:14:21 - [TEST_STEP][PASSED] - y = substring(iy, iy + 4).toInteger(): null

30-03-2025T17:14:21 - [TEST_STEP][PASSED] - println(y): null

30-03-2025T17:14:21 - [TEST_STEP][PASSED] - if (toString().length() == 4): null

30-03-2025T17:14:21 - [TEST_STEP][PASSED] - m = m.substring(0, m.indexOf(y.toString())): null

30-03-2025T17:14:21 - [TEST_STEP][PASSED] - m = m.trim(): null

30-03-2025T17:14:21 - [TEST_STEP][PASSED] - if (m == ""): null

30-03-2025T17:14:21 - [TEST_STEP][PASSED] - dashboardName = "Выполнение бизнес-плана": null

30-03-2025T17:14:21 - [TEST_STEP][PASSED] - workbook01 = getWorkbook(excelFilePath): null

30-03-2025T17:14:21 - [TEST_STEP][PASSED] - sheet01 = getExcelSheet(workbook01, sheetName): null

30-03-2025T17:14:21 - [TEST_STEP][PASSED] - setValueToCellByIndex(sheet01, n, 0, dashboardName): null

30-03-2025T17:14:21 - [TEST_STEP][PASSED] - setValueToCellByIndex(sheet01, n, 1, dZO): null

30-03-2025T17:14:21 - [TEST_STEP][PASSED] - setValueToCellByIndex(sheet01, n, 2, typeOfData): null

30-03-2025T17:14:21 - [TEST_STEP][PASSED] - if (typeOfData == "Факт в процентах" || typeOfData == "План в процентах"): null

30-03-2025T17:14:21 - [TEST_STEP][PASSED] - else: null

30-03-2025T17:14:21 - [TEST_STEP][PASSED] - setValueToCellByIndex(sheet01, n, 3, fileInt): null

30-03-2025T17:14:21 - [TEST_STEP][PASSED] - setValueToCellByIndex(sheet01, n, 4, "нет данных"): null

30-03-2025T17:14:21 - [TEST_STEP][PASSED] - setValueToCellByIndex(sheet01, n, 5, m): null

30-03-2025T17:14:21 - [TEST_STEP][PASSED] - setValueToCellByIndex(sheet01, n, 6, y): null

30-03-2025T17:14:21 - [TEST_STEP][PASSED] - setValueToCellByIndex(sheet01, n, 7, todaysDate): null

30-03-2025T17:14:21 - [TEST_STEP][PASSED] - n = n + 1: null

30-03-2025T17:14:21 - [TEST_STEP][PASSED] - saveWorkbook(excelFilePath, workbook01): null

30-03-2025T17:14:21 - [TEST_STEP][PASSED] - typeOfData = "Факт Потери": null

30-03-2025T17:14:21 - [TEST_STEP][PASSED] - fileInt = replaceAll("\s+", "").toInteger(): null

30-03-2025T17:14:21 - [TEST_STEP][PASSED] - Script1718980020443.WriteToExcelNoData(a, typeOfData, todaysDate, fileInt, fileDouble, dZO): null

30-03-2025T17:14:21 - [TEST_STEP][PASSED] - sheetName = "Sheet1": null

30-03-2025T17:14:21 - [TEST_STEP][PASSED] - data = findTestData("PlanFact"): null

30-03-2025T17:14:21 - [TEST_STEP][PASSED] - n = data.getRowNumbers() + 1: null

30-03-2025T17:14:21 - [TEST_STEP][PASSED] - day = ")).toInteger(): null

30-03-2025T17:14:21 - [TEST_STEP][PASSED] - println(day): null

30-03-2025T17:14:21 - [TEST_STEP][PASSED] - month = ")).toInteger(): null

30-03-2025T17:14:21 - [TEST_STEP][PASSED] - println(month): null

30-03-2025T17:14:21 - [TEST_STEP][PASSED] - y = <not implemented yet for class: org.codehaus.groovy.ast.expr.EmptyExpression>: null

30-03-2025T17:14:21 - [TEST_STEP][PASSED] - iy = <not implemented yet for class: org.codehaus.groovy.ast.expr.EmptyExpression>: null

30-03-2025T17:14:21 - [TEST_STEP][PASSED] - m = getText(findTestObject("Выполнение бизнес-плана/Период")): Text of object 'Object Repository/Выполнение бизнес-плана/Период' is: 'Январь 2025 года'

30-03-2025T17:14:21 - [MESSAGE][PASSED] - Text of object 'Object Repository/Выполнение бизнес-плана/Период' is: 'Январь 2025 года'

30-03-2025T17:14:21 - [TEST_STEP][PASSED] - iy = m.indexOf("20"): null

30-03-2025T17:14:21 - [TEST_STEP][PASSED] - if (iy > -1): null

30-03-2025T17:14:21 - [TEST_STEP][PASSED] - y = substring(iy, iy + 4).toInteger(): null

30-03-2025T17:14:21 - [TEST_STEP][PASSED] - println(y): null

30-03-2025T17:14:21 - [TEST_STEP][PASSED] - if (toString().length() == 4): null

30-03-2025T17:14:21 - [TEST_STEP][PASSED] - m = m.substring(0, m.indexOf(y.toString())): null

30-03-2025T17:14:21 - [TEST_STEP][PASSED] - m = m.trim(): null

30-03-2025T17:14:21 - [TEST_STEP][PASSED] - if (m == ""): null

30-03-2025T17:14:21 - [TEST_STEP][PASSED] - dashboardName = "Выполнение бизнес-плана": null

30-03-2025T17:14:21 - [TEST_STEP][PASSED] - workbook01 = getWorkbook(excelFilePath): null

30-03-2025T17:14:21 - [TEST_STEP][PASSED] - sheet01 = getExcelSheet(workbook01, sheetName): null

30-03-2025T17:14:21 - [TEST_STEP][PASSED] - setValueToCellByIndex(sheet01, n, 0, dashboardName): null

30-03-2025T17:14:21 - [TEST_STEP][PASSED] - setValueToCellByIndex(sheet01, n, 1, dZO): null

30-03-2025T17:14:21 - [TEST_STEP][PASSED] - setValueToCellByIndex(sheet01, n, 2, typeOfData): null

30-03-2025T17:14:21 - [TEST_STEP][PASSED] - if (typeOfData == "Факт в процентах" || typeOfData == "План в процентах"): null

30-03-2025T17:14:21 - [TEST_STEP][PASSED] - else: null

30-03-2025T17:14:21 - [TEST_STEP][PASSED] - setValueToCellByIndex(sheet01, n, 3, fileInt): null

30-03-2025T17:14:21 - [TEST_STEP][PASSED] - setValueToCellByIndex(sheet01, n, 4, "нет данных"): null

30-03-2025T17:14:21 - [TEST_STEP][PASSED] - setValueToCellByIndex(sheet01, n, 5, m): null

30-03-2025T17:14:21 - [TEST_STEP][PASSED] - setValueToCellByIndex(sheet01, n, 6, y): null

30-03-2025T17:14:21 - [TEST_STEP][PASSED] - setValueToCellByIndex(sheet01, n, 7, todaysDate): null

30-03-2025T17:14:21 - [TEST_STEP][PASSED] - n = n + 1: null

30-03-2025T17:14:21 - [TEST_STEP][PASSED] - saveWorkbook(excelFilePath, workbook01): null

30-03-2025T17:14:21 - [TEST_STEP][PASSED] - typeOfData = "План Отпуск в сеть": null

30-03-2025T17:14:21 - [TEST_STEP][PASSED] - fileInt = replaceAll("\s+", "").toInteger(): null

30-03-2025T17:14:21 - [TEST_STEP][PASSED] - Script1718980020443.WriteToExcelNoData(a, typeOfData, todaysDate, fileInt, fileDouble, dZO): null

30-03-2025T17:14:21 - [TEST_STEP][PASSED] - sheetName = "Sheet1": null

30-03-2025T17:14:21 - [TEST_STEP][PASSED] - data = findTestData("PlanFact"): null

30-03-2025T17:14:21 - [TEST_STEP][PASSED] - n = data.getRowNumbers() + 1: null

30-03-2025T17:14:21 - [TEST_STEP][PASSED] - day = ")).toInteger(): null

30-03-2025T17:14:21 - [TEST_STEP][PASSED] - println(day): null

30-03-2025T17:14:21 - [TEST_STEP][PASSED] - month = ")).toInteger(): null

30-03-2025T17:14:21 - [TEST_STEP][PASSED] - println(month): null

30-03-2025T17:14:21 - [TEST_STEP][PASSED] - y = <not implemented yet for class: org.codehaus.groovy.ast.expr.EmptyExpression>: null

30-03-2025T17:14:21 - [TEST_STEP][PASSED] - iy = <not implemented yet for class: org.codehaus.groovy.ast.expr.EmptyExpression>: null

30-03-2025T17:14:21 - [TEST_STEP][PASSED] - m = getText(findTestObject("Выполнение бизнес-плана/Период")): Text of object 'Object Repository/Выполнение бизнес-плана/Период' is: 'Январь 2025 года'

30-03-2025T17:14:22 - [MESSAGE][PASSED] - Text of object 'Object Repository/Выполнение бизнес-плана/Период' is: 'Январь 2025 года'

30-03-2025T17:14:22 - [TEST_STEP][PASSED] - iy = m.indexOf("20"): null

30-03-2025T17:14:22 - [TEST_STEP][PASSED] - if (iy > -1): null

30-03-2025T17:14:22 - [TEST_STEP][PASSED] - y = substring(iy, iy + 4).toInteger(): null

30-03-2025T17:14:22 - [TEST_STEP][PASSED] - println(y): null

30-03-2025T17:14:22 - [TEST_STEP][PASSED] - if (toString().length() == 4): null

30-03-2025T17:14:22 - [TEST_STEP][PASSED] - m = m.substring(0, m.indexOf(y.toString())): null

30-03-2025T17:14:22 - [TEST_STEP][PASSED] - m = m.trim(): null

30-03-2025T17:14:22 - [TEST_STEP][PASSED] - if (m == ""): null

30-03-2025T17:14:22 - [TEST_STEP][PASSED] - dashboardName = "Выполнение бизнес-плана": null

30-03-2025T17:14:22 - [TEST_STEP][PASSED] - workbook01 = getWorkbook(excelFilePath): null

30-03-2025T17:14:22 - [TEST_STEP][PASSED] - sheet01 = getExcelSheet(workbook01, sheetName): null

30-03-2025T17:14:22 - [TEST_STEP][PASSED] - setValueToCellByIndex(sheet01, n, 0, dashboardName): null

30-03-2025T17:14:22 - [TEST_STEP][PASSED] - setValueToCellByIndex(sheet01, n, 1, dZO): null

30-03-2025T17:14:22 - [TEST_STEP][PASSED] - setValueToCellByIndex(sheet01, n, 2, typeOfData): null

30-03-2025T17:14:22 - [TEST_STEP][PASSED] - if (typeOfData == "Факт в процентах" || typeOfData == "План в процентах"): null

30-03-2025T17:14:22 - [TEST_STEP][PASSED] - else: null

30-03-2025T17:14:22 - [TEST_STEP][PASSED] - setValueToCellByIndex(sheet01, n, 3, fileInt): null

30-03-2025T17:14:22 - [TEST_STEP][PASSED] - setValueToCellByIndex(sheet01, n, 4, "нет данных"): null

30-03-2025T17:14:22 - [TEST_STEP][PASSED] - setValueToCellByIndex(sheet01, n, 5, m): null

30-03-2025T17:14:22 - [TEST_STEP][PASSED] - setValueToCellByIndex(sheet01, n, 6, y): null

30-03-2025T17:14:22 - [TEST_STEP][PASSED] - setValueToCellByIndex(sheet01, n, 7, todaysDate): null

30-03-2025T17:14:22 - [TEST_STEP][PASSED] - n = n + 1: null

30-03-2025T17:14:22 - [TEST_STEP][PASSED] - saveWorkbook(excelFilePath, workbook01): null

30-03-2025T17:14:22 - [TEST_STEP][PASSED] - typeOfData = "План Потери": null

30-03-2025T17:14:22 - [TEST_STEP][PASSED] - fileInt = replaceAll("\s+", "").toInteger(): null

30-03-2025T17:14:22 - [TEST_STEP][PASSED] - Script1718980020443.WriteToExcelNoData(a, typeOfData, todaysDate, fileInt, fileDouble, dZO): null

30-03-2025T17:14:22 - [TEST_STEP][PASSED] - sheetName = "Sheet1": null

30-03-2025T17:14:22 - [TEST_STEP][PASSED] - data = findTestData("PlanFact"): null

30-03-2025T17:14:22 - [TEST_STEP][PASSED] - n = data.getRowNumbers() + 1: null

30-03-2025T17:14:22 - [TEST_STEP][PASSED] - day = ")).toInteger(): null

30-03-2025T17:14:22 - [TEST_STEP][PASSED] - println(day): null

30-03-2025T17:14:22 - [TEST_STEP][PASSED] - month = ")).toInteger(): null

30-03-2025T17:14:22 - [TEST_STEP][PASSED] - println(month): null

30-03-2025T17:14:22 - [TEST_STEP][PASSED] - y = <not implemented yet for class: org.codehaus.groovy.ast.expr.EmptyExpression>: null

30-03-2025T17:14:22 - [TEST_STEP][PASSED] - iy = <not implemented yet for class: org.codehaus.groovy.ast.expr.EmptyExpression>: null

30-03-2025T17:14:22 - [TEST_STEP][PASSED] - m = getText(findTestObject("Выполнение бизнес-плана/Период")): Text of object 'Object Repository/Выполнение бизнес-плана/Период' is: 'Январь 2025 года'

30-03-2025T17:14:22 - [MESSAGE][PASSED] - Text of object 'Object Repository/Выполнение бизнес-плана/Период' is: 'Январь 2025 года'

30-03-2025T17:14:22 - [TEST_STEP][PASSED] - iy = m.indexOf("20"): null

30-03-2025T17:14:22 - [TEST_STEP][PASSED] - if (iy > -1): null

30-03-2025T17:14:22 - [TEST_STEP][PASSED] - y = substring(iy, iy + 4).toInteger(): null

30-03-2025T17:14:22 - [TEST_STEP][PASSED] - println(y): null

30-03-2025T17:14:22 - [TEST_STEP][PASSED] - if (toString().length() == 4): null

30-03-2025T17:14:22 - [TEST_STEP][PASSED] - m = m.substring(0, m.indexOf(y.toString())): null

30-03-2025T17:14:22 - [TEST_STEP][PASSED] - m = m.trim(): null

30-03-2025T17:14:22 - [TEST_STEP][PASSED] - if (m == ""): null

30-03-2025T17:14:22 - [TEST_STEP][PASSED] - dashboardName = "Выполнение бизнес-плана": null

30-03-2025T17:14:22 - [TEST_STEP][PASSED] - workbook01 = getWorkbook(excelFilePath): null

30-03-2025T17:14:23 - [TEST_STEP][PASSED] - sheet01 = getExcelSheet(workbook01, sheetName): null

30-03-2025T17:14:23 - [TEST_STEP][PASSED] - setValueToCellByIndex(sheet01, n, 0, dashboardName): null

30-03-2025T17:14:23 - [TEST_STEP][PASSED] - setValueToCellByIndex(sheet01, n, 1, dZO): null

30-03-2025T17:14:23 - [TEST_STEP][PASSED] - setValueToCellByIndex(sheet01, n, 2, typeOfData): null

30-03-2025T17:14:23 - [TEST_STEP][PASSED] - if (typeOfData == "Факт в процентах" || typeOfData == "План в процентах"): null

30-03-2025T17:14:23 - [TEST_STEP][PASSED] - else: null

30-03-2025T17:14:23 - [TEST_STEP][PASSED] - setValueToCellByIndex(sheet01, n, 3, fileInt): null

30-03-2025T17:14:23 - [TEST_STEP][PASSED] - setValueToCellByIndex(sheet01, n, 4, "нет данных"): null

30-03-2025T17:14:23 - [TEST_STEP][PASSED] - setValueToCellByIndex(sheet01, n, 5, m): null

30-03-2025T17:14:23 - [TEST_STEP][PASSED] - setValueToCellByIndex(sheet01, n, 6, y): null

30-03-2025T17:14:23 - [TEST_STEP][PASSED] - setValueToCellByIndex(sheet01, n, 7, todaysDate): null

30-03-2025T17:14:23 - [TEST_STEP][PASSED] - n = n + 1: null

30-03-2025T17:14:23 - [TEST_STEP][PASSED] - saveWorkbook(excelFilePath, workbook01): null

30-03-2025T17:14:23 - [TEST_STEP][PASSED] - typeOfData = "План в процентах": null

30-03-2025T17:14:23 - [TEST_STEP][PASSED] - fileDouble = ").toDouble(): null

30-03-2025T17:14:23 - [TEST_STEP][PASSED] - Script1718980020443.WriteToExcelNoData(a, typeOfData, todaysDate, fileInt, fileDouble, dZO): null

30-03-2025T17:14:23 - [TEST_STEP][PASSED] - sheetName = "Sheet1": null

30-03-2025T17:14:23 - [TEST_STEP][PASSED] - data = findTestData("PlanFact"): null

30-03-2025T17:14:23 - [TEST_STEP][PASSED] - n = data.getRowNumbers() + 1: null

30-03-2025T17:14:23 - [TEST_STEP][PASSED] - day = ")).toInteger(): null

30-03-2025T17:14:23 - [TEST_STEP][PASSED] - println(day): null

30-03-2025T17:14:23 - [TEST_STEP][PASSED] - month = ")).toInteger(): null

30-03-2025T17:14:23 - [TEST_STEP][PASSED] - println(month): null

30-03-2025T17:14:23 - [TEST_STEP][PASSED] - y = <not implemented yet for class: org.codehaus.groovy.ast.expr.EmptyExpression>: null

30-03-2025T17:14:23 - [TEST_STEP][PASSED] - iy = <not implemented yet for class: org.codehaus.groovy.ast.expr.EmptyExpression>: null

30-03-2025T17:14:23 - [TEST_STEP][PASSED] - m = getText(findTestObject("Выполнение бизнес-плана/Период")): Text of object 'Object Repository/Выполнение бизнес-плана/Период' is: 'Январь 2025 года'

30-03-2025T17:14:23 - [MESSAGE][PASSED] - Text of object 'Object Repository/Выполнение бизнес-плана/Период' is: 'Январь 2025 года'

30-03-2025T17:14:23 - [TEST_STEP][PASSED] - iy = m.indexOf("20"): null

30-03-2025T17:14:23 - [TEST_STEP][PASSED] - if (iy > -1): null

30-03-2025T17:14:23 - [TEST_STEP][PASSED] - y = substring(iy, iy + 4).toInteger(): null

30-03-2025T17:14:23 - [TEST_STEP][PASSED] - println(y): null

30-03-2025T17:14:23 - [TEST_STEP][PASSED] - if (toString().length() == 4): null

30-03-2025T17:14:23 - [TEST_STEP][PASSED] - m = m.substring(0, m.indexOf(y.toString())): null

30-03-2025T17:14:23 - [TEST_STEP][PASSED] - m = m.trim(): null

30-03-2025T17:14:23 - [TEST_STEP][PASSED] - if (m == ""): null

30-03-2025T17:14:23 - [TEST_STEP][PASSED] - dashboardName = "Выполнение бизнес-плана": null

30-03-2025T17:14:23 - [TEST_STEP][PASSED] - workbook01 = getWorkbook(excelFilePath): null

30-03-2025T17:14:23 - [TEST_STEP][PASSED] - sheet01 = getExcelSheet(workbook01, sheetName): null

30-03-2025T17:14:23 - [TEST_STEP][PASSED] - setValueToCellByIndex(sheet01, n, 0, dashboardName): null

30-03-2025T17:14:23 - [TEST_STEP][PASSED] - setValueToCellByIndex(sheet01, n, 1, dZO): null

30-03-2025T17:14:23 - [TEST_STEP][PASSED] - setValueToCellByIndex(sheet01, n, 2, typeOfData): null

30-03-2025T17:14:23 - [TEST_STEP][PASSED] - if (typeOfData == "Факт в процентах" || typeOfData == "План в процентах"): null

30-03-2025T17:14:23 - [TEST_STEP][PASSED] - setValueToCellByIndex(sheet01, n, 3, fileDouble): null

30-03-2025T17:14:23 - [TEST_STEP][PASSED] - setValueToCellByIndex(sheet01, n, 4, "нет данных"): null

30-03-2025T17:14:23 - [TEST_STEP][PASSED] - setValueToCellByIndex(sheet01, n, 5, m): null

30-03-2025T17:14:23 - [TEST_STEP][PASSED] - setValueToCellByIndex(sheet01, n, 6, y): null

30-03-2025T17:14:23 - [TEST_STEP][PASSED] - setValueToCellByIndex(sheet01, n, 7, todaysDate): null

30-03-2025T17:14:23 - [TEST_STEP][PASSED] - n = n + 1: null

30-03-2025T17:14:23 - [TEST_STEP][PASSED] - saveWorkbook(excelFilePath, workbook01): null

30-03-2025T17:14:23 - [TEST_STEP][PASSED] - typeOfData = "Факт в процентах": null

30-03-2025T17:14:23 - [TEST_STEP][PASSED] - fileDouble = ").toDouble(): null

30-03-2025T17:14:23 - [TEST_STEP][PASSED] - Script1718980020443.WriteToExcelNoData(a, typeOfData, todaysDate, fileInt, fileDouble, dZO): null

30-03-2025T17:14:23 - [TEST_STEP][PASSED] - sheetName = "Sheet1": null

30-03-2025T17:14:23 - [TEST_STEP][PASSED] - data = findTestData("PlanFact"): null

30-03-2025T17:14:23 - [TEST_STEP][PASSED] - n = data.getRowNumbers() + 1: null

30-03-2025T17:14:23 - [TEST_STEP][PASSED] - day = ")).toInteger(): null

30-03-2025T17:14:23 - [TEST_STEP][PASSED] - println(day): null

30-03-2025T17:14:23 - [TEST_STEP][PASSED] - month = ")).toInteger(): null

30-03-2025T17:14:23 - [TEST_STEP][PASSED] - println(month): null

30-03-2025T17:14:23 - [TEST_STEP][PASSED] - y = <not implemented yet for class: org.codehaus.groovy.ast.expr.EmptyExpression>: null

30-03-2025T17:14:23 - [TEST_STEP][PASSED] - iy = <not implemented yet for class: org.codehaus.groovy.ast.expr.EmptyExpression>: null

30-03-2025T17:14:23 - [TEST_STEP][PASSED] - m = getText(findTestObject("Выполнение бизнес-плана/Период")): Text of object 'Object Repository/Выполнение бизнес-плана/Период' is: 'Январь 2025 года'

30-03-2025T17:14:24 - [MESSAGE][PASSED] - Text of object 'Object Repository/Выполнение бизнес-плана/Период' is: 'Январь 2025 года'

30-03-2025T17:14:24 - [TEST_STEP][PASSED] - iy = m.indexOf("20"): null

30-03-2025T17:14:24 - [TEST_STEP][PASSED] - if (iy > -1): null

30-03-2025T17:14:24 - [TEST_STEP][PASSED] - y = substring(iy, iy + 4).toInteger(): null

30-03-2025T17:14:24 - [TEST_STEP][PASSED] - println(y): null

30-03-2025T17:14:24 - [TEST_STEP][PASSED] - if (toString().length() == 4): null

30-03-2025T17:14:24 - [TEST_STEP][PASSED] - m = m.substring(0, m.indexOf(y.toString())): null

30-03-2025T17:14:24 - [TEST_STEP][PASSED] - m = m.trim(): null

30-03-2025T17:14:24 - [TEST_STEP][PASSED] - if (m == ""): null

30-03-2025T17:14:24 - [TEST_STEP][PASSED] - dashboardName = "Выполнение бизнес-плана": null

30-03-2025T17:14:24 - [TEST_STEP][PASSED] - workbook01 = getWorkbook(excelFilePath): null

30-03-2025T17:14:24 - [TEST_STEP][PASSED] - sheet01 = getExcelSheet(workbook01, sheetName): null

30-03-2025T17:14:24 - [TEST_STEP][PASSED] - setValueToCellByIndex(sheet01, n, 0, dashboardName): null

30-03-2025T17:14:24 - [TEST_STEP][PASSED] - setValueToCellByIndex(sheet01, n, 1, dZO): null

30-03-2025T17:14:24 - [TEST_STEP][PASSED] - setValueToCellByIndex(sheet01, n, 2, typeOfData): null

30-03-2025T17:14:24 - [TEST_STEP][PASSED] - if (typeOfData == "Факт в процентах" || typeOfData == "План в процентах"): null

30-03-2025T17:14:24 - [TEST_STEP][PASSED] - setValueToCellByIndex(sheet01, n, 3, fileDouble): null

30-03-2025T17:14:24 - [TEST_STEP][PASSED] - setValueToCellByIndex(sheet01, n, 4, "нет данных"): null

30-03-2025T17:14:24 - [TEST_STEP][PASSED] - setValueToCellByIndex(sheet01, n, 5, m): null

30-03-2025T17:14:24 - [TEST_STEP][PASSED] - setValueToCellByIndex(sheet01, n, 6, y): null

30-03-2025T17:14:24 - [TEST_STEP][PASSED] - setValueToCellByIndex(sheet01, n, 7, todaysDate): null

30-03-2025T17:14:24 - [TEST_STEP][PASSED] - n = n + 1: null

30-03-2025T17:14:24 - [TEST_STEP][PASSED] - saveWorkbook(excelFilePath, workbook01): null

30-03-2025T17:14:24 - [TEST_STEP][PASSED] - println(dzoNum): null

30-03-2025T17:14:24 - [TEST_STEP][PASSED] - dZO = "Россети Урал (ГК)": null

30-03-2025T17:14:24 - [TEST_STEP][PASSED] - a = 54: null

30-03-2025T17:14:24 - [TEST_STEP][PASSED] - if (x1.contains("Урал")): null

30-03-2025T17:14:24 - [TEST_STEP][PASSED] - dzoNum = dzoNum + 1: null

30-03-2025T17:14:24 - [TEST_STEP][PASSED] - Script1718980020443.Numbers(a, typeOfData, todaysDate, pageInt, fileInt, pageDouble, fileDouble, dZO, dzoNum, filialNum): null

30-03-2025T17:14:24 - [TEST_STEP][PASSED] - println(dzoNum): null

30-03-2025T17:14:24 - [TEST_STEP][PASSED] - planFact = <not implemented yet for class: org.codehaus.groovy.ast.expr.EmptyExpression>: null

30-03-2025T17:14:24 - [TEST_STEP][PASSED] - page = <not implemented yet for class: org.codehaus.groovy.ast.expr.EmptyExpression>: null

30-03-2025T17:14:24 - [TEST_STEP][PASSED] - page1 = <not implemented yet for class: org.codehaus.groovy.ast.expr.EmptyExpression>: null

30-03-2025T17:14:24 - [TEST_STEP][PASSED] - page2 = <not implemented yet for class: org.codehaus.groovy.ast.expr.EmptyExpression>: null

30-03-2025T17:14:24 - [TEST_STEP][PASSED] - filialNumberInRow = <not implemented yet for class: org.codehaus.groovy.ast.expr.EmptyExpression>: null

30-03-2025T17:14:24 - [TEST_STEP][PASSED] - filialsDzoNames = <not implemented yet for class: org.codehaus.groovy.ast.expr.EmptyExpression>: null

30-03-2025T17:14:24 - [TEST_STEP][PASSED] - numberOfFilials = <not implemented yet for class: org.codehaus.groovy.ast.expr.EmptyExpression>: null

30-03-2025T17:14:24 - [TEST_STEP][PASSED] - numberOfSpaces = <not implemented yet for class: org.codehaus.groovy.ast.expr.EmptyExpression>: null

30-03-2025T17:14:24 - [TEST_STEP][PASSED] - file = <not implemented yet for class: org.codehaus.groovy.ast.expr.EmptyExpression>: null

30-03-2025T17:14:24 - [TEST_STEP][PASSED] - otpusk = <not implemented yet for class: org.codehaus.groovy.ast.expr.EmptyExpression>: null

30-03-2025T17:14:24 - [TEST_STEP][PASSED] - poteri = <not implemented yet for class: org.codehaus.groovy.ast.expr.EmptyExpression>: null

30-03-2025T17:14:24 - [TEST_STEP][PASSED] - dataFolder = "Выполнение бизнес-плана/Значения со страницы Выполнение бизнес-плана/": null

30-03-2025T17:14:24 - [TEST_STEP][PASSED] - path = <not implemented yet for class: org.codehaus.groovy.ast.expr.EmptyExpression>: null

30-03-2025T17:14:24 - [TEST_STEP][PASSED] - typeOfDataMain = <not implemented yet for class: org.codehaus.groovy.ast.expr.EmptyExpression>: null

30-03-2025T17:14:24 - [TEST_STEP][PASSED] - fileOtpuskVSet = <not implemented yet for class: org.codehaus.groovy.ast.expr.EmptyExpression>: null

30-03-2025T17:14:24 - [TEST_STEP][PASSED] - pageOtpuskVSet = <not implemented yet for class: org.codehaus.groovy.ast.expr.EmptyExpression>: null

30-03-2025T17:14:24 - [TEST_STEP][PASSED] - filePoteri = <not implemented yet for class: org.codehaus.groovy.ast.expr.EmptyExpression>: null

30-03-2025T17:14:24 - [TEST_STEP][PASSED] - pagePoteri = <not implemented yet for class: org.codehaus.groovy.ast.expr.EmptyExpression>: null

30-03-2025T17:14:24 - [TEST_STEP][PASSED] - compare = <not implemented yet for class: org.codehaus.groovy.ast.expr.EmptyExpression>: null

30-03-2025T17:14:24 - [TEST_STEP][PASSED] - b = <not implemented yet for class: org.codehaus.groovy.ast.expr.EmptyExpression>: null

30-03-2025T17:14:24 - [TEST_STEP][PASSED] - i = <not implemented yet for class: org.codehaus.groovy.ast.expr.EmptyExpression>: null

30-03-2025T17:14:24 - [TEST_STEP][PASSED] - ii = <not implemented yet for class: org.codehaus.groovy.ast.expr.EmptyExpression>: null

30-03-2025T17:14:24 - [TEST_STEP][PASSED] - c = <not implemented yet for class: org.codehaus.groovy.ast.expr.EmptyExpression>: null

30-03-2025T17:14:24 - [TEST_STEP][PASSED] - numberOfErrors = 0: null

30-03-2025T17:14:24 - [TEST_STEP][PASSED] - if (a == 82): null

30-03-2025T17:14:24 - [TEST_STEP][PASSED] - b = findTestData("PlanFact").getValue(1, a): null

30-03-2025T17:14:24 - [TEST_STEP][PASSED] - i = b.indexOf(" (ГК)"): null

30-03-2025T17:14:24 - [TEST_STEP][PASSED] - if (i > -1): null

30-03-2025T17:14:24 - [TEST_STEP][PASSED] - b = b.substring(0, i): null

30-03-2025T17:14:24 - [TEST_STEP][PASSED] - i = b.indexOf("О ""): null

30-03-2025T17:14:24 - [TEST_STEP][PASSED] - if (i > -1): null

30-03-2025T17:14:24 - [TEST_STEP][PASSED] - i = b.indexOf("О «"): null

30-03-2025T17:14:24 - [TEST_STEP][PASSED] - if (i > -1): null

30-03-2025T17:14:24 - [TEST_STEP][PASSED] - i = b.indexOf("г. "): null

30-03-2025T17:14:24 - [TEST_STEP][PASSED] - if (i > -1): null

30-03-2025T17:14:24 - [TEST_STEP][PASSED] - b = b.trim(): null

30-03-2025T17:14:24 - [TEST_STEP][PASSED] - println(b): null

30-03-2025T17:14:24 - [TEST_STEP][PASSED] - for ([planFact = 1, planFact < 3, (planFact++)]): null

30-03-2025T17:14:24 - [TEST_STEP][PASSED] - if (planFact == 1): null

30-03-2025T17:14:24 - [TEST_STEP][PASSED] - typeOfDataMain = "Факт": null

30-03-2025T17:14:24 - [TEST_STEP][PASSED] - otpusk = findTestData("PlanFact").getValue(5, a): null

30-03-2025T17:14:24 - [TEST_STEP][PASSED] - poteri = findTestData("PlanFact").getValue(6, a): null

30-03-2025T17:14:24 - [TEST_STEP][PASSED] - otpusk = otpusk.replaceAll("\s+", ""): null

30-03-2025T17:14:24 - [TEST_STEP][PASSED] - poteri = poteri.replaceAll("\s+", ""): null

30-03-2025T17:14:24 - [TEST_STEP][PASSED] - typeOfData = typeOfDataMain + " Отпуск в сеть": null

30-03-2025T17:14:24 - [TEST_STEP][PASSED] - if (a == 82): null

30-03-2025T17:14:24 - [TEST_STEP][PASSED] - else if (a == 84): null

30-03-2025T17:14:24 - [TEST_STEP][PASSED] - else if (a == 83 || a == 52 || a == 72 || a == 28 || a == 73 || a == 77 || a == 74 || a == 65 || a == 36 || a == 44 || a == 53 || a == 80 || a == 54 || a == 1 || a == 18 || a == 59 || a == 81): null

30-03-2025T17:14:24 - [TEST_STEP][PASSED] - path = dataFolder + "Table Data/" + typeOfData + " за отчётный период " + dzoNum: null

30-03-2025T17:14:24 - [TEST_STEP][PASSED] - println(path): null

30-03-2025T17:14:24 - [TEST_STEP][PASSED] - page = getText(findTestObject(path)): Text of object 'Object Repository/Выполнение бизнес-плана/Значения со страницы Выполнение бизнес-плана/Table Data/Факт Отпуск в сеть за отчётный период 6' is: '6 843 010'

30-03-2025T17:14:25 - [MESSAGE][PASSED] - Text of object 'Object Repository/Выполнение бизнес-плана/Значения со страницы Выполнение бизнес-плана/Table Data/Факт Отпуск в сеть за отчётный период 6' is: '6 843 010'

30-03-2025T17:14:25 - [TEST_STEP][PASSED] - if (page == "" || page == null): null

30-03-2025T17:14:25 - [TEST_STEP][PASSED] - else: null

30-03-2025T17:14:25 - [TEST_STEP][PASSED] - page = page.replaceAll("\s+", ""): null

30-03-2025T17:14:25 - [TEST_STEP][PASSED] - if (page == "undefined"): null

30-03-2025T17:14:25 - [TEST_STEP][PASSED] - fileOtpuskVSet = otpusk.toInteger(): null

30-03-2025T17:14:25 - [TEST_STEP][PASSED] - pageOtpuskVSet = page.toInteger(): null

30-03-2025T17:14:25 - [TEST_STEP][PASSED] - typeOfData = typeOfDataMain + " Потери": null

30-03-2025T17:14:25 - [TEST_STEP][PASSED] - if (a == 82): null

30-03-2025T17:14:25 - [TEST_STEP][PASSED] - else if (a == 84): null

30-03-2025T17:14:25 - [TEST_STEP][PASSED] - else if (a == 83 || a == 52 || a == 72 || a == 28 || a == 73 || a == 77 || a == 74 || a == 65 || a == 44 || a == 53 || a == 80 || a == 54 || a == 1 || a == 18 || a == 59 || a == 81): null

30-03-2025T17:14:25 - [TEST_STEP][PASSED] - path = dataFolder + "Table Data/" + typeOfData + " за отчётный период " + dzoNum: null

30-03-2025T17:14:25 - [TEST_STEP][PASSED] - page = getText(findTestObject(path)): Text of object 'Object Repository/Выполнение бизнес-плана/Значения со страницы Выполнение бизнес-плана/Table Data/Факт Потери за отчётный период 6' is: '429 434'

30-03-2025T17:14:25 - [MESSAGE][PASSED] - Text of object 'Object Repository/Выполнение бизнес-плана/Значения со страницы Выполнение бизнес-плана/Table Data/Факт Потери за отчётный период 6' is: '429 434'

30-03-2025T17:14:25 - [TEST_STEP][PASSED] - if (page == "" || page == null): null

30-03-2025T17:14:25 - [TEST_STEP][PASSED] - else: null

30-03-2025T17:14:25 - [TEST_STEP][PASSED] - page = page.replaceAll("\s+", ""): null

30-03-2025T17:14:25 - [TEST_STEP][PASSED] - if (page == "undefined"): null

30-03-2025T17:14:25 - [TEST_STEP][PASSED] - filePoteri = poteri.toInteger(): null

30-03-2025T17:14:25 - [TEST_STEP][PASSED] - pagePoteri = page.toInteger(): null

30-03-2025T17:14:25 - [TEST_STEP][PASSED] - compare = pageOtpuskVSet: null

30-03-2025T17:14:25 - [TEST_STEP][PASSED] - if (pageOtpuskVSet != null): null

30-03-2025T17:14:25 - [TEST_STEP][PASSED] - if (compare == fileOtpuskVSet): null

30-03-2025T17:14:25 - [TEST_STEP][PASSED] - if (compare == fileOtpuskVSet): null

30-03-2025T17:14:25 - [TEST_STEP][PASSED] - compare = pagePoteri: null

30-03-2025T17:14:25 - [TEST_STEP][PASSED] - if (pageOtpuskVSet != null): null

30-03-2025T17:14:25 - [TEST_STEP][PASSED] - if (compare == filePoteri): null

30-03-2025T17:14:25 - [TEST_STEP][PASSED] - else if (compare > filePoteri): null

30-03-2025T17:14:25 - [TEST_STEP][PASSED] - else if (compare < filePoteri): null

30-03-2025T17:14:25 - [TEST_STEP][PASSED] - compare = compare + 1: null

30-03-2025T17:14:25 - [TEST_STEP][PASSED] - if (compare == filePoteri): null

30-03-2025T17:14:25 - [TEST_STEP][PASSED] - else: null

30-03-2025T17:14:25 - [TEST_STEP][PASSED] - numberOfErrors = numberOfErrors + 1: null

30-03-2025T17:14:25 - [TEST_STEP][PASSED] - pageInt = pagePoteri: null

30-03-2025T17:14:25 - [TEST_STEP][PASSED] - fileInt = filePoteri: null

30-03-2025T17:14:25 - [TEST_STEP][PASSED] - typeOfData = typeOfDataMain + " Потери": null

30-03-2025T17:14:25 - [TEST_STEP][PASSED] - Script1718980020443.WriteToExcel(a, typeOfData, todaysDate, pageInt, fileInt, pageDouble, fileDouble, dZO): null

30-03-2025T17:14:25 - [TEST_STEP][PASSED] - sheetName = "Sheet1": null

30-03-2025T17:14:25 - [TEST_STEP][PASSED] - data = findTestData("PlanFact"): null

30-03-2025T17:14:25 - [TEST_STEP][PASSED] - n = data.getRowNumbers() + 1: null

30-03-2025T17:14:25 - [TEST_STEP][PASSED] - day = ")).toInteger(): null

30-03-2025T17:14:25 - [TEST_STEP][PASSED] - println(day): null

30-03-2025T17:14:25 - [TEST_STEP][PASSED] - month = ")).toInteger(): null

30-03-2025T17:14:25 - [TEST_STEP][PASSED] - println(month): null

30-03-2025T17:14:25 - [TEST_STEP][PASSED] - y = <not implemented yet for class: org.codehaus.groovy.ast.expr.EmptyExpression>: null

30-03-2025T17:14:25 - [TEST_STEP][PASSED] - iy = <not implemented yet for class: org.codehaus.groovy.ast.expr.EmptyExpression>: null

30-03-2025T17:14:25 - [TEST_STEP][PASSED] - m = getText(findTestObject("Выполнение бизнес-плана/Период")): Text of object 'Object Repository/Выполнение бизнес-плана/Период' is: 'Январь 2025 года'

30-03-2025T17:14:25 - [MESSAGE][PASSED] - Text of object 'Object Repository/Выполнение бизнес-плана/Период' is: 'Январь 2025 года'

30-03-2025T17:14:25 - [TEST_STEP][PASSED] - iy = m.indexOf("20"): null

30-03-2025T17:14:25 - [TEST_STEP][PASSED] - if (iy > -1): null

30-03-2025T17:14:25 - [TEST_STEP][PASSED] - y = substring(iy, iy + 4).toInteger(): null

30-03-2025T17:14:25 - [TEST_STEP][PASSED] - println(y): null

30-03-2025T17:14:25 - [TEST_STEP][PASSED] - if (toString().length() == 4): null

30-03-2025T17:14:25 - [TEST_STEP][PASSED] - m = m.substring(0, m.indexOf(y.toString())): null

30-03-2025T17:14:25 - [TEST_STEP][PASSED] - m = m.trim(): null

30-03-2025T17:14:25 - [TEST_STEP][PASSED] - if (m == ""): null

30-03-2025T17:14:25 - [TEST_STEP][PASSED] - dashboardName = "Выполнение бизнес-плана": null

30-03-2025T17:14:25 - [TEST_STEP][PASSED] - workbook01 = getWorkbook(excelFilePath): null

30-03-2025T17:14:25 - [TEST_STEP][PASSED] - sheet01 = getExcelSheet(workbook01, sheetName): null

30-03-2025T17:14:25 - [TEST_STEP][PASSED] - setValueToCellByIndex(sheet01, n, 0, dashboardName): null

30-03-2025T17:14:25 - [TEST_STEP][PASSED] - setValueToCellByIndex(sheet01, n, 1, dZO): null

30-03-2025T17:14:25 - [TEST_STEP][PASSED] - setValueToCellByIndex(sheet01, n, 2, typeOfData): null

30-03-2025T17:14:25 - [TEST_STEP][PASSED] - if (typeOfData == "Факт в процентах" || typeOfData == "План в процентах"): null

30-03-2025T17:14:25 - [TEST_STEP][PASSED] - else: null

30-03-2025T17:14:25 - [TEST_STEP][PASSED] - setValueToCellByIndex(sheet01, n, 3, fileInt): null

30-03-2025T17:14:25 - [TEST_STEP][PASSED] - setValueToCellByIndex(sheet01, n, 4, pageInt): null

30-03-2025T17:14:25 - [TEST_STEP][PASSED] - setValueToCellByIndex(sheet01, n, 5, m): null

30-03-2025T17:14:25 - [TEST_STEP][PASSED] - setValueToCellByIndex(sheet01, n, 6, y): null

30-03-2025T17:14:25 - [TEST_STEP][PASSED] - setValueToCellByIndex(sheet01, n, 7, todaysDate): null

30-03-2025T17:14:25 - [TEST_STEP][PASSED] - n = n + 1: null

30-03-2025T17:14:25 - [TEST_STEP][FAILED] - saveWorkbook(excelFilePath, workbook01): null

30-03-2025T17:14:25 - [TEST_STEP][PASSED] - if (planFact == 2): null

30-03-2025T17:14:25 - [TEST_STEP][PASSED] - if (planFact == 1): null

30-03-2025T17:14:25 - [TEST_STEP][PASSED] - else if (planFact == 2): null

30-03-2025T17:14:25 - [TEST_STEP][PASSED] - click(findTestObject("Выполнение бизнес-плана/Кнопка План")): Object: 'Object Repository/Выполнение бизнес-плана/Кнопка План' is clicked on

30-03-2025T17:14:26 - [MESSAGE][PASSED] - Object: 'Object Repository/Выполнение бизнес-плана/Кнопка План' is clicked on

30-03-2025T17:14:26 - [TEST_STEP][PASSED] - typeOfDataMain = "План": null

30-03-2025T17:14:26 - [TEST_STEP][PASSED] - otpusk = findTestData("PlanFact").getValue(2, a): null

30-03-2025T17:14:26 - [TEST_STEP][PASSED] - poteri = findTestData("PlanFact").getValue(3, a): null

30-03-2025T17:14:26 - [TEST_STEP][PASSED] - otpusk = otpusk.replaceAll("\s+", ""): null

30-03-2025T17:14:26 - [TEST_STEP][PASSED] - poteri = poteri.replaceAll("\s+", ""): null

30-03-2025T17:14:26 - [TEST_STEP][PASSED] - typeOfData = typeOfDataMain + " Отпуск в сеть": null

30-03-2025T17:14:26 - [TEST_STEP][PASSED] - if (a == 82): null

30-03-2025T17:14:26 - [TEST_STEP][PASSED] - else if (a == 84): null

30-03-2025T17:14:26 - [TEST_STEP][PASSED] - else if (a == 83 || a == 52 || a == 72 || a == 28 || a == 73 || a == 77 || a == 74 || a == 65 || a == 36 || a == 44 || a == 53 || a == 80 || a == 54 || a == 1 || a == 18 || a == 59 || a == 81): null

30-03-2025T17:14:26 - [TEST_STEP][PASSED] - path = dataFolder + "Table Data/" + typeOfData + " за отчётный период " + dzoNum: null

30-03-2025T17:14:26 - [TEST_STEP][PASSED] - println(path): null

30-03-2025T17:14:26 - [TEST_STEP][PASSED] - page = getText(findTestObject(path)): Text of object 'Object Repository/Выполнение бизнес-плана/Значения со страницы Выполнение бизнес-плана/Table Data/План Отпуск в сеть за отчётный период 6' is: '7 177 213'

30-03-2025T17:14:26 - [MESSAGE][PASSED] - Text of object 'Object Repository/Выполнение бизнес-плана/Значения со страницы Выполнение бизнес-плана/Table Data/План Отпуск в сеть за отчётный период 6' is: '7 177 213'

30-03-2025T17:14:26 - [TEST_STEP][PASSED] - if (page == "" || page == null): null

30-03-2025T17:14:26 - [TEST_STEP][PASSED] - else: null

30-03-2025T17:14:26 - [TEST_STEP][PASSED] - page = page.replaceAll("\s+", ""): null

30-03-2025T17:14:26 - [TEST_STEP][PASSED] - if (page == "undefined"): null

30-03-2025T17:14:26 - [TEST_STEP][PASSED] - fileOtpuskVSet = otpusk.toInteger(): null

30-03-2025T17:14:26 - [TEST_STEP][PASSED] - pageOtpuskVSet = page.toInteger(): null

30-03-2025T17:14:26 - [TEST_STEP][PASSED] - typeOfData = typeOfDataMain + " Потери": null

30-03-2025T17:14:26 - [TEST_STEP][PASSED] - if (a == 82): null

30-03-2025T17:14:26 - [TEST_STEP][PASSED] - else if (a == 84): null

30-03-2025T17:14:26 - [TEST_STEP][PASSED] - else if (a == 83 || a == 52 || a == 72 || a == 28 || a == 73 || a == 77 || a == 74 || a == 65 || a == 44 || a == 53 || a == 80 || a == 54 || a == 1 || a == 18 || a == 59 || a == 81): null

30-03-2025T17:14:26 - [TEST_STEP][PASSED] - path = dataFolder + "Table Data/" + typeOfData + " за отчётный период " + dzoNum: null

30-03-2025T17:14:26 - [TEST_STEP][FAILED] - page = getText(findTestObject(path)): Unable to get text of object 'Object Repository/Выполнение бизнес-плана/Значения со страницы Выполнение бизнес-плана/Table Data/План Потери за отчётный период 6' (Root cause: com.kms.katalon.core.exception.StepFailedException: Unable to get text of object 'Object Repository/Выполнение бизнес-плана/Значения со страницы Выполнение бизнес-плана/Table Data/План Потери за отчётный период 6'
	at com.kms.katalon.core.webui.keyword.internal.WebUIKeywordMain.stepFailed(WebUIKeywordMain.groovy:64)
	at com.kms.katalon.core.webui.keyword.internal.WebUIKeywordMain.runKeyword(WebUIKeywordMain.groovy:26)
	at com.kms.katalon.core.webui.keyword.builtin.GetTextKeyword.getText(GetTextKeyword.groovy:88)
	at com.kms.katalon.core.webui.keyword.builtin.GetTextKeyword.execute(GetTextKeyword.groovy:67)
	at com.kms.katalon.core.keyword.internal.KeywordExecutor.executeKeywordForPlatform(KeywordExecutor.groovy:74)
	at com.kms.katalon.core.webui.keyword.WebUiBuiltInKeywords.getText(WebUiBuiltInKeywords.groovy:957)
	at Выполнение бизнес-плана Сверка ПАО Россети все филиалы.Numbers(Выполнение бизнес-плана Сверка ПАО Россети все филиалы:594)
	at Выполнение бизнес-плана Сверка ПАО Россети все филиалы.run(Выполнение бизнес-плана Сверка ПАО Россети все филиалы:357)
	at com.kms.katalon.core.main.ScriptEngine.run(ScriptEngine.java:194)
	at com.kms.katalon.core.main.ScriptEngine.runScriptAsRawText(ScriptEngine.java:119)
	at com.kms.katalon.core.main.TestCaseExecutor.runScript(TestCaseExecutor.java:448)
	at com.kms.katalon.core.main.TestCaseExecutor.doExecute(TestCaseExecutor.java:439)
	at com.kms.katalon.core.main.TestCaseExecutor.processExecutionPhase(TestCaseExecutor.java:418)
	at com.kms.katalon.core.main.TestCaseExecutor.accessMainPhase(TestCaseExecutor.java:410)
	at com.kms.katalon.core.main.TestCaseExecutor.execute(TestCaseExecutor.java:285)
	at com.kms.katalon.core.common.CommonExecutor.accessTestCaseMainPhase(CommonExecutor.java:65)
	at com.kms.katalon.core.main.TestSuiteExecutor.accessTestSuiteMainPhase(TestSuiteExecutor.java:150)
	at com.kms.katalon.core.main.TestSuiteExecutor.execute(TestSuiteExecutor.java:106)
	at com.kms.katalon.core.main.TestCaseMain.startTestSuite(TestCaseMain.java:180)
	at TempTestSuite1743336560690.run(TempTestSuite1743336560690.groovy:35)
	at java.base/jdk.internal.reflect.NativeMethodAccessorImpl.invoke0(Native Method)
	at java.base/jdk.internal.reflect.NativeMethodAccessorImpl.invoke(NativeMethodAccessorImpl.java:77)
	at java.base/jdk.internal.reflect.DelegatingMethodAccessorImpl.invoke(DelegatingMethodAccessorImpl.java:43)
Caused by: com.kms.katalon.core.webui.exception.WebElementNotFoundException: Web element with id: 'Object Repository/Выполнение бизнес-плана/Значения со страницы Выполнение бизнес-плана/Table Data/План Потери за отчётный период 6' located by '(.//*[normalize-space(text()) and normalize-space(.)='Показатели баланса электроэнергии по ДЗО – План'])[2]/following::td[40]' not found
	at com.kms.katalon.core.webui.common.WebUiCommonHelper.findWebElement(WebUiCommonHelper.java:1426)
	at com.kms.katalon.core.webui.keyword.internal.WebUIAbstractKeyword.findWebElement(WebUIAbstractKeyword.groovy:27)
	at com.kms.katalon.core.webui.keyword.internal.WebUIAbstractKeyword.findWebElement(WebUIAbstractKeyword.groovy:26)
	at com.kms.katalon.core.webui.keyword.builtin.GetTextKeyword$_getText_closure1.doCall(GetTextKeyword.groovy:78)
	at com.kms.katalon.core.webui.keyword.builtin.GetTextKeyword$_getText_closure1.call(GetTextKeyword.groovy)
	at com.kms.katalon.core.webui.keyword.internal.WebUIKeywordMain.runKeyword(WebUIKeywordMain.groovy:20)
	at com.kms.katalon.core.webui.keyword.builtin.GetTextKeyword.getText(GetTextKeyword.groovy:88)
	at com.kms.katalon.core.webui.keyword.builtin.GetTextKeyword.execute(GetTextKeyword.groovy:67)
	at com.kms.katalon.core.keyword.internal.KeywordExecutor.executeKeywordForPlatform(KeywordExecutor.groovy:74)
	at com.kms.katalon.core.webui.keyword.WebUiBuiltInKeywords.getText(WebUiBuiltInKeywords.groovy:957)
	at Script1718980020443.Numbers(Script1718980020443.groovy:594)
	at Script1718980020443.run(Script1718980020443.groovy:357)
	... 15 more
)

30-03-2025T17:14:57 - [MESSAGE][INFO] - Unable to find the element located by 'By.xpath: (.//*[normalize-space(text()) and normalize-space(.)='Показатели баланса электроэнергии по ДЗО – План'])[2]/following::td[40]'. Please recheck the objects properties to make sure the desired element is located. 

30-03-2025T17:14:57 - [MESSAGE][FAILED] - Unable to get text of object 'Object Repository/Выполнение бизнес-плана/Значения со страницы Выполнение бизнес-плана/Table Data/План Потери за отчётный период 6' (Root cause: com.kms.katalon.core.exception.StepFailedException: Unable to get text of object 'Object Repository/Выполнение бизнес-плана/Значения со страницы Выполнение бизнес-плана/Table Data/План Потери за отчётный период 6'
	at com.kms.katalon.core.webui.keyword.internal.WebUIKeywordMain.stepFailed(WebUIKeywordMain.groovy:64)
	at com.kms.katalon.core.webui.keyword.internal.WebUIKeywordMain.runKeyword(WebUIKeywordMain.groovy:26)
	at com.kms.katalon.core.webui.keyword.builtin.GetTextKeyword.getText(GetTextKeyword.groovy:88)
	at com.kms.katalon.core.webui.keyword.builtin.GetTextKeyword.execute(GetTextKeyword.groovy:67)
	at com.kms.katalon.core.keyword.internal.KeywordExecutor.executeKeywordForPlatform(KeywordExecutor.groovy:74)
	at com.kms.katalon.core.webui.keyword.WebUiBuiltInKeywords.getText(WebUiBuiltInKeywords.groovy:957)
	at Выполнение бизнес-плана Сверка ПАО Россети все филиалы.Numbers(Выполнение бизнес-плана Сверка ПАО Россети все филиалы:594)
	at Выполнение бизнес-плана Сверка ПАО Россети все филиалы.run(Выполнение бизнес-плана Сверка ПАО Россети все филиалы:357)
	at com.kms.katalon.core.main.ScriptEngine.run(ScriptEngine.java:194)
	at com.kms.katalon.core.main.ScriptEngine.runScriptAsRawText(ScriptEngine.java:119)
	at com.kms.katalon.core.main.TestCaseExecutor.runScript(TestCaseExecutor.java:448)
	at com.kms.katalon.core.main.TestCaseExecutor.doExecute(TestCaseExecutor.java:439)
	at com.kms.katalon.core.main.TestCaseExecutor.processExecutionPhase(TestCaseExecutor.java:418)
	at com.kms.katalon.core.main.TestCaseExecutor.accessMainPhase(TestCaseExecutor.java:410)
	at com.kms.katalon.core.main.TestCaseExecutor.execute(TestCaseExecutor.java:285)
	at com.kms.katalon.core.common.CommonExecutor.accessTestCaseMainPhase(CommonExecutor.java:65)
	at com.kms.katalon.core.main.TestSuiteExecutor.accessTestSuiteMainPhase(TestSuiteExecutor.java:150)
	at com.kms.katalon.core.main.TestSuiteExecutor.execute(TestSuiteExecutor.java:106)
	at com.kms.katalon.core.main.TestCaseMain.startTestSuite(TestCaseMain.java:180)
	at TempTestSuite1743336560690.run(TempTestSuite1743336560690.groovy:35)
	at java.base/jdk.internal.reflect.NativeMethodAccessorImpl.invoke0(Native Method)
	at java.base/jdk.internal.reflect.NativeMethodAccessorImpl.invoke(NativeMethodAccessorImpl.java:77)
	at java.base/jdk.internal.reflect.DelegatingMethodAccessorImpl.invoke(DelegatingMethodAccessorImpl.java:43)
Caused by: com.kms.katalon.core.webui.exception.WebElementNotFoundException: Web element with id: 'Object Repository/Выполнение бизнес-плана/Значения со страницы Выполнение бизнес-плана/Table Data/План Потери за отчётный период 6' located by '(.//*[normalize-space(text()) and normalize-space(.)='Показатели баланса электроэнергии по ДЗО – План'])[2]/following::td[40]' not found
	at com.kms.katalon.core.webui.common.WebUiCommonHelper.findWebElement(WebUiCommonHelper.java:1426)
	at com.kms.katalon.core.webui.keyword.internal.WebUIAbstractKeyword.findWebElement(WebUIAbstractKeyword.groovy:27)
	at com.kms.katalon.core.webui.keyword.internal.WebUIAbstractKeyword.findWebElement(WebUIAbstractKeyword.groovy:26)
	at com.kms.katalon.core.webui.keyword.builtin.GetTextKeyword$_getText_closure1.doCall(GetTextKeyword.groovy:78)
	at com.kms.katalon.core.webui.keyword.builtin.GetTextKeyword$_getText_closure1.call(GetTextKeyword.groovy)
	at com.kms.katalon.core.webui.keyword.internal.WebUIKeywordMain.runKeyword(WebUIKeywordMain.groovy:20)
	at com.kms.katalon.core.webui.keyword.builtin.GetTextKeyword.getText(GetTextKeyword.groovy:88)
	at com.kms.katalon.core.webui.keyword.builtin.GetTextKeyword.execute(GetTextKeyword.groovy:67)
	at com.kms.katalon.core.keyword.internal.KeywordExecutor.executeKeywordForPlatform(KeywordExecutor.groovy:74)
	at com.kms.katalon.core.webui.keyword.WebUiBuiltInKeywords.getText(WebUiBuiltInKeywords.groovy:957)
	at Script1718980020443.Numbers(Script1718980020443.groovy:594)
	at Script1718980020443.run(Script1718980020443.groovy:357)
	... 15 more
)
[[ATTACHMENT|C:\\Users\\LIAZGINA-DI\\git\\SPORU\\Reports\\20250330_150919\\\u041F\u043D-\u0421\u0440-\u041F\u0442\\\u0421\u0432\u0435\u0440\u043A\u0430 \u0434\u0430\u0448\u0431\u043E\u0440\u0434\u043E\u0432 \u0438\u0437 \u0440\u0430\u0437\u043D\u044B\u0445 \u0431\u043B\u043E\u043A\u043E\u0432\\20250330_150920\\1743344097766.png]]

30-03-2025T17:14:57 - [TEST_STEP][PASSED] - if (page == "" || page == null): null

30-03-2025T17:14:57 - [TEST_STEP][PASSED] - fileInt = poteri.toInteger(): null

30-03-2025T17:14:57 - [TEST_STEP][PASSED] - Script1718980020443.WriteToExcelNoData(a, typeOfData, todaysDate, fileInt, fileDouble, dZO): null

30-03-2025T17:14:57 - [TEST_STEP][PASSED] - sheetName = "Sheet1": null

30-03-2025T17:14:57 - [TEST_STEP][PASSED] - data = findTestData("PlanFact"): null

30-03-2025T17:14:57 - [TEST_STEP][PASSED] - n = data.getRowNumbers() + 1: null

30-03-2025T17:14:57 - [TEST_STEP][PASSED] - day = ")).toInteger(): null

30-03-2025T17:14:57 - [TEST_STEP][PASSED] - println(day): null

30-03-2025T17:14:57 - [TEST_STEP][PASSED] - month = ")).toInteger(): null

30-03-2025T17:14:57 - [TEST_STEP][PASSED] - println(month): null

30-03-2025T17:14:57 - [TEST_STEP][PASSED] - y = <not implemented yet for class: org.codehaus.groovy.ast.expr.EmptyExpression>: null

30-03-2025T17:14:57 - [TEST_STEP][PASSED] - iy = <not implemented yet for class: org.codehaus.groovy.ast.expr.EmptyExpression>: null

30-03-2025T17:14:57 - [TEST_STEP][PASSED] - m = getText(findTestObject("Выполнение бизнес-плана/Период")): Text of object 'Object Repository/Выполнение бизнес-плана/Период' is: 'Январь 2025 года'

30-03-2025T17:14:58 - [MESSAGE][PASSED] - Text of object 'Object Repository/Выполнение бизнес-плана/Период' is: 'Январь 2025 года'

30-03-2025T17:14:58 - [TEST_STEP][PASSED] - iy = m.indexOf("20"): null

30-03-2025T17:14:58 - [TEST_STEP][PASSED] - if (iy > -1): null

30-03-2025T17:14:58 - [TEST_STEP][PASSED] - y = substring(iy, iy + 4).toInteger(): null

30-03-2025T17:14:58 - [TEST_STEP][PASSED] - println(y): null

30-03-2025T17:14:58 - [TEST_STEP][PASSED] - if (toString().length() == 4): null

30-03-2025T17:14:58 - [TEST_STEP][PASSED] - m = m.substring(0, m.indexOf(y.toString())): null

30-03-2025T17:14:58 - [TEST_STEP][PASSED] - m = m.trim(): null

30-03-2025T17:14:58 - [TEST_STEP][PASSED] - if (m == ""): null

30-03-2025T17:14:58 - [TEST_STEP][PASSED] - dashboardName = "Выполнение бизнес-плана": null

30-03-2025T17:14:58 - [TEST_STEP][PASSED] - workbook01 = getWorkbook(excelFilePath): null

30-03-2025T17:14:58 - [TEST_STEP][PASSED] - sheet01 = getExcelSheet(workbook01, sheetName): null

30-03-2025T17:14:58 - [TEST_STEP][PASSED] - setValueToCellByIndex(sheet01, n, 0, dashboardName): null

30-03-2025T17:14:58 - [TEST_STEP][PASSED] - setValueToCellByIndex(sheet01, n, 1, dZO): null

30-03-2025T17:14:58 - [TEST_STEP][PASSED] - setValueToCellByIndex(sheet01, n, 2, typeOfData): null

30-03-2025T17:14:58 - [TEST_STEP][PASSED] - if (typeOfData == "Факт в процентах" || typeOfData == "План в процентах"): null

30-03-2025T17:14:58 - [TEST_STEP][PASSED] - else: null

30-03-2025T17:14:58 - [TEST_STEP][PASSED] - setValueToCellByIndex(sheet01, n, 3, fileInt): null

30-03-2025T17:14:58 - [TEST_STEP][PASSED] - setValueToCellByIndex(sheet01, n, 4, "нет данных"): null

30-03-2025T17:14:58 - [TEST_STEP][PASSED] - setValueToCellByIndex(sheet01, n, 5, m): null

30-03-2025T17:14:58 - [TEST_STEP][PASSED] - setValueToCellByIndex(sheet01, n, 6, y): null

30-03-2025T17:14:58 - [TEST_STEP][PASSED] - setValueToCellByIndex(sheet01, n, 7, todaysDate): null

30-03-2025T17:14:58 - [TEST_STEP][PASSED] - n = n + 1: null

30-03-2025T17:14:58 - [TEST_STEP][PASSED] - saveWorkbook(excelFilePath, workbook01): null

30-03-2025T17:14:58 - [TEST_STEP][PASSED] - compare = pageOtpuskVSet: null

30-03-2025T17:14:58 - [TEST_STEP][PASSED] - if (pageOtpuskVSet != null): null

30-03-2025T17:14:58 - [TEST_STEP][PASSED] - if (compare == fileOtpuskVSet): null

30-03-2025T17:14:58 - [TEST_STEP][PASSED] - if (compare == fileOtpuskVSet): null

30-03-2025T17:14:58 - [TEST_STEP][PASSED] - compare = pagePoteri: null

30-03-2025T17:14:58 - [TEST_STEP][PASSED] - if (pageOtpuskVSet != null): null

30-03-2025T17:14:58 - [TEST_STEP][PASSED] - if (compare == filePoteri): null

30-03-2025T17:14:58 - [TEST_STEP][PASSED] - else if (compare > filePoteri): null

30-03-2025T17:14:58 - [TEST_STEP][PASSED] - else if (compare < filePoteri): null

30-03-2025T17:14:58 - [TEST_STEP][PASSED] - compare = compare + 1: null

30-03-2025T17:14:58 - [TEST_STEP][PASSED] - if (compare == filePoteri): null

30-03-2025T17:14:58 - [TEST_STEP][PASSED] - else: null

30-03-2025T17:14:58 - [TEST_STEP][PASSED] - numberOfErrors = numberOfErrors + 1: null

30-03-2025T17:14:58 - [TEST_STEP][PASSED] - pageInt = pagePoteri: null

30-03-2025T17:14:58 - [TEST_STEP][PASSED] - fileInt = filePoteri: null

30-03-2025T17:14:58 - [TEST_STEP][PASSED] - typeOfData = typeOfDataMain + " Потери": null

30-03-2025T17:14:58 - [TEST_STEP][PASSED] - Script1718980020443.WriteToExcel(a, typeOfData, todaysDate, pageInt, fileInt, pageDouble, fileDouble, dZO): null

30-03-2025T17:14:58 - [TEST_STEP][PASSED] - sheetName = "Sheet1": null

30-03-2025T17:14:58 - [TEST_STEP][PASSED] - data = findTestData("PlanFact"): null

30-03-2025T17:14:58 - [TEST_STEP][PASSED] - n = data.getRowNumbers() + 1: null

30-03-2025T17:14:58 - [TEST_STEP][PASSED] - day = ")).toInteger(): null

30-03-2025T17:14:58 - [TEST_STEP][PASSED] - println(day): null

30-03-2025T17:14:58 - [TEST_STEP][PASSED] - month = ")).toInteger(): null

30-03-2025T17:14:58 - [TEST_STEP][PASSED] - println(month): null

30-03-2025T17:14:58 - [TEST_STEP][PASSED] - y = <not implemented yet for class: org.codehaus.groovy.ast.expr.EmptyExpression>: null

30-03-2025T17:14:58 - [TEST_STEP][PASSED] - iy = <not implemented yet for class: org.codehaus.groovy.ast.expr.EmptyExpression>: null

30-03-2025T17:14:58 - [TEST_STEP][PASSED] - m = getText(findTestObject("Выполнение бизнес-плана/Период")): Text of object 'Object Repository/Выполнение бизнес-плана/Период' is: 'Январь 2025 года'

30-03-2025T17:14:58 - [MESSAGE][PASSED] - Text of object 'Object Repository/Выполнение бизнес-плана/Период' is: 'Январь 2025 года'

30-03-2025T17:14:58 - [TEST_STEP][PASSED] - iy = m.indexOf("20"): null

30-03-2025T17:14:58 - [TEST_STEP][PASSED] - if (iy > -1): null

30-03-2025T17:14:58 - [TEST_STEP][PASSED] - y = substring(iy, iy + 4).toInteger(): null

30-03-2025T17:14:58 - [TEST_STEP][PASSED] - println(y): null

30-03-2025T17:14:58 - [TEST_STEP][PASSED] - if (toString().length() == 4): null

30-03-2025T17:14:58 - [TEST_STEP][PASSED] - m = m.substring(0, m.indexOf(y.toString())): null

30-03-2025T17:14:58 - [TEST_STEP][PASSED] - m = m.trim(): null

30-03-2025T17:14:58 - [TEST_STEP][PASSED] - if (m == ""): null

30-03-2025T17:14:58 - [TEST_STEP][PASSED] - dashboardName = "Выполнение бизнес-плана": null

30-03-2025T17:14:58 - [TEST_STEP][PASSED] - workbook01 = getWorkbook(excelFilePath): null

30-03-2025T17:14:58 - [TEST_STEP][PASSED] - sheet01 = getExcelSheet(workbook01, sheetName): null

30-03-2025T17:14:58 - [TEST_STEP][PASSED] - setValueToCellByIndex(sheet01, n, 0, dashboardName): null

30-03-2025T17:14:58 - [TEST_STEP][PASSED] - setValueToCellByIndex(sheet01, n, 1, dZO): null

30-03-2025T17:14:58 - [TEST_STEP][PASSED] - setValueToCellByIndex(sheet01, n, 2, typeOfData): null

30-03-2025T17:14:58 - [TEST_STEP][PASSED] - if (typeOfData == "Факт в процентах" || typeOfData == "План в процентах"): null

30-03-2025T17:14:58 - [TEST_STEP][PASSED] - else: null

30-03-2025T17:14:58 - [TEST_STEP][PASSED] - setValueToCellByIndex(sheet01, n, 3, fileInt): null

30-03-2025T17:14:58 - [TEST_STEP][PASSED] - setValueToCellByIndex(sheet01, n, 4, pageInt): null

30-03-2025T17:14:58 - [TEST_STEP][PASSED] - setValueToCellByIndex(sheet01, n, 5, m): null

30-03-2025T17:14:58 - [TEST_STEP][PASSED] - setValueToCellByIndex(sheet01, n, 6, y): null

30-03-2025T17:14:58 - [TEST_STEP][PASSED] - setValueToCellByIndex(sheet01, n, 7, todaysDate): null

30-03-2025T17:14:58 - [TEST_STEP][PASSED] - n = n + 1: null

30-03-2025T17:14:58 - [TEST_STEP][PASSED] - saveWorkbook(excelFilePath, workbook01): Object: 'Object Repository/Выполнение бизнес-плана/Кнопка Факт' is clicked on

30-03-2025T17:14:59 - [TEST_STEP][PASSED] - if (planFact == 2): Object: 'Object Repository/Выполнение бизнес-плана/Кнопка Факт' is clicked on

30-03-2025T17:14:59 - [TEST_STEP][PASSED] - click(findTestObject("Выполнение бизнес-плана/Кнопка Факт")): Object: 'Object Repository/Выполнение бизнес-плана/Кнопка Факт' is clicked on

30-03-2025T17:14:59 - [MESSAGE][PASSED] - Object: 'Object Repository/Выполнение бизнес-плана/Кнопка Факт' is clicked on

30-03-2025T17:14:59 - [TEST_STEP][PASSED] - println("a=" + a): null

30-03-2025T17:14:59 - [TEST_STEP][PASSED] - if (a == 84 || a == 82): null

30-03-2025T17:14:59 - [TEST_STEP][PASSED] - else if (a == 83 || a == 52 || a == 72 || a == 28 || a == 73 || a == 77 || a == 74 || a == 65 || a == 36 || a == 44 || a == 53 || a == 80 || a == 54 || a == 1 || a == 18 || a == 59 || a == 81): null

30-03-2025T17:14:59 - [TEST_STEP][PASSED] - page1 = getText(findTestObject("Object Repository/Выполнение бизнес-плана/spanPlan" + dzoNum)): Text of object 'Object Repository/Выполнение бизнес-плана/spanPlan6' is: '7.40
|'

30-03-2025T17:14:59 - [MESSAGE][PASSED] - Text of object 'Object Repository/Выполнение бизнес-плана/spanPlan6' is: '7.40
|'

30-03-2025T17:14:59 - [TEST_STEP][PASSED] - page1 = page1.replace("|", ""): null

30-03-2025T17:14:59 - [TEST_STEP][PASSED] - page2 = getText(findTestObject("Object Repository/Выполнение бизнес-плана/spanFact" + dzoNum)): Text of object 'Object Repository/Выполнение бизнес-плана/spanFact6' is: '7.12'

30-03-2025T17:15:00 - [MESSAGE][PASSED] - Text of object 'Object Repository/Выполнение бизнес-плана/spanFact6' is: '7.12'

30-03-2025T17:15:00 - [TEST_STEP][PASSED] - page2 = page2.replace("|", ""): null

30-03-2025T17:15:00 - [TEST_STEP][PASSED] - println("page1: " + page1): null

30-03-2025T17:15:00 - [TEST_STEP][PASSED] - println("page2: " + page2): null

30-03-2025T17:15:00 - [TEST_STEP][PASSED] - file = findTestData("PlanFact").getValue(4, a): null

30-03-2025T17:15:00 - [TEST_STEP][PASSED] - file = file.replace(",", "."): null

30-03-2025T17:15:00 - [TEST_STEP][PASSED] - println("file Plan: " + file): null

30-03-2025T17:15:00 - [TEST_STEP][PASSED] - typeOfData = "План в процентах": null

30-03-2025T17:15:00 - [TEST_STEP][PASSED] - fileDouble = file.toDouble(): null

30-03-2025T17:15:00 - [TEST_STEP][PASSED] - pageDouble = page1.toDouble(): null

30-03-2025T17:15:00 - [TEST_STEP][PASSED] - if (fileDouble != pageDouble): null

30-03-2025T17:15:00 - [TEST_STEP][PASSED] - file = findTestData("PlanFact").getValue(7, a): null

30-03-2025T17:15:00 - [TEST_STEP][PASSED] - file = file.replace(",", "."): null

30-03-2025T17:15:00 - [TEST_STEP][PASSED] - println("file Fact: " + file): null

30-03-2025T17:15:00 - [TEST_STEP][PASSED] - fileDouble = file.toDouble(): null

30-03-2025T17:15:00 - [TEST_STEP][PASSED] - typeOfData = "Факт в процентах": null

30-03-2025T17:15:00 - [TEST_STEP][PASSED] - fileDouble = file.toDouble(): null

30-03-2025T17:15:00 - [TEST_STEP][PASSED] - pageDouble = page2.toDouble(): null

30-03-2025T17:15:00 - [TEST_STEP][PASSED] - if (fileDouble != pageDouble): null

30-03-2025T17:15:00 - [TEST_STEP][FAILED] - if (verifyEqual(numberOfErrors, 0) == false): null

30-03-2025T17:15:00 - [MESSAGE][FAILED] - Unable to verify equal between actual object '2' and expected object '0' (Root cause: com.kms.katalon.core.exception.StepFailedException: Actual object '2' and expected object '0' are not equal
	at com.kms.katalon.core.keyword.builtin.VerifyEqualKeyword$_verifyEqual_closure1.doCall(VerifyEqualKeyword.groovy:58)
	at com.kms.katalon.core.keyword.builtin.VerifyEqualKeyword$_verifyEqual_closure1.call(VerifyEqualKeyword.groovy)
	at com.kms.katalon.core.keyword.internal.KeywordMain.runKeyword(KeywordMain.groovy:75)
	at com.kms.katalon.core.keyword.builtin.VerifyEqualKeyword.verifyEqual(VerifyEqualKeyword.groovy:63)
	at com.kms.katalon.core.keyword.builtin.VerifyEqualKeyword.execute(VerifyEqualKeyword.groovy:44)
	at com.kms.katalon.core.keyword.internal.KeywordExecutor.executeKeywordForPlatform(KeywordExecutor.groovy:74)
	at com.kms.katalon.core.keyword.BuiltinKeywords.verifyEqual(BuiltinKeywords.groovy:146)
	at jdk.internal.reflect.GeneratedMethodAccessor22.invoke(Unknown Source)
	at java.base/jdk.internal.reflect.DelegatingMethodAccessorImpl.invoke(DelegatingMethodAccessorImpl.java:43)
	at Выполнение бизнес-плана Сверка ПАО Россети все филиалы.Numbers(Выполнение бизнес-плана Сверка ПАО Россети все филиалы:744)
	at Выполнение бизнес-плана Сверка ПАО Россети все филиалы.run(Выполнение бизнес-плана Сверка ПАО Россети все филиалы:357)
	at com.kms.katalon.core.main.ScriptEngine.run(ScriptEngine.java:194)
	at com.kms.katalon.core.main.ScriptEngine.runScriptAsRawText(ScriptEngine.java:119)
	at com.kms.katalon.core.main.TestCaseExecutor.runScript(TestCaseExecutor.java:448)
	at com.kms.katalon.core.main.TestCaseExecutor.doExecute(TestCaseExecutor.java:439)
	at com.kms.katalon.core.main.TestCaseExecutor.processExecutionPhase(TestCaseExecutor.java:418)
	at com.kms.katalon.core.main.TestCaseExecutor.accessMainPhase(TestCaseExecutor.java:410)
	at com.kms.katalon.core.main.TestCaseExecutor.execute(TestCaseExecutor.java:285)
	at com.kms.katalon.core.common.CommonExecutor.accessTestCaseMainPhase(CommonExecutor.java:65)
	at com.kms.katalon.core.main.TestSuiteExecutor.accessTestSuiteMainPhase(TestSuiteExecutor.java:150)
	at com.kms.katalon.core.main.TestSuiteExecutor.execute(TestSuiteExecutor.java:106)
	at com.kms.katalon.core.main.TestCaseMain.startTestSuite(TestCaseMain.java:180)
	at TempTestSuite1743336560690.run(TempTestSuite1743336560690.groovy:35)
	at java.base/jdk.internal.reflect.NativeMethodAccessorImpl.invoke0(Native Method)
	at java.base/jdk.internal.reflect.NativeMethodAccessorImpl.invoke(NativeMethodAccessorImpl.java:77)
	at java.base/jdk.internal.reflect.DelegatingMethodAccessorImpl.invoke(DelegatingMethodAccessorImpl.java:43)
)

30-03-2025T17:15:00 - [TEST_STEP][PASSED] - println(numberOfErrors): null

30-03-2025T17:15:00 - [TEST_STEP][PASSED] - println("a=" + a): null

30-03-2025T17:15:00 - [TEST_STEP][PASSED] - if (a == 28 || a == 77 || a == 74 || a == 65 || a == 36 || a == 44 || a == 54 || a == 1 || a == 18 || a == 59): null

30-03-2025T17:15:00 - [TEST_STEP][PASSED] - Script1718980020443.Filials(a, typeOfData, todaysDate, pageInt, fileInt, pageDouble, fileDouble, dZO, dzoNum, filialNum): null

30-03-2025T17:15:00 - [TEST_STEP][PASSED] - i = <not implemented yet for class: org.codehaus.groovy.ast.expr.EmptyExpression>: null

30-03-2025T17:15:00 - [TEST_STEP][PASSED] - c = <not implemented yet for class: org.codehaus.groovy.ast.expr.EmptyExpression>: null

30-03-2025T17:15:00 - [TEST_STEP][PASSED] - page = <not implemented yet for class: org.codehaus.groovy.ast.expr.EmptyExpression>: null

30-03-2025T17:15:00 - [TEST_STEP][PASSED] - println(dZO): null

30-03-2025T17:15:00 - [TEST_STEP][PASSED] - reducedDZO = <not implemented yet for class: org.codehaus.groovy.ast.expr.EmptyExpression>: null

30-03-2025T17:15:00 - [TEST_STEP][PASSED] - reducedDZO = dZO.substring(dZO.indexOf(" ") + 1, dZO.length()): null

30-03-2025T17:15:00 - [TEST_STEP][PASSED] - if (reducedDZO.contains(" ")): null

30-03-2025T17:15:00 - [TEST_STEP][PASSED] - reducedDZO = reducedDZO.substring(reducedDZO.indexOf(" ") + 1, reducedDZO.length()): null

30-03-2025T17:15:00 - [TEST_STEP][PASSED] - if (reducedDZO.contains(" ")): null

30-03-2025T17:15:00 - [TEST_STEP][PASSED] - println(reducedDZO): null

30-03-2025T17:15:00 - [TEST_STEP][PASSED] - dzoCut = <not implemented yet for class: org.codehaus.groovy.ast.expr.EmptyExpression>: null

30-03-2025T17:15:00 - [TEST_STEP][PASSED] - Script1718980020443.DZO(a): null

30-03-2025T17:15:00 - [TEST_STEP][PASSED] - delay(20): Delayed 20 second(s)

30-03-2025T17:15:20 - [MESSAGE][PASSED] - Delayed 20 second(s)

30-03-2025T17:15:20 - [TEST_STEP][PASSED] - Script1718980020443.OpenFilter(): null

30-03-2025T17:15:20 - [TEST_STEP][PASSED] - click(findTestObject("Object Repository/Выполнение бизнес-плана/Фильтр ДЗО")): Object: 'Object Repository/Выполнение бизнес-плана/Фильтр ДЗО' is clicked on

30-03-2025T17:15:20 - [MESSAGE][PASSED] - Object: 'Object Repository/Выполнение бизнес-плана/Фильтр ДЗО' is clicked on

30-03-2025T17:15:20 - [TEST_STEP][PASSED] - click(findTestObject("Выполнение бизнес-плана/Снять выделение в фильтре ДЗО")): Object: 'Object Repository/Выполнение бизнес-плана/Снять выделение в фильтре ДЗО' is clicked on

30-03-2025T17:15:21 - [MESSAGE][PASSED] - Object: 'Object Repository/Выполнение бизнес-плана/Снять выделение в фильтре ДЗО' is clicked on

30-03-2025T17:15:21 - [TEST_STEP][PASSED] - Script1718980020443.OpenRSK(): null

30-03-2025T17:15:21 - [TEST_STEP][PASSED] - click(findTestObject("Выполнение бизнес-плана/Раскрыть список ПАО Россети в фильтре ДЗО")): Object: 'Object Repository/Выполнение бизнес-плана/Раскрыть список ПАО Россети в фильтре ДЗО' is clicked on

30-03-2025T17:15:21 - [MESSAGE][PASSED] - Object: 'Object Repository/Выполнение бизнес-плана/Раскрыть список ПАО Россети в фильтре ДЗО' is clicked on

30-03-2025T17:15:21 - [TEST_STEP][PASSED] - click(findTestObject("Выполнение бизнес-плана/Раскрыть список РаспредКомплекс в фильтре ДЗО")): Object: 'Object Repository/Выполнение бизнес-плана/Раскрыть список РаспредКомплекс в фильтре ДЗО' is clicked on

30-03-2025T17:15:21 - [MESSAGE][PASSED] - Object: 'Object Repository/Выполнение бизнес-плана/Раскрыть список РаспредКомплекс в фильтре ДЗО' is clicked on

30-03-2025T17:15:21 - [TEST_STEP][PASSED] - if (a == 28): null

30-03-2025T17:15:21 - [TEST_STEP][PASSED] - if (a == 77): null

30-03-2025T17:15:21 - [TEST_STEP][PASSED] - if (a == 74): null

30-03-2025T17:15:21 - [TEST_STEP][PASSED] - if (a == 65): null

30-03-2025T17:15:21 - [TEST_STEP][PASSED] - if (a == 36): null

30-03-2025T17:15:21 - [TEST_STEP][PASSED] - if (a == 44): null

30-03-2025T17:15:21 - [TEST_STEP][PASSED] - if (a == 54): Object: 'Object Repository/Выполнение бизнес-плана/Россети Урал' is clicked on

30-03-2025T17:15:21 - [TEST_STEP][PASSED] - scrollToElement(findTestObject("Общие объекты/Раскрыть список Россети Урал"), 30): Scroll to object 'Object Repository/Общие объекты/Раскрыть список Россети Урал' successfully

30-03-2025T17:15:21 - [MESSAGE][PASSED] - Scroll to object 'Object Repository/Общие объекты/Раскрыть список Россети Урал' successfully

30-03-2025T17:15:21 - [TEST_STEP][PASSED] - click(findTestObject("Выполнение бизнес-плана/Россети Урал")): Object: 'Object Repository/Выполнение бизнес-плана/Россети Урал' is clicked on

30-03-2025T17:15:22 - [MESSAGE][PASSED] - Object: 'Object Repository/Выполнение бизнес-плана/Россети Урал' is clicked on

30-03-2025T17:15:22 - [TEST_STEP][PASSED] - if (a == 1): null

30-03-2025T17:15:22 - [TEST_STEP][PASSED] - if (a == 18): null

30-03-2025T17:15:22 - [TEST_STEP][PASSED] - if (a == 59): null

30-03-2025T17:15:22 - [TEST_STEP][PASSED] - Script1718980020443.CloseFilter(): null

30-03-2025T17:15:22 - [TEST_STEP][PASSED] - scrollToElement(findTestObject("Выполнение бизнес-плана/Заголовок дашборда"), 30): Scroll to object 'Object Repository/Выполнение бизнес-плана/Заголовок дашборда' successfully

30-03-2025T17:15:22 - [MESSAGE][PASSED] - Scroll to object 'Object Repository/Выполнение бизнес-плана/Заголовок дашборда' successfully

30-03-2025T17:15:22 - [TEST_STEP][PASSED] - click(findTestObject("Object Repository/Выполнение бизнес-плана/Применить в фильтре ДЗО")): Object: 'Object Repository/Выполнение бизнес-плана/Применить в фильтре ДЗО' is clicked on

30-03-2025T17:15:23 - [MESSAGE][PASSED] - Object: 'Object Repository/Выполнение бизнес-плана/Применить в фильтре ДЗО' is clicked on

30-03-2025T17:15:23 - [TEST_STEP][PASSED] - delay(20): Delayed 20 second(s)

30-03-2025T17:15:43 - [MESSAGE][PASSED] - Delayed 20 second(s)

30-03-2025T17:15:43 - [TEST_STEP][PASSED] - Script1718980020443.ZakrytOpoveshenie(): null

30-03-2025T17:15:43 - [TEST_STEP][PASSED] - delay(10): Delayed 10 second(s)

30-03-2025T17:15:53 - [MESSAGE][PASSED] - Delayed 10 second(s)

30-03-2025T17:15:53 - [TEST_STEP][PASSED] - opoveshenie = getText(findTestObject("Выполнение бизнес-плана/Просьба обратить внимание")): Text of object 'Object Repository/Выполнение бизнес-плана/Просьба обратить внимание' is: ''

30-03-2025T17:15:54 - [MESSAGE][PASSED] - Text of object 'Object Repository/Выполнение бизнес-плана/Просьба обратить внимание' is: ''

30-03-2025T17:15:54 - [TEST_STEP][PASSED] - println(opoveshenie): null

30-03-2025T17:15:54 - [TEST_STEP][PASSED] - if (opoveshenie == "Просьба обратить внимание"): null

30-03-2025T17:15:54 - [TEST_STEP][PASSED] - page = getText(findTestObject("Object Repository/Выполнение бизнес-плана/Filials")): Text of object 'Object Repository/Выполнение бизнес-плана/Filials' is: 'АО ЕЭСК
Пермэнерго
Свердловэнерго
Челябэнерго
0
10
20
30
40
50
60
70'

30-03-2025T17:15:54 - [MESSAGE][PASSED] - Text of object 'Object Repository/Выполнение бизнес-плана/Filials' is: 'АО ЕЭСК
Пермэнерго
Свердловэнерго
Челябэнерго
0
10
20
30
40
50
60
70'

30-03-2025T17:15:54 - [TEST_STEP][PASSED] - println(page): null

30-03-2025T17:15:54 - [TEST_STEP][PASSED] - c = page.indexOf(reducedDZO): null

30-03-2025T17:15:54 - [TEST_STEP][PASSED] - if (c > -1): null

30-03-2025T17:15:54 - [TEST_STEP][PASSED] - x2 = getText(findTestObject("Выполнение бизнес-плана/Список ДЗО старый")): Text of object 'Object Repository/Выполнение бизнес-плана/Список ДЗО старый' is: 'АО ЕЭСК
Пермэнерго
Свердловэнерго
Челябэнерго
0
10
20
30
40
50
60
70'

30-03-2025T17:15:54 - [MESSAGE][PASSED] - Text of object 'Object Repository/Выполнение бизнес-плана/Список ДЗО старый' is: 'АО ЕЭСК
Пермэнерго
Свердловэнерго
Челябэнерго
0
10
20
30
40
50
60
70'

30-03-2025T17:15:54 - [TEST_STEP][PASSED] - if (a == 28): null

30-03-2025T17:15:54 - [TEST_STEP][PASSED] - if (a == 77): null

30-03-2025T17:15:54 - [TEST_STEP][PASSED] - if (a == 74): null

30-03-2025T17:15:54 - [TEST_STEP][PASSED] - if (a == 65): null

30-03-2025T17:15:54 - [TEST_STEP][PASSED] - if (a == 1): null

30-03-2025T17:15:54 - [TEST_STEP][PASSED] - if (a == 18): null

30-03-2025T17:15:54 - [TEST_STEP][PASSED] - if (a == 36): null

30-03-2025T17:15:54 - [TEST_STEP][PASSED] - if (a == 44): null

30-03-2025T17:15:54 - [TEST_STEP][PASSED] - if (a == 54): null

30-03-2025T17:15:54 - [TEST_STEP][PASSED] - dZO = "АО ЕЭСК": null

30-03-2025T17:15:54 - [TEST_STEP][PASSED] - a = 58: null

30-03-2025T17:15:54 - [TEST_STEP][PASSED] - dzoCut = dZO.substring(3, dZO.length()): null

30-03-2025T17:15:54 - [TEST_STEP][PASSED] - if (x2.contains(dzoCut)): null

30-03-2025T17:15:54 - [TEST_STEP][PASSED] - filialNum = filialNum + 1: null

30-03-2025T17:15:54 - [TEST_STEP][PASSED] - Script1718980020443.Numbers(a, typeOfData, todaysDate, pageInt, fileInt, pageDouble, fileDouble, dZO, dzoNum, filialNum): null

30-03-2025T17:15:54 - [TEST_STEP][PASSED] - println(dzoNum): null

30-03-2025T17:15:54 - [TEST_STEP][PASSED] - planFact = <not implemented yet for class: org.codehaus.groovy.ast.expr.EmptyExpression>: null

30-03-2025T17:15:54 - [TEST_STEP][PASSED] - page = <not implemented yet for class: org.codehaus.groovy.ast.expr.EmptyExpression>: null

30-03-2025T17:15:54 - [TEST_STEP][PASSED] - page1 = <not implemented yet for class: org.codehaus.groovy.ast.expr.EmptyExpression>: null

30-03-2025T17:15:54 - [TEST_STEP][PASSED] - page2 = <not implemented yet for class: org.codehaus.groovy.ast.expr.EmptyExpression>: null

30-03-2025T17:15:54 - [TEST_STEP][PASSED] - filialNumberInRow = <not implemented yet for class: org.codehaus.groovy.ast.expr.EmptyExpression>: null

30-03-2025T17:15:54 - [TEST_STEP][PASSED] - filialsDzoNames = <not implemented yet for class: org.codehaus.groovy.ast.expr.EmptyExpression>: null

30-03-2025T17:15:54 - [TEST_STEP][PASSED] - numberOfFilials = <not implemented yet for class: org.codehaus.groovy.ast.expr.EmptyExpression>: null

30-03-2025T17:15:54 - [TEST_STEP][PASSED] - numberOfSpaces = <not implemented yet for class: org.codehaus.groovy.ast.expr.EmptyExpression>: null

30-03-2025T17:15:54 - [TEST_STEP][PASSED] - file = <not implemented yet for class: org.codehaus.groovy.ast.expr.EmptyExpression>: null

30-03-2025T17:15:54 - [TEST_STEP][PASSED] - otpusk = <not implemented yet for class: org.codehaus.groovy.ast.expr.EmptyExpression>: null

30-03-2025T17:15:54 - [TEST_STEP][PASSED] - poteri = <not implemented yet for class: org.codehaus.groovy.ast.expr.EmptyExpression>: null

30-03-2025T17:15:54 - [TEST_STEP][PASSED] - dataFolder = "Выполнение бизнес-плана/Значения со страницы Выполнение бизнес-плана/": null

30-03-2025T17:15:54 - [TEST_STEP][PASSED] - path = <not implemented yet for class: org.codehaus.groovy.ast.expr.EmptyExpression>: null

30-03-2025T17:15:54 - [TEST_STEP][PASSED] - typeOfDataMain = <not implemented yet for class: org.codehaus.groovy.ast.expr.EmptyExpression>: null

30-03-2025T17:15:54 - [TEST_STEP][PASSED] - fileOtpuskVSet = <not implemented yet for class: org.codehaus.groovy.ast.expr.EmptyExpression>: null

30-03-2025T17:15:54 - [TEST_STEP][PASSED] - pageOtpuskVSet = <not implemented yet for class: org.codehaus.groovy.ast.expr.EmptyExpression>: null

30-03-2025T17:15:54 - [TEST_STEP][PASSED] - filePoteri = <not implemented yet for class: org.codehaus.groovy.ast.expr.EmptyExpression>: null

30-03-2025T17:15:54 - [TEST_STEP][PASSED] - pagePoteri = <not implemented yet for class: org.codehaus.groovy.ast.expr.EmptyExpression>: null

30-03-2025T17:15:54 - [TEST_STEP][PASSED] - compare = <not implemented yet for class: org.codehaus.groovy.ast.expr.EmptyExpression>: null

30-03-2025T17:15:54 - [TEST_STEP][PASSED] - b = <not implemented yet for class: org.codehaus.groovy.ast.expr.EmptyExpression>: null

30-03-2025T17:15:54 - [TEST_STEP][PASSED] - i = <not implemented yet for class: org.codehaus.groovy.ast.expr.EmptyExpression>: null

30-03-2025T17:15:54 - [TEST_STEP][PASSED] - ii = <not implemented yet for class: org.codehaus.groovy.ast.expr.EmptyExpression>: null

30-03-2025T17:15:54 - [TEST_STEP][PASSED] - c = <not implemented yet for class: org.codehaus.groovy.ast.expr.EmptyExpression>: null

30-03-2025T17:15:54 - [TEST_STEP][PASSED] - numberOfErrors = 0: null

30-03-2025T17:15:54 - [TEST_STEP][PASSED] - if (a == 82): null

30-03-2025T17:15:54 - [TEST_STEP][PASSED] - b = findTestData("PlanFact").getValue(1, a): null

30-03-2025T17:15:54 - [TEST_STEP][PASSED] - i = b.indexOf(" (ГК)"): null

30-03-2025T17:15:54 - [TEST_STEP][PASSED] - if (i > -1): null

30-03-2025T17:15:54 - [TEST_STEP][PASSED] - i = b.indexOf("О ""): null

30-03-2025T17:15:54 - [TEST_STEP][PASSED] - if (i > -1): null

30-03-2025T17:15:54 - [TEST_STEP][PASSED] - i = b.indexOf("О «"): null

30-03-2025T17:15:54 - [TEST_STEP][PASSED] - if (i > -1): null

30-03-2025T17:15:54 - [TEST_STEP][PASSED] - i = b.indexOf("г. "): null

30-03-2025T17:15:54 - [TEST_STEP][PASSED] - if (i > -1): null

30-03-2025T17:15:54 - [TEST_STEP][PASSED] - b = b.trim(): null

30-03-2025T17:15:54 - [TEST_STEP][PASSED] - println(b): null

30-03-2025T17:15:54 - [TEST_STEP][PASSED] - for ([planFact = 1, planFact < 3, (planFact++)]): Object: 'Object Repository/Выполнение бизнес-плана/Кнопка Факт' is clicked on

30-03-2025T17:15:54 - [TEST_STEP][PASSED] - if (planFact == 1): null

30-03-2025T17:15:54 - [TEST_STEP][PASSED] - typeOfDataMain = "Факт": null

30-03-2025T17:15:54 - [TEST_STEP][PASSED] - otpusk = findTestData("PlanFact").getValue(5, a): null

30-03-2025T17:15:54 - [TEST_STEP][PASSED] - poteri = findTestData("PlanFact").getValue(6, a): null

30-03-2025T17:15:54 - [TEST_STEP][PASSED] - otpusk = otpusk.replaceAll("\s+", ""): null

30-03-2025T17:15:54 - [TEST_STEP][PASSED] - poteri = poteri.replaceAll("\s+", ""): null

30-03-2025T17:15:54 - [TEST_STEP][PASSED] - typeOfData = typeOfDataMain + " Отпуск в сеть": null

30-03-2025T17:15:54 - [TEST_STEP][PASSED] - if (a == 82): null

30-03-2025T17:15:54 - [TEST_STEP][PASSED] - else if (a == 84): null

30-03-2025T17:15:54 - [TEST_STEP][PASSED] - else if (a == 83 || a == 52 || a == 72 || a == 28 || a == 73 || a == 77 || a == 74 || a == 65 || a == 36 || a == 44 || a == 53 || a == 80 || a == 54 || a == 1 || a == 18 || a == 59 || a == 81): null

30-03-2025T17:15:54 - [TEST_STEP][PASSED] - else: null

30-03-2025T17:15:54 - [TEST_STEP][PASSED] - path = dataFolder + typeOfData + " за отчётный период " + b: null

30-03-2025T17:15:54 - [TEST_STEP][PASSED] - println(path): null

30-03-2025T17:15:54 - [TEST_STEP][PASSED] - page = getText(findTestObject(path)): Text of object 'Object Repository/Выполнение бизнес-плана/Значения со страницы Выполнение бизнес-плана/Факт Отпуск в сеть за отчётный период АО ЕЭСК' is: '727 699'

30-03-2025T17:15:55 - [MESSAGE][PASSED] - Text of object 'Object Repository/Выполнение бизнес-плана/Значения со страницы Выполнение бизнес-плана/Факт Отпуск в сеть за отчётный период АО ЕЭСК' is: '727 699'

30-03-2025T17:15:55 - [TEST_STEP][PASSED] - if (page == "" || page == null): null

30-03-2025T17:15:55 - [TEST_STEP][PASSED] - else: null

30-03-2025T17:15:55 - [TEST_STEP][PASSED] - page = page.replaceAll("\s+", ""): null

30-03-2025T17:15:55 - [TEST_STEP][PASSED] - if (page == "undefined"): null

30-03-2025T17:15:55 - [TEST_STEP][PASSED] - fileOtpuskVSet = otpusk.toInteger(): null

30-03-2025T17:15:55 - [TEST_STEP][PASSED] - pageOtpuskVSet = page.toInteger(): null

30-03-2025T17:15:55 - [TEST_STEP][PASSED] - typeOfData = typeOfDataMain + " Потери": null

30-03-2025T17:15:55 - [TEST_STEP][PASSED] - if (a == 82): null

30-03-2025T17:15:55 - [TEST_STEP][PASSED] - else if (a == 84): null

30-03-2025T17:15:55 - [TEST_STEP][PASSED] - else if (a == 83 || a == 52 || a == 72 || a == 28 || a == 73 || a == 77 || a == 74 || a == 65 || a == 44 || a == 53 || a == 80 || a == 54 || a == 1 || a == 18 || a == 59 || a == 81): null

30-03-2025T17:15:55 - [TEST_STEP][PASSED] - else: null

30-03-2025T17:15:55 - [TEST_STEP][PASSED] - path = dataFolder + typeOfData + " за отчётный период " + b: null

30-03-2025T17:15:55 - [TEST_STEP][PASSED] - page = getText(findTestObject(path)): Text of object 'Object Repository/Выполнение бизнес-плана/Значения со страницы Выполнение бизнес-плана/Факт Потери за отчётный период АО ЕЭСК' is: '48 504'

30-03-2025T17:15:55 - [MESSAGE][PASSED] - Text of object 'Object Repository/Выполнение бизнес-плана/Значения со страницы Выполнение бизнес-плана/Факт Потери за отчётный период АО ЕЭСК' is: '48 504'

30-03-2025T17:15:55 - [TEST_STEP][PASSED] - if (page == "" || page == null): null

30-03-2025T17:15:55 - [TEST_STEP][PASSED] - else: null

30-03-2025T17:15:55 - [TEST_STEP][PASSED] - page = page.replaceAll("\s+", ""): null

30-03-2025T17:15:55 - [TEST_STEP][PASSED] - if (page == "undefined"): null

30-03-2025T17:15:55 - [TEST_STEP][PASSED] - filePoteri = poteri.toInteger(): null

30-03-2025T17:15:55 - [TEST_STEP][PASSED] - pagePoteri = page.toInteger(): null

30-03-2025T17:15:55 - [TEST_STEP][PASSED] - compare = pageOtpuskVSet: null

30-03-2025T17:15:55 - [TEST_STEP][PASSED] - if (pageOtpuskVSet != null): null

30-03-2025T17:15:55 - [TEST_STEP][PASSED] - if (compare == fileOtpuskVSet): null

30-03-2025T17:15:55 - [TEST_STEP][PASSED] - if (compare == fileOtpuskVSet): null

30-03-2025T17:15:55 - [TEST_STEP][PASSED] - compare = pagePoteri: null

30-03-2025T17:15:55 - [TEST_STEP][PASSED] - if (pageOtpuskVSet != null): null

30-03-2025T17:15:55 - [TEST_STEP][PASSED] - if (compare == filePoteri): null

30-03-2025T17:15:55 - [TEST_STEP][PASSED] - if (compare == filePoteri): null

30-03-2025T17:15:55 - [TEST_STEP][PASSED] - if (planFact == 2): null

30-03-2025T17:15:55 - [TEST_STEP][PASSED] - if (planFact == 1): null

30-03-2025T17:15:55 - [TEST_STEP][PASSED] - else if (planFact == 2): null

30-03-2025T17:15:55 - [TEST_STEP][PASSED] - click(findTestObject("Выполнение бизнес-плана/Кнопка План")): Object: 'Object Repository/Выполнение бизнес-плана/Кнопка План' is clicked on

30-03-2025T17:15:55 - [MESSAGE][PASSED] - Object: 'Object Repository/Выполнение бизнес-плана/Кнопка План' is clicked on

30-03-2025T17:15:55 - [TEST_STEP][PASSED] - typeOfDataMain = "План": null

30-03-2025T17:15:55 - [TEST_STEP][PASSED] - otpusk = findTestData("PlanFact").getValue(2, a): null

30-03-2025T17:15:55 - [TEST_STEP][PASSED] - poteri = findTestData("PlanFact").getValue(3, a): null

30-03-2025T17:15:55 - [TEST_STEP][PASSED] - otpusk = otpusk.replaceAll("\s+", ""): null

30-03-2025T17:15:55 - [TEST_STEP][PASSED] - poteri = poteri.replaceAll("\s+", ""): null

30-03-2025T17:15:55 - [TEST_STEP][PASSED] - typeOfData = typeOfDataMain + " Отпуск в сеть": null

30-03-2025T17:15:55 - [TEST_STEP][PASSED] - if (a == 82): null

30-03-2025T17:15:55 - [TEST_STEP][PASSED] - else if (a == 84): null

30-03-2025T17:15:55 - [TEST_STEP][PASSED] - else if (a == 83 || a == 52 || a == 72 || a == 28 || a == 73 || a == 77 || a == 74 || a == 65 || a == 36 || a == 44 || a == 53 || a == 80 || a == 54 || a == 1 || a == 18 || a == 59 || a == 81): null

30-03-2025T17:15:55 - [TEST_STEP][PASSED] - else: null

30-03-2025T17:15:55 - [TEST_STEP][PASSED] - path = dataFolder + typeOfData + " за отчётный период " + b: null

30-03-2025T17:15:55 - [TEST_STEP][PASSED] - println(path): null

30-03-2025T17:15:55 - [TEST_STEP][PASSED] - page = getText(findTestObject(path)): Text of object 'Object Repository/Выполнение бизнес-плана/Значения со страницы Выполнение бизнес-плана/План Отпуск в сеть за отчётный период АО ЕЭСК' is: '744 743'

30-03-2025T17:15:56 - [MESSAGE][PASSED] - Text of object 'Object Repository/Выполнение бизнес-плана/Значения со страницы Выполнение бизнес-плана/План Отпуск в сеть за отчётный период АО ЕЭСК' is: '744 743'

30-03-2025T17:15:56 - [TEST_STEP][PASSED] - if (page == "" || page == null): null

30-03-2025T17:15:56 - [TEST_STEP][PASSED] - else: null

30-03-2025T17:15:56 - [TEST_STEP][PASSED] - page = page.replaceAll("\s+", ""): null

30-03-2025T17:15:56 - [TEST_STEP][PASSED] - if (page == "undefined"): null

30-03-2025T17:15:56 - [TEST_STEP][PASSED] - fileOtpuskVSet = otpusk.toInteger(): null

30-03-2025T17:15:56 - [TEST_STEP][PASSED] - pageOtpuskVSet = page.toInteger(): null

30-03-2025T17:15:56 - [TEST_STEP][PASSED] - typeOfData = typeOfDataMain + " Потери": null

30-03-2025T17:15:56 - [TEST_STEP][PASSED] - if (a == 82): null

30-03-2025T17:15:56 - [TEST_STEP][PASSED] - else if (a == 84): null

30-03-2025T17:15:56 - [TEST_STEP][PASSED] - else if (a == 83 || a == 52 || a == 72 || a == 28 || a == 73 || a == 77 || a == 74 || a == 65 || a == 44 || a == 53 || a == 80 || a == 54 || a == 1 || a == 18 || a == 59 || a == 81): null

30-03-2025T17:15:56 - [TEST_STEP][PASSED] - else: null

30-03-2025T17:15:56 - [TEST_STEP][PASSED] - path = dataFolder + typeOfData + " за отчётный период " + b: null

30-03-2025T17:15:56 - [TEST_STEP][PASSED] - page = getText(findTestObject(path)): Text of object 'Object Repository/Выполнение бизнес-плана/Значения со страницы Выполнение бизнес-плана/План Потери за отчётный период АО ЕЭСК' is: '56 986'

30-03-2025T17:15:56 - [MESSAGE][PASSED] - Text of object 'Object Repository/Выполнение бизнес-плана/Значения со страницы Выполнение бизнес-плана/План Потери за отчётный период АО ЕЭСК' is: '56 986'

30-03-2025T17:15:56 - [TEST_STEP][PASSED] - if (page == "" || page == null): null

30-03-2025T17:15:56 - [TEST_STEP][PASSED] - else: null

30-03-2025T17:15:56 - [TEST_STEP][PASSED] - page = page.replaceAll("\s+", ""): null

30-03-2025T17:15:56 - [TEST_STEP][PASSED] - if (page == "undefined"): null

30-03-2025T17:15:56 - [TEST_STEP][PASSED] - filePoteri = poteri.toInteger(): null

30-03-2025T17:15:56 - [TEST_STEP][PASSED] - pagePoteri = page.toInteger(): null

30-03-2025T17:15:56 - [TEST_STEP][PASSED] - compare = pageOtpuskVSet: null

30-03-2025T17:15:56 - [TEST_STEP][PASSED] - if (pageOtpuskVSet != null): null

30-03-2025T17:15:56 - [TEST_STEP][PASSED] - if (compare == fileOtpuskVSet): null

30-03-2025T17:15:56 - [TEST_STEP][PASSED] - if (compare == fileOtpuskVSet): null

30-03-2025T17:15:56 - [TEST_STEP][PASSED] - compare = pagePoteri: null

30-03-2025T17:15:56 - [TEST_STEP][PASSED] - if (pageOtpuskVSet != null): null

30-03-2025T17:15:56 - [TEST_STEP][PASSED] - if (compare == filePoteri): null

30-03-2025T17:15:56 - [TEST_STEP][PASSED] - if (compare == filePoteri): null

30-03-2025T17:15:56 - [TEST_STEP][PASSED] - if (planFact == 2): Object: 'Object Repository/Выполнение бизнес-плана/Кнопка Факт' is clicked on

30-03-2025T17:15:56 - [TEST_STEP][PASSED] - click(findTestObject("Выполнение бизнес-плана/Кнопка Факт")): Object: 'Object Repository/Выполнение бизнес-плана/Кнопка Факт' is clicked on

30-03-2025T17:15:56 - [MESSAGE][PASSED] - Object: 'Object Repository/Выполнение бизнес-плана/Кнопка Факт' is clicked on

30-03-2025T17:15:56 - [TEST_STEP][PASSED] - println("a=" + a): null

30-03-2025T17:15:56 - [TEST_STEP][PASSED] - if (a == 84 || a == 82): null

30-03-2025T17:15:56 - [TEST_STEP][PASSED] - else if (a == 83 || a == 52 || a == 72 || a == 28 || a == 73 || a == 77 || a == 74 || a == 65 || a == 36 || a == 44 || a == 53 || a == 80 || a == 54 || a == 1 || a == 18 || a == 59 || a == 81): null

30-03-2025T17:15:56 - [TEST_STEP][PASSED] - else: null

30-03-2025T17:15:56 - [TEST_STEP][PASSED] - page1 = getText(findTestObject("Object Repository/Выполнение бизнес-плана/spanPlan" + filialNum)): Text of object 'Object Repository/Выполнение бизнес-плана/spanPlan1' is: '7.65
|'

30-03-2025T17:15:57 - [MESSAGE][PASSED] - Text of object 'Object Repository/Выполнение бизнес-плана/spanPlan1' is: '7.65
|'

30-03-2025T17:15:57 - [TEST_STEP][PASSED] - page1 = page1.replace("|", ""): null

30-03-2025T17:15:57 - [TEST_STEP][PASSED] - page2 = getText(findTestObject("Object Repository/Выполнение бизнес-плана/spanFact" + filialNum)): Text of object 'Object Repository/Выполнение бизнес-плана/spanFact1' is: '6.67
|'

30-03-2025T17:15:57 - [MESSAGE][PASSED] - Text of object 'Object Repository/Выполнение бизнес-плана/spanFact1' is: '6.67
|'

30-03-2025T17:15:57 - [TEST_STEP][PASSED] - page2 = page2.replace("|", ""): null

30-03-2025T17:15:57 - [TEST_STEP][PASSED] - println("page1: " + page1): null

30-03-2025T17:15:57 - [TEST_STEP][PASSED] - println("page2: " + page2): null

30-03-2025T17:15:57 - [TEST_STEP][PASSED] - file = findTestData("PlanFact").getValue(4, a): null

30-03-2025T17:15:57 - [TEST_STEP][PASSED] - file = file.replace(",", "."): null

30-03-2025T17:15:57 - [TEST_STEP][PASSED] - println("file Plan: " + file): null

30-03-2025T17:15:57 - [TEST_STEP][PASSED] - typeOfData = "План в процентах": null

30-03-2025T17:15:57 - [TEST_STEP][PASSED] - fileDouble = file.toDouble(): null

30-03-2025T17:15:57 - [TEST_STEP][PASSED] - pageDouble = page1.toDouble(): null

30-03-2025T17:15:57 - [TEST_STEP][PASSED] - if (fileDouble != pageDouble): null

30-03-2025T17:15:57 - [TEST_STEP][PASSED] - file = findTestData("PlanFact").getValue(7, a): null

30-03-2025T17:15:57 - [TEST_STEP][PASSED] - file = file.replace(",", "."): null

30-03-2025T17:15:57 - [TEST_STEP][PASSED] - println("file Fact: " + file): null

30-03-2025T17:15:57 - [TEST_STEP][PASSED] - fileDouble = file.toDouble(): null

30-03-2025T17:15:57 - [TEST_STEP][PASSED] - typeOfData = "Факт в процентах": null

30-03-2025T17:15:57 - [TEST_STEP][PASSED] - fileDouble = file.toDouble(): null

30-03-2025T17:15:57 - [TEST_STEP][PASSED] - pageDouble = page2.toDouble(): null

30-03-2025T17:15:57 - [TEST_STEP][PASSED] - if (fileDouble != pageDouble): null

30-03-2025T17:15:57 - [TEST_STEP][PASSED] - if (verifyEqual(numberOfErrors, 0) == false): Actual object '0' and expected object '0' are equal

30-03-2025T17:15:57 - [MESSAGE][PASSED] - Actual object '0' and expected object '0' are equal

30-03-2025T17:15:57 - [TEST_STEP][PASSED] - if (a == 82): null

30-03-2025T17:15:57 - [TEST_STEP][PASSED] - dZO = "Пермэнерго": null

30-03-2025T17:15:57 - [TEST_STEP][PASSED] - a = 55: null

30-03-2025T17:15:57 - [TEST_STEP][PASSED] - if (x2.contains(dZO)): null

30-03-2025T17:15:57 - [TEST_STEP][PASSED] - filialNum = filialNum + 1: null

30-03-2025T17:15:57 - [TEST_STEP][PASSED] - Script1718980020443.Numbers(a, typeOfData, todaysDate, pageInt, fileInt, pageDouble, fileDouble, dZO, dzoNum, filialNum): null

30-03-2025T17:15:57 - [TEST_STEP][PASSED] - println(dzoNum): null

30-03-2025T17:15:57 - [TEST_STEP][PASSED] - planFact = <not implemented yet for class: org.codehaus.groovy.ast.expr.EmptyExpression>: null

30-03-2025T17:15:57 - [TEST_STEP][PASSED] - page = <not implemented yet for class: org.codehaus.groovy.ast.expr.EmptyExpression>: null

30-03-2025T17:15:57 - [TEST_STEP][PASSED] - page1 = <not implemented yet for class: org.codehaus.groovy.ast.expr.EmptyExpression>: null

30-03-2025T17:15:57 - [TEST_STEP][PASSED] - page2 = <not implemented yet for class: org.codehaus.groovy.ast.expr.EmptyExpression>: null

30-03-2025T17:15:57 - [TEST_STEP][PASSED] - filialNumberInRow = <not implemented yet for class: org.codehaus.groovy.ast.expr.EmptyExpression>: null

30-03-2025T17:15:57 - [TEST_STEP][PASSED] - filialsDzoNames = <not implemented yet for class: org.codehaus.groovy.ast.expr.EmptyExpression>: null

30-03-2025T17:15:57 - [TEST_STEP][PASSED] - numberOfFilials = <not implemented yet for class: org.codehaus.groovy.ast.expr.EmptyExpression>: null

30-03-2025T17:15:57 - [TEST_STEP][PASSED] - numberOfSpaces = <not implemented yet for class: org.codehaus.groovy.ast.expr.EmptyExpression>: null

30-03-2025T17:15:57 - [TEST_STEP][PASSED] - file = <not implemented yet for class: org.codehaus.groovy.ast.expr.EmptyExpression>: null

30-03-2025T17:15:57 - [TEST_STEP][PASSED] - otpusk = <not implemented yet for class: org.codehaus.groovy.ast.expr.EmptyExpression>: null

30-03-2025T17:15:57 - [TEST_STEP][PASSED] - poteri = <not implemented yet for class: org.codehaus.groovy.ast.expr.EmptyExpression>: null

30-03-2025T17:15:57 - [TEST_STEP][PASSED] - dataFolder = "Выполнение бизнес-плана/Значения со страницы Выполнение бизнес-плана/": null

30-03-2025T17:15:57 - [TEST_STEP][PASSED] - path = <not implemented yet for class: org.codehaus.groovy.ast.expr.EmptyExpression>: null

30-03-2025T17:15:57 - [TEST_STEP][PASSED] - typeOfDataMain = <not implemented yet for class: org.codehaus.groovy.ast.expr.EmptyExpression>: null

30-03-2025T17:15:57 - [TEST_STEP][PASSED] - fileOtpuskVSet = <not implemented yet for class: org.codehaus.groovy.ast.expr.EmptyExpression>: null

30-03-2025T17:15:57 - [TEST_STEP][PASSED] - pageOtpuskVSet = <not implemented yet for class: org.codehaus.groovy.ast.expr.EmptyExpression>: null

30-03-2025T17:15:57 - [TEST_STEP][PASSED] - filePoteri = <not implemented yet for class: org.codehaus.groovy.ast.expr.EmptyExpression>: null

30-03-2025T17:15:57 - [TEST_STEP][PASSED] - pagePoteri = <not implemented yet for class: org.codehaus.groovy.ast.expr.EmptyExpression>: null

30-03-2025T17:15:57 - [TEST_STEP][PASSED] - compare = <not implemented yet for class: org.codehaus.groovy.ast.expr.EmptyExpression>: null

30-03-2025T17:15:57 - [TEST_STEP][PASSED] - b = <not implemented yet for class: org.codehaus.groovy.ast.expr.EmptyExpression>: null

30-03-2025T17:15:57 - [TEST_STEP][PASSED] - i = <not implemented yet for class: org.codehaus.groovy.ast.expr.EmptyExpression>: null

30-03-2025T17:15:57 - [TEST_STEP][PASSED] - ii = <not implemented yet for class: org.codehaus.groovy.ast.expr.EmptyExpression>: null

30-03-2025T17:15:57 - [TEST_STEP][PASSED] - c = <not implemented yet for class: org.codehaus.groovy.ast.expr.EmptyExpression>: null

30-03-2025T17:15:57 - [TEST_STEP][PASSED] - numberOfErrors = 0: null

30-03-2025T17:15:57 - [TEST_STEP][PASSED] - if (a == 82): null

30-03-2025T17:15:57 - [TEST_STEP][PASSED] - b = findTestData("PlanFact").getValue(1, a): null

30-03-2025T17:15:57 - [TEST_STEP][PASSED] - i = b.indexOf(" (ГК)"): null

30-03-2025T17:15:57 - [TEST_STEP][PASSED] - if (i > -1): null

30-03-2025T17:15:57 - [TEST_STEP][PASSED] - i = b.indexOf("О ""): null

30-03-2025T17:15:57 - [TEST_STEP][PASSED] - if (i > -1): null

30-03-2025T17:15:57 - [TEST_STEP][PASSED] - i = b.indexOf("О «"): null

30-03-2025T17:15:57 - [TEST_STEP][PASSED] - if (i > -1): null

30-03-2025T17:15:57 - [TEST_STEP][PASSED] - i = b.indexOf("г. "): null

30-03-2025T17:15:57 - [TEST_STEP][PASSED] - if (i > -1): null

30-03-2025T17:15:57 - [TEST_STEP][PASSED] - b = b.trim(): null

30-03-2025T17:15:57 - [TEST_STEP][PASSED] - println(b): null

30-03-2025T17:15:57 - [TEST_STEP][PASSED] - for ([planFact = 1, planFact < 3, (planFact++)]): Object: 'Object Repository/Выполнение бизнес-плана/Кнопка Факт' is clicked on

30-03-2025T17:15:57 - [TEST_STEP][PASSED] - if (planFact == 1): null

30-03-2025T17:15:57 - [TEST_STEP][PASSED] - typeOfDataMain = "Факт": null

30-03-2025T17:15:57 - [TEST_STEP][PASSED] - otpusk = findTestData("PlanFact").getValue(5, a): null

30-03-2025T17:15:57 - [TEST_STEP][PASSED] - poteri = findTestData("PlanFact").getValue(6, a): null

30-03-2025T17:15:57 - [TEST_STEP][PASSED] - otpusk = otpusk.replaceAll("\s+", ""): null

30-03-2025T17:15:57 - [TEST_STEP][PASSED] - poteri = poteri.replaceAll("\s+", ""): null

30-03-2025T17:15:57 - [TEST_STEP][PASSED] - typeOfData = typeOfDataMain + " Отпуск в сеть": null

30-03-2025T17:15:57 - [TEST_STEP][PASSED] - if (a == 82): null

30-03-2025T17:15:57 - [TEST_STEP][PASSED] - else if (a == 84): null

30-03-2025T17:15:57 - [TEST_STEP][PASSED] - else if (a == 83 || a == 52 || a == 72 || a == 28 || a == 73 || a == 77 || a == 74 || a == 65 || a == 36 || a == 44 || a == 53 || a == 80 || a == 54 || a == 1 || a == 18 || a == 59 || a == 81): null

30-03-2025T17:15:57 - [TEST_STEP][PASSED] - else: null

30-03-2025T17:15:57 - [TEST_STEP][PASSED] - path = dataFolder + typeOfData + " за отчётный период " + b: null

30-03-2025T17:15:57 - [TEST_STEP][PASSED] - println(path): null

30-03-2025T17:15:57 - [TEST_STEP][PASSED] - page = getText(findTestObject(path)): Text of object 'Object Repository/Выполнение бизнес-плана/Значения со страницы Выполнение бизнес-плана/Факт Отпуск в сеть за отчётный период Пермэнерго' is: '1 612 417'

30-03-2025T17:15:58 - [MESSAGE][PASSED] - Text of object 'Object Repository/Выполнение бизнес-плана/Значения со страницы Выполнение бизнес-плана/Факт Отпуск в сеть за отчётный период Пермэнерго' is: '1 612 417'

30-03-2025T17:15:58 - [TEST_STEP][PASSED] - if (page == "" || page == null): null

30-03-2025T17:15:58 - [TEST_STEP][PASSED] - else: null

30-03-2025T17:15:58 - [TEST_STEP][PASSED] - page = page.replaceAll("\s+", ""): null

30-03-2025T17:15:58 - [TEST_STEP][PASSED] - if (page == "undefined"): null

30-03-2025T17:15:58 - [TEST_STEP][PASSED] - fileOtpuskVSet = otpusk.toInteger(): null

30-03-2025T17:15:58 - [TEST_STEP][PASSED] - pageOtpuskVSet = page.toInteger(): null

30-03-2025T17:15:58 - [TEST_STEP][PASSED] - typeOfData = typeOfDataMain + " Потери": null

30-03-2025T17:15:58 - [TEST_STEP][PASSED] - if (a == 82): null

30-03-2025T17:15:58 - [TEST_STEP][PASSED] - else if (a == 84): null

30-03-2025T17:15:58 - [TEST_STEP][PASSED] - else if (a == 83 || a == 52 || a == 72 || a == 28 || a == 73 || a == 77 || a == 74 || a == 65 || a == 44 || a == 53 || a == 80 || a == 54 || a == 1 || a == 18 || a == 59 || a == 81): null

30-03-2025T17:15:58 - [TEST_STEP][PASSED] - else: null

30-03-2025T17:15:58 - [TEST_STEP][PASSED] - path = dataFolder + typeOfData + " за отчётный период " + b: null

30-03-2025T17:15:58 - [TEST_STEP][PASSED] - page = getText(findTestObject(path)): Text of object 'Object Repository/Выполнение бизнес-плана/Значения со страницы Выполнение бизнес-плана/Факт Потери за отчётный период Пермэнерго' is: '150 891'

30-03-2025T17:15:58 - [MESSAGE][PASSED] - Text of object 'Object Repository/Выполнение бизнес-плана/Значения со страницы Выполнение бизнес-плана/Факт Потери за отчётный период Пермэнерго' is: '150 891'

30-03-2025T17:15:58 - [TEST_STEP][PASSED] - if (page == "" || page == null): null

30-03-2025T17:15:58 - [TEST_STEP][PASSED] - else: null

30-03-2025T17:15:58 - [TEST_STEP][PASSED] - page = page.replaceAll("\s+", ""): null

30-03-2025T17:15:58 - [TEST_STEP][PASSED] - if (page == "undefined"): null

30-03-2025T17:15:58 - [TEST_STEP][PASSED] - filePoteri = poteri.toInteger(): null

30-03-2025T17:15:58 - [TEST_STEP][PASSED] - pagePoteri = page.toInteger(): null

30-03-2025T17:15:58 - [TEST_STEP][PASSED] - compare = pageOtpuskVSet: null

30-03-2025T17:15:58 - [TEST_STEP][PASSED] - if (pageOtpuskVSet != null): null

30-03-2025T17:15:58 - [TEST_STEP][PASSED] - if (compare == fileOtpuskVSet): null

30-03-2025T17:15:58 - [TEST_STEP][PASSED] - if (compare == fileOtpuskVSet): null

30-03-2025T17:15:58 - [TEST_STEP][PASSED] - compare = pagePoteri: null

30-03-2025T17:15:58 - [TEST_STEP][PASSED] - if (pageOtpuskVSet != null): null

30-03-2025T17:15:58 - [TEST_STEP][PASSED] - if (compare == filePoteri): null

30-03-2025T17:15:58 - [TEST_STEP][PASSED] - if (compare == filePoteri): null

30-03-2025T17:15:58 - [TEST_STEP][PASSED] - if (planFact == 2): null

30-03-2025T17:15:58 - [TEST_STEP][PASSED] - if (planFact == 1): null

30-03-2025T17:15:58 - [TEST_STEP][PASSED] - else if (planFact == 2): null

30-03-2025T17:15:58 - [TEST_STEP][PASSED] - click(findTestObject("Выполнение бизнес-плана/Кнопка План")): Object: 'Object Repository/Выполнение бизнес-плана/Кнопка План' is clicked on

30-03-2025T17:15:58 - [MESSAGE][PASSED] - Object: 'Object Repository/Выполнение бизнес-плана/Кнопка План' is clicked on

30-03-2025T17:15:58 - [TEST_STEP][PASSED] - typeOfDataMain = "План": null

30-03-2025T17:15:58 - [TEST_STEP][PASSED] - otpusk = findTestData("PlanFact").getValue(2, a): null

30-03-2025T17:15:58 - [TEST_STEP][PASSED] - poteri = findTestData("PlanFact").getValue(3, a): null

30-03-2025T17:15:58 - [TEST_STEP][PASSED] - otpusk = otpusk.replaceAll("\s+", ""): null

30-03-2025T17:15:58 - [TEST_STEP][PASSED] - poteri = poteri.replaceAll("\s+", ""): null

30-03-2025T17:15:58 - [TEST_STEP][PASSED] - typeOfData = typeOfDataMain + " Отпуск в сеть": null

30-03-2025T17:15:58 - [TEST_STEP][PASSED] - if (a == 82): null

30-03-2025T17:15:58 - [TEST_STEP][PASSED] - else if (a == 84): null

30-03-2025T17:15:58 - [TEST_STEP][PASSED] - else if (a == 83 || a == 52 || a == 72 || a == 28 || a == 73 || a == 77 || a == 74 || a == 65 || a == 36 || a == 44 || a == 53 || a == 80 || a == 54 || a == 1 || a == 18 || a == 59 || a == 81): null

30-03-2025T17:15:58 - [TEST_STEP][PASSED] - else: null

30-03-2025T17:15:58 - [TEST_STEP][PASSED] - path = dataFolder + typeOfData + " за отчётный период " + b: null

30-03-2025T17:15:58 - [TEST_STEP][PASSED] - println(path): null

30-03-2025T17:15:58 - [TEST_STEP][PASSED] - page = getText(findTestObject(path)): Text of object 'Object Repository/Выполнение бизнес-плана/Значения со страницы Выполнение бизнес-плана/План Отпуск в сеть за отчётный период Пермэнерго' is: '1 710 460'

30-03-2025T17:15:59 - [MESSAGE][PASSED] - Text of object 'Object Repository/Выполнение бизнес-плана/Значения со страницы Выполнение бизнес-плана/План Отпуск в сеть за отчётный период Пермэнерго' is: '1 710 460'

30-03-2025T17:15:59 - [TEST_STEP][PASSED] - if (page == "" || page == null): null

30-03-2025T17:15:59 - [TEST_STEP][PASSED] - else: null

30-03-2025T17:15:59 - [TEST_STEP][PASSED] - page = page.replaceAll("\s+", ""): null

30-03-2025T17:15:59 - [TEST_STEP][PASSED] - if (page == "undefined"): null

30-03-2025T17:15:59 - [TEST_STEP][PASSED] - fileOtpuskVSet = otpusk.toInteger(): null

30-03-2025T17:15:59 - [TEST_STEP][PASSED] - pageOtpuskVSet = page.toInteger(): null

30-03-2025T17:15:59 - [TEST_STEP][PASSED] - typeOfData = typeOfDataMain + " Потери": null

30-03-2025T17:15:59 - [TEST_STEP][PASSED] - if (a == 82): null

30-03-2025T17:15:59 - [TEST_STEP][PASSED] - else if (a == 84): null

30-03-2025T17:15:59 - [TEST_STEP][PASSED] - else if (a == 83 || a == 52 || a == 72 || a == 28 || a == 73 || a == 77 || a == 74 || a == 65 || a == 44 || a == 53 || a == 80 || a == 54 || a == 1 || a == 18 || a == 59 || a == 81): null

30-03-2025T17:15:59 - [TEST_STEP][PASSED] - else: null

30-03-2025T17:15:59 - [TEST_STEP][PASSED] - path = dataFolder + typeOfData + " за отчётный период " + b: null

30-03-2025T17:15:59 - [TEST_STEP][PASSED] - page = getText(findTestObject(path)): Text of object 'Object Repository/Выполнение бизнес-плана/Значения со страницы Выполнение бизнес-плана/План Потери за отчётный период Пермэнерго' is: '167 043'

30-03-2025T17:15:59 - [MESSAGE][PASSED] - Text of object 'Object Repository/Выполнение бизнес-плана/Значения со страницы Выполнение бизнес-плана/План Потери за отчётный период Пермэнерго' is: '167 043'

30-03-2025T17:15:59 - [TEST_STEP][PASSED] - if (page == "" || page == null): null

30-03-2025T17:15:59 - [TEST_STEP][PASSED] - else: null

30-03-2025T17:15:59 - [TEST_STEP][PASSED] - page = page.replaceAll("\s+", ""): null

30-03-2025T17:15:59 - [TEST_STEP][PASSED] - if (page == "undefined"): null

30-03-2025T17:15:59 - [TEST_STEP][PASSED] - filePoteri = poteri.toInteger(): null

30-03-2025T17:15:59 - [TEST_STEP][PASSED] - pagePoteri = page.toInteger(): null

30-03-2025T17:15:59 - [TEST_STEP][PASSED] - compare = pageOtpuskVSet: null

30-03-2025T17:15:59 - [TEST_STEP][PASSED] - if (pageOtpuskVSet != null): null

30-03-2025T17:15:59 - [TEST_STEP][PASSED] - if (compare == fileOtpuskVSet): null

30-03-2025T17:15:59 - [TEST_STEP][PASSED] - if (compare == fileOtpuskVSet): null

30-03-2025T17:15:59 - [TEST_STEP][PASSED] - compare = pagePoteri: null

30-03-2025T17:15:59 - [TEST_STEP][PASSED] - if (pageOtpuskVSet != null): null

30-03-2025T17:15:59 - [TEST_STEP][PASSED] - if (compare == filePoteri): null

30-03-2025T17:15:59 - [TEST_STEP][PASSED] - if (compare == filePoteri): null

30-03-2025T17:15:59 - [TEST_STEP][PASSED] - if (planFact == 2): Object: 'Object Repository/Выполнение бизнес-плана/Кнопка Факт' is clicked on

30-03-2025T17:15:59 - [TEST_STEP][PASSED] - click(findTestObject("Выполнение бизнес-плана/Кнопка Факт")): Object: 'Object Repository/Выполнение бизнес-плана/Кнопка Факт' is clicked on

30-03-2025T17:15:59 - [MESSAGE][PASSED] - Object: 'Object Repository/Выполнение бизнес-плана/Кнопка Факт' is clicked on

30-03-2025T17:15:59 - [TEST_STEP][PASSED] - println("a=" + a): null

30-03-2025T17:15:59 - [TEST_STEP][PASSED] - if (a == 84 || a == 82): null

30-03-2025T17:15:59 - [TEST_STEP][PASSED] - else if (a == 83 || a == 52 || a == 72 || a == 28 || a == 73 || a == 77 || a == 74 || a == 65 || a == 36 || a == 44 || a == 53 || a == 80 || a == 54 || a == 1 || a == 18 || a == 59 || a == 81): null

30-03-2025T17:15:59 - [TEST_STEP][PASSED] - else: null

30-03-2025T17:15:59 - [TEST_STEP][PASSED] - page1 = getText(findTestObject("Object Repository/Выполнение бизнес-плана/spanPlan" + filialNum)): Text of object 'Object Repository/Выполнение бизнес-плана/spanPlan2' is: '9.77
|'

30-03-2025T17:16:00 - [MESSAGE][PASSED] - Text of object 'Object Repository/Выполнение бизнес-плана/spanPlan2' is: '9.77
|'

30-03-2025T17:16:00 - [TEST_STEP][PASSED] - page1 = page1.replace("|", ""): null

30-03-2025T17:16:00 - [TEST_STEP][PASSED] - page2 = getText(findTestObject("Object Repository/Выполнение бизнес-плана/spanFact" + filialNum)): Text of object 'Object Repository/Выполнение бизнес-плана/spanFact2' is: '9.36
|'

30-03-2025T17:16:00 - [MESSAGE][PASSED] - Text of object 'Object Repository/Выполнение бизнес-плана/spanFact2' is: '9.36
|'

30-03-2025T17:16:00 - [TEST_STEP][PASSED] - page2 = page2.replace("|", ""): null

30-03-2025T17:16:00 - [TEST_STEP][PASSED] - println("page1: " + page1): null

30-03-2025T17:16:00 - [TEST_STEP][PASSED] - println("page2: " + page2): null

30-03-2025T17:16:00 - [TEST_STEP][PASSED] - file = findTestData("PlanFact").getValue(4, a): null

30-03-2025T17:16:00 - [TEST_STEP][PASSED] - file = file.replace(",", "."): null

30-03-2025T17:16:00 - [TEST_STEP][PASSED] - println("file Plan: " + file): null

30-03-2025T17:16:00 - [TEST_STEP][PASSED] - typeOfData = "План в процентах": null

30-03-2025T17:16:00 - [TEST_STEP][PASSED] - fileDouble = file.toDouble(): null

30-03-2025T17:16:00 - [TEST_STEP][PASSED] - pageDouble = page1.toDouble(): null

30-03-2025T17:16:00 - [TEST_STEP][PASSED] - if (fileDouble != pageDouble): null

30-03-2025T17:16:00 - [TEST_STEP][PASSED] - file = findTestData("PlanFact").getValue(7, a): null

30-03-2025T17:16:00 - [TEST_STEP][PASSED] - file = file.replace(",", "."): null

30-03-2025T17:16:00 - [TEST_STEP][PASSED] - println("file Fact: " + file): null

30-03-2025T17:16:00 - [TEST_STEP][PASSED] - fileDouble = file.toDouble(): null

30-03-2025T17:16:00 - [TEST_STEP][PASSED] - typeOfData = "Факт в процентах": null

30-03-2025T17:16:00 - [TEST_STEP][PASSED] - fileDouble = file.toDouble(): null

30-03-2025T17:16:00 - [TEST_STEP][PASSED] - pageDouble = page2.toDouble(): null

30-03-2025T17:16:00 - [TEST_STEP][PASSED] - if (fileDouble != pageDouble): null

30-03-2025T17:16:00 - [TEST_STEP][PASSED] - if (verifyEqual(numberOfErrors, 0) == false): Actual object '0' and expected object '0' are equal

30-03-2025T17:16:00 - [MESSAGE][PASSED] - Actual object '0' and expected object '0' are equal

30-03-2025T17:16:00 - [TEST_STEP][PASSED] - if (a == 82): null

30-03-2025T17:16:00 - [TEST_STEP][PASSED] - dZO = "Свердловэнерго": null

30-03-2025T17:16:00 - [TEST_STEP][PASSED] - a = 56: null

30-03-2025T17:16:00 - [TEST_STEP][PASSED] - if (x2.contains(dZO)): null

30-03-2025T17:16:00 - [TEST_STEP][PASSED] - filialNum = filialNum + 1: null

30-03-2025T17:16:00 - [TEST_STEP][PASSED] - Script1718980020443.Numbers(a, typeOfData, todaysDate, pageInt, fileInt, pageDouble, fileDouble, dZO, dzoNum, filialNum): null

30-03-2025T17:16:00 - [TEST_STEP][PASSED] - println(dzoNum): null

30-03-2025T17:16:00 - [TEST_STEP][PASSED] - planFact = <not implemented yet for class: org.codehaus.groovy.ast.expr.EmptyExpression>: null

30-03-2025T17:16:00 - [TEST_STEP][PASSED] - page = <not implemented yet for class: org.codehaus.groovy.ast.expr.EmptyExpression>: null

30-03-2025T17:16:00 - [TEST_STEP][PASSED] - page1 = <not implemented yet for class: org.codehaus.groovy.ast.expr.EmptyExpression>: null

30-03-2025T17:16:00 - [TEST_STEP][PASSED] - page2 = <not implemented yet for class: org.codehaus.groovy.ast.expr.EmptyExpression>: null

30-03-2025T17:16:00 - [TEST_STEP][PASSED] - filialNumberInRow = <not implemented yet for class: org.codehaus.groovy.ast.expr.EmptyExpression>: null

30-03-2025T17:16:00 - [TEST_STEP][PASSED] - filialsDzoNames = <not implemented yet for class: org.codehaus.groovy.ast.expr.EmptyExpression>: null

30-03-2025T17:16:00 - [TEST_STEP][PASSED] - numberOfFilials = <not implemented yet for class: org.codehaus.groovy.ast.expr.EmptyExpression>: null

30-03-2025T17:16:00 - [TEST_STEP][PASSED] - numberOfSpaces = <not implemented yet for class: org.codehaus.groovy.ast.expr.EmptyExpression>: null

30-03-2025T17:16:00 - [TEST_STEP][PASSED] - file = <not implemented yet for class: org.codehaus.groovy.ast.expr.EmptyExpression>: null

30-03-2025T17:16:00 - [TEST_STEP][PASSED] - otpusk = <not implemented yet for class: org.codehaus.groovy.ast.expr.EmptyExpression>: null

30-03-2025T17:16:00 - [TEST_STEP][PASSED] - poteri = <not implemented yet for class: org.codehaus.groovy.ast.expr.EmptyExpression>: null

30-03-2025T17:16:00 - [TEST_STEP][PASSED] - dataFolder = "Выполнение бизнес-плана/Значения со страницы Выполнение бизнес-плана/": null

30-03-2025T17:16:00 - [TEST_STEP][PASSED] - path = <not implemented yet for class: org.codehaus.groovy.ast.expr.EmptyExpression>: null

30-03-2025T17:16:00 - [TEST_STEP][PASSED] - typeOfDataMain = <not implemented yet for class: org.codehaus.groovy.ast.expr.EmptyExpression>: null

30-03-2025T17:16:00 - [TEST_STEP][PASSED] - fileOtpuskVSet = <not implemented yet for class: org.codehaus.groovy.ast.expr.EmptyExpression>: null

30-03-2025T17:16:00 - [TEST_STEP][PASSED] - pageOtpuskVSet = <not implemented yet for class: org.codehaus.groovy.ast.expr.EmptyExpression>: null

30-03-2025T17:16:00 - [TEST_STEP][PASSED] - filePoteri = <not implemented yet for class: org.codehaus.groovy.ast.expr.EmptyExpression>: null

30-03-2025T17:16:00 - [TEST_STEP][PASSED] - pagePoteri = <not implemented yet for class: org.codehaus.groovy.ast.expr.EmptyExpression>: null

30-03-2025T17:16:00 - [TEST_STEP][PASSED] - compare = <not implemented yet for class: org.codehaus.groovy.ast.expr.EmptyExpression>: null

30-03-2025T17:16:00 - [TEST_STEP][PASSED] - b = <not implemented yet for class: org.codehaus.groovy.ast.expr.EmptyExpression>: null

30-03-2025T17:16:00 - [TEST_STEP][PASSED] - i = <not implemented yet for class: org.codehaus.groovy.ast.expr.EmptyExpression>: null

30-03-2025T17:16:00 - [TEST_STEP][PASSED] - ii = <not implemented yet for class: org.codehaus.groovy.ast.expr.EmptyExpression>: null

30-03-2025T17:16:00 - [TEST_STEP][PASSED] - c = <not implemented yet for class: org.codehaus.groovy.ast.expr.EmptyExpression>: null

30-03-2025T17:16:00 - [TEST_STEP][PASSED] - numberOfErrors = 0: null

30-03-2025T17:16:00 - [TEST_STEP][PASSED] - if (a == 82): null

30-03-2025T17:16:00 - [TEST_STEP][PASSED] - b = findTestData("PlanFact").getValue(1, a): null

30-03-2025T17:16:00 - [TEST_STEP][PASSED] - i = b.indexOf(" (ГК)"): null

30-03-2025T17:16:00 - [TEST_STEP][PASSED] - if (i > -1): null

30-03-2025T17:16:00 - [TEST_STEP][PASSED] - i = b.indexOf("О ""): null

30-03-2025T17:16:00 - [TEST_STEP][PASSED] - if (i > -1): null

30-03-2025T17:16:00 - [TEST_STEP][PASSED] - i = b.indexOf("О «"): null

30-03-2025T17:16:00 - [TEST_STEP][PASSED] - if (i > -1): null

30-03-2025T17:16:00 - [TEST_STEP][PASSED] - i = b.indexOf("г. "): null

30-03-2025T17:16:00 - [TEST_STEP][PASSED] - if (i > -1): null

30-03-2025T17:16:00 - [TEST_STEP][PASSED] - b = b.trim(): null

30-03-2025T17:16:00 - [TEST_STEP][PASSED] - println(b): null

30-03-2025T17:16:00 - [TEST_STEP][PASSED] - for ([planFact = 1, planFact < 3, (planFact++)]): Object: 'Object Repository/Выполнение бизнес-плана/Кнопка Факт' is clicked on

30-03-2025T17:16:00 - [TEST_STEP][PASSED] - if (planFact == 1): null

30-03-2025T17:16:00 - [TEST_STEP][PASSED] - typeOfDataMain = "Факт": null

30-03-2025T17:16:00 - [TEST_STEP][PASSED] - otpusk = findTestData("PlanFact").getValue(5, a): null

30-03-2025T17:16:00 - [TEST_STEP][PASSED] - poteri = findTestData("PlanFact").getValue(6, a): null

30-03-2025T17:16:00 - [TEST_STEP][PASSED] - otpusk = otpusk.replaceAll("\s+", ""): null

30-03-2025T17:16:00 - [TEST_STEP][PASSED] - poteri = poteri.replaceAll("\s+", ""): null

30-03-2025T17:16:00 - [TEST_STEP][PASSED] - typeOfData = typeOfDataMain + " Отпуск в сеть": null

30-03-2025T17:16:00 - [TEST_STEP][PASSED] - if (a == 82): null

30-03-2025T17:16:00 - [TEST_STEP][PASSED] - else if (a == 84): null

30-03-2025T17:16:00 - [TEST_STEP][PASSED] - else if (a == 83 || a == 52 || a == 72 || a == 28 || a == 73 || a == 77 || a == 74 || a == 65 || a == 36 || a == 44 || a == 53 || a == 80 || a == 54 || a == 1 || a == 18 || a == 59 || a == 81): null

30-03-2025T17:16:00 - [TEST_STEP][PASSED] - else: null

30-03-2025T17:16:00 - [TEST_STEP][PASSED] - path = dataFolder + typeOfData + " за отчётный период " + b: null

30-03-2025T17:16:00 - [TEST_STEP][PASSED] - println(path): null

30-03-2025T17:16:00 - [TEST_STEP][PASSED] - page = getText(findTestObject(path)): Text of object 'Object Repository/Выполнение бизнес-плана/Значения со страницы Выполнение бизнес-плана/Факт Отпуск в сеть за отчётный период Свердловэнерго' is: '2 804 247'

30-03-2025T17:16:00 - [MESSAGE][PASSED] - Text of object 'Object Repository/Выполнение бизнес-плана/Значения со страницы Выполнение бизнес-плана/Факт Отпуск в сеть за отчётный период Свердловэнерго' is: '2 804 247'

30-03-2025T17:16:00 - [TEST_STEP][PASSED] - if (page == "" || page == null): null

30-03-2025T17:16:00 - [TEST_STEP][PASSED] - else: null

30-03-2025T17:16:00 - [TEST_STEP][PASSED] - page = page.replaceAll("\s+", ""): null

30-03-2025T17:16:00 - [TEST_STEP][PASSED] - if (page == "undefined"): null

30-03-2025T17:16:00 - [TEST_STEP][PASSED] - fileOtpuskVSet = otpusk.toInteger(): null

30-03-2025T17:16:00 - [TEST_STEP][PASSED] - pageOtpuskVSet = page.toInteger(): null

30-03-2025T17:16:00 - [TEST_STEP][PASSED] - typeOfData = typeOfDataMain + " Потери": null

30-03-2025T17:16:00 - [TEST_STEP][PASSED] - if (a == 82): null

30-03-2025T17:16:00 - [TEST_STEP][PASSED] - else if (a == 84): null

30-03-2025T17:16:00 - [TEST_STEP][PASSED] - else if (a == 83 || a == 52 || a == 72 || a == 28 || a == 73 || a == 77 || a == 74 || a == 65 || a == 44 || a == 53 || a == 80 || a == 54 || a == 1 || a == 18 || a == 59 || a == 81): null

30-03-2025T17:16:00 - [TEST_STEP][PASSED] - else: null

30-03-2025T17:16:00 - [TEST_STEP][PASSED] - path = dataFolder + typeOfData + " за отчётный период " + b: null

30-03-2025T17:16:00 - [TEST_STEP][PASSED] - page = getText(findTestObject(path)): Text of object 'Object Repository/Выполнение бизнес-плана/Значения со страницы Выполнение бизнес-плана/Факт Потери за отчётный период Свердловэнерго' is: '157 255'

30-03-2025T17:16:01 - [MESSAGE][PASSED] - Text of object 'Object Repository/Выполнение бизнес-плана/Значения со страницы Выполнение бизнес-плана/Факт Потери за отчётный период Свердловэнерго' is: '157 255'

30-03-2025T17:16:01 - [TEST_STEP][PASSED] - if (page == "" || page == null): null

30-03-2025T17:16:01 - [TEST_STEP][PASSED] - else: null

30-03-2025T17:16:01 - [TEST_STEP][PASSED] - page = page.replaceAll("\s+", ""): null

30-03-2025T17:16:01 - [TEST_STEP][PASSED] - if (page == "undefined"): null

30-03-2025T17:16:01 - [TEST_STEP][PASSED] - filePoteri = poteri.toInteger(): null

30-03-2025T17:16:01 - [TEST_STEP][PASSED] - pagePoteri = page.toInteger(): null

30-03-2025T17:16:01 - [TEST_STEP][PASSED] - compare = pageOtpuskVSet: null

30-03-2025T17:16:01 - [TEST_STEP][PASSED] - if (pageOtpuskVSet != null): null

30-03-2025T17:16:01 - [TEST_STEP][PASSED] - if (compare == fileOtpuskVSet): null

30-03-2025T17:16:01 - [TEST_STEP][PASSED] - if (compare == fileOtpuskVSet): null

30-03-2025T17:16:01 - [TEST_STEP][PASSED] - compare = pagePoteri: null

30-03-2025T17:16:01 - [TEST_STEP][PASSED] - if (pageOtpuskVSet != null): null

30-03-2025T17:16:01 - [TEST_STEP][PASSED] - if (compare == filePoteri): null

30-03-2025T17:16:01 - [TEST_STEP][PASSED] - if (compare == filePoteri): null

30-03-2025T17:16:01 - [TEST_STEP][PASSED] - if (planFact == 2): null

30-03-2025T17:16:01 - [TEST_STEP][PASSED] - if (planFact == 1): null

30-03-2025T17:16:01 - [TEST_STEP][PASSED] - else if (planFact == 2): null

30-03-2025T17:16:01 - [TEST_STEP][PASSED] - click(findTestObject("Выполнение бизнес-плана/Кнопка План")): Object: 'Object Repository/Выполнение бизнес-плана/Кнопка План' is clicked on

30-03-2025T17:16:01 - [MESSAGE][PASSED] - Object: 'Object Repository/Выполнение бизнес-плана/Кнопка План' is clicked on

30-03-2025T17:16:01 - [TEST_STEP][PASSED] - typeOfDataMain = "План": null

30-03-2025T17:16:01 - [TEST_STEP][PASSED] - otpusk = findTestData("PlanFact").getValue(2, a): null

30-03-2025T17:16:01 - [TEST_STEP][PASSED] - poteri = findTestData("PlanFact").getValue(3, a): null

30-03-2025T17:16:01 - [TEST_STEP][PASSED] - otpusk = otpusk.replaceAll("\s+", ""): null

30-03-2025T17:16:01 - [TEST_STEP][PASSED] - poteri = poteri.replaceAll("\s+", ""): null

30-03-2025T17:16:01 - [TEST_STEP][PASSED] - typeOfData = typeOfDataMain + " Отпуск в сеть": null

30-03-2025T17:16:01 - [TEST_STEP][PASSED] - if (a == 82): null

30-03-2025T17:16:01 - [TEST_STEP][PASSED] - else if (a == 84): null

30-03-2025T17:16:01 - [TEST_STEP][PASSED] - else if (a == 83 || a == 52 || a == 72 || a == 28 || a == 73 || a == 77 || a == 74 || a == 65 || a == 36 || a == 44 || a == 53 || a == 80 || a == 54 || a == 1 || a == 18 || a == 59 || a == 81): null

30-03-2025T17:16:01 - [TEST_STEP][PASSED] - else: null

30-03-2025T17:16:01 - [TEST_STEP][PASSED] - path = dataFolder + typeOfData + " за отчётный период " + b: null

30-03-2025T17:16:01 - [TEST_STEP][PASSED] - println(path): null

30-03-2025T17:16:01 - [TEST_STEP][PASSED] - page = getText(findTestObject(path)): Text of object 'Object Repository/Выполнение бизнес-плана/Значения со страницы Выполнение бизнес-плана/План Отпуск в сеть за отчётный период Свердловэнерго' is: '2 946 702'

30-03-2025T17:16:01 - [MESSAGE][PASSED] - Text of object 'Object Repository/Выполнение бизнес-плана/Значения со страницы Выполнение бизнес-плана/План Отпуск в сеть за отчётный период Свердловэнерго' is: '2 946 702'

30-03-2025T17:16:01 - [TEST_STEP][PASSED] - if (page == "" || page == null): null

30-03-2025T17:16:01 - [TEST_STEP][PASSED] - else: null

30-03-2025T17:16:01 - [TEST_STEP][PASSED] - page = page.replaceAll("\s+", ""): null

30-03-2025T17:16:01 - [TEST_STEP][PASSED] - if (page == "undefined"): null

30-03-2025T17:16:01 - [TEST_STEP][PASSED] - fileOtpuskVSet = otpusk.toInteger(): null

30-03-2025T17:16:01 - [TEST_STEP][PASSED] - pageOtpuskVSet = page.toInteger(): null

30-03-2025T17:16:01 - [TEST_STEP][PASSED] - typeOfData = typeOfDataMain + " Потери": null

30-03-2025T17:16:01 - [TEST_STEP][PASSED] - if (a == 82): null

30-03-2025T17:16:01 - [TEST_STEP][PASSED] - else if (a == 84): null

30-03-2025T17:16:01 - [TEST_STEP][PASSED] - else if (a == 83 || a == 52 || a == 72 || a == 28 || a == 73 || a == 77 || a == 74 || a == 65 || a == 44 || a == 53 || a == 80 || a == 54 || a == 1 || a == 18 || a == 59 || a == 81): null

30-03-2025T17:16:01 - [TEST_STEP][PASSED] - else: null

30-03-2025T17:16:01 - [TEST_STEP][PASSED] - path = dataFolder + typeOfData + " за отчётный период " + b: null

30-03-2025T17:16:01 - [TEST_STEP][PASSED] - page = getText(findTestObject(path)): Text of object 'Object Repository/Выполнение бизнес-плана/Значения со страницы Выполнение бизнес-плана/План Потери за отчётный период Свердловэнерго' is: '168 110'

30-03-2025T17:16:02 - [MESSAGE][PASSED] - Text of object 'Object Repository/Выполнение бизнес-плана/Значения со страницы Выполнение бизнес-плана/План Потери за отчётный период Свердловэнерго' is: '168 110'

30-03-2025T17:16:02 - [TEST_STEP][PASSED] - if (page == "" || page == null): null

30-03-2025T17:16:02 - [TEST_STEP][PASSED] - else: null

30-03-2025T17:16:02 - [TEST_STEP][PASSED] - page = page.replaceAll("\s+", ""): null

30-03-2025T17:16:02 - [TEST_STEP][PASSED] - if (page == "undefined"): null

30-03-2025T17:16:02 - [TEST_STEP][PASSED] - filePoteri = poteri.toInteger(): null

30-03-2025T17:16:02 - [TEST_STEP][PASSED] - pagePoteri = page.toInteger(): null

30-03-2025T17:16:02 - [TEST_STEP][PASSED] - compare = pageOtpuskVSet: null

30-03-2025T17:16:02 - [TEST_STEP][PASSED] - if (pageOtpuskVSet != null): null

30-03-2025T17:16:02 - [TEST_STEP][PASSED] - if (compare == fileOtpuskVSet): null

30-03-2025T17:16:02 - [TEST_STEP][PASSED] - if (compare == fileOtpuskVSet): null

30-03-2025T17:16:02 - [TEST_STEP][PASSED] - compare = pagePoteri: null

30-03-2025T17:16:02 - [TEST_STEP][PASSED] - if (pageOtpuskVSet != null): null

30-03-2025T17:16:02 - [TEST_STEP][PASSED] - if (compare == filePoteri): null

30-03-2025T17:16:02 - [TEST_STEP][PASSED] - if (compare == filePoteri): null

30-03-2025T17:16:02 - [TEST_STEP][PASSED] - if (planFact == 2): Object: 'Object Repository/Выполнение бизнес-плана/Кнопка Факт' is clicked on

30-03-2025T17:16:02 - [TEST_STEP][PASSED] - click(findTestObject("Выполнение бизнес-плана/Кнопка Факт")): Object: 'Object Repository/Выполнение бизнес-плана/Кнопка Факт' is clicked on

30-03-2025T17:16:02 - [MESSAGE][PASSED] - Object: 'Object Repository/Выполнение бизнес-плана/Кнопка Факт' is clicked on

30-03-2025T17:16:02 - [TEST_STEP][PASSED] - println("a=" + a): null

30-03-2025T17:16:02 - [TEST_STEP][PASSED] - if (a == 84 || a == 82): null

30-03-2025T17:16:02 - [TEST_STEP][PASSED] - else if (a == 83 || a == 52 || a == 72 || a == 28 || a == 73 || a == 77 || a == 74 || a == 65 || a == 36 || a == 44 || a == 53 || a == 80 || a == 54 || a == 1 || a == 18 || a == 59 || a == 81): null

30-03-2025T17:16:02 - [TEST_STEP][PASSED] - else: null

30-03-2025T17:16:02 - [TEST_STEP][PASSED] - page1 = getText(findTestObject("Object Repository/Выполнение бизнес-плана/spanPlan" + filialNum)): Text of object 'Object Repository/Выполнение бизнес-плана/spanPlan3' is: '5.71
|'

30-03-2025T17:16:02 - [MESSAGE][PASSED] - Text of object 'Object Repository/Выполнение бизнес-плана/spanPlan3' is: '5.71
|'

30-03-2025T17:16:02 - [TEST_STEP][PASSED] - page1 = page1.replace("|", ""): null

30-03-2025T17:16:02 - [TEST_STEP][PASSED] - page2 = getText(findTestObject("Object Repository/Выполнение бизнес-плана/spanFact" + filialNum)): Text of object 'Object Repository/Выполнение бизнес-плана/spanFact3' is: '5.61
|'

30-03-2025T17:16:03 - [MESSAGE][PASSED] - Text of object 'Object Repository/Выполнение бизнес-плана/spanFact3' is: '5.61
|'

30-03-2025T17:16:03 - [TEST_STEP][PASSED] - page2 = page2.replace("|", ""): null

30-03-2025T17:16:03 - [TEST_STEP][PASSED] - println("page1: " + page1): null

30-03-2025T17:16:03 - [TEST_STEP][PASSED] - println("page2: " + page2): null

30-03-2025T17:16:03 - [TEST_STEP][PASSED] - file = findTestData("PlanFact").getValue(4, a): null

30-03-2025T17:16:03 - [TEST_STEP][PASSED] - file = file.replace(",", "."): null

30-03-2025T17:16:03 - [TEST_STEP][PASSED] - println("file Plan: " + file): null

30-03-2025T17:16:03 - [TEST_STEP][PASSED] - typeOfData = "План в процентах": null

30-03-2025T17:16:03 - [TEST_STEP][PASSED] - fileDouble = file.toDouble(): null

30-03-2025T17:16:03 - [TEST_STEP][PASSED] - pageDouble = page1.toDouble(): null

30-03-2025T17:16:03 - [TEST_STEP][PASSED] - if (fileDouble != pageDouble): null

30-03-2025T17:16:03 - [TEST_STEP][PASSED] - file = findTestData("PlanFact").getValue(7, a): null

30-03-2025T17:16:03 - [TEST_STEP][PASSED] - file = file.replace(",", "."): null

30-03-2025T17:16:03 - [TEST_STEP][PASSED] - println("file Fact: " + file): null

30-03-2025T17:16:03 - [TEST_STEP][PASSED] - fileDouble = file.toDouble(): null

30-03-2025T17:16:03 - [TEST_STEP][PASSED] - typeOfData = "Факт в процентах": null

30-03-2025T17:16:03 - [TEST_STEP][PASSED] - fileDouble = file.toDouble(): null

30-03-2025T17:16:03 - [TEST_STEP][PASSED] - pageDouble = page2.toDouble(): null

30-03-2025T17:16:03 - [TEST_STEP][PASSED] - if (fileDouble != pageDouble): null

30-03-2025T17:16:03 - [TEST_STEP][PASSED] - if (verifyEqual(numberOfErrors, 0) == false): Actual object '0' and expected object '0' are equal

30-03-2025T17:16:03 - [MESSAGE][PASSED] - Actual object '0' and expected object '0' are equal

30-03-2025T17:16:03 - [TEST_STEP][PASSED] - if (a == 82): null

30-03-2025T17:16:03 - [TEST_STEP][PASSED] - dZO = "Челябэнерго": null

30-03-2025T17:16:03 - [TEST_STEP][PASSED] - a = 57: null

30-03-2025T17:16:03 - [TEST_STEP][PASSED] - if (x2.contains(dZO)): null

30-03-2025T17:16:03 - [TEST_STEP][PASSED] - filialNum = filialNum + 1: null

30-03-2025T17:16:03 - [TEST_STEP][PASSED] - Script1718980020443.Numbers(a, typeOfData, todaysDate, pageInt, fileInt, pageDouble, fileDouble, dZO, dzoNum, filialNum): null

30-03-2025T17:16:03 - [TEST_STEP][PASSED] - println(dzoNum): null

30-03-2025T17:16:03 - [TEST_STEP][PASSED] - planFact = <not implemented yet for class: org.codehaus.groovy.ast.expr.EmptyExpression>: null

30-03-2025T17:16:03 - [TEST_STEP][PASSED] - page = <not implemented yet for class: org.codehaus.groovy.ast.expr.EmptyExpression>: null

30-03-2025T17:16:03 - [TEST_STEP][PASSED] - page1 = <not implemented yet for class: org.codehaus.groovy.ast.expr.EmptyExpression>: null

30-03-2025T17:16:03 - [TEST_STEP][PASSED] - page2 = <not implemented yet for class: org.codehaus.groovy.ast.expr.EmptyExpression>: null

30-03-2025T17:16:03 - [TEST_STEP][PASSED] - filialNumberInRow = <not implemented yet for class: org.codehaus.groovy.ast.expr.EmptyExpression>: null

30-03-2025T17:16:03 - [TEST_STEP][PASSED] - filialsDzoNames = <not implemented yet for class: org.codehaus.groovy.ast.expr.EmptyExpression>: null

30-03-2025T17:16:03 - [TEST_STEP][PASSED] - numberOfFilials = <not implemented yet for class: org.codehaus.groovy.ast.expr.EmptyExpression>: null

30-03-2025T17:16:03 - [TEST_STEP][PASSED] - numberOfSpaces = <not implemented yet for class: org.codehaus.groovy.ast.expr.EmptyExpression>: null

30-03-2025T17:16:03 - [TEST_STEP][PASSED] - file = <not implemented yet for class: org.codehaus.groovy.ast.expr.EmptyExpression>: null

30-03-2025T17:16:03 - [TEST_STEP][PASSED] - otpusk = <not implemented yet for class: org.codehaus.groovy.ast.expr.EmptyExpression>: null

30-03-2025T17:16:03 - [TEST_STEP][PASSED] - poteri = <not implemented yet for class: org.codehaus.groovy.ast.expr.EmptyExpression>: null

30-03-2025T17:16:03 - [TEST_STEP][PASSED] - dataFolder = "Выполнение бизнес-плана/Значения со страницы Выполнение бизнес-плана/": null

30-03-2025T17:16:03 - [TEST_STEP][PASSED] - path = <not implemented yet for class: org.codehaus.groovy.ast.expr.EmptyExpression>: null

30-03-2025T17:16:03 - [TEST_STEP][PASSED] - typeOfDataMain = <not implemented yet for class: org.codehaus.groovy.ast.expr.EmptyExpression>: null

30-03-2025T17:16:03 - [TEST_STEP][PASSED] - fileOtpuskVSet = <not implemented yet for class: org.codehaus.groovy.ast.expr.EmptyExpression>: null

30-03-2025T17:16:03 - [TEST_STEP][PASSED] - pageOtpuskVSet = <not implemented yet for class: org.codehaus.groovy.ast.expr.EmptyExpression>: null

30-03-2025T17:16:03 - [TEST_STEP][PASSED] - filePoteri = <not implemented yet for class: org.codehaus.groovy.ast.expr.EmptyExpression>: null

30-03-2025T17:16:03 - [TEST_STEP][PASSED] - pagePoteri = <not implemented yet for class: org.codehaus.groovy.ast.expr.EmptyExpression>: null

30-03-2025T17:16:03 - [TEST_STEP][PASSED] - compare = <not implemented yet for class: org.codehaus.groovy.ast.expr.EmptyExpression>: null

30-03-2025T17:16:03 - [TEST_STEP][PASSED] - b = <not implemented yet for class: org.codehaus.groovy.ast.expr.EmptyExpression>: null

30-03-2025T17:16:03 - [TEST_STEP][PASSED] - i = <not implemented yet for class: org.codehaus.groovy.ast.expr.EmptyExpression>: null

30-03-2025T17:16:03 - [TEST_STEP][PASSED] - ii = <not implemented yet for class: org.codehaus.groovy.ast.expr.EmptyExpression>: null

30-03-2025T17:16:03 - [TEST_STEP][PASSED] - c = <not implemented yet for class: org.codehaus.groovy.ast.expr.EmptyExpression>: null

30-03-2025T17:16:03 - [TEST_STEP][PASSED] - numberOfErrors = 0: null

30-03-2025T17:16:03 - [TEST_STEP][PASSED] - if (a == 82): null

30-03-2025T17:16:03 - [TEST_STEP][PASSED] - b = findTestData("PlanFact").getValue(1, a): null

30-03-2025T17:16:03 - [TEST_STEP][PASSED] - i = b.indexOf(" (ГК)"): null

30-03-2025T17:16:03 - [TEST_STEP][PASSED] - if (i > -1): null

30-03-2025T17:16:03 - [TEST_STEP][PASSED] - i = b.indexOf("О ""): null

30-03-2025T17:16:03 - [TEST_STEP][PASSED] - if (i > -1): null

30-03-2025T17:16:03 - [TEST_STEP][PASSED] - i = b.indexOf("О «"): null

30-03-2025T17:16:03 - [TEST_STEP][PASSED] - if (i > -1): null

30-03-2025T17:16:03 - [TEST_STEP][PASSED] - i = b.indexOf("г. "): null

30-03-2025T17:16:03 - [TEST_STEP][PASSED] - if (i > -1): null

30-03-2025T17:16:03 - [TEST_STEP][PASSED] - b = b.trim(): null

30-03-2025T17:16:03 - [TEST_STEP][PASSED] - println(b): null

30-03-2025T17:16:03 - [TEST_STEP][PASSED] - for ([planFact = 1, planFact < 3, (planFact++)]): Object: 'Object Repository/Выполнение бизнес-плана/Кнопка Факт' is clicked on

30-03-2025T17:16:03 - [TEST_STEP][PASSED] - if (planFact == 1): null

30-03-2025T17:16:03 - [TEST_STEP][PASSED] - typeOfDataMain = "Факт": null

30-03-2025T17:16:03 - [TEST_STEP][PASSED] - otpusk = findTestData("PlanFact").getValue(5, a): null

30-03-2025T17:16:03 - [TEST_STEP][PASSED] - poteri = findTestData("PlanFact").getValue(6, a): null

30-03-2025T17:16:03 - [TEST_STEP][PASSED] - otpusk = otpusk.replaceAll("\s+", ""): null

30-03-2025T17:16:03 - [TEST_STEP][PASSED] - poteri = poteri.replaceAll("\s+", ""): null

30-03-2025T17:16:03 - [TEST_STEP][PASSED] - typeOfData = typeOfDataMain + " Отпуск в сеть": null

30-03-2025T17:16:03 - [TEST_STEP][PASSED] - if (a == 82): null

30-03-2025T17:16:03 - [TEST_STEP][PASSED] - else if (a == 84): null

30-03-2025T17:16:03 - [TEST_STEP][PASSED] - else if (a == 83 || a == 52 || a == 72 || a == 28 || a == 73 || a == 77 || a == 74 || a == 65 || a == 36 || a == 44 || a == 53 || a == 80 || a == 54 || a == 1 || a == 18 || a == 59 || a == 81): null

30-03-2025T17:16:03 - [TEST_STEP][PASSED] - else: null

30-03-2025T17:16:03 - [TEST_STEP][PASSED] - path = dataFolder + typeOfData + " за отчётный период " + b: null

30-03-2025T17:16:03 - [TEST_STEP][PASSED] - println(path): null

30-03-2025T17:16:03 - [TEST_STEP][PASSED] - page = getText(findTestObject(path)): Text of object 'Object Repository/Выполнение бизнес-плана/Значения со страницы Выполнение бизнес-плана/Факт Отпуск в сеть за отчётный период Челябэнерго' is: '1 698 646'

30-03-2025T17:16:03 - [MESSAGE][PASSED] - Text of object 'Object Repository/Выполнение бизнес-плана/Значения со страницы Выполнение бизнес-плана/Факт Отпуск в сеть за отчётный период Челябэнерго' is: '1 698 646'

30-03-2025T17:16:03 - [TEST_STEP][PASSED] - if (page == "" || page == null): null

30-03-2025T17:16:03 - [TEST_STEP][PASSED] - else: null

30-03-2025T17:16:03 - [TEST_STEP][PASSED] - page = page.replaceAll("\s+", ""): null

30-03-2025T17:16:03 - [TEST_STEP][PASSED] - if (page == "undefined"): null

30-03-2025T17:16:03 - [TEST_STEP][PASSED] - fileOtpuskVSet = otpusk.toInteger(): null

30-03-2025T17:16:03 - [TEST_STEP][PASSED] - pageOtpuskVSet = page.toInteger(): null

30-03-2025T17:16:03 - [TEST_STEP][PASSED] - typeOfData = typeOfDataMain + " Потери": null

30-03-2025T17:16:03 - [TEST_STEP][PASSED] - if (a == 82): null

30-03-2025T17:16:03 - [TEST_STEP][PASSED] - else if (a == 84): null

30-03-2025T17:16:03 - [TEST_STEP][PASSED] - else if (a == 83 || a == 52 || a == 72 || a == 28 || a == 73 || a == 77 || a == 74 || a == 65 || a == 44 || a == 53 || a == 80 || a == 54 || a == 1 || a == 18 || a == 59 || a == 81): null

30-03-2025T17:16:03 - [TEST_STEP][PASSED] - else: null

30-03-2025T17:16:03 - [TEST_STEP][PASSED] - path = dataFolder + typeOfData + " за отчётный период " + b: null

30-03-2025T17:16:03 - [TEST_STEP][PASSED] - page = getText(findTestObject(path)): Text of object 'Object Repository/Выполнение бизнес-плана/Значения со страницы Выполнение бизнес-плана/Факт Потери за отчётный период Челябэнерго' is: '130 600'

30-03-2025T17:16:04 - [MESSAGE][PASSED] - Text of object 'Object Repository/Выполнение бизнес-плана/Значения со страницы Выполнение бизнес-плана/Факт Потери за отчётный период Челябэнерго' is: '130 600'

30-03-2025T17:16:04 - [TEST_STEP][PASSED] - if (page == "" || page == null): null

30-03-2025T17:16:04 - [TEST_STEP][PASSED] - else: null

30-03-2025T17:16:04 - [TEST_STEP][PASSED] - page = page.replaceAll("\s+", ""): null

30-03-2025T17:16:04 - [TEST_STEP][PASSED] - if (page == "undefined"): null

30-03-2025T17:16:04 - [TEST_STEP][PASSED] - filePoteri = poteri.toInteger(): null

30-03-2025T17:16:04 - [TEST_STEP][PASSED] - pagePoteri = page.toInteger(): null

30-03-2025T17:16:04 - [TEST_STEP][PASSED] - compare = pageOtpuskVSet: null

30-03-2025T17:16:04 - [TEST_STEP][PASSED] - if (pageOtpuskVSet != null): null

30-03-2025T17:16:04 - [TEST_STEP][PASSED] - if (compare == fileOtpuskVSet): null

30-03-2025T17:16:04 - [TEST_STEP][PASSED] - if (compare == fileOtpuskVSet): null

30-03-2025T17:16:04 - [TEST_STEP][PASSED] - compare = pagePoteri: null

30-03-2025T17:16:04 - [TEST_STEP][PASSED] - if (pageOtpuskVSet != null): null

30-03-2025T17:16:04 - [TEST_STEP][PASSED] - if (compare == filePoteri): null

30-03-2025T17:16:04 - [TEST_STEP][PASSED] - if (compare == filePoteri): null

30-03-2025T17:16:04 - [TEST_STEP][PASSED] - if (planFact == 2): null

30-03-2025T17:16:04 - [TEST_STEP][PASSED] - if (planFact == 1): null

30-03-2025T17:16:04 - [TEST_STEP][PASSED] - else if (planFact == 2): null

30-03-2025T17:16:04 - [TEST_STEP][PASSED] - click(findTestObject("Выполнение бизнес-плана/Кнопка План")): Object: 'Object Repository/Выполнение бизнес-плана/Кнопка План' is clicked on

30-03-2025T17:16:04 - [MESSAGE][PASSED] - Object: 'Object Repository/Выполнение бизнес-плана/Кнопка План' is clicked on

30-03-2025T17:16:04 - [TEST_STEP][PASSED] - typeOfDataMain = "План": null

30-03-2025T17:16:04 - [TEST_STEP][PASSED] - otpusk = findTestData("PlanFact").getValue(2, a): null

30-03-2025T17:16:04 - [TEST_STEP][PASSED] - poteri = findTestData("PlanFact").getValue(3, a): null

30-03-2025T17:16:04 - [TEST_STEP][PASSED] - otpusk = otpusk.replaceAll("\s+", ""): null

30-03-2025T17:16:04 - [TEST_STEP][PASSED] - poteri = poteri.replaceAll("\s+", ""): null

30-03-2025T17:16:04 - [TEST_STEP][PASSED] - typeOfData = typeOfDataMain + " Отпуск в сеть": null

30-03-2025T17:16:04 - [TEST_STEP][PASSED] - if (a == 82): null

30-03-2025T17:16:04 - [TEST_STEP][PASSED] - else if (a == 84): null

30-03-2025T17:16:04 - [TEST_STEP][PASSED] - else if (a == 83 || a == 52 || a == 72 || a == 28 || a == 73 || a == 77 || a == 74 || a == 65 || a == 36 || a == 44 || a == 53 || a == 80 || a == 54 || a == 1 || a == 18 || a == 59 || a == 81): null

30-03-2025T17:16:04 - [TEST_STEP][PASSED] - else: null

30-03-2025T17:16:04 - [TEST_STEP][PASSED] - path = dataFolder + typeOfData + " за отчётный период " + b: null

30-03-2025T17:16:04 - [TEST_STEP][PASSED] - println(path): null

30-03-2025T17:16:04 - [TEST_STEP][PASSED] - page = getText(findTestObject(path)): Text of object 'Object Repository/Выполнение бизнес-плана/Значения со страницы Выполнение бизнес-плана/План Отпуск в сеть за отчётный период Челябэнерго' is: '1 775 309'

30-03-2025T17:16:04 - [MESSAGE][PASSED] - Text of object 'Object Repository/Выполнение бизнес-плана/Значения со страницы Выполнение бизнес-плана/План Отпуск в сеть за отчётный период Челябэнерго' is: '1 775 309'

30-03-2025T17:16:04 - [TEST_STEP][PASSED] - if (page == "" || page == null): null

30-03-2025T17:16:04 - [TEST_STEP][PASSED] - else: null

30-03-2025T17:16:04 - [TEST_STEP][PASSED] - page = page.replaceAll("\s+", ""): null

30-03-2025T17:16:04 - [TEST_STEP][PASSED] - if (page == "undefined"): null

30-03-2025T17:16:04 - [TEST_STEP][PASSED] - fileOtpuskVSet = otpusk.toInteger(): null

30-03-2025T17:16:04 - [TEST_STEP][PASSED] - pageOtpuskVSet = page.toInteger(): null

30-03-2025T17:16:04 - [TEST_STEP][PASSED] - typeOfData = typeOfDataMain + " Потери": null

30-03-2025T17:16:04 - [TEST_STEP][PASSED] - if (a == 82): null

30-03-2025T17:16:04 - [TEST_STEP][PASSED] - else if (a == 84): null

30-03-2025T17:16:04 - [TEST_STEP][PASSED] - else if (a == 83 || a == 52 || a == 72 || a == 28 || a == 73 || a == 77 || a == 74 || a == 65 || a == 44 || a == 53 || a == 80 || a == 54 || a == 1 || a == 18 || a == 59 || a == 81): null

30-03-2025T17:16:04 - [TEST_STEP][PASSED] - else: null

30-03-2025T17:16:04 - [TEST_STEP][PASSED] - path = dataFolder + typeOfData + " за отчётный период " + b: null

30-03-2025T17:16:04 - [TEST_STEP][PASSED] - page = getText(findTestObject(path)): Text of object 'Object Repository/Выполнение бизнес-плана/Значения со страницы Выполнение бизнес-плана/План Потери за отчётный период Челябэнерго' is: '138 950'

30-03-2025T17:16:05 - [MESSAGE][PASSED] - Text of object 'Object Repository/Выполнение бизнес-плана/Значения со страницы Выполнение бизнес-плана/План Потери за отчётный период Челябэнерго' is: '138 950'

30-03-2025T17:16:05 - [TEST_STEP][PASSED] - if (page == "" || page == null): null

30-03-2025T17:16:05 - [TEST_STEP][PASSED] - else: null

30-03-2025T17:16:05 - [TEST_STEP][PASSED] - page = page.replaceAll("\s+", ""): null

30-03-2025T17:16:05 - [TEST_STEP][PASSED] - if (page == "undefined"): null

30-03-2025T17:16:05 - [TEST_STEP][PASSED] - filePoteri = poteri.toInteger(): null

30-03-2025T17:16:05 - [TEST_STEP][PASSED] - pagePoteri = page.toInteger(): null

30-03-2025T17:16:05 - [TEST_STEP][PASSED] - compare = pageOtpuskVSet: null

30-03-2025T17:16:05 - [TEST_STEP][PASSED] - if (pageOtpuskVSet != null): null

30-03-2025T17:16:05 - [TEST_STEP][PASSED] - if (compare == fileOtpuskVSet): null

30-03-2025T17:16:05 - [TEST_STEP][PASSED] - if (compare == fileOtpuskVSet): null

30-03-2025T17:16:05 - [TEST_STEP][PASSED] - compare = pagePoteri: null

30-03-2025T17:16:05 - [TEST_STEP][PASSED] - if (pageOtpuskVSet != null): null

30-03-2025T17:16:05 - [TEST_STEP][PASSED] - if (compare == filePoteri): null

30-03-2025T17:16:05 - [TEST_STEP][PASSED] - if (compare == filePoteri): null

30-03-2025T17:16:05 - [TEST_STEP][PASSED] - if (planFact == 2): Object: 'Object Repository/Выполнение бизнес-плана/Кнопка Факт' is clicked on

30-03-2025T17:16:05 - [TEST_STEP][PASSED] - click(findTestObject("Выполнение бизнес-плана/Кнопка Факт")): Object: 'Object Repository/Выполнение бизнес-плана/Кнопка Факт' is clicked on

30-03-2025T17:16:05 - [MESSAGE][PASSED] - Object: 'Object Repository/Выполнение бизнес-плана/Кнопка Факт' is clicked on

30-03-2025T17:16:05 - [TEST_STEP][PASSED] - println("a=" + a): null

30-03-2025T17:16:05 - [TEST_STEP][PASSED] - if (a == 84 || a == 82): null

30-03-2025T17:16:05 - [TEST_STEP][PASSED] - else if (a == 83 || a == 52 || a == 72 || a == 28 || a == 73 || a == 77 || a == 74 || a == 65 || a == 36 || a == 44 || a == 53 || a == 80 || a == 54 || a == 1 || a == 18 || a == 59 || a == 81): null

30-03-2025T17:16:05 - [TEST_STEP][PASSED] - else: null

30-03-2025T17:16:05 - [TEST_STEP][PASSED] - page1 = getText(findTestObject("Object Repository/Выполнение бизнес-плана/spanPlan" + filialNum)): Text of object 'Object Repository/Выполнение бизнес-плана/spanPlan4' is: '7.83
|'

30-03-2025T17:16:05 - [MESSAGE][PASSED] - Text of object 'Object Repository/Выполнение бизнес-плана/spanPlan4' is: '7.83
|'

30-03-2025T17:16:05 - [TEST_STEP][PASSED] - page1 = page1.replace("|", ""): null

30-03-2025T17:16:05 - [TEST_STEP][PASSED] - page2 = getText(findTestObject("Object Repository/Выполнение бизнес-плана/spanFact" + filialNum)): Text of object 'Object Repository/Выполнение бизнес-плана/spanFact4' is: '7.69
|'

30-03-2025T17:16:06 - [MESSAGE][PASSED] - Text of object 'Object Repository/Выполнение бизнес-плана/spanFact4' is: '7.69
|'

30-03-2025T17:16:06 - [TEST_STEP][PASSED] - page2 = page2.replace("|", ""): null

30-03-2025T17:16:06 - [TEST_STEP][PASSED] - println("page1: " + page1): null

30-03-2025T17:16:06 - [TEST_STEP][PASSED] - println("page2: " + page2): null

30-03-2025T17:16:06 - [TEST_STEP][PASSED] - file = findTestData("PlanFact").getValue(4, a): null

30-03-2025T17:16:06 - [TEST_STEP][PASSED] - file = file.replace(",", "."): null

30-03-2025T17:16:06 - [TEST_STEP][PASSED] - println("file Plan: " + file): null

30-03-2025T17:16:06 - [TEST_STEP][PASSED] - typeOfData = "План в процентах": null

30-03-2025T17:16:06 - [TEST_STEP][PASSED] - fileDouble = file.toDouble(): null

30-03-2025T17:16:06 - [TEST_STEP][PASSED] - pageDouble = page1.toDouble(): null

30-03-2025T17:16:06 - [TEST_STEP][PASSED] - if (fileDouble != pageDouble): null

30-03-2025T17:16:06 - [TEST_STEP][PASSED] - file = findTestData("PlanFact").getValue(7, a): null

30-03-2025T17:16:06 - [TEST_STEP][PASSED] - file = file.replace(",", "."): null

30-03-2025T17:16:06 - [TEST_STEP][PASSED] - println("file Fact: " + file): null

30-03-2025T17:16:06 - [TEST_STEP][PASSED] - fileDouble = file.toDouble(): null

30-03-2025T17:16:06 - [TEST_STEP][PASSED] - typeOfData = "Факт в процентах": null

30-03-2025T17:16:06 - [TEST_STEP][PASSED] - fileDouble = file.toDouble(): null

30-03-2025T17:16:06 - [TEST_STEP][PASSED] - pageDouble = page2.toDouble(): null

30-03-2025T17:16:06 - [TEST_STEP][PASSED] - if (fileDouble != pageDouble): null

30-03-2025T17:16:06 - [TEST_STEP][PASSED] - if (verifyEqual(numberOfErrors, 0) == false): Actual object '0' and expected object '0' are equal

30-03-2025T17:16:06 - [MESSAGE][PASSED] - Actual object '0' and expected object '0' are equal

30-03-2025T17:16:06 - [TEST_STEP][PASSED] - if (a == 82): null

30-03-2025T17:16:06 - [TEST_STEP][PASSED] - filialNum = 0: null

30-03-2025T17:16:06 - [TEST_STEP][PASSED] - if (a == 59): null

30-03-2025T17:16:06 - [TEST_STEP][PASSED] - Script1718980020443.OpenFilter(): null

30-03-2025T17:16:06 - [TEST_STEP][PASSED] - click(findTestObject("Object Repository/Выполнение бизнес-плана/Фильтр ДЗО")): Object: 'Object Repository/Выполнение бизнес-плана/Фильтр ДЗО' is clicked on

30-03-2025T17:16:06 - [MESSAGE][PASSED] - Object: 'Object Repository/Выполнение бизнес-плана/Фильтр ДЗО' is clicked on

30-03-2025T17:16:06 - [TEST_STEP][PASSED] - click(findTestObject("Выполнение бизнес-плана/Снять выделение в фильтре ДЗО")): Object: 'Object Repository/Выполнение бизнес-плана/Снять выделение в фильтре ДЗО' is clicked on

30-03-2025T17:16:07 - [MESSAGE][PASSED] - Object: 'Object Repository/Выполнение бизнес-плана/Снять выделение в фильтре ДЗО' is clicked on

30-03-2025T17:16:07 - [TEST_STEP][PASSED] - Script1718980020443.CloseFilter(): null

30-03-2025T17:16:07 - [TEST_STEP][PASSED] - scrollToElement(findTestObject("Выполнение бизнес-плана/Заголовок дашборда"), 30): Scroll to object 'Object Repository/Выполнение бизнес-плана/Заголовок дашборда' successfully

30-03-2025T17:16:07 - [MESSAGE][PASSED] - Scroll to object 'Object Repository/Выполнение бизнес-плана/Заголовок дашборда' successfully

30-03-2025T17:16:07 - [TEST_STEP][PASSED] - click(findTestObject("Object Repository/Выполнение бизнес-плана/Применить в фильтре ДЗО")): Object: 'Object Repository/Выполнение бизнес-плана/Применить в фильтре ДЗО' is clicked on

30-03-2025T17:16:08 - [MESSAGE][PASSED] - Object: 'Object Repository/Выполнение бизнес-плана/Применить в фильтре ДЗО' is clicked on

30-03-2025T17:16:08 - [TEST_STEP][PASSED] - delay(60): Delayed 60 second(s)

30-03-2025T17:17:08 - [MESSAGE][PASSED] - Delayed 60 second(s)

30-03-2025T17:17:08 - [TEST_STEP][PASSED] - if (a == 82): null

30-03-2025T17:17:08 - [TEST_STEP][PASSED] - println(dzoNum): null

30-03-2025T17:17:08 - [TEST_STEP][PASSED] - dZO = "Россети Центр (ГК)": null

30-03-2025T17:17:08 - [TEST_STEP][PASSED] - a = 1: null

30-03-2025T17:17:08 - [TEST_STEP][PASSED] - if (x1.contains("Центр (ГК)") || x1.contains("Центр(ГК)")): null

30-03-2025T17:17:08 - [TEST_STEP][PASSED] - else: null

30-03-2025T17:17:08 - [TEST_STEP][PASSED] - Script1718980020443.NoData(a, typeOfData, todaysDate, fileInt, fileDouble, dZO): null

30-03-2025T17:17:08 - [TEST_STEP][PASSED] - println(a): null

30-03-2025T17:17:08 - [TEST_STEP][PASSED] - println(todaysDate): null

30-03-2025T17:17:08 - [TEST_STEP][PASSED] - println(fileInt): null

30-03-2025T17:17:08 - [TEST_STEP][PASSED] - println(fileDouble): null

30-03-2025T17:17:08 - [TEST_STEP][PASSED] - println(dZO): null

30-03-2025T17:17:08 - [TEST_STEP][PASSED] - typeOfData = "Факт Отпуск в сеть": null

30-03-2025T17:17:08 - [TEST_STEP][PASSED] - fileInt = replaceAll("\s+", "").toInteger(): null

30-03-2025T17:17:08 - [TEST_STEP][PASSED] - Script1718980020443.WriteToExcelNoData(a, typeOfData, todaysDate, fileInt, fileDouble, dZO): null

30-03-2025T17:17:08 - [TEST_STEP][PASSED] - sheetName = "Sheet1": null

30-03-2025T17:17:08 - [TEST_STEP][PASSED] - data = findTestData("PlanFact"): null

30-03-2025T17:17:08 - [TEST_STEP][PASSED] - n = data.getRowNumbers() + 1: null

30-03-2025T17:17:08 - [TEST_STEP][PASSED] - day = ")).toInteger(): null

30-03-2025T17:17:08 - [TEST_STEP][PASSED] - println(day): null

30-03-2025T17:17:08 - [TEST_STEP][PASSED] - month = ")).toInteger(): null

30-03-2025T17:17:08 - [TEST_STEP][PASSED] - println(month): null

30-03-2025T17:17:08 - [TEST_STEP][PASSED] - y = <not implemented yet for class: org.codehaus.groovy.ast.expr.EmptyExpression>: null

30-03-2025T17:17:08 - [TEST_STEP][PASSED] - iy = <not implemented yet for class: org.codehaus.groovy.ast.expr.EmptyExpression>: null

30-03-2025T17:17:08 - [TEST_STEP][PASSED] - m = getText(findTestObject("Выполнение бизнес-плана/Период")): Text of object 'Object Repository/Выполнение бизнес-плана/Период' is: 'Январь 2025 года'

30-03-2025T17:17:08 - [MESSAGE][PASSED] - Text of object 'Object Repository/Выполнение бизнес-плана/Период' is: 'Январь 2025 года'

30-03-2025T17:17:08 - [TEST_STEP][PASSED] - iy = m.indexOf("20"): null

30-03-2025T17:17:08 - [TEST_STEP][PASSED] - if (iy > -1): null

30-03-2025T17:17:08 - [TEST_STEP][PASSED] - y = substring(iy, iy + 4).toInteger(): null

30-03-2025T17:17:08 - [TEST_STEP][PASSED] - println(y): null

30-03-2025T17:17:08 - [TEST_STEP][PASSED] - if (toString().length() == 4): null

30-03-2025T17:17:08 - [TEST_STEP][PASSED] - m = m.substring(0, m.indexOf(y.toString())): null

30-03-2025T17:17:08 - [TEST_STEP][PASSED] - m = m.trim(): null

30-03-2025T17:17:08 - [TEST_STEP][PASSED] - if (m == ""): null

30-03-2025T17:17:08 - [TEST_STEP][PASSED] - dashboardName = "Выполнение бизнес-плана": null

30-03-2025T17:17:08 - [TEST_STEP][PASSED] - workbook01 = getWorkbook(excelFilePath): null

30-03-2025T17:17:08 - [TEST_STEP][PASSED] - sheet01 = getExcelSheet(workbook01, sheetName): null

30-03-2025T17:17:08 - [TEST_STEP][PASSED] - setValueToCellByIndex(sheet01, n, 0, dashboardName): null

30-03-2025T17:17:08 - [TEST_STEP][PASSED] - setValueToCellByIndex(sheet01, n, 1, dZO): null

30-03-2025T17:17:08 - [TEST_STEP][PASSED] - setValueToCellByIndex(sheet01, n, 2, typeOfData): null

30-03-2025T17:17:08 - [TEST_STEP][PASSED] - if (typeOfData == "Факт в процентах" || typeOfData == "План в процентах"): null

30-03-2025T17:17:08 - [TEST_STEP][PASSED] - else: null

30-03-2025T17:17:08 - [TEST_STEP][PASSED] - setValueToCellByIndex(sheet01, n, 3, fileInt): null

30-03-2025T17:17:08 - [TEST_STEP][PASSED] - setValueToCellByIndex(sheet01, n, 4, "нет данных"): null

30-03-2025T17:17:08 - [TEST_STEP][PASSED] - setValueToCellByIndex(sheet01, n, 5, m): null

30-03-2025T17:17:08 - [TEST_STEP][PASSED] - setValueToCellByIndex(sheet01, n, 6, y): null

30-03-2025T17:17:08 - [TEST_STEP][PASSED] - setValueToCellByIndex(sheet01, n, 7, todaysDate): null

30-03-2025T17:17:08 - [TEST_STEP][PASSED] - n = n + 1: null

30-03-2025T17:17:08 - [TEST_STEP][PASSED] - saveWorkbook(excelFilePath, workbook01): null

30-03-2025T17:17:08 - [TEST_STEP][PASSED] - typeOfData = "Факт Потери": null

30-03-2025T17:17:08 - [TEST_STEP][PASSED] - fileInt = replaceAll("\s+", "").toInteger(): null

30-03-2025T17:17:09 - [TEST_STEP][PASSED] - Script1718980020443.WriteToExcelNoData(a, typeOfData, todaysDate, fileInt, fileDouble, dZO): null

30-03-2025T17:17:09 - [TEST_STEP][PASSED] - sheetName = "Sheet1": null

30-03-2025T17:17:09 - [TEST_STEP][PASSED] - data = findTestData("PlanFact"): null

30-03-2025T17:17:09 - [TEST_STEP][PASSED] - n = data.getRowNumbers() + 1: null

30-03-2025T17:17:09 - [TEST_STEP][PASSED] - day = ")).toInteger(): null

30-03-2025T17:17:09 - [TEST_STEP][PASSED] - println(day): null

30-03-2025T17:17:09 - [TEST_STEP][PASSED] - month = ")).toInteger(): null

30-03-2025T17:17:09 - [TEST_STEP][PASSED] - println(month): null

30-03-2025T17:17:09 - [TEST_STEP][PASSED] - y = <not implemented yet for class: org.codehaus.groovy.ast.expr.EmptyExpression>: null

30-03-2025T17:17:09 - [TEST_STEP][PASSED] - iy = <not implemented yet for class: org.codehaus.groovy.ast.expr.EmptyExpression>: null

30-03-2025T17:17:09 - [TEST_STEP][PASSED] - m = getText(findTestObject("Выполнение бизнес-плана/Период")): Text of object 'Object Repository/Выполнение бизнес-плана/Период' is: 'Январь 2025 года'

30-03-2025T17:17:09 - [MESSAGE][PASSED] - Text of object 'Object Repository/Выполнение бизнес-плана/Период' is: 'Январь 2025 года'

30-03-2025T17:17:09 - [TEST_STEP][PASSED] - iy = m.indexOf("20"): null

30-03-2025T17:17:09 - [TEST_STEP][PASSED] - if (iy > -1): null

30-03-2025T17:17:09 - [TEST_STEP][PASSED] - y = substring(iy, iy + 4).toInteger(): null

30-03-2025T17:17:09 - [TEST_STEP][PASSED] - println(y): null

30-03-2025T17:17:09 - [TEST_STEP][PASSED] - if (toString().length() == 4): null

30-03-2025T17:17:09 - [TEST_STEP][PASSED] - m = m.substring(0, m.indexOf(y.toString())): null

30-03-2025T17:17:09 - [TEST_STEP][PASSED] - m = m.trim(): null

30-03-2025T17:17:09 - [TEST_STEP][PASSED] - if (m == ""): null

30-03-2025T17:17:09 - [TEST_STEP][PASSED] - dashboardName = "Выполнение бизнес-плана": null

30-03-2025T17:17:09 - [TEST_STEP][PASSED] - workbook01 = getWorkbook(excelFilePath): null

30-03-2025T17:17:09 - [TEST_STEP][PASSED] - sheet01 = getExcelSheet(workbook01, sheetName): null

30-03-2025T17:17:09 - [TEST_STEP][PASSED] - setValueToCellByIndex(sheet01, n, 0, dashboardName): null

30-03-2025T17:17:09 - [TEST_STEP][PASSED] - setValueToCellByIndex(sheet01, n, 1, dZO): null

30-03-2025T17:17:09 - [TEST_STEP][PASSED] - setValueToCellByIndex(sheet01, n, 2, typeOfData): null

30-03-2025T17:17:09 - [TEST_STEP][PASSED] - if (typeOfData == "Факт в процентах" || typeOfData == "План в процентах"): null

30-03-2025T17:17:09 - [TEST_STEP][PASSED] - else: null

30-03-2025T17:17:09 - [TEST_STEP][PASSED] - setValueToCellByIndex(sheet01, n, 3, fileInt): null

30-03-2025T17:17:09 - [TEST_STEP][PASSED] - setValueToCellByIndex(sheet01, n, 4, "нет данных"): null

30-03-2025T17:17:09 - [TEST_STEP][PASSED] - setValueToCellByIndex(sheet01, n, 5, m): null

30-03-2025T17:17:09 - [TEST_STEP][PASSED] - setValueToCellByIndex(sheet01, n, 6, y): null

30-03-2025T17:17:09 - [TEST_STEP][PASSED] - setValueToCellByIndex(sheet01, n, 7, todaysDate): null

30-03-2025T17:17:09 - [TEST_STEP][PASSED] - n = n + 1: null

30-03-2025T17:17:09 - [TEST_STEP][PASSED] - saveWorkbook(excelFilePath, workbook01): null

30-03-2025T17:17:09 - [TEST_STEP][PASSED] - typeOfData = "План Отпуск в сеть": null

30-03-2025T17:17:09 - [TEST_STEP][PASSED] - fileInt = replaceAll("\s+", "").toInteger(): null

30-03-2025T17:17:09 - [TEST_STEP][PASSED] - Script1718980020443.WriteToExcelNoData(a, typeOfData, todaysDate, fileInt, fileDouble, dZO): null

30-03-2025T17:17:09 - [TEST_STEP][PASSED] - sheetName = "Sheet1": null

30-03-2025T17:17:09 - [TEST_STEP][PASSED] - data = findTestData("PlanFact"): null

30-03-2025T17:17:09 - [TEST_STEP][PASSED] - n = data.getRowNumbers() + 1: null

30-03-2025T17:17:09 - [TEST_STEP][PASSED] - day = ")).toInteger(): null

30-03-2025T17:17:09 - [TEST_STEP][PASSED] - println(day): null

30-03-2025T17:17:09 - [TEST_STEP][PASSED] - month = ")).toInteger(): null

30-03-2025T17:17:09 - [TEST_STEP][PASSED] - println(month): null

30-03-2025T17:17:09 - [TEST_STEP][PASSED] - y = <not implemented yet for class: org.codehaus.groovy.ast.expr.EmptyExpression>: null

30-03-2025T17:17:09 - [TEST_STEP][PASSED] - iy = <not implemented yet for class: org.codehaus.groovy.ast.expr.EmptyExpression>: null

30-03-2025T17:17:09 - [TEST_STEP][PASSED] - m = getText(findTestObject("Выполнение бизнес-плана/Период")): Text of object 'Object Repository/Выполнение бизнес-плана/Период' is: 'Январь 2025 года'

30-03-2025T17:17:09 - [MESSAGE][PASSED] - Text of object 'Object Repository/Выполнение бизнес-плана/Период' is: 'Январь 2025 года'

30-03-2025T17:17:09 - [TEST_STEP][PASSED] - iy = m.indexOf("20"): null

30-03-2025T17:17:09 - [TEST_STEP][PASSED] - if (iy > -1): null

30-03-2025T17:17:09 - [TEST_STEP][PASSED] - y = substring(iy, iy + 4).toInteger(): null

30-03-2025T17:17:09 - [TEST_STEP][PASSED] - println(y): null

30-03-2025T17:17:09 - [TEST_STEP][PASSED] - if (toString().length() == 4): null

30-03-2025T17:17:09 - [TEST_STEP][PASSED] - m = m.substring(0, m.indexOf(y.toString())): null

30-03-2025T17:17:09 - [TEST_STEP][PASSED] - m = m.trim(): null

30-03-2025T17:17:09 - [TEST_STEP][PASSED] - if (m == ""): null

30-03-2025T17:17:09 - [TEST_STEP][PASSED] - dashboardName = "Выполнение бизнес-плана": null

30-03-2025T17:17:09 - [TEST_STEP][PASSED] - workbook01 = getWorkbook(excelFilePath): null

30-03-2025T17:17:10 - [TEST_STEP][PASSED] - sheet01 = getExcelSheet(workbook01, sheetName): null

30-03-2025T17:17:10 - [TEST_STEP][PASSED] - setValueToCellByIndex(sheet01, n, 0, dashboardName): null

30-03-2025T17:17:10 - [TEST_STEP][PASSED] - setValueToCellByIndex(sheet01, n, 1, dZO): null

30-03-2025T17:17:10 - [TEST_STEP][PASSED] - setValueToCellByIndex(sheet01, n, 2, typeOfData): null

30-03-2025T17:17:10 - [TEST_STEP][PASSED] - if (typeOfData == "Факт в процентах" || typeOfData == "План в процентах"): null

30-03-2025T17:17:10 - [TEST_STEP][PASSED] - else: null

30-03-2025T17:17:10 - [TEST_STEP][PASSED] - setValueToCellByIndex(sheet01, n, 3, fileInt): null

30-03-2025T17:17:10 - [TEST_STEP][PASSED] - setValueToCellByIndex(sheet01, n, 4, "нет данных"): null

30-03-2025T17:17:10 - [TEST_STEP][PASSED] - setValueToCellByIndex(sheet01, n, 5, m): null

30-03-2025T17:17:10 - [TEST_STEP][PASSED] - setValueToCellByIndex(sheet01, n, 6, y): null

30-03-2025T17:17:10 - [TEST_STEP][PASSED] - setValueToCellByIndex(sheet01, n, 7, todaysDate): null

30-03-2025T17:17:10 - [TEST_STEP][PASSED] - n = n + 1: null

30-03-2025T17:17:10 - [TEST_STEP][PASSED] - saveWorkbook(excelFilePath, workbook01): null

30-03-2025T17:17:10 - [TEST_STEP][PASSED] - typeOfData = "План Потери": null

30-03-2025T17:17:10 - [TEST_STEP][PASSED] - fileInt = replaceAll("\s+", "").toInteger(): null

30-03-2025T17:17:10 - [TEST_STEP][PASSED] - Script1718980020443.WriteToExcelNoData(a, typeOfData, todaysDate, fileInt, fileDouble, dZO): null

30-03-2025T17:17:10 - [TEST_STEP][PASSED] - sheetName = "Sheet1": null

30-03-2025T17:17:10 - [TEST_STEP][PASSED] - data = findTestData("PlanFact"): null

30-03-2025T17:17:10 - [TEST_STEP][PASSED] - n = data.getRowNumbers() + 1: null

30-03-2025T17:17:10 - [TEST_STEP][PASSED] - day = ")).toInteger(): null

30-03-2025T17:17:10 - [TEST_STEP][PASSED] - println(day): null

30-03-2025T17:17:10 - [TEST_STEP][PASSED] - month = ")).toInteger(): null

30-03-2025T17:17:10 - [TEST_STEP][PASSED] - println(month): null

30-03-2025T17:17:10 - [TEST_STEP][PASSED] - y = <not implemented yet for class: org.codehaus.groovy.ast.expr.EmptyExpression>: null

30-03-2025T17:17:10 - [TEST_STEP][PASSED] - iy = <not implemented yet for class: org.codehaus.groovy.ast.expr.EmptyExpression>: null

30-03-2025T17:17:10 - [TEST_STEP][PASSED] - m = getText(findTestObject("Выполнение бизнес-плана/Период")): Text of object 'Object Repository/Выполнение бизнес-плана/Период' is: 'Январь 2025 года'

30-03-2025T17:17:10 - [MESSAGE][PASSED] - Text of object 'Object Repository/Выполнение бизнес-плана/Период' is: 'Январь 2025 года'

30-03-2025T17:17:10 - [TEST_STEP][PASSED] - iy = m.indexOf("20"): null

30-03-2025T17:17:10 - [TEST_STEP][PASSED] - if (iy > -1): null

30-03-2025T17:17:10 - [TEST_STEP][PASSED] - y = substring(iy, iy + 4).toInteger(): null

30-03-2025T17:17:10 - [TEST_STEP][PASSED] - println(y): null

30-03-2025T17:17:10 - [TEST_STEP][PASSED] - if (toString().length() == 4): null

30-03-2025T17:17:10 - [TEST_STEP][PASSED] - m = m.substring(0, m.indexOf(y.toString())): null

30-03-2025T17:17:10 - [TEST_STEP][PASSED] - m = m.trim(): null

30-03-2025T17:17:10 - [TEST_STEP][PASSED] - if (m == ""): null

30-03-2025T17:17:10 - [TEST_STEP][PASSED] - dashboardName = "Выполнение бизнес-плана": null

30-03-2025T17:17:10 - [TEST_STEP][PASSED] - workbook01 = getWorkbook(excelFilePath): null

30-03-2025T17:17:10 - [TEST_STEP][PASSED] - sheet01 = getExcelSheet(workbook01, sheetName): null

30-03-2025T17:17:10 - [TEST_STEP][PASSED] - setValueToCellByIndex(sheet01, n, 0, dashboardName): null

30-03-2025T17:17:10 - [TEST_STEP][PASSED] - setValueToCellByIndex(sheet01, n, 1, dZO): null

30-03-2025T17:17:10 - [TEST_STEP][PASSED] - setValueToCellByIndex(sheet01, n, 2, typeOfData): null

30-03-2025T17:17:10 - [TEST_STEP][PASSED] - if (typeOfData == "Факт в процентах" || typeOfData == "План в процентах"): null

30-03-2025T17:17:10 - [TEST_STEP][PASSED] - else: null

30-03-2025T17:17:10 - [TEST_STEP][PASSED] - setValueToCellByIndex(sheet01, n, 3, fileInt): null

30-03-2025T17:17:10 - [TEST_STEP][PASSED] - setValueToCellByIndex(sheet01, n, 4, "нет данных"): null

30-03-2025T17:17:10 - [TEST_STEP][PASSED] - setValueToCellByIndex(sheet01, n, 5, m): null

30-03-2025T17:17:10 - [TEST_STEP][PASSED] - setValueToCellByIndex(sheet01, n, 6, y): null

30-03-2025T17:17:10 - [TEST_STEP][PASSED] - setValueToCellByIndex(sheet01, n, 7, todaysDate): null

30-03-2025T17:17:10 - [TEST_STEP][PASSED] - n = n + 1: null

30-03-2025T17:17:10 - [TEST_STEP][PASSED] - saveWorkbook(excelFilePath, workbook01): null

30-03-2025T17:17:10 - [TEST_STEP][PASSED] - typeOfData = "План в процентах": null

30-03-2025T17:17:10 - [TEST_STEP][PASSED] - fileDouble = ").toDouble(): null

30-03-2025T17:17:10 - [TEST_STEP][PASSED] - Script1718980020443.WriteToExcelNoData(a, typeOfData, todaysDate, fileInt, fileDouble, dZO): null

30-03-2025T17:17:10 - [TEST_STEP][PASSED] - sheetName = "Sheet1": null

30-03-2025T17:17:10 - [TEST_STEP][PASSED] - data = findTestData("PlanFact"): null

30-03-2025T17:17:11 - [TEST_STEP][PASSED] - n = data.getRowNumbers() + 1: null

30-03-2025T17:17:11 - [TEST_STEP][PASSED] - day = ")).toInteger(): null

30-03-2025T17:17:11 - [TEST_STEP][PASSED] - println(day): null

30-03-2025T17:17:11 - [TEST_STEP][PASSED] - month = ")).toInteger(): null

30-03-2025T17:17:11 - [TEST_STEP][PASSED] - println(month): null

30-03-2025T17:17:11 - [TEST_STEP][PASSED] - y = <not implemented yet for class: org.codehaus.groovy.ast.expr.EmptyExpression>: null

30-03-2025T17:17:11 - [TEST_STEP][PASSED] - iy = <not implemented yet for class: org.codehaus.groovy.ast.expr.EmptyExpression>: null

30-03-2025T17:17:11 - [TEST_STEP][PASSED] - m = getText(findTestObject("Выполнение бизнес-плана/Период")): Text of object 'Object Repository/Выполнение бизнес-плана/Период' is: 'Январь 2025 года'

30-03-2025T17:17:11 - [MESSAGE][PASSED] - Text of object 'Object Repository/Выполнение бизнес-плана/Период' is: 'Январь 2025 года'

30-03-2025T17:17:11 - [TEST_STEP][PASSED] - iy = m.indexOf("20"): null

30-03-2025T17:17:11 - [TEST_STEP][PASSED] - if (iy > -1): null

30-03-2025T17:17:11 - [TEST_STEP][PASSED] - y = substring(iy, iy + 4).toInteger(): null

30-03-2025T17:17:11 - [TEST_STEP][PASSED] - println(y): null

30-03-2025T17:17:11 - [TEST_STEP][PASSED] - if (toString().length() == 4): null

30-03-2025T17:17:11 - [TEST_STEP][PASSED] - m = m.substring(0, m.indexOf(y.toString())): null

30-03-2025T17:17:11 - [TEST_STEP][PASSED] - m = m.trim(): null

30-03-2025T17:17:11 - [TEST_STEP][PASSED] - if (m == ""): null

30-03-2025T17:17:11 - [TEST_STEP][PASSED] - dashboardName = "Выполнение бизнес-плана": null

30-03-2025T17:17:11 - [TEST_STEP][PASSED] - workbook01 = getWorkbook(excelFilePath): null

30-03-2025T17:17:11 - [TEST_STEP][PASSED] - sheet01 = getExcelSheet(workbook01, sheetName): null

30-03-2025T17:17:11 - [TEST_STEP][PASSED] - setValueToCellByIndex(sheet01, n, 0, dashboardName): null

30-03-2025T17:17:11 - [TEST_STEP][PASSED] - setValueToCellByIndex(sheet01, n, 1, dZO): null

30-03-2025T17:17:11 - [TEST_STEP][PASSED] - setValueToCellByIndex(sheet01, n, 2, typeOfData): null

30-03-2025T17:17:11 - [TEST_STEP][PASSED] - if (typeOfData == "Факт в процентах" || typeOfData == "План в процентах"): null

30-03-2025T17:17:11 - [TEST_STEP][PASSED] - setValueToCellByIndex(sheet01, n, 3, fileDouble): null

30-03-2025T17:17:11 - [TEST_STEP][PASSED] - setValueToCellByIndex(sheet01, n, 4, "нет данных"): null

30-03-2025T17:17:11 - [TEST_STEP][PASSED] - setValueToCellByIndex(sheet01, n, 5, m): null

30-03-2025T17:17:11 - [TEST_STEP][PASSED] - setValueToCellByIndex(sheet01, n, 6, y): null

30-03-2025T17:17:11 - [TEST_STEP][PASSED] - setValueToCellByIndex(sheet01, n, 7, todaysDate): null

30-03-2025T17:17:11 - [TEST_STEP][PASSED] - n = n + 1: null

30-03-2025T17:17:11 - [TEST_STEP][PASSED] - saveWorkbook(excelFilePath, workbook01): null

30-03-2025T17:17:11 - [TEST_STEP][PASSED] - typeOfData = "Факт в процентах": null

30-03-2025T17:17:11 - [TEST_STEP][PASSED] - fileDouble = ").toDouble(): null

30-03-2025T17:17:11 - [TEST_STEP][PASSED] - Script1718980020443.WriteToExcelNoData(a, typeOfData, todaysDate, fileInt, fileDouble, dZO): null

30-03-2025T17:17:11 - [TEST_STEP][PASSED] - sheetName = "Sheet1": null

30-03-2025T17:17:11 - [TEST_STEP][PASSED] - data = findTestData("PlanFact"): null

30-03-2025T17:17:11 - [TEST_STEP][PASSED] - n = data.getRowNumbers() + 1: null

30-03-2025T17:17:11 - [TEST_STEP][PASSED] - day = ")).toInteger(): null

30-03-2025T17:17:11 - [TEST_STEP][PASSED] - println(day): null

30-03-2025T17:17:11 - [TEST_STEP][PASSED] - month = ")).toInteger(): null

30-03-2025T17:17:11 - [TEST_STEP][PASSED] - println(month): null

30-03-2025T17:17:11 - [TEST_STEP][PASSED] - y = <not implemented yet for class: org.codehaus.groovy.ast.expr.EmptyExpression>: null

30-03-2025T17:17:11 - [TEST_STEP][PASSED] - iy = <not implemented yet for class: org.codehaus.groovy.ast.expr.EmptyExpression>: null

30-03-2025T17:17:11 - [TEST_STEP][PASSED] - m = getText(findTestObject("Выполнение бизнес-плана/Период")): Text of object 'Object Repository/Выполнение бизнес-плана/Период' is: 'Январь 2025 года'

30-03-2025T17:17:11 - [MESSAGE][PASSED] - Text of object 'Object Repository/Выполнение бизнес-плана/Период' is: 'Январь 2025 года'

30-03-2025T17:17:11 - [TEST_STEP][PASSED] - iy = m.indexOf("20"): null

30-03-2025T17:17:11 - [TEST_STEP][PASSED] - if (iy > -1): null

30-03-2025T17:17:11 - [TEST_STEP][PASSED] - y = substring(iy, iy + 4).toInteger(): null

30-03-2025T17:17:11 - [TEST_STEP][PASSED] - println(y): null

30-03-2025T17:17:11 - [TEST_STEP][PASSED] - if (toString().length() == 4): null

30-03-2025T17:17:11 - [TEST_STEP][PASSED] - m = m.substring(0, m.indexOf(y.toString())): null

30-03-2025T17:17:11 - [TEST_STEP][PASSED] - m = m.trim(): null

30-03-2025T17:17:11 - [TEST_STEP][PASSED] - if (m == ""): null

30-03-2025T17:17:11 - [TEST_STEP][PASSED] - dashboardName = "Выполнение бизнес-плана": null

30-03-2025T17:17:11 - [TEST_STEP][PASSED] - workbook01 = getWorkbook(excelFilePath): null

30-03-2025T17:17:12 - [TEST_STEP][PASSED] - sheet01 = getExcelSheet(workbook01, sheetName): null

30-03-2025T17:17:12 - [TEST_STEP][PASSED] - setValueToCellByIndex(sheet01, n, 0, dashboardName): null

30-03-2025T17:17:12 - [TEST_STEP][PASSED] - setValueToCellByIndex(sheet01, n, 1, dZO): null

30-03-2025T17:17:12 - [TEST_STEP][PASSED] - setValueToCellByIndex(sheet01, n, 2, typeOfData): null

30-03-2025T17:17:12 - [TEST_STEP][PASSED] - if (typeOfData == "Факт в процентах" || typeOfData == "План в процентах"): null

30-03-2025T17:17:12 - [TEST_STEP][PASSED] - setValueToCellByIndex(sheet01, n, 3, fileDouble): null

30-03-2025T17:17:12 - [TEST_STEP][PASSED] - setValueToCellByIndex(sheet01, n, 4, "нет данных"): null

30-03-2025T17:17:12 - [TEST_STEP][PASSED] - setValueToCellByIndex(sheet01, n, 5, m): null

30-03-2025T17:17:12 - [TEST_STEP][PASSED] - setValueToCellByIndex(sheet01, n, 6, y): null

30-03-2025T17:17:12 - [TEST_STEP][PASSED] - setValueToCellByIndex(sheet01, n, 7, todaysDate): null

30-03-2025T17:17:12 - [TEST_STEP][PASSED] - n = n + 1: null

30-03-2025T17:17:12 - [TEST_STEP][PASSED] - saveWorkbook(excelFilePath, workbook01): null

30-03-2025T17:17:12 - [TEST_STEP][PASSED] - println(dzoNum): null

30-03-2025T17:17:12 - [TEST_STEP][PASSED] - dZO = "Россети Центр и Приволжье (ГК)": null

30-03-2025T17:17:12 - [TEST_STEP][PASSED] - a = 18: null

30-03-2025T17:17:12 - [TEST_STEP][PASSED] - if (x1.contains("Приволжье")): null

30-03-2025T17:17:12 - [TEST_STEP][PASSED] - else: null

30-03-2025T17:17:12 - [TEST_STEP][PASSED] - Script1718980020443.NoData(a, typeOfData, todaysDate, fileInt, fileDouble, dZO): null

30-03-2025T17:17:12 - [TEST_STEP][PASSED] - println(a): null

30-03-2025T17:17:12 - [TEST_STEP][PASSED] - println(todaysDate): null

30-03-2025T17:17:12 - [TEST_STEP][PASSED] - println(fileInt): null

30-03-2025T17:17:12 - [TEST_STEP][PASSED] - println(fileDouble): null

30-03-2025T17:17:12 - [TEST_STEP][PASSED] - println(dZO): null

30-03-2025T17:17:12 - [TEST_STEP][PASSED] - typeOfData = "Факт Отпуск в сеть": null

30-03-2025T17:17:12 - [TEST_STEP][PASSED] - fileInt = replaceAll("\s+", "").toInteger(): null

30-03-2025T17:17:12 - [TEST_STEP][PASSED] - Script1718980020443.WriteToExcelNoData(a, typeOfData, todaysDate, fileInt, fileDouble, dZO): null

30-03-2025T17:17:12 - [TEST_STEP][PASSED] - sheetName = "Sheet1": null

30-03-2025T17:17:12 - [TEST_STEP][PASSED] - data = findTestData("PlanFact"): null

30-03-2025T17:17:12 - [TEST_STEP][PASSED] - n = data.getRowNumbers() + 1: null

30-03-2025T17:17:12 - [TEST_STEP][PASSED] - day = ")).toInteger(): null

30-03-2025T17:17:12 - [TEST_STEP][PASSED] - println(day): null

30-03-2025T17:17:12 - [TEST_STEP][PASSED] - month = ")).toInteger(): null

30-03-2025T17:17:12 - [TEST_STEP][PASSED] - println(month): null

30-03-2025T17:17:12 - [TEST_STEP][PASSED] - y = <not implemented yet for class: org.codehaus.groovy.ast.expr.EmptyExpression>: null

30-03-2025T17:17:12 - [TEST_STEP][PASSED] - iy = <not implemented yet for class: org.codehaus.groovy.ast.expr.EmptyExpression>: null

30-03-2025T17:17:12 - [TEST_STEP][PASSED] - m = getText(findTestObject("Выполнение бизнес-плана/Период")): Text of object 'Object Repository/Выполнение бизнес-плана/Период' is: 'Январь 2025 года'

30-03-2025T17:17:12 - [MESSAGE][PASSED] - Text of object 'Object Repository/Выполнение бизнес-плана/Период' is: 'Январь 2025 года'

30-03-2025T17:17:12 - [TEST_STEP][PASSED] - iy = m.indexOf("20"): null

30-03-2025T17:17:12 - [TEST_STEP][PASSED] - if (iy > -1): null

30-03-2025T17:17:12 - [TEST_STEP][PASSED] - y = substring(iy, iy + 4).toInteger(): null

30-03-2025T17:17:12 - [TEST_STEP][PASSED] - println(y): null

30-03-2025T17:17:12 - [TEST_STEP][PASSED] - if (toString().length() == 4): null

30-03-2025T17:17:12 - [TEST_STEP][PASSED] - m = m.substring(0, m.indexOf(y.toString())): null

30-03-2025T17:17:12 - [TEST_STEP][PASSED] - m = m.trim(): null

30-03-2025T17:17:12 - [TEST_STEP][PASSED] - if (m == ""): null

30-03-2025T17:17:12 - [TEST_STEP][PASSED] - dashboardName = "Выполнение бизнес-плана": null

30-03-2025T17:17:12 - [TEST_STEP][PASSED] - workbook01 = getWorkbook(excelFilePath): null

30-03-2025T17:17:12 - [TEST_STEP][PASSED] - sheet01 = getExcelSheet(workbook01, sheetName): null

30-03-2025T17:17:12 - [TEST_STEP][PASSED] - setValueToCellByIndex(sheet01, n, 0, dashboardName): null

30-03-2025T17:17:12 - [TEST_STEP][PASSED] - setValueToCellByIndex(sheet01, n, 1, dZO): null

30-03-2025T17:17:12 - [TEST_STEP][PASSED] - setValueToCellByIndex(sheet01, n, 2, typeOfData): null

30-03-2025T17:17:12 - [TEST_STEP][PASSED] - if (typeOfData == "Факт в процентах" || typeOfData == "План в процентах"): null

30-03-2025T17:17:12 - [TEST_STEP][PASSED] - else: null

30-03-2025T17:17:12 - [TEST_STEP][PASSED] - setValueToCellByIndex(sheet01, n, 3, fileInt): null

30-03-2025T17:17:12 - [TEST_STEP][PASSED] - setValueToCellByIndex(sheet01, n, 4, "нет данных"): null

30-03-2025T17:17:12 - [TEST_STEP][PASSED] - setValueToCellByIndex(sheet01, n, 5, m): null

30-03-2025T17:17:12 - [TEST_STEP][PASSED] - setValueToCellByIndex(sheet01, n, 6, y): null

30-03-2025T17:17:12 - [TEST_STEP][PASSED] - setValueToCellByIndex(sheet01, n, 7, todaysDate): null

30-03-2025T17:17:12 - [TEST_STEP][PASSED] - n = n + 1: null

30-03-2025T17:17:12 - [TEST_STEP][PASSED] - saveWorkbook(excelFilePath, workbook01): null

30-03-2025T17:17:12 - [TEST_STEP][PASSED] - typeOfData = "Факт Потери": null

30-03-2025T17:17:12 - [TEST_STEP][PASSED] - fileInt = replaceAll("\s+", "").toInteger(): null

30-03-2025T17:17:12 - [TEST_STEP][PASSED] - Script1718980020443.WriteToExcelNoData(a, typeOfData, todaysDate, fileInt, fileDouble, dZO): null

30-03-2025T17:17:12 - [TEST_STEP][PASSED] - sheetName = "Sheet1": null

30-03-2025T17:17:12 - [TEST_STEP][PASSED] - data = findTestData("PlanFact"): null

30-03-2025T17:17:13 - [TEST_STEP][PASSED] - n = data.getRowNumbers() + 1: null

30-03-2025T17:17:13 - [TEST_STEP][PASSED] - day = ")).toInteger(): null

30-03-2025T17:17:13 - [TEST_STEP][PASSED] - println(day): null

30-03-2025T17:17:13 - [TEST_STEP][PASSED] - month = ")).toInteger(): null

30-03-2025T17:17:13 - [TEST_STEP][PASSED] - println(month): null

30-03-2025T17:17:13 - [TEST_STEP][PASSED] - y = <not implemented yet for class: org.codehaus.groovy.ast.expr.EmptyExpression>: null

30-03-2025T17:17:13 - [TEST_STEP][PASSED] - iy = <not implemented yet for class: org.codehaus.groovy.ast.expr.EmptyExpression>: null

30-03-2025T17:17:13 - [TEST_STEP][PASSED] - m = getText(findTestObject("Выполнение бизнес-плана/Период")): Text of object 'Object Repository/Выполнение бизнес-плана/Период' is: 'Январь 2025 года'

30-03-2025T17:17:13 - [MESSAGE][PASSED] - Text of object 'Object Repository/Выполнение бизнес-плана/Период' is: 'Январь 2025 года'

30-03-2025T17:17:13 - [TEST_STEP][PASSED] - iy = m.indexOf("20"): null

30-03-2025T17:17:13 - [TEST_STEP][PASSED] - if (iy > -1): null

30-03-2025T17:17:13 - [TEST_STEP][PASSED] - y = substring(iy, iy + 4).toInteger(): null

30-03-2025T17:17:13 - [TEST_STEP][PASSED] - println(y): null

30-03-2025T17:17:13 - [TEST_STEP][PASSED] - if (toString().length() == 4): null

30-03-2025T17:17:13 - [TEST_STEP][PASSED] - m = m.substring(0, m.indexOf(y.toString())): null

30-03-2025T17:17:13 - [TEST_STEP][PASSED] - m = m.trim(): null

30-03-2025T17:17:13 - [TEST_STEP][PASSED] - if (m == ""): null

30-03-2025T17:17:13 - [TEST_STEP][PASSED] - dashboardName = "Выполнение бизнес-плана": null

30-03-2025T17:17:13 - [TEST_STEP][PASSED] - workbook01 = getWorkbook(excelFilePath): null

30-03-2025T17:17:13 - [TEST_STEP][PASSED] - sheet01 = getExcelSheet(workbook01, sheetName): null

30-03-2025T17:17:13 - [TEST_STEP][PASSED] - setValueToCellByIndex(sheet01, n, 0, dashboardName): null

30-03-2025T17:17:13 - [TEST_STEP][PASSED] - setValueToCellByIndex(sheet01, n, 1, dZO): null

30-03-2025T17:17:13 - [TEST_STEP][PASSED] - setValueToCellByIndex(sheet01, n, 2, typeOfData): null

30-03-2025T17:17:13 - [TEST_STEP][PASSED] - if (typeOfData == "Факт в процентах" || typeOfData == "План в процентах"): null

30-03-2025T17:17:13 - [TEST_STEP][PASSED] - else: null

30-03-2025T17:17:13 - [TEST_STEP][PASSED] - setValueToCellByIndex(sheet01, n, 3, fileInt): null

30-03-2025T17:17:13 - [TEST_STEP][PASSED] - setValueToCellByIndex(sheet01, n, 4, "нет данных"): null

30-03-2025T17:17:13 - [TEST_STEP][PASSED] - setValueToCellByIndex(sheet01, n, 5, m): null

30-03-2025T17:17:13 - [TEST_STEP][PASSED] - setValueToCellByIndex(sheet01, n, 6, y): null

30-03-2025T17:17:13 - [TEST_STEP][PASSED] - setValueToCellByIndex(sheet01, n, 7, todaysDate): null

30-03-2025T17:17:13 - [TEST_STEP][PASSED] - n = n + 1: null

30-03-2025T17:17:13 - [TEST_STEP][PASSED] - saveWorkbook(excelFilePath, workbook01): null

30-03-2025T17:17:13 - [TEST_STEP][PASSED] - typeOfData = "План Отпуск в сеть": null

30-03-2025T17:17:13 - [TEST_STEP][PASSED] - fileInt = replaceAll("\s+", "").toInteger(): null

30-03-2025T17:17:13 - [TEST_STEP][PASSED] - Script1718980020443.WriteToExcelNoData(a, typeOfData, todaysDate, fileInt, fileDouble, dZO): null

30-03-2025T17:17:13 - [TEST_STEP][PASSED] - sheetName = "Sheet1": null

30-03-2025T17:17:13 - [TEST_STEP][PASSED] - data = findTestData("PlanFact"): null

30-03-2025T17:17:13 - [TEST_STEP][PASSED] - n = data.getRowNumbers() + 1: null

30-03-2025T17:17:13 - [TEST_STEP][PASSED] - day = ")).toInteger(): null

30-03-2025T17:17:13 - [TEST_STEP][PASSED] - println(day): null

30-03-2025T17:17:13 - [TEST_STEP][PASSED] - month = ")).toInteger(): null

30-03-2025T17:17:13 - [TEST_STEP][PASSED] - println(month): null

30-03-2025T17:17:13 - [TEST_STEP][PASSED] - y = <not implemented yet for class: org.codehaus.groovy.ast.expr.EmptyExpression>: null

30-03-2025T17:17:13 - [TEST_STEP][PASSED] - iy = <not implemented yet for class: org.codehaus.groovy.ast.expr.EmptyExpression>: null

30-03-2025T17:17:13 - [TEST_STEP][PASSED] - m = getText(findTestObject("Выполнение бизнес-плана/Период")): Text of object 'Object Repository/Выполнение бизнес-плана/Период' is: 'Январь 2025 года'

30-03-2025T17:17:14 - [MESSAGE][PASSED] - Text of object 'Object Repository/Выполнение бизнес-плана/Период' is: 'Январь 2025 года'

30-03-2025T17:17:14 - [TEST_STEP][PASSED] - iy = m.indexOf("20"): null

30-03-2025T17:17:14 - [TEST_STEP][PASSED] - if (iy > -1): null

30-03-2025T17:17:14 - [TEST_STEP][PASSED] - y = substring(iy, iy + 4).toInteger(): null

30-03-2025T17:17:14 - [TEST_STEP][PASSED] - println(y): null

30-03-2025T17:17:14 - [TEST_STEP][PASSED] - if (toString().length() == 4): null

30-03-2025T17:17:14 - [TEST_STEP][PASSED] - m = m.substring(0, m.indexOf(y.toString())): null

30-03-2025T17:17:14 - [TEST_STEP][PASSED] - m = m.trim(): null

30-03-2025T17:17:14 - [TEST_STEP][PASSED] - if (m == ""): null

30-03-2025T17:17:14 - [TEST_STEP][PASSED] - dashboardName = "Выполнение бизнес-плана": null

30-03-2025T17:17:14 - [TEST_STEP][PASSED] - workbook01 = getWorkbook(excelFilePath): null

30-03-2025T17:17:14 - [TEST_STEP][PASSED] - sheet01 = getExcelSheet(workbook01, sheetName): null

30-03-2025T17:17:14 - [TEST_STEP][PASSED] - setValueToCellByIndex(sheet01, n, 0, dashboardName): null

30-03-2025T17:17:14 - [TEST_STEP][PASSED] - setValueToCellByIndex(sheet01, n, 1, dZO): null

30-03-2025T17:17:14 - [TEST_STEP][PASSED] - setValueToCellByIndex(sheet01, n, 2, typeOfData): null

30-03-2025T17:17:14 - [TEST_STEP][PASSED] - if (typeOfData == "Факт в процентах" || typeOfData == "План в процентах"): null

30-03-2025T17:17:14 - [TEST_STEP][PASSED] - else: null

30-03-2025T17:17:14 - [TEST_STEP][PASSED] - setValueToCellByIndex(sheet01, n, 3, fileInt): null

30-03-2025T17:17:14 - [TEST_STEP][PASSED] - setValueToCellByIndex(sheet01, n, 4, "нет данных"): null

30-03-2025T17:17:14 - [TEST_STEP][PASSED] - setValueToCellByIndex(sheet01, n, 5, m): null

30-03-2025T17:17:14 - [TEST_STEP][PASSED] - setValueToCellByIndex(sheet01, n, 6, y): null

30-03-2025T17:17:14 - [TEST_STEP][PASSED] - setValueToCellByIndex(sheet01, n, 7, todaysDate): null

30-03-2025T17:17:14 - [TEST_STEP][PASSED] - n = n + 1: null

30-03-2025T17:17:14 - [TEST_STEP][PASSED] - saveWorkbook(excelFilePath, workbook01): null

30-03-2025T17:17:14 - [TEST_STEP][PASSED] - typeOfData = "План Потери": null

30-03-2025T17:17:14 - [TEST_STEP][PASSED] - fileInt = replaceAll("\s+", "").toInteger(): null

30-03-2025T17:17:14 - [TEST_STEP][PASSED] - Script1718980020443.WriteToExcelNoData(a, typeOfData, todaysDate, fileInt, fileDouble, dZO): null

30-03-2025T17:17:14 - [TEST_STEP][PASSED] - sheetName = "Sheet1": null

30-03-2025T17:17:14 - [TEST_STEP][PASSED] - data = findTestData("PlanFact"): null

30-03-2025T17:17:14 - [TEST_STEP][PASSED] - n = data.getRowNumbers() + 1: null

30-03-2025T17:17:14 - [TEST_STEP][PASSED] - day = ")).toInteger(): null

30-03-2025T17:17:14 - [TEST_STEP][PASSED] - println(day): null

30-03-2025T17:17:14 - [TEST_STEP][PASSED] - month = ")).toInteger(): null

30-03-2025T17:17:14 - [TEST_STEP][PASSED] - println(month): null

30-03-2025T17:17:14 - [TEST_STEP][PASSED] - y = <not implemented yet for class: org.codehaus.groovy.ast.expr.EmptyExpression>: null

30-03-2025T17:17:14 - [TEST_STEP][PASSED] - iy = <not implemented yet for class: org.codehaus.groovy.ast.expr.EmptyExpression>: null

30-03-2025T17:17:14 - [TEST_STEP][PASSED] - m = getText(findTestObject("Выполнение бизнес-плана/Период")): Text of object 'Object Repository/Выполнение бизнес-плана/Период' is: 'Январь 2025 года'

30-03-2025T17:17:14 - [MESSAGE][PASSED] - Text of object 'Object Repository/Выполнение бизнес-плана/Период' is: 'Январь 2025 года'

30-03-2025T17:17:14 - [TEST_STEP][PASSED] - iy = m.indexOf("20"): null

30-03-2025T17:17:14 - [TEST_STEP][PASSED] - if (iy > -1): null

30-03-2025T17:17:14 - [TEST_STEP][PASSED] - y = substring(iy, iy + 4).toInteger(): null

30-03-2025T17:17:14 - [TEST_STEP][PASSED] - println(y): null

30-03-2025T17:17:14 - [TEST_STEP][PASSED] - if (toString().length() == 4): null

30-03-2025T17:17:14 - [TEST_STEP][PASSED] - m = m.substring(0, m.indexOf(y.toString())): null

30-03-2025T17:17:14 - [TEST_STEP][PASSED] - m = m.trim(): null

30-03-2025T17:17:14 - [TEST_STEP][PASSED] - if (m == ""): null

30-03-2025T17:17:14 - [TEST_STEP][PASSED] - dashboardName = "Выполнение бизнес-плана": null

30-03-2025T17:17:14 - [TEST_STEP][PASSED] - workbook01 = getWorkbook(excelFilePath): null

30-03-2025T17:17:14 - [TEST_STEP][PASSED] - sheet01 = getExcelSheet(workbook01, sheetName): null

30-03-2025T17:17:14 - [TEST_STEP][PASSED] - setValueToCellByIndex(sheet01, n, 0, dashboardName): null

30-03-2025T17:17:14 - [TEST_STEP][PASSED] - setValueToCellByIndex(sheet01, n, 1, dZO): null

30-03-2025T17:17:14 - [TEST_STEP][PASSED] - setValueToCellByIndex(sheet01, n, 2, typeOfData): null

30-03-2025T17:17:14 - [TEST_STEP][PASSED] - if (typeOfData == "Факт в процентах" || typeOfData == "План в процентах"): null

30-03-2025T17:17:14 - [TEST_STEP][PASSED] - else: null

30-03-2025T17:17:14 - [TEST_STEP][PASSED] - setValueToCellByIndex(sheet01, n, 3, fileInt): null

30-03-2025T17:17:14 - [TEST_STEP][PASSED] - setValueToCellByIndex(sheet01, n, 4, "нет данных"): null

30-03-2025T17:17:14 - [TEST_STEP][PASSED] - setValueToCellByIndex(sheet01, n, 5, m): null

30-03-2025T17:17:14 - [TEST_STEP][PASSED] - setValueToCellByIndex(sheet01, n, 6, y): null

30-03-2025T17:17:14 - [TEST_STEP][PASSED] - setValueToCellByIndex(sheet01, n, 7, todaysDate): null

30-03-2025T17:17:14 - [TEST_STEP][PASSED] - n = n + 1: null

30-03-2025T17:17:14 - [TEST_STEP][PASSED] - saveWorkbook(excelFilePath, workbook01): null

30-03-2025T17:17:14 - [TEST_STEP][PASSED] - typeOfData = "План в процентах": null

30-03-2025T17:17:14 - [TEST_STEP][PASSED] - fileDouble = ").toDouble(): null

30-03-2025T17:17:14 - [TEST_STEP][PASSED] - Script1718980020443.WriteToExcelNoData(a, typeOfData, todaysDate, fileInt, fileDouble, dZO): null

30-03-2025T17:17:14 - [TEST_STEP][PASSED] - sheetName = "Sheet1": null

30-03-2025T17:17:14 - [TEST_STEP][PASSED] - data = findTestData("PlanFact"): null

30-03-2025T17:17:15 - [TEST_STEP][PASSED] - n = data.getRowNumbers() + 1: null

30-03-2025T17:17:15 - [TEST_STEP][PASSED] - day = ")).toInteger(): null

30-03-2025T17:17:15 - [TEST_STEP][PASSED] - println(day): null

30-03-2025T17:17:15 - [TEST_STEP][PASSED] - month = ")).toInteger(): null

30-03-2025T17:17:15 - [TEST_STEP][PASSED] - println(month): null

30-03-2025T17:17:15 - [TEST_STEP][PASSED] - y = <not implemented yet for class: org.codehaus.groovy.ast.expr.EmptyExpression>: null

30-03-2025T17:17:15 - [TEST_STEP][PASSED] - iy = <not implemented yet for class: org.codehaus.groovy.ast.expr.EmptyExpression>: null

30-03-2025T17:17:15 - [TEST_STEP][PASSED] - m = getText(findTestObject("Выполнение бизнес-плана/Период")): Text of object 'Object Repository/Выполнение бизнес-плана/Период' is: 'Январь 2025 года'

30-03-2025T17:17:15 - [MESSAGE][PASSED] - Text of object 'Object Repository/Выполнение бизнес-плана/Период' is: 'Январь 2025 года'

30-03-2025T17:17:15 - [TEST_STEP][PASSED] - iy = m.indexOf("20"): null

30-03-2025T17:17:15 - [TEST_STEP][PASSED] - if (iy > -1): null

30-03-2025T17:17:15 - [TEST_STEP][PASSED] - y = substring(iy, iy + 4).toInteger(): null

30-03-2025T17:17:15 - [TEST_STEP][PASSED] - println(y): null

30-03-2025T17:17:15 - [TEST_STEP][PASSED] - if (toString().length() == 4): null

30-03-2025T17:17:15 - [TEST_STEP][PASSED] - m = m.substring(0, m.indexOf(y.toString())): null

30-03-2025T17:17:15 - [TEST_STEP][PASSED] - m = m.trim(): null

30-03-2025T17:17:15 - [TEST_STEP][PASSED] - if (m == ""): null

30-03-2025T17:17:15 - [TEST_STEP][PASSED] - dashboardName = "Выполнение бизнес-плана": null

30-03-2025T17:17:15 - [TEST_STEP][PASSED] - workbook01 = getWorkbook(excelFilePath): null

30-03-2025T17:17:15 - [TEST_STEP][PASSED] - sheet01 = getExcelSheet(workbook01, sheetName): null

30-03-2025T17:17:15 - [TEST_STEP][PASSED] - setValueToCellByIndex(sheet01, n, 0, dashboardName): null

30-03-2025T17:17:15 - [TEST_STEP][PASSED] - setValueToCellByIndex(sheet01, n, 1, dZO): null

30-03-2025T17:17:15 - [TEST_STEP][PASSED] - setValueToCellByIndex(sheet01, n, 2, typeOfData): null

30-03-2025T17:17:15 - [TEST_STEP][PASSED] - if (typeOfData == "Факт в процентах" || typeOfData == "План в процентах"): null

30-03-2025T17:17:15 - [TEST_STEP][PASSED] - setValueToCellByIndex(sheet01, n, 3, fileDouble): null

30-03-2025T17:17:15 - [TEST_STEP][PASSED] - setValueToCellByIndex(sheet01, n, 4, "нет данных"): null

30-03-2025T17:17:15 - [TEST_STEP][PASSED] - setValueToCellByIndex(sheet01, n, 5, m): null

30-03-2025T17:17:15 - [TEST_STEP][PASSED] - setValueToCellByIndex(sheet01, n, 6, y): null

30-03-2025T17:17:15 - [TEST_STEP][PASSED] - setValueToCellByIndex(sheet01, n, 7, todaysDate): null

30-03-2025T17:17:15 - [TEST_STEP][PASSED] - n = n + 1: null

30-03-2025T17:17:15 - [TEST_STEP][PASSED] - saveWorkbook(excelFilePath, workbook01): null

30-03-2025T17:17:15 - [TEST_STEP][PASSED] - typeOfData = "Факт в процентах": null

30-03-2025T17:17:15 - [TEST_STEP][PASSED] - fileDouble = ").toDouble(): null

30-03-2025T17:17:15 - [TEST_STEP][PASSED] - Script1718980020443.WriteToExcelNoData(a, typeOfData, todaysDate, fileInt, fileDouble, dZO): null

30-03-2025T17:17:15 - [TEST_STEP][PASSED] - sheetName = "Sheet1": null

30-03-2025T17:17:15 - [TEST_STEP][PASSED] - data = findTestData("PlanFact"): null

30-03-2025T17:17:15 - [TEST_STEP][PASSED] - n = data.getRowNumbers() + 1: null

30-03-2025T17:17:15 - [TEST_STEP][PASSED] - day = ")).toInteger(): null

30-03-2025T17:17:15 - [TEST_STEP][PASSED] - println(day): null

30-03-2025T17:17:15 - [TEST_STEP][PASSED] - month = ")).toInteger(): null

30-03-2025T17:17:15 - [TEST_STEP][PASSED] - println(month): null

30-03-2025T17:17:15 - [TEST_STEP][PASSED] - y = <not implemented yet for class: org.codehaus.groovy.ast.expr.EmptyExpression>: null

30-03-2025T17:17:15 - [TEST_STEP][PASSED] - iy = <not implemented yet for class: org.codehaus.groovy.ast.expr.EmptyExpression>: null

30-03-2025T17:17:15 - [TEST_STEP][PASSED] - m = getText(findTestObject("Выполнение бизнес-плана/Период")): Text of object 'Object Repository/Выполнение бизнес-плана/Период' is: 'Январь 2025 года'

30-03-2025T17:17:15 - [MESSAGE][PASSED] - Text of object 'Object Repository/Выполнение бизнес-плана/Период' is: 'Январь 2025 года'

30-03-2025T17:17:15 - [TEST_STEP][PASSED] - iy = m.indexOf("20"): null

30-03-2025T17:17:15 - [TEST_STEP][PASSED] - if (iy > -1): null

30-03-2025T17:17:15 - [TEST_STEP][PASSED] - y = substring(iy, iy + 4).toInteger(): null

30-03-2025T17:17:15 - [TEST_STEP][PASSED] - println(y): null

30-03-2025T17:17:15 - [TEST_STEP][PASSED] - if (toString().length() == 4): null

30-03-2025T17:17:15 - [TEST_STEP][PASSED] - m = m.substring(0, m.indexOf(y.toString())): null

30-03-2025T17:17:15 - [TEST_STEP][PASSED] - m = m.trim(): null

30-03-2025T17:17:15 - [TEST_STEP][PASSED] - if (m == ""): null

30-03-2025T17:17:15 - [TEST_STEP][PASSED] - dashboardName = "Выполнение бизнес-плана": null

30-03-2025T17:17:15 - [TEST_STEP][PASSED] - workbook01 = getWorkbook(excelFilePath): null

30-03-2025T17:17:16 - [TEST_STEP][PASSED] - sheet01 = getExcelSheet(workbook01, sheetName): null

30-03-2025T17:17:16 - [TEST_STEP][PASSED] - setValueToCellByIndex(sheet01, n, 0, dashboardName): null

30-03-2025T17:17:16 - [TEST_STEP][PASSED] - setValueToCellByIndex(sheet01, n, 1, dZO): null

30-03-2025T17:17:16 - [TEST_STEP][PASSED] - setValueToCellByIndex(sheet01, n, 2, typeOfData): null

30-03-2025T17:17:16 - [TEST_STEP][PASSED] - if (typeOfData == "Факт в процентах" || typeOfData == "План в процентах"): null

30-03-2025T17:17:16 - [TEST_STEP][PASSED] - setValueToCellByIndex(sheet01, n, 3, fileDouble): null

30-03-2025T17:17:16 - [TEST_STEP][PASSED] - setValueToCellByIndex(sheet01, n, 4, "нет данных"): null

30-03-2025T17:17:16 - [TEST_STEP][PASSED] - setValueToCellByIndex(sheet01, n, 5, m): null

30-03-2025T17:17:16 - [TEST_STEP][PASSED] - setValueToCellByIndex(sheet01, n, 6, y): null

30-03-2025T17:17:16 - [TEST_STEP][PASSED] - setValueToCellByIndex(sheet01, n, 7, todaysDate): null

30-03-2025T17:17:16 - [TEST_STEP][PASSED] - n = n + 1: null

30-03-2025T17:17:16 - [TEST_STEP][PASSED] - saveWorkbook(excelFilePath, workbook01): null

30-03-2025T17:17:16 - [TEST_STEP][PASSED] - println(dzoNum): null

30-03-2025T17:17:16 - [TEST_STEP][PASSED] - dZO = "Россети Юг": null

30-03-2025T17:17:16 - [TEST_STEP][PASSED] - a = 59: null

30-03-2025T17:17:16 - [TEST_STEP][PASSED] - if (x1.contains("Юг")): null

30-03-2025T17:17:16 - [TEST_STEP][PASSED] - dzoNum = dzoNum + 1: null

30-03-2025T17:17:16 - [TEST_STEP][PASSED] - Script1718980020443.Numbers(a, typeOfData, todaysDate, pageInt, fileInt, pageDouble, fileDouble, dZO, dzoNum, filialNum): null

30-03-2025T17:17:16 - [TEST_STEP][PASSED] - println(dzoNum): null

30-03-2025T17:17:16 - [TEST_STEP][PASSED] - planFact = <not implemented yet for class: org.codehaus.groovy.ast.expr.EmptyExpression>: null

30-03-2025T17:17:16 - [TEST_STEP][PASSED] - page = <not implemented yet for class: org.codehaus.groovy.ast.expr.EmptyExpression>: null

30-03-2025T17:17:16 - [TEST_STEP][PASSED] - page1 = <not implemented yet for class: org.codehaus.groovy.ast.expr.EmptyExpression>: null

30-03-2025T17:17:16 - [TEST_STEP][PASSED] - page2 = <not implemented yet for class: org.codehaus.groovy.ast.expr.EmptyExpression>: null

30-03-2025T17:17:16 - [TEST_STEP][PASSED] - filialNumberInRow = <not implemented yet for class: org.codehaus.groovy.ast.expr.EmptyExpression>: null

30-03-2025T17:17:16 - [TEST_STEP][PASSED] - filialsDzoNames = <not implemented yet for class: org.codehaus.groovy.ast.expr.EmptyExpression>: null

30-03-2025T17:17:16 - [TEST_STEP][PASSED] - numberOfFilials = <not implemented yet for class: org.codehaus.groovy.ast.expr.EmptyExpression>: null

30-03-2025T17:17:16 - [TEST_STEP][PASSED] - numberOfSpaces = <not implemented yet for class: org.codehaus.groovy.ast.expr.EmptyExpression>: null

30-03-2025T17:17:16 - [TEST_STEP][PASSED] - file = <not implemented yet for class: org.codehaus.groovy.ast.expr.EmptyExpression>: null

30-03-2025T17:17:16 - [TEST_STEP][PASSED] - otpusk = <not implemented yet for class: org.codehaus.groovy.ast.expr.EmptyExpression>: null

30-03-2025T17:17:16 - [TEST_STEP][PASSED] - poteri = <not implemented yet for class: org.codehaus.groovy.ast.expr.EmptyExpression>: null

30-03-2025T17:17:16 - [TEST_STEP][PASSED] - dataFolder = "Выполнение бизнес-плана/Значения со страницы Выполнение бизнес-плана/": null

30-03-2025T17:17:16 - [TEST_STEP][PASSED] - path = <not implemented yet for class: org.codehaus.groovy.ast.expr.EmptyExpression>: null

30-03-2025T17:17:16 - [TEST_STEP][PASSED] - typeOfDataMain = <not implemented yet for class: org.codehaus.groovy.ast.expr.EmptyExpression>: null

30-03-2025T17:17:16 - [TEST_STEP][PASSED] - fileOtpuskVSet = <not implemented yet for class: org.codehaus.groovy.ast.expr.EmptyExpression>: null

30-03-2025T17:17:16 - [TEST_STEP][PASSED] - pageOtpuskVSet = <not implemented yet for class: org.codehaus.groovy.ast.expr.EmptyExpression>: null

30-03-2025T17:17:16 - [TEST_STEP][PASSED] - filePoteri = <not implemented yet for class: org.codehaus.groovy.ast.expr.EmptyExpression>: null

30-03-2025T17:17:16 - [TEST_STEP][PASSED] - pagePoteri = <not implemented yet for class: org.codehaus.groovy.ast.expr.EmptyExpression>: null

30-03-2025T17:17:16 - [TEST_STEP][PASSED] - compare = <not implemented yet for class: org.codehaus.groovy.ast.expr.EmptyExpression>: null

30-03-2025T17:17:16 - [TEST_STEP][PASSED] - b = <not implemented yet for class: org.codehaus.groovy.ast.expr.EmptyExpression>: null

30-03-2025T17:17:16 - [TEST_STEP][PASSED] - i = <not implemented yet for class: org.codehaus.groovy.ast.expr.EmptyExpression>: null

30-03-2025T17:17:16 - [TEST_STEP][PASSED] - ii = <not implemented yet for class: org.codehaus.groovy.ast.expr.EmptyExpression>: null

30-03-2025T17:17:16 - [TEST_STEP][PASSED] - c = <not implemented yet for class: org.codehaus.groovy.ast.expr.EmptyExpression>: null

30-03-2025T17:17:16 - [TEST_STEP][PASSED] - numberOfErrors = 0: null

30-03-2025T17:17:16 - [TEST_STEP][PASSED] - if (a == 82): null

30-03-2025T17:17:16 - [TEST_STEP][PASSED] - b = findTestData("PlanFact").getValue(1, a): null

30-03-2025T17:17:16 - [TEST_STEP][PASSED] - i = b.indexOf(" (ГК)"): null

30-03-2025T17:17:16 - [TEST_STEP][PASSED] - if (i > -1): null

30-03-2025T17:17:16 - [TEST_STEP][PASSED] - b = b.substring(0, i): null

30-03-2025T17:17:16 - [TEST_STEP][PASSED] - i = b.indexOf("О ""): null

30-03-2025T17:17:16 - [TEST_STEP][PASSED] - if (i > -1): null

30-03-2025T17:17:16 - [TEST_STEP][PASSED] - i = b.indexOf("О «"): null

30-03-2025T17:17:16 - [TEST_STEP][PASSED] - if (i > -1): null

30-03-2025T17:17:16 - [TEST_STEP][PASSED] - i = b.indexOf("г. "): null

30-03-2025T17:17:16 - [TEST_STEP][PASSED] - if (i > -1): null

30-03-2025T17:17:16 - [TEST_STEP][PASSED] - b = b.trim(): null

30-03-2025T17:17:16 - [TEST_STEP][PASSED] - println(b): null

30-03-2025T17:17:16 - [TEST_STEP][PASSED] - for ([planFact = 1, planFact < 3, (planFact++)]): null

30-03-2025T17:17:16 - [TEST_STEP][PASSED] - if (planFact == 1): null

30-03-2025T17:17:16 - [TEST_STEP][PASSED] - typeOfDataMain = "Факт": null

30-03-2025T17:17:16 - [TEST_STEP][PASSED] - otpusk = findTestData("PlanFact").getValue(5, a): null

30-03-2025T17:17:16 - [TEST_STEP][PASSED] - poteri = findTestData("PlanFact").getValue(6, a): null

30-03-2025T17:17:16 - [TEST_STEP][PASSED] - otpusk = otpusk.replaceAll("\s+", ""): null

30-03-2025T17:17:16 - [TEST_STEP][PASSED] - poteri = poteri.replaceAll("\s+", ""): null

30-03-2025T17:17:16 - [TEST_STEP][PASSED] - typeOfData = typeOfDataMain + " Отпуск в сеть": null

30-03-2025T17:17:16 - [TEST_STEP][PASSED] - if (a == 82): null

30-03-2025T17:17:16 - [TEST_STEP][PASSED] - else if (a == 84): null

30-03-2025T17:17:16 - [TEST_STEP][PASSED] - else if (a == 83 || a == 52 || a == 72 || a == 28 || a == 73 || a == 77 || a == 74 || a == 65 || a == 36 || a == 44 || a == 53 || a == 80 || a == 54 || a == 1 || a == 18 || a == 59 || a == 81): null

30-03-2025T17:17:16 - [TEST_STEP][PASSED] - path = dataFolder + "Table Data/" + typeOfData + " за отчётный период " + dzoNum: null

30-03-2025T17:17:16 - [TEST_STEP][PASSED] - println(path): null

30-03-2025T17:17:16 - [TEST_STEP][PASSED] - page = getText(findTestObject(path)): Text of object 'Object Repository/Выполнение бизнес-плана/Значения со страницы Выполнение бизнес-плана/Table Data/Факт Отпуск в сеть за отчётный период 7' is: '3 467 484'

30-03-2025T17:17:16 - [MESSAGE][PASSED] - Text of object 'Object Repository/Выполнение бизнес-плана/Значения со страницы Выполнение бизнес-плана/Table Data/Факт Отпуск в сеть за отчётный период 7' is: '3 467 484'

30-03-2025T17:17:16 - [TEST_STEP][PASSED] - if (page == "" || page == null): null

30-03-2025T17:17:16 - [TEST_STEP][PASSED] - else: null

30-03-2025T17:17:16 - [TEST_STEP][PASSED] - page = page.replaceAll("\s+", ""): null

30-03-2025T17:17:16 - [TEST_STEP][PASSED] - if (page == "undefined"): null

30-03-2025T17:17:16 - [TEST_STEP][PASSED] - fileOtpuskVSet = otpusk.toInteger(): null

30-03-2025T17:17:16 - [TEST_STEP][PASSED] - pageOtpuskVSet = page.toInteger(): null

30-03-2025T17:17:16 - [TEST_STEP][PASSED] - typeOfData = typeOfDataMain + " Потери": null

30-03-2025T17:17:16 - [TEST_STEP][PASSED] - if (a == 82): null

30-03-2025T17:17:16 - [TEST_STEP][PASSED] - else if (a == 84): null

30-03-2025T17:17:16 - [TEST_STEP][PASSED] - else if (a == 83 || a == 52 || a == 72 || a == 28 || a == 73 || a == 77 || a == 74 || a == 65 || a == 44 || a == 53 || a == 80 || a == 54 || a == 1 || a == 18 || a == 59 || a == 81): null

30-03-2025T17:17:16 - [TEST_STEP][PASSED] - path = dataFolder + "Table Data/" + typeOfData + " за отчётный период " + dzoNum: null

30-03-2025T17:17:16 - [TEST_STEP][PASSED] - page = getText(findTestObject(path)): Text of object 'Object Repository/Выполнение бизнес-плана/Значения со страницы Выполнение бизнес-плана/Table Data/Факт Потери за отчётный период 7' is: '2 266 831'

30-03-2025T17:17:17 - [MESSAGE][PASSED] - Text of object 'Object Repository/Выполнение бизнес-плана/Значения со страницы Выполнение бизнес-плана/Table Data/Факт Потери за отчётный период 7' is: '2 266 831'

30-03-2025T17:17:17 - [TEST_STEP][PASSED] - if (page == "" || page == null): null

30-03-2025T17:17:17 - [TEST_STEP][PASSED] - else: null

30-03-2025T17:17:17 - [TEST_STEP][PASSED] - page = page.replaceAll("\s+", ""): null

30-03-2025T17:17:17 - [TEST_STEP][PASSED] - if (page == "undefined"): null

30-03-2025T17:17:17 - [TEST_STEP][PASSED] - filePoteri = poteri.toInteger(): null

30-03-2025T17:17:17 - [TEST_STEP][PASSED] - pagePoteri = page.toInteger(): null

30-03-2025T17:17:17 - [TEST_STEP][PASSED] - compare = pageOtpuskVSet: null

30-03-2025T17:17:17 - [TEST_STEP][PASSED] - if (pageOtpuskVSet != null): null

30-03-2025T17:17:17 - [TEST_STEP][PASSED] - if (compare == fileOtpuskVSet): null

30-03-2025T17:17:17 - [TEST_STEP][PASSED] - else if (compare > fileOtpuskVSet): null

30-03-2025T17:17:17 - [TEST_STEP][PASSED] - compare = compare - 1: null

30-03-2025T17:17:17 - [TEST_STEP][PASSED] - if (compare == fileOtpuskVSet): null

30-03-2025T17:17:17 - [TEST_STEP][PASSED] - else: null

30-03-2025T17:17:17 - [TEST_STEP][PASSED] - numberOfErrors = numberOfErrors + 1: null

30-03-2025T17:17:17 - [TEST_STEP][PASSED] - pageInt = pageOtpuskVSet: null

30-03-2025T17:17:17 - [TEST_STEP][PASSED] - fileInt = fileOtpuskVSet: null

30-03-2025T17:17:17 - [TEST_STEP][PASSED] - typeOfData = typeOfDataMain + " Отпуск в сеть": null

30-03-2025T17:17:17 - [TEST_STEP][PASSED] - Script1718980020443.WriteToExcel(a, typeOfData, todaysDate, pageInt, fileInt, pageDouble, fileDouble, dZO): null

30-03-2025T17:17:17 - [TEST_STEP][PASSED] - sheetName = "Sheet1": null

30-03-2025T17:17:17 - [TEST_STEP][PASSED] - data = findTestData("PlanFact"): null

30-03-2025T17:17:17 - [TEST_STEP][PASSED] - n = data.getRowNumbers() + 1: null

30-03-2025T17:17:17 - [TEST_STEP][PASSED] - day = ")).toInteger(): null

30-03-2025T17:17:17 - [TEST_STEP][PASSED] - println(day): null

30-03-2025T17:17:17 - [TEST_STEP][PASSED] - month = ")).toInteger(): null

30-03-2025T17:17:17 - [TEST_STEP][PASSED] - println(month): null

30-03-2025T17:17:17 - [TEST_STEP][PASSED] - y = <not implemented yet for class: org.codehaus.groovy.ast.expr.EmptyExpression>: null

30-03-2025T17:17:17 - [TEST_STEP][PASSED] - iy = <not implemented yet for class: org.codehaus.groovy.ast.expr.EmptyExpression>: null

30-03-2025T17:17:17 - [TEST_STEP][PASSED] - m = getText(findTestObject("Выполнение бизнес-плана/Период")): Text of object 'Object Repository/Выполнение бизнес-плана/Период' is: 'Январь 2025 года'

30-03-2025T17:17:17 - [MESSAGE][PASSED] - Text of object 'Object Repository/Выполнение бизнес-плана/Период' is: 'Январь 2025 года'

30-03-2025T17:17:17 - [TEST_STEP][PASSED] - iy = m.indexOf("20"): null

30-03-2025T17:17:17 - [TEST_STEP][PASSED] - if (iy > -1): null

30-03-2025T17:17:17 - [TEST_STEP][PASSED] - y = substring(iy, iy + 4).toInteger(): null

30-03-2025T17:17:17 - [TEST_STEP][PASSED] - println(y): null

30-03-2025T17:17:17 - [TEST_STEP][PASSED] - if (toString().length() == 4): null

30-03-2025T17:17:17 - [TEST_STEP][PASSED] - m = m.substring(0, m.indexOf(y.toString())): null

30-03-2025T17:17:17 - [TEST_STEP][PASSED] - m = m.trim(): null

30-03-2025T17:17:17 - [TEST_STEP][PASSED] - if (m == ""): null

30-03-2025T17:17:17 - [TEST_STEP][PASSED] - dashboardName = "Выполнение бизнес-плана": null

30-03-2025T17:17:17 - [TEST_STEP][PASSED] - workbook01 = getWorkbook(excelFilePath): null

30-03-2025T17:17:17 - [TEST_STEP][PASSED] - sheet01 = getExcelSheet(workbook01, sheetName): null

30-03-2025T17:17:17 - [TEST_STEP][PASSED] - setValueToCellByIndex(sheet01, n, 0, dashboardName): null

30-03-2025T17:17:17 - [TEST_STEP][PASSED] - setValueToCellByIndex(sheet01, n, 1, dZO): null

30-03-2025T17:17:17 - [TEST_STEP][PASSED] - setValueToCellByIndex(sheet01, n, 2, typeOfData): null

30-03-2025T17:17:17 - [TEST_STEP][PASSED] - if (typeOfData == "Факт в процентах" || typeOfData == "План в процентах"): null

30-03-2025T17:17:17 - [TEST_STEP][PASSED] - else: null

30-03-2025T17:17:17 - [TEST_STEP][PASSED] - setValueToCellByIndex(sheet01, n, 3, fileInt): null

30-03-2025T17:17:17 - [TEST_STEP][PASSED] - setValueToCellByIndex(sheet01, n, 4, pageInt): null

30-03-2025T17:17:17 - [TEST_STEP][PASSED] - setValueToCellByIndex(sheet01, n, 5, m): null

30-03-2025T17:17:17 - [TEST_STEP][PASSED] - setValueToCellByIndex(sheet01, n, 6, y): null

30-03-2025T17:17:17 - [TEST_STEP][PASSED] - setValueToCellByIndex(sheet01, n, 7, todaysDate): null

30-03-2025T17:17:17 - [TEST_STEP][PASSED] - n = n + 1: null

30-03-2025T17:17:17 - [TEST_STEP][PASSED] - saveWorkbook(excelFilePath, workbook01): null

30-03-2025T17:17:17 - [TEST_STEP][PASSED] - compare = pagePoteri: null

30-03-2025T17:17:17 - [TEST_STEP][PASSED] - if (pageOtpuskVSet != null): null

30-03-2025T17:17:17 - [TEST_STEP][PASSED] - if (compare == filePoteri): null

30-03-2025T17:17:17 - [TEST_STEP][PASSED] - else if (compare > filePoteri): null

30-03-2025T17:17:17 - [TEST_STEP][PASSED] - compare = compare - 1: null

30-03-2025T17:17:17 - [TEST_STEP][PASSED] - if (compare == filePoteri): null

30-03-2025T17:17:17 - [TEST_STEP][PASSED] - else: null

30-03-2025T17:17:17 - [TEST_STEP][PASSED] - numberOfErrors = numberOfErrors + 1: null

30-03-2025T17:17:17 - [TEST_STEP][PASSED] - pageInt = pagePoteri: null

30-03-2025T17:17:17 - [TEST_STEP][PASSED] - fileInt = filePoteri: null

30-03-2025T17:17:17 - [TEST_STEP][PASSED] - typeOfData = typeOfDataMain + " Потери": null

30-03-2025T17:17:17 - [TEST_STEP][PASSED] - Script1718980020443.WriteToExcel(a, typeOfData, todaysDate, pageInt, fileInt, pageDouble, fileDouble, dZO): null

30-03-2025T17:17:17 - [TEST_STEP][PASSED] - sheetName = "Sheet1": null

30-03-2025T17:17:17 - [TEST_STEP][PASSED] - data = findTestData("PlanFact"): null

30-03-2025T17:17:17 - [TEST_STEP][PASSED] - n = data.getRowNumbers() + 1: null

30-03-2025T17:17:17 - [TEST_STEP][PASSED] - day = ")).toInteger(): null

30-03-2025T17:17:17 - [TEST_STEP][PASSED] - println(day): null

30-03-2025T17:17:17 - [TEST_STEP][PASSED] - month = ")).toInteger(): null

30-03-2025T17:17:17 - [TEST_STEP][PASSED] - println(month): null

30-03-2025T17:17:17 - [TEST_STEP][PASSED] - y = <not implemented yet for class: org.codehaus.groovy.ast.expr.EmptyExpression>: null

30-03-2025T17:17:17 - [TEST_STEP][PASSED] - iy = <not implemented yet for class: org.codehaus.groovy.ast.expr.EmptyExpression>: null

30-03-2025T17:17:17 - [TEST_STEP][PASSED] - m = getText(findTestObject("Выполнение бизнес-плана/Период")): Text of object 'Object Repository/Выполнение бизнес-плана/Период' is: 'Январь 2025 года'

30-03-2025T17:17:18 - [MESSAGE][PASSED] - Text of object 'Object Repository/Выполнение бизнес-плана/Период' is: 'Январь 2025 года'

30-03-2025T17:17:18 - [TEST_STEP][PASSED] - iy = m.indexOf("20"): null

30-03-2025T17:17:18 - [TEST_STEP][PASSED] - if (iy > -1): null

30-03-2025T17:17:18 - [TEST_STEP][PASSED] - y = substring(iy, iy + 4).toInteger(): null

30-03-2025T17:17:18 - [TEST_STEP][PASSED] - println(y): null

30-03-2025T17:17:18 - [TEST_STEP][PASSED] - if (toString().length() == 4): null

30-03-2025T17:17:18 - [TEST_STEP][PASSED] - m = m.substring(0, m.indexOf(y.toString())): null

30-03-2025T17:17:18 - [TEST_STEP][PASSED] - m = m.trim(): null

30-03-2025T17:17:18 - [TEST_STEP][PASSED] - if (m == ""): null

30-03-2025T17:17:18 - [TEST_STEP][PASSED] - dashboardName = "Выполнение бизнес-плана": null

30-03-2025T17:17:18 - [TEST_STEP][PASSED] - workbook01 = getWorkbook(excelFilePath): null

30-03-2025T17:17:18 - [TEST_STEP][PASSED] - sheet01 = getExcelSheet(workbook01, sheetName): null

30-03-2025T17:17:18 - [TEST_STEP][PASSED] - setValueToCellByIndex(sheet01, n, 0, dashboardName): null

30-03-2025T17:17:18 - [TEST_STEP][PASSED] - setValueToCellByIndex(sheet01, n, 1, dZO): null

30-03-2025T17:17:18 - [TEST_STEP][PASSED] - setValueToCellByIndex(sheet01, n, 2, typeOfData): null

30-03-2025T17:17:18 - [TEST_STEP][PASSED] - if (typeOfData == "Факт в процентах" || typeOfData == "План в процентах"): null

30-03-2025T17:17:18 - [TEST_STEP][PASSED] - else: null

30-03-2025T17:17:18 - [TEST_STEP][PASSED] - setValueToCellByIndex(sheet01, n, 3, fileInt): null

30-03-2025T17:17:18 - [TEST_STEP][PASSED] - setValueToCellByIndex(sheet01, n, 4, pageInt): null

30-03-2025T17:17:18 - [TEST_STEP][PASSED] - setValueToCellByIndex(sheet01, n, 5, m): null

30-03-2025T17:17:18 - [TEST_STEP][PASSED] - setValueToCellByIndex(sheet01, n, 6, y): null

30-03-2025T17:17:18 - [TEST_STEP][PASSED] - setValueToCellByIndex(sheet01, n, 7, todaysDate): null

30-03-2025T17:17:18 - [TEST_STEP][PASSED] - n = n + 1: null

30-03-2025T17:17:18 - [TEST_STEP][FAILED] - saveWorkbook(excelFilePath, workbook01): null

30-03-2025T17:17:18 - [TEST_STEP][PASSED] - if (planFact == 2): null

30-03-2025T17:17:18 - [TEST_STEP][PASSED] - if (planFact == 1): null

30-03-2025T17:17:18 - [TEST_STEP][PASSED] - else if (planFact == 2): null

30-03-2025T17:17:18 - [TEST_STEP][PASSED] - click(findTestObject("Выполнение бизнес-плана/Кнопка План")): Object: 'Object Repository/Выполнение бизнес-плана/Кнопка План' is clicked on

30-03-2025T17:17:18 - [MESSAGE][PASSED] - Object: 'Object Repository/Выполнение бизнес-плана/Кнопка План' is clicked on

30-03-2025T17:17:18 - [TEST_STEP][PASSED] - typeOfDataMain = "План": null

30-03-2025T17:17:18 - [TEST_STEP][PASSED] - otpusk = findTestData("PlanFact").getValue(2, a): null

30-03-2025T17:17:18 - [TEST_STEP][PASSED] - poteri = findTestData("PlanFact").getValue(3, a): null

30-03-2025T17:17:18 - [TEST_STEP][PASSED] - otpusk = otpusk.replaceAll("\s+", ""): null

30-03-2025T17:17:18 - [TEST_STEP][PASSED] - poteri = poteri.replaceAll("\s+", ""): null

30-03-2025T17:17:18 - [TEST_STEP][PASSED] - typeOfData = typeOfDataMain + " Отпуск в сеть": null

30-03-2025T17:17:18 - [TEST_STEP][PASSED] - if (a == 82): null

30-03-2025T17:17:18 - [TEST_STEP][PASSED] - else if (a == 84): null

30-03-2025T17:17:18 - [TEST_STEP][PASSED] - else if (a == 83 || a == 52 || a == 72 || a == 28 || a == 73 || a == 77 || a == 74 || a == 65 || a == 36 || a == 44 || a == 53 || a == 80 || a == 54 || a == 1 || a == 18 || a == 59 || a == 81): null

30-03-2025T17:17:18 - [TEST_STEP][PASSED] - path = dataFolder + "Table Data/" + typeOfData + " за отчётный период " + dzoNum: null

30-03-2025T17:17:18 - [TEST_STEP][PASSED] - println(path): null

30-03-2025T17:17:18 - [TEST_STEP][PASSED] - page = getText(findTestObject(path)): Text of object 'Object Repository/Выполнение бизнес-плана/Значения со страницы Выполнение бизнес-плана/Table Data/План Отпуск в сеть за отчётный период 7' is: '3 760 351'

30-03-2025T17:17:19 - [MESSAGE][PASSED] - Text of object 'Object Repository/Выполнение бизнес-плана/Значения со страницы Выполнение бизнес-плана/Table Data/План Отпуск в сеть за отчётный период 7' is: '3 760 351'

30-03-2025T17:17:19 - [TEST_STEP][PASSED] - if (page == "" || page == null): null

30-03-2025T17:17:19 - [TEST_STEP][PASSED] - else: null

30-03-2025T17:17:19 - [TEST_STEP][PASSED] - page = page.replaceAll("\s+", ""): null

30-03-2025T17:17:19 - [TEST_STEP][PASSED] - if (page == "undefined"): null

30-03-2025T17:17:19 - [TEST_STEP][PASSED] - fileOtpuskVSet = otpusk.toInteger(): null

30-03-2025T17:17:19 - [TEST_STEP][PASSED] - pageOtpuskVSet = page.toInteger(): null

30-03-2025T17:17:19 - [TEST_STEP][PASSED] - typeOfData = typeOfDataMain + " Потери": null

30-03-2025T17:17:19 - [TEST_STEP][PASSED] - if (a == 82): null

30-03-2025T17:17:19 - [TEST_STEP][PASSED] - else if (a == 84): null

30-03-2025T17:17:19 - [TEST_STEP][PASSED] - else if (a == 83 || a == 52 || a == 72 || a == 28 || a == 73 || a == 77 || a == 74 || a == 65 || a == 44 || a == 53 || a == 80 || a == 54 || a == 1 || a == 18 || a == 59 || a == 81): null

30-03-2025T17:17:19 - [TEST_STEP][PASSED] - path = dataFolder + "Table Data/" + typeOfData + " за отчётный период " + dzoNum: null

30-03-2025T17:17:19 - [TEST_STEP][FAILED] - page = getText(findTestObject(path)): Unable to get text of object 'Object Repository/Выполнение бизнес-плана/Значения со страницы Выполнение бизнес-плана/Table Data/План Потери за отчётный период 7' (Root cause: com.kms.katalon.core.exception.StepFailedException: Unable to get text of object 'Object Repository/Выполнение бизнес-плана/Значения со страницы Выполнение бизнес-плана/Table Data/План Потери за отчётный период 7'
	at com.kms.katalon.core.webui.keyword.internal.WebUIKeywordMain.stepFailed(WebUIKeywordMain.groovy:64)
	at com.kms.katalon.core.webui.keyword.internal.WebUIKeywordMain.runKeyword(WebUIKeywordMain.groovy:26)
	at com.kms.katalon.core.webui.keyword.builtin.GetTextKeyword.getText(GetTextKeyword.groovy:88)
	at com.kms.katalon.core.webui.keyword.builtin.GetTextKeyword.execute(GetTextKeyword.groovy:67)
	at com.kms.katalon.core.keyword.internal.KeywordExecutor.executeKeywordForPlatform(KeywordExecutor.groovy:74)
	at com.kms.katalon.core.webui.keyword.WebUiBuiltInKeywords.getText(WebUiBuiltInKeywords.groovy:957)
	at Выполнение бизнес-плана Сверка ПАО Россети все филиалы.Numbers(Выполнение бизнес-плана Сверка ПАО Россети все филиалы:594)
	at Выполнение бизнес-плана Сверка ПАО Россети все филиалы.run(Выполнение бизнес-плана Сверка ПАО Россети все филиалы:399)
	at com.kms.katalon.core.main.ScriptEngine.run(ScriptEngine.java:194)
	at com.kms.katalon.core.main.ScriptEngine.runScriptAsRawText(ScriptEngine.java:119)
	at com.kms.katalon.core.main.TestCaseExecutor.runScript(TestCaseExecutor.java:448)
	at com.kms.katalon.core.main.TestCaseExecutor.doExecute(TestCaseExecutor.java:439)
	at com.kms.katalon.core.main.TestCaseExecutor.processExecutionPhase(TestCaseExecutor.java:418)
	at com.kms.katalon.core.main.TestCaseExecutor.accessMainPhase(TestCaseExecutor.java:410)
	at com.kms.katalon.core.main.TestCaseExecutor.execute(TestCaseExecutor.java:285)
	at com.kms.katalon.core.common.CommonExecutor.accessTestCaseMainPhase(CommonExecutor.java:65)
	at com.kms.katalon.core.main.TestSuiteExecutor.accessTestSuiteMainPhase(TestSuiteExecutor.java:150)
	at com.kms.katalon.core.main.TestSuiteExecutor.execute(TestSuiteExecutor.java:106)
	at com.kms.katalon.core.main.TestCaseMain.startTestSuite(TestCaseMain.java:180)
	at TempTestSuite1743336560690.run(TempTestSuite1743336560690.groovy:35)
	at java.base/jdk.internal.reflect.NativeMethodAccessorImpl.invoke0(Native Method)
	at java.base/jdk.internal.reflect.NativeMethodAccessorImpl.invoke(NativeMethodAccessorImpl.java:77)
	at java.base/jdk.internal.reflect.DelegatingMethodAccessorImpl.invoke(DelegatingMethodAccessorImpl.java:43)
Caused by: com.kms.katalon.core.webui.exception.WebElementNotFoundException: Web element with id: 'Object Repository/Выполнение бизнес-плана/Значения со страницы Выполнение бизнес-плана/Table Data/План Потери за отчётный период 7' located by '(.//*[normalize-space(text()) and normalize-space(.)='Показатели баланса электроэнергии по ДЗО – План'])[2]/following::td[41]' not found
	at com.kms.katalon.core.webui.common.WebUiCommonHelper.findWebElement(WebUiCommonHelper.java:1426)
	at com.kms.katalon.core.webui.keyword.internal.WebUIAbstractKeyword.findWebElement(WebUIAbstractKeyword.groovy:27)
	at com.kms.katalon.core.webui.keyword.internal.WebUIAbstractKeyword.findWebElement(WebUIAbstractKeyword.groovy:26)
	at com.kms.katalon.core.webui.keyword.builtin.GetTextKeyword$_getText_closure1.doCall(GetTextKeyword.groovy:78)
	at com.kms.katalon.core.webui.keyword.builtin.GetTextKeyword$_getText_closure1.call(GetTextKeyword.groovy)
	at com.kms.katalon.core.webui.keyword.internal.WebUIKeywordMain.runKeyword(WebUIKeywordMain.groovy:20)
	at com.kms.katalon.core.webui.keyword.builtin.GetTextKeyword.getText(GetTextKeyword.groovy:88)
	at com.kms.katalon.core.webui.keyword.builtin.GetTextKeyword.execute(GetTextKeyword.groovy:67)
	at com.kms.katalon.core.keyword.internal.KeywordExecutor.executeKeywordForPlatform(KeywordExecutor.groovy:74)
	at com.kms.katalon.core.webui.keyword.WebUiBuiltInKeywords.getText(WebUiBuiltInKeywords.groovy:957)
	at Script1718980020443.Numbers(Script1718980020443.groovy:594)
	at Script1718980020443.run(Script1718980020443.groovy:399)
	... 15 more
)

30-03-2025T17:17:50 - [MESSAGE][INFO] - Unable to find the element located by 'By.xpath: (.//*[normalize-space(text()) and normalize-space(.)='Показатели баланса электроэнергии по ДЗО – План'])[2]/following::td[41]'. Please recheck the objects properties to make sure the desired element is located. 

30-03-2025T17:17:50 - [MESSAGE][FAILED] - Unable to get text of object 'Object Repository/Выполнение бизнес-плана/Значения со страницы Выполнение бизнес-плана/Table Data/План Потери за отчётный период 7' (Root cause: com.kms.katalon.core.exception.StepFailedException: Unable to get text of object 'Object Repository/Выполнение бизнес-плана/Значения со страницы Выполнение бизнес-плана/Table Data/План Потери за отчётный период 7'
	at com.kms.katalon.core.webui.keyword.internal.WebUIKeywordMain.stepFailed(WebUIKeywordMain.groovy:64)
	at com.kms.katalon.core.webui.keyword.internal.WebUIKeywordMain.runKeyword(WebUIKeywordMain.groovy:26)
	at com.kms.katalon.core.webui.keyword.builtin.GetTextKeyword.getText(GetTextKeyword.groovy:88)
	at com.kms.katalon.core.webui.keyword.builtin.GetTextKeyword.execute(GetTextKeyword.groovy:67)
	at com.kms.katalon.core.keyword.internal.KeywordExecutor.executeKeywordForPlatform(KeywordExecutor.groovy:74)
	at com.kms.katalon.core.webui.keyword.WebUiBuiltInKeywords.getText(WebUiBuiltInKeywords.groovy:957)
	at Выполнение бизнес-плана Сверка ПАО Россети все филиалы.Numbers(Выполнение бизнес-плана Сверка ПАО Россети все филиалы:594)
	at Выполнение бизнес-плана Сверка ПАО Россети все филиалы.run(Выполнение бизнес-плана Сверка ПАО Россети все филиалы:399)
	at com.kms.katalon.core.main.ScriptEngine.run(ScriptEngine.java:194)
	at com.kms.katalon.core.main.ScriptEngine.runScriptAsRawText(ScriptEngine.java:119)
	at com.kms.katalon.core.main.TestCaseExecutor.runScript(TestCaseExecutor.java:448)
	at com.kms.katalon.core.main.TestCaseExecutor.doExecute(TestCaseExecutor.java:439)
	at com.kms.katalon.core.main.TestCaseExecutor.processExecutionPhase(TestCaseExecutor.java:418)
	at com.kms.katalon.core.main.TestCaseExecutor.accessMainPhase(TestCaseExecutor.java:410)
	at com.kms.katalon.core.main.TestCaseExecutor.execute(TestCaseExecutor.java:285)
	at com.kms.katalon.core.common.CommonExecutor.accessTestCaseMainPhase(CommonExecutor.java:65)
	at com.kms.katalon.core.main.TestSuiteExecutor.accessTestSuiteMainPhase(TestSuiteExecutor.java:150)
	at com.kms.katalon.core.main.TestSuiteExecutor.execute(TestSuiteExecutor.java:106)
	at com.kms.katalon.core.main.TestCaseMain.startTestSuite(TestCaseMain.java:180)
	at TempTestSuite1743336560690.run(TempTestSuite1743336560690.groovy:35)
	at java.base/jdk.internal.reflect.NativeMethodAccessorImpl.invoke0(Native Method)
	at java.base/jdk.internal.reflect.NativeMethodAccessorImpl.invoke(NativeMethodAccessorImpl.java:77)
	at java.base/jdk.internal.reflect.DelegatingMethodAccessorImpl.invoke(DelegatingMethodAccessorImpl.java:43)
Caused by: com.kms.katalon.core.webui.exception.WebElementNotFoundException: Web element with id: 'Object Repository/Выполнение бизнес-плана/Значения со страницы Выполнение бизнес-плана/Table Data/План Потери за отчётный период 7' located by '(.//*[normalize-space(text()) and normalize-space(.)='Показатели баланса электроэнергии по ДЗО – План'])[2]/following::td[41]' not found
	at com.kms.katalon.core.webui.common.WebUiCommonHelper.findWebElement(WebUiCommonHelper.java:1426)
	at com.kms.katalon.core.webui.keyword.internal.WebUIAbstractKeyword.findWebElement(WebUIAbstractKeyword.groovy:27)
	at com.kms.katalon.core.webui.keyword.internal.WebUIAbstractKeyword.findWebElement(WebUIAbstractKeyword.groovy:26)
	at com.kms.katalon.core.webui.keyword.builtin.GetTextKeyword$_getText_closure1.doCall(GetTextKeyword.groovy:78)
	at com.kms.katalon.core.webui.keyword.builtin.GetTextKeyword$_getText_closure1.call(GetTextKeyword.groovy)
	at com.kms.katalon.core.webui.keyword.internal.WebUIKeywordMain.runKeyword(WebUIKeywordMain.groovy:20)
	at com.kms.katalon.core.webui.keyword.builtin.GetTextKeyword.getText(GetTextKeyword.groovy:88)
	at com.kms.katalon.core.webui.keyword.builtin.GetTextKeyword.execute(GetTextKeyword.groovy:67)
	at com.kms.katalon.core.keyword.internal.KeywordExecutor.executeKeywordForPlatform(KeywordExecutor.groovy:74)
	at com.kms.katalon.core.webui.keyword.WebUiBuiltInKeywords.getText(WebUiBuiltInKeywords.groovy:957)
	at Script1718980020443.Numbers(Script1718980020443.groovy:594)
	at Script1718980020443.run(Script1718980020443.groovy:399)
	... 15 more
)
[[ATTACHMENT|C:\\Users\\LIAZGINA-DI\\git\\SPORU\\Reports\\20250330_150919\\\u041F\u043D-\u0421\u0440-\u041F\u0442\\\u0421\u0432\u0435\u0440\u043A\u0430 \u0434\u0430\u0448\u0431\u043E\u0440\u0434\u043E\u0432 \u0438\u0437 \u0440\u0430\u0437\u043D\u044B\u0445 \u0431\u043B\u043E\u043A\u043E\u0432\\20250330_150920\\1743344270200.png]]

30-03-2025T17:17:50 - [TEST_STEP][PASSED] - if (page == "" || page == null): null

30-03-2025T17:17:50 - [TEST_STEP][PASSED] - fileInt = poteri.toInteger(): null

30-03-2025T17:17:50 - [TEST_STEP][PASSED] - Script1718980020443.WriteToExcelNoData(a, typeOfData, todaysDate, fileInt, fileDouble, dZO): null

30-03-2025T17:17:50 - [TEST_STEP][PASSED] - sheetName = "Sheet1": null

30-03-2025T17:17:50 - [TEST_STEP][PASSED] - data = findTestData("PlanFact"): null

30-03-2025T17:17:50 - [TEST_STEP][PASSED] - n = data.getRowNumbers() + 1: null

30-03-2025T17:17:50 - [TEST_STEP][PASSED] - day = ")).toInteger(): null

30-03-2025T17:17:50 - [TEST_STEP][PASSED] - println(day): null

30-03-2025T17:17:50 - [TEST_STEP][PASSED] - month = ")).toInteger(): null

30-03-2025T17:17:50 - [TEST_STEP][PASSED] - println(month): null

30-03-2025T17:17:50 - [TEST_STEP][PASSED] - y = <not implemented yet for class: org.codehaus.groovy.ast.expr.EmptyExpression>: null

30-03-2025T17:17:50 - [TEST_STEP][PASSED] - iy = <not implemented yet for class: org.codehaus.groovy.ast.expr.EmptyExpression>: null

30-03-2025T17:17:50 - [TEST_STEP][PASSED] - m = getText(findTestObject("Выполнение бизнес-плана/Период")): Text of object 'Object Repository/Выполнение бизнес-плана/Период' is: 'Январь 2025 года'

30-03-2025T17:17:50 - [MESSAGE][PASSED] - Text of object 'Object Repository/Выполнение бизнес-плана/Период' is: 'Январь 2025 года'

30-03-2025T17:17:50 - [TEST_STEP][PASSED] - iy = m.indexOf("20"): null

30-03-2025T17:17:50 - [TEST_STEP][PASSED] - if (iy > -1): null

30-03-2025T17:17:50 - [TEST_STEP][PASSED] - y = substring(iy, iy + 4).toInteger(): null

30-03-2025T17:17:50 - [TEST_STEP][PASSED] - println(y): null

30-03-2025T17:17:50 - [TEST_STEP][PASSED] - if (toString().length() == 4): null

30-03-2025T17:17:50 - [TEST_STEP][PASSED] - m = m.substring(0, m.indexOf(y.toString())): null

30-03-2025T17:17:50 - [TEST_STEP][PASSED] - m = m.trim(): null

30-03-2025T17:17:50 - [TEST_STEP][PASSED] - if (m == ""): null

30-03-2025T17:17:50 - [TEST_STEP][PASSED] - dashboardName = "Выполнение бизнес-плана": null

30-03-2025T17:17:50 - [TEST_STEP][PASSED] - workbook01 = getWorkbook(excelFilePath): null

30-03-2025T17:17:50 - [TEST_STEP][PASSED] - sheet01 = getExcelSheet(workbook01, sheetName): null

30-03-2025T17:17:50 - [TEST_STEP][PASSED] - setValueToCellByIndex(sheet01, n, 0, dashboardName): null

30-03-2025T17:17:50 - [TEST_STEP][PASSED] - setValueToCellByIndex(sheet01, n, 1, dZO): null

30-03-2025T17:17:50 - [TEST_STEP][PASSED] - setValueToCellByIndex(sheet01, n, 2, typeOfData): null

30-03-2025T17:17:50 - [TEST_STEP][PASSED] - if (typeOfData == "Факт в процентах" || typeOfData == "План в процентах"): null

30-03-2025T17:17:50 - [TEST_STEP][PASSED] - else: null

30-03-2025T17:17:50 - [TEST_STEP][PASSED] - setValueToCellByIndex(sheet01, n, 3, fileInt): null

30-03-2025T17:17:50 - [TEST_STEP][PASSED] - setValueToCellByIndex(sheet01, n, 4, "нет данных"): null

30-03-2025T17:17:50 - [TEST_STEP][PASSED] - setValueToCellByIndex(sheet01, n, 5, m): null

30-03-2025T17:17:50 - [TEST_STEP][PASSED] - setValueToCellByIndex(sheet01, n, 6, y): null

30-03-2025T17:17:50 - [TEST_STEP][PASSED] - setValueToCellByIndex(sheet01, n, 7, todaysDate): null

30-03-2025T17:17:50 - [TEST_STEP][PASSED] - n = n + 1: null

30-03-2025T17:17:50 - [TEST_STEP][PASSED] - saveWorkbook(excelFilePath, workbook01): null

30-03-2025T17:17:50 - [TEST_STEP][PASSED] - compare = pageOtpuskVSet: null

30-03-2025T17:17:50 - [TEST_STEP][PASSED] - if (pageOtpuskVSet != null): null

30-03-2025T17:17:50 - [TEST_STEP][PASSED] - if (compare == fileOtpuskVSet): null

30-03-2025T17:17:50 - [TEST_STEP][PASSED] - else if (compare > fileOtpuskVSet): null

30-03-2025T17:17:50 - [TEST_STEP][PASSED] - compare = compare - 1: null

30-03-2025T17:17:50 - [TEST_STEP][PASSED] - if (compare == fileOtpuskVSet): null

30-03-2025T17:17:50 - [TEST_STEP][PASSED] - else: null

30-03-2025T17:17:50 - [TEST_STEP][PASSED] - numberOfErrors = numberOfErrors + 1: null

30-03-2025T17:17:50 - [TEST_STEP][PASSED] - pageInt = pageOtpuskVSet: null

30-03-2025T17:17:50 - [TEST_STEP][PASSED] - fileInt = fileOtpuskVSet: null

30-03-2025T17:17:50 - [TEST_STEP][PASSED] - typeOfData = typeOfDataMain + " Отпуск в сеть": null

30-03-2025T17:17:50 - [TEST_STEP][PASSED] - Script1718980020443.WriteToExcel(a, typeOfData, todaysDate, pageInt, fileInt, pageDouble, fileDouble, dZO): null

30-03-2025T17:17:50 - [TEST_STEP][PASSED] - sheetName = "Sheet1": null

30-03-2025T17:17:50 - [TEST_STEP][PASSED] - data = findTestData("PlanFact"): null

30-03-2025T17:17:50 - [TEST_STEP][PASSED] - n = data.getRowNumbers() + 1: null

30-03-2025T17:17:50 - [TEST_STEP][PASSED] - day = ")).toInteger(): null

30-03-2025T17:17:50 - [TEST_STEP][PASSED] - println(day): null

30-03-2025T17:17:50 - [TEST_STEP][PASSED] - month = ")).toInteger(): null

30-03-2025T17:17:50 - [TEST_STEP][PASSED] - println(month): null

30-03-2025T17:17:50 - [TEST_STEP][PASSED] - y = <not implemented yet for class: org.codehaus.groovy.ast.expr.EmptyExpression>: null

30-03-2025T17:17:50 - [TEST_STEP][PASSED] - iy = <not implemented yet for class: org.codehaus.groovy.ast.expr.EmptyExpression>: null

30-03-2025T17:17:50 - [TEST_STEP][PASSED] - m = getText(findTestObject("Выполнение бизнес-плана/Период")): Text of object 'Object Repository/Выполнение бизнес-плана/Период' is: 'Январь 2025 года'

30-03-2025T17:17:51 - [MESSAGE][PASSED] - Text of object 'Object Repository/Выполнение бизнес-плана/Период' is: 'Январь 2025 года'

30-03-2025T17:17:51 - [TEST_STEP][PASSED] - iy = m.indexOf("20"): null

30-03-2025T17:17:51 - [TEST_STEP][PASSED] - if (iy > -1): null

30-03-2025T17:17:51 - [TEST_STEP][PASSED] - y = substring(iy, iy + 4).toInteger(): null

30-03-2025T17:17:51 - [TEST_STEP][PASSED] - println(y): null

30-03-2025T17:17:51 - [TEST_STEP][PASSED] - if (toString().length() == 4): null

30-03-2025T17:17:51 - [TEST_STEP][PASSED] - m = m.substring(0, m.indexOf(y.toString())): null

30-03-2025T17:17:51 - [TEST_STEP][PASSED] - m = m.trim(): null

30-03-2025T17:17:51 - [TEST_STEP][PASSED] - if (m == ""): null

30-03-2025T17:17:51 - [TEST_STEP][PASSED] - dashboardName = "Выполнение бизнес-плана": null

30-03-2025T17:17:51 - [TEST_STEP][PASSED] - workbook01 = getWorkbook(excelFilePath): null

30-03-2025T17:17:51 - [TEST_STEP][PASSED] - sheet01 = getExcelSheet(workbook01, sheetName): null

30-03-2025T17:17:51 - [TEST_STEP][PASSED] - setValueToCellByIndex(sheet01, n, 0, dashboardName): null

30-03-2025T17:17:51 - [TEST_STEP][PASSED] - setValueToCellByIndex(sheet01, n, 1, dZO): null

30-03-2025T17:17:51 - [TEST_STEP][PASSED] - setValueToCellByIndex(sheet01, n, 2, typeOfData): null

30-03-2025T17:17:51 - [TEST_STEP][PASSED] - if (typeOfData == "Факт в процентах" || typeOfData == "План в процентах"): null

30-03-2025T17:17:51 - [TEST_STEP][PASSED] - else: null

30-03-2025T17:17:51 - [TEST_STEP][PASSED] - setValueToCellByIndex(sheet01, n, 3, fileInt): null

30-03-2025T17:17:51 - [TEST_STEP][PASSED] - setValueToCellByIndex(sheet01, n, 4, pageInt): null

30-03-2025T17:17:51 - [TEST_STEP][PASSED] - setValueToCellByIndex(sheet01, n, 5, m): null

30-03-2025T17:17:51 - [TEST_STEP][PASSED] - setValueToCellByIndex(sheet01, n, 6, y): null

30-03-2025T17:17:51 - [TEST_STEP][PASSED] - setValueToCellByIndex(sheet01, n, 7, todaysDate): null

30-03-2025T17:17:51 - [TEST_STEP][PASSED] - n = n + 1: null

30-03-2025T17:17:51 - [TEST_STEP][PASSED] - saveWorkbook(excelFilePath, workbook01): null

30-03-2025T17:17:51 - [TEST_STEP][PASSED] - compare = pagePoteri: null

30-03-2025T17:17:51 - [TEST_STEP][PASSED] - if (pageOtpuskVSet != null): null

30-03-2025T17:17:51 - [TEST_STEP][PASSED] - if (compare == filePoteri): null

30-03-2025T17:17:51 - [TEST_STEP][PASSED] - else if (compare > filePoteri): null

30-03-2025T17:17:51 - [TEST_STEP][PASSED] - compare = compare - 1: null

30-03-2025T17:17:51 - [TEST_STEP][PASSED] - if (compare == filePoteri): null

30-03-2025T17:17:51 - [TEST_STEP][PASSED] - else: null

30-03-2025T17:17:51 - [TEST_STEP][PASSED] - numberOfErrors = numberOfErrors + 1: null

30-03-2025T17:17:51 - [TEST_STEP][PASSED] - pageInt = pagePoteri: null

30-03-2025T17:17:51 - [TEST_STEP][PASSED] - fileInt = filePoteri: null

30-03-2025T17:17:51 - [TEST_STEP][PASSED] - typeOfData = typeOfDataMain + " Потери": null

30-03-2025T17:17:51 - [TEST_STEP][PASSED] - Script1718980020443.WriteToExcel(a, typeOfData, todaysDate, pageInt, fileInt, pageDouble, fileDouble, dZO): null

30-03-2025T17:17:51 - [TEST_STEP][PASSED] - sheetName = "Sheet1": null

30-03-2025T17:17:51 - [TEST_STEP][PASSED] - data = findTestData("PlanFact"): null

30-03-2025T17:17:51 - [TEST_STEP][PASSED] - n = data.getRowNumbers() + 1: null

30-03-2025T17:17:51 - [TEST_STEP][PASSED] - day = ")).toInteger(): null

30-03-2025T17:17:51 - [TEST_STEP][PASSED] - println(day): null

30-03-2025T17:17:51 - [TEST_STEP][PASSED] - month = ")).toInteger(): null

30-03-2025T17:17:51 - [TEST_STEP][PASSED] - println(month): null

30-03-2025T17:17:51 - [TEST_STEP][PASSED] - y = <not implemented yet for class: org.codehaus.groovy.ast.expr.EmptyExpression>: null

30-03-2025T17:17:51 - [TEST_STEP][PASSED] - iy = <not implemented yet for class: org.codehaus.groovy.ast.expr.EmptyExpression>: null

30-03-2025T17:17:51 - [TEST_STEP][PASSED] - m = getText(findTestObject("Выполнение бизнес-плана/Период")): Text of object 'Object Repository/Выполнение бизнес-плана/Период' is: 'Январь 2025 года'

30-03-2025T17:17:51 - [MESSAGE][PASSED] - Text of object 'Object Repository/Выполнение бизнес-плана/Период' is: 'Январь 2025 года'

30-03-2025T17:17:51 - [TEST_STEP][PASSED] - iy = m.indexOf("20"): null

30-03-2025T17:17:51 - [TEST_STEP][PASSED] - if (iy > -1): null

30-03-2025T17:17:51 - [TEST_STEP][PASSED] - y = substring(iy, iy + 4).toInteger(): null

30-03-2025T17:17:51 - [TEST_STEP][PASSED] - println(y): null

30-03-2025T17:17:51 - [TEST_STEP][PASSED] - if (toString().length() == 4): null

30-03-2025T17:17:51 - [TEST_STEP][PASSED] - m = m.substring(0, m.indexOf(y.toString())): null

30-03-2025T17:17:51 - [TEST_STEP][PASSED] - m = m.trim(): null

30-03-2025T17:17:51 - [TEST_STEP][PASSED] - if (m == ""): null

30-03-2025T17:17:51 - [TEST_STEP][PASSED] - dashboardName = "Выполнение бизнес-плана": null

30-03-2025T17:17:51 - [TEST_STEP][PASSED] - workbook01 = getWorkbook(excelFilePath): null

30-03-2025T17:17:51 - [TEST_STEP][PASSED] - sheet01 = getExcelSheet(workbook01, sheetName): null

30-03-2025T17:17:51 - [TEST_STEP][PASSED] - setValueToCellByIndex(sheet01, n, 0, dashboardName): null

30-03-2025T17:17:51 - [TEST_STEP][PASSED] - setValueToCellByIndex(sheet01, n, 1, dZO): null

30-03-2025T17:17:51 - [TEST_STEP][PASSED] - setValueToCellByIndex(sheet01, n, 2, typeOfData): null

30-03-2025T17:17:51 - [TEST_STEP][PASSED] - if (typeOfData == "Факт в процентах" || typeOfData == "План в процентах"): null

30-03-2025T17:17:51 - [TEST_STEP][PASSED] - else: null

30-03-2025T17:17:51 - [TEST_STEP][PASSED] - setValueToCellByIndex(sheet01, n, 3, fileInt): null

30-03-2025T17:17:51 - [TEST_STEP][PASSED] - setValueToCellByIndex(sheet01, n, 4, pageInt): null

30-03-2025T17:17:51 - [TEST_STEP][PASSED] - setValueToCellByIndex(sheet01, n, 5, m): null

30-03-2025T17:17:51 - [TEST_STEP][PASSED] - setValueToCellByIndex(sheet01, n, 6, y): null

30-03-2025T17:17:51 - [TEST_STEP][PASSED] - setValueToCellByIndex(sheet01, n, 7, todaysDate): null

30-03-2025T17:17:51 - [TEST_STEP][PASSED] - n = n + 1: null

30-03-2025T17:17:51 - [TEST_STEP][PASSED] - saveWorkbook(excelFilePath, workbook01): Object: 'Object Repository/Выполнение бизнес-плана/Кнопка Факт' is clicked on

30-03-2025T17:17:52 - [TEST_STEP][PASSED] - if (planFact == 2): Object: 'Object Repository/Выполнение бизнес-плана/Кнопка Факт' is clicked on

30-03-2025T17:17:52 - [TEST_STEP][PASSED] - click(findTestObject("Выполнение бизнес-плана/Кнопка Факт")): Object: 'Object Repository/Выполнение бизнес-плана/Кнопка Факт' is clicked on

30-03-2025T17:17:52 - [MESSAGE][PASSED] - Object: 'Object Repository/Выполнение бизнес-плана/Кнопка Факт' is clicked on

30-03-2025T17:17:52 - [TEST_STEP][PASSED] - println("a=" + a): null

30-03-2025T17:17:52 - [TEST_STEP][PASSED] - if (a == 84 || a == 82): null

30-03-2025T17:17:52 - [TEST_STEP][PASSED] - else if (a == 83 || a == 52 || a == 72 || a == 28 || a == 73 || a == 77 || a == 74 || a == 65 || a == 36 || a == 44 || a == 53 || a == 80 || a == 54 || a == 1 || a == 18 || a == 59 || a == 81): null

30-03-2025T17:17:52 - [TEST_STEP][PASSED] - page1 = getText(findTestObject("Object Repository/Выполнение бизнес-плана/spanPlan" + dzoNum)): Text of object 'Object Repository/Выполнение бизнес-плана/spanPlan7' is: '10.84
|'

30-03-2025T17:17:52 - [MESSAGE][PASSED] - Text of object 'Object Repository/Выполнение бизнес-плана/spanPlan7' is: '10.84
|'

30-03-2025T17:17:52 - [TEST_STEP][PASSED] - page1 = page1.replace("|", ""): null

30-03-2025T17:17:52 - [TEST_STEP][PASSED] - page2 = getText(findTestObject("Object Repository/Выполнение бизнес-плана/spanFact" + dzoNum)): Text of object 'Object Repository/Выполнение бизнес-плана/spanFact7' is: '9.40'

30-03-2025T17:17:53 - [MESSAGE][PASSED] - Text of object 'Object Repository/Выполнение бизнес-плана/spanFact7' is: '9.40'

30-03-2025T17:17:53 - [TEST_STEP][PASSED] - page2 = page2.replace("|", ""): null

30-03-2025T17:17:53 - [TEST_STEP][PASSED] - println("page1: " + page1): null

30-03-2025T17:17:53 - [TEST_STEP][PASSED] - println("page2: " + page2): null

30-03-2025T17:17:53 - [TEST_STEP][PASSED] - file = findTestData("PlanFact").getValue(4, a): null

30-03-2025T17:17:53 - [TEST_STEP][PASSED] - file = file.replace(",", "."): null

30-03-2025T17:17:53 - [TEST_STEP][PASSED] - println("file Plan: " + file): null

30-03-2025T17:17:53 - [TEST_STEP][PASSED] - typeOfData = "План в процентах": null

30-03-2025T17:17:53 - [TEST_STEP][PASSED] - fileDouble = file.toDouble(): null

30-03-2025T17:17:53 - [TEST_STEP][PASSED] - pageDouble = page1.toDouble(): null

30-03-2025T17:17:53 - [TEST_STEP][PASSED] - if (fileDouble != pageDouble): null

30-03-2025T17:17:53 - [TEST_STEP][PASSED] - numberOfErrors = numberOfErrors + 1: null

30-03-2025T17:17:53 - [TEST_STEP][PASSED] - Script1718980020443.WriteToExcel(a, typeOfData, todaysDate, pageInt, fileInt, pageDouble, fileDouble, dZO): null

30-03-2025T17:17:53 - [TEST_STEP][PASSED] - sheetName = "Sheet1": null

30-03-2025T17:17:53 - [TEST_STEP][PASSED] - data = findTestData("PlanFact"): null

30-03-2025T17:17:53 - [TEST_STEP][PASSED] - n = data.getRowNumbers() + 1: null

30-03-2025T17:17:53 - [TEST_STEP][PASSED] - day = ")).toInteger(): null

30-03-2025T17:17:53 - [TEST_STEP][PASSED] - println(day): null

30-03-2025T17:17:53 - [TEST_STEP][PASSED] - month = ")).toInteger(): null

30-03-2025T17:17:53 - [TEST_STEP][PASSED] - println(month): null

30-03-2025T17:17:53 - [TEST_STEP][PASSED] - y = <not implemented yet for class: org.codehaus.groovy.ast.expr.EmptyExpression>: null

30-03-2025T17:17:53 - [TEST_STEP][PASSED] - iy = <not implemented yet for class: org.codehaus.groovy.ast.expr.EmptyExpression>: null

30-03-2025T17:17:53 - [TEST_STEP][PASSED] - m = getText(findTestObject("Выполнение бизнес-плана/Период")): Text of object 'Object Repository/Выполнение бизнес-плана/Период' is: 'Январь 2025 года'

30-03-2025T17:17:53 - [MESSAGE][PASSED] - Text of object 'Object Repository/Выполнение бизнес-плана/Период' is: 'Январь 2025 года'

30-03-2025T17:17:53 - [TEST_STEP][PASSED] - iy = m.indexOf("20"): null

30-03-2025T17:17:53 - [TEST_STEP][PASSED] - if (iy > -1): null

30-03-2025T17:17:53 - [TEST_STEP][PASSED] - y = substring(iy, iy + 4).toInteger(): null

30-03-2025T17:17:53 - [TEST_STEP][PASSED] - println(y): null

30-03-2025T17:17:53 - [TEST_STEP][PASSED] - if (toString().length() == 4): null

30-03-2025T17:17:53 - [TEST_STEP][PASSED] - m = m.substring(0, m.indexOf(y.toString())): null

30-03-2025T17:17:53 - [TEST_STEP][PASSED] - m = m.trim(): null

30-03-2025T17:17:53 - [TEST_STEP][PASSED] - if (m == ""): null

30-03-2025T17:17:53 - [TEST_STEP][PASSED] - dashboardName = "Выполнение бизнес-плана": null

30-03-2025T17:17:53 - [TEST_STEP][PASSED] - workbook01 = getWorkbook(excelFilePath): null

30-03-2025T17:17:53 - [TEST_STEP][PASSED] - sheet01 = getExcelSheet(workbook01, sheetName): null

30-03-2025T17:17:53 - [TEST_STEP][PASSED] - setValueToCellByIndex(sheet01, n, 0, dashboardName): null

30-03-2025T17:17:53 - [TEST_STEP][PASSED] - setValueToCellByIndex(sheet01, n, 1, dZO): null

30-03-2025T17:17:53 - [TEST_STEP][PASSED] - setValueToCellByIndex(sheet01, n, 2, typeOfData): null

30-03-2025T17:17:53 - [TEST_STEP][PASSED] - if (typeOfData == "Факт в процентах" || typeOfData == "План в процентах"): null

30-03-2025T17:17:53 - [TEST_STEP][PASSED] - setValueToCellByIndex(sheet01, n, 3, fileDouble): null

30-03-2025T17:17:53 - [TEST_STEP][PASSED] - setValueToCellByIndex(sheet01, n, 4, pageDouble): null

30-03-2025T17:17:53 - [TEST_STEP][PASSED] - setValueToCellByIndex(sheet01, n, 5, m): null

30-03-2025T17:17:53 - [TEST_STEP][PASSED] - setValueToCellByIndex(sheet01, n, 6, y): null

30-03-2025T17:17:53 - [TEST_STEP][PASSED] - setValueToCellByIndex(sheet01, n, 7, todaysDate): null

30-03-2025T17:17:53 - [TEST_STEP][PASSED] - n = n + 1: null

30-03-2025T17:17:53 - [TEST_STEP][PASSED] - saveWorkbook(excelFilePath, workbook01): null

30-03-2025T17:17:53 - [TEST_STEP][PASSED] - file = findTestData("PlanFact").getValue(7, a): null

30-03-2025T17:17:53 - [TEST_STEP][PASSED] - file = file.replace(",", "."): null

30-03-2025T17:17:53 - [TEST_STEP][PASSED] - println("file Fact: " + file): null

30-03-2025T17:17:53 - [TEST_STEP][PASSED] - fileDouble = file.toDouble(): null

30-03-2025T17:17:53 - [TEST_STEP][PASSED] - typeOfData = "Факт в процентах": null

30-03-2025T17:17:53 - [TEST_STEP][PASSED] - fileDouble = file.toDouble(): null

30-03-2025T17:17:53 - [TEST_STEP][PASSED] - pageDouble = page2.toDouble(): null

30-03-2025T17:17:53 - [TEST_STEP][PASSED] - if (fileDouble != pageDouble): null

30-03-2025T17:17:53 - [TEST_STEP][PASSED] - numberOfErrors = numberOfErrors + 1: null

30-03-2025T17:17:53 - [TEST_STEP][PASSED] - Script1718980020443.WriteToExcel(a, typeOfData, todaysDate, pageInt, fileInt, pageDouble, fileDouble, dZO): null

30-03-2025T17:17:53 - [TEST_STEP][PASSED] - sheetName = "Sheet1": null

30-03-2025T17:17:53 - [TEST_STEP][PASSED] - data = findTestData("PlanFact"): null

30-03-2025T17:17:53 - [TEST_STEP][PASSED] - n = data.getRowNumbers() + 1: null

30-03-2025T17:17:53 - [TEST_STEP][PASSED] - day = ")).toInteger(): null

30-03-2025T17:17:53 - [TEST_STEP][PASSED] - println(day): null

30-03-2025T17:17:53 - [TEST_STEP][PASSED] - month = ")).toInteger(): null

30-03-2025T17:17:53 - [TEST_STEP][PASSED] - println(month): null

30-03-2025T17:17:53 - [TEST_STEP][PASSED] - y = <not implemented yet for class: org.codehaus.groovy.ast.expr.EmptyExpression>: null

30-03-2025T17:17:53 - [TEST_STEP][PASSED] - iy = <not implemented yet for class: org.codehaus.groovy.ast.expr.EmptyExpression>: null

30-03-2025T17:17:53 - [TEST_STEP][PASSED] - m = getText(findTestObject("Выполнение бизнес-плана/Период")): Text of object 'Object Repository/Выполнение бизнес-плана/Период' is: 'Январь 2025 года'

30-03-2025T17:17:54 - [MESSAGE][PASSED] - Text of object 'Object Repository/Выполнение бизнес-плана/Период' is: 'Январь 2025 года'

30-03-2025T17:17:54 - [TEST_STEP][PASSED] - iy = m.indexOf("20"): null

30-03-2025T17:17:54 - [TEST_STEP][PASSED] - if (iy > -1): null

30-03-2025T17:17:54 - [TEST_STEP][PASSED] - y = substring(iy, iy + 4).toInteger(): null

30-03-2025T17:17:54 - [TEST_STEP][PASSED] - println(y): null

30-03-2025T17:17:54 - [TEST_STEP][PASSED] - if (toString().length() == 4): null

30-03-2025T17:17:54 - [TEST_STEP][PASSED] - m = m.substring(0, m.indexOf(y.toString())): null

30-03-2025T17:17:54 - [TEST_STEP][PASSED] - m = m.trim(): null

30-03-2025T17:17:54 - [TEST_STEP][PASSED] - if (m == ""): null

30-03-2025T17:17:54 - [TEST_STEP][PASSED] - dashboardName = "Выполнение бизнес-плана": null

30-03-2025T17:17:54 - [TEST_STEP][PASSED] - workbook01 = getWorkbook(excelFilePath): null

30-03-2025T17:17:54 - [TEST_STEP][PASSED] - sheet01 = getExcelSheet(workbook01, sheetName): null

30-03-2025T17:17:54 - [TEST_STEP][PASSED] - setValueToCellByIndex(sheet01, n, 0, dashboardName): null

30-03-2025T17:17:54 - [TEST_STEP][PASSED] - setValueToCellByIndex(sheet01, n, 1, dZO): null

30-03-2025T17:17:54 - [TEST_STEP][PASSED] - setValueToCellByIndex(sheet01, n, 2, typeOfData): null

30-03-2025T17:17:54 - [TEST_STEP][PASSED] - if (typeOfData == "Факт в процентах" || typeOfData == "План в процентах"): null

30-03-2025T17:17:54 - [TEST_STEP][PASSED] - setValueToCellByIndex(sheet01, n, 3, fileDouble): null

30-03-2025T17:17:54 - [TEST_STEP][PASSED] - setValueToCellByIndex(sheet01, n, 4, pageDouble): null

30-03-2025T17:17:54 - [TEST_STEP][PASSED] - setValueToCellByIndex(sheet01, n, 5, m): null

30-03-2025T17:17:54 - [TEST_STEP][PASSED] - setValueToCellByIndex(sheet01, n, 6, y): null

30-03-2025T17:17:54 - [TEST_STEP][PASSED] - setValueToCellByIndex(sheet01, n, 7, todaysDate): null

30-03-2025T17:17:54 - [TEST_STEP][PASSED] - n = n + 1: null

30-03-2025T17:17:54 - [TEST_STEP][PASSED] - saveWorkbook(excelFilePath, workbook01): null

30-03-2025T17:17:54 - [TEST_STEP][FAILED] - if (verifyEqual(numberOfErrors, 0) == false): null

30-03-2025T17:17:54 - [MESSAGE][FAILED] - Unable to verify equal between actual object '6' and expected object '0' (Root cause: com.kms.katalon.core.exception.StepFailedException: Actual object '6' and expected object '0' are not equal
	at com.kms.katalon.core.keyword.builtin.VerifyEqualKeyword$_verifyEqual_closure1.doCall(VerifyEqualKeyword.groovy:58)
	at com.kms.katalon.core.keyword.builtin.VerifyEqualKeyword$_verifyEqual_closure1.call(VerifyEqualKeyword.groovy)
	at com.kms.katalon.core.keyword.internal.KeywordMain.runKeyword(KeywordMain.groovy:75)
	at com.kms.katalon.core.keyword.builtin.VerifyEqualKeyword.verifyEqual(VerifyEqualKeyword.groovy:63)
	at com.kms.katalon.core.keyword.builtin.VerifyEqualKeyword.execute(VerifyEqualKeyword.groovy:44)
	at com.kms.katalon.core.keyword.internal.KeywordExecutor.executeKeywordForPlatform(KeywordExecutor.groovy:74)
	at com.kms.katalon.core.keyword.BuiltinKeywords.verifyEqual(BuiltinKeywords.groovy:146)
	at jdk.internal.reflect.GeneratedMethodAccessor22.invoke(Unknown Source)
	at java.base/jdk.internal.reflect.DelegatingMethodAccessorImpl.invoke(DelegatingMethodAccessorImpl.java:43)
	at Выполнение бизнес-плана Сверка ПАО Россети все филиалы.Numbers(Выполнение бизнес-плана Сверка ПАО Россети все филиалы:744)
	at Выполнение бизнес-плана Сверка ПАО Россети все филиалы.run(Выполнение бизнес-плана Сверка ПАО Россети все филиалы:399)
	at com.kms.katalon.core.main.ScriptEngine.run(ScriptEngine.java:194)
	at com.kms.katalon.core.main.ScriptEngine.runScriptAsRawText(ScriptEngine.java:119)
	at com.kms.katalon.core.main.TestCaseExecutor.runScript(TestCaseExecutor.java:448)
	at com.kms.katalon.core.main.TestCaseExecutor.doExecute(TestCaseExecutor.java:439)
	at com.kms.katalon.core.main.TestCaseExecutor.processExecutionPhase(TestCaseExecutor.java:418)
	at com.kms.katalon.core.main.TestCaseExecutor.accessMainPhase(TestCaseExecutor.java:410)
	at com.kms.katalon.core.main.TestCaseExecutor.execute(TestCaseExecutor.java:285)
	at com.kms.katalon.core.common.CommonExecutor.accessTestCaseMainPhase(CommonExecutor.java:65)
	at com.kms.katalon.core.main.TestSuiteExecutor.accessTestSuiteMainPhase(TestSuiteExecutor.java:150)
	at com.kms.katalon.core.main.TestSuiteExecutor.execute(TestSuiteExecutor.java:106)
	at com.kms.katalon.core.main.TestCaseMain.startTestSuite(TestCaseMain.java:180)
	at TempTestSuite1743336560690.run(TempTestSuite1743336560690.groovy:35)
	at java.base/jdk.internal.reflect.NativeMethodAccessorImpl.invoke0(Native Method)
	at java.base/jdk.internal.reflect.NativeMethodAccessorImpl.invoke(NativeMethodAccessorImpl.java:77)
	at java.base/jdk.internal.reflect.DelegatingMethodAccessorImpl.invoke(DelegatingMethodAccessorImpl.java:43)
)

30-03-2025T17:17:54 - [TEST_STEP][PASSED] - println(numberOfErrors): null

30-03-2025T17:17:54 - [TEST_STEP][PASSED] - println("a=" + a): null

30-03-2025T17:17:54 - [TEST_STEP][PASSED] - if (a == 28 || a == 77 || a == 74 || a == 65 || a == 36 || a == 44 || a == 54 || a == 1 || a == 18 || a == 59): null

30-03-2025T17:17:54 - [TEST_STEP][PASSED] - Script1718980020443.Filials(a, typeOfData, todaysDate, pageInt, fileInt, pageDouble, fileDouble, dZO, dzoNum, filialNum): null

30-03-2025T17:17:54 - [TEST_STEP][PASSED] - i = <not implemented yet for class: org.codehaus.groovy.ast.expr.EmptyExpression>: null

30-03-2025T17:17:54 - [TEST_STEP][PASSED] - c = <not implemented yet for class: org.codehaus.groovy.ast.expr.EmptyExpression>: null

30-03-2025T17:17:54 - [TEST_STEP][PASSED] - page = <not implemented yet for class: org.codehaus.groovy.ast.expr.EmptyExpression>: null

30-03-2025T17:17:54 - [TEST_STEP][PASSED] - println(dZO): null

30-03-2025T17:17:54 - [TEST_STEP][PASSED] - reducedDZO = <not implemented yet for class: org.codehaus.groovy.ast.expr.EmptyExpression>: null

30-03-2025T17:17:54 - [TEST_STEP][PASSED] - reducedDZO = dZO.substring(dZO.indexOf(" ") + 1, dZO.length()): null

30-03-2025T17:17:54 - [TEST_STEP][PASSED] - if (reducedDZO.contains(" ")): null

30-03-2025T17:17:54 - [TEST_STEP][PASSED] - println(reducedDZO): null

30-03-2025T17:17:54 - [TEST_STEP][PASSED] - dzoCut = <not implemented yet for class: org.codehaus.groovy.ast.expr.EmptyExpression>: null

30-03-2025T17:17:54 - [TEST_STEP][PASSED] - Script1718980020443.DZO(a): null

30-03-2025T17:17:54 - [TEST_STEP][PASSED] - delay(20): Delayed 20 second(s)

30-03-2025T17:18:14 - [MESSAGE][PASSED] - Delayed 20 second(s)

30-03-2025T17:18:14 - [TEST_STEP][PASSED] - Script1718980020443.OpenFilter(): null

30-03-2025T17:18:14 - [TEST_STEP][PASSED] - click(findTestObject("Object Repository/Выполнение бизнес-плана/Фильтр ДЗО")): Object: 'Object Repository/Выполнение бизнес-плана/Фильтр ДЗО' is clicked on

30-03-2025T17:18:14 - [MESSAGE][PASSED] - Object: 'Object Repository/Выполнение бизнес-плана/Фильтр ДЗО' is clicked on

30-03-2025T17:18:14 - [TEST_STEP][PASSED] - click(findTestObject("Выполнение бизнес-плана/Снять выделение в фильтре ДЗО")): Object: 'Object Repository/Выполнение бизнес-плана/Снять выделение в фильтре ДЗО' is clicked on

30-03-2025T17:18:15 - [MESSAGE][PASSED] - Object: 'Object Repository/Выполнение бизнес-плана/Снять выделение в фильтре ДЗО' is clicked on

30-03-2025T17:18:15 - [TEST_STEP][PASSED] - Script1718980020443.OpenRSK(): null

30-03-2025T17:18:15 - [TEST_STEP][PASSED] - click(findTestObject("Выполнение бизнес-плана/Раскрыть список ПАО Россети в фильтре ДЗО")): Object: 'Object Repository/Выполнение бизнес-плана/Раскрыть список ПАО Россети в фильтре ДЗО' is clicked on

30-03-2025T17:18:15 - [MESSAGE][PASSED] - Object: 'Object Repository/Выполнение бизнес-плана/Раскрыть список ПАО Россети в фильтре ДЗО' is clicked on

30-03-2025T17:18:15 - [TEST_STEP][PASSED] - click(findTestObject("Выполнение бизнес-плана/Раскрыть список РаспредКомплекс в фильтре ДЗО")): Object: 'Object Repository/Выполнение бизнес-плана/Раскрыть список РаспредКомплекс в фильтре ДЗО' is clicked on

30-03-2025T17:18:15 - [MESSAGE][PASSED] - Object: 'Object Repository/Выполнение бизнес-плана/Раскрыть список РаспредКомплекс в фильтре ДЗО' is clicked on

30-03-2025T17:18:15 - [TEST_STEP][PASSED] - if (a == 28): null

30-03-2025T17:18:15 - [TEST_STEP][PASSED] - if (a == 77): null

30-03-2025T17:18:15 - [TEST_STEP][PASSED] - if (a == 74): null

30-03-2025T17:18:15 - [TEST_STEP][PASSED] - if (a == 65): null

30-03-2025T17:18:15 - [TEST_STEP][PASSED] - if (a == 36): null

30-03-2025T17:18:15 - [TEST_STEP][PASSED] - if (a == 44): null

30-03-2025T17:18:15 - [TEST_STEP][PASSED] - if (a == 54): null

30-03-2025T17:18:15 - [TEST_STEP][PASSED] - if (a == 1): null

30-03-2025T17:18:15 - [TEST_STEP][PASSED] - if (a == 18): null

30-03-2025T17:18:15 - [TEST_STEP][PASSED] - if (a == 59): Object: 'Object Repository/Выполнение бизнес-плана/Россети Юг' is clicked on

30-03-2025T17:18:15 - [TEST_STEP][PASSED] - scrollToElement(findTestObject("Общие объекты/Раскрыть список Россети Юг"), 30): Scroll to object 'Object Repository/Общие объекты/Раскрыть список Россети Юг' successfully

30-03-2025T17:18:16 - [MESSAGE][PASSED] - Scroll to object 'Object Repository/Общие объекты/Раскрыть список Россети Юг' successfully

30-03-2025T17:18:16 - [TEST_STEP][PASSED] - click(findTestObject("Выполнение бизнес-плана/Россети Юг")): Object: 'Object Repository/Выполнение бизнес-плана/Россети Юг' is clicked on

30-03-2025T17:18:16 - [MESSAGE][PASSED] - Object: 'Object Repository/Выполнение бизнес-плана/Россети Юг' is clicked on

30-03-2025T17:18:16 - [TEST_STEP][PASSED] - Script1718980020443.CloseFilter(): null

30-03-2025T17:18:16 - [TEST_STEP][PASSED] - scrollToElement(findTestObject("Выполнение бизнес-плана/Заголовок дашборда"), 30): Scroll to object 'Object Repository/Выполнение бизнес-плана/Заголовок дашборда' successfully

30-03-2025T17:18:17 - [MESSAGE][PASSED] - Scroll to object 'Object Repository/Выполнение бизнес-плана/Заголовок дашборда' successfully

30-03-2025T17:18:17 - [TEST_STEP][PASSED] - click(findTestObject("Object Repository/Выполнение бизнес-плана/Применить в фильтре ДЗО")): Object: 'Object Repository/Выполнение бизнес-плана/Применить в фильтре ДЗО' is clicked on

30-03-2025T17:18:18 - [MESSAGE][PASSED] - Object: 'Object Repository/Выполнение бизнес-плана/Применить в фильтре ДЗО' is clicked on

30-03-2025T17:18:18 - [TEST_STEP][PASSED] - delay(20): Delayed 20 second(s)

30-03-2025T17:18:38 - [MESSAGE][PASSED] - Delayed 20 second(s)

30-03-2025T17:18:38 - [TEST_STEP][PASSED] - Script1718980020443.ZakrytOpoveshenie(): null

30-03-2025T17:18:38 - [TEST_STEP][PASSED] - delay(10): Delayed 10 second(s)

30-03-2025T17:18:48 - [MESSAGE][PASSED] - Delayed 10 second(s)

30-03-2025T17:18:48 - [TEST_STEP][PASSED] - opoveshenie = getText(findTestObject("Выполнение бизнес-плана/Просьба обратить внимание")): Text of object 'Object Repository/Выполнение бизнес-плана/Просьба обратить внимание' is: ''

30-03-2025T17:18:48 - [MESSAGE][PASSED] - Text of object 'Object Repository/Выполнение бизнес-плана/Просьба обратить внимание' is: ''

30-03-2025T17:18:48 - [TEST_STEP][PASSED] - println(opoveshenie): null

30-03-2025T17:18:48 - [TEST_STEP][PASSED] - if (opoveshenie == "Просьба обратить внимание"): null

30-03-2025T17:18:48 - [TEST_STEP][PASSED] - page = getText(findTestObject("Object Repository/Выполнение бизнес-плана/Filials")): Text of object 'Object Repository/Выполнение бизнес-плана/Filials' is: 'АО «ВМЭС»
Астраханьэнерго
Волгоградэнерго
Калмэнерго
Ростовэнерго
0
10
20
30
40
50
60
70'

30-03-2025T17:18:48 - [MESSAGE][PASSED] - Text of object 'Object Repository/Выполнение бизнес-плана/Filials' is: 'АО «ВМЭС»
Астраханьэнерго
Волгоградэнерго
Калмэнерго
Ростовэнерго
0
10
20
30
40
50
60
70'

30-03-2025T17:18:48 - [TEST_STEP][PASSED] - println(page): null

30-03-2025T17:18:48 - [TEST_STEP][PASSED] - c = page.indexOf(reducedDZO): null

30-03-2025T17:18:48 - [TEST_STEP][PASSED] - if (c > -1): null

30-03-2025T17:18:48 - [TEST_STEP][PASSED] - x2 = getText(findTestObject("Выполнение бизнес-плана/Список ДЗО старый")): Text of object 'Object Repository/Выполнение бизнес-плана/Список ДЗО старый' is: 'АО «ВМЭС»
Астраханьэнерго
Волгоградэнерго
Калмэнерго
Ростовэнерго
0
10
20
30
40
50
60
70'

30-03-2025T17:18:49 - [MESSAGE][PASSED] - Text of object 'Object Repository/Выполнение бизнес-плана/Список ДЗО старый' is: 'АО «ВМЭС»
Астраханьэнерго
Волгоградэнерго
Калмэнерго
Ростовэнерго
0
10
20
30
40
50
60
70'

30-03-2025T17:18:49 - [TEST_STEP][PASSED] - if (a == 28): null

30-03-2025T17:18:49 - [TEST_STEP][PASSED] - if (a == 77): null

30-03-2025T17:18:49 - [TEST_STEP][PASSED] - if (a == 74): null

30-03-2025T17:18:49 - [TEST_STEP][PASSED] - if (a == 65): null

30-03-2025T17:18:49 - [TEST_STEP][PASSED] - if (a == 1): null

30-03-2025T17:18:49 - [TEST_STEP][PASSED] - if (a == 18): null

30-03-2025T17:18:49 - [TEST_STEP][PASSED] - if (a == 36): null

30-03-2025T17:18:49 - [TEST_STEP][PASSED] - if (a == 44): null

30-03-2025T17:18:49 - [TEST_STEP][PASSED] - if (a == 54): null

30-03-2025T17:18:49 - [TEST_STEP][PASSED] - if (a == 59): null

30-03-2025T17:18:49 - [TEST_STEP][PASSED] - dZO = "АО "ВМЭС"": null

30-03-2025T17:18:49 - [TEST_STEP][PASSED] - a = 64: null

30-03-2025T17:18:49 - [TEST_STEP][PASSED] - i = dZO.length() - 1: null

30-03-2025T17:18:49 - [TEST_STEP][PASSED] - dzoCut = dZO.substring(4, i): null

30-03-2025T17:18:49 - [TEST_STEP][PASSED] - if (x2.contains(dzoCut)): null

30-03-2025T17:18:49 - [TEST_STEP][PASSED] - filialNum = filialNum + 1: null

30-03-2025T17:18:49 - [TEST_STEP][PASSED] - Script1718980020443.Numbers(a, typeOfData, todaysDate, pageInt, fileInt, pageDouble, fileDouble, dZO, dzoNum, filialNum): null

30-03-2025T17:18:49 - [TEST_STEP][PASSED] - println(dzoNum): null

30-03-2025T17:18:49 - [TEST_STEP][PASSED] - planFact = <not implemented yet for class: org.codehaus.groovy.ast.expr.EmptyExpression>: null

30-03-2025T17:18:49 - [TEST_STEP][PASSED] - page = <not implemented yet for class: org.codehaus.groovy.ast.expr.EmptyExpression>: null

30-03-2025T17:18:49 - [TEST_STEP][PASSED] - page1 = <not implemented yet for class: org.codehaus.groovy.ast.expr.EmptyExpression>: null

30-03-2025T17:18:49 - [TEST_STEP][PASSED] - page2 = <not implemented yet for class: org.codehaus.groovy.ast.expr.EmptyExpression>: null

30-03-2025T17:18:49 - [TEST_STEP][PASSED] - filialNumberInRow = <not implemented yet for class: org.codehaus.groovy.ast.expr.EmptyExpression>: null

30-03-2025T17:18:49 - [TEST_STEP][PASSED] - filialsDzoNames = <not implemented yet for class: org.codehaus.groovy.ast.expr.EmptyExpression>: null

30-03-2025T17:18:49 - [TEST_STEP][PASSED] - numberOfFilials = <not implemented yet for class: org.codehaus.groovy.ast.expr.EmptyExpression>: null

30-03-2025T17:18:49 - [TEST_STEP][PASSED] - numberOfSpaces = <not implemented yet for class: org.codehaus.groovy.ast.expr.EmptyExpression>: null

30-03-2025T17:18:49 - [TEST_STEP][PASSED] - file = <not implemented yet for class: org.codehaus.groovy.ast.expr.EmptyExpression>: null

30-03-2025T17:18:49 - [TEST_STEP][PASSED] - otpusk = <not implemented yet for class: org.codehaus.groovy.ast.expr.EmptyExpression>: null

30-03-2025T17:18:49 - [TEST_STEP][PASSED] - poteri = <not implemented yet for class: org.codehaus.groovy.ast.expr.EmptyExpression>: null

30-03-2025T17:18:49 - [TEST_STEP][PASSED] - dataFolder = "Выполнение бизнес-плана/Значения со страницы Выполнение бизнес-плана/": null

30-03-2025T17:18:49 - [TEST_STEP][PASSED] - path = <not implemented yet for class: org.codehaus.groovy.ast.expr.EmptyExpression>: null

30-03-2025T17:18:49 - [TEST_STEP][PASSED] - typeOfDataMain = <not implemented yet for class: org.codehaus.groovy.ast.expr.EmptyExpression>: null

30-03-2025T17:18:49 - [TEST_STEP][PASSED] - fileOtpuskVSet = <not implemented yet for class: org.codehaus.groovy.ast.expr.EmptyExpression>: null

30-03-2025T17:18:49 - [TEST_STEP][PASSED] - pageOtpuskVSet = <not implemented yet for class: org.codehaus.groovy.ast.expr.EmptyExpression>: null

30-03-2025T17:18:49 - [TEST_STEP][PASSED] - filePoteri = <not implemented yet for class: org.codehaus.groovy.ast.expr.EmptyExpression>: null

30-03-2025T17:18:49 - [TEST_STEP][PASSED] - pagePoteri = <not implemented yet for class: org.codehaus.groovy.ast.expr.EmptyExpression>: null

30-03-2025T17:18:49 - [TEST_STEP][PASSED] - compare = <not implemented yet for class: org.codehaus.groovy.ast.expr.EmptyExpression>: null

30-03-2025T17:18:49 - [TEST_STEP][PASSED] - b = <not implemented yet for class: org.codehaus.groovy.ast.expr.EmptyExpression>: null

30-03-2025T17:18:49 - [TEST_STEP][PASSED] - i = <not implemented yet for class: org.codehaus.groovy.ast.expr.EmptyExpression>: null

30-03-2025T17:18:49 - [TEST_STEP][PASSED] - ii = <not implemented yet for class: org.codehaus.groovy.ast.expr.EmptyExpression>: null

30-03-2025T17:18:49 - [TEST_STEP][PASSED] - c = <not implemented yet for class: org.codehaus.groovy.ast.expr.EmptyExpression>: null

30-03-2025T17:18:49 - [TEST_STEP][PASSED] - numberOfErrors = 0: null

30-03-2025T17:18:49 - [TEST_STEP][PASSED] - if (a == 82): null

30-03-2025T17:18:49 - [TEST_STEP][PASSED] - b = findTestData("PlanFact").getValue(1, a): null

30-03-2025T17:18:49 - [TEST_STEP][PASSED] - i = b.indexOf(" (ГК)"): null

30-03-2025T17:18:49 - [TEST_STEP][PASSED] - if (i > -1): null

30-03-2025T17:18:49 - [TEST_STEP][PASSED] - i = b.indexOf("О ""): null

30-03-2025T17:18:49 - [TEST_STEP][PASSED] - if (i > -1): null

30-03-2025T17:18:49 - [TEST_STEP][PASSED] - b = b.substring(i + 3, b.length()): null

30-03-2025T17:18:49 - [TEST_STEP][PASSED] - i = b.indexOf("""): null

30-03-2025T17:18:49 - [TEST_STEP][PASSED] - b = b.substring(0, i): null

30-03-2025T17:18:49 - [TEST_STEP][PASSED] - i = b.indexOf("О «"): null

30-03-2025T17:18:49 - [TEST_STEP][PASSED] - if (i > -1): null

30-03-2025T17:18:49 - [TEST_STEP][PASSED] - i = b.indexOf("г. "): null

30-03-2025T17:18:49 - [TEST_STEP][PASSED] - if (i > -1): null

30-03-2025T17:18:49 - [TEST_STEP][PASSED] - b = b.trim(): null

30-03-2025T17:18:49 - [TEST_STEP][PASSED] - println(b): null

30-03-2025T17:18:49 - [TEST_STEP][PASSED] - for ([planFact = 1, planFact < 3, (planFact++)]): Object: 'Object Repository/Выполнение бизнес-плана/Кнопка Факт' is clicked on

30-03-2025T17:18:49 - [TEST_STEP][PASSED] - if (planFact == 1): null

30-03-2025T17:18:49 - [TEST_STEP][PASSED] - typeOfDataMain = "Факт": null

30-03-2025T17:18:49 - [TEST_STEP][PASSED] - otpusk = findTestData("PlanFact").getValue(5, a): null

30-03-2025T17:18:49 - [TEST_STEP][PASSED] - poteri = findTestData("PlanFact").getValue(6, a): null

30-03-2025T17:18:49 - [TEST_STEP][PASSED] - otpusk = otpusk.replaceAll("\s+", ""): null

30-03-2025T17:18:49 - [TEST_STEP][PASSED] - poteri = poteri.replaceAll("\s+", ""): null

30-03-2025T17:18:49 - [TEST_STEP][PASSED] - typeOfData = typeOfDataMain + " Отпуск в сеть": null

30-03-2025T17:18:49 - [TEST_STEP][PASSED] - if (a == 82): null

30-03-2025T17:18:49 - [TEST_STEP][PASSED] - else if (a == 84): null

30-03-2025T17:18:49 - [TEST_STEP][PASSED] - else if (a == 83 || a == 52 || a == 72 || a == 28 || a == 73 || a == 77 || a == 74 || a == 65 || a == 36 || a == 44 || a == 53 || a == 80 || a == 54 || a == 1 || a == 18 || a == 59 || a == 81): null

30-03-2025T17:18:49 - [TEST_STEP][PASSED] - else: null

30-03-2025T17:18:49 - [TEST_STEP][PASSED] - path = dataFolder + typeOfData + " за отчётный период " + b: null

30-03-2025T17:18:49 - [TEST_STEP][PASSED] - println(path): null

30-03-2025T17:18:49 - [TEST_STEP][PASSED] - page = getText(findTestObject(path)): Text of object 'Object Repository/Выполнение бизнес-плана/Значения со страницы Выполнение бизнес-плана/Факт Отпуск в сеть за отчётный период ВМЭС' is: '204 505'

30-03-2025T17:18:49 - [MESSAGE][PASSED] - Text of object 'Object Repository/Выполнение бизнес-плана/Значения со страницы Выполнение бизнес-плана/Факт Отпуск в сеть за отчётный период ВМЭС' is: '204 505'

30-03-2025T17:18:49 - [TEST_STEP][PASSED] - if (page == "" || page == null): null

30-03-2025T17:18:49 - [TEST_STEP][PASSED] - else: null

30-03-2025T17:18:49 - [TEST_STEP][PASSED] - page = page.replaceAll("\s+", ""): null

30-03-2025T17:18:49 - [TEST_STEP][PASSED] - if (page == "undefined"): null

30-03-2025T17:18:49 - [TEST_STEP][PASSED] - fileOtpuskVSet = otpusk.toInteger(): null

30-03-2025T17:18:49 - [TEST_STEP][PASSED] - pageOtpuskVSet = page.toInteger(): null

30-03-2025T17:18:49 - [TEST_STEP][PASSED] - typeOfData = typeOfDataMain + " Потери": null

30-03-2025T17:18:49 - [TEST_STEP][PASSED] - if (a == 82): null

30-03-2025T17:18:49 - [TEST_STEP][PASSED] - else if (a == 84): null

30-03-2025T17:18:49 - [TEST_STEP][PASSED] - else if (a == 83 || a == 52 || a == 72 || a == 28 || a == 73 || a == 77 || a == 74 || a == 65 || a == 44 || a == 53 || a == 80 || a == 54 || a == 1 || a == 18 || a == 59 || a == 81): null

30-03-2025T17:18:49 - [TEST_STEP][PASSED] - else: null

30-03-2025T17:18:49 - [TEST_STEP][PASSED] - path = dataFolder + typeOfData + " за отчётный период " + b: null

30-03-2025T17:18:49 - [TEST_STEP][PASSED] - page = getText(findTestObject(path)): Text of object 'Object Repository/Выполнение бизнес-плана/Значения со страницы Выполнение бизнес-плана/Факт Потери за отчётный период ВМЭС' is: '27 093'

30-03-2025T17:18:49 - [MESSAGE][PASSED] - Text of object 'Object Repository/Выполнение бизнес-плана/Значения со страницы Выполнение бизнес-плана/Факт Потери за отчётный период ВМЭС' is: '27 093'

30-03-2025T17:18:49 - [TEST_STEP][PASSED] - if (page == "" || page == null): null

30-03-2025T17:18:49 - [TEST_STEP][PASSED] - else: null

30-03-2025T17:18:49 - [TEST_STEP][PASSED] - page = page.replaceAll("\s+", ""): null

30-03-2025T17:18:49 - [TEST_STEP][PASSED] - if (page == "undefined"): null

30-03-2025T17:18:49 - [TEST_STEP][PASSED] - filePoteri = poteri.toInteger(): null

30-03-2025T17:18:49 - [TEST_STEP][PASSED] - pagePoteri = page.toInteger(): null

30-03-2025T17:18:49 - [TEST_STEP][PASSED] - compare = pageOtpuskVSet: null

30-03-2025T17:18:49 - [TEST_STEP][PASSED] - if (pageOtpuskVSet != null): null

30-03-2025T17:18:49 - [TEST_STEP][PASSED] - if (compare == fileOtpuskVSet): null

30-03-2025T17:18:49 - [TEST_STEP][PASSED] - if (compare == fileOtpuskVSet): null

30-03-2025T17:18:49 - [TEST_STEP][PASSED] - compare = pagePoteri: null

30-03-2025T17:18:49 - [TEST_STEP][PASSED] - if (pageOtpuskVSet != null): null

30-03-2025T17:18:49 - [TEST_STEP][PASSED] - if (compare == filePoteri): null

30-03-2025T17:18:49 - [TEST_STEP][PASSED] - if (compare == filePoteri): null

30-03-2025T17:18:49 - [TEST_STEP][PASSED] - if (planFact == 2): null

30-03-2025T17:18:49 - [TEST_STEP][PASSED] - if (planFact == 1): null

30-03-2025T17:18:49 - [TEST_STEP][PASSED] - else if (planFact == 2): null

30-03-2025T17:18:49 - [TEST_STEP][PASSED] - click(findTestObject("Выполнение бизнес-плана/Кнопка План")): Object: 'Object Repository/Выполнение бизнес-плана/Кнопка План' is clicked on

30-03-2025T17:18:50 - [MESSAGE][PASSED] - Object: 'Object Repository/Выполнение бизнес-плана/Кнопка План' is clicked on

30-03-2025T17:18:50 - [TEST_STEP][PASSED] - typeOfDataMain = "План": null

30-03-2025T17:18:50 - [TEST_STEP][PASSED] - otpusk = findTestData("PlanFact").getValue(2, a): null

30-03-2025T17:18:50 - [TEST_STEP][PASSED] - poteri = findTestData("PlanFact").getValue(3, a): null

30-03-2025T17:18:50 - [TEST_STEP][PASSED] - otpusk = otpusk.replaceAll("\s+", ""): null

30-03-2025T17:18:50 - [TEST_STEP][PASSED] - poteri = poteri.replaceAll("\s+", ""): null

30-03-2025T17:18:50 - [TEST_STEP][PASSED] - typeOfData = typeOfDataMain + " Отпуск в сеть": null

30-03-2025T17:18:50 - [TEST_STEP][PASSED] - if (a == 82): null

30-03-2025T17:18:50 - [TEST_STEP][PASSED] - else if (a == 84): null

30-03-2025T17:18:50 - [TEST_STEP][PASSED] - else if (a == 83 || a == 52 || a == 72 || a == 28 || a == 73 || a == 77 || a == 74 || a == 65 || a == 36 || a == 44 || a == 53 || a == 80 || a == 54 || a == 1 || a == 18 || a == 59 || a == 81): null

30-03-2025T17:18:50 - [TEST_STEP][PASSED] - else: null

30-03-2025T17:18:50 - [TEST_STEP][PASSED] - path = dataFolder + typeOfData + " за отчётный период " + b: null

30-03-2025T17:18:50 - [TEST_STEP][PASSED] - println(path): null

30-03-2025T17:18:50 - [TEST_STEP][PASSED] - page = getText(findTestObject(path)): Text of object 'Object Repository/Выполнение бизнес-плана/Значения со страницы Выполнение бизнес-плана/План Отпуск в сеть за отчётный период ВМЭС' is: '222 588'

30-03-2025T17:18:50 - [MESSAGE][PASSED] - Text of object 'Object Repository/Выполнение бизнес-плана/Значения со страницы Выполнение бизнес-плана/План Отпуск в сеть за отчётный период ВМЭС' is: '222 588'

30-03-2025T17:18:50 - [TEST_STEP][PASSED] - if (page == "" || page == null): null

30-03-2025T17:18:50 - [TEST_STEP][PASSED] - else: null

30-03-2025T17:18:50 - [TEST_STEP][PASSED] - page = page.replaceAll("\s+", ""): null

30-03-2025T17:18:50 - [TEST_STEP][PASSED] - if (page == "undefined"): null

30-03-2025T17:18:50 - [TEST_STEP][PASSED] - fileOtpuskVSet = otpusk.toInteger(): null

30-03-2025T17:18:50 - [TEST_STEP][PASSED] - pageOtpuskVSet = page.toInteger(): null

30-03-2025T17:18:50 - [TEST_STEP][PASSED] - typeOfData = typeOfDataMain + " Потери": null

30-03-2025T17:18:50 - [TEST_STEP][PASSED] - if (a == 82): null

30-03-2025T17:18:50 - [TEST_STEP][PASSED] - else if (a == 84): null

30-03-2025T17:18:50 - [TEST_STEP][PASSED] - else if (a == 83 || a == 52 || a == 72 || a == 28 || a == 73 || a == 77 || a == 74 || a == 65 || a == 44 || a == 53 || a == 80 || a == 54 || a == 1 || a == 18 || a == 59 || a == 81): null

30-03-2025T17:18:50 - [TEST_STEP][PASSED] - else: null

30-03-2025T17:18:50 - [TEST_STEP][PASSED] - path = dataFolder + typeOfData + " за отчётный период " + b: null

30-03-2025T17:18:50 - [TEST_STEP][PASSED] - page = getText(findTestObject(path)): Text of object 'Object Repository/Выполнение бизнес-плана/Значения со страницы Выполнение бизнес-плана/План Потери за отчётный период ВМЭС' is: '38 831'

30-03-2025T17:18:50 - [MESSAGE][PASSED] - Text of object 'Object Repository/Выполнение бизнес-плана/Значения со страницы Выполнение бизнес-плана/План Потери за отчётный период ВМЭС' is: '38 831'

30-03-2025T17:18:50 - [TEST_STEP][PASSED] - if (page == "" || page == null): null

30-03-2025T17:18:50 - [TEST_STEP][PASSED] - else: null

30-03-2025T17:18:50 - [TEST_STEP][PASSED] - page = page.replaceAll("\s+", ""): null

30-03-2025T17:18:50 - [TEST_STEP][PASSED] - if (page == "undefined"): null

30-03-2025T17:18:50 - [TEST_STEP][PASSED] - filePoteri = poteri.toInteger(): null

30-03-2025T17:18:50 - [TEST_STEP][PASSED] - pagePoteri = page.toInteger(): null

30-03-2025T17:18:50 - [TEST_STEP][PASSED] - compare = pageOtpuskVSet: null

30-03-2025T17:18:50 - [TEST_STEP][PASSED] - if (pageOtpuskVSet != null): null

30-03-2025T17:18:50 - [TEST_STEP][PASSED] - if (compare == fileOtpuskVSet): null

30-03-2025T17:18:50 - [TEST_STEP][PASSED] - if (compare == fileOtpuskVSet): null

30-03-2025T17:18:50 - [TEST_STEP][PASSED] - compare = pagePoteri: null

30-03-2025T17:18:50 - [TEST_STEP][PASSED] - if (pageOtpuskVSet != null): null

30-03-2025T17:18:50 - [TEST_STEP][PASSED] - if (compare == filePoteri): null

30-03-2025T17:18:50 - [TEST_STEP][PASSED] - if (compare == filePoteri): null

30-03-2025T17:18:50 - [TEST_STEP][PASSED] - if (planFact == 2): Object: 'Object Repository/Выполнение бизнес-плана/Кнопка Факт' is clicked on

30-03-2025T17:18:50 - [TEST_STEP][PASSED] - click(findTestObject("Выполнение бизнес-плана/Кнопка Факт")): Object: 'Object Repository/Выполнение бизнес-плана/Кнопка Факт' is clicked on

30-03-2025T17:18:51 - [MESSAGE][PASSED] - Object: 'Object Repository/Выполнение бизнес-плана/Кнопка Факт' is clicked on

30-03-2025T17:18:51 - [TEST_STEP][PASSED] - println("a=" + a): null

30-03-2025T17:18:51 - [TEST_STEP][PASSED] - if (a == 84 || a == 82): null

30-03-2025T17:18:51 - [TEST_STEP][PASSED] - else if (a == 83 || a == 52 || a == 72 || a == 28 || a == 73 || a == 77 || a == 74 || a == 65 || a == 36 || a == 44 || a == 53 || a == 80 || a == 54 || a == 1 || a == 18 || a == 59 || a == 81): null

30-03-2025T17:18:51 - [TEST_STEP][PASSED] - else: null

30-03-2025T17:18:51 - [TEST_STEP][PASSED] - page1 = getText(findTestObject("Object Repository/Выполнение бизнес-плана/spanPlan" + filialNum)): Text of object 'Object Repository/Выполнение бизнес-плана/spanPlan1' is: '17.45
|'

30-03-2025T17:18:51 - [MESSAGE][PASSED] - Text of object 'Object Repository/Выполнение бизнес-плана/spanPlan1' is: '17.45
|'

30-03-2025T17:18:51 - [TEST_STEP][PASSED] - page1 = page1.replace("|", ""): null

30-03-2025T17:18:51 - [TEST_STEP][PASSED] - page2 = getText(findTestObject("Object Repository/Выполнение бизнес-плана/spanFact" + filialNum)): Text of object 'Object Repository/Выполнение бизнес-плана/spanFact1' is: '13.25
|'

30-03-2025T17:18:51 - [MESSAGE][PASSED] - Text of object 'Object Repository/Выполнение бизнес-плана/spanFact1' is: '13.25
|'

30-03-2025T17:18:51 - [TEST_STEP][PASSED] - page2 = page2.replace("|", ""): null

30-03-2025T17:18:51 - [TEST_STEP][PASSED] - println("page1: " + page1): null

30-03-2025T17:18:51 - [TEST_STEP][PASSED] - println("page2: " + page2): null

30-03-2025T17:18:51 - [TEST_STEP][PASSED] - file = findTestData("PlanFact").getValue(4, a): null

30-03-2025T17:18:51 - [TEST_STEP][PASSED] - file = file.replace(",", "."): null

30-03-2025T17:18:51 - [TEST_STEP][PASSED] - println("file Plan: " + file): null

30-03-2025T17:18:51 - [TEST_STEP][PASSED] - typeOfData = "План в процентах": null

30-03-2025T17:18:51 - [TEST_STEP][PASSED] - fileDouble = file.toDouble(): null

30-03-2025T17:18:51 - [TEST_STEP][PASSED] - pageDouble = page1.toDouble(): null

30-03-2025T17:18:51 - [TEST_STEP][PASSED] - if (fileDouble != pageDouble): null

30-03-2025T17:18:51 - [TEST_STEP][PASSED] - file = findTestData("PlanFact").getValue(7, a): null

30-03-2025T17:18:52 - [TEST_STEP][PASSED] - file = file.replace(",", "."): null

30-03-2025T17:18:52 - [TEST_STEP][PASSED] - println("file Fact: " + file): null

30-03-2025T17:18:52 - [TEST_STEP][PASSED] - fileDouble = file.toDouble(): null

30-03-2025T17:18:52 - [TEST_STEP][PASSED] - typeOfData = "Факт в процентах": null

30-03-2025T17:18:52 - [TEST_STEP][PASSED] - fileDouble = file.toDouble(): null

30-03-2025T17:18:52 - [TEST_STEP][PASSED] - pageDouble = page2.toDouble(): null

30-03-2025T17:18:52 - [TEST_STEP][PASSED] - if (fileDouble != pageDouble): null

30-03-2025T17:18:52 - [TEST_STEP][PASSED] - if (verifyEqual(numberOfErrors, 0) == false): Actual object '0' and expected object '0' are equal

30-03-2025T17:18:52 - [MESSAGE][PASSED] - Actual object '0' and expected object '0' are equal

30-03-2025T17:18:52 - [TEST_STEP][PASSED] - if (a == 82): null

30-03-2025T17:18:52 - [TEST_STEP][PASSED] - dZO = "Астраханьэнерго": null

30-03-2025T17:18:52 - [TEST_STEP][PASSED] - a = 60: null

30-03-2025T17:18:52 - [TEST_STEP][PASSED] - if (x2.contains(dZO)): null

30-03-2025T17:18:52 - [TEST_STEP][PASSED] - filialNum = filialNum + 1: null

30-03-2025T17:18:52 - [TEST_STEP][PASSED] - Script1718980020443.Numbers(a, typeOfData, todaysDate, pageInt, fileInt, pageDouble, fileDouble, dZO, dzoNum, filialNum): null

30-03-2025T17:18:52 - [TEST_STEP][PASSED] - println(dzoNum): null

30-03-2025T17:18:52 - [TEST_STEP][PASSED] - planFact = <not implemented yet for class: org.codehaus.groovy.ast.expr.EmptyExpression>: null

30-03-2025T17:18:52 - [TEST_STEP][PASSED] - page = <not implemented yet for class: org.codehaus.groovy.ast.expr.EmptyExpression>: null

30-03-2025T17:18:52 - [TEST_STEP][PASSED] - page1 = <not implemented yet for class: org.codehaus.groovy.ast.expr.EmptyExpression>: null

30-03-2025T17:18:52 - [TEST_STEP][PASSED] - page2 = <not implemented yet for class: org.codehaus.groovy.ast.expr.EmptyExpression>: null

30-03-2025T17:18:52 - [TEST_STEP][PASSED] - filialNumberInRow = <not implemented yet for class: org.codehaus.groovy.ast.expr.EmptyExpression>: null

30-03-2025T17:18:52 - [TEST_STEP][PASSED] - filialsDzoNames = <not implemented yet for class: org.codehaus.groovy.ast.expr.EmptyExpression>: null

30-03-2025T17:18:52 - [TEST_STEP][PASSED] - numberOfFilials = <not implemented yet for class: org.codehaus.groovy.ast.expr.EmptyExpression>: null

30-03-2025T17:18:52 - [TEST_STEP][PASSED] - numberOfSpaces = <not implemented yet for class: org.codehaus.groovy.ast.expr.EmptyExpression>: null

30-03-2025T17:18:52 - [TEST_STEP][PASSED] - file = <not implemented yet for class: org.codehaus.groovy.ast.expr.EmptyExpression>: null

30-03-2025T17:18:52 - [TEST_STEP][PASSED] - otpusk = <not implemented yet for class: org.codehaus.groovy.ast.expr.EmptyExpression>: null

30-03-2025T17:18:52 - [TEST_STEP][PASSED] - poteri = <not implemented yet for class: org.codehaus.groovy.ast.expr.EmptyExpression>: null

30-03-2025T17:18:52 - [TEST_STEP][PASSED] - dataFolder = "Выполнение бизнес-плана/Значения со страницы Выполнение бизнес-плана/": null

30-03-2025T17:18:52 - [TEST_STEP][PASSED] - path = <not implemented yet for class: org.codehaus.groovy.ast.expr.EmptyExpression>: null

30-03-2025T17:18:52 - [TEST_STEP][PASSED] - typeOfDataMain = <not implemented yet for class: org.codehaus.groovy.ast.expr.EmptyExpression>: null

30-03-2025T17:18:52 - [TEST_STEP][PASSED] - fileOtpuskVSet = <not implemented yet for class: org.codehaus.groovy.ast.expr.EmptyExpression>: null

30-03-2025T17:18:52 - [TEST_STEP][PASSED] - pageOtpuskVSet = <not implemented yet for class: org.codehaus.groovy.ast.expr.EmptyExpression>: null

30-03-2025T17:18:52 - [TEST_STEP][PASSED] - filePoteri = <not implemented yet for class: org.codehaus.groovy.ast.expr.EmptyExpression>: null

30-03-2025T17:18:52 - [TEST_STEP][PASSED] - pagePoteri = <not implemented yet for class: org.codehaus.groovy.ast.expr.EmptyExpression>: null

30-03-2025T17:18:52 - [TEST_STEP][PASSED] - compare = <not implemented yet for class: org.codehaus.groovy.ast.expr.EmptyExpression>: null

30-03-2025T17:18:52 - [TEST_STEP][PASSED] - b = <not implemented yet for class: org.codehaus.groovy.ast.expr.EmptyExpression>: null

30-03-2025T17:18:52 - [TEST_STEP][PASSED] - i = <not implemented yet for class: org.codehaus.groovy.ast.expr.EmptyExpression>: null

30-03-2025T17:18:52 - [TEST_STEP][PASSED] - ii = <not implemented yet for class: org.codehaus.groovy.ast.expr.EmptyExpression>: null

30-03-2025T17:18:52 - [TEST_STEP][PASSED] - c = <not implemented yet for class: org.codehaus.groovy.ast.expr.EmptyExpression>: null

30-03-2025T17:18:52 - [TEST_STEP][PASSED] - numberOfErrors = 0: null

30-03-2025T17:18:52 - [TEST_STEP][PASSED] - if (a == 82): null

30-03-2025T17:18:52 - [TEST_STEP][PASSED] - b = findTestData("PlanFact").getValue(1, a): null

30-03-2025T17:18:52 - [TEST_STEP][PASSED] - i = b.indexOf(" (ГК)"): null

30-03-2025T17:18:52 - [TEST_STEP][PASSED] - if (i > -1): null

30-03-2025T17:18:52 - [TEST_STEP][PASSED] - i = b.indexOf("О ""): null

30-03-2025T17:18:52 - [TEST_STEP][PASSED] - if (i > -1): null

30-03-2025T17:18:52 - [TEST_STEP][PASSED] - i = b.indexOf("О «"): null

30-03-2025T17:18:52 - [TEST_STEP][PASSED] - if (i > -1): null

30-03-2025T17:18:52 - [TEST_STEP][PASSED] - i = b.indexOf("г. "): null

30-03-2025T17:18:52 - [TEST_STEP][PASSED] - if (i > -1): null

30-03-2025T17:18:52 - [TEST_STEP][PASSED] - b = b.trim(): null

30-03-2025T17:18:52 - [TEST_STEP][PASSED] - println(b): null

30-03-2025T17:18:52 - [TEST_STEP][PASSED] - for ([planFact = 1, planFact < 3, (planFact++)]): Object: 'Object Repository/Выполнение бизнес-плана/Кнопка Факт' is clicked on

30-03-2025T17:18:52 - [TEST_STEP][PASSED] - if (planFact == 1): null

30-03-2025T17:18:52 - [TEST_STEP][PASSED] - typeOfDataMain = "Факт": null

30-03-2025T17:18:52 - [TEST_STEP][PASSED] - otpusk = findTestData("PlanFact").getValue(5, a): null

30-03-2025T17:18:52 - [TEST_STEP][PASSED] - poteri = findTestData("PlanFact").getValue(6, a): null

30-03-2025T17:18:52 - [TEST_STEP][PASSED] - otpusk = otpusk.replaceAll("\s+", ""): null

30-03-2025T17:18:52 - [TEST_STEP][PASSED] - poteri = poteri.replaceAll("\s+", ""): null

30-03-2025T17:18:52 - [TEST_STEP][PASSED] - typeOfData = typeOfDataMain + " Отпуск в сеть": null

30-03-2025T17:18:52 - [TEST_STEP][PASSED] - if (a == 82): null

30-03-2025T17:18:52 - [TEST_STEP][PASSED] - else if (a == 84): null

30-03-2025T17:18:52 - [TEST_STEP][PASSED] - else if (a == 83 || a == 52 || a == 72 || a == 28 || a == 73 || a == 77 || a == 74 || a == 65 || a == 36 || a == 44 || a == 53 || a == 80 || a == 54 || a == 1 || a == 18 || a == 59 || a == 81): null

30-03-2025T17:18:52 - [TEST_STEP][PASSED] - else: null

30-03-2025T17:18:52 - [TEST_STEP][PASSED] - path = dataFolder + typeOfData + " за отчётный период " + b: null

30-03-2025T17:18:52 - [TEST_STEP][PASSED] - println(path): null

30-03-2025T17:18:52 - [TEST_STEP][PASSED] - page = getText(findTestObject(path)): Text of object 'Object Repository/Выполнение бизнес-плана/Значения со страницы Выполнение бизнес-плана/Факт Отпуск в сеть за отчётный период Астраханьэнерго' is: '312 576'

30-03-2025T17:18:52 - [MESSAGE][PASSED] - Text of object 'Object Repository/Выполнение бизнес-плана/Значения со страницы Выполнение бизнес-плана/Факт Отпуск в сеть за отчётный период Астраханьэнерго' is: '312 576'

30-03-2025T17:18:52 - [TEST_STEP][PASSED] - if (page == "" || page == null): null

30-03-2025T17:18:52 - [TEST_STEP][PASSED] - else: null

30-03-2025T17:18:52 - [TEST_STEP][PASSED] - page = page.replaceAll("\s+", ""): null

30-03-2025T17:18:52 - [TEST_STEP][PASSED] - if (page == "undefined"): null

30-03-2025T17:18:52 - [TEST_STEP][PASSED] - fileOtpuskVSet = otpusk.toInteger(): null

30-03-2025T17:18:52 - [TEST_STEP][PASSED] - pageOtpuskVSet = page.toInteger(): null

30-03-2025T17:18:52 - [TEST_STEP][PASSED] - typeOfData = typeOfDataMain + " Потери": null

30-03-2025T17:18:52 - [TEST_STEP][PASSED] - if (a == 82): null

30-03-2025T17:18:52 - [TEST_STEP][PASSED] - else if (a == 84): null

30-03-2025T17:18:52 - [TEST_STEP][PASSED] - else if (a == 83 || a == 52 || a == 72 || a == 28 || a == 73 || a == 77 || a == 74 || a == 65 || a == 44 || a == 53 || a == 80 || a == 54 || a == 1 || a == 18 || a == 59 || a == 81): null

30-03-2025T17:18:52 - [TEST_STEP][PASSED] - else: null

30-03-2025T17:18:52 - [TEST_STEP][PASSED] - path = dataFolder + typeOfData + " за отчётный период " + b: null

30-03-2025T17:18:52 - [TEST_STEP][PASSED] - page = getText(findTestObject(path)): Text of object 'Object Repository/Выполнение бизнес-плана/Значения со страницы Выполнение бизнес-плана/Факт Потери за отчётный период Астраханьэнерго' is: '55 661'

30-03-2025T17:18:52 - [MESSAGE][PASSED] - Text of object 'Object Repository/Выполнение бизнес-плана/Значения со страницы Выполнение бизнес-плана/Факт Потери за отчётный период Астраханьэнерго' is: '55 661'

30-03-2025T17:18:52 - [TEST_STEP][PASSED] - if (page == "" || page == null): null

30-03-2025T17:18:52 - [TEST_STEP][PASSED] - else: null

30-03-2025T17:18:52 - [TEST_STEP][PASSED] - page = page.replaceAll("\s+", ""): null

30-03-2025T17:18:52 - [TEST_STEP][PASSED] - if (page == "undefined"): null

30-03-2025T17:18:52 - [TEST_STEP][PASSED] - filePoteri = poteri.toInteger(): null

30-03-2025T17:18:52 - [TEST_STEP][PASSED] - pagePoteri = page.toInteger(): null

30-03-2025T17:18:52 - [TEST_STEP][PASSED] - compare = pageOtpuskVSet: null

30-03-2025T17:18:52 - [TEST_STEP][PASSED] - if (pageOtpuskVSet != null): null

30-03-2025T17:18:52 - [TEST_STEP][PASSED] - if (compare == fileOtpuskVSet): null

30-03-2025T17:18:52 - [TEST_STEP][PASSED] - if (compare == fileOtpuskVSet): null

30-03-2025T17:18:52 - [TEST_STEP][PASSED] - compare = pagePoteri: null

30-03-2025T17:18:52 - [TEST_STEP][PASSED] - if (pageOtpuskVSet != null): null

30-03-2025T17:18:52 - [TEST_STEP][PASSED] - if (compare == filePoteri): null

30-03-2025T17:18:52 - [TEST_STEP][PASSED] - if (compare == filePoteri): null

30-03-2025T17:18:52 - [TEST_STEP][PASSED] - if (planFact == 2): null

30-03-2025T17:18:52 - [TEST_STEP][PASSED] - if (planFact == 1): null

30-03-2025T17:18:52 - [TEST_STEP][PASSED] - else if (planFact == 2): null

30-03-2025T17:18:52 - [TEST_STEP][PASSED] - click(findTestObject("Выполнение бизнес-плана/Кнопка План")): Object: 'Object Repository/Выполнение бизнес-плана/Кнопка План' is clicked on

30-03-2025T17:18:53 - [MESSAGE][PASSED] - Object: 'Object Repository/Выполнение бизнес-плана/Кнопка План' is clicked on

30-03-2025T17:18:53 - [TEST_STEP][PASSED] - typeOfDataMain = "План": null

30-03-2025T17:18:53 - [TEST_STEP][PASSED] - otpusk = findTestData("PlanFact").getValue(2, a): null

30-03-2025T17:18:53 - [TEST_STEP][PASSED] - poteri = findTestData("PlanFact").getValue(3, a): null

30-03-2025T17:18:53 - [TEST_STEP][PASSED] - otpusk = otpusk.replaceAll("\s+", ""): null

30-03-2025T17:18:53 - [TEST_STEP][PASSED] - poteri = poteri.replaceAll("\s+", ""): null

30-03-2025T17:18:53 - [TEST_STEP][PASSED] - typeOfData = typeOfDataMain + " Отпуск в сеть": null

30-03-2025T17:18:53 - [TEST_STEP][PASSED] - if (a == 82): null

30-03-2025T17:18:53 - [TEST_STEP][PASSED] - else if (a == 84): null

30-03-2025T17:18:53 - [TEST_STEP][PASSED] - else if (a == 83 || a == 52 || a == 72 || a == 28 || a == 73 || a == 77 || a == 74 || a == 65 || a == 36 || a == 44 || a == 53 || a == 80 || a == 54 || a == 1 || a == 18 || a == 59 || a == 81): null

30-03-2025T17:18:53 - [TEST_STEP][PASSED] - else: null

30-03-2025T17:18:53 - [TEST_STEP][PASSED] - path = dataFolder + typeOfData + " за отчётный период " + b: null

30-03-2025T17:18:53 - [TEST_STEP][PASSED] - println(path): null

30-03-2025T17:18:53 - [TEST_STEP][PASSED] - page = getText(findTestObject(path)): Text of object 'Object Repository/Выполнение бизнес-плана/Значения со страницы Выполнение бизнес-плана/План Отпуск в сеть за отчётный период Астраханьэнерго' is: '326 394'

30-03-2025T17:18:53 - [MESSAGE][PASSED] - Text of object 'Object Repository/Выполнение бизнес-плана/Значения со страницы Выполнение бизнес-плана/План Отпуск в сеть за отчётный период Астраханьэнерго' is: '326 394'

30-03-2025T17:18:53 - [TEST_STEP][PASSED] - if (page == "" || page == null): null

30-03-2025T17:18:53 - [TEST_STEP][PASSED] - else: null

30-03-2025T17:18:53 - [TEST_STEP][PASSED] - page = page.replaceAll("\s+", ""): null

30-03-2025T17:18:53 - [TEST_STEP][PASSED] - if (page == "undefined"): null

30-03-2025T17:18:53 - [TEST_STEP][PASSED] - fileOtpuskVSet = otpusk.toInteger(): null

30-03-2025T17:18:53 - [TEST_STEP][PASSED] - pageOtpuskVSet = page.toInteger(): null

30-03-2025T17:18:53 - [TEST_STEP][PASSED] - typeOfData = typeOfDataMain + " Потери": null

30-03-2025T17:18:53 - [TEST_STEP][PASSED] - if (a == 82): null

30-03-2025T17:18:53 - [TEST_STEP][PASSED] - else if (a == 84): null

30-03-2025T17:18:53 - [TEST_STEP][PASSED] - else if (a == 83 || a == 52 || a == 72 || a == 28 || a == 73 || a == 77 || a == 74 || a == 65 || a == 44 || a == 53 || a == 80 || a == 54 || a == 1 || a == 18 || a == 59 || a == 81): null

30-03-2025T17:18:53 - [TEST_STEP][PASSED] - else: null

30-03-2025T17:18:53 - [TEST_STEP][PASSED] - path = dataFolder + typeOfData + " за отчётный период " + b: null

30-03-2025T17:18:53 - [TEST_STEP][PASSED] - page = getText(findTestObject(path)): Text of object 'Object Repository/Выполнение бизнес-плана/Значения со страницы Выполнение бизнес-плана/План Потери за отчётный период Астраханьэнерго' is: '69 325'

30-03-2025T17:18:53 - [MESSAGE][PASSED] - Text of object 'Object Repository/Выполнение бизнес-плана/Значения со страницы Выполнение бизнес-плана/План Потери за отчётный период Астраханьэнерго' is: '69 325'

30-03-2025T17:18:53 - [TEST_STEP][PASSED] - if (page == "" || page == null): null

30-03-2025T17:18:53 - [TEST_STEP][PASSED] - else: null

30-03-2025T17:18:53 - [TEST_STEP][PASSED] - page = page.replaceAll("\s+", ""): null

30-03-2025T17:18:53 - [TEST_STEP][PASSED] - if (page == "undefined"): null

30-03-2025T17:18:53 - [TEST_STEP][PASSED] - filePoteri = poteri.toInteger(): null

30-03-2025T17:18:53 - [TEST_STEP][PASSED] - pagePoteri = page.toInteger(): null

30-03-2025T17:18:53 - [TEST_STEP][PASSED] - compare = pageOtpuskVSet: null

30-03-2025T17:18:53 - [TEST_STEP][PASSED] - if (pageOtpuskVSet != null): null

30-03-2025T17:18:53 - [TEST_STEP][PASSED] - if (compare == fileOtpuskVSet): null

30-03-2025T17:18:53 - [TEST_STEP][PASSED] - if (compare == fileOtpuskVSet): null

30-03-2025T17:18:53 - [TEST_STEP][PASSED] - compare = pagePoteri: null

30-03-2025T17:18:53 - [TEST_STEP][PASSED] - if (pageOtpuskVSet != null): null

30-03-2025T17:18:53 - [TEST_STEP][PASSED] - if (compare == filePoteri): null

30-03-2025T17:18:53 - [TEST_STEP][PASSED] - if (compare == filePoteri): null

30-03-2025T17:18:53 - [TEST_STEP][PASSED] - if (planFact == 2): Object: 'Object Repository/Выполнение бизнес-плана/Кнопка Факт' is clicked on

30-03-2025T17:18:53 - [TEST_STEP][PASSED] - click(findTestObject("Выполнение бизнес-плана/Кнопка Факт")): Object: 'Object Repository/Выполнение бизнес-плана/Кнопка Факт' is clicked on

30-03-2025T17:18:54 - [MESSAGE][PASSED] - Object: 'Object Repository/Выполнение бизнес-плана/Кнопка Факт' is clicked on

30-03-2025T17:18:54 - [TEST_STEP][PASSED] - println("a=" + a): null

30-03-2025T17:18:54 - [TEST_STEP][PASSED] - if (a == 84 || a == 82): null

30-03-2025T17:18:54 - [TEST_STEP][PASSED] - else if (a == 83 || a == 52 || a == 72 || a == 28 || a == 73 || a == 77 || a == 74 || a == 65 || a == 36 || a == 44 || a == 53 || a == 80 || a == 54 || a == 1 || a == 18 || a == 59 || a == 81): null

30-03-2025T17:18:54 - [TEST_STEP][PASSED] - else: null

30-03-2025T17:18:54 - [TEST_STEP][PASSED] - page1 = getText(findTestObject("Object Repository/Выполнение бизнес-плана/spanPlan" + filialNum)): Text of object 'Object Repository/Выполнение бизнес-плана/spanPlan2' is: '21.24
|'

30-03-2025T17:18:54 - [MESSAGE][PASSED] - Text of object 'Object Repository/Выполнение бизнес-плана/spanPlan2' is: '21.24
|'

30-03-2025T17:18:54 - [TEST_STEP][PASSED] - page1 = page1.replace("|", ""): null

30-03-2025T17:18:54 - [TEST_STEP][PASSED] - page2 = getText(findTestObject("Object Repository/Выполнение бизнес-плана/spanFact" + filialNum)): Text of object 'Object Repository/Выполнение бизнес-плана/spanFact2' is: '17.81
|'

30-03-2025T17:18:54 - [MESSAGE][PASSED] - Text of object 'Object Repository/Выполнение бизнес-плана/spanFact2' is: '17.81
|'

30-03-2025T17:18:54 - [TEST_STEP][PASSED] - page2 = page2.replace("|", ""): null

30-03-2025T17:18:54 - [TEST_STEP][PASSED] - println("page1: " + page1): null

30-03-2025T17:18:54 - [TEST_STEP][PASSED] - println("page2: " + page2): null

30-03-2025T17:18:54 - [TEST_STEP][PASSED] - file = findTestData("PlanFact").getValue(4, a): null

30-03-2025T17:18:54 - [TEST_STEP][PASSED] - file = file.replace(",", "."): null

30-03-2025T17:18:54 - [TEST_STEP][PASSED] - println("file Plan: " + file): null

30-03-2025T17:18:54 - [TEST_STEP][PASSED] - typeOfData = "План в процентах": null

30-03-2025T17:18:54 - [TEST_STEP][PASSED] - fileDouble = file.toDouble(): null

30-03-2025T17:18:54 - [TEST_STEP][PASSED] - pageDouble = page1.toDouble(): null

30-03-2025T17:18:54 - [TEST_STEP][PASSED] - if (fileDouble != pageDouble): null

30-03-2025T17:18:54 - [TEST_STEP][PASSED] - file = findTestData("PlanFact").getValue(7, a): null

30-03-2025T17:18:54 - [TEST_STEP][PASSED] - file = file.replace(",", "."): null

30-03-2025T17:18:54 - [TEST_STEP][PASSED] - println("file Fact: " + file): null

30-03-2025T17:18:54 - [TEST_STEP][PASSED] - fileDouble = file.toDouble(): null

30-03-2025T17:18:54 - [TEST_STEP][PASSED] - typeOfData = "Факт в процентах": null

30-03-2025T17:18:54 - [TEST_STEP][PASSED] - fileDouble = file.toDouble(): null

30-03-2025T17:18:54 - [TEST_STEP][PASSED] - pageDouble = page2.toDouble(): null

30-03-2025T17:18:54 - [TEST_STEP][PASSED] - if (fileDouble != pageDouble): null

30-03-2025T17:18:54 - [TEST_STEP][PASSED] - if (verifyEqual(numberOfErrors, 0) == false): Actual object '0' and expected object '0' are equal

30-03-2025T17:18:54 - [MESSAGE][PASSED] - Actual object '0' and expected object '0' are equal

30-03-2025T17:18:54 - [TEST_STEP][PASSED] - if (a == 82): null

30-03-2025T17:18:54 - [TEST_STEP][PASSED] - dZO = "Волгоградэнерго": null

30-03-2025T17:18:54 - [TEST_STEP][PASSED] - a = 61: null

30-03-2025T17:18:54 - [TEST_STEP][PASSED] - if (x2.contains(dZO)): null

30-03-2025T17:18:54 - [TEST_STEP][PASSED] - filialNum = filialNum + 1: null

30-03-2025T17:18:54 - [TEST_STEP][PASSED] - Script1718980020443.Numbers(a, typeOfData, todaysDate, pageInt, fileInt, pageDouble, fileDouble, dZO, dzoNum, filialNum): null

30-03-2025T17:18:54 - [TEST_STEP][PASSED] - println(dzoNum): null

30-03-2025T17:18:54 - [TEST_STEP][PASSED] - planFact = <not implemented yet for class: org.codehaus.groovy.ast.expr.EmptyExpression>: null

30-03-2025T17:18:54 - [TEST_STEP][PASSED] - page = <not implemented yet for class: org.codehaus.groovy.ast.expr.EmptyExpression>: null

30-03-2025T17:18:54 - [TEST_STEP][PASSED] - page1 = <not implemented yet for class: org.codehaus.groovy.ast.expr.EmptyExpression>: null

30-03-2025T17:18:54 - [TEST_STEP][PASSED] - page2 = <not implemented yet for class: org.codehaus.groovy.ast.expr.EmptyExpression>: null

30-03-2025T17:18:54 - [TEST_STEP][PASSED] - filialNumberInRow = <not implemented yet for class: org.codehaus.groovy.ast.expr.EmptyExpression>: null

30-03-2025T17:18:54 - [TEST_STEP][PASSED] - filialsDzoNames = <not implemented yet for class: org.codehaus.groovy.ast.expr.EmptyExpression>: null

30-03-2025T17:18:54 - [TEST_STEP][PASSED] - numberOfFilials = <not implemented yet for class: org.codehaus.groovy.ast.expr.EmptyExpression>: null

30-03-2025T17:18:54 - [TEST_STEP][PASSED] - numberOfSpaces = <not implemented yet for class: org.codehaus.groovy.ast.expr.EmptyExpression>: null

30-03-2025T17:18:54 - [TEST_STEP][PASSED] - file = <not implemented yet for class: org.codehaus.groovy.ast.expr.EmptyExpression>: null

30-03-2025T17:18:54 - [TEST_STEP][PASSED] - otpusk = <not implemented yet for class: org.codehaus.groovy.ast.expr.EmptyExpression>: null

30-03-2025T17:18:54 - [TEST_STEP][PASSED] - poteri = <not implemented yet for class: org.codehaus.groovy.ast.expr.EmptyExpression>: null

30-03-2025T17:18:54 - [TEST_STEP][PASSED] - dataFolder = "Выполнение бизнес-плана/Значения со страницы Выполнение бизнес-плана/": null

30-03-2025T17:18:54 - [TEST_STEP][PASSED] - path = <not implemented yet for class: org.codehaus.groovy.ast.expr.EmptyExpression>: null

30-03-2025T17:18:54 - [TEST_STEP][PASSED] - typeOfDataMain = <not implemented yet for class: org.codehaus.groovy.ast.expr.EmptyExpression>: null

30-03-2025T17:18:54 - [TEST_STEP][PASSED] - fileOtpuskVSet = <not implemented yet for class: org.codehaus.groovy.ast.expr.EmptyExpression>: null

30-03-2025T17:18:54 - [TEST_STEP][PASSED] - pageOtpuskVSet = <not implemented yet for class: org.codehaus.groovy.ast.expr.EmptyExpression>: null

30-03-2025T17:18:54 - [TEST_STEP][PASSED] - filePoteri = <not implemented yet for class: org.codehaus.groovy.ast.expr.EmptyExpression>: null

30-03-2025T17:18:54 - [TEST_STEP][PASSED] - pagePoteri = <not implemented yet for class: org.codehaus.groovy.ast.expr.EmptyExpression>: null

30-03-2025T17:18:54 - [TEST_STEP][PASSED] - compare = <not implemented yet for class: org.codehaus.groovy.ast.expr.EmptyExpression>: null

30-03-2025T17:18:54 - [TEST_STEP][PASSED] - b = <not implemented yet for class: org.codehaus.groovy.ast.expr.EmptyExpression>: null

30-03-2025T17:18:54 - [TEST_STEP][PASSED] - i = <not implemented yet for class: org.codehaus.groovy.ast.expr.EmptyExpression>: null

30-03-2025T17:18:54 - [TEST_STEP][PASSED] - ii = <not implemented yet for class: org.codehaus.groovy.ast.expr.EmptyExpression>: null

30-03-2025T17:18:54 - [TEST_STEP][PASSED] - c = <not implemented yet for class: org.codehaus.groovy.ast.expr.EmptyExpression>: null

30-03-2025T17:18:54 - [TEST_STEP][PASSED] - numberOfErrors = 0: null

30-03-2025T17:18:54 - [TEST_STEP][PASSED] - if (a == 82): null

30-03-2025T17:18:54 - [TEST_STEP][PASSED] - b = findTestData("PlanFact").getValue(1, a): null

30-03-2025T17:18:54 - [TEST_STEP][PASSED] - i = b.indexOf(" (ГК)"): null

30-03-2025T17:18:54 - [TEST_STEP][PASSED] - if (i > -1): null

30-03-2025T17:18:54 - [TEST_STEP][PASSED] - i = b.indexOf("О ""): null

30-03-2025T17:18:54 - [TEST_STEP][PASSED] - if (i > -1): null

30-03-2025T17:18:54 - [TEST_STEP][PASSED] - i = b.indexOf("О «"): null

30-03-2025T17:18:54 - [TEST_STEP][PASSED] - if (i > -1): null

30-03-2025T17:18:54 - [TEST_STEP][PASSED] - i = b.indexOf("г. "): null

30-03-2025T17:18:54 - [TEST_STEP][PASSED] - if (i > -1): null

30-03-2025T17:18:54 - [TEST_STEP][PASSED] - b = b.trim(): null

30-03-2025T17:18:54 - [TEST_STEP][PASSED] - println(b): null

30-03-2025T17:18:54 - [TEST_STEP][PASSED] - for ([planFact = 1, planFact < 3, (planFact++)]): null

30-03-2025T17:18:54 - [TEST_STEP][PASSED] - if (planFact == 1): null

30-03-2025T17:18:54 - [TEST_STEP][PASSED] - typeOfDataMain = "Факт": null

30-03-2025T17:18:54 - [TEST_STEP][PASSED] - otpusk = findTestData("PlanFact").getValue(5, a): null

30-03-2025T17:18:54 - [TEST_STEP][PASSED] - poteri = findTestData("PlanFact").getValue(6, a): null

30-03-2025T17:18:55 - [TEST_STEP][PASSED] - otpusk = otpusk.replaceAll("\s+", ""): null

30-03-2025T17:18:55 - [TEST_STEP][PASSED] - poteri = poteri.replaceAll("\s+", ""): null

30-03-2025T17:18:55 - [TEST_STEP][PASSED] - typeOfData = typeOfDataMain + " Отпуск в сеть": null

30-03-2025T17:18:55 - [TEST_STEP][PASSED] - if (a == 82): null

30-03-2025T17:18:55 - [TEST_STEP][PASSED] - else if (a == 84): null

30-03-2025T17:18:55 - [TEST_STEP][PASSED] - else if (a == 83 || a == 52 || a == 72 || a == 28 || a == 73 || a == 77 || a == 74 || a == 65 || a == 36 || a == 44 || a == 53 || a == 80 || a == 54 || a == 1 || a == 18 || a == 59 || a == 81): null

30-03-2025T17:18:55 - [TEST_STEP][PASSED] - else: null

30-03-2025T17:18:55 - [TEST_STEP][PASSED] - path = dataFolder + typeOfData + " за отчётный период " + b: null

30-03-2025T17:18:55 - [TEST_STEP][PASSED] - println(path): null

30-03-2025T17:18:55 - [TEST_STEP][PASSED] - page = getText(findTestObject(path)): Text of object 'Object Repository/Выполнение бизнес-плана/Значения со страницы Выполнение бизнес-плана/Факт Отпуск в сеть за отчётный период Волгоградэнерго' is: '1 529 424'

30-03-2025T17:18:55 - [MESSAGE][PASSED] - Text of object 'Object Repository/Выполнение бизнес-плана/Значения со страницы Выполнение бизнес-плана/Факт Отпуск в сеть за отчётный период Волгоградэнерго' is: '1 529 424'

30-03-2025T17:18:55 - [TEST_STEP][PASSED] - if (page == "" || page == null): null

30-03-2025T17:18:55 - [TEST_STEP][PASSED] - else: null

30-03-2025T17:18:55 - [TEST_STEP][PASSED] - page = page.replaceAll("\s+", ""): null

30-03-2025T17:18:55 - [TEST_STEP][PASSED] - if (page == "undefined"): null

30-03-2025T17:18:55 - [TEST_STEP][PASSED] - fileOtpuskVSet = otpusk.toInteger(): null

30-03-2025T17:18:55 - [TEST_STEP][PASSED] - pageOtpuskVSet = page.toInteger(): null

30-03-2025T17:18:55 - [TEST_STEP][PASSED] - typeOfData = typeOfDataMain + " Потери": null

30-03-2025T17:18:55 - [TEST_STEP][PASSED] - if (a == 82): null

30-03-2025T17:18:55 - [TEST_STEP][PASSED] - else if (a == 84): null

30-03-2025T17:18:55 - [TEST_STEP][PASSED] - else if (a == 83 || a == 52 || a == 72 || a == 28 || a == 73 || a == 77 || a == 74 || a == 65 || a == 44 || a == 53 || a == 80 || a == 54 || a == 1 || a == 18 || a == 59 || a == 81): null

30-03-2025T17:18:55 - [TEST_STEP][PASSED] - else: null

30-03-2025T17:18:55 - [TEST_STEP][PASSED] - path = dataFolder + typeOfData + " за отчётный период " + b: null

30-03-2025T17:18:55 - [TEST_STEP][PASSED] - page = getText(findTestObject(path)): Text of object 'Object Repository/Выполнение бизнес-плана/Значения со страницы Выполнение бизнес-плана/Факт Потери за отчётный период Волгоградэнерго' is: '112 811'

30-03-2025T17:18:55 - [MESSAGE][PASSED] - Text of object 'Object Repository/Выполнение бизнес-плана/Значения со страницы Выполнение бизнес-плана/Факт Потери за отчётный период Волгоградэнерго' is: '112 811'

30-03-2025T17:18:55 - [TEST_STEP][PASSED] - if (page == "" || page == null): null

30-03-2025T17:18:55 - [TEST_STEP][PASSED] - else: null

30-03-2025T17:18:55 - [TEST_STEP][PASSED] - page = page.replaceAll("\s+", ""): null

30-03-2025T17:18:55 - [TEST_STEP][PASSED] - if (page == "undefined"): null

30-03-2025T17:18:55 - [TEST_STEP][PASSED] - filePoteri = poteri.toInteger(): null

30-03-2025T17:18:55 - [TEST_STEP][PASSED] - pagePoteri = page.toInteger(): null

30-03-2025T17:18:55 - [TEST_STEP][PASSED] - compare = pageOtpuskVSet: null

30-03-2025T17:18:55 - [TEST_STEP][PASSED] - if (pageOtpuskVSet != null): null

30-03-2025T17:18:55 - [TEST_STEP][PASSED] - if (compare == fileOtpuskVSet): null

30-03-2025T17:18:55 - [TEST_STEP][PASSED] - else if (compare > fileOtpuskVSet): null

30-03-2025T17:18:55 - [TEST_STEP][PASSED] - compare = compare - 1: null

30-03-2025T17:18:55 - [TEST_STEP][PASSED] - if (compare == fileOtpuskVSet): null

30-03-2025T17:18:55 - [TEST_STEP][PASSED] - else: null

30-03-2025T17:18:55 - [TEST_STEP][PASSED] - numberOfErrors = numberOfErrors + 1: null

30-03-2025T17:18:55 - [TEST_STEP][PASSED] - pageInt = pageOtpuskVSet: null

30-03-2025T17:18:55 - [TEST_STEP][PASSED] - fileInt = fileOtpuskVSet: null

30-03-2025T17:18:55 - [TEST_STEP][PASSED] - typeOfData = typeOfDataMain + " Отпуск в сеть": null

30-03-2025T17:18:55 - [TEST_STEP][PASSED] - Script1718980020443.WriteToExcel(a, typeOfData, todaysDate, pageInt, fileInt, pageDouble, fileDouble, dZO): null

30-03-2025T17:18:55 - [TEST_STEP][PASSED] - sheetName = "Sheet1": null

30-03-2025T17:18:55 - [TEST_STEP][PASSED] - data = findTestData("PlanFact"): null

30-03-2025T17:18:55 - [TEST_STEP][PASSED] - n = data.getRowNumbers() + 1: null

30-03-2025T17:18:55 - [TEST_STEP][PASSED] - day = ")).toInteger(): null

30-03-2025T17:18:55 - [TEST_STEP][PASSED] - println(day): null

30-03-2025T17:18:55 - [TEST_STEP][PASSED] - month = ")).toInteger(): null

30-03-2025T17:18:55 - [TEST_STEP][PASSED] - println(month): null

30-03-2025T17:18:55 - [TEST_STEP][PASSED] - y = <not implemented yet for class: org.codehaus.groovy.ast.expr.EmptyExpression>: null

30-03-2025T17:18:55 - [TEST_STEP][PASSED] - iy = <not implemented yet for class: org.codehaus.groovy.ast.expr.EmptyExpression>: null

30-03-2025T17:18:55 - [TEST_STEP][PASSED] - m = getText(findTestObject("Выполнение бизнес-плана/Период")): Text of object 'Object Repository/Выполнение бизнес-плана/Период' is: 'Январь 2025 года'

30-03-2025T17:18:56 - [MESSAGE][PASSED] - Text of object 'Object Repository/Выполнение бизнес-плана/Период' is: 'Январь 2025 года'

30-03-2025T17:18:56 - [TEST_STEP][PASSED] - iy = m.indexOf("20"): null

30-03-2025T17:18:56 - [TEST_STEP][PASSED] - if (iy > -1): null

30-03-2025T17:18:56 - [TEST_STEP][PASSED] - y = substring(iy, iy + 4).toInteger(): null

30-03-2025T17:18:56 - [TEST_STEP][PASSED] - println(y): null

30-03-2025T17:18:56 - [TEST_STEP][PASSED] - if (toString().length() == 4): null

30-03-2025T17:18:56 - [TEST_STEP][PASSED] - m = m.substring(0, m.indexOf(y.toString())): null

30-03-2025T17:18:56 - [TEST_STEP][PASSED] - m = m.trim(): null

30-03-2025T17:18:56 - [TEST_STEP][PASSED] - if (m == ""): null

30-03-2025T17:18:56 - [TEST_STEP][PASSED] - dashboardName = "Выполнение бизнес-плана": null

30-03-2025T17:18:56 - [TEST_STEP][PASSED] - workbook01 = getWorkbook(excelFilePath): null

30-03-2025T17:18:56 - [TEST_STEP][PASSED] - sheet01 = getExcelSheet(workbook01, sheetName): null

30-03-2025T17:18:56 - [TEST_STEP][PASSED] - setValueToCellByIndex(sheet01, n, 0, dashboardName): null

30-03-2025T17:18:56 - [TEST_STEP][PASSED] - setValueToCellByIndex(sheet01, n, 1, dZO): null

30-03-2025T17:18:56 - [TEST_STEP][PASSED] - setValueToCellByIndex(sheet01, n, 2, typeOfData): null

30-03-2025T17:18:56 - [TEST_STEP][PASSED] - if (typeOfData == "Факт в процентах" || typeOfData == "План в процентах"): null

30-03-2025T17:18:56 - [TEST_STEP][PASSED] - else: null

30-03-2025T17:18:56 - [TEST_STEP][PASSED] - setValueToCellByIndex(sheet01, n, 3, fileInt): null

30-03-2025T17:18:56 - [TEST_STEP][PASSED] - setValueToCellByIndex(sheet01, n, 4, pageInt): null

30-03-2025T17:18:56 - [TEST_STEP][PASSED] - setValueToCellByIndex(sheet01, n, 5, m): null

30-03-2025T17:18:56 - [TEST_STEP][PASSED] - setValueToCellByIndex(sheet01, n, 6, y): null

30-03-2025T17:18:56 - [TEST_STEP][PASSED] - setValueToCellByIndex(sheet01, n, 7, todaysDate): null

30-03-2025T17:18:56 - [TEST_STEP][PASSED] - n = n + 1: null

30-03-2025T17:18:56 - [TEST_STEP][PASSED] - saveWorkbook(excelFilePath, workbook01): null

30-03-2025T17:18:56 - [TEST_STEP][PASSED] - compare = pagePoteri: null

30-03-2025T17:18:56 - [TEST_STEP][PASSED] - if (pageOtpuskVSet != null): null

30-03-2025T17:18:56 - [TEST_STEP][PASSED] - if (compare == filePoteri): null

30-03-2025T17:18:56 - [TEST_STEP][PASSED] - else if (compare > filePoteri): null

30-03-2025T17:18:56 - [TEST_STEP][PASSED] - compare = compare - 1: null

30-03-2025T17:18:56 - [TEST_STEP][PASSED] - if (compare == filePoteri): null

30-03-2025T17:18:56 - [TEST_STEP][PASSED] - else: null

30-03-2025T17:18:56 - [TEST_STEP][PASSED] - numberOfErrors = numberOfErrors + 1: null

30-03-2025T17:18:56 - [TEST_STEP][PASSED] - pageInt = pagePoteri: null

30-03-2025T17:18:56 - [TEST_STEP][PASSED] - fileInt = filePoteri: null

30-03-2025T17:18:56 - [TEST_STEP][PASSED] - typeOfData = typeOfDataMain + " Потери": null

30-03-2025T17:18:56 - [TEST_STEP][PASSED] - Script1718980020443.WriteToExcel(a, typeOfData, todaysDate, pageInt, fileInt, pageDouble, fileDouble, dZO): null

30-03-2025T17:18:56 - [TEST_STEP][PASSED] - sheetName = "Sheet1": null

30-03-2025T17:18:56 - [TEST_STEP][PASSED] - data = findTestData("PlanFact"): null

30-03-2025T17:18:56 - [TEST_STEP][PASSED] - n = data.getRowNumbers() + 1: null

30-03-2025T17:18:56 - [TEST_STEP][PASSED] - day = ")).toInteger(): null

30-03-2025T17:18:56 - [TEST_STEP][PASSED] - println(day): null

30-03-2025T17:18:56 - [TEST_STEP][PASSED] - month = ")).toInteger(): null

30-03-2025T17:18:56 - [TEST_STEP][PASSED] - println(month): null

30-03-2025T17:18:56 - [TEST_STEP][PASSED] - y = <not implemented yet for class: org.codehaus.groovy.ast.expr.EmptyExpression>: null

30-03-2025T17:18:56 - [TEST_STEP][PASSED] - iy = <not implemented yet for class: org.codehaus.groovy.ast.expr.EmptyExpression>: null

30-03-2025T17:18:56 - [TEST_STEP][PASSED] - m = getText(findTestObject("Выполнение бизнес-плана/Период")): Text of object 'Object Repository/Выполнение бизнес-плана/Период' is: 'Январь 2025 года'

30-03-2025T17:18:56 - [MESSAGE][PASSED] - Text of object 'Object Repository/Выполнение бизнес-плана/Период' is: 'Январь 2025 года'

30-03-2025T17:18:56 - [TEST_STEP][PASSED] - iy = m.indexOf("20"): null

30-03-2025T17:18:56 - [TEST_STEP][PASSED] - if (iy > -1): null

30-03-2025T17:18:56 - [TEST_STEP][PASSED] - y = substring(iy, iy + 4).toInteger(): null

30-03-2025T17:18:56 - [TEST_STEP][PASSED] - println(y): null

30-03-2025T17:18:56 - [TEST_STEP][PASSED] - if (toString().length() == 4): null

30-03-2025T17:18:56 - [TEST_STEP][PASSED] - m = m.substring(0, m.indexOf(y.toString())): null

30-03-2025T17:18:56 - [TEST_STEP][PASSED] - m = m.trim(): null

30-03-2025T17:18:56 - [TEST_STEP][PASSED] - if (m == ""): null

30-03-2025T17:18:56 - [TEST_STEP][PASSED] - dashboardName = "Выполнение бизнес-плана": null

30-03-2025T17:18:56 - [TEST_STEP][PASSED] - workbook01 = getWorkbook(excelFilePath): null

30-03-2025T17:18:56 - [TEST_STEP][PASSED] - sheet01 = getExcelSheet(workbook01, sheetName): null

30-03-2025T17:18:56 - [TEST_STEP][PASSED] - setValueToCellByIndex(sheet01, n, 0, dashboardName): null

30-03-2025T17:18:56 - [TEST_STEP][PASSED] - setValueToCellByIndex(sheet01, n, 1, dZO): null

30-03-2025T17:18:56 - [TEST_STEP][PASSED] - setValueToCellByIndex(sheet01, n, 2, typeOfData): null

30-03-2025T17:18:56 - [TEST_STEP][PASSED] - if (typeOfData == "Факт в процентах" || typeOfData == "План в процентах"): null

30-03-2025T17:18:56 - [TEST_STEP][PASSED] - else: null

30-03-2025T17:18:56 - [TEST_STEP][PASSED] - setValueToCellByIndex(sheet01, n, 3, fileInt): null

30-03-2025T17:18:56 - [TEST_STEP][PASSED] - setValueToCellByIndex(sheet01, n, 4, pageInt): null

30-03-2025T17:18:56 - [TEST_STEP][PASSED] - setValueToCellByIndex(sheet01, n, 5, m): null

30-03-2025T17:18:56 - [TEST_STEP][PASSED] - setValueToCellByIndex(sheet01, n, 6, y): null

30-03-2025T17:18:56 - [TEST_STEP][PASSED] - setValueToCellByIndex(sheet01, n, 7, todaysDate): null

30-03-2025T17:18:56 - [TEST_STEP][PASSED] - n = n + 1: null

30-03-2025T17:18:56 - [TEST_STEP][PASSED] - saveWorkbook(excelFilePath, workbook01): null

30-03-2025T17:18:57 - [TEST_STEP][PASSED] - if (planFact == 2): null

30-03-2025T17:18:57 - [TEST_STEP][PASSED] - if (planFact == 1): null

30-03-2025T17:18:57 - [TEST_STEP][PASSED] - else if (planFact == 2): null

30-03-2025T17:18:57 - [TEST_STEP][PASSED] - click(findTestObject("Выполнение бизнес-плана/Кнопка План")): Object: 'Object Repository/Выполнение бизнес-плана/Кнопка План' is clicked on

30-03-2025T17:18:57 - [MESSAGE][PASSED] - Object: 'Object Repository/Выполнение бизнес-плана/Кнопка План' is clicked on

30-03-2025T17:18:57 - [TEST_STEP][PASSED] - typeOfDataMain = "План": null

30-03-2025T17:18:57 - [TEST_STEP][PASSED] - otpusk = findTestData("PlanFact").getValue(2, a): null

30-03-2025T17:18:57 - [TEST_STEP][PASSED] - poteri = findTestData("PlanFact").getValue(3, a): null

30-03-2025T17:18:57 - [TEST_STEP][PASSED] - otpusk = otpusk.replaceAll("\s+", ""): null

30-03-2025T17:18:57 - [TEST_STEP][PASSED] - poteri = poteri.replaceAll("\s+", ""): null

30-03-2025T17:18:57 - [TEST_STEP][PASSED] - typeOfData = typeOfDataMain + " Отпуск в сеть": null

30-03-2025T17:18:57 - [TEST_STEP][PASSED] - if (a == 82): null

30-03-2025T17:18:57 - [TEST_STEP][PASSED] - else if (a == 84): null

30-03-2025T17:18:57 - [TEST_STEP][PASSED] - else if (a == 83 || a == 52 || a == 72 || a == 28 || a == 73 || a == 77 || a == 74 || a == 65 || a == 36 || a == 44 || a == 53 || a == 80 || a == 54 || a == 1 || a == 18 || a == 59 || a == 81): null

30-03-2025T17:18:57 - [TEST_STEP][PASSED] - else: null

30-03-2025T17:18:57 - [TEST_STEP][PASSED] - path = dataFolder + typeOfData + " за отчётный период " + b: null

30-03-2025T17:18:57 - [TEST_STEP][PASSED] - println(path): null

30-03-2025T17:18:57 - [TEST_STEP][PASSED] - page = getText(findTestObject(path)): Text of object 'Object Repository/Выполнение бизнес-плана/Значения со страницы Выполнение бизнес-плана/План Отпуск в сеть за отчётный период Волгоградэнерго' is: '1 721 636'

30-03-2025T17:18:57 - [MESSAGE][PASSED] - Text of object 'Object Repository/Выполнение бизнес-плана/Значения со страницы Выполнение бизнес-плана/План Отпуск в сеть за отчётный период Волгоградэнерго' is: '1 721 636'

30-03-2025T17:18:57 - [TEST_STEP][PASSED] - if (page == "" || page == null): null

30-03-2025T17:18:57 - [TEST_STEP][PASSED] - else: null

30-03-2025T17:18:57 - [TEST_STEP][PASSED] - page = page.replaceAll("\s+", ""): null

30-03-2025T17:18:57 - [TEST_STEP][PASSED] - if (page == "undefined"): null

30-03-2025T17:18:57 - [TEST_STEP][PASSED] - fileOtpuskVSet = otpusk.toInteger(): null

30-03-2025T17:18:57 - [TEST_STEP][PASSED] - pageOtpuskVSet = page.toInteger(): null

30-03-2025T17:18:57 - [TEST_STEP][PASSED] - typeOfData = typeOfDataMain + " Потери": null

30-03-2025T17:18:57 - [TEST_STEP][PASSED] - if (a == 82): null

30-03-2025T17:18:57 - [TEST_STEP][PASSED] - else if (a == 84): null

30-03-2025T17:18:57 - [TEST_STEP][PASSED] - else if (a == 83 || a == 52 || a == 72 || a == 28 || a == 73 || a == 77 || a == 74 || a == 65 || a == 44 || a == 53 || a == 80 || a == 54 || a == 1 || a == 18 || a == 59 || a == 81): null

30-03-2025T17:18:57 - [TEST_STEP][PASSED] - else: null

30-03-2025T17:18:57 - [TEST_STEP][PASSED] - path = dataFolder + typeOfData + " за отчётный период " + b: null

30-03-2025T17:18:57 - [TEST_STEP][PASSED] - page = getText(findTestObject(path)): Text of object 'Object Repository/Выполнение бизнес-плана/Значения со страницы Выполнение бизнес-плана/План Потери за отчётный период Волгоградэнерго' is: '146 464'

30-03-2025T17:18:58 - [MESSAGE][PASSED] - Text of object 'Object Repository/Выполнение бизнес-плана/Значения со страницы Выполнение бизнес-плана/План Потери за отчётный период Волгоградэнерго' is: '146 464'

30-03-2025T17:18:58 - [TEST_STEP][PASSED] - if (page == "" || page == null): null

30-03-2025T17:18:58 - [TEST_STEP][PASSED] - else: null

30-03-2025T17:18:58 - [TEST_STEP][PASSED] - page = page.replaceAll("\s+", ""): null

30-03-2025T17:18:58 - [TEST_STEP][PASSED] - if (page == "undefined"): null

30-03-2025T17:18:58 - [TEST_STEP][PASSED] - filePoteri = poteri.toInteger(): null

30-03-2025T17:18:58 - [TEST_STEP][PASSED] - pagePoteri = page.toInteger(): null

30-03-2025T17:18:58 - [TEST_STEP][PASSED] - compare = pageOtpuskVSet: null

30-03-2025T17:18:58 - [TEST_STEP][PASSED] - if (pageOtpuskVSet != null): null

30-03-2025T17:18:58 - [TEST_STEP][PASSED] - if (compare == fileOtpuskVSet): null

30-03-2025T17:18:58 - [TEST_STEP][PASSED] - else if (compare > fileOtpuskVSet): null

30-03-2025T17:18:58 - [TEST_STEP][PASSED] - compare = compare - 1: null

30-03-2025T17:18:58 - [TEST_STEP][PASSED] - if (compare == fileOtpuskVSet): null

30-03-2025T17:18:58 - [TEST_STEP][PASSED] - else: null

30-03-2025T17:18:58 - [TEST_STEP][PASSED] - numberOfErrors = numberOfErrors + 1: null

30-03-2025T17:18:58 - [TEST_STEP][PASSED] - pageInt = pageOtpuskVSet: null

30-03-2025T17:18:58 - [TEST_STEP][PASSED] - fileInt = fileOtpuskVSet: null

30-03-2025T17:18:58 - [TEST_STEP][PASSED] - typeOfData = typeOfDataMain + " Отпуск в сеть": null

30-03-2025T17:18:58 - [TEST_STEP][PASSED] - Script1718980020443.WriteToExcel(a, typeOfData, todaysDate, pageInt, fileInt, pageDouble, fileDouble, dZO): null

30-03-2025T17:18:58 - [TEST_STEP][PASSED] - sheetName = "Sheet1": null

30-03-2025T17:18:58 - [TEST_STEP][PASSED] - data = findTestData("PlanFact"): null

30-03-2025T17:18:58 - [TEST_STEP][PASSED] - n = data.getRowNumbers() + 1: null

30-03-2025T17:18:58 - [TEST_STEP][PASSED] - day = ")).toInteger(): null

30-03-2025T17:18:58 - [TEST_STEP][PASSED] - println(day): null

30-03-2025T17:18:58 - [TEST_STEP][PASSED] - month = ")).toInteger(): null

30-03-2025T17:18:58 - [TEST_STEP][PASSED] - println(month): null

30-03-2025T17:18:58 - [TEST_STEP][PASSED] - y = <not implemented yet for class: org.codehaus.groovy.ast.expr.EmptyExpression>: null

30-03-2025T17:18:58 - [TEST_STEP][PASSED] - iy = <not implemented yet for class: org.codehaus.groovy.ast.expr.EmptyExpression>: null

30-03-2025T17:18:58 - [TEST_STEP][PASSED] - m = getText(findTestObject("Выполнение бизнес-плана/Период")): Text of object 'Object Repository/Выполнение бизнес-плана/Период' is: 'Январь 2025 года'

30-03-2025T17:18:58 - [MESSAGE][PASSED] - Text of object 'Object Repository/Выполнение бизнес-плана/Период' is: 'Январь 2025 года'

30-03-2025T17:18:58 - [TEST_STEP][PASSED] - iy = m.indexOf("20"): null

30-03-2025T17:18:58 - [TEST_STEP][PASSED] - if (iy > -1): null

30-03-2025T17:18:58 - [TEST_STEP][PASSED] - y = substring(iy, iy + 4).toInteger(): null

30-03-2025T17:18:58 - [TEST_STEP][PASSED] - println(y): null

30-03-2025T17:18:58 - [TEST_STEP][PASSED] - if (toString().length() == 4): null

30-03-2025T17:18:58 - [TEST_STEP][PASSED] - m = m.substring(0, m.indexOf(y.toString())): null

30-03-2025T17:18:58 - [TEST_STEP][PASSED] - m = m.trim(): null

30-03-2025T17:18:58 - [TEST_STEP][PASSED] - if (m == ""): null

30-03-2025T17:18:58 - [TEST_STEP][PASSED] - dashboardName = "Выполнение бизнес-плана": null

30-03-2025T17:18:58 - [TEST_STEP][PASSED] - workbook01 = getWorkbook(excelFilePath): null

30-03-2025T17:18:58 - [TEST_STEP][PASSED] - sheet01 = getExcelSheet(workbook01, sheetName): null

30-03-2025T17:18:58 - [TEST_STEP][PASSED] - setValueToCellByIndex(sheet01, n, 0, dashboardName): null

30-03-2025T17:18:58 - [TEST_STEP][PASSED] - setValueToCellByIndex(sheet01, n, 1, dZO): null

30-03-2025T17:18:58 - [TEST_STEP][PASSED] - setValueToCellByIndex(sheet01, n, 2, typeOfData): null

30-03-2025T17:18:58 - [TEST_STEP][PASSED] - if (typeOfData == "Факт в процентах" || typeOfData == "План в процентах"): null

30-03-2025T17:18:58 - [TEST_STEP][PASSED] - else: null

30-03-2025T17:18:58 - [TEST_STEP][PASSED] - setValueToCellByIndex(sheet01, n, 3, fileInt): null

30-03-2025T17:18:58 - [TEST_STEP][PASSED] - setValueToCellByIndex(sheet01, n, 4, pageInt): null

30-03-2025T17:18:58 - [TEST_STEP][PASSED] - setValueToCellByIndex(sheet01, n, 5, m): null

30-03-2025T17:18:58 - [TEST_STEP][PASSED] - setValueToCellByIndex(sheet01, n, 6, y): null

30-03-2025T17:18:58 - [TEST_STEP][PASSED] - setValueToCellByIndex(sheet01, n, 7, todaysDate): null

30-03-2025T17:18:58 - [TEST_STEP][PASSED] - n = n + 1: null

30-03-2025T17:18:58 - [TEST_STEP][PASSED] - saveWorkbook(excelFilePath, workbook01): null

30-03-2025T17:18:58 - [TEST_STEP][PASSED] - compare = pagePoteri: null

30-03-2025T17:18:58 - [TEST_STEP][PASSED] - if (pageOtpuskVSet != null): null

30-03-2025T17:18:58 - [TEST_STEP][PASSED] - if (compare == filePoteri): null

30-03-2025T17:18:58 - [TEST_STEP][PASSED] - else if (compare > filePoteri): null

30-03-2025T17:18:58 - [TEST_STEP][PASSED] - compare = compare - 1: null

30-03-2025T17:18:58 - [TEST_STEP][PASSED] - if (compare == filePoteri): null

30-03-2025T17:18:58 - [TEST_STEP][PASSED] - else: null

30-03-2025T17:18:58 - [TEST_STEP][PASSED] - numberOfErrors = numberOfErrors + 1: null

30-03-2025T17:18:58 - [TEST_STEP][PASSED] - pageInt = pagePoteri: null

30-03-2025T17:18:58 - [TEST_STEP][PASSED] - fileInt = filePoteri: null

30-03-2025T17:18:58 - [TEST_STEP][PASSED] - typeOfData = typeOfDataMain + " Потери": null

30-03-2025T17:18:58 - [TEST_STEP][PASSED] - Script1718980020443.WriteToExcel(a, typeOfData, todaysDate, pageInt, fileInt, pageDouble, fileDouble, dZO): null

30-03-2025T17:18:58 - [TEST_STEP][PASSED] - sheetName = "Sheet1": null

30-03-2025T17:18:58 - [TEST_STEP][PASSED] - data = findTestData("PlanFact"): null

30-03-2025T17:18:58 - [TEST_STEP][PASSED] - n = data.getRowNumbers() + 1: null

30-03-2025T17:18:58 - [TEST_STEP][PASSED] - day = ")).toInteger(): null

30-03-2025T17:18:58 - [TEST_STEP][PASSED] - println(day): null

30-03-2025T17:18:58 - [TEST_STEP][PASSED] - month = ")).toInteger(): null

30-03-2025T17:18:58 - [TEST_STEP][PASSED] - println(month): null

30-03-2025T17:18:58 - [TEST_STEP][PASSED] - y = <not implemented yet for class: org.codehaus.groovy.ast.expr.EmptyExpression>: null

30-03-2025T17:18:58 - [TEST_STEP][PASSED] - iy = <not implemented yet for class: org.codehaus.groovy.ast.expr.EmptyExpression>: null

30-03-2025T17:18:58 - [TEST_STEP][PASSED] - m = getText(findTestObject("Выполнение бизнес-плана/Период")): Text of object 'Object Repository/Выполнение бизнес-плана/Период' is: 'Январь 2025 года'

30-03-2025T17:18:58 - [MESSAGE][PASSED] - Text of object 'Object Repository/Выполнение бизнес-плана/Период' is: 'Январь 2025 года'

30-03-2025T17:18:58 - [TEST_STEP][PASSED] - iy = m.indexOf("20"): null

30-03-2025T17:18:58 - [TEST_STEP][PASSED] - if (iy > -1): null

30-03-2025T17:18:58 - [TEST_STEP][PASSED] - y = substring(iy, iy + 4).toInteger(): null

30-03-2025T17:18:58 - [TEST_STEP][PASSED] - println(y): null

30-03-2025T17:18:58 - [TEST_STEP][PASSED] - if (toString().length() == 4): null

30-03-2025T17:18:58 - [TEST_STEP][PASSED] - m = m.substring(0, m.indexOf(y.toString())): null

30-03-2025T17:18:58 - [TEST_STEP][PASSED] - m = m.trim(): null

30-03-2025T17:18:58 - [TEST_STEP][PASSED] - if (m == ""): null

30-03-2025T17:18:58 - [TEST_STEP][PASSED] - dashboardName = "Выполнение бизнес-плана": null

30-03-2025T17:18:58 - [TEST_STEP][PASSED] - workbook01 = getWorkbook(excelFilePath): null

30-03-2025T17:18:59 - [TEST_STEP][PASSED] - sheet01 = getExcelSheet(workbook01, sheetName): null

30-03-2025T17:18:59 - [TEST_STEP][PASSED] - setValueToCellByIndex(sheet01, n, 0, dashboardName): null

30-03-2025T17:18:59 - [TEST_STEP][PASSED] - setValueToCellByIndex(sheet01, n, 1, dZO): null

30-03-2025T17:18:59 - [TEST_STEP][PASSED] - setValueToCellByIndex(sheet01, n, 2, typeOfData): null

30-03-2025T17:18:59 - [TEST_STEP][PASSED] - if (typeOfData == "Факт в процентах" || typeOfData == "План в процентах"): null

30-03-2025T17:18:59 - [TEST_STEP][PASSED] - else: null

30-03-2025T17:18:59 - [TEST_STEP][PASSED] - setValueToCellByIndex(sheet01, n, 3, fileInt): null

30-03-2025T17:18:59 - [TEST_STEP][PASSED] - setValueToCellByIndex(sheet01, n, 4, pageInt): null

30-03-2025T17:18:59 - [TEST_STEP][PASSED] - setValueToCellByIndex(sheet01, n, 5, m): null

30-03-2025T17:18:59 - [TEST_STEP][PASSED] - setValueToCellByIndex(sheet01, n, 6, y): null

30-03-2025T17:18:59 - [TEST_STEP][PASSED] - setValueToCellByIndex(sheet01, n, 7, todaysDate): null

30-03-2025T17:18:59 - [TEST_STEP][PASSED] - n = n + 1: null

30-03-2025T17:18:59 - [TEST_STEP][PASSED] - saveWorkbook(excelFilePath, workbook01): Object: 'Object Repository/Выполнение бизнес-плана/Кнопка Факт' is clicked on

30-03-2025T17:18:59 - [TEST_STEP][PASSED] - if (planFact == 2): Object: 'Object Repository/Выполнение бизнес-плана/Кнопка Факт' is clicked on

30-03-2025T17:18:59 - [TEST_STEP][PASSED] - click(findTestObject("Выполнение бизнес-плана/Кнопка Факт")): Object: 'Object Repository/Выполнение бизнес-плана/Кнопка Факт' is clicked on

30-03-2025T17:18:59 - [MESSAGE][PASSED] - Object: 'Object Repository/Выполнение бизнес-плана/Кнопка Факт' is clicked on

30-03-2025T17:18:59 - [TEST_STEP][PASSED] - println("a=" + a): null

30-03-2025T17:18:59 - [TEST_STEP][PASSED] - if (a == 84 || a == 82): null

30-03-2025T17:18:59 - [TEST_STEP][PASSED] - else if (a == 83 || a == 52 || a == 72 || a == 28 || a == 73 || a == 77 || a == 74 || a == 65 || a == 36 || a == 44 || a == 53 || a == 80 || a == 54 || a == 1 || a == 18 || a == 59 || a == 81): null

30-03-2025T17:18:59 - [TEST_STEP][PASSED] - else: null

30-03-2025T17:18:59 - [TEST_STEP][PASSED] - page1 = getText(findTestObject("Object Repository/Выполнение бизнес-плана/spanPlan" + filialNum)): Text of object 'Object Repository/Выполнение бизнес-плана/spanPlan3' is: '8.51
|'

30-03-2025T17:18:59 - [MESSAGE][PASSED] - Text of object 'Object Repository/Выполнение бизнес-плана/spanPlan3' is: '8.51
|'

30-03-2025T17:18:59 - [TEST_STEP][PASSED] - page1 = page1.replace("|", ""): null

30-03-2025T17:18:59 - [TEST_STEP][PASSED] - page2 = getText(findTestObject("Object Repository/Выполнение бизнес-плана/spanFact" + filialNum)): Text of object 'Object Repository/Выполнение бизнес-плана/spanFact3' is: '7.38
|'

30-03-2025T17:19:00 - [MESSAGE][PASSED] - Text of object 'Object Repository/Выполнение бизнес-плана/spanFact3' is: '7.38
|'

30-03-2025T17:19:00 - [TEST_STEP][PASSED] - page2 = page2.replace("|", ""): null

30-03-2025T17:19:00 - [TEST_STEP][PASSED] - println("page1: " + page1): null

30-03-2025T17:19:00 - [TEST_STEP][PASSED] - println("page2: " + page2): null

30-03-2025T17:19:00 - [TEST_STEP][PASSED] - file = findTestData("PlanFact").getValue(4, a): null

30-03-2025T17:19:00 - [TEST_STEP][PASSED] - file = file.replace(",", "."): null

30-03-2025T17:19:00 - [TEST_STEP][PASSED] - println("file Plan: " + file): null

30-03-2025T17:19:00 - [TEST_STEP][PASSED] - typeOfData = "План в процентах": null

30-03-2025T17:19:00 - [TEST_STEP][PASSED] - fileDouble = file.toDouble(): null

30-03-2025T17:19:00 - [TEST_STEP][PASSED] - pageDouble = page1.toDouble(): null

30-03-2025T17:19:00 - [TEST_STEP][PASSED] - if (fileDouble != pageDouble): null

30-03-2025T17:19:00 - [TEST_STEP][PASSED] - file = findTestData("PlanFact").getValue(7, a): null

30-03-2025T17:19:00 - [TEST_STEP][PASSED] - file = file.replace(",", "."): null

30-03-2025T17:19:00 - [TEST_STEP][PASSED] - println("file Fact: " + file): null

30-03-2025T17:19:00 - [TEST_STEP][PASSED] - fileDouble = file.toDouble(): null

30-03-2025T17:19:00 - [TEST_STEP][PASSED] - typeOfData = "Факт в процентах": null

30-03-2025T17:19:00 - [TEST_STEP][PASSED] - fileDouble = file.toDouble(): null

30-03-2025T17:19:00 - [TEST_STEP][PASSED] - pageDouble = page2.toDouble(): null

30-03-2025T17:19:00 - [TEST_STEP][PASSED] - if (fileDouble != pageDouble): null

30-03-2025T17:19:00 - [TEST_STEP][FAILED] - if (verifyEqual(numberOfErrors, 0) == false): null

30-03-2025T17:19:00 - [MESSAGE][FAILED] - Unable to verify equal between actual object '4' and expected object '0' (Root cause: com.kms.katalon.core.exception.StepFailedException: Actual object '4' and expected object '0' are not equal
	at com.kms.katalon.core.keyword.builtin.VerifyEqualKeyword$_verifyEqual_closure1.doCall(VerifyEqualKeyword.groovy:58)
	at com.kms.katalon.core.keyword.builtin.VerifyEqualKeyword$_verifyEqual_closure1.call(VerifyEqualKeyword.groovy)
	at com.kms.katalon.core.keyword.internal.KeywordMain.runKeyword(KeywordMain.groovy:75)
	at com.kms.katalon.core.keyword.builtin.VerifyEqualKeyword.verifyEqual(VerifyEqualKeyword.groovy:63)
	at com.kms.katalon.core.keyword.builtin.VerifyEqualKeyword.execute(VerifyEqualKeyword.groovy:44)
	at com.kms.katalon.core.keyword.internal.KeywordExecutor.executeKeywordForPlatform(KeywordExecutor.groovy:74)
	at com.kms.katalon.core.keyword.BuiltinKeywords.verifyEqual(BuiltinKeywords.groovy:146)
	at jdk.internal.reflect.GeneratedMethodAccessor22.invoke(Unknown Source)
	at java.base/jdk.internal.reflect.DelegatingMethodAccessorImpl.invoke(DelegatingMethodAccessorImpl.java:43)
	at Выполнение бизнес-плана Сверка ПАО Россети все филиалы.Numbers(Выполнение бизнес-плана Сверка ПАО Россети все филиалы:744)
	at Выполнение бизнес-плана Сверка ПАО Россети все филиалы.Filials(Выполнение бизнес-плана Сверка ПАО Россети все филиалы:1741)
	at Выполнение бизнес-плана Сверка ПАО Россети все филиалы.Numbers(Выполнение бизнес-плана Сверка ПАО Россети все филиалы:751)
	at Выполнение бизнес-плана Сверка ПАО Россети все филиалы.run(Выполнение бизнес-плана Сверка ПАО Россети все филиалы:399)
	at com.kms.katalon.core.main.ScriptEngine.run(ScriptEngine.java:194)
	at com.kms.katalon.core.main.ScriptEngine.runScriptAsRawText(ScriptEngine.java:119)
	at com.kms.katalon.core.main.TestCaseExecutor.runScript(TestCaseExecutor.java:448)
	at com.kms.katalon.core.main.TestCaseExecutor.doExecute(TestCaseExecutor.java:439)
	at com.kms.katalon.core.main.TestCaseExecutor.processExecutionPhase(TestCaseExecutor.java:418)
	at com.kms.katalon.core.main.TestCaseExecutor.accessMainPhase(TestCaseExecutor.java:410)
	at com.kms.katalon.core.main.TestCaseExecutor.execute(TestCaseExecutor.java:285)
	at com.kms.katalon.core.common.CommonExecutor.accessTestCaseMainPhase(CommonExecutor.java:65)
	at com.kms.katalon.core.main.TestSuiteExecutor.accessTestSuiteMainPhase(TestSuiteExecutor.java:150)
	at com.kms.katalon.core.main.TestSuiteExecutor.execute(TestSuiteExecutor.java:106)
	at com.kms.katalon.core.main.TestCaseMain.startTestSuite(TestCaseMain.java:180)
	at TempTestSuite1743336560690.run(TempTestSuite1743336560690.groovy:35)
	at java.base/jdk.internal.reflect.NativeMethodAccessorImpl.invoke0(Native Method)
	at java.base/jdk.internal.reflect.NativeMethodAccessorImpl.invoke(NativeMethodAccessorImpl.java:77)
	at java.base/jdk.internal.reflect.DelegatingMethodAccessorImpl.invoke(DelegatingMethodAccessorImpl.java:43)
)

30-03-2025T17:19:00 - [TEST_STEP][PASSED] - println(numberOfErrors): null

30-03-2025T17:19:00 - [TEST_STEP][PASSED] - println("a=" + a): null

30-03-2025T17:19:00 - [TEST_STEP][PASSED] - if (a == 28 || a == 77 || a == 74 || a == 65 || a == 36 || a == 44 || a == 54 || a == 1 || a == 18 || a == 59): null

30-03-2025T17:19:00 - [TEST_STEP][PASSED] - if (a == 82): null

30-03-2025T17:19:00 - [TEST_STEP][PASSED] - dZO = "Калмэнерго": null

30-03-2025T17:19:00 - [TEST_STEP][PASSED] - a = 62: null

30-03-2025T17:19:00 - [TEST_STEP][PASSED] - if (x2.contains(dZO)): null

30-03-2025T17:19:00 - [TEST_STEP][PASSED] - filialNum = filialNum + 1: null

30-03-2025T17:19:00 - [TEST_STEP][PASSED] - Script1718980020443.Numbers(a, typeOfData, todaysDate, pageInt, fileInt, pageDouble, fileDouble, dZO, dzoNum, filialNum): null

30-03-2025T17:19:00 - [TEST_STEP][PASSED] - println(dzoNum): null

30-03-2025T17:19:00 - [TEST_STEP][PASSED] - planFact = <not implemented yet for class: org.codehaus.groovy.ast.expr.EmptyExpression>: null

30-03-2025T17:19:00 - [TEST_STEP][PASSED] - page = <not implemented yet for class: org.codehaus.groovy.ast.expr.EmptyExpression>: null

30-03-2025T17:19:00 - [TEST_STEP][PASSED] - page1 = <not implemented yet for class: org.codehaus.groovy.ast.expr.EmptyExpression>: null

30-03-2025T17:19:00 - [TEST_STEP][PASSED] - page2 = <not implemented yet for class: org.codehaus.groovy.ast.expr.EmptyExpression>: null

30-03-2025T17:19:00 - [TEST_STEP][PASSED] - filialNumberInRow = <not implemented yet for class: org.codehaus.groovy.ast.expr.EmptyExpression>: null

30-03-2025T17:19:00 - [TEST_STEP][PASSED] - filialsDzoNames = <not implemented yet for class: org.codehaus.groovy.ast.expr.EmptyExpression>: null

30-03-2025T17:19:00 - [TEST_STEP][PASSED] - numberOfFilials = <not implemented yet for class: org.codehaus.groovy.ast.expr.EmptyExpression>: null

30-03-2025T17:19:00 - [TEST_STEP][PASSED] - numberOfSpaces = <not implemented yet for class: org.codehaus.groovy.ast.expr.EmptyExpression>: null

30-03-2025T17:19:00 - [TEST_STEP][PASSED] - file = <not implemented yet for class: org.codehaus.groovy.ast.expr.EmptyExpression>: null

30-03-2025T17:19:00 - [TEST_STEP][PASSED] - otpusk = <not implemented yet for class: org.codehaus.groovy.ast.expr.EmptyExpression>: null

30-03-2025T17:19:00 - [TEST_STEP][PASSED] - poteri = <not implemented yet for class: org.codehaus.groovy.ast.expr.EmptyExpression>: null

30-03-2025T17:19:00 - [TEST_STEP][PASSED] - dataFolder = "Выполнение бизнес-плана/Значения со страницы Выполнение бизнес-плана/": null

30-03-2025T17:19:00 - [TEST_STEP][PASSED] - path = <not implemented yet for class: org.codehaus.groovy.ast.expr.EmptyExpression>: null

30-03-2025T17:19:00 - [TEST_STEP][PASSED] - typeOfDataMain = <not implemented yet for class: org.codehaus.groovy.ast.expr.EmptyExpression>: null

30-03-2025T17:19:00 - [TEST_STEP][PASSED] - fileOtpuskVSet = <not implemented yet for class: org.codehaus.groovy.ast.expr.EmptyExpression>: null

30-03-2025T17:19:00 - [TEST_STEP][PASSED] - pageOtpuskVSet = <not implemented yet for class: org.codehaus.groovy.ast.expr.EmptyExpression>: null

30-03-2025T17:19:00 - [TEST_STEP][PASSED] - filePoteri = <not implemented yet for class: org.codehaus.groovy.ast.expr.EmptyExpression>: null

30-03-2025T17:19:00 - [TEST_STEP][PASSED] - pagePoteri = <not implemented yet for class: org.codehaus.groovy.ast.expr.EmptyExpression>: null

30-03-2025T17:19:00 - [TEST_STEP][PASSED] - compare = <not implemented yet for class: org.codehaus.groovy.ast.expr.EmptyExpression>: null

30-03-2025T17:19:00 - [TEST_STEP][PASSED] - b = <not implemented yet for class: org.codehaus.groovy.ast.expr.EmptyExpression>: null

30-03-2025T17:19:00 - [TEST_STEP][PASSED] - i = <not implemented yet for class: org.codehaus.groovy.ast.expr.EmptyExpression>: null

30-03-2025T17:19:00 - [TEST_STEP][PASSED] - ii = <not implemented yet for class: org.codehaus.groovy.ast.expr.EmptyExpression>: null

30-03-2025T17:19:00 - [TEST_STEP][PASSED] - c = <not implemented yet for class: org.codehaus.groovy.ast.expr.EmptyExpression>: null

30-03-2025T17:19:00 - [TEST_STEP][PASSED] - numberOfErrors = 0: null

30-03-2025T17:19:00 - [TEST_STEP][PASSED] - if (a == 82): null

30-03-2025T17:19:00 - [TEST_STEP][PASSED] - b = findTestData("PlanFact").getValue(1, a): null

30-03-2025T17:19:00 - [TEST_STEP][PASSED] - i = b.indexOf(" (ГК)"): null

30-03-2025T17:19:00 - [TEST_STEP][PASSED] - if (i > -1): null

30-03-2025T17:19:00 - [TEST_STEP][PASSED] - i = b.indexOf("О ""): null

30-03-2025T17:19:00 - [TEST_STEP][PASSED] - if (i > -1): null

30-03-2025T17:19:00 - [TEST_STEP][PASSED] - i = b.indexOf("О «"): null

30-03-2025T17:19:00 - [TEST_STEP][PASSED] - if (i > -1): null

30-03-2025T17:19:00 - [TEST_STEP][PASSED] - i = b.indexOf("г. "): null

30-03-2025T17:19:00 - [TEST_STEP][PASSED] - if (i > -1): null

30-03-2025T17:19:00 - [TEST_STEP][PASSED] - b = b.trim(): null

30-03-2025T17:19:00 - [TEST_STEP][PASSED] - println(b): null

30-03-2025T17:19:00 - [TEST_STEP][PASSED] - for ([planFact = 1, planFact < 3, (planFact++)]): Object: 'Object Repository/Выполнение бизнес-плана/Кнопка Факт' is clicked on

30-03-2025T17:19:00 - [TEST_STEP][PASSED] - if (planFact == 1): null

30-03-2025T17:19:00 - [TEST_STEP][PASSED] - typeOfDataMain = "Факт": null

30-03-2025T17:19:00 - [TEST_STEP][PASSED] - otpusk = findTestData("PlanFact").getValue(5, a): null

30-03-2025T17:19:00 - [TEST_STEP][PASSED] - poteri = findTestData("PlanFact").getValue(6, a): null

30-03-2025T17:19:00 - [TEST_STEP][PASSED] - otpusk = otpusk.replaceAll("\s+", ""): null

30-03-2025T17:19:00 - [TEST_STEP][PASSED] - poteri = poteri.replaceAll("\s+", ""): null

30-03-2025T17:19:00 - [TEST_STEP][PASSED] - typeOfData = typeOfDataMain + " Отпуск в сеть": null

30-03-2025T17:19:00 - [TEST_STEP][PASSED] - if (a == 82): null

30-03-2025T17:19:00 - [TEST_STEP][PASSED] - else if (a == 84): null

30-03-2025T17:19:00 - [TEST_STEP][PASSED] - else if (a == 83 || a == 52 || a == 72 || a == 28 || a == 73 || a == 77 || a == 74 || a == 65 || a == 36 || a == 44 || a == 53 || a == 80 || a == 54 || a == 1 || a == 18 || a == 59 || a == 81): null

30-03-2025T17:19:00 - [TEST_STEP][PASSED] - else: null

30-03-2025T17:19:00 - [TEST_STEP][PASSED] - path = dataFolder + typeOfData + " за отчётный период " + b: null

30-03-2025T17:19:00 - [TEST_STEP][PASSED] - println(path): null

30-03-2025T17:19:00 - [TEST_STEP][PASSED] - page = getText(findTestObject(path)): Text of object 'Object Repository/Выполнение бизнес-плана/Значения со страницы Выполнение бизнес-плана/Факт Отпуск в сеть за отчётный период Калмэнерго' is: '81 664'

30-03-2025T17:19:00 - [MESSAGE][PASSED] - Text of object 'Object Repository/Выполнение бизнес-плана/Значения со страницы Выполнение бизнес-плана/Факт Отпуск в сеть за отчётный период Калмэнерго' is: '81 664'

30-03-2025T17:19:00 - [TEST_STEP][PASSED] - if (page == "" || page == null): null

30-03-2025T17:19:00 - [TEST_STEP][PASSED] - else: null

30-03-2025T17:19:00 - [TEST_STEP][PASSED] - page = page.replaceAll("\s+", ""): null

30-03-2025T17:19:00 - [TEST_STEP][PASSED] - if (page == "undefined"): null

30-03-2025T17:19:00 - [TEST_STEP][PASSED] - fileOtpuskVSet = otpusk.toInteger(): null

30-03-2025T17:19:00 - [TEST_STEP][PASSED] - pageOtpuskVSet = page.toInteger(): null

30-03-2025T17:19:00 - [TEST_STEP][PASSED] - typeOfData = typeOfDataMain + " Потери": null

30-03-2025T17:19:00 - [TEST_STEP][PASSED] - if (a == 82): null

30-03-2025T17:19:00 - [TEST_STEP][PASSED] - else if (a == 84): null

30-03-2025T17:19:00 - [TEST_STEP][PASSED] - else if (a == 83 || a == 52 || a == 72 || a == 28 || a == 73 || a == 77 || a == 74 || a == 65 || a == 44 || a == 53 || a == 80 || a == 54 || a == 1 || a == 18 || a == 59 || a == 81): null

30-03-2025T17:19:00 - [TEST_STEP][PASSED] - else: null

30-03-2025T17:19:00 - [TEST_STEP][PASSED] - path = dataFolder + typeOfData + " за отчётный период " + b: null

30-03-2025T17:19:00 - [TEST_STEP][PASSED] - page = getText(findTestObject(path)): Text of object 'Object Repository/Выполнение бизнес-плана/Значения со страницы Выполнение бизнес-плана/Факт Потери за отчётный период Калмэнерго' is: '21 020'

30-03-2025T17:19:01 - [MESSAGE][PASSED] - Text of object 'Object Repository/Выполнение бизнес-плана/Значения со страницы Выполнение бизнес-плана/Факт Потери за отчётный период Калмэнерго' is: '21 020'

30-03-2025T17:19:01 - [TEST_STEP][PASSED] - if (page == "" || page == null): null

30-03-2025T17:19:01 - [TEST_STEP][PASSED] - else: null

30-03-2025T17:19:01 - [TEST_STEP][PASSED] - page = page.replaceAll("\s+", ""): null

30-03-2025T17:19:01 - [TEST_STEP][PASSED] - if (page == "undefined"): null

30-03-2025T17:19:01 - [TEST_STEP][PASSED] - filePoteri = poteri.toInteger(): null

30-03-2025T17:19:01 - [TEST_STEP][PASSED] - pagePoteri = page.toInteger(): null

30-03-2025T17:19:01 - [TEST_STEP][PASSED] - compare = pageOtpuskVSet: null

30-03-2025T17:19:01 - [TEST_STEP][PASSED] - if (pageOtpuskVSet != null): null

30-03-2025T17:19:01 - [TEST_STEP][PASSED] - if (compare == fileOtpuskVSet): null

30-03-2025T17:19:01 - [TEST_STEP][PASSED] - if (compare == fileOtpuskVSet): null

30-03-2025T17:19:01 - [TEST_STEP][PASSED] - compare = pagePoteri: null

30-03-2025T17:19:01 - [TEST_STEP][PASSED] - if (pageOtpuskVSet != null): null

30-03-2025T17:19:01 - [TEST_STEP][PASSED] - if (compare == filePoteri): null

30-03-2025T17:19:01 - [TEST_STEP][PASSED] - if (compare == filePoteri): null

30-03-2025T17:19:01 - [TEST_STEP][PASSED] - if (planFact == 2): null

30-03-2025T17:19:01 - [TEST_STEP][PASSED] - if (planFact == 1): null

30-03-2025T17:19:01 - [TEST_STEP][PASSED] - else if (planFact == 2): null

30-03-2025T17:19:01 - [TEST_STEP][PASSED] - click(findTestObject("Выполнение бизнес-плана/Кнопка План")): Object: 'Object Repository/Выполнение бизнес-плана/Кнопка План' is clicked on

30-03-2025T17:19:01 - [MESSAGE][PASSED] - Object: 'Object Repository/Выполнение бизнес-плана/Кнопка План' is clicked on

30-03-2025T17:19:01 - [TEST_STEP][PASSED] - typeOfDataMain = "План": null

30-03-2025T17:19:01 - [TEST_STEP][PASSED] - otpusk = findTestData("PlanFact").getValue(2, a): null

30-03-2025T17:19:01 - [TEST_STEP][PASSED] - poteri = findTestData("PlanFact").getValue(3, a): null

30-03-2025T17:19:01 - [TEST_STEP][PASSED] - otpusk = otpusk.replaceAll("\s+", ""): null

30-03-2025T17:19:01 - [TEST_STEP][PASSED] - poteri = poteri.replaceAll("\s+", ""): null

30-03-2025T17:19:01 - [TEST_STEP][PASSED] - typeOfData = typeOfDataMain + " Отпуск в сеть": null

30-03-2025T17:19:01 - [TEST_STEP][PASSED] - if (a == 82): null

30-03-2025T17:19:01 - [TEST_STEP][PASSED] - else if (a == 84): null

30-03-2025T17:19:01 - [TEST_STEP][PASSED] - else if (a == 83 || a == 52 || a == 72 || a == 28 || a == 73 || a == 77 || a == 74 || a == 65 || a == 36 || a == 44 || a == 53 || a == 80 || a == 54 || a == 1 || a == 18 || a == 59 || a == 81): null

30-03-2025T17:19:01 - [TEST_STEP][PASSED] - else: null

30-03-2025T17:19:01 - [TEST_STEP][PASSED] - path = dataFolder + typeOfData + " за отчётный период " + b: null

30-03-2025T17:19:01 - [TEST_STEP][PASSED] - println(path): null

30-03-2025T17:19:01 - [TEST_STEP][PASSED] - page = getText(findTestObject(path)): Text of object 'Object Repository/Выполнение бизнес-плана/Значения со страницы Выполнение бизнес-плана/План Отпуск в сеть за отчётный период Калмэнерго' is: '86 395'

30-03-2025T17:19:01 - [MESSAGE][PASSED] - Text of object 'Object Repository/Выполнение бизнес-плана/Значения со страницы Выполнение бизнес-плана/План Отпуск в сеть за отчётный период Калмэнерго' is: '86 395'

30-03-2025T17:19:01 - [TEST_STEP][PASSED] - if (page == "" || page == null): null

30-03-2025T17:19:01 - [TEST_STEP][PASSED] - else: null

30-03-2025T17:19:01 - [TEST_STEP][PASSED] - page = page.replaceAll("\s+", ""): null

30-03-2025T17:19:01 - [TEST_STEP][PASSED] - if (page == "undefined"): null

30-03-2025T17:19:01 - [TEST_STEP][PASSED] - fileOtpuskVSet = otpusk.toInteger(): null

30-03-2025T17:19:01 - [TEST_STEP][PASSED] - pageOtpuskVSet = page.toInteger(): null

30-03-2025T17:19:01 - [TEST_STEP][PASSED] - typeOfData = typeOfDataMain + " Потери": null

30-03-2025T17:19:01 - [TEST_STEP][PASSED] - if (a == 82): null

30-03-2025T17:19:01 - [TEST_STEP][PASSED] - else if (a == 84): null

30-03-2025T17:19:01 - [TEST_STEP][PASSED] - else if (a == 83 || a == 52 || a == 72 || a == 28 || a == 73 || a == 77 || a == 74 || a == 65 || a == 44 || a == 53 || a == 80 || a == 54 || a == 1 || a == 18 || a == 59 || a == 81): null

30-03-2025T17:19:01 - [TEST_STEP][PASSED] - else: null

30-03-2025T17:19:01 - [TEST_STEP][PASSED] - path = dataFolder + typeOfData + " за отчётный период " + b: null

30-03-2025T17:19:01 - [TEST_STEP][PASSED] - page = getText(findTestObject(path)): Text of object 'Object Repository/Выполнение бизнес-плана/Значения со страницы Выполнение бизнес-плана/План Потери за отчётный период Калмэнерго' is: '23 319'

30-03-2025T17:19:02 - [MESSAGE][PASSED] - Text of object 'Object Repository/Выполнение бизнес-плана/Значения со страницы Выполнение бизнес-плана/План Потери за отчётный период Калмэнерго' is: '23 319'

30-03-2025T17:19:02 - [TEST_STEP][PASSED] - if (page == "" || page == null): null

30-03-2025T17:19:02 - [TEST_STEP][PASSED] - else: null

30-03-2025T17:19:02 - [TEST_STEP][PASSED] - page = page.replaceAll("\s+", ""): null

30-03-2025T17:19:02 - [TEST_STEP][PASSED] - if (page == "undefined"): null

30-03-2025T17:19:02 - [TEST_STEP][PASSED] - filePoteri = poteri.toInteger(): null

30-03-2025T17:19:02 - [TEST_STEP][PASSED] - pagePoteri = page.toInteger(): null

30-03-2025T17:19:02 - [TEST_STEP][PASSED] - compare = pageOtpuskVSet: null

30-03-2025T17:19:02 - [TEST_STEP][PASSED] - if (pageOtpuskVSet != null): null

30-03-2025T17:19:02 - [TEST_STEP][PASSED] - if (compare == fileOtpuskVSet): null

30-03-2025T17:19:02 - [TEST_STEP][PASSED] - if (compare == fileOtpuskVSet): null

30-03-2025T17:19:02 - [TEST_STEP][PASSED] - compare = pagePoteri: null

30-03-2025T17:19:02 - [TEST_STEP][PASSED] - if (pageOtpuskVSet != null): null

30-03-2025T17:19:02 - [TEST_STEP][PASSED] - if (compare == filePoteri): null

30-03-2025T17:19:02 - [TEST_STEP][PASSED] - if (compare == filePoteri): null

30-03-2025T17:19:02 - [TEST_STEP][PASSED] - if (planFact == 2): Object: 'Object Repository/Выполнение бизнес-плана/Кнопка Факт' is clicked on

30-03-2025T17:19:02 - [TEST_STEP][PASSED] - click(findTestObject("Выполнение бизнес-плана/Кнопка Факт")): Object: 'Object Repository/Выполнение бизнес-плана/Кнопка Факт' is clicked on

30-03-2025T17:19:02 - [MESSAGE][PASSED] - Object: 'Object Repository/Выполнение бизнес-плана/Кнопка Факт' is clicked on

30-03-2025T17:19:02 - [TEST_STEP][PASSED] - println("a=" + a): null

30-03-2025T17:19:02 - [TEST_STEP][PASSED] - if (a == 84 || a == 82): null

30-03-2025T17:19:02 - [TEST_STEP][PASSED] - else if (a == 83 || a == 52 || a == 72 || a == 28 || a == 73 || a == 77 || a == 74 || a == 65 || a == 36 || a == 44 || a == 53 || a == 80 || a == 54 || a == 1 || a == 18 || a == 59 || a == 81): null

30-03-2025T17:19:02 - [TEST_STEP][PASSED] - else: null

30-03-2025T17:19:02 - [TEST_STEP][PASSED] - page1 = getText(findTestObject("Object Repository/Выполнение бизнес-плана/spanPlan" + filialNum)): Text of object 'Object Repository/Выполнение бизнес-плана/spanPlan4' is: '26.99
|'

30-03-2025T17:19:02 - [MESSAGE][PASSED] - Text of object 'Object Repository/Выполнение бизнес-плана/spanPlan4' is: '26.99
|'

30-03-2025T17:19:02 - [TEST_STEP][PASSED] - page1 = page1.replace("|", ""): null

30-03-2025T17:19:02 - [TEST_STEP][PASSED] - page2 = getText(findTestObject("Object Repository/Выполнение бизнес-плана/spanFact" + filialNum)): Text of object 'Object Repository/Выполнение бизнес-плана/spanFact4' is: '25.74
|'

30-03-2025T17:19:03 - [MESSAGE][PASSED] - Text of object 'Object Repository/Выполнение бизнес-плана/spanFact4' is: '25.74
|'

30-03-2025T17:19:03 - [TEST_STEP][PASSED] - page2 = page2.replace("|", ""): null

30-03-2025T17:19:03 - [TEST_STEP][PASSED] - println("page1: " + page1): null

30-03-2025T17:19:03 - [TEST_STEP][PASSED] - println("page2: " + page2): null

30-03-2025T17:19:03 - [TEST_STEP][PASSED] - file = findTestData("PlanFact").getValue(4, a): null

30-03-2025T17:19:03 - [TEST_STEP][PASSED] - file = file.replace(",", "."): null

30-03-2025T17:19:03 - [TEST_STEP][PASSED] - println("file Plan: " + file): null

30-03-2025T17:19:03 - [TEST_STEP][PASSED] - typeOfData = "План в процентах": null

30-03-2025T17:19:03 - [TEST_STEP][PASSED] - fileDouble = file.toDouble(): null

30-03-2025T17:19:03 - [TEST_STEP][PASSED] - pageDouble = page1.toDouble(): null

30-03-2025T17:19:03 - [TEST_STEP][PASSED] - if (fileDouble != pageDouble): null

30-03-2025T17:19:03 - [TEST_STEP][PASSED] - file = findTestData("PlanFact").getValue(7, a): null

30-03-2025T17:19:03 - [TEST_STEP][PASSED] - file = file.replace(",", "."): null

30-03-2025T17:19:03 - [TEST_STEP][PASSED] - println("file Fact: " + file): null

30-03-2025T17:19:03 - [TEST_STEP][PASSED] - fileDouble = file.toDouble(): null

30-03-2025T17:19:03 - [TEST_STEP][PASSED] - typeOfData = "Факт в процентах": null

30-03-2025T17:19:03 - [TEST_STEP][PASSED] - fileDouble = file.toDouble(): null

30-03-2025T17:19:03 - [TEST_STEP][PASSED] - pageDouble = page2.toDouble(): null

30-03-2025T17:19:03 - [TEST_STEP][PASSED] - if (fileDouble != pageDouble): null

30-03-2025T17:19:03 - [TEST_STEP][PASSED] - if (verifyEqual(numberOfErrors, 0) == false): Actual object '0' and expected object '0' are equal

30-03-2025T17:19:03 - [MESSAGE][PASSED] - Actual object '0' and expected object '0' are equal

30-03-2025T17:19:03 - [TEST_STEP][PASSED] - if (a == 82): null

30-03-2025T17:19:03 - [TEST_STEP][PASSED] - dZO = "Ростовэнерго": null

30-03-2025T17:19:03 - [TEST_STEP][PASSED] - a = 63: null

30-03-2025T17:19:03 - [TEST_STEP][PASSED] - if (x2.contains(dZO)): null

30-03-2025T17:19:03 - [TEST_STEP][PASSED] - filialNum = filialNum + 1: null

30-03-2025T17:19:03 - [TEST_STEP][PASSED] - Script1718980020443.Numbers(a, typeOfData, todaysDate, pageInt, fileInt, pageDouble, fileDouble, dZO, dzoNum, filialNum): null

30-03-2025T17:19:03 - [TEST_STEP][PASSED] - println(dzoNum): null

30-03-2025T17:19:03 - [TEST_STEP][PASSED] - planFact = <not implemented yet for class: org.codehaus.groovy.ast.expr.EmptyExpression>: null

30-03-2025T17:19:03 - [TEST_STEP][PASSED] - page = <not implemented yet for class: org.codehaus.groovy.ast.expr.EmptyExpression>: null

30-03-2025T17:19:03 - [TEST_STEP][PASSED] - page1 = <not implemented yet for class: org.codehaus.groovy.ast.expr.EmptyExpression>: null

30-03-2025T17:19:03 - [TEST_STEP][PASSED] - page2 = <not implemented yet for class: org.codehaus.groovy.ast.expr.EmptyExpression>: null

30-03-2025T17:19:03 - [TEST_STEP][PASSED] - filialNumberInRow = <not implemented yet for class: org.codehaus.groovy.ast.expr.EmptyExpression>: null

30-03-2025T17:19:03 - [TEST_STEP][PASSED] - filialsDzoNames = <not implemented yet for class: org.codehaus.groovy.ast.expr.EmptyExpression>: null

30-03-2025T17:19:03 - [TEST_STEP][PASSED] - numberOfFilials = <not implemented yet for class: org.codehaus.groovy.ast.expr.EmptyExpression>: null

30-03-2025T17:19:03 - [TEST_STEP][PASSED] - numberOfSpaces = <not implemented yet for class: org.codehaus.groovy.ast.expr.EmptyExpression>: null

30-03-2025T17:19:03 - [TEST_STEP][PASSED] - file = <not implemented yet for class: org.codehaus.groovy.ast.expr.EmptyExpression>: null

30-03-2025T17:19:03 - [TEST_STEP][PASSED] - otpusk = <not implemented yet for class: org.codehaus.groovy.ast.expr.EmptyExpression>: null

30-03-2025T17:19:03 - [TEST_STEP][PASSED] - poteri = <not implemented yet for class: org.codehaus.groovy.ast.expr.EmptyExpression>: null

30-03-2025T17:19:03 - [TEST_STEP][PASSED] - dataFolder = "Выполнение бизнес-плана/Значения со страницы Выполнение бизнес-плана/": null

30-03-2025T17:19:03 - [TEST_STEP][PASSED] - path = <not implemented yet for class: org.codehaus.groovy.ast.expr.EmptyExpression>: null

30-03-2025T17:19:03 - [TEST_STEP][PASSED] - typeOfDataMain = <not implemented yet for class: org.codehaus.groovy.ast.expr.EmptyExpression>: null

30-03-2025T17:19:03 - [TEST_STEP][PASSED] - fileOtpuskVSet = <not implemented yet for class: org.codehaus.groovy.ast.expr.EmptyExpression>: null

30-03-2025T17:19:03 - [TEST_STEP][PASSED] - pageOtpuskVSet = <not implemented yet for class: org.codehaus.groovy.ast.expr.EmptyExpression>: null

30-03-2025T17:19:03 - [TEST_STEP][PASSED] - filePoteri = <not implemented yet for class: org.codehaus.groovy.ast.expr.EmptyExpression>: null

30-03-2025T17:19:03 - [TEST_STEP][PASSED] - pagePoteri = <not implemented yet for class: org.codehaus.groovy.ast.expr.EmptyExpression>: null

30-03-2025T17:19:03 - [TEST_STEP][PASSED] - compare = <not implemented yet for class: org.codehaus.groovy.ast.expr.EmptyExpression>: null

30-03-2025T17:19:03 - [TEST_STEP][PASSED] - b = <not implemented yet for class: org.codehaus.groovy.ast.expr.EmptyExpression>: null

30-03-2025T17:19:03 - [TEST_STEP][PASSED] - i = <not implemented yet for class: org.codehaus.groovy.ast.expr.EmptyExpression>: null

30-03-2025T17:19:03 - [TEST_STEP][PASSED] - ii = <not implemented yet for class: org.codehaus.groovy.ast.expr.EmptyExpression>: null

30-03-2025T17:19:03 - [TEST_STEP][PASSED] - c = <not implemented yet for class: org.codehaus.groovy.ast.expr.EmptyExpression>: null

30-03-2025T17:19:03 - [TEST_STEP][PASSED] - numberOfErrors = 0: null

30-03-2025T17:19:03 - [TEST_STEP][PASSED] - if (a == 82): null

30-03-2025T17:19:03 - [TEST_STEP][PASSED] - b = findTestData("PlanFact").getValue(1, a): null

30-03-2025T17:19:03 - [TEST_STEP][PASSED] - i = b.indexOf(" (ГК)"): null

30-03-2025T17:19:03 - [TEST_STEP][PASSED] - if (i > -1): null

30-03-2025T17:19:03 - [TEST_STEP][PASSED] - i = b.indexOf("О ""): null

30-03-2025T17:19:03 - [TEST_STEP][PASSED] - if (i > -1): null

30-03-2025T17:19:03 - [TEST_STEP][PASSED] - i = b.indexOf("О «"): null

30-03-2025T17:19:03 - [TEST_STEP][PASSED] - if (i > -1): null

30-03-2025T17:19:03 - [TEST_STEP][PASSED] - i = b.indexOf("г. "): null

30-03-2025T17:19:03 - [TEST_STEP][PASSED] - if (i > -1): null

30-03-2025T17:19:03 - [TEST_STEP][PASSED] - b = b.trim(): null

30-03-2025T17:19:03 - [TEST_STEP][PASSED] - println(b): null

30-03-2025T17:19:03 - [TEST_STEP][PASSED] - for ([planFact = 1, planFact < 3, (planFact++)]): Object: 'Object Repository/Выполнение бизнес-плана/Кнопка Факт' is clicked on

30-03-2025T17:19:03 - [TEST_STEP][PASSED] - if (planFact == 1): null

30-03-2025T17:19:03 - [TEST_STEP][PASSED] - typeOfDataMain = "Факт": null

30-03-2025T17:19:03 - [TEST_STEP][PASSED] - otpusk = findTestData("PlanFact").getValue(5, a): null

30-03-2025T17:19:03 - [TEST_STEP][PASSED] - poteri = findTestData("PlanFact").getValue(6, a): null

30-03-2025T17:19:03 - [TEST_STEP][PASSED] - otpusk = otpusk.replaceAll("\s+", ""): null

30-03-2025T17:19:03 - [TEST_STEP][PASSED] - poteri = poteri.replaceAll("\s+", ""): null

30-03-2025T17:19:03 - [TEST_STEP][PASSED] - typeOfData = typeOfDataMain + " Отпуск в сеть": null

30-03-2025T17:19:03 - [TEST_STEP][PASSED] - if (a == 82): null

30-03-2025T17:19:03 - [TEST_STEP][PASSED] - else if (a == 84): null

30-03-2025T17:19:03 - [TEST_STEP][PASSED] - else if (a == 83 || a == 52 || a == 72 || a == 28 || a == 73 || a == 77 || a == 74 || a == 65 || a == 36 || a == 44 || a == 53 || a == 80 || a == 54 || a == 1 || a == 18 || a == 59 || a == 81): null

30-03-2025T17:19:03 - [TEST_STEP][PASSED] - else: null

30-03-2025T17:19:03 - [TEST_STEP][PASSED] - path = dataFolder + typeOfData + " за отчётный период " + b: null

30-03-2025T17:19:03 - [TEST_STEP][PASSED] - println(path): null

30-03-2025T17:19:03 - [TEST_STEP][PASSED] - page = getText(findTestObject(path)): Text of object 'Object Repository/Выполнение бизнес-плана/Значения со страницы Выполнение бизнес-плана/Факт Отпуск в сеть за отчётный период Ростовэнерго' is: '1 339 315'

30-03-2025T17:19:03 - [MESSAGE][PASSED] - Text of object 'Object Repository/Выполнение бизнес-плана/Значения со страницы Выполнение бизнес-плана/Факт Отпуск в сеть за отчётный период Ростовэнерго' is: '1 339 315'

30-03-2025T17:19:03 - [TEST_STEP][PASSED] - if (page == "" || page == null): null

30-03-2025T17:19:03 - [TEST_STEP][PASSED] - else: null

30-03-2025T17:19:03 - [TEST_STEP][PASSED] - page = page.replaceAll("\s+", ""): null

30-03-2025T17:19:03 - [TEST_STEP][PASSED] - if (page == "undefined"): null

30-03-2025T17:19:03 - [TEST_STEP][PASSED] - fileOtpuskVSet = otpusk.toInteger(): null

30-03-2025T17:19:03 - [TEST_STEP][PASSED] - pageOtpuskVSet = page.toInteger(): null

30-03-2025T17:19:03 - [TEST_STEP][PASSED] - typeOfData = typeOfDataMain + " Потери": null

30-03-2025T17:19:03 - [TEST_STEP][PASSED] - if (a == 82): null

30-03-2025T17:19:03 - [TEST_STEP][PASSED] - else if (a == 84): null

30-03-2025T17:19:03 - [TEST_STEP][PASSED] - else if (a == 83 || a == 52 || a == 72 || a == 28 || a == 73 || a == 77 || a == 74 || a == 65 || a == 44 || a == 53 || a == 80 || a == 54 || a == 1 || a == 18 || a == 59 || a == 81): null

30-03-2025T17:19:03 - [TEST_STEP][PASSED] - else: null

30-03-2025T17:19:03 - [TEST_STEP][PASSED] - path = dataFolder + typeOfData + " за отчётный период " + b: null

30-03-2025T17:19:03 - [TEST_STEP][PASSED] - page = getText(findTestObject(path)): Text of object 'Object Repository/Выполнение бизнес-плана/Значения со страницы Выполнение бизнес-плана/Факт Потери за отчётный период Ростовэнерго' is: '109 266'

30-03-2025T17:19:03 - [MESSAGE][PASSED] - Text of object 'Object Repository/Выполнение бизнес-плана/Значения со страницы Выполнение бизнес-плана/Факт Потери за отчётный период Ростовэнерго' is: '109 266'

30-03-2025T17:19:03 - [TEST_STEP][PASSED] - if (page == "" || page == null): null

30-03-2025T17:19:03 - [TEST_STEP][PASSED] - else: null

30-03-2025T17:19:03 - [TEST_STEP][PASSED] - page = page.replaceAll("\s+", ""): null

30-03-2025T17:19:03 - [TEST_STEP][PASSED] - if (page == "undefined"): null

30-03-2025T17:19:03 - [TEST_STEP][PASSED] - filePoteri = poteri.toInteger(): null

30-03-2025T17:19:03 - [TEST_STEP][PASSED] - pagePoteri = page.toInteger(): null

30-03-2025T17:19:03 - [TEST_STEP][PASSED] - compare = pageOtpuskVSet: null

30-03-2025T17:19:03 - [TEST_STEP][PASSED] - if (pageOtpuskVSet != null): null

30-03-2025T17:19:03 - [TEST_STEP][PASSED] - if (compare == fileOtpuskVSet): null

30-03-2025T17:19:03 - [TEST_STEP][PASSED] - if (compare == fileOtpuskVSet): null

30-03-2025T17:19:04 - [TEST_STEP][PASSED] - compare = pagePoteri: null

30-03-2025T17:19:04 - [TEST_STEP][PASSED] - if (pageOtpuskVSet != null): null

30-03-2025T17:19:04 - [TEST_STEP][PASSED] - if (compare == filePoteri): null

30-03-2025T17:19:04 - [TEST_STEP][PASSED] - if (compare == filePoteri): null

30-03-2025T17:19:04 - [TEST_STEP][PASSED] - if (planFact == 2): null

30-03-2025T17:19:04 - [TEST_STEP][PASSED] - if (planFact == 1): null

30-03-2025T17:19:04 - [TEST_STEP][PASSED] - else if (planFact == 2): null

30-03-2025T17:19:04 - [TEST_STEP][PASSED] - click(findTestObject("Выполнение бизнес-плана/Кнопка План")): Object: 'Object Repository/Выполнение бизнес-плана/Кнопка План' is clicked on

30-03-2025T17:19:04 - [MESSAGE][PASSED] - Object: 'Object Repository/Выполнение бизнес-плана/Кнопка План' is clicked on

30-03-2025T17:19:04 - [TEST_STEP][PASSED] - typeOfDataMain = "План": null

30-03-2025T17:19:04 - [TEST_STEP][PASSED] - otpusk = findTestData("PlanFact").getValue(2, a): null

30-03-2025T17:19:04 - [TEST_STEP][PASSED] - poteri = findTestData("PlanFact").getValue(3, a): null

30-03-2025T17:19:04 - [TEST_STEP][PASSED] - otpusk = otpusk.replaceAll("\s+", ""): null

30-03-2025T17:19:04 - [TEST_STEP][PASSED] - poteri = poteri.replaceAll("\s+", ""): null

30-03-2025T17:19:04 - [TEST_STEP][PASSED] - typeOfData = typeOfDataMain + " Отпуск в сеть": null

30-03-2025T17:19:04 - [TEST_STEP][PASSED] - if (a == 82): null

30-03-2025T17:19:04 - [TEST_STEP][PASSED] - else if (a == 84): null

30-03-2025T17:19:04 - [TEST_STEP][PASSED] - else if (a == 83 || a == 52 || a == 72 || a == 28 || a == 73 || a == 77 || a == 74 || a == 65 || a == 36 || a == 44 || a == 53 || a == 80 || a == 54 || a == 1 || a == 18 || a == 59 || a == 81): null

30-03-2025T17:19:04 - [TEST_STEP][PASSED] - else: null

30-03-2025T17:19:04 - [TEST_STEP][PASSED] - path = dataFolder + typeOfData + " за отчётный период " + b: null

30-03-2025T17:19:04 - [TEST_STEP][PASSED] - println(path): null

30-03-2025T17:19:04 - [TEST_STEP][PASSED] - page = getText(findTestObject(path)): Text of object 'Object Repository/Выполнение бизнес-плана/Значения со страницы Выполнение бизнес-плана/План Отпуск в сеть за отчётный период Ростовэнерго' is: '1 403 337'

30-03-2025T17:19:04 - [MESSAGE][PASSED] - Text of object 'Object Repository/Выполнение бизнес-плана/Значения со страницы Выполнение бизнес-плана/План Отпуск в сеть за отчётный период Ростовэнерго' is: '1 403 337'

30-03-2025T17:19:04 - [TEST_STEP][PASSED] - if (page == "" || page == null): null

30-03-2025T17:19:04 - [TEST_STEP][PASSED] - else: null

30-03-2025T17:19:04 - [TEST_STEP][PASSED] - page = page.replaceAll("\s+", ""): null

30-03-2025T17:19:04 - [TEST_STEP][PASSED] - if (page == "undefined"): null

30-03-2025T17:19:04 - [TEST_STEP][PASSED] - fileOtpuskVSet = otpusk.toInteger(): null

30-03-2025T17:19:04 - [TEST_STEP][PASSED] - pageOtpuskVSet = page.toInteger(): null

30-03-2025T17:19:04 - [TEST_STEP][PASSED] - typeOfData = typeOfDataMain + " Потери": null

30-03-2025T17:19:04 - [TEST_STEP][PASSED] - if (a == 82): null

30-03-2025T17:19:04 - [TEST_STEP][PASSED] - else if (a == 84): null

30-03-2025T17:19:04 - [TEST_STEP][PASSED] - else if (a == 83 || a == 52 || a == 72 || a == 28 || a == 73 || a == 77 || a == 74 || a == 65 || a == 44 || a == 53 || a == 80 || a == 54 || a == 1 || a == 18 || a == 59 || a == 81): null

30-03-2025T17:19:04 - [TEST_STEP][PASSED] - else: null

30-03-2025T17:19:04 - [TEST_STEP][PASSED] - path = dataFolder + typeOfData + " за отчётный период " + b: null

30-03-2025T17:19:04 - [TEST_STEP][PASSED] - page = getText(findTestObject(path)): Text of object 'Object Repository/Выполнение бизнес-плана/Значения со страницы Выполнение бизнес-плана/План Потери за отчётный период Ростовэнерго' is: '129 545'

30-03-2025T17:19:05 - [MESSAGE][PASSED] - Text of object 'Object Repository/Выполнение бизнес-плана/Значения со страницы Выполнение бизнес-плана/План Потери за отчётный период Ростовэнерго' is: '129 545'

30-03-2025T17:19:05 - [TEST_STEP][PASSED] - if (page == "" || page == null): null

30-03-2025T17:19:05 - [TEST_STEP][PASSED] - else: null

30-03-2025T17:19:05 - [TEST_STEP][PASSED] - page = page.replaceAll("\s+", ""): null

30-03-2025T17:19:05 - [TEST_STEP][PASSED] - if (page == "undefined"): null

30-03-2025T17:19:05 - [TEST_STEP][PASSED] - filePoteri = poteri.toInteger(): null

30-03-2025T17:19:05 - [TEST_STEP][PASSED] - pagePoteri = page.toInteger(): null

30-03-2025T17:19:05 - [TEST_STEP][PASSED] - compare = pageOtpuskVSet: null

30-03-2025T17:19:05 - [TEST_STEP][PASSED] - if (pageOtpuskVSet != null): null

30-03-2025T17:19:05 - [TEST_STEP][PASSED] - if (compare == fileOtpuskVSet): null

30-03-2025T17:19:05 - [TEST_STEP][PASSED] - if (compare == fileOtpuskVSet): null

30-03-2025T17:19:05 - [TEST_STEP][PASSED] - compare = pagePoteri: null

30-03-2025T17:19:05 - [TEST_STEP][PASSED] - if (pageOtpuskVSet != null): null

30-03-2025T17:19:05 - [TEST_STEP][PASSED] - if (compare == filePoteri): null

30-03-2025T17:19:05 - [TEST_STEP][PASSED] - if (compare == filePoteri): null

30-03-2025T17:19:05 - [TEST_STEP][PASSED] - if (planFact == 2): Object: 'Object Repository/Выполнение бизнес-плана/Кнопка Факт' is clicked on

30-03-2025T17:19:05 - [TEST_STEP][PASSED] - click(findTestObject("Выполнение бизнес-плана/Кнопка Факт")): Object: 'Object Repository/Выполнение бизнес-плана/Кнопка Факт' is clicked on

30-03-2025T17:19:05 - [MESSAGE][PASSED] - Object: 'Object Repository/Выполнение бизнес-плана/Кнопка Факт' is clicked on

30-03-2025T17:19:05 - [TEST_STEP][PASSED] - println("a=" + a): null

30-03-2025T17:19:05 - [TEST_STEP][PASSED] - if (a == 84 || a == 82): null

30-03-2025T17:19:05 - [TEST_STEP][PASSED] - else if (a == 83 || a == 52 || a == 72 || a == 28 || a == 73 || a == 77 || a == 74 || a == 65 || a == 36 || a == 44 || a == 53 || a == 80 || a == 54 || a == 1 || a == 18 || a == 59 || a == 81): null

30-03-2025T17:19:05 - [TEST_STEP][PASSED] - else: null

30-03-2025T17:19:05 - [TEST_STEP][PASSED] - page1 = getText(findTestObject("Object Repository/Выполнение бизнес-плана/spanPlan" + filialNum)): Text of object 'Object Repository/Выполнение бизнес-плана/spanPlan5' is: '9.23
|'

30-03-2025T17:19:05 - [MESSAGE][PASSED] - Text of object 'Object Repository/Выполнение бизнес-плана/spanPlan5' is: '9.23
|'

30-03-2025T17:19:05 - [TEST_STEP][PASSED] - page1 = page1.replace("|", ""): null

30-03-2025T17:19:05 - [TEST_STEP][PASSED] - page2 = getText(findTestObject("Object Repository/Выполнение бизнес-плана/spanFact" + filialNum)): Text of object 'Object Repository/Выполнение бизнес-плана/spanFact5' is: '8.16
|'

30-03-2025T17:19:05 - [MESSAGE][PASSED] - Text of object 'Object Repository/Выполнение бизнес-плана/spanFact5' is: '8.16
|'

30-03-2025T17:19:05 - [TEST_STEP][PASSED] - page2 = page2.replace("|", ""): null

30-03-2025T17:19:05 - [TEST_STEP][PASSED] - println("page1: " + page1): null

30-03-2025T17:19:05 - [TEST_STEP][PASSED] - println("page2: " + page2): null

30-03-2025T17:19:05 - [TEST_STEP][PASSED] - file = findTestData("PlanFact").getValue(4, a): null

30-03-2025T17:19:06 - [TEST_STEP][PASSED] - file = file.replace(",", "."): null

30-03-2025T17:19:06 - [TEST_STEP][PASSED] - println("file Plan: " + file): null

30-03-2025T17:19:06 - [TEST_STEP][PASSED] - typeOfData = "План в процентах": null

30-03-2025T17:19:06 - [TEST_STEP][PASSED] - fileDouble = file.toDouble(): null

30-03-2025T17:19:06 - [TEST_STEP][PASSED] - pageDouble = page1.toDouble(): null

30-03-2025T17:19:06 - [TEST_STEP][PASSED] - if (fileDouble != pageDouble): null

30-03-2025T17:19:06 - [TEST_STEP][PASSED] - file = findTestData("PlanFact").getValue(7, a): null

30-03-2025T17:19:06 - [TEST_STEP][PASSED] - file = file.replace(",", "."): null

30-03-2025T17:19:06 - [TEST_STEP][PASSED] - println("file Fact: " + file): null

30-03-2025T17:19:06 - [TEST_STEP][PASSED] - fileDouble = file.toDouble(): null

30-03-2025T17:19:06 - [TEST_STEP][PASSED] - typeOfData = "Факт в процентах": null

30-03-2025T17:19:06 - [TEST_STEP][PASSED] - fileDouble = file.toDouble(): null

30-03-2025T17:19:06 - [TEST_STEP][PASSED] - pageDouble = page2.toDouble(): null

30-03-2025T17:19:06 - [TEST_STEP][PASSED] - if (fileDouble != pageDouble): null

30-03-2025T17:19:06 - [TEST_STEP][PASSED] - if (verifyEqual(numberOfErrors, 0) == false): Actual object '0' and expected object '0' are equal

30-03-2025T17:19:06 - [MESSAGE][PASSED] - Actual object '0' and expected object '0' are equal

30-03-2025T17:19:06 - [TEST_STEP][PASSED] - if (a == 82): null

30-03-2025T17:19:06 - [TEST_STEP][PASSED] - filialNum = 0: null

30-03-2025T17:19:06 - [TEST_STEP][PASSED] - Script1718980020443.OpenFilter(): null

30-03-2025T17:19:06 - [TEST_STEP][PASSED] - click(findTestObject("Object Repository/Выполнение бизнес-плана/Фильтр ДЗО")): Object: 'Object Repository/Выполнение бизнес-плана/Фильтр ДЗО' is clicked on

30-03-2025T17:19:06 - [MESSAGE][PASSED] - Object: 'Object Repository/Выполнение бизнес-плана/Фильтр ДЗО' is clicked on

30-03-2025T17:19:06 - [TEST_STEP][PASSED] - click(findTestObject("Выполнение бизнес-плана/Снять выделение в фильтре ДЗО")): Object: 'Object Repository/Выполнение бизнес-плана/Снять выделение в фильтре ДЗО' is clicked on

30-03-2025T17:19:06 - [MESSAGE][PASSED] - Object: 'Object Repository/Выполнение бизнес-плана/Снять выделение в фильтре ДЗО' is clicked on

30-03-2025T17:19:06 - [TEST_STEP][PASSED] - Script1718980020443.CloseFilter(): null

30-03-2025T17:19:06 - [TEST_STEP][PASSED] - scrollToElement(findTestObject("Выполнение бизнес-плана/Заголовок дашборда"), 30): Scroll to object 'Object Repository/Выполнение бизнес-плана/Заголовок дашборда' successfully

30-03-2025T17:19:07 - [MESSAGE][PASSED] - Scroll to object 'Object Repository/Выполнение бизнес-плана/Заголовок дашборда' successfully

30-03-2025T17:19:07 - [TEST_STEP][PASSED] - click(findTestObject("Object Repository/Выполнение бизнес-плана/Применить в фильтре ДЗО")): Object: 'Object Repository/Выполнение бизнес-плана/Применить в фильтре ДЗО' is clicked on

30-03-2025T17:19:08 - [MESSAGE][PASSED] - Object: 'Object Repository/Выполнение бизнес-плана/Применить в фильтре ДЗО' is clicked on

30-03-2025T17:19:08 - [TEST_STEP][PASSED] - delay(60): Delayed 60 second(s)

30-03-2025T17:20:08 - [MESSAGE][PASSED] - Delayed 60 second(s)

30-03-2025T17:20:08 - [TEST_STEP][PASSED] - if (a == 82): null

30-03-2025T17:20:08 - [TEST_STEP][PASSED] - println(dzoNum): null

30-03-2025T17:20:08 - [TEST_STEP][PASSED] - dZO = "Россети Янтарь": null

30-03-2025T17:20:08 - [TEST_STEP][PASSED] - a = 81: null

30-03-2025T17:20:08 - [TEST_STEP][PASSED] - if (x1.contains("Янтарь")): null

30-03-2025T17:20:08 - [TEST_STEP][PASSED] - dzoNum = dzoNum + 1: null

30-03-2025T17:20:08 - [TEST_STEP][PASSED] - Script1718980020443.Numbers(a, typeOfData, todaysDate, pageInt, fileInt, pageDouble, fileDouble, dZO, dzoNum, filialNum): null

30-03-2025T17:20:08 - [TEST_STEP][PASSED] - println(dzoNum): null

30-03-2025T17:20:08 - [TEST_STEP][PASSED] - planFact = <not implemented yet for class: org.codehaus.groovy.ast.expr.EmptyExpression>: null

30-03-2025T17:20:08 - [TEST_STEP][PASSED] - page = <not implemented yet for class: org.codehaus.groovy.ast.expr.EmptyExpression>: null

30-03-2025T17:20:08 - [TEST_STEP][PASSED] - page1 = <not implemented yet for class: org.codehaus.groovy.ast.expr.EmptyExpression>: null

30-03-2025T17:20:08 - [TEST_STEP][PASSED] - page2 = <not implemented yet for class: org.codehaus.groovy.ast.expr.EmptyExpression>: null

30-03-2025T17:20:08 - [TEST_STEP][PASSED] - filialNumberInRow = <not implemented yet for class: org.codehaus.groovy.ast.expr.EmptyExpression>: null

30-03-2025T17:20:08 - [TEST_STEP][PASSED] - filialsDzoNames = <not implemented yet for class: org.codehaus.groovy.ast.expr.EmptyExpression>: null

30-03-2025T17:20:08 - [TEST_STEP][PASSED] - numberOfFilials = <not implemented yet for class: org.codehaus.groovy.ast.expr.EmptyExpression>: null

30-03-2025T17:20:08 - [TEST_STEP][PASSED] - numberOfSpaces = <not implemented yet for class: org.codehaus.groovy.ast.expr.EmptyExpression>: null

30-03-2025T17:20:08 - [TEST_STEP][PASSED] - file = <not implemented yet for class: org.codehaus.groovy.ast.expr.EmptyExpression>: null

30-03-2025T17:20:08 - [TEST_STEP][PASSED] - otpusk = <not implemented yet for class: org.codehaus.groovy.ast.expr.EmptyExpression>: null

30-03-2025T17:20:08 - [TEST_STEP][PASSED] - poteri = <not implemented yet for class: org.codehaus.groovy.ast.expr.EmptyExpression>: null

30-03-2025T17:20:08 - [TEST_STEP][PASSED] - dataFolder = "Выполнение бизнес-плана/Значения со страницы Выполнение бизнес-плана/": null

30-03-2025T17:20:08 - [TEST_STEP][PASSED] - path = <not implemented yet for class: org.codehaus.groovy.ast.expr.EmptyExpression>: null

30-03-2025T17:20:08 - [TEST_STEP][PASSED] - typeOfDataMain = <not implemented yet for class: org.codehaus.groovy.ast.expr.EmptyExpression>: null

30-03-2025T17:20:08 - [TEST_STEP][PASSED] - fileOtpuskVSet = <not implemented yet for class: org.codehaus.groovy.ast.expr.EmptyExpression>: null

30-03-2025T17:20:08 - [TEST_STEP][PASSED] - pageOtpuskVSet = <not implemented yet for class: org.codehaus.groovy.ast.expr.EmptyExpression>: null

30-03-2025T17:20:08 - [TEST_STEP][PASSED] - filePoteri = <not implemented yet for class: org.codehaus.groovy.ast.expr.EmptyExpression>: null

30-03-2025T17:20:08 - [TEST_STEP][PASSED] - pagePoteri = <not implemented yet for class: org.codehaus.groovy.ast.expr.EmptyExpression>: null

30-03-2025T17:20:08 - [TEST_STEP][PASSED] - compare = <not implemented yet for class: org.codehaus.groovy.ast.expr.EmptyExpression>: null

30-03-2025T17:20:08 - [TEST_STEP][PASSED] - b = <not implemented yet for class: org.codehaus.groovy.ast.expr.EmptyExpression>: null

30-03-2025T17:20:08 - [TEST_STEP][PASSED] - i = <not implemented yet for class: org.codehaus.groovy.ast.expr.EmptyExpression>: null

30-03-2025T17:20:08 - [TEST_STEP][PASSED] - ii = <not implemented yet for class: org.codehaus.groovy.ast.expr.EmptyExpression>: null

30-03-2025T17:20:08 - [TEST_STEP][PASSED] - c = <not implemented yet for class: org.codehaus.groovy.ast.expr.EmptyExpression>: null

30-03-2025T17:20:08 - [TEST_STEP][PASSED] - numberOfErrors = 0: null

30-03-2025T17:20:08 - [TEST_STEP][PASSED] - if (a == 82): null

30-03-2025T17:20:08 - [TEST_STEP][PASSED] - b = findTestData("PlanFact").getValue(1, a): null

30-03-2025T17:20:08 - [TEST_STEP][PASSED] - i = b.indexOf(" (ГК)"): null

30-03-2025T17:20:08 - [TEST_STEP][PASSED] - if (i > -1): null

30-03-2025T17:20:08 - [TEST_STEP][PASSED] - i = b.indexOf("О ""): null

30-03-2025T17:20:08 - [TEST_STEP][PASSED] - if (i > -1): null

30-03-2025T17:20:08 - [TEST_STEP][PASSED] - i = b.indexOf("О «"): null

30-03-2025T17:20:08 - [TEST_STEP][PASSED] - if (i > -1): null

30-03-2025T17:20:08 - [TEST_STEP][PASSED] - i = b.indexOf("г. "): null

30-03-2025T17:20:08 - [TEST_STEP][PASSED] - if (i > -1): null

30-03-2025T17:20:08 - [TEST_STEP][PASSED] - b = b.trim(): null

30-03-2025T17:20:08 - [TEST_STEP][PASSED] - println(b): null

30-03-2025T17:20:08 - [TEST_STEP][PASSED] - for ([planFact = 1, planFact < 3, (planFact++)]): null

30-03-2025T17:20:08 - [TEST_STEP][PASSED] - if (planFact == 1): null

30-03-2025T17:20:08 - [TEST_STEP][PASSED] - typeOfDataMain = "Факт": null

30-03-2025T17:20:08 - [TEST_STEP][PASSED] - otpusk = findTestData("PlanFact").getValue(5, a): null

30-03-2025T17:20:08 - [TEST_STEP][PASSED] - poteri = findTestData("PlanFact").getValue(6, a): null

30-03-2025T17:20:08 - [TEST_STEP][PASSED] - otpusk = otpusk.replaceAll("\s+", ""): null

30-03-2025T17:20:08 - [TEST_STEP][PASSED] - poteri = poteri.replaceAll("\s+", ""): null

30-03-2025T17:20:08 - [TEST_STEP][PASSED] - typeOfData = typeOfDataMain + " Отпуск в сеть": null

30-03-2025T17:20:08 - [TEST_STEP][PASSED] - if (a == 82): null

30-03-2025T17:20:08 - [TEST_STEP][PASSED] - else if (a == 84): null

30-03-2025T17:20:08 - [TEST_STEP][PASSED] - else if (a == 83 || a == 52 || a == 72 || a == 28 || a == 73 || a == 77 || a == 74 || a == 65 || a == 36 || a == 44 || a == 53 || a == 80 || a == 54 || a == 1 || a == 18 || a == 59 || a == 81): null

30-03-2025T17:20:08 - [TEST_STEP][PASSED] - path = dataFolder + "Table Data/" + typeOfData + " за отчётный период " + dzoNum: null

30-03-2025T17:20:08 - [TEST_STEP][PASSED] - println(path): null

30-03-2025T17:20:08 - [TEST_STEP][PASSED] - page = getText(findTestObject(path)): Text of object 'Object Repository/Выполнение бизнес-плана/Значения со страницы Выполнение бизнес-плана/Table Data/Факт Отпуск в сеть за отчётный период 8' is: '462 838'

30-03-2025T17:20:08 - [MESSAGE][PASSED] - Text of object 'Object Repository/Выполнение бизнес-плана/Значения со страницы Выполнение бизнес-плана/Table Data/Факт Отпуск в сеть за отчётный период 8' is: '462 838'

30-03-2025T17:20:08 - [TEST_STEP][PASSED] - if (page == "" || page == null): null

30-03-2025T17:20:08 - [TEST_STEP][PASSED] - else: null

30-03-2025T17:20:08 - [TEST_STEP][PASSED] - page = page.replaceAll("\s+", ""): null

30-03-2025T17:20:08 - [TEST_STEP][PASSED] - if (page == "undefined"): null

30-03-2025T17:20:08 - [TEST_STEP][PASSED] - fileOtpuskVSet = otpusk.toInteger(): null

30-03-2025T17:20:08 - [TEST_STEP][PASSED] - pageOtpuskVSet = page.toInteger(): null

30-03-2025T17:20:08 - [TEST_STEP][PASSED] - typeOfData = typeOfDataMain + " Потери": null

30-03-2025T17:20:08 - [TEST_STEP][PASSED] - if (a == 82): null

30-03-2025T17:20:08 - [TEST_STEP][PASSED] - else if (a == 84): null

30-03-2025T17:20:08 - [TEST_STEP][PASSED] - else if (a == 83 || a == 52 || a == 72 || a == 28 || a == 73 || a == 77 || a == 74 || a == 65 || a == 44 || a == 53 || a == 80 || a == 54 || a == 1 || a == 18 || a == 59 || a == 81): null

30-03-2025T17:20:08 - [TEST_STEP][PASSED] - path = dataFolder + "Table Data/" + typeOfData + " за отчётный период " + dzoNum: null

30-03-2025T17:20:08 - [TEST_STEP][PASSED] - page = getText(findTestObject(path)): Text of object 'Object Repository/Выполнение бизнес-плана/Значения со страницы Выполнение бизнес-плана/Table Data/Факт Потери за отчётный период 8' is: '257 824'

30-03-2025T17:20:08 - [MESSAGE][PASSED] - Text of object 'Object Repository/Выполнение бизнес-плана/Значения со страницы Выполнение бизнес-плана/Table Data/Факт Потери за отчётный период 8' is: '257 824'

30-03-2025T17:20:08 - [TEST_STEP][PASSED] - if (page == "" || page == null): null

30-03-2025T17:20:08 - [TEST_STEP][PASSED] - else: null

30-03-2025T17:20:08 - [TEST_STEP][PASSED] - page = page.replaceAll("\s+", ""): null

30-03-2025T17:20:08 - [TEST_STEP][PASSED] - if (page == "undefined"): null

30-03-2025T17:20:08 - [TEST_STEP][PASSED] - filePoteri = poteri.toInteger(): null

30-03-2025T17:20:08 - [TEST_STEP][PASSED] - pagePoteri = page.toInteger(): null

30-03-2025T17:20:08 - [TEST_STEP][PASSED] - compare = pageOtpuskVSet: null

30-03-2025T17:20:08 - [TEST_STEP][PASSED] - if (pageOtpuskVSet != null): null

30-03-2025T17:20:08 - [TEST_STEP][PASSED] - if (compare == fileOtpuskVSet): null

30-03-2025T17:20:08 - [TEST_STEP][PASSED] - if (compare == fileOtpuskVSet): null

30-03-2025T17:20:08 - [TEST_STEP][PASSED] - compare = pagePoteri: null

30-03-2025T17:20:08 - [TEST_STEP][PASSED] - if (pageOtpuskVSet != null): null

30-03-2025T17:20:08 - [TEST_STEP][PASSED] - if (compare == filePoteri): null

30-03-2025T17:20:08 - [TEST_STEP][PASSED] - else if (compare > filePoteri): null

30-03-2025T17:20:08 - [TEST_STEP][PASSED] - compare = compare - 1: null

30-03-2025T17:20:08 - [TEST_STEP][PASSED] - if (compare == filePoteri): null

30-03-2025T17:20:08 - [TEST_STEP][PASSED] - else: null

30-03-2025T17:20:08 - [TEST_STEP][PASSED] - numberOfErrors = numberOfErrors + 1: null

30-03-2025T17:20:08 - [TEST_STEP][PASSED] - pageInt = pagePoteri: null

30-03-2025T17:20:08 - [TEST_STEP][PASSED] - fileInt = filePoteri: null

30-03-2025T17:20:08 - [TEST_STEP][PASSED] - typeOfData = typeOfDataMain + " Потери": null

30-03-2025T17:20:08 - [TEST_STEP][PASSED] - Script1718980020443.WriteToExcel(a, typeOfData, todaysDate, pageInt, fileInt, pageDouble, fileDouble, dZO): null

30-03-2025T17:20:08 - [TEST_STEP][PASSED] - sheetName = "Sheet1": null

30-03-2025T17:20:08 - [TEST_STEP][PASSED] - data = findTestData("PlanFact"): null

30-03-2025T17:20:09 - [TEST_STEP][PASSED] - n = data.getRowNumbers() + 1: null

30-03-2025T17:20:09 - [TEST_STEP][PASSED] - day = ")).toInteger(): null

30-03-2025T17:20:09 - [TEST_STEP][PASSED] - println(day): null

30-03-2025T17:20:09 - [TEST_STEP][PASSED] - month = ")).toInteger(): null

30-03-2025T17:20:09 - [TEST_STEP][PASSED] - println(month): null

30-03-2025T17:20:09 - [TEST_STEP][PASSED] - y = <not implemented yet for class: org.codehaus.groovy.ast.expr.EmptyExpression>: null

30-03-2025T17:20:09 - [TEST_STEP][PASSED] - iy = <not implemented yet for class: org.codehaus.groovy.ast.expr.EmptyExpression>: null

30-03-2025T17:20:09 - [TEST_STEP][PASSED] - m = getText(findTestObject("Выполнение бизнес-плана/Период")): Text of object 'Object Repository/Выполнение бизнес-плана/Период' is: 'Январь 2025 года'

30-03-2025T17:20:09 - [MESSAGE][PASSED] - Text of object 'Object Repository/Выполнение бизнес-плана/Период' is: 'Январь 2025 года'

30-03-2025T17:20:09 - [TEST_STEP][PASSED] - iy = m.indexOf("20"): null

30-03-2025T17:20:09 - [TEST_STEP][PASSED] - if (iy > -1): null

30-03-2025T17:20:09 - [TEST_STEP][PASSED] - y = substring(iy, iy + 4).toInteger(): null

30-03-2025T17:20:09 - [TEST_STEP][PASSED] - println(y): null

30-03-2025T17:20:09 - [TEST_STEP][PASSED] - if (toString().length() == 4): null

30-03-2025T17:20:09 - [TEST_STEP][PASSED] - m = m.substring(0, m.indexOf(y.toString())): null

30-03-2025T17:20:09 - [TEST_STEP][PASSED] - m = m.trim(): null

30-03-2025T17:20:09 - [TEST_STEP][PASSED] - if (m == ""): null

30-03-2025T17:20:09 - [TEST_STEP][PASSED] - dashboardName = "Выполнение бизнес-плана": null

30-03-2025T17:20:09 - [TEST_STEP][PASSED] - workbook01 = getWorkbook(excelFilePath): null

30-03-2025T17:20:09 - [TEST_STEP][PASSED] - sheet01 = getExcelSheet(workbook01, sheetName): null

30-03-2025T17:20:09 - [TEST_STEP][PASSED] - setValueToCellByIndex(sheet01, n, 0, dashboardName): null

30-03-2025T17:20:09 - [TEST_STEP][PASSED] - setValueToCellByIndex(sheet01, n, 1, dZO): null

30-03-2025T17:20:09 - [TEST_STEP][PASSED] - setValueToCellByIndex(sheet01, n, 2, typeOfData): null

30-03-2025T17:20:09 - [TEST_STEP][PASSED] - if (typeOfData == "Факт в процентах" || typeOfData == "План в процентах"): null

30-03-2025T17:20:09 - [TEST_STEP][PASSED] - else: null

30-03-2025T17:20:09 - [TEST_STEP][PASSED] - setValueToCellByIndex(sheet01, n, 3, fileInt): null

30-03-2025T17:20:09 - [TEST_STEP][PASSED] - setValueToCellByIndex(sheet01, n, 4, pageInt): null

30-03-2025T17:20:09 - [TEST_STEP][PASSED] - setValueToCellByIndex(sheet01, n, 5, m): null

30-03-2025T17:20:09 - [TEST_STEP][PASSED] - setValueToCellByIndex(sheet01, n, 6, y): null

30-03-2025T17:20:09 - [TEST_STEP][PASSED] - setValueToCellByIndex(sheet01, n, 7, todaysDate): null

30-03-2025T17:20:09 - [TEST_STEP][PASSED] - n = n + 1: null

30-03-2025T17:20:09 - [TEST_STEP][FAILED] - saveWorkbook(excelFilePath, workbook01): null

30-03-2025T17:20:09 - [TEST_STEP][PASSED] - if (planFact == 2): null

30-03-2025T17:20:09 - [TEST_STEP][PASSED] - if (planFact == 1): null

30-03-2025T17:20:09 - [TEST_STEP][PASSED] - else if (planFact == 2): null

30-03-2025T17:20:09 - [TEST_STEP][PASSED] - click(findTestObject("Выполнение бизнес-плана/Кнопка План")): Object: 'Object Repository/Выполнение бизнес-плана/Кнопка План' is clicked on

30-03-2025T17:20:09 - [MESSAGE][PASSED] - Object: 'Object Repository/Выполнение бизнес-плана/Кнопка План' is clicked on

30-03-2025T17:20:09 - [TEST_STEP][PASSED] - typeOfDataMain = "План": null

30-03-2025T17:20:09 - [TEST_STEP][PASSED] - otpusk = findTestData("PlanFact").getValue(2, a): null

30-03-2025T17:20:10 - [TEST_STEP][PASSED] - poteri = findTestData("PlanFact").getValue(3, a): null

30-03-2025T17:20:10 - [TEST_STEP][PASSED] - otpusk = otpusk.replaceAll("\s+", ""): null

30-03-2025T17:20:10 - [TEST_STEP][PASSED] - poteri = poteri.replaceAll("\s+", ""): null

30-03-2025T17:20:10 - [TEST_STEP][PASSED] - typeOfData = typeOfDataMain + " Отпуск в сеть": null

30-03-2025T17:20:10 - [TEST_STEP][PASSED] - if (a == 82): null

30-03-2025T17:20:10 - [TEST_STEP][PASSED] - else if (a == 84): null

30-03-2025T17:20:10 - [TEST_STEP][PASSED] - else if (a == 83 || a == 52 || a == 72 || a == 28 || a == 73 || a == 77 || a == 74 || a == 65 || a == 36 || a == 44 || a == 53 || a == 80 || a == 54 || a == 1 || a == 18 || a == 59 || a == 81): null

30-03-2025T17:20:10 - [TEST_STEP][PASSED] - path = dataFolder + "Table Data/" + typeOfData + " за отчётный период " + dzoNum: null

30-03-2025T17:20:10 - [TEST_STEP][PASSED] - println(path): null

30-03-2025T17:20:10 - [TEST_STEP][PASSED] - page = getText(findTestObject(path)): Text of object 'Object Repository/Выполнение бизнес-плана/Значения со страницы Выполнение бизнес-плана/Table Data/План Отпуск в сеть за отчётный период 8' is: '489 942'

30-03-2025T17:20:10 - [MESSAGE][PASSED] - Text of object 'Object Repository/Выполнение бизнес-плана/Значения со страницы Выполнение бизнес-плана/Table Data/План Отпуск в сеть за отчётный период 8' is: '489 942'

30-03-2025T17:20:10 - [TEST_STEP][PASSED] - if (page == "" || page == null): null

30-03-2025T17:20:10 - [TEST_STEP][PASSED] - else: null

30-03-2025T17:20:10 - [TEST_STEP][PASSED] - page = page.replaceAll("\s+", ""): null

30-03-2025T17:20:10 - [TEST_STEP][PASSED] - if (page == "undefined"): null

30-03-2025T17:20:10 - [TEST_STEP][PASSED] - fileOtpuskVSet = otpusk.toInteger(): null

30-03-2025T17:20:10 - [TEST_STEP][PASSED] - pageOtpuskVSet = page.toInteger(): null

30-03-2025T17:20:10 - [TEST_STEP][PASSED] - typeOfData = typeOfDataMain + " Потери": null

30-03-2025T17:20:10 - [TEST_STEP][PASSED] - if (a == 82): null

30-03-2025T17:20:10 - [TEST_STEP][PASSED] - else if (a == 84): null

30-03-2025T17:20:10 - [TEST_STEP][PASSED] - else if (a == 83 || a == 52 || a == 72 || a == 28 || a == 73 || a == 77 || a == 74 || a == 65 || a == 44 || a == 53 || a == 80 || a == 54 || a == 1 || a == 18 || a == 59 || a == 81): null

30-03-2025T17:20:10 - [TEST_STEP][PASSED] - path = dataFolder + "Table Data/" + typeOfData + " за отчётный период " + dzoNum: null

30-03-2025T17:20:10 - [TEST_STEP][FAILED] - page = getText(findTestObject(path)): Unable to get text of object 'Object Repository/Выполнение бизнес-плана/Значения со страницы Выполнение бизнес-плана/Table Data/План Потери за отчётный период 8' (Root cause: com.kms.katalon.core.exception.StepFailedException: Unable to get text of object 'Object Repository/Выполнение бизнес-плана/Значения со страницы Выполнение бизнес-плана/Table Data/План Потери за отчётный период 8'
	at com.kms.katalon.core.webui.keyword.internal.WebUIKeywordMain.stepFailed(WebUIKeywordMain.groovy:64)
	at com.kms.katalon.core.webui.keyword.internal.WebUIKeywordMain.runKeyword(WebUIKeywordMain.groovy:26)
	at com.kms.katalon.core.webui.keyword.builtin.GetTextKeyword.getText(GetTextKeyword.groovy:88)
	at com.kms.katalon.core.webui.keyword.builtin.GetTextKeyword.execute(GetTextKeyword.groovy:67)
	at com.kms.katalon.core.keyword.internal.KeywordExecutor.executeKeywordForPlatform(KeywordExecutor.groovy:74)
	at com.kms.katalon.core.webui.keyword.WebUiBuiltInKeywords.getText(WebUiBuiltInKeywords.groovy:957)
	at Выполнение бизнес-плана Сверка ПАО Россети все филиалы.Numbers(Выполнение бизнес-плана Сверка ПАО Россети все филиалы:594)
	at Выполнение бизнес-плана Сверка ПАО Россети все филиалы.run(Выполнение бизнес-плана Сверка ПАО Россети все филиалы:413)
	at com.kms.katalon.core.main.ScriptEngine.run(ScriptEngine.java:194)
	at com.kms.katalon.core.main.ScriptEngine.runScriptAsRawText(ScriptEngine.java:119)
	at com.kms.katalon.core.main.TestCaseExecutor.runScript(TestCaseExecutor.java:448)
	at com.kms.katalon.core.main.TestCaseExecutor.doExecute(TestCaseExecutor.java:439)
	at com.kms.katalon.core.main.TestCaseExecutor.processExecutionPhase(TestCaseExecutor.java:418)
	at com.kms.katalon.core.main.TestCaseExecutor.accessMainPhase(TestCaseExecutor.java:410)
	at com.kms.katalon.core.main.TestCaseExecutor.execute(TestCaseExecutor.java:285)
	at com.kms.katalon.core.common.CommonExecutor.accessTestCaseMainPhase(CommonExecutor.java:65)
	at com.kms.katalon.core.main.TestSuiteExecutor.accessTestSuiteMainPhase(TestSuiteExecutor.java:150)
	at com.kms.katalon.core.main.TestSuiteExecutor.execute(TestSuiteExecutor.java:106)
	at com.kms.katalon.core.main.TestCaseMain.startTestSuite(TestCaseMain.java:180)
	at TempTestSuite1743336560690.run(TempTestSuite1743336560690.groovy:35)
	at java.base/jdk.internal.reflect.NativeMethodAccessorImpl.invoke0(Native Method)
	at java.base/jdk.internal.reflect.NativeMethodAccessorImpl.invoke(NativeMethodAccessorImpl.java:77)
	at java.base/jdk.internal.reflect.DelegatingMethodAccessorImpl.invoke(DelegatingMethodAccessorImpl.java:43)
Caused by: com.kms.katalon.core.webui.exception.WebElementNotFoundException: Web element with id: 'Object Repository/Выполнение бизнес-плана/Значения со страницы Выполнение бизнес-плана/Table Data/План Потери за отчётный период 8' located by '(.//*[normalize-space(text()) and normalize-space(.)='Показатели баланса электроэнергии по ДЗО – План'])[2]/following::td[42]' not found
	at com.kms.katalon.core.webui.common.WebUiCommonHelper.findWebElement(WebUiCommonHelper.java:1426)
	at com.kms.katalon.core.webui.keyword.internal.WebUIAbstractKeyword.findWebElement(WebUIAbstractKeyword.groovy:27)
	at com.kms.katalon.core.webui.keyword.internal.WebUIAbstractKeyword.findWebElement(WebUIAbstractKeyword.groovy:26)
	at com.kms.katalon.core.webui.keyword.builtin.GetTextKeyword$_getText_closure1.doCall(GetTextKeyword.groovy:78)
	at com.kms.katalon.core.webui.keyword.builtin.GetTextKeyword$_getText_closure1.call(GetTextKeyword.groovy)
	at com.kms.katalon.core.webui.keyword.internal.WebUIKeywordMain.runKeyword(WebUIKeywordMain.groovy:20)
	at com.kms.katalon.core.webui.keyword.builtin.GetTextKeyword.getText(GetTextKeyword.groovy:88)
	at com.kms.katalon.core.webui.keyword.builtin.GetTextKeyword.execute(GetTextKeyword.groovy:67)
	at com.kms.katalon.core.keyword.internal.KeywordExecutor.executeKeywordForPlatform(KeywordExecutor.groovy:74)
	at com.kms.katalon.core.webui.keyword.WebUiBuiltInKeywords.getText(WebUiBuiltInKeywords.groovy:957)
	at Script1718980020443.Numbers(Script1718980020443.groovy:594)
	at Script1718980020443.run(Script1718980020443.groovy:413)
	... 15 more
)

30-03-2025T17:20:41 - [MESSAGE][INFO] - Unable to find the element located by 'By.xpath: (.//*[normalize-space(text()) and normalize-space(.)='Показатели баланса электроэнергии по ДЗО – План'])[2]/following::td[42]'. Please recheck the objects properties to make sure the desired element is located. 

30-03-2025T17:20:41 - [MESSAGE][FAILED] - Unable to get text of object 'Object Repository/Выполнение бизнес-плана/Значения со страницы Выполнение бизнес-плана/Table Data/План Потери за отчётный период 8' (Root cause: com.kms.katalon.core.exception.StepFailedException: Unable to get text of object 'Object Repository/Выполнение бизнес-плана/Значения со страницы Выполнение бизнес-плана/Table Data/План Потери за отчётный период 8'
	at com.kms.katalon.core.webui.keyword.internal.WebUIKeywordMain.stepFailed(WebUIKeywordMain.groovy:64)
	at com.kms.katalon.core.webui.keyword.internal.WebUIKeywordMain.runKeyword(WebUIKeywordMain.groovy:26)
	at com.kms.katalon.core.webui.keyword.builtin.GetTextKeyword.getText(GetTextKeyword.groovy:88)
	at com.kms.katalon.core.webui.keyword.builtin.GetTextKeyword.execute(GetTextKeyword.groovy:67)
	at com.kms.katalon.core.keyword.internal.KeywordExecutor.executeKeywordForPlatform(KeywordExecutor.groovy:74)
	at com.kms.katalon.core.webui.keyword.WebUiBuiltInKeywords.getText(WebUiBuiltInKeywords.groovy:957)
	at Выполнение бизнес-плана Сверка ПАО Россети все филиалы.Numbers(Выполнение бизнес-плана Сверка ПАО Россети все филиалы:594)
	at Выполнение бизнес-плана Сверка ПАО Россети все филиалы.run(Выполнение бизнес-плана Сверка ПАО Россети все филиалы:413)
	at com.kms.katalon.core.main.ScriptEngine.run(ScriptEngine.java:194)
	at com.kms.katalon.core.main.ScriptEngine.runScriptAsRawText(ScriptEngine.java:119)
	at com.kms.katalon.core.main.TestCaseExecutor.runScript(TestCaseExecutor.java:448)
	at com.kms.katalon.core.main.TestCaseExecutor.doExecute(TestCaseExecutor.java:439)
	at com.kms.katalon.core.main.TestCaseExecutor.processExecutionPhase(TestCaseExecutor.java:418)
	at com.kms.katalon.core.main.TestCaseExecutor.accessMainPhase(TestCaseExecutor.java:410)
	at com.kms.katalon.core.main.TestCaseExecutor.execute(TestCaseExecutor.java:285)
	at com.kms.katalon.core.common.CommonExecutor.accessTestCaseMainPhase(CommonExecutor.java:65)
	at com.kms.katalon.core.main.TestSuiteExecutor.accessTestSuiteMainPhase(TestSuiteExecutor.java:150)
	at com.kms.katalon.core.main.TestSuiteExecutor.execute(TestSuiteExecutor.java:106)
	at com.kms.katalon.core.main.TestCaseMain.startTestSuite(TestCaseMain.java:180)
	at TempTestSuite1743336560690.run(TempTestSuite1743336560690.groovy:35)
	at java.base/jdk.internal.reflect.NativeMethodAccessorImpl.invoke0(Native Method)
	at java.base/jdk.internal.reflect.NativeMethodAccessorImpl.invoke(NativeMethodAccessorImpl.java:77)
	at java.base/jdk.internal.reflect.DelegatingMethodAccessorImpl.invoke(DelegatingMethodAccessorImpl.java:43)
Caused by: com.kms.katalon.core.webui.exception.WebElementNotFoundException: Web element with id: 'Object Repository/Выполнение бизнес-плана/Значения со страницы Выполнение бизнес-плана/Table Data/План Потери за отчётный период 8' located by '(.//*[normalize-space(text()) and normalize-space(.)='Показатели баланса электроэнергии по ДЗО – План'])[2]/following::td[42]' not found
	at com.kms.katalon.core.webui.common.WebUiCommonHelper.findWebElement(WebUiCommonHelper.java:1426)
	at com.kms.katalon.core.webui.keyword.internal.WebUIAbstractKeyword.findWebElement(WebUIAbstractKeyword.groovy:27)
	at com.kms.katalon.core.webui.keyword.internal.WebUIAbstractKeyword.findWebElement(WebUIAbstractKeyword.groovy:26)
	at com.kms.katalon.core.webui.keyword.builtin.GetTextKeyword$_getText_closure1.doCall(GetTextKeyword.groovy:78)
	at com.kms.katalon.core.webui.keyword.builtin.GetTextKeyword$_getText_closure1.call(GetTextKeyword.groovy)
	at com.kms.katalon.core.webui.keyword.internal.WebUIKeywordMain.runKeyword(WebUIKeywordMain.groovy:20)
	at com.kms.katalon.core.webui.keyword.builtin.GetTextKeyword.getText(GetTextKeyword.groovy:88)
	at com.kms.katalon.core.webui.keyword.builtin.GetTextKeyword.execute(GetTextKeyword.groovy:67)
	at com.kms.katalon.core.keyword.internal.KeywordExecutor.executeKeywordForPlatform(KeywordExecutor.groovy:74)
	at com.kms.katalon.core.webui.keyword.WebUiBuiltInKeywords.getText(WebUiBuiltInKeywords.groovy:957)
	at Script1718980020443.Numbers(Script1718980020443.groovy:594)
	at Script1718980020443.run(Script1718980020443.groovy:413)
	... 15 more
)
[[ATTACHMENT|C:\\Users\\LIAZGINA-DI\\git\\SPORU\\Reports\\20250330_150919\\\u041F\u043D-\u0421\u0440-\u041F\u0442\\\u0421\u0432\u0435\u0440\u043A\u0430 \u0434\u0430\u0448\u0431\u043E\u0440\u0434\u043E\u0432 \u0438\u0437 \u0440\u0430\u0437\u043D\u044B\u0445 \u0431\u043B\u043E\u043A\u043E\u0432\\20250330_150920\\1743344441481.png]]

30-03-2025T17:20:41 - [TEST_STEP][PASSED] - if (page == "" || page == null): null

30-03-2025T17:20:41 - [TEST_STEP][PASSED] - fileInt = poteri.toInteger(): null

30-03-2025T17:20:41 - [TEST_STEP][PASSED] - Script1718980020443.WriteToExcelNoData(a, typeOfData, todaysDate, fileInt, fileDouble, dZO): null

30-03-2025T17:20:41 - [TEST_STEP][PASSED] - sheetName = "Sheet1": null

30-03-2025T17:20:41 - [TEST_STEP][PASSED] - data = findTestData("PlanFact"): null

30-03-2025T17:20:41 - [TEST_STEP][PASSED] - n = data.getRowNumbers() + 1: null

30-03-2025T17:20:41 - [TEST_STEP][PASSED] - day = ")).toInteger(): null

30-03-2025T17:20:41 - [TEST_STEP][PASSED] - println(day): null

30-03-2025T17:20:41 - [TEST_STEP][PASSED] - month = ")).toInteger(): null

30-03-2025T17:20:41 - [TEST_STEP][PASSED] - println(month): null

30-03-2025T17:20:41 - [TEST_STEP][PASSED] - y = <not implemented yet for class: org.codehaus.groovy.ast.expr.EmptyExpression>: null

30-03-2025T17:20:41 - [TEST_STEP][PASSED] - iy = <not implemented yet for class: org.codehaus.groovy.ast.expr.EmptyExpression>: null

30-03-2025T17:20:41 - [TEST_STEP][PASSED] - m = getText(findTestObject("Выполнение бизнес-плана/Период")): Text of object 'Object Repository/Выполнение бизнес-плана/Период' is: 'Январь 2025 года'

30-03-2025T17:20:41 - [MESSAGE][PASSED] - Text of object 'Object Repository/Выполнение бизнес-плана/Период' is: 'Январь 2025 года'

30-03-2025T17:20:41 - [TEST_STEP][PASSED] - iy = m.indexOf("20"): null

30-03-2025T17:20:41 - [TEST_STEP][PASSED] - if (iy > -1): null

30-03-2025T17:20:41 - [TEST_STEP][PASSED] - y = substring(iy, iy + 4).toInteger(): null

30-03-2025T17:20:41 - [TEST_STEP][PASSED] - println(y): null

30-03-2025T17:20:41 - [TEST_STEP][PASSED] - if (toString().length() == 4): null

30-03-2025T17:20:41 - [TEST_STEP][PASSED] - m = m.substring(0, m.indexOf(y.toString())): null

30-03-2025T17:20:41 - [TEST_STEP][PASSED] - m = m.trim(): null

30-03-2025T17:20:41 - [TEST_STEP][PASSED] - if (m == ""): null

30-03-2025T17:20:41 - [TEST_STEP][PASSED] - dashboardName = "Выполнение бизнес-плана": null

30-03-2025T17:20:41 - [TEST_STEP][PASSED] - workbook01 = getWorkbook(excelFilePath): null

30-03-2025T17:20:41 - [TEST_STEP][PASSED] - sheet01 = getExcelSheet(workbook01, sheetName): null

30-03-2025T17:20:41 - [TEST_STEP][PASSED] - setValueToCellByIndex(sheet01, n, 0, dashboardName): null

30-03-2025T17:20:41 - [TEST_STEP][PASSED] - setValueToCellByIndex(sheet01, n, 1, dZO): null

30-03-2025T17:20:41 - [TEST_STEP][PASSED] - setValueToCellByIndex(sheet01, n, 2, typeOfData): null

30-03-2025T17:20:41 - [TEST_STEP][PASSED] - if (typeOfData == "Факт в процентах" || typeOfData == "План в процентах"): null

30-03-2025T17:20:41 - [TEST_STEP][PASSED] - else: null

30-03-2025T17:20:41 - [TEST_STEP][PASSED] - setValueToCellByIndex(sheet01, n, 3, fileInt): null

30-03-2025T17:20:41 - [TEST_STEP][PASSED] - setValueToCellByIndex(sheet01, n, 4, "нет данных"): null

30-03-2025T17:20:41 - [TEST_STEP][PASSED] - setValueToCellByIndex(sheet01, n, 5, m): null

30-03-2025T17:20:41 - [TEST_STEP][PASSED] - setValueToCellByIndex(sheet01, n, 6, y): null

30-03-2025T17:20:41 - [TEST_STEP][PASSED] - setValueToCellByIndex(sheet01, n, 7, todaysDate): null

30-03-2025T17:20:41 - [TEST_STEP][PASSED] - n = n + 1: null

30-03-2025T17:20:41 - [TEST_STEP][PASSED] - saveWorkbook(excelFilePath, workbook01): null

30-03-2025T17:20:42 - [TEST_STEP][PASSED] - compare = pageOtpuskVSet: null

30-03-2025T17:20:42 - [TEST_STEP][PASSED] - if (pageOtpuskVSet != null): null

30-03-2025T17:20:42 - [TEST_STEP][PASSED] - if (compare == fileOtpuskVSet): null

30-03-2025T17:20:42 - [TEST_STEP][PASSED] - if (compare == fileOtpuskVSet): null

30-03-2025T17:20:42 - [TEST_STEP][PASSED] - compare = pagePoteri: null

30-03-2025T17:20:42 - [TEST_STEP][PASSED] - if (pageOtpuskVSet != null): null

30-03-2025T17:20:42 - [TEST_STEP][PASSED] - if (compare == filePoteri): null

30-03-2025T17:20:42 - [TEST_STEP][PASSED] - else if (compare > filePoteri): null

30-03-2025T17:20:42 - [TEST_STEP][PASSED] - compare = compare - 1: null

30-03-2025T17:20:42 - [TEST_STEP][PASSED] - if (compare == filePoteri): null

30-03-2025T17:20:42 - [TEST_STEP][PASSED] - else: null

30-03-2025T17:20:42 - [TEST_STEP][PASSED] - numberOfErrors = numberOfErrors + 1: null

30-03-2025T17:20:42 - [TEST_STEP][PASSED] - pageInt = pagePoteri: null

30-03-2025T17:20:42 - [TEST_STEP][PASSED] - fileInt = filePoteri: null

30-03-2025T17:20:42 - [TEST_STEP][PASSED] - typeOfData = typeOfDataMain + " Потери": null

30-03-2025T17:20:42 - [TEST_STEP][PASSED] - Script1718980020443.WriteToExcel(a, typeOfData, todaysDate, pageInt, fileInt, pageDouble, fileDouble, dZO): null

30-03-2025T17:20:42 - [TEST_STEP][PASSED] - sheetName = "Sheet1": null

30-03-2025T17:20:42 - [TEST_STEP][PASSED] - data = findTestData("PlanFact"): null

30-03-2025T17:20:42 - [TEST_STEP][PASSED] - n = data.getRowNumbers() + 1: null

30-03-2025T17:20:42 - [TEST_STEP][PASSED] - day = ")).toInteger(): null

30-03-2025T17:20:42 - [TEST_STEP][PASSED] - println(day): null

30-03-2025T17:20:42 - [TEST_STEP][PASSED] - month = ")).toInteger(): null

30-03-2025T17:20:42 - [TEST_STEP][PASSED] - println(month): null

30-03-2025T17:20:42 - [TEST_STEP][PASSED] - y = <not implemented yet for class: org.codehaus.groovy.ast.expr.EmptyExpression>: null

30-03-2025T17:20:42 - [TEST_STEP][PASSED] - iy = <not implemented yet for class: org.codehaus.groovy.ast.expr.EmptyExpression>: null

30-03-2025T17:20:42 - [TEST_STEP][PASSED] - m = getText(findTestObject("Выполнение бизнес-плана/Период")): Text of object 'Object Repository/Выполнение бизнес-плана/Период' is: 'Январь 2025 года'

30-03-2025T17:20:42 - [MESSAGE][PASSED] - Text of object 'Object Repository/Выполнение бизнес-плана/Период' is: 'Январь 2025 года'

30-03-2025T17:20:42 - [TEST_STEP][PASSED] - iy = m.indexOf("20"): null

30-03-2025T17:20:42 - [TEST_STEP][PASSED] - if (iy > -1): null

30-03-2025T17:20:42 - [TEST_STEP][PASSED] - y = substring(iy, iy + 4).toInteger(): null

30-03-2025T17:20:42 - [TEST_STEP][PASSED] - println(y): null

30-03-2025T17:20:42 - [TEST_STEP][PASSED] - if (toString().length() == 4): null

30-03-2025T17:20:42 - [TEST_STEP][PASSED] - m = m.substring(0, m.indexOf(y.toString())): null

30-03-2025T17:20:42 - [TEST_STEP][PASSED] - m = m.trim(): null

30-03-2025T17:20:42 - [TEST_STEP][PASSED] - if (m == ""): null

30-03-2025T17:20:42 - [TEST_STEP][PASSED] - dashboardName = "Выполнение бизнес-плана": null

30-03-2025T17:20:42 - [TEST_STEP][PASSED] - workbook01 = getWorkbook(excelFilePath): null

30-03-2025T17:20:42 - [TEST_STEP][PASSED] - sheet01 = getExcelSheet(workbook01, sheetName): null

30-03-2025T17:20:42 - [TEST_STEP][PASSED] - setValueToCellByIndex(sheet01, n, 0, dashboardName): null

30-03-2025T17:20:42 - [TEST_STEP][PASSED] - setValueToCellByIndex(sheet01, n, 1, dZO): null

30-03-2025T17:20:42 - [TEST_STEP][PASSED] - setValueToCellByIndex(sheet01, n, 2, typeOfData): null

30-03-2025T17:20:42 - [TEST_STEP][PASSED] - if (typeOfData == "Факт в процентах" || typeOfData == "План в процентах"): null

30-03-2025T17:20:42 - [TEST_STEP][PASSED] - else: null

30-03-2025T17:20:42 - [TEST_STEP][PASSED] - setValueToCellByIndex(sheet01, n, 3, fileInt): null

30-03-2025T17:20:42 - [TEST_STEP][PASSED] - setValueToCellByIndex(sheet01, n, 4, pageInt): null

30-03-2025T17:20:42 - [TEST_STEP][PASSED] - setValueToCellByIndex(sheet01, n, 5, m): null

30-03-2025T17:20:42 - [TEST_STEP][PASSED] - setValueToCellByIndex(sheet01, n, 6, y): null

30-03-2025T17:20:42 - [TEST_STEP][PASSED] - setValueToCellByIndex(sheet01, n, 7, todaysDate): null

30-03-2025T17:20:42 - [TEST_STEP][PASSED] - n = n + 1: null

30-03-2025T17:20:42 - [TEST_STEP][PASSED] - saveWorkbook(excelFilePath, workbook01): Object: 'Object Repository/Выполнение бизнес-плана/Кнопка Факт' is clicked on

30-03-2025T17:20:42 - [TEST_STEP][PASSED] - if (planFact == 2): Object: 'Object Repository/Выполнение бизнес-плана/Кнопка Факт' is clicked on

30-03-2025T17:20:42 - [TEST_STEP][PASSED] - click(findTestObject("Выполнение бизнес-плана/Кнопка Факт")): Object: 'Object Repository/Выполнение бизнес-плана/Кнопка Факт' is clicked on

30-03-2025T17:20:43 - [MESSAGE][PASSED] - Object: 'Object Repository/Выполнение бизнес-плана/Кнопка Факт' is clicked on

30-03-2025T17:20:43 - [TEST_STEP][PASSED] - println("a=" + a): null

30-03-2025T17:20:43 - [TEST_STEP][PASSED] - if (a == 84 || a == 82): null

30-03-2025T17:20:43 - [TEST_STEP][PASSED] - else if (a == 83 || a == 52 || a == 72 || a == 28 || a == 73 || a == 77 || a == 74 || a == 65 || a == 36 || a == 44 || a == 53 || a == 80 || a == 54 || a == 1 || a == 18 || a == 59 || a == 81): null

30-03-2025T17:20:43 - [TEST_STEP][PASSED] - page1 = getText(findTestObject("Object Repository/Выполнение бизнес-плана/spanPlan" + dzoNum)): Text of object 'Object Repository/Выполнение бизнес-плана/spanPlan8' is: '12.35
|'

30-03-2025T17:20:43 - [MESSAGE][PASSED] - Text of object 'Object Repository/Выполнение бизнес-плана/spanPlan8' is: '12.35
|'

30-03-2025T17:20:43 - [TEST_STEP][PASSED] - page1 = page1.replace("|", ""): null

30-03-2025T17:20:43 - [TEST_STEP][PASSED] - page2 = getText(findTestObject("Object Repository/Выполнение бизнес-плана/spanFact" + dzoNum)): Text of object 'Object Repository/Выполнение бизнес-плана/spanFact8' is: '9.90'

30-03-2025T17:20:43 - [MESSAGE][PASSED] - Text of object 'Object Repository/Выполнение бизнес-плана/spanFact8' is: '9.90'

30-03-2025T17:20:43 - [TEST_STEP][PASSED] - page2 = page2.replace("|", ""): null

30-03-2025T17:20:43 - [TEST_STEP][PASSED] - println("page1: " + page1): null

30-03-2025T17:20:43 - [TEST_STEP][PASSED] - println("page2: " + page2): null

30-03-2025T17:20:43 - [TEST_STEP][PASSED] - file = findTestData("PlanFact").getValue(4, a): null

30-03-2025T17:20:43 - [TEST_STEP][PASSED] - file = file.replace(",", "."): null

30-03-2025T17:20:43 - [TEST_STEP][PASSED] - println("file Plan: " + file): null

30-03-2025T17:20:43 - [TEST_STEP][PASSED] - typeOfData = "План в процентах": null

30-03-2025T17:20:43 - [TEST_STEP][PASSED] - fileDouble = file.toDouble(): null

30-03-2025T17:20:43 - [TEST_STEP][PASSED] - pageDouble = page1.toDouble(): null

30-03-2025T17:20:43 - [TEST_STEP][PASSED] - if (fileDouble != pageDouble): null

30-03-2025T17:20:43 - [TEST_STEP][PASSED] - file = findTestData("PlanFact").getValue(7, a): null

30-03-2025T17:20:43 - [TEST_STEP][PASSED] - file = file.replace(",", "."): null

30-03-2025T17:20:43 - [TEST_STEP][PASSED] - println("file Fact: " + file): null

30-03-2025T17:20:43 - [TEST_STEP][PASSED] - fileDouble = file.toDouble(): null

30-03-2025T17:20:43 - [TEST_STEP][PASSED] - typeOfData = "Факт в процентах": null

30-03-2025T17:20:43 - [TEST_STEP][PASSED] - fileDouble = file.toDouble(): null

30-03-2025T17:20:43 - [TEST_STEP][PASSED] - pageDouble = page2.toDouble(): null

30-03-2025T17:20:43 - [TEST_STEP][PASSED] - if (fileDouble != pageDouble): null

30-03-2025T17:20:43 - [TEST_STEP][FAILED] - if (verifyEqual(numberOfErrors, 0) == false): null

30-03-2025T17:20:43 - [MESSAGE][FAILED] - Unable to verify equal between actual object '2' and expected object '0' (Root cause: com.kms.katalon.core.exception.StepFailedException: Actual object '2' and expected object '0' are not equal
	at com.kms.katalon.core.keyword.builtin.VerifyEqualKeyword$_verifyEqual_closure1.doCall(VerifyEqualKeyword.groovy:58)
	at com.kms.katalon.core.keyword.builtin.VerifyEqualKeyword$_verifyEqual_closure1.call(VerifyEqualKeyword.groovy)
	at com.kms.katalon.core.keyword.internal.KeywordMain.runKeyword(KeywordMain.groovy:75)
	at com.kms.katalon.core.keyword.builtin.VerifyEqualKeyword.verifyEqual(VerifyEqualKeyword.groovy:63)
	at com.kms.katalon.core.keyword.builtin.VerifyEqualKeyword.execute(VerifyEqualKeyword.groovy:44)
	at com.kms.katalon.core.keyword.internal.KeywordExecutor.executeKeywordForPlatform(KeywordExecutor.groovy:74)
	at com.kms.katalon.core.keyword.BuiltinKeywords.verifyEqual(BuiltinKeywords.groovy:146)
	at jdk.internal.reflect.GeneratedMethodAccessor22.invoke(Unknown Source)
	at java.base/jdk.internal.reflect.DelegatingMethodAccessorImpl.invoke(DelegatingMethodAccessorImpl.java:43)
	at Выполнение бизнес-плана Сверка ПАО Россети все филиалы.Numbers(Выполнение бизнес-плана Сверка ПАО Россети все филиалы:744)
	at Выполнение бизнес-плана Сверка ПАО Россети все филиалы.run(Выполнение бизнес-плана Сверка ПАО Россети все филиалы:413)
	at com.kms.katalon.core.main.ScriptEngine.run(ScriptEngine.java:194)
	at com.kms.katalon.core.main.ScriptEngine.runScriptAsRawText(ScriptEngine.java:119)
	at com.kms.katalon.core.main.TestCaseExecutor.runScript(TestCaseExecutor.java:448)
	at com.kms.katalon.core.main.TestCaseExecutor.doExecute(TestCaseExecutor.java:439)
	at com.kms.katalon.core.main.TestCaseExecutor.processExecutionPhase(TestCaseExecutor.java:418)
	at com.kms.katalon.core.main.TestCaseExecutor.accessMainPhase(TestCaseExecutor.java:410)
	at com.kms.katalon.core.main.TestCaseExecutor.execute(TestCaseExecutor.java:285)
	at com.kms.katalon.core.common.CommonExecutor.accessTestCaseMainPhase(CommonExecutor.java:65)
	at com.kms.katalon.core.main.TestSuiteExecutor.accessTestSuiteMainPhase(TestSuiteExecutor.java:150)
	at com.kms.katalon.core.main.TestSuiteExecutor.execute(TestSuiteExecutor.java:106)
	at com.kms.katalon.core.main.TestCaseMain.startTestSuite(TestCaseMain.java:180)
	at TempTestSuite1743336560690.run(TempTestSuite1743336560690.groovy:35)
	at java.base/jdk.internal.reflect.NativeMethodAccessorImpl.invoke0(Native Method)
	at java.base/jdk.internal.reflect.NativeMethodAccessorImpl.invoke(NativeMethodAccessorImpl.java:77)
	at java.base/jdk.internal.reflect.DelegatingMethodAccessorImpl.invoke(DelegatingMethodAccessorImpl.java:43)
)

30-03-2025T17:20:43 - [TEST_STEP][PASSED] - println(numberOfErrors): null

30-03-2025T17:20:43 - [TEST_STEP][PASSED] - println("a=" + a): null

30-03-2025T17:20:43 - [TEST_STEP][PASSED] - if (a == 28 || a == 77 || a == 74 || a == 65 || a == 36 || a == 44 || a == 54 || a == 1 || a == 18 || a == 59): null

30-03-2025T17:20:43 - [TEST_STEP][PASSED] - if (a == 82): null

30-03-2025T17:20:43 - [TEST_STEP][PASSED] - println(dzoNum): null

30-03-2025T17:20:43 - [TEST_STEP][PASSED] - closeBrowser(): Browser is closed

30-03-2025T17:20:44 - [MESSAGE][PASSED] - Browser is closed]]></system-out>
         <system-err><![CDATA[30-03-2025T16:56:05 - [TEST_CASE][FAILED] - Test Cases/Выполнение бизнес-плана/Выполнение бизнес-плана Сверка ПАО Россети все филиалы: Test Cases/Выполнение бизнес-плана/Выполнение бизнес-плана Сверка ПАО Россети все филиалы FAILED.
Reason:
com.kms.katalon.core.exception.StepFailedException: Unable to verify equal between actual object '6' and expected object '0' (Root cause: com.kms.katalon.core.exception.StepFailedException: Actual object '6' and expected object '0' are not equal
	at com.kms.katalon.core.keyword.builtin.VerifyEqualKeyword$_verifyEqual_closure1.doCall(VerifyEqualKeyword.groovy:58)
	at com.kms.katalon.core.keyword.builtin.VerifyEqualKeyword$_verifyEqual_closure1.call(VerifyEqualKeyword.groovy)
	at com.kms.katalon.core.keyword.internal.KeywordMain.runKeyword(KeywordMain.groovy:75)
	at com.kms.katalon.core.keyword.builtin.VerifyEqualKeyword.verifyEqual(VerifyEqualKeyword.groovy:63)
	at com.kms.katalon.core.keyword.builtin.VerifyEqualKeyword.execute(VerifyEqualKeyword.groovy:44)
	at com.kms.katalon.core.keyword.internal.KeywordExecutor.executeKeywordForPlatform(KeywordExecutor.groovy:74)
	at com.kms.katalon.core.keyword.BuiltinKeywords.verifyEqual(BuiltinKeywords.groovy:146)
	at jdk.internal.reflect.GeneratedMethodAccessor22.invoke(Unknown Source)
	at java.base/jdk.internal.reflect.DelegatingMethodAccessorImpl.invoke(DelegatingMethodAccessorImpl.java:43)
	at Выполнение бизнес-плана Сверка ПАО Россети все филиалы.Numbers(Выполнение бизнес-плана Сверка ПАО Россети все филиалы:744)
	at Выполнение бизнес-плана Сверка ПАО Россети все филиалы.run(Выполнение бизнес-плана Сверка ПАО Россети все филиалы:172)
	at com.kms.katalon.core.main.ScriptEngine.run(ScriptEngine.java:194)
	at com.kms.katalon.core.main.ScriptEngine.runScriptAsRawText(ScriptEngine.java:119)
	at com.kms.katalon.core.main.TestCaseExecutor.runScript(TestCaseExecutor.java:448)
	at com.kms.katalon.core.main.TestCaseExecutor.doExecute(TestCaseExecutor.java:439)
	at com.kms.katalon.core.main.TestCaseExecutor.processExecutionPhase(TestCaseExecutor.java:418)
	at com.kms.katalon.core.main.TestCaseExecutor.accessMainPhase(TestCaseExecutor.java:410)
	at com.kms.katalon.core.main.TestCaseExecutor.execute(TestCaseExecutor.java:285)
	at com.kms.katalon.core.common.CommonExecutor.accessTestCaseMainPhase(CommonExecutor.java:65)
	at com.kms.katalon.core.main.TestSuiteExecutor.accessTestSuiteMainPhase(TestSuiteExecutor.java:150)
	at com.kms.katalon.core.main.TestSuiteExecutor.execute(TestSuiteExecutor.java:106)
	at com.kms.katalon.core.main.TestCaseMain.startTestSuite(TestCaseMain.java:180)
	at TempTestSuite1743336560690.run(TempTestSuite1743336560690.groovy:35)
	at java.base/jdk.internal.reflect.NativeMethodAccessorImpl.invoke0(Native Method)
	at java.base/jdk.internal.reflect.NativeMethodAccessorImpl.invoke(NativeMethodAccessorImpl.java:77)
	at java.base/jdk.internal.reflect.DelegatingMethodAccessorImpl.invoke(DelegatingMethodAccessorImpl.java:43)
)
	at com.kms.katalon.core.keyword.internal.KeywordMain.stepFailed(KeywordMain.groovy:39)
	at com.kms.katalon.core.keyword.internal.KeywordMain.stepFailed(KeywordMain.groovy)
	at com.kms.katalon.core.keyword.internal.KeywordMain.runKeyword(KeywordMain.groovy:77)
	at com.kms.katalon.core.keyword.builtin.VerifyEqualKeyword.verifyEqual(VerifyEqualKeyword.groovy:63)
	at com.kms.katalon.core.keyword.builtin.VerifyEqualKeyword.execute(VerifyEqualKeyword.groovy:44)
	at com.kms.katalon.core.keyword.internal.KeywordExecutor.executeKeywordForPlatform(KeywordExecutor.groovy:74)
	at com.kms.katalon.core.keyword.BuiltinKeywords.verifyEqual(BuiltinKeywords.groovy:146)
	at jdk.internal.reflect.GeneratedMethodAccessor22.invoke(Unknown Source)
	at java.base/jdk.internal.reflect.DelegatingMethodAccessorImpl.invoke(DelegatingMethodAccessorImpl.java:43)
	at Выполнение бизнес-плана Сверка ПАО Россети все филиалы.Numbers(Выполнение бизнес-плана Сверка ПАО Россети все филиалы:744)
	at Выполнение бизнес-плана Сверка ПАО Россети все филиалы.run(Выполнение бизнес-плана Сверка ПАО Россети все филиалы:172)
	at com.kms.katalon.core.main.ScriptEngine.run(ScriptEngine.java:194)
	at com.kms.katalon.core.main.ScriptEngine.runScriptAsRawText(ScriptEngine.java:119)
	at com.kms.katalon.core.main.TestCaseExecutor.runScript(TestCaseExecutor.java:448)
	at com.kms.katalon.core.main.TestCaseExecutor.doExecute(TestCaseExecutor.java:439)
	at com.kms.katalon.core.main.TestCaseExecutor.processExecutionPhase(TestCaseExecutor.java:418)
	at com.kms.katalon.core.main.TestCaseExecutor.accessMainPhase(TestCaseExecutor.java:410)
	at com.kms.katalon.core.main.TestCaseExecutor.execute(TestCaseExecutor.java:285)
	at com.kms.katalon.core.common.CommonExecutor.accessTestCaseMainPhase(CommonExecutor.java:65)
	at com.kms.katalon.core.main.TestSuiteExecutor.accessTestSuiteMainPhase(TestSuiteExecutor.java:150)
	at com.kms.katalon.core.main.TestSuiteExecutor.execute(TestSuiteExecutor.java:106)
	at com.kms.katalon.core.main.TestCaseMain.startTestSuite(TestCaseMain.java:180)
	at TempTestSuite1743336560690.run(TempTestSuite1743336560690.groovy:35)
	at java.base/jdk.internal.reflect.NativeMethodAccessorImpl.invoke0(Native Method)
	at java.base/jdk.internal.reflect.NativeMethodAccessorImpl.invoke(NativeMethodAccessorImpl.java:77)
	at java.base/jdk.internal.reflect.DelegatingMethodAccessorImpl.invoke(DelegatingMethodAccessorImpl.java:43)
Caused by: com.kms.katalon.core.exception.StepFailedException: Actual object '6' and expected object '0' are not equal
	at com.kms.katalon.core.keyword.builtin.VerifyEqualKeyword$_verifyEqual_closure1.doCall(VerifyEqualKeyword.groovy:58)
	at com.kms.katalon.core.keyword.builtin.VerifyEqualKeyword$_verifyEqual_closure1.call(VerifyEqualKeyword.groovy)
	at com.kms.katalon.core.keyword.internal.KeywordMain.runKeyword(KeywordMain.groovy:75)
	... 23 more]]></system-err>
      </testcase>
      <system-out><![CDATA[30-03-2025T15:09:25 - [TEST_SUITE][FAILED] - Сверка дашбордов из разных блоков: Test Cases/Сверки дашбордов/Факторный анализ сверка дашбордов FAILED.
Reason:
com.kms.katalon.core.exception.StepFailedException: Unable to get text of object 'Object Repository/Факторный анализ/Отклонения выручки по факторам Выручка' (Root cause: com.kms.katalon.core.exception.StepFailedException: Unable to get text of object 'Object Repository/Факторный анализ/Отклонения выручки по факторам Выручка'
	at com.kms.katalon.core.webui.keyword.internal.WebUIKeywordMain.stepFailed(WebUIKeywordMain.groovy:64)
	at com.kms.katalon.core.webui.keyword.internal.WebUIKeywordMain.runKeyword(WebUIKeywordMain.groovy:26)
	at com.kms.katalon.core.webui.keyword.builtin.GetTextKeyword.getText(GetTextKeyword.groovy:88)
	at com.kms.katalon.core.webui.keyword.builtin.GetTextKeyword.execute(GetTextKeyword.groovy:67)
	at com.kms.katalon.core.keyword.internal.KeywordExecutor.executeKeywordForPlatform(KeywordExecutor.groovy:74)
	at com.kms.katalon.core.webui.keyword.WebUiBuiltInKeywords.getText(WebUiBuiltInKeywords.groovy:957)
	at Факторный анализ сверка дашбордов.Test(Факторный анализ сверка дашбордов:365)
	at Факторный анализ сверка дашбордов.run(Факторный анализ сверка дашбордов:44)
	at com.kms.katalon.core.main.ScriptEngine.run(ScriptEngine.java:194)
	at com.kms.katalon.core.main.ScriptEngine.runScriptAsRawText(ScriptEngine.java:119)
	at com.kms.katalon.core.main.TestCaseExecutor.runScript(TestCaseExecutor.java:448)
	at com.kms.katalon.core.main.TestCaseExecutor.doExecute(TestCaseExecutor.java:439)
	at com.kms.katalon.core.main.TestCaseExecutor.processExecutionPhase(TestCaseExecutor.java:418)
	at com.kms.katalon.core.main.TestCaseExecutor.accessMainPhase(TestCaseExecutor.java:410)
	at com.kms.katalon.core.main.TestCaseExecutor.execute(TestCaseExecutor.java:285)
	at com.kms.katalon.core.common.CommonExecutor.accessTestCaseMainPhase(CommonExecutor.java:65)
	at com.kms.katalon.core.main.TestSuiteExecutor.accessTestSuiteMainPhase(TestSuiteExecutor.java:150)
	at com.kms.katalon.core.main.TestSuiteExecutor.execute(TestSuiteExecutor.java:106)
	at com.kms.katalon.core.main.TestCaseMain.startTestSuite(TestCaseMain.java:180)
	at TempTestSuite1743336560690.run(TempTestSuite1743336560690.groovy:35)
	at java.base/jdk.internal.reflect.NativeMethodAccessorImpl.invoke0(Native Method)
	at java.base/jdk.internal.reflect.NativeMethodAccessorImpl.invoke(NativeMethodAccessorImpl.java:77)
	at java.base/jdk.internal.reflect.DelegatingMethodAccessorImpl.invoke(DelegatingMethodAccessorImpl.java:43)
Caused by: com.kms.katalon.core.webui.exception.WebElementNotFoundException: Web element with id: 'Object Repository/Факторный анализ/Отклонения выручки по факторам Выручка' located by '(.//*[normalize-space(text()) and normalize-space(.)='В начало'])[20]/following::*[name()='svg'][1]' not found
	at com.kms.katalon.core.webui.common.WebUiCommonHelper.findWebElement(WebUiCommonHelper.java:1426)
	at com.kms.katalon.core.webui.keyword.internal.WebUIAbstractKeyword.findWebElement(WebUIAbstractKeyword.groovy:27)
	at com.kms.katalon.core.webui.keyword.internal.WebUIAbstractKeyword.findWebElement(WebUIAbstractKeyword.groovy:26)
	at com.kms.katalon.core.webui.keyword.builtin.GetTextKeyword$_getText_closure1.doCall(GetTextKeyword.groovy:78)
	at com.kms.katalon.core.webui.keyword.builtin.GetTextKeyword$_getText_closure1.call(GetTextKeyword.groovy)
	at com.kms.katalon.core.webui.keyword.internal.WebUIKeywordMain.runKeyword(WebUIKeywordMain.groovy:20)
	at com.kms.katalon.core.webui.keyword.builtin.GetTextKeyword.getText(GetTextKeyword.groovy:88)
	at com.kms.katalon.core.webui.keyword.builtin.GetTextKeyword.execute(GetTextKeyword.groovy:67)
	at com.kms.katalon.core.keyword.internal.KeywordExecutor.executeKeywordForPlatform(KeywordExecutor.groovy:74)
	at com.kms.katalon.core.webui.keyword.WebUiBuiltInKeywords.getText(WebUiBuiltInKeywords.groovy:957)
	at Script1719551244403.Test(Script1719551244403.groovy:365)
	at Script1719551244403.run(Script1719551244403.groovy:44)
	... 15 more
)
	at com.kms.katalon.core.keyword.internal.KeywordMain.stepFailed(KeywordMain.groovy:39)
	at com.kms.katalon.core.webui.keyword.internal.WebUIKeywordMain.stepFailed(WebUIKeywordMain.groovy:64)
	at com.kms.katalon.core.webui.keyword.internal.WebUIKeywordMain.runKeyword(WebUIKeywordMain.groovy:26)
	at com.kms.katalon.core.webui.keyword.builtin.GetTextKeyword.getText(GetTextKeyword.groovy:88)
	at com.kms.katalon.core.webui.keyword.builtin.GetTextKeyword.execute(GetTextKeyword.groovy:67)
	at com.kms.katalon.core.keyword.internal.KeywordExecutor.executeKeywordForPlatform(KeywordExecutor.groovy:74)
	at com.kms.katalon.core.webui.keyword.WebUiBuiltInKeywords.getText(WebUiBuiltInKeywords.groovy:957)
	at Факторный анализ сверка дашбордов.Test(Факторный анализ сверка дашбордов:365)
	at Факторный анализ сверка дашбордов.run(Факторный анализ сверка дашбордов:44)
	at com.kms.katalon.core.main.ScriptEngine.run(ScriptEngine.java:194)
	at com.kms.katalon.core.main.ScriptEngine.runScriptAsRawText(ScriptEngine.java:119)
	at com.kms.katalon.core.main.TestCaseExecutor.runScript(TestCaseExecutor.java:448)
	at com.kms.katalon.core.main.TestCaseExecutor.doExecute(TestCaseExecutor.java:439)
	at com.kms.katalon.core.main.TestCaseExecutor.processExecutionPhase(TestCaseExecutor.java:418)
	at com.kms.katalon.core.main.TestCaseExecutor.accessMainPhase(TestCaseExecutor.java:410)
	at com.kms.katalon.core.main.TestCaseExecutor.execute(TestCaseExecutor.java:285)
	at com.kms.katalon.core.common.CommonExecutor.accessTestCaseMainPhase(CommonExecutor.java:65)
	at com.kms.katalon.core.main.TestSuiteExecutor.accessTestSuiteMainPhase(TestSuiteExecutor.java:150)
	at com.kms.katalon.core.main.TestSuiteExecutor.execute(TestSuiteExecutor.java:106)
	at com.kms.katalon.core.main.TestCaseMain.startTestSuite(TestCaseMain.java:180)
	at TempTestSuite1743336560690.run(TempTestSuite1743336560690.groovy:35)
	at java.base/jdk.internal.reflect.NativeMethodAccessorImpl.invoke0(Native Method)
	at java.base/jdk.internal.reflect.NativeMethodAccessorImpl.invoke(NativeMethodAccessorImpl.java:77)
	at java.base/jdk.internal.reflect.DelegatingMethodAccessorImpl.invoke(DelegatingMethodAccessorImpl.java:43)
Caused by: com.kms.katalon.core.exception.StepFailedException: Unable to get text of object 'Object Repository/Факторный анализ/Отклонения выручки по факторам Выручка'
	... 23 more
Caused by: com.kms.katalon.core.webui.exception.WebElementNotFoundException: Web element with id: 'Object Repository/Факторный анализ/Отклонения выручки по факторам Выручка' located by '(.//*[normalize-space(text()) and normalize-space(.)='В начало'])[20]/following::*[name()='svg'][1]' not found
	at com.kms.katalon.core.webui.common.WebUiCommonHelper.findWebElement(WebUiCommonHelper.java:1426)
	at com.kms.katalon.core.webui.keyword.internal.WebUIAbstractKeyword.findWebElement(WebUIAbstractKeyword.groovy:27)
	at com.kms.katalon.core.webui.keyword.internal.WebUIAbstractKeyword.findWebElement(WebUIAbstractKeyword.groovy:26)
	at com.kms.katalon.core.webui.keyword.builtin.GetTextKeyword$_getText_closure1.doCall(GetTextKeyword.groovy:78)
	at com.kms.katalon.core.webui.keyword.builtin.GetTextKeyword$_getText_closure1.call(GetTextKeyword.groovy)
	at com.kms.katalon.core.webui.keyword.internal.WebUIKeywordMain.runKeyword(WebUIKeywordMain.groovy:20)
	... 21 more]]></system-out>
      <system-err><![CDATA[30-03-2025T15:09:25 - [TEST_SUITE][FAILED] - Сверка дашбордов из разных блоков: Test Cases/Сверки дашбордов/Факторный анализ сверка дашбордов FAILED.
Reason:
com.kms.katalon.core.exception.StepFailedException: Unable to get text of object 'Object Repository/Факторный анализ/Отклонения выручки по факторам Выручка' (Root cause: com.kms.katalon.core.exception.StepFailedException: Unable to get text of object 'Object Repository/Факторный анализ/Отклонения выручки по факторам Выручка'
	at com.kms.katalon.core.webui.keyword.internal.WebUIKeywordMain.stepFailed(WebUIKeywordMain.groovy:64)
	at com.kms.katalon.core.webui.keyword.internal.WebUIKeywordMain.runKeyword(WebUIKeywordMain.groovy:26)
	at com.kms.katalon.core.webui.keyword.builtin.GetTextKeyword.getText(GetTextKeyword.groovy:88)
	at com.kms.katalon.core.webui.keyword.builtin.GetTextKeyword.execute(GetTextKeyword.groovy:67)
	at com.kms.katalon.core.keyword.internal.KeywordExecutor.executeKeywordForPlatform(KeywordExecutor.groovy:74)
	at com.kms.katalon.core.webui.keyword.WebUiBuiltInKeywords.getText(WebUiBuiltInKeywords.groovy:957)
	at Факторный анализ сверка дашбордов.Test(Факторный анализ сверка дашбордов:365)
	at Факторный анализ сверка дашбордов.run(Факторный анализ сверка дашбордов:44)
	at com.kms.katalon.core.main.ScriptEngine.run(ScriptEngine.java:194)
	at com.kms.katalon.core.main.ScriptEngine.runScriptAsRawText(ScriptEngine.java:119)
	at com.kms.katalon.core.main.TestCaseExecutor.runScript(TestCaseExecutor.java:448)
	at com.kms.katalon.core.main.TestCaseExecutor.doExecute(TestCaseExecutor.java:439)
	at com.kms.katalon.core.main.TestCaseExecutor.processExecutionPhase(TestCaseExecutor.java:418)
	at com.kms.katalon.core.main.TestCaseExecutor.accessMainPhase(TestCaseExecutor.java:410)
	at com.kms.katalon.core.main.TestCaseExecutor.execute(TestCaseExecutor.java:285)
	at com.kms.katalon.core.common.CommonExecutor.accessTestCaseMainPhase(CommonExecutor.java:65)
	at com.kms.katalon.core.main.TestSuiteExecutor.accessTestSuiteMainPhase(TestSuiteExecutor.java:150)
	at com.kms.katalon.core.main.TestSuiteExecutor.execute(TestSuiteExecutor.java:106)
	at com.kms.katalon.core.main.TestCaseMain.startTestSuite(TestCaseMain.java:180)
	at TempTestSuite1743336560690.run(TempTestSuite1743336560690.groovy:35)
	at java.base/jdk.internal.reflect.NativeMethodAccessorImpl.invoke0(Native Method)
	at java.base/jdk.internal.reflect.NativeMethodAccessorImpl.invoke(NativeMethodAccessorImpl.java:77)
	at java.base/jdk.internal.reflect.DelegatingMethodAccessorImpl.invoke(DelegatingMethodAccessorImpl.java:43)
Caused by: com.kms.katalon.core.webui.exception.WebElementNotFoundException: Web element with id: 'Object Repository/Факторный анализ/Отклонения выручки по факторам Выручка' located by '(.//*[normalize-space(text()) and normalize-space(.)='В начало'])[20]/following::*[name()='svg'][1]' not found
	at com.kms.katalon.core.webui.common.WebUiCommonHelper.findWebElement(WebUiCommonHelper.java:1426)
	at com.kms.katalon.core.webui.keyword.internal.WebUIAbstractKeyword.findWebElement(WebUIAbstractKeyword.groovy:27)
	at com.kms.katalon.core.webui.keyword.internal.WebUIAbstractKeyword.findWebElement(WebUIAbstractKeyword.groovy:26)
	at com.kms.katalon.core.webui.keyword.builtin.GetTextKeyword$_getText_closure1.doCall(GetTextKeyword.groovy:78)
	at com.kms.katalon.core.webui.keyword.builtin.GetTextKeyword$_getText_closure1.call(GetTextKeyword.groovy)
	at com.kms.katalon.core.webui.keyword.internal.WebUIKeywordMain.runKeyword(WebUIKeywordMain.groovy:20)
	at com.kms.katalon.core.webui.keyword.builtin.GetTextKeyword.getText(GetTextKeyword.groovy:88)
	at com.kms.katalon.core.webui.keyword.builtin.GetTextKeyword.execute(GetTextKeyword.groovy:67)
	at com.kms.katalon.core.keyword.internal.KeywordExecutor.executeKeywordForPlatform(KeywordExecutor.groovy:74)
	at com.kms.katalon.core.webui.keyword.WebUiBuiltInKeywords.getText(WebUiBuiltInKeywords.groovy:957)
	at Script1719551244403.Test(Script1719551244403.groovy:365)
	at Script1719551244403.run(Script1719551244403.groovy:44)
	... 15 more
)
	at com.kms.katalon.core.keyword.internal.KeywordMain.stepFailed(KeywordMain.groovy:39)
	at com.kms.katalon.core.webui.keyword.internal.WebUIKeywordMain.stepFailed(WebUIKeywordMain.groovy:64)
	at com.kms.katalon.core.webui.keyword.internal.WebUIKeywordMain.runKeyword(WebUIKeywordMain.groovy:26)
	at com.kms.katalon.core.webui.keyword.builtin.GetTextKeyword.getText(GetTextKeyword.groovy:88)
	at com.kms.katalon.core.webui.keyword.builtin.GetTextKeyword.execute(GetTextKeyword.groovy:67)
	at com.kms.katalon.core.keyword.internal.KeywordExecutor.executeKeywordForPlatform(KeywordExecutor.groovy:74)
	at com.kms.katalon.core.webui.keyword.WebUiBuiltInKeywords.getText(WebUiBuiltInKeywords.groovy:957)
	at Факторный анализ сверка дашбордов.Test(Факторный анализ сверка дашбордов:365)
	at Факторный анализ сверка дашбордов.run(Факторный анализ сверка дашбордов:44)
	at com.kms.katalon.core.main.ScriptEngine.run(ScriptEngine.java:194)
	at com.kms.katalon.core.main.ScriptEngine.runScriptAsRawText(ScriptEngine.java:119)
	at com.kms.katalon.core.main.TestCaseExecutor.runScript(TestCaseExecutor.java:448)
	at com.kms.katalon.core.main.TestCaseExecutor.doExecute(TestCaseExecutor.java:439)
	at com.kms.katalon.core.main.TestCaseExecutor.processExecutionPhase(TestCaseExecutor.java:418)
	at com.kms.katalon.core.main.TestCaseExecutor.accessMainPhase(TestCaseExecutor.java:410)
	at com.kms.katalon.core.main.TestCaseExecutor.execute(TestCaseExecutor.java:285)
	at com.kms.katalon.core.common.CommonExecutor.accessTestCaseMainPhase(CommonExecutor.java:65)
	at com.kms.katalon.core.main.TestSuiteExecutor.accessTestSuiteMainPhase(TestSuiteExecutor.java:150)
	at com.kms.katalon.core.main.TestSuiteExecutor.execute(TestSuiteExecutor.java:106)
	at com.kms.katalon.core.main.TestCaseMain.startTestSuite(TestCaseMain.java:180)
	at TempTestSuite1743336560690.run(TempTestSuite1743336560690.groovy:35)
	at java.base/jdk.internal.reflect.NativeMethodAccessorImpl.invoke0(Native Method)
	at java.base/jdk.internal.reflect.NativeMethodAccessorImpl.invoke(NativeMethodAccessorImpl.java:77)
	at java.base/jdk.internal.reflect.DelegatingMethodAccessorImpl.invoke(DelegatingMethodAccessorImpl.java:43)
Caused by: com.kms.katalon.core.exception.StepFailedException: Unable to get text of object 'Object Repository/Факторный анализ/Отклонения выручки по факторам Выручка'
	... 23 more
Caused by: com.kms.katalon.core.webui.exception.WebElementNotFoundException: Web element with id: 'Object Repository/Факторный анализ/Отклонения выручки по факторам Выручка' located by '(.//*[normalize-space(text()) and normalize-space(.)='В начало'])[20]/following::*[name()='svg'][1]' not found
	at com.kms.katalon.core.webui.common.WebUiCommonHelper.findWebElement(WebUiCommonHelper.java:1426)
	at com.kms.katalon.core.webui.keyword.internal.WebUIAbstractKeyword.findWebElement(WebUIAbstractKeyword.groovy:27)
	at com.kms.katalon.core.webui.keyword.internal.WebUIAbstractKeyword.findWebElement(WebUIAbstractKeyword.groovy:26)
	at com.kms.katalon.core.webui.keyword.builtin.GetTextKeyword$_getText_closure1.doCall(GetTextKeyword.groovy:78)
	at com.kms.katalon.core.webui.keyword.builtin.GetTextKeyword$_getText_closure1.call(GetTextKeyword.groovy)
	at com.kms.katalon.core.webui.keyword.internal.WebUIKeywordMain.runKeyword(WebUIKeywordMain.groovy:20)
	... 21 more]]></system-err>
   </testsuite>
</testsuites>
