<?xml version="1.0" encoding="UTF-8"?>
<testsuites name="Сверка с ПБЭ" time="935.137" tests="1" failures="1" errors="0">
   <testsuite name="Сверка с ПБЭ" tests="1" failures="1" errors="0" time="935.137" skipped="0" timestamp="27-11-2024T10:26:04" hostname="liazgina-di - UVV-WS904-D.ot.ru" id="Test Suites/Пн-Ср-Пт/Сверка с ПБЭ">
      <properties>
         <property name="deviceName" value=""/>
         <property name="devicePlatform"/>
         <property name="logFolder" value="C:\\Users\\LIAZGINA-DI\\git\\SPORU\\Reports\\20241127_102558\\\u041F\u043D-\u0421\u0440-\u041F\u0442\\\u0421\u0432\u0435\u0440\u043A\u0430 \u0441 \u041F\u0411\u042D\\20241127_102559"/>
         <property name="logFiles" value="C:\\Users\\LIAZGINA-DI\\git\\SPORU\\Reports\\20241127_102558\\\u041F\u043D-\u0421\u0440-\u041F\u0442\\\u0421\u0432\u0435\u0440\u043A\u0430 \u0441 \u041F\u0411\u042D\\20241127_102559\\execution0.log, C:\\Users\\LIAZGINA-DI\\git\\SPORU\\Reports\\20241127_102558\\\u041F\u043D-\u0421\u0440-\u041F\u0442\\\u0421\u0432\u0435\u0440\u043A\u0430 \u0441 \u041F\u0411\u042D\\20241127_102559\\execution1.log"/>
         <property name="attachments" value=""/>
         <property name="hostName" value="liazgina-di - UVV-WS904-D.ot.ru"/>
         <property name="os" value="Windows 10 64bit"/>
         <property name="katalonVersion" value="9.5.0.217"/>
         <property name="browser" value="Chrome 131.0.0.0"/>
         <property name="hostAddress" value="192.168.0.19"/>
         <property name="sessionId" value="ea452b1207c4da8b411156fe756d8077"/>
         <property name="seleniumVersion" value="3.141.59"/>
         <property name="proxyInformation" value="ProxyInformation { proxyOption=NO_PROXY, proxyServerType=HTTP, username=, password=********, proxyServerAddress=, proxyServerPort=0, executionList=&quot;&quot;, isApplyToDesiredCapabilities=true }"/>
         <property name="platform" value="Windows 10"/>
      </properties>
      <testcase name="Test Cases/Выполнение бизнес-плана/Выполнение бизнес-плана Сверка ПАО Россети все филиалы" time="934.946" classname="Test Cases/Выполнение бизнес-плана/Выполнение бизнес-плана Сверка ПАО Россети все филиалы" status="FAILED">
         <failure type="FAILED" message="Test Cases/Выполнение бизнес-плана/Выполнение бизнес-плана Сверка ПАО Россети все филиалы FAILED.&#xa;Reason:&#xa;com.kms.katalon.core.exception.StepFailedException: Unable to verify equal between actual object '6' and expected object '0' (Root cause: com.kms.katalon.core.exception.StepFailedException: Actual object '6' and expected object '0' are not equal&#xa;	at com.kms.katalon.core.keyword.builtin.VerifyEqualKeyword$_verifyEqual_closure1.doCall(VerifyEqualKeyword.groovy:58)&#xa;	at com.kms.katalon.core.keyword.builtin.VerifyEqualKeyword$_verifyEqual_closure1.call(VerifyEqualKeyword.groovy)&#xa;	at com.kms.katalon.core.keyword.internal.KeywordMain.runKeyword(KeywordMain.groovy:75)&#xa;	at com.kms.katalon.core.keyword.builtin.VerifyEqualKeyword.verifyEqual(VerifyEqualKeyword.groovy:63)&#xa;	at com.kms.katalon.core.keyword.builtin.VerifyEqualKeyword.execute(VerifyEqualKeyword.groovy:44)&#xa;	at com.kms.katalon.core.keyword.internal.KeywordExecutor.executeKeywordForPlatform(KeywordExecutor.groovy:74)&#xa;	at com.kms.katalon.core.keyword.BuiltinKeywords.verifyEqual(BuiltinKeywords.groovy:146)&#xa;	at java.base/jdk.internal.reflect.NativeMethodAccessorImpl.invoke0(Native Method)&#xa;	at java.base/jdk.internal.reflect.NativeMethodAccessorImpl.invoke(NativeMethodAccessorImpl.java:77)&#xa;	at java.base/jdk.internal.reflect.DelegatingMethodAccessorImpl.invoke(DelegatingMethodAccessorImpl.java:43)&#xa;	at Выполнение бизнес-плана Сверка ПАО Россети все филиалы.Numbers(Выполнение бизнес-плана Сверка ПАО Россети все филиалы:740)&#xa;	at Выполнение бизнес-плана Сверка ПАО Россети все филиалы.run(Выполнение бизнес-плана Сверка ПАО Россети все филиалы:189)&#xa;	at com.kms.katalon.core.main.ScriptEngine.run(ScriptEngine.java:194)&#xa;	at com.kms.katalon.core.main.ScriptEngine.runScriptAsRawText(ScriptEngine.java:119)&#xa;	at com.kms.katalon.core.main.TestCaseExecutor.runScript(TestCaseExecutor.java:448)&#xa;	at com.kms.katalon.core.main.TestCaseExecutor.doExecute(TestCaseExecutor.java:439)&#xa;	at com.kms.katalon.core.main.TestCaseExecutor.processExecutionPhase(TestCaseExecutor.java:418)&#xa;	at com.kms.katalon.core.main.TestCaseExecutor.accessMainPhase(TestCaseExecutor.java:410)&#xa;	at com.kms.katalon.core.main.TestCaseExecutor.execute(TestCaseExecutor.java:285)&#xa;	at com.kms.katalon.core.common.CommonExecutor.accessTestCaseMainPhase(CommonExecutor.java:65)&#xa;	at com.kms.katalon.core.main.TestSuiteExecutor.accessTestSuiteMainPhase(TestSuiteExecutor.java:150)&#xa;	at com.kms.katalon.core.main.TestSuiteExecutor.execute(TestSuiteExecutor.java:106)&#xa;	at com.kms.katalon.core.main.TestCaseMain.startTestSuite(TestCaseMain.java:180)&#xa;	at TempTestSuite1732692359995.run(TempTestSuite1732692359995.groovy:35)&#xa;	at java.base/jdk.internal.reflect.NativeMethodAccessorImpl.invoke0(Native Method)&#xa;	at java.base/jdk.internal.reflect.NativeMethodAccessorImpl.invoke(NativeMethodAccessorImpl.java:77)&#xa;	at java.base/jdk.internal.reflect.DelegatingMethodAccessorImpl.invoke(DelegatingMethodAccessorImpl.java:43)&#xa;)&#xa;	at com.kms.katalon.core.keyword.internal.KeywordMain.stepFailed(KeywordMain.groovy:39)&#xa;	at com.kms.katalon.core.keyword.internal.KeywordMain.stepFailed(KeywordMain.groovy)&#xa;	at com.kms.katalon.core.keyword.internal.KeywordMain.runKeyword(KeywordMain.groovy:77)&#xa;	at com.kms.katalon.core.keyword.builtin.VerifyEqualKeyword.verifyEqual(VerifyEqualKeyword.groovy:63)&#xa;	at com.kms.katalon.core.keyword.builtin.VerifyEqualKeyword.execute(VerifyEqualKeyword.groovy:44)&#xa;	at com.kms.katalon.core.keyword.internal.KeywordExecutor.executeKeywordForPlatform(KeywordExecutor.groovy:74)&#xa;	at com.kms.katalon.core.keyword.BuiltinKeywords.verifyEqual(BuiltinKeywords.groovy:146)&#xa;	at java.base/jdk.internal.reflect.NativeMethodAccessorImpl.invoke0(Native Method)&#xa;	at java.base/jdk.internal.reflect.NativeMethodAccessorImpl.invoke(NativeMethodAccessorImpl.java:77)&#xa;	at java.base/jdk.internal.reflect.DelegatingMethodAccessorImpl.invoke(DelegatingMethodAccessorImpl.java:43)&#xa;	at Выполнение бизнес-плана Сверка ПАО Россети все филиалы.Numbers(Выполнение бизнес-плана Сверка ПАО Россети все филиалы:740)&#xa;	at Выполнение бизнес-плана Сверка ПАО Россети все филиалы.run(Выполнение бизнес-плана Сверка ПАО Россети все филиалы:189)&#xa;	at com.kms.katalon.core.main.ScriptEngine.run(ScriptEngine.java:194)&#xa;	at com.kms.katalon.core.main.ScriptEngine.runScriptAsRawText(ScriptEngine.java:119)&#xa;	at com.kms.katalon.core.main.TestCaseExecutor.runScript(TestCaseExecutor.java:448)&#xa;	at com.kms.katalon.core.main.TestCaseExecutor.doExecute(TestCaseExecutor.java:439)&#xa;	at com.kms.katalon.core.main.TestCaseExecutor.processExecutionPhase(TestCaseExecutor.java:418)&#xa;	at com.kms.katalon.core.main.TestCaseExecutor.accessMainPhase(TestCaseExecutor.java:410)&#xa;	at com.kms.katalon.core.main.TestCaseExecutor.execute(TestCaseExecutor.java:285)&#xa;	at com.kms.katalon.core.common.CommonExecutor.accessTestCaseMainPhase(CommonExecutor.java:65)&#xa;	at com.kms.katalon.core.main.TestSuiteExecutor.accessTestSuiteMainPhase(TestSuiteExecutor.java:150)&#xa;	at com.kms.katalon.core.main.TestSuiteExecutor.execute(TestSuiteExecutor.java:106)&#xa;	at com.kms.katalon.core.main.TestCaseMain.startTestSuite(TestCaseMain.java:180)&#xa;	at TempTestSuite1732692359995.run(TempTestSuite1732692359995.groovy:35)&#xa;	at java.base/jdk.internal.reflect.NativeMethodAccessorImpl.invoke0(Native Method)&#xa;	at java.base/jdk.internal.reflect.NativeMethodAccessorImpl.invoke(NativeMethodAccessorImpl.java:77)&#xa;	at java.base/jdk.internal.reflect.DelegatingMethodAccessorImpl.invoke(DelegatingMethodAccessorImpl.java:43)&#xa;Caused by: com.kms.katalon.core.exception.StepFailedException: Actual object '6' and expected object '0' are not equal&#xa;	at com.kms.katalon.core.keyword.builtin.VerifyEqualKeyword$_verifyEqual_closure1.doCall(VerifyEqualKeyword.groovy:58)&#xa;	at com.kms.katalon.core.keyword.builtin.VerifyEqualKeyword$_verifyEqual_closure1.call(VerifyEqualKeyword.groovy)&#xa;	at com.kms.katalon.core.keyword.internal.KeywordMain.runKeyword(KeywordMain.groovy:75)&#xa;	... 24 more&#xa;"/>
         <system-out><![CDATA[27-11-2024T10:26:04 - [TEST_CASE][FAILED] - Test Cases/Выполнение бизнес-плана/Выполнение бизнес-плана Сверка ПАО Россети все филиалы: Test Cases/Выполнение бизнес-плана/Выполнение бизнес-плана Сверка ПАО Россети все филиалы FAILED.
Reason:
com.kms.katalon.core.exception.StepFailedException: Unable to verify equal between actual object '6' and expected object '0' (Root cause: com.kms.katalon.core.exception.StepFailedException: Actual object '6' and expected object '0' are not equal
	at com.kms.katalon.core.keyword.builtin.VerifyEqualKeyword$_verifyEqual_closure1.doCall(VerifyEqualKeyword.groovy:58)
	at com.kms.katalon.core.keyword.builtin.VerifyEqualKeyword$_verifyEqual_closure1.call(VerifyEqualKeyword.groovy)
	at com.kms.katalon.core.keyword.internal.KeywordMain.runKeyword(KeywordMain.groovy:75)
	at com.kms.katalon.core.keyword.builtin.VerifyEqualKeyword.verifyEqual(VerifyEqualKeyword.groovy:63)
	at com.kms.katalon.core.keyword.builtin.VerifyEqualKeyword.execute(VerifyEqualKeyword.groovy:44)
	at com.kms.katalon.core.keyword.internal.KeywordExecutor.executeKeywordForPlatform(KeywordExecutor.groovy:74)
	at com.kms.katalon.core.keyword.BuiltinKeywords.verifyEqual(BuiltinKeywords.groovy:146)
	at java.base/jdk.internal.reflect.NativeMethodAccessorImpl.invoke0(Native Method)
	at java.base/jdk.internal.reflect.NativeMethodAccessorImpl.invoke(NativeMethodAccessorImpl.java:77)
	at java.base/jdk.internal.reflect.DelegatingMethodAccessorImpl.invoke(DelegatingMethodAccessorImpl.java:43)
	at Выполнение бизнес-плана Сверка ПАО Россети все филиалы.Numbers(Выполнение бизнес-плана Сверка ПАО Россети все филиалы:740)
	at Выполнение бизнес-плана Сверка ПАО Россети все филиалы.run(Выполнение бизнес-плана Сверка ПАО Россети все филиалы:189)
	at com.kms.katalon.core.main.ScriptEngine.run(ScriptEngine.java:194)
	at com.kms.katalon.core.main.ScriptEngine.runScriptAsRawText(ScriptEngine.java:119)
	at com.kms.katalon.core.main.TestCaseExecutor.runScript(TestCaseExecutor.java:448)
	at com.kms.katalon.core.main.TestCaseExecutor.doExecute(TestCaseExecutor.java:439)
	at com.kms.katalon.core.main.TestCaseExecutor.processExecutionPhase(TestCaseExecutor.java:418)
	at com.kms.katalon.core.main.TestCaseExecutor.accessMainPhase(TestCaseExecutor.java:410)
	at com.kms.katalon.core.main.TestCaseExecutor.execute(TestCaseExecutor.java:285)
	at com.kms.katalon.core.common.CommonExecutor.accessTestCaseMainPhase(CommonExecutor.java:65)
	at com.kms.katalon.core.main.TestSuiteExecutor.accessTestSuiteMainPhase(TestSuiteExecutor.java:150)
	at com.kms.katalon.core.main.TestSuiteExecutor.execute(TestSuiteExecutor.java:106)
	at com.kms.katalon.core.main.TestCaseMain.startTestSuite(TestCaseMain.java:180)
	at TempTestSuite1732692359995.run(TempTestSuite1732692359995.groovy:35)
	at java.base/jdk.internal.reflect.NativeMethodAccessorImpl.invoke0(Native Method)
	at java.base/jdk.internal.reflect.NativeMethodAccessorImpl.invoke(NativeMethodAccessorImpl.java:77)
	at java.base/jdk.internal.reflect.DelegatingMethodAccessorImpl.invoke(DelegatingMethodAccessorImpl.java:43)
)
	at com.kms.katalon.core.keyword.internal.KeywordMain.stepFailed(KeywordMain.groovy:39)
	at com.kms.katalon.core.keyword.internal.KeywordMain.stepFailed(KeywordMain.groovy)
	at com.kms.katalon.core.keyword.internal.KeywordMain.runKeyword(KeywordMain.groovy:77)
	at com.kms.katalon.core.keyword.builtin.VerifyEqualKeyword.verifyEqual(VerifyEqualKeyword.groovy:63)
	at com.kms.katalon.core.keyword.builtin.VerifyEqualKeyword.execute(VerifyEqualKeyword.groovy:44)
	at com.kms.katalon.core.keyword.internal.KeywordExecutor.executeKeywordForPlatform(KeywordExecutor.groovy:74)
	at com.kms.katalon.core.keyword.BuiltinKeywords.verifyEqual(BuiltinKeywords.groovy:146)
	at java.base/jdk.internal.reflect.NativeMethodAccessorImpl.invoke0(Native Method)
	at java.base/jdk.internal.reflect.NativeMethodAccessorImpl.invoke(NativeMethodAccessorImpl.java:77)
	at java.base/jdk.internal.reflect.DelegatingMethodAccessorImpl.invoke(DelegatingMethodAccessorImpl.java:43)
	at Выполнение бизнес-плана Сверка ПАО Россети все филиалы.Numbers(Выполнение бизнес-плана Сверка ПАО Россети все филиалы:740)
	at Выполнение бизнес-плана Сверка ПАО Россети все филиалы.run(Выполнение бизнес-плана Сверка ПАО Россети все филиалы:189)
	at com.kms.katalon.core.main.ScriptEngine.run(ScriptEngine.java:194)
	at com.kms.katalon.core.main.ScriptEngine.runScriptAsRawText(ScriptEngine.java:119)
	at com.kms.katalon.core.main.TestCaseExecutor.runScript(TestCaseExecutor.java:448)
	at com.kms.katalon.core.main.TestCaseExecutor.doExecute(TestCaseExecutor.java:439)
	at com.kms.katalon.core.main.TestCaseExecutor.processExecutionPhase(TestCaseExecutor.java:418)
	at com.kms.katalon.core.main.TestCaseExecutor.accessMainPhase(TestCaseExecutor.java:410)
	at com.kms.katalon.core.main.TestCaseExecutor.execute(TestCaseExecutor.java:285)
	at com.kms.katalon.core.common.CommonExecutor.accessTestCaseMainPhase(CommonExecutor.java:65)
	at com.kms.katalon.core.main.TestSuiteExecutor.accessTestSuiteMainPhase(TestSuiteExecutor.java:150)
	at com.kms.katalon.core.main.TestSuiteExecutor.execute(TestSuiteExecutor.java:106)
	at com.kms.katalon.core.main.TestCaseMain.startTestSuite(TestCaseMain.java:180)
	at TempTestSuite1732692359995.run(TempTestSuite1732692359995.groovy:35)
	at java.base/jdk.internal.reflect.NativeMethodAccessorImpl.invoke0(Native Method)
	at java.base/jdk.internal.reflect.NativeMethodAccessorImpl.invoke(NativeMethodAccessorImpl.java:77)
	at java.base/jdk.internal.reflect.DelegatingMethodAccessorImpl.invoke(DelegatingMethodAccessorImpl.java:43)
Caused by: com.kms.katalon.core.exception.StepFailedException: Actual object '6' and expected object '0' are not equal
	at com.kms.katalon.core.keyword.builtin.VerifyEqualKeyword$_verifyEqual_closure1.doCall(VerifyEqualKeyword.groovy:58)
	at com.kms.katalon.core.keyword.builtin.VerifyEqualKeyword$_verifyEqual_closure1.call(VerifyEqualKeyword.groovy)
	at com.kms.katalon.core.keyword.internal.KeywordMain.runKeyword(KeywordMain.groovy:75)
	... 24 more


27-11-2024T10:26:06 - [TEST_STEP][PASSED] - openBrowser(""): Browser is opened with url: ''

27-11-2024T10:26:06 - [MESSAGE][INFO] - Starting 'Chrome' driver

27-11-2024T10:26:06 - [MESSAGE][INFO] - Action delay is set to 0 milliseconds

27-11-2024T10:26:08 - [MESSAGE][PASSED] - Browser is opened with url: ''

27-11-2024T10:26:08 - [TEST_STEP][PASSED] - date = new java.util.Date(): null

27-11-2024T10:26:08 - [TEST_STEP][PASSED] - todaysDate = date.format("dd.MM.yyyy"): null

27-11-2024T10:26:08 - [TEST_STEP][PASSED] - dZO = <not implemented yet for class: org.codehaus.groovy.ast.expr.EmptyExpression>: null

27-11-2024T10:26:08 - [TEST_STEP][PASSED] - a = <not implemented yet for class: org.codehaus.groovy.ast.expr.EmptyExpression>: null

27-11-2024T10:26:08 - [TEST_STEP][PASSED] - fileperc = <not implemented yet for class: org.codehaus.groovy.ast.expr.EmptyExpression>: null

27-11-2024T10:26:08 - [TEST_STEP][PASSED] - pageperc = <not implemented yet for class: org.codehaus.groovy.ast.expr.EmptyExpression>: null

27-11-2024T10:26:08 - [TEST_STEP][PASSED] - pageInt = <not implemented yet for class: org.codehaus.groovy.ast.expr.EmptyExpression>: null

27-11-2024T10:26:08 - [TEST_STEP][PASSED] - fileInt = <not implemented yet for class: org.codehaus.groovy.ast.expr.EmptyExpression>: null

27-11-2024T10:26:08 - [TEST_STEP][PASSED] - pageDouble = <not implemented yet for class: org.codehaus.groovy.ast.expr.EmptyExpression>: null

27-11-2024T10:26:08 - [TEST_STEP][PASSED] - fileDouble = <not implemented yet for class: org.codehaus.groovy.ast.expr.EmptyExpression>: null

27-11-2024T10:26:08 - [TEST_STEP][PASSED] - typeOfData = <not implemented yet for class: org.codehaus.groovy.ast.expr.EmptyExpression>: null

27-11-2024T10:26:08 - [TEST_STEP][PASSED] - dzoNum = 0: null

27-11-2024T10:26:08 - [TEST_STEP][PASSED] - filialNum = 0: null

27-11-2024T10:26:08 - [TEST_STEP][PASSED] - urlText = <not implemented yet for class: org.codehaus.groovy.ast.expr.EmptyExpression>: null

27-11-2024T10:26:08 - [TEST_STEP][PASSED] - searchWord = <not implemented yet for class: org.codehaus.groovy.ast.expr.EmptyExpression>: null

27-11-2024T10:26:08 - [TEST_STEP][PASSED] - i = <not implemented yet for class: org.codehaus.groovy.ast.expr.EmptyExpression>: null

27-11-2024T10:26:08 - [TEST_STEP][PASSED] - ii = <not implemented yet for class: org.codehaus.groovy.ast.expr.EmptyExpression>: null

27-11-2024T10:26:08 - [TEST_STEP][PASSED] - navigateToUrl(findTestData("PlanFact").getValue(10, 1)): Navigate to 'https://bi.rosseti.digital/viewer?dashboardGuid=d154a8eaf6824e2b9de1bb04dd061c18&sheetGuid=1305e8ce744049e1abdacea1ea397a26&fit=true' successfully

27-11-2024T10:26:19 - [MESSAGE][PASSED] - Navigate to 'https://bi.rosseti.digital/viewer?dashboardGuid=d154a8eaf6824e2b9de1bb04dd061c18&sheetGuid=1305e8ce744049e1abdacea1ea397a26&fit=true' successfully

27-11-2024T10:26:19 - [TEST_STEP][PASSED] - urlText = getText(findTestObject("Страница авторизации/Text")): Text of object 'Object Repository/Страница авторизации/Text' is: 'Вход'

27-11-2024T10:26:22 - [MESSAGE][PASSED] - Text of object 'Object Repository/Страница авторизации/Text' is: 'Вход'

27-11-2024T10:26:22 - [TEST_STEP][PASSED] - delay(20): Delayed 20 second(s)

27-11-2024T10:26:42 - [MESSAGE][PASSED] - Delayed 20 second(s)

27-11-2024T10:26:42 - [TEST_STEP][PASSED] - searchWord = "Вход": null

27-11-2024T10:26:42 - [TEST_STEP][PASSED] - if (urlText.contains(searchWord) == false): null

27-11-2024T10:26:42 - [TEST_STEP][PASSED] - setText(findTestObject("Страница авторизации/input__username"), findTestData("PlanFact").getValue(8, 1)): Text 'liazgina-di' is set on object 'Object Repository/Страница авторизации/input__username'

27-11-2024T10:26:43 - [MESSAGE][PASSED] - Text 'liazgina-di' is set on object 'Object Repository/Страница авторизации/input__username'

27-11-2024T10:26:43 - [TEST_STEP][PASSED] - setText(findTestObject("Страница авторизации/input__password"), findTestData("PlanFact").getValue(9, 1)): Text ')$%5srZ8o688Dm#q' is set on object 'Object Repository/Страница авторизации/input__password'

27-11-2024T10:26:44 - [MESSAGE][PASSED] - Text ')$%5srZ8o688Dm#q' is set on object 'Object Repository/Страница авторизации/input__password'

27-11-2024T10:26:44 - [TEST_STEP][PASSED] - click(findTestObject("Страница авторизации/button_")): Object: 'Object Repository/Страница авторизации/button_' is clicked on

27-11-2024T10:26:46 - [MESSAGE][PASSED] - Object: 'Object Repository/Страница авторизации/button_' is clicked on

27-11-2024T10:26:46 - [TEST_STEP][PASSED] - delay(50): Delayed 50 second(s)

27-11-2024T10:27:36 - [MESSAGE][PASSED] - Delayed 50 second(s)

27-11-2024T10:27:36 - [TEST_STEP][PASSED] - searchWord = "ДЗО": null

27-11-2024T10:27:36 - [TEST_STEP][PASSED] - urlText = getText(findTestObject("Страница авторизации/Text")): Text of object 'Object Repository/Страница авторизации/Text' is: 'ДЗО 
Все
Период
1, 2, 3 кв. 2024 года
Отклонения фактического уровня потерь от бизнес-плана, п.п.
-0.07
3.72
3.84
-0.05
0.09
-0.51
-0.25
АО «Тываэнерго»
АО «Чеченэнерго»
Россети Северный Кавказ
Россети Сибирь
Россети Тюмень
Россети Центр (ГК)
Россети Центр и Приволжье (ГК)
-1
0
1
2
3
4
5
6
7

Уровень потерь электроэнергии
АО «Тываэнерго»
АО «Чеченэнерго»
Россети Северный Кавказ
Россети Сибирь
Россети Тюмень
Россети Центр (ГК)
Россети Центр и Приволжье (ГК)
0
10
20
30
40
50
60
70
21.03
|
32.87
23.70
6.97
|
2.51
9.98
|
6.88
|
20.96
36.59
|
27.54
|
6.92
2.60
|
9.48
6.63
п.п.
0.05
Итого
0
0.02
0.04
0.06
%
5.29 5.29
5.26 5.26
План
Факт
1
100


Статус данных
Просьба обратить внимание
— все данные не занесены
Факт
План
Итого – Факт
Отпуск в сеть 192 247 697
Отпуск из сети 175 051 868
Потери 17 195 829
Итого – План
Отпуск в сеть 187 501 364
Отпуск из сети 171 438 674
Потери 16 062 691
Выполнение бизнес-плана в части показателя «Уровень потерь электроэнергии»
Показатели баланса электроэнергии по ДЗО – Факт 
572 217 3 034 612 17 367 779 46 928 172 39 079 081 44 371 600 40 894 236
452 291 1 924 288 12 584 601 43 678 766 38 062 639 40 166 359 38 182 923
119 926 1 110 325 4 783 177 3 249 406 1 016 442 4 205 240 2 711 313
Показатели баланса электроэнергии по ДЗО – План
544 127 2 822 152 16 300 204 44 875 501 40 452 567 43 055 315 39 451 497
429 681 1 894 447 12 437 092 41 746 891 39 436 282 38 756 246 36 738 034
114 446 927 705 3 863 112 3 128 610 1 016 285 4 299 069 2 713 463'

27-11-2024T10:28:07 - [MESSAGE][PASSED] - Text of object 'Object Repository/Страница авторизации/Text' is: 'ДЗО 
Все
Период
1, 2, 3 кв. 2024 года
Отклонения фактического уровня потерь от бизнес-плана, п.п.
-0.07
3.72
3.84
-0.05
0.09
-0.51
-0.25
АО «Тываэнерго»
АО «Чеченэнерго»
Россети Северный Кавказ
Россети Сибирь
Россети Тюмень
Россети Центр (ГК)
Россети Центр и Приволжье (ГК)
-1
0
1
2
3
4
5
6
7

Уровень потерь электроэнергии
АО «Тываэнерго»
АО «Чеченэнерго»
Россети Северный Кавказ
Россети Сибирь
Россети Тюмень
Россети Центр (ГК)
Россети Центр и Приволжье (ГК)
0
10
20
30
40
50
60
70
21.03
|
32.87
23.70
6.97
|
2.51
9.98
|
6.88
|
20.96
36.59
|
27.54
|
6.92
2.60
|
9.48
6.63
п.п.
0.05
Итого
0
0.02
0.04
0.06
%
5.29 5.29
5.26 5.26
План
Факт
1
100


Статус данных
Просьба обратить внимание
— все данные не занесены
Факт
План
Итого – Факт
Отпуск в сеть 192 247 697
Отпуск из сети 175 051 868
Потери 17 195 829
Итого – План
Отпуск в сеть 187 501 364
Отпуск из сети 171 438 674
Потери 16 062 691
Выполнение бизнес-плана в части показателя «Уровень потерь электроэнергии»
Показатели баланса электроэнергии по ДЗО – Факт 
572 217 3 034 612 17 367 779 46 928 172 39 079 081 44 371 600 40 894 236
452 291 1 924 288 12 584 601 43 678 766 38 062 639 40 166 359 38 182 923
119 926 1 110 325 4 783 177 3 249 406 1 016 442 4 205 240 2 711 313
Показатели баланса электроэнергии по ДЗО – План
544 127 2 822 152 16 300 204 44 875 501 40 452 567 43 055 315 39 451 497
429 681 1 894 447 12 437 092 41 746 891 39 436 282 38 756 246 36 738 034
114 446 927 705 3 863 112 3 128 610 1 016 285 4 299 069 2 713 463'

27-11-2024T10:28:07 - [TEST_STEP][PASSED] - if (urlText.contains("ошибка") || urlText.contains(searchWord) == false): null

27-11-2024T10:28:07 - [TEST_STEP][PASSED] - Script1718980020443.ZakrytOpoveshenie(): null

27-11-2024T10:28:07 - [TEST_STEP][PASSED] - delay(10): Delayed 10 second(s)

27-11-2024T10:28:17 - [MESSAGE][PASSED] - Delayed 10 second(s)

27-11-2024T10:28:17 - [TEST_STEP][PASSED] - opoveshenie = getText(findTestObject("Выполнение бизнес-плана/Просьба обратить внимание")): Text of object 'Object Repository/Выполнение бизнес-плана/Просьба обратить внимание' is: 'Просьба обратить внимание'

27-11-2024T10:28:23 - [MESSAGE][PASSED] - Text of object 'Object Repository/Выполнение бизнес-плана/Просьба обратить внимание' is: 'Просьба обратить внимание'

27-11-2024T10:28:23 - [TEST_STEP][PASSED] - println(opoveshenie): null

27-11-2024T10:28:23 - [TEST_STEP][PASSED] - if (opoveshenie == "Просьба обратить внимание"): Object: 'Object Repository/Выполнение бизнес-плана/Закрыть оповещение' is clicked on

27-11-2024T10:28:23 - [TEST_STEP][PASSED] - click(findTestObject("Выполнение бизнес-плана/Закрыть оповещение")): Object: 'Object Repository/Выполнение бизнес-плана/Закрыть оповещение' is clicked on

27-11-2024T10:28:23 - [MESSAGE][PASSED] - Object: 'Object Repository/Выполнение бизнес-плана/Закрыть оповещение' is clicked on

27-11-2024T10:28:23 - [TEST_STEP][PASSED] - click(findTestObject("Object Repository/Выполнение бизнес-плана/Фильтр Дата")): Object: 'Object Repository/Выполнение бизнес-плана/Фильтр Дата' is clicked on

27-11-2024T10:28:24 - [MESSAGE][PASSED] - Object: 'Object Repository/Выполнение бизнес-плана/Фильтр Дата' is clicked on

27-11-2024T10:28:24 - [TEST_STEP][PASSED] - click(findTestObject("Выполнение бизнес-плана/Снять выделение в фильтре Дата")): Object: 'Object Repository/Выполнение бизнес-плана/Снять выделение в фильтре Дата' is clicked on

27-11-2024T10:28:24 - [MESSAGE][PASSED] - Object: 'Object Repository/Выполнение бизнес-плана/Снять выделение в фильтре Дата' is clicked on

27-11-2024T10:28:24 - [TEST_STEP][PASSED] - click(findTestObject("Object Repository/Выполнение бизнес-плана/Применить в фильтре Дата")): Object: 'Object Repository/Выполнение бизнес-плана/Применить в фильтре Дата' is clicked on

27-11-2024T10:28:25 - [MESSAGE][PASSED] - Object: 'Object Repository/Выполнение бизнес-плана/Применить в фильтре Дата' is clicked on

27-11-2024T10:28:25 - [TEST_STEP][PASSED] - delay(50): Delayed 50 second(s)

27-11-2024T10:29:15 - [MESSAGE][PASSED] - Delayed 50 second(s)

27-11-2024T10:29:15 - [TEST_STEP][PASSED] - Script1718980020443.ZakrytOpoveshenie(): null

27-11-2024T10:29:15 - [TEST_STEP][PASSED] - delay(10): Delayed 10 second(s)

27-11-2024T10:29:25 - [MESSAGE][PASSED] - Delayed 10 second(s)

27-11-2024T10:29:25 - [TEST_STEP][PASSED] - opoveshenie = getText(findTestObject("Выполнение бизнес-плана/Просьба обратить внимание")): Text of object 'Object Repository/Выполнение бизнес-плана/Просьба обратить внимание' is: 'Просьба обратить внимание'

27-11-2024T10:29:25 - [MESSAGE][PASSED] - Text of object 'Object Repository/Выполнение бизнес-плана/Просьба обратить внимание' is: 'Просьба обратить внимание'

27-11-2024T10:29:25 - [TEST_STEP][PASSED] - println(opoveshenie): null

27-11-2024T10:29:25 - [TEST_STEP][PASSED] - if (opoveshenie == "Просьба обратить внимание"): Object: 'Object Repository/Выполнение бизнес-плана/Закрыть оповещение' is clicked on

27-11-2024T10:29:25 - [TEST_STEP][PASSED] - click(findTestObject("Выполнение бизнес-плана/Закрыть оповещение")): Object: 'Object Repository/Выполнение бизнес-плана/Закрыть оповещение' is clicked on

27-11-2024T10:29:26 - [MESSAGE][PASSED] - Object: 'Object Repository/Выполнение бизнес-плана/Закрыть оповещение' is clicked on

27-11-2024T10:29:26 - [TEST_STEP][PASSED] - click(findTestObject("Object Repository/Выполнение бизнес-плана/Фильтр Дата")): Object: 'Object Repository/Выполнение бизнес-плана/Фильтр Дата' is clicked on

27-11-2024T10:29:26 - [MESSAGE][PASSED] - Object: 'Object Repository/Выполнение бизнес-плана/Фильтр Дата' is clicked on

27-11-2024T10:29:26 - [TEST_STEP][PASSED] - scrollToElement(findTestObject("Выполнение бизнес-плана/2024 список"), 30): Scroll to object 'Object Repository/Выполнение бизнес-плана/2024 список' successfully

27-11-2024T10:29:27 - [MESSAGE][PASSED] - Scroll to object 'Object Repository/Выполнение бизнес-плана/2024 список' successfully

27-11-2024T10:29:27 - [TEST_STEP][PASSED] - click(findTestObject("Выполнение бизнес-плана/2024 список")): Object: 'Object Repository/Выполнение бизнес-плана/2024 список' is clicked on

27-11-2024T10:29:27 - [MESSAGE][PASSED] - Object: 'Object Repository/Выполнение бизнес-плана/2024 список' is clicked on

27-11-2024T10:29:27 - [TEST_STEP][PASSED] - scrollToElement(findTestObject("Выполнение бизнес-плана/1 квартал 2024 список"), 30): Scroll to object 'Object Repository/Выполнение бизнес-плана/1 квартал 2024 список' successfully

27-11-2024T10:29:28 - [MESSAGE][PASSED] - Scroll to object 'Object Repository/Выполнение бизнес-плана/1 квартал 2024 список' successfully

27-11-2024T10:29:28 - [TEST_STEP][PASSED] - click(findTestObject("Выполнение бизнес-плана/1 квартал 2024 список")): Object: 'Object Repository/Выполнение бизнес-плана/1 квартал 2024 список' is clicked on

27-11-2024T10:29:28 - [MESSAGE][PASSED] - Object: 'Object Repository/Выполнение бизнес-плана/1 квартал 2024 список' is clicked on

27-11-2024T10:29:28 - [TEST_STEP][PASSED] - click(findTestObject("Выполнение бизнес-плана/Январь 2024")): Object: 'Object Repository/Выполнение бизнес-плана/Январь 2024' is clicked on

27-11-2024T10:29:28 - [MESSAGE][PASSED] - Object: 'Object Repository/Выполнение бизнес-плана/Январь 2024' is clicked on

27-11-2024T10:29:28 - [TEST_STEP][PASSED] - click(findTestObject("Выполнение бизнес-плана/Февраль 2024")): Object: 'Object Repository/Выполнение бизнес-плана/Февраль 2024' is clicked on

27-11-2024T10:29:29 - [MESSAGE][PASSED] - Object: 'Object Repository/Выполнение бизнес-плана/Февраль 2024' is clicked on

27-11-2024T10:29:29 - [TEST_STEP][PASSED] - click(findTestObject("Выполнение бизнес-плана/Март 2024")): Object: 'Object Repository/Выполнение бизнес-плана/Март 2024' is clicked on

27-11-2024T10:29:29 - [MESSAGE][PASSED] - Object: 'Object Repository/Выполнение бизнес-плана/Март 2024' is clicked on

27-11-2024T10:29:29 - [TEST_STEP][PASSED] - scrollToElement(findTestObject("Выполнение бизнес-плана/2 квартал 2024"), 30): Scroll to object 'Object Repository/Выполнение бизнес-плана/2 квартал 2024' successfully

27-11-2024T10:29:30 - [MESSAGE][PASSED] - Scroll to object 'Object Repository/Выполнение бизнес-плана/2 квартал 2024' successfully

27-11-2024T10:29:30 - [TEST_STEP][PASSED] - click(findTestObject("Выполнение бизнес-плана/2 квартал 2024")): Object: 'Object Repository/Выполнение бизнес-плана/2 квартал 2024' is clicked on

27-11-2024T10:29:30 - [MESSAGE][PASSED] - Object: 'Object Repository/Выполнение бизнес-плана/2 квартал 2024' is clicked on

27-11-2024T10:29:30 - [TEST_STEP][PASSED] - scrollToElement(findTestObject("Выполнение бизнес-плана/3 квартал 2024 список"), 30): Scroll to object 'Object Repository/Выполнение бизнес-плана/3 квартал 2024 список' successfully

27-11-2024T10:29:31 - [MESSAGE][PASSED] - Scroll to object 'Object Repository/Выполнение бизнес-плана/3 квартал 2024 список' successfully

27-11-2024T10:29:31 - [TEST_STEP][PASSED] - click(findTestObject("Выполнение бизнес-плана/3 квартал 2024"), CONTINUE_ON_FAILURE): Object: 'Object Repository/Выполнение бизнес-плана/3 квартал 2024' is clicked on

27-11-2024T10:29:31 - [MESSAGE][PASSED] - Object: 'Object Repository/Выполнение бизнес-плана/3 квартал 2024' is clicked on

27-11-2024T10:29:31 - [TEST_STEP][PASSED] - scrollToElement(findTestObject("Выполнение бизнес-плана/Заголовок дашборда"), 30): Scroll to object 'Object Repository/Выполнение бизнес-плана/Заголовок дашборда' successfully

27-11-2024T10:29:32 - [MESSAGE][PASSED] - Scroll to object 'Object Repository/Выполнение бизнес-плана/Заголовок дашборда' successfully

27-11-2024T10:29:32 - [TEST_STEP][PASSED] - click(findTestObject("Object Repository/Выполнение бизнес-плана/Применить в фильтре Дата")): Object: 'Object Repository/Выполнение бизнес-плана/Применить в фильтре Дата' is clicked on

27-11-2024T10:29:32 - [MESSAGE][PASSED] - Object: 'Object Repository/Выполнение бизнес-плана/Применить в фильтре Дата' is clicked on

27-11-2024T10:29:32 - [TEST_STEP][PASSED] - delay(50): Delayed 50 second(s)

27-11-2024T10:30:22 - [MESSAGE][PASSED] - Delayed 50 second(s)

27-11-2024T10:30:22 - [TEST_STEP][PASSED] - Script1718980020443.ZakrytOpoveshenie(): null

27-11-2024T10:30:22 - [TEST_STEP][PASSED] - delay(10): Delayed 10 second(s)

27-11-2024T10:30:32 - [MESSAGE][PASSED] - Delayed 10 second(s)

27-11-2024T10:30:32 - [TEST_STEP][PASSED] - opoveshenie = getText(findTestObject("Выполнение бизнес-плана/Просьба обратить внимание")): Text of object 'Object Repository/Выполнение бизнес-плана/Просьба обратить внимание' is: 'Просьба обратить внимание'

27-11-2024T10:30:33 - [MESSAGE][PASSED] - Text of object 'Object Repository/Выполнение бизнес-плана/Просьба обратить внимание' is: 'Просьба обратить внимание'

27-11-2024T10:30:33 - [TEST_STEP][PASSED] - println(opoveshenie): null

27-11-2024T10:30:33 - [TEST_STEP][PASSED] - if (opoveshenie == "Просьба обратить внимание"): Object: 'Object Repository/Выполнение бизнес-плана/Закрыть оповещение' is clicked on

27-11-2024T10:30:33 - [TEST_STEP][PASSED] - click(findTestObject("Выполнение бизнес-плана/Закрыть оповещение")): Object: 'Object Repository/Выполнение бизнес-плана/Закрыть оповещение' is clicked on

27-11-2024T10:30:33 - [MESSAGE][PASSED] - Object: 'Object Repository/Выполнение бизнес-плана/Закрыть оповещение' is clicked on

27-11-2024T10:30:33 - [TEST_STEP][PASSED] - delay(30): Delayed 30 second(s)

27-11-2024T10:31:03 - [MESSAGE][PASSED] - Delayed 30 second(s)

27-11-2024T10:31:03 - [TEST_STEP][PASSED] - Script1718980020443.OpenFilter(): null

27-11-2024T10:31:03 - [TEST_STEP][PASSED] - click(findTestObject("Object Repository/Выполнение бизнес-плана/Фильтр ДЗО")): Object: 'Object Repository/Выполнение бизнес-плана/Фильтр ДЗО' is clicked on

27-11-2024T10:31:04 - [MESSAGE][PASSED] - Object: 'Object Repository/Выполнение бизнес-плана/Фильтр ДЗО' is clicked on

27-11-2024T10:31:04 - [TEST_STEP][PASSED] - click(findTestObject("Выполнение бизнес-плана/Снять выделение в фильтре ДЗО")): Object: 'Object Repository/Выполнение бизнес-плана/Снять выделение в фильтре ДЗО' is clicked on

27-11-2024T10:31:04 - [MESSAGE][PASSED] - Object: 'Object Repository/Выполнение бизнес-плана/Снять выделение в фильтре ДЗО' is clicked on

27-11-2024T10:31:04 - [TEST_STEP][PASSED] - click(findTestObject("Выполнение бизнес-плана/ПАО Россети")): Object: 'Object Repository/Выполнение бизнес-плана/ПАО Россети' is clicked on

27-11-2024T10:31:04 - [MESSAGE][PASSED] - Object: 'Object Repository/Выполнение бизнес-плана/ПАО Россети' is clicked on

27-11-2024T10:31:04 - [TEST_STEP][PASSED] - click(findTestObject("Object Repository/Выполнение бизнес-плана/Применить в фильтре ДЗО")): Object: 'Object Repository/Выполнение бизнес-плана/Применить в фильтре ДЗО' is clicked on

27-11-2024T10:31:05 - [MESSAGE][PASSED] - Object: 'Object Repository/Выполнение бизнес-плана/Применить в фильтре ДЗО' is clicked on

27-11-2024T10:31:06 - [TEST_STEP][PASSED] - delay(30): Delayed 30 second(s)

27-11-2024T10:31:36 - [MESSAGE][PASSED] - Delayed 30 second(s)

27-11-2024T10:31:36 - [TEST_STEP][PASSED] - x1 = getText(findTestObject("Выполнение бизнес-плана/Список ДЗО старый")): Text of object 'Object Repository/Выполнение бизнес-плана/Список ДЗО старый' is: 'АО «Тываэнерго»
АО «Чеченэнерго»
Россети Северный Кавказ
Россети Сибирь
Россети Тюмень
Россети Центр (ГК)
Россети Центр и Приволжье (ГК)
0
10
20
30
40
50
60
70'

27-11-2024T10:31:36 - [MESSAGE][PASSED] - Text of object 'Object Repository/Выполнение бизнес-плана/Список ДЗО старый' is: 'АО «Тываэнерго»
АО «Чеченэнерго»
Россети Северный Кавказ
Россети Сибирь
Россети Тюмень
Россети Центр (ГК)
Россети Центр и Приволжье (ГК)
0
10
20
30
40
50
60
70'

27-11-2024T10:31:36 - [TEST_STEP][PASSED] - dZO = "ПАО Россети": null

27-11-2024T10:31:36 - [TEST_STEP][PASSED] - a = 84: null

27-11-2024T10:31:36 - [TEST_STEP][PASSED] - Script1718980020443.Numbers(a, typeOfData, todaysDate, pageInt, fileInt, pageDouble, fileDouble, dZO, dzoNum, filialNum): null

27-11-2024T10:31:36 - [TEST_STEP][PASSED] - println(dzoNum): null

27-11-2024T10:31:36 - [TEST_STEP][PASSED] - planFact = <not implemented yet for class: org.codehaus.groovy.ast.expr.EmptyExpression>: null

27-11-2024T10:31:36 - [TEST_STEP][PASSED] - page = <not implemented yet for class: org.codehaus.groovy.ast.expr.EmptyExpression>: null

27-11-2024T10:31:36 - [TEST_STEP][PASSED] - page1 = <not implemented yet for class: org.codehaus.groovy.ast.expr.EmptyExpression>: null

27-11-2024T10:31:36 - [TEST_STEP][PASSED] - page2 = <not implemented yet for class: org.codehaus.groovy.ast.expr.EmptyExpression>: null

27-11-2024T10:31:36 - [TEST_STEP][PASSED] - filialNumberInRow = <not implemented yet for class: org.codehaus.groovy.ast.expr.EmptyExpression>: null

27-11-2024T10:31:36 - [TEST_STEP][PASSED] - filialsDzoNames = <not implemented yet for class: org.codehaus.groovy.ast.expr.EmptyExpression>: null

27-11-2024T10:31:36 - [TEST_STEP][PASSED] - numberOfFilials = <not implemented yet for class: org.codehaus.groovy.ast.expr.EmptyExpression>: null

27-11-2024T10:31:36 - [TEST_STEP][PASSED] - numberOfSpaces = <not implemented yet for class: org.codehaus.groovy.ast.expr.EmptyExpression>: null

27-11-2024T10:31:36 - [TEST_STEP][PASSED] - file = <not implemented yet for class: org.codehaus.groovy.ast.expr.EmptyExpression>: null

27-11-2024T10:31:36 - [TEST_STEP][PASSED] - otpusk = <not implemented yet for class: org.codehaus.groovy.ast.expr.EmptyExpression>: null

27-11-2024T10:31:36 - [TEST_STEP][PASSED] - poteri = <not implemented yet for class: org.codehaus.groovy.ast.expr.EmptyExpression>: null

27-11-2024T10:31:36 - [TEST_STEP][PASSED] - dataFolder = "Выполнение бизнес-плана/Значения со страницы Выполнение бизнес-плана/": null

27-11-2024T10:31:36 - [TEST_STEP][PASSED] - path = <not implemented yet for class: org.codehaus.groovy.ast.expr.EmptyExpression>: null

27-11-2024T10:31:36 - [TEST_STEP][PASSED] - typeOfDataMain = <not implemented yet for class: org.codehaus.groovy.ast.expr.EmptyExpression>: null

27-11-2024T10:31:36 - [TEST_STEP][PASSED] - fileOtpuskVSet = <not implemented yet for class: org.codehaus.groovy.ast.expr.EmptyExpression>: null

27-11-2024T10:31:36 - [TEST_STEP][PASSED] - pageOtpuskVSet = <not implemented yet for class: org.codehaus.groovy.ast.expr.EmptyExpression>: null

27-11-2024T10:31:36 - [TEST_STEP][PASSED] - filePoteri = <not implemented yet for class: org.codehaus.groovy.ast.expr.EmptyExpression>: null

27-11-2024T10:31:36 - [TEST_STEP][PASSED] - pagePoteri = <not implemented yet for class: org.codehaus.groovy.ast.expr.EmptyExpression>: null

27-11-2024T10:31:36 - [TEST_STEP][PASSED] - compare = <not implemented yet for class: org.codehaus.groovy.ast.expr.EmptyExpression>: null

27-11-2024T10:31:36 - [TEST_STEP][PASSED] - b = <not implemented yet for class: org.codehaus.groovy.ast.expr.EmptyExpression>: null

27-11-2024T10:31:36 - [TEST_STEP][PASSED] - i = <not implemented yet for class: org.codehaus.groovy.ast.expr.EmptyExpression>: null

27-11-2024T10:31:36 - [TEST_STEP][PASSED] - ii = <not implemented yet for class: org.codehaus.groovy.ast.expr.EmptyExpression>: null

27-11-2024T10:31:36 - [TEST_STEP][PASSED] - c = <not implemented yet for class: org.codehaus.groovy.ast.expr.EmptyExpression>: null

27-11-2024T10:31:36 - [TEST_STEP][PASSED] - numberOfErrors = 0: null

27-11-2024T10:31:36 - [TEST_STEP][PASSED] - if (a == 82): null

27-11-2024T10:31:36 - [TEST_STEP][PASSED] - b = findTestData("PlanFact").getValue(1, a): null

27-11-2024T10:31:36 - [TEST_STEP][PASSED] - i = b.indexOf(" (ГК)"): null

27-11-2024T10:31:36 - [TEST_STEP][PASSED] - if (i > -1): null

27-11-2024T10:31:36 - [TEST_STEP][PASSED] - i = b.indexOf("О ""): null

27-11-2024T10:31:36 - [TEST_STEP][PASSED] - if (i > -1): null

27-11-2024T10:31:36 - [TEST_STEP][PASSED] - i = b.indexOf("О «"): null

27-11-2024T10:31:36 - [TEST_STEP][PASSED] - if (i > -1): null

27-11-2024T10:31:36 - [TEST_STEP][PASSED] - i = b.indexOf("г. "): null

27-11-2024T10:31:36 - [TEST_STEP][PASSED] - if (i > -1): null

27-11-2024T10:31:36 - [TEST_STEP][PASSED] - println(b): null

27-11-2024T10:31:36 - [TEST_STEP][PASSED] - for ([planFact = 1, planFact < 3, (planFact++)]): null

27-11-2024T10:31:36 - [TEST_STEP][PASSED] - if (planFact == 1): null

27-11-2024T10:31:36 - [TEST_STEP][PASSED] - typeOfDataMain = "Факт": null

27-11-2024T10:31:36 - [TEST_STEP][PASSED] - otpusk = findTestData("PlanFact").getValue(5, a): null

27-11-2024T10:31:36 - [TEST_STEP][PASSED] - poteri = findTestData("PlanFact").getValue(6, a): null

27-11-2024T10:31:36 - [TEST_STEP][PASSED] - otpusk = otpusk.replaceAll("\s+", ""): null

27-11-2024T10:31:36 - [TEST_STEP][PASSED] - poteri = poteri.replaceAll("\s+", ""): null

27-11-2024T10:31:36 - [TEST_STEP][PASSED] - typeOfData = typeOfDataMain + " Отпуск в сеть": null

27-11-2024T10:31:36 - [TEST_STEP][PASSED] - if (a == 82): null

27-11-2024T10:31:36 - [TEST_STEP][PASSED] - else if (a == 84): null

27-11-2024T10:31:36 - [TEST_STEP][PASSED] - path = dataFolder + typeOfData + " за отчётный период " + "ПАО Россети": null

27-11-2024T10:31:36 - [TEST_STEP][PASSED] - println(path): null

27-11-2024T10:31:36 - [TEST_STEP][PASSED] - page = getText(findTestObject(path)): Text of object 'Object Repository/Выполнение бизнес-плана/Значения со страницы Выполнение бизнес-плана/Факт Отпуск в сеть за отчётный период ПАО Россети' is: '192 247 697'

27-11-2024T10:31:37 - [MESSAGE][PASSED] - Text of object 'Object Repository/Выполнение бизнес-плана/Значения со страницы Выполнение бизнес-плана/Факт Отпуск в сеть за отчётный период ПАО Россети' is: '192 247 697'

27-11-2024T10:31:37 - [TEST_STEP][PASSED] - page = page.replaceAll("\s+", ""): null

27-11-2024T10:31:37 - [TEST_STEP][PASSED] - fileOtpuskVSet = otpusk.toInteger(): null

27-11-2024T10:31:37 - [TEST_STEP][PASSED] - pageOtpuskVSet = page.toInteger(): null

27-11-2024T10:31:37 - [TEST_STEP][PASSED] - typeOfData = typeOfDataMain + " Потери": null

27-11-2024T10:31:37 - [TEST_STEP][PASSED] - if (a == 82): null

27-11-2024T10:31:37 - [TEST_STEP][PASSED] - else if (a == 84): null

27-11-2024T10:31:37 - [TEST_STEP][PASSED] - path = dataFolder + typeOfData + " за отчётный период " + "ПАО Россети": null

27-11-2024T10:31:37 - [TEST_STEP][PASSED] - page = getText(findTestObject(path)): Text of object 'Object Repository/Выполнение бизнес-плана/Значения со страницы Выполнение бизнес-плана/Факт Потери за отчётный период ПАО Россети' is: '17 195 829'

27-11-2024T10:31:37 - [MESSAGE][PASSED] - Text of object 'Object Repository/Выполнение бизнес-плана/Значения со страницы Выполнение бизнес-плана/Факт Потери за отчётный период ПАО Россети' is: '17 195 829'

27-11-2024T10:31:37 - [TEST_STEP][PASSED] - page = page.replaceAll("\s+", ""): null

27-11-2024T10:31:37 - [TEST_STEP][PASSED] - filePoteri = poteri.toInteger(): null

27-11-2024T10:31:37 - [TEST_STEP][PASSED] - pagePoteri = page.toInteger(): null

27-11-2024T10:31:37 - [TEST_STEP][PASSED] - compare = pageOtpuskVSet: null

27-11-2024T10:31:37 - [TEST_STEP][PASSED] - if (compare == fileOtpuskVSet): null

27-11-2024T10:31:37 - [TEST_STEP][PASSED] - else if (compare > fileOtpuskVSet): null

27-11-2024T10:31:37 - [TEST_STEP][PASSED] - else if (compare < fileOtpuskVSet): null

27-11-2024T10:31:37 - [TEST_STEP][PASSED] - compare = compare + 1: null

27-11-2024T10:31:37 - [TEST_STEP][PASSED] - if (compare == fileOtpuskVSet): null

27-11-2024T10:31:37 - [TEST_STEP][PASSED] - else: null

27-11-2024T10:31:37 - [TEST_STEP][PASSED] - numberOfErrors = numberOfErrors + 1: null

27-11-2024T10:31:37 - [TEST_STEP][PASSED] - pageInt = pageOtpuskVSet: null

27-11-2024T10:31:37 - [TEST_STEP][PASSED] - fileInt = fileOtpuskVSet: null

27-11-2024T10:31:37 - [TEST_STEP][PASSED] - typeOfData = typeOfDataMain + " Отпуск в сеть": null

27-11-2024T10:31:37 - [TEST_STEP][PASSED] - Script1718980020443.WriteToExcel(a, typeOfData, todaysDate, pageInt, fileInt, pageDouble, fileDouble, dZO): null

27-11-2024T10:31:37 - [TEST_STEP][PASSED] - sheetName = "Sheet1": null

27-11-2024T10:31:37 - [TEST_STEP][PASSED] - data = findTestData("PlanFact"): null

27-11-2024T10:31:37 - [TEST_STEP][PASSED] - n = data.getRowNumbers() + 1: null

27-11-2024T10:31:37 - [TEST_STEP][PASSED] - year = todaysDate.substring(todaysDate.length() - 4, todaysDate.length()): null

27-11-2024T10:31:37 - [TEST_STEP][PASSED] - y = year.toInteger(): null

27-11-2024T10:31:37 - [TEST_STEP][PASSED] - m = getText(findTestObject("Выполнение бизнес-плана/Период")): Text of object 'Object Repository/Выполнение бизнес-плана/Период' is: '1, 2, 3 кв. 2024 года'

27-11-2024T10:31:37 - [MESSAGE][PASSED] - Text of object 'Object Repository/Выполнение бизнес-плана/Период' is: '1, 2, 3 кв. 2024 года'

27-11-2024T10:31:37 - [TEST_STEP][PASSED] - m = m.substring(0, m.indexOf("2024")): null

27-11-2024T10:31:37 - [TEST_STEP][PASSED] - m = m.trim(): null

27-11-2024T10:31:37 - [TEST_STEP][PASSED] - dashboardName = "Выполнение бизнес-плана": null

27-11-2024T10:31:37 - [TEST_STEP][PASSED] - workbook01 = getWorkbook(excelFilePath): null

27-11-2024T10:31:38 - [TEST_STEP][PASSED] - sheet01 = getExcelSheet(workbook01, sheetName): null

27-11-2024T10:31:38 - [TEST_STEP][PASSED] - setValueToCellByIndex(sheet01, n, 0, dashboardName): null

27-11-2024T10:31:38 - [TEST_STEP][PASSED] - setValueToCellByIndex(sheet01, n, 1, dZO): null

27-11-2024T10:31:38 - [TEST_STEP][PASSED] - setValueToCellByIndex(sheet01, n, 2, typeOfData): null

27-11-2024T10:31:38 - [TEST_STEP][PASSED] - if (typeOfData == "Факт в процентах" || typeOfData == "План в процентах"): null

27-11-2024T10:31:38 - [TEST_STEP][PASSED] - else: null

27-11-2024T10:31:38 - [TEST_STEP][PASSED] - setValueToCellByIndex(sheet01, n, 3, fileInt): null

27-11-2024T10:31:38 - [TEST_STEP][PASSED] - setValueToCellByIndex(sheet01, n, 4, pageInt): null

27-11-2024T10:31:38 - [TEST_STEP][PASSED] - setValueToCellByIndex(sheet01, n, 5, m): null

27-11-2024T10:31:38 - [TEST_STEP][PASSED] - setValueToCellByIndex(sheet01, n, 6, y): null

27-11-2024T10:31:38 - [TEST_STEP][PASSED] - setValueToCellByIndex(sheet01, n, 7, todaysDate): null

27-11-2024T10:31:38 - [TEST_STEP][PASSED] - n = n + 1: null

27-11-2024T10:31:38 - [TEST_STEP][PASSED] - saveWorkbook(excelFilePath, workbook01): null

27-11-2024T10:31:38 - [TEST_STEP][PASSED] - compare = pagePoteri: null

27-11-2024T10:31:38 - [TEST_STEP][PASSED] - if (compare == filePoteri): null

27-11-2024T10:31:38 - [TEST_STEP][PASSED] - else if (compare > filePoteri): null

27-11-2024T10:31:38 - [TEST_STEP][PASSED] - else if (compare < filePoteri): null

27-11-2024T10:31:38 - [TEST_STEP][PASSED] - compare = compare + 1: null

27-11-2024T10:31:38 - [TEST_STEP][PASSED] - if (compare == filePoteri): null

27-11-2024T10:31:38 - [TEST_STEP][PASSED] - else: null

27-11-2024T10:31:38 - [TEST_STEP][PASSED] - numberOfErrors = numberOfErrors + 1: null

27-11-2024T10:31:38 - [TEST_STEP][PASSED] - pageInt = pagePoteri: null

27-11-2024T10:31:38 - [TEST_STEP][PASSED] - fileInt = filePoteri: null

27-11-2024T10:31:38 - [TEST_STEP][PASSED] - typeOfData = typeOfDataMain + " Потери": null

27-11-2024T10:31:38 - [TEST_STEP][PASSED] - Script1718980020443.WriteToExcel(a, typeOfData, todaysDate, pageInt, fileInt, pageDouble, fileDouble, dZO): null

27-11-2024T10:31:38 - [TEST_STEP][PASSED] - sheetName = "Sheet1": null

27-11-2024T10:31:38 - [TEST_STEP][PASSED] - data = findTestData("PlanFact"): null

27-11-2024T10:31:38 - [TEST_STEP][PASSED] - n = data.getRowNumbers() + 1: null

27-11-2024T10:31:38 - [TEST_STEP][PASSED] - year = todaysDate.substring(todaysDate.length() - 4, todaysDate.length()): null

27-11-2024T10:31:38 - [TEST_STEP][PASSED] - y = year.toInteger(): null

27-11-2024T10:31:38 - [TEST_STEP][PASSED] - m = getText(findTestObject("Выполнение бизнес-плана/Период")): Text of object 'Object Repository/Выполнение бизнес-плана/Период' is: '1, 2, 3 кв. 2024 года'

27-11-2024T10:31:38 - [MESSAGE][PASSED] - Text of object 'Object Repository/Выполнение бизнес-плана/Период' is: '1, 2, 3 кв. 2024 года'

27-11-2024T10:31:38 - [TEST_STEP][PASSED] - m = m.substring(0, m.indexOf("2024")): null

27-11-2024T10:31:38 - [TEST_STEP][PASSED] - m = m.trim(): null

27-11-2024T10:31:38 - [TEST_STEP][PASSED] - dashboardName = "Выполнение бизнес-плана": null

27-11-2024T10:31:38 - [TEST_STEP][PASSED] - workbook01 = getWorkbook(excelFilePath): null

27-11-2024T10:31:38 - [TEST_STEP][PASSED] - sheet01 = getExcelSheet(workbook01, sheetName): null

27-11-2024T10:31:38 - [TEST_STEP][PASSED] - setValueToCellByIndex(sheet01, n, 0, dashboardName): null

27-11-2024T10:31:38 - [TEST_STEP][PASSED] - setValueToCellByIndex(sheet01, n, 1, dZO): null

27-11-2024T10:31:38 - [TEST_STEP][PASSED] - setValueToCellByIndex(sheet01, n, 2, typeOfData): null

27-11-2024T10:31:38 - [TEST_STEP][PASSED] - if (typeOfData == "Факт в процентах" || typeOfData == "План в процентах"): null

27-11-2024T10:31:38 - [TEST_STEP][PASSED] - else: null

27-11-2024T10:31:38 - [TEST_STEP][PASSED] - setValueToCellByIndex(sheet01, n, 3, fileInt): null

27-11-2024T10:31:38 - [TEST_STEP][PASSED] - setValueToCellByIndex(sheet01, n, 4, pageInt): null

27-11-2024T10:31:38 - [TEST_STEP][PASSED] - setValueToCellByIndex(sheet01, n, 5, m): null

27-11-2024T10:31:38 - [TEST_STEP][PASSED] - setValueToCellByIndex(sheet01, n, 6, y): null

27-11-2024T10:31:38 - [TEST_STEP][PASSED] - setValueToCellByIndex(sheet01, n, 7, todaysDate): null

27-11-2024T10:31:38 - [TEST_STEP][PASSED] - n = n + 1: null

27-11-2024T10:31:38 - [TEST_STEP][PASSED] - saveWorkbook(excelFilePath, workbook01): null

27-11-2024T10:31:39 - [TEST_STEP][PASSED] - if (planFact == 2): null

27-11-2024T10:31:39 - [TEST_STEP][PASSED] - if (planFact == 1): null

27-11-2024T10:31:39 - [TEST_STEP][PASSED] - else if (planFact == 2): null

27-11-2024T10:31:39 - [TEST_STEP][PASSED] - click(findTestObject("Выполнение бизнес-плана/Кнопка План")): Object: 'Object Repository/Выполнение бизнес-плана/Кнопка План' is clicked on

27-11-2024T10:31:39 - [MESSAGE][PASSED] - Object: 'Object Repository/Выполнение бизнес-плана/Кнопка План' is clicked on

27-11-2024T10:31:39 - [TEST_STEP][PASSED] - typeOfDataMain = "План": null

27-11-2024T10:31:39 - [TEST_STEP][PASSED] - otpusk = findTestData("PlanFact").getValue(2, a): null

27-11-2024T10:31:39 - [TEST_STEP][PASSED] - poteri = findTestData("PlanFact").getValue(3, a): null

27-11-2024T10:31:39 - [TEST_STEP][PASSED] - otpusk = otpusk.replaceAll("\s+", ""): null

27-11-2024T10:31:39 - [TEST_STEP][PASSED] - poteri = poteri.replaceAll("\s+", ""): null

27-11-2024T10:31:39 - [TEST_STEP][PASSED] - typeOfData = typeOfDataMain + " Отпуск в сеть": null

27-11-2024T10:31:39 - [TEST_STEP][PASSED] - if (a == 82): null

27-11-2024T10:31:39 - [TEST_STEP][PASSED] - else if (a == 84): null

27-11-2024T10:31:39 - [TEST_STEP][PASSED] - path = dataFolder + typeOfData + " за отчётный период " + "ПАО Россети": null

27-11-2024T10:31:39 - [TEST_STEP][PASSED] - println(path): null

27-11-2024T10:31:39 - [TEST_STEP][PASSED] - page = getText(findTestObject(path)): Text of object 'Object Repository/Выполнение бизнес-плана/Значения со страницы Выполнение бизнес-плана/План Отпуск в сеть за отчётный период ПАО Россети' is: '187 501 364'

27-11-2024T10:31:39 - [MESSAGE][PASSED] - Text of object 'Object Repository/Выполнение бизнес-плана/Значения со страницы Выполнение бизнес-плана/План Отпуск в сеть за отчётный период ПАО Россети' is: '187 501 364'

27-11-2024T10:31:39 - [TEST_STEP][PASSED] - page = page.replaceAll("\s+", ""): null

27-11-2024T10:31:40 - [TEST_STEP][PASSED] - fileOtpuskVSet = otpusk.toInteger(): null

27-11-2024T10:31:40 - [TEST_STEP][PASSED] - pageOtpuskVSet = page.toInteger(): null

27-11-2024T10:31:40 - [TEST_STEP][PASSED] - typeOfData = typeOfDataMain + " Потери": null

27-11-2024T10:31:40 - [TEST_STEP][PASSED] - if (a == 82): null

27-11-2024T10:31:40 - [TEST_STEP][PASSED] - else if (a == 84): null

27-11-2024T10:31:40 - [TEST_STEP][PASSED] - path = dataFolder + typeOfData + " за отчётный период " + "ПАО Россети": null

27-11-2024T10:31:40 - [TEST_STEP][PASSED] - page = getText(findTestObject(path)): Text of object 'Object Repository/Выполнение бизнес-плана/Значения со страницы Выполнение бизнес-плана/План Потери за отчётный период ПАО Россети' is: '16 062 691'

27-11-2024T10:31:40 - [MESSAGE][PASSED] - Text of object 'Object Repository/Выполнение бизнес-плана/Значения со страницы Выполнение бизнес-плана/План Потери за отчётный период ПАО Россети' is: '16 062 691'

27-11-2024T10:31:40 - [TEST_STEP][PASSED] - page = page.replaceAll("\s+", ""): null

27-11-2024T10:31:40 - [TEST_STEP][PASSED] - filePoteri = poteri.toInteger(): null

27-11-2024T10:31:40 - [TEST_STEP][PASSED] - pagePoteri = page.toInteger(): null

27-11-2024T10:31:40 - [TEST_STEP][PASSED] - compare = pageOtpuskVSet: null

27-11-2024T10:31:40 - [TEST_STEP][PASSED] - if (compare == fileOtpuskVSet): null

27-11-2024T10:31:40 - [TEST_STEP][PASSED] - else if (compare > fileOtpuskVSet): null

27-11-2024T10:31:40 - [TEST_STEP][PASSED] - else if (compare < fileOtpuskVSet): null

27-11-2024T10:31:40 - [TEST_STEP][PASSED] - compare = compare + 1: null

27-11-2024T10:31:40 - [TEST_STEP][PASSED] - if (compare == fileOtpuskVSet): null

27-11-2024T10:31:40 - [TEST_STEP][PASSED] - else: null

27-11-2024T10:31:40 - [TEST_STEP][PASSED] - numberOfErrors = numberOfErrors + 1: null

27-11-2024T10:31:40 - [TEST_STEP][PASSED] - pageInt = pageOtpuskVSet: null

27-11-2024T10:31:40 - [TEST_STEP][PASSED] - fileInt = fileOtpuskVSet: null

27-11-2024T10:31:40 - [TEST_STEP][PASSED] - typeOfData = typeOfDataMain + " Отпуск в сеть": null

27-11-2024T10:31:40 - [TEST_STEP][PASSED] - Script1718980020443.WriteToExcel(a, typeOfData, todaysDate, pageInt, fileInt, pageDouble, fileDouble, dZO): null

27-11-2024T10:31:40 - [TEST_STEP][PASSED] - sheetName = "Sheet1": null

27-11-2024T10:31:40 - [TEST_STEP][PASSED] - data = findTestData("PlanFact"): null

27-11-2024T10:31:40 - [TEST_STEP][PASSED] - n = data.getRowNumbers() + 1: null

27-11-2024T10:31:40 - [TEST_STEP][PASSED] - year = todaysDate.substring(todaysDate.length() - 4, todaysDate.length()): null

27-11-2024T10:31:40 - [TEST_STEP][PASSED] - y = year.toInteger(): null

27-11-2024T10:31:40 - [TEST_STEP][PASSED] - m = getText(findTestObject("Выполнение бизнес-плана/Период")): Text of object 'Object Repository/Выполнение бизнес-плана/Период' is: '1, 2, 3 кв. 2024 года'

27-11-2024T10:31:40 - [MESSAGE][PASSED] - Text of object 'Object Repository/Выполнение бизнес-плана/Период' is: '1, 2, 3 кв. 2024 года'

27-11-2024T10:31:40 - [TEST_STEP][PASSED] - m = m.substring(0, m.indexOf("2024")): null

27-11-2024T10:31:40 - [TEST_STEP][PASSED] - m = m.trim(): null

27-11-2024T10:31:40 - [TEST_STEP][PASSED] - dashboardName = "Выполнение бизнес-плана": null

27-11-2024T10:31:40 - [TEST_STEP][PASSED] - workbook01 = getWorkbook(excelFilePath): null

27-11-2024T10:31:40 - [TEST_STEP][PASSED] - sheet01 = getExcelSheet(workbook01, sheetName): null

27-11-2024T10:31:40 - [TEST_STEP][PASSED] - setValueToCellByIndex(sheet01, n, 0, dashboardName): null

27-11-2024T10:31:40 - [TEST_STEP][PASSED] - setValueToCellByIndex(sheet01, n, 1, dZO): null

27-11-2024T10:31:40 - [TEST_STEP][PASSED] - setValueToCellByIndex(sheet01, n, 2, typeOfData): null

27-11-2024T10:31:40 - [TEST_STEP][PASSED] - if (typeOfData == "Факт в процентах" || typeOfData == "План в процентах"): null

27-11-2024T10:31:40 - [TEST_STEP][PASSED] - else: null

27-11-2024T10:31:40 - [TEST_STEP][PASSED] - setValueToCellByIndex(sheet01, n, 3, fileInt): null

27-11-2024T10:31:40 - [TEST_STEP][PASSED] - setValueToCellByIndex(sheet01, n, 4, pageInt): null

27-11-2024T10:31:40 - [TEST_STEP][PASSED] - setValueToCellByIndex(sheet01, n, 5, m): null

27-11-2024T10:31:40 - [TEST_STEP][PASSED] - setValueToCellByIndex(sheet01, n, 6, y): null

27-11-2024T10:31:40 - [TEST_STEP][PASSED] - setValueToCellByIndex(sheet01, n, 7, todaysDate): null

27-11-2024T10:31:40 - [TEST_STEP][PASSED] - n = n + 1: null

27-11-2024T10:31:40 - [TEST_STEP][PASSED] - saveWorkbook(excelFilePath, workbook01): null

27-11-2024T10:31:40 - [TEST_STEP][PASSED] - compare = pagePoteri: null

27-11-2024T10:31:40 - [TEST_STEP][PASSED] - if (compare == filePoteri): null

27-11-2024T10:31:40 - [TEST_STEP][PASSED] - else if (compare > filePoteri): null

27-11-2024T10:31:40 - [TEST_STEP][PASSED] - else if (compare < filePoteri): null

27-11-2024T10:31:40 - [TEST_STEP][PASSED] - compare = compare + 1: null

27-11-2024T10:31:40 - [TEST_STEP][PASSED] - if (compare == filePoteri): null

27-11-2024T10:31:40 - [TEST_STEP][PASSED] - else: null

27-11-2024T10:31:40 - [TEST_STEP][PASSED] - numberOfErrors = numberOfErrors + 1: null

27-11-2024T10:31:40 - [TEST_STEP][PASSED] - pageInt = pagePoteri: null

27-11-2024T10:31:40 - [TEST_STEP][PASSED] - fileInt = filePoteri: null

27-11-2024T10:31:40 - [TEST_STEP][PASSED] - typeOfData = typeOfDataMain + " Потери": null

27-11-2024T10:31:40 - [TEST_STEP][PASSED] - Script1718980020443.WriteToExcel(a, typeOfData, todaysDate, pageInt, fileInt, pageDouble, fileDouble, dZO): null

27-11-2024T10:31:40 - [TEST_STEP][PASSED] - sheetName = "Sheet1": null

27-11-2024T10:31:40 - [TEST_STEP][PASSED] - data = findTestData("PlanFact"): null

27-11-2024T10:31:41 - [TEST_STEP][PASSED] - n = data.getRowNumbers() + 1: null

27-11-2024T10:31:41 - [TEST_STEP][PASSED] - year = todaysDate.substring(todaysDate.length() - 4, todaysDate.length()): null

27-11-2024T10:31:41 - [TEST_STEP][PASSED] - y = year.toInteger(): null

27-11-2024T10:31:41 - [TEST_STEP][PASSED] - m = getText(findTestObject("Выполнение бизнес-плана/Период")): Text of object 'Object Repository/Выполнение бизнес-плана/Период' is: '1, 2, 3 кв. 2024 года'

27-11-2024T10:31:41 - [MESSAGE][PASSED] - Text of object 'Object Repository/Выполнение бизнес-плана/Период' is: '1, 2, 3 кв. 2024 года'

27-11-2024T10:31:41 - [TEST_STEP][PASSED] - m = m.substring(0, m.indexOf("2024")): null

27-11-2024T10:31:41 - [TEST_STEP][PASSED] - m = m.trim(): null

27-11-2024T10:31:41 - [TEST_STEP][PASSED] - dashboardName = "Выполнение бизнес-плана": null

27-11-2024T10:31:41 - [TEST_STEP][PASSED] - workbook01 = getWorkbook(excelFilePath): null

27-11-2024T10:31:41 - [TEST_STEP][PASSED] - sheet01 = getExcelSheet(workbook01, sheetName): null

27-11-2024T10:31:41 - [TEST_STEP][PASSED] - setValueToCellByIndex(sheet01, n, 0, dashboardName): null

27-11-2024T10:31:41 - [TEST_STEP][PASSED] - setValueToCellByIndex(sheet01, n, 1, dZO): null

27-11-2024T10:31:41 - [TEST_STEP][PASSED] - setValueToCellByIndex(sheet01, n, 2, typeOfData): null

27-11-2024T10:31:41 - [TEST_STEP][PASSED] - if (typeOfData == "Факт в процентах" || typeOfData == "План в процентах"): null

27-11-2024T10:31:41 - [TEST_STEP][PASSED] - else: null

27-11-2024T10:31:41 - [TEST_STEP][PASSED] - setValueToCellByIndex(sheet01, n, 3, fileInt): null

27-11-2024T10:31:41 - [TEST_STEP][PASSED] - setValueToCellByIndex(sheet01, n, 4, pageInt): null

27-11-2024T10:31:41 - [TEST_STEP][PASSED] - setValueToCellByIndex(sheet01, n, 5, m): null

27-11-2024T10:31:41 - [TEST_STEP][PASSED] - setValueToCellByIndex(sheet01, n, 6, y): null

27-11-2024T10:31:41 - [TEST_STEP][PASSED] - setValueToCellByIndex(sheet01, n, 7, todaysDate): null

27-11-2024T10:31:41 - [TEST_STEP][PASSED] - n = n + 1: null

27-11-2024T10:31:41 - [TEST_STEP][PASSED] - saveWorkbook(excelFilePath, workbook01): Object: 'Object Repository/Выполнение бизнес-плана/Кнопка Факт' is clicked on

27-11-2024T10:31:41 - [TEST_STEP][PASSED] - if (planFact == 2): Object: 'Object Repository/Выполнение бизнес-плана/Кнопка Факт' is clicked on

27-11-2024T10:31:41 - [TEST_STEP][PASSED] - click(findTestObject("Выполнение бизнес-плана/Кнопка Факт")): Object: 'Object Repository/Выполнение бизнес-плана/Кнопка Факт' is clicked on

27-11-2024T10:31:42 - [MESSAGE][PASSED] - Object: 'Object Repository/Выполнение бизнес-плана/Кнопка Факт' is clicked on

27-11-2024T10:31:42 - [TEST_STEP][PASSED] - if (a == 84 || a == 82): null

27-11-2024T10:31:42 - [TEST_STEP][PASSED] - page = getText(findTestObject("Выполнение бизнес-плана/textPlanFact")): Text of object 'Object Repository/Выполнение бизнес-плана/textPlanFact' is: '%
5.29 5.29
5.26 5.26
План
Факт
1
100'

27-11-2024T10:31:42 - [MESSAGE][PASSED] - Text of object 'Object Repository/Выполнение бизнес-плана/textPlanFact' is: '%
5.29 5.29
5.26 5.26
План
Факт
1
100'

27-11-2024T10:31:42 - [TEST_STEP][PASSED] - page = page.replaceAll("\n", "_"): null

27-11-2024T10:31:42 - [TEST_STEP][PASSED] - page = page.substring(page.indexOf("_") + 1, page.length()): null

27-11-2024T10:31:42 - [TEST_STEP][PASSED] - page1 = page.substring(0, page.indexOf("_")): null

27-11-2024T10:31:42 - [TEST_STEP][PASSED] - page1 = page.substring(0, page.indexOf(" ")): null

27-11-2024T10:31:42 - [TEST_STEP][PASSED] - page2 = page.substring(page.indexOf("_") + 1, page.length()): null

27-11-2024T10:31:42 - [TEST_STEP][PASSED] - page2 = page2.substring(0, page.indexOf("_")): null

27-11-2024T10:31:42 - [TEST_STEP][PASSED] - page2 = page2.substring(0, page.indexOf(" ")): null

27-11-2024T10:31:42 - [TEST_STEP][PASSED] - println("page1: " + page1): null

27-11-2024T10:31:42 - [TEST_STEP][PASSED] - println("page2: " + page2): null

27-11-2024T10:31:42 - [TEST_STEP][PASSED] - file = findTestData("PlanFact").getValue(4, a): null

27-11-2024T10:31:42 - [TEST_STEP][PASSED] - file = file.replace(",", "."): null

27-11-2024T10:31:42 - [TEST_STEP][PASSED] - println("file Plan: " + file): null

27-11-2024T10:31:42 - [TEST_STEP][PASSED] - typeOfData = "План в процентах": null

27-11-2024T10:31:42 - [TEST_STEP][PASSED] - fileDouble = file.toDouble(): null

27-11-2024T10:31:42 - [TEST_STEP][PASSED] - pageDouble = page1.toDouble(): null

27-11-2024T10:31:42 - [TEST_STEP][PASSED] - if (fileDouble != pageDouble): null

27-11-2024T10:31:42 - [TEST_STEP][PASSED] - numberOfErrors = numberOfErrors + 1: null

27-11-2024T10:31:42 - [TEST_STEP][PASSED] - Script1718980020443.WriteToExcel(a, typeOfData, todaysDate, pageInt, fileInt, pageDouble, fileDouble, dZO): null

27-11-2024T10:31:42 - [TEST_STEP][PASSED] - sheetName = "Sheet1": null

27-11-2024T10:31:42 - [TEST_STEP][PASSED] - data = findTestData("PlanFact"): null

27-11-2024T10:31:42 - [TEST_STEP][PASSED] - n = data.getRowNumbers() + 1: null

27-11-2024T10:31:42 - [TEST_STEP][PASSED] - year = todaysDate.substring(todaysDate.length() - 4, todaysDate.length()): null

27-11-2024T10:31:42 - [TEST_STEP][PASSED] - y = year.toInteger(): null

27-11-2024T10:31:42 - [TEST_STEP][PASSED] - m = getText(findTestObject("Выполнение бизнес-плана/Период")): Text of object 'Object Repository/Выполнение бизнес-плана/Период' is: '1, 2, 3 кв. 2024 года'

27-11-2024T10:31:42 - [MESSAGE][PASSED] - Text of object 'Object Repository/Выполнение бизнес-плана/Период' is: '1, 2, 3 кв. 2024 года'

27-11-2024T10:31:42 - [TEST_STEP][PASSED] - m = m.substring(0, m.indexOf("2024")): null

27-11-2024T10:31:42 - [TEST_STEP][PASSED] - m = m.trim(): null

27-11-2024T10:31:42 - [TEST_STEP][PASSED] - dashboardName = "Выполнение бизнес-плана": null

27-11-2024T10:31:42 - [TEST_STEP][PASSED] - workbook01 = getWorkbook(excelFilePath): null

27-11-2024T10:31:42 - [TEST_STEP][PASSED] - sheet01 = getExcelSheet(workbook01, sheetName): null

27-11-2024T10:31:42 - [TEST_STEP][PASSED] - setValueToCellByIndex(sheet01, n, 0, dashboardName): null

27-11-2024T10:31:42 - [TEST_STEP][PASSED] - setValueToCellByIndex(sheet01, n, 1, dZO): null

27-11-2024T10:31:42 - [TEST_STEP][PASSED] - setValueToCellByIndex(sheet01, n, 2, typeOfData): null

27-11-2024T10:31:42 - [TEST_STEP][PASSED] - if (typeOfData == "Факт в процентах" || typeOfData == "План в процентах"): null

27-11-2024T10:31:42 - [TEST_STEP][PASSED] - setValueToCellByIndex(sheet01, n, 3, fileDouble): null

27-11-2024T10:31:42 - [TEST_STEP][PASSED] - setValueToCellByIndex(sheet01, n, 4, pageDouble): null

27-11-2024T10:31:42 - [TEST_STEP][PASSED] - setValueToCellByIndex(sheet01, n, 5, m): null

27-11-2024T10:31:42 - [TEST_STEP][PASSED] - setValueToCellByIndex(sheet01, n, 6, y): null

27-11-2024T10:31:42 - [TEST_STEP][PASSED] - setValueToCellByIndex(sheet01, n, 7, todaysDate): null

27-11-2024T10:31:42 - [TEST_STEP][PASSED] - n = n + 1: null

27-11-2024T10:31:42 - [TEST_STEP][PASSED] - saveWorkbook(excelFilePath, workbook01): null

27-11-2024T10:31:43 - [TEST_STEP][PASSED] - file = findTestData("PlanFact").getValue(7, a): null

27-11-2024T10:31:43 - [TEST_STEP][PASSED] - file = file.replace(",", "."): null

27-11-2024T10:31:43 - [TEST_STEP][PASSED] - println("file Fact: " + file): null

27-11-2024T10:31:43 - [TEST_STEP][PASSED] - fileDouble = file.toDouble(): null

27-11-2024T10:31:43 - [TEST_STEP][PASSED] - typeOfData = "Факт в процентах": null

27-11-2024T10:31:43 - [TEST_STEP][PASSED] - fileDouble = file.toDouble(): null

27-11-2024T10:31:43 - [TEST_STEP][PASSED] - pageDouble = page2.toDouble(): null

27-11-2024T10:31:43 - [TEST_STEP][PASSED] - if (fileDouble != pageDouble): null

27-11-2024T10:31:43 - [TEST_STEP][PASSED] - numberOfErrors = numberOfErrors + 1: null

27-11-2024T10:31:43 - [TEST_STEP][PASSED] - Script1718980020443.WriteToExcel(a, typeOfData, todaysDate, pageInt, fileInt, pageDouble, fileDouble, dZO): null

27-11-2024T10:31:43 - [TEST_STEP][PASSED] - sheetName = "Sheet1": null

27-11-2024T10:31:43 - [TEST_STEP][PASSED] - data = findTestData("PlanFact"): null

27-11-2024T10:31:43 - [TEST_STEP][PASSED] - n = data.getRowNumbers() + 1: null

27-11-2024T10:31:43 - [TEST_STEP][PASSED] - year = todaysDate.substring(todaysDate.length() - 4, todaysDate.length()): null

27-11-2024T10:31:43 - [TEST_STEP][PASSED] - y = year.toInteger(): null

27-11-2024T10:31:43 - [TEST_STEP][PASSED] - m = getText(findTestObject("Выполнение бизнес-плана/Период")): Text of object 'Object Repository/Выполнение бизнес-плана/Период' is: '1, 2, 3 кв. 2024 года'

27-11-2024T10:31:43 - [MESSAGE][PASSED] - Text of object 'Object Repository/Выполнение бизнес-плана/Период' is: '1, 2, 3 кв. 2024 года'

27-11-2024T10:31:43 - [TEST_STEP][PASSED] - m = m.substring(0, m.indexOf("2024")): null

27-11-2024T10:31:43 - [TEST_STEP][PASSED] - m = m.trim(): null

27-11-2024T10:31:43 - [TEST_STEP][PASSED] - dashboardName = "Выполнение бизнес-плана": null

27-11-2024T10:31:43 - [TEST_STEP][PASSED] - workbook01 = getWorkbook(excelFilePath): null

27-11-2024T10:31:43 - [TEST_STEP][PASSED] - sheet01 = getExcelSheet(workbook01, sheetName): null

27-11-2024T10:31:43 - [TEST_STEP][PASSED] - setValueToCellByIndex(sheet01, n, 0, dashboardName): null

27-11-2024T10:31:43 - [TEST_STEP][PASSED] - setValueToCellByIndex(sheet01, n, 1, dZO): null

27-11-2024T10:31:43 - [TEST_STEP][PASSED] - setValueToCellByIndex(sheet01, n, 2, typeOfData): null

27-11-2024T10:31:43 - [TEST_STEP][PASSED] - if (typeOfData == "Факт в процентах" || typeOfData == "План в процентах"): null

27-11-2024T10:31:43 - [TEST_STEP][PASSED] - setValueToCellByIndex(sheet01, n, 3, fileDouble): null

27-11-2024T10:31:43 - [TEST_STEP][PASSED] - setValueToCellByIndex(sheet01, n, 4, pageDouble): null

27-11-2024T10:31:43 - [TEST_STEP][PASSED] - setValueToCellByIndex(sheet01, n, 5, m): null

27-11-2024T10:31:43 - [TEST_STEP][PASSED] - setValueToCellByIndex(sheet01, n, 6, y): null

27-11-2024T10:31:43 - [TEST_STEP][PASSED] - setValueToCellByIndex(sheet01, n, 7, todaysDate): null

27-11-2024T10:31:43 - [TEST_STEP][PASSED] - n = n + 1: null

27-11-2024T10:31:43 - [TEST_STEP][PASSED] - saveWorkbook(excelFilePath, workbook01): null

27-11-2024T10:31:43 - [TEST_STEP][FAILED] - if (verifyEqual(numberOfErrors, 0) == false): null

27-11-2024T10:31:43 - [MESSAGE][FAILED] - Unable to verify equal between actual object '6' and expected object '0' (Root cause: com.kms.katalon.core.exception.StepFailedException: Actual object '6' and expected object '0' are not equal
	at com.kms.katalon.core.keyword.builtin.VerifyEqualKeyword$_verifyEqual_closure1.doCall(VerifyEqualKeyword.groovy:58)
	at com.kms.katalon.core.keyword.builtin.VerifyEqualKeyword$_verifyEqual_closure1.call(VerifyEqualKeyword.groovy)
	at com.kms.katalon.core.keyword.internal.KeywordMain.runKeyword(KeywordMain.groovy:75)
	at com.kms.katalon.core.keyword.builtin.VerifyEqualKeyword.verifyEqual(VerifyEqualKeyword.groovy:63)
	at com.kms.katalon.core.keyword.builtin.VerifyEqualKeyword.execute(VerifyEqualKeyword.groovy:44)
	at com.kms.katalon.core.keyword.internal.KeywordExecutor.executeKeywordForPlatform(KeywordExecutor.groovy:74)
	at com.kms.katalon.core.keyword.BuiltinKeywords.verifyEqual(BuiltinKeywords.groovy:146)
	at java.base/jdk.internal.reflect.NativeMethodAccessorImpl.invoke0(Native Method)
	at java.base/jdk.internal.reflect.NativeMethodAccessorImpl.invoke(NativeMethodAccessorImpl.java:77)
	at java.base/jdk.internal.reflect.DelegatingMethodAccessorImpl.invoke(DelegatingMethodAccessorImpl.java:43)
	at Выполнение бизнес-плана Сверка ПАО Россети все филиалы.Numbers(Выполнение бизнес-плана Сверка ПАО Россети все филиалы:740)
	at Выполнение бизнес-плана Сверка ПАО Россети все филиалы.run(Выполнение бизнес-плана Сверка ПАО Россети все филиалы:189)
	at com.kms.katalon.core.main.ScriptEngine.run(ScriptEngine.java:194)
	at com.kms.katalon.core.main.ScriptEngine.runScriptAsRawText(ScriptEngine.java:119)
	at com.kms.katalon.core.main.TestCaseExecutor.runScript(TestCaseExecutor.java:448)
	at com.kms.katalon.core.main.TestCaseExecutor.doExecute(TestCaseExecutor.java:439)
	at com.kms.katalon.core.main.TestCaseExecutor.processExecutionPhase(TestCaseExecutor.java:418)
	at com.kms.katalon.core.main.TestCaseExecutor.accessMainPhase(TestCaseExecutor.java:410)
	at com.kms.katalon.core.main.TestCaseExecutor.execute(TestCaseExecutor.java:285)
	at com.kms.katalon.core.common.CommonExecutor.accessTestCaseMainPhase(CommonExecutor.java:65)
	at com.kms.katalon.core.main.TestSuiteExecutor.accessTestSuiteMainPhase(TestSuiteExecutor.java:150)
	at com.kms.katalon.core.main.TestSuiteExecutor.execute(TestSuiteExecutor.java:106)
	at com.kms.katalon.core.main.TestCaseMain.startTestSuite(TestCaseMain.java:180)
	at TempTestSuite1732692359995.run(TempTestSuite1732692359995.groovy:35)
	at java.base/jdk.internal.reflect.NativeMethodAccessorImpl.invoke0(Native Method)
	at java.base/jdk.internal.reflect.NativeMethodAccessorImpl.invoke(NativeMethodAccessorImpl.java:77)
	at java.base/jdk.internal.reflect.DelegatingMethodAccessorImpl.invoke(DelegatingMethodAccessorImpl.java:43)
)

27-11-2024T10:31:43 - [TEST_STEP][PASSED] - println(numberOfErrors): null

27-11-2024T10:31:43 - [TEST_STEP][PASSED] - if (a == 28 || a == 77 || a == 74 || a == 65 || a == 36 || a == 44 || a == 54 || a == 1 || a == 18 || a == 59): null

27-11-2024T10:31:43 - [TEST_STEP][PASSED] - if (a == 82): null

27-11-2024T10:31:43 - [TEST_STEP][PASSED] - dZO = "Россети ФСК ЕЭС": null

27-11-2024T10:31:43 - [TEST_STEP][PASSED] - a = 83: null

27-11-2024T10:31:43 - [TEST_STEP][PASSED] - if (x1.contains(dZO)): null

27-11-2024T10:31:43 - [TEST_STEP][PASSED] - else: null

27-11-2024T10:31:43 - [TEST_STEP][PASSED] - Script1718980020443.NoData(a, typeOfData, todaysDate, fileInt, fileDouble, dZO): null

27-11-2024T10:31:43 - [TEST_STEP][PASSED] - println(a): null

27-11-2024T10:31:43 - [TEST_STEP][PASSED] - println(todaysDate): null

27-11-2024T10:31:43 - [TEST_STEP][PASSED] - println(fileInt): null

27-11-2024T10:31:43 - [TEST_STEP][PASSED] - println(fileDouble): null

27-11-2024T10:31:43 - [TEST_STEP][PASSED] - println(dZO): null

27-11-2024T10:31:43 - [TEST_STEP][PASSED] - typeOfData = "Факт Отпуск в сеть": null

27-11-2024T10:31:43 - [TEST_STEP][PASSED] - fileInt = replaceAll("\s+", "").toInteger(): null

27-11-2024T10:31:43 - [TEST_STEP][PASSED] - Script1718980020443.WriteToExcelNoData(a, typeOfData, todaysDate, fileInt, fileDouble, dZO): null

27-11-2024T10:31:43 - [TEST_STEP][PASSED] - sheetName = "Sheet1": null

27-11-2024T10:31:43 - [TEST_STEP][PASSED] - data = findTestData("PlanFact"): null

27-11-2024T10:31:43 - [TEST_STEP][PASSED] - n = data.getRowNumbers() + 1: null

27-11-2024T10:31:43 - [TEST_STEP][PASSED] - year = todaysDate.substring(todaysDate.length() - 4, todaysDate.length()): null

27-11-2024T10:31:43 - [TEST_STEP][PASSED] - y = year.toInteger(): null

27-11-2024T10:31:43 - [TEST_STEP][PASSED] - m = getText(findTestObject("Выполнение бизнес-плана/Период")): Text of object 'Object Repository/Выполнение бизнес-плана/Период' is: '1, 2, 3 кв. 2024 года'

27-11-2024T10:31:44 - [MESSAGE][PASSED] - Text of object 'Object Repository/Выполнение бизнес-плана/Период' is: '1, 2, 3 кв. 2024 года'

27-11-2024T10:31:44 - [TEST_STEP][PASSED] - m = m.substring(0, m.indexOf("2024")): null

27-11-2024T10:31:44 - [TEST_STEP][PASSED] - m = m.trim(): null

27-11-2024T10:31:44 - [TEST_STEP][PASSED] - dashboardName = "Выполнение бизнес-плана": null

27-11-2024T10:31:44 - [TEST_STEP][PASSED] - workbook01 = getWorkbook(excelFilePath): null

27-11-2024T10:31:44 - [TEST_STEP][PASSED] - sheet01 = getExcelSheet(workbook01, sheetName): null

27-11-2024T10:31:44 - [TEST_STEP][PASSED] - setValueToCellByIndex(sheet01, n, 0, dashboardName): null

27-11-2024T10:31:44 - [TEST_STEP][PASSED] - setValueToCellByIndex(sheet01, n, 1, dZO): null

27-11-2024T10:31:44 - [TEST_STEP][PASSED] - setValueToCellByIndex(sheet01, n, 2, typeOfData): null

27-11-2024T10:31:44 - [TEST_STEP][PASSED] - if (typeOfData == "Факт в процентах" || typeOfData == "План в процентах"): null

27-11-2024T10:31:44 - [TEST_STEP][PASSED] - else: null

27-11-2024T10:31:44 - [TEST_STEP][PASSED] - setValueToCellByIndex(sheet01, n, 3, fileInt): null

27-11-2024T10:31:44 - [TEST_STEP][PASSED] - setValueToCellByIndex(sheet01, n, 4, "нет данных"): null

27-11-2024T10:31:44 - [TEST_STEP][PASSED] - setValueToCellByIndex(sheet01, n, 5, m): null

27-11-2024T10:31:44 - [TEST_STEP][PASSED] - setValueToCellByIndex(sheet01, n, 6, y): null

27-11-2024T10:31:44 - [TEST_STEP][PASSED] - setValueToCellByIndex(sheet01, n, 7, todaysDate): null

27-11-2024T10:31:44 - [TEST_STEP][PASSED] - n = n + 1: null

27-11-2024T10:31:44 - [TEST_STEP][PASSED] - saveWorkbook(excelFilePath, workbook01): null

27-11-2024T10:31:44 - [TEST_STEP][PASSED] - typeOfData = "Факт Потери": null

27-11-2024T10:31:44 - [TEST_STEP][PASSED] - fileInt = replaceAll("\s+", "").toInteger(): null

27-11-2024T10:31:44 - [TEST_STEP][PASSED] - Script1718980020443.WriteToExcelNoData(a, typeOfData, todaysDate, fileInt, fileDouble, dZO): null

27-11-2024T10:31:44 - [TEST_STEP][PASSED] - sheetName = "Sheet1": null

27-11-2024T10:31:44 - [TEST_STEP][PASSED] - data = findTestData("PlanFact"): null

27-11-2024T10:31:44 - [TEST_STEP][PASSED] - n = data.getRowNumbers() + 1: null

27-11-2024T10:31:44 - [TEST_STEP][PASSED] - year = todaysDate.substring(todaysDate.length() - 4, todaysDate.length()): null

27-11-2024T10:31:44 - [TEST_STEP][PASSED] - y = year.toInteger(): null

27-11-2024T10:31:44 - [TEST_STEP][PASSED] - m = getText(findTestObject("Выполнение бизнес-плана/Период")): Text of object 'Object Repository/Выполнение бизнес-плана/Период' is: '1, 2, 3 кв. 2024 года'

27-11-2024T10:31:44 - [MESSAGE][PASSED] - Text of object 'Object Repository/Выполнение бизнес-плана/Период' is: '1, 2, 3 кв. 2024 года'

27-11-2024T10:31:44 - [TEST_STEP][PASSED] - m = m.substring(0, m.indexOf("2024")): null

27-11-2024T10:31:44 - [TEST_STEP][PASSED] - m = m.trim(): null

27-11-2024T10:31:44 - [TEST_STEP][PASSED] - dashboardName = "Выполнение бизнес-плана": null

27-11-2024T10:31:44 - [TEST_STEP][PASSED] - workbook01 = getWorkbook(excelFilePath): null

27-11-2024T10:31:44 - [TEST_STEP][PASSED] - sheet01 = getExcelSheet(workbook01, sheetName): null

27-11-2024T10:31:44 - [TEST_STEP][PASSED] - setValueToCellByIndex(sheet01, n, 0, dashboardName): null

27-11-2024T10:31:44 - [TEST_STEP][PASSED] - setValueToCellByIndex(sheet01, n, 1, dZO): null

27-11-2024T10:31:44 - [TEST_STEP][PASSED] - setValueToCellByIndex(sheet01, n, 2, typeOfData): null

27-11-2024T10:31:44 - [TEST_STEP][PASSED] - if (typeOfData == "Факт в процентах" || typeOfData == "План в процентах"): null

27-11-2024T10:31:44 - [TEST_STEP][PASSED] - else: null

27-11-2024T10:31:44 - [TEST_STEP][PASSED] - setValueToCellByIndex(sheet01, n, 3, fileInt): null

27-11-2024T10:31:44 - [TEST_STEP][PASSED] - setValueToCellByIndex(sheet01, n, 4, "нет данных"): null

27-11-2024T10:31:44 - [TEST_STEP][PASSED] - setValueToCellByIndex(sheet01, n, 5, m): null

27-11-2024T10:31:44 - [TEST_STEP][PASSED] - setValueToCellByIndex(sheet01, n, 6, y): null

27-11-2024T10:31:44 - [TEST_STEP][PASSED] - setValueToCellByIndex(sheet01, n, 7, todaysDate): null

27-11-2024T10:31:44 - [TEST_STEP][PASSED] - n = n + 1: null

27-11-2024T10:31:44 - [TEST_STEP][PASSED] - saveWorkbook(excelFilePath, workbook01): null

27-11-2024T10:31:45 - [TEST_STEP][PASSED] - typeOfData = "План Отпуск в сеть": null

27-11-2024T10:31:45 - [TEST_STEP][PASSED] - fileInt = replaceAll("\s+", "").toInteger(): null

27-11-2024T10:31:45 - [TEST_STEP][PASSED] - Script1718980020443.WriteToExcelNoData(a, typeOfData, todaysDate, fileInt, fileDouble, dZO): null

27-11-2024T10:31:45 - [TEST_STEP][PASSED] - sheetName = "Sheet1": null

27-11-2024T10:31:45 - [TEST_STEP][PASSED] - data = findTestData("PlanFact"): null

27-11-2024T10:31:45 - [TEST_STEP][PASSED] - n = data.getRowNumbers() + 1: null

27-11-2024T10:31:45 - [TEST_STEP][PASSED] - year = todaysDate.substring(todaysDate.length() - 4, todaysDate.length()): null

27-11-2024T10:31:45 - [TEST_STEP][PASSED] - y = year.toInteger(): null

27-11-2024T10:31:45 - [TEST_STEP][PASSED] - m = getText(findTestObject("Выполнение бизнес-плана/Период")): Text of object 'Object Repository/Выполнение бизнес-плана/Период' is: '1, 2, 3 кв. 2024 года'

27-11-2024T10:31:45 - [MESSAGE][PASSED] - Text of object 'Object Repository/Выполнение бизнес-плана/Период' is: '1, 2, 3 кв. 2024 года'

27-11-2024T10:31:45 - [TEST_STEP][PASSED] - m = m.substring(0, m.indexOf("2024")): null

27-11-2024T10:31:45 - [TEST_STEP][PASSED] - m = m.trim(): null

27-11-2024T10:31:45 - [TEST_STEP][PASSED] - dashboardName = "Выполнение бизнес-плана": null

27-11-2024T10:31:45 - [TEST_STEP][PASSED] - workbook01 = getWorkbook(excelFilePath): null

27-11-2024T10:31:45 - [TEST_STEP][PASSED] - sheet01 = getExcelSheet(workbook01, sheetName): null

27-11-2024T10:31:45 - [TEST_STEP][PASSED] - setValueToCellByIndex(sheet01, n, 0, dashboardName): null

27-11-2024T10:31:45 - [TEST_STEP][PASSED] - setValueToCellByIndex(sheet01, n, 1, dZO): null

27-11-2024T10:31:45 - [TEST_STEP][PASSED] - setValueToCellByIndex(sheet01, n, 2, typeOfData): null

27-11-2024T10:31:45 - [TEST_STEP][PASSED] - if (typeOfData == "Факт в процентах" || typeOfData == "План в процентах"): null

27-11-2024T10:31:45 - [TEST_STEP][PASSED] - else: null

27-11-2024T10:31:45 - [TEST_STEP][PASSED] - setValueToCellByIndex(sheet01, n, 3, fileInt): null

27-11-2024T10:31:45 - [TEST_STEP][PASSED] - setValueToCellByIndex(sheet01, n, 4, "нет данных"): null

27-11-2024T10:31:45 - [TEST_STEP][PASSED] - setValueToCellByIndex(sheet01, n, 5, m): null

27-11-2024T10:31:45 - [TEST_STEP][PASSED] - setValueToCellByIndex(sheet01, n, 6, y): null

27-11-2024T10:31:45 - [TEST_STEP][PASSED] - setValueToCellByIndex(sheet01, n, 7, todaysDate): null

27-11-2024T10:31:45 - [TEST_STEP][PASSED] - n = n + 1: null

27-11-2024T10:31:45 - [TEST_STEP][PASSED] - saveWorkbook(excelFilePath, workbook01): null

27-11-2024T10:31:45 - [TEST_STEP][PASSED] - typeOfData = "План Потери": null

27-11-2024T10:31:45 - [TEST_STEP][PASSED] - fileInt = replaceAll("\s+", "").toInteger(): null

27-11-2024T10:31:45 - [TEST_STEP][PASSED] - Script1718980020443.WriteToExcelNoData(a, typeOfData, todaysDate, fileInt, fileDouble, dZO): null

27-11-2024T10:31:45 - [TEST_STEP][PASSED] - sheetName = "Sheet1": null

27-11-2024T10:31:45 - [TEST_STEP][PASSED] - data = findTestData("PlanFact"): null

27-11-2024T10:31:45 - [TEST_STEP][PASSED] - n = data.getRowNumbers() + 1: null

27-11-2024T10:31:45 - [TEST_STEP][PASSED] - year = todaysDate.substring(todaysDate.length() - 4, todaysDate.length()): null

27-11-2024T10:31:45 - [TEST_STEP][PASSED] - y = year.toInteger(): null

27-11-2024T10:31:45 - [TEST_STEP][PASSED] - m = getText(findTestObject("Выполнение бизнес-плана/Период")): Text of object 'Object Repository/Выполнение бизнес-плана/Период' is: '1, 2, 3 кв. 2024 года'

27-11-2024T10:31:46 - [MESSAGE][PASSED] - Text of object 'Object Repository/Выполнение бизнес-плана/Период' is: '1, 2, 3 кв. 2024 года'

27-11-2024T10:31:46 - [TEST_STEP][PASSED] - m = m.substring(0, m.indexOf("2024")): null

27-11-2024T10:31:46 - [TEST_STEP][PASSED] - m = m.trim(): null

27-11-2024T10:31:46 - [TEST_STEP][PASSED] - dashboardName = "Выполнение бизнес-плана": null

27-11-2024T10:31:46 - [TEST_STEP][PASSED] - workbook01 = getWorkbook(excelFilePath): null

27-11-2024T10:31:46 - [TEST_STEP][PASSED] - sheet01 = getExcelSheet(workbook01, sheetName): null

27-11-2024T10:31:46 - [TEST_STEP][PASSED] - setValueToCellByIndex(sheet01, n, 0, dashboardName): null

27-11-2024T10:31:46 - [TEST_STEP][PASSED] - setValueToCellByIndex(sheet01, n, 1, dZO): null

27-11-2024T10:31:46 - [TEST_STEP][PASSED] - setValueToCellByIndex(sheet01, n, 2, typeOfData): null

27-11-2024T10:31:46 - [TEST_STEP][PASSED] - if (typeOfData == "Факт в процентах" || typeOfData == "План в процентах"): null

27-11-2024T10:31:46 - [TEST_STEP][PASSED] - else: null

27-11-2024T10:31:46 - [TEST_STEP][PASSED] - setValueToCellByIndex(sheet01, n, 3, fileInt): null

27-11-2024T10:31:46 - [TEST_STEP][PASSED] - setValueToCellByIndex(sheet01, n, 4, "нет данных"): null

27-11-2024T10:31:46 - [TEST_STEP][PASSED] - setValueToCellByIndex(sheet01, n, 5, m): null

27-11-2024T10:31:46 - [TEST_STEP][PASSED] - setValueToCellByIndex(sheet01, n, 6, y): null

27-11-2024T10:31:46 - [TEST_STEP][PASSED] - setValueToCellByIndex(sheet01, n, 7, todaysDate): null

27-11-2024T10:31:46 - [TEST_STEP][PASSED] - n = n + 1: null

27-11-2024T10:31:46 - [TEST_STEP][PASSED] - saveWorkbook(excelFilePath, workbook01): null

27-11-2024T10:31:46 - [TEST_STEP][PASSED] - typeOfData = "План в процентах": null

27-11-2024T10:31:46 - [TEST_STEP][PASSED] - fileDouble = ").toDouble(): null

27-11-2024T10:31:46 - [TEST_STEP][PASSED] - Script1718980020443.WriteToExcelNoData(a, typeOfData, todaysDate, fileInt, fileDouble, dZO): null

27-11-2024T10:31:46 - [TEST_STEP][PASSED] - sheetName = "Sheet1": null

27-11-2024T10:31:46 - [TEST_STEP][PASSED] - data = findTestData("PlanFact"): null

27-11-2024T10:31:46 - [TEST_STEP][PASSED] - n = data.getRowNumbers() + 1: null

27-11-2024T10:31:46 - [TEST_STEP][PASSED] - year = todaysDate.substring(todaysDate.length() - 4, todaysDate.length()): null

27-11-2024T10:31:46 - [TEST_STEP][PASSED] - y = year.toInteger(): null

27-11-2024T10:31:46 - [TEST_STEP][PASSED] - m = getText(findTestObject("Выполнение бизнес-плана/Период")): Text of object 'Object Repository/Выполнение бизнес-плана/Период' is: '1, 2, 3 кв. 2024 года'

27-11-2024T10:31:46 - [MESSAGE][PASSED] - Text of object 'Object Repository/Выполнение бизнес-плана/Период' is: '1, 2, 3 кв. 2024 года'

27-11-2024T10:31:46 - [TEST_STEP][PASSED] - m = m.substring(0, m.indexOf("2024")): null

27-11-2024T10:31:46 - [TEST_STEP][PASSED] - m = m.trim(): null

27-11-2024T10:31:46 - [TEST_STEP][PASSED] - dashboardName = "Выполнение бизнес-плана": null

27-11-2024T10:31:46 - [TEST_STEP][PASSED] - workbook01 = getWorkbook(excelFilePath): null

27-11-2024T10:31:46 - [TEST_STEP][PASSED] - sheet01 = getExcelSheet(workbook01, sheetName): null

27-11-2024T10:31:46 - [TEST_STEP][PASSED] - setValueToCellByIndex(sheet01, n, 0, dashboardName): null

27-11-2024T10:31:46 - [TEST_STEP][PASSED] - setValueToCellByIndex(sheet01, n, 1, dZO): null

27-11-2024T10:31:46 - [TEST_STEP][PASSED] - setValueToCellByIndex(sheet01, n, 2, typeOfData): null

27-11-2024T10:31:46 - [TEST_STEP][PASSED] - if (typeOfData == "Факт в процентах" || typeOfData == "План в процентах"): null

27-11-2024T10:31:46 - [TEST_STEP][PASSED] - setValueToCellByIndex(sheet01, n, 3, fileDouble): null

27-11-2024T10:31:46 - [TEST_STEP][PASSED] - setValueToCellByIndex(sheet01, n, 4, "нет данных"): null

27-11-2024T10:31:46 - [TEST_STEP][PASSED] - setValueToCellByIndex(sheet01, n, 5, m): null

27-11-2024T10:31:46 - [TEST_STEP][PASSED] - setValueToCellByIndex(sheet01, n, 6, y): null

27-11-2024T10:31:46 - [TEST_STEP][PASSED] - setValueToCellByIndex(sheet01, n, 7, todaysDate): null

27-11-2024T10:31:46 - [TEST_STEP][PASSED] - n = n + 1: null

27-11-2024T10:31:46 - [TEST_STEP][PASSED] - saveWorkbook(excelFilePath, workbook01): null

27-11-2024T10:31:47 - [TEST_STEP][PASSED] - typeOfData = "Факт в процентах": null

27-11-2024T10:31:47 - [TEST_STEP][PASSED] - fileDouble = ").toDouble(): null

27-11-2024T10:31:47 - [TEST_STEP][PASSED] - Script1718980020443.WriteToExcelNoData(a, typeOfData, todaysDate, fileInt, fileDouble, dZO): null

27-11-2024T10:31:47 - [TEST_STEP][PASSED] - sheetName = "Sheet1": null

27-11-2024T10:31:47 - [TEST_STEP][PASSED] - data = findTestData("PlanFact"): null

27-11-2024T10:31:47 - [TEST_STEP][PASSED] - n = data.getRowNumbers() + 1: null

27-11-2024T10:31:47 - [TEST_STEP][PASSED] - year = todaysDate.substring(todaysDate.length() - 4, todaysDate.length()): null

27-11-2024T10:31:47 - [TEST_STEP][PASSED] - y = year.toInteger(): null

27-11-2024T10:31:47 - [TEST_STEP][PASSED] - m = getText(findTestObject("Выполнение бизнес-плана/Период")): Text of object 'Object Repository/Выполнение бизнес-плана/Период' is: '1, 2, 3 кв. 2024 года'

27-11-2024T10:31:47 - [MESSAGE][PASSED] - Text of object 'Object Repository/Выполнение бизнес-плана/Период' is: '1, 2, 3 кв. 2024 года'

27-11-2024T10:31:47 - [TEST_STEP][PASSED] - m = m.substring(0, m.indexOf("2024")): null

27-11-2024T10:31:47 - [TEST_STEP][PASSED] - m = m.trim(): null

27-11-2024T10:31:47 - [TEST_STEP][PASSED] - dashboardName = "Выполнение бизнес-плана": null

27-11-2024T10:31:47 - [TEST_STEP][PASSED] - workbook01 = getWorkbook(excelFilePath): null

27-11-2024T10:31:47 - [TEST_STEP][PASSED] - sheet01 = getExcelSheet(workbook01, sheetName): null

27-11-2024T10:31:47 - [TEST_STEP][PASSED] - setValueToCellByIndex(sheet01, n, 0, dashboardName): null

27-11-2024T10:31:47 - [TEST_STEP][PASSED] - setValueToCellByIndex(sheet01, n, 1, dZO): null

27-11-2024T10:31:47 - [TEST_STEP][PASSED] - setValueToCellByIndex(sheet01, n, 2, typeOfData): null

27-11-2024T10:31:47 - [TEST_STEP][PASSED] - if (typeOfData == "Факт в процентах" || typeOfData == "План в процентах"): null

27-11-2024T10:31:47 - [TEST_STEP][PASSED] - setValueToCellByIndex(sheet01, n, 3, fileDouble): null

27-11-2024T10:31:47 - [TEST_STEP][PASSED] - setValueToCellByIndex(sheet01, n, 4, "нет данных"): null

27-11-2024T10:31:47 - [TEST_STEP][PASSED] - setValueToCellByIndex(sheet01, n, 5, m): null

27-11-2024T10:31:47 - [TEST_STEP][PASSED] - setValueToCellByIndex(sheet01, n, 6, y): null

27-11-2024T10:31:47 - [TEST_STEP][PASSED] - setValueToCellByIndex(sheet01, n, 7, todaysDate): null

27-11-2024T10:31:47 - [TEST_STEP][PASSED] - n = n + 1: null

27-11-2024T10:31:47 - [TEST_STEP][PASSED] - saveWorkbook(excelFilePath, workbook01): null

27-11-2024T10:31:47 - [TEST_STEP][PASSED] - println(dzoNum): null

27-11-2024T10:31:47 - [TEST_STEP][PASSED] - dZO = "РаспредКомплекс": null

27-11-2024T10:31:47 - [TEST_STEP][PASSED] - a = 82: null

27-11-2024T10:31:47 - [TEST_STEP][PASSED] - Script1718980020443.Numbers(a, typeOfData, todaysDate, pageInt, fileInt, pageDouble, fileDouble, dZO, dzoNum, filialNum): null

27-11-2024T10:31:47 - [TEST_STEP][PASSED] - println(dzoNum): null

27-11-2024T10:31:47 - [TEST_STEP][PASSED] - planFact = <not implemented yet for class: org.codehaus.groovy.ast.expr.EmptyExpression>: null

27-11-2024T10:31:47 - [TEST_STEP][PASSED] - page = <not implemented yet for class: org.codehaus.groovy.ast.expr.EmptyExpression>: null

27-11-2024T10:31:47 - [TEST_STEP][PASSED] - page1 = <not implemented yet for class: org.codehaus.groovy.ast.expr.EmptyExpression>: null

27-11-2024T10:31:47 - [TEST_STEP][PASSED] - page2 = <not implemented yet for class: org.codehaus.groovy.ast.expr.EmptyExpression>: null

27-11-2024T10:31:47 - [TEST_STEP][PASSED] - filialNumberInRow = <not implemented yet for class: org.codehaus.groovy.ast.expr.EmptyExpression>: null

27-11-2024T10:31:47 - [TEST_STEP][PASSED] - filialsDzoNames = <not implemented yet for class: org.codehaus.groovy.ast.expr.EmptyExpression>: null

27-11-2024T10:31:47 - [TEST_STEP][PASSED] - numberOfFilials = <not implemented yet for class: org.codehaus.groovy.ast.expr.EmptyExpression>: null

27-11-2024T10:31:47 - [TEST_STEP][PASSED] - numberOfSpaces = <not implemented yet for class: org.codehaus.groovy.ast.expr.EmptyExpression>: null

27-11-2024T10:31:47 - [TEST_STEP][PASSED] - file = <not implemented yet for class: org.codehaus.groovy.ast.expr.EmptyExpression>: null

27-11-2024T10:31:47 - [TEST_STEP][PASSED] - otpusk = <not implemented yet for class: org.codehaus.groovy.ast.expr.EmptyExpression>: null

27-11-2024T10:31:47 - [TEST_STEP][PASSED] - poteri = <not implemented yet for class: org.codehaus.groovy.ast.expr.EmptyExpression>: null

27-11-2024T10:31:47 - [TEST_STEP][PASSED] - dataFolder = "Выполнение бизнес-плана/Значения со страницы Выполнение бизнес-плана/": null

27-11-2024T10:31:47 - [TEST_STEP][PASSED] - path = <not implemented yet for class: org.codehaus.groovy.ast.expr.EmptyExpression>: null

27-11-2024T10:31:47 - [TEST_STEP][PASSED] - typeOfDataMain = <not implemented yet for class: org.codehaus.groovy.ast.expr.EmptyExpression>: null

27-11-2024T10:31:47 - [TEST_STEP][PASSED] - fileOtpuskVSet = <not implemented yet for class: org.codehaus.groovy.ast.expr.EmptyExpression>: null

27-11-2024T10:31:47 - [TEST_STEP][PASSED] - pageOtpuskVSet = <not implemented yet for class: org.codehaus.groovy.ast.expr.EmptyExpression>: null

27-11-2024T10:31:47 - [TEST_STEP][PASSED] - filePoteri = <not implemented yet for class: org.codehaus.groovy.ast.expr.EmptyExpression>: null

27-11-2024T10:31:47 - [TEST_STEP][PASSED] - pagePoteri = <not implemented yet for class: org.codehaus.groovy.ast.expr.EmptyExpression>: null

27-11-2024T10:31:47 - [TEST_STEP][PASSED] - compare = <not implemented yet for class: org.codehaus.groovy.ast.expr.EmptyExpression>: null

27-11-2024T10:31:47 - [TEST_STEP][PASSED] - b = <not implemented yet for class: org.codehaus.groovy.ast.expr.EmptyExpression>: null

27-11-2024T10:31:47 - [TEST_STEP][PASSED] - i = <not implemented yet for class: org.codehaus.groovy.ast.expr.EmptyExpression>: null

27-11-2024T10:31:47 - [TEST_STEP][PASSED] - ii = <not implemented yet for class: org.codehaus.groovy.ast.expr.EmptyExpression>: null

27-11-2024T10:31:47 - [TEST_STEP][PASSED] - c = <not implemented yet for class: org.codehaus.groovy.ast.expr.EmptyExpression>: null

27-11-2024T10:31:47 - [TEST_STEP][PASSED] - numberOfErrors = 0: null

27-11-2024T10:31:47 - [TEST_STEP][PASSED] - if (a == 82): null

27-11-2024T10:31:47 - [TEST_STEP][PASSED] - Script1718980020443.OpenFilter(): null

27-11-2024T10:31:47 - [TEST_STEP][PASSED] - click(findTestObject("Object Repository/Выполнение бизнес-плана/Фильтр ДЗО")): Object: 'Object Repository/Выполнение бизнес-плана/Фильтр ДЗО' is clicked on

27-11-2024T10:31:48 - [MESSAGE][PASSED] - Object: 'Object Repository/Выполнение бизнес-плана/Фильтр ДЗО' is clicked on

27-11-2024T10:31:48 - [TEST_STEP][PASSED] - click(findTestObject("Выполнение бизнес-плана/Снять выделение в фильтре ДЗО")): null

27-11-2024T10:31:48 - [MESSAGE][PASSED] - Object: 'Object Repository/Выполнение бизнес-плана/Снять выделение в фильтре ДЗО' is clicked on

27-11-2024T10:31:48 - [TEST_STEP][PASSED] - click(findTestObject("Выполнение бизнес-плана/Раскрыть список ПАО Россети в фильтре ДЗО")): Object: 'Object Repository/Выполнение бизнес-плана/Раскрыть список ПАО Россети в фильтре ДЗО' is clicked on

27-11-2024T10:31:49 - [MESSAGE][PASSED] - Object: 'Object Repository/Выполнение бизнес-плана/Раскрыть список ПАО Россети в фильтре ДЗО' is clicked on

27-11-2024T10:31:49 - [TEST_STEP][PASSED] - click(findTestObject("Выполнение бизнес-плана/РаспредКомплекс")): Object: 'Object Repository/Выполнение бизнес-плана/РаспредКомплекс' is clicked on

27-11-2024T10:31:49 - [MESSAGE][PASSED] - Object: 'Object Repository/Выполнение бизнес-плана/РаспредКомплекс' is clicked on

27-11-2024T10:31:49 - [TEST_STEP][PASSED] - Script1718980020443.CloseFilter(): null

27-11-2024T10:31:49 - [TEST_STEP][PASSED] - scrollToElement(findTestObject("Выполнение бизнес-плана/Заголовок дашборда"), 30): Scroll to object 'Object Repository/Выполнение бизнес-плана/Заголовок дашборда' successfully

27-11-2024T10:31:50 - [MESSAGE][PASSED] - Scroll to object 'Object Repository/Выполнение бизнес-плана/Заголовок дашборда' successfully

27-11-2024T10:31:50 - [TEST_STEP][PASSED] - click(findTestObject("Object Repository/Выполнение бизнес-плана/Применить в фильтре ДЗО")): null

27-11-2024T10:31:50 - [MESSAGE][PASSED] - Object: 'Object Repository/Выполнение бизнес-плана/Применить в фильтре ДЗО' is clicked on

27-11-2024T10:31:50 - [TEST_STEP][PASSED] - delay(5): Delayed 5 second(s)

27-11-2024T10:31:55 - [MESSAGE][PASSED] - Delayed 5 second(s)

27-11-2024T10:31:55 - [TEST_STEP][PASSED] - b = findTestData("PlanFact").getValue(1, a): null

27-11-2024T10:31:55 - [TEST_STEP][PASSED] - i = b.indexOf(" (ГК)"): null

27-11-2024T10:31:55 - [TEST_STEP][PASSED] - if (i > -1): null

27-11-2024T10:31:55 - [TEST_STEP][PASSED] - i = b.indexOf("О ""): null

27-11-2024T10:31:55 - [TEST_STEP][PASSED] - if (i > -1): null

27-11-2024T10:31:55 - [TEST_STEP][PASSED] - i = b.indexOf("О «"): null

27-11-2024T10:31:55 - [TEST_STEP][PASSED] - if (i > -1): null

27-11-2024T10:31:55 - [TEST_STEP][PASSED] - i = b.indexOf("г. "): null

27-11-2024T10:31:55 - [TEST_STEP][PASSED] - if (i > -1): null

27-11-2024T10:31:55 - [TEST_STEP][PASSED] - println(b): null

27-11-2024T10:31:55 - [TEST_STEP][PASSED] - for ([planFact = 1, planFact < 3, (planFact++)]): null

27-11-2024T10:31:55 - [TEST_STEP][PASSED] - if (planFact == 1): null

27-11-2024T10:31:55 - [TEST_STEP][PASSED] - typeOfDataMain = "Факт": null

27-11-2024T10:31:55 - [TEST_STEP][PASSED] - otpusk = findTestData("PlanFact").getValue(5, a): null

27-11-2024T10:31:56 - [TEST_STEP][PASSED] - poteri = findTestData("PlanFact").getValue(6, a): null

27-11-2024T10:31:56 - [TEST_STEP][PASSED] - otpusk = otpusk.replaceAll("\s+", ""): null

27-11-2024T10:31:56 - [TEST_STEP][PASSED] - poteri = poteri.replaceAll("\s+", ""): null

27-11-2024T10:31:56 - [TEST_STEP][PASSED] - typeOfData = typeOfDataMain + " Отпуск в сеть": null

27-11-2024T10:31:56 - [TEST_STEP][PASSED] - if (a == 82): null

27-11-2024T10:31:56 - [TEST_STEP][PASSED] - path = dataFolder + typeOfData + " за отчётный период " + "РаспредКомплекс": null

27-11-2024T10:31:56 - [TEST_STEP][PASSED] - println(path): null

27-11-2024T10:31:56 - [TEST_STEP][PASSED] - page = getText(findTestObject(path)): Text of object 'Object Repository/Выполнение бизнес-плана/Значения со страницы Выполнение бизнес-плана/Факт Отпуск в сеть за отчётный период РаспредКомплекс' is: '192 247 697'

27-11-2024T10:32:21 - [MESSAGE][PASSED] - Text of object 'Object Repository/Выполнение бизнес-плана/Значения со страницы Выполнение бизнес-плана/Факт Отпуск в сеть за отчётный период РаспредКомплекс' is: '192 247 697'

27-11-2024T10:32:21 - [TEST_STEP][PASSED] - page = page.replaceAll("\s+", ""): null

27-11-2024T10:32:21 - [TEST_STEP][PASSED] - fileOtpuskVSet = otpusk.toInteger(): null

27-11-2024T10:32:21 - [TEST_STEP][PASSED] - pageOtpuskVSet = page.toInteger(): null

27-11-2024T10:32:21 - [TEST_STEP][PASSED] - typeOfData = typeOfDataMain + " Потери": null

27-11-2024T10:32:21 - [TEST_STEP][PASSED] - if (a == 82): null

27-11-2024T10:32:21 - [TEST_STEP][PASSED] - path = dataFolder + typeOfData + " за отчётный период " + "РаспредКомплекс": null

27-11-2024T10:32:21 - [TEST_STEP][PASSED] - page = getText(findTestObject(path)): Text of object 'Object Repository/Выполнение бизнес-плана/Значения со страницы Выполнение бизнес-плана/Факт Потери за отчётный период РаспредКомплекс' is: '17 195 829'

27-11-2024T10:32:22 - [MESSAGE][PASSED] - Text of object 'Object Repository/Выполнение бизнес-плана/Значения со страницы Выполнение бизнес-плана/Факт Потери за отчётный период РаспредКомплекс' is: '17 195 829'

27-11-2024T10:32:22 - [TEST_STEP][PASSED] - page = page.replaceAll("\s+", ""): null

27-11-2024T10:32:22 - [TEST_STEP][PASSED] - filePoteri = poteri.toInteger(): null

27-11-2024T10:32:22 - [TEST_STEP][PASSED] - pagePoteri = page.toInteger(): null

27-11-2024T10:32:22 - [TEST_STEP][PASSED] - compare = pageOtpuskVSet: null

27-11-2024T10:32:22 - [TEST_STEP][PASSED] - if (compare == fileOtpuskVSet): null

27-11-2024T10:32:22 - [TEST_STEP][PASSED] - else if (compare > fileOtpuskVSet): null

27-11-2024T10:32:22 - [TEST_STEP][PASSED] - else if (compare < fileOtpuskVSet): null

27-11-2024T10:32:22 - [TEST_STEP][PASSED] - compare = compare + 1: null

27-11-2024T10:32:22 - [TEST_STEP][PASSED] - if (compare == fileOtpuskVSet): null

27-11-2024T10:32:22 - [TEST_STEP][PASSED] - else: null

27-11-2024T10:32:22 - [TEST_STEP][PASSED] - numberOfErrors = numberOfErrors + 1: null

27-11-2024T10:32:22 - [TEST_STEP][PASSED] - pageInt = pageOtpuskVSet: null

27-11-2024T10:32:22 - [TEST_STEP][PASSED] - fileInt = fileOtpuskVSet: null

27-11-2024T10:32:22 - [TEST_STEP][PASSED] - typeOfData = typeOfDataMain + " Отпуск в сеть": null

27-11-2024T10:32:22 - [TEST_STEP][PASSED] - Script1718980020443.WriteToExcel(a, typeOfData, todaysDate, pageInt, fileInt, pageDouble, fileDouble, dZO): null

27-11-2024T10:32:22 - [TEST_STEP][PASSED] - sheetName = "Sheet1": null

27-11-2024T10:32:22 - [TEST_STEP][PASSED] - data = findTestData("PlanFact"): null

27-11-2024T10:32:22 - [TEST_STEP][PASSED] - n = data.getRowNumbers() + 1: null

27-11-2024T10:32:22 - [TEST_STEP][PASSED] - year = todaysDate.substring(todaysDate.length() - 4, todaysDate.length()): null

27-11-2024T10:32:22 - [TEST_STEP][PASSED] - y = year.toInteger(): null

27-11-2024T10:32:22 - [TEST_STEP][PASSED] - m = getText(findTestObject("Выполнение бизнес-плана/Период")): Text of object 'Object Repository/Выполнение бизнес-плана/Период' is: '1, 2, 3 кв. 2024 года'

27-11-2024T10:32:22 - [MESSAGE][PASSED] - Text of object 'Object Repository/Выполнение бизнес-плана/Период' is: '1, 2, 3 кв. 2024 года'

27-11-2024T10:32:22 - [TEST_STEP][PASSED] - m = m.substring(0, m.indexOf("2024")): null

27-11-2024T10:32:22 - [TEST_STEP][PASSED] - m = m.trim(): null

27-11-2024T10:32:22 - [TEST_STEP][PASSED] - dashboardName = "Выполнение бизнес-плана": null

27-11-2024T10:32:22 - [TEST_STEP][PASSED] - workbook01 = getWorkbook(excelFilePath): null

27-11-2024T10:32:22 - [TEST_STEP][PASSED] - sheet01 = getExcelSheet(workbook01, sheetName): null

27-11-2024T10:32:22 - [TEST_STEP][PASSED] - setValueToCellByIndex(sheet01, n, 0, dashboardName): null

27-11-2024T10:32:22 - [TEST_STEP][PASSED] - setValueToCellByIndex(sheet01, n, 1, dZO): null

27-11-2024T10:32:22 - [TEST_STEP][PASSED] - setValueToCellByIndex(sheet01, n, 2, typeOfData): null

27-11-2024T10:32:22 - [TEST_STEP][PASSED] - if (typeOfData == "Факт в процентах" || typeOfData == "План в процентах"): null

27-11-2024T10:32:22 - [TEST_STEP][PASSED] - else: null

27-11-2024T10:32:22 - [TEST_STEP][PASSED] - setValueToCellByIndex(sheet01, n, 3, fileInt): null

27-11-2024T10:32:22 - [TEST_STEP][PASSED] - setValueToCellByIndex(sheet01, n, 4, pageInt): null

27-11-2024T10:32:22 - [TEST_STEP][PASSED] - setValueToCellByIndex(sheet01, n, 5, m): null

27-11-2024T10:32:22 - [TEST_STEP][PASSED] - setValueToCellByIndex(sheet01, n, 6, y): null

27-11-2024T10:32:22 - [TEST_STEP][PASSED] - setValueToCellByIndex(sheet01, n, 7, todaysDate): null

27-11-2024T10:32:22 - [TEST_STEP][PASSED] - n = n + 1: null

27-11-2024T10:32:22 - [TEST_STEP][PASSED] - saveWorkbook(excelFilePath, workbook01): null

27-11-2024T10:32:22 - [TEST_STEP][PASSED] - compare = pagePoteri: null

27-11-2024T10:32:22 - [TEST_STEP][PASSED] - if (compare == filePoteri): null

27-11-2024T10:32:22 - [TEST_STEP][PASSED] - else if (compare > filePoteri): null

27-11-2024T10:32:22 - [TEST_STEP][PASSED] - else if (compare < filePoteri): null

27-11-2024T10:32:22 - [TEST_STEP][PASSED] - compare = compare + 1: null

27-11-2024T10:32:22 - [TEST_STEP][PASSED] - if (compare == filePoteri): null

27-11-2024T10:32:22 - [TEST_STEP][PASSED] - else: null

27-11-2024T10:32:22 - [TEST_STEP][PASSED] - numberOfErrors = numberOfErrors + 1: null

27-11-2024T10:32:22 - [TEST_STEP][PASSED] - pageInt = pagePoteri: null

27-11-2024T10:32:22 - [TEST_STEP][PASSED] - fileInt = filePoteri: null

27-11-2024T10:32:22 - [TEST_STEP][PASSED] - typeOfData = typeOfDataMain + " Потери": null

27-11-2024T10:32:22 - [TEST_STEP][PASSED] - Script1718980020443.WriteToExcel(a, typeOfData, todaysDate, pageInt, fileInt, pageDouble, fileDouble, dZO): null

27-11-2024T10:32:22 - [TEST_STEP][PASSED] - sheetName = "Sheet1": null

27-11-2024T10:32:22 - [TEST_STEP][PASSED] - data = findTestData("PlanFact"): null

27-11-2024T10:32:22 - [TEST_STEP][PASSED] - n = data.getRowNumbers() + 1: null

27-11-2024T10:32:22 - [TEST_STEP][PASSED] - year = todaysDate.substring(todaysDate.length() - 4, todaysDate.length()): null

27-11-2024T10:32:22 - [TEST_STEP][PASSED] - y = year.toInteger(): null

27-11-2024T10:32:22 - [TEST_STEP][PASSED] - m = getText(findTestObject("Выполнение бизнес-плана/Период")): Text of object 'Object Repository/Выполнение бизнес-плана/Период' is: '1, 2, 3 кв. 2024 года'

27-11-2024T10:32:22 - [MESSAGE][PASSED] - Text of object 'Object Repository/Выполнение бизнес-плана/Период' is: '1, 2, 3 кв. 2024 года'

27-11-2024T10:32:23 - [TEST_STEP][PASSED] - m = m.substring(0, m.indexOf("2024")): null

27-11-2024T10:32:23 - [TEST_STEP][PASSED] - m = m.trim(): null

27-11-2024T10:32:23 - [TEST_STEP][PASSED] - dashboardName = "Выполнение бизнес-плана": null

27-11-2024T10:32:23 - [TEST_STEP][PASSED] - workbook01 = getWorkbook(excelFilePath): null

27-11-2024T10:32:23 - [TEST_STEP][PASSED] - sheet01 = getExcelSheet(workbook01, sheetName): null

27-11-2024T10:32:23 - [TEST_STEP][PASSED] - setValueToCellByIndex(sheet01, n, 0, dashboardName): null

27-11-2024T10:32:23 - [TEST_STEP][PASSED] - setValueToCellByIndex(sheet01, n, 1, dZO): null

27-11-2024T10:32:23 - [TEST_STEP][PASSED] - setValueToCellByIndex(sheet01, n, 2, typeOfData): null

27-11-2024T10:32:23 - [TEST_STEP][PASSED] - if (typeOfData == "Факт в процентах" || typeOfData == "План в процентах"): null

27-11-2024T10:32:23 - [TEST_STEP][PASSED] - else: null

27-11-2024T10:32:23 - [TEST_STEP][PASSED] - setValueToCellByIndex(sheet01, n, 3, fileInt): null

27-11-2024T10:32:23 - [TEST_STEP][PASSED] - setValueToCellByIndex(sheet01, n, 4, pageInt): null

27-11-2024T10:32:23 - [TEST_STEP][PASSED] - setValueToCellByIndex(sheet01, n, 5, m): null

27-11-2024T10:32:23 - [TEST_STEP][PASSED] - setValueToCellByIndex(sheet01, n, 6, y): null

27-11-2024T10:32:23 - [TEST_STEP][PASSED] - setValueToCellByIndex(sheet01, n, 7, todaysDate): null

27-11-2024T10:32:23 - [TEST_STEP][PASSED] - n = n + 1: null

27-11-2024T10:32:23 - [TEST_STEP][PASSED] - saveWorkbook(excelFilePath, workbook01): null

27-11-2024T10:32:23 - [TEST_STEP][PASSED] - if (planFact == 2): null

27-11-2024T10:32:23 - [TEST_STEP][PASSED] - if (planFact == 1): null

27-11-2024T10:32:23 - [TEST_STEP][PASSED] - else if (planFact == 2): null

27-11-2024T10:32:23 - [TEST_STEP][PASSED] - click(findTestObject("Выполнение бизнес-плана/Кнопка План")): Object: 'Object Repository/Выполнение бизнес-плана/Кнопка План' is clicked on

27-11-2024T10:32:23 - [MESSAGE][PASSED] - Object: 'Object Repository/Выполнение бизнес-плана/Кнопка План' is clicked on

27-11-2024T10:32:23 - [TEST_STEP][PASSED] - typeOfDataMain = "План": null

27-11-2024T10:32:23 - [TEST_STEP][PASSED] - otpusk = findTestData("PlanFact").getValue(2, a): null

27-11-2024T10:32:23 - [TEST_STEP][PASSED] - poteri = findTestData("PlanFact").getValue(3, a): null

27-11-2024T10:32:23 - [TEST_STEP][PASSED] - otpusk = otpusk.replaceAll("\s+", ""): null

27-11-2024T10:32:23 - [TEST_STEP][PASSED] - poteri = poteri.replaceAll("\s+", ""): null

27-11-2024T10:32:23 - [TEST_STEP][PASSED] - typeOfData = typeOfDataMain + " Отпуск в сеть": null

27-11-2024T10:32:23 - [TEST_STEP][PASSED] - if (a == 82): null

27-11-2024T10:32:23 - [TEST_STEP][PASSED] - path = dataFolder + typeOfData + " за отчётный период " + "РаспредКомплекс": null

27-11-2024T10:32:23 - [TEST_STEP][PASSED] - println(path): null

27-11-2024T10:32:23 - [TEST_STEP][PASSED] - page = getText(findTestObject(path)): Text of object 'Object Repository/Выполнение бизнес-плана/Значения со страницы Выполнение бизнес-плана/План Отпуск в сеть за отчётный период РаспредКомплекс' is: '187 501 364'

27-11-2024T10:32:24 - [MESSAGE][PASSED] - Text of object 'Object Repository/Выполнение бизнес-плана/Значения со страницы Выполнение бизнес-плана/План Отпуск в сеть за отчётный период РаспредКомплекс' is: '187 501 364'

27-11-2024T10:32:24 - [TEST_STEP][PASSED] - page = page.replaceAll("\s+", ""): null

27-11-2024T10:32:24 - [TEST_STEP][PASSED] - fileOtpuskVSet = otpusk.toInteger(): null

27-11-2024T10:32:24 - [TEST_STEP][PASSED] - pageOtpuskVSet = page.toInteger(): null

27-11-2024T10:32:24 - [TEST_STEP][PASSED] - typeOfData = typeOfDataMain + " Потери": null

27-11-2024T10:32:24 - [TEST_STEP][PASSED] - if (a == 82): null

27-11-2024T10:32:24 - [TEST_STEP][PASSED] - path = dataFolder + typeOfData + " за отчётный период " + "РаспредКомплекс": null

27-11-2024T10:32:24 - [TEST_STEP][PASSED] - page = getText(findTestObject(path)): Text of object 'Object Repository/Выполнение бизнес-плана/Значения со страницы Выполнение бизнес-плана/План Потери за отчётный период РаспредКомплекс' is: '16 062 691'

27-11-2024T10:32:24 - [MESSAGE][PASSED] - Text of object 'Object Repository/Выполнение бизнес-плана/Значения со страницы Выполнение бизнес-плана/План Потери за отчётный период РаспредКомплекс' is: '16 062 691'

27-11-2024T10:32:24 - [TEST_STEP][PASSED] - page = page.replaceAll("\s+", ""): null

27-11-2024T10:32:24 - [TEST_STEP][PASSED] - filePoteri = poteri.toInteger(): null

27-11-2024T10:32:24 - [TEST_STEP][PASSED] - pagePoteri = page.toInteger(): null

27-11-2024T10:32:24 - [TEST_STEP][PASSED] - compare = pageOtpuskVSet: null

27-11-2024T10:32:24 - [TEST_STEP][PASSED] - if (compare == fileOtpuskVSet): null

27-11-2024T10:32:24 - [TEST_STEP][PASSED] - else if (compare > fileOtpuskVSet): null

27-11-2024T10:32:24 - [TEST_STEP][PASSED] - else if (compare < fileOtpuskVSet): null

27-11-2024T10:32:24 - [TEST_STEP][PASSED] - compare = compare + 1: null

27-11-2024T10:32:24 - [TEST_STEP][PASSED] - if (compare == fileOtpuskVSet): null

27-11-2024T10:32:24 - [TEST_STEP][PASSED] - else: null

27-11-2024T10:32:24 - [TEST_STEP][PASSED] - numberOfErrors = numberOfErrors + 1: null

27-11-2024T10:32:24 - [TEST_STEP][PASSED] - pageInt = pageOtpuskVSet: null

27-11-2024T10:32:24 - [TEST_STEP][PASSED] - fileInt = fileOtpuskVSet: null

27-11-2024T10:32:24 - [TEST_STEP][PASSED] - typeOfData = typeOfDataMain + " Отпуск в сеть": null

27-11-2024T10:32:24 - [TEST_STEP][PASSED] - Script1718980020443.WriteToExcel(a, typeOfData, todaysDate, pageInt, fileInt, pageDouble, fileDouble, dZO): null

27-11-2024T10:32:24 - [TEST_STEP][PASSED] - sheetName = "Sheet1": null

27-11-2024T10:32:24 - [TEST_STEP][PASSED] - data = findTestData("PlanFact"): null

27-11-2024T10:32:24 - [TEST_STEP][PASSED] - n = data.getRowNumbers() + 1: null

27-11-2024T10:32:24 - [TEST_STEP][PASSED] - year = todaysDate.substring(todaysDate.length() - 4, todaysDate.length()): null

27-11-2024T10:32:24 - [TEST_STEP][PASSED] - y = year.toInteger(): null

27-11-2024T10:32:24 - [TEST_STEP][PASSED] - m = getText(findTestObject("Выполнение бизнес-плана/Период")): Text of object 'Object Repository/Выполнение бизнес-плана/Период' is: '1, 2, 3 кв. 2024 года'

27-11-2024T10:32:24 - [MESSAGE][PASSED] - Text of object 'Object Repository/Выполнение бизнес-плана/Период' is: '1, 2, 3 кв. 2024 года'

27-11-2024T10:32:24 - [TEST_STEP][PASSED] - m = m.substring(0, m.indexOf("2024")): null

27-11-2024T10:32:24 - [TEST_STEP][PASSED] - m = m.trim(): null

27-11-2024T10:32:24 - [TEST_STEP][PASSED] - dashboardName = "Выполнение бизнес-плана": null

27-11-2024T10:32:24 - [TEST_STEP][PASSED] - workbook01 = getWorkbook(excelFilePath): null

27-11-2024T10:32:24 - [TEST_STEP][PASSED] - sheet01 = getExcelSheet(workbook01, sheetName): null

27-11-2024T10:32:24 - [TEST_STEP][PASSED] - setValueToCellByIndex(sheet01, n, 0, dashboardName): null

27-11-2024T10:32:24 - [TEST_STEP][PASSED] - setValueToCellByIndex(sheet01, n, 1, dZO): null

27-11-2024T10:32:24 - [TEST_STEP][PASSED] - setValueToCellByIndex(sheet01, n, 2, typeOfData): null

27-11-2024T10:32:24 - [TEST_STEP][PASSED] - if (typeOfData == "Факт в процентах" || typeOfData == "План в процентах"): null

27-11-2024T10:32:24 - [TEST_STEP][PASSED] - else: null

27-11-2024T10:32:24 - [TEST_STEP][PASSED] - setValueToCellByIndex(sheet01, n, 3, fileInt): null

27-11-2024T10:32:24 - [TEST_STEP][PASSED] - setValueToCellByIndex(sheet01, n, 4, pageInt): null

27-11-2024T10:32:24 - [TEST_STEP][PASSED] - setValueToCellByIndex(sheet01, n, 5, m): null

27-11-2024T10:32:24 - [TEST_STEP][PASSED] - setValueToCellByIndex(sheet01, n, 6, y): null

27-11-2024T10:32:24 - [TEST_STEP][PASSED] - setValueToCellByIndex(sheet01, n, 7, todaysDate): null

27-11-2024T10:32:24 - [TEST_STEP][PASSED] - n = n + 1: null

27-11-2024T10:32:24 - [TEST_STEP][PASSED] - saveWorkbook(excelFilePath, workbook01): null

27-11-2024T10:32:25 - [TEST_STEP][PASSED] - compare = pagePoteri: null

27-11-2024T10:32:25 - [TEST_STEP][PASSED] - if (compare == filePoteri): null

27-11-2024T10:32:25 - [TEST_STEP][PASSED] - else if (compare > filePoteri): null

27-11-2024T10:32:25 - [TEST_STEP][PASSED] - else if (compare < filePoteri): null

27-11-2024T10:32:25 - [TEST_STEP][PASSED] - compare = compare + 1: null

27-11-2024T10:32:25 - [TEST_STEP][PASSED] - if (compare == filePoteri): null

27-11-2024T10:32:25 - [TEST_STEP][PASSED] - else: null

27-11-2024T10:32:25 - [TEST_STEP][PASSED] - numberOfErrors = numberOfErrors + 1: null

27-11-2024T10:32:25 - [TEST_STEP][PASSED] - pageInt = pagePoteri: null

27-11-2024T10:32:25 - [TEST_STEP][PASSED] - fileInt = filePoteri: null

27-11-2024T10:32:25 - [TEST_STEP][PASSED] - typeOfData = typeOfDataMain + " Потери": null

27-11-2024T10:32:25 - [TEST_STEP][PASSED] - Script1718980020443.WriteToExcel(a, typeOfData, todaysDate, pageInt, fileInt, pageDouble, fileDouble, dZO): null

27-11-2024T10:32:25 - [TEST_STEP][PASSED] - sheetName = "Sheet1": null

27-11-2024T10:32:25 - [TEST_STEP][PASSED] - data = findTestData("PlanFact"): null

27-11-2024T10:32:25 - [TEST_STEP][PASSED] - n = data.getRowNumbers() + 1: null

27-11-2024T10:32:25 - [TEST_STEP][PASSED] - year = todaysDate.substring(todaysDate.length() - 4, todaysDate.length()): null

27-11-2024T10:32:25 - [TEST_STEP][PASSED] - y = year.toInteger(): null

27-11-2024T10:32:25 - [TEST_STEP][PASSED] - m = getText(findTestObject("Выполнение бизнес-плана/Период")): Text of object 'Object Repository/Выполнение бизнес-плана/Период' is: '1, 2, 3 кв. 2024 года'

27-11-2024T10:32:25 - [MESSAGE][PASSED] - Text of object 'Object Repository/Выполнение бизнес-плана/Период' is: '1, 2, 3 кв. 2024 года'

27-11-2024T10:32:25 - [TEST_STEP][PASSED] - m = m.substring(0, m.indexOf("2024")): null

27-11-2024T10:32:25 - [TEST_STEP][PASSED] - m = m.trim(): null

27-11-2024T10:32:25 - [TEST_STEP][PASSED] - dashboardName = "Выполнение бизнес-плана": null

27-11-2024T10:32:25 - [TEST_STEP][PASSED] - workbook01 = getWorkbook(excelFilePath): null

27-11-2024T10:32:25 - [TEST_STEP][PASSED] - sheet01 = getExcelSheet(workbook01, sheetName): null

27-11-2024T10:32:25 - [TEST_STEP][PASSED] - setValueToCellByIndex(sheet01, n, 0, dashboardName): null

27-11-2024T10:32:25 - [TEST_STEP][PASSED] - setValueToCellByIndex(sheet01, n, 1, dZO): null

27-11-2024T10:32:25 - [TEST_STEP][PASSED] - setValueToCellByIndex(sheet01, n, 2, typeOfData): null

27-11-2024T10:32:25 - [TEST_STEP][PASSED] - if (typeOfData == "Факт в процентах" || typeOfData == "План в процентах"): null

27-11-2024T10:32:25 - [TEST_STEP][PASSED] - else: null

27-11-2024T10:32:25 - [TEST_STEP][PASSED] - setValueToCellByIndex(sheet01, n, 3, fileInt): null

27-11-2024T10:32:25 - [TEST_STEP][PASSED] - setValueToCellByIndex(sheet01, n, 4, pageInt): null

27-11-2024T10:32:25 - [TEST_STEP][PASSED] - setValueToCellByIndex(sheet01, n, 5, m): null

27-11-2024T10:32:25 - [TEST_STEP][PASSED] - setValueToCellByIndex(sheet01, n, 6, y): null

27-11-2024T10:32:25 - [TEST_STEP][PASSED] - setValueToCellByIndex(sheet01, n, 7, todaysDate): null

27-11-2024T10:32:25 - [TEST_STEP][PASSED] - n = n + 1: null

27-11-2024T10:32:25 - [TEST_STEP][PASSED] - saveWorkbook(excelFilePath, workbook01): Object: 'Object Repository/Выполнение бизнес-плана/Кнопка Факт' is clicked on

27-11-2024T10:32:25 - [TEST_STEP][PASSED] - if (planFact == 2): Object: 'Object Repository/Выполнение бизнес-плана/Кнопка Факт' is clicked on

27-11-2024T10:32:25 - [TEST_STEP][PASSED] - click(findTestObject("Выполнение бизнес-плана/Кнопка Факт")): Object: 'Object Repository/Выполнение бизнес-плана/Кнопка Факт' is clicked on

27-11-2024T10:32:26 - [MESSAGE][PASSED] - Object: 'Object Repository/Выполнение бизнес-плана/Кнопка Факт' is clicked on

27-11-2024T10:32:26 - [TEST_STEP][PASSED] - if (a == 84 || a == 82): null

27-11-2024T10:32:26 - [TEST_STEP][PASSED] - page = getText(findTestObject("Выполнение бизнес-плана/textPlanFact")): Text of object 'Object Repository/Выполнение бизнес-плана/textPlanFact' is: '%
8.57 8.57
8.94 8.94
План
Факт
1
100'

27-11-2024T10:32:26 - [MESSAGE][PASSED] - Text of object 'Object Repository/Выполнение бизнес-плана/textPlanFact' is: '%
8.57 8.57
8.94 8.94
План
Факт
1
100'

27-11-2024T10:32:26 - [TEST_STEP][PASSED] - page = page.replaceAll("\n", "_"): null

27-11-2024T10:32:26 - [TEST_STEP][PASSED] - page = page.substring(page.indexOf("_") + 1, page.length()): null

27-11-2024T10:32:26 - [TEST_STEP][PASSED] - page1 = page.substring(0, page.indexOf("_")): null

27-11-2024T10:32:26 - [TEST_STEP][PASSED] - page1 = page.substring(0, page.indexOf(" ")): null

27-11-2024T10:32:26 - [TEST_STEP][PASSED] - page2 = page.substring(page.indexOf("_") + 1, page.length()): null

27-11-2024T10:32:26 - [TEST_STEP][PASSED] - page2 = page2.substring(0, page.indexOf("_")): null

27-11-2024T10:32:26 - [TEST_STEP][PASSED] - page2 = page2.substring(0, page.indexOf(" ")): null

27-11-2024T10:32:26 - [TEST_STEP][PASSED] - println("page1: " + page1): null

27-11-2024T10:32:26 - [TEST_STEP][PASSED] - println("page2: " + page2): null

27-11-2024T10:32:26 - [TEST_STEP][PASSED] - file = findTestData("PlanFact").getValue(4, a): null

27-11-2024T10:32:26 - [TEST_STEP][PASSED] - file = file.replace(",", "."): null

27-11-2024T10:32:26 - [TEST_STEP][PASSED] - println("file Plan: " + file): null

27-11-2024T10:32:26 - [TEST_STEP][PASSED] - typeOfData = "План в процентах": null

27-11-2024T10:32:26 - [TEST_STEP][PASSED] - fileDouble = file.toDouble(): null

27-11-2024T10:32:26 - [TEST_STEP][PASSED] - pageDouble = page1.toDouble(): null

27-11-2024T10:32:26 - [TEST_STEP][PASSED] - if (fileDouble != pageDouble): null

27-11-2024T10:32:26 - [TEST_STEP][PASSED] - numberOfErrors = numberOfErrors + 1: null

27-11-2024T10:32:26 - [TEST_STEP][PASSED] - Script1718980020443.WriteToExcel(a, typeOfData, todaysDate, pageInt, fileInt, pageDouble, fileDouble, dZO): null

27-11-2024T10:32:26 - [TEST_STEP][PASSED] - sheetName = "Sheet1": null

27-11-2024T10:32:26 - [TEST_STEP][PASSED] - data = findTestData("PlanFact"): null

27-11-2024T10:32:26 - [TEST_STEP][PASSED] - n = data.getRowNumbers() + 1: null

27-11-2024T10:32:26 - [TEST_STEP][PASSED] - year = todaysDate.substring(todaysDate.length() - 4, todaysDate.length()): null

27-11-2024T10:32:26 - [TEST_STEP][PASSED] - y = year.toInteger(): null

27-11-2024T10:32:26 - [TEST_STEP][PASSED] - m = getText(findTestObject("Выполнение бизнес-плана/Период")): Text of object 'Object Repository/Выполнение бизнес-плана/Период' is: '1, 2, 3 кв. 2024 года'

27-11-2024T10:32:26 - [MESSAGE][PASSED] - Text of object 'Object Repository/Выполнение бизнес-плана/Период' is: '1, 2, 3 кв. 2024 года'

27-11-2024T10:32:26 - [TEST_STEP][PASSED] - m = m.substring(0, m.indexOf("2024")): null

27-11-2024T10:32:26 - [TEST_STEP][PASSED] - m = m.trim(): null

27-11-2024T10:32:26 - [TEST_STEP][PASSED] - dashboardName = "Выполнение бизнес-плана": null

27-11-2024T10:32:26 - [TEST_STEP][PASSED] - workbook01 = getWorkbook(excelFilePath): null

27-11-2024T10:32:26 - [TEST_STEP][PASSED] - sheet01 = getExcelSheet(workbook01, sheetName): null

27-11-2024T10:32:26 - [TEST_STEP][PASSED] - setValueToCellByIndex(sheet01, n, 0, dashboardName): null

27-11-2024T10:32:26 - [TEST_STEP][PASSED] - setValueToCellByIndex(sheet01, n, 1, dZO): null

27-11-2024T10:32:26 - [TEST_STEP][PASSED] - setValueToCellByIndex(sheet01, n, 2, typeOfData): null

27-11-2024T10:32:26 - [TEST_STEP][PASSED] - if (typeOfData == "Факт в процентах" || typeOfData == "План в процентах"): null

27-11-2024T10:32:26 - [TEST_STEP][PASSED] - setValueToCellByIndex(sheet01, n, 3, fileDouble): null

27-11-2024T10:32:26 - [TEST_STEP][PASSED] - setValueToCellByIndex(sheet01, n, 4, pageDouble): null

27-11-2024T10:32:26 - [TEST_STEP][PASSED] - setValueToCellByIndex(sheet01, n, 5, m): null

27-11-2024T10:32:26 - [TEST_STEP][PASSED] - setValueToCellByIndex(sheet01, n, 6, y): null

27-11-2024T10:32:26 - [TEST_STEP][PASSED] - setValueToCellByIndex(sheet01, n, 7, todaysDate): null

27-11-2024T10:32:26 - [TEST_STEP][PASSED] - n = n + 1: null

27-11-2024T10:32:26 - [TEST_STEP][PASSED] - saveWorkbook(excelFilePath, workbook01): null

27-11-2024T10:32:27 - [TEST_STEP][PASSED] - file = findTestData("PlanFact").getValue(7, a): null

27-11-2024T10:32:27 - [TEST_STEP][PASSED] - file = file.replace(",", "."): null

27-11-2024T10:32:27 - [TEST_STEP][PASSED] - println("file Fact: " + file): null

27-11-2024T10:32:27 - [TEST_STEP][PASSED] - fileDouble = file.toDouble(): null

27-11-2024T10:32:27 - [TEST_STEP][PASSED] - typeOfData = "Факт в процентах": null

27-11-2024T10:32:27 - [TEST_STEP][PASSED] - fileDouble = file.toDouble(): null

27-11-2024T10:32:27 - [TEST_STEP][PASSED] - pageDouble = page2.toDouble(): null

27-11-2024T10:32:27 - [TEST_STEP][PASSED] - if (fileDouble != pageDouble): null

27-11-2024T10:32:27 - [TEST_STEP][PASSED] - numberOfErrors = numberOfErrors + 1: null

27-11-2024T10:32:27 - [TEST_STEP][PASSED] - Script1718980020443.WriteToExcel(a, typeOfData, todaysDate, pageInt, fileInt, pageDouble, fileDouble, dZO): null

27-11-2024T10:32:27 - [TEST_STEP][PASSED] - sheetName = "Sheet1": null

27-11-2024T10:32:27 - [TEST_STEP][PASSED] - data = findTestData("PlanFact"): null

27-11-2024T10:32:27 - [TEST_STEP][PASSED] - n = data.getRowNumbers() + 1: null

27-11-2024T10:32:27 - [TEST_STEP][PASSED] - year = todaysDate.substring(todaysDate.length() - 4, todaysDate.length()): null

27-11-2024T10:32:27 - [TEST_STEP][PASSED] - y = year.toInteger(): null

27-11-2024T10:32:27 - [TEST_STEP][PASSED] - m = getText(findTestObject("Выполнение бизнес-плана/Период")): Text of object 'Object Repository/Выполнение бизнес-плана/Период' is: '1, 2, 3 кв. 2024 года'

27-11-2024T10:32:27 - [MESSAGE][PASSED] - Text of object 'Object Repository/Выполнение бизнес-плана/Период' is: '1, 2, 3 кв. 2024 года'

27-11-2024T10:32:27 - [TEST_STEP][PASSED] - m = m.substring(0, m.indexOf("2024")): null

27-11-2024T10:32:27 - [TEST_STEP][PASSED] - m = m.trim(): null

27-11-2024T10:32:27 - [TEST_STEP][PASSED] - dashboardName = "Выполнение бизнес-плана": null

27-11-2024T10:32:27 - [TEST_STEP][PASSED] - workbook01 = getWorkbook(excelFilePath): null

27-11-2024T10:32:27 - [TEST_STEP][PASSED] - sheet01 = getExcelSheet(workbook01, sheetName): null

27-11-2024T10:32:27 - [TEST_STEP][PASSED] - setValueToCellByIndex(sheet01, n, 0, dashboardName): null

27-11-2024T10:32:27 - [TEST_STEP][PASSED] - setValueToCellByIndex(sheet01, n, 1, dZO): null

27-11-2024T10:32:27 - [TEST_STEP][PASSED] - setValueToCellByIndex(sheet01, n, 2, typeOfData): null

27-11-2024T10:32:27 - [TEST_STEP][PASSED] - if (typeOfData == "Факт в процентах" || typeOfData == "План в процентах"): null

27-11-2024T10:32:27 - [TEST_STEP][PASSED] - setValueToCellByIndex(sheet01, n, 3, fileDouble): null

27-11-2024T10:32:27 - [TEST_STEP][PASSED] - setValueToCellByIndex(sheet01, n, 4, pageDouble): null

27-11-2024T10:32:27 - [TEST_STEP][PASSED] - setValueToCellByIndex(sheet01, n, 5, m): null

27-11-2024T10:32:27 - [TEST_STEP][PASSED] - setValueToCellByIndex(sheet01, n, 6, y): null

27-11-2024T10:32:27 - [TEST_STEP][PASSED] - setValueToCellByIndex(sheet01, n, 7, todaysDate): null

27-11-2024T10:32:27 - [TEST_STEP][PASSED] - n = n + 1: null

27-11-2024T10:32:27 - [TEST_STEP][PASSED] - saveWorkbook(excelFilePath, workbook01): null

27-11-2024T10:32:27 - [TEST_STEP][FAILED] - if (verifyEqual(numberOfErrors, 0) == false): null

27-11-2024T10:32:27 - [MESSAGE][FAILED] - Unable to verify equal between actual object '6' and expected object '0' (Root cause: com.kms.katalon.core.exception.StepFailedException: Actual object '6' and expected object '0' are not equal
	at com.kms.katalon.core.keyword.builtin.VerifyEqualKeyword$_verifyEqual_closure1.doCall(VerifyEqualKeyword.groovy:58)
	at com.kms.katalon.core.keyword.builtin.VerifyEqualKeyword$_verifyEqual_closure1.call(VerifyEqualKeyword.groovy)
	at com.kms.katalon.core.keyword.internal.KeywordMain.runKeyword(KeywordMain.groovy:75)
	at com.kms.katalon.core.keyword.builtin.VerifyEqualKeyword.verifyEqual(VerifyEqualKeyword.groovy:63)
	at com.kms.katalon.core.keyword.builtin.VerifyEqualKeyword.execute(VerifyEqualKeyword.groovy:44)
	at com.kms.katalon.core.keyword.internal.KeywordExecutor.executeKeywordForPlatform(KeywordExecutor.groovy:74)
	at com.kms.katalon.core.keyword.BuiltinKeywords.verifyEqual(BuiltinKeywords.groovy:146)
	at java.base/jdk.internal.reflect.NativeMethodAccessorImpl.invoke0(Native Method)
	at java.base/jdk.internal.reflect.NativeMethodAccessorImpl.invoke(NativeMethodAccessorImpl.java:77)
	at java.base/jdk.internal.reflect.DelegatingMethodAccessorImpl.invoke(DelegatingMethodAccessorImpl.java:43)
	at Выполнение бизнес-плана Сверка ПАО Россети все филиалы.Numbers(Выполнение бизнес-плана Сверка ПАО Россети все филиалы:740)
	at Выполнение бизнес-плана Сверка ПАО Россети все филиалы.run(Выполнение бизнес-плана Сверка ПАО Россети все филиалы:211)
	at com.kms.katalon.core.main.ScriptEngine.run(ScriptEngine.java:194)
	at com.kms.katalon.core.main.ScriptEngine.runScriptAsRawText(ScriptEngine.java:119)
	at com.kms.katalon.core.main.TestCaseExecutor.runScript(TestCaseExecutor.java:448)
	at com.kms.katalon.core.main.TestCaseExecutor.doExecute(TestCaseExecutor.java:439)
	at com.kms.katalon.core.main.TestCaseExecutor.processExecutionPhase(TestCaseExecutor.java:418)
	at com.kms.katalon.core.main.TestCaseExecutor.accessMainPhase(TestCaseExecutor.java:410)
	at com.kms.katalon.core.main.TestCaseExecutor.execute(TestCaseExecutor.java:285)
	at com.kms.katalon.core.common.CommonExecutor.accessTestCaseMainPhase(CommonExecutor.java:65)
	at com.kms.katalon.core.main.TestSuiteExecutor.accessTestSuiteMainPhase(TestSuiteExecutor.java:150)
	at com.kms.katalon.core.main.TestSuiteExecutor.execute(TestSuiteExecutor.java:106)
	at com.kms.katalon.core.main.TestCaseMain.startTestSuite(TestCaseMain.java:180)
	at TempTestSuite1732692359995.run(TempTestSuite1732692359995.groovy:35)
	at java.base/jdk.internal.reflect.NativeMethodAccessorImpl.invoke0(Native Method)
	at java.base/jdk.internal.reflect.NativeMethodAccessorImpl.invoke(NativeMethodAccessorImpl.java:77)
	at java.base/jdk.internal.reflect.DelegatingMethodAccessorImpl.invoke(DelegatingMethodAccessorImpl.java:43)
)

27-11-2024T10:32:27 - [TEST_STEP][PASSED] - println(numberOfErrors): null

27-11-2024T10:32:27 - [TEST_STEP][PASSED] - if (a == 28 || a == 77 || a == 74 || a == 65 || a == 36 || a == 44 || a == 54 || a == 1 || a == 18 || a == 59): null

27-11-2024T10:32:27 - [TEST_STEP][PASSED] - if (a == 82): null

27-11-2024T10:32:27 - [TEST_STEP][PASSED] - Script1718980020443.OpenFilter(): null

27-11-2024T10:32:27 - [TEST_STEP][PASSED] - click(findTestObject("Object Repository/Выполнение бизнес-плана/Фильтр ДЗО")): Object: 'Object Repository/Выполнение бизнес-плана/Фильтр ДЗО' is clicked on

27-11-2024T10:32:28 - [MESSAGE][PASSED] - Object: 'Object Repository/Выполнение бизнес-плана/Фильтр ДЗО' is clicked on

27-11-2024T10:32:28 - [TEST_STEP][PASSED] - click(findTestObject("Выполнение бизнес-плана/Снять выделение в фильтре ДЗО")): null

27-11-2024T10:32:28 - [MESSAGE][PASSED] - Object: 'Object Repository/Выполнение бизнес-плана/Снять выделение в фильтре ДЗО' is clicked on

27-11-2024T10:32:28 - [TEST_STEP][PASSED] - Script1718980020443.CloseFilter(): null

27-11-2024T10:32:28 - [TEST_STEP][PASSED] - scrollToElement(findTestObject("Выполнение бизнес-плана/Заголовок дашборда"), 30): Scroll to object 'Object Repository/Выполнение бизнес-плана/Заголовок дашборда' successfully

27-11-2024T10:32:28 - [MESSAGE][PASSED] - Scroll to object 'Object Repository/Выполнение бизнес-плана/Заголовок дашборда' successfully

27-11-2024T10:32:28 - [TEST_STEP][PASSED] - click(findTestObject("Object Repository/Выполнение бизнес-плана/Применить в фильтре ДЗО")): null

27-11-2024T10:32:29 - [MESSAGE][PASSED] - Object: 'Object Repository/Выполнение бизнес-плана/Применить в фильтре ДЗО' is clicked on

27-11-2024T10:32:29 - [TEST_STEP][PASSED] - delay(20): Delayed 20 second(s)

27-11-2024T10:32:49 - [MESSAGE][PASSED] - Delayed 20 second(s)

27-11-2024T10:32:49 - [TEST_STEP][PASSED] - dZO = "АО «Тываэнерго»": null

27-11-2024T10:32:49 - [TEST_STEP][PASSED] - a = 52: null

27-11-2024T10:32:49 - [TEST_STEP][PASSED] - if (x1.contains(dZO)): null

27-11-2024T10:32:49 - [TEST_STEP][PASSED] - dzoNum = dzoNum + 1: null

27-11-2024T10:32:49 - [TEST_STEP][PASSED] - Script1718980020443.Numbers(a, typeOfData, todaysDate, pageInt, fileInt, pageDouble, fileDouble, dZO, dzoNum, filialNum): null

27-11-2024T10:32:49 - [TEST_STEP][PASSED] - println(dzoNum): null

27-11-2024T10:32:49 - [TEST_STEP][PASSED] - planFact = <not implemented yet for class: org.codehaus.groovy.ast.expr.EmptyExpression>: null

27-11-2024T10:32:49 - [TEST_STEP][PASSED] - page = <not implemented yet for class: org.codehaus.groovy.ast.expr.EmptyExpression>: null

27-11-2024T10:32:49 - [TEST_STEP][PASSED] - page1 = <not implemented yet for class: org.codehaus.groovy.ast.expr.EmptyExpression>: null

27-11-2024T10:32:49 - [TEST_STEP][PASSED] - page2 = <not implemented yet for class: org.codehaus.groovy.ast.expr.EmptyExpression>: null

27-11-2024T10:32:49 - [TEST_STEP][PASSED] - filialNumberInRow = <not implemented yet for class: org.codehaus.groovy.ast.expr.EmptyExpression>: null

27-11-2024T10:32:49 - [TEST_STEP][PASSED] - filialsDzoNames = <not implemented yet for class: org.codehaus.groovy.ast.expr.EmptyExpression>: null

27-11-2024T10:32:49 - [TEST_STEP][PASSED] - numberOfFilials = <not implemented yet for class: org.codehaus.groovy.ast.expr.EmptyExpression>: null

27-11-2024T10:32:49 - [TEST_STEP][PASSED] - numberOfSpaces = <not implemented yet for class: org.codehaus.groovy.ast.expr.EmptyExpression>: null

27-11-2024T10:32:49 - [TEST_STEP][PASSED] - file = <not implemented yet for class: org.codehaus.groovy.ast.expr.EmptyExpression>: null

27-11-2024T10:32:49 - [TEST_STEP][PASSED] - otpusk = <not implemented yet for class: org.codehaus.groovy.ast.expr.EmptyExpression>: null

27-11-2024T10:32:49 - [TEST_STEP][PASSED] - poteri = <not implemented yet for class: org.codehaus.groovy.ast.expr.EmptyExpression>: null

27-11-2024T10:32:49 - [TEST_STEP][PASSED] - dataFolder = "Выполнение бизнес-плана/Значения со страницы Выполнение бизнес-плана/": null

27-11-2024T10:32:49 - [TEST_STEP][PASSED] - path = <not implemented yet for class: org.codehaus.groovy.ast.expr.EmptyExpression>: null

27-11-2024T10:32:49 - [TEST_STEP][PASSED] - typeOfDataMain = <not implemented yet for class: org.codehaus.groovy.ast.expr.EmptyExpression>: null

27-11-2024T10:32:49 - [TEST_STEP][PASSED] - fileOtpuskVSet = <not implemented yet for class: org.codehaus.groovy.ast.expr.EmptyExpression>: null

27-11-2024T10:32:49 - [TEST_STEP][PASSED] - pageOtpuskVSet = <not implemented yet for class: org.codehaus.groovy.ast.expr.EmptyExpression>: null

27-11-2024T10:32:49 - [TEST_STEP][PASSED] - filePoteri = <not implemented yet for class: org.codehaus.groovy.ast.expr.EmptyExpression>: null

27-11-2024T10:32:49 - [TEST_STEP][PASSED] - pagePoteri = <not implemented yet for class: org.codehaus.groovy.ast.expr.EmptyExpression>: null

27-11-2024T10:32:49 - [TEST_STEP][PASSED] - compare = <not implemented yet for class: org.codehaus.groovy.ast.expr.EmptyExpression>: null

27-11-2024T10:32:49 - [TEST_STEP][PASSED] - b = <not implemented yet for class: org.codehaus.groovy.ast.expr.EmptyExpression>: null

27-11-2024T10:32:49 - [TEST_STEP][PASSED] - i = <not implemented yet for class: org.codehaus.groovy.ast.expr.EmptyExpression>: null

27-11-2024T10:32:49 - [TEST_STEP][PASSED] - ii = <not implemented yet for class: org.codehaus.groovy.ast.expr.EmptyExpression>: null

27-11-2024T10:32:49 - [TEST_STEP][PASSED] - c = <not implemented yet for class: org.codehaus.groovy.ast.expr.EmptyExpression>: null

27-11-2024T10:32:49 - [TEST_STEP][PASSED] - numberOfErrors = 0: null

27-11-2024T10:32:49 - [TEST_STEP][PASSED] - if (a == 82): null

27-11-2024T10:32:49 - [TEST_STEP][PASSED] - b = findTestData("PlanFact").getValue(1, a): null

27-11-2024T10:32:49 - [TEST_STEP][PASSED] - i = b.indexOf(" (ГК)"): null

27-11-2024T10:32:49 - [TEST_STEP][PASSED] - if (i > -1): null

27-11-2024T10:32:49 - [TEST_STEP][PASSED] - i = b.indexOf("О ""): null

27-11-2024T10:32:49 - [TEST_STEP][PASSED] - if (i > -1): null

27-11-2024T10:32:49 - [TEST_STEP][PASSED] - b = b.substring(i + 3, b.length()): null

27-11-2024T10:32:49 - [TEST_STEP][PASSED] - i = b.indexOf("""): null

27-11-2024T10:32:49 - [TEST_STEP][PASSED] - b = b.substring(0, i): null

27-11-2024T10:32:49 - [TEST_STEP][PASSED] - b = b.trim(): null

27-11-2024T10:32:49 - [TEST_STEP][PASSED] - i = b.indexOf("О «"): null

27-11-2024T10:32:49 - [TEST_STEP][PASSED] - if (i > -1): null

27-11-2024T10:32:49 - [TEST_STEP][PASSED] - i = b.indexOf("г. "): null

27-11-2024T10:32:49 - [TEST_STEP][PASSED] - if (i > -1): null

27-11-2024T10:32:49 - [TEST_STEP][PASSED] - println(b): null

27-11-2024T10:32:49 - [TEST_STEP][PASSED] - for ([planFact = 1, planFact < 3, (planFact++)]): Object: 'Object Repository/Выполнение бизнес-плана/Кнопка Факт' is clicked on

27-11-2024T10:32:49 - [TEST_STEP][PASSED] - if (planFact == 1): null

27-11-2024T10:32:49 - [TEST_STEP][PASSED] - typeOfDataMain = "Факт": null

27-11-2024T10:32:49 - [TEST_STEP][PASSED] - otpusk = findTestData("PlanFact").getValue(5, a): null

27-11-2024T10:32:49 - [TEST_STEP][PASSED] - poteri = findTestData("PlanFact").getValue(6, a): null

27-11-2024T10:32:50 - [TEST_STEP][PASSED] - otpusk = otpusk.replaceAll("\s+", ""): null

27-11-2024T10:32:50 - [TEST_STEP][PASSED] - poteri = poteri.replaceAll("\s+", ""): null

27-11-2024T10:32:50 - [TEST_STEP][PASSED] - typeOfData = typeOfDataMain + " Отпуск в сеть": null

27-11-2024T10:32:50 - [TEST_STEP][PASSED] - if (a == 82): null

27-11-2024T10:32:50 - [TEST_STEP][PASSED] - else if (a == 84): null

27-11-2024T10:32:50 - [TEST_STEP][PASSED] - else if (a == 52 || a == 72 || a == 28 || a == 73 || a == 77 || a == 74 || a == 65 || a == 36 || a == 44 || a == 53 || a == 80 || a == 54 || a == 1 || a == 18 || a == 59 || a == 81): null

27-11-2024T10:32:50 - [TEST_STEP][PASSED] - path = dataFolder + "Table Data/" + typeOfData + " за отчётный период " + dzoNum: null

27-11-2024T10:32:50 - [TEST_STEP][PASSED] - println(path): null

27-11-2024T10:32:50 - [TEST_STEP][PASSED] - page = getText(findTestObject(path)): Text of object 'Object Repository/Выполнение бизнес-плана/Значения со страницы Выполнение бизнес-плана/Table Data/Факт Отпуск в сеть за отчётный период 1' is: '572 217'

27-11-2024T10:32:55 - [MESSAGE][PASSED] - Text of object 'Object Repository/Выполнение бизнес-плана/Значения со страницы Выполнение бизнес-плана/Table Data/Факт Отпуск в сеть за отчётный период 1' is: '572 217'

27-11-2024T10:32:55 - [TEST_STEP][PASSED] - page = page.replaceAll("\s+", ""): null

27-11-2024T10:32:55 - [TEST_STEP][PASSED] - fileOtpuskVSet = otpusk.toInteger(): null

27-11-2024T10:32:55 - [TEST_STEP][PASSED] - pageOtpuskVSet = page.toInteger(): null

27-11-2024T10:32:55 - [TEST_STEP][PASSED] - typeOfData = typeOfDataMain + " Потери": null

27-11-2024T10:32:55 - [TEST_STEP][PASSED] - if (a == 82): null

27-11-2024T10:32:55 - [TEST_STEP][PASSED] - else if (a == 84): null

27-11-2024T10:32:55 - [TEST_STEP][PASSED] - else if (a == 52 || a == 72 || a == 28 || a == 73 || a == 77 || a == 74 || a == 65 || a == 36 || a == 44 || a == 53 || a == 80 || a == 54 || a == 1 || a == 18 || a == 59 || a == 81): null

27-11-2024T10:32:55 - [TEST_STEP][PASSED] - path = dataFolder + "Table Data/" + typeOfData + " за отчётный период " + dzoNum: null

27-11-2024T10:32:55 - [TEST_STEP][PASSED] - page = getText(findTestObject(path)): Text of object 'Object Repository/Выполнение бизнес-плана/Значения со страницы Выполнение бизнес-плана/Table Data/Факт Потери за отчётный период 1' is: '119 926'

27-11-2024T10:32:55 - [MESSAGE][PASSED] - Text of object 'Object Repository/Выполнение бизнес-плана/Значения со страницы Выполнение бизнес-плана/Table Data/Факт Потери за отчётный период 1' is: '119 926'

27-11-2024T10:32:55 - [TEST_STEP][PASSED] - page = page.replaceAll("\s+", ""): null

27-11-2024T10:32:55 - [TEST_STEP][PASSED] - filePoteri = poteri.toInteger(): null

27-11-2024T10:32:55 - [TEST_STEP][PASSED] - pagePoteri = page.toInteger(): null

27-11-2024T10:32:55 - [TEST_STEP][PASSED] - compare = pageOtpuskVSet: null

27-11-2024T10:32:55 - [TEST_STEP][PASSED] - if (compare == fileOtpuskVSet): null

27-11-2024T10:32:55 - [TEST_STEP][PASSED] - if (compare == fileOtpuskVSet): null

27-11-2024T10:32:55 - [TEST_STEP][PASSED] - compare = pagePoteri: null

27-11-2024T10:32:55 - [TEST_STEP][PASSED] - if (compare == filePoteri): null

27-11-2024T10:32:55 - [TEST_STEP][PASSED] - if (compare == filePoteri): null

27-11-2024T10:32:55 - [TEST_STEP][PASSED] - if (planFact == 2): null

27-11-2024T10:32:55 - [TEST_STEP][PASSED] - if (planFact == 1): null

27-11-2024T10:32:55 - [TEST_STEP][PASSED] - else if (planFact == 2): null

27-11-2024T10:32:55 - [TEST_STEP][PASSED] - click(findTestObject("Выполнение бизнес-плана/Кнопка План")): Object: 'Object Repository/Выполнение бизнес-плана/Кнопка План' is clicked on

27-11-2024T10:32:56 - [MESSAGE][PASSED] - Object: 'Object Repository/Выполнение бизнес-плана/Кнопка План' is clicked on

27-11-2024T10:32:56 - [TEST_STEP][PASSED] - typeOfDataMain = "План": null

27-11-2024T10:32:56 - [TEST_STEP][PASSED] - otpusk = findTestData("PlanFact").getValue(2, a): null

27-11-2024T10:32:56 - [TEST_STEP][PASSED] - poteri = findTestData("PlanFact").getValue(3, a): null

27-11-2024T10:32:56 - [TEST_STEP][PASSED] - otpusk = otpusk.replaceAll("\s+", ""): null

27-11-2024T10:32:56 - [TEST_STEP][PASSED] - poteri = poteri.replaceAll("\s+", ""): null

27-11-2024T10:32:56 - [TEST_STEP][PASSED] - typeOfData = typeOfDataMain + " Отпуск в сеть": null

27-11-2024T10:32:56 - [TEST_STEP][PASSED] - if (a == 82): null

27-11-2024T10:32:56 - [TEST_STEP][PASSED] - else if (a == 84): null

27-11-2024T10:32:56 - [TEST_STEP][PASSED] - else if (a == 52 || a == 72 || a == 28 || a == 73 || a == 77 || a == 74 || a == 65 || a == 36 || a == 44 || a == 53 || a == 80 || a == 54 || a == 1 || a == 18 || a == 59 || a == 81): null

27-11-2024T10:32:56 - [TEST_STEP][PASSED] - path = dataFolder + "Table Data/" + typeOfData + " за отчётный период " + dzoNum: null

27-11-2024T10:32:56 - [TEST_STEP][PASSED] - println(path): null

27-11-2024T10:32:56 - [TEST_STEP][PASSED] - page = getText(findTestObject(path)): Text of object 'Object Repository/Выполнение бизнес-плана/Значения со страницы Выполнение бизнес-плана/Table Data/План Отпуск в сеть за отчётный период 1' is: '544 127'

27-11-2024T10:32:56 - [MESSAGE][PASSED] - Text of object 'Object Repository/Выполнение бизнес-плана/Значения со страницы Выполнение бизнес-плана/Table Data/План Отпуск в сеть за отчётный период 1' is: '544 127'

27-11-2024T10:32:56 - [TEST_STEP][PASSED] - page = page.replaceAll("\s+", ""): null

27-11-2024T10:32:56 - [TEST_STEP][PASSED] - fileOtpuskVSet = otpusk.toInteger(): null

27-11-2024T10:32:56 - [TEST_STEP][PASSED] - pageOtpuskVSet = page.toInteger(): null

27-11-2024T10:32:56 - [TEST_STEP][PASSED] - typeOfData = typeOfDataMain + " Потери": null

27-11-2024T10:32:56 - [TEST_STEP][PASSED] - if (a == 82): null

27-11-2024T10:32:56 - [TEST_STEP][PASSED] - else if (a == 84): null

27-11-2024T10:32:56 - [TEST_STEP][PASSED] - else if (a == 52 || a == 72 || a == 28 || a == 73 || a == 77 || a == 74 || a == 65 || a == 36 || a == 44 || a == 53 || a == 80 || a == 54 || a == 1 || a == 18 || a == 59 || a == 81): null

27-11-2024T10:32:56 - [TEST_STEP][PASSED] - path = dataFolder + "Table Data/" + typeOfData + " за отчётный период " + dzoNum: null

27-11-2024T10:32:56 - [TEST_STEP][PASSED] - page = getText(findTestObject(path)): Text of object 'Object Repository/Выполнение бизнес-плана/Значения со страницы Выполнение бизнес-плана/Table Data/План Потери за отчётный период 1' is: '114 446'

27-11-2024T10:32:56 - [MESSAGE][PASSED] - Text of object 'Object Repository/Выполнение бизнес-плана/Значения со страницы Выполнение бизнес-плана/Table Data/План Потери за отчётный период 1' is: '114 446'

27-11-2024T10:32:56 - [TEST_STEP][PASSED] - page = page.replaceAll("\s+", ""): null

27-11-2024T10:32:56 - [TEST_STEP][PASSED] - filePoteri = poteri.toInteger(): null

27-11-2024T10:32:56 - [TEST_STEP][PASSED] - pagePoteri = page.toInteger(): null

27-11-2024T10:32:56 - [TEST_STEP][PASSED] - compare = pageOtpuskVSet: null

27-11-2024T10:32:56 - [TEST_STEP][PASSED] - if (compare == fileOtpuskVSet): null

27-11-2024T10:32:56 - [TEST_STEP][PASSED] - if (compare == fileOtpuskVSet): null

27-11-2024T10:32:56 - [TEST_STEP][PASSED] - compare = pagePoteri: null

27-11-2024T10:32:56 - [TEST_STEP][PASSED] - if (compare == filePoteri): null

27-11-2024T10:32:56 - [TEST_STEP][PASSED] - if (compare == filePoteri): null

27-11-2024T10:32:56 - [TEST_STEP][PASSED] - if (planFact == 2): Object: 'Object Repository/Выполнение бизнес-плана/Кнопка Факт' is clicked on

27-11-2024T10:32:56 - [TEST_STEP][PASSED] - click(findTestObject("Выполнение бизнес-плана/Кнопка Факт")): Object: 'Object Repository/Выполнение бизнес-плана/Кнопка Факт' is clicked on

27-11-2024T10:32:57 - [MESSAGE][PASSED] - Object: 'Object Repository/Выполнение бизнес-плана/Кнопка Факт' is clicked on

27-11-2024T10:32:57 - [TEST_STEP][PASSED] - if (a == 84 || a == 82): null

27-11-2024T10:32:57 - [TEST_STEP][PASSED] - else if (a == 52 || a == 72 || a == 28 || a == 73 || a == 77 || a == 74 || a == 65 || a == 36 || a == 44 || a == 53 || a == 80 || a == 54 || a == 1 || a == 18 || a == 59 || a == 81): null

27-11-2024T10:32:57 - [TEST_STEP][PASSED] - page1 = getText(findTestObject("Object Repository/Выполнение бизнес-плана/spanPlan" + dzoNum)): Text of object 'Object Repository/Выполнение бизнес-плана/spanPlan1' is: '21.03
|'

27-11-2024T10:32:57 - [MESSAGE][PASSED] - Text of object 'Object Repository/Выполнение бизнес-плана/spanPlan1' is: '21.03
|'

27-11-2024T10:32:57 - [TEST_STEP][PASSED] - page1 = page1.replace("|", ""): null

27-11-2024T10:32:57 - [TEST_STEP][PASSED] - page2 = getText(findTestObject("Object Repository/Выполнение бизнес-плана/spanFact" + dzoNum)): Text of object 'Object Repository/Выполнение бизнес-плана/spanFact1' is: '20.96'

27-11-2024T10:32:57 - [MESSAGE][PASSED] - Text of object 'Object Repository/Выполнение бизнес-плана/spanFact1' is: '20.96'

27-11-2024T10:32:57 - [TEST_STEP][PASSED] - page2 = page2.replace("|", ""): null

27-11-2024T10:32:57 - [TEST_STEP][PASSED] - println("page1: " + page1): null

27-11-2024T10:32:57 - [TEST_STEP][PASSED] - println("page2: " + page2): null

27-11-2024T10:32:57 - [TEST_STEP][PASSED] - file = findTestData("PlanFact").getValue(4, a): null

27-11-2024T10:32:57 - [TEST_STEP][PASSED] - file = file.replace(",", "."): null

27-11-2024T10:32:57 - [TEST_STEP][PASSED] - println("file Plan: " + file): null

27-11-2024T10:32:57 - [TEST_STEP][PASSED] - typeOfData = "План в процентах": null

27-11-2024T10:32:57 - [TEST_STEP][PASSED] - fileDouble = file.toDouble(): null

27-11-2024T10:32:57 - [TEST_STEP][PASSED] - pageDouble = page1.toDouble(): null

27-11-2024T10:32:57 - [TEST_STEP][PASSED] - if (fileDouble != pageDouble): null

27-11-2024T10:32:57 - [TEST_STEP][PASSED] - file = findTestData("PlanFact").getValue(7, a): null

27-11-2024T10:32:57 - [TEST_STEP][PASSED] - file = file.replace(",", "."): null

27-11-2024T10:32:57 - [TEST_STEP][PASSED] - println("file Fact: " + file): null

27-11-2024T10:32:57 - [TEST_STEP][PASSED] - fileDouble = file.toDouble(): null

27-11-2024T10:32:57 - [TEST_STEP][PASSED] - typeOfData = "Факт в процентах": null

27-11-2024T10:32:57 - [TEST_STEP][PASSED] - fileDouble = file.toDouble(): null

27-11-2024T10:32:57 - [TEST_STEP][PASSED] - pageDouble = page2.toDouble(): null

27-11-2024T10:32:57 - [TEST_STEP][PASSED] - if (fileDouble != pageDouble): null

27-11-2024T10:32:57 - [TEST_STEP][PASSED] - if (verifyEqual(numberOfErrors, 0) == false): Actual object '0' and expected object '0' are equal

27-11-2024T10:32:57 - [MESSAGE][PASSED] - Actual object '0' and expected object '0' are equal

27-11-2024T10:32:57 - [TEST_STEP][PASSED] - if (a == 82): null

27-11-2024T10:32:57 - [TEST_STEP][PASSED] - println(dzoNum): null

27-11-2024T10:32:57 - [TEST_STEP][PASSED] - dZO = "АО «Чеченэнерго»": null

27-11-2024T10:32:57 - [TEST_STEP][PASSED] - a = 72: null

27-11-2024T10:32:57 - [TEST_STEP][PASSED] - if (x1.contains(dZO)): null

27-11-2024T10:32:57 - [TEST_STEP][PASSED] - dzoNum = dzoNum + 1: null

27-11-2024T10:32:57 - [TEST_STEP][PASSED] - Script1718980020443.Numbers(a, typeOfData, todaysDate, pageInt, fileInt, pageDouble, fileDouble, dZO, dzoNum, filialNum): null

27-11-2024T10:32:57 - [TEST_STEP][PASSED] - println(dzoNum): null

27-11-2024T10:32:57 - [TEST_STEP][PASSED] - planFact = <not implemented yet for class: org.codehaus.groovy.ast.expr.EmptyExpression>: null

27-11-2024T10:32:57 - [TEST_STEP][PASSED] - page = <not implemented yet for class: org.codehaus.groovy.ast.expr.EmptyExpression>: null

27-11-2024T10:32:57 - [TEST_STEP][PASSED] - page1 = <not implemented yet for class: org.codehaus.groovy.ast.expr.EmptyExpression>: null

27-11-2024T10:32:57 - [TEST_STEP][PASSED] - page2 = <not implemented yet for class: org.codehaus.groovy.ast.expr.EmptyExpression>: null

27-11-2024T10:32:57 - [TEST_STEP][PASSED] - filialNumberInRow = <not implemented yet for class: org.codehaus.groovy.ast.expr.EmptyExpression>: null

27-11-2024T10:32:57 - [TEST_STEP][PASSED] - filialsDzoNames = <not implemented yet for class: org.codehaus.groovy.ast.expr.EmptyExpression>: null

27-11-2024T10:32:57 - [TEST_STEP][PASSED] - numberOfFilials = <not implemented yet for class: org.codehaus.groovy.ast.expr.EmptyExpression>: null

27-11-2024T10:32:57 - [TEST_STEP][PASSED] - numberOfSpaces = <not implemented yet for class: org.codehaus.groovy.ast.expr.EmptyExpression>: null

27-11-2024T10:32:57 - [TEST_STEP][PASSED] - file = <not implemented yet for class: org.codehaus.groovy.ast.expr.EmptyExpression>: null

27-11-2024T10:32:57 - [TEST_STEP][PASSED] - otpusk = <not implemented yet for class: org.codehaus.groovy.ast.expr.EmptyExpression>: null

27-11-2024T10:32:57 - [TEST_STEP][PASSED] - poteri = <not implemented yet for class: org.codehaus.groovy.ast.expr.EmptyExpression>: null

27-11-2024T10:32:57 - [TEST_STEP][PASSED] - dataFolder = "Выполнение бизнес-плана/Значения со страницы Выполнение бизнес-плана/": null

27-11-2024T10:32:57 - [TEST_STEP][PASSED] - path = <not implemented yet for class: org.codehaus.groovy.ast.expr.EmptyExpression>: null

27-11-2024T10:32:57 - [TEST_STEP][PASSED] - typeOfDataMain = <not implemented yet for class: org.codehaus.groovy.ast.expr.EmptyExpression>: null

27-11-2024T10:32:57 - [TEST_STEP][PASSED] - fileOtpuskVSet = <not implemented yet for class: org.codehaus.groovy.ast.expr.EmptyExpression>: null

27-11-2024T10:32:57 - [TEST_STEP][PASSED] - pageOtpuskVSet = <not implemented yet for class: org.codehaus.groovy.ast.expr.EmptyExpression>: null

27-11-2024T10:32:57 - [TEST_STEP][PASSED] - filePoteri = <not implemented yet for class: org.codehaus.groovy.ast.expr.EmptyExpression>: null

27-11-2024T10:32:57 - [TEST_STEP][PASSED] - pagePoteri = <not implemented yet for class: org.codehaus.groovy.ast.expr.EmptyExpression>: null

27-11-2024T10:32:57 - [TEST_STEP][PASSED] - compare = <not implemented yet for class: org.codehaus.groovy.ast.expr.EmptyExpression>: null

27-11-2024T10:32:57 - [TEST_STEP][PASSED] - b = <not implemented yet for class: org.codehaus.groovy.ast.expr.EmptyExpression>: null

27-11-2024T10:32:57 - [TEST_STEP][PASSED] - i = <not implemented yet for class: org.codehaus.groovy.ast.expr.EmptyExpression>: null

27-11-2024T10:32:57 - [TEST_STEP][PASSED] - ii = <not implemented yet for class: org.codehaus.groovy.ast.expr.EmptyExpression>: null

27-11-2024T10:32:57 - [TEST_STEP][PASSED] - c = <not implemented yet for class: org.codehaus.groovy.ast.expr.EmptyExpression>: null

27-11-2024T10:32:57 - [TEST_STEP][PASSED] - numberOfErrors = 0: null

27-11-2024T10:32:57 - [TEST_STEP][PASSED] - if (a == 82): null

27-11-2024T10:32:57 - [TEST_STEP][PASSED] - b = findTestData("PlanFact").getValue(1, a): null

27-11-2024T10:32:58 - [TEST_STEP][PASSED] - i = b.indexOf(" (ГК)"): null

27-11-2024T10:32:58 - [TEST_STEP][PASSED] - if (i > -1): null

27-11-2024T10:32:58 - [TEST_STEP][PASSED] - i = b.indexOf("О ""): null

27-11-2024T10:32:58 - [TEST_STEP][PASSED] - if (i > -1): null

27-11-2024T10:32:58 - [TEST_STEP][PASSED] - b = b.substring(i + 3, b.length()): null

27-11-2024T10:32:58 - [TEST_STEP][PASSED] - i = b.indexOf("""): null

27-11-2024T10:32:58 - [TEST_STEP][PASSED] - b = b.substring(0, i): null

27-11-2024T10:32:58 - [TEST_STEP][PASSED] - b = b.trim(): null

27-11-2024T10:32:58 - [TEST_STEP][PASSED] - i = b.indexOf("О «"): null

27-11-2024T10:32:58 - [TEST_STEP][PASSED] - if (i > -1): null

27-11-2024T10:32:58 - [TEST_STEP][PASSED] - i = b.indexOf("г. "): null

27-11-2024T10:32:58 - [TEST_STEP][PASSED] - if (i > -1): null

27-11-2024T10:32:58 - [TEST_STEP][PASSED] - println(b): null

27-11-2024T10:32:58 - [TEST_STEP][PASSED] - for ([planFact = 1, planFact < 3, (planFact++)]): null

27-11-2024T10:32:58 - [TEST_STEP][PASSED] - if (planFact == 1): null

27-11-2024T10:32:58 - [TEST_STEP][PASSED] - typeOfDataMain = "Факт": null

27-11-2024T10:32:58 - [TEST_STEP][PASSED] - otpusk = findTestData("PlanFact").getValue(5, a): null

27-11-2024T10:32:58 - [TEST_STEP][PASSED] - poteri = findTestData("PlanFact").getValue(6, a): null

27-11-2024T10:32:58 - [TEST_STEP][PASSED] - otpusk = otpusk.replaceAll("\s+", ""): null

27-11-2024T10:32:58 - [TEST_STEP][PASSED] - poteri = poteri.replaceAll("\s+", ""): null

27-11-2024T10:32:58 - [TEST_STEP][PASSED] - typeOfData = typeOfDataMain + " Отпуск в сеть": null

27-11-2024T10:32:58 - [TEST_STEP][PASSED] - if (a == 82): null

27-11-2024T10:32:58 - [TEST_STEP][PASSED] - else if (a == 84): null

27-11-2024T10:32:58 - [TEST_STEP][PASSED] - else if (a == 52 || a == 72 || a == 28 || a == 73 || a == 77 || a == 74 || a == 65 || a == 36 || a == 44 || a == 53 || a == 80 || a == 54 || a == 1 || a == 18 || a == 59 || a == 81): null

27-11-2024T10:32:58 - [TEST_STEP][PASSED] - path = dataFolder + "Table Data/" + typeOfData + " за отчётный период " + dzoNum: null

27-11-2024T10:32:58 - [TEST_STEP][PASSED] - println(path): null

27-11-2024T10:32:58 - [TEST_STEP][PASSED] - page = getText(findTestObject(path)): Text of object 'Object Repository/Выполнение бизнес-плана/Значения со страницы Выполнение бизнес-плана/Table Data/Факт Отпуск в сеть за отчётный период 2' is: '3 034 612'

27-11-2024T10:32:58 - [MESSAGE][PASSED] - Text of object 'Object Repository/Выполнение бизнес-плана/Значения со страницы Выполнение бизнес-плана/Table Data/Факт Отпуск в сеть за отчётный период 2' is: '3 034 612'

27-11-2024T10:32:58 - [TEST_STEP][PASSED] - page = page.replaceAll("\s+", ""): null

27-11-2024T10:32:58 - [TEST_STEP][PASSED] - fileOtpuskVSet = otpusk.toInteger(): null

27-11-2024T10:32:58 - [TEST_STEP][PASSED] - pageOtpuskVSet = page.toInteger(): null

27-11-2024T10:32:58 - [TEST_STEP][PASSED] - typeOfData = typeOfDataMain + " Потери": null

27-11-2024T10:32:58 - [TEST_STEP][PASSED] - if (a == 82): null

27-11-2024T10:32:58 - [TEST_STEP][PASSED] - else if (a == 84): null

27-11-2024T10:32:58 - [TEST_STEP][PASSED] - else if (a == 52 || a == 72 || a == 28 || a == 73 || a == 77 || a == 74 || a == 65 || a == 36 || a == 44 || a == 53 || a == 80 || a == 54 || a == 1 || a == 18 || a == 59 || a == 81): null

27-11-2024T10:32:58 - [TEST_STEP][PASSED] - path = dataFolder + "Table Data/" + typeOfData + " за отчётный период " + dzoNum: null

27-11-2024T10:32:58 - [TEST_STEP][PASSED] - page = getText(findTestObject(path)): Text of object 'Object Repository/Выполнение бизнес-плана/Значения со страницы Выполнение бизнес-плана/Table Data/Факт Потери за отчётный период 2' is: '1 110 325'

27-11-2024T10:32:58 - [MESSAGE][PASSED] - Text of object 'Object Repository/Выполнение бизнес-плана/Значения со страницы Выполнение бизнес-плана/Table Data/Факт Потери за отчётный период 2' is: '1 110 325'

27-11-2024T10:32:58 - [TEST_STEP][PASSED] - page = page.replaceAll("\s+", ""): null

27-11-2024T10:32:58 - [TEST_STEP][PASSED] - filePoteri = poteri.toInteger(): null

27-11-2024T10:32:58 - [TEST_STEP][PASSED] - pagePoteri = page.toInteger(): null

27-11-2024T10:32:58 - [TEST_STEP][PASSED] - compare = pageOtpuskVSet: null

27-11-2024T10:32:58 - [TEST_STEP][PASSED] - if (compare == fileOtpuskVSet): null

27-11-2024T10:32:58 - [TEST_STEP][PASSED] - else if (compare > fileOtpuskVSet): null

27-11-2024T10:32:58 - [TEST_STEP][PASSED] - compare = compare - 1: null

27-11-2024T10:32:58 - [TEST_STEP][PASSED] - if (compare == fileOtpuskVSet): null

27-11-2024T10:32:58 - [TEST_STEP][PASSED] - else: null

27-11-2024T10:32:58 - [TEST_STEP][PASSED] - numberOfErrors = numberOfErrors + 1: null

27-11-2024T10:32:58 - [TEST_STEP][PASSED] - pageInt = pageOtpuskVSet: null

27-11-2024T10:32:58 - [TEST_STEP][PASSED] - fileInt = fileOtpuskVSet: null

27-11-2024T10:32:58 - [TEST_STEP][PASSED] - typeOfData = typeOfDataMain + " Отпуск в сеть": null

27-11-2024T10:32:58 - [TEST_STEP][PASSED] - Script1718980020443.WriteToExcel(a, typeOfData, todaysDate, pageInt, fileInt, pageDouble, fileDouble, dZO): null

27-11-2024T10:32:58 - [TEST_STEP][PASSED] - sheetName = "Sheet1": null

27-11-2024T10:32:58 - [TEST_STEP][PASSED] - data = findTestData("PlanFact"): null

27-11-2024T10:32:58 - [TEST_STEP][PASSED] - n = data.getRowNumbers() + 1: null

27-11-2024T10:32:58 - [TEST_STEP][PASSED] - year = todaysDate.substring(todaysDate.length() - 4, todaysDate.length()): null

27-11-2024T10:32:58 - [TEST_STEP][PASSED] - y = year.toInteger(): null

27-11-2024T10:32:58 - [TEST_STEP][PASSED] - m = getText(findTestObject("Выполнение бизнес-плана/Период")): Text of object 'Object Repository/Выполнение бизнес-плана/Период' is: '1, 2, 3 кв. 2024 года'

27-11-2024T10:32:59 - [MESSAGE][PASSED] - Text of object 'Object Repository/Выполнение бизнес-плана/Период' is: '1, 2, 3 кв. 2024 года'

27-11-2024T10:32:59 - [TEST_STEP][PASSED] - m = m.substring(0, m.indexOf("2024")): null

27-11-2024T10:32:59 - [TEST_STEP][PASSED] - m = m.trim(): null

27-11-2024T10:32:59 - [TEST_STEP][PASSED] - dashboardName = "Выполнение бизнес-плана": null

27-11-2024T10:32:59 - [TEST_STEP][PASSED] - workbook01 = getWorkbook(excelFilePath): null

27-11-2024T10:32:59 - [TEST_STEP][PASSED] - sheet01 = getExcelSheet(workbook01, sheetName): null

27-11-2024T10:32:59 - [TEST_STEP][PASSED] - setValueToCellByIndex(sheet01, n, 0, dashboardName): null

27-11-2024T10:32:59 - [TEST_STEP][PASSED] - setValueToCellByIndex(sheet01, n, 1, dZO): null

27-11-2024T10:32:59 - [TEST_STEP][PASSED] - setValueToCellByIndex(sheet01, n, 2, typeOfData): null

27-11-2024T10:32:59 - [TEST_STEP][PASSED] - if (typeOfData == "Факт в процентах" || typeOfData == "План в процентах"): null

27-11-2024T10:32:59 - [TEST_STEP][PASSED] - else: null

27-11-2024T10:32:59 - [TEST_STEP][PASSED] - setValueToCellByIndex(sheet01, n, 3, fileInt): null

27-11-2024T10:32:59 - [TEST_STEP][PASSED] - setValueToCellByIndex(sheet01, n, 4, pageInt): null

27-11-2024T10:32:59 - [TEST_STEP][PASSED] - setValueToCellByIndex(sheet01, n, 5, m): null

27-11-2024T10:32:59 - [TEST_STEP][PASSED] - setValueToCellByIndex(sheet01, n, 6, y): null

27-11-2024T10:32:59 - [TEST_STEP][PASSED] - setValueToCellByIndex(sheet01, n, 7, todaysDate): null

27-11-2024T10:32:59 - [TEST_STEP][PASSED] - n = n + 1: null

27-11-2024T10:32:59 - [TEST_STEP][PASSED] - saveWorkbook(excelFilePath, workbook01): null

27-11-2024T10:32:59 - [TEST_STEP][PASSED] - compare = pagePoteri: null

27-11-2024T10:32:59 - [TEST_STEP][PASSED] - if (compare == filePoteri): null

27-11-2024T10:32:59 - [TEST_STEP][PASSED] - else if (compare > filePoteri): null

27-11-2024T10:32:59 - [TEST_STEP][PASSED] - compare = compare - 1: null

27-11-2024T10:32:59 - [TEST_STEP][PASSED] - if (compare == filePoteri): null

27-11-2024T10:32:59 - [TEST_STEP][PASSED] - else: null

27-11-2024T10:32:59 - [TEST_STEP][PASSED] - numberOfErrors = numberOfErrors + 1: null

27-11-2024T10:32:59 - [TEST_STEP][PASSED] - pageInt = pagePoteri: null

27-11-2024T10:32:59 - [TEST_STEP][PASSED] - fileInt = filePoteri: null

27-11-2024T10:32:59 - [TEST_STEP][PASSED] - typeOfData = typeOfDataMain + " Потери": null

27-11-2024T10:32:59 - [TEST_STEP][PASSED] - Script1718980020443.WriteToExcel(a, typeOfData, todaysDate, pageInt, fileInt, pageDouble, fileDouble, dZO): null

27-11-2024T10:32:59 - [TEST_STEP][PASSED] - sheetName = "Sheet1": null

27-11-2024T10:32:59 - [TEST_STEP][PASSED] - data = findTestData("PlanFact"): null

27-11-2024T10:32:59 - [TEST_STEP][PASSED] - n = data.getRowNumbers() + 1: null

27-11-2024T10:32:59 - [TEST_STEP][PASSED] - year = todaysDate.substring(todaysDate.length() - 4, todaysDate.length()): null

27-11-2024T10:32:59 - [TEST_STEP][PASSED] - y = year.toInteger(): null

27-11-2024T10:32:59 - [TEST_STEP][PASSED] - m = getText(findTestObject("Выполнение бизнес-плана/Период")): Text of object 'Object Repository/Выполнение бизнес-плана/Период' is: '1, 2, 3 кв. 2024 года'

27-11-2024T10:32:59 - [MESSAGE][PASSED] - Text of object 'Object Repository/Выполнение бизнес-плана/Период' is: '1, 2, 3 кв. 2024 года'

27-11-2024T10:32:59 - [TEST_STEP][PASSED] - m = m.substring(0, m.indexOf("2024")): null

27-11-2024T10:32:59 - [TEST_STEP][PASSED] - m = m.trim(): null

27-11-2024T10:32:59 - [TEST_STEP][PASSED] - dashboardName = "Выполнение бизнес-плана": null

27-11-2024T10:32:59 - [TEST_STEP][PASSED] - workbook01 = getWorkbook(excelFilePath): null

27-11-2024T10:32:59 - [TEST_STEP][PASSED] - sheet01 = getExcelSheet(workbook01, sheetName): null

27-11-2024T10:32:59 - [TEST_STEP][PASSED] - setValueToCellByIndex(sheet01, n, 0, dashboardName): null

27-11-2024T10:32:59 - [TEST_STEP][PASSED] - setValueToCellByIndex(sheet01, n, 1, dZO): null

27-11-2024T10:32:59 - [TEST_STEP][PASSED] - setValueToCellByIndex(sheet01, n, 2, typeOfData): null

27-11-2024T10:32:59 - [TEST_STEP][PASSED] - if (typeOfData == "Факт в процентах" || typeOfData == "План в процентах"): null

27-11-2024T10:32:59 - [TEST_STEP][PASSED] - else: null

27-11-2024T10:32:59 - [TEST_STEP][PASSED] - setValueToCellByIndex(sheet01, n, 3, fileInt): null

27-11-2024T10:32:59 - [TEST_STEP][PASSED] - setValueToCellByIndex(sheet01, n, 4, pageInt): null

27-11-2024T10:32:59 - [TEST_STEP][PASSED] - setValueToCellByIndex(sheet01, n, 5, m): null

27-11-2024T10:32:59 - [TEST_STEP][PASSED] - setValueToCellByIndex(sheet01, n, 6, y): null

27-11-2024T10:32:59 - [TEST_STEP][PASSED] - setValueToCellByIndex(sheet01, n, 7, todaysDate): null

27-11-2024T10:32:59 - [TEST_STEP][PASSED] - n = n + 1: null

27-11-2024T10:32:59 - [TEST_STEP][PASSED] - saveWorkbook(excelFilePath, workbook01): null

27-11-2024T10:33:00 - [TEST_STEP][PASSED] - if (planFact == 2): null

27-11-2024T10:33:00 - [TEST_STEP][PASSED] - if (planFact == 1): null

27-11-2024T10:33:00 - [TEST_STEP][PASSED] - else if (planFact == 2): null

27-11-2024T10:33:00 - [TEST_STEP][PASSED] - click(findTestObject("Выполнение бизнес-плана/Кнопка План")): Object: 'Object Repository/Выполнение бизнес-плана/Кнопка План' is clicked on

27-11-2024T10:33:00 - [MESSAGE][PASSED] - Object: 'Object Repository/Выполнение бизнес-плана/Кнопка План' is clicked on

27-11-2024T10:33:00 - [TEST_STEP][PASSED] - typeOfDataMain = "План": null

27-11-2024T10:33:00 - [TEST_STEP][PASSED] - otpusk = findTestData("PlanFact").getValue(2, a): null

27-11-2024T10:33:00 - [TEST_STEP][PASSED] - poteri = findTestData("PlanFact").getValue(3, a): null

27-11-2024T10:33:00 - [TEST_STEP][PASSED] - otpusk = otpusk.replaceAll("\s+", ""): null

27-11-2024T10:33:00 - [TEST_STEP][PASSED] - poteri = poteri.replaceAll("\s+", ""): null

27-11-2024T10:33:00 - [TEST_STEP][PASSED] - typeOfData = typeOfDataMain + " Отпуск в сеть": null

27-11-2024T10:33:00 - [TEST_STEP][PASSED] - if (a == 82): null

27-11-2024T10:33:00 - [TEST_STEP][PASSED] - else if (a == 84): null

27-11-2024T10:33:00 - [TEST_STEP][PASSED] - else if (a == 52 || a == 72 || a == 28 || a == 73 || a == 77 || a == 74 || a == 65 || a == 36 || a == 44 || a == 53 || a == 80 || a == 54 || a == 1 || a == 18 || a == 59 || a == 81): null

27-11-2024T10:33:00 - [TEST_STEP][PASSED] - path = dataFolder + "Table Data/" + typeOfData + " за отчётный период " + dzoNum: null

27-11-2024T10:33:00 - [TEST_STEP][PASSED] - println(path): null

27-11-2024T10:33:00 - [TEST_STEP][PASSED] - page = getText(findTestObject(path)): Text of object 'Object Repository/Выполнение бизнес-плана/Значения со страницы Выполнение бизнес-плана/Table Data/План Отпуск в сеть за отчётный период 2' is: '2 822 152'

27-11-2024T10:33:00 - [MESSAGE][PASSED] - Text of object 'Object Repository/Выполнение бизнес-плана/Значения со страницы Выполнение бизнес-плана/Table Data/План Отпуск в сеть за отчётный период 2' is: '2 822 152'

27-11-2024T10:33:00 - [TEST_STEP][PASSED] - page = page.replaceAll("\s+", ""): null

27-11-2024T10:33:00 - [TEST_STEP][PASSED] - fileOtpuskVSet = otpusk.toInteger(): null

27-11-2024T10:33:00 - [TEST_STEP][PASSED] - pageOtpuskVSet = page.toInteger(): null

27-11-2024T10:33:00 - [TEST_STEP][PASSED] - typeOfData = typeOfDataMain + " Потери": null

27-11-2024T10:33:00 - [TEST_STEP][PASSED] - if (a == 82): null

27-11-2024T10:33:00 - [TEST_STEP][PASSED] - else if (a == 84): null

27-11-2024T10:33:00 - [TEST_STEP][PASSED] - else if (a == 52 || a == 72 || a == 28 || a == 73 || a == 77 || a == 74 || a == 65 || a == 36 || a == 44 || a == 53 || a == 80 || a == 54 || a == 1 || a == 18 || a == 59 || a == 81): null

27-11-2024T10:33:00 - [TEST_STEP][PASSED] - path = dataFolder + "Table Data/" + typeOfData + " за отчётный период " + dzoNum: null

27-11-2024T10:33:00 - [TEST_STEP][PASSED] - page = getText(findTestObject(path)): Text of object 'Object Repository/Выполнение бизнес-плана/Значения со страницы Выполнение бизнес-плана/Table Data/План Потери за отчётный период 2' is: '927 705'

27-11-2024T10:33:01 - [MESSAGE][PASSED] - Text of object 'Object Repository/Выполнение бизнес-плана/Значения со страницы Выполнение бизнес-плана/Table Data/План Потери за отчётный период 2' is: '927 705'

27-11-2024T10:33:01 - [TEST_STEP][PASSED] - page = page.replaceAll("\s+", ""): null

27-11-2024T10:33:01 - [TEST_STEP][PASSED] - filePoteri = poteri.toInteger(): null

27-11-2024T10:33:01 - [TEST_STEP][PASSED] - pagePoteri = page.toInteger(): null

27-11-2024T10:33:01 - [TEST_STEP][PASSED] - compare = pageOtpuskVSet: null

27-11-2024T10:33:01 - [TEST_STEP][PASSED] - if (compare == fileOtpuskVSet): null

27-11-2024T10:33:01 - [TEST_STEP][PASSED] - else if (compare > fileOtpuskVSet): null

27-11-2024T10:33:01 - [TEST_STEP][PASSED] - compare = compare - 1: null

27-11-2024T10:33:01 - [TEST_STEP][PASSED] - if (compare == fileOtpuskVSet): null

27-11-2024T10:33:01 - [TEST_STEP][PASSED] - else: null

27-11-2024T10:33:01 - [TEST_STEP][PASSED] - numberOfErrors = numberOfErrors + 1: null

27-11-2024T10:33:01 - [TEST_STEP][PASSED] - pageInt = pageOtpuskVSet: null

27-11-2024T10:33:01 - [TEST_STEP][PASSED] - fileInt = fileOtpuskVSet: null

27-11-2024T10:33:01 - [TEST_STEP][PASSED] - typeOfData = typeOfDataMain + " Отпуск в сеть": null

27-11-2024T10:33:01 - [TEST_STEP][PASSED] - Script1718980020443.WriteToExcel(a, typeOfData, todaysDate, pageInt, fileInt, pageDouble, fileDouble, dZO): null

27-11-2024T10:33:01 - [TEST_STEP][PASSED] - sheetName = "Sheet1": null

27-11-2024T10:33:01 - [TEST_STEP][PASSED] - data = findTestData("PlanFact"): null

27-11-2024T10:33:01 - [TEST_STEP][PASSED] - n = data.getRowNumbers() + 1: null

27-11-2024T10:33:01 - [TEST_STEP][PASSED] - year = todaysDate.substring(todaysDate.length() - 4, todaysDate.length()): null

27-11-2024T10:33:01 - [TEST_STEP][PASSED] - y = year.toInteger(): null

27-11-2024T10:33:01 - [TEST_STEP][PASSED] - m = getText(findTestObject("Выполнение бизнес-плана/Период")): Text of object 'Object Repository/Выполнение бизнес-плана/Период' is: '1, 2, 3 кв. 2024 года'

27-11-2024T10:33:01 - [MESSAGE][PASSED] - Text of object 'Object Repository/Выполнение бизнес-плана/Период' is: '1, 2, 3 кв. 2024 года'

27-11-2024T10:33:01 - [TEST_STEP][PASSED] - m = m.substring(0, m.indexOf("2024")): null

27-11-2024T10:33:01 - [TEST_STEP][PASSED] - m = m.trim(): null

27-11-2024T10:33:01 - [TEST_STEP][PASSED] - dashboardName = "Выполнение бизнес-плана": null

27-11-2024T10:33:01 - [TEST_STEP][PASSED] - workbook01 = getWorkbook(excelFilePath): null

27-11-2024T10:33:01 - [TEST_STEP][PASSED] - sheet01 = getExcelSheet(workbook01, sheetName): null

27-11-2024T10:33:01 - [TEST_STEP][PASSED] - setValueToCellByIndex(sheet01, n, 0, dashboardName): null

27-11-2024T10:33:01 - [TEST_STEP][PASSED] - setValueToCellByIndex(sheet01, n, 1, dZO): null

27-11-2024T10:33:01 - [TEST_STEP][PASSED] - setValueToCellByIndex(sheet01, n, 2, typeOfData): null

27-11-2024T10:33:01 - [TEST_STEP][PASSED] - if (typeOfData == "Факт в процентах" || typeOfData == "План в процентах"): null

27-11-2024T10:33:01 - [TEST_STEP][PASSED] - else: null

27-11-2024T10:33:01 - [TEST_STEP][PASSED] - setValueToCellByIndex(sheet01, n, 3, fileInt): null

27-11-2024T10:33:01 - [TEST_STEP][PASSED] - setValueToCellByIndex(sheet01, n, 4, pageInt): null

27-11-2024T10:33:01 - [TEST_STEP][PASSED] - setValueToCellByIndex(sheet01, n, 5, m): null

27-11-2024T10:33:01 - [TEST_STEP][PASSED] - setValueToCellByIndex(sheet01, n, 6, y): null

27-11-2024T10:33:01 - [TEST_STEP][PASSED] - setValueToCellByIndex(sheet01, n, 7, todaysDate): null

27-11-2024T10:33:01 - [TEST_STEP][PASSED] - n = n + 1: null

27-11-2024T10:33:01 - [TEST_STEP][PASSED] - saveWorkbook(excelFilePath, workbook01): null

27-11-2024T10:33:01 - [TEST_STEP][PASSED] - compare = pagePoteri: null

27-11-2024T10:33:01 - [TEST_STEP][PASSED] - if (compare == filePoteri): null

27-11-2024T10:33:01 - [TEST_STEP][PASSED] - else if (compare > filePoteri): null

27-11-2024T10:33:01 - [TEST_STEP][PASSED] - compare = compare - 1: null

27-11-2024T10:33:01 - [TEST_STEP][PASSED] - if (compare == filePoteri): null

27-11-2024T10:33:01 - [TEST_STEP][PASSED] - else: null

27-11-2024T10:33:01 - [TEST_STEP][PASSED] - numberOfErrors = numberOfErrors + 1: null

27-11-2024T10:33:01 - [TEST_STEP][PASSED] - pageInt = pagePoteri: null

27-11-2024T10:33:01 - [TEST_STEP][PASSED] - fileInt = filePoteri: null

27-11-2024T10:33:01 - [TEST_STEP][PASSED] - typeOfData = typeOfDataMain + " Потери": null

27-11-2024T10:33:01 - [TEST_STEP][PASSED] - Script1718980020443.WriteToExcel(a, typeOfData, todaysDate, pageInt, fileInt, pageDouble, fileDouble, dZO): null

27-11-2024T10:33:01 - [TEST_STEP][PASSED] - sheetName = "Sheet1": null

27-11-2024T10:33:01 - [TEST_STEP][PASSED] - data = findTestData("PlanFact"): null

27-11-2024T10:33:01 - [TEST_STEP][PASSED] - n = data.getRowNumbers() + 1: null

27-11-2024T10:33:01 - [TEST_STEP][PASSED] - year = todaysDate.substring(todaysDate.length() - 4, todaysDate.length()): null

27-11-2024T10:33:01 - [TEST_STEP][PASSED] - y = year.toInteger(): null

27-11-2024T10:33:01 - [TEST_STEP][PASSED] - m = getText(findTestObject("Выполнение бизнес-плана/Период")): Text of object 'Object Repository/Выполнение бизнес-плана/Период' is: '1, 2, 3 кв. 2024 года'

27-11-2024T10:33:02 - [MESSAGE][PASSED] - Text of object 'Object Repository/Выполнение бизнес-плана/Период' is: '1, 2, 3 кв. 2024 года'

27-11-2024T10:33:02 - [TEST_STEP][PASSED] - m = m.substring(0, m.indexOf("2024")): null

27-11-2024T10:33:02 - [TEST_STEP][PASSED] - m = m.trim(): null

27-11-2024T10:33:02 - [TEST_STEP][PASSED] - dashboardName = "Выполнение бизнес-плана": null

27-11-2024T10:33:02 - [TEST_STEP][PASSED] - workbook01 = getWorkbook(excelFilePath): null

27-11-2024T10:33:02 - [TEST_STEP][PASSED] - sheet01 = getExcelSheet(workbook01, sheetName): null

27-11-2024T10:33:02 - [TEST_STEP][PASSED] - setValueToCellByIndex(sheet01, n, 0, dashboardName): null

27-11-2024T10:33:02 - [TEST_STEP][PASSED] - setValueToCellByIndex(sheet01, n, 1, dZO): null

27-11-2024T10:33:02 - [TEST_STEP][PASSED] - setValueToCellByIndex(sheet01, n, 2, typeOfData): null

27-11-2024T10:33:02 - [TEST_STEP][PASSED] - if (typeOfData == "Факт в процентах" || typeOfData == "План в процентах"): null

27-11-2024T10:33:02 - [TEST_STEP][PASSED] - else: null

27-11-2024T10:33:02 - [TEST_STEP][PASSED] - setValueToCellByIndex(sheet01, n, 3, fileInt): null

27-11-2024T10:33:02 - [TEST_STEP][PASSED] - setValueToCellByIndex(sheet01, n, 4, pageInt): null

27-11-2024T10:33:02 - [TEST_STEP][PASSED] - setValueToCellByIndex(sheet01, n, 5, m): null

27-11-2024T10:33:02 - [TEST_STEP][PASSED] - setValueToCellByIndex(sheet01, n, 6, y): null

27-11-2024T10:33:02 - [TEST_STEP][PASSED] - setValueToCellByIndex(sheet01, n, 7, todaysDate): null

27-11-2024T10:33:02 - [TEST_STEP][PASSED] - n = n + 1: null

27-11-2024T10:33:02 - [TEST_STEP][PASSED] - saveWorkbook(excelFilePath, workbook01): Object: 'Object Repository/Выполнение бизнес-плана/Кнопка Факт' is clicked on

27-11-2024T10:33:02 - [TEST_STEP][PASSED] - if (planFact == 2): Object: 'Object Repository/Выполнение бизнес-плана/Кнопка Факт' is clicked on

27-11-2024T10:33:02 - [TEST_STEP][PASSED] - click(findTestObject("Выполнение бизнес-плана/Кнопка Факт")): Object: 'Object Repository/Выполнение бизнес-плана/Кнопка Факт' is clicked on

27-11-2024T10:33:02 - [MESSAGE][PASSED] - Object: 'Object Repository/Выполнение бизнес-плана/Кнопка Факт' is clicked on

27-11-2024T10:33:02 - [TEST_STEP][PASSED] - if (a == 84 || a == 82): null

27-11-2024T10:33:02 - [TEST_STEP][PASSED] - else if (a == 52 || a == 72 || a == 28 || a == 73 || a == 77 || a == 74 || a == 65 || a == 36 || a == 44 || a == 53 || a == 80 || a == 54 || a == 1 || a == 18 || a == 59 || a == 81): null

27-11-2024T10:33:02 - [TEST_STEP][PASSED] - page1 = getText(findTestObject("Object Repository/Выполнение бизнес-плана/spanPlan" + dzoNum)): Text of object 'Object Repository/Выполнение бизнес-плана/spanPlan2' is: '32.87'

27-11-2024T10:33:02 - [MESSAGE][PASSED] - Text of object 'Object Repository/Выполнение бизнес-плана/spanPlan2' is: '32.87'

27-11-2024T10:33:02 - [TEST_STEP][PASSED] - page1 = page1.replace("|", ""): null

27-11-2024T10:33:02 - [TEST_STEP][PASSED] - page2 = getText(findTestObject("Object Repository/Выполнение бизнес-плана/spanFact" + dzoNum)): Text of object 'Object Repository/Выполнение бизнес-плана/spanFact2' is: '36.59
|'

27-11-2024T10:33:03 - [MESSAGE][PASSED] - Text of object 'Object Repository/Выполнение бизнес-плана/spanFact2' is: '36.59
|'

27-11-2024T10:33:03 - [TEST_STEP][PASSED] - page2 = page2.replace("|", ""): null

27-11-2024T10:33:03 - [TEST_STEP][PASSED] - println("page1: " + page1): null

27-11-2024T10:33:03 - [TEST_STEP][PASSED] - println("page2: " + page2): null

27-11-2024T10:33:03 - [TEST_STEP][PASSED] - file = findTestData("PlanFact").getValue(4, a): null

27-11-2024T10:33:03 - [TEST_STEP][PASSED] - file = file.replace(",", "."): null

27-11-2024T10:33:03 - [TEST_STEP][PASSED] - println("file Plan: " + file): null

27-11-2024T10:33:03 - [TEST_STEP][PASSED] - typeOfData = "План в процентах": null

27-11-2024T10:33:03 - [TEST_STEP][PASSED] - fileDouble = file.toDouble(): null

27-11-2024T10:33:03 - [TEST_STEP][PASSED] - pageDouble = page1.toDouble(): null

27-11-2024T10:33:03 - [TEST_STEP][PASSED] - if (fileDouble != pageDouble): null

27-11-2024T10:33:03 - [TEST_STEP][PASSED] - numberOfErrors = numberOfErrors + 1: null

27-11-2024T10:33:03 - [TEST_STEP][PASSED] - Script1718980020443.WriteToExcel(a, typeOfData, todaysDate, pageInt, fileInt, pageDouble, fileDouble, dZO): null

27-11-2024T10:33:03 - [TEST_STEP][PASSED] - sheetName = "Sheet1": null

27-11-2024T10:33:03 - [TEST_STEP][PASSED] - data = findTestData("PlanFact"): null

27-11-2024T10:33:03 - [TEST_STEP][PASSED] - n = data.getRowNumbers() + 1: null

27-11-2024T10:33:03 - [TEST_STEP][PASSED] - year = todaysDate.substring(todaysDate.length() - 4, todaysDate.length()): null

27-11-2024T10:33:03 - [TEST_STEP][PASSED] - y = year.toInteger(): null

27-11-2024T10:33:03 - [TEST_STEP][PASSED] - m = getText(findTestObject("Выполнение бизнес-плана/Период")): Text of object 'Object Repository/Выполнение бизнес-плана/Период' is: '1, 2, 3 кв. 2024 года'

27-11-2024T10:33:03 - [MESSAGE][PASSED] - Text of object 'Object Repository/Выполнение бизнес-плана/Период' is: '1, 2, 3 кв. 2024 года'

27-11-2024T10:33:03 - [TEST_STEP][PASSED] - m = m.substring(0, m.indexOf("2024")): null

27-11-2024T10:33:03 - [TEST_STEP][PASSED] - m = m.trim(): null

27-11-2024T10:33:03 - [TEST_STEP][PASSED] - dashboardName = "Выполнение бизнес-плана": null

27-11-2024T10:33:03 - [TEST_STEP][PASSED] - workbook01 = getWorkbook(excelFilePath): null

27-11-2024T10:33:03 - [TEST_STEP][PASSED] - sheet01 = getExcelSheet(workbook01, sheetName): null

27-11-2024T10:33:03 - [TEST_STEP][PASSED] - setValueToCellByIndex(sheet01, n, 0, dashboardName): null

27-11-2024T10:33:03 - [TEST_STEP][PASSED] - setValueToCellByIndex(sheet01, n, 1, dZO): null

27-11-2024T10:33:03 - [TEST_STEP][PASSED] - setValueToCellByIndex(sheet01, n, 2, typeOfData): null

27-11-2024T10:33:03 - [TEST_STEP][PASSED] - if (typeOfData == "Факт в процентах" || typeOfData == "План в процентах"): null

27-11-2024T10:33:03 - [TEST_STEP][PASSED] - setValueToCellByIndex(sheet01, n, 3, fileDouble): null

27-11-2024T10:33:03 - [TEST_STEP][PASSED] - setValueToCellByIndex(sheet01, n, 4, pageDouble): null

27-11-2024T10:33:03 - [TEST_STEP][PASSED] - setValueToCellByIndex(sheet01, n, 5, m): null

27-11-2024T10:33:03 - [TEST_STEP][PASSED] - setValueToCellByIndex(sheet01, n, 6, y): null

27-11-2024T10:33:03 - [TEST_STEP][PASSED] - setValueToCellByIndex(sheet01, n, 7, todaysDate): null

27-11-2024T10:33:03 - [TEST_STEP][PASSED] - n = n + 1: null

27-11-2024T10:33:03 - [TEST_STEP][PASSED] - saveWorkbook(excelFilePath, workbook01): null

27-11-2024T10:33:03 - [TEST_STEP][PASSED] - file = findTestData("PlanFact").getValue(7, a): null

27-11-2024T10:33:03 - [TEST_STEP][PASSED] - file = file.replace(",", "."): null

27-11-2024T10:33:03 - [TEST_STEP][PASSED] - println("file Fact: " + file): null

27-11-2024T10:33:03 - [TEST_STEP][PASSED] - fileDouble = file.toDouble(): null

27-11-2024T10:33:03 - [TEST_STEP][PASSED] - typeOfData = "Факт в процентах": null

27-11-2024T10:33:03 - [TEST_STEP][PASSED] - fileDouble = file.toDouble(): null

27-11-2024T10:33:03 - [TEST_STEP][PASSED] - pageDouble = page2.toDouble(): null

27-11-2024T10:33:03 - [TEST_STEP][PASSED] - if (fileDouble != pageDouble): null

27-11-2024T10:33:03 - [TEST_STEP][PASSED] - numberOfErrors = numberOfErrors + 1: null

27-11-2024T10:33:03 - [TEST_STEP][PASSED] - Script1718980020443.WriteToExcel(a, typeOfData, todaysDate, pageInt, fileInt, pageDouble, fileDouble, dZO): null

27-11-2024T10:33:03 - [TEST_STEP][PASSED] - sheetName = "Sheet1": null

27-11-2024T10:33:03 - [TEST_STEP][PASSED] - data = findTestData("PlanFact"): null

27-11-2024T10:33:04 - [TEST_STEP][PASSED] - n = data.getRowNumbers() + 1: null

27-11-2024T10:33:04 - [TEST_STEP][PASSED] - year = todaysDate.substring(todaysDate.length() - 4, todaysDate.length()): null

27-11-2024T10:33:04 - [TEST_STEP][PASSED] - y = year.toInteger(): null

27-11-2024T10:33:04 - [TEST_STEP][PASSED] - m = getText(findTestObject("Выполнение бизнес-плана/Период")): Text of object 'Object Repository/Выполнение бизнес-плана/Период' is: '1, 2, 3 кв. 2024 года'

27-11-2024T10:33:04 - [MESSAGE][PASSED] - Text of object 'Object Repository/Выполнение бизнес-плана/Период' is: '1, 2, 3 кв. 2024 года'

27-11-2024T10:33:04 - [TEST_STEP][PASSED] - m = m.substring(0, m.indexOf("2024")): null

27-11-2024T10:33:04 - [TEST_STEP][PASSED] - m = m.trim(): null

27-11-2024T10:33:04 - [TEST_STEP][PASSED] - dashboardName = "Выполнение бизнес-плана": null

27-11-2024T10:33:04 - [TEST_STEP][PASSED] - workbook01 = getWorkbook(excelFilePath): null

27-11-2024T10:33:04 - [TEST_STEP][PASSED] - sheet01 = getExcelSheet(workbook01, sheetName): null

27-11-2024T10:33:04 - [TEST_STEP][PASSED] - setValueToCellByIndex(sheet01, n, 0, dashboardName): null

27-11-2024T10:33:04 - [TEST_STEP][PASSED] - setValueToCellByIndex(sheet01, n, 1, dZO): null

27-11-2024T10:33:04 - [TEST_STEP][PASSED] - setValueToCellByIndex(sheet01, n, 2, typeOfData): null

27-11-2024T10:33:04 - [TEST_STEP][PASSED] - if (typeOfData == "Факт в процентах" || typeOfData == "План в процентах"): null

27-11-2024T10:33:04 - [TEST_STEP][PASSED] - setValueToCellByIndex(sheet01, n, 3, fileDouble): null

27-11-2024T10:33:04 - [TEST_STEP][PASSED] - setValueToCellByIndex(sheet01, n, 4, pageDouble): null

27-11-2024T10:33:04 - [TEST_STEP][PASSED] - setValueToCellByIndex(sheet01, n, 5, m): null

27-11-2024T10:33:04 - [TEST_STEP][PASSED] - setValueToCellByIndex(sheet01, n, 6, y): null

27-11-2024T10:33:04 - [TEST_STEP][PASSED] - setValueToCellByIndex(sheet01, n, 7, todaysDate): null

27-11-2024T10:33:04 - [TEST_STEP][PASSED] - n = n + 1: null

27-11-2024T10:33:04 - [TEST_STEP][PASSED] - saveWorkbook(excelFilePath, workbook01): null

27-11-2024T10:33:04 - [TEST_STEP][FAILED] - if (verifyEqual(numberOfErrors, 0) == false): null

27-11-2024T10:33:04 - [MESSAGE][FAILED] - Unable to verify equal between actual object '6' and expected object '0' (Root cause: com.kms.katalon.core.exception.StepFailedException: Actual object '6' and expected object '0' are not equal
	at com.kms.katalon.core.keyword.builtin.VerifyEqualKeyword$_verifyEqual_closure1.doCall(VerifyEqualKeyword.groovy:58)
	at com.kms.katalon.core.keyword.builtin.VerifyEqualKeyword$_verifyEqual_closure1.call(VerifyEqualKeyword.groovy)
	at com.kms.katalon.core.keyword.internal.KeywordMain.runKeyword(KeywordMain.groovy:75)
	at com.kms.katalon.core.keyword.builtin.VerifyEqualKeyword.verifyEqual(VerifyEqualKeyword.groovy:63)
	at com.kms.katalon.core.keyword.builtin.VerifyEqualKeyword.execute(VerifyEqualKeyword.groovy:44)
	at com.kms.katalon.core.keyword.internal.KeywordExecutor.executeKeywordForPlatform(KeywordExecutor.groovy:74)
	at com.kms.katalon.core.keyword.BuiltinKeywords.verifyEqual(BuiltinKeywords.groovy:146)
	at java.base/jdk.internal.reflect.NativeMethodAccessorImpl.invoke0(Native Method)
	at java.base/jdk.internal.reflect.NativeMethodAccessorImpl.invoke(NativeMethodAccessorImpl.java:77)
	at java.base/jdk.internal.reflect.DelegatingMethodAccessorImpl.invoke(DelegatingMethodAccessorImpl.java:43)
	at Выполнение бизнес-плана Сверка ПАО Россети все филиалы.Numbers(Выполнение бизнес-плана Сверка ПАО Россети все филиалы:740)
	at Выполнение бизнес-плана Сверка ПАО Россети все филиалы.run(Выполнение бизнес-плана Сверка ПАО Россети все филиалы:234)
	at com.kms.katalon.core.main.ScriptEngine.run(ScriptEngine.java:194)
	at com.kms.katalon.core.main.ScriptEngine.runScriptAsRawText(ScriptEngine.java:119)
	at com.kms.katalon.core.main.TestCaseExecutor.runScript(TestCaseExecutor.java:448)
	at com.kms.katalon.core.main.TestCaseExecutor.doExecute(TestCaseExecutor.java:439)
	at com.kms.katalon.core.main.TestCaseExecutor.processExecutionPhase(TestCaseExecutor.java:418)
	at com.kms.katalon.core.main.TestCaseExecutor.accessMainPhase(TestCaseExecutor.java:410)
	at com.kms.katalon.core.main.TestCaseExecutor.execute(TestCaseExecutor.java:285)
	at com.kms.katalon.core.common.CommonExecutor.accessTestCaseMainPhase(CommonExecutor.java:65)
	at com.kms.katalon.core.main.TestSuiteExecutor.accessTestSuiteMainPhase(TestSuiteExecutor.java:150)
	at com.kms.katalon.core.main.TestSuiteExecutor.execute(TestSuiteExecutor.java:106)
	at com.kms.katalon.core.main.TestCaseMain.startTestSuite(TestCaseMain.java:180)
	at TempTestSuite1732692359995.run(TempTestSuite1732692359995.groovy:35)
	at java.base/jdk.internal.reflect.NativeMethodAccessorImpl.invoke0(Native Method)
	at java.base/jdk.internal.reflect.NativeMethodAccessorImpl.invoke(NativeMethodAccessorImpl.java:77)
	at java.base/jdk.internal.reflect.DelegatingMethodAccessorImpl.invoke(DelegatingMethodAccessorImpl.java:43)
)

27-11-2024T10:33:04 - [TEST_STEP][PASSED] - println(numberOfErrors): null

27-11-2024T10:33:04 - [TEST_STEP][PASSED] - if (a == 28 || a == 77 || a == 74 || a == 65 || a == 36 || a == 44 || a == 54 || a == 1 || a == 18 || a == 59): null

27-11-2024T10:33:04 - [TEST_STEP][PASSED] - if (a == 82): null

27-11-2024T10:33:04 - [TEST_STEP][PASSED] - println(dzoNum): null

27-11-2024T10:33:04 - [TEST_STEP][PASSED] - a = 28: null

27-11-2024T10:33:04 - [TEST_STEP][PASSED] - dZO = "Россети Волга": null

27-11-2024T10:33:04 - [TEST_STEP][PASSED] - if (x1.contains(dZO)): null

27-11-2024T10:33:04 - [TEST_STEP][PASSED] - else: null

27-11-2024T10:33:04 - [TEST_STEP][PASSED] - Script1718980020443.NoData(a, typeOfData, todaysDate, fileInt, fileDouble, dZO): null

27-11-2024T10:33:04 - [TEST_STEP][PASSED] - println(a): null

27-11-2024T10:33:04 - [TEST_STEP][PASSED] - println(todaysDate): null

27-11-2024T10:33:04 - [TEST_STEP][PASSED] - println(fileInt): null

27-11-2024T10:33:04 - [TEST_STEP][PASSED] - println(fileDouble): null

27-11-2024T10:33:04 - [TEST_STEP][PASSED] - println(dZO): null

27-11-2024T10:33:04 - [TEST_STEP][PASSED] - typeOfData = "Факт Отпуск в сеть": null

27-11-2024T10:33:04 - [TEST_STEP][PASSED] - fileInt = replaceAll("\s+", "").toInteger(): null

27-11-2024T10:33:04 - [TEST_STEP][PASSED] - Script1718980020443.WriteToExcelNoData(a, typeOfData, todaysDate, fileInt, fileDouble, dZO): null

27-11-2024T10:33:04 - [TEST_STEP][PASSED] - sheetName = "Sheet1": null

27-11-2024T10:33:04 - [TEST_STEP][PASSED] - data = findTestData("PlanFact"): null

27-11-2024T10:33:04 - [TEST_STEP][PASSED] - n = data.getRowNumbers() + 1: null

27-11-2024T10:33:04 - [TEST_STEP][PASSED] - year = todaysDate.substring(todaysDate.length() - 4, todaysDate.length()): null

27-11-2024T10:33:04 - [TEST_STEP][PASSED] - y = year.toInteger(): null

27-11-2024T10:33:04 - [TEST_STEP][PASSED] - m = getText(findTestObject("Выполнение бизнес-плана/Период")): Text of object 'Object Repository/Выполнение бизнес-плана/Период' is: '1, 2, 3 кв. 2024 года'

27-11-2024T10:33:05 - [MESSAGE][PASSED] - Text of object 'Object Repository/Выполнение бизнес-плана/Период' is: '1, 2, 3 кв. 2024 года'

27-11-2024T10:33:05 - [TEST_STEP][PASSED] - m = m.substring(0, m.indexOf("2024")): null

27-11-2024T10:33:05 - [TEST_STEP][PASSED] - m = m.trim(): null

27-11-2024T10:33:05 - [TEST_STEP][PASSED] - dashboardName = "Выполнение бизнес-плана": null

27-11-2024T10:33:05 - [TEST_STEP][PASSED] - workbook01 = getWorkbook(excelFilePath): null

27-11-2024T10:33:05 - [TEST_STEP][PASSED] - sheet01 = getExcelSheet(workbook01, sheetName): null

27-11-2024T10:33:05 - [TEST_STEP][PASSED] - setValueToCellByIndex(sheet01, n, 0, dashboardName): null

27-11-2024T10:33:05 - [TEST_STEP][PASSED] - setValueToCellByIndex(sheet01, n, 1, dZO): null

27-11-2024T10:33:05 - [TEST_STEP][PASSED] - setValueToCellByIndex(sheet01, n, 2, typeOfData): null

27-11-2024T10:33:05 - [TEST_STEP][PASSED] - if (typeOfData == "Факт в процентах" || typeOfData == "План в процентах"): null

27-11-2024T10:33:05 - [TEST_STEP][PASSED] - else: null

27-11-2024T10:33:05 - [TEST_STEP][PASSED] - setValueToCellByIndex(sheet01, n, 3, fileInt): null

27-11-2024T10:33:05 - [TEST_STEP][PASSED] - setValueToCellByIndex(sheet01, n, 4, "нет данных"): null

27-11-2024T10:33:05 - [TEST_STEP][PASSED] - setValueToCellByIndex(sheet01, n, 5, m): null

27-11-2024T10:33:05 - [TEST_STEP][PASSED] - setValueToCellByIndex(sheet01, n, 6, y): null

27-11-2024T10:33:05 - [TEST_STEP][PASSED] - setValueToCellByIndex(sheet01, n, 7, todaysDate): null

27-11-2024T10:33:05 - [TEST_STEP][PASSED] - n = n + 1: null

27-11-2024T10:33:05 - [TEST_STEP][PASSED] - saveWorkbook(excelFilePath, workbook01): null

27-11-2024T10:33:05 - [TEST_STEP][PASSED] - typeOfData = "Факт Потери": null

27-11-2024T10:33:05 - [TEST_STEP][PASSED] - fileInt = replaceAll("\s+", "").toInteger(): null

27-11-2024T10:33:05 - [TEST_STEP][PASSED] - Script1718980020443.WriteToExcelNoData(a, typeOfData, todaysDate, fileInt, fileDouble, dZO): null

27-11-2024T10:33:05 - [TEST_STEP][PASSED] - sheetName = "Sheet1": null

27-11-2024T10:33:05 - [TEST_STEP][PASSED] - data = findTestData("PlanFact"): null

27-11-2024T10:33:05 - [TEST_STEP][PASSED] - n = data.getRowNumbers() + 1: null

27-11-2024T10:33:05 - [TEST_STEP][PASSED] - year = todaysDate.substring(todaysDate.length() - 4, todaysDate.length()): null

27-11-2024T10:33:05 - [TEST_STEP][PASSED] - y = year.toInteger(): null

27-11-2024T10:33:05 - [TEST_STEP][PASSED] - m = getText(findTestObject("Выполнение бизнес-плана/Период")): Text of object 'Object Repository/Выполнение бизнес-плана/Период' is: '1, 2, 3 кв. 2024 года'

27-11-2024T10:33:05 - [MESSAGE][PASSED] - Text of object 'Object Repository/Выполнение бизнес-плана/Период' is: '1, 2, 3 кв. 2024 года'

27-11-2024T10:33:05 - [TEST_STEP][PASSED] - m = m.substring(0, m.indexOf("2024")): null

27-11-2024T10:33:05 - [TEST_STEP][PASSED] - m = m.trim(): null

27-11-2024T10:33:05 - [TEST_STEP][PASSED] - dashboardName = "Выполнение бизнес-плана": null

27-11-2024T10:33:05 - [TEST_STEP][PASSED] - workbook01 = getWorkbook(excelFilePath): null

27-11-2024T10:33:05 - [TEST_STEP][PASSED] - sheet01 = getExcelSheet(workbook01, sheetName): null

27-11-2024T10:33:05 - [TEST_STEP][PASSED] - setValueToCellByIndex(sheet01, n, 0, dashboardName): null

27-11-2024T10:33:05 - [TEST_STEP][PASSED] - setValueToCellByIndex(sheet01, n, 1, dZO): null

27-11-2024T10:33:05 - [TEST_STEP][PASSED] - setValueToCellByIndex(sheet01, n, 2, typeOfData): null

27-11-2024T10:33:05 - [TEST_STEP][PASSED] - if (typeOfData == "Факт в процентах" || typeOfData == "План в процентах"): null

27-11-2024T10:33:05 - [TEST_STEP][PASSED] - else: null

27-11-2024T10:33:05 - [TEST_STEP][PASSED] - setValueToCellByIndex(sheet01, n, 3, fileInt): null

27-11-2024T10:33:05 - [TEST_STEP][PASSED] - setValueToCellByIndex(sheet01, n, 4, "нет данных"): null

27-11-2024T10:33:05 - [TEST_STEP][PASSED] - setValueToCellByIndex(sheet01, n, 5, m): null

27-11-2024T10:33:05 - [TEST_STEP][PASSED] - setValueToCellByIndex(sheet01, n, 6, y): null

27-11-2024T10:33:05 - [TEST_STEP][PASSED] - setValueToCellByIndex(sheet01, n, 7, todaysDate): null

27-11-2024T10:33:05 - [TEST_STEP][PASSED] - n = n + 1: null

27-11-2024T10:33:05 - [TEST_STEP][PASSED] - saveWorkbook(excelFilePath, workbook01): null

27-11-2024T10:33:06 - [TEST_STEP][PASSED] - typeOfData = "План Отпуск в сеть": null

27-11-2024T10:33:06 - [TEST_STEP][PASSED] - fileInt = replaceAll("\s+", "").toInteger(): null

27-11-2024T10:33:06 - [TEST_STEP][PASSED] - Script1718980020443.WriteToExcelNoData(a, typeOfData, todaysDate, fileInt, fileDouble, dZO): null

27-11-2024T10:33:06 - [TEST_STEP][PASSED] - sheetName = "Sheet1": null

27-11-2024T10:33:06 - [TEST_STEP][PASSED] - data = findTestData("PlanFact"): null

27-11-2024T10:33:06 - [TEST_STEP][PASSED] - n = data.getRowNumbers() + 1: null

27-11-2024T10:33:06 - [TEST_STEP][PASSED] - year = todaysDate.substring(todaysDate.length() - 4, todaysDate.length()): null

27-11-2024T10:33:06 - [TEST_STEP][PASSED] - y = year.toInteger(): null

27-11-2024T10:33:06 - [TEST_STEP][PASSED] - m = getText(findTestObject("Выполнение бизнес-плана/Период")): Text of object 'Object Repository/Выполнение бизнес-плана/Период' is: '1, 2, 3 кв. 2024 года'

27-11-2024T10:33:06 - [MESSAGE][PASSED] - Text of object 'Object Repository/Выполнение бизнес-плана/Период' is: '1, 2, 3 кв. 2024 года'

27-11-2024T10:33:06 - [TEST_STEP][PASSED] - m = m.substring(0, m.indexOf("2024")): null

27-11-2024T10:33:06 - [TEST_STEP][PASSED] - m = m.trim(): null

27-11-2024T10:33:06 - [TEST_STEP][PASSED] - dashboardName = "Выполнение бизнес-плана": null

27-11-2024T10:33:06 - [TEST_STEP][PASSED] - workbook01 = getWorkbook(excelFilePath): null

27-11-2024T10:33:06 - [TEST_STEP][PASSED] - sheet01 = getExcelSheet(workbook01, sheetName): null

27-11-2024T10:33:06 - [TEST_STEP][PASSED] - setValueToCellByIndex(sheet01, n, 0, dashboardName): null

27-11-2024T10:33:06 - [TEST_STEP][PASSED] - setValueToCellByIndex(sheet01, n, 1, dZO): null

27-11-2024T10:33:06 - [TEST_STEP][PASSED] - setValueToCellByIndex(sheet01, n, 2, typeOfData): null

27-11-2024T10:33:06 - [TEST_STEP][PASSED] - if (typeOfData == "Факт в процентах" || typeOfData == "План в процентах"): null

27-11-2024T10:33:06 - [TEST_STEP][PASSED] - else: null

27-11-2024T10:33:06 - [TEST_STEP][PASSED] - setValueToCellByIndex(sheet01, n, 3, fileInt): null

27-11-2024T10:33:06 - [TEST_STEP][PASSED] - setValueToCellByIndex(sheet01, n, 4, "нет данных"): null

27-11-2024T10:33:06 - [TEST_STEP][PASSED] - setValueToCellByIndex(sheet01, n, 5, m): null

27-11-2024T10:33:06 - [TEST_STEP][PASSED] - setValueToCellByIndex(sheet01, n, 6, y): null

27-11-2024T10:33:06 - [TEST_STEP][PASSED] - setValueToCellByIndex(sheet01, n, 7, todaysDate): null

27-11-2024T10:33:06 - [TEST_STEP][PASSED] - n = n + 1: null

27-11-2024T10:33:06 - [TEST_STEP][PASSED] - saveWorkbook(excelFilePath, workbook01): null

27-11-2024T10:33:06 - [TEST_STEP][PASSED] - typeOfData = "План Потери": null

27-11-2024T10:33:06 - [TEST_STEP][PASSED] - fileInt = replaceAll("\s+", "").toInteger(): null

27-11-2024T10:33:06 - [TEST_STEP][PASSED] - Script1718980020443.WriteToExcelNoData(a, typeOfData, todaysDate, fileInt, fileDouble, dZO): null

27-11-2024T10:33:06 - [TEST_STEP][PASSED] - sheetName = "Sheet1": null

27-11-2024T10:33:06 - [TEST_STEP][PASSED] - data = findTestData("PlanFact"): null

27-11-2024T10:33:06 - [TEST_STEP][PASSED] - n = data.getRowNumbers() + 1: null

27-11-2024T10:33:06 - [TEST_STEP][PASSED] - year = todaysDate.substring(todaysDate.length() - 4, todaysDate.length()): null

27-11-2024T10:33:06 - [TEST_STEP][PASSED] - y = year.toInteger(): null

27-11-2024T10:33:06 - [TEST_STEP][PASSED] - m = getText(findTestObject("Выполнение бизнес-плана/Период")): Text of object 'Object Repository/Выполнение бизнес-плана/Период' is: '1, 2, 3 кв. 2024 года'

27-11-2024T10:33:07 - [MESSAGE][PASSED] - Text of object 'Object Repository/Выполнение бизнес-плана/Период' is: '1, 2, 3 кв. 2024 года'

27-11-2024T10:33:07 - [TEST_STEP][PASSED] - m = m.substring(0, m.indexOf("2024")): null

27-11-2024T10:33:07 - [TEST_STEP][PASSED] - m = m.trim(): null

27-11-2024T10:33:07 - [TEST_STEP][PASSED] - dashboardName = "Выполнение бизнес-плана": null

27-11-2024T10:33:07 - [TEST_STEP][PASSED] - workbook01 = getWorkbook(excelFilePath): null

27-11-2024T10:33:07 - [TEST_STEP][PASSED] - sheet01 = getExcelSheet(workbook01, sheetName): null

27-11-2024T10:33:07 - [TEST_STEP][PASSED] - setValueToCellByIndex(sheet01, n, 0, dashboardName): null

27-11-2024T10:33:07 - [TEST_STEP][PASSED] - setValueToCellByIndex(sheet01, n, 1, dZO): null

27-11-2024T10:33:07 - [TEST_STEP][PASSED] - setValueToCellByIndex(sheet01, n, 2, typeOfData): null

27-11-2024T10:33:07 - [TEST_STEP][PASSED] - if (typeOfData == "Факт в процентах" || typeOfData == "План в процентах"): null

27-11-2024T10:33:07 - [TEST_STEP][PASSED] - else: null

27-11-2024T10:33:07 - [TEST_STEP][PASSED] - setValueToCellByIndex(sheet01, n, 3, fileInt): null

27-11-2024T10:33:07 - [TEST_STEP][PASSED] - setValueToCellByIndex(sheet01, n, 4, "нет данных"): null

27-11-2024T10:33:07 - [TEST_STEP][PASSED] - setValueToCellByIndex(sheet01, n, 5, m): null

27-11-2024T10:33:07 - [TEST_STEP][PASSED] - setValueToCellByIndex(sheet01, n, 6, y): null

27-11-2024T10:33:07 - [TEST_STEP][PASSED] - setValueToCellByIndex(sheet01, n, 7, todaysDate): null

27-11-2024T10:33:07 - [TEST_STEP][PASSED] - n = n + 1: null

27-11-2024T10:33:07 - [TEST_STEP][PASSED] - saveWorkbook(excelFilePath, workbook01): null

27-11-2024T10:33:07 - [TEST_STEP][PASSED] - typeOfData = "План в процентах": null

27-11-2024T10:33:07 - [TEST_STEP][PASSED] - fileDouble = ").toDouble(): null

27-11-2024T10:33:07 - [TEST_STEP][PASSED] - Script1718980020443.WriteToExcelNoData(a, typeOfData, todaysDate, fileInt, fileDouble, dZO): null

27-11-2024T10:33:07 - [TEST_STEP][PASSED] - sheetName = "Sheet1": null

27-11-2024T10:33:07 - [TEST_STEP][PASSED] - data = findTestData("PlanFact"): null

27-11-2024T10:33:07 - [TEST_STEP][PASSED] - n = data.getRowNumbers() + 1: null

27-11-2024T10:33:07 - [TEST_STEP][PASSED] - year = todaysDate.substring(todaysDate.length() - 4, todaysDate.length()): null

27-11-2024T10:33:07 - [TEST_STEP][PASSED] - y = year.toInteger(): null

27-11-2024T10:33:07 - [TEST_STEP][PASSED] - m = getText(findTestObject("Выполнение бизнес-плана/Период")): Text of object 'Object Repository/Выполнение бизнес-плана/Период' is: '1, 2, 3 кв. 2024 года'

27-11-2024T10:33:07 - [MESSAGE][PASSED] - Text of object 'Object Repository/Выполнение бизнес-плана/Период' is: '1, 2, 3 кв. 2024 года'

27-11-2024T10:33:07 - [TEST_STEP][PASSED] - m = m.substring(0, m.indexOf("2024")): null

27-11-2024T10:33:07 - [TEST_STEP][PASSED] - m = m.trim(): null

27-11-2024T10:33:07 - [TEST_STEP][PASSED] - dashboardName = "Выполнение бизнес-плана": null

27-11-2024T10:33:07 - [TEST_STEP][PASSED] - workbook01 = getWorkbook(excelFilePath): null

27-11-2024T10:33:07 - [TEST_STEP][PASSED] - sheet01 = getExcelSheet(workbook01, sheetName): null

27-11-2024T10:33:07 - [TEST_STEP][PASSED] - setValueToCellByIndex(sheet01, n, 0, dashboardName): null

27-11-2024T10:33:07 - [TEST_STEP][PASSED] - setValueToCellByIndex(sheet01, n, 1, dZO): null

27-11-2024T10:33:07 - [TEST_STEP][PASSED] - setValueToCellByIndex(sheet01, n, 2, typeOfData): null

27-11-2024T10:33:07 - [TEST_STEP][PASSED] - if (typeOfData == "Факт в процентах" || typeOfData == "План в процентах"): null

27-11-2024T10:33:07 - [TEST_STEP][PASSED] - setValueToCellByIndex(sheet01, n, 3, fileDouble): null

27-11-2024T10:33:07 - [TEST_STEP][PASSED] - setValueToCellByIndex(sheet01, n, 4, "нет данных"): null

27-11-2024T10:33:07 - [TEST_STEP][PASSED] - setValueToCellByIndex(sheet01, n, 5, m): null

27-11-2024T10:33:07 - [TEST_STEP][PASSED] - setValueToCellByIndex(sheet01, n, 6, y): null

27-11-2024T10:33:07 - [TEST_STEP][PASSED] - setValueToCellByIndex(sheet01, n, 7, todaysDate): null

27-11-2024T10:33:07 - [TEST_STEP][PASSED] - n = n + 1: null

27-11-2024T10:33:07 - [TEST_STEP][PASSED] - saveWorkbook(excelFilePath, workbook01): null

27-11-2024T10:33:08 - [TEST_STEP][PASSED] - typeOfData = "Факт в процентах": null

27-11-2024T10:33:08 - [TEST_STEP][PASSED] - fileDouble = ").toDouble(): null

27-11-2024T10:33:08 - [TEST_STEP][PASSED] - Script1718980020443.WriteToExcelNoData(a, typeOfData, todaysDate, fileInt, fileDouble, dZO): null

27-11-2024T10:33:08 - [TEST_STEP][PASSED] - sheetName = "Sheet1": null

27-11-2024T10:33:08 - [TEST_STEP][PASSED] - data = findTestData("PlanFact"): null

27-11-2024T10:33:08 - [TEST_STEP][PASSED] - n = data.getRowNumbers() + 1: null

27-11-2024T10:33:08 - [TEST_STEP][PASSED] - year = todaysDate.substring(todaysDate.length() - 4, todaysDate.length()): null

27-11-2024T10:33:08 - [TEST_STEP][PASSED] - y = year.toInteger(): null

27-11-2024T10:33:08 - [TEST_STEP][PASSED] - m = getText(findTestObject("Выполнение бизнес-плана/Период")): Text of object 'Object Repository/Выполнение бизнес-плана/Период' is: '1, 2, 3 кв. 2024 года'

27-11-2024T10:33:08 - [MESSAGE][PASSED] - Text of object 'Object Repository/Выполнение бизнес-плана/Период' is: '1, 2, 3 кв. 2024 года'

27-11-2024T10:33:08 - [TEST_STEP][PASSED] - m = m.substring(0, m.indexOf("2024")): null

27-11-2024T10:33:08 - [TEST_STEP][PASSED] - m = m.trim(): null

27-11-2024T10:33:08 - [TEST_STEP][PASSED] - dashboardName = "Выполнение бизнес-плана": null

27-11-2024T10:33:08 - [TEST_STEP][PASSED] - workbook01 = getWorkbook(excelFilePath): null

27-11-2024T10:33:08 - [TEST_STEP][PASSED] - sheet01 = getExcelSheet(workbook01, sheetName): null

27-11-2024T10:33:08 - [TEST_STEP][PASSED] - setValueToCellByIndex(sheet01, n, 0, dashboardName): null

27-11-2024T10:33:08 - [TEST_STEP][PASSED] - setValueToCellByIndex(sheet01, n, 1, dZO): null

27-11-2024T10:33:08 - [TEST_STEP][PASSED] - setValueToCellByIndex(sheet01, n, 2, typeOfData): null

27-11-2024T10:33:08 - [TEST_STEP][PASSED] - if (typeOfData == "Факт в процентах" || typeOfData == "План в процентах"): null

27-11-2024T10:33:08 - [TEST_STEP][PASSED] - setValueToCellByIndex(sheet01, n, 3, fileDouble): null

27-11-2024T10:33:08 - [TEST_STEP][PASSED] - setValueToCellByIndex(sheet01, n, 4, "нет данных"): null

27-11-2024T10:33:08 - [TEST_STEP][PASSED] - setValueToCellByIndex(sheet01, n, 5, m): null

27-11-2024T10:33:08 - [TEST_STEP][PASSED] - setValueToCellByIndex(sheet01, n, 6, y): null

27-11-2024T10:33:08 - [TEST_STEP][PASSED] - setValueToCellByIndex(sheet01, n, 7, todaysDate): null

27-11-2024T10:33:08 - [TEST_STEP][PASSED] - n = n + 1: null

27-11-2024T10:33:08 - [TEST_STEP][PASSED] - saveWorkbook(excelFilePath, workbook01): null

27-11-2024T10:33:08 - [TEST_STEP][PASSED] - println(dzoNum): null

27-11-2024T10:33:08 - [TEST_STEP][PASSED] - dZO = "Россети Кубань": null

27-11-2024T10:33:08 - [TEST_STEP][PASSED] - a = 73: null

27-11-2024T10:33:08 - [TEST_STEP][PASSED] - if (x1.contains(dZO)): null

27-11-2024T10:33:08 - [TEST_STEP][PASSED] - else: null

27-11-2024T10:33:08 - [TEST_STEP][PASSED] - Script1718980020443.NoData(a, typeOfData, todaysDate, fileInt, fileDouble, dZO): null

27-11-2024T10:33:08 - [TEST_STEP][PASSED] - println(a): null

27-11-2024T10:33:08 - [TEST_STEP][PASSED] - println(todaysDate): null

27-11-2024T10:33:08 - [TEST_STEP][PASSED] - println(fileInt): null

27-11-2024T10:33:08 - [TEST_STEP][PASSED] - println(fileDouble): null

27-11-2024T10:33:08 - [TEST_STEP][PASSED] - println(dZO): null

27-11-2024T10:33:08 - [TEST_STEP][PASSED] - typeOfData = "Факт Отпуск в сеть": null

27-11-2024T10:33:08 - [TEST_STEP][PASSED] - fileInt = replaceAll("\s+", "").toInteger(): null

27-11-2024T10:33:08 - [TEST_STEP][PASSED] - Script1718980020443.WriteToExcelNoData(a, typeOfData, todaysDate, fileInt, fileDouble, dZO): null

27-11-2024T10:33:08 - [TEST_STEP][PASSED] - sheetName = "Sheet1": null

27-11-2024T10:33:08 - [TEST_STEP][PASSED] - data = findTestData("PlanFact"): null

27-11-2024T10:33:08 - [TEST_STEP][PASSED] - n = data.getRowNumbers() + 1: null

27-11-2024T10:33:08 - [TEST_STEP][PASSED] - year = todaysDate.substring(todaysDate.length() - 4, todaysDate.length()): null

27-11-2024T10:33:08 - [TEST_STEP][PASSED] - y = year.toInteger(): null

27-11-2024T10:33:08 - [TEST_STEP][PASSED] - m = getText(findTestObject("Выполнение бизнес-плана/Период")): Text of object 'Object Repository/Выполнение бизнес-плана/Период' is: '1, 2, 3 кв. 2024 года'

27-11-2024T10:33:09 - [MESSAGE][PASSED] - Text of object 'Object Repository/Выполнение бизнес-плана/Период' is: '1, 2, 3 кв. 2024 года'

27-11-2024T10:33:09 - [TEST_STEP][PASSED] - m = m.substring(0, m.indexOf("2024")): null

27-11-2024T10:33:09 - [TEST_STEP][PASSED] - m = m.trim(): null

27-11-2024T10:33:09 - [TEST_STEP][PASSED] - dashboardName = "Выполнение бизнес-плана": null

27-11-2024T10:33:09 - [TEST_STEP][PASSED] - workbook01 = getWorkbook(excelFilePath): null

27-11-2024T10:33:09 - [TEST_STEP][PASSED] - sheet01 = getExcelSheet(workbook01, sheetName): null

27-11-2024T10:33:09 - [TEST_STEP][PASSED] - setValueToCellByIndex(sheet01, n, 0, dashboardName): null

27-11-2024T10:33:09 - [TEST_STEP][PASSED] - setValueToCellByIndex(sheet01, n, 1, dZO): null

27-11-2024T10:33:09 - [TEST_STEP][PASSED] - setValueToCellByIndex(sheet01, n, 2, typeOfData): null

27-11-2024T10:33:09 - [TEST_STEP][PASSED] - if (typeOfData == "Факт в процентах" || typeOfData == "План в процентах"): null

27-11-2024T10:33:09 - [TEST_STEP][PASSED] - else: null

27-11-2024T10:33:09 - [TEST_STEP][PASSED] - setValueToCellByIndex(sheet01, n, 3, fileInt): null

27-11-2024T10:33:09 - [TEST_STEP][PASSED] - setValueToCellByIndex(sheet01, n, 4, "нет данных"): null

27-11-2024T10:33:09 - [TEST_STEP][PASSED] - setValueToCellByIndex(sheet01, n, 5, m): null

27-11-2024T10:33:09 - [TEST_STEP][PASSED] - setValueToCellByIndex(sheet01, n, 6, y): null

27-11-2024T10:33:09 - [TEST_STEP][PASSED] - setValueToCellByIndex(sheet01, n, 7, todaysDate): null

27-11-2024T10:33:09 - [TEST_STEP][PASSED] - n = n + 1: null

27-11-2024T10:33:09 - [TEST_STEP][PASSED] - saveWorkbook(excelFilePath, workbook01): null

27-11-2024T10:33:09 - [TEST_STEP][PASSED] - typeOfData = "Факт Потери": null

27-11-2024T10:33:09 - [TEST_STEP][PASSED] - fileInt = replaceAll("\s+", "").toInteger(): null

27-11-2024T10:33:09 - [TEST_STEP][PASSED] - Script1718980020443.WriteToExcelNoData(a, typeOfData, todaysDate, fileInt, fileDouble, dZO): null

27-11-2024T10:33:09 - [TEST_STEP][PASSED] - sheetName = "Sheet1": null

27-11-2024T10:33:09 - [TEST_STEP][PASSED] - data = findTestData("PlanFact"): null

27-11-2024T10:33:09 - [TEST_STEP][PASSED] - n = data.getRowNumbers() + 1: null

27-11-2024T10:33:09 - [TEST_STEP][PASSED] - year = todaysDate.substring(todaysDate.length() - 4, todaysDate.length()): null

27-11-2024T10:33:09 - [TEST_STEP][PASSED] - y = year.toInteger(): null

27-11-2024T10:33:09 - [TEST_STEP][PASSED] - m = getText(findTestObject("Выполнение бизнес-плана/Период")): Text of object 'Object Repository/Выполнение бизнес-плана/Период' is: '1, 2, 3 кв. 2024 года'

27-11-2024T10:33:09 - [MESSAGE][PASSED] - Text of object 'Object Repository/Выполнение бизнес-плана/Период' is: '1, 2, 3 кв. 2024 года'

27-11-2024T10:33:09 - [TEST_STEP][PASSED] - m = m.substring(0, m.indexOf("2024")): null

27-11-2024T10:33:09 - [TEST_STEP][PASSED] - m = m.trim(): null

27-11-2024T10:33:09 - [TEST_STEP][PASSED] - dashboardName = "Выполнение бизнес-плана": null

27-11-2024T10:33:09 - [TEST_STEP][PASSED] - workbook01 = getWorkbook(excelFilePath): null

27-11-2024T10:33:09 - [TEST_STEP][PASSED] - sheet01 = getExcelSheet(workbook01, sheetName): null

27-11-2024T10:33:09 - [TEST_STEP][PASSED] - setValueToCellByIndex(sheet01, n, 0, dashboardName): null

27-11-2024T10:33:09 - [TEST_STEP][PASSED] - setValueToCellByIndex(sheet01, n, 1, dZO): null

27-11-2024T10:33:09 - [TEST_STEP][PASSED] - setValueToCellByIndex(sheet01, n, 2, typeOfData): null

27-11-2024T10:33:09 - [TEST_STEP][PASSED] - if (typeOfData == "Факт в процентах" || typeOfData == "План в процентах"): null

27-11-2024T10:33:09 - [TEST_STEP][PASSED] - else: null

27-11-2024T10:33:09 - [TEST_STEP][PASSED] - setValueToCellByIndex(sheet01, n, 3, fileInt): null

27-11-2024T10:33:09 - [TEST_STEP][PASSED] - setValueToCellByIndex(sheet01, n, 4, "нет данных"): null

27-11-2024T10:33:09 - [TEST_STEP][PASSED] - setValueToCellByIndex(sheet01, n, 5, m): null

27-11-2024T10:33:09 - [TEST_STEP][PASSED] - setValueToCellByIndex(sheet01, n, 6, y): null

27-11-2024T10:33:09 - [TEST_STEP][PASSED] - setValueToCellByIndex(sheet01, n, 7, todaysDate): null

27-11-2024T10:33:09 - [TEST_STEP][PASSED] - n = n + 1: null

27-11-2024T10:33:09 - [TEST_STEP][PASSED] - saveWorkbook(excelFilePath, workbook01): null

27-11-2024T10:33:10 - [TEST_STEP][PASSED] - typeOfData = "План Отпуск в сеть": null

27-11-2024T10:33:10 - [TEST_STEP][PASSED] - fileInt = replaceAll("\s+", "").toInteger(): null

27-11-2024T10:33:10 - [TEST_STEP][PASSED] - Script1718980020443.WriteToExcelNoData(a, typeOfData, todaysDate, fileInt, fileDouble, dZO): null

27-11-2024T10:33:10 - [TEST_STEP][PASSED] - sheetName = "Sheet1": null

27-11-2024T10:33:10 - [TEST_STEP][PASSED] - data = findTestData("PlanFact"): null

27-11-2024T10:33:10 - [TEST_STEP][PASSED] - n = data.getRowNumbers() + 1: null

27-11-2024T10:33:10 - [TEST_STEP][PASSED] - year = todaysDate.substring(todaysDate.length() - 4, todaysDate.length()): null

27-11-2024T10:33:10 - [TEST_STEP][PASSED] - y = year.toInteger(): null

27-11-2024T10:33:10 - [TEST_STEP][PASSED] - m = getText(findTestObject("Выполнение бизнес-плана/Период")): Text of object 'Object Repository/Выполнение бизнес-плана/Период' is: '1, 2, 3 кв. 2024 года'

27-11-2024T10:33:10 - [MESSAGE][PASSED] - Text of object 'Object Repository/Выполнение бизнес-плана/Период' is: '1, 2, 3 кв. 2024 года'

27-11-2024T10:33:10 - [TEST_STEP][PASSED] - m = m.substring(0, m.indexOf("2024")): null

27-11-2024T10:33:10 - [TEST_STEP][PASSED] - m = m.trim(): null

27-11-2024T10:33:10 - [TEST_STEP][PASSED] - dashboardName = "Выполнение бизнес-плана": null

27-11-2024T10:33:10 - [TEST_STEP][PASSED] - workbook01 = getWorkbook(excelFilePath): null

27-11-2024T10:33:10 - [TEST_STEP][PASSED] - sheet01 = getExcelSheet(workbook01, sheetName): null

27-11-2024T10:33:10 - [TEST_STEP][PASSED] - setValueToCellByIndex(sheet01, n, 0, dashboardName): null

27-11-2024T10:33:10 - [TEST_STEP][PASSED] - setValueToCellByIndex(sheet01, n, 1, dZO): null

27-11-2024T10:33:10 - [TEST_STEP][PASSED] - setValueToCellByIndex(sheet01, n, 2, typeOfData): null

27-11-2024T10:33:10 - [TEST_STEP][PASSED] - if (typeOfData == "Факт в процентах" || typeOfData == "План в процентах"): null

27-11-2024T10:33:10 - [TEST_STEP][PASSED] - else: null

27-11-2024T10:33:10 - [TEST_STEP][PASSED] - setValueToCellByIndex(sheet01, n, 3, fileInt): null

27-11-2024T10:33:10 - [TEST_STEP][PASSED] - setValueToCellByIndex(sheet01, n, 4, "нет данных"): null

27-11-2024T10:33:10 - [TEST_STEP][PASSED] - setValueToCellByIndex(sheet01, n, 5, m): null

27-11-2024T10:33:10 - [TEST_STEP][PASSED] - setValueToCellByIndex(sheet01, n, 6, y): null

27-11-2024T10:33:10 - [TEST_STEP][PASSED] - setValueToCellByIndex(sheet01, n, 7, todaysDate): null

27-11-2024T10:33:10 - [TEST_STEP][PASSED] - n = n + 1: null

27-11-2024T10:33:10 - [TEST_STEP][PASSED] - saveWorkbook(excelFilePath, workbook01): null

27-11-2024T10:33:10 - [TEST_STEP][PASSED] - typeOfData = "План Потери": null

27-11-2024T10:33:10 - [TEST_STEP][PASSED] - fileInt = replaceAll("\s+", "").toInteger(): null

27-11-2024T10:33:10 - [TEST_STEP][PASSED] - Script1718980020443.WriteToExcelNoData(a, typeOfData, todaysDate, fileInt, fileDouble, dZO): null

27-11-2024T10:33:10 - [TEST_STEP][PASSED] - sheetName = "Sheet1": null

27-11-2024T10:33:10 - [TEST_STEP][PASSED] - data = findTestData("PlanFact"): null

27-11-2024T10:33:10 - [TEST_STEP][PASSED] - n = data.getRowNumbers() + 1: null

27-11-2024T10:33:10 - [TEST_STEP][PASSED] - year = todaysDate.substring(todaysDate.length() - 4, todaysDate.length()): null

27-11-2024T10:33:10 - [TEST_STEP][PASSED] - y = year.toInteger(): null

27-11-2024T10:33:10 - [TEST_STEP][PASSED] - m = getText(findTestObject("Выполнение бизнес-плана/Период")): Text of object 'Object Repository/Выполнение бизнес-плана/Период' is: '1, 2, 3 кв. 2024 года'

27-11-2024T10:33:11 - [MESSAGE][PASSED] - Text of object 'Object Repository/Выполнение бизнес-плана/Период' is: '1, 2, 3 кв. 2024 года'

27-11-2024T10:33:11 - [TEST_STEP][PASSED] - m = m.substring(0, m.indexOf("2024")): null

27-11-2024T10:33:11 - [TEST_STEP][PASSED] - m = m.trim(): null

27-11-2024T10:33:11 - [TEST_STEP][PASSED] - dashboardName = "Выполнение бизнес-плана": null

27-11-2024T10:33:11 - [TEST_STEP][PASSED] - workbook01 = getWorkbook(excelFilePath): null

27-11-2024T10:33:11 - [TEST_STEP][PASSED] - sheet01 = getExcelSheet(workbook01, sheetName): null

27-11-2024T10:33:11 - [TEST_STEP][PASSED] - setValueToCellByIndex(sheet01, n, 0, dashboardName): null

27-11-2024T10:33:11 - [TEST_STEP][PASSED] - setValueToCellByIndex(sheet01, n, 1, dZO): null

27-11-2024T10:33:11 - [TEST_STEP][PASSED] - setValueToCellByIndex(sheet01, n, 2, typeOfData): null

27-11-2024T10:33:11 - [TEST_STEP][PASSED] - if (typeOfData == "Факт в процентах" || typeOfData == "План в процентах"): null

27-11-2024T10:33:11 - [TEST_STEP][PASSED] - else: null

27-11-2024T10:33:11 - [TEST_STEP][PASSED] - setValueToCellByIndex(sheet01, n, 3, fileInt): null

27-11-2024T10:33:11 - [TEST_STEP][PASSED] - setValueToCellByIndex(sheet01, n, 4, "нет данных"): null

27-11-2024T10:33:11 - [TEST_STEP][PASSED] - setValueToCellByIndex(sheet01, n, 5, m): null

27-11-2024T10:33:11 - [TEST_STEP][PASSED] - setValueToCellByIndex(sheet01, n, 6, y): null

27-11-2024T10:33:11 - [TEST_STEP][PASSED] - setValueToCellByIndex(sheet01, n, 7, todaysDate): null

27-11-2024T10:33:11 - [TEST_STEP][PASSED] - n = n + 1: null

27-11-2024T10:33:11 - [TEST_STEP][PASSED] - saveWorkbook(excelFilePath, workbook01): null

27-11-2024T10:33:11 - [TEST_STEP][PASSED] - typeOfData = "План в процентах": null

27-11-2024T10:33:11 - [TEST_STEP][PASSED] - fileDouble = ").toDouble(): null

27-11-2024T10:33:11 - [TEST_STEP][PASSED] - Script1718980020443.WriteToExcelNoData(a, typeOfData, todaysDate, fileInt, fileDouble, dZO): null

27-11-2024T10:33:11 - [TEST_STEP][PASSED] - sheetName = "Sheet1": null

27-11-2024T10:33:11 - [TEST_STEP][PASSED] - data = findTestData("PlanFact"): null

27-11-2024T10:33:11 - [TEST_STEP][PASSED] - n = data.getRowNumbers() + 1: null

27-11-2024T10:33:11 - [TEST_STEP][PASSED] - year = todaysDate.substring(todaysDate.length() - 4, todaysDate.length()): null

27-11-2024T10:33:11 - [TEST_STEP][PASSED] - y = year.toInteger(): null

27-11-2024T10:33:11 - [TEST_STEP][PASSED] - m = getText(findTestObject("Выполнение бизнес-плана/Период")): Text of object 'Object Repository/Выполнение бизнес-плана/Период' is: '1, 2, 3 кв. 2024 года'

27-11-2024T10:33:11 - [MESSAGE][PASSED] - Text of object 'Object Repository/Выполнение бизнес-плана/Период' is: '1, 2, 3 кв. 2024 года'

27-11-2024T10:33:11 - [TEST_STEP][PASSED] - m = m.substring(0, m.indexOf("2024")): null

27-11-2024T10:33:11 - [TEST_STEP][PASSED] - m = m.trim(): null

27-11-2024T10:33:11 - [TEST_STEP][PASSED] - dashboardName = "Выполнение бизнес-плана": null

27-11-2024T10:33:11 - [TEST_STEP][PASSED] - workbook01 = getWorkbook(excelFilePath): null

27-11-2024T10:33:11 - [TEST_STEP][PASSED] - sheet01 = getExcelSheet(workbook01, sheetName): null

27-11-2024T10:33:11 - [TEST_STEP][PASSED] - setValueToCellByIndex(sheet01, n, 0, dashboardName): null

27-11-2024T10:33:11 - [TEST_STEP][PASSED] - setValueToCellByIndex(sheet01, n, 1, dZO): null

27-11-2024T10:33:11 - [TEST_STEP][PASSED] - setValueToCellByIndex(sheet01, n, 2, typeOfData): null

27-11-2024T10:33:11 - [TEST_STEP][PASSED] - if (typeOfData == "Факт в процентах" || typeOfData == "План в процентах"): null

27-11-2024T10:33:11 - [TEST_STEP][PASSED] - setValueToCellByIndex(sheet01, n, 3, fileDouble): null

27-11-2024T10:33:11 - [TEST_STEP][PASSED] - setValueToCellByIndex(sheet01, n, 4, "нет данных"): null

27-11-2024T10:33:11 - [TEST_STEP][PASSED] - setValueToCellByIndex(sheet01, n, 5, m): null

27-11-2024T10:33:11 - [TEST_STEP][PASSED] - setValueToCellByIndex(sheet01, n, 6, y): null

27-11-2024T10:33:11 - [TEST_STEP][PASSED] - setValueToCellByIndex(sheet01, n, 7, todaysDate): null

27-11-2024T10:33:11 - [TEST_STEP][PASSED] - n = n + 1: null

27-11-2024T10:33:11 - [TEST_STEP][PASSED] - saveWorkbook(excelFilePath, workbook01): null

27-11-2024T10:33:12 - [TEST_STEP][PASSED] - typeOfData = "Факт в процентах": null

27-11-2024T10:33:12 - [TEST_STEP][PASSED] - fileDouble = ").toDouble(): null

27-11-2024T10:33:12 - [TEST_STEP][PASSED] - Script1718980020443.WriteToExcelNoData(a, typeOfData, todaysDate, fileInt, fileDouble, dZO): null

27-11-2024T10:33:12 - [TEST_STEP][PASSED] - sheetName = "Sheet1": null

27-11-2024T10:33:12 - [TEST_STEP][PASSED] - data = findTestData("PlanFact"): null

27-11-2024T10:33:12 - [TEST_STEP][PASSED] - n = data.getRowNumbers() + 1: null

27-11-2024T10:33:12 - [TEST_STEP][PASSED] - year = todaysDate.substring(todaysDate.length() - 4, todaysDate.length()): null

27-11-2024T10:33:12 - [TEST_STEP][PASSED] - y = year.toInteger(): null

27-11-2024T10:33:12 - [TEST_STEP][PASSED] - m = getText(findTestObject("Выполнение бизнес-плана/Период")): Text of object 'Object Repository/Выполнение бизнес-плана/Период' is: '1, 2, 3 кв. 2024 года'

27-11-2024T10:33:12 - [MESSAGE][PASSED] - Text of object 'Object Repository/Выполнение бизнес-плана/Период' is: '1, 2, 3 кв. 2024 года'

27-11-2024T10:33:12 - [TEST_STEP][PASSED] - m = m.substring(0, m.indexOf("2024")): null

27-11-2024T10:33:12 - [TEST_STEP][PASSED] - m = m.trim(): null

27-11-2024T10:33:12 - [TEST_STEP][PASSED] - dashboardName = "Выполнение бизнес-плана": null

27-11-2024T10:33:12 - [TEST_STEP][PASSED] - workbook01 = getWorkbook(excelFilePath): null

27-11-2024T10:33:12 - [TEST_STEP][PASSED] - sheet01 = getExcelSheet(workbook01, sheetName): null

27-11-2024T10:33:12 - [TEST_STEP][PASSED] - setValueToCellByIndex(sheet01, n, 0, dashboardName): null

27-11-2024T10:33:12 - [TEST_STEP][PASSED] - setValueToCellByIndex(sheet01, n, 1, dZO): null

27-11-2024T10:33:12 - [TEST_STEP][PASSED] - setValueToCellByIndex(sheet01, n, 2, typeOfData): null

27-11-2024T10:33:12 - [TEST_STEP][PASSED] - if (typeOfData == "Факт в процентах" || typeOfData == "План в процентах"): null

27-11-2024T10:33:12 - [TEST_STEP][PASSED] - setValueToCellByIndex(sheet01, n, 3, fileDouble): null

27-11-2024T10:33:12 - [TEST_STEP][PASSED] - setValueToCellByIndex(sheet01, n, 4, "нет данных"): null

27-11-2024T10:33:12 - [TEST_STEP][PASSED] - setValueToCellByIndex(sheet01, n, 5, m): null

27-11-2024T10:33:12 - [TEST_STEP][PASSED] - setValueToCellByIndex(sheet01, n, 6, y): null

27-11-2024T10:33:12 - [TEST_STEP][PASSED] - setValueToCellByIndex(sheet01, n, 7, todaysDate): null

27-11-2024T10:33:12 - [TEST_STEP][PASSED] - n = n + 1: null

27-11-2024T10:33:12 - [TEST_STEP][PASSED] - saveWorkbook(excelFilePath, workbook01): null

27-11-2024T10:33:12 - [TEST_STEP][PASSED] - println(dzoNum): null

27-11-2024T10:33:12 - [TEST_STEP][PASSED] - dZO = "Россети Ленэнерго": null

27-11-2024T10:33:12 - [TEST_STEP][PASSED] - a = 77: null

27-11-2024T10:33:12 - [TEST_STEP][PASSED] - if (x1.contains(dZO)): null

27-11-2024T10:33:12 - [TEST_STEP][PASSED] - else: null

27-11-2024T10:33:12 - [TEST_STEP][PASSED] - Script1718980020443.NoData(a, typeOfData, todaysDate, fileInt, fileDouble, dZO): null

27-11-2024T10:33:12 - [TEST_STEP][PASSED] - println(a): null

27-11-2024T10:33:12 - [TEST_STEP][PASSED] - println(todaysDate): null

27-11-2024T10:33:12 - [TEST_STEP][PASSED] - println(fileInt): null

27-11-2024T10:33:12 - [TEST_STEP][PASSED] - println(fileDouble): null

27-11-2024T10:33:12 - [TEST_STEP][PASSED] - println(dZO): null

27-11-2024T10:33:12 - [TEST_STEP][PASSED] - typeOfData = "Факт Отпуск в сеть": null

27-11-2024T10:33:12 - [TEST_STEP][PASSED] - fileInt = replaceAll("\s+", "").toInteger(): null

27-11-2024T10:33:12 - [TEST_STEP][PASSED] - Script1718980020443.WriteToExcelNoData(a, typeOfData, todaysDate, fileInt, fileDouble, dZO): null

27-11-2024T10:33:12 - [TEST_STEP][PASSED] - sheetName = "Sheet1": null

27-11-2024T10:33:12 - [TEST_STEP][PASSED] - data = findTestData("PlanFact"): null

27-11-2024T10:33:12 - [TEST_STEP][PASSED] - n = data.getRowNumbers() + 1: null

27-11-2024T10:33:12 - [TEST_STEP][PASSED] - year = todaysDate.substring(todaysDate.length() - 4, todaysDate.length()): null

27-11-2024T10:33:12 - [TEST_STEP][PASSED] - y = year.toInteger(): null

27-11-2024T10:33:12 - [TEST_STEP][PASSED] - m = getText(findTestObject("Выполнение бизнес-плана/Период")): Text of object 'Object Repository/Выполнение бизнес-плана/Период' is: '1, 2, 3 кв. 2024 года'

27-11-2024T10:33:13 - [MESSAGE][PASSED] - Text of object 'Object Repository/Выполнение бизнес-плана/Период' is: '1, 2, 3 кв. 2024 года'

27-11-2024T10:33:13 - [TEST_STEP][PASSED] - m = m.substring(0, m.indexOf("2024")): null

27-11-2024T10:33:13 - [TEST_STEP][PASSED] - m = m.trim(): null

27-11-2024T10:33:13 - [TEST_STEP][PASSED] - dashboardName = "Выполнение бизнес-плана": null

27-11-2024T10:33:13 - [TEST_STEP][PASSED] - workbook01 = getWorkbook(excelFilePath): null

27-11-2024T10:33:13 - [TEST_STEP][PASSED] - sheet01 = getExcelSheet(workbook01, sheetName): null

27-11-2024T10:33:13 - [TEST_STEP][PASSED] - setValueToCellByIndex(sheet01, n, 0, dashboardName): null

27-11-2024T10:33:13 - [TEST_STEP][PASSED] - setValueToCellByIndex(sheet01, n, 1, dZO): null

27-11-2024T10:33:13 - [TEST_STEP][PASSED] - setValueToCellByIndex(sheet01, n, 2, typeOfData): null

27-11-2024T10:33:13 - [TEST_STEP][PASSED] - if (typeOfData == "Факт в процентах" || typeOfData == "План в процентах"): null

27-11-2024T10:33:13 - [TEST_STEP][PASSED] - else: null

27-11-2024T10:33:13 - [TEST_STEP][PASSED] - setValueToCellByIndex(sheet01, n, 3, fileInt): null

27-11-2024T10:33:13 - [TEST_STEP][PASSED] - setValueToCellByIndex(sheet01, n, 4, "нет данных"): null

27-11-2024T10:33:13 - [TEST_STEP][PASSED] - setValueToCellByIndex(sheet01, n, 5, m): null

27-11-2024T10:33:13 - [TEST_STEP][PASSED] - setValueToCellByIndex(sheet01, n, 6, y): null

27-11-2024T10:33:13 - [TEST_STEP][PASSED] - setValueToCellByIndex(sheet01, n, 7, todaysDate): null

27-11-2024T10:33:13 - [TEST_STEP][PASSED] - n = n + 1: null

27-11-2024T10:33:13 - [TEST_STEP][PASSED] - saveWorkbook(excelFilePath, workbook01): null

27-11-2024T10:33:13 - [TEST_STEP][PASSED] - typeOfData = "Факт Потери": null

27-11-2024T10:33:13 - [TEST_STEP][PASSED] - fileInt = replaceAll("\s+", "").toInteger(): null

27-11-2024T10:33:13 - [TEST_STEP][PASSED] - Script1718980020443.WriteToExcelNoData(a, typeOfData, todaysDate, fileInt, fileDouble, dZO): null

27-11-2024T10:33:13 - [TEST_STEP][PASSED] - sheetName = "Sheet1": null

27-11-2024T10:33:13 - [TEST_STEP][PASSED] - data = findTestData("PlanFact"): null

27-11-2024T10:33:13 - [TEST_STEP][PASSED] - n = data.getRowNumbers() + 1: null

27-11-2024T10:33:13 - [TEST_STEP][PASSED] - year = todaysDate.substring(todaysDate.length() - 4, todaysDate.length()): null

27-11-2024T10:33:13 - [TEST_STEP][PASSED] - y = year.toInteger(): null

27-11-2024T10:33:13 - [TEST_STEP][PASSED] - m = getText(findTestObject("Выполнение бизнес-плана/Период")): Text of object 'Object Repository/Выполнение бизнес-плана/Период' is: '1, 2, 3 кв. 2024 года'

27-11-2024T10:33:13 - [MESSAGE][PASSED] - Text of object 'Object Repository/Выполнение бизнес-плана/Период' is: '1, 2, 3 кв. 2024 года'

27-11-2024T10:33:13 - [TEST_STEP][PASSED] - m = m.substring(0, m.indexOf("2024")): null

27-11-2024T10:33:13 - [TEST_STEP][PASSED] - m = m.trim(): null

27-11-2024T10:33:13 - [TEST_STEP][PASSED] - dashboardName = "Выполнение бизнес-плана": null

27-11-2024T10:33:13 - [TEST_STEP][PASSED] - workbook01 = getWorkbook(excelFilePath): null

27-11-2024T10:33:13 - [TEST_STEP][PASSED] - sheet01 = getExcelSheet(workbook01, sheetName): null

27-11-2024T10:33:13 - [TEST_STEP][PASSED] - setValueToCellByIndex(sheet01, n, 0, dashboardName): null

27-11-2024T10:33:13 - [TEST_STEP][PASSED] - setValueToCellByIndex(sheet01, n, 1, dZO): null

27-11-2024T10:33:13 - [TEST_STEP][PASSED] - setValueToCellByIndex(sheet01, n, 2, typeOfData): null

27-11-2024T10:33:13 - [TEST_STEP][PASSED] - if (typeOfData == "Факт в процентах" || typeOfData == "План в процентах"): null

27-11-2024T10:33:13 - [TEST_STEP][PASSED] - else: null

27-11-2024T10:33:13 - [TEST_STEP][PASSED] - setValueToCellByIndex(sheet01, n, 3, fileInt): null

27-11-2024T10:33:13 - [TEST_STEP][PASSED] - setValueToCellByIndex(sheet01, n, 4, "нет данных"): null

27-11-2024T10:33:13 - [TEST_STEP][PASSED] - setValueToCellByIndex(sheet01, n, 5, m): null

27-11-2024T10:33:13 - [TEST_STEP][PASSED] - setValueToCellByIndex(sheet01, n, 6, y): null

27-11-2024T10:33:13 - [TEST_STEP][PASSED] - setValueToCellByIndex(sheet01, n, 7, todaysDate): null

27-11-2024T10:33:13 - [TEST_STEP][PASSED] - n = n + 1: null

27-11-2024T10:33:13 - [TEST_STEP][PASSED] - saveWorkbook(excelFilePath, workbook01): null

27-11-2024T10:33:14 - [TEST_STEP][PASSED] - typeOfData = "План Отпуск в сеть": null

27-11-2024T10:33:14 - [TEST_STEP][PASSED] - fileInt = replaceAll("\s+", "").toInteger(): null

27-11-2024T10:33:14 - [TEST_STEP][PASSED] - Script1718980020443.WriteToExcelNoData(a, typeOfData, todaysDate, fileInt, fileDouble, dZO): null

27-11-2024T10:33:14 - [TEST_STEP][PASSED] - sheetName = "Sheet1": null

27-11-2024T10:33:14 - [TEST_STEP][PASSED] - data = findTestData("PlanFact"): null

27-11-2024T10:33:14 - [TEST_STEP][PASSED] - n = data.getRowNumbers() + 1: null

27-11-2024T10:33:14 - [TEST_STEP][PASSED] - year = todaysDate.substring(todaysDate.length() - 4, todaysDate.length()): null

27-11-2024T10:33:14 - [TEST_STEP][PASSED] - y = year.toInteger(): null

27-11-2024T10:33:14 - [TEST_STEP][PASSED] - m = getText(findTestObject("Выполнение бизнес-плана/Период")): Text of object 'Object Repository/Выполнение бизнес-плана/Период' is: '1, 2, 3 кв. 2024 года'

27-11-2024T10:33:14 - [MESSAGE][PASSED] - Text of object 'Object Repository/Выполнение бизнес-плана/Период' is: '1, 2, 3 кв. 2024 года'

27-11-2024T10:33:14 - [TEST_STEP][PASSED] - m = m.substring(0, m.indexOf("2024")): null

27-11-2024T10:33:14 - [TEST_STEP][PASSED] - m = m.trim(): null

27-11-2024T10:33:14 - [TEST_STEP][PASSED] - dashboardName = "Выполнение бизнес-плана": null

27-11-2024T10:33:14 - [TEST_STEP][PASSED] - workbook01 = getWorkbook(excelFilePath): null

27-11-2024T10:33:14 - [TEST_STEP][PASSED] - sheet01 = getExcelSheet(workbook01, sheetName): null

27-11-2024T10:33:14 - [TEST_STEP][PASSED] - setValueToCellByIndex(sheet01, n, 0, dashboardName): null

27-11-2024T10:33:14 - [TEST_STEP][PASSED] - setValueToCellByIndex(sheet01, n, 1, dZO): null

27-11-2024T10:33:14 - [TEST_STEP][PASSED] - setValueToCellByIndex(sheet01, n, 2, typeOfData): null

27-11-2024T10:33:14 - [TEST_STEP][PASSED] - if (typeOfData == "Факт в процентах" || typeOfData == "План в процентах"): null

27-11-2024T10:33:14 - [TEST_STEP][PASSED] - else: null

27-11-2024T10:33:14 - [TEST_STEP][PASSED] - setValueToCellByIndex(sheet01, n, 3, fileInt): null

27-11-2024T10:33:14 - [TEST_STEP][PASSED] - setValueToCellByIndex(sheet01, n, 4, "нет данных"): null

27-11-2024T10:33:14 - [TEST_STEP][PASSED] - setValueToCellByIndex(sheet01, n, 5, m): null

27-11-2024T10:33:14 - [TEST_STEP][PASSED] - setValueToCellByIndex(sheet01, n, 6, y): null

27-11-2024T10:33:14 - [TEST_STEP][PASSED] - setValueToCellByIndex(sheet01, n, 7, todaysDate): null

27-11-2024T10:33:14 - [TEST_STEP][PASSED] - n = n + 1: null

27-11-2024T10:33:14 - [TEST_STEP][PASSED] - saveWorkbook(excelFilePath, workbook01): null

27-11-2024T10:33:14 - [TEST_STEP][PASSED] - typeOfData = "План Потери": null

27-11-2024T10:33:14 - [TEST_STEP][PASSED] - fileInt = replaceAll("\s+", "").toInteger(): null

27-11-2024T10:33:14 - [TEST_STEP][PASSED] - Script1718980020443.WriteToExcelNoData(a, typeOfData, todaysDate, fileInt, fileDouble, dZO): null

27-11-2024T10:33:14 - [TEST_STEP][PASSED] - sheetName = "Sheet1": null

27-11-2024T10:33:14 - [TEST_STEP][PASSED] - data = findTestData("PlanFact"): null

27-11-2024T10:33:14 - [TEST_STEP][PASSED] - n = data.getRowNumbers() + 1: null

27-11-2024T10:33:14 - [TEST_STEP][PASSED] - year = todaysDate.substring(todaysDate.length() - 4, todaysDate.length()): null

27-11-2024T10:33:14 - [TEST_STEP][PASSED] - y = year.toInteger(): null

27-11-2024T10:33:14 - [TEST_STEP][PASSED] - m = getText(findTestObject("Выполнение бизнес-плана/Период")): Text of object 'Object Repository/Выполнение бизнес-плана/Период' is: '1, 2, 3 кв. 2024 года'

27-11-2024T10:33:15 - [MESSAGE][PASSED] - Text of object 'Object Repository/Выполнение бизнес-плана/Период' is: '1, 2, 3 кв. 2024 года'

27-11-2024T10:33:15 - [TEST_STEP][PASSED] - m = m.substring(0, m.indexOf("2024")): null

27-11-2024T10:33:15 - [TEST_STEP][PASSED] - m = m.trim(): null

27-11-2024T10:33:15 - [TEST_STEP][PASSED] - dashboardName = "Выполнение бизнес-плана": null

27-11-2024T10:33:15 - [TEST_STEP][PASSED] - workbook01 = getWorkbook(excelFilePath): null

27-11-2024T10:33:15 - [TEST_STEP][PASSED] - sheet01 = getExcelSheet(workbook01, sheetName): null

27-11-2024T10:33:15 - [TEST_STEP][PASSED] - setValueToCellByIndex(sheet01, n, 0, dashboardName): null

27-11-2024T10:33:15 - [TEST_STEP][PASSED] - setValueToCellByIndex(sheet01, n, 1, dZO): null

27-11-2024T10:33:15 - [TEST_STEP][PASSED] - setValueToCellByIndex(sheet01, n, 2, typeOfData): null

27-11-2024T10:33:15 - [TEST_STEP][PASSED] - if (typeOfData == "Факт в процентах" || typeOfData == "План в процентах"): null

27-11-2024T10:33:15 - [TEST_STEP][PASSED] - else: null

27-11-2024T10:33:15 - [TEST_STEP][PASSED] - setValueToCellByIndex(sheet01, n, 3, fileInt): null

27-11-2024T10:33:15 - [TEST_STEP][PASSED] - setValueToCellByIndex(sheet01, n, 4, "нет данных"): null

27-11-2024T10:33:15 - [TEST_STEP][PASSED] - setValueToCellByIndex(sheet01, n, 5, m): null

27-11-2024T10:33:15 - [TEST_STEP][PASSED] - setValueToCellByIndex(sheet01, n, 6, y): null

27-11-2024T10:33:15 - [TEST_STEP][PASSED] - setValueToCellByIndex(sheet01, n, 7, todaysDate): null

27-11-2024T10:33:15 - [TEST_STEP][PASSED] - n = n + 1: null

27-11-2024T10:33:15 - [TEST_STEP][PASSED] - saveWorkbook(excelFilePath, workbook01): null

27-11-2024T10:33:15 - [TEST_STEP][PASSED] - typeOfData = "План в процентах": null

27-11-2024T10:33:15 - [TEST_STEP][PASSED] - fileDouble = ").toDouble(): null

27-11-2024T10:33:15 - [TEST_STEP][PASSED] - Script1718980020443.WriteToExcelNoData(a, typeOfData, todaysDate, fileInt, fileDouble, dZO): null

27-11-2024T10:33:15 - [TEST_STEP][PASSED] - sheetName = "Sheet1": null

27-11-2024T10:33:15 - [TEST_STEP][PASSED] - data = findTestData("PlanFact"): null

27-11-2024T10:33:15 - [TEST_STEP][PASSED] - n = data.getRowNumbers() + 1: null

27-11-2024T10:33:15 - [TEST_STEP][PASSED] - year = todaysDate.substring(todaysDate.length() - 4, todaysDate.length()): null

27-11-2024T10:33:15 - [TEST_STEP][PASSED] - y = year.toInteger(): null

27-11-2024T10:33:15 - [TEST_STEP][PASSED] - m = getText(findTestObject("Выполнение бизнес-плана/Период")): Text of object 'Object Repository/Выполнение бизнес-плана/Период' is: '1, 2, 3 кв. 2024 года'

27-11-2024T10:33:15 - [MESSAGE][PASSED] - Text of object 'Object Repository/Выполнение бизнес-плана/Период' is: '1, 2, 3 кв. 2024 года'

27-11-2024T10:33:15 - [TEST_STEP][PASSED] - m = m.substring(0, m.indexOf("2024")): null

27-11-2024T10:33:15 - [TEST_STEP][PASSED] - m = m.trim(): null

27-11-2024T10:33:15 - [TEST_STEP][PASSED] - dashboardName = "Выполнение бизнес-плана": null

27-11-2024T10:33:15 - [TEST_STEP][PASSED] - workbook01 = getWorkbook(excelFilePath): null

27-11-2024T10:33:15 - [TEST_STEP][PASSED] - sheet01 = getExcelSheet(workbook01, sheetName): null

27-11-2024T10:33:15 - [TEST_STEP][PASSED] - setValueToCellByIndex(sheet01, n, 0, dashboardName): null

27-11-2024T10:33:15 - [TEST_STEP][PASSED] - setValueToCellByIndex(sheet01, n, 1, dZO): null

27-11-2024T10:33:15 - [TEST_STEP][PASSED] - setValueToCellByIndex(sheet01, n, 2, typeOfData): null

27-11-2024T10:33:15 - [TEST_STEP][PASSED] - if (typeOfData == "Факт в процентах" || typeOfData == "План в процентах"): null

27-11-2024T10:33:15 - [TEST_STEP][PASSED] - setValueToCellByIndex(sheet01, n, 3, fileDouble): null

27-11-2024T10:33:15 - [TEST_STEP][PASSED] - setValueToCellByIndex(sheet01, n, 4, "нет данных"): null

27-11-2024T10:33:15 - [TEST_STEP][PASSED] - setValueToCellByIndex(sheet01, n, 5, m): null

27-11-2024T10:33:15 - [TEST_STEP][PASSED] - setValueToCellByIndex(sheet01, n, 6, y): null

27-11-2024T10:33:15 - [TEST_STEP][PASSED] - setValueToCellByIndex(sheet01, n, 7, todaysDate): null

27-11-2024T10:33:15 - [TEST_STEP][PASSED] - n = n + 1: null

27-11-2024T10:33:15 - [TEST_STEP][PASSED] - saveWorkbook(excelFilePath, workbook01): null

27-11-2024T10:33:16 - [TEST_STEP][PASSED] - typeOfData = "Факт в процентах": null

27-11-2024T10:33:16 - [TEST_STEP][PASSED] - fileDouble = ").toDouble(): null

27-11-2024T10:33:16 - [TEST_STEP][PASSED] - Script1718980020443.WriteToExcelNoData(a, typeOfData, todaysDate, fileInt, fileDouble, dZO): null

27-11-2024T10:33:16 - [TEST_STEP][PASSED] - sheetName = "Sheet1": null

27-11-2024T10:33:16 - [TEST_STEP][PASSED] - data = findTestData("PlanFact"): null

27-11-2024T10:33:16 - [TEST_STEP][PASSED] - n = data.getRowNumbers() + 1: null

27-11-2024T10:33:16 - [TEST_STEP][PASSED] - year = todaysDate.substring(todaysDate.length() - 4, todaysDate.length()): null

27-11-2024T10:33:16 - [TEST_STEP][PASSED] - y = year.toInteger(): null

27-11-2024T10:33:16 - [TEST_STEP][PASSED] - m = getText(findTestObject("Выполнение бизнес-плана/Период")): Text of object 'Object Repository/Выполнение бизнес-плана/Период' is: '1, 2, 3 кв. 2024 года'

27-11-2024T10:33:16 - [MESSAGE][PASSED] - Text of object 'Object Repository/Выполнение бизнес-плана/Период' is: '1, 2, 3 кв. 2024 года'

27-11-2024T10:33:16 - [TEST_STEP][PASSED] - m = m.substring(0, m.indexOf("2024")): null

27-11-2024T10:33:16 - [TEST_STEP][PASSED] - m = m.trim(): null

27-11-2024T10:33:16 - [TEST_STEP][PASSED] - dashboardName = "Выполнение бизнес-плана": null

27-11-2024T10:33:16 - [TEST_STEP][PASSED] - workbook01 = getWorkbook(excelFilePath): null

27-11-2024T10:33:16 - [TEST_STEP][PASSED] - sheet01 = getExcelSheet(workbook01, sheetName): null

27-11-2024T10:33:16 - [TEST_STEP][PASSED] - setValueToCellByIndex(sheet01, n, 0, dashboardName): null

27-11-2024T10:33:16 - [TEST_STEP][PASSED] - setValueToCellByIndex(sheet01, n, 1, dZO): null

27-11-2024T10:33:16 - [TEST_STEP][PASSED] - setValueToCellByIndex(sheet01, n, 2, typeOfData): null

27-11-2024T10:33:16 - [TEST_STEP][PASSED] - if (typeOfData == "Факт в процентах" || typeOfData == "План в процентах"): null

27-11-2024T10:33:16 - [TEST_STEP][PASSED] - setValueToCellByIndex(sheet01, n, 3, fileDouble): null

27-11-2024T10:33:16 - [TEST_STEP][PASSED] - setValueToCellByIndex(sheet01, n, 4, "нет данных"): null

27-11-2024T10:33:16 - [TEST_STEP][PASSED] - setValueToCellByIndex(sheet01, n, 5, m): null

27-11-2024T10:33:16 - [TEST_STEP][PASSED] - setValueToCellByIndex(sheet01, n, 6, y): null

27-11-2024T10:33:16 - [TEST_STEP][PASSED] - setValueToCellByIndex(sheet01, n, 7, todaysDate): null

27-11-2024T10:33:16 - [TEST_STEP][PASSED] - n = n + 1: null

27-11-2024T10:33:16 - [TEST_STEP][PASSED] - saveWorkbook(excelFilePath, workbook01): null

27-11-2024T10:33:16 - [TEST_STEP][PASSED] - println(dzoNum): null

27-11-2024T10:33:16 - [TEST_STEP][PASSED] - dZO = "Россети Московский регион": null

27-11-2024T10:33:16 - [TEST_STEP][PASSED] - a = 74: null

27-11-2024T10:33:16 - [TEST_STEP][PASSED] - if (x1.contains(dZO)): null

27-11-2024T10:33:16 - [TEST_STEP][PASSED] - else: null

27-11-2024T10:33:16 - [TEST_STEP][PASSED] - Script1718980020443.NoData(a, typeOfData, todaysDate, fileInt, fileDouble, dZO): null

27-11-2024T10:33:16 - [TEST_STEP][PASSED] - println(a): null

27-11-2024T10:33:16 - [TEST_STEP][PASSED] - println(todaysDate): null

27-11-2024T10:33:16 - [TEST_STEP][PASSED] - println(fileInt): null

27-11-2024T10:33:16 - [TEST_STEP][PASSED] - println(fileDouble): null

27-11-2024T10:33:16 - [TEST_STEP][PASSED] - println(dZO): null

27-11-2024T10:33:16 - [TEST_STEP][PASSED] - typeOfData = "Факт Отпуск в сеть": null

27-11-2024T10:33:16 - [TEST_STEP][PASSED] - fileInt = replaceAll("\s+", "").toInteger(): null

27-11-2024T10:33:16 - [TEST_STEP][PASSED] - Script1718980020443.WriteToExcelNoData(a, typeOfData, todaysDate, fileInt, fileDouble, dZO): null

27-11-2024T10:33:16 - [TEST_STEP][PASSED] - sheetName = "Sheet1": null

27-11-2024T10:33:16 - [TEST_STEP][PASSED] - data = findTestData("PlanFact"): null

27-11-2024T10:33:16 - [TEST_STEP][PASSED] - n = data.getRowNumbers() + 1: null

27-11-2024T10:33:16 - [TEST_STEP][PASSED] - year = todaysDate.substring(todaysDate.length() - 4, todaysDate.length()): null

27-11-2024T10:33:16 - [TEST_STEP][PASSED] - y = year.toInteger(): null

27-11-2024T10:33:16 - [TEST_STEP][PASSED] - m = getText(findTestObject("Выполнение бизнес-плана/Период")): Text of object 'Object Repository/Выполнение бизнес-плана/Период' is: '1, 2, 3 кв. 2024 года'

27-11-2024T10:33:17 - [MESSAGE][PASSED] - Text of object 'Object Repository/Выполнение бизнес-плана/Период' is: '1, 2, 3 кв. 2024 года'

27-11-2024T10:33:17 - [TEST_STEP][PASSED] - m = m.substring(0, m.indexOf("2024")): null

27-11-2024T10:33:17 - [TEST_STEP][PASSED] - m = m.trim(): null

27-11-2024T10:33:17 - [TEST_STEP][PASSED] - dashboardName = "Выполнение бизнес-плана": null

27-11-2024T10:33:17 - [TEST_STEP][PASSED] - workbook01 = getWorkbook(excelFilePath): null

27-11-2024T10:33:17 - [TEST_STEP][PASSED] - sheet01 = getExcelSheet(workbook01, sheetName): null

27-11-2024T10:33:17 - [TEST_STEP][PASSED] - setValueToCellByIndex(sheet01, n, 0, dashboardName): null

27-11-2024T10:33:17 - [TEST_STEP][PASSED] - setValueToCellByIndex(sheet01, n, 1, dZO): null

27-11-2024T10:33:17 - [TEST_STEP][PASSED] - setValueToCellByIndex(sheet01, n, 2, typeOfData): null

27-11-2024T10:33:17 - [TEST_STEP][PASSED] - if (typeOfData == "Факт в процентах" || typeOfData == "План в процентах"): null

27-11-2024T10:33:17 - [TEST_STEP][PASSED] - else: null

27-11-2024T10:33:17 - [TEST_STEP][PASSED] - setValueToCellByIndex(sheet01, n, 3, fileInt): null

27-11-2024T10:33:17 - [TEST_STEP][PASSED] - setValueToCellByIndex(sheet01, n, 4, "нет данных"): null

27-11-2024T10:33:17 - [TEST_STEP][PASSED] - setValueToCellByIndex(sheet01, n, 5, m): null

27-11-2024T10:33:17 - [TEST_STEP][PASSED] - setValueToCellByIndex(sheet01, n, 6, y): null

27-11-2024T10:33:17 - [TEST_STEP][PASSED] - setValueToCellByIndex(sheet01, n, 7, todaysDate): null

27-11-2024T10:33:17 - [TEST_STEP][PASSED] - n = n + 1: null

27-11-2024T10:33:17 - [TEST_STEP][PASSED] - saveWorkbook(excelFilePath, workbook01): null

27-11-2024T10:33:17 - [TEST_STEP][PASSED] - typeOfData = "Факт Потери": null

27-11-2024T10:33:17 - [TEST_STEP][PASSED] - fileInt = replaceAll("\s+", "").toInteger(): null

27-11-2024T10:33:17 - [TEST_STEP][PASSED] - Script1718980020443.WriteToExcelNoData(a, typeOfData, todaysDate, fileInt, fileDouble, dZO): null

27-11-2024T10:33:17 - [TEST_STEP][PASSED] - sheetName = "Sheet1": null

27-11-2024T10:33:17 - [TEST_STEP][PASSED] - data = findTestData("PlanFact"): null

27-11-2024T10:33:17 - [TEST_STEP][PASSED] - n = data.getRowNumbers() + 1: null

27-11-2024T10:33:17 - [TEST_STEP][PASSED] - year = todaysDate.substring(todaysDate.length() - 4, todaysDate.length()): null

27-11-2024T10:33:17 - [TEST_STEP][PASSED] - y = year.toInteger(): null

27-11-2024T10:33:17 - [TEST_STEP][PASSED] - m = getText(findTestObject("Выполнение бизнес-плана/Период")): Text of object 'Object Repository/Выполнение бизнес-плана/Период' is: '1, 2, 3 кв. 2024 года'

27-11-2024T10:33:17 - [MESSAGE][PASSED] - Text of object 'Object Repository/Выполнение бизнес-плана/Период' is: '1, 2, 3 кв. 2024 года'

27-11-2024T10:33:17 - [TEST_STEP][PASSED] - m = m.substring(0, m.indexOf("2024")): null

27-11-2024T10:33:17 - [TEST_STEP][PASSED] - m = m.trim(): null

27-11-2024T10:33:17 - [TEST_STEP][PASSED] - dashboardName = "Выполнение бизнес-плана": null

27-11-2024T10:33:17 - [TEST_STEP][PASSED] - workbook01 = getWorkbook(excelFilePath): null

27-11-2024T10:33:17 - [TEST_STEP][PASSED] - sheet01 = getExcelSheet(workbook01, sheetName): null

27-11-2024T10:33:17 - [TEST_STEP][PASSED] - setValueToCellByIndex(sheet01, n, 0, dashboardName): null

27-11-2024T10:33:17 - [TEST_STEP][PASSED] - setValueToCellByIndex(sheet01, n, 1, dZO): null

27-11-2024T10:33:17 - [TEST_STEP][PASSED] - setValueToCellByIndex(sheet01, n, 2, typeOfData): null

27-11-2024T10:33:17 - [TEST_STEP][PASSED] - if (typeOfData == "Факт в процентах" || typeOfData == "План в процентах"): null

27-11-2024T10:33:17 - [TEST_STEP][PASSED] - else: null

27-11-2024T10:33:17 - [TEST_STEP][PASSED] - setValueToCellByIndex(sheet01, n, 3, fileInt): null

27-11-2024T10:33:17 - [TEST_STEP][PASSED] - setValueToCellByIndex(sheet01, n, 4, "нет данных"): null

27-11-2024T10:33:17 - [TEST_STEP][PASSED] - setValueToCellByIndex(sheet01, n, 5, m): null

27-11-2024T10:33:17 - [TEST_STEP][PASSED] - setValueToCellByIndex(sheet01, n, 6, y): null

27-11-2024T10:33:17 - [TEST_STEP][PASSED] - setValueToCellByIndex(sheet01, n, 7, todaysDate): null

27-11-2024T10:33:17 - [TEST_STEP][PASSED] - n = n + 1: null

27-11-2024T10:33:17 - [TEST_STEP][PASSED] - saveWorkbook(excelFilePath, workbook01): null

27-11-2024T10:33:18 - [TEST_STEP][PASSED] - typeOfData = "План Отпуск в сеть": null

27-11-2024T10:33:18 - [TEST_STEP][PASSED] - fileInt = replaceAll("\s+", "").toInteger(): null

27-11-2024T10:33:18 - [TEST_STEP][PASSED] - Script1718980020443.WriteToExcelNoData(a, typeOfData, todaysDate, fileInt, fileDouble, dZO): null

27-11-2024T10:33:18 - [TEST_STEP][PASSED] - sheetName = "Sheet1": null

27-11-2024T10:33:18 - [TEST_STEP][PASSED] - data = findTestData("PlanFact"): null

27-11-2024T10:33:18 - [TEST_STEP][PASSED] - n = data.getRowNumbers() + 1: null

27-11-2024T10:33:18 - [TEST_STEP][PASSED] - year = todaysDate.substring(todaysDate.length() - 4, todaysDate.length()): null

27-11-2024T10:33:18 - [TEST_STEP][PASSED] - y = year.toInteger(): null

27-11-2024T10:33:18 - [TEST_STEP][PASSED] - m = getText(findTestObject("Выполнение бизнес-плана/Период")): Text of object 'Object Repository/Выполнение бизнес-плана/Период' is: '1, 2, 3 кв. 2024 года'

27-11-2024T10:33:18 - [MESSAGE][PASSED] - Text of object 'Object Repository/Выполнение бизнес-плана/Период' is: '1, 2, 3 кв. 2024 года'

27-11-2024T10:33:18 - [TEST_STEP][PASSED] - m = m.substring(0, m.indexOf("2024")): null

27-11-2024T10:33:18 - [TEST_STEP][PASSED] - m = m.trim(): null

27-11-2024T10:33:18 - [TEST_STEP][PASSED] - dashboardName = "Выполнение бизнес-плана": null

27-11-2024T10:33:18 - [TEST_STEP][PASSED] - workbook01 = getWorkbook(excelFilePath): null

27-11-2024T10:33:18 - [TEST_STEP][PASSED] - sheet01 = getExcelSheet(workbook01, sheetName): null

27-11-2024T10:33:18 - [TEST_STEP][PASSED] - setValueToCellByIndex(sheet01, n, 0, dashboardName): null

27-11-2024T10:33:18 - [TEST_STEP][PASSED] - setValueToCellByIndex(sheet01, n, 1, dZO): null

27-11-2024T10:33:18 - [TEST_STEP][PASSED] - setValueToCellByIndex(sheet01, n, 2, typeOfData): null

27-11-2024T10:33:18 - [TEST_STEP][PASSED] - if (typeOfData == "Факт в процентах" || typeOfData == "План в процентах"): null

27-11-2024T10:33:18 - [TEST_STEP][PASSED] - else: null

27-11-2024T10:33:18 - [TEST_STEP][PASSED] - setValueToCellByIndex(sheet01, n, 3, fileInt): null

27-11-2024T10:33:18 - [TEST_STEP][PASSED] - setValueToCellByIndex(sheet01, n, 4, "нет данных"): null

27-11-2024T10:33:18 - [TEST_STEP][PASSED] - setValueToCellByIndex(sheet01, n, 5, m): null

27-11-2024T10:33:18 - [TEST_STEP][PASSED] - setValueToCellByIndex(sheet01, n, 6, y): null

27-11-2024T10:33:18 - [TEST_STEP][PASSED] - setValueToCellByIndex(sheet01, n, 7, todaysDate): null

27-11-2024T10:33:18 - [TEST_STEP][PASSED] - n = n + 1: null

27-11-2024T10:33:18 - [TEST_STEP][PASSED] - saveWorkbook(excelFilePath, workbook01): null

27-11-2024T10:33:18 - [TEST_STEP][PASSED] - typeOfData = "План Потери": null

27-11-2024T10:33:18 - [TEST_STEP][PASSED] - fileInt = replaceAll("\s+", "").toInteger(): null

27-11-2024T10:33:18 - [TEST_STEP][PASSED] - Script1718980020443.WriteToExcelNoData(a, typeOfData, todaysDate, fileInt, fileDouble, dZO): null

27-11-2024T10:33:18 - [TEST_STEP][PASSED] - sheetName = "Sheet1": null

27-11-2024T10:33:18 - [TEST_STEP][PASSED] - data = findTestData("PlanFact"): null

27-11-2024T10:33:18 - [TEST_STEP][PASSED] - n = data.getRowNumbers() + 1: null

27-11-2024T10:33:18 - [TEST_STEP][PASSED] - year = todaysDate.substring(todaysDate.length() - 4, todaysDate.length()): null

27-11-2024T10:33:18 - [TEST_STEP][PASSED] - y = year.toInteger(): null

27-11-2024T10:33:18 - [TEST_STEP][PASSED] - m = getText(findTestObject("Выполнение бизнес-плана/Период")): Text of object 'Object Repository/Выполнение бизнес-плана/Период' is: '1, 2, 3 кв. 2024 года'

27-11-2024T10:33:19 - [MESSAGE][PASSED] - Text of object 'Object Repository/Выполнение бизнес-плана/Период' is: '1, 2, 3 кв. 2024 года'

27-11-2024T10:33:19 - [TEST_STEP][PASSED] - m = m.substring(0, m.indexOf("2024")): null

27-11-2024T10:33:19 - [TEST_STEP][PASSED] - m = m.trim(): null

27-11-2024T10:33:19 - [TEST_STEP][PASSED] - dashboardName = "Выполнение бизнес-плана": null

27-11-2024T10:33:19 - [TEST_STEP][PASSED] - workbook01 = getWorkbook(excelFilePath): null

27-11-2024T10:33:19 - [TEST_STEP][PASSED] - sheet01 = getExcelSheet(workbook01, sheetName): null

27-11-2024T10:33:19 - [TEST_STEP][PASSED] - setValueToCellByIndex(sheet01, n, 0, dashboardName): null

27-11-2024T10:33:19 - [TEST_STEP][PASSED] - setValueToCellByIndex(sheet01, n, 1, dZO): null

27-11-2024T10:33:19 - [TEST_STEP][PASSED] - setValueToCellByIndex(sheet01, n, 2, typeOfData): null

27-11-2024T10:33:19 - [TEST_STEP][PASSED] - if (typeOfData == "Факт в процентах" || typeOfData == "План в процентах"): null

27-11-2024T10:33:19 - [TEST_STEP][PASSED] - else: null

27-11-2024T10:33:19 - [TEST_STEP][PASSED] - setValueToCellByIndex(sheet01, n, 3, fileInt): null

27-11-2024T10:33:19 - [TEST_STEP][PASSED] - setValueToCellByIndex(sheet01, n, 4, "нет данных"): null

27-11-2024T10:33:19 - [TEST_STEP][PASSED] - setValueToCellByIndex(sheet01, n, 5, m): null

27-11-2024T10:33:19 - [TEST_STEP][PASSED] - setValueToCellByIndex(sheet01, n, 6, y): null

27-11-2024T10:33:19 - [TEST_STEP][PASSED] - setValueToCellByIndex(sheet01, n, 7, todaysDate): null

27-11-2024T10:33:19 - [TEST_STEP][PASSED] - n = n + 1: null

27-11-2024T10:33:19 - [TEST_STEP][PASSED] - saveWorkbook(excelFilePath, workbook01): null

27-11-2024T10:33:19 - [TEST_STEP][PASSED] - typeOfData = "План в процентах": null

27-11-2024T10:33:19 - [TEST_STEP][PASSED] - fileDouble = ").toDouble(): null

27-11-2024T10:33:19 - [TEST_STEP][PASSED] - Script1718980020443.WriteToExcelNoData(a, typeOfData, todaysDate, fileInt, fileDouble, dZO): null

27-11-2024T10:33:19 - [TEST_STEP][PASSED] - sheetName = "Sheet1": null

27-11-2024T10:33:19 - [TEST_STEP][PASSED] - data = findTestData("PlanFact"): null

27-11-2024T10:33:19 - [TEST_STEP][PASSED] - n = data.getRowNumbers() + 1: null

27-11-2024T10:33:19 - [TEST_STEP][PASSED] - year = todaysDate.substring(todaysDate.length() - 4, todaysDate.length()): null

27-11-2024T10:33:19 - [TEST_STEP][PASSED] - y = year.toInteger(): null

27-11-2024T10:33:19 - [TEST_STEP][PASSED] - m = getText(findTestObject("Выполнение бизнес-плана/Период")): Text of object 'Object Repository/Выполнение бизнес-плана/Период' is: '1, 2, 3 кв. 2024 года'

27-11-2024T10:33:19 - [MESSAGE][PASSED] - Text of object 'Object Repository/Выполнение бизнес-плана/Период' is: '1, 2, 3 кв. 2024 года'

27-11-2024T10:33:19 - [TEST_STEP][PASSED] - m = m.substring(0, m.indexOf("2024")): null

27-11-2024T10:33:19 - [TEST_STEP][PASSED] - m = m.trim(): null

27-11-2024T10:33:19 - [TEST_STEP][PASSED] - dashboardName = "Выполнение бизнес-плана": null

27-11-2024T10:33:19 - [TEST_STEP][PASSED] - workbook01 = getWorkbook(excelFilePath): null

27-11-2024T10:33:19 - [TEST_STEP][PASSED] - sheet01 = getExcelSheet(workbook01, sheetName): null

27-11-2024T10:33:19 - [TEST_STEP][PASSED] - setValueToCellByIndex(sheet01, n, 0, dashboardName): null

27-11-2024T10:33:19 - [TEST_STEP][PASSED] - setValueToCellByIndex(sheet01, n, 1, dZO): null

27-11-2024T10:33:19 - [TEST_STEP][PASSED] - setValueToCellByIndex(sheet01, n, 2, typeOfData): null

27-11-2024T10:33:19 - [TEST_STEP][PASSED] - if (typeOfData == "Факт в процентах" || typeOfData == "План в процентах"): null

27-11-2024T10:33:19 - [TEST_STEP][PASSED] - setValueToCellByIndex(sheet01, n, 3, fileDouble): null

27-11-2024T10:33:19 - [TEST_STEP][PASSED] - setValueToCellByIndex(sheet01, n, 4, "нет данных"): null

27-11-2024T10:33:19 - [TEST_STEP][PASSED] - setValueToCellByIndex(sheet01, n, 5, m): null

27-11-2024T10:33:19 - [TEST_STEP][PASSED] - setValueToCellByIndex(sheet01, n, 6, y): null

27-11-2024T10:33:19 - [TEST_STEP][PASSED] - setValueToCellByIndex(sheet01, n, 7, todaysDate): null

27-11-2024T10:33:19 - [TEST_STEP][PASSED] - n = n + 1: null

27-11-2024T10:33:19 - [TEST_STEP][PASSED] - saveWorkbook(excelFilePath, workbook01): null

27-11-2024T10:33:20 - [TEST_STEP][PASSED] - typeOfData = "Факт в процентах": null

27-11-2024T10:33:20 - [TEST_STEP][PASSED] - fileDouble = ").toDouble(): null

27-11-2024T10:33:20 - [TEST_STEP][PASSED] - Script1718980020443.WriteToExcelNoData(a, typeOfData, todaysDate, fileInt, fileDouble, dZO): null

27-11-2024T10:33:20 - [TEST_STEP][PASSED] - sheetName = "Sheet1": null

27-11-2024T10:33:20 - [TEST_STEP][PASSED] - data = findTestData("PlanFact"): null

27-11-2024T10:33:20 - [TEST_STEP][PASSED] - n = data.getRowNumbers() + 1: null

27-11-2024T10:33:20 - [TEST_STEP][PASSED] - year = todaysDate.substring(todaysDate.length() - 4, todaysDate.length()): null

27-11-2024T10:33:20 - [TEST_STEP][PASSED] - y = year.toInteger(): null

27-11-2024T10:33:20 - [TEST_STEP][PASSED] - m = getText(findTestObject("Выполнение бизнес-плана/Период")): Text of object 'Object Repository/Выполнение бизнес-плана/Период' is: '1, 2, 3 кв. 2024 года'

27-11-2024T10:33:20 - [MESSAGE][PASSED] - Text of object 'Object Repository/Выполнение бизнес-плана/Период' is: '1, 2, 3 кв. 2024 года'

27-11-2024T10:33:20 - [TEST_STEP][PASSED] - m = m.substring(0, m.indexOf("2024")): null

27-11-2024T10:33:20 - [TEST_STEP][PASSED] - m = m.trim(): null

27-11-2024T10:33:20 - [TEST_STEP][PASSED] - dashboardName = "Выполнение бизнес-плана": null

27-11-2024T10:33:20 - [TEST_STEP][PASSED] - workbook01 = getWorkbook(excelFilePath): null

27-11-2024T10:33:20 - [TEST_STEP][PASSED] - sheet01 = getExcelSheet(workbook01, sheetName): null

27-11-2024T10:33:20 - [TEST_STEP][PASSED] - setValueToCellByIndex(sheet01, n, 0, dashboardName): null

27-11-2024T10:33:20 - [TEST_STEP][PASSED] - setValueToCellByIndex(sheet01, n, 1, dZO): null

27-11-2024T10:33:20 - [TEST_STEP][PASSED] - setValueToCellByIndex(sheet01, n, 2, typeOfData): null

27-11-2024T10:33:20 - [TEST_STEP][PASSED] - if (typeOfData == "Факт в процентах" || typeOfData == "План в процентах"): null

27-11-2024T10:33:20 - [TEST_STEP][PASSED] - setValueToCellByIndex(sheet01, n, 3, fileDouble): null

27-11-2024T10:33:20 - [TEST_STEP][PASSED] - setValueToCellByIndex(sheet01, n, 4, "нет данных"): null

27-11-2024T10:33:20 - [TEST_STEP][PASSED] - setValueToCellByIndex(sheet01, n, 5, m): null

27-11-2024T10:33:20 - [TEST_STEP][PASSED] - setValueToCellByIndex(sheet01, n, 6, y): null

27-11-2024T10:33:20 - [TEST_STEP][PASSED] - setValueToCellByIndex(sheet01, n, 7, todaysDate): null

27-11-2024T10:33:20 - [TEST_STEP][PASSED] - n = n + 1: null

27-11-2024T10:33:20 - [TEST_STEP][PASSED] - saveWorkbook(excelFilePath, workbook01): null

27-11-2024T10:33:20 - [TEST_STEP][PASSED] - println(dzoNum): null

27-11-2024T10:33:20 - [TEST_STEP][PASSED] - dZO = "Россети Северный Кавказ": null

27-11-2024T10:33:20 - [TEST_STEP][PASSED] - a = 65: null

27-11-2024T10:33:20 - [TEST_STEP][PASSED] - if (x1.contains(dZO)): null

27-11-2024T10:33:20 - [TEST_STEP][PASSED] - dzoNum = dzoNum + 1: null

27-11-2024T10:33:20 - [TEST_STEP][PASSED] - Script1718980020443.Numbers(a, typeOfData, todaysDate, pageInt, fileInt, pageDouble, fileDouble, dZO, dzoNum, filialNum): null

27-11-2024T10:33:20 - [TEST_STEP][PASSED] - println(dzoNum): null

27-11-2024T10:33:20 - [TEST_STEP][PASSED] - planFact = <not implemented yet for class: org.codehaus.groovy.ast.expr.EmptyExpression>: null

27-11-2024T10:33:20 - [TEST_STEP][PASSED] - page = <not implemented yet for class: org.codehaus.groovy.ast.expr.EmptyExpression>: null

27-11-2024T10:33:20 - [TEST_STEP][PASSED] - page1 = <not implemented yet for class: org.codehaus.groovy.ast.expr.EmptyExpression>: null

27-11-2024T10:33:20 - [TEST_STEP][PASSED] - page2 = <not implemented yet for class: org.codehaus.groovy.ast.expr.EmptyExpression>: null

27-11-2024T10:33:20 - [TEST_STEP][PASSED] - filialNumberInRow = <not implemented yet for class: org.codehaus.groovy.ast.expr.EmptyExpression>: null

27-11-2024T10:33:20 - [TEST_STEP][PASSED] - filialsDzoNames = <not implemented yet for class: org.codehaus.groovy.ast.expr.EmptyExpression>: null

27-11-2024T10:33:20 - [TEST_STEP][PASSED] - numberOfFilials = <not implemented yet for class: org.codehaus.groovy.ast.expr.EmptyExpression>: null

27-11-2024T10:33:20 - [TEST_STEP][PASSED] - numberOfSpaces = <not implemented yet for class: org.codehaus.groovy.ast.expr.EmptyExpression>: null

27-11-2024T10:33:20 - [TEST_STEP][PASSED] - file = <not implemented yet for class: org.codehaus.groovy.ast.expr.EmptyExpression>: null

27-11-2024T10:33:20 - [TEST_STEP][PASSED] - otpusk = <not implemented yet for class: org.codehaus.groovy.ast.expr.EmptyExpression>: null

27-11-2024T10:33:20 - [TEST_STEP][PASSED] - poteri = <not implemented yet for class: org.codehaus.groovy.ast.expr.EmptyExpression>: null

27-11-2024T10:33:20 - [TEST_STEP][PASSED] - dataFolder = "Выполнение бизнес-плана/Значения со страницы Выполнение бизнес-плана/": null

27-11-2024T10:33:20 - [TEST_STEP][PASSED] - path = <not implemented yet for class: org.codehaus.groovy.ast.expr.EmptyExpression>: null

27-11-2024T10:33:20 - [TEST_STEP][PASSED] - typeOfDataMain = <not implemented yet for class: org.codehaus.groovy.ast.expr.EmptyExpression>: null

27-11-2024T10:33:20 - [TEST_STEP][PASSED] - fileOtpuskVSet = <not implemented yet for class: org.codehaus.groovy.ast.expr.EmptyExpression>: null

27-11-2024T10:33:20 - [TEST_STEP][PASSED] - pageOtpuskVSet = <not implemented yet for class: org.codehaus.groovy.ast.expr.EmptyExpression>: null

27-11-2024T10:33:20 - [TEST_STEP][PASSED] - filePoteri = <not implemented yet for class: org.codehaus.groovy.ast.expr.EmptyExpression>: null

27-11-2024T10:33:20 - [TEST_STEP][PASSED] - pagePoteri = <not implemented yet for class: org.codehaus.groovy.ast.expr.EmptyExpression>: null

27-11-2024T10:33:20 - [TEST_STEP][PASSED] - compare = <not implemented yet for class: org.codehaus.groovy.ast.expr.EmptyExpression>: null

27-11-2024T10:33:20 - [TEST_STEP][PASSED] - b = <not implemented yet for class: org.codehaus.groovy.ast.expr.EmptyExpression>: null

27-11-2024T10:33:20 - [TEST_STEP][PASSED] - i = <not implemented yet for class: org.codehaus.groovy.ast.expr.EmptyExpression>: null

27-11-2024T10:33:20 - [TEST_STEP][PASSED] - ii = <not implemented yet for class: org.codehaus.groovy.ast.expr.EmptyExpression>: null

27-11-2024T10:33:20 - [TEST_STEP][PASSED] - c = <not implemented yet for class: org.codehaus.groovy.ast.expr.EmptyExpression>: null

27-11-2024T10:33:20 - [TEST_STEP][PASSED] - numberOfErrors = 0: null

27-11-2024T10:33:20 - [TEST_STEP][PASSED] - if (a == 82): null

27-11-2024T10:33:20 - [TEST_STEP][PASSED] - b = findTestData("PlanFact").getValue(1, a): null

27-11-2024T10:33:20 - [TEST_STEP][PASSED] - i = b.indexOf(" (ГК)"): null

27-11-2024T10:33:20 - [TEST_STEP][PASSED] - if (i > -1): null

27-11-2024T10:33:20 - [TEST_STEP][PASSED] - i = b.indexOf("О ""): null

27-11-2024T10:33:20 - [TEST_STEP][PASSED] - if (i > -1): null

27-11-2024T10:33:20 - [TEST_STEP][PASSED] - i = b.indexOf("О «"): null

27-11-2024T10:33:20 - [TEST_STEP][PASSED] - if (i > -1): null

27-11-2024T10:33:20 - [TEST_STEP][PASSED] - i = b.indexOf("г. "): null

27-11-2024T10:33:20 - [TEST_STEP][PASSED] - if (i > -1): null

27-11-2024T10:33:20 - [TEST_STEP][PASSED] - println(b): null

27-11-2024T10:33:20 - [TEST_STEP][PASSED] - for ([planFact = 1, planFact < 3, (planFact++)]): null

27-11-2024T10:33:20 - [TEST_STEP][PASSED] - if (planFact == 1): null

27-11-2024T10:33:20 - [TEST_STEP][PASSED] - typeOfDataMain = "Факт": null

27-11-2024T10:33:20 - [TEST_STEP][PASSED] - otpusk = findTestData("PlanFact").getValue(5, a): null

27-11-2024T10:33:20 - [TEST_STEP][PASSED] - poteri = findTestData("PlanFact").getValue(6, a): null

27-11-2024T10:33:20 - [TEST_STEP][PASSED] - otpusk = otpusk.replaceAll("\s+", ""): null

27-11-2024T10:33:20 - [TEST_STEP][PASSED] - poteri = poteri.replaceAll("\s+", ""): null

27-11-2024T10:33:20 - [TEST_STEP][PASSED] - typeOfData = typeOfDataMain + " Отпуск в сеть": null

27-11-2024T10:33:20 - [TEST_STEP][PASSED] - if (a == 82): null

27-11-2024T10:33:20 - [TEST_STEP][PASSED] - else if (a == 84): null

27-11-2024T10:33:20 - [TEST_STEP][PASSED] - else if (a == 52 || a == 72 || a == 28 || a == 73 || a == 77 || a == 74 || a == 65 || a == 36 || a == 44 || a == 53 || a == 80 || a == 54 || a == 1 || a == 18 || a == 59 || a == 81): null

27-11-2024T10:33:20 - [TEST_STEP][PASSED] - path = dataFolder + "Table Data/" + typeOfData + " за отчётный период " + dzoNum: null

27-11-2024T10:33:20 - [TEST_STEP][PASSED] - println(path): null

27-11-2024T10:33:20 - [TEST_STEP][PASSED] - page = getText(findTestObject(path)): Text of object 'Object Repository/Выполнение бизнес-плана/Значения со страницы Выполнение бизнес-плана/Table Data/Факт Отпуск в сеть за отчётный период 3' is: '17 367 779'

27-11-2024T10:33:21 - [MESSAGE][PASSED] - Text of object 'Object Repository/Выполнение бизнес-плана/Значения со страницы Выполнение бизнес-плана/Table Data/Факт Отпуск в сеть за отчётный период 3' is: '17 367 779'

27-11-2024T10:33:21 - [TEST_STEP][PASSED] - page = page.replaceAll("\s+", ""): null

27-11-2024T10:33:21 - [TEST_STEP][PASSED] - fileOtpuskVSet = otpusk.toInteger(): null

27-11-2024T10:33:21 - [TEST_STEP][PASSED] - pageOtpuskVSet = page.toInteger(): null

27-11-2024T10:33:21 - [TEST_STEP][PASSED] - typeOfData = typeOfDataMain + " Потери": null

27-11-2024T10:33:21 - [TEST_STEP][PASSED] - if (a == 82): null

27-11-2024T10:33:21 - [TEST_STEP][PASSED] - else if (a == 84): null

27-11-2024T10:33:21 - [TEST_STEP][PASSED] - else if (a == 52 || a == 72 || a == 28 || a == 73 || a == 77 || a == 74 || a == 65 || a == 36 || a == 44 || a == 53 || a == 80 || a == 54 || a == 1 || a == 18 || a == 59 || a == 81): null

27-11-2024T10:33:21 - [TEST_STEP][PASSED] - path = dataFolder + "Table Data/" + typeOfData + " за отчётный период " + dzoNum: null

27-11-2024T10:33:21 - [TEST_STEP][PASSED] - page = getText(findTestObject(path)): Text of object 'Object Repository/Выполнение бизнес-плана/Значения со страницы Выполнение бизнес-плана/Table Data/Факт Потери за отчётный период 3' is: '4 783 177'

27-11-2024T10:33:21 - [MESSAGE][PASSED] - Text of object 'Object Repository/Выполнение бизнес-плана/Значения со страницы Выполнение бизнес-плана/Table Data/Факт Потери за отчётный период 3' is: '4 783 177'

27-11-2024T10:33:21 - [TEST_STEP][PASSED] - page = page.replaceAll("\s+", ""): null

27-11-2024T10:33:21 - [TEST_STEP][PASSED] - filePoteri = poteri.toInteger(): null

27-11-2024T10:33:21 - [TEST_STEP][PASSED] - pagePoteri = page.toInteger(): null

27-11-2024T10:33:21 - [TEST_STEP][PASSED] - compare = pageOtpuskVSet: null

27-11-2024T10:33:21 - [TEST_STEP][PASSED] - if (compare == fileOtpuskVSet): null

27-11-2024T10:33:21 - [TEST_STEP][PASSED] - else if (compare > fileOtpuskVSet): null

27-11-2024T10:33:21 - [TEST_STEP][PASSED] - compare = compare - 1: null

27-11-2024T10:33:21 - [TEST_STEP][PASSED] - if (compare == fileOtpuskVSet): null

27-11-2024T10:33:21 - [TEST_STEP][PASSED] - else: null

27-11-2024T10:33:21 - [TEST_STEP][PASSED] - numberOfErrors = numberOfErrors + 1: null

27-11-2024T10:33:21 - [TEST_STEP][PASSED] - pageInt = pageOtpuskVSet: null

27-11-2024T10:33:21 - [TEST_STEP][PASSED] - fileInt = fileOtpuskVSet: null

27-11-2024T10:33:21 - [TEST_STEP][PASSED] - typeOfData = typeOfDataMain + " Отпуск в сеть": null

27-11-2024T10:33:21 - [TEST_STEP][PASSED] - Script1718980020443.WriteToExcel(a, typeOfData, todaysDate, pageInt, fileInt, pageDouble, fileDouble, dZO): null

27-11-2024T10:33:21 - [TEST_STEP][PASSED] - sheetName = "Sheet1": null

27-11-2024T10:33:21 - [TEST_STEP][PASSED] - data = findTestData("PlanFact"): null

27-11-2024T10:33:21 - [TEST_STEP][PASSED] - n = data.getRowNumbers() + 1: null

27-11-2024T10:33:21 - [TEST_STEP][PASSED] - year = todaysDate.substring(todaysDate.length() - 4, todaysDate.length()): null

27-11-2024T10:33:21 - [TEST_STEP][PASSED] - y = year.toInteger(): null

27-11-2024T10:33:21 - [TEST_STEP][PASSED] - m = getText(findTestObject("Выполнение бизнес-плана/Период")): Text of object 'Object Repository/Выполнение бизнес-плана/Период' is: '1, 2, 3 кв. 2024 года'

27-11-2024T10:33:22 - [MESSAGE][PASSED] - Text of object 'Object Repository/Выполнение бизнес-плана/Период' is: '1, 2, 3 кв. 2024 года'

27-11-2024T10:33:22 - [TEST_STEP][PASSED] - m = m.substring(0, m.indexOf("2024")): null

27-11-2024T10:33:22 - [TEST_STEP][PASSED] - m = m.trim(): null

27-11-2024T10:33:22 - [TEST_STEP][PASSED] - dashboardName = "Выполнение бизнес-плана": null

27-11-2024T10:33:22 - [TEST_STEP][PASSED] - workbook01 = getWorkbook(excelFilePath): null

27-11-2024T10:33:22 - [TEST_STEP][PASSED] - sheet01 = getExcelSheet(workbook01, sheetName): null

27-11-2024T10:33:22 - [TEST_STEP][PASSED] - setValueToCellByIndex(sheet01, n, 0, dashboardName): null

27-11-2024T10:33:22 - [TEST_STEP][PASSED] - setValueToCellByIndex(sheet01, n, 1, dZO): null

27-11-2024T10:33:22 - [TEST_STEP][PASSED] - setValueToCellByIndex(sheet01, n, 2, typeOfData): null

27-11-2024T10:33:22 - [TEST_STEP][PASSED] - if (typeOfData == "Факт в процентах" || typeOfData == "План в процентах"): null

27-11-2024T10:33:22 - [TEST_STEP][PASSED] - else: null

27-11-2024T10:33:22 - [TEST_STEP][PASSED] - setValueToCellByIndex(sheet01, n, 3, fileInt): null

27-11-2024T10:33:22 - [TEST_STEP][PASSED] - setValueToCellByIndex(sheet01, n, 4, pageInt): null

27-11-2024T10:33:22 - [TEST_STEP][PASSED] - setValueToCellByIndex(sheet01, n, 5, m): null

27-11-2024T10:33:22 - [TEST_STEP][PASSED] - setValueToCellByIndex(sheet01, n, 6, y): null

27-11-2024T10:33:22 - [TEST_STEP][PASSED] - setValueToCellByIndex(sheet01, n, 7, todaysDate): null

27-11-2024T10:33:22 - [TEST_STEP][PASSED] - n = n + 1: null

27-11-2024T10:33:22 - [TEST_STEP][PASSED] - saveWorkbook(excelFilePath, workbook01): null

27-11-2024T10:33:22 - [TEST_STEP][PASSED] - compare = pagePoteri: null

27-11-2024T10:33:22 - [TEST_STEP][PASSED] - if (compare == filePoteri): null

27-11-2024T10:33:22 - [TEST_STEP][PASSED] - else if (compare > filePoteri): null

27-11-2024T10:33:22 - [TEST_STEP][PASSED] - compare = compare - 1: null

27-11-2024T10:33:22 - [TEST_STEP][PASSED] - if (compare == filePoteri): null

27-11-2024T10:33:22 - [TEST_STEP][PASSED] - else: null

27-11-2024T10:33:22 - [TEST_STEP][PASSED] - numberOfErrors = numberOfErrors + 1: null

27-11-2024T10:33:22 - [TEST_STEP][PASSED] - pageInt = pagePoteri: null

27-11-2024T10:33:22 - [TEST_STEP][PASSED] - fileInt = filePoteri: null

27-11-2024T10:33:22 - [TEST_STEP][PASSED] - typeOfData = typeOfDataMain + " Потери": null

27-11-2024T10:33:22 - [TEST_STEP][PASSED] - Script1718980020443.WriteToExcel(a, typeOfData, todaysDate, pageInt, fileInt, pageDouble, fileDouble, dZO): null

27-11-2024T10:33:22 - [TEST_STEP][PASSED] - sheetName = "Sheet1": null

27-11-2024T10:33:22 - [TEST_STEP][PASSED] - data = findTestData("PlanFact"): null

27-11-2024T10:33:22 - [TEST_STEP][PASSED] - n = data.getRowNumbers() + 1: null

27-11-2024T10:33:22 - [TEST_STEP][PASSED] - year = todaysDate.substring(todaysDate.length() - 4, todaysDate.length()): null

27-11-2024T10:33:22 - [TEST_STEP][PASSED] - y = year.toInteger(): null

27-11-2024T10:33:22 - [TEST_STEP][PASSED] - m = getText(findTestObject("Выполнение бизнес-плана/Период")): Text of object 'Object Repository/Выполнение бизнес-плана/Период' is: '1, 2, 3 кв. 2024 года'

27-11-2024T10:33:22 - [MESSAGE][PASSED] - Text of object 'Object Repository/Выполнение бизнес-плана/Период' is: '1, 2, 3 кв. 2024 года'

27-11-2024T10:33:22 - [TEST_STEP][PASSED] - m = m.substring(0, m.indexOf("2024")): null

27-11-2024T10:33:22 - [TEST_STEP][PASSED] - m = m.trim(): null

27-11-2024T10:33:22 - [TEST_STEP][PASSED] - dashboardName = "Выполнение бизнес-плана": null

27-11-2024T10:33:22 - [TEST_STEP][PASSED] - workbook01 = getWorkbook(excelFilePath): null

27-11-2024T10:33:22 - [TEST_STEP][PASSED] - sheet01 = getExcelSheet(workbook01, sheetName): null

27-11-2024T10:33:22 - [TEST_STEP][PASSED] - setValueToCellByIndex(sheet01, n, 0, dashboardName): null

27-11-2024T10:33:22 - [TEST_STEP][PASSED] - setValueToCellByIndex(sheet01, n, 1, dZO): null

27-11-2024T10:33:22 - [TEST_STEP][PASSED] - setValueToCellByIndex(sheet01, n, 2, typeOfData): null

27-11-2024T10:33:22 - [TEST_STEP][PASSED] - if (typeOfData == "Факт в процентах" || typeOfData == "План в процентах"): null

27-11-2024T10:33:22 - [TEST_STEP][PASSED] - else: null

27-11-2024T10:33:22 - [TEST_STEP][PASSED] - setValueToCellByIndex(sheet01, n, 3, fileInt): null

27-11-2024T10:33:22 - [TEST_STEP][PASSED] - setValueToCellByIndex(sheet01, n, 4, pageInt): null

27-11-2024T10:33:22 - [TEST_STEP][PASSED] - setValueToCellByIndex(sheet01, n, 5, m): null

27-11-2024T10:33:22 - [TEST_STEP][PASSED] - setValueToCellByIndex(sheet01, n, 6, y): null

27-11-2024T10:33:22 - [TEST_STEP][PASSED] - setValueToCellByIndex(sheet01, n, 7, todaysDate): null

27-11-2024T10:33:22 - [TEST_STEP][PASSED] - n = n + 1: null

27-11-2024T10:33:22 - [TEST_STEP][PASSED] - saveWorkbook(excelFilePath, workbook01): null

27-11-2024T10:33:22 - [TEST_STEP][PASSED] - if (planFact == 2): null

27-11-2024T10:33:22 - [TEST_STEP][PASSED] - if (planFact == 1): null

27-11-2024T10:33:22 - [TEST_STEP][PASSED] - else if (planFact == 2): null

27-11-2024T10:33:22 - [TEST_STEP][PASSED] - click(findTestObject("Выполнение бизнес-плана/Кнопка План")): Object: 'Object Repository/Выполнение бизнес-плана/Кнопка План' is clicked on

27-11-2024T10:33:23 - [MESSAGE][PASSED] - Object: 'Object Repository/Выполнение бизнес-плана/Кнопка План' is clicked on

27-11-2024T10:33:23 - [TEST_STEP][PASSED] - typeOfDataMain = "План": null

27-11-2024T10:33:23 - [TEST_STEP][PASSED] - otpusk = findTestData("PlanFact").getValue(2, a): null

27-11-2024T10:33:23 - [TEST_STEP][PASSED] - poteri = findTestData("PlanFact").getValue(3, a): null

27-11-2024T10:33:23 - [TEST_STEP][PASSED] - otpusk = otpusk.replaceAll("\s+", ""): null

27-11-2024T10:33:23 - [TEST_STEP][PASSED] - poteri = poteri.replaceAll("\s+", ""): null

27-11-2024T10:33:23 - [TEST_STEP][PASSED] - typeOfData = typeOfDataMain + " Отпуск в сеть": null

27-11-2024T10:33:23 - [TEST_STEP][PASSED] - if (a == 82): null

27-11-2024T10:33:23 - [TEST_STEP][PASSED] - else if (a == 84): null

27-11-2024T10:33:23 - [TEST_STEP][PASSED] - else if (a == 52 || a == 72 || a == 28 || a == 73 || a == 77 || a == 74 || a == 65 || a == 36 || a == 44 || a == 53 || a == 80 || a == 54 || a == 1 || a == 18 || a == 59 || a == 81): null

27-11-2024T10:33:23 - [TEST_STEP][PASSED] - path = dataFolder + "Table Data/" + typeOfData + " за отчётный период " + dzoNum: null

27-11-2024T10:33:23 - [TEST_STEP][PASSED] - println(path): null

27-11-2024T10:33:23 - [TEST_STEP][PASSED] - page = getText(findTestObject(path)): Text of object 'Object Repository/Выполнение бизнес-плана/Значения со страницы Выполнение бизнес-плана/Table Data/План Отпуск в сеть за отчётный период 3' is: '16 300 204'

27-11-2024T10:33:23 - [MESSAGE][PASSED] - Text of object 'Object Repository/Выполнение бизнес-плана/Значения со страницы Выполнение бизнес-плана/Table Data/План Отпуск в сеть за отчётный период 3' is: '16 300 204'

27-11-2024T10:33:23 - [TEST_STEP][PASSED] - page = page.replaceAll("\s+", ""): null

27-11-2024T10:33:23 - [TEST_STEP][PASSED] - fileOtpuskVSet = otpusk.toInteger(): null

27-11-2024T10:33:23 - [TEST_STEP][PASSED] - pageOtpuskVSet = page.toInteger(): null

27-11-2024T10:33:23 - [TEST_STEP][PASSED] - typeOfData = typeOfDataMain + " Потери": null

27-11-2024T10:33:23 - [TEST_STEP][PASSED] - if (a == 82): null

27-11-2024T10:33:23 - [TEST_STEP][PASSED] - else if (a == 84): null

27-11-2024T10:33:23 - [TEST_STEP][PASSED] - else if (a == 52 || a == 72 || a == 28 || a == 73 || a == 77 || a == 74 || a == 65 || a == 36 || a == 44 || a == 53 || a == 80 || a == 54 || a == 1 || a == 18 || a == 59 || a == 81): null

27-11-2024T10:33:23 - [TEST_STEP][PASSED] - path = dataFolder + "Table Data/" + typeOfData + " за отчётный период " + dzoNum: null

27-11-2024T10:33:23 - [TEST_STEP][PASSED] - page = getText(findTestObject(path)): Text of object 'Object Repository/Выполнение бизнес-плана/Значения со страницы Выполнение бизнес-плана/Table Data/План Потери за отчётный период 3' is: '3 863 112'

27-11-2024T10:33:23 - [MESSAGE][PASSED] - Text of object 'Object Repository/Выполнение бизнес-плана/Значения со страницы Выполнение бизнес-плана/Table Data/План Потери за отчётный период 3' is: '3 863 112'

27-11-2024T10:33:23 - [TEST_STEP][PASSED] - page = page.replaceAll("\s+", ""): null

27-11-2024T10:33:23 - [TEST_STEP][PASSED] - filePoteri = poteri.toInteger(): null

27-11-2024T10:33:23 - [TEST_STEP][PASSED] - pagePoteri = page.toInteger(): null

27-11-2024T10:33:23 - [TEST_STEP][PASSED] - compare = pageOtpuskVSet: null

27-11-2024T10:33:23 - [TEST_STEP][PASSED] - if (compare == fileOtpuskVSet): null

27-11-2024T10:33:23 - [TEST_STEP][PASSED] - else if (compare > fileOtpuskVSet): null

27-11-2024T10:33:23 - [TEST_STEP][PASSED] - else if (compare < fileOtpuskVSet): null

27-11-2024T10:33:23 - [TEST_STEP][PASSED] - compare = compare + 1: null

27-11-2024T10:33:23 - [TEST_STEP][PASSED] - if (compare == fileOtpuskVSet): null

27-11-2024T10:33:23 - [TEST_STEP][PASSED] - else: null

27-11-2024T10:33:23 - [TEST_STEP][PASSED] - numberOfErrors = numberOfErrors + 1: null

27-11-2024T10:33:23 - [TEST_STEP][PASSED] - pageInt = pageOtpuskVSet: null

27-11-2024T10:33:23 - [TEST_STEP][PASSED] - fileInt = fileOtpuskVSet: null

27-11-2024T10:33:23 - [TEST_STEP][PASSED] - typeOfData = typeOfDataMain + " Отпуск в сеть": null

27-11-2024T10:33:23 - [TEST_STEP][PASSED] - Script1718980020443.WriteToExcel(a, typeOfData, todaysDate, pageInt, fileInt, pageDouble, fileDouble, dZO): null

27-11-2024T10:33:23 - [TEST_STEP][PASSED] - sheetName = "Sheet1": null

27-11-2024T10:33:23 - [TEST_STEP][PASSED] - data = findTestData("PlanFact"): null

27-11-2024T10:33:24 - [TEST_STEP][PASSED] - n = data.getRowNumbers() + 1: null

27-11-2024T10:33:24 - [TEST_STEP][PASSED] - year = todaysDate.substring(todaysDate.length() - 4, todaysDate.length()): null

27-11-2024T10:33:24 - [TEST_STEP][PASSED] - y = year.toInteger(): null

27-11-2024T10:33:24 - [TEST_STEP][PASSED] - m = getText(findTestObject("Выполнение бизнес-плана/Период")): Text of object 'Object Repository/Выполнение бизнес-плана/Период' is: '1, 2, 3 кв. 2024 года'

27-11-2024T10:33:24 - [MESSAGE][PASSED] - Text of object 'Object Repository/Выполнение бизнес-плана/Период' is: '1, 2, 3 кв. 2024 года'

27-11-2024T10:33:24 - [TEST_STEP][PASSED] - m = m.substring(0, m.indexOf("2024")): null

27-11-2024T10:33:24 - [TEST_STEP][PASSED] - m = m.trim(): null

27-11-2024T10:33:24 - [TEST_STEP][PASSED] - dashboardName = "Выполнение бизнес-плана": null

27-11-2024T10:33:24 - [TEST_STEP][PASSED] - workbook01 = getWorkbook(excelFilePath): null

27-11-2024T10:33:24 - [TEST_STEP][PASSED] - sheet01 = getExcelSheet(workbook01, sheetName): null

27-11-2024T10:33:24 - [TEST_STEP][PASSED] - setValueToCellByIndex(sheet01, n, 0, dashboardName): null

27-11-2024T10:33:24 - [TEST_STEP][PASSED] - setValueToCellByIndex(sheet01, n, 1, dZO): null

27-11-2024T10:33:24 - [TEST_STEP][PASSED] - setValueToCellByIndex(sheet01, n, 2, typeOfData): null

27-11-2024T10:33:24 - [TEST_STEP][PASSED] - if (typeOfData == "Факт в процентах" || typeOfData == "План в процентах"): null

27-11-2024T10:33:24 - [TEST_STEP][PASSED] - else: null

27-11-2024T10:33:24 - [TEST_STEP][PASSED] - setValueToCellByIndex(sheet01, n, 3, fileInt): null

27-11-2024T10:33:24 - [TEST_STEP][PASSED] - setValueToCellByIndex(sheet01, n, 4, pageInt): null

27-11-2024T10:33:24 - [TEST_STEP][PASSED] - setValueToCellByIndex(sheet01, n, 5, m): null

27-11-2024T10:33:24 - [TEST_STEP][PASSED] - setValueToCellByIndex(sheet01, n, 6, y): null

27-11-2024T10:33:24 - [TEST_STEP][PASSED] - setValueToCellByIndex(sheet01, n, 7, todaysDate): null

27-11-2024T10:33:24 - [TEST_STEP][PASSED] - n = n + 1: null

27-11-2024T10:33:24 - [TEST_STEP][PASSED] - saveWorkbook(excelFilePath, workbook01): null

27-11-2024T10:33:24 - [TEST_STEP][PASSED] - compare = pagePoteri: null

27-11-2024T10:33:24 - [TEST_STEP][PASSED] - if (compare == filePoteri): null

27-11-2024T10:33:24 - [TEST_STEP][PASSED] - else if (compare > filePoteri): null

27-11-2024T10:33:24 - [TEST_STEP][PASSED] - else if (compare < filePoteri): null

27-11-2024T10:33:24 - [TEST_STEP][PASSED] - compare = compare + 1: null

27-11-2024T10:33:24 - [TEST_STEP][PASSED] - if (compare == filePoteri): null

27-11-2024T10:33:24 - [TEST_STEP][PASSED] - else: null

27-11-2024T10:33:24 - [TEST_STEP][PASSED] - numberOfErrors = numberOfErrors + 1: null

27-11-2024T10:33:24 - [TEST_STEP][PASSED] - pageInt = pagePoteri: null

27-11-2024T10:33:24 - [TEST_STEP][PASSED] - fileInt = filePoteri: null

27-11-2024T10:33:24 - [TEST_STEP][PASSED] - typeOfData = typeOfDataMain + " Потери": null

27-11-2024T10:33:24 - [TEST_STEP][PASSED] - Script1718980020443.WriteToExcel(a, typeOfData, todaysDate, pageInt, fileInt, pageDouble, fileDouble, dZO): null

27-11-2024T10:33:24 - [TEST_STEP][PASSED] - sheetName = "Sheet1": null

27-11-2024T10:33:24 - [TEST_STEP][PASSED] - data = findTestData("PlanFact"): null

27-11-2024T10:33:24 - [TEST_STEP][PASSED] - n = data.getRowNumbers() + 1: null

27-11-2024T10:33:24 - [TEST_STEP][PASSED] - year = todaysDate.substring(todaysDate.length() - 4, todaysDate.length()): null

27-11-2024T10:33:24 - [TEST_STEP][PASSED] - y = year.toInteger(): null

27-11-2024T10:33:24 - [TEST_STEP][PASSED] - m = getText(findTestObject("Выполнение бизнес-плана/Период")): Text of object 'Object Repository/Выполнение бизнес-плана/Период' is: '1, 2, 3 кв. 2024 года'

27-11-2024T10:33:24 - [MESSAGE][PASSED] - Text of object 'Object Repository/Выполнение бизнес-плана/Период' is: '1, 2, 3 кв. 2024 года'

27-11-2024T10:33:24 - [TEST_STEP][PASSED] - m = m.substring(0, m.indexOf("2024")): null

27-11-2024T10:33:24 - [TEST_STEP][PASSED] - m = m.trim(): null

27-11-2024T10:33:24 - [TEST_STEP][PASSED] - dashboardName = "Выполнение бизнес-плана": null

27-11-2024T10:33:24 - [TEST_STEP][PASSED] - workbook01 = getWorkbook(excelFilePath): null

27-11-2024T10:33:24 - [TEST_STEP][PASSED] - sheet01 = getExcelSheet(workbook01, sheetName): null

27-11-2024T10:33:24 - [TEST_STEP][PASSED] - setValueToCellByIndex(sheet01, n, 0, dashboardName): null

27-11-2024T10:33:24 - [TEST_STEP][PASSED] - setValueToCellByIndex(sheet01, n, 1, dZO): null

27-11-2024T10:33:24 - [TEST_STEP][PASSED] - setValueToCellByIndex(sheet01, n, 2, typeOfData): null

27-11-2024T10:33:24 - [TEST_STEP][PASSED] - if (typeOfData == "Факт в процентах" || typeOfData == "План в процентах"): null

27-11-2024T10:33:24 - [TEST_STEP][PASSED] - else: null

27-11-2024T10:33:24 - [TEST_STEP][PASSED] - setValueToCellByIndex(sheet01, n, 3, fileInt): null

27-11-2024T10:33:24 - [TEST_STEP][PASSED] - setValueToCellByIndex(sheet01, n, 4, pageInt): null

27-11-2024T10:33:24 - [TEST_STEP][PASSED] - setValueToCellByIndex(sheet01, n, 5, m): null

27-11-2024T10:33:24 - [TEST_STEP][PASSED] - setValueToCellByIndex(sheet01, n, 6, y): null

27-11-2024T10:33:24 - [TEST_STEP][PASSED] - setValueToCellByIndex(sheet01, n, 7, todaysDate): null

27-11-2024T10:33:24 - [TEST_STEP][PASSED] - n = n + 1: null

27-11-2024T10:33:24 - [TEST_STEP][PASSED] - saveWorkbook(excelFilePath, workbook01): Object: 'Object Repository/Выполнение бизнес-плана/Кнопка Факт' is clicked on

27-11-2024T10:33:25 - [TEST_STEP][PASSED] - if (planFact == 2): Object: 'Object Repository/Выполнение бизнес-плана/Кнопка Факт' is clicked on

27-11-2024T10:33:25 - [TEST_STEP][PASSED] - click(findTestObject("Выполнение бизнес-плана/Кнопка Факт")): Object: 'Object Repository/Выполнение бизнес-плана/Кнопка Факт' is clicked on

27-11-2024T10:33:25 - [MESSAGE][PASSED] - Object: 'Object Repository/Выполнение бизнес-плана/Кнопка Факт' is clicked on

27-11-2024T10:33:25 - [TEST_STEP][PASSED] - if (a == 84 || a == 82): null

27-11-2024T10:33:25 - [TEST_STEP][PASSED] - else if (a == 52 || a == 72 || a == 28 || a == 73 || a == 77 || a == 74 || a == 65 || a == 36 || a == 44 || a == 53 || a == 80 || a == 54 || a == 1 || a == 18 || a == 59 || a == 81): null

27-11-2024T10:33:25 - [TEST_STEP][PASSED] - page1 = getText(findTestObject("Object Repository/Выполнение бизнес-плана/spanPlan" + dzoNum)): Text of object 'Object Repository/Выполнение бизнес-плана/spanPlan3' is: '23.70'

27-11-2024T10:33:25 - [MESSAGE][PASSED] - Text of object 'Object Repository/Выполнение бизнес-плана/spanPlan3' is: '23.70'

27-11-2024T10:33:25 - [TEST_STEP][PASSED] - page1 = page1.replace("|", ""): null

27-11-2024T10:33:25 - [TEST_STEP][PASSED] - page2 = getText(findTestObject("Object Repository/Выполнение бизнес-плана/spanFact" + dzoNum)): Text of object 'Object Repository/Выполнение бизнес-плана/spanFact3' is: '27.54
|'

27-11-2024T10:33:26 - [MESSAGE][PASSED] - Text of object 'Object Repository/Выполнение бизнес-плана/spanFact3' is: '27.54
|'

27-11-2024T10:33:26 - [TEST_STEP][PASSED] - page2 = page2.replace("|", ""): null

27-11-2024T10:33:26 - [TEST_STEP][PASSED] - println("page1: " + page1): null

27-11-2024T10:33:26 - [TEST_STEP][PASSED] - println("page2: " + page2): null

27-11-2024T10:33:26 - [TEST_STEP][PASSED] - file = findTestData("PlanFact").getValue(4, a): null

27-11-2024T10:33:26 - [TEST_STEP][PASSED] - file = file.replace(",", "."): null

27-11-2024T10:33:26 - [TEST_STEP][PASSED] - println("file Plan: " + file): null

27-11-2024T10:33:26 - [TEST_STEP][PASSED] - typeOfData = "План в процентах": null

27-11-2024T10:33:26 - [TEST_STEP][PASSED] - fileDouble = file.toDouble(): null

27-11-2024T10:33:26 - [TEST_STEP][PASSED] - pageDouble = page1.toDouble(): null

27-11-2024T10:33:26 - [TEST_STEP][PASSED] - if (fileDouble != pageDouble): null

27-11-2024T10:33:26 - [TEST_STEP][PASSED] - numberOfErrors = numberOfErrors + 1: null

27-11-2024T10:33:26 - [TEST_STEP][PASSED] - Script1718980020443.WriteToExcel(a, typeOfData, todaysDate, pageInt, fileInt, pageDouble, fileDouble, dZO): null

27-11-2024T10:33:26 - [TEST_STEP][PASSED] - sheetName = "Sheet1": null

27-11-2024T10:33:26 - [TEST_STEP][PASSED] - data = findTestData("PlanFact"): null

27-11-2024T10:33:26 - [TEST_STEP][PASSED] - n = data.getRowNumbers() + 1: null

27-11-2024T10:33:26 - [TEST_STEP][PASSED] - year = todaysDate.substring(todaysDate.length() - 4, todaysDate.length()): null

27-11-2024T10:33:26 - [TEST_STEP][PASSED] - y = year.toInteger(): null

27-11-2024T10:33:26 - [TEST_STEP][PASSED] - m = getText(findTestObject("Выполнение бизнес-плана/Период")): Text of object 'Object Repository/Выполнение бизнес-плана/Период' is: '1, 2, 3 кв. 2024 года'

27-11-2024T10:33:26 - [MESSAGE][PASSED] - Text of object 'Object Repository/Выполнение бизнес-плана/Период' is: '1, 2, 3 кв. 2024 года'

27-11-2024T10:33:26 - [TEST_STEP][PASSED] - m = m.substring(0, m.indexOf("2024")): null

27-11-2024T10:33:26 - [TEST_STEP][PASSED] - m = m.trim(): null

27-11-2024T10:33:26 - [TEST_STEP][PASSED] - dashboardName = "Выполнение бизнес-плана": null

27-11-2024T10:33:26 - [TEST_STEP][PASSED] - workbook01 = getWorkbook(excelFilePath): null

27-11-2024T10:33:26 - [TEST_STEP][PASSED] - sheet01 = getExcelSheet(workbook01, sheetName): null

27-11-2024T10:33:26 - [TEST_STEP][PASSED] - setValueToCellByIndex(sheet01, n, 0, dashboardName): null

27-11-2024T10:33:26 - [TEST_STEP][PASSED] - setValueToCellByIndex(sheet01, n, 1, dZO): null

27-11-2024T10:33:26 - [TEST_STEP][PASSED] - setValueToCellByIndex(sheet01, n, 2, typeOfData): null

27-11-2024T10:33:26 - [TEST_STEP][PASSED] - if (typeOfData == "Факт в процентах" || typeOfData == "План в процентах"): null

27-11-2024T10:33:26 - [TEST_STEP][PASSED] - setValueToCellByIndex(sheet01, n, 3, fileDouble): null

27-11-2024T10:33:26 - [TEST_STEP][PASSED] - setValueToCellByIndex(sheet01, n, 4, pageDouble): null

27-11-2024T10:33:26 - [TEST_STEP][PASSED] - setValueToCellByIndex(sheet01, n, 5, m): null

27-11-2024T10:33:26 - [TEST_STEP][PASSED] - setValueToCellByIndex(sheet01, n, 6, y): null

27-11-2024T10:33:26 - [TEST_STEP][PASSED] - setValueToCellByIndex(sheet01, n, 7, todaysDate): null

27-11-2024T10:33:26 - [TEST_STEP][PASSED] - n = n + 1: null

27-11-2024T10:33:26 - [TEST_STEP][PASSED] - saveWorkbook(excelFilePath, workbook01): null

27-11-2024T10:33:26 - [TEST_STEP][PASSED] - file = findTestData("PlanFact").getValue(7, a): null

27-11-2024T10:33:26 - [TEST_STEP][PASSED] - file = file.replace(",", "."): null

27-11-2024T10:33:26 - [TEST_STEP][PASSED] - println("file Fact: " + file): null

27-11-2024T10:33:26 - [TEST_STEP][PASSED] - fileDouble = file.toDouble(): null

27-11-2024T10:33:26 - [TEST_STEP][PASSED] - typeOfData = "Факт в процентах": null

27-11-2024T10:33:26 - [TEST_STEP][PASSED] - fileDouble = file.toDouble(): null

27-11-2024T10:33:26 - [TEST_STEP][PASSED] - pageDouble = page2.toDouble(): null

27-11-2024T10:33:26 - [TEST_STEP][PASSED] - if (fileDouble != pageDouble): null

27-11-2024T10:33:26 - [TEST_STEP][PASSED] - numberOfErrors = numberOfErrors + 1: null

27-11-2024T10:33:26 - [TEST_STEP][PASSED] - Script1718980020443.WriteToExcel(a, typeOfData, todaysDate, pageInt, fileInt, pageDouble, fileDouble, dZO): null

27-11-2024T10:33:26 - [TEST_STEP][PASSED] - sheetName = "Sheet1": null

27-11-2024T10:33:26 - [TEST_STEP][PASSED] - data = findTestData("PlanFact"): null

27-11-2024T10:33:26 - [TEST_STEP][PASSED] - n = data.getRowNumbers() + 1: null

27-11-2024T10:33:26 - [TEST_STEP][PASSED] - year = todaysDate.substring(todaysDate.length() - 4, todaysDate.length()): null

27-11-2024T10:33:26 - [TEST_STEP][PASSED] - y = year.toInteger(): null

27-11-2024T10:33:26 - [TEST_STEP][PASSED] - m = getText(findTestObject("Выполнение бизнес-плана/Период")): Text of object 'Object Repository/Выполнение бизнес-плана/Период' is: '1, 2, 3 кв. 2024 года'

27-11-2024T10:33:27 - [MESSAGE][PASSED] - Text of object 'Object Repository/Выполнение бизнес-плана/Период' is: '1, 2, 3 кв. 2024 года'

27-11-2024T10:33:27 - [TEST_STEP][PASSED] - m = m.substring(0, m.indexOf("2024")): null

27-11-2024T10:33:27 - [TEST_STEP][PASSED] - m = m.trim(): null

27-11-2024T10:33:27 - [TEST_STEP][PASSED] - dashboardName = "Выполнение бизнес-плана": null

27-11-2024T10:33:27 - [TEST_STEP][PASSED] - workbook01 = getWorkbook(excelFilePath): null

27-11-2024T10:33:27 - [TEST_STEP][PASSED] - sheet01 = getExcelSheet(workbook01, sheetName): null

27-11-2024T10:33:27 - [TEST_STEP][PASSED] - setValueToCellByIndex(sheet01, n, 0, dashboardName): null

27-11-2024T10:33:27 - [TEST_STEP][PASSED] - setValueToCellByIndex(sheet01, n, 1, dZO): null

27-11-2024T10:33:27 - [TEST_STEP][PASSED] - setValueToCellByIndex(sheet01, n, 2, typeOfData): null

27-11-2024T10:33:27 - [TEST_STEP][PASSED] - if (typeOfData == "Факт в процентах" || typeOfData == "План в процентах"): null

27-11-2024T10:33:27 - [TEST_STEP][PASSED] - setValueToCellByIndex(sheet01, n, 3, fileDouble): null

27-11-2024T10:33:27 - [TEST_STEP][PASSED] - setValueToCellByIndex(sheet01, n, 4, pageDouble): null

27-11-2024T10:33:27 - [TEST_STEP][PASSED] - setValueToCellByIndex(sheet01, n, 5, m): null

27-11-2024T10:33:27 - [TEST_STEP][PASSED] - setValueToCellByIndex(sheet01, n, 6, y): null

27-11-2024T10:33:27 - [TEST_STEP][PASSED] - setValueToCellByIndex(sheet01, n, 7, todaysDate): null

27-11-2024T10:33:27 - [TEST_STEP][PASSED] - n = n + 1: null

27-11-2024T10:33:27 - [TEST_STEP][PASSED] - saveWorkbook(excelFilePath, workbook01): null

27-11-2024T10:33:27 - [TEST_STEP][FAILED] - if (verifyEqual(numberOfErrors, 0) == false): null

27-11-2024T10:33:27 - [MESSAGE][FAILED] - Unable to verify equal between actual object '6' and expected object '0' (Root cause: com.kms.katalon.core.exception.StepFailedException: Actual object '6' and expected object '0' are not equal
	at com.kms.katalon.core.keyword.builtin.VerifyEqualKeyword$_verifyEqual_closure1.doCall(VerifyEqualKeyword.groovy:58)
	at com.kms.katalon.core.keyword.builtin.VerifyEqualKeyword$_verifyEqual_closure1.call(VerifyEqualKeyword.groovy)
	at com.kms.katalon.core.keyword.internal.KeywordMain.runKeyword(KeywordMain.groovy:75)
	at com.kms.katalon.core.keyword.builtin.VerifyEqualKeyword.verifyEqual(VerifyEqualKeyword.groovy:63)
	at com.kms.katalon.core.keyword.builtin.VerifyEqualKeyword.execute(VerifyEqualKeyword.groovy:44)
	at com.kms.katalon.core.keyword.internal.KeywordExecutor.executeKeywordForPlatform(KeywordExecutor.groovy:74)
	at com.kms.katalon.core.keyword.BuiltinKeywords.verifyEqual(BuiltinKeywords.groovy:146)
	at java.base/jdk.internal.reflect.NativeMethodAccessorImpl.invoke0(Native Method)
	at java.base/jdk.internal.reflect.NativeMethodAccessorImpl.invoke(NativeMethodAccessorImpl.java:77)
	at java.base/jdk.internal.reflect.DelegatingMethodAccessorImpl.invoke(DelegatingMethodAccessorImpl.java:43)
	at Выполнение бизнес-плана Сверка ПАО Россети все филиалы.Numbers(Выполнение бизнес-плана Сверка ПАО Россети все филиалы:740)
	at Выполнение бизнес-плана Сверка ПАО Россети все филиалы.run(Выполнение бизнес-плана Сверка ПАО Россети все филиалы:304)
	at com.kms.katalon.core.main.ScriptEngine.run(ScriptEngine.java:194)
	at com.kms.katalon.core.main.ScriptEngine.runScriptAsRawText(ScriptEngine.java:119)
	at com.kms.katalon.core.main.TestCaseExecutor.runScript(TestCaseExecutor.java:448)
	at com.kms.katalon.core.main.TestCaseExecutor.doExecute(TestCaseExecutor.java:439)
	at com.kms.katalon.core.main.TestCaseExecutor.processExecutionPhase(TestCaseExecutor.java:418)
	at com.kms.katalon.core.main.TestCaseExecutor.accessMainPhase(TestCaseExecutor.java:410)
	at com.kms.katalon.core.main.TestCaseExecutor.execute(TestCaseExecutor.java:285)
	at com.kms.katalon.core.common.CommonExecutor.accessTestCaseMainPhase(CommonExecutor.java:65)
	at com.kms.katalon.core.main.TestSuiteExecutor.accessTestSuiteMainPhase(TestSuiteExecutor.java:150)
	at com.kms.katalon.core.main.TestSuiteExecutor.execute(TestSuiteExecutor.java:106)
	at com.kms.katalon.core.main.TestCaseMain.startTestSuite(TestCaseMain.java:180)
	at TempTestSuite1732692359995.run(TempTestSuite1732692359995.groovy:35)
	at java.base/jdk.internal.reflect.NativeMethodAccessorImpl.invoke0(Native Method)
	at java.base/jdk.internal.reflect.NativeMethodAccessorImpl.invoke(NativeMethodAccessorImpl.java:77)
	at java.base/jdk.internal.reflect.DelegatingMethodAccessorImpl.invoke(DelegatingMethodAccessorImpl.java:43)
)

27-11-2024T10:33:27 - [TEST_STEP][PASSED] - println(numberOfErrors): null

27-11-2024T10:33:27 - [TEST_STEP][PASSED] - if (a == 28 || a == 77 || a == 74 || a == 65 || a == 36 || a == 44 || a == 54 || a == 1 || a == 18 || a == 59): null

27-11-2024T10:33:27 - [TEST_STEP][PASSED] - Script1718980020443.Filials(a, typeOfData, todaysDate, pageInt, fileInt, pageDouble, fileDouble, dZO, dzoNum, filialNum): null

27-11-2024T10:33:27 - [TEST_STEP][PASSED] - i = <not implemented yet for class: org.codehaus.groovy.ast.expr.EmptyExpression>: null

27-11-2024T10:33:27 - [TEST_STEP][PASSED] - c = <not implemented yet for class: org.codehaus.groovy.ast.expr.EmptyExpression>: null

27-11-2024T10:33:27 - [TEST_STEP][PASSED] - page = <not implemented yet for class: org.codehaus.groovy.ast.expr.EmptyExpression>: null

27-11-2024T10:33:27 - [TEST_STEP][PASSED] - println(dZO): null

27-11-2024T10:33:27 - [TEST_STEP][PASSED] - reducedDZO = <not implemented yet for class: org.codehaus.groovy.ast.expr.EmptyExpression>: null

27-11-2024T10:33:27 - [TEST_STEP][PASSED] - reducedDZO = dZO.substring(dZO.indexOf(" ") + 1, dZO.length()): null

27-11-2024T10:33:27 - [TEST_STEP][PASSED] - if (reducedDZO.contains(" ")): null

27-11-2024T10:33:27 - [TEST_STEP][PASSED] - reducedDZO = reducedDZO.substring(reducedDZO.indexOf(" ") + 1, reducedDZO.length()): null

27-11-2024T10:33:27 - [TEST_STEP][PASSED] - if (reducedDZO.contains(" ")): null

27-11-2024T10:33:27 - [TEST_STEP][PASSED] - println(reducedDZO): null

27-11-2024T10:33:27 - [TEST_STEP][PASSED] - dzoCut = <not implemented yet for class: org.codehaus.groovy.ast.expr.EmptyExpression>: null

27-11-2024T10:33:27 - [TEST_STEP][PASSED] - Script1718980020443.DZO(a): null

27-11-2024T10:33:27 - [TEST_STEP][PASSED] - Script1718980020443.OpenFilter(): null

27-11-2024T10:33:27 - [TEST_STEP][PASSED] - click(findTestObject("Object Repository/Выполнение бизнес-плана/Фильтр ДЗО")): Object: 'Object Repository/Выполнение бизнес-плана/Фильтр ДЗО' is clicked on

27-11-2024T10:33:27 - [MESSAGE][PASSED] - Object: 'Object Repository/Выполнение бизнес-плана/Фильтр ДЗО' is clicked on

27-11-2024T10:33:27 - [TEST_STEP][PASSED] - click(findTestObject("Выполнение бизнес-плана/Снять выделение в фильтре ДЗО")): Object: 'Object Repository/Выполнение бизнес-плана/Снять выделение в фильтре ДЗО' is clicked on

27-11-2024T10:33:28 - [MESSAGE][PASSED] - Object: 'Object Repository/Выполнение бизнес-плана/Снять выделение в фильтре ДЗО' is clicked on

27-11-2024T10:33:28 - [TEST_STEP][PASSED] - Script1718980020443.OpenRSK(): null

27-11-2024T10:33:28 - [TEST_STEP][PASSED] - click(findTestObject("Выполнение бизнес-плана/Раскрыть список ПАО Россети в фильтре ДЗО")): Object: 'Object Repository/Выполнение бизнес-плана/Раскрыть список ПАО Россети в фильтре ДЗО' is clicked on

27-11-2024T10:33:28 - [MESSAGE][PASSED] - Object: 'Object Repository/Выполнение бизнес-плана/Раскрыть список ПАО Россети в фильтре ДЗО' is clicked on

27-11-2024T10:33:28 - [TEST_STEP][PASSED] - click(findTestObject("Выполнение бизнес-плана/Раскрыть список РаспредКомплекс в фильтре ДЗО")): Object: 'Object Repository/Выполнение бизнес-плана/Раскрыть список РаспредКомплекс в фильтре ДЗО' is clicked on

27-11-2024T10:33:29 - [MESSAGE][PASSED] - Object: 'Object Repository/Выполнение бизнес-плана/Раскрыть список РаспредКомплекс в фильтре ДЗО' is clicked on

27-11-2024T10:33:29 - [TEST_STEP][PASSED] - if (a == 28): null

27-11-2024T10:33:29 - [TEST_STEP][PASSED] - if (a == 77): null

27-11-2024T10:33:29 - [TEST_STEP][PASSED] - if (a == 74): null

27-11-2024T10:33:29 - [TEST_STEP][PASSED] - if (a == 65): Object: 'Object Repository/Выполнение бизнес-плана/Россети Северный Кавказ' is clicked on

27-11-2024T10:33:29 - [TEST_STEP][PASSED] - scrollToElement(findTestObject("Общие объекты/Раскрыть список Россети Северный кавказ"), 30): Scroll to object 'Object Repository/Общие объекты/Раскрыть список Россети Северный кавказ' successfully

27-11-2024T10:33:29 - [MESSAGE][PASSED] - Scroll to object 'Object Repository/Общие объекты/Раскрыть список Россети Северный кавказ' successfully

27-11-2024T10:33:29 - [TEST_STEP][PASSED] - click(findTestObject("Выполнение бизнес-плана/Россети Северный Кавказ")): Object: 'Object Repository/Выполнение бизнес-плана/Россети Северный Кавказ' is clicked on

27-11-2024T10:33:29 - [MESSAGE][PASSED] - Object: 'Object Repository/Выполнение бизнес-плана/Россети Северный Кавказ' is clicked on

27-11-2024T10:33:29 - [TEST_STEP][PASSED] - if (a == 36): null

27-11-2024T10:33:29 - [TEST_STEP][PASSED] - if (a == 44): null

27-11-2024T10:33:29 - [TEST_STEP][PASSED] - if (a == 54): null

27-11-2024T10:33:29 - [TEST_STEP][PASSED] - if (a == 1): null

27-11-2024T10:33:29 - [TEST_STEP][PASSED] - if (a == 18): null

27-11-2024T10:33:29 - [TEST_STEP][PASSED] - if (a == 59): null

27-11-2024T10:33:29 - [TEST_STEP][PASSED] - Script1718980020443.CloseFilter(): null

27-11-2024T10:33:29 - [TEST_STEP][PASSED] - scrollToElement(findTestObject("Выполнение бизнес-плана/Заголовок дашборда"), 30): Scroll to object 'Object Repository/Выполнение бизнес-плана/Заголовок дашборда' successfully

27-11-2024T10:33:30 - [MESSAGE][PASSED] - Scroll to object 'Object Repository/Выполнение бизнес-плана/Заголовок дашборда' successfully

27-11-2024T10:33:30 - [TEST_STEP][PASSED] - click(findTestObject("Object Repository/Выполнение бизнес-плана/Применить в фильтре ДЗО")): Object: 'Object Repository/Выполнение бизнес-плана/Применить в фильтре ДЗО' is clicked on

27-11-2024T10:33:31 - [MESSAGE][PASSED] - Object: 'Object Repository/Выполнение бизнес-плана/Применить в фильтре ДЗО' is clicked on

27-11-2024T10:33:31 - [TEST_STEP][PASSED] - Script1718980020443.ZakrytOpoveshenie(): null

27-11-2024T10:33:31 - [TEST_STEP][PASSED] - delay(10): Delayed 10 second(s)

27-11-2024T10:33:41 - [MESSAGE][PASSED] - Delayed 10 second(s)

27-11-2024T10:33:41 - [TEST_STEP][PASSED] - opoveshenie = getText(findTestObject("Выполнение бизнес-плана/Просьба обратить внимание")): Text of object 'Object Repository/Выполнение бизнес-плана/Просьба обратить внимание' is: ''

27-11-2024T10:34:02 - [MESSAGE][PASSED] - Text of object 'Object Repository/Выполнение бизнес-плана/Просьба обратить внимание' is: ''

27-11-2024T10:34:02 - [TEST_STEP][PASSED] - println(opoveshenie): null

27-11-2024T10:34:02 - [TEST_STEP][PASSED] - if (opoveshenie == "Просьба обратить внимание"): null

27-11-2024T10:34:02 - [TEST_STEP][PASSED] - page = getText(findTestObject("Object Repository/Выполнение бизнес-плана/Filials")): Text of object 'Object Repository/Выполнение бизнес-плана/Filials' is: 'Россети Северный Кавказ
0
10
20
30
40
50
60
70'

27-11-2024T10:34:02 - [MESSAGE][PASSED] - Text of object 'Object Repository/Выполнение бизнес-плана/Filials' is: 'Россети Северный Кавказ
0
10
20
30
40
50
60
70'

27-11-2024T10:34:02 - [TEST_STEP][PASSED] - println(page): null

27-11-2024T10:34:02 - [TEST_STEP][PASSED] - c = page.indexOf(reducedDZO): null

27-11-2024T10:34:02 - [TEST_STEP][PASSED] - if (c > -1): null

27-11-2024T10:34:02 - [TEST_STEP][PASSED] - click(findTestObject("Выполнение бизнес-плана/список")): Object: 'Object Repository/Выполнение бизнес-плана/список' is clicked on

27-11-2024T10:34:03 - [MESSAGE][PASSED] - Object: 'Object Repository/Выполнение бизнес-плана/список' is clicked on

27-11-2024T10:34:03 - [TEST_STEP][PASSED] - delay(10): Delayed 10 second(s)

27-11-2024T10:34:13 - [MESSAGE][PASSED] - Delayed 10 second(s)

27-11-2024T10:34:13 - [TEST_STEP][PASSED] - click(findTestObject("Выполнение бизнес-плана/Раскрытие списка")): Object: 'Object Repository/Выполнение бизнес-плана/Раскрытие списка' is clicked on

27-11-2024T10:34:13 - [MESSAGE][PASSED] - Object: 'Object Repository/Выполнение бизнес-плана/Раскрытие списка' is clicked on

27-11-2024T10:34:13 - [TEST_STEP][PASSED] - delay(10): Delayed 10 second(s)

27-11-2024T10:34:23 - [MESSAGE][PASSED] - Delayed 10 second(s)

27-11-2024T10:34:23 - [TEST_STEP][PASSED] - page = getText(findTestObject("Object Repository/Выполнение бизнес-плана/Filials")): Text of object 'Object Repository/Выполнение бизнес-плана/Filials' is: 'Дагэнерго
Ингушэнерго
Каббалкэнерго
Карачаево-Черкесскэнерго
Севкавказэнерго
Ставропольэнерго
0
10
20
30
40
50
60
70'

27-11-2024T10:34:23 - [MESSAGE][PASSED] - Text of object 'Object Repository/Выполнение бизнес-плана/Filials' is: 'Дагэнерго
Ингушэнерго
Каббалкэнерго
Карачаево-Черкесскэнерго
Севкавказэнерго
Ставропольэнерго
0
10
20
30
40
50
60
70'

27-11-2024T10:34:23 - [TEST_STEP][PASSED] - println(page): null

27-11-2024T10:34:23 - [TEST_STEP][PASSED] - c = page.indexOf(reducedDZO): null

27-11-2024T10:34:23 - [TEST_STEP][PASSED] - x2 = getText(findTestObject("Выполнение бизнес-плана/Список ДЗО старый")): Text of object 'Object Repository/Выполнение бизнес-плана/Список ДЗО старый' is: 'Дагэнерго
Ингушэнерго
Каббалкэнерго
Карачаево-Черкесскэнерго
Севкавказэнерго
Ставропольэнерго
0
10
20
30
40
50
60
70'

27-11-2024T10:34:24 - [MESSAGE][PASSED] - Text of object 'Object Repository/Выполнение бизнес-плана/Список ДЗО старый' is: 'Дагэнерго
Ингушэнерго
Каббалкэнерго
Карачаево-Черкесскэнерго
Севкавказэнерго
Ставропольэнерго
0
10
20
30
40
50
60
70'

27-11-2024T10:34:24 - [TEST_STEP][PASSED] - if (a == 28): null

27-11-2024T10:34:24 - [TEST_STEP][PASSED] - if (a == 77): null

27-11-2024T10:34:24 - [TEST_STEP][PASSED] - if (a == 74): null

27-11-2024T10:34:24 - [TEST_STEP][PASSED] - if (a == 65): null

27-11-2024T10:34:24 - [TEST_STEP][PASSED] - dZO = "Дагэнерго": null

27-11-2024T10:34:24 - [TEST_STEP][PASSED] - a = 71: null

27-11-2024T10:34:24 - [TEST_STEP][PASSED] - if (x2.contains(dZO)): null

27-11-2024T10:34:24 - [TEST_STEP][PASSED] - filialNum = filialNum + 1: null

27-11-2024T10:34:24 - [TEST_STEP][PASSED] - Script1718980020443.Numbers(a, typeOfData, todaysDate, pageInt, fileInt, pageDouble, fileDouble, dZO, dzoNum, filialNum): null

27-11-2024T10:34:24 - [TEST_STEP][PASSED] - println(dzoNum): null

27-11-2024T10:34:24 - [TEST_STEP][PASSED] - planFact = <not implemented yet for class: org.codehaus.groovy.ast.expr.EmptyExpression>: null

27-11-2024T10:34:24 - [TEST_STEP][PASSED] - page = <not implemented yet for class: org.codehaus.groovy.ast.expr.EmptyExpression>: null

27-11-2024T10:34:24 - [TEST_STEP][PASSED] - page1 = <not implemented yet for class: org.codehaus.groovy.ast.expr.EmptyExpression>: null

27-11-2024T10:34:24 - [TEST_STEP][PASSED] - page2 = <not implemented yet for class: org.codehaus.groovy.ast.expr.EmptyExpression>: null

27-11-2024T10:34:24 - [TEST_STEP][PASSED] - filialNumberInRow = <not implemented yet for class: org.codehaus.groovy.ast.expr.EmptyExpression>: null

27-11-2024T10:34:24 - [TEST_STEP][PASSED] - filialsDzoNames = <not implemented yet for class: org.codehaus.groovy.ast.expr.EmptyExpression>: null

27-11-2024T10:34:24 - [TEST_STEP][PASSED] - numberOfFilials = <not implemented yet for class: org.codehaus.groovy.ast.expr.EmptyExpression>: null

27-11-2024T10:34:24 - [TEST_STEP][PASSED] - numberOfSpaces = <not implemented yet for class: org.codehaus.groovy.ast.expr.EmptyExpression>: null

27-11-2024T10:34:24 - [TEST_STEP][PASSED] - file = <not implemented yet for class: org.codehaus.groovy.ast.expr.EmptyExpression>: null

27-11-2024T10:34:24 - [TEST_STEP][PASSED] - otpusk = <not implemented yet for class: org.codehaus.groovy.ast.expr.EmptyExpression>: null

27-11-2024T10:34:24 - [TEST_STEP][PASSED] - poteri = <not implemented yet for class: org.codehaus.groovy.ast.expr.EmptyExpression>: null

27-11-2024T10:34:24 - [TEST_STEP][PASSED] - dataFolder = "Выполнение бизнес-плана/Значения со страницы Выполнение бизнес-плана/": null

27-11-2024T10:34:24 - [TEST_STEP][PASSED] - path = <not implemented yet for class: org.codehaus.groovy.ast.expr.EmptyExpression>: null

27-11-2024T10:34:24 - [TEST_STEP][PASSED] - typeOfDataMain = <not implemented yet for class: org.codehaus.groovy.ast.expr.EmptyExpression>: null

27-11-2024T10:34:24 - [TEST_STEP][PASSED] - fileOtpuskVSet = <not implemented yet for class: org.codehaus.groovy.ast.expr.EmptyExpression>: null

27-11-2024T10:34:24 - [TEST_STEP][PASSED] - pageOtpuskVSet = <not implemented yet for class: org.codehaus.groovy.ast.expr.EmptyExpression>: null

27-11-2024T10:34:24 - [TEST_STEP][PASSED] - filePoteri = <not implemented yet for class: org.codehaus.groovy.ast.expr.EmptyExpression>: null

27-11-2024T10:34:24 - [TEST_STEP][PASSED] - pagePoteri = <not implemented yet for class: org.codehaus.groovy.ast.expr.EmptyExpression>: null

27-11-2024T10:34:24 - [TEST_STEP][PASSED] - compare = <not implemented yet for class: org.codehaus.groovy.ast.expr.EmptyExpression>: null

27-11-2024T10:34:24 - [TEST_STEP][PASSED] - b = <not implemented yet for class: org.codehaus.groovy.ast.expr.EmptyExpression>: null

27-11-2024T10:34:24 - [TEST_STEP][PASSED] - i = <not implemented yet for class: org.codehaus.groovy.ast.expr.EmptyExpression>: null

27-11-2024T10:34:24 - [TEST_STEP][PASSED] - ii = <not implemented yet for class: org.codehaus.groovy.ast.expr.EmptyExpression>: null

27-11-2024T10:34:24 - [TEST_STEP][PASSED] - c = <not implemented yet for class: org.codehaus.groovy.ast.expr.EmptyExpression>: null

27-11-2024T10:34:24 - [TEST_STEP][PASSED] - numberOfErrors = 0: null

27-11-2024T10:34:24 - [TEST_STEP][PASSED] - if (a == 82): null

27-11-2024T10:34:24 - [TEST_STEP][PASSED] - b = findTestData("PlanFact").getValue(1, a): null

27-11-2024T10:34:24 - [TEST_STEP][PASSED] - i = b.indexOf(" (ГК)"): null

27-11-2024T10:34:24 - [TEST_STEP][PASSED] - if (i > -1): null

27-11-2024T10:34:24 - [TEST_STEP][PASSED] - i = b.indexOf("О ""): null

27-11-2024T10:34:24 - [TEST_STEP][PASSED] - if (i > -1): null

27-11-2024T10:34:24 - [TEST_STEP][PASSED] - i = b.indexOf("О «"): null

27-11-2024T10:34:24 - [TEST_STEP][PASSED] - if (i > -1): null

27-11-2024T10:34:24 - [TEST_STEP][PASSED] - i = b.indexOf("г. "): null

27-11-2024T10:34:24 - [TEST_STEP][PASSED] - if (i > -1): null

27-11-2024T10:34:24 - [TEST_STEP][PASSED] - println(b): null

27-11-2024T10:34:24 - [TEST_STEP][PASSED] - for ([planFact = 1, planFact < 3, (planFact++)]): null

27-11-2024T10:34:24 - [TEST_STEP][PASSED] - if (planFact == 1): null

27-11-2024T10:34:24 - [TEST_STEP][PASSED] - typeOfDataMain = "Факт": null

27-11-2024T10:34:24 - [TEST_STEP][PASSED] - otpusk = findTestData("PlanFact").getValue(5, a): null

27-11-2024T10:34:24 - [TEST_STEP][PASSED] - poteri = findTestData("PlanFact").getValue(6, a): null

27-11-2024T10:34:24 - [TEST_STEP][PASSED] - otpusk = otpusk.replaceAll("\s+", ""): null

27-11-2024T10:34:24 - [TEST_STEP][PASSED] - poteri = poteri.replaceAll("\s+", ""): null

27-11-2024T10:34:24 - [TEST_STEP][PASSED] - typeOfData = typeOfDataMain + " Отпуск в сеть": null

27-11-2024T10:34:24 - [TEST_STEP][PASSED] - if (a == 82): null

27-11-2024T10:34:24 - [TEST_STEP][PASSED] - else if (a == 84): null

27-11-2024T10:34:24 - [TEST_STEP][PASSED] - else if (a == 52 || a == 72 || a == 28 || a == 73 || a == 77 || a == 74 || a == 65 || a == 36 || a == 44 || a == 53 || a == 80 || a == 54 || a == 1 || a == 18 || a == 59 || a == 81): null

27-11-2024T10:34:24 - [TEST_STEP][PASSED] - else: null

27-11-2024T10:34:24 - [TEST_STEP][PASSED] - path = dataFolder + typeOfData + " за отчётный период " + b: null

27-11-2024T10:34:24 - [TEST_STEP][PASSED] - println(path): null

27-11-2024T10:34:24 - [TEST_STEP][PASSED] - page = getText(findTestObject(path)): Text of object 'Object Repository/Выполнение бизнес-плана/Значения со страницы Выполнение бизнес-плана/Факт Отпуск в сеть за отчётный период Дагэнерго' is: '6 610 196'

27-11-2024T10:34:24 - [MESSAGE][PASSED] - Text of object 'Object Repository/Выполнение бизнес-плана/Значения со страницы Выполнение бизнес-плана/Факт Отпуск в сеть за отчётный период Дагэнерго' is: '6 610 196'

27-11-2024T10:34:24 - [TEST_STEP][PASSED] - page = page.replaceAll("\s+", ""): null

27-11-2024T10:34:24 - [TEST_STEP][PASSED] - fileOtpuskVSet = otpusk.toInteger(): null

27-11-2024T10:34:24 - [TEST_STEP][PASSED] - pageOtpuskVSet = page.toInteger(): null

27-11-2024T10:34:24 - [TEST_STEP][PASSED] - typeOfData = typeOfDataMain + " Потери": null

27-11-2024T10:34:24 - [TEST_STEP][PASSED] - if (a == 82): null

27-11-2024T10:34:24 - [TEST_STEP][PASSED] - else if (a == 84): null

27-11-2024T10:34:24 - [TEST_STEP][PASSED] - else if (a == 52 || a == 72 || a == 28 || a == 73 || a == 77 || a == 74 || a == 65 || a == 36 || a == 44 || a == 53 || a == 80 || a == 54 || a == 1 || a == 18 || a == 59 || a == 81): null

27-11-2024T10:34:24 - [TEST_STEP][PASSED] - else: null

27-11-2024T10:34:24 - [TEST_STEP][PASSED] - path = dataFolder + typeOfData + " за отчётный период " + b: null

27-11-2024T10:34:24 - [TEST_STEP][PASSED] - page = getText(findTestObject(path)): Text of object 'Object Repository/Выполнение бизнес-плана/Значения со страницы Выполнение бизнес-плана/Факт Потери за отчётный период Дагэнерго' is: '3 159 035'

27-11-2024T10:34:25 - [MESSAGE][PASSED] - Text of object 'Object Repository/Выполнение бизнес-плана/Значения со страницы Выполнение бизнес-плана/Факт Потери за отчётный период Дагэнерго' is: '3 159 035'

27-11-2024T10:34:25 - [TEST_STEP][PASSED] - page = page.replaceAll("\s+", ""): null

27-11-2024T10:34:25 - [TEST_STEP][PASSED] - filePoteri = poteri.toInteger(): null

27-11-2024T10:34:25 - [TEST_STEP][PASSED] - pagePoteri = page.toInteger(): null

27-11-2024T10:34:25 - [TEST_STEP][PASSED] - compare = pageOtpuskVSet: null

27-11-2024T10:34:25 - [TEST_STEP][PASSED] - if (compare == fileOtpuskVSet): null

27-11-2024T10:34:25 - [TEST_STEP][PASSED] - else if (compare > fileOtpuskVSet): null

27-11-2024T10:34:25 - [TEST_STEP][PASSED] - compare = compare - 1: null

27-11-2024T10:34:25 - [TEST_STEP][PASSED] - if (compare == fileOtpuskVSet): null

27-11-2024T10:34:25 - [TEST_STEP][PASSED] - else: null

27-11-2024T10:34:25 - [TEST_STEP][PASSED] - numberOfErrors = numberOfErrors + 1: null

27-11-2024T10:34:25 - [TEST_STEP][PASSED] - pageInt = pageOtpuskVSet: null

27-11-2024T10:34:25 - [TEST_STEP][PASSED] - fileInt = fileOtpuskVSet: null

27-11-2024T10:34:25 - [TEST_STEP][PASSED] - typeOfData = typeOfDataMain + " Отпуск в сеть": null

27-11-2024T10:34:25 - [TEST_STEP][PASSED] - Script1718980020443.WriteToExcel(a, typeOfData, todaysDate, pageInt, fileInt, pageDouble, fileDouble, dZO): null

27-11-2024T10:34:25 - [TEST_STEP][PASSED] - sheetName = "Sheet1": null

27-11-2024T10:34:25 - [TEST_STEP][PASSED] - data = findTestData("PlanFact"): null

27-11-2024T10:34:25 - [TEST_STEP][PASSED] - n = data.getRowNumbers() + 1: null

27-11-2024T10:34:25 - [TEST_STEP][PASSED] - year = todaysDate.substring(todaysDate.length() - 4, todaysDate.length()): null

27-11-2024T10:34:25 - [TEST_STEP][PASSED] - y = year.toInteger(): null

27-11-2024T10:34:25 - [TEST_STEP][PASSED] - m = getText(findTestObject("Выполнение бизнес-плана/Период")): Text of object 'Object Repository/Выполнение бизнес-плана/Период' is: '1, 2, 3 кв. 2024 года'

27-11-2024T10:34:25 - [MESSAGE][PASSED] - Text of object 'Object Repository/Выполнение бизнес-плана/Период' is: '1, 2, 3 кв. 2024 года'

27-11-2024T10:34:25 - [TEST_STEP][PASSED] - m = m.substring(0, m.indexOf("2024")): null

27-11-2024T10:34:25 - [TEST_STEP][PASSED] - m = m.trim(): null

27-11-2024T10:34:25 - [TEST_STEP][PASSED] - dashboardName = "Выполнение бизнес-плана": null

27-11-2024T10:34:25 - [TEST_STEP][PASSED] - workbook01 = getWorkbook(excelFilePath): null

27-11-2024T10:34:25 - [TEST_STEP][PASSED] - sheet01 = getExcelSheet(workbook01, sheetName): null

27-11-2024T10:34:25 - [TEST_STEP][PASSED] - setValueToCellByIndex(sheet01, n, 0, dashboardName): null

27-11-2024T10:34:25 - [TEST_STEP][PASSED] - setValueToCellByIndex(sheet01, n, 1, dZO): null

27-11-2024T10:34:25 - [TEST_STEP][PASSED] - setValueToCellByIndex(sheet01, n, 2, typeOfData): null

27-11-2024T10:34:25 - [TEST_STEP][PASSED] - if (typeOfData == "Факт в процентах" || typeOfData == "План в процентах"): null

27-11-2024T10:34:25 - [TEST_STEP][PASSED] - else: null

27-11-2024T10:34:25 - [TEST_STEP][PASSED] - setValueToCellByIndex(sheet01, n, 3, fileInt): null

27-11-2024T10:34:25 - [TEST_STEP][PASSED] - setValueToCellByIndex(sheet01, n, 4, pageInt): null

27-11-2024T10:34:25 - [TEST_STEP][PASSED] - setValueToCellByIndex(sheet01, n, 5, m): null

27-11-2024T10:34:25 - [TEST_STEP][PASSED] - setValueToCellByIndex(sheet01, n, 6, y): null

27-11-2024T10:34:25 - [TEST_STEP][PASSED] - setValueToCellByIndex(sheet01, n, 7, todaysDate): null

27-11-2024T10:34:25 - [TEST_STEP][PASSED] - n = n + 1: null

27-11-2024T10:34:25 - [TEST_STEP][PASSED] - saveWorkbook(excelFilePath, workbook01): null

27-11-2024T10:34:25 - [TEST_STEP][PASSED] - compare = pagePoteri: null

27-11-2024T10:34:25 - [TEST_STEP][PASSED] - if (compare == filePoteri): null

27-11-2024T10:34:25 - [TEST_STEP][PASSED] - else if (compare > filePoteri): null

27-11-2024T10:34:25 - [TEST_STEP][PASSED] - compare = compare - 1: null

27-11-2024T10:34:25 - [TEST_STEP][PASSED] - if (compare == filePoteri): null

27-11-2024T10:34:25 - [TEST_STEP][PASSED] - else: null

27-11-2024T10:34:25 - [TEST_STEP][PASSED] - numberOfErrors = numberOfErrors + 1: null

27-11-2024T10:34:25 - [TEST_STEP][PASSED] - pageInt = pagePoteri: null

27-11-2024T10:34:25 - [TEST_STEP][PASSED] - fileInt = filePoteri: null

27-11-2024T10:34:25 - [TEST_STEP][PASSED] - typeOfData = typeOfDataMain + " Потери": null

27-11-2024T10:34:25 - [TEST_STEP][PASSED] - Script1718980020443.WriteToExcel(a, typeOfData, todaysDate, pageInt, fileInt, pageDouble, fileDouble, dZO): null

27-11-2024T10:34:25 - [TEST_STEP][PASSED] - sheetName = "Sheet1": null

27-11-2024T10:34:25 - [TEST_STEP][PASSED] - data = findTestData("PlanFact"): null

27-11-2024T10:34:25 - [TEST_STEP][PASSED] - n = data.getRowNumbers() + 1: null

27-11-2024T10:34:25 - [TEST_STEP][PASSED] - year = todaysDate.substring(todaysDate.length() - 4, todaysDate.length()): null

27-11-2024T10:34:25 - [TEST_STEP][PASSED] - y = year.toInteger(): null

27-11-2024T10:34:25 - [TEST_STEP][PASSED] - m = getText(findTestObject("Выполнение бизнес-плана/Период")): Text of object 'Object Repository/Выполнение бизнес-плана/Период' is: '1, 2, 3 кв. 2024 года'

27-11-2024T10:34:26 - [MESSAGE][PASSED] - Text of object 'Object Repository/Выполнение бизнес-плана/Период' is: '1, 2, 3 кв. 2024 года'

27-11-2024T10:34:26 - [TEST_STEP][PASSED] - m = m.substring(0, m.indexOf("2024")): null

27-11-2024T10:34:26 - [TEST_STEP][PASSED] - m = m.trim(): null

27-11-2024T10:34:26 - [TEST_STEP][PASSED] - dashboardName = "Выполнение бизнес-плана": null

27-11-2024T10:34:26 - [TEST_STEP][PASSED] - workbook01 = getWorkbook(excelFilePath): null

27-11-2024T10:34:26 - [TEST_STEP][PASSED] - sheet01 = getExcelSheet(workbook01, sheetName): null

27-11-2024T10:34:26 - [TEST_STEP][PASSED] - setValueToCellByIndex(sheet01, n, 0, dashboardName): null

27-11-2024T10:34:26 - [TEST_STEP][PASSED] - setValueToCellByIndex(sheet01, n, 1, dZO): null

27-11-2024T10:34:26 - [TEST_STEP][PASSED] - setValueToCellByIndex(sheet01, n, 2, typeOfData): null

27-11-2024T10:34:26 - [TEST_STEP][PASSED] - if (typeOfData == "Факт в процентах" || typeOfData == "План в процентах"): null

27-11-2024T10:34:26 - [TEST_STEP][PASSED] - else: null

27-11-2024T10:34:26 - [TEST_STEP][PASSED] - setValueToCellByIndex(sheet01, n, 3, fileInt): null

27-11-2024T10:34:26 - [TEST_STEP][PASSED] - setValueToCellByIndex(sheet01, n, 4, pageInt): null

27-11-2024T10:34:26 - [TEST_STEP][PASSED] - setValueToCellByIndex(sheet01, n, 5, m): null

27-11-2024T10:34:26 - [TEST_STEP][PASSED] - setValueToCellByIndex(sheet01, n, 6, y): null

27-11-2024T10:34:26 - [TEST_STEP][PASSED] - setValueToCellByIndex(sheet01, n, 7, todaysDate): null

27-11-2024T10:34:26 - [TEST_STEP][PASSED] - n = n + 1: null

27-11-2024T10:34:26 - [TEST_STEP][PASSED] - saveWorkbook(excelFilePath, workbook01): null

27-11-2024T10:34:26 - [TEST_STEP][PASSED] - if (planFact == 2): null

27-11-2024T10:34:26 - [TEST_STEP][PASSED] - if (planFact == 1): null

27-11-2024T10:34:26 - [TEST_STEP][PASSED] - else if (planFact == 2): null

27-11-2024T10:34:26 - [TEST_STEP][PASSED] - click(findTestObject("Выполнение бизнес-плана/Кнопка План")): Object: 'Object Repository/Выполнение бизнес-плана/Кнопка План' is clicked on

27-11-2024T10:34:26 - [MESSAGE][PASSED] - Object: 'Object Repository/Выполнение бизнес-плана/Кнопка План' is clicked on

27-11-2024T10:34:26 - [TEST_STEP][PASSED] - typeOfDataMain = "План": null

27-11-2024T10:34:26 - [TEST_STEP][PASSED] - otpusk = findTestData("PlanFact").getValue(2, a): null

27-11-2024T10:34:26 - [TEST_STEP][PASSED] - poteri = findTestData("PlanFact").getValue(3, a): null

27-11-2024T10:34:26 - [TEST_STEP][PASSED] - otpusk = otpusk.replaceAll("\s+", ""): null

27-11-2024T10:34:26 - [TEST_STEP][PASSED] - poteri = poteri.replaceAll("\s+", ""): null

27-11-2024T10:34:26 - [TEST_STEP][PASSED] - typeOfData = typeOfDataMain + " Отпуск в сеть": null

27-11-2024T10:34:26 - [TEST_STEP][PASSED] - if (a == 82): null

27-11-2024T10:34:26 - [TEST_STEP][PASSED] - else if (a == 84): null

27-11-2024T10:34:26 - [TEST_STEP][PASSED] - else if (a == 52 || a == 72 || a == 28 || a == 73 || a == 77 || a == 74 || a == 65 || a == 36 || a == 44 || a == 53 || a == 80 || a == 54 || a == 1 || a == 18 || a == 59 || a == 81): null

27-11-2024T10:34:26 - [TEST_STEP][PASSED] - else: null

27-11-2024T10:34:26 - [TEST_STEP][PASSED] - path = dataFolder + typeOfData + " за отчётный период " + b: null

27-11-2024T10:34:26 - [TEST_STEP][PASSED] - println(path): null

27-11-2024T10:34:26 - [TEST_STEP][PASSED] - page = getText(findTestObject(path)): Text of object 'Object Repository/Выполнение бизнес-плана/Значения со страницы Выполнение бизнес-плана/План Отпуск в сеть за отчётный период Дагэнерго' is: '6 186 218'

27-11-2024T10:34:27 - [MESSAGE][PASSED] - Text of object 'Object Repository/Выполнение бизнес-плана/Значения со страницы Выполнение бизнес-плана/План Отпуск в сеть за отчётный период Дагэнерго' is: '6 186 218'

27-11-2024T10:34:27 - [TEST_STEP][PASSED] - page = page.replaceAll("\s+", ""): null

27-11-2024T10:34:27 - [TEST_STEP][PASSED] - fileOtpuskVSet = otpusk.toInteger(): null

27-11-2024T10:34:27 - [TEST_STEP][PASSED] - pageOtpuskVSet = page.toInteger(): null

27-11-2024T10:34:27 - [TEST_STEP][PASSED] - typeOfData = typeOfDataMain + " Потери": null

27-11-2024T10:34:27 - [TEST_STEP][PASSED] - if (a == 82): null

27-11-2024T10:34:27 - [TEST_STEP][PASSED] - else if (a == 84): null

27-11-2024T10:34:27 - [TEST_STEP][PASSED] - else if (a == 52 || a == 72 || a == 28 || a == 73 || a == 77 || a == 74 || a == 65 || a == 36 || a == 44 || a == 53 || a == 80 || a == 54 || a == 1 || a == 18 || a == 59 || a == 81): null

27-11-2024T10:34:27 - [TEST_STEP][PASSED] - else: null

27-11-2024T10:34:27 - [TEST_STEP][PASSED] - path = dataFolder + typeOfData + " за отчётный период " + b: null

27-11-2024T10:34:27 - [TEST_STEP][PASSED] - page = getText(findTestObject(path)): Text of object 'Object Repository/Выполнение бизнес-плана/Значения со страницы Выполнение бизнес-плана/План Потери за отчётный период Дагэнерго' is: '2 458 608'

27-11-2024T10:34:27 - [MESSAGE][PASSED] - Text of object 'Object Repository/Выполнение бизнес-плана/Значения со страницы Выполнение бизнес-плана/План Потери за отчётный период Дагэнерго' is: '2 458 608'

27-11-2024T10:34:27 - [TEST_STEP][PASSED] - page = page.replaceAll("\s+", ""): null

27-11-2024T10:34:27 - [TEST_STEP][PASSED] - filePoteri = poteri.toInteger(): null

27-11-2024T10:34:27 - [TEST_STEP][PASSED] - pagePoteri = page.toInteger(): null

27-11-2024T10:34:27 - [TEST_STEP][PASSED] - compare = pageOtpuskVSet: null

27-11-2024T10:34:27 - [TEST_STEP][PASSED] - if (compare == fileOtpuskVSet): null

27-11-2024T10:34:27 - [TEST_STEP][PASSED] - else if (compare > fileOtpuskVSet): null

27-11-2024T10:34:27 - [TEST_STEP][PASSED] - else if (compare < fileOtpuskVSet): null

27-11-2024T10:34:27 - [TEST_STEP][PASSED] - compare = compare + 1: null

27-11-2024T10:34:27 - [TEST_STEP][PASSED] - if (compare == fileOtpuskVSet): null

27-11-2024T10:34:27 - [TEST_STEP][PASSED] - else: null

27-11-2024T10:34:27 - [TEST_STEP][PASSED] - numberOfErrors = numberOfErrors + 1: null

27-11-2024T10:34:27 - [TEST_STEP][PASSED] - pageInt = pageOtpuskVSet: null

27-11-2024T10:34:27 - [TEST_STEP][PASSED] - fileInt = fileOtpuskVSet: null

27-11-2024T10:34:27 - [TEST_STEP][PASSED] - typeOfData = typeOfDataMain + " Отпуск в сеть": null

27-11-2024T10:34:27 - [TEST_STEP][PASSED] - Script1718980020443.WriteToExcel(a, typeOfData, todaysDate, pageInt, fileInt, pageDouble, fileDouble, dZO): null

27-11-2024T10:34:27 - [TEST_STEP][PASSED] - sheetName = "Sheet1": null

27-11-2024T10:34:27 - [TEST_STEP][PASSED] - data = findTestData("PlanFact"): null

27-11-2024T10:34:27 - [TEST_STEP][PASSED] - n = data.getRowNumbers() + 1: null

27-11-2024T10:34:27 - [TEST_STEP][PASSED] - year = todaysDate.substring(todaysDate.length() - 4, todaysDate.length()): null

27-11-2024T10:34:27 - [TEST_STEP][PASSED] - y = year.toInteger(): null

27-11-2024T10:34:27 - [TEST_STEP][PASSED] - m = getText(findTestObject("Выполнение бизнес-плана/Период")): Text of object 'Object Repository/Выполнение бизнес-плана/Период' is: '1, 2, 3 кв. 2024 года'

27-11-2024T10:34:27 - [MESSAGE][PASSED] - Text of object 'Object Repository/Выполнение бизнес-плана/Период' is: '1, 2, 3 кв. 2024 года'

27-11-2024T10:34:27 - [TEST_STEP][PASSED] - m = m.substring(0, m.indexOf("2024")): null

27-11-2024T10:34:27 - [TEST_STEP][PASSED] - m = m.trim(): null

27-11-2024T10:34:27 - [TEST_STEP][PASSED] - dashboardName = "Выполнение бизнес-плана": null

27-11-2024T10:34:27 - [TEST_STEP][PASSED] - workbook01 = getWorkbook(excelFilePath): null

27-11-2024T10:34:27 - [TEST_STEP][PASSED] - sheet01 = getExcelSheet(workbook01, sheetName): null

27-11-2024T10:34:27 - [TEST_STEP][PASSED] - setValueToCellByIndex(sheet01, n, 0, dashboardName): null

27-11-2024T10:34:27 - [TEST_STEP][PASSED] - setValueToCellByIndex(sheet01, n, 1, dZO): null

27-11-2024T10:34:27 - [TEST_STEP][PASSED] - setValueToCellByIndex(sheet01, n, 2, typeOfData): null

27-11-2024T10:34:27 - [TEST_STEP][PASSED] - if (typeOfData == "Факт в процентах" || typeOfData == "План в процентах"): null

27-11-2024T10:34:27 - [TEST_STEP][PASSED] - else: null

27-11-2024T10:34:27 - [TEST_STEP][PASSED] - setValueToCellByIndex(sheet01, n, 3, fileInt): null

27-11-2024T10:34:27 - [TEST_STEP][PASSED] - setValueToCellByIndex(sheet01, n, 4, pageInt): null

27-11-2024T10:34:27 - [TEST_STEP][PASSED] - setValueToCellByIndex(sheet01, n, 5, m): null

27-11-2024T10:34:27 - [TEST_STEP][PASSED] - setValueToCellByIndex(sheet01, n, 6, y): null

27-11-2024T10:34:27 - [TEST_STEP][PASSED] - setValueToCellByIndex(sheet01, n, 7, todaysDate): null

27-11-2024T10:34:27 - [TEST_STEP][PASSED] - n = n + 1: null

27-11-2024T10:34:27 - [TEST_STEP][PASSED] - saveWorkbook(excelFilePath, workbook01): null

27-11-2024T10:34:28 - [TEST_STEP][PASSED] - compare = pagePoteri: null

27-11-2024T10:34:28 - [TEST_STEP][PASSED] - if (compare == filePoteri): null

27-11-2024T10:34:28 - [TEST_STEP][PASSED] - else if (compare > filePoteri): null

27-11-2024T10:34:28 - [TEST_STEP][PASSED] - else if (compare < filePoteri): null

27-11-2024T10:34:28 - [TEST_STEP][PASSED] - compare = compare + 1: null

27-11-2024T10:34:28 - [TEST_STEP][PASSED] - if (compare == filePoteri): null

27-11-2024T10:34:28 - [TEST_STEP][PASSED] - else: null

27-11-2024T10:34:28 - [TEST_STEP][PASSED] - numberOfErrors = numberOfErrors + 1: null

27-11-2024T10:34:28 - [TEST_STEP][PASSED] - pageInt = pagePoteri: null

27-11-2024T10:34:28 - [TEST_STEP][PASSED] - fileInt = filePoteri: null

27-11-2024T10:34:28 - [TEST_STEP][PASSED] - typeOfData = typeOfDataMain + " Потери": null

27-11-2024T10:34:28 - [TEST_STEP][PASSED] - Script1718980020443.WriteToExcel(a, typeOfData, todaysDate, pageInt, fileInt, pageDouble, fileDouble, dZO): null

27-11-2024T10:34:28 - [TEST_STEP][PASSED] - sheetName = "Sheet1": null

27-11-2024T10:34:28 - [TEST_STEP][PASSED] - data = findTestData("PlanFact"): null

27-11-2024T10:34:28 - [TEST_STEP][PASSED] - n = data.getRowNumbers() + 1: null

27-11-2024T10:34:28 - [TEST_STEP][PASSED] - year = todaysDate.substring(todaysDate.length() - 4, todaysDate.length()): null

27-11-2024T10:34:28 - [TEST_STEP][PASSED] - y = year.toInteger(): null

27-11-2024T10:34:28 - [TEST_STEP][PASSED] - m = getText(findTestObject("Выполнение бизнес-плана/Период")): Text of object 'Object Repository/Выполнение бизнес-плана/Период' is: '1, 2, 3 кв. 2024 года'

27-11-2024T10:34:28 - [MESSAGE][PASSED] - Text of object 'Object Repository/Выполнение бизнес-плана/Период' is: '1, 2, 3 кв. 2024 года'

27-11-2024T10:34:28 - [TEST_STEP][PASSED] - m = m.substring(0, m.indexOf("2024")): null

27-11-2024T10:34:28 - [TEST_STEP][PASSED] - m = m.trim(): null

27-11-2024T10:34:28 - [TEST_STEP][PASSED] - dashboardName = "Выполнение бизнес-плана": null

27-11-2024T10:34:28 - [TEST_STEP][PASSED] - workbook01 = getWorkbook(excelFilePath): null

27-11-2024T10:34:28 - [TEST_STEP][PASSED] - sheet01 = getExcelSheet(workbook01, sheetName): null

27-11-2024T10:34:28 - [TEST_STEP][PASSED] - setValueToCellByIndex(sheet01, n, 0, dashboardName): null

27-11-2024T10:34:28 - [TEST_STEP][PASSED] - setValueToCellByIndex(sheet01, n, 1, dZO): null

27-11-2024T10:34:28 - [TEST_STEP][PASSED] - setValueToCellByIndex(sheet01, n, 2, typeOfData): null

27-11-2024T10:34:28 - [TEST_STEP][PASSED] - if (typeOfData == "Факт в процентах" || typeOfData == "План в процентах"): null

27-11-2024T10:34:28 - [TEST_STEP][PASSED] - else: null

27-11-2024T10:34:28 - [TEST_STEP][PASSED] - setValueToCellByIndex(sheet01, n, 3, fileInt): null

27-11-2024T10:34:28 - [TEST_STEP][PASSED] - setValueToCellByIndex(sheet01, n, 4, pageInt): null

27-11-2024T10:34:28 - [TEST_STEP][PASSED] - setValueToCellByIndex(sheet01, n, 5, m): null

27-11-2024T10:34:28 - [TEST_STEP][PASSED] - setValueToCellByIndex(sheet01, n, 6, y): null

27-11-2024T10:34:28 - [TEST_STEP][PASSED] - setValueToCellByIndex(sheet01, n, 7, todaysDate): null

27-11-2024T10:34:28 - [TEST_STEP][PASSED] - n = n + 1: null

27-11-2024T10:34:28 - [TEST_STEP][PASSED] - saveWorkbook(excelFilePath, workbook01): Object: 'Object Repository/Выполнение бизнес-плана/Кнопка Факт' is clicked on

27-11-2024T10:34:28 - [TEST_STEP][PASSED] - if (planFact == 2): Object: 'Object Repository/Выполнение бизнес-плана/Кнопка Факт' is clicked on

27-11-2024T10:34:28 - [TEST_STEP][PASSED] - click(findTestObject("Выполнение бизнес-плана/Кнопка Факт")): Object: 'Object Repository/Выполнение бизнес-плана/Кнопка Факт' is clicked on

27-11-2024T10:34:29 - [MESSAGE][PASSED] - Object: 'Object Repository/Выполнение бизнес-плана/Кнопка Факт' is clicked on

27-11-2024T10:34:29 - [TEST_STEP][PASSED] - if (a == 84 || a == 82): null

27-11-2024T10:34:29 - [TEST_STEP][PASSED] - else if (a == 52 || a == 72 || a == 28 || a == 73 || a == 77 || a == 74 || a == 65 || a == 36 || a == 44 || a == 53 || a == 80 || a == 54 || a == 1 || a == 18 || a == 59 || a == 81): null

27-11-2024T10:34:29 - [TEST_STEP][PASSED] - else: null

27-11-2024T10:34:29 - [TEST_STEP][PASSED] - page1 = getText(findTestObject("Object Repository/Выполнение бизнес-плана/spanPlan" + filialNum)): Text of object 'Object Repository/Выполнение бизнес-плана/spanPlan1' is: '39.74
|'

27-11-2024T10:34:29 - [MESSAGE][PASSED] - Text of object 'Object Repository/Выполнение бизнес-плана/spanPlan1' is: '39.74
|'

27-11-2024T10:34:29 - [TEST_STEP][PASSED] - page1 = page1.replace("|", ""): null

27-11-2024T10:34:29 - [TEST_STEP][PASSED] - page2 = getText(findTestObject("Object Repository/Выполнение бизнес-плана/spanFact" + filialNum)): Text of object 'Object Repository/Выполнение бизнес-плана/spanFact1' is: '47.79
|'

27-11-2024T10:34:29 - [MESSAGE][PASSED] - Text of object 'Object Repository/Выполнение бизнес-плана/spanFact1' is: '47.79
|'

27-11-2024T10:34:29 - [TEST_STEP][PASSED] - page2 = page2.replace("|", ""): null

27-11-2024T10:34:29 - [TEST_STEP][PASSED] - println("page1: " + page1): null

27-11-2024T10:34:29 - [TEST_STEP][PASSED] - println("page2: " + page2): null

27-11-2024T10:34:29 - [TEST_STEP][PASSED] - file = findTestData("PlanFact").getValue(4, a): null

27-11-2024T10:34:29 - [TEST_STEP][PASSED] - file = file.replace(",", "."): null

27-11-2024T10:34:29 - [TEST_STEP][PASSED] - println("file Plan: " + file): null

27-11-2024T10:34:29 - [TEST_STEP][PASSED] - typeOfData = "План в процентах": null

27-11-2024T10:34:29 - [TEST_STEP][PASSED] - fileDouble = file.toDouble(): null

27-11-2024T10:34:29 - [TEST_STEP][PASSED] - pageDouble = page1.toDouble(): null

27-11-2024T10:34:29 - [TEST_STEP][PASSED] - if (fileDouble != pageDouble): null

27-11-2024T10:34:29 - [TEST_STEP][PASSED] - numberOfErrors = numberOfErrors + 1: null

27-11-2024T10:34:29 - [TEST_STEP][PASSED] - Script1718980020443.WriteToExcel(a, typeOfData, todaysDate, pageInt, fileInt, pageDouble, fileDouble, dZO): null

27-11-2024T10:34:29 - [TEST_STEP][PASSED] - sheetName = "Sheet1": null

27-11-2024T10:34:29 - [TEST_STEP][PASSED] - data = findTestData("PlanFact"): null

27-11-2024T10:34:29 - [TEST_STEP][PASSED] - n = data.getRowNumbers() + 1: null

27-11-2024T10:34:29 - [TEST_STEP][PASSED] - year = todaysDate.substring(todaysDate.length() - 4, todaysDate.length()): null

27-11-2024T10:34:29 - [TEST_STEP][PASSED] - y = year.toInteger(): null

27-11-2024T10:34:29 - [TEST_STEP][PASSED] - m = getText(findTestObject("Выполнение бизнес-плана/Период")): Text of object 'Object Repository/Выполнение бизнес-плана/Период' is: '1, 2, 3 кв. 2024 года'

27-11-2024T10:34:30 - [MESSAGE][PASSED] - Text of object 'Object Repository/Выполнение бизнес-плана/Период' is: '1, 2, 3 кв. 2024 года'

27-11-2024T10:34:30 - [TEST_STEP][PASSED] - m = m.substring(0, m.indexOf("2024")): null

27-11-2024T10:34:30 - [TEST_STEP][PASSED] - m = m.trim(): null

27-11-2024T10:34:30 - [TEST_STEP][PASSED] - dashboardName = "Выполнение бизнес-плана": null

27-11-2024T10:34:30 - [TEST_STEP][PASSED] - workbook01 = getWorkbook(excelFilePath): null

27-11-2024T10:34:30 - [TEST_STEP][PASSED] - sheet01 = getExcelSheet(workbook01, sheetName): null

27-11-2024T10:34:30 - [TEST_STEP][PASSED] - setValueToCellByIndex(sheet01, n, 0, dashboardName): null

27-11-2024T10:34:30 - [TEST_STEP][PASSED] - setValueToCellByIndex(sheet01, n, 1, dZO): null

27-11-2024T10:34:30 - [TEST_STEP][PASSED] - setValueToCellByIndex(sheet01, n, 2, typeOfData): null

27-11-2024T10:34:30 - [TEST_STEP][PASSED] - if (typeOfData == "Факт в процентах" || typeOfData == "План в процентах"): null

27-11-2024T10:34:30 - [TEST_STEP][PASSED] - setValueToCellByIndex(sheet01, n, 3, fileDouble): null

27-11-2024T10:34:30 - [TEST_STEP][PASSED] - setValueToCellByIndex(sheet01, n, 4, pageDouble): null

27-11-2024T10:34:30 - [TEST_STEP][PASSED] - setValueToCellByIndex(sheet01, n, 5, m): null

27-11-2024T10:34:30 - [TEST_STEP][PASSED] - setValueToCellByIndex(sheet01, n, 6, y): null

27-11-2024T10:34:30 - [TEST_STEP][PASSED] - setValueToCellByIndex(sheet01, n, 7, todaysDate): null

27-11-2024T10:34:30 - [TEST_STEP][PASSED] - n = n + 1: null

27-11-2024T10:34:30 - [TEST_STEP][PASSED] - saveWorkbook(excelFilePath, workbook01): null

27-11-2024T10:34:30 - [TEST_STEP][PASSED] - file = findTestData("PlanFact").getValue(7, a): null

27-11-2024T10:34:30 - [TEST_STEP][PASSED] - file = file.replace(",", "."): null

27-11-2024T10:34:30 - [TEST_STEP][PASSED] - println("file Fact: " + file): null

27-11-2024T10:34:30 - [TEST_STEP][PASSED] - fileDouble = file.toDouble(): null

27-11-2024T10:34:30 - [TEST_STEP][PASSED] - typeOfData = "Факт в процентах": null

27-11-2024T10:34:30 - [TEST_STEP][PASSED] - fileDouble = file.toDouble(): null

27-11-2024T10:34:30 - [TEST_STEP][PASSED] - pageDouble = page2.toDouble(): null

27-11-2024T10:34:30 - [TEST_STEP][PASSED] - if (fileDouble != pageDouble): null

27-11-2024T10:34:30 - [TEST_STEP][PASSED] - numberOfErrors = numberOfErrors + 1: null

27-11-2024T10:34:30 - [TEST_STEP][PASSED] - Script1718980020443.WriteToExcel(a, typeOfData, todaysDate, pageInt, fileInt, pageDouble, fileDouble, dZO): null

27-11-2024T10:34:30 - [TEST_STEP][PASSED] - sheetName = "Sheet1": null

27-11-2024T10:34:30 - [TEST_STEP][PASSED] - data = findTestData("PlanFact"): null

27-11-2024T10:34:30 - [TEST_STEP][PASSED] - n = data.getRowNumbers() + 1: null

27-11-2024T10:34:30 - [TEST_STEP][PASSED] - year = todaysDate.substring(todaysDate.length() - 4, todaysDate.length()): null

27-11-2024T10:34:30 - [TEST_STEP][PASSED] - y = year.toInteger(): null

27-11-2024T10:34:30 - [TEST_STEP][PASSED] - m = getText(findTestObject("Выполнение бизнес-плана/Период")): Text of object 'Object Repository/Выполнение бизнес-плана/Период' is: '1, 2, 3 кв. 2024 года'

27-11-2024T10:34:30 - [MESSAGE][PASSED] - Text of object 'Object Repository/Выполнение бизнес-плана/Период' is: '1, 2, 3 кв. 2024 года'

27-11-2024T10:34:30 - [TEST_STEP][PASSED] - m = m.substring(0, m.indexOf("2024")): null

27-11-2024T10:34:30 - [TEST_STEP][PASSED] - m = m.trim(): null

27-11-2024T10:34:30 - [TEST_STEP][PASSED] - dashboardName = "Выполнение бизнес-плана": null

27-11-2024T10:34:30 - [TEST_STEP][PASSED] - workbook01 = getWorkbook(excelFilePath): null

27-11-2024T10:34:30 - [TEST_STEP][PASSED] - sheet01 = getExcelSheet(workbook01, sheetName): null

27-11-2024T10:34:30 - [TEST_STEP][PASSED] - setValueToCellByIndex(sheet01, n, 0, dashboardName): null

27-11-2024T10:34:30 - [TEST_STEP][PASSED] - setValueToCellByIndex(sheet01, n, 1, dZO): null

27-11-2024T10:34:30 - [TEST_STEP][PASSED] - setValueToCellByIndex(sheet01, n, 2, typeOfData): null

27-11-2024T10:34:30 - [TEST_STEP][PASSED] - if (typeOfData == "Факт в процентах" || typeOfData == "План в процентах"): null

27-11-2024T10:34:30 - [TEST_STEP][PASSED] - setValueToCellByIndex(sheet01, n, 3, fileDouble): null

27-11-2024T10:34:30 - [TEST_STEP][PASSED] - setValueToCellByIndex(sheet01, n, 4, pageDouble): null

27-11-2024T10:34:30 - [TEST_STEP][PASSED] - setValueToCellByIndex(sheet01, n, 5, m): null

27-11-2024T10:34:30 - [TEST_STEP][PASSED] - setValueToCellByIndex(sheet01, n, 6, y): null

27-11-2024T10:34:30 - [TEST_STEP][PASSED] - setValueToCellByIndex(sheet01, n, 7, todaysDate): null

27-11-2024T10:34:30 - [TEST_STEP][PASSED] - n = n + 1: null

27-11-2024T10:34:30 - [TEST_STEP][PASSED] - saveWorkbook(excelFilePath, workbook01): null

27-11-2024T10:34:31 - [TEST_STEP][FAILED] - if (verifyEqual(numberOfErrors, 0) == false): null

27-11-2024T10:34:31 - [MESSAGE][FAILED] - Unable to verify equal between actual object '6' and expected object '0' (Root cause: com.kms.katalon.core.exception.StepFailedException: Actual object '6' and expected object '0' are not equal
	at com.kms.katalon.core.keyword.builtin.VerifyEqualKeyword$_verifyEqual_closure1.doCall(VerifyEqualKeyword.groovy:58)
	at com.kms.katalon.core.keyword.builtin.VerifyEqualKeyword$_verifyEqual_closure1.call(VerifyEqualKeyword.groovy)
	at com.kms.katalon.core.keyword.internal.KeywordMain.runKeyword(KeywordMain.groovy:75)
	at com.kms.katalon.core.keyword.builtin.VerifyEqualKeyword.verifyEqual(VerifyEqualKeyword.groovy:63)
	at com.kms.katalon.core.keyword.builtin.VerifyEqualKeyword.execute(VerifyEqualKeyword.groovy:44)
	at com.kms.katalon.core.keyword.internal.KeywordExecutor.executeKeywordForPlatform(KeywordExecutor.groovy:74)
	at com.kms.katalon.core.keyword.BuiltinKeywords.verifyEqual(BuiltinKeywords.groovy:146)
	at java.base/jdk.internal.reflect.NativeMethodAccessorImpl.invoke0(Native Method)
	at java.base/jdk.internal.reflect.NativeMethodAccessorImpl.invoke(NativeMethodAccessorImpl.java:77)
	at java.base/jdk.internal.reflect.DelegatingMethodAccessorImpl.invoke(DelegatingMethodAccessorImpl.java:43)
	at Выполнение бизнес-плана Сверка ПАО Россети все филиалы.Numbers(Выполнение бизнес-плана Сверка ПАО Россети все филиалы:740)
	at Выполнение бизнес-плана Сверка ПАО Россети все филиалы.Filials(Выполнение бизнес-плана Сверка ПАО Россети все филиалы:1075)
	at Выполнение бизнес-плана Сверка ПАО Россети все филиалы.Numbers(Выполнение бизнес-плана Сверка ПАО Россети все филиалы:745)
	at Выполнение бизнес-плана Сверка ПАО Россети все филиалы.run(Выполнение бизнес-плана Сверка ПАО Россети все филиалы:304)
	at com.kms.katalon.core.main.ScriptEngine.run(ScriptEngine.java:194)
	at com.kms.katalon.core.main.ScriptEngine.runScriptAsRawText(ScriptEngine.java:119)
	at com.kms.katalon.core.main.TestCaseExecutor.runScript(TestCaseExecutor.java:448)
	at com.kms.katalon.core.main.TestCaseExecutor.doExecute(TestCaseExecutor.java:439)
	at com.kms.katalon.core.main.TestCaseExecutor.processExecutionPhase(TestCaseExecutor.java:418)
	at com.kms.katalon.core.main.TestCaseExecutor.accessMainPhase(TestCaseExecutor.java:410)
	at com.kms.katalon.core.main.TestCaseExecutor.execute(TestCaseExecutor.java:285)
	at com.kms.katalon.core.common.CommonExecutor.accessTestCaseMainPhase(CommonExecutor.java:65)
	at com.kms.katalon.core.main.TestSuiteExecutor.accessTestSuiteMainPhase(TestSuiteExecutor.java:150)
	at com.kms.katalon.core.main.TestSuiteExecutor.execute(TestSuiteExecutor.java:106)
	at com.kms.katalon.core.main.TestCaseMain.startTestSuite(TestCaseMain.java:180)
	at TempTestSuite1732692359995.run(TempTestSuite1732692359995.groovy:35)
	at java.base/jdk.internal.reflect.NativeMethodAccessorImpl.invoke0(Native Method)
	at java.base/jdk.internal.reflect.NativeMethodAccessorImpl.invoke(NativeMethodAccessorImpl.java:77)
	at java.base/jdk.internal.reflect.DelegatingMethodAccessorImpl.invoke(DelegatingMethodAccessorImpl.java:43)
)

27-11-2024T10:34:31 - [TEST_STEP][PASSED] - println(numberOfErrors): null

27-11-2024T10:34:31 - [TEST_STEP][PASSED] - if (a == 28 || a == 77 || a == 74 || a == 65 || a == 36 || a == 44 || a == 54 || a == 1 || a == 18 || a == 59): null

27-11-2024T10:34:31 - [TEST_STEP][PASSED] - if (a == 82): null

27-11-2024T10:34:31 - [TEST_STEP][PASSED] - dZO = "Ингушэнерго": null

27-11-2024T10:34:31 - [TEST_STEP][PASSED] - a = 70: null

27-11-2024T10:34:31 - [TEST_STEP][PASSED] - if (x2.contains(dZO)): null

27-11-2024T10:34:31 - [TEST_STEP][PASSED] - filialNum = filialNum + 1: null

27-11-2024T10:34:31 - [TEST_STEP][PASSED] - Script1718980020443.Numbers(a, typeOfData, todaysDate, pageInt, fileInt, pageDouble, fileDouble, dZO, dzoNum, filialNum): null

27-11-2024T10:34:31 - [TEST_STEP][PASSED] - println(dzoNum): null

27-11-2024T10:34:31 - [TEST_STEP][PASSED] - planFact = <not implemented yet for class: org.codehaus.groovy.ast.expr.EmptyExpression>: null

27-11-2024T10:34:31 - [TEST_STEP][PASSED] - page = <not implemented yet for class: org.codehaus.groovy.ast.expr.EmptyExpression>: null

27-11-2024T10:34:31 - [TEST_STEP][PASSED] - page1 = <not implemented yet for class: org.codehaus.groovy.ast.expr.EmptyExpression>: null

27-11-2024T10:34:31 - [TEST_STEP][PASSED] - page2 = <not implemented yet for class: org.codehaus.groovy.ast.expr.EmptyExpression>: null

27-11-2024T10:34:31 - [TEST_STEP][PASSED] - filialNumberInRow = <not implemented yet for class: org.codehaus.groovy.ast.expr.EmptyExpression>: null

27-11-2024T10:34:31 - [TEST_STEP][PASSED] - filialsDzoNames = <not implemented yet for class: org.codehaus.groovy.ast.expr.EmptyExpression>: null

27-11-2024T10:34:31 - [TEST_STEP][PASSED] - numberOfFilials = <not implemented yet for class: org.codehaus.groovy.ast.expr.EmptyExpression>: null

27-11-2024T10:34:31 - [TEST_STEP][PASSED] - numberOfSpaces = <not implemented yet for class: org.codehaus.groovy.ast.expr.EmptyExpression>: null

27-11-2024T10:34:31 - [TEST_STEP][PASSED] - file = <not implemented yet for class: org.codehaus.groovy.ast.expr.EmptyExpression>: null

27-11-2024T10:34:31 - [TEST_STEP][PASSED] - otpusk = <not implemented yet for class: org.codehaus.groovy.ast.expr.EmptyExpression>: null

27-11-2024T10:34:31 - [TEST_STEP][PASSED] - poteri = <not implemented yet for class: org.codehaus.groovy.ast.expr.EmptyExpression>: null

27-11-2024T10:34:31 - [TEST_STEP][PASSED] - dataFolder = "Выполнение бизнес-плана/Значения со страницы Выполнение бизнес-плана/": null

27-11-2024T10:34:31 - [TEST_STEP][PASSED] - path = <not implemented yet for class: org.codehaus.groovy.ast.expr.EmptyExpression>: null

27-11-2024T10:34:31 - [TEST_STEP][PASSED] - typeOfDataMain = <not implemented yet for class: org.codehaus.groovy.ast.expr.EmptyExpression>: null

27-11-2024T10:34:31 - [TEST_STEP][PASSED] - fileOtpuskVSet = <not implemented yet for class: org.codehaus.groovy.ast.expr.EmptyExpression>: null

27-11-2024T10:34:31 - [TEST_STEP][PASSED] - pageOtpuskVSet = <not implemented yet for class: org.codehaus.groovy.ast.expr.EmptyExpression>: null

27-11-2024T10:34:31 - [TEST_STEP][PASSED] - filePoteri = <not implemented yet for class: org.codehaus.groovy.ast.expr.EmptyExpression>: null

27-11-2024T10:34:31 - [TEST_STEP][PASSED] - pagePoteri = <not implemented yet for class: org.codehaus.groovy.ast.expr.EmptyExpression>: null

27-11-2024T10:34:31 - [TEST_STEP][PASSED] - compare = <not implemented yet for class: org.codehaus.groovy.ast.expr.EmptyExpression>: null

27-11-2024T10:34:31 - [TEST_STEP][PASSED] - b = <not implemented yet for class: org.codehaus.groovy.ast.expr.EmptyExpression>: null

27-11-2024T10:34:31 - [TEST_STEP][PASSED] - i = <not implemented yet for class: org.codehaus.groovy.ast.expr.EmptyExpression>: null

27-11-2024T10:34:31 - [TEST_STEP][PASSED] - ii = <not implemented yet for class: org.codehaus.groovy.ast.expr.EmptyExpression>: null

27-11-2024T10:34:31 - [TEST_STEP][PASSED] - c = <not implemented yet for class: org.codehaus.groovy.ast.expr.EmptyExpression>: null

27-11-2024T10:34:31 - [TEST_STEP][PASSED] - numberOfErrors = 0: null

27-11-2024T10:34:31 - [TEST_STEP][PASSED] - if (a == 82): null

27-11-2024T10:34:31 - [TEST_STEP][PASSED] - b = findTestData("PlanFact").getValue(1, a): null

27-11-2024T10:34:31 - [TEST_STEP][PASSED] - i = b.indexOf(" (ГК)"): null

27-11-2024T10:34:31 - [TEST_STEP][PASSED] - if (i > -1): null

27-11-2024T10:34:31 - [TEST_STEP][PASSED] - i = b.indexOf("О ""): null

27-11-2024T10:34:31 - [TEST_STEP][PASSED] - if (i > -1): null

27-11-2024T10:34:31 - [TEST_STEP][PASSED] - i = b.indexOf("О «"): null

27-11-2024T10:34:31 - [TEST_STEP][PASSED] - if (i > -1): null

27-11-2024T10:34:31 - [TEST_STEP][PASSED] - i = b.indexOf("г. "): null

27-11-2024T10:34:31 - [TEST_STEP][PASSED] - if (i > -1): null

27-11-2024T10:34:31 - [TEST_STEP][PASSED] - println(b): null

27-11-2024T10:34:31 - [TEST_STEP][PASSED] - for ([planFact = 1, planFact < 3, (planFact++)]): null

27-11-2024T10:34:31 - [TEST_STEP][PASSED] - if (planFact == 1): null

27-11-2024T10:34:31 - [TEST_STEP][PASSED] - typeOfDataMain = "Факт": null

27-11-2024T10:34:31 - [TEST_STEP][PASSED] - otpusk = findTestData("PlanFact").getValue(5, a): null

27-11-2024T10:34:31 - [TEST_STEP][PASSED] - poteri = findTestData("PlanFact").getValue(6, a): null

27-11-2024T10:34:31 - [TEST_STEP][PASSED] - otpusk = otpusk.replaceAll("\s+", ""): null

27-11-2024T10:34:31 - [TEST_STEP][PASSED] - poteri = poteri.replaceAll("\s+", ""): null

27-11-2024T10:34:31 - [TEST_STEP][PASSED] - typeOfData = typeOfDataMain + " Отпуск в сеть": null

27-11-2024T10:34:31 - [TEST_STEP][PASSED] - if (a == 82): null

27-11-2024T10:34:31 - [TEST_STEP][PASSED] - else if (a == 84): null

27-11-2024T10:34:31 - [TEST_STEP][PASSED] - else if (a == 52 || a == 72 || a == 28 || a == 73 || a == 77 || a == 74 || a == 65 || a == 36 || a == 44 || a == 53 || a == 80 || a == 54 || a == 1 || a == 18 || a == 59 || a == 81): null

27-11-2024T10:34:31 - [TEST_STEP][PASSED] - else: null

27-11-2024T10:34:31 - [TEST_STEP][PASSED] - path = dataFolder + typeOfData + " за отчётный период " + b: null

27-11-2024T10:34:31 - [TEST_STEP][PASSED] - println(path): null

27-11-2024T10:34:31 - [TEST_STEP][PASSED] - page = getText(findTestObject(path)): Text of object 'Object Repository/Выполнение бизнес-плана/Значения со страницы Выполнение бизнес-плана/Факт Отпуск в сеть за отчётный период Ингушэнерго' is: '810 515'

27-11-2024T10:34:31 - [MESSAGE][PASSED] - Text of object 'Object Repository/Выполнение бизнес-плана/Значения со страницы Выполнение бизнес-плана/Факт Отпуск в сеть за отчётный период Ингушэнерго' is: '810 515'

27-11-2024T10:34:31 - [TEST_STEP][PASSED] - page = page.replaceAll("\s+", ""): null

27-11-2024T10:34:31 - [TEST_STEP][PASSED] - fileOtpuskVSet = otpusk.toInteger(): null

27-11-2024T10:34:31 - [TEST_STEP][PASSED] - pageOtpuskVSet = page.toInteger(): null

27-11-2024T10:34:31 - [TEST_STEP][PASSED] - typeOfData = typeOfDataMain + " Потери": null

27-11-2024T10:34:31 - [TEST_STEP][PASSED] - if (a == 82): null

27-11-2024T10:34:31 - [TEST_STEP][PASSED] - else if (a == 84): null

27-11-2024T10:34:31 - [TEST_STEP][PASSED] - else if (a == 52 || a == 72 || a == 28 || a == 73 || a == 77 || a == 74 || a == 65 || a == 36 || a == 44 || a == 53 || a == 80 || a == 54 || a == 1 || a == 18 || a == 59 || a == 81): null

27-11-2024T10:34:31 - [TEST_STEP][PASSED] - else: null

27-11-2024T10:34:31 - [TEST_STEP][PASSED] - path = dataFolder + typeOfData + " за отчётный период " + b: null

27-11-2024T10:34:31 - [TEST_STEP][PASSED] - page = getText(findTestObject(path)): Text of object 'Object Repository/Выполнение бизнес-плана/Значения со страницы Выполнение бизнес-плана/Факт Потери за отчётный период Ингушэнерго' is: '458 410'

27-11-2024T10:34:32 - [MESSAGE][PASSED] - Text of object 'Object Repository/Выполнение бизнес-плана/Значения со страницы Выполнение бизнес-плана/Факт Потери за отчётный период Ингушэнерго' is: '458 410'

27-11-2024T10:34:32 - [TEST_STEP][PASSED] - page = page.replaceAll("\s+", ""): null

27-11-2024T10:34:32 - [TEST_STEP][PASSED] - filePoteri = poteri.toInteger(): null

27-11-2024T10:34:32 - [TEST_STEP][PASSED] - pagePoteri = page.toInteger(): null

27-11-2024T10:34:32 - [TEST_STEP][PASSED] - compare = pageOtpuskVSet: null

27-11-2024T10:34:32 - [TEST_STEP][PASSED] - if (compare == fileOtpuskVSet): null

27-11-2024T10:34:32 - [TEST_STEP][PASSED] - else if (compare > fileOtpuskVSet): null

27-11-2024T10:34:32 - [TEST_STEP][PASSED] - compare = compare - 1: null

27-11-2024T10:34:32 - [TEST_STEP][PASSED] - if (compare == fileOtpuskVSet): null

27-11-2024T10:34:32 - [TEST_STEP][PASSED] - else: null

27-11-2024T10:34:32 - [TEST_STEP][PASSED] - numberOfErrors = numberOfErrors + 1: null

27-11-2024T10:34:32 - [TEST_STEP][PASSED] - pageInt = pageOtpuskVSet: null

27-11-2024T10:34:32 - [TEST_STEP][PASSED] - fileInt = fileOtpuskVSet: null

27-11-2024T10:34:32 - [TEST_STEP][PASSED] - typeOfData = typeOfDataMain + " Отпуск в сеть": null

27-11-2024T10:34:32 - [TEST_STEP][PASSED] - Script1718980020443.WriteToExcel(a, typeOfData, todaysDate, pageInt, fileInt, pageDouble, fileDouble, dZO): null

27-11-2024T10:34:32 - [TEST_STEP][PASSED] - sheetName = "Sheet1": null

27-11-2024T10:34:32 - [TEST_STEP][PASSED] - data = findTestData("PlanFact"): null

27-11-2024T10:34:32 - [TEST_STEP][PASSED] - n = data.getRowNumbers() + 1: null

27-11-2024T10:34:32 - [TEST_STEP][PASSED] - year = todaysDate.substring(todaysDate.length() - 4, todaysDate.length()): null

27-11-2024T10:34:32 - [TEST_STEP][PASSED] - y = year.toInteger(): null

27-11-2024T10:34:32 - [TEST_STEP][PASSED] - m = getText(findTestObject("Выполнение бизнес-плана/Период")): Text of object 'Object Repository/Выполнение бизнес-плана/Период' is: '1, 2, 3 кв. 2024 года'

27-11-2024T10:34:32 - [MESSAGE][PASSED] - Text of object 'Object Repository/Выполнение бизнес-плана/Период' is: '1, 2, 3 кв. 2024 года'

27-11-2024T10:34:32 - [TEST_STEP][PASSED] - m = m.substring(0, m.indexOf("2024")): null

27-11-2024T10:34:32 - [TEST_STEP][PASSED] - m = m.trim(): null

27-11-2024T10:34:32 - [TEST_STEP][PASSED] - dashboardName = "Выполнение бизнес-плана": null

27-11-2024T10:34:32 - [TEST_STEP][PASSED] - workbook01 = getWorkbook(excelFilePath): null

27-11-2024T10:34:32 - [TEST_STEP][PASSED] - sheet01 = getExcelSheet(workbook01, sheetName): null

27-11-2024T10:34:32 - [TEST_STEP][PASSED] - setValueToCellByIndex(sheet01, n, 0, dashboardName): null

27-11-2024T10:34:32 - [TEST_STEP][PASSED] - setValueToCellByIndex(sheet01, n, 1, dZO): null

27-11-2024T10:34:32 - [TEST_STEP][PASSED] - setValueToCellByIndex(sheet01, n, 2, typeOfData): null

27-11-2024T10:34:32 - [TEST_STEP][PASSED] - if (typeOfData == "Факт в процентах" || typeOfData == "План в процентах"): null

27-11-2024T10:34:32 - [TEST_STEP][PASSED] - else: null

27-11-2024T10:34:32 - [TEST_STEP][PASSED] - setValueToCellByIndex(sheet01, n, 3, fileInt): null

27-11-2024T10:34:32 - [TEST_STEP][PASSED] - setValueToCellByIndex(sheet01, n, 4, pageInt): null

27-11-2024T10:34:32 - [TEST_STEP][PASSED] - setValueToCellByIndex(sheet01, n, 5, m): null

27-11-2024T10:34:32 - [TEST_STEP][PASSED] - setValueToCellByIndex(sheet01, n, 6, y): null

27-11-2024T10:34:32 - [TEST_STEP][PASSED] - setValueToCellByIndex(sheet01, n, 7, todaysDate): null

27-11-2024T10:34:32 - [TEST_STEP][PASSED] - n = n + 1: null

27-11-2024T10:34:32 - [TEST_STEP][PASSED] - saveWorkbook(excelFilePath, workbook01): null

27-11-2024T10:34:32 - [TEST_STEP][PASSED] - compare = pagePoteri: null

27-11-2024T10:34:32 - [TEST_STEP][PASSED] - if (compare == filePoteri): null

27-11-2024T10:34:32 - [TEST_STEP][PASSED] - else if (compare > filePoteri): null

27-11-2024T10:34:32 - [TEST_STEP][PASSED] - compare = compare - 1: null

27-11-2024T10:34:32 - [TEST_STEP][PASSED] - if (compare == filePoteri): null

27-11-2024T10:34:32 - [TEST_STEP][PASSED] - else: null

27-11-2024T10:34:32 - [TEST_STEP][PASSED] - numberOfErrors = numberOfErrors + 1: null

27-11-2024T10:34:32 - [TEST_STEP][PASSED] - pageInt = pagePoteri: null

27-11-2024T10:34:32 - [TEST_STEP][PASSED] - fileInt = filePoteri: null

27-11-2024T10:34:32 - [TEST_STEP][PASSED] - typeOfData = typeOfDataMain + " Потери": null

27-11-2024T10:34:32 - [TEST_STEP][PASSED] - Script1718980020443.WriteToExcel(a, typeOfData, todaysDate, pageInt, fileInt, pageDouble, fileDouble, dZO): null

27-11-2024T10:34:32 - [TEST_STEP][PASSED] - sheetName = "Sheet1": null

27-11-2024T10:34:32 - [TEST_STEP][PASSED] - data = findTestData("PlanFact"): null

27-11-2024T10:34:32 - [TEST_STEP][PASSED] - n = data.getRowNumbers() + 1: null

27-11-2024T10:34:32 - [TEST_STEP][PASSED] - year = todaysDate.substring(todaysDate.length() - 4, todaysDate.length()): null

27-11-2024T10:34:32 - [TEST_STEP][PASSED] - y = year.toInteger(): null

27-11-2024T10:34:32 - [TEST_STEP][PASSED] - m = getText(findTestObject("Выполнение бизнес-плана/Период")): Text of object 'Object Repository/Выполнение бизнес-плана/Период' is: '1, 2, 3 кв. 2024 года'

27-11-2024T10:34:33 - [MESSAGE][PASSED] - Text of object 'Object Repository/Выполнение бизнес-плана/Период' is: '1, 2, 3 кв. 2024 года'

27-11-2024T10:34:33 - [TEST_STEP][PASSED] - m = m.substring(0, m.indexOf("2024")): null

27-11-2024T10:34:33 - [TEST_STEP][PASSED] - m = m.trim(): null

27-11-2024T10:34:33 - [TEST_STEP][PASSED] - dashboardName = "Выполнение бизнес-плана": null

27-11-2024T10:34:33 - [TEST_STEP][PASSED] - workbook01 = getWorkbook(excelFilePath): null

27-11-2024T10:34:33 - [TEST_STEP][PASSED] - sheet01 = getExcelSheet(workbook01, sheetName): null

27-11-2024T10:34:33 - [TEST_STEP][PASSED] - setValueToCellByIndex(sheet01, n, 0, dashboardName): null

27-11-2024T10:34:33 - [TEST_STEP][PASSED] - setValueToCellByIndex(sheet01, n, 1, dZO): null

27-11-2024T10:34:33 - [TEST_STEP][PASSED] - setValueToCellByIndex(sheet01, n, 2, typeOfData): null

27-11-2024T10:34:33 - [TEST_STEP][PASSED] - if (typeOfData == "Факт в процентах" || typeOfData == "План в процентах"): null

27-11-2024T10:34:33 - [TEST_STEP][PASSED] - else: null

27-11-2024T10:34:33 - [TEST_STEP][PASSED] - setValueToCellByIndex(sheet01, n, 3, fileInt): null

27-11-2024T10:34:33 - [TEST_STEP][PASSED] - setValueToCellByIndex(sheet01, n, 4, pageInt): null

27-11-2024T10:34:33 - [TEST_STEP][PASSED] - setValueToCellByIndex(sheet01, n, 5, m): null

27-11-2024T10:34:33 - [TEST_STEP][PASSED] - setValueToCellByIndex(sheet01, n, 6, y): null

27-11-2024T10:34:33 - [TEST_STEP][PASSED] - setValueToCellByIndex(sheet01, n, 7, todaysDate): null

27-11-2024T10:34:33 - [TEST_STEP][PASSED] - n = n + 1: null

27-11-2024T10:34:33 - [TEST_STEP][PASSED] - saveWorkbook(excelFilePath, workbook01): null

27-11-2024T10:34:33 - [TEST_STEP][PASSED] - if (planFact == 2): null

27-11-2024T10:34:33 - [TEST_STEP][PASSED] - if (planFact == 1): null

27-11-2024T10:34:33 - [TEST_STEP][PASSED] - else if (planFact == 2): null

27-11-2024T10:34:33 - [TEST_STEP][PASSED] - click(findTestObject("Выполнение бизнес-плана/Кнопка План")): Object: 'Object Repository/Выполнение бизнес-плана/Кнопка План' is clicked on

27-11-2024T10:34:33 - [MESSAGE][PASSED] - Object: 'Object Repository/Выполнение бизнес-плана/Кнопка План' is clicked on

27-11-2024T10:34:33 - [TEST_STEP][PASSED] - typeOfDataMain = "План": null

27-11-2024T10:34:33 - [TEST_STEP][PASSED] - otpusk = findTestData("PlanFact").getValue(2, a): null

27-11-2024T10:34:33 - [TEST_STEP][PASSED] - poteri = findTestData("PlanFact").getValue(3, a): null

27-11-2024T10:34:33 - [TEST_STEP][PASSED] - otpusk = otpusk.replaceAll("\s+", ""): null

27-11-2024T10:34:33 - [TEST_STEP][PASSED] - poteri = poteri.replaceAll("\s+", ""): null

27-11-2024T10:34:33 - [TEST_STEP][PASSED] - typeOfData = typeOfDataMain + " Отпуск в сеть": null

27-11-2024T10:34:33 - [TEST_STEP][PASSED] - if (a == 82): null

27-11-2024T10:34:33 - [TEST_STEP][PASSED] - else if (a == 84): null

27-11-2024T10:34:33 - [TEST_STEP][PASSED] - else if (a == 52 || a == 72 || a == 28 || a == 73 || a == 77 || a == 74 || a == 65 || a == 36 || a == 44 || a == 53 || a == 80 || a == 54 || a == 1 || a == 18 || a == 59 || a == 81): null

27-11-2024T10:34:33 - [TEST_STEP][PASSED] - else: null

27-11-2024T10:34:33 - [TEST_STEP][PASSED] - path = dataFolder + typeOfData + " за отчётный период " + b: null

27-11-2024T10:34:33 - [TEST_STEP][PASSED] - println(path): null

27-11-2024T10:34:33 - [TEST_STEP][PASSED] - page = getText(findTestObject(path)): Text of object 'Object Repository/Выполнение бизнес-плана/Значения со страницы Выполнение бизнес-плана/План Отпуск в сеть за отчётный период Ингушэнерго' is: '723 798'

27-11-2024T10:34:34 - [MESSAGE][PASSED] - Text of object 'Object Repository/Выполнение бизнес-плана/Значения со страницы Выполнение бизнес-плана/План Отпуск в сеть за отчётный период Ингушэнерго' is: '723 798'

27-11-2024T10:34:34 - [TEST_STEP][PASSED] - page = page.replaceAll("\s+", ""): null

27-11-2024T10:34:34 - [TEST_STEP][PASSED] - fileOtpuskVSet = otpusk.toInteger(): null

27-11-2024T10:34:34 - [TEST_STEP][PASSED] - pageOtpuskVSet = page.toInteger(): null

27-11-2024T10:34:34 - [TEST_STEP][PASSED] - typeOfData = typeOfDataMain + " Потери": null

27-11-2024T10:34:34 - [TEST_STEP][PASSED] - if (a == 82): null

27-11-2024T10:34:34 - [TEST_STEP][PASSED] - else if (a == 84): null

27-11-2024T10:34:34 - [TEST_STEP][PASSED] - else if (a == 52 || a == 72 || a == 28 || a == 73 || a == 77 || a == 74 || a == 65 || a == 36 || a == 44 || a == 53 || a == 80 || a == 54 || a == 1 || a == 18 || a == 59 || a == 81): null

27-11-2024T10:34:34 - [TEST_STEP][PASSED] - else: null

27-11-2024T10:34:34 - [TEST_STEP][PASSED] - path = dataFolder + typeOfData + " за отчётный период " + b: null

27-11-2024T10:34:34 - [TEST_STEP][PASSED] - page = getText(findTestObject(path)): Text of object 'Object Repository/Выполнение бизнес-плана/Значения со страницы Выполнение бизнес-плана/План Потери за отчётный период Ингушэнерго' is: '314 075'

27-11-2024T10:34:34 - [MESSAGE][PASSED] - Text of object 'Object Repository/Выполнение бизнес-плана/Значения со страницы Выполнение бизнес-плана/План Потери за отчётный период Ингушэнерго' is: '314 075'

27-11-2024T10:34:34 - [TEST_STEP][PASSED] - page = page.replaceAll("\s+", ""): null

27-11-2024T10:34:34 - [TEST_STEP][PASSED] - filePoteri = poteri.toInteger(): null

27-11-2024T10:34:34 - [TEST_STEP][PASSED] - pagePoteri = page.toInteger(): null

27-11-2024T10:34:34 - [TEST_STEP][PASSED] - compare = pageOtpuskVSet: null

27-11-2024T10:34:34 - [TEST_STEP][PASSED] - if (compare == fileOtpuskVSet): null

27-11-2024T10:34:34 - [TEST_STEP][PASSED] - else if (compare > fileOtpuskVSet): null

27-11-2024T10:34:34 - [TEST_STEP][PASSED] - else if (compare < fileOtpuskVSet): null

27-11-2024T10:34:34 - [TEST_STEP][PASSED] - compare = compare + 1: null

27-11-2024T10:34:34 - [TEST_STEP][PASSED] - if (compare == fileOtpuskVSet): null

27-11-2024T10:34:34 - [TEST_STEP][PASSED] - else: null

27-11-2024T10:34:34 - [TEST_STEP][PASSED] - numberOfErrors = numberOfErrors + 1: null

27-11-2024T10:34:34 - [TEST_STEP][PASSED] - pageInt = pageOtpuskVSet: null

27-11-2024T10:34:34 - [TEST_STEP][PASSED] - fileInt = fileOtpuskVSet: null

27-11-2024T10:34:34 - [TEST_STEP][PASSED] - typeOfData = typeOfDataMain + " Отпуск в сеть": null

27-11-2024T10:34:34 - [TEST_STEP][PASSED] - Script1718980020443.WriteToExcel(a, typeOfData, todaysDate, pageInt, fileInt, pageDouble, fileDouble, dZO): null

27-11-2024T10:34:34 - [TEST_STEP][PASSED] - sheetName = "Sheet1": null

27-11-2024T10:34:34 - [TEST_STEP][PASSED] - data = findTestData("PlanFact"): null

27-11-2024T10:34:34 - [TEST_STEP][PASSED] - n = data.getRowNumbers() + 1: null

27-11-2024T10:34:34 - [TEST_STEP][PASSED] - year = todaysDate.substring(todaysDate.length() - 4, todaysDate.length()): null

27-11-2024T10:34:34 - [TEST_STEP][PASSED] - y = year.toInteger(): null

27-11-2024T10:34:34 - [TEST_STEP][PASSED] - m = getText(findTestObject("Выполнение бизнес-плана/Период")): Text of object 'Object Repository/Выполнение бизнес-плана/Период' is: '1, 2, 3 кв. 2024 года'

27-11-2024T10:34:34 - [MESSAGE][PASSED] - Text of object 'Object Repository/Выполнение бизнес-плана/Период' is: '1, 2, 3 кв. 2024 года'

27-11-2024T10:34:34 - [TEST_STEP][PASSED] - m = m.substring(0, m.indexOf("2024")): null

27-11-2024T10:34:34 - [TEST_STEP][PASSED] - m = m.trim(): null

27-11-2024T10:34:34 - [TEST_STEP][PASSED] - dashboardName = "Выполнение бизнес-плана": null

27-11-2024T10:34:34 - [TEST_STEP][PASSED] - workbook01 = getWorkbook(excelFilePath): null

27-11-2024T10:34:34 - [TEST_STEP][PASSED] - sheet01 = getExcelSheet(workbook01, sheetName): null

27-11-2024T10:34:34 - [TEST_STEP][PASSED] - setValueToCellByIndex(sheet01, n, 0, dashboardName): null

27-11-2024T10:34:34 - [TEST_STEP][PASSED] - setValueToCellByIndex(sheet01, n, 1, dZO): null

27-11-2024T10:34:34 - [TEST_STEP][PASSED] - setValueToCellByIndex(sheet01, n, 2, typeOfData): null

27-11-2024T10:34:34 - [TEST_STEP][PASSED] - if (typeOfData == "Факт в процентах" || typeOfData == "План в процентах"): null

27-11-2024T10:34:34 - [TEST_STEP][PASSED] - else: null

27-11-2024T10:34:34 - [TEST_STEP][PASSED] - setValueToCellByIndex(sheet01, n, 3, fileInt): null

27-11-2024T10:34:34 - [TEST_STEP][PASSED] - setValueToCellByIndex(sheet01, n, 4, pageInt): null

27-11-2024T10:34:34 - [TEST_STEP][PASSED] - setValueToCellByIndex(sheet01, n, 5, m): null

27-11-2024T10:34:34 - [TEST_STEP][PASSED] - setValueToCellByIndex(sheet01, n, 6, y): null

27-11-2024T10:34:34 - [TEST_STEP][PASSED] - setValueToCellByIndex(sheet01, n, 7, todaysDate): null

27-11-2024T10:34:34 - [TEST_STEP][PASSED] - n = n + 1: null

27-11-2024T10:34:34 - [TEST_STEP][PASSED] - saveWorkbook(excelFilePath, workbook01): null

27-11-2024T10:34:35 - [TEST_STEP][PASSED] - compare = pagePoteri: null

27-11-2024T10:34:35 - [TEST_STEP][PASSED] - if (compare == filePoteri): null

27-11-2024T10:34:35 - [TEST_STEP][PASSED] - else if (compare > filePoteri): null

27-11-2024T10:34:35 - [TEST_STEP][PASSED] - else if (compare < filePoteri): null

27-11-2024T10:34:35 - [TEST_STEP][PASSED] - compare = compare + 1: null

27-11-2024T10:34:35 - [TEST_STEP][PASSED] - if (compare == filePoteri): null

27-11-2024T10:34:35 - [TEST_STEP][PASSED] - else: null

27-11-2024T10:34:35 - [TEST_STEP][PASSED] - numberOfErrors = numberOfErrors + 1: null

27-11-2024T10:34:35 - [TEST_STEP][PASSED] - pageInt = pagePoteri: null

27-11-2024T10:34:35 - [TEST_STEP][PASSED] - fileInt = filePoteri: null

27-11-2024T10:34:35 - [TEST_STEP][PASSED] - typeOfData = typeOfDataMain + " Потери": null

27-11-2024T10:34:35 - [TEST_STEP][PASSED] - Script1718980020443.WriteToExcel(a, typeOfData, todaysDate, pageInt, fileInt, pageDouble, fileDouble, dZO): null

27-11-2024T10:34:35 - [TEST_STEP][PASSED] - sheetName = "Sheet1": null

27-11-2024T10:34:35 - [TEST_STEP][PASSED] - data = findTestData("PlanFact"): null

27-11-2024T10:34:35 - [TEST_STEP][PASSED] - n = data.getRowNumbers() + 1: null

27-11-2024T10:34:35 - [TEST_STEP][PASSED] - year = todaysDate.substring(todaysDate.length() - 4, todaysDate.length()): null

27-11-2024T10:34:35 - [TEST_STEP][PASSED] - y = year.toInteger(): null

27-11-2024T10:34:35 - [TEST_STEP][PASSED] - m = getText(findTestObject("Выполнение бизнес-плана/Период")): Text of object 'Object Repository/Выполнение бизнес-плана/Период' is: '1, 2, 3 кв. 2024 года'

27-11-2024T10:34:35 - [MESSAGE][PASSED] - Text of object 'Object Repository/Выполнение бизнес-плана/Период' is: '1, 2, 3 кв. 2024 года'

27-11-2024T10:34:35 - [TEST_STEP][PASSED] - m = m.substring(0, m.indexOf("2024")): null

27-11-2024T10:34:35 - [TEST_STEP][PASSED] - m = m.trim(): null

27-11-2024T10:34:35 - [TEST_STEP][PASSED] - dashboardName = "Выполнение бизнес-плана": null

27-11-2024T10:34:35 - [TEST_STEP][PASSED] - workbook01 = getWorkbook(excelFilePath): null

27-11-2024T10:34:35 - [TEST_STEP][PASSED] - sheet01 = getExcelSheet(workbook01, sheetName): null

27-11-2024T10:34:35 - [TEST_STEP][PASSED] - setValueToCellByIndex(sheet01, n, 0, dashboardName): null

27-11-2024T10:34:35 - [TEST_STEP][PASSED] - setValueToCellByIndex(sheet01, n, 1, dZO): null

27-11-2024T10:34:35 - [TEST_STEP][PASSED] - setValueToCellByIndex(sheet01, n, 2, typeOfData): null

27-11-2024T10:34:35 - [TEST_STEP][PASSED] - if (typeOfData == "Факт в процентах" || typeOfData == "План в процентах"): null

27-11-2024T10:34:35 - [TEST_STEP][PASSED] - else: null

27-11-2024T10:34:35 - [TEST_STEP][PASSED] - setValueToCellByIndex(sheet01, n, 3, fileInt): null

27-11-2024T10:34:35 - [TEST_STEP][PASSED] - setValueToCellByIndex(sheet01, n, 4, pageInt): null

27-11-2024T10:34:35 - [TEST_STEP][PASSED] - setValueToCellByIndex(sheet01, n, 5, m): null

27-11-2024T10:34:35 - [TEST_STEP][PASSED] - setValueToCellByIndex(sheet01, n, 6, y): null

27-11-2024T10:34:35 - [TEST_STEP][PASSED] - setValueToCellByIndex(sheet01, n, 7, todaysDate): null

27-11-2024T10:34:35 - [TEST_STEP][PASSED] - n = n + 1: null

27-11-2024T10:34:35 - [TEST_STEP][PASSED] - saveWorkbook(excelFilePath, workbook01): Object: 'Object Repository/Выполнение бизнес-плана/Кнопка Факт' is clicked on

27-11-2024T10:34:35 - [TEST_STEP][PASSED] - if (planFact == 2): Object: 'Object Repository/Выполнение бизнес-плана/Кнопка Факт' is clicked on

27-11-2024T10:34:35 - [TEST_STEP][PASSED] - click(findTestObject("Выполнение бизнес-плана/Кнопка Факт")): Object: 'Object Repository/Выполнение бизнес-плана/Кнопка Факт' is clicked on

27-11-2024T10:34:36 - [MESSAGE][PASSED] - Object: 'Object Repository/Выполнение бизнес-плана/Кнопка Факт' is clicked on

27-11-2024T10:34:36 - [TEST_STEP][PASSED] - if (a == 84 || a == 82): null

27-11-2024T10:34:36 - [TEST_STEP][PASSED] - else if (a == 52 || a == 72 || a == 28 || a == 73 || a == 77 || a == 74 || a == 65 || a == 36 || a == 44 || a == 53 || a == 80 || a == 54 || a == 1 || a == 18 || a == 59 || a == 81): null

27-11-2024T10:34:36 - [TEST_STEP][PASSED] - else: null

27-11-2024T10:34:36 - [TEST_STEP][PASSED] - page1 = getText(findTestObject("Object Repository/Выполнение бизнес-плана/spanPlan" + filialNum)): Text of object 'Object Repository/Выполнение бизнес-плана/spanPlan2' is: '43.39
|'

27-11-2024T10:34:36 - [MESSAGE][PASSED] - Text of object 'Object Repository/Выполнение бизнес-плана/spanPlan2' is: '43.39
|'

27-11-2024T10:34:36 - [TEST_STEP][PASSED] - page1 = page1.replace("|", ""): null

27-11-2024T10:34:36 - [TEST_STEP][PASSED] - page2 = getText(findTestObject("Object Repository/Выполнение бизнес-плана/spanFact" + filialNum)): Text of object 'Object Repository/Выполнение бизнес-плана/spanFact2' is: '56.56
|'

27-11-2024T10:34:36 - [MESSAGE][PASSED] - Text of object 'Object Repository/Выполнение бизнес-плана/spanFact2' is: '56.56
|'

27-11-2024T10:34:36 - [TEST_STEP][PASSED] - page2 = page2.replace("|", ""): null

27-11-2024T10:34:36 - [TEST_STEP][PASSED] - println("page1: " + page1): null

27-11-2024T10:34:36 - [TEST_STEP][PASSED] - println("page2: " + page2): null

27-11-2024T10:34:36 - [TEST_STEP][PASSED] - file = findTestData("PlanFact").getValue(4, a): null

27-11-2024T10:34:36 - [TEST_STEP][PASSED] - file = file.replace(",", "."): null

27-11-2024T10:34:36 - [TEST_STEP][PASSED] - println("file Plan: " + file): null

27-11-2024T10:34:36 - [TEST_STEP][PASSED] - typeOfData = "План в процентах": null

27-11-2024T10:34:36 - [TEST_STEP][PASSED] - fileDouble = file.toDouble(): null

27-11-2024T10:34:36 - [TEST_STEP][PASSED] - pageDouble = page1.toDouble(): null

27-11-2024T10:34:36 - [TEST_STEP][PASSED] - if (fileDouble != pageDouble): null

27-11-2024T10:34:36 - [TEST_STEP][PASSED] - numberOfErrors = numberOfErrors + 1: null

27-11-2024T10:34:36 - [TEST_STEP][PASSED] - Script1718980020443.WriteToExcel(a, typeOfData, todaysDate, pageInt, fileInt, pageDouble, fileDouble, dZO): null

27-11-2024T10:34:36 - [TEST_STEP][PASSED] - sheetName = "Sheet1": null

27-11-2024T10:34:36 - [TEST_STEP][PASSED] - data = findTestData("PlanFact"): null

27-11-2024T10:34:36 - [TEST_STEP][PASSED] - n = data.getRowNumbers() + 1: null

27-11-2024T10:34:36 - [TEST_STEP][PASSED] - year = todaysDate.substring(todaysDate.length() - 4, todaysDate.length()): null

27-11-2024T10:34:36 - [TEST_STEP][PASSED] - y = year.toInteger(): null

27-11-2024T10:34:36 - [TEST_STEP][PASSED] - m = getText(findTestObject("Выполнение бизнес-плана/Период")): Text of object 'Object Repository/Выполнение бизнес-плана/Период' is: '1, 2, 3 кв. 2024 года'

27-11-2024T10:34:37 - [MESSAGE][PASSED] - Text of object 'Object Repository/Выполнение бизнес-плана/Период' is: '1, 2, 3 кв. 2024 года'

27-11-2024T10:34:37 - [TEST_STEP][PASSED] - m = m.substring(0, m.indexOf("2024")): null

27-11-2024T10:34:37 - [TEST_STEP][PASSED] - m = m.trim(): null

27-11-2024T10:34:37 - [TEST_STEP][PASSED] - dashboardName = "Выполнение бизнес-плана": null

27-11-2024T10:34:37 - [TEST_STEP][PASSED] - workbook01 = getWorkbook(excelFilePath): null

27-11-2024T10:34:37 - [TEST_STEP][PASSED] - sheet01 = getExcelSheet(workbook01, sheetName): null

27-11-2024T10:34:37 - [TEST_STEP][PASSED] - setValueToCellByIndex(sheet01, n, 0, dashboardName): null

27-11-2024T10:34:37 - [TEST_STEP][PASSED] - setValueToCellByIndex(sheet01, n, 1, dZO): null

27-11-2024T10:34:37 - [TEST_STEP][PASSED] - setValueToCellByIndex(sheet01, n, 2, typeOfData): null

27-11-2024T10:34:37 - [TEST_STEP][PASSED] - if (typeOfData == "Факт в процентах" || typeOfData == "План в процентах"): null

27-11-2024T10:34:37 - [TEST_STEP][PASSED] - setValueToCellByIndex(sheet01, n, 3, fileDouble): null

27-11-2024T10:34:37 - [TEST_STEP][PASSED] - setValueToCellByIndex(sheet01, n, 4, pageDouble): null

27-11-2024T10:34:37 - [TEST_STEP][PASSED] - setValueToCellByIndex(sheet01, n, 5, m): null

27-11-2024T10:34:37 - [TEST_STEP][PASSED] - setValueToCellByIndex(sheet01, n, 6, y): null

27-11-2024T10:34:37 - [TEST_STEP][PASSED] - setValueToCellByIndex(sheet01, n, 7, todaysDate): null

27-11-2024T10:34:37 - [TEST_STEP][PASSED] - n = n + 1: null

27-11-2024T10:34:37 - [TEST_STEP][PASSED] - saveWorkbook(excelFilePath, workbook01): null

27-11-2024T10:34:37 - [TEST_STEP][PASSED] - file = findTestData("PlanFact").getValue(7, a): null

27-11-2024T10:34:37 - [TEST_STEP][PASSED] - file = file.replace(",", "."): null

27-11-2024T10:34:37 - [TEST_STEP][PASSED] - println("file Fact: " + file): null

27-11-2024T10:34:37 - [TEST_STEP][PASSED] - fileDouble = file.toDouble(): null

27-11-2024T10:34:37 - [TEST_STEP][PASSED] - typeOfData = "Факт в процентах": null

27-11-2024T10:34:37 - [TEST_STEP][PASSED] - fileDouble = file.toDouble(): null

27-11-2024T10:34:37 - [TEST_STEP][PASSED] - pageDouble = page2.toDouble(): null

27-11-2024T10:34:37 - [TEST_STEP][PASSED] - if (fileDouble != pageDouble): null

27-11-2024T10:34:37 - [TEST_STEP][PASSED] - numberOfErrors = numberOfErrors + 1: null

27-11-2024T10:34:37 - [TEST_STEP][PASSED] - Script1718980020443.WriteToExcel(a, typeOfData, todaysDate, pageInt, fileInt, pageDouble, fileDouble, dZO): null

27-11-2024T10:34:37 - [TEST_STEP][PASSED] - sheetName = "Sheet1": null

27-11-2024T10:34:37 - [TEST_STEP][PASSED] - data = findTestData("PlanFact"): null

27-11-2024T10:34:37 - [TEST_STEP][PASSED] - n = data.getRowNumbers() + 1: null

27-11-2024T10:34:37 - [TEST_STEP][PASSED] - year = todaysDate.substring(todaysDate.length() - 4, todaysDate.length()): null

27-11-2024T10:34:37 - [TEST_STEP][PASSED] - y = year.toInteger(): null

27-11-2024T10:34:37 - [TEST_STEP][PASSED] - m = getText(findTestObject("Выполнение бизнес-плана/Период")): Text of object 'Object Repository/Выполнение бизнес-плана/Период' is: '1, 2, 3 кв. 2024 года'

27-11-2024T10:34:37 - [MESSAGE][PASSED] - Text of object 'Object Repository/Выполнение бизнес-плана/Период' is: '1, 2, 3 кв. 2024 года'

27-11-2024T10:34:37 - [TEST_STEP][PASSED] - m = m.substring(0, m.indexOf("2024")): null

27-11-2024T10:34:37 - [TEST_STEP][PASSED] - m = m.trim(): null

27-11-2024T10:34:37 - [TEST_STEP][PASSED] - dashboardName = "Выполнение бизнес-плана": null

27-11-2024T10:34:37 - [TEST_STEP][PASSED] - workbook01 = getWorkbook(excelFilePath): null

27-11-2024T10:34:37 - [TEST_STEP][PASSED] - sheet01 = getExcelSheet(workbook01, sheetName): null

27-11-2024T10:34:37 - [TEST_STEP][PASSED] - setValueToCellByIndex(sheet01, n, 0, dashboardName): null

27-11-2024T10:34:37 - [TEST_STEP][PASSED] - setValueToCellByIndex(sheet01, n, 1, dZO): null

27-11-2024T10:34:37 - [TEST_STEP][PASSED] - setValueToCellByIndex(sheet01, n, 2, typeOfData): null

27-11-2024T10:34:37 - [TEST_STEP][PASSED] - if (typeOfData == "Факт в процентах" || typeOfData == "План в процентах"): null

27-11-2024T10:34:37 - [TEST_STEP][PASSED] - setValueToCellByIndex(sheet01, n, 3, fileDouble): null

27-11-2024T10:34:37 - [TEST_STEP][PASSED] - setValueToCellByIndex(sheet01, n, 4, pageDouble): null

27-11-2024T10:34:37 - [TEST_STEP][PASSED] - setValueToCellByIndex(sheet01, n, 5, m): null

27-11-2024T10:34:37 - [TEST_STEP][PASSED] - setValueToCellByIndex(sheet01, n, 6, y): null

27-11-2024T10:34:37 - [TEST_STEP][PASSED] - setValueToCellByIndex(sheet01, n, 7, todaysDate): null

27-11-2024T10:34:37 - [TEST_STEP][PASSED] - n = n + 1: null

27-11-2024T10:34:37 - [TEST_STEP][PASSED] - saveWorkbook(excelFilePath, workbook01): null

27-11-2024T10:34:38 - [TEST_STEP][FAILED] - if (verifyEqual(numberOfErrors, 0) == false): null

27-11-2024T10:34:38 - [MESSAGE][FAILED] - Unable to verify equal between actual object '6' and expected object '0' (Root cause: com.kms.katalon.core.exception.StepFailedException: Actual object '6' and expected object '0' are not equal
	at com.kms.katalon.core.keyword.builtin.VerifyEqualKeyword$_verifyEqual_closure1.doCall(VerifyEqualKeyword.groovy:58)
	at com.kms.katalon.core.keyword.builtin.VerifyEqualKeyword$_verifyEqual_closure1.call(VerifyEqualKeyword.groovy)
	at com.kms.katalon.core.keyword.internal.KeywordMain.runKeyword(KeywordMain.groovy:75)
	at com.kms.katalon.core.keyword.builtin.VerifyEqualKeyword.verifyEqual(VerifyEqualKeyword.groovy:63)
	at com.kms.katalon.core.keyword.builtin.VerifyEqualKeyword.execute(VerifyEqualKeyword.groovy:44)
	at com.kms.katalon.core.keyword.internal.KeywordExecutor.executeKeywordForPlatform(KeywordExecutor.groovy:74)
	at com.kms.katalon.core.keyword.BuiltinKeywords.verifyEqual(BuiltinKeywords.groovy:146)
	at java.base/jdk.internal.reflect.NativeMethodAccessorImpl.invoke0(Native Method)
	at java.base/jdk.internal.reflect.NativeMethodAccessorImpl.invoke(NativeMethodAccessorImpl.java:77)
	at java.base/jdk.internal.reflect.DelegatingMethodAccessorImpl.invoke(DelegatingMethodAccessorImpl.java:43)
	at Выполнение бизнес-плана Сверка ПАО Россети все филиалы.Numbers(Выполнение бизнес-плана Сверка ПАО Россети все филиалы:740)
	at Выполнение бизнес-плана Сверка ПАО Россети все филиалы.Filials(Выполнение бизнес-плана Сверка ПАО Россети все филиалы:1087)
	at Выполнение бизнес-плана Сверка ПАО Россети все филиалы.Numbers(Выполнение бизнес-плана Сверка ПАО Россети все филиалы:745)
	at Выполнение бизнес-плана Сверка ПАО Россети все филиалы.run(Выполнение бизнес-плана Сверка ПАО Россети все филиалы:304)
	at com.kms.katalon.core.main.ScriptEngine.run(ScriptEngine.java:194)
	at com.kms.katalon.core.main.ScriptEngine.runScriptAsRawText(ScriptEngine.java:119)
	at com.kms.katalon.core.main.TestCaseExecutor.runScript(TestCaseExecutor.java:448)
	at com.kms.katalon.core.main.TestCaseExecutor.doExecute(TestCaseExecutor.java:439)
	at com.kms.katalon.core.main.TestCaseExecutor.processExecutionPhase(TestCaseExecutor.java:418)
	at com.kms.katalon.core.main.TestCaseExecutor.accessMainPhase(TestCaseExecutor.java:410)
	at com.kms.katalon.core.main.TestCaseExecutor.execute(TestCaseExecutor.java:285)
	at com.kms.katalon.core.common.CommonExecutor.accessTestCaseMainPhase(CommonExecutor.java:65)
	at com.kms.katalon.core.main.TestSuiteExecutor.accessTestSuiteMainPhase(TestSuiteExecutor.java:150)
	at com.kms.katalon.core.main.TestSuiteExecutor.execute(TestSuiteExecutor.java:106)
	at com.kms.katalon.core.main.TestCaseMain.startTestSuite(TestCaseMain.java:180)
	at TempTestSuite1732692359995.run(TempTestSuite1732692359995.groovy:35)
	at java.base/jdk.internal.reflect.NativeMethodAccessorImpl.invoke0(Native Method)
	at java.base/jdk.internal.reflect.NativeMethodAccessorImpl.invoke(NativeMethodAccessorImpl.java:77)
	at java.base/jdk.internal.reflect.DelegatingMethodAccessorImpl.invoke(DelegatingMethodAccessorImpl.java:43)
)

27-11-2024T10:34:38 - [TEST_STEP][PASSED] - println(numberOfErrors): null

27-11-2024T10:34:38 - [TEST_STEP][PASSED] - if (a == 28 || a == 77 || a == 74 || a == 65 || a == 36 || a == 44 || a == 54 || a == 1 || a == 18 || a == 59): null

27-11-2024T10:34:38 - [TEST_STEP][PASSED] - if (a == 82): null

27-11-2024T10:34:38 - [TEST_STEP][PASSED] - dZO = "Каббалкэнерго": null

27-11-2024T10:34:38 - [TEST_STEP][PASSED] - a = 66: null

27-11-2024T10:34:38 - [TEST_STEP][PASSED] - if (x2.contains(dZO)): null

27-11-2024T10:34:38 - [TEST_STEP][PASSED] - filialNum = filialNum + 1: null

27-11-2024T10:34:38 - [TEST_STEP][PASSED] - Script1718980020443.Numbers(a, typeOfData, todaysDate, pageInt, fileInt, pageDouble, fileDouble, dZO, dzoNum, filialNum): null

27-11-2024T10:34:38 - [TEST_STEP][PASSED] - println(dzoNum): null

27-11-2024T10:34:38 - [TEST_STEP][PASSED] - planFact = <not implemented yet for class: org.codehaus.groovy.ast.expr.EmptyExpression>: null

27-11-2024T10:34:38 - [TEST_STEP][PASSED] - page = <not implemented yet for class: org.codehaus.groovy.ast.expr.EmptyExpression>: null

27-11-2024T10:34:38 - [TEST_STEP][PASSED] - page1 = <not implemented yet for class: org.codehaus.groovy.ast.expr.EmptyExpression>: null

27-11-2024T10:34:38 - [TEST_STEP][PASSED] - page2 = <not implemented yet for class: org.codehaus.groovy.ast.expr.EmptyExpression>: null

27-11-2024T10:34:38 - [TEST_STEP][PASSED] - filialNumberInRow = <not implemented yet for class: org.codehaus.groovy.ast.expr.EmptyExpression>: null

27-11-2024T10:34:38 - [TEST_STEP][PASSED] - filialsDzoNames = <not implemented yet for class: org.codehaus.groovy.ast.expr.EmptyExpression>: null

27-11-2024T10:34:38 - [TEST_STEP][PASSED] - numberOfFilials = <not implemented yet for class: org.codehaus.groovy.ast.expr.EmptyExpression>: null

27-11-2024T10:34:38 - [TEST_STEP][PASSED] - numberOfSpaces = <not implemented yet for class: org.codehaus.groovy.ast.expr.EmptyExpression>: null

27-11-2024T10:34:38 - [TEST_STEP][PASSED] - file = <not implemented yet for class: org.codehaus.groovy.ast.expr.EmptyExpression>: null

27-11-2024T10:34:38 - [TEST_STEP][PASSED] - otpusk = <not implemented yet for class: org.codehaus.groovy.ast.expr.EmptyExpression>: null

27-11-2024T10:34:38 - [TEST_STEP][PASSED] - poteri = <not implemented yet for class: org.codehaus.groovy.ast.expr.EmptyExpression>: null

27-11-2024T10:34:38 - [TEST_STEP][PASSED] - dataFolder = "Выполнение бизнес-плана/Значения со страницы Выполнение бизнес-плана/": null

27-11-2024T10:34:38 - [TEST_STEP][PASSED] - path = <not implemented yet for class: org.codehaus.groovy.ast.expr.EmptyExpression>: null

27-11-2024T10:34:38 - [TEST_STEP][PASSED] - typeOfDataMain = <not implemented yet for class: org.codehaus.groovy.ast.expr.EmptyExpression>: null

27-11-2024T10:34:38 - [TEST_STEP][PASSED] - fileOtpuskVSet = <not implemented yet for class: org.codehaus.groovy.ast.expr.EmptyExpression>: null

27-11-2024T10:34:38 - [TEST_STEP][PASSED] - pageOtpuskVSet = <not implemented yet for class: org.codehaus.groovy.ast.expr.EmptyExpression>: null

27-11-2024T10:34:38 - [TEST_STEP][PASSED] - filePoteri = <not implemented yet for class: org.codehaus.groovy.ast.expr.EmptyExpression>: null

27-11-2024T10:34:38 - [TEST_STEP][PASSED] - pagePoteri = <not implemented yet for class: org.codehaus.groovy.ast.expr.EmptyExpression>: null

27-11-2024T10:34:38 - [TEST_STEP][PASSED] - compare = <not implemented yet for class: org.codehaus.groovy.ast.expr.EmptyExpression>: null

27-11-2024T10:34:38 - [TEST_STEP][PASSED] - b = <not implemented yet for class: org.codehaus.groovy.ast.expr.EmptyExpression>: null

27-11-2024T10:34:38 - [TEST_STEP][PASSED] - i = <not implemented yet for class: org.codehaus.groovy.ast.expr.EmptyExpression>: null

27-11-2024T10:34:38 - [TEST_STEP][PASSED] - ii = <not implemented yet for class: org.codehaus.groovy.ast.expr.EmptyExpression>: null

27-11-2024T10:34:38 - [TEST_STEP][PASSED] - c = <not implemented yet for class: org.codehaus.groovy.ast.expr.EmptyExpression>: null

27-11-2024T10:34:38 - [TEST_STEP][PASSED] - numberOfErrors = 0: null

27-11-2024T10:34:38 - [TEST_STEP][PASSED] - if (a == 82): null

27-11-2024T10:34:38 - [TEST_STEP][PASSED] - b = findTestData("PlanFact").getValue(1, a): null

27-11-2024T10:34:38 - [TEST_STEP][PASSED] - i = b.indexOf(" (ГК)"): null

27-11-2024T10:34:38 - [TEST_STEP][PASSED] - if (i > -1): null

27-11-2024T10:34:38 - [TEST_STEP][PASSED] - i = b.indexOf("О ""): null

27-11-2024T10:34:38 - [TEST_STEP][PASSED] - if (i > -1): null

27-11-2024T10:34:38 - [TEST_STEP][PASSED] - i = b.indexOf("О «"): null

27-11-2024T10:34:38 - [TEST_STEP][PASSED] - if (i > -1): null

27-11-2024T10:34:38 - [TEST_STEP][PASSED] - i = b.indexOf("г. "): null

27-11-2024T10:34:38 - [TEST_STEP][PASSED] - if (i > -1): null

27-11-2024T10:34:38 - [TEST_STEP][PASSED] - println(b): null

27-11-2024T10:34:38 - [TEST_STEP][PASSED] - for ([planFact = 1, planFact < 3, (planFact++)]): null

27-11-2024T10:34:38 - [TEST_STEP][PASSED] - if (planFact == 1): null

27-11-2024T10:34:38 - [TEST_STEP][PASSED] - typeOfDataMain = "Факт": null

27-11-2024T10:34:38 - [TEST_STEP][PASSED] - otpusk = findTestData("PlanFact").getValue(5, a): null

27-11-2024T10:34:38 - [TEST_STEP][PASSED] - poteri = findTestData("PlanFact").getValue(6, a): null

27-11-2024T10:34:38 - [TEST_STEP][PASSED] - otpusk = otpusk.replaceAll("\s+", ""): null

27-11-2024T10:34:38 - [TEST_STEP][PASSED] - poteri = poteri.replaceAll("\s+", ""): null

27-11-2024T10:34:38 - [TEST_STEP][PASSED] - typeOfData = typeOfDataMain + " Отпуск в сеть": null

27-11-2024T10:34:38 - [TEST_STEP][PASSED] - if (a == 82): null

27-11-2024T10:34:38 - [TEST_STEP][PASSED] - else if (a == 84): null

27-11-2024T10:34:38 - [TEST_STEP][PASSED] - else if (a == 52 || a == 72 || a == 28 || a == 73 || a == 77 || a == 74 || a == 65 || a == 36 || a == 44 || a == 53 || a == 80 || a == 54 || a == 1 || a == 18 || a == 59 || a == 81): null

27-11-2024T10:34:38 - [TEST_STEP][PASSED] - else: null

27-11-2024T10:34:38 - [TEST_STEP][PASSED] - path = dataFolder + typeOfData + " за отчётный период " + b: null

27-11-2024T10:34:38 - [TEST_STEP][PASSED] - println(path): null

27-11-2024T10:34:38 - [TEST_STEP][PASSED] - page = getText(findTestObject(path)): Text of object 'Object Repository/Выполнение бизнес-плана/Значения со страницы Выполнение бизнес-плана/Факт Отпуск в сеть за отчётный период Каббалкэнерго' is: '1 413 519'

27-11-2024T10:34:38 - [MESSAGE][PASSED] - Text of object 'Object Repository/Выполнение бизнес-плана/Значения со страницы Выполнение бизнес-плана/Факт Отпуск в сеть за отчётный период Каббалкэнерго' is: '1 413 519'

27-11-2024T10:34:38 - [TEST_STEP][PASSED] - page = page.replaceAll("\s+", ""): null

27-11-2024T10:34:38 - [TEST_STEP][PASSED] - fileOtpuskVSet = otpusk.toInteger(): null

27-11-2024T10:34:38 - [TEST_STEP][PASSED] - pageOtpuskVSet = page.toInteger(): null

27-11-2024T10:34:38 - [TEST_STEP][PASSED] - typeOfData = typeOfDataMain + " Потери": null

27-11-2024T10:34:38 - [TEST_STEP][PASSED] - if (a == 82): null

27-11-2024T10:34:38 - [TEST_STEP][PASSED] - else if (a == 84): null

27-11-2024T10:34:38 - [TEST_STEP][PASSED] - else if (a == 52 || a == 72 || a == 28 || a == 73 || a == 77 || a == 74 || a == 65 || a == 36 || a == 44 || a == 53 || a == 80 || a == 54 || a == 1 || a == 18 || a == 59 || a == 81): null

27-11-2024T10:34:38 - [TEST_STEP][PASSED] - else: null

27-11-2024T10:34:38 - [TEST_STEP][PASSED] - path = dataFolder + typeOfData + " за отчётный период " + b: null

27-11-2024T10:34:38 - [TEST_STEP][PASSED] - page = getText(findTestObject(path)): Text of object 'Object Repository/Выполнение бизнес-плана/Значения со страницы Выполнение бизнес-плана/Факт Потери за отчётный период Каббалкэнерго' is: '276 509'

27-11-2024T10:34:39 - [MESSAGE][PASSED] - Text of object 'Object Repository/Выполнение бизнес-плана/Значения со страницы Выполнение бизнес-плана/Факт Потери за отчётный период Каббалкэнерго' is: '276 509'

27-11-2024T10:34:39 - [TEST_STEP][PASSED] - page = page.replaceAll("\s+", ""): null

27-11-2024T10:34:39 - [TEST_STEP][PASSED] - filePoteri = poteri.toInteger(): null

27-11-2024T10:34:39 - [TEST_STEP][PASSED] - pagePoteri = page.toInteger(): null

27-11-2024T10:34:39 - [TEST_STEP][PASSED] - compare = pageOtpuskVSet: null

27-11-2024T10:34:39 - [TEST_STEP][PASSED] - if (compare == fileOtpuskVSet): null

27-11-2024T10:34:39 - [TEST_STEP][PASSED] - else if (compare > fileOtpuskVSet): null

27-11-2024T10:34:39 - [TEST_STEP][PASSED] - compare = compare - 1: null

27-11-2024T10:34:39 - [TEST_STEP][PASSED] - if (compare == fileOtpuskVSet): null

27-11-2024T10:34:39 - [TEST_STEP][PASSED] - else: null

27-11-2024T10:34:39 - [TEST_STEP][PASSED] - numberOfErrors = numberOfErrors + 1: null

27-11-2024T10:34:39 - [TEST_STEP][PASSED] - pageInt = pageOtpuskVSet: null

27-11-2024T10:34:39 - [TEST_STEP][PASSED] - fileInt = fileOtpuskVSet: null

27-11-2024T10:34:39 - [TEST_STEP][PASSED] - typeOfData = typeOfDataMain + " Отпуск в сеть": null

27-11-2024T10:34:39 - [TEST_STEP][PASSED] - Script1718980020443.WriteToExcel(a, typeOfData, todaysDate, pageInt, fileInt, pageDouble, fileDouble, dZO): null

27-11-2024T10:34:39 - [TEST_STEP][PASSED] - sheetName = "Sheet1": null

27-11-2024T10:34:39 - [TEST_STEP][PASSED] - data = findTestData("PlanFact"): null

27-11-2024T10:34:39 - [TEST_STEP][PASSED] - n = data.getRowNumbers() + 1: null

27-11-2024T10:34:39 - [TEST_STEP][PASSED] - year = todaysDate.substring(todaysDate.length() - 4, todaysDate.length()): null

27-11-2024T10:34:39 - [TEST_STEP][PASSED] - y = year.toInteger(): null

27-11-2024T10:34:39 - [TEST_STEP][PASSED] - m = getText(findTestObject("Выполнение бизнес-плана/Период")): Text of object 'Object Repository/Выполнение бизнес-плана/Период' is: '1, 2, 3 кв. 2024 года'

27-11-2024T10:34:39 - [MESSAGE][PASSED] - Text of object 'Object Repository/Выполнение бизнес-плана/Период' is: '1, 2, 3 кв. 2024 года'

27-11-2024T10:34:39 - [TEST_STEP][PASSED] - m = m.substring(0, m.indexOf("2024")): null

27-11-2024T10:34:39 - [TEST_STEP][PASSED] - m = m.trim(): null

27-11-2024T10:34:39 - [TEST_STEP][PASSED] - dashboardName = "Выполнение бизнес-плана": null

27-11-2024T10:34:39 - [TEST_STEP][PASSED] - workbook01 = getWorkbook(excelFilePath): null

27-11-2024T10:34:39 - [TEST_STEP][PASSED] - sheet01 = getExcelSheet(workbook01, sheetName): null

27-11-2024T10:34:39 - [TEST_STEP][PASSED] - setValueToCellByIndex(sheet01, n, 0, dashboardName): null

27-11-2024T10:34:39 - [TEST_STEP][PASSED] - setValueToCellByIndex(sheet01, n, 1, dZO): null

27-11-2024T10:34:39 - [TEST_STEP][PASSED] - setValueToCellByIndex(sheet01, n, 2, typeOfData): null

27-11-2024T10:34:39 - [TEST_STEP][PASSED] - if (typeOfData == "Факт в процентах" || typeOfData == "План в процентах"): null

27-11-2024T10:34:39 - [TEST_STEP][PASSED] - else: null

27-11-2024T10:34:39 - [TEST_STEP][PASSED] - setValueToCellByIndex(sheet01, n, 3, fileInt): null

27-11-2024T10:34:39 - [TEST_STEP][PASSED] - setValueToCellByIndex(sheet01, n, 4, pageInt): null

27-11-2024T10:34:39 - [TEST_STEP][PASSED] - setValueToCellByIndex(sheet01, n, 5, m): null

27-11-2024T10:34:39 - [TEST_STEP][PASSED] - setValueToCellByIndex(sheet01, n, 6, y): null

27-11-2024T10:34:39 - [TEST_STEP][PASSED] - setValueToCellByIndex(sheet01, n, 7, todaysDate): null

27-11-2024T10:34:39 - [TEST_STEP][PASSED] - n = n + 1: null

27-11-2024T10:34:39 - [TEST_STEP][PASSED] - saveWorkbook(excelFilePath, workbook01): null

27-11-2024T10:34:39 - [TEST_STEP][PASSED] - compare = pagePoteri: null

27-11-2024T10:34:39 - [TEST_STEP][PASSED] - if (compare == filePoteri): null

27-11-2024T10:34:39 - [TEST_STEP][PASSED] - else if (compare > filePoteri): null

27-11-2024T10:34:39 - [TEST_STEP][PASSED] - compare = compare - 1: null

27-11-2024T10:34:39 - [TEST_STEP][PASSED] - if (compare == filePoteri): null

27-11-2024T10:34:39 - [TEST_STEP][PASSED] - else: null

27-11-2024T10:34:39 - [TEST_STEP][PASSED] - numberOfErrors = numberOfErrors + 1: null

27-11-2024T10:34:39 - [TEST_STEP][PASSED] - pageInt = pagePoteri: null

27-11-2024T10:34:39 - [TEST_STEP][PASSED] - fileInt = filePoteri: null

27-11-2024T10:34:39 - [TEST_STEP][PASSED] - typeOfData = typeOfDataMain + " Потери": null

27-11-2024T10:34:39 - [TEST_STEP][PASSED] - Script1718980020443.WriteToExcel(a, typeOfData, todaysDate, pageInt, fileInt, pageDouble, fileDouble, dZO): null

27-11-2024T10:34:39 - [TEST_STEP][PASSED] - sheetName = "Sheet1": null

27-11-2024T10:34:39 - [TEST_STEP][PASSED] - data = findTestData("PlanFact"): null

27-11-2024T10:34:39 - [TEST_STEP][PASSED] - n = data.getRowNumbers() + 1: null

27-11-2024T10:34:39 - [TEST_STEP][PASSED] - year = todaysDate.substring(todaysDate.length() - 4, todaysDate.length()): null

27-11-2024T10:34:39 - [TEST_STEP][PASSED] - y = year.toInteger(): null

27-11-2024T10:34:39 - [TEST_STEP][PASSED] - m = getText(findTestObject("Выполнение бизнес-плана/Период")): Text of object 'Object Repository/Выполнение бизнес-плана/Период' is: '1, 2, 3 кв. 2024 года'

27-11-2024T10:34:40 - [MESSAGE][PASSED] - Text of object 'Object Repository/Выполнение бизнес-плана/Период' is: '1, 2, 3 кв. 2024 года'

27-11-2024T10:34:40 - [TEST_STEP][PASSED] - m = m.substring(0, m.indexOf("2024")): null

27-11-2024T10:34:40 - [TEST_STEP][PASSED] - m = m.trim(): null

27-11-2024T10:34:40 - [TEST_STEP][PASSED] - dashboardName = "Выполнение бизнес-плана": null

27-11-2024T10:34:40 - [TEST_STEP][PASSED] - workbook01 = getWorkbook(excelFilePath): null

27-11-2024T10:34:40 - [TEST_STEP][PASSED] - sheet01 = getExcelSheet(workbook01, sheetName): null

27-11-2024T10:34:40 - [TEST_STEP][PASSED] - setValueToCellByIndex(sheet01, n, 0, dashboardName): null

27-11-2024T10:34:40 - [TEST_STEP][PASSED] - setValueToCellByIndex(sheet01, n, 1, dZO): null

27-11-2024T10:34:40 - [TEST_STEP][PASSED] - setValueToCellByIndex(sheet01, n, 2, typeOfData): null

27-11-2024T10:34:40 - [TEST_STEP][PASSED] - if (typeOfData == "Факт в процентах" || typeOfData == "План в процентах"): null

27-11-2024T10:34:40 - [TEST_STEP][PASSED] - else: null

27-11-2024T10:34:40 - [TEST_STEP][PASSED] - setValueToCellByIndex(sheet01, n, 3, fileInt): null

27-11-2024T10:34:40 - [TEST_STEP][PASSED] - setValueToCellByIndex(sheet01, n, 4, pageInt): null

27-11-2024T10:34:40 - [TEST_STEP][PASSED] - setValueToCellByIndex(sheet01, n, 5, m): null

27-11-2024T10:34:40 - [TEST_STEP][PASSED] - setValueToCellByIndex(sheet01, n, 6, y): null

27-11-2024T10:34:40 - [TEST_STEP][PASSED] - setValueToCellByIndex(sheet01, n, 7, todaysDate): null

27-11-2024T10:34:40 - [TEST_STEP][PASSED] - n = n + 1: null

27-11-2024T10:34:40 - [TEST_STEP][PASSED] - saveWorkbook(excelFilePath, workbook01): null

27-11-2024T10:34:40 - [TEST_STEP][PASSED] - if (planFact == 2): null

27-11-2024T10:34:40 - [TEST_STEP][PASSED] - if (planFact == 1): null

27-11-2024T10:34:40 - [TEST_STEP][PASSED] - else if (planFact == 2): null

27-11-2024T10:34:40 - [TEST_STEP][PASSED] - click(findTestObject("Выполнение бизнес-плана/Кнопка План")): Object: 'Object Repository/Выполнение бизнес-плана/Кнопка План' is clicked on

27-11-2024T10:34:40 - [MESSAGE][PASSED] - Object: 'Object Repository/Выполнение бизнес-плана/Кнопка План' is clicked on

27-11-2024T10:34:40 - [TEST_STEP][PASSED] - typeOfDataMain = "План": null

27-11-2024T10:34:40 - [TEST_STEP][PASSED] - otpusk = findTestData("PlanFact").getValue(2, a): null

27-11-2024T10:34:40 - [TEST_STEP][PASSED] - poteri = findTestData("PlanFact").getValue(3, a): null

27-11-2024T10:34:40 - [TEST_STEP][PASSED] - otpusk = otpusk.replaceAll("\s+", ""): null

27-11-2024T10:34:40 - [TEST_STEP][PASSED] - poteri = poteri.replaceAll("\s+", ""): null

27-11-2024T10:34:40 - [TEST_STEP][PASSED] - typeOfData = typeOfDataMain + " Отпуск в сеть": null

27-11-2024T10:34:40 - [TEST_STEP][PASSED] - if (a == 82): null

27-11-2024T10:34:40 - [TEST_STEP][PASSED] - else if (a == 84): null

27-11-2024T10:34:40 - [TEST_STEP][PASSED] - else if (a == 52 || a == 72 || a == 28 || a == 73 || a == 77 || a == 74 || a == 65 || a == 36 || a == 44 || a == 53 || a == 80 || a == 54 || a == 1 || a == 18 || a == 59 || a == 81): null

27-11-2024T10:34:40 - [TEST_STEP][PASSED] - else: null

27-11-2024T10:34:40 - [TEST_STEP][PASSED] - path = dataFolder + typeOfData + " за отчётный период " + b: null

27-11-2024T10:34:40 - [TEST_STEP][PASSED] - println(path): null

27-11-2024T10:34:40 - [TEST_STEP][PASSED] - page = getText(findTestObject(path)): Text of object 'Object Repository/Выполнение бизнес-плана/Значения со страницы Выполнение бизнес-плана/План Отпуск в сеть за отчётный период Каббалкэнерго' is: '1 299 774'

27-11-2024T10:34:41 - [MESSAGE][PASSED] - Text of object 'Object Repository/Выполнение бизнес-плана/Значения со страницы Выполнение бизнес-плана/План Отпуск в сеть за отчётный период Каббалкэнерго' is: '1 299 774'

27-11-2024T10:34:41 - [TEST_STEP][PASSED] - page = page.replaceAll("\s+", ""): null

27-11-2024T10:34:41 - [TEST_STEP][PASSED] - fileOtpuskVSet = otpusk.toInteger(): null

27-11-2024T10:34:41 - [TEST_STEP][PASSED] - pageOtpuskVSet = page.toInteger(): null

27-11-2024T10:34:41 - [TEST_STEP][PASSED] - typeOfData = typeOfDataMain + " Потери": null

27-11-2024T10:34:41 - [TEST_STEP][PASSED] - if (a == 82): null

27-11-2024T10:34:41 - [TEST_STEP][PASSED] - else if (a == 84): null

27-11-2024T10:34:41 - [TEST_STEP][PASSED] - else if (a == 52 || a == 72 || a == 28 || a == 73 || a == 77 || a == 74 || a == 65 || a == 36 || a == 44 || a == 53 || a == 80 || a == 54 || a == 1 || a == 18 || a == 59 || a == 81): null

27-11-2024T10:34:41 - [TEST_STEP][PASSED] - else: null

27-11-2024T10:34:41 - [TEST_STEP][PASSED] - path = dataFolder + typeOfData + " за отчётный период " + b: null

27-11-2024T10:34:41 - [TEST_STEP][PASSED] - page = getText(findTestObject(path)): Text of object 'Object Repository/Выполнение бизнес-плана/Значения со страницы Выполнение бизнес-плана/План Потери за отчётный период Каббалкэнерго' is: '257 408'

27-11-2024T10:34:41 - [MESSAGE][PASSED] - Text of object 'Object Repository/Выполнение бизнес-плана/Значения со страницы Выполнение бизнес-плана/План Потери за отчётный период Каббалкэнерго' is: '257 408'

27-11-2024T10:34:41 - [TEST_STEP][PASSED] - page = page.replaceAll("\s+", ""): null

27-11-2024T10:34:41 - [TEST_STEP][PASSED] - filePoteri = poteri.toInteger(): null

27-11-2024T10:34:41 - [TEST_STEP][PASSED] - pagePoteri = page.toInteger(): null

27-11-2024T10:34:41 - [TEST_STEP][PASSED] - compare = pageOtpuskVSet: null

27-11-2024T10:34:41 - [TEST_STEP][PASSED] - if (compare == fileOtpuskVSet): null

27-11-2024T10:34:41 - [TEST_STEP][PASSED] - else if (compare > fileOtpuskVSet): null

27-11-2024T10:34:41 - [TEST_STEP][PASSED] - else if (compare < fileOtpuskVSet): null

27-11-2024T10:34:41 - [TEST_STEP][PASSED] - compare = compare + 1: null

27-11-2024T10:34:41 - [TEST_STEP][PASSED] - if (compare == fileOtpuskVSet): null

27-11-2024T10:34:41 - [TEST_STEP][PASSED] - else: null

27-11-2024T10:34:41 - [TEST_STEP][PASSED] - numberOfErrors = numberOfErrors + 1: null

27-11-2024T10:34:41 - [TEST_STEP][PASSED] - pageInt = pageOtpuskVSet: null

27-11-2024T10:34:41 - [TEST_STEP][PASSED] - fileInt = fileOtpuskVSet: null

27-11-2024T10:34:41 - [TEST_STEP][PASSED] - typeOfData = typeOfDataMain + " Отпуск в сеть": null

27-11-2024T10:34:41 - [TEST_STEP][PASSED] - Script1718980020443.WriteToExcel(a, typeOfData, todaysDate, pageInt, fileInt, pageDouble, fileDouble, dZO): null

27-11-2024T10:34:41 - [TEST_STEP][PASSED] - sheetName = "Sheet1": null

27-11-2024T10:34:41 - [TEST_STEP][PASSED] - data = findTestData("PlanFact"): null

27-11-2024T10:34:41 - [TEST_STEP][PASSED] - n = data.getRowNumbers() + 1: null

27-11-2024T10:34:41 - [TEST_STEP][PASSED] - year = todaysDate.substring(todaysDate.length() - 4, todaysDate.length()): null

27-11-2024T10:34:41 - [TEST_STEP][PASSED] - y = year.toInteger(): null

27-11-2024T10:34:41 - [TEST_STEP][PASSED] - m = getText(findTestObject("Выполнение бизнес-плана/Период")): Text of object 'Object Repository/Выполнение бизнес-плана/Период' is: '1, 2, 3 кв. 2024 года'

27-11-2024T10:34:41 - [MESSAGE][PASSED] - Text of object 'Object Repository/Выполнение бизнес-плана/Период' is: '1, 2, 3 кв. 2024 года'

27-11-2024T10:34:41 - [TEST_STEP][PASSED] - m = m.substring(0, m.indexOf("2024")): null

27-11-2024T10:34:41 - [TEST_STEP][PASSED] - m = m.trim(): null

27-11-2024T10:34:41 - [TEST_STEP][PASSED] - dashboardName = "Выполнение бизнес-плана": null

27-11-2024T10:34:41 - [TEST_STEP][PASSED] - workbook01 = getWorkbook(excelFilePath): null

27-11-2024T10:34:41 - [TEST_STEP][PASSED] - sheet01 = getExcelSheet(workbook01, sheetName): null

27-11-2024T10:34:41 - [TEST_STEP][PASSED] - setValueToCellByIndex(sheet01, n, 0, dashboardName): null

27-11-2024T10:34:41 - [TEST_STEP][PASSED] - setValueToCellByIndex(sheet01, n, 1, dZO): null

27-11-2024T10:34:41 - [TEST_STEP][PASSED] - setValueToCellByIndex(sheet01, n, 2, typeOfData): null

27-11-2024T10:34:41 - [TEST_STEP][PASSED] - if (typeOfData == "Факт в процентах" || typeOfData == "План в процентах"): null

27-11-2024T10:34:41 - [TEST_STEP][PASSED] - else: null

27-11-2024T10:34:41 - [TEST_STEP][PASSED] - setValueToCellByIndex(sheet01, n, 3, fileInt): null

27-11-2024T10:34:41 - [TEST_STEP][PASSED] - setValueToCellByIndex(sheet01, n, 4, pageInt): null

27-11-2024T10:34:41 - [TEST_STEP][PASSED] - setValueToCellByIndex(sheet01, n, 5, m): null

27-11-2024T10:34:41 - [TEST_STEP][PASSED] - setValueToCellByIndex(sheet01, n, 6, y): null

27-11-2024T10:34:41 - [TEST_STEP][PASSED] - setValueToCellByIndex(sheet01, n, 7, todaysDate): null

27-11-2024T10:34:41 - [TEST_STEP][PASSED] - n = n + 1: null

27-11-2024T10:34:41 - [TEST_STEP][PASSED] - saveWorkbook(excelFilePath, workbook01): null

27-11-2024T10:34:42 - [TEST_STEP][PASSED] - compare = pagePoteri: null

27-11-2024T10:34:42 - [TEST_STEP][PASSED] - if (compare == filePoteri): null

27-11-2024T10:34:42 - [TEST_STEP][PASSED] - else if (compare > filePoteri): null

27-11-2024T10:34:42 - [TEST_STEP][PASSED] - else if (compare < filePoteri): null

27-11-2024T10:34:42 - [TEST_STEP][PASSED] - compare = compare + 1: null

27-11-2024T10:34:42 - [TEST_STEP][PASSED] - if (compare == filePoteri): null

27-11-2024T10:34:42 - [TEST_STEP][PASSED] - else: null

27-11-2024T10:34:42 - [TEST_STEP][PASSED] - numberOfErrors = numberOfErrors + 1: null

27-11-2024T10:34:42 - [TEST_STEP][PASSED] - pageInt = pagePoteri: null

27-11-2024T10:34:42 - [TEST_STEP][PASSED] - fileInt = filePoteri: null

27-11-2024T10:34:42 - [TEST_STEP][PASSED] - typeOfData = typeOfDataMain + " Потери": null

27-11-2024T10:34:42 - [TEST_STEP][PASSED] - Script1718980020443.WriteToExcel(a, typeOfData, todaysDate, pageInt, fileInt, pageDouble, fileDouble, dZO): null

27-11-2024T10:34:42 - [TEST_STEP][PASSED] - sheetName = "Sheet1": null

27-11-2024T10:34:42 - [TEST_STEP][PASSED] - data = findTestData("PlanFact"): null

27-11-2024T10:34:42 - [TEST_STEP][PASSED] - n = data.getRowNumbers() + 1: null

27-11-2024T10:34:42 - [TEST_STEP][PASSED] - year = todaysDate.substring(todaysDate.length() - 4, todaysDate.length()): null

27-11-2024T10:34:42 - [TEST_STEP][PASSED] - y = year.toInteger(): null

27-11-2024T10:34:42 - [TEST_STEP][PASSED] - m = getText(findTestObject("Выполнение бизнес-плана/Период")): Text of object 'Object Repository/Выполнение бизнес-плана/Период' is: '1, 2, 3 кв. 2024 года'

27-11-2024T10:34:42 - [MESSAGE][PASSED] - Text of object 'Object Repository/Выполнение бизнес-плана/Период' is: '1, 2, 3 кв. 2024 года'

27-11-2024T10:34:42 - [TEST_STEP][PASSED] - m = m.substring(0, m.indexOf("2024")): null

27-11-2024T10:34:42 - [TEST_STEP][PASSED] - m = m.trim(): null

27-11-2024T10:34:42 - [TEST_STEP][PASSED] - dashboardName = "Выполнение бизнес-плана": null

27-11-2024T10:34:42 - [TEST_STEP][PASSED] - workbook01 = getWorkbook(excelFilePath): null

27-11-2024T10:34:42 - [TEST_STEP][PASSED] - sheet01 = getExcelSheet(workbook01, sheetName): null

27-11-2024T10:34:42 - [TEST_STEP][PASSED] - setValueToCellByIndex(sheet01, n, 0, dashboardName): null

27-11-2024T10:34:42 - [TEST_STEP][PASSED] - setValueToCellByIndex(sheet01, n, 1, dZO): null

27-11-2024T10:34:42 - [TEST_STEP][PASSED] - setValueToCellByIndex(sheet01, n, 2, typeOfData): null

27-11-2024T10:34:42 - [TEST_STEP][PASSED] - if (typeOfData == "Факт в процентах" || typeOfData == "План в процентах"): null

27-11-2024T10:34:42 - [TEST_STEP][PASSED] - else: null

27-11-2024T10:34:42 - [TEST_STEP][PASSED] - setValueToCellByIndex(sheet01, n, 3, fileInt): null

27-11-2024T10:34:42 - [TEST_STEP][PASSED] - setValueToCellByIndex(sheet01, n, 4, pageInt): null

27-11-2024T10:34:42 - [TEST_STEP][PASSED] - setValueToCellByIndex(sheet01, n, 5, m): null

27-11-2024T10:34:42 - [TEST_STEP][PASSED] - setValueToCellByIndex(sheet01, n, 6, y): null

27-11-2024T10:34:42 - [TEST_STEP][PASSED] - setValueToCellByIndex(sheet01, n, 7, todaysDate): null

27-11-2024T10:34:42 - [TEST_STEP][PASSED] - n = n + 1: null

27-11-2024T10:34:42 - [TEST_STEP][PASSED] - saveWorkbook(excelFilePath, workbook01): Object: 'Object Repository/Выполнение бизнес-плана/Кнопка Факт' is clicked on

27-11-2024T10:34:42 - [TEST_STEP][PASSED] - if (planFact == 2): Object: 'Object Repository/Выполнение бизнес-плана/Кнопка Факт' is clicked on

27-11-2024T10:34:42 - [TEST_STEP][PASSED] - click(findTestObject("Выполнение бизнес-плана/Кнопка Факт")): Object: 'Object Repository/Выполнение бизнес-плана/Кнопка Факт' is clicked on

27-11-2024T10:34:43 - [MESSAGE][PASSED] - Object: 'Object Repository/Выполнение бизнес-плана/Кнопка Факт' is clicked on

27-11-2024T10:34:43 - [TEST_STEP][PASSED] - if (a == 84 || a == 82): null

27-11-2024T10:34:43 - [TEST_STEP][PASSED] - else if (a == 52 || a == 72 || a == 28 || a == 73 || a == 77 || a == 74 || a == 65 || a == 36 || a == 44 || a == 53 || a == 80 || a == 54 || a == 1 || a == 18 || a == 59 || a == 81): null

27-11-2024T10:34:43 - [TEST_STEP][PASSED] - else: null

27-11-2024T10:34:43 - [TEST_STEP][PASSED] - page1 = getText(findTestObject("Object Repository/Выполнение бизнес-плана/spanPlan" + filialNum)): Text of object 'Object Repository/Выполнение бизнес-плана/spanPlan3' is: '19.80
|'

27-11-2024T10:34:43 - [MESSAGE][PASSED] - Text of object 'Object Repository/Выполнение бизнес-плана/spanPlan3' is: '19.80
|'

27-11-2024T10:34:43 - [TEST_STEP][PASSED] - page1 = page1.replace("|", ""): null

27-11-2024T10:34:43 - [TEST_STEP][PASSED] - page2 = getText(findTestObject("Object Repository/Выполнение бизнес-плана/spanFact" + filialNum)): Text of object 'Object Repository/Выполнение бизнес-плана/spanFact3' is: '19.56
|'

27-11-2024T10:34:43 - [MESSAGE][PASSED] - Text of object 'Object Repository/Выполнение бизнес-плана/spanFact3' is: '19.56
|'

27-11-2024T10:34:43 - [TEST_STEP][PASSED] - page2 = page2.replace("|", ""): null

27-11-2024T10:34:43 - [TEST_STEP][PASSED] - println("page1: " + page1): null

27-11-2024T10:34:43 - [TEST_STEP][PASSED] - println("page2: " + page2): null

27-11-2024T10:34:43 - [TEST_STEP][PASSED] - file = findTestData("PlanFact").getValue(4, a): null

27-11-2024T10:34:43 - [TEST_STEP][PASSED] - file = file.replace(",", "."): null

27-11-2024T10:34:43 - [TEST_STEP][PASSED] - println("file Plan: " + file): null

27-11-2024T10:34:43 - [TEST_STEP][PASSED] - typeOfData = "План в процентах": null

27-11-2024T10:34:43 - [TEST_STEP][PASSED] - fileDouble = file.toDouble(): null

27-11-2024T10:34:43 - [TEST_STEP][PASSED] - pageDouble = page1.toDouble(): null

27-11-2024T10:34:43 - [TEST_STEP][PASSED] - if (fileDouble != pageDouble): null

27-11-2024T10:34:43 - [TEST_STEP][PASSED] - numberOfErrors = numberOfErrors + 1: null

27-11-2024T10:34:43 - [TEST_STEP][PASSED] - Script1718980020443.WriteToExcel(a, typeOfData, todaysDate, pageInt, fileInt, pageDouble, fileDouble, dZO): null

27-11-2024T10:34:43 - [TEST_STEP][PASSED] - sheetName = "Sheet1": null

27-11-2024T10:34:43 - [TEST_STEP][PASSED] - data = findTestData("PlanFact"): null

27-11-2024T10:34:43 - [TEST_STEP][PASSED] - n = data.getRowNumbers() + 1: null

27-11-2024T10:34:43 - [TEST_STEP][PASSED] - year = todaysDate.substring(todaysDate.length() - 4, todaysDate.length()): null

27-11-2024T10:34:43 - [TEST_STEP][PASSED] - y = year.toInteger(): null

27-11-2024T10:34:43 - [TEST_STEP][PASSED] - m = getText(findTestObject("Выполнение бизнес-плана/Период")): Text of object 'Object Repository/Выполнение бизнес-плана/Период' is: '1, 2, 3 кв. 2024 года'

27-11-2024T10:34:44 - [MESSAGE][PASSED] - Text of object 'Object Repository/Выполнение бизнес-плана/Период' is: '1, 2, 3 кв. 2024 года'

27-11-2024T10:34:44 - [TEST_STEP][PASSED] - m = m.substring(0, m.indexOf("2024")): null

27-11-2024T10:34:44 - [TEST_STEP][PASSED] - m = m.trim(): null

27-11-2024T10:34:44 - [TEST_STEP][PASSED] - dashboardName = "Выполнение бизнес-плана": null

27-11-2024T10:34:44 - [TEST_STEP][PASSED] - workbook01 = getWorkbook(excelFilePath): null

27-11-2024T10:34:44 - [TEST_STEP][PASSED] - sheet01 = getExcelSheet(workbook01, sheetName): null

27-11-2024T10:34:44 - [TEST_STEP][PASSED] - setValueToCellByIndex(sheet01, n, 0, dashboardName): null

27-11-2024T10:34:44 - [TEST_STEP][PASSED] - setValueToCellByIndex(sheet01, n, 1, dZO): null

27-11-2024T10:34:44 - [TEST_STEP][PASSED] - setValueToCellByIndex(sheet01, n, 2, typeOfData): null

27-11-2024T10:34:44 - [TEST_STEP][PASSED] - if (typeOfData == "Факт в процентах" || typeOfData == "План в процентах"): null

27-11-2024T10:34:44 - [TEST_STEP][PASSED] - setValueToCellByIndex(sheet01, n, 3, fileDouble): null

27-11-2024T10:34:44 - [TEST_STEP][PASSED] - setValueToCellByIndex(sheet01, n, 4, pageDouble): null

27-11-2024T10:34:44 - [TEST_STEP][PASSED] - setValueToCellByIndex(sheet01, n, 5, m): null

27-11-2024T10:34:44 - [TEST_STEP][PASSED] - setValueToCellByIndex(sheet01, n, 6, y): null

27-11-2024T10:34:44 - [TEST_STEP][PASSED] - setValueToCellByIndex(sheet01, n, 7, todaysDate): null

27-11-2024T10:34:44 - [TEST_STEP][PASSED] - n = n + 1: null

27-11-2024T10:34:44 - [TEST_STEP][PASSED] - saveWorkbook(excelFilePath, workbook01): null

27-11-2024T10:34:44 - [TEST_STEP][PASSED] - file = findTestData("PlanFact").getValue(7, a): null

27-11-2024T10:34:44 - [TEST_STEP][PASSED] - file = file.replace(",", "."): null

27-11-2024T10:34:44 - [TEST_STEP][PASSED] - println("file Fact: " + file): null

27-11-2024T10:34:44 - [TEST_STEP][PASSED] - fileDouble = file.toDouble(): null

27-11-2024T10:34:44 - [TEST_STEP][PASSED] - typeOfData = "Факт в процентах": null

27-11-2024T10:34:44 - [TEST_STEP][PASSED] - fileDouble = file.toDouble(): null

27-11-2024T10:34:44 - [TEST_STEP][PASSED] - pageDouble = page2.toDouble(): null

27-11-2024T10:34:44 - [TEST_STEP][PASSED] - if (fileDouble != pageDouble): null

27-11-2024T10:34:44 - [TEST_STEP][PASSED] - numberOfErrors = numberOfErrors + 1: null

27-11-2024T10:34:44 - [TEST_STEP][PASSED] - Script1718980020443.WriteToExcel(a, typeOfData, todaysDate, pageInt, fileInt, pageDouble, fileDouble, dZO): null

27-11-2024T10:34:44 - [TEST_STEP][PASSED] - sheetName = "Sheet1": null

27-11-2024T10:34:44 - [TEST_STEP][PASSED] - data = findTestData("PlanFact"): null

27-11-2024T10:34:44 - [TEST_STEP][PASSED] - n = data.getRowNumbers() + 1: null

27-11-2024T10:34:44 - [TEST_STEP][PASSED] - year = todaysDate.substring(todaysDate.length() - 4, todaysDate.length()): null

27-11-2024T10:34:44 - [TEST_STEP][PASSED] - y = year.toInteger(): null

27-11-2024T10:34:44 - [TEST_STEP][PASSED] - m = getText(findTestObject("Выполнение бизнес-плана/Период")): Text of object 'Object Repository/Выполнение бизнес-плана/Период' is: '1, 2, 3 кв. 2024 года'

27-11-2024T10:34:44 - [MESSAGE][PASSED] - Text of object 'Object Repository/Выполнение бизнес-плана/Период' is: '1, 2, 3 кв. 2024 года'

27-11-2024T10:34:44 - [TEST_STEP][PASSED] - m = m.substring(0, m.indexOf("2024")): null

27-11-2024T10:34:44 - [TEST_STEP][PASSED] - m = m.trim(): null

27-11-2024T10:34:44 - [TEST_STEP][PASSED] - dashboardName = "Выполнение бизнес-плана": null

27-11-2024T10:34:44 - [TEST_STEP][PASSED] - workbook01 = getWorkbook(excelFilePath): null

27-11-2024T10:34:44 - [TEST_STEP][PASSED] - sheet01 = getExcelSheet(workbook01, sheetName): null

27-11-2024T10:34:44 - [TEST_STEP][PASSED] - setValueToCellByIndex(sheet01, n, 0, dashboardName): null

27-11-2024T10:34:44 - [TEST_STEP][PASSED] - setValueToCellByIndex(sheet01, n, 1, dZO): null

27-11-2024T10:34:44 - [TEST_STEP][PASSED] - setValueToCellByIndex(sheet01, n, 2, typeOfData): null

27-11-2024T10:34:44 - [TEST_STEP][PASSED] - if (typeOfData == "Факт в процентах" || typeOfData == "План в процентах"): null

27-11-2024T10:34:44 - [TEST_STEP][PASSED] - setValueToCellByIndex(sheet01, n, 3, fileDouble): null

27-11-2024T10:34:44 - [TEST_STEP][PASSED] - setValueToCellByIndex(sheet01, n, 4, pageDouble): null

27-11-2024T10:34:44 - [TEST_STEP][PASSED] - setValueToCellByIndex(sheet01, n, 5, m): null

27-11-2024T10:34:44 - [TEST_STEP][PASSED] - setValueToCellByIndex(sheet01, n, 6, y): null

27-11-2024T10:34:44 - [TEST_STEP][PASSED] - setValueToCellByIndex(sheet01, n, 7, todaysDate): null

27-11-2024T10:34:44 - [TEST_STEP][PASSED] - n = n + 1: null

27-11-2024T10:34:44 - [TEST_STEP][PASSED] - saveWorkbook(excelFilePath, workbook01): null

27-11-2024T10:34:45 - [TEST_STEP][FAILED] - if (verifyEqual(numberOfErrors, 0) == false): null

27-11-2024T10:34:45 - [MESSAGE][FAILED] - Unable to verify equal between actual object '6' and expected object '0' (Root cause: com.kms.katalon.core.exception.StepFailedException: Actual object '6' and expected object '0' are not equal
	at com.kms.katalon.core.keyword.builtin.VerifyEqualKeyword$_verifyEqual_closure1.doCall(VerifyEqualKeyword.groovy:58)
	at com.kms.katalon.core.keyword.builtin.VerifyEqualKeyword$_verifyEqual_closure1.call(VerifyEqualKeyword.groovy)
	at com.kms.katalon.core.keyword.internal.KeywordMain.runKeyword(KeywordMain.groovy:75)
	at com.kms.katalon.core.keyword.builtin.VerifyEqualKeyword.verifyEqual(VerifyEqualKeyword.groovy:63)
	at com.kms.katalon.core.keyword.builtin.VerifyEqualKeyword.execute(VerifyEqualKeyword.groovy:44)
	at com.kms.katalon.core.keyword.internal.KeywordExecutor.executeKeywordForPlatform(KeywordExecutor.groovy:74)
	at com.kms.katalon.core.keyword.BuiltinKeywords.verifyEqual(BuiltinKeywords.groovy:146)
	at java.base/jdk.internal.reflect.NativeMethodAccessorImpl.invoke0(Native Method)
	at java.base/jdk.internal.reflect.NativeMethodAccessorImpl.invoke(NativeMethodAccessorImpl.java:77)
	at java.base/jdk.internal.reflect.DelegatingMethodAccessorImpl.invoke(DelegatingMethodAccessorImpl.java:43)
	at Выполнение бизнес-плана Сверка ПАО Россети все филиалы.Numbers(Выполнение бизнес-плана Сверка ПАО Россети все филиалы:740)
	at Выполнение бизнес-плана Сверка ПАО Россети все филиалы.Filials(Выполнение бизнес-плана Сверка ПАО Россети все филиалы:1099)
	at Выполнение бизнес-плана Сверка ПАО Россети все филиалы.Numbers(Выполнение бизнес-плана Сверка ПАО Россети все филиалы:745)
	at Выполнение бизнес-плана Сверка ПАО Россети все филиалы.run(Выполнение бизнес-плана Сверка ПАО Россети все филиалы:304)
	at com.kms.katalon.core.main.ScriptEngine.run(ScriptEngine.java:194)
	at com.kms.katalon.core.main.ScriptEngine.runScriptAsRawText(ScriptEngine.java:119)
	at com.kms.katalon.core.main.TestCaseExecutor.runScript(TestCaseExecutor.java:448)
	at com.kms.katalon.core.main.TestCaseExecutor.doExecute(TestCaseExecutor.java:439)
	at com.kms.katalon.core.main.TestCaseExecutor.processExecutionPhase(TestCaseExecutor.java:418)
	at com.kms.katalon.core.main.TestCaseExecutor.accessMainPhase(TestCaseExecutor.java:410)
	at com.kms.katalon.core.main.TestCaseExecutor.execute(TestCaseExecutor.java:285)
	at com.kms.katalon.core.common.CommonExecutor.accessTestCaseMainPhase(CommonExecutor.java:65)
	at com.kms.katalon.core.main.TestSuiteExecutor.accessTestSuiteMainPhase(TestSuiteExecutor.java:150)
	at com.kms.katalon.core.main.TestSuiteExecutor.execute(TestSuiteExecutor.java:106)
	at com.kms.katalon.core.main.TestCaseMain.startTestSuite(TestCaseMain.java:180)
	at TempTestSuite1732692359995.run(TempTestSuite1732692359995.groovy:35)
	at java.base/jdk.internal.reflect.NativeMethodAccessorImpl.invoke0(Native Method)
	at java.base/jdk.internal.reflect.NativeMethodAccessorImpl.invoke(NativeMethodAccessorImpl.java:77)
	at java.base/jdk.internal.reflect.DelegatingMethodAccessorImpl.invoke(DelegatingMethodAccessorImpl.java:43)
)

27-11-2024T10:34:45 - [TEST_STEP][PASSED] - println(numberOfErrors): null

27-11-2024T10:34:45 - [TEST_STEP][PASSED] - if (a == 28 || a == 77 || a == 74 || a == 65 || a == 36 || a == 44 || a == 54 || a == 1 || a == 18 || a == 59): null

27-11-2024T10:34:45 - [TEST_STEP][PASSED] - if (a == 82): null

27-11-2024T10:34:45 - [TEST_STEP][PASSED] - dZO = "Карачаево-Черкесскэнерго": null

27-11-2024T10:34:45 - [TEST_STEP][PASSED] - a = 67: null

27-11-2024T10:34:45 - [TEST_STEP][PASSED] - if (x2.contains(dZO)): null

27-11-2024T10:34:45 - [TEST_STEP][PASSED] - filialNum = filialNum + 1: null

27-11-2024T10:34:45 - [TEST_STEP][PASSED] - Script1718980020443.Numbers(a, typeOfData, todaysDate, pageInt, fileInt, pageDouble, fileDouble, dZO, dzoNum, filialNum): null

27-11-2024T10:34:45 - [TEST_STEP][PASSED] - println(dzoNum): null

27-11-2024T10:34:45 - [TEST_STEP][PASSED] - planFact = <not implemented yet for class: org.codehaus.groovy.ast.expr.EmptyExpression>: null

27-11-2024T10:34:45 - [TEST_STEP][PASSED] - page = <not implemented yet for class: org.codehaus.groovy.ast.expr.EmptyExpression>: null

27-11-2024T10:34:45 - [TEST_STEP][PASSED] - page1 = <not implemented yet for class: org.codehaus.groovy.ast.expr.EmptyExpression>: null

27-11-2024T10:34:45 - [TEST_STEP][PASSED] - page2 = <not implemented yet for class: org.codehaus.groovy.ast.expr.EmptyExpression>: null

27-11-2024T10:34:45 - [TEST_STEP][PASSED] - filialNumberInRow = <not implemented yet for class: org.codehaus.groovy.ast.expr.EmptyExpression>: null

27-11-2024T10:34:45 - [TEST_STEP][PASSED] - filialsDzoNames = <not implemented yet for class: org.codehaus.groovy.ast.expr.EmptyExpression>: null

27-11-2024T10:34:45 - [TEST_STEP][PASSED] - numberOfFilials = <not implemented yet for class: org.codehaus.groovy.ast.expr.EmptyExpression>: null

27-11-2024T10:34:45 - [TEST_STEP][PASSED] - numberOfSpaces = <not implemented yet for class: org.codehaus.groovy.ast.expr.EmptyExpression>: null

27-11-2024T10:34:45 - [TEST_STEP][PASSED] - file = <not implemented yet for class: org.codehaus.groovy.ast.expr.EmptyExpression>: null

27-11-2024T10:34:45 - [TEST_STEP][PASSED] - otpusk = <not implemented yet for class: org.codehaus.groovy.ast.expr.EmptyExpression>: null

27-11-2024T10:34:45 - [TEST_STEP][PASSED] - poteri = <not implemented yet for class: org.codehaus.groovy.ast.expr.EmptyExpression>: null

27-11-2024T10:34:45 - [TEST_STEP][PASSED] - dataFolder = "Выполнение бизнес-плана/Значения со страницы Выполнение бизнес-плана/": null

27-11-2024T10:34:45 - [TEST_STEP][PASSED] - path = <not implemented yet for class: org.codehaus.groovy.ast.expr.EmptyExpression>: null

27-11-2024T10:34:45 - [TEST_STEP][PASSED] - typeOfDataMain = <not implemented yet for class: org.codehaus.groovy.ast.expr.EmptyExpression>: null

27-11-2024T10:34:45 - [TEST_STEP][PASSED] - fileOtpuskVSet = <not implemented yet for class: org.codehaus.groovy.ast.expr.EmptyExpression>: null

27-11-2024T10:34:45 - [TEST_STEP][PASSED] - pageOtpuskVSet = <not implemented yet for class: org.codehaus.groovy.ast.expr.EmptyExpression>: null

27-11-2024T10:34:45 - [TEST_STEP][PASSED] - filePoteri = <not implemented yet for class: org.codehaus.groovy.ast.expr.EmptyExpression>: null

27-11-2024T10:34:45 - [TEST_STEP][PASSED] - pagePoteri = <not implemented yet for class: org.codehaus.groovy.ast.expr.EmptyExpression>: null

27-11-2024T10:34:45 - [TEST_STEP][PASSED] - compare = <not implemented yet for class: org.codehaus.groovy.ast.expr.EmptyExpression>: null

27-11-2024T10:34:45 - [TEST_STEP][PASSED] - b = <not implemented yet for class: org.codehaus.groovy.ast.expr.EmptyExpression>: null

27-11-2024T10:34:45 - [TEST_STEP][PASSED] - i = <not implemented yet for class: org.codehaus.groovy.ast.expr.EmptyExpression>: null

27-11-2024T10:34:45 - [TEST_STEP][PASSED] - ii = <not implemented yet for class: org.codehaus.groovy.ast.expr.EmptyExpression>: null

27-11-2024T10:34:45 - [TEST_STEP][PASSED] - c = <not implemented yet for class: org.codehaus.groovy.ast.expr.EmptyExpression>: null

27-11-2024T10:34:45 - [TEST_STEP][PASSED] - numberOfErrors = 0: null

27-11-2024T10:34:45 - [TEST_STEP][PASSED] - if (a == 82): null

27-11-2024T10:34:45 - [TEST_STEP][PASSED] - b = findTestData("PlanFact").getValue(1, a): null

27-11-2024T10:34:45 - [TEST_STEP][PASSED] - i = b.indexOf(" (ГК)"): null

27-11-2024T10:34:45 - [TEST_STEP][PASSED] - if (i > -1): null

27-11-2024T10:34:45 - [TEST_STEP][PASSED] - i = b.indexOf("О ""): null

27-11-2024T10:34:45 - [TEST_STEP][PASSED] - if (i > -1): null

27-11-2024T10:34:45 - [TEST_STEP][PASSED] - i = b.indexOf("О «"): null

27-11-2024T10:34:45 - [TEST_STEP][PASSED] - if (i > -1): null

27-11-2024T10:34:45 - [TEST_STEP][PASSED] - i = b.indexOf("г. "): null

27-11-2024T10:34:45 - [TEST_STEP][PASSED] - if (i > -1): null

27-11-2024T10:34:45 - [TEST_STEP][PASSED] - println(b): null

27-11-2024T10:34:45 - [TEST_STEP][PASSED] - for ([planFact = 1, planFact < 3, (planFact++)]): null

27-11-2024T10:34:45 - [TEST_STEP][PASSED] - if (planFact == 1): null

27-11-2024T10:34:45 - [TEST_STEP][PASSED] - typeOfDataMain = "Факт": null

27-11-2024T10:34:45 - [TEST_STEP][PASSED] - otpusk = findTestData("PlanFact").getValue(5, a): null

27-11-2024T10:34:45 - [TEST_STEP][PASSED] - poteri = findTestData("PlanFact").getValue(6, a): null

27-11-2024T10:34:45 - [TEST_STEP][PASSED] - otpusk = otpusk.replaceAll("\s+", ""): null

27-11-2024T10:34:45 - [TEST_STEP][PASSED] - poteri = poteri.replaceAll("\s+", ""): null

27-11-2024T10:34:45 - [TEST_STEP][PASSED] - typeOfData = typeOfDataMain + " Отпуск в сеть": null

27-11-2024T10:34:45 - [TEST_STEP][PASSED] - if (a == 82): null

27-11-2024T10:34:45 - [TEST_STEP][PASSED] - else if (a == 84): null

27-11-2024T10:34:45 - [TEST_STEP][PASSED] - else if (a == 52 || a == 72 || a == 28 || a == 73 || a == 77 || a == 74 || a == 65 || a == 36 || a == 44 || a == 53 || a == 80 || a == 54 || a == 1 || a == 18 || a == 59 || a == 81): null

27-11-2024T10:34:45 - [TEST_STEP][PASSED] - else: null

27-11-2024T10:34:45 - [TEST_STEP][PASSED] - path = dataFolder + typeOfData + " за отчётный период " + b: null

27-11-2024T10:34:45 - [TEST_STEP][PASSED] - println(path): null

27-11-2024T10:34:45 - [TEST_STEP][PASSED] - page = getText(findTestObject(path)): Text of object 'Object Repository/Выполнение бизнес-плана/Значения со страницы Выполнение бизнес-плана/Факт Отпуск в сеть за отчётный период Карачаево-Черкесскэнерго' is: '1 013 182'

27-11-2024T10:34:45 - [MESSAGE][PASSED] - Text of object 'Object Repository/Выполнение бизнес-плана/Значения со страницы Выполнение бизнес-плана/Факт Отпуск в сеть за отчётный период Карачаево-Черкесскэнерго' is: '1 013 182'

27-11-2024T10:34:45 - [TEST_STEP][PASSED] - page = page.replaceAll("\s+", ""): null

27-11-2024T10:34:45 - [TEST_STEP][PASSED] - fileOtpuskVSet = otpusk.toInteger(): null

27-11-2024T10:34:45 - [TEST_STEP][PASSED] - pageOtpuskVSet = page.toInteger(): null

27-11-2024T10:34:45 - [TEST_STEP][PASSED] - typeOfData = typeOfDataMain + " Потери": null

27-11-2024T10:34:45 - [TEST_STEP][PASSED] - if (a == 82): null

27-11-2024T10:34:45 - [TEST_STEP][PASSED] - else if (a == 84): null

27-11-2024T10:34:45 - [TEST_STEP][PASSED] - else if (a == 52 || a == 72 || a == 28 || a == 73 || a == 77 || a == 74 || a == 65 || a == 36 || a == 44 || a == 53 || a == 80 || a == 54 || a == 1 || a == 18 || a == 59 || a == 81): null

27-11-2024T10:34:45 - [TEST_STEP][PASSED] - else: null

27-11-2024T10:34:45 - [TEST_STEP][PASSED] - path = dataFolder + typeOfData + " за отчётный период " + b: null

27-11-2024T10:34:45 - [TEST_STEP][PASSED] - page = getText(findTestObject(path)): Text of object 'Object Repository/Выполнение бизнес-плана/Значения со страницы Выполнение бизнес-плана/Факт Потери за отчётный период Карачаево-Черкесскэнерго' is: '146 000'

27-11-2024T10:34:46 - [MESSAGE][PASSED] - Text of object 'Object Repository/Выполнение бизнес-плана/Значения со страницы Выполнение бизнес-плана/Факт Потери за отчётный период Карачаево-Черкесскэнерго' is: '146 000'

27-11-2024T10:34:46 - [TEST_STEP][PASSED] - page = page.replaceAll("\s+", ""): null

27-11-2024T10:34:46 - [TEST_STEP][PASSED] - filePoteri = poteri.toInteger(): null

27-11-2024T10:34:46 - [TEST_STEP][PASSED] - pagePoteri = page.toInteger(): null

27-11-2024T10:34:46 - [TEST_STEP][PASSED] - compare = pageOtpuskVSet: null

27-11-2024T10:34:46 - [TEST_STEP][PASSED] - if (compare == fileOtpuskVSet): null

27-11-2024T10:34:46 - [TEST_STEP][PASSED] - else if (compare > fileOtpuskVSet): null

27-11-2024T10:34:46 - [TEST_STEP][PASSED] - compare = compare - 1: null

27-11-2024T10:34:46 - [TEST_STEP][PASSED] - if (compare == fileOtpuskVSet): null

27-11-2024T10:34:46 - [TEST_STEP][PASSED] - else: null

27-11-2024T10:34:46 - [TEST_STEP][PASSED] - numberOfErrors = numberOfErrors + 1: null

27-11-2024T10:34:46 - [TEST_STEP][PASSED] - pageInt = pageOtpuskVSet: null

27-11-2024T10:34:46 - [TEST_STEP][PASSED] - fileInt = fileOtpuskVSet: null

27-11-2024T10:34:46 - [TEST_STEP][PASSED] - typeOfData = typeOfDataMain + " Отпуск в сеть": null

27-11-2024T10:34:46 - [TEST_STEP][PASSED] - Script1718980020443.WriteToExcel(a, typeOfData, todaysDate, pageInt, fileInt, pageDouble, fileDouble, dZO): null

27-11-2024T10:34:46 - [TEST_STEP][PASSED] - sheetName = "Sheet1": null

27-11-2024T10:34:46 - [TEST_STEP][PASSED] - data = findTestData("PlanFact"): null

27-11-2024T10:34:46 - [TEST_STEP][PASSED] - n = data.getRowNumbers() + 1: null

27-11-2024T10:34:46 - [TEST_STEP][PASSED] - year = todaysDate.substring(todaysDate.length() - 4, todaysDate.length()): null

27-11-2024T10:34:46 - [TEST_STEP][PASSED] - y = year.toInteger(): null

27-11-2024T10:34:46 - [TEST_STEP][PASSED] - m = getText(findTestObject("Выполнение бизнес-плана/Период")): Text of object 'Object Repository/Выполнение бизнес-плана/Период' is: '1, 2, 3 кв. 2024 года'

27-11-2024T10:34:46 - [MESSAGE][PASSED] - Text of object 'Object Repository/Выполнение бизнес-плана/Период' is: '1, 2, 3 кв. 2024 года'

27-11-2024T10:34:46 - [TEST_STEP][PASSED] - m = m.substring(0, m.indexOf("2024")): null

27-11-2024T10:34:46 - [TEST_STEP][PASSED] - m = m.trim(): null

27-11-2024T10:34:46 - [TEST_STEP][PASSED] - dashboardName = "Выполнение бизнес-плана": null

27-11-2024T10:34:46 - [TEST_STEP][PASSED] - workbook01 = getWorkbook(excelFilePath): null

27-11-2024T10:34:46 - [TEST_STEP][PASSED] - sheet01 = getExcelSheet(workbook01, sheetName): null

27-11-2024T10:34:46 - [TEST_STEP][PASSED] - setValueToCellByIndex(sheet01, n, 0, dashboardName): null

27-11-2024T10:34:46 - [TEST_STEP][PASSED] - setValueToCellByIndex(sheet01, n, 1, dZO): null

27-11-2024T10:34:46 - [TEST_STEP][PASSED] - setValueToCellByIndex(sheet01, n, 2, typeOfData): null

27-11-2024T10:34:46 - [TEST_STEP][PASSED] - if (typeOfData == "Факт в процентах" || typeOfData == "План в процентах"): null

27-11-2024T10:34:46 - [TEST_STEP][PASSED] - else: null

27-11-2024T10:34:46 - [TEST_STEP][PASSED] - setValueToCellByIndex(sheet01, n, 3, fileInt): null

27-11-2024T10:34:46 - [TEST_STEP][PASSED] - setValueToCellByIndex(sheet01, n, 4, pageInt): null

27-11-2024T10:34:46 - [TEST_STEP][PASSED] - setValueToCellByIndex(sheet01, n, 5, m): null

27-11-2024T10:34:46 - [TEST_STEP][PASSED] - setValueToCellByIndex(sheet01, n, 6, y): null

27-11-2024T10:34:46 - [TEST_STEP][PASSED] - setValueToCellByIndex(sheet01, n, 7, todaysDate): null

27-11-2024T10:34:46 - [TEST_STEP][PASSED] - n = n + 1: null

27-11-2024T10:34:46 - [TEST_STEP][PASSED] - saveWorkbook(excelFilePath, workbook01): null

27-11-2024T10:34:46 - [TEST_STEP][PASSED] - compare = pagePoteri: null

27-11-2024T10:34:46 - [TEST_STEP][PASSED] - if (compare == filePoteri): null

27-11-2024T10:34:46 - [TEST_STEP][PASSED] - else if (compare > filePoteri): null

27-11-2024T10:34:46 - [TEST_STEP][PASSED] - compare = compare - 1: null

27-11-2024T10:34:46 - [TEST_STEP][PASSED] - if (compare == filePoteri): null

27-11-2024T10:34:46 - [TEST_STEP][PASSED] - else: null

27-11-2024T10:34:46 - [TEST_STEP][PASSED] - numberOfErrors = numberOfErrors + 1: null

27-11-2024T10:34:46 - [TEST_STEP][PASSED] - pageInt = pagePoteri: null

27-11-2024T10:34:46 - [TEST_STEP][PASSED] - fileInt = filePoteri: null

27-11-2024T10:34:46 - [TEST_STEP][PASSED] - typeOfData = typeOfDataMain + " Потери": null

27-11-2024T10:34:46 - [TEST_STEP][PASSED] - Script1718980020443.WriteToExcel(a, typeOfData, todaysDate, pageInt, fileInt, pageDouble, fileDouble, dZO): null

27-11-2024T10:34:46 - [TEST_STEP][PASSED] - sheetName = "Sheet1": null

27-11-2024T10:34:46 - [TEST_STEP][PASSED] - data = findTestData("PlanFact"): null

27-11-2024T10:34:46 - [TEST_STEP][PASSED] - n = data.getRowNumbers() + 1: null

27-11-2024T10:34:46 - [TEST_STEP][PASSED] - year = todaysDate.substring(todaysDate.length() - 4, todaysDate.length()): null

27-11-2024T10:34:46 - [TEST_STEP][PASSED] - y = year.toInteger(): null

27-11-2024T10:34:46 - [TEST_STEP][PASSED] - m = getText(findTestObject("Выполнение бизнес-плана/Период")): Text of object 'Object Repository/Выполнение бизнес-плана/Период' is: '1, 2, 3 кв. 2024 года'

27-11-2024T10:34:47 - [MESSAGE][PASSED] - Text of object 'Object Repository/Выполнение бизнес-плана/Период' is: '1, 2, 3 кв. 2024 года'

27-11-2024T10:34:47 - [TEST_STEP][PASSED] - m = m.substring(0, m.indexOf("2024")): null

27-11-2024T10:34:47 - [TEST_STEP][PASSED] - m = m.trim(): null

27-11-2024T10:34:47 - [TEST_STEP][PASSED] - dashboardName = "Выполнение бизнес-плана": null

27-11-2024T10:34:47 - [TEST_STEP][PASSED] - workbook01 = getWorkbook(excelFilePath): null

27-11-2024T10:34:47 - [TEST_STEP][PASSED] - sheet01 = getExcelSheet(workbook01, sheetName): null

27-11-2024T10:34:47 - [TEST_STEP][PASSED] - setValueToCellByIndex(sheet01, n, 0, dashboardName): null

27-11-2024T10:34:47 - [TEST_STEP][PASSED] - setValueToCellByIndex(sheet01, n, 1, dZO): null

27-11-2024T10:34:47 - [TEST_STEP][PASSED] - setValueToCellByIndex(sheet01, n, 2, typeOfData): null

27-11-2024T10:34:47 - [TEST_STEP][PASSED] - if (typeOfData == "Факт в процентах" || typeOfData == "План в процентах"): null

27-11-2024T10:34:47 - [TEST_STEP][PASSED] - else: null

27-11-2024T10:34:47 - [TEST_STEP][PASSED] - setValueToCellByIndex(sheet01, n, 3, fileInt): null

27-11-2024T10:34:47 - [TEST_STEP][PASSED] - setValueToCellByIndex(sheet01, n, 4, pageInt): null

27-11-2024T10:34:47 - [TEST_STEP][PASSED] - setValueToCellByIndex(sheet01, n, 5, m): null

27-11-2024T10:34:47 - [TEST_STEP][PASSED] - setValueToCellByIndex(sheet01, n, 6, y): null

27-11-2024T10:34:47 - [TEST_STEP][PASSED] - setValueToCellByIndex(sheet01, n, 7, todaysDate): null

27-11-2024T10:34:47 - [TEST_STEP][PASSED] - n = n + 1: null

27-11-2024T10:34:47 - [TEST_STEP][PASSED] - saveWorkbook(excelFilePath, workbook01): null

27-11-2024T10:34:47 - [TEST_STEP][PASSED] - if (planFact == 2): null

27-11-2024T10:34:47 - [TEST_STEP][PASSED] - if (planFact == 1): null

27-11-2024T10:34:47 - [TEST_STEP][PASSED] - else if (planFact == 2): null

27-11-2024T10:34:47 - [TEST_STEP][PASSED] - click(findTestObject("Выполнение бизнес-плана/Кнопка План")): Object: 'Object Repository/Выполнение бизнес-плана/Кнопка План' is clicked on

27-11-2024T10:34:47 - [MESSAGE][PASSED] - Object: 'Object Repository/Выполнение бизнес-плана/Кнопка План' is clicked on

27-11-2024T10:34:47 - [TEST_STEP][PASSED] - typeOfDataMain = "План": null

27-11-2024T10:34:47 - [TEST_STEP][PASSED] - otpusk = findTestData("PlanFact").getValue(2, a): null

27-11-2024T10:34:47 - [TEST_STEP][PASSED] - poteri = findTestData("PlanFact").getValue(3, a): null

27-11-2024T10:34:47 - [TEST_STEP][PASSED] - otpusk = otpusk.replaceAll("\s+", ""): null

27-11-2024T10:34:47 - [TEST_STEP][PASSED] - poteri = poteri.replaceAll("\s+", ""): null

27-11-2024T10:34:47 - [TEST_STEP][PASSED] - typeOfData = typeOfDataMain + " Отпуск в сеть": null

27-11-2024T10:34:47 - [TEST_STEP][PASSED] - if (a == 82): null

27-11-2024T10:34:47 - [TEST_STEP][PASSED] - else if (a == 84): null

27-11-2024T10:34:47 - [TEST_STEP][PASSED] - else if (a == 52 || a == 72 || a == 28 || a == 73 || a == 77 || a == 74 || a == 65 || a == 36 || a == 44 || a == 53 || a == 80 || a == 54 || a == 1 || a == 18 || a == 59 || a == 81): null

27-11-2024T10:34:47 - [TEST_STEP][PASSED] - else: null

27-11-2024T10:34:47 - [TEST_STEP][PASSED] - path = dataFolder + typeOfData + " за отчётный период " + b: null

27-11-2024T10:34:47 - [TEST_STEP][PASSED] - println(path): null

27-11-2024T10:34:47 - [TEST_STEP][PASSED] - page = getText(findTestObject(path)): Text of object 'Object Repository/Выполнение бизнес-плана/Значения со страницы Выполнение бизнес-плана/План Отпуск в сеть за отчётный период Карачаево-Черкесскэнерго' is: '938 915'

27-11-2024T10:34:48 - [MESSAGE][PASSED] - Text of object 'Object Repository/Выполнение бизнес-плана/Значения со страницы Выполнение бизнес-плана/План Отпуск в сеть за отчётный период Карачаево-Черкесскэнерго' is: '938 915'

27-11-2024T10:34:48 - [TEST_STEP][PASSED] - page = page.replaceAll("\s+", ""): null

27-11-2024T10:34:48 - [TEST_STEP][PASSED] - fileOtpuskVSet = otpusk.toInteger(): null

27-11-2024T10:34:48 - [TEST_STEP][PASSED] - pageOtpuskVSet = page.toInteger(): null

27-11-2024T10:34:48 - [TEST_STEP][PASSED] - typeOfData = typeOfDataMain + " Потери": null

27-11-2024T10:34:48 - [TEST_STEP][PASSED] - if (a == 82): null

27-11-2024T10:34:48 - [TEST_STEP][PASSED] - else if (a == 84): null

27-11-2024T10:34:48 - [TEST_STEP][PASSED] - else if (a == 52 || a == 72 || a == 28 || a == 73 || a == 77 || a == 74 || a == 65 || a == 36 || a == 44 || a == 53 || a == 80 || a == 54 || a == 1 || a == 18 || a == 59 || a == 81): null

27-11-2024T10:34:48 - [TEST_STEP][PASSED] - else: null

27-11-2024T10:34:48 - [TEST_STEP][PASSED] - path = dataFolder + typeOfData + " за отчётный период " + b: null

27-11-2024T10:34:48 - [TEST_STEP][PASSED] - page = getText(findTestObject(path)): Text of object 'Object Repository/Выполнение бизнес-плана/Значения со страницы Выполнение бизнес-плана/План Потери за отчётный период Карачаево-Черкесскэнерго' is: '126 591'

27-11-2024T10:34:48 - [MESSAGE][PASSED] - Text of object 'Object Repository/Выполнение бизнес-плана/Значения со страницы Выполнение бизнес-плана/План Потери за отчётный период Карачаево-Черкесскэнерго' is: '126 591'

27-11-2024T10:34:48 - [TEST_STEP][PASSED] - page = page.replaceAll("\s+", ""): null

27-11-2024T10:34:48 - [TEST_STEP][PASSED] - filePoteri = poteri.toInteger(): null

27-11-2024T10:34:48 - [TEST_STEP][PASSED] - pagePoteri = page.toInteger(): null

27-11-2024T10:34:48 - [TEST_STEP][PASSED] - compare = pageOtpuskVSet: null

27-11-2024T10:34:48 - [TEST_STEP][PASSED] - if (compare == fileOtpuskVSet): null

27-11-2024T10:34:48 - [TEST_STEP][PASSED] - else if (compare > fileOtpuskVSet): null

27-11-2024T10:34:48 - [TEST_STEP][PASSED] - else if (compare < fileOtpuskVSet): null

27-11-2024T10:34:48 - [TEST_STEP][PASSED] - compare = compare + 1: null

27-11-2024T10:34:48 - [TEST_STEP][PASSED] - if (compare == fileOtpuskVSet): null

27-11-2024T10:34:48 - [TEST_STEP][PASSED] - else: null

27-11-2024T10:34:48 - [TEST_STEP][PASSED] - numberOfErrors = numberOfErrors + 1: null

27-11-2024T10:34:48 - [TEST_STEP][PASSED] - pageInt = pageOtpuskVSet: null

27-11-2024T10:34:48 - [TEST_STEP][PASSED] - fileInt = fileOtpuskVSet: null

27-11-2024T10:34:48 - [TEST_STEP][PASSED] - typeOfData = typeOfDataMain + " Отпуск в сеть": null

27-11-2024T10:34:48 - [TEST_STEP][PASSED] - Script1718980020443.WriteToExcel(a, typeOfData, todaysDate, pageInt, fileInt, pageDouble, fileDouble, dZO): null

27-11-2024T10:34:48 - [TEST_STEP][PASSED] - sheetName = "Sheet1": null

27-11-2024T10:34:48 - [TEST_STEP][PASSED] - data = findTestData("PlanFact"): null

27-11-2024T10:34:48 - [TEST_STEP][PASSED] - n = data.getRowNumbers() + 1: null

27-11-2024T10:34:48 - [TEST_STEP][PASSED] - year = todaysDate.substring(todaysDate.length() - 4, todaysDate.length()): null

27-11-2024T10:34:48 - [TEST_STEP][PASSED] - y = year.toInteger(): null

27-11-2024T10:34:48 - [TEST_STEP][PASSED] - m = getText(findTestObject("Выполнение бизнес-плана/Период")): Text of object 'Object Repository/Выполнение бизнес-плана/Период' is: '1, 2, 3 кв. 2024 года'

27-11-2024T10:34:48 - [MESSAGE][PASSED] - Text of object 'Object Repository/Выполнение бизнес-плана/Период' is: '1, 2, 3 кв. 2024 года'

27-11-2024T10:34:48 - [TEST_STEP][PASSED] - m = m.substring(0, m.indexOf("2024")): null

27-11-2024T10:34:48 - [TEST_STEP][PASSED] - m = m.trim(): null

27-11-2024T10:34:48 - [TEST_STEP][PASSED] - dashboardName = "Выполнение бизнес-плана": null

27-11-2024T10:34:48 - [TEST_STEP][PASSED] - workbook01 = getWorkbook(excelFilePath): null

27-11-2024T10:34:48 - [TEST_STEP][PASSED] - sheet01 = getExcelSheet(workbook01, sheetName): null

27-11-2024T10:34:48 - [TEST_STEP][PASSED] - setValueToCellByIndex(sheet01, n, 0, dashboardName): null

27-11-2024T10:34:48 - [TEST_STEP][PASSED] - setValueToCellByIndex(sheet01, n, 1, dZO): null

27-11-2024T10:34:48 - [TEST_STEP][PASSED] - setValueToCellByIndex(sheet01, n, 2, typeOfData): null

27-11-2024T10:34:48 - [TEST_STEP][PASSED] - if (typeOfData == "Факт в процентах" || typeOfData == "План в процентах"): null

27-11-2024T10:34:48 - [TEST_STEP][PASSED] - else: null

27-11-2024T10:34:48 - [TEST_STEP][PASSED] - setValueToCellByIndex(sheet01, n, 3, fileInt): null

27-11-2024T10:34:48 - [TEST_STEP][PASSED] - setValueToCellByIndex(sheet01, n, 4, pageInt): null

27-11-2024T10:34:48 - [TEST_STEP][PASSED] - setValueToCellByIndex(sheet01, n, 5, m): null

27-11-2024T10:34:48 - [TEST_STEP][PASSED] - setValueToCellByIndex(sheet01, n, 6, y): null

27-11-2024T10:34:48 - [TEST_STEP][PASSED] - setValueToCellByIndex(sheet01, n, 7, todaysDate): null

27-11-2024T10:34:48 - [TEST_STEP][PASSED] - n = n + 1: null

27-11-2024T10:34:48 - [TEST_STEP][PASSED] - saveWorkbook(excelFilePath, workbook01): null

27-11-2024T10:34:49 - [TEST_STEP][PASSED] - compare = pagePoteri: null

27-11-2024T10:34:49 - [TEST_STEP][PASSED] - if (compare == filePoteri): null

27-11-2024T10:34:49 - [TEST_STEP][PASSED] - else if (compare > filePoteri): null

27-11-2024T10:34:49 - [TEST_STEP][PASSED] - else if (compare < filePoteri): null

27-11-2024T10:34:49 - [TEST_STEP][PASSED] - compare = compare + 1: null

27-11-2024T10:34:49 - [TEST_STEP][PASSED] - if (compare == filePoteri): null

27-11-2024T10:34:49 - [TEST_STEP][PASSED] - else: null

27-11-2024T10:34:49 - [TEST_STEP][PASSED] - numberOfErrors = numberOfErrors + 1: null

27-11-2024T10:34:49 - [TEST_STEP][PASSED] - pageInt = pagePoteri: null

27-11-2024T10:34:49 - [TEST_STEP][PASSED] - fileInt = filePoteri: null

27-11-2024T10:34:49 - [TEST_STEP][PASSED] - typeOfData = typeOfDataMain + " Потери": null

27-11-2024T10:34:49 - [TEST_STEP][PASSED] - Script1718980020443.WriteToExcel(a, typeOfData, todaysDate, pageInt, fileInt, pageDouble, fileDouble, dZO): null

27-11-2024T10:34:49 - [TEST_STEP][PASSED] - sheetName = "Sheet1": null

27-11-2024T10:34:49 - [TEST_STEP][PASSED] - data = findTestData("PlanFact"): null

27-11-2024T10:34:49 - [TEST_STEP][PASSED] - n = data.getRowNumbers() + 1: null

27-11-2024T10:34:49 - [TEST_STEP][PASSED] - year = todaysDate.substring(todaysDate.length() - 4, todaysDate.length()): null

27-11-2024T10:34:49 - [TEST_STEP][PASSED] - y = year.toInteger(): null

27-11-2024T10:34:49 - [TEST_STEP][PASSED] - m = getText(findTestObject("Выполнение бизнес-плана/Период")): Text of object 'Object Repository/Выполнение бизнес-плана/Период' is: '1, 2, 3 кв. 2024 года'

27-11-2024T10:34:49 - [MESSAGE][PASSED] - Text of object 'Object Repository/Выполнение бизнес-плана/Период' is: '1, 2, 3 кв. 2024 года'

27-11-2024T10:34:49 - [TEST_STEP][PASSED] - m = m.substring(0, m.indexOf("2024")): null

27-11-2024T10:34:49 - [TEST_STEP][PASSED] - m = m.trim(): null

27-11-2024T10:34:49 - [TEST_STEP][PASSED] - dashboardName = "Выполнение бизнес-плана": null

27-11-2024T10:34:49 - [TEST_STEP][PASSED] - workbook01 = getWorkbook(excelFilePath): null

27-11-2024T10:34:49 - [TEST_STEP][PASSED] - sheet01 = getExcelSheet(workbook01, sheetName): null

27-11-2024T10:34:49 - [TEST_STEP][PASSED] - setValueToCellByIndex(sheet01, n, 0, dashboardName): null

27-11-2024T10:34:49 - [TEST_STEP][PASSED] - setValueToCellByIndex(sheet01, n, 1, dZO): null

27-11-2024T10:34:49 - [TEST_STEP][PASSED] - setValueToCellByIndex(sheet01, n, 2, typeOfData): null

27-11-2024T10:34:49 - [TEST_STEP][PASSED] - if (typeOfData == "Факт в процентах" || typeOfData == "План в процентах"): null

27-11-2024T10:34:49 - [TEST_STEP][PASSED] - else: null

27-11-2024T10:34:49 - [TEST_STEP][PASSED] - setValueToCellByIndex(sheet01, n, 3, fileInt): null

27-11-2024T10:34:49 - [TEST_STEP][PASSED] - setValueToCellByIndex(sheet01, n, 4, pageInt): null

27-11-2024T10:34:49 - [TEST_STEP][PASSED] - setValueToCellByIndex(sheet01, n, 5, m): null

27-11-2024T10:34:49 - [TEST_STEP][PASSED] - setValueToCellByIndex(sheet01, n, 6, y): null

27-11-2024T10:34:49 - [TEST_STEP][PASSED] - setValueToCellByIndex(sheet01, n, 7, todaysDate): null

27-11-2024T10:34:49 - [TEST_STEP][PASSED] - n = n + 1: null

27-11-2024T10:34:49 - [TEST_STEP][PASSED] - saveWorkbook(excelFilePath, workbook01): Object: 'Object Repository/Выполнение бизнес-плана/Кнопка Факт' is clicked on

27-11-2024T10:34:49 - [TEST_STEP][PASSED] - if (planFact == 2): Object: 'Object Repository/Выполнение бизнес-плана/Кнопка Факт' is clicked on

27-11-2024T10:34:49 - [TEST_STEP][PASSED] - click(findTestObject("Выполнение бизнес-плана/Кнопка Факт")): Object: 'Object Repository/Выполнение бизнес-плана/Кнопка Факт' is clicked on

27-11-2024T10:34:50 - [MESSAGE][PASSED] - Object: 'Object Repository/Выполнение бизнес-плана/Кнопка Факт' is clicked on

27-11-2024T10:34:50 - [TEST_STEP][PASSED] - if (a == 84 || a == 82): null

27-11-2024T10:34:50 - [TEST_STEP][PASSED] - else if (a == 52 || a == 72 || a == 28 || a == 73 || a == 77 || a == 74 || a == 65 || a == 36 || a == 44 || a == 53 || a == 80 || a == 54 || a == 1 || a == 18 || a == 59 || a == 81): null

27-11-2024T10:34:50 - [TEST_STEP][PASSED] - else: null

27-11-2024T10:34:50 - [TEST_STEP][PASSED] - page1 = getText(findTestObject("Object Repository/Выполнение бизнес-плана/spanPlan" + filialNum)): Text of object 'Object Repository/Выполнение бизнес-плана/spanPlan4' is: '13.48
|'

27-11-2024T10:34:50 - [MESSAGE][PASSED] - Text of object 'Object Repository/Выполнение бизнес-плана/spanPlan4' is: '13.48
|'

27-11-2024T10:34:50 - [TEST_STEP][PASSED] - page1 = page1.replace("|", ""): null

27-11-2024T10:34:50 - [TEST_STEP][PASSED] - page2 = getText(findTestObject("Object Repository/Выполнение бизнес-плана/spanFact" + filialNum)): Text of object 'Object Repository/Выполнение бизнес-плана/spanFact4' is: '14.41
|'

27-11-2024T10:34:50 - [MESSAGE][PASSED] - Text of object 'Object Repository/Выполнение бизнес-плана/spanFact4' is: '14.41
|'

27-11-2024T10:34:50 - [TEST_STEP][PASSED] - page2 = page2.replace("|", ""): null

27-11-2024T10:34:50 - [TEST_STEP][PASSED] - println("page1: " + page1): null

27-11-2024T10:34:50 - [TEST_STEP][PASSED] - println("page2: " + page2): null

27-11-2024T10:34:50 - [TEST_STEP][PASSED] - file = findTestData("PlanFact").getValue(4, a): null

27-11-2024T10:34:50 - [TEST_STEP][PASSED] - file = file.replace(",", "."): null

27-11-2024T10:34:50 - [TEST_STEP][PASSED] - println("file Plan: " + file): null

27-11-2024T10:34:50 - [TEST_STEP][PASSED] - typeOfData = "План в процентах": null

27-11-2024T10:34:50 - [TEST_STEP][PASSED] - fileDouble = file.toDouble(): null

27-11-2024T10:34:50 - [TEST_STEP][PASSED] - pageDouble = page1.toDouble(): null

27-11-2024T10:34:50 - [TEST_STEP][PASSED] - if (fileDouble != pageDouble): null

27-11-2024T10:34:50 - [TEST_STEP][PASSED] - file = findTestData("PlanFact").getValue(7, a): null

27-11-2024T10:34:50 - [TEST_STEP][PASSED] - file = file.replace(",", "."): null

27-11-2024T10:34:50 - [TEST_STEP][PASSED] - println("file Fact: " + file): null

27-11-2024T10:34:50 - [TEST_STEP][PASSED] - fileDouble = file.toDouble(): null

27-11-2024T10:34:50 - [TEST_STEP][PASSED] - typeOfData = "Факт в процентах": null

27-11-2024T10:34:50 - [TEST_STEP][PASSED] - fileDouble = file.toDouble(): null

27-11-2024T10:34:50 - [TEST_STEP][PASSED] - pageDouble = page2.toDouble(): null

27-11-2024T10:34:50 - [TEST_STEP][PASSED] - if (fileDouble != pageDouble): null

27-11-2024T10:34:50 - [TEST_STEP][PASSED] - numberOfErrors = numberOfErrors + 1: null

27-11-2024T10:34:50 - [TEST_STEP][PASSED] - Script1718980020443.WriteToExcel(a, typeOfData, todaysDate, pageInt, fileInt, pageDouble, fileDouble, dZO): null

27-11-2024T10:34:50 - [TEST_STEP][PASSED] - sheetName = "Sheet1": null

27-11-2024T10:34:50 - [TEST_STEP][PASSED] - data = findTestData("PlanFact"): null

27-11-2024T10:34:50 - [TEST_STEP][PASSED] - n = data.getRowNumbers() + 1: null

27-11-2024T10:34:50 - [TEST_STEP][PASSED] - year = todaysDate.substring(todaysDate.length() - 4, todaysDate.length()): null

27-11-2024T10:34:50 - [TEST_STEP][PASSED] - y = year.toInteger(): null

27-11-2024T10:34:50 - [TEST_STEP][PASSED] - m = getText(findTestObject("Выполнение бизнес-плана/Период")): Text of object 'Object Repository/Выполнение бизнес-плана/Период' is: '1, 2, 3 кв. 2024 года'

27-11-2024T10:34:51 - [MESSAGE][PASSED] - Text of object 'Object Repository/Выполнение бизнес-плана/Период' is: '1, 2, 3 кв. 2024 года'

27-11-2024T10:34:51 - [TEST_STEP][PASSED] - m = m.substring(0, m.indexOf("2024")): null

27-11-2024T10:34:51 - [TEST_STEP][PASSED] - m = m.trim(): null

27-11-2024T10:34:51 - [TEST_STEP][PASSED] - dashboardName = "Выполнение бизнес-плана": null

27-11-2024T10:34:51 - [TEST_STEP][PASSED] - workbook01 = getWorkbook(excelFilePath): null

27-11-2024T10:34:51 - [TEST_STEP][PASSED] - sheet01 = getExcelSheet(workbook01, sheetName): null

27-11-2024T10:34:51 - [TEST_STEP][PASSED] - setValueToCellByIndex(sheet01, n, 0, dashboardName): null

27-11-2024T10:34:51 - [TEST_STEP][PASSED] - setValueToCellByIndex(sheet01, n, 1, dZO): null

27-11-2024T10:34:51 - [TEST_STEP][PASSED] - setValueToCellByIndex(sheet01, n, 2, typeOfData): null

27-11-2024T10:34:51 - [TEST_STEP][PASSED] - if (typeOfData == "Факт в процентах" || typeOfData == "План в процентах"): null

27-11-2024T10:34:51 - [TEST_STEP][PASSED] - setValueToCellByIndex(sheet01, n, 3, fileDouble): null

27-11-2024T10:34:51 - [TEST_STEP][PASSED] - setValueToCellByIndex(sheet01, n, 4, pageDouble): null

27-11-2024T10:34:51 - [TEST_STEP][PASSED] - setValueToCellByIndex(sheet01, n, 5, m): null

27-11-2024T10:34:51 - [TEST_STEP][PASSED] - setValueToCellByIndex(sheet01, n, 6, y): null

27-11-2024T10:34:51 - [TEST_STEP][PASSED] - setValueToCellByIndex(sheet01, n, 7, todaysDate): null

27-11-2024T10:34:51 - [TEST_STEP][PASSED] - n = n + 1: null

27-11-2024T10:34:51 - [TEST_STEP][PASSED] - saveWorkbook(excelFilePath, workbook01): null

27-11-2024T10:34:51 - [TEST_STEP][FAILED] - if (verifyEqual(numberOfErrors, 0) == false): null

27-11-2024T10:34:51 - [MESSAGE][FAILED] - Unable to verify equal between actual object '5' and expected object '0' (Root cause: com.kms.katalon.core.exception.StepFailedException: Actual object '5' and expected object '0' are not equal
	at com.kms.katalon.core.keyword.builtin.VerifyEqualKeyword$_verifyEqual_closure1.doCall(VerifyEqualKeyword.groovy:58)
	at com.kms.katalon.core.keyword.builtin.VerifyEqualKeyword$_verifyEqual_closure1.call(VerifyEqualKeyword.groovy)
	at com.kms.katalon.core.keyword.internal.KeywordMain.runKeyword(KeywordMain.groovy:75)
	at com.kms.katalon.core.keyword.builtin.VerifyEqualKeyword.verifyEqual(VerifyEqualKeyword.groovy:63)
	at com.kms.katalon.core.keyword.builtin.VerifyEqualKeyword.execute(VerifyEqualKeyword.groovy:44)
	at com.kms.katalon.core.keyword.internal.KeywordExecutor.executeKeywordForPlatform(KeywordExecutor.groovy:74)
	at com.kms.katalon.core.keyword.BuiltinKeywords.verifyEqual(BuiltinKeywords.groovy:146)
	at java.base/jdk.internal.reflect.NativeMethodAccessorImpl.invoke0(Native Method)
	at java.base/jdk.internal.reflect.NativeMethodAccessorImpl.invoke(NativeMethodAccessorImpl.java:77)
	at java.base/jdk.internal.reflect.DelegatingMethodAccessorImpl.invoke(DelegatingMethodAccessorImpl.java:43)
	at Выполнение бизнес-плана Сверка ПАО Россети все филиалы.Numbers(Выполнение бизнес-плана Сверка ПАО Россети все филиалы:740)
	at Выполнение бизнес-плана Сверка ПАО Россети все филиалы.Filials(Выполнение бизнес-плана Сверка ПАО Россети все филиалы:1111)
	at Выполнение бизнес-плана Сверка ПАО Россети все филиалы.Numbers(Выполнение бизнес-плана Сверка ПАО Россети все филиалы:745)
	at Выполнение бизнес-плана Сверка ПАО Россети все филиалы.run(Выполнение бизнес-плана Сверка ПАО Россети все филиалы:304)
	at com.kms.katalon.core.main.ScriptEngine.run(ScriptEngine.java:194)
	at com.kms.katalon.core.main.ScriptEngine.runScriptAsRawText(ScriptEngine.java:119)
	at com.kms.katalon.core.main.TestCaseExecutor.runScript(TestCaseExecutor.java:448)
	at com.kms.katalon.core.main.TestCaseExecutor.doExecute(TestCaseExecutor.java:439)
	at com.kms.katalon.core.main.TestCaseExecutor.processExecutionPhase(TestCaseExecutor.java:418)
	at com.kms.katalon.core.main.TestCaseExecutor.accessMainPhase(TestCaseExecutor.java:410)
	at com.kms.katalon.core.main.TestCaseExecutor.execute(TestCaseExecutor.java:285)
	at com.kms.katalon.core.common.CommonExecutor.accessTestCaseMainPhase(CommonExecutor.java:65)
	at com.kms.katalon.core.main.TestSuiteExecutor.accessTestSuiteMainPhase(TestSuiteExecutor.java:150)
	at com.kms.katalon.core.main.TestSuiteExecutor.execute(TestSuiteExecutor.java:106)
	at com.kms.katalon.core.main.TestCaseMain.startTestSuite(TestCaseMain.java:180)
	at TempTestSuite1732692359995.run(TempTestSuite1732692359995.groovy:35)
	at java.base/jdk.internal.reflect.NativeMethodAccessorImpl.invoke0(Native Method)
	at java.base/jdk.internal.reflect.NativeMethodAccessorImpl.invoke(NativeMethodAccessorImpl.java:77)
	at java.base/jdk.internal.reflect.DelegatingMethodAccessorImpl.invoke(DelegatingMethodAccessorImpl.java:43)
)

27-11-2024T10:34:51 - [TEST_STEP][PASSED] - println(numberOfErrors): null

27-11-2024T10:34:51 - [TEST_STEP][PASSED] - if (a == 28 || a == 77 || a == 74 || a == 65 || a == 36 || a == 44 || a == 54 || a == 1 || a == 18 || a == 59): null

27-11-2024T10:34:51 - [TEST_STEP][PASSED] - if (a == 82): null

27-11-2024T10:34:51 - [TEST_STEP][PASSED] - dZO = "Севкавказэнерго": null

27-11-2024T10:34:51 - [TEST_STEP][PASSED] - a = 68: null

27-11-2024T10:34:51 - [TEST_STEP][PASSED] - if (x2.contains(dZO)): null

27-11-2024T10:34:51 - [TEST_STEP][PASSED] - filialNum = filialNum + 1: null

27-11-2024T10:34:51 - [TEST_STEP][PASSED] - Script1718980020443.Numbers(a, typeOfData, todaysDate, pageInt, fileInt, pageDouble, fileDouble, dZO, dzoNum, filialNum): null

27-11-2024T10:34:51 - [TEST_STEP][PASSED] - println(dzoNum): null

27-11-2024T10:34:51 - [TEST_STEP][PASSED] - planFact = <not implemented yet for class: org.codehaus.groovy.ast.expr.EmptyExpression>: null

27-11-2024T10:34:51 - [TEST_STEP][PASSED] - page = <not implemented yet for class: org.codehaus.groovy.ast.expr.EmptyExpression>: null

27-11-2024T10:34:51 - [TEST_STEP][PASSED] - page1 = <not implemented yet for class: org.codehaus.groovy.ast.expr.EmptyExpression>: null

27-11-2024T10:34:51 - [TEST_STEP][PASSED] - page2 = <not implemented yet for class: org.codehaus.groovy.ast.expr.EmptyExpression>: null

27-11-2024T10:34:51 - [TEST_STEP][PASSED] - filialNumberInRow = <not implemented yet for class: org.codehaus.groovy.ast.expr.EmptyExpression>: null

27-11-2024T10:34:51 - [TEST_STEP][PASSED] - filialsDzoNames = <not implemented yet for class: org.codehaus.groovy.ast.expr.EmptyExpression>: null

27-11-2024T10:34:51 - [TEST_STEP][PASSED] - numberOfFilials = <not implemented yet for class: org.codehaus.groovy.ast.expr.EmptyExpression>: null

27-11-2024T10:34:51 - [TEST_STEP][PASSED] - numberOfSpaces = <not implemented yet for class: org.codehaus.groovy.ast.expr.EmptyExpression>: null

27-11-2024T10:34:51 - [TEST_STEP][PASSED] - file = <not implemented yet for class: org.codehaus.groovy.ast.expr.EmptyExpression>: null

27-11-2024T10:34:51 - [TEST_STEP][PASSED] - otpusk = <not implemented yet for class: org.codehaus.groovy.ast.expr.EmptyExpression>: null

27-11-2024T10:34:51 - [TEST_STEP][PASSED] - poteri = <not implemented yet for class: org.codehaus.groovy.ast.expr.EmptyExpression>: null

27-11-2024T10:34:51 - [TEST_STEP][PASSED] - dataFolder = "Выполнение бизнес-плана/Значения со страницы Выполнение бизнес-плана/": null

27-11-2024T10:34:51 - [TEST_STEP][PASSED] - path = <not implemented yet for class: org.codehaus.groovy.ast.expr.EmptyExpression>: null

27-11-2024T10:34:51 - [TEST_STEP][PASSED] - typeOfDataMain = <not implemented yet for class: org.codehaus.groovy.ast.expr.EmptyExpression>: null

27-11-2024T10:34:51 - [TEST_STEP][PASSED] - fileOtpuskVSet = <not implemented yet for class: org.codehaus.groovy.ast.expr.EmptyExpression>: null

27-11-2024T10:34:51 - [TEST_STEP][PASSED] - pageOtpuskVSet = <not implemented yet for class: org.codehaus.groovy.ast.expr.EmptyExpression>: null

27-11-2024T10:34:51 - [TEST_STEP][PASSED] - filePoteri = <not implemented yet for class: org.codehaus.groovy.ast.expr.EmptyExpression>: null

27-11-2024T10:34:51 - [TEST_STEP][PASSED] - pagePoteri = <not implemented yet for class: org.codehaus.groovy.ast.expr.EmptyExpression>: null

27-11-2024T10:34:51 - [TEST_STEP][PASSED] - compare = <not implemented yet for class: org.codehaus.groovy.ast.expr.EmptyExpression>: null

27-11-2024T10:34:51 - [TEST_STEP][PASSED] - b = <not implemented yet for class: org.codehaus.groovy.ast.expr.EmptyExpression>: null

27-11-2024T10:34:51 - [TEST_STEP][PASSED] - i = <not implemented yet for class: org.codehaus.groovy.ast.expr.EmptyExpression>: null

27-11-2024T10:34:51 - [TEST_STEP][PASSED] - ii = <not implemented yet for class: org.codehaus.groovy.ast.expr.EmptyExpression>: null

27-11-2024T10:34:51 - [TEST_STEP][PASSED] - c = <not implemented yet for class: org.codehaus.groovy.ast.expr.EmptyExpression>: null

27-11-2024T10:34:51 - [TEST_STEP][PASSED] - numberOfErrors = 0: null

27-11-2024T10:34:51 - [TEST_STEP][PASSED] - if (a == 82): null

27-11-2024T10:34:51 - [TEST_STEP][PASSED] - b = findTestData("PlanFact").getValue(1, a): null

27-11-2024T10:34:51 - [TEST_STEP][PASSED] - i = b.indexOf(" (ГК)"): null

27-11-2024T10:34:51 - [TEST_STEP][PASSED] - if (i > -1): null

27-11-2024T10:34:51 - [TEST_STEP][PASSED] - i = b.indexOf("О ""): null

27-11-2024T10:34:51 - [TEST_STEP][PASSED] - if (i > -1): null

27-11-2024T10:34:51 - [TEST_STEP][PASSED] - i = b.indexOf("О «"): null

27-11-2024T10:34:51 - [TEST_STEP][PASSED] - if (i > -1): null

27-11-2024T10:34:51 - [TEST_STEP][PASSED] - i = b.indexOf("г. "): null

27-11-2024T10:34:51 - [TEST_STEP][PASSED] - if (i > -1): null

27-11-2024T10:34:51 - [TEST_STEP][PASSED] - println(b): null

27-11-2024T10:34:51 - [TEST_STEP][PASSED] - for ([planFact = 1, planFact < 3, (planFact++)]): null

27-11-2024T10:34:51 - [TEST_STEP][PASSED] - if (planFact == 1): null

27-11-2024T10:34:51 - [TEST_STEP][PASSED] - typeOfDataMain = "Факт": null

27-11-2024T10:34:51 - [TEST_STEP][PASSED] - otpusk = findTestData("PlanFact").getValue(5, a): null

27-11-2024T10:34:51 - [TEST_STEP][PASSED] - poteri = findTestData("PlanFact").getValue(6, a): null

27-11-2024T10:34:51 - [TEST_STEP][PASSED] - otpusk = otpusk.replaceAll("\s+", ""): null

27-11-2024T10:34:51 - [TEST_STEP][PASSED] - poteri = poteri.replaceAll("\s+", ""): null

27-11-2024T10:34:51 - [TEST_STEP][PASSED] - typeOfData = typeOfDataMain + " Отпуск в сеть": null

27-11-2024T10:34:51 - [TEST_STEP][PASSED] - if (a == 82): null

27-11-2024T10:34:51 - [TEST_STEP][PASSED] - else if (a == 84): null

27-11-2024T10:34:51 - [TEST_STEP][PASSED] - else if (a == 52 || a == 72 || a == 28 || a == 73 || a == 77 || a == 74 || a == 65 || a == 36 || a == 44 || a == 53 || a == 80 || a == 54 || a == 1 || a == 18 || a == 59 || a == 81): null

27-11-2024T10:34:51 - [TEST_STEP][PASSED] - else: null

27-11-2024T10:34:51 - [TEST_STEP][PASSED] - path = dataFolder + typeOfData + " за отчётный период " + b: null

27-11-2024T10:34:51 - [TEST_STEP][PASSED] - println(path): null

27-11-2024T10:34:51 - [TEST_STEP][PASSED] - page = getText(findTestObject(path)): Text of object 'Object Repository/Выполнение бизнес-плана/Значения со страницы Выполнение бизнес-плана/Факт Отпуск в сеть за отчётный период Севкавказэнерго' is: '1 263 745'

27-11-2024T10:34:52 - [MESSAGE][PASSED] - Text of object 'Object Repository/Выполнение бизнес-плана/Значения со страницы Выполнение бизнес-плана/Факт Отпуск в сеть за отчётный период Севкавказэнерго' is: '1 263 745'

27-11-2024T10:34:52 - [TEST_STEP][PASSED] - page = page.replaceAll("\s+", ""): null

27-11-2024T10:34:52 - [TEST_STEP][PASSED] - fileOtpuskVSet = otpusk.toInteger(): null

27-11-2024T10:34:52 - [TEST_STEP][PASSED] - pageOtpuskVSet = page.toInteger(): null

27-11-2024T10:34:52 - [TEST_STEP][PASSED] - typeOfData = typeOfDataMain + " Потери": null

27-11-2024T10:34:52 - [TEST_STEP][PASSED] - if (a == 82): null

27-11-2024T10:34:52 - [TEST_STEP][PASSED] - else if (a == 84): null

27-11-2024T10:34:52 - [TEST_STEP][PASSED] - else if (a == 52 || a == 72 || a == 28 || a == 73 || a == 77 || a == 74 || a == 65 || a == 36 || a == 44 || a == 53 || a == 80 || a == 54 || a == 1 || a == 18 || a == 59 || a == 81): null

27-11-2024T10:34:52 - [TEST_STEP][PASSED] - else: null

27-11-2024T10:34:52 - [TEST_STEP][PASSED] - path = dataFolder + typeOfData + " за отчётный период " + b: null

27-11-2024T10:34:52 - [TEST_STEP][PASSED] - page = getText(findTestObject(path)): Text of object 'Object Repository/Выполнение бизнес-плана/Значения со страницы Выполнение бизнес-плана/Факт Потери за отчётный период Севкавказэнерго' is: '216 844'

27-11-2024T10:34:52 - [MESSAGE][PASSED] - Text of object 'Object Repository/Выполнение бизнес-плана/Значения со страницы Выполнение бизнес-плана/Факт Потери за отчётный период Севкавказэнерго' is: '216 844'

27-11-2024T10:34:52 - [TEST_STEP][PASSED] - page = page.replaceAll("\s+", ""): null

27-11-2024T10:34:52 - [TEST_STEP][PASSED] - filePoteri = poteri.toInteger(): null

27-11-2024T10:34:52 - [TEST_STEP][PASSED] - pagePoteri = page.toInteger(): null

27-11-2024T10:34:52 - [TEST_STEP][PASSED] - compare = pageOtpuskVSet: null

27-11-2024T10:34:52 - [TEST_STEP][PASSED] - if (compare == fileOtpuskVSet): null

27-11-2024T10:34:52 - [TEST_STEP][PASSED] - else if (compare > fileOtpuskVSet): null

27-11-2024T10:34:52 - [TEST_STEP][PASSED] - compare = compare - 1: null

27-11-2024T10:34:52 - [TEST_STEP][PASSED] - if (compare == fileOtpuskVSet): null

27-11-2024T10:34:52 - [TEST_STEP][PASSED] - else: null

27-11-2024T10:34:52 - [TEST_STEP][PASSED] - numberOfErrors = numberOfErrors + 1: null

27-11-2024T10:34:52 - [TEST_STEP][PASSED] - pageInt = pageOtpuskVSet: null

27-11-2024T10:34:52 - [TEST_STEP][PASSED] - fileInt = fileOtpuskVSet: null

27-11-2024T10:34:52 - [TEST_STEP][PASSED] - typeOfData = typeOfDataMain + " Отпуск в сеть": null

27-11-2024T10:34:52 - [TEST_STEP][PASSED] - Script1718980020443.WriteToExcel(a, typeOfData, todaysDate, pageInt, fileInt, pageDouble, fileDouble, dZO): null

27-11-2024T10:34:52 - [TEST_STEP][PASSED] - sheetName = "Sheet1": null

27-11-2024T10:34:52 - [TEST_STEP][PASSED] - data = findTestData("PlanFact"): null

27-11-2024T10:34:52 - [TEST_STEP][PASSED] - n = data.getRowNumbers() + 1: null

27-11-2024T10:34:52 - [TEST_STEP][PASSED] - year = todaysDate.substring(todaysDate.length() - 4, todaysDate.length()): null

27-11-2024T10:34:52 - [TEST_STEP][PASSED] - y = year.toInteger(): null

27-11-2024T10:34:52 - [TEST_STEP][PASSED] - m = getText(findTestObject("Выполнение бизнес-плана/Период")): Text of object 'Object Repository/Выполнение бизнес-плана/Период' is: '1, 2, 3 кв. 2024 года'

27-11-2024T10:34:52 - [MESSAGE][PASSED] - Text of object 'Object Repository/Выполнение бизнес-плана/Период' is: '1, 2, 3 кв. 2024 года'

27-11-2024T10:34:52 - [TEST_STEP][PASSED] - m = m.substring(0, m.indexOf("2024")): null

27-11-2024T10:34:52 - [TEST_STEP][PASSED] - m = m.trim(): null

27-11-2024T10:34:52 - [TEST_STEP][PASSED] - dashboardName = "Выполнение бизнес-плана": null

27-11-2024T10:34:52 - [TEST_STEP][PASSED] - workbook01 = getWorkbook(excelFilePath): null

27-11-2024T10:34:52 - [TEST_STEP][PASSED] - sheet01 = getExcelSheet(workbook01, sheetName): null

27-11-2024T10:34:52 - [TEST_STEP][PASSED] - setValueToCellByIndex(sheet01, n, 0, dashboardName): null

27-11-2024T10:34:52 - [TEST_STEP][PASSED] - setValueToCellByIndex(sheet01, n, 1, dZO): null

27-11-2024T10:34:52 - [TEST_STEP][PASSED] - setValueToCellByIndex(sheet01, n, 2, typeOfData): null

27-11-2024T10:34:52 - [TEST_STEP][PASSED] - if (typeOfData == "Факт в процентах" || typeOfData == "План в процентах"): null

27-11-2024T10:34:52 - [TEST_STEP][PASSED] - else: null

27-11-2024T10:34:52 - [TEST_STEP][PASSED] - setValueToCellByIndex(sheet01, n, 3, fileInt): null

27-11-2024T10:34:52 - [TEST_STEP][PASSED] - setValueToCellByIndex(sheet01, n, 4, pageInt): null

27-11-2024T10:34:52 - [TEST_STEP][PASSED] - setValueToCellByIndex(sheet01, n, 5, m): null

27-11-2024T10:34:52 - [TEST_STEP][PASSED] - setValueToCellByIndex(sheet01, n, 6, y): null

27-11-2024T10:34:52 - [TEST_STEP][PASSED] - setValueToCellByIndex(sheet01, n, 7, todaysDate): null

27-11-2024T10:34:52 - [TEST_STEP][PASSED] - n = n + 1: null

27-11-2024T10:34:52 - [TEST_STEP][PASSED] - saveWorkbook(excelFilePath, workbook01): null

27-11-2024T10:34:52 - [TEST_STEP][PASSED] - compare = pagePoteri: null

27-11-2024T10:34:52 - [TEST_STEP][PASSED] - if (compare == filePoteri): null

27-11-2024T10:34:52 - [TEST_STEP][PASSED] - else if (compare > filePoteri): null

27-11-2024T10:34:52 - [TEST_STEP][PASSED] - compare = compare - 1: null

27-11-2024T10:34:52 - [TEST_STEP][PASSED] - if (compare == filePoteri): null

27-11-2024T10:34:52 - [TEST_STEP][PASSED] - else: null

27-11-2024T10:34:52 - [TEST_STEP][PASSED] - numberOfErrors = numberOfErrors + 1: null

27-11-2024T10:34:52 - [TEST_STEP][PASSED] - pageInt = pagePoteri: null

27-11-2024T10:34:52 - [TEST_STEP][PASSED] - fileInt = filePoteri: null

27-11-2024T10:34:52 - [TEST_STEP][PASSED] - typeOfData = typeOfDataMain + " Потери": null

27-11-2024T10:34:52 - [TEST_STEP][PASSED] - Script1718980020443.WriteToExcel(a, typeOfData, todaysDate, pageInt, fileInt, pageDouble, fileDouble, dZO): null

27-11-2024T10:34:52 - [TEST_STEP][PASSED] - sheetName = "Sheet1": null

27-11-2024T10:34:52 - [TEST_STEP][PASSED] - data = findTestData("PlanFact"): null

27-11-2024T10:34:53 - [TEST_STEP][PASSED] - n = data.getRowNumbers() + 1: null

27-11-2024T10:34:53 - [TEST_STEP][PASSED] - year = todaysDate.substring(todaysDate.length() - 4, todaysDate.length()): null

27-11-2024T10:34:53 - [TEST_STEP][PASSED] - y = year.toInteger(): null

27-11-2024T10:34:53 - [TEST_STEP][PASSED] - m = getText(findTestObject("Выполнение бизнес-плана/Период")): Text of object 'Object Repository/Выполнение бизнес-плана/Период' is: '1, 2, 3 кв. 2024 года'

27-11-2024T10:34:53 - [MESSAGE][PASSED] - Text of object 'Object Repository/Выполнение бизнес-плана/Период' is: '1, 2, 3 кв. 2024 года'

27-11-2024T10:34:53 - [TEST_STEP][PASSED] - m = m.substring(0, m.indexOf("2024")): null

27-11-2024T10:34:53 - [TEST_STEP][PASSED] - m = m.trim(): null

27-11-2024T10:34:53 - [TEST_STEP][PASSED] - dashboardName = "Выполнение бизнес-плана": null

27-11-2024T10:34:53 - [TEST_STEP][PASSED] - workbook01 = getWorkbook(excelFilePath): null

27-11-2024T10:34:53 - [TEST_STEP][PASSED] - sheet01 = getExcelSheet(workbook01, sheetName): null

27-11-2024T10:34:53 - [TEST_STEP][PASSED] - setValueToCellByIndex(sheet01, n, 0, dashboardName): null

27-11-2024T10:34:53 - [TEST_STEP][PASSED] - setValueToCellByIndex(sheet01, n, 1, dZO): null

27-11-2024T10:34:53 - [TEST_STEP][PASSED] - setValueToCellByIndex(sheet01, n, 2, typeOfData): null

27-11-2024T10:34:53 - [TEST_STEP][PASSED] - if (typeOfData == "Факт в процентах" || typeOfData == "План в процентах"): null

27-11-2024T10:34:53 - [TEST_STEP][PASSED] - else: null

27-11-2024T10:34:53 - [TEST_STEP][PASSED] - setValueToCellByIndex(sheet01, n, 3, fileInt): null

27-11-2024T10:34:53 - [TEST_STEP][PASSED] - setValueToCellByIndex(sheet01, n, 4, pageInt): null

27-11-2024T10:34:53 - [TEST_STEP][PASSED] - setValueToCellByIndex(sheet01, n, 5, m): null

27-11-2024T10:34:53 - [TEST_STEP][PASSED] - setValueToCellByIndex(sheet01, n, 6, y): null

27-11-2024T10:34:53 - [TEST_STEP][PASSED] - setValueToCellByIndex(sheet01, n, 7, todaysDate): null

27-11-2024T10:34:53 - [TEST_STEP][PASSED] - n = n + 1: null

27-11-2024T10:34:53 - [TEST_STEP][PASSED] - saveWorkbook(excelFilePath, workbook01): null

27-11-2024T10:34:53 - [TEST_STEP][PASSED] - if (planFact == 2): null

27-11-2024T10:34:53 - [TEST_STEP][PASSED] - if (planFact == 1): null

27-11-2024T10:34:53 - [TEST_STEP][PASSED] - else if (planFact == 2): null

27-11-2024T10:34:53 - [TEST_STEP][PASSED] - click(findTestObject("Выполнение бизнес-плана/Кнопка План")): Object: 'Object Repository/Выполнение бизнес-плана/Кнопка План' is clicked on

27-11-2024T10:34:54 - [MESSAGE][PASSED] - Object: 'Object Repository/Выполнение бизнес-плана/Кнопка План' is clicked on

27-11-2024T10:34:54 - [TEST_STEP][PASSED] - typeOfDataMain = "План": null

27-11-2024T10:34:54 - [TEST_STEP][PASSED] - otpusk = findTestData("PlanFact").getValue(2, a): null

27-11-2024T10:34:54 - [TEST_STEP][PASSED] - poteri = findTestData("PlanFact").getValue(3, a): null

27-11-2024T10:34:54 - [TEST_STEP][PASSED] - otpusk = otpusk.replaceAll("\s+", ""): null

27-11-2024T10:34:54 - [TEST_STEP][PASSED] - poteri = poteri.replaceAll("\s+", ""): null

27-11-2024T10:34:54 - [TEST_STEP][PASSED] - typeOfData = typeOfDataMain + " Отпуск в сеть": null

27-11-2024T10:34:54 - [TEST_STEP][PASSED] - if (a == 82): null

27-11-2024T10:34:54 - [TEST_STEP][PASSED] - else if (a == 84): null

27-11-2024T10:34:54 - [TEST_STEP][PASSED] - else if (a == 52 || a == 72 || a == 28 || a == 73 || a == 77 || a == 74 || a == 65 || a == 36 || a == 44 || a == 53 || a == 80 || a == 54 || a == 1 || a == 18 || a == 59 || a == 81): null

27-11-2024T10:34:54 - [TEST_STEP][PASSED] - else: null

27-11-2024T10:34:54 - [TEST_STEP][PASSED] - path = dataFolder + typeOfData + " за отчётный период " + b: null

27-11-2024T10:34:54 - [TEST_STEP][PASSED] - println(path): null

27-11-2024T10:34:54 - [TEST_STEP][PASSED] - page = getText(findTestObject(path)): Text of object 'Object Repository/Выполнение бизнес-плана/Значения со страницы Выполнение бизнес-плана/План Отпуск в сеть за отчётный период Севкавказэнерго' is: '1 225 365'

27-11-2024T10:34:54 - [MESSAGE][PASSED] - Text of object 'Object Repository/Выполнение бизнес-плана/Значения со страницы Выполнение бизнес-плана/План Отпуск в сеть за отчётный период Севкавказэнерго' is: '1 225 365'

27-11-2024T10:34:54 - [TEST_STEP][PASSED] - page = page.replaceAll("\s+", ""): null

27-11-2024T10:34:54 - [TEST_STEP][PASSED] - fileOtpuskVSet = otpusk.toInteger(): null

27-11-2024T10:34:54 - [TEST_STEP][PASSED] - pageOtpuskVSet = page.toInteger(): null

27-11-2024T10:34:54 - [TEST_STEP][PASSED] - typeOfData = typeOfDataMain + " Потери": null

27-11-2024T10:34:54 - [TEST_STEP][PASSED] - if (a == 82): null

27-11-2024T10:34:54 - [TEST_STEP][PASSED] - else if (a == 84): null

27-11-2024T10:34:54 - [TEST_STEP][PASSED] - else if (a == 52 || a == 72 || a == 28 || a == 73 || a == 77 || a == 74 || a == 65 || a == 36 || a == 44 || a == 53 || a == 80 || a == 54 || a == 1 || a == 18 || a == 59 || a == 81): null

27-11-2024T10:34:54 - [TEST_STEP][PASSED] - else: null

27-11-2024T10:34:54 - [TEST_STEP][PASSED] - path = dataFolder + typeOfData + " за отчётный период " + b: null

27-11-2024T10:34:54 - [TEST_STEP][PASSED] - page = getText(findTestObject(path)): Text of object 'Object Repository/Выполнение бизнес-плана/Значения со страницы Выполнение бизнес-плана/План Потери за отчётный период Севкавказэнерго' is: '208 743'

27-11-2024T10:34:54 - [MESSAGE][PASSED] - Text of object 'Object Repository/Выполнение бизнес-плана/Значения со страницы Выполнение бизнес-плана/План Потери за отчётный период Севкавказэнерго' is: '208 743'

27-11-2024T10:34:54 - [TEST_STEP][PASSED] - page = page.replaceAll("\s+", ""): null

27-11-2024T10:34:54 - [TEST_STEP][PASSED] - filePoteri = poteri.toInteger(): null

27-11-2024T10:34:54 - [TEST_STEP][PASSED] - pagePoteri = page.toInteger(): null

27-11-2024T10:34:54 - [TEST_STEP][PASSED] - compare = pageOtpuskVSet: null

27-11-2024T10:34:54 - [TEST_STEP][PASSED] - if (compare == fileOtpuskVSet): null

27-11-2024T10:34:54 - [TEST_STEP][PASSED] - else if (compare > fileOtpuskVSet): null

27-11-2024T10:34:54 - [TEST_STEP][PASSED] - else if (compare < fileOtpuskVSet): null

27-11-2024T10:34:54 - [TEST_STEP][PASSED] - compare = compare + 1: null

27-11-2024T10:34:54 - [TEST_STEP][PASSED] - if (compare == fileOtpuskVSet): null

27-11-2024T10:34:54 - [TEST_STEP][PASSED] - else: null

27-11-2024T10:34:54 - [TEST_STEP][PASSED] - numberOfErrors = numberOfErrors + 1: null

27-11-2024T10:34:54 - [TEST_STEP][PASSED] - pageInt = pageOtpuskVSet: null

27-11-2024T10:34:54 - [TEST_STEP][PASSED] - fileInt = fileOtpuskVSet: null

27-11-2024T10:34:54 - [TEST_STEP][PASSED] - typeOfData = typeOfDataMain + " Отпуск в сеть": null

27-11-2024T10:34:54 - [TEST_STEP][PASSED] - Script1718980020443.WriteToExcel(a, typeOfData, todaysDate, pageInt, fileInt, pageDouble, fileDouble, dZO): null

27-11-2024T10:34:54 - [TEST_STEP][PASSED] - sheetName = "Sheet1": null

27-11-2024T10:34:54 - [TEST_STEP][PASSED] - data = findTestData("PlanFact"): null

27-11-2024T10:34:54 - [TEST_STEP][PASSED] - n = data.getRowNumbers() + 1: null

27-11-2024T10:34:54 - [TEST_STEP][PASSED] - year = todaysDate.substring(todaysDate.length() - 4, todaysDate.length()): null

27-11-2024T10:34:54 - [TEST_STEP][PASSED] - y = year.toInteger(): null

27-11-2024T10:34:54 - [TEST_STEP][PASSED] - m = getText(findTestObject("Выполнение бизнес-плана/Период")): Text of object 'Object Repository/Выполнение бизнес-плана/Период' is: '1, 2, 3 кв. 2024 года'

27-11-2024T10:34:55 - [MESSAGE][PASSED] - Text of object 'Object Repository/Выполнение бизнес-плана/Период' is: '1, 2, 3 кв. 2024 года'

27-11-2024T10:34:55 - [TEST_STEP][PASSED] - m = m.substring(0, m.indexOf("2024")): null

27-11-2024T10:34:55 - [TEST_STEP][PASSED] - m = m.trim(): null

27-11-2024T10:34:55 - [TEST_STEP][PASSED] - dashboardName = "Выполнение бизнес-плана": null

27-11-2024T10:34:55 - [TEST_STEP][PASSED] - workbook01 = getWorkbook(excelFilePath): null

27-11-2024T10:34:55 - [TEST_STEP][PASSED] - sheet01 = getExcelSheet(workbook01, sheetName): null

27-11-2024T10:34:55 - [TEST_STEP][PASSED] - setValueToCellByIndex(sheet01, n, 0, dashboardName): null

27-11-2024T10:34:55 - [TEST_STEP][PASSED] - setValueToCellByIndex(sheet01, n, 1, dZO): null

27-11-2024T10:34:55 - [TEST_STEP][PASSED] - setValueToCellByIndex(sheet01, n, 2, typeOfData): null

27-11-2024T10:34:55 - [TEST_STEP][PASSED] - if (typeOfData == "Факт в процентах" || typeOfData == "План в процентах"): null

27-11-2024T10:34:55 - [TEST_STEP][PASSED] - else: null

27-11-2024T10:34:55 - [TEST_STEP][PASSED] - setValueToCellByIndex(sheet01, n, 3, fileInt): null

27-11-2024T10:34:55 - [TEST_STEP][PASSED] - setValueToCellByIndex(sheet01, n, 4, pageInt): null

27-11-2024T10:34:55 - [TEST_STEP][PASSED] - setValueToCellByIndex(sheet01, n, 5, m): null

27-11-2024T10:34:55 - [TEST_STEP][PASSED] - setValueToCellByIndex(sheet01, n, 6, y): null

27-11-2024T10:34:55 - [TEST_STEP][PASSED] - setValueToCellByIndex(sheet01, n, 7, todaysDate): null

27-11-2024T10:34:55 - [TEST_STEP][PASSED] - n = n + 1: null

27-11-2024T10:34:55 - [TEST_STEP][PASSED] - saveWorkbook(excelFilePath, workbook01): null

27-11-2024T10:34:55 - [TEST_STEP][PASSED] - compare = pagePoteri: null

27-11-2024T10:34:55 - [TEST_STEP][PASSED] - if (compare == filePoteri): null

27-11-2024T10:34:55 - [TEST_STEP][PASSED] - else if (compare > filePoteri): null

27-11-2024T10:34:55 - [TEST_STEP][PASSED] - else if (compare < filePoteri): null

27-11-2024T10:34:55 - [TEST_STEP][PASSED] - compare = compare + 1: null

27-11-2024T10:34:55 - [TEST_STEP][PASSED] - if (compare == filePoteri): null

27-11-2024T10:34:55 - [TEST_STEP][PASSED] - else: null

27-11-2024T10:34:55 - [TEST_STEP][PASSED] - numberOfErrors = numberOfErrors + 1: null

27-11-2024T10:34:55 - [TEST_STEP][PASSED] - pageInt = pagePoteri: null

27-11-2024T10:34:55 - [TEST_STEP][PASSED] - fileInt = filePoteri: null

27-11-2024T10:34:55 - [TEST_STEP][PASSED] - typeOfData = typeOfDataMain + " Потери": null

27-11-2024T10:34:55 - [TEST_STEP][PASSED] - Script1718980020443.WriteToExcel(a, typeOfData, todaysDate, pageInt, fileInt, pageDouble, fileDouble, dZO): null

27-11-2024T10:34:55 - [TEST_STEP][PASSED] - sheetName = "Sheet1": null

27-11-2024T10:34:55 - [TEST_STEP][PASSED] - data = findTestData("PlanFact"): null

27-11-2024T10:34:55 - [TEST_STEP][PASSED] - n = data.getRowNumbers() + 1: null

27-11-2024T10:34:55 - [TEST_STEP][PASSED] - year = todaysDate.substring(todaysDate.length() - 4, todaysDate.length()): null

27-11-2024T10:34:55 - [TEST_STEP][PASSED] - y = year.toInteger(): null

27-11-2024T10:34:55 - [TEST_STEP][PASSED] - m = getText(findTestObject("Выполнение бизнес-плана/Период")): Text of object 'Object Repository/Выполнение бизнес-плана/Период' is: '1, 2, 3 кв. 2024 года'

27-11-2024T10:34:55 - [MESSAGE][PASSED] - Text of object 'Object Repository/Выполнение бизнес-плана/Период' is: '1, 2, 3 кв. 2024 года'

27-11-2024T10:34:55 - [TEST_STEP][PASSED] - m = m.substring(0, m.indexOf("2024")): null

27-11-2024T10:34:55 - [TEST_STEP][PASSED] - m = m.trim(): null

27-11-2024T10:34:55 - [TEST_STEP][PASSED] - dashboardName = "Выполнение бизнес-плана": null

27-11-2024T10:34:55 - [TEST_STEP][PASSED] - workbook01 = getWorkbook(excelFilePath): null

27-11-2024T10:34:55 - [TEST_STEP][PASSED] - sheet01 = getExcelSheet(workbook01, sheetName): null

27-11-2024T10:34:55 - [TEST_STEP][PASSED] - setValueToCellByIndex(sheet01, n, 0, dashboardName): null

27-11-2024T10:34:55 - [TEST_STEP][PASSED] - setValueToCellByIndex(sheet01, n, 1, dZO): null

27-11-2024T10:34:55 - [TEST_STEP][PASSED] - setValueToCellByIndex(sheet01, n, 2, typeOfData): null

27-11-2024T10:34:55 - [TEST_STEP][PASSED] - if (typeOfData == "Факт в процентах" || typeOfData == "План в процентах"): null

27-11-2024T10:34:55 - [TEST_STEP][PASSED] - else: null

27-11-2024T10:34:55 - [TEST_STEP][PASSED] - setValueToCellByIndex(sheet01, n, 3, fileInt): null

27-11-2024T10:34:55 - [TEST_STEP][PASSED] - setValueToCellByIndex(sheet01, n, 4, pageInt): null

27-11-2024T10:34:55 - [TEST_STEP][PASSED] - setValueToCellByIndex(sheet01, n, 5, m): null

27-11-2024T10:34:55 - [TEST_STEP][PASSED] - setValueToCellByIndex(sheet01, n, 6, y): null

27-11-2024T10:34:55 - [TEST_STEP][PASSED] - setValueToCellByIndex(sheet01, n, 7, todaysDate): null

27-11-2024T10:34:55 - [TEST_STEP][PASSED] - n = n + 1: null

27-11-2024T10:34:55 - [TEST_STEP][PASSED] - saveWorkbook(excelFilePath, workbook01): Object: 'Object Repository/Выполнение бизнес-плана/Кнопка Факт' is clicked on

27-11-2024T10:34:56 - [TEST_STEP][PASSED] - if (planFact == 2): Object: 'Object Repository/Выполнение бизнес-плана/Кнопка Факт' is clicked on

27-11-2024T10:34:56 - [TEST_STEP][PASSED] - click(findTestObject("Выполнение бизнес-плана/Кнопка Факт")): Object: 'Object Repository/Выполнение бизнес-плана/Кнопка Факт' is clicked on

27-11-2024T10:34:56 - [MESSAGE][PASSED] - Object: 'Object Repository/Выполнение бизнес-плана/Кнопка Факт' is clicked on

27-11-2024T10:34:56 - [TEST_STEP][PASSED] - if (a == 84 || a == 82): null

27-11-2024T10:34:56 - [TEST_STEP][PASSED] - else if (a == 52 || a == 72 || a == 28 || a == 73 || a == 77 || a == 74 || a == 65 || a == 36 || a == 44 || a == 53 || a == 80 || a == 54 || a == 1 || a == 18 || a == 59 || a == 81): null

27-11-2024T10:34:56 - [TEST_STEP][PASSED] - else: null

27-11-2024T10:34:56 - [TEST_STEP][PASSED] - page1 = getText(findTestObject("Object Repository/Выполнение бизнес-плана/spanPlan" + filialNum)): Text of object 'Object Repository/Выполнение бизнес-плана/spanPlan5' is: '17.04
|'

27-11-2024T10:34:56 - [MESSAGE][PASSED] - Text of object 'Object Repository/Выполнение бизнес-плана/spanPlan5' is: '17.04
|'

27-11-2024T10:34:56 - [TEST_STEP][PASSED] - page1 = page1.replace("|", ""): null

27-11-2024T10:34:56 - [TEST_STEP][PASSED] - page2 = getText(findTestObject("Object Repository/Выполнение бизнес-плана/spanFact" + filialNum)): Text of object 'Object Repository/Выполнение бизнес-плана/spanFact5' is: '17.16
|'

27-11-2024T10:34:57 - [MESSAGE][PASSED] - Text of object 'Object Repository/Выполнение бизнес-плана/spanFact5' is: '17.16
|'

27-11-2024T10:34:57 - [TEST_STEP][PASSED] - page2 = page2.replace("|", ""): null

27-11-2024T10:34:57 - [TEST_STEP][PASSED] - println("page1: " + page1): null

27-11-2024T10:34:57 - [TEST_STEP][PASSED] - println("page2: " + page2): null

27-11-2024T10:34:57 - [TEST_STEP][PASSED] - file = findTestData("PlanFact").getValue(4, a): null

27-11-2024T10:34:57 - [TEST_STEP][PASSED] - file = file.replace(",", "."): null

27-11-2024T10:34:57 - [TEST_STEP][PASSED] - println("file Plan: " + file): null

27-11-2024T10:34:57 - [TEST_STEP][PASSED] - typeOfData = "План в процентах": null

27-11-2024T10:34:57 - [TEST_STEP][PASSED] - fileDouble = file.toDouble(): null

27-11-2024T10:34:57 - [TEST_STEP][PASSED] - pageDouble = page1.toDouble(): null

27-11-2024T10:34:57 - [TEST_STEP][PASSED] - if (fileDouble != pageDouble): null

27-11-2024T10:34:57 - [TEST_STEP][PASSED] - numberOfErrors = numberOfErrors + 1: null

27-11-2024T10:34:57 - [TEST_STEP][PASSED] - Script1718980020443.WriteToExcel(a, typeOfData, todaysDate, pageInt, fileInt, pageDouble, fileDouble, dZO): null

27-11-2024T10:34:57 - [TEST_STEP][PASSED] - sheetName = "Sheet1": null

27-11-2024T10:34:57 - [TEST_STEP][PASSED] - data = findTestData("PlanFact"): null

27-11-2024T10:34:57 - [TEST_STEP][PASSED] - n = data.getRowNumbers() + 1: null

27-11-2024T10:34:57 - [TEST_STEP][PASSED] - year = todaysDate.substring(todaysDate.length() - 4, todaysDate.length()): null

27-11-2024T10:34:57 - [TEST_STEP][PASSED] - y = year.toInteger(): null

27-11-2024T10:34:57 - [TEST_STEP][PASSED] - m = getText(findTestObject("Выполнение бизнес-плана/Период")): Text of object 'Object Repository/Выполнение бизнес-плана/Период' is: '1, 2, 3 кв. 2024 года'

27-11-2024T10:34:57 - [MESSAGE][PASSED] - Text of object 'Object Repository/Выполнение бизнес-плана/Период' is: '1, 2, 3 кв. 2024 года'

27-11-2024T10:34:57 - [TEST_STEP][PASSED] - m = m.substring(0, m.indexOf("2024")): null

27-11-2024T10:34:57 - [TEST_STEP][PASSED] - m = m.trim(): null

27-11-2024T10:34:57 - [TEST_STEP][PASSED] - dashboardName = "Выполнение бизнес-плана": null

27-11-2024T10:34:57 - [TEST_STEP][PASSED] - workbook01 = getWorkbook(excelFilePath): null

27-11-2024T10:34:57 - [TEST_STEP][PASSED] - sheet01 = getExcelSheet(workbook01, sheetName): null

27-11-2024T10:34:57 - [TEST_STEP][PASSED] - setValueToCellByIndex(sheet01, n, 0, dashboardName): null

27-11-2024T10:34:57 - [TEST_STEP][PASSED] - setValueToCellByIndex(sheet01, n, 1, dZO): null

27-11-2024T10:34:57 - [TEST_STEP][PASSED] - setValueToCellByIndex(sheet01, n, 2, typeOfData): null

27-11-2024T10:34:57 - [TEST_STEP][PASSED] - if (typeOfData == "Факт в процентах" || typeOfData == "План в процентах"): null

27-11-2024T10:34:57 - [TEST_STEP][PASSED] - setValueToCellByIndex(sheet01, n, 3, fileDouble): null

27-11-2024T10:34:57 - [TEST_STEP][PASSED] - setValueToCellByIndex(sheet01, n, 4, pageDouble): null

27-11-2024T10:34:57 - [TEST_STEP][PASSED] - setValueToCellByIndex(sheet01, n, 5, m): null

27-11-2024T10:34:57 - [TEST_STEP][PASSED] - setValueToCellByIndex(sheet01, n, 6, y): null

27-11-2024T10:34:57 - [TEST_STEP][PASSED] - setValueToCellByIndex(sheet01, n, 7, todaysDate): null

27-11-2024T10:34:57 - [TEST_STEP][PASSED] - n = n + 1: null

27-11-2024T10:34:57 - [TEST_STEP][PASSED] - saveWorkbook(excelFilePath, workbook01): null

27-11-2024T10:34:57 - [TEST_STEP][PASSED] - file = findTestData("PlanFact").getValue(7, a): null

27-11-2024T10:34:57 - [TEST_STEP][PASSED] - file = file.replace(",", "."): null

27-11-2024T10:34:57 - [TEST_STEP][PASSED] - println("file Fact: " + file): null

27-11-2024T10:34:57 - [TEST_STEP][PASSED] - fileDouble = file.toDouble(): null

27-11-2024T10:34:57 - [TEST_STEP][PASSED] - typeOfData = "Факт в процентах": null

27-11-2024T10:34:57 - [TEST_STEP][PASSED] - fileDouble = file.toDouble(): null

27-11-2024T10:34:57 - [TEST_STEP][PASSED] - pageDouble = page2.toDouble(): null

27-11-2024T10:34:57 - [TEST_STEP][PASSED] - if (fileDouble != pageDouble): null

27-11-2024T10:34:57 - [TEST_STEP][PASSED] - numberOfErrors = numberOfErrors + 1: null

27-11-2024T10:34:57 - [TEST_STEP][PASSED] - Script1718980020443.WriteToExcel(a, typeOfData, todaysDate, pageInt, fileInt, pageDouble, fileDouble, dZO): null

27-11-2024T10:34:57 - [TEST_STEP][PASSED] - sheetName = "Sheet1": null

27-11-2024T10:34:57 - [TEST_STEP][PASSED] - data = findTestData("PlanFact"): null

27-11-2024T10:34:57 - [TEST_STEP][PASSED] - n = data.getRowNumbers() + 1: null

27-11-2024T10:34:57 - [TEST_STEP][PASSED] - year = todaysDate.substring(todaysDate.length() - 4, todaysDate.length()): null

27-11-2024T10:34:57 - [TEST_STEP][PASSED] - y = year.toInteger(): null

27-11-2024T10:34:57 - [TEST_STEP][PASSED] - m = getText(findTestObject("Выполнение бизнес-плана/Период")): Text of object 'Object Repository/Выполнение бизнес-плана/Период' is: '1, 2, 3 кв. 2024 года'

27-11-2024T10:34:58 - [MESSAGE][PASSED] - Text of object 'Object Repository/Выполнение бизнес-плана/Период' is: '1, 2, 3 кв. 2024 года'

27-11-2024T10:34:58 - [TEST_STEP][PASSED] - m = m.substring(0, m.indexOf("2024")): null

27-11-2024T10:34:58 - [TEST_STEP][PASSED] - m = m.trim(): null

27-11-2024T10:34:58 - [TEST_STEP][PASSED] - dashboardName = "Выполнение бизнес-плана": null

27-11-2024T10:34:58 - [TEST_STEP][PASSED] - workbook01 = getWorkbook(excelFilePath): null

27-11-2024T10:34:58 - [TEST_STEP][PASSED] - sheet01 = getExcelSheet(workbook01, sheetName): null

27-11-2024T10:34:58 - [TEST_STEP][PASSED] - setValueToCellByIndex(sheet01, n, 0, dashboardName): null

27-11-2024T10:34:58 - [TEST_STEP][PASSED] - setValueToCellByIndex(sheet01, n, 1, dZO): null

27-11-2024T10:34:58 - [TEST_STEP][PASSED] - setValueToCellByIndex(sheet01, n, 2, typeOfData): null

27-11-2024T10:34:58 - [TEST_STEP][PASSED] - if (typeOfData == "Факт в процентах" || typeOfData == "План в процентах"): null

27-11-2024T10:34:58 - [TEST_STEP][PASSED] - setValueToCellByIndex(sheet01, n, 3, fileDouble): null

27-11-2024T10:34:58 - [TEST_STEP][PASSED] - setValueToCellByIndex(sheet01, n, 4, pageDouble): null

27-11-2024T10:34:58 - [TEST_STEP][PASSED] - setValueToCellByIndex(sheet01, n, 5, m): null

27-11-2024T10:34:58 - [TEST_STEP][PASSED] - setValueToCellByIndex(sheet01, n, 6, y): null

27-11-2024T10:34:58 - [TEST_STEP][PASSED] - setValueToCellByIndex(sheet01, n, 7, todaysDate): null

27-11-2024T10:34:58 - [TEST_STEP][PASSED] - n = n + 1: null

27-11-2024T10:34:58 - [TEST_STEP][PASSED] - saveWorkbook(excelFilePath, workbook01): null

27-11-2024T10:34:58 - [TEST_STEP][FAILED] - if (verifyEqual(numberOfErrors, 0) == false): null

27-11-2024T10:34:58 - [MESSAGE][FAILED] - Unable to verify equal between actual object '6' and expected object '0' (Root cause: com.kms.katalon.core.exception.StepFailedException: Actual object '6' and expected object '0' are not equal
	at com.kms.katalon.core.keyword.builtin.VerifyEqualKeyword$_verifyEqual_closure1.doCall(VerifyEqualKeyword.groovy:58)
	at com.kms.katalon.core.keyword.builtin.VerifyEqualKeyword$_verifyEqual_closure1.call(VerifyEqualKeyword.groovy)
	at com.kms.katalon.core.keyword.internal.KeywordMain.runKeyword(KeywordMain.groovy:75)
	at com.kms.katalon.core.keyword.builtin.VerifyEqualKeyword.verifyEqual(VerifyEqualKeyword.groovy:63)
	at com.kms.katalon.core.keyword.builtin.VerifyEqualKeyword.execute(VerifyEqualKeyword.groovy:44)
	at com.kms.katalon.core.keyword.internal.KeywordExecutor.executeKeywordForPlatform(KeywordExecutor.groovy:74)
	at com.kms.katalon.core.keyword.BuiltinKeywords.verifyEqual(BuiltinKeywords.groovy:146)
	at java.base/jdk.internal.reflect.NativeMethodAccessorImpl.invoke0(Native Method)
	at java.base/jdk.internal.reflect.NativeMethodAccessorImpl.invoke(NativeMethodAccessorImpl.java:77)
	at java.base/jdk.internal.reflect.DelegatingMethodAccessorImpl.invoke(DelegatingMethodAccessorImpl.java:43)
	at Выполнение бизнес-плана Сверка ПАО Россети все филиалы.Numbers(Выполнение бизнес-плана Сверка ПАО Россети все филиалы:740)
	at Выполнение бизнес-плана Сверка ПАО Россети все филиалы.Filials(Выполнение бизнес-плана Сверка ПАО Россети все филиалы:1123)
	at Выполнение бизнес-плана Сверка ПАО Россети все филиалы.Numbers(Выполнение бизнес-плана Сверка ПАО Россети все филиалы:745)
	at Выполнение бизнес-плана Сверка ПАО Россети все филиалы.run(Выполнение бизнес-плана Сверка ПАО Россети все филиалы:304)
	at com.kms.katalon.core.main.ScriptEngine.run(ScriptEngine.java:194)
	at com.kms.katalon.core.main.ScriptEngine.runScriptAsRawText(ScriptEngine.java:119)
	at com.kms.katalon.core.main.TestCaseExecutor.runScript(TestCaseExecutor.java:448)
	at com.kms.katalon.core.main.TestCaseExecutor.doExecute(TestCaseExecutor.java:439)
	at com.kms.katalon.core.main.TestCaseExecutor.processExecutionPhase(TestCaseExecutor.java:418)
	at com.kms.katalon.core.main.TestCaseExecutor.accessMainPhase(TestCaseExecutor.java:410)
	at com.kms.katalon.core.main.TestCaseExecutor.execute(TestCaseExecutor.java:285)
	at com.kms.katalon.core.common.CommonExecutor.accessTestCaseMainPhase(CommonExecutor.java:65)
	at com.kms.katalon.core.main.TestSuiteExecutor.accessTestSuiteMainPhase(TestSuiteExecutor.java:150)
	at com.kms.katalon.core.main.TestSuiteExecutor.execute(TestSuiteExecutor.java:106)
	at com.kms.katalon.core.main.TestCaseMain.startTestSuite(TestCaseMain.java:180)
	at TempTestSuite1732692359995.run(TempTestSuite1732692359995.groovy:35)
	at java.base/jdk.internal.reflect.NativeMethodAccessorImpl.invoke0(Native Method)
	at java.base/jdk.internal.reflect.NativeMethodAccessorImpl.invoke(NativeMethodAccessorImpl.java:77)
	at java.base/jdk.internal.reflect.DelegatingMethodAccessorImpl.invoke(DelegatingMethodAccessorImpl.java:43)
)

27-11-2024T10:34:58 - [TEST_STEP][PASSED] - println(numberOfErrors): null

27-11-2024T10:34:58 - [TEST_STEP][PASSED] - if (a == 28 || a == 77 || a == 74 || a == 65 || a == 36 || a == 44 || a == 54 || a == 1 || a == 18 || a == 59): null

27-11-2024T10:34:58 - [TEST_STEP][PASSED] - if (a == 82): null

27-11-2024T10:34:58 - [TEST_STEP][PASSED] - dZO = "Ставропольэнерго": null

27-11-2024T10:34:58 - [TEST_STEP][PASSED] - a = 69: null

27-11-2024T10:34:58 - [TEST_STEP][PASSED] - if (x2.contains(dZO)): null

27-11-2024T10:34:58 - [TEST_STEP][PASSED] - filialNum = filialNum + 1: null

27-11-2024T10:34:58 - [TEST_STEP][PASSED] - Script1718980020443.Numbers(a, typeOfData, todaysDate, pageInt, fileInt, pageDouble, fileDouble, dZO, dzoNum, filialNum): null

27-11-2024T10:34:58 - [TEST_STEP][PASSED] - println(dzoNum): null

27-11-2024T10:34:58 - [TEST_STEP][PASSED] - planFact = <not implemented yet for class: org.codehaus.groovy.ast.expr.EmptyExpression>: null

27-11-2024T10:34:58 - [TEST_STEP][PASSED] - page = <not implemented yet for class: org.codehaus.groovy.ast.expr.EmptyExpression>: null

27-11-2024T10:34:58 - [TEST_STEP][PASSED] - page1 = <not implemented yet for class: org.codehaus.groovy.ast.expr.EmptyExpression>: null

27-11-2024T10:34:58 - [TEST_STEP][PASSED] - page2 = <not implemented yet for class: org.codehaus.groovy.ast.expr.EmptyExpression>: null

27-11-2024T10:34:58 - [TEST_STEP][PASSED] - filialNumberInRow = <not implemented yet for class: org.codehaus.groovy.ast.expr.EmptyExpression>: null

27-11-2024T10:34:58 - [TEST_STEP][PASSED] - filialsDzoNames = <not implemented yet for class: org.codehaus.groovy.ast.expr.EmptyExpression>: null

27-11-2024T10:34:58 - [TEST_STEP][PASSED] - numberOfFilials = <not implemented yet for class: org.codehaus.groovy.ast.expr.EmptyExpression>: null

27-11-2024T10:34:58 - [TEST_STEP][PASSED] - numberOfSpaces = <not implemented yet for class: org.codehaus.groovy.ast.expr.EmptyExpression>: null

27-11-2024T10:34:58 - [TEST_STEP][PASSED] - file = <not implemented yet for class: org.codehaus.groovy.ast.expr.EmptyExpression>: null

27-11-2024T10:34:58 - [TEST_STEP][PASSED] - otpusk = <not implemented yet for class: org.codehaus.groovy.ast.expr.EmptyExpression>: null

27-11-2024T10:34:58 - [TEST_STEP][PASSED] - poteri = <not implemented yet for class: org.codehaus.groovy.ast.expr.EmptyExpression>: null

27-11-2024T10:34:58 - [TEST_STEP][PASSED] - dataFolder = "Выполнение бизнес-плана/Значения со страницы Выполнение бизнес-плана/": null

27-11-2024T10:34:58 - [TEST_STEP][PASSED] - path = <not implemented yet for class: org.codehaus.groovy.ast.expr.EmptyExpression>: null

27-11-2024T10:34:58 - [TEST_STEP][PASSED] - typeOfDataMain = <not implemented yet for class: org.codehaus.groovy.ast.expr.EmptyExpression>: null

27-11-2024T10:34:58 - [TEST_STEP][PASSED] - fileOtpuskVSet = <not implemented yet for class: org.codehaus.groovy.ast.expr.EmptyExpression>: null

27-11-2024T10:34:58 - [TEST_STEP][PASSED] - pageOtpuskVSet = <not implemented yet for class: org.codehaus.groovy.ast.expr.EmptyExpression>: null

27-11-2024T10:34:58 - [TEST_STEP][PASSED] - filePoteri = <not implemented yet for class: org.codehaus.groovy.ast.expr.EmptyExpression>: null

27-11-2024T10:34:58 - [TEST_STEP][PASSED] - pagePoteri = <not implemented yet for class: org.codehaus.groovy.ast.expr.EmptyExpression>: null

27-11-2024T10:34:58 - [TEST_STEP][PASSED] - compare = <not implemented yet for class: org.codehaus.groovy.ast.expr.EmptyExpression>: null

27-11-2024T10:34:58 - [TEST_STEP][PASSED] - b = <not implemented yet for class: org.codehaus.groovy.ast.expr.EmptyExpression>: null

27-11-2024T10:34:58 - [TEST_STEP][PASSED] - i = <not implemented yet for class: org.codehaus.groovy.ast.expr.EmptyExpression>: null

27-11-2024T10:34:58 - [TEST_STEP][PASSED] - ii = <not implemented yet for class: org.codehaus.groovy.ast.expr.EmptyExpression>: null

27-11-2024T10:34:58 - [TEST_STEP][PASSED] - c = <not implemented yet for class: org.codehaus.groovy.ast.expr.EmptyExpression>: null

27-11-2024T10:34:58 - [TEST_STEP][PASSED] - numberOfErrors = 0: null

27-11-2024T10:34:58 - [TEST_STEP][PASSED] - if (a == 82): null

27-11-2024T10:34:58 - [TEST_STEP][PASSED] - b = findTestData("PlanFact").getValue(1, a): null

27-11-2024T10:34:58 - [TEST_STEP][PASSED] - i = b.indexOf(" (ГК)"): null

27-11-2024T10:34:58 - [TEST_STEP][PASSED] - if (i > -1): null

27-11-2024T10:34:58 - [TEST_STEP][PASSED] - i = b.indexOf("О ""): null

27-11-2024T10:34:58 - [TEST_STEP][PASSED] - if (i > -1): null

27-11-2024T10:34:58 - [TEST_STEP][PASSED] - i = b.indexOf("О «"): null

27-11-2024T10:34:58 - [TEST_STEP][PASSED] - if (i > -1): null

27-11-2024T10:34:58 - [TEST_STEP][PASSED] - i = b.indexOf("г. "): null

27-11-2024T10:34:58 - [TEST_STEP][PASSED] - if (i > -1): null

27-11-2024T10:34:58 - [TEST_STEP][PASSED] - println(b): null

27-11-2024T10:34:58 - [TEST_STEP][PASSED] - for ([planFact = 1, planFact < 3, (planFact++)]): null

27-11-2024T10:34:58 - [TEST_STEP][PASSED] - if (planFact == 1): null

27-11-2024T10:34:58 - [TEST_STEP][PASSED] - typeOfDataMain = "Факт": null

27-11-2024T10:34:58 - [TEST_STEP][PASSED] - otpusk = findTestData("PlanFact").getValue(5, a): null

27-11-2024T10:34:58 - [TEST_STEP][PASSED] - poteri = findTestData("PlanFact").getValue(6, a): null

27-11-2024T10:34:58 - [TEST_STEP][PASSED] - otpusk = otpusk.replaceAll("\s+", ""): null

27-11-2024T10:34:58 - [TEST_STEP][PASSED] - poteri = poteri.replaceAll("\s+", ""): null

27-11-2024T10:34:58 - [TEST_STEP][PASSED] - typeOfData = typeOfDataMain + " Отпуск в сеть": null

27-11-2024T10:34:58 - [TEST_STEP][PASSED] - if (a == 82): null

27-11-2024T10:34:58 - [TEST_STEP][PASSED] - else if (a == 84): null

27-11-2024T10:34:58 - [TEST_STEP][PASSED] - else if (a == 52 || a == 72 || a == 28 || a == 73 || a == 77 || a == 74 || a == 65 || a == 36 || a == 44 || a == 53 || a == 80 || a == 54 || a == 1 || a == 18 || a == 59 || a == 81): null

27-11-2024T10:34:58 - [TEST_STEP][PASSED] - else: null

27-11-2024T10:34:58 - [TEST_STEP][PASSED] - path = dataFolder + typeOfData + " за отчётный период " + b: null

27-11-2024T10:34:58 - [TEST_STEP][PASSED] - println(path): null

27-11-2024T10:34:58 - [TEST_STEP][PASSED] - page = getText(findTestObject(path)): Text of object 'Object Repository/Выполнение бизнес-плана/Значения со страницы Выполнение бизнес-плана/Факт Отпуск в сеть за отчётный период Ставропольэнерго' is: '6 256 622'

27-11-2024T10:34:58 - [MESSAGE][PASSED] - Text of object 'Object Repository/Выполнение бизнес-плана/Значения со страницы Выполнение бизнес-плана/Факт Отпуск в сеть за отчётный период Ставропольэнерго' is: '6 256 622'

27-11-2024T10:34:58 - [TEST_STEP][PASSED] - page = page.replaceAll("\s+", ""): null

27-11-2024T10:34:58 - [TEST_STEP][PASSED] - fileOtpuskVSet = otpusk.toInteger(): null

27-11-2024T10:34:58 - [TEST_STEP][PASSED] - pageOtpuskVSet = page.toInteger(): null

27-11-2024T10:34:58 - [TEST_STEP][PASSED] - typeOfData = typeOfDataMain + " Потери": null

27-11-2024T10:34:58 - [TEST_STEP][PASSED] - if (a == 82): null

27-11-2024T10:34:58 - [TEST_STEP][PASSED] - else if (a == 84): null

27-11-2024T10:34:58 - [TEST_STEP][PASSED] - else if (a == 52 || a == 72 || a == 28 || a == 73 || a == 77 || a == 74 || a == 65 || a == 36 || a == 44 || a == 53 || a == 80 || a == 54 || a == 1 || a == 18 || a == 59 || a == 81): null

27-11-2024T10:34:58 - [TEST_STEP][PASSED] - else: null

27-11-2024T10:34:58 - [TEST_STEP][PASSED] - path = dataFolder + typeOfData + " за отчётный период " + b: null

27-11-2024T10:34:58 - [TEST_STEP][PASSED] - page = getText(findTestObject(path)): Text of object 'Object Repository/Выполнение бизнес-плана/Значения со страницы Выполнение бизнес-плана/Факт Потери за отчётный период Ставропольэнерго' is: '526 379'

27-11-2024T10:34:59 - [MESSAGE][PASSED] - Text of object 'Object Repository/Выполнение бизнес-плана/Значения со страницы Выполнение бизнес-плана/Факт Потери за отчётный период Ставропольэнерго' is: '526 379'

27-11-2024T10:34:59 - [TEST_STEP][PASSED] - page = page.replaceAll("\s+", ""): null

27-11-2024T10:34:59 - [TEST_STEP][PASSED] - filePoteri = poteri.toInteger(): null

27-11-2024T10:34:59 - [TEST_STEP][PASSED] - pagePoteri = page.toInteger(): null

27-11-2024T10:34:59 - [TEST_STEP][PASSED] - compare = pageOtpuskVSet: null

27-11-2024T10:34:59 - [TEST_STEP][PASSED] - if (compare == fileOtpuskVSet): null

27-11-2024T10:34:59 - [TEST_STEP][PASSED] - else if (compare > fileOtpuskVSet): null

27-11-2024T10:34:59 - [TEST_STEP][PASSED] - compare = compare - 1: null

27-11-2024T10:34:59 - [TEST_STEP][PASSED] - if (compare == fileOtpuskVSet): null

27-11-2024T10:34:59 - [TEST_STEP][PASSED] - else: null

27-11-2024T10:34:59 - [TEST_STEP][PASSED] - numberOfErrors = numberOfErrors + 1: null

27-11-2024T10:34:59 - [TEST_STEP][PASSED] - pageInt = pageOtpuskVSet: null

27-11-2024T10:34:59 - [TEST_STEP][PASSED] - fileInt = fileOtpuskVSet: null

27-11-2024T10:34:59 - [TEST_STEP][PASSED] - typeOfData = typeOfDataMain + " Отпуск в сеть": null

27-11-2024T10:34:59 - [TEST_STEP][PASSED] - Script1718980020443.WriteToExcel(a, typeOfData, todaysDate, pageInt, fileInt, pageDouble, fileDouble, dZO): null

27-11-2024T10:34:59 - [TEST_STEP][PASSED] - sheetName = "Sheet1": null

27-11-2024T10:34:59 - [TEST_STEP][PASSED] - data = findTestData("PlanFact"): null

27-11-2024T10:34:59 - [TEST_STEP][PASSED] - n = data.getRowNumbers() + 1: null

27-11-2024T10:34:59 - [TEST_STEP][PASSED] - year = todaysDate.substring(todaysDate.length() - 4, todaysDate.length()): null

27-11-2024T10:34:59 - [TEST_STEP][PASSED] - y = year.toInteger(): null

27-11-2024T10:34:59 - [TEST_STEP][PASSED] - m = getText(findTestObject("Выполнение бизнес-плана/Период")): Text of object 'Object Repository/Выполнение бизнес-плана/Период' is: '1, 2, 3 кв. 2024 года'

27-11-2024T10:34:59 - [MESSAGE][PASSED] - Text of object 'Object Repository/Выполнение бизнес-плана/Период' is: '1, 2, 3 кв. 2024 года'

27-11-2024T10:34:59 - [TEST_STEP][PASSED] - m = m.substring(0, m.indexOf("2024")): null

27-11-2024T10:34:59 - [TEST_STEP][PASSED] - m = m.trim(): null

27-11-2024T10:34:59 - [TEST_STEP][PASSED] - dashboardName = "Выполнение бизнес-плана": null

27-11-2024T10:34:59 - [TEST_STEP][PASSED] - workbook01 = getWorkbook(excelFilePath): null

27-11-2024T10:34:59 - [TEST_STEP][PASSED] - sheet01 = getExcelSheet(workbook01, sheetName): null

27-11-2024T10:34:59 - [TEST_STEP][PASSED] - setValueToCellByIndex(sheet01, n, 0, dashboardName): null

27-11-2024T10:34:59 - [TEST_STEP][PASSED] - setValueToCellByIndex(sheet01, n, 1, dZO): null

27-11-2024T10:34:59 - [TEST_STEP][PASSED] - setValueToCellByIndex(sheet01, n, 2, typeOfData): null

27-11-2024T10:34:59 - [TEST_STEP][PASSED] - if (typeOfData == "Факт в процентах" || typeOfData == "План в процентах"): null

27-11-2024T10:34:59 - [TEST_STEP][PASSED] - else: null

27-11-2024T10:34:59 - [TEST_STEP][PASSED] - setValueToCellByIndex(sheet01, n, 3, fileInt): null

27-11-2024T10:34:59 - [TEST_STEP][PASSED] - setValueToCellByIndex(sheet01, n, 4, pageInt): null

27-11-2024T10:34:59 - [TEST_STEP][PASSED] - setValueToCellByIndex(sheet01, n, 5, m): null

27-11-2024T10:34:59 - [TEST_STEP][PASSED] - setValueToCellByIndex(sheet01, n, 6, y): null

27-11-2024T10:34:59 - [TEST_STEP][PASSED] - setValueToCellByIndex(sheet01, n, 7, todaysDate): null

27-11-2024T10:34:59 - [TEST_STEP][PASSED] - n = n + 1: null

27-11-2024T10:34:59 - [TEST_STEP][PASSED] - saveWorkbook(excelFilePath, workbook01): null

27-11-2024T10:34:59 - [TEST_STEP][PASSED] - compare = pagePoteri: null

27-11-2024T10:34:59 - [TEST_STEP][PASSED] - if (compare == filePoteri): null

27-11-2024T10:34:59 - [TEST_STEP][PASSED] - else if (compare > filePoteri): null

27-11-2024T10:34:59 - [TEST_STEP][PASSED] - compare = compare - 1: null

27-11-2024T10:34:59 - [TEST_STEP][PASSED] - if (compare == filePoteri): null

27-11-2024T10:34:59 - [TEST_STEP][PASSED] - else: null

27-11-2024T10:34:59 - [TEST_STEP][PASSED] - numberOfErrors = numberOfErrors + 1: null

27-11-2024T10:34:59 - [TEST_STEP][PASSED] - pageInt = pagePoteri: null

27-11-2024T10:34:59 - [TEST_STEP][PASSED] - fileInt = filePoteri: null

27-11-2024T10:34:59 - [TEST_STEP][PASSED] - typeOfData = typeOfDataMain + " Потери": null

27-11-2024T10:34:59 - [TEST_STEP][PASSED] - Script1718980020443.WriteToExcel(a, typeOfData, todaysDate, pageInt, fileInt, pageDouble, fileDouble, dZO): null

27-11-2024T10:34:59 - [TEST_STEP][PASSED] - sheetName = "Sheet1": null

27-11-2024T10:34:59 - [TEST_STEP][PASSED] - data = findTestData("PlanFact"): null

27-11-2024T10:34:59 - [TEST_STEP][PASSED] - n = data.getRowNumbers() + 1: null

27-11-2024T10:34:59 - [TEST_STEP][PASSED] - year = todaysDate.substring(todaysDate.length() - 4, todaysDate.length()): null

27-11-2024T10:34:59 - [TEST_STEP][PASSED] - y = year.toInteger(): null

27-11-2024T10:34:59 - [TEST_STEP][PASSED] - m = getText(findTestObject("Выполнение бизнес-плана/Период")): Text of object 'Object Repository/Выполнение бизнес-плана/Период' is: '1, 2, 3 кв. 2024 года'

27-11-2024T10:35:00 - [MESSAGE][PASSED] - Text of object 'Object Repository/Выполнение бизнес-плана/Период' is: '1, 2, 3 кв. 2024 года'

27-11-2024T10:35:00 - [TEST_STEP][PASSED] - m = m.substring(0, m.indexOf("2024")): null

27-11-2024T10:35:00 - [TEST_STEP][PASSED] - m = m.trim(): null

27-11-2024T10:35:00 - [TEST_STEP][PASSED] - dashboardName = "Выполнение бизнес-плана": null

27-11-2024T10:35:00 - [TEST_STEP][PASSED] - workbook01 = getWorkbook(excelFilePath): null

27-11-2024T10:35:00 - [TEST_STEP][PASSED] - sheet01 = getExcelSheet(workbook01, sheetName): null

27-11-2024T10:35:00 - [TEST_STEP][PASSED] - setValueToCellByIndex(sheet01, n, 0, dashboardName): null

27-11-2024T10:35:00 - [TEST_STEP][PASSED] - setValueToCellByIndex(sheet01, n, 1, dZO): null

27-11-2024T10:35:00 - [TEST_STEP][PASSED] - setValueToCellByIndex(sheet01, n, 2, typeOfData): null

27-11-2024T10:35:00 - [TEST_STEP][PASSED] - if (typeOfData == "Факт в процентах" || typeOfData == "План в процентах"): null

27-11-2024T10:35:00 - [TEST_STEP][PASSED] - else: null

27-11-2024T10:35:00 - [TEST_STEP][PASSED] - setValueToCellByIndex(sheet01, n, 3, fileInt): null

27-11-2024T10:35:00 - [TEST_STEP][PASSED] - setValueToCellByIndex(sheet01, n, 4, pageInt): null

27-11-2024T10:35:00 - [TEST_STEP][PASSED] - setValueToCellByIndex(sheet01, n, 5, m): null

27-11-2024T10:35:00 - [TEST_STEP][PASSED] - setValueToCellByIndex(sheet01, n, 6, y): null

27-11-2024T10:35:00 - [TEST_STEP][PASSED] - setValueToCellByIndex(sheet01, n, 7, todaysDate): null

27-11-2024T10:35:00 - [TEST_STEP][PASSED] - n = n + 1: null

27-11-2024T10:35:00 - [TEST_STEP][PASSED] - saveWorkbook(excelFilePath, workbook01): null

27-11-2024T10:35:00 - [TEST_STEP][PASSED] - if (planFact == 2): null

27-11-2024T10:35:00 - [TEST_STEP][PASSED] - if (planFact == 1): null

27-11-2024T10:35:00 - [TEST_STEP][PASSED] - else if (planFact == 2): null

27-11-2024T10:35:00 - [TEST_STEP][PASSED] - click(findTestObject("Выполнение бизнес-плана/Кнопка План")): Object: 'Object Repository/Выполнение бизнес-плана/Кнопка План' is clicked on

27-11-2024T10:35:00 - [MESSAGE][PASSED] - Object: 'Object Repository/Выполнение бизнес-плана/Кнопка План' is clicked on

27-11-2024T10:35:00 - [TEST_STEP][PASSED] - typeOfDataMain = "План": null

27-11-2024T10:35:00 - [TEST_STEP][PASSED] - otpusk = findTestData("PlanFact").getValue(2, a): null

27-11-2024T10:35:01 - [TEST_STEP][PASSED] - poteri = findTestData("PlanFact").getValue(3, a): null

27-11-2024T10:35:01 - [TEST_STEP][PASSED] - otpusk = otpusk.replaceAll("\s+", ""): null

27-11-2024T10:35:01 - [TEST_STEP][PASSED] - poteri = poteri.replaceAll("\s+", ""): null

27-11-2024T10:35:01 - [TEST_STEP][PASSED] - typeOfData = typeOfDataMain + " Отпуск в сеть": null

27-11-2024T10:35:01 - [TEST_STEP][PASSED] - if (a == 82): null

27-11-2024T10:35:01 - [TEST_STEP][PASSED] - else if (a == 84): null

27-11-2024T10:35:01 - [TEST_STEP][PASSED] - else if (a == 52 || a == 72 || a == 28 || a == 73 || a == 77 || a == 74 || a == 65 || a == 36 || a == 44 || a == 53 || a == 80 || a == 54 || a == 1 || a == 18 || a == 59 || a == 81): null

27-11-2024T10:35:01 - [TEST_STEP][PASSED] - else: null

27-11-2024T10:35:01 - [TEST_STEP][PASSED] - path = dataFolder + typeOfData + " за отчётный период " + b: null

27-11-2024T10:35:01 - [TEST_STEP][PASSED] - println(path): null

27-11-2024T10:35:01 - [TEST_STEP][PASSED] - page = getText(findTestObject(path)): Text of object 'Object Repository/Выполнение бизнес-плана/Значения со страницы Выполнение бизнес-плана/План Отпуск в сеть за отчётный период Ставропольэнерго' is: '5 926 135'

27-11-2024T10:35:01 - [MESSAGE][PASSED] - Text of object 'Object Repository/Выполнение бизнес-плана/Значения со страницы Выполнение бизнес-плана/План Отпуск в сеть за отчётный период Ставропольэнерго' is: '5 926 135'

27-11-2024T10:35:01 - [TEST_STEP][PASSED] - page = page.replaceAll("\s+", ""): null

27-11-2024T10:35:01 - [TEST_STEP][PASSED] - fileOtpuskVSet = otpusk.toInteger(): null

27-11-2024T10:35:01 - [TEST_STEP][PASSED] - pageOtpuskVSet = page.toInteger(): null

27-11-2024T10:35:01 - [TEST_STEP][PASSED] - typeOfData = typeOfDataMain + " Потери": null

27-11-2024T10:35:01 - [TEST_STEP][PASSED] - if (a == 82): null

27-11-2024T10:35:01 - [TEST_STEP][PASSED] - else if (a == 84): null

27-11-2024T10:35:01 - [TEST_STEP][PASSED] - else if (a == 52 || a == 72 || a == 28 || a == 73 || a == 77 || a == 74 || a == 65 || a == 36 || a == 44 || a == 53 || a == 80 || a == 54 || a == 1 || a == 18 || a == 59 || a == 81): null

27-11-2024T10:35:01 - [TEST_STEP][PASSED] - else: null

27-11-2024T10:35:01 - [TEST_STEP][PASSED] - path = dataFolder + typeOfData + " за отчётный период " + b: null

27-11-2024T10:35:01 - [TEST_STEP][PASSED] - page = getText(findTestObject(path)): Text of object 'Object Repository/Выполнение бизнес-плана/Значения со страницы Выполнение бизнес-плана/План Потери за отчётный период Ставропольэнерго' is: '497 688'

27-11-2024T10:35:01 - [MESSAGE][PASSED] - Text of object 'Object Repository/Выполнение бизнес-плана/Значения со страницы Выполнение бизнес-плана/План Потери за отчётный период Ставропольэнерго' is: '497 688'

27-11-2024T10:35:01 - [TEST_STEP][PASSED] - page = page.replaceAll("\s+", ""): null

27-11-2024T10:35:01 - [TEST_STEP][PASSED] - filePoteri = poteri.toInteger(): null

27-11-2024T10:35:01 - [TEST_STEP][PASSED] - pagePoteri = page.toInteger(): null

27-11-2024T10:35:01 - [TEST_STEP][PASSED] - compare = pageOtpuskVSet: null

27-11-2024T10:35:01 - [TEST_STEP][PASSED] - if (compare == fileOtpuskVSet): null

27-11-2024T10:35:01 - [TEST_STEP][PASSED] - else if (compare > fileOtpuskVSet): null

27-11-2024T10:35:01 - [TEST_STEP][PASSED] - else if (compare < fileOtpuskVSet): null

27-11-2024T10:35:01 - [TEST_STEP][PASSED] - compare = compare + 1: null

27-11-2024T10:35:01 - [TEST_STEP][PASSED] - if (compare == fileOtpuskVSet): null

27-11-2024T10:35:01 - [TEST_STEP][PASSED] - else: null

27-11-2024T10:35:01 - [TEST_STEP][PASSED] - numberOfErrors = numberOfErrors + 1: null

27-11-2024T10:35:01 - [TEST_STEP][PASSED] - pageInt = pageOtpuskVSet: null

27-11-2024T10:35:01 - [TEST_STEP][PASSED] - fileInt = fileOtpuskVSet: null

27-11-2024T10:35:01 - [TEST_STEP][PASSED] - typeOfData = typeOfDataMain + " Отпуск в сеть": null

27-11-2024T10:35:01 - [TEST_STEP][PASSED] - Script1718980020443.WriteToExcel(a, typeOfData, todaysDate, pageInt, fileInt, pageDouble, fileDouble, dZO): null

27-11-2024T10:35:01 - [TEST_STEP][PASSED] - sheetName = "Sheet1": null

27-11-2024T10:35:01 - [TEST_STEP][PASSED] - data = findTestData("PlanFact"): null

27-11-2024T10:35:01 - [TEST_STEP][PASSED] - n = data.getRowNumbers() + 1: null

27-11-2024T10:35:01 - [TEST_STEP][PASSED] - year = todaysDate.substring(todaysDate.length() - 4, todaysDate.length()): null

27-11-2024T10:35:01 - [TEST_STEP][PASSED] - y = year.toInteger(): null

27-11-2024T10:35:01 - [TEST_STEP][PASSED] - m = getText(findTestObject("Выполнение бизнес-плана/Период")): Text of object 'Object Repository/Выполнение бизнес-плана/Период' is: '1, 2, 3 кв. 2024 года'

27-11-2024T10:35:02 - [MESSAGE][PASSED] - Text of object 'Object Repository/Выполнение бизнес-плана/Период' is: '1, 2, 3 кв. 2024 года'

27-11-2024T10:35:02 - [TEST_STEP][PASSED] - m = m.substring(0, m.indexOf("2024")): null

27-11-2024T10:35:02 - [TEST_STEP][PASSED] - m = m.trim(): null

27-11-2024T10:35:02 - [TEST_STEP][PASSED] - dashboardName = "Выполнение бизнес-плана": null

27-11-2024T10:35:02 - [TEST_STEP][PASSED] - workbook01 = getWorkbook(excelFilePath): null

27-11-2024T10:35:02 - [TEST_STEP][PASSED] - sheet01 = getExcelSheet(workbook01, sheetName): null

27-11-2024T10:35:02 - [TEST_STEP][PASSED] - setValueToCellByIndex(sheet01, n, 0, dashboardName): null

27-11-2024T10:35:02 - [TEST_STEP][PASSED] - setValueToCellByIndex(sheet01, n, 1, dZO): null

27-11-2024T10:35:02 - [TEST_STEP][PASSED] - setValueToCellByIndex(sheet01, n, 2, typeOfData): null

27-11-2024T10:35:02 - [TEST_STEP][PASSED] - if (typeOfData == "Факт в процентах" || typeOfData == "План в процентах"): null

27-11-2024T10:35:02 - [TEST_STEP][PASSED] - else: null

27-11-2024T10:35:02 - [TEST_STEP][PASSED] - setValueToCellByIndex(sheet01, n, 3, fileInt): null

27-11-2024T10:35:02 - [TEST_STEP][PASSED] - setValueToCellByIndex(sheet01, n, 4, pageInt): null

27-11-2024T10:35:02 - [TEST_STEP][PASSED] - setValueToCellByIndex(sheet01, n, 5, m): null

27-11-2024T10:35:02 - [TEST_STEP][PASSED] - setValueToCellByIndex(sheet01, n, 6, y): null

27-11-2024T10:35:02 - [TEST_STEP][PASSED] - setValueToCellByIndex(sheet01, n, 7, todaysDate): null

27-11-2024T10:35:02 - [TEST_STEP][PASSED] - n = n + 1: null

27-11-2024T10:35:02 - [TEST_STEP][PASSED] - saveWorkbook(excelFilePath, workbook01): null

27-11-2024T10:35:02 - [TEST_STEP][PASSED] - compare = pagePoteri: null

27-11-2024T10:35:02 - [TEST_STEP][PASSED] - if (compare == filePoteri): null

27-11-2024T10:35:02 - [TEST_STEP][PASSED] - else if (compare > filePoteri): null

27-11-2024T10:35:02 - [TEST_STEP][PASSED] - else if (compare < filePoteri): null

27-11-2024T10:35:02 - [TEST_STEP][PASSED] - compare = compare + 1: null

27-11-2024T10:35:02 - [TEST_STEP][PASSED] - if (compare == filePoteri): null

27-11-2024T10:35:02 - [TEST_STEP][PASSED] - else: null

27-11-2024T10:35:02 - [TEST_STEP][PASSED] - numberOfErrors = numberOfErrors + 1: null

27-11-2024T10:35:02 - [TEST_STEP][PASSED] - pageInt = pagePoteri: null

27-11-2024T10:35:02 - [TEST_STEP][PASSED] - fileInt = filePoteri: null

27-11-2024T10:35:02 - [TEST_STEP][PASSED] - typeOfData = typeOfDataMain + " Потери": null

27-11-2024T10:35:02 - [TEST_STEP][PASSED] - Script1718980020443.WriteToExcel(a, typeOfData, todaysDate, pageInt, fileInt, pageDouble, fileDouble, dZO): null

27-11-2024T10:35:02 - [TEST_STEP][PASSED] - sheetName = "Sheet1": null

27-11-2024T10:35:02 - [TEST_STEP][PASSED] - data = findTestData("PlanFact"): null

27-11-2024T10:35:02 - [TEST_STEP][PASSED] - n = data.getRowNumbers() + 1: null

27-11-2024T10:35:02 - [TEST_STEP][PASSED] - year = todaysDate.substring(todaysDate.length() - 4, todaysDate.length()): null

27-11-2024T10:35:02 - [TEST_STEP][PASSED] - y = year.toInteger(): null

27-11-2024T10:35:02 - [TEST_STEP][PASSED] - m = getText(findTestObject("Выполнение бизнес-плана/Период")): Text of object 'Object Repository/Выполнение бизнес-плана/Период' is: '1, 2, 3 кв. 2024 года'

27-11-2024T10:35:02 - [MESSAGE][PASSED] - Text of object 'Object Repository/Выполнение бизнес-плана/Период' is: '1, 2, 3 кв. 2024 года'

27-11-2024T10:35:02 - [TEST_STEP][PASSED] - m = m.substring(0, m.indexOf("2024")): null

27-11-2024T10:35:02 - [TEST_STEP][PASSED] - m = m.trim(): null

27-11-2024T10:35:02 - [TEST_STEP][PASSED] - dashboardName = "Выполнение бизнес-плана": null

27-11-2024T10:35:02 - [TEST_STEP][PASSED] - workbook01 = getWorkbook(excelFilePath): null

27-11-2024T10:35:02 - [TEST_STEP][PASSED] - sheet01 = getExcelSheet(workbook01, sheetName): null

27-11-2024T10:35:02 - [TEST_STEP][PASSED] - setValueToCellByIndex(sheet01, n, 0, dashboardName): null

27-11-2024T10:35:02 - [TEST_STEP][PASSED] - setValueToCellByIndex(sheet01, n, 1, dZO): null

27-11-2024T10:35:02 - [TEST_STEP][PASSED] - setValueToCellByIndex(sheet01, n, 2, typeOfData): null

27-11-2024T10:35:02 - [TEST_STEP][PASSED] - if (typeOfData == "Факт в процентах" || typeOfData == "План в процентах"): null

27-11-2024T10:35:02 - [TEST_STEP][PASSED] - else: null

27-11-2024T10:35:02 - [TEST_STEP][PASSED] - setValueToCellByIndex(sheet01, n, 3, fileInt): null

27-11-2024T10:35:02 - [TEST_STEP][PASSED] - setValueToCellByIndex(sheet01, n, 4, pageInt): null

27-11-2024T10:35:02 - [TEST_STEP][PASSED] - setValueToCellByIndex(sheet01, n, 5, m): null

27-11-2024T10:35:02 - [TEST_STEP][PASSED] - setValueToCellByIndex(sheet01, n, 6, y): null

27-11-2024T10:35:02 - [TEST_STEP][PASSED] - setValueToCellByIndex(sheet01, n, 7, todaysDate): null

27-11-2024T10:35:02 - [TEST_STEP][PASSED] - n = n + 1: null

27-11-2024T10:35:02 - [TEST_STEP][PASSED] - saveWorkbook(excelFilePath, workbook01): Object: 'Object Repository/Выполнение бизнес-плана/Кнопка Факт' is clicked on

27-11-2024T10:35:03 - [TEST_STEP][PASSED] - if (planFact == 2): Object: 'Object Repository/Выполнение бизнес-плана/Кнопка Факт' is clicked on

27-11-2024T10:35:03 - [TEST_STEP][PASSED] - click(findTestObject("Выполнение бизнес-плана/Кнопка Факт")): Object: 'Object Repository/Выполнение бизнес-плана/Кнопка Факт' is clicked on

27-11-2024T10:35:03 - [MESSAGE][PASSED] - Object: 'Object Repository/Выполнение бизнес-плана/Кнопка Факт' is clicked on

27-11-2024T10:35:03 - [TEST_STEP][PASSED] - if (a == 84 || a == 82): null

27-11-2024T10:35:03 - [TEST_STEP][PASSED] - else if (a == 52 || a == 72 || a == 28 || a == 73 || a == 77 || a == 74 || a == 65 || a == 36 || a == 44 || a == 53 || a == 80 || a == 54 || a == 1 || a == 18 || a == 59 || a == 81): null

27-11-2024T10:35:03 - [TEST_STEP][PASSED] - else: null

27-11-2024T10:35:03 - [TEST_STEP][PASSED] - page1 = getText(findTestObject("Object Repository/Выполнение бизнес-плана/spanPlan" + filialNum)): Text of object 'Object Repository/Выполнение бизнес-плана/spanPlan6' is: '8.40
|'

27-11-2024T10:35:03 - [MESSAGE][PASSED] - Text of object 'Object Repository/Выполнение бизнес-плана/spanPlan6' is: '8.40
|'

27-11-2024T10:35:03 - [TEST_STEP][PASSED] - page1 = page1.replace("|", ""): null

27-11-2024T10:35:03 - [TEST_STEP][PASSED] - page2 = getText(findTestObject("Object Repository/Выполнение бизнес-плана/spanFact" + filialNum)): Text of object 'Object Repository/Выполнение бизнес-плана/spanFact6' is: '8.41
|'

27-11-2024T10:35:03 - [MESSAGE][PASSED] - Text of object 'Object Repository/Выполнение бизнес-плана/spanFact6' is: '8.41
|'

27-11-2024T10:35:03 - [TEST_STEP][PASSED] - page2 = page2.replace("|", ""): null

27-11-2024T10:35:03 - [TEST_STEP][PASSED] - println("page1: " + page1): null

27-11-2024T10:35:03 - [TEST_STEP][PASSED] - println("page2: " + page2): null

27-11-2024T10:35:03 - [TEST_STEP][PASSED] - file = findTestData("PlanFact").getValue(4, a): null

27-11-2024T10:35:04 - [TEST_STEP][PASSED] - file = file.replace(",", "."): null

27-11-2024T10:35:04 - [TEST_STEP][PASSED] - println("file Plan: " + file): null

27-11-2024T10:35:04 - [TEST_STEP][PASSED] - typeOfData = "План в процентах": null

27-11-2024T10:35:04 - [TEST_STEP][PASSED] - fileDouble = file.toDouble(): null

27-11-2024T10:35:04 - [TEST_STEP][PASSED] - pageDouble = page1.toDouble(): null

27-11-2024T10:35:04 - [TEST_STEP][PASSED] - if (fileDouble != pageDouble): null

27-11-2024T10:35:04 - [TEST_STEP][PASSED] - file = findTestData("PlanFact").getValue(7, a): null

27-11-2024T10:35:04 - [TEST_STEP][PASSED] - file = file.replace(",", "."): null

27-11-2024T10:35:04 - [TEST_STEP][PASSED] - println("file Fact: " + file): null

27-11-2024T10:35:04 - [TEST_STEP][PASSED] - fileDouble = file.toDouble(): null

27-11-2024T10:35:04 - [TEST_STEP][PASSED] - typeOfData = "Факт в процентах": null

27-11-2024T10:35:04 - [TEST_STEP][PASSED] - fileDouble = file.toDouble(): null

27-11-2024T10:35:04 - [TEST_STEP][PASSED] - pageDouble = page2.toDouble(): null

27-11-2024T10:35:04 - [TEST_STEP][PASSED] - if (fileDouble != pageDouble): null

27-11-2024T10:35:04 - [TEST_STEP][PASSED] - numberOfErrors = numberOfErrors + 1: null

27-11-2024T10:35:04 - [TEST_STEP][PASSED] - Script1718980020443.WriteToExcel(a, typeOfData, todaysDate, pageInt, fileInt, pageDouble, fileDouble, dZO): null

27-11-2024T10:35:04 - [TEST_STEP][PASSED] - sheetName = "Sheet1": null

27-11-2024T10:35:04 - [TEST_STEP][PASSED] - data = findTestData("PlanFact"): null

27-11-2024T10:35:04 - [TEST_STEP][PASSED] - n = data.getRowNumbers() + 1: null

27-11-2024T10:35:04 - [TEST_STEP][PASSED] - year = todaysDate.substring(todaysDate.length() - 4, todaysDate.length()): null

27-11-2024T10:35:04 - [TEST_STEP][PASSED] - y = year.toInteger(): null

27-11-2024T10:35:04 - [TEST_STEP][PASSED] - m = getText(findTestObject("Выполнение бизнес-плана/Период")): Text of object 'Object Repository/Выполнение бизнес-плана/Период' is: '1, 2, 3 кв. 2024 года'

27-11-2024T10:35:04 - [MESSAGE][PASSED] - Text of object 'Object Repository/Выполнение бизнес-плана/Период' is: '1, 2, 3 кв. 2024 года'

27-11-2024T10:35:04 - [TEST_STEP][PASSED] - m = m.substring(0, m.indexOf("2024")): null

27-11-2024T10:35:04 - [TEST_STEP][PASSED] - m = m.trim(): null

27-11-2024T10:35:04 - [TEST_STEP][PASSED] - dashboardName = "Выполнение бизнес-плана": null

27-11-2024T10:35:04 - [TEST_STEP][PASSED] - workbook01 = getWorkbook(excelFilePath): null

27-11-2024T10:35:04 - [TEST_STEP][PASSED] - sheet01 = getExcelSheet(workbook01, sheetName): null

27-11-2024T10:35:04 - [TEST_STEP][PASSED] - setValueToCellByIndex(sheet01, n, 0, dashboardName): null

27-11-2024T10:35:04 - [TEST_STEP][PASSED] - setValueToCellByIndex(sheet01, n, 1, dZO): null

27-11-2024T10:35:04 - [TEST_STEP][PASSED] - setValueToCellByIndex(sheet01, n, 2, typeOfData): null

27-11-2024T10:35:04 - [TEST_STEP][PASSED] - if (typeOfData == "Факт в процентах" || typeOfData == "План в процентах"): null

27-11-2024T10:35:04 - [TEST_STEP][PASSED] - setValueToCellByIndex(sheet01, n, 3, fileDouble): null

27-11-2024T10:35:04 - [TEST_STEP][PASSED] - setValueToCellByIndex(sheet01, n, 4, pageDouble): null

27-11-2024T10:35:04 - [TEST_STEP][PASSED] - setValueToCellByIndex(sheet01, n, 5, m): null

27-11-2024T10:35:04 - [TEST_STEP][PASSED] - setValueToCellByIndex(sheet01, n, 6, y): null

27-11-2024T10:35:04 - [TEST_STEP][PASSED] - setValueToCellByIndex(sheet01, n, 7, todaysDate): null

27-11-2024T10:35:04 - [TEST_STEP][PASSED] - n = n + 1: null

27-11-2024T10:35:04 - [TEST_STEP][PASSED] - saveWorkbook(excelFilePath, workbook01): null

27-11-2024T10:35:04 - [TEST_STEP][FAILED] - if (verifyEqual(numberOfErrors, 0) == false): null

27-11-2024T10:35:04 - [MESSAGE][FAILED] - Unable to verify equal between actual object '5' and expected object '0' (Root cause: com.kms.katalon.core.exception.StepFailedException: Actual object '5' and expected object '0' are not equal
	at com.kms.katalon.core.keyword.builtin.VerifyEqualKeyword$_verifyEqual_closure1.doCall(VerifyEqualKeyword.groovy:58)
	at com.kms.katalon.core.keyword.builtin.VerifyEqualKeyword$_verifyEqual_closure1.call(VerifyEqualKeyword.groovy)
	at com.kms.katalon.core.keyword.internal.KeywordMain.runKeyword(KeywordMain.groovy:75)
	at com.kms.katalon.core.keyword.builtin.VerifyEqualKeyword.verifyEqual(VerifyEqualKeyword.groovy:63)
	at com.kms.katalon.core.keyword.builtin.VerifyEqualKeyword.execute(VerifyEqualKeyword.groovy:44)
	at com.kms.katalon.core.keyword.internal.KeywordExecutor.executeKeywordForPlatform(KeywordExecutor.groovy:74)
	at com.kms.katalon.core.keyword.BuiltinKeywords.verifyEqual(BuiltinKeywords.groovy:146)
	at java.base/jdk.internal.reflect.NativeMethodAccessorImpl.invoke0(Native Method)
	at java.base/jdk.internal.reflect.NativeMethodAccessorImpl.invoke(NativeMethodAccessorImpl.java:77)
	at java.base/jdk.internal.reflect.DelegatingMethodAccessorImpl.invoke(DelegatingMethodAccessorImpl.java:43)
	at Выполнение бизнес-плана Сверка ПАО Россети все филиалы.Numbers(Выполнение бизнес-плана Сверка ПАО Россети все филиалы:740)
	at Выполнение бизнес-плана Сверка ПАО Россети все филиалы.Filials(Выполнение бизнес-плана Сверка ПАО Россети все филиалы:1135)
	at Выполнение бизнес-плана Сверка ПАО Россети все филиалы.Numbers(Выполнение бизнес-плана Сверка ПАО Россети все филиалы:745)
	at Выполнение бизнес-плана Сверка ПАО Россети все филиалы.run(Выполнение бизнес-плана Сверка ПАО Россети все филиалы:304)
	at com.kms.katalon.core.main.ScriptEngine.run(ScriptEngine.java:194)
	at com.kms.katalon.core.main.ScriptEngine.runScriptAsRawText(ScriptEngine.java:119)
	at com.kms.katalon.core.main.TestCaseExecutor.runScript(TestCaseExecutor.java:448)
	at com.kms.katalon.core.main.TestCaseExecutor.doExecute(TestCaseExecutor.java:439)
	at com.kms.katalon.core.main.TestCaseExecutor.processExecutionPhase(TestCaseExecutor.java:418)
	at com.kms.katalon.core.main.TestCaseExecutor.accessMainPhase(TestCaseExecutor.java:410)
	at com.kms.katalon.core.main.TestCaseExecutor.execute(TestCaseExecutor.java:285)
	at com.kms.katalon.core.common.CommonExecutor.accessTestCaseMainPhase(CommonExecutor.java:65)
	at com.kms.katalon.core.main.TestSuiteExecutor.accessTestSuiteMainPhase(TestSuiteExecutor.java:150)
	at com.kms.katalon.core.main.TestSuiteExecutor.execute(TestSuiteExecutor.java:106)
	at com.kms.katalon.core.main.TestCaseMain.startTestSuite(TestCaseMain.java:180)
	at TempTestSuite1732692359995.run(TempTestSuite1732692359995.groovy:35)
	at java.base/jdk.internal.reflect.NativeMethodAccessorImpl.invoke0(Native Method)
	at java.base/jdk.internal.reflect.NativeMethodAccessorImpl.invoke(NativeMethodAccessorImpl.java:77)
	at java.base/jdk.internal.reflect.DelegatingMethodAccessorImpl.invoke(DelegatingMethodAccessorImpl.java:43)
)

27-11-2024T10:35:04 - [TEST_STEP][PASSED] - println(numberOfErrors): null

27-11-2024T10:35:04 - [TEST_STEP][PASSED] - if (a == 28 || a == 77 || a == 74 || a == 65 || a == 36 || a == 44 || a == 54 || a == 1 || a == 18 || a == 59): null

27-11-2024T10:35:04 - [TEST_STEP][PASSED] - if (a == 82): null

27-11-2024T10:35:04 - [TEST_STEP][PASSED] - filialNum = 0: null

27-11-2024T10:35:04 - [TEST_STEP][PASSED] - if (a == 1): null

27-11-2024T10:35:04 - [TEST_STEP][PASSED] - if (a == 18): null

27-11-2024T10:35:04 - [TEST_STEP][PASSED] - if (a == 36): null

27-11-2024T10:35:04 - [TEST_STEP][PASSED] - if (a == 44): null

27-11-2024T10:35:04 - [TEST_STEP][PASSED] - if (a == 54): null

27-11-2024T10:35:04 - [TEST_STEP][PASSED] - if (a == 59): null

27-11-2024T10:35:04 - [TEST_STEP][PASSED] - Script1718980020443.OpenFilter(): null

27-11-2024T10:35:04 - [TEST_STEP][PASSED] - click(findTestObject("Object Repository/Выполнение бизнес-плана/Фильтр ДЗО")): Object: 'Object Repository/Выполнение бизнес-плана/Фильтр ДЗО' is clicked on

27-11-2024T10:35:05 - [MESSAGE][PASSED] - Object: 'Object Repository/Выполнение бизнес-плана/Фильтр ДЗО' is clicked on

27-11-2024T10:35:05 - [TEST_STEP][PASSED] - click(findTestObject("Выполнение бизнес-плана/Снять выделение в фильтре ДЗО")): Object: 'Object Repository/Выполнение бизнес-плана/Снять выделение в фильтре ДЗО' is clicked on

27-11-2024T10:35:05 - [MESSAGE][PASSED] - Object: 'Object Repository/Выполнение бизнес-плана/Снять выделение в фильтре ДЗО' is clicked on

27-11-2024T10:35:05 - [TEST_STEP][PASSED] - Script1718980020443.CloseFilter(): null

27-11-2024T10:35:05 - [TEST_STEP][PASSED] - scrollToElement(findTestObject("Выполнение бизнес-плана/Заголовок дашборда"), 30): Scroll to object 'Object Repository/Выполнение бизнес-плана/Заголовок дашборда' successfully

27-11-2024T10:35:05 - [MESSAGE][PASSED] - Scroll to object 'Object Repository/Выполнение бизнес-плана/Заголовок дашборда' successfully

27-11-2024T10:35:05 - [TEST_STEP][PASSED] - click(findTestObject("Object Repository/Выполнение бизнес-плана/Применить в фильтре ДЗО")): Object: 'Object Repository/Выполнение бизнес-плана/Применить в фильтре ДЗО' is clicked on

27-11-2024T10:35:06 - [MESSAGE][PASSED] - Object: 'Object Repository/Выполнение бизнес-плана/Применить в фильтре ДЗО' is clicked on

27-11-2024T10:35:06 - [TEST_STEP][PASSED] - if (a == 82): null

27-11-2024T10:35:06 - [TEST_STEP][PASSED] - println(dzoNum): null

27-11-2024T10:35:06 - [TEST_STEP][PASSED] - dZO = "Россети Северо-Запад": null

27-11-2024T10:35:06 - [TEST_STEP][PASSED] - a = 36: null

27-11-2024T10:35:06 - [TEST_STEP][PASSED] - if (x1.contains(dZO)): null

27-11-2024T10:35:06 - [TEST_STEP][PASSED] - else: null

27-11-2024T10:35:06 - [TEST_STEP][PASSED] - Script1718980020443.NoData(a, typeOfData, todaysDate, fileInt, fileDouble, dZO): null

27-11-2024T10:35:06 - [TEST_STEP][PASSED] - println(a): null

27-11-2024T10:35:06 - [TEST_STEP][PASSED] - println(todaysDate): null

27-11-2024T10:35:06 - [TEST_STEP][PASSED] - println(fileInt): null

27-11-2024T10:35:06 - [TEST_STEP][PASSED] - println(fileDouble): null

27-11-2024T10:35:06 - [TEST_STEP][PASSED] - println(dZO): null

27-11-2024T10:35:06 - [TEST_STEP][PASSED] - typeOfData = "Факт Отпуск в сеть": null

27-11-2024T10:35:06 - [TEST_STEP][PASSED] - fileInt = replaceAll("\s+", "").toInteger(): null

27-11-2024T10:35:06 - [TEST_STEP][PASSED] - Script1718980020443.WriteToExcelNoData(a, typeOfData, todaysDate, fileInt, fileDouble, dZO): null

27-11-2024T10:35:06 - [TEST_STEP][PASSED] - sheetName = "Sheet1": null

27-11-2024T10:35:06 - [TEST_STEP][PASSED] - data = findTestData("PlanFact"): null

27-11-2024T10:35:06 - [TEST_STEP][PASSED] - n = data.getRowNumbers() + 1: null

27-11-2024T10:35:06 - [TEST_STEP][PASSED] - year = todaysDate.substring(todaysDate.length() - 4, todaysDate.length()): null

27-11-2024T10:35:06 - [TEST_STEP][PASSED] - y = year.toInteger(): null

27-11-2024T10:35:06 - [TEST_STEP][PASSED] - m = getText(findTestObject("Выполнение бизнес-плана/Период")): Text of object 'Object Repository/Выполнение бизнес-плана/Период' is: '1, 2, 3 кв. 2024 года'

27-11-2024T10:35:29 - [MESSAGE][PASSED] - Text of object 'Object Repository/Выполнение бизнес-плана/Период' is: '1, 2, 3 кв. 2024 года'

27-11-2024T10:35:29 - [TEST_STEP][PASSED] - m = m.substring(0, m.indexOf("2024")): null

27-11-2024T10:35:29 - [TEST_STEP][PASSED] - m = m.trim(): null

27-11-2024T10:35:29 - [TEST_STEP][PASSED] - dashboardName = "Выполнение бизнес-плана": null

27-11-2024T10:35:29 - [TEST_STEP][PASSED] - workbook01 = getWorkbook(excelFilePath): null

27-11-2024T10:35:29 - [TEST_STEP][PASSED] - sheet01 = getExcelSheet(workbook01, sheetName): null

27-11-2024T10:35:29 - [TEST_STEP][PASSED] - setValueToCellByIndex(sheet01, n, 0, dashboardName): null

27-11-2024T10:35:29 - [TEST_STEP][PASSED] - setValueToCellByIndex(sheet01, n, 1, dZO): null

27-11-2024T10:35:29 - [TEST_STEP][PASSED] - setValueToCellByIndex(sheet01, n, 2, typeOfData): null

27-11-2024T10:35:29 - [TEST_STEP][PASSED] - if (typeOfData == "Факт в процентах" || typeOfData == "План в процентах"): null

27-11-2024T10:35:29 - [TEST_STEP][PASSED] - else: null

27-11-2024T10:35:29 - [TEST_STEP][PASSED] - setValueToCellByIndex(sheet01, n, 3, fileInt): null

27-11-2024T10:35:29 - [TEST_STEP][PASSED] - setValueToCellByIndex(sheet01, n, 4, "нет данных"): null

27-11-2024T10:35:29 - [TEST_STEP][PASSED] - setValueToCellByIndex(sheet01, n, 5, m): null

27-11-2024T10:35:29 - [TEST_STEP][PASSED] - setValueToCellByIndex(sheet01, n, 6, y): null

27-11-2024T10:35:29 - [TEST_STEP][PASSED] - setValueToCellByIndex(sheet01, n, 7, todaysDate): null

27-11-2024T10:35:29 - [TEST_STEP][PASSED] - n = n + 1: null

27-11-2024T10:35:29 - [TEST_STEP][PASSED] - saveWorkbook(excelFilePath, workbook01): null

27-11-2024T10:35:29 - [TEST_STEP][PASSED] - typeOfData = "Факт Потери": null

27-11-2024T10:35:29 - [TEST_STEP][PASSED] - fileInt = replaceAll("\s+", "").toInteger(): null

27-11-2024T10:35:29 - [TEST_STEP][PASSED] - Script1718980020443.WriteToExcelNoData(a, typeOfData, todaysDate, fileInt, fileDouble, dZO): null

27-11-2024T10:35:29 - [TEST_STEP][PASSED] - sheetName = "Sheet1": null

27-11-2024T10:35:29 - [TEST_STEP][PASSED] - data = findTestData("PlanFact"): null

27-11-2024T10:35:29 - [TEST_STEP][PASSED] - n = data.getRowNumbers() + 1: null

27-11-2024T10:35:29 - [TEST_STEP][PASSED] - year = todaysDate.substring(todaysDate.length() - 4, todaysDate.length()): null

27-11-2024T10:35:29 - [TEST_STEP][PASSED] - y = year.toInteger(): null

27-11-2024T10:35:29 - [TEST_STEP][PASSED] - m = getText(findTestObject("Выполнение бизнес-плана/Период")): Text of object 'Object Repository/Выполнение бизнес-плана/Период' is: '1, 2, 3 кв. 2024 года'

27-11-2024T10:35:29 - [MESSAGE][PASSED] - Text of object 'Object Repository/Выполнение бизнес-плана/Период' is: '1, 2, 3 кв. 2024 года'

27-11-2024T10:35:29 - [TEST_STEP][PASSED] - m = m.substring(0, m.indexOf("2024")): null

27-11-2024T10:35:29 - [TEST_STEP][PASSED] - m = m.trim(): null

27-11-2024T10:35:29 - [TEST_STEP][PASSED] - dashboardName = "Выполнение бизнес-плана": null

27-11-2024T10:35:29 - [TEST_STEP][PASSED] - workbook01 = getWorkbook(excelFilePath): null

27-11-2024T10:35:29 - [TEST_STEP][PASSED] - sheet01 = getExcelSheet(workbook01, sheetName): null

27-11-2024T10:35:29 - [TEST_STEP][PASSED] - setValueToCellByIndex(sheet01, n, 0, dashboardName): null

27-11-2024T10:35:29 - [TEST_STEP][PASSED] - setValueToCellByIndex(sheet01, n, 1, dZO): null

27-11-2024T10:35:29 - [TEST_STEP][PASSED] - setValueToCellByIndex(sheet01, n, 2, typeOfData): null

27-11-2024T10:35:29 - [TEST_STEP][PASSED] - if (typeOfData == "Факт в процентах" || typeOfData == "План в процентах"): null

27-11-2024T10:35:29 - [TEST_STEP][PASSED] - else: null

27-11-2024T10:35:29 - [TEST_STEP][PASSED] - setValueToCellByIndex(sheet01, n, 3, fileInt): null

27-11-2024T10:35:29 - [TEST_STEP][PASSED] - setValueToCellByIndex(sheet01, n, 4, "нет данных"): null

27-11-2024T10:35:29 - [TEST_STEP][PASSED] - setValueToCellByIndex(sheet01, n, 5, m): null

27-11-2024T10:35:29 - [TEST_STEP][PASSED] - setValueToCellByIndex(sheet01, n, 6, y): null

27-11-2024T10:35:29 - [TEST_STEP][PASSED] - setValueToCellByIndex(sheet01, n, 7, todaysDate): null

27-11-2024T10:35:29 - [TEST_STEP][PASSED] - n = n + 1: null

27-11-2024T10:35:29 - [TEST_STEP][PASSED] - saveWorkbook(excelFilePath, workbook01): null

27-11-2024T10:35:30 - [TEST_STEP][PASSED] - typeOfData = "План Отпуск в сеть": null

27-11-2024T10:35:30 - [TEST_STEP][PASSED] - fileInt = replaceAll("\s+", "").toInteger(): null

27-11-2024T10:35:30 - [TEST_STEP][PASSED] - Script1718980020443.WriteToExcelNoData(a, typeOfData, todaysDate, fileInt, fileDouble, dZO): null

27-11-2024T10:35:30 - [TEST_STEP][PASSED] - sheetName = "Sheet1": null

27-11-2024T10:35:30 - [TEST_STEP][PASSED] - data = findTestData("PlanFact"): null

27-11-2024T10:35:30 - [TEST_STEP][PASSED] - n = data.getRowNumbers() + 1: null

27-11-2024T10:35:30 - [TEST_STEP][PASSED] - year = todaysDate.substring(todaysDate.length() - 4, todaysDate.length()): null

27-11-2024T10:35:30 - [TEST_STEP][PASSED] - y = year.toInteger(): null

27-11-2024T10:35:30 - [TEST_STEP][PASSED] - m = getText(findTestObject("Выполнение бизнес-плана/Период")): Text of object 'Object Repository/Выполнение бизнес-плана/Период' is: '1, 2, 3 кв. 2024 года'

27-11-2024T10:35:30 - [MESSAGE][PASSED] - Text of object 'Object Repository/Выполнение бизнес-плана/Период' is: '1, 2, 3 кв. 2024 года'

27-11-2024T10:35:30 - [TEST_STEP][PASSED] - m = m.substring(0, m.indexOf("2024")): null

27-11-2024T10:35:30 - [TEST_STEP][PASSED] - m = m.trim(): null

27-11-2024T10:35:30 - [TEST_STEP][PASSED] - dashboardName = "Выполнение бизнес-плана": null

27-11-2024T10:35:30 - [TEST_STEP][PASSED] - workbook01 = getWorkbook(excelFilePath): null

27-11-2024T10:35:30 - [TEST_STEP][PASSED] - sheet01 = getExcelSheet(workbook01, sheetName): null

27-11-2024T10:35:30 - [TEST_STEP][PASSED] - setValueToCellByIndex(sheet01, n, 0, dashboardName): null

27-11-2024T10:35:30 - [TEST_STEP][PASSED] - setValueToCellByIndex(sheet01, n, 1, dZO): null

27-11-2024T10:35:30 - [TEST_STEP][PASSED] - setValueToCellByIndex(sheet01, n, 2, typeOfData): null

27-11-2024T10:35:30 - [TEST_STEP][PASSED] - if (typeOfData == "Факт в процентах" || typeOfData == "План в процентах"): null

27-11-2024T10:35:30 - [TEST_STEP][PASSED] - else: null

27-11-2024T10:35:30 - [TEST_STEP][PASSED] - setValueToCellByIndex(sheet01, n, 3, fileInt): null

27-11-2024T10:35:30 - [TEST_STEP][PASSED] - setValueToCellByIndex(sheet01, n, 4, "нет данных"): null

27-11-2024T10:35:30 - [TEST_STEP][PASSED] - setValueToCellByIndex(sheet01, n, 5, m): null

27-11-2024T10:35:30 - [TEST_STEP][PASSED] - setValueToCellByIndex(sheet01, n, 6, y): null

27-11-2024T10:35:30 - [TEST_STEP][PASSED] - setValueToCellByIndex(sheet01, n, 7, todaysDate): null

27-11-2024T10:35:30 - [TEST_STEP][PASSED] - n = n + 1: null

27-11-2024T10:35:30 - [TEST_STEP][PASSED] - saveWorkbook(excelFilePath, workbook01): null

27-11-2024T10:35:30 - [TEST_STEP][PASSED] - typeOfData = "План Потери": null

27-11-2024T10:35:30 - [TEST_STEP][PASSED] - fileInt = replaceAll("\s+", "").toInteger(): null

27-11-2024T10:35:30 - [TEST_STEP][PASSED] - Script1718980020443.WriteToExcelNoData(a, typeOfData, todaysDate, fileInt, fileDouble, dZO): null

27-11-2024T10:35:30 - [TEST_STEP][PASSED] - sheetName = "Sheet1": null

27-11-2024T10:35:30 - [TEST_STEP][PASSED] - data = findTestData("PlanFact"): null

27-11-2024T10:35:30 - [TEST_STEP][PASSED] - n = data.getRowNumbers() + 1: null

27-11-2024T10:35:30 - [TEST_STEP][PASSED] - year = todaysDate.substring(todaysDate.length() - 4, todaysDate.length()): null

27-11-2024T10:35:30 - [TEST_STEP][PASSED] - y = year.toInteger(): null

27-11-2024T10:35:30 - [TEST_STEP][PASSED] - m = getText(findTestObject("Выполнение бизнес-плана/Период")): Text of object 'Object Repository/Выполнение бизнес-плана/Период' is: '1, 2, 3 кв. 2024 года'

27-11-2024T10:35:31 - [MESSAGE][PASSED] - Text of object 'Object Repository/Выполнение бизнес-плана/Период' is: '1, 2, 3 кв. 2024 года'

27-11-2024T10:35:31 - [TEST_STEP][PASSED] - m = m.substring(0, m.indexOf("2024")): null

27-11-2024T10:35:31 - [TEST_STEP][PASSED] - m = m.trim(): null

27-11-2024T10:35:31 - [TEST_STEP][PASSED] - dashboardName = "Выполнение бизнес-плана": null

27-11-2024T10:35:31 - [TEST_STEP][PASSED] - workbook01 = getWorkbook(excelFilePath): null

27-11-2024T10:35:31 - [TEST_STEP][PASSED] - sheet01 = getExcelSheet(workbook01, sheetName): null

27-11-2024T10:35:31 - [TEST_STEP][PASSED] - setValueToCellByIndex(sheet01, n, 0, dashboardName): null

27-11-2024T10:35:31 - [TEST_STEP][PASSED] - setValueToCellByIndex(sheet01, n, 1, dZO): null

27-11-2024T10:35:31 - [TEST_STEP][PASSED] - setValueToCellByIndex(sheet01, n, 2, typeOfData): null

27-11-2024T10:35:31 - [TEST_STEP][PASSED] - if (typeOfData == "Факт в процентах" || typeOfData == "План в процентах"): null

27-11-2024T10:35:31 - [TEST_STEP][PASSED] - else: null

27-11-2024T10:35:31 - [TEST_STEP][PASSED] - setValueToCellByIndex(sheet01, n, 3, fileInt): null

27-11-2024T10:35:31 - [TEST_STEP][PASSED] - setValueToCellByIndex(sheet01, n, 4, "нет данных"): null

27-11-2024T10:35:31 - [TEST_STEP][PASSED] - setValueToCellByIndex(sheet01, n, 5, m): null

27-11-2024T10:35:31 - [TEST_STEP][PASSED] - setValueToCellByIndex(sheet01, n, 6, y): null

27-11-2024T10:35:31 - [TEST_STEP][PASSED] - setValueToCellByIndex(sheet01, n, 7, todaysDate): null

27-11-2024T10:35:31 - [TEST_STEP][PASSED] - n = n + 1: null

27-11-2024T10:35:31 - [TEST_STEP][PASSED] - saveWorkbook(excelFilePath, workbook01): null

27-11-2024T10:35:31 - [TEST_STEP][PASSED] - typeOfData = "План в процентах": null

27-11-2024T10:35:31 - [TEST_STEP][PASSED] - fileDouble = ").toDouble(): null

27-11-2024T10:35:31 - [TEST_STEP][PASSED] - Script1718980020443.WriteToExcelNoData(a, typeOfData, todaysDate, fileInt, fileDouble, dZO): null

27-11-2024T10:35:31 - [TEST_STEP][PASSED] - sheetName = "Sheet1": null

27-11-2024T10:35:31 - [TEST_STEP][PASSED] - data = findTestData("PlanFact"): null

27-11-2024T10:35:31 - [TEST_STEP][PASSED] - n = data.getRowNumbers() + 1: null

27-11-2024T10:35:31 - [TEST_STEP][PASSED] - year = todaysDate.substring(todaysDate.length() - 4, todaysDate.length()): null

27-11-2024T10:35:31 - [TEST_STEP][PASSED] - y = year.toInteger(): null

27-11-2024T10:35:31 - [TEST_STEP][PASSED] - m = getText(findTestObject("Выполнение бизнес-плана/Период")): Text of object 'Object Repository/Выполнение бизнес-плана/Период' is: '1, 2, 3 кв. 2024 года'

27-11-2024T10:35:31 - [MESSAGE][PASSED] - Text of object 'Object Repository/Выполнение бизнес-плана/Период' is: '1, 2, 3 кв. 2024 года'

27-11-2024T10:35:31 - [TEST_STEP][PASSED] - m = m.substring(0, m.indexOf("2024")): null

27-11-2024T10:35:31 - [TEST_STEP][PASSED] - m = m.trim(): null

27-11-2024T10:35:31 - [TEST_STEP][PASSED] - dashboardName = "Выполнение бизнес-плана": null

27-11-2024T10:35:31 - [TEST_STEP][PASSED] - workbook01 = getWorkbook(excelFilePath): null

27-11-2024T10:35:31 - [TEST_STEP][PASSED] - sheet01 = getExcelSheet(workbook01, sheetName): null

27-11-2024T10:35:31 - [TEST_STEP][PASSED] - setValueToCellByIndex(sheet01, n, 0, dashboardName): null

27-11-2024T10:35:31 - [TEST_STEP][PASSED] - setValueToCellByIndex(sheet01, n, 1, dZO): null

27-11-2024T10:35:31 - [TEST_STEP][PASSED] - setValueToCellByIndex(sheet01, n, 2, typeOfData): null

27-11-2024T10:35:31 - [TEST_STEP][PASSED] - if (typeOfData == "Факт в процентах" || typeOfData == "План в процентах"): null

27-11-2024T10:35:31 - [TEST_STEP][PASSED] - setValueToCellByIndex(sheet01, n, 3, fileDouble): null

27-11-2024T10:35:31 - [TEST_STEP][PASSED] - setValueToCellByIndex(sheet01, n, 4, "нет данных"): null

27-11-2024T10:35:31 - [TEST_STEP][PASSED] - setValueToCellByIndex(sheet01, n, 5, m): null

27-11-2024T10:35:31 - [TEST_STEP][PASSED] - setValueToCellByIndex(sheet01, n, 6, y): null

27-11-2024T10:35:31 - [TEST_STEP][PASSED] - setValueToCellByIndex(sheet01, n, 7, todaysDate): null

27-11-2024T10:35:31 - [TEST_STEP][PASSED] - n = n + 1: null

27-11-2024T10:35:31 - [TEST_STEP][PASSED] - saveWorkbook(excelFilePath, workbook01): null

27-11-2024T10:35:32 - [TEST_STEP][PASSED] - typeOfData = "Факт в процентах": null

27-11-2024T10:35:32 - [TEST_STEP][PASSED] - fileDouble = ").toDouble(): null

27-11-2024T10:35:32 - [TEST_STEP][PASSED] - Script1718980020443.WriteToExcelNoData(a, typeOfData, todaysDate, fileInt, fileDouble, dZO): null

27-11-2024T10:35:32 - [TEST_STEP][PASSED] - sheetName = "Sheet1": null

27-11-2024T10:35:32 - [TEST_STEP][PASSED] - data = findTestData("PlanFact"): null

27-11-2024T10:35:32 - [TEST_STEP][PASSED] - n = data.getRowNumbers() + 1: null

27-11-2024T10:35:32 - [TEST_STEP][PASSED] - year = todaysDate.substring(todaysDate.length() - 4, todaysDate.length()): null

27-11-2024T10:35:32 - [TEST_STEP][PASSED] - y = year.toInteger(): null

27-11-2024T10:35:32 - [TEST_STEP][PASSED] - m = getText(findTestObject("Выполнение бизнес-плана/Период")): Text of object 'Object Repository/Выполнение бизнес-плана/Период' is: '1, 2, 3 кв. 2024 года'

27-11-2024T10:35:32 - [MESSAGE][PASSED] - Text of object 'Object Repository/Выполнение бизнес-плана/Период' is: '1, 2, 3 кв. 2024 года'

27-11-2024T10:35:32 - [TEST_STEP][PASSED] - m = m.substring(0, m.indexOf("2024")): null

27-11-2024T10:35:32 - [TEST_STEP][PASSED] - m = m.trim(): null

27-11-2024T10:35:32 - [TEST_STEP][PASSED] - dashboardName = "Выполнение бизнес-плана": null

27-11-2024T10:35:32 - [TEST_STEP][PASSED] - workbook01 = getWorkbook(excelFilePath): null

27-11-2024T10:35:32 - [TEST_STEP][PASSED] - sheet01 = getExcelSheet(workbook01, sheetName): null

27-11-2024T10:35:32 - [TEST_STEP][PASSED] - setValueToCellByIndex(sheet01, n, 0, dashboardName): null

27-11-2024T10:35:32 - [TEST_STEP][PASSED] - setValueToCellByIndex(sheet01, n, 1, dZO): null

27-11-2024T10:35:32 - [TEST_STEP][PASSED] - setValueToCellByIndex(sheet01, n, 2, typeOfData): null

27-11-2024T10:35:32 - [TEST_STEP][PASSED] - if (typeOfData == "Факт в процентах" || typeOfData == "План в процентах"): null

27-11-2024T10:35:32 - [TEST_STEP][PASSED] - setValueToCellByIndex(sheet01, n, 3, fileDouble): null

27-11-2024T10:35:32 - [TEST_STEP][PASSED] - setValueToCellByIndex(sheet01, n, 4, "нет данных"): null

27-11-2024T10:35:32 - [TEST_STEP][PASSED] - setValueToCellByIndex(sheet01, n, 5, m): null

27-11-2024T10:35:32 - [TEST_STEP][PASSED] - setValueToCellByIndex(sheet01, n, 6, y): null

27-11-2024T10:35:32 - [TEST_STEP][PASSED] - setValueToCellByIndex(sheet01, n, 7, todaysDate): null

27-11-2024T10:35:32 - [TEST_STEP][PASSED] - n = n + 1: null

27-11-2024T10:35:32 - [TEST_STEP][PASSED] - saveWorkbook(excelFilePath, workbook01): null

27-11-2024T10:35:32 - [TEST_STEP][PASSED] - println(dzoNum): null

27-11-2024T10:35:32 - [TEST_STEP][PASSED] - dZO = "Россети Сибирь": null

27-11-2024T10:35:32 - [TEST_STEP][PASSED] - a = 44: null

27-11-2024T10:35:32 - [TEST_STEP][PASSED] - if (x1.contains(dZO)): null

27-11-2024T10:35:32 - [TEST_STEP][PASSED] - dzoNum = dzoNum + 1: null

27-11-2024T10:35:32 - [TEST_STEP][PASSED] - Script1718980020443.Numbers(a, typeOfData, todaysDate, pageInt, fileInt, pageDouble, fileDouble, dZO, dzoNum, filialNum): null

27-11-2024T10:35:32 - [TEST_STEP][PASSED] - println(dzoNum): null

27-11-2024T10:35:32 - [TEST_STEP][PASSED] - planFact = <not implemented yet for class: org.codehaus.groovy.ast.expr.EmptyExpression>: null

27-11-2024T10:35:32 - [TEST_STEP][PASSED] - page = <not implemented yet for class: org.codehaus.groovy.ast.expr.EmptyExpression>: null

27-11-2024T10:35:32 - [TEST_STEP][PASSED] - page1 = <not implemented yet for class: org.codehaus.groovy.ast.expr.EmptyExpression>: null

27-11-2024T10:35:32 - [TEST_STEP][PASSED] - page2 = <not implemented yet for class: org.codehaus.groovy.ast.expr.EmptyExpression>: null

27-11-2024T10:35:32 - [TEST_STEP][PASSED] - filialNumberInRow = <not implemented yet for class: org.codehaus.groovy.ast.expr.EmptyExpression>: null

27-11-2024T10:35:32 - [TEST_STEP][PASSED] - filialsDzoNames = <not implemented yet for class: org.codehaus.groovy.ast.expr.EmptyExpression>: null

27-11-2024T10:35:32 - [TEST_STEP][PASSED] - numberOfFilials = <not implemented yet for class: org.codehaus.groovy.ast.expr.EmptyExpression>: null

27-11-2024T10:35:32 - [TEST_STEP][PASSED] - numberOfSpaces = <not implemented yet for class: org.codehaus.groovy.ast.expr.EmptyExpression>: null

27-11-2024T10:35:32 - [TEST_STEP][PASSED] - file = <not implemented yet for class: org.codehaus.groovy.ast.expr.EmptyExpression>: null

27-11-2024T10:35:32 - [TEST_STEP][PASSED] - otpusk = <not implemented yet for class: org.codehaus.groovy.ast.expr.EmptyExpression>: null

27-11-2024T10:35:32 - [TEST_STEP][PASSED] - poteri = <not implemented yet for class: org.codehaus.groovy.ast.expr.EmptyExpression>: null

27-11-2024T10:35:32 - [TEST_STEP][PASSED] - dataFolder = "Выполнение бизнес-плана/Значения со страницы Выполнение бизнес-плана/": null

27-11-2024T10:35:32 - [TEST_STEP][PASSED] - path = <not implemented yet for class: org.codehaus.groovy.ast.expr.EmptyExpression>: null

27-11-2024T10:35:32 - [TEST_STEP][PASSED] - typeOfDataMain = <not implemented yet for class: org.codehaus.groovy.ast.expr.EmptyExpression>: null

27-11-2024T10:35:32 - [TEST_STEP][PASSED] - fileOtpuskVSet = <not implemented yet for class: org.codehaus.groovy.ast.expr.EmptyExpression>: null

27-11-2024T10:35:32 - [TEST_STEP][PASSED] - pageOtpuskVSet = <not implemented yet for class: org.codehaus.groovy.ast.expr.EmptyExpression>: null

27-11-2024T10:35:32 - [TEST_STEP][PASSED] - filePoteri = <not implemented yet for class: org.codehaus.groovy.ast.expr.EmptyExpression>: null

27-11-2024T10:35:32 - [TEST_STEP][PASSED] - pagePoteri = <not implemented yet for class: org.codehaus.groovy.ast.expr.EmptyExpression>: null

27-11-2024T10:35:32 - [TEST_STEP][PASSED] - compare = <not implemented yet for class: org.codehaus.groovy.ast.expr.EmptyExpression>: null

27-11-2024T10:35:32 - [TEST_STEP][PASSED] - b = <not implemented yet for class: org.codehaus.groovy.ast.expr.EmptyExpression>: null

27-11-2024T10:35:32 - [TEST_STEP][PASSED] - i = <not implemented yet for class: org.codehaus.groovy.ast.expr.EmptyExpression>: null

27-11-2024T10:35:32 - [TEST_STEP][PASSED] - ii = <not implemented yet for class: org.codehaus.groovy.ast.expr.EmptyExpression>: null

27-11-2024T10:35:32 - [TEST_STEP][PASSED] - c = <not implemented yet for class: org.codehaus.groovy.ast.expr.EmptyExpression>: null

27-11-2024T10:35:32 - [TEST_STEP][PASSED] - numberOfErrors = 0: null

27-11-2024T10:35:32 - [TEST_STEP][PASSED] - if (a == 82): null

27-11-2024T10:35:32 - [TEST_STEP][PASSED] - b = findTestData("PlanFact").getValue(1, a): null

27-11-2024T10:35:32 - [TEST_STEP][PASSED] - i = b.indexOf(" (ГК)"): null

27-11-2024T10:35:32 - [TEST_STEP][PASSED] - if (i > -1): null

27-11-2024T10:35:32 - [TEST_STEP][PASSED] - i = b.indexOf("О ""): null

27-11-2024T10:35:32 - [TEST_STEP][PASSED] - if (i > -1): null

27-11-2024T10:35:32 - [TEST_STEP][PASSED] - i = b.indexOf("О «"): null

27-11-2024T10:35:32 - [TEST_STEP][PASSED] - if (i > -1): null

27-11-2024T10:35:32 - [TEST_STEP][PASSED] - i = b.indexOf("г. "): null

27-11-2024T10:35:32 - [TEST_STEP][PASSED] - if (i > -1): null

27-11-2024T10:35:32 - [TEST_STEP][PASSED] - println(b): null

27-11-2024T10:35:32 - [TEST_STEP][PASSED] - for ([planFact = 1, planFact < 3, (planFact++)]): null

27-11-2024T10:35:32 - [TEST_STEP][PASSED] - if (planFact == 1): null

27-11-2024T10:35:32 - [TEST_STEP][PASSED] - typeOfDataMain = "Факт": null

27-11-2024T10:35:32 - [TEST_STEP][PASSED] - otpusk = findTestData("PlanFact").getValue(5, a): null

27-11-2024T10:35:32 - [TEST_STEP][PASSED] - poteri = findTestData("PlanFact").getValue(6, a): null

27-11-2024T10:35:32 - [TEST_STEP][PASSED] - otpusk = otpusk.replaceAll("\s+", ""): null

27-11-2024T10:35:32 - [TEST_STEP][PASSED] - poteri = poteri.replaceAll("\s+", ""): null

27-11-2024T10:35:32 - [TEST_STEP][PASSED] - typeOfData = typeOfDataMain + " Отпуск в сеть": null

27-11-2024T10:35:32 - [TEST_STEP][PASSED] - if (a == 82): null

27-11-2024T10:35:32 - [TEST_STEP][PASSED] - else if (a == 84): null

27-11-2024T10:35:32 - [TEST_STEP][PASSED] - else if (a == 52 || a == 72 || a == 28 || a == 73 || a == 77 || a == 74 || a == 65 || a == 36 || a == 44 || a == 53 || a == 80 || a == 54 || a == 1 || a == 18 || a == 59 || a == 81): null

27-11-2024T10:35:32 - [TEST_STEP][PASSED] - path = dataFolder + "Table Data/" + typeOfData + " за отчётный период " + dzoNum: null

27-11-2024T10:35:32 - [TEST_STEP][PASSED] - println(path): null

27-11-2024T10:35:32 - [TEST_STEP][PASSED] - page = getText(findTestObject(path)): Text of object 'Object Repository/Выполнение бизнес-плана/Значения со страницы Выполнение бизнес-плана/Table Data/Факт Отпуск в сеть за отчётный период 4' is: '46 928 172'

27-11-2024T10:35:33 - [MESSAGE][PASSED] - Text of object 'Object Repository/Выполнение бизнес-плана/Значения со страницы Выполнение бизнес-плана/Table Data/Факт Отпуск в сеть за отчётный период 4' is: '46 928 172'

27-11-2024T10:35:33 - [TEST_STEP][PASSED] - page = page.replaceAll("\s+", ""): null

27-11-2024T10:35:33 - [TEST_STEP][PASSED] - fileOtpuskVSet = otpusk.toInteger(): null

27-11-2024T10:35:33 - [TEST_STEP][PASSED] - pageOtpuskVSet = page.toInteger(): null

27-11-2024T10:35:33 - [TEST_STEP][PASSED] - typeOfData = typeOfDataMain + " Потери": null

27-11-2024T10:35:33 - [TEST_STEP][PASSED] - if (a == 82): null

27-11-2024T10:35:33 - [TEST_STEP][PASSED] - else if (a == 84): null

27-11-2024T10:35:33 - [TEST_STEP][PASSED] - else if (a == 52 || a == 72 || a == 28 || a == 73 || a == 77 || a == 74 || a == 65 || a == 36 || a == 44 || a == 53 || a == 80 || a == 54 || a == 1 || a == 18 || a == 59 || a == 81): null

27-11-2024T10:35:33 - [TEST_STEP][PASSED] - path = dataFolder + "Table Data/" + typeOfData + " за отчётный период " + dzoNum: null

27-11-2024T10:35:33 - [TEST_STEP][PASSED] - page = getText(findTestObject(path)): Text of object 'Object Repository/Выполнение бизнес-плана/Значения со страницы Выполнение бизнес-плана/Table Data/Факт Потери за отчётный период 4' is: '3 249 406'

27-11-2024T10:35:33 - [MESSAGE][PASSED] - Text of object 'Object Repository/Выполнение бизнес-плана/Значения со страницы Выполнение бизнес-плана/Table Data/Факт Потери за отчётный период 4' is: '3 249 406'

27-11-2024T10:35:33 - [TEST_STEP][PASSED] - page = page.replaceAll("\s+", ""): null

27-11-2024T10:35:33 - [TEST_STEP][PASSED] - filePoteri = poteri.toInteger(): null

27-11-2024T10:35:33 - [TEST_STEP][PASSED] - pagePoteri = page.toInteger(): null

27-11-2024T10:35:33 - [TEST_STEP][PASSED] - compare = pageOtpuskVSet: null

27-11-2024T10:35:33 - [TEST_STEP][PASSED] - if (compare == fileOtpuskVSet): null

27-11-2024T10:35:33 - [TEST_STEP][PASSED] - else if (compare > fileOtpuskVSet): null

27-11-2024T10:35:33 - [TEST_STEP][PASSED] - compare = compare - 1: null

27-11-2024T10:35:33 - [TEST_STEP][PASSED] - if (compare == fileOtpuskVSet): null

27-11-2024T10:35:33 - [TEST_STEP][PASSED] - else: null

27-11-2024T10:35:33 - [TEST_STEP][PASSED] - numberOfErrors = numberOfErrors + 1: null

27-11-2024T10:35:33 - [TEST_STEP][PASSED] - pageInt = pageOtpuskVSet: null

27-11-2024T10:35:33 - [TEST_STEP][PASSED] - fileInt = fileOtpuskVSet: null

27-11-2024T10:35:33 - [TEST_STEP][PASSED] - typeOfData = typeOfDataMain + " Отпуск в сеть": null

27-11-2024T10:35:33 - [TEST_STEP][PASSED] - Script1718980020443.WriteToExcel(a, typeOfData, todaysDate, pageInt, fileInt, pageDouble, fileDouble, dZO): null

27-11-2024T10:35:33 - [TEST_STEP][PASSED] - sheetName = "Sheet1": null

27-11-2024T10:35:33 - [TEST_STEP][PASSED] - data = findTestData("PlanFact"): null

27-11-2024T10:35:33 - [TEST_STEP][PASSED] - n = data.getRowNumbers() + 1: null

27-11-2024T10:35:33 - [TEST_STEP][PASSED] - year = todaysDate.substring(todaysDate.length() - 4, todaysDate.length()): null

27-11-2024T10:35:33 - [TEST_STEP][PASSED] - y = year.toInteger(): null

27-11-2024T10:35:33 - [TEST_STEP][PASSED] - m = getText(findTestObject("Выполнение бизнес-плана/Период")): Text of object 'Object Repository/Выполнение бизнес-плана/Период' is: '1, 2, 3 кв. 2024 года'

27-11-2024T10:35:33 - [MESSAGE][PASSED] - Text of object 'Object Repository/Выполнение бизнес-плана/Период' is: '1, 2, 3 кв. 2024 года'

27-11-2024T10:35:33 - [TEST_STEP][PASSED] - m = m.substring(0, m.indexOf("2024")): null

27-11-2024T10:35:33 - [TEST_STEP][PASSED] - m = m.trim(): null

27-11-2024T10:35:33 - [TEST_STEP][PASSED] - dashboardName = "Выполнение бизнес-плана": null

27-11-2024T10:35:33 - [TEST_STEP][PASSED] - workbook01 = getWorkbook(excelFilePath): null

27-11-2024T10:35:33 - [TEST_STEP][PASSED] - sheet01 = getExcelSheet(workbook01, sheetName): null

27-11-2024T10:35:33 - [TEST_STEP][PASSED] - setValueToCellByIndex(sheet01, n, 0, dashboardName): null

27-11-2024T10:35:33 - [TEST_STEP][PASSED] - setValueToCellByIndex(sheet01, n, 1, dZO): null

27-11-2024T10:35:33 - [TEST_STEP][PASSED] - setValueToCellByIndex(sheet01, n, 2, typeOfData): null

27-11-2024T10:35:33 - [TEST_STEP][PASSED] - if (typeOfData == "Факт в процентах" || typeOfData == "План в процентах"): null

27-11-2024T10:35:33 - [TEST_STEP][PASSED] - else: null

27-11-2024T10:35:33 - [TEST_STEP][PASSED] - setValueToCellByIndex(sheet01, n, 3, fileInt): null

27-11-2024T10:35:33 - [TEST_STEP][PASSED] - setValueToCellByIndex(sheet01, n, 4, pageInt): null

27-11-2024T10:35:33 - [TEST_STEP][PASSED] - setValueToCellByIndex(sheet01, n, 5, m): null

27-11-2024T10:35:33 - [TEST_STEP][PASSED] - setValueToCellByIndex(sheet01, n, 6, y): null

27-11-2024T10:35:33 - [TEST_STEP][PASSED] - setValueToCellByIndex(sheet01, n, 7, todaysDate): null

27-11-2024T10:35:33 - [TEST_STEP][PASSED] - n = n + 1: null

27-11-2024T10:35:33 - [TEST_STEP][PASSED] - saveWorkbook(excelFilePath, workbook01): null

27-11-2024T10:35:34 - [TEST_STEP][PASSED] - compare = pagePoteri: null

27-11-2024T10:35:34 - [TEST_STEP][PASSED] - if (compare == filePoteri): null

27-11-2024T10:35:34 - [TEST_STEP][PASSED] - else if (compare > filePoteri): null

27-11-2024T10:35:34 - [TEST_STEP][PASSED] - compare = compare - 1: null

27-11-2024T10:35:34 - [TEST_STEP][PASSED] - if (compare == filePoteri): null

27-11-2024T10:35:34 - [TEST_STEP][PASSED] - else: null

27-11-2024T10:35:34 - [TEST_STEP][PASSED] - numberOfErrors = numberOfErrors + 1: null

27-11-2024T10:35:34 - [TEST_STEP][PASSED] - pageInt = pagePoteri: null

27-11-2024T10:35:34 - [TEST_STEP][PASSED] - fileInt = filePoteri: null

27-11-2024T10:35:34 - [TEST_STEP][PASSED] - typeOfData = typeOfDataMain + " Потери": null

27-11-2024T10:35:34 - [TEST_STEP][PASSED] - Script1718980020443.WriteToExcel(a, typeOfData, todaysDate, pageInt, fileInt, pageDouble, fileDouble, dZO): null

27-11-2024T10:35:34 - [TEST_STEP][PASSED] - sheetName = "Sheet1": null

27-11-2024T10:35:34 - [TEST_STEP][PASSED] - data = findTestData("PlanFact"): null

27-11-2024T10:35:34 - [TEST_STEP][PASSED] - n = data.getRowNumbers() + 1: null

27-11-2024T10:35:34 - [TEST_STEP][PASSED] - year = todaysDate.substring(todaysDate.length() - 4, todaysDate.length()): null

27-11-2024T10:35:34 - [TEST_STEP][PASSED] - y = year.toInteger(): null

27-11-2024T10:35:34 - [TEST_STEP][PASSED] - m = getText(findTestObject("Выполнение бизнес-плана/Период")): Text of object 'Object Repository/Выполнение бизнес-плана/Период' is: '1, 2, 3 кв. 2024 года'

27-11-2024T10:35:34 - [MESSAGE][PASSED] - Text of object 'Object Repository/Выполнение бизнес-плана/Период' is: '1, 2, 3 кв. 2024 года'

27-11-2024T10:35:34 - [TEST_STEP][PASSED] - m = m.substring(0, m.indexOf("2024")): null

27-11-2024T10:35:34 - [TEST_STEP][PASSED] - m = m.trim(): null

27-11-2024T10:35:34 - [TEST_STEP][PASSED] - dashboardName = "Выполнение бизнес-плана": null

27-11-2024T10:35:34 - [TEST_STEP][PASSED] - workbook01 = getWorkbook(excelFilePath): null

27-11-2024T10:35:34 - [TEST_STEP][PASSED] - sheet01 = getExcelSheet(workbook01, sheetName): null

27-11-2024T10:35:34 - [TEST_STEP][PASSED] - setValueToCellByIndex(sheet01, n, 0, dashboardName): null

27-11-2024T10:35:34 - [TEST_STEP][PASSED] - setValueToCellByIndex(sheet01, n, 1, dZO): null

27-11-2024T10:35:34 - [TEST_STEP][PASSED] - setValueToCellByIndex(sheet01, n, 2, typeOfData): null

27-11-2024T10:35:34 - [TEST_STEP][PASSED] - if (typeOfData == "Факт в процентах" || typeOfData == "План в процентах"): null

27-11-2024T10:35:34 - [TEST_STEP][PASSED] - else: null

27-11-2024T10:35:34 - [TEST_STEP][PASSED] - setValueToCellByIndex(sheet01, n, 3, fileInt): null

27-11-2024T10:35:34 - [TEST_STEP][PASSED] - setValueToCellByIndex(sheet01, n, 4, pageInt): null

27-11-2024T10:35:34 - [TEST_STEP][PASSED] - setValueToCellByIndex(sheet01, n, 5, m): null

27-11-2024T10:35:34 - [TEST_STEP][PASSED] - setValueToCellByIndex(sheet01, n, 6, y): null

27-11-2024T10:35:34 - [TEST_STEP][PASSED] - setValueToCellByIndex(sheet01, n, 7, todaysDate): null

27-11-2024T10:35:34 - [TEST_STEP][PASSED] - n = n + 1: null

27-11-2024T10:35:34 - [TEST_STEP][PASSED] - saveWorkbook(excelFilePath, workbook01): null

27-11-2024T10:35:34 - [TEST_STEP][PASSED] - if (planFact == 2): null

27-11-2024T10:35:34 - [TEST_STEP][PASSED] - if (planFact == 1): null

27-11-2024T10:35:34 - [TEST_STEP][PASSED] - else if (planFact == 2): null

27-11-2024T10:35:34 - [TEST_STEP][PASSED] - click(findTestObject("Выполнение бизнес-плана/Кнопка План")): Object: 'Object Repository/Выполнение бизнес-плана/Кнопка План' is clicked on

27-11-2024T10:35:35 - [MESSAGE][PASSED] - Object: 'Object Repository/Выполнение бизнес-плана/Кнопка План' is clicked on

27-11-2024T10:35:35 - [TEST_STEP][PASSED] - typeOfDataMain = "План": null

27-11-2024T10:35:35 - [TEST_STEP][PASSED] - otpusk = findTestData("PlanFact").getValue(2, a): null

27-11-2024T10:35:35 - [TEST_STEP][PASSED] - poteri = findTestData("PlanFact").getValue(3, a): null

27-11-2024T10:35:35 - [TEST_STEP][PASSED] - otpusk = otpusk.replaceAll("\s+", ""): null

27-11-2024T10:35:35 - [TEST_STEP][PASSED] - poteri = poteri.replaceAll("\s+", ""): null

27-11-2024T10:35:35 - [TEST_STEP][PASSED] - typeOfData = typeOfDataMain + " Отпуск в сеть": null

27-11-2024T10:35:35 - [TEST_STEP][PASSED] - if (a == 82): null

27-11-2024T10:35:35 - [TEST_STEP][PASSED] - else if (a == 84): null

27-11-2024T10:35:35 - [TEST_STEP][PASSED] - else if (a == 52 || a == 72 || a == 28 || a == 73 || a == 77 || a == 74 || a == 65 || a == 36 || a == 44 || a == 53 || a == 80 || a == 54 || a == 1 || a == 18 || a == 59 || a == 81): null

27-11-2024T10:35:35 - [TEST_STEP][PASSED] - path = dataFolder + "Table Data/" + typeOfData + " за отчётный период " + dzoNum: null

27-11-2024T10:35:35 - [TEST_STEP][PASSED] - println(path): null

27-11-2024T10:35:35 - [TEST_STEP][PASSED] - page = getText(findTestObject(path)): Text of object 'Object Repository/Выполнение бизнес-плана/Значения со страницы Выполнение бизнес-плана/Table Data/План Отпуск в сеть за отчётный период 4' is: '44 875 501'

27-11-2024T10:35:35 - [MESSAGE][PASSED] - Text of object 'Object Repository/Выполнение бизнес-плана/Значения со страницы Выполнение бизнес-плана/Table Data/План Отпуск в сеть за отчётный период 4' is: '44 875 501'

27-11-2024T10:35:35 - [TEST_STEP][PASSED] - page = page.replaceAll("\s+", ""): null

27-11-2024T10:35:35 - [TEST_STEP][PASSED] - fileOtpuskVSet = otpusk.toInteger(): null

27-11-2024T10:35:35 - [TEST_STEP][PASSED] - pageOtpuskVSet = page.toInteger(): null

27-11-2024T10:35:35 - [TEST_STEP][PASSED] - typeOfData = typeOfDataMain + " Потери": null

27-11-2024T10:35:35 - [TEST_STEP][PASSED] - if (a == 82): null

27-11-2024T10:35:35 - [TEST_STEP][PASSED] - else if (a == 84): null

27-11-2024T10:35:35 - [TEST_STEP][PASSED] - else if (a == 52 || a == 72 || a == 28 || a == 73 || a == 77 || a == 74 || a == 65 || a == 36 || a == 44 || a == 53 || a == 80 || a == 54 || a == 1 || a == 18 || a == 59 || a == 81): null

27-11-2024T10:35:35 - [TEST_STEP][PASSED] - path = dataFolder + "Table Data/" + typeOfData + " за отчётный период " + dzoNum: null

27-11-2024T10:35:35 - [TEST_STEP][PASSED] - page = getText(findTestObject(path)): Text of object 'Object Repository/Выполнение бизнес-плана/Значения со страницы Выполнение бизнес-плана/Table Data/План Потери за отчётный период 4' is: '3 128 610'

27-11-2024T10:35:35 - [MESSAGE][PASSED] - Text of object 'Object Repository/Выполнение бизнес-плана/Значения со страницы Выполнение бизнес-плана/Table Data/План Потери за отчётный период 4' is: '3 128 610'

27-11-2024T10:35:35 - [TEST_STEP][PASSED] - page = page.replaceAll("\s+", ""): null

27-11-2024T10:35:35 - [TEST_STEP][PASSED] - filePoteri = poteri.toInteger(): null

27-11-2024T10:35:35 - [TEST_STEP][PASSED] - pagePoteri = page.toInteger(): null

27-11-2024T10:35:35 - [TEST_STEP][PASSED] - compare = pageOtpuskVSet: null

27-11-2024T10:35:35 - [TEST_STEP][PASSED] - if (compare == fileOtpuskVSet): null

27-11-2024T10:35:35 - [TEST_STEP][PASSED] - else if (compare > fileOtpuskVSet): null

27-11-2024T10:35:35 - [TEST_STEP][PASSED] - compare = compare - 1: null

27-11-2024T10:35:35 - [TEST_STEP][PASSED] - if (compare == fileOtpuskVSet): null

27-11-2024T10:35:35 - [TEST_STEP][PASSED] - else: null

27-11-2024T10:35:35 - [TEST_STEP][PASSED] - numberOfErrors = numberOfErrors + 1: null

27-11-2024T10:35:35 - [TEST_STEP][PASSED] - pageInt = pageOtpuskVSet: null

27-11-2024T10:35:35 - [TEST_STEP][PASSED] - fileInt = fileOtpuskVSet: null

27-11-2024T10:35:35 - [TEST_STEP][PASSED] - typeOfData = typeOfDataMain + " Отпуск в сеть": null

27-11-2024T10:35:35 - [TEST_STEP][PASSED] - Script1718980020443.WriteToExcel(a, typeOfData, todaysDate, pageInt, fileInt, pageDouble, fileDouble, dZO): null

27-11-2024T10:35:35 - [TEST_STEP][PASSED] - sheetName = "Sheet1": null

27-11-2024T10:35:35 - [TEST_STEP][PASSED] - data = findTestData("PlanFact"): null

27-11-2024T10:35:35 - [TEST_STEP][PASSED] - n = data.getRowNumbers() + 1: null

27-11-2024T10:35:35 - [TEST_STEP][PASSED] - year = todaysDate.substring(todaysDate.length() - 4, todaysDate.length()): null

27-11-2024T10:35:35 - [TEST_STEP][PASSED] - y = year.toInteger(): null

27-11-2024T10:35:35 - [TEST_STEP][PASSED] - m = getText(findTestObject("Выполнение бизнес-плана/Период")): Text of object 'Object Repository/Выполнение бизнес-плана/Период' is: '1, 2, 3 кв. 2024 года'

27-11-2024T10:35:36 - [MESSAGE][PASSED] - Text of object 'Object Repository/Выполнение бизнес-плана/Период' is: '1, 2, 3 кв. 2024 года'

27-11-2024T10:35:36 - [TEST_STEP][PASSED] - m = m.substring(0, m.indexOf("2024")): null

27-11-2024T10:35:36 - [TEST_STEP][PASSED] - m = m.trim(): null

27-11-2024T10:35:36 - [TEST_STEP][PASSED] - dashboardName = "Выполнение бизнес-плана": null

27-11-2024T10:35:36 - [TEST_STEP][PASSED] - workbook01 = getWorkbook(excelFilePath): null

27-11-2024T10:35:36 - [TEST_STEP][PASSED] - sheet01 = getExcelSheet(workbook01, sheetName): null

27-11-2024T10:35:36 - [TEST_STEP][PASSED] - setValueToCellByIndex(sheet01, n, 0, dashboardName): null

27-11-2024T10:35:36 - [TEST_STEP][PASSED] - setValueToCellByIndex(sheet01, n, 1, dZO): null

27-11-2024T10:35:36 - [TEST_STEP][PASSED] - setValueToCellByIndex(sheet01, n, 2, typeOfData): null

27-11-2024T10:35:36 - [TEST_STEP][PASSED] - if (typeOfData == "Факт в процентах" || typeOfData == "План в процентах"): null

27-11-2024T10:35:36 - [TEST_STEP][PASSED] - else: null

27-11-2024T10:35:36 - [TEST_STEP][PASSED] - setValueToCellByIndex(sheet01, n, 3, fileInt): null

27-11-2024T10:35:36 - [TEST_STEP][PASSED] - setValueToCellByIndex(sheet01, n, 4, pageInt): null

27-11-2024T10:35:36 - [TEST_STEP][PASSED] - setValueToCellByIndex(sheet01, n, 5, m): null

27-11-2024T10:35:36 - [TEST_STEP][PASSED] - setValueToCellByIndex(sheet01, n, 6, y): null

27-11-2024T10:35:36 - [TEST_STEP][PASSED] - setValueToCellByIndex(sheet01, n, 7, todaysDate): null

27-11-2024T10:35:36 - [TEST_STEP][PASSED] - n = n + 1: null

27-11-2024T10:35:36 - [TEST_STEP][PASSED] - saveWorkbook(excelFilePath, workbook01): null

27-11-2024T10:35:36 - [TEST_STEP][PASSED] - compare = pagePoteri: null

27-11-2024T10:35:36 - [TEST_STEP][PASSED] - if (compare == filePoteri): null

27-11-2024T10:35:36 - [TEST_STEP][PASSED] - else if (compare > filePoteri): null

27-11-2024T10:35:36 - [TEST_STEP][PASSED] - compare = compare - 1: null

27-11-2024T10:35:36 - [TEST_STEP][PASSED] - if (compare == filePoteri): null

27-11-2024T10:35:36 - [TEST_STEP][PASSED] - else: null

27-11-2024T10:35:36 - [TEST_STEP][PASSED] - numberOfErrors = numberOfErrors + 1: null

27-11-2024T10:35:36 - [TEST_STEP][PASSED] - pageInt = pagePoteri: null

27-11-2024T10:35:36 - [TEST_STEP][PASSED] - fileInt = filePoteri: null

27-11-2024T10:35:36 - [TEST_STEP][PASSED] - typeOfData = typeOfDataMain + " Потери": null

27-11-2024T10:35:36 - [TEST_STEP][PASSED] - Script1718980020443.WriteToExcel(a, typeOfData, todaysDate, pageInt, fileInt, pageDouble, fileDouble, dZO): null

27-11-2024T10:35:36 - [TEST_STEP][PASSED] - sheetName = "Sheet1": null

27-11-2024T10:35:36 - [TEST_STEP][PASSED] - data = findTestData("PlanFact"): null

27-11-2024T10:35:36 - [TEST_STEP][PASSED] - n = data.getRowNumbers() + 1: null

27-11-2024T10:35:36 - [TEST_STEP][PASSED] - year = todaysDate.substring(todaysDate.length() - 4, todaysDate.length()): null

27-11-2024T10:35:36 - [TEST_STEP][PASSED] - y = year.toInteger(): null

27-11-2024T10:35:36 - [TEST_STEP][PASSED] - m = getText(findTestObject("Выполнение бизнес-плана/Период")): Text of object 'Object Repository/Выполнение бизнес-плана/Период' is: '1, 2, 3 кв. 2024 года'

27-11-2024T10:35:36 - [MESSAGE][PASSED] - Text of object 'Object Repository/Выполнение бизнес-плана/Период' is: '1, 2, 3 кв. 2024 года'

27-11-2024T10:35:36 - [TEST_STEP][PASSED] - m = m.substring(0, m.indexOf("2024")): null

27-11-2024T10:35:36 - [TEST_STEP][PASSED] - m = m.trim(): null

27-11-2024T10:35:36 - [TEST_STEP][PASSED] - dashboardName = "Выполнение бизнес-плана": null

27-11-2024T10:35:36 - [TEST_STEP][PASSED] - workbook01 = getWorkbook(excelFilePath): null

27-11-2024T10:35:36 - [TEST_STEP][PASSED] - sheet01 = getExcelSheet(workbook01, sheetName): null

27-11-2024T10:35:36 - [TEST_STEP][PASSED] - setValueToCellByIndex(sheet01, n, 0, dashboardName): null

27-11-2024T10:35:36 - [TEST_STEP][PASSED] - setValueToCellByIndex(sheet01, n, 1, dZO): null

27-11-2024T10:35:36 - [TEST_STEP][PASSED] - setValueToCellByIndex(sheet01, n, 2, typeOfData): null

27-11-2024T10:35:36 - [TEST_STEP][PASSED] - if (typeOfData == "Факт в процентах" || typeOfData == "План в процентах"): null

27-11-2024T10:35:36 - [TEST_STEP][PASSED] - else: null

27-11-2024T10:35:36 - [TEST_STEP][PASSED] - setValueToCellByIndex(sheet01, n, 3, fileInt): null

27-11-2024T10:35:36 - [TEST_STEP][PASSED] - setValueToCellByIndex(sheet01, n, 4, pageInt): null

27-11-2024T10:35:36 - [TEST_STEP][PASSED] - setValueToCellByIndex(sheet01, n, 5, m): null

27-11-2024T10:35:36 - [TEST_STEP][PASSED] - setValueToCellByIndex(sheet01, n, 6, y): null

27-11-2024T10:35:36 - [TEST_STEP][PASSED] - setValueToCellByIndex(sheet01, n, 7, todaysDate): null

27-11-2024T10:35:36 - [TEST_STEP][PASSED] - n = n + 1: null

27-11-2024T10:35:36 - [TEST_STEP][PASSED] - saveWorkbook(excelFilePath, workbook01): Object: 'Object Repository/Выполнение бизнес-плана/Кнопка Факт' is clicked on

27-11-2024T10:35:36 - [TEST_STEP][PASSED] - if (planFact == 2): Object: 'Object Repository/Выполнение бизнес-плана/Кнопка Факт' is clicked on

27-11-2024T10:35:36 - [TEST_STEP][PASSED] - click(findTestObject("Выполнение бизнес-плана/Кнопка Факт")): Object: 'Object Repository/Выполнение бизнес-плана/Кнопка Факт' is clicked on

27-11-2024T10:35:37 - [MESSAGE][PASSED] - Object: 'Object Repository/Выполнение бизнес-плана/Кнопка Факт' is clicked on

27-11-2024T10:35:37 - [TEST_STEP][PASSED] - if (a == 84 || a == 82): null

27-11-2024T10:35:37 - [TEST_STEP][PASSED] - else if (a == 52 || a == 72 || a == 28 || a == 73 || a == 77 || a == 74 || a == 65 || a == 36 || a == 44 || a == 53 || a == 80 || a == 54 || a == 1 || a == 18 || a == 59 || a == 81): null

27-11-2024T10:35:37 - [TEST_STEP][PASSED] - page1 = getText(findTestObject("Object Repository/Выполнение бизнес-плана/spanPlan" + dzoNum)): Text of object 'Object Repository/Выполнение бизнес-плана/spanPlan4' is: '6.97
|'

27-11-2024T10:35:37 - [MESSAGE][PASSED] - Text of object 'Object Repository/Выполнение бизнес-плана/spanPlan4' is: '6.97
|'

27-11-2024T10:35:37 - [TEST_STEP][PASSED] - page1 = page1.replace("|", ""): null

27-11-2024T10:35:37 - [TEST_STEP][PASSED] - page2 = getText(findTestObject("Object Repository/Выполнение бизнес-плана/spanFact" + dzoNum)): Text of object 'Object Repository/Выполнение бизнес-плана/spanFact4' is: '6.92'

27-11-2024T10:35:37 - [MESSAGE][PASSED] - Text of object 'Object Repository/Выполнение бизнес-плана/spanFact4' is: '6.92'

27-11-2024T10:35:37 - [TEST_STEP][PASSED] - page2 = page2.replace("|", ""): null

27-11-2024T10:35:37 - [TEST_STEP][PASSED] - println("page1: " + page1): null

27-11-2024T10:35:37 - [TEST_STEP][PASSED] - println("page2: " + page2): null

27-11-2024T10:35:37 - [TEST_STEP][PASSED] - file = findTestData("PlanFact").getValue(4, a): null

27-11-2024T10:35:37 - [TEST_STEP][PASSED] - file = file.replace(",", "."): null

27-11-2024T10:35:37 - [TEST_STEP][PASSED] - println("file Plan: " + file): null

27-11-2024T10:35:37 - [TEST_STEP][PASSED] - typeOfData = "План в процентах": null

27-11-2024T10:35:37 - [TEST_STEP][PASSED] - fileDouble = file.toDouble(): null

27-11-2024T10:35:37 - [TEST_STEP][PASSED] - pageDouble = page1.toDouble(): null

27-11-2024T10:35:37 - [TEST_STEP][PASSED] - if (fileDouble != pageDouble): null

27-11-2024T10:35:37 - [TEST_STEP][PASSED] - numberOfErrors = numberOfErrors + 1: null

27-11-2024T10:35:37 - [TEST_STEP][PASSED] - Script1718980020443.WriteToExcel(a, typeOfData, todaysDate, pageInt, fileInt, pageDouble, fileDouble, dZO): null

27-11-2024T10:35:37 - [TEST_STEP][PASSED] - sheetName = "Sheet1": null

27-11-2024T10:35:37 - [TEST_STEP][PASSED] - data = findTestData("PlanFact"): null

27-11-2024T10:35:37 - [TEST_STEP][PASSED] - n = data.getRowNumbers() + 1: null

27-11-2024T10:35:37 - [TEST_STEP][PASSED] - year = todaysDate.substring(todaysDate.length() - 4, todaysDate.length()): null

27-11-2024T10:35:37 - [TEST_STEP][PASSED] - y = year.toInteger(): null

27-11-2024T10:35:37 - [TEST_STEP][PASSED] - m = getText(findTestObject("Выполнение бизнес-плана/Период")): Text of object 'Object Repository/Выполнение бизнес-плана/Период' is: '1, 2, 3 кв. 2024 года'

27-11-2024T10:35:38 - [MESSAGE][PASSED] - Text of object 'Object Repository/Выполнение бизнес-плана/Период' is: '1, 2, 3 кв. 2024 года'

27-11-2024T10:35:38 - [TEST_STEP][PASSED] - m = m.substring(0, m.indexOf("2024")): null

27-11-2024T10:35:38 - [TEST_STEP][PASSED] - m = m.trim(): null

27-11-2024T10:35:38 - [TEST_STEP][PASSED] - dashboardName = "Выполнение бизнес-плана": null

27-11-2024T10:35:38 - [TEST_STEP][PASSED] - workbook01 = getWorkbook(excelFilePath): null

27-11-2024T10:35:38 - [TEST_STEP][PASSED] - sheet01 = getExcelSheet(workbook01, sheetName): null

27-11-2024T10:35:38 - [TEST_STEP][PASSED] - setValueToCellByIndex(sheet01, n, 0, dashboardName): null

27-11-2024T10:35:38 - [TEST_STEP][PASSED] - setValueToCellByIndex(sheet01, n, 1, dZO): null

27-11-2024T10:35:38 - [TEST_STEP][PASSED] - setValueToCellByIndex(sheet01, n, 2, typeOfData): null

27-11-2024T10:35:38 - [TEST_STEP][PASSED] - if (typeOfData == "Факт в процентах" || typeOfData == "План в процентах"): null

27-11-2024T10:35:38 - [TEST_STEP][PASSED] - setValueToCellByIndex(sheet01, n, 3, fileDouble): null

27-11-2024T10:35:38 - [TEST_STEP][PASSED] - setValueToCellByIndex(sheet01, n, 4, pageDouble): null

27-11-2024T10:35:38 - [TEST_STEP][PASSED] - setValueToCellByIndex(sheet01, n, 5, m): null

27-11-2024T10:35:38 - [TEST_STEP][PASSED] - setValueToCellByIndex(sheet01, n, 6, y): null

27-11-2024T10:35:38 - [TEST_STEP][PASSED] - setValueToCellByIndex(sheet01, n, 7, todaysDate): null

27-11-2024T10:35:38 - [TEST_STEP][PASSED] - n = n + 1: null

27-11-2024T10:35:38 - [TEST_STEP][PASSED] - saveWorkbook(excelFilePath, workbook01): null

27-11-2024T10:35:38 - [TEST_STEP][PASSED] - file = findTestData("PlanFact").getValue(7, a): null

27-11-2024T10:35:38 - [TEST_STEP][PASSED] - file = file.replace(",", "."): null

27-11-2024T10:35:38 - [TEST_STEP][PASSED] - println("file Fact: " + file): null

27-11-2024T10:35:38 - [TEST_STEP][PASSED] - fileDouble = file.toDouble(): null

27-11-2024T10:35:38 - [TEST_STEP][PASSED] - typeOfData = "Факт в процентах": null

27-11-2024T10:35:38 - [TEST_STEP][PASSED] - fileDouble = file.toDouble(): null

27-11-2024T10:35:38 - [TEST_STEP][PASSED] - pageDouble = page2.toDouble(): null

27-11-2024T10:35:38 - [TEST_STEP][PASSED] - if (fileDouble != pageDouble): null

27-11-2024T10:35:38 - [TEST_STEP][PASSED] - numberOfErrors = numberOfErrors + 1: null

27-11-2024T10:35:38 - [TEST_STEP][PASSED] - Script1718980020443.WriteToExcel(a, typeOfData, todaysDate, pageInt, fileInt, pageDouble, fileDouble, dZO): null

27-11-2024T10:35:38 - [TEST_STEP][PASSED] - sheetName = "Sheet1": null

27-11-2024T10:35:38 - [TEST_STEP][PASSED] - data = findTestData("PlanFact"): null

27-11-2024T10:35:38 - [TEST_STEP][PASSED] - n = data.getRowNumbers() + 1: null

27-11-2024T10:35:38 - [TEST_STEP][PASSED] - year = todaysDate.substring(todaysDate.length() - 4, todaysDate.length()): null

27-11-2024T10:35:38 - [TEST_STEP][PASSED] - y = year.toInteger(): null

27-11-2024T10:35:38 - [TEST_STEP][PASSED] - m = getText(findTestObject("Выполнение бизнес-плана/Период")): Text of object 'Object Repository/Выполнение бизнес-плана/Период' is: '1, 2, 3 кв. 2024 года'

27-11-2024T10:35:39 - [MESSAGE][PASSED] - Text of object 'Object Repository/Выполнение бизнес-плана/Период' is: '1, 2, 3 кв. 2024 года'

27-11-2024T10:35:39 - [TEST_STEP][PASSED] - m = m.substring(0, m.indexOf("2024")): null

27-11-2024T10:35:39 - [TEST_STEP][PASSED] - m = m.trim(): null

27-11-2024T10:35:39 - [TEST_STEP][PASSED] - dashboardName = "Выполнение бизнес-плана": null

27-11-2024T10:35:39 - [TEST_STEP][PASSED] - workbook01 = getWorkbook(excelFilePath): null

27-11-2024T10:35:39 - [TEST_STEP][PASSED] - sheet01 = getExcelSheet(workbook01, sheetName): null

27-11-2024T10:35:39 - [TEST_STEP][PASSED] - setValueToCellByIndex(sheet01, n, 0, dashboardName): null

27-11-2024T10:35:39 - [TEST_STEP][PASSED] - setValueToCellByIndex(sheet01, n, 1, dZO): null

27-11-2024T10:35:39 - [TEST_STEP][PASSED] - setValueToCellByIndex(sheet01, n, 2, typeOfData): null

27-11-2024T10:35:39 - [TEST_STEP][PASSED] - if (typeOfData == "Факт в процентах" || typeOfData == "План в процентах"): null

27-11-2024T10:35:39 - [TEST_STEP][PASSED] - setValueToCellByIndex(sheet01, n, 3, fileDouble): null

27-11-2024T10:35:39 - [TEST_STEP][PASSED] - setValueToCellByIndex(sheet01, n, 4, pageDouble): null

27-11-2024T10:35:39 - [TEST_STEP][PASSED] - setValueToCellByIndex(sheet01, n, 5, m): null

27-11-2024T10:35:39 - [TEST_STEP][PASSED] - setValueToCellByIndex(sheet01, n, 6, y): null

27-11-2024T10:35:39 - [TEST_STEP][PASSED] - setValueToCellByIndex(sheet01, n, 7, todaysDate): null

27-11-2024T10:35:39 - [TEST_STEP][PASSED] - n = n + 1: null

27-11-2024T10:35:39 - [TEST_STEP][PASSED] - saveWorkbook(excelFilePath, workbook01): null

27-11-2024T10:35:39 - [TEST_STEP][FAILED] - if (verifyEqual(numberOfErrors, 0) == false): null

27-11-2024T10:35:39 - [MESSAGE][FAILED] - Unable to verify equal between actual object '6' and expected object '0' (Root cause: com.kms.katalon.core.exception.StepFailedException: Actual object '6' and expected object '0' are not equal
	at com.kms.katalon.core.keyword.builtin.VerifyEqualKeyword$_verifyEqual_closure1.doCall(VerifyEqualKeyword.groovy:58)
	at com.kms.katalon.core.keyword.builtin.VerifyEqualKeyword$_verifyEqual_closure1.call(VerifyEqualKeyword.groovy)
	at com.kms.katalon.core.keyword.internal.KeywordMain.runKeyword(KeywordMain.groovy:75)
	at com.kms.katalon.core.keyword.builtin.VerifyEqualKeyword.verifyEqual(VerifyEqualKeyword.groovy:63)
	at com.kms.katalon.core.keyword.builtin.VerifyEqualKeyword.execute(VerifyEqualKeyword.groovy:44)
	at com.kms.katalon.core.keyword.internal.KeywordExecutor.executeKeywordForPlatform(KeywordExecutor.groovy:74)
	at com.kms.katalon.core.keyword.BuiltinKeywords.verifyEqual(BuiltinKeywords.groovy:146)
	at java.base/jdk.internal.reflect.NativeMethodAccessorImpl.invoke0(Native Method)
	at java.base/jdk.internal.reflect.NativeMethodAccessorImpl.invoke(NativeMethodAccessorImpl.java:77)
	at java.base/jdk.internal.reflect.DelegatingMethodAccessorImpl.invoke(DelegatingMethodAccessorImpl.java:43)
	at Выполнение бизнес-плана Сверка ПАО Россети все филиалы.Numbers(Выполнение бизнес-плана Сверка ПАО Россети все филиалы:740)
	at Выполнение бизнес-плана Сверка ПАО Россети все филиалы.run(Выполнение бизнес-плана Сверка ПАО Россети все филиалы:332)
	at com.kms.katalon.core.main.ScriptEngine.run(ScriptEngine.java:194)
	at com.kms.katalon.core.main.ScriptEngine.runScriptAsRawText(ScriptEngine.java:119)
	at com.kms.katalon.core.main.TestCaseExecutor.runScript(TestCaseExecutor.java:448)
	at com.kms.katalon.core.main.TestCaseExecutor.doExecute(TestCaseExecutor.java:439)
	at com.kms.katalon.core.main.TestCaseExecutor.processExecutionPhase(TestCaseExecutor.java:418)
	at com.kms.katalon.core.main.TestCaseExecutor.accessMainPhase(TestCaseExecutor.java:410)
	at com.kms.katalon.core.main.TestCaseExecutor.execute(TestCaseExecutor.java:285)
	at com.kms.katalon.core.common.CommonExecutor.accessTestCaseMainPhase(CommonExecutor.java:65)
	at com.kms.katalon.core.main.TestSuiteExecutor.accessTestSuiteMainPhase(TestSuiteExecutor.java:150)
	at com.kms.katalon.core.main.TestSuiteExecutor.execute(TestSuiteExecutor.java:106)
	at com.kms.katalon.core.main.TestCaseMain.startTestSuite(TestCaseMain.java:180)
	at TempTestSuite1732692359995.run(TempTestSuite1732692359995.groovy:35)
	at java.base/jdk.internal.reflect.NativeMethodAccessorImpl.invoke0(Native Method)
	at java.base/jdk.internal.reflect.NativeMethodAccessorImpl.invoke(NativeMethodAccessorImpl.java:77)
	at java.base/jdk.internal.reflect.DelegatingMethodAccessorImpl.invoke(DelegatingMethodAccessorImpl.java:43)
)

27-11-2024T10:35:39 - [TEST_STEP][PASSED] - println(numberOfErrors): null

27-11-2024T10:35:39 - [TEST_STEP][PASSED] - if (a == 28 || a == 77 || a == 74 || a == 65 || a == 36 || a == 44 || a == 54 || a == 1 || a == 18 || a == 59): null

27-11-2024T10:35:39 - [TEST_STEP][PASSED] - Script1718980020443.Filials(a, typeOfData, todaysDate, pageInt, fileInt, pageDouble, fileDouble, dZO, dzoNum, filialNum): null

27-11-2024T10:35:39 - [TEST_STEP][PASSED] - i = <not implemented yet for class: org.codehaus.groovy.ast.expr.EmptyExpression>: null

27-11-2024T10:35:39 - [TEST_STEP][PASSED] - c = <not implemented yet for class: org.codehaus.groovy.ast.expr.EmptyExpression>: null

27-11-2024T10:35:39 - [TEST_STEP][PASSED] - page = <not implemented yet for class: org.codehaus.groovy.ast.expr.EmptyExpression>: null

27-11-2024T10:35:39 - [TEST_STEP][PASSED] - println(dZO): null

27-11-2024T10:35:39 - [TEST_STEP][PASSED] - reducedDZO = <not implemented yet for class: org.codehaus.groovy.ast.expr.EmptyExpression>: null

27-11-2024T10:35:39 - [TEST_STEP][PASSED] - reducedDZO = dZO.substring(dZO.indexOf(" ") + 1, dZO.length()): null

27-11-2024T10:35:39 - [TEST_STEP][PASSED] - if (reducedDZO.contains(" ")): null

27-11-2024T10:35:39 - [TEST_STEP][PASSED] - println(reducedDZO): null

27-11-2024T10:35:39 - [TEST_STEP][PASSED] - dzoCut = <not implemented yet for class: org.codehaus.groovy.ast.expr.EmptyExpression>: null

27-11-2024T10:35:39 - [TEST_STEP][PASSED] - Script1718980020443.DZO(a): null

27-11-2024T10:35:39 - [TEST_STEP][PASSED] - Script1718980020443.OpenFilter(): null

27-11-2024T10:35:39 - [TEST_STEP][PASSED] - click(findTestObject("Object Repository/Выполнение бизнес-плана/Фильтр ДЗО")): Object: 'Object Repository/Выполнение бизнес-плана/Фильтр ДЗО' is clicked on

27-11-2024T10:35:39 - [MESSAGE][PASSED] - Object: 'Object Repository/Выполнение бизнес-плана/Фильтр ДЗО' is clicked on

27-11-2024T10:35:39 - [TEST_STEP][PASSED] - click(findTestObject("Выполнение бизнес-плана/Снять выделение в фильтре ДЗО")): Object: 'Object Repository/Выполнение бизнес-плана/Снять выделение в фильтре ДЗО' is clicked on

27-11-2024T10:35:40 - [MESSAGE][PASSED] - Object: 'Object Repository/Выполнение бизнес-плана/Снять выделение в фильтре ДЗО' is clicked on

27-11-2024T10:35:40 - [TEST_STEP][PASSED] - Script1718980020443.OpenRSK(): null

27-11-2024T10:35:40 - [TEST_STEP][PASSED] - click(findTestObject("Выполнение бизнес-плана/Раскрыть список ПАО Россети в фильтре ДЗО")): Object: 'Object Repository/Выполнение бизнес-плана/Раскрыть список ПАО Россети в фильтре ДЗО' is clicked on

27-11-2024T10:35:40 - [MESSAGE][PASSED] - Object: 'Object Repository/Выполнение бизнес-плана/Раскрыть список ПАО Россети в фильтре ДЗО' is clicked on

27-11-2024T10:35:40 - [TEST_STEP][PASSED] - click(findTestObject("Выполнение бизнес-плана/Раскрыть список РаспредКомплекс в фильтре ДЗО")): Object: 'Object Repository/Выполнение бизнес-плана/Раскрыть список РаспредКомплекс в фильтре ДЗО' is clicked on

27-11-2024T10:35:40 - [MESSAGE][PASSED] - Object: 'Object Repository/Выполнение бизнес-плана/Раскрыть список РаспредКомплекс в фильтре ДЗО' is clicked on

27-11-2024T10:35:40 - [TEST_STEP][PASSED] - if (a == 28): null

27-11-2024T10:35:40 - [TEST_STEP][PASSED] - if (a == 77): null

27-11-2024T10:35:40 - [TEST_STEP][PASSED] - if (a == 74): null

27-11-2024T10:35:40 - [TEST_STEP][PASSED] - if (a == 65): null

27-11-2024T10:35:40 - [TEST_STEP][PASSED] - if (a == 36): null

27-11-2024T10:35:40 - [TEST_STEP][PASSED] - if (a == 44): Object: 'Object Repository/Выполнение бизнес-плана/Россети Сибирь' is clicked on

27-11-2024T10:35:40 - [TEST_STEP][PASSED] - scrollToElement(findTestObject("Общие объекты/Раскрыть список Россети Сибирь"), 30): Scroll to object 'Object Repository/Общие объекты/Раскрыть список Россети Сибирь' successfully

27-11-2024T10:35:41 - [MESSAGE][PASSED] - Scroll to object 'Object Repository/Общие объекты/Раскрыть список Россети Сибирь' successfully

27-11-2024T10:35:41 - [TEST_STEP][PASSED] - click(findTestObject("Выполнение бизнес-плана/Россети Сибирь")): Object: 'Object Repository/Выполнение бизнес-плана/Россети Сибирь' is clicked on

27-11-2024T10:35:41 - [MESSAGE][PASSED] - Object: 'Object Repository/Выполнение бизнес-плана/Россети Сибирь' is clicked on

27-11-2024T10:35:41 - [TEST_STEP][PASSED] - if (a == 54): null

27-11-2024T10:35:41 - [TEST_STEP][PASSED] - if (a == 1): null

27-11-2024T10:35:41 - [TEST_STEP][PASSED] - if (a == 18): null

27-11-2024T10:35:41 - [TEST_STEP][PASSED] - if (a == 59): null

27-11-2024T10:35:41 - [TEST_STEP][PASSED] - Script1718980020443.CloseFilter(): null

27-11-2024T10:35:41 - [TEST_STEP][PASSED] - scrollToElement(findTestObject("Выполнение бизнес-плана/Заголовок дашборда"), 30): Scroll to object 'Object Repository/Выполнение бизнес-плана/Заголовок дашборда' successfully

27-11-2024T10:35:42 - [MESSAGE][PASSED] - Scroll to object 'Object Repository/Выполнение бизнес-плана/Заголовок дашборда' successfully

27-11-2024T10:35:42 - [TEST_STEP][PASSED] - click(findTestObject("Object Repository/Выполнение бизнес-плана/Применить в фильтре ДЗО")): Object: 'Object Repository/Выполнение бизнес-плана/Применить в фильтре ДЗО' is clicked on

27-11-2024T10:35:42 - [MESSAGE][PASSED] - Object: 'Object Repository/Выполнение бизнес-плана/Применить в фильтре ДЗО' is clicked on

27-11-2024T10:35:42 - [TEST_STEP][PASSED] - Script1718980020443.ZakrytOpoveshenie(): null

27-11-2024T10:35:42 - [TEST_STEP][PASSED] - delay(10): Delayed 10 second(s)

27-11-2024T10:35:52 - [MESSAGE][PASSED] - Delayed 10 second(s)

27-11-2024T10:35:52 - [TEST_STEP][PASSED] - opoveshenie = getText(findTestObject("Выполнение бизнес-плана/Просьба обратить внимание")): Text of object 'Object Repository/Выполнение бизнес-плана/Просьба обратить внимание' is: ''

27-11-2024T10:36:10 - [MESSAGE][PASSED] - Text of object 'Object Repository/Выполнение бизнес-плана/Просьба обратить внимание' is: ''

27-11-2024T10:36:10 - [TEST_STEP][PASSED] - println(opoveshenie): null

27-11-2024T10:36:10 - [TEST_STEP][PASSED] - if (opoveshenie == "Просьба обратить внимание"): null

27-11-2024T10:36:10 - [TEST_STEP][PASSED] - page = getText(findTestObject("Object Repository/Выполнение бизнес-плана/Filials")): Text of object 'Object Repository/Выполнение бизнес-плана/Filials' is: 'Россети Сибирь
0
10
20
30
40
50
60
70'

27-11-2024T10:36:10 - [MESSAGE][PASSED] - Text of object 'Object Repository/Выполнение бизнес-плана/Filials' is: 'Россети Сибирь
0
10
20
30
40
50
60
70'

27-11-2024T10:36:10 - [TEST_STEP][PASSED] - println(page): null

27-11-2024T10:36:10 - [TEST_STEP][PASSED] - c = page.indexOf(reducedDZO): null

27-11-2024T10:36:10 - [TEST_STEP][PASSED] - if (c > -1): null

27-11-2024T10:36:10 - [TEST_STEP][PASSED] - click(findTestObject("Выполнение бизнес-плана/список")): Object: 'Object Repository/Выполнение бизнес-плана/список' is clicked on

27-11-2024T10:36:11 - [MESSAGE][PASSED] - Object: 'Object Repository/Выполнение бизнес-плана/список' is clicked on

27-11-2024T10:36:11 - [TEST_STEP][PASSED] - delay(10): Delayed 10 second(s)

27-11-2024T10:36:21 - [MESSAGE][PASSED] - Delayed 10 second(s)

27-11-2024T10:36:21 - [TEST_STEP][PASSED] - click(findTestObject("Выполнение бизнес-плана/Раскрытие списка")): Object: 'Object Repository/Выполнение бизнес-плана/Раскрытие списка' is clicked on

27-11-2024T10:36:21 - [MESSAGE][PASSED] - Object: 'Object Repository/Выполнение бизнес-плана/Раскрытие списка' is clicked on

27-11-2024T10:36:21 - [TEST_STEP][PASSED] - delay(10): Delayed 10 second(s)

27-11-2024T10:36:31 - [MESSAGE][PASSED] - Delayed 10 second(s)

27-11-2024T10:36:31 - [TEST_STEP][PASSED] - page = getText(findTestObject("Object Repository/Выполнение бизнес-плана/Filials")): Text of object 'Object Repository/Выполнение бизнес-плана/Filials' is: 'Алтайэнерго
Бурятэнерго
Красноярскэнерго
Кузбассэнерго-РЭС
Омскэнерго
Хакасэнерго
Читаэнерго
0
10
20
30
40
50
60
70'

27-11-2024T10:36:32 - [MESSAGE][PASSED] - Text of object 'Object Repository/Выполнение бизнес-плана/Filials' is: 'Алтайэнерго
Бурятэнерго
Красноярскэнерго
Кузбассэнерго-РЭС
Омскэнерго
Хакасэнерго
Читаэнерго
0
10
20
30
40
50
60
70'

27-11-2024T10:36:32 - [TEST_STEP][PASSED] - println(page): null

27-11-2024T10:36:32 - [TEST_STEP][PASSED] - c = page.indexOf(reducedDZO): null

27-11-2024T10:36:32 - [TEST_STEP][PASSED] - x2 = getText(findTestObject("Выполнение бизнес-плана/Список ДЗО старый")): Text of object 'Object Repository/Выполнение бизнес-плана/Список ДЗО старый' is: 'Алтайэнерго
Бурятэнерго
Красноярскэнерго
Кузбассэнерго-РЭС
Омскэнерго
Хакасэнерго
Читаэнерго
0
10
20
30
40
50
60
70'

27-11-2024T10:36:32 - [MESSAGE][PASSED] - Text of object 'Object Repository/Выполнение бизнес-плана/Список ДЗО старый' is: 'Алтайэнерго
Бурятэнерго
Красноярскэнерго
Кузбассэнерго-РЭС
Омскэнерго
Хакасэнерго
Читаэнерго
0
10
20
30
40
50
60
70'

27-11-2024T10:36:32 - [TEST_STEP][PASSED] - if (a == 28): null

27-11-2024T10:36:32 - [TEST_STEP][PASSED] - if (a == 77): null

27-11-2024T10:36:32 - [TEST_STEP][PASSED] - if (a == 74): null

27-11-2024T10:36:32 - [TEST_STEP][PASSED] - if (a == 65): null

27-11-2024T10:36:32 - [TEST_STEP][PASSED] - if (a == 1): null

27-11-2024T10:36:32 - [TEST_STEP][PASSED] - if (a == 18): null

27-11-2024T10:36:32 - [TEST_STEP][PASSED] - if (a == 36): null

27-11-2024T10:36:32 - [TEST_STEP][PASSED] - if (a == 44): null

27-11-2024T10:36:32 - [TEST_STEP][PASSED] - dZO = "Алтайэнерго": null

27-11-2024T10:36:32 - [TEST_STEP][PASSED] - a = 45: null

27-11-2024T10:36:32 - [TEST_STEP][PASSED] - if (x2.contains(dZO)): null

27-11-2024T10:36:32 - [TEST_STEP][PASSED] - filialNum = filialNum + 1: null

27-11-2024T10:36:32 - [TEST_STEP][PASSED] - Script1718980020443.Numbers(a, typeOfData, todaysDate, pageInt, fileInt, pageDouble, fileDouble, dZO, dzoNum, filialNum): null

27-11-2024T10:36:32 - [TEST_STEP][PASSED] - println(dzoNum): null

27-11-2024T10:36:32 - [TEST_STEP][PASSED] - planFact = <not implemented yet for class: org.codehaus.groovy.ast.expr.EmptyExpression>: null

27-11-2024T10:36:32 - [TEST_STEP][PASSED] - page = <not implemented yet for class: org.codehaus.groovy.ast.expr.EmptyExpression>: null

27-11-2024T10:36:32 - [TEST_STEP][PASSED] - page1 = <not implemented yet for class: org.codehaus.groovy.ast.expr.EmptyExpression>: null

27-11-2024T10:36:32 - [TEST_STEP][PASSED] - page2 = <not implemented yet for class: org.codehaus.groovy.ast.expr.EmptyExpression>: null

27-11-2024T10:36:32 - [TEST_STEP][PASSED] - filialNumberInRow = <not implemented yet for class: org.codehaus.groovy.ast.expr.EmptyExpression>: null

27-11-2024T10:36:32 - [TEST_STEP][PASSED] - filialsDzoNames = <not implemented yet for class: org.codehaus.groovy.ast.expr.EmptyExpression>: null

27-11-2024T10:36:32 - [TEST_STEP][PASSED] - numberOfFilials = <not implemented yet for class: org.codehaus.groovy.ast.expr.EmptyExpression>: null

27-11-2024T10:36:32 - [TEST_STEP][PASSED] - numberOfSpaces = <not implemented yet for class: org.codehaus.groovy.ast.expr.EmptyExpression>: null

27-11-2024T10:36:32 - [TEST_STEP][PASSED] - file = <not implemented yet for class: org.codehaus.groovy.ast.expr.EmptyExpression>: null

27-11-2024T10:36:32 - [TEST_STEP][PASSED] - otpusk = <not implemented yet for class: org.codehaus.groovy.ast.expr.EmptyExpression>: null

27-11-2024T10:36:32 - [TEST_STEP][PASSED] - poteri = <not implemented yet for class: org.codehaus.groovy.ast.expr.EmptyExpression>: null

27-11-2024T10:36:32 - [TEST_STEP][PASSED] - dataFolder = "Выполнение бизнес-плана/Значения со страницы Выполнение бизнес-плана/": null

27-11-2024T10:36:32 - [TEST_STEP][PASSED] - path = <not implemented yet for class: org.codehaus.groovy.ast.expr.EmptyExpression>: null

27-11-2024T10:36:32 - [TEST_STEP][PASSED] - typeOfDataMain = <not implemented yet for class: org.codehaus.groovy.ast.expr.EmptyExpression>: null

27-11-2024T10:36:32 - [TEST_STEP][PASSED] - fileOtpuskVSet = <not implemented yet for class: org.codehaus.groovy.ast.expr.EmptyExpression>: null

27-11-2024T10:36:32 - [TEST_STEP][PASSED] - pageOtpuskVSet = <not implemented yet for class: org.codehaus.groovy.ast.expr.EmptyExpression>: null

27-11-2024T10:36:32 - [TEST_STEP][PASSED] - filePoteri = <not implemented yet for class: org.codehaus.groovy.ast.expr.EmptyExpression>: null

27-11-2024T10:36:32 - [TEST_STEP][PASSED] - pagePoteri = <not implemented yet for class: org.codehaus.groovy.ast.expr.EmptyExpression>: null

27-11-2024T10:36:32 - [TEST_STEP][PASSED] - compare = <not implemented yet for class: org.codehaus.groovy.ast.expr.EmptyExpression>: null

27-11-2024T10:36:32 - [TEST_STEP][PASSED] - b = <not implemented yet for class: org.codehaus.groovy.ast.expr.EmptyExpression>: null

27-11-2024T10:36:32 - [TEST_STEP][PASSED] - i = <not implemented yet for class: org.codehaus.groovy.ast.expr.EmptyExpression>: null

27-11-2024T10:36:32 - [TEST_STEP][PASSED] - ii = <not implemented yet for class: org.codehaus.groovy.ast.expr.EmptyExpression>: null

27-11-2024T10:36:32 - [TEST_STEP][PASSED] - c = <not implemented yet for class: org.codehaus.groovy.ast.expr.EmptyExpression>: null

27-11-2024T10:36:32 - [TEST_STEP][PASSED] - numberOfErrors = 0: null

27-11-2024T10:36:32 - [TEST_STEP][PASSED] - if (a == 82): null

27-11-2024T10:36:32 - [TEST_STEP][PASSED] - b = findTestData("PlanFact").getValue(1, a): null

27-11-2024T10:36:32 - [TEST_STEP][PASSED] - i = b.indexOf(" (ГК)"): null

27-11-2024T10:36:32 - [TEST_STEP][PASSED] - if (i > -1): null

27-11-2024T10:36:32 - [TEST_STEP][PASSED] - i = b.indexOf("О ""): null

27-11-2024T10:36:32 - [TEST_STEP][PASSED] - if (i > -1): null

27-11-2024T10:36:32 - [TEST_STEP][PASSED] - i = b.indexOf("О «"): null

27-11-2024T10:36:32 - [TEST_STEP][PASSED] - if (i > -1): null

27-11-2024T10:36:32 - [TEST_STEP][PASSED] - i = b.indexOf("г. "): null

27-11-2024T10:36:32 - [TEST_STEP][PASSED] - if (i > -1): null

27-11-2024T10:36:32 - [TEST_STEP][PASSED] - println(b): null

27-11-2024T10:36:32 - [TEST_STEP][PASSED] - for ([planFact = 1, planFact < 3, (planFact++)]): Object: 'Object Repository/Выполнение бизнес-плана/Кнопка Факт' is clicked on

27-11-2024T10:36:32 - [TEST_STEP][PASSED] - if (planFact == 1): null

27-11-2024T10:36:32 - [TEST_STEP][PASSED] - typeOfDataMain = "Факт": null

27-11-2024T10:36:32 - [TEST_STEP][PASSED] - otpusk = findTestData("PlanFact").getValue(5, a): null

27-11-2024T10:36:32 - [TEST_STEP][PASSED] - poteri = findTestData("PlanFact").getValue(6, a): null

27-11-2024T10:36:32 - [TEST_STEP][PASSED] - otpusk = otpusk.replaceAll("\s+", ""): null

27-11-2024T10:36:32 - [TEST_STEP][PASSED] - poteri = poteri.replaceAll("\s+", ""): null

27-11-2024T10:36:32 - [TEST_STEP][PASSED] - typeOfData = typeOfDataMain + " Отпуск в сеть": null

27-11-2024T10:36:32 - [TEST_STEP][PASSED] - if (a == 82): null

27-11-2024T10:36:32 - [TEST_STEP][PASSED] - else if (a == 84): null

27-11-2024T10:36:32 - [TEST_STEP][PASSED] - else if (a == 52 || a == 72 || a == 28 || a == 73 || a == 77 || a == 74 || a == 65 || a == 36 || a == 44 || a == 53 || a == 80 || a == 54 || a == 1 || a == 18 || a == 59 || a == 81): null

27-11-2024T10:36:32 - [TEST_STEP][PASSED] - else: null

27-11-2024T10:36:32 - [TEST_STEP][PASSED] - path = dataFolder + typeOfData + " за отчётный период " + b: null

27-11-2024T10:36:32 - [TEST_STEP][PASSED] - println(path): null

27-11-2024T10:36:32 - [TEST_STEP][PASSED] - page = getText(findTestObject(path)): Text of object 'Object Repository/Выполнение бизнес-плана/Значения со страницы Выполнение бизнес-плана/Факт Отпуск в сеть за отчётный период Алтайэнерго' is: '6 470 567'

27-11-2024T10:36:32 - [MESSAGE][PASSED] - Text of object 'Object Repository/Выполнение бизнес-плана/Значения со страницы Выполнение бизнес-плана/Факт Отпуск в сеть за отчётный период Алтайэнерго' is: '6 470 567'

27-11-2024T10:36:32 - [TEST_STEP][PASSED] - page = page.replaceAll("\s+", ""): null

27-11-2024T10:36:32 - [TEST_STEP][PASSED] - fileOtpuskVSet = otpusk.toInteger(): null

27-11-2024T10:36:32 - [TEST_STEP][PASSED] - pageOtpuskVSet = page.toInteger(): null

27-11-2024T10:36:32 - [TEST_STEP][PASSED] - typeOfData = typeOfDataMain + " Потери": null

27-11-2024T10:36:32 - [TEST_STEP][PASSED] - if (a == 82): null

27-11-2024T10:36:32 - [TEST_STEP][PASSED] - else if (a == 84): null

27-11-2024T10:36:32 - [TEST_STEP][PASSED] - else if (a == 52 || a == 72 || a == 28 || a == 73 || a == 77 || a == 74 || a == 65 || a == 36 || a == 44 || a == 53 || a == 80 || a == 54 || a == 1 || a == 18 || a == 59 || a == 81): null

27-11-2024T10:36:32 - [TEST_STEP][PASSED] - else: null

27-11-2024T10:36:32 - [TEST_STEP][PASSED] - path = dataFolder + typeOfData + " за отчётный период " + b: null

27-11-2024T10:36:32 - [TEST_STEP][PASSED] - page = getText(findTestObject(path)): Text of object 'Object Repository/Выполнение бизнес-плана/Значения со страницы Выполнение бизнес-плана/Факт Потери за отчётный период Алтайэнерго' is: '426 419'

27-11-2024T10:36:33 - [MESSAGE][PASSED] - Text of object 'Object Repository/Выполнение бизнес-плана/Значения со страницы Выполнение бизнес-плана/Факт Потери за отчётный период Алтайэнерго' is: '426 419'

27-11-2024T10:36:33 - [TEST_STEP][PASSED] - page = page.replaceAll("\s+", ""): null

27-11-2024T10:36:33 - [TEST_STEP][PASSED] - filePoteri = poteri.toInteger(): null

27-11-2024T10:36:33 - [TEST_STEP][PASSED] - pagePoteri = page.toInteger(): null

27-11-2024T10:36:33 - [TEST_STEP][PASSED] - compare = pageOtpuskVSet: null

27-11-2024T10:36:33 - [TEST_STEP][PASSED] - if (compare == fileOtpuskVSet): null

27-11-2024T10:36:33 - [TEST_STEP][PASSED] - if (compare == fileOtpuskVSet): null

27-11-2024T10:36:33 - [TEST_STEP][PASSED] - compare = pagePoteri: null

27-11-2024T10:36:33 - [TEST_STEP][PASSED] - if (compare == filePoteri): null

27-11-2024T10:36:33 - [TEST_STEP][PASSED] - if (compare == filePoteri): null

27-11-2024T10:36:33 - [TEST_STEP][PASSED] - if (planFact == 2): null

27-11-2024T10:36:33 - [TEST_STEP][PASSED] - if (planFact == 1): null

27-11-2024T10:36:33 - [TEST_STEP][PASSED] - else if (planFact == 2): null

27-11-2024T10:36:33 - [TEST_STEP][PASSED] - click(findTestObject("Выполнение бизнес-плана/Кнопка План")): Object: 'Object Repository/Выполнение бизнес-плана/Кнопка План' is clicked on

27-11-2024T10:36:33 - [MESSAGE][PASSED] - Object: 'Object Repository/Выполнение бизнес-плана/Кнопка План' is clicked on

27-11-2024T10:36:33 - [TEST_STEP][PASSED] - typeOfDataMain = "План": null

27-11-2024T10:36:33 - [TEST_STEP][PASSED] - otpusk = findTestData("PlanFact").getValue(2, a): null

27-11-2024T10:36:33 - [TEST_STEP][PASSED] - poteri = findTestData("PlanFact").getValue(3, a): null

27-11-2024T10:36:33 - [TEST_STEP][PASSED] - otpusk = otpusk.replaceAll("\s+", ""): null

27-11-2024T10:36:33 - [TEST_STEP][PASSED] - poteri = poteri.replaceAll("\s+", ""): null

27-11-2024T10:36:33 - [TEST_STEP][PASSED] - typeOfData = typeOfDataMain + " Отпуск в сеть": null

27-11-2024T10:36:33 - [TEST_STEP][PASSED] - if (a == 82): null

27-11-2024T10:36:33 - [TEST_STEP][PASSED] - else if (a == 84): null

27-11-2024T10:36:33 - [TEST_STEP][PASSED] - else if (a == 52 || a == 72 || a == 28 || a == 73 || a == 77 || a == 74 || a == 65 || a == 36 || a == 44 || a == 53 || a == 80 || a == 54 || a == 1 || a == 18 || a == 59 || a == 81): null

27-11-2024T10:36:33 - [TEST_STEP][PASSED] - else: null

27-11-2024T10:36:33 - [TEST_STEP][PASSED] - path = dataFolder + typeOfData + " за отчётный период " + b: null

27-11-2024T10:36:33 - [TEST_STEP][PASSED] - println(path): null

27-11-2024T10:36:33 - [TEST_STEP][PASSED] - page = getText(findTestObject(path)): Text of object 'Object Repository/Выполнение бизнес-плана/Значения со страницы Выполнение бизнес-плана/План Отпуск в сеть за отчётный период Алтайэнерго' is: '6 173 023'

27-11-2024T10:36:33 - [MESSAGE][PASSED] - Text of object 'Object Repository/Выполнение бизнес-плана/Значения со страницы Выполнение бизнес-плана/План Отпуск в сеть за отчётный период Алтайэнерго' is: '6 173 023'

27-11-2024T10:36:33 - [TEST_STEP][PASSED] - page = page.replaceAll("\s+", ""): null

27-11-2024T10:36:33 - [TEST_STEP][PASSED] - fileOtpuskVSet = otpusk.toInteger(): null

27-11-2024T10:36:33 - [TEST_STEP][PASSED] - pageOtpuskVSet = page.toInteger(): null

27-11-2024T10:36:33 - [TEST_STEP][PASSED] - typeOfData = typeOfDataMain + " Потери": null

27-11-2024T10:36:33 - [TEST_STEP][PASSED] - if (a == 82): null

27-11-2024T10:36:33 - [TEST_STEP][PASSED] - else if (a == 84): null

27-11-2024T10:36:33 - [TEST_STEP][PASSED] - else if (a == 52 || a == 72 || a == 28 || a == 73 || a == 77 || a == 74 || a == 65 || a == 36 || a == 44 || a == 53 || a == 80 || a == 54 || a == 1 || a == 18 || a == 59 || a == 81): null

27-11-2024T10:36:33 - [TEST_STEP][PASSED] - else: null

27-11-2024T10:36:33 - [TEST_STEP][PASSED] - path = dataFolder + typeOfData + " за отчётный период " + b: null

27-11-2024T10:36:33 - [TEST_STEP][PASSED] - page = getText(findTestObject(path)): Text of object 'Object Repository/Выполнение бизнес-плана/Значения со страницы Выполнение бизнес-плана/План Потери за отчётный период Алтайэнерго' is: '410 152'

27-11-2024T10:36:34 - [MESSAGE][PASSED] - Text of object 'Object Repository/Выполнение бизнес-плана/Значения со страницы Выполнение бизнес-плана/План Потери за отчётный период Алтайэнерго' is: '410 152'

27-11-2024T10:36:34 - [TEST_STEP][PASSED] - page = page.replaceAll("\s+", ""): null

27-11-2024T10:36:34 - [TEST_STEP][PASSED] - filePoteri = poteri.toInteger(): null

27-11-2024T10:36:34 - [TEST_STEP][PASSED] - pagePoteri = page.toInteger(): null

27-11-2024T10:36:34 - [TEST_STEP][PASSED] - compare = pageOtpuskVSet: null

27-11-2024T10:36:34 - [TEST_STEP][PASSED] - if (compare == fileOtpuskVSet): null

27-11-2024T10:36:34 - [TEST_STEP][PASSED] - if (compare == fileOtpuskVSet): null

27-11-2024T10:36:34 - [TEST_STEP][PASSED] - compare = pagePoteri: null

27-11-2024T10:36:34 - [TEST_STEP][PASSED] - if (compare == filePoteri): null

27-11-2024T10:36:34 - [TEST_STEP][PASSED] - if (compare == filePoteri): null

27-11-2024T10:36:34 - [TEST_STEP][PASSED] - if (planFact == 2): Object: 'Object Repository/Выполнение бизнес-плана/Кнопка Факт' is clicked on

27-11-2024T10:36:34 - [TEST_STEP][PASSED] - click(findTestObject("Выполнение бизнес-плана/Кнопка Факт")): Object: 'Object Repository/Выполнение бизнес-плана/Кнопка Факт' is clicked on

27-11-2024T10:36:34 - [MESSAGE][PASSED] - Object: 'Object Repository/Выполнение бизнес-плана/Кнопка Факт' is clicked on

27-11-2024T10:36:34 - [TEST_STEP][PASSED] - if (a == 84 || a == 82): null

27-11-2024T10:36:34 - [TEST_STEP][PASSED] - else if (a == 52 || a == 72 || a == 28 || a == 73 || a == 77 || a == 74 || a == 65 || a == 36 || a == 44 || a == 53 || a == 80 || a == 54 || a == 1 || a == 18 || a == 59 || a == 81): null

27-11-2024T10:36:34 - [TEST_STEP][PASSED] - else: null

27-11-2024T10:36:34 - [TEST_STEP][PASSED] - page1 = getText(findTestObject("Object Repository/Выполнение бизнес-плана/spanPlan" + filialNum)): Text of object 'Object Repository/Выполнение бизнес-плана/spanPlan1' is: '6.64
|'

27-11-2024T10:36:34 - [MESSAGE][PASSED] - Text of object 'Object Repository/Выполнение бизнес-плана/spanPlan1' is: '6.64
|'

27-11-2024T10:36:34 - [TEST_STEP][PASSED] - page1 = page1.replace("|", ""): null

27-11-2024T10:36:34 - [TEST_STEP][PASSED] - page2 = getText(findTestObject("Object Repository/Выполнение бизнес-плана/spanFact" + filialNum)): Text of object 'Object Repository/Выполнение бизнес-плана/spanFact1' is: '6.59
|'

27-11-2024T10:36:35 - [MESSAGE][PASSED] - Text of object 'Object Repository/Выполнение бизнес-плана/spanFact1' is: '6.59
|'

27-11-2024T10:36:35 - [TEST_STEP][PASSED] - page2 = page2.replace("|", ""): null

27-11-2024T10:36:35 - [TEST_STEP][PASSED] - println("page1: " + page1): null

27-11-2024T10:36:35 - [TEST_STEP][PASSED] - println("page2: " + page2): null

27-11-2024T10:36:35 - [TEST_STEP][PASSED] - file = findTestData("PlanFact").getValue(4, a): null

27-11-2024T10:36:35 - [TEST_STEP][PASSED] - file = file.replace(",", "."): null

27-11-2024T10:36:35 - [TEST_STEP][PASSED] - println("file Plan: " + file): null

27-11-2024T10:36:35 - [TEST_STEP][PASSED] - typeOfData = "План в процентах": null

27-11-2024T10:36:35 - [TEST_STEP][PASSED] - fileDouble = file.toDouble(): null

27-11-2024T10:36:35 - [TEST_STEP][PASSED] - pageDouble = page1.toDouble(): null

27-11-2024T10:36:35 - [TEST_STEP][PASSED] - if (fileDouble != pageDouble): null

27-11-2024T10:36:35 - [TEST_STEP][PASSED] - file = findTestData("PlanFact").getValue(7, a): null

27-11-2024T10:36:35 - [TEST_STEP][PASSED] - file = file.replace(",", "."): null

27-11-2024T10:36:35 - [TEST_STEP][PASSED] - println("file Fact: " + file): null

27-11-2024T10:36:35 - [TEST_STEP][PASSED] - fileDouble = file.toDouble(): null

27-11-2024T10:36:35 - [TEST_STEP][PASSED] - typeOfData = "Факт в процентах": null

27-11-2024T10:36:35 - [TEST_STEP][PASSED] - fileDouble = file.toDouble(): null

27-11-2024T10:36:35 - [TEST_STEP][PASSED] - pageDouble = page2.toDouble(): null

27-11-2024T10:36:35 - [TEST_STEP][PASSED] - if (fileDouble != pageDouble): null

27-11-2024T10:36:35 - [TEST_STEP][PASSED] - if (verifyEqual(numberOfErrors, 0) == false): Actual object '0' and expected object '0' are equal

27-11-2024T10:36:35 - [MESSAGE][PASSED] - Actual object '0' and expected object '0' are equal

27-11-2024T10:36:35 - [TEST_STEP][PASSED] - if (a == 82): null

27-11-2024T10:36:35 - [TEST_STEP][PASSED] - dZO = "Бурятэнерго": null

27-11-2024T10:36:35 - [TEST_STEP][PASSED] - a = 46: null

27-11-2024T10:36:35 - [TEST_STEP][PASSED] - if (x2.contains(dZO)): null

27-11-2024T10:36:35 - [TEST_STEP][PASSED] - filialNum = filialNum + 1: null

27-11-2024T10:36:35 - [TEST_STEP][PASSED] - Script1718980020443.Numbers(a, typeOfData, todaysDate, pageInt, fileInt, pageDouble, fileDouble, dZO, dzoNum, filialNum): null

27-11-2024T10:36:35 - [TEST_STEP][PASSED] - println(dzoNum): null

27-11-2024T10:36:35 - [TEST_STEP][PASSED] - planFact = <not implemented yet for class: org.codehaus.groovy.ast.expr.EmptyExpression>: null

27-11-2024T10:36:35 - [TEST_STEP][PASSED] - page = <not implemented yet for class: org.codehaus.groovy.ast.expr.EmptyExpression>: null

27-11-2024T10:36:35 - [TEST_STEP][PASSED] - page1 = <not implemented yet for class: org.codehaus.groovy.ast.expr.EmptyExpression>: null

27-11-2024T10:36:35 - [TEST_STEP][PASSED] - page2 = <not implemented yet for class: org.codehaus.groovy.ast.expr.EmptyExpression>: null

27-11-2024T10:36:35 - [TEST_STEP][PASSED] - filialNumberInRow = <not implemented yet for class: org.codehaus.groovy.ast.expr.EmptyExpression>: null

27-11-2024T10:36:35 - [TEST_STEP][PASSED] - filialsDzoNames = <not implemented yet for class: org.codehaus.groovy.ast.expr.EmptyExpression>: null

27-11-2024T10:36:35 - [TEST_STEP][PASSED] - numberOfFilials = <not implemented yet for class: org.codehaus.groovy.ast.expr.EmptyExpression>: null

27-11-2024T10:36:35 - [TEST_STEP][PASSED] - numberOfSpaces = <not implemented yet for class: org.codehaus.groovy.ast.expr.EmptyExpression>: null

27-11-2024T10:36:35 - [TEST_STEP][PASSED] - file = <not implemented yet for class: org.codehaus.groovy.ast.expr.EmptyExpression>: null

27-11-2024T10:36:35 - [TEST_STEP][PASSED] - otpusk = <not implemented yet for class: org.codehaus.groovy.ast.expr.EmptyExpression>: null

27-11-2024T10:36:35 - [TEST_STEP][PASSED] - poteri = <not implemented yet for class: org.codehaus.groovy.ast.expr.EmptyExpression>: null

27-11-2024T10:36:35 - [TEST_STEP][PASSED] - dataFolder = "Выполнение бизнес-плана/Значения со страницы Выполнение бизнес-плана/": null

27-11-2024T10:36:35 - [TEST_STEP][PASSED] - path = <not implemented yet for class: org.codehaus.groovy.ast.expr.EmptyExpression>: null

27-11-2024T10:36:35 - [TEST_STEP][PASSED] - typeOfDataMain = <not implemented yet for class: org.codehaus.groovy.ast.expr.EmptyExpression>: null

27-11-2024T10:36:35 - [TEST_STEP][PASSED] - fileOtpuskVSet = <not implemented yet for class: org.codehaus.groovy.ast.expr.EmptyExpression>: null

27-11-2024T10:36:35 - [TEST_STEP][PASSED] - pageOtpuskVSet = <not implemented yet for class: org.codehaus.groovy.ast.expr.EmptyExpression>: null

27-11-2024T10:36:35 - [TEST_STEP][PASSED] - filePoteri = <not implemented yet for class: org.codehaus.groovy.ast.expr.EmptyExpression>: null

27-11-2024T10:36:35 - [TEST_STEP][PASSED] - pagePoteri = <not implemented yet for class: org.codehaus.groovy.ast.expr.EmptyExpression>: null

27-11-2024T10:36:35 - [TEST_STEP][PASSED] - compare = <not implemented yet for class: org.codehaus.groovy.ast.expr.EmptyExpression>: null

27-11-2024T10:36:35 - [TEST_STEP][PASSED] - b = <not implemented yet for class: org.codehaus.groovy.ast.expr.EmptyExpression>: null

27-11-2024T10:36:35 - [TEST_STEP][PASSED] - i = <not implemented yet for class: org.codehaus.groovy.ast.expr.EmptyExpression>: null

27-11-2024T10:36:35 - [TEST_STEP][PASSED] - ii = <not implemented yet for class: org.codehaus.groovy.ast.expr.EmptyExpression>: null

27-11-2024T10:36:35 - [TEST_STEP][PASSED] - c = <not implemented yet for class: org.codehaus.groovy.ast.expr.EmptyExpression>: null

27-11-2024T10:36:35 - [TEST_STEP][PASSED] - numberOfErrors = 0: null

27-11-2024T10:36:35 - [TEST_STEP][PASSED] - if (a == 82): null

27-11-2024T10:36:35 - [TEST_STEP][PASSED] - b = findTestData("PlanFact").getValue(1, a): null

27-11-2024T10:36:35 - [TEST_STEP][PASSED] - i = b.indexOf(" (ГК)"): null

27-11-2024T10:36:35 - [TEST_STEP][PASSED] - if (i > -1): null

27-11-2024T10:36:35 - [TEST_STEP][PASSED] - i = b.indexOf("О ""): null

27-11-2024T10:36:35 - [TEST_STEP][PASSED] - if (i > -1): null

27-11-2024T10:36:35 - [TEST_STEP][PASSED] - i = b.indexOf("О «"): null

27-11-2024T10:36:35 - [TEST_STEP][PASSED] - if (i > -1): null

27-11-2024T10:36:35 - [TEST_STEP][PASSED] - i = b.indexOf("г. "): null

27-11-2024T10:36:35 - [TEST_STEP][PASSED] - if (i > -1): null

27-11-2024T10:36:35 - [TEST_STEP][PASSED] - println(b): null

27-11-2024T10:36:35 - [TEST_STEP][PASSED] - for ([planFact = 1, planFact < 3, (planFact++)]): Object: 'Object Repository/Выполнение бизнес-плана/Кнопка Факт' is clicked on

27-11-2024T10:36:35 - [TEST_STEP][PASSED] - if (planFact == 1): null

27-11-2024T10:36:35 - [TEST_STEP][PASSED] - typeOfDataMain = "Факт": null

27-11-2024T10:36:35 - [TEST_STEP][PASSED] - otpusk = findTestData("PlanFact").getValue(5, a): null

27-11-2024T10:36:35 - [TEST_STEP][PASSED] - poteri = findTestData("PlanFact").getValue(6, a): null

27-11-2024T10:36:35 - [TEST_STEP][PASSED] - otpusk = otpusk.replaceAll("\s+", ""): null

27-11-2024T10:36:35 - [TEST_STEP][PASSED] - poteri = poteri.replaceAll("\s+", ""): null

27-11-2024T10:36:35 - [TEST_STEP][PASSED] - typeOfData = typeOfDataMain + " Отпуск в сеть": null

27-11-2024T10:36:35 - [TEST_STEP][PASSED] - if (a == 82): null

27-11-2024T10:36:35 - [TEST_STEP][PASSED] - else if (a == 84): null

27-11-2024T10:36:35 - [TEST_STEP][PASSED] - else if (a == 52 || a == 72 || a == 28 || a == 73 || a == 77 || a == 74 || a == 65 || a == 36 || a == 44 || a == 53 || a == 80 || a == 54 || a == 1 || a == 18 || a == 59 || a == 81): null

27-11-2024T10:36:35 - [TEST_STEP][PASSED] - else: null

27-11-2024T10:36:35 - [TEST_STEP][PASSED] - path = dataFolder + typeOfData + " за отчётный период " + b: null

27-11-2024T10:36:35 - [TEST_STEP][PASSED] - println(path): null

27-11-2024T10:36:35 - [TEST_STEP][PASSED] - page = getText(findTestObject(path)): Text of object 'Object Repository/Выполнение бизнес-плана/Значения со страницы Выполнение бизнес-плана/Факт Отпуск в сеть за отчётный период Бурятэнерго' is: '3 766 037'

27-11-2024T10:36:35 - [MESSAGE][PASSED] - Text of object 'Object Repository/Выполнение бизнес-плана/Значения со страницы Выполнение бизнес-плана/Факт Отпуск в сеть за отчётный период Бурятэнерго' is: '3 766 037'

27-11-2024T10:36:35 - [TEST_STEP][PASSED] - page = page.replaceAll("\s+", ""): null

27-11-2024T10:36:35 - [TEST_STEP][PASSED] - fileOtpuskVSet = otpusk.toInteger(): null

27-11-2024T10:36:35 - [TEST_STEP][PASSED] - pageOtpuskVSet = page.toInteger(): null

27-11-2024T10:36:35 - [TEST_STEP][PASSED] - typeOfData = typeOfDataMain + " Потери": null

27-11-2024T10:36:35 - [TEST_STEP][PASSED] - if (a == 82): null

27-11-2024T10:36:35 - [TEST_STEP][PASSED] - else if (a == 84): null

27-11-2024T10:36:35 - [TEST_STEP][PASSED] - else if (a == 52 || a == 72 || a == 28 || a == 73 || a == 77 || a == 74 || a == 65 || a == 36 || a == 44 || a == 53 || a == 80 || a == 54 || a == 1 || a == 18 || a == 59 || a == 81): null

27-11-2024T10:36:35 - [TEST_STEP][PASSED] - else: null

27-11-2024T10:36:35 - [TEST_STEP][PASSED] - path = dataFolder + typeOfData + " за отчётный период " + b: null

27-11-2024T10:36:35 - [TEST_STEP][PASSED] - page = getText(findTestObject(path)): Text of object 'Object Repository/Выполнение бизнес-плана/Значения со страницы Выполнение бизнес-плана/Факт Потери за отчётный период Бурятэнерго' is: '403 447'

27-11-2024T10:36:35 - [MESSAGE][PASSED] - Text of object 'Object Repository/Выполнение бизнес-плана/Значения со страницы Выполнение бизнес-плана/Факт Потери за отчётный период Бурятэнерго' is: '403 447'

27-11-2024T10:36:35 - [TEST_STEP][PASSED] - page = page.replaceAll("\s+", ""): null

27-11-2024T10:36:35 - [TEST_STEP][PASSED] - filePoteri = poteri.toInteger(): null

27-11-2024T10:36:35 - [TEST_STEP][PASSED] - pagePoteri = page.toInteger(): null

27-11-2024T10:36:35 - [TEST_STEP][PASSED] - compare = pageOtpuskVSet: null

27-11-2024T10:36:35 - [TEST_STEP][PASSED] - if (compare == fileOtpuskVSet): null

27-11-2024T10:36:35 - [TEST_STEP][PASSED] - if (compare == fileOtpuskVSet): null

27-11-2024T10:36:35 - [TEST_STEP][PASSED] - compare = pagePoteri: null

27-11-2024T10:36:35 - [TEST_STEP][PASSED] - if (compare == filePoteri): null

27-11-2024T10:36:35 - [TEST_STEP][PASSED] - if (compare == filePoteri): null

27-11-2024T10:36:35 - [TEST_STEP][PASSED] - if (planFact == 2): null

27-11-2024T10:36:35 - [TEST_STEP][PASSED] - if (planFact == 1): null

27-11-2024T10:36:35 - [TEST_STEP][PASSED] - else if (planFact == 2): null

27-11-2024T10:36:35 - [TEST_STEP][PASSED] - click(findTestObject("Выполнение бизнес-плана/Кнопка План")): Object: 'Object Repository/Выполнение бизнес-плана/Кнопка План' is clicked on

27-11-2024T10:36:36 - [MESSAGE][PASSED] - Object: 'Object Repository/Выполнение бизнес-плана/Кнопка План' is clicked on

27-11-2024T10:36:36 - [TEST_STEP][PASSED] - typeOfDataMain = "План": null

27-11-2024T10:36:36 - [TEST_STEP][PASSED] - otpusk = findTestData("PlanFact").getValue(2, a): null

27-11-2024T10:36:36 - [TEST_STEP][PASSED] - poteri = findTestData("PlanFact").getValue(3, a): null

27-11-2024T10:36:36 - [TEST_STEP][PASSED] - otpusk = otpusk.replaceAll("\s+", ""): null

27-11-2024T10:36:36 - [TEST_STEP][PASSED] - poteri = poteri.replaceAll("\s+", ""): null

27-11-2024T10:36:36 - [TEST_STEP][PASSED] - typeOfData = typeOfDataMain + " Отпуск в сеть": null

27-11-2024T10:36:36 - [TEST_STEP][PASSED] - if (a == 82): null

27-11-2024T10:36:36 - [TEST_STEP][PASSED] - else if (a == 84): null

27-11-2024T10:36:36 - [TEST_STEP][PASSED] - else if (a == 52 || a == 72 || a == 28 || a == 73 || a == 77 || a == 74 || a == 65 || a == 36 || a == 44 || a == 53 || a == 80 || a == 54 || a == 1 || a == 18 || a == 59 || a == 81): null

27-11-2024T10:36:36 - [TEST_STEP][PASSED] - else: null

27-11-2024T10:36:36 - [TEST_STEP][PASSED] - path = dataFolder + typeOfData + " за отчётный период " + b: null

27-11-2024T10:36:36 - [TEST_STEP][PASSED] - println(path): null

27-11-2024T10:36:36 - [TEST_STEP][PASSED] - page = getText(findTestObject(path)): Text of object 'Object Repository/Выполнение бизнес-плана/Значения со страницы Выполнение бизнес-плана/План Отпуск в сеть за отчётный период Бурятэнерго' is: '3 621 111'

27-11-2024T10:36:36 - [MESSAGE][PASSED] - Text of object 'Object Repository/Выполнение бизнес-плана/Значения со страницы Выполнение бизнес-плана/План Отпуск в сеть за отчётный период Бурятэнерго' is: '3 621 111'

27-11-2024T10:36:36 - [TEST_STEP][PASSED] - page = page.replaceAll("\s+", ""): null

27-11-2024T10:36:36 - [TEST_STEP][PASSED] - fileOtpuskVSet = otpusk.toInteger(): null

27-11-2024T10:36:36 - [TEST_STEP][PASSED] - pageOtpuskVSet = page.toInteger(): null

27-11-2024T10:36:36 - [TEST_STEP][PASSED] - typeOfData = typeOfDataMain + " Потери": null

27-11-2024T10:36:36 - [TEST_STEP][PASSED] - if (a == 82): null

27-11-2024T10:36:36 - [TEST_STEP][PASSED] - else if (a == 84): null

27-11-2024T10:36:36 - [TEST_STEP][PASSED] - else if (a == 52 || a == 72 || a == 28 || a == 73 || a == 77 || a == 74 || a == 65 || a == 36 || a == 44 || a == 53 || a == 80 || a == 54 || a == 1 || a == 18 || a == 59 || a == 81): null

27-11-2024T10:36:36 - [TEST_STEP][PASSED] - else: null

27-11-2024T10:36:36 - [TEST_STEP][PASSED] - path = dataFolder + typeOfData + " за отчётный период " + b: null

27-11-2024T10:36:36 - [TEST_STEP][PASSED] - page = getText(findTestObject(path)): Text of object 'Object Repository/Выполнение бизнес-плана/Значения со страницы Выполнение бизнес-плана/План Потери за отчётный период Бурятэнерго' is: '373 445'

27-11-2024T10:36:37 - [MESSAGE][PASSED] - Text of object 'Object Repository/Выполнение бизнес-плана/Значения со страницы Выполнение бизнес-плана/План Потери за отчётный период Бурятэнерго' is: '373 445'

27-11-2024T10:36:37 - [TEST_STEP][PASSED] - page = page.replaceAll("\s+", ""): null

27-11-2024T10:36:37 - [TEST_STEP][PASSED] - filePoteri = poteri.toInteger(): null

27-11-2024T10:36:37 - [TEST_STEP][PASSED] - pagePoteri = page.toInteger(): null

27-11-2024T10:36:37 - [TEST_STEP][PASSED] - compare = pageOtpuskVSet: null

27-11-2024T10:36:37 - [TEST_STEP][PASSED] - if (compare == fileOtpuskVSet): null

27-11-2024T10:36:37 - [TEST_STEP][PASSED] - if (compare == fileOtpuskVSet): null

27-11-2024T10:36:37 - [TEST_STEP][PASSED] - compare = pagePoteri: null

27-11-2024T10:36:37 - [TEST_STEP][PASSED] - if (compare == filePoteri): null

27-11-2024T10:36:37 - [TEST_STEP][PASSED] - if (compare == filePoteri): null

27-11-2024T10:36:37 - [TEST_STEP][PASSED] - if (planFact == 2): Object: 'Object Repository/Выполнение бизнес-плана/Кнопка Факт' is clicked on

27-11-2024T10:36:37 - [TEST_STEP][PASSED] - click(findTestObject("Выполнение бизнес-плана/Кнопка Факт")): Object: 'Object Repository/Выполнение бизнес-плана/Кнопка Факт' is clicked on

27-11-2024T10:36:37 - [MESSAGE][PASSED] - Object: 'Object Repository/Выполнение бизнес-плана/Кнопка Факт' is clicked on

27-11-2024T10:36:37 - [TEST_STEP][PASSED] - if (a == 84 || a == 82): null

27-11-2024T10:36:37 - [TEST_STEP][PASSED] - else if (a == 52 || a == 72 || a == 28 || a == 73 || a == 77 || a == 74 || a == 65 || a == 36 || a == 44 || a == 53 || a == 80 || a == 54 || a == 1 || a == 18 || a == 59 || a == 81): null

27-11-2024T10:36:37 - [TEST_STEP][PASSED] - else: null

27-11-2024T10:36:37 - [TEST_STEP][PASSED] - page1 = getText(findTestObject("Object Repository/Выполнение бизнес-плана/spanPlan" + filialNum)): Text of object 'Object Repository/Выполнение бизнес-плана/spanPlan2' is: '10.31
|'

27-11-2024T10:36:37 - [MESSAGE][PASSED] - Text of object 'Object Repository/Выполнение бизнес-плана/spanPlan2' is: '10.31
|'

27-11-2024T10:36:37 - [TEST_STEP][PASSED] - page1 = page1.replace("|", ""): null

27-11-2024T10:36:37 - [TEST_STEP][PASSED] - page2 = getText(findTestObject("Object Repository/Выполнение бизнес-плана/spanFact" + filialNum)): Text of object 'Object Repository/Выполнение бизнес-плана/spanFact2' is: '10.71
|'

27-11-2024T10:36:38 - [MESSAGE][PASSED] - Text of object 'Object Repository/Выполнение бизнес-плана/spanFact2' is: '10.71
|'

27-11-2024T10:36:38 - [TEST_STEP][PASSED] - page2 = page2.replace("|", ""): null

27-11-2024T10:36:38 - [TEST_STEP][PASSED] - println("page1: " + page1): null

27-11-2024T10:36:38 - [TEST_STEP][PASSED] - println("page2: " + page2): null

27-11-2024T10:36:38 - [TEST_STEP][PASSED] - file = findTestData("PlanFact").getValue(4, a): null

27-11-2024T10:36:38 - [TEST_STEP][PASSED] - file = file.replace(",", "."): null

27-11-2024T10:36:38 - [TEST_STEP][PASSED] - println("file Plan: " + file): null

27-11-2024T10:36:38 - [TEST_STEP][PASSED] - typeOfData = "План в процентах": null

27-11-2024T10:36:38 - [TEST_STEP][PASSED] - fileDouble = file.toDouble(): null

27-11-2024T10:36:38 - [TEST_STEP][PASSED] - pageDouble = page1.toDouble(): null

27-11-2024T10:36:38 - [TEST_STEP][PASSED] - if (fileDouble != pageDouble): null

27-11-2024T10:36:38 - [TEST_STEP][PASSED] - file = findTestData("PlanFact").getValue(7, a): null

27-11-2024T10:36:38 - [TEST_STEP][PASSED] - file = file.replace(",", "."): null

27-11-2024T10:36:38 - [TEST_STEP][PASSED] - println("file Fact: " + file): null

27-11-2024T10:36:38 - [TEST_STEP][PASSED] - fileDouble = file.toDouble(): null

27-11-2024T10:36:38 - [TEST_STEP][PASSED] - typeOfData = "Факт в процентах": null

27-11-2024T10:36:38 - [TEST_STEP][PASSED] - fileDouble = file.toDouble(): null

27-11-2024T10:36:38 - [TEST_STEP][PASSED] - pageDouble = page2.toDouble(): null

27-11-2024T10:36:38 - [TEST_STEP][PASSED] - if (fileDouble != pageDouble): null

27-11-2024T10:36:38 - [TEST_STEP][PASSED] - if (verifyEqual(numberOfErrors, 0) == false): Actual object '0' and expected object '0' are equal

27-11-2024T10:36:38 - [MESSAGE][PASSED] - Actual object '0' and expected object '0' are equal

27-11-2024T10:36:38 - [TEST_STEP][PASSED] - if (a == 82): null

27-11-2024T10:36:38 - [TEST_STEP][PASSED] - dZO = "Красноярскэнерго": null

27-11-2024T10:36:38 - [TEST_STEP][PASSED] - a = 47: null

27-11-2024T10:36:38 - [TEST_STEP][PASSED] - if (x2.contains(dZO)): null

27-11-2024T10:36:38 - [TEST_STEP][PASSED] - filialNum = filialNum + 1: null

27-11-2024T10:36:38 - [TEST_STEP][PASSED] - Script1718980020443.Numbers(a, typeOfData, todaysDate, pageInt, fileInt, pageDouble, fileDouble, dZO, dzoNum, filialNum): null

27-11-2024T10:36:38 - [TEST_STEP][PASSED] - println(dzoNum): null

27-11-2024T10:36:38 - [TEST_STEP][PASSED] - planFact = <not implemented yet for class: org.codehaus.groovy.ast.expr.EmptyExpression>: null

27-11-2024T10:36:38 - [TEST_STEP][PASSED] - page = <not implemented yet for class: org.codehaus.groovy.ast.expr.EmptyExpression>: null

27-11-2024T10:36:38 - [TEST_STEP][PASSED] - page1 = <not implemented yet for class: org.codehaus.groovy.ast.expr.EmptyExpression>: null

27-11-2024T10:36:38 - [TEST_STEP][PASSED] - page2 = <not implemented yet for class: org.codehaus.groovy.ast.expr.EmptyExpression>: null

27-11-2024T10:36:38 - [TEST_STEP][PASSED] - filialNumberInRow = <not implemented yet for class: org.codehaus.groovy.ast.expr.EmptyExpression>: null

27-11-2024T10:36:38 - [TEST_STEP][PASSED] - filialsDzoNames = <not implemented yet for class: org.codehaus.groovy.ast.expr.EmptyExpression>: null

27-11-2024T10:36:38 - [TEST_STEP][PASSED] - numberOfFilials = <not implemented yet for class: org.codehaus.groovy.ast.expr.EmptyExpression>: null

27-11-2024T10:36:38 - [TEST_STEP][PASSED] - numberOfSpaces = <not implemented yet for class: org.codehaus.groovy.ast.expr.EmptyExpression>: null

27-11-2024T10:36:38 - [TEST_STEP][PASSED] - file = <not implemented yet for class: org.codehaus.groovy.ast.expr.EmptyExpression>: null

27-11-2024T10:36:38 - [TEST_STEP][PASSED] - otpusk = <not implemented yet for class: org.codehaus.groovy.ast.expr.EmptyExpression>: null

27-11-2024T10:36:38 - [TEST_STEP][PASSED] - poteri = <not implemented yet for class: org.codehaus.groovy.ast.expr.EmptyExpression>: null

27-11-2024T10:36:38 - [TEST_STEP][PASSED] - dataFolder = "Выполнение бизнес-плана/Значения со страницы Выполнение бизнес-плана/": null

27-11-2024T10:36:38 - [TEST_STEP][PASSED] - path = <not implemented yet for class: org.codehaus.groovy.ast.expr.EmptyExpression>: null

27-11-2024T10:36:38 - [TEST_STEP][PASSED] - typeOfDataMain = <not implemented yet for class: org.codehaus.groovy.ast.expr.EmptyExpression>: null

27-11-2024T10:36:38 - [TEST_STEP][PASSED] - fileOtpuskVSet = <not implemented yet for class: org.codehaus.groovy.ast.expr.EmptyExpression>: null

27-11-2024T10:36:38 - [TEST_STEP][PASSED] - pageOtpuskVSet = <not implemented yet for class: org.codehaus.groovy.ast.expr.EmptyExpression>: null

27-11-2024T10:36:38 - [TEST_STEP][PASSED] - filePoteri = <not implemented yet for class: org.codehaus.groovy.ast.expr.EmptyExpression>: null

27-11-2024T10:36:38 - [TEST_STEP][PASSED] - pagePoteri = <not implemented yet for class: org.codehaus.groovy.ast.expr.EmptyExpression>: null

27-11-2024T10:36:38 - [TEST_STEP][PASSED] - compare = <not implemented yet for class: org.codehaus.groovy.ast.expr.EmptyExpression>: null

27-11-2024T10:36:38 - [TEST_STEP][PASSED] - b = <not implemented yet for class: org.codehaus.groovy.ast.expr.EmptyExpression>: null

27-11-2024T10:36:38 - [TEST_STEP][PASSED] - i = <not implemented yet for class: org.codehaus.groovy.ast.expr.EmptyExpression>: null

27-11-2024T10:36:38 - [TEST_STEP][PASSED] - ii = <not implemented yet for class: org.codehaus.groovy.ast.expr.EmptyExpression>: null

27-11-2024T10:36:38 - [TEST_STEP][PASSED] - c = <not implemented yet for class: org.codehaus.groovy.ast.expr.EmptyExpression>: null

27-11-2024T10:36:38 - [TEST_STEP][PASSED] - numberOfErrors = 0: null

27-11-2024T10:36:38 - [TEST_STEP][PASSED] - if (a == 82): null

27-11-2024T10:36:38 - [TEST_STEP][PASSED] - b = findTestData("PlanFact").getValue(1, a): null

27-11-2024T10:36:38 - [TEST_STEP][PASSED] - i = b.indexOf(" (ГК)"): null

27-11-2024T10:36:38 - [TEST_STEP][PASSED] - if (i > -1): null

27-11-2024T10:36:38 - [TEST_STEP][PASSED] - i = b.indexOf("О ""): null

27-11-2024T10:36:38 - [TEST_STEP][PASSED] - if (i > -1): null

27-11-2024T10:36:38 - [TEST_STEP][PASSED] - i = b.indexOf("О «"): null

27-11-2024T10:36:38 - [TEST_STEP][PASSED] - if (i > -1): null

27-11-2024T10:36:38 - [TEST_STEP][PASSED] - i = b.indexOf("г. "): null

27-11-2024T10:36:38 - [TEST_STEP][PASSED] - if (i > -1): null

27-11-2024T10:36:38 - [TEST_STEP][PASSED] - println(b): null

27-11-2024T10:36:38 - [TEST_STEP][PASSED] - for ([planFact = 1, planFact < 3, (planFact++)]): Object: 'Object Repository/Выполнение бизнес-плана/Кнопка Факт' is clicked on

27-11-2024T10:36:38 - [TEST_STEP][PASSED] - if (planFact == 1): null

27-11-2024T10:36:38 - [TEST_STEP][PASSED] - typeOfDataMain = "Факт": null

27-11-2024T10:36:38 - [TEST_STEP][PASSED] - otpusk = findTestData("PlanFact").getValue(5, a): null

27-11-2024T10:36:38 - [TEST_STEP][PASSED] - poteri = findTestData("PlanFact").getValue(6, a): null

27-11-2024T10:36:38 - [TEST_STEP][PASSED] - otpusk = otpusk.replaceAll("\s+", ""): null

27-11-2024T10:36:38 - [TEST_STEP][PASSED] - poteri = poteri.replaceAll("\s+", ""): null

27-11-2024T10:36:38 - [TEST_STEP][PASSED] - typeOfData = typeOfDataMain + " Отпуск в сеть": null

27-11-2024T10:36:38 - [TEST_STEP][PASSED] - if (a == 82): null

27-11-2024T10:36:38 - [TEST_STEP][PASSED] - else if (a == 84): null

27-11-2024T10:36:38 - [TEST_STEP][PASSED] - else if (a == 52 || a == 72 || a == 28 || a == 73 || a == 77 || a == 74 || a == 65 || a == 36 || a == 44 || a == 53 || a == 80 || a == 54 || a == 1 || a == 18 || a == 59 || a == 81): null

27-11-2024T10:36:38 - [TEST_STEP][PASSED] - else: null

27-11-2024T10:36:38 - [TEST_STEP][PASSED] - path = dataFolder + typeOfData + " за отчётный период " + b: null

27-11-2024T10:36:38 - [TEST_STEP][PASSED] - println(path): null

27-11-2024T10:36:38 - [TEST_STEP][PASSED] - page = getText(findTestObject(path)): Text of object 'Object Repository/Выполнение бизнес-плана/Значения со страницы Выполнение бизнес-плана/Факт Отпуск в сеть за отчётный период Красноярскэнерго' is: '10 907 615'

27-11-2024T10:36:38 - [MESSAGE][PASSED] - Text of object 'Object Repository/Выполнение бизнес-плана/Значения со страницы Выполнение бизнес-плана/Факт Отпуск в сеть за отчётный период Красноярскэнерго' is: '10 907 615'

27-11-2024T10:36:38 - [TEST_STEP][PASSED] - page = page.replaceAll("\s+", ""): null

27-11-2024T10:36:38 - [TEST_STEP][PASSED] - fileOtpuskVSet = otpusk.toInteger(): null

27-11-2024T10:36:38 - [TEST_STEP][PASSED] - pageOtpuskVSet = page.toInteger(): null

27-11-2024T10:36:38 - [TEST_STEP][PASSED] - typeOfData = typeOfDataMain + " Потери": null

27-11-2024T10:36:38 - [TEST_STEP][PASSED] - if (a == 82): null

27-11-2024T10:36:38 - [TEST_STEP][PASSED] - else if (a == 84): null

27-11-2024T10:36:38 - [TEST_STEP][PASSED] - else if (a == 52 || a == 72 || a == 28 || a == 73 || a == 77 || a == 74 || a == 65 || a == 36 || a == 44 || a == 53 || a == 80 || a == 54 || a == 1 || a == 18 || a == 59 || a == 81): null

27-11-2024T10:36:38 - [TEST_STEP][PASSED] - else: null

27-11-2024T10:36:38 - [TEST_STEP][PASSED] - path = dataFolder + typeOfData + " за отчётный период " + b: null

27-11-2024T10:36:38 - [TEST_STEP][PASSED] - page = getText(findTestObject(path)): Text of object 'Object Repository/Выполнение бизнес-плана/Значения со страницы Выполнение бизнес-плана/Факт Потери за отчётный период Красноярскэнерго' is: '1 002 042'

27-11-2024T10:36:38 - [MESSAGE][PASSED] - Text of object 'Object Repository/Выполнение бизнес-плана/Значения со страницы Выполнение бизнес-плана/Факт Потери за отчётный период Красноярскэнерго' is: '1 002 042'

27-11-2024T10:36:38 - [TEST_STEP][PASSED] - page = page.replaceAll("\s+", ""): null

27-11-2024T10:36:38 - [TEST_STEP][PASSED] - filePoteri = poteri.toInteger(): null

27-11-2024T10:36:38 - [TEST_STEP][PASSED] - pagePoteri = page.toInteger(): null

27-11-2024T10:36:38 - [TEST_STEP][PASSED] - compare = pageOtpuskVSet: null

27-11-2024T10:36:38 - [TEST_STEP][PASSED] - if (compare == fileOtpuskVSet): null

27-11-2024T10:36:38 - [TEST_STEP][PASSED] - if (compare == fileOtpuskVSet): null

27-11-2024T10:36:38 - [TEST_STEP][PASSED] - compare = pagePoteri: null

27-11-2024T10:36:38 - [TEST_STEP][PASSED] - if (compare == filePoteri): null

27-11-2024T10:36:38 - [TEST_STEP][PASSED] - if (compare == filePoteri): null

27-11-2024T10:36:38 - [TEST_STEP][PASSED] - if (planFact == 2): null

27-11-2024T10:36:38 - [TEST_STEP][PASSED] - if (planFact == 1): null

27-11-2024T10:36:38 - [TEST_STEP][PASSED] - else if (planFact == 2): null

27-11-2024T10:36:38 - [TEST_STEP][PASSED] - click(findTestObject("Выполнение бизнес-плана/Кнопка План")): Object: 'Object Repository/Выполнение бизнес-плана/Кнопка План' is clicked on

27-11-2024T10:36:39 - [MESSAGE][PASSED] - Object: 'Object Repository/Выполнение бизнес-плана/Кнопка План' is clicked on

27-11-2024T10:36:39 - [TEST_STEP][PASSED] - typeOfDataMain = "План": null

27-11-2024T10:36:39 - [TEST_STEP][PASSED] - otpusk = findTestData("PlanFact").getValue(2, a): null

27-11-2024T10:36:39 - [TEST_STEP][PASSED] - poteri = findTestData("PlanFact").getValue(3, a): null

27-11-2024T10:36:39 - [TEST_STEP][PASSED] - otpusk = otpusk.replaceAll("\s+", ""): null

27-11-2024T10:36:39 - [TEST_STEP][PASSED] - poteri = poteri.replaceAll("\s+", ""): null

27-11-2024T10:36:39 - [TEST_STEP][PASSED] - typeOfData = typeOfDataMain + " Отпуск в сеть": null

27-11-2024T10:36:39 - [TEST_STEP][PASSED] - if (a == 82): null

27-11-2024T10:36:39 - [TEST_STEP][PASSED] - else if (a == 84): null

27-11-2024T10:36:39 - [TEST_STEP][PASSED] - else if (a == 52 || a == 72 || a == 28 || a == 73 || a == 77 || a == 74 || a == 65 || a == 36 || a == 44 || a == 53 || a == 80 || a == 54 || a == 1 || a == 18 || a == 59 || a == 81): null

27-11-2024T10:36:39 - [TEST_STEP][PASSED] - else: null

27-11-2024T10:36:39 - [TEST_STEP][PASSED] - path = dataFolder + typeOfData + " за отчётный период " + b: null

27-11-2024T10:36:39 - [TEST_STEP][PASSED] - println(path): null

27-11-2024T10:36:39 - [TEST_STEP][PASSED] - page = getText(findTestObject(path)): Text of object 'Object Repository/Выполнение бизнес-плана/Значения со страницы Выполнение бизнес-плана/План Отпуск в сеть за отчётный период Красноярскэнерго' is: '10 242 874'

27-11-2024T10:36:39 - [MESSAGE][PASSED] - Text of object 'Object Repository/Выполнение бизнес-плана/Значения со страницы Выполнение бизнес-плана/План Отпуск в сеть за отчётный период Красноярскэнерго' is: '10 242 874'

27-11-2024T10:36:39 - [TEST_STEP][PASSED] - page = page.replaceAll("\s+", ""): null

27-11-2024T10:36:39 - [TEST_STEP][PASSED] - fileOtpuskVSet = otpusk.toInteger(): null

27-11-2024T10:36:39 - [TEST_STEP][PASSED] - pageOtpuskVSet = page.toInteger(): null

27-11-2024T10:36:39 - [TEST_STEP][PASSED] - typeOfData = typeOfDataMain + " Потери": null

27-11-2024T10:36:39 - [TEST_STEP][PASSED] - if (a == 82): null

27-11-2024T10:36:39 - [TEST_STEP][PASSED] - else if (a == 84): null

27-11-2024T10:36:39 - [TEST_STEP][PASSED] - else if (a == 52 || a == 72 || a == 28 || a == 73 || a == 77 || a == 74 || a == 65 || a == 36 || a == 44 || a == 53 || a == 80 || a == 54 || a == 1 || a == 18 || a == 59 || a == 81): null

27-11-2024T10:36:39 - [TEST_STEP][PASSED] - else: null

27-11-2024T10:36:39 - [TEST_STEP][PASSED] - path = dataFolder + typeOfData + " за отчётный период " + b: null

27-11-2024T10:36:39 - [TEST_STEP][PASSED] - page = getText(findTestObject(path)): Text of object 'Object Repository/Выполнение бизнес-плана/Значения со страницы Выполнение бизнес-плана/План Потери за отчётный период Красноярскэнерго' is: '952 570'

27-11-2024T10:36:39 - [MESSAGE][PASSED] - Text of object 'Object Repository/Выполнение бизнес-плана/Значения со страницы Выполнение бизнес-плана/План Потери за отчётный период Красноярскэнерго' is: '952 570'

27-11-2024T10:36:39 - [TEST_STEP][PASSED] - page = page.replaceAll("\s+", ""): null

27-11-2024T10:36:39 - [TEST_STEP][PASSED] - filePoteri = poteri.toInteger(): null

27-11-2024T10:36:39 - [TEST_STEP][PASSED] - pagePoteri = page.toInteger(): null

27-11-2024T10:36:39 - [TEST_STEP][PASSED] - compare = pageOtpuskVSet: null

27-11-2024T10:36:39 - [TEST_STEP][PASSED] - if (compare == fileOtpuskVSet): null

27-11-2024T10:36:39 - [TEST_STEP][PASSED] - if (compare == fileOtpuskVSet): null

27-11-2024T10:36:39 - [TEST_STEP][PASSED] - compare = pagePoteri: null

27-11-2024T10:36:39 - [TEST_STEP][PASSED] - if (compare == filePoteri): null

27-11-2024T10:36:39 - [TEST_STEP][PASSED] - if (compare == filePoteri): null

27-11-2024T10:36:39 - [TEST_STEP][PASSED] - if (planFact == 2): Object: 'Object Repository/Выполнение бизнес-плана/Кнопка Факт' is clicked on

27-11-2024T10:36:39 - [TEST_STEP][PASSED] - click(findTestObject("Выполнение бизнес-плана/Кнопка Факт")): Object: 'Object Repository/Выполнение бизнес-плана/Кнопка Факт' is clicked on

27-11-2024T10:36:40 - [MESSAGE][PASSED] - Object: 'Object Repository/Выполнение бизнес-плана/Кнопка Факт' is clicked on

27-11-2024T10:36:40 - [TEST_STEP][PASSED] - if (a == 84 || a == 82): null

27-11-2024T10:36:40 - [TEST_STEP][PASSED] - else if (a == 52 || a == 72 || a == 28 || a == 73 || a == 77 || a == 74 || a == 65 || a == 36 || a == 44 || a == 53 || a == 80 || a == 54 || a == 1 || a == 18 || a == 59 || a == 81): null

27-11-2024T10:36:40 - [TEST_STEP][PASSED] - else: null

27-11-2024T10:36:40 - [TEST_STEP][PASSED] - page1 = getText(findTestObject("Object Repository/Выполнение бизнес-плана/spanPlan" + filialNum)): Text of object 'Object Repository/Выполнение бизнес-плана/spanPlan3' is: '9.30
|'

27-11-2024T10:36:40 - [MESSAGE][PASSED] - Text of object 'Object Repository/Выполнение бизнес-плана/spanPlan3' is: '9.30
|'

27-11-2024T10:36:40 - [TEST_STEP][PASSED] - page1 = page1.replace("|", ""): null

27-11-2024T10:36:40 - [TEST_STEP][PASSED] - page2 = getText(findTestObject("Object Repository/Выполнение бизнес-плана/spanFact" + filialNum)): Text of object 'Object Repository/Выполнение бизнес-плана/spanFact3' is: '9.19
|'

27-11-2024T10:36:40 - [MESSAGE][PASSED] - Text of object 'Object Repository/Выполнение бизнес-плана/spanFact3' is: '9.19
|'

27-11-2024T10:36:40 - [TEST_STEP][PASSED] - page2 = page2.replace("|", ""): null

27-11-2024T10:36:40 - [TEST_STEP][PASSED] - println("page1: " + page1): null

27-11-2024T10:36:40 - [TEST_STEP][PASSED] - println("page2: " + page2): null

27-11-2024T10:36:40 - [TEST_STEP][PASSED] - file = findTestData("PlanFact").getValue(4, a): null

27-11-2024T10:36:40 - [TEST_STEP][PASSED] - file = file.replace(",", "."): null

27-11-2024T10:36:40 - [TEST_STEP][PASSED] - println("file Plan: " + file): null

27-11-2024T10:36:40 - [TEST_STEP][PASSED] - typeOfData = "План в процентах": null

27-11-2024T10:36:40 - [TEST_STEP][PASSED] - fileDouble = file.toDouble(): null

27-11-2024T10:36:40 - [TEST_STEP][PASSED] - pageDouble = page1.toDouble(): null

27-11-2024T10:36:40 - [TEST_STEP][PASSED] - if (fileDouble != pageDouble): null

27-11-2024T10:36:40 - [TEST_STEP][PASSED] - file = findTestData("PlanFact").getValue(7, a): null

27-11-2024T10:36:40 - [TEST_STEP][PASSED] - file = file.replace(",", "."): null

27-11-2024T10:36:40 - [TEST_STEP][PASSED] - println("file Fact: " + file): null

27-11-2024T10:36:40 - [TEST_STEP][PASSED] - fileDouble = file.toDouble(): null

27-11-2024T10:36:40 - [TEST_STEP][PASSED] - typeOfData = "Факт в процентах": null

27-11-2024T10:36:40 - [TEST_STEP][PASSED] - fileDouble = file.toDouble(): null

27-11-2024T10:36:40 - [TEST_STEP][PASSED] - pageDouble = page2.toDouble(): null

27-11-2024T10:36:40 - [TEST_STEP][PASSED] - if (fileDouble != pageDouble): null

27-11-2024T10:36:40 - [TEST_STEP][PASSED] - if (verifyEqual(numberOfErrors, 0) == false): Actual object '0' and expected object '0' are equal

27-11-2024T10:36:40 - [MESSAGE][PASSED] - Actual object '0' and expected object '0' are equal

27-11-2024T10:36:40 - [TEST_STEP][PASSED] - if (a == 82): null

27-11-2024T10:36:40 - [TEST_STEP][PASSED] - dZO = "Кузбассэнерго-РЭС": null

27-11-2024T10:36:40 - [TEST_STEP][PASSED] - a = 48: null

27-11-2024T10:36:40 - [TEST_STEP][PASSED] - if (x2.contains(dZO)): null

27-11-2024T10:36:40 - [TEST_STEP][PASSED] - filialNum = filialNum + 1: null

27-11-2024T10:36:40 - [TEST_STEP][PASSED] - Script1718980020443.Numbers(a, typeOfData, todaysDate, pageInt, fileInt, pageDouble, fileDouble, dZO, dzoNum, filialNum): null

27-11-2024T10:36:40 - [TEST_STEP][PASSED] - println(dzoNum): null

27-11-2024T10:36:40 - [TEST_STEP][PASSED] - planFact = <not implemented yet for class: org.codehaus.groovy.ast.expr.EmptyExpression>: null

27-11-2024T10:36:40 - [TEST_STEP][PASSED] - page = <not implemented yet for class: org.codehaus.groovy.ast.expr.EmptyExpression>: null

27-11-2024T10:36:40 - [TEST_STEP][PASSED] - page1 = <not implemented yet for class: org.codehaus.groovy.ast.expr.EmptyExpression>: null

27-11-2024T10:36:40 - [TEST_STEP][PASSED] - page2 = <not implemented yet for class: org.codehaus.groovy.ast.expr.EmptyExpression>: null

27-11-2024T10:36:40 - [TEST_STEP][PASSED] - filialNumberInRow = <not implemented yet for class: org.codehaus.groovy.ast.expr.EmptyExpression>: null

27-11-2024T10:36:40 - [TEST_STEP][PASSED] - filialsDzoNames = <not implemented yet for class: org.codehaus.groovy.ast.expr.EmptyExpression>: null

27-11-2024T10:36:40 - [TEST_STEP][PASSED] - numberOfFilials = <not implemented yet for class: org.codehaus.groovy.ast.expr.EmptyExpression>: null

27-11-2024T10:36:40 - [TEST_STEP][PASSED] - numberOfSpaces = <not implemented yet for class: org.codehaus.groovy.ast.expr.EmptyExpression>: null

27-11-2024T10:36:40 - [TEST_STEP][PASSED] - file = <not implemented yet for class: org.codehaus.groovy.ast.expr.EmptyExpression>: null

27-11-2024T10:36:40 - [TEST_STEP][PASSED] - otpusk = <not implemented yet for class: org.codehaus.groovy.ast.expr.EmptyExpression>: null

27-11-2024T10:36:40 - [TEST_STEP][PASSED] - poteri = <not implemented yet for class: org.codehaus.groovy.ast.expr.EmptyExpression>: null

27-11-2024T10:36:40 - [TEST_STEP][PASSED] - dataFolder = "Выполнение бизнес-плана/Значения со страницы Выполнение бизнес-плана/": null

27-11-2024T10:36:40 - [TEST_STEP][PASSED] - path = <not implemented yet for class: org.codehaus.groovy.ast.expr.EmptyExpression>: null

27-11-2024T10:36:40 - [TEST_STEP][PASSED] - typeOfDataMain = <not implemented yet for class: org.codehaus.groovy.ast.expr.EmptyExpression>: null

27-11-2024T10:36:40 - [TEST_STEP][PASSED] - fileOtpuskVSet = <not implemented yet for class: org.codehaus.groovy.ast.expr.EmptyExpression>: null

27-11-2024T10:36:40 - [TEST_STEP][PASSED] - pageOtpuskVSet = <not implemented yet for class: org.codehaus.groovy.ast.expr.EmptyExpression>: null

27-11-2024T10:36:40 - [TEST_STEP][PASSED] - filePoteri = <not implemented yet for class: org.codehaus.groovy.ast.expr.EmptyExpression>: null

27-11-2024T10:36:40 - [TEST_STEP][PASSED] - pagePoteri = <not implemented yet for class: org.codehaus.groovy.ast.expr.EmptyExpression>: null

27-11-2024T10:36:40 - [TEST_STEP][PASSED] - compare = <not implemented yet for class: org.codehaus.groovy.ast.expr.EmptyExpression>: null

27-11-2024T10:36:40 - [TEST_STEP][PASSED] - b = <not implemented yet for class: org.codehaus.groovy.ast.expr.EmptyExpression>: null

27-11-2024T10:36:40 - [TEST_STEP][PASSED] - i = <not implemented yet for class: org.codehaus.groovy.ast.expr.EmptyExpression>: null

27-11-2024T10:36:40 - [TEST_STEP][PASSED] - ii = <not implemented yet for class: org.codehaus.groovy.ast.expr.EmptyExpression>: null

27-11-2024T10:36:40 - [TEST_STEP][PASSED] - c = <not implemented yet for class: org.codehaus.groovy.ast.expr.EmptyExpression>: null

27-11-2024T10:36:40 - [TEST_STEP][PASSED] - numberOfErrors = 0: null

27-11-2024T10:36:40 - [TEST_STEP][PASSED] - if (a == 82): null

27-11-2024T10:36:40 - [TEST_STEP][PASSED] - b = findTestData("PlanFact").getValue(1, a): null

27-11-2024T10:36:41 - [TEST_STEP][PASSED] - i = b.indexOf(" (ГК)"): null

27-11-2024T10:36:41 - [TEST_STEP][PASSED] - if (i > -1): null

27-11-2024T10:36:41 - [TEST_STEP][PASSED] - i = b.indexOf("О ""): null

27-11-2024T10:36:41 - [TEST_STEP][PASSED] - if (i > -1): null

27-11-2024T10:36:41 - [TEST_STEP][PASSED] - i = b.indexOf("О «"): null

27-11-2024T10:36:41 - [TEST_STEP][PASSED] - if (i > -1): null

27-11-2024T10:36:41 - [TEST_STEP][PASSED] - i = b.indexOf("г. "): null

27-11-2024T10:36:41 - [TEST_STEP][PASSED] - if (i > -1): null

27-11-2024T10:36:41 - [TEST_STEP][PASSED] - println(b): null

27-11-2024T10:36:41 - [TEST_STEP][PASSED] - for ([planFact = 1, planFact < 3, (planFact++)]): Object: 'Object Repository/Выполнение бизнес-плана/Кнопка Факт' is clicked on

27-11-2024T10:36:41 - [TEST_STEP][PASSED] - if (planFact == 1): null

27-11-2024T10:36:41 - [TEST_STEP][PASSED] - typeOfDataMain = "Факт": null

27-11-2024T10:36:41 - [TEST_STEP][PASSED] - otpusk = findTestData("PlanFact").getValue(5, a): null

27-11-2024T10:36:41 - [TEST_STEP][PASSED] - poteri = findTestData("PlanFact").getValue(6, a): null

27-11-2024T10:36:41 - [TEST_STEP][PASSED] - otpusk = otpusk.replaceAll("\s+", ""): null

27-11-2024T10:36:41 - [TEST_STEP][PASSED] - poteri = poteri.replaceAll("\s+", ""): null

27-11-2024T10:36:41 - [TEST_STEP][PASSED] - typeOfData = typeOfDataMain + " Отпуск в сеть": null

27-11-2024T10:36:41 - [TEST_STEP][PASSED] - if (a == 82): null

27-11-2024T10:36:41 - [TEST_STEP][PASSED] - else if (a == 84): null

27-11-2024T10:36:41 - [TEST_STEP][PASSED] - else if (a == 52 || a == 72 || a == 28 || a == 73 || a == 77 || a == 74 || a == 65 || a == 36 || a == 44 || a == 53 || a == 80 || a == 54 || a == 1 || a == 18 || a == 59 || a == 81): null

27-11-2024T10:36:41 - [TEST_STEP][PASSED] - else: null

27-11-2024T10:36:41 - [TEST_STEP][PASSED] - path = dataFolder + typeOfData + " за отчётный период " + b: null

27-11-2024T10:36:41 - [TEST_STEP][PASSED] - println(path): null

27-11-2024T10:36:41 - [TEST_STEP][PASSED] - page = getText(findTestObject(path)): Text of object 'Object Repository/Выполнение бизнес-плана/Значения со страницы Выполнение бизнес-плана/Факт Отпуск в сеть за отчётный период Кузбассэнерго-РЭС' is: '11 080 481'

27-11-2024T10:36:41 - [MESSAGE][PASSED] - Text of object 'Object Repository/Выполнение бизнес-плана/Значения со страницы Выполнение бизнес-плана/Факт Отпуск в сеть за отчётный период Кузбассэнерго-РЭС' is: '11 080 481'

27-11-2024T10:36:41 - [TEST_STEP][PASSED] - page = page.replaceAll("\s+", ""): null

27-11-2024T10:36:41 - [TEST_STEP][PASSED] - fileOtpuskVSet = otpusk.toInteger(): null

27-11-2024T10:36:41 - [TEST_STEP][PASSED] - pageOtpuskVSet = page.toInteger(): null

27-11-2024T10:36:41 - [TEST_STEP][PASSED] - typeOfData = typeOfDataMain + " Потери": null

27-11-2024T10:36:41 - [TEST_STEP][PASSED] - if (a == 82): null

27-11-2024T10:36:41 - [TEST_STEP][PASSED] - else if (a == 84): null

27-11-2024T10:36:41 - [TEST_STEP][PASSED] - else if (a == 52 || a == 72 || a == 28 || a == 73 || a == 77 || a == 74 || a == 65 || a == 36 || a == 44 || a == 53 || a == 80 || a == 54 || a == 1 || a == 18 || a == 59 || a == 81): null

27-11-2024T10:36:41 - [TEST_STEP][PASSED] - else: null

27-11-2024T10:36:41 - [TEST_STEP][PASSED] - path = dataFolder + typeOfData + " за отчётный период " + b: null

27-11-2024T10:36:41 - [TEST_STEP][PASSED] - page = getText(findTestObject(path)): Text of object 'Object Repository/Выполнение бизнес-плана/Значения со страницы Выполнение бизнес-плана/Факт Потери за отчётный период Кузбассэнерго-РЭС' is: '400 475'

27-11-2024T10:36:41 - [MESSAGE][PASSED] - Text of object 'Object Repository/Выполнение бизнес-плана/Значения со страницы Выполнение бизнес-плана/Факт Потери за отчётный период Кузбассэнерго-РЭС' is: '400 475'

27-11-2024T10:36:41 - [TEST_STEP][PASSED] - page = page.replaceAll("\s+", ""): null

27-11-2024T10:36:41 - [TEST_STEP][PASSED] - filePoteri = poteri.toInteger(): null

27-11-2024T10:36:41 - [TEST_STEP][PASSED] - pagePoteri = page.toInteger(): null

27-11-2024T10:36:41 - [TEST_STEP][PASSED] - compare = pageOtpuskVSet: null

27-11-2024T10:36:41 - [TEST_STEP][PASSED] - if (compare == fileOtpuskVSet): null

27-11-2024T10:36:41 - [TEST_STEP][PASSED] - if (compare == fileOtpuskVSet): null

27-11-2024T10:36:41 - [TEST_STEP][PASSED] - compare = pagePoteri: null

27-11-2024T10:36:41 - [TEST_STEP][PASSED] - if (compare == filePoteri): null

27-11-2024T10:36:41 - [TEST_STEP][PASSED] - if (compare == filePoteri): null

27-11-2024T10:36:41 - [TEST_STEP][PASSED] - if (planFact == 2): null

27-11-2024T10:36:41 - [TEST_STEP][PASSED] - if (planFact == 1): null

27-11-2024T10:36:41 - [TEST_STEP][PASSED] - else if (planFact == 2): null

27-11-2024T10:36:41 - [TEST_STEP][PASSED] - click(findTestObject("Выполнение бизнес-плана/Кнопка План")): Object: 'Object Repository/Выполнение бизнес-плана/Кнопка План' is clicked on

27-11-2024T10:36:42 - [MESSAGE][PASSED] - Object: 'Object Repository/Выполнение бизнес-плана/Кнопка План' is clicked on

27-11-2024T10:36:42 - [TEST_STEP][PASSED] - typeOfDataMain = "План": null

27-11-2024T10:36:42 - [TEST_STEP][PASSED] - otpusk = findTestData("PlanFact").getValue(2, a): null

27-11-2024T10:36:42 - [TEST_STEP][PASSED] - poteri = findTestData("PlanFact").getValue(3, a): null

27-11-2024T10:36:42 - [TEST_STEP][PASSED] - otpusk = otpusk.replaceAll("\s+", ""): null

27-11-2024T10:36:42 - [TEST_STEP][PASSED] - poteri = poteri.replaceAll("\s+", ""): null

27-11-2024T10:36:42 - [TEST_STEP][PASSED] - typeOfData = typeOfDataMain + " Отпуск в сеть": null

27-11-2024T10:36:42 - [TEST_STEP][PASSED] - if (a == 82): null

27-11-2024T10:36:42 - [TEST_STEP][PASSED] - else if (a == 84): null

27-11-2024T10:36:42 - [TEST_STEP][PASSED] - else if (a == 52 || a == 72 || a == 28 || a == 73 || a == 77 || a == 74 || a == 65 || a == 36 || a == 44 || a == 53 || a == 80 || a == 54 || a == 1 || a == 18 || a == 59 || a == 81): null

27-11-2024T10:36:42 - [TEST_STEP][PASSED] - else: null

27-11-2024T10:36:42 - [TEST_STEP][PASSED] - path = dataFolder + typeOfData + " за отчётный период " + b: null

27-11-2024T10:36:42 - [TEST_STEP][PASSED] - println(path): null

27-11-2024T10:36:42 - [TEST_STEP][PASSED] - page = getText(findTestObject(path)): Text of object 'Object Repository/Выполнение бизнес-плана/Значения со страницы Выполнение бизнес-плана/План Отпуск в сеть за отчётный период Кузбассэнерго-РЭС' is: '10 617 905'

27-11-2024T10:36:42 - [MESSAGE][PASSED] - Text of object 'Object Repository/Выполнение бизнес-плана/Значения со страницы Выполнение бизнес-плана/План Отпуск в сеть за отчётный период Кузбассэнерго-РЭС' is: '10 617 905'

27-11-2024T10:36:42 - [TEST_STEP][PASSED] - page = page.replaceAll("\s+", ""): null

27-11-2024T10:36:42 - [TEST_STEP][PASSED] - fileOtpuskVSet = otpusk.toInteger(): null

27-11-2024T10:36:42 - [TEST_STEP][PASSED] - pageOtpuskVSet = page.toInteger(): null

27-11-2024T10:36:42 - [TEST_STEP][PASSED] - typeOfData = typeOfDataMain + " Потери": null

27-11-2024T10:36:42 - [TEST_STEP][PASSED] - if (a == 82): null

27-11-2024T10:36:42 - [TEST_STEP][PASSED] - else if (a == 84): null

27-11-2024T10:36:42 - [TEST_STEP][PASSED] - else if (a == 52 || a == 72 || a == 28 || a == 73 || a == 77 || a == 74 || a == 65 || a == 36 || a == 44 || a == 53 || a == 80 || a == 54 || a == 1 || a == 18 || a == 59 || a == 81): null

27-11-2024T10:36:42 - [TEST_STEP][PASSED] - else: null

27-11-2024T10:36:42 - [TEST_STEP][PASSED] - path = dataFolder + typeOfData + " за отчётный период " + b: null

27-11-2024T10:36:42 - [TEST_STEP][PASSED] - page = getText(findTestObject(path)): Text of object 'Object Repository/Выполнение бизнес-плана/Значения со страницы Выполнение бизнес-плана/План Потери за отчётный период Кузбассэнерго-РЭС' is: '407 547'

27-11-2024T10:36:42 - [MESSAGE][PASSED] - Text of object 'Object Repository/Выполнение бизнес-плана/Значения со страницы Выполнение бизнес-плана/План Потери за отчётный период Кузбассэнерго-РЭС' is: '407 547'

27-11-2024T10:36:42 - [TEST_STEP][PASSED] - page = page.replaceAll("\s+", ""): null

27-11-2024T10:36:42 - [TEST_STEP][PASSED] - filePoteri = poteri.toInteger(): null

27-11-2024T10:36:42 - [TEST_STEP][PASSED] - pagePoteri = page.toInteger(): null

27-11-2024T10:36:42 - [TEST_STEP][PASSED] - compare = pageOtpuskVSet: null

27-11-2024T10:36:42 - [TEST_STEP][PASSED] - if (compare == fileOtpuskVSet): null

27-11-2024T10:36:42 - [TEST_STEP][PASSED] - if (compare == fileOtpuskVSet): null

27-11-2024T10:36:42 - [TEST_STEP][PASSED] - compare = pagePoteri: null

27-11-2024T10:36:42 - [TEST_STEP][PASSED] - if (compare == filePoteri): null

27-11-2024T10:36:42 - [TEST_STEP][PASSED] - if (compare == filePoteri): null

27-11-2024T10:36:42 - [TEST_STEP][PASSED] - if (planFact == 2): Object: 'Object Repository/Выполнение бизнес-плана/Кнопка Факт' is clicked on

27-11-2024T10:36:42 - [TEST_STEP][PASSED] - click(findTestObject("Выполнение бизнес-плана/Кнопка Факт")): Object: 'Object Repository/Выполнение бизнес-плана/Кнопка Факт' is clicked on

27-11-2024T10:36:43 - [MESSAGE][PASSED] - Object: 'Object Repository/Выполнение бизнес-плана/Кнопка Факт' is clicked on

27-11-2024T10:36:43 - [TEST_STEP][PASSED] - if (a == 84 || a == 82): null

27-11-2024T10:36:43 - [TEST_STEP][PASSED] - else if (a == 52 || a == 72 || a == 28 || a == 73 || a == 77 || a == 74 || a == 65 || a == 36 || a == 44 || a == 53 || a == 80 || a == 54 || a == 1 || a == 18 || a == 59 || a == 81): null

27-11-2024T10:36:43 - [TEST_STEP][PASSED] - else: null

27-11-2024T10:36:43 - [TEST_STEP][PASSED] - page1 = getText(findTestObject("Object Repository/Выполнение бизнес-плана/spanPlan" + filialNum)): Text of object 'Object Repository/Выполнение бизнес-плана/spanPlan4' is: '3.84
|'

27-11-2024T10:36:43 - [MESSAGE][PASSED] - Text of object 'Object Repository/Выполнение бизнес-плана/spanPlan4' is: '3.84
|'

27-11-2024T10:36:43 - [TEST_STEP][PASSED] - page1 = page1.replace("|", ""): null

27-11-2024T10:36:43 - [TEST_STEP][PASSED] - page2 = getText(findTestObject("Object Repository/Выполнение бизнес-плана/spanFact" + filialNum)): Text of object 'Object Repository/Выполнение бизнес-плана/spanFact4' is: '3.61
|'

27-11-2024T10:36:43 - [MESSAGE][PASSED] - Text of object 'Object Repository/Выполнение бизнес-плана/spanFact4' is: '3.61
|'

27-11-2024T10:36:43 - [TEST_STEP][PASSED] - page2 = page2.replace("|", ""): null

27-11-2024T10:36:43 - [TEST_STEP][PASSED] - println("page1: " + page1): null

27-11-2024T10:36:43 - [TEST_STEP][PASSED] - println("page2: " + page2): null

27-11-2024T10:36:43 - [TEST_STEP][PASSED] - file = findTestData("PlanFact").getValue(4, a): null

27-11-2024T10:36:43 - [TEST_STEP][PASSED] - file = file.replace(",", "."): null

27-11-2024T10:36:43 - [TEST_STEP][PASSED] - println("file Plan: " + file): null

27-11-2024T10:36:43 - [TEST_STEP][PASSED] - typeOfData = "План в процентах": null

27-11-2024T10:36:43 - [TEST_STEP][PASSED] - fileDouble = file.toDouble(): null

27-11-2024T10:36:43 - [TEST_STEP][PASSED] - pageDouble = page1.toDouble(): null

27-11-2024T10:36:43 - [TEST_STEP][PASSED] - if (fileDouble != pageDouble): null

27-11-2024T10:36:43 - [TEST_STEP][PASSED] - file = findTestData("PlanFact").getValue(7, a): null

27-11-2024T10:36:43 - [TEST_STEP][PASSED] - file = file.replace(",", "."): null

27-11-2024T10:36:43 - [TEST_STEP][PASSED] - println("file Fact: " + file): null

27-11-2024T10:36:43 - [TEST_STEP][PASSED] - fileDouble = file.toDouble(): null

27-11-2024T10:36:43 - [TEST_STEP][PASSED] - typeOfData = "Факт в процентах": null

27-11-2024T10:36:43 - [TEST_STEP][PASSED] - fileDouble = file.toDouble(): null

27-11-2024T10:36:43 - [TEST_STEP][PASSED] - pageDouble = page2.toDouble(): null

27-11-2024T10:36:43 - [TEST_STEP][PASSED] - if (fileDouble != pageDouble): null

27-11-2024T10:36:43 - [TEST_STEP][PASSED] - if (verifyEqual(numberOfErrors, 0) == false): Actual object '0' and expected object '0' are equal

27-11-2024T10:36:43 - [MESSAGE][PASSED] - Actual object '0' and expected object '0' are equal

27-11-2024T10:36:43 - [TEST_STEP][PASSED] - if (a == 82): null

27-11-2024T10:36:43 - [TEST_STEP][PASSED] - dZO = "Омскэнерго": null

27-11-2024T10:36:43 - [TEST_STEP][PASSED] - a = 49: null

27-11-2024T10:36:43 - [TEST_STEP][PASSED] - if (x2.contains(dZO)): null

27-11-2024T10:36:43 - [TEST_STEP][PASSED] - filialNum = filialNum + 1: null

27-11-2024T10:36:43 - [TEST_STEP][PASSED] - Script1718980020443.Numbers(a, typeOfData, todaysDate, pageInt, fileInt, pageDouble, fileDouble, dZO, dzoNum, filialNum): null

27-11-2024T10:36:43 - [TEST_STEP][PASSED] - println(dzoNum): null

27-11-2024T10:36:43 - [TEST_STEP][PASSED] - planFact = <not implemented yet for class: org.codehaus.groovy.ast.expr.EmptyExpression>: null

27-11-2024T10:36:43 - [TEST_STEP][PASSED] - page = <not implemented yet for class: org.codehaus.groovy.ast.expr.EmptyExpression>: null

27-11-2024T10:36:43 - [TEST_STEP][PASSED] - page1 = <not implemented yet for class: org.codehaus.groovy.ast.expr.EmptyExpression>: null

27-11-2024T10:36:43 - [TEST_STEP][PASSED] - page2 = <not implemented yet for class: org.codehaus.groovy.ast.expr.EmptyExpression>: null

27-11-2024T10:36:43 - [TEST_STEP][PASSED] - filialNumberInRow = <not implemented yet for class: org.codehaus.groovy.ast.expr.EmptyExpression>: null

27-11-2024T10:36:43 - [TEST_STEP][PASSED] - filialsDzoNames = <not implemented yet for class: org.codehaus.groovy.ast.expr.EmptyExpression>: null

27-11-2024T10:36:43 - [TEST_STEP][PASSED] - numberOfFilials = <not implemented yet for class: org.codehaus.groovy.ast.expr.EmptyExpression>: null

27-11-2024T10:36:43 - [TEST_STEP][PASSED] - numberOfSpaces = <not implemented yet for class: org.codehaus.groovy.ast.expr.EmptyExpression>: null

27-11-2024T10:36:43 - [TEST_STEP][PASSED] - file = <not implemented yet for class: org.codehaus.groovy.ast.expr.EmptyExpression>: null

27-11-2024T10:36:43 - [TEST_STEP][PASSED] - otpusk = <not implemented yet for class: org.codehaus.groovy.ast.expr.EmptyExpression>: null

27-11-2024T10:36:43 - [TEST_STEP][PASSED] - poteri = <not implemented yet for class: org.codehaus.groovy.ast.expr.EmptyExpression>: null

27-11-2024T10:36:43 - [TEST_STEP][PASSED] - dataFolder = "Выполнение бизнес-плана/Значения со страницы Выполнение бизнес-плана/": null

27-11-2024T10:36:43 - [TEST_STEP][PASSED] - path = <not implemented yet for class: org.codehaus.groovy.ast.expr.EmptyExpression>: null

27-11-2024T10:36:43 - [TEST_STEP][PASSED] - typeOfDataMain = <not implemented yet for class: org.codehaus.groovy.ast.expr.EmptyExpression>: null

27-11-2024T10:36:43 - [TEST_STEP][PASSED] - fileOtpuskVSet = <not implemented yet for class: org.codehaus.groovy.ast.expr.EmptyExpression>: null

27-11-2024T10:36:43 - [TEST_STEP][PASSED] - pageOtpuskVSet = <not implemented yet for class: org.codehaus.groovy.ast.expr.EmptyExpression>: null

27-11-2024T10:36:43 - [TEST_STEP][PASSED] - filePoteri = <not implemented yet for class: org.codehaus.groovy.ast.expr.EmptyExpression>: null

27-11-2024T10:36:43 - [TEST_STEP][PASSED] - pagePoteri = <not implemented yet for class: org.codehaus.groovy.ast.expr.EmptyExpression>: null

27-11-2024T10:36:43 - [TEST_STEP][PASSED] - compare = <not implemented yet for class: org.codehaus.groovy.ast.expr.EmptyExpression>: null

27-11-2024T10:36:43 - [TEST_STEP][PASSED] - b = <not implemented yet for class: org.codehaus.groovy.ast.expr.EmptyExpression>: null

27-11-2024T10:36:43 - [TEST_STEP][PASSED] - i = <not implemented yet for class: org.codehaus.groovy.ast.expr.EmptyExpression>: null

27-11-2024T10:36:43 - [TEST_STEP][PASSED] - ii = <not implemented yet for class: org.codehaus.groovy.ast.expr.EmptyExpression>: null

27-11-2024T10:36:43 - [TEST_STEP][PASSED] - c = <not implemented yet for class: org.codehaus.groovy.ast.expr.EmptyExpression>: null

27-11-2024T10:36:43 - [TEST_STEP][PASSED] - numberOfErrors = 0: null

27-11-2024T10:36:43 - [TEST_STEP][PASSED] - if (a == 82): null

27-11-2024T10:36:43 - [TEST_STEP][PASSED] - b = findTestData("PlanFact").getValue(1, a): null

27-11-2024T10:36:43 - [TEST_STEP][PASSED] - i = b.indexOf(" (ГК)"): null

27-11-2024T10:36:43 - [TEST_STEP][PASSED] - if (i > -1): null

27-11-2024T10:36:43 - [TEST_STEP][PASSED] - i = b.indexOf("О ""): null

27-11-2024T10:36:43 - [TEST_STEP][PASSED] - if (i > -1): null

27-11-2024T10:36:43 - [TEST_STEP][PASSED] - i = b.indexOf("О «"): null

27-11-2024T10:36:43 - [TEST_STEP][PASSED] - if (i > -1): null

27-11-2024T10:36:43 - [TEST_STEP][PASSED] - i = b.indexOf("г. "): null

27-11-2024T10:36:43 - [TEST_STEP][PASSED] - if (i > -1): null

27-11-2024T10:36:43 - [TEST_STEP][PASSED] - println(b): null

27-11-2024T10:36:43 - [TEST_STEP][PASSED] - for ([planFact = 1, planFact < 3, (planFact++)]): Object: 'Object Repository/Выполнение бизнес-плана/Кнопка Факт' is clicked on

27-11-2024T10:36:43 - [TEST_STEP][PASSED] - if (planFact == 1): null

27-11-2024T10:36:43 - [TEST_STEP][PASSED] - typeOfDataMain = "Факт": null

27-11-2024T10:36:43 - [TEST_STEP][PASSED] - otpusk = findTestData("PlanFact").getValue(5, a): null

27-11-2024T10:36:43 - [TEST_STEP][PASSED] - poteri = findTestData("PlanFact").getValue(6, a): null

27-11-2024T10:36:44 - [TEST_STEP][PASSED] - otpusk = otpusk.replaceAll("\s+", ""): null

27-11-2024T10:36:44 - [TEST_STEP][PASSED] - poteri = poteri.replaceAll("\s+", ""): null

27-11-2024T10:36:44 - [TEST_STEP][PASSED] - typeOfData = typeOfDataMain + " Отпуск в сеть": null

27-11-2024T10:36:44 - [TEST_STEP][PASSED] - if (a == 82): null

27-11-2024T10:36:44 - [TEST_STEP][PASSED] - else if (a == 84): null

27-11-2024T10:36:44 - [TEST_STEP][PASSED] - else if (a == 52 || a == 72 || a == 28 || a == 73 || a == 77 || a == 74 || a == 65 || a == 36 || a == 44 || a == 53 || a == 80 || a == 54 || a == 1 || a == 18 || a == 59 || a == 81): null

27-11-2024T10:36:44 - [TEST_STEP][PASSED] - else: null

27-11-2024T10:36:44 - [TEST_STEP][PASSED] - path = dataFolder + typeOfData + " за отчётный период " + b: null

27-11-2024T10:36:44 - [TEST_STEP][PASSED] - println(path): null

27-11-2024T10:36:44 - [TEST_STEP][PASSED] - page = getText(findTestObject(path)): Text of object 'Object Repository/Выполнение бизнес-плана/Значения со страницы Выполнение бизнес-плана/Факт Отпуск в сеть за отчётный период Омскэнерго' is: '6 702 408'

27-11-2024T10:36:44 - [MESSAGE][PASSED] - Text of object 'Object Repository/Выполнение бизнес-плана/Значения со страницы Выполнение бизнес-плана/Факт Отпуск в сеть за отчётный период Омскэнерго' is: '6 702 408'

27-11-2024T10:36:44 - [TEST_STEP][PASSED] - page = page.replaceAll("\s+", ""): null

27-11-2024T10:36:44 - [TEST_STEP][PASSED] - fileOtpuskVSet = otpusk.toInteger(): null

27-11-2024T10:36:44 - [TEST_STEP][PASSED] - pageOtpuskVSet = page.toInteger(): null

27-11-2024T10:36:44 - [TEST_STEP][PASSED] - typeOfData = typeOfDataMain + " Потери": null

27-11-2024T10:36:44 - [TEST_STEP][PASSED] - if (a == 82): null

27-11-2024T10:36:44 - [TEST_STEP][PASSED] - else if (a == 84): null

27-11-2024T10:36:44 - [TEST_STEP][PASSED] - else if (a == 52 || a == 72 || a == 28 || a == 73 || a == 77 || a == 74 || a == 65 || a == 36 || a == 44 || a == 53 || a == 80 || a == 54 || a == 1 || a == 18 || a == 59 || a == 81): null

27-11-2024T10:36:44 - [TEST_STEP][PASSED] - else: null

27-11-2024T10:36:44 - [TEST_STEP][PASSED] - path = dataFolder + typeOfData + " за отчётный период " + b: null

27-11-2024T10:36:44 - [TEST_STEP][PASSED] - page = getText(findTestObject(path)): Text of object 'Object Repository/Выполнение бизнес-плана/Значения со страницы Выполнение бизнес-плана/Факт Потери за отчётный период Омскэнерго' is: '405 419'

27-11-2024T10:36:44 - [MESSAGE][PASSED] - Text of object 'Object Repository/Выполнение бизнес-плана/Значения со страницы Выполнение бизнес-плана/Факт Потери за отчётный период Омскэнерго' is: '405 419'

27-11-2024T10:36:44 - [TEST_STEP][PASSED] - page = page.replaceAll("\s+", ""): null

27-11-2024T10:36:44 - [TEST_STEP][PASSED] - filePoteri = poteri.toInteger(): null

27-11-2024T10:36:44 - [TEST_STEP][PASSED] - pagePoteri = page.toInteger(): null

27-11-2024T10:36:44 - [TEST_STEP][PASSED] - compare = pageOtpuskVSet: null

27-11-2024T10:36:44 - [TEST_STEP][PASSED] - if (compare == fileOtpuskVSet): null

27-11-2024T10:36:44 - [TEST_STEP][PASSED] - if (compare == fileOtpuskVSet): null

27-11-2024T10:36:44 - [TEST_STEP][PASSED] - compare = pagePoteri: null

27-11-2024T10:36:44 - [TEST_STEP][PASSED] - if (compare == filePoteri): null

27-11-2024T10:36:44 - [TEST_STEP][PASSED] - if (compare == filePoteri): null

27-11-2024T10:36:44 - [TEST_STEP][PASSED] - if (planFact == 2): null

27-11-2024T10:36:44 - [TEST_STEP][PASSED] - if (planFact == 1): null

27-11-2024T10:36:44 - [TEST_STEP][PASSED] - else if (planFact == 2): null

27-11-2024T10:36:44 - [TEST_STEP][PASSED] - click(findTestObject("Выполнение бизнес-плана/Кнопка План")): Object: 'Object Repository/Выполнение бизнес-плана/Кнопка План' is clicked on

27-11-2024T10:36:45 - [MESSAGE][PASSED] - Object: 'Object Repository/Выполнение бизнес-плана/Кнопка План' is clicked on

27-11-2024T10:36:45 - [TEST_STEP][PASSED] - typeOfDataMain = "План": null

27-11-2024T10:36:45 - [TEST_STEP][PASSED] - otpusk = findTestData("PlanFact").getValue(2, a): null

27-11-2024T10:36:45 - [TEST_STEP][PASSED] - poteri = findTestData("PlanFact").getValue(3, a): null

27-11-2024T10:36:45 - [TEST_STEP][PASSED] - otpusk = otpusk.replaceAll("\s+", ""): null

27-11-2024T10:36:45 - [TEST_STEP][PASSED] - poteri = poteri.replaceAll("\s+", ""): null

27-11-2024T10:36:45 - [TEST_STEP][PASSED] - typeOfData = typeOfDataMain + " Отпуск в сеть": null

27-11-2024T10:36:45 - [TEST_STEP][PASSED] - if (a == 82): null

27-11-2024T10:36:45 - [TEST_STEP][PASSED] - else if (a == 84): null

27-11-2024T10:36:45 - [TEST_STEP][PASSED] - else if (a == 52 || a == 72 || a == 28 || a == 73 || a == 77 || a == 74 || a == 65 || a == 36 || a == 44 || a == 53 || a == 80 || a == 54 || a == 1 || a == 18 || a == 59 || a == 81): null

27-11-2024T10:36:45 - [TEST_STEP][PASSED] - else: null

27-11-2024T10:36:45 - [TEST_STEP][PASSED] - path = dataFolder + typeOfData + " за отчётный период " + b: null

27-11-2024T10:36:45 - [TEST_STEP][PASSED] - println(path): null

27-11-2024T10:36:45 - [TEST_STEP][PASSED] - page = getText(findTestObject(path)): Text of object 'Object Repository/Выполнение бизнес-плана/Значения со страницы Выполнение бизнес-плана/План Отпуск в сеть за отчётный период Омскэнерго' is: '6 495 201'

27-11-2024T10:36:45 - [MESSAGE][PASSED] - Text of object 'Object Repository/Выполнение бизнес-плана/Значения со страницы Выполнение бизнес-плана/План Отпуск в сеть за отчётный период Омскэнерго' is: '6 495 201'

27-11-2024T10:36:45 - [TEST_STEP][PASSED] - page = page.replaceAll("\s+", ""): null

27-11-2024T10:36:45 - [TEST_STEP][PASSED] - fileOtpuskVSet = otpusk.toInteger(): null

27-11-2024T10:36:45 - [TEST_STEP][PASSED] - pageOtpuskVSet = page.toInteger(): null

27-11-2024T10:36:45 - [TEST_STEP][PASSED] - typeOfData = typeOfDataMain + " Потери": null

27-11-2024T10:36:45 - [TEST_STEP][PASSED] - if (a == 82): null

27-11-2024T10:36:45 - [TEST_STEP][PASSED] - else if (a == 84): null

27-11-2024T10:36:45 - [TEST_STEP][PASSED] - else if (a == 52 || a == 72 || a == 28 || a == 73 || a == 77 || a == 74 || a == 65 || a == 36 || a == 44 || a == 53 || a == 80 || a == 54 || a == 1 || a == 18 || a == 59 || a == 81): null

27-11-2024T10:36:45 - [TEST_STEP][PASSED] - else: null

27-11-2024T10:36:45 - [TEST_STEP][PASSED] - path = dataFolder + typeOfData + " за отчётный период " + b: null

27-11-2024T10:36:45 - [TEST_STEP][PASSED] - page = getText(findTestObject(path)): Text of object 'Object Repository/Выполнение бизнес-плана/Значения со страницы Выполнение бизнес-плана/План Потери за отчётный период Омскэнерго' is: '393 394'

27-11-2024T10:36:45 - [MESSAGE][PASSED] - Text of object 'Object Repository/Выполнение бизнес-плана/Значения со страницы Выполнение бизнес-плана/План Потери за отчётный период Омскэнерго' is: '393 394'

27-11-2024T10:36:45 - [TEST_STEP][PASSED] - page = page.replaceAll("\s+", ""): null

27-11-2024T10:36:45 - [TEST_STEP][PASSED] - filePoteri = poteri.toInteger(): null

27-11-2024T10:36:45 - [TEST_STEP][PASSED] - pagePoteri = page.toInteger(): null

27-11-2024T10:36:45 - [TEST_STEP][PASSED] - compare = pageOtpuskVSet: null

27-11-2024T10:36:45 - [TEST_STEP][PASSED] - if (compare == fileOtpuskVSet): null

27-11-2024T10:36:45 - [TEST_STEP][PASSED] - if (compare == fileOtpuskVSet): null

27-11-2024T10:36:45 - [TEST_STEP][PASSED] - compare = pagePoteri: null

27-11-2024T10:36:45 - [TEST_STEP][PASSED] - if (compare == filePoteri): null

27-11-2024T10:36:45 - [TEST_STEP][PASSED] - if (compare == filePoteri): null

27-11-2024T10:36:45 - [TEST_STEP][PASSED] - if (planFact == 2): Object: 'Object Repository/Выполнение бизнес-плана/Кнопка Факт' is clicked on

27-11-2024T10:36:45 - [TEST_STEP][PASSED] - click(findTestObject("Выполнение бизнес-плана/Кнопка Факт")): Object: 'Object Repository/Выполнение бизнес-плана/Кнопка Факт' is clicked on

27-11-2024T10:36:46 - [MESSAGE][PASSED] - Object: 'Object Repository/Выполнение бизнес-плана/Кнопка Факт' is clicked on

27-11-2024T10:36:46 - [TEST_STEP][PASSED] - if (a == 84 || a == 82): null

27-11-2024T10:36:46 - [TEST_STEP][PASSED] - else if (a == 52 || a == 72 || a == 28 || a == 73 || a == 77 || a == 74 || a == 65 || a == 36 || a == 44 || a == 53 || a == 80 || a == 54 || a == 1 || a == 18 || a == 59 || a == 81): null

27-11-2024T10:36:46 - [TEST_STEP][PASSED] - else: null

27-11-2024T10:36:46 - [TEST_STEP][PASSED] - page1 = getText(findTestObject("Object Repository/Выполнение бизнес-плана/spanPlan" + filialNum)): Text of object 'Object Repository/Выполнение бизнес-плана/spanPlan5' is: '6.06
|'

27-11-2024T10:36:46 - [MESSAGE][PASSED] - Text of object 'Object Repository/Выполнение бизнес-плана/spanPlan5' is: '6.06
|'

27-11-2024T10:36:46 - [TEST_STEP][PASSED] - page1 = page1.replace("|", ""): null

27-11-2024T10:36:46 - [TEST_STEP][PASSED] - page2 = getText(findTestObject("Object Repository/Выполнение бизнес-плана/spanFact" + filialNum)): Text of object 'Object Repository/Выполнение бизнес-плана/spanFact5' is: '6.05
|'

27-11-2024T10:36:46 - [MESSAGE][PASSED] - Text of object 'Object Repository/Выполнение бизнес-плана/spanFact5' is: '6.05
|'

27-11-2024T10:36:46 - [TEST_STEP][PASSED] - page2 = page2.replace("|", ""): null

27-11-2024T10:36:46 - [TEST_STEP][PASSED] - println("page1: " + page1): null

27-11-2024T10:36:46 - [TEST_STEP][PASSED] - println("page2: " + page2): null

27-11-2024T10:36:46 - [TEST_STEP][PASSED] - file = findTestData("PlanFact").getValue(4, a): null

27-11-2024T10:36:46 - [TEST_STEP][PASSED] - file = file.replace(",", "."): null

27-11-2024T10:36:46 - [TEST_STEP][PASSED] - println("file Plan: " + file): null

27-11-2024T10:36:46 - [TEST_STEP][PASSED] - typeOfData = "План в процентах": null

27-11-2024T10:36:46 - [TEST_STEP][PASSED] - fileDouble = file.toDouble(): null

27-11-2024T10:36:46 - [TEST_STEP][PASSED] - pageDouble = page1.toDouble(): null

27-11-2024T10:36:46 - [TEST_STEP][PASSED] - if (fileDouble != pageDouble): null

27-11-2024T10:36:46 - [TEST_STEP][PASSED] - file = findTestData("PlanFact").getValue(7, a): null

27-11-2024T10:36:46 - [TEST_STEP][PASSED] - file = file.replace(",", "."): null

27-11-2024T10:36:46 - [TEST_STEP][PASSED] - println("file Fact: " + file): null

27-11-2024T10:36:46 - [TEST_STEP][PASSED] - fileDouble = file.toDouble(): null

27-11-2024T10:36:46 - [TEST_STEP][PASSED] - typeOfData = "Факт в процентах": null

27-11-2024T10:36:46 - [TEST_STEP][PASSED] - fileDouble = file.toDouble(): null

27-11-2024T10:36:46 - [TEST_STEP][PASSED] - pageDouble = page2.toDouble(): null

27-11-2024T10:36:46 - [TEST_STEP][PASSED] - if (fileDouble != pageDouble): null

27-11-2024T10:36:46 - [TEST_STEP][PASSED] - if (verifyEqual(numberOfErrors, 0) == false): Actual object '0' and expected object '0' are equal

27-11-2024T10:36:46 - [MESSAGE][PASSED] - Actual object '0' and expected object '0' are equal

27-11-2024T10:36:46 - [TEST_STEP][PASSED] - if (a == 82): null

27-11-2024T10:36:46 - [TEST_STEP][PASSED] - dZO = "Хакасэнерго": null

27-11-2024T10:36:46 - [TEST_STEP][PASSED] - a = 50: null

27-11-2024T10:36:46 - [TEST_STEP][PASSED] - if (x2.contains(dZO)): null

27-11-2024T10:36:46 - [TEST_STEP][PASSED] - filialNum = filialNum + 1: null

27-11-2024T10:36:46 - [TEST_STEP][PASSED] - Script1718980020443.Numbers(a, typeOfData, todaysDate, pageInt, fileInt, pageDouble, fileDouble, dZO, dzoNum, filialNum): null

27-11-2024T10:36:46 - [TEST_STEP][PASSED] - println(dzoNum): null

27-11-2024T10:36:46 - [TEST_STEP][PASSED] - planFact = <not implemented yet for class: org.codehaus.groovy.ast.expr.EmptyExpression>: null

27-11-2024T10:36:46 - [TEST_STEP][PASSED] - page = <not implemented yet for class: org.codehaus.groovy.ast.expr.EmptyExpression>: null

27-11-2024T10:36:46 - [TEST_STEP][PASSED] - page1 = <not implemented yet for class: org.codehaus.groovy.ast.expr.EmptyExpression>: null

27-11-2024T10:36:46 - [TEST_STEP][PASSED] - page2 = <not implemented yet for class: org.codehaus.groovy.ast.expr.EmptyExpression>: null

27-11-2024T10:36:46 - [TEST_STEP][PASSED] - filialNumberInRow = <not implemented yet for class: org.codehaus.groovy.ast.expr.EmptyExpression>: null

27-11-2024T10:36:46 - [TEST_STEP][PASSED] - filialsDzoNames = <not implemented yet for class: org.codehaus.groovy.ast.expr.EmptyExpression>: null

27-11-2024T10:36:46 - [TEST_STEP][PASSED] - numberOfFilials = <not implemented yet for class: org.codehaus.groovy.ast.expr.EmptyExpression>: null

27-11-2024T10:36:46 - [TEST_STEP][PASSED] - numberOfSpaces = <not implemented yet for class: org.codehaus.groovy.ast.expr.EmptyExpression>: null

27-11-2024T10:36:46 - [TEST_STEP][PASSED] - file = <not implemented yet for class: org.codehaus.groovy.ast.expr.EmptyExpression>: null

27-11-2024T10:36:46 - [TEST_STEP][PASSED] - otpusk = <not implemented yet for class: org.codehaus.groovy.ast.expr.EmptyExpression>: null

27-11-2024T10:36:46 - [TEST_STEP][PASSED] - poteri = <not implemented yet for class: org.codehaus.groovy.ast.expr.EmptyExpression>: null

27-11-2024T10:36:46 - [TEST_STEP][PASSED] - dataFolder = "Выполнение бизнес-плана/Значения со страницы Выполнение бизнес-плана/": null

27-11-2024T10:36:46 - [TEST_STEP][PASSED] - path = <not implemented yet for class: org.codehaus.groovy.ast.expr.EmptyExpression>: null

27-11-2024T10:36:46 - [TEST_STEP][PASSED] - typeOfDataMain = <not implemented yet for class: org.codehaus.groovy.ast.expr.EmptyExpression>: null

27-11-2024T10:36:46 - [TEST_STEP][PASSED] - fileOtpuskVSet = <not implemented yet for class: org.codehaus.groovy.ast.expr.EmptyExpression>: null

27-11-2024T10:36:46 - [TEST_STEP][PASSED] - pageOtpuskVSet = <not implemented yet for class: org.codehaus.groovy.ast.expr.EmptyExpression>: null

27-11-2024T10:36:46 - [TEST_STEP][PASSED] - filePoteri = <not implemented yet for class: org.codehaus.groovy.ast.expr.EmptyExpression>: null

27-11-2024T10:36:46 - [TEST_STEP][PASSED] - pagePoteri = <not implemented yet for class: org.codehaus.groovy.ast.expr.EmptyExpression>: null

27-11-2024T10:36:46 - [TEST_STEP][PASSED] - compare = <not implemented yet for class: org.codehaus.groovy.ast.expr.EmptyExpression>: null

27-11-2024T10:36:46 - [TEST_STEP][PASSED] - b = <not implemented yet for class: org.codehaus.groovy.ast.expr.EmptyExpression>: null

27-11-2024T10:36:46 - [TEST_STEP][PASSED] - i = <not implemented yet for class: org.codehaus.groovy.ast.expr.EmptyExpression>: null

27-11-2024T10:36:46 - [TEST_STEP][PASSED] - ii = <not implemented yet for class: org.codehaus.groovy.ast.expr.EmptyExpression>: null

27-11-2024T10:36:46 - [TEST_STEP][PASSED] - c = <not implemented yet for class: org.codehaus.groovy.ast.expr.EmptyExpression>: null

27-11-2024T10:36:46 - [TEST_STEP][PASSED] - numberOfErrors = 0: null

27-11-2024T10:36:46 - [TEST_STEP][PASSED] - if (a == 82): null

27-11-2024T10:36:46 - [TEST_STEP][PASSED] - b = findTestData("PlanFact").getValue(1, a): null

27-11-2024T10:36:46 - [TEST_STEP][PASSED] - i = b.indexOf(" (ГК)"): null

27-11-2024T10:36:46 - [TEST_STEP][PASSED] - if (i > -1): null

27-11-2024T10:36:46 - [TEST_STEP][PASSED] - i = b.indexOf("О ""): null

27-11-2024T10:36:46 - [TEST_STEP][PASSED] - if (i > -1): null

27-11-2024T10:36:46 - [TEST_STEP][PASSED] - i = b.indexOf("О «"): null

27-11-2024T10:36:46 - [TEST_STEP][PASSED] - if (i > -1): null

27-11-2024T10:36:46 - [TEST_STEP][PASSED] - i = b.indexOf("г. "): null

27-11-2024T10:36:46 - [TEST_STEP][PASSED] - if (i > -1): null

27-11-2024T10:36:46 - [TEST_STEP][PASSED] - println(b): null

27-11-2024T10:36:46 - [TEST_STEP][PASSED] - for ([planFact = 1, planFact < 3, (planFact++)]): Object: 'Object Repository/Выполнение бизнес-плана/Кнопка Факт' is clicked on

27-11-2024T10:36:46 - [TEST_STEP][PASSED] - if (planFact == 1): null

27-11-2024T10:36:46 - [TEST_STEP][PASSED] - typeOfDataMain = "Факт": null

27-11-2024T10:36:46 - [TEST_STEP][PASSED] - otpusk = findTestData("PlanFact").getValue(5, a): null

27-11-2024T10:36:46 - [TEST_STEP][PASSED] - poteri = findTestData("PlanFact").getValue(6, a): null

27-11-2024T10:36:46 - [TEST_STEP][PASSED] - otpusk = otpusk.replaceAll("\s+", ""): null

27-11-2024T10:36:46 - [TEST_STEP][PASSED] - poteri = poteri.replaceAll("\s+", ""): null

27-11-2024T10:36:46 - [TEST_STEP][PASSED] - typeOfData = typeOfDataMain + " Отпуск в сеть": null

27-11-2024T10:36:46 - [TEST_STEP][PASSED] - if (a == 82): null

27-11-2024T10:36:46 - [TEST_STEP][PASSED] - else if (a == 84): null

27-11-2024T10:36:46 - [TEST_STEP][PASSED] - else if (a == 52 || a == 72 || a == 28 || a == 73 || a == 77 || a == 74 || a == 65 || a == 36 || a == 44 || a == 53 || a == 80 || a == 54 || a == 1 || a == 18 || a == 59 || a == 81): null

27-11-2024T10:36:46 - [TEST_STEP][PASSED] - else: null

27-11-2024T10:36:46 - [TEST_STEP][PASSED] - path = dataFolder + typeOfData + " за отчётный период " + b: null

27-11-2024T10:36:46 - [TEST_STEP][PASSED] - println(path): null

27-11-2024T10:36:46 - [TEST_STEP][PASSED] - page = getText(findTestObject(path)): Text of object 'Object Repository/Выполнение бизнес-плана/Значения со страницы Выполнение бизнес-плана/Факт Отпуск в сеть за отчётный период Хакасэнерго' is: '2 569 596'

27-11-2024T10:36:47 - [MESSAGE][PASSED] - Text of object 'Object Repository/Выполнение бизнес-плана/Значения со страницы Выполнение бизнес-плана/Факт Отпуск в сеть за отчётный период Хакасэнерго' is: '2 569 596'

27-11-2024T10:36:47 - [TEST_STEP][PASSED] - page = page.replaceAll("\s+", ""): null

27-11-2024T10:36:47 - [TEST_STEP][PASSED] - fileOtpuskVSet = otpusk.toInteger(): null

27-11-2024T10:36:47 - [TEST_STEP][PASSED] - pageOtpuskVSet = page.toInteger(): null

27-11-2024T10:36:47 - [TEST_STEP][PASSED] - typeOfData = typeOfDataMain + " Потери": null

27-11-2024T10:36:47 - [TEST_STEP][PASSED] - if (a == 82): null

27-11-2024T10:36:47 - [TEST_STEP][PASSED] - else if (a == 84): null

27-11-2024T10:36:47 - [TEST_STEP][PASSED] - else if (a == 52 || a == 72 || a == 28 || a == 73 || a == 77 || a == 74 || a == 65 || a == 36 || a == 44 || a == 53 || a == 80 || a == 54 || a == 1 || a == 18 || a == 59 || a == 81): null

27-11-2024T10:36:47 - [TEST_STEP][PASSED] - else: null

27-11-2024T10:36:47 - [TEST_STEP][PASSED] - path = dataFolder + typeOfData + " за отчётный период " + b: null

27-11-2024T10:36:47 - [TEST_STEP][PASSED] - page = getText(findTestObject(path)): Text of object 'Object Repository/Выполнение бизнес-плана/Значения со страницы Выполнение бизнес-плана/Факт Потери за отчётный период Хакасэнерго' is: '192 309'

27-11-2024T10:36:47 - [MESSAGE][PASSED] - Text of object 'Object Repository/Выполнение бизнес-плана/Значения со страницы Выполнение бизнес-плана/Факт Потери за отчётный период Хакасэнерго' is: '192 309'

27-11-2024T10:36:47 - [TEST_STEP][PASSED] - page = page.replaceAll("\s+", ""): null

27-11-2024T10:36:47 - [TEST_STEP][PASSED] - filePoteri = poteri.toInteger(): null

27-11-2024T10:36:47 - [TEST_STEP][PASSED] - pagePoteri = page.toInteger(): null

27-11-2024T10:36:47 - [TEST_STEP][PASSED] - compare = pageOtpuskVSet: null

27-11-2024T10:36:47 - [TEST_STEP][PASSED] - if (compare == fileOtpuskVSet): null

27-11-2024T10:36:47 - [TEST_STEP][PASSED] - if (compare == fileOtpuskVSet): null

27-11-2024T10:36:47 - [TEST_STEP][PASSED] - compare = pagePoteri: null

27-11-2024T10:36:47 - [TEST_STEP][PASSED] - if (compare == filePoteri): null

27-11-2024T10:36:47 - [TEST_STEP][PASSED] - if (compare == filePoteri): null

27-11-2024T10:36:47 - [TEST_STEP][PASSED] - if (planFact == 2): null

27-11-2024T10:36:47 - [TEST_STEP][PASSED] - if (planFact == 1): null

27-11-2024T10:36:47 - [TEST_STEP][PASSED] - else if (planFact == 2): null

27-11-2024T10:36:47 - [TEST_STEP][PASSED] - click(findTestObject("Выполнение бизнес-плана/Кнопка План")): Object: 'Object Repository/Выполнение бизнес-плана/Кнопка План' is clicked on

27-11-2024T10:36:47 - [MESSAGE][PASSED] - Object: 'Object Repository/Выполнение бизнес-плана/Кнопка План' is clicked on

27-11-2024T10:36:47 - [TEST_STEP][PASSED] - typeOfDataMain = "План": null

27-11-2024T10:36:47 - [TEST_STEP][PASSED] - otpusk = findTestData("PlanFact").getValue(2, a): null

27-11-2024T10:36:47 - [TEST_STEP][PASSED] - poteri = findTestData("PlanFact").getValue(3, a): null

27-11-2024T10:36:48 - [TEST_STEP][PASSED] - otpusk = otpusk.replaceAll("\s+", ""): null

27-11-2024T10:36:48 - [TEST_STEP][PASSED] - poteri = poteri.replaceAll("\s+", ""): null

27-11-2024T10:36:48 - [TEST_STEP][PASSED] - typeOfData = typeOfDataMain + " Отпуск в сеть": null

27-11-2024T10:36:48 - [TEST_STEP][PASSED] - if (a == 82): null

27-11-2024T10:36:48 - [TEST_STEP][PASSED] - else if (a == 84): null

27-11-2024T10:36:48 - [TEST_STEP][PASSED] - else if (a == 52 || a == 72 || a == 28 || a == 73 || a == 77 || a == 74 || a == 65 || a == 36 || a == 44 || a == 53 || a == 80 || a == 54 || a == 1 || a == 18 || a == 59 || a == 81): null

27-11-2024T10:36:48 - [TEST_STEP][PASSED] - else: null

27-11-2024T10:36:48 - [TEST_STEP][PASSED] - path = dataFolder + typeOfData + " за отчётный период " + b: null

27-11-2024T10:36:48 - [TEST_STEP][PASSED] - println(path): null

27-11-2024T10:36:48 - [TEST_STEP][PASSED] - page = getText(findTestObject(path)): Text of object 'Object Repository/Выполнение бизнес-плана/Значения со страницы Выполнение бизнес-плана/План Отпуск в сеть за отчётный период Хакасэнерго' is: '2 265 562'

27-11-2024T10:36:48 - [MESSAGE][PASSED] - Text of object 'Object Repository/Выполнение бизнес-плана/Значения со страницы Выполнение бизнес-плана/План Отпуск в сеть за отчётный период Хакасэнерго' is: '2 265 562'

27-11-2024T10:36:48 - [TEST_STEP][PASSED] - page = page.replaceAll("\s+", ""): null

27-11-2024T10:36:48 - [TEST_STEP][PASSED] - fileOtpuskVSet = otpusk.toInteger(): null

27-11-2024T10:36:48 - [TEST_STEP][PASSED] - pageOtpuskVSet = page.toInteger(): null

27-11-2024T10:36:48 - [TEST_STEP][PASSED] - typeOfData = typeOfDataMain + " Потери": null

27-11-2024T10:36:48 - [TEST_STEP][PASSED] - if (a == 82): null

27-11-2024T10:36:48 - [TEST_STEP][PASSED] - else if (a == 84): null

27-11-2024T10:36:48 - [TEST_STEP][PASSED] - else if (a == 52 || a == 72 || a == 28 || a == 73 || a == 77 || a == 74 || a == 65 || a == 36 || a == 44 || a == 53 || a == 80 || a == 54 || a == 1 || a == 18 || a == 59 || a == 81): null

27-11-2024T10:36:48 - [TEST_STEP][PASSED] - else: null

27-11-2024T10:36:48 - [TEST_STEP][PASSED] - path = dataFolder + typeOfData + " за отчётный период " + b: null

27-11-2024T10:36:48 - [TEST_STEP][PASSED] - page = getText(findTestObject(path)): Text of object 'Object Repository/Выполнение бизнес-плана/Значения со страницы Выполнение бизнес-плана/План Потери за отчётный период Хакасэнерго' is: '169 570'

27-11-2024T10:36:48 - [MESSAGE][PASSED] - Text of object 'Object Repository/Выполнение бизнес-плана/Значения со страницы Выполнение бизнес-плана/План Потери за отчётный период Хакасэнерго' is: '169 570'

27-11-2024T10:36:48 - [TEST_STEP][PASSED] - page = page.replaceAll("\s+", ""): null

27-11-2024T10:36:48 - [TEST_STEP][PASSED] - filePoteri = poteri.toInteger(): null

27-11-2024T10:36:48 - [TEST_STEP][PASSED] - pagePoteri = page.toInteger(): null

27-11-2024T10:36:48 - [TEST_STEP][PASSED] - compare = pageOtpuskVSet: null

27-11-2024T10:36:48 - [TEST_STEP][PASSED] - if (compare == fileOtpuskVSet): null

27-11-2024T10:36:48 - [TEST_STEP][PASSED] - if (compare == fileOtpuskVSet): null

27-11-2024T10:36:48 - [TEST_STEP][PASSED] - compare = pagePoteri: null

27-11-2024T10:36:48 - [TEST_STEP][PASSED] - if (compare == filePoteri): null

27-11-2024T10:36:48 - [TEST_STEP][PASSED] - if (compare == filePoteri): null

27-11-2024T10:36:48 - [TEST_STEP][PASSED] - if (planFact == 2): Object: 'Object Repository/Выполнение бизнес-плана/Кнопка Факт' is clicked on

27-11-2024T10:36:48 - [TEST_STEP][PASSED] - click(findTestObject("Выполнение бизнес-плана/Кнопка Факт")): Object: 'Object Repository/Выполнение бизнес-плана/Кнопка Факт' is clicked on

27-11-2024T10:36:48 - [MESSAGE][PASSED] - Object: 'Object Repository/Выполнение бизнес-плана/Кнопка Факт' is clicked on

27-11-2024T10:36:48 - [TEST_STEP][PASSED] - if (a == 84 || a == 82): null

27-11-2024T10:36:48 - [TEST_STEP][PASSED] - else if (a == 52 || a == 72 || a == 28 || a == 73 || a == 77 || a == 74 || a == 65 || a == 36 || a == 44 || a == 53 || a == 80 || a == 54 || a == 1 || a == 18 || a == 59 || a == 81): null

27-11-2024T10:36:48 - [TEST_STEP][PASSED] - else: null

27-11-2024T10:36:48 - [TEST_STEP][PASSED] - page1 = getText(findTestObject("Object Repository/Выполнение бизнес-плана/spanPlan" + filialNum)): Text of object 'Object Repository/Выполнение бизнес-плана/spanPlan6' is: '7.48
|'

27-11-2024T10:36:49 - [MESSAGE][PASSED] - Text of object 'Object Repository/Выполнение бизнес-плана/spanPlan6' is: '7.48
|'

27-11-2024T10:36:49 - [TEST_STEP][PASSED] - page1 = page1.replace("|", ""): null

27-11-2024T10:36:49 - [TEST_STEP][PASSED] - page2 = getText(findTestObject("Object Repository/Выполнение бизнес-плана/spanFact" + filialNum)): Text of object 'Object Repository/Выполнение бизнес-плана/spanFact6' is: '7.48
|'

27-11-2024T10:36:49 - [MESSAGE][PASSED] - Text of object 'Object Repository/Выполнение бизнес-плана/spanFact6' is: '7.48
|'

27-11-2024T10:36:49 - [TEST_STEP][PASSED] - page2 = page2.replace("|", ""): null

27-11-2024T10:36:49 - [TEST_STEP][PASSED] - println("page1: " + page1): null

27-11-2024T10:36:49 - [TEST_STEP][PASSED] - println("page2: " + page2): null

27-11-2024T10:36:49 - [TEST_STEP][PASSED] - file = findTestData("PlanFact").getValue(4, a): null

27-11-2024T10:36:49 - [TEST_STEP][PASSED] - file = file.replace(",", "."): null

27-11-2024T10:36:49 - [TEST_STEP][PASSED] - println("file Plan: " + file): null

27-11-2024T10:36:49 - [TEST_STEP][PASSED] - typeOfData = "План в процентах": null

27-11-2024T10:36:49 - [TEST_STEP][PASSED] - fileDouble = file.toDouble(): null

27-11-2024T10:36:49 - [TEST_STEP][PASSED] - pageDouble = page1.toDouble(): null

27-11-2024T10:36:49 - [TEST_STEP][PASSED] - if (fileDouble != pageDouble): null

27-11-2024T10:36:49 - [TEST_STEP][PASSED] - file = findTestData("PlanFact").getValue(7, a): null

27-11-2024T10:36:49 - [TEST_STEP][PASSED] - file = file.replace(",", "."): null

27-11-2024T10:36:49 - [TEST_STEP][PASSED] - println("file Fact: " + file): null

27-11-2024T10:36:49 - [TEST_STEP][PASSED] - fileDouble = file.toDouble(): null

27-11-2024T10:36:49 - [TEST_STEP][PASSED] - typeOfData = "Факт в процентах": null

27-11-2024T10:36:49 - [TEST_STEP][PASSED] - fileDouble = file.toDouble(): null

27-11-2024T10:36:49 - [TEST_STEP][PASSED] - pageDouble = page2.toDouble(): null

27-11-2024T10:36:49 - [TEST_STEP][PASSED] - if (fileDouble != pageDouble): null

27-11-2024T10:36:49 - [TEST_STEP][PASSED] - if (verifyEqual(numberOfErrors, 0) == false): Actual object '0' and expected object '0' are equal

27-11-2024T10:36:49 - [MESSAGE][PASSED] - Actual object '0' and expected object '0' are equal

27-11-2024T10:36:49 - [TEST_STEP][PASSED] - if (a == 82): null

27-11-2024T10:36:49 - [TEST_STEP][PASSED] - dZO = "Читаэнерго": null

27-11-2024T10:36:49 - [TEST_STEP][PASSED] - a = 51: null

27-11-2024T10:36:49 - [TEST_STEP][PASSED] - if (x2.contains(dZO)): null

27-11-2024T10:36:49 - [TEST_STEP][PASSED] - filialNum = filialNum + 1: null

27-11-2024T10:36:49 - [TEST_STEP][PASSED] - Script1718980020443.Numbers(a, typeOfData, todaysDate, pageInt, fileInt, pageDouble, fileDouble, dZO, dzoNum, filialNum): null

27-11-2024T10:36:49 - [TEST_STEP][PASSED] - println(dzoNum): null

27-11-2024T10:36:49 - [TEST_STEP][PASSED] - planFact = <not implemented yet for class: org.codehaus.groovy.ast.expr.EmptyExpression>: null

27-11-2024T10:36:49 - [TEST_STEP][PASSED] - page = <not implemented yet for class: org.codehaus.groovy.ast.expr.EmptyExpression>: null

27-11-2024T10:36:49 - [TEST_STEP][PASSED] - page1 = <not implemented yet for class: org.codehaus.groovy.ast.expr.EmptyExpression>: null

27-11-2024T10:36:49 - [TEST_STEP][PASSED] - page2 = <not implemented yet for class: org.codehaus.groovy.ast.expr.EmptyExpression>: null

27-11-2024T10:36:49 - [TEST_STEP][PASSED] - filialNumberInRow = <not implemented yet for class: org.codehaus.groovy.ast.expr.EmptyExpression>: null

27-11-2024T10:36:49 - [TEST_STEP][PASSED] - filialsDzoNames = <not implemented yet for class: org.codehaus.groovy.ast.expr.EmptyExpression>: null

27-11-2024T10:36:49 - [TEST_STEP][PASSED] - numberOfFilials = <not implemented yet for class: org.codehaus.groovy.ast.expr.EmptyExpression>: null

27-11-2024T10:36:49 - [TEST_STEP][PASSED] - numberOfSpaces = <not implemented yet for class: org.codehaus.groovy.ast.expr.EmptyExpression>: null

27-11-2024T10:36:49 - [TEST_STEP][PASSED] - file = <not implemented yet for class: org.codehaus.groovy.ast.expr.EmptyExpression>: null

27-11-2024T10:36:49 - [TEST_STEP][PASSED] - otpusk = <not implemented yet for class: org.codehaus.groovy.ast.expr.EmptyExpression>: null

27-11-2024T10:36:49 - [TEST_STEP][PASSED] - poteri = <not implemented yet for class: org.codehaus.groovy.ast.expr.EmptyExpression>: null

27-11-2024T10:36:49 - [TEST_STEP][PASSED] - dataFolder = "Выполнение бизнес-плана/Значения со страницы Выполнение бизнес-плана/": null

27-11-2024T10:36:49 - [TEST_STEP][PASSED] - path = <not implemented yet for class: org.codehaus.groovy.ast.expr.EmptyExpression>: null

27-11-2024T10:36:49 - [TEST_STEP][PASSED] - typeOfDataMain = <not implemented yet for class: org.codehaus.groovy.ast.expr.EmptyExpression>: null

27-11-2024T10:36:49 - [TEST_STEP][PASSED] - fileOtpuskVSet = <not implemented yet for class: org.codehaus.groovy.ast.expr.EmptyExpression>: null

27-11-2024T10:36:49 - [TEST_STEP][PASSED] - pageOtpuskVSet = <not implemented yet for class: org.codehaus.groovy.ast.expr.EmptyExpression>: null

27-11-2024T10:36:49 - [TEST_STEP][PASSED] - filePoteri = <not implemented yet for class: org.codehaus.groovy.ast.expr.EmptyExpression>: null

27-11-2024T10:36:49 - [TEST_STEP][PASSED] - pagePoteri = <not implemented yet for class: org.codehaus.groovy.ast.expr.EmptyExpression>: null

27-11-2024T10:36:49 - [TEST_STEP][PASSED] - compare = <not implemented yet for class: org.codehaus.groovy.ast.expr.EmptyExpression>: null

27-11-2024T10:36:49 - [TEST_STEP][PASSED] - b = <not implemented yet for class: org.codehaus.groovy.ast.expr.EmptyExpression>: null

27-11-2024T10:36:49 - [TEST_STEP][PASSED] - i = <not implemented yet for class: org.codehaus.groovy.ast.expr.EmptyExpression>: null

27-11-2024T10:36:49 - [TEST_STEP][PASSED] - ii = <not implemented yet for class: org.codehaus.groovy.ast.expr.EmptyExpression>: null

27-11-2024T10:36:49 - [TEST_STEP][PASSED] - c = <not implemented yet for class: org.codehaus.groovy.ast.expr.EmptyExpression>: null

27-11-2024T10:36:49 - [TEST_STEP][PASSED] - numberOfErrors = 0: null

27-11-2024T10:36:49 - [TEST_STEP][PASSED] - if (a == 82): null

27-11-2024T10:36:49 - [TEST_STEP][PASSED] - b = findTestData("PlanFact").getValue(1, a): null

27-11-2024T10:36:49 - [TEST_STEP][PASSED] - i = b.indexOf(" (ГК)"): null

27-11-2024T10:36:49 - [TEST_STEP][PASSED] - if (i > -1): null

27-11-2024T10:36:49 - [TEST_STEP][PASSED] - i = b.indexOf("О ""): null

27-11-2024T10:36:49 - [TEST_STEP][PASSED] - if (i > -1): null

27-11-2024T10:36:49 - [TEST_STEP][PASSED] - i = b.indexOf("О «"): null

27-11-2024T10:36:49 - [TEST_STEP][PASSED] - if (i > -1): null

27-11-2024T10:36:49 - [TEST_STEP][PASSED] - i = b.indexOf("г. "): null

27-11-2024T10:36:49 - [TEST_STEP][PASSED] - if (i > -1): null

27-11-2024T10:36:49 - [TEST_STEP][PASSED] - println(b): null

27-11-2024T10:36:49 - [TEST_STEP][PASSED] - for ([planFact = 1, planFact < 3, (planFact++)]): null

27-11-2024T10:36:49 - [TEST_STEP][PASSED] - if (planFact == 1): null

27-11-2024T10:36:49 - [TEST_STEP][PASSED] - typeOfDataMain = "Факт": null

27-11-2024T10:36:49 - [TEST_STEP][PASSED] - otpusk = findTestData("PlanFact").getValue(5, a): null

27-11-2024T10:36:49 - [TEST_STEP][PASSED] - poteri = findTestData("PlanFact").getValue(6, a): null

27-11-2024T10:36:49 - [TEST_STEP][PASSED] - otpusk = otpusk.replaceAll("\s+", ""): null

27-11-2024T10:36:49 - [TEST_STEP][PASSED] - poteri = poteri.replaceAll("\s+", ""): null

27-11-2024T10:36:49 - [TEST_STEP][PASSED] - typeOfData = typeOfDataMain + " Отпуск в сеть": null

27-11-2024T10:36:49 - [TEST_STEP][PASSED] - if (a == 82): null

27-11-2024T10:36:49 - [TEST_STEP][PASSED] - else if (a == 84): null

27-11-2024T10:36:49 - [TEST_STEP][PASSED] - else if (a == 52 || a == 72 || a == 28 || a == 73 || a == 77 || a == 74 || a == 65 || a == 36 || a == 44 || a == 53 || a == 80 || a == 54 || a == 1 || a == 18 || a == 59 || a == 81): null

27-11-2024T10:36:49 - [TEST_STEP][PASSED] - else: null

27-11-2024T10:36:49 - [TEST_STEP][PASSED] - path = dataFolder + typeOfData + " за отчётный период " + b: null

27-11-2024T10:36:49 - [TEST_STEP][PASSED] - println(path): null

27-11-2024T10:36:49 - [TEST_STEP][PASSED] - page = getText(findTestObject(path)): Text of object 'Object Repository/Выполнение бизнес-плана/Значения со страницы Выполнение бизнес-плана/Факт Отпуск в сеть за отчётный период Читаэнерго' is: '5 431 468'

27-11-2024T10:36:50 - [MESSAGE][PASSED] - Text of object 'Object Repository/Выполнение бизнес-плана/Значения со страницы Выполнение бизнес-плана/Факт Отпуск в сеть за отчётный период Читаэнерго' is: '5 431 468'

27-11-2024T10:36:50 - [TEST_STEP][PASSED] - page = page.replaceAll("\s+", ""): null

27-11-2024T10:36:50 - [TEST_STEP][PASSED] - fileOtpuskVSet = otpusk.toInteger(): null

27-11-2024T10:36:50 - [TEST_STEP][PASSED] - pageOtpuskVSet = page.toInteger(): null

27-11-2024T10:36:50 - [TEST_STEP][PASSED] - typeOfData = typeOfDataMain + " Потери": null

27-11-2024T10:36:50 - [TEST_STEP][PASSED] - if (a == 82): null

27-11-2024T10:36:50 - [TEST_STEP][PASSED] - else if (a == 84): null

27-11-2024T10:36:50 - [TEST_STEP][PASSED] - else if (a == 52 || a == 72 || a == 28 || a == 73 || a == 77 || a == 74 || a == 65 || a == 36 || a == 44 || a == 53 || a == 80 || a == 54 || a == 1 || a == 18 || a == 59 || a == 81): null

27-11-2024T10:36:50 - [TEST_STEP][PASSED] - else: null

27-11-2024T10:36:50 - [TEST_STEP][PASSED] - path = dataFolder + typeOfData + " за отчётный период " + b: null

27-11-2024T10:36:50 - [TEST_STEP][PASSED] - page = getText(findTestObject(path)): Text of object 'Object Repository/Выполнение бизнес-плана/Значения со страницы Выполнение бизнес-плана/Факт Потери за отчётный период Читаэнерго' is: '419 296'

27-11-2024T10:36:50 - [MESSAGE][PASSED] - Text of object 'Object Repository/Выполнение бизнес-плана/Значения со страницы Выполнение бизнес-плана/Факт Потери за отчётный период Читаэнерго' is: '419 296'

27-11-2024T10:36:50 - [TEST_STEP][PASSED] - page = page.replaceAll("\s+", ""): null

27-11-2024T10:36:50 - [TEST_STEP][PASSED] - filePoteri = poteri.toInteger(): null

27-11-2024T10:36:50 - [TEST_STEP][PASSED] - pagePoteri = page.toInteger(): null

27-11-2024T10:36:50 - [TEST_STEP][PASSED] - compare = pageOtpuskVSet: null

27-11-2024T10:36:50 - [TEST_STEP][PASSED] - if (compare == fileOtpuskVSet): null

27-11-2024T10:36:50 - [TEST_STEP][PASSED] - else if (compare > fileOtpuskVSet): null

27-11-2024T10:36:50 - [TEST_STEP][PASSED] - compare = compare - 1: null

27-11-2024T10:36:50 - [TEST_STEP][PASSED] - if (compare == fileOtpuskVSet): null

27-11-2024T10:36:50 - [TEST_STEP][PASSED] - else: null

27-11-2024T10:36:50 - [TEST_STEP][PASSED] - numberOfErrors = numberOfErrors + 1: null

27-11-2024T10:36:50 - [TEST_STEP][PASSED] - pageInt = pageOtpuskVSet: null

27-11-2024T10:36:50 - [TEST_STEP][PASSED] - fileInt = fileOtpuskVSet: null

27-11-2024T10:36:50 - [TEST_STEP][PASSED] - typeOfData = typeOfDataMain + " Отпуск в сеть": null

27-11-2024T10:36:50 - [TEST_STEP][PASSED] - Script1718980020443.WriteToExcel(a, typeOfData, todaysDate, pageInt, fileInt, pageDouble, fileDouble, dZO): null

27-11-2024T10:36:50 - [TEST_STEP][PASSED] - sheetName = "Sheet1": null

27-11-2024T10:36:50 - [TEST_STEP][PASSED] - data = findTestData("PlanFact"): null

27-11-2024T10:36:50 - [TEST_STEP][PASSED] - n = data.getRowNumbers() + 1: null

27-11-2024T10:36:50 - [TEST_STEP][PASSED] - year = todaysDate.substring(todaysDate.length() - 4, todaysDate.length()): null

27-11-2024T10:36:50 - [TEST_STEP][PASSED] - y = year.toInteger(): null

27-11-2024T10:36:50 - [TEST_STEP][PASSED] - m = getText(findTestObject("Выполнение бизнес-плана/Период")): Text of object 'Object Repository/Выполнение бизнес-плана/Период' is: '1, 2, 3 кв. 2024 года'

27-11-2024T10:36:50 - [MESSAGE][PASSED] - Text of object 'Object Repository/Выполнение бизнес-плана/Период' is: '1, 2, 3 кв. 2024 года'

27-11-2024T10:36:50 - [TEST_STEP][PASSED] - m = m.substring(0, m.indexOf("2024")): null

27-11-2024T10:36:50 - [TEST_STEP][PASSED] - m = m.trim(): null

27-11-2024T10:36:50 - [TEST_STEP][PASSED] - dashboardName = "Выполнение бизнес-плана": null

27-11-2024T10:36:50 - [TEST_STEP][PASSED] - workbook01 = getWorkbook(excelFilePath): null

27-11-2024T10:36:50 - [TEST_STEP][PASSED] - sheet01 = getExcelSheet(workbook01, sheetName): null

27-11-2024T10:36:50 - [TEST_STEP][PASSED] - setValueToCellByIndex(sheet01, n, 0, dashboardName): null

27-11-2024T10:36:50 - [TEST_STEP][PASSED] - setValueToCellByIndex(sheet01, n, 1, dZO): null

27-11-2024T10:36:50 - [TEST_STEP][PASSED] - setValueToCellByIndex(sheet01, n, 2, typeOfData): null

27-11-2024T10:36:50 - [TEST_STEP][PASSED] - if (typeOfData == "Факт в процентах" || typeOfData == "План в процентах"): null

27-11-2024T10:36:50 - [TEST_STEP][PASSED] - else: null

27-11-2024T10:36:50 - [TEST_STEP][PASSED] - setValueToCellByIndex(sheet01, n, 3, fileInt): null

27-11-2024T10:36:50 - [TEST_STEP][PASSED] - setValueToCellByIndex(sheet01, n, 4, pageInt): null

27-11-2024T10:36:50 - [TEST_STEP][PASSED] - setValueToCellByIndex(sheet01, n, 5, m): null

27-11-2024T10:36:50 - [TEST_STEP][PASSED] - setValueToCellByIndex(sheet01, n, 6, y): null

27-11-2024T10:36:50 - [TEST_STEP][PASSED] - setValueToCellByIndex(sheet01, n, 7, todaysDate): null

27-11-2024T10:36:50 - [TEST_STEP][PASSED] - n = n + 1: null

27-11-2024T10:36:50 - [TEST_STEP][PASSED] - saveWorkbook(excelFilePath, workbook01): null

27-11-2024T10:36:51 - [TEST_STEP][PASSED] - compare = pagePoteri: null

27-11-2024T10:36:51 - [TEST_STEP][PASSED] - if (compare == filePoteri): null

27-11-2024T10:36:51 - [TEST_STEP][PASSED] - else if (compare > filePoteri): null

27-11-2024T10:36:51 - [TEST_STEP][PASSED] - compare = compare - 1: null

27-11-2024T10:36:51 - [TEST_STEP][PASSED] - if (compare == filePoteri): null

27-11-2024T10:36:51 - [TEST_STEP][PASSED] - else: null

27-11-2024T10:36:51 - [TEST_STEP][PASSED] - numberOfErrors = numberOfErrors + 1: null

27-11-2024T10:36:51 - [TEST_STEP][PASSED] - pageInt = pagePoteri: null

27-11-2024T10:36:51 - [TEST_STEP][PASSED] - fileInt = filePoteri: null

27-11-2024T10:36:51 - [TEST_STEP][PASSED] - typeOfData = typeOfDataMain + " Потери": null

27-11-2024T10:36:51 - [TEST_STEP][PASSED] - Script1718980020443.WriteToExcel(a, typeOfData, todaysDate, pageInt, fileInt, pageDouble, fileDouble, dZO): null

27-11-2024T10:36:51 - [TEST_STEP][PASSED] - sheetName = "Sheet1": null

27-11-2024T10:36:51 - [TEST_STEP][PASSED] - data = findTestData("PlanFact"): null

27-11-2024T10:36:51 - [TEST_STEP][PASSED] - n = data.getRowNumbers() + 1: null

27-11-2024T10:36:51 - [TEST_STEP][PASSED] - year = todaysDate.substring(todaysDate.length() - 4, todaysDate.length()): null

27-11-2024T10:36:51 - [TEST_STEP][PASSED] - y = year.toInteger(): null

27-11-2024T10:36:51 - [TEST_STEP][PASSED] - m = getText(findTestObject("Выполнение бизнес-плана/Период")): Text of object 'Object Repository/Выполнение бизнес-плана/Период' is: '1, 2, 3 кв. 2024 года'

27-11-2024T10:36:51 - [MESSAGE][PASSED] - Text of object 'Object Repository/Выполнение бизнес-плана/Период' is: '1, 2, 3 кв. 2024 года'

27-11-2024T10:36:51 - [TEST_STEP][PASSED] - m = m.substring(0, m.indexOf("2024")): null

27-11-2024T10:36:51 - [TEST_STEP][PASSED] - m = m.trim(): null

27-11-2024T10:36:51 - [TEST_STEP][PASSED] - dashboardName = "Выполнение бизнес-плана": null

27-11-2024T10:36:51 - [TEST_STEP][PASSED] - workbook01 = getWorkbook(excelFilePath): null

27-11-2024T10:36:51 - [TEST_STEP][PASSED] - sheet01 = getExcelSheet(workbook01, sheetName): null

27-11-2024T10:36:51 - [TEST_STEP][PASSED] - setValueToCellByIndex(sheet01, n, 0, dashboardName): null

27-11-2024T10:36:51 - [TEST_STEP][PASSED] - setValueToCellByIndex(sheet01, n, 1, dZO): null

27-11-2024T10:36:51 - [TEST_STEP][PASSED] - setValueToCellByIndex(sheet01, n, 2, typeOfData): null

27-11-2024T10:36:51 - [TEST_STEP][PASSED] - if (typeOfData == "Факт в процентах" || typeOfData == "План в процентах"): null

27-11-2024T10:36:51 - [TEST_STEP][PASSED] - else: null

27-11-2024T10:36:51 - [TEST_STEP][PASSED] - setValueToCellByIndex(sheet01, n, 3, fileInt): null

27-11-2024T10:36:51 - [TEST_STEP][PASSED] - setValueToCellByIndex(sheet01, n, 4, pageInt): null

27-11-2024T10:36:51 - [TEST_STEP][PASSED] - setValueToCellByIndex(sheet01, n, 5, m): null

27-11-2024T10:36:51 - [TEST_STEP][PASSED] - setValueToCellByIndex(sheet01, n, 6, y): null

27-11-2024T10:36:51 - [TEST_STEP][PASSED] - setValueToCellByIndex(sheet01, n, 7, todaysDate): null

27-11-2024T10:36:51 - [TEST_STEP][PASSED] - n = n + 1: null

27-11-2024T10:36:51 - [TEST_STEP][PASSED] - saveWorkbook(excelFilePath, workbook01): null

27-11-2024T10:36:51 - [TEST_STEP][PASSED] - if (planFact == 2): null

27-11-2024T10:36:51 - [TEST_STEP][PASSED] - if (planFact == 1): null

27-11-2024T10:36:51 - [TEST_STEP][PASSED] - else if (planFact == 2): null

27-11-2024T10:36:51 - [TEST_STEP][PASSED] - click(findTestObject("Выполнение бизнес-плана/Кнопка План")): Object: 'Object Repository/Выполнение бизнес-плана/Кнопка План' is clicked on

27-11-2024T10:36:52 - [MESSAGE][PASSED] - Object: 'Object Repository/Выполнение бизнес-плана/Кнопка План' is clicked on

27-11-2024T10:36:52 - [TEST_STEP][PASSED] - typeOfDataMain = "План": null

27-11-2024T10:36:52 - [TEST_STEP][PASSED] - otpusk = findTestData("PlanFact").getValue(2, a): null

27-11-2024T10:36:52 - [TEST_STEP][PASSED] - poteri = findTestData("PlanFact").getValue(3, a): null

27-11-2024T10:36:52 - [TEST_STEP][PASSED] - otpusk = otpusk.replaceAll("\s+", ""): null

27-11-2024T10:36:52 - [TEST_STEP][PASSED] - poteri = poteri.replaceAll("\s+", ""): null

27-11-2024T10:36:52 - [TEST_STEP][PASSED] - typeOfData = typeOfDataMain + " Отпуск в сеть": null

27-11-2024T10:36:52 - [TEST_STEP][PASSED] - if (a == 82): null

27-11-2024T10:36:52 - [TEST_STEP][PASSED] - else if (a == 84): null

27-11-2024T10:36:52 - [TEST_STEP][PASSED] - else if (a == 52 || a == 72 || a == 28 || a == 73 || a == 77 || a == 74 || a == 65 || a == 36 || a == 44 || a == 53 || a == 80 || a == 54 || a == 1 || a == 18 || a == 59 || a == 81): null

27-11-2024T10:36:52 - [TEST_STEP][PASSED] - else: null

27-11-2024T10:36:52 - [TEST_STEP][PASSED] - path = dataFolder + typeOfData + " за отчётный период " + b: null

27-11-2024T10:36:52 - [TEST_STEP][PASSED] - println(path): null

27-11-2024T10:36:52 - [TEST_STEP][PASSED] - page = getText(findTestObject(path)): Text of object 'Object Repository/Выполнение бизнес-плана/Значения со страницы Выполнение бизнес-плана/План Отпуск в сеть за отчётный период Читаэнерго' is: '5 459 825'

27-11-2024T10:36:52 - [MESSAGE][PASSED] - Text of object 'Object Repository/Выполнение бизнес-плана/Значения со страницы Выполнение бизнес-плана/План Отпуск в сеть за отчётный период Читаэнерго' is: '5 459 825'

27-11-2024T10:36:52 - [TEST_STEP][PASSED] - page = page.replaceAll("\s+", ""): null

27-11-2024T10:36:52 - [TEST_STEP][PASSED] - fileOtpuskVSet = otpusk.toInteger(): null

27-11-2024T10:36:52 - [TEST_STEP][PASSED] - pageOtpuskVSet = page.toInteger(): null

27-11-2024T10:36:52 - [TEST_STEP][PASSED] - typeOfData = typeOfDataMain + " Потери": null

27-11-2024T10:36:52 - [TEST_STEP][PASSED] - if (a == 82): null

27-11-2024T10:36:52 - [TEST_STEP][PASSED] - else if (a == 84): null

27-11-2024T10:36:52 - [TEST_STEP][PASSED] - else if (a == 52 || a == 72 || a == 28 || a == 73 || a == 77 || a == 74 || a == 65 || a == 36 || a == 44 || a == 53 || a == 80 || a == 54 || a == 1 || a == 18 || a == 59 || a == 81): null

27-11-2024T10:36:52 - [TEST_STEP][PASSED] - else: null

27-11-2024T10:36:52 - [TEST_STEP][PASSED] - path = dataFolder + typeOfData + " за отчётный период " + b: null

27-11-2024T10:36:52 - [TEST_STEP][PASSED] - page = getText(findTestObject(path)): Text of object 'Object Repository/Выполнение бизнес-плана/Значения со страницы Выполнение бизнес-плана/План Потери за отчётный период Читаэнерго' is: '421 932'

27-11-2024T10:36:52 - [MESSAGE][PASSED] - Text of object 'Object Repository/Выполнение бизнес-плана/Значения со страницы Выполнение бизнес-плана/План Потери за отчётный период Читаэнерго' is: '421 932'

27-11-2024T10:36:52 - [TEST_STEP][PASSED] - page = page.replaceAll("\s+", ""): null

27-11-2024T10:36:52 - [TEST_STEP][PASSED] - filePoteri = poteri.toInteger(): null

27-11-2024T10:36:52 - [TEST_STEP][PASSED] - pagePoteri = page.toInteger(): null

27-11-2024T10:36:52 - [TEST_STEP][PASSED] - compare = pageOtpuskVSet: null

27-11-2024T10:36:52 - [TEST_STEP][PASSED] - if (compare == fileOtpuskVSet): null

27-11-2024T10:36:52 - [TEST_STEP][PASSED] - else if (compare > fileOtpuskVSet): null

27-11-2024T10:36:52 - [TEST_STEP][PASSED] - compare = compare - 1: null

27-11-2024T10:36:52 - [TEST_STEP][PASSED] - if (compare == fileOtpuskVSet): null

27-11-2024T10:36:52 - [TEST_STEP][PASSED] - else: null

27-11-2024T10:36:52 - [TEST_STEP][PASSED] - numberOfErrors = numberOfErrors + 1: null

27-11-2024T10:36:52 - [TEST_STEP][PASSED] - pageInt = pageOtpuskVSet: null

27-11-2024T10:36:52 - [TEST_STEP][PASSED] - fileInt = fileOtpuskVSet: null

27-11-2024T10:36:52 - [TEST_STEP][PASSED] - typeOfData = typeOfDataMain + " Отпуск в сеть": null

27-11-2024T10:36:52 - [TEST_STEP][PASSED] - Script1718980020443.WriteToExcel(a, typeOfData, todaysDate, pageInt, fileInt, pageDouble, fileDouble, dZO): null

27-11-2024T10:36:52 - [TEST_STEP][PASSED] - sheetName = "Sheet1": null

27-11-2024T10:36:52 - [TEST_STEP][PASSED] - data = findTestData("PlanFact"): null

27-11-2024T10:36:52 - [TEST_STEP][PASSED] - n = data.getRowNumbers() + 1: null

27-11-2024T10:36:52 - [TEST_STEP][PASSED] - year = todaysDate.substring(todaysDate.length() - 4, todaysDate.length()): null

27-11-2024T10:36:52 - [TEST_STEP][PASSED] - y = year.toInteger(): null

27-11-2024T10:36:52 - [TEST_STEP][PASSED] - m = getText(findTestObject("Выполнение бизнес-плана/Период")): Text of object 'Object Repository/Выполнение бизнес-плана/Период' is: '1, 2, 3 кв. 2024 года'

27-11-2024T10:36:53 - [MESSAGE][PASSED] - Text of object 'Object Repository/Выполнение бизнес-плана/Период' is: '1, 2, 3 кв. 2024 года'

27-11-2024T10:36:53 - [TEST_STEP][PASSED] - m = m.substring(0, m.indexOf("2024")): null

27-11-2024T10:36:53 - [TEST_STEP][PASSED] - m = m.trim(): null

27-11-2024T10:36:53 - [TEST_STEP][PASSED] - dashboardName = "Выполнение бизнес-плана": null

27-11-2024T10:36:53 - [TEST_STEP][PASSED] - workbook01 = getWorkbook(excelFilePath): null

27-11-2024T10:36:53 - [TEST_STEP][PASSED] - sheet01 = getExcelSheet(workbook01, sheetName): null

27-11-2024T10:36:53 - [TEST_STEP][PASSED] - setValueToCellByIndex(sheet01, n, 0, dashboardName): null

27-11-2024T10:36:53 - [TEST_STEP][PASSED] - setValueToCellByIndex(sheet01, n, 1, dZO): null

27-11-2024T10:36:53 - [TEST_STEP][PASSED] - setValueToCellByIndex(sheet01, n, 2, typeOfData): null

27-11-2024T10:36:53 - [TEST_STEP][PASSED] - if (typeOfData == "Факт в процентах" || typeOfData == "План в процентах"): null

27-11-2024T10:36:53 - [TEST_STEP][PASSED] - else: null

27-11-2024T10:36:53 - [TEST_STEP][PASSED] - setValueToCellByIndex(sheet01, n, 3, fileInt): null

27-11-2024T10:36:53 - [TEST_STEP][PASSED] - setValueToCellByIndex(sheet01, n, 4, pageInt): null

27-11-2024T10:36:53 - [TEST_STEP][PASSED] - setValueToCellByIndex(sheet01, n, 5, m): null

27-11-2024T10:36:53 - [TEST_STEP][PASSED] - setValueToCellByIndex(sheet01, n, 6, y): null

27-11-2024T10:36:53 - [TEST_STEP][PASSED] - setValueToCellByIndex(sheet01, n, 7, todaysDate): null

27-11-2024T10:36:53 - [TEST_STEP][PASSED] - n = n + 1: null

27-11-2024T10:36:53 - [TEST_STEP][PASSED] - saveWorkbook(excelFilePath, workbook01): null

27-11-2024T10:36:53 - [TEST_STEP][PASSED] - compare = pagePoteri: null

27-11-2024T10:36:53 - [TEST_STEP][PASSED] - if (compare == filePoteri): null

27-11-2024T10:36:53 - [TEST_STEP][PASSED] - else if (compare > filePoteri): null

27-11-2024T10:36:53 - [TEST_STEP][PASSED] - compare = compare - 1: null

27-11-2024T10:36:53 - [TEST_STEP][PASSED] - if (compare == filePoteri): null

27-11-2024T10:36:53 - [TEST_STEP][PASSED] - else: null

27-11-2024T10:36:53 - [TEST_STEP][PASSED] - numberOfErrors = numberOfErrors + 1: null

27-11-2024T10:36:53 - [TEST_STEP][PASSED] - pageInt = pagePoteri: null

27-11-2024T10:36:53 - [TEST_STEP][PASSED] - fileInt = filePoteri: null

27-11-2024T10:36:53 - [TEST_STEP][PASSED] - typeOfData = typeOfDataMain + " Потери": null

27-11-2024T10:36:53 - [TEST_STEP][PASSED] - Script1718980020443.WriteToExcel(a, typeOfData, todaysDate, pageInt, fileInt, pageDouble, fileDouble, dZO): null

27-11-2024T10:36:53 - [TEST_STEP][PASSED] - sheetName = "Sheet1": null

27-11-2024T10:36:53 - [TEST_STEP][PASSED] - data = findTestData("PlanFact"): null

27-11-2024T10:36:53 - [TEST_STEP][PASSED] - n = data.getRowNumbers() + 1: null

27-11-2024T10:36:53 - [TEST_STEP][PASSED] - year = todaysDate.substring(todaysDate.length() - 4, todaysDate.length()): null

27-11-2024T10:36:53 - [TEST_STEP][PASSED] - y = year.toInteger(): null

27-11-2024T10:36:53 - [TEST_STEP][PASSED] - m = getText(findTestObject("Выполнение бизнес-плана/Период")): Text of object 'Object Repository/Выполнение бизнес-плана/Период' is: '1, 2, 3 кв. 2024 года'

27-11-2024T10:36:53 - [MESSAGE][PASSED] - Text of object 'Object Repository/Выполнение бизнес-плана/Период' is: '1, 2, 3 кв. 2024 года'

27-11-2024T10:36:53 - [TEST_STEP][PASSED] - m = m.substring(0, m.indexOf("2024")): null

27-11-2024T10:36:53 - [TEST_STEP][PASSED] - m = m.trim(): null

27-11-2024T10:36:53 - [TEST_STEP][PASSED] - dashboardName = "Выполнение бизнес-плана": null

27-11-2024T10:36:53 - [TEST_STEP][PASSED] - workbook01 = getWorkbook(excelFilePath): null

27-11-2024T10:36:53 - [TEST_STEP][PASSED] - sheet01 = getExcelSheet(workbook01, sheetName): null

27-11-2024T10:36:53 - [TEST_STEP][PASSED] - setValueToCellByIndex(sheet01, n, 0, dashboardName): null

27-11-2024T10:36:53 - [TEST_STEP][PASSED] - setValueToCellByIndex(sheet01, n, 1, dZO): null

27-11-2024T10:36:53 - [TEST_STEP][PASSED] - setValueToCellByIndex(sheet01, n, 2, typeOfData): null

27-11-2024T10:36:53 - [TEST_STEP][PASSED] - if (typeOfData == "Факт в процентах" || typeOfData == "План в процентах"): null

27-11-2024T10:36:53 - [TEST_STEP][PASSED] - else: null

27-11-2024T10:36:53 - [TEST_STEP][PASSED] - setValueToCellByIndex(sheet01, n, 3, fileInt): null

27-11-2024T10:36:53 - [TEST_STEP][PASSED] - setValueToCellByIndex(sheet01, n, 4, pageInt): null

27-11-2024T10:36:53 - [TEST_STEP][PASSED] - setValueToCellByIndex(sheet01, n, 5, m): null

27-11-2024T10:36:53 - [TEST_STEP][PASSED] - setValueToCellByIndex(sheet01, n, 6, y): null

27-11-2024T10:36:53 - [TEST_STEP][PASSED] - setValueToCellByIndex(sheet01, n, 7, todaysDate): null

27-11-2024T10:36:53 - [TEST_STEP][PASSED] - n = n + 1: null

27-11-2024T10:36:53 - [TEST_STEP][PASSED] - saveWorkbook(excelFilePath, workbook01): Object: 'Object Repository/Выполнение бизнес-плана/Кнопка Факт' is clicked on

27-11-2024T10:36:54 - [TEST_STEP][PASSED] - if (planFact == 2): Object: 'Object Repository/Выполнение бизнес-плана/Кнопка Факт' is clicked on

27-11-2024T10:36:54 - [TEST_STEP][PASSED] - click(findTestObject("Выполнение бизнес-плана/Кнопка Факт")): Object: 'Object Repository/Выполнение бизнес-плана/Кнопка Факт' is clicked on

27-11-2024T10:36:54 - [MESSAGE][PASSED] - Object: 'Object Repository/Выполнение бизнес-плана/Кнопка Факт' is clicked on

27-11-2024T10:36:54 - [TEST_STEP][PASSED] - if (a == 84 || a == 82): null

27-11-2024T10:36:54 - [TEST_STEP][PASSED] - else if (a == 52 || a == 72 || a == 28 || a == 73 || a == 77 || a == 74 || a == 65 || a == 36 || a == 44 || a == 53 || a == 80 || a == 54 || a == 1 || a == 18 || a == 59 || a == 81): null

27-11-2024T10:36:54 - [TEST_STEP][PASSED] - else: null

27-11-2024T10:36:54 - [TEST_STEP][PASSED] - page1 = getText(findTestObject("Object Repository/Выполнение бизнес-плана/spanPlan" + filialNum)): Text of object 'Object Repository/Выполнение бизнес-плана/spanPlan7' is: '7.73
|'

27-11-2024T10:36:54 - [MESSAGE][PASSED] - Text of object 'Object Repository/Выполнение бизнес-плана/spanPlan7' is: '7.73
|'

27-11-2024T10:36:54 - [TEST_STEP][PASSED] - page1 = page1.replace("|", ""): null

27-11-2024T10:36:54 - [TEST_STEP][PASSED] - page2 = getText(findTestObject("Object Repository/Выполнение бизнес-плана/spanFact" + filialNum)): Text of object 'Object Repository/Выполнение бизнес-плана/spanFact7' is: '7.72
|'

27-11-2024T10:36:55 - [MESSAGE][PASSED] - Text of object 'Object Repository/Выполнение бизнес-плана/spanFact7' is: '7.72
|'

27-11-2024T10:36:55 - [TEST_STEP][PASSED] - page2 = page2.replace("|", ""): null

27-11-2024T10:36:55 - [TEST_STEP][PASSED] - println("page1: " + page1): null

27-11-2024T10:36:55 - [TEST_STEP][PASSED] - println("page2: " + page2): null

27-11-2024T10:36:55 - [TEST_STEP][PASSED] - file = findTestData("PlanFact").getValue(4, a): null

27-11-2024T10:36:55 - [TEST_STEP][PASSED] - file = file.replace(",", "."): null

27-11-2024T10:36:55 - [TEST_STEP][PASSED] - println("file Plan: " + file): null

27-11-2024T10:36:55 - [TEST_STEP][PASSED] - typeOfData = "План в процентах": null

27-11-2024T10:36:55 - [TEST_STEP][PASSED] - fileDouble = file.toDouble(): null

27-11-2024T10:36:55 - [TEST_STEP][PASSED] - pageDouble = page1.toDouble(): null

27-11-2024T10:36:55 - [TEST_STEP][PASSED] - if (fileDouble != pageDouble): null

27-11-2024T10:36:55 - [TEST_STEP][PASSED] - numberOfErrors = numberOfErrors + 1: null

27-11-2024T10:36:55 - [TEST_STEP][PASSED] - Script1718980020443.WriteToExcel(a, typeOfData, todaysDate, pageInt, fileInt, pageDouble, fileDouble, dZO): null

27-11-2024T10:36:55 - [TEST_STEP][PASSED] - sheetName = "Sheet1": null

27-11-2024T10:36:55 - [TEST_STEP][PASSED] - data = findTestData("PlanFact"): null

27-11-2024T10:36:55 - [TEST_STEP][PASSED] - n = data.getRowNumbers() + 1: null

27-11-2024T10:36:55 - [TEST_STEP][PASSED] - year = todaysDate.substring(todaysDate.length() - 4, todaysDate.length()): null

27-11-2024T10:36:55 - [TEST_STEP][PASSED] - y = year.toInteger(): null

27-11-2024T10:36:55 - [TEST_STEP][PASSED] - m = getText(findTestObject("Выполнение бизнес-плана/Период")): Text of object 'Object Repository/Выполнение бизнес-плана/Период' is: '1, 2, 3 кв. 2024 года'

27-11-2024T10:36:55 - [MESSAGE][PASSED] - Text of object 'Object Repository/Выполнение бизнес-плана/Период' is: '1, 2, 3 кв. 2024 года'

27-11-2024T10:36:55 - [TEST_STEP][PASSED] - m = m.substring(0, m.indexOf("2024")): null

27-11-2024T10:36:55 - [TEST_STEP][PASSED] - m = m.trim(): null

27-11-2024T10:36:55 - [TEST_STEP][PASSED] - dashboardName = "Выполнение бизнес-плана": null

27-11-2024T10:36:55 - [TEST_STEP][PASSED] - workbook01 = getWorkbook(excelFilePath): null

27-11-2024T10:36:55 - [TEST_STEP][PASSED] - sheet01 = getExcelSheet(workbook01, sheetName): null

27-11-2024T10:36:55 - [TEST_STEP][PASSED] - setValueToCellByIndex(sheet01, n, 0, dashboardName): null

27-11-2024T10:36:55 - [TEST_STEP][PASSED] - setValueToCellByIndex(sheet01, n, 1, dZO): null

27-11-2024T10:36:55 - [TEST_STEP][PASSED] - setValueToCellByIndex(sheet01, n, 2, typeOfData): null

27-11-2024T10:36:55 - [TEST_STEP][PASSED] - if (typeOfData == "Факт в процентах" || typeOfData == "План в процентах"): null

27-11-2024T10:36:55 - [TEST_STEP][PASSED] - setValueToCellByIndex(sheet01, n, 3, fileDouble): null

27-11-2024T10:36:55 - [TEST_STEP][PASSED] - setValueToCellByIndex(sheet01, n, 4, pageDouble): null

27-11-2024T10:36:55 - [TEST_STEP][PASSED] - setValueToCellByIndex(sheet01, n, 5, m): null

27-11-2024T10:36:55 - [TEST_STEP][PASSED] - setValueToCellByIndex(sheet01, n, 6, y): null

27-11-2024T10:36:55 - [TEST_STEP][PASSED] - setValueToCellByIndex(sheet01, n, 7, todaysDate): null

27-11-2024T10:36:55 - [TEST_STEP][PASSED] - n = n + 1: null

27-11-2024T10:36:55 - [TEST_STEP][PASSED] - saveWorkbook(excelFilePath, workbook01): null

27-11-2024T10:36:55 - [TEST_STEP][PASSED] - file = findTestData("PlanFact").getValue(7, a): null

27-11-2024T10:36:55 - [TEST_STEP][PASSED] - file = file.replace(",", "."): null

27-11-2024T10:36:55 - [TEST_STEP][PASSED] - println("file Fact: " + file): null

27-11-2024T10:36:55 - [TEST_STEP][PASSED] - fileDouble = file.toDouble(): null

27-11-2024T10:36:55 - [TEST_STEP][PASSED] - typeOfData = "Факт в процентах": null

27-11-2024T10:36:55 - [TEST_STEP][PASSED] - fileDouble = file.toDouble(): null

27-11-2024T10:36:55 - [TEST_STEP][PASSED] - pageDouble = page2.toDouble(): null

27-11-2024T10:36:55 - [TEST_STEP][PASSED] - if (fileDouble != pageDouble): null

27-11-2024T10:36:55 - [TEST_STEP][PASSED] - numberOfErrors = numberOfErrors + 1: null

27-11-2024T10:36:55 - [TEST_STEP][PASSED] - Script1718980020443.WriteToExcel(a, typeOfData, todaysDate, pageInt, fileInt, pageDouble, fileDouble, dZO): null

27-11-2024T10:36:55 - [TEST_STEP][PASSED] - sheetName = "Sheet1": null

27-11-2024T10:36:55 - [TEST_STEP][PASSED] - data = findTestData("PlanFact"): null

27-11-2024T10:36:55 - [TEST_STEP][PASSED] - n = data.getRowNumbers() + 1: null

27-11-2024T10:36:55 - [TEST_STEP][PASSED] - year = todaysDate.substring(todaysDate.length() - 4, todaysDate.length()): null

27-11-2024T10:36:55 - [TEST_STEP][PASSED] - y = year.toInteger(): null

27-11-2024T10:36:55 - [TEST_STEP][PASSED] - m = getText(findTestObject("Выполнение бизнес-плана/Период")): Text of object 'Object Repository/Выполнение бизнес-плана/Период' is: '1, 2, 3 кв. 2024 года'

27-11-2024T10:36:56 - [MESSAGE][PASSED] - Text of object 'Object Repository/Выполнение бизнес-плана/Период' is: '1, 2, 3 кв. 2024 года'

27-11-2024T10:36:56 - [TEST_STEP][PASSED] - m = m.substring(0, m.indexOf("2024")): null

27-11-2024T10:36:56 - [TEST_STEP][PASSED] - m = m.trim(): null

27-11-2024T10:36:56 - [TEST_STEP][PASSED] - dashboardName = "Выполнение бизнес-плана": null

27-11-2024T10:36:56 - [TEST_STEP][PASSED] - workbook01 = getWorkbook(excelFilePath): null

27-11-2024T10:36:56 - [TEST_STEP][PASSED] - sheet01 = getExcelSheet(workbook01, sheetName): null

27-11-2024T10:36:56 - [TEST_STEP][PASSED] - setValueToCellByIndex(sheet01, n, 0, dashboardName): null

27-11-2024T10:36:56 - [TEST_STEP][PASSED] - setValueToCellByIndex(sheet01, n, 1, dZO): null

27-11-2024T10:36:56 - [TEST_STEP][PASSED] - setValueToCellByIndex(sheet01, n, 2, typeOfData): null

27-11-2024T10:36:56 - [TEST_STEP][PASSED] - if (typeOfData == "Факт в процентах" || typeOfData == "План в процентах"): null

27-11-2024T10:36:56 - [TEST_STEP][PASSED] - setValueToCellByIndex(sheet01, n, 3, fileDouble): null

27-11-2024T10:36:56 - [TEST_STEP][PASSED] - setValueToCellByIndex(sheet01, n, 4, pageDouble): null

27-11-2024T10:36:56 - [TEST_STEP][PASSED] - setValueToCellByIndex(sheet01, n, 5, m): null

27-11-2024T10:36:56 - [TEST_STEP][PASSED] - setValueToCellByIndex(sheet01, n, 6, y): null

27-11-2024T10:36:56 - [TEST_STEP][PASSED] - setValueToCellByIndex(sheet01, n, 7, todaysDate): null

27-11-2024T10:36:56 - [TEST_STEP][PASSED] - n = n + 1: null

27-11-2024T10:36:56 - [TEST_STEP][PASSED] - saveWorkbook(excelFilePath, workbook01): null

27-11-2024T10:36:56 - [TEST_STEP][FAILED] - if (verifyEqual(numberOfErrors, 0) == false): null

27-11-2024T10:36:56 - [MESSAGE][FAILED] - Unable to verify equal between actual object '6' and expected object '0' (Root cause: com.kms.katalon.core.exception.StepFailedException: Actual object '6' and expected object '0' are not equal
	at com.kms.katalon.core.keyword.builtin.VerifyEqualKeyword$_verifyEqual_closure1.doCall(VerifyEqualKeyword.groovy:58)
	at com.kms.katalon.core.keyword.builtin.VerifyEqualKeyword$_verifyEqual_closure1.call(VerifyEqualKeyword.groovy)
	at com.kms.katalon.core.keyword.internal.KeywordMain.runKeyword(KeywordMain.groovy:75)
	at com.kms.katalon.core.keyword.builtin.VerifyEqualKeyword.verifyEqual(VerifyEqualKeyword.groovy:63)
	at com.kms.katalon.core.keyword.builtin.VerifyEqualKeyword.execute(VerifyEqualKeyword.groovy:44)
	at com.kms.katalon.core.keyword.internal.KeywordExecutor.executeKeywordForPlatform(KeywordExecutor.groovy:74)
	at com.kms.katalon.core.keyword.BuiltinKeywords.verifyEqual(BuiltinKeywords.groovy:146)
	at jdk.internal.reflect.GeneratedMethodAccessor24.invoke(Unknown Source)
	at java.base/jdk.internal.reflect.DelegatingMethodAccessorImpl.invoke(DelegatingMethodAccessorImpl.java:43)
	at Выполнение бизнес-плана Сверка ПАО Россети все филиалы.Numbers(Выполнение бизнес-плана Сверка ПАО Россети все филиалы:740)
	at Выполнение бизнес-плана Сверка ПАО Россети все филиалы.Filials(Выполнение бизнес-плана Сверка ПАО Россети все филиалы:1633)
	at Выполнение бизнес-плана Сверка ПАО Россети все филиалы.Numbers(Выполнение бизнес-плана Сверка ПАО Россети все филиалы:745)
	at Выполнение бизнес-плана Сверка ПАО Россети все филиалы.run(Выполнение бизнес-плана Сверка ПАО Россети все филиалы:332)
	at com.kms.katalon.core.main.ScriptEngine.run(ScriptEngine.java:194)
	at com.kms.katalon.core.main.ScriptEngine.runScriptAsRawText(ScriptEngine.java:119)
	at com.kms.katalon.core.main.TestCaseExecutor.runScript(TestCaseExecutor.java:448)
	at com.kms.katalon.core.main.TestCaseExecutor.doExecute(TestCaseExecutor.java:439)
	at com.kms.katalon.core.main.TestCaseExecutor.processExecutionPhase(TestCaseExecutor.java:418)
	at com.kms.katalon.core.main.TestCaseExecutor.accessMainPhase(TestCaseExecutor.java:410)
	at com.kms.katalon.core.main.TestCaseExecutor.execute(TestCaseExecutor.java:285)
	at com.kms.katalon.core.common.CommonExecutor.accessTestCaseMainPhase(CommonExecutor.java:65)
	at com.kms.katalon.core.main.TestSuiteExecutor.accessTestSuiteMainPhase(TestSuiteExecutor.java:150)
	at com.kms.katalon.core.main.TestSuiteExecutor.execute(TestSuiteExecutor.java:106)
	at com.kms.katalon.core.main.TestCaseMain.startTestSuite(TestCaseMain.java:180)
	at TempTestSuite1732692359995.run(TempTestSuite1732692359995.groovy:35)
	at java.base/jdk.internal.reflect.NativeMethodAccessorImpl.invoke0(Native Method)
	at java.base/jdk.internal.reflect.NativeMethodAccessorImpl.invoke(NativeMethodAccessorImpl.java:77)
	at java.base/jdk.internal.reflect.DelegatingMethodAccessorImpl.invoke(DelegatingMethodAccessorImpl.java:43)
)

27-11-2024T10:36:56 - [TEST_STEP][PASSED] - println(numberOfErrors): null

27-11-2024T10:36:56 - [TEST_STEP][PASSED] - if (a == 28 || a == 77 || a == 74 || a == 65 || a == 36 || a == 44 || a == 54 || a == 1 || a == 18 || a == 59): null

27-11-2024T10:36:56 - [TEST_STEP][PASSED] - if (a == 82): null

27-11-2024T10:36:56 - [TEST_STEP][PASSED] - filialNum = 0: null

27-11-2024T10:36:56 - [TEST_STEP][PASSED] - if (a == 54): null

27-11-2024T10:36:56 - [TEST_STEP][PASSED] - if (a == 59): null

27-11-2024T10:36:56 - [TEST_STEP][PASSED] - Script1718980020443.OpenFilter(): null

27-11-2024T10:36:56 - [TEST_STEP][PASSED] - click(findTestObject("Object Repository/Выполнение бизнес-плана/Фильтр ДЗО")): Object: 'Object Repository/Выполнение бизнес-плана/Фильтр ДЗО' is clicked on

27-11-2024T10:36:56 - [MESSAGE][PASSED] - Object: 'Object Repository/Выполнение бизнес-плана/Фильтр ДЗО' is clicked on

27-11-2024T10:36:56 - [TEST_STEP][PASSED] - click(findTestObject("Выполнение бизнес-плана/Снять выделение в фильтре ДЗО")): Object: 'Object Repository/Выполнение бизнес-плана/Снять выделение в фильтре ДЗО' is clicked on

27-11-2024T10:36:57 - [MESSAGE][PASSED] - Object: 'Object Repository/Выполнение бизнес-плана/Снять выделение в фильтре ДЗО' is clicked on

27-11-2024T10:36:57 - [TEST_STEP][PASSED] - Script1718980020443.CloseFilter(): null

27-11-2024T10:36:57 - [TEST_STEP][PASSED] - scrollToElement(findTestObject("Выполнение бизнес-плана/Заголовок дашборда"), 30): Scroll to object 'Object Repository/Выполнение бизнес-плана/Заголовок дашборда' successfully

27-11-2024T10:36:57 - [MESSAGE][PASSED] - Scroll to object 'Object Repository/Выполнение бизнес-плана/Заголовок дашборда' successfully

27-11-2024T10:36:57 - [TEST_STEP][PASSED] - click(findTestObject("Object Repository/Выполнение бизнес-плана/Применить в фильтре ДЗО")): Object: 'Object Repository/Выполнение бизнес-плана/Применить в фильтре ДЗО' is clicked on

27-11-2024T10:36:58 - [MESSAGE][PASSED] - Object: 'Object Repository/Выполнение бизнес-плана/Применить в фильтре ДЗО' is clicked on

27-11-2024T10:36:58 - [TEST_STEP][PASSED] - if (a == 82): null

27-11-2024T10:36:58 - [TEST_STEP][PASSED] - println(dzoNum): null

27-11-2024T10:36:58 - [TEST_STEP][PASSED] - dZO = "Россети Томск": null

27-11-2024T10:36:58 - [TEST_STEP][PASSED] - a = 53: null

27-11-2024T10:36:58 - [TEST_STEP][PASSED] - if (x1.contains(dZO)): null

27-11-2024T10:36:58 - [TEST_STEP][PASSED] - else: null

27-11-2024T10:36:58 - [TEST_STEP][PASSED] - Script1718980020443.NoData(a, typeOfData, todaysDate, fileInt, fileDouble, dZO): null

27-11-2024T10:36:58 - [TEST_STEP][PASSED] - println(a): null

27-11-2024T10:36:58 - [TEST_STEP][PASSED] - println(todaysDate): null

27-11-2024T10:36:58 - [TEST_STEP][PASSED] - println(fileInt): null

27-11-2024T10:36:58 - [TEST_STEP][PASSED] - println(fileDouble): null

27-11-2024T10:36:58 - [TEST_STEP][PASSED] - println(dZO): null

27-11-2024T10:36:58 - [TEST_STEP][PASSED] - typeOfData = "Факт Отпуск в сеть": null

27-11-2024T10:36:58 - [TEST_STEP][PASSED] - fileInt = replaceAll("\s+", "").toInteger(): null

27-11-2024T10:36:58 - [TEST_STEP][PASSED] - Script1718980020443.WriteToExcelNoData(a, typeOfData, todaysDate, fileInt, fileDouble, dZO): null

27-11-2024T10:36:58 - [TEST_STEP][PASSED] - sheetName = "Sheet1": null

27-11-2024T10:36:58 - [TEST_STEP][PASSED] - data = findTestData("PlanFact"): null

27-11-2024T10:36:58 - [TEST_STEP][PASSED] - n = data.getRowNumbers() + 1: null

27-11-2024T10:36:58 - [TEST_STEP][PASSED] - year = todaysDate.substring(todaysDate.length() - 4, todaysDate.length()): null

27-11-2024T10:36:58 - [TEST_STEP][PASSED] - y = year.toInteger(): null

27-11-2024T10:36:58 - [TEST_STEP][PASSED] - m = getText(findTestObject("Выполнение бизнес-плана/Период")): Text of object 'Object Repository/Выполнение бизнес-плана/Период' is: '1, 2, 3 кв. 2024 года'

27-11-2024T10:37:19 - [MESSAGE][PASSED] - Text of object 'Object Repository/Выполнение бизнес-плана/Период' is: '1, 2, 3 кв. 2024 года'

27-11-2024T10:37:19 - [TEST_STEP][PASSED] - m = m.substring(0, m.indexOf("2024")): null

27-11-2024T10:37:19 - [TEST_STEP][PASSED] - m = m.trim(): null

27-11-2024T10:37:19 - [TEST_STEP][PASSED] - dashboardName = "Выполнение бизнес-плана": null

27-11-2024T10:37:19 - [TEST_STEP][PASSED] - workbook01 = getWorkbook(excelFilePath): null

27-11-2024T10:37:19 - [TEST_STEP][PASSED] - sheet01 = getExcelSheet(workbook01, sheetName): null

27-11-2024T10:37:19 - [TEST_STEP][PASSED] - setValueToCellByIndex(sheet01, n, 0, dashboardName): null

27-11-2024T10:37:19 - [TEST_STEP][PASSED] - setValueToCellByIndex(sheet01, n, 1, dZO): null

27-11-2024T10:37:19 - [TEST_STEP][PASSED] - setValueToCellByIndex(sheet01, n, 2, typeOfData): null

27-11-2024T10:37:19 - [TEST_STEP][PASSED] - if (typeOfData == "Факт в процентах" || typeOfData == "План в процентах"): null

27-11-2024T10:37:19 - [TEST_STEP][PASSED] - else: null

27-11-2024T10:37:19 - [TEST_STEP][PASSED] - setValueToCellByIndex(sheet01, n, 3, fileInt): null

27-11-2024T10:37:19 - [TEST_STEP][PASSED] - setValueToCellByIndex(sheet01, n, 4, "нет данных"): null

27-11-2024T10:37:19 - [TEST_STEP][PASSED] - setValueToCellByIndex(sheet01, n, 5, m): null

27-11-2024T10:37:19 - [TEST_STEP][PASSED] - setValueToCellByIndex(sheet01, n, 6, y): null

27-11-2024T10:37:19 - [TEST_STEP][PASSED] - setValueToCellByIndex(sheet01, n, 7, todaysDate): null

27-11-2024T10:37:19 - [TEST_STEP][PASSED] - n = n + 1: null

27-11-2024T10:37:19 - [TEST_STEP][PASSED] - saveWorkbook(excelFilePath, workbook01): null

27-11-2024T10:37:19 - [TEST_STEP][PASSED] - typeOfData = "Факт Потери": null

27-11-2024T10:37:19 - [TEST_STEP][PASSED] - fileInt = replaceAll("\s+", "").toInteger(): null

27-11-2024T10:37:19 - [TEST_STEP][PASSED] - Script1718980020443.WriteToExcelNoData(a, typeOfData, todaysDate, fileInt, fileDouble, dZO): null

27-11-2024T10:37:19 - [TEST_STEP][PASSED] - sheetName = "Sheet1": null

27-11-2024T10:37:19 - [TEST_STEP][PASSED] - data = findTestData("PlanFact"): null

27-11-2024T10:37:19 - [TEST_STEP][PASSED] - n = data.getRowNumbers() + 1: null

27-11-2024T10:37:19 - [TEST_STEP][PASSED] - year = todaysDate.substring(todaysDate.length() - 4, todaysDate.length()): null

27-11-2024T10:37:19 - [TEST_STEP][PASSED] - y = year.toInteger(): null

27-11-2024T10:37:19 - [TEST_STEP][PASSED] - m = getText(findTestObject("Выполнение бизнес-плана/Период")): Text of object 'Object Repository/Выполнение бизнес-плана/Период' is: '1, 2, 3 кв. 2024 года'

27-11-2024T10:37:19 - [MESSAGE][PASSED] - Text of object 'Object Repository/Выполнение бизнес-плана/Период' is: '1, 2, 3 кв. 2024 года'

27-11-2024T10:37:19 - [TEST_STEP][PASSED] - m = m.substring(0, m.indexOf("2024")): null

27-11-2024T10:37:19 - [TEST_STEP][PASSED] - m = m.trim(): null

27-11-2024T10:37:19 - [TEST_STEP][PASSED] - dashboardName = "Выполнение бизнес-плана": null

27-11-2024T10:37:19 - [TEST_STEP][PASSED] - workbook01 = getWorkbook(excelFilePath): null

27-11-2024T10:37:19 - [TEST_STEP][PASSED] - sheet01 = getExcelSheet(workbook01, sheetName): null

27-11-2024T10:37:19 - [TEST_STEP][PASSED] - setValueToCellByIndex(sheet01, n, 0, dashboardName): null

27-11-2024T10:37:19 - [TEST_STEP][PASSED] - setValueToCellByIndex(sheet01, n, 1, dZO): null

27-11-2024T10:37:19 - [TEST_STEP][PASSED] - setValueToCellByIndex(sheet01, n, 2, typeOfData): null

27-11-2024T10:37:19 - [TEST_STEP][PASSED] - if (typeOfData == "Факт в процентах" || typeOfData == "План в процентах"): null

27-11-2024T10:37:19 - [TEST_STEP][PASSED] - else: null

27-11-2024T10:37:19 - [TEST_STEP][PASSED] - setValueToCellByIndex(sheet01, n, 3, fileInt): null

27-11-2024T10:37:19 - [TEST_STEP][PASSED] - setValueToCellByIndex(sheet01, n, 4, "нет данных"): null

27-11-2024T10:37:19 - [TEST_STEP][PASSED] - setValueToCellByIndex(sheet01, n, 5, m): null

27-11-2024T10:37:19 - [TEST_STEP][PASSED] - setValueToCellByIndex(sheet01, n, 6, y): null

27-11-2024T10:37:19 - [TEST_STEP][PASSED] - setValueToCellByIndex(sheet01, n, 7, todaysDate): null

27-11-2024T10:37:19 - [TEST_STEP][PASSED] - n = n + 1: null

27-11-2024T10:37:19 - [TEST_STEP][PASSED] - saveWorkbook(excelFilePath, workbook01): null

27-11-2024T10:37:20 - [TEST_STEP][PASSED] - typeOfData = "План Отпуск в сеть": null

27-11-2024T10:37:20 - [TEST_STEP][PASSED] - fileInt = replaceAll("\s+", "").toInteger(): null

27-11-2024T10:37:20 - [TEST_STEP][PASSED] - Script1718980020443.WriteToExcelNoData(a, typeOfData, todaysDate, fileInt, fileDouble, dZO): null

27-11-2024T10:37:20 - [TEST_STEP][PASSED] - sheetName = "Sheet1": null

27-11-2024T10:37:20 - [TEST_STEP][PASSED] - data = findTestData("PlanFact"): null

27-11-2024T10:37:20 - [TEST_STEP][PASSED] - n = data.getRowNumbers() + 1: null

27-11-2024T10:37:20 - [TEST_STEP][PASSED] - year = todaysDate.substring(todaysDate.length() - 4, todaysDate.length()): null

27-11-2024T10:37:20 - [TEST_STEP][PASSED] - y = year.toInteger(): null

27-11-2024T10:37:20 - [TEST_STEP][PASSED] - m = getText(findTestObject("Выполнение бизнес-плана/Период")): Text of object 'Object Repository/Выполнение бизнес-плана/Период' is: '1, 2, 3 кв. 2024 года'

27-11-2024T10:37:20 - [MESSAGE][PASSED] - Text of object 'Object Repository/Выполнение бизнес-плана/Период' is: '1, 2, 3 кв. 2024 года'

27-11-2024T10:37:20 - [TEST_STEP][PASSED] - m = m.substring(0, m.indexOf("2024")): null

27-11-2024T10:37:20 - [TEST_STEP][PASSED] - m = m.trim(): null

27-11-2024T10:37:20 - [TEST_STEP][PASSED] - dashboardName = "Выполнение бизнес-плана": null

27-11-2024T10:37:20 - [TEST_STEP][PASSED] - workbook01 = getWorkbook(excelFilePath): null

27-11-2024T10:37:20 - [TEST_STEP][PASSED] - sheet01 = getExcelSheet(workbook01, sheetName): null

27-11-2024T10:37:20 - [TEST_STEP][PASSED] - setValueToCellByIndex(sheet01, n, 0, dashboardName): null

27-11-2024T10:37:20 - [TEST_STEP][PASSED] - setValueToCellByIndex(sheet01, n, 1, dZO): null

27-11-2024T10:37:20 - [TEST_STEP][PASSED] - setValueToCellByIndex(sheet01, n, 2, typeOfData): null

27-11-2024T10:37:20 - [TEST_STEP][PASSED] - if (typeOfData == "Факт в процентах" || typeOfData == "План в процентах"): null

27-11-2024T10:37:20 - [TEST_STEP][PASSED] - else: null

27-11-2024T10:37:20 - [TEST_STEP][PASSED] - setValueToCellByIndex(sheet01, n, 3, fileInt): null

27-11-2024T10:37:20 - [TEST_STEP][PASSED] - setValueToCellByIndex(sheet01, n, 4, "нет данных"): null

27-11-2024T10:37:20 - [TEST_STEP][PASSED] - setValueToCellByIndex(sheet01, n, 5, m): null

27-11-2024T10:37:20 - [TEST_STEP][PASSED] - setValueToCellByIndex(sheet01, n, 6, y): null

27-11-2024T10:37:20 - [TEST_STEP][PASSED] - setValueToCellByIndex(sheet01, n, 7, todaysDate): null

27-11-2024T10:37:20 - [TEST_STEP][PASSED] - n = n + 1: null

27-11-2024T10:37:20 - [TEST_STEP][PASSED] - saveWorkbook(excelFilePath, workbook01): null

27-11-2024T10:37:20 - [TEST_STEP][PASSED] - typeOfData = "План Потери": null

27-11-2024T10:37:20 - [TEST_STEP][PASSED] - fileInt = replaceAll("\s+", "").toInteger(): null

27-11-2024T10:37:20 - [TEST_STEP][PASSED] - Script1718980020443.WriteToExcelNoData(a, typeOfData, todaysDate, fileInt, fileDouble, dZO): null

27-11-2024T10:37:20 - [TEST_STEP][PASSED] - sheetName = "Sheet1": null

27-11-2024T10:37:20 - [TEST_STEP][PASSED] - data = findTestData("PlanFact"): null

27-11-2024T10:37:20 - [TEST_STEP][PASSED] - n = data.getRowNumbers() + 1: null

27-11-2024T10:37:20 - [TEST_STEP][PASSED] - year = todaysDate.substring(todaysDate.length() - 4, todaysDate.length()): null

27-11-2024T10:37:20 - [TEST_STEP][PASSED] - y = year.toInteger(): null

27-11-2024T10:37:20 - [TEST_STEP][PASSED] - m = getText(findTestObject("Выполнение бизнес-плана/Период")): Text of object 'Object Repository/Выполнение бизнес-плана/Период' is: '1, 2, 3 кв. 2024 года'

27-11-2024T10:37:21 - [MESSAGE][PASSED] - Text of object 'Object Repository/Выполнение бизнес-плана/Период' is: '1, 2, 3 кв. 2024 года'

27-11-2024T10:37:21 - [TEST_STEP][PASSED] - m = m.substring(0, m.indexOf("2024")): null

27-11-2024T10:37:21 - [TEST_STEP][PASSED] - m = m.trim(): null

27-11-2024T10:37:21 - [TEST_STEP][PASSED] - dashboardName = "Выполнение бизнес-плана": null

27-11-2024T10:37:21 - [TEST_STEP][PASSED] - workbook01 = getWorkbook(excelFilePath): null

27-11-2024T10:37:21 - [TEST_STEP][PASSED] - sheet01 = getExcelSheet(workbook01, sheetName): null

27-11-2024T10:37:21 - [TEST_STEP][PASSED] - setValueToCellByIndex(sheet01, n, 0, dashboardName): null

27-11-2024T10:37:21 - [TEST_STEP][PASSED] - setValueToCellByIndex(sheet01, n, 1, dZO): null

27-11-2024T10:37:21 - [TEST_STEP][PASSED] - setValueToCellByIndex(sheet01, n, 2, typeOfData): null

27-11-2024T10:37:21 - [TEST_STEP][PASSED] - if (typeOfData == "Факт в процентах" || typeOfData == "План в процентах"): null

27-11-2024T10:37:21 - [TEST_STEP][PASSED] - else: null

27-11-2024T10:37:21 - [TEST_STEP][PASSED] - setValueToCellByIndex(sheet01, n, 3, fileInt): null

27-11-2024T10:37:21 - [TEST_STEP][PASSED] - setValueToCellByIndex(sheet01, n, 4, "нет данных"): null

27-11-2024T10:37:21 - [TEST_STEP][PASSED] - setValueToCellByIndex(sheet01, n, 5, m): null

27-11-2024T10:37:21 - [TEST_STEP][PASSED] - setValueToCellByIndex(sheet01, n, 6, y): null

27-11-2024T10:37:21 - [TEST_STEP][PASSED] - setValueToCellByIndex(sheet01, n, 7, todaysDate): null

27-11-2024T10:37:21 - [TEST_STEP][PASSED] - n = n + 1: null

27-11-2024T10:37:21 - [TEST_STEP][PASSED] - saveWorkbook(excelFilePath, workbook01): null

27-11-2024T10:37:21 - [TEST_STEP][PASSED] - typeOfData = "План в процентах": null

27-11-2024T10:37:21 - [TEST_STEP][PASSED] - fileDouble = ").toDouble(): null

27-11-2024T10:37:21 - [TEST_STEP][PASSED] - Script1718980020443.WriteToExcelNoData(a, typeOfData, todaysDate, fileInt, fileDouble, dZO): null

27-11-2024T10:37:21 - [TEST_STEP][PASSED] - sheetName = "Sheet1": null

27-11-2024T10:37:21 - [TEST_STEP][PASSED] - data = findTestData("PlanFact"): null

27-11-2024T10:37:21 - [TEST_STEP][PASSED] - n = data.getRowNumbers() + 1: null

27-11-2024T10:37:21 - [TEST_STEP][PASSED] - year = todaysDate.substring(todaysDate.length() - 4, todaysDate.length()): null

27-11-2024T10:37:21 - [TEST_STEP][PASSED] - y = year.toInteger(): null

27-11-2024T10:37:21 - [TEST_STEP][PASSED] - m = getText(findTestObject("Выполнение бизнес-плана/Период")): Text of object 'Object Repository/Выполнение бизнес-плана/Период' is: '1, 2, 3 кв. 2024 года'

27-11-2024T10:37:21 - [MESSAGE][PASSED] - Text of object 'Object Repository/Выполнение бизнес-плана/Период' is: '1, 2, 3 кв. 2024 года'

27-11-2024T10:37:21 - [TEST_STEP][PASSED] - m = m.substring(0, m.indexOf("2024")): null

27-11-2024T10:37:21 - [TEST_STEP][PASSED] - m = m.trim(): null

27-11-2024T10:37:21 - [TEST_STEP][PASSED] - dashboardName = "Выполнение бизнес-плана": null

27-11-2024T10:37:21 - [TEST_STEP][PASSED] - workbook01 = getWorkbook(excelFilePath): null

27-11-2024T10:37:21 - [TEST_STEP][PASSED] - sheet01 = getExcelSheet(workbook01, sheetName): null

27-11-2024T10:37:21 - [TEST_STEP][PASSED] - setValueToCellByIndex(sheet01, n, 0, dashboardName): null

27-11-2024T10:37:21 - [TEST_STEP][PASSED] - setValueToCellByIndex(sheet01, n, 1, dZO): null

27-11-2024T10:37:21 - [TEST_STEP][PASSED] - setValueToCellByIndex(sheet01, n, 2, typeOfData): null

27-11-2024T10:37:21 - [TEST_STEP][PASSED] - if (typeOfData == "Факт в процентах" || typeOfData == "План в процентах"): null

27-11-2024T10:37:21 - [TEST_STEP][PASSED] - setValueToCellByIndex(sheet01, n, 3, fileDouble): null

27-11-2024T10:37:21 - [TEST_STEP][PASSED] - setValueToCellByIndex(sheet01, n, 4, "нет данных"): null

27-11-2024T10:37:21 - [TEST_STEP][PASSED] - setValueToCellByIndex(sheet01, n, 5, m): null

27-11-2024T10:37:21 - [TEST_STEP][PASSED] - setValueToCellByIndex(sheet01, n, 6, y): null

27-11-2024T10:37:21 - [TEST_STEP][PASSED] - setValueToCellByIndex(sheet01, n, 7, todaysDate): null

27-11-2024T10:37:21 - [TEST_STEP][PASSED] - n = n + 1: null

27-11-2024T10:37:21 - [TEST_STEP][PASSED] - saveWorkbook(excelFilePath, workbook01): null

27-11-2024T10:37:22 - [TEST_STEP][PASSED] - typeOfData = "Факт в процентах": null

27-11-2024T10:37:22 - [TEST_STEP][PASSED] - fileDouble = ").toDouble(): null

27-11-2024T10:37:22 - [TEST_STEP][PASSED] - Script1718980020443.WriteToExcelNoData(a, typeOfData, todaysDate, fileInt, fileDouble, dZO): null

27-11-2024T10:37:22 - [TEST_STEP][PASSED] - sheetName = "Sheet1": null

27-11-2024T10:37:22 - [TEST_STEP][PASSED] - data = findTestData("PlanFact"): null

27-11-2024T10:37:22 - [TEST_STEP][PASSED] - n = data.getRowNumbers() + 1: null

27-11-2024T10:37:22 - [TEST_STEP][PASSED] - year = todaysDate.substring(todaysDate.length() - 4, todaysDate.length()): null

27-11-2024T10:37:22 - [TEST_STEP][PASSED] - y = year.toInteger(): null

27-11-2024T10:37:22 - [TEST_STEP][PASSED] - m = getText(findTestObject("Выполнение бизнес-плана/Период")): Text of object 'Object Repository/Выполнение бизнес-плана/Период' is: '1, 2, 3 кв. 2024 года'

27-11-2024T10:37:22 - [MESSAGE][PASSED] - Text of object 'Object Repository/Выполнение бизнес-плана/Период' is: '1, 2, 3 кв. 2024 года'

27-11-2024T10:37:22 - [TEST_STEP][PASSED] - m = m.substring(0, m.indexOf("2024")): null

27-11-2024T10:37:22 - [TEST_STEP][PASSED] - m = m.trim(): null

27-11-2024T10:37:22 - [TEST_STEP][PASSED] - dashboardName = "Выполнение бизнес-плана": null

27-11-2024T10:37:22 - [TEST_STEP][PASSED] - workbook01 = getWorkbook(excelFilePath): null

27-11-2024T10:37:22 - [TEST_STEP][PASSED] - sheet01 = getExcelSheet(workbook01, sheetName): null

27-11-2024T10:37:22 - [TEST_STEP][PASSED] - setValueToCellByIndex(sheet01, n, 0, dashboardName): null

27-11-2024T10:37:22 - [TEST_STEP][PASSED] - setValueToCellByIndex(sheet01, n, 1, dZO): null

27-11-2024T10:37:22 - [TEST_STEP][PASSED] - setValueToCellByIndex(sheet01, n, 2, typeOfData): null

27-11-2024T10:37:22 - [TEST_STEP][PASSED] - if (typeOfData == "Факт в процентах" || typeOfData == "План в процентах"): null

27-11-2024T10:37:22 - [TEST_STEP][PASSED] - setValueToCellByIndex(sheet01, n, 3, fileDouble): null

27-11-2024T10:37:22 - [TEST_STEP][PASSED] - setValueToCellByIndex(sheet01, n, 4, "нет данных"): null

27-11-2024T10:37:22 - [TEST_STEP][PASSED] - setValueToCellByIndex(sheet01, n, 5, m): null

27-11-2024T10:37:22 - [TEST_STEP][PASSED] - setValueToCellByIndex(sheet01, n, 6, y): null

27-11-2024T10:37:22 - [TEST_STEP][PASSED] - setValueToCellByIndex(sheet01, n, 7, todaysDate): null

27-11-2024T10:37:22 - [TEST_STEP][PASSED] - n = n + 1: null

27-11-2024T10:37:22 - [TEST_STEP][PASSED] - saveWorkbook(excelFilePath, workbook01): null

27-11-2024T10:37:22 - [TEST_STEP][PASSED] - println(dzoNum): null

27-11-2024T10:37:22 - [TEST_STEP][PASSED] - dZO = "Россети Тюмень": null

27-11-2024T10:37:22 - [TEST_STEP][PASSED] - a = 80: null

27-11-2024T10:37:22 - [TEST_STEP][PASSED] - if (x1.contains(dZO)): null

27-11-2024T10:37:22 - [TEST_STEP][PASSED] - dzoNum = dzoNum + 1: null

27-11-2024T10:37:22 - [TEST_STEP][PASSED] - Script1718980020443.Numbers(a, typeOfData, todaysDate, pageInt, fileInt, pageDouble, fileDouble, dZO, dzoNum, filialNum): null

27-11-2024T10:37:22 - [TEST_STEP][PASSED] - println(dzoNum): null

27-11-2024T10:37:22 - [TEST_STEP][PASSED] - planFact = <not implemented yet for class: org.codehaus.groovy.ast.expr.EmptyExpression>: null

27-11-2024T10:37:22 - [TEST_STEP][PASSED] - page = <not implemented yet for class: org.codehaus.groovy.ast.expr.EmptyExpression>: null

27-11-2024T10:37:22 - [TEST_STEP][PASSED] - page1 = <not implemented yet for class: org.codehaus.groovy.ast.expr.EmptyExpression>: null

27-11-2024T10:37:22 - [TEST_STEP][PASSED] - page2 = <not implemented yet for class: org.codehaus.groovy.ast.expr.EmptyExpression>: null

27-11-2024T10:37:22 - [TEST_STEP][PASSED] - filialNumberInRow = <not implemented yet for class: org.codehaus.groovy.ast.expr.EmptyExpression>: null

27-11-2024T10:37:22 - [TEST_STEP][PASSED] - filialsDzoNames = <not implemented yet for class: org.codehaus.groovy.ast.expr.EmptyExpression>: null

27-11-2024T10:37:22 - [TEST_STEP][PASSED] - numberOfFilials = <not implemented yet for class: org.codehaus.groovy.ast.expr.EmptyExpression>: null

27-11-2024T10:37:22 - [TEST_STEP][PASSED] - numberOfSpaces = <not implemented yet for class: org.codehaus.groovy.ast.expr.EmptyExpression>: null

27-11-2024T10:37:22 - [TEST_STEP][PASSED] - file = <not implemented yet for class: org.codehaus.groovy.ast.expr.EmptyExpression>: null

27-11-2024T10:37:22 - [TEST_STEP][PASSED] - otpusk = <not implemented yet for class: org.codehaus.groovy.ast.expr.EmptyExpression>: null

27-11-2024T10:37:22 - [TEST_STEP][PASSED] - poteri = <not implemented yet for class: org.codehaus.groovy.ast.expr.EmptyExpression>: null

27-11-2024T10:37:22 - [TEST_STEP][PASSED] - dataFolder = "Выполнение бизнес-плана/Значения со страницы Выполнение бизнес-плана/": null

27-11-2024T10:37:22 - [TEST_STEP][PASSED] - path = <not implemented yet for class: org.codehaus.groovy.ast.expr.EmptyExpression>: null

27-11-2024T10:37:22 - [TEST_STEP][PASSED] - typeOfDataMain = <not implemented yet for class: org.codehaus.groovy.ast.expr.EmptyExpression>: null

27-11-2024T10:37:22 - [TEST_STEP][PASSED] - fileOtpuskVSet = <not implemented yet for class: org.codehaus.groovy.ast.expr.EmptyExpression>: null

27-11-2024T10:37:22 - [TEST_STEP][PASSED] - pageOtpuskVSet = <not implemented yet for class: org.codehaus.groovy.ast.expr.EmptyExpression>: null

27-11-2024T10:37:22 - [TEST_STEP][PASSED] - filePoteri = <not implemented yet for class: org.codehaus.groovy.ast.expr.EmptyExpression>: null

27-11-2024T10:37:22 - [TEST_STEP][PASSED] - pagePoteri = <not implemented yet for class: org.codehaus.groovy.ast.expr.EmptyExpression>: null

27-11-2024T10:37:22 - [TEST_STEP][PASSED] - compare = <not implemented yet for class: org.codehaus.groovy.ast.expr.EmptyExpression>: null

27-11-2024T10:37:22 - [TEST_STEP][PASSED] - b = <not implemented yet for class: org.codehaus.groovy.ast.expr.EmptyExpression>: null

27-11-2024T10:37:22 - [TEST_STEP][PASSED] - i = <not implemented yet for class: org.codehaus.groovy.ast.expr.EmptyExpression>: null

27-11-2024T10:37:22 - [TEST_STEP][PASSED] - ii = <not implemented yet for class: org.codehaus.groovy.ast.expr.EmptyExpression>: null

27-11-2024T10:37:22 - [TEST_STEP][PASSED] - c = <not implemented yet for class: org.codehaus.groovy.ast.expr.EmptyExpression>: null

27-11-2024T10:37:22 - [TEST_STEP][PASSED] - numberOfErrors = 0: null

27-11-2024T10:37:22 - [TEST_STEP][PASSED] - if (a == 82): null

27-11-2024T10:37:22 - [TEST_STEP][PASSED] - b = findTestData("PlanFact").getValue(1, a): null

27-11-2024T10:37:22 - [TEST_STEP][PASSED] - i = b.indexOf(" (ГК)"): null

27-11-2024T10:37:22 - [TEST_STEP][PASSED] - if (i > -1): null

27-11-2024T10:37:22 - [TEST_STEP][PASSED] - i = b.indexOf("О ""): null

27-11-2024T10:37:22 - [TEST_STEP][PASSED] - if (i > -1): null

27-11-2024T10:37:22 - [TEST_STEP][PASSED] - i = b.indexOf("О «"): null

27-11-2024T10:37:22 - [TEST_STEP][PASSED] - if (i > -1): null

27-11-2024T10:37:22 - [TEST_STEP][PASSED] - i = b.indexOf("г. "): null

27-11-2024T10:37:22 - [TEST_STEP][PASSED] - if (i > -1): null

27-11-2024T10:37:22 - [TEST_STEP][PASSED] - println(b): null

27-11-2024T10:37:22 - [TEST_STEP][PASSED] - for ([planFact = 1, planFact < 3, (planFact++)]): Object: 'Object Repository/Выполнение бизнес-плана/Кнопка Факт' is clicked on

27-11-2024T10:37:22 - [TEST_STEP][PASSED] - if (planFact == 1): null

27-11-2024T10:37:22 - [TEST_STEP][PASSED] - typeOfDataMain = "Факт": null

27-11-2024T10:37:22 - [TEST_STEP][PASSED] - otpusk = findTestData("PlanFact").getValue(5, a): null

27-11-2024T10:37:22 - [TEST_STEP][PASSED] - poteri = findTestData("PlanFact").getValue(6, a): null

27-11-2024T10:37:22 - [TEST_STEP][PASSED] - otpusk = otpusk.replaceAll("\s+", ""): null

27-11-2024T10:37:22 - [TEST_STEP][PASSED] - poteri = poteri.replaceAll("\s+", ""): null

27-11-2024T10:37:22 - [TEST_STEP][PASSED] - typeOfData = typeOfDataMain + " Отпуск в сеть": null

27-11-2024T10:37:22 - [TEST_STEP][PASSED] - if (a == 82): null

27-11-2024T10:37:22 - [TEST_STEP][PASSED] - else if (a == 84): null

27-11-2024T10:37:22 - [TEST_STEP][PASSED] - else if (a == 52 || a == 72 || a == 28 || a == 73 || a == 77 || a == 74 || a == 65 || a == 36 || a == 44 || a == 53 || a == 80 || a == 54 || a == 1 || a == 18 || a == 59 || a == 81): null

27-11-2024T10:37:22 - [TEST_STEP][PASSED] - path = dataFolder + "Table Data/" + typeOfData + " за отчётный период " + dzoNum: null

27-11-2024T10:37:22 - [TEST_STEP][PASSED] - println(path): null

27-11-2024T10:37:22 - [TEST_STEP][PASSED] - page = getText(findTestObject(path)): Text of object 'Object Repository/Выполнение бизнес-плана/Значения со страницы Выполнение бизнес-плана/Table Data/Факт Отпуск в сеть за отчётный период 5' is: '39 079 081'

27-11-2024T10:37:23 - [MESSAGE][PASSED] - Text of object 'Object Repository/Выполнение бизнес-плана/Значения со страницы Выполнение бизнес-плана/Table Data/Факт Отпуск в сеть за отчётный период 5' is: '39 079 081'

27-11-2024T10:37:23 - [TEST_STEP][PASSED] - page = page.replaceAll("\s+", ""): null

27-11-2024T10:37:23 - [TEST_STEP][PASSED] - fileOtpuskVSet = otpusk.toInteger(): null

27-11-2024T10:37:23 - [TEST_STEP][PASSED] - pageOtpuskVSet = page.toInteger(): null

27-11-2024T10:37:23 - [TEST_STEP][PASSED] - typeOfData = typeOfDataMain + " Потери": null

27-11-2024T10:37:23 - [TEST_STEP][PASSED] - if (a == 82): null

27-11-2024T10:37:23 - [TEST_STEP][PASSED] - else if (a == 84): null

27-11-2024T10:37:23 - [TEST_STEP][PASSED] - else if (a == 52 || a == 72 || a == 28 || a == 73 || a == 77 || a == 74 || a == 65 || a == 36 || a == 44 || a == 53 || a == 80 || a == 54 || a == 1 || a == 18 || a == 59 || a == 81): null

27-11-2024T10:37:23 - [TEST_STEP][PASSED] - path = dataFolder + "Table Data/" + typeOfData + " за отчётный период " + dzoNum: null

27-11-2024T10:37:23 - [TEST_STEP][PASSED] - page = getText(findTestObject(path)): Text of object 'Object Repository/Выполнение бизнес-плана/Значения со страницы Выполнение бизнес-плана/Table Data/Факт Потери за отчётный период 5' is: '1 016 442'

27-11-2024T10:37:23 - [MESSAGE][PASSED] - Text of object 'Object Repository/Выполнение бизнес-плана/Значения со страницы Выполнение бизнес-плана/Table Data/Факт Потери за отчётный период 5' is: '1 016 442'

27-11-2024T10:37:23 - [TEST_STEP][PASSED] - page = page.replaceAll("\s+", ""): null

27-11-2024T10:37:23 - [TEST_STEP][PASSED] - filePoteri = poteri.toInteger(): null

27-11-2024T10:37:23 - [TEST_STEP][PASSED] - pagePoteri = page.toInteger(): null

27-11-2024T10:37:23 - [TEST_STEP][PASSED] - compare = pageOtpuskVSet: null

27-11-2024T10:37:23 - [TEST_STEP][PASSED] - if (compare == fileOtpuskVSet): null

27-11-2024T10:37:23 - [TEST_STEP][PASSED] - if (compare == fileOtpuskVSet): null

27-11-2024T10:37:23 - [TEST_STEP][PASSED] - compare = pagePoteri: null

27-11-2024T10:37:23 - [TEST_STEP][PASSED] - if (compare == filePoteri): null

27-11-2024T10:37:23 - [TEST_STEP][PASSED] - if (compare == filePoteri): null

27-11-2024T10:37:23 - [TEST_STEP][PASSED] - if (planFact == 2): null

27-11-2024T10:37:23 - [TEST_STEP][PASSED] - if (planFact == 1): null

27-11-2024T10:37:23 - [TEST_STEP][PASSED] - else if (planFact == 2): null

27-11-2024T10:37:23 - [TEST_STEP][PASSED] - click(findTestObject("Выполнение бизнес-плана/Кнопка План")): Object: 'Object Repository/Выполнение бизнес-плана/Кнопка План' is clicked on

27-11-2024T10:37:23 - [MESSAGE][PASSED] - Object: 'Object Repository/Выполнение бизнес-плана/Кнопка План' is clicked on

27-11-2024T10:37:23 - [TEST_STEP][PASSED] - typeOfDataMain = "План": null

27-11-2024T10:37:23 - [TEST_STEP][PASSED] - otpusk = findTestData("PlanFact").getValue(2, a): null

27-11-2024T10:37:23 - [TEST_STEP][PASSED] - poteri = findTestData("PlanFact").getValue(3, a): null

27-11-2024T10:37:24 - [TEST_STEP][PASSED] - otpusk = otpusk.replaceAll("\s+", ""): null

27-11-2024T10:37:24 - [TEST_STEP][PASSED] - poteri = poteri.replaceAll("\s+", ""): null

27-11-2024T10:37:24 - [TEST_STEP][PASSED] - typeOfData = typeOfDataMain + " Отпуск в сеть": null

27-11-2024T10:37:24 - [TEST_STEP][PASSED] - if (a == 82): null

27-11-2024T10:37:24 - [TEST_STEP][PASSED] - else if (a == 84): null

27-11-2024T10:37:24 - [TEST_STEP][PASSED] - else if (a == 52 || a == 72 || a == 28 || a == 73 || a == 77 || a == 74 || a == 65 || a == 36 || a == 44 || a == 53 || a == 80 || a == 54 || a == 1 || a == 18 || a == 59 || a == 81): null

27-11-2024T10:37:24 - [TEST_STEP][PASSED] - path = dataFolder + "Table Data/" + typeOfData + " за отчётный период " + dzoNum: null

27-11-2024T10:37:24 - [TEST_STEP][PASSED] - println(path): null

27-11-2024T10:37:24 - [TEST_STEP][PASSED] - page = getText(findTestObject(path)): Text of object 'Object Repository/Выполнение бизнес-плана/Значения со страницы Выполнение бизнес-плана/Table Data/План Отпуск в сеть за отчётный период 5' is: '40 452 567'

27-11-2024T10:37:24 - [MESSAGE][PASSED] - Text of object 'Object Repository/Выполнение бизнес-плана/Значения со страницы Выполнение бизнес-плана/Table Data/План Отпуск в сеть за отчётный период 5' is: '40 452 567'

27-11-2024T10:37:24 - [TEST_STEP][PASSED] - page = page.replaceAll("\s+", ""): null

27-11-2024T10:37:24 - [TEST_STEP][PASSED] - fileOtpuskVSet = otpusk.toInteger(): null

27-11-2024T10:37:24 - [TEST_STEP][PASSED] - pageOtpuskVSet = page.toInteger(): null

27-11-2024T10:37:24 - [TEST_STEP][PASSED] - typeOfData = typeOfDataMain + " Потери": null

27-11-2024T10:37:24 - [TEST_STEP][PASSED] - if (a == 82): null

27-11-2024T10:37:24 - [TEST_STEP][PASSED] - else if (a == 84): null

27-11-2024T10:37:24 - [TEST_STEP][PASSED] - else if (a == 52 || a == 72 || a == 28 || a == 73 || a == 77 || a == 74 || a == 65 || a == 36 || a == 44 || a == 53 || a == 80 || a == 54 || a == 1 || a == 18 || a == 59 || a == 81): null

27-11-2024T10:37:24 - [TEST_STEP][PASSED] - path = dataFolder + "Table Data/" + typeOfData + " за отчётный период " + dzoNum: null

27-11-2024T10:37:24 - [TEST_STEP][PASSED] - page = getText(findTestObject(path)): Text of object 'Object Repository/Выполнение бизнес-плана/Значения со страницы Выполнение бизнес-плана/Table Data/План Потери за отчётный период 5' is: '1 016 285'

27-11-2024T10:37:24 - [MESSAGE][PASSED] - Text of object 'Object Repository/Выполнение бизнес-плана/Значения со страницы Выполнение бизнес-плана/Table Data/План Потери за отчётный период 5' is: '1 016 285'

27-11-2024T10:37:24 - [TEST_STEP][PASSED] - page = page.replaceAll("\s+", ""): null

27-11-2024T10:37:24 - [TEST_STEP][PASSED] - filePoteri = poteri.toInteger(): null

27-11-2024T10:37:24 - [TEST_STEP][PASSED] - pagePoteri = page.toInteger(): null

27-11-2024T10:37:24 - [TEST_STEP][PASSED] - compare = pageOtpuskVSet: null

27-11-2024T10:37:24 - [TEST_STEP][PASSED] - if (compare == fileOtpuskVSet): null

27-11-2024T10:37:24 - [TEST_STEP][PASSED] - if (compare == fileOtpuskVSet): null

27-11-2024T10:37:24 - [TEST_STEP][PASSED] - compare = pagePoteri: null

27-11-2024T10:37:24 - [TEST_STEP][PASSED] - if (compare == filePoteri): null

27-11-2024T10:37:24 - [TEST_STEP][PASSED] - if (compare == filePoteri): null

27-11-2024T10:37:24 - [TEST_STEP][PASSED] - if (planFact == 2): Object: 'Object Repository/Выполнение бизнес-плана/Кнопка Факт' is clicked on

27-11-2024T10:37:24 - [TEST_STEP][PASSED] - click(findTestObject("Выполнение бизнес-плана/Кнопка Факт")): Object: 'Object Repository/Выполнение бизнес-плана/Кнопка Факт' is clicked on

27-11-2024T10:37:24 - [MESSAGE][PASSED] - Object: 'Object Repository/Выполнение бизнес-плана/Кнопка Факт' is clicked on

27-11-2024T10:37:24 - [TEST_STEP][PASSED] - if (a == 84 || a == 82): null

27-11-2024T10:37:24 - [TEST_STEP][PASSED] - else if (a == 52 || a == 72 || a == 28 || a == 73 || a == 77 || a == 74 || a == 65 || a == 36 || a == 44 || a == 53 || a == 80 || a == 54 || a == 1 || a == 18 || a == 59 || a == 81): null

27-11-2024T10:37:24 - [TEST_STEP][PASSED] - page1 = getText(findTestObject("Object Repository/Выполнение бизнес-плана/spanPlan" + dzoNum)): Text of object 'Object Repository/Выполнение бизнес-плана/spanPlan5' is: '2.51'

27-11-2024T10:37:25 - [MESSAGE][PASSED] - Text of object 'Object Repository/Выполнение бизнес-плана/spanPlan5' is: '2.51'

27-11-2024T10:37:25 - [TEST_STEP][PASSED] - page1 = page1.replace("|", ""): null

27-11-2024T10:37:25 - [TEST_STEP][PASSED] - page2 = getText(findTestObject("Object Repository/Выполнение бизнес-плана/spanFact" + dzoNum)): Text of object 'Object Repository/Выполнение бизнес-плана/spanFact5' is: '2.60
|'

27-11-2024T10:37:25 - [MESSAGE][PASSED] - Text of object 'Object Repository/Выполнение бизнес-плана/spanFact5' is: '2.60
|'

27-11-2024T10:37:25 - [TEST_STEP][PASSED] - page2 = page2.replace("|", ""): null

27-11-2024T10:37:25 - [TEST_STEP][PASSED] - println("page1: " + page1): null

27-11-2024T10:37:25 - [TEST_STEP][PASSED] - println("page2: " + page2): null

27-11-2024T10:37:25 - [TEST_STEP][PASSED] - file = findTestData("PlanFact").getValue(4, a): null

27-11-2024T10:37:25 - [TEST_STEP][PASSED] - file = file.replace(",", "."): null

27-11-2024T10:37:25 - [TEST_STEP][PASSED] - println("file Plan: " + file): null

27-11-2024T10:37:25 - [TEST_STEP][PASSED] - typeOfData = "План в процентах": null

27-11-2024T10:37:25 - [TEST_STEP][PASSED] - fileDouble = file.toDouble(): null

27-11-2024T10:37:25 - [TEST_STEP][PASSED] - pageDouble = page1.toDouble(): null

27-11-2024T10:37:25 - [TEST_STEP][PASSED] - if (fileDouble != pageDouble): null

27-11-2024T10:37:25 - [TEST_STEP][PASSED] - file = findTestData("PlanFact").getValue(7, a): null

27-11-2024T10:37:25 - [TEST_STEP][PASSED] - file = file.replace(",", "."): null

27-11-2024T10:37:25 - [TEST_STEP][PASSED] - println("file Fact: " + file): null

27-11-2024T10:37:25 - [TEST_STEP][PASSED] - fileDouble = file.toDouble(): null

27-11-2024T10:37:25 - [TEST_STEP][PASSED] - typeOfData = "Факт в процентах": null

27-11-2024T10:37:25 - [TEST_STEP][PASSED] - fileDouble = file.toDouble(): null

27-11-2024T10:37:25 - [TEST_STEP][PASSED] - pageDouble = page2.toDouble(): null

27-11-2024T10:37:25 - [TEST_STEP][PASSED] - if (fileDouble != pageDouble): null

27-11-2024T10:37:25 - [TEST_STEP][PASSED] - if (verifyEqual(numberOfErrors, 0) == false): Actual object '0' and expected object '0' are equal

27-11-2024T10:37:25 - [MESSAGE][PASSED] - Actual object '0' and expected object '0' are equal

27-11-2024T10:37:25 - [TEST_STEP][PASSED] - if (a == 82): null

27-11-2024T10:37:25 - [TEST_STEP][PASSED] - println(dzoNum): null

27-11-2024T10:37:25 - [TEST_STEP][PASSED] - dZO = "Россети Урал (ГК)": null

27-11-2024T10:37:25 - [TEST_STEP][PASSED] - a = 54: null

27-11-2024T10:37:25 - [TEST_STEP][PASSED] - if (x1.contains(dZO)): null

27-11-2024T10:37:25 - [TEST_STEP][PASSED] - else: null

27-11-2024T10:37:25 - [TEST_STEP][PASSED] - Script1718980020443.NoData(a, typeOfData, todaysDate, fileInt, fileDouble, dZO): null

27-11-2024T10:37:25 - [TEST_STEP][PASSED] - println(a): null

27-11-2024T10:37:25 - [TEST_STEP][PASSED] - println(todaysDate): null

27-11-2024T10:37:25 - [TEST_STEP][PASSED] - println(fileInt): null

27-11-2024T10:37:25 - [TEST_STEP][PASSED] - println(fileDouble): null

27-11-2024T10:37:25 - [TEST_STEP][PASSED] - println(dZO): null

27-11-2024T10:37:25 - [TEST_STEP][PASSED] - typeOfData = "Факт Отпуск в сеть": null

27-11-2024T10:37:25 - [TEST_STEP][PASSED] - fileInt = replaceAll("\s+", "").toInteger(): null

27-11-2024T10:37:25 - [TEST_STEP][PASSED] - Script1718980020443.WriteToExcelNoData(a, typeOfData, todaysDate, fileInt, fileDouble, dZO): null

27-11-2024T10:37:25 - [TEST_STEP][PASSED] - sheetName = "Sheet1": null

27-11-2024T10:37:25 - [TEST_STEP][PASSED] - data = findTestData("PlanFact"): null

27-11-2024T10:37:25 - [TEST_STEP][PASSED] - n = data.getRowNumbers() + 1: null

27-11-2024T10:37:25 - [TEST_STEP][PASSED] - year = todaysDate.substring(todaysDate.length() - 4, todaysDate.length()): null

27-11-2024T10:37:25 - [TEST_STEP][PASSED] - y = year.toInteger(): null

27-11-2024T10:37:25 - [TEST_STEP][PASSED] - m = getText(findTestObject("Выполнение бизнес-плана/Период")): Text of object 'Object Repository/Выполнение бизнес-плана/Период' is: '1, 2, 3 кв. 2024 года'

27-11-2024T10:37:26 - [MESSAGE][PASSED] - Text of object 'Object Repository/Выполнение бизнес-плана/Период' is: '1, 2, 3 кв. 2024 года'

27-11-2024T10:37:26 - [TEST_STEP][PASSED] - m = m.substring(0, m.indexOf("2024")): null

27-11-2024T10:37:26 - [TEST_STEP][PASSED] - m = m.trim(): null

27-11-2024T10:37:26 - [TEST_STEP][PASSED] - dashboardName = "Выполнение бизнес-плана": null

27-11-2024T10:37:26 - [TEST_STEP][PASSED] - workbook01 = getWorkbook(excelFilePath): null

27-11-2024T10:37:26 - [TEST_STEP][PASSED] - sheet01 = getExcelSheet(workbook01, sheetName): null

27-11-2024T10:37:26 - [TEST_STEP][PASSED] - setValueToCellByIndex(sheet01, n, 0, dashboardName): null

27-11-2024T10:37:26 - [TEST_STEP][PASSED] - setValueToCellByIndex(sheet01, n, 1, dZO): null

27-11-2024T10:37:26 - [TEST_STEP][PASSED] - setValueToCellByIndex(sheet01, n, 2, typeOfData): null

27-11-2024T10:37:26 - [TEST_STEP][PASSED] - if (typeOfData == "Факт в процентах" || typeOfData == "План в процентах"): null

27-11-2024T10:37:26 - [TEST_STEP][PASSED] - else: null

27-11-2024T10:37:26 - [TEST_STEP][PASSED] - setValueToCellByIndex(sheet01, n, 3, fileInt): null

27-11-2024T10:37:26 - [TEST_STEP][PASSED] - setValueToCellByIndex(sheet01, n, 4, "нет данных"): null

27-11-2024T10:37:26 - [TEST_STEP][PASSED] - setValueToCellByIndex(sheet01, n, 5, m): null

27-11-2024T10:37:26 - [TEST_STEP][PASSED] - setValueToCellByIndex(sheet01, n, 6, y): null

27-11-2024T10:37:26 - [TEST_STEP][PASSED] - setValueToCellByIndex(sheet01, n, 7, todaysDate): null

27-11-2024T10:37:26 - [TEST_STEP][PASSED] - n = n + 1: null

27-11-2024T10:37:26 - [TEST_STEP][PASSED] - saveWorkbook(excelFilePath, workbook01): null

27-11-2024T10:37:26 - [TEST_STEP][PASSED] - typeOfData = "Факт Потери": null

27-11-2024T10:37:26 - [TEST_STEP][PASSED] - fileInt = replaceAll("\s+", "").toInteger(): null

27-11-2024T10:37:26 - [TEST_STEP][PASSED] - Script1718980020443.WriteToExcelNoData(a, typeOfData, todaysDate, fileInt, fileDouble, dZO): null

27-11-2024T10:37:26 - [TEST_STEP][PASSED] - sheetName = "Sheet1": null

27-11-2024T10:37:26 - [TEST_STEP][PASSED] - data = findTestData("PlanFact"): null

27-11-2024T10:37:26 - [TEST_STEP][PASSED] - n = data.getRowNumbers() + 1: null

27-11-2024T10:37:26 - [TEST_STEP][PASSED] - year = todaysDate.substring(todaysDate.length() - 4, todaysDate.length()): null

27-11-2024T10:37:26 - [TEST_STEP][PASSED] - y = year.toInteger(): null

27-11-2024T10:37:26 - [TEST_STEP][PASSED] - m = getText(findTestObject("Выполнение бизнес-плана/Период")): Text of object 'Object Repository/Выполнение бизнес-плана/Период' is: '1, 2, 3 кв. 2024 года'

27-11-2024T10:37:26 - [MESSAGE][PASSED] - Text of object 'Object Repository/Выполнение бизнес-плана/Период' is: '1, 2, 3 кв. 2024 года'

27-11-2024T10:37:26 - [TEST_STEP][PASSED] - m = m.substring(0, m.indexOf("2024")): null

27-11-2024T10:37:26 - [TEST_STEP][PASSED] - m = m.trim(): null

27-11-2024T10:37:26 - [TEST_STEP][PASSED] - dashboardName = "Выполнение бизнес-плана": null

27-11-2024T10:37:26 - [TEST_STEP][PASSED] - workbook01 = getWorkbook(excelFilePath): null

27-11-2024T10:37:26 - [TEST_STEP][PASSED] - sheet01 = getExcelSheet(workbook01, sheetName): null

27-11-2024T10:37:26 - [TEST_STEP][PASSED] - setValueToCellByIndex(sheet01, n, 0, dashboardName): null

27-11-2024T10:37:26 - [TEST_STEP][PASSED] - setValueToCellByIndex(sheet01, n, 1, dZO): null

27-11-2024T10:37:26 - [TEST_STEP][PASSED] - setValueToCellByIndex(sheet01, n, 2, typeOfData): null

27-11-2024T10:37:26 - [TEST_STEP][PASSED] - if (typeOfData == "Факт в процентах" || typeOfData == "План в процентах"): null

27-11-2024T10:37:26 - [TEST_STEP][PASSED] - else: null

27-11-2024T10:37:26 - [TEST_STEP][PASSED] - setValueToCellByIndex(sheet01, n, 3, fileInt): null

27-11-2024T10:37:26 - [TEST_STEP][PASSED] - setValueToCellByIndex(sheet01, n, 4, "нет данных"): null

27-11-2024T10:37:26 - [TEST_STEP][PASSED] - setValueToCellByIndex(sheet01, n, 5, m): null

27-11-2024T10:37:26 - [TEST_STEP][PASSED] - setValueToCellByIndex(sheet01, n, 6, y): null

27-11-2024T10:37:26 - [TEST_STEP][PASSED] - setValueToCellByIndex(sheet01, n, 7, todaysDate): null

27-11-2024T10:37:26 - [TEST_STEP][PASSED] - n = n + 1: null

27-11-2024T10:37:26 - [TEST_STEP][PASSED] - saveWorkbook(excelFilePath, workbook01): null

27-11-2024T10:37:26 - [TEST_STEP][PASSED] - typeOfData = "План Отпуск в сеть": null

27-11-2024T10:37:26 - [TEST_STEP][PASSED] - fileInt = replaceAll("\s+", "").toInteger(): null

27-11-2024T10:37:27 - [TEST_STEP][PASSED] - Script1718980020443.WriteToExcelNoData(a, typeOfData, todaysDate, fileInt, fileDouble, dZO): null

27-11-2024T10:37:27 - [TEST_STEP][PASSED] - sheetName = "Sheet1": null

27-11-2024T10:37:27 - [TEST_STEP][PASSED] - data = findTestData("PlanFact"): null

27-11-2024T10:37:27 - [TEST_STEP][PASSED] - n = data.getRowNumbers() + 1: null

27-11-2024T10:37:27 - [TEST_STEP][PASSED] - year = todaysDate.substring(todaysDate.length() - 4, todaysDate.length()): null

27-11-2024T10:37:27 - [TEST_STEP][PASSED] - y = year.toInteger(): null

27-11-2024T10:37:27 - [TEST_STEP][PASSED] - m = getText(findTestObject("Выполнение бизнес-плана/Период")): Text of object 'Object Repository/Выполнение бизнес-плана/Период' is: '1, 2, 3 кв. 2024 года'

27-11-2024T10:37:27 - [MESSAGE][PASSED] - Text of object 'Object Repository/Выполнение бизнес-плана/Период' is: '1, 2, 3 кв. 2024 года'

27-11-2024T10:37:27 - [TEST_STEP][PASSED] - m = m.substring(0, m.indexOf("2024")): null

27-11-2024T10:37:27 - [TEST_STEP][PASSED] - m = m.trim(): null

27-11-2024T10:37:27 - [TEST_STEP][PASSED] - dashboardName = "Выполнение бизнес-плана": null

27-11-2024T10:37:27 - [TEST_STEP][PASSED] - workbook01 = getWorkbook(excelFilePath): null

27-11-2024T10:37:27 - [TEST_STEP][PASSED] - sheet01 = getExcelSheet(workbook01, sheetName): null

27-11-2024T10:37:27 - [TEST_STEP][PASSED] - setValueToCellByIndex(sheet01, n, 0, dashboardName): null

27-11-2024T10:37:27 - [TEST_STEP][PASSED] - setValueToCellByIndex(sheet01, n, 1, dZO): null

27-11-2024T10:37:27 - [TEST_STEP][PASSED] - setValueToCellByIndex(sheet01, n, 2, typeOfData): null

27-11-2024T10:37:27 - [TEST_STEP][PASSED] - if (typeOfData == "Факт в процентах" || typeOfData == "План в процентах"): null

27-11-2024T10:37:27 - [TEST_STEP][PASSED] - else: null

27-11-2024T10:37:27 - [TEST_STEP][PASSED] - setValueToCellByIndex(sheet01, n, 3, fileInt): null

27-11-2024T10:37:27 - [TEST_STEP][PASSED] - setValueToCellByIndex(sheet01, n, 4, "нет данных"): null

27-11-2024T10:37:27 - [TEST_STEP][PASSED] - setValueToCellByIndex(sheet01, n, 5, m): null

27-11-2024T10:37:27 - [TEST_STEP][PASSED] - setValueToCellByIndex(sheet01, n, 6, y): null

27-11-2024T10:37:27 - [TEST_STEP][PASSED] - setValueToCellByIndex(sheet01, n, 7, todaysDate): null

27-11-2024T10:37:27 - [TEST_STEP][PASSED] - n = n + 1: null

27-11-2024T10:37:27 - [TEST_STEP][PASSED] - saveWorkbook(excelFilePath, workbook01): null

27-11-2024T10:37:27 - [TEST_STEP][PASSED] - typeOfData = "План Потери": null

27-11-2024T10:37:27 - [TEST_STEP][PASSED] - fileInt = replaceAll("\s+", "").toInteger(): null

27-11-2024T10:37:27 - [TEST_STEP][PASSED] - Script1718980020443.WriteToExcelNoData(a, typeOfData, todaysDate, fileInt, fileDouble, dZO): null

27-11-2024T10:37:27 - [TEST_STEP][PASSED] - sheetName = "Sheet1": null

27-11-2024T10:37:27 - [TEST_STEP][PASSED] - data = findTestData("PlanFact"): null

27-11-2024T10:37:27 - [TEST_STEP][PASSED] - n = data.getRowNumbers() + 1: null

27-11-2024T10:37:27 - [TEST_STEP][PASSED] - year = todaysDate.substring(todaysDate.length() - 4, todaysDate.length()): null

27-11-2024T10:37:27 - [TEST_STEP][PASSED] - y = year.toInteger(): null

27-11-2024T10:37:27 - [TEST_STEP][PASSED] - m = getText(findTestObject("Выполнение бизнес-плана/Период")): Text of object 'Object Repository/Выполнение бизнес-плана/Период' is: '1, 2, 3 кв. 2024 года'

27-11-2024T10:37:28 - [MESSAGE][PASSED] - Text of object 'Object Repository/Выполнение бизнес-плана/Период' is: '1, 2, 3 кв. 2024 года'

27-11-2024T10:37:28 - [TEST_STEP][PASSED] - m = m.substring(0, m.indexOf("2024")): null

27-11-2024T10:37:28 - [TEST_STEP][PASSED] - m = m.trim(): null

27-11-2024T10:37:28 - [TEST_STEP][PASSED] - dashboardName = "Выполнение бизнес-плана": null

27-11-2024T10:37:28 - [TEST_STEP][PASSED] - workbook01 = getWorkbook(excelFilePath): null

27-11-2024T10:37:28 - [TEST_STEP][PASSED] - sheet01 = getExcelSheet(workbook01, sheetName): null

27-11-2024T10:37:28 - [TEST_STEP][PASSED] - setValueToCellByIndex(sheet01, n, 0, dashboardName): null

27-11-2024T10:37:28 - [TEST_STEP][PASSED] - setValueToCellByIndex(sheet01, n, 1, dZO): null

27-11-2024T10:37:28 - [TEST_STEP][PASSED] - setValueToCellByIndex(sheet01, n, 2, typeOfData): null

27-11-2024T10:37:28 - [TEST_STEP][PASSED] - if (typeOfData == "Факт в процентах" || typeOfData == "План в процентах"): null

27-11-2024T10:37:28 - [TEST_STEP][PASSED] - else: null

27-11-2024T10:37:28 - [TEST_STEP][PASSED] - setValueToCellByIndex(sheet01, n, 3, fileInt): null

27-11-2024T10:37:28 - [TEST_STEP][PASSED] - setValueToCellByIndex(sheet01, n, 4, "нет данных"): null

27-11-2024T10:37:28 - [TEST_STEP][PASSED] - setValueToCellByIndex(sheet01, n, 5, m): null

27-11-2024T10:37:28 - [TEST_STEP][PASSED] - setValueToCellByIndex(sheet01, n, 6, y): null

27-11-2024T10:37:28 - [TEST_STEP][PASSED] - setValueToCellByIndex(sheet01, n, 7, todaysDate): null

27-11-2024T10:37:28 - [TEST_STEP][PASSED] - n = n + 1: null

27-11-2024T10:37:28 - [TEST_STEP][PASSED] - saveWorkbook(excelFilePath, workbook01): null

27-11-2024T10:37:28 - [TEST_STEP][PASSED] - typeOfData = "План в процентах": null

27-11-2024T10:37:28 - [TEST_STEP][PASSED] - fileDouble = ").toDouble(): null

27-11-2024T10:37:28 - [TEST_STEP][PASSED] - Script1718980020443.WriteToExcelNoData(a, typeOfData, todaysDate, fileInt, fileDouble, dZO): null

27-11-2024T10:37:28 - [TEST_STEP][PASSED] - sheetName = "Sheet1": null

27-11-2024T10:37:28 - [TEST_STEP][PASSED] - data = findTestData("PlanFact"): null

27-11-2024T10:37:28 - [TEST_STEP][PASSED] - n = data.getRowNumbers() + 1: null

27-11-2024T10:37:28 - [TEST_STEP][PASSED] - year = todaysDate.substring(todaysDate.length() - 4, todaysDate.length()): null

27-11-2024T10:37:28 - [TEST_STEP][PASSED] - y = year.toInteger(): null

27-11-2024T10:37:28 - [TEST_STEP][PASSED] - m = getText(findTestObject("Выполнение бизнес-плана/Период")): Text of object 'Object Repository/Выполнение бизнес-плана/Период' is: '1, 2, 3 кв. 2024 года'

27-11-2024T10:37:28 - [MESSAGE][PASSED] - Text of object 'Object Repository/Выполнение бизнес-плана/Период' is: '1, 2, 3 кв. 2024 года'

27-11-2024T10:37:28 - [TEST_STEP][PASSED] - m = m.substring(0, m.indexOf("2024")): null

27-11-2024T10:37:28 - [TEST_STEP][PASSED] - m = m.trim(): null

27-11-2024T10:37:28 - [TEST_STEP][PASSED] - dashboardName = "Выполнение бизнес-плана": null

27-11-2024T10:37:28 - [TEST_STEP][PASSED] - workbook01 = getWorkbook(excelFilePath): null

27-11-2024T10:37:28 - [TEST_STEP][PASSED] - sheet01 = getExcelSheet(workbook01, sheetName): null

27-11-2024T10:37:28 - [TEST_STEP][PASSED] - setValueToCellByIndex(sheet01, n, 0, dashboardName): null

27-11-2024T10:37:28 - [TEST_STEP][PASSED] - setValueToCellByIndex(sheet01, n, 1, dZO): null

27-11-2024T10:37:28 - [TEST_STEP][PASSED] - setValueToCellByIndex(sheet01, n, 2, typeOfData): null

27-11-2024T10:37:28 - [TEST_STEP][PASSED] - if (typeOfData == "Факт в процентах" || typeOfData == "План в процентах"): null

27-11-2024T10:37:28 - [TEST_STEP][PASSED] - setValueToCellByIndex(sheet01, n, 3, fileDouble): null

27-11-2024T10:37:28 - [TEST_STEP][PASSED] - setValueToCellByIndex(sheet01, n, 4, "нет данных"): null

27-11-2024T10:37:28 - [TEST_STEP][PASSED] - setValueToCellByIndex(sheet01, n, 5, m): null

27-11-2024T10:37:28 - [TEST_STEP][PASSED] - setValueToCellByIndex(sheet01, n, 6, y): null

27-11-2024T10:37:28 - [TEST_STEP][PASSED] - setValueToCellByIndex(sheet01, n, 7, todaysDate): null

27-11-2024T10:37:28 - [TEST_STEP][PASSED] - n = n + 1: null

27-11-2024T10:37:28 - [TEST_STEP][PASSED] - saveWorkbook(excelFilePath, workbook01): null

27-11-2024T10:37:29 - [TEST_STEP][PASSED] - typeOfData = "Факт в процентах": null

27-11-2024T10:37:29 - [TEST_STEP][PASSED] - fileDouble = ").toDouble(): null

27-11-2024T10:37:29 - [TEST_STEP][PASSED] - Script1718980020443.WriteToExcelNoData(a, typeOfData, todaysDate, fileInt, fileDouble, dZO): null

27-11-2024T10:37:29 - [TEST_STEP][PASSED] - sheetName = "Sheet1": null

27-11-2024T10:37:29 - [TEST_STEP][PASSED] - data = findTestData("PlanFact"): null

27-11-2024T10:37:29 - [TEST_STEP][PASSED] - n = data.getRowNumbers() + 1: null

27-11-2024T10:37:29 - [TEST_STEP][PASSED] - year = todaysDate.substring(todaysDate.length() - 4, todaysDate.length()): null

27-11-2024T10:37:29 - [TEST_STEP][PASSED] - y = year.toInteger(): null

27-11-2024T10:37:29 - [TEST_STEP][PASSED] - m = getText(findTestObject("Выполнение бизнес-плана/Период")): Text of object 'Object Repository/Выполнение бизнес-плана/Период' is: '1, 2, 3 кв. 2024 года'

27-11-2024T10:37:29 - [MESSAGE][PASSED] - Text of object 'Object Repository/Выполнение бизнес-плана/Период' is: '1, 2, 3 кв. 2024 года'

27-11-2024T10:37:29 - [TEST_STEP][PASSED] - m = m.substring(0, m.indexOf("2024")): null

27-11-2024T10:37:29 - [TEST_STEP][PASSED] - m = m.trim(): null

27-11-2024T10:37:29 - [TEST_STEP][PASSED] - dashboardName = "Выполнение бизнес-плана": null

27-11-2024T10:37:29 - [TEST_STEP][PASSED] - workbook01 = getWorkbook(excelFilePath): null

27-11-2024T10:37:29 - [TEST_STEP][PASSED] - sheet01 = getExcelSheet(workbook01, sheetName): null

27-11-2024T10:37:29 - [TEST_STEP][PASSED] - setValueToCellByIndex(sheet01, n, 0, dashboardName): null

27-11-2024T10:37:29 - [TEST_STEP][PASSED] - setValueToCellByIndex(sheet01, n, 1, dZO): null

27-11-2024T10:37:29 - [TEST_STEP][PASSED] - setValueToCellByIndex(sheet01, n, 2, typeOfData): null

27-11-2024T10:37:29 - [TEST_STEP][PASSED] - if (typeOfData == "Факт в процентах" || typeOfData == "План в процентах"): null

27-11-2024T10:37:29 - [TEST_STEP][PASSED] - setValueToCellByIndex(sheet01, n, 3, fileDouble): null

27-11-2024T10:37:29 - [TEST_STEP][PASSED] - setValueToCellByIndex(sheet01, n, 4, "нет данных"): null

27-11-2024T10:37:29 - [TEST_STEP][PASSED] - setValueToCellByIndex(sheet01, n, 5, m): null

27-11-2024T10:37:29 - [TEST_STEP][PASSED] - setValueToCellByIndex(sheet01, n, 6, y): null

27-11-2024T10:37:29 - [TEST_STEP][PASSED] - setValueToCellByIndex(sheet01, n, 7, todaysDate): null

27-11-2024T10:37:29 - [TEST_STEP][PASSED] - n = n + 1: null

27-11-2024T10:37:29 - [TEST_STEP][PASSED] - saveWorkbook(excelFilePath, workbook01): null

27-11-2024T10:37:29 - [TEST_STEP][PASSED] - println(dzoNum): null

27-11-2024T10:37:29 - [TEST_STEP][PASSED] - dZO = "Россети Центр (ГК)": null

27-11-2024T10:37:29 - [TEST_STEP][PASSED] - a = 1: null

27-11-2024T10:37:29 - [TEST_STEP][PASSED] - if (x1.contains(dZO)): null

27-11-2024T10:37:29 - [TEST_STEP][PASSED] - dzoNum = dzoNum + 1: null

27-11-2024T10:37:29 - [TEST_STEP][PASSED] - Script1718980020443.Numbers(a, typeOfData, todaysDate, pageInt, fileInt, pageDouble, fileDouble, dZO, dzoNum, filialNum): null

27-11-2024T10:37:29 - [TEST_STEP][PASSED] - println(dzoNum): null

27-11-2024T10:37:29 - [TEST_STEP][PASSED] - planFact = <not implemented yet for class: org.codehaus.groovy.ast.expr.EmptyExpression>: null

27-11-2024T10:37:29 - [TEST_STEP][PASSED] - page = <not implemented yet for class: org.codehaus.groovy.ast.expr.EmptyExpression>: null

27-11-2024T10:37:29 - [TEST_STEP][PASSED] - page1 = <not implemented yet for class: org.codehaus.groovy.ast.expr.EmptyExpression>: null

27-11-2024T10:37:29 - [TEST_STEP][PASSED] - page2 = <not implemented yet for class: org.codehaus.groovy.ast.expr.EmptyExpression>: null

27-11-2024T10:37:29 - [TEST_STEP][PASSED] - filialNumberInRow = <not implemented yet for class: org.codehaus.groovy.ast.expr.EmptyExpression>: null

27-11-2024T10:37:29 - [TEST_STEP][PASSED] - filialsDzoNames = <not implemented yet for class: org.codehaus.groovy.ast.expr.EmptyExpression>: null

27-11-2024T10:37:29 - [TEST_STEP][PASSED] - numberOfFilials = <not implemented yet for class: org.codehaus.groovy.ast.expr.EmptyExpression>: null

27-11-2024T10:37:29 - [TEST_STEP][PASSED] - numberOfSpaces = <not implemented yet for class: org.codehaus.groovy.ast.expr.EmptyExpression>: null

27-11-2024T10:37:29 - [TEST_STEP][PASSED] - file = <not implemented yet for class: org.codehaus.groovy.ast.expr.EmptyExpression>: null

27-11-2024T10:37:29 - [TEST_STEP][PASSED] - otpusk = <not implemented yet for class: org.codehaus.groovy.ast.expr.EmptyExpression>: null

27-11-2024T10:37:29 - [TEST_STEP][PASSED] - poteri = <not implemented yet for class: org.codehaus.groovy.ast.expr.EmptyExpression>: null

27-11-2024T10:37:29 - [TEST_STEP][PASSED] - dataFolder = "Выполнение бизнес-плана/Значения со страницы Выполнение бизнес-плана/": null

27-11-2024T10:37:29 - [TEST_STEP][PASSED] - path = <not implemented yet for class: org.codehaus.groovy.ast.expr.EmptyExpression>: null

27-11-2024T10:37:29 - [TEST_STEP][PASSED] - typeOfDataMain = <not implemented yet for class: org.codehaus.groovy.ast.expr.EmptyExpression>: null

27-11-2024T10:37:29 - [TEST_STEP][PASSED] - fileOtpuskVSet = <not implemented yet for class: org.codehaus.groovy.ast.expr.EmptyExpression>: null

27-11-2024T10:37:29 - [TEST_STEP][PASSED] - pageOtpuskVSet = <not implemented yet for class: org.codehaus.groovy.ast.expr.EmptyExpression>: null

27-11-2024T10:37:29 - [TEST_STEP][PASSED] - filePoteri = <not implemented yet for class: org.codehaus.groovy.ast.expr.EmptyExpression>: null

27-11-2024T10:37:29 - [TEST_STEP][PASSED] - pagePoteri = <not implemented yet for class: org.codehaus.groovy.ast.expr.EmptyExpression>: null

27-11-2024T10:37:29 - [TEST_STEP][PASSED] - compare = <not implemented yet for class: org.codehaus.groovy.ast.expr.EmptyExpression>: null

27-11-2024T10:37:29 - [TEST_STEP][PASSED] - b = <not implemented yet for class: org.codehaus.groovy.ast.expr.EmptyExpression>: null

27-11-2024T10:37:29 - [TEST_STEP][PASSED] - i = <not implemented yet for class: org.codehaus.groovy.ast.expr.EmptyExpression>: null

27-11-2024T10:37:29 - [TEST_STEP][PASSED] - ii = <not implemented yet for class: org.codehaus.groovy.ast.expr.EmptyExpression>: null

27-11-2024T10:37:29 - [TEST_STEP][PASSED] - c = <not implemented yet for class: org.codehaus.groovy.ast.expr.EmptyExpression>: null

27-11-2024T10:37:29 - [TEST_STEP][PASSED] - numberOfErrors = 0: null

27-11-2024T10:37:29 - [TEST_STEP][PASSED] - if (a == 82): null

27-11-2024T10:37:29 - [TEST_STEP][PASSED] - b = findTestData("PlanFact").getValue(1, a): null

27-11-2024T10:37:29 - [TEST_STEP][PASSED] - i = b.indexOf(" (ГК)"): null

27-11-2024T10:37:29 - [TEST_STEP][PASSED] - if (i > -1): null

27-11-2024T10:37:29 - [TEST_STEP][PASSED] - b = b.substring(0, i): null

27-11-2024T10:37:29 - [TEST_STEP][PASSED] - b = b.trim(): null

27-11-2024T10:37:29 - [TEST_STEP][PASSED] - i = b.indexOf("О ""): null

27-11-2024T10:37:29 - [TEST_STEP][PASSED] - if (i > -1): null

27-11-2024T10:37:29 - [TEST_STEP][PASSED] - i = b.indexOf("О «"): null

27-11-2024T10:37:29 - [TEST_STEP][PASSED] - if (i > -1): null

27-11-2024T10:37:29 - [TEST_STEP][PASSED] - i = b.indexOf("г. "): null

27-11-2024T10:37:29 - [TEST_STEP][PASSED] - if (i > -1): null

27-11-2024T10:37:29 - [TEST_STEP][PASSED] - println(b): null

27-11-2024T10:37:29 - [TEST_STEP][PASSED] - for ([planFact = 1, planFact < 3, (planFact++)]): null

27-11-2024T10:37:29 - [TEST_STEP][PASSED] - if (planFact == 1): null

27-11-2024T10:37:29 - [TEST_STEP][PASSED] - typeOfDataMain = "Факт": null

27-11-2024T10:37:29 - [TEST_STEP][PASSED] - otpusk = findTestData("PlanFact").getValue(5, a): null

27-11-2024T10:37:29 - [TEST_STEP][PASSED] - poteri = findTestData("PlanFact").getValue(6, a): null

27-11-2024T10:37:29 - [TEST_STEP][PASSED] - otpusk = otpusk.replaceAll("\s+", ""): null

27-11-2024T10:37:29 - [TEST_STEP][PASSED] - poteri = poteri.replaceAll("\s+", ""): null

27-11-2024T10:37:29 - [TEST_STEP][PASSED] - typeOfData = typeOfDataMain + " Отпуск в сеть": null

27-11-2024T10:37:29 - [TEST_STEP][PASSED] - if (a == 82): null

27-11-2024T10:37:29 - [TEST_STEP][PASSED] - else if (a == 84): null

27-11-2024T10:37:29 - [TEST_STEP][PASSED] - else if (a == 52 || a == 72 || a == 28 || a == 73 || a == 77 || a == 74 || a == 65 || a == 36 || a == 44 || a == 53 || a == 80 || a == 54 || a == 1 || a == 18 || a == 59 || a == 81): null

27-11-2024T10:37:29 - [TEST_STEP][PASSED] - path = dataFolder + "Table Data/" + typeOfData + " за отчётный период " + dzoNum: null

27-11-2024T10:37:29 - [TEST_STEP][PASSED] - println(path): null

27-11-2024T10:37:29 - [TEST_STEP][PASSED] - page = getText(findTestObject(path)): Text of object 'Object Repository/Выполнение бизнес-плана/Значения со страницы Выполнение бизнес-плана/Table Data/Факт Отпуск в сеть за отчётный период 6' is: '44 371 600'

27-11-2024T10:37:30 - [MESSAGE][PASSED] - Text of object 'Object Repository/Выполнение бизнес-плана/Значения со страницы Выполнение бизнес-плана/Table Data/Факт Отпуск в сеть за отчётный период 6' is: '44 371 600'

27-11-2024T10:37:30 - [TEST_STEP][PASSED] - page = page.replaceAll("\s+", ""): null

27-11-2024T10:37:30 - [TEST_STEP][PASSED] - fileOtpuskVSet = otpusk.toInteger(): null

27-11-2024T10:37:30 - [TEST_STEP][PASSED] - pageOtpuskVSet = page.toInteger(): null

27-11-2024T10:37:30 - [TEST_STEP][PASSED] - typeOfData = typeOfDataMain + " Потери": null

27-11-2024T10:37:30 - [TEST_STEP][PASSED] - if (a == 82): null

27-11-2024T10:37:30 - [TEST_STEP][PASSED] - else if (a == 84): null

27-11-2024T10:37:30 - [TEST_STEP][PASSED] - else if (a == 52 || a == 72 || a == 28 || a == 73 || a == 77 || a == 74 || a == 65 || a == 36 || a == 44 || a == 53 || a == 80 || a == 54 || a == 1 || a == 18 || a == 59 || a == 81): null

27-11-2024T10:37:30 - [TEST_STEP][PASSED] - path = dataFolder + "Table Data/" + typeOfData + " за отчётный период " + dzoNum: null

27-11-2024T10:37:30 - [TEST_STEP][PASSED] - page = getText(findTestObject(path)): Text of object 'Object Repository/Выполнение бизнес-плана/Значения со страницы Выполнение бизнес-плана/Table Data/Факт Потери за отчётный период 6' is: '4 205 240'

27-11-2024T10:37:30 - [MESSAGE][PASSED] - Text of object 'Object Repository/Выполнение бизнес-плана/Значения со страницы Выполнение бизнес-плана/Table Data/Факт Потери за отчётный период 6' is: '4 205 240'

27-11-2024T10:37:30 - [TEST_STEP][PASSED] - page = page.replaceAll("\s+", ""): null

27-11-2024T10:37:30 - [TEST_STEP][PASSED] - filePoteri = poteri.toInteger(): null

27-11-2024T10:37:30 - [TEST_STEP][PASSED] - pagePoteri = page.toInteger(): null

27-11-2024T10:37:30 - [TEST_STEP][PASSED] - compare = pageOtpuskVSet: null

27-11-2024T10:37:30 - [TEST_STEP][PASSED] - if (compare == fileOtpuskVSet): null

27-11-2024T10:37:30 - [TEST_STEP][PASSED] - else if (compare > fileOtpuskVSet): null

27-11-2024T10:37:30 - [TEST_STEP][PASSED] - else if (compare < fileOtpuskVSet): null

27-11-2024T10:37:30 - [TEST_STEP][PASSED] - compare = compare + 1: null

27-11-2024T10:37:30 - [TEST_STEP][PASSED] - if (compare == fileOtpuskVSet): null

27-11-2024T10:37:30 - [TEST_STEP][PASSED] - else: null

27-11-2024T10:37:30 - [TEST_STEP][PASSED] - numberOfErrors = numberOfErrors + 1: null

27-11-2024T10:37:30 - [TEST_STEP][PASSED] - pageInt = pageOtpuskVSet: null

27-11-2024T10:37:30 - [TEST_STEP][PASSED] - fileInt = fileOtpuskVSet: null

27-11-2024T10:37:30 - [TEST_STEP][PASSED] - typeOfData = typeOfDataMain + " Отпуск в сеть": null

27-11-2024T10:37:30 - [TEST_STEP][PASSED] - Script1718980020443.WriteToExcel(a, typeOfData, todaysDate, pageInt, fileInt, pageDouble, fileDouble, dZO): null

27-11-2024T10:37:30 - [TEST_STEP][PASSED] - sheetName = "Sheet1": null

27-11-2024T10:37:30 - [TEST_STEP][PASSED] - data = findTestData("PlanFact"): null

27-11-2024T10:37:30 - [TEST_STEP][PASSED] - n = data.getRowNumbers() + 1: null

27-11-2024T10:37:30 - [TEST_STEP][PASSED] - year = todaysDate.substring(todaysDate.length() - 4, todaysDate.length()): null

27-11-2024T10:37:30 - [TEST_STEP][PASSED] - y = year.toInteger(): null

27-11-2024T10:37:30 - [TEST_STEP][PASSED] - m = getText(findTestObject("Выполнение бизнес-плана/Период")): Text of object 'Object Repository/Выполнение бизнес-плана/Период' is: '1, 2, 3 кв. 2024 года'

27-11-2024T10:37:30 - [MESSAGE][PASSED] - Text of object 'Object Repository/Выполнение бизнес-плана/Период' is: '1, 2, 3 кв. 2024 года'

27-11-2024T10:37:30 - [TEST_STEP][PASSED] - m = m.substring(0, m.indexOf("2024")): null

27-11-2024T10:37:30 - [TEST_STEP][PASSED] - m = m.trim(): null

27-11-2024T10:37:30 - [TEST_STEP][PASSED] - dashboardName = "Выполнение бизнес-плана": null

27-11-2024T10:37:30 - [TEST_STEP][PASSED] - workbook01 = getWorkbook(excelFilePath): null

27-11-2024T10:37:30 - [TEST_STEP][PASSED] - sheet01 = getExcelSheet(workbook01, sheetName): null

27-11-2024T10:37:30 - [TEST_STEP][PASSED] - setValueToCellByIndex(sheet01, n, 0, dashboardName): null

27-11-2024T10:37:30 - [TEST_STEP][PASSED] - setValueToCellByIndex(sheet01, n, 1, dZO): null

27-11-2024T10:37:30 - [TEST_STEP][PASSED] - setValueToCellByIndex(sheet01, n, 2, typeOfData): null

27-11-2024T10:37:30 - [TEST_STEP][PASSED] - if (typeOfData == "Факт в процентах" || typeOfData == "План в процентах"): null

27-11-2024T10:37:30 - [TEST_STEP][PASSED] - else: null

27-11-2024T10:37:30 - [TEST_STEP][PASSED] - setValueToCellByIndex(sheet01, n, 3, fileInt): null

27-11-2024T10:37:30 - [TEST_STEP][PASSED] - setValueToCellByIndex(sheet01, n, 4, pageInt): null

27-11-2024T10:37:30 - [TEST_STEP][PASSED] - setValueToCellByIndex(sheet01, n, 5, m): null

27-11-2024T10:37:30 - [TEST_STEP][PASSED] - setValueToCellByIndex(sheet01, n, 6, y): null

27-11-2024T10:37:30 - [TEST_STEP][PASSED] - setValueToCellByIndex(sheet01, n, 7, todaysDate): null

27-11-2024T10:37:30 - [TEST_STEP][PASSED] - n = n + 1: null

27-11-2024T10:37:30 - [TEST_STEP][PASSED] - saveWorkbook(excelFilePath, workbook01): null

27-11-2024T10:37:31 - [TEST_STEP][PASSED] - compare = pagePoteri: null

27-11-2024T10:37:31 - [TEST_STEP][PASSED] - if (compare == filePoteri): null

27-11-2024T10:37:31 - [TEST_STEP][PASSED] - else if (compare > filePoteri): null

27-11-2024T10:37:31 - [TEST_STEP][PASSED] - else if (compare < filePoteri): null

27-11-2024T10:37:31 - [TEST_STEP][PASSED] - compare = compare + 1: null

27-11-2024T10:37:31 - [TEST_STEP][PASSED] - if (compare == filePoteri): null

27-11-2024T10:37:31 - [TEST_STEP][PASSED] - else: null

27-11-2024T10:37:31 - [TEST_STEP][PASSED] - numberOfErrors = numberOfErrors + 1: null

27-11-2024T10:37:31 - [TEST_STEP][PASSED] - pageInt = pagePoteri: null

27-11-2024T10:37:31 - [TEST_STEP][PASSED] - fileInt = filePoteri: null

27-11-2024T10:37:31 - [TEST_STEP][PASSED] - typeOfData = typeOfDataMain + " Потери": null

27-11-2024T10:37:31 - [TEST_STEP][PASSED] - Script1718980020443.WriteToExcel(a, typeOfData, todaysDate, pageInt, fileInt, pageDouble, fileDouble, dZO): null

27-11-2024T10:37:31 - [TEST_STEP][PASSED] - sheetName = "Sheet1": null

27-11-2024T10:37:31 - [TEST_STEP][PASSED] - data = findTestData("PlanFact"): null

27-11-2024T10:37:31 - [TEST_STEP][PASSED] - n = data.getRowNumbers() + 1: null

27-11-2024T10:37:31 - [TEST_STEP][PASSED] - year = todaysDate.substring(todaysDate.length() - 4, todaysDate.length()): null

27-11-2024T10:37:31 - [TEST_STEP][PASSED] - y = year.toInteger(): null

27-11-2024T10:37:31 - [TEST_STEP][PASSED] - m = getText(findTestObject("Выполнение бизнес-плана/Период")): Text of object 'Object Repository/Выполнение бизнес-плана/Период' is: '1, 2, 3 кв. 2024 года'

27-11-2024T10:37:31 - [MESSAGE][PASSED] - Text of object 'Object Repository/Выполнение бизнес-плана/Период' is: '1, 2, 3 кв. 2024 года'

27-11-2024T10:37:31 - [TEST_STEP][PASSED] - m = m.substring(0, m.indexOf("2024")): null

27-11-2024T10:37:31 - [TEST_STEP][PASSED] - m = m.trim(): null

27-11-2024T10:37:31 - [TEST_STEP][PASSED] - dashboardName = "Выполнение бизнес-плана": null

27-11-2024T10:37:31 - [TEST_STEP][PASSED] - workbook01 = getWorkbook(excelFilePath): null

27-11-2024T10:37:31 - [TEST_STEP][PASSED] - sheet01 = getExcelSheet(workbook01, sheetName): null

27-11-2024T10:37:31 - [TEST_STEP][PASSED] - setValueToCellByIndex(sheet01, n, 0, dashboardName): null

27-11-2024T10:37:31 - [TEST_STEP][PASSED] - setValueToCellByIndex(sheet01, n, 1, dZO): null

27-11-2024T10:37:31 - [TEST_STEP][PASSED] - setValueToCellByIndex(sheet01, n, 2, typeOfData): null

27-11-2024T10:37:31 - [TEST_STEP][PASSED] - if (typeOfData == "Факт в процентах" || typeOfData == "План в процентах"): null

27-11-2024T10:37:31 - [TEST_STEP][PASSED] - else: null

27-11-2024T10:37:31 - [TEST_STEP][PASSED] - setValueToCellByIndex(sheet01, n, 3, fileInt): null

27-11-2024T10:37:31 - [TEST_STEP][PASSED] - setValueToCellByIndex(sheet01, n, 4, pageInt): null

27-11-2024T10:37:31 - [TEST_STEP][PASSED] - setValueToCellByIndex(sheet01, n, 5, m): null

27-11-2024T10:37:31 - [TEST_STEP][PASSED] - setValueToCellByIndex(sheet01, n, 6, y): null

27-11-2024T10:37:31 - [TEST_STEP][PASSED] - setValueToCellByIndex(sheet01, n, 7, todaysDate): null

27-11-2024T10:37:31 - [TEST_STEP][PASSED] - n = n + 1: null

27-11-2024T10:37:31 - [TEST_STEP][PASSED] - saveWorkbook(excelFilePath, workbook01): null

27-11-2024T10:37:31 - [TEST_STEP][PASSED] - if (planFact == 2): null

27-11-2024T10:37:31 - [TEST_STEP][PASSED] - if (planFact == 1): null

27-11-2024T10:37:31 - [TEST_STEP][PASSED] - else if (planFact == 2): null

27-11-2024T10:37:31 - [TEST_STEP][PASSED] - click(findTestObject("Выполнение бизнес-плана/Кнопка План")): Object: 'Object Repository/Выполнение бизнес-плана/Кнопка План' is clicked on

27-11-2024T10:37:32 - [MESSAGE][PASSED] - Object: 'Object Repository/Выполнение бизнес-плана/Кнопка План' is clicked on

27-11-2024T10:37:32 - [TEST_STEP][PASSED] - typeOfDataMain = "План": null

27-11-2024T10:37:32 - [TEST_STEP][PASSED] - otpusk = findTestData("PlanFact").getValue(2, a): null

27-11-2024T10:37:32 - [TEST_STEP][PASSED] - poteri = findTestData("PlanFact").getValue(3, a): null

27-11-2024T10:37:32 - [TEST_STEP][PASSED] - otpusk = otpusk.replaceAll("\s+", ""): null

27-11-2024T10:37:32 - [TEST_STEP][PASSED] - poteri = poteri.replaceAll("\s+", ""): null

27-11-2024T10:37:32 - [TEST_STEP][PASSED] - typeOfData = typeOfDataMain + " Отпуск в сеть": null

27-11-2024T10:37:32 - [TEST_STEP][PASSED] - if (a == 82): null

27-11-2024T10:37:32 - [TEST_STEP][PASSED] - else if (a == 84): null

27-11-2024T10:37:32 - [TEST_STEP][PASSED] - else if (a == 52 || a == 72 || a == 28 || a == 73 || a == 77 || a == 74 || a == 65 || a == 36 || a == 44 || a == 53 || a == 80 || a == 54 || a == 1 || a == 18 || a == 59 || a == 81): null

27-11-2024T10:37:32 - [TEST_STEP][PASSED] - path = dataFolder + "Table Data/" + typeOfData + " за отчётный период " + dzoNum: null

27-11-2024T10:37:32 - [TEST_STEP][PASSED] - println(path): null

27-11-2024T10:37:32 - [TEST_STEP][PASSED] - page = getText(findTestObject(path)): Text of object 'Object Repository/Выполнение бизнес-плана/Значения со страницы Выполнение бизнес-плана/Table Data/План Отпуск в сеть за отчётный период 6' is: '43 055 315'

27-11-2024T10:37:32 - [MESSAGE][PASSED] - Text of object 'Object Repository/Выполнение бизнес-плана/Значения со страницы Выполнение бизнес-плана/Table Data/План Отпуск в сеть за отчётный период 6' is: '43 055 315'

27-11-2024T10:37:32 - [TEST_STEP][PASSED] - page = page.replaceAll("\s+", ""): null

27-11-2024T10:37:32 - [TEST_STEP][PASSED] - fileOtpuskVSet = otpusk.toInteger(): null

27-11-2024T10:37:32 - [TEST_STEP][PASSED] - pageOtpuskVSet = page.toInteger(): null

27-11-2024T10:37:32 - [TEST_STEP][PASSED] - typeOfData = typeOfDataMain + " Потери": null

27-11-2024T10:37:32 - [TEST_STEP][PASSED] - if (a == 82): null

27-11-2024T10:37:32 - [TEST_STEP][PASSED] - else if (a == 84): null

27-11-2024T10:37:32 - [TEST_STEP][PASSED] - else if (a == 52 || a == 72 || a == 28 || a == 73 || a == 77 || a == 74 || a == 65 || a == 36 || a == 44 || a == 53 || a == 80 || a == 54 || a == 1 || a == 18 || a == 59 || a == 81): null

27-11-2024T10:37:32 - [TEST_STEP][PASSED] - path = dataFolder + "Table Data/" + typeOfData + " за отчётный период " + dzoNum: null

27-11-2024T10:37:32 - [TEST_STEP][PASSED] - page = getText(findTestObject(path)): Text of object 'Object Repository/Выполнение бизнес-плана/Значения со страницы Выполнение бизнес-плана/Table Data/План Потери за отчётный период 6' is: '4 299 069'

27-11-2024T10:37:32 - [MESSAGE][PASSED] - Text of object 'Object Repository/Выполнение бизнес-плана/Значения со страницы Выполнение бизнес-плана/Table Data/План Потери за отчётный период 6' is: '4 299 069'

27-11-2024T10:37:32 - [TEST_STEP][PASSED] - page = page.replaceAll("\s+", ""): null

27-11-2024T10:37:32 - [TEST_STEP][PASSED] - filePoteri = poteri.toInteger(): null

27-11-2024T10:37:32 - [TEST_STEP][PASSED] - pagePoteri = page.toInteger(): null

27-11-2024T10:37:32 - [TEST_STEP][PASSED] - compare = pageOtpuskVSet: null

27-11-2024T10:37:32 - [TEST_STEP][PASSED] - if (compare == fileOtpuskVSet): null

27-11-2024T10:37:32 - [TEST_STEP][PASSED] - else if (compare > fileOtpuskVSet): null

27-11-2024T10:37:32 - [TEST_STEP][PASSED] - else if (compare < fileOtpuskVSet): null

27-11-2024T10:37:32 - [TEST_STEP][PASSED] - compare = compare + 1: null

27-11-2024T10:37:32 - [TEST_STEP][PASSED] - if (compare == fileOtpuskVSet): null

27-11-2024T10:37:32 - [TEST_STEP][PASSED] - else: null

27-11-2024T10:37:32 - [TEST_STEP][PASSED] - numberOfErrors = numberOfErrors + 1: null

27-11-2024T10:37:32 - [TEST_STEP][PASSED] - pageInt = pageOtpuskVSet: null

27-11-2024T10:37:32 - [TEST_STEP][PASSED] - fileInt = fileOtpuskVSet: null

27-11-2024T10:37:32 - [TEST_STEP][PASSED] - typeOfData = typeOfDataMain + " Отпуск в сеть": null

27-11-2024T10:37:32 - [TEST_STEP][PASSED] - Script1718980020443.WriteToExcel(a, typeOfData, todaysDate, pageInt, fileInt, pageDouble, fileDouble, dZO): null

27-11-2024T10:37:32 - [TEST_STEP][PASSED] - sheetName = "Sheet1": null

27-11-2024T10:37:32 - [TEST_STEP][PASSED] - data = findTestData("PlanFact"): null

27-11-2024T10:37:32 - [TEST_STEP][PASSED] - n = data.getRowNumbers() + 1: null

27-11-2024T10:37:32 - [TEST_STEP][PASSED] - year = todaysDate.substring(todaysDate.length() - 4, todaysDate.length()): null

27-11-2024T10:37:32 - [TEST_STEP][PASSED] - y = year.toInteger(): null

27-11-2024T10:37:32 - [TEST_STEP][PASSED] - m = getText(findTestObject("Выполнение бизнес-плана/Период")): Text of object 'Object Repository/Выполнение бизнес-плана/Период' is: '1, 2, 3 кв. 2024 года'

27-11-2024T10:37:33 - [MESSAGE][PASSED] - Text of object 'Object Repository/Выполнение бизнес-плана/Период' is: '1, 2, 3 кв. 2024 года'

27-11-2024T10:37:33 - [TEST_STEP][PASSED] - m = m.substring(0, m.indexOf("2024")): null

27-11-2024T10:37:33 - [TEST_STEP][PASSED] - m = m.trim(): null

27-11-2024T10:37:33 - [TEST_STEP][PASSED] - dashboardName = "Выполнение бизнес-плана": null

27-11-2024T10:37:33 - [TEST_STEP][PASSED] - workbook01 = getWorkbook(excelFilePath): null

27-11-2024T10:37:33 - [TEST_STEP][PASSED] - sheet01 = getExcelSheet(workbook01, sheetName): null

27-11-2024T10:37:33 - [TEST_STEP][PASSED] - setValueToCellByIndex(sheet01, n, 0, dashboardName): null

27-11-2024T10:37:33 - [TEST_STEP][PASSED] - setValueToCellByIndex(sheet01, n, 1, dZO): null

27-11-2024T10:37:33 - [TEST_STEP][PASSED] - setValueToCellByIndex(sheet01, n, 2, typeOfData): null

27-11-2024T10:37:33 - [TEST_STEP][PASSED] - if (typeOfData == "Факт в процентах" || typeOfData == "План в процентах"): null

27-11-2024T10:37:33 - [TEST_STEP][PASSED] - else: null

27-11-2024T10:37:33 - [TEST_STEP][PASSED] - setValueToCellByIndex(sheet01, n, 3, fileInt): null

27-11-2024T10:37:33 - [TEST_STEP][PASSED] - setValueToCellByIndex(sheet01, n, 4, pageInt): null

27-11-2024T10:37:33 - [TEST_STEP][PASSED] - setValueToCellByIndex(sheet01, n, 5, m): null

27-11-2024T10:37:33 - [TEST_STEP][PASSED] - setValueToCellByIndex(sheet01, n, 6, y): null

27-11-2024T10:37:33 - [TEST_STEP][PASSED] - setValueToCellByIndex(sheet01, n, 7, todaysDate): null

27-11-2024T10:37:33 - [TEST_STEP][PASSED] - n = n + 1: null

27-11-2024T10:37:33 - [TEST_STEP][PASSED] - saveWorkbook(excelFilePath, workbook01): null

27-11-2024T10:37:33 - [TEST_STEP][PASSED] - compare = pagePoteri: null

27-11-2024T10:37:33 - [TEST_STEP][PASSED] - if (compare == filePoteri): null

27-11-2024T10:37:33 - [TEST_STEP][PASSED] - else if (compare > filePoteri): null

27-11-2024T10:37:33 - [TEST_STEP][PASSED] - else if (compare < filePoteri): null

27-11-2024T10:37:33 - [TEST_STEP][PASSED] - compare = compare + 1: null

27-11-2024T10:37:33 - [TEST_STEP][PASSED] - if (compare == filePoteri): null

27-11-2024T10:37:33 - [TEST_STEP][PASSED] - else: null

27-11-2024T10:37:33 - [TEST_STEP][PASSED] - numberOfErrors = numberOfErrors + 1: null

27-11-2024T10:37:33 - [TEST_STEP][PASSED] - pageInt = pagePoteri: null

27-11-2024T10:37:33 - [TEST_STEP][PASSED] - fileInt = filePoteri: null

27-11-2024T10:37:33 - [TEST_STEP][PASSED] - typeOfData = typeOfDataMain + " Потери": null

27-11-2024T10:37:33 - [TEST_STEP][PASSED] - Script1718980020443.WriteToExcel(a, typeOfData, todaysDate, pageInt, fileInt, pageDouble, fileDouble, dZO): null

27-11-2024T10:37:33 - [TEST_STEP][PASSED] - sheetName = "Sheet1": null

27-11-2024T10:37:33 - [TEST_STEP][PASSED] - data = findTestData("PlanFact"): null

27-11-2024T10:37:33 - [TEST_STEP][PASSED] - n = data.getRowNumbers() + 1: null

27-11-2024T10:37:33 - [TEST_STEP][PASSED] - year = todaysDate.substring(todaysDate.length() - 4, todaysDate.length()): null

27-11-2024T10:37:33 - [TEST_STEP][PASSED] - y = year.toInteger(): null

27-11-2024T10:37:33 - [TEST_STEP][PASSED] - m = getText(findTestObject("Выполнение бизнес-плана/Период")): Text of object 'Object Repository/Выполнение бизнес-плана/Период' is: '1, 2, 3 кв. 2024 года'

27-11-2024T10:37:33 - [MESSAGE][PASSED] - Text of object 'Object Repository/Выполнение бизнес-плана/Период' is: '1, 2, 3 кв. 2024 года'

27-11-2024T10:37:33 - [TEST_STEP][PASSED] - m = m.substring(0, m.indexOf("2024")): null

27-11-2024T10:37:33 - [TEST_STEP][PASSED] - m = m.trim(): null

27-11-2024T10:37:33 - [TEST_STEP][PASSED] - dashboardName = "Выполнение бизнес-плана": null

27-11-2024T10:37:33 - [TEST_STEP][PASSED] - workbook01 = getWorkbook(excelFilePath): null

27-11-2024T10:37:33 - [TEST_STEP][PASSED] - sheet01 = getExcelSheet(workbook01, sheetName): null

27-11-2024T10:37:33 - [TEST_STEP][PASSED] - setValueToCellByIndex(sheet01, n, 0, dashboardName): null

27-11-2024T10:37:33 - [TEST_STEP][PASSED] - setValueToCellByIndex(sheet01, n, 1, dZO): null

27-11-2024T10:37:33 - [TEST_STEP][PASSED] - setValueToCellByIndex(sheet01, n, 2, typeOfData): null

27-11-2024T10:37:33 - [TEST_STEP][PASSED] - if (typeOfData == "Факт в процентах" || typeOfData == "План в процентах"): null

27-11-2024T10:37:33 - [TEST_STEP][PASSED] - else: null

27-11-2024T10:37:33 - [TEST_STEP][PASSED] - setValueToCellByIndex(sheet01, n, 3, fileInt): null

27-11-2024T10:37:33 - [TEST_STEP][PASSED] - setValueToCellByIndex(sheet01, n, 4, pageInt): null

27-11-2024T10:37:33 - [TEST_STEP][PASSED] - setValueToCellByIndex(sheet01, n, 5, m): null

27-11-2024T10:37:33 - [TEST_STEP][PASSED] - setValueToCellByIndex(sheet01, n, 6, y): null

27-11-2024T10:37:33 - [TEST_STEP][PASSED] - setValueToCellByIndex(sheet01, n, 7, todaysDate): null

27-11-2024T10:37:33 - [TEST_STEP][PASSED] - n = n + 1: null

27-11-2024T10:37:33 - [TEST_STEP][PASSED] - saveWorkbook(excelFilePath, workbook01): Object: 'Object Repository/Выполнение бизнес-плана/Кнопка Факт' is clicked on

27-11-2024T10:37:33 - [TEST_STEP][PASSED] - if (planFact == 2): Object: 'Object Repository/Выполнение бизнес-плана/Кнопка Факт' is clicked on

27-11-2024T10:37:33 - [TEST_STEP][PASSED] - click(findTestObject("Выполнение бизнес-плана/Кнопка Факт")): Object: 'Object Repository/Выполнение бизнес-плана/Кнопка Факт' is clicked on

27-11-2024T10:37:34 - [MESSAGE][PASSED] - Object: 'Object Repository/Выполнение бизнес-плана/Кнопка Факт' is clicked on

27-11-2024T10:37:34 - [TEST_STEP][PASSED] - if (a == 84 || a == 82): null

27-11-2024T10:37:34 - [TEST_STEP][PASSED] - else if (a == 52 || a == 72 || a == 28 || a == 73 || a == 77 || a == 74 || a == 65 || a == 36 || a == 44 || a == 53 || a == 80 || a == 54 || a == 1 || a == 18 || a == 59 || a == 81): null

27-11-2024T10:37:34 - [TEST_STEP][PASSED] - page1 = getText(findTestObject("Object Repository/Выполнение бизнес-плана/spanPlan" + dzoNum)): Text of object 'Object Repository/Выполнение бизнес-плана/spanPlan6' is: '9.98
|'

27-11-2024T10:37:34 - [MESSAGE][PASSED] - Text of object 'Object Repository/Выполнение бизнес-плана/spanPlan6' is: '9.98
|'

27-11-2024T10:37:34 - [TEST_STEP][PASSED] - page1 = page1.replace("|", ""): null

27-11-2024T10:37:34 - [TEST_STEP][PASSED] - page2 = getText(findTestObject("Object Repository/Выполнение бизнес-плана/spanFact" + dzoNum)): Text of object 'Object Repository/Выполнение бизнес-плана/spanFact6' is: '9.48'

27-11-2024T10:37:34 - [MESSAGE][PASSED] - Text of object 'Object Repository/Выполнение бизнес-плана/spanFact6' is: '9.48'

27-11-2024T10:37:34 - [TEST_STEP][PASSED] - page2 = page2.replace("|", ""): null

27-11-2024T10:37:34 - [TEST_STEP][PASSED] - println("page1: " + page1): null

27-11-2024T10:37:34 - [TEST_STEP][PASSED] - println("page2: " + page2): null

27-11-2024T10:37:34 - [TEST_STEP][PASSED] - file = findTestData("PlanFact").getValue(4, a): null

27-11-2024T10:37:34 - [TEST_STEP][PASSED] - file = file.replace(",", "."): null

27-11-2024T10:37:34 - [TEST_STEP][PASSED] - println("file Plan: " + file): null

27-11-2024T10:37:34 - [TEST_STEP][PASSED] - typeOfData = "План в процентах": null

27-11-2024T10:37:34 - [TEST_STEP][PASSED] - fileDouble = file.toDouble(): null

27-11-2024T10:37:34 - [TEST_STEP][PASSED] - pageDouble = page1.toDouble(): null

27-11-2024T10:37:34 - [TEST_STEP][PASSED] - if (fileDouble != pageDouble): null

27-11-2024T10:37:34 - [TEST_STEP][PASSED] - numberOfErrors = numberOfErrors + 1: null

27-11-2024T10:37:34 - [TEST_STEP][PASSED] - Script1718980020443.WriteToExcel(a, typeOfData, todaysDate, pageInt, fileInt, pageDouble, fileDouble, dZO): null

27-11-2024T10:37:34 - [TEST_STEP][PASSED] - sheetName = "Sheet1": null

27-11-2024T10:37:34 - [TEST_STEP][PASSED] - data = findTestData("PlanFact"): null

27-11-2024T10:37:34 - [TEST_STEP][PASSED] - n = data.getRowNumbers() + 1: null

27-11-2024T10:37:34 - [TEST_STEP][PASSED] - year = todaysDate.substring(todaysDate.length() - 4, todaysDate.length()): null

27-11-2024T10:37:34 - [TEST_STEP][PASSED] - y = year.toInteger(): null

27-11-2024T10:37:34 - [TEST_STEP][PASSED] - m = getText(findTestObject("Выполнение бизнес-плана/Период")): Text of object 'Object Repository/Выполнение бизнес-плана/Период' is: '1, 2, 3 кв. 2024 года'

27-11-2024T10:37:35 - [MESSAGE][PASSED] - Text of object 'Object Repository/Выполнение бизнес-плана/Период' is: '1, 2, 3 кв. 2024 года'

27-11-2024T10:37:35 - [TEST_STEP][PASSED] - m = m.substring(0, m.indexOf("2024")): null

27-11-2024T10:37:35 - [TEST_STEP][PASSED] - m = m.trim(): null

27-11-2024T10:37:35 - [TEST_STEP][PASSED] - dashboardName = "Выполнение бизнес-плана": null

27-11-2024T10:37:35 - [TEST_STEP][PASSED] - workbook01 = getWorkbook(excelFilePath): null

27-11-2024T10:37:35 - [TEST_STEP][PASSED] - sheet01 = getExcelSheet(workbook01, sheetName): null

27-11-2024T10:37:35 - [TEST_STEP][PASSED] - setValueToCellByIndex(sheet01, n, 0, dashboardName): null

27-11-2024T10:37:35 - [TEST_STEP][PASSED] - setValueToCellByIndex(sheet01, n, 1, dZO): null

27-11-2024T10:37:35 - [TEST_STEP][PASSED] - setValueToCellByIndex(sheet01, n, 2, typeOfData): null

27-11-2024T10:37:35 - [TEST_STEP][PASSED] - if (typeOfData == "Факт в процентах" || typeOfData == "План в процентах"): null

27-11-2024T10:37:35 - [TEST_STEP][PASSED] - setValueToCellByIndex(sheet01, n, 3, fileDouble): null

27-11-2024T10:37:35 - [TEST_STEP][PASSED] - setValueToCellByIndex(sheet01, n, 4, pageDouble): null

27-11-2024T10:37:35 - [TEST_STEP][PASSED] - setValueToCellByIndex(sheet01, n, 5, m): null

27-11-2024T10:37:35 - [TEST_STEP][PASSED] - setValueToCellByIndex(sheet01, n, 6, y): null

27-11-2024T10:37:35 - [TEST_STEP][PASSED] - setValueToCellByIndex(sheet01, n, 7, todaysDate): null

27-11-2024T10:37:35 - [TEST_STEP][PASSED] - n = n + 1: null

27-11-2024T10:37:35 - [TEST_STEP][PASSED] - saveWorkbook(excelFilePath, workbook01): null

27-11-2024T10:37:35 - [TEST_STEP][PASSED] - file = findTestData("PlanFact").getValue(7, a): null

27-11-2024T10:37:35 - [TEST_STEP][PASSED] - file = file.replace(",", "."): null

27-11-2024T10:37:35 - [TEST_STEP][PASSED] - println("file Fact: " + file): null

27-11-2024T10:37:35 - [TEST_STEP][PASSED] - fileDouble = file.toDouble(): null

27-11-2024T10:37:35 - [TEST_STEP][PASSED] - typeOfData = "Факт в процентах": null

27-11-2024T10:37:35 - [TEST_STEP][PASSED] - fileDouble = file.toDouble(): null

27-11-2024T10:37:35 - [TEST_STEP][PASSED] - pageDouble = page2.toDouble(): null

27-11-2024T10:37:35 - [TEST_STEP][PASSED] - if (fileDouble != pageDouble): null

27-11-2024T10:37:35 - [TEST_STEP][PASSED] - numberOfErrors = numberOfErrors + 1: null

27-11-2024T10:37:35 - [TEST_STEP][PASSED] - Script1718980020443.WriteToExcel(a, typeOfData, todaysDate, pageInt, fileInt, pageDouble, fileDouble, dZO): null

27-11-2024T10:37:35 - [TEST_STEP][PASSED] - sheetName = "Sheet1": null

27-11-2024T10:37:35 - [TEST_STEP][PASSED] - data = findTestData("PlanFact"): null

27-11-2024T10:37:35 - [TEST_STEP][PASSED] - n = data.getRowNumbers() + 1: null

27-11-2024T10:37:35 - [TEST_STEP][PASSED] - year = todaysDate.substring(todaysDate.length() - 4, todaysDate.length()): null

27-11-2024T10:37:35 - [TEST_STEP][PASSED] - y = year.toInteger(): null

27-11-2024T10:37:35 - [TEST_STEP][PASSED] - m = getText(findTestObject("Выполнение бизнес-плана/Период")): Text of object 'Object Repository/Выполнение бизнес-плана/Период' is: '1, 2, 3 кв. 2024 года'

27-11-2024T10:37:35 - [MESSAGE][PASSED] - Text of object 'Object Repository/Выполнение бизнес-плана/Период' is: '1, 2, 3 кв. 2024 года'

27-11-2024T10:37:35 - [TEST_STEP][PASSED] - m = m.substring(0, m.indexOf("2024")): null

27-11-2024T10:37:35 - [TEST_STEP][PASSED] - m = m.trim(): null

27-11-2024T10:37:35 - [TEST_STEP][PASSED] - dashboardName = "Выполнение бизнес-плана": null

27-11-2024T10:37:35 - [TEST_STEP][PASSED] - workbook01 = getWorkbook(excelFilePath): null

27-11-2024T10:37:35 - [TEST_STEP][PASSED] - sheet01 = getExcelSheet(workbook01, sheetName): null

27-11-2024T10:37:36 - [TEST_STEP][PASSED] - setValueToCellByIndex(sheet01, n, 0, dashboardName): null

27-11-2024T10:37:36 - [TEST_STEP][PASSED] - setValueToCellByIndex(sheet01, n, 1, dZO): null

27-11-2024T10:37:36 - [TEST_STEP][PASSED] - setValueToCellByIndex(sheet01, n, 2, typeOfData): null

27-11-2024T10:37:36 - [TEST_STEP][PASSED] - if (typeOfData == "Факт в процентах" || typeOfData == "План в процентах"): null

27-11-2024T10:37:36 - [TEST_STEP][PASSED] - setValueToCellByIndex(sheet01, n, 3, fileDouble): null

27-11-2024T10:37:36 - [TEST_STEP][PASSED] - setValueToCellByIndex(sheet01, n, 4, pageDouble): null

27-11-2024T10:37:36 - [TEST_STEP][PASSED] - setValueToCellByIndex(sheet01, n, 5, m): null

27-11-2024T10:37:36 - [TEST_STEP][PASSED] - setValueToCellByIndex(sheet01, n, 6, y): null

27-11-2024T10:37:36 - [TEST_STEP][PASSED] - setValueToCellByIndex(sheet01, n, 7, todaysDate): null

27-11-2024T10:37:36 - [TEST_STEP][PASSED] - n = n + 1: null

27-11-2024T10:37:36 - [TEST_STEP][PASSED] - saveWorkbook(excelFilePath, workbook01): null

27-11-2024T10:37:36 - [TEST_STEP][FAILED] - if (verifyEqual(numberOfErrors, 0) == false): null

27-11-2024T10:37:36 - [MESSAGE][FAILED] - Unable to verify equal between actual object '6' and expected object '0' (Root cause: com.kms.katalon.core.exception.StepFailedException: Actual object '6' and expected object '0' are not equal
	at com.kms.katalon.core.keyword.builtin.VerifyEqualKeyword$_verifyEqual_closure1.doCall(VerifyEqualKeyword.groovy:58)
	at com.kms.katalon.core.keyword.builtin.VerifyEqualKeyword$_verifyEqual_closure1.call(VerifyEqualKeyword.groovy)
	at com.kms.katalon.core.keyword.internal.KeywordMain.runKeyword(KeywordMain.groovy:75)
	at com.kms.katalon.core.keyword.builtin.VerifyEqualKeyword.verifyEqual(VerifyEqualKeyword.groovy:63)
	at com.kms.katalon.core.keyword.builtin.VerifyEqualKeyword.execute(VerifyEqualKeyword.groovy:44)
	at com.kms.katalon.core.keyword.internal.KeywordExecutor.executeKeywordForPlatform(KeywordExecutor.groovy:74)
	at com.kms.katalon.core.keyword.BuiltinKeywords.verifyEqual(BuiltinKeywords.groovy:146)
	at jdk.internal.reflect.GeneratedMethodAccessor24.invoke(Unknown Source)
	at java.base/jdk.internal.reflect.DelegatingMethodAccessorImpl.invoke(DelegatingMethodAccessorImpl.java:43)
	at Выполнение бизнес-плана Сверка ПАО Россети все филиалы.Numbers(Выполнение бизнес-плана Сверка ПАО Россети все филиалы:740)
	at Выполнение бизнес-плана Сверка ПАО Россети все филиалы.run(Выполнение бизнес-плана Сверка ПАО Россети все филиалы:388)
	at com.kms.katalon.core.main.ScriptEngine.run(ScriptEngine.java:194)
	at com.kms.katalon.core.main.ScriptEngine.runScriptAsRawText(ScriptEngine.java:119)
	at com.kms.katalon.core.main.TestCaseExecutor.runScript(TestCaseExecutor.java:448)
	at com.kms.katalon.core.main.TestCaseExecutor.doExecute(TestCaseExecutor.java:439)
	at com.kms.katalon.core.main.TestCaseExecutor.processExecutionPhase(TestCaseExecutor.java:418)
	at com.kms.katalon.core.main.TestCaseExecutor.accessMainPhase(TestCaseExecutor.java:410)
	at com.kms.katalon.core.main.TestCaseExecutor.execute(TestCaseExecutor.java:285)
	at com.kms.katalon.core.common.CommonExecutor.accessTestCaseMainPhase(CommonExecutor.java:65)
	at com.kms.katalon.core.main.TestSuiteExecutor.accessTestSuiteMainPhase(TestSuiteExecutor.java:150)
	at com.kms.katalon.core.main.TestSuiteExecutor.execute(TestSuiteExecutor.java:106)
	at com.kms.katalon.core.main.TestCaseMain.startTestSuite(TestCaseMain.java:180)
	at TempTestSuite1732692359995.run(TempTestSuite1732692359995.groovy:35)
	at java.base/jdk.internal.reflect.NativeMethodAccessorImpl.invoke0(Native Method)
	at java.base/jdk.internal.reflect.NativeMethodAccessorImpl.invoke(NativeMethodAccessorImpl.java:77)
	at java.base/jdk.internal.reflect.DelegatingMethodAccessorImpl.invoke(DelegatingMethodAccessorImpl.java:43)
)

27-11-2024T10:37:36 - [TEST_STEP][PASSED] - println(numberOfErrors): null

27-11-2024T10:37:36 - [TEST_STEP][PASSED] - if (a == 28 || a == 77 || a == 74 || a == 65 || a == 36 || a == 44 || a == 54 || a == 1 || a == 18 || a == 59): null

27-11-2024T10:37:36 - [TEST_STEP][PASSED] - Script1718980020443.Filials(a, typeOfData, todaysDate, pageInt, fileInt, pageDouble, fileDouble, dZO, dzoNum, filialNum): null

27-11-2024T10:37:36 - [TEST_STEP][PASSED] - i = <not implemented yet for class: org.codehaus.groovy.ast.expr.EmptyExpression>: null

27-11-2024T10:37:36 - [TEST_STEP][PASSED] - c = <not implemented yet for class: org.codehaus.groovy.ast.expr.EmptyExpression>: null

27-11-2024T10:37:36 - [TEST_STEP][PASSED] - page = <not implemented yet for class: org.codehaus.groovy.ast.expr.EmptyExpression>: null

27-11-2024T10:37:36 - [TEST_STEP][PASSED] - println(dZO): null

27-11-2024T10:37:36 - [TEST_STEP][PASSED] - reducedDZO = <not implemented yet for class: org.codehaus.groovy.ast.expr.EmptyExpression>: null

27-11-2024T10:37:36 - [TEST_STEP][PASSED] - reducedDZO = dZO.substring(dZO.indexOf(" ") + 1, dZO.length()): null

27-11-2024T10:37:36 - [TEST_STEP][PASSED] - if (reducedDZO.contains(" ")): null

27-11-2024T10:37:36 - [TEST_STEP][PASSED] - reducedDZO = reducedDZO.substring(reducedDZO.indexOf(" ") + 1, reducedDZO.length()): null

27-11-2024T10:37:36 - [TEST_STEP][PASSED] - if (reducedDZO.contains(" ")): null

27-11-2024T10:37:36 - [TEST_STEP][PASSED] - println(reducedDZO): null

27-11-2024T10:37:36 - [TEST_STEP][PASSED] - dzoCut = <not implemented yet for class: org.codehaus.groovy.ast.expr.EmptyExpression>: null

27-11-2024T10:37:36 - [TEST_STEP][PASSED] - Script1718980020443.DZO(a): null

27-11-2024T10:37:36 - [TEST_STEP][PASSED] - Script1718980020443.OpenFilter(): null

27-11-2024T10:37:36 - [TEST_STEP][PASSED] - click(findTestObject("Object Repository/Выполнение бизнес-плана/Фильтр ДЗО")): Object: 'Object Repository/Выполнение бизнес-плана/Фильтр ДЗО' is clicked on

27-11-2024T10:37:36 - [MESSAGE][PASSED] - Object: 'Object Repository/Выполнение бизнес-плана/Фильтр ДЗО' is clicked on

27-11-2024T10:37:36 - [TEST_STEP][PASSED] - click(findTestObject("Выполнение бизнес-плана/Снять выделение в фильтре ДЗО")): Object: 'Object Repository/Выполнение бизнес-плана/Снять выделение в фильтре ДЗО' is clicked on

27-11-2024T10:37:37 - [MESSAGE][PASSED] - Object: 'Object Repository/Выполнение бизнес-плана/Снять выделение в фильтре ДЗО' is clicked on

27-11-2024T10:37:37 - [TEST_STEP][PASSED] - Script1718980020443.OpenRSK(): null

27-11-2024T10:37:37 - [TEST_STEP][PASSED] - click(findTestObject("Выполнение бизнес-плана/Раскрыть список ПАО Россети в фильтре ДЗО")): Object: 'Object Repository/Выполнение бизнес-плана/Раскрыть список ПАО Россети в фильтре ДЗО' is clicked on

27-11-2024T10:37:37 - [MESSAGE][PASSED] - Object: 'Object Repository/Выполнение бизнес-плана/Раскрыть список ПАО Россети в фильтре ДЗО' is clicked on

27-11-2024T10:37:37 - [TEST_STEP][PASSED] - click(findTestObject("Выполнение бизнес-плана/Раскрыть список РаспредКомплекс в фильтре ДЗО")): Object: 'Object Repository/Выполнение бизнес-плана/Раскрыть список РаспредКомплекс в фильтре ДЗО' is clicked on

27-11-2024T10:37:37 - [MESSAGE][PASSED] - Object: 'Object Repository/Выполнение бизнес-плана/Раскрыть список РаспредКомплекс в фильтре ДЗО' is clicked on

27-11-2024T10:37:37 - [TEST_STEP][PASSED] - if (a == 28): null

27-11-2024T10:37:37 - [TEST_STEP][PASSED] - if (a == 77): null

27-11-2024T10:37:37 - [TEST_STEP][PASSED] - if (a == 74): null

27-11-2024T10:37:37 - [TEST_STEP][PASSED] - if (a == 65): null

27-11-2024T10:37:37 - [TEST_STEP][PASSED] - if (a == 36): null

27-11-2024T10:37:37 - [TEST_STEP][PASSED] - if (a == 44): null

27-11-2024T10:37:37 - [TEST_STEP][PASSED] - if (a == 54): null

27-11-2024T10:37:37 - [TEST_STEP][PASSED] - if (a == 1): Object: 'Object Repository/Выполнение бизнес-плана/Россети Центр' is clicked on

27-11-2024T10:37:37 - [TEST_STEP][PASSED] - scrollToElement(findTestObject("Общие объекты/Раскрыть список Россети Центр"), 30): Scroll to object 'Object Repository/Общие объекты/Раскрыть список Россети Центр' successfully

27-11-2024T10:37:38 - [MESSAGE][PASSED] - Scroll to object 'Object Repository/Общие объекты/Раскрыть список Россети Центр' successfully

27-11-2024T10:37:38 - [TEST_STEP][PASSED] - click(findTestObject("Выполнение бизнес-плана/Россети Центр")): Object: 'Object Repository/Выполнение бизнес-плана/Россети Центр' is clicked on

27-11-2024T10:37:38 - [MESSAGE][PASSED] - Object: 'Object Repository/Выполнение бизнес-плана/Россети Центр' is clicked on

27-11-2024T10:37:38 - [TEST_STEP][PASSED] - if (a == 18): null

27-11-2024T10:37:38 - [TEST_STEP][PASSED] - if (a == 59): null

27-11-2024T10:37:38 - [TEST_STEP][PASSED] - Script1718980020443.CloseFilter(): null

27-11-2024T10:37:38 - [TEST_STEP][PASSED] - scrollToElement(findTestObject("Выполнение бизнес-плана/Заголовок дашборда"), 30): Scroll to object 'Object Repository/Выполнение бизнес-плана/Заголовок дашборда' successfully

27-11-2024T10:37:39 - [MESSAGE][PASSED] - Scroll to object 'Object Repository/Выполнение бизнес-плана/Заголовок дашборда' successfully

27-11-2024T10:37:39 - [TEST_STEP][PASSED] - click(findTestObject("Object Repository/Выполнение бизнес-плана/Применить в фильтре ДЗО")): Object: 'Object Repository/Выполнение бизнес-плана/Применить в фильтре ДЗО' is clicked on

27-11-2024T10:37:39 - [MESSAGE][PASSED] - Object: 'Object Repository/Выполнение бизнес-плана/Применить в фильтре ДЗО' is clicked on

27-11-2024T10:37:39 - [TEST_STEP][PASSED] - Script1718980020443.ZakrytOpoveshenie(): null

27-11-2024T10:37:39 - [TEST_STEP][PASSED] - delay(10): Delayed 10 second(s)

27-11-2024T10:37:49 - [MESSAGE][PASSED] - Delayed 10 second(s)

27-11-2024T10:37:49 - [TEST_STEP][PASSED] - opoveshenie = getText(findTestObject("Выполнение бизнес-плана/Просьба обратить внимание")): Text of object 'Object Repository/Выполнение бизнес-плана/Просьба обратить внимание' is: ''

27-11-2024T10:38:12 - [MESSAGE][PASSED] - Text of object 'Object Repository/Выполнение бизнес-плана/Просьба обратить внимание' is: ''

27-11-2024T10:38:12 - [TEST_STEP][PASSED] - println(opoveshenie): null

27-11-2024T10:38:12 - [TEST_STEP][PASSED] - if (opoveshenie == "Просьба обратить внимание"): null

27-11-2024T10:38:12 - [TEST_STEP][PASSED] - page = getText(findTestObject("Object Repository/Выполнение бизнес-плана/Filials")): Text of object 'Object Repository/Выполнение бизнес-плана/Filials' is: 'Россети Центр (ГК)
0
10
20
30
40
50
60
70'

27-11-2024T10:38:12 - [MESSAGE][PASSED] - Text of object 'Object Repository/Выполнение бизнес-плана/Filials' is: 'Россети Центр (ГК)
0
10
20
30
40
50
60
70'

27-11-2024T10:38:12 - [TEST_STEP][PASSED] - println(page): null

27-11-2024T10:38:12 - [TEST_STEP][PASSED] - c = page.indexOf(reducedDZO): null

27-11-2024T10:38:12 - [TEST_STEP][PASSED] - if (c > -1): null

27-11-2024T10:38:12 - [TEST_STEP][PASSED] - click(findTestObject("Выполнение бизнес-плана/список")): Object: 'Object Repository/Выполнение бизнес-плана/список' is clicked on

27-11-2024T10:38:13 - [MESSAGE][PASSED] - Object: 'Object Repository/Выполнение бизнес-плана/список' is clicked on

27-11-2024T10:38:13 - [TEST_STEP][PASSED] - delay(10): Delayed 10 second(s)

27-11-2024T10:38:23 - [MESSAGE][PASSED] - Delayed 10 second(s)

27-11-2024T10:38:23 - [TEST_STEP][PASSED] - click(findTestObject("Выполнение бизнес-плана/Раскрытие списка")): Object: 'Object Repository/Выполнение бизнес-плана/Раскрытие списка' is clicked on

27-11-2024T10:38:23 - [MESSAGE][PASSED] - Object: 'Object Repository/Выполнение бизнес-плана/Раскрытие списка' is clicked on

27-11-2024T10:38:23 - [TEST_STEP][PASSED] - delay(10): Delayed 10 second(s)

27-11-2024T10:38:33 - [MESSAGE][PASSED] - Delayed 10 second(s)

27-11-2024T10:38:33 - [TEST_STEP][PASSED] - page = getText(findTestObject("Object Repository/Выполнение бизнес-плана/Filials")): Text of object 'Object Repository/Выполнение бизнес-плана/Filials' is: 'АО«Воронежскаягорэлектросеть»
АО «Тульскиегородскиеэлектрическиесети»
АО«Ярославскаяэлектросетеваякомпания»
Белгородэнерго
Брянскэнерго
Воронежэнерго
Костромаэнерго
Курскэнерго
Липецкэнерго
ООО «БрянскЭ…
Орелэнерго
Смоленскэнерго
Тамбовэнерго
Тверьэнерго
Ярэнерго
0
20
40
60
10
30
50
70'

27-11-2024T10:38:33 - [MESSAGE][PASSED] - Text of object 'Object Repository/Выполнение бизнес-плана/Filials' is: 'АО«Воронежскаягорэлектросеть»
АО «Тульскиегородскиеэлектрическиесети»
АО«Ярославскаяэлектросетеваякомпания»
Белгородэнерго
Брянскэнерго
Воронежэнерго
Костромаэнерго
Курскэнерго
Липецкэнерго
ООО «БрянскЭ…
Орелэнерго
Смоленскэнерго
Тамбовэнерго
Тверьэнерго
Ярэнерго
0
20
40
60
10
30
50
70'

27-11-2024T10:38:33 - [TEST_STEP][PASSED] - println(page): null

27-11-2024T10:38:33 - [TEST_STEP][PASSED] - c = page.indexOf(reducedDZO): null

27-11-2024T10:38:33 - [TEST_STEP][PASSED] - x2 = getText(findTestObject("Выполнение бизнес-плана/Список ДЗО старый")): Text of object 'Object Repository/Выполнение бизнес-плана/Список ДЗО старый' is: 'АО«Воронежскаягорэлектросеть»
АО «Тульскиегородскиеэлектрическиесети»
АО«Ярославскаяэлектросетеваякомпания»
Белгородэнерго
Брянскэнерго
Воронежэнерго
Костромаэнерго
Курскэнерго
Липецкэнерго
ООО «БрянскЭ…
Орелэнерго
Смоленскэнерго
Тамбовэнерго
Тверьэнерго
Ярэнерго
0
20
40
60
10
30
50
70'

27-11-2024T10:38:34 - [MESSAGE][PASSED] - Text of object 'Object Repository/Выполнение бизнес-плана/Список ДЗО старый' is: 'АО«Воронежскаягорэлектросеть»
АО «Тульскиегородскиеэлектрическиесети»
АО«Ярославскаяэлектросетеваякомпания»
Белгородэнерго
Брянскэнерго
Воронежэнерго
Костромаэнерго
Курскэнерго
Липецкэнерго
ООО «БрянскЭ…
Орелэнерго
Смоленскэнерго
Тамбовэнерго
Тверьэнерго
Ярэнерго
0
20
40
60
10
30
50
70'

27-11-2024T10:38:34 - [TEST_STEP][PASSED] - if (a == 28): null

27-11-2024T10:38:34 - [TEST_STEP][PASSED] - if (a == 77): null

27-11-2024T10:38:34 - [TEST_STEP][PASSED] - if (a == 74): null

27-11-2024T10:38:34 - [TEST_STEP][PASSED] - if (a == 65): null

27-11-2024T10:38:34 - [TEST_STEP][PASSED] - if (a == 1): null

27-11-2024T10:38:34 - [TEST_STEP][PASSED] - dZO = "АО «Воронежская горэлектросеть»": null

27-11-2024T10:38:34 - [TEST_STEP][PASSED] - a = 14: null

27-11-2024T10:38:34 - [TEST_STEP][PASSED] - i = dZO.length() - 1: null

27-11-2024T10:38:34 - [TEST_STEP][PASSED] - dzoCut = substring(4, i).replaceAll("\s+", ""): null

27-11-2024T10:38:34 - [TEST_STEP][PASSED] - if (x2.contains(dzoCut)): null

27-11-2024T10:38:34 - [TEST_STEP][PASSED] - filialNum = filialNum + 1: null

27-11-2024T10:38:34 - [TEST_STEP][PASSED] - Script1718980020443.Numbers(a, typeOfData, todaysDate, pageInt, fileInt, pageDouble, fileDouble, dZO, dzoNum, filialNum): null

27-11-2024T10:38:34 - [TEST_STEP][PASSED] - println(dzoNum): null

27-11-2024T10:38:34 - [TEST_STEP][PASSED] - planFact = <not implemented yet for class: org.codehaus.groovy.ast.expr.EmptyExpression>: null

27-11-2024T10:38:34 - [TEST_STEP][PASSED] - page = <not implemented yet for class: org.codehaus.groovy.ast.expr.EmptyExpression>: null

27-11-2024T10:38:34 - [TEST_STEP][PASSED] - page1 = <not implemented yet for class: org.codehaus.groovy.ast.expr.EmptyExpression>: null

27-11-2024T10:38:34 - [TEST_STEP][PASSED] - page2 = <not implemented yet for class: org.codehaus.groovy.ast.expr.EmptyExpression>: null

27-11-2024T10:38:34 - [TEST_STEP][PASSED] - filialNumberInRow = <not implemented yet for class: org.codehaus.groovy.ast.expr.EmptyExpression>: null

27-11-2024T10:38:34 - [TEST_STEP][PASSED] - filialsDzoNames = <not implemented yet for class: org.codehaus.groovy.ast.expr.EmptyExpression>: null

27-11-2024T10:38:34 - [TEST_STEP][PASSED] - numberOfFilials = <not implemented yet for class: org.codehaus.groovy.ast.expr.EmptyExpression>: null

27-11-2024T10:38:34 - [TEST_STEP][PASSED] - numberOfSpaces = <not implemented yet for class: org.codehaus.groovy.ast.expr.EmptyExpression>: null

27-11-2024T10:38:34 - [TEST_STEP][PASSED] - file = <not implemented yet for class: org.codehaus.groovy.ast.expr.EmptyExpression>: null

27-11-2024T10:38:34 - [TEST_STEP][PASSED] - otpusk = <not implemented yet for class: org.codehaus.groovy.ast.expr.EmptyExpression>: null

27-11-2024T10:38:34 - [TEST_STEP][PASSED] - poteri = <not implemented yet for class: org.codehaus.groovy.ast.expr.EmptyExpression>: null

27-11-2024T10:38:34 - [TEST_STEP][PASSED] - dataFolder = "Выполнение бизнес-плана/Значения со страницы Выполнение бизнес-плана/": null

27-11-2024T10:38:34 - [TEST_STEP][PASSED] - path = <not implemented yet for class: org.codehaus.groovy.ast.expr.EmptyExpression>: null

27-11-2024T10:38:34 - [TEST_STEP][PASSED] - typeOfDataMain = <not implemented yet for class: org.codehaus.groovy.ast.expr.EmptyExpression>: null

27-11-2024T10:38:34 - [TEST_STEP][PASSED] - fileOtpuskVSet = <not implemented yet for class: org.codehaus.groovy.ast.expr.EmptyExpression>: null

27-11-2024T10:38:34 - [TEST_STEP][PASSED] - pageOtpuskVSet = <not implemented yet for class: org.codehaus.groovy.ast.expr.EmptyExpression>: null

27-11-2024T10:38:34 - [TEST_STEP][PASSED] - filePoteri = <not implemented yet for class: org.codehaus.groovy.ast.expr.EmptyExpression>: null

27-11-2024T10:38:34 - [TEST_STEP][PASSED] - pagePoteri = <not implemented yet for class: org.codehaus.groovy.ast.expr.EmptyExpression>: null

27-11-2024T10:38:34 - [TEST_STEP][PASSED] - compare = <not implemented yet for class: org.codehaus.groovy.ast.expr.EmptyExpression>: null

27-11-2024T10:38:34 - [TEST_STEP][PASSED] - b = <not implemented yet for class: org.codehaus.groovy.ast.expr.EmptyExpression>: null

27-11-2024T10:38:34 - [TEST_STEP][PASSED] - i = <not implemented yet for class: org.codehaus.groovy.ast.expr.EmptyExpression>: null

27-11-2024T10:38:34 - [TEST_STEP][PASSED] - ii = <not implemented yet for class: org.codehaus.groovy.ast.expr.EmptyExpression>: null

27-11-2024T10:38:34 - [TEST_STEP][PASSED] - c = <not implemented yet for class: org.codehaus.groovy.ast.expr.EmptyExpression>: null

27-11-2024T10:38:34 - [TEST_STEP][PASSED] - numberOfErrors = 0: null

27-11-2024T10:38:34 - [TEST_STEP][PASSED] - if (a == 82): null

27-11-2024T10:38:34 - [TEST_STEP][PASSED] - b = findTestData("PlanFact").getValue(1, a): null

27-11-2024T10:38:34 - [TEST_STEP][PASSED] - i = b.indexOf(" (ГК)"): null

27-11-2024T10:38:34 - [TEST_STEP][PASSED] - if (i > -1): null

27-11-2024T10:38:34 - [TEST_STEP][PASSED] - i = b.indexOf("О ""): null

27-11-2024T10:38:34 - [TEST_STEP][PASSED] - if (i > -1): null

27-11-2024T10:38:34 - [TEST_STEP][PASSED] - i = b.indexOf("О «"): null

27-11-2024T10:38:34 - [TEST_STEP][PASSED] - if (i > -1): null

27-11-2024T10:38:34 - [TEST_STEP][PASSED] - b = b.substring(i + 3, b.length()): null

27-11-2024T10:38:34 - [TEST_STEP][PASSED] - i = b.indexOf("»"): null

27-11-2024T10:38:34 - [TEST_STEP][PASSED] - b = b.substring(0, i): null

27-11-2024T10:38:34 - [TEST_STEP][PASSED] - b = b.trim(): null

27-11-2024T10:38:34 - [TEST_STEP][PASSED] - i = b.indexOf("г. "): null

27-11-2024T10:38:34 - [TEST_STEP][PASSED] - if (i > -1): null

27-11-2024T10:38:34 - [TEST_STEP][PASSED] - println(b): null

27-11-2024T10:38:34 - [TEST_STEP][PASSED] - for ([planFact = 1, planFact < 3, (planFact++)]): Object: 'Object Repository/Выполнение бизнес-плана/Кнопка Факт' is clicked on

27-11-2024T10:38:34 - [TEST_STEP][PASSED] - if (planFact == 1): null

27-11-2024T10:38:34 - [TEST_STEP][PASSED] - typeOfDataMain = "Факт": null

27-11-2024T10:38:34 - [TEST_STEP][PASSED] - otpusk = findTestData("PlanFact").getValue(5, a): null

27-11-2024T10:38:34 - [TEST_STEP][PASSED] - poteri = findTestData("PlanFact").getValue(6, a): null

27-11-2024T10:38:34 - [TEST_STEP][PASSED] - otpusk = otpusk.replaceAll("\s+", ""): null

27-11-2024T10:38:34 - [TEST_STEP][PASSED] - poteri = poteri.replaceAll("\s+", ""): null

27-11-2024T10:38:34 - [TEST_STEP][PASSED] - typeOfData = typeOfDataMain + " Отпуск в сеть": null

27-11-2024T10:38:34 - [TEST_STEP][PASSED] - if (a == 82): null

27-11-2024T10:38:34 - [TEST_STEP][PASSED] - else if (a == 84): null

27-11-2024T10:38:34 - [TEST_STEP][PASSED] - else if (a == 52 || a == 72 || a == 28 || a == 73 || a == 77 || a == 74 || a == 65 || a == 36 || a == 44 || a == 53 || a == 80 || a == 54 || a == 1 || a == 18 || a == 59 || a == 81): null

27-11-2024T10:38:34 - [TEST_STEP][PASSED] - else: null

27-11-2024T10:38:34 - [TEST_STEP][PASSED] - path = dataFolder + typeOfData + " за отчётный период " + b: null

27-11-2024T10:38:34 - [TEST_STEP][PASSED] - println(path): null

27-11-2024T10:38:34 - [TEST_STEP][PASSED] - page = getText(findTestObject(path)): Text of object 'Object Repository/Выполнение бизнес-плана/Значения со страницы Выполнение бизнес-плана/Факт Отпуск в сеть за отчётный период Воронежская горэлектросеть' is: '1 478 675'

27-11-2024T10:38:34 - [MESSAGE][PASSED] - Text of object 'Object Repository/Выполнение бизнес-плана/Значения со страницы Выполнение бизнес-плана/Факт Отпуск в сеть за отчётный период Воронежская горэлектросеть' is: '1 478 675'

27-11-2024T10:38:34 - [TEST_STEP][PASSED] - page = page.replaceAll("\s+", ""): null

27-11-2024T10:38:34 - [TEST_STEP][PASSED] - fileOtpuskVSet = otpusk.toInteger(): null

27-11-2024T10:38:34 - [TEST_STEP][PASSED] - pageOtpuskVSet = page.toInteger(): null

27-11-2024T10:38:34 - [TEST_STEP][PASSED] - typeOfData = typeOfDataMain + " Потери": null

27-11-2024T10:38:34 - [TEST_STEP][PASSED] - if (a == 82): null

27-11-2024T10:38:34 - [TEST_STEP][PASSED] - else if (a == 84): null

27-11-2024T10:38:34 - [TEST_STEP][PASSED] - else if (a == 52 || a == 72 || a == 28 || a == 73 || a == 77 || a == 74 || a == 65 || a == 36 || a == 44 || a == 53 || a == 80 || a == 54 || a == 1 || a == 18 || a == 59 || a == 81): null

27-11-2024T10:38:34 - [TEST_STEP][PASSED] - else: null

27-11-2024T10:38:34 - [TEST_STEP][PASSED] - path = dataFolder + typeOfData + " за отчётный период " + b: null

27-11-2024T10:38:34 - [TEST_STEP][PASSED] - page = getText(findTestObject(path)): Text of object 'Object Repository/Выполнение бизнес-плана/Значения со страницы Выполнение бизнес-плана/Факт Потери за отчётный период Воронежская горэлектросеть' is: '179 644'

27-11-2024T10:38:35 - [MESSAGE][PASSED] - Text of object 'Object Repository/Выполнение бизнес-плана/Значения со страницы Выполнение бизнес-плана/Факт Потери за отчётный период Воронежская горэлектросеть' is: '179 644'

27-11-2024T10:38:35 - [TEST_STEP][PASSED] - page = page.replaceAll("\s+", ""): null

27-11-2024T10:38:35 - [TEST_STEP][PASSED] - filePoteri = poteri.toInteger(): null

27-11-2024T10:38:35 - [TEST_STEP][PASSED] - pagePoteri = page.toInteger(): null

27-11-2024T10:38:35 - [TEST_STEP][PASSED] - compare = pageOtpuskVSet: null

27-11-2024T10:38:35 - [TEST_STEP][PASSED] - if (compare == fileOtpuskVSet): null

27-11-2024T10:38:35 - [TEST_STEP][PASSED] - if (compare == fileOtpuskVSet): null

27-11-2024T10:38:35 - [TEST_STEP][PASSED] - compare = pagePoteri: null

27-11-2024T10:38:35 - [TEST_STEP][PASSED] - if (compare == filePoteri): null

27-11-2024T10:38:35 - [TEST_STEP][PASSED] - if (compare == filePoteri): null

27-11-2024T10:38:35 - [TEST_STEP][PASSED] - if (planFact == 2): null

27-11-2024T10:38:35 - [TEST_STEP][PASSED] - if (planFact == 1): null

27-11-2024T10:38:35 - [TEST_STEP][PASSED] - else if (planFact == 2): null

27-11-2024T10:38:35 - [TEST_STEP][PASSED] - click(findTestObject("Выполнение бизнес-плана/Кнопка План")): Object: 'Object Repository/Выполнение бизнес-плана/Кнопка План' is clicked on

27-11-2024T10:38:35 - [MESSAGE][PASSED] - Object: 'Object Repository/Выполнение бизнес-плана/Кнопка План' is clicked on

27-11-2024T10:38:35 - [TEST_STEP][PASSED] - typeOfDataMain = "План": null

27-11-2024T10:38:35 - [TEST_STEP][PASSED] - otpusk = findTestData("PlanFact").getValue(2, a): null

27-11-2024T10:38:35 - [TEST_STEP][PASSED] - poteri = findTestData("PlanFact").getValue(3, a): null

27-11-2024T10:38:35 - [TEST_STEP][PASSED] - otpusk = otpusk.replaceAll("\s+", ""): null

27-11-2024T10:38:35 - [TEST_STEP][PASSED] - poteri = poteri.replaceAll("\s+", ""): null

27-11-2024T10:38:35 - [TEST_STEP][PASSED] - typeOfData = typeOfDataMain + " Отпуск в сеть": null

27-11-2024T10:38:35 - [TEST_STEP][PASSED] - if (a == 82): null

27-11-2024T10:38:35 - [TEST_STEP][PASSED] - else if (a == 84): null

27-11-2024T10:38:35 - [TEST_STEP][PASSED] - else if (a == 52 || a == 72 || a == 28 || a == 73 || a == 77 || a == 74 || a == 65 || a == 36 || a == 44 || a == 53 || a == 80 || a == 54 || a == 1 || a == 18 || a == 59 || a == 81): null

27-11-2024T10:38:35 - [TEST_STEP][PASSED] - else: null

27-11-2024T10:38:35 - [TEST_STEP][PASSED] - path = dataFolder + typeOfData + " за отчётный период " + b: null

27-11-2024T10:38:35 - [TEST_STEP][PASSED] - println(path): null

27-11-2024T10:38:35 - [TEST_STEP][PASSED] - page = getText(findTestObject(path)): Text of object 'Object Repository/Выполнение бизнес-плана/Значения со страницы Выполнение бизнес-плана/План Отпуск в сеть за отчётный период Воронежская горэлектросеть' is: '1 417 252'

27-11-2024T10:38:35 - [MESSAGE][PASSED] - Text of object 'Object Repository/Выполнение бизнес-плана/Значения со страницы Выполнение бизнес-плана/План Отпуск в сеть за отчётный период Воронежская горэлектросеть' is: '1 417 252'

27-11-2024T10:38:35 - [TEST_STEP][PASSED] - page = page.replaceAll("\s+", ""): null

27-11-2024T10:38:35 - [TEST_STEP][PASSED] - fileOtpuskVSet = otpusk.toInteger(): null

27-11-2024T10:38:35 - [TEST_STEP][PASSED] - pageOtpuskVSet = page.toInteger(): null

27-11-2024T10:38:35 - [TEST_STEP][PASSED] - typeOfData = typeOfDataMain + " Потери": null

27-11-2024T10:38:35 - [TEST_STEP][PASSED] - if (a == 82): null

27-11-2024T10:38:35 - [TEST_STEP][PASSED] - else if (a == 84): null

27-11-2024T10:38:35 - [TEST_STEP][PASSED] - else if (a == 52 || a == 72 || a == 28 || a == 73 || a == 77 || a == 74 || a == 65 || a == 36 || a == 44 || a == 53 || a == 80 || a == 54 || a == 1 || a == 18 || a == 59 || a == 81): null

27-11-2024T10:38:35 - [TEST_STEP][PASSED] - else: null

27-11-2024T10:38:35 - [TEST_STEP][PASSED] - path = dataFolder + typeOfData + " за отчётный период " + b: null

27-11-2024T10:38:35 - [TEST_STEP][PASSED] - page = getText(findTestObject(path)): Text of object 'Object Repository/Выполнение бизнес-плана/Значения со страницы Выполнение бизнес-плана/План Потери за отчётный период Воронежская горэлектросеть' is: '178 746'

27-11-2024T10:38:36 - [MESSAGE][PASSED] - Text of object 'Object Repository/Выполнение бизнес-плана/Значения со страницы Выполнение бизнес-плана/План Потери за отчётный период Воронежская горэлектросеть' is: '178 746'

27-11-2024T10:38:36 - [TEST_STEP][PASSED] - page = page.replaceAll("\s+", ""): null

27-11-2024T10:38:36 - [TEST_STEP][PASSED] - filePoteri = poteri.toInteger(): null

27-11-2024T10:38:36 - [TEST_STEP][PASSED] - pagePoteri = page.toInteger(): null

27-11-2024T10:38:36 - [TEST_STEP][PASSED] - compare = pageOtpuskVSet: null

27-11-2024T10:38:36 - [TEST_STEP][PASSED] - if (compare == fileOtpuskVSet): null

27-11-2024T10:38:36 - [TEST_STEP][PASSED] - if (compare == fileOtpuskVSet): null

27-11-2024T10:38:36 - [TEST_STEP][PASSED] - compare = pagePoteri: null

27-11-2024T10:38:36 - [TEST_STEP][PASSED] - if (compare == filePoteri): null

27-11-2024T10:38:36 - [TEST_STEP][PASSED] - if (compare == filePoteri): null

27-11-2024T10:38:36 - [TEST_STEP][PASSED] - if (planFact == 2): Object: 'Object Repository/Выполнение бизнес-плана/Кнопка Факт' is clicked on

27-11-2024T10:38:36 - [TEST_STEP][PASSED] - click(findTestObject("Выполнение бизнес-плана/Кнопка Факт")): Object: 'Object Repository/Выполнение бизнес-плана/Кнопка Факт' is clicked on

27-11-2024T10:38:36 - [MESSAGE][PASSED] - Object: 'Object Repository/Выполнение бизнес-плана/Кнопка Факт' is clicked on

27-11-2024T10:38:36 - [TEST_STEP][PASSED] - if (a == 84 || a == 82): null

27-11-2024T10:38:36 - [TEST_STEP][PASSED] - else if (a == 52 || a == 72 || a == 28 || a == 73 || a == 77 || a == 74 || a == 65 || a == 36 || a == 44 || a == 53 || a == 80 || a == 54 || a == 1 || a == 18 || a == 59 || a == 81): null

27-11-2024T10:38:36 - [TEST_STEP][PASSED] - else: null

27-11-2024T10:38:36 - [TEST_STEP][PASSED] - page1 = getText(findTestObject("Object Repository/Выполнение бизнес-плана/spanPlan" + filialNum)): Text of object 'Object Repository/Выполнение бизнес-плана/spanPlan1' is: '12.61
|'

27-11-2024T10:38:36 - [MESSAGE][PASSED] - Text of object 'Object Repository/Выполнение бизнес-плана/spanPlan1' is: '12.61
|'

27-11-2024T10:38:36 - [TEST_STEP][PASSED] - page1 = page1.replace("|", ""): null

27-11-2024T10:38:36 - [TEST_STEP][PASSED] - page2 = getText(findTestObject("Object Repository/Выполнение бизнес-плана/spanFact" + filialNum)): Text of object 'Object Repository/Выполнение бизнес-плана/spanFact1' is: '12.15
|'

27-11-2024T10:38:37 - [MESSAGE][PASSED] - Text of object 'Object Repository/Выполнение бизнес-плана/spanFact1' is: '12.15
|'

27-11-2024T10:38:37 - [TEST_STEP][PASSED] - page2 = page2.replace("|", ""): null

27-11-2024T10:38:37 - [TEST_STEP][PASSED] - println("page1: " + page1): null

27-11-2024T10:38:37 - [TEST_STEP][PASSED] - println("page2: " + page2): null

27-11-2024T10:38:37 - [TEST_STEP][PASSED] - file = findTestData("PlanFact").getValue(4, a): null

27-11-2024T10:38:37 - [TEST_STEP][PASSED] - file = file.replace(",", "."): null

27-11-2024T10:38:37 - [TEST_STEP][PASSED] - println("file Plan: " + file): null

27-11-2024T10:38:37 - [TEST_STEP][PASSED] - typeOfData = "План в процентах": null

27-11-2024T10:38:37 - [TEST_STEP][PASSED] - fileDouble = file.toDouble(): null

27-11-2024T10:38:37 - [TEST_STEP][PASSED] - pageDouble = page1.toDouble(): null

27-11-2024T10:38:37 - [TEST_STEP][PASSED] - if (fileDouble != pageDouble): null

27-11-2024T10:38:37 - [TEST_STEP][PASSED] - file = findTestData("PlanFact").getValue(7, a): null

27-11-2024T10:38:37 - [TEST_STEP][PASSED] - file = file.replace(",", "."): null

27-11-2024T10:38:37 - [TEST_STEP][PASSED] - println("file Fact: " + file): null

27-11-2024T10:38:37 - [TEST_STEP][PASSED] - fileDouble = file.toDouble(): null

27-11-2024T10:38:37 - [TEST_STEP][PASSED] - typeOfData = "Факт в процентах": null

27-11-2024T10:38:37 - [TEST_STEP][PASSED] - fileDouble = file.toDouble(): null

27-11-2024T10:38:37 - [TEST_STEP][PASSED] - pageDouble = page2.toDouble(): null

27-11-2024T10:38:37 - [TEST_STEP][PASSED] - if (fileDouble != pageDouble): null

27-11-2024T10:38:37 - [TEST_STEP][PASSED] - if (verifyEqual(numberOfErrors, 0) == false): Actual object '0' and expected object '0' are equal

27-11-2024T10:38:37 - [MESSAGE][PASSED] - Actual object '0' and expected object '0' are equal

27-11-2024T10:38:37 - [TEST_STEP][PASSED] - if (a == 82): null

27-11-2024T10:38:37 - [TEST_STEP][PASSED] - dZO = "АО «Тульские городские электрические сети»": null

27-11-2024T10:38:37 - [TEST_STEP][PASSED] - a = 16: null

27-11-2024T10:38:37 - [TEST_STEP][PASSED] - i = dZO.length() - 1: null

27-11-2024T10:38:37 - [TEST_STEP][PASSED] - dzoCut = substring(4, i).replaceAll("\s+", ""): null

27-11-2024T10:38:37 - [TEST_STEP][PASSED] - if (x2.contains(dzoCut)): null

27-11-2024T10:38:37 - [TEST_STEP][PASSED] - filialNum = filialNum + 1: null

27-11-2024T10:38:37 - [TEST_STEP][PASSED] - Script1718980020443.Numbers(a, typeOfData, todaysDate, pageInt, fileInt, pageDouble, fileDouble, dZO, dzoNum, filialNum): null

27-11-2024T10:38:37 - [TEST_STEP][PASSED] - println(dzoNum): null

27-11-2024T10:38:37 - [TEST_STEP][PASSED] - planFact = <not implemented yet for class: org.codehaus.groovy.ast.expr.EmptyExpression>: null

27-11-2024T10:38:37 - [TEST_STEP][PASSED] - page = <not implemented yet for class: org.codehaus.groovy.ast.expr.EmptyExpression>: null

27-11-2024T10:38:37 - [TEST_STEP][PASSED] - page1 = <not implemented yet for class: org.codehaus.groovy.ast.expr.EmptyExpression>: null

27-11-2024T10:38:37 - [TEST_STEP][PASSED] - page2 = <not implemented yet for class: org.codehaus.groovy.ast.expr.EmptyExpression>: null

27-11-2024T10:38:37 - [TEST_STEP][PASSED] - filialNumberInRow = <not implemented yet for class: org.codehaus.groovy.ast.expr.EmptyExpression>: null

27-11-2024T10:38:37 - [TEST_STEP][PASSED] - filialsDzoNames = <not implemented yet for class: org.codehaus.groovy.ast.expr.EmptyExpression>: null

27-11-2024T10:38:37 - [TEST_STEP][PASSED] - numberOfFilials = <not implemented yet for class: org.codehaus.groovy.ast.expr.EmptyExpression>: null

27-11-2024T10:38:37 - [TEST_STEP][PASSED] - numberOfSpaces = <not implemented yet for class: org.codehaus.groovy.ast.expr.EmptyExpression>: null

27-11-2024T10:38:37 - [TEST_STEP][PASSED] - file = <not implemented yet for class: org.codehaus.groovy.ast.expr.EmptyExpression>: null

27-11-2024T10:38:37 - [TEST_STEP][PASSED] - otpusk = <not implemented yet for class: org.codehaus.groovy.ast.expr.EmptyExpression>: null

27-11-2024T10:38:37 - [TEST_STEP][PASSED] - poteri = <not implemented yet for class: org.codehaus.groovy.ast.expr.EmptyExpression>: null

27-11-2024T10:38:37 - [TEST_STEP][PASSED] - dataFolder = "Выполнение бизнес-плана/Значения со страницы Выполнение бизнес-плана/": null

27-11-2024T10:38:37 - [TEST_STEP][PASSED] - path = <not implemented yet for class: org.codehaus.groovy.ast.expr.EmptyExpression>: null

27-11-2024T10:38:37 - [TEST_STEP][PASSED] - typeOfDataMain = <not implemented yet for class: org.codehaus.groovy.ast.expr.EmptyExpression>: null

27-11-2024T10:38:37 - [TEST_STEP][PASSED] - fileOtpuskVSet = <not implemented yet for class: org.codehaus.groovy.ast.expr.EmptyExpression>: null

27-11-2024T10:38:37 - [TEST_STEP][PASSED] - pageOtpuskVSet = <not implemented yet for class: org.codehaus.groovy.ast.expr.EmptyExpression>: null

27-11-2024T10:38:37 - [TEST_STEP][PASSED] - filePoteri = <not implemented yet for class: org.codehaus.groovy.ast.expr.EmptyExpression>: null

27-11-2024T10:38:37 - [TEST_STEP][PASSED] - pagePoteri = <not implemented yet for class: org.codehaus.groovy.ast.expr.EmptyExpression>: null

27-11-2024T10:38:37 - [TEST_STEP][PASSED] - compare = <not implemented yet for class: org.codehaus.groovy.ast.expr.EmptyExpression>: null

27-11-2024T10:38:37 - [TEST_STEP][PASSED] - b = <not implemented yet for class: org.codehaus.groovy.ast.expr.EmptyExpression>: null

27-11-2024T10:38:37 - [TEST_STEP][PASSED] - i = <not implemented yet for class: org.codehaus.groovy.ast.expr.EmptyExpression>: null

27-11-2024T10:38:37 - [TEST_STEP][PASSED] - ii = <not implemented yet for class: org.codehaus.groovy.ast.expr.EmptyExpression>: null

27-11-2024T10:38:37 - [TEST_STEP][PASSED] - c = <not implemented yet for class: org.codehaus.groovy.ast.expr.EmptyExpression>: null

27-11-2024T10:38:37 - [TEST_STEP][PASSED] - numberOfErrors = 0: null

27-11-2024T10:38:37 - [TEST_STEP][PASSED] - if (a == 82): null

27-11-2024T10:38:37 - [TEST_STEP][PASSED] - b = findTestData("PlanFact").getValue(1, a): null

27-11-2024T10:38:37 - [TEST_STEP][PASSED] - i = b.indexOf(" (ГК)"): null

27-11-2024T10:38:37 - [TEST_STEP][PASSED] - if (i > -1): null

27-11-2024T10:38:37 - [TEST_STEP][PASSED] - i = b.indexOf("О ""): null

27-11-2024T10:38:37 - [TEST_STEP][PASSED] - if (i > -1): null

27-11-2024T10:38:37 - [TEST_STEP][PASSED] - i = b.indexOf("О «"): null

27-11-2024T10:38:37 - [TEST_STEP][PASSED] - if (i > -1): null

27-11-2024T10:38:37 - [TEST_STEP][PASSED] - b = b.substring(i + 3, b.length()): null

27-11-2024T10:38:37 - [TEST_STEP][PASSED] - i = b.indexOf("»"): null

27-11-2024T10:38:37 - [TEST_STEP][PASSED] - b = b.substring(0, i): null

27-11-2024T10:38:37 - [TEST_STEP][PASSED] - b = b.trim(): null

27-11-2024T10:38:37 - [TEST_STEP][PASSED] - i = b.indexOf("г. "): null

27-11-2024T10:38:37 - [TEST_STEP][PASSED] - if (i > -1): null

27-11-2024T10:38:37 - [TEST_STEP][PASSED] - println(b): null

27-11-2024T10:38:37 - [TEST_STEP][PASSED] - for ([planFact = 1, planFact < 3, (planFact++)]): Object: 'Object Repository/Выполнение бизнес-плана/Кнопка Факт' is clicked on

27-11-2024T10:38:37 - [TEST_STEP][PASSED] - if (planFact == 1): null

27-11-2024T10:38:37 - [TEST_STEP][PASSED] - typeOfDataMain = "Факт": null

27-11-2024T10:38:37 - [TEST_STEP][PASSED] - otpusk = findTestData("PlanFact").getValue(5, a): null

27-11-2024T10:38:37 - [TEST_STEP][PASSED] - poteri = findTestData("PlanFact").getValue(6, a): null

27-11-2024T10:38:37 - [TEST_STEP][PASSED] - otpusk = otpusk.replaceAll("\s+", ""): null

27-11-2024T10:38:37 - [TEST_STEP][PASSED] - poteri = poteri.replaceAll("\s+", ""): null

27-11-2024T10:38:37 - [TEST_STEP][PASSED] - typeOfData = typeOfDataMain + " Отпуск в сеть": null

27-11-2024T10:38:37 - [TEST_STEP][PASSED] - if (a == 82): null

27-11-2024T10:38:37 - [TEST_STEP][PASSED] - else if (a == 84): null

27-11-2024T10:38:37 - [TEST_STEP][PASSED] - else if (a == 52 || a == 72 || a == 28 || a == 73 || a == 77 || a == 74 || a == 65 || a == 36 || a == 44 || a == 53 || a == 80 || a == 54 || a == 1 || a == 18 || a == 59 || a == 81): null

27-11-2024T10:38:37 - [TEST_STEP][PASSED] - else: null

27-11-2024T10:38:37 - [TEST_STEP][PASSED] - path = dataFolder + typeOfData + " за отчётный период " + b: null

27-11-2024T10:38:37 - [TEST_STEP][PASSED] - println(path): null

27-11-2024T10:38:37 - [TEST_STEP][PASSED] - page = getText(findTestObject(path)): Text of object 'Object Repository/Выполнение бизнес-плана/Значения со страницы Выполнение бизнес-плана/Факт Отпуск в сеть за отчётный период Тульские городские электрические сети' is: '863 423'

27-11-2024T10:38:37 - [MESSAGE][PASSED] - Text of object 'Object Repository/Выполнение бизнес-плана/Значения со страницы Выполнение бизнес-плана/Факт Отпуск в сеть за отчётный период Тульские городские электрические сети' is: '863 423'

27-11-2024T10:38:37 - [TEST_STEP][PASSED] - page = page.replaceAll("\s+", ""): null

27-11-2024T10:38:37 - [TEST_STEP][PASSED] - fileOtpuskVSet = otpusk.toInteger(): null

27-11-2024T10:38:37 - [TEST_STEP][PASSED] - pageOtpuskVSet = page.toInteger(): null

27-11-2024T10:38:37 - [TEST_STEP][PASSED] - typeOfData = typeOfDataMain + " Потери": null

27-11-2024T10:38:37 - [TEST_STEP][PASSED] - if (a == 82): null

27-11-2024T10:38:37 - [TEST_STEP][PASSED] - else if (a == 84): null

27-11-2024T10:38:37 - [TEST_STEP][PASSED] - else if (a == 52 || a == 72 || a == 28 || a == 73 || a == 77 || a == 74 || a == 65 || a == 36 || a == 44 || a == 53 || a == 80 || a == 54 || a == 1 || a == 18 || a == 59 || a == 81): null

27-11-2024T10:38:37 - [TEST_STEP][PASSED] - else: null

27-11-2024T10:38:37 - [TEST_STEP][PASSED] - path = dataFolder + typeOfData + " за отчётный период " + b: null

27-11-2024T10:38:37 - [TEST_STEP][PASSED] - page = getText(findTestObject(path)): Text of object 'Object Repository/Выполнение бизнес-плана/Значения со страницы Выполнение бизнес-плана/Факт Потери за отчётный период Тульские городские электрические сети' is: '85 098'

27-11-2024T10:38:38 - [MESSAGE][PASSED] - Text of object 'Object Repository/Выполнение бизнес-плана/Значения со страницы Выполнение бизнес-плана/Факт Потери за отчётный период Тульские городские электрические сети' is: '85 098'

27-11-2024T10:38:38 - [TEST_STEP][PASSED] - page = page.replaceAll("\s+", ""): null

27-11-2024T10:38:38 - [TEST_STEP][PASSED] - filePoteri = poteri.toInteger(): null

27-11-2024T10:38:38 - [TEST_STEP][PASSED] - pagePoteri = page.toInteger(): null

27-11-2024T10:38:38 - [TEST_STEP][PASSED] - compare = pageOtpuskVSet: null

27-11-2024T10:38:38 - [TEST_STEP][PASSED] - if (compare == fileOtpuskVSet): null

27-11-2024T10:38:38 - [TEST_STEP][PASSED] - if (compare == fileOtpuskVSet): null

27-11-2024T10:38:38 - [TEST_STEP][PASSED] - compare = pagePoteri: null

27-11-2024T10:38:38 - [TEST_STEP][PASSED] - if (compare == filePoteri): null

27-11-2024T10:38:38 - [TEST_STEP][PASSED] - if (compare == filePoteri): null

27-11-2024T10:38:38 - [TEST_STEP][PASSED] - if (planFact == 2): null

27-11-2024T10:38:38 - [TEST_STEP][PASSED] - if (planFact == 1): null

27-11-2024T10:38:38 - [TEST_STEP][PASSED] - else if (planFact == 2): null

27-11-2024T10:38:38 - [TEST_STEP][PASSED] - click(findTestObject("Выполнение бизнес-плана/Кнопка План")): Object: 'Object Repository/Выполнение бизнес-плана/Кнопка План' is clicked on

27-11-2024T10:38:38 - [MESSAGE][PASSED] - Object: 'Object Repository/Выполнение бизнес-плана/Кнопка План' is clicked on

27-11-2024T10:38:38 - [TEST_STEP][PASSED] - typeOfDataMain = "План": null

27-11-2024T10:38:38 - [TEST_STEP][PASSED] - otpusk = findTestData("PlanFact").getValue(2, a): null

27-11-2024T10:38:38 - [TEST_STEP][PASSED] - poteri = findTestData("PlanFact").getValue(3, a): null

27-11-2024T10:38:38 - [TEST_STEP][PASSED] - otpusk = otpusk.replaceAll("\s+", ""): null

27-11-2024T10:38:38 - [TEST_STEP][PASSED] - poteri = poteri.replaceAll("\s+", ""): null

27-11-2024T10:38:38 - [TEST_STEP][PASSED] - typeOfData = typeOfDataMain + " Отпуск в сеть": null

27-11-2024T10:38:38 - [TEST_STEP][PASSED] - if (a == 82): null

27-11-2024T10:38:38 - [TEST_STEP][PASSED] - else if (a == 84): null

27-11-2024T10:38:38 - [TEST_STEP][PASSED] - else if (a == 52 || a == 72 || a == 28 || a == 73 || a == 77 || a == 74 || a == 65 || a == 36 || a == 44 || a == 53 || a == 80 || a == 54 || a == 1 || a == 18 || a == 59 || a == 81): null

27-11-2024T10:38:38 - [TEST_STEP][PASSED] - else: null

27-11-2024T10:38:38 - [TEST_STEP][PASSED] - path = dataFolder + typeOfData + " за отчётный период " + b: null

27-11-2024T10:38:38 - [TEST_STEP][PASSED] - println(path): null

27-11-2024T10:38:38 - [TEST_STEP][PASSED] - page = getText(findTestObject(path)): Text of object 'Object Repository/Выполнение бизнес-плана/Значения со страницы Выполнение бизнес-плана/План Отпуск в сеть за отчётный период Тульские городские электрические сети' is: '842 341'

27-11-2024T10:38:38 - [MESSAGE][PASSED] - Text of object 'Object Repository/Выполнение бизнес-плана/Значения со страницы Выполнение бизнес-плана/План Отпуск в сеть за отчётный период Тульские городские электрические сети' is: '842 341'

27-11-2024T10:38:38 - [TEST_STEP][PASSED] - page = page.replaceAll("\s+", ""): null

27-11-2024T10:38:38 - [TEST_STEP][PASSED] - fileOtpuskVSet = otpusk.toInteger(): null

27-11-2024T10:38:38 - [TEST_STEP][PASSED] - pageOtpuskVSet = page.toInteger(): null

27-11-2024T10:38:38 - [TEST_STEP][PASSED] - typeOfData = typeOfDataMain + " Потери": null

27-11-2024T10:38:38 - [TEST_STEP][PASSED] - if (a == 82): null

27-11-2024T10:38:38 - [TEST_STEP][PASSED] - else if (a == 84): null

27-11-2024T10:38:38 - [TEST_STEP][PASSED] - else if (a == 52 || a == 72 || a == 28 || a == 73 || a == 77 || a == 74 || a == 65 || a == 36 || a == 44 || a == 53 || a == 80 || a == 54 || a == 1 || a == 18 || a == 59 || a == 81): null

27-11-2024T10:38:38 - [TEST_STEP][PASSED] - else: null

27-11-2024T10:38:38 - [TEST_STEP][PASSED] - path = dataFolder + typeOfData + " за отчётный период " + b: null

27-11-2024T10:38:38 - [TEST_STEP][PASSED] - page = getText(findTestObject(path)): Text of object 'Object Repository/Выполнение бизнес-плана/Значения со страницы Выполнение бизнес-плана/План Потери за отчётный период Тульские городские электрические сети' is: '85 646'

27-11-2024T10:38:39 - [MESSAGE][PASSED] - Text of object 'Object Repository/Выполнение бизнес-плана/Значения со страницы Выполнение бизнес-плана/План Потери за отчётный период Тульские городские электрические сети' is: '85 646'

27-11-2024T10:38:39 - [TEST_STEP][PASSED] - page = page.replaceAll("\s+", ""): null

27-11-2024T10:38:39 - [TEST_STEP][PASSED] - filePoteri = poteri.toInteger(): null

27-11-2024T10:38:39 - [TEST_STEP][PASSED] - pagePoteri = page.toInteger(): null

27-11-2024T10:38:39 - [TEST_STEP][PASSED] - compare = pageOtpuskVSet: null

27-11-2024T10:38:39 - [TEST_STEP][PASSED] - if (compare == fileOtpuskVSet): null

27-11-2024T10:38:39 - [TEST_STEP][PASSED] - if (compare == fileOtpuskVSet): null

27-11-2024T10:38:39 - [TEST_STEP][PASSED] - compare = pagePoteri: null

27-11-2024T10:38:39 - [TEST_STEP][PASSED] - if (compare == filePoteri): null

27-11-2024T10:38:39 - [TEST_STEP][PASSED] - if (compare == filePoteri): null

27-11-2024T10:38:39 - [TEST_STEP][PASSED] - if (planFact == 2): Object: 'Object Repository/Выполнение бизнес-плана/Кнопка Факт' is clicked on

27-11-2024T10:38:39 - [TEST_STEP][PASSED] - click(findTestObject("Выполнение бизнес-плана/Кнопка Факт")): Object: 'Object Repository/Выполнение бизнес-плана/Кнопка Факт' is clicked on

27-11-2024T10:38:39 - [MESSAGE][PASSED] - Object: 'Object Repository/Выполнение бизнес-плана/Кнопка Факт' is clicked on

27-11-2024T10:38:39 - [TEST_STEP][PASSED] - if (a == 84 || a == 82): null

27-11-2024T10:38:39 - [TEST_STEP][PASSED] - else if (a == 52 || a == 72 || a == 28 || a == 73 || a == 77 || a == 74 || a == 65 || a == 36 || a == 44 || a == 53 || a == 80 || a == 54 || a == 1 || a == 18 || a == 59 || a == 81): null

27-11-2024T10:38:39 - [TEST_STEP][PASSED] - else: null

27-11-2024T10:38:39 - [TEST_STEP][PASSED] - page1 = getText(findTestObject("Object Repository/Выполнение бизнес-плана/spanPlan" + filialNum)): Text of object 'Object Repository/Выполнение бизнес-плана/spanPlan2' is: '10.17
|'

27-11-2024T10:38:39 - [MESSAGE][PASSED] - Text of object 'Object Repository/Выполнение бизнес-плана/spanPlan2' is: '10.17
|'

27-11-2024T10:38:39 - [TEST_STEP][PASSED] - page1 = page1.replace("|", ""): null

27-11-2024T10:38:39 - [TEST_STEP][PASSED] - page2 = getText(findTestObject("Object Repository/Выполнение бизнес-плана/spanFact" + filialNum)): Text of object 'Object Repository/Выполнение бизнес-плана/spanFact2' is: '9.86
|'

27-11-2024T10:38:40 - [MESSAGE][PASSED] - Text of object 'Object Repository/Выполнение бизнес-плана/spanFact2' is: '9.86
|'

27-11-2024T10:38:40 - [TEST_STEP][PASSED] - page2 = page2.replace("|", ""): null

27-11-2024T10:38:40 - [TEST_STEP][PASSED] - println("page1: " + page1): null

27-11-2024T10:38:40 - [TEST_STEP][PASSED] - println("page2: " + page2): null

27-11-2024T10:38:40 - [TEST_STEP][PASSED] - file = findTestData("PlanFact").getValue(4, a): null

27-11-2024T10:38:40 - [TEST_STEP][PASSED] - file = file.replace(",", "."): null

27-11-2024T10:38:40 - [TEST_STEP][PASSED] - println("file Plan: " + file): null

27-11-2024T10:38:40 - [TEST_STEP][PASSED] - typeOfData = "План в процентах": null

27-11-2024T10:38:40 - [TEST_STEP][PASSED] - fileDouble = file.toDouble(): null

27-11-2024T10:38:40 - [TEST_STEP][PASSED] - pageDouble = page1.toDouble(): null

27-11-2024T10:38:40 - [TEST_STEP][PASSED] - if (fileDouble != pageDouble): null

27-11-2024T10:38:40 - [TEST_STEP][PASSED] - file = findTestData("PlanFact").getValue(7, a): null

27-11-2024T10:38:40 - [TEST_STEP][PASSED] - file = file.replace(",", "."): null

27-11-2024T10:38:40 - [TEST_STEP][PASSED] - println("file Fact: " + file): null

27-11-2024T10:38:40 - [TEST_STEP][PASSED] - fileDouble = file.toDouble(): null

27-11-2024T10:38:40 - [TEST_STEP][PASSED] - typeOfData = "Факт в процентах": null

27-11-2024T10:38:40 - [TEST_STEP][PASSED] - fileDouble = file.toDouble(): null

27-11-2024T10:38:40 - [TEST_STEP][PASSED] - pageDouble = page2.toDouble(): null

27-11-2024T10:38:40 - [TEST_STEP][PASSED] - if (fileDouble != pageDouble): null

27-11-2024T10:38:40 - [TEST_STEP][PASSED] - if (verifyEqual(numberOfErrors, 0) == false): Actual object '0' and expected object '0' are equal

27-11-2024T10:38:40 - [MESSAGE][PASSED] - Actual object '0' and expected object '0' are equal

27-11-2024T10:38:40 - [TEST_STEP][PASSED] - if (a == 82): null

27-11-2024T10:38:40 - [TEST_STEP][PASSED] - dZO = "АО «Ярославская электросетевая компания»": null

27-11-2024T10:38:40 - [TEST_STEP][PASSED] - a = 17: null

27-11-2024T10:38:40 - [TEST_STEP][PASSED] - i = dZO.length() - 1: null

27-11-2024T10:38:40 - [TEST_STEP][PASSED] - dzoCut = substring(4, i).replaceAll("\s+", ""): null

27-11-2024T10:38:40 - [TEST_STEP][PASSED] - if (x2.contains(dzoCut)): null

27-11-2024T10:38:40 - [TEST_STEP][PASSED] - filialNum = filialNum + 1: null

27-11-2024T10:38:40 - [TEST_STEP][PASSED] - Script1718980020443.Numbers(a, typeOfData, todaysDate, pageInt, fileInt, pageDouble, fileDouble, dZO, dzoNum, filialNum): null

27-11-2024T10:38:40 - [TEST_STEP][PASSED] - println(dzoNum): null

27-11-2024T10:38:40 - [TEST_STEP][PASSED] - planFact = <not implemented yet for class: org.codehaus.groovy.ast.expr.EmptyExpression>: null

27-11-2024T10:38:40 - [TEST_STEP][PASSED] - page = <not implemented yet for class: org.codehaus.groovy.ast.expr.EmptyExpression>: null

27-11-2024T10:38:40 - [TEST_STEP][PASSED] - page1 = <not implemented yet for class: org.codehaus.groovy.ast.expr.EmptyExpression>: null

27-11-2024T10:38:40 - [TEST_STEP][PASSED] - page2 = <not implemented yet for class: org.codehaus.groovy.ast.expr.EmptyExpression>: null

27-11-2024T10:38:40 - [TEST_STEP][PASSED] - filialNumberInRow = <not implemented yet for class: org.codehaus.groovy.ast.expr.EmptyExpression>: null

27-11-2024T10:38:40 - [TEST_STEP][PASSED] - filialsDzoNames = <not implemented yet for class: org.codehaus.groovy.ast.expr.EmptyExpression>: null

27-11-2024T10:38:40 - [TEST_STEP][PASSED] - numberOfFilials = <not implemented yet for class: org.codehaus.groovy.ast.expr.EmptyExpression>: null

27-11-2024T10:38:40 - [TEST_STEP][PASSED] - numberOfSpaces = <not implemented yet for class: org.codehaus.groovy.ast.expr.EmptyExpression>: null

27-11-2024T10:38:40 - [TEST_STEP][PASSED] - file = <not implemented yet for class: org.codehaus.groovy.ast.expr.EmptyExpression>: null

27-11-2024T10:38:40 - [TEST_STEP][PASSED] - otpusk = <not implemented yet for class: org.codehaus.groovy.ast.expr.EmptyExpression>: null

27-11-2024T10:38:40 - [TEST_STEP][PASSED] - poteri = <not implemented yet for class: org.codehaus.groovy.ast.expr.EmptyExpression>: null

27-11-2024T10:38:40 - [TEST_STEP][PASSED] - dataFolder = "Выполнение бизнес-плана/Значения со страницы Выполнение бизнес-плана/": null

27-11-2024T10:38:40 - [TEST_STEP][PASSED] - path = <not implemented yet for class: org.codehaus.groovy.ast.expr.EmptyExpression>: null

27-11-2024T10:38:40 - [TEST_STEP][PASSED] - typeOfDataMain = <not implemented yet for class: org.codehaus.groovy.ast.expr.EmptyExpression>: null

27-11-2024T10:38:40 - [TEST_STEP][PASSED] - fileOtpuskVSet = <not implemented yet for class: org.codehaus.groovy.ast.expr.EmptyExpression>: null

27-11-2024T10:38:40 - [TEST_STEP][PASSED] - pageOtpuskVSet = <not implemented yet for class: org.codehaus.groovy.ast.expr.EmptyExpression>: null

27-11-2024T10:38:40 - [TEST_STEP][PASSED] - filePoteri = <not implemented yet for class: org.codehaus.groovy.ast.expr.EmptyExpression>: null

27-11-2024T10:38:40 - [TEST_STEP][PASSED] - pagePoteri = <not implemented yet for class: org.codehaus.groovy.ast.expr.EmptyExpression>: null

27-11-2024T10:38:40 - [TEST_STEP][PASSED] - compare = <not implemented yet for class: org.codehaus.groovy.ast.expr.EmptyExpression>: null

27-11-2024T10:38:40 - [TEST_STEP][PASSED] - b = <not implemented yet for class: org.codehaus.groovy.ast.expr.EmptyExpression>: null

27-11-2024T10:38:40 - [TEST_STEP][PASSED] - i = <not implemented yet for class: org.codehaus.groovy.ast.expr.EmptyExpression>: null

27-11-2024T10:38:40 - [TEST_STEP][PASSED] - ii = <not implemented yet for class: org.codehaus.groovy.ast.expr.EmptyExpression>: null

27-11-2024T10:38:40 - [TEST_STEP][PASSED] - c = <not implemented yet for class: org.codehaus.groovy.ast.expr.EmptyExpression>: null

27-11-2024T10:38:40 - [TEST_STEP][PASSED] - numberOfErrors = 0: null

27-11-2024T10:38:40 - [TEST_STEP][PASSED] - if (a == 82): null

27-11-2024T10:38:40 - [TEST_STEP][PASSED] - b = findTestData("PlanFact").getValue(1, a): null

27-11-2024T10:38:40 - [TEST_STEP][PASSED] - i = b.indexOf(" (ГК)"): null

27-11-2024T10:38:40 - [TEST_STEP][PASSED] - if (i > -1): null

27-11-2024T10:38:40 - [TEST_STEP][PASSED] - i = b.indexOf("О ""): null

27-11-2024T10:38:40 - [TEST_STEP][PASSED] - if (i > -1): null

27-11-2024T10:38:40 - [TEST_STEP][PASSED] - i = b.indexOf("О «"): null

27-11-2024T10:38:40 - [TEST_STEP][PASSED] - if (i > -1): null

27-11-2024T10:38:40 - [TEST_STEP][PASSED] - b = b.substring(i + 3, b.length()): null

27-11-2024T10:38:40 - [TEST_STEP][PASSED] - i = b.indexOf("»"): null

27-11-2024T10:38:40 - [TEST_STEP][PASSED] - b = b.substring(0, i): null

27-11-2024T10:38:40 - [TEST_STEP][PASSED] - b = b.trim(): null

27-11-2024T10:38:40 - [TEST_STEP][PASSED] - i = b.indexOf("г. "): null

27-11-2024T10:38:40 - [TEST_STEP][PASSED] - if (i > -1): null

27-11-2024T10:38:40 - [TEST_STEP][PASSED] - println(b): null

27-11-2024T10:38:40 - [TEST_STEP][PASSED] - for ([planFact = 1, planFact < 3, (planFact++)]): Object: 'Object Repository/Выполнение бизнес-плана/Кнопка Факт' is clicked on

27-11-2024T10:38:40 - [TEST_STEP][PASSED] - if (planFact == 1): null

27-11-2024T10:38:40 - [TEST_STEP][PASSED] - typeOfDataMain = "Факт": null

27-11-2024T10:38:40 - [TEST_STEP][PASSED] - otpusk = findTestData("PlanFact").getValue(5, a): null

27-11-2024T10:38:40 - [TEST_STEP][PASSED] - poteri = findTestData("PlanFact").getValue(6, a): null

27-11-2024T10:38:40 - [TEST_STEP][PASSED] - otpusk = otpusk.replaceAll("\s+", ""): null

27-11-2024T10:38:40 - [TEST_STEP][PASSED] - poteri = poteri.replaceAll("\s+", ""): null

27-11-2024T10:38:40 - [TEST_STEP][PASSED] - typeOfData = typeOfDataMain + " Отпуск в сеть": null

27-11-2024T10:38:40 - [TEST_STEP][PASSED] - if (a == 82): null

27-11-2024T10:38:40 - [TEST_STEP][PASSED] - else if (a == 84): null

27-11-2024T10:38:40 - [TEST_STEP][PASSED] - else if (a == 52 || a == 72 || a == 28 || a == 73 || a == 77 || a == 74 || a == 65 || a == 36 || a == 44 || a == 53 || a == 80 || a == 54 || a == 1 || a == 18 || a == 59 || a == 81): null

27-11-2024T10:38:40 - [TEST_STEP][PASSED] - else: null

27-11-2024T10:38:40 - [TEST_STEP][PASSED] - path = dataFolder + typeOfData + " за отчётный период " + b: null

27-11-2024T10:38:40 - [TEST_STEP][PASSED] - println(path): null

27-11-2024T10:38:40 - [TEST_STEP][PASSED] - page = getText(findTestObject(path)): Text of object 'Object Repository/Выполнение бизнес-плана/Значения со страницы Выполнение бизнес-плана/Факт Отпуск в сеть за отчётный период Ярославская электросетевая компания' is: '189 146'

27-11-2024T10:38:40 - [MESSAGE][PASSED] - Text of object 'Object Repository/Выполнение бизнес-плана/Значения со страницы Выполнение бизнес-плана/Факт Отпуск в сеть за отчётный период Ярославская электросетевая компания' is: '189 146'

27-11-2024T10:38:40 - [TEST_STEP][PASSED] - page = page.replaceAll("\s+", ""): null

27-11-2024T10:38:40 - [TEST_STEP][PASSED] - fileOtpuskVSet = otpusk.toInteger(): null

27-11-2024T10:38:40 - [TEST_STEP][PASSED] - pageOtpuskVSet = page.toInteger(): null

27-11-2024T10:38:40 - [TEST_STEP][PASSED] - typeOfData = typeOfDataMain + " Потери": null

27-11-2024T10:38:40 - [TEST_STEP][PASSED] - if (a == 82): null

27-11-2024T10:38:40 - [TEST_STEP][PASSED] - else if (a == 84): null

27-11-2024T10:38:40 - [TEST_STEP][PASSED] - else if (a == 52 || a == 72 || a == 28 || a == 73 || a == 77 || a == 74 || a == 65 || a == 36 || a == 44 || a == 53 || a == 80 || a == 54 || a == 1 || a == 18 || a == 59 || a == 81): null

27-11-2024T10:38:40 - [TEST_STEP][PASSED] - else: null

27-11-2024T10:38:40 - [TEST_STEP][PASSED] - path = dataFolder + typeOfData + " за отчётный период " + b: null

27-11-2024T10:38:40 - [TEST_STEP][PASSED] - page = getText(findTestObject(path)): Text of object 'Object Repository/Выполнение бизнес-плана/Значения со страницы Выполнение бизнес-плана/Факт Потери за отчётный период Ярославская электросетевая компания' is: '15 551'

27-11-2024T10:38:40 - [MESSAGE][PASSED] - Text of object 'Object Repository/Выполнение бизнес-плана/Значения со страницы Выполнение бизнес-плана/Факт Потери за отчётный период Ярославская электросетевая компания' is: '15 551'

27-11-2024T10:38:40 - [TEST_STEP][PASSED] - page = page.replaceAll("\s+", ""): null

27-11-2024T10:38:40 - [TEST_STEP][PASSED] - filePoteri = poteri.toInteger(): null

27-11-2024T10:38:40 - [TEST_STEP][PASSED] - pagePoteri = page.toInteger(): null

27-11-2024T10:38:40 - [TEST_STEP][PASSED] - compare = pageOtpuskVSet: null

27-11-2024T10:38:40 - [TEST_STEP][PASSED] - if (compare == fileOtpuskVSet): null

27-11-2024T10:38:40 - [TEST_STEP][PASSED] - if (compare == fileOtpuskVSet): null

27-11-2024T10:38:40 - [TEST_STEP][PASSED] - compare = pagePoteri: null

27-11-2024T10:38:40 - [TEST_STEP][PASSED] - if (compare == filePoteri): null

27-11-2024T10:38:40 - [TEST_STEP][PASSED] - if (compare == filePoteri): null

27-11-2024T10:38:40 - [TEST_STEP][PASSED] - if (planFact == 2): null

27-11-2024T10:38:40 - [TEST_STEP][PASSED] - if (planFact == 1): null

27-11-2024T10:38:40 - [TEST_STEP][PASSED] - else if (planFact == 2): null

27-11-2024T10:38:40 - [TEST_STEP][PASSED] - click(findTestObject("Выполнение бизнес-плана/Кнопка План")): Object: 'Object Repository/Выполнение бизнес-плана/Кнопка План' is clicked on

27-11-2024T10:38:41 - [MESSAGE][PASSED] - Object: 'Object Repository/Выполнение бизнес-плана/Кнопка План' is clicked on

27-11-2024T10:38:41 - [TEST_STEP][PASSED] - typeOfDataMain = "План": null

27-11-2024T10:38:41 - [TEST_STEP][PASSED] - otpusk = findTestData("PlanFact").getValue(2, a): null

27-11-2024T10:38:41 - [TEST_STEP][PASSED] - poteri = findTestData("PlanFact").getValue(3, a): null

27-11-2024T10:38:41 - [TEST_STEP][PASSED] - otpusk = otpusk.replaceAll("\s+", ""): null

27-11-2024T10:38:41 - [TEST_STEP][PASSED] - poteri = poteri.replaceAll("\s+", ""): null

27-11-2024T10:38:41 - [TEST_STEP][PASSED] - typeOfData = typeOfDataMain + " Отпуск в сеть": null

27-11-2024T10:38:41 - [TEST_STEP][PASSED] - if (a == 82): null

27-11-2024T10:38:41 - [TEST_STEP][PASSED] - else if (a == 84): null

27-11-2024T10:38:41 - [TEST_STEP][PASSED] - else if (a == 52 || a == 72 || a == 28 || a == 73 || a == 77 || a == 74 || a == 65 || a == 36 || a == 44 || a == 53 || a == 80 || a == 54 || a == 1 || a == 18 || a == 59 || a == 81): null

27-11-2024T10:38:41 - [TEST_STEP][PASSED] - else: null

27-11-2024T10:38:41 - [TEST_STEP][PASSED] - path = dataFolder + typeOfData + " за отчётный период " + b: null

27-11-2024T10:38:41 - [TEST_STEP][PASSED] - println(path): null

27-11-2024T10:38:41 - [TEST_STEP][PASSED] - page = getText(findTestObject(path)): Text of object 'Object Repository/Выполнение бизнес-плана/Значения со страницы Выполнение бизнес-плана/План Отпуск в сеть за отчётный период Ярославская электросетевая компания' is: '185 497'

27-11-2024T10:38:41 - [MESSAGE][PASSED] - Text of object 'Object Repository/Выполнение бизнес-плана/Значения со страницы Выполнение бизнес-плана/План Отпуск в сеть за отчётный период Ярославская электросетевая компания' is: '185 497'

27-11-2024T10:38:41 - [TEST_STEP][PASSED] - page = page.replaceAll("\s+", ""): null

27-11-2024T10:38:41 - [TEST_STEP][PASSED] - fileOtpuskVSet = otpusk.toInteger(): null

27-11-2024T10:38:41 - [TEST_STEP][PASSED] - pageOtpuskVSet = page.toInteger(): null

27-11-2024T10:38:41 - [TEST_STEP][PASSED] - typeOfData = typeOfDataMain + " Потери": null

27-11-2024T10:38:41 - [TEST_STEP][PASSED] - if (a == 82): null

27-11-2024T10:38:41 - [TEST_STEP][PASSED] - else if (a == 84): null

27-11-2024T10:38:41 - [TEST_STEP][PASSED] - else if (a == 52 || a == 72 || a == 28 || a == 73 || a == 77 || a == 74 || a == 65 || a == 36 || a == 44 || a == 53 || a == 80 || a == 54 || a == 1 || a == 18 || a == 59 || a == 81): null

27-11-2024T10:38:41 - [TEST_STEP][PASSED] - else: null

27-11-2024T10:38:41 - [TEST_STEP][PASSED] - path = dataFolder + typeOfData + " за отчётный период " + b: null

27-11-2024T10:38:41 - [TEST_STEP][PASSED] - page = getText(findTestObject(path)): Text of object 'Object Repository/Выполнение бизнес-плана/Значения со страницы Выполнение бизнес-плана/План Потери за отчётный период Ярославская электросетевая компания' is: '18 525'

27-11-2024T10:38:42 - [MESSAGE][PASSED] - Text of object 'Object Repository/Выполнение бизнес-плана/Значения со страницы Выполнение бизнес-плана/План Потери за отчётный период Ярославская электросетевая компания' is: '18 525'

27-11-2024T10:38:42 - [TEST_STEP][PASSED] - page = page.replaceAll("\s+", ""): null

27-11-2024T10:38:42 - [TEST_STEP][PASSED] - filePoteri = poteri.toInteger(): null

27-11-2024T10:38:42 - [TEST_STEP][PASSED] - pagePoteri = page.toInteger(): null

27-11-2024T10:38:42 - [TEST_STEP][PASSED] - compare = pageOtpuskVSet: null

27-11-2024T10:38:42 - [TEST_STEP][PASSED] - if (compare == fileOtpuskVSet): null

27-11-2024T10:38:42 - [TEST_STEP][PASSED] - if (compare == fileOtpuskVSet): null

27-11-2024T10:38:42 - [TEST_STEP][PASSED] - compare = pagePoteri: null

27-11-2024T10:38:42 - [TEST_STEP][PASSED] - if (compare == filePoteri): null

27-11-2024T10:38:42 - [TEST_STEP][PASSED] - if (compare == filePoteri): null

27-11-2024T10:38:42 - [TEST_STEP][PASSED] - if (planFact == 2): Object: 'Object Repository/Выполнение бизнес-плана/Кнопка Факт' is clicked on

27-11-2024T10:38:42 - [TEST_STEP][PASSED] - click(findTestObject("Выполнение бизнес-плана/Кнопка Факт")): Object: 'Object Repository/Выполнение бизнес-плана/Кнопка Факт' is clicked on

27-11-2024T10:38:42 - [MESSAGE][PASSED] - Object: 'Object Repository/Выполнение бизнес-плана/Кнопка Факт' is clicked on

27-11-2024T10:38:42 - [TEST_STEP][PASSED] - if (a == 84 || a == 82): null

27-11-2024T10:38:42 - [TEST_STEP][PASSED] - else if (a == 52 || a == 72 || a == 28 || a == 73 || a == 77 || a == 74 || a == 65 || a == 36 || a == 44 || a == 53 || a == 80 || a == 54 || a == 1 || a == 18 || a == 59 || a == 81): null

27-11-2024T10:38:42 - [TEST_STEP][PASSED] - else: null

27-11-2024T10:38:42 - [TEST_STEP][PASSED] - page1 = getText(findTestObject("Object Repository/Выполнение бизнес-плана/spanPlan" + filialNum)): Text of object 'Object Repository/Выполнение бизнес-плана/spanPlan3' is: '9.99
|'

27-11-2024T10:38:42 - [MESSAGE][PASSED] - Text of object 'Object Repository/Выполнение бизнес-плана/spanPlan3' is: '9.99
|'

27-11-2024T10:38:42 - [TEST_STEP][PASSED] - page1 = page1.replace("|", ""): null

27-11-2024T10:38:42 - [TEST_STEP][PASSED] - page2 = getText(findTestObject("Object Repository/Выполнение бизнес-плана/spanFact" + filialNum)): Text of object 'Object Repository/Выполнение бизнес-плана/spanFact3' is: '8.22
|'

27-11-2024T10:38:43 - [MESSAGE][PASSED] - Text of object 'Object Repository/Выполнение бизнес-плана/spanFact3' is: '8.22
|'

27-11-2024T10:38:43 - [TEST_STEP][PASSED] - page2 = page2.replace("|", ""): null

27-11-2024T10:38:43 - [TEST_STEP][PASSED] - println("page1: " + page1): null

27-11-2024T10:38:43 - [TEST_STEP][PASSED] - println("page2: " + page2): null

27-11-2024T10:38:43 - [TEST_STEP][PASSED] - file = findTestData("PlanFact").getValue(4, a): null

27-11-2024T10:38:43 - [TEST_STEP][PASSED] - file = file.replace(",", "."): null

27-11-2024T10:38:43 - [TEST_STEP][PASSED] - println("file Plan: " + file): null

27-11-2024T10:38:43 - [TEST_STEP][PASSED] - typeOfData = "План в процентах": null

27-11-2024T10:38:43 - [TEST_STEP][PASSED] - fileDouble = file.toDouble(): null

27-11-2024T10:38:43 - [TEST_STEP][PASSED] - pageDouble = page1.toDouble(): null

27-11-2024T10:38:43 - [TEST_STEP][PASSED] - if (fileDouble != pageDouble): null

27-11-2024T10:38:43 - [TEST_STEP][PASSED] - file = findTestData("PlanFact").getValue(7, a): null

27-11-2024T10:38:43 - [TEST_STEP][PASSED] - file = file.replace(",", "."): null

27-11-2024T10:38:43 - [TEST_STEP][PASSED] - println("file Fact: " + file): null

27-11-2024T10:38:43 - [TEST_STEP][PASSED] - fileDouble = file.toDouble(): null

27-11-2024T10:38:43 - [TEST_STEP][PASSED] - typeOfData = "Факт в процентах": null

27-11-2024T10:38:43 - [TEST_STEP][PASSED] - fileDouble = file.toDouble(): null

27-11-2024T10:38:43 - [TEST_STEP][PASSED] - pageDouble = page2.toDouble(): null

27-11-2024T10:38:43 - [TEST_STEP][PASSED] - if (fileDouble != pageDouble): null

27-11-2024T10:38:43 - [TEST_STEP][PASSED] - if (verifyEqual(numberOfErrors, 0) == false): Actual object '0' and expected object '0' are equal

27-11-2024T10:38:43 - [MESSAGE][PASSED] - Actual object '0' and expected object '0' are equal

27-11-2024T10:38:43 - [TEST_STEP][PASSED] - if (a == 82): null

27-11-2024T10:38:43 - [TEST_STEP][PASSED] - dZO = "Белгородэнерго": null

27-11-2024T10:38:43 - [TEST_STEP][PASSED] - a = 2: null

27-11-2024T10:38:43 - [TEST_STEP][PASSED] - if (x2.contains(dZO)): null

27-11-2024T10:38:43 - [TEST_STEP][PASSED] - filialNum = filialNum + 1: null

27-11-2024T10:38:43 - [TEST_STEP][PASSED] - Script1718980020443.Numbers(a, typeOfData, todaysDate, pageInt, fileInt, pageDouble, fileDouble, dZO, dzoNum, filialNum): null

27-11-2024T10:38:43 - [TEST_STEP][PASSED] - println(dzoNum): null

27-11-2024T10:38:43 - [TEST_STEP][PASSED] - planFact = <not implemented yet for class: org.codehaus.groovy.ast.expr.EmptyExpression>: null

27-11-2024T10:38:43 - [TEST_STEP][PASSED] - page = <not implemented yet for class: org.codehaus.groovy.ast.expr.EmptyExpression>: null

27-11-2024T10:38:43 - [TEST_STEP][PASSED] - page1 = <not implemented yet for class: org.codehaus.groovy.ast.expr.EmptyExpression>: null

27-11-2024T10:38:43 - [TEST_STEP][PASSED] - page2 = <not implemented yet for class: org.codehaus.groovy.ast.expr.EmptyExpression>: null

27-11-2024T10:38:43 - [TEST_STEP][PASSED] - filialNumberInRow = <not implemented yet for class: org.codehaus.groovy.ast.expr.EmptyExpression>: null

27-11-2024T10:38:43 - [TEST_STEP][PASSED] - filialsDzoNames = <not implemented yet for class: org.codehaus.groovy.ast.expr.EmptyExpression>: null

27-11-2024T10:38:43 - [TEST_STEP][PASSED] - numberOfFilials = <not implemented yet for class: org.codehaus.groovy.ast.expr.EmptyExpression>: null

27-11-2024T10:38:43 - [TEST_STEP][PASSED] - numberOfSpaces = <not implemented yet for class: org.codehaus.groovy.ast.expr.EmptyExpression>: null

27-11-2024T10:38:43 - [TEST_STEP][PASSED] - file = <not implemented yet for class: org.codehaus.groovy.ast.expr.EmptyExpression>: null

27-11-2024T10:38:43 - [TEST_STEP][PASSED] - otpusk = <not implemented yet for class: org.codehaus.groovy.ast.expr.EmptyExpression>: null

27-11-2024T10:38:43 - [TEST_STEP][PASSED] - poteri = <not implemented yet for class: org.codehaus.groovy.ast.expr.EmptyExpression>: null

27-11-2024T10:38:43 - [TEST_STEP][PASSED] - dataFolder = "Выполнение бизнес-плана/Значения со страницы Выполнение бизнес-плана/": null

27-11-2024T10:38:43 - [TEST_STEP][PASSED] - path = <not implemented yet for class: org.codehaus.groovy.ast.expr.EmptyExpression>: null

27-11-2024T10:38:43 - [TEST_STEP][PASSED] - typeOfDataMain = <not implemented yet for class: org.codehaus.groovy.ast.expr.EmptyExpression>: null

27-11-2024T10:38:43 - [TEST_STEP][PASSED] - fileOtpuskVSet = <not implemented yet for class: org.codehaus.groovy.ast.expr.EmptyExpression>: null

27-11-2024T10:38:43 - [TEST_STEP][PASSED] - pageOtpuskVSet = <not implemented yet for class: org.codehaus.groovy.ast.expr.EmptyExpression>: null

27-11-2024T10:38:43 - [TEST_STEP][PASSED] - filePoteri = <not implemented yet for class: org.codehaus.groovy.ast.expr.EmptyExpression>: null

27-11-2024T10:38:43 - [TEST_STEP][PASSED] - pagePoteri = <not implemented yet for class: org.codehaus.groovy.ast.expr.EmptyExpression>: null

27-11-2024T10:38:43 - [TEST_STEP][PASSED] - compare = <not implemented yet for class: org.codehaus.groovy.ast.expr.EmptyExpression>: null

27-11-2024T10:38:43 - [TEST_STEP][PASSED] - b = <not implemented yet for class: org.codehaus.groovy.ast.expr.EmptyExpression>: null

27-11-2024T10:38:43 - [TEST_STEP][PASSED] - i = <not implemented yet for class: org.codehaus.groovy.ast.expr.EmptyExpression>: null

27-11-2024T10:38:43 - [TEST_STEP][PASSED] - ii = <not implemented yet for class: org.codehaus.groovy.ast.expr.EmptyExpression>: null

27-11-2024T10:38:43 - [TEST_STEP][PASSED] - c = <not implemented yet for class: org.codehaus.groovy.ast.expr.EmptyExpression>: null

27-11-2024T10:38:43 - [TEST_STEP][PASSED] - numberOfErrors = 0: null

27-11-2024T10:38:43 - [TEST_STEP][PASSED] - if (a == 82): null

27-11-2024T10:38:43 - [TEST_STEP][PASSED] - b = findTestData("PlanFact").getValue(1, a): null

27-11-2024T10:38:43 - [TEST_STEP][PASSED] - i = b.indexOf(" (ГК)"): null

27-11-2024T10:38:43 - [TEST_STEP][PASSED] - if (i > -1): null

27-11-2024T10:38:43 - [TEST_STEP][PASSED] - i = b.indexOf("О ""): null

27-11-2024T10:38:43 - [TEST_STEP][PASSED] - if (i > -1): null

27-11-2024T10:38:43 - [TEST_STEP][PASSED] - i = b.indexOf("О «"): null

27-11-2024T10:38:43 - [TEST_STEP][PASSED] - if (i > -1): null

27-11-2024T10:38:43 - [TEST_STEP][PASSED] - i = b.indexOf("г. "): null

27-11-2024T10:38:43 - [TEST_STEP][PASSED] - if (i > -1): null

27-11-2024T10:38:43 - [TEST_STEP][PASSED] - println(b): null

27-11-2024T10:38:43 - [TEST_STEP][PASSED] - for ([planFact = 1, planFact < 3, (planFact++)]): Object: 'Object Repository/Выполнение бизнес-плана/Кнопка Факт' is clicked on

27-11-2024T10:38:43 - [TEST_STEP][PASSED] - if (planFact == 1): null

27-11-2024T10:38:43 - [TEST_STEP][PASSED] - typeOfDataMain = "Факт": null

27-11-2024T10:38:43 - [TEST_STEP][PASSED] - otpusk = findTestData("PlanFact").getValue(5, a): null

27-11-2024T10:38:43 - [TEST_STEP][PASSED] - poteri = findTestData("PlanFact").getValue(6, a): null

27-11-2024T10:38:43 - [TEST_STEP][PASSED] - otpusk = otpusk.replaceAll("\s+", ""): null

27-11-2024T10:38:43 - [TEST_STEP][PASSED] - poteri = poteri.replaceAll("\s+", ""): null

27-11-2024T10:38:43 - [TEST_STEP][PASSED] - typeOfData = typeOfDataMain + " Отпуск в сеть": null

27-11-2024T10:38:43 - [TEST_STEP][PASSED] - if (a == 82): null

27-11-2024T10:38:43 - [TEST_STEP][PASSED] - else if (a == 84): null

27-11-2024T10:38:43 - [TEST_STEP][PASSED] - else if (a == 52 || a == 72 || a == 28 || a == 73 || a == 77 || a == 74 || a == 65 || a == 36 || a == 44 || a == 53 || a == 80 || a == 54 || a == 1 || a == 18 || a == 59 || a == 81): null

27-11-2024T10:38:43 - [TEST_STEP][PASSED] - else: null

27-11-2024T10:38:43 - [TEST_STEP][PASSED] - path = dataFolder + typeOfData + " за отчётный период " + b: null

27-11-2024T10:38:43 - [TEST_STEP][PASSED] - println(path): null

27-11-2024T10:38:43 - [TEST_STEP][PASSED] - page = getText(findTestObject(path)): Text of object 'Object Repository/Выполнение бизнес-плана/Значения со страницы Выполнение бизнес-плана/Факт Отпуск в сеть за отчётный период Белгородэнерго' is: '5 170 937'

27-11-2024T10:38:43 - [MESSAGE][PASSED] - Text of object 'Object Repository/Выполнение бизнес-плана/Значения со страницы Выполнение бизнес-плана/Факт Отпуск в сеть за отчётный период Белгородэнерго' is: '5 170 937'

27-11-2024T10:38:43 - [TEST_STEP][PASSED] - page = page.replaceAll("\s+", ""): null

27-11-2024T10:38:43 - [TEST_STEP][PASSED] - fileOtpuskVSet = otpusk.toInteger(): null

27-11-2024T10:38:43 - [TEST_STEP][PASSED] - pageOtpuskVSet = page.toInteger(): null

27-11-2024T10:38:43 - [TEST_STEP][PASSED] - typeOfData = typeOfDataMain + " Потери": null

27-11-2024T10:38:43 - [TEST_STEP][PASSED] - if (a == 82): null

27-11-2024T10:38:43 - [TEST_STEP][PASSED] - else if (a == 84): null

27-11-2024T10:38:43 - [TEST_STEP][PASSED] - else if (a == 52 || a == 72 || a == 28 || a == 73 || a == 77 || a == 74 || a == 65 || a == 36 || a == 44 || a == 53 || a == 80 || a == 54 || a == 1 || a == 18 || a == 59 || a == 81): null

27-11-2024T10:38:43 - [TEST_STEP][PASSED] - else: null

27-11-2024T10:38:43 - [TEST_STEP][PASSED] - path = dataFolder + typeOfData + " за отчётный период " + b: null

27-11-2024T10:38:43 - [TEST_STEP][PASSED] - page = getText(findTestObject(path)): Text of object 'Object Repository/Выполнение бизнес-плана/Значения со страницы Выполнение бизнес-плана/Факт Потери за отчётный период Белгородэнерго' is: '485 649'

27-11-2024T10:38:43 - [MESSAGE][PASSED] - Text of object 'Object Repository/Выполнение бизнес-плана/Значения со страницы Выполнение бизнес-плана/Факт Потери за отчётный период Белгородэнерго' is: '485 649'

27-11-2024T10:38:43 - [TEST_STEP][PASSED] - page = page.replaceAll("\s+", ""): null

27-11-2024T10:38:43 - [TEST_STEP][PASSED] - filePoteri = poteri.toInteger(): null

27-11-2024T10:38:43 - [TEST_STEP][PASSED] - pagePoteri = page.toInteger(): null

27-11-2024T10:38:43 - [TEST_STEP][PASSED] - compare = pageOtpuskVSet: null

27-11-2024T10:38:43 - [TEST_STEP][PASSED] - if (compare == fileOtpuskVSet): null

27-11-2024T10:38:43 - [TEST_STEP][PASSED] - if (compare == fileOtpuskVSet): null

27-11-2024T10:38:43 - [TEST_STEP][PASSED] - compare = pagePoteri: null

27-11-2024T10:38:43 - [TEST_STEP][PASSED] - if (compare == filePoteri): null

27-11-2024T10:38:43 - [TEST_STEP][PASSED] - if (compare == filePoteri): null

27-11-2024T10:38:43 - [TEST_STEP][PASSED] - if (planFact == 2): null

27-11-2024T10:38:43 - [TEST_STEP][PASSED] - if (planFact == 1): null

27-11-2024T10:38:43 - [TEST_STEP][PASSED] - else if (planFact == 2): null

27-11-2024T10:38:43 - [TEST_STEP][PASSED] - click(findTestObject("Выполнение бизнес-плана/Кнопка План")): Object: 'Object Repository/Выполнение бизнес-плана/Кнопка План' is clicked on

27-11-2024T10:38:44 - [MESSAGE][PASSED] - Object: 'Object Repository/Выполнение бизнес-плана/Кнопка План' is clicked on

27-11-2024T10:38:44 - [TEST_STEP][PASSED] - typeOfDataMain = "План": null

27-11-2024T10:38:44 - [TEST_STEP][PASSED] - otpusk = findTestData("PlanFact").getValue(2, a): null

27-11-2024T10:38:44 - [TEST_STEP][PASSED] - poteri = findTestData("PlanFact").getValue(3, a): null

27-11-2024T10:38:44 - [TEST_STEP][PASSED] - otpusk = otpusk.replaceAll("\s+", ""): null

27-11-2024T10:38:44 - [TEST_STEP][PASSED] - poteri = poteri.replaceAll("\s+", ""): null

27-11-2024T10:38:44 - [TEST_STEP][PASSED] - typeOfData = typeOfDataMain + " Отпуск в сеть": null

27-11-2024T10:38:44 - [TEST_STEP][PASSED] - if (a == 82): null

27-11-2024T10:38:44 - [TEST_STEP][PASSED] - else if (a == 84): null

27-11-2024T10:38:44 - [TEST_STEP][PASSED] - else if (a == 52 || a == 72 || a == 28 || a == 73 || a == 77 || a == 74 || a == 65 || a == 36 || a == 44 || a == 53 || a == 80 || a == 54 || a == 1 || a == 18 || a == 59 || a == 81): null

27-11-2024T10:38:44 - [TEST_STEP][PASSED] - else: null

27-11-2024T10:38:44 - [TEST_STEP][PASSED] - path = dataFolder + typeOfData + " за отчётный период " + b: null

27-11-2024T10:38:44 - [TEST_STEP][PASSED] - println(path): null

27-11-2024T10:38:44 - [TEST_STEP][PASSED] - page = getText(findTestObject(path)): Text of object 'Object Repository/Выполнение бизнес-плана/Значения со страницы Выполнение бизнес-плана/План Отпуск в сеть за отчётный период Белгородэнерго' is: '5 036 799'

27-11-2024T10:38:44 - [MESSAGE][PASSED] - Text of object 'Object Repository/Выполнение бизнес-плана/Значения со страницы Выполнение бизнес-плана/План Отпуск в сеть за отчётный период Белгородэнерго' is: '5 036 799'

27-11-2024T10:38:44 - [TEST_STEP][PASSED] - page = page.replaceAll("\s+", ""): null

27-11-2024T10:38:44 - [TEST_STEP][PASSED] - fileOtpuskVSet = otpusk.toInteger(): null

27-11-2024T10:38:44 - [TEST_STEP][PASSED] - pageOtpuskVSet = page.toInteger(): null

27-11-2024T10:38:44 - [TEST_STEP][PASSED] - typeOfData = typeOfDataMain + " Потери": null

27-11-2024T10:38:44 - [TEST_STEP][PASSED] - if (a == 82): null

27-11-2024T10:38:44 - [TEST_STEP][PASSED] - else if (a == 84): null

27-11-2024T10:38:44 - [TEST_STEP][PASSED] - else if (a == 52 || a == 72 || a == 28 || a == 73 || a == 77 || a == 74 || a == 65 || a == 36 || a == 44 || a == 53 || a == 80 || a == 54 || a == 1 || a == 18 || a == 59 || a == 81): null

27-11-2024T10:38:44 - [TEST_STEP][PASSED] - else: null

27-11-2024T10:38:44 - [TEST_STEP][PASSED] - path = dataFolder + typeOfData + " за отчётный период " + b: null

27-11-2024T10:38:44 - [TEST_STEP][PASSED] - page = getText(findTestObject(path)): Text of object 'Object Repository/Выполнение бизнес-плана/Значения со страницы Выполнение бизнес-плана/План Потери за отчётный период Белгородэнерго' is: '488 869'

27-11-2024T10:38:45 - [MESSAGE][PASSED] - Text of object 'Object Repository/Выполнение бизнес-плана/Значения со страницы Выполнение бизнес-плана/План Потери за отчётный период Белгородэнерго' is: '488 869'

27-11-2024T10:38:45 - [TEST_STEP][PASSED] - page = page.replaceAll("\s+", ""): null

27-11-2024T10:38:45 - [TEST_STEP][PASSED] - filePoteri = poteri.toInteger(): null

27-11-2024T10:38:45 - [TEST_STEP][PASSED] - pagePoteri = page.toInteger(): null

27-11-2024T10:38:45 - [TEST_STEP][PASSED] - compare = pageOtpuskVSet: null

27-11-2024T10:38:45 - [TEST_STEP][PASSED] - if (compare == fileOtpuskVSet): null

27-11-2024T10:38:45 - [TEST_STEP][PASSED] - if (compare == fileOtpuskVSet): null

27-11-2024T10:38:45 - [TEST_STEP][PASSED] - compare = pagePoteri: null

27-11-2024T10:38:45 - [TEST_STEP][PASSED] - if (compare == filePoteri): null

27-11-2024T10:38:45 - [TEST_STEP][PASSED] - if (compare == filePoteri): null

27-11-2024T10:38:45 - [TEST_STEP][PASSED] - if (planFact == 2): Object: 'Object Repository/Выполнение бизнес-плана/Кнопка Факт' is clicked on

27-11-2024T10:38:45 - [TEST_STEP][PASSED] - click(findTestObject("Выполнение бизнес-плана/Кнопка Факт")): Object: 'Object Repository/Выполнение бизнес-плана/Кнопка Факт' is clicked on

27-11-2024T10:38:45 - [MESSAGE][PASSED] - Object: 'Object Repository/Выполнение бизнес-плана/Кнопка Факт' is clicked on

27-11-2024T10:38:45 - [TEST_STEP][PASSED] - if (a == 84 || a == 82): null

27-11-2024T10:38:45 - [TEST_STEP][PASSED] - else if (a == 52 || a == 72 || a == 28 || a == 73 || a == 77 || a == 74 || a == 65 || a == 36 || a == 44 || a == 53 || a == 80 || a == 54 || a == 1 || a == 18 || a == 59 || a == 81): null

27-11-2024T10:38:45 - [TEST_STEP][PASSED] - else: null

27-11-2024T10:38:45 - [TEST_STEP][PASSED] - page1 = getText(findTestObject("Object Repository/Выполнение бизнес-плана/spanPlan" + filialNum)): Text of object 'Object Repository/Выполнение бизнес-плана/spanPlan4' is: '9.71
|'

27-11-2024T10:38:45 - [MESSAGE][PASSED] - Text of object 'Object Repository/Выполнение бизнес-плана/spanPlan4' is: '9.71
|'

27-11-2024T10:38:45 - [TEST_STEP][PASSED] - page1 = page1.replace("|", ""): null

27-11-2024T10:38:45 - [TEST_STEP][PASSED] - page2 = getText(findTestObject("Object Repository/Выполнение бизнес-плана/spanFact" + filialNum)): Text of object 'Object Repository/Выполнение бизнес-плана/spanFact4' is: '9.39
|'

27-11-2024T10:38:45 - [MESSAGE][PASSED] - Text of object 'Object Repository/Выполнение бизнес-плана/spanFact4' is: '9.39
|'

27-11-2024T10:38:45 - [TEST_STEP][PASSED] - page2 = page2.replace("|", ""): null

27-11-2024T10:38:45 - [TEST_STEP][PASSED] - println("page1: " + page1): null

27-11-2024T10:38:46 - [TEST_STEP][PASSED] - println("page2: " + page2): null

27-11-2024T10:38:46 - [TEST_STEP][PASSED] - file = findTestData("PlanFact").getValue(4, a): null

27-11-2024T10:38:46 - [TEST_STEP][PASSED] - file = file.replace(",", "."): null

27-11-2024T10:38:46 - [TEST_STEP][PASSED] - println("file Plan: " + file): null

27-11-2024T10:38:46 - [TEST_STEP][PASSED] - typeOfData = "План в процентах": null

27-11-2024T10:38:46 - [TEST_STEP][PASSED] - fileDouble = file.toDouble(): null

27-11-2024T10:38:46 - [TEST_STEP][PASSED] - pageDouble = page1.toDouble(): null

27-11-2024T10:38:46 - [TEST_STEP][PASSED] - if (fileDouble != pageDouble): null

27-11-2024T10:38:46 - [TEST_STEP][PASSED] - file = findTestData("PlanFact").getValue(7, a): null

27-11-2024T10:38:46 - [TEST_STEP][PASSED] - file = file.replace(",", "."): null

27-11-2024T10:38:46 - [TEST_STEP][PASSED] - println("file Fact: " + file): null

27-11-2024T10:38:46 - [TEST_STEP][PASSED] - fileDouble = file.toDouble(): null

27-11-2024T10:38:46 - [TEST_STEP][PASSED] - typeOfData = "Факт в процентах": null

27-11-2024T10:38:46 - [TEST_STEP][PASSED] - fileDouble = file.toDouble(): null

27-11-2024T10:38:46 - [TEST_STEP][PASSED] - pageDouble = page2.toDouble(): null

27-11-2024T10:38:46 - [TEST_STEP][PASSED] - if (fileDouble != pageDouble): null

27-11-2024T10:38:46 - [TEST_STEP][PASSED] - if (verifyEqual(numberOfErrors, 0) == false): Actual object '0' and expected object '0' are equal

27-11-2024T10:38:46 - [MESSAGE][PASSED] - Actual object '0' and expected object '0' are equal

27-11-2024T10:38:46 - [TEST_STEP][PASSED] - if (a == 82): null

27-11-2024T10:38:46 - [TEST_STEP][PASSED] - dZO = "Брянскэнерго": null

27-11-2024T10:38:46 - [TEST_STEP][PASSED] - a = 3: null

27-11-2024T10:38:46 - [TEST_STEP][PASSED] - if (x2.contains(dZO)): null

27-11-2024T10:38:46 - [TEST_STEP][PASSED] - filialNum = filialNum + 1: null

27-11-2024T10:38:46 - [TEST_STEP][PASSED] - Script1718980020443.Numbers(a, typeOfData, todaysDate, pageInt, fileInt, pageDouble, fileDouble, dZO, dzoNum, filialNum): null

27-11-2024T10:38:46 - [TEST_STEP][PASSED] - println(dzoNum): null

27-11-2024T10:38:46 - [TEST_STEP][PASSED] - planFact = <not implemented yet for class: org.codehaus.groovy.ast.expr.EmptyExpression>: null

27-11-2024T10:38:46 - [TEST_STEP][PASSED] - page = <not implemented yet for class: org.codehaus.groovy.ast.expr.EmptyExpression>: null

27-11-2024T10:38:46 - [TEST_STEP][PASSED] - page1 = <not implemented yet for class: org.codehaus.groovy.ast.expr.EmptyExpression>: null

27-11-2024T10:38:46 - [TEST_STEP][PASSED] - page2 = <not implemented yet for class: org.codehaus.groovy.ast.expr.EmptyExpression>: null

27-11-2024T10:38:46 - [TEST_STEP][PASSED] - filialNumberInRow = <not implemented yet for class: org.codehaus.groovy.ast.expr.EmptyExpression>: null

27-11-2024T10:38:46 - [TEST_STEP][PASSED] - filialsDzoNames = <not implemented yet for class: org.codehaus.groovy.ast.expr.EmptyExpression>: null

27-11-2024T10:38:46 - [TEST_STEP][PASSED] - numberOfFilials = <not implemented yet for class: org.codehaus.groovy.ast.expr.EmptyExpression>: null

27-11-2024T10:38:46 - [TEST_STEP][PASSED] - numberOfSpaces = <not implemented yet for class: org.codehaus.groovy.ast.expr.EmptyExpression>: null

27-11-2024T10:38:46 - [TEST_STEP][PASSED] - file = <not implemented yet for class: org.codehaus.groovy.ast.expr.EmptyExpression>: null

27-11-2024T10:38:46 - [TEST_STEP][PASSED] - otpusk = <not implemented yet for class: org.codehaus.groovy.ast.expr.EmptyExpression>: null

27-11-2024T10:38:46 - [TEST_STEP][PASSED] - poteri = <not implemented yet for class: org.codehaus.groovy.ast.expr.EmptyExpression>: null

27-11-2024T10:38:46 - [TEST_STEP][PASSED] - dataFolder = "Выполнение бизнес-плана/Значения со страницы Выполнение бизнес-плана/": null

27-11-2024T10:38:46 - [TEST_STEP][PASSED] - path = <not implemented yet for class: org.codehaus.groovy.ast.expr.EmptyExpression>: null

27-11-2024T10:38:46 - [TEST_STEP][PASSED] - typeOfDataMain = <not implemented yet for class: org.codehaus.groovy.ast.expr.EmptyExpression>: null

27-11-2024T10:38:46 - [TEST_STEP][PASSED] - fileOtpuskVSet = <not implemented yet for class: org.codehaus.groovy.ast.expr.EmptyExpression>: null

27-11-2024T10:38:46 - [TEST_STEP][PASSED] - pageOtpuskVSet = <not implemented yet for class: org.codehaus.groovy.ast.expr.EmptyExpression>: null

27-11-2024T10:38:46 - [TEST_STEP][PASSED] - filePoteri = <not implemented yet for class: org.codehaus.groovy.ast.expr.EmptyExpression>: null

27-11-2024T10:38:46 - [TEST_STEP][PASSED] - pagePoteri = <not implemented yet for class: org.codehaus.groovy.ast.expr.EmptyExpression>: null

27-11-2024T10:38:46 - [TEST_STEP][PASSED] - compare = <not implemented yet for class: org.codehaus.groovy.ast.expr.EmptyExpression>: null

27-11-2024T10:38:46 - [TEST_STEP][PASSED] - b = <not implemented yet for class: org.codehaus.groovy.ast.expr.EmptyExpression>: null

27-11-2024T10:38:46 - [TEST_STEP][PASSED] - i = <not implemented yet for class: org.codehaus.groovy.ast.expr.EmptyExpression>: null

27-11-2024T10:38:46 - [TEST_STEP][PASSED] - ii = <not implemented yet for class: org.codehaus.groovy.ast.expr.EmptyExpression>: null

27-11-2024T10:38:46 - [TEST_STEP][PASSED] - c = <not implemented yet for class: org.codehaus.groovy.ast.expr.EmptyExpression>: null

27-11-2024T10:38:46 - [TEST_STEP][PASSED] - numberOfErrors = 0: null

27-11-2024T10:38:46 - [TEST_STEP][PASSED] - if (a == 82): null

27-11-2024T10:38:46 - [TEST_STEP][PASSED] - b = findTestData("PlanFact").getValue(1, a): null

27-11-2024T10:38:46 - [TEST_STEP][PASSED] - i = b.indexOf(" (ГК)"): null

27-11-2024T10:38:46 - [TEST_STEP][PASSED] - if (i > -1): null

27-11-2024T10:38:46 - [TEST_STEP][PASSED] - i = b.indexOf("О ""): null

27-11-2024T10:38:46 - [TEST_STEP][PASSED] - if (i > -1): null

27-11-2024T10:38:46 - [TEST_STEP][PASSED] - i = b.indexOf("О «"): null

27-11-2024T10:38:46 - [TEST_STEP][PASSED] - if (i > -1): null

27-11-2024T10:38:46 - [TEST_STEP][PASSED] - i = b.indexOf("г. "): null

27-11-2024T10:38:46 - [TEST_STEP][PASSED] - if (i > -1): null

27-11-2024T10:38:46 - [TEST_STEP][PASSED] - println(b): null

27-11-2024T10:38:46 - [TEST_STEP][PASSED] - for ([planFact = 1, planFact < 3, (planFact++)]): Object: 'Object Repository/Выполнение бизнес-плана/Кнопка Факт' is clicked on

27-11-2024T10:38:46 - [TEST_STEP][PASSED] - if (planFact == 1): null

27-11-2024T10:38:46 - [TEST_STEP][PASSED] - typeOfDataMain = "Факт": null

27-11-2024T10:38:46 - [TEST_STEP][PASSED] - otpusk = findTestData("PlanFact").getValue(5, a): null

27-11-2024T10:38:46 - [TEST_STEP][PASSED] - poteri = findTestData("PlanFact").getValue(6, a): null

27-11-2024T10:38:46 - [TEST_STEP][PASSED] - otpusk = otpusk.replaceAll("\s+", ""): null

27-11-2024T10:38:46 - [TEST_STEP][PASSED] - poteri = poteri.replaceAll("\s+", ""): null

27-11-2024T10:38:46 - [TEST_STEP][PASSED] - typeOfData = typeOfDataMain + " Отпуск в сеть": null

27-11-2024T10:38:46 - [TEST_STEP][PASSED] - if (a == 82): null

27-11-2024T10:38:46 - [TEST_STEP][PASSED] - else if (a == 84): null

27-11-2024T10:38:46 - [TEST_STEP][PASSED] - else if (a == 52 || a == 72 || a == 28 || a == 73 || a == 77 || a == 74 || a == 65 || a == 36 || a == 44 || a == 53 || a == 80 || a == 54 || a == 1 || a == 18 || a == 59 || a == 81): null

27-11-2024T10:38:46 - [TEST_STEP][PASSED] - else: null

27-11-2024T10:38:46 - [TEST_STEP][PASSED] - path = dataFolder + typeOfData + " за отчётный период " + b: null

27-11-2024T10:38:46 - [TEST_STEP][PASSED] - println(path): null

27-11-2024T10:38:46 - [TEST_STEP][PASSED] - page = getText(findTestObject(path)): Text of object 'Object Repository/Выполнение бизнес-плана/Значения со страницы Выполнение бизнес-плана/Факт Отпуск в сеть за отчётный период Брянскэнерго' is: '2 679 742'

27-11-2024T10:38:46 - [MESSAGE][PASSED] - Text of object 'Object Repository/Выполнение бизнес-плана/Значения со страницы Выполнение бизнес-плана/Факт Отпуск в сеть за отчётный период Брянскэнерго' is: '2 679 742'

27-11-2024T10:38:46 - [TEST_STEP][PASSED] - page = page.replaceAll("\s+", ""): null

27-11-2024T10:38:46 - [TEST_STEP][PASSED] - fileOtpuskVSet = otpusk.toInteger(): null

27-11-2024T10:38:46 - [TEST_STEP][PASSED] - pageOtpuskVSet = page.toInteger(): null

27-11-2024T10:38:46 - [TEST_STEP][PASSED] - typeOfData = typeOfDataMain + " Потери": null

27-11-2024T10:38:46 - [TEST_STEP][PASSED] - if (a == 82): null

27-11-2024T10:38:46 - [TEST_STEP][PASSED] - else if (a == 84): null

27-11-2024T10:38:46 - [TEST_STEP][PASSED] - else if (a == 52 || a == 72 || a == 28 || a == 73 || a == 77 || a == 74 || a == 65 || a == 36 || a == 44 || a == 53 || a == 80 || a == 54 || a == 1 || a == 18 || a == 59 || a == 81): null

27-11-2024T10:38:46 - [TEST_STEP][PASSED] - else: null

27-11-2024T10:38:46 - [TEST_STEP][PASSED] - path = dataFolder + typeOfData + " за отчётный период " + b: null

27-11-2024T10:38:46 - [TEST_STEP][PASSED] - page = getText(findTestObject(path)): Text of object 'Object Repository/Выполнение бизнес-плана/Значения со страницы Выполнение бизнес-плана/Факт Потери за отчётный период Брянскэнерго' is: '133 373'

27-11-2024T10:38:46 - [MESSAGE][PASSED] - Text of object 'Object Repository/Выполнение бизнес-плана/Значения со страницы Выполнение бизнес-плана/Факт Потери за отчётный период Брянскэнерго' is: '133 373'

27-11-2024T10:38:46 - [TEST_STEP][PASSED] - page = page.replaceAll("\s+", ""): null

27-11-2024T10:38:46 - [TEST_STEP][PASSED] - filePoteri = poteri.toInteger(): null

27-11-2024T10:38:46 - [TEST_STEP][PASSED] - pagePoteri = page.toInteger(): null

27-11-2024T10:38:46 - [TEST_STEP][PASSED] - compare = pageOtpuskVSet: null

27-11-2024T10:38:46 - [TEST_STEP][PASSED] - if (compare == fileOtpuskVSet): null

27-11-2024T10:38:46 - [TEST_STEP][PASSED] - if (compare == fileOtpuskVSet): null

27-11-2024T10:38:46 - [TEST_STEP][PASSED] - compare = pagePoteri: null

27-11-2024T10:38:46 - [TEST_STEP][PASSED] - if (compare == filePoteri): null

27-11-2024T10:38:46 - [TEST_STEP][PASSED] - if (compare == filePoteri): null

27-11-2024T10:38:46 - [TEST_STEP][PASSED] - if (planFact == 2): null

27-11-2024T10:38:46 - [TEST_STEP][PASSED] - if (planFact == 1): null

27-11-2024T10:38:46 - [TEST_STEP][PASSED] - else if (planFact == 2): null

27-11-2024T10:38:46 - [TEST_STEP][PASSED] - click(findTestObject("Выполнение бизнес-плана/Кнопка План")): Object: 'Object Repository/Выполнение бизнес-плана/Кнопка План' is clicked on

27-11-2024T10:38:47 - [MESSAGE][PASSED] - Object: 'Object Repository/Выполнение бизнес-плана/Кнопка План' is clicked on

27-11-2024T10:38:47 - [TEST_STEP][PASSED] - typeOfDataMain = "План": null

27-11-2024T10:38:47 - [TEST_STEP][PASSED] - otpusk = findTestData("PlanFact").getValue(2, a): null

27-11-2024T10:38:47 - [TEST_STEP][PASSED] - poteri = findTestData("PlanFact").getValue(3, a): null

27-11-2024T10:38:47 - [TEST_STEP][PASSED] - otpusk = otpusk.replaceAll("\s+", ""): null

27-11-2024T10:38:47 - [TEST_STEP][PASSED] - poteri = poteri.replaceAll("\s+", ""): null

27-11-2024T10:38:47 - [TEST_STEP][PASSED] - typeOfData = typeOfDataMain + " Отпуск в сеть": null

27-11-2024T10:38:47 - [TEST_STEP][PASSED] - if (a == 82): null

27-11-2024T10:38:47 - [TEST_STEP][PASSED] - else if (a == 84): null

27-11-2024T10:38:47 - [TEST_STEP][PASSED] - else if (a == 52 || a == 72 || a == 28 || a == 73 || a == 77 || a == 74 || a == 65 || a == 36 || a == 44 || a == 53 || a == 80 || a == 54 || a == 1 || a == 18 || a == 59 || a == 81): null

27-11-2024T10:38:47 - [TEST_STEP][PASSED] - else: null

27-11-2024T10:38:47 - [TEST_STEP][PASSED] - path = dataFolder + typeOfData + " за отчётный период " + b: null

27-11-2024T10:38:47 - [TEST_STEP][PASSED] - println(path): null

27-11-2024T10:38:47 - [TEST_STEP][PASSED] - page = getText(findTestObject(path)): Text of object 'Object Repository/Выполнение бизнес-плана/Значения со страницы Выполнение бизнес-плана/План Отпуск в сеть за отчётный период Брянскэнерго' is: '2 648 295'

27-11-2024T10:38:47 - [MESSAGE][PASSED] - Text of object 'Object Repository/Выполнение бизнес-плана/Значения со страницы Выполнение бизнес-плана/План Отпуск в сеть за отчётный период Брянскэнерго' is: '2 648 295'

27-11-2024T10:38:47 - [TEST_STEP][PASSED] - page = page.replaceAll("\s+", ""): null

27-11-2024T10:38:47 - [TEST_STEP][PASSED] - fileOtpuskVSet = otpusk.toInteger(): null

27-11-2024T10:38:47 - [TEST_STEP][PASSED] - pageOtpuskVSet = page.toInteger(): null

27-11-2024T10:38:47 - [TEST_STEP][PASSED] - typeOfData = typeOfDataMain + " Потери": null

27-11-2024T10:38:47 - [TEST_STEP][PASSED] - if (a == 82): null

27-11-2024T10:38:47 - [TEST_STEP][PASSED] - else if (a == 84): null

27-11-2024T10:38:47 - [TEST_STEP][PASSED] - else if (a == 52 || a == 72 || a == 28 || a == 73 || a == 77 || a == 74 || a == 65 || a == 36 || a == 44 || a == 53 || a == 80 || a == 54 || a == 1 || a == 18 || a == 59 || a == 81): null

27-11-2024T10:38:47 - [TEST_STEP][PASSED] - else: null

27-11-2024T10:38:47 - [TEST_STEP][PASSED] - path = dataFolder + typeOfData + " за отчётный период " + b: null

27-11-2024T10:38:47 - [TEST_STEP][PASSED] - page = getText(findTestObject(path)): Text of object 'Object Repository/Выполнение бизнес-плана/Значения со страницы Выполнение бизнес-плана/План Потери за отчётный период Брянскэнерго' is: '136 726'

27-11-2024T10:38:48 - [MESSAGE][PASSED] - Text of object 'Object Repository/Выполнение бизнес-плана/Значения со страницы Выполнение бизнес-плана/План Потери за отчётный период Брянскэнерго' is: '136 726'

27-11-2024T10:38:48 - [TEST_STEP][PASSED] - page = page.replaceAll("\s+", ""): null

27-11-2024T10:38:48 - [TEST_STEP][PASSED] - filePoteri = poteri.toInteger(): null

27-11-2024T10:38:48 - [TEST_STEP][PASSED] - pagePoteri = page.toInteger(): null

27-11-2024T10:38:48 - [TEST_STEP][PASSED] - compare = pageOtpuskVSet: null

27-11-2024T10:38:48 - [TEST_STEP][PASSED] - if (compare == fileOtpuskVSet): null

27-11-2024T10:38:48 - [TEST_STEP][PASSED] - else if (compare > fileOtpuskVSet): null

27-11-2024T10:38:48 - [TEST_STEP][PASSED] - compare = compare - 1: null

27-11-2024T10:38:48 - [TEST_STEP][PASSED] - if (compare == fileOtpuskVSet): null

27-11-2024T10:38:48 - [TEST_STEP][PASSED] - compare = pagePoteri: null

27-11-2024T10:38:48 - [TEST_STEP][PASSED] - if (compare == filePoteri): null

27-11-2024T10:38:48 - [TEST_STEP][PASSED] - if (compare == filePoteri): null

27-11-2024T10:38:48 - [TEST_STEP][PASSED] - if (planFact == 2): Object: 'Object Repository/Выполнение бизнес-плана/Кнопка Факт' is clicked on

27-11-2024T10:38:48 - [TEST_STEP][PASSED] - click(findTestObject("Выполнение бизнес-плана/Кнопка Факт")): Object: 'Object Repository/Выполнение бизнес-плана/Кнопка Факт' is clicked on

27-11-2024T10:38:48 - [MESSAGE][PASSED] - Object: 'Object Repository/Выполнение бизнес-плана/Кнопка Факт' is clicked on

27-11-2024T10:38:48 - [TEST_STEP][PASSED] - if (a == 84 || a == 82): null

27-11-2024T10:38:48 - [TEST_STEP][PASSED] - else if (a == 52 || a == 72 || a == 28 || a == 73 || a == 77 || a == 74 || a == 65 || a == 36 || a == 44 || a == 53 || a == 80 || a == 54 || a == 1 || a == 18 || a == 59 || a == 81): null

27-11-2024T10:38:48 - [TEST_STEP][PASSED] - else: null

27-11-2024T10:38:48 - [TEST_STEP][PASSED] - page1 = getText(findTestObject("Object Repository/Выполнение бизнес-плана/spanPlan" + filialNum)): Text of object 'Object Repository/Выполнение бизнес-плана/spanPlan5' is: '5.16
|'

27-11-2024T10:38:48 - [MESSAGE][PASSED] - Text of object 'Object Repository/Выполнение бизнес-плана/spanPlan5' is: '5.16
|'

27-11-2024T10:38:48 - [TEST_STEP][PASSED] - page1 = page1.replace("|", ""): null

27-11-2024T10:38:48 - [TEST_STEP][PASSED] - page2 = getText(findTestObject("Object Repository/Выполнение бизнес-плана/spanFact" + filialNum)): Text of object 'Object Repository/Выполнение бизнес-плана/spanFact5' is: '4.98
|'

27-11-2024T10:38:48 - [MESSAGE][PASSED] - Text of object 'Object Repository/Выполнение бизнес-плана/spanFact5' is: '4.98
|'

27-11-2024T10:38:48 - [TEST_STEP][PASSED] - page2 = page2.replace("|", ""): null

27-11-2024T10:38:48 - [TEST_STEP][PASSED] - println("page1: " + page1): null

27-11-2024T10:38:48 - [TEST_STEP][PASSED] - println("page2: " + page2): null

27-11-2024T10:38:48 - [TEST_STEP][PASSED] - file = findTestData("PlanFact").getValue(4, a): null

27-11-2024T10:38:49 - [TEST_STEP][PASSED] - file = file.replace(",", "."): null

27-11-2024T10:38:49 - [TEST_STEP][PASSED] - println("file Plan: " + file): null

27-11-2024T10:38:49 - [TEST_STEP][PASSED] - typeOfData = "План в процентах": null

27-11-2024T10:38:49 - [TEST_STEP][PASSED] - fileDouble = file.toDouble(): null

27-11-2024T10:38:49 - [TEST_STEP][PASSED] - pageDouble = page1.toDouble(): null

27-11-2024T10:38:49 - [TEST_STEP][PASSED] - if (fileDouble != pageDouble): null

27-11-2024T10:38:49 - [TEST_STEP][PASSED] - file = findTestData("PlanFact").getValue(7, a): null

27-11-2024T10:38:49 - [TEST_STEP][PASSED] - file = file.replace(",", "."): null

27-11-2024T10:38:49 - [TEST_STEP][PASSED] - println("file Fact: " + file): null

27-11-2024T10:38:49 - [TEST_STEP][PASSED] - fileDouble = file.toDouble(): null

27-11-2024T10:38:49 - [TEST_STEP][PASSED] - typeOfData = "Факт в процентах": null

27-11-2024T10:38:49 - [TEST_STEP][PASSED] - fileDouble = file.toDouble(): null

27-11-2024T10:38:49 - [TEST_STEP][PASSED] - pageDouble = page2.toDouble(): null

27-11-2024T10:38:49 - [TEST_STEP][PASSED] - if (fileDouble != pageDouble): null

27-11-2024T10:38:49 - [TEST_STEP][PASSED] - if (verifyEqual(numberOfErrors, 0) == false): Actual object '0' and expected object '0' are equal

27-11-2024T10:38:49 - [MESSAGE][PASSED] - Actual object '0' and expected object '0' are equal

27-11-2024T10:38:49 - [TEST_STEP][PASSED] - if (a == 82): null

27-11-2024T10:38:49 - [TEST_STEP][PASSED] - dZO = "Воронежэнерго": null

27-11-2024T10:38:49 - [TEST_STEP][PASSED] - a = 4: null

27-11-2024T10:38:49 - [TEST_STEP][PASSED] - if (x2.contains(dZO)): null

27-11-2024T10:38:49 - [TEST_STEP][PASSED] - filialNum = filialNum + 1: null

27-11-2024T10:38:49 - [TEST_STEP][PASSED] - Script1718980020443.Numbers(a, typeOfData, todaysDate, pageInt, fileInt, pageDouble, fileDouble, dZO, dzoNum, filialNum): null

27-11-2024T10:38:49 - [TEST_STEP][PASSED] - println(dzoNum): null

27-11-2024T10:38:49 - [TEST_STEP][PASSED] - planFact = <not implemented yet for class: org.codehaus.groovy.ast.expr.EmptyExpression>: null

27-11-2024T10:38:49 - [TEST_STEP][PASSED] - page = <not implemented yet for class: org.codehaus.groovy.ast.expr.EmptyExpression>: null

27-11-2024T10:38:49 - [TEST_STEP][PASSED] - page1 = <not implemented yet for class: org.codehaus.groovy.ast.expr.EmptyExpression>: null

27-11-2024T10:38:49 - [TEST_STEP][PASSED] - page2 = <not implemented yet for class: org.codehaus.groovy.ast.expr.EmptyExpression>: null

27-11-2024T10:38:49 - [TEST_STEP][PASSED] - filialNumberInRow = <not implemented yet for class: org.codehaus.groovy.ast.expr.EmptyExpression>: null

27-11-2024T10:38:49 - [TEST_STEP][PASSED] - filialsDzoNames = <not implemented yet for class: org.codehaus.groovy.ast.expr.EmptyExpression>: null

27-11-2024T10:38:49 - [TEST_STEP][PASSED] - numberOfFilials = <not implemented yet for class: org.codehaus.groovy.ast.expr.EmptyExpression>: null

27-11-2024T10:38:49 - [TEST_STEP][PASSED] - numberOfSpaces = <not implemented yet for class: org.codehaus.groovy.ast.expr.EmptyExpression>: null

27-11-2024T10:38:49 - [TEST_STEP][PASSED] - file = <not implemented yet for class: org.codehaus.groovy.ast.expr.EmptyExpression>: null

27-11-2024T10:38:49 - [TEST_STEP][PASSED] - otpusk = <not implemented yet for class: org.codehaus.groovy.ast.expr.EmptyExpression>: null

27-11-2024T10:38:49 - [TEST_STEP][PASSED] - poteri = <not implemented yet for class: org.codehaus.groovy.ast.expr.EmptyExpression>: null

27-11-2024T10:38:49 - [TEST_STEP][PASSED] - dataFolder = "Выполнение бизнес-плана/Значения со страницы Выполнение бизнес-плана/": null

27-11-2024T10:38:49 - [TEST_STEP][PASSED] - path = <not implemented yet for class: org.codehaus.groovy.ast.expr.EmptyExpression>: null

27-11-2024T10:38:49 - [TEST_STEP][PASSED] - typeOfDataMain = <not implemented yet for class: org.codehaus.groovy.ast.expr.EmptyExpression>: null

27-11-2024T10:38:49 - [TEST_STEP][PASSED] - fileOtpuskVSet = <not implemented yet for class: org.codehaus.groovy.ast.expr.EmptyExpression>: null

27-11-2024T10:38:49 - [TEST_STEP][PASSED] - pageOtpuskVSet = <not implemented yet for class: org.codehaus.groovy.ast.expr.EmptyExpression>: null

27-11-2024T10:38:49 - [TEST_STEP][PASSED] - filePoteri = <not implemented yet for class: org.codehaus.groovy.ast.expr.EmptyExpression>: null

27-11-2024T10:38:49 - [TEST_STEP][PASSED] - pagePoteri = <not implemented yet for class: org.codehaus.groovy.ast.expr.EmptyExpression>: null

27-11-2024T10:38:49 - [TEST_STEP][PASSED] - compare = <not implemented yet for class: org.codehaus.groovy.ast.expr.EmptyExpression>: null

27-11-2024T10:38:49 - [TEST_STEP][PASSED] - b = <not implemented yet for class: org.codehaus.groovy.ast.expr.EmptyExpression>: null

27-11-2024T10:38:49 - [TEST_STEP][PASSED] - i = <not implemented yet for class: org.codehaus.groovy.ast.expr.EmptyExpression>: null

27-11-2024T10:38:49 - [TEST_STEP][PASSED] - ii = <not implemented yet for class: org.codehaus.groovy.ast.expr.EmptyExpression>: null

27-11-2024T10:38:49 - [TEST_STEP][PASSED] - c = <not implemented yet for class: org.codehaus.groovy.ast.expr.EmptyExpression>: null

27-11-2024T10:38:49 - [TEST_STEP][PASSED] - numberOfErrors = 0: null

27-11-2024T10:38:49 - [TEST_STEP][PASSED] - if (a == 82): null

27-11-2024T10:38:49 - [TEST_STEP][PASSED] - b = findTestData("PlanFact").getValue(1, a): null

27-11-2024T10:38:49 - [TEST_STEP][PASSED] - i = b.indexOf(" (ГК)"): null

27-11-2024T10:38:49 - [TEST_STEP][PASSED] - if (i > -1): null

27-11-2024T10:38:49 - [TEST_STEP][PASSED] - i = b.indexOf("О ""): null

27-11-2024T10:38:49 - [TEST_STEP][PASSED] - if (i > -1): null

27-11-2024T10:38:49 - [TEST_STEP][PASSED] - i = b.indexOf("О «"): null

27-11-2024T10:38:49 - [TEST_STEP][PASSED] - if (i > -1): null

27-11-2024T10:38:49 - [TEST_STEP][PASSED] - i = b.indexOf("г. "): null

27-11-2024T10:38:49 - [TEST_STEP][PASSED] - if (i > -1): null

27-11-2024T10:38:49 - [TEST_STEP][PASSED] - println(b): null

27-11-2024T10:38:49 - [TEST_STEP][PASSED] - for ([planFact = 1, planFact < 3, (planFact++)]): Object: 'Object Repository/Выполнение бизнес-плана/Кнопка Факт' is clicked on

27-11-2024T10:38:49 - [TEST_STEP][PASSED] - if (planFact == 1): null

27-11-2024T10:38:49 - [TEST_STEP][PASSED] - typeOfDataMain = "Факт": null

27-11-2024T10:38:49 - [TEST_STEP][PASSED] - otpusk = findTestData("PlanFact").getValue(5, a): null

27-11-2024T10:38:49 - [TEST_STEP][PASSED] - poteri = findTestData("PlanFact").getValue(6, a): null

27-11-2024T10:38:49 - [TEST_STEP][PASSED] - otpusk = otpusk.replaceAll("\s+", ""): null

27-11-2024T10:38:49 - [TEST_STEP][PASSED] - poteri = poteri.replaceAll("\s+", ""): null

27-11-2024T10:38:49 - [TEST_STEP][PASSED] - typeOfData = typeOfDataMain + " Отпуск в сеть": null

27-11-2024T10:38:49 - [TEST_STEP][PASSED] - if (a == 82): null

27-11-2024T10:38:49 - [TEST_STEP][PASSED] - else if (a == 84): null

27-11-2024T10:38:49 - [TEST_STEP][PASSED] - else if (a == 52 || a == 72 || a == 28 || a == 73 || a == 77 || a == 74 || a == 65 || a == 36 || a == 44 || a == 53 || a == 80 || a == 54 || a == 1 || a == 18 || a == 59 || a == 81): null

27-11-2024T10:38:49 - [TEST_STEP][PASSED] - else: null

27-11-2024T10:38:49 - [TEST_STEP][PASSED] - path = dataFolder + typeOfData + " за отчётный период " + b: null

27-11-2024T10:38:49 - [TEST_STEP][PASSED] - println(path): null

27-11-2024T10:38:49 - [TEST_STEP][PASSED] - page = getText(findTestObject(path)): Text of object 'Object Repository/Выполнение бизнес-плана/Значения со страницы Выполнение бизнес-плана/Факт Отпуск в сеть за отчётный период Воронежэнерго' is: '7 471 092'

27-11-2024T10:38:49 - [MESSAGE][PASSED] - Text of object 'Object Repository/Выполнение бизнес-плана/Значения со страницы Выполнение бизнес-плана/Факт Отпуск в сеть за отчётный период Воронежэнерго' is: '7 471 092'

27-11-2024T10:38:49 - [TEST_STEP][PASSED] - page = page.replaceAll("\s+", ""): null

27-11-2024T10:38:49 - [TEST_STEP][PASSED] - fileOtpuskVSet = otpusk.toInteger(): null

27-11-2024T10:38:49 - [TEST_STEP][PASSED] - pageOtpuskVSet = page.toInteger(): null

27-11-2024T10:38:49 - [TEST_STEP][PASSED] - typeOfData = typeOfDataMain + " Потери": null

27-11-2024T10:38:49 - [TEST_STEP][PASSED] - if (a == 82): null

27-11-2024T10:38:49 - [TEST_STEP][PASSED] - else if (a == 84): null

27-11-2024T10:38:49 - [TEST_STEP][PASSED] - else if (a == 52 || a == 72 || a == 28 || a == 73 || a == 77 || a == 74 || a == 65 || a == 36 || a == 44 || a == 53 || a == 80 || a == 54 || a == 1 || a == 18 || a == 59 || a == 81): null

27-11-2024T10:38:49 - [TEST_STEP][PASSED] - else: null

27-11-2024T10:38:49 - [TEST_STEP][PASSED] - path = dataFolder + typeOfData + " за отчётный период " + b: null

27-11-2024T10:38:49 - [TEST_STEP][PASSED] - page = getText(findTestObject(path)): Text of object 'Object Repository/Выполнение бизнес-плана/Значения со страницы Выполнение бизнес-плана/Факт Потери за отчётный период Воронежэнерго' is: '540 279'

27-11-2024T10:38:49 - [MESSAGE][PASSED] - Text of object 'Object Repository/Выполнение бизнес-плана/Значения со страницы Выполнение бизнес-плана/Факт Потери за отчётный период Воронежэнерго' is: '540 279'

27-11-2024T10:38:49 - [TEST_STEP][PASSED] - page = page.replaceAll("\s+", ""): null

27-11-2024T10:38:49 - [TEST_STEP][PASSED] - filePoteri = poteri.toInteger(): null

27-11-2024T10:38:49 - [TEST_STEP][PASSED] - pagePoteri = page.toInteger(): null

27-11-2024T10:38:49 - [TEST_STEP][PASSED] - compare = pageOtpuskVSet: null

27-11-2024T10:38:49 - [TEST_STEP][PASSED] - if (compare == fileOtpuskVSet): null

27-11-2024T10:38:49 - [TEST_STEP][PASSED] - if (compare == fileOtpuskVSet): null

27-11-2024T10:38:49 - [TEST_STEP][PASSED] - compare = pagePoteri: null

27-11-2024T10:38:49 - [TEST_STEP][PASSED] - if (compare == filePoteri): null

27-11-2024T10:38:49 - [TEST_STEP][PASSED] - if (compare == filePoteri): null

27-11-2024T10:38:49 - [TEST_STEP][PASSED] - if (planFact == 2): null

27-11-2024T10:38:49 - [TEST_STEP][PASSED] - if (planFact == 1): null

27-11-2024T10:38:49 - [TEST_STEP][PASSED] - else if (planFact == 2): null

27-11-2024T10:38:49 - [TEST_STEP][PASSED] - click(findTestObject("Выполнение бизнес-плана/Кнопка План")): Object: 'Object Repository/Выполнение бизнес-плана/Кнопка План' is clicked on

27-11-2024T10:38:50 - [MESSAGE][PASSED] - Object: 'Object Repository/Выполнение бизнес-плана/Кнопка План' is clicked on

27-11-2024T10:38:50 - [TEST_STEP][PASSED] - typeOfDataMain = "План": null

27-11-2024T10:38:50 - [TEST_STEP][PASSED] - otpusk = findTestData("PlanFact").getValue(2, a): null

27-11-2024T10:38:50 - [TEST_STEP][PASSED] - poteri = findTestData("PlanFact").getValue(3, a): null

27-11-2024T10:38:50 - [TEST_STEP][PASSED] - otpusk = otpusk.replaceAll("\s+", ""): null

27-11-2024T10:38:50 - [TEST_STEP][PASSED] - poteri = poteri.replaceAll("\s+", ""): null

27-11-2024T10:38:50 - [TEST_STEP][PASSED] - typeOfData = typeOfDataMain + " Отпуск в сеть": null

27-11-2024T10:38:50 - [TEST_STEP][PASSED] - if (a == 82): null

27-11-2024T10:38:50 - [TEST_STEP][PASSED] - else if (a == 84): null

27-11-2024T10:38:50 - [TEST_STEP][PASSED] - else if (a == 52 || a == 72 || a == 28 || a == 73 || a == 77 || a == 74 || a == 65 || a == 36 || a == 44 || a == 53 || a == 80 || a == 54 || a == 1 || a == 18 || a == 59 || a == 81): null

27-11-2024T10:38:50 - [TEST_STEP][PASSED] - else: null

27-11-2024T10:38:50 - [TEST_STEP][PASSED] - path = dataFolder + typeOfData + " за отчётный период " + b: null

27-11-2024T10:38:50 - [TEST_STEP][PASSED] - println(path): null

27-11-2024T10:38:50 - [TEST_STEP][PASSED] - page = getText(findTestObject(path)): Text of object 'Object Repository/Выполнение бизнес-плана/Значения со страницы Выполнение бизнес-плана/План Отпуск в сеть за отчётный период Воронежэнерго' is: '7 229 505'

27-11-2024T10:38:50 - [MESSAGE][PASSED] - Text of object 'Object Repository/Выполнение бизнес-плана/Значения со страницы Выполнение бизнес-плана/План Отпуск в сеть за отчётный период Воронежэнерго' is: '7 229 505'

27-11-2024T10:38:50 - [TEST_STEP][PASSED] - page = page.replaceAll("\s+", ""): null

27-11-2024T10:38:50 - [TEST_STEP][PASSED] - fileOtpuskVSet = otpusk.toInteger(): null

27-11-2024T10:38:50 - [TEST_STEP][PASSED] - pageOtpuskVSet = page.toInteger(): null

27-11-2024T10:38:50 - [TEST_STEP][PASSED] - typeOfData = typeOfDataMain + " Потери": null

27-11-2024T10:38:50 - [TEST_STEP][PASSED] - if (a == 82): null

27-11-2024T10:38:50 - [TEST_STEP][PASSED] - else if (a == 84): null

27-11-2024T10:38:50 - [TEST_STEP][PASSED] - else if (a == 52 || a == 72 || a == 28 || a == 73 || a == 77 || a == 74 || a == 65 || a == 36 || a == 44 || a == 53 || a == 80 || a == 54 || a == 1 || a == 18 || a == 59 || a == 81): null

27-11-2024T10:38:50 - [TEST_STEP][PASSED] - else: null

27-11-2024T10:38:50 - [TEST_STEP][PASSED] - path = dataFolder + typeOfData + " за отчётный период " + b: null

27-11-2024T10:38:50 - [TEST_STEP][PASSED] - page = getText(findTestObject(path)): Text of object 'Object Repository/Выполнение бизнес-плана/Значения со страницы Выполнение бизнес-плана/План Потери за отчётный период Воронежэнерго' is: '555 290'

27-11-2024T10:38:51 - [MESSAGE][PASSED] - Text of object 'Object Repository/Выполнение бизнес-плана/Значения со страницы Выполнение бизнес-плана/План Потери за отчётный период Воронежэнерго' is: '555 290'

27-11-2024T10:38:51 - [TEST_STEP][PASSED] - page = page.replaceAll("\s+", ""): null

27-11-2024T10:38:51 - [TEST_STEP][PASSED] - filePoteri = poteri.toInteger(): null

27-11-2024T10:38:51 - [TEST_STEP][PASSED] - pagePoteri = page.toInteger(): null

27-11-2024T10:38:51 - [TEST_STEP][PASSED] - compare = pageOtpuskVSet: null

27-11-2024T10:38:51 - [TEST_STEP][PASSED] - if (compare == fileOtpuskVSet): null

27-11-2024T10:38:51 - [TEST_STEP][PASSED] - if (compare == fileOtpuskVSet): null

27-11-2024T10:38:51 - [TEST_STEP][PASSED] - compare = pagePoteri: null

27-11-2024T10:38:51 - [TEST_STEP][PASSED] - if (compare == filePoteri): null

27-11-2024T10:38:51 - [TEST_STEP][PASSED] - if (compare == filePoteri): null

27-11-2024T10:38:51 - [TEST_STEP][PASSED] - if (planFact == 2): Object: 'Object Repository/Выполнение бизнес-плана/Кнопка Факт' is clicked on

27-11-2024T10:38:51 - [TEST_STEP][PASSED] - click(findTestObject("Выполнение бизнес-плана/Кнопка Факт")): Object: 'Object Repository/Выполнение бизнес-плана/Кнопка Факт' is clicked on

27-11-2024T10:38:51 - [MESSAGE][PASSED] - Object: 'Object Repository/Выполнение бизнес-плана/Кнопка Факт' is clicked on

27-11-2024T10:38:51 - [TEST_STEP][PASSED] - if (a == 84 || a == 82): null

27-11-2024T10:38:51 - [TEST_STEP][PASSED] - else if (a == 52 || a == 72 || a == 28 || a == 73 || a == 77 || a == 74 || a == 65 || a == 36 || a == 44 || a == 53 || a == 80 || a == 54 || a == 1 || a == 18 || a == 59 || a == 81): null

27-11-2024T10:38:51 - [TEST_STEP][PASSED] - else: null

27-11-2024T10:38:51 - [TEST_STEP][PASSED] - page1 = getText(findTestObject("Object Repository/Выполнение бизнес-плана/spanPlan" + filialNum)): Text of object 'Object Repository/Выполнение бизнес-плана/spanPlan6' is: '7.68
|'

27-11-2024T10:38:51 - [MESSAGE][PASSED] - Text of object 'Object Repository/Выполнение бизнес-плана/spanPlan6' is: '7.68
|'

27-11-2024T10:38:51 - [TEST_STEP][PASSED] - page1 = page1.replace("|", ""): null

27-11-2024T10:38:51 - [TEST_STEP][PASSED] - page2 = getText(findTestObject("Object Repository/Выполнение бизнес-плана/spanFact" + filialNum)): Text of object 'Object Repository/Выполнение бизнес-плана/spanFact6' is: '7.23
|'

27-11-2024T10:38:51 - [MESSAGE][PASSED] - Text of object 'Object Repository/Выполнение бизнес-плана/spanFact6' is: '7.23
|'

27-11-2024T10:38:51 - [TEST_STEP][PASSED] - page2 = page2.replace("|", ""): null

27-11-2024T10:38:51 - [TEST_STEP][PASSED] - println("page1: " + page1): null

27-11-2024T10:38:51 - [TEST_STEP][PASSED] - println("page2: " + page2): null

27-11-2024T10:38:51 - [TEST_STEP][PASSED] - file = findTestData("PlanFact").getValue(4, a): null

27-11-2024T10:38:51 - [TEST_STEP][PASSED] - file = file.replace(",", "."): null

27-11-2024T10:38:51 - [TEST_STEP][PASSED] - println("file Plan: " + file): null

27-11-2024T10:38:51 - [TEST_STEP][PASSED] - typeOfData = "План в процентах": null

27-11-2024T10:38:51 - [TEST_STEP][PASSED] - fileDouble = file.toDouble(): null

27-11-2024T10:38:51 - [TEST_STEP][PASSED] - pageDouble = page1.toDouble(): null

27-11-2024T10:38:51 - [TEST_STEP][PASSED] - if (fileDouble != pageDouble): null

27-11-2024T10:38:51 - [TEST_STEP][PASSED] - file = findTestData("PlanFact").getValue(7, a): null

27-11-2024T10:38:52 - [TEST_STEP][PASSED] - file = file.replace(",", "."): null

27-11-2024T10:38:52 - [TEST_STEP][PASSED] - println("file Fact: " + file): null

27-11-2024T10:38:52 - [TEST_STEP][PASSED] - fileDouble = file.toDouble(): null

27-11-2024T10:38:52 - [TEST_STEP][PASSED] - typeOfData = "Факт в процентах": null

27-11-2024T10:38:52 - [TEST_STEP][PASSED] - fileDouble = file.toDouble(): null

27-11-2024T10:38:52 - [TEST_STEP][PASSED] - pageDouble = page2.toDouble(): null

27-11-2024T10:38:52 - [TEST_STEP][PASSED] - if (fileDouble != pageDouble): null

27-11-2024T10:38:52 - [TEST_STEP][PASSED] - if (verifyEqual(numberOfErrors, 0) == false): Actual object '0' and expected object '0' are equal

27-11-2024T10:38:52 - [MESSAGE][PASSED] - Actual object '0' and expected object '0' are equal

27-11-2024T10:38:52 - [TEST_STEP][PASSED] - if (a == 82): null

27-11-2024T10:38:52 - [TEST_STEP][PASSED] - dZO = "Костромаэнерго": null

27-11-2024T10:38:52 - [TEST_STEP][PASSED] - a = 5: null

27-11-2024T10:38:52 - [TEST_STEP][PASSED] - if (x2.contains(dZO)): null

27-11-2024T10:38:52 - [TEST_STEP][PASSED] - filialNum = filialNum + 1: null

27-11-2024T10:38:52 - [TEST_STEP][PASSED] - Script1718980020443.Numbers(a, typeOfData, todaysDate, pageInt, fileInt, pageDouble, fileDouble, dZO, dzoNum, filialNum): null

27-11-2024T10:38:52 - [TEST_STEP][PASSED] - println(dzoNum): null

27-11-2024T10:38:52 - [TEST_STEP][PASSED] - planFact = <not implemented yet for class: org.codehaus.groovy.ast.expr.EmptyExpression>: null

27-11-2024T10:38:52 - [TEST_STEP][PASSED] - page = <not implemented yet for class: org.codehaus.groovy.ast.expr.EmptyExpression>: null

27-11-2024T10:38:52 - [TEST_STEP][PASSED] - page1 = <not implemented yet for class: org.codehaus.groovy.ast.expr.EmptyExpression>: null

27-11-2024T10:38:52 - [TEST_STEP][PASSED] - page2 = <not implemented yet for class: org.codehaus.groovy.ast.expr.EmptyExpression>: null

27-11-2024T10:38:52 - [TEST_STEP][PASSED] - filialNumberInRow = <not implemented yet for class: org.codehaus.groovy.ast.expr.EmptyExpression>: null

27-11-2024T10:38:52 - [TEST_STEP][PASSED] - filialsDzoNames = <not implemented yet for class: org.codehaus.groovy.ast.expr.EmptyExpression>: null

27-11-2024T10:38:52 - [TEST_STEP][PASSED] - numberOfFilials = <not implemented yet for class: org.codehaus.groovy.ast.expr.EmptyExpression>: null

27-11-2024T10:38:52 - [TEST_STEP][PASSED] - numberOfSpaces = <not implemented yet for class: org.codehaus.groovy.ast.expr.EmptyExpression>: null

27-11-2024T10:38:52 - [TEST_STEP][PASSED] - file = <not implemented yet for class: org.codehaus.groovy.ast.expr.EmptyExpression>: null

27-11-2024T10:38:52 - [TEST_STEP][PASSED] - otpusk = <not implemented yet for class: org.codehaus.groovy.ast.expr.EmptyExpression>: null

27-11-2024T10:38:52 - [TEST_STEP][PASSED] - poteri = <not implemented yet for class: org.codehaus.groovy.ast.expr.EmptyExpression>: null

27-11-2024T10:38:52 - [TEST_STEP][PASSED] - dataFolder = "Выполнение бизнес-плана/Значения со страницы Выполнение бизнес-плана/": null

27-11-2024T10:38:52 - [TEST_STEP][PASSED] - path = <not implemented yet for class: org.codehaus.groovy.ast.expr.EmptyExpression>: null

27-11-2024T10:38:52 - [TEST_STEP][PASSED] - typeOfDataMain = <not implemented yet for class: org.codehaus.groovy.ast.expr.EmptyExpression>: null

27-11-2024T10:38:52 - [TEST_STEP][PASSED] - fileOtpuskVSet = <not implemented yet for class: org.codehaus.groovy.ast.expr.EmptyExpression>: null

27-11-2024T10:38:52 - [TEST_STEP][PASSED] - pageOtpuskVSet = <not implemented yet for class: org.codehaus.groovy.ast.expr.EmptyExpression>: null

27-11-2024T10:38:52 - [TEST_STEP][PASSED] - filePoteri = <not implemented yet for class: org.codehaus.groovy.ast.expr.EmptyExpression>: null

27-11-2024T10:38:52 - [TEST_STEP][PASSED] - pagePoteri = <not implemented yet for class: org.codehaus.groovy.ast.expr.EmptyExpression>: null

27-11-2024T10:38:52 - [TEST_STEP][PASSED] - compare = <not implemented yet for class: org.codehaus.groovy.ast.expr.EmptyExpression>: null

27-11-2024T10:38:52 - [TEST_STEP][PASSED] - b = <not implemented yet for class: org.codehaus.groovy.ast.expr.EmptyExpression>: null

27-11-2024T10:38:52 - [TEST_STEP][PASSED] - i = <not implemented yet for class: org.codehaus.groovy.ast.expr.EmptyExpression>: null

27-11-2024T10:38:52 - [TEST_STEP][PASSED] - ii = <not implemented yet for class: org.codehaus.groovy.ast.expr.EmptyExpression>: null

27-11-2024T10:38:52 - [TEST_STEP][PASSED] - c = <not implemented yet for class: org.codehaus.groovy.ast.expr.EmptyExpression>: null

27-11-2024T10:38:52 - [TEST_STEP][PASSED] - numberOfErrors = 0: null

27-11-2024T10:38:52 - [TEST_STEP][PASSED] - if (a == 82): null

27-11-2024T10:38:52 - [TEST_STEP][PASSED] - b = findTestData("PlanFact").getValue(1, a): null

27-11-2024T10:38:52 - [TEST_STEP][PASSED] - i = b.indexOf(" (ГК)"): null

27-11-2024T10:38:52 - [TEST_STEP][PASSED] - if (i > -1): null

27-11-2024T10:38:52 - [TEST_STEP][PASSED] - i = b.indexOf("О ""): null

27-11-2024T10:38:52 - [TEST_STEP][PASSED] - if (i > -1): null

27-11-2024T10:38:52 - [TEST_STEP][PASSED] - i = b.indexOf("О «"): null

27-11-2024T10:38:52 - [TEST_STEP][PASSED] - if (i > -1): null

27-11-2024T10:38:52 - [TEST_STEP][PASSED] - i = b.indexOf("г. "): null

27-11-2024T10:38:52 - [TEST_STEP][PASSED] - if (i > -1): null

27-11-2024T10:38:52 - [TEST_STEP][PASSED] - println(b): null

27-11-2024T10:38:52 - [TEST_STEP][PASSED] - for ([planFact = 1, planFact < 3, (planFact++)]): null

27-11-2024T10:38:52 - [TEST_STEP][PASSED] - if (planFact == 1): null

27-11-2024T10:38:52 - [TEST_STEP][PASSED] - typeOfDataMain = "Факт": null

27-11-2024T10:38:52 - [TEST_STEP][PASSED] - otpusk = findTestData("PlanFact").getValue(5, a): null

27-11-2024T10:38:52 - [TEST_STEP][PASSED] - poteri = findTestData("PlanFact").getValue(6, a): null

27-11-2024T10:38:52 - [TEST_STEP][PASSED] - otpusk = otpusk.replaceAll("\s+", ""): null

27-11-2024T10:38:52 - [TEST_STEP][PASSED] - poteri = poteri.replaceAll("\s+", ""): null

27-11-2024T10:38:52 - [TEST_STEP][PASSED] - typeOfData = typeOfDataMain + " Отпуск в сеть": null

27-11-2024T10:38:52 - [TEST_STEP][PASSED] - if (a == 82): null

27-11-2024T10:38:52 - [TEST_STEP][PASSED] - else if (a == 84): null

27-11-2024T10:38:52 - [TEST_STEP][PASSED] - else if (a == 52 || a == 72 || a == 28 || a == 73 || a == 77 || a == 74 || a == 65 || a == 36 || a == 44 || a == 53 || a == 80 || a == 54 || a == 1 || a == 18 || a == 59 || a == 81): null

27-11-2024T10:38:52 - [TEST_STEP][PASSED] - else: null

27-11-2024T10:38:52 - [TEST_STEP][PASSED] - path = dataFolder + typeOfData + " за отчётный период " + b: null

27-11-2024T10:38:52 - [TEST_STEP][PASSED] - println(path): null

27-11-2024T10:38:52 - [TEST_STEP][PASSED] - page = getText(findTestObject(path)): Text of object 'Object Repository/Выполнение бизнес-плана/Значения со страницы Выполнение бизнес-плана/Факт Отпуск в сеть за отчётный период Костромаэнерго' is: '2 101 668'

27-11-2024T10:38:52 - [MESSAGE][PASSED] - Text of object 'Object Repository/Выполнение бизнес-плана/Значения со страницы Выполнение бизнес-плана/Факт Отпуск в сеть за отчётный период Костромаэнерго' is: '2 101 668'

27-11-2024T10:38:52 - [TEST_STEP][PASSED] - page = page.replaceAll("\s+", ""): null

27-11-2024T10:38:52 - [TEST_STEP][PASSED] - fileOtpuskVSet = otpusk.toInteger(): null

27-11-2024T10:38:52 - [TEST_STEP][PASSED] - pageOtpuskVSet = page.toInteger(): null

27-11-2024T10:38:52 - [TEST_STEP][PASSED] - typeOfData = typeOfDataMain + " Потери": null

27-11-2024T10:38:52 - [TEST_STEP][PASSED] - if (a == 82): null

27-11-2024T10:38:52 - [TEST_STEP][PASSED] - else if (a == 84): null

27-11-2024T10:38:52 - [TEST_STEP][PASSED] - else if (a == 52 || a == 72 || a == 28 || a == 73 || a == 77 || a == 74 || a == 65 || a == 36 || a == 44 || a == 53 || a == 80 || a == 54 || a == 1 || a == 18 || a == 59 || a == 81): null

27-11-2024T10:38:52 - [TEST_STEP][PASSED] - else: null

27-11-2024T10:38:52 - [TEST_STEP][PASSED] - path = dataFolder + typeOfData + " за отчётный период " + b: null

27-11-2024T10:38:52 - [TEST_STEP][PASSED] - page = getText(findTestObject(path)): Text of object 'Object Repository/Выполнение бизнес-плана/Значения со страницы Выполнение бизнес-плана/Факт Потери за отчётный период Костромаэнерго' is: '196 726'

27-11-2024T10:38:52 - [MESSAGE][PASSED] - Text of object 'Object Repository/Выполнение бизнес-плана/Значения со страницы Выполнение бизнес-плана/Факт Потери за отчётный период Костромаэнерго' is: '196 726'

27-11-2024T10:38:52 - [TEST_STEP][PASSED] - page = page.replaceAll("\s+", ""): null

27-11-2024T10:38:52 - [TEST_STEP][PASSED] - filePoteri = poteri.toInteger(): null

27-11-2024T10:38:52 - [TEST_STEP][PASSED] - pagePoteri = page.toInteger(): null

27-11-2024T10:38:52 - [TEST_STEP][PASSED] - compare = pageOtpuskVSet: null

27-11-2024T10:38:52 - [TEST_STEP][PASSED] - if (compare == fileOtpuskVSet): null

27-11-2024T10:38:52 - [TEST_STEP][PASSED] - else if (compare > fileOtpuskVSet): null

27-11-2024T10:38:52 - [TEST_STEP][PASSED] - compare = compare - 1: null

27-11-2024T10:38:52 - [TEST_STEP][PASSED] - if (compare == fileOtpuskVSet): null

27-11-2024T10:38:52 - [TEST_STEP][PASSED] - else: null

27-11-2024T10:38:52 - [TEST_STEP][PASSED] - numberOfErrors = numberOfErrors + 1: null

27-11-2024T10:38:52 - [TEST_STEP][PASSED] - pageInt = pageOtpuskVSet: null

27-11-2024T10:38:52 - [TEST_STEP][PASSED] - fileInt = fileOtpuskVSet: null

27-11-2024T10:38:52 - [TEST_STEP][PASSED] - typeOfData = typeOfDataMain + " Отпуск в сеть": null

27-11-2024T10:38:52 - [TEST_STEP][PASSED] - Script1718980020443.WriteToExcel(a, typeOfData, todaysDate, pageInt, fileInt, pageDouble, fileDouble, dZO): null

27-11-2024T10:38:52 - [TEST_STEP][PASSED] - sheetName = "Sheet1": null

27-11-2024T10:38:52 - [TEST_STEP][PASSED] - data = findTestData("PlanFact"): null

27-11-2024T10:38:52 - [TEST_STEP][PASSED] - n = data.getRowNumbers() + 1: null

27-11-2024T10:38:52 - [TEST_STEP][PASSED] - year = todaysDate.substring(todaysDate.length() - 4, todaysDate.length()): null

27-11-2024T10:38:52 - [TEST_STEP][PASSED] - y = year.toInteger(): null

27-11-2024T10:38:52 - [TEST_STEP][PASSED] - m = getText(findTestObject("Выполнение бизнес-плана/Период")): Text of object 'Object Repository/Выполнение бизнес-плана/Период' is: '1, 2, 3 кв. 2024 года'

27-11-2024T10:38:53 - [MESSAGE][PASSED] - Text of object 'Object Repository/Выполнение бизнес-плана/Период' is: '1, 2, 3 кв. 2024 года'

27-11-2024T10:38:53 - [TEST_STEP][PASSED] - m = m.substring(0, m.indexOf("2024")): null

27-11-2024T10:38:53 - [TEST_STEP][PASSED] - m = m.trim(): null

27-11-2024T10:38:53 - [TEST_STEP][PASSED] - dashboardName = "Выполнение бизнес-плана": null

27-11-2024T10:38:53 - [TEST_STEP][PASSED] - workbook01 = getWorkbook(excelFilePath): null

27-11-2024T10:38:53 - [TEST_STEP][PASSED] - sheet01 = getExcelSheet(workbook01, sheetName): null

27-11-2024T10:38:53 - [TEST_STEP][PASSED] - setValueToCellByIndex(sheet01, n, 0, dashboardName): null

27-11-2024T10:38:53 - [TEST_STEP][PASSED] - setValueToCellByIndex(sheet01, n, 1, dZO): null

27-11-2024T10:38:53 - [TEST_STEP][PASSED] - setValueToCellByIndex(sheet01, n, 2, typeOfData): null

27-11-2024T10:38:53 - [TEST_STEP][PASSED] - if (typeOfData == "Факт в процентах" || typeOfData == "План в процентах"): null

27-11-2024T10:38:53 - [TEST_STEP][PASSED] - else: null

27-11-2024T10:38:53 - [TEST_STEP][PASSED] - setValueToCellByIndex(sheet01, n, 3, fileInt): null

27-11-2024T10:38:53 - [TEST_STEP][PASSED] - setValueToCellByIndex(sheet01, n, 4, pageInt): null

27-11-2024T10:38:53 - [TEST_STEP][PASSED] - setValueToCellByIndex(sheet01, n, 5, m): null

27-11-2024T10:38:53 - [TEST_STEP][PASSED] - setValueToCellByIndex(sheet01, n, 6, y): null

27-11-2024T10:38:53 - [TEST_STEP][PASSED] - setValueToCellByIndex(sheet01, n, 7, todaysDate): null

27-11-2024T10:38:53 - [TEST_STEP][PASSED] - n = n + 1: null

27-11-2024T10:38:53 - [TEST_STEP][PASSED] - saveWorkbook(excelFilePath, workbook01): null

27-11-2024T10:38:53 - [TEST_STEP][PASSED] - compare = pagePoteri: null

27-11-2024T10:38:53 - [TEST_STEP][PASSED] - if (compare == filePoteri): null

27-11-2024T10:38:53 - [TEST_STEP][PASSED] - else if (compare > filePoteri): null

27-11-2024T10:38:53 - [TEST_STEP][PASSED] - compare = compare - 1: null

27-11-2024T10:38:53 - [TEST_STEP][PASSED] - if (compare == filePoteri): null

27-11-2024T10:38:53 - [TEST_STEP][PASSED] - else: null

27-11-2024T10:38:53 - [TEST_STEP][PASSED] - numberOfErrors = numberOfErrors + 1: null

27-11-2024T10:38:53 - [TEST_STEP][PASSED] - pageInt = pagePoteri: null

27-11-2024T10:38:53 - [TEST_STEP][PASSED] - fileInt = filePoteri: null

27-11-2024T10:38:53 - [TEST_STEP][PASSED] - typeOfData = typeOfDataMain + " Потери": null

27-11-2024T10:38:53 - [TEST_STEP][PASSED] - Script1718980020443.WriteToExcel(a, typeOfData, todaysDate, pageInt, fileInt, pageDouble, fileDouble, dZO): null

27-11-2024T10:38:53 - [TEST_STEP][PASSED] - sheetName = "Sheet1": null

27-11-2024T10:38:53 - [TEST_STEP][PASSED] - data = findTestData("PlanFact"): null

27-11-2024T10:38:53 - [TEST_STEP][PASSED] - n = data.getRowNumbers() + 1: null

27-11-2024T10:38:53 - [TEST_STEP][PASSED] - year = todaysDate.substring(todaysDate.length() - 4, todaysDate.length()): null

27-11-2024T10:38:53 - [TEST_STEP][PASSED] - y = year.toInteger(): null

27-11-2024T10:38:53 - [TEST_STEP][PASSED] - m = getText(findTestObject("Выполнение бизнес-плана/Период")): Text of object 'Object Repository/Выполнение бизнес-плана/Период' is: '1, 2, 3 кв. 2024 года'

27-11-2024T10:38:53 - [MESSAGE][PASSED] - Text of object 'Object Repository/Выполнение бизнес-плана/Период' is: '1, 2, 3 кв. 2024 года'

27-11-2024T10:38:53 - [TEST_STEP][PASSED] - m = m.substring(0, m.indexOf("2024")): null

27-11-2024T10:38:53 - [TEST_STEP][PASSED] - m = m.trim(): null

27-11-2024T10:38:53 - [TEST_STEP][PASSED] - dashboardName = "Выполнение бизнес-плана": null

27-11-2024T10:38:53 - [TEST_STEP][PASSED] - workbook01 = getWorkbook(excelFilePath): null

27-11-2024T10:38:53 - [TEST_STEP][PASSED] - sheet01 = getExcelSheet(workbook01, sheetName): null

27-11-2024T10:38:53 - [TEST_STEP][PASSED] - setValueToCellByIndex(sheet01, n, 0, dashboardName): null

27-11-2024T10:38:53 - [TEST_STEP][PASSED] - setValueToCellByIndex(sheet01, n, 1, dZO): null

27-11-2024T10:38:53 - [TEST_STEP][PASSED] - setValueToCellByIndex(sheet01, n, 2, typeOfData): null

27-11-2024T10:38:53 - [TEST_STEP][PASSED] - if (typeOfData == "Факт в процентах" || typeOfData == "План в процентах"): null

27-11-2024T10:38:53 - [TEST_STEP][PASSED] - else: null

27-11-2024T10:38:53 - [TEST_STEP][PASSED] - setValueToCellByIndex(sheet01, n, 3, fileInt): null

27-11-2024T10:38:53 - [TEST_STEP][PASSED] - setValueToCellByIndex(sheet01, n, 4, pageInt): null

27-11-2024T10:38:53 - [TEST_STEP][PASSED] - setValueToCellByIndex(sheet01, n, 5, m): null

27-11-2024T10:38:53 - [TEST_STEP][PASSED] - setValueToCellByIndex(sheet01, n, 6, y): null

27-11-2024T10:38:53 - [TEST_STEP][PASSED] - setValueToCellByIndex(sheet01, n, 7, todaysDate): null

27-11-2024T10:38:53 - [TEST_STEP][PASSED] - n = n + 1: null

27-11-2024T10:38:53 - [TEST_STEP][PASSED] - saveWorkbook(excelFilePath, workbook01): null

27-11-2024T10:38:54 - [TEST_STEP][PASSED] - if (planFact == 2): null

27-11-2024T10:38:54 - [TEST_STEP][PASSED] - if (planFact == 1): null

27-11-2024T10:38:54 - [TEST_STEP][PASSED] - else if (planFact == 2): null

27-11-2024T10:38:54 - [TEST_STEP][PASSED] - click(findTestObject("Выполнение бизнес-плана/Кнопка План")): Object: 'Object Repository/Выполнение бизнес-плана/Кнопка План' is clicked on

27-11-2024T10:38:54 - [MESSAGE][PASSED] - Object: 'Object Repository/Выполнение бизнес-плана/Кнопка План' is clicked on

27-11-2024T10:38:54 - [TEST_STEP][PASSED] - typeOfDataMain = "План": null

27-11-2024T10:38:54 - [TEST_STEP][PASSED] - otpusk = findTestData("PlanFact").getValue(2, a): null

27-11-2024T10:38:54 - [TEST_STEP][PASSED] - poteri = findTestData("PlanFact").getValue(3, a): null

27-11-2024T10:38:54 - [TEST_STEP][PASSED] - otpusk = otpusk.replaceAll("\s+", ""): null

27-11-2024T10:38:54 - [TEST_STEP][PASSED] - poteri = poteri.replaceAll("\s+", ""): null

27-11-2024T10:38:54 - [TEST_STEP][PASSED] - typeOfData = typeOfDataMain + " Отпуск в сеть": null

27-11-2024T10:38:54 - [TEST_STEP][PASSED] - if (a == 82): null

27-11-2024T10:38:54 - [TEST_STEP][PASSED] - else if (a == 84): null

27-11-2024T10:38:54 - [TEST_STEP][PASSED] - else if (a == 52 || a == 72 || a == 28 || a == 73 || a == 77 || a == 74 || a == 65 || a == 36 || a == 44 || a == 53 || a == 80 || a == 54 || a == 1 || a == 18 || a == 59 || a == 81): null

27-11-2024T10:38:54 - [TEST_STEP][PASSED] - else: null

27-11-2024T10:38:54 - [TEST_STEP][PASSED] - path = dataFolder + typeOfData + " за отчётный период " + b: null

27-11-2024T10:38:54 - [TEST_STEP][PASSED] - println(path): null

27-11-2024T10:38:54 - [TEST_STEP][PASSED] - page = getText(findTestObject(path)): Text of object 'Object Repository/Выполнение бизнес-плана/Значения со страницы Выполнение бизнес-плана/План Отпуск в сеть за отчётный период Костромаэнерго' is: '2 068 166'

27-11-2024T10:38:54 - [MESSAGE][PASSED] - Text of object 'Object Repository/Выполнение бизнес-плана/Значения со страницы Выполнение бизнес-плана/План Отпуск в сеть за отчётный период Костромаэнерго' is: '2 068 166'

27-11-2024T10:38:54 - [TEST_STEP][PASSED] - page = page.replaceAll("\s+", ""): null

27-11-2024T10:38:54 - [TEST_STEP][PASSED] - fileOtpuskVSet = otpusk.toInteger(): null

27-11-2024T10:38:54 - [TEST_STEP][PASSED] - pageOtpuskVSet = page.toInteger(): null

27-11-2024T10:38:54 - [TEST_STEP][PASSED] - typeOfData = typeOfDataMain + " Потери": null

27-11-2024T10:38:54 - [TEST_STEP][PASSED] - if (a == 82): null

27-11-2024T10:38:54 - [TEST_STEP][PASSED] - else if (a == 84): null

27-11-2024T10:38:54 - [TEST_STEP][PASSED] - else if (a == 52 || a == 72 || a == 28 || a == 73 || a == 77 || a == 74 || a == 65 || a == 36 || a == 44 || a == 53 || a == 80 || a == 54 || a == 1 || a == 18 || a == 59 || a == 81): null

27-11-2024T10:38:54 - [TEST_STEP][PASSED] - else: null

27-11-2024T10:38:54 - [TEST_STEP][PASSED] - path = dataFolder + typeOfData + " за отчётный период " + b: null

27-11-2024T10:38:54 - [TEST_STEP][PASSED] - page = getText(findTestObject(path)): Text of object 'Object Repository/Выполнение бизнес-плана/Значения со страницы Выполнение бизнес-плана/План Потери за отчётный период Костромаэнерго' is: '193 363'

27-11-2024T10:38:55 - [MESSAGE][PASSED] - Text of object 'Object Repository/Выполнение бизнес-плана/Значения со страницы Выполнение бизнес-плана/План Потери за отчётный период Костромаэнерго' is: '193 363'

27-11-2024T10:38:55 - [TEST_STEP][PASSED] - page = page.replaceAll("\s+", ""): null

27-11-2024T10:38:55 - [TEST_STEP][PASSED] - filePoteri = poteri.toInteger(): null

27-11-2024T10:38:55 - [TEST_STEP][PASSED] - pagePoteri = page.toInteger(): null

27-11-2024T10:38:55 - [TEST_STEP][PASSED] - compare = pageOtpuskVSet: null

27-11-2024T10:38:55 - [TEST_STEP][PASSED] - if (compare == fileOtpuskVSet): null

27-11-2024T10:38:55 - [TEST_STEP][PASSED] - else if (compare > fileOtpuskVSet): null

27-11-2024T10:38:55 - [TEST_STEP][PASSED] - compare = compare - 1: null

27-11-2024T10:38:55 - [TEST_STEP][PASSED] - if (compare == fileOtpuskVSet): null

27-11-2024T10:38:55 - [TEST_STEP][PASSED] - else: null

27-11-2024T10:38:55 - [TEST_STEP][PASSED] - numberOfErrors = numberOfErrors + 1: null

27-11-2024T10:38:55 - [TEST_STEP][PASSED] - pageInt = pageOtpuskVSet: null

27-11-2024T10:38:55 - [TEST_STEP][PASSED] - fileInt = fileOtpuskVSet: null

27-11-2024T10:38:55 - [TEST_STEP][PASSED] - typeOfData = typeOfDataMain + " Отпуск в сеть": null

27-11-2024T10:38:55 - [TEST_STEP][PASSED] - Script1718980020443.WriteToExcel(a, typeOfData, todaysDate, pageInt, fileInt, pageDouble, fileDouble, dZO): null

27-11-2024T10:38:55 - [TEST_STEP][PASSED] - sheetName = "Sheet1": null

27-11-2024T10:38:55 - [TEST_STEP][PASSED] - data = findTestData("PlanFact"): null

27-11-2024T10:38:55 - [TEST_STEP][PASSED] - n = data.getRowNumbers() + 1: null

27-11-2024T10:38:55 - [TEST_STEP][PASSED] - year = todaysDate.substring(todaysDate.length() - 4, todaysDate.length()): null

27-11-2024T10:38:55 - [TEST_STEP][PASSED] - y = year.toInteger(): null

27-11-2024T10:38:55 - [TEST_STEP][PASSED] - m = getText(findTestObject("Выполнение бизнес-плана/Период")): Text of object 'Object Repository/Выполнение бизнес-плана/Период' is: '1, 2, 3 кв. 2024 года'

27-11-2024T10:38:55 - [MESSAGE][PASSED] - Text of object 'Object Repository/Выполнение бизнес-плана/Период' is: '1, 2, 3 кв. 2024 года'

27-11-2024T10:38:55 - [TEST_STEP][PASSED] - m = m.substring(0, m.indexOf("2024")): null

27-11-2024T10:38:55 - [TEST_STEP][PASSED] - m = m.trim(): null

27-11-2024T10:38:55 - [TEST_STEP][PASSED] - dashboardName = "Выполнение бизнес-плана": null

27-11-2024T10:38:55 - [TEST_STEP][PASSED] - workbook01 = getWorkbook(excelFilePath): null

27-11-2024T10:38:55 - [TEST_STEP][PASSED] - sheet01 = getExcelSheet(workbook01, sheetName): null

27-11-2024T10:38:55 - [TEST_STEP][PASSED] - setValueToCellByIndex(sheet01, n, 0, dashboardName): null

27-11-2024T10:38:55 - [TEST_STEP][PASSED] - setValueToCellByIndex(sheet01, n, 1, dZO): null

27-11-2024T10:38:55 - [TEST_STEP][PASSED] - setValueToCellByIndex(sheet01, n, 2, typeOfData): null

27-11-2024T10:38:55 - [TEST_STEP][PASSED] - if (typeOfData == "Факт в процентах" || typeOfData == "План в процентах"): null

27-11-2024T10:38:55 - [TEST_STEP][PASSED] - else: null

27-11-2024T10:38:55 - [TEST_STEP][PASSED] - setValueToCellByIndex(sheet01, n, 3, fileInt): null

27-11-2024T10:38:55 - [TEST_STEP][PASSED] - setValueToCellByIndex(sheet01, n, 4, pageInt): null

27-11-2024T10:38:55 - [TEST_STEP][PASSED] - setValueToCellByIndex(sheet01, n, 5, m): null

27-11-2024T10:38:55 - [TEST_STEP][PASSED] - setValueToCellByIndex(sheet01, n, 6, y): null

27-11-2024T10:38:55 - [TEST_STEP][PASSED] - setValueToCellByIndex(sheet01, n, 7, todaysDate): null

27-11-2024T10:38:55 - [TEST_STEP][PASSED] - n = n + 1: null

27-11-2024T10:38:55 - [TEST_STEP][PASSED] - saveWorkbook(excelFilePath, workbook01): null

27-11-2024T10:38:55 - [TEST_STEP][PASSED] - compare = pagePoteri: null

27-11-2024T10:38:55 - [TEST_STEP][PASSED] - if (compare == filePoteri): null

27-11-2024T10:38:55 - [TEST_STEP][PASSED] - else if (compare > filePoteri): null

27-11-2024T10:38:55 - [TEST_STEP][PASSED] - compare = compare - 1: null

27-11-2024T10:38:55 - [TEST_STEP][PASSED] - if (compare == filePoteri): null

27-11-2024T10:38:55 - [TEST_STEP][PASSED] - else: null

27-11-2024T10:38:55 - [TEST_STEP][PASSED] - numberOfErrors = numberOfErrors + 1: null

27-11-2024T10:38:55 - [TEST_STEP][PASSED] - pageInt = pagePoteri: null

27-11-2024T10:38:55 - [TEST_STEP][PASSED] - fileInt = filePoteri: null

27-11-2024T10:38:55 - [TEST_STEP][PASSED] - typeOfData = typeOfDataMain + " Потери": null

27-11-2024T10:38:55 - [TEST_STEP][PASSED] - Script1718980020443.WriteToExcel(a, typeOfData, todaysDate, pageInt, fileInt, pageDouble, fileDouble, dZO): null

27-11-2024T10:38:55 - [TEST_STEP][PASSED] - sheetName = "Sheet1": null

27-11-2024T10:38:55 - [TEST_STEP][PASSED] - data = findTestData("PlanFact"): null

27-11-2024T10:38:56 - [TEST_STEP][PASSED] - n = data.getRowNumbers() + 1: null

27-11-2024T10:38:56 - [TEST_STEP][PASSED] - year = todaysDate.substring(todaysDate.length() - 4, todaysDate.length()): null

27-11-2024T10:38:56 - [TEST_STEP][PASSED] - y = year.toInteger(): null

27-11-2024T10:38:56 - [TEST_STEP][PASSED] - m = getText(findTestObject("Выполнение бизнес-плана/Период")): Text of object 'Object Repository/Выполнение бизнес-плана/Период' is: '1, 2, 3 кв. 2024 года'

27-11-2024T10:38:56 - [MESSAGE][PASSED] - Text of object 'Object Repository/Выполнение бизнес-плана/Период' is: '1, 2, 3 кв. 2024 года'

27-11-2024T10:38:56 - [TEST_STEP][PASSED] - m = m.substring(0, m.indexOf("2024")): null

27-11-2024T10:38:56 - [TEST_STEP][PASSED] - m = m.trim(): null

27-11-2024T10:38:56 - [TEST_STEP][PASSED] - dashboardName = "Выполнение бизнес-плана": null

27-11-2024T10:38:56 - [TEST_STEP][PASSED] - workbook01 = getWorkbook(excelFilePath): null

27-11-2024T10:38:56 - [TEST_STEP][PASSED] - sheet01 = getExcelSheet(workbook01, sheetName): null

27-11-2024T10:38:56 - [TEST_STEP][PASSED] - setValueToCellByIndex(sheet01, n, 0, dashboardName): null

27-11-2024T10:38:56 - [TEST_STEP][PASSED] - setValueToCellByIndex(sheet01, n, 1, dZO): null

27-11-2024T10:38:56 - [TEST_STEP][PASSED] - setValueToCellByIndex(sheet01, n, 2, typeOfData): null

27-11-2024T10:38:56 - [TEST_STEP][PASSED] - if (typeOfData == "Факт в процентах" || typeOfData == "План в процентах"): null

27-11-2024T10:38:56 - [TEST_STEP][PASSED] - else: null

27-11-2024T10:38:56 - [TEST_STEP][PASSED] - setValueToCellByIndex(sheet01, n, 3, fileInt): null

27-11-2024T10:38:56 - [TEST_STEP][PASSED] - setValueToCellByIndex(sheet01, n, 4, pageInt): null

27-11-2024T10:38:56 - [TEST_STEP][PASSED] - setValueToCellByIndex(sheet01, n, 5, m): null

27-11-2024T10:38:56 - [TEST_STEP][PASSED] - setValueToCellByIndex(sheet01, n, 6, y): null

27-11-2024T10:38:56 - [TEST_STEP][PASSED] - setValueToCellByIndex(sheet01, n, 7, todaysDate): null

27-11-2024T10:38:56 - [TEST_STEP][PASSED] - n = n + 1: null

27-11-2024T10:38:56 - [TEST_STEP][PASSED] - saveWorkbook(excelFilePath, workbook01): Object: 'Object Repository/Выполнение бизнес-плана/Кнопка Факт' is clicked on

27-11-2024T10:38:56 - [TEST_STEP][PASSED] - if (planFact == 2): Object: 'Object Repository/Выполнение бизнес-плана/Кнопка Факт' is clicked on

27-11-2024T10:38:56 - [TEST_STEP][PASSED] - click(findTestObject("Выполнение бизнес-плана/Кнопка Факт")): Object: 'Object Repository/Выполнение бизнес-плана/Кнопка Факт' is clicked on

27-11-2024T10:38:56 - [MESSAGE][PASSED] - Object: 'Object Repository/Выполнение бизнес-плана/Кнопка Факт' is clicked on

27-11-2024T10:38:56 - [TEST_STEP][PASSED] - if (a == 84 || a == 82): null

27-11-2024T10:38:56 - [TEST_STEP][PASSED] - else if (a == 52 || a == 72 || a == 28 || a == 73 || a == 77 || a == 74 || a == 65 || a == 36 || a == 44 || a == 53 || a == 80 || a == 54 || a == 1 || a == 18 || a == 59 || a == 81): null

27-11-2024T10:38:56 - [TEST_STEP][PASSED] - else: null

27-11-2024T10:38:56 - [TEST_STEP][PASSED] - page1 = getText(findTestObject("Object Repository/Выполнение бизнес-плана/spanPlan" + filialNum)): Text of object 'Object Repository/Выполнение бизнес-плана/spanPlan7' is: '9.35
|'

27-11-2024T10:38:57 - [MESSAGE][PASSED] - Text of object 'Object Repository/Выполнение бизнес-плана/spanPlan7' is: '9.35
|'

27-11-2024T10:38:57 - [TEST_STEP][PASSED] - page1 = page1.replace("|", ""): null

27-11-2024T10:38:57 - [TEST_STEP][PASSED] - page2 = getText(findTestObject("Object Repository/Выполнение бизнес-плана/spanFact" + filialNum)): Text of object 'Object Repository/Выполнение бизнес-плана/spanFact7' is: '9.36
|'

27-11-2024T10:38:57 - [MESSAGE][PASSED] - Text of object 'Object Repository/Выполнение бизнес-плана/spanFact7' is: '9.36
|'

27-11-2024T10:38:57 - [TEST_STEP][PASSED] - page2 = page2.replace("|", ""): null

27-11-2024T10:38:57 - [TEST_STEP][PASSED] - println("page1: " + page1): null

27-11-2024T10:38:57 - [TEST_STEP][PASSED] - println("page2: " + page2): null

27-11-2024T10:38:57 - [TEST_STEP][PASSED] - file = findTestData("PlanFact").getValue(4, a): null

27-11-2024T10:38:57 - [TEST_STEP][PASSED] - file = file.replace(",", "."): null

27-11-2024T10:38:57 - [TEST_STEP][PASSED] - println("file Plan: " + file): null

27-11-2024T10:38:57 - [TEST_STEP][PASSED] - typeOfData = "План в процентах": null

27-11-2024T10:38:57 - [TEST_STEP][PASSED] - fileDouble = file.toDouble(): null

27-11-2024T10:38:57 - [TEST_STEP][PASSED] - pageDouble = page1.toDouble(): null

27-11-2024T10:38:57 - [TEST_STEP][PASSED] - if (fileDouble != pageDouble): null

27-11-2024T10:38:57 - [TEST_STEP][PASSED] - numberOfErrors = numberOfErrors + 1: null

27-11-2024T10:38:57 - [TEST_STEP][PASSED] - Script1718980020443.WriteToExcel(a, typeOfData, todaysDate, pageInt, fileInt, pageDouble, fileDouble, dZO): null

27-11-2024T10:38:57 - [TEST_STEP][PASSED] - sheetName = "Sheet1": null

27-11-2024T10:38:57 - [TEST_STEP][PASSED] - data = findTestData("PlanFact"): null

27-11-2024T10:38:57 - [TEST_STEP][PASSED] - n = data.getRowNumbers() + 1: null

27-11-2024T10:38:57 - [TEST_STEP][PASSED] - year = todaysDate.substring(todaysDate.length() - 4, todaysDate.length()): null

27-11-2024T10:38:57 - [TEST_STEP][PASSED] - y = year.toInteger(): null

27-11-2024T10:38:57 - [TEST_STEP][PASSED] - m = getText(findTestObject("Выполнение бизнес-плана/Период")): Text of object 'Object Repository/Выполнение бизнес-плана/Период' is: '1, 2, 3 кв. 2024 года'

27-11-2024T10:38:57 - [MESSAGE][PASSED] - Text of object 'Object Repository/Выполнение бизнес-плана/Период' is: '1, 2, 3 кв. 2024 года'

27-11-2024T10:38:57 - [TEST_STEP][PASSED] - m = m.substring(0, m.indexOf("2024")): null

27-11-2024T10:38:57 - [TEST_STEP][PASSED] - m = m.trim(): null

27-11-2024T10:38:57 - [TEST_STEP][PASSED] - dashboardName = "Выполнение бизнес-плана": null

27-11-2024T10:38:57 - [TEST_STEP][PASSED] - workbook01 = getWorkbook(excelFilePath): null

27-11-2024T10:38:58 - [TEST_STEP][PASSED] - sheet01 = getExcelSheet(workbook01, sheetName): null

27-11-2024T10:38:58 - [TEST_STEP][PASSED] - setValueToCellByIndex(sheet01, n, 0, dashboardName): null

27-11-2024T10:38:58 - [TEST_STEP][PASSED] - setValueToCellByIndex(sheet01, n, 1, dZO): null

27-11-2024T10:38:58 - [TEST_STEP][PASSED] - setValueToCellByIndex(sheet01, n, 2, typeOfData): null

27-11-2024T10:38:58 - [TEST_STEP][PASSED] - if (typeOfData == "Факт в процентах" || typeOfData == "План в процентах"): null

27-11-2024T10:38:58 - [TEST_STEP][PASSED] - setValueToCellByIndex(sheet01, n, 3, fileDouble): null

27-11-2024T10:38:58 - [TEST_STEP][PASSED] - setValueToCellByIndex(sheet01, n, 4, pageDouble): null

27-11-2024T10:38:58 - [TEST_STEP][PASSED] - setValueToCellByIndex(sheet01, n, 5, m): null

27-11-2024T10:38:58 - [TEST_STEP][PASSED] - setValueToCellByIndex(sheet01, n, 6, y): null

27-11-2024T10:38:58 - [TEST_STEP][PASSED] - setValueToCellByIndex(sheet01, n, 7, todaysDate): null

27-11-2024T10:38:58 - [TEST_STEP][PASSED] - n = n + 1: null

27-11-2024T10:38:58 - [TEST_STEP][PASSED] - saveWorkbook(excelFilePath, workbook01): null

27-11-2024T10:38:58 - [TEST_STEP][PASSED] - file = findTestData("PlanFact").getValue(7, a): null

27-11-2024T10:38:58 - [TEST_STEP][PASSED] - file = file.replace(",", "."): null

27-11-2024T10:38:58 - [TEST_STEP][PASSED] - println("file Fact: " + file): null

27-11-2024T10:38:58 - [TEST_STEP][PASSED] - fileDouble = file.toDouble(): null

27-11-2024T10:38:58 - [TEST_STEP][PASSED] - typeOfData = "Факт в процентах": null

27-11-2024T10:38:58 - [TEST_STEP][PASSED] - fileDouble = file.toDouble(): null

27-11-2024T10:38:58 - [TEST_STEP][PASSED] - pageDouble = page2.toDouble(): null

27-11-2024T10:38:58 - [TEST_STEP][PASSED] - if (fileDouble != pageDouble): null

27-11-2024T10:38:58 - [TEST_STEP][PASSED] - numberOfErrors = numberOfErrors + 1: null

27-11-2024T10:38:58 - [TEST_STEP][PASSED] - Script1718980020443.WriteToExcel(a, typeOfData, todaysDate, pageInt, fileInt, pageDouble, fileDouble, dZO): null

27-11-2024T10:38:58 - [TEST_STEP][PASSED] - sheetName = "Sheet1": null

27-11-2024T10:38:58 - [TEST_STEP][PASSED] - data = findTestData("PlanFact"): null

27-11-2024T10:38:58 - [TEST_STEP][PASSED] - n = data.getRowNumbers() + 1: null

27-11-2024T10:38:58 - [TEST_STEP][PASSED] - year = todaysDate.substring(todaysDate.length() - 4, todaysDate.length()): null

27-11-2024T10:38:58 - [TEST_STEP][PASSED] - y = year.toInteger(): null

27-11-2024T10:38:58 - [TEST_STEP][PASSED] - m = getText(findTestObject("Выполнение бизнес-плана/Период")): Text of object 'Object Repository/Выполнение бизнес-плана/Период' is: '1, 2, 3 кв. 2024 года'

27-11-2024T10:38:58 - [MESSAGE][PASSED] - Text of object 'Object Repository/Выполнение бизнес-плана/Период' is: '1, 2, 3 кв. 2024 года'

27-11-2024T10:38:58 - [TEST_STEP][PASSED] - m = m.substring(0, m.indexOf("2024")): null

27-11-2024T10:38:58 - [TEST_STEP][PASSED] - m = m.trim(): null

27-11-2024T10:38:58 - [TEST_STEP][PASSED] - dashboardName = "Выполнение бизнес-плана": null

27-11-2024T10:38:58 - [TEST_STEP][PASSED] - workbook01 = getWorkbook(excelFilePath): null

27-11-2024T10:38:58 - [TEST_STEP][PASSED] - sheet01 = getExcelSheet(workbook01, sheetName): null

27-11-2024T10:38:58 - [TEST_STEP][PASSED] - setValueToCellByIndex(sheet01, n, 0, dashboardName): null

27-11-2024T10:38:58 - [TEST_STEP][PASSED] - setValueToCellByIndex(sheet01, n, 1, dZO): null

27-11-2024T10:38:58 - [TEST_STEP][PASSED] - setValueToCellByIndex(sheet01, n, 2, typeOfData): null

27-11-2024T10:38:58 - [TEST_STEP][PASSED] - if (typeOfData == "Факт в процентах" || typeOfData == "План в процентах"): null

27-11-2024T10:38:58 - [TEST_STEP][PASSED] - setValueToCellByIndex(sheet01, n, 3, fileDouble): null

27-11-2024T10:38:58 - [TEST_STEP][PASSED] - setValueToCellByIndex(sheet01, n, 4, pageDouble): null

27-11-2024T10:38:58 - [TEST_STEP][PASSED] - setValueToCellByIndex(sheet01, n, 5, m): null

27-11-2024T10:38:58 - [TEST_STEP][PASSED] - setValueToCellByIndex(sheet01, n, 6, y): null

27-11-2024T10:38:58 - [TEST_STEP][PASSED] - setValueToCellByIndex(sheet01, n, 7, todaysDate): null

27-11-2024T10:38:58 - [TEST_STEP][PASSED] - n = n + 1: null

27-11-2024T10:38:58 - [TEST_STEP][PASSED] - saveWorkbook(excelFilePath, workbook01): null

27-11-2024T10:38:59 - [TEST_STEP][FAILED] - if (verifyEqual(numberOfErrors, 0) == false): null

27-11-2024T10:38:59 - [MESSAGE][FAILED] - Unable to verify equal between actual object '6' and expected object '0' (Root cause: com.kms.katalon.core.exception.StepFailedException: Actual object '6' and expected object '0' are not equal
	at com.kms.katalon.core.keyword.builtin.VerifyEqualKeyword$_verifyEqual_closure1.doCall(VerifyEqualKeyword.groovy:58)
	at com.kms.katalon.core.keyword.builtin.VerifyEqualKeyword$_verifyEqual_closure1.call(VerifyEqualKeyword.groovy)
	at com.kms.katalon.core.keyword.internal.KeywordMain.runKeyword(KeywordMain.groovy:75)
	at com.kms.katalon.core.keyword.builtin.VerifyEqualKeyword.verifyEqual(VerifyEqualKeyword.groovy:63)
	at com.kms.katalon.core.keyword.builtin.VerifyEqualKeyword.execute(VerifyEqualKeyword.groovy:44)
	at com.kms.katalon.core.keyword.internal.KeywordExecutor.executeKeywordForPlatform(KeywordExecutor.groovy:74)
	at com.kms.katalon.core.keyword.BuiltinKeywords.verifyEqual(BuiltinKeywords.groovy:146)
	at jdk.internal.reflect.GeneratedMethodAccessor24.invoke(Unknown Source)
	at java.base/jdk.internal.reflect.DelegatingMethodAccessorImpl.invoke(DelegatingMethodAccessorImpl.java:43)
	at Выполнение бизнес-плана Сверка ПАО Россети все филиалы.Numbers(Выполнение бизнес-плана Сверка ПАО Россети все филиалы:740)
	at Выполнение бизнес-плана Сверка ПАО Россети все филиалы.Filials(Выполнение бизнес-плана Сверка ПАО Россети все филиалы:1235)
	at Выполнение бизнес-плана Сверка ПАО Россети все филиалы.Numbers(Выполнение бизнес-плана Сверка ПАО Россети все филиалы:745)
	at Выполнение бизнес-плана Сверка ПАО Россети все филиалы.run(Выполнение бизнес-плана Сверка ПАО Россети все филиалы:388)
	at com.kms.katalon.core.main.ScriptEngine.run(ScriptEngine.java:194)
	at com.kms.katalon.core.main.ScriptEngine.runScriptAsRawText(ScriptEngine.java:119)
	at com.kms.katalon.core.main.TestCaseExecutor.runScript(TestCaseExecutor.java:448)
	at com.kms.katalon.core.main.TestCaseExecutor.doExecute(TestCaseExecutor.java:439)
	at com.kms.katalon.core.main.TestCaseExecutor.processExecutionPhase(TestCaseExecutor.java:418)
	at com.kms.katalon.core.main.TestCaseExecutor.accessMainPhase(TestCaseExecutor.java:410)
	at com.kms.katalon.core.main.TestCaseExecutor.execute(TestCaseExecutor.java:285)
	at com.kms.katalon.core.common.CommonExecutor.accessTestCaseMainPhase(CommonExecutor.java:65)
	at com.kms.katalon.core.main.TestSuiteExecutor.accessTestSuiteMainPhase(TestSuiteExecutor.java:150)
	at com.kms.katalon.core.main.TestSuiteExecutor.execute(TestSuiteExecutor.java:106)
	at com.kms.katalon.core.main.TestCaseMain.startTestSuite(TestCaseMain.java:180)
	at TempTestSuite1732692359995.run(TempTestSuite1732692359995.groovy:35)
	at java.base/jdk.internal.reflect.NativeMethodAccessorImpl.invoke0(Native Method)
	at java.base/jdk.internal.reflect.NativeMethodAccessorImpl.invoke(NativeMethodAccessorImpl.java:77)
	at java.base/jdk.internal.reflect.DelegatingMethodAccessorImpl.invoke(DelegatingMethodAccessorImpl.java:43)
)

27-11-2024T10:38:59 - [TEST_STEP][PASSED] - println(numberOfErrors): null

27-11-2024T10:38:59 - [TEST_STEP][PASSED] - if (a == 28 || a == 77 || a == 74 || a == 65 || a == 36 || a == 44 || a == 54 || a == 1 || a == 18 || a == 59): null

27-11-2024T10:38:59 - [TEST_STEP][PASSED] - if (a == 82): null

27-11-2024T10:38:59 - [TEST_STEP][PASSED] - dZO = "Курскэнерго": null

27-11-2024T10:38:59 - [TEST_STEP][PASSED] - a = 6: null

27-11-2024T10:38:59 - [TEST_STEP][PASSED] - if (x2.contains(dZO)): null

27-11-2024T10:38:59 - [TEST_STEP][PASSED] - filialNum = filialNum + 1: null

27-11-2024T10:38:59 - [TEST_STEP][PASSED] - Script1718980020443.Numbers(a, typeOfData, todaysDate, pageInt, fileInt, pageDouble, fileDouble, dZO, dzoNum, filialNum): null

27-11-2024T10:38:59 - [TEST_STEP][PASSED] - println(dzoNum): null

27-11-2024T10:38:59 - [TEST_STEP][PASSED] - planFact = <not implemented yet for class: org.codehaus.groovy.ast.expr.EmptyExpression>: null

27-11-2024T10:38:59 - [TEST_STEP][PASSED] - page = <not implemented yet for class: org.codehaus.groovy.ast.expr.EmptyExpression>: null

27-11-2024T10:38:59 - [TEST_STEP][PASSED] - page1 = <not implemented yet for class: org.codehaus.groovy.ast.expr.EmptyExpression>: null

27-11-2024T10:38:59 - [TEST_STEP][PASSED] - page2 = <not implemented yet for class: org.codehaus.groovy.ast.expr.EmptyExpression>: null

27-11-2024T10:38:59 - [TEST_STEP][PASSED] - filialNumberInRow = <not implemented yet for class: org.codehaus.groovy.ast.expr.EmptyExpression>: null

27-11-2024T10:38:59 - [TEST_STEP][PASSED] - filialsDzoNames = <not implemented yet for class: org.codehaus.groovy.ast.expr.EmptyExpression>: null

27-11-2024T10:38:59 - [TEST_STEP][PASSED] - numberOfFilials = <not implemented yet for class: org.codehaus.groovy.ast.expr.EmptyExpression>: null

27-11-2024T10:38:59 - [TEST_STEP][PASSED] - numberOfSpaces = <not implemented yet for class: org.codehaus.groovy.ast.expr.EmptyExpression>: null

27-11-2024T10:38:59 - [TEST_STEP][PASSED] - file = <not implemented yet for class: org.codehaus.groovy.ast.expr.EmptyExpression>: null

27-11-2024T10:38:59 - [TEST_STEP][PASSED] - otpusk = <not implemented yet for class: org.codehaus.groovy.ast.expr.EmptyExpression>: null

27-11-2024T10:38:59 - [TEST_STEP][PASSED] - poteri = <not implemented yet for class: org.codehaus.groovy.ast.expr.EmptyExpression>: null

27-11-2024T10:38:59 - [TEST_STEP][PASSED] - dataFolder = "Выполнение бизнес-плана/Значения со страницы Выполнение бизнес-плана/": null

27-11-2024T10:38:59 - [TEST_STEP][PASSED] - path = <not implemented yet for class: org.codehaus.groovy.ast.expr.EmptyExpression>: null

27-11-2024T10:38:59 - [TEST_STEP][PASSED] - typeOfDataMain = <not implemented yet for class: org.codehaus.groovy.ast.expr.EmptyExpression>: null

27-11-2024T10:38:59 - [TEST_STEP][PASSED] - fileOtpuskVSet = <not implemented yet for class: org.codehaus.groovy.ast.expr.EmptyExpression>: null

27-11-2024T10:38:59 - [TEST_STEP][PASSED] - pageOtpuskVSet = <not implemented yet for class: org.codehaus.groovy.ast.expr.EmptyExpression>: null

27-11-2024T10:38:59 - [TEST_STEP][PASSED] - filePoteri = <not implemented yet for class: org.codehaus.groovy.ast.expr.EmptyExpression>: null

27-11-2024T10:38:59 - [TEST_STEP][PASSED] - pagePoteri = <not implemented yet for class: org.codehaus.groovy.ast.expr.EmptyExpression>: null

27-11-2024T10:38:59 - [TEST_STEP][PASSED] - compare = <not implemented yet for class: org.codehaus.groovy.ast.expr.EmptyExpression>: null

27-11-2024T10:38:59 - [TEST_STEP][PASSED] - b = <not implemented yet for class: org.codehaus.groovy.ast.expr.EmptyExpression>: null

27-11-2024T10:38:59 - [TEST_STEP][PASSED] - i = <not implemented yet for class: org.codehaus.groovy.ast.expr.EmptyExpression>: null

27-11-2024T10:38:59 - [TEST_STEP][PASSED] - ii = <not implemented yet for class: org.codehaus.groovy.ast.expr.EmptyExpression>: null

27-11-2024T10:38:59 - [TEST_STEP][PASSED] - c = <not implemented yet for class: org.codehaus.groovy.ast.expr.EmptyExpression>: null

27-11-2024T10:38:59 - [TEST_STEP][PASSED] - numberOfErrors = 0: null

27-11-2024T10:38:59 - [TEST_STEP][PASSED] - if (a == 82): null

27-11-2024T10:38:59 - [TEST_STEP][PASSED] - b = findTestData("PlanFact").getValue(1, a): null

27-11-2024T10:38:59 - [TEST_STEP][PASSED] - i = b.indexOf(" (ГК)"): null

27-11-2024T10:38:59 - [TEST_STEP][PASSED] - if (i > -1): null

27-11-2024T10:38:59 - [TEST_STEP][PASSED] - i = b.indexOf("О ""): null

27-11-2024T10:38:59 - [TEST_STEP][PASSED] - if (i > -1): null

27-11-2024T10:38:59 - [TEST_STEP][PASSED] - i = b.indexOf("О «"): null

27-11-2024T10:38:59 - [TEST_STEP][PASSED] - if (i > -1): null

27-11-2024T10:38:59 - [TEST_STEP][PASSED] - i = b.indexOf("г. "): null

27-11-2024T10:38:59 - [TEST_STEP][PASSED] - if (i > -1): null

27-11-2024T10:38:59 - [TEST_STEP][PASSED] - println(b): null

27-11-2024T10:38:59 - [TEST_STEP][PASSED] - for ([planFact = 1, planFact < 3, (planFact++)]): Object: 'Object Repository/Выполнение бизнес-плана/Кнопка Факт' is clicked on

27-11-2024T10:38:59 - [TEST_STEP][PASSED] - if (planFact == 1): null

27-11-2024T10:38:59 - [TEST_STEP][PASSED] - typeOfDataMain = "Факт": null

27-11-2024T10:38:59 - [TEST_STEP][PASSED] - otpusk = findTestData("PlanFact").getValue(5, a): null

27-11-2024T10:38:59 - [TEST_STEP][PASSED] - poteri = findTestData("PlanFact").getValue(6, a): null

27-11-2024T10:38:59 - [TEST_STEP][PASSED] - otpusk = otpusk.replaceAll("\s+", ""): null

27-11-2024T10:38:59 - [TEST_STEP][PASSED] - poteri = poteri.replaceAll("\s+", ""): null

27-11-2024T10:38:59 - [TEST_STEP][PASSED] - typeOfData = typeOfDataMain + " Отпуск в сеть": null

27-11-2024T10:38:59 - [TEST_STEP][PASSED] - if (a == 82): null

27-11-2024T10:38:59 - [TEST_STEP][PASSED] - else if (a == 84): null

27-11-2024T10:38:59 - [TEST_STEP][PASSED] - else if (a == 52 || a == 72 || a == 28 || a == 73 || a == 77 || a == 74 || a == 65 || a == 36 || a == 44 || a == 53 || a == 80 || a == 54 || a == 1 || a == 18 || a == 59 || a == 81): null

27-11-2024T10:38:59 - [TEST_STEP][PASSED] - else: null

27-11-2024T10:38:59 - [TEST_STEP][PASSED] - path = dataFolder + typeOfData + " за отчётный период " + b: null

27-11-2024T10:38:59 - [TEST_STEP][PASSED] - println(path): null

27-11-2024T10:38:59 - [TEST_STEP][PASSED] - page = getText(findTestObject(path)): Text of object 'Object Repository/Выполнение бизнес-плана/Значения со страницы Выполнение бизнес-плана/Факт Отпуск в сеть за отчётный период Курскэнерго' is: '2 718 509'

27-11-2024T10:38:59 - [MESSAGE][PASSED] - Text of object 'Object Repository/Выполнение бизнес-плана/Значения со страницы Выполнение бизнес-плана/Факт Отпуск в сеть за отчётный период Курскэнерго' is: '2 718 509'

27-11-2024T10:38:59 - [TEST_STEP][PASSED] - page = page.replaceAll("\s+", ""): null

27-11-2024T10:38:59 - [TEST_STEP][PASSED] - fileOtpuskVSet = otpusk.toInteger(): null

27-11-2024T10:38:59 - [TEST_STEP][PASSED] - pageOtpuskVSet = page.toInteger(): null

27-11-2024T10:38:59 - [TEST_STEP][PASSED] - typeOfData = typeOfDataMain + " Потери": null

27-11-2024T10:38:59 - [TEST_STEP][PASSED] - if (a == 82): null

27-11-2024T10:38:59 - [TEST_STEP][PASSED] - else if (a == 84): null

27-11-2024T10:38:59 - [TEST_STEP][PASSED] - else if (a == 52 || a == 72 || a == 28 || a == 73 || a == 77 || a == 74 || a == 65 || a == 36 || a == 44 || a == 53 || a == 80 || a == 54 || a == 1 || a == 18 || a == 59 || a == 81): null

27-11-2024T10:38:59 - [TEST_STEP][PASSED] - else: null

27-11-2024T10:38:59 - [TEST_STEP][PASSED] - path = dataFolder + typeOfData + " за отчётный период " + b: null

27-11-2024T10:38:59 - [TEST_STEP][PASSED] - page = getText(findTestObject(path)): Text of object 'Object Repository/Выполнение бизнес-плана/Значения со страницы Выполнение бизнес-плана/Факт Потери за отчётный период Курскэнерго' is: '261 582'

27-11-2024T10:38:59 - [MESSAGE][PASSED] - Text of object 'Object Repository/Выполнение бизнес-плана/Значения со страницы Выполнение бизнес-плана/Факт Потери за отчётный период Курскэнерго' is: '261 582'

27-11-2024T10:38:59 - [TEST_STEP][PASSED] - page = page.replaceAll("\s+", ""): null

27-11-2024T10:38:59 - [TEST_STEP][PASSED] - filePoteri = poteri.toInteger(): null

27-11-2024T10:38:59 - [TEST_STEP][PASSED] - pagePoteri = page.toInteger(): null

27-11-2024T10:38:59 - [TEST_STEP][PASSED] - compare = pageOtpuskVSet: null

27-11-2024T10:38:59 - [TEST_STEP][PASSED] - if (compare == fileOtpuskVSet): null

27-11-2024T10:38:59 - [TEST_STEP][PASSED] - if (compare == fileOtpuskVSet): null

27-11-2024T10:38:59 - [TEST_STEP][PASSED] - compare = pagePoteri: null

27-11-2024T10:38:59 - [TEST_STEP][PASSED] - if (compare == filePoteri): null

27-11-2024T10:38:59 - [TEST_STEP][PASSED] - if (compare == filePoteri): null

27-11-2024T10:38:59 - [TEST_STEP][PASSED] - if (planFact == 2): null

27-11-2024T10:38:59 - [TEST_STEP][PASSED] - if (planFact == 1): null

27-11-2024T10:38:59 - [TEST_STEP][PASSED] - else if (planFact == 2): null

27-11-2024T10:38:59 - [TEST_STEP][PASSED] - click(findTestObject("Выполнение бизнес-плана/Кнопка План")): Object: 'Object Repository/Выполнение бизнес-плана/Кнопка План' is clicked on

27-11-2024T10:39:00 - [MESSAGE][PASSED] - Object: 'Object Repository/Выполнение бизнес-плана/Кнопка План' is clicked on

27-11-2024T10:39:00 - [TEST_STEP][PASSED] - typeOfDataMain = "План": null

27-11-2024T10:39:00 - [TEST_STEP][PASSED] - otpusk = findTestData("PlanFact").getValue(2, a): null

27-11-2024T10:39:00 - [TEST_STEP][PASSED] - poteri = findTestData("PlanFact").getValue(3, a): null

27-11-2024T10:39:00 - [TEST_STEP][PASSED] - otpusk = otpusk.replaceAll("\s+", ""): null

27-11-2024T10:39:00 - [TEST_STEP][PASSED] - poteri = poteri.replaceAll("\s+", ""): null

27-11-2024T10:39:00 - [TEST_STEP][PASSED] - typeOfData = typeOfDataMain + " Отпуск в сеть": null

27-11-2024T10:39:00 - [TEST_STEP][PASSED] - if (a == 82): null

27-11-2024T10:39:00 - [TEST_STEP][PASSED] - else if (a == 84): null

27-11-2024T10:39:00 - [TEST_STEP][PASSED] - else if (a == 52 || a == 72 || a == 28 || a == 73 || a == 77 || a == 74 || a == 65 || a == 36 || a == 44 || a == 53 || a == 80 || a == 54 || a == 1 || a == 18 || a == 59 || a == 81): null

27-11-2024T10:39:00 - [TEST_STEP][PASSED] - else: null

27-11-2024T10:39:00 - [TEST_STEP][PASSED] - path = dataFolder + typeOfData + " за отчётный период " + b: null

27-11-2024T10:39:00 - [TEST_STEP][PASSED] - println(path): null

27-11-2024T10:39:00 - [TEST_STEP][PASSED] - page = getText(findTestObject(path)): Text of object 'Object Repository/Выполнение бизнес-плана/Значения со страницы Выполнение бизнес-плана/План Отпуск в сеть за отчётный период Курскэнерго' is: '2 733 186'

27-11-2024T10:39:00 - [MESSAGE][PASSED] - Text of object 'Object Repository/Выполнение бизнес-плана/Значения со страницы Выполнение бизнес-плана/План Отпуск в сеть за отчётный период Курскэнерго' is: '2 733 186'

27-11-2024T10:39:00 - [TEST_STEP][PASSED] - page = page.replaceAll("\s+", ""): null

27-11-2024T10:39:00 - [TEST_STEP][PASSED] - fileOtpuskVSet = otpusk.toInteger(): null

27-11-2024T10:39:00 - [TEST_STEP][PASSED] - pageOtpuskVSet = page.toInteger(): null

27-11-2024T10:39:00 - [TEST_STEP][PASSED] - typeOfData = typeOfDataMain + " Потери": null

27-11-2024T10:39:00 - [TEST_STEP][PASSED] - if (a == 82): null

27-11-2024T10:39:00 - [TEST_STEP][PASSED] - else if (a == 84): null

27-11-2024T10:39:00 - [TEST_STEP][PASSED] - else if (a == 52 || a == 72 || a == 28 || a == 73 || a == 77 || a == 74 || a == 65 || a == 36 || a == 44 || a == 53 || a == 80 || a == 54 || a == 1 || a == 18 || a == 59 || a == 81): null

27-11-2024T10:39:00 - [TEST_STEP][PASSED] - else: null

27-11-2024T10:39:00 - [TEST_STEP][PASSED] - path = dataFolder + typeOfData + " за отчётный период " + b: null

27-11-2024T10:39:00 - [TEST_STEP][PASSED] - page = getText(findTestObject(path)): Text of object 'Object Repository/Выполнение бизнес-плана/Значения со страницы Выполнение бизнес-плана/План Потери за отчётный период Курскэнерго' is: '292 749'

27-11-2024T10:39:00 - [MESSAGE][PASSED] - Text of object 'Object Repository/Выполнение бизнес-плана/Значения со страницы Выполнение бизнес-плана/План Потери за отчётный период Курскэнерго' is: '292 749'

27-11-2024T10:39:00 - [TEST_STEP][PASSED] - page = page.replaceAll("\s+", ""): null

27-11-2024T10:39:00 - [TEST_STEP][PASSED] - filePoteri = poteri.toInteger(): null

27-11-2024T10:39:00 - [TEST_STEP][PASSED] - pagePoteri = page.toInteger(): null

27-11-2024T10:39:00 - [TEST_STEP][PASSED] - compare = pageOtpuskVSet: null

27-11-2024T10:39:00 - [TEST_STEP][PASSED] - if (compare == fileOtpuskVSet): null

27-11-2024T10:39:00 - [TEST_STEP][PASSED] - if (compare == fileOtpuskVSet): null

27-11-2024T10:39:00 - [TEST_STEP][PASSED] - compare = pagePoteri: null

27-11-2024T10:39:00 - [TEST_STEP][PASSED] - if (compare == filePoteri): null

27-11-2024T10:39:00 - [TEST_STEP][PASSED] - if (compare == filePoteri): null

27-11-2024T10:39:00 - [TEST_STEP][PASSED] - if (planFact == 2): Object: 'Object Repository/Выполнение бизнес-плана/Кнопка Факт' is clicked on

27-11-2024T10:39:00 - [TEST_STEP][PASSED] - click(findTestObject("Выполнение бизнес-плана/Кнопка Факт")): Object: 'Object Repository/Выполнение бизнес-плана/Кнопка Факт' is clicked on

27-11-2024T10:39:01 - [MESSAGE][PASSED] - Object: 'Object Repository/Выполнение бизнес-плана/Кнопка Факт' is clicked on

27-11-2024T10:39:01 - [TEST_STEP][PASSED] - if (a == 84 || a == 82): null

27-11-2024T10:39:01 - [TEST_STEP][PASSED] - else if (a == 52 || a == 72 || a == 28 || a == 73 || a == 77 || a == 74 || a == 65 || a == 36 || a == 44 || a == 53 || a == 80 || a == 54 || a == 1 || a == 18 || a == 59 || a == 81): null

27-11-2024T10:39:01 - [TEST_STEP][PASSED] - else: null

27-11-2024T10:39:01 - [TEST_STEP][PASSED] - page1 = getText(findTestObject("Object Repository/Выполнение бизнес-плана/spanPlan" + filialNum)): Text of object 'Object Repository/Выполнение бизнес-плана/spanPlan8' is: '10.71
|'

27-11-2024T10:39:01 - [MESSAGE][PASSED] - Text of object 'Object Repository/Выполнение бизнес-плана/spanPlan8' is: '10.71
|'

27-11-2024T10:39:01 - [TEST_STEP][PASSED] - page1 = page1.replace("|", ""): null

27-11-2024T10:39:01 - [TEST_STEP][PASSED] - page2 = getText(findTestObject("Object Repository/Выполнение бизнес-плана/spanFact" + filialNum)): Text of object 'Object Repository/Выполнение бизнес-плана/spanFact8' is: '9.62
|'

27-11-2024T10:39:01 - [MESSAGE][PASSED] - Text of object 'Object Repository/Выполнение бизнес-плана/spanFact8' is: '9.62
|'

27-11-2024T10:39:01 - [TEST_STEP][PASSED] - page2 = page2.replace("|", ""): null

27-11-2024T10:39:01 - [TEST_STEP][PASSED] - println("page1: " + page1): null

27-11-2024T10:39:01 - [TEST_STEP][PASSED] - println("page2: " + page2): null

27-11-2024T10:39:01 - [TEST_STEP][PASSED] - file = findTestData("PlanFact").getValue(4, a): null

27-11-2024T10:39:01 - [TEST_STEP][PASSED] - file = file.replace(",", "."): null

27-11-2024T10:39:01 - [TEST_STEP][PASSED] - println("file Plan: " + file): null

27-11-2024T10:39:01 - [TEST_STEP][PASSED] - typeOfData = "План в процентах": null

27-11-2024T10:39:01 - [TEST_STEP][PASSED] - fileDouble = file.toDouble(): null

27-11-2024T10:39:01 - [TEST_STEP][PASSED] - pageDouble = page1.toDouble(): null

27-11-2024T10:39:01 - [TEST_STEP][PASSED] - if (fileDouble != pageDouble): null

27-11-2024T10:39:01 - [TEST_STEP][PASSED] - file = findTestData("PlanFact").getValue(7, a): null

27-11-2024T10:39:01 - [TEST_STEP][PASSED] - file = file.replace(",", "."): null

27-11-2024T10:39:01 - [TEST_STEP][PASSED] - println("file Fact: " + file): null

27-11-2024T10:39:01 - [TEST_STEP][PASSED] - fileDouble = file.toDouble(): null

27-11-2024T10:39:01 - [TEST_STEP][PASSED] - typeOfData = "Факт в процентах": null

27-11-2024T10:39:01 - [TEST_STEP][PASSED] - fileDouble = file.toDouble(): null

27-11-2024T10:39:01 - [TEST_STEP][PASSED] - pageDouble = page2.toDouble(): null

27-11-2024T10:39:01 - [TEST_STEP][PASSED] - if (fileDouble != pageDouble): null

27-11-2024T10:39:01 - [TEST_STEP][PASSED] - if (verifyEqual(numberOfErrors, 0) == false): Actual object '0' and expected object '0' are equal

27-11-2024T10:39:01 - [MESSAGE][PASSED] - Actual object '0' and expected object '0' are equal

27-11-2024T10:39:01 - [TEST_STEP][PASSED] - if (a == 82): null

27-11-2024T10:39:01 - [TEST_STEP][PASSED] - dZO = "Липецкэнерго": null

27-11-2024T10:39:01 - [TEST_STEP][PASSED] - a = 7: null

27-11-2024T10:39:01 - [TEST_STEP][PASSED] - if (x2.contains(dZO)): null

27-11-2024T10:39:01 - [TEST_STEP][PASSED] - filialNum = filialNum + 1: null

27-11-2024T10:39:01 - [TEST_STEP][PASSED] - Script1718980020443.Numbers(a, typeOfData, todaysDate, pageInt, fileInt, pageDouble, fileDouble, dZO, dzoNum, filialNum): null

27-11-2024T10:39:01 - [TEST_STEP][PASSED] - println(dzoNum): null

27-11-2024T10:39:01 - [TEST_STEP][PASSED] - planFact = <not implemented yet for class: org.codehaus.groovy.ast.expr.EmptyExpression>: null

27-11-2024T10:39:01 - [TEST_STEP][PASSED] - page = <not implemented yet for class: org.codehaus.groovy.ast.expr.EmptyExpression>: null

27-11-2024T10:39:01 - [TEST_STEP][PASSED] - page1 = <not implemented yet for class: org.codehaus.groovy.ast.expr.EmptyExpression>: null

27-11-2024T10:39:01 - [TEST_STEP][PASSED] - page2 = <not implemented yet for class: org.codehaus.groovy.ast.expr.EmptyExpression>: null

27-11-2024T10:39:01 - [TEST_STEP][PASSED] - filialNumberInRow = <not implemented yet for class: org.codehaus.groovy.ast.expr.EmptyExpression>: null

27-11-2024T10:39:01 - [TEST_STEP][PASSED] - filialsDzoNames = <not implemented yet for class: org.codehaus.groovy.ast.expr.EmptyExpression>: null

27-11-2024T10:39:01 - [TEST_STEP][PASSED] - numberOfFilials = <not implemented yet for class: org.codehaus.groovy.ast.expr.EmptyExpression>: null

27-11-2024T10:39:01 - [TEST_STEP][PASSED] - numberOfSpaces = <not implemented yet for class: org.codehaus.groovy.ast.expr.EmptyExpression>: null

27-11-2024T10:39:01 - [TEST_STEP][PASSED] - file = <not implemented yet for class: org.codehaus.groovy.ast.expr.EmptyExpression>: null

27-11-2024T10:39:01 - [TEST_STEP][PASSED] - otpusk = <not implemented yet for class: org.codehaus.groovy.ast.expr.EmptyExpression>: null

27-11-2024T10:39:01 - [TEST_STEP][PASSED] - poteri = <not implemented yet for class: org.codehaus.groovy.ast.expr.EmptyExpression>: null

27-11-2024T10:39:01 - [TEST_STEP][PASSED] - dataFolder = "Выполнение бизнес-плана/Значения со страницы Выполнение бизнес-плана/": null

27-11-2024T10:39:01 - [TEST_STEP][PASSED] - path = <not implemented yet for class: org.codehaus.groovy.ast.expr.EmptyExpression>: null

27-11-2024T10:39:01 - [TEST_STEP][PASSED] - typeOfDataMain = <not implemented yet for class: org.codehaus.groovy.ast.expr.EmptyExpression>: null

27-11-2024T10:39:01 - [TEST_STEP][PASSED] - fileOtpuskVSet = <not implemented yet for class: org.codehaus.groovy.ast.expr.EmptyExpression>: null

27-11-2024T10:39:01 - [TEST_STEP][PASSED] - pageOtpuskVSet = <not implemented yet for class: org.codehaus.groovy.ast.expr.EmptyExpression>: null

27-11-2024T10:39:01 - [TEST_STEP][PASSED] - filePoteri = <not implemented yet for class: org.codehaus.groovy.ast.expr.EmptyExpression>: null

27-11-2024T10:39:01 - [TEST_STEP][PASSED] - pagePoteri = <not implemented yet for class: org.codehaus.groovy.ast.expr.EmptyExpression>: null

27-11-2024T10:39:01 - [TEST_STEP][PASSED] - compare = <not implemented yet for class: org.codehaus.groovy.ast.expr.EmptyExpression>: null

27-11-2024T10:39:01 - [TEST_STEP][PASSED] - b = <not implemented yet for class: org.codehaus.groovy.ast.expr.EmptyExpression>: null

27-11-2024T10:39:01 - [TEST_STEP][PASSED] - i = <not implemented yet for class: org.codehaus.groovy.ast.expr.EmptyExpression>: null

27-11-2024T10:39:01 - [TEST_STEP][PASSED] - ii = <not implemented yet for class: org.codehaus.groovy.ast.expr.EmptyExpression>: null

27-11-2024T10:39:01 - [TEST_STEP][PASSED] - c = <not implemented yet for class: org.codehaus.groovy.ast.expr.EmptyExpression>: null

27-11-2024T10:39:01 - [TEST_STEP][PASSED] - numberOfErrors = 0: null

27-11-2024T10:39:01 - [TEST_STEP][PASSED] - if (a == 82): null

27-11-2024T10:39:01 - [TEST_STEP][PASSED] - b = findTestData("PlanFact").getValue(1, a): null

27-11-2024T10:39:01 - [TEST_STEP][PASSED] - i = b.indexOf(" (ГК)"): null

27-11-2024T10:39:01 - [TEST_STEP][PASSED] - if (i > -1): null

27-11-2024T10:39:01 - [TEST_STEP][PASSED] - i = b.indexOf("О ""): null

27-11-2024T10:39:01 - [TEST_STEP][PASSED] - if (i > -1): null

27-11-2024T10:39:01 - [TEST_STEP][PASSED] - i = b.indexOf("О «"): null

27-11-2024T10:39:01 - [TEST_STEP][PASSED] - if (i > -1): null

27-11-2024T10:39:01 - [TEST_STEP][PASSED] - i = b.indexOf("г. "): null

27-11-2024T10:39:01 - [TEST_STEP][PASSED] - if (i > -1): null

27-11-2024T10:39:01 - [TEST_STEP][PASSED] - println(b): null

27-11-2024T10:39:01 - [TEST_STEP][PASSED] - for ([planFact = 1, planFact < 3, (planFact++)]): Object: 'Object Repository/Выполнение бизнес-плана/Кнопка Факт' is clicked on

27-11-2024T10:39:01 - [TEST_STEP][PASSED] - if (planFact == 1): null

27-11-2024T10:39:01 - [TEST_STEP][PASSED] - typeOfDataMain = "Факт": null

27-11-2024T10:39:01 - [TEST_STEP][PASSED] - otpusk = findTestData("PlanFact").getValue(5, a): null

27-11-2024T10:39:02 - [TEST_STEP][PASSED] - poteri = findTestData("PlanFact").getValue(6, a): null

27-11-2024T10:39:02 - [TEST_STEP][PASSED] - otpusk = otpusk.replaceAll("\s+", ""): null

27-11-2024T10:39:02 - [TEST_STEP][PASSED] - poteri = poteri.replaceAll("\s+", ""): null

27-11-2024T10:39:02 - [TEST_STEP][PASSED] - typeOfData = typeOfDataMain + " Отпуск в сеть": null

27-11-2024T10:39:02 - [TEST_STEP][PASSED] - if (a == 82): null

27-11-2024T10:39:02 - [TEST_STEP][PASSED] - else if (a == 84): null

27-11-2024T10:39:02 - [TEST_STEP][PASSED] - else if (a == 52 || a == 72 || a == 28 || a == 73 || a == 77 || a == 74 || a == 65 || a == 36 || a == 44 || a == 53 || a == 80 || a == 54 || a == 1 || a == 18 || a == 59 || a == 81): null

27-11-2024T10:39:02 - [TEST_STEP][PASSED] - else: null

27-11-2024T10:39:02 - [TEST_STEP][PASSED] - path = dataFolder + typeOfData + " за отчётный период " + b: null

27-11-2024T10:39:02 - [TEST_STEP][PASSED] - println(path): null

27-11-2024T10:39:02 - [TEST_STEP][PASSED] - page = getText(findTestObject(path)): Text of object 'Object Repository/Выполнение бизнес-плана/Значения со страницы Выполнение бизнес-плана/Факт Отпуск в сеть за отчётный период Липецкэнерго' is: '4 025 919'

27-11-2024T10:39:02 - [MESSAGE][PASSED] - Text of object 'Object Repository/Выполнение бизнес-плана/Значения со страницы Выполнение бизнес-плана/Факт Отпуск в сеть за отчётный период Липецкэнерго' is: '4 025 919'

27-11-2024T10:39:02 - [TEST_STEP][PASSED] - page = page.replaceAll("\s+", ""): null

27-11-2024T10:39:02 - [TEST_STEP][PASSED] - fileOtpuskVSet = otpusk.toInteger(): null

27-11-2024T10:39:02 - [TEST_STEP][PASSED] - pageOtpuskVSet = page.toInteger(): null

27-11-2024T10:39:02 - [TEST_STEP][PASSED] - typeOfData = typeOfDataMain + " Потери": null

27-11-2024T10:39:02 - [TEST_STEP][PASSED] - if (a == 82): null

27-11-2024T10:39:02 - [TEST_STEP][PASSED] - else if (a == 84): null

27-11-2024T10:39:02 - [TEST_STEP][PASSED] - else if (a == 52 || a == 72 || a == 28 || a == 73 || a == 77 || a == 74 || a == 65 || a == 36 || a == 44 || a == 53 || a == 80 || a == 54 || a == 1 || a == 18 || a == 59 || a == 81): null

27-11-2024T10:39:02 - [TEST_STEP][PASSED] - else: null

27-11-2024T10:39:02 - [TEST_STEP][PASSED] - path = dataFolder + typeOfData + " за отчётный период " + b: null

27-11-2024T10:39:02 - [TEST_STEP][PASSED] - page = getText(findTestObject(path)): Text of object 'Object Repository/Выполнение бизнес-плана/Значения со страницы Выполнение бизнес-плана/Факт Потери за отчётный период Липецкэнерго' is: '547 375'

27-11-2024T10:39:02 - [MESSAGE][PASSED] - Text of object 'Object Repository/Выполнение бизнес-плана/Значения со страницы Выполнение бизнес-плана/Факт Потери за отчётный период Липецкэнерго' is: '547 375'

27-11-2024T10:39:02 - [TEST_STEP][PASSED] - page = page.replaceAll("\s+", ""): null

27-11-2024T10:39:02 - [TEST_STEP][PASSED] - filePoteri = poteri.toInteger(): null

27-11-2024T10:39:02 - [TEST_STEP][PASSED] - pagePoteri = page.toInteger(): null

27-11-2024T10:39:02 - [TEST_STEP][PASSED] - compare = pageOtpuskVSet: null

27-11-2024T10:39:02 - [TEST_STEP][PASSED] - if (compare == fileOtpuskVSet): null

27-11-2024T10:39:02 - [TEST_STEP][PASSED] - if (compare == fileOtpuskVSet): null

27-11-2024T10:39:02 - [TEST_STEP][PASSED] - compare = pagePoteri: null

27-11-2024T10:39:02 - [TEST_STEP][PASSED] - if (compare == filePoteri): null

27-11-2024T10:39:02 - [TEST_STEP][PASSED] - if (compare == filePoteri): null

27-11-2024T10:39:02 - [TEST_STEP][PASSED] - if (planFact == 2): null

27-11-2024T10:39:02 - [TEST_STEP][PASSED] - if (planFact == 1): null

27-11-2024T10:39:02 - [TEST_STEP][PASSED] - else if (planFact == 2): null

27-11-2024T10:39:02 - [TEST_STEP][PASSED] - click(findTestObject("Выполнение бизнес-плана/Кнопка План")): Object: 'Object Repository/Выполнение бизнес-плана/Кнопка План' is clicked on

27-11-2024T10:39:03 - [MESSAGE][PASSED] - Object: 'Object Repository/Выполнение бизнес-плана/Кнопка План' is clicked on

27-11-2024T10:39:03 - [TEST_STEP][PASSED] - typeOfDataMain = "План": null

27-11-2024T10:39:03 - [TEST_STEP][PASSED] - otpusk = findTestData("PlanFact").getValue(2, a): null

27-11-2024T10:39:03 - [TEST_STEP][PASSED] - poteri = findTestData("PlanFact").getValue(3, a): null

27-11-2024T10:39:03 - [TEST_STEP][PASSED] - otpusk = otpusk.replaceAll("\s+", ""): null

27-11-2024T10:39:03 - [TEST_STEP][PASSED] - poteri = poteri.replaceAll("\s+", ""): null

27-11-2024T10:39:03 - [TEST_STEP][PASSED] - typeOfData = typeOfDataMain + " Отпуск в сеть": null

27-11-2024T10:39:03 - [TEST_STEP][PASSED] - if (a == 82): null

27-11-2024T10:39:03 - [TEST_STEP][PASSED] - else if (a == 84): null

27-11-2024T10:39:03 - [TEST_STEP][PASSED] - else if (a == 52 || a == 72 || a == 28 || a == 73 || a == 77 || a == 74 || a == 65 || a == 36 || a == 44 || a == 53 || a == 80 || a == 54 || a == 1 || a == 18 || a == 59 || a == 81): null

27-11-2024T10:39:03 - [TEST_STEP][PASSED] - else: null

27-11-2024T10:39:03 - [TEST_STEP][PASSED] - path = dataFolder + typeOfData + " за отчётный период " + b: null

27-11-2024T10:39:03 - [TEST_STEP][PASSED] - println(path): null

27-11-2024T10:39:03 - [TEST_STEP][PASSED] - page = getText(findTestObject(path)): Text of object 'Object Repository/Выполнение бизнес-плана/Значения со страницы Выполнение бизнес-плана/План Отпуск в сеть за отчётный период Липецкэнерго' is: '3 764 247'

27-11-2024T10:39:03 - [MESSAGE][PASSED] - Text of object 'Object Repository/Выполнение бизнес-плана/Значения со страницы Выполнение бизнес-плана/План Отпуск в сеть за отчётный период Липецкэнерго' is: '3 764 247'

27-11-2024T10:39:03 - [TEST_STEP][PASSED] - page = page.replaceAll("\s+", ""): null

27-11-2024T10:39:03 - [TEST_STEP][PASSED] - fileOtpuskVSet = otpusk.toInteger(): null

27-11-2024T10:39:03 - [TEST_STEP][PASSED] - pageOtpuskVSet = page.toInteger(): null

27-11-2024T10:39:03 - [TEST_STEP][PASSED] - typeOfData = typeOfDataMain + " Потери": null

27-11-2024T10:39:03 - [TEST_STEP][PASSED] - if (a == 82): null

27-11-2024T10:39:03 - [TEST_STEP][PASSED] - else if (a == 84): null

27-11-2024T10:39:03 - [TEST_STEP][PASSED] - else if (a == 52 || a == 72 || a == 28 || a == 73 || a == 77 || a == 74 || a == 65 || a == 36 || a == 44 || a == 53 || a == 80 || a == 54 || a == 1 || a == 18 || a == 59 || a == 81): null

27-11-2024T10:39:03 - [TEST_STEP][PASSED] - else: null

27-11-2024T10:39:03 - [TEST_STEP][PASSED] - path = dataFolder + typeOfData + " за отчётный период " + b: null

27-11-2024T10:39:03 - [TEST_STEP][PASSED] - page = getText(findTestObject(path)): Text of object 'Object Repository/Выполнение бизнес-плана/Значения со страницы Выполнение бизнес-плана/План Потери за отчётный период Липецкэнерго' is: '572 526'

27-11-2024T10:39:03 - [MESSAGE][PASSED] - Text of object 'Object Repository/Выполнение бизнес-плана/Значения со страницы Выполнение бизнес-плана/План Потери за отчётный период Липецкэнерго' is: '572 526'

27-11-2024T10:39:03 - [TEST_STEP][PASSED] - page = page.replaceAll("\s+", ""): null

27-11-2024T10:39:03 - [TEST_STEP][PASSED] - filePoteri = poteri.toInteger(): null

27-11-2024T10:39:03 - [TEST_STEP][PASSED] - pagePoteri = page.toInteger(): null

27-11-2024T10:39:03 - [TEST_STEP][PASSED] - compare = pageOtpuskVSet: null

27-11-2024T10:39:03 - [TEST_STEP][PASSED] - if (compare == fileOtpuskVSet): null

27-11-2024T10:39:03 - [TEST_STEP][PASSED] - if (compare == fileOtpuskVSet): null

27-11-2024T10:39:03 - [TEST_STEP][PASSED] - compare = pagePoteri: null

27-11-2024T10:39:03 - [TEST_STEP][PASSED] - if (compare == filePoteri): null

27-11-2024T10:39:03 - [TEST_STEP][PASSED] - if (compare == filePoteri): null

27-11-2024T10:39:03 - [TEST_STEP][PASSED] - if (planFact == 2): Object: 'Object Repository/Выполнение бизнес-плана/Кнопка Факт' is clicked on

27-11-2024T10:39:03 - [TEST_STEP][PASSED] - click(findTestObject("Выполнение бизнес-плана/Кнопка Факт")): Object: 'Object Repository/Выполнение бизнес-плана/Кнопка Факт' is clicked on

27-11-2024T10:39:04 - [MESSAGE][PASSED] - Object: 'Object Repository/Выполнение бизнес-плана/Кнопка Факт' is clicked on

27-11-2024T10:39:04 - [TEST_STEP][PASSED] - if (a == 84 || a == 82): null

27-11-2024T10:39:04 - [TEST_STEP][PASSED] - else if (a == 52 || a == 72 || a == 28 || a == 73 || a == 77 || a == 74 || a == 65 || a == 36 || a == 44 || a == 53 || a == 80 || a == 54 || a == 1 || a == 18 || a == 59 || a == 81): null

27-11-2024T10:39:04 - [TEST_STEP][PASSED] - else: null

27-11-2024T10:39:04 - [TEST_STEP][PASSED] - page1 = getText(findTestObject("Object Repository/Выполнение бизнес-плана/spanPlan" + filialNum)): Text of object 'Object Repository/Выполнение бизнес-плана/spanPlan9' is: '15.21
|'

27-11-2024T10:39:04 - [MESSAGE][PASSED] - Text of object 'Object Repository/Выполнение бизнес-плана/spanPlan9' is: '15.21
|'

27-11-2024T10:39:04 - [TEST_STEP][PASSED] - page1 = page1.replace("|", ""): null

27-11-2024T10:39:04 - [TEST_STEP][PASSED] - page2 = getText(findTestObject("Object Repository/Выполнение бизнес-плана/spanFact" + filialNum)): Text of object 'Object Repository/Выполнение бизнес-плана/spanFact9' is: '13.60
|'

27-11-2024T10:39:04 - [MESSAGE][PASSED] - Text of object 'Object Repository/Выполнение бизнес-плана/spanFact9' is: '13.60
|'

27-11-2024T10:39:04 - [TEST_STEP][PASSED] - page2 = page2.replace("|", ""): null

27-11-2024T10:39:04 - [TEST_STEP][PASSED] - println("page1: " + page1): null

27-11-2024T10:39:04 - [TEST_STEP][PASSED] - println("page2: " + page2): null

27-11-2024T10:39:04 - [TEST_STEP][PASSED] - file = findTestData("PlanFact").getValue(4, a): null

27-11-2024T10:39:04 - [TEST_STEP][PASSED] - file = file.replace(",", "."): null

27-11-2024T10:39:04 - [TEST_STEP][PASSED] - println("file Plan: " + file): null

27-11-2024T10:39:04 - [TEST_STEP][PASSED] - typeOfData = "План в процентах": null

27-11-2024T10:39:04 - [TEST_STEP][PASSED] - fileDouble = file.toDouble(): null

27-11-2024T10:39:04 - [TEST_STEP][PASSED] - pageDouble = page1.toDouble(): null

27-11-2024T10:39:04 - [TEST_STEP][PASSED] - if (fileDouble != pageDouble): null

27-11-2024T10:39:04 - [TEST_STEP][PASSED] - file = findTestData("PlanFact").getValue(7, a): null

27-11-2024T10:39:04 - [TEST_STEP][PASSED] - file = file.replace(",", "."): null

27-11-2024T10:39:04 - [TEST_STEP][PASSED] - println("file Fact: " + file): null

27-11-2024T10:39:04 - [TEST_STEP][PASSED] - fileDouble = file.toDouble(): null

27-11-2024T10:39:04 - [TEST_STEP][PASSED] - typeOfData = "Факт в процентах": null

27-11-2024T10:39:04 - [TEST_STEP][PASSED] - fileDouble = file.toDouble(): null

27-11-2024T10:39:04 - [TEST_STEP][PASSED] - pageDouble = page2.toDouble(): null

27-11-2024T10:39:04 - [TEST_STEP][PASSED] - if (fileDouble != pageDouble): null

27-11-2024T10:39:04 - [TEST_STEP][PASSED] - if (verifyEqual(numberOfErrors, 0) == false): Actual object '0' and expected object '0' are equal

27-11-2024T10:39:04 - [MESSAGE][PASSED] - Actual object '0' and expected object '0' are equal

27-11-2024T10:39:04 - [TEST_STEP][PASSED] - if (a == 82): null

27-11-2024T10:39:04 - [TEST_STEP][PASSED] - dZO = "ООО «БрянскЭлектро»": null

27-11-2024T10:39:04 - [TEST_STEP][PASSED] - a = 13: null

27-11-2024T10:39:04 - [TEST_STEP][PASSED] - dzoCut = dZO.substring(5, 12): null

27-11-2024T10:39:04 - [TEST_STEP][PASSED] - if (x2.contains(dzoCut)): null

27-11-2024T10:39:04 - [TEST_STEP][PASSED] - filialNum = filialNum + 1: null

27-11-2024T10:39:04 - [TEST_STEP][PASSED] - Script1718980020443.Numbers(a, typeOfData, todaysDate, pageInt, fileInt, pageDouble, fileDouble, dZO, dzoNum, filialNum): null

27-11-2024T10:39:04 - [TEST_STEP][PASSED] - println(dzoNum): null

27-11-2024T10:39:04 - [TEST_STEP][PASSED] - planFact = <not implemented yet for class: org.codehaus.groovy.ast.expr.EmptyExpression>: null

27-11-2024T10:39:04 - [TEST_STEP][PASSED] - page = <not implemented yet for class: org.codehaus.groovy.ast.expr.EmptyExpression>: null

27-11-2024T10:39:04 - [TEST_STEP][PASSED] - page1 = <not implemented yet for class: org.codehaus.groovy.ast.expr.EmptyExpression>: null

27-11-2024T10:39:04 - [TEST_STEP][PASSED] - page2 = <not implemented yet for class: org.codehaus.groovy.ast.expr.EmptyExpression>: null

27-11-2024T10:39:04 - [TEST_STEP][PASSED] - filialNumberInRow = <not implemented yet for class: org.codehaus.groovy.ast.expr.EmptyExpression>: null

27-11-2024T10:39:04 - [TEST_STEP][PASSED] - filialsDzoNames = <not implemented yet for class: org.codehaus.groovy.ast.expr.EmptyExpression>: null

27-11-2024T10:39:04 - [TEST_STEP][PASSED] - numberOfFilials = <not implemented yet for class: org.codehaus.groovy.ast.expr.EmptyExpression>: null

27-11-2024T10:39:04 - [TEST_STEP][PASSED] - numberOfSpaces = <not implemented yet for class: org.codehaus.groovy.ast.expr.EmptyExpression>: null

27-11-2024T10:39:04 - [TEST_STEP][PASSED] - file = <not implemented yet for class: org.codehaus.groovy.ast.expr.EmptyExpression>: null

27-11-2024T10:39:04 - [TEST_STEP][PASSED] - otpusk = <not implemented yet for class: org.codehaus.groovy.ast.expr.EmptyExpression>: null

27-11-2024T10:39:04 - [TEST_STEP][PASSED] - poteri = <not implemented yet for class: org.codehaus.groovy.ast.expr.EmptyExpression>: null

27-11-2024T10:39:04 - [TEST_STEP][PASSED] - dataFolder = "Выполнение бизнес-плана/Значения со страницы Выполнение бизнес-плана/": null

27-11-2024T10:39:04 - [TEST_STEP][PASSED] - path = <not implemented yet for class: org.codehaus.groovy.ast.expr.EmptyExpression>: null

27-11-2024T10:39:04 - [TEST_STEP][PASSED] - typeOfDataMain = <not implemented yet for class: org.codehaus.groovy.ast.expr.EmptyExpression>: null

27-11-2024T10:39:04 - [TEST_STEP][PASSED] - fileOtpuskVSet = <not implemented yet for class: org.codehaus.groovy.ast.expr.EmptyExpression>: null

27-11-2024T10:39:04 - [TEST_STEP][PASSED] - pageOtpuskVSet = <not implemented yet for class: org.codehaus.groovy.ast.expr.EmptyExpression>: null

27-11-2024T10:39:04 - [TEST_STEP][PASSED] - filePoteri = <not implemented yet for class: org.codehaus.groovy.ast.expr.EmptyExpression>: null

27-11-2024T10:39:04 - [TEST_STEP][PASSED] - pagePoteri = <not implemented yet for class: org.codehaus.groovy.ast.expr.EmptyExpression>: null

27-11-2024T10:39:04 - [TEST_STEP][PASSED] - compare = <not implemented yet for class: org.codehaus.groovy.ast.expr.EmptyExpression>: null

27-11-2024T10:39:04 - [TEST_STEP][PASSED] - b = <not implemented yet for class: org.codehaus.groovy.ast.expr.EmptyExpression>: null

27-11-2024T10:39:04 - [TEST_STEP][PASSED] - i = <not implemented yet for class: org.codehaus.groovy.ast.expr.EmptyExpression>: null

27-11-2024T10:39:04 - [TEST_STEP][PASSED] - ii = <not implemented yet for class: org.codehaus.groovy.ast.expr.EmptyExpression>: null

27-11-2024T10:39:04 - [TEST_STEP][PASSED] - c = <not implemented yet for class: org.codehaus.groovy.ast.expr.EmptyExpression>: null

27-11-2024T10:39:04 - [TEST_STEP][PASSED] - numberOfErrors = 0: null

27-11-2024T10:39:04 - [TEST_STEP][PASSED] - if (a == 82): null

27-11-2024T10:39:04 - [TEST_STEP][PASSED] - b = findTestData("PlanFact").getValue(1, a): null

27-11-2024T10:39:04 - [TEST_STEP][PASSED] - i = b.indexOf(" (ГК)"): null

27-11-2024T10:39:04 - [TEST_STEP][PASSED] - if (i > -1): null

27-11-2024T10:39:04 - [TEST_STEP][PASSED] - i = b.indexOf("О ""): null

27-11-2024T10:39:04 - [TEST_STEP][PASSED] - if (i > -1): null

27-11-2024T10:39:04 - [TEST_STEP][PASSED] - i = b.indexOf("О «"): null

27-11-2024T10:39:04 - [TEST_STEP][PASSED] - if (i > -1): null

27-11-2024T10:39:04 - [TEST_STEP][PASSED] - b = b.substring(i + 3, b.length()): null

27-11-2024T10:39:04 - [TEST_STEP][PASSED] - i = b.indexOf("»"): null

27-11-2024T10:39:04 - [TEST_STEP][PASSED] - b = b.substring(0, i): null

27-11-2024T10:39:04 - [TEST_STEP][PASSED] - b = b.trim(): null

27-11-2024T10:39:04 - [TEST_STEP][PASSED] - i = b.indexOf("г. "): null

27-11-2024T10:39:04 - [TEST_STEP][PASSED] - if (i > -1): null

27-11-2024T10:39:04 - [TEST_STEP][PASSED] - println(b): null

27-11-2024T10:39:04 - [TEST_STEP][PASSED] - for ([planFact = 1, planFact < 3, (planFact++)]): Object: 'Object Repository/Выполнение бизнес-плана/Кнопка Факт' is clicked on

27-11-2024T10:39:04 - [TEST_STEP][PASSED] - if (planFact == 1): null

27-11-2024T10:39:04 - [TEST_STEP][PASSED] - typeOfDataMain = "Факт": null

27-11-2024T10:39:04 - [TEST_STEP][PASSED] - otpusk = findTestData("PlanFact").getValue(5, a): null

27-11-2024T10:39:05 - [TEST_STEP][PASSED] - poteri = findTestData("PlanFact").getValue(6, a): null

27-11-2024T10:39:05 - [TEST_STEP][PASSED] - otpusk = otpusk.replaceAll("\s+", ""): null

27-11-2024T10:39:05 - [TEST_STEP][PASSED] - poteri = poteri.replaceAll("\s+", ""): null

27-11-2024T10:39:05 - [TEST_STEP][PASSED] - typeOfData = typeOfDataMain + " Отпуск в сеть": null

27-11-2024T10:39:05 - [TEST_STEP][PASSED] - if (a == 82): null

27-11-2024T10:39:05 - [TEST_STEP][PASSED] - else if (a == 84): null

27-11-2024T10:39:05 - [TEST_STEP][PASSED] - else if (a == 52 || a == 72 || a == 28 || a == 73 || a == 77 || a == 74 || a == 65 || a == 36 || a == 44 || a == 53 || a == 80 || a == 54 || a == 1 || a == 18 || a == 59 || a == 81): null

27-11-2024T10:39:05 - [TEST_STEP][PASSED] - else: null

27-11-2024T10:39:05 - [TEST_STEP][PASSED] - path = dataFolder + typeOfData + " за отчётный период " + b: null

27-11-2024T10:39:05 - [TEST_STEP][PASSED] - println(path): null

27-11-2024T10:39:05 - [TEST_STEP][PASSED] - page = getText(findTestObject(path)): Text of object 'Object Repository/Выполнение бизнес-плана/Значения со страницы Выполнение бизнес-плана/Факт Отпуск в сеть за отчётный период БрянскЭлектро' is: '1 602 993'

27-11-2024T10:39:05 - [MESSAGE][PASSED] - Text of object 'Object Repository/Выполнение бизнес-плана/Значения со страницы Выполнение бизнес-плана/Факт Отпуск в сеть за отчётный период БрянскЭлектро' is: '1 602 993'

27-11-2024T10:39:05 - [TEST_STEP][PASSED] - page = page.replaceAll("\s+", ""): null

27-11-2024T10:39:05 - [TEST_STEP][PASSED] - fileOtpuskVSet = otpusk.toInteger(): null

27-11-2024T10:39:05 - [TEST_STEP][PASSED] - pageOtpuskVSet = page.toInteger(): null

27-11-2024T10:39:05 - [TEST_STEP][PASSED] - typeOfData = typeOfDataMain + " Потери": null

27-11-2024T10:39:05 - [TEST_STEP][PASSED] - if (a == 82): null

27-11-2024T10:39:05 - [TEST_STEP][PASSED] - else if (a == 84): null

27-11-2024T10:39:05 - [TEST_STEP][PASSED] - else if (a == 52 || a == 72 || a == 28 || a == 73 || a == 77 || a == 74 || a == 65 || a == 36 || a == 44 || a == 53 || a == 80 || a == 54 || a == 1 || a == 18 || a == 59 || a == 81): null

27-11-2024T10:39:05 - [TEST_STEP][PASSED] - else: null

27-11-2024T10:39:05 - [TEST_STEP][PASSED] - path = dataFolder + typeOfData + " за отчётный период " + b: null

27-11-2024T10:39:05 - [TEST_STEP][PASSED] - page = getText(findTestObject(path)): Text of object 'Object Repository/Выполнение бизнес-плана/Значения со страницы Выполнение бизнес-плана/Факт Потери за отчётный период БрянскЭлектро' is: '153 860'

27-11-2024T10:39:05 - [MESSAGE][PASSED] - Text of object 'Object Repository/Выполнение бизнес-плана/Значения со страницы Выполнение бизнес-плана/Факт Потери за отчётный период БрянскЭлектро' is: '153 860'

27-11-2024T10:39:05 - [TEST_STEP][PASSED] - page = page.replaceAll("\s+", ""): null

27-11-2024T10:39:05 - [TEST_STEP][PASSED] - filePoteri = poteri.toInteger(): null

27-11-2024T10:39:05 - [TEST_STEP][PASSED] - pagePoteri = page.toInteger(): null

27-11-2024T10:39:05 - [TEST_STEP][PASSED] - compare = pageOtpuskVSet: null

27-11-2024T10:39:05 - [TEST_STEP][PASSED] - if (compare == fileOtpuskVSet): null

27-11-2024T10:39:05 - [TEST_STEP][PASSED] - if (compare == fileOtpuskVSet): null

27-11-2024T10:39:05 - [TEST_STEP][PASSED] - compare = pagePoteri: null

27-11-2024T10:39:05 - [TEST_STEP][PASSED] - if (compare == filePoteri): null

27-11-2024T10:39:05 - [TEST_STEP][PASSED] - if (compare == filePoteri): null

27-11-2024T10:39:05 - [TEST_STEP][PASSED] - if (planFact == 2): null

27-11-2024T10:39:05 - [TEST_STEP][PASSED] - if (planFact == 1): null

27-11-2024T10:39:05 - [TEST_STEP][PASSED] - else if (planFact == 2): null

27-11-2024T10:39:05 - [TEST_STEP][PASSED] - click(findTestObject("Выполнение бизнес-плана/Кнопка План")): Object: 'Object Repository/Выполнение бизнес-плана/Кнопка План' is clicked on

27-11-2024T10:39:06 - [MESSAGE][PASSED] - Object: 'Object Repository/Выполнение бизнес-плана/Кнопка План' is clicked on

27-11-2024T10:39:06 - [TEST_STEP][PASSED] - typeOfDataMain = "План": null

27-11-2024T10:39:06 - [TEST_STEP][PASSED] - otpusk = findTestData("PlanFact").getValue(2, a): null

27-11-2024T10:39:06 - [TEST_STEP][PASSED] - poteri = findTestData("PlanFact").getValue(3, a): null

27-11-2024T10:39:06 - [TEST_STEP][PASSED] - otpusk = otpusk.replaceAll("\s+", ""): null

27-11-2024T10:39:06 - [TEST_STEP][PASSED] - poteri = poteri.replaceAll("\s+", ""): null

27-11-2024T10:39:06 - [TEST_STEP][PASSED] - typeOfData = typeOfDataMain + " Отпуск в сеть": null

27-11-2024T10:39:06 - [TEST_STEP][PASSED] - if (a == 82): null

27-11-2024T10:39:06 - [TEST_STEP][PASSED] - else if (a == 84): null

27-11-2024T10:39:06 - [TEST_STEP][PASSED] - else if (a == 52 || a == 72 || a == 28 || a == 73 || a == 77 || a == 74 || a == 65 || a == 36 || a == 44 || a == 53 || a == 80 || a == 54 || a == 1 || a == 18 || a == 59 || a == 81): null

27-11-2024T10:39:06 - [TEST_STEP][PASSED] - else: null

27-11-2024T10:39:06 - [TEST_STEP][PASSED] - path = dataFolder + typeOfData + " за отчётный период " + b: null

27-11-2024T10:39:06 - [TEST_STEP][PASSED] - println(path): null

27-11-2024T10:39:06 - [TEST_STEP][PASSED] - page = getText(findTestObject(path)): Text of object 'Object Repository/Выполнение бизнес-плана/Значения со страницы Выполнение бизнес-плана/План Отпуск в сеть за отчётный период БрянскЭлектро' is: '1 592 893'

27-11-2024T10:39:06 - [MESSAGE][PASSED] - Text of object 'Object Repository/Выполнение бизнес-плана/Значения со страницы Выполнение бизнес-плана/План Отпуск в сеть за отчётный период БрянскЭлектро' is: '1 592 893'

27-11-2024T10:39:06 - [TEST_STEP][PASSED] - page = page.replaceAll("\s+", ""): null

27-11-2024T10:39:06 - [TEST_STEP][PASSED] - fileOtpuskVSet = otpusk.toInteger(): null

27-11-2024T10:39:06 - [TEST_STEP][PASSED] - pageOtpuskVSet = page.toInteger(): null

27-11-2024T10:39:06 - [TEST_STEP][PASSED] - typeOfData = typeOfDataMain + " Потери": null

27-11-2024T10:39:06 - [TEST_STEP][PASSED] - if (a == 82): null

27-11-2024T10:39:06 - [TEST_STEP][PASSED] - else if (a == 84): null

27-11-2024T10:39:06 - [TEST_STEP][PASSED] - else if (a == 52 || a == 72 || a == 28 || a == 73 || a == 77 || a == 74 || a == 65 || a == 36 || a == 44 || a == 53 || a == 80 || a == 54 || a == 1 || a == 18 || a == 59 || a == 81): null

27-11-2024T10:39:06 - [TEST_STEP][PASSED] - else: null

27-11-2024T10:39:06 - [TEST_STEP][PASSED] - path = dataFolder + typeOfData + " за отчётный период " + b: null

27-11-2024T10:39:06 - [TEST_STEP][PASSED] - page = getText(findTestObject(path)): Text of object 'Object Repository/Выполнение бизнес-плана/Значения со страницы Выполнение бизнес-плана/План Потери за отчётный период БрянскЭлектро' is: '159 867'

27-11-2024T10:39:06 - [MESSAGE][PASSED] - Text of object 'Object Repository/Выполнение бизнес-плана/Значения со страницы Выполнение бизнес-плана/План Потери за отчётный период БрянскЭлектро' is: '159 867'

27-11-2024T10:39:06 - [TEST_STEP][PASSED] - page = page.replaceAll("\s+", ""): null

27-11-2024T10:39:06 - [TEST_STEP][PASSED] - filePoteri = poteri.toInteger(): null

27-11-2024T10:39:06 - [TEST_STEP][PASSED] - pagePoteri = page.toInteger(): null

27-11-2024T10:39:06 - [TEST_STEP][PASSED] - compare = pageOtpuskVSet: null

27-11-2024T10:39:06 - [TEST_STEP][PASSED] - if (compare == fileOtpuskVSet): null

27-11-2024T10:39:06 - [TEST_STEP][PASSED] - if (compare == fileOtpuskVSet): null

27-11-2024T10:39:06 - [TEST_STEP][PASSED] - compare = pagePoteri: null

27-11-2024T10:39:06 - [TEST_STEP][PASSED] - if (compare == filePoteri): null

27-11-2024T10:39:06 - [TEST_STEP][PASSED] - if (compare == filePoteri): null

27-11-2024T10:39:06 - [TEST_STEP][PASSED] - if (planFact == 2): Object: 'Object Repository/Выполнение бизнес-плана/Кнопка Факт' is clicked on

27-11-2024T10:39:06 - [TEST_STEP][PASSED] - click(findTestObject("Выполнение бизнес-плана/Кнопка Факт")): Object: 'Object Repository/Выполнение бизнес-плана/Кнопка Факт' is clicked on

27-11-2024T10:39:07 - [MESSAGE][PASSED] - Object: 'Object Repository/Выполнение бизнес-плана/Кнопка Факт' is clicked on

27-11-2024T10:39:07 - [TEST_STEP][PASSED] - if (a == 84 || a == 82): null

27-11-2024T10:39:07 - [TEST_STEP][PASSED] - else if (a == 52 || a == 72 || a == 28 || a == 73 || a == 77 || a == 74 || a == 65 || a == 36 || a == 44 || a == 53 || a == 80 || a == 54 || a == 1 || a == 18 || a == 59 || a == 81): null

27-11-2024T10:39:07 - [TEST_STEP][PASSED] - else: null

27-11-2024T10:39:07 - [TEST_STEP][PASSED] - page1 = getText(findTestObject("Object Repository/Выполнение бизнес-плана/spanPlan" + filialNum)): Text of object 'Object Repository/Выполнение бизнес-плана/spanPlan10' is: '10.04
|'

27-11-2024T10:39:07 - [MESSAGE][PASSED] - Text of object 'Object Repository/Выполнение бизнес-плана/spanPlan10' is: '10.04
|'

27-11-2024T10:39:07 - [TEST_STEP][PASSED] - page1 = page1.replace("|", ""): null

27-11-2024T10:39:07 - [TEST_STEP][PASSED] - page2 = getText(findTestObject("Object Repository/Выполнение бизнес-плана/spanFact" + filialNum)): Text of object 'Object Repository/Выполнение бизнес-плана/spanFact10' is: '9.60
|'

27-11-2024T10:39:07 - [MESSAGE][PASSED] - Text of object 'Object Repository/Выполнение бизнес-плана/spanFact10' is: '9.60
|'

27-11-2024T10:39:07 - [TEST_STEP][PASSED] - page2 = page2.replace("|", ""): null

27-11-2024T10:39:07 - [TEST_STEP][PASSED] - println("page1: " + page1): null

27-11-2024T10:39:07 - [TEST_STEP][PASSED] - println("page2: " + page2): null

27-11-2024T10:39:07 - [TEST_STEP][PASSED] - file = findTestData("PlanFact").getValue(4, a): null

27-11-2024T10:39:07 - [TEST_STEP][PASSED] - file = file.replace(",", "."): null

27-11-2024T10:39:07 - [TEST_STEP][PASSED] - println("file Plan: " + file): null

27-11-2024T10:39:07 - [TEST_STEP][PASSED] - typeOfData = "План в процентах": null

27-11-2024T10:39:07 - [TEST_STEP][PASSED] - fileDouble = file.toDouble(): null

27-11-2024T10:39:07 - [TEST_STEP][PASSED] - pageDouble = page1.toDouble(): null

27-11-2024T10:39:07 - [TEST_STEP][PASSED] - if (fileDouble != pageDouble): null

27-11-2024T10:39:07 - [TEST_STEP][PASSED] - file = findTestData("PlanFact").getValue(7, a): null

27-11-2024T10:39:07 - [TEST_STEP][PASSED] - file = file.replace(",", "."): null

27-11-2024T10:39:07 - [TEST_STEP][PASSED] - println("file Fact: " + file): null

27-11-2024T10:39:07 - [TEST_STEP][PASSED] - fileDouble = file.toDouble(): null

27-11-2024T10:39:07 - [TEST_STEP][PASSED] - typeOfData = "Факт в процентах": null

27-11-2024T10:39:07 - [TEST_STEP][PASSED] - fileDouble = file.toDouble(): null

27-11-2024T10:39:07 - [TEST_STEP][PASSED] - pageDouble = page2.toDouble(): null

27-11-2024T10:39:07 - [TEST_STEP][PASSED] - if (fileDouble != pageDouble): null

27-11-2024T10:39:07 - [TEST_STEP][PASSED] - if (verifyEqual(numberOfErrors, 0) == false): Actual object '0' and expected object '0' are equal

27-11-2024T10:39:07 - [MESSAGE][PASSED] - Actual object '0' and expected object '0' are equal

27-11-2024T10:39:07 - [TEST_STEP][PASSED] - if (a == 82): null

27-11-2024T10:39:07 - [TEST_STEP][PASSED] - dZO = "Орелэнерго": null

27-11-2024T10:39:07 - [TEST_STEP][PASSED] - a = 8: null

27-11-2024T10:39:07 - [TEST_STEP][PASSED] - if (x2.contains(dZO)): null

27-11-2024T10:39:07 - [TEST_STEP][PASSED] - filialNum = filialNum + 1: null

27-11-2024T10:39:07 - [TEST_STEP][PASSED] - Script1718980020443.Numbers(a, typeOfData, todaysDate, pageInt, fileInt, pageDouble, fileDouble, dZO, dzoNum, filialNum): null

27-11-2024T10:39:07 - [TEST_STEP][PASSED] - println(dzoNum): null

27-11-2024T10:39:07 - [TEST_STEP][PASSED] - planFact = <not implemented yet for class: org.codehaus.groovy.ast.expr.EmptyExpression>: null

27-11-2024T10:39:07 - [TEST_STEP][PASSED] - page = <not implemented yet for class: org.codehaus.groovy.ast.expr.EmptyExpression>: null

27-11-2024T10:39:07 - [TEST_STEP][PASSED] - page1 = <not implemented yet for class: org.codehaus.groovy.ast.expr.EmptyExpression>: null

27-11-2024T10:39:07 - [TEST_STEP][PASSED] - page2 = <not implemented yet for class: org.codehaus.groovy.ast.expr.EmptyExpression>: null

27-11-2024T10:39:07 - [TEST_STEP][PASSED] - filialNumberInRow = <not implemented yet for class: org.codehaus.groovy.ast.expr.EmptyExpression>: null

27-11-2024T10:39:07 - [TEST_STEP][PASSED] - filialsDzoNames = <not implemented yet for class: org.codehaus.groovy.ast.expr.EmptyExpression>: null

27-11-2024T10:39:07 - [TEST_STEP][PASSED] - numberOfFilials = <not implemented yet for class: org.codehaus.groovy.ast.expr.EmptyExpression>: null

27-11-2024T10:39:07 - [TEST_STEP][PASSED] - numberOfSpaces = <not implemented yet for class: org.codehaus.groovy.ast.expr.EmptyExpression>: null

27-11-2024T10:39:07 - [TEST_STEP][PASSED] - file = <not implemented yet for class: org.codehaus.groovy.ast.expr.EmptyExpression>: null

27-11-2024T10:39:07 - [TEST_STEP][PASSED] - otpusk = <not implemented yet for class: org.codehaus.groovy.ast.expr.EmptyExpression>: null

27-11-2024T10:39:07 - [TEST_STEP][PASSED] - poteri = <not implemented yet for class: org.codehaus.groovy.ast.expr.EmptyExpression>: null

27-11-2024T10:39:07 - [TEST_STEP][PASSED] - dataFolder = "Выполнение бизнес-плана/Значения со страницы Выполнение бизнес-плана/": null

27-11-2024T10:39:07 - [TEST_STEP][PASSED] - path = <not implemented yet for class: org.codehaus.groovy.ast.expr.EmptyExpression>: null

27-11-2024T10:39:07 - [TEST_STEP][PASSED] - typeOfDataMain = <not implemented yet for class: org.codehaus.groovy.ast.expr.EmptyExpression>: null

27-11-2024T10:39:07 - [TEST_STEP][PASSED] - fileOtpuskVSet = <not implemented yet for class: org.codehaus.groovy.ast.expr.EmptyExpression>: null

27-11-2024T10:39:07 - [TEST_STEP][PASSED] - pageOtpuskVSet = <not implemented yet for class: org.codehaus.groovy.ast.expr.EmptyExpression>: null

27-11-2024T10:39:07 - [TEST_STEP][PASSED] - filePoteri = <not implemented yet for class: org.codehaus.groovy.ast.expr.EmptyExpression>: null

27-11-2024T10:39:07 - [TEST_STEP][PASSED] - pagePoteri = <not implemented yet for class: org.codehaus.groovy.ast.expr.EmptyExpression>: null

27-11-2024T10:39:07 - [TEST_STEP][PASSED] - compare = <not implemented yet for class: org.codehaus.groovy.ast.expr.EmptyExpression>: null

27-11-2024T10:39:07 - [TEST_STEP][PASSED] - b = <not implemented yet for class: org.codehaus.groovy.ast.expr.EmptyExpression>: null

27-11-2024T10:39:07 - [TEST_STEP][PASSED] - i = <not implemented yet for class: org.codehaus.groovy.ast.expr.EmptyExpression>: null

27-11-2024T10:39:07 - [TEST_STEP][PASSED] - ii = <not implemented yet for class: org.codehaus.groovy.ast.expr.EmptyExpression>: null

27-11-2024T10:39:07 - [TEST_STEP][PASSED] - c = <not implemented yet for class: org.codehaus.groovy.ast.expr.EmptyExpression>: null

27-11-2024T10:39:07 - [TEST_STEP][PASSED] - numberOfErrors = 0: null

27-11-2024T10:39:07 - [TEST_STEP][PASSED] - if (a == 82): null

27-11-2024T10:39:07 - [TEST_STEP][PASSED] - b = findTestData("PlanFact").getValue(1, a): null

27-11-2024T10:39:08 - [TEST_STEP][PASSED] - i = b.indexOf(" (ГК)"): null

27-11-2024T10:39:08 - [TEST_STEP][PASSED] - if (i > -1): null

27-11-2024T10:39:08 - [TEST_STEP][PASSED] - i = b.indexOf("О ""): null

27-11-2024T10:39:08 - [TEST_STEP][PASSED] - if (i > -1): null

27-11-2024T10:39:08 - [TEST_STEP][PASSED] - i = b.indexOf("О «"): null

27-11-2024T10:39:08 - [TEST_STEP][PASSED] - if (i > -1): null

27-11-2024T10:39:08 - [TEST_STEP][PASSED] - i = b.indexOf("г. "): null

27-11-2024T10:39:08 - [TEST_STEP][PASSED] - if (i > -1): null

27-11-2024T10:39:08 - [TEST_STEP][PASSED] - println(b): null

27-11-2024T10:39:08 - [TEST_STEP][PASSED] - for ([planFact = 1, planFact < 3, (planFact++)]): Object: 'Object Repository/Выполнение бизнес-плана/Кнопка Факт' is clicked on

27-11-2024T10:39:08 - [TEST_STEP][PASSED] - if (planFact == 1): null

27-11-2024T10:39:08 - [TEST_STEP][PASSED] - typeOfDataMain = "Факт": null

27-11-2024T10:39:08 - [TEST_STEP][PASSED] - otpusk = findTestData("PlanFact").getValue(5, a): null

27-11-2024T10:39:08 - [TEST_STEP][PASSED] - poteri = findTestData("PlanFact").getValue(6, a): null

27-11-2024T10:39:08 - [TEST_STEP][PASSED] - otpusk = otpusk.replaceAll("\s+", ""): null

27-11-2024T10:39:08 - [TEST_STEP][PASSED] - poteri = poteri.replaceAll("\s+", ""): null

27-11-2024T10:39:08 - [TEST_STEP][PASSED] - typeOfData = typeOfDataMain + " Отпуск в сеть": null

27-11-2024T10:39:08 - [TEST_STEP][PASSED] - if (a == 82): null

27-11-2024T10:39:08 - [TEST_STEP][PASSED] - else if (a == 84): null

27-11-2024T10:39:08 - [TEST_STEP][PASSED] - else if (a == 52 || a == 72 || a == 28 || a == 73 || a == 77 || a == 74 || a == 65 || a == 36 || a == 44 || a == 53 || a == 80 || a == 54 || a == 1 || a == 18 || a == 59 || a == 81): null

27-11-2024T10:39:08 - [TEST_STEP][PASSED] - else: null

27-11-2024T10:39:08 - [TEST_STEP][PASSED] - path = dataFolder + typeOfData + " за отчётный период " + b: null

27-11-2024T10:39:08 - [TEST_STEP][PASSED] - println(path): null

27-11-2024T10:39:08 - [TEST_STEP][PASSED] - page = getText(findTestObject(path)): Text of object 'Object Repository/Выполнение бизнес-плана/Значения со страницы Выполнение бизнес-плана/Факт Отпуск в сеть за отчётный период Орелэнерго' is: '1 788 018'

27-11-2024T10:39:08 - [MESSAGE][PASSED] - Text of object 'Object Repository/Выполнение бизнес-плана/Значения со страницы Выполнение бизнес-плана/Факт Отпуск в сеть за отчётный период Орелэнерго' is: '1 788 018'

27-11-2024T10:39:08 - [TEST_STEP][PASSED] - page = page.replaceAll("\s+", ""): null

27-11-2024T10:39:08 - [TEST_STEP][PASSED] - fileOtpuskVSet = otpusk.toInteger(): null

27-11-2024T10:39:08 - [TEST_STEP][PASSED] - pageOtpuskVSet = page.toInteger(): null

27-11-2024T10:39:08 - [TEST_STEP][PASSED] - typeOfData = typeOfDataMain + " Потери": null

27-11-2024T10:39:08 - [TEST_STEP][PASSED] - if (a == 82): null

27-11-2024T10:39:08 - [TEST_STEP][PASSED] - else if (a == 84): null

27-11-2024T10:39:08 - [TEST_STEP][PASSED] - else if (a == 52 || a == 72 || a == 28 || a == 73 || a == 77 || a == 74 || a == 65 || a == 36 || a == 44 || a == 53 || a == 80 || a == 54 || a == 1 || a == 18 || a == 59 || a == 81): null

27-11-2024T10:39:08 - [TEST_STEP][PASSED] - else: null

27-11-2024T10:39:08 - [TEST_STEP][PASSED] - path = dataFolder + typeOfData + " за отчётный период " + b: null

27-11-2024T10:39:08 - [TEST_STEP][PASSED] - page = getText(findTestObject(path)): Text of object 'Object Repository/Выполнение бизнес-плана/Значения со страницы Выполнение бизнес-плана/Факт Потери за отчётный период Орелэнерго' is: '153 685'

27-11-2024T10:39:08 - [MESSAGE][PASSED] - Text of object 'Object Repository/Выполнение бизнес-плана/Значения со страницы Выполнение бизнес-плана/Факт Потери за отчётный период Орелэнерго' is: '153 685'

27-11-2024T10:39:08 - [TEST_STEP][PASSED] - page = page.replaceAll("\s+", ""): null

27-11-2024T10:39:08 - [TEST_STEP][PASSED] - filePoteri = poteri.toInteger(): null

27-11-2024T10:39:08 - [TEST_STEP][PASSED] - pagePoteri = page.toInteger(): null

27-11-2024T10:39:08 - [TEST_STEP][PASSED] - compare = pageOtpuskVSet: null

27-11-2024T10:39:08 - [TEST_STEP][PASSED] - if (compare == fileOtpuskVSet): null

27-11-2024T10:39:08 - [TEST_STEP][PASSED] - if (compare == fileOtpuskVSet): null

27-11-2024T10:39:08 - [TEST_STEP][PASSED] - compare = pagePoteri: null

27-11-2024T10:39:08 - [TEST_STEP][PASSED] - if (compare == filePoteri): null

27-11-2024T10:39:08 - [TEST_STEP][PASSED] - if (compare == filePoteri): null

27-11-2024T10:39:08 - [TEST_STEP][PASSED] - if (planFact == 2): null

27-11-2024T10:39:08 - [TEST_STEP][PASSED] - if (planFact == 1): null

27-11-2024T10:39:08 - [TEST_STEP][PASSED] - else if (planFact == 2): null

27-11-2024T10:39:08 - [TEST_STEP][PASSED] - click(findTestObject("Выполнение бизнес-плана/Кнопка План")): Object: 'Object Repository/Выполнение бизнес-плана/Кнопка План' is clicked on

27-11-2024T10:39:09 - [MESSAGE][PASSED] - Object: 'Object Repository/Выполнение бизнес-плана/Кнопка План' is clicked on

27-11-2024T10:39:09 - [TEST_STEP][PASSED] - typeOfDataMain = "План": null

27-11-2024T10:39:09 - [TEST_STEP][PASSED] - otpusk = findTestData("PlanFact").getValue(2, a): null

27-11-2024T10:39:09 - [TEST_STEP][PASSED] - poteri = findTestData("PlanFact").getValue(3, a): null

27-11-2024T10:39:09 - [TEST_STEP][PASSED] - otpusk = otpusk.replaceAll("\s+", ""): null

27-11-2024T10:39:09 - [TEST_STEP][PASSED] - poteri = poteri.replaceAll("\s+", ""): null

27-11-2024T10:39:09 - [TEST_STEP][PASSED] - typeOfData = typeOfDataMain + " Отпуск в сеть": null

27-11-2024T10:39:09 - [TEST_STEP][PASSED] - if (a == 82): null

27-11-2024T10:39:09 - [TEST_STEP][PASSED] - else if (a == 84): null

27-11-2024T10:39:09 - [TEST_STEP][PASSED] - else if (a == 52 || a == 72 || a == 28 || a == 73 || a == 77 || a == 74 || a == 65 || a == 36 || a == 44 || a == 53 || a == 80 || a == 54 || a == 1 || a == 18 || a == 59 || a == 81): null

27-11-2024T10:39:09 - [TEST_STEP][PASSED] - else: null

27-11-2024T10:39:09 - [TEST_STEP][PASSED] - path = dataFolder + typeOfData + " за отчётный период " + b: null

27-11-2024T10:39:09 - [TEST_STEP][PASSED] - println(path): null

27-11-2024T10:39:09 - [TEST_STEP][PASSED] - page = getText(findTestObject(path)): Text of object 'Object Repository/Выполнение бизнес-плана/Значения со страницы Выполнение бизнес-плана/План Отпуск в сеть за отчётный период Орелэнерго' is: '1 748 788'

27-11-2024T10:39:09 - [MESSAGE][PASSED] - Text of object 'Object Repository/Выполнение бизнес-плана/Значения со страницы Выполнение бизнес-плана/План Отпуск в сеть за отчётный период Орелэнерго' is: '1 748 788'

27-11-2024T10:39:09 - [TEST_STEP][PASSED] - page = page.replaceAll("\s+", ""): null

27-11-2024T10:39:09 - [TEST_STEP][PASSED] - fileOtpuskVSet = otpusk.toInteger(): null

27-11-2024T10:39:09 - [TEST_STEP][PASSED] - pageOtpuskVSet = page.toInteger(): null

27-11-2024T10:39:09 - [TEST_STEP][PASSED] - typeOfData = typeOfDataMain + " Потери": null

27-11-2024T10:39:09 - [TEST_STEP][PASSED] - if (a == 82): null

27-11-2024T10:39:09 - [TEST_STEP][PASSED] - else if (a == 84): null

27-11-2024T10:39:09 - [TEST_STEP][PASSED] - else if (a == 52 || a == 72 || a == 28 || a == 73 || a == 77 || a == 74 || a == 65 || a == 36 || a == 44 || a == 53 || a == 80 || a == 54 || a == 1 || a == 18 || a == 59 || a == 81): null

27-11-2024T10:39:09 - [TEST_STEP][PASSED] - else: null

27-11-2024T10:39:09 - [TEST_STEP][PASSED] - path = dataFolder + typeOfData + " за отчётный период " + b: null

27-11-2024T10:39:09 - [TEST_STEP][PASSED] - page = getText(findTestObject(path)): Text of object 'Object Repository/Выполнение бизнес-плана/Значения со страницы Выполнение бизнес-плана/План Потери за отчётный период Орелэнерго' is: '158 669'

27-11-2024T10:39:09 - [MESSAGE][PASSED] - Text of object 'Object Repository/Выполнение бизнес-плана/Значения со страницы Выполнение бизнес-плана/План Потери за отчётный период Орелэнерго' is: '158 669'

27-11-2024T10:39:09 - [TEST_STEP][PASSED] - page = page.replaceAll("\s+", ""): null

27-11-2024T10:39:09 - [TEST_STEP][PASSED] - filePoteri = poteri.toInteger(): null

27-11-2024T10:39:09 - [TEST_STEP][PASSED] - pagePoteri = page.toInteger(): null

27-11-2024T10:39:09 - [TEST_STEP][PASSED] - compare = pageOtpuskVSet: null

27-11-2024T10:39:09 - [TEST_STEP][PASSED] - if (compare == fileOtpuskVSet): null

27-11-2024T10:39:09 - [TEST_STEP][PASSED] - if (compare == fileOtpuskVSet): null

27-11-2024T10:39:09 - [TEST_STEP][PASSED] - compare = pagePoteri: null

27-11-2024T10:39:09 - [TEST_STEP][PASSED] - if (compare == filePoteri): null

27-11-2024T10:39:09 - [TEST_STEP][PASSED] - if (compare == filePoteri): null

27-11-2024T10:39:09 - [TEST_STEP][PASSED] - if (planFact == 2): Object: 'Object Repository/Выполнение бизнес-плана/Кнопка Факт' is clicked on

27-11-2024T10:39:09 - [TEST_STEP][PASSED] - click(findTestObject("Выполнение бизнес-плана/Кнопка Факт")): Object: 'Object Repository/Выполнение бизнес-плана/Кнопка Факт' is clicked on

27-11-2024T10:39:10 - [MESSAGE][PASSED] - Object: 'Object Repository/Выполнение бизнес-плана/Кнопка Факт' is clicked on

27-11-2024T10:39:10 - [TEST_STEP][PASSED] - if (a == 84 || a == 82): null

27-11-2024T10:39:10 - [TEST_STEP][PASSED] - else if (a == 52 || a == 72 || a == 28 || a == 73 || a == 77 || a == 74 || a == 65 || a == 36 || a == 44 || a == 53 || a == 80 || a == 54 || a == 1 || a == 18 || a == 59 || a == 81): null

27-11-2024T10:39:10 - [TEST_STEP][PASSED] - else: null

27-11-2024T10:39:10 - [TEST_STEP][PASSED] - page1 = getText(findTestObject("Object Repository/Выполнение бизнес-плана/spanPlan" + filialNum)): Text of object 'Object Repository/Выполнение бизнес-плана/spanPlan11' is: '9.07
|'

27-11-2024T10:39:10 - [MESSAGE][PASSED] - Text of object 'Object Repository/Выполнение бизнес-плана/spanPlan11' is: '9.07
|'

27-11-2024T10:39:10 - [TEST_STEP][PASSED] - page1 = page1.replace("|", ""): null

27-11-2024T10:39:10 - [TEST_STEP][PASSED] - page2 = getText(findTestObject("Object Repository/Выполнение бизнес-плана/spanFact" + filialNum)): Text of object 'Object Repository/Выполнение бизнес-плана/spanFact11' is: '8.60
|'

27-11-2024T10:39:10 - [MESSAGE][PASSED] - Text of object 'Object Repository/Выполнение бизнес-плана/spanFact11' is: '8.60
|'

27-11-2024T10:39:10 - [TEST_STEP][PASSED] - page2 = page2.replace("|", ""): null

27-11-2024T10:39:10 - [TEST_STEP][PASSED] - println("page1: " + page1): null

27-11-2024T10:39:10 - [TEST_STEP][PASSED] - println("page2: " + page2): null

27-11-2024T10:39:10 - [TEST_STEP][PASSED] - file = findTestData("PlanFact").getValue(4, a): null

27-11-2024T10:39:10 - [TEST_STEP][PASSED] - file = file.replace(",", "."): null

27-11-2024T10:39:10 - [TEST_STEP][PASSED] - println("file Plan: " + file): null

27-11-2024T10:39:10 - [TEST_STEP][PASSED] - typeOfData = "План в процентах": null

27-11-2024T10:39:10 - [TEST_STEP][PASSED] - fileDouble = file.toDouble(): null

27-11-2024T10:39:10 - [TEST_STEP][PASSED] - pageDouble = page1.toDouble(): null

27-11-2024T10:39:10 - [TEST_STEP][PASSED] - if (fileDouble != pageDouble): null

27-11-2024T10:39:10 - [TEST_STEP][PASSED] - file = findTestData("PlanFact").getValue(7, a): null

27-11-2024T10:39:10 - [TEST_STEP][PASSED] - file = file.replace(",", "."): null

27-11-2024T10:39:10 - [TEST_STEP][PASSED] - println("file Fact: " + file): null

27-11-2024T10:39:10 - [TEST_STEP][PASSED] - fileDouble = file.toDouble(): null

27-11-2024T10:39:10 - [TEST_STEP][PASSED] - typeOfData = "Факт в процентах": null

27-11-2024T10:39:10 - [TEST_STEP][PASSED] - fileDouble = file.toDouble(): null

27-11-2024T10:39:10 - [TEST_STEP][PASSED] - pageDouble = page2.toDouble(): null

27-11-2024T10:39:10 - [TEST_STEP][PASSED] - if (fileDouble != pageDouble): null

27-11-2024T10:39:10 - [TEST_STEP][PASSED] - if (verifyEqual(numberOfErrors, 0) == false): Actual object '0' and expected object '0' are equal

27-11-2024T10:39:10 - [MESSAGE][PASSED] - Actual object '0' and expected object '0' are equal

27-11-2024T10:39:10 - [TEST_STEP][PASSED] - if (a == 82): null

27-11-2024T10:39:10 - [TEST_STEP][PASSED] - dZO = "Смоленскэнерго": null

27-11-2024T10:39:10 - [TEST_STEP][PASSED] - a = 9: null

27-11-2024T10:39:10 - [TEST_STEP][PASSED] - if (x2.contains(dZO)): null

27-11-2024T10:39:10 - [TEST_STEP][PASSED] - filialNum = filialNum + 1: null

27-11-2024T10:39:10 - [TEST_STEP][PASSED] - Script1718980020443.Numbers(a, typeOfData, todaysDate, pageInt, fileInt, pageDouble, fileDouble, dZO, dzoNum, filialNum): null

27-11-2024T10:39:10 - [TEST_STEP][PASSED] - println(dzoNum): null

27-11-2024T10:39:10 - [TEST_STEP][PASSED] - planFact = <not implemented yet for class: org.codehaus.groovy.ast.expr.EmptyExpression>: null

27-11-2024T10:39:10 - [TEST_STEP][PASSED] - page = <not implemented yet for class: org.codehaus.groovy.ast.expr.EmptyExpression>: null

27-11-2024T10:39:10 - [TEST_STEP][PASSED] - page1 = <not implemented yet for class: org.codehaus.groovy.ast.expr.EmptyExpression>: null

27-11-2024T10:39:10 - [TEST_STEP][PASSED] - page2 = <not implemented yet for class: org.codehaus.groovy.ast.expr.EmptyExpression>: null

27-11-2024T10:39:10 - [TEST_STEP][PASSED] - filialNumberInRow = <not implemented yet for class: org.codehaus.groovy.ast.expr.EmptyExpression>: null

27-11-2024T10:39:10 - [TEST_STEP][PASSED] - filialsDzoNames = <not implemented yet for class: org.codehaus.groovy.ast.expr.EmptyExpression>: null

27-11-2024T10:39:10 - [TEST_STEP][PASSED] - numberOfFilials = <not implemented yet for class: org.codehaus.groovy.ast.expr.EmptyExpression>: null

27-11-2024T10:39:10 - [TEST_STEP][PASSED] - numberOfSpaces = <not implemented yet for class: org.codehaus.groovy.ast.expr.EmptyExpression>: null

27-11-2024T10:39:10 - [TEST_STEP][PASSED] - file = <not implemented yet for class: org.codehaus.groovy.ast.expr.EmptyExpression>: null

27-11-2024T10:39:10 - [TEST_STEP][PASSED] - otpusk = <not implemented yet for class: org.codehaus.groovy.ast.expr.EmptyExpression>: null

27-11-2024T10:39:10 - [TEST_STEP][PASSED] - poteri = <not implemented yet for class: org.codehaus.groovy.ast.expr.EmptyExpression>: null

27-11-2024T10:39:10 - [TEST_STEP][PASSED] - dataFolder = "Выполнение бизнес-плана/Значения со страницы Выполнение бизнес-плана/": null

27-11-2024T10:39:10 - [TEST_STEP][PASSED] - path = <not implemented yet for class: org.codehaus.groovy.ast.expr.EmptyExpression>: null

27-11-2024T10:39:10 - [TEST_STEP][PASSED] - typeOfDataMain = <not implemented yet for class: org.codehaus.groovy.ast.expr.EmptyExpression>: null

27-11-2024T10:39:10 - [TEST_STEP][PASSED] - fileOtpuskVSet = <not implemented yet for class: org.codehaus.groovy.ast.expr.EmptyExpression>: null

27-11-2024T10:39:10 - [TEST_STEP][PASSED] - pageOtpuskVSet = <not implemented yet for class: org.codehaus.groovy.ast.expr.EmptyExpression>: null

27-11-2024T10:39:10 - [TEST_STEP][PASSED] - filePoteri = <not implemented yet for class: org.codehaus.groovy.ast.expr.EmptyExpression>: null

27-11-2024T10:39:10 - [TEST_STEP][PASSED] - pagePoteri = <not implemented yet for class: org.codehaus.groovy.ast.expr.EmptyExpression>: null

27-11-2024T10:39:10 - [TEST_STEP][PASSED] - compare = <not implemented yet for class: org.codehaus.groovy.ast.expr.EmptyExpression>: null

27-11-2024T10:39:10 - [TEST_STEP][PASSED] - b = <not implemented yet for class: org.codehaus.groovy.ast.expr.EmptyExpression>: null

27-11-2024T10:39:10 - [TEST_STEP][PASSED] - i = <not implemented yet for class: org.codehaus.groovy.ast.expr.EmptyExpression>: null

27-11-2024T10:39:10 - [TEST_STEP][PASSED] - ii = <not implemented yet for class: org.codehaus.groovy.ast.expr.EmptyExpression>: null

27-11-2024T10:39:10 - [TEST_STEP][PASSED] - c = <not implemented yet for class: org.codehaus.groovy.ast.expr.EmptyExpression>: null

27-11-2024T10:39:10 - [TEST_STEP][PASSED] - numberOfErrors = 0: null

27-11-2024T10:39:10 - [TEST_STEP][PASSED] - if (a == 82): null

27-11-2024T10:39:10 - [TEST_STEP][PASSED] - b = findTestData("PlanFact").getValue(1, a): null

27-11-2024T10:39:10 - [TEST_STEP][PASSED] - i = b.indexOf(" (ГК)"): null

27-11-2024T10:39:10 - [TEST_STEP][PASSED] - if (i > -1): null

27-11-2024T10:39:10 - [TEST_STEP][PASSED] - i = b.indexOf("О ""): null

27-11-2024T10:39:10 - [TEST_STEP][PASSED] - if (i > -1): null

27-11-2024T10:39:10 - [TEST_STEP][PASSED] - i = b.indexOf("О «"): null

27-11-2024T10:39:10 - [TEST_STEP][PASSED] - if (i > -1): null

27-11-2024T10:39:10 - [TEST_STEP][PASSED] - i = b.indexOf("г. "): null

27-11-2024T10:39:10 - [TEST_STEP][PASSED] - if (i > -1): null

27-11-2024T10:39:10 - [TEST_STEP][PASSED] - println(b): null

27-11-2024T10:39:10 - [TEST_STEP][PASSED] - for ([planFact = 1, planFact < 3, (planFact++)]): Object: 'Object Repository/Выполнение бизнес-плана/Кнопка Факт' is clicked on

27-11-2024T10:39:10 - [TEST_STEP][PASSED] - if (planFact == 1): null

27-11-2024T10:39:10 - [TEST_STEP][PASSED] - typeOfDataMain = "Факт": null

27-11-2024T10:39:10 - [TEST_STEP][PASSED] - otpusk = findTestData("PlanFact").getValue(5, a): null

27-11-2024T10:39:10 - [TEST_STEP][PASSED] - poteri = findTestData("PlanFact").getValue(6, a): null

27-11-2024T10:39:11 - [TEST_STEP][PASSED] - otpusk = otpusk.replaceAll("\s+", ""): null

27-11-2024T10:39:11 - [TEST_STEP][PASSED] - poteri = poteri.replaceAll("\s+", ""): null

27-11-2024T10:39:11 - [TEST_STEP][PASSED] - typeOfData = typeOfDataMain + " Отпуск в сеть": null

27-11-2024T10:39:11 - [TEST_STEP][PASSED] - if (a == 82): null

27-11-2024T10:39:11 - [TEST_STEP][PASSED] - else if (a == 84): null

27-11-2024T10:39:11 - [TEST_STEP][PASSED] - else if (a == 52 || a == 72 || a == 28 || a == 73 || a == 77 || a == 74 || a == 65 || a == 36 || a == 44 || a == 53 || a == 80 || a == 54 || a == 1 || a == 18 || a == 59 || a == 81): null

27-11-2024T10:39:11 - [TEST_STEP][PASSED] - else: null

27-11-2024T10:39:11 - [TEST_STEP][PASSED] - path = dataFolder + typeOfData + " за отчётный период " + b: null

27-11-2024T10:39:11 - [TEST_STEP][PASSED] - println(path): null

27-11-2024T10:39:11 - [TEST_STEP][PASSED] - page = getText(findTestObject(path)): Text of object 'Object Repository/Выполнение бизнес-плана/Значения со страницы Выполнение бизнес-плана/Факт Отпуск в сеть за отчётный период Смоленскэнерго' is: '2 877 695'

27-11-2024T10:39:11 - [MESSAGE][PASSED] - Text of object 'Object Repository/Выполнение бизнес-плана/Значения со страницы Выполнение бизнес-плана/Факт Отпуск в сеть за отчётный период Смоленскэнерго' is: '2 877 695'

27-11-2024T10:39:11 - [TEST_STEP][PASSED] - page = page.replaceAll("\s+", ""): null

27-11-2024T10:39:11 - [TEST_STEP][PASSED] - fileOtpuskVSet = otpusk.toInteger(): null

27-11-2024T10:39:11 - [TEST_STEP][PASSED] - pageOtpuskVSet = page.toInteger(): null

27-11-2024T10:39:11 - [TEST_STEP][PASSED] - typeOfData = typeOfDataMain + " Потери": null

27-11-2024T10:39:11 - [TEST_STEP][PASSED] - if (a == 82): null

27-11-2024T10:39:11 - [TEST_STEP][PASSED] - else if (a == 84): null

27-11-2024T10:39:11 - [TEST_STEP][PASSED] - else if (a == 52 || a == 72 || a == 28 || a == 73 || a == 77 || a == 74 || a == 65 || a == 36 || a == 44 || a == 53 || a == 80 || a == 54 || a == 1 || a == 18 || a == 59 || a == 81): null

27-11-2024T10:39:11 - [TEST_STEP][PASSED] - else: null

27-11-2024T10:39:11 - [TEST_STEP][PASSED] - path = dataFolder + typeOfData + " за отчётный период " + b: null

27-11-2024T10:39:11 - [TEST_STEP][PASSED] - page = getText(findTestObject(path)): Text of object 'Object Repository/Выполнение бизнес-плана/Значения со страницы Выполнение бизнес-плана/Факт Потери за отчётный период Смоленскэнерго' is: '338 207'

27-11-2024T10:39:11 - [MESSAGE][PASSED] - Text of object 'Object Repository/Выполнение бизнес-плана/Значения со страницы Выполнение бизнес-плана/Факт Потери за отчётный период Смоленскэнерго' is: '338 207'

27-11-2024T10:39:11 - [TEST_STEP][PASSED] - page = page.replaceAll("\s+", ""): null

27-11-2024T10:39:11 - [TEST_STEP][PASSED] - filePoteri = poteri.toInteger(): null

27-11-2024T10:39:11 - [TEST_STEP][PASSED] - pagePoteri = page.toInteger(): null

27-11-2024T10:39:11 - [TEST_STEP][PASSED] - compare = pageOtpuskVSet: null

27-11-2024T10:39:11 - [TEST_STEP][PASSED] - if (compare == fileOtpuskVSet): null

27-11-2024T10:39:11 - [TEST_STEP][PASSED] - if (compare == fileOtpuskVSet): null

27-11-2024T10:39:11 - [TEST_STEP][PASSED] - compare = pagePoteri: null

27-11-2024T10:39:11 - [TEST_STEP][PASSED] - if (compare == filePoteri): null

27-11-2024T10:39:11 - [TEST_STEP][PASSED] - if (compare == filePoteri): null

27-11-2024T10:39:11 - [TEST_STEP][PASSED] - if (planFact == 2): null

27-11-2024T10:39:11 - [TEST_STEP][PASSED] - if (planFact == 1): null

27-11-2024T10:39:11 - [TEST_STEP][PASSED] - else if (planFact == 2): null

27-11-2024T10:39:11 - [TEST_STEP][PASSED] - click(findTestObject("Выполнение бизнес-плана/Кнопка План")): Object: 'Object Repository/Выполнение бизнес-плана/Кнопка План' is clicked on

27-11-2024T10:39:12 - [MESSAGE][PASSED] - Object: 'Object Repository/Выполнение бизнес-плана/Кнопка План' is clicked on

27-11-2024T10:39:12 - [TEST_STEP][PASSED] - typeOfDataMain = "План": null

27-11-2024T10:39:12 - [TEST_STEP][PASSED] - otpusk = findTestData("PlanFact").getValue(2, a): null

27-11-2024T10:39:12 - [TEST_STEP][PASSED] - poteri = findTestData("PlanFact").getValue(3, a): null

27-11-2024T10:39:12 - [TEST_STEP][PASSED] - otpusk = otpusk.replaceAll("\s+", ""): null

27-11-2024T10:39:12 - [TEST_STEP][PASSED] - poteri = poteri.replaceAll("\s+", ""): null

27-11-2024T10:39:12 - [TEST_STEP][PASSED] - typeOfData = typeOfDataMain + " Отпуск в сеть": null

27-11-2024T10:39:12 - [TEST_STEP][PASSED] - if (a == 82): null

27-11-2024T10:39:12 - [TEST_STEP][PASSED] - else if (a == 84): null

27-11-2024T10:39:12 - [TEST_STEP][PASSED] - else if (a == 52 || a == 72 || a == 28 || a == 73 || a == 77 || a == 74 || a == 65 || a == 36 || a == 44 || a == 53 || a == 80 || a == 54 || a == 1 || a == 18 || a == 59 || a == 81): null

27-11-2024T10:39:12 - [TEST_STEP][PASSED] - else: null

27-11-2024T10:39:12 - [TEST_STEP][PASSED] - path = dataFolder + typeOfData + " за отчётный период " + b: null

27-11-2024T10:39:12 - [TEST_STEP][PASSED] - println(path): null

27-11-2024T10:39:12 - [TEST_STEP][PASSED] - page = getText(findTestObject(path)): Text of object 'Object Repository/Выполнение бизнес-плана/Значения со страницы Выполнение бизнес-плана/План Отпуск в сеть за отчётный период Смоленскэнерго' is: '2 861 590'

27-11-2024T10:39:12 - [MESSAGE][PASSED] - Text of object 'Object Repository/Выполнение бизнес-плана/Значения со страницы Выполнение бизнес-плана/План Отпуск в сеть за отчётный период Смоленскэнерго' is: '2 861 590'

27-11-2024T10:39:12 - [TEST_STEP][PASSED] - page = page.replaceAll("\s+", ""): null

27-11-2024T10:39:12 - [TEST_STEP][PASSED] - fileOtpuskVSet = otpusk.toInteger(): null

27-11-2024T10:39:12 - [TEST_STEP][PASSED] - pageOtpuskVSet = page.toInteger(): null

27-11-2024T10:39:12 - [TEST_STEP][PASSED] - typeOfData = typeOfDataMain + " Потери": null

27-11-2024T10:39:12 - [TEST_STEP][PASSED] - if (a == 82): null

27-11-2024T10:39:12 - [TEST_STEP][PASSED] - else if (a == 84): null

27-11-2024T10:39:12 - [TEST_STEP][PASSED] - else if (a == 52 || a == 72 || a == 28 || a == 73 || a == 77 || a == 74 || a == 65 || a == 36 || a == 44 || a == 53 || a == 80 || a == 54 || a == 1 || a == 18 || a == 59 || a == 81): null

27-11-2024T10:39:12 - [TEST_STEP][PASSED] - else: null

27-11-2024T10:39:12 - [TEST_STEP][PASSED] - path = dataFolder + typeOfData + " за отчётный период " + b: null

27-11-2024T10:39:12 - [TEST_STEP][PASSED] - page = getText(findTestObject(path)): Text of object 'Object Repository/Выполнение бизнес-плана/Значения со страницы Выполнение бизнес-плана/План Потери за отчётный период Смоленскэнерго' is: '339 390'

27-11-2024T10:39:12 - [MESSAGE][PASSED] - Text of object 'Object Repository/Выполнение бизнес-плана/Значения со страницы Выполнение бизнес-плана/План Потери за отчётный период Смоленскэнерго' is: '339 390'

27-11-2024T10:39:12 - [TEST_STEP][PASSED] - page = page.replaceAll("\s+", ""): null

27-11-2024T10:39:12 - [TEST_STEP][PASSED] - filePoteri = poteri.toInteger(): null

27-11-2024T10:39:12 - [TEST_STEP][PASSED] - pagePoteri = page.toInteger(): null

27-11-2024T10:39:12 - [TEST_STEP][PASSED] - compare = pageOtpuskVSet: null

27-11-2024T10:39:12 - [TEST_STEP][PASSED] - if (compare == fileOtpuskVSet): null

27-11-2024T10:39:12 - [TEST_STEP][PASSED] - if (compare == fileOtpuskVSet): null

27-11-2024T10:39:12 - [TEST_STEP][PASSED] - compare = pagePoteri: null

27-11-2024T10:39:12 - [TEST_STEP][PASSED] - if (compare == filePoteri): null

27-11-2024T10:39:12 - [TEST_STEP][PASSED] - if (compare == filePoteri): null

27-11-2024T10:39:12 - [TEST_STEP][PASSED] - if (planFact == 2): Object: 'Object Repository/Выполнение бизнес-плана/Кнопка Факт' is clicked on

27-11-2024T10:39:12 - [TEST_STEP][PASSED] - click(findTestObject("Выполнение бизнес-плана/Кнопка Факт")): Object: 'Object Repository/Выполнение бизнес-плана/Кнопка Факт' is clicked on

27-11-2024T10:39:13 - [MESSAGE][PASSED] - Object: 'Object Repository/Выполнение бизнес-плана/Кнопка Факт' is clicked on

27-11-2024T10:39:13 - [TEST_STEP][PASSED] - if (a == 84 || a == 82): null

27-11-2024T10:39:13 - [TEST_STEP][PASSED] - else if (a == 52 || a == 72 || a == 28 || a == 73 || a == 77 || a == 74 || a == 65 || a == 36 || a == 44 || a == 53 || a == 80 || a == 54 || a == 1 || a == 18 || a == 59 || a == 81): null

27-11-2024T10:39:13 - [TEST_STEP][PASSED] - else: null

27-11-2024T10:39:13 - [TEST_STEP][PASSED] - page1 = getText(findTestObject("Object Repository/Выполнение бизнес-плана/spanPlan" + filialNum)): Text of object 'Object Repository/Выполнение бизнес-плана/spanPlan12' is: '11.86
|'

27-11-2024T10:39:13 - [MESSAGE][PASSED] - Text of object 'Object Repository/Выполнение бизнес-плана/spanPlan12' is: '11.86
|'

27-11-2024T10:39:13 - [TEST_STEP][PASSED] - page1 = page1.replace("|", ""): null

27-11-2024T10:39:13 - [TEST_STEP][PASSED] - page2 = getText(findTestObject("Object Repository/Выполнение бизнес-плана/spanFact" + filialNum)): Text of object 'Object Repository/Выполнение бизнес-плана/spanFact12' is: '11.75
|'

27-11-2024T10:39:13 - [MESSAGE][PASSED] - Text of object 'Object Repository/Выполнение бизнес-плана/spanFact12' is: '11.75
|'

27-11-2024T10:39:13 - [TEST_STEP][PASSED] - page2 = page2.replace("|", ""): null

27-11-2024T10:39:13 - [TEST_STEP][PASSED] - println("page1: " + page1): null

27-11-2024T10:39:13 - [TEST_STEP][PASSED] - println("page2: " + page2): null

27-11-2024T10:39:13 - [TEST_STEP][PASSED] - file = findTestData("PlanFact").getValue(4, a): null

27-11-2024T10:39:13 - [TEST_STEP][PASSED] - file = file.replace(",", "."): null

27-11-2024T10:39:13 - [TEST_STEP][PASSED] - println("file Plan: " + file): null

27-11-2024T10:39:13 - [TEST_STEP][PASSED] - typeOfData = "План в процентах": null

27-11-2024T10:39:13 - [TEST_STEP][PASSED] - fileDouble = file.toDouble(): null

27-11-2024T10:39:13 - [TEST_STEP][PASSED] - pageDouble = page1.toDouble(): null

27-11-2024T10:39:13 - [TEST_STEP][PASSED] - if (fileDouble != pageDouble): null

27-11-2024T10:39:13 - [TEST_STEP][PASSED] - file = findTestData("PlanFact").getValue(7, a): null

27-11-2024T10:39:13 - [TEST_STEP][PASSED] - file = file.replace(",", "."): null

27-11-2024T10:39:13 - [TEST_STEP][PASSED] - println("file Fact: " + file): null

27-11-2024T10:39:13 - [TEST_STEP][PASSED] - fileDouble = file.toDouble(): null

27-11-2024T10:39:13 - [TEST_STEP][PASSED] - typeOfData = "Факт в процентах": null

27-11-2024T10:39:13 - [TEST_STEP][PASSED] - fileDouble = file.toDouble(): null

27-11-2024T10:39:13 - [TEST_STEP][PASSED] - pageDouble = page2.toDouble(): null

27-11-2024T10:39:13 - [TEST_STEP][PASSED] - if (fileDouble != pageDouble): null

27-11-2024T10:39:13 - [TEST_STEP][PASSED] - if (verifyEqual(numberOfErrors, 0) == false): Actual object '0' and expected object '0' are equal

27-11-2024T10:39:13 - [MESSAGE][PASSED] - Actual object '0' and expected object '0' are equal

27-11-2024T10:39:13 - [TEST_STEP][PASSED] - if (a == 82): null

27-11-2024T10:39:13 - [TEST_STEP][PASSED] - dZO = "Тамбовэнерго": null

27-11-2024T10:39:13 - [TEST_STEP][PASSED] - a = 10: null

27-11-2024T10:39:13 - [TEST_STEP][PASSED] - if (x2.contains(dZO)): null

27-11-2024T10:39:13 - [TEST_STEP][PASSED] - filialNum = filialNum + 1: null

27-11-2024T10:39:13 - [TEST_STEP][PASSED] - Script1718980020443.Numbers(a, typeOfData, todaysDate, pageInt, fileInt, pageDouble, fileDouble, dZO, dzoNum, filialNum): null

27-11-2024T10:39:13 - [TEST_STEP][PASSED] - println(dzoNum): null

27-11-2024T10:39:13 - [TEST_STEP][PASSED] - planFact = <not implemented yet for class: org.codehaus.groovy.ast.expr.EmptyExpression>: null

27-11-2024T10:39:13 - [TEST_STEP][PASSED] - page = <not implemented yet for class: org.codehaus.groovy.ast.expr.EmptyExpression>: null

27-11-2024T10:39:13 - [TEST_STEP][PASSED] - page1 = <not implemented yet for class: org.codehaus.groovy.ast.expr.EmptyExpression>: null

27-11-2024T10:39:13 - [TEST_STEP][PASSED] - page2 = <not implemented yet for class: org.codehaus.groovy.ast.expr.EmptyExpression>: null

27-11-2024T10:39:13 - [TEST_STEP][PASSED] - filialNumberInRow = <not implemented yet for class: org.codehaus.groovy.ast.expr.EmptyExpression>: null

27-11-2024T10:39:13 - [TEST_STEP][PASSED] - filialsDzoNames = <not implemented yet for class: org.codehaus.groovy.ast.expr.EmptyExpression>: null

27-11-2024T10:39:13 - [TEST_STEP][PASSED] - numberOfFilials = <not implemented yet for class: org.codehaus.groovy.ast.expr.EmptyExpression>: null

27-11-2024T10:39:13 - [TEST_STEP][PASSED] - numberOfSpaces = <not implemented yet for class: org.codehaus.groovy.ast.expr.EmptyExpression>: null

27-11-2024T10:39:13 - [TEST_STEP][PASSED] - file = <not implemented yet for class: org.codehaus.groovy.ast.expr.EmptyExpression>: null

27-11-2024T10:39:13 - [TEST_STEP][PASSED] - otpusk = <not implemented yet for class: org.codehaus.groovy.ast.expr.EmptyExpression>: null

27-11-2024T10:39:13 - [TEST_STEP][PASSED] - poteri = <not implemented yet for class: org.codehaus.groovy.ast.expr.EmptyExpression>: null

27-11-2024T10:39:13 - [TEST_STEP][PASSED] - dataFolder = "Выполнение бизнес-плана/Значения со страницы Выполнение бизнес-плана/": null

27-11-2024T10:39:13 - [TEST_STEP][PASSED] - path = <not implemented yet for class: org.codehaus.groovy.ast.expr.EmptyExpression>: null

27-11-2024T10:39:13 - [TEST_STEP][PASSED] - typeOfDataMain = <not implemented yet for class: org.codehaus.groovy.ast.expr.EmptyExpression>: null

27-11-2024T10:39:13 - [TEST_STEP][PASSED] - fileOtpuskVSet = <not implemented yet for class: org.codehaus.groovy.ast.expr.EmptyExpression>: null

27-11-2024T10:39:13 - [TEST_STEP][PASSED] - pageOtpuskVSet = <not implemented yet for class: org.codehaus.groovy.ast.expr.EmptyExpression>: null

27-11-2024T10:39:13 - [TEST_STEP][PASSED] - filePoteri = <not implemented yet for class: org.codehaus.groovy.ast.expr.EmptyExpression>: null

27-11-2024T10:39:13 - [TEST_STEP][PASSED] - pagePoteri = <not implemented yet for class: org.codehaus.groovy.ast.expr.EmptyExpression>: null

27-11-2024T10:39:13 - [TEST_STEP][PASSED] - compare = <not implemented yet for class: org.codehaus.groovy.ast.expr.EmptyExpression>: null

27-11-2024T10:39:13 - [TEST_STEP][PASSED] - b = <not implemented yet for class: org.codehaus.groovy.ast.expr.EmptyExpression>: null

27-11-2024T10:39:13 - [TEST_STEP][PASSED] - i = <not implemented yet for class: org.codehaus.groovy.ast.expr.EmptyExpression>: null

27-11-2024T10:39:13 - [TEST_STEP][PASSED] - ii = <not implemented yet for class: org.codehaus.groovy.ast.expr.EmptyExpression>: null

27-11-2024T10:39:13 - [TEST_STEP][PASSED] - c = <not implemented yet for class: org.codehaus.groovy.ast.expr.EmptyExpression>: null

27-11-2024T10:39:13 - [TEST_STEP][PASSED] - numberOfErrors = 0: null

27-11-2024T10:39:13 - [TEST_STEP][PASSED] - if (a == 82): null

27-11-2024T10:39:13 - [TEST_STEP][PASSED] - b = findTestData("PlanFact").getValue(1, a): null

27-11-2024T10:39:13 - [TEST_STEP][PASSED] - i = b.indexOf(" (ГК)"): null

27-11-2024T10:39:13 - [TEST_STEP][PASSED] - if (i > -1): null

27-11-2024T10:39:13 - [TEST_STEP][PASSED] - i = b.indexOf("О ""): null

27-11-2024T10:39:13 - [TEST_STEP][PASSED] - if (i > -1): null

27-11-2024T10:39:13 - [TEST_STEP][PASSED] - i = b.indexOf("О «"): null

27-11-2024T10:39:13 - [TEST_STEP][PASSED] - if (i > -1): null

27-11-2024T10:39:13 - [TEST_STEP][PASSED] - i = b.indexOf("г. "): null

27-11-2024T10:39:13 - [TEST_STEP][PASSED] - if (i > -1): null

27-11-2024T10:39:13 - [TEST_STEP][PASSED] - println(b): null

27-11-2024T10:39:13 - [TEST_STEP][PASSED] - for ([planFact = 1, planFact < 3, (planFact++)]): Object: 'Object Repository/Выполнение бизнес-плана/Кнопка Факт' is clicked on

27-11-2024T10:39:13 - [TEST_STEP][PASSED] - if (planFact == 1): null

27-11-2024T10:39:13 - [TEST_STEP][PASSED] - typeOfDataMain = "Факт": null

27-11-2024T10:39:13 - [TEST_STEP][PASSED] - otpusk = findTestData("PlanFact").getValue(5, a): null

27-11-2024T10:39:13 - [TEST_STEP][PASSED] - poteri = findTestData("PlanFact").getValue(6, a): null

27-11-2024T10:39:13 - [TEST_STEP][PASSED] - otpusk = otpusk.replaceAll("\s+", ""): null

27-11-2024T10:39:13 - [TEST_STEP][PASSED] - poteri = poteri.replaceAll("\s+", ""): null

27-11-2024T10:39:14 - [TEST_STEP][PASSED] - typeOfData = typeOfDataMain + " Отпуск в сеть": null

27-11-2024T10:39:14 - [TEST_STEP][PASSED] - if (a == 82): null

27-11-2024T10:39:14 - [TEST_STEP][PASSED] - else if (a == 84): null

27-11-2024T10:39:14 - [TEST_STEP][PASSED] - else if (a == 52 || a == 72 || a == 28 || a == 73 || a == 77 || a == 74 || a == 65 || a == 36 || a == 44 || a == 53 || a == 80 || a == 54 || a == 1 || a == 18 || a == 59 || a == 81): null

27-11-2024T10:39:14 - [TEST_STEP][PASSED] - else: null

27-11-2024T10:39:14 - [TEST_STEP][PASSED] - path = dataFolder + typeOfData + " за отчётный период " + b: null

27-11-2024T10:39:14 - [TEST_STEP][PASSED] - println(path): null

27-11-2024T10:39:14 - [TEST_STEP][PASSED] - page = getText(findTestObject(path)): Text of object 'Object Repository/Выполнение бизнес-плана/Значения со страницы Выполнение бизнес-плана/Факт Отпуск в сеть за отчётный период Тамбовэнерго' is: '2 262 998'

27-11-2024T10:39:14 - [MESSAGE][PASSED] - Text of object 'Object Repository/Выполнение бизнес-плана/Значения со страницы Выполнение бизнес-плана/Факт Отпуск в сеть за отчётный период Тамбовэнерго' is: '2 262 998'

27-11-2024T10:39:14 - [TEST_STEP][PASSED] - page = page.replaceAll("\s+", ""): null

27-11-2024T10:39:14 - [TEST_STEP][PASSED] - fileOtpuskVSet = otpusk.toInteger(): null

27-11-2024T10:39:14 - [TEST_STEP][PASSED] - pageOtpuskVSet = page.toInteger(): null

27-11-2024T10:39:14 - [TEST_STEP][PASSED] - typeOfData = typeOfDataMain + " Потери": null

27-11-2024T10:39:14 - [TEST_STEP][PASSED] - if (a == 82): null

27-11-2024T10:39:14 - [TEST_STEP][PASSED] - else if (a == 84): null

27-11-2024T10:39:14 - [TEST_STEP][PASSED] - else if (a == 52 || a == 72 || a == 28 || a == 73 || a == 77 || a == 74 || a == 65 || a == 36 || a == 44 || a == 53 || a == 80 || a == 54 || a == 1 || a == 18 || a == 59 || a == 81): null

27-11-2024T10:39:14 - [TEST_STEP][PASSED] - else: null

27-11-2024T10:39:14 - [TEST_STEP][PASSED] - path = dataFolder + typeOfData + " за отчётный период " + b: null

27-11-2024T10:39:14 - [TEST_STEP][PASSED] - page = getText(findTestObject(path)): Text of object 'Object Repository/Выполнение бизнес-плана/Значения со страницы Выполнение бизнес-плана/Факт Потери за отчётный период Тамбовэнерго' is: '185 079'

27-11-2024T10:39:14 - [MESSAGE][PASSED] - Text of object 'Object Repository/Выполнение бизнес-плана/Значения со страницы Выполнение бизнес-плана/Факт Потери за отчётный период Тамбовэнерго' is: '185 079'

27-11-2024T10:39:14 - [TEST_STEP][PASSED] - page = page.replaceAll("\s+", ""): null

27-11-2024T10:39:14 - [TEST_STEP][PASSED] - filePoteri = poteri.toInteger(): null

27-11-2024T10:39:14 - [TEST_STEP][PASSED] - pagePoteri = page.toInteger(): null

27-11-2024T10:39:14 - [TEST_STEP][PASSED] - compare = pageOtpuskVSet: null

27-11-2024T10:39:14 - [TEST_STEP][PASSED] - if (compare == fileOtpuskVSet): null

27-11-2024T10:39:14 - [TEST_STEP][PASSED] - if (compare == fileOtpuskVSet): null

27-11-2024T10:39:14 - [TEST_STEP][PASSED] - compare = pagePoteri: null

27-11-2024T10:39:14 - [TEST_STEP][PASSED] - if (compare == filePoteri): null

27-11-2024T10:39:14 - [TEST_STEP][PASSED] - if (compare == filePoteri): null

27-11-2024T10:39:14 - [TEST_STEP][PASSED] - if (planFact == 2): null

27-11-2024T10:39:14 - [TEST_STEP][PASSED] - if (planFact == 1): null

27-11-2024T10:39:14 - [TEST_STEP][PASSED] - else if (planFact == 2): null

27-11-2024T10:39:14 - [TEST_STEP][PASSED] - click(findTestObject("Выполнение бизнес-плана/Кнопка План")): Object: 'Object Repository/Выполнение бизнес-плана/Кнопка План' is clicked on

27-11-2024T10:39:14 - [MESSAGE][PASSED] - Object: 'Object Repository/Выполнение бизнес-плана/Кнопка План' is clicked on

27-11-2024T10:39:14 - [TEST_STEP][PASSED] - typeOfDataMain = "План": null

27-11-2024T10:39:14 - [TEST_STEP][PASSED] - otpusk = findTestData("PlanFact").getValue(2, a): null

27-11-2024T10:39:15 - [TEST_STEP][PASSED] - poteri = findTestData("PlanFact").getValue(3, a): null

27-11-2024T10:39:15 - [TEST_STEP][PASSED] - otpusk = otpusk.replaceAll("\s+", ""): null

27-11-2024T10:39:15 - [TEST_STEP][PASSED] - poteri = poteri.replaceAll("\s+", ""): null

27-11-2024T10:39:15 - [TEST_STEP][PASSED] - typeOfData = typeOfDataMain + " Отпуск в сеть": null

27-11-2024T10:39:15 - [TEST_STEP][PASSED] - if (a == 82): null

27-11-2024T10:39:15 - [TEST_STEP][PASSED] - else if (a == 84): null

27-11-2024T10:39:15 - [TEST_STEP][PASSED] - else if (a == 52 || a == 72 || a == 28 || a == 73 || a == 77 || a == 74 || a == 65 || a == 36 || a == 44 || a == 53 || a == 80 || a == 54 || a == 1 || a == 18 || a == 59 || a == 81): null

27-11-2024T10:39:15 - [TEST_STEP][PASSED] - else: null

27-11-2024T10:39:15 - [TEST_STEP][PASSED] - path = dataFolder + typeOfData + " за отчётный период " + b: null

27-11-2024T10:39:15 - [TEST_STEP][PASSED] - println(path): null

27-11-2024T10:39:15 - [TEST_STEP][PASSED] - page = getText(findTestObject(path)): Text of object 'Object Repository/Выполнение бизнес-плана/Значения со страницы Выполнение бизнес-плана/План Отпуск в сеть за отчётный период Тамбовэнерго' is: '2 195 554'

27-11-2024T10:39:15 - [MESSAGE][PASSED] - Text of object 'Object Repository/Выполнение бизнес-плана/Значения со страницы Выполнение бизнес-плана/План Отпуск в сеть за отчётный период Тамбовэнерго' is: '2 195 554'

27-11-2024T10:39:15 - [TEST_STEP][PASSED] - page = page.replaceAll("\s+", ""): null

27-11-2024T10:39:15 - [TEST_STEP][PASSED] - fileOtpuskVSet = otpusk.toInteger(): null

27-11-2024T10:39:15 - [TEST_STEP][PASSED] - pageOtpuskVSet = page.toInteger(): null

27-11-2024T10:39:15 - [TEST_STEP][PASSED] - typeOfData = typeOfDataMain + " Потери": null

27-11-2024T10:39:15 - [TEST_STEP][PASSED] - if (a == 82): null

27-11-2024T10:39:15 - [TEST_STEP][PASSED] - else if (a == 84): null

27-11-2024T10:39:15 - [TEST_STEP][PASSED] - else if (a == 52 || a == 72 || a == 28 || a == 73 || a == 77 || a == 74 || a == 65 || a == 36 || a == 44 || a == 53 || a == 80 || a == 54 || a == 1 || a == 18 || a == 59 || a == 81): null

27-11-2024T10:39:15 - [TEST_STEP][PASSED] - else: null

27-11-2024T10:39:15 - [TEST_STEP][PASSED] - path = dataFolder + typeOfData + " за отчётный период " + b: null

27-11-2024T10:39:15 - [TEST_STEP][PASSED] - page = getText(findTestObject(path)): Text of object 'Object Repository/Выполнение бизнес-плана/Значения со страницы Выполнение бизнес-плана/План Потери за отчётный период Тамбовэнерго' is: '191 492'

27-11-2024T10:39:15 - [MESSAGE][PASSED] - Text of object 'Object Repository/Выполнение бизнес-плана/Значения со страницы Выполнение бизнес-плана/План Потери за отчётный период Тамбовэнерго' is: '191 492'

27-11-2024T10:39:15 - [TEST_STEP][PASSED] - page = page.replaceAll("\s+", ""): null

27-11-2024T10:39:15 - [TEST_STEP][PASSED] - filePoteri = poteri.toInteger(): null

27-11-2024T10:39:15 - [TEST_STEP][PASSED] - pagePoteri = page.toInteger(): null

27-11-2024T10:39:15 - [TEST_STEP][PASSED] - compare = pageOtpuskVSet: null

27-11-2024T10:39:15 - [TEST_STEP][PASSED] - if (compare == fileOtpuskVSet): null

27-11-2024T10:39:15 - [TEST_STEP][PASSED] - if (compare == fileOtpuskVSet): null

27-11-2024T10:39:15 - [TEST_STEP][PASSED] - compare = pagePoteri: null

27-11-2024T10:39:15 - [TEST_STEP][PASSED] - if (compare == filePoteri): null

27-11-2024T10:39:15 - [TEST_STEP][PASSED] - if (compare == filePoteri): null

27-11-2024T10:39:15 - [TEST_STEP][PASSED] - if (planFact == 2): Object: 'Object Repository/Выполнение бизнес-плана/Кнопка Факт' is clicked on

27-11-2024T10:39:15 - [TEST_STEP][PASSED] - click(findTestObject("Выполнение бизнес-плана/Кнопка Факт")): Object: 'Object Repository/Выполнение бизнес-плана/Кнопка Факт' is clicked on

27-11-2024T10:39:16 - [MESSAGE][PASSED] - Object: 'Object Repository/Выполнение бизнес-плана/Кнопка Факт' is clicked on

27-11-2024T10:39:16 - [TEST_STEP][PASSED] - if (a == 84 || a == 82): null

27-11-2024T10:39:16 - [TEST_STEP][PASSED] - else if (a == 52 || a == 72 || a == 28 || a == 73 || a == 77 || a == 74 || a == 65 || a == 36 || a == 44 || a == 53 || a == 80 || a == 54 || a == 1 || a == 18 || a == 59 || a == 81): null

27-11-2024T10:39:16 - [TEST_STEP][PASSED] - else: null

27-11-2024T10:39:16 - [TEST_STEP][PASSED] - page1 = getText(findTestObject("Object Repository/Выполнение бизнес-плана/spanPlan" + filialNum)): Text of object 'Object Repository/Выполнение бизнес-плана/spanPlan13' is: '8.72
|'

27-11-2024T10:39:16 - [MESSAGE][PASSED] - Text of object 'Object Repository/Выполнение бизнес-плана/spanPlan13' is: '8.72
|'

27-11-2024T10:39:16 - [TEST_STEP][PASSED] - page1 = page1.replace("|", ""): null

27-11-2024T10:39:16 - [TEST_STEP][PASSED] - page2 = getText(findTestObject("Object Repository/Выполнение бизнес-плана/spanFact" + filialNum)): Text of object 'Object Repository/Выполнение бизнес-плана/spanFact13' is: '8.18
|'

27-11-2024T10:39:16 - [MESSAGE][PASSED] - Text of object 'Object Repository/Выполнение бизнес-плана/spanFact13' is: '8.18
|'

27-11-2024T10:39:16 - [TEST_STEP][PASSED] - page2 = page2.replace("|", ""): null

27-11-2024T10:39:16 - [TEST_STEP][PASSED] - println("page1: " + page1): null

27-11-2024T10:39:16 - [TEST_STEP][PASSED] - println("page2: " + page2): null

27-11-2024T10:39:16 - [TEST_STEP][PASSED] - file = findTestData("PlanFact").getValue(4, a): null

27-11-2024T10:39:16 - [TEST_STEP][PASSED] - file = file.replace(",", "."): null

27-11-2024T10:39:16 - [TEST_STEP][PASSED] - println("file Plan: " + file): null

27-11-2024T10:39:16 - [TEST_STEP][PASSED] - typeOfData = "План в процентах": null

27-11-2024T10:39:16 - [TEST_STEP][PASSED] - fileDouble = file.toDouble(): null

27-11-2024T10:39:16 - [TEST_STEP][PASSED] - pageDouble = page1.toDouble(): null

27-11-2024T10:39:16 - [TEST_STEP][PASSED] - if (fileDouble != pageDouble): null

27-11-2024T10:39:16 - [TEST_STEP][PASSED] - file = findTestData("PlanFact").getValue(7, a): null

27-11-2024T10:39:16 - [TEST_STEP][PASSED] - file = file.replace(",", "."): null

27-11-2024T10:39:16 - [TEST_STEP][PASSED] - println("file Fact: " + file): null

27-11-2024T10:39:16 - [TEST_STEP][PASSED] - fileDouble = file.toDouble(): null

27-11-2024T10:39:16 - [TEST_STEP][PASSED] - typeOfData = "Факт в процентах": null

27-11-2024T10:39:16 - [TEST_STEP][PASSED] - fileDouble = file.toDouble(): null

27-11-2024T10:39:16 - [TEST_STEP][PASSED] - pageDouble = page2.toDouble(): null

27-11-2024T10:39:16 - [TEST_STEP][PASSED] - if (fileDouble != pageDouble): null

27-11-2024T10:39:16 - [TEST_STEP][PASSED] - if (verifyEqual(numberOfErrors, 0) == false): Actual object '0' and expected object '0' are equal

27-11-2024T10:39:16 - [MESSAGE][PASSED] - Actual object '0' and expected object '0' are equal

27-11-2024T10:39:16 - [TEST_STEP][PASSED] - if (a == 82): null

27-11-2024T10:39:16 - [TEST_STEP][PASSED] - dZO = "Тверьэнерго": null

27-11-2024T10:39:16 - [TEST_STEP][PASSED] - a = 11: null

27-11-2024T10:39:16 - [TEST_STEP][PASSED] - if (x2.contains(dZO)): null

27-11-2024T10:39:16 - [TEST_STEP][PASSED] - filialNum = filialNum + 1: null

27-11-2024T10:39:16 - [TEST_STEP][PASSED] - Script1718980020443.Numbers(a, typeOfData, todaysDate, pageInt, fileInt, pageDouble, fileDouble, dZO, dzoNum, filialNum): null

27-11-2024T10:39:16 - [TEST_STEP][PASSED] - println(dzoNum): null

27-11-2024T10:39:16 - [TEST_STEP][PASSED] - planFact = <not implemented yet for class: org.codehaus.groovy.ast.expr.EmptyExpression>: null

27-11-2024T10:39:16 - [TEST_STEP][PASSED] - page = <not implemented yet for class: org.codehaus.groovy.ast.expr.EmptyExpression>: null

27-11-2024T10:39:16 - [TEST_STEP][PASSED] - page1 = <not implemented yet for class: org.codehaus.groovy.ast.expr.EmptyExpression>: null

27-11-2024T10:39:16 - [TEST_STEP][PASSED] - page2 = <not implemented yet for class: org.codehaus.groovy.ast.expr.EmptyExpression>: null

27-11-2024T10:39:16 - [TEST_STEP][PASSED] - filialNumberInRow = <not implemented yet for class: org.codehaus.groovy.ast.expr.EmptyExpression>: null

27-11-2024T10:39:16 - [TEST_STEP][PASSED] - filialsDzoNames = <not implemented yet for class: org.codehaus.groovy.ast.expr.EmptyExpression>: null

27-11-2024T10:39:16 - [TEST_STEP][PASSED] - numberOfFilials = <not implemented yet for class: org.codehaus.groovy.ast.expr.EmptyExpression>: null

27-11-2024T10:39:16 - [TEST_STEP][PASSED] - numberOfSpaces = <not implemented yet for class: org.codehaus.groovy.ast.expr.EmptyExpression>: null

27-11-2024T10:39:16 - [TEST_STEP][PASSED] - file = <not implemented yet for class: org.codehaus.groovy.ast.expr.EmptyExpression>: null

27-11-2024T10:39:16 - [TEST_STEP][PASSED] - otpusk = <not implemented yet for class: org.codehaus.groovy.ast.expr.EmptyExpression>: null

27-11-2024T10:39:16 - [TEST_STEP][PASSED] - poteri = <not implemented yet for class: org.codehaus.groovy.ast.expr.EmptyExpression>: null

27-11-2024T10:39:16 - [TEST_STEP][PASSED] - dataFolder = "Выполнение бизнес-плана/Значения со страницы Выполнение бизнес-плана/": null

27-11-2024T10:39:16 - [TEST_STEP][PASSED] - path = <not implemented yet for class: org.codehaus.groovy.ast.expr.EmptyExpression>: null

27-11-2024T10:39:16 - [TEST_STEP][PASSED] - typeOfDataMain = <not implemented yet for class: org.codehaus.groovy.ast.expr.EmptyExpression>: null

27-11-2024T10:39:16 - [TEST_STEP][PASSED] - fileOtpuskVSet = <not implemented yet for class: org.codehaus.groovy.ast.expr.EmptyExpression>: null

27-11-2024T10:39:16 - [TEST_STEP][PASSED] - pageOtpuskVSet = <not implemented yet for class: org.codehaus.groovy.ast.expr.EmptyExpression>: null

27-11-2024T10:39:16 - [TEST_STEP][PASSED] - filePoteri = <not implemented yet for class: org.codehaus.groovy.ast.expr.EmptyExpression>: null

27-11-2024T10:39:16 - [TEST_STEP][PASSED] - pagePoteri = <not implemented yet for class: org.codehaus.groovy.ast.expr.EmptyExpression>: null

27-11-2024T10:39:16 - [TEST_STEP][PASSED] - compare = <not implemented yet for class: org.codehaus.groovy.ast.expr.EmptyExpression>: null

27-11-2024T10:39:16 - [TEST_STEP][PASSED] - b = <not implemented yet for class: org.codehaus.groovy.ast.expr.EmptyExpression>: null

27-11-2024T10:39:16 - [TEST_STEP][PASSED] - i = <not implemented yet for class: org.codehaus.groovy.ast.expr.EmptyExpression>: null

27-11-2024T10:39:16 - [TEST_STEP][PASSED] - ii = <not implemented yet for class: org.codehaus.groovy.ast.expr.EmptyExpression>: null

27-11-2024T10:39:16 - [TEST_STEP][PASSED] - c = <not implemented yet for class: org.codehaus.groovy.ast.expr.EmptyExpression>: null

27-11-2024T10:39:16 - [TEST_STEP][PASSED] - numberOfErrors = 0: null

27-11-2024T10:39:16 - [TEST_STEP][PASSED] - if (a == 82): null

27-11-2024T10:39:16 - [TEST_STEP][PASSED] - b = findTestData("PlanFact").getValue(1, a): null

27-11-2024T10:39:16 - [TEST_STEP][PASSED] - i = b.indexOf(" (ГК)"): null

27-11-2024T10:39:16 - [TEST_STEP][PASSED] - if (i > -1): null

27-11-2024T10:39:16 - [TEST_STEP][PASSED] - i = b.indexOf("О ""): null

27-11-2024T10:39:16 - [TEST_STEP][PASSED] - if (i > -1): null

27-11-2024T10:39:16 - [TEST_STEP][PASSED] - i = b.indexOf("О «"): null

27-11-2024T10:39:16 - [TEST_STEP][PASSED] - if (i > -1): null

27-11-2024T10:39:16 - [TEST_STEP][PASSED] - i = b.indexOf("г. "): null

27-11-2024T10:39:16 - [TEST_STEP][PASSED] - if (i > -1): null

27-11-2024T10:39:16 - [TEST_STEP][PASSED] - println(b): null

27-11-2024T10:39:16 - [TEST_STEP][PASSED] - for ([planFact = 1, planFact < 3, (planFact++)]): null

27-11-2024T10:39:16 - [TEST_STEP][PASSED] - if (planFact == 1): null

27-11-2024T10:39:16 - [TEST_STEP][PASSED] - typeOfDataMain = "Факт": null

27-11-2024T10:39:16 - [TEST_STEP][PASSED] - otpusk = findTestData("PlanFact").getValue(5, a): null

27-11-2024T10:39:16 - [TEST_STEP][PASSED] - poteri = findTestData("PlanFact").getValue(6, a): null

27-11-2024T10:39:16 - [TEST_STEP][PASSED] - otpusk = otpusk.replaceAll("\s+", ""): null

27-11-2024T10:39:16 - [TEST_STEP][PASSED] - poteri = poteri.replaceAll("\s+", ""): null

27-11-2024T10:39:16 - [TEST_STEP][PASSED] - typeOfData = typeOfDataMain + " Отпуск в сеть": null

27-11-2024T10:39:16 - [TEST_STEP][PASSED] - if (a == 82): null

27-11-2024T10:39:16 - [TEST_STEP][PASSED] - else if (a == 84): null

27-11-2024T10:39:16 - [TEST_STEP][PASSED] - else if (a == 52 || a == 72 || a == 28 || a == 73 || a == 77 || a == 74 || a == 65 || a == 36 || a == 44 || a == 53 || a == 80 || a == 54 || a == 1 || a == 18 || a == 59 || a == 81): null

27-11-2024T10:39:16 - [TEST_STEP][PASSED] - else: null

27-11-2024T10:39:16 - [TEST_STEP][PASSED] - path = dataFolder + typeOfData + " за отчётный период " + b: null

27-11-2024T10:39:16 - [TEST_STEP][PASSED] - println(path): null

27-11-2024T10:39:16 - [TEST_STEP][PASSED] - page = getText(findTestObject(path)): Text of object 'Object Repository/Выполнение бизнес-плана/Значения со страницы Выполнение бизнес-плана/Факт Отпуск в сеть за отчётный период Тверьэнерго' is: '3 880 878'

27-11-2024T10:39:17 - [MESSAGE][PASSED] - Text of object 'Object Repository/Выполнение бизнес-плана/Значения со страницы Выполнение бизнес-плана/Факт Отпуск в сеть за отчётный период Тверьэнерго' is: '3 880 878'

27-11-2024T10:39:17 - [TEST_STEP][PASSED] - page = page.replaceAll("\s+", ""): null

27-11-2024T10:39:17 - [TEST_STEP][PASSED] - fileOtpuskVSet = otpusk.toInteger(): null

27-11-2024T10:39:17 - [TEST_STEP][PASSED] - pageOtpuskVSet = page.toInteger(): null

27-11-2024T10:39:17 - [TEST_STEP][PASSED] - typeOfData = typeOfDataMain + " Потери": null

27-11-2024T10:39:17 - [TEST_STEP][PASSED] - if (a == 82): null

27-11-2024T10:39:17 - [TEST_STEP][PASSED] - else if (a == 84): null

27-11-2024T10:39:17 - [TEST_STEP][PASSED] - else if (a == 52 || a == 72 || a == 28 || a == 73 || a == 77 || a == 74 || a == 65 || a == 36 || a == 44 || a == 53 || a == 80 || a == 54 || a == 1 || a == 18 || a == 59 || a == 81): null

27-11-2024T10:39:17 - [TEST_STEP][PASSED] - else: null

27-11-2024T10:39:17 - [TEST_STEP][PASSED] - path = dataFolder + typeOfData + " за отчётный период " + b: null

27-11-2024T10:39:17 - [TEST_STEP][PASSED] - page = getText(findTestObject(path)): Text of object 'Object Repository/Выполнение бизнес-плана/Значения со страницы Выполнение бизнес-плана/Факт Потери за отчётный период Тверьэнерго' is: '500 811'

27-11-2024T10:39:17 - [MESSAGE][PASSED] - Text of object 'Object Repository/Выполнение бизнес-плана/Значения со страницы Выполнение бизнес-плана/Факт Потери за отчётный период Тверьэнерго' is: '500 811'

27-11-2024T10:39:17 - [TEST_STEP][PASSED] - page = page.replaceAll("\s+", ""): null

27-11-2024T10:39:17 - [TEST_STEP][PASSED] - filePoteri = poteri.toInteger(): null

27-11-2024T10:39:17 - [TEST_STEP][PASSED] - pagePoteri = page.toInteger(): null

27-11-2024T10:39:17 - [TEST_STEP][PASSED] - compare = pageOtpuskVSet: null

27-11-2024T10:39:17 - [TEST_STEP][PASSED] - if (compare == fileOtpuskVSet): null

27-11-2024T10:39:17 - [TEST_STEP][PASSED] - else if (compare > fileOtpuskVSet): null

27-11-2024T10:39:17 - [TEST_STEP][PASSED] - else if (compare < fileOtpuskVSet): null

27-11-2024T10:39:17 - [TEST_STEP][PASSED] - compare = compare + 1: null

27-11-2024T10:39:17 - [TEST_STEP][PASSED] - if (compare == fileOtpuskVSet): null

27-11-2024T10:39:17 - [TEST_STEP][PASSED] - else: null

27-11-2024T10:39:17 - [TEST_STEP][PASSED] - numberOfErrors = numberOfErrors + 1: null

27-11-2024T10:39:17 - [TEST_STEP][PASSED] - pageInt = pageOtpuskVSet: null

27-11-2024T10:39:17 - [TEST_STEP][PASSED] - fileInt = fileOtpuskVSet: null

27-11-2024T10:39:17 - [TEST_STEP][PASSED] - typeOfData = typeOfDataMain + " Отпуск в сеть": null

27-11-2024T10:39:17 - [TEST_STEP][PASSED] - Script1718980020443.WriteToExcel(a, typeOfData, todaysDate, pageInt, fileInt, pageDouble, fileDouble, dZO): null

27-11-2024T10:39:17 - [TEST_STEP][PASSED] - sheetName = "Sheet1": null

27-11-2024T10:39:17 - [TEST_STEP][PASSED] - data = findTestData("PlanFact"): null

27-11-2024T10:39:17 - [TEST_STEP][PASSED] - n = data.getRowNumbers() + 1: null

27-11-2024T10:39:17 - [TEST_STEP][PASSED] - year = todaysDate.substring(todaysDate.length() - 4, todaysDate.length()): null

27-11-2024T10:39:17 - [TEST_STEP][PASSED] - y = year.toInteger(): null

27-11-2024T10:39:17 - [TEST_STEP][PASSED] - m = getText(findTestObject("Выполнение бизнес-плана/Период")): Text of object 'Object Repository/Выполнение бизнес-плана/Период' is: '1, 2, 3 кв. 2024 года'

27-11-2024T10:39:17 - [MESSAGE][PASSED] - Text of object 'Object Repository/Выполнение бизнес-плана/Период' is: '1, 2, 3 кв. 2024 года'

27-11-2024T10:39:17 - [TEST_STEP][PASSED] - m = m.substring(0, m.indexOf("2024")): null

27-11-2024T10:39:17 - [TEST_STEP][PASSED] - m = m.trim(): null

27-11-2024T10:39:17 - [TEST_STEP][PASSED] - dashboardName = "Выполнение бизнес-плана": null

27-11-2024T10:39:17 - [TEST_STEP][PASSED] - workbook01 = getWorkbook(excelFilePath): null

27-11-2024T10:39:17 - [TEST_STEP][PASSED] - sheet01 = getExcelSheet(workbook01, sheetName): null

27-11-2024T10:39:17 - [TEST_STEP][PASSED] - setValueToCellByIndex(sheet01, n, 0, dashboardName): null

27-11-2024T10:39:17 - [TEST_STEP][PASSED] - setValueToCellByIndex(sheet01, n, 1, dZO): null

27-11-2024T10:39:17 - [TEST_STEP][PASSED] - setValueToCellByIndex(sheet01, n, 2, typeOfData): null

27-11-2024T10:39:17 - [TEST_STEP][PASSED] - if (typeOfData == "Факт в процентах" || typeOfData == "План в процентах"): null

27-11-2024T10:39:17 - [TEST_STEP][PASSED] - else: null

27-11-2024T10:39:17 - [TEST_STEP][PASSED] - setValueToCellByIndex(sheet01, n, 3, fileInt): null

27-11-2024T10:39:17 - [TEST_STEP][PASSED] - setValueToCellByIndex(sheet01, n, 4, pageInt): null

27-11-2024T10:39:17 - [TEST_STEP][PASSED] - setValueToCellByIndex(sheet01, n, 5, m): null

27-11-2024T10:39:17 - [TEST_STEP][PASSED] - setValueToCellByIndex(sheet01, n, 6, y): null

27-11-2024T10:39:17 - [TEST_STEP][PASSED] - setValueToCellByIndex(sheet01, n, 7, todaysDate): null

27-11-2024T10:39:17 - [TEST_STEP][PASSED] - n = n + 1: null

27-11-2024T10:39:17 - [TEST_STEP][PASSED] - saveWorkbook(excelFilePath, workbook01): null

27-11-2024T10:39:18 - [TEST_STEP][PASSED] - compare = pagePoteri: null

27-11-2024T10:39:18 - [TEST_STEP][PASSED] - if (compare == filePoteri): null

27-11-2024T10:39:18 - [TEST_STEP][PASSED] - else if (compare > filePoteri): null

27-11-2024T10:39:18 - [TEST_STEP][PASSED] - else if (compare < filePoteri): null

27-11-2024T10:39:18 - [TEST_STEP][PASSED] - compare = compare + 1: null

27-11-2024T10:39:18 - [TEST_STEP][PASSED] - if (compare == filePoteri): null

27-11-2024T10:39:18 - [TEST_STEP][PASSED] - else: null

27-11-2024T10:39:18 - [TEST_STEP][PASSED] - numberOfErrors = numberOfErrors + 1: null

27-11-2024T10:39:18 - [TEST_STEP][PASSED] - pageInt = pagePoteri: null

27-11-2024T10:39:18 - [TEST_STEP][PASSED] - fileInt = filePoteri: null

27-11-2024T10:39:18 - [TEST_STEP][PASSED] - typeOfData = typeOfDataMain + " Потери": null

27-11-2024T10:39:18 - [TEST_STEP][PASSED] - Script1718980020443.WriteToExcel(a, typeOfData, todaysDate, pageInt, fileInt, pageDouble, fileDouble, dZO): null

27-11-2024T10:39:18 - [TEST_STEP][PASSED] - sheetName = "Sheet1": null

27-11-2024T10:39:18 - [TEST_STEP][PASSED] - data = findTestData("PlanFact"): null

27-11-2024T10:39:18 - [TEST_STEP][PASSED] - n = data.getRowNumbers() + 1: null

27-11-2024T10:39:18 - [TEST_STEP][PASSED] - year = todaysDate.substring(todaysDate.length() - 4, todaysDate.length()): null

27-11-2024T10:39:18 - [TEST_STEP][PASSED] - y = year.toInteger(): null

27-11-2024T10:39:18 - [TEST_STEP][PASSED] - m = getText(findTestObject("Выполнение бизнес-плана/Период")): Text of object 'Object Repository/Выполнение бизнес-плана/Период' is: '1, 2, 3 кв. 2024 года'

27-11-2024T10:39:18 - [MESSAGE][PASSED] - Text of object 'Object Repository/Выполнение бизнес-плана/Период' is: '1, 2, 3 кв. 2024 года'

27-11-2024T10:39:18 - [TEST_STEP][PASSED] - m = m.substring(0, m.indexOf("2024")): null

27-11-2024T10:39:18 - [TEST_STEP][PASSED] - m = m.trim(): null

27-11-2024T10:39:18 - [TEST_STEP][PASSED] - dashboardName = "Выполнение бизнес-плана": null

27-11-2024T10:39:18 - [TEST_STEP][PASSED] - workbook01 = getWorkbook(excelFilePath): null

27-11-2024T10:39:18 - [TEST_STEP][PASSED] - sheet01 = getExcelSheet(workbook01, sheetName): null

27-11-2024T10:39:18 - [TEST_STEP][PASSED] - setValueToCellByIndex(sheet01, n, 0, dashboardName): null

27-11-2024T10:39:18 - [TEST_STEP][PASSED] - setValueToCellByIndex(sheet01, n, 1, dZO): null

27-11-2024T10:39:18 - [TEST_STEP][PASSED] - setValueToCellByIndex(sheet01, n, 2, typeOfData): null

27-11-2024T10:39:18 - [TEST_STEP][PASSED] - if (typeOfData == "Факт в процентах" || typeOfData == "План в процентах"): null

27-11-2024T10:39:18 - [TEST_STEP][PASSED] - else: null

27-11-2024T10:39:18 - [TEST_STEP][PASSED] - setValueToCellByIndex(sheet01, n, 3, fileInt): null

27-11-2024T10:39:18 - [TEST_STEP][PASSED] - setValueToCellByIndex(sheet01, n, 4, pageInt): null

27-11-2024T10:39:18 - [TEST_STEP][PASSED] - setValueToCellByIndex(sheet01, n, 5, m): null

27-11-2024T10:39:18 - [TEST_STEP][PASSED] - setValueToCellByIndex(sheet01, n, 6, y): null

27-11-2024T10:39:18 - [TEST_STEP][PASSED] - setValueToCellByIndex(sheet01, n, 7, todaysDate): null

27-11-2024T10:39:18 - [TEST_STEP][PASSED] - n = n + 1: null

27-11-2024T10:39:18 - [TEST_STEP][PASSED] - saveWorkbook(excelFilePath, workbook01): null

27-11-2024T10:39:18 - [TEST_STEP][PASSED] - if (planFact == 2): null

27-11-2024T10:39:18 - [TEST_STEP][PASSED] - if (planFact == 1): null

27-11-2024T10:39:18 - [TEST_STEP][PASSED] - else if (planFact == 2): null

27-11-2024T10:39:18 - [TEST_STEP][PASSED] - click(findTestObject("Выполнение бизнес-плана/Кнопка План")): Object: 'Object Repository/Выполнение бизнес-плана/Кнопка План' is clicked on

27-11-2024T10:39:19 - [MESSAGE][PASSED] - Object: 'Object Repository/Выполнение бизнес-плана/Кнопка План' is clicked on

27-11-2024T10:39:19 - [TEST_STEP][PASSED] - typeOfDataMain = "План": null

27-11-2024T10:39:19 - [TEST_STEP][PASSED] - otpusk = findTestData("PlanFact").getValue(2, a): null

27-11-2024T10:39:19 - [TEST_STEP][PASSED] - poteri = findTestData("PlanFact").getValue(3, a): null

27-11-2024T10:39:19 - [TEST_STEP][PASSED] - otpusk = otpusk.replaceAll("\s+", ""): null

27-11-2024T10:39:19 - [TEST_STEP][PASSED] - poteri = poteri.replaceAll("\s+", ""): null

27-11-2024T10:39:19 - [TEST_STEP][PASSED] - typeOfData = typeOfDataMain + " Отпуск в сеть": null

27-11-2024T10:39:19 - [TEST_STEP][PASSED] - if (a == 82): null

27-11-2024T10:39:19 - [TEST_STEP][PASSED] - else if (a == 84): null

27-11-2024T10:39:19 - [TEST_STEP][PASSED] - else if (a == 52 || a == 72 || a == 28 || a == 73 || a == 77 || a == 74 || a == 65 || a == 36 || a == 44 || a == 53 || a == 80 || a == 54 || a == 1 || a == 18 || a == 59 || a == 81): null

27-11-2024T10:39:19 - [TEST_STEP][PASSED] - else: null

27-11-2024T10:39:19 - [TEST_STEP][PASSED] - path = dataFolder + typeOfData + " за отчётный период " + b: null

27-11-2024T10:39:19 - [TEST_STEP][PASSED] - println(path): null

27-11-2024T10:39:19 - [TEST_STEP][PASSED] - page = getText(findTestObject(path)): Text of object 'Object Repository/Выполнение бизнес-плана/Значения со страницы Выполнение бизнес-плана/План Отпуск в сеть за отчётный период Тверьэнерго' is: '3 756 188'

27-11-2024T10:39:19 - [MESSAGE][PASSED] - Text of object 'Object Repository/Выполнение бизнес-плана/Значения со страницы Выполнение бизнес-плана/План Отпуск в сеть за отчётный период Тверьэнерго' is: '3 756 188'

27-11-2024T10:39:19 - [TEST_STEP][PASSED] - page = page.replaceAll("\s+", ""): null

27-11-2024T10:39:19 - [TEST_STEP][PASSED] - fileOtpuskVSet = otpusk.toInteger(): null

27-11-2024T10:39:19 - [TEST_STEP][PASSED] - pageOtpuskVSet = page.toInteger(): null

27-11-2024T10:39:19 - [TEST_STEP][PASSED] - typeOfData = typeOfDataMain + " Потери": null

27-11-2024T10:39:19 - [TEST_STEP][PASSED] - if (a == 82): null

27-11-2024T10:39:19 - [TEST_STEP][PASSED] - else if (a == 84): null

27-11-2024T10:39:19 - [TEST_STEP][PASSED] - else if (a == 52 || a == 72 || a == 28 || a == 73 || a == 77 || a == 74 || a == 65 || a == 36 || a == 44 || a == 53 || a == 80 || a == 54 || a == 1 || a == 18 || a == 59 || a == 81): null

27-11-2024T10:39:19 - [TEST_STEP][PASSED] - else: null

27-11-2024T10:39:19 - [TEST_STEP][PASSED] - path = dataFolder + typeOfData + " за отчётный период " + b: null

27-11-2024T10:39:19 - [TEST_STEP][PASSED] - page = getText(findTestObject(path)): Text of object 'Object Repository/Выполнение бизнес-плана/Значения со страницы Выполнение бизнес-плана/План Потери за отчётный период Тверьэнерго' is: '496 983'

27-11-2024T10:39:19 - [MESSAGE][PASSED] - Text of object 'Object Repository/Выполнение бизнес-плана/Значения со страницы Выполнение бизнес-плана/План Потери за отчётный период Тверьэнерго' is: '496 983'

27-11-2024T10:39:19 - [TEST_STEP][PASSED] - page = page.replaceAll("\s+", ""): null

27-11-2024T10:39:19 - [TEST_STEP][PASSED] - filePoteri = poteri.toInteger(): null

27-11-2024T10:39:19 - [TEST_STEP][PASSED] - pagePoteri = page.toInteger(): null

27-11-2024T10:39:19 - [TEST_STEP][PASSED] - compare = pageOtpuskVSet: null

27-11-2024T10:39:19 - [TEST_STEP][PASSED] - if (compare == fileOtpuskVSet): null

27-11-2024T10:39:19 - [TEST_STEP][PASSED] - else if (compare > fileOtpuskVSet): null

27-11-2024T10:39:19 - [TEST_STEP][PASSED] - else if (compare < fileOtpuskVSet): null

27-11-2024T10:39:19 - [TEST_STEP][PASSED] - compare = compare + 1: null

27-11-2024T10:39:19 - [TEST_STEP][PASSED] - if (compare == fileOtpuskVSet): null

27-11-2024T10:39:19 - [TEST_STEP][PASSED] - else: null

27-11-2024T10:39:19 - [TEST_STEP][PASSED] - numberOfErrors = numberOfErrors + 1: null

27-11-2024T10:39:19 - [TEST_STEP][PASSED] - pageInt = pageOtpuskVSet: null

27-11-2024T10:39:19 - [TEST_STEP][PASSED] - fileInt = fileOtpuskVSet: null

27-11-2024T10:39:19 - [TEST_STEP][PASSED] - typeOfData = typeOfDataMain + " Отпуск в сеть": null

27-11-2024T10:39:19 - [TEST_STEP][PASSED] - Script1718980020443.WriteToExcel(a, typeOfData, todaysDate, pageInt, fileInt, pageDouble, fileDouble, dZO): null

27-11-2024T10:39:19 - [TEST_STEP][PASSED] - sheetName = "Sheet1": null

27-11-2024T10:39:19 - [TEST_STEP][PASSED] - data = findTestData("PlanFact"): null

27-11-2024T10:39:20 - [TEST_STEP][PASSED] - n = data.getRowNumbers() + 1: null

27-11-2024T10:39:20 - [TEST_STEP][PASSED] - year = todaysDate.substring(todaysDate.length() - 4, todaysDate.length()): null

27-11-2024T10:39:20 - [TEST_STEP][PASSED] - y = year.toInteger(): null

27-11-2024T10:39:20 - [TEST_STEP][PASSED] - m = getText(findTestObject("Выполнение бизнес-плана/Период")): Text of object 'Object Repository/Выполнение бизнес-плана/Период' is: '1, 2, 3 кв. 2024 года'

27-11-2024T10:39:20 - [MESSAGE][PASSED] - Text of object 'Object Repository/Выполнение бизнес-плана/Период' is: '1, 2, 3 кв. 2024 года'

27-11-2024T10:39:20 - [TEST_STEP][PASSED] - m = m.substring(0, m.indexOf("2024")): null

27-11-2024T10:39:20 - [TEST_STEP][PASSED] - m = m.trim(): null

27-11-2024T10:39:20 - [TEST_STEP][PASSED] - dashboardName = "Выполнение бизнес-плана": null

27-11-2024T10:39:20 - [TEST_STEP][PASSED] - workbook01 = getWorkbook(excelFilePath): null

27-11-2024T10:39:20 - [TEST_STEP][PASSED] - sheet01 = getExcelSheet(workbook01, sheetName): null

27-11-2024T10:39:20 - [TEST_STEP][PASSED] - setValueToCellByIndex(sheet01, n, 0, dashboardName): null

27-11-2024T10:39:20 - [TEST_STEP][PASSED] - setValueToCellByIndex(sheet01, n, 1, dZO): null

27-11-2024T10:39:20 - [TEST_STEP][PASSED] - setValueToCellByIndex(sheet01, n, 2, typeOfData): null

27-11-2024T10:39:20 - [TEST_STEP][PASSED] - if (typeOfData == "Факт в процентах" || typeOfData == "План в процентах"): null

27-11-2024T10:39:20 - [TEST_STEP][PASSED] - else: null

27-11-2024T10:39:20 - [TEST_STEP][PASSED] - setValueToCellByIndex(sheet01, n, 3, fileInt): null

27-11-2024T10:39:20 - [TEST_STEP][PASSED] - setValueToCellByIndex(sheet01, n, 4, pageInt): null

27-11-2024T10:39:20 - [TEST_STEP][PASSED] - setValueToCellByIndex(sheet01, n, 5, m): null

27-11-2024T10:39:20 - [TEST_STEP][PASSED] - setValueToCellByIndex(sheet01, n, 6, y): null

27-11-2024T10:39:20 - [TEST_STEP][PASSED] - setValueToCellByIndex(sheet01, n, 7, todaysDate): null

27-11-2024T10:39:20 - [TEST_STEP][PASSED] - n = n + 1: null

27-11-2024T10:39:20 - [TEST_STEP][PASSED] - saveWorkbook(excelFilePath, workbook01): null

27-11-2024T10:39:20 - [TEST_STEP][PASSED] - compare = pagePoteri: null

27-11-2024T10:39:20 - [TEST_STEP][PASSED] - if (compare == filePoteri): null

27-11-2024T10:39:20 - [TEST_STEP][PASSED] - else if (compare > filePoteri): null

27-11-2024T10:39:20 - [TEST_STEP][PASSED] - else if (compare < filePoteri): null

27-11-2024T10:39:20 - [TEST_STEP][PASSED] - compare = compare + 1: null

27-11-2024T10:39:20 - [TEST_STEP][PASSED] - if (compare == filePoteri): null

27-11-2024T10:39:20 - [TEST_STEP][PASSED] - else: null

27-11-2024T10:39:20 - [TEST_STEP][PASSED] - numberOfErrors = numberOfErrors + 1: null

27-11-2024T10:39:20 - [TEST_STEP][PASSED] - pageInt = pagePoteri: null

27-11-2024T10:39:20 - [TEST_STEP][PASSED] - fileInt = filePoteri: null

27-11-2024T10:39:20 - [TEST_STEP][PASSED] - typeOfData = typeOfDataMain + " Потери": null

27-11-2024T10:39:20 - [TEST_STEP][PASSED] - Script1718980020443.WriteToExcel(a, typeOfData, todaysDate, pageInt, fileInt, pageDouble, fileDouble, dZO): null

27-11-2024T10:39:20 - [TEST_STEP][PASSED] - sheetName = "Sheet1": null

27-11-2024T10:39:20 - [TEST_STEP][PASSED] - data = findTestData("PlanFact"): null

27-11-2024T10:39:20 - [TEST_STEP][PASSED] - n = data.getRowNumbers() + 1: null

27-11-2024T10:39:20 - [TEST_STEP][PASSED] - year = todaysDate.substring(todaysDate.length() - 4, todaysDate.length()): null

27-11-2024T10:39:20 - [TEST_STEP][PASSED] - y = year.toInteger(): null

27-11-2024T10:39:20 - [TEST_STEP][PASSED] - m = getText(findTestObject("Выполнение бизнес-плана/Период")): Text of object 'Object Repository/Выполнение бизнес-плана/Период' is: '1, 2, 3 кв. 2024 года'

27-11-2024T10:39:21 - [MESSAGE][PASSED] - Text of object 'Object Repository/Выполнение бизнес-плана/Период' is: '1, 2, 3 кв. 2024 года'

27-11-2024T10:39:21 - [TEST_STEP][PASSED] - m = m.substring(0, m.indexOf("2024")): null

27-11-2024T10:39:21 - [TEST_STEP][PASSED] - m = m.trim(): null

27-11-2024T10:39:21 - [TEST_STEP][PASSED] - dashboardName = "Выполнение бизнес-плана": null

27-11-2024T10:39:21 - [TEST_STEP][PASSED] - workbook01 = getWorkbook(excelFilePath): null

27-11-2024T10:39:21 - [TEST_STEP][PASSED] - sheet01 = getExcelSheet(workbook01, sheetName): null

27-11-2024T10:39:21 - [TEST_STEP][PASSED] - setValueToCellByIndex(sheet01, n, 0, dashboardName): null

27-11-2024T10:39:21 - [TEST_STEP][PASSED] - setValueToCellByIndex(sheet01, n, 1, dZO): null

27-11-2024T10:39:21 - [TEST_STEP][PASSED] - setValueToCellByIndex(sheet01, n, 2, typeOfData): null

27-11-2024T10:39:21 - [TEST_STEP][PASSED] - if (typeOfData == "Факт в процентах" || typeOfData == "План в процентах"): null

27-11-2024T10:39:21 - [TEST_STEP][PASSED] - else: null

27-11-2024T10:39:21 - [TEST_STEP][PASSED] - setValueToCellByIndex(sheet01, n, 3, fileInt): null

27-11-2024T10:39:21 - [TEST_STEP][PASSED] - setValueToCellByIndex(sheet01, n, 4, pageInt): null

27-11-2024T10:39:21 - [TEST_STEP][PASSED] - setValueToCellByIndex(sheet01, n, 5, m): null

27-11-2024T10:39:21 - [TEST_STEP][PASSED] - setValueToCellByIndex(sheet01, n, 6, y): null

27-11-2024T10:39:21 - [TEST_STEP][PASSED] - setValueToCellByIndex(sheet01, n, 7, todaysDate): null

27-11-2024T10:39:21 - [TEST_STEP][PASSED] - n = n + 1: null

27-11-2024T10:39:21 - [TEST_STEP][PASSED] - saveWorkbook(excelFilePath, workbook01): Object: 'Object Repository/Выполнение бизнес-плана/Кнопка Факт' is clicked on

27-11-2024T10:39:21 - [TEST_STEP][PASSED] - if (planFact == 2): Object: 'Object Repository/Выполнение бизнес-плана/Кнопка Факт' is clicked on

27-11-2024T10:39:21 - [TEST_STEP][PASSED] - click(findTestObject("Выполнение бизнес-плана/Кнопка Факт")): Object: 'Object Repository/Выполнение бизнес-плана/Кнопка Факт' is clicked on

27-11-2024T10:39:21 - [MESSAGE][PASSED] - Object: 'Object Repository/Выполнение бизнес-плана/Кнопка Факт' is clicked on

27-11-2024T10:39:21 - [TEST_STEP][PASSED] - if (a == 84 || a == 82): null

27-11-2024T10:39:21 - [TEST_STEP][PASSED] - else if (a == 52 || a == 72 || a == 28 || a == 73 || a == 77 || a == 74 || a == 65 || a == 36 || a == 44 || a == 53 || a == 80 || a == 54 || a == 1 || a == 18 || a == 59 || a == 81): null

27-11-2024T10:39:21 - [TEST_STEP][PASSED] - else: null

27-11-2024T10:39:21 - [TEST_STEP][PASSED] - page1 = getText(findTestObject("Object Repository/Выполнение бизнес-плана/spanPlan" + filialNum)): Text of object 'Object Repository/Выполнение бизнес-плана/spanPlan14' is: '13.23
|'

27-11-2024T10:39:21 - [MESSAGE][PASSED] - Text of object 'Object Repository/Выполнение бизнес-плана/spanPlan14' is: '13.23
|'

27-11-2024T10:39:21 - [TEST_STEP][PASSED] - page1 = page1.replace("|", ""): null

27-11-2024T10:39:21 - [TEST_STEP][PASSED] - page2 = getText(findTestObject("Object Repository/Выполнение бизнес-плана/spanFact" + filialNum)): Text of object 'Object Repository/Выполнение бизнес-плана/spanFact14' is: '12.90
|'

27-11-2024T10:39:22 - [MESSAGE][PASSED] - Text of object 'Object Repository/Выполнение бизнес-плана/spanFact14' is: '12.90
|'

27-11-2024T10:39:22 - [TEST_STEP][PASSED] - page2 = page2.replace("|", ""): null

27-11-2024T10:39:22 - [TEST_STEP][PASSED] - println("page1: " + page1): null

27-11-2024T10:39:22 - [TEST_STEP][PASSED] - println("page2: " + page2): null

27-11-2024T10:39:22 - [TEST_STEP][PASSED] - file = findTestData("PlanFact").getValue(4, a): null

27-11-2024T10:39:22 - [TEST_STEP][PASSED] - file = file.replace(",", "."): null

27-11-2024T10:39:22 - [TEST_STEP][PASSED] - println("file Plan: " + file): null

27-11-2024T10:39:22 - [TEST_STEP][PASSED] - typeOfData = "План в процентах": null

27-11-2024T10:39:22 - [TEST_STEP][PASSED] - fileDouble = file.toDouble(): null

27-11-2024T10:39:22 - [TEST_STEP][PASSED] - pageDouble = page1.toDouble(): null

27-11-2024T10:39:22 - [TEST_STEP][PASSED] - if (fileDouble != pageDouble): null

27-11-2024T10:39:22 - [TEST_STEP][PASSED] - numberOfErrors = numberOfErrors + 1: null

27-11-2024T10:39:22 - [TEST_STEP][PASSED] - Script1718980020443.WriteToExcel(a, typeOfData, todaysDate, pageInt, fileInt, pageDouble, fileDouble, dZO): null

27-11-2024T10:39:22 - [TEST_STEP][PASSED] - sheetName = "Sheet1": null

27-11-2024T10:39:22 - [TEST_STEP][PASSED] - data = findTestData("PlanFact"): null

27-11-2024T10:39:22 - [TEST_STEP][PASSED] - n = data.getRowNumbers() + 1: null

27-11-2024T10:39:22 - [TEST_STEP][PASSED] - year = todaysDate.substring(todaysDate.length() - 4, todaysDate.length()): null

27-11-2024T10:39:22 - [TEST_STEP][PASSED] - y = year.toInteger(): null

27-11-2024T10:39:22 - [TEST_STEP][PASSED] - m = getText(findTestObject("Выполнение бизнес-плана/Период")): Text of object 'Object Repository/Выполнение бизнес-плана/Период' is: '1, 2, 3 кв. 2024 года'

27-11-2024T10:39:22 - [MESSAGE][PASSED] - Text of object 'Object Repository/Выполнение бизнес-плана/Период' is: '1, 2, 3 кв. 2024 года'

27-11-2024T10:39:22 - [TEST_STEP][PASSED] - m = m.substring(0, m.indexOf("2024")): null

27-11-2024T10:39:22 - [TEST_STEP][PASSED] - m = m.trim(): null

27-11-2024T10:39:22 - [TEST_STEP][PASSED] - dashboardName = "Выполнение бизнес-плана": null

27-11-2024T10:39:22 - [TEST_STEP][PASSED] - workbook01 = getWorkbook(excelFilePath): null

27-11-2024T10:39:22 - [TEST_STEP][PASSED] - sheet01 = getExcelSheet(workbook01, sheetName): null

27-11-2024T10:39:22 - [TEST_STEP][PASSED] - setValueToCellByIndex(sheet01, n, 0, dashboardName): null

27-11-2024T10:39:22 - [TEST_STEP][PASSED] - setValueToCellByIndex(sheet01, n, 1, dZO): null

27-11-2024T10:39:22 - [TEST_STEP][PASSED] - setValueToCellByIndex(sheet01, n, 2, typeOfData): null

27-11-2024T10:39:22 - [TEST_STEP][PASSED] - if (typeOfData == "Факт в процентах" || typeOfData == "План в процентах"): null

27-11-2024T10:39:22 - [TEST_STEP][PASSED] - setValueToCellByIndex(sheet01, n, 3, fileDouble): null

27-11-2024T10:39:22 - [TEST_STEP][PASSED] - setValueToCellByIndex(sheet01, n, 4, pageDouble): null

27-11-2024T10:39:22 - [TEST_STEP][PASSED] - setValueToCellByIndex(sheet01, n, 5, m): null

27-11-2024T10:39:22 - [TEST_STEP][PASSED] - setValueToCellByIndex(sheet01, n, 6, y): null

27-11-2024T10:39:22 - [TEST_STEP][PASSED] - setValueToCellByIndex(sheet01, n, 7, todaysDate): null

27-11-2024T10:39:22 - [TEST_STEP][PASSED] - n = n + 1: null

27-11-2024T10:39:22 - [TEST_STEP][PASSED] - saveWorkbook(excelFilePath, workbook01): null

27-11-2024T10:39:23 - [TEST_STEP][PASSED] - file = findTestData("PlanFact").getValue(7, a): null

27-11-2024T10:39:23 - [TEST_STEP][PASSED] - file = file.replace(",", "."): null

27-11-2024T10:39:23 - [TEST_STEP][PASSED] - println("file Fact: " + file): null

27-11-2024T10:39:23 - [TEST_STEP][PASSED] - fileDouble = file.toDouble(): null

27-11-2024T10:39:23 - [TEST_STEP][PASSED] - typeOfData = "Факт в процентах": null

27-11-2024T10:39:23 - [TEST_STEP][PASSED] - fileDouble = file.toDouble(): null

27-11-2024T10:39:23 - [TEST_STEP][PASSED] - pageDouble = page2.toDouble(): null

27-11-2024T10:39:23 - [TEST_STEP][PASSED] - if (fileDouble != pageDouble): null

27-11-2024T10:39:23 - [TEST_STEP][PASSED] - numberOfErrors = numberOfErrors + 1: null

27-11-2024T10:39:23 - [TEST_STEP][PASSED] - Script1718980020443.WriteToExcel(a, typeOfData, todaysDate, pageInt, fileInt, pageDouble, fileDouble, dZO): null

27-11-2024T10:39:23 - [TEST_STEP][PASSED] - sheetName = "Sheet1": null

27-11-2024T10:39:23 - [TEST_STEP][PASSED] - data = findTestData("PlanFact"): null

27-11-2024T10:39:23 - [TEST_STEP][PASSED] - n = data.getRowNumbers() + 1: null

27-11-2024T10:39:23 - [TEST_STEP][PASSED] - year = todaysDate.substring(todaysDate.length() - 4, todaysDate.length()): null

27-11-2024T10:39:23 - [TEST_STEP][PASSED] - y = year.toInteger(): null

27-11-2024T10:39:23 - [TEST_STEP][PASSED] - m = getText(findTestObject("Выполнение бизнес-плана/Период")): Text of object 'Object Repository/Выполнение бизнес-плана/Период' is: '1, 2, 3 кв. 2024 года'

27-11-2024T10:39:23 - [MESSAGE][PASSED] - Text of object 'Object Repository/Выполнение бизнес-плана/Период' is: '1, 2, 3 кв. 2024 года'

27-11-2024T10:39:23 - [TEST_STEP][PASSED] - m = m.substring(0, m.indexOf("2024")): null

27-11-2024T10:39:23 - [TEST_STEP][PASSED] - m = m.trim(): null

27-11-2024T10:39:23 - [TEST_STEP][PASSED] - dashboardName = "Выполнение бизнес-плана": null

27-11-2024T10:39:23 - [TEST_STEP][PASSED] - workbook01 = getWorkbook(excelFilePath): null

27-11-2024T10:39:23 - [TEST_STEP][PASSED] - sheet01 = getExcelSheet(workbook01, sheetName): null

27-11-2024T10:39:23 - [TEST_STEP][PASSED] - setValueToCellByIndex(sheet01, n, 0, dashboardName): null

27-11-2024T10:39:23 - [TEST_STEP][PASSED] - setValueToCellByIndex(sheet01, n, 1, dZO): null

27-11-2024T10:39:23 - [TEST_STEP][PASSED] - setValueToCellByIndex(sheet01, n, 2, typeOfData): null

27-11-2024T10:39:23 - [TEST_STEP][PASSED] - if (typeOfData == "Факт в процентах" || typeOfData == "План в процентах"): null

27-11-2024T10:39:23 - [TEST_STEP][PASSED] - setValueToCellByIndex(sheet01, n, 3, fileDouble): null

27-11-2024T10:39:23 - [TEST_STEP][PASSED] - setValueToCellByIndex(sheet01, n, 4, pageDouble): null

27-11-2024T10:39:23 - [TEST_STEP][PASSED] - setValueToCellByIndex(sheet01, n, 5, m): null

27-11-2024T10:39:23 - [TEST_STEP][PASSED] - setValueToCellByIndex(sheet01, n, 6, y): null

27-11-2024T10:39:23 - [TEST_STEP][PASSED] - setValueToCellByIndex(sheet01, n, 7, todaysDate): null

27-11-2024T10:39:23 - [TEST_STEP][PASSED] - n = n + 1: null

27-11-2024T10:39:23 - [TEST_STEP][PASSED] - saveWorkbook(excelFilePath, workbook01): null

27-11-2024T10:39:23 - [TEST_STEP][FAILED] - if (verifyEqual(numberOfErrors, 0) == false): null

27-11-2024T10:39:23 - [MESSAGE][FAILED] - Unable to verify equal between actual object '6' and expected object '0' (Root cause: com.kms.katalon.core.exception.StepFailedException: Actual object '6' and expected object '0' are not equal
	at com.kms.katalon.core.keyword.builtin.VerifyEqualKeyword$_verifyEqual_closure1.doCall(VerifyEqualKeyword.groovy:58)
	at com.kms.katalon.core.keyword.builtin.VerifyEqualKeyword$_verifyEqual_closure1.call(VerifyEqualKeyword.groovy)
	at com.kms.katalon.core.keyword.internal.KeywordMain.runKeyword(KeywordMain.groovy:75)
	at com.kms.katalon.core.keyword.builtin.VerifyEqualKeyword.verifyEqual(VerifyEqualKeyword.groovy:63)
	at com.kms.katalon.core.keyword.builtin.VerifyEqualKeyword.execute(VerifyEqualKeyword.groovy:44)
	at com.kms.katalon.core.keyword.internal.KeywordExecutor.executeKeywordForPlatform(KeywordExecutor.groovy:74)
	at com.kms.katalon.core.keyword.BuiltinKeywords.verifyEqual(BuiltinKeywords.groovy:146)
	at jdk.internal.reflect.GeneratedMethodAccessor24.invoke(Unknown Source)
	at java.base/jdk.internal.reflect.DelegatingMethodAccessorImpl.invoke(DelegatingMethodAccessorImpl.java:43)
	at Выполнение бизнес-плана Сверка ПАО Россети все филиалы.Numbers(Выполнение бизнес-плана Сверка ПАО Россети все филиалы:740)
	at Выполнение бизнес-плана Сверка ПАО Россети все филиалы.Filials(Выполнение бизнес-плана Сверка ПАО Россети все филиалы:1321)
	at Выполнение бизнес-плана Сверка ПАО Россети все филиалы.Numbers(Выполнение бизнес-плана Сверка ПАО Россети все филиалы:745)
	at Выполнение бизнес-плана Сверка ПАО Россети все филиалы.run(Выполнение бизнес-плана Сверка ПАО Россети все филиалы:388)
	at com.kms.katalon.core.main.ScriptEngine.run(ScriptEngine.java:194)
	at com.kms.katalon.core.main.ScriptEngine.runScriptAsRawText(ScriptEngine.java:119)
	at com.kms.katalon.core.main.TestCaseExecutor.runScript(TestCaseExecutor.java:448)
	at com.kms.katalon.core.main.TestCaseExecutor.doExecute(TestCaseExecutor.java:439)
	at com.kms.katalon.core.main.TestCaseExecutor.processExecutionPhase(TestCaseExecutor.java:418)
	at com.kms.katalon.core.main.TestCaseExecutor.accessMainPhase(TestCaseExecutor.java:410)
	at com.kms.katalon.core.main.TestCaseExecutor.execute(TestCaseExecutor.java:285)
	at com.kms.katalon.core.common.CommonExecutor.accessTestCaseMainPhase(CommonExecutor.java:65)
	at com.kms.katalon.core.main.TestSuiteExecutor.accessTestSuiteMainPhase(TestSuiteExecutor.java:150)
	at com.kms.katalon.core.main.TestSuiteExecutor.execute(TestSuiteExecutor.java:106)
	at com.kms.katalon.core.main.TestCaseMain.startTestSuite(TestCaseMain.java:180)
	at TempTestSuite1732692359995.run(TempTestSuite1732692359995.groovy:35)
	at java.base/jdk.internal.reflect.NativeMethodAccessorImpl.invoke0(Native Method)
	at java.base/jdk.internal.reflect.NativeMethodAccessorImpl.invoke(NativeMethodAccessorImpl.java:77)
	at java.base/jdk.internal.reflect.DelegatingMethodAccessorImpl.invoke(DelegatingMethodAccessorImpl.java:43)
)

27-11-2024T10:39:23 - [TEST_STEP][PASSED] - println(numberOfErrors): null

27-11-2024T10:39:23 - [TEST_STEP][PASSED] - if (a == 28 || a == 77 || a == 74 || a == 65 || a == 36 || a == 44 || a == 54 || a == 1 || a == 18 || a == 59): null

27-11-2024T10:39:23 - [TEST_STEP][PASSED] - if (a == 82): null

27-11-2024T10:39:23 - [TEST_STEP][PASSED] - dZO = "Ярэнерго": null

27-11-2024T10:39:23 - [TEST_STEP][PASSED] - a = 12: null

27-11-2024T10:39:23 - [TEST_STEP][PASSED] - if (x2.contains(dZO)): null

27-11-2024T10:39:23 - [TEST_STEP][PASSED] - filialNum = filialNum + 1: null

27-11-2024T10:39:23 - [TEST_STEP][PASSED] - Script1718980020443.Numbers(a, typeOfData, todaysDate, pageInt, fileInt, pageDouble, fileDouble, dZO, dzoNum, filialNum): null

27-11-2024T10:39:23 - [TEST_STEP][PASSED] - println(dzoNum): null

27-11-2024T10:39:23 - [TEST_STEP][PASSED] - planFact = <not implemented yet for class: org.codehaus.groovy.ast.expr.EmptyExpression>: null

27-11-2024T10:39:23 - [TEST_STEP][PASSED] - page = <not implemented yet for class: org.codehaus.groovy.ast.expr.EmptyExpression>: null

27-11-2024T10:39:23 - [TEST_STEP][PASSED] - page1 = <not implemented yet for class: org.codehaus.groovy.ast.expr.EmptyExpression>: null

27-11-2024T10:39:23 - [TEST_STEP][PASSED] - page2 = <not implemented yet for class: org.codehaus.groovy.ast.expr.EmptyExpression>: null

27-11-2024T10:39:23 - [TEST_STEP][PASSED] - filialNumberInRow = <not implemented yet for class: org.codehaus.groovy.ast.expr.EmptyExpression>: null

27-11-2024T10:39:23 - [TEST_STEP][PASSED] - filialsDzoNames = <not implemented yet for class: org.codehaus.groovy.ast.expr.EmptyExpression>: null

27-11-2024T10:39:23 - [TEST_STEP][PASSED] - numberOfFilials = <not implemented yet for class: org.codehaus.groovy.ast.expr.EmptyExpression>: null

27-11-2024T10:39:23 - [TEST_STEP][PASSED] - numberOfSpaces = <not implemented yet for class: org.codehaus.groovy.ast.expr.EmptyExpression>: null

27-11-2024T10:39:23 - [TEST_STEP][PASSED] - file = <not implemented yet for class: org.codehaus.groovy.ast.expr.EmptyExpression>: null

27-11-2024T10:39:23 - [TEST_STEP][PASSED] - otpusk = <not implemented yet for class: org.codehaus.groovy.ast.expr.EmptyExpression>: null

27-11-2024T10:39:23 - [TEST_STEP][PASSED] - poteri = <not implemented yet for class: org.codehaus.groovy.ast.expr.EmptyExpression>: null

27-11-2024T10:39:23 - [TEST_STEP][PASSED] - dataFolder = "Выполнение бизнес-плана/Значения со страницы Выполнение бизнес-плана/": null

27-11-2024T10:39:23 - [TEST_STEP][PASSED] - path = <not implemented yet for class: org.codehaus.groovy.ast.expr.EmptyExpression>: null

27-11-2024T10:39:23 - [TEST_STEP][PASSED] - typeOfDataMain = <not implemented yet for class: org.codehaus.groovy.ast.expr.EmptyExpression>: null

27-11-2024T10:39:23 - [TEST_STEP][PASSED] - fileOtpuskVSet = <not implemented yet for class: org.codehaus.groovy.ast.expr.EmptyExpression>: null

27-11-2024T10:39:23 - [TEST_STEP][PASSED] - pageOtpuskVSet = <not implemented yet for class: org.codehaus.groovy.ast.expr.EmptyExpression>: null

27-11-2024T10:39:23 - [TEST_STEP][PASSED] - filePoteri = <not implemented yet for class: org.codehaus.groovy.ast.expr.EmptyExpression>: null

27-11-2024T10:39:23 - [TEST_STEP][PASSED] - pagePoteri = <not implemented yet for class: org.codehaus.groovy.ast.expr.EmptyExpression>: null

27-11-2024T10:39:23 - [TEST_STEP][PASSED] - compare = <not implemented yet for class: org.codehaus.groovy.ast.expr.EmptyExpression>: null

27-11-2024T10:39:23 - [TEST_STEP][PASSED] - b = <not implemented yet for class: org.codehaus.groovy.ast.expr.EmptyExpression>: null

27-11-2024T10:39:23 - [TEST_STEP][PASSED] - i = <not implemented yet for class: org.codehaus.groovy.ast.expr.EmptyExpression>: null

27-11-2024T10:39:23 - [TEST_STEP][PASSED] - ii = <not implemented yet for class: org.codehaus.groovy.ast.expr.EmptyExpression>: null

27-11-2024T10:39:23 - [TEST_STEP][PASSED] - c = <not implemented yet for class: org.codehaus.groovy.ast.expr.EmptyExpression>: null

27-11-2024T10:39:23 - [TEST_STEP][PASSED] - numberOfErrors = 0: null

27-11-2024T10:39:23 - [TEST_STEP][PASSED] - if (a == 82): null

27-11-2024T10:39:23 - [TEST_STEP][PASSED] - b = findTestData("PlanFact").getValue(1, a): null

27-11-2024T10:39:23 - [TEST_STEP][PASSED] - i = b.indexOf(" (ГК)"): null

27-11-2024T10:39:23 - [TEST_STEP][PASSED] - if (i > -1): null

27-11-2024T10:39:23 - [TEST_STEP][PASSED] - i = b.indexOf("О ""): null

27-11-2024T10:39:23 - [TEST_STEP][PASSED] - if (i > -1): null

27-11-2024T10:39:23 - [TEST_STEP][PASSED] - i = b.indexOf("О «"): null

27-11-2024T10:39:23 - [TEST_STEP][PASSED] - if (i > -1): null

27-11-2024T10:39:23 - [TEST_STEP][PASSED] - i = b.indexOf("г. "): null

27-11-2024T10:39:23 - [TEST_STEP][PASSED] - if (i > -1): null

27-11-2024T10:39:23 - [TEST_STEP][PASSED] - println(b): null

27-11-2024T10:39:23 - [TEST_STEP][PASSED] - for ([planFact = 1, planFact < 3, (planFact++)]): Object: 'Object Repository/Выполнение бизнес-плана/Кнопка Факт' is clicked on

27-11-2024T10:39:23 - [TEST_STEP][PASSED] - if (planFact == 1): null

27-11-2024T10:39:23 - [TEST_STEP][PASSED] - typeOfDataMain = "Факт": null

27-11-2024T10:39:23 - [TEST_STEP][PASSED] - otpusk = findTestData("PlanFact").getValue(5, a): null

27-11-2024T10:39:23 - [TEST_STEP][PASSED] - poteri = findTestData("PlanFact").getValue(6, a): null

27-11-2024T10:39:24 - [TEST_STEP][PASSED] - otpusk = otpusk.replaceAll("\s+", ""): null

27-11-2024T10:39:24 - [TEST_STEP][PASSED] - poteri = poteri.replaceAll("\s+", ""): null

27-11-2024T10:39:24 - [TEST_STEP][PASSED] - typeOfData = typeOfDataMain + " Отпуск в сеть": null

27-11-2024T10:39:24 - [TEST_STEP][PASSED] - if (a == 82): null

27-11-2024T10:39:24 - [TEST_STEP][PASSED] - else if (a == 84): null

27-11-2024T10:39:24 - [TEST_STEP][PASSED] - else if (a == 52 || a == 72 || a == 28 || a == 73 || a == 77 || a == 74 || a == 65 || a == 36 || a == 44 || a == 53 || a == 80 || a == 54 || a == 1 || a == 18 || a == 59 || a == 81): null

27-11-2024T10:39:24 - [TEST_STEP][PASSED] - else: null

27-11-2024T10:39:24 - [TEST_STEP][PASSED] - path = dataFolder + typeOfData + " за отчётный период " + b: null

27-11-2024T10:39:24 - [TEST_STEP][PASSED] - println(path): null

27-11-2024T10:39:24 - [TEST_STEP][PASSED] - page = getText(findTestObject(path)): Text of object 'Object Repository/Выполнение бизнес-плана/Значения со страницы Выполнение бизнес-плана/Факт Отпуск в сеть за отчётный период Ярэнерго' is: '5 259 905'

27-11-2024T10:39:24 - [MESSAGE][PASSED] - Text of object 'Object Repository/Выполнение бизнес-плана/Значения со страницы Выполнение бизнес-плана/Факт Отпуск в сеть за отчётный период Ярэнерго' is: '5 259 905'

27-11-2024T10:39:24 - [TEST_STEP][PASSED] - page = page.replaceAll("\s+", ""): null

27-11-2024T10:39:24 - [TEST_STEP][PASSED] - fileOtpuskVSet = otpusk.toInteger(): null

27-11-2024T10:39:24 - [TEST_STEP][PASSED] - pageOtpuskVSet = page.toInteger(): null

27-11-2024T10:39:24 - [TEST_STEP][PASSED] - typeOfData = typeOfDataMain + " Потери": null

27-11-2024T10:39:24 - [TEST_STEP][PASSED] - if (a == 82): null

27-11-2024T10:39:24 - [TEST_STEP][PASSED] - else if (a == 84): null

27-11-2024T10:39:24 - [TEST_STEP][PASSED] - else if (a == 52 || a == 72 || a == 28 || a == 73 || a == 77 || a == 74 || a == 65 || a == 36 || a == 44 || a == 53 || a == 80 || a == 54 || a == 1 || a == 18 || a == 59 || a == 81): null

27-11-2024T10:39:24 - [TEST_STEP][PASSED] - else: null

27-11-2024T10:39:24 - [TEST_STEP][PASSED] - path = dataFolder + typeOfData + " за отчётный период " + b: null

27-11-2024T10:39:24 - [TEST_STEP][PASSED] - page = getText(findTestObject(path)): Text of object 'Object Repository/Выполнение бизнес-плана/Значения со страницы Выполнение бизнес-плана/Факт Потери за отчётный период Ярэнерго' is: '428 321'

27-11-2024T10:39:24 - [MESSAGE][PASSED] - Text of object 'Object Repository/Выполнение бизнес-плана/Значения со страницы Выполнение бизнес-плана/Факт Потери за отчётный период Ярэнерго' is: '428 321'

27-11-2024T10:39:24 - [TEST_STEP][PASSED] - page = page.replaceAll("\s+", ""): null

27-11-2024T10:39:24 - [TEST_STEP][PASSED] - filePoteri = poteri.toInteger(): null

27-11-2024T10:39:24 - [TEST_STEP][PASSED] - pagePoteri = page.toInteger(): null

27-11-2024T10:39:24 - [TEST_STEP][PASSED] - compare = pageOtpuskVSet: null

27-11-2024T10:39:24 - [TEST_STEP][PASSED] - if (compare == fileOtpuskVSet): null

27-11-2024T10:39:24 - [TEST_STEP][PASSED] - if (compare == fileOtpuskVSet): null

27-11-2024T10:39:24 - [TEST_STEP][PASSED] - compare = pagePoteri: null

27-11-2024T10:39:24 - [TEST_STEP][PASSED] - if (compare == filePoteri): null

27-11-2024T10:39:24 - [TEST_STEP][PASSED] - if (compare == filePoteri): null

27-11-2024T10:39:24 - [TEST_STEP][PASSED] - if (planFact == 2): null

27-11-2024T10:39:24 - [TEST_STEP][PASSED] - if (planFact == 1): null

27-11-2024T10:39:24 - [TEST_STEP][PASSED] - else if (planFact == 2): null

27-11-2024T10:39:24 - [TEST_STEP][PASSED] - click(findTestObject("Выполнение бизнес-плана/Кнопка План")): Object: 'Object Repository/Выполнение бизнес-плана/Кнопка План' is clicked on

27-11-2024T10:39:24 - [MESSAGE][PASSED] - Object: 'Object Repository/Выполнение бизнес-плана/Кнопка План' is clicked on

27-11-2024T10:39:24 - [TEST_STEP][PASSED] - typeOfDataMain = "План": null

27-11-2024T10:39:24 - [TEST_STEP][PASSED] - otpusk = findTestData("PlanFact").getValue(2, a): null

27-11-2024T10:39:25 - [TEST_STEP][PASSED] - poteri = findTestData("PlanFact").getValue(3, a): null

27-11-2024T10:39:25 - [TEST_STEP][PASSED] - otpusk = otpusk.replaceAll("\s+", ""): null

27-11-2024T10:39:25 - [TEST_STEP][PASSED] - poteri = poteri.replaceAll("\s+", ""): null

27-11-2024T10:39:25 - [TEST_STEP][PASSED] - typeOfData = typeOfDataMain + " Отпуск в сеть": null

27-11-2024T10:39:25 - [TEST_STEP][PASSED] - if (a == 82): null

27-11-2024T10:39:25 - [TEST_STEP][PASSED] - else if (a == 84): null

27-11-2024T10:39:25 - [TEST_STEP][PASSED] - else if (a == 52 || a == 72 || a == 28 || a == 73 || a == 77 || a == 74 || a == 65 || a == 36 || a == 44 || a == 53 || a == 80 || a == 54 || a == 1 || a == 18 || a == 59 || a == 81): null

27-11-2024T10:39:25 - [TEST_STEP][PASSED] - else: null

27-11-2024T10:39:25 - [TEST_STEP][PASSED] - path = dataFolder + typeOfData + " за отчётный период " + b: null

27-11-2024T10:39:25 - [TEST_STEP][PASSED] - println(path): null

27-11-2024T10:39:25 - [TEST_STEP][PASSED] - page = getText(findTestObject(path)): Text of object 'Object Repository/Выполнение бизнес-плана/Значения со страницы Выполнение бизнес-плана/План Отпуск в сеть за отчётный период Ярэнерго' is: '4 975 014'

27-11-2024T10:39:25 - [MESSAGE][PASSED] - Text of object 'Object Repository/Выполнение бизнес-плана/Значения со страницы Выполнение бизнес-плана/План Отпуск в сеть за отчётный период Ярэнерго' is: '4 975 014'

27-11-2024T10:39:25 - [TEST_STEP][PASSED] - page = page.replaceAll("\s+", ""): null

27-11-2024T10:39:25 - [TEST_STEP][PASSED] - fileOtpuskVSet = otpusk.toInteger(): null

27-11-2024T10:39:25 - [TEST_STEP][PASSED] - pageOtpuskVSet = page.toInteger(): null

27-11-2024T10:39:25 - [TEST_STEP][PASSED] - typeOfData = typeOfDataMain + " Потери": null

27-11-2024T10:39:25 - [TEST_STEP][PASSED] - if (a == 82): null

27-11-2024T10:39:25 - [TEST_STEP][PASSED] - else if (a == 84): null

27-11-2024T10:39:25 - [TEST_STEP][PASSED] - else if (a == 52 || a == 72 || a == 28 || a == 73 || a == 77 || a == 74 || a == 65 || a == 36 || a == 44 || a == 53 || a == 80 || a == 54 || a == 1 || a == 18 || a == 59 || a == 81): null

27-11-2024T10:39:25 - [TEST_STEP][PASSED] - else: null

27-11-2024T10:39:25 - [TEST_STEP][PASSED] - path = dataFolder + typeOfData + " за отчётный период " + b: null

27-11-2024T10:39:25 - [TEST_STEP][PASSED] - page = getText(findTestObject(path)): Text of object 'Object Repository/Выполнение бизнес-плана/Значения со страницы Выполнение бизнес-плана/План Потери за отчётный период Ярэнерго' is: '430 228'

27-11-2024T10:39:25 - [MESSAGE][PASSED] - Text of object 'Object Repository/Выполнение бизнес-плана/Значения со страницы Выполнение бизнес-плана/План Потери за отчётный период Ярэнерго' is: '430 228'

27-11-2024T10:39:25 - [TEST_STEP][PASSED] - page = page.replaceAll("\s+", ""): null

27-11-2024T10:39:25 - [TEST_STEP][PASSED] - filePoteri = poteri.toInteger(): null

27-11-2024T10:39:25 - [TEST_STEP][PASSED] - pagePoteri = page.toInteger(): null

27-11-2024T10:39:25 - [TEST_STEP][PASSED] - compare = pageOtpuskVSet: null

27-11-2024T10:39:25 - [TEST_STEP][PASSED] - if (compare == fileOtpuskVSet): null

27-11-2024T10:39:25 - [TEST_STEP][PASSED] - if (compare == fileOtpuskVSet): null

27-11-2024T10:39:25 - [TEST_STEP][PASSED] - compare = pagePoteri: null

27-11-2024T10:39:25 - [TEST_STEP][PASSED] - if (compare == filePoteri): null

27-11-2024T10:39:25 - [TEST_STEP][PASSED] - if (compare == filePoteri): null

27-11-2024T10:39:25 - [TEST_STEP][PASSED] - if (planFact == 2): Object: 'Object Repository/Выполнение бизнес-плана/Кнопка Факт' is clicked on

27-11-2024T10:39:25 - [TEST_STEP][PASSED] - click(findTestObject("Выполнение бизнес-плана/Кнопка Факт")): Object: 'Object Repository/Выполнение бизнес-плана/Кнопка Факт' is clicked on

27-11-2024T10:39:26 - [MESSAGE][PASSED] - Object: 'Object Repository/Выполнение бизнес-плана/Кнопка Факт' is clicked on

27-11-2024T10:39:26 - [TEST_STEP][PASSED] - if (a == 84 || a == 82): null

27-11-2024T10:39:26 - [TEST_STEP][PASSED] - else if (a == 52 || a == 72 || a == 28 || a == 73 || a == 77 || a == 74 || a == 65 || a == 36 || a == 44 || a == 53 || a == 80 || a == 54 || a == 1 || a == 18 || a == 59 || a == 81): null

27-11-2024T10:39:26 - [TEST_STEP][PASSED] - else: null

27-11-2024T10:39:26 - [TEST_STEP][PASSED] - page1 = getText(findTestObject("Object Repository/Выполнение бизнес-плана/spanPlan" + filialNum)): Text of object 'Object Repository/Выполнение бизнес-плана/spanPlan15' is: '8.65
|'

27-11-2024T10:39:26 - [MESSAGE][PASSED] - Text of object 'Object Repository/Выполнение бизнес-плана/spanPlan15' is: '8.65
|'

27-11-2024T10:39:26 - [TEST_STEP][PASSED] - page1 = page1.replace("|", ""): null

27-11-2024T10:39:26 - [TEST_STEP][PASSED] - page2 = getText(findTestObject("Object Repository/Выполнение бизнес-плана/spanFact" + filialNum)): Text of object 'Object Repository/Выполнение бизнес-плана/spanFact15' is: '8.14
|'

27-11-2024T10:39:26 - [MESSAGE][PASSED] - Text of object 'Object Repository/Выполнение бизнес-плана/spanFact15' is: '8.14
|'

27-11-2024T10:39:26 - [TEST_STEP][PASSED] - page2 = page2.replace("|", ""): null

27-11-2024T10:39:26 - [TEST_STEP][PASSED] - println("page1: " + page1): null

27-11-2024T10:39:26 - [TEST_STEP][PASSED] - println("page2: " + page2): null

27-11-2024T10:39:26 - [TEST_STEP][PASSED] - file = findTestData("PlanFact").getValue(4, a): null

27-11-2024T10:39:26 - [TEST_STEP][PASSED] - file = file.replace(",", "."): null

27-11-2024T10:39:26 - [TEST_STEP][PASSED] - println("file Plan: " + file): null

27-11-2024T10:39:26 - [TEST_STEP][PASSED] - typeOfData = "План в процентах": null

27-11-2024T10:39:26 - [TEST_STEP][PASSED] - fileDouble = file.toDouble(): null

27-11-2024T10:39:26 - [TEST_STEP][PASSED] - pageDouble = page1.toDouble(): null

27-11-2024T10:39:26 - [TEST_STEP][PASSED] - if (fileDouble != pageDouble): null

27-11-2024T10:39:26 - [TEST_STEP][PASSED] - file = findTestData("PlanFact").getValue(7, a): null

27-11-2024T10:39:26 - [TEST_STEP][PASSED] - file = file.replace(",", "."): null

27-11-2024T10:39:26 - [TEST_STEP][PASSED] - println("file Fact: " + file): null

27-11-2024T10:39:26 - [TEST_STEP][PASSED] - fileDouble = file.toDouble(): null

27-11-2024T10:39:26 - [TEST_STEP][PASSED] - typeOfData = "Факт в процентах": null

27-11-2024T10:39:26 - [TEST_STEP][PASSED] - fileDouble = file.toDouble(): null

27-11-2024T10:39:26 - [TEST_STEP][PASSED] - pageDouble = page2.toDouble(): null

27-11-2024T10:39:26 - [TEST_STEP][PASSED] - if (fileDouble != pageDouble): null

27-11-2024T10:39:26 - [TEST_STEP][PASSED] - if (verifyEqual(numberOfErrors, 0) == false): Actual object '0' and expected object '0' are equal

27-11-2024T10:39:26 - [MESSAGE][PASSED] - Actual object '0' and expected object '0' are equal

27-11-2024T10:39:26 - [TEST_STEP][PASSED] - if (a == 82): null

27-11-2024T10:39:26 - [TEST_STEP][PASSED] - filialNum = 0: null

27-11-2024T10:39:26 - [TEST_STEP][PASSED] - if (a == 18): null

27-11-2024T10:39:26 - [TEST_STEP][PASSED] - if (a == 36): null

27-11-2024T10:39:26 - [TEST_STEP][PASSED] - if (a == 44): null

27-11-2024T10:39:26 - [TEST_STEP][PASSED] - if (a == 54): null

27-11-2024T10:39:26 - [TEST_STEP][PASSED] - if (a == 59): null

27-11-2024T10:39:26 - [TEST_STEP][PASSED] - Script1718980020443.OpenFilter(): null

27-11-2024T10:39:26 - [TEST_STEP][PASSED] - click(findTestObject("Object Repository/Выполнение бизнес-плана/Фильтр ДЗО")): Object: 'Object Repository/Выполнение бизнес-плана/Фильтр ДЗО' is clicked on

27-11-2024T10:39:27 - [MESSAGE][PASSED] - Object: 'Object Repository/Выполнение бизнес-плана/Фильтр ДЗО' is clicked on

27-11-2024T10:39:27 - [TEST_STEP][PASSED] - click(findTestObject("Выполнение бизнес-плана/Снять выделение в фильтре ДЗО")): Object: 'Object Repository/Выполнение бизнес-плана/Снять выделение в фильтре ДЗО' is clicked on

27-11-2024T10:39:27 - [MESSAGE][PASSED] - Object: 'Object Repository/Выполнение бизнес-плана/Снять выделение в фильтре ДЗО' is clicked on

27-11-2024T10:39:27 - [TEST_STEP][PASSED] - Script1718980020443.CloseFilter(): null

27-11-2024T10:39:27 - [TEST_STEP][PASSED] - scrollToElement(findTestObject("Выполнение бизнес-плана/Заголовок дашборда"), 30): Scroll to object 'Object Repository/Выполнение бизнес-плана/Заголовок дашборда' successfully

27-11-2024T10:39:28 - [MESSAGE][PASSED] - Scroll to object 'Object Repository/Выполнение бизнес-плана/Заголовок дашборда' successfully

27-11-2024T10:39:28 - [TEST_STEP][PASSED] - click(findTestObject("Object Repository/Выполнение бизнес-плана/Применить в фильтре ДЗО")): Object: 'Object Repository/Выполнение бизнес-плана/Применить в фильтре ДЗО' is clicked on

27-11-2024T10:39:28 - [MESSAGE][PASSED] - Object: 'Object Repository/Выполнение бизнес-плана/Применить в фильтре ДЗО' is clicked on

27-11-2024T10:39:28 - [TEST_STEP][PASSED] - if (a == 82): null

27-11-2024T10:39:28 - [TEST_STEP][PASSED] - println(dzoNum): null

27-11-2024T10:39:28 - [TEST_STEP][PASSED] - dZO = "Россети Центр и Приволжье (ГК)": null

27-11-2024T10:39:28 - [TEST_STEP][PASSED] - a = 18: null

27-11-2024T10:39:28 - [TEST_STEP][PASSED] - if (x1.contains(dZO)): null

27-11-2024T10:39:28 - [TEST_STEP][PASSED] - dzoNum = dzoNum + 1: null

27-11-2024T10:39:28 - [TEST_STEP][PASSED] - Script1718980020443.Numbers(a, typeOfData, todaysDate, pageInt, fileInt, pageDouble, fileDouble, dZO, dzoNum, filialNum): null

27-11-2024T10:39:28 - [TEST_STEP][PASSED] - println(dzoNum): null

27-11-2024T10:39:28 - [TEST_STEP][PASSED] - planFact = <not implemented yet for class: org.codehaus.groovy.ast.expr.EmptyExpression>: null

27-11-2024T10:39:28 - [TEST_STEP][PASSED] - page = <not implemented yet for class: org.codehaus.groovy.ast.expr.EmptyExpression>: null

27-11-2024T10:39:28 - [TEST_STEP][PASSED] - page1 = <not implemented yet for class: org.codehaus.groovy.ast.expr.EmptyExpression>: null

27-11-2024T10:39:28 - [TEST_STEP][PASSED] - page2 = <not implemented yet for class: org.codehaus.groovy.ast.expr.EmptyExpression>: null

27-11-2024T10:39:28 - [TEST_STEP][PASSED] - filialNumberInRow = <not implemented yet for class: org.codehaus.groovy.ast.expr.EmptyExpression>: null

27-11-2024T10:39:28 - [TEST_STEP][PASSED] - filialsDzoNames = <not implemented yet for class: org.codehaus.groovy.ast.expr.EmptyExpression>: null

27-11-2024T10:39:28 - [TEST_STEP][PASSED] - numberOfFilials = <not implemented yet for class: org.codehaus.groovy.ast.expr.EmptyExpression>: null

27-11-2024T10:39:28 - [TEST_STEP][PASSED] - numberOfSpaces = <not implemented yet for class: org.codehaus.groovy.ast.expr.EmptyExpression>: null

27-11-2024T10:39:28 - [TEST_STEP][PASSED] - file = <not implemented yet for class: org.codehaus.groovy.ast.expr.EmptyExpression>: null

27-11-2024T10:39:28 - [TEST_STEP][PASSED] - otpusk = <not implemented yet for class: org.codehaus.groovy.ast.expr.EmptyExpression>: null

27-11-2024T10:39:28 - [TEST_STEP][PASSED] - poteri = <not implemented yet for class: org.codehaus.groovy.ast.expr.EmptyExpression>: null

27-11-2024T10:39:28 - [TEST_STEP][PASSED] - dataFolder = "Выполнение бизнес-плана/Значения со страницы Выполнение бизнес-плана/": null

27-11-2024T10:39:28 - [TEST_STEP][PASSED] - path = <not implemented yet for class: org.codehaus.groovy.ast.expr.EmptyExpression>: null

27-11-2024T10:39:28 - [TEST_STEP][PASSED] - typeOfDataMain = <not implemented yet for class: org.codehaus.groovy.ast.expr.EmptyExpression>: null

27-11-2024T10:39:28 - [TEST_STEP][PASSED] - fileOtpuskVSet = <not implemented yet for class: org.codehaus.groovy.ast.expr.EmptyExpression>: null

27-11-2024T10:39:28 - [TEST_STEP][PASSED] - pageOtpuskVSet = <not implemented yet for class: org.codehaus.groovy.ast.expr.EmptyExpression>: null

27-11-2024T10:39:28 - [TEST_STEP][PASSED] - filePoteri = <not implemented yet for class: org.codehaus.groovy.ast.expr.EmptyExpression>: null

27-11-2024T10:39:28 - [TEST_STEP][PASSED] - pagePoteri = <not implemented yet for class: org.codehaus.groovy.ast.expr.EmptyExpression>: null

27-11-2024T10:39:28 - [TEST_STEP][PASSED] - compare = <not implemented yet for class: org.codehaus.groovy.ast.expr.EmptyExpression>: null

27-11-2024T10:39:28 - [TEST_STEP][PASSED] - b = <not implemented yet for class: org.codehaus.groovy.ast.expr.EmptyExpression>: null

27-11-2024T10:39:28 - [TEST_STEP][PASSED] - i = <not implemented yet for class: org.codehaus.groovy.ast.expr.EmptyExpression>: null

27-11-2024T10:39:28 - [TEST_STEP][PASSED] - ii = <not implemented yet for class: org.codehaus.groovy.ast.expr.EmptyExpression>: null

27-11-2024T10:39:28 - [TEST_STEP][PASSED] - c = <not implemented yet for class: org.codehaus.groovy.ast.expr.EmptyExpression>: null

27-11-2024T10:39:28 - [TEST_STEP][PASSED] - numberOfErrors = 0: null

27-11-2024T10:39:28 - [TEST_STEP][PASSED] - if (a == 82): null

27-11-2024T10:39:28 - [TEST_STEP][PASSED] - b = findTestData("PlanFact").getValue(1, a): null

27-11-2024T10:39:29 - [TEST_STEP][PASSED] - i = b.indexOf(" (ГК)"): null

27-11-2024T10:39:29 - [TEST_STEP][PASSED] - if (i > -1): null

27-11-2024T10:39:29 - [TEST_STEP][PASSED] - b = b.substring(0, i): null

27-11-2024T10:39:29 - [TEST_STEP][PASSED] - b = b.trim(): null

27-11-2024T10:39:29 - [TEST_STEP][PASSED] - i = b.indexOf("О ""): null

27-11-2024T10:39:29 - [TEST_STEP][PASSED] - if (i > -1): null

27-11-2024T10:39:29 - [TEST_STEP][PASSED] - i = b.indexOf("О «"): null

27-11-2024T10:39:29 - [TEST_STEP][PASSED] - if (i > -1): null

27-11-2024T10:39:29 - [TEST_STEP][PASSED] - i = b.indexOf("г. "): null

27-11-2024T10:39:29 - [TEST_STEP][PASSED] - if (i > -1): null

27-11-2024T10:39:29 - [TEST_STEP][PASSED] - println(b): null

27-11-2024T10:39:29 - [TEST_STEP][PASSED] - for ([planFact = 1, planFact < 3, (planFact++)]): null

27-11-2024T10:39:29 - [TEST_STEP][PASSED] - if (planFact == 1): null

27-11-2024T10:39:29 - [TEST_STEP][PASSED] - typeOfDataMain = "Факт": null

27-11-2024T10:39:29 - [TEST_STEP][PASSED] - otpusk = findTestData("PlanFact").getValue(5, a): null

27-11-2024T10:39:29 - [TEST_STEP][PASSED] - poteri = findTestData("PlanFact").getValue(6, a): null

27-11-2024T10:39:29 - [TEST_STEP][PASSED] - otpusk = otpusk.replaceAll("\s+", ""): null

27-11-2024T10:39:29 - [TEST_STEP][PASSED] - poteri = poteri.replaceAll("\s+", ""): null

27-11-2024T10:39:29 - [TEST_STEP][PASSED] - typeOfData = typeOfDataMain + " Отпуск в сеть": null

27-11-2024T10:39:29 - [TEST_STEP][PASSED] - if (a == 82): null

27-11-2024T10:39:29 - [TEST_STEP][PASSED] - else if (a == 84): null

27-11-2024T10:39:29 - [TEST_STEP][PASSED] - else if (a == 52 || a == 72 || a == 28 || a == 73 || a == 77 || a == 74 || a == 65 || a == 36 || a == 44 || a == 53 || a == 80 || a == 54 || a == 1 || a == 18 || a == 59 || a == 81): null

27-11-2024T10:39:29 - [TEST_STEP][PASSED] - path = dataFolder + "Table Data/" + typeOfData + " за отчётный период " + dzoNum: null

27-11-2024T10:39:29 - [TEST_STEP][PASSED] - println(path): null

27-11-2024T10:39:29 - [TEST_STEP][PASSED] - page = getText(findTestObject(path)): Text of object 'Object Repository/Выполнение бизнес-плана/Значения со страницы Выполнение бизнес-плана/Table Data/Факт Отпуск в сеть за отчётный период 7' is: '40 894 236'

27-11-2024T10:39:49 - [MESSAGE][PASSED] - Text of object 'Object Repository/Выполнение бизнес-плана/Значения со страницы Выполнение бизнес-плана/Table Data/Факт Отпуск в сеть за отчётный период 7' is: '40 894 236'

27-11-2024T10:39:49 - [TEST_STEP][PASSED] - page = page.replaceAll("\s+", ""): null

27-11-2024T10:39:49 - [TEST_STEP][PASSED] - fileOtpuskVSet = otpusk.toInteger(): null

27-11-2024T10:39:49 - [TEST_STEP][PASSED] - pageOtpuskVSet = page.toInteger(): null

27-11-2024T10:39:49 - [TEST_STEP][PASSED] - typeOfData = typeOfDataMain + " Потери": null

27-11-2024T10:39:49 - [TEST_STEP][PASSED] - if (a == 82): null

27-11-2024T10:39:49 - [TEST_STEP][PASSED] - else if (a == 84): null

27-11-2024T10:39:49 - [TEST_STEP][PASSED] - else if (a == 52 || a == 72 || a == 28 || a == 73 || a == 77 || a == 74 || a == 65 || a == 36 || a == 44 || a == 53 || a == 80 || a == 54 || a == 1 || a == 18 || a == 59 || a == 81): null

27-11-2024T10:39:49 - [TEST_STEP][PASSED] - path = dataFolder + "Table Data/" + typeOfData + " за отчётный период " + dzoNum: null

27-11-2024T10:39:49 - [TEST_STEP][PASSED] - page = getText(findTestObject(path)): Text of object 'Object Repository/Выполнение бизнес-плана/Значения со страницы Выполнение бизнес-плана/Table Data/Факт Потери за отчётный период 7' is: '2 711 313'

27-11-2024T10:39:49 - [MESSAGE][PASSED] - Text of object 'Object Repository/Выполнение бизнес-плана/Значения со страницы Выполнение бизнес-плана/Table Data/Факт Потери за отчётный период 7' is: '2 711 313'

27-11-2024T10:39:49 - [TEST_STEP][PASSED] - page = page.replaceAll("\s+", ""): null

27-11-2024T10:39:49 - [TEST_STEP][PASSED] - filePoteri = poteri.toInteger(): null

27-11-2024T10:39:49 - [TEST_STEP][PASSED] - pagePoteri = page.toInteger(): null

27-11-2024T10:39:49 - [TEST_STEP][PASSED] - compare = pageOtpuskVSet: null

27-11-2024T10:39:49 - [TEST_STEP][PASSED] - if (compare == fileOtpuskVSet): null

27-11-2024T10:39:49 - [TEST_STEP][PASSED] - else if (compare > fileOtpuskVSet): null

27-11-2024T10:39:49 - [TEST_STEP][PASSED] - else if (compare < fileOtpuskVSet): null

27-11-2024T10:39:49 - [TEST_STEP][PASSED] - compare = compare + 1: null

27-11-2024T10:39:49 - [TEST_STEP][PASSED] - if (compare == fileOtpuskVSet): null

27-11-2024T10:39:49 - [TEST_STEP][PASSED] - else: null

27-11-2024T10:39:49 - [TEST_STEP][PASSED] - numberOfErrors = numberOfErrors + 1: null

27-11-2024T10:39:49 - [TEST_STEP][PASSED] - pageInt = pageOtpuskVSet: null

27-11-2024T10:39:49 - [TEST_STEP][PASSED] - fileInt = fileOtpuskVSet: null

27-11-2024T10:39:49 - [TEST_STEP][PASSED] - typeOfData = typeOfDataMain + " Отпуск в сеть": null

27-11-2024T10:39:49 - [TEST_STEP][PASSED] - Script1718980020443.WriteToExcel(a, typeOfData, todaysDate, pageInt, fileInt, pageDouble, fileDouble, dZO): null

27-11-2024T10:39:49 - [TEST_STEP][PASSED] - sheetName = "Sheet1": null

27-11-2024T10:39:49 - [TEST_STEP][PASSED] - data = findTestData("PlanFact"): null

27-11-2024T10:39:49 - [TEST_STEP][PASSED] - n = data.getRowNumbers() + 1: null

27-11-2024T10:39:49 - [TEST_STEP][PASSED] - year = todaysDate.substring(todaysDate.length() - 4, todaysDate.length()): null

27-11-2024T10:39:49 - [TEST_STEP][PASSED] - y = year.toInteger(): null

27-11-2024T10:39:49 - [TEST_STEP][PASSED] - m = getText(findTestObject("Выполнение бизнес-плана/Период")): Text of object 'Object Repository/Выполнение бизнес-плана/Период' is: '1, 2, 3 кв. 2024 года'

27-11-2024T10:39:50 - [MESSAGE][PASSED] - Text of object 'Object Repository/Выполнение бизнес-плана/Период' is: '1, 2, 3 кв. 2024 года'

27-11-2024T10:39:50 - [TEST_STEP][PASSED] - m = m.substring(0, m.indexOf("2024")): null

27-11-2024T10:39:50 - [TEST_STEP][PASSED] - m = m.trim(): null

27-11-2024T10:39:50 - [TEST_STEP][PASSED] - dashboardName = "Выполнение бизнес-плана": null

27-11-2024T10:39:50 - [TEST_STEP][PASSED] - workbook01 = getWorkbook(excelFilePath): null

27-11-2024T10:39:50 - [TEST_STEP][PASSED] - sheet01 = getExcelSheet(workbook01, sheetName): null

27-11-2024T10:39:50 - [TEST_STEP][PASSED] - setValueToCellByIndex(sheet01, n, 0, dashboardName): null

27-11-2024T10:39:50 - [TEST_STEP][PASSED] - setValueToCellByIndex(sheet01, n, 1, dZO): null

27-11-2024T10:39:50 - [TEST_STEP][PASSED] - setValueToCellByIndex(sheet01, n, 2, typeOfData): null

27-11-2024T10:39:50 - [TEST_STEP][PASSED] - if (typeOfData == "Факт в процентах" || typeOfData == "План в процентах"): null

27-11-2024T10:39:50 - [TEST_STEP][PASSED] - else: null

27-11-2024T10:39:50 - [TEST_STEP][PASSED] - setValueToCellByIndex(sheet01, n, 3, fileInt): null

27-11-2024T10:39:50 - [TEST_STEP][PASSED] - setValueToCellByIndex(sheet01, n, 4, pageInt): null

27-11-2024T10:39:50 - [TEST_STEP][PASSED] - setValueToCellByIndex(sheet01, n, 5, m): null

27-11-2024T10:39:50 - [TEST_STEP][PASSED] - setValueToCellByIndex(sheet01, n, 6, y): null

27-11-2024T10:39:50 - [TEST_STEP][PASSED] - setValueToCellByIndex(sheet01, n, 7, todaysDate): null

27-11-2024T10:39:50 - [TEST_STEP][PASSED] - n = n + 1: null

27-11-2024T10:39:50 - [TEST_STEP][PASSED] - saveWorkbook(excelFilePath, workbook01): null

27-11-2024T10:39:50 - [TEST_STEP][PASSED] - compare = pagePoteri: null

27-11-2024T10:39:50 - [TEST_STEP][PASSED] - if (compare == filePoteri): null

27-11-2024T10:39:50 - [TEST_STEP][PASSED] - else if (compare > filePoteri): null

27-11-2024T10:39:50 - [TEST_STEP][PASSED] - else if (compare < filePoteri): null

27-11-2024T10:39:50 - [TEST_STEP][PASSED] - compare = compare + 1: null

27-11-2024T10:39:50 - [TEST_STEP][PASSED] - if (compare == filePoteri): null

27-11-2024T10:39:50 - [TEST_STEP][PASSED] - else: null

27-11-2024T10:39:50 - [TEST_STEP][PASSED] - numberOfErrors = numberOfErrors + 1: null

27-11-2024T10:39:50 - [TEST_STEP][PASSED] - pageInt = pagePoteri: null

27-11-2024T10:39:50 - [TEST_STEP][PASSED] - fileInt = filePoteri: null

27-11-2024T10:39:50 - [TEST_STEP][PASSED] - typeOfData = typeOfDataMain + " Потери": null

27-11-2024T10:39:50 - [TEST_STEP][PASSED] - Script1718980020443.WriteToExcel(a, typeOfData, todaysDate, pageInt, fileInt, pageDouble, fileDouble, dZO): null

27-11-2024T10:39:50 - [TEST_STEP][PASSED] - sheetName = "Sheet1": null

27-11-2024T10:39:50 - [TEST_STEP][PASSED] - data = findTestData("PlanFact"): null

27-11-2024T10:39:50 - [TEST_STEP][PASSED] - n = data.getRowNumbers() + 1: null

27-11-2024T10:39:50 - [TEST_STEP][PASSED] - year = todaysDate.substring(todaysDate.length() - 4, todaysDate.length()): null

27-11-2024T10:39:50 - [TEST_STEP][PASSED] - y = year.toInteger(): null

27-11-2024T10:39:50 - [TEST_STEP][PASSED] - m = getText(findTestObject("Выполнение бизнес-плана/Период")): Text of object 'Object Repository/Выполнение бизнес-плана/Период' is: '1, 2, 3 кв. 2024 года'

27-11-2024T10:39:50 - [MESSAGE][PASSED] - Text of object 'Object Repository/Выполнение бизнес-плана/Период' is: '1, 2, 3 кв. 2024 года'

27-11-2024T10:39:50 - [TEST_STEP][PASSED] - m = m.substring(0, m.indexOf("2024")): null

27-11-2024T10:39:50 - [TEST_STEP][PASSED] - m = m.trim(): null

27-11-2024T10:39:50 - [TEST_STEP][PASSED] - dashboardName = "Выполнение бизнес-плана": null

27-11-2024T10:39:50 - [TEST_STEP][PASSED] - workbook01 = getWorkbook(excelFilePath): null

27-11-2024T10:39:50 - [TEST_STEP][PASSED] - sheet01 = getExcelSheet(workbook01, sheetName): null

27-11-2024T10:39:50 - [TEST_STEP][PASSED] - setValueToCellByIndex(sheet01, n, 0, dashboardName): null

27-11-2024T10:39:50 - [TEST_STEP][PASSED] - setValueToCellByIndex(sheet01, n, 1, dZO): null

27-11-2024T10:39:50 - [TEST_STEP][PASSED] - setValueToCellByIndex(sheet01, n, 2, typeOfData): null

27-11-2024T10:39:50 - [TEST_STEP][PASSED] - if (typeOfData == "Факт в процентах" || typeOfData == "План в процентах"): null

27-11-2024T10:39:50 - [TEST_STEP][PASSED] - else: null

27-11-2024T10:39:50 - [TEST_STEP][PASSED] - setValueToCellByIndex(sheet01, n, 3, fileInt): null

27-11-2024T10:39:50 - [TEST_STEP][PASSED] - setValueToCellByIndex(sheet01, n, 4, pageInt): null

27-11-2024T10:39:50 - [TEST_STEP][PASSED] - setValueToCellByIndex(sheet01, n, 5, m): null

27-11-2024T10:39:50 - [TEST_STEP][PASSED] - setValueToCellByIndex(sheet01, n, 6, y): null

27-11-2024T10:39:50 - [TEST_STEP][PASSED] - setValueToCellByIndex(sheet01, n, 7, todaysDate): null

27-11-2024T10:39:50 - [TEST_STEP][PASSED] - n = n + 1: null

27-11-2024T10:39:50 - [TEST_STEP][PASSED] - saveWorkbook(excelFilePath, workbook01): Object: 'Object Repository/Выполнение бизнес-плана/Кнопка Факт' is clicked on

27-11-2024T10:39:51 - [TEST_STEP][PASSED] - if (planFact == 2): null

27-11-2024T10:39:51 - [TEST_STEP][PASSED] - if (planFact == 1): null

27-11-2024T10:39:51 - [TEST_STEP][PASSED] - else if (planFact == 2): null

27-11-2024T10:39:51 - [TEST_STEP][PASSED] - click(findTestObject("Выполнение бизнес-плана/Кнопка План")): Object: 'Object Repository/Выполнение бизнес-плана/Кнопка План' is clicked on

27-11-2024T10:39:51 - [MESSAGE][PASSED] - Object: 'Object Repository/Выполнение бизнес-плана/Кнопка План' is clicked on

27-11-2024T10:39:51 - [TEST_STEP][PASSED] - typeOfDataMain = "План": null

27-11-2024T10:39:51 - [TEST_STEP][PASSED] - otpusk = findTestData("PlanFact").getValue(2, a): null

27-11-2024T10:39:51 - [TEST_STEP][PASSED] - poteri = findTestData("PlanFact").getValue(3, a): null

27-11-2024T10:39:51 - [TEST_STEP][PASSED] - otpusk = otpusk.replaceAll("\s+", ""): null

27-11-2024T10:39:51 - [TEST_STEP][PASSED] - poteri = poteri.replaceAll("\s+", ""): null

27-11-2024T10:39:51 - [TEST_STEP][PASSED] - typeOfData = typeOfDataMain + " Отпуск в сеть": null

27-11-2024T10:39:51 - [TEST_STEP][PASSED] - if (a == 82): null

27-11-2024T10:39:51 - [TEST_STEP][PASSED] - else if (a == 84): null

27-11-2024T10:39:51 - [TEST_STEP][PASSED] - else if (a == 52 || a == 72 || a == 28 || a == 73 || a == 77 || a == 74 || a == 65 || a == 36 || a == 44 || a == 53 || a == 80 || a == 54 || a == 1 || a == 18 || a == 59 || a == 81): null

27-11-2024T10:39:51 - [TEST_STEP][PASSED] - path = dataFolder + "Table Data/" + typeOfData + " за отчётный период " + dzoNum: null

27-11-2024T10:39:51 - [TEST_STEP][PASSED] - println(path): null

27-11-2024T10:39:51 - [TEST_STEP][PASSED] - page = getText(findTestObject(path)): Text of object 'Object Repository/Выполнение бизнес-плана/Значения со страницы Выполнение бизнес-плана/Table Data/План Отпуск в сеть за отчётный период 7' is: '39 451 497'

27-11-2024T10:39:51 - [MESSAGE][PASSED] - Text of object 'Object Repository/Выполнение бизнес-плана/Значения со страницы Выполнение бизнес-плана/Table Data/План Отпуск в сеть за отчётный период 7' is: '39 451 497'

27-11-2024T10:39:51 - [TEST_STEP][PASSED] - page = page.replaceAll("\s+", ""): null

27-11-2024T10:39:51 - [TEST_STEP][PASSED] - fileOtpuskVSet = otpusk.toInteger(): null

27-11-2024T10:39:51 - [TEST_STEP][PASSED] - pageOtpuskVSet = page.toInteger(): null

27-11-2024T10:39:51 - [TEST_STEP][PASSED] - typeOfData = typeOfDataMain + " Потери": null

27-11-2024T10:39:51 - [TEST_STEP][PASSED] - if (a == 82): null

27-11-2024T10:39:51 - [TEST_STEP][PASSED] - else if (a == 84): null

27-11-2024T10:39:51 - [TEST_STEP][PASSED] - else if (a == 52 || a == 72 || a == 28 || a == 73 || a == 77 || a == 74 || a == 65 || a == 36 || a == 44 || a == 53 || a == 80 || a == 54 || a == 1 || a == 18 || a == 59 || a == 81): null

27-11-2024T10:39:51 - [TEST_STEP][PASSED] - path = dataFolder + "Table Data/" + typeOfData + " за отчётный период " + dzoNum: null

27-11-2024T10:39:51 - [TEST_STEP][PASSED] - page = getText(findTestObject(path)): Text of object 'Object Repository/Выполнение бизнес-плана/Значения со страницы Выполнение бизнес-плана/Table Data/План Потери за отчётный период 7' is: '2 713 463'

27-11-2024T10:39:52 - [MESSAGE][PASSED] - Text of object 'Object Repository/Выполнение бизнес-плана/Значения со страницы Выполнение бизнес-плана/Table Data/План Потери за отчётный период 7' is: '2 713 463'

27-11-2024T10:39:52 - [TEST_STEP][PASSED] - page = page.replaceAll("\s+", ""): null

27-11-2024T10:39:52 - [TEST_STEP][PASSED] - filePoteri = poteri.toInteger(): null

27-11-2024T10:39:52 - [TEST_STEP][PASSED] - pagePoteri = page.toInteger(): null

27-11-2024T10:39:52 - [TEST_STEP][PASSED] - compare = pageOtpuskVSet: null

27-11-2024T10:39:52 - [TEST_STEP][PASSED] - if (compare == fileOtpuskVSet): null

27-11-2024T10:39:52 - [TEST_STEP][PASSED] - if (compare == fileOtpuskVSet): null

27-11-2024T10:39:52 - [TEST_STEP][PASSED] - compare = pagePoteri: null

27-11-2024T10:39:52 - [TEST_STEP][PASSED] - if (compare == filePoteri): null

27-11-2024T10:39:52 - [TEST_STEP][PASSED] - if (compare == filePoteri): null

27-11-2024T10:39:52 - [TEST_STEP][PASSED] - if (planFact == 2): Object: 'Object Repository/Выполнение бизнес-плана/Кнопка Факт' is clicked on

27-11-2024T10:39:52 - [TEST_STEP][PASSED] - click(findTestObject("Выполнение бизнес-плана/Кнопка Факт")): Object: 'Object Repository/Выполнение бизнес-плана/Кнопка Факт' is clicked on

27-11-2024T10:39:52 - [MESSAGE][PASSED] - Object: 'Object Repository/Выполнение бизнес-плана/Кнопка Факт' is clicked on

27-11-2024T10:39:52 - [TEST_STEP][PASSED] - if (a == 84 || a == 82): null

27-11-2024T10:39:52 - [TEST_STEP][PASSED] - else if (a == 52 || a == 72 || a == 28 || a == 73 || a == 77 || a == 74 || a == 65 || a == 36 || a == 44 || a == 53 || a == 80 || a == 54 || a == 1 || a == 18 || a == 59 || a == 81): null

27-11-2024T10:39:52 - [TEST_STEP][PASSED] - page1 = getText(findTestObject("Object Repository/Выполнение бизнес-плана/spanPlan" + dzoNum)): Text of object 'Object Repository/Выполнение бизнес-плана/spanPlan7' is: '6.88
|'

27-11-2024T10:39:52 - [MESSAGE][PASSED] - Text of object 'Object Repository/Выполнение бизнес-плана/spanPlan7' is: '6.88
|'

27-11-2024T10:39:52 - [TEST_STEP][PASSED] - page1 = page1.replace("|", ""): null

27-11-2024T10:39:52 - [TEST_STEP][PASSED] - page2 = getText(findTestObject("Object Repository/Выполнение бизнес-плана/spanFact" + dzoNum)): Text of object 'Object Repository/Выполнение бизнес-плана/spanFact7' is: '6.63'

27-11-2024T10:39:53 - [MESSAGE][PASSED] - Text of object 'Object Repository/Выполнение бизнес-плана/spanFact7' is: '6.63'

27-11-2024T10:39:53 - [TEST_STEP][PASSED] - page2 = page2.replace("|", ""): null

27-11-2024T10:39:53 - [TEST_STEP][PASSED] - println("page1: " + page1): null

27-11-2024T10:39:53 - [TEST_STEP][PASSED] - println("page2: " + page2): null

27-11-2024T10:39:53 - [TEST_STEP][PASSED] - file = findTestData("PlanFact").getValue(4, a): null

27-11-2024T10:39:53 - [TEST_STEP][PASSED] - file = file.replace(",", "."): null

27-11-2024T10:39:53 - [TEST_STEP][PASSED] - println("file Plan: " + file): null

27-11-2024T10:39:53 - [TEST_STEP][PASSED] - typeOfData = "План в процентах": null

27-11-2024T10:39:53 - [TEST_STEP][PASSED] - fileDouble = file.toDouble(): null

27-11-2024T10:39:53 - [TEST_STEP][PASSED] - pageDouble = page1.toDouble(): null

27-11-2024T10:39:53 - [TEST_STEP][PASSED] - if (fileDouble != pageDouble): null

27-11-2024T10:39:53 - [TEST_STEP][PASSED] - file = findTestData("PlanFact").getValue(7, a): null

27-11-2024T10:39:53 - [TEST_STEP][PASSED] - file = file.replace(",", "."): null

27-11-2024T10:39:53 - [TEST_STEP][PASSED] - println("file Fact: " + file): null

27-11-2024T10:39:53 - [TEST_STEP][PASSED] - fileDouble = file.toDouble(): null

27-11-2024T10:39:53 - [TEST_STEP][PASSED] - typeOfData = "Факт в процентах": null

27-11-2024T10:39:53 - [TEST_STEP][PASSED] - fileDouble = file.toDouble(): null

27-11-2024T10:39:53 - [TEST_STEP][PASSED] - pageDouble = page2.toDouble(): null

27-11-2024T10:39:53 - [TEST_STEP][PASSED] - if (fileDouble != pageDouble): null

27-11-2024T10:39:53 - [TEST_STEP][PASSED] - numberOfErrors = numberOfErrors + 1: null

27-11-2024T10:39:53 - [TEST_STEP][PASSED] - Script1718980020443.WriteToExcel(a, typeOfData, todaysDate, pageInt, fileInt, pageDouble, fileDouble, dZO): null

27-11-2024T10:39:53 - [TEST_STEP][PASSED] - sheetName = "Sheet1": null

27-11-2024T10:39:53 - [TEST_STEP][PASSED] - data = findTestData("PlanFact"): null

27-11-2024T10:39:53 - [TEST_STEP][PASSED] - n = data.getRowNumbers() + 1: null

27-11-2024T10:39:53 - [TEST_STEP][PASSED] - year = todaysDate.substring(todaysDate.length() - 4, todaysDate.length()): null

27-11-2024T10:39:53 - [TEST_STEP][PASSED] - y = year.toInteger(): null

27-11-2024T10:39:53 - [TEST_STEP][PASSED] - m = getText(findTestObject("Выполнение бизнес-плана/Период")): Text of object 'Object Repository/Выполнение бизнес-плана/Период' is: '1, 2, 3 кв. 2024 года'

27-11-2024T10:39:53 - [MESSAGE][PASSED] - Text of object 'Object Repository/Выполнение бизнес-плана/Период' is: '1, 2, 3 кв. 2024 года'

27-11-2024T10:39:53 - [TEST_STEP][PASSED] - m = m.substring(0, m.indexOf("2024")): null

27-11-2024T10:39:53 - [TEST_STEP][PASSED] - m = m.trim(): null

27-11-2024T10:39:53 - [TEST_STEP][PASSED] - dashboardName = "Выполнение бизнес-плана": null

27-11-2024T10:39:53 - [TEST_STEP][PASSED] - workbook01 = getWorkbook(excelFilePath): null

27-11-2024T10:39:53 - [TEST_STEP][PASSED] - sheet01 = getExcelSheet(workbook01, sheetName): null

27-11-2024T10:39:53 - [TEST_STEP][PASSED] - setValueToCellByIndex(sheet01, n, 0, dashboardName): null

27-11-2024T10:39:53 - [TEST_STEP][PASSED] - setValueToCellByIndex(sheet01, n, 1, dZO): null

27-11-2024T10:39:53 - [TEST_STEP][PASSED] - setValueToCellByIndex(sheet01, n, 2, typeOfData): null

27-11-2024T10:39:53 - [TEST_STEP][PASSED] - if (typeOfData == "Факт в процентах" || typeOfData == "План в процентах"): null

27-11-2024T10:39:53 - [TEST_STEP][PASSED] - setValueToCellByIndex(sheet01, n, 3, fileDouble): null

27-11-2024T10:39:53 - [TEST_STEP][PASSED] - setValueToCellByIndex(sheet01, n, 4, pageDouble): null

27-11-2024T10:39:53 - [TEST_STEP][PASSED] - setValueToCellByIndex(sheet01, n, 5, m): null

27-11-2024T10:39:53 - [TEST_STEP][PASSED] - setValueToCellByIndex(sheet01, n, 6, y): null

27-11-2024T10:39:53 - [TEST_STEP][PASSED] - setValueToCellByIndex(sheet01, n, 7, todaysDate): null

27-11-2024T10:39:53 - [TEST_STEP][PASSED] - n = n + 1: null

27-11-2024T10:39:53 - [TEST_STEP][PASSED] - saveWorkbook(excelFilePath, workbook01): null

27-11-2024T10:39:53 - [TEST_STEP][FAILED] - if (verifyEqual(numberOfErrors, 0) == false): null

27-11-2024T10:39:53 - [MESSAGE][FAILED] - Unable to verify equal between actual object '3' and expected object '0' (Root cause: com.kms.katalon.core.exception.StepFailedException: Actual object '3' and expected object '0' are not equal
	at com.kms.katalon.core.keyword.builtin.VerifyEqualKeyword$_verifyEqual_closure1.doCall(VerifyEqualKeyword.groovy:58)
	at com.kms.katalon.core.keyword.builtin.VerifyEqualKeyword$_verifyEqual_closure1.call(VerifyEqualKeyword.groovy)
	at com.kms.katalon.core.keyword.internal.KeywordMain.runKeyword(KeywordMain.groovy:75)
	at com.kms.katalon.core.keyword.builtin.VerifyEqualKeyword.verifyEqual(VerifyEqualKeyword.groovy:63)
	at com.kms.katalon.core.keyword.builtin.VerifyEqualKeyword.execute(VerifyEqualKeyword.groovy:44)
	at com.kms.katalon.core.keyword.internal.KeywordExecutor.executeKeywordForPlatform(KeywordExecutor.groovy:74)
	at com.kms.katalon.core.keyword.BuiltinKeywords.verifyEqual(BuiltinKeywords.groovy:146)
	at jdk.internal.reflect.GeneratedMethodAccessor24.invoke(Unknown Source)
	at java.base/jdk.internal.reflect.DelegatingMethodAccessorImpl.invoke(DelegatingMethodAccessorImpl.java:43)
	at Выполнение бизнес-плана Сверка ПАО Россети все филиалы.Numbers(Выполнение бизнес-плана Сверка ПАО Россети все филиалы:740)
	at Выполнение бизнес-плана Сверка ПАО Россети все филиалы.run(Выполнение бизнес-плана Сверка ПАО Россети все филиалы:402)
	at com.kms.katalon.core.main.ScriptEngine.run(ScriptEngine.java:194)
	at com.kms.katalon.core.main.ScriptEngine.runScriptAsRawText(ScriptEngine.java:119)
	at com.kms.katalon.core.main.TestCaseExecutor.runScript(TestCaseExecutor.java:448)
	at com.kms.katalon.core.main.TestCaseExecutor.doExecute(TestCaseExecutor.java:439)
	at com.kms.katalon.core.main.TestCaseExecutor.processExecutionPhase(TestCaseExecutor.java:418)
	at com.kms.katalon.core.main.TestCaseExecutor.accessMainPhase(TestCaseExecutor.java:410)
	at com.kms.katalon.core.main.TestCaseExecutor.execute(TestCaseExecutor.java:285)
	at com.kms.katalon.core.common.CommonExecutor.accessTestCaseMainPhase(CommonExecutor.java:65)
	at com.kms.katalon.core.main.TestSuiteExecutor.accessTestSuiteMainPhase(TestSuiteExecutor.java:150)
	at com.kms.katalon.core.main.TestSuiteExecutor.execute(TestSuiteExecutor.java:106)
	at com.kms.katalon.core.main.TestCaseMain.startTestSuite(TestCaseMain.java:180)
	at TempTestSuite1732692359995.run(TempTestSuite1732692359995.groovy:35)
	at java.base/jdk.internal.reflect.NativeMethodAccessorImpl.invoke0(Native Method)
	at java.base/jdk.internal.reflect.NativeMethodAccessorImpl.invoke(NativeMethodAccessorImpl.java:77)
	at java.base/jdk.internal.reflect.DelegatingMethodAccessorImpl.invoke(DelegatingMethodAccessorImpl.java:43)
)

27-11-2024T10:39:53 - [TEST_STEP][PASSED] - println(numberOfErrors): null

27-11-2024T10:39:53 - [TEST_STEP][PASSED] - if (a == 28 || a == 77 || a == 74 || a == 65 || a == 36 || a == 44 || a == 54 || a == 1 || a == 18 || a == 59): null

27-11-2024T10:39:53 - [TEST_STEP][PASSED] - Script1718980020443.Filials(a, typeOfData, todaysDate, pageInt, fileInt, pageDouble, fileDouble, dZO, dzoNum, filialNum): null

27-11-2024T10:39:53 - [TEST_STEP][PASSED] - i = <not implemented yet for class: org.codehaus.groovy.ast.expr.EmptyExpression>: null

27-11-2024T10:39:53 - [TEST_STEP][PASSED] - c = <not implemented yet for class: org.codehaus.groovy.ast.expr.EmptyExpression>: null

27-11-2024T10:39:53 - [TEST_STEP][PASSED] - page = <not implemented yet for class: org.codehaus.groovy.ast.expr.EmptyExpression>: null

27-11-2024T10:39:53 - [TEST_STEP][PASSED] - println(dZO): null

27-11-2024T10:39:53 - [TEST_STEP][PASSED] - reducedDZO = <not implemented yet for class: org.codehaus.groovy.ast.expr.EmptyExpression>: null

27-11-2024T10:39:53 - [TEST_STEP][PASSED] - reducedDZO = dZO.substring(dZO.indexOf(" ") + 1, dZO.length()): null

27-11-2024T10:39:53 - [TEST_STEP][PASSED] - if (reducedDZO.contains(" ")): null

27-11-2024T10:39:53 - [TEST_STEP][PASSED] - reducedDZO = reducedDZO.substring(reducedDZO.indexOf(" ") + 1, reducedDZO.length()): null

27-11-2024T10:39:53 - [TEST_STEP][PASSED] - if (reducedDZO.contains(" ")): null

27-11-2024T10:39:53 - [TEST_STEP][PASSED] - reducedDZO = reducedDZO.substring(reducedDZO.indexOf(" ") + 1, reducedDZO.length()): null

27-11-2024T10:39:53 - [TEST_STEP][PASSED] - println(reducedDZO): null

27-11-2024T10:39:53 - [TEST_STEP][PASSED] - dzoCut = <not implemented yet for class: org.codehaus.groovy.ast.expr.EmptyExpression>: null

27-11-2024T10:39:53 - [TEST_STEP][PASSED] - Script1718980020443.DZO(a): null

27-11-2024T10:39:53 - [TEST_STEP][PASSED] - Script1718980020443.OpenFilter(): null

27-11-2024T10:39:53 - [TEST_STEP][PASSED] - click(findTestObject("Object Repository/Выполнение бизнес-плана/Фильтр ДЗО")): Object: 'Object Repository/Выполнение бизнес-плана/Фильтр ДЗО' is clicked on

27-11-2024T10:39:54 - [MESSAGE][PASSED] - Object: 'Object Repository/Выполнение бизнес-плана/Фильтр ДЗО' is clicked on

27-11-2024T10:39:54 - [TEST_STEP][PASSED] - click(findTestObject("Выполнение бизнес-плана/Снять выделение в фильтре ДЗО")): Object: 'Object Repository/Выполнение бизнес-плана/Снять выделение в фильтре ДЗО' is clicked on

27-11-2024T10:39:54 - [MESSAGE][PASSED] - Object: 'Object Repository/Выполнение бизнес-плана/Снять выделение в фильтре ДЗО' is clicked on

27-11-2024T10:39:54 - [TEST_STEP][PASSED] - Script1718980020443.OpenRSK(): null

27-11-2024T10:39:54 - [TEST_STEP][PASSED] - click(findTestObject("Выполнение бизнес-плана/Раскрыть список ПАО Россети в фильтре ДЗО")): Object: 'Object Repository/Выполнение бизнес-плана/Раскрыть список ПАО Россети в фильтре ДЗО' is clicked on

27-11-2024T10:39:55 - [MESSAGE][PASSED] - Object: 'Object Repository/Выполнение бизнес-плана/Раскрыть список ПАО Россети в фильтре ДЗО' is clicked on

27-11-2024T10:39:55 - [TEST_STEP][PASSED] - click(findTestObject("Выполнение бизнес-плана/Раскрыть список РаспредКомплекс в фильтре ДЗО")): Object: 'Object Repository/Выполнение бизнес-плана/Раскрыть список РаспредКомплекс в фильтре ДЗО' is clicked on

27-11-2024T10:39:55 - [MESSAGE][PASSED] - Object: 'Object Repository/Выполнение бизнес-плана/Раскрыть список РаспредКомплекс в фильтре ДЗО' is clicked on

27-11-2024T10:39:55 - [TEST_STEP][PASSED] - if (a == 28): null

27-11-2024T10:39:55 - [TEST_STEP][PASSED] - if (a == 77): null

27-11-2024T10:39:55 - [TEST_STEP][PASSED] - if (a == 74): null

27-11-2024T10:39:55 - [TEST_STEP][PASSED] - if (a == 65): null

27-11-2024T10:39:55 - [TEST_STEP][PASSED] - if (a == 36): null

27-11-2024T10:39:55 - [TEST_STEP][PASSED] - if (a == 44): null

27-11-2024T10:39:55 - [TEST_STEP][PASSED] - if (a == 54): null

27-11-2024T10:39:55 - [TEST_STEP][PASSED] - if (a == 1): null

27-11-2024T10:39:55 - [TEST_STEP][PASSED] - if (a == 18): Object: 'Object Repository/Выполнение бизнес-плана/Россети Центр и Приволжье' is clicked on

27-11-2024T10:39:55 - [TEST_STEP][PASSED] - scrollToElement(findTestObject("Выполнение бизнес-плана/Россети Центр и Приволжье"), 30): Scroll to object 'Object Repository/Выполнение бизнес-плана/Россети Центр и Приволжье' successfully

27-11-2024T10:39:55 - [MESSAGE][PASSED] - Scroll to object 'Object Repository/Выполнение бизнес-плана/Россети Центр и Приволжье' successfully

27-11-2024T10:39:55 - [TEST_STEP][PASSED] - click(findTestObject("Выполнение бизнес-плана/Россети Центр и Приволжье")): Object: 'Object Repository/Выполнение бизнес-плана/Россети Центр и Приволжье' is clicked on

27-11-2024T10:39:56 - [MESSAGE][PASSED] - Object: 'Object Repository/Выполнение бизнес-плана/Россети Центр и Приволжье' is clicked on

27-11-2024T10:39:56 - [TEST_STEP][PASSED] - if (a == 59): null

27-11-2024T10:39:56 - [TEST_STEP][PASSED] - Script1718980020443.CloseFilter(): null

27-11-2024T10:39:56 - [TEST_STEP][PASSED] - scrollToElement(findTestObject("Выполнение бизнес-плана/Заголовок дашборда"), 30): Scroll to object 'Object Repository/Выполнение бизнес-плана/Заголовок дашборда' successfully

27-11-2024T10:39:56 - [MESSAGE][PASSED] - Scroll to object 'Object Repository/Выполнение бизнес-плана/Заголовок дашборда' successfully

27-11-2024T10:39:56 - [TEST_STEP][PASSED] - click(findTestObject("Object Repository/Выполнение бизнес-плана/Применить в фильтре ДЗО")): Object: 'Object Repository/Выполнение бизнес-плана/Применить в фильтре ДЗО' is clicked on

27-11-2024T10:39:57 - [MESSAGE][PASSED] - Object: 'Object Repository/Выполнение бизнес-плана/Применить в фильтре ДЗО' is clicked on

27-11-2024T10:39:57 - [TEST_STEP][PASSED] - Script1718980020443.ZakrytOpoveshenie(): null

27-11-2024T10:39:57 - [TEST_STEP][PASSED] - delay(10): Delayed 10 second(s)

27-11-2024T10:40:07 - [MESSAGE][PASSED] - Delayed 10 second(s)

27-11-2024T10:40:07 - [TEST_STEP][PASSED] - opoveshenie = getText(findTestObject("Выполнение бизнес-плана/Просьба обратить внимание")): Text of object 'Object Repository/Выполнение бизнес-плана/Просьба обратить внимание' is: ''

27-11-2024T10:40:20 - [MESSAGE][PASSED] - Text of object 'Object Repository/Выполнение бизнес-плана/Просьба обратить внимание' is: ''

27-11-2024T10:40:20 - [TEST_STEP][PASSED] - println(opoveshenie): null

27-11-2024T10:40:20 - [TEST_STEP][PASSED] - if (opoveshenie == "Просьба обратить внимание"): null

27-11-2024T10:40:20 - [TEST_STEP][PASSED] - page = getText(findTestObject("Object Repository/Выполнение бизнес-плана/Filials")): Text of object 'Object Repository/Выполнение бизнес-плана/Filials' is: 'Россети Центр и Приволжье (ГК)
0
10
20
30
40
50
60
70'

27-11-2024T10:40:21 - [MESSAGE][PASSED] - Text of object 'Object Repository/Выполнение бизнес-плана/Filials' is: 'Россети Центр и Приволжье (ГК)
0
10
20
30
40
50
60
70'

27-11-2024T10:40:21 - [TEST_STEP][PASSED] - println(page): null

27-11-2024T10:40:21 - [TEST_STEP][PASSED] - c = page.indexOf(reducedDZO): null

27-11-2024T10:40:21 - [TEST_STEP][PASSED] - if (c > -1): null

27-11-2024T10:40:21 - [TEST_STEP][PASSED] - click(findTestObject("Выполнение бизнес-плана/список")): Object: 'Object Repository/Выполнение бизнес-плана/список' is clicked on

27-11-2024T10:40:21 - [MESSAGE][PASSED] - Object: 'Object Repository/Выполнение бизнес-плана/список' is clicked on

27-11-2024T10:40:21 - [TEST_STEP][PASSED] - delay(10): Delayed 10 second(s)

27-11-2024T10:40:31 - [MESSAGE][PASSED] - Delayed 10 second(s)

27-11-2024T10:40:31 - [TEST_STEP][PASSED] - click(findTestObject("Выполнение бизнес-плана/Раскрытие списка")): Object: 'Object Repository/Выполнение бизнес-плана/Раскрытие списка' is clicked on

27-11-2024T10:40:31 - [MESSAGE][PASSED] - Object: 'Object Repository/Выполнение бизнес-плана/Раскрытие списка' is clicked on

27-11-2024T10:40:31 - [TEST_STEP][PASSED] - delay(10): Delayed 10 second(s)

27-11-2024T10:40:42 - [MESSAGE][PASSED] - Delayed 10 second(s)

27-11-2024T10:40:42 - [TEST_STEP][PASSED] - page = getText(findTestObject("Object Repository/Выполнение бизнес-плана/Filials")): Text of object 'Object Repository/Выполнение бизнес-плана/Filials' is: 'Владимирэнерго
Ивэнерго
Калугаэнерго
Кировэнерго
Мариэнерго
Нижновэнерго
Рязаньэнерго
Тулэнерго
Удмуртэнерго
0
10
20
30
40
50
60
70'

27-11-2024T10:40:42 - [MESSAGE][PASSED] - Text of object 'Object Repository/Выполнение бизнес-плана/Filials' is: 'Владимирэнерго
Ивэнерго
Калугаэнерго
Кировэнерго
Мариэнерго
Нижновэнерго
Рязаньэнерго
Тулэнерго
Удмуртэнерго
0
10
20
30
40
50
60
70'

27-11-2024T10:40:42 - [TEST_STEP][PASSED] - println(page): null

27-11-2024T10:40:42 - [TEST_STEP][PASSED] - c = page.indexOf(reducedDZO): null

27-11-2024T10:40:42 - [TEST_STEP][PASSED] - x2 = getText(findTestObject("Выполнение бизнес-плана/Список ДЗО старый")): Text of object 'Object Repository/Выполнение бизнес-плана/Список ДЗО старый' is: 'Владимирэнерго
Ивэнерго
Калугаэнерго
Кировэнерго
Мариэнерго
Нижновэнерго
Рязаньэнерго
Тулэнерго
Удмуртэнерго
0
10
20
30
40
50
60
70'

27-11-2024T10:40:42 - [MESSAGE][PASSED] - Text of object 'Object Repository/Выполнение бизнес-плана/Список ДЗО старый' is: 'Владимирэнерго
Ивэнерго
Калугаэнерго
Кировэнерго
Мариэнерго
Нижновэнерго
Рязаньэнерго
Тулэнерго
Удмуртэнерго
0
10
20
30
40
50
60
70'

27-11-2024T10:40:42 - [TEST_STEP][PASSED] - if (a == 28): null

27-11-2024T10:40:42 - [TEST_STEP][PASSED] - if (a == 77): null

27-11-2024T10:40:42 - [TEST_STEP][PASSED] - if (a == 74): null

27-11-2024T10:40:42 - [TEST_STEP][PASSED] - if (a == 65): null

27-11-2024T10:40:42 - [TEST_STEP][PASSED] - if (a == 1): null

27-11-2024T10:40:42 - [TEST_STEP][PASSED] - if (a == 18): null

27-11-2024T10:40:42 - [TEST_STEP][PASSED] - dZO = "Владимирэнерго": null

27-11-2024T10:40:42 - [TEST_STEP][PASSED] - a = 19: null

27-11-2024T10:40:42 - [TEST_STEP][PASSED] - if (x2.contains(dZO)): null

27-11-2024T10:40:42 - [TEST_STEP][PASSED] - filialNum = filialNum + 1: null

27-11-2024T10:40:42 - [TEST_STEP][PASSED] - Script1718980020443.Numbers(a, typeOfData, todaysDate, pageInt, fileInt, pageDouble, fileDouble, dZO, dzoNum, filialNum): null

27-11-2024T10:40:42 - [TEST_STEP][PASSED] - println(dzoNum): null

27-11-2024T10:40:42 - [TEST_STEP][PASSED] - planFact = <not implemented yet for class: org.codehaus.groovy.ast.expr.EmptyExpression>: null

27-11-2024T10:40:42 - [TEST_STEP][PASSED] - page = <not implemented yet for class: org.codehaus.groovy.ast.expr.EmptyExpression>: null

27-11-2024T10:40:42 - [TEST_STEP][PASSED] - page1 = <not implemented yet for class: org.codehaus.groovy.ast.expr.EmptyExpression>: null

27-11-2024T10:40:42 - [TEST_STEP][PASSED] - page2 = <not implemented yet for class: org.codehaus.groovy.ast.expr.EmptyExpression>: null

27-11-2024T10:40:42 - [TEST_STEP][PASSED] - filialNumberInRow = <not implemented yet for class: org.codehaus.groovy.ast.expr.EmptyExpression>: null

27-11-2024T10:40:42 - [TEST_STEP][PASSED] - filialsDzoNames = <not implemented yet for class: org.codehaus.groovy.ast.expr.EmptyExpression>: null

27-11-2024T10:40:42 - [TEST_STEP][PASSED] - numberOfFilials = <not implemented yet for class: org.codehaus.groovy.ast.expr.EmptyExpression>: null

27-11-2024T10:40:42 - [TEST_STEP][PASSED] - numberOfSpaces = <not implemented yet for class: org.codehaus.groovy.ast.expr.EmptyExpression>: null

27-11-2024T10:40:42 - [TEST_STEP][PASSED] - file = <not implemented yet for class: org.codehaus.groovy.ast.expr.EmptyExpression>: null

27-11-2024T10:40:42 - [TEST_STEP][PASSED] - otpusk = <not implemented yet for class: org.codehaus.groovy.ast.expr.EmptyExpression>: null

27-11-2024T10:40:42 - [TEST_STEP][PASSED] - poteri = <not implemented yet for class: org.codehaus.groovy.ast.expr.EmptyExpression>: null

27-11-2024T10:40:42 - [TEST_STEP][PASSED] - dataFolder = "Выполнение бизнес-плана/Значения со страницы Выполнение бизнес-плана/": null

27-11-2024T10:40:42 - [TEST_STEP][PASSED] - path = <not implemented yet for class: org.codehaus.groovy.ast.expr.EmptyExpression>: null

27-11-2024T10:40:42 - [TEST_STEP][PASSED] - typeOfDataMain = <not implemented yet for class: org.codehaus.groovy.ast.expr.EmptyExpression>: null

27-11-2024T10:40:42 - [TEST_STEP][PASSED] - fileOtpuskVSet = <not implemented yet for class: org.codehaus.groovy.ast.expr.EmptyExpression>: null

27-11-2024T10:40:42 - [TEST_STEP][PASSED] - pageOtpuskVSet = <not implemented yet for class: org.codehaus.groovy.ast.expr.EmptyExpression>: null

27-11-2024T10:40:42 - [TEST_STEP][PASSED] - filePoteri = <not implemented yet for class: org.codehaus.groovy.ast.expr.EmptyExpression>: null

27-11-2024T10:40:42 - [TEST_STEP][PASSED] - pagePoteri = <not implemented yet for class: org.codehaus.groovy.ast.expr.EmptyExpression>: null

27-11-2024T10:40:42 - [TEST_STEP][PASSED] - compare = <not implemented yet for class: org.codehaus.groovy.ast.expr.EmptyExpression>: null

27-11-2024T10:40:42 - [TEST_STEP][PASSED] - b = <not implemented yet for class: org.codehaus.groovy.ast.expr.EmptyExpression>: null

27-11-2024T10:40:42 - [TEST_STEP][PASSED] - i = <not implemented yet for class: org.codehaus.groovy.ast.expr.EmptyExpression>: null

27-11-2024T10:40:42 - [TEST_STEP][PASSED] - ii = <not implemented yet for class: org.codehaus.groovy.ast.expr.EmptyExpression>: null

27-11-2024T10:40:42 - [TEST_STEP][PASSED] - c = <not implemented yet for class: org.codehaus.groovy.ast.expr.EmptyExpression>: null

27-11-2024T10:40:42 - [TEST_STEP][PASSED] - numberOfErrors = 0: null

27-11-2024T10:40:42 - [TEST_STEP][PASSED] - if (a == 82): null

27-11-2024T10:40:42 - [TEST_STEP][PASSED] - b = findTestData("PlanFact").getValue(1, a): null

27-11-2024T10:40:42 - [TEST_STEP][PASSED] - i = b.indexOf(" (ГК)"): null

27-11-2024T10:40:42 - [TEST_STEP][PASSED] - if (i > -1): null

27-11-2024T10:40:42 - [TEST_STEP][PASSED] - i = b.indexOf("О ""): null

27-11-2024T10:40:42 - [TEST_STEP][PASSED] - if (i > -1): null

27-11-2024T10:40:42 - [TEST_STEP][PASSED] - i = b.indexOf("О «"): null

27-11-2024T10:40:42 - [TEST_STEP][PASSED] - if (i > -1): null

27-11-2024T10:40:42 - [TEST_STEP][PASSED] - i = b.indexOf("г. "): null

27-11-2024T10:40:42 - [TEST_STEP][PASSED] - if (i > -1): null

27-11-2024T10:40:42 - [TEST_STEP][PASSED] - println(b): null

27-11-2024T10:40:42 - [TEST_STEP][PASSED] - for ([planFact = 1, planFact < 3, (planFact++)]): Object: 'Object Repository/Выполнение бизнес-плана/Кнопка Факт' is clicked on

27-11-2024T10:40:42 - [TEST_STEP][PASSED] - if (planFact == 1): null

27-11-2024T10:40:42 - [TEST_STEP][PASSED] - typeOfDataMain = "Факт": null

27-11-2024T10:40:42 - [TEST_STEP][PASSED] - otpusk = findTestData("PlanFact").getValue(5, a): null

27-11-2024T10:40:42 - [TEST_STEP][PASSED] - poteri = findTestData("PlanFact").getValue(6, a): null

27-11-2024T10:40:42 - [TEST_STEP][PASSED] - otpusk = otpusk.replaceAll("\s+", ""): null

27-11-2024T10:40:42 - [TEST_STEP][PASSED] - poteri = poteri.replaceAll("\s+", ""): null

27-11-2024T10:40:42 - [TEST_STEP][PASSED] - typeOfData = typeOfDataMain + " Отпуск в сеть": null

27-11-2024T10:40:42 - [TEST_STEP][PASSED] - if (a == 82): null

27-11-2024T10:40:42 - [TEST_STEP][PASSED] - else if (a == 84): null

27-11-2024T10:40:42 - [TEST_STEP][PASSED] - else if (a == 52 || a == 72 || a == 28 || a == 73 || a == 77 || a == 74 || a == 65 || a == 36 || a == 44 || a == 53 || a == 80 || a == 54 || a == 1 || a == 18 || a == 59 || a == 81): null

27-11-2024T10:40:42 - [TEST_STEP][PASSED] - else: null

27-11-2024T10:40:42 - [TEST_STEP][PASSED] - path = dataFolder + typeOfData + " за отчётный период " + b: null

27-11-2024T10:40:42 - [TEST_STEP][PASSED] - println(path): null

27-11-2024T10:40:42 - [TEST_STEP][PASSED] - page = getText(findTestObject(path)): Text of object 'Object Repository/Выполнение бизнес-плана/Значения со страницы Выполнение бизнес-плана/Факт Отпуск в сеть за отчётный период Владимирэнерго' is: '4 581 524'

27-11-2024T10:40:43 - [MESSAGE][PASSED] - Text of object 'Object Repository/Выполнение бизнес-плана/Значения со страницы Выполнение бизнес-плана/Факт Отпуск в сеть за отчётный период Владимирэнерго' is: '4 581 524'

27-11-2024T10:40:43 - [TEST_STEP][PASSED] - page = page.replaceAll("\s+", ""): null

27-11-2024T10:40:43 - [TEST_STEP][PASSED] - fileOtpuskVSet = otpusk.toInteger(): null

27-11-2024T10:40:43 - [TEST_STEP][PASSED] - pageOtpuskVSet = page.toInteger(): null

27-11-2024T10:40:43 - [TEST_STEP][PASSED] - typeOfData = typeOfDataMain + " Потери": null

27-11-2024T10:40:43 - [TEST_STEP][PASSED] - if (a == 82): null

27-11-2024T10:40:43 - [TEST_STEP][PASSED] - else if (a == 84): null

27-11-2024T10:40:43 - [TEST_STEP][PASSED] - else if (a == 52 || a == 72 || a == 28 || a == 73 || a == 77 || a == 74 || a == 65 || a == 36 || a == 44 || a == 53 || a == 80 || a == 54 || a == 1 || a == 18 || a == 59 || a == 81): null

27-11-2024T10:40:43 - [TEST_STEP][PASSED] - else: null

27-11-2024T10:40:43 - [TEST_STEP][PASSED] - path = dataFolder + typeOfData + " за отчётный период " + b: null

27-11-2024T10:40:43 - [TEST_STEP][PASSED] - page = getText(findTestObject(path)): Text of object 'Object Repository/Выполнение бизнес-плана/Значения со страницы Выполнение бизнес-плана/Факт Потери за отчётный период Владимирэнерго' is: '255 337'

27-11-2024T10:40:43 - [MESSAGE][PASSED] - Text of object 'Object Repository/Выполнение бизнес-плана/Значения со страницы Выполнение бизнес-плана/Факт Потери за отчётный период Владимирэнерго' is: '255 337'

27-11-2024T10:40:43 - [TEST_STEP][PASSED] - page = page.replaceAll("\s+", ""): null

27-11-2024T10:40:43 - [TEST_STEP][PASSED] - filePoteri = poteri.toInteger(): null

27-11-2024T10:40:43 - [TEST_STEP][PASSED] - pagePoteri = page.toInteger(): null

27-11-2024T10:40:43 - [TEST_STEP][PASSED] - compare = pageOtpuskVSet: null

27-11-2024T10:40:43 - [TEST_STEP][PASSED] - if (compare == fileOtpuskVSet): null

27-11-2024T10:40:43 - [TEST_STEP][PASSED] - if (compare == fileOtpuskVSet): null

27-11-2024T10:40:43 - [TEST_STEP][PASSED] - compare = pagePoteri: null

27-11-2024T10:40:43 - [TEST_STEP][PASSED] - if (compare == filePoteri): null

27-11-2024T10:40:43 - [TEST_STEP][PASSED] - if (compare == filePoteri): null

27-11-2024T10:40:43 - [TEST_STEP][PASSED] - if (planFact == 2): null

27-11-2024T10:40:43 - [TEST_STEP][PASSED] - if (planFact == 1): null

27-11-2024T10:40:43 - [TEST_STEP][PASSED] - else if (planFact == 2): null

27-11-2024T10:40:43 - [TEST_STEP][PASSED] - click(findTestObject("Выполнение бизнес-плана/Кнопка План")): Object: 'Object Repository/Выполнение бизнес-плана/Кнопка План' is clicked on

27-11-2024T10:40:43 - [MESSAGE][PASSED] - Object: 'Object Repository/Выполнение бизнес-плана/Кнопка План' is clicked on

27-11-2024T10:40:43 - [TEST_STEP][PASSED] - typeOfDataMain = "План": null

27-11-2024T10:40:43 - [TEST_STEP][PASSED] - otpusk = findTestData("PlanFact").getValue(2, a): null

27-11-2024T10:40:43 - [TEST_STEP][PASSED] - poteri = findTestData("PlanFact").getValue(3, a): null

27-11-2024T10:40:43 - [TEST_STEP][PASSED] - otpusk = otpusk.replaceAll("\s+", ""): null

27-11-2024T10:40:43 - [TEST_STEP][PASSED] - poteri = poteri.replaceAll("\s+", ""): null

27-11-2024T10:40:43 - [TEST_STEP][PASSED] - typeOfData = typeOfDataMain + " Отпуск в сеть": null

27-11-2024T10:40:43 - [TEST_STEP][PASSED] - if (a == 82): null

27-11-2024T10:40:43 - [TEST_STEP][PASSED] - else if (a == 84): null

27-11-2024T10:40:43 - [TEST_STEP][PASSED] - else if (a == 52 || a == 72 || a == 28 || a == 73 || a == 77 || a == 74 || a == 65 || a == 36 || a == 44 || a == 53 || a == 80 || a == 54 || a == 1 || a == 18 || a == 59 || a == 81): null

27-11-2024T10:40:43 - [TEST_STEP][PASSED] - else: null

27-11-2024T10:40:43 - [TEST_STEP][PASSED] - path = dataFolder + typeOfData + " за отчётный период " + b: null

27-11-2024T10:40:43 - [TEST_STEP][PASSED] - println(path): null

27-11-2024T10:40:43 - [TEST_STEP][PASSED] - page = getText(findTestObject(path)): Text of object 'Object Repository/Выполнение бизнес-плана/Значения со страницы Выполнение бизнес-плана/План Отпуск в сеть за отчётный период Владимирэнерго' is: '4 404 966'

27-11-2024T10:40:44 - [MESSAGE][PASSED] - Text of object 'Object Repository/Выполнение бизнес-плана/Значения со страницы Выполнение бизнес-плана/План Отпуск в сеть за отчётный период Владимирэнерго' is: '4 404 966'

27-11-2024T10:40:44 - [TEST_STEP][PASSED] - page = page.replaceAll("\s+", ""): null

27-11-2024T10:40:44 - [TEST_STEP][PASSED] - fileOtpuskVSet = otpusk.toInteger(): null

27-11-2024T10:40:44 - [TEST_STEP][PASSED] - pageOtpuskVSet = page.toInteger(): null

27-11-2024T10:40:44 - [TEST_STEP][PASSED] - typeOfData = typeOfDataMain + " Потери": null

27-11-2024T10:40:44 - [TEST_STEP][PASSED] - if (a == 82): null

27-11-2024T10:40:44 - [TEST_STEP][PASSED] - else if (a == 84): null

27-11-2024T10:40:44 - [TEST_STEP][PASSED] - else if (a == 52 || a == 72 || a == 28 || a == 73 || a == 77 || a == 74 || a == 65 || a == 36 || a == 44 || a == 53 || a == 80 || a == 54 || a == 1 || a == 18 || a == 59 || a == 81): null

27-11-2024T10:40:44 - [TEST_STEP][PASSED] - else: null

27-11-2024T10:40:44 - [TEST_STEP][PASSED] - path = dataFolder + typeOfData + " за отчётный период " + b: null

27-11-2024T10:40:44 - [TEST_STEP][PASSED] - page = getText(findTestObject(path)): Text of object 'Object Repository/Выполнение бизнес-плана/Значения со страницы Выполнение бизнес-плана/План Потери за отчётный период Владимирэнерго' is: '276 917'

27-11-2024T10:40:44 - [MESSAGE][PASSED] - Text of object 'Object Repository/Выполнение бизнес-плана/Значения со страницы Выполнение бизнес-плана/План Потери за отчётный период Владимирэнерго' is: '276 917'

27-11-2024T10:40:44 - [TEST_STEP][PASSED] - page = page.replaceAll("\s+", ""): null

27-11-2024T10:40:44 - [TEST_STEP][PASSED] - filePoteri = poteri.toInteger(): null

27-11-2024T10:40:44 - [TEST_STEP][PASSED] - pagePoteri = page.toInteger(): null

27-11-2024T10:40:44 - [TEST_STEP][PASSED] - compare = pageOtpuskVSet: null

27-11-2024T10:40:44 - [TEST_STEP][PASSED] - if (compare == fileOtpuskVSet): null

27-11-2024T10:40:44 - [TEST_STEP][PASSED] - if (compare == fileOtpuskVSet): null

27-11-2024T10:40:44 - [TEST_STEP][PASSED] - compare = pagePoteri: null

27-11-2024T10:40:44 - [TEST_STEP][PASSED] - if (compare == filePoteri): null

27-11-2024T10:40:44 - [TEST_STEP][PASSED] - if (compare == filePoteri): null

27-11-2024T10:40:44 - [TEST_STEP][PASSED] - if (planFact == 2): Object: 'Object Repository/Выполнение бизнес-плана/Кнопка Факт' is clicked on

27-11-2024T10:40:44 - [TEST_STEP][PASSED] - click(findTestObject("Выполнение бизнес-плана/Кнопка Факт")): Object: 'Object Repository/Выполнение бизнес-плана/Кнопка Факт' is clicked on

27-11-2024T10:40:44 - [MESSAGE][PASSED] - Object: 'Object Repository/Выполнение бизнес-плана/Кнопка Факт' is clicked on

27-11-2024T10:40:44 - [TEST_STEP][PASSED] - if (a == 84 || a == 82): null

27-11-2024T10:40:44 - [TEST_STEP][PASSED] - else if (a == 52 || a == 72 || a == 28 || a == 73 || a == 77 || a == 74 || a == 65 || a == 36 || a == 44 || a == 53 || a == 80 || a == 54 || a == 1 || a == 18 || a == 59 || a == 81): null

27-11-2024T10:40:44 - [TEST_STEP][PASSED] - else: null

27-11-2024T10:40:44 - [TEST_STEP][PASSED] - page1 = getText(findTestObject("Object Repository/Выполнение бизнес-плана/spanPlan" + filialNum)): Text of object 'Object Repository/Выполнение бизнес-плана/spanPlan1' is: '6.29
|'

27-11-2024T10:40:45 - [MESSAGE][PASSED] - Text of object 'Object Repository/Выполнение бизнес-плана/spanPlan1' is: '6.29
|'

27-11-2024T10:40:45 - [TEST_STEP][PASSED] - page1 = page1.replace("|", ""): null

27-11-2024T10:40:45 - [TEST_STEP][PASSED] - page2 = getText(findTestObject("Object Repository/Выполнение бизнес-плана/spanFact" + filialNum)): Text of object 'Object Repository/Выполнение бизнес-плана/spanFact1' is: '5.57
|'

27-11-2024T10:40:45 - [MESSAGE][PASSED] - Text of object 'Object Repository/Выполнение бизнес-плана/spanFact1' is: '5.57
|'

27-11-2024T10:40:45 - [TEST_STEP][PASSED] - page2 = page2.replace("|", ""): null

27-11-2024T10:40:45 - [TEST_STEP][PASSED] - println("page1: " + page1): null

27-11-2024T10:40:45 - [TEST_STEP][PASSED] - println("page2: " + page2): null

27-11-2024T10:40:45 - [TEST_STEP][PASSED] - file = findTestData("PlanFact").getValue(4, a): null

27-11-2024T10:40:45 - [TEST_STEP][PASSED] - file = file.replace(",", "."): null

27-11-2024T10:40:45 - [TEST_STEP][PASSED] - println("file Plan: " + file): null

27-11-2024T10:40:45 - [TEST_STEP][PASSED] - typeOfData = "План в процентах": null

27-11-2024T10:40:45 - [TEST_STEP][PASSED] - fileDouble = file.toDouble(): null

27-11-2024T10:40:45 - [TEST_STEP][PASSED] - pageDouble = page1.toDouble(): null

27-11-2024T10:40:45 - [TEST_STEP][PASSED] - if (fileDouble != pageDouble): null

27-11-2024T10:40:45 - [TEST_STEP][PASSED] - file = findTestData("PlanFact").getValue(7, a): null

27-11-2024T10:40:45 - [TEST_STEP][PASSED] - file = file.replace(",", "."): null

27-11-2024T10:40:45 - [TEST_STEP][PASSED] - println("file Fact: " + file): null

27-11-2024T10:40:45 - [TEST_STEP][PASSED] - fileDouble = file.toDouble(): null

27-11-2024T10:40:45 - [TEST_STEP][PASSED] - typeOfData = "Факт в процентах": null

27-11-2024T10:40:45 - [TEST_STEP][PASSED] - fileDouble = file.toDouble(): null

27-11-2024T10:40:45 - [TEST_STEP][PASSED] - pageDouble = page2.toDouble(): null

27-11-2024T10:40:45 - [TEST_STEP][PASSED] - if (fileDouble != pageDouble): null

27-11-2024T10:40:45 - [TEST_STEP][PASSED] - if (verifyEqual(numberOfErrors, 0) == false): Actual object '0' and expected object '0' are equal

27-11-2024T10:40:45 - [MESSAGE][PASSED] - Actual object '0' and expected object '0' are equal

27-11-2024T10:40:45 - [TEST_STEP][PASSED] - if (a == 82): null

27-11-2024T10:40:45 - [TEST_STEP][PASSED] - dZO = "Ивэнерго": null

27-11-2024T10:40:45 - [TEST_STEP][PASSED] - a = 20: null

27-11-2024T10:40:45 - [TEST_STEP][PASSED] - if (x2.contains(dZO)): null

27-11-2024T10:40:45 - [TEST_STEP][PASSED] - filialNum = filialNum + 1: null

27-11-2024T10:40:45 - [TEST_STEP][PASSED] - Script1718980020443.Numbers(a, typeOfData, todaysDate, pageInt, fileInt, pageDouble, fileDouble, dZO, dzoNum, filialNum): null

27-11-2024T10:40:45 - [TEST_STEP][PASSED] - println(dzoNum): null

27-11-2024T10:40:45 - [TEST_STEP][PASSED] - planFact = <not implemented yet for class: org.codehaus.groovy.ast.expr.EmptyExpression>: null

27-11-2024T10:40:45 - [TEST_STEP][PASSED] - page = <not implemented yet for class: org.codehaus.groovy.ast.expr.EmptyExpression>: null

27-11-2024T10:40:45 - [TEST_STEP][PASSED] - page1 = <not implemented yet for class: org.codehaus.groovy.ast.expr.EmptyExpression>: null

27-11-2024T10:40:45 - [TEST_STEP][PASSED] - page2 = <not implemented yet for class: org.codehaus.groovy.ast.expr.EmptyExpression>: null

27-11-2024T10:40:45 - [TEST_STEP][PASSED] - filialNumberInRow = <not implemented yet for class: org.codehaus.groovy.ast.expr.EmptyExpression>: null

27-11-2024T10:40:45 - [TEST_STEP][PASSED] - filialsDzoNames = <not implemented yet for class: org.codehaus.groovy.ast.expr.EmptyExpression>: null

27-11-2024T10:40:45 - [TEST_STEP][PASSED] - numberOfFilials = <not implemented yet for class: org.codehaus.groovy.ast.expr.EmptyExpression>: null

27-11-2024T10:40:45 - [TEST_STEP][PASSED] - numberOfSpaces = <not implemented yet for class: org.codehaus.groovy.ast.expr.EmptyExpression>: null

27-11-2024T10:40:45 - [TEST_STEP][PASSED] - file = <not implemented yet for class: org.codehaus.groovy.ast.expr.EmptyExpression>: null

27-11-2024T10:40:45 - [TEST_STEP][PASSED] - otpusk = <not implemented yet for class: org.codehaus.groovy.ast.expr.EmptyExpression>: null

27-11-2024T10:40:45 - [TEST_STEP][PASSED] - poteri = <not implemented yet for class: org.codehaus.groovy.ast.expr.EmptyExpression>: null

27-11-2024T10:40:45 - [TEST_STEP][PASSED] - dataFolder = "Выполнение бизнес-плана/Значения со страницы Выполнение бизнес-плана/": null

27-11-2024T10:40:45 - [TEST_STEP][PASSED] - path = <not implemented yet for class: org.codehaus.groovy.ast.expr.EmptyExpression>: null

27-11-2024T10:40:45 - [TEST_STEP][PASSED] - typeOfDataMain = <not implemented yet for class: org.codehaus.groovy.ast.expr.EmptyExpression>: null

27-11-2024T10:40:45 - [TEST_STEP][PASSED] - fileOtpuskVSet = <not implemented yet for class: org.codehaus.groovy.ast.expr.EmptyExpression>: null

27-11-2024T10:40:45 - [TEST_STEP][PASSED] - pageOtpuskVSet = <not implemented yet for class: org.codehaus.groovy.ast.expr.EmptyExpression>: null

27-11-2024T10:40:45 - [TEST_STEP][PASSED] - filePoteri = <not implemented yet for class: org.codehaus.groovy.ast.expr.EmptyExpression>: null

27-11-2024T10:40:45 - [TEST_STEP][PASSED] - pagePoteri = <not implemented yet for class: org.codehaus.groovy.ast.expr.EmptyExpression>: null

27-11-2024T10:40:45 - [TEST_STEP][PASSED] - compare = <not implemented yet for class: org.codehaus.groovy.ast.expr.EmptyExpression>: null

27-11-2024T10:40:45 - [TEST_STEP][PASSED] - b = <not implemented yet for class: org.codehaus.groovy.ast.expr.EmptyExpression>: null

27-11-2024T10:40:45 - [TEST_STEP][PASSED] - i = <not implemented yet for class: org.codehaus.groovy.ast.expr.EmptyExpression>: null

27-11-2024T10:40:45 - [TEST_STEP][PASSED] - ii = <not implemented yet for class: org.codehaus.groovy.ast.expr.EmptyExpression>: null

27-11-2024T10:40:45 - [TEST_STEP][PASSED] - c = <not implemented yet for class: org.codehaus.groovy.ast.expr.EmptyExpression>: null

27-11-2024T10:40:45 - [TEST_STEP][PASSED] - numberOfErrors = 0: null

27-11-2024T10:40:45 - [TEST_STEP][PASSED] - if (a == 82): null

27-11-2024T10:40:45 - [TEST_STEP][PASSED] - b = findTestData("PlanFact").getValue(1, a): null

27-11-2024T10:40:45 - [TEST_STEP][PASSED] - i = b.indexOf(" (ГК)"): null

27-11-2024T10:40:45 - [TEST_STEP][PASSED] - if (i > -1): null

27-11-2024T10:40:45 - [TEST_STEP][PASSED] - i = b.indexOf("О ""): null

27-11-2024T10:40:45 - [TEST_STEP][PASSED] - if (i > -1): null

27-11-2024T10:40:45 - [TEST_STEP][PASSED] - i = b.indexOf("О «"): null

27-11-2024T10:40:45 - [TEST_STEP][PASSED] - if (i > -1): null

27-11-2024T10:40:45 - [TEST_STEP][PASSED] - i = b.indexOf("г. "): null

27-11-2024T10:40:45 - [TEST_STEP][PASSED] - if (i > -1): null

27-11-2024T10:40:45 - [TEST_STEP][PASSED] - println(b): null

27-11-2024T10:40:45 - [TEST_STEP][PASSED] - for ([planFact = 1, planFact < 3, (planFact++)]): Object: 'Object Repository/Выполнение бизнес-плана/Кнопка Факт' is clicked on

27-11-2024T10:40:45 - [TEST_STEP][PASSED] - if (planFact == 1): null

27-11-2024T10:40:45 - [TEST_STEP][PASSED] - typeOfDataMain = "Факт": null

27-11-2024T10:40:45 - [TEST_STEP][PASSED] - otpusk = findTestData("PlanFact").getValue(5, a): null

27-11-2024T10:40:45 - [TEST_STEP][PASSED] - poteri = findTestData("PlanFact").getValue(6, a): null

27-11-2024T10:40:45 - [TEST_STEP][PASSED] - otpusk = otpusk.replaceAll("\s+", ""): null

27-11-2024T10:40:45 - [TEST_STEP][PASSED] - poteri = poteri.replaceAll("\s+", ""): null

27-11-2024T10:40:45 - [TEST_STEP][PASSED] - typeOfData = typeOfDataMain + " Отпуск в сеть": null

27-11-2024T10:40:45 - [TEST_STEP][PASSED] - if (a == 82): null

27-11-2024T10:40:45 - [TEST_STEP][PASSED] - else if (a == 84): null

27-11-2024T10:40:45 - [TEST_STEP][PASSED] - else if (a == 52 || a == 72 || a == 28 || a == 73 || a == 77 || a == 74 || a == 65 || a == 36 || a == 44 || a == 53 || a == 80 || a == 54 || a == 1 || a == 18 || a == 59 || a == 81): null

27-11-2024T10:40:45 - [TEST_STEP][PASSED] - else: null

27-11-2024T10:40:45 - [TEST_STEP][PASSED] - path = dataFolder + typeOfData + " за отчётный период " + b: null

27-11-2024T10:40:45 - [TEST_STEP][PASSED] - println(path): null

27-11-2024T10:40:45 - [TEST_STEP][PASSED] - page = getText(findTestObject(path)): Text of object 'Object Repository/Выполнение бизнес-плана/Значения со страницы Выполнение бизнес-плана/Факт Отпуск в сеть за отчётный период Ивэнерго' is: '2 277 416'

27-11-2024T10:40:46 - [MESSAGE][PASSED] - Text of object 'Object Repository/Выполнение бизнес-плана/Значения со страницы Выполнение бизнес-плана/Факт Отпуск в сеть за отчётный период Ивэнерго' is: '2 277 416'

27-11-2024T10:40:46 - [TEST_STEP][PASSED] - page = page.replaceAll("\s+", ""): null

27-11-2024T10:40:46 - [TEST_STEP][PASSED] - fileOtpuskVSet = otpusk.toInteger(): null

27-11-2024T10:40:46 - [TEST_STEP][PASSED] - pageOtpuskVSet = page.toInteger(): null

27-11-2024T10:40:46 - [TEST_STEP][PASSED] - typeOfData = typeOfDataMain + " Потери": null

27-11-2024T10:40:46 - [TEST_STEP][PASSED] - if (a == 82): null

27-11-2024T10:40:46 - [TEST_STEP][PASSED] - else if (a == 84): null

27-11-2024T10:40:46 - [TEST_STEP][PASSED] - else if (a == 52 || a == 72 || a == 28 || a == 73 || a == 77 || a == 74 || a == 65 || a == 36 || a == 44 || a == 53 || a == 80 || a == 54 || a == 1 || a == 18 || a == 59 || a == 81): null

27-11-2024T10:40:46 - [TEST_STEP][PASSED] - else: null

27-11-2024T10:40:46 - [TEST_STEP][PASSED] - path = dataFolder + typeOfData + " за отчётный период " + b: null

27-11-2024T10:40:46 - [TEST_STEP][PASSED] - page = getText(findTestObject(path)): Text of object 'Object Repository/Выполнение бизнес-плана/Значения со страницы Выполнение бизнес-плана/Факт Потери за отчётный период Ивэнерго' is: '191 557'

27-11-2024T10:40:46 - [MESSAGE][PASSED] - Text of object 'Object Repository/Выполнение бизнес-плана/Значения со страницы Выполнение бизнес-плана/Факт Потери за отчётный период Ивэнерго' is: '191 557'

27-11-2024T10:40:46 - [TEST_STEP][PASSED] - page = page.replaceAll("\s+", ""): null

27-11-2024T10:40:46 - [TEST_STEP][PASSED] - filePoteri = poteri.toInteger(): null

27-11-2024T10:40:46 - [TEST_STEP][PASSED] - pagePoteri = page.toInteger(): null

27-11-2024T10:40:46 - [TEST_STEP][PASSED] - compare = pageOtpuskVSet: null

27-11-2024T10:40:46 - [TEST_STEP][PASSED] - if (compare == fileOtpuskVSet): null

27-11-2024T10:40:46 - [TEST_STEP][PASSED] - if (compare == fileOtpuskVSet): null

27-11-2024T10:40:46 - [TEST_STEP][PASSED] - compare = pagePoteri: null

27-11-2024T10:40:46 - [TEST_STEP][PASSED] - if (compare == filePoteri): null

27-11-2024T10:40:46 - [TEST_STEP][PASSED] - if (compare == filePoteri): null

27-11-2024T10:40:46 - [TEST_STEP][PASSED] - if (planFact == 2): null

27-11-2024T10:40:46 - [TEST_STEP][PASSED] - if (planFact == 1): null

27-11-2024T10:40:46 - [TEST_STEP][PASSED] - else if (planFact == 2): null

27-11-2024T10:40:46 - [TEST_STEP][PASSED] - click(findTestObject("Выполнение бизнес-плана/Кнопка План")): Object: 'Object Repository/Выполнение бизнес-плана/Кнопка План' is clicked on

27-11-2024T10:40:46 - [MESSAGE][PASSED] - Object: 'Object Repository/Выполнение бизнес-плана/Кнопка План' is clicked on

27-11-2024T10:40:46 - [TEST_STEP][PASSED] - typeOfDataMain = "План": null

27-11-2024T10:40:46 - [TEST_STEP][PASSED] - otpusk = findTestData("PlanFact").getValue(2, a): null

27-11-2024T10:40:46 - [TEST_STEP][PASSED] - poteri = findTestData("PlanFact").getValue(3, a): null

27-11-2024T10:40:46 - [TEST_STEP][PASSED] - otpusk = otpusk.replaceAll("\s+", ""): null

27-11-2024T10:40:46 - [TEST_STEP][PASSED] - poteri = poteri.replaceAll("\s+", ""): null

27-11-2024T10:40:46 - [TEST_STEP][PASSED] - typeOfData = typeOfDataMain + " Отпуск в сеть": null

27-11-2024T10:40:46 - [TEST_STEP][PASSED] - if (a == 82): null

27-11-2024T10:40:46 - [TEST_STEP][PASSED] - else if (a == 84): null

27-11-2024T10:40:46 - [TEST_STEP][PASSED] - else if (a == 52 || a == 72 || a == 28 || a == 73 || a == 77 || a == 74 || a == 65 || a == 36 || a == 44 || a == 53 || a == 80 || a == 54 || a == 1 || a == 18 || a == 59 || a == 81): null

27-11-2024T10:40:46 - [TEST_STEP][PASSED] - else: null

27-11-2024T10:40:46 - [TEST_STEP][PASSED] - path = dataFolder + typeOfData + " за отчётный период " + b: null

27-11-2024T10:40:46 - [TEST_STEP][PASSED] - println(path): null

27-11-2024T10:40:46 - [TEST_STEP][PASSED] - page = getText(findTestObject(path)): Text of object 'Object Repository/Выполнение бизнес-плана/Значения со страницы Выполнение бизнес-плана/План Отпуск в сеть за отчётный период Ивэнерго' is: '2 196 097'

27-11-2024T10:40:47 - [MESSAGE][PASSED] - Text of object 'Object Repository/Выполнение бизнес-плана/Значения со страницы Выполнение бизнес-плана/План Отпуск в сеть за отчётный период Ивэнерго' is: '2 196 097'

27-11-2024T10:40:47 - [TEST_STEP][PASSED] - page = page.replaceAll("\s+", ""): null

27-11-2024T10:40:47 - [TEST_STEP][PASSED] - fileOtpuskVSet = otpusk.toInteger(): null

27-11-2024T10:40:47 - [TEST_STEP][PASSED] - pageOtpuskVSet = page.toInteger(): null

27-11-2024T10:40:47 - [TEST_STEP][PASSED] - typeOfData = typeOfDataMain + " Потери": null

27-11-2024T10:40:47 - [TEST_STEP][PASSED] - if (a == 82): null

27-11-2024T10:40:47 - [TEST_STEP][PASSED] - else if (a == 84): null

27-11-2024T10:40:47 - [TEST_STEP][PASSED] - else if (a == 52 || a == 72 || a == 28 || a == 73 || a == 77 || a == 74 || a == 65 || a == 36 || a == 44 || a == 53 || a == 80 || a == 54 || a == 1 || a == 18 || a == 59 || a == 81): null

27-11-2024T10:40:47 - [TEST_STEP][PASSED] - else: null

27-11-2024T10:40:47 - [TEST_STEP][PASSED] - path = dataFolder + typeOfData + " за отчётный период " + b: null

27-11-2024T10:40:47 - [TEST_STEP][PASSED] - page = getText(findTestObject(path)): Text of object 'Object Repository/Выполнение бизнес-плана/Значения со страницы Выполнение бизнес-плана/План Потери за отчётный период Ивэнерго' is: '178 853'

27-11-2024T10:40:47 - [MESSAGE][PASSED] - Text of object 'Object Repository/Выполнение бизнес-плана/Значения со страницы Выполнение бизнес-плана/План Потери за отчётный период Ивэнерго' is: '178 853'

27-11-2024T10:40:47 - [TEST_STEP][PASSED] - page = page.replaceAll("\s+", ""): null

27-11-2024T10:40:47 - [TEST_STEP][PASSED] - filePoteri = poteri.toInteger(): null

27-11-2024T10:40:47 - [TEST_STEP][PASSED] - pagePoteri = page.toInteger(): null

27-11-2024T10:40:47 - [TEST_STEP][PASSED] - compare = pageOtpuskVSet: null

27-11-2024T10:40:47 - [TEST_STEP][PASSED] - if (compare == fileOtpuskVSet): null

27-11-2024T10:40:47 - [TEST_STEP][PASSED] - if (compare == fileOtpuskVSet): null

27-11-2024T10:40:47 - [TEST_STEP][PASSED] - compare = pagePoteri: null

27-11-2024T10:40:47 - [TEST_STEP][PASSED] - if (compare == filePoteri): null

27-11-2024T10:40:47 - [TEST_STEP][PASSED] - if (compare == filePoteri): null

27-11-2024T10:40:47 - [TEST_STEP][PASSED] - if (planFact == 2): Object: 'Object Repository/Выполнение бизнес-плана/Кнопка Факт' is clicked on

27-11-2024T10:40:47 - [TEST_STEP][PASSED] - click(findTestObject("Выполнение бизнес-плана/Кнопка Факт")): Object: 'Object Repository/Выполнение бизнес-плана/Кнопка Факт' is clicked on

27-11-2024T10:40:47 - [MESSAGE][PASSED] - Object: 'Object Repository/Выполнение бизнес-плана/Кнопка Факт' is clicked on

27-11-2024T10:40:47 - [TEST_STEP][PASSED] - if (a == 84 || a == 82): null

27-11-2024T10:40:47 - [TEST_STEP][PASSED] - else if (a == 52 || a == 72 || a == 28 || a == 73 || a == 77 || a == 74 || a == 65 || a == 36 || a == 44 || a == 53 || a == 80 || a == 54 || a == 1 || a == 18 || a == 59 || a == 81): null

27-11-2024T10:40:47 - [TEST_STEP][PASSED] - else: null

27-11-2024T10:40:47 - [TEST_STEP][PASSED] - page1 = getText(findTestObject("Object Repository/Выполнение бизнес-плана/spanPlan" + filialNum)): Text of object 'Object Repository/Выполнение бизнес-плана/spanPlan2' is: '8.14
|'

27-11-2024T10:40:48 - [MESSAGE][PASSED] - Text of object 'Object Repository/Выполнение бизнес-плана/spanPlan2' is: '8.14
|'

27-11-2024T10:40:48 - [TEST_STEP][PASSED] - page1 = page1.replace("|", ""): null

27-11-2024T10:40:48 - [TEST_STEP][PASSED] - page2 = getText(findTestObject("Object Repository/Выполнение бизнес-плана/spanFact" + filialNum)): Text of object 'Object Repository/Выполнение бизнес-плана/spanFact2' is: '8.41
|'

27-11-2024T10:40:48 - [MESSAGE][PASSED] - Text of object 'Object Repository/Выполнение бизнес-плана/spanFact2' is: '8.41
|'

27-11-2024T10:40:48 - [TEST_STEP][PASSED] - page2 = page2.replace("|", ""): null

27-11-2024T10:40:48 - [TEST_STEP][PASSED] - println("page1: " + page1): null

27-11-2024T10:40:48 - [TEST_STEP][PASSED] - println("page2: " + page2): null

27-11-2024T10:40:48 - [TEST_STEP][PASSED] - file = findTestData("PlanFact").getValue(4, a): null

27-11-2024T10:40:48 - [TEST_STEP][PASSED] - file = file.replace(",", "."): null

27-11-2024T10:40:48 - [TEST_STEP][PASSED] - println("file Plan: " + file): null

27-11-2024T10:40:48 - [TEST_STEP][PASSED] - typeOfData = "План в процентах": null

27-11-2024T10:40:48 - [TEST_STEP][PASSED] - fileDouble = file.toDouble(): null

27-11-2024T10:40:48 - [TEST_STEP][PASSED] - pageDouble = page1.toDouble(): null

27-11-2024T10:40:48 - [TEST_STEP][PASSED] - if (fileDouble != pageDouble): null

27-11-2024T10:40:48 - [TEST_STEP][PASSED] - file = findTestData("PlanFact").getValue(7, a): null

27-11-2024T10:40:48 - [TEST_STEP][PASSED] - file = file.replace(",", "."): null

27-11-2024T10:40:48 - [TEST_STEP][PASSED] - println("file Fact: " + file): null

27-11-2024T10:40:48 - [TEST_STEP][PASSED] - fileDouble = file.toDouble(): null

27-11-2024T10:40:48 - [TEST_STEP][PASSED] - typeOfData = "Факт в процентах": null

27-11-2024T10:40:48 - [TEST_STEP][PASSED] - fileDouble = file.toDouble(): null

27-11-2024T10:40:48 - [TEST_STEP][PASSED] - pageDouble = page2.toDouble(): null

27-11-2024T10:40:48 - [TEST_STEP][PASSED] - if (fileDouble != pageDouble): null

27-11-2024T10:40:48 - [TEST_STEP][PASSED] - if (verifyEqual(numberOfErrors, 0) == false): Actual object '0' and expected object '0' are equal

27-11-2024T10:40:48 - [MESSAGE][PASSED] - Actual object '0' and expected object '0' are equal

27-11-2024T10:40:48 - [TEST_STEP][PASSED] - if (a == 82): null

27-11-2024T10:40:48 - [TEST_STEP][PASSED] - dZO = "Калугаэнерго": null

27-11-2024T10:40:48 - [TEST_STEP][PASSED] - a = 21: null

27-11-2024T10:40:48 - [TEST_STEP][PASSED] - if (x2.contains(dZO)): null

27-11-2024T10:40:48 - [TEST_STEP][PASSED] - filialNum = filialNum + 1: null

27-11-2024T10:40:48 - [TEST_STEP][PASSED] - Script1718980020443.Numbers(a, typeOfData, todaysDate, pageInt, fileInt, pageDouble, fileDouble, dZO, dzoNum, filialNum): null

27-11-2024T10:40:48 - [TEST_STEP][PASSED] - println(dzoNum): null

27-11-2024T10:40:48 - [TEST_STEP][PASSED] - planFact = <not implemented yet for class: org.codehaus.groovy.ast.expr.EmptyExpression>: null

27-11-2024T10:40:48 - [TEST_STEP][PASSED] - page = <not implemented yet for class: org.codehaus.groovy.ast.expr.EmptyExpression>: null

27-11-2024T10:40:48 - [TEST_STEP][PASSED] - page1 = <not implemented yet for class: org.codehaus.groovy.ast.expr.EmptyExpression>: null

27-11-2024T10:40:48 - [TEST_STEP][PASSED] - page2 = <not implemented yet for class: org.codehaus.groovy.ast.expr.EmptyExpression>: null

27-11-2024T10:40:48 - [TEST_STEP][PASSED] - filialNumberInRow = <not implemented yet for class: org.codehaus.groovy.ast.expr.EmptyExpression>: null

27-11-2024T10:40:48 - [TEST_STEP][PASSED] - filialsDzoNames = <not implemented yet for class: org.codehaus.groovy.ast.expr.EmptyExpression>: null

27-11-2024T10:40:48 - [TEST_STEP][PASSED] - numberOfFilials = <not implemented yet for class: org.codehaus.groovy.ast.expr.EmptyExpression>: null

27-11-2024T10:40:48 - [TEST_STEP][PASSED] - numberOfSpaces = <not implemented yet for class: org.codehaus.groovy.ast.expr.EmptyExpression>: null

27-11-2024T10:40:48 - [TEST_STEP][PASSED] - file = <not implemented yet for class: org.codehaus.groovy.ast.expr.EmptyExpression>: null

27-11-2024T10:40:48 - [TEST_STEP][PASSED] - otpusk = <not implemented yet for class: org.codehaus.groovy.ast.expr.EmptyExpression>: null

27-11-2024T10:40:48 - [TEST_STEP][PASSED] - poteri = <not implemented yet for class: org.codehaus.groovy.ast.expr.EmptyExpression>: null

27-11-2024T10:40:48 - [TEST_STEP][PASSED] - dataFolder = "Выполнение бизнес-плана/Значения со страницы Выполнение бизнес-плана/": null

27-11-2024T10:40:48 - [TEST_STEP][PASSED] - path = <not implemented yet for class: org.codehaus.groovy.ast.expr.EmptyExpression>: null

27-11-2024T10:40:48 - [TEST_STEP][PASSED] - typeOfDataMain = <not implemented yet for class: org.codehaus.groovy.ast.expr.EmptyExpression>: null

27-11-2024T10:40:48 - [TEST_STEP][PASSED] - fileOtpuskVSet = <not implemented yet for class: org.codehaus.groovy.ast.expr.EmptyExpression>: null

27-11-2024T10:40:48 - [TEST_STEP][PASSED] - pageOtpuskVSet = <not implemented yet for class: org.codehaus.groovy.ast.expr.EmptyExpression>: null

27-11-2024T10:40:48 - [TEST_STEP][PASSED] - filePoteri = <not implemented yet for class: org.codehaus.groovy.ast.expr.EmptyExpression>: null

27-11-2024T10:40:48 - [TEST_STEP][PASSED] - pagePoteri = <not implemented yet for class: org.codehaus.groovy.ast.expr.EmptyExpression>: null

27-11-2024T10:40:48 - [TEST_STEP][PASSED] - compare = <not implemented yet for class: org.codehaus.groovy.ast.expr.EmptyExpression>: null

27-11-2024T10:40:48 - [TEST_STEP][PASSED] - b = <not implemented yet for class: org.codehaus.groovy.ast.expr.EmptyExpression>: null

27-11-2024T10:40:48 - [TEST_STEP][PASSED] - i = <not implemented yet for class: org.codehaus.groovy.ast.expr.EmptyExpression>: null

27-11-2024T10:40:48 - [TEST_STEP][PASSED] - ii = <not implemented yet for class: org.codehaus.groovy.ast.expr.EmptyExpression>: null

27-11-2024T10:40:48 - [TEST_STEP][PASSED] - c = <not implemented yet for class: org.codehaus.groovy.ast.expr.EmptyExpression>: null

27-11-2024T10:40:48 - [TEST_STEP][PASSED] - numberOfErrors = 0: null

27-11-2024T10:40:48 - [TEST_STEP][PASSED] - if (a == 82): null

27-11-2024T10:40:48 - [TEST_STEP][PASSED] - b = findTestData("PlanFact").getValue(1, a): null

27-11-2024T10:40:48 - [TEST_STEP][PASSED] - i = b.indexOf(" (ГК)"): null

27-11-2024T10:40:48 - [TEST_STEP][PASSED] - if (i > -1): null

27-11-2024T10:40:48 - [TEST_STEP][PASSED] - i = b.indexOf("О ""): null

27-11-2024T10:40:48 - [TEST_STEP][PASSED] - if (i > -1): null

27-11-2024T10:40:48 - [TEST_STEP][PASSED] - i = b.indexOf("О «"): null

27-11-2024T10:40:48 - [TEST_STEP][PASSED] - if (i > -1): null

27-11-2024T10:40:48 - [TEST_STEP][PASSED] - i = b.indexOf("г. "): null

27-11-2024T10:40:48 - [TEST_STEP][PASSED] - if (i > -1): null

27-11-2024T10:40:48 - [TEST_STEP][PASSED] - println(b): null

27-11-2024T10:40:48 - [TEST_STEP][PASSED] - for ([planFact = 1, planFact < 3, (planFact++)]): Object: 'Object Repository/Выполнение бизнес-плана/Кнопка Факт' is clicked on

27-11-2024T10:40:48 - [TEST_STEP][PASSED] - if (planFact == 1): null

27-11-2024T10:40:48 - [TEST_STEP][PASSED] - typeOfDataMain = "Факт": null

27-11-2024T10:40:48 - [TEST_STEP][PASSED] - otpusk = findTestData("PlanFact").getValue(5, a): null

27-11-2024T10:40:48 - [TEST_STEP][PASSED] - poteri = findTestData("PlanFact").getValue(6, a): null

27-11-2024T10:40:48 - [TEST_STEP][PASSED] - otpusk = otpusk.replaceAll("\s+", ""): null

27-11-2024T10:40:48 - [TEST_STEP][PASSED] - poteri = poteri.replaceAll("\s+", ""): null

27-11-2024T10:40:48 - [TEST_STEP][PASSED] - typeOfData = typeOfDataMain + " Отпуск в сеть": null

27-11-2024T10:40:48 - [TEST_STEP][PASSED] - if (a == 82): null

27-11-2024T10:40:48 - [TEST_STEP][PASSED] - else if (a == 84): null

27-11-2024T10:40:48 - [TEST_STEP][PASSED] - else if (a == 52 || a == 72 || a == 28 || a == 73 || a == 77 || a == 74 || a == 65 || a == 36 || a == 44 || a == 53 || a == 80 || a == 54 || a == 1 || a == 18 || a == 59 || a == 81): null

27-11-2024T10:40:48 - [TEST_STEP][PASSED] - else: null

27-11-2024T10:40:48 - [TEST_STEP][PASSED] - path = dataFolder + typeOfData + " за отчётный период " + b: null

27-11-2024T10:40:48 - [TEST_STEP][PASSED] - println(path): null

27-11-2024T10:40:48 - [TEST_STEP][PASSED] - page = getText(findTestObject(path)): Text of object 'Object Repository/Выполнение бизнес-плана/Значения со страницы Выполнение бизнес-плана/Факт Отпуск в сеть за отчётный период Калугаэнерго' is: '4 177 670'

27-11-2024T10:40:48 - [MESSAGE][PASSED] - Text of object 'Object Repository/Выполнение бизнес-плана/Значения со страницы Выполнение бизнес-плана/Факт Отпуск в сеть за отчётный период Калугаэнерго' is: '4 177 670'

27-11-2024T10:40:48 - [TEST_STEP][PASSED] - page = page.replaceAll("\s+", ""): null

27-11-2024T10:40:48 - [TEST_STEP][PASSED] - fileOtpuskVSet = otpusk.toInteger(): null

27-11-2024T10:40:48 - [TEST_STEP][PASSED] - pageOtpuskVSet = page.toInteger(): null

27-11-2024T10:40:48 - [TEST_STEP][PASSED] - typeOfData = typeOfDataMain + " Потери": null

27-11-2024T10:40:48 - [TEST_STEP][PASSED] - if (a == 82): null

27-11-2024T10:40:48 - [TEST_STEP][PASSED] - else if (a == 84): null

27-11-2024T10:40:48 - [TEST_STEP][PASSED] - else if (a == 52 || a == 72 || a == 28 || a == 73 || a == 77 || a == 74 || a == 65 || a == 36 || a == 44 || a == 53 || a == 80 || a == 54 || a == 1 || a == 18 || a == 59 || a == 81): null

27-11-2024T10:40:48 - [TEST_STEP][PASSED] - else: null

27-11-2024T10:40:48 - [TEST_STEP][PASSED] - path = dataFolder + typeOfData + " за отчётный период " + b: null

27-11-2024T10:40:48 - [TEST_STEP][PASSED] - page = getText(findTestObject(path)): Text of object 'Object Repository/Выполнение бизнес-плана/Значения со страницы Выполнение бизнес-плана/Факт Потери за отчётный период Калугаэнерго' is: '334 842'

27-11-2024T10:40:49 - [MESSAGE][PASSED] - Text of object 'Object Repository/Выполнение бизнес-плана/Значения со страницы Выполнение бизнес-плана/Факт Потери за отчётный период Калугаэнерго' is: '334 842'

27-11-2024T10:40:49 - [TEST_STEP][PASSED] - page = page.replaceAll("\s+", ""): null

27-11-2024T10:40:49 - [TEST_STEP][PASSED] - filePoteri = poteri.toInteger(): null

27-11-2024T10:40:49 - [TEST_STEP][PASSED] - pagePoteri = page.toInteger(): null

27-11-2024T10:40:49 - [TEST_STEP][PASSED] - compare = pageOtpuskVSet: null

27-11-2024T10:40:49 - [TEST_STEP][PASSED] - if (compare == fileOtpuskVSet): null

27-11-2024T10:40:49 - [TEST_STEP][PASSED] - if (compare == fileOtpuskVSet): null

27-11-2024T10:40:49 - [TEST_STEP][PASSED] - compare = pagePoteri: null

27-11-2024T10:40:49 - [TEST_STEP][PASSED] - if (compare == filePoteri): null

27-11-2024T10:40:49 - [TEST_STEP][PASSED] - if (compare == filePoteri): null

27-11-2024T10:40:49 - [TEST_STEP][PASSED] - if (planFact == 2): null

27-11-2024T10:40:49 - [TEST_STEP][PASSED] - if (planFact == 1): null

27-11-2024T10:40:49 - [TEST_STEP][PASSED] - else if (planFact == 2): null

27-11-2024T10:40:49 - [TEST_STEP][PASSED] - click(findTestObject("Выполнение бизнес-плана/Кнопка План")): Object: 'Object Repository/Выполнение бизнес-плана/Кнопка План' is clicked on

27-11-2024T10:40:49 - [MESSAGE][PASSED] - Object: 'Object Repository/Выполнение бизнес-плана/Кнопка План' is clicked on

27-11-2024T10:40:49 - [TEST_STEP][PASSED] - typeOfDataMain = "План": null

27-11-2024T10:40:49 - [TEST_STEP][PASSED] - otpusk = findTestData("PlanFact").getValue(2, a): null

27-11-2024T10:40:49 - [TEST_STEP][PASSED] - poteri = findTestData("PlanFact").getValue(3, a): null

27-11-2024T10:40:49 - [TEST_STEP][PASSED] - otpusk = otpusk.replaceAll("\s+", ""): null

27-11-2024T10:40:49 - [TEST_STEP][PASSED] - poteri = poteri.replaceAll("\s+", ""): null

27-11-2024T10:40:49 - [TEST_STEP][PASSED] - typeOfData = typeOfDataMain + " Отпуск в сеть": null

27-11-2024T10:40:49 - [TEST_STEP][PASSED] - if (a == 82): null

27-11-2024T10:40:49 - [TEST_STEP][PASSED] - else if (a == 84): null

27-11-2024T10:40:49 - [TEST_STEP][PASSED] - else if (a == 52 || a == 72 || a == 28 || a == 73 || a == 77 || a == 74 || a == 65 || a == 36 || a == 44 || a == 53 || a == 80 || a == 54 || a == 1 || a == 18 || a == 59 || a == 81): null

27-11-2024T10:40:49 - [TEST_STEP][PASSED] - else: null

27-11-2024T10:40:49 - [TEST_STEP][PASSED] - path = dataFolder + typeOfData + " за отчётный период " + b: null

27-11-2024T10:40:49 - [TEST_STEP][PASSED] - println(path): null

27-11-2024T10:40:49 - [TEST_STEP][PASSED] - page = getText(findTestObject(path)): Text of object 'Object Repository/Выполнение бизнес-плана/Значения со страницы Выполнение бизнес-плана/План Отпуск в сеть за отчётный период Калугаэнерго' is: '3 975 291'

27-11-2024T10:40:50 - [MESSAGE][PASSED] - Text of object 'Object Repository/Выполнение бизнес-плана/Значения со страницы Выполнение бизнес-плана/План Отпуск в сеть за отчётный период Калугаэнерго' is: '3 975 291'

27-11-2024T10:40:50 - [TEST_STEP][PASSED] - page = page.replaceAll("\s+", ""): null

27-11-2024T10:40:50 - [TEST_STEP][PASSED] - fileOtpuskVSet = otpusk.toInteger(): null

27-11-2024T10:40:50 - [TEST_STEP][PASSED] - pageOtpuskVSet = page.toInteger(): null

27-11-2024T10:40:50 - [TEST_STEP][PASSED] - typeOfData = typeOfDataMain + " Потери": null

27-11-2024T10:40:50 - [TEST_STEP][PASSED] - if (a == 82): null

27-11-2024T10:40:50 - [TEST_STEP][PASSED] - else if (a == 84): null

27-11-2024T10:40:50 - [TEST_STEP][PASSED] - else if (a == 52 || a == 72 || a == 28 || a == 73 || a == 77 || a == 74 || a == 65 || a == 36 || a == 44 || a == 53 || a == 80 || a == 54 || a == 1 || a == 18 || a == 59 || a == 81): null

27-11-2024T10:40:50 - [TEST_STEP][PASSED] - else: null

27-11-2024T10:40:50 - [TEST_STEP][PASSED] - path = dataFolder + typeOfData + " за отчётный период " + b: null

27-11-2024T10:40:50 - [TEST_STEP][PASSED] - page = getText(findTestObject(path)): Text of object 'Object Repository/Выполнение бизнес-плана/Значения со страницы Выполнение бизнес-плана/План Потери за отчётный период Калугаэнерго' is: '330 104'

27-11-2024T10:40:50 - [MESSAGE][PASSED] - Text of object 'Object Repository/Выполнение бизнес-плана/Значения со страницы Выполнение бизнес-плана/План Потери за отчётный период Калугаэнерго' is: '330 104'

27-11-2024T10:40:50 - [TEST_STEP][PASSED] - page = page.replaceAll("\s+", ""): null

27-11-2024T10:40:50 - [TEST_STEP][PASSED] - filePoteri = poteri.toInteger(): null

27-11-2024T10:40:50 - [TEST_STEP][PASSED] - pagePoteri = page.toInteger(): null

27-11-2024T10:40:50 - [TEST_STEP][PASSED] - compare = pageOtpuskVSet: null

27-11-2024T10:40:50 - [TEST_STEP][PASSED] - if (compare == fileOtpuskVSet): null

27-11-2024T10:40:50 - [TEST_STEP][PASSED] - if (compare == fileOtpuskVSet): null

27-11-2024T10:40:50 - [TEST_STEP][PASSED] - compare = pagePoteri: null

27-11-2024T10:40:50 - [TEST_STEP][PASSED] - if (compare == filePoteri): null

27-11-2024T10:40:50 - [TEST_STEP][PASSED] - if (compare == filePoteri): null

27-11-2024T10:40:50 - [TEST_STEP][PASSED] - if (planFact == 2): Object: 'Object Repository/Выполнение бизнес-плана/Кнопка Факт' is clicked on

27-11-2024T10:40:50 - [TEST_STEP][PASSED] - click(findTestObject("Выполнение бизнес-плана/Кнопка Факт")): Object: 'Object Repository/Выполнение бизнес-плана/Кнопка Факт' is clicked on

27-11-2024T10:40:50 - [MESSAGE][PASSED] - Object: 'Object Repository/Выполнение бизнес-плана/Кнопка Факт' is clicked on

27-11-2024T10:40:50 - [TEST_STEP][PASSED] - if (a == 84 || a == 82): null

27-11-2024T10:40:50 - [TEST_STEP][PASSED] - else if (a == 52 || a == 72 || a == 28 || a == 73 || a == 77 || a == 74 || a == 65 || a == 36 || a == 44 || a == 53 || a == 80 || a == 54 || a == 1 || a == 18 || a == 59 || a == 81): null

27-11-2024T10:40:50 - [TEST_STEP][PASSED] - else: null

27-11-2024T10:40:50 - [TEST_STEP][PASSED] - page1 = getText(findTestObject("Object Repository/Выполнение бизнес-плана/spanPlan" + filialNum)): Text of object 'Object Repository/Выполнение бизнес-плана/spanPlan3' is: '8.30
|'

27-11-2024T10:40:51 - [MESSAGE][PASSED] - Text of object 'Object Repository/Выполнение бизнес-плана/spanPlan3' is: '8.30
|'

27-11-2024T10:40:51 - [TEST_STEP][PASSED] - page1 = page1.replace("|", ""): null

27-11-2024T10:40:51 - [TEST_STEP][PASSED] - page2 = getText(findTestObject("Object Repository/Выполнение бизнес-плана/spanFact" + filialNum)): Text of object 'Object Repository/Выполнение бизнес-плана/spanFact3' is: '8.02
|'

27-11-2024T10:40:51 - [MESSAGE][PASSED] - Text of object 'Object Repository/Выполнение бизнес-плана/spanFact3' is: '8.02
|'

27-11-2024T10:40:51 - [TEST_STEP][PASSED] - page2 = page2.replace("|", ""): null

27-11-2024T10:40:51 - [TEST_STEP][PASSED] - println("page1: " + page1): null

27-11-2024T10:40:51 - [TEST_STEP][PASSED] - println("page2: " + page2): null

27-11-2024T10:40:51 - [TEST_STEP][PASSED] - file = findTestData("PlanFact").getValue(4, a): null

27-11-2024T10:40:51 - [TEST_STEP][PASSED] - file = file.replace(",", "."): null

27-11-2024T10:40:51 - [TEST_STEP][PASSED] - println("file Plan: " + file): null

27-11-2024T10:40:51 - [TEST_STEP][PASSED] - typeOfData = "План в процентах": null

27-11-2024T10:40:51 - [TEST_STEP][PASSED] - fileDouble = file.toDouble(): null

27-11-2024T10:40:51 - [TEST_STEP][PASSED] - pageDouble = page1.toDouble(): null

27-11-2024T10:40:51 - [TEST_STEP][PASSED] - if (fileDouble != pageDouble): null

27-11-2024T10:40:51 - [TEST_STEP][PASSED] - file = findTestData("PlanFact").getValue(7, a): null

27-11-2024T10:40:51 - [TEST_STEP][PASSED] - file = file.replace(",", "."): null

27-11-2024T10:40:51 - [TEST_STEP][PASSED] - println("file Fact: " + file): null

27-11-2024T10:40:51 - [TEST_STEP][PASSED] - fileDouble = file.toDouble(): null

27-11-2024T10:40:51 - [TEST_STEP][PASSED] - typeOfData = "Факт в процентах": null

27-11-2024T10:40:51 - [TEST_STEP][PASSED] - fileDouble = file.toDouble(): null

27-11-2024T10:40:51 - [TEST_STEP][PASSED] - pageDouble = page2.toDouble(): null

27-11-2024T10:40:51 - [TEST_STEP][PASSED] - if (fileDouble != pageDouble): null

27-11-2024T10:40:51 - [TEST_STEP][PASSED] - if (verifyEqual(numberOfErrors, 0) == false): Actual object '0' and expected object '0' are equal

27-11-2024T10:40:51 - [MESSAGE][PASSED] - Actual object '0' and expected object '0' are equal

27-11-2024T10:40:51 - [TEST_STEP][PASSED] - if (a == 82): null

27-11-2024T10:40:51 - [TEST_STEP][PASSED] - dZO = "Кировэнерго": null

27-11-2024T10:40:51 - [TEST_STEP][PASSED] - a = 22: null

27-11-2024T10:40:51 - [TEST_STEP][PASSED] - if (x2.contains(dZO)): null

27-11-2024T10:40:51 - [TEST_STEP][PASSED] - filialNum = filialNum + 1: null

27-11-2024T10:40:51 - [TEST_STEP][PASSED] - Script1718980020443.Numbers(a, typeOfData, todaysDate, pageInt, fileInt, pageDouble, fileDouble, dZO, dzoNum, filialNum): null

27-11-2024T10:40:51 - [TEST_STEP][PASSED] - println(dzoNum): null

27-11-2024T10:40:51 - [TEST_STEP][PASSED] - planFact = <not implemented yet for class: org.codehaus.groovy.ast.expr.EmptyExpression>: null

27-11-2024T10:40:51 - [TEST_STEP][PASSED] - page = <not implemented yet for class: org.codehaus.groovy.ast.expr.EmptyExpression>: null

27-11-2024T10:40:51 - [TEST_STEP][PASSED] - page1 = <not implemented yet for class: org.codehaus.groovy.ast.expr.EmptyExpression>: null

27-11-2024T10:40:51 - [TEST_STEP][PASSED] - page2 = <not implemented yet for class: org.codehaus.groovy.ast.expr.EmptyExpression>: null

27-11-2024T10:40:51 - [TEST_STEP][PASSED] - filialNumberInRow = <not implemented yet for class: org.codehaus.groovy.ast.expr.EmptyExpression>: null

27-11-2024T10:40:51 - [TEST_STEP][PASSED] - filialsDzoNames = <not implemented yet for class: org.codehaus.groovy.ast.expr.EmptyExpression>: null

27-11-2024T10:40:51 - [TEST_STEP][PASSED] - numberOfFilials = <not implemented yet for class: org.codehaus.groovy.ast.expr.EmptyExpression>: null

27-11-2024T10:40:51 - [TEST_STEP][PASSED] - numberOfSpaces = <not implemented yet for class: org.codehaus.groovy.ast.expr.EmptyExpression>: null

27-11-2024T10:40:51 - [TEST_STEP][PASSED] - file = <not implemented yet for class: org.codehaus.groovy.ast.expr.EmptyExpression>: null

27-11-2024T10:40:51 - [TEST_STEP][PASSED] - otpusk = <not implemented yet for class: org.codehaus.groovy.ast.expr.EmptyExpression>: null

27-11-2024T10:40:51 - [TEST_STEP][PASSED] - poteri = <not implemented yet for class: org.codehaus.groovy.ast.expr.EmptyExpression>: null

27-11-2024T10:40:51 - [TEST_STEP][PASSED] - dataFolder = "Выполнение бизнес-плана/Значения со страницы Выполнение бизнес-плана/": null

27-11-2024T10:40:51 - [TEST_STEP][PASSED] - path = <not implemented yet for class: org.codehaus.groovy.ast.expr.EmptyExpression>: null

27-11-2024T10:40:51 - [TEST_STEP][PASSED] - typeOfDataMain = <not implemented yet for class: org.codehaus.groovy.ast.expr.EmptyExpression>: null

27-11-2024T10:40:51 - [TEST_STEP][PASSED] - fileOtpuskVSet = <not implemented yet for class: org.codehaus.groovy.ast.expr.EmptyExpression>: null

27-11-2024T10:40:51 - [TEST_STEP][PASSED] - pageOtpuskVSet = <not implemented yet for class: org.codehaus.groovy.ast.expr.EmptyExpression>: null

27-11-2024T10:40:51 - [TEST_STEP][PASSED] - filePoteri = <not implemented yet for class: org.codehaus.groovy.ast.expr.EmptyExpression>: null

27-11-2024T10:40:51 - [TEST_STEP][PASSED] - pagePoteri = <not implemented yet for class: org.codehaus.groovy.ast.expr.EmptyExpression>: null

27-11-2024T10:40:51 - [TEST_STEP][PASSED] - compare = <not implemented yet for class: org.codehaus.groovy.ast.expr.EmptyExpression>: null

27-11-2024T10:40:51 - [TEST_STEP][PASSED] - b = <not implemented yet for class: org.codehaus.groovy.ast.expr.EmptyExpression>: null

27-11-2024T10:40:51 - [TEST_STEP][PASSED] - i = <not implemented yet for class: org.codehaus.groovy.ast.expr.EmptyExpression>: null

27-11-2024T10:40:51 - [TEST_STEP][PASSED] - ii = <not implemented yet for class: org.codehaus.groovy.ast.expr.EmptyExpression>: null

27-11-2024T10:40:51 - [TEST_STEP][PASSED] - c = <not implemented yet for class: org.codehaus.groovy.ast.expr.EmptyExpression>: null

27-11-2024T10:40:51 - [TEST_STEP][PASSED] - numberOfErrors = 0: null

27-11-2024T10:40:51 - [TEST_STEP][PASSED] - if (a == 82): null

27-11-2024T10:40:51 - [TEST_STEP][PASSED] - b = findTestData("PlanFact").getValue(1, a): null

27-11-2024T10:40:51 - [TEST_STEP][PASSED] - i = b.indexOf(" (ГК)"): null

27-11-2024T10:40:51 - [TEST_STEP][PASSED] - if (i > -1): null

27-11-2024T10:40:51 - [TEST_STEP][PASSED] - i = b.indexOf("О ""): null

27-11-2024T10:40:51 - [TEST_STEP][PASSED] - if (i > -1): null

27-11-2024T10:40:51 - [TEST_STEP][PASSED] - i = b.indexOf("О «"): null

27-11-2024T10:40:51 - [TEST_STEP][PASSED] - if (i > -1): null

27-11-2024T10:40:51 - [TEST_STEP][PASSED] - i = b.indexOf("г. "): null

27-11-2024T10:40:51 - [TEST_STEP][PASSED] - if (i > -1): null

27-11-2024T10:40:51 - [TEST_STEP][PASSED] - println(b): null

27-11-2024T10:40:51 - [TEST_STEP][PASSED] - for ([planFact = 1, planFact < 3, (planFact++)]): Object: 'Object Repository/Выполнение бизнес-плана/Кнопка Факт' is clicked on

27-11-2024T10:40:51 - [TEST_STEP][PASSED] - if (planFact == 1): null

27-11-2024T10:40:51 - [TEST_STEP][PASSED] - typeOfDataMain = "Факт": null

27-11-2024T10:40:51 - [TEST_STEP][PASSED] - otpusk = findTestData("PlanFact").getValue(5, a): null

27-11-2024T10:40:51 - [TEST_STEP][PASSED] - poteri = findTestData("PlanFact").getValue(6, a): null

27-11-2024T10:40:51 - [TEST_STEP][PASSED] - otpusk = otpusk.replaceAll("\s+", ""): null

27-11-2024T10:40:51 - [TEST_STEP][PASSED] - poteri = poteri.replaceAll("\s+", ""): null

27-11-2024T10:40:51 - [TEST_STEP][PASSED] - typeOfData = typeOfDataMain + " Отпуск в сеть": null

27-11-2024T10:40:51 - [TEST_STEP][PASSED] - if (a == 82): null

27-11-2024T10:40:51 - [TEST_STEP][PASSED] - else if (a == 84): null

27-11-2024T10:40:51 - [TEST_STEP][PASSED] - else if (a == 52 || a == 72 || a == 28 || a == 73 || a == 77 || a == 74 || a == 65 || a == 36 || a == 44 || a == 53 || a == 80 || a == 54 || a == 1 || a == 18 || a == 59 || a == 81): null

27-11-2024T10:40:51 - [TEST_STEP][PASSED] - else: null

27-11-2024T10:40:51 - [TEST_STEP][PASSED] - path = dataFolder + typeOfData + " за отчётный период " + b: null

27-11-2024T10:40:51 - [TEST_STEP][PASSED] - println(path): null

27-11-2024T10:40:51 - [TEST_STEP][PASSED] - page = getText(findTestObject(path)): Text of object 'Object Repository/Выполнение бизнес-плана/Значения со страницы Выполнение бизнес-плана/Факт Отпуск в сеть за отчётный период Кировэнерго' is: '4 164 243'

27-11-2024T10:40:52 - [MESSAGE][PASSED] - Text of object 'Object Repository/Выполнение бизнес-плана/Значения со страницы Выполнение бизнес-плана/Факт Отпуск в сеть за отчётный период Кировэнерго' is: '4 164 243'

27-11-2024T10:40:52 - [TEST_STEP][PASSED] - page = page.replaceAll("\s+", ""): null

27-11-2024T10:40:52 - [TEST_STEP][PASSED] - fileOtpuskVSet = otpusk.toInteger(): null

27-11-2024T10:40:52 - [TEST_STEP][PASSED] - pageOtpuskVSet = page.toInteger(): null

27-11-2024T10:40:52 - [TEST_STEP][PASSED] - typeOfData = typeOfDataMain + " Потери": null

27-11-2024T10:40:52 - [TEST_STEP][PASSED] - if (a == 82): null

27-11-2024T10:40:52 - [TEST_STEP][PASSED] - else if (a == 84): null

27-11-2024T10:40:52 - [TEST_STEP][PASSED] - else if (a == 52 || a == 72 || a == 28 || a == 73 || a == 77 || a == 74 || a == 65 || a == 36 || a == 44 || a == 53 || a == 80 || a == 54 || a == 1 || a == 18 || a == 59 || a == 81): null

27-11-2024T10:40:52 - [TEST_STEP][PASSED] - else: null

27-11-2024T10:40:52 - [TEST_STEP][PASSED] - path = dataFolder + typeOfData + " за отчётный период " + b: null

27-11-2024T10:40:52 - [TEST_STEP][PASSED] - page = getText(findTestObject(path)): Text of object 'Object Repository/Выполнение бизнес-плана/Значения со страницы Выполнение бизнес-плана/Факт Потери за отчётный период Кировэнерго' is: '145 883'

27-11-2024T10:40:52 - [MESSAGE][PASSED] - Text of object 'Object Repository/Выполнение бизнес-плана/Значения со страницы Выполнение бизнес-плана/Факт Потери за отчётный период Кировэнерго' is: '145 883'

27-11-2024T10:40:52 - [TEST_STEP][PASSED] - page = page.replaceAll("\s+", ""): null

27-11-2024T10:40:52 - [TEST_STEP][PASSED] - filePoteri = poteri.toInteger(): null

27-11-2024T10:40:52 - [TEST_STEP][PASSED] - pagePoteri = page.toInteger(): null

27-11-2024T10:40:52 - [TEST_STEP][PASSED] - compare = pageOtpuskVSet: null

27-11-2024T10:40:52 - [TEST_STEP][PASSED] - if (compare == fileOtpuskVSet): null

27-11-2024T10:40:52 - [TEST_STEP][PASSED] - if (compare == fileOtpuskVSet): null

27-11-2024T10:40:52 - [TEST_STEP][PASSED] - compare = pagePoteri: null

27-11-2024T10:40:52 - [TEST_STEP][PASSED] - if (compare == filePoteri): null

27-11-2024T10:40:52 - [TEST_STEP][PASSED] - if (compare == filePoteri): null

27-11-2024T10:40:52 - [TEST_STEP][PASSED] - if (planFact == 2): null

27-11-2024T10:40:52 - [TEST_STEP][PASSED] - if (planFact == 1): null

27-11-2024T10:40:52 - [TEST_STEP][PASSED] - else if (planFact == 2): null

27-11-2024T10:40:52 - [TEST_STEP][PASSED] - click(findTestObject("Выполнение бизнес-плана/Кнопка План")): Object: 'Object Repository/Выполнение бизнес-плана/Кнопка План' is clicked on

27-11-2024T10:40:52 - [MESSAGE][PASSED] - Object: 'Object Repository/Выполнение бизнес-плана/Кнопка План' is clicked on

27-11-2024T10:40:52 - [TEST_STEP][PASSED] - typeOfDataMain = "План": null

27-11-2024T10:40:52 - [TEST_STEP][PASSED] - otpusk = findTestData("PlanFact").getValue(2, a): null

27-11-2024T10:40:52 - [TEST_STEP][PASSED] - poteri = findTestData("PlanFact").getValue(3, a): null

27-11-2024T10:40:52 - [TEST_STEP][PASSED] - otpusk = otpusk.replaceAll("\s+", ""): null

27-11-2024T10:40:52 - [TEST_STEP][PASSED] - poteri = poteri.replaceAll("\s+", ""): null

27-11-2024T10:40:52 - [TEST_STEP][PASSED] - typeOfData = typeOfDataMain + " Отпуск в сеть": null

27-11-2024T10:40:52 - [TEST_STEP][PASSED] - if (a == 82): null

27-11-2024T10:40:52 - [TEST_STEP][PASSED] - else if (a == 84): null

27-11-2024T10:40:52 - [TEST_STEP][PASSED] - else if (a == 52 || a == 72 || a == 28 || a == 73 || a == 77 || a == 74 || a == 65 || a == 36 || a == 44 || a == 53 || a == 80 || a == 54 || a == 1 || a == 18 || a == 59 || a == 81): null

27-11-2024T10:40:52 - [TEST_STEP][PASSED] - else: null

27-11-2024T10:40:52 - [TEST_STEP][PASSED] - path = dataFolder + typeOfData + " за отчётный период " + b: null

27-11-2024T10:40:52 - [TEST_STEP][PASSED] - println(path): null

27-11-2024T10:40:52 - [TEST_STEP][PASSED] - page = getText(findTestObject(path)): Text of object 'Object Repository/Выполнение бизнес-плана/Значения со страницы Выполнение бизнес-плана/План Отпуск в сеть за отчётный период Кировэнерго' is: '3 988 007'

27-11-2024T10:40:53 - [MESSAGE][PASSED] - Text of object 'Object Repository/Выполнение бизнес-плана/Значения со страницы Выполнение бизнес-плана/План Отпуск в сеть за отчётный период Кировэнерго' is: '3 988 007'

27-11-2024T10:40:53 - [TEST_STEP][PASSED] - page = page.replaceAll("\s+", ""): null

27-11-2024T10:40:53 - [TEST_STEP][PASSED] - fileOtpuskVSet = otpusk.toInteger(): null

27-11-2024T10:40:53 - [TEST_STEP][PASSED] - pageOtpuskVSet = page.toInteger(): null

27-11-2024T10:40:53 - [TEST_STEP][PASSED] - typeOfData = typeOfDataMain + " Потери": null

27-11-2024T10:40:53 - [TEST_STEP][PASSED] - if (a == 82): null

27-11-2024T10:40:53 - [TEST_STEP][PASSED] - else if (a == 84): null

27-11-2024T10:40:53 - [TEST_STEP][PASSED] - else if (a == 52 || a == 72 || a == 28 || a == 73 || a == 77 || a == 74 || a == 65 || a == 36 || a == 44 || a == 53 || a == 80 || a == 54 || a == 1 || a == 18 || a == 59 || a == 81): null

27-11-2024T10:40:53 - [TEST_STEP][PASSED] - else: null

27-11-2024T10:40:53 - [TEST_STEP][PASSED] - path = dataFolder + typeOfData + " за отчётный период " + b: null

27-11-2024T10:40:53 - [TEST_STEP][PASSED] - page = getText(findTestObject(path)): Text of object 'Object Repository/Выполнение бизнес-плана/Значения со страницы Выполнение бизнес-плана/План Потери за отчётный период Кировэнерго' is: '163 583'

27-11-2024T10:40:53 - [MESSAGE][PASSED] - Text of object 'Object Repository/Выполнение бизнес-плана/Значения со страницы Выполнение бизнес-плана/План Потери за отчётный период Кировэнерго' is: '163 583'

27-11-2024T10:40:53 - [TEST_STEP][PASSED] - page = page.replaceAll("\s+", ""): null

27-11-2024T10:40:53 - [TEST_STEP][PASSED] - filePoteri = poteri.toInteger(): null

27-11-2024T10:40:53 - [TEST_STEP][PASSED] - pagePoteri = page.toInteger(): null

27-11-2024T10:40:53 - [TEST_STEP][PASSED] - compare = pageOtpuskVSet: null

27-11-2024T10:40:53 - [TEST_STEP][PASSED] - if (compare == fileOtpuskVSet): null

27-11-2024T10:40:53 - [TEST_STEP][PASSED] - if (compare == fileOtpuskVSet): null

27-11-2024T10:40:53 - [TEST_STEP][PASSED] - compare = pagePoteri: null

27-11-2024T10:40:53 - [TEST_STEP][PASSED] - if (compare == filePoteri): null

27-11-2024T10:40:53 - [TEST_STEP][PASSED] - if (compare == filePoteri): null

27-11-2024T10:40:53 - [TEST_STEP][PASSED] - if (planFact == 2): Object: 'Object Repository/Выполнение бизнес-плана/Кнопка Факт' is clicked on

27-11-2024T10:40:53 - [TEST_STEP][PASSED] - click(findTestObject("Выполнение бизнес-плана/Кнопка Факт")): Object: 'Object Repository/Выполнение бизнес-плана/Кнопка Факт' is clicked on

27-11-2024T10:40:53 - [MESSAGE][PASSED] - Object: 'Object Repository/Выполнение бизнес-плана/Кнопка Факт' is clicked on

27-11-2024T10:40:53 - [TEST_STEP][PASSED] - if (a == 84 || a == 82): null

27-11-2024T10:40:53 - [TEST_STEP][PASSED] - else if (a == 52 || a == 72 || a == 28 || a == 73 || a == 77 || a == 74 || a == 65 || a == 36 || a == 44 || a == 53 || a == 80 || a == 54 || a == 1 || a == 18 || a == 59 || a == 81): null

27-11-2024T10:40:53 - [TEST_STEP][PASSED] - else: null

27-11-2024T10:40:53 - [TEST_STEP][PASSED] - page1 = getText(findTestObject("Object Repository/Выполнение бизнес-плана/spanPlan" + filialNum)): Text of object 'Object Repository/Выполнение бизнес-плана/spanPlan4' is: '4.10
|'

27-11-2024T10:40:54 - [MESSAGE][PASSED] - Text of object 'Object Repository/Выполнение бизнес-плана/spanPlan4' is: '4.10
|'

27-11-2024T10:40:54 - [TEST_STEP][PASSED] - page1 = page1.replace("|", ""): null

27-11-2024T10:40:54 - [TEST_STEP][PASSED] - page2 = getText(findTestObject("Object Repository/Выполнение бизнес-плана/spanFact" + filialNum)): Text of object 'Object Repository/Выполнение бизнес-плана/spanFact4' is: '3.50
|'

27-11-2024T10:40:54 - [MESSAGE][PASSED] - Text of object 'Object Repository/Выполнение бизнес-плана/spanFact4' is: '3.50
|'

27-11-2024T10:40:54 - [TEST_STEP][PASSED] - page2 = page2.replace("|", ""): null

27-11-2024T10:40:54 - [TEST_STEP][PASSED] - println("page1: " + page1): null

27-11-2024T10:40:54 - [TEST_STEP][PASSED] - println("page2: " + page2): null

27-11-2024T10:40:54 - [TEST_STEP][PASSED] - file = findTestData("PlanFact").getValue(4, a): null

27-11-2024T10:40:54 - [TEST_STEP][PASSED] - file = file.replace(",", "."): null

27-11-2024T10:40:54 - [TEST_STEP][PASSED] - println("file Plan: " + file): null

27-11-2024T10:40:54 - [TEST_STEP][PASSED] - typeOfData = "План в процентах": null

27-11-2024T10:40:54 - [TEST_STEP][PASSED] - fileDouble = file.toDouble(): null

27-11-2024T10:40:54 - [TEST_STEP][PASSED] - pageDouble = page1.toDouble(): null

27-11-2024T10:40:54 - [TEST_STEP][PASSED] - if (fileDouble != pageDouble): null

27-11-2024T10:40:54 - [TEST_STEP][PASSED] - file = findTestData("PlanFact").getValue(7, a): null

27-11-2024T10:40:54 - [TEST_STEP][PASSED] - file = file.replace(",", "."): null

27-11-2024T10:40:54 - [TEST_STEP][PASSED] - println("file Fact: " + file): null

27-11-2024T10:40:54 - [TEST_STEP][PASSED] - fileDouble = file.toDouble(): null

27-11-2024T10:40:54 - [TEST_STEP][PASSED] - typeOfData = "Факт в процентах": null

27-11-2024T10:40:54 - [TEST_STEP][PASSED] - fileDouble = file.toDouble(): null

27-11-2024T10:40:54 - [TEST_STEP][PASSED] - pageDouble = page2.toDouble(): null

27-11-2024T10:40:54 - [TEST_STEP][PASSED] - if (fileDouble != pageDouble): null

27-11-2024T10:40:54 - [TEST_STEP][PASSED] - if (verifyEqual(numberOfErrors, 0) == false): Actual object '0' and expected object '0' are equal

27-11-2024T10:40:54 - [MESSAGE][PASSED] - Actual object '0' and expected object '0' are equal

27-11-2024T10:40:54 - [TEST_STEP][PASSED] - if (a == 82): null

27-11-2024T10:40:54 - [TEST_STEP][PASSED] - dZO = "Мариэнерго": null

27-11-2024T10:40:54 - [TEST_STEP][PASSED] - a = 23: null

27-11-2024T10:40:54 - [TEST_STEP][PASSED] - if (x2.contains(dZO)): null

27-11-2024T10:40:54 - [TEST_STEP][PASSED] - filialNum = filialNum + 1: null

27-11-2024T10:40:54 - [TEST_STEP][PASSED] - Script1718980020443.Numbers(a, typeOfData, todaysDate, pageInt, fileInt, pageDouble, fileDouble, dZO, dzoNum, filialNum): null

27-11-2024T10:40:54 - [TEST_STEP][PASSED] - println(dzoNum): null

27-11-2024T10:40:54 - [TEST_STEP][PASSED] - planFact = <not implemented yet for class: org.codehaus.groovy.ast.expr.EmptyExpression>: null

27-11-2024T10:40:54 - [TEST_STEP][PASSED] - page = <not implemented yet for class: org.codehaus.groovy.ast.expr.EmptyExpression>: null

27-11-2024T10:40:54 - [TEST_STEP][PASSED] - page1 = <not implemented yet for class: org.codehaus.groovy.ast.expr.EmptyExpression>: null

27-11-2024T10:40:54 - [TEST_STEP][PASSED] - page2 = <not implemented yet for class: org.codehaus.groovy.ast.expr.EmptyExpression>: null

27-11-2024T10:40:54 - [TEST_STEP][PASSED] - filialNumberInRow = <not implemented yet for class: org.codehaus.groovy.ast.expr.EmptyExpression>: null

27-11-2024T10:40:54 - [TEST_STEP][PASSED] - filialsDzoNames = <not implemented yet for class: org.codehaus.groovy.ast.expr.EmptyExpression>: null

27-11-2024T10:40:54 - [TEST_STEP][PASSED] - numberOfFilials = <not implemented yet for class: org.codehaus.groovy.ast.expr.EmptyExpression>: null

27-11-2024T10:40:54 - [TEST_STEP][PASSED] - numberOfSpaces = <not implemented yet for class: org.codehaus.groovy.ast.expr.EmptyExpression>: null

27-11-2024T10:40:54 - [TEST_STEP][PASSED] - file = <not implemented yet for class: org.codehaus.groovy.ast.expr.EmptyExpression>: null

27-11-2024T10:40:54 - [TEST_STEP][PASSED] - otpusk = <not implemented yet for class: org.codehaus.groovy.ast.expr.EmptyExpression>: null

27-11-2024T10:40:54 - [TEST_STEP][PASSED] - poteri = <not implemented yet for class: org.codehaus.groovy.ast.expr.EmptyExpression>: null

27-11-2024T10:40:54 - [TEST_STEP][PASSED] - dataFolder = "Выполнение бизнес-плана/Значения со страницы Выполнение бизнес-плана/": null

27-11-2024T10:40:54 - [TEST_STEP][PASSED] - path = <not implemented yet for class: org.codehaus.groovy.ast.expr.EmptyExpression>: null

27-11-2024T10:40:54 - [TEST_STEP][PASSED] - typeOfDataMain = <not implemented yet for class: org.codehaus.groovy.ast.expr.EmptyExpression>: null

27-11-2024T10:40:54 - [TEST_STEP][PASSED] - fileOtpuskVSet = <not implemented yet for class: org.codehaus.groovy.ast.expr.EmptyExpression>: null

27-11-2024T10:40:54 - [TEST_STEP][PASSED] - pageOtpuskVSet = <not implemented yet for class: org.codehaus.groovy.ast.expr.EmptyExpression>: null

27-11-2024T10:40:54 - [TEST_STEP][PASSED] - filePoteri = <not implemented yet for class: org.codehaus.groovy.ast.expr.EmptyExpression>: null

27-11-2024T10:40:54 - [TEST_STEP][PASSED] - pagePoteri = <not implemented yet for class: org.codehaus.groovy.ast.expr.EmptyExpression>: null

27-11-2024T10:40:54 - [TEST_STEP][PASSED] - compare = <not implemented yet for class: org.codehaus.groovy.ast.expr.EmptyExpression>: null

27-11-2024T10:40:54 - [TEST_STEP][PASSED] - b = <not implemented yet for class: org.codehaus.groovy.ast.expr.EmptyExpression>: null

27-11-2024T10:40:54 - [TEST_STEP][PASSED] - i = <not implemented yet for class: org.codehaus.groovy.ast.expr.EmptyExpression>: null

27-11-2024T10:40:54 - [TEST_STEP][PASSED] - ii = <not implemented yet for class: org.codehaus.groovy.ast.expr.EmptyExpression>: null

27-11-2024T10:40:54 - [TEST_STEP][PASSED] - c = <not implemented yet for class: org.codehaus.groovy.ast.expr.EmptyExpression>: null

27-11-2024T10:40:54 - [TEST_STEP][PASSED] - numberOfErrors = 0: null

27-11-2024T10:40:54 - [TEST_STEP][PASSED] - if (a == 82): null

27-11-2024T10:40:54 - [TEST_STEP][PASSED] - b = findTestData("PlanFact").getValue(1, a): null

27-11-2024T10:40:54 - [TEST_STEP][PASSED] - i = b.indexOf(" (ГК)"): null

27-11-2024T10:40:54 - [TEST_STEP][PASSED] - if (i > -1): null

27-11-2024T10:40:54 - [TEST_STEP][PASSED] - i = b.indexOf("О ""): null

27-11-2024T10:40:54 - [TEST_STEP][PASSED] - if (i > -1): null

27-11-2024T10:40:54 - [TEST_STEP][PASSED] - i = b.indexOf("О «"): null

27-11-2024T10:40:54 - [TEST_STEP][PASSED] - if (i > -1): null

27-11-2024T10:40:54 - [TEST_STEP][PASSED] - i = b.indexOf("г. "): null

27-11-2024T10:40:54 - [TEST_STEP][PASSED] - if (i > -1): null

27-11-2024T10:40:54 - [TEST_STEP][PASSED] - println(b): null

27-11-2024T10:40:54 - [TEST_STEP][PASSED] - for ([planFact = 1, planFact < 3, (planFact++)]): Object: 'Object Repository/Выполнение бизнес-плана/Кнопка Факт' is clicked on

27-11-2024T10:40:54 - [TEST_STEP][PASSED] - if (planFact == 1): null

27-11-2024T10:40:54 - [TEST_STEP][PASSED] - typeOfDataMain = "Факт": null

27-11-2024T10:40:54 - [TEST_STEP][PASSED] - otpusk = findTestData("PlanFact").getValue(5, a): null

27-11-2024T10:40:54 - [TEST_STEP][PASSED] - poteri = findTestData("PlanFact").getValue(6, a): null

27-11-2024T10:40:54 - [TEST_STEP][PASSED] - otpusk = otpusk.replaceAll("\s+", ""): null

27-11-2024T10:40:54 - [TEST_STEP][PASSED] - poteri = poteri.replaceAll("\s+", ""): null

27-11-2024T10:40:54 - [TEST_STEP][PASSED] - typeOfData = typeOfDataMain + " Отпуск в сеть": null

27-11-2024T10:40:54 - [TEST_STEP][PASSED] - if (a == 82): null

27-11-2024T10:40:54 - [TEST_STEP][PASSED] - else if (a == 84): null

27-11-2024T10:40:54 - [TEST_STEP][PASSED] - else if (a == 52 || a == 72 || a == 28 || a == 73 || a == 77 || a == 74 || a == 65 || a == 36 || a == 44 || a == 53 || a == 80 || a == 54 || a == 1 || a == 18 || a == 59 || a == 81): null

27-11-2024T10:40:54 - [TEST_STEP][PASSED] - else: null

27-11-2024T10:40:54 - [TEST_STEP][PASSED] - path = dataFolder + typeOfData + " за отчётный период " + b: null

27-11-2024T10:40:54 - [TEST_STEP][PASSED] - println(path): null

27-11-2024T10:40:54 - [TEST_STEP][PASSED] - page = getText(findTestObject(path)): Text of object 'Object Repository/Выполнение бизнес-плана/Значения со страницы Выполнение бизнес-плана/Факт Отпуск в сеть за отчётный период Мариэнерго' is: '1 464 353'

27-11-2024T10:40:55 - [MESSAGE][PASSED] - Text of object 'Object Repository/Выполнение бизнес-плана/Значения со страницы Выполнение бизнес-плана/Факт Отпуск в сеть за отчётный период Мариэнерго' is: '1 464 353'

27-11-2024T10:40:55 - [TEST_STEP][PASSED] - page = page.replaceAll("\s+", ""): null

27-11-2024T10:40:55 - [TEST_STEP][PASSED] - fileOtpuskVSet = otpusk.toInteger(): null

27-11-2024T10:40:55 - [TEST_STEP][PASSED] - pageOtpuskVSet = page.toInteger(): null

27-11-2024T10:40:55 - [TEST_STEP][PASSED] - typeOfData = typeOfDataMain + " Потери": null

27-11-2024T10:40:55 - [TEST_STEP][PASSED] - if (a == 82): null

27-11-2024T10:40:55 - [TEST_STEP][PASSED] - else if (a == 84): null

27-11-2024T10:40:55 - [TEST_STEP][PASSED] - else if (a == 52 || a == 72 || a == 28 || a == 73 || a == 77 || a == 74 || a == 65 || a == 36 || a == 44 || a == 53 || a == 80 || a == 54 || a == 1 || a == 18 || a == 59 || a == 81): null

27-11-2024T10:40:55 - [TEST_STEP][PASSED] - else: null

27-11-2024T10:40:55 - [TEST_STEP][PASSED] - path = dataFolder + typeOfData + " за отчётный период " + b: null

27-11-2024T10:40:55 - [TEST_STEP][PASSED] - page = getText(findTestObject(path)): Text of object 'Object Repository/Выполнение бизнес-плана/Значения со страницы Выполнение бизнес-плана/Факт Потери за отчётный период Мариэнерго' is: '114 010'

27-11-2024T10:40:55 - [MESSAGE][PASSED] - Text of object 'Object Repository/Выполнение бизнес-плана/Значения со страницы Выполнение бизнес-плана/Факт Потери за отчётный период Мариэнерго' is: '114 010'

27-11-2024T10:40:55 - [TEST_STEP][PASSED] - page = page.replaceAll("\s+", ""): null

27-11-2024T10:40:55 - [TEST_STEP][PASSED] - filePoteri = poteri.toInteger(): null

27-11-2024T10:40:55 - [TEST_STEP][PASSED] - pagePoteri = page.toInteger(): null

27-11-2024T10:40:55 - [TEST_STEP][PASSED] - compare = pageOtpuskVSet: null

27-11-2024T10:40:55 - [TEST_STEP][PASSED] - if (compare == fileOtpuskVSet): null

27-11-2024T10:40:55 - [TEST_STEP][PASSED] - if (compare == fileOtpuskVSet): null

27-11-2024T10:40:55 - [TEST_STEP][PASSED] - compare = pagePoteri: null

27-11-2024T10:40:55 - [TEST_STEP][PASSED] - if (compare == filePoteri): null

27-11-2024T10:40:55 - [TEST_STEP][PASSED] - if (compare == filePoteri): null

27-11-2024T10:40:55 - [TEST_STEP][PASSED] - if (planFact == 2): null

27-11-2024T10:40:55 - [TEST_STEP][PASSED] - if (planFact == 1): null

27-11-2024T10:40:55 - [TEST_STEP][PASSED] - else if (planFact == 2): null

27-11-2024T10:40:55 - [TEST_STEP][PASSED] - click(findTestObject("Выполнение бизнес-плана/Кнопка План")): Object: 'Object Repository/Выполнение бизнес-плана/Кнопка План' is clicked on

27-11-2024T10:40:55 - [MESSAGE][PASSED] - Object: 'Object Repository/Выполнение бизнес-плана/Кнопка План' is clicked on

27-11-2024T10:40:55 - [TEST_STEP][PASSED] - typeOfDataMain = "План": null

27-11-2024T10:40:55 - [TEST_STEP][PASSED] - otpusk = findTestData("PlanFact").getValue(2, a): null

27-11-2024T10:40:55 - [TEST_STEP][PASSED] - poteri = findTestData("PlanFact").getValue(3, a): null

27-11-2024T10:40:55 - [TEST_STEP][PASSED] - otpusk = otpusk.replaceAll("\s+", ""): null

27-11-2024T10:40:55 - [TEST_STEP][PASSED] - poteri = poteri.replaceAll("\s+", ""): null

27-11-2024T10:40:55 - [TEST_STEP][PASSED] - typeOfData = typeOfDataMain + " Отпуск в сеть": null

27-11-2024T10:40:55 - [TEST_STEP][PASSED] - if (a == 82): null

27-11-2024T10:40:55 - [TEST_STEP][PASSED] - else if (a == 84): null

27-11-2024T10:40:55 - [TEST_STEP][PASSED] - else if (a == 52 || a == 72 || a == 28 || a == 73 || a == 77 || a == 74 || a == 65 || a == 36 || a == 44 || a == 53 || a == 80 || a == 54 || a == 1 || a == 18 || a == 59 || a == 81): null

27-11-2024T10:40:55 - [TEST_STEP][PASSED] - else: null

27-11-2024T10:40:55 - [TEST_STEP][PASSED] - path = dataFolder + typeOfData + " за отчётный период " + b: null

27-11-2024T10:40:55 - [TEST_STEP][PASSED] - println(path): null

27-11-2024T10:40:55 - [TEST_STEP][PASSED] - page = getText(findTestObject(path)): Text of object 'Object Repository/Выполнение бизнес-плана/Значения со страницы Выполнение бизнес-плана/План Отпуск в сеть за отчётный период Мариэнерго' is: '1 417 451'

27-11-2024T10:40:56 - [MESSAGE][PASSED] - Text of object 'Object Repository/Выполнение бизнес-плана/Значения со страницы Выполнение бизнес-плана/План Отпуск в сеть за отчётный период Мариэнерго' is: '1 417 451'

27-11-2024T10:40:56 - [TEST_STEP][PASSED] - page = page.replaceAll("\s+", ""): null

27-11-2024T10:40:56 - [TEST_STEP][PASSED] - fileOtpuskVSet = otpusk.toInteger(): null

27-11-2024T10:40:56 - [TEST_STEP][PASSED] - pageOtpuskVSet = page.toInteger(): null

27-11-2024T10:40:56 - [TEST_STEP][PASSED] - typeOfData = typeOfDataMain + " Потери": null

27-11-2024T10:40:56 - [TEST_STEP][PASSED] - if (a == 82): null

27-11-2024T10:40:56 - [TEST_STEP][PASSED] - else if (a == 84): null

27-11-2024T10:40:56 - [TEST_STEP][PASSED] - else if (a == 52 || a == 72 || a == 28 || a == 73 || a == 77 || a == 74 || a == 65 || a == 36 || a == 44 || a == 53 || a == 80 || a == 54 || a == 1 || a == 18 || a == 59 || a == 81): null

27-11-2024T10:40:56 - [TEST_STEP][PASSED] - else: null

27-11-2024T10:40:56 - [TEST_STEP][PASSED] - path = dataFolder + typeOfData + " за отчётный период " + b: null

27-11-2024T10:40:56 - [TEST_STEP][PASSED] - page = getText(findTestObject(path)): Text of object 'Object Repository/Выполнение бизнес-плана/Значения со страницы Выполнение бизнес-плана/План Потери за отчётный период Мариэнерго' is: '114 726'

27-11-2024T10:40:56 - [MESSAGE][PASSED] - Text of object 'Object Repository/Выполнение бизнес-плана/Значения со страницы Выполнение бизнес-плана/План Потери за отчётный период Мариэнерго' is: '114 726'

27-11-2024T10:40:56 - [TEST_STEP][PASSED] - page = page.replaceAll("\s+", ""): null

27-11-2024T10:40:56 - [TEST_STEP][PASSED] - filePoteri = poteri.toInteger(): null

27-11-2024T10:40:56 - [TEST_STEP][PASSED] - pagePoteri = page.toInteger(): null

27-11-2024T10:40:56 - [TEST_STEP][PASSED] - compare = pageOtpuskVSet: null

27-11-2024T10:40:56 - [TEST_STEP][PASSED] - if (compare == fileOtpuskVSet): null

27-11-2024T10:40:56 - [TEST_STEP][PASSED] - if (compare == fileOtpuskVSet): null

27-11-2024T10:40:56 - [TEST_STEP][PASSED] - compare = pagePoteri: null

27-11-2024T10:40:56 - [TEST_STEP][PASSED] - if (compare == filePoteri): null

27-11-2024T10:40:56 - [TEST_STEP][PASSED] - if (compare == filePoteri): null

27-11-2024T10:40:56 - [TEST_STEP][PASSED] - if (planFact == 2): Object: 'Object Repository/Выполнение бизнес-плана/Кнопка Факт' is clicked on

27-11-2024T10:40:56 - [TEST_STEP][PASSED] - click(findTestObject("Выполнение бизнес-плана/Кнопка Факт")): Object: 'Object Repository/Выполнение бизнес-плана/Кнопка Факт' is clicked on

27-11-2024T10:40:56 - [MESSAGE][PASSED] - Object: 'Object Repository/Выполнение бизнес-плана/Кнопка Факт' is clicked on

27-11-2024T10:40:56 - [TEST_STEP][PASSED] - if (a == 84 || a == 82): null

27-11-2024T10:40:56 - [TEST_STEP][PASSED] - else if (a == 52 || a == 72 || a == 28 || a == 73 || a == 77 || a == 74 || a == 65 || a == 36 || a == 44 || a == 53 || a == 80 || a == 54 || a == 1 || a == 18 || a == 59 || a == 81): null

27-11-2024T10:40:56 - [TEST_STEP][PASSED] - else: null

27-11-2024T10:40:56 - [TEST_STEP][PASSED] - page1 = getText(findTestObject("Object Repository/Выполнение бизнес-плана/spanPlan" + filialNum)): Text of object 'Object Repository/Выполнение бизнес-плана/spanPlan5' is: '8.09
|'

27-11-2024T10:40:57 - [MESSAGE][PASSED] - Text of object 'Object Repository/Выполнение бизнес-плана/spanPlan5' is: '8.09
|'

27-11-2024T10:40:57 - [TEST_STEP][PASSED] - page1 = page1.replace("|", ""): null

27-11-2024T10:40:57 - [TEST_STEP][PASSED] - page2 = getText(findTestObject("Object Repository/Выполнение бизнес-плана/spanFact" + filialNum)): Text of object 'Object Repository/Выполнение бизнес-плана/spanFact5' is: '7.79
|'

27-11-2024T10:40:57 - [MESSAGE][PASSED] - Text of object 'Object Repository/Выполнение бизнес-плана/spanFact5' is: '7.79
|'

27-11-2024T10:40:57 - [TEST_STEP][PASSED] - page2 = page2.replace("|", ""): null

27-11-2024T10:40:57 - [TEST_STEP][PASSED] - println("page1: " + page1): null

27-11-2024T10:40:57 - [TEST_STEP][PASSED] - println("page2: " + page2): null

27-11-2024T10:40:57 - [TEST_STEP][PASSED] - file = findTestData("PlanFact").getValue(4, a): null

27-11-2024T10:40:57 - [TEST_STEP][PASSED] - file = file.replace(",", "."): null

27-11-2024T10:40:57 - [TEST_STEP][PASSED] - println("file Plan: " + file): null

27-11-2024T10:40:57 - [TEST_STEP][PASSED] - typeOfData = "План в процентах": null

27-11-2024T10:40:57 - [TEST_STEP][PASSED] - fileDouble = file.toDouble(): null

27-11-2024T10:40:57 - [TEST_STEP][PASSED] - pageDouble = page1.toDouble(): null

27-11-2024T10:40:57 - [TEST_STEP][PASSED] - if (fileDouble != pageDouble): null

27-11-2024T10:40:57 - [TEST_STEP][PASSED] - file = findTestData("PlanFact").getValue(7, a): null

27-11-2024T10:40:57 - [TEST_STEP][PASSED] - file = file.replace(",", "."): null

27-11-2024T10:40:57 - [TEST_STEP][PASSED] - println("file Fact: " + file): null

27-11-2024T10:40:57 - [TEST_STEP][PASSED] - fileDouble = file.toDouble(): null

27-11-2024T10:40:57 - [TEST_STEP][PASSED] - typeOfData = "Факт в процентах": null

27-11-2024T10:40:57 - [TEST_STEP][PASSED] - fileDouble = file.toDouble(): null

27-11-2024T10:40:57 - [TEST_STEP][PASSED] - pageDouble = page2.toDouble(): null

27-11-2024T10:40:57 - [TEST_STEP][PASSED] - if (fileDouble != pageDouble): null

27-11-2024T10:40:57 - [TEST_STEP][PASSED] - if (verifyEqual(numberOfErrors, 0) == false): Actual object '0' and expected object '0' are equal

27-11-2024T10:40:57 - [MESSAGE][PASSED] - Actual object '0' and expected object '0' are equal

27-11-2024T10:40:57 - [TEST_STEP][PASSED] - if (a == 82): null

27-11-2024T10:40:57 - [TEST_STEP][PASSED] - dZO = "Нижновэнерго": null

27-11-2024T10:40:57 - [TEST_STEP][PASSED] - a = 24: null

27-11-2024T10:40:57 - [TEST_STEP][PASSED] - if (x2.contains(dZO)): null

27-11-2024T10:40:57 - [TEST_STEP][PASSED] - filialNum = filialNum + 1: null

27-11-2024T10:40:57 - [TEST_STEP][PASSED] - Script1718980020443.Numbers(a, typeOfData, todaysDate, pageInt, fileInt, pageDouble, fileDouble, dZO, dzoNum, filialNum): null

27-11-2024T10:40:57 - [TEST_STEP][PASSED] - println(dzoNum): null

27-11-2024T10:40:57 - [TEST_STEP][PASSED] - planFact = <not implemented yet for class: org.codehaus.groovy.ast.expr.EmptyExpression>: null

27-11-2024T10:40:57 - [TEST_STEP][PASSED] - page = <not implemented yet for class: org.codehaus.groovy.ast.expr.EmptyExpression>: null

27-11-2024T10:40:57 - [TEST_STEP][PASSED] - page1 = <not implemented yet for class: org.codehaus.groovy.ast.expr.EmptyExpression>: null

27-11-2024T10:40:57 - [TEST_STEP][PASSED] - page2 = <not implemented yet for class: org.codehaus.groovy.ast.expr.EmptyExpression>: null

27-11-2024T10:40:57 - [TEST_STEP][PASSED] - filialNumberInRow = <not implemented yet for class: org.codehaus.groovy.ast.expr.EmptyExpression>: null

27-11-2024T10:40:57 - [TEST_STEP][PASSED] - filialsDzoNames = <not implemented yet for class: org.codehaus.groovy.ast.expr.EmptyExpression>: null

27-11-2024T10:40:57 - [TEST_STEP][PASSED] - numberOfFilials = <not implemented yet for class: org.codehaus.groovy.ast.expr.EmptyExpression>: null

27-11-2024T10:40:57 - [TEST_STEP][PASSED] - numberOfSpaces = <not implemented yet for class: org.codehaus.groovy.ast.expr.EmptyExpression>: null

27-11-2024T10:40:57 - [TEST_STEP][PASSED] - file = <not implemented yet for class: org.codehaus.groovy.ast.expr.EmptyExpression>: null

27-11-2024T10:40:57 - [TEST_STEP][PASSED] - otpusk = <not implemented yet for class: org.codehaus.groovy.ast.expr.EmptyExpression>: null

27-11-2024T10:40:57 - [TEST_STEP][PASSED] - poteri = <not implemented yet for class: org.codehaus.groovy.ast.expr.EmptyExpression>: null

27-11-2024T10:40:57 - [TEST_STEP][PASSED] - dataFolder = "Выполнение бизнес-плана/Значения со страницы Выполнение бизнес-плана/": null

27-11-2024T10:40:57 - [TEST_STEP][PASSED] - path = <not implemented yet for class: org.codehaus.groovy.ast.expr.EmptyExpression>: null

27-11-2024T10:40:57 - [TEST_STEP][PASSED] - typeOfDataMain = <not implemented yet for class: org.codehaus.groovy.ast.expr.EmptyExpression>: null

27-11-2024T10:40:57 - [TEST_STEP][PASSED] - fileOtpuskVSet = <not implemented yet for class: org.codehaus.groovy.ast.expr.EmptyExpression>: null

27-11-2024T10:40:57 - [TEST_STEP][PASSED] - pageOtpuskVSet = <not implemented yet for class: org.codehaus.groovy.ast.expr.EmptyExpression>: null

27-11-2024T10:40:57 - [TEST_STEP][PASSED] - filePoteri = <not implemented yet for class: org.codehaus.groovy.ast.expr.EmptyExpression>: null

27-11-2024T10:40:57 - [TEST_STEP][PASSED] - pagePoteri = <not implemented yet for class: org.codehaus.groovy.ast.expr.EmptyExpression>: null

27-11-2024T10:40:57 - [TEST_STEP][PASSED] - compare = <not implemented yet for class: org.codehaus.groovy.ast.expr.EmptyExpression>: null

27-11-2024T10:40:57 - [TEST_STEP][PASSED] - b = <not implemented yet for class: org.codehaus.groovy.ast.expr.EmptyExpression>: null

27-11-2024T10:40:57 - [TEST_STEP][PASSED] - i = <not implemented yet for class: org.codehaus.groovy.ast.expr.EmptyExpression>: null

27-11-2024T10:40:57 - [TEST_STEP][PASSED] - ii = <not implemented yet for class: org.codehaus.groovy.ast.expr.EmptyExpression>: null

27-11-2024T10:40:57 - [TEST_STEP][PASSED] - c = <not implemented yet for class: org.codehaus.groovy.ast.expr.EmptyExpression>: null

27-11-2024T10:40:57 - [TEST_STEP][PASSED] - numberOfErrors = 0: null

27-11-2024T10:40:57 - [TEST_STEP][PASSED] - if (a == 82): null

27-11-2024T10:40:57 - [TEST_STEP][PASSED] - b = findTestData("PlanFact").getValue(1, a): null

27-11-2024T10:40:57 - [TEST_STEP][PASSED] - i = b.indexOf(" (ГК)"): null

27-11-2024T10:40:57 - [TEST_STEP][PASSED] - if (i > -1): null

27-11-2024T10:40:57 - [TEST_STEP][PASSED] - i = b.indexOf("О ""): null

27-11-2024T10:40:57 - [TEST_STEP][PASSED] - if (i > -1): null

27-11-2024T10:40:57 - [TEST_STEP][PASSED] - i = b.indexOf("О «"): null

27-11-2024T10:40:57 - [TEST_STEP][PASSED] - if (i > -1): null

27-11-2024T10:40:57 - [TEST_STEP][PASSED] - i = b.indexOf("г. "): null

27-11-2024T10:40:57 - [TEST_STEP][PASSED] - if (i > -1): null

27-11-2024T10:40:57 - [TEST_STEP][PASSED] - println(b): null

27-11-2024T10:40:57 - [TEST_STEP][PASSED] - for ([planFact = 1, planFact < 3, (planFact++)]): Object: 'Object Repository/Выполнение бизнес-плана/Кнопка Факт' is clicked on

27-11-2024T10:40:57 - [TEST_STEP][PASSED] - if (planFact == 1): null

27-11-2024T10:40:57 - [TEST_STEP][PASSED] - typeOfDataMain = "Факт": null

27-11-2024T10:40:57 - [TEST_STEP][PASSED] - otpusk = findTestData("PlanFact").getValue(5, a): null

27-11-2024T10:40:57 - [TEST_STEP][PASSED] - poteri = findTestData("PlanFact").getValue(6, a): null

27-11-2024T10:40:57 - [TEST_STEP][PASSED] - otpusk = otpusk.replaceAll("\s+", ""): null

27-11-2024T10:40:57 - [TEST_STEP][PASSED] - poteri = poteri.replaceAll("\s+", ""): null

27-11-2024T10:40:57 - [TEST_STEP][PASSED] - typeOfData = typeOfDataMain + " Отпуск в сеть": null

27-11-2024T10:40:57 - [TEST_STEP][PASSED] - if (a == 82): null

27-11-2024T10:40:57 - [TEST_STEP][PASSED] - else if (a == 84): null

27-11-2024T10:40:57 - [TEST_STEP][PASSED] - else if (a == 52 || a == 72 || a == 28 || a == 73 || a == 77 || a == 74 || a == 65 || a == 36 || a == 44 || a == 53 || a == 80 || a == 54 || a == 1 || a == 18 || a == 59 || a == 81): null

27-11-2024T10:40:57 - [TEST_STEP][PASSED] - else: null

27-11-2024T10:40:57 - [TEST_STEP][PASSED] - path = dataFolder + typeOfData + " за отчётный период " + b: null

27-11-2024T10:40:57 - [TEST_STEP][PASSED] - println(path): null

27-11-2024T10:40:57 - [TEST_STEP][PASSED] - page = getText(findTestObject(path)): Text of object 'Object Repository/Выполнение бизнес-плана/Значения со страницы Выполнение бизнес-плана/Факт Отпуск в сеть за отчётный период Нижновэнерго' is: '9 396 960'

27-11-2024T10:40:57 - [MESSAGE][PASSED] - Text of object 'Object Repository/Выполнение бизнес-плана/Значения со страницы Выполнение бизнес-плана/Факт Отпуск в сеть за отчётный период Нижновэнерго' is: '9 396 960'

27-11-2024T10:40:57 - [TEST_STEP][PASSED] - page = page.replaceAll("\s+", ""): null

27-11-2024T10:40:57 - [TEST_STEP][PASSED] - fileOtpuskVSet = otpusk.toInteger(): null

27-11-2024T10:40:57 - [TEST_STEP][PASSED] - pageOtpuskVSet = page.toInteger(): null

27-11-2024T10:40:57 - [TEST_STEP][PASSED] - typeOfData = typeOfDataMain + " Потери": null

27-11-2024T10:40:57 - [TEST_STEP][PASSED] - if (a == 82): null

27-11-2024T10:40:57 - [TEST_STEP][PASSED] - else if (a == 84): null

27-11-2024T10:40:57 - [TEST_STEP][PASSED] - else if (a == 52 || a == 72 || a == 28 || a == 73 || a == 77 || a == 74 || a == 65 || a == 36 || a == 44 || a == 53 || a == 80 || a == 54 || a == 1 || a == 18 || a == 59 || a == 81): null

27-11-2024T10:40:57 - [TEST_STEP][PASSED] - else: null

27-11-2024T10:40:57 - [TEST_STEP][PASSED] - path = dataFolder + typeOfData + " за отчётный период " + b: null

27-11-2024T10:40:57 - [TEST_STEP][PASSED] - page = getText(findTestObject(path)): Text of object 'Object Repository/Выполнение бизнес-плана/Значения со страницы Выполнение бизнес-плана/Факт Потери за отчётный период Нижновэнерго' is: '783 521'

27-11-2024T10:40:58 - [MESSAGE][PASSED] - Text of object 'Object Repository/Выполнение бизнес-плана/Значения со страницы Выполнение бизнес-плана/Факт Потери за отчётный период Нижновэнерго' is: '783 521'

27-11-2024T10:40:58 - [TEST_STEP][PASSED] - page = page.replaceAll("\s+", ""): null

27-11-2024T10:40:58 - [TEST_STEP][PASSED] - filePoteri = poteri.toInteger(): null

27-11-2024T10:40:58 - [TEST_STEP][PASSED] - pagePoteri = page.toInteger(): null

27-11-2024T10:40:58 - [TEST_STEP][PASSED] - compare = pageOtpuskVSet: null

27-11-2024T10:40:58 - [TEST_STEP][PASSED] - if (compare == fileOtpuskVSet): null

27-11-2024T10:40:58 - [TEST_STEP][PASSED] - if (compare == fileOtpuskVSet): null

27-11-2024T10:40:58 - [TEST_STEP][PASSED] - compare = pagePoteri: null

27-11-2024T10:40:58 - [TEST_STEP][PASSED] - if (compare == filePoteri): null

27-11-2024T10:40:58 - [TEST_STEP][PASSED] - if (compare == filePoteri): null

27-11-2024T10:40:58 - [TEST_STEP][PASSED] - if (planFact == 2): null

27-11-2024T10:40:58 - [TEST_STEP][PASSED] - if (planFact == 1): null

27-11-2024T10:40:58 - [TEST_STEP][PASSED] - else if (planFact == 2): null

27-11-2024T10:40:58 - [TEST_STEP][PASSED] - click(findTestObject("Выполнение бизнес-плана/Кнопка План")): Object: 'Object Repository/Выполнение бизнес-плана/Кнопка План' is clicked on

27-11-2024T10:40:58 - [MESSAGE][PASSED] - Object: 'Object Repository/Выполнение бизнес-плана/Кнопка План' is clicked on

27-11-2024T10:40:58 - [TEST_STEP][PASSED] - typeOfDataMain = "План": null

27-11-2024T10:40:58 - [TEST_STEP][PASSED] - otpusk = findTestData("PlanFact").getValue(2, a): null

27-11-2024T10:40:58 - [TEST_STEP][PASSED] - poteri = findTestData("PlanFact").getValue(3, a): null

27-11-2024T10:40:58 - [TEST_STEP][PASSED] - otpusk = otpusk.replaceAll("\s+", ""): null

27-11-2024T10:40:58 - [TEST_STEP][PASSED] - poteri = poteri.replaceAll("\s+", ""): null

27-11-2024T10:40:58 - [TEST_STEP][PASSED] - typeOfData = typeOfDataMain + " Отпуск в сеть": null

27-11-2024T10:40:58 - [TEST_STEP][PASSED] - if (a == 82): null

27-11-2024T10:40:58 - [TEST_STEP][PASSED] - else if (a == 84): null

27-11-2024T10:40:58 - [TEST_STEP][PASSED] - else if (a == 52 || a == 72 || a == 28 || a == 73 || a == 77 || a == 74 || a == 65 || a == 36 || a == 44 || a == 53 || a == 80 || a == 54 || a == 1 || a == 18 || a == 59 || a == 81): null

27-11-2024T10:40:58 - [TEST_STEP][PASSED] - else: null

27-11-2024T10:40:58 - [TEST_STEP][PASSED] - path = dataFolder + typeOfData + " за отчётный период " + b: null

27-11-2024T10:40:58 - [TEST_STEP][PASSED] - println(path): null

27-11-2024T10:40:58 - [TEST_STEP][PASSED] - page = getText(findTestObject(path)): Text of object 'Object Repository/Выполнение бизнес-плана/Значения со страницы Выполнение бизнес-плана/План Отпуск в сеть за отчётный период Нижновэнерго' is: '9 157 487'

27-11-2024T10:40:58 - [MESSAGE][PASSED] - Text of object 'Object Repository/Выполнение бизнес-плана/Значения со страницы Выполнение бизнес-плана/План Отпуск в сеть за отчётный период Нижновэнерго' is: '9 157 487'

27-11-2024T10:40:58 - [TEST_STEP][PASSED] - page = page.replaceAll("\s+", ""): null

27-11-2024T10:40:58 - [TEST_STEP][PASSED] - fileOtpuskVSet = otpusk.toInteger(): null

27-11-2024T10:40:58 - [TEST_STEP][PASSED] - pageOtpuskVSet = page.toInteger(): null

27-11-2024T10:40:58 - [TEST_STEP][PASSED] - typeOfData = typeOfDataMain + " Потери": null

27-11-2024T10:40:58 - [TEST_STEP][PASSED] - if (a == 82): null

27-11-2024T10:40:58 - [TEST_STEP][PASSED] - else if (a == 84): null

27-11-2024T10:40:58 - [TEST_STEP][PASSED] - else if (a == 52 || a == 72 || a == 28 || a == 73 || a == 77 || a == 74 || a == 65 || a == 36 || a == 44 || a == 53 || a == 80 || a == 54 || a == 1 || a == 18 || a == 59 || a == 81): null

27-11-2024T10:40:58 - [TEST_STEP][PASSED] - else: null

27-11-2024T10:40:58 - [TEST_STEP][PASSED] - path = dataFolder + typeOfData + " за отчётный период " + b: null

27-11-2024T10:40:58 - [TEST_STEP][PASSED] - page = getText(findTestObject(path)): Text of object 'Object Repository/Выполнение бизнес-плана/Значения со страницы Выполнение бизнес-плана/План Потери за отчётный период Нижновэнерго' is: '751 132'

27-11-2024T10:40:59 - [MESSAGE][PASSED] - Text of object 'Object Repository/Выполнение бизнес-плана/Значения со страницы Выполнение бизнес-плана/План Потери за отчётный период Нижновэнерго' is: '751 132'

27-11-2024T10:40:59 - [TEST_STEP][PASSED] - page = page.replaceAll("\s+", ""): null

27-11-2024T10:40:59 - [TEST_STEP][PASSED] - filePoteri = poteri.toInteger(): null

27-11-2024T10:40:59 - [TEST_STEP][PASSED] - pagePoteri = page.toInteger(): null

27-11-2024T10:40:59 - [TEST_STEP][PASSED] - compare = pageOtpuskVSet: null

27-11-2024T10:40:59 - [TEST_STEP][PASSED] - if (compare == fileOtpuskVSet): null

27-11-2024T10:40:59 - [TEST_STEP][PASSED] - if (compare == fileOtpuskVSet): null

27-11-2024T10:40:59 - [TEST_STEP][PASSED] - compare = pagePoteri: null

27-11-2024T10:40:59 - [TEST_STEP][PASSED] - if (compare == filePoteri): null

27-11-2024T10:40:59 - [TEST_STEP][PASSED] - if (compare == filePoteri): null

27-11-2024T10:40:59 - [TEST_STEP][PASSED] - if (planFact == 2): Object: 'Object Repository/Выполнение бизнес-плана/Кнопка Факт' is clicked on

27-11-2024T10:40:59 - [TEST_STEP][PASSED] - click(findTestObject("Выполнение бизнес-плана/Кнопка Факт")): Object: 'Object Repository/Выполнение бизнес-плана/Кнопка Факт' is clicked on

27-11-2024T10:40:59 - [MESSAGE][PASSED] - Object: 'Object Repository/Выполнение бизнес-плана/Кнопка Факт' is clicked on

27-11-2024T10:40:59 - [TEST_STEP][PASSED] - if (a == 84 || a == 82): null

27-11-2024T10:40:59 - [TEST_STEP][PASSED] - else if (a == 52 || a == 72 || a == 28 || a == 73 || a == 77 || a == 74 || a == 65 || a == 36 || a == 44 || a == 53 || a == 80 || a == 54 || a == 1 || a == 18 || a == 59 || a == 81): null

27-11-2024T10:40:59 - [TEST_STEP][PASSED] - else: null

27-11-2024T10:40:59 - [TEST_STEP][PASSED] - page1 = getText(findTestObject("Object Repository/Выполнение бизнес-плана/spanPlan" + filialNum)): Text of object 'Object Repository/Выполнение бизнес-плана/spanPlan6' is: '8.20
|'

27-11-2024T10:40:59 - [MESSAGE][PASSED] - Text of object 'Object Repository/Выполнение бизнес-плана/spanPlan6' is: '8.20
|'

27-11-2024T10:40:59 - [TEST_STEP][PASSED] - page1 = page1.replace("|", ""): null

27-11-2024T10:40:59 - [TEST_STEP][PASSED] - page2 = getText(findTestObject("Object Repository/Выполнение бизнес-плана/spanFact" + filialNum)): Text of object 'Object Repository/Выполнение бизнес-плана/spanFact6' is: '8.34
|'

27-11-2024T10:41:00 - [MESSAGE][PASSED] - Text of object 'Object Repository/Выполнение бизнес-плана/spanFact6' is: '8.34
|'

27-11-2024T10:41:00 - [TEST_STEP][PASSED] - page2 = page2.replace("|", ""): null

27-11-2024T10:41:00 - [TEST_STEP][PASSED] - println("page1: " + page1): null

27-11-2024T10:41:00 - [TEST_STEP][PASSED] - println("page2: " + page2): null

27-11-2024T10:41:00 - [TEST_STEP][PASSED] - file = findTestData("PlanFact").getValue(4, a): null

27-11-2024T10:41:00 - [TEST_STEP][PASSED] - file = file.replace(",", "."): null

27-11-2024T10:41:00 - [TEST_STEP][PASSED] - println("file Plan: " + file): null

27-11-2024T10:41:00 - [TEST_STEP][PASSED] - typeOfData = "План в процентах": null

27-11-2024T10:41:00 - [TEST_STEP][PASSED] - fileDouble = file.toDouble(): null

27-11-2024T10:41:00 - [TEST_STEP][PASSED] - pageDouble = page1.toDouble(): null

27-11-2024T10:41:00 - [TEST_STEP][PASSED] - if (fileDouble != pageDouble): null

27-11-2024T10:41:00 - [TEST_STEP][PASSED] - file = findTestData("PlanFact").getValue(7, a): null

27-11-2024T10:41:00 - [TEST_STEP][PASSED] - file = file.replace(",", "."): null

27-11-2024T10:41:00 - [TEST_STEP][PASSED] - println("file Fact: " + file): null

27-11-2024T10:41:00 - [TEST_STEP][PASSED] - fileDouble = file.toDouble(): null

27-11-2024T10:41:00 - [TEST_STEP][PASSED] - typeOfData = "Факт в процентах": null

27-11-2024T10:41:00 - [TEST_STEP][PASSED] - fileDouble = file.toDouble(): null

27-11-2024T10:41:00 - [TEST_STEP][PASSED] - pageDouble = page2.toDouble(): null

27-11-2024T10:41:00 - [TEST_STEP][PASSED] - if (fileDouble != pageDouble): null

27-11-2024T10:41:00 - [TEST_STEP][PASSED] - if (verifyEqual(numberOfErrors, 0) == false): Actual object '0' and expected object '0' are equal

27-11-2024T10:41:00 - [MESSAGE][PASSED] - Actual object '0' and expected object '0' are equal

27-11-2024T10:41:00 - [TEST_STEP][PASSED] - if (a == 82): null

27-11-2024T10:41:00 - [TEST_STEP][PASSED] - dZO = "Рязаньэнерго": null

27-11-2024T10:41:00 - [TEST_STEP][PASSED] - a = 25: null

27-11-2024T10:41:00 - [TEST_STEP][PASSED] - if (x2.contains(dZO)): null

27-11-2024T10:41:00 - [TEST_STEP][PASSED] - filialNum = filialNum + 1: null

27-11-2024T10:41:00 - [TEST_STEP][PASSED] - Script1718980020443.Numbers(a, typeOfData, todaysDate, pageInt, fileInt, pageDouble, fileDouble, dZO, dzoNum, filialNum): null

27-11-2024T10:41:00 - [TEST_STEP][PASSED] - println(dzoNum): null

27-11-2024T10:41:00 - [TEST_STEP][PASSED] - planFact = <not implemented yet for class: org.codehaus.groovy.ast.expr.EmptyExpression>: null

27-11-2024T10:41:00 - [TEST_STEP][PASSED] - page = <not implemented yet for class: org.codehaus.groovy.ast.expr.EmptyExpression>: null

27-11-2024T10:41:00 - [TEST_STEP][PASSED] - page1 = <not implemented yet for class: org.codehaus.groovy.ast.expr.EmptyExpression>: null

27-11-2024T10:41:00 - [TEST_STEP][PASSED] - page2 = <not implemented yet for class: org.codehaus.groovy.ast.expr.EmptyExpression>: null

27-11-2024T10:41:00 - [TEST_STEP][PASSED] - filialNumberInRow = <not implemented yet for class: org.codehaus.groovy.ast.expr.EmptyExpression>: null

27-11-2024T10:41:00 - [TEST_STEP][PASSED] - filialsDzoNames = <not implemented yet for class: org.codehaus.groovy.ast.expr.EmptyExpression>: null

27-11-2024T10:41:00 - [TEST_STEP][PASSED] - numberOfFilials = <not implemented yet for class: org.codehaus.groovy.ast.expr.EmptyExpression>: null

27-11-2024T10:41:00 - [TEST_STEP][PASSED] - numberOfSpaces = <not implemented yet for class: org.codehaus.groovy.ast.expr.EmptyExpression>: null

27-11-2024T10:41:00 - [TEST_STEP][PASSED] - file = <not implemented yet for class: org.codehaus.groovy.ast.expr.EmptyExpression>: null

27-11-2024T10:41:00 - [TEST_STEP][PASSED] - otpusk = <not implemented yet for class: org.codehaus.groovy.ast.expr.EmptyExpression>: null

27-11-2024T10:41:00 - [TEST_STEP][PASSED] - poteri = <not implemented yet for class: org.codehaus.groovy.ast.expr.EmptyExpression>: null

27-11-2024T10:41:00 - [TEST_STEP][PASSED] - dataFolder = "Выполнение бизнес-плана/Значения со страницы Выполнение бизнес-плана/": null

27-11-2024T10:41:00 - [TEST_STEP][PASSED] - path = <not implemented yet for class: org.codehaus.groovy.ast.expr.EmptyExpression>: null

27-11-2024T10:41:00 - [TEST_STEP][PASSED] - typeOfDataMain = <not implemented yet for class: org.codehaus.groovy.ast.expr.EmptyExpression>: null

27-11-2024T10:41:00 - [TEST_STEP][PASSED] - fileOtpuskVSet = <not implemented yet for class: org.codehaus.groovy.ast.expr.EmptyExpression>: null

27-11-2024T10:41:00 - [TEST_STEP][PASSED] - pageOtpuskVSet = <not implemented yet for class: org.codehaus.groovy.ast.expr.EmptyExpression>: null

27-11-2024T10:41:00 - [TEST_STEP][PASSED] - filePoteri = <not implemented yet for class: org.codehaus.groovy.ast.expr.EmptyExpression>: null

27-11-2024T10:41:00 - [TEST_STEP][PASSED] - pagePoteri = <not implemented yet for class: org.codehaus.groovy.ast.expr.EmptyExpression>: null

27-11-2024T10:41:00 - [TEST_STEP][PASSED] - compare = <not implemented yet for class: org.codehaus.groovy.ast.expr.EmptyExpression>: null

27-11-2024T10:41:00 - [TEST_STEP][PASSED] - b = <not implemented yet for class: org.codehaus.groovy.ast.expr.EmptyExpression>: null

27-11-2024T10:41:00 - [TEST_STEP][PASSED] - i = <not implemented yet for class: org.codehaus.groovy.ast.expr.EmptyExpression>: null

27-11-2024T10:41:00 - [TEST_STEP][PASSED] - ii = <not implemented yet for class: org.codehaus.groovy.ast.expr.EmptyExpression>: null

27-11-2024T10:41:00 - [TEST_STEP][PASSED] - c = <not implemented yet for class: org.codehaus.groovy.ast.expr.EmptyExpression>: null

27-11-2024T10:41:00 - [TEST_STEP][PASSED] - numberOfErrors = 0: null

27-11-2024T10:41:00 - [TEST_STEP][PASSED] - if (a == 82): null

27-11-2024T10:41:00 - [TEST_STEP][PASSED] - b = findTestData("PlanFact").getValue(1, a): null

27-11-2024T10:41:00 - [TEST_STEP][PASSED] - i = b.indexOf(" (ГК)"): null

27-11-2024T10:41:00 - [TEST_STEP][PASSED] - if (i > -1): null

27-11-2024T10:41:00 - [TEST_STEP][PASSED] - i = b.indexOf("О ""): null

27-11-2024T10:41:00 - [TEST_STEP][PASSED] - if (i > -1): null

27-11-2024T10:41:00 - [TEST_STEP][PASSED] - i = b.indexOf("О «"): null

27-11-2024T10:41:00 - [TEST_STEP][PASSED] - if (i > -1): null

27-11-2024T10:41:00 - [TEST_STEP][PASSED] - i = b.indexOf("г. "): null

27-11-2024T10:41:00 - [TEST_STEP][PASSED] - if (i > -1): null

27-11-2024T10:41:00 - [TEST_STEP][PASSED] - println(b): null

27-11-2024T10:41:00 - [TEST_STEP][PASSED] - for ([planFact = 1, planFact < 3, (planFact++)]): Object: 'Object Repository/Выполнение бизнес-плана/Кнопка Факт' is clicked on

27-11-2024T10:41:00 - [TEST_STEP][PASSED] - if (planFact == 1): null

27-11-2024T10:41:00 - [TEST_STEP][PASSED] - typeOfDataMain = "Факт": null

27-11-2024T10:41:00 - [TEST_STEP][PASSED] - otpusk = findTestData("PlanFact").getValue(5, a): null

27-11-2024T10:41:00 - [TEST_STEP][PASSED] - poteri = findTestData("PlanFact").getValue(6, a): null

27-11-2024T10:41:00 - [TEST_STEP][PASSED] - otpusk = otpusk.replaceAll("\s+", ""): null

27-11-2024T10:41:00 - [TEST_STEP][PASSED] - poteri = poteri.replaceAll("\s+", ""): null

27-11-2024T10:41:00 - [TEST_STEP][PASSED] - typeOfData = typeOfDataMain + " Отпуск в сеть": null

27-11-2024T10:41:00 - [TEST_STEP][PASSED] - if (a == 82): null

27-11-2024T10:41:00 - [TEST_STEP][PASSED] - else if (a == 84): null

27-11-2024T10:41:00 - [TEST_STEP][PASSED] - else if (a == 52 || a == 72 || a == 28 || a == 73 || a == 77 || a == 74 || a == 65 || a == 36 || a == 44 || a == 53 || a == 80 || a == 54 || a == 1 || a == 18 || a == 59 || a == 81): null

27-11-2024T10:41:00 - [TEST_STEP][PASSED] - else: null

27-11-2024T10:41:00 - [TEST_STEP][PASSED] - path = dataFolder + typeOfData + " за отчётный период " + b: null

27-11-2024T10:41:00 - [TEST_STEP][PASSED] - println(path): null

27-11-2024T10:41:00 - [TEST_STEP][PASSED] - page = getText(findTestObject(path)): Text of object 'Object Repository/Выполнение бизнес-плана/Значения со страницы Выполнение бизнес-плана/Факт Отпуск в сеть за отчётный период Рязаньэнерго' is: '4 163 601'

27-11-2024T10:41:00 - [MESSAGE][PASSED] - Text of object 'Object Repository/Выполнение бизнес-плана/Значения со страницы Выполнение бизнес-плана/Факт Отпуск в сеть за отчётный период Рязаньэнерго' is: '4 163 601'

27-11-2024T10:41:00 - [TEST_STEP][PASSED] - page = page.replaceAll("\s+", ""): null

27-11-2024T10:41:00 - [TEST_STEP][PASSED] - fileOtpuskVSet = otpusk.toInteger(): null

27-11-2024T10:41:00 - [TEST_STEP][PASSED] - pageOtpuskVSet = page.toInteger(): null

27-11-2024T10:41:00 - [TEST_STEP][PASSED] - typeOfData = typeOfDataMain + " Потери": null

27-11-2024T10:41:00 - [TEST_STEP][PASSED] - if (a == 82): null

27-11-2024T10:41:00 - [TEST_STEP][PASSED] - else if (a == 84): null

27-11-2024T10:41:00 - [TEST_STEP][PASSED] - else if (a == 52 || a == 72 || a == 28 || a == 73 || a == 77 || a == 74 || a == 65 || a == 36 || a == 44 || a == 53 || a == 80 || a == 54 || a == 1 || a == 18 || a == 59 || a == 81): null

27-11-2024T10:41:00 - [TEST_STEP][PASSED] - else: null

27-11-2024T10:41:00 - [TEST_STEP][PASSED] - path = dataFolder + typeOfData + " за отчётный период " + b: null

27-11-2024T10:41:00 - [TEST_STEP][PASSED] - page = getText(findTestObject(path)): Text of object 'Object Repository/Выполнение бизнес-плана/Значения со страницы Выполнение бизнес-плана/Факт Потери за отчётный период Рязаньэнерго' is: '185 955'

27-11-2024T10:41:01 - [MESSAGE][PASSED] - Text of object 'Object Repository/Выполнение бизнес-плана/Значения со страницы Выполнение бизнес-плана/Факт Потери за отчётный период Рязаньэнерго' is: '185 955'

27-11-2024T10:41:01 - [TEST_STEP][PASSED] - page = page.replaceAll("\s+", ""): null

27-11-2024T10:41:01 - [TEST_STEP][PASSED] - filePoteri = poteri.toInteger(): null

27-11-2024T10:41:01 - [TEST_STEP][PASSED] - pagePoteri = page.toInteger(): null

27-11-2024T10:41:01 - [TEST_STEP][PASSED] - compare = pageOtpuskVSet: null

27-11-2024T10:41:01 - [TEST_STEP][PASSED] - if (compare == fileOtpuskVSet): null

27-11-2024T10:41:01 - [TEST_STEP][PASSED] - if (compare == fileOtpuskVSet): null

27-11-2024T10:41:01 - [TEST_STEP][PASSED] - compare = pagePoteri: null

27-11-2024T10:41:01 - [TEST_STEP][PASSED] - if (compare == filePoteri): null

27-11-2024T10:41:01 - [TEST_STEP][PASSED] - if (compare == filePoteri): null

27-11-2024T10:41:01 - [TEST_STEP][PASSED] - if (planFact == 2): null

27-11-2024T10:41:01 - [TEST_STEP][PASSED] - if (planFact == 1): null

27-11-2024T10:41:01 - [TEST_STEP][PASSED] - else if (planFact == 2): null

27-11-2024T10:41:01 - [TEST_STEP][PASSED] - click(findTestObject("Выполнение бизнес-плана/Кнопка План")): Object: 'Object Repository/Выполнение бизнес-плана/Кнопка План' is clicked on

27-11-2024T10:41:01 - [MESSAGE][PASSED] - Object: 'Object Repository/Выполнение бизнес-плана/Кнопка План' is clicked on

27-11-2024T10:41:01 - [TEST_STEP][PASSED] - typeOfDataMain = "План": null

27-11-2024T10:41:01 - [TEST_STEP][PASSED] - otpusk = findTestData("PlanFact").getValue(2, a): null

27-11-2024T10:41:01 - [TEST_STEP][PASSED] - poteri = findTestData("PlanFact").getValue(3, a): null

27-11-2024T10:41:01 - [TEST_STEP][PASSED] - otpusk = otpusk.replaceAll("\s+", ""): null

27-11-2024T10:41:01 - [TEST_STEP][PASSED] - poteri = poteri.replaceAll("\s+", ""): null

27-11-2024T10:41:01 - [TEST_STEP][PASSED] - typeOfData = typeOfDataMain + " Отпуск в сеть": null

27-11-2024T10:41:01 - [TEST_STEP][PASSED] - if (a == 82): null

27-11-2024T10:41:01 - [TEST_STEP][PASSED] - else if (a == 84): null

27-11-2024T10:41:01 - [TEST_STEP][PASSED] - else if (a == 52 || a == 72 || a == 28 || a == 73 || a == 77 || a == 74 || a == 65 || a == 36 || a == 44 || a == 53 || a == 80 || a == 54 || a == 1 || a == 18 || a == 59 || a == 81): null

27-11-2024T10:41:01 - [TEST_STEP][PASSED] - else: null

27-11-2024T10:41:01 - [TEST_STEP][PASSED] - path = dataFolder + typeOfData + " за отчётный период " + b: null

27-11-2024T10:41:01 - [TEST_STEP][PASSED] - println(path): null

27-11-2024T10:41:01 - [TEST_STEP][PASSED] - page = getText(findTestObject(path)): Text of object 'Object Repository/Выполнение бизнес-плана/Значения со страницы Выполнение бизнес-плана/План Отпуск в сеть за отчётный период Рязаньэнерго' is: '4 037 286'

27-11-2024T10:41:01 - [MESSAGE][PASSED] - Text of object 'Object Repository/Выполнение бизнес-плана/Значения со страницы Выполнение бизнес-плана/План Отпуск в сеть за отчётный период Рязаньэнерго' is: '4 037 286'

27-11-2024T10:41:01 - [TEST_STEP][PASSED] - page = page.replaceAll("\s+", ""): null

27-11-2024T10:41:01 - [TEST_STEP][PASSED] - fileOtpuskVSet = otpusk.toInteger(): null

27-11-2024T10:41:01 - [TEST_STEP][PASSED] - pageOtpuskVSet = page.toInteger(): null

27-11-2024T10:41:01 - [TEST_STEP][PASSED] - typeOfData = typeOfDataMain + " Потери": null

27-11-2024T10:41:01 - [TEST_STEP][PASSED] - if (a == 82): null

27-11-2024T10:41:01 - [TEST_STEP][PASSED] - else if (a == 84): null

27-11-2024T10:41:01 - [TEST_STEP][PASSED] - else if (a == 52 || a == 72 || a == 28 || a == 73 || a == 77 || a == 74 || a == 65 || a == 36 || a == 44 || a == 53 || a == 80 || a == 54 || a == 1 || a == 18 || a == 59 || a == 81): null

27-11-2024T10:41:01 - [TEST_STEP][PASSED] - else: null

27-11-2024T10:41:01 - [TEST_STEP][PASSED] - path = dataFolder + typeOfData + " за отчётный период " + b: null

27-11-2024T10:41:01 - [TEST_STEP][PASSED] - page = getText(findTestObject(path)): Text of object 'Object Repository/Выполнение бизнес-плана/Значения со страницы Выполнение бизнес-плана/План Потери за отчётный период Рязаньэнерго' is: '180 720'

27-11-2024T10:41:02 - [MESSAGE][PASSED] - Text of object 'Object Repository/Выполнение бизнес-плана/Значения со страницы Выполнение бизнес-плана/План Потери за отчётный период Рязаньэнерго' is: '180 720'

27-11-2024T10:41:02 - [TEST_STEP][PASSED] - page = page.replaceAll("\s+", ""): null

27-11-2024T10:41:02 - [TEST_STEP][PASSED] - filePoteri = poteri.toInteger(): null

27-11-2024T10:41:02 - [TEST_STEP][PASSED] - pagePoteri = page.toInteger(): null

27-11-2024T10:41:02 - [TEST_STEP][PASSED] - compare = pageOtpuskVSet: null

27-11-2024T10:41:02 - [TEST_STEP][PASSED] - if (compare == fileOtpuskVSet): null

27-11-2024T10:41:02 - [TEST_STEP][PASSED] - if (compare == fileOtpuskVSet): null

27-11-2024T10:41:02 - [TEST_STEP][PASSED] - compare = pagePoteri: null

27-11-2024T10:41:02 - [TEST_STEP][PASSED] - if (compare == filePoteri): null

27-11-2024T10:41:02 - [TEST_STEP][PASSED] - if (compare == filePoteri): null

27-11-2024T10:41:02 - [TEST_STEP][PASSED] - if (planFact == 2): Object: 'Object Repository/Выполнение бизнес-плана/Кнопка Факт' is clicked on

27-11-2024T10:41:02 - [TEST_STEP][PASSED] - click(findTestObject("Выполнение бизнес-плана/Кнопка Факт")): Object: 'Object Repository/Выполнение бизнес-плана/Кнопка Факт' is clicked on

27-11-2024T10:41:02 - [MESSAGE][PASSED] - Object: 'Object Repository/Выполнение бизнес-плана/Кнопка Факт' is clicked on

27-11-2024T10:41:02 - [TEST_STEP][PASSED] - if (a == 84 || a == 82): null

27-11-2024T10:41:02 - [TEST_STEP][PASSED] - else if (a == 52 || a == 72 || a == 28 || a == 73 || a == 77 || a == 74 || a == 65 || a == 36 || a == 44 || a == 53 || a == 80 || a == 54 || a == 1 || a == 18 || a == 59 || a == 81): null

27-11-2024T10:41:02 - [TEST_STEP][PASSED] - else: null

27-11-2024T10:41:02 - [TEST_STEP][PASSED] - page1 = getText(findTestObject("Object Repository/Выполнение бизнес-плана/spanPlan" + filialNum)): Text of object 'Object Repository/Выполнение бизнес-плана/spanPlan7' is: '4.48
|'

27-11-2024T10:41:02 - [MESSAGE][PASSED] - Text of object 'Object Repository/Выполнение бизнес-плана/spanPlan7' is: '4.48
|'

27-11-2024T10:41:02 - [TEST_STEP][PASSED] - page1 = page1.replace("|", ""): null

27-11-2024T10:41:02 - [TEST_STEP][PASSED] - page2 = getText(findTestObject("Object Repository/Выполнение бизнес-плана/spanFact" + filialNum)): Text of object 'Object Repository/Выполнение бизнес-плана/spanFact7' is: '4.47
|'

27-11-2024T10:41:03 - [MESSAGE][PASSED] - Text of object 'Object Repository/Выполнение бизнес-плана/spanFact7' is: '4.47
|'

27-11-2024T10:41:03 - [TEST_STEP][PASSED] - page2 = page2.replace("|", ""): null

27-11-2024T10:41:03 - [TEST_STEP][PASSED] - println("page1: " + page1): null

27-11-2024T10:41:03 - [TEST_STEP][PASSED] - println("page2: " + page2): null

27-11-2024T10:41:03 - [TEST_STEP][PASSED] - file = findTestData("PlanFact").getValue(4, a): null

27-11-2024T10:41:03 - [TEST_STEP][PASSED] - file = file.replace(",", "."): null

27-11-2024T10:41:03 - [TEST_STEP][PASSED] - println("file Plan: " + file): null

27-11-2024T10:41:03 - [TEST_STEP][PASSED] - typeOfData = "План в процентах": null

27-11-2024T10:41:03 - [TEST_STEP][PASSED] - fileDouble = file.toDouble(): null

27-11-2024T10:41:03 - [TEST_STEP][PASSED] - pageDouble = page1.toDouble(): null

27-11-2024T10:41:03 - [TEST_STEP][PASSED] - if (fileDouble != pageDouble): null

27-11-2024T10:41:03 - [TEST_STEP][PASSED] - file = findTestData("PlanFact").getValue(7, a): null

27-11-2024T10:41:03 - [TEST_STEP][PASSED] - file = file.replace(",", "."): null

27-11-2024T10:41:03 - [TEST_STEP][PASSED] - println("file Fact: " + file): null

27-11-2024T10:41:03 - [TEST_STEP][PASSED] - fileDouble = file.toDouble(): null

27-11-2024T10:41:03 - [TEST_STEP][PASSED] - typeOfData = "Факт в процентах": null

27-11-2024T10:41:03 - [TEST_STEP][PASSED] - fileDouble = file.toDouble(): null

27-11-2024T10:41:03 - [TEST_STEP][PASSED] - pageDouble = page2.toDouble(): null

27-11-2024T10:41:03 - [TEST_STEP][PASSED] - if (fileDouble != pageDouble): null

27-11-2024T10:41:03 - [TEST_STEP][PASSED] - if (verifyEqual(numberOfErrors, 0) == false): Actual object '0' and expected object '0' are equal

27-11-2024T10:41:03 - [MESSAGE][PASSED] - Actual object '0' and expected object '0' are equal

27-11-2024T10:41:03 - [TEST_STEP][PASSED] - if (a == 82): null

27-11-2024T10:41:03 - [TEST_STEP][PASSED] - dZO = "Тулэнерго": null

27-11-2024T10:41:03 - [TEST_STEP][PASSED] - a = 26: null

27-11-2024T10:41:03 - [TEST_STEP][PASSED] - if (x2.contains(dZO)): null

27-11-2024T10:41:03 - [TEST_STEP][PASSED] - filialNum = filialNum + 1: null

27-11-2024T10:41:03 - [TEST_STEP][PASSED] - Script1718980020443.Numbers(a, typeOfData, todaysDate, pageInt, fileInt, pageDouble, fileDouble, dZO, dzoNum, filialNum): null

27-11-2024T10:41:03 - [TEST_STEP][PASSED] - println(dzoNum): null

27-11-2024T10:41:03 - [TEST_STEP][PASSED] - planFact = <not implemented yet for class: org.codehaus.groovy.ast.expr.EmptyExpression>: null

27-11-2024T10:41:03 - [TEST_STEP][PASSED] - page = <not implemented yet for class: org.codehaus.groovy.ast.expr.EmptyExpression>: null

27-11-2024T10:41:03 - [TEST_STEP][PASSED] - page1 = <not implemented yet for class: org.codehaus.groovy.ast.expr.EmptyExpression>: null

27-11-2024T10:41:03 - [TEST_STEP][PASSED] - page2 = <not implemented yet for class: org.codehaus.groovy.ast.expr.EmptyExpression>: null

27-11-2024T10:41:03 - [TEST_STEP][PASSED] - filialNumberInRow = <not implemented yet for class: org.codehaus.groovy.ast.expr.EmptyExpression>: null

27-11-2024T10:41:03 - [TEST_STEP][PASSED] - filialsDzoNames = <not implemented yet for class: org.codehaus.groovy.ast.expr.EmptyExpression>: null

27-11-2024T10:41:03 - [TEST_STEP][PASSED] - numberOfFilials = <not implemented yet for class: org.codehaus.groovy.ast.expr.EmptyExpression>: null

27-11-2024T10:41:03 - [TEST_STEP][PASSED] - numberOfSpaces = <not implemented yet for class: org.codehaus.groovy.ast.expr.EmptyExpression>: null

27-11-2024T10:41:03 - [TEST_STEP][PASSED] - file = <not implemented yet for class: org.codehaus.groovy.ast.expr.EmptyExpression>: null

27-11-2024T10:41:03 - [TEST_STEP][PASSED] - otpusk = <not implemented yet for class: org.codehaus.groovy.ast.expr.EmptyExpression>: null

27-11-2024T10:41:03 - [TEST_STEP][PASSED] - poteri = <not implemented yet for class: org.codehaus.groovy.ast.expr.EmptyExpression>: null

27-11-2024T10:41:03 - [TEST_STEP][PASSED] - dataFolder = "Выполнение бизнес-плана/Значения со страницы Выполнение бизнес-плана/": null

27-11-2024T10:41:03 - [TEST_STEP][PASSED] - path = <not implemented yet for class: org.codehaus.groovy.ast.expr.EmptyExpression>: null

27-11-2024T10:41:03 - [TEST_STEP][PASSED] - typeOfDataMain = <not implemented yet for class: org.codehaus.groovy.ast.expr.EmptyExpression>: null

27-11-2024T10:41:03 - [TEST_STEP][PASSED] - fileOtpuskVSet = <not implemented yet for class: org.codehaus.groovy.ast.expr.EmptyExpression>: null

27-11-2024T10:41:03 - [TEST_STEP][PASSED] - pageOtpuskVSet = <not implemented yet for class: org.codehaus.groovy.ast.expr.EmptyExpression>: null

27-11-2024T10:41:03 - [TEST_STEP][PASSED] - filePoteri = <not implemented yet for class: org.codehaus.groovy.ast.expr.EmptyExpression>: null

27-11-2024T10:41:03 - [TEST_STEP][PASSED] - pagePoteri = <not implemented yet for class: org.codehaus.groovy.ast.expr.EmptyExpression>: null

27-11-2024T10:41:03 - [TEST_STEP][PASSED] - compare = <not implemented yet for class: org.codehaus.groovy.ast.expr.EmptyExpression>: null

27-11-2024T10:41:03 - [TEST_STEP][PASSED] - b = <not implemented yet for class: org.codehaus.groovy.ast.expr.EmptyExpression>: null

27-11-2024T10:41:03 - [TEST_STEP][PASSED] - i = <not implemented yet for class: org.codehaus.groovy.ast.expr.EmptyExpression>: null

27-11-2024T10:41:03 - [TEST_STEP][PASSED] - ii = <not implemented yet for class: org.codehaus.groovy.ast.expr.EmptyExpression>: null

27-11-2024T10:41:03 - [TEST_STEP][PASSED] - c = <not implemented yet for class: org.codehaus.groovy.ast.expr.EmptyExpression>: null

27-11-2024T10:41:03 - [TEST_STEP][PASSED] - numberOfErrors = 0: null

27-11-2024T10:41:03 - [TEST_STEP][PASSED] - if (a == 82): null

27-11-2024T10:41:03 - [TEST_STEP][PASSED] - b = findTestData("PlanFact").getValue(1, a): null

27-11-2024T10:41:03 - [TEST_STEP][PASSED] - i = b.indexOf(" (ГК)"): null

27-11-2024T10:41:03 - [TEST_STEP][PASSED] - if (i > -1): null

27-11-2024T10:41:03 - [TEST_STEP][PASSED] - i = b.indexOf("О ""): null

27-11-2024T10:41:03 - [TEST_STEP][PASSED] - if (i > -1): null

27-11-2024T10:41:03 - [TEST_STEP][PASSED] - i = b.indexOf("О «"): null

27-11-2024T10:41:03 - [TEST_STEP][PASSED] - if (i > -1): null

27-11-2024T10:41:03 - [TEST_STEP][PASSED] - i = b.indexOf("г. "): null

27-11-2024T10:41:03 - [TEST_STEP][PASSED] - if (i > -1): null

27-11-2024T10:41:03 - [TEST_STEP][PASSED] - println(b): null

27-11-2024T10:41:03 - [TEST_STEP][PASSED] - for ([planFact = 1, planFact < 3, (planFact++)]): Object: 'Object Repository/Выполнение бизнес-плана/Кнопка Факт' is clicked on

27-11-2024T10:41:03 - [TEST_STEP][PASSED] - if (planFact == 1): null

27-11-2024T10:41:03 - [TEST_STEP][PASSED] - typeOfDataMain = "Факт": null

27-11-2024T10:41:03 - [TEST_STEP][PASSED] - otpusk = findTestData("PlanFact").getValue(5, a): null

27-11-2024T10:41:03 - [TEST_STEP][PASSED] - poteri = findTestData("PlanFact").getValue(6, a): null

27-11-2024T10:41:03 - [TEST_STEP][PASSED] - otpusk = otpusk.replaceAll("\s+", ""): null

27-11-2024T10:41:03 - [TEST_STEP][PASSED] - poteri = poteri.replaceAll("\s+", ""): null

27-11-2024T10:41:03 - [TEST_STEP][PASSED] - typeOfData = typeOfDataMain + " Отпуск в сеть": null

27-11-2024T10:41:03 - [TEST_STEP][PASSED] - if (a == 82): null

27-11-2024T10:41:03 - [TEST_STEP][PASSED] - else if (a == 84): null

27-11-2024T10:41:03 - [TEST_STEP][PASSED] - else if (a == 52 || a == 72 || a == 28 || a == 73 || a == 77 || a == 74 || a == 65 || a == 36 || a == 44 || a == 53 || a == 80 || a == 54 || a == 1 || a == 18 || a == 59 || a == 81): null

27-11-2024T10:41:03 - [TEST_STEP][PASSED] - else: null

27-11-2024T10:41:03 - [TEST_STEP][PASSED] - path = dataFolder + typeOfData + " за отчётный период " + b: null

27-11-2024T10:41:03 - [TEST_STEP][PASSED] - println(path): null

27-11-2024T10:41:03 - [TEST_STEP][PASSED] - page = getText(findTestObject(path)): Text of object 'Object Repository/Выполнение бизнес-плана/Значения со страницы Выполнение бизнес-плана/Факт Отпуск в сеть за отчётный период Тулэнерго' is: '4 849 854'

27-11-2024T10:41:03 - [MESSAGE][PASSED] - Text of object 'Object Repository/Выполнение бизнес-плана/Значения со страницы Выполнение бизнес-плана/Факт Отпуск в сеть за отчётный период Тулэнерго' is: '4 849 854'

27-11-2024T10:41:03 - [TEST_STEP][PASSED] - page = page.replaceAll("\s+", ""): null

27-11-2024T10:41:03 - [TEST_STEP][PASSED] - fileOtpuskVSet = otpusk.toInteger(): null

27-11-2024T10:41:03 - [TEST_STEP][PASSED] - pageOtpuskVSet = page.toInteger(): null

27-11-2024T10:41:03 - [TEST_STEP][PASSED] - typeOfData = typeOfDataMain + " Потери": null

27-11-2024T10:41:03 - [TEST_STEP][PASSED] - if (a == 82): null

27-11-2024T10:41:03 - [TEST_STEP][PASSED] - else if (a == 84): null

27-11-2024T10:41:03 - [TEST_STEP][PASSED] - else if (a == 52 || a == 72 || a == 28 || a == 73 || a == 77 || a == 74 || a == 65 || a == 36 || a == 44 || a == 53 || a == 80 || a == 54 || a == 1 || a == 18 || a == 59 || a == 81): null

27-11-2024T10:41:03 - [TEST_STEP][PASSED] - else: null

27-11-2024T10:41:03 - [TEST_STEP][PASSED] - path = dataFolder + typeOfData + " за отчётный период " + b: null

27-11-2024T10:41:03 - [TEST_STEP][PASSED] - page = getText(findTestObject(path)): Text of object 'Object Repository/Выполнение бизнес-плана/Значения со страницы Выполнение бизнес-плана/Факт Потери за отчётный период Тулэнерго' is: '347 918'

27-11-2024T10:41:04 - [MESSAGE][PASSED] - Text of object 'Object Repository/Выполнение бизнес-плана/Значения со страницы Выполнение бизнес-плана/Факт Потери за отчётный период Тулэнерго' is: '347 918'

27-11-2024T10:41:04 - [TEST_STEP][PASSED] - page = page.replaceAll("\s+", ""): null

27-11-2024T10:41:04 - [TEST_STEP][PASSED] - filePoteri = poteri.toInteger(): null

27-11-2024T10:41:04 - [TEST_STEP][PASSED] - pagePoteri = page.toInteger(): null

27-11-2024T10:41:04 - [TEST_STEP][PASSED] - compare = pageOtpuskVSet: null

27-11-2024T10:41:04 - [TEST_STEP][PASSED] - if (compare == fileOtpuskVSet): null

27-11-2024T10:41:04 - [TEST_STEP][PASSED] - if (compare == fileOtpuskVSet): null

27-11-2024T10:41:04 - [TEST_STEP][PASSED] - compare = pagePoteri: null

27-11-2024T10:41:04 - [TEST_STEP][PASSED] - if (compare == filePoteri): null

27-11-2024T10:41:04 - [TEST_STEP][PASSED] - if (compare == filePoteri): null

27-11-2024T10:41:04 - [TEST_STEP][PASSED] - if (planFact == 2): null

27-11-2024T10:41:04 - [TEST_STEP][PASSED] - if (planFact == 1): null

27-11-2024T10:41:04 - [TEST_STEP][PASSED] - else if (planFact == 2): null

27-11-2024T10:41:04 - [TEST_STEP][PASSED] - click(findTestObject("Выполнение бизнес-плана/Кнопка План")): Object: 'Object Repository/Выполнение бизнес-плана/Кнопка План' is clicked on

27-11-2024T10:41:04 - [MESSAGE][PASSED] - Object: 'Object Repository/Выполнение бизнес-плана/Кнопка План' is clicked on

27-11-2024T10:41:04 - [TEST_STEP][PASSED] - typeOfDataMain = "План": null

27-11-2024T10:41:04 - [TEST_STEP][PASSED] - otpusk = findTestData("PlanFact").getValue(2, a): null

27-11-2024T10:41:04 - [TEST_STEP][PASSED] - poteri = findTestData("PlanFact").getValue(3, a): null

27-11-2024T10:41:04 - [TEST_STEP][PASSED] - otpusk = otpusk.replaceAll("\s+", ""): null

27-11-2024T10:41:04 - [TEST_STEP][PASSED] - poteri = poteri.replaceAll("\s+", ""): null

27-11-2024T10:41:04 - [TEST_STEP][PASSED] - typeOfData = typeOfDataMain + " Отпуск в сеть": null

27-11-2024T10:41:04 - [TEST_STEP][PASSED] - if (a == 82): null

27-11-2024T10:41:04 - [TEST_STEP][PASSED] - else if (a == 84): null

27-11-2024T10:41:04 - [TEST_STEP][PASSED] - else if (a == 52 || a == 72 || a == 28 || a == 73 || a == 77 || a == 74 || a == 65 || a == 36 || a == 44 || a == 53 || a == 80 || a == 54 || a == 1 || a == 18 || a == 59 || a == 81): null

27-11-2024T10:41:04 - [TEST_STEP][PASSED] - else: null

27-11-2024T10:41:04 - [TEST_STEP][PASSED] - path = dataFolder + typeOfData + " за отчётный период " + b: null

27-11-2024T10:41:04 - [TEST_STEP][PASSED] - println(path): null

27-11-2024T10:41:04 - [TEST_STEP][PASSED] - page = getText(findTestObject(path)): Text of object 'Object Repository/Выполнение бизнес-плана/Значения со страницы Выполнение бизнес-плана/План Отпуск в сеть за отчётный период Тулэнерго' is: '4 646 129'

27-11-2024T10:41:04 - [MESSAGE][PASSED] - Text of object 'Object Repository/Выполнение бизнес-плана/Значения со страницы Выполнение бизнес-плана/План Отпуск в сеть за отчётный период Тулэнерго' is: '4 646 129'

27-11-2024T10:41:04 - [TEST_STEP][PASSED] - page = page.replaceAll("\s+", ""): null

27-11-2024T10:41:04 - [TEST_STEP][PASSED] - fileOtpuskVSet = otpusk.toInteger(): null

27-11-2024T10:41:04 - [TEST_STEP][PASSED] - pageOtpuskVSet = page.toInteger(): null

27-11-2024T10:41:04 - [TEST_STEP][PASSED] - typeOfData = typeOfDataMain + " Потери": null

27-11-2024T10:41:04 - [TEST_STEP][PASSED] - if (a == 82): null

27-11-2024T10:41:04 - [TEST_STEP][PASSED] - else if (a == 84): null

27-11-2024T10:41:04 - [TEST_STEP][PASSED] - else if (a == 52 || a == 72 || a == 28 || a == 73 || a == 77 || a == 74 || a == 65 || a == 36 || a == 44 || a == 53 || a == 80 || a == 54 || a == 1 || a == 18 || a == 59 || a == 81): null

27-11-2024T10:41:04 - [TEST_STEP][PASSED] - else: null

27-11-2024T10:41:04 - [TEST_STEP][PASSED] - path = dataFolder + typeOfData + " за отчётный период " + b: null

27-11-2024T10:41:04 - [TEST_STEP][PASSED] - page = getText(findTestObject(path)): Text of object 'Object Repository/Выполнение бизнес-плана/Значения со страницы Выполнение бизнес-плана/План Потери за отчётный период Тулэнерго' is: '369 626'

27-11-2024T10:41:05 - [MESSAGE][PASSED] - Text of object 'Object Repository/Выполнение бизнес-плана/Значения со страницы Выполнение бизнес-плана/План Потери за отчётный период Тулэнерго' is: '369 626'

27-11-2024T10:41:05 - [TEST_STEP][PASSED] - page = page.replaceAll("\s+", ""): null

27-11-2024T10:41:05 - [TEST_STEP][PASSED] - filePoteri = poteri.toInteger(): null

27-11-2024T10:41:05 - [TEST_STEP][PASSED] - pagePoteri = page.toInteger(): null

27-11-2024T10:41:05 - [TEST_STEP][PASSED] - compare = pageOtpuskVSet: null

27-11-2024T10:41:05 - [TEST_STEP][PASSED] - if (compare == fileOtpuskVSet): null

27-11-2024T10:41:05 - [TEST_STEP][PASSED] - if (compare == fileOtpuskVSet): null

27-11-2024T10:41:05 - [TEST_STEP][PASSED] - compare = pagePoteri: null

27-11-2024T10:41:05 - [TEST_STEP][PASSED] - if (compare == filePoteri): null

27-11-2024T10:41:05 - [TEST_STEP][PASSED] - if (compare == filePoteri): null

27-11-2024T10:41:05 - [TEST_STEP][PASSED] - if (planFact == 2): Object: 'Object Repository/Выполнение бизнес-плана/Кнопка Факт' is clicked on

27-11-2024T10:41:05 - [TEST_STEP][PASSED] - click(findTestObject("Выполнение бизнес-плана/Кнопка Факт")): Object: 'Object Repository/Выполнение бизнес-плана/Кнопка Факт' is clicked on

27-11-2024T10:41:05 - [MESSAGE][PASSED] - Object: 'Object Repository/Выполнение бизнес-плана/Кнопка Факт' is clicked on

27-11-2024T10:41:05 - [TEST_STEP][PASSED] - if (a == 84 || a == 82): null

27-11-2024T10:41:05 - [TEST_STEP][PASSED] - else if (a == 52 || a == 72 || a == 28 || a == 73 || a == 77 || a == 74 || a == 65 || a == 36 || a == 44 || a == 53 || a == 80 || a == 54 || a == 1 || a == 18 || a == 59 || a == 81): null

27-11-2024T10:41:05 - [TEST_STEP][PASSED] - else: null

27-11-2024T10:41:05 - [TEST_STEP][PASSED] - page1 = getText(findTestObject("Object Repository/Выполнение бизнес-плана/spanPlan" + filialNum)): Text of object 'Object Repository/Выполнение бизнес-плана/spanPlan8' is: '7.96
|'

27-11-2024T10:41:05 - [MESSAGE][PASSED] - Text of object 'Object Repository/Выполнение бизнес-плана/spanPlan8' is: '7.96
|'

27-11-2024T10:41:05 - [TEST_STEP][PASSED] - page1 = page1.replace("|", ""): null

27-11-2024T10:41:05 - [TEST_STEP][PASSED] - page2 = getText(findTestObject("Object Repository/Выполнение бизнес-плана/spanFact" + filialNum)): Text of object 'Object Repository/Выполнение бизнес-плана/spanFact8' is: '7.17
|'

27-11-2024T10:41:05 - [MESSAGE][PASSED] - Text of object 'Object Repository/Выполнение бизнес-плана/spanFact8' is: '7.17
|'

27-11-2024T10:41:05 - [TEST_STEP][PASSED] - page2 = page2.replace("|", ""): null

27-11-2024T10:41:05 - [TEST_STEP][PASSED] - println("page1: " + page1): null

27-11-2024T10:41:05 - [TEST_STEP][PASSED] - println("page2: " + page2): null

27-11-2024T10:41:05 - [TEST_STEP][PASSED] - file = findTestData("PlanFact").getValue(4, a): null

27-11-2024T10:41:06 - [TEST_STEP][PASSED] - file = file.replace(",", "."): null

27-11-2024T10:41:06 - [TEST_STEP][PASSED] - println("file Plan: " + file): null

27-11-2024T10:41:06 - [TEST_STEP][PASSED] - typeOfData = "План в процентах": null

27-11-2024T10:41:06 - [TEST_STEP][PASSED] - fileDouble = file.toDouble(): null

27-11-2024T10:41:06 - [TEST_STEP][PASSED] - pageDouble = page1.toDouble(): null

27-11-2024T10:41:06 - [TEST_STEP][PASSED] - if (fileDouble != pageDouble): null

27-11-2024T10:41:06 - [TEST_STEP][PASSED] - file = findTestData("PlanFact").getValue(7, a): null

27-11-2024T10:41:06 - [TEST_STEP][PASSED] - file = file.replace(",", "."): null

27-11-2024T10:41:06 - [TEST_STEP][PASSED] - println("file Fact: " + file): null

27-11-2024T10:41:06 - [TEST_STEP][PASSED] - fileDouble = file.toDouble(): null

27-11-2024T10:41:06 - [TEST_STEP][PASSED] - typeOfData = "Факт в процентах": null

27-11-2024T10:41:06 - [TEST_STEP][PASSED] - fileDouble = file.toDouble(): null

27-11-2024T10:41:06 - [TEST_STEP][PASSED] - pageDouble = page2.toDouble(): null

27-11-2024T10:41:06 - [TEST_STEP][PASSED] - if (fileDouble != pageDouble): null

27-11-2024T10:41:06 - [TEST_STEP][PASSED] - if (verifyEqual(numberOfErrors, 0) == false): Actual object '0' and expected object '0' are equal

27-11-2024T10:41:06 - [MESSAGE][PASSED] - Actual object '0' and expected object '0' are equal

27-11-2024T10:41:06 - [TEST_STEP][PASSED] - if (a == 82): null

27-11-2024T10:41:06 - [TEST_STEP][PASSED] - dZO = "Удмуртэнерго": null

27-11-2024T10:41:06 - [TEST_STEP][PASSED] - a = 27: null

27-11-2024T10:41:06 - [TEST_STEP][PASSED] - if (x2.contains(dZO)): null

27-11-2024T10:41:06 - [TEST_STEP][PASSED] - filialNum = filialNum + 1: null

27-11-2024T10:41:06 - [TEST_STEP][PASSED] - Script1718980020443.Numbers(a, typeOfData, todaysDate, pageInt, fileInt, pageDouble, fileDouble, dZO, dzoNum, filialNum): null

27-11-2024T10:41:06 - [TEST_STEP][PASSED] - println(dzoNum): null

27-11-2024T10:41:06 - [TEST_STEP][PASSED] - planFact = <not implemented yet for class: org.codehaus.groovy.ast.expr.EmptyExpression>: null

27-11-2024T10:41:06 - [TEST_STEP][PASSED] - page = <not implemented yet for class: org.codehaus.groovy.ast.expr.EmptyExpression>: null

27-11-2024T10:41:06 - [TEST_STEP][PASSED] - page1 = <not implemented yet for class: org.codehaus.groovy.ast.expr.EmptyExpression>: null

27-11-2024T10:41:06 - [TEST_STEP][PASSED] - page2 = <not implemented yet for class: org.codehaus.groovy.ast.expr.EmptyExpression>: null

27-11-2024T10:41:06 - [TEST_STEP][PASSED] - filialNumberInRow = <not implemented yet for class: org.codehaus.groovy.ast.expr.EmptyExpression>: null

27-11-2024T10:41:06 - [TEST_STEP][PASSED] - filialsDzoNames = <not implemented yet for class: org.codehaus.groovy.ast.expr.EmptyExpression>: null

27-11-2024T10:41:06 - [TEST_STEP][PASSED] - numberOfFilials = <not implemented yet for class: org.codehaus.groovy.ast.expr.EmptyExpression>: null

27-11-2024T10:41:06 - [TEST_STEP][PASSED] - numberOfSpaces = <not implemented yet for class: org.codehaus.groovy.ast.expr.EmptyExpression>: null

27-11-2024T10:41:06 - [TEST_STEP][PASSED] - file = <not implemented yet for class: org.codehaus.groovy.ast.expr.EmptyExpression>: null

27-11-2024T10:41:06 - [TEST_STEP][PASSED] - otpusk = <not implemented yet for class: org.codehaus.groovy.ast.expr.EmptyExpression>: null

27-11-2024T10:41:06 - [TEST_STEP][PASSED] - poteri = <not implemented yet for class: org.codehaus.groovy.ast.expr.EmptyExpression>: null

27-11-2024T10:41:06 - [TEST_STEP][PASSED] - dataFolder = "Выполнение бизнес-плана/Значения со страницы Выполнение бизнес-плана/": null

27-11-2024T10:41:06 - [TEST_STEP][PASSED] - path = <not implemented yet for class: org.codehaus.groovy.ast.expr.EmptyExpression>: null

27-11-2024T10:41:06 - [TEST_STEP][PASSED] - typeOfDataMain = <not implemented yet for class: org.codehaus.groovy.ast.expr.EmptyExpression>: null

27-11-2024T10:41:06 - [TEST_STEP][PASSED] - fileOtpuskVSet = <not implemented yet for class: org.codehaus.groovy.ast.expr.EmptyExpression>: null

27-11-2024T10:41:06 - [TEST_STEP][PASSED] - pageOtpuskVSet = <not implemented yet for class: org.codehaus.groovy.ast.expr.EmptyExpression>: null

27-11-2024T10:41:06 - [TEST_STEP][PASSED] - filePoteri = <not implemented yet for class: org.codehaus.groovy.ast.expr.EmptyExpression>: null

27-11-2024T10:41:06 - [TEST_STEP][PASSED] - pagePoteri = <not implemented yet for class: org.codehaus.groovy.ast.expr.EmptyExpression>: null

27-11-2024T10:41:06 - [TEST_STEP][PASSED] - compare = <not implemented yet for class: org.codehaus.groovy.ast.expr.EmptyExpression>: null

27-11-2024T10:41:06 - [TEST_STEP][PASSED] - b = <not implemented yet for class: org.codehaus.groovy.ast.expr.EmptyExpression>: null

27-11-2024T10:41:06 - [TEST_STEP][PASSED] - i = <not implemented yet for class: org.codehaus.groovy.ast.expr.EmptyExpression>: null

27-11-2024T10:41:06 - [TEST_STEP][PASSED] - ii = <not implemented yet for class: org.codehaus.groovy.ast.expr.EmptyExpression>: null

27-11-2024T10:41:06 - [TEST_STEP][PASSED] - c = <not implemented yet for class: org.codehaus.groovy.ast.expr.EmptyExpression>: null

27-11-2024T10:41:06 - [TEST_STEP][PASSED] - numberOfErrors = 0: null

27-11-2024T10:41:06 - [TEST_STEP][PASSED] - if (a == 82): null

27-11-2024T10:41:06 - [TEST_STEP][PASSED] - b = findTestData("PlanFact").getValue(1, a): null

27-11-2024T10:41:06 - [TEST_STEP][PASSED] - i = b.indexOf(" (ГК)"): null

27-11-2024T10:41:06 - [TEST_STEP][PASSED] - if (i > -1): null

27-11-2024T10:41:06 - [TEST_STEP][PASSED] - i = b.indexOf("О ""): null

27-11-2024T10:41:06 - [TEST_STEP][PASSED] - if (i > -1): null

27-11-2024T10:41:06 - [TEST_STEP][PASSED] - i = b.indexOf("О «"): null

27-11-2024T10:41:06 - [TEST_STEP][PASSED] - if (i > -1): null

27-11-2024T10:41:06 - [TEST_STEP][PASSED] - i = b.indexOf("г. "): null

27-11-2024T10:41:06 - [TEST_STEP][PASSED] - if (i > -1): null

27-11-2024T10:41:06 - [TEST_STEP][PASSED] - println(b): null

27-11-2024T10:41:06 - [TEST_STEP][PASSED] - for ([planFact = 1, planFact < 3, (planFact++)]): Object: 'Object Repository/Выполнение бизнес-плана/Кнопка Факт' is clicked on

27-11-2024T10:41:06 - [TEST_STEP][PASSED] - if (planFact == 1): null

27-11-2024T10:41:06 - [TEST_STEP][PASSED] - typeOfDataMain = "Факт": null

27-11-2024T10:41:06 - [TEST_STEP][PASSED] - otpusk = findTestData("PlanFact").getValue(5, a): null

27-11-2024T10:41:06 - [TEST_STEP][PASSED] - poteri = findTestData("PlanFact").getValue(6, a): null

27-11-2024T10:41:06 - [TEST_STEP][PASSED] - otpusk = otpusk.replaceAll("\s+", ""): null

27-11-2024T10:41:06 - [TEST_STEP][PASSED] - poteri = poteri.replaceAll("\s+", ""): null

27-11-2024T10:41:06 - [TEST_STEP][PASSED] - typeOfData = typeOfDataMain + " Отпуск в сеть": null

27-11-2024T10:41:06 - [TEST_STEP][PASSED] - if (a == 82): null

27-11-2024T10:41:06 - [TEST_STEP][PASSED] - else if (a == 84): null

27-11-2024T10:41:06 - [TEST_STEP][PASSED] - else if (a == 52 || a == 72 || a == 28 || a == 73 || a == 77 || a == 74 || a == 65 || a == 36 || a == 44 || a == 53 || a == 80 || a == 54 || a == 1 || a == 18 || a == 59 || a == 81): null

27-11-2024T10:41:06 - [TEST_STEP][PASSED] - else: null

27-11-2024T10:41:06 - [TEST_STEP][PASSED] - path = dataFolder + typeOfData + " за отчётный период " + b: null

27-11-2024T10:41:06 - [TEST_STEP][PASSED] - println(path): null

27-11-2024T10:41:06 - [TEST_STEP][PASSED] - page = getText(findTestObject(path)): Text of object 'Object Repository/Выполнение бизнес-плана/Значения со страницы Выполнение бизнес-плана/Факт Отпуск в сеть за отчётный период Удмуртэнерго' is: '5 818 614'

27-11-2024T10:41:06 - [MESSAGE][PASSED] - Text of object 'Object Repository/Выполнение бизнес-плана/Значения со страницы Выполнение бизнес-плана/Факт Отпуск в сеть за отчётный период Удмуртэнерго' is: '5 818 614'

27-11-2024T10:41:06 - [TEST_STEP][PASSED] - page = page.replaceAll("\s+", ""): null

27-11-2024T10:41:06 - [TEST_STEP][PASSED] - fileOtpuskVSet = otpusk.toInteger(): null

27-11-2024T10:41:06 - [TEST_STEP][PASSED] - pageOtpuskVSet = page.toInteger(): null

27-11-2024T10:41:06 - [TEST_STEP][PASSED] - typeOfData = typeOfDataMain + " Потери": null

27-11-2024T10:41:06 - [TEST_STEP][PASSED] - if (a == 82): null

27-11-2024T10:41:06 - [TEST_STEP][PASSED] - else if (a == 84): null

27-11-2024T10:41:06 - [TEST_STEP][PASSED] - else if (a == 52 || a == 72 || a == 28 || a == 73 || a == 77 || a == 74 || a == 65 || a == 36 || a == 44 || a == 53 || a == 80 || a == 54 || a == 1 || a == 18 || a == 59 || a == 81): null

27-11-2024T10:41:06 - [TEST_STEP][PASSED] - else: null

27-11-2024T10:41:06 - [TEST_STEP][PASSED] - path = dataFolder + typeOfData + " за отчётный период " + b: null

27-11-2024T10:41:06 - [TEST_STEP][PASSED] - page = getText(findTestObject(path)): Text of object 'Object Repository/Выполнение бизнес-плана/Значения со страницы Выполнение бизнес-плана/Факт Потери за отчётный период Удмуртэнерго' is: '352 290'

27-11-2024T10:41:06 - [MESSAGE][PASSED] - Text of object 'Object Repository/Выполнение бизнес-плана/Значения со страницы Выполнение бизнес-плана/Факт Потери за отчётный период Удмуртэнерго' is: '352 290'

27-11-2024T10:41:06 - [TEST_STEP][PASSED] - page = page.replaceAll("\s+", ""): null

27-11-2024T10:41:06 - [TEST_STEP][PASSED] - filePoteri = poteri.toInteger(): null

27-11-2024T10:41:06 - [TEST_STEP][PASSED] - pagePoteri = page.toInteger(): null

27-11-2024T10:41:06 - [TEST_STEP][PASSED] - compare = pageOtpuskVSet: null

27-11-2024T10:41:06 - [TEST_STEP][PASSED] - if (compare == fileOtpuskVSet): null

27-11-2024T10:41:06 - [TEST_STEP][PASSED] - if (compare == fileOtpuskVSet): null

27-11-2024T10:41:06 - [TEST_STEP][PASSED] - compare = pagePoteri: null

27-11-2024T10:41:06 - [TEST_STEP][PASSED] - if (compare == filePoteri): null

27-11-2024T10:41:06 - [TEST_STEP][PASSED] - if (compare == filePoteri): null

27-11-2024T10:41:06 - [TEST_STEP][PASSED] - if (planFact == 2): null

27-11-2024T10:41:06 - [TEST_STEP][PASSED] - if (planFact == 1): null

27-11-2024T10:41:06 - [TEST_STEP][PASSED] - else if (planFact == 2): null

27-11-2024T10:41:06 - [TEST_STEP][PASSED] - click(findTestObject("Выполнение бизнес-плана/Кнопка План")): Object: 'Object Repository/Выполнение бизнес-плана/Кнопка План' is clicked on

27-11-2024T10:41:07 - [MESSAGE][PASSED] - Object: 'Object Repository/Выполнение бизнес-плана/Кнопка План' is clicked on

27-11-2024T10:41:07 - [TEST_STEP][PASSED] - typeOfDataMain = "План": null

27-11-2024T10:41:07 - [TEST_STEP][PASSED] - otpusk = findTestData("PlanFact").getValue(2, a): null

27-11-2024T10:41:07 - [TEST_STEP][PASSED] - poteri = findTestData("PlanFact").getValue(3, a): null

27-11-2024T10:41:07 - [TEST_STEP][PASSED] - otpusk = otpusk.replaceAll("\s+", ""): null

27-11-2024T10:41:07 - [TEST_STEP][PASSED] - poteri = poteri.replaceAll("\s+", ""): null

27-11-2024T10:41:07 - [TEST_STEP][PASSED] - typeOfData = typeOfDataMain + " Отпуск в сеть": null

27-11-2024T10:41:07 - [TEST_STEP][PASSED] - if (a == 82): null

27-11-2024T10:41:07 - [TEST_STEP][PASSED] - else if (a == 84): null

27-11-2024T10:41:07 - [TEST_STEP][PASSED] - else if (a == 52 || a == 72 || a == 28 || a == 73 || a == 77 || a == 74 || a == 65 || a == 36 || a == 44 || a == 53 || a == 80 || a == 54 || a == 1 || a == 18 || a == 59 || a == 81): null

27-11-2024T10:41:07 - [TEST_STEP][PASSED] - else: null

27-11-2024T10:41:07 - [TEST_STEP][PASSED] - path = dataFolder + typeOfData + " за отчётный период " + b: null

27-11-2024T10:41:07 - [TEST_STEP][PASSED] - println(path): null

27-11-2024T10:41:07 - [TEST_STEP][PASSED] - page = getText(findTestObject(path)): Text of object 'Object Repository/Выполнение бизнес-плана/Значения со страницы Выполнение бизнес-плана/План Отпуск в сеть за отчётный период Удмуртэнерго' is: '5 628 783'

27-11-2024T10:41:07 - [MESSAGE][PASSED] - Text of object 'Object Repository/Выполнение бизнес-плана/Значения со страницы Выполнение бизнес-плана/План Отпуск в сеть за отчётный период Удмуртэнерго' is: '5 628 783'

27-11-2024T10:41:07 - [TEST_STEP][PASSED] - page = page.replaceAll("\s+", ""): null

27-11-2024T10:41:07 - [TEST_STEP][PASSED] - fileOtpuskVSet = otpusk.toInteger(): null

27-11-2024T10:41:07 - [TEST_STEP][PASSED] - pageOtpuskVSet = page.toInteger(): null

27-11-2024T10:41:07 - [TEST_STEP][PASSED] - typeOfData = typeOfDataMain + " Потери": null

27-11-2024T10:41:07 - [TEST_STEP][PASSED] - if (a == 82): null

27-11-2024T10:41:07 - [TEST_STEP][PASSED] - else if (a == 84): null

27-11-2024T10:41:07 - [TEST_STEP][PASSED] - else if (a == 52 || a == 72 || a == 28 || a == 73 || a == 77 || a == 74 || a == 65 || a == 36 || a == 44 || a == 53 || a == 80 || a == 54 || a == 1 || a == 18 || a == 59 || a == 81): null

27-11-2024T10:41:07 - [TEST_STEP][PASSED] - else: null

27-11-2024T10:41:07 - [TEST_STEP][PASSED] - path = dataFolder + typeOfData + " за отчётный период " + b: null

27-11-2024T10:41:07 - [TEST_STEP][PASSED] - page = getText(findTestObject(path)): Text of object 'Object Repository/Выполнение бизнес-плана/Значения со страницы Выполнение бизнес-плана/План Потери за отчётный период Удмуртэнерго' is: '347 803'

27-11-2024T10:41:08 - [MESSAGE][PASSED] - Text of object 'Object Repository/Выполнение бизнес-плана/Значения со страницы Выполнение бизнес-плана/План Потери за отчётный период Удмуртэнерго' is: '347 803'

27-11-2024T10:41:08 - [TEST_STEP][PASSED] - page = page.replaceAll("\s+", ""): null

27-11-2024T10:41:08 - [TEST_STEP][PASSED] - filePoteri = poteri.toInteger(): null

27-11-2024T10:41:08 - [TEST_STEP][PASSED] - pagePoteri = page.toInteger(): null

27-11-2024T10:41:08 - [TEST_STEP][PASSED] - compare = pageOtpuskVSet: null

27-11-2024T10:41:08 - [TEST_STEP][PASSED] - if (compare == fileOtpuskVSet): null

27-11-2024T10:41:08 - [TEST_STEP][PASSED] - if (compare == fileOtpuskVSet): null

27-11-2024T10:41:08 - [TEST_STEP][PASSED] - compare = pagePoteri: null

27-11-2024T10:41:08 - [TEST_STEP][PASSED] - if (compare == filePoteri): null

27-11-2024T10:41:08 - [TEST_STEP][PASSED] - if (compare == filePoteri): null

27-11-2024T10:41:08 - [TEST_STEP][PASSED] - if (planFact == 2): Object: 'Object Repository/Выполнение бизнес-плана/Кнопка Факт' is clicked on

27-11-2024T10:41:08 - [TEST_STEP][PASSED] - click(findTestObject("Выполнение бизнес-плана/Кнопка Факт")): Object: 'Object Repository/Выполнение бизнес-плана/Кнопка Факт' is clicked on

27-11-2024T10:41:08 - [MESSAGE][PASSED] - Object: 'Object Repository/Выполнение бизнес-плана/Кнопка Факт' is clicked on

27-11-2024T10:41:08 - [TEST_STEP][PASSED] - if (a == 84 || a == 82): null

27-11-2024T10:41:08 - [TEST_STEP][PASSED] - else if (a == 52 || a == 72 || a == 28 || a == 73 || a == 77 || a == 74 || a == 65 || a == 36 || a == 44 || a == 53 || a == 80 || a == 54 || a == 1 || a == 18 || a == 59 || a == 81): null

27-11-2024T10:41:08 - [TEST_STEP][PASSED] - else: null

27-11-2024T10:41:08 - [TEST_STEP][PASSED] - page1 = getText(findTestObject("Object Repository/Выполнение бизнес-плана/spanPlan" + filialNum)): Text of object 'Object Repository/Выполнение бизнес-плана/spanPlan9' is: '6.18
|'

27-11-2024T10:41:08 - [MESSAGE][PASSED] - Text of object 'Object Repository/Выполнение бизнес-плана/spanPlan9' is: '6.18
|'

27-11-2024T10:41:08 - [TEST_STEP][PASSED] - page1 = page1.replace("|", ""): null

27-11-2024T10:41:08 - [TEST_STEP][PASSED] - page2 = getText(findTestObject("Object Repository/Выполнение бизнес-плана/spanFact" + filialNum)): Text of object 'Object Repository/Выполнение бизнес-плана/spanFact9' is: '6.05
|'

27-11-2024T10:41:08 - [MESSAGE][PASSED] - Text of object 'Object Repository/Выполнение бизнес-плана/spanFact9' is: '6.05
|'

27-11-2024T10:41:08 - [TEST_STEP][PASSED] - page2 = page2.replace("|", ""): null

27-11-2024T10:41:08 - [TEST_STEP][PASSED] - println("page1: " + page1): null

27-11-2024T10:41:08 - [TEST_STEP][PASSED] - println("page2: " + page2): null

27-11-2024T10:41:08 - [TEST_STEP][PASSED] - file = findTestData("PlanFact").getValue(4, a): null

27-11-2024T10:41:08 - [TEST_STEP][PASSED] - file = file.replace(",", "."): null

27-11-2024T10:41:08 - [TEST_STEP][PASSED] - println("file Plan: " + file): null

27-11-2024T10:41:08 - [TEST_STEP][PASSED] - typeOfData = "План в процентах": null

27-11-2024T10:41:08 - [TEST_STEP][PASSED] - fileDouble = file.toDouble(): null

27-11-2024T10:41:08 - [TEST_STEP][PASSED] - pageDouble = page1.toDouble(): null

27-11-2024T10:41:08 - [TEST_STEP][PASSED] - if (fileDouble != pageDouble): null

27-11-2024T10:41:08 - [TEST_STEP][PASSED] - file = findTestData("PlanFact").getValue(7, a): null

27-11-2024T10:41:09 - [TEST_STEP][PASSED] - file = file.replace(",", "."): null

27-11-2024T10:41:09 - [TEST_STEP][PASSED] - println("file Fact: " + file): null

27-11-2024T10:41:09 - [TEST_STEP][PASSED] - fileDouble = file.toDouble(): null

27-11-2024T10:41:09 - [TEST_STEP][PASSED] - typeOfData = "Факт в процентах": null

27-11-2024T10:41:09 - [TEST_STEP][PASSED] - fileDouble = file.toDouble(): null

27-11-2024T10:41:09 - [TEST_STEP][PASSED] - pageDouble = page2.toDouble(): null

27-11-2024T10:41:09 - [TEST_STEP][PASSED] - if (fileDouble != pageDouble): null

27-11-2024T10:41:09 - [TEST_STEP][PASSED] - if (verifyEqual(numberOfErrors, 0) == false): Actual object '0' and expected object '0' are equal

27-11-2024T10:41:09 - [MESSAGE][PASSED] - Actual object '0' and expected object '0' are equal

27-11-2024T10:41:09 - [TEST_STEP][PASSED] - if (a == 82): null

27-11-2024T10:41:09 - [TEST_STEP][PASSED] - filialNum = 0: null

27-11-2024T10:41:09 - [TEST_STEP][PASSED] - if (a == 36): null

27-11-2024T10:41:09 - [TEST_STEP][PASSED] - if (a == 44): null

27-11-2024T10:41:09 - [TEST_STEP][PASSED] - if (a == 54): null

27-11-2024T10:41:09 - [TEST_STEP][PASSED] - if (a == 59): null

27-11-2024T10:41:09 - [TEST_STEP][PASSED] - Script1718980020443.OpenFilter(): null

27-11-2024T10:41:09 - [TEST_STEP][PASSED] - click(findTestObject("Object Repository/Выполнение бизнес-плана/Фильтр ДЗО")): Object: 'Object Repository/Выполнение бизнес-плана/Фильтр ДЗО' is clicked on

27-11-2024T10:41:09 - [MESSAGE][PASSED] - Object: 'Object Repository/Выполнение бизнес-плана/Фильтр ДЗО' is clicked on

27-11-2024T10:41:09 - [TEST_STEP][PASSED] - click(findTestObject("Выполнение бизнес-плана/Снять выделение в фильтре ДЗО")): Object: 'Object Repository/Выполнение бизнес-плана/Снять выделение в фильтре ДЗО' is clicked on

27-11-2024T10:41:09 - [MESSAGE][PASSED] - Object: 'Object Repository/Выполнение бизнес-плана/Снять выделение в фильтре ДЗО' is clicked on

27-11-2024T10:41:09 - [TEST_STEP][PASSED] - Script1718980020443.CloseFilter(): null

27-11-2024T10:41:10 - [TEST_STEP][PASSED] - scrollToElement(findTestObject("Выполнение бизнес-плана/Заголовок дашборда"), 30): Scroll to object 'Object Repository/Выполнение бизнес-плана/Заголовок дашборда' successfully

27-11-2024T10:41:10 - [MESSAGE][PASSED] - Scroll to object 'Object Repository/Выполнение бизнес-плана/Заголовок дашборда' successfully

27-11-2024T10:41:10 - [TEST_STEP][PASSED] - click(findTestObject("Object Repository/Выполнение бизнес-плана/Применить в фильтре ДЗО")): Object: 'Object Repository/Выполнение бизнес-плана/Применить в фильтре ДЗО' is clicked on

27-11-2024T10:41:11 - [MESSAGE][PASSED] - Object: 'Object Repository/Выполнение бизнес-плана/Применить в фильтре ДЗО' is clicked on

27-11-2024T10:41:11 - [TEST_STEP][PASSED] - if (a == 82): null

27-11-2024T10:41:11 - [TEST_STEP][PASSED] - println(dzoNum): null

27-11-2024T10:41:11 - [TEST_STEP][PASSED] - dZO = "Россети Юг": null

27-11-2024T10:41:11 - [TEST_STEP][PASSED] - a = 59: null

27-11-2024T10:41:11 - [TEST_STEP][PASSED] - if (x1.contains(dZO)): null

27-11-2024T10:41:11 - [TEST_STEP][PASSED] - else: null

27-11-2024T10:41:11 - [TEST_STEP][PASSED] - Script1718980020443.NoData(a, typeOfData, todaysDate, fileInt, fileDouble, dZO): null

27-11-2024T10:41:11 - [TEST_STEP][PASSED] - println(a): null

27-11-2024T10:41:11 - [TEST_STEP][PASSED] - println(todaysDate): null

27-11-2024T10:41:11 - [TEST_STEP][PASSED] - println(fileInt): null

27-11-2024T10:41:11 - [TEST_STEP][PASSED] - println(fileDouble): null

27-11-2024T10:41:11 - [TEST_STEP][PASSED] - println(dZO): null

27-11-2024T10:41:11 - [TEST_STEP][PASSED] - typeOfData = "Факт Отпуск в сеть": null

27-11-2024T10:41:11 - [TEST_STEP][PASSED] - fileInt = replaceAll("\s+", "").toInteger(): null

27-11-2024T10:41:11 - [TEST_STEP][PASSED] - Script1718980020443.WriteToExcelNoData(a, typeOfData, todaysDate, fileInt, fileDouble, dZO): null

27-11-2024T10:41:11 - [TEST_STEP][PASSED] - sheetName = "Sheet1": null

27-11-2024T10:41:11 - [TEST_STEP][PASSED] - data = findTestData("PlanFact"): null

27-11-2024T10:41:11 - [TEST_STEP][PASSED] - n = data.getRowNumbers() + 1: null

27-11-2024T10:41:11 - [TEST_STEP][PASSED] - year = todaysDate.substring(todaysDate.length() - 4, todaysDate.length()): null

27-11-2024T10:41:11 - [TEST_STEP][PASSED] - y = year.toInteger(): null

27-11-2024T10:41:11 - [TEST_STEP][PASSED] - m = getText(findTestObject("Выполнение бизнес-плана/Период")): Text of object 'Object Repository/Выполнение бизнес-плана/Период' is: '1, 2, 3 кв. 2024 года'

27-11-2024T10:41:31 - [MESSAGE][PASSED] - Text of object 'Object Repository/Выполнение бизнес-плана/Период' is: '1, 2, 3 кв. 2024 года'

27-11-2024T10:41:31 - [TEST_STEP][PASSED] - m = m.substring(0, m.indexOf("2024")): null

27-11-2024T10:41:31 - [TEST_STEP][PASSED] - m = m.trim(): null

27-11-2024T10:41:31 - [TEST_STEP][PASSED] - dashboardName = "Выполнение бизнес-плана": null

27-11-2024T10:41:31 - [TEST_STEP][PASSED] - workbook01 = getWorkbook(excelFilePath): null

27-11-2024T10:41:31 - [TEST_STEP][PASSED] - sheet01 = getExcelSheet(workbook01, sheetName): null

27-11-2024T10:41:31 - [TEST_STEP][PASSED] - setValueToCellByIndex(sheet01, n, 0, dashboardName): null

27-11-2024T10:41:31 - [TEST_STEP][PASSED] - setValueToCellByIndex(sheet01, n, 1, dZO): null

27-11-2024T10:41:31 - [TEST_STEP][PASSED] - setValueToCellByIndex(sheet01, n, 2, typeOfData): null

27-11-2024T10:41:31 - [TEST_STEP][PASSED] - if (typeOfData == "Факт в процентах" || typeOfData == "План в процентах"): null

27-11-2024T10:41:31 - [TEST_STEP][PASSED] - else: null

27-11-2024T10:41:31 - [TEST_STEP][PASSED] - setValueToCellByIndex(sheet01, n, 3, fileInt): null

27-11-2024T10:41:31 - [TEST_STEP][PASSED] - setValueToCellByIndex(sheet01, n, 4, "нет данных"): null

27-11-2024T10:41:31 - [TEST_STEP][PASSED] - setValueToCellByIndex(sheet01, n, 5, m): null

27-11-2024T10:41:31 - [TEST_STEP][PASSED] - setValueToCellByIndex(sheet01, n, 6, y): null

27-11-2024T10:41:31 - [TEST_STEP][PASSED] - setValueToCellByIndex(sheet01, n, 7, todaysDate): null

27-11-2024T10:41:31 - [TEST_STEP][PASSED] - n = n + 1: null

27-11-2024T10:41:31 - [TEST_STEP][PASSED] - saveWorkbook(excelFilePath, workbook01): null

27-11-2024T10:41:31 - [TEST_STEP][PASSED] - typeOfData = "Факт Потери": null

27-11-2024T10:41:31 - [TEST_STEP][PASSED] - fileInt = replaceAll("\s+", "").toInteger(): null

27-11-2024T10:41:31 - [TEST_STEP][PASSED] - Script1718980020443.WriteToExcelNoData(a, typeOfData, todaysDate, fileInt, fileDouble, dZO): null

27-11-2024T10:41:31 - [TEST_STEP][PASSED] - sheetName = "Sheet1": null

27-11-2024T10:41:31 - [TEST_STEP][PASSED] - data = findTestData("PlanFact"): null

27-11-2024T10:41:31 - [TEST_STEP][PASSED] - n = data.getRowNumbers() + 1: null

27-11-2024T10:41:31 - [TEST_STEP][PASSED] - year = todaysDate.substring(todaysDate.length() - 4, todaysDate.length()): null

27-11-2024T10:41:31 - [TEST_STEP][PASSED] - y = year.toInteger(): null

27-11-2024T10:41:31 - [TEST_STEP][PASSED] - m = getText(findTestObject("Выполнение бизнес-плана/Период")): Text of object 'Object Repository/Выполнение бизнес-плана/Период' is: '1, 2, 3 кв. 2024 года'

27-11-2024T10:41:31 - [MESSAGE][PASSED] - Text of object 'Object Repository/Выполнение бизнес-плана/Период' is: '1, 2, 3 кв. 2024 года'

27-11-2024T10:41:31 - [TEST_STEP][PASSED] - m = m.substring(0, m.indexOf("2024")): null

27-11-2024T10:41:31 - [TEST_STEP][PASSED] - m = m.trim(): null

27-11-2024T10:41:31 - [TEST_STEP][PASSED] - dashboardName = "Выполнение бизнес-плана": null

27-11-2024T10:41:31 - [TEST_STEP][PASSED] - workbook01 = getWorkbook(excelFilePath): null

27-11-2024T10:41:31 - [TEST_STEP][PASSED] - sheet01 = getExcelSheet(workbook01, sheetName): null

27-11-2024T10:41:31 - [TEST_STEP][PASSED] - setValueToCellByIndex(sheet01, n, 0, dashboardName): null

27-11-2024T10:41:31 - [TEST_STEP][PASSED] - setValueToCellByIndex(sheet01, n, 1, dZO): null

27-11-2024T10:41:31 - [TEST_STEP][PASSED] - setValueToCellByIndex(sheet01, n, 2, typeOfData): null

27-11-2024T10:41:31 - [TEST_STEP][PASSED] - if (typeOfData == "Факт в процентах" || typeOfData == "План в процентах"): null

27-11-2024T10:41:31 - [TEST_STEP][PASSED] - else: null

27-11-2024T10:41:31 - [TEST_STEP][PASSED] - setValueToCellByIndex(sheet01, n, 3, fileInt): null

27-11-2024T10:41:31 - [TEST_STEP][PASSED] - setValueToCellByIndex(sheet01, n, 4, "нет данных"): null

27-11-2024T10:41:31 - [TEST_STEP][PASSED] - setValueToCellByIndex(sheet01, n, 5, m): null

27-11-2024T10:41:31 - [TEST_STEP][PASSED] - setValueToCellByIndex(sheet01, n, 6, y): null

27-11-2024T10:41:31 - [TEST_STEP][PASSED] - setValueToCellByIndex(sheet01, n, 7, todaysDate): null

27-11-2024T10:41:31 - [TEST_STEP][PASSED] - n = n + 1: null

27-11-2024T10:41:31 - [TEST_STEP][PASSED] - saveWorkbook(excelFilePath, workbook01): null

27-11-2024T10:41:32 - [TEST_STEP][PASSED] - typeOfData = "План Отпуск в сеть": null

27-11-2024T10:41:32 - [TEST_STEP][PASSED] - fileInt = replaceAll("\s+", "").toInteger(): null

27-11-2024T10:41:32 - [TEST_STEP][PASSED] - Script1718980020443.WriteToExcelNoData(a, typeOfData, todaysDate, fileInt, fileDouble, dZO): null

27-11-2024T10:41:32 - [TEST_STEP][PASSED] - sheetName = "Sheet1": null

27-11-2024T10:41:32 - [TEST_STEP][PASSED] - data = findTestData("PlanFact"): null

27-11-2024T10:41:32 - [TEST_STEP][PASSED] - n = data.getRowNumbers() + 1: null

27-11-2024T10:41:32 - [TEST_STEP][PASSED] - year = todaysDate.substring(todaysDate.length() - 4, todaysDate.length()): null

27-11-2024T10:41:32 - [TEST_STEP][PASSED] - y = year.toInteger(): null

27-11-2024T10:41:32 - [TEST_STEP][PASSED] - m = getText(findTestObject("Выполнение бизнес-плана/Период")): Text of object 'Object Repository/Выполнение бизнес-плана/Период' is: '1, 2, 3 кв. 2024 года'

27-11-2024T10:41:32 - [MESSAGE][PASSED] - Text of object 'Object Repository/Выполнение бизнес-плана/Период' is: '1, 2, 3 кв. 2024 года'

27-11-2024T10:41:32 - [TEST_STEP][PASSED] - m = m.substring(0, m.indexOf("2024")): null

27-11-2024T10:41:32 - [TEST_STEP][PASSED] - m = m.trim(): null

27-11-2024T10:41:32 - [TEST_STEP][PASSED] - dashboardName = "Выполнение бизнес-плана": null

27-11-2024T10:41:32 - [TEST_STEP][PASSED] - workbook01 = getWorkbook(excelFilePath): null

27-11-2024T10:41:32 - [TEST_STEP][PASSED] - sheet01 = getExcelSheet(workbook01, sheetName): null

27-11-2024T10:41:32 - [TEST_STEP][PASSED] - setValueToCellByIndex(sheet01, n, 0, dashboardName): null

27-11-2024T10:41:32 - [TEST_STEP][PASSED] - setValueToCellByIndex(sheet01, n, 1, dZO): null

27-11-2024T10:41:32 - [TEST_STEP][PASSED] - setValueToCellByIndex(sheet01, n, 2, typeOfData): null

27-11-2024T10:41:32 - [TEST_STEP][PASSED] - if (typeOfData == "Факт в процентах" || typeOfData == "План в процентах"): null

27-11-2024T10:41:32 - [TEST_STEP][PASSED] - else: null

27-11-2024T10:41:32 - [TEST_STEP][PASSED] - setValueToCellByIndex(sheet01, n, 3, fileInt): null

27-11-2024T10:41:32 - [TEST_STEP][PASSED] - setValueToCellByIndex(sheet01, n, 4, "нет данных"): null

27-11-2024T10:41:32 - [TEST_STEP][PASSED] - setValueToCellByIndex(sheet01, n, 5, m): null

27-11-2024T10:41:32 - [TEST_STEP][PASSED] - setValueToCellByIndex(sheet01, n, 6, y): null

27-11-2024T10:41:32 - [TEST_STEP][PASSED] - setValueToCellByIndex(sheet01, n, 7, todaysDate): null

27-11-2024T10:41:32 - [TEST_STEP][PASSED] - n = n + 1: null

27-11-2024T10:41:32 - [TEST_STEP][PASSED] - saveWorkbook(excelFilePath, workbook01): null

27-11-2024T10:41:32 - [TEST_STEP][PASSED] - typeOfData = "План Потери": null

27-11-2024T10:41:32 - [TEST_STEP][PASSED] - fileInt = replaceAll("\s+", "").toInteger(): null

27-11-2024T10:41:32 - [TEST_STEP][PASSED] - Script1718980020443.WriteToExcelNoData(a, typeOfData, todaysDate, fileInt, fileDouble, dZO): null

27-11-2024T10:41:32 - [TEST_STEP][PASSED] - sheetName = "Sheet1": null

27-11-2024T10:41:32 - [TEST_STEP][PASSED] - data = findTestData("PlanFact"): null

27-11-2024T10:41:33 - [TEST_STEP][PASSED] - n = data.getRowNumbers() + 1: null

27-11-2024T10:41:33 - [TEST_STEP][PASSED] - year = todaysDate.substring(todaysDate.length() - 4, todaysDate.length()): null

27-11-2024T10:41:33 - [TEST_STEP][PASSED] - y = year.toInteger(): null

27-11-2024T10:41:33 - [TEST_STEP][PASSED] - m = getText(findTestObject("Выполнение бизнес-плана/Период")): Text of object 'Object Repository/Выполнение бизнес-плана/Период' is: '1, 2, 3 кв. 2024 года'

27-11-2024T10:41:33 - [MESSAGE][PASSED] - Text of object 'Object Repository/Выполнение бизнес-плана/Период' is: '1, 2, 3 кв. 2024 года'

27-11-2024T10:41:33 - [TEST_STEP][PASSED] - m = m.substring(0, m.indexOf("2024")): null

27-11-2024T10:41:33 - [TEST_STEP][PASSED] - m = m.trim(): null

27-11-2024T10:41:33 - [TEST_STEP][PASSED] - dashboardName = "Выполнение бизнес-плана": null

27-11-2024T10:41:33 - [TEST_STEP][PASSED] - workbook01 = getWorkbook(excelFilePath): null

27-11-2024T10:41:33 - [TEST_STEP][PASSED] - sheet01 = getExcelSheet(workbook01, sheetName): null

27-11-2024T10:41:33 - [TEST_STEP][PASSED] - setValueToCellByIndex(sheet01, n, 0, dashboardName): null

27-11-2024T10:41:33 - [TEST_STEP][PASSED] - setValueToCellByIndex(sheet01, n, 1, dZO): null

27-11-2024T10:41:33 - [TEST_STEP][PASSED] - setValueToCellByIndex(sheet01, n, 2, typeOfData): null

27-11-2024T10:41:33 - [TEST_STEP][PASSED] - if (typeOfData == "Факт в процентах" || typeOfData == "План в процентах"): null

27-11-2024T10:41:33 - [TEST_STEP][PASSED] - else: null

27-11-2024T10:41:33 - [TEST_STEP][PASSED] - setValueToCellByIndex(sheet01, n, 3, fileInt): null

27-11-2024T10:41:33 - [TEST_STEP][PASSED] - setValueToCellByIndex(sheet01, n, 4, "нет данных"): null

27-11-2024T10:41:33 - [TEST_STEP][PASSED] - setValueToCellByIndex(sheet01, n, 5, m): null

27-11-2024T10:41:33 - [TEST_STEP][PASSED] - setValueToCellByIndex(sheet01, n, 6, y): null

27-11-2024T10:41:33 - [TEST_STEP][PASSED] - setValueToCellByIndex(sheet01, n, 7, todaysDate): null

27-11-2024T10:41:33 - [TEST_STEP][PASSED] - n = n + 1: null

27-11-2024T10:41:33 - [TEST_STEP][PASSED] - saveWorkbook(excelFilePath, workbook01): null

27-11-2024T10:41:33 - [TEST_STEP][PASSED] - typeOfData = "План в процентах": null

27-11-2024T10:41:33 - [TEST_STEP][PASSED] - fileDouble = ").toDouble(): null

27-11-2024T10:41:33 - [TEST_STEP][PASSED] - Script1718980020443.WriteToExcelNoData(a, typeOfData, todaysDate, fileInt, fileDouble, dZO): null

27-11-2024T10:41:33 - [TEST_STEP][PASSED] - sheetName = "Sheet1": null

27-11-2024T10:41:33 - [TEST_STEP][PASSED] - data = findTestData("PlanFact"): null

27-11-2024T10:41:33 - [TEST_STEP][PASSED] - n = data.getRowNumbers() + 1: null

27-11-2024T10:41:33 - [TEST_STEP][PASSED] - year = todaysDate.substring(todaysDate.length() - 4, todaysDate.length()): null

27-11-2024T10:41:33 - [TEST_STEP][PASSED] - y = year.toInteger(): null

27-11-2024T10:41:33 - [TEST_STEP][PASSED] - m = getText(findTestObject("Выполнение бизнес-плана/Период")): Text of object 'Object Repository/Выполнение бизнес-плана/Период' is: '1, 2, 3 кв. 2024 года'

27-11-2024T10:41:34 - [MESSAGE][PASSED] - Text of object 'Object Repository/Выполнение бизнес-плана/Период' is: '1, 2, 3 кв. 2024 года'

27-11-2024T10:41:34 - [TEST_STEP][PASSED] - m = m.substring(0, m.indexOf("2024")): null

27-11-2024T10:41:34 - [TEST_STEP][PASSED] - m = m.trim(): null

27-11-2024T10:41:34 - [TEST_STEP][PASSED] - dashboardName = "Выполнение бизнес-плана": null

27-11-2024T10:41:34 - [TEST_STEP][PASSED] - workbook01 = getWorkbook(excelFilePath): null

27-11-2024T10:41:34 - [TEST_STEP][PASSED] - sheet01 = getExcelSheet(workbook01, sheetName): null

27-11-2024T10:41:34 - [TEST_STEP][PASSED] - setValueToCellByIndex(sheet01, n, 0, dashboardName): null

27-11-2024T10:41:34 - [TEST_STEP][PASSED] - setValueToCellByIndex(sheet01, n, 1, dZO): null

27-11-2024T10:41:34 - [TEST_STEP][PASSED] - setValueToCellByIndex(sheet01, n, 2, typeOfData): null

27-11-2024T10:41:34 - [TEST_STEP][PASSED] - if (typeOfData == "Факт в процентах" || typeOfData == "План в процентах"): null

27-11-2024T10:41:34 - [TEST_STEP][PASSED] - setValueToCellByIndex(sheet01, n, 3, fileDouble): null

27-11-2024T10:41:34 - [TEST_STEP][PASSED] - setValueToCellByIndex(sheet01, n, 4, "нет данных"): null

27-11-2024T10:41:34 - [TEST_STEP][PASSED] - setValueToCellByIndex(sheet01, n, 5, m): null

27-11-2024T10:41:34 - [TEST_STEP][PASSED] - setValueToCellByIndex(sheet01, n, 6, y): null

27-11-2024T10:41:34 - [TEST_STEP][PASSED] - setValueToCellByIndex(sheet01, n, 7, todaysDate): null

27-11-2024T10:41:34 - [TEST_STEP][PASSED] - n = n + 1: null

27-11-2024T10:41:34 - [TEST_STEP][PASSED] - saveWorkbook(excelFilePath, workbook01): null

27-11-2024T10:41:34 - [TEST_STEP][PASSED] - typeOfData = "Факт в процентах": null

27-11-2024T10:41:34 - [TEST_STEP][PASSED] - fileDouble = ").toDouble(): null

27-11-2024T10:41:34 - [TEST_STEP][PASSED] - Script1718980020443.WriteToExcelNoData(a, typeOfData, todaysDate, fileInt, fileDouble, dZO): null

27-11-2024T10:41:34 - [TEST_STEP][PASSED] - sheetName = "Sheet1": null

27-11-2024T10:41:34 - [TEST_STEP][PASSED] - data = findTestData("PlanFact"): null

27-11-2024T10:41:34 - [TEST_STEP][PASSED] - n = data.getRowNumbers() + 1: null

27-11-2024T10:41:34 - [TEST_STEP][PASSED] - year = todaysDate.substring(todaysDate.length() - 4, todaysDate.length()): null

27-11-2024T10:41:34 - [TEST_STEP][PASSED] - y = year.toInteger(): null

27-11-2024T10:41:34 - [TEST_STEP][PASSED] - m = getText(findTestObject("Выполнение бизнес-плана/Период")): Text of object 'Object Repository/Выполнение бизнес-плана/Период' is: '1, 2, 3 кв. 2024 года'

27-11-2024T10:41:34 - [MESSAGE][PASSED] - Text of object 'Object Repository/Выполнение бизнес-плана/Период' is: '1, 2, 3 кв. 2024 года'

27-11-2024T10:41:34 - [TEST_STEP][PASSED] - m = m.substring(0, m.indexOf("2024")): null

27-11-2024T10:41:34 - [TEST_STEP][PASSED] - m = m.trim(): null

27-11-2024T10:41:34 - [TEST_STEP][PASSED] - dashboardName = "Выполнение бизнес-плана": null

27-11-2024T10:41:34 - [TEST_STEP][PASSED] - workbook01 = getWorkbook(excelFilePath): null

27-11-2024T10:41:34 - [TEST_STEP][PASSED] - sheet01 = getExcelSheet(workbook01, sheetName): null

27-11-2024T10:41:34 - [TEST_STEP][PASSED] - setValueToCellByIndex(sheet01, n, 0, dashboardName): null

27-11-2024T10:41:34 - [TEST_STEP][PASSED] - setValueToCellByIndex(sheet01, n, 1, dZO): null

27-11-2024T10:41:34 - [TEST_STEP][PASSED] - setValueToCellByIndex(sheet01, n, 2, typeOfData): null

27-11-2024T10:41:34 - [TEST_STEP][PASSED] - if (typeOfData == "Факт в процентах" || typeOfData == "План в процентах"): null

27-11-2024T10:41:34 - [TEST_STEP][PASSED] - setValueToCellByIndex(sheet01, n, 3, fileDouble): null

27-11-2024T10:41:34 - [TEST_STEP][PASSED] - setValueToCellByIndex(sheet01, n, 4, "нет данных"): null

27-11-2024T10:41:34 - [TEST_STEP][PASSED] - setValueToCellByIndex(sheet01, n, 5, m): null

27-11-2024T10:41:34 - [TEST_STEP][PASSED] - setValueToCellByIndex(sheet01, n, 6, y): null

27-11-2024T10:41:34 - [TEST_STEP][PASSED] - setValueToCellByIndex(sheet01, n, 7, todaysDate): null

27-11-2024T10:41:34 - [TEST_STEP][PASSED] - n = n + 1: null

27-11-2024T10:41:34 - [TEST_STEP][PASSED] - saveWorkbook(excelFilePath, workbook01): null

27-11-2024T10:41:34 - [TEST_STEP][PASSED] - println(dzoNum): null

27-11-2024T10:41:34 - [TEST_STEP][PASSED] - dZO = "Россети Янтарь": null

27-11-2024T10:41:34 - [TEST_STEP][PASSED] - a = 81: null

27-11-2024T10:41:34 - [TEST_STEP][PASSED] - if (x1.contains(dZO)): null

27-11-2024T10:41:34 - [TEST_STEP][PASSED] - else: null

27-11-2024T10:41:34 - [TEST_STEP][PASSED] - Script1718980020443.NoData(a, typeOfData, todaysDate, fileInt, fileDouble, dZO): null

27-11-2024T10:41:34 - [TEST_STEP][PASSED] - println(a): null

27-11-2024T10:41:34 - [TEST_STEP][PASSED] - println(todaysDate): null

27-11-2024T10:41:34 - [TEST_STEP][PASSED] - println(fileInt): null

27-11-2024T10:41:34 - [TEST_STEP][PASSED] - println(fileDouble): null

27-11-2024T10:41:34 - [TEST_STEP][PASSED] - println(dZO): null

27-11-2024T10:41:34 - [TEST_STEP][PASSED] - typeOfData = "Факт Отпуск в сеть": null

27-11-2024T10:41:34 - [TEST_STEP][PASSED] - fileInt = replaceAll("\s+", "").toInteger(): null

27-11-2024T10:41:35 - [TEST_STEP][PASSED] - Script1718980020443.WriteToExcelNoData(a, typeOfData, todaysDate, fileInt, fileDouble, dZO): null

27-11-2024T10:41:35 - [TEST_STEP][PASSED] - sheetName = "Sheet1": null

27-11-2024T10:41:35 - [TEST_STEP][PASSED] - data = findTestData("PlanFact"): null

27-11-2024T10:41:35 - [TEST_STEP][PASSED] - n = data.getRowNumbers() + 1: null

27-11-2024T10:41:35 - [TEST_STEP][PASSED] - year = todaysDate.substring(todaysDate.length() - 4, todaysDate.length()): null

27-11-2024T10:41:35 - [TEST_STEP][PASSED] - y = year.toInteger(): null

27-11-2024T10:41:35 - [TEST_STEP][PASSED] - m = getText(findTestObject("Выполнение бизнес-плана/Период")): Text of object 'Object Repository/Выполнение бизнес-плана/Период' is: '1, 2, 3 кв. 2024 года'

27-11-2024T10:41:35 - [MESSAGE][PASSED] - Text of object 'Object Repository/Выполнение бизнес-плана/Период' is: '1, 2, 3 кв. 2024 года'

27-11-2024T10:41:35 - [TEST_STEP][PASSED] - m = m.substring(0, m.indexOf("2024")): null

27-11-2024T10:41:35 - [TEST_STEP][PASSED] - m = m.trim(): null

27-11-2024T10:41:35 - [TEST_STEP][PASSED] - dashboardName = "Выполнение бизнес-плана": null

27-11-2024T10:41:35 - [TEST_STEP][PASSED] - workbook01 = getWorkbook(excelFilePath): null

27-11-2024T10:41:35 - [TEST_STEP][PASSED] - sheet01 = getExcelSheet(workbook01, sheetName): null

27-11-2024T10:41:35 - [TEST_STEP][PASSED] - setValueToCellByIndex(sheet01, n, 0, dashboardName): null

27-11-2024T10:41:35 - [TEST_STEP][PASSED] - setValueToCellByIndex(sheet01, n, 1, dZO): null

27-11-2024T10:41:35 - [TEST_STEP][PASSED] - setValueToCellByIndex(sheet01, n, 2, typeOfData): null

27-11-2024T10:41:35 - [TEST_STEP][PASSED] - if (typeOfData == "Факт в процентах" || typeOfData == "План в процентах"): null

27-11-2024T10:41:35 - [TEST_STEP][PASSED] - else: null

27-11-2024T10:41:35 - [TEST_STEP][PASSED] - setValueToCellByIndex(sheet01, n, 3, fileInt): null

27-11-2024T10:41:35 - [TEST_STEP][PASSED] - setValueToCellByIndex(sheet01, n, 4, "нет данных"): null

27-11-2024T10:41:35 - [TEST_STEP][PASSED] - setValueToCellByIndex(sheet01, n, 5, m): null

27-11-2024T10:41:35 - [TEST_STEP][PASSED] - setValueToCellByIndex(sheet01, n, 6, y): null

27-11-2024T10:41:35 - [TEST_STEP][PASSED] - setValueToCellByIndex(sheet01, n, 7, todaysDate): null

27-11-2024T10:41:35 - [TEST_STEP][PASSED] - n = n + 1: null

27-11-2024T10:41:35 - [TEST_STEP][PASSED] - saveWorkbook(excelFilePath, workbook01): null

27-11-2024T10:41:35 - [TEST_STEP][PASSED] - typeOfData = "Факт Потери": null

27-11-2024T10:41:35 - [TEST_STEP][PASSED] - fileInt = replaceAll("\s+", "").toInteger(): null

27-11-2024T10:41:35 - [TEST_STEP][PASSED] - Script1718980020443.WriteToExcelNoData(a, typeOfData, todaysDate, fileInt, fileDouble, dZO): null

27-11-2024T10:41:35 - [TEST_STEP][PASSED] - sheetName = "Sheet1": null

27-11-2024T10:41:35 - [TEST_STEP][PASSED] - data = findTestData("PlanFact"): null

27-11-2024T10:41:35 - [TEST_STEP][PASSED] - n = data.getRowNumbers() + 1: null

27-11-2024T10:41:35 - [TEST_STEP][PASSED] - year = todaysDate.substring(todaysDate.length() - 4, todaysDate.length()): null

27-11-2024T10:41:35 - [TEST_STEP][PASSED] - y = year.toInteger(): null

27-11-2024T10:41:35 - [TEST_STEP][PASSED] - m = getText(findTestObject("Выполнение бизнес-плана/Период")): Text of object 'Object Repository/Выполнение бизнес-плана/Период' is: '1, 2, 3 кв. 2024 года'

27-11-2024T10:41:36 - [MESSAGE][PASSED] - Text of object 'Object Repository/Выполнение бизнес-плана/Период' is: '1, 2, 3 кв. 2024 года'

27-11-2024T10:41:36 - [TEST_STEP][PASSED] - m = m.substring(0, m.indexOf("2024")): null

27-11-2024T10:41:36 - [TEST_STEP][PASSED] - m = m.trim(): null

27-11-2024T10:41:36 - [TEST_STEP][PASSED] - dashboardName = "Выполнение бизнес-плана": null

27-11-2024T10:41:36 - [TEST_STEP][PASSED] - workbook01 = getWorkbook(excelFilePath): null

27-11-2024T10:41:36 - [TEST_STEP][PASSED] - sheet01 = getExcelSheet(workbook01, sheetName): null

27-11-2024T10:41:36 - [TEST_STEP][PASSED] - setValueToCellByIndex(sheet01, n, 0, dashboardName): null

27-11-2024T10:41:36 - [TEST_STEP][PASSED] - setValueToCellByIndex(sheet01, n, 1, dZO): null

27-11-2024T10:41:36 - [TEST_STEP][PASSED] - setValueToCellByIndex(sheet01, n, 2, typeOfData): null

27-11-2024T10:41:36 - [TEST_STEP][PASSED] - if (typeOfData == "Факт в процентах" || typeOfData == "План в процентах"): null

27-11-2024T10:41:36 - [TEST_STEP][PASSED] - else: null

27-11-2024T10:41:36 - [TEST_STEP][PASSED] - setValueToCellByIndex(sheet01, n, 3, fileInt): null

27-11-2024T10:41:36 - [TEST_STEP][PASSED] - setValueToCellByIndex(sheet01, n, 4, "нет данных"): null

27-11-2024T10:41:36 - [TEST_STEP][PASSED] - setValueToCellByIndex(sheet01, n, 5, m): null

27-11-2024T10:41:36 - [TEST_STEP][PASSED] - setValueToCellByIndex(sheet01, n, 6, y): null

27-11-2024T10:41:36 - [TEST_STEP][PASSED] - setValueToCellByIndex(sheet01, n, 7, todaysDate): null

27-11-2024T10:41:36 - [TEST_STEP][PASSED] - n = n + 1: null

27-11-2024T10:41:36 - [TEST_STEP][PASSED] - saveWorkbook(excelFilePath, workbook01): null

27-11-2024T10:41:36 - [TEST_STEP][PASSED] - typeOfData = "План Отпуск в сеть": null

27-11-2024T10:41:36 - [TEST_STEP][PASSED] - fileInt = replaceAll("\s+", "").toInteger(): null

27-11-2024T10:41:36 - [TEST_STEP][PASSED] - Script1718980020443.WriteToExcelNoData(a, typeOfData, todaysDate, fileInt, fileDouble, dZO): null

27-11-2024T10:41:36 - [TEST_STEP][PASSED] - sheetName = "Sheet1": null

27-11-2024T10:41:36 - [TEST_STEP][PASSED] - data = findTestData("PlanFact"): null

27-11-2024T10:41:36 - [TEST_STEP][PASSED] - n = data.getRowNumbers() + 1: null

27-11-2024T10:41:36 - [TEST_STEP][PASSED] - year = todaysDate.substring(todaysDate.length() - 4, todaysDate.length()): null

27-11-2024T10:41:36 - [TEST_STEP][PASSED] - y = year.toInteger(): null

27-11-2024T10:41:36 - [TEST_STEP][PASSED] - m = getText(findTestObject("Выполнение бизнес-плана/Период")): Text of object 'Object Repository/Выполнение бизнес-плана/Период' is: '1, 2, 3 кв. 2024 года'

27-11-2024T10:41:36 - [MESSAGE][PASSED] - Text of object 'Object Repository/Выполнение бизнес-плана/Период' is: '1, 2, 3 кв. 2024 года'

27-11-2024T10:41:36 - [TEST_STEP][PASSED] - m = m.substring(0, m.indexOf("2024")): null

27-11-2024T10:41:36 - [TEST_STEP][PASSED] - m = m.trim(): null

27-11-2024T10:41:36 - [TEST_STEP][PASSED] - dashboardName = "Выполнение бизнес-плана": null

27-11-2024T10:41:36 - [TEST_STEP][PASSED] - workbook01 = getWorkbook(excelFilePath): null

27-11-2024T10:41:36 - [TEST_STEP][PASSED] - sheet01 = getExcelSheet(workbook01, sheetName): null

27-11-2024T10:41:36 - [TEST_STEP][PASSED] - setValueToCellByIndex(sheet01, n, 0, dashboardName): null

27-11-2024T10:41:36 - [TEST_STEP][PASSED] - setValueToCellByIndex(sheet01, n, 1, dZO): null

27-11-2024T10:41:36 - [TEST_STEP][PASSED] - setValueToCellByIndex(sheet01, n, 2, typeOfData): null

27-11-2024T10:41:36 - [TEST_STEP][PASSED] - if (typeOfData == "Факт в процентах" || typeOfData == "План в процентах"): null

27-11-2024T10:41:36 - [TEST_STEP][PASSED] - else: null

27-11-2024T10:41:36 - [TEST_STEP][PASSED] - setValueToCellByIndex(sheet01, n, 3, fileInt): null

27-11-2024T10:41:36 - [TEST_STEP][PASSED] - setValueToCellByIndex(sheet01, n, 4, "нет данных"): null

27-11-2024T10:41:36 - [TEST_STEP][PASSED] - setValueToCellByIndex(sheet01, n, 5, m): null

27-11-2024T10:41:36 - [TEST_STEP][PASSED] - setValueToCellByIndex(sheet01, n, 6, y): null

27-11-2024T10:41:36 - [TEST_STEP][PASSED] - setValueToCellByIndex(sheet01, n, 7, todaysDate): null

27-11-2024T10:41:36 - [TEST_STEP][PASSED] - n = n + 1: null

27-11-2024T10:41:36 - [TEST_STEP][PASSED] - saveWorkbook(excelFilePath, workbook01): null

27-11-2024T10:41:37 - [TEST_STEP][PASSED] - typeOfData = "План Потери": null

27-11-2024T10:41:37 - [TEST_STEP][PASSED] - fileInt = replaceAll("\s+", "").toInteger(): null

27-11-2024T10:41:37 - [TEST_STEP][PASSED] - Script1718980020443.WriteToExcelNoData(a, typeOfData, todaysDate, fileInt, fileDouble, dZO): null

27-11-2024T10:41:37 - [TEST_STEP][PASSED] - sheetName = "Sheet1": null

27-11-2024T10:41:37 - [TEST_STEP][PASSED] - data = findTestData("PlanFact"): null

27-11-2024T10:41:37 - [TEST_STEP][PASSED] - n = data.getRowNumbers() + 1: null

27-11-2024T10:41:37 - [TEST_STEP][PASSED] - year = todaysDate.substring(todaysDate.length() - 4, todaysDate.length()): null

27-11-2024T10:41:37 - [TEST_STEP][PASSED] - y = year.toInteger(): null

27-11-2024T10:41:37 - [TEST_STEP][PASSED] - m = getText(findTestObject("Выполнение бизнес-плана/Период")): Text of object 'Object Repository/Выполнение бизнес-плана/Период' is: '1, 2, 3 кв. 2024 года'

27-11-2024T10:41:37 - [MESSAGE][PASSED] - Text of object 'Object Repository/Выполнение бизнес-плана/Период' is: '1, 2, 3 кв. 2024 года'

27-11-2024T10:41:37 - [TEST_STEP][PASSED] - m = m.substring(0, m.indexOf("2024")): null

27-11-2024T10:41:37 - [TEST_STEP][PASSED] - m = m.trim(): null

27-11-2024T10:41:37 - [TEST_STEP][PASSED] - dashboardName = "Выполнение бизнес-плана": null

27-11-2024T10:41:37 - [TEST_STEP][PASSED] - workbook01 = getWorkbook(excelFilePath): null

27-11-2024T10:41:37 - [TEST_STEP][PASSED] - sheet01 = getExcelSheet(workbook01, sheetName): null

27-11-2024T10:41:37 - [TEST_STEP][PASSED] - setValueToCellByIndex(sheet01, n, 0, dashboardName): null

27-11-2024T10:41:37 - [TEST_STEP][PASSED] - setValueToCellByIndex(sheet01, n, 1, dZO): null

27-11-2024T10:41:37 - [TEST_STEP][PASSED] - setValueToCellByIndex(sheet01, n, 2, typeOfData): null

27-11-2024T10:41:37 - [TEST_STEP][PASSED] - if (typeOfData == "Факт в процентах" || typeOfData == "План в процентах"): null

27-11-2024T10:41:37 - [TEST_STEP][PASSED] - else: null

27-11-2024T10:41:37 - [TEST_STEP][PASSED] - setValueToCellByIndex(sheet01, n, 3, fileInt): null

27-11-2024T10:41:37 - [TEST_STEP][PASSED] - setValueToCellByIndex(sheet01, n, 4, "нет данных"): null

27-11-2024T10:41:37 - [TEST_STEP][PASSED] - setValueToCellByIndex(sheet01, n, 5, m): null

27-11-2024T10:41:37 - [TEST_STEP][PASSED] - setValueToCellByIndex(sheet01, n, 6, y): null

27-11-2024T10:41:37 - [TEST_STEP][PASSED] - setValueToCellByIndex(sheet01, n, 7, todaysDate): null

27-11-2024T10:41:37 - [TEST_STEP][PASSED] - n = n + 1: null

27-11-2024T10:41:37 - [TEST_STEP][PASSED] - saveWorkbook(excelFilePath, workbook01): null

27-11-2024T10:41:37 - [TEST_STEP][PASSED] - typeOfData = "План в процентах": null

27-11-2024T10:41:37 - [TEST_STEP][PASSED] - fileDouble = ").toDouble(): null

27-11-2024T10:41:37 - [TEST_STEP][PASSED] - Script1718980020443.WriteToExcelNoData(a, typeOfData, todaysDate, fileInt, fileDouble, dZO): null

27-11-2024T10:41:37 - [TEST_STEP][PASSED] - sheetName = "Sheet1": null

27-11-2024T10:41:37 - [TEST_STEP][PASSED] - data = findTestData("PlanFact"): null

27-11-2024T10:41:37 - [TEST_STEP][PASSED] - n = data.getRowNumbers() + 1: null

27-11-2024T10:41:37 - [TEST_STEP][PASSED] - year = todaysDate.substring(todaysDate.length() - 4, todaysDate.length()): null

27-11-2024T10:41:37 - [TEST_STEP][PASSED] - y = year.toInteger(): null

27-11-2024T10:41:37 - [TEST_STEP][PASSED] - m = getText(findTestObject("Выполнение бизнес-плана/Период")): Text of object 'Object Repository/Выполнение бизнес-плана/Период' is: '1, 2, 3 кв. 2024 года'

27-11-2024T10:41:38 - [MESSAGE][PASSED] - Text of object 'Object Repository/Выполнение бизнес-плана/Период' is: '1, 2, 3 кв. 2024 года'

27-11-2024T10:41:38 - [TEST_STEP][PASSED] - m = m.substring(0, m.indexOf("2024")): null

27-11-2024T10:41:38 - [TEST_STEP][PASSED] - m = m.trim(): null

27-11-2024T10:41:38 - [TEST_STEP][PASSED] - dashboardName = "Выполнение бизнес-плана": null

27-11-2024T10:41:38 - [TEST_STEP][PASSED] - workbook01 = getWorkbook(excelFilePath): null

27-11-2024T10:41:38 - [TEST_STEP][PASSED] - sheet01 = getExcelSheet(workbook01, sheetName): null

27-11-2024T10:41:38 - [TEST_STEP][PASSED] - setValueToCellByIndex(sheet01, n, 0, dashboardName): null

27-11-2024T10:41:38 - [TEST_STEP][PASSED] - setValueToCellByIndex(sheet01, n, 1, dZO): null

27-11-2024T10:41:38 - [TEST_STEP][PASSED] - setValueToCellByIndex(sheet01, n, 2, typeOfData): null

27-11-2024T10:41:38 - [TEST_STEP][PASSED] - if (typeOfData == "Факт в процентах" || typeOfData == "План в процентах"): null

27-11-2024T10:41:38 - [TEST_STEP][PASSED] - setValueToCellByIndex(sheet01, n, 3, fileDouble): null

27-11-2024T10:41:38 - [TEST_STEP][PASSED] - setValueToCellByIndex(sheet01, n, 4, "нет данных"): null

27-11-2024T10:41:38 - [TEST_STEP][PASSED] - setValueToCellByIndex(sheet01, n, 5, m): null

27-11-2024T10:41:38 - [TEST_STEP][PASSED] - setValueToCellByIndex(sheet01, n, 6, y): null

27-11-2024T10:41:38 - [TEST_STEP][PASSED] - setValueToCellByIndex(sheet01, n, 7, todaysDate): null

27-11-2024T10:41:38 - [TEST_STEP][PASSED] - n = n + 1: null

27-11-2024T10:41:38 - [TEST_STEP][PASSED] - saveWorkbook(excelFilePath, workbook01): null

27-11-2024T10:41:38 - [TEST_STEP][PASSED] - typeOfData = "Факт в процентах": null

27-11-2024T10:41:38 - [TEST_STEP][PASSED] - fileDouble = ").toDouble(): null

27-11-2024T10:41:38 - [TEST_STEP][PASSED] - Script1718980020443.WriteToExcelNoData(a, typeOfData, todaysDate, fileInt, fileDouble, dZO): null

27-11-2024T10:41:38 - [TEST_STEP][PASSED] - sheetName = "Sheet1": null

27-11-2024T10:41:38 - [TEST_STEP][PASSED] - data = findTestData("PlanFact"): null

27-11-2024T10:41:38 - [TEST_STEP][PASSED] - n = data.getRowNumbers() + 1: null

27-11-2024T10:41:38 - [TEST_STEP][PASSED] - year = todaysDate.substring(todaysDate.length() - 4, todaysDate.length()): null

27-11-2024T10:41:38 - [TEST_STEP][PASSED] - y = year.toInteger(): null

27-11-2024T10:41:38 - [TEST_STEP][PASSED] - m = getText(findTestObject("Выполнение бизнес-плана/Период")): Text of object 'Object Repository/Выполнение бизнес-плана/Период' is: '1, 2, 3 кв. 2024 года'

27-11-2024T10:41:38 - [MESSAGE][PASSED] - Text of object 'Object Repository/Выполнение бизнес-плана/Период' is: '1, 2, 3 кв. 2024 года'

27-11-2024T10:41:38 - [TEST_STEP][PASSED] - m = m.substring(0, m.indexOf("2024")): null

27-11-2024T10:41:38 - [TEST_STEP][PASSED] - m = m.trim(): null

27-11-2024T10:41:38 - [TEST_STEP][PASSED] - dashboardName = "Выполнение бизнес-плана": null

27-11-2024T10:41:38 - [TEST_STEP][PASSED] - workbook01 = getWorkbook(excelFilePath): null

27-11-2024T10:41:38 - [TEST_STEP][PASSED] - sheet01 = getExcelSheet(workbook01, sheetName): null

27-11-2024T10:41:38 - [TEST_STEP][PASSED] - setValueToCellByIndex(sheet01, n, 0, dashboardName): null

27-11-2024T10:41:38 - [TEST_STEP][PASSED] - setValueToCellByIndex(sheet01, n, 1, dZO): null

27-11-2024T10:41:38 - [TEST_STEP][PASSED] - setValueToCellByIndex(sheet01, n, 2, typeOfData): null

27-11-2024T10:41:38 - [TEST_STEP][PASSED] - if (typeOfData == "Факт в процентах" || typeOfData == "План в процентах"): null

27-11-2024T10:41:38 - [TEST_STEP][PASSED] - setValueToCellByIndex(sheet01, n, 3, fileDouble): null

27-11-2024T10:41:38 - [TEST_STEP][PASSED] - setValueToCellByIndex(sheet01, n, 4, "нет данных"): null

27-11-2024T10:41:38 - [TEST_STEP][PASSED] - setValueToCellByIndex(sheet01, n, 5, m): null

27-11-2024T10:41:38 - [TEST_STEP][PASSED] - setValueToCellByIndex(sheet01, n, 6, y): null

27-11-2024T10:41:38 - [TEST_STEP][PASSED] - setValueToCellByIndex(sheet01, n, 7, todaysDate): null

27-11-2024T10:41:38 - [TEST_STEP][PASSED] - n = n + 1: null

27-11-2024T10:41:38 - [TEST_STEP][PASSED] - saveWorkbook(excelFilePath, workbook01): null

27-11-2024T10:41:39 - [TEST_STEP][PASSED] - println(dzoNum): null

27-11-2024T10:41:39 - [TEST_STEP][PASSED] - closeBrowser(): Browser is closed

27-11-2024T10:41:39 - [MESSAGE][PASSED] - Browser is closed]]></system-out>
         <system-err><![CDATA[27-11-2024T10:26:04 - [TEST_CASE][FAILED] - Test Cases/Выполнение бизнес-плана/Выполнение бизнес-плана Сверка ПАО Россети все филиалы: Test Cases/Выполнение бизнес-плана/Выполнение бизнес-плана Сверка ПАО Россети все филиалы FAILED.
Reason:
com.kms.katalon.core.exception.StepFailedException: Unable to verify equal between actual object '6' and expected object '0' (Root cause: com.kms.katalon.core.exception.StepFailedException: Actual object '6' and expected object '0' are not equal
	at com.kms.katalon.core.keyword.builtin.VerifyEqualKeyword$_verifyEqual_closure1.doCall(VerifyEqualKeyword.groovy:58)
	at com.kms.katalon.core.keyword.builtin.VerifyEqualKeyword$_verifyEqual_closure1.call(VerifyEqualKeyword.groovy)
	at com.kms.katalon.core.keyword.internal.KeywordMain.runKeyword(KeywordMain.groovy:75)
	at com.kms.katalon.core.keyword.builtin.VerifyEqualKeyword.verifyEqual(VerifyEqualKeyword.groovy:63)
	at com.kms.katalon.core.keyword.builtin.VerifyEqualKeyword.execute(VerifyEqualKeyword.groovy:44)
	at com.kms.katalon.core.keyword.internal.KeywordExecutor.executeKeywordForPlatform(KeywordExecutor.groovy:74)
	at com.kms.katalon.core.keyword.BuiltinKeywords.verifyEqual(BuiltinKeywords.groovy:146)
	at java.base/jdk.internal.reflect.NativeMethodAccessorImpl.invoke0(Native Method)
	at java.base/jdk.internal.reflect.NativeMethodAccessorImpl.invoke(NativeMethodAccessorImpl.java:77)
	at java.base/jdk.internal.reflect.DelegatingMethodAccessorImpl.invoke(DelegatingMethodAccessorImpl.java:43)
	at Выполнение бизнес-плана Сверка ПАО Россети все филиалы.Numbers(Выполнение бизнес-плана Сверка ПАО Россети все филиалы:740)
	at Выполнение бизнес-плана Сверка ПАО Россети все филиалы.run(Выполнение бизнес-плана Сверка ПАО Россети все филиалы:189)
	at com.kms.katalon.core.main.ScriptEngine.run(ScriptEngine.java:194)
	at com.kms.katalon.core.main.ScriptEngine.runScriptAsRawText(ScriptEngine.java:119)
	at com.kms.katalon.core.main.TestCaseExecutor.runScript(TestCaseExecutor.java:448)
	at com.kms.katalon.core.main.TestCaseExecutor.doExecute(TestCaseExecutor.java:439)
	at com.kms.katalon.core.main.TestCaseExecutor.processExecutionPhase(TestCaseExecutor.java:418)
	at com.kms.katalon.core.main.TestCaseExecutor.accessMainPhase(TestCaseExecutor.java:410)
	at com.kms.katalon.core.main.TestCaseExecutor.execute(TestCaseExecutor.java:285)
	at com.kms.katalon.core.common.CommonExecutor.accessTestCaseMainPhase(CommonExecutor.java:65)
	at com.kms.katalon.core.main.TestSuiteExecutor.accessTestSuiteMainPhase(TestSuiteExecutor.java:150)
	at com.kms.katalon.core.main.TestSuiteExecutor.execute(TestSuiteExecutor.java:106)
	at com.kms.katalon.core.main.TestCaseMain.startTestSuite(TestCaseMain.java:180)
	at TempTestSuite1732692359995.run(TempTestSuite1732692359995.groovy:35)
	at java.base/jdk.internal.reflect.NativeMethodAccessorImpl.invoke0(Native Method)
	at java.base/jdk.internal.reflect.NativeMethodAccessorImpl.invoke(NativeMethodAccessorImpl.java:77)
	at java.base/jdk.internal.reflect.DelegatingMethodAccessorImpl.invoke(DelegatingMethodAccessorImpl.java:43)
)
	at com.kms.katalon.core.keyword.internal.KeywordMain.stepFailed(KeywordMain.groovy:39)
	at com.kms.katalon.core.keyword.internal.KeywordMain.stepFailed(KeywordMain.groovy)
	at com.kms.katalon.core.keyword.internal.KeywordMain.runKeyword(KeywordMain.groovy:77)
	at com.kms.katalon.core.keyword.builtin.VerifyEqualKeyword.verifyEqual(VerifyEqualKeyword.groovy:63)
	at com.kms.katalon.core.keyword.builtin.VerifyEqualKeyword.execute(VerifyEqualKeyword.groovy:44)
	at com.kms.katalon.core.keyword.internal.KeywordExecutor.executeKeywordForPlatform(KeywordExecutor.groovy:74)
	at com.kms.katalon.core.keyword.BuiltinKeywords.verifyEqual(BuiltinKeywords.groovy:146)
	at java.base/jdk.internal.reflect.NativeMethodAccessorImpl.invoke0(Native Method)
	at java.base/jdk.internal.reflect.NativeMethodAccessorImpl.invoke(NativeMethodAccessorImpl.java:77)
	at java.base/jdk.internal.reflect.DelegatingMethodAccessorImpl.invoke(DelegatingMethodAccessorImpl.java:43)
	at Выполнение бизнес-плана Сверка ПАО Россети все филиалы.Numbers(Выполнение бизнес-плана Сверка ПАО Россети все филиалы:740)
	at Выполнение бизнес-плана Сверка ПАО Россети все филиалы.run(Выполнение бизнес-плана Сверка ПАО Россети все филиалы:189)
	at com.kms.katalon.core.main.ScriptEngine.run(ScriptEngine.java:194)
	at com.kms.katalon.core.main.ScriptEngine.runScriptAsRawText(ScriptEngine.java:119)
	at com.kms.katalon.core.main.TestCaseExecutor.runScript(TestCaseExecutor.java:448)
	at com.kms.katalon.core.main.TestCaseExecutor.doExecute(TestCaseExecutor.java:439)
	at com.kms.katalon.core.main.TestCaseExecutor.processExecutionPhase(TestCaseExecutor.java:418)
	at com.kms.katalon.core.main.TestCaseExecutor.accessMainPhase(TestCaseExecutor.java:410)
	at com.kms.katalon.core.main.TestCaseExecutor.execute(TestCaseExecutor.java:285)
	at com.kms.katalon.core.common.CommonExecutor.accessTestCaseMainPhase(CommonExecutor.java:65)
	at com.kms.katalon.core.main.TestSuiteExecutor.accessTestSuiteMainPhase(TestSuiteExecutor.java:150)
	at com.kms.katalon.core.main.TestSuiteExecutor.execute(TestSuiteExecutor.java:106)
	at com.kms.katalon.core.main.TestCaseMain.startTestSuite(TestCaseMain.java:180)
	at TempTestSuite1732692359995.run(TempTestSuite1732692359995.groovy:35)
	at java.base/jdk.internal.reflect.NativeMethodAccessorImpl.invoke0(Native Method)
	at java.base/jdk.internal.reflect.NativeMethodAccessorImpl.invoke(NativeMethodAccessorImpl.java:77)
	at java.base/jdk.internal.reflect.DelegatingMethodAccessorImpl.invoke(DelegatingMethodAccessorImpl.java:43)
Caused by: com.kms.katalon.core.exception.StepFailedException: Actual object '6' and expected object '0' are not equal
	at com.kms.katalon.core.keyword.builtin.VerifyEqualKeyword$_verifyEqual_closure1.doCall(VerifyEqualKeyword.groovy:58)
	at com.kms.katalon.core.keyword.builtin.VerifyEqualKeyword$_verifyEqual_closure1.call(VerifyEqualKeyword.groovy)
	at com.kms.katalon.core.keyword.internal.KeywordMain.runKeyword(KeywordMain.groovy:75)
	... 24 more]]></system-err>
      </testcase>
      <system-out><![CDATA[27-11-2024T10:26:04 - [TEST_SUITE][FAILED] - Сверка с ПБЭ: Test Cases/Выполнение бизнес-плана/Выполнение бизнес-плана Сверка ПАО Россети все филиалы FAILED.
Reason:
com.kms.katalon.core.exception.StepFailedException: Unable to verify equal between actual object '6' and expected object '0' (Root cause: com.kms.katalon.core.exception.StepFailedException: Actual object '6' and expected object '0' are not equal
	at com.kms.katalon.core.keyword.builtin.VerifyEqualKeyword$_verifyEqual_closure1.doCall(VerifyEqualKeyword.groovy:58)
	at com.kms.katalon.core.keyword.builtin.VerifyEqualKeyword$_verifyEqual_closure1.call(VerifyEqualKeyword.groovy)
	at com.kms.katalon.core.keyword.internal.KeywordMain.runKeyword(KeywordMain.groovy:75)
	at com.kms.katalon.core.keyword.builtin.VerifyEqualKeyword.verifyEqual(VerifyEqualKeyword.groovy:63)
	at com.kms.katalon.core.keyword.builtin.VerifyEqualKeyword.execute(VerifyEqualKeyword.groovy:44)
	at com.kms.katalon.core.keyword.internal.KeywordExecutor.executeKeywordForPlatform(KeywordExecutor.groovy:74)
	at com.kms.katalon.core.keyword.BuiltinKeywords.verifyEqual(BuiltinKeywords.groovy:146)
	at java.base/jdk.internal.reflect.NativeMethodAccessorImpl.invoke0(Native Method)
	at java.base/jdk.internal.reflect.NativeMethodAccessorImpl.invoke(NativeMethodAccessorImpl.java:77)
	at java.base/jdk.internal.reflect.DelegatingMethodAccessorImpl.invoke(DelegatingMethodAccessorImpl.java:43)
	at Выполнение бизнес-плана Сверка ПАО Россети все филиалы.Numbers(Выполнение бизнес-плана Сверка ПАО Россети все филиалы:740)
	at Выполнение бизнес-плана Сверка ПАО Россети все филиалы.run(Выполнение бизнес-плана Сверка ПАО Россети все филиалы:189)
	at com.kms.katalon.core.main.ScriptEngine.run(ScriptEngine.java:194)
	at com.kms.katalon.core.main.ScriptEngine.runScriptAsRawText(ScriptEngine.java:119)
	at com.kms.katalon.core.main.TestCaseExecutor.runScript(TestCaseExecutor.java:448)
	at com.kms.katalon.core.main.TestCaseExecutor.doExecute(TestCaseExecutor.java:439)
	at com.kms.katalon.core.main.TestCaseExecutor.processExecutionPhase(TestCaseExecutor.java:418)
	at com.kms.katalon.core.main.TestCaseExecutor.accessMainPhase(TestCaseExecutor.java:410)
	at com.kms.katalon.core.main.TestCaseExecutor.execute(TestCaseExecutor.java:285)
	at com.kms.katalon.core.common.CommonExecutor.accessTestCaseMainPhase(CommonExecutor.java:65)
	at com.kms.katalon.core.main.TestSuiteExecutor.accessTestSuiteMainPhase(TestSuiteExecutor.java:150)
	at com.kms.katalon.core.main.TestSuiteExecutor.execute(TestSuiteExecutor.java:106)
	at com.kms.katalon.core.main.TestCaseMain.startTestSuite(TestCaseMain.java:180)
	at TempTestSuite1732692359995.run(TempTestSuite1732692359995.groovy:35)
	at java.base/jdk.internal.reflect.NativeMethodAccessorImpl.invoke0(Native Method)
	at java.base/jdk.internal.reflect.NativeMethodAccessorImpl.invoke(NativeMethodAccessorImpl.java:77)
	at java.base/jdk.internal.reflect.DelegatingMethodAccessorImpl.invoke(DelegatingMethodAccessorImpl.java:43)
)
	at com.kms.katalon.core.keyword.internal.KeywordMain.stepFailed(KeywordMain.groovy:39)
	at com.kms.katalon.core.keyword.internal.KeywordMain.stepFailed(KeywordMain.groovy)
	at com.kms.katalon.core.keyword.internal.KeywordMain.runKeyword(KeywordMain.groovy:77)
	at com.kms.katalon.core.keyword.builtin.VerifyEqualKeyword.verifyEqual(VerifyEqualKeyword.groovy:63)
	at com.kms.katalon.core.keyword.builtin.VerifyEqualKeyword.execute(VerifyEqualKeyword.groovy:44)
	at com.kms.katalon.core.keyword.internal.KeywordExecutor.executeKeywordForPlatform(KeywordExecutor.groovy:74)
	at com.kms.katalon.core.keyword.BuiltinKeywords.verifyEqual(BuiltinKeywords.groovy:146)
	at java.base/jdk.internal.reflect.NativeMethodAccessorImpl.invoke0(Native Method)
	at java.base/jdk.internal.reflect.NativeMethodAccessorImpl.invoke(NativeMethodAccessorImpl.java:77)
	at java.base/jdk.internal.reflect.DelegatingMethodAccessorImpl.invoke(DelegatingMethodAccessorImpl.java:43)
	at Выполнение бизнес-плана Сверка ПАО Россети все филиалы.Numbers(Выполнение бизнес-плана Сверка ПАО Россети все филиалы:740)
	at Выполнение бизнес-плана Сверка ПАО Россети все филиалы.run(Выполнение бизнес-плана Сверка ПАО Россети все филиалы:189)
	at com.kms.katalon.core.main.ScriptEngine.run(ScriptEngine.java:194)
	at com.kms.katalon.core.main.ScriptEngine.runScriptAsRawText(ScriptEngine.java:119)
	at com.kms.katalon.core.main.TestCaseExecutor.runScript(TestCaseExecutor.java:448)
	at com.kms.katalon.core.main.TestCaseExecutor.doExecute(TestCaseExecutor.java:439)
	at com.kms.katalon.core.main.TestCaseExecutor.processExecutionPhase(TestCaseExecutor.java:418)
	at com.kms.katalon.core.main.TestCaseExecutor.accessMainPhase(TestCaseExecutor.java:410)
	at com.kms.katalon.core.main.TestCaseExecutor.execute(TestCaseExecutor.java:285)
	at com.kms.katalon.core.common.CommonExecutor.accessTestCaseMainPhase(CommonExecutor.java:65)
	at com.kms.katalon.core.main.TestSuiteExecutor.accessTestSuiteMainPhase(TestSuiteExecutor.java:150)
	at com.kms.katalon.core.main.TestSuiteExecutor.execute(TestSuiteExecutor.java:106)
	at com.kms.katalon.core.main.TestCaseMain.startTestSuite(TestCaseMain.java:180)
	at TempTestSuite1732692359995.run(TempTestSuite1732692359995.groovy:35)
	at java.base/jdk.internal.reflect.NativeMethodAccessorImpl.invoke0(Native Method)
	at java.base/jdk.internal.reflect.NativeMethodAccessorImpl.invoke(NativeMethodAccessorImpl.java:77)
	at java.base/jdk.internal.reflect.DelegatingMethodAccessorImpl.invoke(DelegatingMethodAccessorImpl.java:43)
Caused by: com.kms.katalon.core.exception.StepFailedException: Actual object '6' and expected object '0' are not equal
	at com.kms.katalon.core.keyword.builtin.VerifyEqualKeyword$_verifyEqual_closure1.doCall(VerifyEqualKeyword.groovy:58)
	at com.kms.katalon.core.keyword.builtin.VerifyEqualKeyword$_verifyEqual_closure1.call(VerifyEqualKeyword.groovy)
	at com.kms.katalon.core.keyword.internal.KeywordMain.runKeyword(KeywordMain.groovy:75)
	... 24 more]]></system-out>
      <system-err><![CDATA[27-11-2024T10:26:04 - [TEST_SUITE][FAILED] - Сверка с ПБЭ: Test Cases/Выполнение бизнес-плана/Выполнение бизнес-плана Сверка ПАО Россети все филиалы FAILED.
Reason:
com.kms.katalon.core.exception.StepFailedException: Unable to verify equal between actual object '6' and expected object '0' (Root cause: com.kms.katalon.core.exception.StepFailedException: Actual object '6' and expected object '0' are not equal
	at com.kms.katalon.core.keyword.builtin.VerifyEqualKeyword$_verifyEqual_closure1.doCall(VerifyEqualKeyword.groovy:58)
	at com.kms.katalon.core.keyword.builtin.VerifyEqualKeyword$_verifyEqual_closure1.call(VerifyEqualKeyword.groovy)
	at com.kms.katalon.core.keyword.internal.KeywordMain.runKeyword(KeywordMain.groovy:75)
	at com.kms.katalon.core.keyword.builtin.VerifyEqualKeyword.verifyEqual(VerifyEqualKeyword.groovy:63)
	at com.kms.katalon.core.keyword.builtin.VerifyEqualKeyword.execute(VerifyEqualKeyword.groovy:44)
	at com.kms.katalon.core.keyword.internal.KeywordExecutor.executeKeywordForPlatform(KeywordExecutor.groovy:74)
	at com.kms.katalon.core.keyword.BuiltinKeywords.verifyEqual(BuiltinKeywords.groovy:146)
	at java.base/jdk.internal.reflect.NativeMethodAccessorImpl.invoke0(Native Method)
	at java.base/jdk.internal.reflect.NativeMethodAccessorImpl.invoke(NativeMethodAccessorImpl.java:77)
	at java.base/jdk.internal.reflect.DelegatingMethodAccessorImpl.invoke(DelegatingMethodAccessorImpl.java:43)
	at Выполнение бизнес-плана Сверка ПАО Россети все филиалы.Numbers(Выполнение бизнес-плана Сверка ПАО Россети все филиалы:740)
	at Выполнение бизнес-плана Сверка ПАО Россети все филиалы.run(Выполнение бизнес-плана Сверка ПАО Россети все филиалы:189)
	at com.kms.katalon.core.main.ScriptEngine.run(ScriptEngine.java:194)
	at com.kms.katalon.core.main.ScriptEngine.runScriptAsRawText(ScriptEngine.java:119)
	at com.kms.katalon.core.main.TestCaseExecutor.runScript(TestCaseExecutor.java:448)
	at com.kms.katalon.core.main.TestCaseExecutor.doExecute(TestCaseExecutor.java:439)
	at com.kms.katalon.core.main.TestCaseExecutor.processExecutionPhase(TestCaseExecutor.java:418)
	at com.kms.katalon.core.main.TestCaseExecutor.accessMainPhase(TestCaseExecutor.java:410)
	at com.kms.katalon.core.main.TestCaseExecutor.execute(TestCaseExecutor.java:285)
	at com.kms.katalon.core.common.CommonExecutor.accessTestCaseMainPhase(CommonExecutor.java:65)
	at com.kms.katalon.core.main.TestSuiteExecutor.accessTestSuiteMainPhase(TestSuiteExecutor.java:150)
	at com.kms.katalon.core.main.TestSuiteExecutor.execute(TestSuiteExecutor.java:106)
	at com.kms.katalon.core.main.TestCaseMain.startTestSuite(TestCaseMain.java:180)
	at TempTestSuite1732692359995.run(TempTestSuite1732692359995.groovy:35)
	at java.base/jdk.internal.reflect.NativeMethodAccessorImpl.invoke0(Native Method)
	at java.base/jdk.internal.reflect.NativeMethodAccessorImpl.invoke(NativeMethodAccessorImpl.java:77)
	at java.base/jdk.internal.reflect.DelegatingMethodAccessorImpl.invoke(DelegatingMethodAccessorImpl.java:43)
)
	at com.kms.katalon.core.keyword.internal.KeywordMain.stepFailed(KeywordMain.groovy:39)
	at com.kms.katalon.core.keyword.internal.KeywordMain.stepFailed(KeywordMain.groovy)
	at com.kms.katalon.core.keyword.internal.KeywordMain.runKeyword(KeywordMain.groovy:77)
	at com.kms.katalon.core.keyword.builtin.VerifyEqualKeyword.verifyEqual(VerifyEqualKeyword.groovy:63)
	at com.kms.katalon.core.keyword.builtin.VerifyEqualKeyword.execute(VerifyEqualKeyword.groovy:44)
	at com.kms.katalon.core.keyword.internal.KeywordExecutor.executeKeywordForPlatform(KeywordExecutor.groovy:74)
	at com.kms.katalon.core.keyword.BuiltinKeywords.verifyEqual(BuiltinKeywords.groovy:146)
	at java.base/jdk.internal.reflect.NativeMethodAccessorImpl.invoke0(Native Method)
	at java.base/jdk.internal.reflect.NativeMethodAccessorImpl.invoke(NativeMethodAccessorImpl.java:77)
	at java.base/jdk.internal.reflect.DelegatingMethodAccessorImpl.invoke(DelegatingMethodAccessorImpl.java:43)
	at Выполнение бизнес-плана Сверка ПАО Россети все филиалы.Numbers(Выполнение бизнес-плана Сверка ПАО Россети все филиалы:740)
	at Выполнение бизнес-плана Сверка ПАО Россети все филиалы.run(Выполнение бизнес-плана Сверка ПАО Россети все филиалы:189)
	at com.kms.katalon.core.main.ScriptEngine.run(ScriptEngine.java:194)
	at com.kms.katalon.core.main.ScriptEngine.runScriptAsRawText(ScriptEngine.java:119)
	at com.kms.katalon.core.main.TestCaseExecutor.runScript(TestCaseExecutor.java:448)
	at com.kms.katalon.core.main.TestCaseExecutor.doExecute(TestCaseExecutor.java:439)
	at com.kms.katalon.core.main.TestCaseExecutor.processExecutionPhase(TestCaseExecutor.java:418)
	at com.kms.katalon.core.main.TestCaseExecutor.accessMainPhase(TestCaseExecutor.java:410)
	at com.kms.katalon.core.main.TestCaseExecutor.execute(TestCaseExecutor.java:285)
	at com.kms.katalon.core.common.CommonExecutor.accessTestCaseMainPhase(CommonExecutor.java:65)
	at com.kms.katalon.core.main.TestSuiteExecutor.accessTestSuiteMainPhase(TestSuiteExecutor.java:150)
	at com.kms.katalon.core.main.TestSuiteExecutor.execute(TestSuiteExecutor.java:106)
	at com.kms.katalon.core.main.TestCaseMain.startTestSuite(TestCaseMain.java:180)
	at TempTestSuite1732692359995.run(TempTestSuite1732692359995.groovy:35)
	at java.base/jdk.internal.reflect.NativeMethodAccessorImpl.invoke0(Native Method)
	at java.base/jdk.internal.reflect.NativeMethodAccessorImpl.invoke(NativeMethodAccessorImpl.java:77)
	at java.base/jdk.internal.reflect.DelegatingMethodAccessorImpl.invoke(DelegatingMethodAccessorImpl.java:43)
Caused by: com.kms.katalon.core.exception.StepFailedException: Actual object '6' and expected object '0' are not equal
	at com.kms.katalon.core.keyword.builtin.VerifyEqualKeyword$_verifyEqual_closure1.doCall(VerifyEqualKeyword.groovy:58)
	at com.kms.katalon.core.keyword.builtin.VerifyEqualKeyword$_verifyEqual_closure1.call(VerifyEqualKeyword.groovy)
	at com.kms.katalon.core.keyword.internal.KeywordMain.runKeyword(KeywordMain.groovy:75)
	... 24 more]]></system-err>
   </testsuite>
</testsuites>
